[I 2026-04-13 13:03:39,890] Trial 4 finished with value: 0.5 and parameters: {'n_estimators': 100, 'max_depth': 5, 'gamma': 0.816017102586079, 'subsample': 0.5160040782128984, 'colsample_bytree': 0.7277239110529665}. Best is trial 1 with value: 0.5.
[I 2026-04-13 13:03:39,916] Trial 5 finished with value: 0.5 and parameters: {'n_estimators': 40, 'max_depth': 20, 'gamma': 0.6643500821697236, 'subsample': 0.6076588997363731, 'colsample_bytree': 0.5754850538287481}. Best is trial 1 with value: 0.5.
[I 2026-04-13 13:03:39,952] Trial 6 finished with value: 0.45 and parameters: {'n_estimators': 100, 'max_depth': 20, 'gamma': 0.6361752212866232, 'subsample': 0.8309913561372338, 'colsample_bytree': 0.7552902276266351}. Best is trial 1 with value: 0.5.
[I 2026-04-13 13:03:39,978] Trial 7 finished with value: 0.45 and parameters: {'n_estimators': 10, 'max_depth': 5, 'gamma': 0.5767347850317142, 'subsample': 0.7995431264700696, 'colsample_bytree': 0.8604622333437917}. Best is trial 1 with value: 0.5.
[I 2026-04-13 13:03:40,025] Trial 8 finished with value: 0.4 and parameters: {'n_estimators': 100, 'max_depth': 20, 'gamma': 0.8470554948938058, 'subsample': 0.860339005739911, 'colsample_bytree': 0.9331308414408237}. Best is trial 1 with value: 0.5.
[I 2026-04-13 13:03:40,062] Trial 9 finished with value: 0.5 and parameters: {'n_estimators': 100, 'max_depth': 30, 'gamma': 0.574951454577921, 'subsample': 0.9696020680119358, 'colsample_bytree': 0.8616917074936369}. Best is trial 1 with value: 0.5.
[I 2026-04-13 13:03:40,107] Trial 10 finished with value: 0.45 and parameters: {'n_estimators': 40, 'max_depth': 5, 'gamma': 0.32359117507032664, 'subsample': 0.6830443145605672, 'colsample_bytree': 0.9880791395471188}. Best is trial 1 with value: 0.5.
[I 2026-04-13 13:03:40,146] Trial 11 finished with value: 0.55 and parameters: {'n_estimators': 40, 'max_depth': 30, 'gamma': 0.9894607367239925, 'subsample': 0.9936863886710298, 'colsample_bytree': 0.5823192658147484}. Best is trial 11 with value: 0.55.
[I 2026-04-13 13:03:40,183] Trial 12 finished with value: 0.5 and parameters: {'n_estimators': 40, 'max_depth': 30, 'gamma': 0.9738892144312379, 'subsample': 0.8962176793246454, 'colsample_bytree': 0.5024774401593501}. Best is trial 11 with value: 0.55.
[I 2026-04-13 13:03:40,231] Trial 13 finished with value: 0.45 and parameters: {'n_estimators': 40, 'max_depth': 30, 'gamma': 0.37875445689128995, 'subsample': 0.7266937268227642, 'colsample_bytree': 0.6133715194433098}. Best is trial 11 with value: 0.55.
[I 2026-04-13 13:03:40,265] Trial 14 finished with value: 0.5 and parameters: {'n_estimators': 40, 'max_depth': 30, 'gamma': 0.389490776632079, 'subsample': 0.6034379063125498, 'colsample_bytree': 0.8369057406521745}. Best is trial 11 with value: 0.55.
[I 2026-04-13 13:03:40,308] Trial 15 finished with value: 0.6 and parameters: {'n_estimators': 40, 'max_depth': 5, 'gamma': 0.9662442036498465, 'subsample': 0.5009078887277232, 'colsample_bytree': 0.5174366017653265}. Best is trial 15 with value: 0.6.
[I 2026-04-13 13:03:40,354] Trial 16 finished with value: 0.6 and parameters: {'n_estimators': 40, 'max_depth': 30, 'gamma': 0.9979933082524133, 'subsample': 0.5012506053110111, 'colsample_bytree': 0.506957598966431}. Best is trial 15 with value: 0.6.
[I 2026-04-13 13:03:40,387] Trial 17 finished with value: 0.45 and parameters: {'n_estimators': 10, 'max_depth': 5, 'gamma': 0.8976022410759374, 'subsample': 0.512715402175818, 'colsample_bytree': 0.5089419037890782}. Best is trial 15 with value: 0.6.
[I 2026-04-13 13:03:40,434] Trial 18 finished with value: 0.4 and parameters: {'n_estimators': 40, 'max_depth': 30, 'gamma': 0.7518905473862458, 'subsample': 0.5518837617360269, 'colsample_bytree': 0.5570737059514117}. Best is trial 15 with value: 0.6.
[I 2026-04-13 13:03:40,485] Trial 19 finished with value: 0.45 and parameters: {'n_estimators': 40, 'max_depth': 20, 'gamma': 0.9154732522764453, 'subsample': 0.5524580632338741, 'colsample_bytree': 0.6319725061725031}. Best is trial 15 with value: 0.6.
[I 2026-04-13 13:03:40,523] Trial 20 finished with value: 0.5 and parameters: {'n_estimators': 10, 'max_depth': 30, 'gamma': 0.11546680719474106, 'subsample': 0.7662437331234176, 'colsample_bytree': 0.5415318640958657}. Best is trial 15 with value: 0.6.
[I 2026-04-13 13:03:40,562] Trial 21 finished with value: 0.6 and parameters: {'n_estimators': 40, 'max_depth': 30, 'gamma': 0.9918899553544928, 'subsample': 0.9059153066758995, 'colsample_bytree': 0.5920398895509968}. Best is trial 15 with value: 0.6.
[I 2026-04-13 13:03:40,611] Trial 22 finished with value: 0.5 and parameters: {'n_estimators': 40, 'max_depth': 30, 'gamma': 0.9358316294102893, 'subsample': 0.8906660438200488, 'colsample_bytree': 0.532158933158479}. Best is trial 15 with value: 0.6.
[I 2026-04-13 13:03:40,657] Trial 23 finished with value: 0.5 and parameters: {'n_estimators': 40, 'max_depth': 30, 'gamma': 0.9953182577057711, 'subsample': 0.5643930896910674, 'colsample_bytree': 0.6086480551735891}. Best is trial 15 with value: 0.6.
[I 2026-04-13 13:03:40,691] Trial 24 finished with value: 0.45 and parameters: {'n_estimators': 40, 'max_depth': 30, 'gamma': 0.7199565169553733, 'subsample': 0.9266123964982078, 'colsample_bytree': 0.6683258117875432}. Best is trial 15 with value: 0.6.
[I 2026-04-13 13:03:40,732] Trial 25 finished with value: 0.6 and parameters: {'n_estimators': 40, 'max_depth': 5, 'gamma': 0.8267363094403225, 'subsample': 0.5043910794893608, 'colsample_bytree': 0.5027251279330807}. Best is trial 15 with value: 0.6.
[I 2026-04-13 13:03:40,789] Trial 26 finished with value: 0.5 and parameters: {'n_estimators': 40, 'max_depth': 30, 'gamma': 0.8940500391830197, 'subsample': 0.6629118788137719, 'colsample_bytree': 0.5832089333543663}. Best is trial 15 with value: 0.6.
[I 2026-04-13 13:03:40,827] Trial 27 finished with value: 0.5 and parameters: {'n_estimators': 40, 'max_depth': 30, 'gamma': 0.8742645016394801, 'subsample': 0.7731352622470923, 'colsample_bytree': 0.5390953402578184}. Best is trial 15 with value: 0.6.
[I 2026-04-13 13:03:40,866] Trial 28 finished with value: 0.5 and parameters: {'n_estimators': 10, 'max_depth': 20, 'gamma': 0.7200424964491744, 'subsample': 0.5770387998200791, 'colsample_bytree': 0.6405209121379698}. Best is trial 15 with value: 0.6.
[I 2026-04-13 13:03:40,904] Trial 29 finished with value: 0.45 and parameters: {'n_estimators': 40, 'max_depth': 5, 'gamma': 0.9517229029601287, 'subsample': 0.7008604513036845, 'colsample_bytree': 0.790465766610629}. Best is trial 15 with value: 0.6.
[I 2026-04-13 13:03:40,992] A new study created in memory with name: rf
[I 2026-04-13 13:03:41,560] Trial 0 finished with value: 0.55 and parameters: {'n_estimators': 450, 'max_depth': 20, 'min_samples_split': 9, 'min_samples_leaf': 6}. Best is trial 0 with value: 0.55.
[I 2026-04-13 13:03:41,807] Trial 1 finished with value: 0.5 and parameters: {'n_estimators': 193, 'max_depth': 3, 'min_samples_split': 5, 'min_samples_leaf': 5}. Best is trial 0 with value: 0.55.
[I 2026-04-13 13:03:42,285] Trial 2 finished with value: 0.55 and parameters: {'n_estimators': 309, 'max_depth': 11, 'min_samples_split': 6, 'min_samples_leaf': 6}. Best is trial 0 with value: 0.55.
[I 2026-04-13 13:03:42,814] Trial 3 finished with value: 0.55 and parameters: {'n_estimators': 405, 'max_depth': 15, 'min_samples_split': 7, 'min_samples_leaf': 5}. Best is trial 0 with value: 0.55.
[I 2026-04-13 13:03:43,050] Trial 4 finished with value: 0.45 and parameters: {'n_estimators': 215, 'max_depth': 20, 'min_samples_split': 5, 'min_samples_leaf': 3}. Best is trial 0 with value: 0.55.
[I 2026-04-13 13:03:43,291] Trial 5 finished with value: 0.5 and parameters: {'n_estimators': 126, 'max_depth': 20, 'min_samples_split': 3, 'min_samples_leaf': 4}. Best is trial 0 with value: 0.55.
[I 2026-04-13 13:03:43,468] Trial 6 finished with value: 0.5 and parameters: {'n_estimators': 128, 'max_depth': 7, 'min_samples_split': 5, 'min_samples_leaf': 9}. Best is trial 0 with value: 0.55.
[I 2026-04-13 13:03:43,776] Trial 7 finished with value: 0.5 and parameters: {'n_estimators': 238, 'max_depth': 20, 'min_samples_split': 2, 'min_samples_leaf': 4}. Best is trial 0 with value: 0.55.
[I 2026-04-13 13:03:44,125] Trial 8 finished with value: 0.55 and parameters: {'n_estimators': 252, 'max_depth': 16, 'min_samples_split': 10, 'min_samples_leaf': 4}. Best is trial 0 with value: 0.55.
[I 2026-04-13 13:03:44,505] Trial 9 finished with value: 0.5 and parameters: {'n_estimators': 273, 'max_depth': 7, 'min_samples_split': 9, 'min_samples_leaf': 7}. Best is trial 0 with value: 0.55.
[I 2026-04-13 13:03:45,291] Trial 10 finished with value: 0.5 and parameters: {'n_estimators': 498, 'max_depth': 15, 'min_samples_split': 8, 'min_samples_leaf': 10}. Best is trial 0 with value: 0.55.
[I 2026-04-13 13:03:46,313] Trial 11 finished with value: 0.5 and parameters: {'n_estimators': 363, 'max_depth': 11, 'min_samples_split': 7, 'min_samples_leaf': 1}. Best is trial 0 with value: 0.55.
[I 2026-04-13 13:03:46,957] Trial 12 finished with value: 0.5 and parameters: {'n_estimators': 351, 'max_depth': 10, 'min_samples_split': 10, 'min_samples_leaf': 7}. Best is trial 0 with value: 0.55.
[I 2026-04-13 13:03:47,544] Trial 13 finished with value: 0.5 and parameters: {'n_estimators': 489, 'max_depth': 13, 'min_samples_split': 7, 'min_samples_leaf': 7}. Best is trial 0 with value: 0.55.
[I 2026-04-13 13:03:48,060] Trial 14 finished with value: 0.5 and parameters: {'n_estimators': 433, 'max_depth': 8, 'min_samples_split': 4, 'min_samples_leaf': 8}. Best is trial 0 with value: 0.55.
[I 2026-04-13 13:03:48,529] Trial 15 finished with value: 0.5 and parameters: {'n_estimators': 317, 'max_depth': 17, 'min_samples_split': 8, 'min_samples_leaf': 6}. Best is trial 0 with value: 0.55.
[I 2026-04-13 13:03:49,036] Trial 16 finished with value: 0.45 and parameters: {'n_estimators': 429, 'max_depth': 13, 'min_samples_split': 6, 'min_samples_leaf': 2}. Best is trial 0 with value: 0.55.
[I 2026-04-13 13:03:49,494] Trial 17 finished with value: 0.55 and parameters: {'n_estimators': 301, 'max_depth': 5, 'min_samples_split': 9, 'min_samples_leaf': 6}. Best is trial 0 with value: 0.55.
[I 2026-04-13 13:03:50,011] Trial 18 finished with value: 0.5 and parameters: {'n_estimators': 369, 'max_depth': 9, 'min_samples_split': 6, 'min_samples_leaf': 8}. Best is trial 0 with value: 0.55.
[I 2026-04-13 13:03:50,676] Trial 19 finished with value: 0.5 and parameters: {'n_estimators': 453, 'max_depth': 18, 'min_samples_split': 8, 'min_samples_leaf': 10}. Best is trial 0 with value: 0.55.
[I 2026-04-13 13:03:50,935] Trial 20 finished with value: 0.5 and parameters: {'n_estimators': 161, 'max_depth': 13, 'min_samples_split': 4, 'min_samples_leaf': 8}. Best is trial 0 with value: 0.55.
[I 2026-04-13 13:03:51,460] Trial 21 finished with value: 0.55 and parameters: {'n_estimators': 410, 'max_depth': 15, 'min_samples_split': 7, 'min_samples_leaf': 5}. Best is trial 0 with value: 0.55.
[I 2026-04-13 13:03:51,985] Trial 22 finished with value: 0.55 and parameters: {'n_estimators': 396, 'max_depth': 14, 'min_samples_split': 6, 'min_samples_leaf': 6}. Best is trial 0 with value: 0.55.
[I 2026-04-13 13:03:52,515] Trial 23 finished with value: 0.55 and parameters: {'n_estimators': 460, 'max_depth': 17, 'min_samples_split': 9, 'min_samples_leaf': 5}. Best is trial 0 with value: 0.55.
[I 2026-04-13 13:03:52,960] Trial 24 finished with value: 0.45 and parameters: {'n_estimators': 324, 'max_depth': 18, 'min_samples_split': 7, 'min_samples_leaf': 3}. Best is trial 0 with value: 0.55.
[I 2026-04-13 13:03:53,450] Trial 25 finished with value: 0.55 and parameters: {'n_estimators': 387, 'max_depth': 11, 'min_samples_split': 8, 'min_samples_leaf': 6}. Best is trial 0 with value: 0.55.
[I 2026-04-13 13:03:53,997] Trial 26 finished with value: 0.5 and parameters: {'n_estimators': 460, 'max_depth': 12, 'min_samples_split': 6, 'min_samples_leaf': 7}. Best is trial 0 with value: 0.55.
[I 2026-04-13 13:03:54,474] Trial 27 finished with value: 0.55 and parameters: {'n_estimators': 339, 'max_depth': 18, 'min_samples_split': 9, 'min_samples_leaf': 5}. Best is trial 0 with value: 0.55.
[I 2026-04-13 13:03:54,849] Trial 28 finished with value: 0.5 and parameters: {'n_estimators': 278, 'max_depth': 10, 'min_samples_split': 10, 'min_samples_leaf': 3}. Best is trial 0 with value: 0.55.
[I 2026-04-13 13:03:55,474] Trial 29 finished with value: 0.55 and parameters: {'n_estimators': 417, 'max_depth': 3, 'min_samples_split': 5, 'min_samples_leaf': 5}. Best is trial 0 with value: 0.55.
[I 2026-04-13 13:03:56,573] A new study created in memory with name: mlp
[I 2026-04-13 13:03:56,638] Trial 0 finished with value: 0.5 and parameters: {'hidden_layer_sizes': (200,), 'max_iter': 50, 'alpha': 0.001}. Best is trial 0 with value: 0.5.
[I 2026-04-13 13:03:56,706] Trial 1 finished with value: 0.5 and parameters: {'hidden_layer_sizes': (200,), 'max_iter': 50, 'alpha': 0.0001}. Best is trial 0 with value: 0.5.
[I 2026-04-13 13:03:56,753] Trial 2 finished with value: 0.5 and parameters: {'hidden_layer_sizes': (100,), 'max_iter': 50, 'alpha': 0.0001}. Best is trial 0 with value: 0.5.
[I 2026-04-13 13:03:56,841] Trial 3 finished with value: 0.5 and parameters: {'hidden_layer_sizes': (100,), 'max_iter': 100, 'alpha': 0.001}. Best is trial 0 with value: 0.5.
[I 2026-04-13 13:03:56,939] Trial 4 finished with value: 0.5 and parameters: {'hidden_layer_sizes': (200,), 'max_iter': 100, 'alpha': 0.001}. Best is trial 0 with value: 0.5.
[I 2026-04-13 13:03:56,997] Trial 5 finished with value: 0.55 and parameters: {'hidden_layer_sizes': (200,), 'max_iter': 50, 'alpha': 0.001}. Best is trial 5 with value: 0.55.
[I 2026-04-13 13:03:57,052] Trial 6 finished with value: 0.5 and parameters: {'hidden_layer_sizes': (100,), 'max_iter': 100, 'alpha': 0.0001}. Best is trial 5 with value: 0.55.
[I 2026-04-13 13:03:57,118] Trial 7 finished with value: 0.55 and parameters: {'hidden_layer_sizes': (100, 100), 'max_iter': 50, 'alpha': 0.0001}. Best is trial 5 with value: 0.55.
[I 2026-04-13 13:03:57,195] Trial 8 finished with value: 0.4 and parameters: {'hidden_layer_sizes': (100, 100), 'max_iter': 100, 'alpha': 0.0001}. Best is trial 5 with value: 0.55.
[I 2026-04-13 13:03:57,230] Trial 9 finished with value: 0.5 and parameters: {'hidden_layer_sizes': (100,), 'max_iter': 50, 'alpha': 0.001}. Best is trial 5 with value: 0.55.
[I 2026-04-13 13:03:57,289] Trial 10 finished with value: 0.55 and parameters: {'hidden_layer_sizes': (200,), 'max_iter': 50, 'alpha': 0.001}. Best is trial 5 with value: 0.55.
[I 2026-04-13 13:03:57,359] Trial 11 finished with value: 0.5 and parameters: {'hidden_layer_sizes': (100, 100), 'max_iter': 50, 'alpha': 0.0001}. Best is trial 5 with value: 0.55.
[I 2026-04-13 13:03:57,428] Trial 12 finished with value: 0.5 and parameters: {'hidden_layer_sizes': (100, 100), 'max_iter': 50, 'alpha': 0.0001}. Best is trial 5 with value: 0.55.
[I 2026-04-13 13:03:57,495] Trial 13 finished with value: 0.5 and parameters: {'hidden_layer_sizes': (100, 100), 'max_iter': 50, 'alpha': 0.001}. Best is trial 5 with value: 0.55.
[I 2026-04-13 13:03:57,564] Trial 14 finished with value: 0.5 and parameters: {'hidden_layer_sizes': (200,), 'max_iter': 50, 'alpha': 0.001}. Best is trial 5 with value: 0.55.
[I 2026-04-13 13:03:57,612] Trial 15 finished with value: 0.45 and parameters: {'hidden_layer_sizes': (100, 100), 'max_iter': 50, 'alpha': 0.0001}. Best is trial 5 with value: 0.55.
[I 2026-04-13 13:03:57,659] Trial 16 finished with value: 0.55 and parameters: {'hidden_layer_sizes': (200,), 'max_iter': 50, 'alpha': 0.0001}. Best is trial 5 with value: 0.55.
[I 2026-04-13 13:03:57,716] Trial 17 finished with value: 0.5 and parameters: {'hidden_layer_sizes': (100, 100), 'max_iter': 50, 'alpha': 0.001}. Best is trial 5 with value: 0.55.
[I 2026-04-13 13:03:57,803] Trial 18 finished with value: 0.4 and parameters: {'hidden_layer_sizes': (100, 100), 'max_iter': 100, 'alpha': 0.0001}. Best is trial 5 with value: 0.55.
[I 2026-04-13 13:03:57,860] Trial 19 finished with value: 0.55 and parameters: {'hidden_layer_sizes': (200,), 'max_iter': 50, 'alpha': 0.001}. Best is trial 5 with value: 0.55.
[I 2026-04-13 13:03:57,917] Trial 20 finished with value: 0.45 and parameters: {'hidden_layer_sizes': (100, 100), 'max_iter': 50, 'alpha': 0.0001}. Best is trial 5 with value: 0.55.
[I 2026-04-13 13:03:57,966] Trial 21 finished with value: 0.5 and parameters: {'hidden_layer_sizes': (200,), 'max_iter': 50, 'alpha': 0.001}. Best is trial 5 with value: 0.55.
[I 2026-04-13 13:03:58,013] Trial 22 finished with value: 0.55 and parameters: {'hidden_layer_sizes': (200,), 'max_iter': 50, 'alpha': 0.001}. Best is trial 5 with value: 0.55.
[I 2026-04-13 13:03:58,070] Trial 23 finished with value: 0.55 and parameters: {'hidden_layer_sizes': (200,), 'max_iter': 50, 'alpha': 0.001}. Best is trial 5 with value: 0.55.
[I 2026-04-13 13:03:58,128] Trial 24 finished with value: 0.5 and parameters: {'hidden_layer_sizes': (200,), 'max_iter': 50, 'alpha': 0.001}. Best is trial 5 with value: 0.55.
[I 2026-04-13 13:03:58,205] Trial 25 finished with value: 0.5 and parameters: {'hidden_layer_sizes': (200,), 'max_iter': 50, 'alpha': 0.001}. Best is trial 5 with value: 0.55.
[I 2026-04-13 13:03:58,313] Trial 26 finished with value: 0.55 and parameters: {'hidden_layer_sizes': (200,), 'max_iter': 100, 'alpha': 0.001}. Best is trial 5 with value: 0.55.
[I 2026-04-13 13:03:58,394] Trial 27 finished with value: 0.55 and parameters: {'hidden_layer_sizes': (200,), 'max_iter': 50, 'alpha': 0.001}. Best is trial 5 with value: 0.55.
[I 2026-04-13 13:03:58,433] Trial 28 finished with value: 0.55 and parameters: {'hidden_layer_sizes': (100,), 'max_iter': 50, 'alpha': 0.0001}. Best is trial 5 with value: 0.55.
[I 2026-04-13 13:03:58,504] Trial 29 finished with value: 0.55 and parameters: {'hidden_layer_sizes': (100, 100), 'max_iter': 50, 'alpha': 0.001}. Best is trial 5 with value: 0.55.
[I 2026-04-13 13:04:00,260] A new study created in memory with name: naive_bayes
[I 2026-04-13 13:04:00,274] Trial 0 finished with value: 0.55 and parameters: {'var_smoothing': 5.582886587978182e-09}. Best is trial 0 with value: 0.55.
[I 2026-04-13 13:04:00,289] Trial 1 finished with value: 0.55 and parameters: {'var_smoothing': 8.651299071518215e-09}. Best is trial 0 with value: 0.55.
[I 2026-04-13 13:04:00,303] Trial 2 finished with value: 0.55 and parameters: {'var_smoothing': 5.475062490474489e-09}. Best is trial 0 with value: 0.55.
[I 2026-04-13 13:04:00,317] Trial 3 finished with value: 0.55 and parameters: {'var_smoothing': 1.1526869678723134e-09}. Best is trial 0 with value: 0.55.
[I 2026-04-13 13:04:00,331] Trial 4 finished with value: 0.55 and parameters: {'var_smoothing': 2.920496270341785e-10}. Best is trial 0 with value: 0.55.
[I 2026-04-13 13:04:00,346] Trial 5 finished with value: 0.55 and parameters: {'var_smoothing': 1.0538956417705805e-10}. Best is trial 0 with value: 0.55.
[I 2026-04-13 13:04:00,360] Trial 6 finished with value: 0.55 and parameters: {'var_smoothing': 7.260016982331591e-10}. Best is trial 0 with value: 0.55.
[I 2026-04-13 13:04:00,375] Trial 7 finished with value: 0.55 and parameters: {'var_smoothing': 6.378267364653917e-10}. Best is trial 0 with value: 0.55.
[I 2026-04-13 13:04:00,388] Trial 8 finished with value: 0.55 and parameters: {'var_smoothing': 1.1100673847791952e-09}. Best is trial 0 with value: 0.55.
[I 2026-04-13 13:04:00,402] Trial 9 finished with value: 0.55 and parameters: {'var_smoothing': 9.052813879088377e-10}. Best is trial 0 with value: 0.55.
[I 2026-04-13 13:04:00,423] Trial 10 finished with value: 0.55 and parameters: {'var_smoothing': 3.20543606083287e-09}. Best is trial 0 with value: 0.55.
[I 2026-04-13 13:04:00,443] Trial 11 finished with value: 0.55 and parameters: {'var_smoothing': 8.433965140342417e-09}. Best is trial 0 with value: 0.55.
[I 2026-04-13 13:04:00,463] Trial 12 finished with value: 0.55 and parameters: {'var_smoothing': 2.860874278982245e-09}. Best is trial 0 with value: 0.55.
[I 2026-04-13 13:04:00,484] Trial 13 finished with value: 0.55 and parameters: {'var_smoothing': 9.270349036178526e-09}. Best is trial 0 with value: 0.55.
[I 2026-04-13 13:04:00,504] Trial 14 finished with value: 0.55 and parameters: {'var_smoothing': 3.13069447640915e-09}. Best is trial 0 with value: 0.55.
[I 2026-04-13 13:04:00,520] Trial 15 finished with value: 0.55 and parameters: {'var_smoothing': 5.223604886811285e-09}. Best is trial 0 with value: 0.55.
[I 2026-04-13 13:04:00,537] Trial 16 finished with value: 0.55 and parameters: {'var_smoothing': 2.0295724993447026e-09}. Best is trial 0 with value: 0.55.
[I 2026-04-13 13:04:00,554] Trial 17 finished with value: 0.55 and parameters: {'var_smoothing': 5.880433102756661e-09}. Best is trial 0 with value: 0.55.
[I 2026-04-13 13:04:00,583] Trial 18 finished with value: 0.55 and parameters: {'var_smoothing': 1.6980964875204416e-09}. Best is trial 0 with value: 0.55.
[I 2026-04-13 13:04:00,600] Trial 19 finished with value: 0.55 and parameters: {'var_smoothing': 4.2955625192244405e-09}. Best is trial 0 with value: 0.55.
[I 2026-04-13 13:04:00,617] Trial 20 finished with value: 0.55 and parameters: {'var_smoothing': 9.833771947222685e-09}. Best is trial 0 with value: 0.55.
[I 2026-04-13 13:04:00,647] Trial 21 finished with value: 0.55 and parameters: {'var_smoothing': 6.0482464086364635e-09}. Best is trial 0 with value: 0.55.
[I 2026-04-13 13:04:00,666] Trial 22 finished with value: 0.55 and parameters: {'var_smoothing': 4.537628481410357e-09}. Best is trial 0 with value: 0.55.
[I 2026-04-13 13:04:00,681] Trial 23 finished with value: 0.55 and parameters: {'var_smoothing': 6.750528289210463e-09}. Best is trial 0 with value: 0.55.
[I 2026-04-13 13:04:00,698] Trial 24 finished with value: 0.55 and parameters: {'var_smoothing': 2.2780337647355764e-09}. Best is trial 0 with value: 0.55.
