[I 2026-04-13 13:05:04,086] Trial 26 finished with value: 0.75 and parameters: {'n_neighbors': 9, 'leaf_size': 38, 'p': 2}. Best is trial 0 with value: 0.8.
[I 2026-04-13 13:05:04,125] Trial 27 finished with value: 0.8 and parameters: {'n_neighbors': 3, 'leaf_size': 32, 'p': 1}. Best is trial 0 with value: 0.8.
[I 2026-04-13 13:05:04,148] Trial 28 finished with value: 0.85 and parameters: {'n_neighbors': 5, 'leaf_size': 36, 'p': 2}. Best is trial 28 with value: 0.85.
[I 2026-04-13 13:05:04,179] Trial 29 finished with value: 0.75 and parameters: {'n_neighbors': 4, 'leaf_size': 36, 'p': 1}. Best is trial 28 with value: 0.85.
[I 2026-04-13 13:05:04,248] A new study created in memory with name: xgb
[I 2026-04-13 13:05:04,273] Trial 0 finished with value: 0.9 and parameters: {'n_estimators': 40, 'max_depth': 30, 'gamma': 0.47665736245940726, 'subsample': 0.6240505842067796, 'colsample_bytree': 0.542029825582675}. Best is trial 0 with value: 0.9.
[I 2026-04-13 13:05:04,313] Trial 1 finished with value: 0.9 and parameters: {'n_estimators': 100, 'max_depth': 5, 'gamma': 0.6154838340124683, 'subsample': 0.9490035591125747, 'colsample_bytree': 0.8334494864598183}. Best is trial 0 with value: 0.9.
[I 2026-04-13 13:05:04,351] Trial 2 finished with value: 0.9 and parameters: {'n_estimators': 40, 'max_depth': 20, 'gamma': 0.9464719685739904, 'subsample': 0.9018698850061588, 'colsample_bytree': 0.9916796241121663}. Best is trial 0 with value: 0.9.
[I 2026-04-13 13:05:04,376] Trial 3 finished with value: 0.9 and parameters: {'n_estimators': 100, 'max_depth': 30, 'gamma': 0.26698751824101463, 'subsample': 0.6215578376567042, 'colsample_bytree': 0.9367004215505623}. Best is trial 0 with value: 0.9.
[I 2026-04-13 13:05:04,424] Trial 4 finished with value: 0.9 and parameters: {'n_estimators': 10, 'max_depth': 20, 'gamma': 0.5301766121845122, 'subsample': 0.7177777323831729, 'colsample_bytree': 0.9352041482132656}. Best is trial 0 with value: 0.9.
[I 2026-04-13 13:05:04,459] Trial 5 finished with value: 0.9 and parameters: {'n_estimators': 100, 'max_depth': 5, 'gamma': 0.6742485862456464, 'subsample': 0.7308488312353485, 'colsample_bytree': 0.5265297122426965}. Best is trial 0 with value: 0.9.
[I 2026-04-13 13:05:04,508] Trial 6 finished with value: 0.9 and parameters: {'n_estimators': 100, 'max_depth': 30, 'gamma': 0.5360486096375219, 'subsample': 0.8488681925618888, 'colsample_bytree': 0.900578215847843}. Best is trial 0 with value: 0.9.
[I 2026-04-13 13:05:04,533] Trial 7 finished with value: 0.9 and parameters: {'n_estimators': 40, 'max_depth': 5, 'gamma': 0.4997010655396419, 'subsample': 0.7490698051808964, 'colsample_bytree': 0.7071731623998108}. Best is trial 0 with value: 0.9.
[I 2026-04-13 13:05:04,583] Trial 8 finished with value: 0.85 and parameters: {'n_estimators': 100, 'max_depth': 5, 'gamma': 0.5449029446194361, 'subsample': 0.7150234071055932, 'colsample_bytree': 0.8673829085180849}. Best is trial 0 with value: 0.9.
[I 2026-04-13 13:05:04,620] Trial 9 finished with value: 0.85 and parameters: {'n_estimators': 100, 'max_depth': 30, 'gamma': 0.5427360453562716, 'subsample': 0.5915763668266103, 'colsample_bytree': 0.5546552575823498}. Best is trial 0 with value: 0.9.
[I 2026-04-13 13:05:04,655] Trial 10 finished with value: 0.75 and parameters: {'n_estimators': 40, 'max_depth': 30, 'gamma': 0.14684638844211245, 'subsample': 0.5183047662344111, 'colsample_bytree': 0.6399757283243361}. Best is trial 0 with value: 0.9.
[I 2026-04-13 13:05:04,690] Trial 11 finished with value: 0.9 and parameters: {'n_estimators': 10, 'max_depth': 5, 'gamma': 0.7404734538708532, 'subsample': 0.9683640491533567, 'colsample_bytree': 0.791290368973991}. Best is trial 0 with value: 0.9.
[I 2026-04-13 13:05:04,725] Trial 12 finished with value: 0.9 and parameters: {'n_estimators': 40, 'max_depth': 30, 'gamma': 0.33003106543330485, 'subsample': 0.837351019418467, 'colsample_bytree': 0.8016486854551674}. Best is trial 0 with value: 0.9.
[I 2026-04-13 13:05:04,760] Trial 13 finished with value: 0.85 and parameters: {'n_estimators': 40, 'max_depth': 5, 'gamma': 0.7493472740896592, 'subsample': 0.6284003687490249, 'colsample_bytree': 0.6619906998059255}. Best is trial 0 with value: 0.9.
[I 2026-04-13 13:05:04,808] Trial 14 finished with value: 0.9 and parameters: {'n_estimators': 10, 'max_depth': 20, 'gamma': 0.3809802685803019, 'subsample': 0.9899457651138078, 'colsample_bytree': 0.5959354756466476}. Best is trial 0 with value: 0.9.
[I 2026-04-13 13:05:04,848] Trial 15 finished with value: 0.9 and parameters: {'n_estimators': 100, 'max_depth': 30, 'gamma': 0.9943112714517324, 'subsample': 0.8200359995329215, 'colsample_bytree': 0.7284824247049743}. Best is trial 0 with value: 0.9.
[I 2026-04-13 13:05:04,895] Trial 16 finished with value: 0.8 and parameters: {'n_estimators': 40, 'max_depth': 5, 'gamma': 0.6648730456079014, 'subsample': 0.5265430700079919, 'colsample_bytree': 0.8225676920784882}. Best is trial 0 with value: 0.9.
[I 2026-04-13 13:05:04,944] Trial 17 finished with value: 0.85 and parameters: {'n_estimators': 100, 'max_depth': 5, 'gamma': 0.41547611635775555, 'subsample': 0.6518240843907721, 'colsample_bytree': 0.5068086515296648}. Best is trial 0 with value: 0.9.
[I 2026-04-13 13:05:04,983] Trial 18 finished with value: 0.9 and parameters: {'n_estimators': 40, 'max_depth': 30, 'gamma': 0.7925179805378093, 'subsample': 0.9180923362841127, 'colsample_bytree': 0.6573173889505894}. Best is trial 0 with value: 0.9.
[I 2026-04-13 13:05:05,025] Trial 19 finished with value: 0.85 and parameters: {'n_estimators': 10, 'max_depth': 20, 'gamma': 0.8484091708840186, 'subsample': 0.6752045869249022, 'colsample_bytree': 0.7651203651494868}. Best is trial 0 with value: 0.9.
[I 2026-04-13 13:05:05,064] Trial 20 finished with value: 0.85 and parameters: {'n_estimators': 40, 'max_depth': 30, 'gamma': 0.6498309549927597, 'subsample': 0.7888679374142473, 'colsample_bytree': 0.8592552998008142}. Best is trial 0 with value: 0.9.
[I 2026-04-13 13:05:05,102] Trial 21 finished with value: 0.9 and parameters: {'n_estimators': 40, 'max_depth': 20, 'gamma': 0.9224833808115213, 'subsample': 0.907726321748267, 'colsample_bytree': 0.991811029277949}. Best is trial 0 with value: 0.9.
[I 2026-04-13 13:05:05,145] Trial 22 finished with value: 0.85 and parameters: {'n_estimators': 40, 'max_depth': 20, 'gamma': 0.2522143597351267, 'subsample': 0.8993960847725873, 'colsample_bytree': 0.97846034880731}. Best is trial 0 with value: 0.9.
[I 2026-04-13 13:05:05,183] Trial 23 finished with value: 0.9 and parameters: {'n_estimators': 40, 'max_depth': 20, 'gamma': 0.4192326662590322, 'subsample': 0.9438496634428782, 'colsample_bytree': 0.8511404282671045}. Best is trial 0 with value: 0.9.
[I 2026-04-13 13:05:05,233] Trial 24 finished with value: 0.9 and parameters: {'n_estimators': 40, 'max_depth': 20, 'gamma': 0.9070154313790706, 'subsample': 0.8709502969651824, 'colsample_bytree': 0.593959043632211}. Best is trial 0 with value: 0.9.
[I 2026-04-13 13:05:05,297] Trial 25 finished with value: 0.85 and parameters: {'n_estimators': 100, 'max_depth': 20, 'gamma': 0.6005168462473008, 'subsample': 0.5686027666375084, 'colsample_bytree': 0.920206448802743}. Best is trial 0 with value: 0.9.
[I 2026-04-13 13:05:05,338] Trial 26 finished with value: 0.85 and parameters: {'n_estimators': 40, 'max_depth': 5, 'gamma': 0.4590600199155305, 'subsample': 0.7890142212091552, 'colsample_bytree': 0.6978865374096721}. Best is trial 0 with value: 0.9.
[I 2026-04-13 13:05:05,376] Trial 27 finished with value: 0.85 and parameters: {'n_estimators': 40, 'max_depth': 5, 'gamma': 0.1495926832334486, 'subsample': 0.9486485992226238, 'colsample_bytree': 0.7565589188962993}. Best is trial 0 with value: 0.9.
[I 2026-04-13 13:05:05,417] Trial 28 finished with value: 0.9 and parameters: {'n_estimators': 10, 'max_depth': 30, 'gamma': 0.9872479321279979, 'subsample': 0.8816978528639977, 'colsample_bytree': 0.9722594412047804}. Best is trial 0 with value: 0.9.
[I 2026-04-13 13:05:05,467] Trial 29 finished with value: 0.8 and parameters: {'n_estimators': 100, 'max_depth': 20, 'gamma': 0.26270274024487045, 'subsample': 0.6892710113302492, 'colsample_bytree': 0.8930451319107932}. Best is trial 0 with value: 0.9.
[I 2026-04-13 13:05:05,613] A new study created in memory with name: rf
[I 2026-04-13 13:05:05,808] Trial 0 finished with value: 0.85 and parameters: {'n_estimators': 104, 'max_depth': 12, 'min_samples_split': 6, 'min_samples_leaf': 2}. Best is trial 0 with value: 0.85.
[I 2026-04-13 13:05:06,069] Trial 1 finished with value: 0.8 and parameters: {'n_estimators': 156, 'max_depth': 6, 'min_samples_split': 5, 'min_samples_leaf': 3}. Best is trial 0 with value: 0.85.
[I 2026-04-13 13:05:06,237] Trial 2 finished with value: 0.5 and parameters: {'n_estimators': 133, 'max_depth': 9, 'min_samples_split': 3, 'min_samples_leaf': 9}. Best is trial 0 with value: 0.85.
[I 2026-04-13 13:05:06,838] Trial 3 finished with value: 0.8 and parameters: {'n_estimators': 481, 'max_depth': 3, 'min_samples_split': 8, 'min_samples_leaf': 6}. Best is trial 0 with value: 0.85.
[I 2026-04-13 13:05:07,410] Trial 4 finished with value: 0.5 and parameters: {'n_estimators': 460, 'max_depth': 15, 'min_samples_split': 6, 'min_samples_leaf': 8}. Best is trial 0 with value: 0.85.
[I 2026-04-13 13:05:07,760] Trial 5 finished with value: 0.85 and parameters: {'n_estimators': 254, 'max_depth': 15, 'min_samples_split': 9, 'min_samples_leaf': 5}. Best is trial 0 with value: 0.85.
[I 2026-04-13 13:05:08,332] Trial 6 finished with value: 0.85 and parameters: {'n_estimators': 477, 'max_depth': 17, 'min_samples_split': 10, 'min_samples_leaf': 2}. Best is trial 0 with value: 0.85.
[I 2026-04-13 13:05:08,793] Trial 7 finished with value: 0.5 and parameters: {'n_estimators': 308, 'max_depth': 20, 'min_samples_split': 7, 'min_samples_leaf': 9}. Best is trial 0 with value: 0.85.
[I 2026-04-13 13:05:09,483] Trial 8 finished with value: 0.5 and parameters: {'n_estimators': 489, 'max_depth': 6, 'min_samples_split': 4, 'min_samples_leaf': 9}. Best is trial 0 with value: 0.85.
[I 2026-04-13 13:05:10,163] Trial 9 finished with value: 0.9 and parameters: {'n_estimators': 463, 'max_depth': 16, 'min_samples_split': 5, 'min_samples_leaf': 5}. Best is trial 9 with value: 0.9.
[I 2026-04-13 13:05:10,670] Trial 10 finished with value: 0.85 and parameters: {'n_estimators': 373, 'max_depth': 20, 'min_samples_split': 2, 'min_samples_leaf': 5}. Best is trial 9 with value: 0.9.
[I 2026-04-13 13:05:11,024] Trial 11 finished with value: 0.8 and parameters: {'n_estimators': 213, 'max_depth': 12, 'min_samples_split': 6, 'min_samples_leaf': 1}. Best is trial 9 with value: 0.9.
[I 2026-04-13 13:05:11,576] Trial 12 finished with value: 0.85 and parameters: {'n_estimators': 377, 'max_depth': 12, 'min_samples_split': 5, 'min_samples_leaf': 4}. Best is trial 9 with value: 0.9.
[I 2026-04-13 13:05:11,766] Trial 13 finished with value: 0.5 and parameters: {'n_estimators': 101, 'max_depth': 15, 'min_samples_split': 7, 'min_samples_leaf': 7}. Best is trial 9 with value: 0.9.
[I 2026-04-13 13:05:12,302] Trial 14 finished with value: 0.75 and parameters: {'n_estimators': 392, 'max_depth': 10, 'min_samples_split': 4, 'min_samples_leaf': 1}. Best is trial 9 with value: 0.9.
[I 2026-04-13 13:05:12,745] Trial 15 finished with value: 0.85 and parameters: {'n_estimators': 316, 'max_depth': 17, 'min_samples_split': 5, 'min_samples_leaf': 3}. Best is trial 9 with value: 0.9.
[I 2026-04-13 13:05:13,139] Trial 16 finished with value: 0.85 and parameters: {'n_estimators': 219, 'max_depth': 13, 'min_samples_split': 7, 'min_samples_leaf': 3}. Best is trial 9 with value: 0.9.
[I 2026-04-13 13:05:13,677] Trial 17 finished with value: 0.75 and parameters: {'n_estimators': 420, 'max_depth': 8, 'min_samples_split': 2, 'min_samples_leaf': 6}. Best is trial 9 with value: 0.9.
[I 2026-04-13 13:05:14,073] Trial 18 finished with value: 0.9 and parameters: {'n_estimators': 260, 'max_depth': 17, 'min_samples_split': 4, 'min_samples_leaf': 4}. Best is trial 9 with value: 0.9.
[I 2026-04-13 13:05:14,546] Trial 19 finished with value: 0.85 and parameters: {'n_estimators': 270, 'max_depth': 18, 'min_samples_split': 3, 'min_samples_leaf': 4}. Best is trial 9 with value: 0.9.
[I 2026-04-13 13:05:14,835] Trial 20 finished with value: 0.55 and parameters: {'n_estimators': 185, 'max_depth': 18, 'min_samples_split': 4, 'min_samples_leaf': 7}. Best is trial 9 with value: 0.9.
[I 2026-04-13 13:05:15,364] Trial 21 finished with value: 0.9 and parameters: {'n_estimators': 340, 'max_depth': 14, 'min_samples_split': 5, 'min_samples_leaf': 4}. Best is trial 9 with value: 0.9.
[I 2026-04-13 13:05:15,780] Trial 22 finished with value: 0.85 and parameters: {'n_estimators': 319, 'max_depth': 14, 'min_samples_split': 3, 'min_samples_leaf': 4}. Best is trial 9 with value: 0.9.
[I 2026-04-13 13:05:16,252] Trial 23 finished with value: 0.85 and parameters: {'n_estimators': 351, 'max_depth': 16, 'min_samples_split': 5, 'min_samples_leaf': 5}. Best is trial 9 with value: 0.9.
[I 2026-04-13 13:05:16,623] Trial 24 finished with value: 0.85 and parameters: {'n_estimators': 268, 'max_depth': 19, 'min_samples_split': 4, 'min_samples_leaf': 4}. Best is trial 9 with value: 0.9.
[I 2026-04-13 13:05:17,160] Trial 25 finished with value: 0.85 and parameters: {'n_estimators': 428, 'max_depth': 16, 'min_samples_split': 5, 'min_samples_leaf': 6}. Best is trial 9 with value: 0.9.
[I 2026-04-13 13:05:17,739] Trial 26 finished with value: 0.5 and parameters: {'n_estimators': 436, 'max_depth': 14, 'min_samples_split': 3, 'min_samples_leaf': 7}. Best is trial 9 with value: 0.9.
[I 2026-04-13 13:05:18,270] Trial 27 finished with value: 0.85 and parameters: {'n_estimators': 343, 'max_depth': 18, 'min_samples_split': 6, 'min_samples_leaf': 2}. Best is trial 9 with value: 0.9.
[I 2026-04-13 13:05:18,669] Trial 28 finished with value: 0.9 and parameters: {'n_estimators': 241, 'max_depth': 10, 'min_samples_split': 4, 'min_samples_leaf': 5}. Best is trial 9 with value: 0.9.
[I 2026-04-13 13:05:19,138] Trial 29 finished with value: 0.8 and parameters: {'n_estimators': 297, 'max_depth': 14, 'min_samples_split': 6, 'min_samples_leaf': 3}. Best is trial 9 with value: 0.9.
[I 2026-04-13 13:05:20,375] A new study created in memory with name: mlp
[I 2026-04-13 13:05:20,471] Trial 0 finished with value: 0.65 and parameters: {'hidden_layer_sizes': (200,), 'max_iter': 100, 'alpha': 0.001}. Best is trial 0 with value: 0.65.
[I 2026-04-13 13:05:20,597] Trial 1 finished with value: 0.65 and parameters: {'hidden_layer_sizes': (100, 100), 'max_iter': 100, 'alpha': 0.0001}. Best is trial 0 with value: 0.65.
[I 2026-04-13 13:05:20,644] Trial 2 finished with value: 0.75 and parameters: {'hidden_layer_sizes': (100, 100), 'max_iter': 50, 'alpha': 0.0001}. Best is trial 2 with value: 0.75.
[I 2026-04-13 13:05:20,692] Trial 3 finished with value: 0.7 and parameters: {'hidden_layer_sizes': (200,), 'max_iter': 50, 'alpha': 0.0001}. Best is trial 2 with value: 0.75.
[I 2026-04-13 13:05:20,770] Trial 4 finished with value: 0.7 and parameters: {'hidden_layer_sizes': (200,), 'max_iter': 100, 'alpha': 0.001}. Best is trial 2 with value: 0.75.
[I 2026-04-13 13:05:20,845] Trial 5 finished with value: 0.7 and parameters: {'hidden_layer_sizes': (200,), 'max_iter': 100, 'alpha': 0.0001}. Best is trial 2 with value: 0.75.
[I 2026-04-13 13:05:20,920] Trial 6 finished with value: 0.75 and parameters: {'hidden_layer_sizes': (100, 100), 'max_iter': 100, 'alpha': 0.001}. Best is trial 2 with value: 0.75.
[I 2026-04-13 13:05:20,967] Trial 7 finished with value: 0.7 and parameters: {'hidden_layer_sizes': (200,), 'max_iter': 50, 'alpha': 0.001}. Best is trial 2 with value: 0.75.
[I 2026-04-13 13:05:21,034] Trial 8 finished with value: 0.7 and parameters: {'hidden_layer_sizes': (100,), 'max_iter': 100, 'alpha': 0.001}. Best is trial 2 with value: 0.75.
[I 2026-04-13 13:05:21,079] Trial 9 finished with value: 0.7 and parameters: {'hidden_layer_sizes': (200,), 'max_iter': 50, 'alpha': 0.001}. Best is trial 2 with value: 0.75.
[I 2026-04-13 13:05:21,127] Trial 10 finished with value: 0.7 and parameters: {'hidden_layer_sizes': (100, 100), 'max_iter': 50, 'alpha': 0.0001}. Best is trial 2 with value: 0.75.
[I 2026-04-13 13:05:21,183] Trial 11 finished with value: 0.7 and parameters: {'hidden_layer_sizes': (100, 100), 'max_iter': 50, 'alpha': 0.0001}. Best is trial 2 with value: 0.75.
[I 2026-04-13 13:05:21,252] Trial 12 finished with value: 0.75 and parameters: {'hidden_layer_sizes': (100, 100), 'max_iter': 50, 'alpha': 0.001}. Best is trial 2 with value: 0.75.
[I 2026-04-13 13:05:21,357] Trial 13 finished with value: 0.75 and parameters: {'hidden_layer_sizes': (100, 100), 'max_iter': 100, 'alpha': 0.0001}. Best is trial 2 with value: 0.75.
[I 2026-04-13 13:05:21,412] Trial 14 finished with value: 0.7 and parameters: {'hidden_layer_sizes': (100,), 'max_iter': 100, 'alpha': 0.001}. Best is trial 2 with value: 0.75.
[I 2026-04-13 13:05:21,462] Trial 15 finished with value: 0.75 and parameters: {'hidden_layer_sizes': (100, 100), 'max_iter': 50, 'alpha': 0.0001}. Best is trial 2 with value: 0.75.
[I 2026-04-13 13:05:21,549] Trial 16 finished with value: 0.65 and parameters: {'hidden_layer_sizes': (100, 100), 'max_iter': 100, 'alpha': 0.0001}. Best is trial 2 with value: 0.75.
[I 2026-04-13 13:05:21,631] Trial 17 finished with value: 0.8 and parameters: {'hidden_layer_sizes': (100, 100), 'max_iter': 50, 'alpha': 0.001}. Best is trial 17 with value: 0.8.
[I 2026-04-13 13:05:21,677] Trial 18 finished with value: 0.65 and parameters: {'hidden_layer_sizes': (100,), 'max_iter': 50, 'alpha': 0.0001}. Best is trial 17 with value: 0.8.
[I 2026-04-13 13:05:21,723] Trial 19 finished with value: 0.75 and parameters: {'hidden_layer_sizes': (100, 100), 'max_iter': 50, 'alpha': 0.001}. Best is trial 17 with value: 0.8.
[I 2026-04-13 13:05:21,783] Trial 20 finished with value: 0.7 and parameters: {'hidden_layer_sizes': (100, 100), 'max_iter': 50, 'alpha': 0.001}. Best is trial 17 with value: 0.8.
[I 2026-04-13 13:05:21,842] Trial 21 finished with value: 0.65 and parameters: {'hidden_layer_sizes': (100, 100), 'max_iter': 50, 'alpha': 0.001}. Best is trial 17 with value: 0.8.
[I 2026-04-13 13:05:21,891] Trial 22 finished with value: 0.65 and parameters: {'hidden_layer_sizes': (100, 100), 'max_iter': 50, 'alpha': 0.001}. Best is trial 17 with value: 0.8.
[I 2026-04-13 13:05:21,970] Trial 23 finished with value: 0.7 and parameters: {'hidden_layer_sizes': (100, 100), 'max_iter': 100, 'alpha': 0.001}. Best is trial 17 with value: 0.8.
[I 2026-04-13 13:05:22,026] Trial 24 finished with value: 0.7 and parameters: {'hidden_layer_sizes': (100, 100), 'max_iter': 50, 'alpha': 0.001}. Best is trial 17 with value: 0.8.
[I 2026-04-13 13:05:22,072] Trial 25 finished with value: 0.75 and parameters: {'hidden_layer_sizes': (100,), 'max_iter': 50, 'alpha': 0.001}. Best is trial 17 with value: 0.8.
[I 2026-04-13 13:05:22,170] Trial 26 finished with value: 0.65 and parameters: {'hidden_layer_sizes': (100, 100), 'max_iter': 100, 'alpha': 0.0001}. Best is trial 17 with value: 0.8.
[I 2026-04-13 13:05:22,229] Trial 27 finished with value: 0.7 and parameters: {'hidden_layer_sizes': (100, 100), 'max_iter': 50, 'alpha': 0.001}. Best is trial 17 with value: 0.8.
[I 2026-04-13 13:05:22,300] Trial 28 finished with value: 0.7 and parameters: {'hidden_layer_sizes': (100, 100), 'max_iter': 100, 'alpha': 0.0001}. Best is trial 17 with value: 0.8.
[I 2026-04-13 13:05:22,347] Trial 29 finished with value: 0.7 and parameters: {'hidden_layer_sizes': (100,), 'max_iter': 100, 'alpha': 0.001}. Best is trial 17 with value: 0.8.
[I 2026-04-13 13:05:22,651] A new study created in memory with name: naive_bayes
[I 2026-04-13 13:05:22,666] Trial 0 finished with value: 0.55 and parameters: {'var_smoothing': 1.0489343501429862e-10}. Best is trial 0 with value: 0.55.
[I 2026-04-13 13:05:22,693] Trial 1 finished with value: 0.55 and parameters: {'var_smoothing': 1.0086701860885373e-09}. Best is trial 0 with value: 0.55.
[I 2026-04-13 13:05:22,709] Trial 2 finished with value: 0.55 and parameters: {'var_smoothing': 9.807235097598006e-10}. Best is trial 0 with value: 0.55.
[I 2026-04-13 13:05:22,734] Trial 3 finished with value: 0.55 and parameters: {'var_smoothing': 1.8520770828517824e-10}. Best is trial 0 with value: 0.55.
[I 2026-04-13 13:05:22,750] Trial 4 finished with value: 0.55 and parameters: {'var_smoothing': 1.9240757716714087e-10}. Best is trial 0 with value: 0.55.
[I 2026-04-13 13:05:22,777] Trial 5 finished with value: 0.55 and parameters: {'var_smoothing': 2.736007926537145e-10}. Best is trial 0 with value: 0.55.
[I 2026-04-13 13:05:22,792] Trial 6 finished with value: 0.55 and parameters: {'var_smoothing': 6.87094324185739e-10}. Best is trial 0 with value: 0.55.
[I 2026-04-13 13:05:22,807] Trial 7 finished with value: 0.55 and parameters: {'var_smoothing': 3.134745855231349e-10}. Best is trial 0 with value: 0.55.
[I 2026-04-13 13:05:22,824] Trial 8 finished with value: 0.55 and parameters: {'var_smoothing': 1.4727170077821783e-10}. Best is trial 0 with value: 0.55.
[I 2026-04-13 13:05:22,838] Trial 9 finished with value: 0.55 and parameters: {'var_smoothing': 4.909048017047017e-10}. Best is trial 0 with value: 0.55.
[I 2026-04-13 13:05:22,856] Trial 10 finished with value: 0.55 and parameters: {'var_smoothing': 4.226228455594519e-09}. Best is trial 0 with value: 0.55.
[I 2026-04-13 13:05:22,885] Trial 11 finished with value: 0.55 and parameters: {'var_smoothing': 2.8481546791169343e-09}. Best is trial 0 with value: 0.55.
[I 2026-04-13 13:05:22,905] Trial 12 finished with value: 0.55 and parameters: {'var_smoothing': 1.9032336526904254e-09}. Best is trial 0 with value: 0.55.
[I 2026-04-13 13:05:22,937] Trial 13 finished with value: 0.55 and parameters: {'var_smoothing': 1.6192707465333408e-09}. Best is trial 0 with value: 0.55.
