[I 2026-04-13 12:57:52,607] Trial 22 finished with value: 0.45 and parameters: {'n_estimators': 148, 'max_depth': 6, 'min_samples_split': 3, 'min_samples_leaf': 3}. Best is trial 20 with value: 0.55.
[I 2026-04-13 12:57:52,961] Trial 23 finished with value: 0.5 and parameters: {'n_estimators': 262, 'max_depth': 12, 'min_samples_split': 3, 'min_samples_leaf': 9}. Best is trial 20 with value: 0.55.
[I 2026-04-13 12:57:53,302] Trial 24 finished with value: 0.5 and parameters: {'n_estimators': 216, 'max_depth': 10, 'min_samples_split': 8, 'min_samples_leaf': 8}. Best is trial 20 with value: 0.55.
[I 2026-04-13 12:57:53,519] Trial 25 finished with value: 0.5 and parameters: {'n_estimators': 167, 'max_depth': 14, 'min_samples_split': 4, 'min_samples_leaf': 6}. Best is trial 20 with value: 0.55.
[I 2026-04-13 12:57:53,748] Trial 26 finished with value: 0.5 and parameters: {'n_estimators': 120, 'max_depth': 5, 'min_samples_split': 8, 'min_samples_leaf': 7}. Best is trial 20 with value: 0.55.
[I 2026-04-13 12:57:54,145] Trial 27 finished with value: 0.5 and parameters: {'n_estimators': 285, 'max_depth': 17, 'min_samples_split': 2, 'min_samples_leaf': 10}. Best is trial 20 with value: 0.55.
[I 2026-04-13 12:57:54,592] Trial 28 finished with value: 0.5 and parameters: {'n_estimators': 325, 'max_depth': 11, 'min_samples_split': 6, 'min_samples_leaf': 4}. Best is trial 20 with value: 0.55.
[I 2026-04-13 12:57:54,776] Trial 29 finished with value: 0.4 and parameters: {'n_estimators': 102, 'max_depth': 8, 'min_samples_split': 5, 'min_samples_leaf': 1}. Best is trial 20 with value: 0.55.
[I 2026-04-13 12:57:55,185] A new study created in memory with name: mlp
[I 2026-04-13 12:57:55,252] Trial 0 finished with value: 0.35 and parameters: {'hidden_layer_sizes': (100,), 'max_iter': 100, 'alpha': 0.0001}. Best is trial 0 with value: 0.35.
[I 2026-04-13 12:57:55,347] Trial 1 finished with value: 0.5 and parameters: {'hidden_layer_sizes': (100, 100), 'max_iter': 100, 'alpha': 0.001}. Best is trial 1 with value: 0.5.
[I 2026-04-13 12:57:55,453] Trial 2 finished with value: 0.4 and parameters: {'hidden_layer_sizes': (200,), 'max_iter': 100, 'alpha': 0.0001}. Best is trial 1 with value: 0.5.
[I 2026-04-13 12:57:55,518] Trial 3 finished with value: 0.35 and parameters: {'hidden_layer_sizes': (200,), 'max_iter': 50, 'alpha': 0.001}. Best is trial 1 with value: 0.5.
[I 2026-04-13 12:57:55,583] Trial 4 finished with value: 0.35 and parameters: {'hidden_layer_sizes': (100, 100), 'max_iter': 50, 'alpha': 0.0001}. Best is trial 1 with value: 0.5.
[I 2026-04-13 12:57:55,670] Trial 5 finished with value: 0.35 and parameters: {'hidden_layer_sizes': (200,), 'max_iter': 100, 'alpha': 0.0001}. Best is trial 1 with value: 0.5.
[I 2026-04-13 12:57:55,735] Trial 6 finished with value: 0.35 and parameters: {'hidden_layer_sizes': (200,), 'max_iter': 100, 'alpha': 0.001}. Best is trial 1 with value: 0.5.
[I 2026-04-13 12:57:55,800] Trial 7 finished with value: 0.35 and parameters: {'hidden_layer_sizes': (100,), 'max_iter': 100, 'alpha': 0.001}. Best is trial 1 with value: 0.5.
[I 2026-04-13 12:57:55,916] Trial 8 finished with value: 0.45 and parameters: {'hidden_layer_sizes': (100, 100), 'max_iter': 100, 'alpha': 0.0001}. Best is trial 1 with value: 0.5.
[I 2026-04-13 12:57:56,001] Trial 9 finished with value: 0.35 and parameters: {'hidden_layer_sizes': (200,), 'max_iter': 100, 'alpha': 0.0001}. Best is trial 1 with value: 0.5.
[I 2026-04-13 12:57:56,066] Trial 10 finished with value: 0.35 and parameters: {'hidden_layer_sizes': (100, 100), 'max_iter': 50, 'alpha': 0.001}. Best is trial 1 with value: 0.5.
[I 2026-04-13 12:57:56,145] Trial 11 finished with value: 0.35 and parameters: {'hidden_layer_sizes': (100, 100), 'max_iter': 100, 'alpha': 0.001}. Best is trial 1 with value: 0.5.
[I 2026-04-13 12:57:56,256] Trial 12 finished with value: 0.35 and parameters: {'hidden_layer_sizes': (100, 100), 'max_iter': 100, 'alpha': 0.001}. Best is trial 1 with value: 0.5.
[I 2026-04-13 12:57:56,342] Trial 13 finished with value: 0.4 and parameters: {'hidden_layer_sizes': (100, 100), 'max_iter': 100, 'alpha': 0.0001}. Best is trial 1 with value: 0.5.
[I 2026-04-13 12:57:56,409] Trial 14 finished with value: 0.35 and parameters: {'hidden_layer_sizes': (100, 100), 'max_iter': 50, 'alpha': 0.0001}. Best is trial 1 with value: 0.5.
[I 2026-04-13 12:57:56,518] Trial 15 finished with value: 0.4 and parameters: {'hidden_layer_sizes': (100, 100), 'max_iter': 100, 'alpha': 0.001}. Best is trial 1 with value: 0.5.
[I 2026-04-13 12:57:56,588] Trial 16 finished with value: 0.35 and parameters: {'hidden_layer_sizes': (100,), 'max_iter': 100, 'alpha': 0.001}. Best is trial 1 with value: 0.5.
[I 2026-04-13 12:57:56,674] Trial 17 finished with value: 0.5 and parameters: {'hidden_layer_sizes': (100, 100), 'max_iter': 100, 'alpha': 0.0001}. Best is trial 1 with value: 0.5.
[I 2026-04-13 12:57:56,741] Trial 18 finished with value: 0.35 and parameters: {'hidden_layer_sizes': (100, 100), 'max_iter': 50, 'alpha': 0.0001}. Best is trial 1 with value: 0.5.
[I 2026-04-13 12:57:56,834] Trial 19 finished with value: 0.4 and parameters: {'hidden_layer_sizes': (100, 100), 'max_iter': 100, 'alpha': 0.001}. Best is trial 1 with value: 0.5.
[I 2026-04-13 12:57:56,891] Trial 20 finished with value: 0.35 and parameters: {'hidden_layer_sizes': (100,), 'max_iter': 100, 'alpha': 0.0001}. Best is trial 1 with value: 0.5.
[I 2026-04-13 12:57:56,995] Trial 21 finished with value: 0.4 and parameters: {'hidden_layer_sizes': (100, 100), 'max_iter': 100, 'alpha': 0.0001}. Best is trial 1 with value: 0.5.
[I 2026-04-13 12:57:57,102] Trial 22 finished with value: 0.5 and parameters: {'hidden_layer_sizes': (100, 100), 'max_iter': 100, 'alpha': 0.0001}. Best is trial 1 with value: 0.5.
[I 2026-04-13 12:57:57,188] Trial 23 finished with value: 0.5 and parameters: {'hidden_layer_sizes': (100, 100), 'max_iter': 100, 'alpha': 0.0001}. Best is trial 1 with value: 0.5.
[I 2026-04-13 12:57:57,275] Trial 24 finished with value: 0.5 and parameters: {'hidden_layer_sizes': (100, 100), 'max_iter': 100, 'alpha': 0.0001}. Best is trial 1 with value: 0.5.
[I 2026-04-13 12:57:57,381] Trial 25 finished with value: 0.4 and parameters: {'hidden_layer_sizes': (100, 100), 'max_iter': 100, 'alpha': 0.0001}. Best is trial 1 with value: 0.5.
[I 2026-04-13 12:57:57,447] Trial 26 finished with value: 0.3 and parameters: {'hidden_layer_sizes': (100, 100), 'max_iter': 50, 'alpha': 0.001}. Best is trial 1 with value: 0.5.
[I 2026-04-13 12:57:57,568] Trial 27 finished with value: 0.5 and parameters: {'hidden_layer_sizes': (100, 100), 'max_iter': 100, 'alpha': 0.0001}. Best is trial 1 with value: 0.5.
[I 2026-04-13 12:57:57,645] Trial 28 finished with value: 0.35 and parameters: {'hidden_layer_sizes': (100,), 'max_iter': 100, 'alpha': 0.001}. Best is trial 1 with value: 0.5.
[I 2026-04-13 12:57:57,734] Trial 29 finished with value: 0.4 and parameters: {'hidden_layer_sizes': (100, 100), 'max_iter': 100, 'alpha': 0.0001}. Best is trial 1 with value: 0.5.
[I 2026-04-13 12:58:00,707] A new study created in memory with name: naive_bayes
[I 2026-04-13 12:58:00,731] Trial 0 finished with value: 0.55 and parameters: {'var_smoothing': 6.10548688762798e-09}. Best is trial 0 with value: 0.55.
[I 2026-04-13 12:58:00,745] Trial 1 finished with value: 0.55 and parameters: {'var_smoothing': 4.6127467400935034e-10}. Best is trial 0 with value: 0.55.
[I 2026-04-13 12:58:00,766] Trial 2 finished with value: 0.55 and parameters: {'var_smoothing': 4.389936579400967e-09}. Best is trial 0 with value: 0.55.
[I 2026-04-13 12:58:00,780] Trial 3 finished with value: 0.55 and parameters: {'var_smoothing': 1.2116948204672054e-10}. Best is trial 0 with value: 0.55.
[I 2026-04-13 12:58:00,795] Trial 4 finished with value: 0.55 and parameters: {'var_smoothing': 1.6417739478477417e-10}. Best is trial 0 with value: 0.55.
[I 2026-04-13 12:58:00,809] Trial 5 finished with value: 0.55 and parameters: {'var_smoothing': 1.5491880147236797e-09}. Best is trial 0 with value: 0.55.
[I 2026-04-13 12:58:00,823] Trial 6 finished with value: 0.55 and parameters: {'var_smoothing': 1.1471883405287265e-09}. Best is trial 0 with value: 0.55.
[I 2026-04-13 12:58:00,838] Trial 7 finished with value: 0.55 and parameters: {'var_smoothing': 6.88041853492358e-10}. Best is trial 0 with value: 0.55.
[I 2026-04-13 12:58:00,852] Trial 8 finished with value: 0.55 and parameters: {'var_smoothing': 4.686144741221158e-10}. Best is trial 0 with value: 0.55.
[I 2026-04-13 12:58:00,866] Trial 9 finished with value: 0.55 and parameters: {'var_smoothing': 1.7580809350683337e-09}. Best is trial 0 with value: 0.55.
[I 2026-04-13 12:58:00,886] Trial 10 finished with value: 0.55 and parameters: {'var_smoothing': 9.83902635509218e-09}. Best is trial 0 with value: 0.55.
[I 2026-04-13 12:58:00,905] Trial 11 finished with value: 0.55 and parameters: {'var_smoothing': 2.660399871603373e-10}. Best is trial 0 with value: 0.55.
[I 2026-04-13 12:58:00,924] Trial 12 finished with value: 0.55 and parameters: {'var_smoothing': 9.276268851540963e-09}. Best is trial 0 with value: 0.55.
[I 2026-04-13 12:58:00,943] Trial 13 finished with value: 0.55 and parameters: {'var_smoothing': 2.9844010685221692e-09}. Best is trial 0 with value: 0.55.
[I 2026-04-13 12:58:00,962] Trial 14 finished with value: 0.55 and parameters: {'var_smoothing': 3.8923309717334116e-10}. Best is trial 0 with value: 0.55.
[I 2026-04-13 12:58:00,996] Trial 15 finished with value: 0.55 and parameters: {'var_smoothing': 3.85461066627204e-09}. Best is trial 0 with value: 0.55.
[I 2026-04-13 12:58:01,013] Trial 16 finished with value: 0.55 and parameters: {'var_smoothing': 7.120907275009211e-10}. Best is trial 0 with value: 0.55.
[I 2026-04-13 12:58:01,033] Trial 17 finished with value: 0.55 and parameters: {'var_smoothing': 2.412486610614855e-10}. Best is trial 0 with value: 0.55.
[I 2026-04-13 12:58:01,052] Trial 18 finished with value: 0.55 and parameters: {'var_smoothing': 2.3580860166954074e-09}. Best is trial 0 with value: 0.55.
[I 2026-04-13 12:58:01,069] Trial 19 finished with value: 0.55 and parameters: {'var_smoothing': 5.846846875339535e-09}. Best is trial 0 with value: 0.55.
[I 2026-04-13 12:58:01,099] Trial 20 finished with value: 0.55 and parameters: {'var_smoothing': 1.0486521320383776e-09}. Best is trial 0 with value: 0.55.
[I 2026-04-13 12:58:01,120] Trial 21 finished with value: 0.55 and parameters: {'var_smoothing': 4.9491450263339475e-09}. Best is trial 0 with value: 0.55.
[I 2026-04-13 12:58:01,141] Trial 22 finished with value: 0.55 and parameters: {'var_smoothing': 6.667992141406306e-09}. Best is trial 0 with value: 0.55.
[I 2026-04-13 12:58:01,158] Trial 23 finished with value: 0.55 and parameters: {'var_smoothing': 3.2795712712135213e-09}. Best is trial 0 with value: 0.55.
[I 2026-04-13 12:58:01,175] Trial 24 finished with value: 0.55 and parameters: {'var_smoothing': 6.403538416287158e-10}. Best is trial 0 with value: 0.55.
[I 2026-04-13 12:58:01,191] Trial 25 finished with value: 0.55 and parameters: {'var_smoothing': 2.1589819023851477e-09}. Best is trial 0 with value: 0.55.
[I 2026-04-13 12:58:01,208] Trial 26 finished with value: 0.55 and parameters: {'var_smoothing': 3.912617821024548e-09}. Best is trial 0 with value: 0.55.
[I 2026-04-13 12:58:01,224] Trial 27 finished with value: 0.55 and parameters: {'var_smoothing': 7.162139101012446e-09}. Best is trial 0 with value: 0.55.
[I 2026-04-13 12:58:01,241] Trial 28 finished with value: 0.55 and parameters: {'var_smoothing': 1.3883316815746274e-09}. Best is trial 0 with value: 0.55.
[I 2026-04-13 12:58:01,261] Trial 29 finished with value: 0.55 and parameters: {'var_smoothing': 4.1751754503046387e-10}. Best is trial 0 with value: 0.55.
[I 2026-04-13 12:58:01,306] A new study created in memory with name: logreg
[I 2026-04-13 12:58:01,329] Trial 0 finished with value: 0.45 and parameters: {'C': 29.127335430981816, 'penalty': 'l2'}. Best is trial 0 with value: 0.45.
[I 2026-04-13 12:58:01,342] Trial 1 finished with value: 0.55 and parameters: {'C': 0.045698192893558344, 'penalty': 'l2'}. Best is trial 1 with value: 0.55.
[I 2026-04-13 12:58:01,367] Trial 2 finished with value: 0.45 and parameters: {'C': 12.768668597712947, 'penalty': 'l2'}. Best is trial 1 with value: 0.55.
[I 2026-04-13 12:58:01,402] Trial 3 finished with value: 0.45 and parameters: {'C': 0.0016161554408462638, 'penalty': 'l2'}. Best is trial 1 with value: 0.55.
[I 2026-04-13 12:58:01,426] Trial 4 finished with value: 0.45 and parameters: {'C': 0.0034536903703241734, 'penalty': 'l2'}. Best is trial 1 with value: 0.55.
[I 2026-04-13 12:58:01,450] Trial 5 finished with value: 0.45 and parameters: {'C': 0.9446269266990148, 'penalty': 'l2'}. Best is trial 1 with value: 0.55.
[I 2026-04-13 12:58:01,475] Trial 6 finished with value: 0.5 and parameters: {'C': 0.4457453393648168, 'penalty': 'l2'}. Best is trial 1 with value: 0.55.
[I 2026-04-13 12:58:01,489] Trial 7 finished with value: 0.5 and parameters: {'C': 0.12417585037258261, 'penalty': 'l2'}. Best is trial 1 with value: 0.55.
[I 2026-04-13 12:58:01,502] Trial 8 finished with value: 0.55 and parameters: {'C': 0.04753781830244093, 'penalty': 'l2'}. Best is trial 1 with value: 0.55.
[I 2026-04-13 12:58:01,526] Trial 9 finished with value: 0.45 and parameters: {'C': 1.2959766028194148, 'penalty': 'l2'}. Best is trial 1 with value: 0.55.
[I 2026-04-13 12:58:01,555] Trial 10 finished with value: 0.5 and parameters: {'C': 0.02024823315667757, 'penalty': 'l2'}. Best is trial 1 with value: 0.55.
[I 2026-04-13 12:58:01,574] Trial 11 finished with value: 0.55 and parameters: {'C': 0.033823105357511776, 'penalty': 'l2'}. Best is trial 1 with value: 0.55.
[I 2026-04-13 12:58:01,604] Trial 12 finished with value: 0.5 and parameters: {'C': 0.01687525967399137, 'penalty': 'l2'}. Best is trial 1 with value: 0.55.
[I 2026-04-13 12:58:01,627] Trial 13 finished with value: 0.5 and parameters: {'C': 0.08927054814637196, 'penalty': 'l2'}. Best is trial 1 with value: 0.55.
[I 2026-04-13 12:58:01,650] Trial 14 finished with value: 0.45 and parameters: {'C': 0.007421596657289348, 'penalty': 'l2'}. Best is trial 1 with value: 0.55.
[I 2026-04-13 12:58:01,667] Trial 15 finished with value: 0.5 and parameters: {'C': 0.12596206158983486, 'penalty': 'l2'}. Best is trial 1 with value: 0.55.
[I 2026-04-13 12:58:01,695] Trial 16 finished with value: 0.45 and parameters: {'C': 4.0439489390104955, 'penalty': 'l2'}. Best is trial 1 with value: 0.55.
[I 2026-04-13 12:58:01,712] Trial 17 finished with value: 0.45 and parameters: {'C': 0.0011693084353487943, 'penalty': 'l2'}. Best is trial 1 with value: 0.55.
[I 2026-04-13 12:58:01,728] Trial 18 finished with value: 0.55 and parameters: {'C': 0.05634633920602504, 'penalty': 'l2'}. Best is trial 1 with value: 0.55.
[I 2026-04-13 12:58:01,744] Trial 19 finished with value: 0.5 and parameters: {'C': 0.2924805018567681, 'penalty': 'l2'}. Best is trial 1 with value: 0.55.
[I 2026-04-13 12:58:01,759] Trial 20 finished with value: 0.45 and parameters: {'C': 0.006655921507687428, 'penalty': 'l2'}. Best is trial 1 with value: 0.55.
[I 2026-04-13 12:58:01,775] Trial 21 finished with value: 0.5 and parameters: {'C': 0.02275208335813374, 'penalty': 'l2'}. Best is trial 1 with value: 0.55.
[I 2026-04-13 12:58:01,795] Trial 22 finished with value: 0.55 and parameters: {'C': 0.038718319497447425, 'penalty': 'l2'}. Best is trial 1 with value: 0.55.
[I 2026-04-13 12:58:01,811] Trial 23 finished with value: 0.5 and parameters: {'C': 0.23250794685690104, 'penalty': 'l2'}. Best is trial 1 with value: 0.55.
[I 2026-04-13 12:58:01,828] Trial 24 finished with value: 0.45 and parameters: {'C': 0.0083035878155558, 'penalty': 'l2'}. Best is trial 1 with value: 0.55.
[I 2026-04-13 12:58:01,855] Trial 25 finished with value: 0.55 and parameters: {'C': 0.048665629476408956, 'penalty': 'l2'}. Best is trial 1 with value: 0.55.
[I 2026-04-13 12:58:01,886] Trial 26 finished with value: 0.45 and parameters: {'C': 1.1062333490571026, 'penalty': 'l2'}. Best is trial 1 with value: 0.55.
[I 2026-04-13 12:58:01,906] Trial 27 finished with value: 0.45 and parameters: {'C': 0.003947077827711475, 'penalty': 'l2'}. Best is trial 1 with value: 0.55.
[I 2026-04-13 12:58:01,922] Trial 28 finished with value: 0.45 and parameters: {'C': 0.01553572702787551, 'penalty': 'l2'}. Best is trial 1 with value: 0.55.
[I 2026-04-13 12:58:01,959] Trial 29 finished with value: 0.35 and parameters: {'C': 45.75034886101285, 'penalty': 'l2'}. Best is trial 1 with value: 0.55.
[I 2026-04-13 12:58:01,997] A new study created in memory with name: knn
[I 2026-04-13 12:58:02,015] Trial 0 finished with value: 0.55 and parameters: {'n_neighbors': 10, 'leaf_size': 26, 'p': 1}. Best is trial 0 with value: 0.55.
[I 2026-04-13 12:58:02,027] Trial 1 finished with value: 0.4 and parameters: {'n_neighbors': 3, 'leaf_size': 32, 'p': 1}. Best is trial 0 with value: 0.55.
[I 2026-04-13 12:58:02,040] Trial 2 finished with value: 0.65 and parameters: {'n_neighbors': 5, 'leaf_size': 33, 'p': 2}. Best is trial 2 with value: 0.65.
[I 2026-04-13 12:58:02,053] Trial 3 finished with value: 0.6 and parameters: {'n_neighbors': 7, 'leaf_size': 32, 'p': 2}. Best is trial 2 with value: 0.65.
[I 2026-04-13 12:58:02,066] Trial 4 finished with value: 0.55 and parameters: {'n_neighbors': 9, 'leaf_size': 28, 'p': 1}. Best is trial 2 with value: 0.65.
[I 2026-04-13 12:58:02,080] Trial 5 finished with value: 0.4 and parameters: {'n_neighbors': 3, 'leaf_size': 35, 'p': 1}. Best is trial 2 with value: 0.65.
[I 2026-04-13 12:58:02,093] Trial 6 finished with value: 0.35 and parameters: {'n_neighbors': 8, 'leaf_size': 31, 'p': 2}. Best is trial 2 with value: 0.65.
[I 2026-04-13 12:58:02,106] Trial 7 finished with value: 0.5 and parameters: {'n_neighbors': 6, 'leaf_size': 24, 'p': 2}. Best is trial 2 with value: 0.65.
[I 2026-04-13 12:58:02,119] Trial 8 finished with value: 0.65 and parameters: {'n_neighbors': 5, 'leaf_size': 34, 'p': 2}. Best is trial 2 with value: 0.65.
[I 2026-04-13 12:58:02,133] Trial 9 finished with value: 0.55 and parameters: {'n_neighbors': 10, 'leaf_size': 27, 'p': 2}. Best is trial 2 with value: 0.65.
[I 2026-04-13 12:58:02,158] Trial 10 finished with value: 0.65 and parameters: {'n_neighbors': 5, 'leaf_size': 40, 'p': 2}. Best is trial 2 with value: 0.65.
[I 2026-04-13 12:58:02,177] Trial 11 finished with value: 0.65 and parameters: {'n_neighbors': 5, 'leaf_size': 37, 'p': 2}. Best is trial 2 with value: 0.65.
[I 2026-04-13 12:58:02,200] Trial 12 finished with value: 0.65 and parameters: {'n_neighbors': 5, 'leaf_size': 35, 'p': 2}. Best is trial 2 with value: 0.65.
[I 2026-04-13 12:58:02,237] Trial 13 finished with value: 0.45 and parameters: {'n_neighbors': 4, 'leaf_size': 21, 'p': 2}. Best is trial 2 with value: 0.65.
[I 2026-04-13 12:58:02,263] Trial 14 finished with value: 0.6 and parameters: {'n_neighbors': 7, 'leaf_size': 35, 'p': 2}. Best is trial 2 with value: 0.65.
[I 2026-04-13 12:58:02,289] Trial 15 finished with value: 0.5 and parameters: {'n_neighbors': 6, 'leaf_size': 39, 'p': 2}. Best is trial 2 with value: 0.65.
[I 2026-04-13 12:58:02,312] Trial 16 finished with value: 0.45 and parameters: {'n_neighbors': 4, 'leaf_size': 30, 'p': 2}. Best is trial 2 with value: 0.65.
[I 2026-04-13 12:58:02,333] Trial 17 finished with value: 0.45 and parameters: {'n_neighbors': 4, 'leaf_size': 33, 'p': 2}. Best is trial 2 with value: 0.65.
[I 2026-04-13 12:58:02,360] Trial 18 finished with value: 0.55 and parameters: {'n_neighbors': 6, 'leaf_size': 37, 'p': 1}. Best is trial 2 with value: 0.65.
[I 2026-04-13 12:58:02,380] Trial 19 finished with value: 0.35 and parameters: {'n_neighbors': 8, 'leaf_size': 29, 'p': 2}. Best is trial 2 with value: 0.65.
[I 2026-04-13 12:58:02,401] Trial 20 finished with value: 0.65 and parameters: {'n_neighbors': 5, 'leaf_size': 34, 'p': 2}. Best is trial 2 with value: 0.65.
[I 2026-04-13 12:58:02,432] Trial 21 finished with value: 0.65 and parameters: {'n_neighbors': 5, 'leaf_size': 40, 'p': 2}. Best is trial 2 with value: 0.65.
[I 2026-04-13 12:58:02,472] Trial 22 finished with value: 0.45 and parameters: {'n_neighbors': 4, 'leaf_size': 38, 'p': 2}. Best is trial 2 with value: 0.65.
[I 2026-04-13 12:58:02,500] Trial 23 finished with value: 0.65 and parameters: {'n_neighbors': 5, 'leaf_size': 37, 'p': 2}. Best is trial 2 with value: 0.65.
[I 2026-04-13 12:58:02,524] Trial 24 finished with value: 0.5 and parameters: {'n_neighbors': 6, 'leaf_size': 40, 'p': 2}. Best is trial 2 with value: 0.65.
[I 2026-04-13 12:58:02,548] Trial 25 finished with value: 0.6 and parameters: {'n_neighbors': 7, 'leaf_size': 34, 'p': 2}. Best is trial 2 with value: 0.65.
[I 2026-04-13 12:58:02,574] Trial 26 finished with value: 0.4 and parameters: {'n_neighbors': 3, 'leaf_size': 36, 'p': 1}. Best is trial 2 with value: 0.65.
[I 2026-04-13 12:58:02,611] Trial 27 finished with value: 0.45 and parameters: {'n_neighbors': 4, 'leaf_size': 30, 'p': 2}. Best is trial 2 with value: 0.65.
[I 2026-04-13 12:58:02,638] Trial 28 finished with value: 0.65 and parameters: {'n_neighbors': 5, 'leaf_size': 25, 'p': 2}. Best is trial 2 with value: 0.65.
[I 2026-04-13 12:58:02,660] Trial 29 finished with value: 0.55 and parameters: {'n_neighbors': 6, 'leaf_size': 33, 'p': 1}. Best is trial 2 with value: 0.65.
[I 2026-04-13 12:58:02,732] A new study created in memory with name: xgb
[I 2026-04-13 12:58:02,757] Trial 0 finished with value: 0.4 and parameters: {'n_estimators': 10, 'max_depth': 30, 'gamma': 0.5768356259735394, 'subsample': 0.7094037142783272, 'colsample_bytree': 0.6677039246366646}. Best is trial 0 with value: 0.4.
[I 2026-04-13 12:58:02,795] Trial 1 finished with value: 0.45 and parameters: {'n_estimators': 100, 'max_depth': 30, 'gamma': 0.9912018442360747, 'subsample': 0.9099290984609207, 'colsample_bytree': 0.7066004674080903}. Best is trial 1 with value: 0.45.
