[I 2026-04-13 13:08:43,187] Trial 27 finished with value: 0.475 and parameters: {'n_estimators': 239, 'max_depth': 9, 'min_samples_split': 2, 'min_samples_leaf': 6}. Best is trial 1 with value: 0.5.
[I 2026-04-13 13:08:43,435] Trial 28 finished with value: 0.475 and parameters: {'n_estimators': 135, 'max_depth': 5, 'min_samples_split': 7, 'min_samples_leaf': 7}. Best is trial 1 with value: 0.5.
[I 2026-04-13 13:08:43,720] Trial 29 finished with value: 0.45 and parameters: {'n_estimators': 195, 'max_depth': 18, 'min_samples_split': 3, 'min_samples_leaf': 10}. Best is trial 1 with value: 0.5.
[I 2026-04-13 13:08:44,429] A new study created in memory with name: mlp
[I 2026-04-13 13:08:44,489] Trial 0 finished with value: 0.4 and parameters: {'hidden_layer_sizes': (200,), 'max_iter': 50, 'alpha': 0.001}. Best is trial 0 with value: 0.4.
[I 2026-04-13 13:08:44,587] Trial 1 finished with value: 0.375 and parameters: {'hidden_layer_sizes': (100,), 'max_iter': 100, 'alpha': 0.0001}. Best is trial 0 with value: 0.4.
[I 2026-04-13 13:08:44,664] Trial 2 finished with value: 0.375 and parameters: {'hidden_layer_sizes': (100,), 'max_iter': 100, 'alpha': 0.001}. Best is trial 0 with value: 0.4.
[I 2026-04-13 13:08:44,722] Trial 3 finished with value: 0.375 and parameters: {'hidden_layer_sizes': (200,), 'max_iter': 50, 'alpha': 0.001}. Best is trial 0 with value: 0.4.
[I 2026-04-13 13:08:44,788] Trial 4 finished with value: 0.375 and parameters: {'hidden_layer_sizes': (100,), 'max_iter': 100, 'alpha': 0.0001}. Best is trial 0 with value: 0.4.
[I 2026-04-13 13:08:44,854] Trial 5 finished with value: 0.375 and parameters: {'hidden_layer_sizes': (100,), 'max_iter': 100, 'alpha': 0.001}. Best is trial 0 with value: 0.4.
[I 2026-04-13 13:08:44,949] Trial 6 finished with value: 0.375 and parameters: {'hidden_layer_sizes': (200,), 'max_iter': 100, 'alpha': 0.001}. Best is trial 0 with value: 0.4.
[I 2026-04-13 13:08:45,015] Trial 7 finished with value: 0.375 and parameters: {'hidden_layer_sizes': (200,), 'max_iter': 100, 'alpha': 0.001}. Best is trial 0 with value: 0.4.
[I 2026-04-13 13:08:45,091] Trial 8 finished with value: 0.375 and parameters: {'hidden_layer_sizes': (100,), 'max_iter': 100, 'alpha': 0.001}. Best is trial 0 with value: 0.4.
[I 2026-04-13 13:08:45,147] Trial 9 finished with value: 0.425 and parameters: {'hidden_layer_sizes': (100,), 'max_iter': 50, 'alpha': 0.001}. Best is trial 9 with value: 0.425.
[I 2026-04-13 13:08:45,205] Trial 10 finished with value: 0.375 and parameters: {'hidden_layer_sizes': (100, 100), 'max_iter': 50, 'alpha': 0.0001}. Best is trial 9 with value: 0.425.
[I 2026-04-13 13:08:45,273] Trial 11 finished with value: 0.375 and parameters: {'hidden_layer_sizes': (100, 100), 'max_iter': 50, 'alpha': 0.001}. Best is trial 9 with value: 0.425.
[I 2026-04-13 13:08:45,320] Trial 12 finished with value: 0.4 and parameters: {'hidden_layer_sizes': (200,), 'max_iter': 50, 'alpha': 0.001}. Best is trial 9 with value: 0.425.
[I 2026-04-13 13:08:45,370] Trial 13 finished with value: 0.375 and parameters: {'hidden_layer_sizes': (200,), 'max_iter': 50, 'alpha': 0.001}. Best is trial 9 with value: 0.425.
[I 2026-04-13 13:08:45,430] Trial 14 finished with value: 0.375 and parameters: {'hidden_layer_sizes': (100, 100), 'max_iter': 50, 'alpha': 0.0001}. Best is trial 9 with value: 0.425.
[I 2026-04-13 13:08:45,480] Trial 15 finished with value: 0.45 and parameters: {'hidden_layer_sizes': (100,), 'max_iter': 50, 'alpha': 0.001}. Best is trial 15 with value: 0.45.
[I 2026-04-13 13:08:45,541] Trial 16 finished with value: 0.425 and parameters: {'hidden_layer_sizes': (100,), 'max_iter': 50, 'alpha': 0.001}. Best is trial 15 with value: 0.45.
[I 2026-04-13 13:08:45,612] Trial 17 finished with value: 0.425 and parameters: {'hidden_layer_sizes': (100,), 'max_iter': 50, 'alpha': 0.001}. Best is trial 15 with value: 0.45.
[I 2026-04-13 13:08:45,649] Trial 18 finished with value: 0.425 and parameters: {'hidden_layer_sizes': (100,), 'max_iter': 50, 'alpha': 0.0001}. Best is trial 15 with value: 0.45.
[I 2026-04-13 13:08:45,706] Trial 19 finished with value: 0.4 and parameters: {'hidden_layer_sizes': (100,), 'max_iter': 50, 'alpha': 0.001}. Best is trial 15 with value: 0.45.
[I 2026-04-13 13:08:45,764] Trial 20 finished with value: 0.425 and parameters: {'hidden_layer_sizes': (100,), 'max_iter': 50, 'alpha': 0.001}. Best is trial 15 with value: 0.45.
[I 2026-04-13 13:08:45,812] Trial 21 finished with value: 0.425 and parameters: {'hidden_layer_sizes': (100,), 'max_iter': 50, 'alpha': 0.001}. Best is trial 15 with value: 0.45.
[I 2026-04-13 13:08:45,869] Trial 22 finished with value: 0.4 and parameters: {'hidden_layer_sizes': (100,), 'max_iter': 50, 'alpha': 0.001}. Best is trial 15 with value: 0.45.
[I 2026-04-13 13:08:45,927] Trial 23 finished with value: 0.425 and parameters: {'hidden_layer_sizes': (100,), 'max_iter': 50, 'alpha': 0.001}. Best is trial 15 with value: 0.45.
[I 2026-04-13 13:08:45,994] Trial 24 finished with value: 0.425 and parameters: {'hidden_layer_sizes': (100,), 'max_iter': 50, 'alpha': 0.001}. Best is trial 15 with value: 0.45.
[I 2026-04-13 13:08:46,082] Trial 25 finished with value: 0.375 and parameters: {'hidden_layer_sizes': (100, 100), 'max_iter': 50, 'alpha': 0.001}. Best is trial 15 with value: 0.45.
[I 2026-04-13 13:08:46,141] Trial 26 finished with value: 0.425 and parameters: {'hidden_layer_sizes': (100,), 'max_iter': 50, 'alpha': 0.0001}. Best is trial 15 with value: 0.45.
[I 2026-04-13 13:08:46,198] Trial 27 finished with value: 0.425 and parameters: {'hidden_layer_sizes': (100,), 'max_iter': 50, 'alpha': 0.001}. Best is trial 15 with value: 0.45.
[I 2026-04-13 13:08:46,248] Trial 28 finished with value: 0.4 and parameters: {'hidden_layer_sizes': (100,), 'max_iter': 50, 'alpha': 0.001}. Best is trial 15 with value: 0.45.
[I 2026-04-13 13:08:46,310] Trial 29 finished with value: 0.4 and parameters: {'hidden_layer_sizes': (100, 100), 'max_iter': 50, 'alpha': 0.001}. Best is trial 15 with value: 0.45.
[I 2026-04-13 13:08:46,493] A new study created in memory with name: naive_bayes
[I 2026-04-13 13:08:46,510] Trial 0 finished with value: 0.475 and parameters: {'var_smoothing': 2.7796258518939306e-10}. Best is trial 0 with value: 0.475.
[I 2026-04-13 13:08:46,522] Trial 1 finished with value: 0.475 and parameters: {'var_smoothing': 5.513972710118387e-09}. Best is trial 0 with value: 0.475.
[I 2026-04-13 13:08:46,536] Trial 2 finished with value: 0.475 and parameters: {'var_smoothing': 2.590826381512706e-10}. Best is trial 0 with value: 0.475.
[I 2026-04-13 13:08:46,549] Trial 3 finished with value: 0.475 and parameters: {'var_smoothing': 6.874194498027403e-09}. Best is trial 0 with value: 0.475.
[I 2026-04-13 13:08:46,561] Trial 4 finished with value: 0.475 and parameters: {'var_smoothing': 9.480306482679771e-10}. Best is trial 0 with value: 0.475.
[I 2026-04-13 13:08:46,575] Trial 5 finished with value: 0.475 and parameters: {'var_smoothing': 1.6729683536668864e-09}. Best is trial 0 with value: 0.475.
[I 2026-04-13 13:08:46,590] Trial 6 finished with value: 0.475 and parameters: {'var_smoothing': 3.402637726935598e-09}. Best is trial 0 with value: 0.475.
[I 2026-04-13 13:08:46,603] Trial 7 finished with value: 0.475 and parameters: {'var_smoothing': 1.0885189040847657e-09}. Best is trial 0 with value: 0.475.
[I 2026-04-13 13:08:46,616] Trial 8 finished with value: 0.475 and parameters: {'var_smoothing': 3.922843686541149e-10}. Best is trial 0 with value: 0.475.
[I 2026-04-13 13:08:46,629] Trial 9 finished with value: 0.475 and parameters: {'var_smoothing': 2.3737908819373785e-10}. Best is trial 0 with value: 0.475.
[I 2026-04-13 13:08:46,649] Trial 10 finished with value: 0.475 and parameters: {'var_smoothing': 1.005826617097841e-10}. Best is trial 0 with value: 0.475.
[I 2026-04-13 13:08:46,666] Trial 11 finished with value: 0.475 and parameters: {'var_smoothing': 8.246040091550826e-09}. Best is trial 0 with value: 0.475.
[I 2026-04-13 13:08:46,685] Trial 12 finished with value: 0.475 and parameters: {'var_smoothing': 5.714429769091136e-10}. Best is trial 0 with value: 0.475.
[I 2026-04-13 13:08:46,715] Trial 13 finished with value: 0.475 and parameters: {'var_smoothing': 3.0046394488828834e-09}. Best is trial 0 with value: 0.475.
[I 2026-04-13 13:08:46,735] Trial 14 finished with value: 0.475 and parameters: {'var_smoothing': 1.0161521526134228e-10}. Best is trial 0 with value: 0.475.
[I 2026-04-13 13:08:46,752] Trial 15 finished with value: 0.475 and parameters: {'var_smoothing': 3.455011319435438e-09}. Best is trial 0 with value: 0.475.
[I 2026-04-13 13:08:46,769] Trial 16 finished with value: 0.475 and parameters: {'var_smoothing': 2.2038800241203009e-10}. Best is trial 0 with value: 0.475.
[I 2026-04-13 13:08:46,786] Trial 17 finished with value: 0.475 and parameters: {'var_smoothing': 1.8515987176145925e-09}. Best is trial 0 with value: 0.475.
[I 2026-04-13 13:08:46,804] Trial 18 finished with value: 0.475 and parameters: {'var_smoothing': 5.024285700153026e-10}. Best is trial 0 with value: 0.475.
[I 2026-04-13 13:08:46,821] Trial 19 finished with value: 0.475 and parameters: {'var_smoothing': 4.958025424412893e-09}. Best is trial 0 with value: 0.475.
[I 2026-04-13 13:08:46,836] Trial 20 finished with value: 0.475 and parameters: {'var_smoothing': 8.344000526157384e-10}. Best is trial 0 with value: 0.475.
[I 2026-04-13 13:08:46,856] Trial 21 finished with value: 0.475 and parameters: {'var_smoothing': 2.46080689865309e-10}. Best is trial 0 with value: 0.475.
[I 2026-04-13 13:08:46,873] Trial 22 finished with value: 0.475 and parameters: {'var_smoothing': 1.4445108350594728e-10}. Best is trial 0 with value: 0.475.
[I 2026-04-13 13:08:46,891] Trial 23 finished with value: 0.475 and parameters: {'var_smoothing': 3.3715577896606737e-10}. Best is trial 0 with value: 0.475.
[I 2026-04-13 13:08:46,918] Trial 24 finished with value: 0.475 and parameters: {'var_smoothing': 1.572466431855027e-10}. Best is trial 0 with value: 0.475.
[I 2026-04-13 13:08:46,941] Trial 25 finished with value: 0.475 and parameters: {'var_smoothing': 7.281746293576245e-10}. Best is trial 0 with value: 0.475.
[I 2026-04-13 13:08:46,960] Trial 26 finished with value: 0.475 and parameters: {'var_smoothing': 3.386254640873244e-10}. Best is trial 0 with value: 0.475.
[I 2026-04-13 13:08:46,978] Trial 27 finished with value: 0.475 and parameters: {'var_smoothing': 1.3918180959975328e-09}. Best is trial 0 with value: 0.475.
[I 2026-04-13 13:08:46,999] Trial 28 finished with value: 0.475 and parameters: {'var_smoothing': 2.3715836084533434e-09}. Best is trial 0 with value: 0.475.
[I 2026-04-13 13:08:47,020] Trial 29 finished with value: 0.475 and parameters: {'var_smoothing': 9.477075781575649e-09}. Best is trial 0 with value: 0.475.
[I 2026-04-13 13:08:47,057] A new study created in memory with name: logreg
[I 2026-04-13 13:08:47,082] Trial 0 finished with value: 0.375 and parameters: {'C': 0.012881482725481003, 'penalty': 'l2'}. Best is trial 0 with value: 0.375.
[I 2026-04-13 13:08:47,108] Trial 1 finished with value: 0.4 and parameters: {'C': 22.576755560681583, 'penalty': 'l2'}. Best is trial 1 with value: 0.4.
[I 2026-04-13 13:08:47,124] Trial 2 finished with value: 0.4 and parameters: {'C': 0.010804278656839932, 'penalty': 'l2'}. Best is trial 1 with value: 0.4.
[I 2026-04-13 13:08:47,151] Trial 3 finished with value: 0.4 and parameters: {'C': 39.17910760336117, 'penalty': 'l2'}. Best is trial 1 with value: 0.4.
[I 2026-04-13 13:08:47,177] Trial 4 finished with value: 0.425 and parameters: {'C': 0.2767298094062571, 'penalty': 'l2'}. Best is trial 4 with value: 0.425.
[I 2026-04-13 13:08:47,202] Trial 5 finished with value: 0.45 and parameters: {'C': 1.1447728330837224, 'penalty': 'l2'}. Best is trial 5 with value: 0.45.
[I 2026-04-13 13:08:47,225] Trial 6 finished with value: 0.4 and parameters: {'C': 6.753661388238877, 'penalty': 'l2'}. Best is trial 5 with value: 0.45.
[I 2026-04-13 13:08:47,249] Trial 7 finished with value: 0.425 and parameters: {'C': 0.39092184460352974, 'penalty': 'l2'}. Best is trial 5 with value: 0.45.
[I 2026-04-13 13:08:47,262] Trial 8 finished with value: 0.4 and parameters: {'C': 0.03047912590082646, 'penalty': 'l2'}. Best is trial 5 with value: 0.45.
[I 2026-04-13 13:08:47,276] Trial 9 finished with value: 0.4 and parameters: {'C': 0.008681727362499118, 'penalty': 'l2'}. Best is trial 5 with value: 0.45.
[I 2026-04-13 13:08:47,293] Trial 10 finished with value: 0.4 and parameters: {'C': 0.0010280973566261366, 'penalty': 'l2'}. Best is trial 5 with value: 0.45.
[I 2026-04-13 13:08:47,322] Trial 11 finished with value: 0.45 and parameters: {'C': 0.8166723998125255, 'penalty': 'l2'}. Best is trial 5 with value: 0.45.
[I 2026-04-13 13:08:47,348] Trial 12 finished with value: 0.45 and parameters: {'C': 0.8500710608805132, 'penalty': 'l2'}. Best is trial 5 with value: 0.45.
[I 2026-04-13 13:08:47,376] Trial 13 finished with value: 0.425 and parameters: {'C': 2.4786542045107063, 'penalty': 'l2'}. Best is trial 5 with value: 0.45.
[I 2026-04-13 13:08:47,392] Trial 14 finished with value: 0.4 and parameters: {'C': 0.08815149270361941, 'penalty': 'l2'}. Best is trial 5 with value: 0.45.
[I 2026-04-13 13:08:47,421] Trial 15 finished with value: 0.425 and parameters: {'C': 2.7407703927740763, 'penalty': 'l2'}. Best is trial 5 with value: 0.45.
[I 2026-04-13 13:08:47,449] Trial 16 finished with value: 0.4 and parameters: {'C': 10.462276797274829, 'penalty': 'l2'}. Best is trial 5 with value: 0.45.
[I 2026-04-13 13:08:47,490] Trial 17 finished with value: 0.425 and parameters: {'C': 95.84891100169526, 'penalty': 'l2'}. Best is trial 5 with value: 0.45.
[I 2026-04-13 13:08:47,521] Trial 18 finished with value: 0.45 and parameters: {'C': 0.9036855149532711, 'penalty': 'l2'}. Best is trial 5 with value: 0.45.
[I 2026-04-13 13:08:47,552] Trial 19 finished with value: 0.425 and parameters: {'C': 0.13771824609183494, 'penalty': 'l2'}. Best is trial 5 with value: 0.45.
[I 2026-04-13 13:08:47,583] Trial 20 finished with value: 0.425 and parameters: {'C': 2.536701653680683, 'penalty': 'l2'}. Best is trial 5 with value: 0.45.
[I 2026-04-13 13:08:47,615] Trial 21 finished with value: 0.45 and parameters: {'C': 0.7501213618919096, 'penalty': 'l2'}. Best is trial 5 with value: 0.45.
[I 2026-04-13 13:08:47,634] Trial 22 finished with value: 0.45 and parameters: {'C': 1.280559390729025, 'penalty': 'l2'}. Best is trial 5 with value: 0.45.
[I 2026-04-13 13:08:47,664] Trial 23 finished with value: 0.425 and parameters: {'C': 0.10023288212538625, 'penalty': 'l2'}. Best is trial 5 with value: 0.45.
[I 2026-04-13 13:08:47,682] Trial 24 finished with value: 0.425 and parameters: {'C': 0.33193021904464115, 'penalty': 'l2'}. Best is trial 5 with value: 0.45.
[I 2026-04-13 13:08:47,714] Trial 25 finished with value: 0.4 and parameters: {'C': 0.04427467552519617, 'penalty': 'l2'}. Best is trial 5 with value: 0.45.
[I 2026-04-13 13:08:47,745] Trial 26 finished with value: 0.4 and parameters: {'C': 8.174880077210403, 'penalty': 'l2'}. Best is trial 5 with value: 0.45.
[I 2026-04-13 13:08:47,776] Trial 27 finished with value: 0.45 and parameters: {'C': 1.4465034913577834, 'penalty': 'l2'}. Best is trial 5 with value: 0.45.
[I 2026-04-13 13:08:47,805] Trial 28 finished with value: 0.4 and parameters: {'C': 5.0355450036013005, 'penalty': 'l2'}. Best is trial 5 with value: 0.45.
[I 2026-04-13 13:08:47,836] Trial 29 finished with value: 0.45 and parameters: {'C': 0.5511681301396717, 'penalty': 'l2'}. Best is trial 5 with value: 0.45.
[I 2026-04-13 13:08:47,885] A new study created in memory with name: knn
[I 2026-04-13 13:08:47,900] Trial 0 finished with value: 0.35 and parameters: {'n_neighbors': 4, 'leaf_size': 38, 'p': 2}. Best is trial 0 with value: 0.35.
[I 2026-04-13 13:08:47,917] Trial 1 finished with value: 0.35 and parameters: {'n_neighbors': 6, 'leaf_size': 32, 'p': 1}. Best is trial 0 with value: 0.35.
[I 2026-04-13 13:08:47,932] Trial 2 finished with value: 0.4 and parameters: {'n_neighbors': 5, 'leaf_size': 23, 'p': 2}. Best is trial 2 with value: 0.4.
[I 2026-04-13 13:08:47,947] Trial 3 finished with value: 0.35 and parameters: {'n_neighbors': 6, 'leaf_size': 23, 'p': 1}. Best is trial 2 with value: 0.4.
[I 2026-04-13 13:08:47,963] Trial 4 finished with value: 0.35 and parameters: {'n_neighbors': 6, 'leaf_size': 26, 'p': 1}. Best is trial 2 with value: 0.4.
[I 2026-04-13 13:08:47,978] Trial 5 finished with value: 0.475 and parameters: {'n_neighbors': 7, 'leaf_size': 25, 'p': 1}. Best is trial 5 with value: 0.475.
[I 2026-04-13 13:08:47,993] Trial 6 finished with value: 0.4 and parameters: {'n_neighbors': 5, 'leaf_size': 23, 'p': 2}. Best is trial 5 with value: 0.475.
[I 2026-04-13 13:08:48,009] Trial 7 finished with value: 0.45 and parameters: {'n_neighbors': 10, 'leaf_size': 23, 'p': 2}. Best is trial 5 with value: 0.475.
[I 2026-04-13 13:08:48,022] Trial 8 finished with value: 0.425 and parameters: {'n_neighbors': 8, 'leaf_size': 36, 'p': 2}. Best is trial 5 with value: 0.475.
[I 2026-04-13 13:08:48,036] Trial 9 finished with value: 0.35 and parameters: {'n_neighbors': 3, 'leaf_size': 30, 'p': 2}. Best is trial 5 with value: 0.475.
[I 2026-04-13 13:08:48,058] Trial 10 finished with value: 0.425 and parameters: {'n_neighbors': 8, 'leaf_size': 29, 'p': 1}. Best is trial 5 with value: 0.475.
[I 2026-04-13 13:08:48,079] Trial 11 finished with value: 0.45 and parameters: {'n_neighbors': 10, 'leaf_size': 20, 'p': 1}. Best is trial 5 with value: 0.475.
[I 2026-04-13 13:08:48,098] Trial 12 finished with value: 0.45 and parameters: {'n_neighbors': 10, 'leaf_size': 27, 'p': 1}. Best is trial 5 with value: 0.475.
[I 2026-04-13 13:08:48,121] Trial 13 finished with value: 0.425 and parameters: {'n_neighbors': 8, 'leaf_size': 20, 'p': 2}. Best is trial 5 with value: 0.475.
[I 2026-04-13 13:08:48,141] Trial 14 finished with value: 0.4 and parameters: {'n_neighbors': 9, 'leaf_size': 25, 'p': 2}. Best is trial 5 with value: 0.475.
[I 2026-04-13 13:08:48,165] Trial 15 finished with value: 0.475 and parameters: {'n_neighbors': 7, 'leaf_size': 33, 'p': 1}. Best is trial 5 with value: 0.475.
[I 2026-04-13 13:08:48,185] Trial 16 finished with value: 0.475 and parameters: {'n_neighbors': 7, 'leaf_size': 34, 'p': 1}. Best is trial 5 with value: 0.475.
[I 2026-04-13 13:08:48,206] Trial 17 finished with value: 0.475 and parameters: {'n_neighbors': 7, 'leaf_size': 40, 'p': 1}. Best is trial 5 with value: 0.475.
[I 2026-04-13 13:08:48,227] Trial 18 finished with value: 0.475 and parameters: {'n_neighbors': 7, 'leaf_size': 33, 'p': 1}. Best is trial 5 with value: 0.475.
[I 2026-04-13 13:08:48,250] Trial 19 finished with value: 0.4 and parameters: {'n_neighbors': 5, 'leaf_size': 28, 'p': 1}. Best is trial 5 with value: 0.475.
[I 2026-04-13 13:08:48,283] Trial 20 finished with value: 0.4 and parameters: {'n_neighbors': 9, 'leaf_size': 35, 'p': 1}. Best is trial 5 with value: 0.475.
[I 2026-04-13 13:08:48,309] Trial 21 finished with value: 0.475 and parameters: {'n_neighbors': 7, 'leaf_size': 32, 'p': 1}. Best is trial 5 with value: 0.475.
[I 2026-04-13 13:08:48,336] Trial 22 finished with value: 0.475 and parameters: {'n_neighbors': 7, 'leaf_size': 34, 'p': 1}. Best is trial 5 with value: 0.475.
[I 2026-04-13 13:08:48,362] Trial 23 finished with value: 0.425 and parameters: {'n_neighbors': 8, 'leaf_size': 37, 'p': 1}. Best is trial 5 with value: 0.475.
[I 2026-04-13 13:08:48,392] Trial 24 finished with value: 0.35 and parameters: {'n_neighbors': 6, 'leaf_size': 31, 'p': 1}. Best is trial 5 with value: 0.475.
[I 2026-04-13 13:08:48,412] Trial 25 finished with value: 0.4 and parameters: {'n_neighbors': 9, 'leaf_size': 34, 'p': 1}. Best is trial 5 with value: 0.475.
[I 2026-04-13 13:08:48,436] Trial 26 finished with value: 0.475 and parameters: {'n_neighbors': 7, 'leaf_size': 39, 'p': 1}. Best is trial 5 with value: 0.475.
[I 2026-04-13 13:08:48,460] Trial 27 finished with value: 0.425 and parameters: {'n_neighbors': 8, 'leaf_size': 30, 'p': 1}. Best is trial 5 with value: 0.475.
[I 2026-04-13 13:08:48,481] Trial 28 finished with value: 0.4 and parameters: {'n_neighbors': 5, 'leaf_size': 35, 'p': 1}. Best is trial 5 with value: 0.475.
[I 2026-04-13 13:08:48,507] Trial 29 finished with value: 0.35 and parameters: {'n_neighbors': 4, 'leaf_size': 37, 'p': 1}. Best is trial 5 with value: 0.475.
[I 2026-04-13 13:08:48,531] A new study created in memory with name: xgb
[I 2026-04-13 13:08:48,578] Trial 0 finished with value: 0.375 and parameters: {'n_estimators': 40, 'max_depth': 5, 'gamma': 0.789317070832284, 'subsample': 0.7592089939364717, 'colsample_bytree': 0.648400250788111}. Best is trial 0 with value: 0.375.
[I 2026-04-13 13:08:48,617] Trial 1 finished with value: 0.325 and parameters: {'n_estimators': 100, 'max_depth': 30, 'gamma': 0.34667781579300216, 'subsample': 0.7071175095405257, 'colsample_bytree': 0.6480399663668239}. Best is trial 0 with value: 0.375.
[I 2026-04-13 13:08:48,644] Trial 2 finished with value: 0.325 and parameters: {'n_estimators': 10, 'max_depth': 20, 'gamma': 0.3948075529198607, 'subsample': 0.5720821503267102, 'colsample_bytree': 0.5828064306006338}. Best is trial 0 with value: 0.375.
[I 2026-04-13 13:08:48,674] Trial 3 finished with value: 0.4 and parameters: {'n_estimators': 10, 'max_depth': 30, 'gamma': 0.8015631269999768, 'subsample': 0.5114665462195407, 'colsample_bytree': 0.788831429064878}. Best is trial 3 with value: 0.4.
[I 2026-04-13 13:08:48,714] Trial 4 finished with value: 0.4 and parameters: {'n_estimators': 100, 'max_depth': 5, 'gamma': 0.8834347783013348, 'subsample': 0.961374806972835, 'colsample_bytree': 0.5011071062662218}. Best is trial 3 with value: 0.4.
