[I 2026-04-13 13:02:17,555] Trial 23 finished with value: 0.55 and parameters: {'var_smoothing': 6.750528289210463e-09}. Best is trial 0 with value: 0.55.
[I 2026-04-13 13:02:17,583] Trial 24 finished with value: 0.55 and parameters: {'var_smoothing': 2.2780337647355764e-09}. Best is trial 0 with value: 0.55.
[I 2026-04-13 13:02:17,602] Trial 25 finished with value: 0.55 and parameters: {'var_smoothing': 3.986918574074946e-09}. Best is trial 0 with value: 0.55.
[I 2026-04-13 13:02:17,621] Trial 26 finished with value: 0.55 and parameters: {'var_smoothing': 1.7707565248297843e-09}. Best is trial 0 with value: 0.55.
[I 2026-04-13 13:02:17,640] Trial 27 finished with value: 0.55 and parameters: {'var_smoothing': 6.732492847962814e-09}. Best is trial 0 with value: 0.55.
[I 2026-04-13 13:02:17,659] Trial 28 finished with value: 0.55 and parameters: {'var_smoothing': 3.8684773890893174e-10}. Best is trial 0 with value: 0.55.
[I 2026-04-13 13:02:17,677] Trial 29 finished with value: 0.55 and parameters: {'var_smoothing': 1.5480090897085013e-09}. Best is trial 0 with value: 0.55.
[I 2026-04-13 13:02:17,712] A new study created in memory with name: logreg
[I 2026-04-13 13:02:17,736] Trial 0 finished with value: 0.6 and parameters: {'C': 23.288794782471303, 'penalty': 'l2'}. Best is trial 0 with value: 0.6.
[I 2026-04-13 13:02:17,771] Trial 1 finished with value: 0.65 and parameters: {'C': 69.61507800412923, 'penalty': 'l2'}. Best is trial 1 with value: 0.65.
[I 2026-04-13 13:02:17,807] Trial 2 finished with value: 0.6 and parameters: {'C': 22.180569925473442, 'penalty': 'l2'}. Best is trial 1 with value: 0.65.
[I 2026-04-13 13:02:17,831] Trial 3 finished with value: 0.6 and parameters: {'C': 0.4511058486037652, 'penalty': 'l2'}. Best is trial 1 with value: 0.65.
[I 2026-04-13 13:02:17,856] Trial 4 finished with value: 0.65 and parameters: {'C': 0.014576110093994574, 'penalty': 'l2'}. Best is trial 1 with value: 0.65.
[I 2026-04-13 13:02:17,881] Trial 5 finished with value: 0.55 and parameters: {'C': 0.0011402340906886685, 'penalty': 'l2'}. Best is trial 1 with value: 0.65.
[I 2026-04-13 13:02:17,906] Trial 6 finished with value: 0.6 and parameters: {'C': 0.14201822862985758, 'penalty': 'l2'}. Best is trial 1 with value: 0.65.
[I 2026-04-13 13:02:17,931] Trial 7 finished with value: 0.6 and parameters: {'C': 0.1027440782219989, 'penalty': 'l2'}. Best is trial 1 with value: 0.65.
[I 2026-04-13 13:02:17,960] Trial 8 finished with value: 0.6 and parameters: {'C': 0.41055690122086846, 'penalty': 'l2'}. Best is trial 1 with value: 0.65.
[I 2026-04-13 13:02:17,975] Trial 9 finished with value: 0.6 and parameters: {'C': 0.24658064201770763, 'penalty': 'l2'}. Best is trial 1 with value: 0.65.
[I 2026-04-13 13:02:18,018] Trial 10 finished with value: 0.65 and parameters: {'C': 92.46141821928147, 'penalty': 'l2'}. Best is trial 1 with value: 0.65.
[I 2026-04-13 13:02:18,046] Trial 11 finished with value: 0.55 and parameters: {'C': 0.003961934681150152, 'penalty': 'l2'}. Best is trial 1 with value: 0.65.
[I 2026-04-13 13:02:18,068] Trial 12 finished with value: 0.7 and parameters: {'C': 0.019388131770559862, 'penalty': 'l2'}. Best is trial 12 with value: 0.7.
[I 2026-04-13 13:02:18,096] Trial 13 finished with value: 0.6 and parameters: {'C': 2.8256748222062242, 'penalty': 'l2'}. Best is trial 12 with value: 0.7.
[I 2026-04-13 13:02:18,126] Trial 14 finished with value: 0.7 and parameters: {'C': 0.027711431969747295, 'penalty': 'l2'}. Best is trial 12 with value: 0.7.
[I 2026-04-13 13:02:18,157] Trial 15 finished with value: 0.65 and parameters: {'C': 0.029441759292267836, 'penalty': 'l2'}. Best is trial 12 with value: 0.7.
[I 2026-04-13 13:02:18,186] Trial 16 finished with value: 0.65 and parameters: {'C': 0.01708997997071008, 'penalty': 'l2'}. Best is trial 12 with value: 0.7.
[I 2026-04-13 13:02:18,203] Trial 17 finished with value: 0.55 and parameters: {'C': 0.0042815732142654096, 'penalty': 'l2'}. Best is trial 12 with value: 0.7.
[I 2026-04-13 13:02:18,233] Trial 18 finished with value: 0.65 and parameters: {'C': 0.04479217777943597, 'penalty': 'l2'}. Best is trial 12 with value: 0.7.
[I 2026-04-13 13:02:18,263] Trial 19 finished with value: 0.6 and parameters: {'C': 2.3119897940385807, 'penalty': 'l2'}. Best is trial 12 with value: 0.7.
[I 2026-04-13 13:02:18,282] Trial 20 finished with value: 0.6 and parameters: {'C': 0.005478153681146061, 'penalty': 'l2'}. Best is trial 12 with value: 0.7.
[I 2026-04-13 13:02:18,311] Trial 21 finished with value: 0.6 and parameters: {'C': 1.9708331270673207, 'penalty': 'l2'}. Best is trial 12 with value: 0.7.
[I 2026-04-13 13:02:18,344] Trial 22 finished with value: 0.65 and parameters: {'C': 0.05275101103374245, 'penalty': 'l2'}. Best is trial 12 with value: 0.7.
[I 2026-04-13 13:02:18,370] Trial 23 finished with value: 0.55 and parameters: {'C': 0.0012101459785425117, 'penalty': 'l2'}. Best is trial 12 with value: 0.7.
[I 2026-04-13 13:02:18,405] Trial 24 finished with value: 0.6 and parameters: {'C': 0.9264599400416218, 'penalty': 'l2'}. Best is trial 12 with value: 0.7.
[I 2026-04-13 13:02:18,423] Trial 25 finished with value: 0.6 and parameters: {'C': 0.008406185152541526, 'penalty': 'l2'}. Best is trial 12 with value: 0.7.
[I 2026-04-13 13:02:18,451] Trial 26 finished with value: 0.6 and parameters: {'C': 12.543221926260607, 'penalty': 'l2'}. Best is trial 12 with value: 0.7.
[I 2026-04-13 13:02:18,483] Trial 27 finished with value: 0.6 and parameters: {'C': 0.09590946057783233, 'penalty': 'l2'}. Best is trial 12 with value: 0.7.
[I 2026-04-13 13:02:18,521] Trial 28 finished with value: 0.65 and parameters: {'C': 97.68675943545121, 'penalty': 'l2'}. Best is trial 12 with value: 0.7.
[I 2026-04-13 13:02:18,554] Trial 29 finished with value: 0.6 and parameters: {'C': 6.55766855136341, 'penalty': 'l2'}. Best is trial 12 with value: 0.7.
[I 2026-04-13 13:02:18,594] A new study created in memory with name: knn
[I 2026-04-13 13:02:18,607] Trial 0 finished with value: 0.6 and parameters: {'n_neighbors': 9, 'leaf_size': 40, 'p': 1}. Best is trial 0 with value: 0.6.
[I 2026-04-13 13:02:18,620] Trial 1 finished with value: 0.4 and parameters: {'n_neighbors': 4, 'leaf_size': 20, 'p': 1}. Best is trial 0 with value: 0.6.
[I 2026-04-13 13:02:18,634] Trial 2 finished with value: 0.5 and parameters: {'n_neighbors': 7, 'leaf_size': 30, 'p': 1}. Best is trial 0 with value: 0.6.
[I 2026-04-13 13:02:18,647] Trial 3 finished with value: 0.6 and parameters: {'n_neighbors': 9, 'leaf_size': 34, 'p': 1}. Best is trial 0 with value: 0.6.
[I 2026-04-13 13:02:18,662] Trial 4 finished with value: 0.65 and parameters: {'n_neighbors': 5, 'leaf_size': 40, 'p': 1}. Best is trial 4 with value: 0.65.
[I 2026-04-13 13:02:18,675] Trial 5 finished with value: 0.5 and parameters: {'n_neighbors': 3, 'leaf_size': 40, 'p': 2}. Best is trial 4 with value: 0.65.
[I 2026-04-13 13:02:18,699] Trial 6 finished with value: 0.5 and parameters: {'n_neighbors': 3, 'leaf_size': 24, 'p': 2}. Best is trial 4 with value: 0.65.
[I 2026-04-13 13:02:18,713] Trial 7 finished with value: 0.65 and parameters: {'n_neighbors': 5, 'leaf_size': 40, 'p': 2}. Best is trial 4 with value: 0.65.
[I 2026-04-13 13:02:18,726] Trial 8 finished with value: 0.5 and parameters: {'n_neighbors': 6, 'leaf_size': 36, 'p': 1}. Best is trial 4 with value: 0.65.
[I 2026-04-13 13:02:18,750] Trial 9 finished with value: 0.5 and parameters: {'n_neighbors': 6, 'leaf_size': 25, 'p': 1}. Best is trial 4 with value: 0.65.
[I 2026-04-13 13:02:18,770] Trial 10 finished with value: 0.5 and parameters: {'n_neighbors': 7, 'leaf_size': 32, 'p': 2}. Best is trial 4 with value: 0.65.
[I 2026-04-13 13:02:18,793] Trial 11 finished with value: 0.65 and parameters: {'n_neighbors': 5, 'leaf_size': 37, 'p': 2}. Best is trial 4 with value: 0.65.
[I 2026-04-13 13:02:18,827] Trial 12 finished with value: 0.65 and parameters: {'n_neighbors': 5, 'leaf_size': 38, 'p': 2}. Best is trial 4 with value: 0.65.
[I 2026-04-13 13:02:18,847] Trial 13 finished with value: 0.65 and parameters: {'n_neighbors': 5, 'leaf_size': 30, 'p': 2}. Best is trial 4 with value: 0.65.
[I 2026-04-13 13:02:18,871] Trial 14 finished with value: 0.5 and parameters: {'n_neighbors': 8, 'leaf_size': 35, 'p': 1}. Best is trial 4 with value: 0.65.
[I 2026-04-13 13:02:18,905] Trial 15 finished with value: 0.4 and parameters: {'n_neighbors': 4, 'leaf_size': 39, 'p': 2}. Best is trial 4 with value: 0.65.
[I 2026-04-13 13:02:18,931] Trial 16 finished with value: 0.4 and parameters: {'n_neighbors': 4, 'leaf_size': 33, 'p': 2}. Best is trial 4 with value: 0.65.
[I 2026-04-13 13:02:18,953] Trial 17 finished with value: 0.5 and parameters: {'n_neighbors': 6, 'leaf_size': 26, 'p': 1}. Best is trial 4 with value: 0.65.
[I 2026-04-13 13:02:18,978] Trial 18 finished with value: 0.5 and parameters: {'n_neighbors': 8, 'leaf_size': 28, 'p': 2}. Best is trial 4 with value: 0.65.
[I 2026-04-13 13:02:19,000] Trial 19 finished with value: 0.65 and parameters: {'n_neighbors': 5, 'leaf_size': 37, 'p': 1}. Best is trial 4 with value: 0.65.
[I 2026-04-13 13:02:19,026] Trial 20 finished with value: 0.4 and parameters: {'n_neighbors': 4, 'leaf_size': 20, 'p': 1}. Best is trial 4 with value: 0.65.
[I 2026-04-13 13:02:19,052] Trial 21 finished with value: 0.65 and parameters: {'n_neighbors': 5, 'leaf_size': 37, 'p': 2}. Best is trial 4 with value: 0.65.
[I 2026-04-13 13:02:19,079] Trial 22 finished with value: 0.65 and parameters: {'n_neighbors': 5, 'leaf_size': 40, 'p': 2}. Best is trial 4 with value: 0.65.
[I 2026-04-13 13:02:19,104] Trial 23 finished with value: 0.5 and parameters: {'n_neighbors': 6, 'leaf_size': 38, 'p': 2}. Best is trial 4 with value: 0.65.
[I 2026-04-13 13:02:19,129] Trial 24 finished with value: 0.5 and parameters: {'n_neighbors': 7, 'leaf_size': 36, 'p': 2}. Best is trial 4 with value: 0.65.
[I 2026-04-13 13:02:19,154] Trial 25 finished with value: 0.55 and parameters: {'n_neighbors': 10, 'leaf_size': 38, 'p': 2}. Best is trial 4 with value: 0.65.
[I 2026-04-13 13:02:19,176] Trial 26 finished with value: 0.5 and parameters: {'n_neighbors': 3, 'leaf_size': 32, 'p': 2}. Best is trial 4 with value: 0.65.
[I 2026-04-13 13:02:19,196] Trial 27 finished with value: 0.4 and parameters: {'n_neighbors': 4, 'leaf_size': 40, 'p': 2}. Best is trial 4 with value: 0.65.
[I 2026-04-13 13:02:19,222] Trial 28 finished with value: 0.65 and parameters: {'n_neighbors': 5, 'leaf_size': 35, 'p': 1}. Best is trial 4 with value: 0.65.
[I 2026-04-13 13:02:19,244] Trial 29 finished with value: 0.5 and parameters: {'n_neighbors': 6, 'leaf_size': 39, 'p': 1}. Best is trial 4 with value: 0.65.
[I 2026-04-13 13:02:19,281] A new study created in memory with name: xgb
[I 2026-04-13 13:02:19,320] Trial 0 finished with value: 0.55 and parameters: {'n_estimators': 40, 'max_depth': 5, 'gamma': 0.4874219364632415, 'subsample': 0.7011756800186824, 'colsample_bytree': 0.7613373356762848}. Best is trial 0 with value: 0.55.
[I 2026-04-13 13:02:19,359] Trial 1 finished with value: 0.65 and parameters: {'n_estimators': 40, 'max_depth': 5, 'gamma': 0.483482593428573, 'subsample': 0.6445375140090439, 'colsample_bytree': 0.9869276206002231}. Best is trial 1 with value: 0.65.
[I 2026-04-13 13:02:19,386] Trial 2 finished with value: 0.55 and parameters: {'n_estimators': 10, 'max_depth': 5, 'gamma': 0.16384856027517886, 'subsample': 0.6123849694840227, 'colsample_bytree': 0.6968174574718025}. Best is trial 1 with value: 0.65.
[I 2026-04-13 13:02:19,434] Trial 3 finished with value: 0.5 and parameters: {'n_estimators': 100, 'max_depth': 30, 'gamma': 0.7877441182293641, 'subsample': 0.9694019566553859, 'colsample_bytree': 0.6598448982335139}. Best is trial 1 with value: 0.65.
[I 2026-04-13 13:02:19,474] Trial 4 finished with value: 0.55 and parameters: {'n_estimators': 100, 'max_depth': 5, 'gamma': 0.816017102586079, 'subsample': 0.5160040782128984, 'colsample_bytree': 0.7277239110529665}. Best is trial 1 with value: 0.65.
[I 2026-04-13 13:02:19,502] Trial 5 finished with value: 0.6 and parameters: {'n_estimators': 40, 'max_depth': 20, 'gamma': 0.6643500821697236, 'subsample': 0.6076588997363731, 'colsample_bytree': 0.5754850538287481}. Best is trial 1 with value: 0.65.
[I 2026-04-13 13:02:19,538] Trial 6 finished with value: 0.55 and parameters: {'n_estimators': 100, 'max_depth': 20, 'gamma': 0.6361752212866232, 'subsample': 0.8309913561372338, 'colsample_bytree': 0.7552902276266351}. Best is trial 1 with value: 0.65.
[I 2026-04-13 13:02:19,565] Trial 7 finished with value: 0.55 and parameters: {'n_estimators': 10, 'max_depth': 5, 'gamma': 0.5767347850317142, 'subsample': 0.7995431264700696, 'colsample_bytree': 0.8604622333437917}. Best is trial 1 with value: 0.65.
[I 2026-04-13 13:02:19,611] Trial 8 finished with value: 0.5 and parameters: {'n_estimators': 100, 'max_depth': 20, 'gamma': 0.8470554948938058, 'subsample': 0.860339005739911, 'colsample_bytree': 0.9331308414408237}. Best is trial 1 with value: 0.65.
[I 2026-04-13 13:02:19,658] Trial 9 finished with value: 0.5 and parameters: {'n_estimators': 100, 'max_depth': 30, 'gamma': 0.574951454577921, 'subsample': 0.9696020680119358, 'colsample_bytree': 0.8616917074936369}. Best is trial 1 with value: 0.65.
[I 2026-04-13 13:02:19,701] Trial 10 finished with value: 0.65 and parameters: {'n_estimators': 40, 'max_depth': 5, 'gamma': 0.32359117507032664, 'subsample': 0.6830443145605672, 'colsample_bytree': 0.9880791395471188}. Best is trial 1 with value: 0.65.
[I 2026-04-13 13:02:19,749] Trial 11 finished with value: 0.65 and parameters: {'n_estimators': 40, 'max_depth': 5, 'gamma': 0.35063715305191356, 'subsample': 0.6951291698642672, 'colsample_bytree': 0.9644255636822635}. Best is trial 1 with value: 0.65.
[I 2026-04-13 13:02:19,787] Trial 12 finished with value: 0.65 and parameters: {'n_estimators': 40, 'max_depth': 5, 'gamma': 0.342639042602621, 'subsample': 0.6368323576160742, 'colsample_bytree': 0.984804754809557}. Best is trial 1 with value: 0.65.
[I 2026-04-13 13:02:19,825] Trial 13 finished with value: 0.6 and parameters: {'n_estimators': 40, 'max_depth': 5, 'gamma': 0.15569452737760503, 'subsample': 0.7420836439811996, 'colsample_bytree': 0.8813981595193972}. Best is trial 1 with value: 0.65.
[I 2026-04-13 13:02:19,864] Trial 14 finished with value: 0.55 and parameters: {'n_estimators': 40, 'max_depth': 30, 'gamma': 0.37599099098506394, 'subsample': 0.5504877247010039, 'colsample_bytree': 0.9052426587766977}. Best is trial 1 with value: 0.65.
[I 2026-04-13 13:02:19,914] Trial 15 finished with value: 0.6 and parameters: {'n_estimators': 40, 'max_depth': 5, 'gamma': 0.26099749729174504, 'subsample': 0.6761472735372211, 'colsample_bytree': 0.8264597605006598}. Best is trial 1 with value: 0.65.
[I 2026-04-13 13:02:19,952] Trial 16 finished with value: 0.6 and parameters: {'n_estimators': 40, 'max_depth': 5, 'gamma': 0.47601175672277607, 'subsample': 0.7665729164858883, 'colsample_bytree': 0.9997339406435662}. Best is trial 1 with value: 0.65.
[I 2026-04-13 13:02:19,993] Trial 17 finished with value: 0.55 and parameters: {'n_estimators': 10, 'max_depth': 5, 'gamma': 0.9512217626904751, 'subsample': 0.8976783126816966, 'colsample_bytree': 0.5407492464106011}. Best is trial 1 with value: 0.65.
[I 2026-04-13 13:02:20,031] Trial 18 finished with value: 0.65 and parameters: {'n_estimators': 40, 'max_depth': 30, 'gamma': 0.2597472937723542, 'subsample': 0.5674395457459305, 'colsample_bytree': 0.8130701207647031}. Best is trial 1 with value: 0.65.
[I 2026-04-13 13:02:20,066] Trial 19 finished with value: 0.55 and parameters: {'n_estimators': 40, 'max_depth': 20, 'gamma': 0.4580198124346113, 'subsample': 0.6593354837834295, 'colsample_bytree': 0.9350508438648535}. Best is trial 1 with value: 0.65.
[I 2026-04-13 13:02:20,090] Trial 20 finished with value: 0.55 and parameters: {'n_estimators': 10, 'max_depth': 5, 'gamma': 0.27122286139110763, 'subsample': 0.7565032764728734, 'colsample_bytree': 0.6258546192974568}. Best is trial 1 with value: 0.65.
[I 2026-04-13 13:02:20,138] Trial 21 finished with value: 0.65 and parameters: {'n_estimators': 40, 'max_depth': 5, 'gamma': 0.3744044763382176, 'subsample': 0.7229593863013126, 'colsample_bytree': 0.9514186378746451}. Best is trial 1 with value: 0.65.
[I 2026-04-13 13:02:20,176] Trial 22 finished with value: 0.65 and parameters: {'n_estimators': 40, 'max_depth': 5, 'gamma': 0.44668124545871224, 'subsample': 0.6778056022676708, 'colsample_bytree': 0.9650466110496616}. Best is trial 1 with value: 0.65.
[I 2026-04-13 13:02:20,216] Trial 23 finished with value: 0.45 and parameters: {'n_estimators': 40, 'max_depth': 5, 'gamma': 0.30924761505819914, 'subsample': 0.587060756471598, 'colsample_bytree': 0.9965562538956554}. Best is trial 1 with value: 0.65.
[I 2026-04-13 13:02:20,265] Trial 24 finished with value: 0.6 and parameters: {'n_estimators': 40, 'max_depth': 5, 'gamma': 0.18180274810199598, 'subsample': 0.6397416884294433, 'colsample_bytree': 0.8974622039165768}. Best is trial 1 with value: 0.65.
[I 2026-04-13 13:02:20,312] Trial 25 finished with value: 0.55 and parameters: {'n_estimators': 40, 'max_depth': 5, 'gamma': 0.10764373246258885, 'subsample': 0.7053035019553076, 'colsample_bytree': 0.9252088499004875}. Best is trial 1 with value: 0.65.
[I 2026-04-13 13:02:20,345] Trial 26 finished with value: 0.55 and parameters: {'n_estimators': 40, 'max_depth': 5, 'gamma': 0.4261329869426692, 'subsample': 0.7766202423159386, 'colsample_bytree': 0.8114057280935938}. Best is trial 1 with value: 0.65.
[I 2026-04-13 13:02:20,390] Trial 27 finished with value: 0.55 and parameters: {'n_estimators': 40, 'max_depth': 5, 'gamma': 0.521959741379174, 'subsample': 0.5342773406490998, 'colsample_bytree': 0.9606862955135201}. Best is trial 1 with value: 0.65.
[I 2026-04-13 13:02:20,430] Trial 28 finished with value: 0.6 and parameters: {'n_estimators': 10, 'max_depth': 20, 'gamma': 0.4070317850866237, 'subsample': 0.6248965375094484, 'colsample_bytree': 0.8484286505821403}. Best is trial 1 with value: 0.65.
[I 2026-04-13 13:02:20,470] Trial 29 finished with value: 0.55 and parameters: {'n_estimators': 40, 'max_depth': 30, 'gamma': 0.5100683579607442, 'subsample': 0.6975366609586933, 'colsample_bytree': 0.7865198688653476}. Best is trial 1 with value: 0.65.
[I 2026-04-13 13:02:20,574] A new study created in memory with name: rf
[I 2026-04-13 13:02:21,152] Trial 0 finished with value: 0.6 and parameters: {'n_estimators': 450, 'max_depth': 20, 'min_samples_split': 9, 'min_samples_leaf': 6}. Best is trial 0 with value: 0.6.
[I 2026-04-13 13:02:21,409] Trial 1 finished with value: 0.6 and parameters: {'n_estimators': 193, 'max_depth': 3, 'min_samples_split': 5, 'min_samples_leaf': 5}. Best is trial 0 with value: 0.6.
[I 2026-04-13 13:02:21,818] Trial 2 finished with value: 0.65 and parameters: {'n_estimators': 309, 'max_depth': 11, 'min_samples_split': 6, 'min_samples_leaf': 6}. Best is trial 2 with value: 0.65.
[I 2026-04-13 13:02:22,306] Trial 3 finished with value: 0.65 and parameters: {'n_estimators': 405, 'max_depth': 15, 'min_samples_split': 7, 'min_samples_leaf': 5}. Best is trial 2 with value: 0.65.
[I 2026-04-13 13:02:22,594] Trial 4 finished with value: 0.6 and parameters: {'n_estimators': 215, 'max_depth': 20, 'min_samples_split': 5, 'min_samples_leaf': 3}. Best is trial 2 with value: 0.65.
[I 2026-04-13 13:02:22,761] Trial 5 finished with value: 0.55 and parameters: {'n_estimators': 126, 'max_depth': 20, 'min_samples_split': 3, 'min_samples_leaf': 4}. Best is trial 2 with value: 0.65.
[I 2026-04-13 13:02:22,926] Trial 6 finished with value: 0.5 and parameters: {'n_estimators': 128, 'max_depth': 7, 'min_samples_split': 5, 'min_samples_leaf': 9}. Best is trial 2 with value: 0.65.
[I 2026-04-13 13:02:23,224] Trial 7 finished with value: 0.6 and parameters: {'n_estimators': 238, 'max_depth': 20, 'min_samples_split': 2, 'min_samples_leaf': 4}. Best is trial 2 with value: 0.65.
[I 2026-04-13 13:02:23,552] Trial 8 finished with value: 0.55 and parameters: {'n_estimators': 252, 'max_depth': 16, 'min_samples_split': 10, 'min_samples_leaf': 4}. Best is trial 2 with value: 0.65.
[I 2026-04-13 13:02:23,919] Trial 9 finished with value: 0.5 and parameters: {'n_estimators': 273, 'max_depth': 7, 'min_samples_split': 9, 'min_samples_leaf': 7}. Best is trial 2 with value: 0.65.
[I 2026-04-13 13:02:24,407] Trial 10 finished with value: 0.5 and parameters: {'n_estimators': 347, 'max_depth': 11, 'min_samples_split': 7, 'min_samples_leaf': 10}. Best is trial 2 with value: 0.65.
[I 2026-04-13 13:02:24,937] Trial 11 finished with value: 0.55 and parameters: {'n_estimators': 377, 'max_depth': 14, 'min_samples_split': 7, 'min_samples_leaf': 1}. Best is trial 2 with value: 0.65.
[I 2026-04-13 13:02:25,566] Trial 12 finished with value: 0.5 and parameters: {'n_estimators': 494, 'max_depth': 12, 'min_samples_split': 6, 'min_samples_leaf': 7}. Best is trial 2 with value: 0.65.
[I 2026-04-13 13:02:26,016] Trial 13 finished with value: 0.5 and parameters: {'n_estimators': 362, 'max_depth': 16, 'min_samples_split': 7, 'min_samples_leaf': 8}. Best is trial 2 with value: 0.65.
[I 2026-04-13 13:02:26,651] Trial 14 finished with value: 0.55 and parameters: {'n_estimators': 424, 'max_depth': 10, 'min_samples_split': 8, 'min_samples_leaf': 1}. Best is trial 2 with value: 0.65.
[I 2026-04-13 13:02:27,146] Trial 15 finished with value: 0.6 and parameters: {'n_estimators': 325, 'max_depth': 16, 'min_samples_split': 4, 'min_samples_leaf': 6}. Best is trial 2 with value: 0.65.
[I 2026-04-13 13:02:27,683] Trial 16 finished with value: 0.6 and parameters: {'n_estimators': 399, 'max_depth': 8, 'min_samples_split': 6, 'min_samples_leaf': 3}. Best is trial 2 with value: 0.65.
[I 2026-04-13 13:02:28,103] Trial 17 finished with value: 0.55 and parameters: {'n_estimators': 297, 'max_depth': 13, 'min_samples_split': 8, 'min_samples_leaf': 7}. Best is trial 2 with value: 0.65.
