[I 2026-04-13 13:10:04,510] Trial 12 finished with value: 0.525 and parameters: {'n_estimators': 105, 'max_depth': 3, 'min_samples_split': 5, 'min_samples_leaf': 8}. Best is trial 10 with value: 0.55.
[I 2026-04-13 13:10:04,785] Trial 13 finished with value: 0.5 and parameters: {'n_estimators': 163, 'max_depth': 10, 'min_samples_split': 5, 'min_samples_leaf': 8}. Best is trial 10 with value: 0.55.
[I 2026-04-13 13:10:05,042] Trial 14 finished with value: 0.45 and parameters: {'n_estimators': 151, 'max_depth': 4, 'min_samples_split': 6, 'min_samples_leaf': 1}. Best is trial 10 with value: 0.55.
[I 2026-04-13 13:10:05,673] Trial 15 finished with value: 0.525 and parameters: {'n_estimators': 396, 'max_depth': 9, 'min_samples_split': 5, 'min_samples_leaf': 8}. Best is trial 10 with value: 0.55.
[I 2026-04-13 13:10:05,910] Trial 16 finished with value: 0.475 and parameters: {'n_estimators': 131, 'max_depth': 20, 'min_samples_split': 10, 'min_samples_leaf': 7}. Best is trial 10 with value: 0.55.
[I 2026-04-13 13:10:06,247] Trial 17 finished with value: 0.5 and parameters: {'n_estimators': 199, 'max_depth': 3, 'min_samples_split': 6, 'min_samples_leaf': 9}. Best is trial 10 with value: 0.55.
[I 2026-04-13 13:10:06,559] Trial 18 finished with value: 0.5 and parameters: {'n_estimators': 243, 'max_depth': 12, 'min_samples_split': 4, 'min_samples_leaf': 5}. Best is trial 10 with value: 0.55.
[I 2026-04-13 13:10:06,793] Trial 19 finished with value: 0.55 and parameters: {'n_estimators': 184, 'max_depth': 14, 'min_samples_split': 7, 'min_samples_leaf': 5}. Best is trial 10 with value: 0.55.
[I 2026-04-13 13:10:07,420] Trial 20 finished with value: 0.525 and parameters: {'n_estimators': 468, 'max_depth': 10, 'min_samples_split': 4, 'min_samples_leaf': 7}. Best is trial 10 with value: 0.55.
[I 2026-04-13 13:10:07,723] Trial 21 finished with value: 0.475 and parameters: {'n_estimators': 172, 'max_depth': 15, 'min_samples_split': 7, 'min_samples_leaf': 4}. Best is trial 10 with value: 0.55.
[I 2026-04-13 13:10:07,933] Trial 22 finished with value: 0.525 and parameters: {'n_estimators': 135, 'max_depth': 14, 'min_samples_split': 8, 'min_samples_leaf': 5}. Best is trial 10 with value: 0.55.
[I 2026-04-13 13:10:08,234] Trial 23 finished with value: 0.5 and parameters: {'n_estimators': 194, 'max_depth': 15, 'min_samples_split': 6, 'min_samples_leaf': 7}. Best is trial 10 with value: 0.55.
[I 2026-04-13 13:10:08,467] Trial 24 finished with value: 0.5 and parameters: {'n_estimators': 135, 'max_depth': 3, 'min_samples_split': 6, 'min_samples_leaf': 9}. Best is trial 10 with value: 0.55.
[I 2026-04-13 13:10:08,866] Trial 25 finished with value: 0.525 and parameters: {'n_estimators': 333, 'max_depth': 11, 'min_samples_split': 8, 'min_samples_leaf': 4}. Best is trial 10 with value: 0.55.
[I 2026-04-13 13:10:09,166] Trial 26 finished with value: 0.475 and parameters: {'n_estimators': 212, 'max_depth': 8, 'min_samples_split': 5, 'min_samples_leaf': 9}. Best is trial 10 with value: 0.55.
[I 2026-04-13 13:10:09,569] Trial 27 finished with value: 0.425 and parameters: {'n_estimators': 249, 'max_depth': 17, 'min_samples_split': 7, 'min_samples_leaf': 1}. Best is trial 10 with value: 0.55.
[I 2026-04-13 13:10:09,883] Trial 28 finished with value: 0.525 and parameters: {'n_estimators': 172, 'max_depth': 13, 'min_samples_split': 4, 'min_samples_leaf': 7}. Best is trial 10 with value: 0.55.
[I 2026-04-13 13:10:10,146] Trial 29 finished with value: 0.5 and parameters: {'n_estimators': 188, 'max_depth': 5, 'min_samples_split': 3, 'min_samples_leaf': 5}. Best is trial 10 with value: 0.55.
[I 2026-04-13 13:10:10,586] A new study created in memory with name: mlp
[I 2026-04-13 13:10:10,662] Trial 0 finished with value: 0.625 and parameters: {'hidden_layer_sizes': (200,), 'max_iter': 50, 'alpha': 0.001}. Best is trial 0 with value: 0.625.
[I 2026-04-13 13:10:10,749] Trial 1 finished with value: 0.575 and parameters: {'hidden_layer_sizes': (100,), 'max_iter': 100, 'alpha': 0.0001}. Best is trial 0 with value: 0.625.
[I 2026-04-13 13:10:10,814] Trial 2 finished with value: 0.55 and parameters: {'hidden_layer_sizes': (100,), 'max_iter': 100, 'alpha': 0.001}. Best is trial 0 with value: 0.625.
[I 2026-04-13 13:10:10,871] Trial 3 finished with value: 0.575 and parameters: {'hidden_layer_sizes': (200,), 'max_iter': 50, 'alpha': 0.001}. Best is trial 0 with value: 0.625.
[I 2026-04-13 13:10:10,936] Trial 4 finished with value: 0.575 and parameters: {'hidden_layer_sizes': (100,), 'max_iter': 100, 'alpha': 0.0001}. Best is trial 0 with value: 0.625.
[I 2026-04-13 13:10:11,033] Trial 5 finished with value: 0.55 and parameters: {'hidden_layer_sizes': (100,), 'max_iter': 100, 'alpha': 0.001}. Best is trial 0 with value: 0.625.
[I 2026-04-13 13:10:11,129] Trial 6 finished with value: 0.5 and parameters: {'hidden_layer_sizes': (200,), 'max_iter': 100, 'alpha': 0.001}. Best is trial 0 with value: 0.625.
[I 2026-04-13 13:10:11,215] Trial 7 finished with value: 0.5 and parameters: {'hidden_layer_sizes': (200,), 'max_iter': 100, 'alpha': 0.001}. Best is trial 0 with value: 0.625.
[I 2026-04-13 13:10:11,281] Trial 8 finished with value: 0.55 and parameters: {'hidden_layer_sizes': (100,), 'max_iter': 100, 'alpha': 0.001}. Best is trial 0 with value: 0.625.
[I 2026-04-13 13:10:11,327] Trial 9 finished with value: 0.575 and parameters: {'hidden_layer_sizes': (100,), 'max_iter': 50, 'alpha': 0.001}. Best is trial 0 with value: 0.625.
[I 2026-04-13 13:10:11,402] Trial 10 finished with value: 0.575 and parameters: {'hidden_layer_sizes': (100, 100), 'max_iter': 50, 'alpha': 0.0001}. Best is trial 0 with value: 0.625.
[I 2026-04-13 13:10:11,471] Trial 11 finished with value: 0.525 and parameters: {'hidden_layer_sizes': (100, 100), 'max_iter': 50, 'alpha': 0.0001}. Best is trial 0 with value: 0.625.
[I 2026-04-13 13:10:11,541] Trial 12 finished with value: 0.6 and parameters: {'hidden_layer_sizes': (200,), 'max_iter': 50, 'alpha': 0.0001}. Best is trial 0 with value: 0.625.
[I 2026-04-13 13:10:11,610] Trial 13 finished with value: 0.575 and parameters: {'hidden_layer_sizes': (200,), 'max_iter': 50, 'alpha': 0.0001}. Best is trial 0 with value: 0.625.
[I 2026-04-13 13:10:11,667] Trial 14 finished with value: 0.575 and parameters: {'hidden_layer_sizes': (200,), 'max_iter': 50, 'alpha': 0.0001}. Best is trial 0 with value: 0.625.
[I 2026-04-13 13:10:11,725] Trial 15 finished with value: 0.575 and parameters: {'hidden_layer_sizes': (200,), 'max_iter': 50, 'alpha': 0.0001}. Best is trial 0 with value: 0.625.
[I 2026-04-13 13:10:11,770] Trial 16 finished with value: 0.55 and parameters: {'hidden_layer_sizes': (200,), 'max_iter': 50, 'alpha': 0.001}. Best is trial 0 with value: 0.625.
[I 2026-04-13 13:10:11,824] Trial 17 finished with value: 0.625 and parameters: {'hidden_layer_sizes': (200,), 'max_iter': 50, 'alpha': 0.0001}. Best is trial 0 with value: 0.625.
[I 2026-04-13 13:10:11,893] Trial 18 finished with value: 0.575 and parameters: {'hidden_layer_sizes': (100, 100), 'max_iter': 50, 'alpha': 0.001}. Best is trial 0 with value: 0.625.
[I 2026-04-13 13:10:11,963] Trial 19 finished with value: 0.575 and parameters: {'hidden_layer_sizes': (200,), 'max_iter': 50, 'alpha': 0.0001}. Best is trial 0 with value: 0.625.
[I 2026-04-13 13:10:12,022] Trial 20 finished with value: 0.55 and parameters: {'hidden_layer_sizes': (200,), 'max_iter': 50, 'alpha': 0.0001}. Best is trial 0 with value: 0.625.
[I 2026-04-13 13:10:12,072] Trial 21 finished with value: 0.55 and parameters: {'hidden_layer_sizes': (200,), 'max_iter': 50, 'alpha': 0.0001}. Best is trial 0 with value: 0.625.
[I 2026-04-13 13:10:12,128] Trial 22 finished with value: 0.55 and parameters: {'hidden_layer_sizes': (200,), 'max_iter': 50, 'alpha': 0.0001}. Best is trial 0 with value: 0.625.
[I 2026-04-13 13:10:12,194] Trial 23 finished with value: 0.55 and parameters: {'hidden_layer_sizes': (200,), 'max_iter': 50, 'alpha': 0.0001}. Best is trial 0 with value: 0.625.
[I 2026-04-13 13:10:12,251] Trial 24 finished with value: 0.55 and parameters: {'hidden_layer_sizes': (200,), 'max_iter': 50, 'alpha': 0.0001}. Best is trial 0 with value: 0.625.
[I 2026-04-13 13:10:12,297] Trial 25 finished with value: 0.55 and parameters: {'hidden_layer_sizes': (100, 100), 'max_iter': 50, 'alpha': 0.0001}. Best is trial 0 with value: 0.625.
[I 2026-04-13 13:10:12,365] Trial 26 finished with value: 0.55 and parameters: {'hidden_layer_sizes': (200,), 'max_iter': 50, 'alpha': 0.001}. Best is trial 0 with value: 0.625.
[I 2026-04-13 13:10:12,435] Trial 27 finished with value: 0.55 and parameters: {'hidden_layer_sizes': (200,), 'max_iter': 50, 'alpha': 0.0001}. Best is trial 0 with value: 0.625.
[I 2026-04-13 13:10:12,505] Trial 28 finished with value: 0.575 and parameters: {'hidden_layer_sizes': (200,), 'max_iter': 50, 'alpha': 0.001}. Best is trial 0 with value: 0.625.
[I 2026-04-13 13:10:12,574] Trial 29 finished with value: 0.55 and parameters: {'hidden_layer_sizes': (100, 100), 'max_iter': 50, 'alpha': 0.0001}. Best is trial 0 with value: 0.625.



>>> Optuna tuning rf metodo lc IPC 10 seed 9


Parámetros guardados en /data/home/rtabares/estiven/CorVAE/checkpoint_smoke_test_mlp/lc/IPC_10/best_models_lc_seed_9_space_original/rf_best_params.json


>>> Optuna tuning mlp metodo lc IPC 10 seed 9


Parámetros guardados en /data/home/rtabares/estiven/CorVAE/checkpoint_smoke_test_mlp/lc/IPC_10/best_models_lc_seed_9_space_original/mlp_best_params.json


>>> Optuna tuning naive_bayes metodo random IPC 20 seed 5


Parámetros guardados en /data/home/rtabares/estiven/CorVAE/checkpoint_smoke_test_mlp/random/IPC_20/best_models_random_seed_5_space_original/naive_bayes_best_params.json


>>> Optuna tuning logreg metodo random IPC 20 seed 5


Parámetros guardados en /data/home/rtabares/estiven/CorVAE/checkpoint_smoke_test_mlp/random/IPC_20/best_models_random_seed_5_space_original/logreg_best_params.json


>>> Optuna tuning knn metodo random IPC 20 seed 5


Parámetros guardados en /data/home/rtabares/estiven/CorVAE/checkpoint_smoke_test_mlp/random/IPC_20/best_models_random_seed_5_space_original/knn_best_params.json


>>> Optuna tuning xgb metodo random IPC 20 seed 5


Parámetros guardados en /data/home/rtabares/estiven/CorVAE/checkpoint_smoke_test_mlp/random/IPC_20/best_models_random_seed_5_space_original/xgb_best_params.json


>>> Optuna tuning rf metodo random IPC 20 seed 5


Parámetros guardados en /data/home/rtabares/estiven/CorVAE/checkpoint_smoke_test_mlp/random/IPC_20/best_models_random_seed_5_space_original/rf_best_params.json


>>> Optuna tuning mlp metodo random IPC 20 seed 5


Parámetros guardados en /data/home/rtabares/estiven/CorVAE/checkpoint_smoke_test_mlp/random/IPC_20/best_models_random_seed_5_space_original/mlp_best_params.json


>>> Optuna tuning naive_bayes metodo k-means IPC 20 seed 5


Parámetros guardados en /data/home/rtabares/estiven/CorVAE/checkpoint_smoke_test_mlp/k-means/IPC_20/best_models_k-means_seed_5_space_latent/naive_bayes_best_params.json


>>> Optuna tuning logreg metodo k-means IPC 20 seed 5


Parámetros guardados en /data/home/rtabares/estiven/CorVAE/checkpoint_smoke_test_mlp/k-means/IPC_20/best_models_k-means_seed_5_space_latent/logreg_best_params.json


>>> Optuna tuning knn metodo k-means IPC 20 seed 5


Parámetros guardados en /data/home/rtabares/estiven/CorVAE/checkpoint_smoke_test_mlp/k-means/IPC_20/best_models_k-means_seed_5_space_latent/knn_best_params.json


>>> Optuna tuning xgb metodo k-means IPC 20 seed 5


Parámetros guardados en /data/home/rtabares/estiven/CorVAE/checkpoint_smoke_test_mlp/k-means/IPC_20/best_models_k-means_seed_5_space_latent/xgb_best_params.json


>>> Optuna tuning rf metodo k-means IPC 20 seed 5


Parámetros guardados en /data/home/rtabares/estiven/CorVAE/checkpoint_smoke_test_mlp/k-means/IPC_20/best_models_k-means_seed_5_space_latent/rf_best_params.json


>>> Optuna tuning mlp metodo k-means IPC 20 seed 5


Parámetros guardados en /data/home/rtabares/estiven/CorVAE/checkpoint_smoke_test_mlp/k-means/IPC_20/best_models_k-means_seed_5_space_latent/mlp_best_params.json


>>> Optuna tuning naive_bayes metodo k-means IPC 20 seed 5


Parámetros guardados en /data/home/rtabares/estiven/CorVAE/checkpoint_smoke_test_mlp/k-means/IPC_20/best_models_k-means_seed_5_space_original/naive_bayes_best_params.json


>>> Optuna tuning logreg metodo k-means IPC 20 seed 5


Parámetros guardados en /data/home/rtabares/estiven/CorVAE/checkpoint_smoke_test_mlp/k-means/IPC_20/best_models_k-means_seed_5_space_original/logreg_best_params.json


>>> Optuna tuning knn metodo k-means IPC 20 seed 5


Parámetros guardados en /data/home/rtabares/estiven/CorVAE/checkpoint_smoke_test_mlp/k-means/IPC_20/best_models_k-means_seed_5_space_original/knn_best_params.json


>>> Optuna tuning xgb metodo k-means IPC 20 seed 5


Parámetros guardados en /data/home/rtabares/estiven/CorVAE/checkpoint_smoke_test_mlp/k-means/IPC_20/best_models_k-means_seed_5_space_original/xgb_best_params.json


>>> Optuna tuning rf metodo k-means IPC 20 seed 5


Parámetros guardados en /data/home/rtabares/estiven/CorVAE/checkpoint_smoke_test_mlp/k-means/IPC_20/best_models_k-means_seed_5_space_original/rf_best_params.json


>>> Optuna tuning mlp metodo k-means IPC 20 seed 5


Parámetros guardados en /data/home/rtabares/estiven/CorVAE/checkpoint_smoke_test_mlp/k-means/IPC_20/best_models_k-means_seed_5_space_original/mlp_best_params.json


>>> Optuna tuning naive_bayes metodo k-center IPC 20 seed 5


Parámetros guardados en /data/home/rtabares/estiven/CorVAE/checkpoint_smoke_test_mlp/k-center/IPC_20/best_models_k-center_seed_5_space_latent/naive_bayes_best_params.json


>>> Optuna tuning logreg metodo k-center IPC 20 seed 5


Parámetros guardados en /data/home/rtabares/estiven/CorVAE/checkpoint_smoke_test_mlp/k-center/IPC_20/best_models_k-center_seed_5_space_latent/logreg_best_params.json


>>> Optuna tuning knn metodo k-center IPC 20 seed 5


Parámetros guardados en /data/home/rtabares/estiven/CorVAE/checkpoint_smoke_test_mlp/k-center/IPC_20/best_models_k-center_seed_5_space_latent/knn_best_params.json


>>> Optuna tuning xgb metodo k-center IPC 20 seed 5


Parámetros guardados en /data/home/rtabares/estiven/CorVAE/checkpoint_smoke_test_mlp/k-center/IPC_20/best_models_k-center_seed_5_space_latent/xgb_best_params.json


>>> Optuna tuning rf metodo k-center IPC 20 seed 5


Parámetros guardados en /data/home/rtabares/estiven/CorVAE/checkpoint_smoke_test_mlp/k-center/IPC_20/best_models_k-center_seed_5_space_latent/rf_best_params.json


>>> Optuna tuning mlp metodo k-center IPC 20 seed 5


Parámetros guardados en /data/home/rtabares/estiven/CorVAE/checkpoint_smoke_test_mlp/k-center/IPC_20/best_models_k-center_seed_5_space_latent/mlp_best_params.json


>>> Optuna tuning naive_bayes metodo k-center IPC 20 seed 5


Parámetros guardados en /data/home/rtabares/estiven/CorVAE/checkpoint_smoke_test_mlp/k-center/IPC_20/best_models_k-center_seed_5_space_original/naive_bayes_best_params.json


>>> Optuna tuning logreg metodo k-center IPC 20 seed 5


Parámetros guardados en /data/home/rtabares/estiven/CorVAE/checkpoint_smoke_test_mlp/k-center/IPC_20/best_models_k-center_seed_5_space_original/logreg_best_params.json


>>> Optuna tuning knn metodo k-center IPC 20 seed 5


Parámetros guardados en /data/home/rtabares/estiven/CorVAE/checkpoint_smoke_test_mlp/k-center/IPC_20/best_models_k-center_seed_5_space_original/knn_best_params.json


>>> Optuna tuning xgb metodo k-center IPC 20 seed 5


Parámetros guardados en /data/home/rtabares/estiven/CorVAE/checkpoint_smoke_test_mlp/k-center/IPC_20/best_models_k-center_seed_5_space_original/xgb_best_params.json


>>> Optuna tuning rf metodo k-center IPC 20 seed 5


Parámetros guardados en /data/home/rtabares/estiven/CorVAE/checkpoint_smoke_test_mlp/k-center/IPC_20/best_models_k-center_seed_5_space_original/rf_best_params.json


>>> Optuna tuning mlp metodo k-center IPC 20 seed 5


Parámetros guardados en /data/home/rtabares/estiven/CorVAE/checkpoint_smoke_test_mlp/k-center/IPC_20/best_models_k-center_seed_5_space_original/mlp_best_params.json


>>> Optuna tuning naive_bayes metodo ag IPC 20 seed 5


Parámetros guardados en /data/home/rtabares/estiven/CorVAE/checkpoint_smoke_test_mlp/ag/IPC_20/best_models_ag_seed_5_space_latent/naive_bayes_best_params.json


>>> Optuna tuning logreg metodo ag IPC 20 seed 5


Parámetros guardados en /data/home/rtabares/estiven/CorVAE/checkpoint_smoke_test_mlp/ag/IPC_20/best_models_ag_seed_5_space_latent/logreg_best_params.json


>>> Optuna tuning knn metodo ag IPC 20 seed 5


Parámetros guardados en /data/home/rtabares/estiven/CorVAE/checkpoint_smoke_test_mlp/ag/IPC_20/best_models_ag_seed_5_space_latent/knn_best_params.json


>>> Optuna tuning xgb metodo ag IPC 20 seed 5


Parámetros guardados en /data/home/rtabares/estiven/CorVAE/checkpoint_smoke_test_mlp/ag/IPC_20/best_models_ag_seed_5_space_latent/xgb_best_params.json


>>> Optuna tuning rf metodo ag IPC 20 seed 5


Parámetros guardados en /data/home/rtabares/estiven/CorVAE/checkpoint_smoke_test_mlp/ag/IPC_20/best_models_ag_seed_5_space_latent/rf_best_params.json


>>> Optuna tuning mlp metodo ag IPC 20 seed 5


Parámetros guardados en /data/home/rtabares/estiven/CorVAE/checkpoint_smoke_test_mlp/ag/IPC_20/best_models_ag_seed_5_space_latent/mlp_best_params.json[I 2026-04-13 13:10:15,287] A new study created in memory with name: naive_bayes
[I 2026-04-13 13:10:15,312] Trial 0 finished with value: 0.525 and parameters: {'var_smoothing': 2.7796258518939306e-10}. Best is trial 0 with value: 0.525.
[I 2026-04-13 13:10:15,327] Trial 1 finished with value: 0.525 and parameters: {'var_smoothing': 5.513972710118387e-09}. Best is trial 0 with value: 0.525.
[I 2026-04-13 13:10:15,342] Trial 2 finished with value: 0.525 and parameters: {'var_smoothing': 2.590826381512706e-10}. Best is trial 0 with value: 0.525.
[I 2026-04-13 13:10:15,357] Trial 3 finished with value: 0.525 and parameters: {'var_smoothing': 6.874194498027403e-09}. Best is trial 0 with value: 0.525.
[I 2026-04-13 13:10:15,372] Trial 4 finished with value: 0.525 and parameters: {'var_smoothing': 9.480306482679771e-10}. Best is trial 0 with value: 0.525.
[I 2026-04-13 13:10:15,387] Trial 5 finished with value: 0.525 and parameters: {'var_smoothing': 1.6729683536668864e-09}. Best is trial 0 with value: 0.525.
[I 2026-04-13 13:10:15,403] Trial 6 finished with value: 0.525 and parameters: {'var_smoothing': 3.402637726935598e-09}. Best is trial 0 with value: 0.525.
[I 2026-04-13 13:10:15,418] Trial 7 finished with value: 0.525 and parameters: {'var_smoothing': 1.0885189040847657e-09}. Best is trial 0 with value: 0.525.
[I 2026-04-13 13:10:15,433] Trial 8 finished with value: 0.525 and parameters: {'var_smoothing': 3.922843686541149e-10}. Best is trial 0 with value: 0.525.
[I 2026-04-13 13:10:15,448] Trial 9 finished with value: 0.525 and parameters: {'var_smoothing': 2.3737908819373785e-10}. Best is trial 0 with value: 0.525.
[I 2026-04-13 13:10:15,478] Trial 10 finished with value: 0.525 and parameters: {'var_smoothing': 1.005826617097841e-10}. Best is trial 0 with value: 0.525.
[I 2026-04-13 13:10:15,496] Trial 11 finished with value: 0.525 and parameters: {'var_smoothing': 8.246040091550826e-09}. Best is trial 0 with value: 0.525.
[I 2026-04-13 13:10:15,512] Trial 12 finished with value: 0.525 and parameters: {'var_smoothing': 5.714429769091136e-10}. Best is trial 0 with value: 0.525.
[I 2026-04-13 13:10:15,535] Trial 13 finished with value: 0.525 and parameters: {'var_smoothing': 3.0046394488828834e-09}. Best is trial 0 with value: 0.525.
[I 2026-04-13 13:10:15,552] Trial 14 finished with value: 0.525 and parameters: {'var_smoothing': 1.0161521526134228e-10}. Best is trial 0 with value: 0.525.
[I 2026-04-13 13:10:15,574] Trial 15 finished with value: 0.525 and parameters: {'var_smoothing': 3.455011319435438e-09}. Best is trial 0 with value: 0.525.
[I 2026-04-13 13:10:15,595] Trial 16 finished with value: 0.525 and parameters: {'var_smoothing': 2.2038800241203009e-10}. Best is trial 0 with value: 0.525.
[I 2026-04-13 13:10:15,614] Trial 17 finished with value: 0.525 and parameters: {'var_smoothing': 1.8515987176145925e-09}. Best is trial 0 with value: 0.525.
[I 2026-04-13 13:10:15,632] Trial 18 finished with value: 0.525 and parameters: {'var_smoothing': 5.024285700153026e-10}. Best is trial 0 with value: 0.525.
[I 2026-04-13 13:10:15,652] Trial 19 finished with value: 0.525 and parameters: {'var_smoothing': 4.958025424412893e-09}. Best is trial 0 with value: 0.525.
[I 2026-04-13 13:10:15,673] Trial 20 finished with value: 0.525 and parameters: {'var_smoothing': 8.344000526157384e-10}. Best is trial 0 with value: 0.525.
[I 2026-04-13 13:10:15,693] Trial 21 finished with value: 0.525 and parameters: {'var_smoothing': 2.46080689865309e-10}. Best is trial 0 with value: 0.525.
[I 2026-04-13 13:10:15,710] Trial 22 finished with value: 0.525 and parameters: {'var_smoothing': 1.4445108350594728e-10}. Best is trial 0 with value: 0.525.
[I 2026-04-13 13:10:15,738] Trial 23 finished with value: 0.525 and parameters: {'var_smoothing': 3.3715577896606737e-10}. Best is trial 0 with value: 0.525.
[I 2026-04-13 13:10:15,760] Trial 24 finished with value: 0.525 and parameters: {'var_smoothing': 1.572466431855027e-10}. Best is trial 0 with value: 0.525.
[I 2026-04-13 13:10:15,777] Trial 25 finished with value: 0.525 and parameters: {'var_smoothing': 7.281746293576245e-10}. Best is trial 0 with value: 0.525.
[I 2026-04-13 13:10:15,797] Trial 26 finished with value: 0.525 and parameters: {'var_smoothing': 3.386254640873244e-10}. Best is trial 0 with value: 0.525.
[I 2026-04-13 13:10:15,816] Trial 27 finished with value: 0.525 and parameters: {'var_smoothing': 1.3918180959975328e-09}. Best is trial 0 with value: 0.525.
[I 2026-04-13 13:10:15,834] Trial 28 finished with value: 0.525 and parameters: {'var_smoothing': 2.3715836084533434e-09}. Best is trial 0 with value: 0.525.
