[I 2026-04-13 12:53:58,732] Trial 15 finished with value: 0.45 and parameters: {'n_estimators': 10, 'max_depth': 30, 'gamma': 0.5549594265687077, 'subsample': 0.5948225793101778, 'colsample_bytree': 0.8969242233651007}. Best is trial 13 with value: 0.55.
[I 2026-04-13 12:53:58,792] Trial 16 finished with value: 0.5 and parameters: {'n_estimators': 10, 'max_depth': 30, 'gamma': 0.7952400177792495, 'subsample': 0.7601808178273228, 'colsample_bytree': 0.7270312449723347}. Best is trial 13 with value: 0.55.
[I 2026-04-13 12:53:58,830] Trial 17 finished with value: 0.5 and parameters: {'n_estimators': 10, 'max_depth': 30, 'gamma': 0.4488198261899636, 'subsample': 0.660367983304562, 'colsample_bytree': 0.7580413924305591}. Best is trial 13 with value: 0.55.
[I 2026-04-13 12:53:58,896] Trial 18 finished with value: 0.35 and parameters: {'n_estimators': 10, 'max_depth': 20, 'gamma': 0.880957194739249, 'subsample': 0.5600825802616916, 'colsample_bytree': 0.9050643158448232}. Best is trial 13 with value: 0.55.
[I 2026-04-13 12:53:58,960] Trial 19 finished with value: 0.5 and parameters: {'n_estimators': 10, 'max_depth': 5, 'gamma': 0.7244732755525514, 'subsample': 0.8118501961186426, 'colsample_bytree': 0.7024959424446258}. Best is trial 13 with value: 0.55.
[I 2026-04-13 12:53:59,004] Trial 20 finished with value: 0.55 and parameters: {'n_estimators': 10, 'max_depth': 30, 'gamma': 0.12810557331129335, 'subsample': 0.7225331529485814, 'colsample_bytree': 0.7974940883982647}. Best is trial 13 with value: 0.55.
[I 2026-04-13 12:53:59,044] Trial 21 finished with value: 0.55 and parameters: {'n_estimators': 10, 'max_depth': 30, 'gamma': 0.16309121625529374, 'subsample': 0.7176804694116705, 'colsample_bytree': 0.8016716071222195}. Best is trial 13 with value: 0.55.
[I 2026-04-13 12:53:59,082] Trial 22 finished with value: 0.55 and parameters: {'n_estimators': 10, 'max_depth': 30, 'gamma': 0.11413205920076219, 'subsample': 0.7330574808917121, 'colsample_bytree': 0.8901102349152465}. Best is trial 13 with value: 0.55.
[I 2026-04-13 12:53:59,117] Trial 23 finished with value: 0.55 and parameters: {'n_estimators': 10, 'max_depth': 30, 'gamma': 0.2311241695878008, 'subsample': 0.7134995599246303, 'colsample_bytree': 0.8473699619552071}. Best is trial 13 with value: 0.55.
[I 2026-04-13 12:53:59,162] Trial 24 finished with value: 0.6 and parameters: {'n_estimators': 10, 'max_depth': 30, 'gamma': 0.27432592016348695, 'subsample': 0.7738057663912034, 'colsample_bytree': 0.9372714907044982}. Best is trial 24 with value: 0.6.
[I 2026-04-13 12:53:59,199] Trial 25 finished with value: 0.55 and parameters: {'n_estimators': 10, 'max_depth': 30, 'gamma': 0.2740949918593344, 'subsample': 0.7894612230540887, 'colsample_bytree': 0.9367012689458044}. Best is trial 24 with value: 0.6.
[I 2026-04-13 12:53:59,234] Trial 26 finished with value: 0.5 and parameters: {'n_estimators': 10, 'max_depth': 30, 'gamma': 0.2996330129312219, 'subsample': 0.8511907851452142, 'colsample_bytree': 0.9423296160536836}. Best is trial 24 with value: 0.6.
[I 2026-04-13 12:53:59,280] Trial 27 finished with value: 0.45 and parameters: {'n_estimators': 10, 'max_depth': 30, 'gamma': 0.4667802438969818, 'subsample': 0.6732291233873857, 'colsample_bytree': 0.9999897950370186}. Best is trial 24 with value: 0.6.
[I 2026-04-13 12:53:59,331] Trial 28 finished with value: 0.45 and parameters: {'n_estimators': 100, 'max_depth': 5, 'gamma': 0.2144321081022948, 'subsample': 0.7746794658142414, 'colsample_bytree': 0.8618260187626909}. Best is trial 24 with value: 0.6.
[I 2026-04-13 12:53:59,370] Trial 29 finished with value: 0.5 and parameters: {'n_estimators': 10, 'max_depth': 20, 'gamma': 0.1443050456246436, 'subsample': 0.8929922503095267, 'colsample_bytree': 0.9104004782846408}. Best is trial 24 with value: 0.6.
[I 2026-04-13 12:53:59,498] A new study created in memory with name: rf
[I 2026-04-13 12:53:59,765] Trial 0 finished with value: 0.5 and parameters: {'n_estimators': 189, 'max_depth': 18, 'min_samples_split': 3, 'min_samples_leaf': 10}. Best is trial 0 with value: 0.5.
[I 2026-04-13 12:54:00,303] Trial 1 finished with value: 0.4 and parameters: {'n_estimators': 295, 'max_depth': 14, 'min_samples_split': 8, 'min_samples_leaf': 6}. Best is trial 0 with value: 0.5.
[I 2026-04-13 12:54:00,641] Trial 2 finished with value: 0.5 and parameters: {'n_estimators': 219, 'max_depth': 6, 'min_samples_split': 2, 'min_samples_leaf': 8}. Best is trial 0 with value: 0.5.
[I 2026-04-13 12:54:01,038] Trial 3 finished with value: 0.35 and parameters: {'n_estimators': 276, 'max_depth': 5, 'min_samples_split': 9, 'min_samples_leaf': 3}. Best is trial 0 with value: 0.5.
[I 2026-04-13 12:54:01,428] Trial 4 finished with value: 0.4 and parameters: {'n_estimators': 266, 'max_depth': 8, 'min_samples_split': 7, 'min_samples_leaf': 6}. Best is trial 0 with value: 0.5.
[I 2026-04-13 12:54:01,895] Trial 5 finished with value: 0.35 and parameters: {'n_estimators': 340, 'max_depth': 7, 'min_samples_split': 4, 'min_samples_leaf': 3}. Best is trial 0 with value: 0.5.
[I 2026-04-13 12:54:02,181] Trial 6 finished with value: 0.5 and parameters: {'n_estimators': 231, 'max_depth': 5, 'min_samples_split': 3, 'min_samples_leaf': 10}. Best is trial 0 with value: 0.5.
[I 2026-04-13 12:54:02,861] Trial 7 finished with value: 0.4 and parameters: {'n_estimators': 485, 'max_depth': 6, 'min_samples_split': 2, 'min_samples_leaf': 3}. Best is trial 0 with value: 0.5.
[I 2026-04-13 12:54:03,402] Trial 8 finished with value: 0.45 and parameters: {'n_estimators': 380, 'max_depth': 17, 'min_samples_split': 2, 'min_samples_leaf': 6}. Best is trial 0 with value: 0.5.
[I 2026-04-13 12:54:03,567] Trial 9 finished with value: 0.5 and parameters: {'n_estimators': 100, 'max_depth': 12, 'min_samples_split': 7, 'min_samples_leaf': 10}. Best is trial 0 with value: 0.5.
[I 2026-04-13 12:54:03,778] Trial 10 finished with value: 0.5 and parameters: {'n_estimators': 110, 'max_depth': 20, 'min_samples_split': 5, 'min_samples_leaf': 8}. Best is trial 0 with value: 0.5.
[I 2026-04-13 12:54:04,050] Trial 11 finished with value: 0.5 and parameters: {'n_estimators': 175, 'max_depth': 10, 'min_samples_split': 4, 'min_samples_leaf': 8}. Best is trial 0 with value: 0.5.
[I 2026-04-13 12:54:04,339] Trial 12 finished with value: 0.5 and parameters: {'n_estimators': 184, 'max_depth': 3, 'min_samples_split': 2, 'min_samples_leaf': 8}. Best is trial 0 with value: 0.5.
[I 2026-04-13 12:54:04,634] Trial 13 finished with value: 0.5 and parameters: {'n_estimators': 201, 'max_depth': 15, 'min_samples_split': 5, 'min_samples_leaf': 9}. Best is trial 0 with value: 0.5.
[I 2026-04-13 12:54:04,949] Trial 14 finished with value: 0.3 and parameters: {'n_estimators': 154, 'max_depth': 20, 'min_samples_split': 3, 'min_samples_leaf': 1}. Best is trial 0 with value: 0.5.
[I 2026-04-13 12:54:05,302] Trial 15 finished with value: 0.5 and parameters: {'n_estimators': 235, 'max_depth': 17, 'min_samples_split': 4, 'min_samples_leaf': 9}. Best is trial 0 with value: 0.5.
[I 2026-04-13 12:54:05,737] Trial 16 finished with value: 0.5 and parameters: {'n_estimators': 354, 'max_depth': 10, 'min_samples_split': 10, 'min_samples_leaf': 7}. Best is trial 0 with value: 0.5.
[I 2026-04-13 12:54:06,272] Trial 17 finished with value: 0.5 and parameters: {'n_estimators': 417, 'max_depth': 12, 'min_samples_split': 3, 'min_samples_leaf': 10}. Best is trial 0 with value: 0.5.
[I 2026-04-13 12:54:06,490] Trial 18 finished with value: 0.5 and parameters: {'n_estimators': 135, 'max_depth': 3, 'min_samples_split': 6, 'min_samples_leaf': 9}. Best is trial 0 with value: 0.5.
[I 2026-04-13 12:54:06,865] Trial 19 finished with value: 0.4 and parameters: {'n_estimators': 224, 'max_depth': 9, 'min_samples_split': 5, 'min_samples_leaf': 5}. Best is trial 0 with value: 0.5.
[I 2026-04-13 12:54:07,222] Trial 20 finished with value: 0.5 and parameters: {'n_estimators': 253, 'max_depth': 18, 'min_samples_split': 3, 'min_samples_leaf': 7}. Best is trial 0 with value: 0.5.
[I 2026-04-13 12:54:07,547] Trial 21 finished with value: 0.5 and parameters: {'n_estimators': 214, 'max_depth': 5, 'min_samples_split': 3, 'min_samples_leaf': 10}. Best is trial 0 with value: 0.5.
[I 2026-04-13 12:54:07,955] Trial 22 finished with value: 0.5 and parameters: {'n_estimators': 320, 'max_depth': 5, 'min_samples_split': 2, 'min_samples_leaf': 10}. Best is trial 0 with value: 0.5.
[I 2026-04-13 12:54:08,242] Trial 23 finished with value: 0.5 and parameters: {'n_estimators': 167, 'max_depth': 14, 'min_samples_split': 4, 'min_samples_leaf': 9}. Best is trial 0 with value: 0.5.
[I 2026-04-13 12:54:08,599] Trial 24 finished with value: 0.5 and parameters: {'n_estimators': 241, 'max_depth': 3, 'min_samples_split': 3, 'min_samples_leaf': 8}. Best is trial 0 with value: 0.5.
[I 2026-04-13 12:54:08,830] Trial 25 finished with value: 0.5 and parameters: {'n_estimators': 137, 'max_depth': 7, 'min_samples_split': 2, 'min_samples_leaf': 10}. Best is trial 0 with value: 0.5.
[I 2026-04-13 12:54:09,226] Trial 26 finished with value: 0.5 and parameters: {'n_estimators': 287, 'max_depth': 11, 'min_samples_split': 6, 'min_samples_leaf': 7}. Best is trial 0 with value: 0.5.
[I 2026-04-13 12:54:09,574] Trial 27 finished with value: 0.5 and parameters: {'n_estimators': 201, 'max_depth': 8, 'min_samples_split': 3, 'min_samples_leaf': 9}. Best is trial 0 with value: 0.5.
[I 2026-04-13 12:54:09,877] Trial 28 finished with value: 0.4 and parameters: {'n_estimators': 196, 'max_depth': 4, 'min_samples_split': 4, 'min_samples_leaf': 5}. Best is trial 0 with value: 0.5.
[I 2026-04-13 12:54:10,280] Trial 29 finished with value: 0.5 and parameters: {'n_estimators': 294, 'max_depth': 15, 'min_samples_split': 2, 'min_samples_leaf': 9}. Best is trial 0 with value: 0.5.
[I 2026-04-13 12:54:10,819] A new study created in memory with name: mlp
[I 2026-04-13 12:54:10,874] Trial 0 finished with value: 0.5 and parameters: {'hidden_layer_sizes': (200,), 'max_iter': 50, 'alpha': 0.001}. Best is trial 0 with value: 0.5.
[I 2026-04-13 12:54:10,959] Trial 1 finished with value: 0.4 and parameters: {'hidden_layer_sizes': (100,), 'max_iter': 100, 'alpha': 0.0001}. Best is trial 0 with value: 0.5.
[I 2026-04-13 12:54:11,057] Trial 2 finished with value: 0.4 and parameters: {'hidden_layer_sizes': (100,), 'max_iter': 100, 'alpha': 0.001}. Best is trial 0 with value: 0.5.
[I 2026-04-13 12:54:11,113] Trial 3 finished with value: 0.5 and parameters: {'hidden_layer_sizes': (200,), 'max_iter': 50, 'alpha': 0.001}. Best is trial 0 with value: 0.5.
[I 2026-04-13 12:54:11,170] Trial 4 finished with value: 0.4 and parameters: {'hidden_layer_sizes': (100,), 'max_iter': 100, 'alpha': 0.0001}. Best is trial 0 with value: 0.5.
[I 2026-04-13 12:54:11,237] Trial 5 finished with value: 0.4 and parameters: {'hidden_layer_sizes': (100,), 'max_iter': 100, 'alpha': 0.001}. Best is trial 0 with value: 0.5.
[I 2026-04-13 12:54:11,315] Trial 6 finished with value: 0.4 and parameters: {'hidden_layer_sizes': (200,), 'max_iter': 100, 'alpha': 0.001}. Best is trial 0 with value: 0.5.
[I 2026-04-13 12:54:11,424] Trial 7 finished with value: 0.4 and parameters: {'hidden_layer_sizes': (200,), 'max_iter': 100, 'alpha': 0.001}. Best is trial 0 with value: 0.5.
[I 2026-04-13 12:54:11,489] Trial 8 finished with value: 0.4 and parameters: {'hidden_layer_sizes': (100,), 'max_iter': 100, 'alpha': 0.001}. Best is trial 0 with value: 0.5.
[I 2026-04-13 12:54:11,527] Trial 9 finished with value: 0.5 and parameters: {'hidden_layer_sizes': (100,), 'max_iter': 50, 'alpha': 0.001}. Best is trial 0 with value: 0.5.
[I 2026-04-13 12:54:11,587] Trial 10 finished with value: 0.4 and parameters: {'hidden_layer_sizes': (100, 100), 'max_iter': 50, 'alpha': 0.0001}. Best is trial 0 with value: 0.5.
[I 2026-04-13 12:54:11,637] Trial 11 finished with value: 0.4 and parameters: {'hidden_layer_sizes': (200,), 'max_iter': 50, 'alpha': 0.001}. Best is trial 0 with value: 0.5.
[I 2026-04-13 12:54:11,706] Trial 12 finished with value: 0.5 and parameters: {'hidden_layer_sizes': (200,), 'max_iter': 50, 'alpha': 0.001}. Best is trial 0 with value: 0.5.
[I 2026-04-13 12:54:11,764] Trial 13 finished with value: 0.45 and parameters: {'hidden_layer_sizes': (200,), 'max_iter': 50, 'alpha': 0.001}. Best is trial 0 with value: 0.5.
[I 2026-04-13 12:54:11,820] Trial 14 finished with value: 0.4 and parameters: {'hidden_layer_sizes': (100, 100), 'max_iter': 50, 'alpha': 0.0001}. Best is trial 0 with value: 0.5.
[I 2026-04-13 12:54:11,890] Trial 15 finished with value: 0.4 and parameters: {'hidden_layer_sizes': (200,), 'max_iter': 50, 'alpha': 0.001}. Best is trial 0 with value: 0.5.
[I 2026-04-13 12:54:11,939] Trial 16 finished with value: 0.5 and parameters: {'hidden_layer_sizes': (200,), 'max_iter': 50, 'alpha': 0.001}. Best is trial 0 with value: 0.5.
[I 2026-04-13 12:54:11,989] Trial 17 finished with value: 0.45 and parameters: {'hidden_layer_sizes': (200,), 'max_iter': 50, 'alpha': 0.001}. Best is trial 0 with value: 0.5.
[I 2026-04-13 12:54:12,049] Trial 18 finished with value: 0.4 and parameters: {'hidden_layer_sizes': (100, 100), 'max_iter': 50, 'alpha': 0.0001}. Best is trial 0 with value: 0.5.
[I 2026-04-13 12:54:12,095] Trial 19 finished with value: 0.4 and parameters: {'hidden_layer_sizes': (200,), 'max_iter': 50, 'alpha': 0.001}. Best is trial 0 with value: 0.5.
[I 2026-04-13 12:54:12,152] Trial 20 finished with value: 0.5 and parameters: {'hidden_layer_sizes': (200,), 'max_iter': 50, 'alpha': 0.001}. Best is trial 0 with value: 0.5.
[I 2026-04-13 12:54:12,199] Trial 21 finished with value: 0.5 and parameters: {'hidden_layer_sizes': (100,), 'max_iter': 50, 'alpha': 0.001}. Best is trial 0 with value: 0.5.
[I 2026-04-13 12:54:12,245] Trial 22 finished with value: 0.5 and parameters: {'hidden_layer_sizes': (100,), 'max_iter': 50, 'alpha': 0.001}. Best is trial 0 with value: 0.5.
[I 2026-04-13 12:54:12,324] Trial 23 finished with value: 0.4 and parameters: {'hidden_layer_sizes': (100, 100), 'max_iter': 50, 'alpha': 0.001}. Best is trial 0 with value: 0.5.
[I 2026-04-13 12:54:12,370] Trial 24 finished with value: 0.45 and parameters: {'hidden_layer_sizes': (200,), 'max_iter': 50, 'alpha': 0.001}. Best is trial 0 with value: 0.5.
[I 2026-04-13 12:54:12,417] Trial 25 finished with value: 0.5 and parameters: {'hidden_layer_sizes': (100,), 'max_iter': 50, 'alpha': 0.001}. Best is trial 0 with value: 0.5.
[I 2026-04-13 12:54:12,477] Trial 26 finished with value: 0.4 and parameters: {'hidden_layer_sizes': (200,), 'max_iter': 50, 'alpha': 0.0001}. Best is trial 0 with value: 0.5.
[I 2026-04-13 12:54:12,545] Trial 27 finished with value: 0.4 and parameters: {'hidden_layer_sizes': (100, 100), 'max_iter': 50, 'alpha': 0.001}. Best is trial 0 with value: 0.5.
[I 2026-04-13 12:54:12,613] Trial 28 finished with value: 0.5 and parameters: {'hidden_layer_sizes': (200,), 'max_iter': 50, 'alpha': 0.001}. Best is trial 0 with value: 0.5.
[I 2026-04-13 12:54:12,672] Trial 29 finished with value: 0.5 and parameters: {'hidden_layer_sizes': (100,), 'max_iter': 50, 'alpha': 0.0001}. Best is trial 0 with value: 0.5.
[I 2026-04-13 12:54:15,171] A new study created in memory with name: naive_bayes
[I 2026-04-13 12:54:15,184] Trial 0 finished with value: 0.5 and parameters: {'var_smoothing': 2.7796258518939306e-10}. Best is trial 0 with value: 0.5.
[I 2026-04-13 12:54:15,197] Trial 1 finished with value: 0.5 and parameters: {'var_smoothing': 5.513972710118387e-09}. Best is trial 0 with value: 0.5.
[I 2026-04-13 12:54:15,211] Trial 2 finished with value: 0.5 and parameters: {'var_smoothing': 2.590826381512706e-10}. Best is trial 0 with value: 0.5.
[I 2026-04-13 12:54:15,224] Trial 3 finished with value: 0.5 and parameters: {'var_smoothing': 6.874194498027403e-09}. Best is trial 0 with value: 0.5.
[I 2026-04-13 12:54:15,237] Trial 4 finished with value: 0.5 and parameters: {'var_smoothing': 9.480306482679771e-10}. Best is trial 0 with value: 0.5.
[I 2026-04-13 12:54:15,251] Trial 5 finished with value: 0.5 and parameters: {'var_smoothing': 1.6729683536668864e-09}. Best is trial 0 with value: 0.5.
[I 2026-04-13 12:54:15,264] Trial 6 finished with value: 0.5 and parameters: {'var_smoothing': 3.402637726935598e-09}. Best is trial 0 with value: 0.5.
[I 2026-04-13 12:54:15,278] Trial 7 finished with value: 0.5 and parameters: {'var_smoothing': 1.0885189040847657e-09}. Best is trial 0 with value: 0.5.
[I 2026-04-13 12:54:15,291] Trial 8 finished with value: 0.5 and parameters: {'var_smoothing': 3.922843686541149e-10}. Best is trial 0 with value: 0.5.
[I 2026-04-13 12:54:15,305] Trial 9 finished with value: 0.5 and parameters: {'var_smoothing': 2.3737908819373785e-10}. Best is trial 0 with value: 0.5.
[I 2026-04-13 12:54:15,323] Trial 10 finished with value: 0.5 and parameters: {'var_smoothing': 1.005826617097841e-10}. Best is trial 0 with value: 0.5.
[I 2026-04-13 12:54:15,344] Trial 11 finished with value: 0.5 and parameters: {'var_smoothing': 8.246040091550826e-09}. Best is trial 0 with value: 0.5.
[I 2026-04-13 12:54:15,362] Trial 12 finished with value: 0.5 and parameters: {'var_smoothing': 5.714429769091136e-10}. Best is trial 0 with value: 0.5.
[I 2026-04-13 12:54:15,379] Trial 13 finished with value: 0.5 and parameters: {'var_smoothing': 3.0046394488828834e-09}. Best is trial 0 with value: 0.5.
[I 2026-04-13 12:54:15,395] Trial 14 finished with value: 0.5 and parameters: {'var_smoothing': 1.0161521526134228e-10}. Best is trial 0 with value: 0.5.
[I 2026-04-13 12:54:15,411] Trial 15 finished with value: 0.5 and parameters: {'var_smoothing': 3.455011319435438e-09}. Best is trial 0 with value: 0.5.
[I 2026-04-13 12:54:15,429] Trial 16 finished with value: 0.5 and parameters: {'var_smoothing': 2.2038800241203009e-10}. Best is trial 0 with value: 0.5.
[I 2026-04-13 12:54:15,445] Trial 17 finished with value: 0.5 and parameters: {'var_smoothing': 1.8515987176145925e-09}. Best is trial 0 with value: 0.5.
[I 2026-04-13 12:54:15,464] Trial 18 finished with value: 0.5 and parameters: {'var_smoothing': 5.024285700153026e-10}. Best is trial 0 with value: 0.5.
[I 2026-04-13 12:54:15,491] Trial 19 finished with value: 0.5 and parameters: {'var_smoothing': 4.958025424412893e-09}. Best is trial 0 with value: 0.5.
[I 2026-04-13 12:54:15,506] Trial 20 finished with value: 0.5 and parameters: {'var_smoothing': 8.344000526157384e-10}. Best is trial 0 with value: 0.5.
[I 2026-04-13 12:54:15,523] Trial 21 finished with value: 0.5 and parameters: {'var_smoothing': 2.46080689865309e-10}. Best is trial 0 with value: 0.5.
[I 2026-04-13 12:54:15,550] Trial 22 finished with value: 0.5 and parameters: {'var_smoothing': 1.4445108350594728e-10}. Best is trial 0 with value: 0.5.
[I 2026-04-13 12:54:15,565] Trial 23 finished with value: 0.5 and parameters: {'var_smoothing': 3.3715577896606737e-10}. Best is trial 0 with value: 0.5.
[I 2026-04-13 12:54:15,582] Trial 24 finished with value: 0.5 and parameters: {'var_smoothing': 1.572466431855027e-10}. Best is trial 0 with value: 0.5.
[I 2026-04-13 12:54:15,599] Trial 25 finished with value: 0.5 and parameters: {'var_smoothing': 7.281746293576245e-10}. Best is trial 0 with value: 0.5.
[I 2026-04-13 12:54:15,617] Trial 26 finished with value: 0.5 and parameters: {'var_smoothing': 3.386254640873244e-10}. Best is trial 0 with value: 0.5.
[I 2026-04-13 12:54:15,632] Trial 27 finished with value: 0.5 and parameters: {'var_smoothing': 1.3918180959975328e-09}. Best is trial 0 with value: 0.5.
[I 2026-04-13 12:54:15,652] Trial 28 finished with value: 0.5 and parameters: {'var_smoothing': 2.3715836084533434e-09}. Best is trial 0 with value: 0.5.
