[I 2026-04-13 12:53:44,109] Trial 9 finished with value: 0.4 and parameters: {'hidden_layer_sizes': (100,), 'max_iter': 50, 'alpha': 0.001}. Best is trial 0 with value: 0.45.
[I 2026-04-13 12:53:44,168] Trial 10 finished with value: 0.4 and parameters: {'hidden_layer_sizes': (100, 100), 'max_iter': 50, 'alpha': 0.0001}. Best is trial 0 with value: 0.45.
[I 2026-04-13 12:53:44,230] Trial 11 finished with value: 0.45 and parameters: {'hidden_layer_sizes': (100, 100), 'max_iter': 50, 'alpha': 0.001}. Best is trial 0 with value: 0.45.
[I 2026-04-13 12:53:44,289] Trial 12 finished with value: 0.45 and parameters: {'hidden_layer_sizes': (200,), 'max_iter': 50, 'alpha': 0.001}. Best is trial 0 with value: 0.45.
[I 2026-04-13 12:53:44,355] Trial 13 finished with value: 0.5 and parameters: {'hidden_layer_sizes': (200,), 'max_iter': 50, 'alpha': 0.001}. Best is trial 13 with value: 0.5.
[I 2026-04-13 12:53:44,402] Trial 14 finished with value: 0.4 and parameters: {'hidden_layer_sizes': (200,), 'max_iter': 50, 'alpha': 0.0001}. Best is trial 13 with value: 0.5.
[I 2026-04-13 12:53:44,460] Trial 15 finished with value: 0.4 and parameters: {'hidden_layer_sizes': (200,), 'max_iter': 50, 'alpha': 0.001}. Best is trial 13 with value: 0.5.
[I 2026-04-13 12:53:44,519] Trial 16 finished with value: 0.5 and parameters: {'hidden_layer_sizes': (200,), 'max_iter': 50, 'alpha': 0.001}. Best is trial 13 with value: 0.5.
[I 2026-04-13 12:53:44,568] Trial 17 finished with value: 0.45 and parameters: {'hidden_layer_sizes': (200,), 'max_iter': 50, 'alpha': 0.001}. Best is trial 13 with value: 0.5.
[I 2026-04-13 12:53:44,617] Trial 18 finished with value: 0.45 and parameters: {'hidden_layer_sizes': (100, 100), 'max_iter': 50, 'alpha': 0.0001}. Best is trial 13 with value: 0.5.
[I 2026-04-13 12:53:44,654] Trial 19 finished with value: 0.5 and parameters: {'hidden_layer_sizes': (200,), 'max_iter': 50, 'alpha': 0.001}. Best is trial 13 with value: 0.5.
[I 2026-04-13 12:53:44,693] Trial 20 finished with value: 0.45 and parameters: {'hidden_layer_sizes': (200,), 'max_iter': 50, 'alpha': 0.001}. Best is trial 13 with value: 0.5.
[I 2026-04-13 12:53:44,737] Trial 21 finished with value: 0.45 and parameters: {'hidden_layer_sizes': (200,), 'max_iter': 50, 'alpha': 0.001}. Best is trial 13 with value: 0.5.
[I 2026-04-13 12:53:44,782] Trial 22 finished with value: 0.5 and parameters: {'hidden_layer_sizes': (200,), 'max_iter': 50, 'alpha': 0.001}. Best is trial 13 with value: 0.5.
[I 2026-04-13 12:53:44,832] Trial 23 finished with value: 0.45 and parameters: {'hidden_layer_sizes': (200,), 'max_iter': 50, 'alpha': 0.001}. Best is trial 13 with value: 0.5.
[I 2026-04-13 12:53:44,877] Trial 24 finished with value: 0.35 and parameters: {'hidden_layer_sizes': (200,), 'max_iter': 50, 'alpha': 0.001}. Best is trial 13 with value: 0.5.
[I 2026-04-13 12:53:44,938] Trial 25 finished with value: 0.4 and parameters: {'hidden_layer_sizes': (100, 100), 'max_iter': 50, 'alpha': 0.001}. Best is trial 13 with value: 0.5.
[I 2026-04-13 12:53:44,987] Trial 26 finished with value: 0.5 and parameters: {'hidden_layer_sizes': (200,), 'max_iter': 50, 'alpha': 0.0001}. Best is trial 13 with value: 0.5.
[I 2026-04-13 12:53:45,034] Trial 27 finished with value: 0.45 and parameters: {'hidden_layer_sizes': (200,), 'max_iter': 50, 'alpha': 0.001}. Best is trial 13 with value: 0.5.
[I 2026-04-13 12:53:45,092] Trial 28 finished with value: 0.45 and parameters: {'hidden_layer_sizes': (200,), 'max_iter': 50, 'alpha': 0.001}. Best is trial 13 with value: 0.5.
[I 2026-04-13 12:53:45,139] Trial 29 finished with value: 0.5 and parameters: {'hidden_layer_sizes': (200,), 'max_iter': 50, 'alpha': 0.001}. Best is trial 13 with value: 0.5.
[I 2026-04-13 12:53:54,930] A new study created in memory with name: naive_bayes
[I 2026-04-13 12:53:54,946] Trial 0 finished with value: 0.5 and parameters: {'var_smoothing': 2.7796258518939306e-10}. Best is trial 0 with value: 0.5.
[I 2026-04-13 12:53:54,959] Trial 1 finished with value: 0.5 and parameters: {'var_smoothing': 5.513972710118387e-09}. Best is trial 0 with value: 0.5.
[I 2026-04-13 12:53:54,983] Trial 2 finished with value: 0.5 and parameters: {'var_smoothing': 2.590826381512706e-10}. Best is trial 0 with value: 0.5.
[I 2026-04-13 12:53:54,996] Trial 3 finished with value: 0.5 and parameters: {'var_smoothing': 6.874194498027403e-09}. Best is trial 0 with value: 0.5.
[I 2026-04-13 12:53:55,009] Trial 4 finished with value: 0.5 and parameters: {'var_smoothing': 9.480306482679771e-10}. Best is trial 0 with value: 0.5.
[I 2026-04-13 12:53:55,025] Trial 5 finished with value: 0.5 and parameters: {'var_smoothing': 1.6729683536668864e-09}. Best is trial 0 with value: 0.5.
[I 2026-04-13 12:53:55,049] Trial 6 finished with value: 0.5 and parameters: {'var_smoothing': 3.402637726935598e-09}. Best is trial 0 with value: 0.5.
[I 2026-04-13 12:53:55,063] Trial 7 finished with value: 0.5 and parameters: {'var_smoothing': 1.0885189040847657e-09}. Best is trial 0 with value: 0.5.
[I 2026-04-13 12:53:55,077] Trial 8 finished with value: 0.5 and parameters: {'var_smoothing': 3.922843686541149e-10}. Best is trial 0 with value: 0.5.
[I 2026-04-13 12:53:55,090] Trial 9 finished with value: 0.5 and parameters: {'var_smoothing': 2.3737908819373785e-10}. Best is trial 0 with value: 0.5.
[I 2026-04-13 12:53:55,109] Trial 10 finished with value: 0.5 and parameters: {'var_smoothing': 1.005826617097841e-10}. Best is trial 0 with value: 0.5.
[I 2026-04-13 12:53:55,126] Trial 11 finished with value: 0.5 and parameters: {'var_smoothing': 8.246040091550826e-09}. Best is trial 0 with value: 0.5.
[I 2026-04-13 12:53:55,144] Trial 12 finished with value: 0.5 and parameters: {'var_smoothing': 5.714429769091136e-10}. Best is trial 0 with value: 0.5.
[I 2026-04-13 12:53:55,171] Trial 13 finished with value: 0.5 and parameters: {'var_smoothing': 3.0046394488828834e-09}. Best is trial 0 with value: 0.5.
[I 2026-04-13 12:53:55,189] Trial 14 finished with value: 0.5 and parameters: {'var_smoothing': 1.0161521526134228e-10}. Best is trial 0 with value: 0.5.
[I 2026-04-13 12:53:55,207] Trial 15 finished with value: 0.5 and parameters: {'var_smoothing': 3.455011319435438e-09}. Best is trial 0 with value: 0.5.
[I 2026-04-13 12:53:55,225] Trial 16 finished with value: 0.5 and parameters: {'var_smoothing': 2.2038800241203009e-10}. Best is trial 0 with value: 0.5.
[I 2026-04-13 12:53:55,255] Trial 17 finished with value: 0.5 and parameters: {'var_smoothing': 1.8515987176145925e-09}. Best is trial 0 with value: 0.5.
[I 2026-04-13 12:53:55,272] Trial 18 finished with value: 0.5 and parameters: {'var_smoothing': 5.024285700153026e-10}. Best is trial 0 with value: 0.5.
[I 2026-04-13 12:53:55,289] Trial 19 finished with value: 0.5 and parameters: {'var_smoothing': 4.958025424412893e-09}. Best is trial 0 with value: 0.5.
[I 2026-04-13 12:53:55,308] Trial 20 finished with value: 0.5 and parameters: {'var_smoothing': 8.344000526157384e-10}. Best is trial 0 with value: 0.5.
[I 2026-04-13 12:53:55,326] Trial 21 finished with value: 0.5 and parameters: {'var_smoothing': 2.46080689865309e-10}. Best is trial 0 with value: 0.5.
[I 2026-04-13 12:53:55,343] Trial 22 finished with value: 0.5 and parameters: {'var_smoothing': 1.4445108350594728e-10}. Best is trial 0 with value: 0.5.
[I 2026-04-13 12:53:55,361] Trial 23 finished with value: 0.5 and parameters: {'var_smoothing': 3.3715577896606737e-10}. Best is trial 0 with value: 0.5.
[I 2026-04-13 12:53:55,389] Trial 24 finished with value: 0.5 and parameters: {'var_smoothing': 1.572466431855027e-10}. Best is trial 0 with value: 0.5.
[I 2026-04-13 12:53:55,427] Trial 25 finished with value: 0.5 and parameters: {'var_smoothing': 7.281746293576245e-10}. Best is trial 0 with value: 0.5.
[I 2026-04-13 12:53:55,455] Trial 26 finished with value: 0.5 and parameters: {'var_smoothing': 3.386254640873244e-10}. Best is trial 0 with value: 0.5.
[I 2026-04-13 12:53:55,483] Trial 27 finished with value: 0.5 and parameters: {'var_smoothing': 1.3918180959975328e-09}. Best is trial 0 with value: 0.5.
[I 2026-04-13 12:53:55,501] Trial 28 finished with value: 0.5 and parameters: {'var_smoothing': 2.3715836084533434e-09}. Best is trial 0 with value: 0.5.
[I 2026-04-13 12:53:55,519] Trial 29 finished with value: 0.5 and parameters: {'var_smoothing': 9.477075781575649e-09}. Best is trial 0 with value: 0.5.
[I 2026-04-13 12:53:55,592] A new study created in memory with name: logreg
[I 2026-04-13 12:53:55,612] Trial 0 finished with value: 0.45 and parameters: {'C': 0.012881482725481003, 'penalty': 'l2'}. Best is trial 0 with value: 0.45.
[I 2026-04-13 12:53:55,656] Trial 1 finished with value: 0.5 and parameters: {'C': 22.576755560681583, 'penalty': 'l2'}. Best is trial 1 with value: 0.5.
[I 2026-04-13 12:53:55,670] Trial 2 finished with value: 0.45 and parameters: {'C': 0.010804278656839932, 'penalty': 'l2'}. Best is trial 1 with value: 0.5.
[I 2026-04-13 12:53:55,715] Trial 3 finished with value: 0.5 and parameters: {'C': 39.17910760336117, 'penalty': 'l2'}. Best is trial 1 with value: 0.5.
[I 2026-04-13 12:53:55,739] Trial 4 finished with value: 0.55 and parameters: {'C': 0.2767298094062571, 'penalty': 'l2'}. Best is trial 4 with value: 0.55.
[I 2026-04-13 12:53:55,764] Trial 5 finished with value: 0.55 and parameters: {'C': 1.1447728330837224, 'penalty': 'l2'}. Best is trial 4 with value: 0.55.
[I 2026-04-13 12:53:55,802] Trial 6 finished with value: 0.5 and parameters: {'C': 6.753661388238877, 'penalty': 'l2'}. Best is trial 4 with value: 0.55.
[I 2026-04-13 12:53:55,827] Trial 7 finished with value: 0.6 and parameters: {'C': 0.39092184460352974, 'penalty': 'l2'}. Best is trial 7 with value: 0.6.
[I 2026-04-13 12:53:55,852] Trial 8 finished with value: 0.45 and parameters: {'C': 0.03047912590082646, 'penalty': 'l2'}. Best is trial 7 with value: 0.6.
[I 2026-04-13 12:53:55,876] Trial 9 finished with value: 0.45 and parameters: {'C': 0.008681727362499118, 'penalty': 'l2'}. Best is trial 7 with value: 0.6.
[I 2026-04-13 12:53:55,905] Trial 10 finished with value: 0.45 and parameters: {'C': 0.0010280973566261366, 'penalty': 'l2'}. Best is trial 7 with value: 0.6.
[I 2026-04-13 12:53:55,928] Trial 11 finished with value: 0.6 and parameters: {'C': 0.3118800496489818, 'penalty': 'l2'}. Best is trial 7 with value: 0.6.
[I 2026-04-13 12:53:55,957] Trial 12 finished with value: 0.55 and parameters: {'C': 0.22087197408712603, 'penalty': 'l2'}. Best is trial 7 with value: 0.6.
[I 2026-04-13 12:53:55,985] Trial 13 finished with value: 0.5 and parameters: {'C': 1.6234133882209514, 'penalty': 'l2'}. Best is trial 7 with value: 0.6.
[I 2026-04-13 12:53:56,014] Trial 14 finished with value: 0.5 and parameters: {'C': 0.1349526768085488, 'penalty': 'l2'}. Best is trial 7 with value: 0.6.
[I 2026-04-13 12:53:56,043] Trial 15 finished with value: 0.5 and parameters: {'C': 2.0617824229091952, 'penalty': 'l2'}. Best is trial 7 with value: 0.6.
[I 2026-04-13 12:53:56,082] Trial 16 finished with value: 0.5 and parameters: {'C': 0.06625574774518321, 'penalty': 'l2'}. Best is trial 7 with value: 0.6.
[I 2026-04-13 12:53:56,111] Trial 17 finished with value: 0.55 and parameters: {'C': 0.7000600195780398, 'penalty': 'l2'}. Best is trial 7 with value: 0.6.
[I 2026-04-13 12:53:56,144] Trial 18 finished with value: 0.5 and parameters: {'C': 7.0949210348143765, 'penalty': 'l2'}. Best is trial 7 with value: 0.6.
[I 2026-04-13 12:53:56,166] Trial 19 finished with value: 0.45 and parameters: {'C': 0.0018885878888968363, 'penalty': 'l2'}. Best is trial 7 with value: 0.6.
[I 2026-04-13 12:53:56,186] Trial 20 finished with value: 0.5 and parameters: {'C': 0.0723450305209305, 'penalty': 'l2'}. Best is trial 7 with value: 0.6.
[I 2026-04-13 12:53:56,225] Trial 21 finished with value: 0.6 and parameters: {'C': 0.33305030862683077, 'penalty': 'l2'}. Best is trial 7 with value: 0.6.
[I 2026-04-13 12:53:56,268] Trial 22 finished with value: 0.6 and parameters: {'C': 0.48873231186578664, 'penalty': 'l2'}. Best is trial 7 with value: 0.6.
[I 2026-04-13 12:53:56,307] Trial 23 finished with value: 0.5 and parameters: {'C': 3.939263924238013, 'penalty': 'l2'}. Best is trial 7 with value: 0.6.
[I 2026-04-13 12:53:56,336] Trial 24 finished with value: 0.5 and parameters: {'C': 0.09884679720216501, 'penalty': 'l2'}. Best is trial 7 with value: 0.6.
[I 2026-04-13 12:53:56,375] Trial 25 finished with value: 0.6 and parameters: {'C': 0.37040676019433694, 'penalty': 'l2'}. Best is trial 7 with value: 0.6.
[I 2026-04-13 12:53:56,403] Trial 26 finished with value: 0.45 and parameters: {'C': 0.027148208627611324, 'penalty': 'l2'}. Best is trial 7 with value: 0.6.
[I 2026-04-13 12:53:56,432] Trial 27 finished with value: 0.55 and parameters: {'C': 0.846573597128381, 'penalty': 'l2'}. Best is trial 7 with value: 0.6.
[I 2026-04-13 12:53:56,471] Trial 28 finished with value: 0.5 and parameters: {'C': 2.4460655523441086, 'penalty': 'l2'}. Best is trial 7 with value: 0.6.
[I 2026-04-13 12:53:56,550] Trial 29 finished with value: 0.45 and parameters: {'C': 87.43511457459678, 'penalty': 'l2'}. Best is trial 7 with value: 0.6.
[I 2026-04-13 12:53:56,894] A new study created in memory with name: knn
[I 2026-04-13 12:53:56,908] Trial 0 finished with value: 0.35 and parameters: {'n_neighbors': 4, 'leaf_size': 38, 'p': 2}. Best is trial 0 with value: 0.35.
[I 2026-04-13 12:53:56,941] Trial 1 finished with value: 0.4 and parameters: {'n_neighbors': 6, 'leaf_size': 32, 'p': 1}. Best is trial 1 with value: 0.4.
[I 2026-04-13 12:53:56,961] Trial 2 finished with value: 0.35 and parameters: {'n_neighbors': 5, 'leaf_size': 23, 'p': 2}. Best is trial 1 with value: 0.4.
[I 2026-04-13 12:53:56,975] Trial 3 finished with value: 0.4 and parameters: {'n_neighbors': 6, 'leaf_size': 23, 'p': 1}. Best is trial 1 with value: 0.4.
[I 2026-04-13 12:53:57,000] Trial 4 finished with value: 0.4 and parameters: {'n_neighbors': 6, 'leaf_size': 26, 'p': 1}. Best is trial 1 with value: 0.4.
[I 2026-04-13 12:53:57,014] Trial 5 finished with value: 0.5 and parameters: {'n_neighbors': 7, 'leaf_size': 25, 'p': 1}. Best is trial 5 with value: 0.5.
[I 2026-04-13 12:53:57,028] Trial 6 finished with value: 0.35 and parameters: {'n_neighbors': 5, 'leaf_size': 23, 'p': 2}. Best is trial 5 with value: 0.5.
[I 2026-04-13 12:53:57,053] Trial 7 finished with value: 0.55 and parameters: {'n_neighbors': 10, 'leaf_size': 23, 'p': 2}. Best is trial 7 with value: 0.55.
[I 2026-04-13 12:53:57,067] Trial 8 finished with value: 0.5 and parameters: {'n_neighbors': 8, 'leaf_size': 36, 'p': 2}. Best is trial 7 with value: 0.55.
[I 2026-04-13 12:53:57,082] Trial 9 finished with value: 0.25 and parameters: {'n_neighbors': 3, 'leaf_size': 30, 'p': 2}. Best is trial 7 with value: 0.55.
[I 2026-04-13 12:53:57,118] Trial 10 finished with value: 0.55 and parameters: {'n_neighbors': 10, 'leaf_size': 20, 'p': 2}. Best is trial 7 with value: 0.55.
[I 2026-04-13 12:53:57,141] Trial 11 finished with value: 0.55 and parameters: {'n_neighbors': 10, 'leaf_size': 20, 'p': 2}. Best is trial 7 with value: 0.55.
[I 2026-04-13 12:53:57,178] Trial 12 finished with value: 0.55 and parameters: {'n_neighbors': 10, 'leaf_size': 28, 'p': 2}. Best is trial 7 with value: 0.55.
[I 2026-04-13 12:53:57,230] Trial 13 finished with value: 0.5 and parameters: {'n_neighbors': 9, 'leaf_size': 20, 'p': 2}. Best is trial 7 with value: 0.55.
[I 2026-04-13 12:53:57,262] Trial 14 finished with value: 0.5 and parameters: {'n_neighbors': 9, 'leaf_size': 21, 'p': 2}. Best is trial 7 with value: 0.55.
[I 2026-04-13 12:53:57,288] Trial 15 finished with value: 0.5 and parameters: {'n_neighbors': 8, 'leaf_size': 33, 'p': 2}. Best is trial 7 with value: 0.55.
[I 2026-04-13 12:53:57,311] Trial 16 finished with value: 0.55 and parameters: {'n_neighbors': 10, 'leaf_size': 27, 'p': 2}. Best is trial 7 with value: 0.55.
[I 2026-04-13 12:53:57,346] Trial 17 finished with value: 0.5 and parameters: {'n_neighbors': 9, 'leaf_size': 24, 'p': 2}. Best is trial 7 with value: 0.55.
[I 2026-04-13 12:53:57,369] Trial 18 finished with value: 0.5 and parameters: {'n_neighbors': 8, 'leaf_size': 29, 'p': 1}. Best is trial 7 with value: 0.55.
[I 2026-04-13 12:53:57,393] Trial 19 finished with value: 0.55 and parameters: {'n_neighbors': 10, 'leaf_size': 21, 'p': 2}. Best is trial 7 with value: 0.55.
[I 2026-04-13 12:53:57,426] Trial 20 finished with value: 0.5 and parameters: {'n_neighbors': 7, 'leaf_size': 40, 'p': 2}. Best is trial 7 with value: 0.55.
[I 2026-04-13 12:53:57,450] Trial 21 finished with value: 0.55 and parameters: {'n_neighbors': 10, 'leaf_size': 20, 'p': 2}. Best is trial 7 with value: 0.55.
[I 2026-04-13 12:53:57,494] Trial 22 finished with value: 0.5 and parameters: {'n_neighbors': 9, 'leaf_size': 22, 'p': 2}. Best is trial 7 with value: 0.55.
[I 2026-04-13 12:53:57,520] Trial 23 finished with value: 0.55 and parameters: {'n_neighbors': 10, 'leaf_size': 20, 'p': 2}. Best is trial 7 with value: 0.55.
[I 2026-04-13 12:53:57,573] Trial 24 finished with value: 0.5 and parameters: {'n_neighbors': 9, 'leaf_size': 25, 'p': 2}. Best is trial 7 with value: 0.55.
[I 2026-04-13 12:53:57,633] Trial 25 finished with value: 0.5 and parameters: {'n_neighbors': 8, 'leaf_size': 22, 'p': 2}. Best is trial 7 with value: 0.55.
[I 2026-04-13 12:53:57,669] Trial 26 finished with value: 0.55 and parameters: {'n_neighbors': 10, 'leaf_size': 25, 'p': 1}. Best is trial 7 with value: 0.55.
[I 2026-04-13 12:53:57,708] Trial 27 finished with value: 0.5 and parameters: {'n_neighbors': 9, 'leaf_size': 22, 'p': 2}. Best is trial 7 with value: 0.55.
[I 2026-04-13 12:53:57,752] Trial 28 finished with value: 0.55 and parameters: {'n_neighbors': 10, 'leaf_size': 20, 'p': 2}. Best is trial 7 with value: 0.55.
[I 2026-04-13 12:53:57,781] Trial 29 finished with value: 0.5 and parameters: {'n_neighbors': 7, 'leaf_size': 35, 'p': 2}. Best is trial 7 with value: 0.55.
[I 2026-04-13 12:53:57,838] A new study created in memory with name: xgb
[I 2026-04-13 12:53:57,884] Trial 0 finished with value: 0.35 and parameters: {'n_estimators': 40, 'max_depth': 5, 'gamma': 0.789317070832284, 'subsample': 0.7592089939364717, 'colsample_bytree': 0.648400250788111}. Best is trial 0 with value: 0.35.
[I 2026-04-13 12:53:57,942] Trial 1 finished with value: 0.45 and parameters: {'n_estimators': 100, 'max_depth': 30, 'gamma': 0.34667781579300216, 'subsample': 0.7071175095405257, 'colsample_bytree': 0.6480399663668239}. Best is trial 1 with value: 0.45.
[I 2026-04-13 12:53:57,968] Trial 2 finished with value: 0.4 and parameters: {'n_estimators': 10, 'max_depth': 20, 'gamma': 0.3948075529198607, 'subsample': 0.5720821503267102, 'colsample_bytree': 0.5828064306006338}. Best is trial 1 with value: 0.45.
[I 2026-04-13 12:53:58,004] Trial 3 finished with value: 0.5 and parameters: {'n_estimators': 10, 'max_depth': 30, 'gamma': 0.8015631269999768, 'subsample': 0.5114665462195407, 'colsample_bytree': 0.788831429064878}. Best is trial 3 with value: 0.5.
[I 2026-04-13 12:53:58,070] Trial 4 finished with value: 0.45 and parameters: {'n_estimators': 100, 'max_depth': 5, 'gamma': 0.8834347783013348, 'subsample': 0.961374806972835, 'colsample_bytree': 0.5011071062662218}. Best is trial 3 with value: 0.5.
[I 2026-04-13 12:53:58,110] Trial 5 finished with value: 0.45 and parameters: {'n_estimators': 40, 'max_depth': 5, 'gamma': 0.5364379674896123, 'subsample': 0.5145557818363589, 'colsample_bytree': 0.5432628442011025}. Best is trial 3 with value: 0.5.
[I 2026-04-13 12:53:58,177] Trial 6 finished with value: 0.45 and parameters: {'n_estimators': 100, 'max_depth': 20, 'gamma': 0.6718205850237038, 'subsample': 0.9059511955902053, 'colsample_bytree': 0.9633413076219371}. Best is trial 3 with value: 0.5.
[I 2026-04-13 12:53:58,216] Trial 7 finished with value: 0.4 and parameters: {'n_estimators': 10, 'max_depth': 30, 'gamma': 0.8165284487704038, 'subsample': 0.5255714015506736, 'colsample_bytree': 0.594333867896554}. Best is trial 3 with value: 0.5.
[I 2026-04-13 12:53:58,292] Trial 8 finished with value: 0.45 and parameters: {'n_estimators': 100, 'max_depth': 20, 'gamma': 0.6251497693480509, 'subsample': 0.9696496759824258, 'colsample_bytree': 0.9717700410079397}. Best is trial 3 with value: 0.5.
[I 2026-04-13 12:53:58,358] Trial 9 finished with value: 0.5 and parameters: {'n_estimators': 40, 'max_depth': 30, 'gamma': 0.9649927737686168, 'subsample': 0.6857563076640036, 'colsample_bytree': 0.5061847058001788}. Best is trial 3 with value: 0.5.
[I 2026-04-13 12:53:58,415] Trial 10 finished with value: 0.5 and parameters: {'n_estimators': 10, 'max_depth': 30, 'gamma': 0.17962098877423716, 'subsample': 0.8185311023645913, 'colsample_bytree': 0.8181024979210034}. Best is trial 3 with value: 0.5.
[I 2026-04-13 12:53:58,482] Trial 11 finished with value: 0.5 and parameters: {'n_estimators': 40, 'max_depth': 30, 'gamma': 0.9966856929320722, 'subsample': 0.6388052294316233, 'colsample_bytree': 0.8191251619813834}. Best is trial 3 with value: 0.5.
[I 2026-04-13 12:53:58,538] Trial 12 finished with value: 0.4 and parameters: {'n_estimators': 40, 'max_depth': 30, 'gamma': 0.9775399440029642, 'subsample': 0.6259597898222731, 'colsample_bytree': 0.7500678845163677}. Best is trial 3 with value: 0.5.
[I 2026-04-13 12:53:58,602] Trial 13 finished with value: 0.55 and parameters: {'n_estimators': 10, 'max_depth': 30, 'gamma': 0.7612598595748165, 'subsample': 0.6930466265329762, 'colsample_bytree': 0.8750230957004468}. Best is trial 13 with value: 0.55.
[I 2026-04-13 12:53:58,674] Trial 14 finished with value: 0.45 and parameters: {'n_estimators': 10, 'max_depth': 30, 'gamma': 0.7179546375963827, 'subsample': 0.84831213324254, 'colsample_bytree': 0.8552042682835951}. Best is trial 13 with value: 0.55.
