[I 2026-04-13 13:08:48,743] Trial 5 finished with value: 0.35 and parameters: {'n_estimators': 40, 'max_depth': 5, 'gamma': 0.5364379674896123, 'subsample': 0.5145557818363589, 'colsample_bytree': 0.5432628442011025}. Best is trial 3 with value: 0.4.
[I 2026-04-13 13:08:48,778] Trial 6 finished with value: 0.425 and parameters: {'n_estimators': 100, 'max_depth': 20, 'gamma': 0.6718205850237038, 'subsample': 0.9059511955902053, 'colsample_bytree': 0.9633413076219371}. Best is trial 6 with value: 0.425.
[I 2026-04-13 13:08:48,802] Trial 7 finished with value: 0.375 and parameters: {'n_estimators': 10, 'max_depth': 30, 'gamma': 0.8165284487704038, 'subsample': 0.5255714015506736, 'colsample_bytree': 0.594333867896554}. Best is trial 6 with value: 0.425.
[I 2026-04-13 13:08:48,850] Trial 8 finished with value: 0.4 and parameters: {'n_estimators': 100, 'max_depth': 20, 'gamma': 0.6251497693480509, 'subsample': 0.9696496759824258, 'colsample_bytree': 0.9717700410079397}. Best is trial 6 with value: 0.425.
[I 2026-04-13 13:08:48,876] Trial 9 finished with value: 0.375 and parameters: {'n_estimators': 40, 'max_depth': 30, 'gamma': 0.9649927737686168, 'subsample': 0.6857563076640036, 'colsample_bytree': 0.5061847058001788}. Best is trial 6 with value: 0.425.
[I 2026-04-13 13:08:48,932] Trial 10 finished with value: 0.3 and parameters: {'n_estimators': 100, 'max_depth': 20, 'gamma': 0.17962098877423716, 'subsample': 0.8704528179229315, 'colsample_bytree': 0.993585754266157}. Best is trial 6 with value: 0.425.
[I 2026-04-13 13:08:48,960] Trial 11 finished with value: 0.375 and parameters: {'n_estimators': 10, 'max_depth': 20, 'gamma': 0.6605481237130192, 'subsample': 0.8396147321804677, 'colsample_bytree': 0.8669993708924453}. Best is trial 6 with value: 0.425.
[I 2026-04-13 13:08:48,995] Trial 12 finished with value: 0.425 and parameters: {'n_estimators': 10, 'max_depth': 30, 'gamma': 0.7155981302494404, 'subsample': 0.6113949519855965, 'colsample_bytree': 0.8056479963708721}. Best is trial 6 with value: 0.425.
[I 2026-04-13 13:08:49,043] Trial 13 finished with value: 0.375 and parameters: {'n_estimators': 100, 'max_depth': 20, 'gamma': 0.5125030865656495, 'subsample': 0.6424725954737667, 'colsample_bytree': 0.9015056934966839}. Best is trial 6 with value: 0.425.
[I 2026-04-13 13:08:49,080] Trial 14 finished with value: 0.325 and parameters: {'n_estimators': 10, 'max_depth': 30, 'gamma': 0.6843635780783109, 'subsample': 0.8321453179561855, 'colsample_bytree': 0.7957025750946601}. Best is trial 6 with value: 0.425.
[I 2026-04-13 13:08:49,132] Trial 15 finished with value: 0.4 and parameters: {'n_estimators': 100, 'max_depth': 30, 'gamma': 0.9998483586009268, 'subsample': 0.6279753715068718, 'colsample_bytree': 0.8966162388349952}. Best is trial 6 with value: 0.425.
[I 2026-04-13 13:08:49,173] Trial 16 finished with value: 0.35 and parameters: {'n_estimators': 10, 'max_depth': 20, 'gamma': 0.41131738338944923, 'subsample': 0.9105387747846352, 'colsample_bytree': 0.7139887252747934}. Best is trial 6 with value: 0.425.
[I 2026-04-13 13:08:49,226] Trial 17 finished with value: 0.35 and parameters: {'n_estimators': 100, 'max_depth': 30, 'gamma': 0.7086144159953919, 'subsample': 0.7739333530819189, 'colsample_bytree': 0.8315847079769224}. Best is trial 6 with value: 0.425.
[I 2026-04-13 13:08:49,264] Trial 18 finished with value: 0.4 and parameters: {'n_estimators': 10, 'max_depth': 20, 'gamma': 0.582228780131032, 'subsample': 0.6053894608528367, 'colsample_bytree': 0.9435145742702499}. Best is trial 6 with value: 0.425.
[I 2026-04-13 13:08:49,312] Trial 19 finished with value: 0.3 and parameters: {'n_estimators': 40, 'max_depth': 5, 'gamma': 0.14506714105082008, 'subsample': 0.8094640596740097, 'colsample_bytree': 0.7388293184605816}. Best is trial 6 with value: 0.425.
[I 2026-04-13 13:08:49,354] Trial 20 finished with value: 0.375 and parameters: {'n_estimators': 100, 'max_depth': 30, 'gamma': 0.4871574727375607, 'subsample': 0.7055581763582855, 'colsample_bytree': 0.9348664549191552}. Best is trial 6 with value: 0.425.
[I 2026-04-13 13:08:49,389] Trial 21 finished with value: 0.35 and parameters: {'n_estimators': 10, 'max_depth': 30, 'gamma': 0.7660161272164853, 'subsample': 0.5604219855753729, 'colsample_bytree': 0.7887026822362325}. Best is trial 6 with value: 0.425.
[I 2026-04-13 13:08:49,428] Trial 22 finished with value: 0.325 and parameters: {'n_estimators': 10, 'max_depth': 30, 'gamma': 0.8876503768392657, 'subsample': 0.5317779694711933, 'colsample_bytree': 0.8328789209832664}. Best is trial 6 with value: 0.425.
[I 2026-04-13 13:08:49,466] Trial 23 finished with value: 0.35 and parameters: {'n_estimators': 10, 'max_depth': 30, 'gamma': 0.7301046999322016, 'subsample': 0.5838591011687527, 'colsample_bytree': 0.6856062145493311}. Best is trial 6 with value: 0.425.
[I 2026-04-13 13:08:49,504] Trial 24 finished with value: 0.375 and parameters: {'n_estimators': 10, 'max_depth': 30, 'gamma': 0.8611678146144721, 'subsample': 0.6628424725634905, 'colsample_bytree': 0.7842076237360947}. Best is trial 6 with value: 0.425.
[I 2026-04-13 13:08:49,546] Trial 25 finished with value: 0.325 and parameters: {'n_estimators': 10, 'max_depth': 20, 'gamma': 0.615200458059026, 'subsample': 0.5026475188491297, 'colsample_bytree': 0.8353144816170435}. Best is trial 6 with value: 0.425.
[I 2026-04-13 13:08:49,593] Trial 26 finished with value: 0.375 and parameters: {'n_estimators': 10, 'max_depth': 30, 'gamma': 0.791825716235316, 'subsample': 0.9189197189155349, 'colsample_bytree': 0.7309854480879232}. Best is trial 6 with value: 0.425.
[I 2026-04-13 13:08:49,619] Trial 27 finished with value: 0.325 and parameters: {'n_estimators': 10, 'max_depth': 30, 'gamma': 0.9285450859824864, 'subsample': 0.7322255792593049, 'colsample_bytree': 0.8782721209247379}. Best is trial 6 with value: 0.425.
[I 2026-04-13 13:08:49,671] Trial 28 finished with value: 0.35 and parameters: {'n_estimators': 40, 'max_depth': 5, 'gamma': 0.7276518055961084, 'subsample': 0.9987048615397089, 'colsample_bytree': 0.7689912117939846}. Best is trial 6 with value: 0.425.
[I 2026-04-13 13:08:49,733] Trial 29 finished with value: 0.35 and parameters: {'n_estimators': 100, 'max_depth': 20, 'gamma': 0.8046072131014046, 'subsample': 0.7563613222354931, 'colsample_bytree': 0.6665679856742237}. Best is trial 6 with value: 0.425.
[I 2026-04-13 13:08:49,862] A new study created in memory with name: rf
[I 2026-04-13 13:08:50,149] Trial 0 finished with value: 0.475 and parameters: {'n_estimators': 189, 'max_depth': 18, 'min_samples_split': 3, 'min_samples_leaf': 10}. Best is trial 0 with value: 0.475.
[I 2026-04-13 13:08:50,539] Trial 1 finished with value: 0.45 and parameters: {'n_estimators': 295, 'max_depth': 14, 'min_samples_split': 8, 'min_samples_leaf': 6}. Best is trial 0 with value: 0.475.
[I 2026-04-13 13:08:50,847] Trial 2 finished with value: 0.425 and parameters: {'n_estimators': 219, 'max_depth': 6, 'min_samples_split': 2, 'min_samples_leaf': 8}. Best is trial 0 with value: 0.475.
[I 2026-04-13 13:08:51,241] Trial 3 finished with value: 0.425 and parameters: {'n_estimators': 276, 'max_depth': 5, 'min_samples_split': 9, 'min_samples_leaf': 3}. Best is trial 0 with value: 0.475.
[I 2026-04-13 13:08:51,650] Trial 4 finished with value: 0.45 and parameters: {'n_estimators': 266, 'max_depth': 8, 'min_samples_split': 7, 'min_samples_leaf': 6}. Best is trial 0 with value: 0.475.
[I 2026-04-13 13:08:52,073] Trial 5 finished with value: 0.35 and parameters: {'n_estimators': 340, 'max_depth': 7, 'min_samples_split': 4, 'min_samples_leaf': 3}. Best is trial 0 with value: 0.475.
[I 2026-04-13 13:08:52,508] Trial 6 finished with value: 0.5 and parameters: {'n_estimators': 231, 'max_depth': 5, 'min_samples_split': 3, 'min_samples_leaf': 10}. Best is trial 6 with value: 0.5.
[I 2026-04-13 13:08:53,852] Trial 7 finished with value: 0.375 and parameters: {'n_estimators': 485, 'max_depth': 6, 'min_samples_split': 2, 'min_samples_leaf': 3}. Best is trial 6 with value: 0.5.
[I 2026-04-13 13:08:54,775] Trial 8 finished with value: 0.45 and parameters: {'n_estimators': 380, 'max_depth': 17, 'min_samples_split': 2, 'min_samples_leaf': 6}. Best is trial 6 with value: 0.5.
[I 2026-04-13 13:08:55,055] Trial 9 finished with value: 0.525 and parameters: {'n_estimators': 100, 'max_depth': 12, 'min_samples_split': 7, 'min_samples_leaf': 10}. Best is trial 9 with value: 0.525.
[I 2026-04-13 13:08:55,391] Trial 10 finished with value: 0.4 and parameters: {'n_estimators': 100, 'max_depth': 11, 'min_samples_split': 5, 'min_samples_leaf': 8}. Best is trial 9 with value: 0.525.
[I 2026-04-13 13:08:55,591] Trial 11 finished with value: 0.4 and parameters: {'n_estimators': 100, 'max_depth': 11, 'min_samples_split': 6, 'min_samples_leaf': 10}. Best is trial 9 with value: 0.525.
[I 2026-04-13 13:08:55,863] Trial 12 finished with value: 0.45 and parameters: {'n_estimators': 179, 'max_depth': 3, 'min_samples_split': 10, 'min_samples_leaf': 8}. Best is trial 9 with value: 0.525.
[I 2026-04-13 13:08:56,146] Trial 13 finished with value: 0.25 and parameters: {'n_estimators': 160, 'max_depth': 14, 'min_samples_split': 6, 'min_samples_leaf': 1}. Best is trial 9 with value: 0.525.
[I 2026-04-13 13:08:56,689] Trial 14 finished with value: 0.5 and parameters: {'n_estimators': 378, 'max_depth': 9, 'min_samples_split': 5, 'min_samples_leaf': 10}. Best is trial 9 with value: 0.525.
[I 2026-04-13 13:08:57,023] Trial 15 finished with value: 0.5 and parameters: {'n_estimators': 227, 'max_depth': 14, 'min_samples_split': 8, 'min_samples_leaf': 9}. Best is trial 9 with value: 0.525.
[I 2026-04-13 13:08:57,261] Trial 16 finished with value: 0.4 and parameters: {'n_estimators': 128, 'max_depth': 20, 'min_samples_split': 4, 'min_samples_leaf': 7}. Best is trial 9 with value: 0.525.
[I 2026-04-13 13:08:57,909] Trial 17 finished with value: 0.475 and parameters: {'n_estimators': 443, 'max_depth': 3, 'min_samples_split': 7, 'min_samples_leaf': 9}. Best is trial 9 with value: 0.525.
[I 2026-04-13 13:08:58,277] Trial 18 finished with value: 0.425 and parameters: {'n_estimators': 240, 'max_depth': 10, 'min_samples_split': 4, 'min_samples_leaf': 4}. Best is trial 9 with value: 0.525.
[I 2026-04-13 13:08:58,528] Trial 19 finished with value: 0.475 and parameters: {'n_estimators': 151, 'max_depth': 13, 'min_samples_split': 6, 'min_samples_leaf': 9}. Best is trial 9 with value: 0.525.
[I 2026-04-13 13:08:58,842] Trial 20 finished with value: 0.525 and parameters: {'n_estimators': 203, 'max_depth': 16, 'min_samples_split': 10, 'min_samples_leaf': 7}. Best is trial 9 with value: 0.525.
[I 2026-04-13 13:08:59,135] Trial 21 finished with value: 0.475 and parameters: {'n_estimators': 201, 'max_depth': 16, 'min_samples_split': 9, 'min_samples_leaf': 7}. Best is trial 9 with value: 0.525.
[I 2026-04-13 13:08:59,585] Trial 22 finished with value: 0.475 and parameters: {'n_estimators': 326, 'max_depth': 16, 'min_samples_split': 10, 'min_samples_leaf': 10}. Best is trial 9 with value: 0.525.
[I 2026-04-13 13:08:59,978] Trial 23 finished with value: 0.45 and parameters: {'n_estimators': 252, 'max_depth': 12, 'min_samples_split': 8, 'min_samples_leaf': 5}. Best is trial 9 with value: 0.525.
[I 2026-04-13 13:09:00,232] Trial 24 finished with value: 0.475 and parameters: {'n_estimators': 140, 'max_depth': 20, 'min_samples_split': 9, 'min_samples_leaf': 9}. Best is trial 9 with value: 0.525.
[I 2026-04-13 13:09:00,529] Trial 25 finished with value: 0.45 and parameters: {'n_estimators': 199, 'max_depth': 9, 'min_samples_split': 7, 'min_samples_leaf': 7}. Best is trial 9 with value: 0.525.
[I 2026-04-13 13:09:00,722] Trial 26 finished with value: 0.475 and parameters: {'n_estimators': 123, 'max_depth': 18, 'min_samples_split': 5, 'min_samples_leaf': 8}. Best is trial 9 with value: 0.525.
[I 2026-04-13 13:09:01,000] Trial 27 finished with value: 0.425 and parameters: {'n_estimators': 172, 'max_depth': 15, 'min_samples_split': 3, 'min_samples_leaf': 5}. Best is trial 9 with value: 0.525.
[I 2026-04-13 13:09:01,489] Trial 28 finished with value: 0.375 and parameters: {'n_estimators': 317, 'max_depth': 12, 'min_samples_split': 10, 'min_samples_leaf': 1}. Best is trial 9 with value: 0.525.
[I 2026-04-13 13:09:01,807] Trial 29 finished with value: 0.475 and parameters: {'n_estimators': 214, 'max_depth': 17, 'min_samples_split': 3, 'min_samples_leaf': 10}. Best is trial 9 with value: 0.525.
[I 2026-04-13 13:09:02,067] A new study created in memory with name: mlp
[I 2026-04-13 13:09:02,113] Trial 0 finished with value: 0.45 and parameters: {'hidden_layer_sizes': (200,), 'max_iter': 50, 'alpha': 0.001}. Best is trial 0 with value: 0.45.
[I 2026-04-13 13:09:02,181] Trial 1 finished with value: 0.4 and parameters: {'hidden_layer_sizes': (100,), 'max_iter': 100, 'alpha': 0.0001}. Best is trial 0 with value: 0.45.
[I 2026-04-13 13:09:02,257] Trial 2 finished with value: 0.425 and parameters: {'hidden_layer_sizes': (100,), 'max_iter': 100, 'alpha': 0.001}. Best is trial 0 with value: 0.45.
[I 2026-04-13 13:09:02,313] Trial 3 finished with value: 0.45 and parameters: {'hidden_layer_sizes': (200,), 'max_iter': 50, 'alpha': 0.001}. Best is trial 0 with value: 0.45.
[I 2026-04-13 13:09:02,379] Trial 4 finished with value: 0.45 and parameters: {'hidden_layer_sizes': (100,), 'max_iter': 100, 'alpha': 0.0001}. Best is trial 0 with value: 0.45.
[I 2026-04-13 13:09:02,443] Trial 5 finished with value: 0.425 and parameters: {'hidden_layer_sizes': (100,), 'max_iter': 100, 'alpha': 0.001}. Best is trial 0 with value: 0.45.
[I 2026-04-13 13:09:02,520] Trial 6 finished with value: 0.4 and parameters: {'hidden_layer_sizes': (200,), 'max_iter': 100, 'alpha': 0.001}. Best is trial 0 with value: 0.45.
[I 2026-04-13 13:09:02,618] Trial 7 finished with value: 0.425 and parameters: {'hidden_layer_sizes': (200,), 'max_iter': 100, 'alpha': 0.001}. Best is trial 0 with value: 0.45.
[I 2026-04-13 13:09:02,696] Trial 8 finished with value: 0.45 and parameters: {'hidden_layer_sizes': (100,), 'max_iter': 100, 'alpha': 0.001}. Best is trial 0 with value: 0.45.
[I 2026-04-13 13:09:02,753] Trial 9 finished with value: 0.45 and parameters: {'hidden_layer_sizes': (100,), 'max_iter': 50, 'alpha': 0.001}. Best is trial 0 with value: 0.45.
[I 2026-04-13 13:09:02,809] Trial 10 finished with value: 0.45 and parameters: {'hidden_layer_sizes': (100, 100), 'max_iter': 50, 'alpha': 0.0001}. Best is trial 0 with value: 0.45.
[I 2026-04-13 13:09:02,869] Trial 11 finished with value: 0.4 and parameters: {'hidden_layer_sizes': (200,), 'max_iter': 50, 'alpha': 0.001}. Best is trial 0 with value: 0.45.
[I 2026-04-13 13:09:02,928] Trial 12 finished with value: 0.4 and parameters: {'hidden_layer_sizes': (200,), 'max_iter': 50, 'alpha': 0.001}. Best is trial 0 with value: 0.45.
[I 2026-04-13 13:09:02,987] Trial 13 finished with value: 0.425 and parameters: {'hidden_layer_sizes': (200,), 'max_iter': 50, 'alpha': 0.001}. Best is trial 0 with value: 0.45.
[I 2026-04-13 13:09:03,044] Trial 14 finished with value: 0.4 and parameters: {'hidden_layer_sizes': (100, 100), 'max_iter': 50, 'alpha': 0.0001}. Best is trial 0 with value: 0.45.
[I 2026-04-13 13:09:03,102] Trial 15 finished with value: 0.45 and parameters: {'hidden_layer_sizes': (200,), 'max_iter': 50, 'alpha': 0.001}. Best is trial 0 with value: 0.45.
[I 2026-04-13 13:09:03,148] Trial 16 finished with value: 0.425 and parameters: {'hidden_layer_sizes': (200,), 'max_iter': 50, 'alpha': 0.001}. Best is trial 0 with value: 0.45.
[I 2026-04-13 13:09:03,194] Trial 17 finished with value: 0.475 and parameters: {'hidden_layer_sizes': (200,), 'max_iter': 50, 'alpha': 0.001}. Best is trial 17 with value: 0.475.
[I 2026-04-13 13:09:03,249] Trial 18 finished with value: 0.45 and parameters: {'hidden_layer_sizes': (100, 100), 'max_iter': 50, 'alpha': 0.0001}. Best is trial 17 with value: 0.475.
[I 2026-04-13 13:09:03,296] Trial 19 finished with value: 0.45 and parameters: {'hidden_layer_sizes': (200,), 'max_iter': 50, 'alpha': 0.001}. Best is trial 17 with value: 0.475.
[I 2026-04-13 13:09:03,354] Trial 20 finished with value: 0.45 and parameters: {'hidden_layer_sizes': (200,), 'max_iter': 50, 'alpha': 0.001}. Best is trial 17 with value: 0.475.
[I 2026-04-13 13:09:03,399] Trial 21 finished with value: 0.45 and parameters: {'hidden_layer_sizes': (200,), 'max_iter': 50, 'alpha': 0.001}. Best is trial 17 with value: 0.475.
[I 2026-04-13 13:09:03,443] Trial 22 finished with value: 0.475 and parameters: {'hidden_layer_sizes': (200,), 'max_iter': 50, 'alpha': 0.001}. Best is trial 17 with value: 0.475.
[I 2026-04-13 13:09:03,498] Trial 23 finished with value: 0.425 and parameters: {'hidden_layer_sizes': (200,), 'max_iter': 50, 'alpha': 0.001}. Best is trial 17 with value: 0.475.
[I 2026-04-13 13:09:03,543] Trial 24 finished with value: 0.45 and parameters: {'hidden_layer_sizes': (200,), 'max_iter': 50, 'alpha': 0.001}. Best is trial 17 with value: 0.475.
[I 2026-04-13 13:09:03,603] Trial 25 finished with value: 0.4 and parameters: {'hidden_layer_sizes': (100, 100), 'max_iter': 50, 'alpha': 0.001}. Best is trial 17 with value: 0.475.
[I 2026-04-13 13:09:03,659] Trial 26 finished with value: 0.45 and parameters: {'hidden_layer_sizes': (200,), 'max_iter': 50, 'alpha': 0.0001}. Best is trial 17 with value: 0.475.
[I 2026-04-13 13:09:03,698] Trial 27 finished with value: 0.425 and parameters: {'hidden_layer_sizes': (200,), 'max_iter': 50, 'alpha': 0.001}. Best is trial 17 with value: 0.475.
[I 2026-04-13 13:09:03,756] Trial 28 finished with value: 0.475 and parameters: {'hidden_layer_sizes': (200,), 'max_iter': 50, 'alpha': 0.001}. Best is trial 17 with value: 0.475.
[I 2026-04-13 13:09:03,806] Trial 29 finished with value: 0.475 and parameters: {'hidden_layer_sizes': (200,), 'max_iter': 50, 'alpha': 0.001}. Best is trial 17 with value: 0.475.
[I 2026-04-13 13:09:05,973] A new study created in memory with name: naive_bayes
[I 2026-04-13 13:09:05,989] Trial 0 finished with value: 0.525 and parameters: {'var_smoothing': 2.7796258518939306e-10}. Best is trial 0 with value: 0.525.
[I 2026-04-13 13:09:06,004] Trial 1 finished with value: 0.525 and parameters: {'var_smoothing': 5.513972710118387e-09}. Best is trial 0 with value: 0.525.
[I 2026-04-13 13:09:06,029] Trial 2 finished with value: 0.525 and parameters: {'var_smoothing': 2.590826381512706e-10}. Best is trial 0 with value: 0.525.
[I 2026-04-13 13:09:06,044] Trial 3 finished with value: 0.525 and parameters: {'var_smoothing': 6.874194498027403e-09}. Best is trial 0 with value: 0.525.
[I 2026-04-13 13:09:06,059] Trial 4 finished with value: 0.525 and parameters: {'var_smoothing': 9.480306482679771e-10}. Best is trial 0 with value: 0.525.
[I 2026-04-13 13:09:06,075] Trial 5 finished with value: 0.525 and parameters: {'var_smoothing': 1.6729683536668864e-09}. Best is trial 0 with value: 0.525.
[I 2026-04-13 13:09:06,090] Trial 6 finished with value: 0.525 and parameters: {'var_smoothing': 3.402637726935598e-09}. Best is trial 0 with value: 0.525.
[I 2026-04-13 13:09:06,104] Trial 7 finished with value: 0.525 and parameters: {'var_smoothing': 1.0885189040847657e-09}. Best is trial 0 with value: 0.525.
[I 2026-04-13 13:09:06,119] Trial 8 finished with value: 0.525 and parameters: {'var_smoothing': 3.922843686541149e-10}. Best is trial 0 with value: 0.525.
[I 2026-04-13 13:09:06,134] Trial 9 finished with value: 0.525 and parameters: {'var_smoothing': 2.3737908819373785e-10}. Best is trial 0 with value: 0.525.
[I 2026-04-13 13:09:06,153] Trial 10 finished with value: 0.525 and parameters: {'var_smoothing': 1.005826617097841e-10}. Best is trial 0 with value: 0.525.
[I 2026-04-13 13:09:06,172] Trial 11 finished with value: 0.525 and parameters: {'var_smoothing': 8.246040091550826e-09}. Best is trial 0 with value: 0.525.
[I 2026-04-13 13:09:06,191] Trial 12 finished with value: 0.525 and parameters: {'var_smoothing': 5.714429769091136e-10}. Best is trial 0 with value: 0.525.
[I 2026-04-13 13:09:06,210] Trial 13 finished with value: 0.525 and parameters: {'var_smoothing': 3.0046394488828834e-09}. Best is trial 0 with value: 0.525.
[I 2026-04-13 13:09:06,229] Trial 14 finished with value: 0.525 and parameters: {'var_smoothing': 1.0161521526134228e-10}. Best is trial 0 with value: 0.525.
[I 2026-04-13 13:09:06,247] Trial 15 finished with value: 0.525 and parameters: {'var_smoothing': 3.455011319435438e-09}. Best is trial 0 with value: 0.525.
[I 2026-04-13 13:09:06,266] Trial 16 finished with value: 0.525 and parameters: {'var_smoothing': 2.2038800241203009e-10}. Best is trial 0 with value: 0.525.
[I 2026-04-13 13:09:06,295] Trial 17 finished with value: 0.525 and parameters: {'var_smoothing': 1.8515987176145925e-09}. Best is trial 0 with value: 0.525.
[I 2026-04-13 13:09:06,311] Trial 18 finished with value: 0.525 and parameters: {'var_smoothing': 5.024285700153026e-10}. Best is trial 0 with value: 0.525.
[I 2026-04-13 13:09:06,328] Trial 19 finished with value: 0.525 and parameters: {'var_smoothing': 4.958025424412893e-09}. Best is trial 0 with value: 0.525.
[I 2026-04-13 13:09:06,358] Trial 20 finished with value: 0.525 and parameters: {'var_smoothing': 8.344000526157384e-10}. Best is trial 0 with value: 0.525.
[I 2026-04-13 13:09:06,373] Trial 21 finished with value: 0.525 and parameters: {'var_smoothing': 2.46080689865309e-10}. Best is trial 0 with value: 0.525.
[I 2026-04-13 13:09:06,400] Trial 22 finished with value: 0.525 and parameters: {'var_smoothing': 1.4445108350594728e-10}. Best is trial 0 with value: 0.525.
[I 2026-04-13 13:09:06,416] Trial 23 finished with value: 0.525 and parameters: {'var_smoothing': 3.3715577896606737e-10}. Best is trial 0 with value: 0.525.
[I 2026-04-13 13:09:06,432] Trial 24 finished with value: 0.525 and parameters: {'var_smoothing': 1.572466431855027e-10}. Best is trial 0 with value: 0.525.
