[I 2026-04-13 13:03:14,766] Trial 23 finished with value: 0.45 and parameters: {'n_neighbors': 8, 'leaf_size': 33, 'p': 2}. Best is trial 0 with value: 0.6.
[I 2026-04-13 13:03:14,790] Trial 24 finished with value: 0.6 and parameters: {'n_neighbors': 9, 'leaf_size': 26, 'p': 2}. Best is trial 0 with value: 0.6.
[I 2026-04-13 13:03:14,813] Trial 25 finished with value: 0.6 and parameters: {'n_neighbors': 10, 'leaf_size': 38, 'p': 2}. Best is trial 0 with value: 0.6.
[I 2026-04-13 13:03:14,837] Trial 26 finished with value: 0.45 and parameters: {'n_neighbors': 7, 'leaf_size': 31, 'p': 2}. Best is trial 0 with value: 0.6.
[I 2026-04-13 13:03:14,863] Trial 27 finished with value: 0.6 and parameters: {'n_neighbors': 9, 'leaf_size': 36, 'p': 1}. Best is trial 0 with value: 0.6.
[I 2026-04-13 13:03:14,886] Trial 28 finished with value: 0.45 and parameters: {'n_neighbors': 8, 'leaf_size': 22, 'p': 2}. Best is trial 0 with value: 0.6.
[I 2026-04-13 13:03:14,906] Trial 29 finished with value: 0.6 and parameters: {'n_neighbors': 10, 'leaf_size': 20, 'p': 1}. Best is trial 0 with value: 0.6.
[I 2026-04-13 13:03:14,950] A new study created in memory with name: xgb
[I 2026-04-13 13:03:14,985] Trial 0 finished with value: 0.3 and parameters: {'n_estimators': 40, 'max_depth': 5, 'gamma': 0.4874219364632415, 'subsample': 0.7011756800186824, 'colsample_bytree': 0.7613373356762848}. Best is trial 0 with value: 0.3.
[I 2026-04-13 13:03:15,010] Trial 1 finished with value: 0.3 and parameters: {'n_estimators': 40, 'max_depth': 5, 'gamma': 0.483482593428573, 'subsample': 0.6445375140090439, 'colsample_bytree': 0.9869276206002231}. Best is trial 0 with value: 0.3.
[I 2026-04-13 13:03:15,036] Trial 2 finished with value: 0.45 and parameters: {'n_estimators': 10, 'max_depth': 5, 'gamma': 0.16384856027517886, 'subsample': 0.6123849694840227, 'colsample_bytree': 0.6968174574718025}. Best is trial 2 with value: 0.45.
[I 2026-04-13 13:03:15,084] Trial 3 finished with value: 0.3 and parameters: {'n_estimators': 100, 'max_depth': 30, 'gamma': 0.7877441182293641, 'subsample': 0.9694019566553859, 'colsample_bytree': 0.6598448982335139}. Best is trial 2 with value: 0.45.
[I 2026-04-13 13:03:15,123] Trial 4 finished with value: 0.35 and parameters: {'n_estimators': 100, 'max_depth': 5, 'gamma': 0.816017102586079, 'subsample': 0.5160040782128984, 'colsample_bytree': 0.7277239110529665}. Best is trial 2 with value: 0.45.
[I 2026-04-13 13:03:15,151] Trial 5 finished with value: 0.4 and parameters: {'n_estimators': 40, 'max_depth': 20, 'gamma': 0.6643500821697236, 'subsample': 0.6076588997363731, 'colsample_bytree': 0.5754850538287481}. Best is trial 2 with value: 0.45.
[I 2026-04-13 13:03:15,190] Trial 6 finished with value: 0.3 and parameters: {'n_estimators': 100, 'max_depth': 20, 'gamma': 0.6361752212866232, 'subsample': 0.8309913561372338, 'colsample_bytree': 0.7552902276266351}. Best is trial 2 with value: 0.45.
[I 2026-04-13 13:03:15,217] Trial 7 finished with value: 0.35 and parameters: {'n_estimators': 10, 'max_depth': 5, 'gamma': 0.5767347850317142, 'subsample': 0.7995431264700696, 'colsample_bytree': 0.8604622333437917}. Best is trial 2 with value: 0.45.
[I 2026-04-13 13:03:15,254] Trial 8 finished with value: 0.3 and parameters: {'n_estimators': 100, 'max_depth': 20, 'gamma': 0.8470554948938058, 'subsample': 0.860339005739911, 'colsample_bytree': 0.9331308414408237}. Best is trial 2 with value: 0.45.
[I 2026-04-13 13:03:15,292] Trial 9 finished with value: 0.3 and parameters: {'n_estimators': 100, 'max_depth': 30, 'gamma': 0.574951454577921, 'subsample': 0.9696020680119358, 'colsample_bytree': 0.8616917074936369}. Best is trial 2 with value: 0.45.
[I 2026-04-13 13:03:15,332] Trial 10 finished with value: 0.45 and parameters: {'n_estimators': 10, 'max_depth': 5, 'gamma': 0.11769208758613511, 'subsample': 0.5220288164053076, 'colsample_bytree': 0.525322130410742}. Best is trial 2 with value: 0.45.
[I 2026-04-13 13:03:15,373] Trial 11 finished with value: 0.45 and parameters: {'n_estimators': 10, 'max_depth': 5, 'gamma': 0.10136701148186288, 'subsample': 0.5005044321862977, 'colsample_bytree': 0.5002846520057044}. Best is trial 2 with value: 0.45.
[I 2026-04-13 13:03:15,426] Trial 12 finished with value: 0.55 and parameters: {'n_estimators': 10, 'max_depth': 5, 'gamma': 0.10575057238698657, 'subsample': 0.5843861231229354, 'colsample_bytree': 0.6059552660769121}. Best is trial 12 with value: 0.55.
[I 2026-04-13 13:03:15,466] Trial 13 finished with value: 0.6 and parameters: {'n_estimators': 10, 'max_depth': 5, 'gamma': 0.275473378329589, 'subsample': 0.6129406009071776, 'colsample_bytree': 0.6470486916313527}. Best is trial 13 with value: 0.6.
[I 2026-04-13 13:03:15,503] Trial 14 finished with value: 0.4 and parameters: {'n_estimators': 10, 'max_depth': 30, 'gamma': 0.3240361653721122, 'subsample': 0.7021692021937425, 'colsample_bytree': 0.616717843840092}. Best is trial 13 with value: 0.6.
[I 2026-04-13 13:03:15,550] Trial 15 finished with value: 0.6 and parameters: {'n_estimators': 10, 'max_depth': 5, 'gamma': 0.27509686117257687, 'subsample': 0.5843530123270299, 'colsample_bytree': 0.5958475986270161}. Best is trial 13 with value: 0.6.
[I 2026-04-13 13:03:15,589] Trial 16 finished with value: 0.4 and parameters: {'n_estimators': 10, 'max_depth': 5, 'gamma': 0.3080056029475564, 'subsample': 0.6886717185437315, 'colsample_bytree': 0.6643668595776308}. Best is trial 13 with value: 0.6.
[I 2026-04-13 13:03:15,626] Trial 17 finished with value: 0.5 and parameters: {'n_estimators': 10, 'max_depth': 5, 'gamma': 0.31076269842990845, 'subsample': 0.5680417847331567, 'colsample_bytree': 0.552931003771852}. Best is trial 13 with value: 0.6.
[I 2026-04-13 13:03:15,669] Trial 18 finished with value: 0.35 and parameters: {'n_estimators': 10, 'max_depth': 30, 'gamma': 0.23583796065385987, 'subsample': 0.7703311685059973, 'colsample_bytree': 0.798164294043795}. Best is trial 13 with value: 0.6.
[I 2026-04-13 13:03:15,710] Trial 19 finished with value: 0.55 and parameters: {'n_estimators': 10, 'max_depth': 20, 'gamma': 0.4231797749738314, 'subsample': 0.6544513396419342, 'colsample_bytree': 0.6319725061725031}. Best is trial 13 with value: 0.6.
[I 2026-04-13 13:03:15,761] Trial 20 finished with value: 0.35 and parameters: {'n_estimators': 40, 'max_depth': 5, 'gamma': 0.3933800082849023, 'subsample': 0.5587736650485787, 'colsample_bytree': 0.5764015993179317}. Best is trial 13 with value: 0.6.
[I 2026-04-13 13:03:15,791] Trial 21 finished with value: 0.5 and parameters: {'n_estimators': 10, 'max_depth': 5, 'gamma': 0.19350872945048575, 'subsample': 0.5795375491991188, 'colsample_bytree': 0.6195761779605622}. Best is trial 13 with value: 0.6.
[I 2026-04-13 13:03:15,825] Trial 22 finished with value: 0.55 and parameters: {'n_estimators': 10, 'max_depth': 5, 'gamma': 0.2564388753572912, 'subsample': 0.63833482698456, 'colsample_bytree': 0.5942085331562191}. Best is trial 13 with value: 0.6.
[I 2026-04-13 13:03:15,860] Trial 23 finished with value: 0.4 and parameters: {'n_estimators': 10, 'max_depth': 5, 'gamma': 0.9953182577057711, 'subsample': 0.5592255690214858, 'colsample_bytree': 0.6856521428927239}. Best is trial 13 with value: 0.6.
[I 2026-04-13 13:03:15,897] Trial 24 finished with value: 0.55 and parameters: {'n_estimators': 10, 'max_depth': 5, 'gamma': 0.2225033129455034, 'subsample': 0.6009356334983594, 'colsample_bytree': 0.5500258983701755}. Best is trial 13 with value: 0.6.
[I 2026-04-13 13:03:15,939] Trial 25 finished with value: 0.4 and parameters: {'n_estimators': 10, 'max_depth': 5, 'gamma': 0.3794155376030155, 'subsample': 0.7320001469099935, 'colsample_bytree': 0.6427470993368929}. Best is trial 13 with value: 0.6.
[I 2026-04-13 13:03:15,974] Trial 26 finished with value: 0.35 and parameters: {'n_estimators': 10, 'max_depth': 5, 'gamma': 0.17810108245860787, 'subsample': 0.6660088651381947, 'colsample_bytree': 0.7127808924202157}. Best is trial 13 with value: 0.6.
[I 2026-04-13 13:03:16,007] Trial 27 finished with value: 0.55 and parameters: {'n_estimators': 10, 'max_depth': 5, 'gamma': 0.28459734411813015, 'subsample': 0.5449243979282028, 'colsample_bytree': 0.5999650262070053}. Best is trial 13 with value: 0.6.
[I 2026-04-13 13:03:16,046] Trial 28 finished with value: 0.3 and parameters: {'n_estimators': 40, 'max_depth': 20, 'gamma': 0.13786023262704122, 'subsample': 0.9042100635534382, 'colsample_bytree': 0.6692120255613246}. Best is trial 13 with value: 0.6.
[I 2026-04-13 13:03:16,087] Trial 29 finished with value: 0.35 and parameters: {'n_estimators': 10, 'max_depth': 30, 'gamma': 0.4832046028010115, 'subsample': 0.7401759073111771, 'colsample_bytree': 0.790465766610629}. Best is trial 13 with value: 0.6.



>>> Optuna tuning knn metodo lc IPC 10 seed 7


Parámetros guardados en /data/home/rtabares/estiven/CorVAE/checkpoint_smoke_test_mlp/lc/IPC_10/best_models_lc_seed_7_space_latent/knn_best_params.json


>>> Optuna tuning xgb metodo lc IPC 10 seed 7


Parámetros guardados en /data/home/rtabares/estiven/CorVAE/checkpoint_smoke_test_mlp/lc/IPC_10/best_models_lc_seed_7_space_latent/xgb_best_params.json


>>> Optuna tuning rf metodo lc IPC 10 seed 7


Parámetros guardados en /data/home/rtabares/estiven/CorVAE/checkpoint_smoke_test_mlp/lc/IPC_10/best_models_lc_seed_7_space_latent/rf_best_params.json


>>> Optuna tuning mlp metodo lc IPC 10 seed 7


Parámetros guardados en /data/home/rtabares/estiven/CorVAE/checkpoint_smoke_test_mlp/lc/IPC_10/best_models_lc_seed_7_space_latent/mlp_best_params.json


>>> Optuna tuning naive_bayes metodo lc IPC 10 seed 7


Parámetros guardados en /data/home/rtabares/estiven/CorVAE/checkpoint_smoke_test_mlp/lc/IPC_10/best_models_lc_seed_7_space_original/naive_bayes_best_params.json


>>> Optuna tuning logreg metodo lc IPC 10 seed 7


Parámetros guardados en /data/home/rtabares/estiven/CorVAE/checkpoint_smoke_test_mlp/lc/IPC_10/best_models_lc_seed_7_space_original/logreg_best_params.json


>>> Optuna tuning knn metodo lc IPC 10 seed 7


Parámetros guardados en /data/home/rtabares/estiven/CorVAE/checkpoint_smoke_test_mlp/lc/IPC_10/best_models_lc_seed_7_space_original/knn_best_params.json


>>> Optuna tuning xgb metodo lc IPC 10 seed 7


Parámetros guardados en /data/home/rtabares/estiven/CorVAE/checkpoint_smoke_test_mlp/lc/IPC_10/best_models_lc_seed_7_space_original/xgb_best_params.json


>>> Optuna tuning rf metodo lc IPC 10 seed 7


Parámetros guardados en /data/home/rtabares/estiven/CorVAE/checkpoint_smoke_test_mlp/lc/IPC_10/best_models_lc_seed_7_space_original/rf_best_params.json


>>> Optuna tuning mlp metodo lc IPC 10 seed 7


Parámetros guardados en /data/home/rtabares/estiven/CorVAE/checkpoint_smoke_test_mlp/lc/IPC_10/best_models_lc_seed_7_space_original/mlp_best_params.json


>>> Optuna tuning naive_bayes metodo random IPC 10 seed 8


Parámetros guardados en /data/home/rtabares/estiven/CorVAE/checkpoint_smoke_test_mlp/random/IPC_10/best_models_random_seed_8_space_original/naive_bayes_best_params.json


>>> Optuna tuning logreg metodo random IPC 10 seed 8


Parámetros guardados en /data/home/rtabares/estiven/CorVAE/checkpoint_smoke_test_mlp/random/IPC_10/best_models_random_seed_8_space_original/logreg_best_params.json


>>> Optuna tuning knn metodo random IPC 10 seed 8


Parámetros guardados en /data/home/rtabares/estiven/CorVAE/checkpoint_smoke_test_mlp/random/IPC_10/best_models_random_seed_8_space_original/knn_best_params.json


>>> Optuna tuning xgb metodo random IPC 10 seed 8


Parámetros guardados en /data/home/rtabares/estiven/CorVAE/checkpoint_smoke_test_mlp/random/IPC_10/best_models_random_seed_8_space_original/xgb_best_params.json


>>> Optuna tuning rf metodo random IPC 10 seed 8


Parámetros guardados en /data/home/rtabares/estiven/CorVAE/checkpoint_smoke_test_mlp/random/IPC_10/best_models_random_seed_8_space_original/rf_best_params.json


>>> Optuna tuning mlp metodo random IPC 10 seed 8


Parámetros guardados en /data/home/rtabares/estiven/CorVAE/checkpoint_smoke_test_mlp/random/IPC_10/best_models_random_seed_8_space_original/mlp_best_params.json


>>> Optuna tuning naive_bayes metodo k-means IPC 10 seed 8


Parámetros guardados en /data/home/rtabares/estiven/CorVAE/checkpoint_smoke_test_mlp/k-means/IPC_10/best_models_k-means_seed_8_space_latent/naive_bayes_best_params.json


>>> Optuna tuning logreg metodo k-means IPC 10 seed 8


Parámetros guardados en /data/home/rtabares/estiven/CorVAE/checkpoint_smoke_test_mlp/k-means/IPC_10/best_models_k-means_seed_8_space_latent/logreg_best_params.json


>>> Optuna tuning knn metodo k-means IPC 10 seed 8


Parámetros guardados en /data/home/rtabares/estiven/CorVAE/checkpoint_smoke_test_mlp/k-means/IPC_10/best_models_k-means_seed_8_space_latent/knn_best_params.json


>>> Optuna tuning xgb metodo k-means IPC 10 seed 8


Parámetros guardados en /data/home/rtabares/estiven/CorVAE/checkpoint_smoke_test_mlp/k-means/IPC_10/best_models_k-means_seed_8_space_latent/xgb_best_params.json


>>> Optuna tuning rf metodo k-means IPC 10 seed 8


Parámetros guardados en /data/home/rtabares/estiven/CorVAE/checkpoint_smoke_test_mlp/k-means/IPC_10/best_models_k-means_seed_8_space_latent/rf_best_params.json


>>> Optuna tuning mlp metodo k-means IPC 10 seed 8


Parámetros guardados en /data/home/rtabares/estiven/CorVAE/checkpoint_smoke_test_mlp/k-means/IPC_10/best_models_k-means_seed_8_space_latent/mlp_best_params.json


>>> Optuna tuning naive_bayes metodo k-means IPC 10 seed 8


Parámetros guardados en /data/home/rtabares/estiven/CorVAE/checkpoint_smoke_test_mlp/k-means/IPC_10/best_models_k-means_seed_8_space_original/naive_bayes_best_params.json


>>> Optuna tuning logreg metodo k-means IPC 10 seed 8


Parámetros guardados en /data/home/rtabares/estiven/CorVAE/checkpoint_smoke_test_mlp/k-means/IPC_10/best_models_k-means_seed_8_space_original/logreg_best_params.json


>>> Optuna tuning knn metodo k-means IPC 10 seed 8


Parámetros guardados en /data/home/rtabares/estiven/CorVAE/checkpoint_smoke_test_mlp/k-means/IPC_10/best_models_k-means_seed_8_space_original/knn_best_params.json


>>> Optuna tuning xgb metodo k-means IPC 10 seed 8


Parámetros guardados en /data/home/rtabares/estiven/CorVAE/checkpoint_smoke_test_mlp/k-means/IPC_10/best_models_k-means_seed_8_space_original/xgb_best_params.json


>>> Optuna tuning rf metodo k-means IPC 10 seed 8


Parámetros guardados en /data/home/rtabares/estiven/CorVAE/checkpoint_smoke_test_mlp/k-means/IPC_10/best_models_k-means_seed_8_space_original/rf_best_params.json


>>> Optuna tuning mlp metodo k-means IPC 10 seed 8


Parámetros guardados en /data/home/rtabares/estiven/CorVAE/checkpoint_smoke_test_mlp/k-means/IPC_10/best_models_k-means_seed_8_space_original/mlp_best_params.json


>>> Optuna tuning naive_bayes metodo k-center IPC 10 seed 8


Parámetros guardados en /data/home/rtabares/estiven/CorVAE/checkpoint_smoke_test_mlp/k-center/IPC_10/best_models_k-center_seed_8_space_latent/naive_bayes_best_params.json


>>> Optuna tuning logreg metodo k-center IPC 10 seed 8


Parámetros guardados en /data/home/rtabares/estiven/CorVAE/checkpoint_smoke_test_mlp/k-center/IPC_10/best_models_k-center_seed_8_space_latent/logreg_best_params.json


>>> Optuna tuning knn metodo k-center IPC 10 seed 8


Parámetros guardados en /data/home/rtabares/estiven/CorVAE/checkpoint_smoke_test_mlp/k-center/IPC_10/best_models_k-center_seed_8_space_latent/knn_best_params.json


>>> Optuna tuning xgb metodo k-center IPC 10 seed 8


Parámetros guardados en /data/home/rtabares/estiven/CorVAE/checkpoint_smoke_test_mlp/k-center/IPC_10/best_models_k-center_seed_8_space_latent/xgb_best_params.json


>>> Optuna tuning rf metodo k-center IPC 10 seed 8


Parámetros guardados en /data/home/rtabares/estiven/CorVAE/checkpoint_smoke_test_mlp/k-center/IPC_10/best_models_k-center_seed_8_space_latent/rf_best_params.json


>>> Optuna tuning mlp metodo k-center IPC 10 seed 8


Parámetros guardados en /data/home/rtabares/estiven/CorVAE/checkpoint_smoke_test_mlp/k-center/IPC_10/best_models_k-center_seed_8_space_latent/mlp_best_params.json


>>> Optuna tuning naive_bayes metodo k-center IPC 10 seed 8


Parámetros guardados en /data/home/rtabares/estiven/CorVAE/checkpoint_smoke_test_mlp/k-center/IPC_10/best_models_k-center_seed_8_space_original/naive_bayes_best_params.json


>>> Optuna tuning logreg metodo k-center IPC 10 seed 8


Parámetros guardados en /data/home/rtabares/estiven/CorVAE/checkpoint_smoke_test_mlp/k-center/IPC_10/best_models_k-center_seed_8_space_original/logreg_best_params.json


>>> Optuna tuning knn metodo k-center IPC 10 seed 8


Parámetros guardados en /data/home/rtabares/estiven/CorVAE/checkpoint_smoke_test_mlp/k-center/IPC_10/best_models_k-center_seed_8_space_original/knn_best_params.json


>>> Optuna tuning xgb metodo k-center IPC 10 seed 8


Parámetros guardados en /data/home/rtabares/estiven/CorVAE/checkpoint_smoke_test_mlp/k-center/IPC_10/best_models_k-center_seed_8_space_original/xgb_best_params.json[I 2026-04-13 13:03:16,236] A new study created in memory with name: rf
[I 2026-04-13 13:03:16,856] Trial 0 finished with value: 0.5 and parameters: {'n_estimators': 450, 'max_depth': 20, 'min_samples_split': 9, 'min_samples_leaf': 6}. Best is trial 0 with value: 0.5.
[I 2026-04-13 13:03:17,123] Trial 1 finished with value: 0.55 and parameters: {'n_estimators': 193, 'max_depth': 3, 'min_samples_split': 5, 'min_samples_leaf': 5}. Best is trial 1 with value: 0.55.
[I 2026-04-13 13:03:17,576] Trial 2 finished with value: 0.5 and parameters: {'n_estimators': 309, 'max_depth': 11, 'min_samples_split': 6, 'min_samples_leaf': 6}. Best is trial 1 with value: 0.55.
[I 2026-04-13 13:03:18,076] Trial 3 finished with value: 0.45 and parameters: {'n_estimators': 405, 'max_depth': 15, 'min_samples_split': 7, 'min_samples_leaf': 5}. Best is trial 1 with value: 0.55.
[I 2026-04-13 13:03:18,391] Trial 4 finished with value: 0.4 and parameters: {'n_estimators': 215, 'max_depth': 20, 'min_samples_split': 5, 'min_samples_leaf': 3}. Best is trial 1 with value: 0.55.
[I 2026-04-13 13:03:18,599] Trial 5 finished with value: 0.45 and parameters: {'n_estimators': 126, 'max_depth': 20, 'min_samples_split': 3, 'min_samples_leaf': 4}. Best is trial 1 with value: 0.55.
[I 2026-04-13 13:03:18,775] Trial 6 finished with value: 0.5 and parameters: {'n_estimators': 128, 'max_depth': 7, 'min_samples_split': 5, 'min_samples_leaf': 9}. Best is trial 1 with value: 0.55.
[I 2026-04-13 13:03:19,143] Trial 7 finished with value: 0.4 and parameters: {'n_estimators': 238, 'max_depth': 20, 'min_samples_split': 2, 'min_samples_leaf': 4}. Best is trial 1 with value: 0.55.
[I 2026-04-13 13:03:19,531] Trial 8 finished with value: 0.45 and parameters: {'n_estimators': 252, 'max_depth': 16, 'min_samples_split': 10, 'min_samples_leaf': 4}. Best is trial 1 with value: 0.55.
[I 2026-04-13 13:03:19,930] Trial 9 finished with value: 0.5 and parameters: {'n_estimators': 273, 'max_depth': 7, 'min_samples_split': 9, 'min_samples_leaf': 7}. Best is trial 1 with value: 0.55.
[I 2026-04-13 13:03:20,382] Trial 10 finished with value: 0.2 and parameters: {'n_estimators': 340, 'max_depth': 4, 'min_samples_split': 4, 'min_samples_leaf': 1}. Best is trial 1 with value: 0.55.
[I 2026-04-13 13:03:20,992] Trial 11 finished with value: 0.5 and parameters: {'n_estimators': 485, 'max_depth': 12, 'min_samples_split': 8, 'min_samples_leaf': 8}. Best is trial 1 with value: 0.55.
[I 2026-04-13 13:03:21,642] Trial 12 finished with value: 0.5 and parameters: {'n_estimators': 498, 'max_depth': 3, 'min_samples_split': 7, 'min_samples_leaf': 10}. Best is trial 1 with value: 0.55.
[I 2026-04-13 13:03:22,157] Trial 13 finished with value: 0.5 and parameters: {'n_estimators': 395, 'max_depth': 9, 'min_samples_split': 10, 'min_samples_leaf': 6}. Best is trial 1 with value: 0.55.
[I 2026-04-13 13:03:22,395] Trial 14 finished with value: 0.35 and parameters: {'n_estimators': 185, 'max_depth': 16, 'min_samples_split': 8, 'min_samples_leaf': 1}. Best is trial 1 with value: 0.55.
[I 2026-04-13 13:03:22,923] Trial 15 finished with value: 0.5 and parameters: {'n_estimators': 401, 'max_depth': 13, 'min_samples_split': 5, 'min_samples_leaf': 7}. Best is trial 1 with value: 0.55.
[I 2026-04-13 13:03:23,185] Trial 16 finished with value: 0.45 and parameters: {'n_estimators': 174, 'max_depth': 6, 'min_samples_split': 7, 'min_samples_leaf': 3}. Best is trial 1 with value: 0.55.
[I 2026-04-13 13:03:23,661] Trial 17 finished with value: 0.5 and parameters: {'n_estimators': 353, 'max_depth': 18, 'min_samples_split': 3, 'min_samples_leaf': 7}. Best is trial 1 with value: 0.55.
[I 2026-04-13 13:03:24,267] Trial 18 finished with value: 0.55 and parameters: {'n_estimators': 460, 'max_depth': 10, 'min_samples_split': 9, 'min_samples_leaf': 5}. Best is trial 1 with value: 0.55.
[I 2026-04-13 13:03:24,740] Trial 19 finished with value: 0.35 and parameters: {'n_estimators': 303, 'max_depth': 9, 'min_samples_split': 6, 'min_samples_leaf': 2}. Best is trial 1 with value: 0.55.
[I 2026-04-13 13:03:25,002] Trial 20 finished with value: 0.5 and parameters: {'n_estimators': 161, 'max_depth': 5, 'min_samples_split': 4, 'min_samples_leaf': 5}. Best is trial 1 with value: 0.55.
[I 2026-04-13 13:03:25,586] Trial 21 finished with value: 0.5 and parameters: {'n_estimators': 451, 'max_depth': 10, 'min_samples_split': 9, 'min_samples_leaf': 5}. Best is trial 1 with value: 0.55.
[I 2026-04-13 13:03:26,229] Trial 22 finished with value: 0.45 and parameters: {'n_estimators': 447, 'max_depth': 14, 'min_samples_split': 9, 'min_samples_leaf': 6}. Best is trial 1 with value: 0.55.
[I 2026-04-13 13:03:26,770] Trial 23 finished with value: 0.5 and parameters: {'n_estimators': 441, 'max_depth': 8, 'min_samples_split': 8, 'min_samples_leaf': 8}. Best is trial 1 with value: 0.55.
