[I 2026-04-13 13:11:39,896] Trial 7 finished with value: 0.45 and parameters: {'n_estimators': 261, 'max_depth': 6, 'min_samples_split': 8, 'min_samples_leaf': 10}. Best is trial 6 with value: 0.5.
[I 2026-04-13 13:11:40,177] Trial 8 finished with value: 0.45 and parameters: {'n_estimators': 202, 'max_depth': 15, 'min_samples_split': 7, 'min_samples_leaf': 8}. Best is trial 6 with value: 0.5.
[I 2026-04-13 13:11:40,854] Trial 9 finished with value: 0.375 and parameters: {'n_estimators': 475, 'max_depth': 9, 'min_samples_split': 4, 'min_samples_leaf': 5}. Best is trial 6 with value: 0.5.
[I 2026-04-13 13:11:41,363] Trial 10 finished with value: 0.275 and parameters: {'n_estimators': 365, 'max_depth': 20, 'min_samples_split': 2, 'min_samples_leaf': 2}. Best is trial 6 with value: 0.5.
[I 2026-04-13 13:11:41,872] Trial 11 finished with value: 0.45 and parameters: {'n_estimators': 343, 'max_depth': 18, 'min_samples_split': 4, 'min_samples_leaf': 7}. Best is trial 6 with value: 0.5.
[I 2026-04-13 13:11:42,257] Trial 12 finished with value: 0.425 and parameters: {'n_estimators': 241, 'max_depth': 4, 'min_samples_split': 4, 'min_samples_leaf': 7}. Best is trial 6 with value: 0.5.
[I 2026-04-13 13:11:42,768] Trial 13 finished with value: 0.475 and parameters: {'n_estimators': 396, 'max_depth': 16, 'min_samples_split': 2, 'min_samples_leaf': 10}. Best is trial 6 with value: 0.5.
[I 2026-04-13 13:11:43,063] Trial 14 finished with value: 0.4 and parameters: {'n_estimators': 192, 'max_depth': 12, 'min_samples_split': 5, 'min_samples_leaf': 6}. Best is trial 6 with value: 0.5.
[I 2026-04-13 13:11:43,501] Trial 15 finished with value: 0.35 and parameters: {'n_estimators': 303, 'max_depth': 11, 'min_samples_split': 3, 'min_samples_leaf': 3}. Best is trial 6 with value: 0.5.
[I 2026-04-13 13:11:43,900] Trial 16 finished with value: 0.45 and parameters: {'n_estimators': 257, 'max_depth': 17, 'min_samples_split': 5, 'min_samples_leaf': 8}. Best is trial 6 with value: 0.5.
[I 2026-04-13 13:11:44,402] Trial 17 finished with value: 0.45 and parameters: {'n_estimators': 375, 'max_depth': 14, 'min_samples_split': 3, 'min_samples_leaf': 9}. Best is trial 6 with value: 0.5.
[I 2026-04-13 13:11:44,738] Trial 18 finished with value: 0.425 and parameters: {'n_estimators': 199, 'max_depth': 7, 'min_samples_split': 6, 'min_samples_leaf': 9}. Best is trial 6 with value: 0.5.
[I 2026-04-13 13:11:45,301] Trial 19 finished with value: 0.3 and parameters: {'n_estimators': 339, 'max_depth': 19, 'min_samples_split': 3, 'min_samples_leaf': 4}. Best is trial 6 with value: 0.5.
[I 2026-04-13 13:11:46,000] Trial 20 finished with value: 0.475 and parameters: {'n_estimators': 498, 'max_depth': 3, 'min_samples_split': 5, 'min_samples_leaf': 7}. Best is trial 6 with value: 0.5.
[I 2026-04-13 13:11:46,566] Trial 21 finished with value: 0.425 and parameters: {'n_estimators': 450, 'max_depth': 10, 'min_samples_split': 10, 'min_samples_leaf': 9}. Best is trial 6 with value: 0.5.
[I 2026-04-13 13:11:47,146] Trial 22 finished with value: 0.475 and parameters: {'n_estimators': 420, 'max_depth': 11, 'min_samples_split': 7, 'min_samples_leaf': 9}. Best is trial 6 with value: 0.5.
[I 2026-04-13 13:11:47,663] Trial 23 finished with value: 0.45 and parameters: {'n_estimators': 421, 'max_depth': 9, 'min_samples_split': 10, 'min_samples_leaf': 10}. Best is trial 6 with value: 0.5.
[I 2026-04-13 13:11:48,223] Trial 24 finished with value: 0.475 and parameters: {'n_estimators': 420, 'max_depth': 12, 'min_samples_split': 8, 'min_samples_leaf': 8}. Best is trial 6 with value: 0.5.
[I 2026-04-13 13:11:48,652] Trial 25 finished with value: 0.45 and parameters: {'n_estimators': 323, 'max_depth': 14, 'min_samples_split': 5, 'min_samples_leaf': 6}. Best is trial 6 with value: 0.5.
[I 2026-04-13 13:11:49,091] Trial 26 finished with value: 0.45 and parameters: {'n_estimators': 285, 'max_depth': 6, 'min_samples_split': 4, 'min_samples_leaf': 9}. Best is trial 6 with value: 0.5.
[I 2026-04-13 13:11:49,608] Trial 27 finished with value: 0.45 and parameters: {'n_estimators': 389, 'max_depth': 10, 'min_samples_split': 2, 'min_samples_leaf': 10}. Best is trial 6 with value: 0.5.
[I 2026-04-13 13:11:49,885] Trial 28 finished with value: 0.45 and parameters: {'n_estimators': 173, 'max_depth': 13, 'min_samples_split': 6, 'min_samples_leaf': 7}. Best is trial 6 with value: 0.5.
[I 2026-04-13 13:11:50,517] Trial 29 finished with value: 0.375 and parameters: {'n_estimators': 454, 'max_depth': 8, 'min_samples_split': 9, 'min_samples_leaf': 1}. Best is trial 6 with value: 0.5.
[I 2026-04-13 13:11:51,480] A new study created in memory with name: mlp
[I 2026-04-13 13:11:51,545] Trial 0 finished with value: 0.425 and parameters: {'hidden_layer_sizes': (100,), 'max_iter': 100, 'alpha': 0.0001}. Best is trial 0 with value: 0.425.
[I 2026-04-13 13:11:51,643] Trial 1 finished with value: 0.4 and parameters: {'hidden_layer_sizes': (100, 100), 'max_iter': 100, 'alpha': 0.001}. Best is trial 0 with value: 0.425.
[I 2026-04-13 13:11:51,759] Trial 2 finished with value: 0.475 and parameters: {'hidden_layer_sizes': (200,), 'max_iter': 100, 'alpha': 0.0001}. Best is trial 2 with value: 0.475.
[I 2026-04-13 13:11:51,825] Trial 3 finished with value: 0.45 and parameters: {'hidden_layer_sizes': (200,), 'max_iter': 50, 'alpha': 0.001}. Best is trial 2 with value: 0.475.
[I 2026-04-13 13:11:51,892] Trial 4 finished with value: 0.4 and parameters: {'hidden_layer_sizes': (100, 100), 'max_iter': 50, 'alpha': 0.0001}. Best is trial 2 with value: 0.475.
[I 2026-04-13 13:11:51,968] Trial 5 finished with value: 0.475 and parameters: {'hidden_layer_sizes': (200,), 'max_iter': 100, 'alpha': 0.0001}. Best is trial 2 with value: 0.475.
[I 2026-04-13 13:11:52,091] Trial 6 finished with value: 0.45 and parameters: {'hidden_layer_sizes': (200,), 'max_iter': 100, 'alpha': 0.001}. Best is trial 2 with value: 0.475.
[I 2026-04-13 13:11:52,168] Trial 7 finished with value: 0.425 and parameters: {'hidden_layer_sizes': (100,), 'max_iter': 100, 'alpha': 0.001}. Best is trial 2 with value: 0.475.
[I 2026-04-13 13:11:52,272] Trial 8 finished with value: 0.45 and parameters: {'hidden_layer_sizes': (100, 100), 'max_iter': 100, 'alpha': 0.0001}. Best is trial 2 with value: 0.475.
[I 2026-04-13 13:11:52,348] Trial 9 finished with value: 0.475 and parameters: {'hidden_layer_sizes': (200,), 'max_iter': 100, 'alpha': 0.0001}. Best is trial 2 with value: 0.475.
[I 2026-04-13 13:11:52,408] Trial 10 finished with value: 0.45 and parameters: {'hidden_layer_sizes': (200,), 'max_iter': 50, 'alpha': 0.0001}. Best is trial 2 with value: 0.475.
[I 2026-04-13 13:11:52,526] Trial 11 finished with value: 0.425 and parameters: {'hidden_layer_sizes': (200,), 'max_iter': 100, 'alpha': 0.0001}. Best is trial 2 with value: 0.475.
[I 2026-04-13 13:11:52,604] Trial 12 finished with value: 0.425 and parameters: {'hidden_layer_sizes': (200,), 'max_iter': 100, 'alpha': 0.0001}. Best is trial 2 with value: 0.475.
[I 2026-04-13 13:11:52,681] Trial 13 finished with value: 0.475 and parameters: {'hidden_layer_sizes': (200,), 'max_iter': 100, 'alpha': 0.0001}. Best is trial 2 with value: 0.475.
[I 2026-04-13 13:11:52,732] Trial 14 finished with value: 0.45 and parameters: {'hidden_layer_sizes': (200,), 'max_iter': 50, 'alpha': 0.0001}. Best is trial 2 with value: 0.475.
[I 2026-04-13 13:11:52,833] Trial 15 finished with value: 0.425 and parameters: {'hidden_layer_sizes': (100,), 'max_iter': 100, 'alpha': 0.0001}. Best is trial 2 with value: 0.475.
[I 2026-04-13 13:11:52,944] Trial 16 finished with value: 0.45 and parameters: {'hidden_layer_sizes': (200,), 'max_iter': 100, 'alpha': 0.0001}. Best is trial 2 with value: 0.475.
[I 2026-04-13 13:11:53,042] Trial 17 finished with value: 0.425 and parameters: {'hidden_layer_sizes': (200,), 'max_iter': 100, 'alpha': 0.0001}. Best is trial 2 with value: 0.475.
[I 2026-04-13 13:11:53,082] Trial 18 finished with value: 0.5 and parameters: {'hidden_layer_sizes': (100,), 'max_iter': 50, 'alpha': 0.001}. Best is trial 18 with value: 0.5.
[I 2026-04-13 13:11:53,130] Trial 19 finished with value: 0.45 and parameters: {'hidden_layer_sizes': (100,), 'max_iter': 50, 'alpha': 0.001}. Best is trial 18 with value: 0.5.
[I 2026-04-13 13:11:53,181] Trial 20 finished with value: 0.5 and parameters: {'hidden_layer_sizes': (100,), 'max_iter': 50, 'alpha': 0.001}. Best is trial 18 with value: 0.5.
[I 2026-04-13 13:11:53,237] Trial 21 finished with value: 0.475 and parameters: {'hidden_layer_sizes': (100,), 'max_iter': 50, 'alpha': 0.001}. Best is trial 18 with value: 0.5.
[I 2026-04-13 13:11:53,285] Trial 22 finished with value: 0.45 and parameters: {'hidden_layer_sizes': (100,), 'max_iter': 50, 'alpha': 0.001}. Best is trial 18 with value: 0.5.
[I 2026-04-13 13:11:53,333] Trial 23 finished with value: 0.45 and parameters: {'hidden_layer_sizes': (100,), 'max_iter': 50, 'alpha': 0.001}. Best is trial 18 with value: 0.5.
[I 2026-04-13 13:11:53,382] Trial 24 finished with value: 0.45 and parameters: {'hidden_layer_sizes': (100,), 'max_iter': 50, 'alpha': 0.001}. Best is trial 18 with value: 0.5.
[I 2026-04-13 13:11:53,431] Trial 25 finished with value: 0.475 and parameters: {'hidden_layer_sizes': (100,), 'max_iter': 50, 'alpha': 0.001}. Best is trial 18 with value: 0.5.
[I 2026-04-13 13:11:53,479] Trial 26 finished with value: 0.475 and parameters: {'hidden_layer_sizes': (100,), 'max_iter': 50, 'alpha': 0.001}. Best is trial 18 with value: 0.5.
[I 2026-04-13 13:11:53,539] Trial 27 finished with value: 0.4 and parameters: {'hidden_layer_sizes': (100, 100), 'max_iter': 50, 'alpha': 0.001}. Best is trial 18 with value: 0.5.
[I 2026-04-13 13:11:53,597] Trial 28 finished with value: 0.5 and parameters: {'hidden_layer_sizes': (100,), 'max_iter': 50, 'alpha': 0.001}. Best is trial 18 with value: 0.5.
[I 2026-04-13 13:11:53,653] Trial 29 finished with value: 0.475 and parameters: {'hidden_layer_sizes': (100,), 'max_iter': 50, 'alpha': 0.001}. Best is trial 18 with value: 0.5.
[I 2026-04-13 13:11:53,801] A new study created in memory with name: naive_bayes
[I 2026-04-13 13:11:53,815] Trial 0 finished with value: 0.475 and parameters: {'var_smoothing': 6.10548688762798e-09}. Best is trial 0 with value: 0.475.
[I 2026-04-13 13:11:53,827] Trial 1 finished with value: 0.475 and parameters: {'var_smoothing': 4.6127467400935034e-10}. Best is trial 0 with value: 0.475.
[I 2026-04-13 13:11:53,839] Trial 2 finished with value: 0.475 and parameters: {'var_smoothing': 4.389936579400967e-09}. Best is trial 0 with value: 0.475.
[I 2026-04-13 13:11:53,852] Trial 3 finished with value: 0.475 and parameters: {'var_smoothing': 1.2116948204672054e-10}. Best is trial 0 with value: 0.475.
[I 2026-04-13 13:11:53,864] Trial 4 finished with value: 0.475 and parameters: {'var_smoothing': 1.6417739478477417e-10}. Best is trial 0 with value: 0.475.
[I 2026-04-13 13:11:53,876] Trial 5 finished with value: 0.475 and parameters: {'var_smoothing': 1.5491880147236797e-09}. Best is trial 0 with value: 0.475.
[I 2026-04-13 13:11:53,888] Trial 6 finished with value: 0.475 and parameters: {'var_smoothing': 1.1471883405287265e-09}. Best is trial 0 with value: 0.475.
[I 2026-04-13 13:11:53,901] Trial 7 finished with value: 0.475 and parameters: {'var_smoothing': 6.88041853492358e-10}. Best is trial 0 with value: 0.475.
[I 2026-04-13 13:11:53,913] Trial 8 finished with value: 0.475 and parameters: {'var_smoothing': 4.686144741221158e-10}. Best is trial 0 with value: 0.475.
[I 2026-04-13 13:11:53,925] Trial 9 finished with value: 0.475 and parameters: {'var_smoothing': 1.7580809350683337e-09}. Best is trial 0 with value: 0.475.
[I 2026-04-13 13:11:53,940] Trial 10 finished with value: 0.475 and parameters: {'var_smoothing': 9.83902635509218e-09}. Best is trial 0 with value: 0.475.
[I 2026-04-13 13:11:53,956] Trial 11 finished with value: 0.475 and parameters: {'var_smoothing': 2.660399871603373e-10}. Best is trial 0 with value: 0.475.
[I 2026-04-13 13:11:53,972] Trial 12 finished with value: 0.475 and parameters: {'var_smoothing': 9.276268851540963e-09}. Best is trial 0 with value: 0.475.
[I 2026-04-13 13:11:53,988] Trial 13 finished with value: 0.475 and parameters: {'var_smoothing': 2.9844010685221692e-09}. Best is trial 0 with value: 0.475.
[I 2026-04-13 13:11:54,005] Trial 14 finished with value: 0.475 and parameters: {'var_smoothing': 3.8923309717334116e-10}. Best is trial 0 with value: 0.475.
[I 2026-04-13 13:11:54,025] Trial 15 finished with value: 0.475 and parameters: {'var_smoothing': 3.85461066627204e-09}. Best is trial 0 with value: 0.475.
[I 2026-04-13 13:11:54,044] Trial 16 finished with value: 0.475 and parameters: {'var_smoothing': 7.120907275009211e-10}. Best is trial 0 with value: 0.475.
[I 2026-04-13 13:11:54,062] Trial 17 finished with value: 0.475 and parameters: {'var_smoothing': 2.412486610614855e-10}. Best is trial 0 with value: 0.475.
[I 2026-04-13 13:11:54,084] Trial 18 finished with value: 0.475 and parameters: {'var_smoothing': 2.3580860166954074e-09}. Best is trial 0 with value: 0.475.
[I 2026-04-13 13:11:54,102] Trial 19 finished with value: 0.475 and parameters: {'var_smoothing': 5.846846875339535e-09}. Best is trial 0 with value: 0.475.
[I 2026-04-13 13:11:54,125] Trial 20 finished with value: 0.475 and parameters: {'var_smoothing': 1.0486521320383776e-09}. Best is trial 0 with value: 0.475.
[I 2026-04-13 13:11:54,156] Trial 21 finished with value: 0.475 and parameters: {'var_smoothing': 4.9491450263339475e-09}. Best is trial 0 with value: 0.475.
[I 2026-04-13 13:11:54,174] Trial 22 finished with value: 0.475 and parameters: {'var_smoothing': 6.667992141406306e-09}. Best is trial 0 with value: 0.475.
[I 2026-04-13 13:11:54,194] Trial 23 finished with value: 0.475 and parameters: {'var_smoothing': 3.2795712712135213e-09}. Best is trial 0 with value: 0.475.
[I 2026-04-13 13:11:54,214] Trial 24 finished with value: 0.475 and parameters: {'var_smoothing': 6.403538416287158e-10}. Best is trial 0 with value: 0.475.
[I 2026-04-13 13:11:54,247] Trial 25 finished with value: 0.475 and parameters: {'var_smoothing': 2.1589819023851477e-09}. Best is trial 0 with value: 0.475.
[I 2026-04-13 13:11:54,278] Trial 26 finished with value: 0.475 and parameters: {'var_smoothing': 3.912617821024548e-09}. Best is trial 0 with value: 0.475.
[I 2026-04-13 13:11:54,300] Trial 27 finished with value: 0.475 and parameters: {'var_smoothing': 7.162139101012446e-09}. Best is trial 0 with value: 0.475.
[I 2026-04-13 13:11:54,320] Trial 28 finished with value: 0.475 and parameters: {'var_smoothing': 1.3883316815746274e-09}. Best is trial 0 with value: 0.475.
[I 2026-04-13 13:11:54,337] Trial 29 finished with value: 0.475 and parameters: {'var_smoothing': 4.1751754503046387e-10}. Best is trial 0 with value: 0.475.
[I 2026-04-13 13:11:54,390] A new study created in memory with name: logreg
[I 2026-04-13 13:11:54,425] Trial 0 finished with value: 0.525 and parameters: {'C': 29.127335430981816, 'penalty': 'l2'}. Best is trial 0 with value: 0.525.
[I 2026-04-13 13:11:54,440] Trial 1 finished with value: 0.525 and parameters: {'C': 0.045698192893558344, 'penalty': 'l2'}. Best is trial 0 with value: 0.525.
[I 2026-04-13 13:11:54,475] Trial 2 finished with value: 0.45 and parameters: {'C': 12.768668597712947, 'penalty': 'l2'}. Best is trial 0 with value: 0.525.
[I 2026-04-13 13:11:54,490] Trial 3 finished with value: 0.45 and parameters: {'C': 0.0016161554408462638, 'penalty': 'l2'}. Best is trial 0 with value: 0.525.
[I 2026-04-13 13:11:54,516] Trial 4 finished with value: 0.475 and parameters: {'C': 0.0034536903703241734, 'penalty': 'l2'}. Best is trial 0 with value: 0.525.
[I 2026-04-13 13:11:54,542] Trial 5 finished with value: 0.45 and parameters: {'C': 0.9446269266990148, 'penalty': 'l2'}. Best is trial 0 with value: 0.525.
[I 2026-04-13 13:11:54,569] Trial 6 finished with value: 0.5 and parameters: {'C': 0.4457453393648168, 'penalty': 'l2'}. Best is trial 0 with value: 0.525.
[I 2026-04-13 13:11:54,595] Trial 7 finished with value: 0.525 and parameters: {'C': 0.12417585037258261, 'penalty': 'l2'}. Best is trial 0 with value: 0.525.
[I 2026-04-13 13:11:54,621] Trial 8 finished with value: 0.525 and parameters: {'C': 0.04753781830244093, 'penalty': 'l2'}. Best is trial 0 with value: 0.525.
[I 2026-04-13 13:11:54,647] Trial 9 finished with value: 0.45 and parameters: {'C': 1.2959766028194148, 'penalty': 'l2'}. Best is trial 0 with value: 0.525.
[I 2026-04-13 13:11:54,686] Trial 10 finished with value: 0.45 and parameters: {'C': 96.02411422716075, 'penalty': 'l2'}. Best is trial 0 with value: 0.525.
[I 2026-04-13 13:11:54,705] Trial 11 finished with value: 0.55 and parameters: {'C': 0.011544291794950012, 'penalty': 'l2'}. Best is trial 11 with value: 0.55.
[I 2026-04-13 13:11:54,734] Trial 12 finished with value: 0.55 and parameters: {'C': 0.011741202135066768, 'penalty': 'l2'}. Best is trial 11 with value: 0.55.
[I 2026-04-13 13:11:54,753] Trial 13 finished with value: 0.55 and parameters: {'C': 0.008143282562624114, 'penalty': 'l2'}. Best is trial 11 with value: 0.55.
[I 2026-04-13 13:11:54,772] Trial 14 finished with value: 0.575 and parameters: {'C': 0.017777175608220824, 'penalty': 'l2'}. Best is trial 14 with value: 0.575.
[I 2026-04-13 13:11:54,792] Trial 15 finished with value: 0.55 and parameters: {'C': 0.022298472643469257, 'penalty': 'l2'}. Best is trial 14 with value: 0.575.
[I 2026-04-13 13:11:54,821] Trial 16 finished with value: 0.45 and parameters: {'C': 0.0013678805924558961, 'penalty': 'l2'}. Best is trial 14 with value: 0.575.
[I 2026-04-13 13:11:54,850] Trial 17 finished with value: 0.5 and parameters: {'C': 0.13206670112839622, 'penalty': 'l2'}. Best is trial 14 with value: 0.575.
[I 2026-04-13 13:11:54,880] Trial 18 finished with value: 0.525 and parameters: {'C': 0.00561657460371314, 'penalty': 'l2'}. Best is trial 14 with value: 0.575.
[I 2026-04-13 13:11:54,913] Trial 19 finished with value: 0.45 and parameters: {'C': 3.683226176438572, 'penalty': 'l2'}. Best is trial 14 with value: 0.575.
[I 2026-04-13 13:11:54,945] Trial 20 finished with value: 0.525 and parameters: {'C': 0.09815859705594841, 'penalty': 'l2'}. Best is trial 14 with value: 0.575.
[I 2026-04-13 13:11:54,974] Trial 21 finished with value: 0.575 and parameters: {'C': 0.015679518174733804, 'penalty': 'l2'}. Best is trial 14 with value: 0.575.
[I 2026-04-13 13:11:55,006] Trial 22 finished with value: 0.55 and parameters: {'C': 0.018334379417426088, 'penalty': 'l2'}. Best is trial 14 with value: 0.575.
