[I 2026-04-13 13:06:18,755] Trial 3 finished with value: 0.4 and parameters: {'hidden_layer_sizes': (200,), 'max_iter': 50, 'alpha': 0.0001}. Best is trial 3 with value: 0.4.
[I 2026-04-13 13:06:18,852] Trial 4 finished with value: 0.35 and parameters: {'hidden_layer_sizes': (200,), 'max_iter': 100, 'alpha': 0.001}. Best is trial 3 with value: 0.4.
[I 2026-04-13 13:06:18,938] Trial 5 finished with value: 0.3 and parameters: {'hidden_layer_sizes': (200,), 'max_iter': 100, 'alpha': 0.0001}. Best is trial 3 with value: 0.4.
[I 2026-04-13 13:06:19,046] Trial 6 finished with value: 0.35 and parameters: {'hidden_layer_sizes': (100, 100), 'max_iter': 100, 'alpha': 0.001}. Best is trial 3 with value: 0.4.
[I 2026-04-13 13:06:19,113] Trial 7 finished with value: 0.4 and parameters: {'hidden_layer_sizes': (200,), 'max_iter': 50, 'alpha': 0.001}. Best is trial 3 with value: 0.4.
[I 2026-04-13 13:06:19,182] Trial 8 finished with value: 0.4 and parameters: {'hidden_layer_sizes': (100,), 'max_iter': 100, 'alpha': 0.001}. Best is trial 3 with value: 0.4.
[I 2026-04-13 13:06:19,238] Trial 9 finished with value: 0.35 and parameters: {'hidden_layer_sizes': (200,), 'max_iter': 50, 'alpha': 0.001}. Best is trial 3 with value: 0.4.
[I 2026-04-13 13:06:19,286] Trial 10 finished with value: 0.35 and parameters: {'hidden_layer_sizes': (100,), 'max_iter': 50, 'alpha': 0.0001}. Best is trial 3 with value: 0.4.
[I 2026-04-13 13:06:19,336] Trial 11 finished with value: 0.3 and parameters: {'hidden_layer_sizes': (200,), 'max_iter': 50, 'alpha': 0.0001}. Best is trial 3 with value: 0.4.
[I 2026-04-13 13:06:19,386] Trial 12 finished with value: 0.35 and parameters: {'hidden_layer_sizes': (200,), 'max_iter': 50, 'alpha': 0.001}. Best is trial 3 with value: 0.4.
[I 2026-04-13 13:06:19,443] Trial 13 finished with value: 0.35 and parameters: {'hidden_layer_sizes': (200,), 'max_iter': 50, 'alpha': 0.0001}. Best is trial 3 with value: 0.4.
[I 2026-04-13 13:06:19,504] Trial 14 finished with value: 0.35 and parameters: {'hidden_layer_sizes': (200,), 'max_iter': 50, 'alpha': 0.001}. Best is trial 3 with value: 0.4.
[I 2026-04-13 13:06:19,561] Trial 15 finished with value: 0.35 and parameters: {'hidden_layer_sizes': (100,), 'max_iter': 50, 'alpha': 0.0001}. Best is trial 3 with value: 0.4.
[I 2026-04-13 13:06:19,621] Trial 16 finished with value: 0.35 and parameters: {'hidden_layer_sizes': (200,), 'max_iter': 50, 'alpha': 0.0001}. Best is trial 3 with value: 0.4.
[I 2026-04-13 13:06:19,672] Trial 17 finished with value: 0.4 and parameters: {'hidden_layer_sizes': (200,), 'max_iter': 50, 'alpha': 0.001}. Best is trial 3 with value: 0.4.
[I 2026-04-13 13:06:19,722] Trial 18 finished with value: 0.4 and parameters: {'hidden_layer_sizes': (100, 100), 'max_iter': 50, 'alpha': 0.0001}. Best is trial 3 with value: 0.4.
[I 2026-04-13 13:06:19,763] Trial 19 finished with value: 0.35 and parameters: {'hidden_layer_sizes': (100,), 'max_iter': 50, 'alpha': 0.001}. Best is trial 3 with value: 0.4.
[I 2026-04-13 13:06:19,831] Trial 20 finished with value: 0.3 and parameters: {'hidden_layer_sizes': (200,), 'max_iter': 50, 'alpha': 0.001}. Best is trial 3 with value: 0.4.
[I 2026-04-13 13:06:19,943] Trial 21 finished with value: 0.35 and parameters: {'hidden_layer_sizes': (100,), 'max_iter': 100, 'alpha': 0.001}. Best is trial 3 with value: 0.4.
[I 2026-04-13 13:06:20,039] Trial 22 finished with value: 0.4 and parameters: {'hidden_layer_sizes': (100,), 'max_iter': 100, 'alpha': 0.001}. Best is trial 3 with value: 0.4.
[I 2026-04-13 13:06:20,134] Trial 23 finished with value: 0.3 and parameters: {'hidden_layer_sizes': (100,), 'max_iter': 100, 'alpha': 0.001}. Best is trial 3 with value: 0.4.
[I 2026-04-13 13:06:20,230] Trial 24 finished with value: 0.35 and parameters: {'hidden_layer_sizes': (100,), 'max_iter': 100, 'alpha': 0.001}. Best is trial 3 with value: 0.4.
[I 2026-04-13 13:06:20,295] Trial 25 finished with value: 0.3 and parameters: {'hidden_layer_sizes': (100,), 'max_iter': 50, 'alpha': 0.001}. Best is trial 3 with value: 0.4.
[I 2026-04-13 13:06:20,431] Trial 26 finished with value: 0.3 and parameters: {'hidden_layer_sizes': (200,), 'max_iter': 100, 'alpha': 0.0001}. Best is trial 3 with value: 0.4.
[I 2026-04-13 13:06:20,507] Trial 27 finished with value: 0.3 and parameters: {'hidden_layer_sizes': (200,), 'max_iter': 50, 'alpha': 0.001}. Best is trial 3 with value: 0.4.
[I 2026-04-13 13:06:20,704] Trial 28 finished with value: 0.25 and parameters: {'hidden_layer_sizes': (100, 100), 'max_iter': 100, 'alpha': 0.0001}. Best is trial 3 with value: 0.4.
[I 2026-04-13 13:06:20,800] Trial 29 finished with value: 0.3 and parameters: {'hidden_layer_sizes': (100,), 'max_iter': 100, 'alpha': 0.001}. Best is trial 3 with value: 0.4.
[I 2026-04-13 13:06:21,090] A new study created in memory with name: naive_bayes
[I 2026-04-13 13:06:21,114] Trial 0 finished with value: 0.4 and parameters: {'var_smoothing': 1.0489343501429862e-10}. Best is trial 0 with value: 0.4.
[I 2026-04-13 13:06:21,131] Trial 1 finished with value: 0.4 and parameters: {'var_smoothing': 1.0086701860885373e-09}. Best is trial 0 with value: 0.4.
[I 2026-04-13 13:06:21,146] Trial 2 finished with value: 0.4 and parameters: {'var_smoothing': 9.807235097598006e-10}. Best is trial 0 with value: 0.4.
[I 2026-04-13 13:06:21,160] Trial 3 finished with value: 0.4 and parameters: {'var_smoothing': 1.8520770828517824e-10}. Best is trial 0 with value: 0.4.
[I 2026-04-13 13:06:21,174] Trial 4 finished with value: 0.4 and parameters: {'var_smoothing': 1.9240757716714087e-10}. Best is trial 0 with value: 0.4.
[I 2026-04-13 13:06:21,188] Trial 5 finished with value: 0.4 and parameters: {'var_smoothing': 2.736007926537145e-10}. Best is trial 0 with value: 0.4.
[I 2026-04-13 13:06:21,202] Trial 6 finished with value: 0.4 and parameters: {'var_smoothing': 6.87094324185739e-10}. Best is trial 0 with value: 0.4.
[I 2026-04-13 13:06:21,215] Trial 7 finished with value: 0.4 and parameters: {'var_smoothing': 3.134745855231349e-10}. Best is trial 0 with value: 0.4.
[I 2026-04-13 13:06:21,229] Trial 8 finished with value: 0.4 and parameters: {'var_smoothing': 1.4727170077821783e-10}. Best is trial 0 with value: 0.4.
[I 2026-04-13 13:06:21,243] Trial 9 finished with value: 0.4 and parameters: {'var_smoothing': 4.909048017047017e-10}. Best is trial 0 with value: 0.4.
[I 2026-04-13 13:06:21,262] Trial 10 finished with value: 0.4 and parameters: {'var_smoothing': 4.226228455594519e-09}. Best is trial 0 with value: 0.4.
[I 2026-04-13 13:06:21,279] Trial 11 finished with value: 0.4 and parameters: {'var_smoothing': 2.8481546791169343e-09}. Best is trial 0 with value: 0.4.
[I 2026-04-13 13:06:21,297] Trial 12 finished with value: 0.4 and parameters: {'var_smoothing': 1.9032336526904254e-09}. Best is trial 0 with value: 0.4.
[I 2026-04-13 13:06:21,323] Trial 13 finished with value: 0.4 and parameters: {'var_smoothing': 1.6192707465333408e-09}. Best is trial 0 with value: 0.4.
[I 2026-04-13 13:06:21,342] Trial 14 finished with value: 0.4 and parameters: {'var_smoothing': 1.0137193502251743e-10}. Best is trial 0 with value: 0.4.
[I 2026-04-13 13:06:21,363] Trial 15 finished with value: 0.4 and parameters: {'var_smoothing': 7.233291262560306e-09}. Best is trial 0 with value: 0.4.
[I 2026-04-13 13:06:21,383] Trial 16 finished with value: 0.4 and parameters: {'var_smoothing': 5.636880428096003e-10}. Best is trial 0 with value: 0.4.
[I 2026-04-13 13:06:21,404] Trial 17 finished with value: 0.4 and parameters: {'var_smoothing': 1.2682382630515742e-09}. Best is trial 0 with value: 0.4.
[I 2026-04-13 13:06:21,422] Trial 18 finished with value: 0.4 and parameters: {'var_smoothing': 3.934685686653308e-10}. Best is trial 0 with value: 0.4.
[I 2026-04-13 13:06:21,450] Trial 19 finished with value: 0.4 and parameters: {'var_smoothing': 8.419551297505738e-10}. Best is trial 0 with value: 0.4.
[I 2026-04-13 13:06:21,469] Trial 20 finished with value: 0.4 and parameters: {'var_smoothing': 2.608399883647147e-09}. Best is trial 0 with value: 0.4.
[I 2026-04-13 13:06:21,490] Trial 21 finished with value: 0.4 and parameters: {'var_smoothing': 1.1043065925699652e-09}. Best is trial 0 with value: 0.4.
[I 2026-04-13 13:06:21,508] Trial 22 finished with value: 0.4 and parameters: {'var_smoothing': 7.818254747144452e-09}. Best is trial 0 with value: 0.4.
[I 2026-04-13 13:06:21,533] Trial 23 finished with value: 0.4 and parameters: {'var_smoothing': 4.506881416225629e-09}. Best is trial 0 with value: 0.4.
[I 2026-04-13 13:06:21,554] Trial 24 finished with value: 0.4 and parameters: {'var_smoothing': 8.370195589160265e-10}. Best is trial 0 with value: 0.4.
[I 2026-04-13 13:06:21,573] Trial 25 finished with value: 0.4 and parameters: {'var_smoothing': 1.4246564400615985e-09}. Best is trial 0 with value: 0.4.
[I 2026-04-13 13:06:21,591] Trial 26 finished with value: 0.4 and parameters: {'var_smoothing': 1.055993505169999e-10}. Best is trial 0 with value: 0.4.
[I 2026-04-13 13:06:21,609] Trial 27 finished with value: 0.4 and parameters: {'var_smoothing': 2.338070103551991e-09}. Best is trial 0 with value: 0.4.
[I 2026-04-13 13:06:21,627] Trial 28 finished with value: 0.4 and parameters: {'var_smoothing': 2.9749637796955326e-10}. Best is trial 0 with value: 0.4.
[I 2026-04-13 13:06:21,657] Trial 29 finished with value: 0.4 and parameters: {'var_smoothing': 2.1414596138226606e-10}. Best is trial 0 with value: 0.4.
[I 2026-04-13 13:06:21,692] A new study created in memory with name: logreg
[I 2026-04-13 13:06:21,716] Trial 0 finished with value: 0.55 and parameters: {'C': 0.0011268620922535318, 'penalty': 'l2'}. Best is trial 0 with value: 0.55.
[I 2026-04-13 13:06:21,741] Trial 1 finished with value: 0.45 and parameters: {'C': 0.32312678588710475, 'penalty': 'l2'}. Best is trial 0 with value: 0.55.
[I 2026-04-13 13:06:21,765] Trial 2 finished with value: 0.45 and parameters: {'C': 0.3012079745112611, 'penalty': 'l2'}. Best is trial 0 with value: 0.55.
[I 2026-04-13 13:06:21,790] Trial 3 finished with value: 0.55 and parameters: {'C': 0.004668180550042529, 'penalty': 'l2'}. Best is trial 0 with value: 0.55.
[I 2026-04-13 13:06:21,815] Trial 4 finished with value: 0.55 and parameters: {'C': 0.005135177115384908, 'penalty': 'l2'}. Best is trial 0 with value: 0.55.
[I 2026-04-13 13:06:21,840] Trial 5 finished with value: 0.5 and parameters: {'C': 0.01238207351349697, 'penalty': 'l2'}. Best is trial 0 with value: 0.55.
[I 2026-04-13 13:06:21,864] Trial 6 finished with value: 0.4 and parameters: {'C': 0.12374877330306278, 'penalty': 'l2'}. Best is trial 0 with value: 0.55.
[I 2026-04-13 13:06:21,890] Trial 7 finished with value: 0.45 and parameters: {'C': 0.017398261017749217, 'penalty': 'l2'}. Best is trial 0 with value: 0.55.
[I 2026-04-13 13:06:21,905] Trial 8 finished with value: 0.55 and parameters: {'C': 0.002632074973627294, 'penalty': 'l2'}. Best is trial 0 with value: 0.55.
[I 2026-04-13 13:06:21,930] Trial 9 finished with value: 0.45 and parameters: {'C': 0.053394091359671186, 'penalty': 'l2'}. Best is trial 0 with value: 0.55.
[I 2026-04-13 13:06:21,958] Trial 10 finished with value: 0.35 and parameters: {'C': 11.611342204749677, 'penalty': 'l2'}. Best is trial 0 with value: 0.55.
[I 2026-04-13 13:06:21,988] Trial 11 finished with value: 0.55 and parameters: {'C': 0.0013084121547449281, 'penalty': 'l2'}. Best is trial 0 with value: 0.55.
[I 2026-04-13 13:06:22,007] Trial 12 finished with value: 0.4 and parameters: {'C': 3.236010385336338, 'penalty': 'l2'}. Best is trial 0 with value: 0.55.
[I 2026-04-13 13:06:22,045] Trial 13 finished with value: 0.55 and parameters: {'C': 0.0013788840683373535, 'penalty': 'l2'}. Best is trial 0 with value: 0.55.
[I 2026-04-13 13:06:22,063] Trial 14 finished with value: 0.45 and parameters: {'C': 0.025104829907155197, 'penalty': 'l2'}. Best is trial 0 with value: 0.55.
[I 2026-04-13 13:06:22,092] Trial 15 finished with value: 0.55 and parameters: {'C': 0.006208807596645537, 'penalty': 'l2'}. Best is trial 0 with value: 0.55.
[I 2026-04-13 13:06:22,119] Trial 16 finished with value: 0.35 and parameters: {'C': 37.332317419001505, 'penalty': 'l2'}. Best is trial 0 with value: 0.55.
[I 2026-04-13 13:06:22,146] Trial 17 finished with value: 0.4 and parameters: {'C': 0.8198907153252439, 'penalty': 'l2'}. Best is trial 0 with value: 0.55.
[I 2026-04-13 13:06:22,175] Trial 18 finished with value: 0.55 and parameters: {'C': 0.004449427506799828, 'penalty': 'l2'}. Best is trial 0 with value: 0.55.
[I 2026-04-13 13:06:22,203] Trial 19 finished with value: 0.45 and parameters: {'C': 0.051012638155823666, 'penalty': 'l2'}. Best is trial 0 with value: 0.55.
[I 2026-04-13 13:06:22,231] Trial 20 finished with value: 0.55 and parameters: {'C': 0.0011107458925089006, 'penalty': 'l2'}. Best is trial 0 with value: 0.55.
[I 2026-04-13 13:06:22,260] Trial 21 finished with value: 0.55 and parameters: {'C': 0.006474440109917075, 'penalty': 'l2'}. Best is trial 0 with value: 0.55.
[I 2026-04-13 13:06:22,293] Trial 22 finished with value: 0.55 and parameters: {'C': 0.0037237953943136054, 'penalty': 'l2'}. Best is trial 0 with value: 0.55.
[I 2026-04-13 13:06:22,322] Trial 23 finished with value: 0.5 and parameters: {'C': 0.011305651384824924, 'penalty': 'l2'}. Best is trial 0 with value: 0.55.
[I 2026-04-13 13:06:22,352] Trial 24 finished with value: 0.55 and parameters: {'C': 0.002595411252070072, 'penalty': 'l2'}. Best is trial 0 with value: 0.55.
[I 2026-04-13 13:06:22,382] Trial 25 finished with value: 0.45 and parameters: {'C': 0.04241779473401042, 'penalty': 'l2'}. Best is trial 0 with value: 0.55.
[I 2026-04-13 13:06:22,400] Trial 26 finished with value: 0.5 and parameters: {'C': 0.010208839786577573, 'penalty': 'l2'}. Best is trial 0 with value: 0.55.
[I 2026-04-13 13:06:22,430] Trial 27 finished with value: 0.4 and parameters: {'C': 0.11583949826585581, 'penalty': 'l2'}. Best is trial 0 with value: 0.55.
[I 2026-04-13 13:06:22,460] Trial 28 finished with value: 0.55 and parameters: {'C': 0.0027366659499479546, 'penalty': 'l2'}. Best is trial 0 with value: 0.55.
[I 2026-04-13 13:06:22,489] Trial 29 finished with value: 0.4 and parameters: {'C': 1.6427269215789202, 'penalty': 'l2'}. Best is trial 0 with value: 0.55.
[I 2026-04-13 13:06:22,738] A new study created in memory with name: knn
[I 2026-04-13 13:06:22,752] Trial 0 finished with value: 0.2 and parameters: {'n_neighbors': 3, 'leaf_size': 30, 'p': 1}. Best is trial 0 with value: 0.2.
[I 2026-04-13 13:06:22,767] Trial 1 finished with value: 0.1 and parameters: {'n_neighbors': 4, 'leaf_size': 24, 'p': 1}. Best is trial 0 with value: 0.2.
[I 2026-04-13 13:06:22,782] Trial 2 finished with value: 0.25 and parameters: {'n_neighbors': 3, 'leaf_size': 27, 'p': 2}. Best is trial 2 with value: 0.25.
[I 2026-04-13 13:06:22,796] Trial 3 finished with value: 0.25 and parameters: {'n_neighbors': 10, 'leaf_size': 20, 'p': 1}. Best is trial 2 with value: 0.25.
[I 2026-04-13 13:06:22,812] Trial 4 finished with value: 0.25 and parameters: {'n_neighbors': 10, 'leaf_size': 34, 'p': 2}. Best is trial 2 with value: 0.25.
[I 2026-04-13 13:06:22,826] Trial 5 finished with value: 0.2 and parameters: {'n_neighbors': 6, 'leaf_size': 34, 'p': 1}. Best is trial 2 with value: 0.25.
[I 2026-04-13 13:06:22,840] Trial 6 finished with value: 0.25 and parameters: {'n_neighbors': 10, 'leaf_size': 36, 'p': 1}. Best is trial 2 with value: 0.25.
[I 2026-04-13 13:06:22,865] Trial 7 finished with value: 0.25 and parameters: {'n_neighbors': 7, 'leaf_size': 39, 'p': 2}. Best is trial 2 with value: 0.25.
[I 2026-04-13 13:06:22,880] Trial 8 finished with value: 0.25 and parameters: {'n_neighbors': 10, 'leaf_size': 23, 'p': 2}. Best is trial 2 with value: 0.25.
[I 2026-04-13 13:06:22,895] Trial 9 finished with value: 0.25 and parameters: {'n_neighbors': 10, 'leaf_size': 35, 'p': 2}. Best is trial 2 with value: 0.25.
[I 2026-04-13 13:06:22,929] Trial 10 finished with value: 0.2 and parameters: {'n_neighbors': 5, 'leaf_size': 28, 'p': 2}. Best is trial 2 with value: 0.25.
[I 2026-04-13 13:06:22,973] Trial 11 finished with value: 0.25 and parameters: {'n_neighbors': 8, 'leaf_size': 20, 'p': 1}. Best is trial 2 with value: 0.25.
[I 2026-04-13 13:06:23,005] Trial 12 finished with value: 0.25 and parameters: {'n_neighbors': 8, 'leaf_size': 26, 'p': 1}. Best is trial 2 with value: 0.25.
[I 2026-04-13 13:06:23,029] Trial 13 finished with value: 0.15 and parameters: {'n_neighbors': 4, 'leaf_size': 20, 'p': 2}. Best is trial 2 with value: 0.25.
[I 2026-04-13 13:06:23,069] Trial 14 finished with value: 0.25 and parameters: {'n_neighbors': 8, 'leaf_size': 23, 'p': 1}. Best is trial 2 with value: 0.25.
[I 2026-04-13 13:06:23,093] Trial 15 finished with value: 0.25 and parameters: {'n_neighbors': 3, 'leaf_size': 31, 'p': 2}. Best is trial 2 with value: 0.25.
[I 2026-04-13 13:06:23,118] Trial 16 finished with value: 0.2 and parameters: {'n_neighbors': 6, 'leaf_size': 26, 'p': 2}. Best is trial 2 with value: 0.25.
[I 2026-04-13 13:06:23,151] Trial 17 finished with value: 0.35 and parameters: {'n_neighbors': 9, 'leaf_size': 28, 'p': 1}. Best is trial 17 with value: 0.35.
[I 2026-04-13 13:06:23,182] Trial 18 finished with value: 0.2 and parameters: {'n_neighbors': 7, 'leaf_size': 30, 'p': 1}. Best is trial 17 with value: 0.35.
[I 2026-04-13 13:06:23,214] Trial 19 finished with value: 0.3 and parameters: {'n_neighbors': 9, 'leaf_size': 27, 'p': 2}. Best is trial 17 with value: 0.35.
[I 2026-04-13 13:06:23,251] Trial 20 finished with value: 0.3 and parameters: {'n_neighbors': 9, 'leaf_size': 32, 'p': 2}. Best is trial 17 with value: 0.35.
[I 2026-04-13 13:06:23,279] Trial 21 finished with value: 0.3 and parameters: {'n_neighbors': 9, 'leaf_size': 32, 'p': 2}. Best is trial 17 with value: 0.35.
[I 2026-04-13 13:06:23,314] Trial 22 finished with value: 0.3 and parameters: {'n_neighbors': 9, 'leaf_size': 29, 'p': 2}. Best is trial 17 with value: 0.35.
[I 2026-04-13 13:06:23,369] Trial 23 finished with value: 0.3 and parameters: {'n_neighbors': 9, 'leaf_size': 32, 'p': 2}. Best is trial 17 with value: 0.35.
[I 2026-04-13 13:06:23,394] Trial 24 finished with value: 0.3 and parameters: {'n_neighbors': 9, 'leaf_size': 25, 'p': 2}. Best is trial 17 with value: 0.35.
[I 2026-04-13 13:06:23,433] Trial 25 finished with value: 0.25 and parameters: {'n_neighbors': 8, 'leaf_size': 28, 'p': 2}. Best is trial 17 with value: 0.35.
[I 2026-04-13 13:06:23,468] Trial 26 finished with value: 0.2 and parameters: {'n_neighbors': 7, 'leaf_size': 38, 'p': 1}. Best is trial 17 with value: 0.35.
[I 2026-04-13 13:06:23,492] Trial 27 finished with value: 0.3 and parameters: {'n_neighbors': 9, 'leaf_size': 33, 'p': 2}. Best is trial 17 with value: 0.35.
[I 2026-04-13 13:06:23,530] Trial 28 finished with value: 0.25 and parameters: {'n_neighbors': 8, 'leaf_size': 29, 'p': 1}. Best is trial 17 with value: 0.35.
[I 2026-04-13 13:06:23,563] Trial 29 finished with value: 0.35 and parameters: {'n_neighbors': 9, 'leaf_size': 30, 'p': 1}. Best is trial 17 with value: 0.35.
[I 2026-04-13 13:06:23,609] A new study created in memory with name: xgb
[I 2026-04-13 13:06:23,681] Trial 0 finished with value: 0.45 and parameters: {'n_estimators': 40, 'max_depth': 30, 'gamma': 0.47665736245940726, 'subsample': 0.6240505842067796, 'colsample_bytree': 0.542029825582675}. Best is trial 0 with value: 0.45.
[I 2026-04-13 13:06:23,740] Trial 1 finished with value: 0.35 and parameters: {'n_estimators': 100, 'max_depth': 5, 'gamma': 0.6154838340124683, 'subsample': 0.9490035591125747, 'colsample_bytree': 0.8334494864598183}. Best is trial 0 with value: 0.45.
[I 2026-04-13 13:06:23,779] Trial 2 finished with value: 0.45 and parameters: {'n_estimators': 40, 'max_depth': 20, 'gamma': 0.9464719685739904, 'subsample': 0.9018698850061588, 'colsample_bytree': 0.9916796241121663}. Best is trial 0 with value: 0.45.
[I 2026-04-13 13:06:23,857] Trial 3 finished with value: 0.3 and parameters: {'n_estimators': 100, 'max_depth': 30, 'gamma': 0.26698751824101463, 'subsample': 0.6215578376567042, 'colsample_bytree': 0.9367004215505623}. Best is trial 0 with value: 0.45.
[I 2026-04-13 13:06:23,885] Trial 4 finished with value: 0.55 and parameters: {'n_estimators': 10, 'max_depth': 20, 'gamma': 0.5301766121845122, 'subsample': 0.7177777323831729, 'colsample_bytree': 0.9352041482132656}. Best is trial 4 with value: 0.55.
[I 2026-04-13 13:06:23,955] Trial 5 finished with value: 0.45 and parameters: {'n_estimators': 100, 'max_depth': 5, 'gamma': 0.6742485862456464, 'subsample': 0.7308488312353485, 'colsample_bytree': 0.5265297122426965}. Best is trial 4 with value: 0.55.
[I 2026-04-13 13:06:24,013] Trial 6 finished with value: 0.3 and parameters: {'n_estimators': 100, 'max_depth': 30, 'gamma': 0.5360486096375219, 'subsample': 0.8488681925618888, 'colsample_bytree': 0.900578215847843}. Best is trial 4 with value: 0.55.
[I 2026-04-13 13:06:24,052] Trial 7 finished with value: 0.5 and parameters: {'n_estimators': 40, 'max_depth': 5, 'gamma': 0.4997010655396419, 'subsample': 0.7490698051808964, 'colsample_bytree': 0.7071731623998108}. Best is trial 4 with value: 0.55.
[I 2026-04-13 13:06:24,110] Trial 8 finished with value: 0.45 and parameters: {'n_estimators': 100, 'max_depth': 5, 'gamma': 0.5449029446194361, 'subsample': 0.7150234071055932, 'colsample_bytree': 0.8673829085180849}. Best is trial 4 with value: 0.55.
[I 2026-04-13 13:06:24,178] Trial 9 finished with value: 0.5 and parameters: {'n_estimators': 100, 'max_depth': 30, 'gamma': 0.5427360453562716, 'subsample': 0.5915763668266103, 'colsample_bytree': 0.5546552575823498}. Best is trial 4 with value: 0.55.
[I 2026-04-13 13:06:24,225] Trial 10 finished with value: 0.6 and parameters: {'n_estimators': 10, 'max_depth': 20, 'gamma': 0.15794856228634757, 'subsample': 0.5337248241058775, 'colsample_bytree': 0.732204974892271}. Best is trial 10 with value: 0.6.
