[I 2026-04-13 12:52:16,910] Trial 23 finished with value: 0.5 and parameters: {'n_estimators': 100, 'max_depth': 20, 'gamma': 0.7846999505395178, 'subsample': 0.9041109184714554, 'colsample_bytree': 0.9906855915621647}. Best is trial 12 with value: 0.6.
[I 2026-04-13 12:52:16,963] Trial 24 finished with value: 0.55 and parameters: {'n_estimators': 100, 'max_depth': 20, 'gamma': 0.4681786213092828, 'subsample': 0.6077959103619811, 'colsample_bytree': 0.8573020388418839}. Best is trial 12 with value: 0.6.
[I 2026-04-13 12:52:17,014] Trial 25 finished with value: 0.55 and parameters: {'n_estimators': 10, 'max_depth': 20, 'gamma': 0.5882211906920883, 'subsample': 0.6838417562455112, 'colsample_bytree': 0.7829597830477658}. Best is trial 12 with value: 0.6.
[I 2026-04-13 12:52:17,060] Trial 26 finished with value: 0.5 and parameters: {'n_estimators': 100, 'max_depth': 20, 'gamma': 0.6797232844958733, 'subsample': 0.757672752981098, 'colsample_bytree': 0.7016702726071706}. Best is trial 12 with value: 0.6.
[I 2026-04-13 12:52:17,106] Trial 27 finished with value: 0.5 and parameters: {'n_estimators': 100, 'max_depth': 20, 'gamma': 0.7663571878782565, 'subsample': 0.9357357866573162, 'colsample_bytree': 0.9163442041721999}. Best is trial 12 with value: 0.6.
[I 2026-04-13 12:52:17,156] Trial 28 finished with value: 0.45 and parameters: {'n_estimators': 40, 'max_depth': 5, 'gamma': 0.6567008390658542, 'subsample': 0.9987048615397089, 'colsample_bytree': 0.7938911446165773}. Best is trial 12 with value: 0.6.
[I 2026-04-13 12:52:17,191] Trial 29 finished with value: 0.65 and parameters: {'n_estimators': 10, 'max_depth': 30, 'gamma': 0.8046072131014046, 'subsample': 0.8113675257557978, 'colsample_bytree': 0.6544917722609221}. Best is trial 29 with value: 0.65.
[I 2026-04-13 12:52:17,932] A new study created in memory with name: rf
[I 2026-04-13 12:52:18,248] Trial 0 finished with value: 0.5 and parameters: {'n_estimators': 189, 'max_depth': 18, 'min_samples_split': 3, 'min_samples_leaf': 10}. Best is trial 0 with value: 0.5.
[I 2026-04-13 12:52:18,639] Trial 1 finished with value: 0.3 and parameters: {'n_estimators': 295, 'max_depth': 14, 'min_samples_split': 8, 'min_samples_leaf': 6}. Best is trial 0 with value: 0.5.
[I 2026-04-13 12:52:19,046] Trial 2 finished with value: 0.5 and parameters: {'n_estimators': 219, 'max_depth': 6, 'min_samples_split': 2, 'min_samples_leaf': 8}. Best is trial 0 with value: 0.5.
[I 2026-04-13 12:52:19,446] Trial 3 finished with value: 0.4 and parameters: {'n_estimators': 276, 'max_depth': 5, 'min_samples_split': 9, 'min_samples_leaf': 3}. Best is trial 0 with value: 0.5.
[I 2026-04-13 12:52:19,806] Trial 4 finished with value: 0.4 and parameters: {'n_estimators': 266, 'max_depth': 8, 'min_samples_split': 7, 'min_samples_leaf': 6}. Best is trial 0 with value: 0.5.
[I 2026-04-13 12:52:20,290] Trial 5 finished with value: 0.4 and parameters: {'n_estimators': 340, 'max_depth': 7, 'min_samples_split': 4, 'min_samples_leaf': 3}. Best is trial 0 with value: 0.5.
[I 2026-04-13 12:52:20,628] Trial 6 finished with value: 0.5 and parameters: {'n_estimators': 231, 'max_depth': 5, 'min_samples_split': 3, 'min_samples_leaf': 10}. Best is trial 0 with value: 0.5.
[I 2026-04-13 12:52:21,315] Trial 7 finished with value: 0.45 and parameters: {'n_estimators': 485, 'max_depth': 6, 'min_samples_split': 2, 'min_samples_leaf': 3}. Best is trial 0 with value: 0.5.
[I 2026-04-13 12:52:21,883] Trial 8 finished with value: 0.5 and parameters: {'n_estimators': 380, 'max_depth': 17, 'min_samples_split': 2, 'min_samples_leaf': 6}. Best is trial 0 with value: 0.5.
[I 2026-04-13 12:52:22,050] Trial 9 finished with value: 0.5 and parameters: {'n_estimators': 100, 'max_depth': 12, 'min_samples_split': 7, 'min_samples_leaf': 10}. Best is trial 0 with value: 0.5.
[I 2026-04-13 12:52:22,201] Trial 10 finished with value: 0.5 and parameters: {'n_estimators': 110, 'max_depth': 20, 'min_samples_split': 5, 'min_samples_leaf': 8}. Best is trial 0 with value: 0.5.
[I 2026-04-13 12:52:22,545] Trial 11 finished with value: 0.5 and parameters: {'n_estimators': 175, 'max_depth': 10, 'min_samples_split': 4, 'min_samples_leaf': 8}. Best is trial 0 with value: 0.5.
[I 2026-04-13 12:52:22,873] Trial 12 finished with value: 0.5 and parameters: {'n_estimators': 184, 'max_depth': 3, 'min_samples_split': 2, 'min_samples_leaf': 8}. Best is trial 0 with value: 0.5.
[I 2026-04-13 12:52:23,135] Trial 13 finished with value: 0.5 and parameters: {'n_estimators': 201, 'max_depth': 15, 'min_samples_split': 5, 'min_samples_leaf': 9}. Best is trial 0 with value: 0.5.
[I 2026-04-13 12:52:23,407] Trial 14 finished with value: 0.45 and parameters: {'n_estimators': 154, 'max_depth': 20, 'min_samples_split': 3, 'min_samples_leaf': 1}. Best is trial 0 with value: 0.5.
[I 2026-04-13 12:52:23,765] Trial 15 finished with value: 0.5 and parameters: {'n_estimators': 235, 'max_depth': 17, 'min_samples_split': 4, 'min_samples_leaf': 9}. Best is trial 0 with value: 0.5.
[I 2026-04-13 12:52:24,260] Trial 16 finished with value: 0.5 and parameters: {'n_estimators': 354, 'max_depth': 10, 'min_samples_split': 10, 'min_samples_leaf': 7}. Best is trial 0 with value: 0.5.
[I 2026-04-13 12:52:24,866] Trial 17 finished with value: 0.5 and parameters: {'n_estimators': 417, 'max_depth': 12, 'min_samples_split': 3, 'min_samples_leaf': 10}. Best is trial 0 with value: 0.5.
[I 2026-04-13 12:52:25,064] Trial 18 finished with value: 0.5 and parameters: {'n_estimators': 135, 'max_depth': 3, 'min_samples_split': 6, 'min_samples_leaf': 9}. Best is trial 0 with value: 0.5.
[I 2026-04-13 12:52:25,408] Trial 19 finished with value: 0.45 and parameters: {'n_estimators': 224, 'max_depth': 9, 'min_samples_split': 5, 'min_samples_leaf': 5}. Best is trial 0 with value: 0.5.
[I 2026-04-13 12:52:25,833] Trial 20 finished with value: 0.5 and parameters: {'n_estimators': 253, 'max_depth': 18, 'min_samples_split': 3, 'min_samples_leaf': 7}. Best is trial 0 with value: 0.5.
[I 2026-04-13 12:52:26,157] Trial 21 finished with value: 0.5 and parameters: {'n_estimators': 214, 'max_depth': 5, 'min_samples_split': 3, 'min_samples_leaf': 10}. Best is trial 0 with value: 0.5.
[I 2026-04-13 12:52:26,592] Trial 22 finished with value: 0.5 and parameters: {'n_estimators': 320, 'max_depth': 5, 'min_samples_split': 2, 'min_samples_leaf': 10}. Best is trial 0 with value: 0.5.
[I 2026-04-13 12:52:26,914] Trial 23 finished with value: 0.5 and parameters: {'n_estimators': 167, 'max_depth': 14, 'min_samples_split': 4, 'min_samples_leaf': 9}. Best is trial 0 with value: 0.5.
[I 2026-04-13 12:52:27,306] Trial 24 finished with value: 0.5 and parameters: {'n_estimators': 241, 'max_depth': 3, 'min_samples_split': 3, 'min_samples_leaf': 8}. Best is trial 0 with value: 0.5.
[I 2026-04-13 12:52:27,523] Trial 25 finished with value: 0.5 and parameters: {'n_estimators': 137, 'max_depth': 7, 'min_samples_split': 2, 'min_samples_leaf': 10}. Best is trial 0 with value: 0.5.
[I 2026-04-13 12:52:27,906] Trial 26 finished with value: 0.5 and parameters: {'n_estimators': 287, 'max_depth': 11, 'min_samples_split': 6, 'min_samples_leaf': 7}. Best is trial 0 with value: 0.5.
[I 2026-04-13 12:52:28,194] Trial 27 finished with value: 0.5 and parameters: {'n_estimators': 201, 'max_depth': 8, 'min_samples_split': 3, 'min_samples_leaf': 9}. Best is trial 0 with value: 0.5.
[I 2026-04-13 12:52:28,532] Trial 28 finished with value: 0.5 and parameters: {'n_estimators': 196, 'max_depth': 4, 'min_samples_split': 4, 'min_samples_leaf': 5}. Best is trial 0 with value: 0.5.
[I 2026-04-13 12:52:28,990] Trial 29 finished with value: 0.5 and parameters: {'n_estimators': 294, 'max_depth': 15, 'min_samples_split': 2, 'min_samples_leaf': 9}. Best is trial 0 with value: 0.5.
[I 2026-04-13 12:52:30,027] A new study created in memory with name: mlp
[I 2026-04-13 12:52:30,082] Trial 0 finished with value: 0.45 and parameters: {'hidden_layer_sizes': (200,), 'max_iter': 50, 'alpha': 0.001}. Best is trial 0 with value: 0.45.
[I 2026-04-13 12:52:30,160] Trial 1 finished with value: 0.45 and parameters: {'hidden_layer_sizes': (100,), 'max_iter': 100, 'alpha': 0.0001}. Best is trial 0 with value: 0.45.
[I 2026-04-13 12:52:30,236] Trial 2 finished with value: 0.55 and parameters: {'hidden_layer_sizes': (100,), 'max_iter': 100, 'alpha': 0.001}. Best is trial 2 with value: 0.55.
[I 2026-04-13 12:52:30,313] Trial 3 finished with value: 0.55 and parameters: {'hidden_layer_sizes': (200,), 'max_iter': 50, 'alpha': 0.001}. Best is trial 2 with value: 0.55.
[I 2026-04-13 12:52:30,458] Trial 4 finished with value: 0.5 and parameters: {'hidden_layer_sizes': (100,), 'max_iter': 100, 'alpha': 0.0001}. Best is trial 2 with value: 0.55.
[I 2026-04-13 12:52:30,582] Trial 5 finished with value: 0.55 and parameters: {'hidden_layer_sizes': (100,), 'max_iter': 100, 'alpha': 0.001}. Best is trial 2 with value: 0.55.
[I 2026-04-13 12:52:30,748] Trial 6 finished with value: 0.55 and parameters: {'hidden_layer_sizes': (200,), 'max_iter': 100, 'alpha': 0.001}. Best is trial 2 with value: 0.55.
[I 2026-04-13 12:52:30,903] Trial 7 finished with value: 0.55 and parameters: {'hidden_layer_sizes': (200,), 'max_iter': 100, 'alpha': 0.001}. Best is trial 2 with value: 0.55.
[I 2026-04-13 12:52:31,067] Trial 8 finished with value: 0.55 and parameters: {'hidden_layer_sizes': (100,), 'max_iter': 100, 'alpha': 0.001}. Best is trial 2 with value: 0.55.
[I 2026-04-13 12:52:31,144] Trial 9 finished with value: 0.5 and parameters: {'hidden_layer_sizes': (100,), 'max_iter': 50, 'alpha': 0.001}. Best is trial 2 with value: 0.55.
[I 2026-04-13 12:52:31,219] Trial 10 finished with value: 0.45 and parameters: {'hidden_layer_sizes': (100, 100), 'max_iter': 50, 'alpha': 0.0001}. Best is trial 2 with value: 0.55.
[I 2026-04-13 12:52:31,304] Trial 11 finished with value: 0.5 and parameters: {'hidden_layer_sizes': (100, 100), 'max_iter': 50, 'alpha': 0.001}. Best is trial 2 with value: 0.55.
[I 2026-04-13 12:52:31,390] Trial 12 finished with value: 0.5 and parameters: {'hidden_layer_sizes': (200,), 'max_iter': 50, 'alpha': 0.001}. Best is trial 2 with value: 0.55.
[I 2026-04-13 12:52:31,465] Trial 13 finished with value: 0.5 and parameters: {'hidden_layer_sizes': (200,), 'max_iter': 50, 'alpha': 0.001}. Best is trial 2 with value: 0.55.
[I 2026-04-13 12:52:31,658] Trial 14 finished with value: 0.55 and parameters: {'hidden_layer_sizes': (100, 100), 'max_iter': 100, 'alpha': 0.0001}. Best is trial 2 with value: 0.55.
[I 2026-04-13 12:52:31,760] Trial 15 finished with value: 0.55 and parameters: {'hidden_layer_sizes': (100,), 'max_iter': 50, 'alpha': 0.001}. Best is trial 2 with value: 0.55.
[I 2026-04-13 12:52:31,865] Trial 16 finished with value: 0.5 and parameters: {'hidden_layer_sizes': (200,), 'max_iter': 50, 'alpha': 0.001}. Best is trial 2 with value: 0.55.
[I 2026-04-13 12:52:32,062] Trial 17 finished with value: 0.55 and parameters: {'hidden_layer_sizes': (200,), 'max_iter': 100, 'alpha': 0.001}. Best is trial 2 with value: 0.55.
[I 2026-04-13 12:52:32,244] Trial 18 finished with value: 0.55 and parameters: {'hidden_layer_sizes': (100,), 'max_iter': 100, 'alpha': 0.0001}. Best is trial 2 with value: 0.55.
[I 2026-04-13 12:52:32,360] Trial 19 finished with value: 0.5 and parameters: {'hidden_layer_sizes': (100, 100), 'max_iter': 50, 'alpha': 0.001}. Best is trial 2 with value: 0.55.
[I 2026-04-13 12:52:32,515] Trial 20 finished with value: 0.55 and parameters: {'hidden_layer_sizes': (100,), 'max_iter': 100, 'alpha': 0.001}. Best is trial 2 with value: 0.55.
[I 2026-04-13 12:52:32,712] Trial 21 finished with value: 0.55 and parameters: {'hidden_layer_sizes': (100,), 'max_iter': 100, 'alpha': 0.001}. Best is trial 2 with value: 0.55.
[I 2026-04-13 12:52:32,859] Trial 22 finished with value: 0.5 and parameters: {'hidden_layer_sizes': (100,), 'max_iter': 100, 'alpha': 0.001}. Best is trial 2 with value: 0.55.
[I 2026-04-13 12:52:33,056] Trial 23 finished with value: 0.55 and parameters: {'hidden_layer_sizes': (100,), 'max_iter': 100, 'alpha': 0.001}. Best is trial 2 with value: 0.55.
[I 2026-04-13 12:52:33,208] Trial 24 finished with value: 0.5 and parameters: {'hidden_layer_sizes': (100,), 'max_iter': 100, 'alpha': 0.001}. Best is trial 2 with value: 0.55.
[I 2026-04-13 12:52:33,405] Trial 25 finished with value: 0.55 and parameters: {'hidden_layer_sizes': (200,), 'max_iter': 100, 'alpha': 0.001}. Best is trial 2 with value: 0.55.
[I 2026-04-13 12:52:33,502] Trial 26 finished with value: 0.5 and parameters: {'hidden_layer_sizes': (100,), 'max_iter': 50, 'alpha': 0.0001}. Best is trial 2 with value: 0.55.
[I 2026-04-13 12:52:33,630] Trial 27 finished with value: 0.55 and parameters: {'hidden_layer_sizes': (100,), 'max_iter': 100, 'alpha': 0.001}. Best is trial 2 with value: 0.55.
[I 2026-04-13 12:52:33,767] Trial 28 finished with value: 0.5 and parameters: {'hidden_layer_sizes': (100, 100), 'max_iter': 50, 'alpha': 0.001}. Best is trial 2 with value: 0.55.
[I 2026-04-13 12:52:33,883] Trial 29 finished with value: 0.5 and parameters: {'hidden_layer_sizes': (200,), 'max_iter': 50, 'alpha': 0.001}. Best is trial 2 with value: 0.55.
[I 2026-04-13 12:52:36,186] A new study created in memory with name: naive_bayes
[I 2026-04-13 12:52:36,210] Trial 0 finished with value: 0.55 and parameters: {'var_smoothing': 2.7796258518939306e-10}. Best is trial 0 with value: 0.55.
[I 2026-04-13 12:52:36,225] Trial 1 finished with value: 0.55 and parameters: {'var_smoothing': 5.513972710118387e-09}. Best is trial 0 with value: 0.55.
[I 2026-04-13 12:52:36,239] Trial 2 finished with value: 0.55 and parameters: {'var_smoothing': 2.590826381512706e-10}. Best is trial 0 with value: 0.55.
[I 2026-04-13 12:52:36,252] Trial 3 finished with value: 0.55 and parameters: {'var_smoothing': 6.874194498027403e-09}. Best is trial 0 with value: 0.55.
[I 2026-04-13 12:52:36,276] Trial 4 finished with value: 0.55 and parameters: {'var_smoothing': 9.480306482679771e-10}. Best is trial 0 with value: 0.55.
[I 2026-04-13 12:52:36,290] Trial 5 finished with value: 0.55 and parameters: {'var_smoothing': 1.6729683536668864e-09}. Best is trial 0 with value: 0.55.
[I 2026-04-13 12:52:36,303] Trial 6 finished with value: 0.55 and parameters: {'var_smoothing': 3.402637726935598e-09}. Best is trial 0 with value: 0.55.
[I 2026-04-13 12:52:36,316] Trial 7 finished with value: 0.55 and parameters: {'var_smoothing': 1.0885189040847657e-09}. Best is trial 0 with value: 0.55.
[I 2026-04-13 12:52:36,329] Trial 8 finished with value: 0.55 and parameters: {'var_smoothing': 3.922843686541149e-10}. Best is trial 0 with value: 0.55.
[I 2026-04-13 12:52:36,343] Trial 9 finished with value: 0.55 and parameters: {'var_smoothing': 2.3737908819373785e-10}. Best is trial 0 with value: 0.55.
[I 2026-04-13 12:52:36,360] Trial 10 finished with value: 0.55 and parameters: {'var_smoothing': 1.005826617097841e-10}. Best is trial 0 with value: 0.55.
[I 2026-04-13 12:52:36,386] Trial 11 finished with value: 0.55 and parameters: {'var_smoothing': 8.246040091550826e-09}. Best is trial 0 with value: 0.55.
[I 2026-04-13 12:52:36,405] Trial 12 finished with value: 0.55 and parameters: {'var_smoothing': 5.714429769091136e-10}. Best is trial 0 with value: 0.55.
[I 2026-04-13 12:52:36,441] Trial 13 finished with value: 0.55 and parameters: {'var_smoothing': 3.0046394488828834e-09}. Best is trial 0 with value: 0.55.
[I 2026-04-13 12:52:36,456] Trial 14 finished with value: 0.55 and parameters: {'var_smoothing': 1.0161521526134228e-10}. Best is trial 0 with value: 0.55.
[I 2026-04-13 12:52:36,472] Trial 15 finished with value: 0.55 and parameters: {'var_smoothing': 3.455011319435438e-09}. Best is trial 0 with value: 0.55.
[I 2026-04-13 12:52:36,488] Trial 16 finished with value: 0.55 and parameters: {'var_smoothing': 2.2038800241203009e-10}. Best is trial 0 with value: 0.55.
[I 2026-04-13 12:52:36,504] Trial 17 finished with value: 0.55 and parameters: {'var_smoothing': 1.8515987176145925e-09}. Best is trial 0 with value: 0.55.
[I 2026-04-13 12:52:36,523] Trial 18 finished with value: 0.55 and parameters: {'var_smoothing': 5.024285700153026e-10}. Best is trial 0 with value: 0.55.
[I 2026-04-13 12:52:36,539] Trial 19 finished with value: 0.55 and parameters: {'var_smoothing': 4.958025424412893e-09}. Best is trial 0 with value: 0.55.
[I 2026-04-13 12:52:36,565] Trial 20 finished with value: 0.55 and parameters: {'var_smoothing': 8.344000526157384e-10}. Best is trial 0 with value: 0.55.
[I 2026-04-13 12:52:36,581] Trial 21 finished with value: 0.55 and parameters: {'var_smoothing': 2.46080689865309e-10}. Best is trial 0 with value: 0.55.
[I 2026-04-13 12:52:36,597] Trial 22 finished with value: 0.55 and parameters: {'var_smoothing': 1.4445108350594728e-10}. Best is trial 0 with value: 0.55.
[I 2026-04-13 12:52:36,612] Trial 23 finished with value: 0.55 and parameters: {'var_smoothing': 3.3715577896606737e-10}. Best is trial 0 with value: 0.55.
[I 2026-04-13 12:52:36,637] Trial 24 finished with value: 0.55 and parameters: {'var_smoothing': 1.572466431855027e-10}. Best is trial 0 with value: 0.55.
[I 2026-04-13 12:52:36,663] Trial 25 finished with value: 0.55 and parameters: {'var_smoothing': 7.281746293576245e-10}. Best is trial 0 with value: 0.55.
[I 2026-04-13 12:52:36,679] Trial 26 finished with value: 0.55 and parameters: {'var_smoothing': 3.386254640873244e-10}. Best is trial 0 with value: 0.55.
[I 2026-04-13 12:52:36,715] Trial 27 finished with value: 0.55 and parameters: {'var_smoothing': 1.3918180959975328e-09}. Best is trial 0 with value: 0.55.
[I 2026-04-13 12:52:36,730] Trial 28 finished with value: 0.55 and parameters: {'var_smoothing': 2.3715836084533434e-09}. Best is trial 0 with value: 0.55.
[I 2026-04-13 12:52:36,746] Trial 29 finished with value: 0.55 and parameters: {'var_smoothing': 9.477075781575649e-09}. Best is trial 0 with value: 0.55.
[I 2026-04-13 12:52:36,787] A new study created in memory with name: logreg
[I 2026-04-13 12:52:36,812] Trial 0 finished with value: 0.45 and parameters: {'C': 0.012881482725481003, 'penalty': 'l2'}. Best is trial 0 with value: 0.45.
[I 2026-04-13 12:52:36,852] Trial 1 finished with value: 0.5 and parameters: {'C': 22.576755560681583, 'penalty': 'l2'}. Best is trial 1 with value: 0.5.
[I 2026-04-13 12:52:36,864] Trial 2 finished with value: 0.45 and parameters: {'C': 0.010804278656839932, 'penalty': 'l2'}. Best is trial 1 with value: 0.5.
[I 2026-04-13 12:52:36,891] Trial 3 finished with value: 0.5 and parameters: {'C': 39.17910760336117, 'penalty': 'l2'}. Best is trial 1 with value: 0.5.
[I 2026-04-13 12:52:36,913] Trial 4 finished with value: 0.45 and parameters: {'C': 0.2767298094062571, 'penalty': 'l2'}. Best is trial 1 with value: 0.5.
[I 2026-04-13 12:52:36,936] Trial 5 finished with value: 0.5 and parameters: {'C': 1.1447728330837224, 'penalty': 'l2'}. Best is trial 1 with value: 0.5.
[I 2026-04-13 12:52:36,959] Trial 6 finished with value: 0.5 and parameters: {'C': 6.753661388238877, 'penalty': 'l2'}. Best is trial 1 with value: 0.5.
[I 2026-04-13 12:52:36,971] Trial 7 finished with value: 0.45 and parameters: {'C': 0.39092184460352974, 'penalty': 'l2'}. Best is trial 1 with value: 0.5.
[I 2026-04-13 12:52:36,984] Trial 8 finished with value: 0.45 and parameters: {'C': 0.03047912590082646, 'penalty': 'l2'}. Best is trial 1 with value: 0.5.
[I 2026-04-13 12:52:37,008] Trial 9 finished with value: 0.45 and parameters: {'C': 0.008681727362499118, 'penalty': 'l2'}. Best is trial 1 with value: 0.5.
[I 2026-04-13 12:52:37,081] Trial 10 finished with value: 0.5 and parameters: {'C': 90.29867735508974, 'penalty': 'l2'}. Best is trial 1 with value: 0.5.
[I 2026-04-13 12:52:37,143] Trial 11 finished with value: 0.5 and parameters: {'C': 65.31936101889447, 'penalty': 'l2'}. Best is trial 1 with value: 0.5.
[I 2026-04-13 12:52:37,170] Trial 12 finished with value: 0.5 and parameters: {'C': 10.276946066829701, 'penalty': 'l2'}. Best is trial 1 with value: 0.5.
[I 2026-04-13 12:52:37,206] Trial 13 finished with value: 0.5 and parameters: {'C': 11.979406337571666, 'penalty': 'l2'}. Best is trial 1 with value: 0.5.
[I 2026-04-13 12:52:37,238] Trial 14 finished with value: 0.55 and parameters: {'C': 3.103885131392604, 'penalty': 'l2'}. Best is trial 14 with value: 0.55.
[I 2026-04-13 12:52:37,270] Trial 15 finished with value: 0.55 and parameters: {'C': 2.0617824229091952, 'penalty': 'l2'}. Best is trial 14 with value: 0.55.
[I 2026-04-13 12:52:37,298] Trial 16 finished with value: 0.55 and parameters: {'C': 2.756273445104269, 'penalty': 'l2'}. Best is trial 14 with value: 0.55.
[I 2026-04-13 12:52:37,347] Trial 17 finished with value: 0.4 and parameters: {'C': 0.09431771166294017, 'penalty': 'l2'}. Best is trial 14 with value: 0.55.
[I 2026-04-13 12:52:37,377] Trial 18 finished with value: 0.4 and parameters: {'C': 0.0017790437089619195, 'penalty': 'l2'}. Best is trial 14 with value: 0.55.
[I 2026-04-13 12:52:37,405] Trial 19 finished with value: 0.55 and parameters: {'C': 1.4649028033496896, 'penalty': 'l2'}. Best is trial 14 with value: 0.55.
[I 2026-04-13 12:52:37,432] Trial 20 finished with value: 0.45 and parameters: {'C': 0.37063659801812987, 'penalty': 'l2'}. Best is trial 14 with value: 0.55.
[I 2026-04-13 12:52:37,461] Trial 21 finished with value: 0.55 and parameters: {'C': 2.162442608072388, 'penalty': 'l2'}. Best is trial 14 with value: 0.55.
[I 2026-04-13 12:52:37,489] Trial 22 finished with value: 0.5 and parameters: {'C': 3.514576258156578, 'penalty': 'l2'}. Best is trial 14 with value: 0.55.
[I 2026-04-13 12:52:37,518] Trial 23 finished with value: 0.45 and parameters: {'C': 0.7496587829462048, 'penalty': 'l2'}. Best is trial 14 with value: 0.55.
[I 2026-04-13 12:52:37,544] Trial 24 finished with value: 0.55 and parameters: {'C': 3.01551118637394, 'penalty': 'l2'}. Best is trial 14 with value: 0.55.
