[I 2026-04-13 12:52:06,667] Trial 20 finished with value: 0.65 and parameters: {'hidden_layer_sizes': (100, 100), 'max_iter': 50, 'alpha': 0.0001}. Best is trial 10 with value: 0.8.
[I 2026-04-13 12:52:06,732] Trial 21 finished with value: 0.8 and parameters: {'hidden_layer_sizes': (100,), 'max_iter': 50, 'alpha': 0.001}. Best is trial 10 with value: 0.8.
[I 2026-04-13 12:52:06,827] Trial 22 finished with value: 0.7 and parameters: {'hidden_layer_sizes': (200,), 'max_iter': 50, 'alpha': 0.001}. Best is trial 10 with value: 0.8.
[I 2026-04-13 12:52:06,902] Trial 23 finished with value: 0.7 and parameters: {'hidden_layer_sizes': (100,), 'max_iter': 50, 'alpha': 0.001}. Best is trial 10 with value: 0.8.
[I 2026-04-13 12:52:06,978] Trial 24 finished with value: 0.8 and parameters: {'hidden_layer_sizes': (200,), 'max_iter': 50, 'alpha': 0.001}. Best is trial 10 with value: 0.8.
[I 2026-04-13 12:52:07,052] Trial 25 finished with value: 0.75 and parameters: {'hidden_layer_sizes': (100, 100), 'max_iter': 50, 'alpha': 0.001}. Best is trial 10 with value: 0.8.
[I 2026-04-13 12:52:07,143] Trial 26 finished with value: 0.65 and parameters: {'hidden_layer_sizes': (100,), 'max_iter': 50, 'alpha': 0.001}. Best is trial 10 with value: 0.8.
[I 2026-04-13 12:52:07,229] Trial 27 finished with value: 0.75 and parameters: {'hidden_layer_sizes': (100, 100), 'max_iter': 50, 'alpha': 0.001}. Best is trial 10 with value: 0.8.
[I 2026-04-13 12:52:07,296] Trial 28 finished with value: 0.65 and parameters: {'hidden_layer_sizes': (200,), 'max_iter': 50, 'alpha': 0.0001}. Best is trial 10 with value: 0.8.
[I 2026-04-13 12:52:07,382] Trial 29 finished with value: 0.75 and parameters: {'hidden_layer_sizes': (100,), 'max_iter': 50, 'alpha': 0.001}. Best is trial 10 with value: 0.8.
[I 2026-04-13 12:52:12,598] A new study created in memory with name: naive_bayes
[I 2026-04-13 12:52:12,613] Trial 0 finished with value: 0.5 and parameters: {'var_smoothing': 2.7796258518939306e-10}. Best is trial 0 with value: 0.5.
[I 2026-04-13 12:52:12,625] Trial 1 finished with value: 0.5 and parameters: {'var_smoothing': 5.513972710118387e-09}. Best is trial 0 with value: 0.5.
[I 2026-04-13 12:52:12,638] Trial 2 finished with value: 0.5 and parameters: {'var_smoothing': 2.590826381512706e-10}. Best is trial 0 with value: 0.5.
[I 2026-04-13 12:52:12,650] Trial 3 finished with value: 0.5 and parameters: {'var_smoothing': 6.874194498027403e-09}. Best is trial 0 with value: 0.5.
[I 2026-04-13 12:52:12,662] Trial 4 finished with value: 0.5 and parameters: {'var_smoothing': 9.480306482679771e-10}. Best is trial 0 with value: 0.5.
[I 2026-04-13 12:52:12,676] Trial 5 finished with value: 0.5 and parameters: {'var_smoothing': 1.6729683536668864e-09}. Best is trial 0 with value: 0.5.
[I 2026-04-13 12:52:12,689] Trial 6 finished with value: 0.5 and parameters: {'var_smoothing': 3.402637726935598e-09}. Best is trial 0 with value: 0.5.
[I 2026-04-13 12:52:12,701] Trial 7 finished with value: 0.5 and parameters: {'var_smoothing': 1.0885189040847657e-09}. Best is trial 0 with value: 0.5.
[I 2026-04-13 12:52:12,714] Trial 8 finished with value: 0.5 and parameters: {'var_smoothing': 3.922843686541149e-10}. Best is trial 0 with value: 0.5.
[I 2026-04-13 12:52:12,726] Trial 9 finished with value: 0.5 and parameters: {'var_smoothing': 2.3737908819373785e-10}. Best is trial 0 with value: 0.5.
[I 2026-04-13 12:52:12,755] Trial 10 finished with value: 0.5 and parameters: {'var_smoothing': 1.005826617097841e-10}. Best is trial 0 with value: 0.5.
[I 2026-04-13 12:52:12,773] Trial 11 finished with value: 0.5 and parameters: {'var_smoothing': 8.246040091550826e-09}. Best is trial 0 with value: 0.5.
[I 2026-04-13 12:52:12,788] Trial 12 finished with value: 0.5 and parameters: {'var_smoothing': 5.714429769091136e-10}. Best is trial 0 with value: 0.5.
[I 2026-04-13 12:52:12,823] Trial 13 finished with value: 0.5 and parameters: {'var_smoothing': 3.0046394488828834e-09}. Best is trial 0 with value: 0.5.
[I 2026-04-13 12:52:12,849] Trial 14 finished with value: 0.5 and parameters: {'var_smoothing': 1.0161521526134228e-10}. Best is trial 0 with value: 0.5.
[I 2026-04-13 12:52:12,864] Trial 15 finished with value: 0.5 and parameters: {'var_smoothing': 3.455011319435438e-09}. Best is trial 0 with value: 0.5.
[I 2026-04-13 12:52:12,883] Trial 16 finished with value: 0.5 and parameters: {'var_smoothing': 2.2038800241203009e-10}. Best is trial 0 with value: 0.5.
[I 2026-04-13 12:52:12,911] Trial 17 finished with value: 0.5 and parameters: {'var_smoothing': 1.8515987176145925e-09}. Best is trial 0 with value: 0.5.
[I 2026-04-13 12:52:12,937] Trial 18 finished with value: 0.5 and parameters: {'var_smoothing': 5.024285700153026e-10}. Best is trial 0 with value: 0.5.
[I 2026-04-13 12:52:12,965] Trial 19 finished with value: 0.5 and parameters: {'var_smoothing': 4.958025424412893e-09}. Best is trial 0 with value: 0.5.
[I 2026-04-13 12:52:12,982] Trial 20 finished with value: 0.5 and parameters: {'var_smoothing': 8.344000526157384e-10}. Best is trial 0 with value: 0.5.
[I 2026-04-13 12:52:13,010] Trial 21 finished with value: 0.5 and parameters: {'var_smoothing': 2.46080689865309e-10}. Best is trial 0 with value: 0.5.
[I 2026-04-13 12:52:13,027] Trial 22 finished with value: 0.5 and parameters: {'var_smoothing': 1.4445108350594728e-10}. Best is trial 0 with value: 0.5.
[I 2026-04-13 12:52:13,044] Trial 23 finished with value: 0.5 and parameters: {'var_smoothing': 3.3715577896606737e-10}. Best is trial 0 with value: 0.5.
[I 2026-04-13 12:52:13,061] Trial 24 finished with value: 0.5 and parameters: {'var_smoothing': 1.572466431855027e-10}. Best is trial 0 with value: 0.5.
[I 2026-04-13 12:52:13,077] Trial 25 finished with value: 0.5 and parameters: {'var_smoothing': 7.281746293576245e-10}. Best is trial 0 with value: 0.5.
[I 2026-04-13 12:52:13,093] Trial 26 finished with value: 0.5 and parameters: {'var_smoothing': 3.386254640873244e-10}. Best is trial 0 with value: 0.5.
[I 2026-04-13 12:52:13,109] Trial 27 finished with value: 0.5 and parameters: {'var_smoothing': 1.3918180959975328e-09}. Best is trial 0 with value: 0.5.
[I 2026-04-13 12:52:13,126] Trial 28 finished with value: 0.5 and parameters: {'var_smoothing': 2.3715836084533434e-09}. Best is trial 0 with value: 0.5.
[I 2026-04-13 12:52:13,160] Trial 29 finished with value: 0.5 and parameters: {'var_smoothing': 9.477075781575649e-09}. Best is trial 0 with value: 0.5.
[I 2026-04-13 12:52:13,194] A new study created in memory with name: logreg
[I 2026-04-13 12:52:13,227] Trial 0 finished with value: 0.45 and parameters: {'C': 0.012881482725481003, 'penalty': 'l2'}. Best is trial 0 with value: 0.45.
[I 2026-04-13 12:52:13,262] Trial 1 finished with value: 0.55 and parameters: {'C': 22.576755560681583, 'penalty': 'l2'}. Best is trial 1 with value: 0.55.
[I 2026-04-13 12:52:13,286] Trial 2 finished with value: 0.45 and parameters: {'C': 0.010804278656839932, 'penalty': 'l2'}. Best is trial 1 with value: 0.55.
[I 2026-04-13 12:52:13,330] Trial 3 finished with value: 0.55 and parameters: {'C': 39.17910760336117, 'penalty': 'l2'}. Best is trial 1 with value: 0.55.
[I 2026-04-13 12:52:13,354] Trial 4 finished with value: 0.5 and parameters: {'C': 0.2767298094062571, 'penalty': 'l2'}. Best is trial 1 with value: 0.55.
[I 2026-04-13 12:52:13,377] Trial 5 finished with value: 0.5 and parameters: {'C': 1.1447728330837224, 'penalty': 'l2'}. Best is trial 1 with value: 0.55.
[I 2026-04-13 12:52:13,401] Trial 6 finished with value: 0.6 and parameters: {'C': 6.753661388238877, 'penalty': 'l2'}. Best is trial 6 with value: 0.6.
[I 2026-04-13 12:52:13,425] Trial 7 finished with value: 0.5 and parameters: {'C': 0.39092184460352974, 'penalty': 'l2'}. Best is trial 6 with value: 0.6.
[I 2026-04-13 12:52:13,451] Trial 8 finished with value: 0.4 and parameters: {'C': 0.03047912590082646, 'penalty': 'l2'}. Best is trial 6 with value: 0.6.
[I 2026-04-13 12:52:13,476] Trial 9 finished with value: 0.45 and parameters: {'C': 0.008681727362499118, 'penalty': 'l2'}. Best is trial 6 with value: 0.6.
[I 2026-04-13 12:52:13,512] Trial 10 finished with value: 0.55 and parameters: {'C': 2.4631346793210676, 'penalty': 'l2'}. Best is trial 6 with value: 0.6.
[I 2026-04-13 12:52:13,601] Trial 11 finished with value: 0.55 and parameters: {'C': 71.2292869734559, 'penalty': 'l2'}. Best is trial 6 with value: 0.6.
[I 2026-04-13 12:52:13,629] Trial 12 finished with value: 0.55 and parameters: {'C': 10.276946066829701, 'penalty': 'l2'}. Best is trial 6 with value: 0.6.
[I 2026-04-13 12:52:13,677] Trial 13 finished with value: 0.55 and parameters: {'C': 10.016902974312087, 'penalty': 'l2'}. Best is trial 6 with value: 0.6.
[I 2026-04-13 12:52:13,715] Trial 14 finished with value: 0.4 and parameters: {'C': 0.0011511518046752145, 'penalty': 'l2'}. Best is trial 6 with value: 0.6.
[I 2026-04-13 12:52:13,751] Trial 15 finished with value: 0.55 and parameters: {'C': 10.76550383491774, 'penalty': 'l2'}. Best is trial 6 with value: 0.6.
[I 2026-04-13 12:52:13,790] Trial 16 finished with value: 0.6 and parameters: {'C': 2.232405906195136, 'penalty': 'l2'}. Best is trial 6 with value: 0.6.
[I 2026-04-13 12:52:13,848] Trial 17 finished with value: 0.55 and parameters: {'C': 2.6255681243947895, 'penalty': 'l2'}. Best is trial 6 with value: 0.6.
[I 2026-04-13 12:52:13,876] Trial 18 finished with value: 0.45 and parameters: {'C': 0.13719328481850918, 'penalty': 'l2'}. Best is trial 6 with value: 0.6.
[I 2026-04-13 12:52:13,903] Trial 19 finished with value: 0.55 and parameters: {'C': 1.431179413266619, 'penalty': 'l2'}. Best is trial 6 with value: 0.6.
[I 2026-04-13 12:52:13,931] Trial 20 finished with value: 0.6 and parameters: {'C': 5.373153802191764, 'penalty': 'l2'}. Best is trial 6 with value: 0.6.
[I 2026-04-13 12:52:13,967] Trial 21 finished with value: 0.6 and parameters: {'C': 5.727149491301264, 'penalty': 'l2'}. Best is trial 6 with value: 0.6.
[I 2026-04-13 12:52:14,004] Trial 22 finished with value: 0.5 and parameters: {'C': 0.8481920323433019, 'penalty': 'l2'}. Best is trial 6 with value: 0.6.
[I 2026-04-13 12:52:14,051] Trial 23 finished with value: 0.6 and parameters: {'C': 4.666378619443708, 'penalty': 'l2'}. Best is trial 6 with value: 0.6.
[I 2026-04-13 12:52:14,087] Trial 24 finished with value: 0.55 and parameters: {'C': 26.000307159141176, 'penalty': 'l2'}. Best is trial 6 with value: 0.6.
[I 2026-04-13 12:52:14,113] Trial 25 finished with value: 0.55 and parameters: {'C': 0.5493577595626742, 'penalty': 'l2'}. Best is trial 6 with value: 0.6.
[I 2026-04-13 12:52:14,150] Trial 26 finished with value: 0.55 and parameters: {'C': 3.000366840413488, 'penalty': 'l2'}. Best is trial 6 with value: 0.6.
[I 2026-04-13 12:52:14,186] Trial 27 finished with value: 0.45 and parameters: {'C': 0.18585334725990402, 'penalty': 'l2'}. Best is trial 6 with value: 0.6.
[I 2026-04-13 12:52:14,253] Trial 28 finished with value: 0.55 and parameters: {'C': 93.65076322210534, 'penalty': 'l2'}. Best is trial 6 with value: 0.6.
[I 2026-04-13 12:52:14,311] Trial 29 finished with value: 0.55 and parameters: {'C': 21.596604872682672, 'penalty': 'l2'}. Best is trial 6 with value: 0.6.
[I 2026-04-13 12:52:15,166] A new study created in memory with name: knn
[I 2026-04-13 12:52:15,190] Trial 0 finished with value: 0.4 and parameters: {'n_neighbors': 4, 'leaf_size': 38, 'p': 2}. Best is trial 0 with value: 0.4.
[I 2026-04-13 12:52:15,213] Trial 1 finished with value: 0.55 and parameters: {'n_neighbors': 6, 'leaf_size': 32, 'p': 1}. Best is trial 1 with value: 0.55.
[I 2026-04-13 12:52:15,226] Trial 2 finished with value: 0.5 and parameters: {'n_neighbors': 5, 'leaf_size': 23, 'p': 2}. Best is trial 1 with value: 0.55.
[I 2026-04-13 12:52:15,238] Trial 3 finished with value: 0.55 and parameters: {'n_neighbors': 6, 'leaf_size': 23, 'p': 1}. Best is trial 1 with value: 0.55.
[I 2026-04-13 12:52:15,251] Trial 4 finished with value: 0.55 and parameters: {'n_neighbors': 6, 'leaf_size': 26, 'p': 1}. Best is trial 1 with value: 0.55.
[I 2026-04-13 12:52:15,266] Trial 5 finished with value: 0.6 and parameters: {'n_neighbors': 7, 'leaf_size': 25, 'p': 1}. Best is trial 5 with value: 0.6.
[I 2026-04-13 12:52:15,280] Trial 6 finished with value: 0.5 and parameters: {'n_neighbors': 5, 'leaf_size': 23, 'p': 2}. Best is trial 5 with value: 0.6.
[I 2026-04-13 12:52:15,306] Trial 7 finished with value: 0.55 and parameters: {'n_neighbors': 10, 'leaf_size': 23, 'p': 2}. Best is trial 5 with value: 0.6.
[I 2026-04-13 12:52:15,319] Trial 8 finished with value: 0.55 and parameters: {'n_neighbors': 8, 'leaf_size': 36, 'p': 2}. Best is trial 5 with value: 0.6.
[I 2026-04-13 12:52:15,342] Trial 9 finished with value: 0.45 and parameters: {'n_neighbors': 3, 'leaf_size': 30, 'p': 2}. Best is trial 5 with value: 0.6.
[I 2026-04-13 12:52:15,368] Trial 10 finished with value: 0.55 and parameters: {'n_neighbors': 8, 'leaf_size': 29, 'p': 1}. Best is trial 5 with value: 0.6.
[I 2026-04-13 12:52:15,391] Trial 11 finished with value: 0.55 and parameters: {'n_neighbors': 8, 'leaf_size': 32, 'p': 1}. Best is trial 5 with value: 0.6.
[I 2026-04-13 12:52:15,411] Trial 12 finished with value: 0.6 and parameters: {'n_neighbors': 7, 'leaf_size': 33, 'p': 1}. Best is trial 5 with value: 0.6.
[I 2026-04-13 12:52:15,445] Trial 13 finished with value: 0.45 and parameters: {'n_neighbors': 9, 'leaf_size': 27, 'p': 1}. Best is trial 5 with value: 0.6.
[I 2026-04-13 12:52:15,464] Trial 14 finished with value: 0.6 and parameters: {'n_neighbors': 7, 'leaf_size': 35, 'p': 1}. Best is trial 5 with value: 0.6.
[I 2026-04-13 12:52:15,486] Trial 15 finished with value: 0.6 and parameters: {'n_neighbors': 7, 'leaf_size': 27, 'p': 1}. Best is trial 5 with value: 0.6.
[I 2026-04-13 12:52:15,508] Trial 16 finished with value: 0.55 and parameters: {'n_neighbors': 10, 'leaf_size': 40, 'p': 1}. Best is trial 5 with value: 0.6.
[I 2026-04-13 12:52:15,538] Trial 17 finished with value: 0.45 and parameters: {'n_neighbors': 9, 'leaf_size': 20, 'p': 1}. Best is trial 5 with value: 0.6.
[I 2026-04-13 12:52:15,562] Trial 18 finished with value: 0.6 and parameters: {'n_neighbors': 7, 'leaf_size': 33, 'p': 1}. Best is trial 5 with value: 0.6.
[I 2026-04-13 12:52:15,582] Trial 19 finished with value: 0.5 and parameters: {'n_neighbors': 5, 'leaf_size': 34, 'p': 1}. Best is trial 5 with value: 0.6.
[I 2026-04-13 12:52:15,608] Trial 20 finished with value: 0.45 and parameters: {'n_neighbors': 9, 'leaf_size': 29, 'p': 1}. Best is trial 5 with value: 0.6.
[I 2026-04-13 12:52:15,634] Trial 21 finished with value: 0.6 and parameters: {'n_neighbors': 7, 'leaf_size': 36, 'p': 1}. Best is trial 5 with value: 0.6.
[I 2026-04-13 12:52:15,657] Trial 22 finished with value: 0.6 and parameters: {'n_neighbors': 7, 'leaf_size': 35, 'p': 1}. Best is trial 5 with value: 0.6.
[I 2026-04-13 12:52:15,683] Trial 23 finished with value: 0.55 and parameters: {'n_neighbors': 8, 'leaf_size': 31, 'p': 1}. Best is trial 5 with value: 0.6.
[I 2026-04-13 12:52:15,710] Trial 24 finished with value: 0.55 and parameters: {'n_neighbors': 6, 'leaf_size': 37, 'p': 1}. Best is trial 5 with value: 0.6.
[I 2026-04-13 12:52:15,735] Trial 25 finished with value: 0.6 and parameters: {'n_neighbors': 7, 'leaf_size': 34, 'p': 1}. Best is trial 5 with value: 0.6.
[I 2026-04-13 12:52:15,769] Trial 26 finished with value: 0.55 and parameters: {'n_neighbors': 8, 'leaf_size': 39, 'p': 1}. Best is trial 5 with value: 0.6.
[I 2026-04-13 12:52:15,806] Trial 27 finished with value: 0.5 and parameters: {'n_neighbors': 5, 'leaf_size': 26, 'p': 1}. Best is trial 5 with value: 0.6.
[I 2026-04-13 12:52:15,829] Trial 28 finished with value: 0.55 and parameters: {'n_neighbors': 6, 'leaf_size': 29, 'p': 1}. Best is trial 5 with value: 0.6.
[I 2026-04-13 12:52:15,855] Trial 29 finished with value: 0.4 and parameters: {'n_neighbors': 4, 'leaf_size': 20, 'p': 2}. Best is trial 5 with value: 0.6.
[I 2026-04-13 12:52:15,894] A new study created in memory with name: xgb
[I 2026-04-13 12:52:15,924] Trial 0 finished with value: 0.5 and parameters: {'n_estimators': 40, 'max_depth': 5, 'gamma': 0.789317070832284, 'subsample': 0.7592089939364717, 'colsample_bytree': 0.648400250788111}. Best is trial 0 with value: 0.5.
[I 2026-04-13 12:52:15,972] Trial 1 finished with value: 0.45 and parameters: {'n_estimators': 100, 'max_depth': 30, 'gamma': 0.34667781579300216, 'subsample': 0.7071175095405257, 'colsample_bytree': 0.6480399663668239}. Best is trial 0 with value: 0.5.
[I 2026-04-13 12:52:16,000] Trial 2 finished with value: 0.5 and parameters: {'n_estimators': 10, 'max_depth': 20, 'gamma': 0.3948075529198607, 'subsample': 0.5720821503267102, 'colsample_bytree': 0.5828064306006338}. Best is trial 0 with value: 0.5.
[I 2026-04-13 12:52:16,028] Trial 3 finished with value: 0.55 and parameters: {'n_estimators': 10, 'max_depth': 30, 'gamma': 0.8015631269999768, 'subsample': 0.5114665462195407, 'colsample_bytree': 0.788831429064878}. Best is trial 3 with value: 0.55.
[I 2026-04-13 12:52:16,064] Trial 4 finished with value: 0.45 and parameters: {'n_estimators': 100, 'max_depth': 5, 'gamma': 0.8834347783013348, 'subsample': 0.961374806972835, 'colsample_bytree': 0.5011071062662218}. Best is trial 3 with value: 0.55.
[I 2026-04-13 12:52:16,090] Trial 5 finished with value: 0.5 and parameters: {'n_estimators': 40, 'max_depth': 5, 'gamma': 0.5364379674896123, 'subsample': 0.5145557818363589, 'colsample_bytree': 0.5432628442011025}. Best is trial 3 with value: 0.55.
[I 2026-04-13 12:52:16,122] Trial 6 finished with value: 0.55 and parameters: {'n_estimators': 100, 'max_depth': 20, 'gamma': 0.6718205850237038, 'subsample': 0.9059511955902053, 'colsample_bytree': 0.9633413076219371}. Best is trial 3 with value: 0.55.
[I 2026-04-13 12:52:16,149] Trial 7 finished with value: 0.55 and parameters: {'n_estimators': 10, 'max_depth': 30, 'gamma': 0.8165284487704038, 'subsample': 0.5255714015506736, 'colsample_bytree': 0.594333867896554}. Best is trial 3 with value: 0.55.
[I 2026-04-13 12:52:16,196] Trial 8 finished with value: 0.45 and parameters: {'n_estimators': 100, 'max_depth': 20, 'gamma': 0.6251497693480509, 'subsample': 0.9696496759824258, 'colsample_bytree': 0.9717700410079397}. Best is trial 3 with value: 0.55.
[I 2026-04-13 12:52:16,232] Trial 9 finished with value: 0.45 and parameters: {'n_estimators': 40, 'max_depth': 30, 'gamma': 0.9649927737686168, 'subsample': 0.6857563076640036, 'colsample_bytree': 0.5061847058001788}. Best is trial 3 with value: 0.55.
[I 2026-04-13 12:52:16,295] Trial 10 finished with value: 0.55 and parameters: {'n_estimators': 10, 'max_depth': 30, 'gamma': 0.17962098877423716, 'subsample': 0.8185311023645913, 'colsample_bytree': 0.8181024979210034}. Best is trial 3 with value: 0.55.
[I 2026-04-13 12:52:16,332] Trial 11 finished with value: 0.5 and parameters: {'n_estimators': 10, 'max_depth': 20, 'gamma': 0.6605481237130192, 'subsample': 0.889223202067309, 'colsample_bytree': 0.9591670404570725}. Best is trial 3 with value: 0.55.
[I 2026-04-13 12:52:16,379] Trial 12 finished with value: 0.6 and parameters: {'n_estimators': 100, 'max_depth': 20, 'gamma': 0.7155981302494404, 'subsample': 0.6113949519855965, 'colsample_bytree': 0.8277825630825599}. Best is trial 12 with value: 0.6.
[I 2026-04-13 12:52:16,426] Trial 13 finished with value: 0.55 and parameters: {'n_estimators': 100, 'max_depth': 20, 'gamma': 0.9847840089305353, 'subsample': 0.6109744065191631, 'colsample_bytree': 0.8088158040060618}. Best is trial 12 with value: 0.6.
[I 2026-04-13 12:52:16,474] Trial 14 finished with value: 0.55 and parameters: {'n_estimators': 10, 'max_depth': 30, 'gamma': 0.7351212787038574, 'subsample': 0.6331411412285739, 'colsample_bytree': 0.8390610779551777}. Best is trial 12 with value: 0.6.
[I 2026-04-13 12:52:16,522] Trial 15 finished with value: 0.55 and parameters: {'n_estimators': 100, 'max_depth': 30, 'gamma': 0.518780350466411, 'subsample': 0.5775927776080612, 'colsample_bytree': 0.7289121273053087}. Best is trial 12 with value: 0.6.
[I 2026-04-13 12:52:16,547] Trial 16 finished with value: 0.55 and parameters: {'n_estimators': 10, 'max_depth': 20, 'gamma': 0.8626908205074404, 'subsample': 0.6500628805057524, 'colsample_bytree': 0.8916683174640266}. Best is trial 12 with value: 0.6.
[I 2026-04-13 12:52:16,581] Trial 17 finished with value: 0.55 and parameters: {'n_estimators': 10, 'max_depth': 30, 'gamma': 0.41070941007471146, 'subsample': 0.5020513263099301, 'colsample_bytree': 0.7426362786184568}. Best is trial 12 with value: 0.6.
[I 2026-04-13 12:52:16,628] Trial 18 finished with value: 0.55 and parameters: {'n_estimators': 100, 'max_depth': 20, 'gamma': 0.7270411174175381, 'subsample': 0.5737629988368296, 'colsample_bytree': 0.8754552501842844}. Best is trial 12 with value: 0.6.
[I 2026-04-13 12:52:16,683] Trial 19 finished with value: 0.45 and parameters: {'n_estimators': 40, 'max_depth': 5, 'gamma': 0.6006543878994536, 'subsample': 0.7465952123009789, 'colsample_bytree': 0.7736807557887637}. Best is trial 12 with value: 0.6.
[I 2026-04-13 12:52:16,741] Trial 20 finished with value: 0.5 and parameters: {'n_estimators': 100, 'max_depth': 30, 'gamma': 0.12810557331129335, 'subsample': 0.5483525108892331, 'colsample_bytree': 0.6959658837721386}. Best is trial 12 with value: 0.6.
[I 2026-04-13 12:52:16,803] Trial 21 finished with value: 0.5 and parameters: {'n_estimators': 100, 'max_depth': 20, 'gamma': 0.7046285079003384, 'subsample': 0.8595630767843899, 'colsample_bytree': 0.9334895807891704}. Best is trial 12 with value: 0.6.
[I 2026-04-13 12:52:16,851] Trial 22 finished with value: 0.5 and parameters: {'n_estimators': 100, 'max_depth': 20, 'gamma': 0.891831615235714, 'subsample': 0.8156489052452018, 'colsample_bytree': 0.9095046682898202}. Best is trial 12 with value: 0.6.
