[I 2026-04-13 13:03:27,297] Trial 24 finished with value: 0.45 and parameters: {'n_estimators': 374, 'max_depth': 18, 'min_samples_split': 10, 'min_samples_leaf': 3}. Best is trial 1 with value: 0.55.
[I 2026-04-13 13:03:27,825] Trial 25 finished with value: 0.5 and parameters: {'n_estimators': 429, 'max_depth': 18, 'min_samples_split': 6, 'min_samples_leaf': 5}. Best is trial 1 with value: 0.55.
[I 2026-04-13 13:03:28,504] Trial 26 finished with value: 0.45 and parameters: {'n_estimators': 488, 'max_depth': 3, 'min_samples_split': 9, 'min_samples_leaf': 4}. Best is trial 1 with value: 0.55.
[I 2026-04-13 13:03:28,899] Trial 27 finished with value: 0.4 and parameters: {'n_estimators': 329, 'max_depth': 12, 'min_samples_split': 8, 'min_samples_leaf': 6}. Best is trial 1 with value: 0.55.
[I 2026-04-13 13:03:29,523] Trial 28 finished with value: 0.5 and parameters: {'n_estimators': 464, 'max_depth': 5, 'min_samples_split': 7, 'min_samples_leaf': 8}. Best is trial 1 with value: 0.55.
[I 2026-04-13 13:03:29,737] Trial 29 finished with value: 0.5 and parameters: {'n_estimators': 103, 'max_depth': 11, 'min_samples_split': 4, 'min_samples_leaf': 7}. Best is trial 1 with value: 0.55.
[I 2026-04-13 13:03:30,270] A new study created in memory with name: mlp
[I 2026-04-13 13:03:30,325] Trial 0 finished with value: 0.4 and parameters: {'hidden_layer_sizes': (200,), 'max_iter': 50, 'alpha': 0.001}. Best is trial 0 with value: 0.4.
[I 2026-04-13 13:03:30,382] Trial 1 finished with value: 0.4 and parameters: {'hidden_layer_sizes': (200,), 'max_iter': 50, 'alpha': 0.0001}. Best is trial 0 with value: 0.4.
[I 2026-04-13 13:03:30,416] Trial 2 finished with value: 0.45 and parameters: {'hidden_layer_sizes': (100,), 'max_iter': 50, 'alpha': 0.0001}. Best is trial 2 with value: 0.45.
[I 2026-04-13 13:03:30,483] Trial 3 finished with value: 0.4 and parameters: {'hidden_layer_sizes': (100,), 'max_iter': 100, 'alpha': 0.001}. Best is trial 2 with value: 0.45.
[I 2026-04-13 13:03:30,569] Trial 4 finished with value: 0.3 and parameters: {'hidden_layer_sizes': (200,), 'max_iter': 100, 'alpha': 0.001}. Best is trial 2 with value: 0.45.
[I 2026-04-13 13:03:30,602] Trial 5 finished with value: 0.4 and parameters: {'hidden_layer_sizes': (200,), 'max_iter': 50, 'alpha': 0.001}. Best is trial 2 with value: 0.45.
[I 2026-04-13 13:03:30,657] Trial 6 finished with value: 0.4 and parameters: {'hidden_layer_sizes': (100,), 'max_iter': 100, 'alpha': 0.0001}. Best is trial 2 with value: 0.45.
[I 2026-04-13 13:03:30,713] Trial 7 finished with value: 0.35 and parameters: {'hidden_layer_sizes': (100, 100), 'max_iter': 50, 'alpha': 0.0001}. Best is trial 2 with value: 0.45.
[I 2026-04-13 13:03:30,800] Trial 8 finished with value: 0.25 and parameters: {'hidden_layer_sizes': (100, 100), 'max_iter': 100, 'alpha': 0.0001}. Best is trial 2 with value: 0.45.
[I 2026-04-13 13:03:30,847] Trial 9 finished with value: 0.45 and parameters: {'hidden_layer_sizes': (100,), 'max_iter': 50, 'alpha': 0.001}. Best is trial 2 with value: 0.45.
[I 2026-04-13 13:03:30,905] Trial 10 finished with value: 0.4 and parameters: {'hidden_layer_sizes': (100,), 'max_iter': 50, 'alpha': 0.0001}. Best is trial 2 with value: 0.45.
[I 2026-04-13 13:03:30,961] Trial 11 finished with value: 0.4 and parameters: {'hidden_layer_sizes': (100,), 'max_iter': 50, 'alpha': 0.001}. Best is trial 2 with value: 0.45.
[I 2026-04-13 13:03:31,008] Trial 12 finished with value: 0.45 and parameters: {'hidden_layer_sizes': (100,), 'max_iter': 50, 'alpha': 0.0001}. Best is trial 2 with value: 0.45.
[I 2026-04-13 13:03:31,049] Trial 13 finished with value: 0.4 and parameters: {'hidden_layer_sizes': (100,), 'max_iter': 50, 'alpha': 0.001}. Best is trial 2 with value: 0.45.
[I 2026-04-13 13:03:31,099] Trial 14 finished with value: 0.4 and parameters: {'hidden_layer_sizes': (100,), 'max_iter': 50, 'alpha': 0.001}. Best is trial 2 with value: 0.45.
[I 2026-04-13 13:03:31,137] Trial 15 finished with value: 0.4 and parameters: {'hidden_layer_sizes': (100,), 'max_iter': 50, 'alpha': 0.0001}. Best is trial 2 with value: 0.45.
[I 2026-04-13 13:03:31,202] Trial 16 finished with value: 0.25 and parameters: {'hidden_layer_sizes': (100, 100), 'max_iter': 50, 'alpha': 0.001}. Best is trial 2 with value: 0.45.
[I 2026-04-13 13:03:31,258] Trial 17 finished with value: 0.45 and parameters: {'hidden_layer_sizes': (100,), 'max_iter': 50, 'alpha': 0.0001}. Best is trial 2 with value: 0.45.
[I 2026-04-13 13:03:31,347] Trial 18 finished with value: 0.45 and parameters: {'hidden_layer_sizes': (100,), 'max_iter': 100, 'alpha': 0.001}. Best is trial 2 with value: 0.45.
[I 2026-04-13 13:03:31,393] Trial 19 finished with value: 0.3 and parameters: {'hidden_layer_sizes': (100, 100), 'max_iter': 50, 'alpha': 0.0001}. Best is trial 2 with value: 0.45.
[I 2026-04-13 13:03:31,441] Trial 20 finished with value: 0.45 and parameters: {'hidden_layer_sizes': (100,), 'max_iter': 50, 'alpha': 0.0001}. Best is trial 2 with value: 0.45.
[I 2026-04-13 13:03:31,479] Trial 21 finished with value: 0.45 and parameters: {'hidden_layer_sizes': (100,), 'max_iter': 50, 'alpha': 0.0001}. Best is trial 2 with value: 0.45.
[I 2026-04-13 13:03:31,527] Trial 22 finished with value: 0.45 and parameters: {'hidden_layer_sizes': (100,), 'max_iter': 50, 'alpha': 0.0001}. Best is trial 2 with value: 0.45.
[I 2026-04-13 13:03:31,571] Trial 23 finished with value: 0.45 and parameters: {'hidden_layer_sizes': (100,), 'max_iter': 50, 'alpha': 0.0001}. Best is trial 2 with value: 0.45.
[I 2026-04-13 13:03:31,607] Trial 24 finished with value: 0.4 and parameters: {'hidden_layer_sizes': (100,), 'max_iter': 50, 'alpha': 0.0001}. Best is trial 2 with value: 0.45.
[I 2026-04-13 13:03:31,652] Trial 25 finished with value: 0.45 and parameters: {'hidden_layer_sizes': (100,), 'max_iter': 50, 'alpha': 0.0001}. Best is trial 2 with value: 0.45.
[I 2026-04-13 13:03:31,720] Trial 26 finished with value: 0.3 and parameters: {'hidden_layer_sizes': (100,), 'max_iter': 100, 'alpha': 0.001}. Best is trial 2 with value: 0.45.
[I 2026-04-13 13:03:31,769] Trial 27 finished with value: 0.45 and parameters: {'hidden_layer_sizes': (100,), 'max_iter': 50, 'alpha': 0.0001}. Best is trial 2 with value: 0.45.
[I 2026-04-13 13:03:31,821] Trial 28 finished with value: 0.4 and parameters: {'hidden_layer_sizes': (200,), 'max_iter': 50, 'alpha': 0.001}. Best is trial 2 with value: 0.45.
[I 2026-04-13 13:03:31,868] Trial 29 finished with value: 0.3 and parameters: {'hidden_layer_sizes': (100, 100), 'max_iter': 50, 'alpha': 0.001}. Best is trial 2 with value: 0.45.
[I 2026-04-13 13:03:37,483] A new study created in memory with name: naive_bayes
[I 2026-04-13 13:03:37,498] Trial 0 finished with value: 0.55 and parameters: {'var_smoothing': 5.582886587978182e-09}. Best is trial 0 with value: 0.55.
[I 2026-04-13 13:03:37,511] Trial 1 finished with value: 0.55 and parameters: {'var_smoothing': 8.651299071518215e-09}. Best is trial 0 with value: 0.55.
[I 2026-04-13 13:03:37,526] Trial 2 finished with value: 0.55 and parameters: {'var_smoothing': 5.475062490474489e-09}. Best is trial 0 with value: 0.55.
[I 2026-04-13 13:03:37,538] Trial 3 finished with value: 0.55 and parameters: {'var_smoothing': 1.1526869678723134e-09}. Best is trial 0 with value: 0.55.
[I 2026-04-13 13:03:37,551] Trial 4 finished with value: 0.55 and parameters: {'var_smoothing': 2.920496270341785e-10}. Best is trial 0 with value: 0.55.
[I 2026-04-13 13:03:37,564] Trial 5 finished with value: 0.55 and parameters: {'var_smoothing': 1.0538956417705805e-10}. Best is trial 0 with value: 0.55.
[I 2026-04-13 13:03:37,578] Trial 6 finished with value: 0.55 and parameters: {'var_smoothing': 7.260016982331591e-10}. Best is trial 0 with value: 0.55.
[I 2026-04-13 13:03:37,591] Trial 7 finished with value: 0.55 and parameters: {'var_smoothing': 6.378267364653917e-10}. Best is trial 0 with value: 0.55.
[I 2026-04-13 13:03:37,604] Trial 8 finished with value: 0.55 and parameters: {'var_smoothing': 1.1100673847791952e-09}. Best is trial 0 with value: 0.55.
[I 2026-04-13 13:03:37,617] Trial 9 finished with value: 0.55 and parameters: {'var_smoothing': 9.052813879088377e-10}. Best is trial 0 with value: 0.55.
[I 2026-04-13 13:03:37,633] Trial 10 finished with value: 0.55 and parameters: {'var_smoothing': 3.20543606083287e-09}. Best is trial 0 with value: 0.55.
[I 2026-04-13 13:03:37,649] Trial 11 finished with value: 0.55 and parameters: {'var_smoothing': 8.433965140342417e-09}. Best is trial 0 with value: 0.55.
[I 2026-04-13 13:03:37,664] Trial 12 finished with value: 0.55 and parameters: {'var_smoothing': 2.860874278982245e-09}. Best is trial 0 with value: 0.55.
[I 2026-04-13 13:03:37,679] Trial 13 finished with value: 0.55 and parameters: {'var_smoothing': 9.270349036178526e-09}. Best is trial 0 with value: 0.55.
[I 2026-04-13 13:03:37,694] Trial 14 finished with value: 0.55 and parameters: {'var_smoothing': 3.13069447640915e-09}. Best is trial 0 with value: 0.55.
[I 2026-04-13 13:03:37,712] Trial 15 finished with value: 0.55 and parameters: {'var_smoothing': 5.223604886811285e-09}. Best is trial 0 with value: 0.55.
[I 2026-04-13 13:03:37,727] Trial 16 finished with value: 0.55 and parameters: {'var_smoothing': 2.0295724993447026e-09}. Best is trial 0 with value: 0.55.
[I 2026-04-13 13:03:37,742] Trial 17 finished with value: 0.55 and parameters: {'var_smoothing': 5.880433102756661e-09}. Best is trial 0 with value: 0.55.
[I 2026-04-13 13:03:37,770] Trial 18 finished with value: 0.55 and parameters: {'var_smoothing': 1.6980964875204416e-09}. Best is trial 0 with value: 0.55.
[I 2026-04-13 13:03:37,788] Trial 19 finished with value: 0.55 and parameters: {'var_smoothing': 4.2955625192244405e-09}. Best is trial 0 with value: 0.55.
[I 2026-04-13 13:03:37,804] Trial 20 finished with value: 0.55 and parameters: {'var_smoothing': 9.833771947222685e-09}. Best is trial 0 with value: 0.55.
[I 2026-04-13 13:03:37,824] Trial 21 finished with value: 0.55 and parameters: {'var_smoothing': 6.0482464086364635e-09}. Best is trial 0 with value: 0.55.
[I 2026-04-13 13:03:37,840] Trial 22 finished with value: 0.55 and parameters: {'var_smoothing': 4.537628481410357e-09}. Best is trial 0 with value: 0.55.
[I 2026-04-13 13:03:37,868] Trial 23 finished with value: 0.55 and parameters: {'var_smoothing': 6.750528289210463e-09}. Best is trial 0 with value: 0.55.
[I 2026-04-13 13:03:37,888] Trial 24 finished with value: 0.55 and parameters: {'var_smoothing': 2.2780337647355764e-09}. Best is trial 0 with value: 0.55.
[I 2026-04-13 13:03:37,907] Trial 25 finished with value: 0.55 and parameters: {'var_smoothing': 3.986918574074946e-09}. Best is trial 0 with value: 0.55.
[I 2026-04-13 13:03:37,923] Trial 26 finished with value: 0.55 and parameters: {'var_smoothing': 1.7707565248297843e-09}. Best is trial 0 with value: 0.55.
[I 2026-04-13 13:03:37,939] Trial 27 finished with value: 0.55 and parameters: {'var_smoothing': 6.732492847962814e-09}. Best is trial 0 with value: 0.55.
[I 2026-04-13 13:03:37,955] Trial 28 finished with value: 0.55 and parameters: {'var_smoothing': 3.8684773890893174e-10}. Best is trial 0 with value: 0.55.
[I 2026-04-13 13:03:37,972] Trial 29 finished with value: 0.55 and parameters: {'var_smoothing': 1.5480090897085013e-09}. Best is trial 0 with value: 0.55.
[I 2026-04-13 13:03:38,014] A new study created in memory with name: logreg
[I 2026-04-13 13:03:38,038] Trial 0 finished with value: 0.6 and parameters: {'C': 23.288794782471303, 'penalty': 'l2'}. Best is trial 0 with value: 0.6.
[I 2026-04-13 13:03:38,074] Trial 1 finished with value: 0.6 and parameters: {'C': 69.61507800412923, 'penalty': 'l2'}. Best is trial 0 with value: 0.6.
[I 2026-04-13 13:03:38,098] Trial 2 finished with value: 0.6 and parameters: {'C': 22.180569925473442, 'penalty': 'l2'}. Best is trial 0 with value: 0.6.
[I 2026-04-13 13:03:38,123] Trial 3 finished with value: 0.55 and parameters: {'C': 0.4511058486037652, 'penalty': 'l2'}. Best is trial 0 with value: 0.6.
[I 2026-04-13 13:03:38,148] Trial 4 finished with value: 0.5 and parameters: {'C': 0.014576110093994574, 'penalty': 'l2'}. Best is trial 0 with value: 0.6.
[I 2026-04-13 13:03:38,163] Trial 5 finished with value: 0.55 and parameters: {'C': 0.0011402340906886685, 'penalty': 'l2'}. Best is trial 0 with value: 0.6.
[I 2026-04-13 13:03:38,188] Trial 6 finished with value: 0.5 and parameters: {'C': 0.14201822862985758, 'penalty': 'l2'}. Best is trial 0 with value: 0.6.
[I 2026-04-13 13:03:38,203] Trial 7 finished with value: 0.5 and parameters: {'C': 0.1027440782219989, 'penalty': 'l2'}. Best is trial 0 with value: 0.6.
[I 2026-04-13 13:03:38,229] Trial 8 finished with value: 0.55 and parameters: {'C': 0.41055690122086846, 'penalty': 'l2'}. Best is trial 0 with value: 0.6.
[I 2026-04-13 13:03:38,255] Trial 9 finished with value: 0.6 and parameters: {'C': 0.24658064201770763, 'penalty': 'l2'}. Best is trial 0 with value: 0.6.
[I 2026-04-13 13:03:38,283] Trial 10 finished with value: 0.55 and parameters: {'C': 5.817250906722227, 'penalty': 'l2'}. Best is trial 0 with value: 0.6.
[I 2026-04-13 13:03:38,331] Trial 11 finished with value: 0.6 and parameters: {'C': 65.32501288941612, 'penalty': 'l2'}. Best is trial 0 with value: 0.6.
[I 2026-04-13 13:03:38,360] Trial 12 finished with value: 0.55 and parameters: {'C': 4.377709439924529, 'penalty': 'l2'}. Best is trial 0 with value: 0.6.
[I 2026-04-13 13:03:38,401] Trial 13 finished with value: 0.6 and parameters: {'C': 82.7447055757053, 'penalty': 'l2'}. Best is trial 0 with value: 0.6.
[I 2026-04-13 13:03:38,442] Trial 14 finished with value: 0.55 and parameters: {'C': 5.484053936900719, 'penalty': 'l2'}. Best is trial 0 with value: 0.6.
[I 2026-04-13 13:03:38,471] Trial 15 finished with value: 0.6 and parameters: {'C': 19.720857672047558, 'penalty': 'l2'}. Best is trial 0 with value: 0.6.
[I 2026-04-13 13:03:38,498] Trial 16 finished with value: 0.55 and parameters: {'C': 1.8557156226210034, 'penalty': 'l2'}. Best is trial 0 with value: 0.6.
[I 2026-04-13 13:03:38,527] Trial 17 finished with value: 0.6 and parameters: {'C': 26.516932569464544, 'penalty': 'l2'}. Best is trial 0 with value: 0.6.
[I 2026-04-13 13:03:38,555] Trial 18 finished with value: 0.55 and parameters: {'C': 1.188244763655516, 'penalty': 'l2'}. Best is trial 0 with value: 0.6.
[I 2026-04-13 13:03:38,584] Trial 19 finished with value: 0.55 and parameters: {'C': 12.093447142589671, 'penalty': 'l2'}. Best is trial 0 with value: 0.6.
[I 2026-04-13 13:03:38,623] Trial 20 finished with value: 0.6 and parameters: {'C': 95.89596440448501, 'penalty': 'l2'}. Best is trial 0 with value: 0.6.
[I 2026-04-13 13:03:38,652] Trial 21 finished with value: 0.6 and parameters: {'C': 28.44943793229338, 'penalty': 'l2'}. Best is trial 0 with value: 0.6.
[I 2026-04-13 13:03:38,692] Trial 22 finished with value: 0.55 and parameters: {'C': 13.869868316172683, 'penalty': 'l2'}. Best is trial 0 with value: 0.6.
[I 2026-04-13 13:03:38,731] Trial 23 finished with value: 0.6 and parameters: {'C': 37.440738291089126, 'penalty': 'l2'}. Best is trial 0 with value: 0.6.
[I 2026-04-13 13:03:38,760] Trial 24 finished with value: 0.55 and parameters: {'C': 2.47685391214756, 'penalty': 'l2'}. Best is trial 0 with value: 0.6.
[I 2026-04-13 13:03:38,799] Trial 25 finished with value: 0.55 and parameters: {'C': 10.036757127704108, 'penalty': 'l2'}. Best is trial 0 with value: 0.6.
[I 2026-04-13 13:03:38,828] Trial 26 finished with value: 0.55 and parameters: {'C': 1.3194627280974967, 'penalty': 'l2'}. Best is trial 0 with value: 0.6.
[I 2026-04-13 13:03:38,867] Trial 27 finished with value: 0.6 and parameters: {'C': 37.191162355747906, 'penalty': 'l2'}. Best is trial 0 with value: 0.6.
[I 2026-04-13 13:03:38,896] Trial 28 finished with value: 0.5 and parameters: {'C': 0.029434059060519695, 'penalty': 'l2'}. Best is trial 0 with value: 0.6.
[I 2026-04-13 13:03:38,925] Trial 29 finished with value: 0.55 and parameters: {'C': 0.9428308103218245, 'penalty': 'l2'}. Best is trial 0 with value: 0.6.
[I 2026-04-13 13:03:38,978] A new study created in memory with name: knn
[I 2026-04-13 13:03:38,993] Trial 0 finished with value: 0.6 and parameters: {'n_neighbors': 9, 'leaf_size': 40, 'p': 1}. Best is trial 0 with value: 0.6.
[I 2026-04-13 13:03:39,007] Trial 1 finished with value: 0.35 and parameters: {'n_neighbors': 4, 'leaf_size': 20, 'p': 1}. Best is trial 0 with value: 0.6.
[I 2026-04-13 13:03:39,020] Trial 2 finished with value: 0.55 and parameters: {'n_neighbors': 7, 'leaf_size': 30, 'p': 1}. Best is trial 0 with value: 0.6.
[I 2026-04-13 13:03:39,035] Trial 3 finished with value: 0.6 and parameters: {'n_neighbors': 9, 'leaf_size': 34, 'p': 1}. Best is trial 0 with value: 0.6.
[I 2026-04-13 13:03:39,048] Trial 4 finished with value: 0.6 and parameters: {'n_neighbors': 5, 'leaf_size': 40, 'p': 1}. Best is trial 0 with value: 0.6.
[I 2026-04-13 13:03:39,064] Trial 5 finished with value: 0.45 and parameters: {'n_neighbors': 3, 'leaf_size': 40, 'p': 2}. Best is trial 0 with value: 0.6.
[I 2026-04-13 13:03:39,087] Trial 6 finished with value: 0.45 and parameters: {'n_neighbors': 3, 'leaf_size': 24, 'p': 2}. Best is trial 0 with value: 0.6.
[I 2026-04-13 13:03:39,100] Trial 7 finished with value: 0.6 and parameters: {'n_neighbors': 5, 'leaf_size': 40, 'p': 2}. Best is trial 0 with value: 0.6.
[I 2026-04-13 13:03:39,113] Trial 8 finished with value: 0.55 and parameters: {'n_neighbors': 6, 'leaf_size': 36, 'p': 1}. Best is trial 0 with value: 0.6.
[I 2026-04-13 13:03:39,128] Trial 9 finished with value: 0.55 and parameters: {'n_neighbors': 6, 'leaf_size': 25, 'p': 1}. Best is trial 0 with value: 0.6.
[I 2026-04-13 13:03:39,150] Trial 10 finished with value: 0.6 and parameters: {'n_neighbors': 10, 'leaf_size': 32, 'p': 2}. Best is trial 0 with value: 0.6.
[I 2026-04-13 13:03:39,171] Trial 11 finished with value: 0.6 and parameters: {'n_neighbors': 9, 'leaf_size': 35, 'p': 1}. Best is trial 0 with value: 0.6.
[I 2026-04-13 13:03:39,193] Trial 12 finished with value: 0.5 and parameters: {'n_neighbors': 8, 'leaf_size': 35, 'p': 1}. Best is trial 0 with value: 0.6.
[I 2026-04-13 13:03:39,213] Trial 13 finished with value: 0.6 and parameters: {'n_neighbors': 10, 'leaf_size': 31, 'p': 1}. Best is trial 0 with value: 0.6.
[I 2026-04-13 13:03:39,249] Trial 14 finished with value: 0.5 and parameters: {'n_neighbors': 8, 'leaf_size': 37, 'p': 1}. Best is trial 0 with value: 0.6.
[I 2026-04-13 13:03:39,271] Trial 15 finished with value: 0.6 and parameters: {'n_neighbors': 9, 'leaf_size': 28, 'p': 1}. Best is trial 0 with value: 0.6.
[I 2026-04-13 13:03:39,297] Trial 16 finished with value: 0.5 and parameters: {'n_neighbors': 8, 'leaf_size': 34, 'p': 1}. Best is trial 0 with value: 0.6.
[I 2026-04-13 13:03:39,321] Trial 17 finished with value: 0.6 and parameters: {'n_neighbors': 9, 'leaf_size': 38, 'p': 1}. Best is trial 0 with value: 0.6.
[I 2026-04-13 13:03:39,349] Trial 18 finished with value: 0.6 and parameters: {'n_neighbors': 7, 'leaf_size': 33, 'p': 2}. Best is trial 0 with value: 0.6.
[I 2026-04-13 13:03:39,385] Trial 19 finished with value: 0.6 and parameters: {'n_neighbors': 10, 'leaf_size': 28, 'p': 1}. Best is trial 0 with value: 0.6.
[I 2026-04-13 13:03:39,409] Trial 20 finished with value: 0.6 and parameters: {'n_neighbors': 9, 'leaf_size': 38, 'p': 1}. Best is trial 0 with value: 0.6.
[I 2026-04-13 13:03:39,433] Trial 21 finished with value: 0.6 and parameters: {'n_neighbors': 5, 'leaf_size': 40, 'p': 1}. Best is trial 0 with value: 0.6.
[I 2026-04-13 13:03:39,461] Trial 22 finished with value: 0.6 and parameters: {'n_neighbors': 5, 'leaf_size': 38, 'p': 1}. Best is trial 0 with value: 0.6.
[I 2026-04-13 13:03:39,498] Trial 23 finished with value: 0.35 and parameters: {'n_neighbors': 4, 'leaf_size': 37, 'p': 1}. Best is trial 0 with value: 0.6.
[I 2026-04-13 13:03:39,531] Trial 24 finished with value: 0.55 and parameters: {'n_neighbors': 7, 'leaf_size': 40, 'p': 1}. Best is trial 0 with value: 0.6.
[I 2026-04-13 13:03:39,566] Trial 25 finished with value: 0.5 and parameters: {'n_neighbors': 8, 'leaf_size': 34, 'p': 1}. Best is trial 0 with value: 0.6.
[I 2026-04-13 13:03:39,595] Trial 26 finished with value: 0.55 and parameters: {'n_neighbors': 6, 'leaf_size': 38, 'p': 2}. Best is trial 0 with value: 0.6.
[I 2026-04-13 13:03:39,616] Trial 27 finished with value: 0.35 and parameters: {'n_neighbors': 4, 'leaf_size': 36, 'p': 1}. Best is trial 0 with value: 0.6.
[I 2026-04-13 13:03:39,642] Trial 28 finished with value: 0.6 and parameters: {'n_neighbors': 10, 'leaf_size': 29, 'p': 1}. Best is trial 0 with value: 0.6.
[I 2026-04-13 13:03:39,667] Trial 29 finished with value: 0.6 and parameters: {'n_neighbors': 5, 'leaf_size': 20, 'p': 1}. Best is trial 0 with value: 0.6.
[I 2026-04-13 13:03:39,707] A new study created in memory with name: xgb
[I 2026-04-13 13:03:39,742] Trial 0 finished with value: 0.45 and parameters: {'n_estimators': 40, 'max_depth': 5, 'gamma': 0.4874219364632415, 'subsample': 0.7011756800186824, 'colsample_bytree': 0.7613373356762848}. Best is trial 0 with value: 0.45.
[I 2026-04-13 13:03:39,780] Trial 1 finished with value: 0.5 and parameters: {'n_estimators': 40, 'max_depth': 5, 'gamma': 0.483482593428573, 'subsample': 0.6445375140090439, 'colsample_bytree': 0.9869276206002231}. Best is trial 1 with value: 0.5.
[I 2026-04-13 13:03:39,807] Trial 2 finished with value: 0.45 and parameters: {'n_estimators': 10, 'max_depth': 5, 'gamma': 0.16384856027517886, 'subsample': 0.6123849694840227, 'colsample_bytree': 0.6968174574718025}. Best is trial 1 with value: 0.5.
[I 2026-04-13 13:03:39,855] Trial 3 finished with value: 0.5 and parameters: {'n_estimators': 100, 'max_depth': 30, 'gamma': 0.7877441182293641, 'subsample': 0.9694019566553859, 'colsample_bytree': 0.6598448982335139}. Best is trial 1 with value: 0.5.
