[I 2026-04-13 12:53:04,529] Trial 19 finished with value: 0.35 and parameters: {'n_estimators': 10, 'max_depth': 20, 'gamma': 0.7255785369293373, 'subsample': 0.8118501961186426, 'colsample_bytree': 0.5381051279582348}. Best is trial 5 with value: 0.4.
[I 2026-04-13 12:53:04,583] Trial 20 finished with value: 0.3 and parameters: {'n_estimators': 40, 'max_depth': 30, 'gamma': 0.45877778302962907, 'subsample': 0.6414218733261785, 'colsample_bytree': 0.8803558534234343}. Best is trial 5 with value: 0.4.
[I 2026-04-13 12:53:04,651] Trial 21 finished with value: 0.35 and parameters: {'n_estimators': 40, 'max_depth': 5, 'gamma': 0.5131733870615884, 'subsample': 0.7171639339089092, 'colsample_bytree': 0.5601124980024308}. Best is trial 5 with value: 0.4.
[I 2026-04-13 12:53:04,722] Trial 22 finished with value: 0.35 and parameters: {'n_estimators': 40, 'max_depth': 5, 'gamma': 0.30472493858003624, 'subsample': 0.6771982938176091, 'colsample_bytree': 0.5296611431934517}. Best is trial 5 with value: 0.4.
[I 2026-04-13 12:53:04,770] Trial 23 finished with value: 0.3 and parameters: {'n_estimators': 40, 'max_depth': 5, 'gamma': 0.10626253424893489, 'subsample': 0.776241882998718, 'colsample_bytree': 0.6125051733011248}. Best is trial 5 with value: 0.4.
[I 2026-04-13 12:53:04,836] Trial 24 finished with value: 0.15 and parameters: {'n_estimators': 40, 'max_depth': 5, 'gamma': 0.4538980173462365, 'subsample': 0.885284120110087, 'colsample_bytree': 0.6959526580881089}. Best is trial 5 with value: 0.4.
[I 2026-04-13 12:53:04,902] Trial 25 finished with value: 0.3 and parameters: {'n_estimators': 40, 'max_depth': 5, 'gamma': 0.5882211906920883, 'subsample': 0.6017963831359618, 'colsample_bytree': 0.5760363904900527}. Best is trial 5 with value: 0.4.
[I 2026-04-13 12:53:04,967] Trial 26 finished with value: 0.3 and parameters: {'n_estimators': 40, 'max_depth': 5, 'gamma': 0.5257358630035679, 'subsample': 0.6627066033108193, 'colsample_bytree': 0.5281168768747089}. Best is trial 5 with value: 0.4.
[I 2026-04-13 12:53:05,039] Trial 27 finished with value: 0.35 and parameters: {'n_estimators': 40, 'max_depth': 5, 'gamma': 0.7235581707197154, 'subsample': 0.7177009525193806, 'colsample_bytree': 0.6802950211670709}. Best is trial 5 with value: 0.4.
[I 2026-04-13 12:53:05,110] Trial 28 finished with value: 0.35 and parameters: {'n_estimators': 10, 'max_depth': 20, 'gamma': 0.4423382292843087, 'subsample': 0.5413224146101666, 'colsample_bytree': 0.7512496545859219}. Best is trial 5 with value: 0.4.
[I 2026-04-13 12:53:05,190] Trial 29 finished with value: 0.4 and parameters: {'n_estimators': 100, 'max_depth': 30, 'gamma': 0.8972464177448476, 'subsample': 0.7828703620035995, 'colsample_bytree': 0.6111576182158771}. Best is trial 5 with value: 0.4.
[I 2026-04-13 12:53:06,094] A new study created in memory with name: rf
[I 2026-04-13 12:53:06,339] Trial 0 finished with value: 0.5 and parameters: {'n_estimators': 189, 'max_depth': 18, 'min_samples_split': 3, 'min_samples_leaf': 10}. Best is trial 0 with value: 0.5.
[I 2026-04-13 12:53:06,746] Trial 1 finished with value: 0.4 and parameters: {'n_estimators': 295, 'max_depth': 14, 'min_samples_split': 8, 'min_samples_leaf': 6}. Best is trial 0 with value: 0.5.
[I 2026-04-13 12:53:07,083] Trial 2 finished with value: 0.5 and parameters: {'n_estimators': 219, 'max_depth': 6, 'min_samples_split': 2, 'min_samples_leaf': 8}. Best is trial 0 with value: 0.5.
[I 2026-04-13 12:53:07,469] Trial 3 finished with value: 0.35 and parameters: {'n_estimators': 276, 'max_depth': 5, 'min_samples_split': 9, 'min_samples_leaf': 3}. Best is trial 0 with value: 0.5.
[I 2026-04-13 12:53:07,797] Trial 4 finished with value: 0.45 and parameters: {'n_estimators': 266, 'max_depth': 8, 'min_samples_split': 7, 'min_samples_leaf': 6}. Best is trial 0 with value: 0.5.
[I 2026-04-13 12:53:08,229] Trial 5 finished with value: 0.35 and parameters: {'n_estimators': 340, 'max_depth': 7, 'min_samples_split': 4, 'min_samples_leaf': 3}. Best is trial 0 with value: 0.5.
[I 2026-04-13 12:53:08,576] Trial 6 finished with value: 0.5 and parameters: {'n_estimators': 231, 'max_depth': 5, 'min_samples_split': 3, 'min_samples_leaf': 10}. Best is trial 0 with value: 0.5.
[I 2026-04-13 12:53:09,148] Trial 7 finished with value: 0.3 and parameters: {'n_estimators': 485, 'max_depth': 6, 'min_samples_split': 2, 'min_samples_leaf': 3}. Best is trial 0 with value: 0.5.
[I 2026-04-13 12:53:09,667] Trial 8 finished with value: 0.45 and parameters: {'n_estimators': 380, 'max_depth': 17, 'min_samples_split': 2, 'min_samples_leaf': 6}. Best is trial 0 with value: 0.5.
[I 2026-04-13 12:53:09,846] Trial 9 finished with value: 0.5 and parameters: {'n_estimators': 100, 'max_depth': 12, 'min_samples_split': 7, 'min_samples_leaf': 10}. Best is trial 0 with value: 0.5.
[I 2026-04-13 12:53:10,034] Trial 10 finished with value: 0.5 and parameters: {'n_estimators': 110, 'max_depth': 20, 'min_samples_split': 5, 'min_samples_leaf': 8}. Best is trial 0 with value: 0.5.
[I 2026-04-13 12:53:10,295] Trial 11 finished with value: 0.5 and parameters: {'n_estimators': 175, 'max_depth': 10, 'min_samples_split': 4, 'min_samples_leaf': 8}. Best is trial 0 with value: 0.5.
[I 2026-04-13 12:53:10,639] Trial 12 finished with value: 0.5 and parameters: {'n_estimators': 184, 'max_depth': 3, 'min_samples_split': 2, 'min_samples_leaf': 8}. Best is trial 0 with value: 0.5.
[I 2026-04-13 12:53:10,900] Trial 13 finished with value: 0.5 and parameters: {'n_estimators': 201, 'max_depth': 15, 'min_samples_split': 5, 'min_samples_leaf': 9}. Best is trial 0 with value: 0.5.
[I 2026-04-13 12:53:11,172] Trial 14 finished with value: 0.15 and parameters: {'n_estimators': 154, 'max_depth': 20, 'min_samples_split': 3, 'min_samples_leaf': 1}. Best is trial 0 with value: 0.5.
[I 2026-04-13 12:53:11,553] Trial 15 finished with value: 0.5 and parameters: {'n_estimators': 235, 'max_depth': 17, 'min_samples_split': 4, 'min_samples_leaf': 9}. Best is trial 0 with value: 0.5.
[I 2026-04-13 12:53:12,012] Trial 16 finished with value: 0.5 and parameters: {'n_estimators': 354, 'max_depth': 10, 'min_samples_split': 10, 'min_samples_leaf': 7}. Best is trial 0 with value: 0.5.
[I 2026-04-13 12:53:12,580] Trial 17 finished with value: 0.5 and parameters: {'n_estimators': 417, 'max_depth': 12, 'min_samples_split': 3, 'min_samples_leaf': 10}. Best is trial 0 with value: 0.5.
[I 2026-04-13 12:53:12,869] Trial 18 finished with value: 0.5 and parameters: {'n_estimators': 135, 'max_depth': 3, 'min_samples_split': 6, 'min_samples_leaf': 9}. Best is trial 0 with value: 0.5.
[I 2026-04-13 12:53:13,153] Trial 19 finished with value: 0.4 and parameters: {'n_estimators': 224, 'max_depth': 9, 'min_samples_split': 5, 'min_samples_leaf': 5}. Best is trial 0 with value: 0.5.
[I 2026-04-13 12:53:13,533] Trial 20 finished with value: 0.5 and parameters: {'n_estimators': 253, 'max_depth': 18, 'min_samples_split': 3, 'min_samples_leaf': 7}. Best is trial 0 with value: 0.5.
[I 2026-04-13 12:53:13,862] Trial 21 finished with value: 0.5 and parameters: {'n_estimators': 214, 'max_depth': 5, 'min_samples_split': 3, 'min_samples_leaf': 10}. Best is trial 0 with value: 0.5.
[I 2026-04-13 12:53:14,263] Trial 22 finished with value: 0.5 and parameters: {'n_estimators': 320, 'max_depth': 5, 'min_samples_split': 2, 'min_samples_leaf': 10}. Best is trial 0 with value: 0.5.
[I 2026-04-13 12:53:14,535] Trial 23 finished with value: 0.5 and parameters: {'n_estimators': 167, 'max_depth': 14, 'min_samples_split': 4, 'min_samples_leaf': 9}. Best is trial 0 with value: 0.5.
[I 2026-04-13 12:53:14,891] Trial 24 finished with value: 0.5 and parameters: {'n_estimators': 241, 'max_depth': 3, 'min_samples_split': 3, 'min_samples_leaf': 8}. Best is trial 0 with value: 0.5.
[I 2026-04-13 12:53:15,090] Trial 25 finished with value: 0.5 and parameters: {'n_estimators': 137, 'max_depth': 7, 'min_samples_split': 2, 'min_samples_leaf': 10}. Best is trial 0 with value: 0.5.
[I 2026-04-13 12:53:15,526] Trial 26 finished with value: 0.5 and parameters: {'n_estimators': 287, 'max_depth': 11, 'min_samples_split': 6, 'min_samples_leaf': 7}. Best is trial 0 with value: 0.5.
[I 2026-04-13 12:53:15,868] Trial 27 finished with value: 0.5 and parameters: {'n_estimators': 201, 'max_depth': 8, 'min_samples_split': 3, 'min_samples_leaf': 9}. Best is trial 0 with value: 0.5.
[I 2026-04-13 12:53:16,167] Trial 28 finished with value: 0.35 and parameters: {'n_estimators': 196, 'max_depth': 4, 'min_samples_split': 4, 'min_samples_leaf': 5}. Best is trial 0 with value: 0.5.
[I 2026-04-13 12:53:16,572] Trial 29 finished with value: 0.5 and parameters: {'n_estimators': 294, 'max_depth': 15, 'min_samples_split': 2, 'min_samples_leaf': 9}. Best is trial 0 with value: 0.5.
[I 2026-04-13 12:53:17,667] A new study created in memory with name: mlp
[I 2026-04-13 12:53:17,721] Trial 0 finished with value: 0.35 and parameters: {'hidden_layer_sizes': (200,), 'max_iter': 50, 'alpha': 0.001}. Best is trial 0 with value: 0.35.
[I 2026-04-13 12:53:17,777] Trial 1 finished with value: 0.35 and parameters: {'hidden_layer_sizes': (100,), 'max_iter': 100, 'alpha': 0.0001}. Best is trial 0 with value: 0.35.
[I 2026-04-13 12:53:17,864] Trial 2 finished with value: 0.35 and parameters: {'hidden_layer_sizes': (100,), 'max_iter': 100, 'alpha': 0.001}. Best is trial 0 with value: 0.35.
[I 2026-04-13 12:53:17,929] Trial 3 finished with value: 0.35 and parameters: {'hidden_layer_sizes': (200,), 'max_iter': 50, 'alpha': 0.001}. Best is trial 0 with value: 0.35.
[I 2026-04-13 12:53:18,006] Trial 4 finished with value: 0.35 and parameters: {'hidden_layer_sizes': (100,), 'max_iter': 100, 'alpha': 0.0001}. Best is trial 0 with value: 0.35.
[I 2026-04-13 12:53:18,070] Trial 5 finished with value: 0.35 and parameters: {'hidden_layer_sizes': (100,), 'max_iter': 100, 'alpha': 0.001}. Best is trial 0 with value: 0.35.
[I 2026-04-13 12:53:18,148] Trial 6 finished with value: 0.35 and parameters: {'hidden_layer_sizes': (200,), 'max_iter': 100, 'alpha': 0.001}. Best is trial 0 with value: 0.35.
[I 2026-04-13 12:53:18,213] Trial 7 finished with value: 0.35 and parameters: {'hidden_layer_sizes': (200,), 'max_iter': 100, 'alpha': 0.001}. Best is trial 0 with value: 0.35.
[I 2026-04-13 12:53:18,277] Trial 8 finished with value: 0.35 and parameters: {'hidden_layer_sizes': (100,), 'max_iter': 100, 'alpha': 0.001}. Best is trial 0 with value: 0.35.
[I 2026-04-13 12:53:18,322] Trial 9 finished with value: 0.35 and parameters: {'hidden_layer_sizes': (100,), 'max_iter': 50, 'alpha': 0.001}. Best is trial 0 with value: 0.35.
[I 2026-04-13 12:53:18,367] Trial 10 finished with value: 0.4 and parameters: {'hidden_layer_sizes': (100, 100), 'max_iter': 50, 'alpha': 0.0001}. Best is trial 10 with value: 0.4.
[I 2026-04-13 12:53:18,415] Trial 11 finished with value: 0.35 and parameters: {'hidden_layer_sizes': (100, 100), 'max_iter': 50, 'alpha': 0.0001}. Best is trial 10 with value: 0.4.
[I 2026-04-13 12:53:18,473] Trial 12 finished with value: 0.35 and parameters: {'hidden_layer_sizes': (100, 100), 'max_iter': 50, 'alpha': 0.0001}. Best is trial 10 with value: 0.4.
[I 2026-04-13 12:53:18,532] Trial 13 finished with value: 0.4 and parameters: {'hidden_layer_sizes': (100, 100), 'max_iter': 50, 'alpha': 0.0001}. Best is trial 10 with value: 0.4.
[I 2026-04-13 12:53:18,591] Trial 14 finished with value: 0.35 and parameters: {'hidden_layer_sizes': (100, 100), 'max_iter': 50, 'alpha': 0.0001}. Best is trial 10 with value: 0.4.
[I 2026-04-13 12:53:18,649] Trial 15 finished with value: 0.45 and parameters: {'hidden_layer_sizes': (100, 100), 'max_iter': 50, 'alpha': 0.0001}. Best is trial 15 with value: 0.45.
[I 2026-04-13 12:53:18,710] Trial 16 finished with value: 0.35 and parameters: {'hidden_layer_sizes': (100, 100), 'max_iter': 50, 'alpha': 0.0001}. Best is trial 15 with value: 0.45.
[I 2026-04-13 12:53:18,754] Trial 17 finished with value: 0.4 and parameters: {'hidden_layer_sizes': (100, 100), 'max_iter': 50, 'alpha': 0.0001}. Best is trial 15 with value: 0.45.
[I 2026-04-13 12:53:18,808] Trial 18 finished with value: 0.35 and parameters: {'hidden_layer_sizes': (100, 100), 'max_iter': 50, 'alpha': 0.0001}. Best is trial 15 with value: 0.45.
[I 2026-04-13 12:53:18,853] Trial 19 finished with value: 0.35 and parameters: {'hidden_layer_sizes': (100, 100), 'max_iter': 50, 'alpha': 0.0001}. Best is trial 15 with value: 0.45.
[I 2026-04-13 12:53:18,921] Trial 20 finished with value: 0.4 and parameters: {'hidden_layer_sizes': (100, 100), 'max_iter': 50, 'alpha': 0.0001}. Best is trial 15 with value: 0.45.
[I 2026-04-13 12:53:18,989] Trial 21 finished with value: 0.35 and parameters: {'hidden_layer_sizes': (100, 100), 'max_iter': 50, 'alpha': 0.0001}. Best is trial 15 with value: 0.45.
[I 2026-04-13 12:53:19,045] Trial 22 finished with value: 0.3 and parameters: {'hidden_layer_sizes': (100, 100), 'max_iter': 50, 'alpha': 0.0001}. Best is trial 15 with value: 0.45.
[I 2026-04-13 12:53:19,093] Trial 23 finished with value: 0.4 and parameters: {'hidden_layer_sizes': (100, 100), 'max_iter': 50, 'alpha': 0.0001}. Best is trial 15 with value: 0.45.
[I 2026-04-13 12:53:19,149] Trial 24 finished with value: 0.35 and parameters: {'hidden_layer_sizes': (100, 100), 'max_iter': 50, 'alpha': 0.0001}. Best is trial 15 with value: 0.45.
[I 2026-04-13 12:53:19,199] Trial 25 finished with value: 0.4 and parameters: {'hidden_layer_sizes': (100, 100), 'max_iter': 50, 'alpha': 0.0001}. Best is trial 15 with value: 0.45.
[I 2026-04-13 12:53:19,262] Trial 26 finished with value: 0.35 and parameters: {'hidden_layer_sizes': (100, 100), 'max_iter': 50, 'alpha': 0.0001}. Best is trial 15 with value: 0.45.
[I 2026-04-13 12:53:19,318] Trial 27 finished with value: 0.35 and parameters: {'hidden_layer_sizes': (100, 100), 'max_iter': 50, 'alpha': 0.0001}. Best is trial 15 with value: 0.45.
[I 2026-04-13 12:53:19,378] Trial 28 finished with value: 0.35 and parameters: {'hidden_layer_sizes': (100, 100), 'max_iter': 50, 'alpha': 0.0001}. Best is trial 15 with value: 0.45.
[I 2026-04-13 12:53:19,427] Trial 29 finished with value: 0.35 and parameters: {'hidden_layer_sizes': (200,), 'max_iter': 50, 'alpha': 0.0001}. Best is trial 15 with value: 0.45.
[I 2026-04-13 12:53:19,626] A new study created in memory with name: naive_bayes
[I 2026-04-13 12:53:19,641] Trial 0 finished with value: 0.4 and parameters: {'var_smoothing': 2.7796258518939306e-10}. Best is trial 0 with value: 0.4.
[I 2026-04-13 12:53:19,654] Trial 1 finished with value: 0.4 and parameters: {'var_smoothing': 5.513972710118387e-09}. Best is trial 0 with value: 0.4.
[I 2026-04-13 12:53:19,666] Trial 2 finished with value: 0.4 and parameters: {'var_smoothing': 2.590826381512706e-10}. Best is trial 0 with value: 0.4.
[I 2026-04-13 12:53:19,678] Trial 3 finished with value: 0.4 and parameters: {'var_smoothing': 6.874194498027403e-09}. Best is trial 0 with value: 0.4.
[I 2026-04-13 12:53:19,691] Trial 4 finished with value: 0.4 and parameters: {'var_smoothing': 9.480306482679771e-10}. Best is trial 0 with value: 0.4.
[I 2026-04-13 12:53:19,705] Trial 5 finished with value: 0.4 and parameters: {'var_smoothing': 1.6729683536668864e-09}. Best is trial 0 with value: 0.4.
[I 2026-04-13 12:53:19,728] Trial 6 finished with value: 0.4 and parameters: {'var_smoothing': 3.402637726935598e-09}. Best is trial 0 with value: 0.4.
[I 2026-04-13 12:53:19,742] Trial 7 finished with value: 0.4 and parameters: {'var_smoothing': 1.0885189040847657e-09}. Best is trial 0 with value: 0.4.
[I 2026-04-13 12:53:19,754] Trial 8 finished with value: 0.4 and parameters: {'var_smoothing': 3.922843686541149e-10}. Best is trial 0 with value: 0.4.
[I 2026-04-13 12:53:19,767] Trial 9 finished with value: 0.4 and parameters: {'var_smoothing': 2.3737908819373785e-10}. Best is trial 0 with value: 0.4.
[I 2026-04-13 12:53:19,791] Trial 10 finished with value: 0.4 and parameters: {'var_smoothing': 1.005826617097841e-10}. Best is trial 0 with value: 0.4.
[I 2026-04-13 12:53:19,806] Trial 11 finished with value: 0.4 and parameters: {'var_smoothing': 8.246040091550826e-09}. Best is trial 0 with value: 0.4.
[I 2026-04-13 12:53:19,824] Trial 12 finished with value: 0.4 and parameters: {'var_smoothing': 5.714429769091136e-10}. Best is trial 0 with value: 0.4.
[I 2026-04-13 12:53:19,841] Trial 13 finished with value: 0.4 and parameters: {'var_smoothing': 3.0046394488828834e-09}. Best is trial 0 with value: 0.4.
[I 2026-04-13 12:53:19,861] Trial 14 finished with value: 0.4 and parameters: {'var_smoothing': 1.0161521526134228e-10}. Best is trial 0 with value: 0.4.
[I 2026-04-13 12:53:19,891] Trial 15 finished with value: 0.4 and parameters: {'var_smoothing': 3.455011319435438e-09}. Best is trial 0 with value: 0.4.
[I 2026-04-13 12:53:19,909] Trial 16 finished with value: 0.4 and parameters: {'var_smoothing': 2.2038800241203009e-10}. Best is trial 0 with value: 0.4.
[I 2026-04-13 12:53:19,926] Trial 17 finished with value: 0.4 and parameters: {'var_smoothing': 1.8515987176145925e-09}. Best is trial 0 with value: 0.4.
[I 2026-04-13 12:53:19,945] Trial 18 finished with value: 0.4 and parameters: {'var_smoothing': 5.024285700153026e-10}. Best is trial 0 with value: 0.4.
[I 2026-04-13 12:53:19,965] Trial 19 finished with value: 0.4 and parameters: {'var_smoothing': 4.958025424412893e-09}. Best is trial 0 with value: 0.4.
[I 2026-04-13 12:53:19,980] Trial 20 finished with value: 0.4 and parameters: {'var_smoothing': 8.344000526157384e-10}. Best is trial 0 with value: 0.4.
[I 2026-04-13 12:53:19,997] Trial 21 finished with value: 0.4 and parameters: {'var_smoothing': 2.46080689865309e-10}. Best is trial 0 with value: 0.4.
[I 2026-04-13 12:53:20,037] Trial 22 finished with value: 0.4 and parameters: {'var_smoothing': 1.4445108350594728e-10}. Best is trial 0 with value: 0.4.
[I 2026-04-13 12:53:20,058] Trial 23 finished with value: 0.4 and parameters: {'var_smoothing': 3.3715577896606737e-10}. Best is trial 0 with value: 0.4.
[I 2026-04-13 12:53:20,089] Trial 24 finished with value: 0.4 and parameters: {'var_smoothing': 1.572466431855027e-10}. Best is trial 0 with value: 0.4.
[I 2026-04-13 12:53:20,106] Trial 25 finished with value: 0.4 and parameters: {'var_smoothing': 7.281746293576245e-10}. Best is trial 0 with value: 0.4.
[I 2026-04-13 12:53:20,135] Trial 26 finished with value: 0.4 and parameters: {'var_smoothing': 3.386254640873244e-10}. Best is trial 0 with value: 0.4.
[I 2026-04-13 12:53:20,163] Trial 27 finished with value: 0.4 and parameters: {'var_smoothing': 1.3918180959975328e-09}. Best is trial 0 with value: 0.4.
[I 2026-04-13 12:53:20,186] Trial 28 finished with value: 0.4 and parameters: {'var_smoothing': 2.3715836084533434e-09}. Best is trial 0 with value: 0.4.
[I 2026-04-13 12:53:20,207] Trial 29 finished with value: 0.4 and parameters: {'var_smoothing': 9.477075781575649e-09}. Best is trial 0 with value: 0.4.
[I 2026-04-13 12:53:20,860] A new study created in memory with name: logreg
[I 2026-04-13 12:53:20,885] Trial 0 finished with value: 0.6 and parameters: {'C': 0.012881482725481003, 'penalty': 'l2'}. Best is trial 0 with value: 0.6.
[I 2026-04-13 12:53:20,910] Trial 1 finished with value: 0.45 and parameters: {'C': 22.576755560681583, 'penalty': 'l2'}. Best is trial 0 with value: 0.6.
[I 2026-04-13 12:53:20,935] Trial 2 finished with value: 0.6 and parameters: {'C': 0.010804278656839932, 'penalty': 'l2'}. Best is trial 0 with value: 0.6.
[I 2026-04-13 12:53:20,973] Trial 3 finished with value: 0.45 and parameters: {'C': 39.17910760336117, 'penalty': 'l2'}. Best is trial 0 with value: 0.6.
[I 2026-04-13 12:53:20,997] Trial 4 finished with value: 0.5 and parameters: {'C': 0.2767298094062571, 'penalty': 'l2'}. Best is trial 0 with value: 0.6.
[I 2026-04-13 12:53:21,023] Trial 5 finished with value: 0.45 and parameters: {'C': 1.1447728330837224, 'penalty': 'l2'}. Best is trial 0 with value: 0.6.
[I 2026-04-13 12:53:21,049] Trial 6 finished with value: 0.45 and parameters: {'C': 6.753661388238877, 'penalty': 'l2'}. Best is trial 0 with value: 0.6.
[I 2026-04-13 12:53:21,075] Trial 7 finished with value: 0.45 and parameters: {'C': 0.39092184460352974, 'penalty': 'l2'}. Best is trial 0 with value: 0.6.
[I 2026-04-13 12:53:21,100] Trial 8 finished with value: 0.55 and parameters: {'C': 0.03047912590082646, 'penalty': 'l2'}. Best is trial 0 with value: 0.6.
[I 2026-04-13 12:53:21,126] Trial 9 finished with value: 0.6 and parameters: {'C': 0.008681727362499118, 'penalty': 'l2'}. Best is trial 0 with value: 0.6.
[I 2026-04-13 12:53:21,156] Trial 10 finished with value: 0.6 and parameters: {'C': 0.0010146302597657177, 'penalty': 'l2'}. Best is trial 0 with value: 0.6.
[I 2026-04-13 12:53:21,185] Trial 11 finished with value: 0.6 and parameters: {'C': 0.0199662686693303, 'penalty': 'l2'}. Best is trial 0 with value: 0.6.
[I 2026-04-13 12:53:21,207] Trial 12 finished with value: 0.6 and parameters: {'C': 0.0016346313516918368, 'penalty': 'l2'}. Best is trial 0 with value: 0.6.
[I 2026-04-13 12:53:21,225] Trial 13 finished with value: 0.5 and parameters: {'C': 0.0714333727973949, 'penalty': 'l2'}. Best is trial 0 with value: 0.6.
[I 2026-04-13 12:53:21,245] Trial 14 finished with value: 0.6 and parameters: {'C': 0.004204976475301702, 'penalty': 'l2'}. Best is trial 0 with value: 0.6.
[I 2026-04-13 12:53:21,272] Trial 15 finished with value: 0.5 and parameters: {'C': 0.08940155280126451, 'penalty': 'l2'}. Best is trial 0 with value: 0.6.
[I 2026-04-13 12:53:21,293] Trial 16 finished with value: 0.6 and parameters: {'C': 0.006546178987596756, 'penalty': 'l2'}. Best is trial 0 with value: 0.6.
[I 2026-04-13 12:53:21,321] Trial 17 finished with value: 0.45 and parameters: {'C': 1.4752552821847151, 'penalty': 'l2'}. Best is trial 0 with value: 0.6.
[I 2026-04-13 12:53:21,351] Trial 18 finished with value: 0.55 and parameters: {'C': 0.02888779259712015, 'penalty': 'l2'}. Best is trial 0 with value: 0.6.
