[I 2026-04-13 13:00:08,624] Trial 20 finished with value: 0.5 and parameters: {'n_estimators': 101, 'max_depth': 17, 'min_samples_split': 6, 'min_samples_leaf': 7}. Best is trial 0 with value: 0.5.
[I 2026-04-13 13:00:08,949] Trial 21 finished with value: 0.5 and parameters: {'n_estimators': 270, 'max_depth': 3, 'min_samples_split': 4, 'min_samples_leaf': 10}. Best is trial 0 with value: 0.5.
[I 2026-04-13 13:00:09,228] Trial 22 finished with value: 0.5 and parameters: {'n_estimators': 228, 'max_depth': 3, 'min_samples_split': 2, 'min_samples_leaf': 10}. Best is trial 0 with value: 0.5.
[I 2026-04-13 13:00:09,729] Trial 23 finished with value: 0.5 and parameters: {'n_estimators': 307, 'max_depth': 5, 'min_samples_split': 5, 'min_samples_leaf': 9}. Best is trial 0 with value: 0.5.
[I 2026-04-13 13:00:09,996] Trial 24 finished with value: 0.5 and parameters: {'n_estimators': 174, 'max_depth': 6, 'min_samples_split': 3, 'min_samples_leaf': 10}. Best is trial 0 with value: 0.5.
[I 2026-04-13 13:00:10,203] Trial 25 finished with value: 0.5 and parameters: {'n_estimators': 132, 'max_depth': 9, 'min_samples_split': 3, 'min_samples_leaf': 8}. Best is trial 0 with value: 0.5.
[I 2026-04-13 13:00:10,628] Trial 26 finished with value: 0.5 and parameters: {'n_estimators': 248, 'max_depth': 13, 'min_samples_split': 9, 'min_samples_leaf': 9}. Best is trial 0 with value: 0.5.
[I 2026-04-13 13:00:10,988] Trial 27 finished with value: 0.5 and parameters: {'n_estimators': 198, 'max_depth': 10, 'min_samples_split': 5, 'min_samples_leaf': 10}. Best is trial 0 with value: 0.5.
[I 2026-04-13 13:00:11,452] Trial 28 finished with value: 0.5 and parameters: {'n_estimators': 350, 'max_depth': 20, 'min_samples_split': 4, 'min_samples_leaf': 7}. Best is trial 0 with value: 0.5.
[I 2026-04-13 13:00:11,729] Trial 29 finished with value: 0.5 and parameters: {'n_estimators': 214, 'max_depth': 13, 'min_samples_split': 6, 'min_samples_leaf': 8}. Best is trial 0 with value: 0.5.
[I 2026-04-13 13:00:12,088] A new study created in memory with name: mlp
[I 2026-04-13 13:00:12,187] Trial 0 finished with value: 0.25 and parameters: {'hidden_layer_sizes': (200,), 'max_iter': 100, 'alpha': 0.0001}. Best is trial 0 with value: 0.25.
[I 2026-04-13 13:00:12,262] Trial 1 finished with value: 0.3 and parameters: {'hidden_layer_sizes': (100, 100), 'max_iter': 100, 'alpha': 0.0001}. Best is trial 1 with value: 0.3.
[I 2026-04-13 13:00:12,340] Trial 2 finished with value: 0.3 and parameters: {'hidden_layer_sizes': (200,), 'max_iter': 100, 'alpha': 0.001}. Best is trial 1 with value: 0.3.
[I 2026-04-13 13:00:12,388] Trial 3 finished with value: 0.35 and parameters: {'hidden_layer_sizes': (100,), 'max_iter': 50, 'alpha': 0.001}. Best is trial 3 with value: 0.35.
[I 2026-04-13 13:00:12,445] Trial 4 finished with value: 0.35 and parameters: {'hidden_layer_sizes': (100,), 'max_iter': 50, 'alpha': 0.0001}. Best is trial 3 with value: 0.35.
[I 2026-04-13 13:00:12,489] Trial 5 finished with value: 0.5 and parameters: {'hidden_layer_sizes': (100,), 'max_iter': 50, 'alpha': 0.0001}. Best is trial 5 with value: 0.5.
[I 2026-04-13 13:00:12,541] Trial 6 finished with value: 0.35 and parameters: {'hidden_layer_sizes': (100,), 'max_iter': 50, 'alpha': 0.0001}. Best is trial 5 with value: 0.5.
[I 2026-04-13 13:00:12,588] Trial 7 finished with value: 0.35 and parameters: {'hidden_layer_sizes': (100,), 'max_iter': 50, 'alpha': 0.0001}. Best is trial 5 with value: 0.5.
[I 2026-04-13 13:00:12,654] Trial 8 finished with value: 0.25 and parameters: {'hidden_layer_sizes': (200,), 'max_iter': 100, 'alpha': 0.0001}. Best is trial 5 with value: 0.5.
[I 2026-04-13 13:00:12,701] Trial 9 finished with value: 0.35 and parameters: {'hidden_layer_sizes': (200,), 'max_iter': 50, 'alpha': 0.0001}. Best is trial 5 with value: 0.5.
[I 2026-04-13 13:00:12,749] Trial 10 finished with value: 0.35 and parameters: {'hidden_layer_sizes': (100, 100), 'max_iter': 50, 'alpha': 0.001}. Best is trial 5 with value: 0.5.
[I 2026-04-13 13:00:12,787] Trial 11 finished with value: 0.45 and parameters: {'hidden_layer_sizes': (100,), 'max_iter': 50, 'alpha': 0.001}. Best is trial 5 with value: 0.5.
[I 2026-04-13 13:00:12,831] Trial 12 finished with value: 0.3 and parameters: {'hidden_layer_sizes': (100,), 'max_iter': 50, 'alpha': 0.001}. Best is trial 5 with value: 0.5.
[I 2026-04-13 13:00:12,889] Trial 13 finished with value: 0.3 and parameters: {'hidden_layer_sizes': (100,), 'max_iter': 50, 'alpha': 0.001}. Best is trial 5 with value: 0.5.
[I 2026-04-13 13:00:12,937] Trial 14 finished with value: 0.4 and parameters: {'hidden_layer_sizes': (100,), 'max_iter': 50, 'alpha': 0.001}. Best is trial 5 with value: 0.5.
[I 2026-04-13 13:00:12,967] Trial 15 finished with value: 0.3 and parameters: {'hidden_layer_sizes': (100,), 'max_iter': 50, 'alpha': 0.001}. Best is trial 5 with value: 0.5.
[I 2026-04-13 13:00:13,036] Trial 16 finished with value: 0.3 and parameters: {'hidden_layer_sizes': (100, 100), 'max_iter': 50, 'alpha': 0.0001}. Best is trial 5 with value: 0.5.
[I 2026-04-13 13:00:13,091] Trial 17 finished with value: 0.35 and parameters: {'hidden_layer_sizes': (100,), 'max_iter': 50, 'alpha': 0.001}. Best is trial 5 with value: 0.5.
[I 2026-04-13 13:00:13,150] Trial 18 finished with value: 0.25 and parameters: {'hidden_layer_sizes': (100,), 'max_iter': 100, 'alpha': 0.001}. Best is trial 5 with value: 0.5.
[I 2026-04-13 13:00:13,216] Trial 19 finished with value: 0.3 and parameters: {'hidden_layer_sizes': (100, 100), 'max_iter': 50, 'alpha': 0.0001}. Best is trial 5 with value: 0.5.
[I 2026-04-13 13:00:13,273] Trial 20 finished with value: 0.25 and parameters: {'hidden_layer_sizes': (100,), 'max_iter': 50, 'alpha': 0.001}. Best is trial 5 with value: 0.5.
[I 2026-04-13 13:00:13,323] Trial 21 finished with value: 0.3 and parameters: {'hidden_layer_sizes': (100,), 'max_iter': 50, 'alpha': 0.001}. Best is trial 5 with value: 0.5.
[I 2026-04-13 13:00:13,371] Trial 22 finished with value: 0.25 and parameters: {'hidden_layer_sizes': (100,), 'max_iter': 50, 'alpha': 0.001}. Best is trial 5 with value: 0.5.
[I 2026-04-13 13:00:13,418] Trial 23 finished with value: 0.3 and parameters: {'hidden_layer_sizes': (100,), 'max_iter': 50, 'alpha': 0.001}. Best is trial 5 with value: 0.5.
[I 2026-04-13 13:00:13,465] Trial 24 finished with value: 0.35 and parameters: {'hidden_layer_sizes': (100,), 'max_iter': 50, 'alpha': 0.001}. Best is trial 5 with value: 0.5.
[I 2026-04-13 13:00:13,535] Trial 25 finished with value: 0.25 and parameters: {'hidden_layer_sizes': (100,), 'max_iter': 50, 'alpha': 0.001}. Best is trial 5 with value: 0.5.
[I 2026-04-13 13:00:13,626] Trial 26 finished with value: 0.25 and parameters: {'hidden_layer_sizes': (100,), 'max_iter': 100, 'alpha': 0.0001}. Best is trial 5 with value: 0.5.
[I 2026-04-13 13:00:13,683] Trial 27 finished with value: 0.4 and parameters: {'hidden_layer_sizes': (100,), 'max_iter': 50, 'alpha': 0.001}. Best is trial 5 with value: 0.5.
[I 2026-04-13 13:00:13,731] Trial 28 finished with value: 0.3 and parameters: {'hidden_layer_sizes': (100, 100), 'max_iter': 50, 'alpha': 0.0001}. Best is trial 5 with value: 0.5.
[I 2026-04-13 13:00:13,830] Trial 29 finished with value: 0.25 and parameters: {'hidden_layer_sizes': (200,), 'max_iter': 100, 'alpha': 0.0001}. Best is trial 5 with value: 0.5.
[I 2026-04-13 13:00:13,934] A new study created in memory with name: naive_bayes
[I 2026-04-13 13:00:13,947] Trial 0 finished with value: 0.55 and parameters: {'var_smoothing': 1.4210736239935712e-10}. Best is trial 0 with value: 0.55.
[I 2026-04-13 13:00:13,959] Trial 1 finished with value: 0.5 and parameters: {'var_smoothing': 3.629422978396398e-09}. Best is trial 0 with value: 0.55.
[I 2026-04-13 13:00:13,972] Trial 2 finished with value: 0.5 and parameters: {'var_smoothing': 7.530407234027127e-10}. Best is trial 0 with value: 0.55.
[I 2026-04-13 13:00:13,984] Trial 3 finished with value: 0.5 and parameters: {'var_smoothing': 2.7985325053380072e-09}. Best is trial 0 with value: 0.55.
[I 2026-04-13 13:00:13,996] Trial 4 finished with value: 0.5 and parameters: {'var_smoothing': 9.036058293737187e-09}. Best is trial 0 with value: 0.55.
[I 2026-04-13 13:00:14,009] Trial 5 finished with value: 0.5 and parameters: {'var_smoothing': 1.1939653980558784e-09}. Best is trial 0 with value: 0.55.
[I 2026-04-13 13:00:14,021] Trial 6 finished with value: 0.5 and parameters: {'var_smoothing': 1.005173261185167e-09}. Best is trial 0 with value: 0.55.
[I 2026-04-13 13:00:14,033] Trial 7 finished with value: 0.55 and parameters: {'var_smoothing': 1.393484899105757e-10}. Best is trial 0 with value: 0.55.
[I 2026-04-13 13:00:14,045] Trial 8 finished with value: 0.55 and parameters: {'var_smoothing': 3.4425317961147986e-10}. Best is trial 0 with value: 0.55.
[I 2026-04-13 13:00:14,058] Trial 9 finished with value: 0.5 and parameters: {'var_smoothing': 9.994590426751933e-10}. Best is trial 0 with value: 0.55.
[I 2026-04-13 13:00:14,073] Trial 10 finished with value: 0.55 and parameters: {'var_smoothing': 1.9079938112167212e-10}. Best is trial 0 with value: 0.55.
[I 2026-04-13 13:00:14,090] Trial 11 finished with value: 0.55 and parameters: {'var_smoothing': 1.223215803847262e-10}. Best is trial 0 with value: 0.55.
[I 2026-04-13 13:00:14,110] Trial 12 finished with value: 0.55 and parameters: {'var_smoothing': 2.910479391356767e-10}. Best is trial 0 with value: 0.55.
[I 2026-04-13 13:00:14,130] Trial 13 finished with value: 0.55 and parameters: {'var_smoothing': 1.0875793608562725e-10}. Best is trial 0 with value: 0.55.
[I 2026-04-13 13:00:14,148] Trial 14 finished with value: 0.5 and parameters: {'var_smoothing': 4.2523723872210887e-10}. Best is trial 0 with value: 0.55.
[I 2026-04-13 13:00:14,166] Trial 15 finished with value: 0.55 and parameters: {'var_smoothing': 1.9121624353028183e-10}. Best is trial 0 with value: 0.55.
[I 2026-04-13 13:00:14,197] Trial 16 finished with value: 0.5 and parameters: {'var_smoothing': 5.179448654288493e-10}. Best is trial 0 with value: 0.55.
[I 2026-04-13 13:00:14,217] Trial 17 finished with value: 0.55 and parameters: {'var_smoothing': 2.0384491889043374e-10}. Best is trial 0 with value: 0.55.
[I 2026-04-13 13:00:14,234] Trial 18 finished with value: 0.55 and parameters: {'var_smoothing': 1.0930023244650177e-10}. Best is trial 0 with value: 0.55.
[I 2026-04-13 13:00:14,251] Trial 19 finished with value: 0.55 and parameters: {'var_smoothing': 2.5943107758389746e-10}. Best is trial 0 with value: 0.55.
[I 2026-04-13 13:00:14,278] Trial 20 finished with value: 0.5 and parameters: {'var_smoothing': 1.9322683887617988e-09}. Best is trial 0 with value: 0.55.
[I 2026-04-13 13:00:14,295] Trial 21 finished with value: 0.55 and parameters: {'var_smoothing': 3.9652004815792663e-10}. Best is trial 0 with value: 0.55.
[I 2026-04-13 13:00:14,310] Trial 22 finished with value: 0.55 and parameters: {'var_smoothing': 1.7059154028765732e-10}. Best is trial 0 with value: 0.55.
[I 2026-04-13 13:00:14,335] Trial 23 finished with value: 0.55 and parameters: {'var_smoothing': 3.084053393834256e-10}. Best is trial 0 with value: 0.55.
[I 2026-04-13 13:00:14,351] Trial 24 finished with value: 0.5 and parameters: {'var_smoothing': 5.957682566842479e-10}. Best is trial 0 with value: 0.55.
[I 2026-04-13 13:00:14,371] Trial 25 finished with value: 0.55 and parameters: {'var_smoothing': 1.4871051737830852e-10}. Best is trial 0 with value: 0.55.
[I 2026-04-13 13:00:14,391] Trial 26 finished with value: 0.55 and parameters: {'var_smoothing': 1.007828067917775e-10}. Best is trial 0 with value: 0.55.
[I 2026-04-13 13:00:14,406] Trial 27 finished with value: 0.55 and parameters: {'var_smoothing': 2.7685313584391653e-10}. Best is trial 0 with value: 0.55.
[I 2026-04-13 13:00:14,421] Trial 28 finished with value: 0.55 and parameters: {'var_smoothing': 1.4641793429752224e-10}. Best is trial 0 with value: 0.55.
[I 2026-04-13 13:00:14,441] Trial 29 finished with value: 0.55 and parameters: {'var_smoothing': 3.753998324776757e-10}. Best is trial 0 with value: 0.55.
[I 2026-04-13 13:00:14,486] A new study created in memory with name: logreg
[I 2026-04-13 13:00:14,511] Trial 0 finished with value: 0.6 and parameters: {'C': 0.002407362254570802, 'penalty': 'l2'}. Best is trial 0 with value: 0.6.
[I 2026-04-13 13:00:14,536] Trial 1 finished with value: 0.55 and parameters: {'C': 7.935859334260497, 'penalty': 'l2'}. Best is trial 0 with value: 0.6.
[I 2026-04-13 13:00:14,561] Trial 2 finished with value: 0.5 and parameters: {'C': 0.15561310098067915, 'penalty': 'l2'}. Best is trial 0 with value: 0.6.
[I 2026-04-13 13:00:14,584] Trial 3 finished with value: 0.55 and parameters: {'C': 4.143104515916128, 'penalty': 'l2'}. Best is trial 0 with value: 0.6.
[I 2026-04-13 13:00:14,619] Trial 4 finished with value: 0.45 and parameters: {'C': 77.61533923098803, 'penalty': 'l2'}. Best is trial 0 with value: 0.6.
[I 2026-04-13 13:00:14,645] Trial 5 finished with value: 0.55 and parameters: {'C': 0.49258292359934785, 'penalty': 'l2'}. Best is trial 0 with value: 0.6.
[I 2026-04-13 13:00:14,678] Trial 6 finished with value: 0.5 and parameters: {'C': 0.320333470047146, 'penalty': 'l2'}. Best is trial 0 with value: 0.6.
[I 2026-04-13 13:00:14,703] Trial 7 finished with value: 0.6 and parameters: {'C': 0.002292216671132896, 'penalty': 'l2'}. Best is trial 0 with value: 0.6.
[I 2026-04-13 13:00:14,726] Trial 8 finished with value: 0.55 and parameters: {'C': 0.0219884643872214, 'penalty': 'l2'}. Best is trial 0 with value: 0.6.
[I 2026-04-13 13:00:14,761] Trial 9 finished with value: 0.5 and parameters: {'C': 0.31580027519646636, 'penalty': 'l2'}. Best is trial 0 with value: 0.6.
[I 2026-04-13 13:00:14,790] Trial 10 finished with value: 0.6 and parameters: {'C': 0.005028545732690317, 'penalty': 'l2'}. Best is trial 0 with value: 0.6.
[I 2026-04-13 13:00:14,817] Trial 11 finished with value: 0.6 and parameters: {'C': 0.0016548464731937077, 'penalty': 'l2'}. Best is trial 0 with value: 0.6.
[I 2026-04-13 13:00:14,832] Trial 12 finished with value: 0.6 and parameters: {'C': 0.014451446556771878, 'penalty': 'l2'}. Best is trial 0 with value: 0.6.
[I 2026-04-13 13:00:14,856] Trial 13 finished with value: 0.6 and parameters: {'C': 0.001233537603892314, 'penalty': 'l2'}. Best is trial 0 with value: 0.6.
[I 2026-04-13 13:00:14,884] Trial 14 finished with value: 0.55 and parameters: {'C': 0.03728878420522916, 'penalty': 'l2'}. Best is trial 0 with value: 0.6.
[I 2026-04-13 13:00:14,911] Trial 15 finished with value: 0.6 and parameters: {'C': 0.005056056930693048, 'penalty': 'l2'}. Best is trial 0 with value: 0.6.
[I 2026-04-13 13:00:14,946] Trial 16 finished with value: 0.55 and parameters: {'C': 0.06105325603408848, 'penalty': 'l2'}. Best is trial 0 with value: 0.6.
[I 2026-04-13 13:00:14,967] Trial 17 finished with value: 0.6 and parameters: {'C': 0.005932663642969973, 'penalty': 'l2'}. Best is trial 0 with value: 0.6.
[I 2026-04-13 13:00:14,996] Trial 18 finished with value: 0.6 and parameters: {'C': 0.0012489720333864972, 'penalty': 'l2'}. Best is trial 0 with value: 0.6.
[I 2026-04-13 13:00:15,027] Trial 19 finished with value: 0.6 and parameters: {'C': 0.010840641908437795, 'penalty': 'l2'}. Best is trial 0 with value: 0.6.
[I 2026-04-13 13:00:15,058] Trial 20 finished with value: 0.55 and parameters: {'C': 1.6412268850767395, 'penalty': 'l2'}. Best is trial 0 with value: 0.6.
[I 2026-04-13 13:00:15,089] Trial 21 finished with value: 0.6 and parameters: {'C': 0.004310960359244311, 'penalty': 'l2'}. Best is trial 0 with value: 0.6.
[I 2026-04-13 13:00:15,117] Trial 22 finished with value: 0.6 and parameters: {'C': 0.003800963737110666, 'penalty': 'l2'}. Best is trial 0 with value: 0.6.
[I 2026-04-13 13:00:15,148] Trial 23 finished with value: 0.55 and parameters: {'C': 0.07861888192514002, 'penalty': 'l2'}. Best is trial 0 with value: 0.6.
[I 2026-04-13 13:00:15,166] Trial 24 finished with value: 0.6 and parameters: {'C': 0.002917210280291227, 'penalty': 'l2'}. Best is trial 0 with value: 0.6.
[I 2026-04-13 13:00:15,196] Trial 25 finished with value: 0.6 and parameters: {'C': 0.011558492627503799, 'penalty': 'l2'}. Best is trial 0 with value: 0.6.
[I 2026-04-13 13:00:15,226] Trial 26 finished with value: 0.6 and parameters: {'C': 0.0010123753466979404, 'penalty': 'l2'}. Best is trial 0 with value: 0.6.
[I 2026-04-13 13:00:15,255] Trial 27 finished with value: 0.55 and parameters: {'C': 0.03252256495764886, 'penalty': 'l2'}. Best is trial 0 with value: 0.6.
[I 2026-04-13 13:00:15,273] Trial 28 finished with value: 0.6 and parameters: {'C': 0.0024318454248036863, 'penalty': 'l2'}. Best is trial 0 with value: 0.6.
[I 2026-04-13 13:00:15,288] Trial 29 finished with value: 0.6 and parameters: {'C': 0.007060056919223016, 'penalty': 'l2'}. Best is trial 0 with value: 0.6.
[I 2026-04-13 13:00:15,330] A new study created in memory with name: knn
[I 2026-04-13 13:00:15,343] Trial 0 finished with value: 0.25 and parameters: {'n_neighbors': 3, 'leaf_size': 36, 'p': 2}. Best is trial 0 with value: 0.25.
[I 2026-04-13 13:00:15,356] Trial 1 finished with value: 0.4 and parameters: {'n_neighbors': 10, 'leaf_size': 31, 'p': 1}. Best is trial 1 with value: 0.4.
[I 2026-04-13 13:00:15,369] Trial 2 finished with value: 0.25 and parameters: {'n_neighbors': 5, 'leaf_size': 30, 'p': 2}. Best is trial 1 with value: 0.4.
[I 2026-04-13 13:00:15,382] Trial 3 finished with value: 0.25 and parameters: {'n_neighbors': 6, 'leaf_size': 21, 'p': 2}. Best is trial 1 with value: 0.4.
[I 2026-04-13 13:00:15,395] Trial 4 finished with value: 0.25 and parameters: {'n_neighbors': 4, 'leaf_size': 29, 'p': 1}. Best is trial 1 with value: 0.4.
[I 2026-04-13 13:00:15,409] Trial 5 finished with value: 0.4 and parameters: {'n_neighbors': 7, 'leaf_size': 39, 'p': 2}. Best is trial 1 with value: 0.4.
[I 2026-04-13 13:00:15,423] Trial 6 finished with value: 0.4 and parameters: {'n_neighbors': 10, 'leaf_size': 22, 'p': 2}. Best is trial 1 with value: 0.4.
[I 2026-04-13 13:00:15,437] Trial 7 finished with value: 0.25 and parameters: {'n_neighbors': 8, 'leaf_size': 29, 'p': 2}. Best is trial 1 with value: 0.4.
[I 2026-04-13 13:00:15,461] Trial 8 finished with value: 0.25 and parameters: {'n_neighbors': 5, 'leaf_size': 30, 'p': 2}. Best is trial 1 with value: 0.4.
[I 2026-04-13 13:00:15,476] Trial 9 finished with value: 0.5 and parameters: {'n_neighbors': 9, 'leaf_size': 26, 'p': 1}. Best is trial 9 with value: 0.5.
[I 2026-04-13 13:00:15,499] Trial 10 finished with value: 0.2 and parameters: {'n_neighbors': 8, 'leaf_size': 25, 'p': 1}. Best is trial 9 with value: 0.5.
[I 2026-04-13 13:00:15,519] Trial 11 finished with value: 0.4 and parameters: {'n_neighbors': 10, 'leaf_size': 34, 'p': 1}. Best is trial 9 with value: 0.5.
[I 2026-04-13 13:00:15,539] Trial 12 finished with value: 0.5 and parameters: {'n_neighbors': 9, 'leaf_size': 26, 'p': 1}. Best is trial 9 with value: 0.5.
[I 2026-04-13 13:00:15,572] Trial 13 finished with value: 0.2 and parameters: {'n_neighbors': 8, 'leaf_size': 25, 'p': 1}. Best is trial 9 with value: 0.5.
[I 2026-04-13 13:00:15,591] Trial 14 finished with value: 0.5 and parameters: {'n_neighbors': 9, 'leaf_size': 24, 'p': 1}. Best is trial 9 with value: 0.5.
[I 2026-04-13 13:00:15,624] Trial 15 finished with value: 0.5 and parameters: {'n_neighbors': 9, 'leaf_size': 26, 'p': 1}. Best is trial 9 with value: 0.5.
[I 2026-04-13 13:00:15,645] Trial 16 finished with value: 0.45 and parameters: {'n_neighbors': 7, 'leaf_size': 27, 'p': 1}. Best is trial 9 with value: 0.5.
[I 2026-04-13 13:00:15,671] Trial 17 finished with value: 0.5 and parameters: {'n_neighbors': 9, 'leaf_size': 20, 'p': 1}. Best is trial 9 with value: 0.5.
[I 2026-04-13 13:00:15,700] Trial 18 finished with value: 0.25 and parameters: {'n_neighbors': 6, 'leaf_size': 33, 'p': 1}. Best is trial 9 with value: 0.5.
[I 2026-04-13 13:00:15,723] Trial 19 finished with value: 0.5 and parameters: {'n_neighbors': 9, 'leaf_size': 23, 'p': 1}. Best is trial 9 with value: 0.5.
[I 2026-04-13 13:00:15,746] Trial 20 finished with value: 0.2 and parameters: {'n_neighbors': 8, 'leaf_size': 27, 'p': 1}. Best is trial 9 with value: 0.5.
[I 2026-04-13 13:00:15,771] Trial 21 finished with value: 0.5 and parameters: {'n_neighbors': 9, 'leaf_size': 24, 'p': 1}. Best is trial 9 with value: 0.5.
[I 2026-04-13 13:00:15,798] Trial 22 finished with value: 0.4 and parameters: {'n_neighbors': 10, 'leaf_size': 23, 'p': 1}. Best is trial 9 with value: 0.5.
[I 2026-04-13 13:00:15,825] Trial 23 finished with value: 0.5 and parameters: {'n_neighbors': 9, 'leaf_size': 27, 'p': 1}. Best is trial 9 with value: 0.5.
[I 2026-04-13 13:00:15,852] Trial 24 finished with value: 0.45 and parameters: {'n_neighbors': 7, 'leaf_size': 28, 'p': 1}. Best is trial 9 with value: 0.5.
[I 2026-04-13 13:00:15,890] Trial 25 finished with value: 0.2 and parameters: {'n_neighbors': 8, 'leaf_size': 25, 'p': 1}. Best is trial 9 with value: 0.5.
[I 2026-04-13 13:00:15,912] Trial 26 finished with value: 0.5 and parameters: {'n_neighbors': 9, 'leaf_size': 22, 'p': 1}. Best is trial 9 with value: 0.5.
[I 2026-04-13 13:00:15,932] Trial 27 finished with value: 0.4 and parameters: {'n_neighbors': 10, 'leaf_size': 20, 'p': 1}. Best is trial 9 with value: 0.5.
[I 2026-04-13 13:00:15,957] Trial 28 finished with value: 0.45 and parameters: {'n_neighbors': 7, 'leaf_size': 32, 'p': 1}. Best is trial 9 with value: 0.5.
[I 2026-04-13 13:00:15,978] Trial 29 finished with value: 0.2 and parameters: {'n_neighbors': 3, 'leaf_size': 23, 'p': 1}. Best is trial 9 with value: 0.5.
[I 2026-04-13 13:00:16,021] A new study created in memory with name: xgb
[I 2026-04-13 13:00:16,050] Trial 0 finished with value: 0.35 and parameters: {'n_estimators': 40, 'max_depth': 20, 'gamma': 0.5510084172939441, 'subsample': 0.5360255666798808, 'colsample_bytree': 0.6342194900509356}. Best is trial 0 with value: 0.35.
