[I 2026-04-13 13:09:29,519] Trial 29 finished with value: 0.35 and parameters: {'n_neighbors': 7, 'leaf_size': 35, 'p': 2}. Best is trial 7 with value: 0.475.
[I 2026-04-13 13:09:29,562] A new study created in memory with name: xgb
[I 2026-04-13 13:09:29,602] Trial 0 finished with value: 0.525 and parameters: {'n_estimators': 40, 'max_depth': 5, 'gamma': 0.789317070832284, 'subsample': 0.7592089939364717, 'colsample_bytree': 0.648400250788111}. Best is trial 0 with value: 0.525.
[I 2026-04-13 13:09:29,642] Trial 1 finished with value: 0.525 and parameters: {'n_estimators': 100, 'max_depth': 30, 'gamma': 0.34667781579300216, 'subsample': 0.7071175095405257, 'colsample_bytree': 0.6480399663668239}. Best is trial 0 with value: 0.525.
[I 2026-04-13 13:09:29,671] Trial 2 finished with value: 0.525 and parameters: {'n_estimators': 10, 'max_depth': 20, 'gamma': 0.3948075529198607, 'subsample': 0.5720821503267102, 'colsample_bytree': 0.5828064306006338}. Best is trial 0 with value: 0.525.
[I 2026-04-13 13:09:29,710] Trial 3 finished with value: 0.55 and parameters: {'n_estimators': 10, 'max_depth': 30, 'gamma': 0.8015631269999768, 'subsample': 0.5114665462195407, 'colsample_bytree': 0.788831429064878}. Best is trial 3 with value: 0.55.
[I 2026-04-13 13:09:29,749] Trial 4 finished with value: 0.425 and parameters: {'n_estimators': 100, 'max_depth': 5, 'gamma': 0.8834347783013348, 'subsample': 0.961374806972835, 'colsample_bytree': 0.5011071062662218}. Best is trial 3 with value: 0.55.
[I 2026-04-13 13:09:29,778] Trial 5 finished with value: 0.575 and parameters: {'n_estimators': 40, 'max_depth': 5, 'gamma': 0.5364379674896123, 'subsample': 0.5145557818363589, 'colsample_bytree': 0.5432628442011025}. Best is trial 5 with value: 0.575.
[I 2026-04-13 13:09:29,819] Trial 6 finished with value: 0.45 and parameters: {'n_estimators': 100, 'max_depth': 20, 'gamma': 0.6718205850237038, 'subsample': 0.9059511955902053, 'colsample_bytree': 0.9633413076219371}. Best is trial 5 with value: 0.575.
[I 2026-04-13 13:09:29,848] Trial 7 finished with value: 0.525 and parameters: {'n_estimators': 10, 'max_depth': 30, 'gamma': 0.8165284487704038, 'subsample': 0.5255714015506736, 'colsample_bytree': 0.594333867896554}. Best is trial 5 with value: 0.575.
[I 2026-04-13 13:09:29,884] Trial 8 finished with value: 0.5 and parameters: {'n_estimators': 100, 'max_depth': 20, 'gamma': 0.6251497693480509, 'subsample': 0.9696496759824258, 'colsample_bytree': 0.9717700410079397}. Best is trial 5 with value: 0.575.
[I 2026-04-13 13:09:29,912] Trial 9 finished with value: 0.475 and parameters: {'n_estimators': 40, 'max_depth': 30, 'gamma': 0.9649927737686168, 'subsample': 0.6857563076640036, 'colsample_bytree': 0.5061847058001788}. Best is trial 5 with value: 0.575.
[I 2026-04-13 13:09:29,960] Trial 10 finished with value: 0.475 and parameters: {'n_estimators': 40, 'max_depth': 5, 'gamma': 0.17962098877423716, 'subsample': 0.8185311023645913, 'colsample_bytree': 0.7898330861721071}. Best is trial 5 with value: 0.575.
[I 2026-04-13 13:09:30,000] Trial 11 finished with value: 0.6 and parameters: {'n_estimators': 10, 'max_depth': 5, 'gamma': 0.47895550501632295, 'subsample': 0.6051507994724706, 'colsample_bytree': 0.8027369043217835}. Best is trial 11 with value: 0.6.
[I 2026-04-13 13:09:30,041] Trial 12 finished with value: 0.55 and parameters: {'n_estimators': 10, 'max_depth': 5, 'gamma': 0.4446364386359908, 'subsample': 0.6043203535156688, 'colsample_bytree': 0.8692577995562746}. Best is trial 11 with value: 0.6.
[I 2026-04-13 13:09:30,092] Trial 13 finished with value: 0.5 and parameters: {'n_estimators': 40, 'max_depth': 5, 'gamma': 0.5060697768922371, 'subsample': 0.6109744065191631, 'colsample_bytree': 0.7475824494292509}. Best is trial 11 with value: 0.6.
[I 2026-04-13 13:09:30,153] Trial 14 finished with value: 0.525 and parameters: {'n_estimators': 40, 'max_depth': 5, 'gamma': 0.26812382784066563, 'subsample': 0.6592169147512574, 'colsample_bytree': 0.7221120520809101}. Best is trial 11 with value: 0.6.
[I 2026-04-13 13:09:30,193] Trial 15 finished with value: 0.55 and parameters: {'n_estimators': 10, 'max_depth': 5, 'gamma': 0.5957575824672902, 'subsample': 0.5062600002634946, 'colsample_bytree': 0.8677248905165004}. Best is trial 11 with value: 0.6.
[I 2026-04-13 13:09:30,242] Trial 16 finished with value: 0.525 and parameters: {'n_estimators': 40, 'max_depth': 5, 'gamma': 0.5115188518524773, 'subsample': 0.5723263467622347, 'colsample_bytree': 0.8627430864016015}. Best is trial 11 with value: 0.6.
[I 2026-04-13 13:09:30,286] Trial 17 finished with value: 0.525 and parameters: {'n_estimators': 10, 'max_depth': 5, 'gamma': 0.2949605386614368, 'subsample': 0.7771184323929605, 'colsample_bytree': 0.6978288837620445}. Best is trial 11 with value: 0.6.
[I 2026-04-13 13:09:30,325] Trial 18 finished with value: 0.525 and parameters: {'n_estimators': 40, 'max_depth': 5, 'gamma': 0.7000120945507349, 'subsample': 0.6180238314768141, 'colsample_bytree': 0.8351332821073139}. Best is trial 11 with value: 0.6.
[I 2026-04-13 13:09:30,364] Trial 19 finished with value: 0.55 and parameters: {'n_estimators': 10, 'max_depth': 20, 'gamma': 0.10601575474245534, 'subsample': 0.8354877996761713, 'colsample_bytree': 0.9155406026193251}. Best is trial 11 with value: 0.6.
[I 2026-04-13 13:09:30,405] Trial 20 finished with value: 0.525 and parameters: {'n_estimators': 40, 'max_depth': 5, 'gamma': 0.45877778302962907, 'subsample': 0.5644833222313601, 'colsample_bytree': 0.6746860861616096}. Best is trial 11 with value: 0.6.
[I 2026-04-13 13:09:30,446] Trial 21 finished with value: 0.55 and parameters: {'n_estimators': 10, 'max_depth': 30, 'gamma': 0.727394490438768, 'subsample': 0.5032329928111994, 'colsample_bytree': 0.7887026822362325}. Best is trial 11 with value: 0.6.
[I 2026-04-13 13:09:30,487] Trial 22 finished with value: 0.5 and parameters: {'n_estimators': 10, 'max_depth': 30, 'gamma': 0.558643483994615, 'subsample': 0.5348769458562042, 'colsample_bytree': 0.7716448421688851}. Best is trial 11 with value: 0.6.
[I 2026-04-13 13:09:30,525] Trial 23 finished with value: 0.525 and parameters: {'n_estimators': 10, 'max_depth': 30, 'gamma': 0.9828851319882773, 'subsample': 0.6461147882913569, 'colsample_bytree': 0.8256909008953157}. Best is trial 11 with value: 0.6.
[I 2026-04-13 13:09:30,565] Trial 24 finished with value: 0.55 and parameters: {'n_estimators': 10, 'max_depth': 30, 'gamma': 0.6350590549657223, 'subsample': 0.5517632141440031, 'colsample_bytree': 0.5677888814753913}. Best is trial 11 with value: 0.6.
[I 2026-04-13 13:09:30,599] Trial 25 finished with value: 0.525 and parameters: {'n_estimators': 10, 'max_depth': 30, 'gamma': 0.7561129713348174, 'subsample': 0.7209254282125862, 'colsample_bytree': 0.9156656148968465}. Best is trial 11 with value: 0.6.
[I 2026-04-13 13:09:30,638] Trial 26 finished with value: 0.55 and parameters: {'n_estimators': 10, 'max_depth': 5, 'gamma': 0.4020548511014127, 'subsample': 0.592527036931659, 'colsample_bytree': 0.7368470223584316}. Best is trial 11 with value: 0.6.
[I 2026-04-13 13:09:30,675] Trial 27 finished with value: 0.525 and parameters: {'n_estimators': 10, 'max_depth': 5, 'gamma': 0.8522806398360707, 'subsample': 0.6443776141397342, 'colsample_bytree': 0.821826856204624}. Best is trial 11 with value: 0.6.
[I 2026-04-13 13:09:30,734] Trial 28 finished with value: 0.525 and parameters: {'n_estimators': 100, 'max_depth': 20, 'gamma': 0.5558254929970599, 'subsample': 0.533369681376852, 'colsample_bytree': 0.9145114732669646}. Best is trial 11 with value: 0.6.
[I 2026-04-13 13:09:30,783] Trial 29 finished with value: 0.55 and parameters: {'n_estimators': 40, 'max_depth': 30, 'gamma': 0.8972464177448476, 'subsample': 0.5064696009135157, 'colsample_bytree': 0.6420925101091891}. Best is trial 11 with value: 0.6.
[I 2026-04-13 13:09:30,875] A new study created in memory with name: rf
[I 2026-04-13 13:09:31,122] Trial 0 finished with value: 0.475 and parameters: {'n_estimators': 189, 'max_depth': 18, 'min_samples_split': 3, 'min_samples_leaf': 10}. Best is trial 0 with value: 0.475.
[I 2026-04-13 13:09:31,512] Trial 1 finished with value: 0.425 and parameters: {'n_estimators': 295, 'max_depth': 14, 'min_samples_split': 8, 'min_samples_leaf': 6}. Best is trial 0 with value: 0.475.
[I 2026-04-13 13:09:31,770] Trial 2 finished with value: 0.525 and parameters: {'n_estimators': 219, 'max_depth': 6, 'min_samples_split': 2, 'min_samples_leaf': 8}. Best is trial 2 with value: 0.525.
[I 2026-04-13 13:09:32,180] Trial 3 finished with value: 0.4 and parameters: {'n_estimators': 276, 'max_depth': 5, 'min_samples_split': 9, 'min_samples_leaf': 3}. Best is trial 2 with value: 0.525.
[I 2026-04-13 13:09:32,610] Trial 4 finished with value: 0.475 and parameters: {'n_estimators': 266, 'max_depth': 8, 'min_samples_split': 7, 'min_samples_leaf': 6}. Best is trial 2 with value: 0.525.
[I 2026-04-13 13:09:33,039] Trial 5 finished with value: 0.375 and parameters: {'n_estimators': 340, 'max_depth': 7, 'min_samples_split': 4, 'min_samples_leaf': 3}. Best is trial 2 with value: 0.525.
[I 2026-04-13 13:09:33,448] Trial 6 finished with value: 0.475 and parameters: {'n_estimators': 231, 'max_depth': 5, 'min_samples_split': 3, 'min_samples_leaf': 10}. Best is trial 2 with value: 0.525.
[I 2026-04-13 13:09:33,988] Trial 7 finished with value: 0.4 and parameters: {'n_estimators': 485, 'max_depth': 6, 'min_samples_split': 2, 'min_samples_leaf': 3}. Best is trial 2 with value: 0.525.
[I 2026-04-13 13:09:34,439] Trial 8 finished with value: 0.475 and parameters: {'n_estimators': 380, 'max_depth': 17, 'min_samples_split': 2, 'min_samples_leaf': 6}. Best is trial 2 with value: 0.525.
[I 2026-04-13 13:09:34,626] Trial 9 finished with value: 0.475 and parameters: {'n_estimators': 100, 'max_depth': 12, 'min_samples_split': 7, 'min_samples_leaf': 10}. Best is trial 2 with value: 0.525.
[I 2026-04-13 13:09:34,854] Trial 10 finished with value: 0.525 and parameters: {'n_estimators': 156, 'max_depth': 3, 'min_samples_split': 5, 'min_samples_leaf': 8}. Best is trial 2 with value: 0.525.
[I 2026-04-13 13:09:35,060] Trial 11 finished with value: 0.5 and parameters: {'n_estimators': 149, 'max_depth': 3, 'min_samples_split': 5, 'min_samples_leaf': 8}. Best is trial 2 with value: 0.525.
[I 2026-04-13 13:09:35,335] Trial 12 finished with value: 0.5 and parameters: {'n_estimators': 179, 'max_depth': 9, 'min_samples_split': 5, 'min_samples_leaf': 8}. Best is trial 2 with value: 0.525.
[I 2026-04-13 13:09:35,517] Trial 13 finished with value: 0.525 and parameters: {'n_estimators': 130, 'max_depth': 4, 'min_samples_split': 10, 'min_samples_leaf': 8}. Best is trial 2 with value: 0.525.
[I 2026-04-13 13:09:35,800] Trial 14 finished with value: 0.375 and parameters: {'n_estimators': 206, 'max_depth': 10, 'min_samples_split': 5, 'min_samples_leaf': 1}. Best is trial 2 with value: 0.525.
[I 2026-04-13 13:09:36,119] Trial 15 finished with value: 0.525 and parameters: {'n_estimators': 227, 'max_depth': 3, 'min_samples_split': 6, 'min_samples_leaf': 8}. Best is trial 2 with value: 0.525.
[I 2026-04-13 13:09:36,556] Trial 16 finished with value: 0.525 and parameters: {'n_estimators': 377, 'max_depth': 11, 'min_samples_split': 3, 'min_samples_leaf': 7}. Best is trial 2 with value: 0.525.
[I 2026-04-13 13:09:36,790] Trial 17 finished with value: 0.525 and parameters: {'n_estimators': 151, 'max_depth': 14, 'min_samples_split': 4, 'min_samples_leaf': 9}. Best is trial 2 with value: 0.525.
[I 2026-04-13 13:09:37,444] Trial 18 finished with value: 0.475 and parameters: {'n_estimators': 488, 'max_depth': 7, 'min_samples_split': 6, 'min_samples_leaf': 5}. Best is trial 2 with value: 0.525.
[I 2026-04-13 13:09:37,861] Trial 19 finished with value: 0.45 and parameters: {'n_estimators': 337, 'max_depth': 3, 'min_samples_split': 4, 'min_samples_leaf': 5}. Best is trial 2 with value: 0.525.
[I 2026-04-13 13:09:38,209] Trial 20 finished with value: 0.5 and parameters: {'n_estimators': 246, 'max_depth': 6, 'min_samples_split': 2, 'min_samples_leaf': 7}. Best is trial 2 with value: 0.525.
[I 2026-04-13 13:09:38,415] Trial 21 finished with value: 0.525 and parameters: {'n_estimators': 107, 'max_depth': 4, 'min_samples_split': 9, 'min_samples_leaf': 9}. Best is trial 2 with value: 0.525.
[I 2026-04-13 13:09:38,645] Trial 22 finished with value: 0.525 and parameters: {'n_estimators': 135, 'max_depth': 5, 'min_samples_split': 10, 'min_samples_leaf': 7}. Best is trial 2 with value: 0.525.
[I 2026-04-13 13:09:38,895] Trial 23 finished with value: 0.475 and parameters: {'n_estimators': 186, 'max_depth': 8, 'min_samples_split': 10, 'min_samples_leaf': 9}. Best is trial 2 with value: 0.525.
[I 2026-04-13 13:09:39,126] Trial 24 finished with value: 0.45 and parameters: {'n_estimators': 157, 'max_depth': 20, 'min_samples_split': 8, 'min_samples_leaf': 8}. Best is trial 2 with value: 0.525.
[I 2026-04-13 13:09:39,337] Trial 25 finished with value: 0.5 and parameters: {'n_estimators': 130, 'max_depth': 4, 'min_samples_split': 6, 'min_samples_leaf': 7}. Best is trial 2 with value: 0.525.
[I 2026-04-13 13:09:39,613] Trial 26 finished with value: 0.525 and parameters: {'n_estimators': 196, 'max_depth': 6, 'min_samples_split': 7, 'min_samples_leaf': 9}. Best is trial 2 with value: 0.525.
[I 2026-04-13 13:09:39,886] Trial 27 finished with value: 0.45 and parameters: {'n_estimators': 164, 'max_depth': 3, 'min_samples_split': 8, 'min_samples_leaf': 8}. Best is trial 2 with value: 0.525.
[I 2026-04-13 13:09:40,209] Trial 28 finished with value: 0.375 and parameters: {'n_estimators': 219, 'max_depth': 8, 'min_samples_split': 5, 'min_samples_leaf': 4}. Best is trial 2 with value: 0.525.
[I 2026-04-13 13:09:40,382] Trial 29 finished with value: 0.525 and parameters: {'n_estimators': 124, 'max_depth': 4, 'min_samples_split': 3, 'min_samples_leaf': 10}. Best is trial 2 with value: 0.525.
[I 2026-04-13 13:09:40,910] A new study created in memory with name: mlp
[I 2026-04-13 13:09:40,964] Trial 0 finished with value: 0.525 and parameters: {'hidden_layer_sizes': (200,), 'max_iter': 50, 'alpha': 0.001}. Best is trial 0 with value: 0.525.
[I 2026-04-13 13:09:41,041] Trial 1 finished with value: 0.5 and parameters: {'hidden_layer_sizes': (100,), 'max_iter': 100, 'alpha': 0.0001}. Best is trial 0 with value: 0.525.
[I 2026-04-13 13:09:41,096] Trial 2 finished with value: 0.5 and parameters: {'hidden_layer_sizes': (100,), 'max_iter': 100, 'alpha': 0.001}. Best is trial 0 with value: 0.525.
[I 2026-04-13 13:09:41,141] Trial 3 finished with value: 0.5 and parameters: {'hidden_layer_sizes': (200,), 'max_iter': 50, 'alpha': 0.001}. Best is trial 0 with value: 0.525.
[I 2026-04-13 13:09:41,197] Trial 4 finished with value: 0.525 and parameters: {'hidden_layer_sizes': (100,), 'max_iter': 100, 'alpha': 0.0001}. Best is trial 0 with value: 0.525.
[I 2026-04-13 13:09:41,261] Trial 5 finished with value: 0.525 and parameters: {'hidden_layer_sizes': (100,), 'max_iter': 100, 'alpha': 0.001}. Best is trial 0 with value: 0.525.
[I 2026-04-13 13:09:41,376] Trial 6 finished with value: 0.475 and parameters: {'hidden_layer_sizes': (200,), 'max_iter': 100, 'alpha': 0.001}. Best is trial 0 with value: 0.525.
[I 2026-04-13 13:09:41,493] Trial 7 finished with value: 0.525 and parameters: {'hidden_layer_sizes': (200,), 'max_iter': 100, 'alpha': 0.001}. Best is trial 0 with value: 0.525.
[I 2026-04-13 13:09:41,579] Trial 8 finished with value: 0.525 and parameters: {'hidden_layer_sizes': (100,), 'max_iter': 100, 'alpha': 0.001}. Best is trial 0 with value: 0.525.
[I 2026-04-13 13:09:41,655] Trial 9 finished with value: 0.525 and parameters: {'hidden_layer_sizes': (100,), 'max_iter': 50, 'alpha': 0.001}. Best is trial 0 with value: 0.525.
[I 2026-04-13 13:09:41,763] Trial 10 finished with value: 0.525 and parameters: {'hidden_layer_sizes': (100, 100), 'max_iter': 50, 'alpha': 0.0001}. Best is trial 0 with value: 0.525.
[I 2026-04-13 13:09:41,870] Trial 11 finished with value: 0.475 and parameters: {'hidden_layer_sizes': (100, 100), 'max_iter': 50, 'alpha': 0.0001}. Best is trial 0 with value: 0.525.
[I 2026-04-13 13:09:41,957] Trial 12 finished with value: 0.5 and parameters: {'hidden_layer_sizes': (200,), 'max_iter': 50, 'alpha': 0.0001}. Best is trial 0 with value: 0.525.
[I 2026-04-13 13:09:42,042] Trial 13 finished with value: 0.5 and parameters: {'hidden_layer_sizes': (200,), 'max_iter': 50, 'alpha': 0.0001}. Best is trial 0 with value: 0.525.
[I 2026-04-13 13:09:42,209] Trial 14 finished with value: 0.45 and parameters: {'hidden_layer_sizes': (100, 100), 'max_iter': 100, 'alpha': 0.0001}. Best is trial 0 with value: 0.525.
[I 2026-04-13 13:09:42,261] Trial 15 finished with value: 0.525 and parameters: {'hidden_layer_sizes': (100,), 'max_iter': 50, 'alpha': 0.0001}. Best is trial 0 with value: 0.525.
[I 2026-04-13 13:09:42,377] Trial 16 finished with value: 0.525 and parameters: {'hidden_layer_sizes': (200,), 'max_iter': 100, 'alpha': 0.001}. Best is trial 0 with value: 0.525.
[I 2026-04-13 13:09:42,453] Trial 17 finished with value: 0.525 and parameters: {'hidden_layer_sizes': (200,), 'max_iter': 50, 'alpha': 0.0001}. Best is trial 0 with value: 0.525.
[I 2026-04-13 13:09:42,580] Trial 18 finished with value: 0.525 and parameters: {'hidden_layer_sizes': (100,), 'max_iter': 100, 'alpha': 0.001}. Best is trial 0 with value: 0.525.
[I 2026-04-13 13:09:42,675] Trial 19 finished with value: 0.5 and parameters: {'hidden_layer_sizes': (100, 100), 'max_iter': 50, 'alpha': 0.0001}. Best is trial 0 with value: 0.525.
[I 2026-04-13 13:09:42,831] Trial 20 finished with value: 0.55 and parameters: {'hidden_layer_sizes': (200,), 'max_iter': 100, 'alpha': 0.0001}. Best is trial 20 with value: 0.55.
[I 2026-04-13 13:09:43,022] Trial 21 finished with value: 0.525 and parameters: {'hidden_layer_sizes': (200,), 'max_iter': 100, 'alpha': 0.0001}. Best is trial 20 with value: 0.55.
[I 2026-04-13 13:09:43,171] Trial 22 finished with value: 0.525 and parameters: {'hidden_layer_sizes': (200,), 'max_iter': 100, 'alpha': 0.0001}. Best is trial 20 with value: 0.55.
[I 2026-04-13 13:09:43,327] Trial 23 finished with value: 0.5 and parameters: {'hidden_layer_sizes': (200,), 'max_iter': 100, 'alpha': 0.0001}. Best is trial 20 with value: 0.55.
[I 2026-04-13 13:09:43,474] Trial 24 finished with value: 0.5 and parameters: {'hidden_layer_sizes': (200,), 'max_iter': 100, 'alpha': 0.0001}. Best is trial 20 with value: 0.55.
[I 2026-04-13 13:09:43,601] Trial 25 finished with value: 0.525 and parameters: {'hidden_layer_sizes': (100,), 'max_iter': 100, 'alpha': 0.0001}. Best is trial 20 with value: 0.55.
[I 2026-04-13 13:09:43,688] Trial 26 finished with value: 0.5 and parameters: {'hidden_layer_sizes': (200,), 'max_iter': 50, 'alpha': 0.001}. Best is trial 20 with value: 0.55.
[I 2026-04-13 13:09:43,866] Trial 27 finished with value: 0.5 and parameters: {'hidden_layer_sizes': (200,), 'max_iter': 100, 'alpha': 0.0001}. Best is trial 20 with value: 0.55.
[I 2026-04-13 13:09:43,964] Trial 28 finished with value: 0.525 and parameters: {'hidden_layer_sizes': (100, 100), 'max_iter': 50, 'alpha': 0.001}. Best is trial 20 with value: 0.55.
[I 2026-04-13 13:09:44,092] Trial 29 finished with value: 0.5 and parameters: {'hidden_layer_sizes': (100,), 'max_iter': 100, 'alpha': 0.0001}. Best is trial 20 with value: 0.55.
[I 2026-04-13 13:09:56,339] A new study created in memory with name: naive_bayes
[I 2026-04-13 13:09:56,353] Trial 0 finished with value: 0.55 and parameters: {'var_smoothing': 2.7796258518939306e-10}. Best is trial 0 with value: 0.55.
[I 2026-04-13 13:09:56,366] Trial 1 finished with value: 0.55 and parameters: {'var_smoothing': 5.513972710118387e-09}. Best is trial 0 with value: 0.55.
[I 2026-04-13 13:09:56,381] Trial 2 finished with value: 0.55 and parameters: {'var_smoothing': 2.590826381512706e-10}. Best is trial 0 with value: 0.55.
[I 2026-04-13 13:09:56,394] Trial 3 finished with value: 0.55 and parameters: {'var_smoothing': 6.874194498027403e-09}. Best is trial 0 with value: 0.55.
[I 2026-04-13 13:09:56,406] Trial 4 finished with value: 0.55 and parameters: {'var_smoothing': 9.480306482679771e-10}. Best is trial 0 with value: 0.55.
[I 2026-04-13 13:09:56,420] Trial 5 finished with value: 0.55 and parameters: {'var_smoothing': 1.6729683536668864e-09}. Best is trial 0 with value: 0.55.
[I 2026-04-13 13:09:56,433] Trial 6 finished with value: 0.55 and parameters: {'var_smoothing': 3.402637726935598e-09}. Best is trial 0 with value: 0.55.
[I 2026-04-13 13:09:56,446] Trial 7 finished with value: 0.55 and parameters: {'var_smoothing': 1.0885189040847657e-09}. Best is trial 0 with value: 0.55.
[I 2026-04-13 13:09:56,470] Trial 8 finished with value: 0.55 and parameters: {'var_smoothing': 3.922843686541149e-10}. Best is trial 0 with value: 0.55.
[I 2026-04-13 13:09:56,484] Trial 9 finished with value: 0.55 and parameters: {'var_smoothing': 2.3737908819373785e-10}. Best is trial 0 with value: 0.55.
[I 2026-04-13 13:09:56,502] Trial 10 finished with value: 0.55 and parameters: {'var_smoothing': 1.005826617097841e-10}. Best is trial 0 with value: 0.55.
[I 2026-04-13 13:09:56,519] Trial 11 finished with value: 0.55 and parameters: {'var_smoothing': 8.246040091550826e-09}. Best is trial 0 with value: 0.55.
[I 2026-04-13 13:09:56,548] Trial 12 finished with value: 0.55 and parameters: {'var_smoothing': 5.714429769091136e-10}. Best is trial 0 with value: 0.55.
[I 2026-04-13 13:09:56,568] Trial 13 finished with value: 0.55 and parameters: {'var_smoothing': 3.0046394488828834e-09}. Best is trial 0 with value: 0.55.
[I 2026-04-13 13:09:56,588] Trial 14 finished with value: 0.55 and parameters: {'var_smoothing': 1.0161521526134228e-10}. Best is trial 0 with value: 0.55.
[I 2026-04-13 13:09:56,605] Trial 15 finished with value: 0.55 and parameters: {'var_smoothing': 3.455011319435438e-09}. Best is trial 0 with value: 0.55.
