[I 2026-04-13 13:02:39,392] Trial 29 finished with value: 0.45 and parameters: {'n_neighbors': 6, 'leaf_size': 39, 'p': 1}. Best is trial 4 with value: 0.65.
[I 2026-04-13 13:02:39,432] A new study created in memory with name: xgb
[I 2026-04-13 13:02:39,467] Trial 0 finished with value: 0.6 and parameters: {'n_estimators': 40, 'max_depth': 5, 'gamma': 0.4874219364632415, 'subsample': 0.7011756800186824, 'colsample_bytree': 0.7613373356762848}. Best is trial 0 with value: 0.6.
[I 2026-04-13 13:02:39,507] Trial 1 finished with value: 0.6 and parameters: {'n_estimators': 40, 'max_depth': 5, 'gamma': 0.483482593428573, 'subsample': 0.6445375140090439, 'colsample_bytree': 0.9869276206002231}. Best is trial 0 with value: 0.6.
[I 2026-04-13 13:02:39,542] Trial 2 finished with value: 0.65 and parameters: {'n_estimators': 10, 'max_depth': 5, 'gamma': 0.16384856027517886, 'subsample': 0.6123849694840227, 'colsample_bytree': 0.6968174574718025}. Best is trial 2 with value: 0.65.
[I 2026-04-13 13:02:39,588] Trial 3 finished with value: 0.6 and parameters: {'n_estimators': 100, 'max_depth': 30, 'gamma': 0.7877441182293641, 'subsample': 0.9694019566553859, 'colsample_bytree': 0.6598448982335139}. Best is trial 2 with value: 0.65.
[I 2026-04-13 13:02:39,614] Trial 4 finished with value: 0.6 and parameters: {'n_estimators': 100, 'max_depth': 5, 'gamma': 0.816017102586079, 'subsample': 0.5160040782128984, 'colsample_bytree': 0.7277239110529665}. Best is trial 2 with value: 0.65.
[I 2026-04-13 13:02:39,641] Trial 5 finished with value: 0.6 and parameters: {'n_estimators': 40, 'max_depth': 20, 'gamma': 0.6643500821697236, 'subsample': 0.6076588997363731, 'colsample_bytree': 0.5754850538287481}. Best is trial 2 with value: 0.65.
[I 2026-04-13 13:02:39,680] Trial 6 finished with value: 0.6 and parameters: {'n_estimators': 100, 'max_depth': 20, 'gamma': 0.6361752212866232, 'subsample': 0.8309913561372338, 'colsample_bytree': 0.7552902276266351}. Best is trial 2 with value: 0.65.
[I 2026-04-13 13:02:39,706] Trial 7 finished with value: 0.65 and parameters: {'n_estimators': 10, 'max_depth': 5, 'gamma': 0.5767347850317142, 'subsample': 0.7995431264700696, 'colsample_bytree': 0.8604622333437917}. Best is trial 2 with value: 0.65.
[I 2026-04-13 13:02:39,755] Trial 8 finished with value: 0.65 and parameters: {'n_estimators': 100, 'max_depth': 20, 'gamma': 0.8470554948938058, 'subsample': 0.860339005739911, 'colsample_bytree': 0.9331308414408237}. Best is trial 2 with value: 0.65.
[I 2026-04-13 13:02:39,793] Trial 9 finished with value: 0.6 and parameters: {'n_estimators': 100, 'max_depth': 30, 'gamma': 0.574951454577921, 'subsample': 0.9696020680119358, 'colsample_bytree': 0.8616917074936369}. Best is trial 2 with value: 0.65.
[I 2026-04-13 13:02:39,831] Trial 10 finished with value: 0.6 and parameters: {'n_estimators': 10, 'max_depth': 5, 'gamma': 0.11769208758613511, 'subsample': 0.5220288164053076, 'colsample_bytree': 0.525322130410742}. Best is trial 2 with value: 0.65.
[I 2026-04-13 13:02:39,869] Trial 11 finished with value: 0.75 and parameters: {'n_estimators': 10, 'max_depth': 5, 'gamma': 0.21368860746262652, 'subsample': 0.77770540067081, 'colsample_bytree': 0.8442975903420453}. Best is trial 11 with value: 0.75.
[I 2026-04-13 13:02:39,905] Trial 12 finished with value: 0.65 and parameters: {'n_estimators': 10, 'max_depth': 5, 'gamma': 0.13643188046913968, 'subsample': 0.7270182113589795, 'colsample_bytree': 0.6632042275887902}. Best is trial 11 with value: 0.75.
[I 2026-04-13 13:02:39,948] Trial 13 finished with value: 0.7 and parameters: {'n_estimators': 10, 'max_depth': 5, 'gamma': 0.27562593828865173, 'subsample': 0.638211588587422, 'colsample_bytree': 0.8525527501879662}. Best is trial 11 with value: 0.75.
[I 2026-04-13 13:02:39,982] Trial 14 finished with value: 0.55 and parameters: {'n_estimators': 10, 'max_depth': 30, 'gamma': 0.3132356981440999, 'subsample': 0.8847665400527953, 'colsample_bytree': 0.8369057406521745}. Best is trial 11 with value: 0.75.
[I 2026-04-13 13:02:40,021] Trial 15 finished with value: 0.65 and parameters: {'n_estimators': 10, 'max_depth': 5, 'gamma': 0.30223954490947647, 'subsample': 0.6816883984610831, 'colsample_bytree': 0.9194348907022735}. Best is trial 11 with value: 0.75.
[I 2026-04-13 13:02:40,057] Trial 16 finished with value: 0.7 and parameters: {'n_estimators': 10, 'max_depth': 5, 'gamma': 0.33158848758713866, 'subsample': 0.7732289606757311, 'colsample_bytree': 0.82278056855916}. Best is trial 11 with value: 0.75.
[I 2026-04-13 13:02:40,099] Trial 17 finished with value: 0.7 and parameters: {'n_estimators': 10, 'max_depth': 5, 'gamma': 0.26618567889620237, 'subsample': 0.5724908470457128, 'colsample_bytree': 0.7878663565822587}. Best is trial 11 with value: 0.75.
[I 2026-04-13 13:02:40,137] Trial 18 finished with value: 0.7 and parameters: {'n_estimators': 10, 'max_depth': 30, 'gamma': 0.40619287492180733, 'subsample': 0.6642298716330907, 'colsample_bytree': 0.9412320931427682}. Best is trial 11 with value: 0.75.
[I 2026-04-13 13:02:40,176] Trial 19 finished with value: 0.7 and parameters: {'n_estimators': 10, 'max_depth': 20, 'gamma': 0.40418210449289105, 'subsample': 0.752277696807567, 'colsample_bytree': 0.8899402980217309}. Best is trial 11 with value: 0.75.
[I 2026-04-13 13:02:40,213] Trial 20 finished with value: 0.6 and parameters: {'n_estimators': 40, 'max_depth': 5, 'gamma': 0.20985855703118256, 'subsample': 0.9106231253429602, 'colsample_bytree': 0.8003736582948684}. Best is trial 11 with value: 0.75.
[I 2026-04-13 13:02:40,238] Trial 21 finished with value: 0.6 and parameters: {'n_estimators': 10, 'max_depth': 5, 'gamma': 0.36644792425591216, 'subsample': 0.7683426466135767, 'colsample_bytree': 0.8318163860090427}. Best is trial 11 with value: 0.75.
[I 2026-04-13 13:02:40,274] Trial 22 finished with value: 0.6 and parameters: {'n_estimators': 10, 'max_depth': 5, 'gamma': 0.24426033561417826, 'subsample': 0.805280876643925, 'colsample_bytree': 0.9856709511351134}. Best is trial 11 with value: 0.75.
[I 2026-04-13 13:02:40,309] Trial 23 finished with value: 0.7 and parameters: {'n_estimators': 10, 'max_depth': 5, 'gamma': 0.9953182577057711, 'subsample': 0.7305549092669321, 'colsample_bytree': 0.802021951011521}. Best is trial 11 with value: 0.75.
[I 2026-04-13 13:02:40,352] Trial 24 finished with value: 0.65 and parameters: {'n_estimators': 10, 'max_depth': 5, 'gamma': 0.2053266484915453, 'subsample': 0.7855419172832987, 'colsample_bytree': 0.8960218748885775}. Best is trial 11 with value: 0.75.
[I 2026-04-13 13:02:40,401] Trial 25 finished with value: 0.6 and parameters: {'n_estimators': 10, 'max_depth': 5, 'gamma': 0.4531935444390234, 'subsample': 0.8296311177082052, 'colsample_bytree': 0.8336487855915357}. Best is trial 11 with value: 0.75.
[I 2026-04-13 13:02:40,445] Trial 26 finished with value: 0.6 and parameters: {'n_estimators': 10, 'max_depth': 5, 'gamma': 0.3359746335536252, 'subsample': 0.6939550206547922, 'colsample_bytree': 0.7172764434887045}. Best is trial 11 with value: 0.75.
[I 2026-04-13 13:02:40,485] Trial 27 finished with value: 0.65 and parameters: {'n_estimators': 10, 'max_depth': 5, 'gamma': 0.19008633282963808, 'subsample': 0.6282517711442197, 'colsample_bytree': 0.8849975662001094}. Best is trial 11 with value: 0.75.
[I 2026-04-13 13:02:40,529] Trial 28 finished with value: 0.65 and parameters: {'n_estimators': 40, 'max_depth': 20, 'gamma': 0.11049576301531294, 'subsample': 0.5699955173234014, 'colsample_bytree': 0.7931389780477308}. Best is trial 11 with value: 0.75.
[I 2026-04-13 13:02:40,571] Trial 29 finished with value: 0.65 and parameters: {'n_estimators': 10, 'max_depth': 30, 'gamma': 0.2650104494661758, 'subsample': 0.7336912266041129, 'colsample_bytree': 0.7656694852827358}. Best is trial 11 with value: 0.75.
[I 2026-04-13 13:02:40,668] A new study created in memory with name: rf
[I 2026-04-13 13:02:41,207] Trial 0 finished with value: 0.55 and parameters: {'n_estimators': 450, 'max_depth': 20, 'min_samples_split': 9, 'min_samples_leaf': 6}. Best is trial 0 with value: 0.55.
[I 2026-04-13 13:02:41,493] Trial 1 finished with value: 0.6 and parameters: {'n_estimators': 193, 'max_depth': 3, 'min_samples_split': 5, 'min_samples_leaf': 5}. Best is trial 1 with value: 0.6.
[I 2026-04-13 13:02:41,920] Trial 2 finished with value: 0.55 and parameters: {'n_estimators': 309, 'max_depth': 11, 'min_samples_split': 6, 'min_samples_leaf': 6}. Best is trial 1 with value: 0.6.
[I 2026-04-13 13:02:42,400] Trial 3 finished with value: 0.55 and parameters: {'n_estimators': 405, 'max_depth': 15, 'min_samples_split': 7, 'min_samples_leaf': 5}. Best is trial 1 with value: 0.6.
[I 2026-04-13 13:02:42,757] Trial 4 finished with value: 0.6 and parameters: {'n_estimators': 215, 'max_depth': 20, 'min_samples_split': 5, 'min_samples_leaf': 3}. Best is trial 1 with value: 0.6.
[I 2026-04-13 13:02:43,144] Trial 5 finished with value: 0.6 and parameters: {'n_estimators': 126, 'max_depth': 20, 'min_samples_split': 3, 'min_samples_leaf': 4}. Best is trial 1 with value: 0.6.
[I 2026-04-13 13:02:43,483] Trial 6 finished with value: 0.5 and parameters: {'n_estimators': 128, 'max_depth': 7, 'min_samples_split': 5, 'min_samples_leaf': 9}. Best is trial 1 with value: 0.6.
[I 2026-04-13 13:02:43,996] Trial 7 finished with value: 0.6 and parameters: {'n_estimators': 238, 'max_depth': 20, 'min_samples_split': 2, 'min_samples_leaf': 4}. Best is trial 1 with value: 0.6.
[I 2026-04-13 13:02:44,303] Trial 8 finished with value: 0.6 and parameters: {'n_estimators': 252, 'max_depth': 16, 'min_samples_split': 10, 'min_samples_leaf': 4}. Best is trial 1 with value: 0.6.
[I 2026-04-13 13:02:44,621] Trial 9 finished with value: 0.5 and parameters: {'n_estimators': 273, 'max_depth': 7, 'min_samples_split': 9, 'min_samples_leaf': 7}. Best is trial 1 with value: 0.6.
[I 2026-04-13 13:02:45,079] Trial 10 finished with value: 0.5 and parameters: {'n_estimators': 340, 'max_depth': 4, 'min_samples_split': 4, 'min_samples_leaf': 1}. Best is trial 1 with value: 0.6.
[I 2026-04-13 13:02:45,365] Trial 11 finished with value: 0.6 and parameters: {'n_estimators': 190, 'max_depth': 3, 'min_samples_split': 7, 'min_samples_leaf': 1}. Best is trial 1 with value: 0.6.
[I 2026-04-13 13:02:45,665] Trial 12 finished with value: 0.45 and parameters: {'n_estimators': 188, 'max_depth': 12, 'min_samples_split': 5, 'min_samples_leaf': 2}. Best is trial 1 with value: 0.6.
[I 2026-04-13 13:02:45,937] Trial 13 finished with value: 0.55 and parameters: {'n_estimators': 170, 'max_depth': 9, 'min_samples_split': 4, 'min_samples_leaf': 3}. Best is trial 1 with value: 0.6.
[I 2026-04-13 13:02:46,387] Trial 14 finished with value: 0.5 and parameters: {'n_estimators': 361, 'max_depth': 16, 'min_samples_split': 7, 'min_samples_leaf': 8}. Best is trial 1 with value: 0.6.
[I 2026-04-13 13:02:46,701] Trial 15 finished with value: 0.55 and parameters: {'n_estimators': 220, 'max_depth': 14, 'min_samples_split': 5, 'min_samples_leaf': 3}. Best is trial 1 with value: 0.6.
[I 2026-04-13 13:02:47,116] Trial 16 finished with value: 0.5 and parameters: {'n_estimators': 295, 'max_depth': 6, 'min_samples_split': 2, 'min_samples_leaf': 10}. Best is trial 1 with value: 0.6.
[I 2026-04-13 13:02:47,303] Trial 17 finished with value: 0.6 and parameters: {'n_estimators': 100, 'max_depth': 18, 'min_samples_split': 6, 'min_samples_leaf': 5}. Best is trial 1 with value: 0.6.
[I 2026-04-13 13:02:47,547] Trial 18 finished with value: 0.5 and parameters: {'n_estimators': 171, 'max_depth': 10, 'min_samples_split': 4, 'min_samples_leaf': 7}. Best is trial 1 with value: 0.6.
[I 2026-04-13 13:02:48,187] Trial 19 finished with value: 0.6 and parameters: {'n_estimators': 495, 'max_depth': 13, 'min_samples_split': 6, 'min_samples_leaf': 3}. Best is trial 1 with value: 0.6.
[I 2026-04-13 13:02:48,491] Trial 20 finished with value: 0.55 and parameters: {'n_estimators': 216, 'max_depth': 5, 'min_samples_split': 8, 'min_samples_leaf': 2}. Best is trial 1 with value: 0.6.
[I 2026-04-13 13:02:48,777] Trial 21 finished with value: 0.55 and parameters: {'n_estimators': 143, 'max_depth': 18, 'min_samples_split': 3, 'min_samples_leaf': 4}. Best is trial 1 with value: 0.6.
[I 2026-04-13 13:02:48,946] Trial 22 finished with value: 0.55 and parameters: {'n_estimators': 110, 'max_depth': 18, 'min_samples_split': 3, 'min_samples_leaf': 5}. Best is trial 1 with value: 0.6.
[I 2026-04-13 13:02:49,217] Trial 23 finished with value: 0.55 and parameters: {'n_estimators': 145, 'max_depth': 20, 'min_samples_split': 3, 'min_samples_leaf': 4}. Best is trial 1 with value: 0.6.
[I 2026-04-13 13:02:49,553] Trial 24 finished with value: 0.45 and parameters: {'n_estimators': 205, 'max_depth': 17, 'min_samples_split': 5, 'min_samples_leaf': 2}. Best is trial 1 with value: 0.6.
[I 2026-04-13 13:02:49,804] Trial 25 finished with value: 0.5 and parameters: {'n_estimators': 159, 'max_depth': 9, 'min_samples_split': 4, 'min_samples_leaf': 6}. Best is trial 1 with value: 0.6.
[I 2026-04-13 13:02:50,218] Trial 26 finished with value: 0.6 and parameters: {'n_estimators': 255, 'max_depth': 19, 'min_samples_split': 3, 'min_samples_leaf': 3}. Best is trial 1 with value: 0.6.
[I 2026-04-13 13:02:50,396] Trial 27 finished with value: 0.5 and parameters: {'n_estimators': 123, 'max_depth': 14, 'min_samples_split': 2, 'min_samples_leaf': 7}. Best is trial 1 with value: 0.6.
[I 2026-04-13 13:02:50,810] Trial 28 finished with value: 0.5 and parameters: {'n_estimators': 282, 'max_depth': 16, 'min_samples_split': 6, 'min_samples_leaf': 5}. Best is trial 1 with value: 0.6.
[I 2026-04-13 13:02:51,108] Trial 29 finished with value: 0.65 and parameters: {'n_estimators': 229, 'max_depth': 19, 'min_samples_split': 4, 'min_samples_leaf': 6}. Best is trial 29 with value: 0.65.
[I 2026-04-13 13:02:51,664] A new study created in memory with name: mlp
[I 2026-04-13 13:02:51,719] Trial 0 finished with value: 0.45 and parameters: {'hidden_layer_sizes': (200,), 'max_iter': 50, 'alpha': 0.001}. Best is trial 0 with value: 0.45.
[I 2026-04-13 13:02:51,780] Trial 1 finished with value: 0.45 and parameters: {'hidden_layer_sizes': (200,), 'max_iter': 50, 'alpha': 0.0001}. Best is trial 0 with value: 0.45.
[I 2026-04-13 13:02:51,828] Trial 2 finished with value: 0.55 and parameters: {'hidden_layer_sizes': (100,), 'max_iter': 50, 'alpha': 0.0001}. Best is trial 2 with value: 0.55.
[I 2026-04-13 13:02:51,884] Trial 3 finished with value: 0.55 and parameters: {'hidden_layer_sizes': (100,), 'max_iter': 100, 'alpha': 0.001}. Best is trial 2 with value: 0.55.
[I 2026-04-13 13:02:51,957] Trial 4 finished with value: 0.45 and parameters: {'hidden_layer_sizes': (200,), 'max_iter': 100, 'alpha': 0.001}. Best is trial 2 with value: 0.55.
[I 2026-04-13 13:02:52,015] Trial 5 finished with value: 0.45 and parameters: {'hidden_layer_sizes': (200,), 'max_iter': 50, 'alpha': 0.001}. Best is trial 2 with value: 0.55.
[I 2026-04-13 13:02:52,073] Trial 6 finished with value: 0.4 and parameters: {'hidden_layer_sizes': (100,), 'max_iter': 100, 'alpha': 0.0001}. Best is trial 2 with value: 0.55.
[I 2026-04-13 13:02:52,122] Trial 7 finished with value: 0.5 and parameters: {'hidden_layer_sizes': (100, 100), 'max_iter': 50, 'alpha': 0.0001}. Best is trial 2 with value: 0.55.
[I 2026-04-13 13:02:52,207] Trial 8 finished with value: 0.4 and parameters: {'hidden_layer_sizes': (100, 100), 'max_iter': 100, 'alpha': 0.0001}. Best is trial 2 with value: 0.55.
[I 2026-04-13 13:02:52,243] Trial 9 finished with value: 0.45 and parameters: {'hidden_layer_sizes': (100,), 'max_iter': 50, 'alpha': 0.001}. Best is trial 2 with value: 0.55.
[I 2026-04-13 13:02:52,293] Trial 10 finished with value: 0.5 and parameters: {'hidden_layer_sizes': (100,), 'max_iter': 50, 'alpha': 0.0001}. Best is trial 2 with value: 0.55.
[I 2026-04-13 13:02:52,371] Trial 11 finished with value: 0.4 and parameters: {'hidden_layer_sizes': (100,), 'max_iter': 100, 'alpha': 0.001}. Best is trial 2 with value: 0.55.
[I 2026-04-13 13:02:52,438] Trial 12 finished with value: 0.45 and parameters: {'hidden_layer_sizes': (100,), 'max_iter': 100, 'alpha': 0.0001}. Best is trial 2 with value: 0.55.
[I 2026-04-13 13:02:52,505] Trial 13 finished with value: 0.4 and parameters: {'hidden_layer_sizes': (100,), 'max_iter': 100, 'alpha': 0.001}. Best is trial 2 with value: 0.55.
[I 2026-04-13 13:02:52,551] Trial 14 finished with value: 0.6 and parameters: {'hidden_layer_sizes': (100,), 'max_iter': 50, 'alpha': 0.001}. Best is trial 14 with value: 0.6.
[I 2026-04-13 13:02:52,601] Trial 15 finished with value: 0.5 and parameters: {'hidden_layer_sizes': (100,), 'max_iter': 50, 'alpha': 0.0001}. Best is trial 14 with value: 0.6.
[I 2026-04-13 13:02:52,652] Trial 16 finished with value: 0.5 and parameters: {'hidden_layer_sizes': (100, 100), 'max_iter': 50, 'alpha': 0.001}. Best is trial 14 with value: 0.6.
[I 2026-04-13 13:02:52,700] Trial 17 finished with value: 0.55 and parameters: {'hidden_layer_sizes': (100,), 'max_iter': 50, 'alpha': 0.0001}. Best is trial 14 with value: 0.6.
[I 2026-04-13 13:02:52,748] Trial 18 finished with value: 0.55 and parameters: {'hidden_layer_sizes': (100,), 'max_iter': 50, 'alpha': 0.001}. Best is trial 14 with value: 0.6.
[I 2026-04-13 13:02:52,808] Trial 19 finished with value: 0.45 and parameters: {'hidden_layer_sizes': (100, 100), 'max_iter': 50, 'alpha': 0.0001}. Best is trial 14 with value: 0.6.
[I 2026-04-13 13:02:52,848] Trial 20 finished with value: 0.5 and parameters: {'hidden_layer_sizes': (100,), 'max_iter': 50, 'alpha': 0.0001}. Best is trial 14 with value: 0.6.
[I 2026-04-13 13:02:52,928] Trial 21 finished with value: 0.5 and parameters: {'hidden_layer_sizes': (100,), 'max_iter': 100, 'alpha': 0.001}. Best is trial 14 with value: 0.6.
[I 2026-04-13 13:02:53,008] Trial 22 finished with value: 0.4 and parameters: {'hidden_layer_sizes': (100,), 'max_iter': 100, 'alpha': 0.001}. Best is trial 14 with value: 0.6.
[I 2026-04-13 13:02:53,077] Trial 23 finished with value: 0.4 and parameters: {'hidden_layer_sizes': (100,), 'max_iter': 100, 'alpha': 0.001}. Best is trial 14 with value: 0.6.
[I 2026-04-13 13:02:53,114] Trial 24 finished with value: 0.55 and parameters: {'hidden_layer_sizes': (100,), 'max_iter': 50, 'alpha': 0.001}. Best is trial 14 with value: 0.6.
[I 2026-04-13 13:02:53,153] Trial 25 finished with value: 0.45 and parameters: {'hidden_layer_sizes': (100,), 'max_iter': 50, 'alpha': 0.001}. Best is trial 14 with value: 0.6.
[I 2026-04-13 13:02:53,213] Trial 26 finished with value: 0.45 and parameters: {'hidden_layer_sizes': (100,), 'max_iter': 100, 'alpha': 0.001}. Best is trial 14 with value: 0.6.
[I 2026-04-13 13:02:53,273] Trial 27 finished with value: 0.55 and parameters: {'hidden_layer_sizes': (100,), 'max_iter': 50, 'alpha': 0.001}. Best is trial 14 with value: 0.6.
[I 2026-04-13 13:02:53,350] Trial 28 finished with value: 0.45 and parameters: {'hidden_layer_sizes': (200,), 'max_iter': 100, 'alpha': 0.0001}. Best is trial 14 with value: 0.6.
[I 2026-04-13 13:02:53,417] Trial 29 finished with value: 0.4 and parameters: {'hidden_layer_sizes': (100, 100), 'max_iter': 50, 'alpha': 0.001}. Best is trial 14 with value: 0.6.
[I 2026-04-13 13:02:53,589] A new study created in memory with name: naive_bayes
[I 2026-04-13 13:02:53,613] Trial 0 finished with value: 0.55 and parameters: {'var_smoothing': 5.582886587978182e-09}. Best is trial 0 with value: 0.55.
[I 2026-04-13 13:02:53,627] Trial 1 finished with value: 0.55 and parameters: {'var_smoothing': 8.651299071518215e-09}. Best is trial 0 with value: 0.55.
[I 2026-04-13 13:02:53,642] Trial 2 finished with value: 0.55 and parameters: {'var_smoothing': 5.475062490474489e-09}. Best is trial 0 with value: 0.55.
[I 2026-04-13 13:02:53,656] Trial 3 finished with value: 0.55 and parameters: {'var_smoothing': 1.1526869678723134e-09}. Best is trial 0 with value: 0.55.
[I 2026-04-13 13:02:53,671] Trial 4 finished with value: 0.55 and parameters: {'var_smoothing': 2.920496270341785e-10}. Best is trial 0 with value: 0.55.
[I 2026-04-13 13:02:53,686] Trial 5 finished with value: 0.55 and parameters: {'var_smoothing': 1.0538956417705805e-10}. Best is trial 0 with value: 0.55.
[I 2026-04-13 13:02:53,701] Trial 6 finished with value: 0.55 and parameters: {'var_smoothing': 7.260016982331591e-10}. Best is trial 0 with value: 0.55.
[I 2026-04-13 13:02:53,715] Trial 7 finished with value: 0.55 and parameters: {'var_smoothing': 6.378267364653917e-10}. Best is trial 0 with value: 0.55.
[I 2026-04-13 13:02:53,729] Trial 8 finished with value: 0.55 and parameters: {'var_smoothing': 1.1100673847791952e-09}. Best is trial 0 with value: 0.55.
[I 2026-04-13 13:02:53,744] Trial 9 finished with value: 0.55 and parameters: {'var_smoothing': 9.052813879088377e-10}. Best is trial 0 with value: 0.55.
[I 2026-04-13 13:02:53,766] Trial 10 finished with value: 0.55 and parameters: {'var_smoothing': 3.20543606083287e-09}. Best is trial 0 with value: 0.55.
[I 2026-04-13 13:02:53,794] Trial 11 finished with value: 0.55 and parameters: {'var_smoothing': 8.433965140342417e-09}. Best is trial 0 with value: 0.55.
[I 2026-04-13 13:02:53,812] Trial 12 finished with value: 0.55 and parameters: {'var_smoothing': 2.860874278982245e-09}. Best is trial 0 with value: 0.55.
[I 2026-04-13 13:02:53,830] Trial 13 finished with value: 0.55 and parameters: {'var_smoothing': 9.270349036178526e-09}. Best is trial 0 with value: 0.55.
[I 2026-04-13 13:02:53,847] Trial 14 finished with value: 0.55 and parameters: {'var_smoothing': 3.13069447640915e-09}. Best is trial 0 with value: 0.55.
[I 2026-04-13 13:02:53,864] Trial 15 finished with value: 0.55 and parameters: {'var_smoothing': 5.223604886811285e-09}. Best is trial 0 with value: 0.55.
[I 2026-04-13 13:02:53,883] Trial 16 finished with value: 0.55 and parameters: {'var_smoothing': 2.0295724993447026e-09}. Best is trial 0 with value: 0.55.
