[I 2026-04-13 12:59:02,288] Trial 17 finished with value: 0.55 and parameters: {'var_smoothing': 1.0118559267516465e-10}. Best is trial 0 with value: 0.55.
[I 2026-04-13 12:59:02,306] Trial 18 finished with value: 0.55 and parameters: {'var_smoothing': 5.126237368588495e-10}. Best is trial 0 with value: 0.55.
[I 2026-04-13 12:59:02,334] Trial 19 finished with value: 0.55 and parameters: {'var_smoothing': 1.7743118427439911e-09}. Best is trial 0 with value: 0.55.
[I 2026-04-13 12:59:02,351] Trial 20 finished with value: 0.55 and parameters: {'var_smoothing': 5.29215399120128e-09}. Best is trial 0 with value: 0.55.
[I 2026-04-13 12:59:02,380] Trial 21 finished with value: 0.55 and parameters: {'var_smoothing': 6.215389304971454e-10}. Best is trial 0 with value: 0.55.
[I 2026-04-13 12:59:02,397] Trial 22 finished with value: 0.55 and parameters: {'var_smoothing': 2.205158371956595e-10}. Best is trial 0 with value: 0.55.
[I 2026-04-13 12:59:02,413] Trial 23 finished with value: 0.55 and parameters: {'var_smoothing': 6.714468189294179e-10}. Best is trial 0 with value: 0.55.
[I 2026-04-13 12:59:02,432] Trial 24 finished with value: 0.55 and parameters: {'var_smoothing': 1.6303611152529254e-09}. Best is trial 0 with value: 0.55.
[I 2026-04-13 12:59:02,450] Trial 25 finished with value: 0.55 and parameters: {'var_smoothing': 5.460180203252778e-09}. Best is trial 0 with value: 0.55.
[I 2026-04-13 12:59:02,469] Trial 26 finished with value: 0.55 and parameters: {'var_smoothing': 1.0123007748054653e-10}. Best is trial 0 with value: 0.55.
[I 2026-04-13 12:59:02,487] Trial 27 finished with value: 0.55 and parameters: {'var_smoothing': 3.7004726843827016e-09}. Best is trial 0 with value: 0.55.
[I 2026-04-13 12:59:02,506] Trial 28 finished with value: 0.55 and parameters: {'var_smoothing': 8.062949328123723e-10}. Best is trial 0 with value: 0.55.
[I 2026-04-13 12:59:02,524] Trial 29 finished with value: 0.55 and parameters: {'var_smoothing': 1.8379694059711336e-09}. Best is trial 0 with value: 0.55.
[I 2026-04-13 12:59:02,558] A new study created in memory with name: logreg
[I 2026-04-13 12:59:02,582] Trial 0 finished with value: 0.6 and parameters: {'C': 0.002407362254570802, 'penalty': 'l2'}. Best is trial 0 with value: 0.6.
[I 2026-04-13 12:59:02,607] Trial 1 finished with value: 0.6 and parameters: {'C': 7.935859334260497, 'penalty': 'l2'}. Best is trial 0 with value: 0.6.
[I 2026-04-13 12:59:02,622] Trial 2 finished with value: 0.55 and parameters: {'C': 0.15561310098067915, 'penalty': 'l2'}. Best is trial 0 with value: 0.6.
[I 2026-04-13 12:59:02,647] Trial 3 finished with value: 0.55 and parameters: {'C': 4.143104515916128, 'penalty': 'l2'}. Best is trial 0 with value: 0.6.
[I 2026-04-13 12:59:02,671] Trial 4 finished with value: 0.55 and parameters: {'C': 77.61533923098803, 'penalty': 'l2'}. Best is trial 0 with value: 0.6.
[I 2026-04-13 12:59:02,685] Trial 5 finished with value: 0.55 and parameters: {'C': 0.49258292359934785, 'penalty': 'l2'}. Best is trial 0 with value: 0.6.
[I 2026-04-13 12:59:02,712] Trial 6 finished with value: 0.55 and parameters: {'C': 0.320333470047146, 'penalty': 'l2'}. Best is trial 0 with value: 0.6.
[I 2026-04-13 12:59:02,727] Trial 7 finished with value: 0.6 and parameters: {'C': 0.002292216671132896, 'penalty': 'l2'}. Best is trial 0 with value: 0.6.
[I 2026-04-13 12:59:02,742] Trial 8 finished with value: 0.6 and parameters: {'C': 0.0219884643872214, 'penalty': 'l2'}. Best is trial 0 with value: 0.6.
[I 2026-04-13 12:59:02,766] Trial 9 finished with value: 0.55 and parameters: {'C': 0.31580027519646636, 'penalty': 'l2'}. Best is trial 0 with value: 0.6.
[I 2026-04-13 12:59:02,794] Trial 10 finished with value: 0.6 and parameters: {'C': 0.005028545732690317, 'penalty': 'l2'}. Best is trial 0 with value: 0.6.
[I 2026-04-13 12:59:02,824] Trial 11 finished with value: 0.55 and parameters: {'C': 15.514850032264519, 'penalty': 'l2'}. Best is trial 0 with value: 0.6.
[I 2026-04-13 12:59:02,843] Trial 12 finished with value: 0.55 and parameters: {'C': 3.8533453410664578, 'penalty': 'l2'}. Best is trial 0 with value: 0.6.
[I 2026-04-13 12:59:02,872] Trial 13 finished with value: 0.6 and parameters: {'C': 0.04053444936620892, 'penalty': 'l2'}. Best is trial 0 with value: 0.6.
[I 2026-04-13 12:59:02,901] Trial 14 finished with value: 0.55 and parameters: {'C': 3.6189108554787492, 'penalty': 'l2'}. Best is trial 0 with value: 0.6.
[I 2026-04-13 12:59:02,930] Trial 15 finished with value: 0.55 and parameters: {'C': 76.85235596180026, 'penalty': 'l2'}. Best is trial 0 with value: 0.6.
[I 2026-04-13 12:59:02,948] Trial 16 finished with value: 0.6 and parameters: {'C': 0.012579852256827942, 'penalty': 'l2'}. Best is trial 0 with value: 0.6.
[I 2026-04-13 12:59:02,966] Trial 17 finished with value: 0.6 and parameters: {'C': 0.0010299038925161348, 'penalty': 'l2'}. Best is trial 0 with value: 0.6.
[I 2026-04-13 12:59:02,995] Trial 18 finished with value: 0.6 and parameters: {'C': 0.059497234598840446, 'penalty': 'l2'}. Best is trial 0 with value: 0.6.
[I 2026-04-13 12:59:03,025] Trial 19 finished with value: 0.55 and parameters: {'C': 1.326095734760134, 'penalty': 'l2'}. Best is trial 0 with value: 0.6.
[I 2026-04-13 12:59:03,057] Trial 20 finished with value: 0.55 and parameters: {'C': 20.37422894544439, 'penalty': 'l2'}. Best is trial 0 with value: 0.6.
[I 2026-04-13 12:59:03,088] Trial 21 finished with value: 0.6 and parameters: {'C': 0.0010450781217522568, 'penalty': 'l2'}. Best is trial 0 with value: 0.6.
[I 2026-04-13 12:59:03,116] Trial 22 finished with value: 0.6 and parameters: {'C': 0.0029998767838804977, 'penalty': 'l2'}. Best is trial 0 with value: 0.6.
[I 2026-04-13 12:59:03,131] Trial 23 finished with value: 0.6 and parameters: {'C': 0.005427687564053095, 'penalty': 'l2'}. Best is trial 0 with value: 0.6.
[I 2026-04-13 12:59:03,151] Trial 24 finished with value: 0.6 and parameters: {'C': 0.0030895660800522124, 'penalty': 'l2'}. Best is trial 0 with value: 0.6.
[I 2026-04-13 12:59:03,181] Trial 25 finished with value: 0.6 and parameters: {'C': 0.009780839736541995, 'penalty': 'l2'}. Best is trial 0 with value: 0.6.
[I 2026-04-13 12:59:03,208] Trial 26 finished with value: 0.6 and parameters: {'C': 0.08708181392592668, 'penalty': 'l2'}. Best is trial 0 with value: 0.6.
[I 2026-04-13 12:59:03,236] Trial 27 finished with value: 0.55 and parameters: {'C': 0.8787274571068038, 'penalty': 'l2'}. Best is trial 0 with value: 0.6.
[I 2026-04-13 12:59:03,268] Trial 28 finished with value: 0.6 and parameters: {'C': 0.0020520645003770334, 'penalty': 'l2'}. Best is trial 0 with value: 0.6.
[I 2026-04-13 12:59:03,288] Trial 29 finished with value: 0.6 and parameters: {'C': 0.12103469634734605, 'penalty': 'l2'}. Best is trial 0 with value: 0.6.
[I 2026-04-13 12:59:03,325] A new study created in memory with name: knn
[I 2026-04-13 12:59:03,338] Trial 0 finished with value: 0.6 and parameters: {'n_neighbors': 3, 'leaf_size': 36, 'p': 2}. Best is trial 0 with value: 0.6.
[I 2026-04-13 12:59:03,351] Trial 1 finished with value: 0.45 and parameters: {'n_neighbors': 10, 'leaf_size': 31, 'p': 1}. Best is trial 0 with value: 0.6.
[I 2026-04-13 12:59:03,365] Trial 2 finished with value: 0.7 and parameters: {'n_neighbors': 5, 'leaf_size': 30, 'p': 2}. Best is trial 2 with value: 0.7.
[I 2026-04-13 12:59:03,380] Trial 3 finished with value: 0.65 and parameters: {'n_neighbors': 6, 'leaf_size': 21, 'p': 2}. Best is trial 2 with value: 0.7.
[I 2026-04-13 12:59:03,395] Trial 4 finished with value: 0.6 and parameters: {'n_neighbors': 4, 'leaf_size': 29, 'p': 1}. Best is trial 2 with value: 0.7.
[I 2026-04-13 12:59:03,410] Trial 5 finished with value: 0.65 and parameters: {'n_neighbors': 7, 'leaf_size': 39, 'p': 2}. Best is trial 2 with value: 0.7.
[I 2026-04-13 12:59:03,423] Trial 6 finished with value: 0.6 and parameters: {'n_neighbors': 10, 'leaf_size': 22, 'p': 2}. Best is trial 2 with value: 0.7.
[I 2026-04-13 12:59:03,436] Trial 7 finished with value: 0.6 and parameters: {'n_neighbors': 8, 'leaf_size': 29, 'p': 2}. Best is trial 2 with value: 0.7.
[I 2026-04-13 12:59:03,450] Trial 8 finished with value: 0.7 and parameters: {'n_neighbors': 5, 'leaf_size': 30, 'p': 2}. Best is trial 2 with value: 0.7.
[I 2026-04-13 12:59:03,464] Trial 9 finished with value: 0.4 and parameters: {'n_neighbors': 9, 'leaf_size': 26, 'p': 1}. Best is trial 2 with value: 0.7.
[I 2026-04-13 12:59:03,494] Trial 10 finished with value: 0.65 and parameters: {'n_neighbors': 5, 'leaf_size': 35, 'p': 1}. Best is trial 2 with value: 0.7.
[I 2026-04-13 12:59:03,515] Trial 11 finished with value: 0.7 and parameters: {'n_neighbors': 5, 'leaf_size': 32, 'p': 2}. Best is trial 2 with value: 0.7.
[I 2026-04-13 12:59:03,535] Trial 12 finished with value: 0.65 and parameters: {'n_neighbors': 6, 'leaf_size': 26, 'p': 2}. Best is trial 2 with value: 0.7.
[I 2026-04-13 12:59:03,570] Trial 13 finished with value: 0.6 and parameters: {'n_neighbors': 3, 'leaf_size': 33, 'p': 2}. Best is trial 2 with value: 0.7.
[I 2026-04-13 12:59:03,589] Trial 14 finished with value: 0.7 and parameters: {'n_neighbors': 5, 'leaf_size': 26, 'p': 2}. Best is trial 2 with value: 0.7.
[I 2026-04-13 12:59:03,623] Trial 15 finished with value: 0.65 and parameters: {'n_neighbors': 7, 'leaf_size': 28, 'p': 2}. Best is trial 2 with value: 0.7.
[I 2026-04-13 12:59:03,643] Trial 16 finished with value: 0.6 and parameters: {'n_neighbors': 4, 'leaf_size': 24, 'p': 2}. Best is trial 2 with value: 0.7.
[I 2026-04-13 12:59:03,677] Trial 17 finished with value: 0.6 and parameters: {'n_neighbors': 4, 'leaf_size': 35, 'p': 2}. Best is trial 2 with value: 0.7.
[I 2026-04-13 12:59:03,698] Trial 18 finished with value: 0.55 and parameters: {'n_neighbors': 6, 'leaf_size': 39, 'p': 1}. Best is trial 2 with value: 0.7.
[I 2026-04-13 12:59:03,720] Trial 19 finished with value: 0.7 and parameters: {'n_neighbors': 5, 'leaf_size': 33, 'p': 2}. Best is trial 2 with value: 0.7.
[I 2026-04-13 12:59:03,741] Trial 20 finished with value: 0.6 and parameters: {'n_neighbors': 8, 'leaf_size': 30, 'p': 2}. Best is trial 2 with value: 0.7.
[I 2026-04-13 12:59:03,763] Trial 21 finished with value: 0.7 and parameters: {'n_neighbors': 5, 'leaf_size': 32, 'p': 2}. Best is trial 2 with value: 0.7.
[I 2026-04-13 12:59:03,786] Trial 22 finished with value: 0.6 and parameters: {'n_neighbors': 4, 'leaf_size': 28, 'p': 2}. Best is trial 2 with value: 0.7.
[I 2026-04-13 12:59:03,807] Trial 23 finished with value: 0.7 and parameters: {'n_neighbors': 5, 'leaf_size': 31, 'p': 2}. Best is trial 2 with value: 0.7.
[I 2026-04-13 12:59:03,831] Trial 24 finished with value: 0.65 and parameters: {'n_neighbors': 6, 'leaf_size': 33, 'p': 2}. Best is trial 2 with value: 0.7.
[I 2026-04-13 12:59:03,855] Trial 25 finished with value: 0.65 and parameters: {'n_neighbors': 7, 'leaf_size': 37, 'p': 2}. Best is trial 2 with value: 0.7.
[I 2026-04-13 12:59:03,880] Trial 26 finished with value: 0.55 and parameters: {'n_neighbors': 3, 'leaf_size': 27, 'p': 1}. Best is trial 2 with value: 0.7.
[I 2026-04-13 12:59:03,913] Trial 27 finished with value: 0.6 and parameters: {'n_neighbors': 4, 'leaf_size': 31, 'p': 2}. Best is trial 2 with value: 0.7.
[I 2026-04-13 12:59:03,936] Trial 28 finished with value: 0.7 and parameters: {'n_neighbors': 5, 'leaf_size': 34, 'p': 2}. Best is trial 2 with value: 0.7.
[I 2026-04-13 12:59:03,962] Trial 29 finished with value: 0.6 and parameters: {'n_neighbors': 3, 'leaf_size': 37, 'p': 2}. Best is trial 2 with value: 0.7.
[I 2026-04-13 12:59:03,996] A new study created in memory with name: xgb
[I 2026-04-13 12:59:04,024] Trial 0 finished with value: 0.45 and parameters: {'n_estimators': 40, 'max_depth': 20, 'gamma': 0.5510084172939441, 'subsample': 0.5360255666798808, 'colsample_bytree': 0.6342194900509356}. Best is trial 0 with value: 0.45.
[I 2026-04-13 12:59:04,060] Trial 1 finished with value: 0.6 and parameters: {'n_estimators': 100, 'max_depth': 5, 'gamma': 0.9186341749476523, 'subsample': 0.6066926767899578, 'colsample_bytree': 0.7260619809088416}. Best is trial 1 with value: 0.6.
[I 2026-04-13 12:59:04,096] Trial 2 finished with value: 0.45 and parameters: {'n_estimators': 10, 'max_depth': 5, 'gamma': 0.9182155373980582, 'subsample': 0.566584722879625, 'colsample_bytree': 0.761706290336883}. Best is trial 1 with value: 0.6.
[I 2026-04-13 12:59:04,122] Trial 3 finished with value: 0.35 and parameters: {'n_estimators': 10, 'max_depth': 20, 'gamma': 0.5296610393664296, 'subsample': 0.6829451928902965, 'colsample_bytree': 0.9189589971546304}. Best is trial 1 with value: 0.6.
[I 2026-04-13 12:59:04,148] Trial 4 finished with value: 0.5 and parameters: {'n_estimators': 10, 'max_depth': 20, 'gamma': 0.6916595165017824, 'subsample': 0.6851755414940176, 'colsample_bytree': 0.7295464889457157}. Best is trial 1 with value: 0.6.
[I 2026-04-13 12:59:04,185] Trial 5 finished with value: 0.55 and parameters: {'n_estimators': 100, 'max_depth': 20, 'gamma': 0.48380821541644814, 'subsample': 0.8171899343169193, 'colsample_bytree': 0.7614531005141727}. Best is trial 1 with value: 0.6.
[I 2026-04-13 12:59:04,215] Trial 6 finished with value: 0.7 and parameters: {'n_estimators': 10, 'max_depth': 5, 'gamma': 0.9599214907026333, 'subsample': 0.8414569271877088, 'colsample_bytree': 0.5265643453364788}. Best is trial 6 with value: 0.7.
[I 2026-04-13 12:59:04,243] Trial 7 finished with value: 0.65 and parameters: {'n_estimators': 40, 'max_depth': 5, 'gamma': 0.5250915966595621, 'subsample': 0.9207383574491986, 'colsample_bytree': 0.565555321173957}. Best is trial 6 with value: 0.7.
[I 2026-04-13 12:59:04,283] Trial 8 finished with value: 0.7 and parameters: {'n_estimators': 100, 'max_depth': 5, 'gamma': 0.3919835527051987, 'subsample': 0.6502094521590198, 'colsample_bytree': 0.5827507002328938}. Best is trial 6 with value: 0.7.
[I 2026-04-13 12:59:04,332] Trial 9 finished with value: 0.75 and parameters: {'n_estimators': 100, 'max_depth': 5, 'gamma': 0.8003922413895069, 'subsample': 0.9436444759263674, 'colsample_bytree': 0.8374593849333938}. Best is trial 9 with value: 0.75.
[I 2026-04-13 12:59:04,391] Trial 10 finished with value: 0.65 and parameters: {'n_estimators': 100, 'max_depth': 30, 'gamma': 0.13445536345660636, 'subsample': 0.9731731741682396, 'colsample_bytree': 0.9446716873952172}. Best is trial 9 with value: 0.75.
[I 2026-04-13 12:59:04,441] Trial 11 finished with value: 0.6 and parameters: {'n_estimators': 10, 'max_depth': 5, 'gamma': 0.7539108460734847, 'subsample': 0.8337575342165754, 'colsample_bytree': 0.8759461112098994}. Best is trial 9 with value: 0.75.
[I 2026-04-13 12:59:04,501] Trial 12 finished with value: 0.65 and parameters: {'n_estimators': 100, 'max_depth': 30, 'gamma': 0.9843948339474883, 'subsample': 0.8961237565758147, 'colsample_bytree': 0.8373150317004258}. Best is trial 9 with value: 0.75.
[I 2026-04-13 12:59:04,540] Trial 13 finished with value: 0.55 and parameters: {'n_estimators': 10, 'max_depth': 5, 'gamma': 0.7769294284838534, 'subsample': 0.7830770813519281, 'colsample_bytree': 0.8262453445877058}. Best is trial 9 with value: 0.75.
[I 2026-04-13 12:59:04,577] Trial 14 finished with value: 0.75 and parameters: {'n_estimators': 40, 'max_depth': 5, 'gamma': 0.8272651288986543, 'subsample': 0.9870711347114001, 'colsample_bytree': 0.5198740008417874}. Best is trial 9 with value: 0.75.
[I 2026-04-13 12:59:04,615] Trial 15 finished with value: 0.65 and parameters: {'n_estimators': 40, 'max_depth': 5, 'gamma': 0.8140261964492661, 'subsample': 0.9804366519861869, 'colsample_bytree': 0.6288183910296102}. Best is trial 9 with value: 0.75.
[I 2026-04-13 12:59:04,653] Trial 16 finished with value: 0.7 and parameters: {'n_estimators': 40, 'max_depth': 30, 'gamma': 0.6692733618233644, 'subsample': 0.9129961064482436, 'colsample_bytree': 0.998700616983048}. Best is trial 9 with value: 0.75.
[I 2026-04-13 12:59:04,691] Trial 17 finished with value: 0.75 and parameters: {'n_estimators': 40, 'max_depth': 5, 'gamma': 0.8493118262135932, 'subsample': 0.9946269724006908, 'colsample_bytree': 0.6742119142218679}. Best is trial 9 with value: 0.75.
[I 2026-04-13 12:59:04,745] Trial 18 finished with value: 0.65 and parameters: {'n_estimators': 100, 'max_depth': 5, 'gamma': 0.6679549385335283, 'subsample': 0.7340069295172594, 'colsample_bytree': 0.5151307093701673}. Best is trial 9 with value: 0.75.
[I 2026-04-13 12:59:04,791] Trial 19 finished with value: 0.75 and parameters: {'n_estimators': 40, 'max_depth': 30, 'gamma': 0.3174139674775436, 'subsample': 0.9366246865148032, 'colsample_bytree': 0.808710309351848}. Best is trial 9 with value: 0.75.
[I 2026-04-13 12:59:04,838] Trial 20 finished with value: 0.65 and parameters: {'n_estimators': 100, 'max_depth': 5, 'gamma': 0.8662404226942189, 'subsample': 0.8682948798504168, 'colsample_bytree': 0.6678928038600858}. Best is trial 9 with value: 0.75.
[I 2026-04-13 12:59:04,872] Trial 21 finished with value: 0.75 and parameters: {'n_estimators': 40, 'max_depth': 5, 'gamma': 0.8264800364426615, 'subsample': 0.994065732610174, 'colsample_bytree': 0.7051910854695331}. Best is trial 9 with value: 0.75.
[I 2026-04-13 12:59:04,908] Trial 22 finished with value: 0.7 and parameters: {'n_estimators': 40, 'max_depth': 5, 'gamma': 0.7205876162789854, 'subsample': 0.9532607020226899, 'colsample_bytree': 0.6029566595524758}. Best is trial 9 with value: 0.75.
[I 2026-04-13 12:59:04,949] Trial 23 finished with value: 0.6 and parameters: {'n_estimators': 40, 'max_depth': 5, 'gamma': 0.8674657643018536, 'subsample': 0.876238990749607, 'colsample_bytree': 0.6778528556091171}. Best is trial 9 with value: 0.75.
[I 2026-04-13 12:59:04,990] Trial 24 finished with value: 0.7 and parameters: {'n_estimators': 40, 'max_depth': 5, 'gamma': 0.6371177804985664, 'subsample': 0.9958665208341201, 'colsample_bytree': 0.7895419672778465}. Best is trial 9 with value: 0.75.
[I 2026-04-13 12:59:05,032] Trial 25 finished with value: 0.7 and parameters: {'n_estimators': 40, 'max_depth': 5, 'gamma': 0.5985427467305175, 'subsample': 0.940270394240226, 'colsample_bytree': 0.8617794573506564}. Best is trial 9 with value: 0.75.
[I 2026-04-13 12:59:05,074] Trial 26 finished with value: 0.45 and parameters: {'n_estimators': 40, 'max_depth': 5, 'gamma': 0.7660446622432258, 'subsample': 0.7759909773098492, 'colsample_bytree': 0.5513030496403792}. Best is trial 9 with value: 0.75.
[I 2026-04-13 12:59:05,128] Trial 27 finished with value: 0.75 and parameters: {'n_estimators': 100, 'max_depth': 5, 'gamma': 0.9956747847703237, 'subsample': 0.9577164425321683, 'colsample_bytree': 0.8901089750552885}. Best is trial 9 with value: 0.75.
[I 2026-04-13 12:59:05,174] Trial 28 finished with value: 0.6 and parameters: {'n_estimators': 40, 'max_depth': 30, 'gamma': 0.8826482704542667, 'subsample': 0.8789452079412341, 'colsample_bytree': 0.656233031488983}. Best is trial 9 with value: 0.75.
[I 2026-04-13 12:59:05,233] Trial 29 finished with value: 0.6 and parameters: {'n_estimators': 40, 'max_depth': 20, 'gamma': 0.808169796675045, 'subsample': 0.9264697790248511, 'colsample_bytree': 0.6169874115233954}. Best is trial 9 with value: 0.75.
[I 2026-04-13 12:59:05,375] A new study created in memory with name: rf
[I 2026-04-13 12:59:05,561] Trial 0 finished with value: 0.5 and parameters: {'n_estimators': 130, 'max_depth': 17, 'min_samples_split': 5, 'min_samples_leaf': 8}. Best is trial 0 with value: 0.5.
[I 2026-04-13 12:59:06,162] Trial 1 finished with value: 0.5 and parameters: {'n_estimators': 492, 'max_depth': 12, 'min_samples_split': 6, 'min_samples_leaf': 1}. Best is trial 0 with value: 0.5.
[I 2026-04-13 12:59:06,451] Trial 2 finished with value: 0.5 and parameters: {'n_estimators': 207, 'max_depth': 11, 'min_samples_split': 8, 'min_samples_leaf': 9}. Best is trial 0 with value: 0.5.
[I 2026-04-13 12:59:06,778] Trial 3 finished with value: 0.5 and parameters: {'n_estimators': 252, 'max_depth': 4, 'min_samples_split': 4, 'min_samples_leaf': 10}. Best is trial 0 with value: 0.5.
[I 2026-04-13 12:59:07,035] Trial 4 finished with value: 0.65 and parameters: {'n_estimators': 185, 'max_depth': 11, 'min_samples_split': 10, 'min_samples_leaf': 1}. Best is trial 4 with value: 0.65.
[I 2026-04-13 12:59:07,463] Trial 5 finished with value: 0.55 and parameters: {'n_estimators': 340, 'max_depth': 20, 'min_samples_split': 4, 'min_samples_leaf': 6}. Best is trial 4 with value: 0.65.
[I 2026-04-13 12:59:08,023] Trial 6 finished with value: 0.5 and parameters: {'n_estimators': 464, 'max_depth': 5, 'min_samples_split': 6, 'min_samples_leaf': 8}. Best is trial 4 with value: 0.65.
[I 2026-04-13 12:59:08,482] Trial 7 finished with value: 0.65 and parameters: {'n_estimators': 368, 'max_depth': 11, 'min_samples_split': 3, 'min_samples_leaf': 5}. Best is trial 4 with value: 0.65.
[I 2026-04-13 12:59:08,831] Trial 8 finished with value: 0.5 and parameters: {'n_estimators': 249, 'max_depth': 11, 'min_samples_split': 5, 'min_samples_leaf': 9}. Best is trial 4 with value: 0.65.
[I 2026-04-13 12:59:09,400] Trial 9 finished with value: 0.5 and parameters: {'n_estimators': 408, 'max_depth': 8, 'min_samples_split': 7, 'min_samples_leaf': 3}. Best is trial 4 with value: 0.65.
[I 2026-04-13 12:59:09,659] Trial 10 finished with value: 0.65 and parameters: {'n_estimators': 156, 'max_depth': 15, 'min_samples_split': 10, 'min_samples_leaf': 1}. Best is trial 4 with value: 0.65.
[I 2026-04-13 12:59:10,125] Trial 11 finished with value: 0.55 and parameters: {'n_estimators': 350, 'max_depth': 8, 'min_samples_split': 2, 'min_samples_leaf': 4}. Best is trial 4 with value: 0.65.
[I 2026-04-13 12:59:10,522] Trial 12 finished with value: 0.6 and parameters: {'n_estimators': 303, 'max_depth': 14, 'min_samples_split': 10, 'min_samples_leaf': 5}. Best is trial 4 with value: 0.65.
