[I 2026-04-13 13:05:31,268] Trial 11 finished with value: 0.5 and parameters: {'n_estimators': 100, 'max_depth': 10, 'min_samples_split': 2, 'min_samples_leaf': 7}. Best is trial 0 with value: 0.55.
[I 2026-04-13 13:05:31,514] Trial 12 finished with value: 0.5 and parameters: {'n_estimators': 113, 'max_depth': 9, 'min_samples_split': 3, 'min_samples_leaf': 10}. Best is trial 0 with value: 0.55.
[I 2026-04-13 13:05:31,775] Trial 13 finished with value: 0.4 and parameters: {'n_estimators': 196, 'max_depth': 12, 'min_samples_split': 4, 'min_samples_leaf': 4}. Best is trial 0 with value: 0.55.
[I 2026-04-13 13:05:32,270] Trial 14 finished with value: 0.45 and parameters: {'n_estimators': 351, 'max_depth': 8, 'min_samples_split': 7, 'min_samples_leaf': 1}. Best is trial 0 with value: 0.55.
[I 2026-04-13 13:05:32,511] Trial 15 finished with value: 0.5 and parameters: {'n_estimators': 161, 'max_depth': 13, 'min_samples_split': 4, 'min_samples_leaf': 7}. Best is trial 0 with value: 0.55.
[I 2026-04-13 13:05:32,974] Trial 16 finished with value: 0.4 and parameters: {'n_estimators': 380, 'max_depth': 7, 'min_samples_split': 6, 'min_samples_leaf': 3}. Best is trial 0 with value: 0.55.
[I 2026-04-13 13:05:33,197] Trial 17 finished with value: 0.5 and parameters: {'n_estimators': 151, 'max_depth': 3, 'min_samples_split': 3, 'min_samples_leaf': 10}. Best is trial 0 with value: 0.55.
[I 2026-04-13 13:05:33,512] Trial 18 finished with value: 0.35 and parameters: {'n_estimators': 215, 'max_depth': 12, 'min_samples_split': 8, 'min_samples_leaf': 6}. Best is trial 0 with value: 0.55.
[I 2026-04-13 13:05:33,939] Trial 19 finished with value: 0.4 and parameters: {'n_estimators': 284, 'max_depth': 14, 'min_samples_split': 5, 'min_samples_leaf': 4}. Best is trial 0 with value: 0.55.
[I 2026-04-13 13:05:34,210] Trial 20 finished with value: 0.5 and parameters: {'n_estimators': 180, 'max_depth': 18, 'min_samples_split': 3, 'min_samples_leaf': 8}. Best is trial 0 with value: 0.55.
[I 2026-04-13 13:05:34,788] Trial 21 finished with value: 0.5 and parameters: {'n_estimators': 418, 'max_depth': 14, 'min_samples_split': 6, 'min_samples_leaf': 8}. Best is trial 0 with value: 0.55.
[I 2026-04-13 13:05:35,038] Trial 22 finished with value: 0.5 and parameters: {'n_estimators': 125, 'max_depth': 10, 'min_samples_split': 6, 'min_samples_leaf': 8}. Best is trial 0 with value: 0.55.
[I 2026-04-13 13:05:35,607] Trial 23 finished with value: 0.5 and parameters: {'n_estimators': 411, 'max_depth': 19, 'min_samples_split': 7, 'min_samples_leaf': 9}. Best is trial 0 with value: 0.55.
[I 2026-04-13 13:05:36,088] Trial 24 finished with value: 0.5 and parameters: {'n_estimators': 315, 'max_depth': 15, 'min_samples_split': 8, 'min_samples_leaf': 7}. Best is trial 0 with value: 0.55.
[I 2026-04-13 13:05:36,503] Trial 25 finished with value: 0.5 and parameters: {'n_estimators': 265, 'max_depth': 11, 'min_samples_split': 5, 'min_samples_leaf': 10}. Best is trial 0 with value: 0.55.
[I 2026-04-13 13:05:37,027] Trial 26 finished with value: 0.5 and parameters: {'n_estimators': 344, 'max_depth': 13, 'min_samples_split': 10, 'min_samples_leaf': 8}. Best is trial 0 with value: 0.55.
[I 2026-04-13 13:05:37,271] Trial 27 finished with value: 0.5 and parameters: {'n_estimators': 127, 'max_depth': 5, 'min_samples_split': 6, 'min_samples_leaf': 2}. Best is trial 0 with value: 0.55.
[I 2026-04-13 13:05:37,774] Trial 28 finished with value: 0.5 and parameters: {'n_estimators': 427, 'max_depth': 9, 'min_samples_split': 7, 'min_samples_leaf': 9}. Best is trial 0 with value: 0.55.
[I 2026-04-13 13:05:38,007] Trial 29 finished with value: 0.45 and parameters: {'n_estimators': 141, 'max_depth': 17, 'min_samples_split': 4, 'min_samples_leaf': 4}. Best is trial 0 with value: 0.55.
[I 2026-04-13 13:05:38,319] A new study created in memory with name: mlp
[I 2026-04-13 13:05:38,405] Trial 0 finished with value: 0.5 and parameters: {'hidden_layer_sizes': (200,), 'max_iter': 100, 'alpha': 0.001}. Best is trial 0 with value: 0.5.
[I 2026-04-13 13:05:38,482] Trial 1 finished with value: 0.4 and parameters: {'hidden_layer_sizes': (100, 100), 'max_iter': 100, 'alpha': 0.0001}. Best is trial 0 with value: 0.5.
[I 2026-04-13 13:05:38,537] Trial 2 finished with value: 0.5 and parameters: {'hidden_layer_sizes': (100, 100), 'max_iter': 50, 'alpha': 0.0001}. Best is trial 0 with value: 0.5.
[I 2026-04-13 13:05:38,583] Trial 3 finished with value: 0.5 and parameters: {'hidden_layer_sizes': (200,), 'max_iter': 50, 'alpha': 0.0001}. Best is trial 0 with value: 0.5.
[I 2026-04-13 13:05:38,651] Trial 4 finished with value: 0.5 and parameters: {'hidden_layer_sizes': (200,), 'max_iter': 100, 'alpha': 0.001}. Best is trial 0 with value: 0.5.
[I 2026-04-13 13:05:38,728] Trial 5 finished with value: 0.5 and parameters: {'hidden_layer_sizes': (200,), 'max_iter': 100, 'alpha': 0.0001}. Best is trial 0 with value: 0.5.
[I 2026-04-13 13:05:38,803] Trial 6 finished with value: 0.45 and parameters: {'hidden_layer_sizes': (100, 100), 'max_iter': 100, 'alpha': 0.001}. Best is trial 0 with value: 0.5.
[I 2026-04-13 13:05:38,841] Trial 7 finished with value: 0.5 and parameters: {'hidden_layer_sizes': (200,), 'max_iter': 50, 'alpha': 0.001}. Best is trial 0 with value: 0.5.
[I 2026-04-13 13:05:38,920] Trial 8 finished with value: 0.5 and parameters: {'hidden_layer_sizes': (100,), 'max_iter': 100, 'alpha': 0.001}. Best is trial 0 with value: 0.5.
[I 2026-04-13 13:05:38,975] Trial 9 finished with value: 0.5 and parameters: {'hidden_layer_sizes': (200,), 'max_iter': 50, 'alpha': 0.001}. Best is trial 0 with value: 0.5.
[I 2026-04-13 13:05:39,036] Trial 10 finished with value: 0.5 and parameters: {'hidden_layer_sizes': (100,), 'max_iter': 100, 'alpha': 0.001}. Best is trial 0 with value: 0.5.
[I 2026-04-13 13:05:39,105] Trial 11 finished with value: 0.5 and parameters: {'hidden_layer_sizes': (100, 100), 'max_iter': 50, 'alpha': 0.0001}. Best is trial 0 with value: 0.5.
[I 2026-04-13 13:05:39,159] Trial 12 finished with value: 0.5 and parameters: {'hidden_layer_sizes': (100, 100), 'max_iter': 50, 'alpha': 0.0001}. Best is trial 0 with value: 0.5.
[I 2026-04-13 13:05:39,225] Trial 13 finished with value: 0.45 and parameters: {'hidden_layer_sizes': (100, 100), 'max_iter': 50, 'alpha': 0.0001}. Best is trial 0 with value: 0.5.
[I 2026-04-13 13:05:39,291] Trial 14 finished with value: 0.5 and parameters: {'hidden_layer_sizes': (100,), 'max_iter': 100, 'alpha': 0.001}. Best is trial 0 with value: 0.5.
[I 2026-04-13 13:05:39,349] Trial 15 finished with value: 0.5 and parameters: {'hidden_layer_sizes': (200,), 'max_iter': 50, 'alpha': 0.0001}. Best is trial 0 with value: 0.5.
[I 2026-04-13 13:05:39,398] Trial 16 finished with value: 0.5 and parameters: {'hidden_layer_sizes': (100, 100), 'max_iter': 50, 'alpha': 0.001}. Best is trial 0 with value: 0.5.
[I 2026-04-13 13:05:39,486] Trial 17 finished with value: 0.5 and parameters: {'hidden_layer_sizes': (200,), 'max_iter': 100, 'alpha': 0.0001}. Best is trial 0 with value: 0.5.
[I 2026-04-13 13:05:39,533] Trial 18 finished with value: 0.5 and parameters: {'hidden_layer_sizes': (100, 100), 'max_iter': 50, 'alpha': 0.0001}. Best is trial 0 with value: 0.5.
[I 2026-04-13 13:05:39,601] Trial 19 finished with value: 0.45 and parameters: {'hidden_layer_sizes': (100,), 'max_iter': 100, 'alpha': 0.001}. Best is trial 0 with value: 0.5.
[I 2026-04-13 13:05:39,658] Trial 20 finished with value: 0.5 and parameters: {'hidden_layer_sizes': (100, 100), 'max_iter': 50, 'alpha': 0.001}. Best is trial 0 with value: 0.5.
[I 2026-04-13 13:05:39,705] Trial 21 finished with value: 0.5 and parameters: {'hidden_layer_sizes': (200,), 'max_iter': 50, 'alpha': 0.0001}. Best is trial 0 with value: 0.5.
[I 2026-04-13 13:05:39,754] Trial 22 finished with value: 0.5 and parameters: {'hidden_layer_sizes': (200,), 'max_iter': 50, 'alpha': 0.0001}. Best is trial 0 with value: 0.5.
[I 2026-04-13 13:05:39,804] Trial 23 finished with value: 0.5 and parameters: {'hidden_layer_sizes': (200,), 'max_iter': 50, 'alpha': 0.0001}. Best is trial 0 with value: 0.5.
[I 2026-04-13 13:05:39,851] Trial 24 finished with value: 0.5 and parameters: {'hidden_layer_sizes': (200,), 'max_iter': 50, 'alpha': 0.0001}. Best is trial 0 with value: 0.5.
[I 2026-04-13 13:05:39,914] Trial 25 finished with value: 0.5 and parameters: {'hidden_layer_sizes': (200,), 'max_iter': 50, 'alpha': 0.0001}. Best is trial 0 with value: 0.5.
[I 2026-04-13 13:05:40,006] Trial 26 finished with value: 0.5 and parameters: {'hidden_layer_sizes': (200,), 'max_iter': 100, 'alpha': 0.0001}. Best is trial 0 with value: 0.5.
[I 2026-04-13 13:05:40,067] Trial 27 finished with value: 0.5 and parameters: {'hidden_layer_sizes': (200,), 'max_iter': 50, 'alpha': 0.0001}. Best is trial 0 with value: 0.5.
[I 2026-04-13 13:05:40,125] Trial 28 finished with value: 0.5 and parameters: {'hidden_layer_sizes': (100,), 'max_iter': 100, 'alpha': 0.001}. Best is trial 0 with value: 0.5.
[I 2026-04-13 13:05:40,192] Trial 29 finished with value: 0.45 and parameters: {'hidden_layer_sizes': (100, 100), 'max_iter': 100, 'alpha': 0.0001}. Best is trial 0 with value: 0.5.
[I 2026-04-13 13:05:40,478] A new study created in memory with name: naive_bayes
[I 2026-04-13 13:05:40,491] Trial 0 finished with value: 0.55 and parameters: {'var_smoothing': 1.0489343501429862e-10}. Best is trial 0 with value: 0.55.
[I 2026-04-13 13:05:40,503] Trial 1 finished with value: 0.6 and parameters: {'var_smoothing': 1.0086701860885373e-09}. Best is trial 1 with value: 0.6.
[I 2026-04-13 13:05:40,516] Trial 2 finished with value: 0.6 and parameters: {'var_smoothing': 9.807235097598006e-10}. Best is trial 1 with value: 0.6.
[I 2026-04-13 13:05:40,529] Trial 3 finished with value: 0.55 and parameters: {'var_smoothing': 1.8520770828517824e-10}. Best is trial 1 with value: 0.6.
[I 2026-04-13 13:05:40,542] Trial 4 finished with value: 0.55 and parameters: {'var_smoothing': 1.9240757716714087e-10}. Best is trial 1 with value: 0.6.
[I 2026-04-13 13:05:40,557] Trial 5 finished with value: 0.55 and parameters: {'var_smoothing': 2.736007926537145e-10}. Best is trial 1 with value: 0.6.
[I 2026-04-13 13:05:40,570] Trial 6 finished with value: 0.6 and parameters: {'var_smoothing': 6.87094324185739e-10}. Best is trial 1 with value: 0.6.
[I 2026-04-13 13:05:40,586] Trial 7 finished with value: 0.6 and parameters: {'var_smoothing': 3.134745855231349e-10}. Best is trial 1 with value: 0.6.
[I 2026-04-13 13:05:40,611] Trial 8 finished with value: 0.55 and parameters: {'var_smoothing': 1.4727170077821783e-10}. Best is trial 1 with value: 0.6.
[I 2026-04-13 13:05:40,627] Trial 9 finished with value: 0.6 and parameters: {'var_smoothing': 4.909048017047017e-10}. Best is trial 1 with value: 0.6.
[I 2026-04-13 13:05:40,645] Trial 10 finished with value: 0.6 and parameters: {'var_smoothing': 3.904855075034344e-09}. Best is trial 1 with value: 0.6.
[I 2026-04-13 13:05:40,662] Trial 11 finished with value: 0.6 and parameters: {'var_smoothing': 1.915693262973701e-09}. Best is trial 1 with value: 0.6.
[I 2026-04-13 13:05:40,680] Trial 12 finished with value: 0.6 and parameters: {'var_smoothing': 1.753457364167901e-09}. Best is trial 1 with value: 0.6.
[I 2026-04-13 13:05:40,697] Trial 13 finished with value: 0.6 and parameters: {'var_smoothing': 1.2687441090563497e-09}. Best is trial 1 with value: 0.6.
[I 2026-04-13 13:05:40,724] Trial 14 finished with value: 0.6 and parameters: {'var_smoothing': 4.697006694902858e-09}. Best is trial 1 with value: 0.6.
[I 2026-04-13 13:05:40,739] Trial 15 finished with value: 0.6 and parameters: {'var_smoothing': 9.13571335167487e-10}. Best is trial 1 with value: 0.6.
[I 2026-04-13 13:05:40,754] Trial 16 finished with value: 0.6 and parameters: {'var_smoothing': 2.6946620842180248e-09}. Best is trial 1 with value: 0.6.
[I 2026-04-13 13:05:40,782] Trial 17 finished with value: 0.6 and parameters: {'var_smoothing': 8.326614671318781e-09}. Best is trial 1 with value: 0.6.
[I 2026-04-13 13:05:40,798] Trial 18 finished with value: 0.6 and parameters: {'var_smoothing': 5.46835872990072e-10}. Best is trial 1 with value: 0.6.
[I 2026-04-13 13:05:40,826] Trial 19 finished with value: 0.6 and parameters: {'var_smoothing': 1.0496322096480212e-09}. Best is trial 1 with value: 0.6.
[I 2026-04-13 13:05:40,841] Trial 20 finished with value: 0.6 and parameters: {'var_smoothing': 1.5334536702894066e-09}. Best is trial 1 with value: 0.6.
[I 2026-04-13 13:05:40,856] Trial 21 finished with value: 0.6 and parameters: {'var_smoothing': 7.509478056706993e-10}. Best is trial 1 with value: 0.6.
[I 2026-04-13 13:05:40,877] Trial 22 finished with value: 0.6 and parameters: {'var_smoothing': 5.942303924324535e-10}. Best is trial 1 with value: 0.6.
[I 2026-04-13 13:05:40,906] Trial 23 finished with value: 0.6 and parameters: {'var_smoothing': 4.843157572641118e-10}. Best is trial 1 with value: 0.6.
[I 2026-04-13 13:05:40,923] Trial 24 finished with value: 0.6 and parameters: {'var_smoothing': 3.172076910593001e-10}. Best is trial 1 with value: 0.6.
[I 2026-04-13 13:05:40,941] Trial 25 finished with value: 0.6 and parameters: {'var_smoothing': 2.485910507790826e-09}. Best is trial 1 with value: 0.6.
[I 2026-04-13 13:05:40,961] Trial 26 finished with value: 0.6 and parameters: {'var_smoothing': 7.848256274831512e-10}. Best is trial 1 with value: 0.6.
[I 2026-04-13 13:05:40,981] Trial 27 finished with value: 0.6 and parameters: {'var_smoothing': 1.072492574010942e-09}. Best is trial 1 with value: 0.6.
[I 2026-04-13 13:05:41,011] Trial 28 finished with value: 0.6 and parameters: {'var_smoothing': 4.113374079978367e-10}. Best is trial 1 with value: 0.6.
