[I 2026-04-13 13:11:33,040] Trial 10 finished with value: 0.575 and parameters: {'var_smoothing': 9.83902635509218e-09}. Best is trial 0 with value: 0.575.
[I 2026-04-13 13:11:33,059] Trial 11 finished with value: 0.575 and parameters: {'var_smoothing': 2.660399871603373e-10}. Best is trial 0 with value: 0.575.
[I 2026-04-13 13:11:33,078] Trial 12 finished with value: 0.575 and parameters: {'var_smoothing': 9.276268851540963e-09}. Best is trial 0 with value: 0.575.
[I 2026-04-13 13:11:33,107] Trial 13 finished with value: 0.575 and parameters: {'var_smoothing': 2.9844010685221692e-09}. Best is trial 0 with value: 0.575.
[I 2026-04-13 13:11:33,126] Trial 14 finished with value: 0.575 and parameters: {'var_smoothing': 3.8923309717334116e-10}. Best is trial 0 with value: 0.575.
[I 2026-04-13 13:11:33,142] Trial 15 finished with value: 0.575 and parameters: {'var_smoothing': 3.85461066627204e-09}. Best is trial 0 with value: 0.575.
[I 2026-04-13 13:11:33,159] Trial 16 finished with value: 0.575 and parameters: {'var_smoothing': 7.120907275009211e-10}. Best is trial 0 with value: 0.575.
[I 2026-04-13 13:11:33,178] Trial 17 finished with value: 0.575 and parameters: {'var_smoothing': 2.412486610614855e-10}. Best is trial 0 with value: 0.575.
[I 2026-04-13 13:11:33,194] Trial 18 finished with value: 0.575 and parameters: {'var_smoothing': 2.3580860166954074e-09}. Best is trial 0 with value: 0.575.
[I 2026-04-13 13:11:33,210] Trial 19 finished with value: 0.575 and parameters: {'var_smoothing': 5.846846875339535e-09}. Best is trial 0 with value: 0.575.
[I 2026-04-13 13:11:33,229] Trial 20 finished with value: 0.575 and parameters: {'var_smoothing': 1.0486521320383776e-09}. Best is trial 0 with value: 0.575.
[I 2026-04-13 13:11:33,257] Trial 21 finished with value: 0.575 and parameters: {'var_smoothing': 4.9491450263339475e-09}. Best is trial 0 with value: 0.575.
[I 2026-04-13 13:11:33,275] Trial 22 finished with value: 0.575 and parameters: {'var_smoothing': 6.667992141406306e-09}. Best is trial 0 with value: 0.575.
[I 2026-04-13 13:11:33,292] Trial 23 finished with value: 0.575 and parameters: {'var_smoothing': 3.2795712712135213e-09}. Best is trial 0 with value: 0.575.
[I 2026-04-13 13:11:33,322] Trial 24 finished with value: 0.575 and parameters: {'var_smoothing': 6.403538416287158e-10}. Best is trial 0 with value: 0.575.
[I 2026-04-13 13:11:33,342] Trial 25 finished with value: 0.575 and parameters: {'var_smoothing': 2.1589819023851477e-09}. Best is trial 0 with value: 0.575.
[I 2026-04-13 13:11:33,362] Trial 26 finished with value: 0.575 and parameters: {'var_smoothing': 3.912617821024548e-09}. Best is trial 0 with value: 0.575.
[I 2026-04-13 13:11:33,381] Trial 27 finished with value: 0.575 and parameters: {'var_smoothing': 7.162139101012446e-09}. Best is trial 0 with value: 0.575.
[I 2026-04-13 13:11:33,412] Trial 28 finished with value: 0.575 and parameters: {'var_smoothing': 1.3883316815746274e-09}. Best is trial 0 with value: 0.575.
[I 2026-04-13 13:11:33,432] Trial 29 finished with value: 0.575 and parameters: {'var_smoothing': 4.1751754503046387e-10}. Best is trial 0 with value: 0.575.
[I 2026-04-13 13:11:33,469] A new study created in memory with name: logreg
[I 2026-04-13 13:11:33,494] Trial 0 finished with value: 0.725 and parameters: {'C': 29.127335430981816, 'penalty': 'l2'}. Best is trial 0 with value: 0.725.
[I 2026-04-13 13:11:33,507] Trial 1 finished with value: 0.55 and parameters: {'C': 0.045698192893558344, 'penalty': 'l2'}. Best is trial 0 with value: 0.725.
[I 2026-04-13 13:11:33,529] Trial 2 finished with value: 0.7 and parameters: {'C': 12.768668597712947, 'penalty': 'l2'}. Best is trial 0 with value: 0.725.
[I 2026-04-13 13:11:33,542] Trial 3 finished with value: 0.55 and parameters: {'C': 0.0016161554408462638, 'penalty': 'l2'}. Best is trial 0 with value: 0.725.
[I 2026-04-13 13:11:33,556] Trial 4 finished with value: 0.55 and parameters: {'C': 0.0034536903703241734, 'penalty': 'l2'}. Best is trial 0 with value: 0.725.
[I 2026-04-13 13:11:33,579] Trial 5 finished with value: 0.525 and parameters: {'C': 0.9446269266990148, 'penalty': 'l2'}. Best is trial 0 with value: 0.725.
[I 2026-04-13 13:11:33,602] Trial 6 finished with value: 0.5 and parameters: {'C': 0.4457453393648168, 'penalty': 'l2'}. Best is trial 0 with value: 0.725.
[I 2026-04-13 13:11:33,628] Trial 7 finished with value: 0.475 and parameters: {'C': 0.12417585037258261, 'penalty': 'l2'}. Best is trial 0 with value: 0.725.
[I 2026-04-13 13:11:33,654] Trial 8 finished with value: 0.525 and parameters: {'C': 0.04753781830244093, 'penalty': 'l2'}. Best is trial 0 with value: 0.725.
[I 2026-04-13 13:11:33,677] Trial 9 finished with value: 0.525 and parameters: {'C': 1.2959766028194148, 'penalty': 'l2'}. Best is trial 0 with value: 0.725.
[I 2026-04-13 13:11:33,715] Trial 10 finished with value: 0.775 and parameters: {'C': 96.02411422716075, 'penalty': 'l2'}. Best is trial 10 with value: 0.775.
[I 2026-04-13 13:11:33,751] Trial 11 finished with value: 0.75 and parameters: {'C': 59.9697718692158, 'penalty': 'l2'}. Best is trial 10 with value: 0.775.
[I 2026-04-13 13:11:33,803] Trial 12 finished with value: 0.775 and parameters: {'C': 90.64427434136057, 'penalty': 'l2'}. Best is trial 10 with value: 0.775.
[I 2026-04-13 13:11:33,836] Trial 13 finished with value: 0.65 and parameters: {'C': 4.865673542589085, 'penalty': 'l2'}. Best is trial 10 with value: 0.775.
[I 2026-04-13 13:11:33,876] Trial 14 finished with value: 0.75 and parameters: {'C': 75.70410205106715, 'penalty': 'l2'}. Best is trial 10 with value: 0.775.
[I 2026-04-13 13:11:33,904] Trial 15 finished with value: 0.675 and parameters: {'C': 5.688581282613607, 'penalty': 'l2'}. Best is trial 10 with value: 0.775.
[I 2026-04-13 13:11:33,945] Trial 16 finished with value: 0.75 and parameters: {'C': 99.34988889502058, 'penalty': 'l2'}. Best is trial 10 with value: 0.775.
[I 2026-04-13 13:11:33,982] Trial 17 finished with value: 0.7 and parameters: {'C': 10.935454173038586, 'penalty': 'l2'}. Best is trial 10 with value: 0.775.
[I 2026-04-13 13:11:34,014] Trial 18 finished with value: 0.575 and parameters: {'C': 2.3984951721258567, 'penalty': 'l2'}. Best is trial 10 with value: 0.775.
[I 2026-04-13 13:11:34,064] Trial 19 finished with value: 0.725 and parameters: {'C': 24.475416886024465, 'penalty': 'l2'}. Best is trial 10 with value: 0.775.
[I 2026-04-13 13:11:34,084] Trial 20 finished with value: 0.55 and parameters: {'C': 0.007738902525453759, 'penalty': 'l2'}. Best is trial 10 with value: 0.775.
[I 2026-04-13 13:11:34,124] Trial 21 finished with value: 0.725 and parameters: {'C': 38.830327542506446, 'penalty': 'l2'}. Best is trial 10 with value: 0.775.
[I 2026-04-13 13:11:34,163] Trial 22 finished with value: 0.75 and parameters: {'C': 59.54069533440958, 'penalty': 'l2'}. Best is trial 10 with value: 0.775.
[I 2026-04-13 13:11:34,205] Trial 23 finished with value: 0.725 and parameters: {'C': 16.720568078520834, 'penalty': 'l2'}. Best is trial 10 with value: 0.775.
[I 2026-04-13 13:11:34,242] Trial 24 finished with value: 0.7 and parameters: {'C': 6.303699045394039, 'penalty': 'l2'}. Best is trial 10 with value: 0.775.
[I 2026-04-13 13:11:34,284] Trial 25 finished with value: 0.75 and parameters: {'C': 76.01520796339864, 'penalty': 'l2'}. Best is trial 10 with value: 0.775.
[I 2026-04-13 13:11:34,312] Trial 26 finished with value: 0.725 and parameters: {'C': 33.083842893940535, 'penalty': 'l2'}. Best is trial 10 with value: 0.775.
[I 2026-04-13 13:11:34,338] Trial 27 finished with value: 0.625 and parameters: {'C': 3.7309586603236293, 'penalty': 'l2'}. Best is trial 10 with value: 0.775.
[I 2026-04-13 13:11:34,375] Trial 28 finished with value: 0.7 and parameters: {'C': 14.230908775023916, 'penalty': 'l2'}. Best is trial 10 with value: 0.775.
[I 2026-04-13 13:11:34,424] Trial 29 finished with value: 0.725 and parameters: {'C': 33.30412494526149, 'penalty': 'l2'}. Best is trial 10 with value: 0.775.
[I 2026-04-13 13:11:34,513] A new study created in memory with name: knn
[I 2026-04-13 13:11:34,527] Trial 0 finished with value: 0.4 and parameters: {'n_neighbors': 10, 'leaf_size': 26, 'p': 1}. Best is trial 0 with value: 0.4.
[I 2026-04-13 13:11:34,541] Trial 1 finished with value: 0.275 and parameters: {'n_neighbors': 3, 'leaf_size': 32, 'p': 1}. Best is trial 0 with value: 0.4.
[I 2026-04-13 13:11:34,556] Trial 2 finished with value: 0.35 and parameters: {'n_neighbors': 5, 'leaf_size': 33, 'p': 2}. Best is trial 0 with value: 0.4.
[I 2026-04-13 13:11:34,570] Trial 3 finished with value: 0.45 and parameters: {'n_neighbors': 7, 'leaf_size': 32, 'p': 2}. Best is trial 3 with value: 0.45.
[I 2026-04-13 13:11:34,584] Trial 4 finished with value: 0.425 and parameters: {'n_neighbors': 9, 'leaf_size': 28, 'p': 1}. Best is trial 3 with value: 0.45.
[I 2026-04-13 13:11:34,598] Trial 5 finished with value: 0.275 and parameters: {'n_neighbors': 3, 'leaf_size': 35, 'p': 1}. Best is trial 3 with value: 0.45.
[I 2026-04-13 13:11:34,613] Trial 6 finished with value: 0.35 and parameters: {'n_neighbors': 8, 'leaf_size': 31, 'p': 2}. Best is trial 3 with value: 0.45.
[I 2026-04-13 13:11:34,626] Trial 7 finished with value: 0.35 and parameters: {'n_neighbors': 6, 'leaf_size': 24, 'p': 2}. Best is trial 3 with value: 0.45.
[I 2026-04-13 13:11:34,650] Trial 8 finished with value: 0.35 and parameters: {'n_neighbors': 5, 'leaf_size': 34, 'p': 2}. Best is trial 3 with value: 0.45.
[I 2026-04-13 13:11:34,664] Trial 9 finished with value: 0.425 and parameters: {'n_neighbors': 10, 'leaf_size': 27, 'p': 2}. Best is trial 3 with value: 0.45.
[I 2026-04-13 13:11:34,685] Trial 10 finished with value: 0.45 and parameters: {'n_neighbors': 7, 'leaf_size': 40, 'p': 2}. Best is trial 3 with value: 0.45.
[I 2026-04-13 13:11:34,708] Trial 11 finished with value: 0.45 and parameters: {'n_neighbors': 7, 'leaf_size': 40, 'p': 2}. Best is trial 3 with value: 0.45.
[I 2026-04-13 13:11:34,741] Trial 12 finished with value: 0.45 and parameters: {'n_neighbors': 7, 'leaf_size': 40, 'p': 2}. Best is trial 3 with value: 0.45.
[I 2026-04-13 13:11:34,763] Trial 13 finished with value: 0.35 and parameters: {'n_neighbors': 8, 'leaf_size': 20, 'p': 2}. Best is trial 3 with value: 0.45.
[I 2026-04-13 13:11:34,799] Trial 14 finished with value: 0.35 and parameters: {'n_neighbors': 6, 'leaf_size': 37, 'p': 2}. Best is trial 3 with value: 0.45.
[I 2026-04-13 13:11:34,826] Trial 15 finished with value: 0.35 and parameters: {'n_neighbors': 8, 'leaf_size': 37, 'p': 2}. Best is trial 3 with value: 0.45.
[I 2026-04-13 13:11:34,848] Trial 16 finished with value: 0.35 and parameters: {'n_neighbors': 5, 'leaf_size': 37, 'p': 2}. Best is trial 3 with value: 0.45.
[I 2026-04-13 13:11:34,875] Trial 17 finished with value: 0.45 and parameters: {'n_neighbors': 7, 'leaf_size': 22, 'p': 2}. Best is trial 3 with value: 0.45.
[I 2026-04-13 13:11:34,912] Trial 18 finished with value: 0.275 and parameters: {'n_neighbors': 4, 'leaf_size': 29, 'p': 1}. Best is trial 3 with value: 0.45.
[I 2026-04-13 13:11:34,940] Trial 19 finished with value: 0.425 and parameters: {'n_neighbors': 9, 'leaf_size': 30, 'p': 2}. Best is trial 3 with value: 0.45.
[I 2026-04-13 13:11:34,967] Trial 20 finished with value: 0.35 and parameters: {'n_neighbors': 6, 'leaf_size': 35, 'p': 2}. Best is trial 3 with value: 0.45.
[I 2026-04-13 13:11:34,993] Trial 21 finished with value: 0.45 and parameters: {'n_neighbors': 7, 'leaf_size': 40, 'p': 2}. Best is trial 3 with value: 0.45.
[I 2026-04-13 13:11:35,018] Trial 22 finished with value: 0.45 and parameters: {'n_neighbors': 7, 'leaf_size': 39, 'p': 2}. Best is trial 3 with value: 0.45.
[I 2026-04-13 13:11:35,054] Trial 23 finished with value: 0.35 and parameters: {'n_neighbors': 8, 'leaf_size': 38, 'p': 2}. Best is trial 3 with value: 0.45.
[I 2026-04-13 13:11:35,092] Trial 24 finished with value: 0.425 and parameters: {'n_neighbors': 9, 'leaf_size': 36, 'p': 2}. Best is trial 3 with value: 0.45.
[I 2026-04-13 13:11:35,115] Trial 25 finished with value: 0.35 and parameters: {'n_neighbors': 6, 'leaf_size': 40, 'p': 2}. Best is trial 3 with value: 0.45.
[I 2026-04-13 13:11:35,142] Trial 26 finished with value: 0.45 and parameters: {'n_neighbors': 7, 'leaf_size': 38, 'p': 1}. Best is trial 3 with value: 0.45.
[I 2026-04-13 13:11:35,167] Trial 27 finished with value: 0.35 and parameters: {'n_neighbors': 8, 'leaf_size': 33, 'p': 2}. Best is trial 3 with value: 0.45.
[I 2026-04-13 13:11:35,192] Trial 28 finished with value: 0.35 and parameters: {'n_neighbors': 5, 'leaf_size': 24, 'p': 2}. Best is trial 3 with value: 0.45.
[I 2026-04-13 13:11:35,218] Trial 29 finished with value: 0.425 and parameters: {'n_neighbors': 9, 'leaf_size': 25, 'p': 1}. Best is trial 3 with value: 0.45.
[I 2026-04-13 13:11:35,300] A new study created in memory with name: xgb
[I 2026-04-13 13:11:35,326] Trial 0 finished with value: 0.375 and parameters: {'n_estimators': 10, 'max_depth': 30, 'gamma': 0.5768356259735394, 'subsample': 0.7094037142783272, 'colsample_bytree': 0.6677039246366646}. Best is trial 0 with value: 0.375.
[I 2026-04-13 13:11:35,375] Trial 1 finished with value: 0.375 and parameters: {'n_estimators': 100, 'max_depth': 30, 'gamma': 0.9912018442360747, 'subsample': 0.9099290984609207, 'colsample_bytree': 0.7066004674080903}. Best is trial 0 with value: 0.375.
[I 2026-04-13 13:11:35,400] Trial 2 finished with value: 0.225 and parameters: {'n_estimators': 10, 'max_depth': 20, 'gamma': 0.7382185757030506, 'subsample': 0.7704684271512641, 'colsample_bytree': 0.5624120871903049}. Best is trial 0 with value: 0.375.
[I 2026-04-13 13:11:35,425] Trial 3 finished with value: 0.4 and parameters: {'n_estimators': 10, 'max_depth': 20, 'gamma': 0.7041784887453524, 'subsample': 0.7995029565695583, 'colsample_bytree': 0.8586660727777565}. Best is trial 3 with value: 0.4.
[I 2026-04-13 13:11:35,462] Trial 4 finished with value: 0.375 and parameters: {'n_estimators': 10, 'max_depth': 20, 'gamma': 0.46549701645255037, 'subsample': 0.9946899241400011, 'colsample_bytree': 0.725249640372583}. Best is trial 3 with value: 0.4.
[I 2026-04-13 13:11:35,500] Trial 5 finished with value: 0.325 and parameters: {'n_estimators': 40, 'max_depth': 20, 'gamma': 0.3554734452019276, 'subsample': 0.5947710951851903, 'colsample_bytree': 0.7356254823676576}. Best is trial 3 with value: 0.4.
[I 2026-04-13 13:11:35,535] Trial 6 finished with value: 0.425 and parameters: {'n_estimators': 40, 'max_depth': 20, 'gamma': 0.8967376717636345, 'subsample': 0.988276510203839, 'colsample_bytree': 0.9184542964535913}. Best is trial 6 with value: 0.425.
[I 2026-04-13 13:11:35,571] Trial 7 finished with value: 0.375 and parameters: {'n_estimators': 40, 'max_depth': 30, 'gamma': 0.7149068474388774, 'subsample': 0.5696358027454862, 'colsample_bytree': 0.8514125286992056}. Best is trial 6 with value: 0.425.
[I 2026-04-13 13:11:35,618] Trial 8 finished with value: 0.325 and parameters: {'n_estimators': 100, 'max_depth': 30, 'gamma': 0.2471398756881566, 'subsample': 0.8241126205332553, 'colsample_bytree': 0.6258070715852391}. Best is trial 6 with value: 0.425.
[I 2026-04-13 13:11:35,656] Trial 9 finished with value: 0.35 and parameters: {'n_estimators': 40, 'max_depth': 30, 'gamma': 0.8599846034069103, 'subsample': 0.8019332783535529, 'colsample_bytree': 0.7936068454878676}. Best is trial 6 with value: 0.425.
[I 2026-04-13 13:11:35,706] Trial 10 finished with value: 0.25 and parameters: {'n_estimators': 40, 'max_depth': 5, 'gamma': 0.11132541504315885, 'subsample': 0.989386478955757, 'colsample_bytree': 0.9761661165027147}. Best is trial 6 with value: 0.425.
[I 2026-04-13 13:11:35,760] Trial 11 finished with value: 0.4 and parameters: {'n_estimators': 10, 'max_depth': 20, 'gamma': 0.9681903397412062, 'subsample': 0.6776509386807493, 'colsample_bytree': 0.9261553742714215}. Best is trial 6 with value: 0.425.
[I 2026-04-13 13:11:35,811] Trial 12 finished with value: 0.325 and parameters: {'n_estimators': 40, 'max_depth': 20, 'gamma': 0.7352025677342996, 'subsample': 0.8707733890684075, 'colsample_bytree': 0.8692507596089714}. Best is trial 6 with value: 0.425.
[I 2026-04-13 13:11:35,849] Trial 13 finished with value: 0.45 and parameters: {'n_estimators': 10, 'max_depth': 5, 'gamma': 0.6039754678230813, 'subsample': 0.9279363521509754, 'colsample_bytree': 0.9925641920550251}. Best is trial 13 with value: 0.45.
[I 2026-04-13 13:11:35,916] Trial 14 finished with value: 0.3 and parameters: {'n_estimators': 100, 'max_depth': 5, 'gamma': 0.5274423215711074, 'subsample': 0.9220021911254279, 'colsample_bytree': 0.99632871856404}. Best is trial 13 with value: 0.45.
[I 2026-04-13 13:11:35,954] Trial 15 finished with value: 0.475 and parameters: {'n_estimators': 10, 'max_depth': 5, 'gamma': 0.8674150805788394, 'subsample': 0.9340616934612913, 'colsample_bytree': 0.9326271358861449}. Best is trial 15 with value: 0.475.
[I 2026-04-13 13:11:35,994] Trial 16 finished with value: 0.4 and parameters: {'n_estimators': 10, 'max_depth': 5, 'gamma': 0.6139762813261497, 'subsample': 0.9053506904931514, 'colsample_bytree': 0.9400537372450518}. Best is trial 15 with value: 0.475.
[I 2026-04-13 13:11:36,038] Trial 17 finished with value: 0.525 and parameters: {'n_estimators': 10, 'max_depth': 5, 'gamma': 0.8375730562751776, 'subsample': 0.5053007952589881, 'colsample_bytree': 0.7944588831392602}. Best is trial 17 with value: 0.525.
[I 2026-04-13 13:11:36,079] Trial 18 finished with value: 0.45 and parameters: {'n_estimators': 10, 'max_depth': 5, 'gamma': 0.830276680544949, 'subsample': 0.5247988620150597, 'colsample_bytree': 0.7974021553265087}. Best is trial 17 with value: 0.525.
[I 2026-04-13 13:11:36,118] Trial 19 finished with value: 0.25 and parameters: {'n_estimators': 10, 'max_depth': 5, 'gamma': 0.8078537991405028, 'subsample': 0.6517507503401715, 'colsample_bytree': 0.7869693660202957}. Best is trial 17 with value: 0.525.
[I 2026-04-13 13:11:36,154] Trial 20 finished with value: 0.325 and parameters: {'n_estimators': 10, 'max_depth': 5, 'gamma': 0.9221737369370241, 'subsample': 0.7329348996298133, 'colsample_bytree': 0.5810392589968345}. Best is trial 17 with value: 0.525.
[I 2026-04-13 13:11:36,200] Trial 21 finished with value: 0.35 and parameters: {'n_estimators': 10, 'max_depth': 5, 'gamma': 0.48448160040104205, 'subsample': 0.8532811306397677, 'colsample_bytree': 0.8894104580214037}. Best is trial 17 with value: 0.525.
[I 2026-04-13 13:11:36,236] Trial 22 finished with value: 0.425 and parameters: {'n_estimators': 10, 'max_depth': 5, 'gamma': 0.6116891652260203, 'subsample': 0.5026716099655815, 'colsample_bytree': 0.9628859483536129}. Best is trial 17 with value: 0.525.
[I 2026-04-13 13:11:36,287] Trial 23 finished with value: 0.375 and parameters: {'n_estimators': 10, 'max_depth': 5, 'gamma': 0.38725968367743235, 'subsample': 0.9356691088890379, 'colsample_bytree': 0.8269661090284057}. Best is trial 17 with value: 0.525.
[I 2026-04-13 13:11:36,346] Trial 24 finished with value: 0.35 and parameters: {'n_estimators': 10, 'max_depth': 5, 'gamma': 0.779365946866512, 'subsample': 0.9504342694162681, 'colsample_bytree': 0.9040616447268914}. Best is trial 17 with value: 0.525.
[I 2026-04-13 13:11:36,406] Trial 25 finished with value: 0.325 and parameters: {'n_estimators': 100, 'max_depth': 5, 'gamma': 0.6599834266056138, 'subsample': 0.6303190089564465, 'colsample_bytree': 0.5164138936814711}. Best is trial 17 with value: 0.525.
[I 2026-04-13 13:11:36,450] Trial 26 finished with value: 0.45 and parameters: {'n_estimators': 10, 'max_depth': 5, 'gamma': 0.9136574731423356, 'subsample': 0.8729901586567405, 'colsample_bytree': 0.9558414229556929}. Best is trial 17 with value: 0.525.
[I 2026-04-13 13:11:36,489] Trial 27 finished with value: 0.3 and parameters: {'n_estimators': 10, 'max_depth': 5, 'gamma': 0.6541468922724665, 'subsample': 0.7640210126081194, 'colsample_bytree': 0.9813772592187643}. Best is trial 17 with value: 0.525.
[I 2026-04-13 13:11:36,529] Trial 28 finished with value: 0.375 and parameters: {'n_estimators': 10, 'max_depth': 5, 'gamma': 0.8551504517648901, 'subsample': 0.9556605849956645, 'colsample_bytree': 0.8225363418026778}. Best is trial 17 with value: 0.525.
[I 2026-04-13 13:11:36,578] Trial 29 finished with value: 0.375 and parameters: {'n_estimators': 10, 'max_depth': 5, 'gamma': 0.7834338978545801, 'subsample': 0.7047871037677016, 'colsample_bytree': 0.8904358998428775}. Best is trial 17 with value: 0.525.
[I 2026-04-13 13:11:36,704] A new study created in memory with name: rf
[I 2026-04-13 13:11:37,264] Trial 0 finished with value: 0.35 and parameters: {'n_estimators': 458, 'max_depth': 8, 'min_samples_split': 9, 'min_samples_leaf': 1}. Best is trial 0 with value: 0.35.
[I 2026-04-13 13:11:37,529] Trial 1 finished with value: 0.4 and parameters: {'n_estimators': 143, 'max_depth': 13, 'min_samples_split': 6, 'min_samples_leaf': 5}. Best is trial 1 with value: 0.4.
[I 2026-04-13 13:11:37,787] Trial 2 finished with value: 0.475 and parameters: {'n_estimators': 234, 'max_depth': 14, 'min_samples_split': 5, 'min_samples_leaf': 8}. Best is trial 2 with value: 0.475.
[I 2026-04-13 13:11:38,289] Trial 3 finished with value: 0.45 and parameters: {'n_estimators': 307, 'max_depth': 13, 'min_samples_split': 7, 'min_samples_leaf': 10}. Best is trial 2 with value: 0.475.
[I 2026-04-13 13:11:38,809] Trial 4 finished with value: 0.475 and parameters: {'n_estimators': 428, 'max_depth': 10, 'min_samples_split': 9, 'min_samples_leaf': 9}. Best is trial 2 with value: 0.475.
[I 2026-04-13 13:11:38,968] Trial 5 finished with value: 0.45 and parameters: {'n_estimators': 121, 'max_depth': 15, 'min_samples_split': 9, 'min_samples_leaf': 8}. Best is trial 2 with value: 0.475.
[I 2026-04-13 13:11:39,466] Trial 6 finished with value: 0.5 and parameters: {'n_estimators': 384, 'max_depth': 12, 'min_samples_split': 3, 'min_samples_leaf': 10}. Best is trial 6 with value: 0.5.
