[I 2026-04-13 12:58:02,822] Trial 2 finished with value: 0.5 and parameters: {'n_estimators': 10, 'max_depth': 20, 'gamma': 0.7382185757030506, 'subsample': 0.7704684271512641, 'colsample_bytree': 0.5624120871903049}. Best is trial 2 with value: 0.5.
[I 2026-04-13 12:58:02,848] Trial 3 finished with value: 0.5 and parameters: {'n_estimators': 10, 'max_depth': 20, 'gamma': 0.7041784887453524, 'subsample': 0.7995029565695583, 'colsample_bytree': 0.8586660727777565}. Best is trial 2 with value: 0.5.
[I 2026-04-13 12:58:02,884] Trial 4 finished with value: 0.55 and parameters: {'n_estimators': 10, 'max_depth': 20, 'gamma': 0.46549701645255037, 'subsample': 0.9946899241400011, 'colsample_bytree': 0.725249640372583}. Best is trial 4 with value: 0.55.
[I 2026-04-13 12:58:02,908] Trial 5 finished with value: 0.45 and parameters: {'n_estimators': 40, 'max_depth': 20, 'gamma': 0.3554734452019276, 'subsample': 0.5947710951851903, 'colsample_bytree': 0.7356254823676576}. Best is trial 4 with value: 0.55.
[I 2026-04-13 12:58:02,936] Trial 6 finished with value: 0.55 and parameters: {'n_estimators': 40, 'max_depth': 20, 'gamma': 0.8967376717636345, 'subsample': 0.988276510203839, 'colsample_bytree': 0.9184542964535913}. Best is trial 4 with value: 0.55.
[I 2026-04-13 12:58:02,964] Trial 7 finished with value: 0.4 and parameters: {'n_estimators': 40, 'max_depth': 30, 'gamma': 0.7149068474388774, 'subsample': 0.5696358027454862, 'colsample_bytree': 0.8514125286992056}. Best is trial 4 with value: 0.55.
[I 2026-04-13 12:58:03,003] Trial 8 finished with value: 0.35 and parameters: {'n_estimators': 100, 'max_depth': 30, 'gamma': 0.2471398756881566, 'subsample': 0.8241126205332553, 'colsample_bytree': 0.6258070715852391}. Best is trial 4 with value: 0.55.
[I 2026-04-13 12:58:03,032] Trial 9 finished with value: 0.35 and parameters: {'n_estimators': 40, 'max_depth': 30, 'gamma': 0.8599846034069103, 'subsample': 0.8019332783535529, 'colsample_bytree': 0.7936068454878676}. Best is trial 4 with value: 0.55.
[I 2026-04-13 12:58:03,069] Trial 10 finished with value: 0.45 and parameters: {'n_estimators': 10, 'max_depth': 5, 'gamma': 0.11132541504315885, 'subsample': 0.9893741512543004, 'colsample_bytree': 0.5329444970931687}. Best is trial 4 with value: 0.55.
[I 2026-04-13 12:58:03,106] Trial 11 finished with value: 0.4 and parameters: {'n_estimators': 40, 'max_depth': 20, 'gamma': 0.48174279936552766, 'subsample': 0.989150058671527, 'colsample_bytree': 0.9417304300325259}. Best is trial 4 with value: 0.55.
[I 2026-04-13 12:58:03,139] Trial 12 finished with value: 0.5 and parameters: {'n_estimators': 10, 'max_depth': 20, 'gamma': 0.4806200998929483, 'subsample': 0.9077278082894746, 'colsample_bytree': 0.9715083346653923}. Best is trial 4 with value: 0.55.
[I 2026-04-13 12:58:03,174] Trial 13 finished with value: 0.55 and parameters: {'n_estimators': 40, 'max_depth': 5, 'gamma': 0.9773182951129106, 'subsample': 0.9279363521509754, 'colsample_bytree': 0.815479657978966}. Best is trial 4 with value: 0.55.
[I 2026-04-13 12:58:03,226] Trial 14 finished with value: 0.4 and parameters: {'n_estimators': 100, 'max_depth': 20, 'gamma': 0.5923671291644164, 'subsample': 0.6658807753897364, 'colsample_bytree': 0.915563212945738}. Best is trial 4 with value: 0.55.
[I 2026-04-13 12:58:03,263] Trial 15 finished with value: 0.4 and parameters: {'n_estimators': 10, 'max_depth': 20, 'gamma': 0.35637840926066944, 'subsample': 0.860564527993072, 'colsample_bytree': 0.9958640573710154}. Best is trial 4 with value: 0.55.
[I 2026-04-13 12:58:03,301] Trial 16 finished with value: 0.55 and parameters: {'n_estimators': 40, 'max_depth': 5, 'gamma': 0.8135097324405516, 'subsample': 0.9866427955127265, 'colsample_bytree': 0.8889735659709893}. Best is trial 4 with value: 0.55.
[I 2026-04-13 12:58:03,347] Trial 17 finished with value: 0.45 and parameters: {'n_estimators': 40, 'max_depth': 20, 'gamma': 0.37759251465968047, 'subsample': 0.5053007952589881, 'colsample_bytree': 0.7714862935756532}. Best is trial 4 with value: 0.55.
[I 2026-04-13 12:58:03,386] Trial 18 finished with value: 0.45 and parameters: {'n_estimators': 10, 'max_depth': 20, 'gamma': 0.628336157421842, 'subsample': 0.8681911463635885, 'colsample_bytree': 0.641796449296045}. Best is trial 4 with value: 0.55.
[I 2026-04-13 12:58:03,432] Trial 19 finished with value: 0.35 and parameters: {'n_estimators': 100, 'max_depth': 20, 'gamma': 0.49487019164651586, 'subsample': 0.9486826877623283, 'colsample_bytree': 0.7153937920324595}. Best is trial 4 with value: 0.55.
[I 2026-04-13 12:58:03,467] Trial 20 finished with value: 0.55 and parameters: {'n_estimators': 10, 'max_depth': 5, 'gamma': 0.9043520033330217, 'subsample': 0.7204941263814817, 'colsample_bytree': 0.5761001522118755}. Best is trial 4 with value: 0.55.
[I 2026-04-13 12:58:03,506] Trial 21 finished with value: 0.55 and parameters: {'n_estimators': 40, 'max_depth': 5, 'gamma': 0.9728901514402696, 'subsample': 0.9261680882504685, 'colsample_bytree': 0.8138834431070092}. Best is trial 4 with value: 0.55.
[I 2026-04-13 12:58:03,556] Trial 22 finished with value: 0.55 and parameters: {'n_estimators': 40, 'max_depth': 5, 'gamma': 0.8248058065139647, 'subsample': 0.9472532583757522, 'colsample_bytree': 0.8254447881129169}. Best is trial 4 with value: 0.55.
[I 2026-04-13 12:58:03,598] Trial 23 finished with value: 0.45 and parameters: {'n_estimators': 40, 'max_depth': 5, 'gamma': 0.9193570145859402, 'subsample': 0.8729709473518582, 'colsample_bytree': 0.883427271576388}. Best is trial 4 with value: 0.55.
[I 2026-04-13 12:58:03,639] Trial 24 finished with value: 0.5 and parameters: {'n_estimators': 40, 'max_depth': 5, 'gamma': 0.7779176160767789, 'subsample': 0.996561020239189, 'colsample_bytree': 0.752278883578101}. Best is trial 4 with value: 0.55.
[I 2026-04-13 12:58:03,677] Trial 25 finished with value: 0.4 and parameters: {'n_estimators': 40, 'max_depth': 20, 'gamma': 0.6691523572715621, 'subsample': 0.9568169652192888, 'colsample_bytree': 0.9368139503784759}. Best is trial 4 with value: 0.55.
[I 2026-04-13 12:58:03,716] Trial 26 finished with value: 0.5 and parameters: {'n_estimators': 40, 'max_depth': 5, 'gamma': 0.9136574731423356, 'subsample': 0.8918878134820877, 'colsample_bytree': 0.6888547195763509}. Best is trial 4 with value: 0.55.
[I 2026-04-13 12:58:03,756] Trial 27 finished with value: 0.35 and parameters: {'n_estimators': 40, 'max_depth': 20, 'gamma': 0.4237556582451161, 'subsample': 0.9542538083643931, 'colsample_bytree': 0.7957710373442257}. Best is trial 4 with value: 0.55.
[I 2026-04-13 12:58:03,812] Trial 28 finished with value: 0.4 and parameters: {'n_estimators': 100, 'max_depth': 20, 'gamma': 0.22134787008186008, 'subsample': 0.8510375284683089, 'colsample_bytree': 0.8453912175900538}. Best is trial 4 with value: 0.55.
[I 2026-04-13 12:58:03,852] Trial 29 finished with value: 0.5 and parameters: {'n_estimators': 10, 'max_depth': 5, 'gamma': 0.5598673820599902, 'subsample': 0.9265804463281888, 'colsample_bytree': 0.6535607753598935}. Best is trial 4 with value: 0.55.
[I 2026-04-13 12:58:03,952] A new study created in memory with name: rf
[I 2026-04-13 12:58:04,491] Trial 0 finished with value: 0.45 and parameters: {'n_estimators': 458, 'max_depth': 8, 'min_samples_split': 9, 'min_samples_leaf': 1}. Best is trial 0 with value: 0.45.
[I 2026-04-13 12:58:04,738] Trial 1 finished with value: 0.55 and parameters: {'n_estimators': 143, 'max_depth': 13, 'min_samples_split': 6, 'min_samples_leaf': 5}. Best is trial 1 with value: 0.55.
[I 2026-04-13 12:58:05,056] Trial 2 finished with value: 0.5 and parameters: {'n_estimators': 234, 'max_depth': 14, 'min_samples_split': 5, 'min_samples_leaf': 8}. Best is trial 1 with value: 0.55.
[I 2026-04-13 12:58:05,475] Trial 3 finished with value: 0.5 and parameters: {'n_estimators': 307, 'max_depth': 13, 'min_samples_split': 7, 'min_samples_leaf': 10}. Best is trial 1 with value: 0.55.
[I 2026-04-13 12:58:05,995] Trial 4 finished with value: 0.5 and parameters: {'n_estimators': 428, 'max_depth': 10, 'min_samples_split': 9, 'min_samples_leaf': 9}. Best is trial 1 with value: 0.55.
[I 2026-04-13 12:58:06,140] Trial 5 finished with value: 0.5 and parameters: {'n_estimators': 121, 'max_depth': 15, 'min_samples_split': 9, 'min_samples_leaf': 8}. Best is trial 1 with value: 0.55.
[I 2026-04-13 12:58:06,558] Trial 6 finished with value: 0.5 and parameters: {'n_estimators': 384, 'max_depth': 12, 'min_samples_split': 3, 'min_samples_leaf': 10}. Best is trial 1 with value: 0.55.
[I 2026-04-13 12:58:06,896] Trial 7 finished with value: 0.5 and parameters: {'n_estimators': 261, 'max_depth': 6, 'min_samples_split': 8, 'min_samples_leaf': 10}. Best is trial 1 with value: 0.55.
[I 2026-04-13 12:58:07,135] Trial 8 finished with value: 0.5 and parameters: {'n_estimators': 202, 'max_depth': 15, 'min_samples_split': 7, 'min_samples_leaf': 8}. Best is trial 1 with value: 0.55.
[I 2026-04-13 12:58:07,694] Trial 9 finished with value: 0.55 and parameters: {'n_estimators': 475, 'max_depth': 9, 'min_samples_split': 4, 'min_samples_leaf': 5}. Best is trial 1 with value: 0.55.
[I 2026-04-13 12:58:07,937] Trial 10 finished with value: 0.55 and parameters: {'n_estimators': 135, 'max_depth': 20, 'min_samples_split': 2, 'min_samples_leaf': 4}. Best is trial 1 with value: 0.55.
[I 2026-04-13 12:58:08,395] Trial 11 finished with value: 0.55 and parameters: {'n_estimators': 343, 'max_depth': 4, 'min_samples_split': 5, 'min_samples_leaf': 5}. Best is trial 1 with value: 0.55.
[I 2026-04-13 12:58:09,003] Trial 12 finished with value: 0.5 and parameters: {'n_estimators': 489, 'max_depth': 18, 'min_samples_split': 4, 'min_samples_leaf': 3}. Best is trial 1 with value: 0.55.
[I 2026-04-13 12:58:09,291] Trial 13 finished with value: 0.4 and parameters: {'n_estimators': 201, 'max_depth': 9, 'min_samples_split': 6, 'min_samples_leaf': 6}. Best is trial 1 with value: 0.55.
[I 2026-04-13 12:58:09,814] Trial 14 finished with value: 0.55 and parameters: {'n_estimators': 386, 'max_depth': 7, 'min_samples_split': 4, 'min_samples_leaf': 6}. Best is trial 1 with value: 0.55.
[I 2026-04-13 12:58:10,101] Trial 15 finished with value: 0.35 and parameters: {'n_estimators': 163, 'max_depth': 11, 'min_samples_split': 2, 'min_samples_leaf': 2}. Best is trial 1 with value: 0.55.
[I 2026-04-13 12:58:10,572] Trial 16 finished with value: 0.55 and parameters: {'n_estimators': 301, 'max_depth': 17, 'min_samples_split': 6, 'min_samples_leaf': 5}. Best is trial 1 with value: 0.55.
[I 2026-04-13 12:58:10,780] Trial 17 finished with value: 0.55 and parameters: {'n_estimators': 101, 'max_depth': 3, 'min_samples_split': 4, 'min_samples_leaf': 4}. Best is trial 1 with value: 0.55.
[I 2026-04-13 12:58:11,215] Trial 18 finished with value: 0.5 and parameters: {'n_estimators': 352, 'max_depth': 5, 'min_samples_split': 5, 'min_samples_leaf': 7}. Best is trial 1 with value: 0.55.
[I 2026-04-13 12:58:11,581] Trial 19 finished with value: 0.55 and parameters: {'n_estimators': 259, 'max_depth': 10, 'min_samples_split': 10, 'min_samples_leaf': 3}. Best is trial 1 with value: 0.55.
[I 2026-04-13 12:58:12,218] Trial 20 finished with value: 0.55 and parameters: {'n_estimators': 498, 'max_depth': 12, 'min_samples_split': 3, 'min_samples_leaf': 4}. Best is trial 1 with value: 0.55.
[I 2026-04-13 12:58:12,498] Trial 21 finished with value: 0.5 and parameters: {'n_estimators': 162, 'max_depth': 20, 'min_samples_split': 2, 'min_samples_leaf': 4}. Best is trial 1 with value: 0.55.
[I 2026-04-13 12:58:12,712] Trial 22 finished with value: 0.55 and parameters: {'n_estimators': 148, 'max_depth': 20, 'min_samples_split': 3, 'min_samples_leaf': 5}. Best is trial 1 with value: 0.55.
[I 2026-04-13 12:58:12,999] Trial 23 finished with value: 0.55 and parameters: {'n_estimators': 202, 'max_depth': 17, 'min_samples_split': 2, 'min_samples_leaf': 3}. Best is trial 1 with value: 0.55.
[I 2026-04-13 12:58:13,233] Trial 24 finished with value: 0.5 and parameters: {'n_estimators': 134, 'max_depth': 8, 'min_samples_split': 7, 'min_samples_leaf': 6}. Best is trial 1 with value: 0.55.
[I 2026-04-13 12:58:13,560] Trial 25 finished with value: 0.5 and parameters: {'n_estimators': 175, 'max_depth': 18, 'min_samples_split': 3, 'min_samples_leaf': 7}. Best is trial 1 with value: 0.55.
[I 2026-04-13 12:58:13,776] Trial 26 finished with value: 0.6 and parameters: {'n_estimators': 107, 'max_depth': 15, 'min_samples_split': 6, 'min_samples_leaf': 4}. Best is trial 26 with value: 0.6.
[I 2026-04-13 12:58:13,939] Trial 27 finished with value: 0.4 and parameters: {'n_estimators': 104, 'max_depth': 14, 'min_samples_split': 6, 'min_samples_leaf': 2}. Best is trial 26 with value: 0.6.
[I 2026-04-13 12:58:14,521] Trial 28 finished with value: 0.55 and parameters: {'n_estimators': 441, 'max_depth': 16, 'min_samples_split': 6, 'min_samples_leaf': 5}. Best is trial 26 with value: 0.6.
[I 2026-04-13 12:58:15,056] Trial 29 finished with value: 0.4 and parameters: {'n_estimators': 238, 'max_depth': 8, 'min_samples_split': 8, 'min_samples_leaf': 1}. Best is trial 26 with value: 0.6.
[I 2026-04-13 12:58:15,580] A new study created in memory with name: mlp
[I 2026-04-13 12:58:15,716] Trial 0 finished with value: 0.4 and parameters: {'hidden_layer_sizes': (100,), 'max_iter': 100, 'alpha': 0.0001}. Best is trial 0 with value: 0.4.
[I 2026-04-13 12:58:15,860] Trial 1 finished with value: 0.3 and parameters: {'hidden_layer_sizes': (100, 100), 'max_iter': 100, 'alpha': 0.001}. Best is trial 0 with value: 0.4.
[I 2026-04-13 12:58:15,964] Trial 2 finished with value: 0.4 and parameters: {'hidden_layer_sizes': (200,), 'max_iter': 100, 'alpha': 0.0001}. Best is trial 0 with value: 0.4.
[I 2026-04-13 12:58:16,008] Trial 3 finished with value: 0.45 and parameters: {'hidden_layer_sizes': (200,), 'max_iter': 50, 'alpha': 0.001}. Best is trial 3 with value: 0.45.
[I 2026-04-13 12:58:16,065] Trial 4 finished with value: 0.35 and parameters: {'hidden_layer_sizes': (100, 100), 'max_iter': 50, 'alpha': 0.0001}. Best is trial 3 with value: 0.45.
[I 2026-04-13 12:58:16,119] Trial 5 finished with value: 0.35 and parameters: {'hidden_layer_sizes': (200,), 'max_iter': 100, 'alpha': 0.0001}. Best is trial 3 with value: 0.45.
[I 2026-04-13 12:58:16,193] Trial 6 finished with value: 0.4 and parameters: {'hidden_layer_sizes': (200,), 'max_iter': 100, 'alpha': 0.001}. Best is trial 3 with value: 0.45.
[I 2026-04-13 12:58:16,270] Trial 7 finished with value: 0.45 and parameters: {'hidden_layer_sizes': (100,), 'max_iter': 100, 'alpha': 0.001}. Best is trial 3 with value: 0.45.
[I 2026-04-13 12:58:16,347] Trial 8 finished with value: 0.3 and parameters: {'hidden_layer_sizes': (100, 100), 'max_iter': 100, 'alpha': 0.0001}. Best is trial 3 with value: 0.45.
[I 2026-04-13 12:58:16,444] Trial 9 finished with value: 0.4 and parameters: {'hidden_layer_sizes': (200,), 'max_iter': 100, 'alpha': 0.0001}. Best is trial 3 with value: 0.45.
[I 2026-04-13 12:58:16,489] Trial 10 finished with value: 0.45 and parameters: {'hidden_layer_sizes': (200,), 'max_iter': 50, 'alpha': 0.001}. Best is trial 3 with value: 0.45.
[I 2026-04-13 12:58:16,525] Trial 11 finished with value: 0.45 and parameters: {'hidden_layer_sizes': (100,), 'max_iter': 50, 'alpha': 0.001}. Best is trial 3 with value: 0.45.
[I 2026-04-13 12:58:16,571] Trial 12 finished with value: 0.45 and parameters: {'hidden_layer_sizes': (100,), 'max_iter': 50, 'alpha': 0.001}. Best is trial 3 with value: 0.45.
[I 2026-04-13 12:58:16,606] Trial 13 finished with value: 0.45 and parameters: {'hidden_layer_sizes': (100,), 'max_iter': 50, 'alpha': 0.001}. Best is trial 3 with value: 0.45.
[I 2026-04-13 12:58:16,642] Trial 14 finished with value: 0.45 and parameters: {'hidden_layer_sizes': (100,), 'max_iter': 50, 'alpha': 0.001}. Best is trial 3 with value: 0.45.
[I 2026-04-13 12:58:16,688] Trial 15 finished with value: 0.45 and parameters: {'hidden_layer_sizes': (200,), 'max_iter': 50, 'alpha': 0.001}. Best is trial 3 with value: 0.45.
[I 2026-04-13 12:58:16,758] Trial 16 finished with value: 0.4 and parameters: {'hidden_layer_sizes': (100,), 'max_iter': 100, 'alpha': 0.001}. Best is trial 3 with value: 0.45.
[I 2026-04-13 12:58:16,796] Trial 17 finished with value: 0.5 and parameters: {'hidden_layer_sizes': (100,), 'max_iter': 50, 'alpha': 0.001}. Best is trial 17 with value: 0.5.
[I 2026-04-13 12:58:16,848] Trial 18 finished with value: 0.45 and parameters: {'hidden_layer_sizes': (200,), 'max_iter': 50, 'alpha': 0.001}. Best is trial 17 with value: 0.5.
[I 2026-04-13 12:58:16,915] Trial 19 finished with value: 0.4 and parameters: {'hidden_layer_sizes': (100, 100), 'max_iter': 50, 'alpha': 0.001}. Best is trial 17 with value: 0.5.
[I 2026-04-13 12:58:16,969] Trial 20 finished with value: 0.45 and parameters: {'hidden_layer_sizes': (100,), 'max_iter': 50, 'alpha': 0.001}. Best is trial 17 with value: 0.5.
[I 2026-04-13 12:58:17,006] Trial 21 finished with value: 0.45 and parameters: {'hidden_layer_sizes': (100,), 'max_iter': 50, 'alpha': 0.001}. Best is trial 17 with value: 0.5.
[I 2026-04-13 12:58:17,043] Trial 22 finished with value: 0.45 and parameters: {'hidden_layer_sizes': (100,), 'max_iter': 50, 'alpha': 0.001}. Best is trial 17 with value: 0.5.
[I 2026-04-13 12:58:17,100] Trial 23 finished with value: 0.45 and parameters: {'hidden_layer_sizes': (100,), 'max_iter': 100, 'alpha': 0.001}. Best is trial 17 with value: 0.5.
[I 2026-04-13 12:58:17,137] Trial 24 finished with value: 0.45 and parameters: {'hidden_layer_sizes': (100,), 'max_iter': 50, 'alpha': 0.001}. Best is trial 17 with value: 0.5.
[I 2026-04-13 12:58:17,175] Trial 25 finished with value: 0.45 and parameters: {'hidden_layer_sizes': (200,), 'max_iter': 50, 'alpha': 0.001}. Best is trial 17 with value: 0.5.
[I 2026-04-13 12:58:17,254] Trial 26 finished with value: 0.4 and parameters: {'hidden_layer_sizes': (100,), 'max_iter': 100, 'alpha': 0.001}. Best is trial 17 with value: 0.5.
[I 2026-04-13 12:58:17,290] Trial 27 finished with value: 0.45 and parameters: {'hidden_layer_sizes': (100,), 'max_iter': 50, 'alpha': 0.001}. Best is trial 17 with value: 0.5.
[I 2026-04-13 12:58:17,369] Trial 28 finished with value: 0.3 and parameters: {'hidden_layer_sizes': (100, 100), 'max_iter': 100, 'alpha': 0.001}. Best is trial 17 with value: 0.5.
[I 2026-04-13 12:58:17,446] Trial 29 finished with value: 0.45 and parameters: {'hidden_layer_sizes': (200,), 'max_iter': 100, 'alpha': 0.0001}. Best is trial 17 with value: 0.5.
[I 2026-04-13 12:58:25,793] A new study created in memory with name: naive_bayes
[I 2026-04-13 12:58:25,811] Trial 0 finished with value: 0.9 and parameters: {'var_smoothing': 6.10548688762798e-09}. Best is trial 0 with value: 0.9.
[I 2026-04-13 12:58:25,828] Trial 1 finished with value: 0.9 and parameters: {'var_smoothing': 4.6127467400935034e-10}. Best is trial 0 with value: 0.9.
[I 2026-04-13 12:58:25,842] Trial 2 finished with value: 0.9 and parameters: {'var_smoothing': 4.389936579400967e-09}. Best is trial 0 with value: 0.9.
[I 2026-04-13 12:58:25,855] Trial 3 finished with value: 0.9 and parameters: {'var_smoothing': 1.2116948204672054e-10}. Best is trial 0 with value: 0.9.
[I 2026-04-13 12:58:25,869] Trial 4 finished with value: 0.9 and parameters: {'var_smoothing': 1.6417739478477417e-10}. Best is trial 0 with value: 0.9.
[I 2026-04-13 12:58:25,883] Trial 5 finished with value: 0.9 and parameters: {'var_smoothing': 1.5491880147236797e-09}. Best is trial 0 with value: 0.9.
[I 2026-04-13 12:58:25,898] Trial 6 finished with value: 0.9 and parameters: {'var_smoothing': 1.1471883405287265e-09}. Best is trial 0 with value: 0.9.
[I 2026-04-13 12:58:25,911] Trial 7 finished with value: 0.9 and parameters: {'var_smoothing': 6.88041853492358e-10}. Best is trial 0 with value: 0.9.
[I 2026-04-13 12:58:25,925] Trial 8 finished with value: 0.9 and parameters: {'var_smoothing': 4.686144741221158e-10}. Best is trial 0 with value: 0.9.
[I 2026-04-13 12:58:25,939] Trial 9 finished with value: 0.9 and parameters: {'var_smoothing': 1.7580809350683337e-09}. Best is trial 0 with value: 0.9.
[I 2026-04-13 12:58:25,961] Trial 10 finished with value: 0.9 and parameters: {'var_smoothing': 9.83902635509218e-09}. Best is trial 0 with value: 0.9.
[I 2026-04-13 12:58:25,992] Trial 11 finished with value: 0.9 and parameters: {'var_smoothing': 2.660399871603373e-10}. Best is trial 0 with value: 0.9.
[I 2026-04-13 12:58:26,009] Trial 12 finished with value: 0.9 and parameters: {'var_smoothing': 9.276268851540963e-09}. Best is trial 0 with value: 0.9.
[I 2026-04-13 12:58:26,029] Trial 13 finished with value: 0.9 and parameters: {'var_smoothing': 2.9844010685221692e-09}. Best is trial 0 with value: 0.9.
[I 2026-04-13 12:58:26,046] Trial 14 finished with value: 0.9 and parameters: {'var_smoothing': 3.8923309717334116e-10}. Best is trial 0 with value: 0.9.
[I 2026-04-13 12:58:26,072] Trial 15 finished with value: 0.9 and parameters: {'var_smoothing': 3.85461066627204e-09}. Best is trial 0 with value: 0.9.
[I 2026-04-13 12:58:26,089] Trial 16 finished with value: 0.9 and parameters: {'var_smoothing': 7.120907275009211e-10}. Best is trial 0 with value: 0.9.
[I 2026-04-13 12:58:26,106] Trial 17 finished with value: 0.9 and parameters: {'var_smoothing': 2.412486610614855e-10}. Best is trial 0 with value: 0.9.
[I 2026-04-13 12:58:26,126] Trial 18 finished with value: 0.9 and parameters: {'var_smoothing': 2.3580860166954074e-09}. Best is trial 0 with value: 0.9.
[I 2026-04-13 12:58:26,143] Trial 19 finished with value: 0.9 and parameters: {'var_smoothing': 5.846846875339535e-09}. Best is trial 0 with value: 0.9.
[I 2026-04-13 12:58:26,159] Trial 20 finished with value: 0.9 and parameters: {'var_smoothing': 1.0486521320383776e-09}. Best is trial 0 with value: 0.9.
[I 2026-04-13 12:58:26,182] Trial 21 finished with value: 0.9 and parameters: {'var_smoothing': 4.9491450263339475e-09}. Best is trial 0 with value: 0.9.
