[I 2026-04-13 12:59:58,648] Trial 26 finished with value: 0.55 and parameters: {'var_smoothing': 1.0123007748054653e-10}. Best is trial 0 with value: 0.55.
[I 2026-04-13 12:59:58,678] Trial 27 finished with value: 0.55 and parameters: {'var_smoothing': 3.7004726843827016e-09}. Best is trial 0 with value: 0.55.
[I 2026-04-13 12:59:58,700] Trial 28 finished with value: 0.55 and parameters: {'var_smoothing': 8.062949328123723e-10}. Best is trial 0 with value: 0.55.
[I 2026-04-13 12:59:58,717] Trial 29 finished with value: 0.55 and parameters: {'var_smoothing': 1.8379694059711336e-09}. Best is trial 0 with value: 0.55.
[I 2026-04-13 12:59:58,750] A new study created in memory with name: logreg
[I 2026-04-13 12:59:58,773] Trial 0 finished with value: 0.6 and parameters: {'C': 0.002407362254570802, 'penalty': 'l2'}. Best is trial 0 with value: 0.6.
[I 2026-04-13 12:59:58,808] Trial 1 finished with value: 0.5 and parameters: {'C': 7.935859334260497, 'penalty': 'l2'}. Best is trial 0 with value: 0.6.
[I 2026-04-13 12:59:58,821] Trial 2 finished with value: 0.5 and parameters: {'C': 0.15561310098067915, 'penalty': 'l2'}. Best is trial 0 with value: 0.6.
[I 2026-04-13 12:59:58,855] Trial 3 finished with value: 0.5 and parameters: {'C': 4.143104515916128, 'penalty': 'l2'}. Best is trial 0 with value: 0.6.
[I 2026-04-13 12:59:58,908] Trial 4 finished with value: 0.5 and parameters: {'C': 77.61533923098803, 'penalty': 'l2'}. Best is trial 0 with value: 0.6.
[I 2026-04-13 12:59:58,933] Trial 5 finished with value: 0.55 and parameters: {'C': 0.49258292359934785, 'penalty': 'l2'}. Best is trial 0 with value: 0.6.
[I 2026-04-13 12:59:58,958] Trial 6 finished with value: 0.55 and parameters: {'C': 0.320333470047146, 'penalty': 'l2'}. Best is trial 0 with value: 0.6.
[I 2026-04-13 12:59:58,983] Trial 7 finished with value: 0.6 and parameters: {'C': 0.002292216671132896, 'penalty': 'l2'}. Best is trial 0 with value: 0.6.
[I 2026-04-13 12:59:59,008] Trial 8 finished with value: 0.55 and parameters: {'C': 0.0219884643872214, 'penalty': 'l2'}. Best is trial 0 with value: 0.6.
[I 2026-04-13 12:59:59,033] Trial 9 finished with value: 0.55 and parameters: {'C': 0.31580027519646636, 'penalty': 'l2'}. Best is trial 0 with value: 0.6.
[I 2026-04-13 12:59:59,061] Trial 10 finished with value: 0.55 and parameters: {'C': 0.005028545732690317, 'penalty': 'l2'}. Best is trial 0 with value: 0.6.
[I 2026-04-13 12:59:59,089] Trial 11 finished with value: 0.6 and parameters: {'C': 0.0016548464731937077, 'penalty': 'l2'}. Best is trial 0 with value: 0.6.
[I 2026-04-13 12:59:59,119] Trial 12 finished with value: 0.55 and parameters: {'C': 0.014451446556771878, 'penalty': 'l2'}. Best is trial 0 with value: 0.6.
[I 2026-04-13 12:59:59,135] Trial 13 finished with value: 0.6 and parameters: {'C': 0.001233537603892314, 'penalty': 'l2'}. Best is trial 0 with value: 0.6.
[I 2026-04-13 12:59:59,162] Trial 14 finished with value: 0.55 and parameters: {'C': 0.03728878420522916, 'penalty': 'l2'}. Best is trial 0 with value: 0.6.
[I 2026-04-13 12:59:59,193] Trial 15 finished with value: 0.55 and parameters: {'C': 0.005056056930693048, 'penalty': 'l2'}. Best is trial 0 with value: 0.6.
[I 2026-04-13 12:59:59,219] Trial 16 finished with value: 0.55 and parameters: {'C': 0.06105325603408848, 'penalty': 'l2'}. Best is trial 0 with value: 0.6.
[I 2026-04-13 12:59:59,241] Trial 17 finished with value: 0.55 and parameters: {'C': 0.005932663642969973, 'penalty': 'l2'}. Best is trial 0 with value: 0.6.
[I 2026-04-13 12:59:59,257] Trial 18 finished with value: 0.6 and parameters: {'C': 0.0012489720333864972, 'penalty': 'l2'}. Best is trial 0 with value: 0.6.
[I 2026-04-13 12:59:59,284] Trial 19 finished with value: 0.55 and parameters: {'C': 0.010840641908437795, 'penalty': 'l2'}. Best is trial 0 with value: 0.6.
[I 2026-04-13 12:59:59,314] Trial 20 finished with value: 0.5 and parameters: {'C': 1.6412268850767395, 'penalty': 'l2'}. Best is trial 0 with value: 0.6.
[I 2026-04-13 12:59:59,345] Trial 21 finished with value: 0.6 and parameters: {'C': 0.0010450781217522568, 'penalty': 'l2'}. Best is trial 0 with value: 0.6.
[I 2026-04-13 12:59:59,376] Trial 22 finished with value: 0.6 and parameters: {'C': 0.0027098194216188215, 'penalty': 'l2'}. Best is trial 0 with value: 0.6.
[I 2026-04-13 12:59:59,405] Trial 23 finished with value: 0.6 and parameters: {'C': 0.002711095226778759, 'penalty': 'l2'}. Best is trial 0 with value: 0.6.
[I 2026-04-13 12:59:59,436] Trial 24 finished with value: 0.5 and parameters: {'C': 0.0866350039009655, 'penalty': 'l2'}. Best is trial 0 with value: 0.6.
[I 2026-04-13 12:59:59,466] Trial 25 finished with value: 0.55 and parameters: {'C': 0.0033002713557158526, 'penalty': 'l2'}. Best is trial 0 with value: 0.6.
[I 2026-04-13 12:59:59,492] Trial 26 finished with value: 0.55 and parameters: {'C': 0.010810759763908495, 'penalty': 'l2'}. Best is trial 0 with value: 0.6.
[I 2026-04-13 12:59:59,518] Trial 27 finished with value: 0.55 and parameters: {'C': 0.03252256495764886, 'penalty': 'l2'}. Best is trial 0 with value: 0.6.
[I 2026-04-13 12:59:59,547] Trial 28 finished with value: 0.6 and parameters: {'C': 0.0020520645003770334, 'penalty': 'l2'}. Best is trial 0 with value: 0.6.
[I 2026-04-13 12:59:59,592] Trial 29 finished with value: 0.45 and parameters: {'C': 13.14858076260541, 'penalty': 'l2'}. Best is trial 0 with value: 0.6.
[I 2026-04-13 12:59:59,627] A new study created in memory with name: knn
[I 2026-04-13 12:59:59,642] Trial 0 finished with value: 0.25 and parameters: {'n_neighbors': 3, 'leaf_size': 36, 'p': 2}. Best is trial 0 with value: 0.25.
[I 2026-04-13 12:59:59,655] Trial 1 finished with value: 0.4 and parameters: {'n_neighbors': 10, 'leaf_size': 31, 'p': 1}. Best is trial 1 with value: 0.4.
[I 2026-04-13 12:59:59,670] Trial 2 finished with value: 0.25 and parameters: {'n_neighbors': 5, 'leaf_size': 30, 'p': 2}. Best is trial 1 with value: 0.4.
[I 2026-04-13 12:59:59,685] Trial 3 finished with value: 0.25 and parameters: {'n_neighbors': 6, 'leaf_size': 21, 'p': 2}. Best is trial 1 with value: 0.4.
[I 2026-04-13 12:59:59,700] Trial 4 finished with value: 0.35 and parameters: {'n_neighbors': 4, 'leaf_size': 29, 'p': 1}. Best is trial 1 with value: 0.4.
[I 2026-04-13 12:59:59,716] Trial 5 finished with value: 0.4 and parameters: {'n_neighbors': 7, 'leaf_size': 39, 'p': 2}. Best is trial 1 with value: 0.4.
[I 2026-04-13 12:59:59,730] Trial 6 finished with value: 0.4 and parameters: {'n_neighbors': 10, 'leaf_size': 22, 'p': 2}. Best is trial 1 with value: 0.4.
[I 2026-04-13 12:59:59,747] Trial 7 finished with value: 0.2 and parameters: {'n_neighbors': 8, 'leaf_size': 29, 'p': 2}. Best is trial 1 with value: 0.4.
[I 2026-04-13 12:59:59,763] Trial 8 finished with value: 0.25 and parameters: {'n_neighbors': 5, 'leaf_size': 30, 'p': 2}. Best is trial 1 with value: 0.4.
[I 2026-04-13 12:59:59,777] Trial 9 finished with value: 0.5 and parameters: {'n_neighbors': 9, 'leaf_size': 26, 'p': 1}. Best is trial 9 with value: 0.5.
[I 2026-04-13 12:59:59,805] Trial 10 finished with value: 0.2 and parameters: {'n_neighbors': 8, 'leaf_size': 25, 'p': 1}. Best is trial 9 with value: 0.5.
[I 2026-04-13 12:59:59,826] Trial 11 finished with value: 0.4 and parameters: {'n_neighbors': 10, 'leaf_size': 34, 'p': 1}. Best is trial 9 with value: 0.5.
[I 2026-04-13 12:59:59,846] Trial 12 finished with value: 0.5 and parameters: {'n_neighbors': 9, 'leaf_size': 26, 'p': 1}. Best is trial 9 with value: 0.5.
[I 2026-04-13 12:59:59,883] Trial 13 finished with value: 0.2 and parameters: {'n_neighbors': 8, 'leaf_size': 25, 'p': 1}. Best is trial 9 with value: 0.5.
[I 2026-04-13 12:59:59,902] Trial 14 finished with value: 0.5 and parameters: {'n_neighbors': 9, 'leaf_size': 24, 'p': 1}. Best is trial 9 with value: 0.5.
[I 2026-04-13 12:59:59,925] Trial 15 finished with value: 0.5 and parameters: {'n_neighbors': 9, 'leaf_size': 26, 'p': 1}. Best is trial 9 with value: 0.5.
[I 2026-04-13 12:59:59,947] Trial 16 finished with value: 0.4 and parameters: {'n_neighbors': 7, 'leaf_size': 27, 'p': 1}. Best is trial 9 with value: 0.5.
[I 2026-04-13 12:59:59,966] Trial 17 finished with value: 0.5 and parameters: {'n_neighbors': 9, 'leaf_size': 20, 'p': 1}. Best is trial 9 with value: 0.5.
[I 2026-04-13 12:59:59,992] Trial 18 finished with value: 0.25 and parameters: {'n_neighbors': 6, 'leaf_size': 33, 'p': 1}. Best is trial 9 with value: 0.5.
[I 2026-04-13 13:00:00,013] Trial 19 finished with value: 0.5 and parameters: {'n_neighbors': 9, 'leaf_size': 23, 'p': 1}. Best is trial 9 with value: 0.5.
[I 2026-04-13 13:00:00,033] Trial 20 finished with value: 0.2 and parameters: {'n_neighbors': 8, 'leaf_size': 27, 'p': 1}. Best is trial 9 with value: 0.5.
[I 2026-04-13 13:00:00,067] Trial 21 finished with value: 0.5 and parameters: {'n_neighbors': 9, 'leaf_size': 24, 'p': 1}. Best is trial 9 with value: 0.5.
[I 2026-04-13 13:00:00,093] Trial 22 finished with value: 0.4 and parameters: {'n_neighbors': 10, 'leaf_size': 23, 'p': 1}. Best is trial 9 with value: 0.5.
[I 2026-04-13 13:00:00,117] Trial 23 finished with value: 0.5 and parameters: {'n_neighbors': 9, 'leaf_size': 27, 'p': 1}. Best is trial 9 with value: 0.5.
[I 2026-04-13 13:00:00,143] Trial 24 finished with value: 0.4 and parameters: {'n_neighbors': 7, 'leaf_size': 28, 'p': 1}. Best is trial 9 with value: 0.5.
[I 2026-04-13 13:00:00,168] Trial 25 finished with value: 0.2 and parameters: {'n_neighbors': 8, 'leaf_size': 25, 'p': 1}. Best is trial 9 with value: 0.5.
[I 2026-04-13 13:00:00,192] Trial 26 finished with value: 0.5 and parameters: {'n_neighbors': 9, 'leaf_size': 22, 'p': 1}. Best is trial 9 with value: 0.5.
[I 2026-04-13 13:00:00,219] Trial 27 finished with value: 0.4 and parameters: {'n_neighbors': 10, 'leaf_size': 20, 'p': 1}. Best is trial 9 with value: 0.5.
[I 2026-04-13 13:00:00,240] Trial 28 finished with value: 0.4 and parameters: {'n_neighbors': 7, 'leaf_size': 32, 'p': 1}. Best is trial 9 with value: 0.5.
[I 2026-04-13 13:00:00,265] Trial 29 finished with value: 0.25 and parameters: {'n_neighbors': 3, 'leaf_size': 23, 'p': 1}. Best is trial 9 with value: 0.5.
[I 2026-04-13 13:00:00,301] A new study created in memory with name: xgb
[I 2026-04-13 13:00:00,327] Trial 0 finished with value: 0.45 and parameters: {'n_estimators': 40, 'max_depth': 20, 'gamma': 0.5510084172939441, 'subsample': 0.5360255666798808, 'colsample_bytree': 0.6342194900509356}. Best is trial 0 with value: 0.45.
[I 2026-04-13 13:00:00,365] Trial 1 finished with value: 0.5 and parameters: {'n_estimators': 100, 'max_depth': 5, 'gamma': 0.9186341749476523, 'subsample': 0.6066926767899578, 'colsample_bytree': 0.7260619809088416}. Best is trial 1 with value: 0.5.
[I 2026-04-13 13:00:00,393] Trial 2 finished with value: 0.4 and parameters: {'n_estimators': 10, 'max_depth': 5, 'gamma': 0.9182155373980582, 'subsample': 0.566584722879625, 'colsample_bytree': 0.761706290336883}. Best is trial 1 with value: 0.5.
[I 2026-04-13 13:00:00,418] Trial 3 finished with value: 0.35 and parameters: {'n_estimators': 10, 'max_depth': 20, 'gamma': 0.5296610393664296, 'subsample': 0.6829451928902965, 'colsample_bytree': 0.9189589971546304}. Best is trial 1 with value: 0.5.
[I 2026-04-13 13:00:00,445] Trial 4 finished with value: 0.35 and parameters: {'n_estimators': 10, 'max_depth': 20, 'gamma': 0.6916595165017824, 'subsample': 0.6851755414940176, 'colsample_bytree': 0.7295464889457157}. Best is trial 1 with value: 0.5.
[I 2026-04-13 13:00:00,492] Trial 5 finished with value: 0.45 and parameters: {'n_estimators': 100, 'max_depth': 20, 'gamma': 0.48380821541644814, 'subsample': 0.8171899343169193, 'colsample_bytree': 0.7614531005141727}. Best is trial 1 with value: 0.5.
[I 2026-04-13 13:00:00,529] Trial 6 finished with value: 0.45 and parameters: {'n_estimators': 10, 'max_depth': 5, 'gamma': 0.9599214907026333, 'subsample': 0.8414569271877088, 'colsample_bytree': 0.5265643453364788}. Best is trial 1 with value: 0.5.
[I 2026-04-13 13:00:00,557] Trial 7 finished with value: 0.3 and parameters: {'n_estimators': 40, 'max_depth': 5, 'gamma': 0.5250915966595621, 'subsample': 0.9207383574491986, 'colsample_bytree': 0.565555321173957}. Best is trial 1 with value: 0.5.
[I 2026-04-13 13:00:00,595] Trial 8 finished with value: 0.4 and parameters: {'n_estimators': 100, 'max_depth': 5, 'gamma': 0.3919835527051987, 'subsample': 0.6502094521590198, 'colsample_bytree': 0.5827507002328938}. Best is trial 1 with value: 0.5.
[I 2026-04-13 13:00:00,642] Trial 9 finished with value: 0.35 and parameters: {'n_estimators': 100, 'max_depth': 5, 'gamma': 0.8003922413895069, 'subsample': 0.9436444759263674, 'colsample_bytree': 0.8374593849333938}. Best is trial 1 with value: 0.5.
[I 2026-04-13 13:00:00,712] Trial 10 finished with value: 0.4 and parameters: {'n_estimators': 100, 'max_depth': 30, 'gamma': 0.13445536345660636, 'subsample': 0.5111574778890966, 'colsample_bytree': 0.9446716873952172}. Best is trial 1 with value: 0.5.
[I 2026-04-13 13:00:00,763] Trial 11 finished with value: 0.45 and parameters: {'n_estimators': 40, 'max_depth': 30, 'gamma': 0.2681645700627216, 'subsample': 0.5866784214439307, 'colsample_bytree': 0.6573928964995871}. Best is trial 1 with value: 0.5.
[I 2026-04-13 13:00:00,813] Trial 12 finished with value: 0.45 and parameters: {'n_estimators': 40, 'max_depth': 20, 'gamma': 0.7081376218947077, 'subsample': 0.5001384654345593, 'colsample_bytree': 0.6626012929904501}. Best is trial 1 with value: 0.5.
[I 2026-04-13 13:00:00,863] Trial 13 finished with value: 0.5 and parameters: {'n_estimators': 40, 'max_depth': 20, 'gamma': 0.7360579468762933, 'subsample': 0.6109063555600922, 'colsample_bytree': 0.6556304522505282}. Best is trial 1 with value: 0.5.
[I 2026-04-13 13:00:00,914] Trial 14 finished with value: 0.45 and parameters: {'n_estimators': 100, 'max_depth': 30, 'gamma': 0.8083893472263236, 'subsample': 0.6402732083280412, 'colsample_bytree': 0.713509797545972}. Best is trial 1 with value: 0.5.
[I 2026-04-13 13:00:00,954] Trial 15 finished with value: 0.55 and parameters: {'n_estimators': 40, 'max_depth': 20, 'gamma': 0.9892855006895066, 'subsample': 0.7544779959401693, 'colsample_bytree': 0.8349808489410186}. Best is trial 15 with value: 0.55.
[I 2026-04-13 13:00:00,996] Trial 16 finished with value: 0.35 and parameters: {'n_estimators': 40, 'max_depth': 5, 'gamma': 0.9662362453279536, 'subsample': 0.7399868403109557, 'colsample_bytree': 0.8490924136429723}. Best is trial 15 with value: 0.55.
[I 2026-04-13 13:00:01,045] Trial 17 finished with value: 0.4 and parameters: {'n_estimators': 100, 'max_depth': 5, 'gamma': 0.8633167171956684, 'subsample': 0.7726255107915945, 'colsample_bytree': 0.8313689161757808}. Best is trial 15 with value: 0.55.
[I 2026-04-13 13:00:01,094] Trial 18 finished with value: 0.4 and parameters: {'n_estimators': 100, 'max_depth': 20, 'gamma': 0.9876292324161634, 'subsample': 0.8730359842034299, 'colsample_bytree': 0.903594671997618}. Best is trial 15 with value: 0.55.
[I 2026-04-13 13:00:01,144] Trial 19 finished with value: 0.4 and parameters: {'n_estimators': 40, 'max_depth': 30, 'gamma': 0.643015905479974, 'subsample': 0.7729627909595495, 'colsample_bytree': 0.7921730333293363}. Best is trial 15 with value: 0.55.
[I 2026-04-13 13:00:01,199] Trial 20 finished with value: 0.25 and parameters: {'n_estimators': 100, 'max_depth': 20, 'gamma': 0.8198719293034835, 'subsample': 0.9961764358499778, 'colsample_bytree': 0.9946334324010175}. Best is trial 15 with value: 0.55.
[I 2026-04-13 13:00:01,242] Trial 21 finished with value: 0.55 and parameters: {'n_estimators': 40, 'max_depth': 20, 'gamma': 0.8921649081774644, 'subsample': 0.6183612504794105, 'colsample_bytree': 0.6792919682518125}. Best is trial 15 with value: 0.55.
[I 2026-04-13 13:00:01,287] Trial 22 finished with value: 0.5 and parameters: {'n_estimators': 40, 'max_depth': 20, 'gamma': 0.8878701474425632, 'subsample': 0.7302932950567461, 'colsample_bytree': 0.7997923245172613}. Best is trial 15 with value: 0.55.
[I 2026-04-13 13:00:01,327] Trial 23 finished with value: 0.45 and parameters: {'n_estimators': 40, 'max_depth': 20, 'gamma': 0.9972720381565735, 'subsample': 0.6918607210437503, 'colsample_bytree': 0.7112700880158579}. Best is trial 15 with value: 0.55.
[I 2026-04-13 13:00:01,374] Trial 24 finished with value: 0.6 and parameters: {'n_estimators': 40, 'max_depth': 20, 'gamma': 0.8527275115494989, 'subsample': 0.6257064997192981, 'colsample_bytree': 0.6980890792974953}. Best is trial 24 with value: 0.6.
[I 2026-04-13 13:00:01,420] Trial 25 finished with value: 0.5 and parameters: {'n_estimators': 40, 'max_depth': 20, 'gamma': 0.627458088710254, 'subsample': 0.717060871639468, 'colsample_bytree': 0.6222951081119926}. Best is trial 24 with value: 0.6.
[I 2026-04-13 13:00:01,455] Trial 26 finished with value: 0.55 and parameters: {'n_estimators': 40, 'max_depth': 20, 'gamma': 0.7894144018809333, 'subsample': 0.6443473061670874, 'colsample_bytree': 0.686762384209176}. Best is trial 24 with value: 0.6.
[I 2026-04-13 13:00:01,505] Trial 27 finished with value: 0.45 and parameters: {'n_estimators': 40, 'max_depth': 20, 'gamma': 0.8622071787274601, 'subsample': 0.5538226617607162, 'colsample_bytree': 0.8813963415641485}. Best is trial 24 with value: 0.6.
[I 2026-04-13 13:00:01,555] Trial 28 finished with value: 0.45 and parameters: {'n_estimators': 40, 'max_depth': 20, 'gamma': 0.7498065558434474, 'subsample': 0.800332692006019, 'colsample_bytree': 0.5970529648827075}. Best is trial 24 with value: 0.6.
[I 2026-04-13 13:00:01,606] Trial 29 finished with value: 0.5 and parameters: {'n_estimators': 40, 'max_depth': 20, 'gamma': 0.6537685405380681, 'subsample': 0.5389295166137826, 'colsample_bytree': 0.7927938446281491}. Best is trial 24 with value: 0.6.
[I 2026-04-13 13:00:01,678] A new study created in memory with name: rf
[I 2026-04-13 13:00:01,844] Trial 0 finished with value: 0.5 and parameters: {'n_estimators': 130, 'max_depth': 17, 'min_samples_split': 5, 'min_samples_leaf': 8}. Best is trial 0 with value: 0.5.
[I 2026-04-13 13:00:02,413] Trial 1 finished with value: 0.25 and parameters: {'n_estimators': 492, 'max_depth': 12, 'min_samples_split': 6, 'min_samples_leaf': 1}. Best is trial 0 with value: 0.5.
[I 2026-04-13 13:00:02,669] Trial 2 finished with value: 0.5 and parameters: {'n_estimators': 207, 'max_depth': 11, 'min_samples_split': 8, 'min_samples_leaf': 9}. Best is trial 0 with value: 0.5.
[I 2026-04-13 13:00:03,049] Trial 3 finished with value: 0.5 and parameters: {'n_estimators': 252, 'max_depth': 4, 'min_samples_split': 4, 'min_samples_leaf': 10}. Best is trial 0 with value: 0.5.
[I 2026-04-13 13:00:03,376] Trial 4 finished with value: 0.2 and parameters: {'n_estimators': 185, 'max_depth': 11, 'min_samples_split': 10, 'min_samples_leaf': 1}. Best is trial 0 with value: 0.5.
[I 2026-04-13 13:00:03,787] Trial 5 finished with value: 0.3 and parameters: {'n_estimators': 340, 'max_depth': 20, 'min_samples_split': 4, 'min_samples_leaf': 6}. Best is trial 0 with value: 0.5.
[I 2026-04-13 13:00:04,396] Trial 6 finished with value: 0.5 and parameters: {'n_estimators': 464, 'max_depth': 5, 'min_samples_split': 6, 'min_samples_leaf': 8}. Best is trial 0 with value: 0.5.
[I 2026-04-13 13:00:04,855] Trial 7 finished with value: 0.25 and parameters: {'n_estimators': 368, 'max_depth': 11, 'min_samples_split': 3, 'min_samples_leaf': 5}. Best is trial 0 with value: 0.5.
[I 2026-04-13 13:00:05,152] Trial 8 finished with value: 0.5 and parameters: {'n_estimators': 249, 'max_depth': 11, 'min_samples_split': 5, 'min_samples_leaf': 9}. Best is trial 0 with value: 0.5.
[I 2026-04-13 13:00:05,733] Trial 9 finished with value: 0.3 and parameters: {'n_estimators': 408, 'max_depth': 8, 'min_samples_split': 7, 'min_samples_leaf': 3}. Best is trial 0 with value: 0.5.
[I 2026-04-13 13:00:05,968] Trial 10 finished with value: 0.5 and parameters: {'n_estimators': 156, 'max_depth': 19, 'min_samples_split': 2, 'min_samples_leaf': 7}. Best is trial 0 with value: 0.5.
[I 2026-04-13 13:00:06,195] Trial 11 finished with value: 0.5 and parameters: {'n_estimators': 123, 'max_depth': 16, 'min_samples_split': 9, 'min_samples_leaf': 10}. Best is trial 0 with value: 0.5.
[I 2026-04-13 13:00:06,481] Trial 12 finished with value: 0.5 and parameters: {'n_estimators': 211, 'max_depth': 15, 'min_samples_split': 8, 'min_samples_leaf': 8}. Best is trial 0 with value: 0.5.
[I 2026-04-13 13:00:06,667] Trial 13 finished with value: 0.35 and parameters: {'n_estimators': 100, 'max_depth': 16, 'min_samples_split': 8, 'min_samples_leaf': 5}. Best is trial 0 with value: 0.5.
[I 2026-04-13 13:00:07,025] Trial 14 finished with value: 0.5 and parameters: {'n_estimators': 282, 'max_depth': 8, 'min_samples_split': 7, 'min_samples_leaf': 8}. Best is trial 0 with value: 0.5.
[I 2026-04-13 13:00:07,303] Trial 15 finished with value: 0.5 and parameters: {'n_estimators': 198, 'max_depth': 14, 'min_samples_split': 10, 'min_samples_leaf': 7}. Best is trial 0 with value: 0.5.
[I 2026-04-13 13:00:07,500] Trial 16 finished with value: 0.5 and parameters: {'n_estimators': 145, 'max_depth': 18, 'min_samples_split': 5, 'min_samples_leaf': 9}. Best is trial 0 with value: 0.5.
[I 2026-04-13 13:00:07,818] Trial 17 finished with value: 0.4 and parameters: {'n_estimators': 234, 'max_depth': 7, 'min_samples_split': 8, 'min_samples_leaf': 6}. Best is trial 0 with value: 0.5.
[I 2026-04-13 13:00:08,171] Trial 18 finished with value: 0.5 and parameters: {'n_estimators': 307, 'max_depth': 13, 'min_samples_split': 7, 'min_samples_leaf': 9}. Best is trial 0 with value: 0.5.
[I 2026-04-13 13:00:08,422] Trial 19 finished with value: 0.25 and parameters: {'n_estimators': 168, 'max_depth': 9, 'min_samples_split': 4, 'min_samples_leaf': 4}. Best is trial 0 with value: 0.5.
