[I 2026-04-13 13:06:02,730] Trial 12 finished with value: 0.3 and parameters: {'C': 3.050113693885538, 'penalty': 'l2'}. Best is trial 6 with value: 0.5.
[I 2026-04-13 13:06:02,760] Trial 13 finished with value: 0.5 and parameters: {'C': 0.06927182728751366, 'penalty': 'l2'}. Best is trial 6 with value: 0.5.
[I 2026-04-13 13:06:02,789] Trial 14 finished with value: 0.3 and parameters: {'C': 0.813625956638274, 'penalty': 'l2'}. Best is trial 6 with value: 0.5.
[I 2026-04-13 13:06:02,808] Trial 15 finished with value: 0.5 and parameters: {'C': 0.0485152694718378, 'penalty': 'l2'}. Best is trial 6 with value: 0.5.
[I 2026-04-13 13:06:02,837] Trial 16 finished with value: 0.3 and parameters: {'C': 3.554089818852552, 'penalty': 'l2'}. Best is trial 6 with value: 0.5.
[I 2026-04-13 13:06:02,866] Trial 17 finished with value: 0.5 and parameters: {'C': 0.03869571423075696, 'penalty': 'l2'}. Best is trial 6 with value: 0.5.
[I 2026-04-13 13:06:02,905] Trial 18 finished with value: 0.3 and parameters: {'C': 2.265034798996436, 'penalty': 'l2'}. Best is trial 6 with value: 0.5.
[I 2026-04-13 13:06:02,944] Trial 19 finished with value: 0.25 and parameters: {'C': 52.78773436902992, 'penalty': 'l2'}. Best is trial 6 with value: 0.5.
[I 2026-04-13 13:06:02,973] Trial 20 finished with value: 0.5 and parameters: {'C': 0.09380452821022356, 'penalty': 'l2'}. Best is trial 6 with value: 0.5.
[I 2026-04-13 13:06:03,011] Trial 21 finished with value: 0.45 and parameters: {'C': 0.026713971527148668, 'penalty': 'l2'}. Best is trial 6 with value: 0.5.
[I 2026-04-13 13:06:03,041] Trial 22 finished with value: 0.5 and parameters: {'C': 0.08248553643666223, 'penalty': 'l2'}. Best is trial 6 with value: 0.5.
[I 2026-04-13 13:06:03,071] Trial 23 finished with value: 0.3 and parameters: {'C': 0.6474697515618035, 'penalty': 'l2'}. Best is trial 6 with value: 0.5.
[I 2026-04-13 13:06:03,101] Trial 24 finished with value: 0.5 and parameters: {'C': 0.12410778460948921, 'penalty': 'l2'}. Best is trial 6 with value: 0.5.
[I 2026-04-13 13:06:03,130] Trial 25 finished with value: 0.45 and parameters: {'C': 0.01056393564648817, 'penalty': 'l2'}. Best is trial 6 with value: 0.5.
[I 2026-04-13 13:06:03,160] Trial 26 finished with value: 0.3 and parameters: {'C': 0.8269761667845433, 'penalty': 'l2'}. Best is trial 6 with value: 0.5.
[I 2026-04-13 13:06:03,206] Trial 27 finished with value: 0.3 and parameters: {'C': 12.570504560508471, 'penalty': 'l2'}. Best is trial 6 with value: 0.5.
[I 2026-04-13 13:06:03,248] Trial 28 finished with value: 0.5 and parameters: {'C': 0.04771007182456523, 'penalty': 'l2'}. Best is trial 6 with value: 0.5.
[I 2026-04-13 13:06:03,289] Trial 29 finished with value: 0.4 and parameters: {'C': 0.23929835498554616, 'penalty': 'l2'}. Best is trial 6 with value: 0.5.
[I 2026-04-13 13:06:03,339] A new study created in memory with name: knn
[I 2026-04-13 13:06:03,354] Trial 0 finished with value: 0.3 and parameters: {'n_neighbors': 3, 'leaf_size': 30, 'p': 1}. Best is trial 0 with value: 0.3.
[I 2026-04-13 13:06:03,367] Trial 1 finished with value: 0.15 and parameters: {'n_neighbors': 4, 'leaf_size': 24, 'p': 1}. Best is trial 0 with value: 0.3.
[I 2026-04-13 13:06:03,382] Trial 2 finished with value: 0.3 and parameters: {'n_neighbors': 3, 'leaf_size': 27, 'p': 2}. Best is trial 0 with value: 0.3.
[I 2026-04-13 13:06:03,397] Trial 3 finished with value: 0.25 and parameters: {'n_neighbors': 10, 'leaf_size': 20, 'p': 1}. Best is trial 0 with value: 0.3.
[I 2026-04-13 13:06:03,412] Trial 4 finished with value: 0.25 and parameters: {'n_neighbors': 10, 'leaf_size': 34, 'p': 2}. Best is trial 0 with value: 0.3.
[I 2026-04-13 13:06:03,427] Trial 5 finished with value: 0.2 and parameters: {'n_neighbors': 6, 'leaf_size': 34, 'p': 1}. Best is trial 0 with value: 0.3.
[I 2026-04-13 13:06:03,443] Trial 6 finished with value: 0.25 and parameters: {'n_neighbors': 10, 'leaf_size': 36, 'p': 1}. Best is trial 0 with value: 0.3.
[I 2026-04-13 13:06:03,470] Trial 7 finished with value: 0.3 and parameters: {'n_neighbors': 7, 'leaf_size': 39, 'p': 2}. Best is trial 0 with value: 0.3.
[I 2026-04-13 13:06:03,485] Trial 8 finished with value: 0.25 and parameters: {'n_neighbors': 10, 'leaf_size': 23, 'p': 2}. Best is trial 0 with value: 0.3.
[I 2026-04-13 13:06:03,500] Trial 9 finished with value: 0.25 and parameters: {'n_neighbors': 10, 'leaf_size': 35, 'p': 2}. Best is trial 0 with value: 0.3.
[I 2026-04-13 13:06:03,527] Trial 10 finished with value: 0.2 and parameters: {'n_neighbors': 5, 'leaf_size': 30, 'p': 1}. Best is trial 0 with value: 0.3.
[I 2026-04-13 13:06:03,573] Trial 11 finished with value: 0.3 and parameters: {'n_neighbors': 3, 'leaf_size': 28, 'p': 2}. Best is trial 0 with value: 0.3.
[I 2026-04-13 13:06:03,595] Trial 12 finished with value: 0.3 and parameters: {'n_neighbors': 3, 'leaf_size': 28, 'p': 2}. Best is trial 0 with value: 0.3.
[I 2026-04-13 13:06:03,619] Trial 13 finished with value: 0.15 and parameters: {'n_neighbors': 4, 'leaf_size': 26, 'p': 1}. Best is trial 0 with value: 0.3.
[I 2026-04-13 13:06:03,642] Trial 14 finished with value: 0.25 and parameters: {'n_neighbors': 8, 'leaf_size': 30, 'p': 1}. Best is trial 0 with value: 0.3.
[I 2026-04-13 13:06:03,666] Trial 15 finished with value: 0.2 and parameters: {'n_neighbors': 5, 'leaf_size': 31, 'p': 2}. Best is trial 0 with value: 0.3.
[I 2026-04-13 13:06:03,688] Trial 16 finished with value: 0.3 and parameters: {'n_neighbors': 3, 'leaf_size': 25, 'p': 1}. Best is trial 0 with value: 0.3.
[I 2026-04-13 13:06:03,737] Trial 17 finished with value: 0.15 and parameters: {'n_neighbors': 4, 'leaf_size': 20, 'p': 2}. Best is trial 0 with value: 0.3.
[I 2026-04-13 13:06:03,763] Trial 18 finished with value: 0.25 and parameters: {'n_neighbors': 8, 'leaf_size': 32, 'p': 1}. Best is trial 0 with value: 0.3.
[I 2026-04-13 13:06:03,789] Trial 19 finished with value: 0.2 and parameters: {'n_neighbors': 5, 'leaf_size': 40, 'p': 2}. Best is trial 0 with value: 0.3.
[I 2026-04-13 13:06:03,813] Trial 20 finished with value: 0.2 and parameters: {'n_neighbors': 6, 'leaf_size': 27, 'p': 2}. Best is trial 0 with value: 0.3.
[I 2026-04-13 13:06:03,835] Trial 21 finished with value: 0.25 and parameters: {'n_neighbors': 8, 'leaf_size': 39, 'p': 2}. Best is trial 0 with value: 0.3.
[I 2026-04-13 13:06:03,859] Trial 22 finished with value: 0.3 and parameters: {'n_neighbors': 7, 'leaf_size': 22, 'p': 2}. Best is trial 0 with value: 0.3.
[I 2026-04-13 13:06:03,882] Trial 23 finished with value: 0.3 and parameters: {'n_neighbors': 7, 'leaf_size': 38, 'p': 2}. Best is trial 0 with value: 0.3.
[I 2026-04-13 13:06:03,906] Trial 24 finished with value: 0.15 and parameters: {'n_neighbors': 4, 'leaf_size': 32, 'p': 2}. Best is trial 0 with value: 0.3.
[I 2026-04-13 13:06:03,927] Trial 25 finished with value: 0.3 and parameters: {'n_neighbors': 9, 'leaf_size': 29, 'p': 2}. Best is trial 0 with value: 0.3.
[I 2026-04-13 13:06:03,950] Trial 26 finished with value: 0.2 and parameters: {'n_neighbors': 6, 'leaf_size': 37, 'p': 1}. Best is trial 0 with value: 0.3.
[I 2026-04-13 13:06:03,974] Trial 27 finished with value: 0.3 and parameters: {'n_neighbors': 3, 'leaf_size': 33, 'p': 2}. Best is trial 0 with value: 0.3.
[I 2026-04-13 13:06:03,994] Trial 28 finished with value: 0.2 and parameters: {'n_neighbors': 5, 'leaf_size': 27, 'p': 1}. Best is trial 0 with value: 0.3.
[I 2026-04-13 13:06:04,021] Trial 29 finished with value: 0.3 and parameters: {'n_neighbors': 7, 'leaf_size': 24, 'p': 1}. Best is trial 0 with value: 0.3.
[I 2026-04-13 13:06:04,311] A new study created in memory with name: xgb
[I 2026-04-13 13:06:04,335] Trial 0 finished with value: 0.35 and parameters: {'n_estimators': 40, 'max_depth': 30, 'gamma': 0.47665736245940726, 'subsample': 0.6240505842067796, 'colsample_bytree': 0.542029825582675}. Best is trial 0 with value: 0.35.
[I 2026-04-13 13:06:04,380] Trial 1 finished with value: 0.4 and parameters: {'n_estimators': 100, 'max_depth': 5, 'gamma': 0.6154838340124683, 'subsample': 0.9490035591125747, 'colsample_bytree': 0.8334494864598183}. Best is trial 1 with value: 0.4.
[I 2026-04-13 13:06:04,418] Trial 2 finished with value: 0.4 and parameters: {'n_estimators': 40, 'max_depth': 20, 'gamma': 0.9464719685739904, 'subsample': 0.9018698850061588, 'colsample_bytree': 0.9916796241121663}. Best is trial 1 with value: 0.4.
[I 2026-04-13 13:06:04,453] Trial 3 finished with value: 0.35 and parameters: {'n_estimators': 100, 'max_depth': 30, 'gamma': 0.26698751824101463, 'subsample': 0.6215578376567042, 'colsample_bytree': 0.9367004215505623}. Best is trial 1 with value: 0.4.
[I 2026-04-13 13:06:04,480] Trial 4 finished with value: 0.25 and parameters: {'n_estimators': 10, 'max_depth': 20, 'gamma': 0.5301766121845122, 'subsample': 0.7177777323831729, 'colsample_bytree': 0.9352041482132656}. Best is trial 1 with value: 0.4.
[I 2026-04-13 13:06:04,515] Trial 5 finished with value: 0.25 and parameters: {'n_estimators': 100, 'max_depth': 5, 'gamma': 0.6742485862456464, 'subsample': 0.7308488312353485, 'colsample_bytree': 0.5265297122426965}. Best is trial 1 with value: 0.4.
[I 2026-04-13 13:06:04,561] Trial 6 finished with value: 0.3 and parameters: {'n_estimators': 100, 'max_depth': 30, 'gamma': 0.5360486096375219, 'subsample': 0.8488681925618888, 'colsample_bytree': 0.900578215847843}. Best is trial 1 with value: 0.4.
[I 2026-04-13 13:06:04,589] Trial 7 finished with value: 0.3 and parameters: {'n_estimators': 40, 'max_depth': 5, 'gamma': 0.4997010655396419, 'subsample': 0.7490698051808964, 'colsample_bytree': 0.7071731623998108}. Best is trial 1 with value: 0.4.
[I 2026-04-13 13:06:04,627] Trial 8 finished with value: 0.35 and parameters: {'n_estimators': 100, 'max_depth': 5, 'gamma': 0.5449029446194361, 'subsample': 0.7150234071055932, 'colsample_bytree': 0.8673829085180849}. Best is trial 1 with value: 0.4.
[I 2026-04-13 13:06:04,674] Trial 9 finished with value: 0.4 and parameters: {'n_estimators': 100, 'max_depth': 30, 'gamma': 0.5427360453562716, 'subsample': 0.5915763668266103, 'colsample_bytree': 0.5546552575823498}. Best is trial 1 with value: 0.4.
[I 2026-04-13 13:06:04,715] Trial 10 finished with value: 0.4 and parameters: {'n_estimators': 10, 'max_depth': 5, 'gamma': 0.8166697644905587, 'subsample': 0.9751404785189386, 'colsample_bytree': 0.7735093231652352}. Best is trial 1 with value: 0.4.
[I 2026-04-13 13:06:04,752] Trial 11 finished with value: 0.4 and parameters: {'n_estimators': 40, 'max_depth': 20, 'gamma': 0.9952092548004167, 'subsample': 0.9683640491533567, 'colsample_bytree': 0.9928642741558296}. Best is trial 1 with value: 0.4.
[I 2026-04-13 13:06:04,792] Trial 12 finished with value: 0.4 and parameters: {'n_estimators': 40, 'max_depth': 20, 'gamma': 0.983676481207403, 'subsample': 0.8829122845088755, 'colsample_bytree': 0.8106211752102093}. Best is trial 1 with value: 0.4.
[I 2026-04-13 13:06:04,826] Trial 13 finished with value: 0.35 and parameters: {'n_estimators': 40, 'max_depth': 20, 'gamma': 0.7737308083294776, 'subsample': 0.8662188927972414, 'colsample_bytree': 0.6888666758338158}. Best is trial 1 with value: 0.4.
[I 2026-04-13 13:06:04,864] Trial 14 finished with value: 0.4 and parameters: {'n_estimators': 10, 'max_depth': 5, 'gamma': 0.1118487397978592, 'subsample': 0.9176618187802201, 'colsample_bytree': 0.9990482924374496}. Best is trial 1 with value: 0.4.
[I 2026-04-13 13:06:04,906] Trial 15 finished with value: 0.2 and parameters: {'n_estimators': 100, 'max_depth': 20, 'gamma': 0.35329466441380575, 'subsample': 0.8113467514466688, 'colsample_bytree': 0.6287210900307332}. Best is trial 1 with value: 0.4.
[I 2026-04-13 13:06:04,940] Trial 16 finished with value: 0.4 and parameters: {'n_estimators': 40, 'max_depth': 20, 'gamma': 0.8711731685749494, 'subsample': 0.9299586176132004, 'colsample_bytree': 0.8521946304308765}. Best is trial 1 with value: 0.4.
[I 2026-04-13 13:06:04,989] Trial 17 finished with value: 0.4 and parameters: {'n_estimators': 40, 'max_depth': 5, 'gamma': 0.6705158501934413, 'subsample': 0.5106683207593217, 'colsample_bytree': 0.8053972925571781}. Best is trial 1 with value: 0.4.
[I 2026-04-13 13:06:05,038] Trial 18 finished with value: 0.25 and parameters: {'n_estimators': 100, 'max_depth': 5, 'gamma': 0.689753787686795, 'subsample': 0.8049201703641657, 'colsample_bytree': 0.7117948538295535}. Best is trial 1 with value: 0.4.
[I 2026-04-13 13:06:05,079] Trial 19 finished with value: 0.45 and parameters: {'n_estimators': 10, 'max_depth': 20, 'gamma': 0.345799187122584, 'subsample': 0.9961618760618361, 'colsample_bytree': 0.9337408564510504}. Best is trial 19 with value: 0.45.
[I 2026-04-13 13:06:05,118] Trial 20 finished with value: 0.45 and parameters: {'n_estimators': 10, 'max_depth': 20, 'gamma': 0.3200367643255637, 'subsample': 0.966467392365303, 'colsample_bytree': 0.8469610454948329}. Best is trial 19 with value: 0.45.
[I 2026-04-13 13:06:05,163] Trial 21 finished with value: 0.45 and parameters: {'n_estimators': 10, 'max_depth': 20, 'gamma': 0.34771431817882137, 'subsample': 0.9811035112978718, 'colsample_bytree': 0.8701401932189902}. Best is trial 19 with value: 0.45.
[I 2026-04-13 13:06:05,208] Trial 22 finished with value: 0.45 and parameters: {'n_estimators': 10, 'max_depth': 20, 'gamma': 0.3640770465957957, 'subsample': 0.9924513255596211, 'colsample_bytree': 0.9011533171273927}. Best is trial 19 with value: 0.45.
[I 2026-04-13 13:06:05,243] Trial 23 finished with value: 0.45 and parameters: {'n_estimators': 10, 'max_depth': 20, 'gamma': 0.20819880710045996, 'subsample': 0.9894359891141691, 'colsample_bytree': 0.9417341040483532}. Best is trial 19 with value: 0.45.
[I 2026-04-13 13:06:05,278] Trial 24 finished with value: 0.45 and parameters: {'n_estimators': 10, 'max_depth': 20, 'gamma': 0.4171290293286642, 'subsample': 0.9354559186201586, 'colsample_bytree': 0.8863904575718369}. Best is trial 19 with value: 0.45.
[I 2026-04-13 13:06:05,324] Trial 25 finished with value: 0.3 and parameters: {'n_estimators': 10, 'max_depth': 20, 'gamma': 0.2493650280455365, 'subsample': 0.8322821693311022, 'colsample_bytree': 0.7664883840488258}. Best is trial 19 with value: 0.45.
[I 2026-04-13 13:06:05,370] Trial 26 finished with value: 0.35 and parameters: {'n_estimators': 10, 'max_depth': 20, 'gamma': 0.32079306924348544, 'subsample': 0.898233253291131, 'colsample_bytree': 0.9492966426647659}. Best is trial 19 with value: 0.45.
[I 2026-04-13 13:06:05,407] Trial 27 finished with value: 0.25 and parameters: {'n_estimators': 10, 'max_depth': 20, 'gamma': 0.16410798898130982, 'subsample': 0.7861464921492796, 'colsample_bytree': 0.8095886345790613}. Best is trial 19 with value: 0.45.
[I 2026-04-13 13:06:05,448] Trial 28 finished with value: 0.4 and parameters: {'n_estimators': 10, 'max_depth': 20, 'gamma': 0.4144865343284877, 'subsample': 0.9934569297865627, 'colsample_bytree': 0.8427245362973275}. Best is trial 19 with value: 0.45.
[I 2026-04-13 13:06:05,487] Trial 29 finished with value: 0.45 and parameters: {'n_estimators': 10, 'max_depth': 30, 'gamma': 0.43279723294558947, 'subsample': 0.950475571803073, 'colsample_bytree': 0.910968164534668}. Best is trial 19 with value: 0.45.
[I 2026-04-13 13:06:05,630] A new study created in memory with name: rf
[I 2026-04-13 13:06:05,796] Trial 0 finished with value: 0.25 and parameters: {'n_estimators': 104, 'max_depth': 12, 'min_samples_split': 6, 'min_samples_leaf': 2}. Best is trial 0 with value: 0.25.
[I 2026-04-13 13:06:06,045] Trial 1 finished with value: 0.25 and parameters: {'n_estimators': 156, 'max_depth': 6, 'min_samples_split': 5, 'min_samples_leaf': 3}. Best is trial 0 with value: 0.25.
[I 2026-04-13 13:06:06,272] Trial 2 finished with value: 0.5 and parameters: {'n_estimators': 133, 'max_depth': 9, 'min_samples_split': 3, 'min_samples_leaf': 9}. Best is trial 2 with value: 0.5.
[I 2026-04-13 13:06:06,854] Trial 3 finished with value: 0.35 and parameters: {'n_estimators': 481, 'max_depth': 3, 'min_samples_split': 8, 'min_samples_leaf': 6}. Best is trial 2 with value: 0.5.
[I 2026-04-13 13:06:07,418] Trial 4 finished with value: 0.5 and parameters: {'n_estimators': 460, 'max_depth': 15, 'min_samples_split': 6, 'min_samples_leaf': 8}. Best is trial 2 with value: 0.5.
[I 2026-04-13 13:06:07,725] Trial 5 finished with value: 0.3 and parameters: {'n_estimators': 254, 'max_depth': 15, 'min_samples_split': 9, 'min_samples_leaf': 5}. Best is trial 2 with value: 0.5.
[I 2026-04-13 13:06:08,325] Trial 6 finished with value: 0.35 and parameters: {'n_estimators': 477, 'max_depth': 17, 'min_samples_split': 10, 'min_samples_leaf': 2}. Best is trial 2 with value: 0.5.
[I 2026-04-13 13:06:08,816] Trial 7 finished with value: 0.5 and parameters: {'n_estimators': 308, 'max_depth': 20, 'min_samples_split': 7, 'min_samples_leaf': 9}. Best is trial 2 with value: 0.5.
[I 2026-04-13 13:06:09,383] Trial 8 finished with value: 0.5 and parameters: {'n_estimators': 489, 'max_depth': 6, 'min_samples_split': 4, 'min_samples_leaf': 9}. Best is trial 2 with value: 0.5.
[I 2026-04-13 13:06:09,973] Trial 9 finished with value: 0.4 and parameters: {'n_estimators': 463, 'max_depth': 16, 'min_samples_split': 5, 'min_samples_leaf': 5}. Best is trial 2 with value: 0.5.
[I 2026-04-13 13:06:10,319] Trial 10 finished with value: 0.5 and parameters: {'n_estimators': 228, 'max_depth': 10, 'min_samples_split': 2, 'min_samples_leaf': 10}. Best is trial 2 with value: 0.5.
[I 2026-04-13 13:06:10,775] Trial 11 finished with value: 0.5 and parameters: {'n_estimators': 397, 'max_depth': 11, 'min_samples_split': 2, 'min_samples_leaf': 7}. Best is trial 2 with value: 0.5.
[I 2026-04-13 13:06:11,244] Trial 12 finished with value: 0.5 and parameters: {'n_estimators': 369, 'max_depth': 13, 'min_samples_split': 3, 'min_samples_leaf': 8}. Best is trial 2 with value: 0.5.
[I 2026-04-13 13:06:11,569] Trial 13 finished with value: 0.5 and parameters: {'n_estimators': 196, 'max_depth': 9, 'min_samples_split': 4, 'min_samples_leaf': 10}. Best is trial 2 with value: 0.5.
[I 2026-04-13 13:06:11,999] Trial 14 finished with value: 0.5 and parameters: {'n_estimators': 318, 'max_depth': 8, 'min_samples_split': 7, 'min_samples_leaf': 7}. Best is trial 2 with value: 0.5.
[I 2026-04-13 13:06:12,585] Trial 15 finished with value: 0.5 and parameters: {'n_estimators': 402, 'max_depth': 19, 'min_samples_split': 4, 'min_samples_leaf': 8}. Best is trial 2 with value: 0.5.
[I 2026-04-13 13:06:12,794] Trial 16 finished with value: 0.5 and parameters: {'n_estimators': 107, 'max_depth': 14, 'min_samples_split': 6, 'min_samples_leaf': 8}. Best is trial 2 with value: 0.5.
[I 2026-04-13 13:06:13,133] Trial 17 finished with value: 0.35 and parameters: {'n_estimators': 266, 'max_depth': 18, 'min_samples_split': 3, 'min_samples_leaf': 6}. Best is trial 2 with value: 0.5.
[I 2026-04-13 13:06:13,651] Trial 18 finished with value: 0.3 and parameters: {'n_estimators': 351, 'max_depth': 6, 'min_samples_split': 7, 'min_samples_leaf': 4}. Best is trial 2 with value: 0.5.
[I 2026-04-13 13:06:13,918] Trial 19 finished with value: 0.5 and parameters: {'n_estimators': 166, 'max_depth': 13, 'min_samples_split': 5, 'min_samples_leaf': 9}. Best is trial 2 with value: 0.5.
[I 2026-04-13 13:06:14,456] Trial 20 finished with value: 0.45 and parameters: {'n_estimators': 408, 'max_depth': 3, 'min_samples_split': 8, 'min_samples_leaf': 7}. Best is trial 2 with value: 0.5.
[I 2026-04-13 13:06:14,863] Trial 21 finished with value: 0.5 and parameters: {'n_estimators': 291, 'max_depth': 19, 'min_samples_split': 7, 'min_samples_leaf': 9}. Best is trial 2 with value: 0.5.
[I 2026-04-13 13:06:15,206] Trial 22 finished with value: 0.5 and parameters: {'n_estimators': 218, 'max_depth': 20, 'min_samples_split': 9, 'min_samples_leaf': 10}. Best is trial 2 with value: 0.5.
[I 2026-04-13 13:06:15,790] Trial 23 finished with value: 0.5 and parameters: {'n_estimators': 444, 'max_depth': 16, 'min_samples_split': 8, 'min_samples_leaf': 9}. Best is trial 2 with value: 0.5.
[I 2026-04-13 13:06:16,250] Trial 24 finished with value: 0.5 and parameters: {'n_estimators': 330, 'max_depth': 9, 'min_samples_split': 6, 'min_samples_leaf': 8}. Best is trial 2 with value: 0.5.
[I 2026-04-13 13:06:16,628] Trial 25 finished with value: 0.5 and parameters: {'n_estimators': 292, 'max_depth': 20, 'min_samples_split': 7, 'min_samples_leaf': 10}. Best is trial 2 with value: 0.5.
[I 2026-04-13 13:06:17,219] Trial 26 finished with value: 0.4 and parameters: {'n_estimators': 433, 'max_depth': 17, 'min_samples_split': 3, 'min_samples_leaf': 7}. Best is trial 2 with value: 0.5.
[I 2026-04-13 13:06:17,479] Trial 27 finished with value: 0.5 and parameters: {'n_estimators': 147, 'max_depth': 11, 'min_samples_split': 10, 'min_samples_leaf': 9}. Best is trial 2 with value: 0.5.
[I 2026-04-13 13:06:17,975] Trial 28 finished with value: 0.25 and parameters: {'n_estimators': 365, 'max_depth': 15, 'min_samples_split': 6, 'min_samples_leaf': 1}. Best is trial 2 with value: 0.5.
[I 2026-04-13 13:06:18,128] Trial 29 finished with value: 0.5 and parameters: {'n_estimators': 104, 'max_depth': 13, 'min_samples_split': 5, 'min_samples_leaf': 8}. Best is trial 2 with value: 0.5.
[I 2026-04-13 13:06:18,499] A new study created in memory with name: mlp
[I 2026-04-13 13:06:18,564] Trial 0 finished with value: 0.35 and parameters: {'hidden_layer_sizes': (200,), 'max_iter': 100, 'alpha': 0.001}. Best is trial 0 with value: 0.35.
[I 2026-04-13 13:06:18,652] Trial 1 finished with value: 0.3 and parameters: {'hidden_layer_sizes': (100, 100), 'max_iter': 100, 'alpha': 0.0001}. Best is trial 0 with value: 0.35.
[I 2026-04-13 13:06:18,697] Trial 2 finished with value: 0.3 and parameters: {'hidden_layer_sizes': (100, 100), 'max_iter': 50, 'alpha': 0.0001}. Best is trial 0 with value: 0.35.
