[I 2026-04-13 13:01:20,189] Trial 7 finished with value: 0.9 and parameters: {'n_estimators': 40, 'max_depth': 5, 'gamma': 0.5250915966595621, 'subsample': 0.9207383574491986, 'colsample_bytree': 0.565555321173957}. Best is trial 3 with value: 1.0.
[I 2026-04-13 13:01:20,217] Trial 8 finished with value: 0.95 and parameters: {'n_estimators': 100, 'max_depth': 5, 'gamma': 0.3919835527051987, 'subsample': 0.6502094521590198, 'colsample_bytree': 0.5827507002328938}. Best is trial 3 with value: 1.0.
[I 2026-04-13 13:01:20,266] Trial 9 finished with value: 0.95 and parameters: {'n_estimators': 100, 'max_depth': 5, 'gamma': 0.8003922413895069, 'subsample': 0.9436444759263674, 'colsample_bytree': 0.8374593849333938}. Best is trial 3 with value: 1.0.
[I 2026-04-13 13:01:20,306] Trial 10 finished with value: 1.0 and parameters: {'n_estimators': 10, 'max_depth': 30, 'gamma': 0.13445536345660636, 'subsample': 0.7667965871523328, 'colsample_bytree': 0.9450782802183846}. Best is trial 3 with value: 1.0.
[I 2026-04-13 13:01:20,357] Trial 11 finished with value: 0.95 and parameters: {'n_estimators': 10, 'max_depth': 30, 'gamma': 0.10563048900508903, 'subsample': 0.7405793778578907, 'colsample_bytree': 0.995366239845801}. Best is trial 3 with value: 1.0.
[I 2026-04-13 13:01:20,415] Trial 12 finished with value: 0.95 and parameters: {'n_estimators': 10, 'max_depth': 30, 'gamma': 0.10024619859941442, 'subsample': 0.7706343257995896, 'colsample_bytree': 0.9804930052552224}. Best is trial 3 with value: 1.0.
[I 2026-04-13 13:01:20,455] Trial 13 finished with value: 0.95 and parameters: {'n_estimators': 10, 'max_depth': 30, 'gamma': 0.26969270907557097, 'subsample': 0.7085476653061372, 'colsample_bytree': 0.8989432474089583}. Best is trial 3 with value: 1.0.
[I 2026-04-13 13:01:20,495] Trial 14 finished with value: 0.95 and parameters: {'n_estimators': 10, 'max_depth': 30, 'gamma': 0.28198897850214727, 'subsample': 0.8503728508520058, 'colsample_bytree': 0.900290570301107}. Best is trial 3 with value: 1.0.
[I 2026-04-13 13:01:20,534] Trial 15 finished with value: 1.0 and parameters: {'n_estimators': 10, 'max_depth': 20, 'gamma': 0.6856179221138164, 'subsample': 0.6414700421933635, 'colsample_bytree': 0.9021679744360075}. Best is trial 3 with value: 1.0.
[I 2026-04-13 13:01:20,575] Trial 16 finished with value: 0.95 and parameters: {'n_estimators': 40, 'max_depth': 20, 'gamma': 0.2602894101312718, 'subsample': 0.7841928928082295, 'colsample_bytree': 0.8342466762549606}. Best is trial 3 with value: 1.0.
[I 2026-04-13 13:01:20,609] Trial 17 finished with value: 0.95 and parameters: {'n_estimators': 10, 'max_depth': 30, 'gamma': 0.3759310324113787, 'subsample': 0.6972437970106171, 'colsample_bytree': 0.949236653294418}. Best is trial 3 with value: 1.0.
[I 2026-04-13 13:01:20,654] Trial 18 finished with value: 0.95 and parameters: {'n_estimators': 10, 'max_depth': 30, 'gamma': 0.6365024895406064, 'subsample': 0.8730359842034299, 'colsample_bytree': 0.8240459457039855}. Best is trial 3 with value: 1.0.
[I 2026-04-13 13:01:20,695] Trial 19 finished with value: 0.9 and parameters: {'n_estimators': 40, 'max_depth': 20, 'gamma': 0.20065175090087745, 'subsample': 0.5011191823417127, 'colsample_bytree': 0.9310383268799347}. Best is trial 3 with value: 1.0.
[I 2026-04-13 13:01:20,727] Trial 20 finished with value: 0.95 and parameters: {'n_estimators': 10, 'max_depth': 30, 'gamma': 0.41122160765137383, 'subsample': 0.9961764358499778, 'colsample_bytree': 0.8549330990839267}. Best is trial 3 with value: 1.0.
[I 2026-04-13 13:01:20,768] Trial 21 finished with value: 1.0 and parameters: {'n_estimators': 10, 'max_depth': 20, 'gamma': 0.7666135214679859, 'subsample': 0.645324607509117, 'colsample_bytree': 0.9061025287881094}. Best is trial 3 with value: 1.0.
[I 2026-04-13 13:01:20,809] Trial 22 finished with value: 0.9 and parameters: {'n_estimators': 10, 'max_depth': 20, 'gamma': 0.6054655537645247, 'subsample': 0.6133724766937009, 'colsample_bytree': 0.955149633491334}. Best is trial 3 with value: 1.0.
[I 2026-04-13 13:01:20,852] Trial 23 finished with value: 0.95 and parameters: {'n_estimators': 10, 'max_depth': 20, 'gamma': 0.8106092214756648, 'subsample': 0.7151057177023066, 'colsample_bytree': 0.878929297795875}. Best is trial 3 with value: 1.0.
[I 2026-04-13 13:01:20,892] Trial 24 finished with value: 0.95 and parameters: {'n_estimators': 10, 'max_depth': 20, 'gamma': 0.6814374416947065, 'subsample': 0.6558301434935337, 'colsample_bytree': 0.9938612326798915}. Best is trial 3 with value: 1.0.
[I 2026-04-13 13:01:20,928] Trial 25 finished with value: 0.95 and parameters: {'n_estimators': 10, 'max_depth': 20, 'gamma': 0.4596554178626719, 'subsample': 0.7459467103327352, 'colsample_bytree': 0.9361862516468902}. Best is trial 3 with value: 1.0.
[I 2026-04-13 13:01:20,978] Trial 26 finished with value: 0.9 and parameters: {'n_estimators': 10, 'max_depth': 20, 'gamma': 0.7537978808162098, 'subsample': 0.5874259990812883, 'colsample_bytree': 0.8000437417384254}. Best is trial 3 with value: 1.0.
[I 2026-04-13 13:01:21,023] Trial 27 finished with value: 0.95 and parameters: {'n_estimators': 10, 'max_depth': 30, 'gamma': 0.8622071787274601, 'subsample': 0.8000262966737743, 'colsample_bytree': 0.6872309957292344}. Best is trial 3 with value: 1.0.
[I 2026-04-13 13:01:21,059] Trial 28 finished with value: 1.0 and parameters: {'n_estimators': 40, 'max_depth': 20, 'gamma': 0.5913195344092521, 'subsample': 0.6725822604469528, 'colsample_bytree': 0.7933768564833019}. Best is trial 3 with value: 1.0.
[I 2026-04-13 13:01:21,096] Trial 29 finished with value: 0.95 and parameters: {'n_estimators': 100, 'max_depth': 20, 'gamma': 0.5417020411239413, 'subsample': 0.5473344807877787, 'colsample_bytree': 0.8607990519796935}. Best is trial 3 with value: 1.0.
[I 2026-04-13 13:01:21,163] A new study created in memory with name: rf
[I 2026-04-13 13:01:21,359] Trial 0 finished with value: 0.5 and parameters: {'n_estimators': 130, 'max_depth': 17, 'min_samples_split': 5, 'min_samples_leaf': 8}. Best is trial 0 with value: 0.5.
[I 2026-04-13 13:01:22,019] Trial 1 finished with value: 1.0 and parameters: {'n_estimators': 492, 'max_depth': 12, 'min_samples_split': 6, 'min_samples_leaf': 1}. Best is trial 1 with value: 1.0.
[I 2026-04-13 13:01:22,316] Trial 2 finished with value: 0.5 and parameters: {'n_estimators': 207, 'max_depth': 11, 'min_samples_split': 8, 'min_samples_leaf': 9}. Best is trial 1 with value: 1.0.
[I 2026-04-13 13:01:22,673] Trial 3 finished with value: 0.5 and parameters: {'n_estimators': 252, 'max_depth': 4, 'min_samples_split': 4, 'min_samples_leaf': 10}. Best is trial 1 with value: 1.0.
[I 2026-04-13 13:01:22,910] Trial 4 finished with value: 1.0 and parameters: {'n_estimators': 185, 'max_depth': 11, 'min_samples_split': 10, 'min_samples_leaf': 1}. Best is trial 1 with value: 1.0.
[I 2026-04-13 13:01:23,439] Trial 5 finished with value: 1.0 and parameters: {'n_estimators': 340, 'max_depth': 20, 'min_samples_split': 4, 'min_samples_leaf': 6}. Best is trial 1 with value: 1.0.
[I 2026-04-13 13:01:24,008] Trial 6 finished with value: 0.5 and parameters: {'n_estimators': 464, 'max_depth': 5, 'min_samples_split': 6, 'min_samples_leaf': 8}. Best is trial 1 with value: 1.0.
[I 2026-04-13 13:01:24,487] Trial 7 finished with value: 1.0 and parameters: {'n_estimators': 368, 'max_depth': 11, 'min_samples_split': 3, 'min_samples_leaf': 5}. Best is trial 1 with value: 1.0.
[I 2026-04-13 13:01:24,834] Trial 8 finished with value: 0.5 and parameters: {'n_estimators': 249, 'max_depth': 11, 'min_samples_split': 5, 'min_samples_leaf': 9}. Best is trial 1 with value: 1.0.
[I 2026-04-13 13:01:25,374] Trial 9 finished with value: 1.0 and parameters: {'n_estimators': 408, 'max_depth': 8, 'min_samples_split': 7, 'min_samples_leaf': 3}. Best is trial 1 with value: 1.0.
[I 2026-04-13 13:01:25,980] Trial 10 finished with value: 1.0 and parameters: {'n_estimators': 479, 'max_depth': 15, 'min_samples_split': 2, 'min_samples_leaf': 1}. Best is trial 1 with value: 1.0.
[I 2026-04-13 13:01:26,204] Trial 11 finished with value: 1.0 and parameters: {'n_estimators': 124, 'max_depth': 15, 'min_samples_split': 10, 'min_samples_leaf': 1}. Best is trial 1 with value: 1.0.
[I 2026-04-13 13:01:26,491] Trial 12 finished with value: 1.0 and parameters: {'n_estimators': 180, 'max_depth': 7, 'min_samples_split': 10, 'min_samples_leaf': 3}. Best is trial 1 with value: 1.0.
[I 2026-04-13 13:01:26,879] Trial 13 finished with value: 1.0 and parameters: {'n_estimators': 300, 'max_depth': 14, 'min_samples_split': 8, 'min_samples_leaf': 3}. Best is trial 1 with value: 1.0.
[I 2026-04-13 13:01:27,443] Trial 14 finished with value: 1.0 and parameters: {'n_estimators': 424, 'max_depth': 8, 'min_samples_split': 8, 'min_samples_leaf': 1}. Best is trial 1 with value: 1.0.
[I 2026-04-13 13:01:27,771] Trial 15 finished with value: 1.0 and parameters: {'n_estimators': 191, 'max_depth': 12, 'min_samples_split': 9, 'min_samples_leaf': 5}. Best is trial 1 with value: 1.0.
[I 2026-04-13 13:01:28,170] Trial 16 finished with value: 1.0 and parameters: {'n_estimators': 295, 'max_depth': 18, 'min_samples_split': 6, 'min_samples_leaf': 2}. Best is trial 1 with value: 1.0.
[I 2026-04-13 13:01:28,779] Trial 17 finished with value: 1.0 and parameters: {'n_estimators': 380, 'max_depth': 13, 'min_samples_split': 7, 'min_samples_leaf': 4}. Best is trial 1 with value: 1.0.
[I 2026-04-13 13:01:29,128] Trial 18 finished with value: 1.0 and parameters: {'n_estimators': 242, 'max_depth': 9, 'min_samples_split': 9, 'min_samples_leaf': 2}. Best is trial 1 with value: 1.0.
[I 2026-04-13 13:01:29,400] Trial 19 finished with value: 1.0 and parameters: {'n_estimators': 160, 'max_depth': 6, 'min_samples_split': 7, 'min_samples_leaf': 6}. Best is trial 1 with value: 1.0.
[I 2026-04-13 13:01:29,845] Trial 20 finished with value: 1.0 and parameters: {'n_estimators': 330, 'max_depth': 3, 'min_samples_split': 5, 'min_samples_leaf': 2}. Best is trial 1 with value: 1.0.
[I 2026-04-13 13:01:30,404] Trial 21 finished with value: 1.0 and parameters: {'n_estimators': 347, 'max_depth': 20, 'min_samples_split': 4, 'min_samples_leaf': 6}. Best is trial 1 with value: 1.0.
[I 2026-04-13 13:01:31,032] Trial 22 finished with value: 1.0 and parameters: {'n_estimators': 447, 'max_depth': 20, 'min_samples_split': 2, 'min_samples_leaf': 4}. Best is trial 1 with value: 1.0.
[I 2026-04-13 13:01:31,651] Trial 23 finished with value: 0.5 and parameters: {'n_estimators': 493, 'max_depth': 18, 'min_samples_split': 3, 'min_samples_leaf': 7}. Best is trial 1 with value: 1.0.
[I 2026-04-13 13:01:32,088] Trial 24 finished with value: 1.0 and parameters: {'n_estimators': 296, 'max_depth': 9, 'min_samples_split': 4, 'min_samples_leaf': 4}. Best is trial 1 with value: 1.0.
[I 2026-04-13 13:01:32,658] Trial 25 finished with value: 0.7 and parameters: {'n_estimators': 411, 'max_depth': 16, 'min_samples_split': 6, 'min_samples_leaf': 7}. Best is trial 1 with value: 1.0.
[I 2026-04-13 13:01:32,986] Trial 26 finished with value: 1.0 and parameters: {'n_estimators': 221, 'max_depth': 13, 'min_samples_split': 3, 'min_samples_leaf': 2}. Best is trial 1 with value: 1.0.
[I 2026-04-13 13:01:33,222] Trial 27 finished with value: 1.0 and parameters: {'n_estimators': 153, 'max_depth': 10, 'min_samples_split': 5, 'min_samples_leaf': 1}. Best is trial 1 with value: 1.0.
[I 2026-04-13 13:01:33,440] Trial 28 finished with value: 1.0 and parameters: {'n_estimators': 105, 'max_depth': 13, 'min_samples_split': 9, 'min_samples_leaf': 5}. Best is trial 1 with value: 1.0.
[I 2026-04-13 13:01:33,795] Trial 29 finished with value: 0.5 and parameters: {'n_estimators': 274, 'max_depth': 17, 'min_samples_split': 7, 'min_samples_leaf': 7}. Best is trial 1 with value: 1.0.
[I 2026-04-13 13:01:35,039] A new study created in memory with name: mlp
[I 2026-04-13 13:01:35,086] Trial 0 finished with value: 1.0 and parameters: {'hidden_layer_sizes': (200,), 'max_iter': 100, 'alpha': 0.0001}. Best is trial 0 with value: 1.0.
[I 2026-04-13 13:01:35,141] Trial 1 finished with value: 1.0 and parameters: {'hidden_layer_sizes': (100, 100), 'max_iter': 100, 'alpha': 0.0001}. Best is trial 0 with value: 1.0.
[I 2026-04-13 13:01:35,198] Trial 2 finished with value: 1.0 and parameters: {'hidden_layer_sizes': (200,), 'max_iter': 100, 'alpha': 0.001}. Best is trial 0 with value: 1.0.
[I 2026-04-13 13:01:35,244] Trial 3 finished with value: 1.0 and parameters: {'hidden_layer_sizes': (100,), 'max_iter': 50, 'alpha': 0.001}. Best is trial 0 with value: 1.0.
[I 2026-04-13 13:01:35,304] Trial 4 finished with value: 1.0 and parameters: {'hidden_layer_sizes': (100,), 'max_iter': 50, 'alpha': 0.0001}. Best is trial 0 with value: 1.0.
[I 2026-04-13 13:01:35,349] Trial 5 finished with value: 1.0 and parameters: {'hidden_layer_sizes': (100,), 'max_iter': 50, 'alpha': 0.0001}. Best is trial 0 with value: 1.0.
[I 2026-04-13 13:01:35,417] Trial 6 finished with value: 1.0 and parameters: {'hidden_layer_sizes': (100,), 'max_iter': 50, 'alpha': 0.0001}. Best is trial 0 with value: 1.0.
[I 2026-04-13 13:01:35,465] Trial 7 finished with value: 1.0 and parameters: {'hidden_layer_sizes': (100,), 'max_iter': 50, 'alpha': 0.0001}. Best is trial 0 with value: 1.0.
[I 2026-04-13 13:01:35,522] Trial 8 finished with value: 1.0 and parameters: {'hidden_layer_sizes': (200,), 'max_iter': 100, 'alpha': 0.0001}. Best is trial 0 with value: 1.0.
[I 2026-04-13 13:01:35,570] Trial 9 finished with value: 1.0 and parameters: {'hidden_layer_sizes': (200,), 'max_iter': 50, 'alpha': 0.0001}. Best is trial 0 with value: 1.0.
[I 2026-04-13 13:01:35,619] Trial 10 finished with value: 1.0 and parameters: {'hidden_layer_sizes': (100, 100), 'max_iter': 100, 'alpha': 0.001}. Best is trial 0 with value: 1.0.
[I 2026-04-13 13:01:35,688] Trial 11 finished with value: 1.0 and parameters: {'hidden_layer_sizes': (100, 100), 'max_iter': 100, 'alpha': 0.0001}. Best is trial 0 with value: 1.0.
[I 2026-04-13 13:01:35,745] Trial 12 finished with value: 1.0 and parameters: {'hidden_layer_sizes': (100, 100), 'max_iter': 100, 'alpha': 0.0001}. Best is trial 0 with value: 1.0.
[I 2026-04-13 13:01:35,825] Trial 13 finished with value: 1.0 and parameters: {'hidden_layer_sizes': (100, 100), 'max_iter': 100, 'alpha': 0.0001}. Best is trial 0 with value: 1.0.
[I 2026-04-13 13:01:35,882] Trial 14 finished with value: 1.0 and parameters: {'hidden_layer_sizes': (200,), 'max_iter': 100, 'alpha': 0.001}. Best is trial 0 with value: 1.0.
[I 2026-04-13 13:01:35,942] Trial 15 finished with value: 1.0 and parameters: {'hidden_layer_sizes': (100, 100), 'max_iter': 100, 'alpha': 0.0001}. Best is trial 0 with value: 1.0.
[I 2026-04-13 13:01:35,998] Trial 16 finished with value: 1.0 and parameters: {'hidden_layer_sizes': (200,), 'max_iter': 100, 'alpha': 0.0001}. Best is trial 0 with value: 1.0.
[I 2026-04-13 13:01:36,053] Trial 17 finished with value: 1.0 and parameters: {'hidden_layer_sizes': (100, 100), 'max_iter': 100, 'alpha': 0.0001}. Best is trial 0 with value: 1.0.
[I 2026-04-13 13:01:36,113] Trial 18 finished with value: 1.0 and parameters: {'hidden_layer_sizes': (200,), 'max_iter': 100, 'alpha': 0.001}. Best is trial 0 with value: 1.0.
[I 2026-04-13 13:01:36,161] Trial 19 finished with value: 1.0 and parameters: {'hidden_layer_sizes': (200,), 'max_iter': 100, 'alpha': 0.0001}. Best is trial 0 with value: 1.0.
[I 2026-04-13 13:01:36,228] Trial 20 finished with value: 1.0 and parameters: {'hidden_layer_sizes': (100, 100), 'max_iter': 100, 'alpha': 0.0001}. Best is trial 0 with value: 1.0.
[I 2026-04-13 13:01:36,274] Trial 21 finished with value: 1.0 and parameters: {'hidden_layer_sizes': (200,), 'max_iter': 100, 'alpha': 0.001}. Best is trial 0 with value: 1.0.
[I 2026-04-13 13:01:36,334] Trial 22 finished with value: 1.0 and parameters: {'hidden_layer_sizes': (200,), 'max_iter': 100, 'alpha': 0.001}. Best is trial 0 with value: 1.0.
[I 2026-04-13 13:01:36,394] Trial 23 finished with value: 1.0 and parameters: {'hidden_layer_sizes': (200,), 'max_iter': 100, 'alpha': 0.001}. Best is trial 0 with value: 1.0.
[I 2026-04-13 13:01:36,464] Trial 24 finished with value: 1.0 and parameters: {'hidden_layer_sizes': (200,), 'max_iter': 100, 'alpha': 0.001}. Best is trial 0 with value: 1.0.
[I 2026-04-13 13:01:36,534] Trial 25 finished with value: 1.0 and parameters: {'hidden_layer_sizes': (200,), 'max_iter': 100, 'alpha': 0.001}. Best is trial 0 with value: 1.0.
[I 2026-04-13 13:01:36,589] Trial 26 finished with value: 1.0 and parameters: {'hidden_layer_sizes': (100, 100), 'max_iter': 100, 'alpha': 0.001}. Best is trial 0 with value: 1.0.
[I 2026-04-13 13:01:36,659] Trial 27 finished with value: 1.0 and parameters: {'hidden_layer_sizes': (200,), 'max_iter': 100, 'alpha': 0.0001}. Best is trial 0 with value: 1.0.
[I 2026-04-13 13:01:36,719] Trial 28 finished with value: 1.0 and parameters: {'hidden_layer_sizes': (200,), 'max_iter': 100, 'alpha': 0.001}. Best is trial 0 with value: 1.0.
[I 2026-04-13 13:01:36,779] Trial 29 finished with value: 1.0 and parameters: {'hidden_layer_sizes': (100, 100), 'max_iter': 50, 'alpha': 0.001}. Best is trial 0 with value: 1.0.
[I 2026-04-13 13:01:36,941] A new study created in memory with name: naive_bayes
[I 2026-04-13 13:01:36,957] Trial 0 finished with value: 0.95 and parameters: {'var_smoothing': 1.4210736239935712e-10}. Best is trial 0 with value: 0.95.
[I 2026-04-13 13:01:36,970] Trial 1 finished with value: 0.95 and parameters: {'var_smoothing': 3.629422978396398e-09}. Best is trial 0 with value: 0.95.
[I 2026-04-13 13:01:36,982] Trial 2 finished with value: 0.95 and parameters: {'var_smoothing': 7.530407234027127e-10}. Best is trial 0 with value: 0.95.
[I 2026-04-13 13:01:36,994] Trial 3 finished with value: 0.95 and parameters: {'var_smoothing': 2.7985325053380072e-09}. Best is trial 0 with value: 0.95.
[I 2026-04-13 13:01:37,008] Trial 4 finished with value: 0.95 and parameters: {'var_smoothing': 9.036058293737187e-09}. Best is trial 0 with value: 0.95.
[I 2026-04-13 13:01:37,020] Trial 5 finished with value: 0.95 and parameters: {'var_smoothing': 1.1939653980558784e-09}. Best is trial 0 with value: 0.95.
[I 2026-04-13 13:01:37,032] Trial 6 finished with value: 0.95 and parameters: {'var_smoothing': 1.005173261185167e-09}. Best is trial 0 with value: 0.95.
[I 2026-04-13 13:01:37,045] Trial 7 finished with value: 0.95 and parameters: {'var_smoothing': 1.393484899105757e-10}. Best is trial 0 with value: 0.95.
[I 2026-04-13 13:01:37,059] Trial 8 finished with value: 0.95 and parameters: {'var_smoothing': 3.4425317961147986e-10}. Best is trial 0 with value: 0.95.
[I 2026-04-13 13:01:37,074] Trial 9 finished with value: 0.95 and parameters: {'var_smoothing': 9.994590426751933e-10}. Best is trial 0 with value: 0.95.
[I 2026-04-13 13:01:37,092] Trial 10 finished with value: 0.95 and parameters: {'var_smoothing': 1.9079938112167212e-10}. Best is trial 0 with value: 0.95.
[I 2026-04-13 13:01:37,110] Trial 11 finished with value: 0.95 and parameters: {'var_smoothing': 4.7456863630433305e-09}. Best is trial 0 with value: 0.95.
[I 2026-04-13 13:01:37,130] Trial 12 finished with value: 0.95 and parameters: {'var_smoothing': 2.7185365295481096e-09}. Best is trial 0 with value: 0.95.
[I 2026-04-13 13:01:37,147] Trial 13 finished with value: 0.95 and parameters: {'var_smoothing': 4.3967291332584714e-10}. Best is trial 0 with value: 0.95.
[I 2026-04-13 13:01:37,173] Trial 14 finished with value: 0.95 and parameters: {'var_smoothing': 2.6511307931162972e-09}. Best is trial 0 with value: 0.95.
[I 2026-04-13 13:01:37,188] Trial 15 finished with value: 0.95 and parameters: {'var_smoothing': 9.000422035369052e-09}. Best is trial 0 with value: 0.95.
[I 2026-04-13 13:01:37,203] Trial 16 finished with value: 0.95 and parameters: {'var_smoothing': 2.75340575769171e-10}. Best is trial 0 with value: 0.95.
[I 2026-04-13 13:01:37,220] Trial 17 finished with value: 0.95 and parameters: {'var_smoothing': 1.0118559267516465e-10}. Best is trial 0 with value: 0.95.
[I 2026-04-13 13:01:37,237] Trial 18 finished with value: 0.95 and parameters: {'var_smoothing': 5.126237368588495e-10}. Best is trial 0 with value: 0.95.
[I 2026-04-13 13:01:37,252] Trial 19 finished with value: 0.95 and parameters: {'var_smoothing': 1.7743118427439911e-09}. Best is trial 0 with value: 0.95.
[I 2026-04-13 13:01:37,269] Trial 20 finished with value: 0.95 and parameters: {'var_smoothing': 5.29215399120128e-09}. Best is trial 0 with value: 0.95.
[I 2026-04-13 13:01:37,304] Trial 21 finished with value: 0.95 and parameters: {'var_smoothing': 6.215389304971454e-10}. Best is trial 0 with value: 0.95.
[I 2026-04-13 13:01:37,321] Trial 22 finished with value: 0.95 and parameters: {'var_smoothing': 2.205158371956595e-10}. Best is trial 0 with value: 0.95.
[I 2026-04-13 13:01:37,339] Trial 23 finished with value: 0.95 and parameters: {'var_smoothing': 6.714468189294179e-10}. Best is trial 0 with value: 0.95.
[I 2026-04-13 13:01:37,355] Trial 24 finished with value: 0.95 and parameters: {'var_smoothing': 1.6303611152529254e-09}. Best is trial 0 with value: 0.95.
[I 2026-04-13 13:01:37,372] Trial 25 finished with value: 0.95 and parameters: {'var_smoothing': 5.460180203252778e-09}. Best is trial 0 with value: 0.95.
[I 2026-04-13 13:01:37,389] Trial 26 finished with value: 0.95 and parameters: {'var_smoothing': 1.0123007748054653e-10}. Best is trial 0 with value: 0.95.
[I 2026-04-13 13:01:37,410] Trial 27 finished with value: 0.95 and parameters: {'var_smoothing': 3.7004726843827016e-09}. Best is trial 0 with value: 0.95.
[I 2026-04-13 13:01:37,430] Trial 28 finished with value: 0.95 and parameters: {'var_smoothing': 8.062949328123723e-10}. Best is trial 0 with value: 0.95.
