[I 2026-04-13 13:09:56,621] Trial 16 finished with value: 0.55 and parameters: {'var_smoothing': 2.2038800241203009e-10}. Best is trial 0 with value: 0.55.
[I 2026-04-13 13:09:56,637] Trial 17 finished with value: 0.55 and parameters: {'var_smoothing': 1.8515987176145925e-09}. Best is trial 0 with value: 0.55.
[I 2026-04-13 13:09:56,653] Trial 18 finished with value: 0.55 and parameters: {'var_smoothing': 5.024285700153026e-10}. Best is trial 0 with value: 0.55.
[I 2026-04-13 13:09:56,685] Trial 19 finished with value: 0.55 and parameters: {'var_smoothing': 4.958025424412893e-09}. Best is trial 0 with value: 0.55.
[I 2026-04-13 13:09:56,715] Trial 20 finished with value: 0.55 and parameters: {'var_smoothing': 8.344000526157384e-10}. Best is trial 0 with value: 0.55.
[I 2026-04-13 13:09:56,733] Trial 21 finished with value: 0.55 and parameters: {'var_smoothing': 2.46080689865309e-10}. Best is trial 0 with value: 0.55.
[I 2026-04-13 13:09:56,750] Trial 22 finished with value: 0.55 and parameters: {'var_smoothing': 1.4445108350594728e-10}. Best is trial 0 with value: 0.55.
[I 2026-04-13 13:09:56,769] Trial 23 finished with value: 0.55 and parameters: {'var_smoothing': 3.3715577896606737e-10}. Best is trial 0 with value: 0.55.
[I 2026-04-13 13:09:56,801] Trial 24 finished with value: 0.55 and parameters: {'var_smoothing': 1.572466431855027e-10}. Best is trial 0 with value: 0.55.
[I 2026-04-13 13:09:56,833] Trial 25 finished with value: 0.55 and parameters: {'var_smoothing': 7.281746293576245e-10}. Best is trial 0 with value: 0.55.
[I 2026-04-13 13:09:56,854] Trial 26 finished with value: 0.55 and parameters: {'var_smoothing': 3.386254640873244e-10}. Best is trial 0 with value: 0.55.
[I 2026-04-13 13:09:56,875] Trial 27 finished with value: 0.55 and parameters: {'var_smoothing': 1.3918180959975328e-09}. Best is trial 0 with value: 0.55.
[I 2026-04-13 13:09:56,907] Trial 28 finished with value: 0.55 and parameters: {'var_smoothing': 2.3715836084533434e-09}. Best is trial 0 with value: 0.55.
[I 2026-04-13 13:09:56,924] Trial 29 finished with value: 0.55 and parameters: {'var_smoothing': 9.477075781575649e-09}. Best is trial 0 with value: 0.55.
[I 2026-04-13 13:09:56,967] A new study created in memory with name: logreg
[I 2026-04-13 13:09:56,990] Trial 0 finished with value: 0.5 and parameters: {'C': 0.012881482725481003, 'penalty': 'l2'}. Best is trial 0 with value: 0.5.
[I 2026-04-13 13:09:57,035] Trial 1 finished with value: 0.55 and parameters: {'C': 22.576755560681583, 'penalty': 'l2'}. Best is trial 1 with value: 0.55.
[I 2026-04-13 13:09:57,059] Trial 2 finished with value: 0.5 and parameters: {'C': 0.010804278656839932, 'penalty': 'l2'}. Best is trial 1 with value: 0.55.
[I 2026-04-13 13:09:57,083] Trial 3 finished with value: 0.55 and parameters: {'C': 39.17910760336117, 'penalty': 'l2'}. Best is trial 1 with value: 0.55.
[I 2026-04-13 13:09:57,108] Trial 4 finished with value: 0.55 and parameters: {'C': 0.2767298094062571, 'penalty': 'l2'}. Best is trial 1 with value: 0.55.
[I 2026-04-13 13:09:57,141] Trial 5 finished with value: 0.6 and parameters: {'C': 1.1447728330837224, 'penalty': 'l2'}. Best is trial 5 with value: 0.6.
[I 2026-04-13 13:09:57,175] Trial 6 finished with value: 0.55 and parameters: {'C': 6.753661388238877, 'penalty': 'l2'}. Best is trial 5 with value: 0.6.
[I 2026-04-13 13:09:57,202] Trial 7 finished with value: 0.6 and parameters: {'C': 0.39092184460352974, 'penalty': 'l2'}. Best is trial 5 with value: 0.6.
[I 2026-04-13 13:09:57,227] Trial 8 finished with value: 0.525 and parameters: {'C': 0.03047912590082646, 'penalty': 'l2'}. Best is trial 5 with value: 0.6.
[I 2026-04-13 13:09:57,254] Trial 9 finished with value: 0.5 and parameters: {'C': 0.008681727362499118, 'penalty': 'l2'}. Best is trial 5 with value: 0.6.
[I 2026-04-13 13:09:57,284] Trial 10 finished with value: 0.475 and parameters: {'C': 0.0010280973566261366, 'penalty': 'l2'}. Best is trial 5 with value: 0.6.
[I 2026-04-13 13:09:57,325] Trial 11 finished with value: 0.6 and parameters: {'C': 1.0440876578291236, 'penalty': 'l2'}. Best is trial 5 with value: 0.6.
[I 2026-04-13 13:09:57,351] Trial 12 finished with value: 0.6 and parameters: {'C': 0.8500710608805132, 'penalty': 'l2'}. Best is trial 5 with value: 0.6.
[I 2026-04-13 13:09:57,383] Trial 13 finished with value: 0.575 and parameters: {'C': 0.1476238469598885, 'penalty': 'l2'}. Best is trial 5 with value: 0.6.
[I 2026-04-13 13:09:57,412] Trial 14 finished with value: 0.55 and parameters: {'C': 2.8218731246537274, 'penalty': 'l2'}. Best is trial 5 with value: 0.6.
[I 2026-04-13 13:09:57,444] Trial 15 finished with value: 0.55 and parameters: {'C': 0.09421604971013504, 'penalty': 'l2'}. Best is trial 5 with value: 0.6.
[I 2026-04-13 13:09:57,470] Trial 16 finished with value: 0.55 and parameters: {'C': 6.258567760178424, 'penalty': 'l2'}. Best is trial 5 with value: 0.6.
[I 2026-04-13 13:09:57,522] Trial 17 finished with value: 0.575 and parameters: {'C': 95.84891100169526, 'penalty': 'l2'}. Best is trial 5 with value: 0.6.
[I 2026-04-13 13:09:57,554] Trial 18 finished with value: 0.6 and parameters: {'C': 0.9036855149532711, 'penalty': 'l2'}. Best is trial 5 with value: 0.6.
[I 2026-04-13 13:09:57,577] Trial 19 finished with value: 0.55 and parameters: {'C': 0.06538807570717695, 'penalty': 'l2'}. Best is trial 5 with value: 0.6.
[I 2026-04-13 13:09:57,607] Trial 20 finished with value: 0.6 and parameters: {'C': 0.4641514593920653, 'penalty': 'l2'}. Best is trial 5 with value: 0.6.
[I 2026-04-13 13:09:57,636] Trial 21 finished with value: 0.55 and parameters: {'C': 2.0666362190453182, 'penalty': 'l2'}. Best is trial 5 with value: 0.6.
[I 2026-04-13 13:09:57,667] Trial 22 finished with value: 0.55 and parameters: {'C': 1.877367274937096, 'penalty': 'l2'}. Best is trial 5 with value: 0.6.
[I 2026-04-13 13:09:57,685] Trial 23 finished with value: 0.6 and parameters: {'C': 0.37094922425896254, 'penalty': 'l2'}. Best is trial 5 with value: 0.6.
[I 2026-04-13 13:09:57,714] Trial 24 finished with value: 0.55 and parameters: {'C': 7.871287288089541, 'penalty': 'l2'}. Best is trial 5 with value: 0.6.
[I 2026-04-13 13:09:57,743] Trial 25 finished with value: 0.6 and parameters: {'C': 1.019328492062453, 'penalty': 'l2'}. Best is trial 5 with value: 0.6.
[I 2026-04-13 13:09:57,772] Trial 26 finished with value: 0.55 and parameters: {'C': 0.18778373123807335, 'penalty': 'l2'}. Best is trial 5 with value: 0.6.
[I 2026-04-13 13:09:57,790] Trial 27 finished with value: 0.525 and parameters: {'C': 0.03593201426079831, 'penalty': 'l2'}. Best is trial 5 with value: 0.6.
[I 2026-04-13 13:09:57,843] Trial 28 finished with value: 0.55 and parameters: {'C': 15.807190407479071, 'penalty': 'l2'}. Best is trial 5 with value: 0.6.
[I 2026-04-13 13:09:57,874] Trial 29 finished with value: 0.575 and parameters: {'C': 0.561775413499577, 'penalty': 'l2'}. Best is trial 5 with value: 0.6.
[I 2026-04-13 13:09:57,931] A new study created in memory with name: knn
[I 2026-04-13 13:09:57,946] Trial 0 finished with value: 0.35 and parameters: {'n_neighbors': 4, 'leaf_size': 38, 'p': 2}. Best is trial 0 with value: 0.35.
[I 2026-04-13 13:09:57,973] Trial 1 finished with value: 0.45 and parameters: {'n_neighbors': 6, 'leaf_size': 32, 'p': 1}. Best is trial 1 with value: 0.45.
[I 2026-04-13 13:09:57,990] Trial 2 finished with value: 0.45 and parameters: {'n_neighbors': 5, 'leaf_size': 23, 'p': 2}. Best is trial 1 with value: 0.45.
[I 2026-04-13 13:09:58,003] Trial 3 finished with value: 0.45 and parameters: {'n_neighbors': 6, 'leaf_size': 23, 'p': 1}. Best is trial 1 with value: 0.45.
[I 2026-04-13 13:09:58,017] Trial 4 finished with value: 0.45 and parameters: {'n_neighbors': 6, 'leaf_size': 26, 'p': 1}. Best is trial 1 with value: 0.45.
[I 2026-04-13 13:09:58,031] Trial 5 finished with value: 0.525 and parameters: {'n_neighbors': 7, 'leaf_size': 25, 'p': 1}. Best is trial 5 with value: 0.525.
[I 2026-04-13 13:09:58,045] Trial 6 finished with value: 0.45 and parameters: {'n_neighbors': 5, 'leaf_size': 23, 'p': 2}. Best is trial 5 with value: 0.525.
[I 2026-04-13 13:09:58,058] Trial 7 finished with value: 0.475 and parameters: {'n_neighbors': 10, 'leaf_size': 23, 'p': 2}. Best is trial 5 with value: 0.525.
[I 2026-04-13 13:09:58,071] Trial 8 finished with value: 0.5 and parameters: {'n_neighbors': 8, 'leaf_size': 36, 'p': 2}. Best is trial 5 with value: 0.525.
[I 2026-04-13 13:09:58,084] Trial 9 finished with value: 0.475 and parameters: {'n_neighbors': 3, 'leaf_size': 30, 'p': 2}. Best is trial 5 with value: 0.525.
[I 2026-04-13 13:09:58,107] Trial 10 finished with value: 0.475 and parameters: {'n_neighbors': 8, 'leaf_size': 29, 'p': 1}. Best is trial 5 with value: 0.525.
[I 2026-04-13 13:09:58,128] Trial 11 finished with value: 0.475 and parameters: {'n_neighbors': 8, 'leaf_size': 37, 'p': 1}. Best is trial 5 with value: 0.525.
[I 2026-04-13 13:09:58,151] Trial 12 finished with value: 0.475 and parameters: {'n_neighbors': 8, 'leaf_size': 34, 'p': 1}. Best is trial 5 with value: 0.525.
[I 2026-04-13 13:09:58,177] Trial 13 finished with value: 0.5 and parameters: {'n_neighbors': 9, 'leaf_size': 40, 'p': 2}. Best is trial 5 with value: 0.525.
[I 2026-04-13 13:09:58,210] Trial 14 finished with value: 0.525 and parameters: {'n_neighbors': 7, 'leaf_size': 27, 'p': 2}. Best is trial 5 with value: 0.525.
[I 2026-04-13 13:09:58,234] Trial 15 finished with value: 0.525 and parameters: {'n_neighbors': 7, 'leaf_size': 27, 'p': 1}. Best is trial 5 with value: 0.525.
[I 2026-04-13 13:09:58,259] Trial 16 finished with value: 0.525 and parameters: {'n_neighbors': 7, 'leaf_size': 26, 'p': 1}. Best is trial 5 with value: 0.525.
[I 2026-04-13 13:09:58,287] Trial 17 finished with value: 0.475 and parameters: {'n_neighbors': 10, 'leaf_size': 20, 'p': 2}. Best is trial 5 with value: 0.525.
[I 2026-04-13 13:09:58,315] Trial 18 finished with value: 0.45 and parameters: {'n_neighbors': 5, 'leaf_size': 28, 'p': 1}. Best is trial 5 with value: 0.525.
[I 2026-04-13 13:09:58,338] Trial 19 finished with value: 0.5 and parameters: {'n_neighbors': 9, 'leaf_size': 20, 'p': 2}. Best is trial 5 with value: 0.525.
[I 2026-04-13 13:09:58,360] Trial 20 finished with value: 0.525 and parameters: {'n_neighbors': 7, 'leaf_size': 33, 'p': 2}. Best is trial 5 with value: 0.525.
[I 2026-04-13 13:09:58,397] Trial 21 finished with value: 0.525 and parameters: {'n_neighbors': 7, 'leaf_size': 26, 'p': 1}. Best is trial 5 with value: 0.525.
[I 2026-04-13 13:09:58,417] Trial 22 finished with value: 0.525 and parameters: {'n_neighbors': 7, 'leaf_size': 27, 'p': 1}. Best is trial 5 with value: 0.525.
[I 2026-04-13 13:09:58,441] Trial 23 finished with value: 0.525 and parameters: {'n_neighbors': 9, 'leaf_size': 31, 'p': 1}. Best is trial 5 with value: 0.525.
[I 2026-04-13 13:09:58,461] Trial 24 finished with value: 0.45 and parameters: {'n_neighbors': 6, 'leaf_size': 25, 'p': 1}. Best is trial 5 with value: 0.525.
[I 2026-04-13 13:09:58,485] Trial 25 finished with value: 0.525 and parameters: {'n_neighbors': 7, 'leaf_size': 29, 'p': 1}. Best is trial 5 with value: 0.525.
[I 2026-04-13 13:09:58,506] Trial 26 finished with value: 0.475 and parameters: {'n_neighbors': 8, 'leaf_size': 24, 'p': 1}. Best is trial 5 with value: 0.525.
[I 2026-04-13 13:09:58,534] Trial 27 finished with value: 0.45 and parameters: {'n_neighbors': 5, 'leaf_size': 28, 'p': 1}. Best is trial 5 with value: 0.525.
[I 2026-04-13 13:09:58,562] Trial 28 finished with value: 0.45 and parameters: {'n_neighbors': 6, 'leaf_size': 25, 'p': 2}. Best is trial 5 with value: 0.525.
[I 2026-04-13 13:09:58,585] Trial 29 finished with value: 0.35 and parameters: {'n_neighbors': 4, 'leaf_size': 21, 'p': 2}. Best is trial 5 with value: 0.525.
[I 2026-04-13 13:09:58,621] A new study created in memory with name: xgb
[I 2026-04-13 13:09:58,658] Trial 0 finished with value: 0.45 and parameters: {'n_estimators': 40, 'max_depth': 5, 'gamma': 0.789317070832284, 'subsample': 0.7592089939364717, 'colsample_bytree': 0.648400250788111}. Best is trial 0 with value: 0.45.
[I 2026-04-13 13:09:58,709] Trial 1 finished with value: 0.4 and parameters: {'n_estimators': 100, 'max_depth': 30, 'gamma': 0.34667781579300216, 'subsample': 0.7071175095405257, 'colsample_bytree': 0.6480399663668239}. Best is trial 0 with value: 0.45.
[I 2026-04-13 13:09:58,738] Trial 2 finished with value: 0.5 and parameters: {'n_estimators': 10, 'max_depth': 20, 'gamma': 0.3948075529198607, 'subsample': 0.5720821503267102, 'colsample_bytree': 0.5828064306006338}. Best is trial 2 with value: 0.5.
[I 2026-04-13 13:09:58,766] Trial 3 finished with value: 0.45 and parameters: {'n_estimators': 10, 'max_depth': 30, 'gamma': 0.8015631269999768, 'subsample': 0.5114665462195407, 'colsample_bytree': 0.788831429064878}. Best is trial 2 with value: 0.5.
[I 2026-04-13 13:09:58,804] Trial 4 finished with value: 0.425 and parameters: {'n_estimators': 100, 'max_depth': 5, 'gamma': 0.8834347783013348, 'subsample': 0.961374806972835, 'colsample_bytree': 0.5011071062662218}. Best is trial 2 with value: 0.5.
[I 2026-04-13 13:09:58,839] Trial 5 finished with value: 0.475 and parameters: {'n_estimators': 40, 'max_depth': 5, 'gamma': 0.5364379674896123, 'subsample': 0.5145557818363589, 'colsample_bytree': 0.5432628442011025}. Best is trial 2 with value: 0.5.
[I 2026-04-13 13:09:58,875] Trial 6 finished with value: 0.425 and parameters: {'n_estimators': 100, 'max_depth': 20, 'gamma': 0.6718205850237038, 'subsample': 0.9059511955902053, 'colsample_bytree': 0.9633413076219371}. Best is trial 2 with value: 0.5.
[I 2026-04-13 13:09:58,914] Trial 7 finished with value: 0.45 and parameters: {'n_estimators': 10, 'max_depth': 30, 'gamma': 0.8165284487704038, 'subsample': 0.5255714015506736, 'colsample_bytree': 0.594333867896554}. Best is trial 2 with value: 0.5.
[I 2026-04-13 13:09:58,975] Trial 8 finished with value: 0.4 and parameters: {'n_estimators': 100, 'max_depth': 20, 'gamma': 0.6251497693480509, 'subsample': 0.9696496759824258, 'colsample_bytree': 0.9717700410079397}. Best is trial 2 with value: 0.5.
[I 2026-04-13 13:09:59,013] Trial 9 finished with value: 0.45 and parameters: {'n_estimators': 40, 'max_depth': 30, 'gamma': 0.9649927737686168, 'subsample': 0.6857563076640036, 'colsample_bytree': 0.5061847058001788}. Best is trial 2 with value: 0.5.
[I 2026-04-13 13:09:59,054] Trial 10 finished with value: 0.525 and parameters: {'n_estimators': 10, 'max_depth': 20, 'gamma': 0.15482815647859693, 'subsample': 0.6132127088663918, 'colsample_bytree': 0.767362544653007}. Best is trial 10 with value: 0.525.
[I 2026-04-13 13:09:59,092] Trial 11 finished with value: 0.45 and parameters: {'n_estimators': 10, 'max_depth': 20, 'gamma': 0.1591775883705288, 'subsample': 0.6155848620153465, 'colsample_bytree': 0.7908416095488662}. Best is trial 10 with value: 0.525.
[I 2026-04-13 13:09:59,133] Trial 12 finished with value: 0.425 and parameters: {'n_estimators': 10, 'max_depth': 20, 'gamma': 0.1554074180041368, 'subsample': 0.6163822093100453, 'colsample_bytree': 0.725618526332078}. Best is trial 10 with value: 0.525.
[I 2026-04-13 13:09:59,168] Trial 13 finished with value: 0.5 and parameters: {'n_estimators': 10, 'max_depth': 20, 'gamma': 0.3552667583114842, 'subsample': 0.6109744065191631, 'colsample_bytree': 0.7210507983968109}. Best is trial 10 with value: 0.525.
[I 2026-04-13 13:09:59,204] Trial 14 finished with value: 0.425 and parameters: {'n_estimators': 10, 'max_depth': 20, 'gamma': 0.30531816984965615, 'subsample': 0.8178895135644505, 'colsample_bytree': 0.8746757523592015}. Best is trial 10 with value: 0.525.
[I 2026-04-13 13:09:59,251] Trial 15 finished with value: 0.45 and parameters: {'n_estimators': 10, 'max_depth': 20, 'gamma': 0.2553574989303396, 'subsample': 0.5846120981836369, 'colsample_bytree': 0.8633137590158291}. Best is trial 10 with value: 0.525.
[I 2026-04-13 13:09:59,291] Trial 16 finished with value: 0.45 and parameters: {'n_estimators': 10, 'max_depth': 20, 'gamma': 0.45823966223534285, 'subsample': 0.679049960390157, 'colsample_bytree': 0.6591545347684341}. Best is trial 10 with value: 0.525.
[I 2026-04-13 13:09:59,326] Trial 17 finished with value: 0.5 and parameters: {'n_estimators': 10, 'max_depth': 20, 'gamma': 0.11618200724796154, 'subsample': 0.7730253121837364, 'colsample_bytree': 0.8588142142437087}. Best is trial 10 with value: 0.525.
[I 2026-04-13 13:09:59,365] Trial 18 finished with value: 0.475 and parameters: {'n_estimators': 10, 'max_depth': 20, 'gamma': 0.44300954879266374, 'subsample': 0.5736063124673384, 'colsample_bytree': 0.6910857843883677}. Best is trial 10 with value: 0.525.
[I 2026-04-13 13:09:59,417] Trial 19 finished with value: 0.4 and parameters: {'n_estimators': 40, 'max_depth': 5, 'gamma': 0.23988130854671438, 'subsample': 0.8292008446147452, 'colsample_bytree': 0.593620788668016}. Best is trial 10 with value: 0.525.
[I 2026-04-13 13:09:59,456] Trial 20 finished with value: 0.5 and parameters: {'n_estimators': 10, 'max_depth': 20, 'gamma': 0.43721053301522717, 'subsample': 0.6534853384305328, 'colsample_bytree': 0.783914355079624}. Best is trial 10 with value: 0.525.
[I 2026-04-13 13:09:59,495] Trial 21 finished with value: 0.45 and parameters: {'n_estimators': 10, 'max_depth': 20, 'gamma': 0.3372014993308184, 'subsample': 0.5572862464487324, 'colsample_bytree': 0.7355374969951824}. Best is trial 10 with value: 0.525.
[I 2026-04-13 13:09:59,550] Trial 22 finished with value: 0.525 and parameters: {'n_estimators': 10, 'max_depth': 20, 'gamma': 0.23513256918201086, 'subsample': 0.6333319893729091, 'colsample_bytree': 0.5861653327706196}. Best is trial 10 with value: 0.525.
[I 2026-04-13 13:09:59,604] Trial 23 finished with value: 0.5 and parameters: {'n_estimators': 10, 'max_depth': 20, 'gamma': 0.23151071074636775, 'subsample': 0.6454779742312992, 'colsample_bytree': 0.5994714177326093}. Best is trial 10 with value: 0.525.
[I 2026-04-13 13:09:59,648] Trial 24 finished with value: 0.475 and parameters: {'n_estimators': 10, 'max_depth': 20, 'gamma': 0.10172104292388992, 'subsample': 0.710631700719711, 'colsample_bytree': 0.5572569346955938}. Best is trial 10 with value: 0.525.
[I 2026-04-13 13:09:59,685] Trial 25 finished with value: 0.475 and parameters: {'n_estimators': 10, 'max_depth': 20, 'gamma': 0.21529836880467582, 'subsample': 0.5571069721352915, 'colsample_bytree': 0.6202876075898524}. Best is trial 10 with value: 0.525.
[I 2026-04-13 13:09:59,721] Trial 26 finished with value: 0.5 and parameters: {'n_estimators': 10, 'max_depth': 20, 'gamma': 0.3953099501806352, 'subsample': 0.642533294264142, 'colsample_bytree': 0.8263718970984248}. Best is trial 10 with value: 0.525.
[I 2026-04-13 13:09:59,762] Trial 27 finished with value: 0.5 and parameters: {'n_estimators': 10, 'max_depth': 20, 'gamma': 0.5305902791524234, 'subsample': 0.7271573191050337, 'colsample_bytree': 0.6889965130878765}. Best is trial 10 with value: 0.525.
[I 2026-04-13 13:09:59,812] Trial 28 finished with value: 0.475 and parameters: {'n_estimators': 40, 'max_depth': 5, 'gamma': 0.2868747141981087, 'subsample': 0.5933865694865794, 'colsample_bytree': 0.5376737738706594}. Best is trial 10 with value: 0.525.
[I 2026-04-13 13:09:59,874] Trial 29 finished with value: 0.475 and parameters: {'n_estimators': 100, 'max_depth': 30, 'gamma': 0.18833274583542842, 'subsample': 0.7484063663466213, 'colsample_bytree': 0.6544917722609221}. Best is trial 10 with value: 0.525.
[I 2026-04-13 13:09:59,995] A new study created in memory with name: rf
[I 2026-04-13 13:10:00,263] Trial 0 finished with value: 0.475 and parameters: {'n_estimators': 189, 'max_depth': 18, 'min_samples_split': 3, 'min_samples_leaf': 10}. Best is trial 0 with value: 0.475.
[I 2026-04-13 13:10:00,646] Trial 1 finished with value: 0.5 and parameters: {'n_estimators': 295, 'max_depth': 14, 'min_samples_split': 8, 'min_samples_leaf': 6}. Best is trial 1 with value: 0.5.
[I 2026-04-13 13:10:00,936] Trial 2 finished with value: 0.525 and parameters: {'n_estimators': 219, 'max_depth': 6, 'min_samples_split': 2, 'min_samples_leaf': 8}. Best is trial 2 with value: 0.525.
[I 2026-04-13 13:10:01,324] Trial 3 finished with value: 0.475 and parameters: {'n_estimators': 276, 'max_depth': 5, 'min_samples_split': 9, 'min_samples_leaf': 3}. Best is trial 2 with value: 0.525.
[I 2026-04-13 13:10:01,715] Trial 4 finished with value: 0.525 and parameters: {'n_estimators': 266, 'max_depth': 8, 'min_samples_split': 7, 'min_samples_leaf': 6}. Best is trial 2 with value: 0.525.
[I 2026-04-13 13:10:02,196] Trial 5 finished with value: 0.475 and parameters: {'n_estimators': 340, 'max_depth': 7, 'min_samples_split': 4, 'min_samples_leaf': 3}. Best is trial 2 with value: 0.525.
[I 2026-04-13 13:10:02,525] Trial 6 finished with value: 0.5 and parameters: {'n_estimators': 231, 'max_depth': 5, 'min_samples_split': 3, 'min_samples_leaf': 10}. Best is trial 2 with value: 0.525.
[I 2026-04-13 13:10:03,157] Trial 7 finished with value: 0.425 and parameters: {'n_estimators': 485, 'max_depth': 6, 'min_samples_split': 2, 'min_samples_leaf': 3}. Best is trial 2 with value: 0.525.
[I 2026-04-13 13:10:03,687] Trial 8 finished with value: 0.525 and parameters: {'n_estimators': 380, 'max_depth': 17, 'min_samples_split': 2, 'min_samples_leaf': 6}. Best is trial 2 with value: 0.525.
[I 2026-04-13 13:10:03,835] Trial 9 finished with value: 0.5 and parameters: {'n_estimators': 100, 'max_depth': 12, 'min_samples_split': 7, 'min_samples_leaf': 10}. Best is trial 2 with value: 0.525.
[I 2026-04-13 13:10:04,078] Trial 10 finished with value: 0.55 and parameters: {'n_estimators': 156, 'max_depth': 3, 'min_samples_split': 5, 'min_samples_leaf': 8}. Best is trial 10 with value: 0.55.
[I 2026-04-13 13:10:04,308] Trial 11 finished with value: 0.55 and parameters: {'n_estimators': 149, 'max_depth': 3, 'min_samples_split': 5, 'min_samples_leaf': 8}. Best is trial 10 with value: 0.55.
