[I 2026-04-13 12:55:35,650] Trial 6 finished with value: 0.9 and parameters: {'C': 0.4457453393648168, 'penalty': 'l2'}. Best is trial 1 with value: 0.95.
[I 2026-04-13 12:55:35,663] Trial 7 finished with value: 0.9 and parameters: {'C': 0.12417585037258261, 'penalty': 'l2'}. Best is trial 1 with value: 0.95.
[I 2026-04-13 12:55:35,687] Trial 8 finished with value: 0.95 and parameters: {'C': 0.04753781830244093, 'penalty': 'l2'}. Best is trial 1 with value: 0.95.
[I 2026-04-13 12:55:35,700] Trial 9 finished with value: 0.9 and parameters: {'C': 1.2959766028194148, 'penalty': 'l2'}. Best is trial 1 with value: 0.95.
[I 2026-04-13 12:55:35,728] Trial 10 finished with value: 0.95 and parameters: {'C': 0.02024823315667757, 'penalty': 'l2'}. Best is trial 1 with value: 0.95.
[I 2026-04-13 12:55:35,756] Trial 11 finished with value: 0.95 and parameters: {'C': 0.001317682707090239, 'penalty': 'l2'}. Best is trial 1 with value: 0.95.
[I 2026-04-13 12:55:35,784] Trial 12 finished with value: 0.95 and parameters: {'C': 0.00537191519649587, 'penalty': 'l2'}. Best is trial 1 with value: 0.95.
[I 2026-04-13 12:55:35,811] Trial 13 finished with value: 0.95 and parameters: {'C': 0.013775014971016233, 'penalty': 'l2'}. Best is trial 1 with value: 0.95.
[I 2026-04-13 12:55:35,839] Trial 14 finished with value: 0.95 and parameters: {'C': 0.0012166627598308305, 'penalty': 'l2'}. Best is trial 1 with value: 0.95.
[I 2026-04-13 12:55:35,856] Trial 15 finished with value: 0.95 and parameters: {'C': 0.06378601415420004, 'penalty': 'l2'}. Best is trial 1 with value: 0.95.
[I 2026-04-13 12:55:35,884] Trial 16 finished with value: 0.9 and parameters: {'C': 4.40245304921375, 'penalty': 'l2'}. Best is trial 1 with value: 0.95.
[I 2026-04-13 12:55:35,900] Trial 17 finished with value: 0.95 and parameters: {'C': 0.009039871959471408, 'penalty': 'l2'}. Best is trial 1 with value: 0.95.
[I 2026-04-13 12:55:35,915] Trial 18 finished with value: 0.9 and parameters: {'C': 0.21400772977695579, 'penalty': 'l2'}. Best is trial 1 with value: 0.95.
[I 2026-04-13 12:55:35,945] Trial 19 finished with value: 0.95 and parameters: {'C': 0.03939934617334397, 'penalty': 'l2'}. Best is trial 1 with value: 0.95.
[I 2026-04-13 12:55:35,963] Trial 20 finished with value: 0.95 and parameters: {'C': 0.002252920086912303, 'penalty': 'l2'}. Best is trial 1 with value: 0.95.
[I 2026-04-13 12:55:35,980] Trial 21 finished with value: 0.95 and parameters: {'C': 0.0036688416448076677, 'penalty': 'l2'}. Best is trial 1 with value: 0.95.
[I 2026-04-13 12:55:35,998] Trial 22 finished with value: 0.95 and parameters: {'C': 0.005011725136284709, 'penalty': 'l2'}. Best is trial 1 with value: 0.95.
[I 2026-04-13 12:55:36,028] Trial 23 finished with value: 0.95 and parameters: {'C': 0.017399764218450766, 'penalty': 'l2'}. Best is trial 1 with value: 0.95.
[I 2026-04-13 12:55:36,058] Trial 24 finished with value: 0.95 and parameters: {'C': 0.003317976200549782, 'penalty': 'l2'}. Best is trial 1 with value: 0.95.
[I 2026-04-13 12:55:36,088] Trial 25 finished with value: 0.95 and parameters: {'C': 0.001071066337371524, 'penalty': 'l2'}. Best is trial 1 with value: 0.95.
[I 2026-04-13 12:55:36,108] Trial 26 finished with value: 0.95 and parameters: {'C': 0.007664536695295419, 'penalty': 'l2'}. Best is trial 1 with value: 0.95.
[I 2026-04-13 12:55:36,127] Trial 27 finished with value: 0.95 and parameters: {'C': 0.027468608934910675, 'penalty': 'l2'}. Best is trial 1 with value: 0.95.
[I 2026-04-13 12:55:36,148] Trial 28 finished with value: 0.9 and parameters: {'C': 0.09385453368023858, 'penalty': 'l2'}. Best is trial 1 with value: 0.95.
[I 2026-04-13 12:55:36,178] Trial 29 finished with value: 0.9 and parameters: {'C': 45.75034886101285, 'penalty': 'l2'}. Best is trial 1 with value: 0.95.
[I 2026-04-13 12:55:36,219] A new study created in memory with name: knn
[I 2026-04-13 12:55:36,233] Trial 0 finished with value: 0.55 and parameters: {'n_neighbors': 10, 'leaf_size': 26, 'p': 1}. Best is trial 0 with value: 0.55.
[I 2026-04-13 12:55:36,248] Trial 1 finished with value: 0.8 and parameters: {'n_neighbors': 3, 'leaf_size': 32, 'p': 1}. Best is trial 1 with value: 0.8.
[I 2026-04-13 12:55:36,264] Trial 2 finished with value: 0.85 and parameters: {'n_neighbors': 5, 'leaf_size': 33, 'p': 2}. Best is trial 2 with value: 0.85.
[I 2026-04-13 12:55:36,279] Trial 3 finished with value: 0.75 and parameters: {'n_neighbors': 7, 'leaf_size': 32, 'p': 2}. Best is trial 2 with value: 0.85.
[I 2026-04-13 12:55:36,293] Trial 4 finished with value: 0.65 and parameters: {'n_neighbors': 9, 'leaf_size': 28, 'p': 1}. Best is trial 2 with value: 0.85.
[I 2026-04-13 12:55:36,308] Trial 5 finished with value: 0.8 and parameters: {'n_neighbors': 3, 'leaf_size': 35, 'p': 1}. Best is trial 2 with value: 0.85.
[I 2026-04-13 12:55:36,322] Trial 6 finished with value: 0.75 and parameters: {'n_neighbors': 8, 'leaf_size': 31, 'p': 2}. Best is trial 2 with value: 0.85.
[I 2026-04-13 12:55:36,337] Trial 7 finished with value: 0.8 and parameters: {'n_neighbors': 6, 'leaf_size': 24, 'p': 2}. Best is trial 2 with value: 0.85.
[I 2026-04-13 12:55:36,351] Trial 8 finished with value: 0.85 and parameters: {'n_neighbors': 5, 'leaf_size': 34, 'p': 2}. Best is trial 2 with value: 0.85.
[I 2026-04-13 12:55:36,366] Trial 9 finished with value: 0.65 and parameters: {'n_neighbors': 10, 'leaf_size': 27, 'p': 2}. Best is trial 2 with value: 0.85.
[I 2026-04-13 12:55:36,394] Trial 10 finished with value: 0.85 and parameters: {'n_neighbors': 5, 'leaf_size': 40, 'p': 2}. Best is trial 2 with value: 0.85.
[I 2026-04-13 12:55:36,416] Trial 11 finished with value: 0.85 and parameters: {'n_neighbors': 5, 'leaf_size': 37, 'p': 2}. Best is trial 2 with value: 0.85.
[I 2026-04-13 12:55:36,450] Trial 12 finished with value: 0.85 and parameters: {'n_neighbors': 5, 'leaf_size': 35, 'p': 2}. Best is trial 2 with value: 0.85.
[I 2026-04-13 12:55:36,484] Trial 13 finished with value: 0.8 and parameters: {'n_neighbors': 4, 'leaf_size': 21, 'p': 2}. Best is trial 2 with value: 0.85.
[I 2026-04-13 12:55:36,506] Trial 14 finished with value: 0.75 and parameters: {'n_neighbors': 7, 'leaf_size': 35, 'p': 2}. Best is trial 2 with value: 0.85.
[I 2026-04-13 12:55:36,542] Trial 15 finished with value: 0.8 and parameters: {'n_neighbors': 6, 'leaf_size': 39, 'p': 2}. Best is trial 2 with value: 0.85.
[I 2026-04-13 12:55:36,579] Trial 16 finished with value: 0.8 and parameters: {'n_neighbors': 4, 'leaf_size': 30, 'p': 2}. Best is trial 2 with value: 0.85.
[I 2026-04-13 12:55:36,604] Trial 17 finished with value: 0.8 and parameters: {'n_neighbors': 4, 'leaf_size': 33, 'p': 2}. Best is trial 2 with value: 0.85.
[I 2026-04-13 12:55:36,629] Trial 18 finished with value: 0.7 and parameters: {'n_neighbors': 6, 'leaf_size': 37, 'p': 1}. Best is trial 2 with value: 0.85.
[I 2026-04-13 12:55:36,657] Trial 19 finished with value: 0.75 and parameters: {'n_neighbors': 8, 'leaf_size': 29, 'p': 2}. Best is trial 2 with value: 0.85.
[I 2026-04-13 12:55:36,682] Trial 20 finished with value: 0.85 and parameters: {'n_neighbors': 5, 'leaf_size': 34, 'p': 2}. Best is trial 2 with value: 0.85.
[I 2026-04-13 12:55:36,704] Trial 21 finished with value: 0.85 and parameters: {'n_neighbors': 5, 'leaf_size': 40, 'p': 2}. Best is trial 2 with value: 0.85.
[I 2026-04-13 12:55:36,731] Trial 22 finished with value: 0.8 and parameters: {'n_neighbors': 4, 'leaf_size': 38, 'p': 2}. Best is trial 2 with value: 0.85.
[I 2026-04-13 12:55:36,758] Trial 23 finished with value: 0.85 and parameters: {'n_neighbors': 5, 'leaf_size': 37, 'p': 2}. Best is trial 2 with value: 0.85.
[I 2026-04-13 12:55:36,781] Trial 24 finished with value: 0.8 and parameters: {'n_neighbors': 6, 'leaf_size': 40, 'p': 2}. Best is trial 2 with value: 0.85.
[I 2026-04-13 12:55:36,812] Trial 25 finished with value: 0.75 and parameters: {'n_neighbors': 7, 'leaf_size': 34, 'p': 2}. Best is trial 2 with value: 0.85.
[I 2026-04-13 12:55:36,834] Trial 26 finished with value: 0.8 and parameters: {'n_neighbors': 3, 'leaf_size': 36, 'p': 1}. Best is trial 2 with value: 0.85.
[I 2026-04-13 12:55:36,864] Trial 27 finished with value: 0.8 and parameters: {'n_neighbors': 4, 'leaf_size': 30, 'p': 2}. Best is trial 2 with value: 0.85.
[I 2026-04-13 12:55:36,889] Trial 28 finished with value: 0.85 and parameters: {'n_neighbors': 5, 'leaf_size': 25, 'p': 2}. Best is trial 2 with value: 0.85.
[I 2026-04-13 12:55:36,914] Trial 29 finished with value: 0.7 and parameters: {'n_neighbors': 6, 'leaf_size': 33, 'p': 1}. Best is trial 2 with value: 0.85.
[I 2026-04-13 12:55:37,001] A new study created in memory with name: xgb
[I 2026-04-13 12:55:37,027] Trial 0 finished with value: 0.95 and parameters: {'n_estimators': 10, 'max_depth': 30, 'gamma': 0.5768356259735394, 'subsample': 0.7094037142783272, 'colsample_bytree': 0.6677039246366646}. Best is trial 0 with value: 0.95.
[I 2026-04-13 12:55:37,064] Trial 1 finished with value: 0.95 and parameters: {'n_estimators': 100, 'max_depth': 30, 'gamma': 0.9912018442360747, 'subsample': 0.9099290984609207, 'colsample_bytree': 0.7066004674080903}. Best is trial 0 with value: 0.95.
[I 2026-04-13 12:55:37,090] Trial 2 finished with value: 0.95 and parameters: {'n_estimators': 10, 'max_depth': 20, 'gamma': 0.7382185757030506, 'subsample': 0.7704684271512641, 'colsample_bytree': 0.5624120871903049}. Best is trial 0 with value: 0.95.
[I 2026-04-13 12:55:37,120] Trial 3 finished with value: 0.95 and parameters: {'n_estimators': 10, 'max_depth': 20, 'gamma': 0.7041784887453524, 'subsample': 0.7995029565695583, 'colsample_bytree': 0.8586660727777565}. Best is trial 0 with value: 0.95.
[I 2026-04-13 12:55:37,146] Trial 4 finished with value: 0.95 and parameters: {'n_estimators': 10, 'max_depth': 20, 'gamma': 0.46549701645255037, 'subsample': 0.9946899241400011, 'colsample_bytree': 0.725249640372583}. Best is trial 0 with value: 0.95.
[I 2026-04-13 12:55:37,182] Trial 5 finished with value: 0.95 and parameters: {'n_estimators': 40, 'max_depth': 20, 'gamma': 0.3554734452019276, 'subsample': 0.5947710951851903, 'colsample_bytree': 0.7356254823676576}. Best is trial 0 with value: 0.95.
[I 2026-04-13 12:55:37,208] Trial 6 finished with value: 0.95 and parameters: {'n_estimators': 40, 'max_depth': 20, 'gamma': 0.8967376717636345, 'subsample': 0.988276510203839, 'colsample_bytree': 0.9184542964535913}. Best is trial 0 with value: 0.95.
[I 2026-04-13 12:55:37,233] Trial 7 finished with value: 0.85 and parameters: {'n_estimators': 40, 'max_depth': 30, 'gamma': 0.7149068474388774, 'subsample': 0.5696358027454862, 'colsample_bytree': 0.8514125286992056}. Best is trial 0 with value: 0.95.
[I 2026-04-13 12:55:37,258] Trial 8 finished with value: 0.95 and parameters: {'n_estimators': 100, 'max_depth': 30, 'gamma': 0.2471398756881566, 'subsample': 0.8241126205332553, 'colsample_bytree': 0.6258070715852391}. Best is trial 0 with value: 0.95.
[I 2026-04-13 12:55:37,282] Trial 9 finished with value: 0.95 and parameters: {'n_estimators': 40, 'max_depth': 30, 'gamma': 0.8599846034069103, 'subsample': 0.8019332783535529, 'colsample_bytree': 0.7936068454878676}. Best is trial 0 with value: 0.95.
[I 2026-04-13 12:55:37,318] Trial 10 finished with value: 0.95 and parameters: {'n_estimators': 10, 'max_depth': 5, 'gamma': 0.11132541504315885, 'subsample': 0.6518824205184826, 'colsample_bytree': 0.5222467176724002}. Best is trial 0 with value: 0.95.
[I 2026-04-13 12:55:37,366] Trial 11 finished with value: 0.95 and parameters: {'n_estimators': 100, 'max_depth': 30, 'gamma': 0.9681903397412062, 'subsample': 0.8909531909241379, 'colsample_bytree': 0.6608770902048942}. Best is trial 0 with value: 0.95.
[I 2026-04-13 12:55:37,416] Trial 12 finished with value: 0.95 and parameters: {'n_estimators': 100, 'max_depth': 30, 'gamma': 0.5299926855017165, 'subsample': 0.6848009387186493, 'colsample_bytree': 0.651791846963555}. Best is trial 0 with value: 0.95.
[I 2026-04-13 12:55:37,454] Trial 13 finished with value: 0.95 and parameters: {'n_estimators': 100, 'max_depth': 5, 'gamma': 0.626711129198294, 'subsample': 0.7001853800090055, 'colsample_bytree': 0.712752570473077}. Best is trial 0 with value: 0.95.
[I 2026-04-13 12:55:37,504] Trial 14 finished with value: 0.95 and parameters: {'n_estimators': 100, 'max_depth': 30, 'gamma': 0.4000023985818805, 'subsample': 0.8940181087620663, 'colsample_bytree': 0.596389989619073}. Best is trial 0 with value: 0.95.
[I 2026-04-13 12:55:37,545] Trial 15 finished with value: 0.85 and parameters: {'n_estimators': 10, 'max_depth': 30, 'gamma': 0.8361750979473885, 'subsample': 0.5052985200248541, 'colsample_bytree': 0.9888939439492501}. Best is trial 0 with value: 0.95.
[I 2026-04-13 12:55:37,589] Trial 16 finished with value: 0.95 and parameters: {'n_estimators': 10, 'max_depth': 5, 'gamma': 0.991314742891843, 'subsample': 0.8787287422282001, 'colsample_bytree': 0.7917736739504313}. Best is trial 0 with value: 0.95.
[I 2026-04-13 12:55:37,628] Trial 17 finished with value: 0.95 and parameters: {'n_estimators': 100, 'max_depth': 30, 'gamma': 0.5818209581005225, 'subsample': 0.7369637418182623, 'colsample_bytree': 0.5064839807832304}. Best is trial 0 with value: 0.95.
[I 2026-04-13 12:55:37,682] Trial 18 finished with value: 0.95 and parameters: {'n_estimators': 100, 'max_depth': 30, 'gamma': 0.25368366843950607, 'subsample': 0.9349024637789001, 'colsample_bytree': 0.6735042672265268}. Best is trial 0 with value: 0.95.
[I 2026-04-13 12:55:37,722] Trial 19 finished with value: 0.95 and parameters: {'n_estimators': 10, 'max_depth': 30, 'gamma': 0.7930613875242585, 'subsample': 0.6342385505944843, 'colsample_bytree': 0.7858104741672305}. Best is trial 0 with value: 0.95.
[I 2026-04-13 12:55:37,766] Trial 20 finished with value: 0.95 and parameters: {'n_estimators': 100, 'max_depth': 5, 'gamma': 0.6397877373108088, 'subsample': 0.7313679690001857, 'colsample_bytree': 0.5848642489980329}. Best is trial 0 with value: 0.95.
[I 2026-04-13 12:55:37,804] Trial 21 finished with value: 0.95 and parameters: {'n_estimators': 10, 'max_depth': 20, 'gamma': 0.7690811247027735, 'subsample': 0.7800195833881419, 'colsample_bytree': 0.6030862483626268}. Best is trial 0 with value: 0.95.
[I 2026-04-13 12:55:37,857] Trial 22 finished with value: 0.95 and parameters: {'n_estimators': 10, 'max_depth': 20, 'gamma': 0.5116035986306421, 'subsample': 0.8354262785070001, 'colsample_bytree': 0.5516591717675228}. Best is trial 0 with value: 0.95.
[I 2026-04-13 12:55:37,903] Trial 23 finished with value: 0.95 and parameters: {'n_estimators': 10, 'max_depth': 20, 'gamma': 0.9045285750179193, 'subsample': 0.9344021068516876, 'colsample_bytree': 0.6862749161754073}. Best is trial 0 with value: 0.95.
[I 2026-04-13 12:55:37,941] Trial 24 finished with value: 0.95 and parameters: {'n_estimators': 10, 'max_depth': 30, 'gamma': 0.6877453009733242, 'subsample': 0.7490674693549982, 'colsample_bytree': 0.5649751610154615}. Best is trial 0 with value: 0.95.
[I 2026-04-13 12:55:37,968] Trial 25 finished with value: 0.95 and parameters: {'n_estimators': 10, 'max_depth': 20, 'gamma': 0.7798197551781508, 'subsample': 0.8487825922342104, 'colsample_bytree': 0.6322894661279336}. Best is trial 0 with value: 0.95.
[I 2026-04-13 12:55:38,017] Trial 26 finished with value: 0.95 and parameters: {'n_estimators': 10, 'max_depth': 30, 'gamma': 0.4450679259218169, 'subsample': 0.7687845598212872, 'colsample_bytree': 0.6957485573604266}. Best is trial 0 with value: 0.95.
[I 2026-04-13 12:55:38,062] Trial 27 finished with value: 0.95 and parameters: {'n_estimators': 10, 'max_depth': 30, 'gamma': 0.5881334220928116, 'subsample': 0.6935440331517346, 'colsample_bytree': 0.7552801880410026}. Best is trial 0 with value: 0.95.
[I 2026-04-13 12:55:38,102] Trial 28 finished with value: 0.95 and parameters: {'n_estimators': 40, 'max_depth': 5, 'gamma': 0.9449231636634244, 'subsample': 0.9389509016319153, 'colsample_bytree': 0.5393349364245235}. Best is trial 0 with value: 0.95.
[I 2026-04-13 12:55:38,151] Trial 29 finished with value: 0.95 and parameters: {'n_estimators': 100, 'max_depth': 20, 'gamma': 0.6694224841587507, 'subsample': 0.6316552057778516, 'colsample_bytree': 0.8398260418743217}. Best is trial 0 with value: 0.95.
[I 2026-04-13 12:55:38,249] A new study created in memory with name: rf
[I 2026-04-13 12:55:38,848] Trial 0 finished with value: 0.9 and parameters: {'n_estimators': 458, 'max_depth': 8, 'min_samples_split': 9, 'min_samples_leaf': 1}. Best is trial 0 with value: 0.9.
[I 2026-04-13 12:55:39,075] Trial 1 finished with value: 0.9 and parameters: {'n_estimators': 143, 'max_depth': 13, 'min_samples_split': 6, 'min_samples_leaf': 5}. Best is trial 0 with value: 0.9.
[I 2026-04-13 12:55:39,391] Trial 2 finished with value: 0.5 and parameters: {'n_estimators': 234, 'max_depth': 14, 'min_samples_split': 5, 'min_samples_leaf': 8}. Best is trial 0 with value: 0.9.
[I 2026-04-13 12:55:39,748] Trial 3 finished with value: 0.5 and parameters: {'n_estimators': 307, 'max_depth': 13, 'min_samples_split': 7, 'min_samples_leaf': 10}. Best is trial 0 with value: 0.9.
[I 2026-04-13 12:55:40,278] Trial 4 finished with value: 0.5 and parameters: {'n_estimators': 428, 'max_depth': 10, 'min_samples_split': 9, 'min_samples_leaf': 9}. Best is trial 0 with value: 0.9.
[I 2026-04-13 12:55:40,444] Trial 5 finished with value: 0.5 and parameters: {'n_estimators': 121, 'max_depth': 15, 'min_samples_split': 9, 'min_samples_leaf': 8}. Best is trial 0 with value: 0.9.
[I 2026-04-13 12:55:40,942] Trial 6 finished with value: 0.5 and parameters: {'n_estimators': 384, 'max_depth': 12, 'min_samples_split': 3, 'min_samples_leaf': 10}. Best is trial 0 with value: 0.9.
[I 2026-04-13 12:55:41,300] Trial 7 finished with value: 0.5 and parameters: {'n_estimators': 261, 'max_depth': 6, 'min_samples_split': 8, 'min_samples_leaf': 10}. Best is trial 0 with value: 0.9.
[I 2026-04-13 12:55:41,577] Trial 8 finished with value: 0.5 and parameters: {'n_estimators': 202, 'max_depth': 15, 'min_samples_split': 7, 'min_samples_leaf': 8}. Best is trial 0 with value: 0.9.
[I 2026-04-13 12:55:42,830] Trial 9 finished with value: 0.85 and parameters: {'n_estimators': 475, 'max_depth': 9, 'min_samples_split': 4, 'min_samples_leaf': 5}. Best is trial 0 with value: 0.9.
[I 2026-04-13 12:55:43,826] Trial 10 finished with value: 0.9 and parameters: {'n_estimators': 352, 'max_depth': 20, 'min_samples_split': 10, 'min_samples_leaf': 1}. Best is trial 0 with value: 0.9.
[I 2026-04-13 12:55:44,286] Trial 11 finished with value: 0.85 and parameters: {'n_estimators': 110, 'max_depth': 4, 'min_samples_split': 6, 'min_samples_leaf': 1}. Best is trial 0 with value: 0.9.
[I 2026-04-13 12:55:45,559] Trial 12 finished with value: 0.9 and parameters: {'n_estimators': 489, 'max_depth': 7, 'min_samples_split': 2, 'min_samples_leaf': 4}. Best is trial 0 with value: 0.9.
[I 2026-04-13 12:55:46,154] Trial 13 finished with value: 0.9 and parameters: {'n_estimators': 201, 'max_depth': 18, 'min_samples_split': 5, 'min_samples_leaf': 3}. Best is trial 0 with value: 0.9.
[I 2026-04-13 12:55:46,612] Trial 14 finished with value: 0.75 and parameters: {'n_estimators': 157, 'max_depth': 9, 'min_samples_split': 7, 'min_samples_leaf': 6}. Best is trial 0 with value: 0.9.
[I 2026-04-13 12:55:47,491] Trial 15 finished with value: 0.9 and parameters: {'n_estimators': 308, 'max_depth': 3, 'min_samples_split': 10, 'min_samples_leaf': 3}. Best is trial 0 with value: 0.9.
[I 2026-04-13 12:55:48,458] Trial 16 finished with value: 0.85 and parameters: {'n_estimators': 423, 'max_depth': 17, 'min_samples_split': 6, 'min_samples_leaf': 6}. Best is trial 0 with value: 0.9.
[I 2026-04-13 12:55:49,357] Trial 17 finished with value: 0.9 and parameters: {'n_estimators': 339, 'max_depth': 11, 'min_samples_split': 8, 'min_samples_leaf': 2}. Best is trial 0 with value: 0.9.
[I 2026-04-13 12:55:49,821] Trial 18 finished with value: 0.85 and parameters: {'n_estimators': 264, 'max_depth': 7, 'min_samples_split': 5, 'min_samples_leaf': 5}. Best is trial 0 with value: 0.9.
[I 2026-04-13 12:55:50,396] Trial 19 finished with value: 0.9 and parameters: {'n_estimators': 433, 'max_depth': 6, 'min_samples_split': 8, 'min_samples_leaf': 3}. Best is trial 0 with value: 0.9.
[I 2026-04-13 12:55:50,668] Trial 20 finished with value: 0.9 and parameters: {'n_estimators': 167, 'max_depth': 11, 'min_samples_split': 4, 'min_samples_leaf': 2}. Best is trial 0 with value: 0.9.
[I 2026-04-13 12:55:51,136] Trial 21 finished with value: 0.85 and parameters: {'n_estimators': 358, 'max_depth': 20, 'min_samples_split': 10, 'min_samples_leaf': 1}. Best is trial 0 with value: 0.9.
[I 2026-04-13 12:55:51,703] Trial 22 finished with value: 0.9 and parameters: {'n_estimators': 388, 'max_depth': 20, 'min_samples_split': 9, 'min_samples_leaf': 1}. Best is trial 0 with value: 0.9.
[I 2026-04-13 12:55:52,304] Trial 23 finished with value: 0.9 and parameters: {'n_estimators': 463, 'max_depth': 17, 'min_samples_split': 10, 'min_samples_leaf': 2}. Best is trial 0 with value: 0.9.
[I 2026-04-13 12:55:52,796] Trial 24 finished with value: 0.85 and parameters: {'n_estimators': 348, 'max_depth': 8, 'min_samples_split': 9, 'min_samples_leaf': 4}. Best is trial 0 with value: 0.9.
[I 2026-04-13 12:55:53,394] Trial 25 finished with value: 0.5 and parameters: {'n_estimators': 400, 'max_depth': 18, 'min_samples_split': 6, 'min_samples_leaf': 7}. Best is trial 0 with value: 0.9.
[I 2026-04-13 12:55:53,819] Trial 26 finished with value: 0.9 and parameters: {'n_estimators': 268, 'max_depth': 13, 'min_samples_split': 10, 'min_samples_leaf': 4}. Best is trial 0 with value: 0.9.
[I 2026-04-13 12:55:54,225] Trial 27 finished with value: 0.9 and parameters: {'n_estimators': 297, 'max_depth': 4, 'min_samples_split': 8, 'min_samples_leaf': 2}. Best is trial 0 with value: 0.9.
