[I 2026-04-13 12:55:14,654] Trial 11 finished with value: 0.95 and parameters: {'n_estimators': 40, 'max_depth': 5, 'gamma': 0.284144177802935, 'subsample': 0.7137332854536631, 'colsample_bytree': 0.6815498556783907}. Best is trial 0 with value: 0.95.
[I 2026-04-13 12:55:14,704] Trial 12 finished with value: 0.95 and parameters: {'n_estimators': 100, 'max_depth': 30, 'gamma': 0.4460361445163697, 'subsample': 0.6425328048515475, 'colsample_bytree': 0.679730053828248}. Best is trial 0 with value: 0.95.
[I 2026-04-13 12:55:14,745] Trial 13 finished with value: 0.95 and parameters: {'n_estimators': 40, 'max_depth': 5, 'gamma': 0.15813912455139084, 'subsample': 0.7844515830692418, 'colsample_bytree': 0.6758652093499296}. Best is trial 0 with value: 0.95.
[I 2026-04-13 12:55:14,797] Trial 14 finished with value: 0.95 and parameters: {'n_estimators': 100, 'max_depth': 30, 'gamma': 0.6918007402171132, 'subsample': 0.8431105857116872, 'colsample_bytree': 0.8216506181347186}. Best is trial 0 with value: 0.95.
[I 2026-04-13 12:55:14,850] Trial 15 finished with value: 0.95 and parameters: {'n_estimators': 100, 'max_depth': 30, 'gamma': 0.349760846204061, 'subsample': 0.6341284233145288, 'colsample_bytree': 0.8604557310580807}. Best is trial 0 with value: 0.95.
[I 2026-04-13 12:55:14,886] Trial 16 finished with value: 0.95 and parameters: {'n_estimators': 40, 'max_depth': 5, 'gamma': 0.5201464803795712, 'subsample': 0.7450819645371771, 'colsample_bytree': 0.6198858180831269}. Best is trial 0 with value: 0.95.
[I 2026-04-13 12:55:14,928] Trial 17 finished with value: 0.95 and parameters: {'n_estimators': 40, 'max_depth': 30, 'gamma': 0.24898809859426368, 'subsample': 0.8794206962560682, 'colsample_bytree': 0.7109611479294711}. Best is trial 0 with value: 0.95.
[I 2026-04-13 12:55:14,970] Trial 18 finished with value: 0.95 and parameters: {'n_estimators': 100, 'max_depth': 5, 'gamma': 0.9913860986584816, 'subsample': 0.7789286533284532, 'colsample_bytree': 0.6271428698415437}. Best is trial 0 with value: 0.95.
[I 2026-04-13 12:55:15,006] Trial 19 finished with value: 0.95 and parameters: {'n_estimators': 10, 'max_depth': 20, 'gamma': 0.1024661458044199, 'subsample': 0.6385018241519915, 'colsample_bytree': 0.7256286391121816}. Best is trial 0 with value: 0.95.
[I 2026-04-13 12:55:15,051] Trial 20 finished with value: 0.95 and parameters: {'n_estimators': 100, 'max_depth': 5, 'gamma': 0.7591732860443527, 'subsample': 0.690163639384909, 'colsample_bytree': 0.8803558534234343}. Best is trial 0 with value: 0.95.
[I 2026-04-13 12:55:15,089] Trial 21 finished with value: 0.95 and parameters: {'n_estimators': 10, 'max_depth': 20, 'gamma': 0.4114206146200162, 'subsample': 0.5787348283873678, 'colsample_bytree': 0.5799921299120425}. Best is trial 0 with value: 0.95.
[I 2026-04-13 12:55:15,128] Trial 22 finished with value: 0.95 and parameters: {'n_estimators': 10, 'max_depth': 20, 'gamma': 0.44013563993373117, 'subsample': 0.5884642358257253, 'colsample_bytree': 0.6396439334383429}. Best is trial 0 with value: 0.95.
[I 2026-04-13 12:55:15,168] Trial 23 finished with value: 0.95 and parameters: {'n_estimators': 10, 'max_depth': 20, 'gamma': 0.3640526720769539, 'subsample': 0.7376906145275179, 'colsample_bytree': 0.5646376443736348}. Best is trial 0 with value: 0.95.
[I 2026-04-13 12:55:15,204] Trial 24 finished with value: 0.95 and parameters: {'n_estimators': 10, 'max_depth': 20, 'gamma': 0.5836653771261503, 'subsample': 0.587601911862339, 'colsample_bytree': 0.6342116043678898}. Best is trial 0 with value: 0.95.
[I 2026-04-13 12:55:15,243] Trial 25 finished with value: 0.95 and parameters: {'n_estimators': 10, 'max_depth': 20, 'gamma': 0.2694330931240215, 'subsample': 0.7985250050147175, 'colsample_bytree': 0.5457868258232631}. Best is trial 0 with value: 0.95.
[I 2026-04-13 12:55:15,298] Trial 26 finished with value: 0.95 and parameters: {'n_estimators': 40, 'max_depth': 30, 'gamma': 0.4991027872300632, 'subsample': 0.6747096314819956, 'colsample_bytree': 0.6637128467472857}. Best is trial 0 with value: 0.95.
[I 2026-04-13 12:55:15,336] Trial 27 finished with value: 0.95 and parameters: {'n_estimators': 10, 'max_depth': 30, 'gamma': 0.3373658061926824, 'subsample': 0.5707029938448864, 'colsample_bytree': 0.7221935867931729}. Best is trial 0 with value: 0.95.
[I 2026-04-13 12:55:15,370] Trial 28 finished with value: 0.95 and parameters: {'n_estimators': 40, 'max_depth': 5, 'gamma': 0.4632819913832272, 'subsample': 0.8708901507233173, 'colsample_bytree': 0.5968207877364301}. Best is trial 0 with value: 0.95.
[I 2026-04-13 12:55:15,427] Trial 29 finished with value: 0.95 and parameters: {'n_estimators': 100, 'max_depth': 20, 'gamma': 0.8972464177448476, 'subsample': 0.723868436480241, 'colsample_bytree': 0.7508709108163548}. Best is trial 0 with value: 0.95.
[I 2026-04-13 12:55:15,533] A new study created in memory with name: rf
[I 2026-04-13 12:55:15,829] Trial 0 finished with value: 0.5 and parameters: {'n_estimators': 189, 'max_depth': 18, 'min_samples_split': 3, 'min_samples_leaf': 10}. Best is trial 0 with value: 0.5.
[I 2026-04-13 12:55:16,237] Trial 1 finished with value: 0.95 and parameters: {'n_estimators': 295, 'max_depth': 14, 'min_samples_split': 8, 'min_samples_leaf': 6}. Best is trial 1 with value: 0.95.
[I 2026-04-13 12:55:16,749] Trial 2 finished with value: 0.5 and parameters: {'n_estimators': 219, 'max_depth': 6, 'min_samples_split': 2, 'min_samples_leaf': 8}. Best is trial 1 with value: 0.95.
[I 2026-04-13 12:55:17,549] Trial 3 finished with value: 0.95 and parameters: {'n_estimators': 276, 'max_depth': 5, 'min_samples_split': 9, 'min_samples_leaf': 3}. Best is trial 1 with value: 0.95.
[I 2026-04-13 12:55:18,295] Trial 4 finished with value: 0.95 and parameters: {'n_estimators': 266, 'max_depth': 8, 'min_samples_split': 7, 'min_samples_leaf': 6}. Best is trial 1 with value: 0.95.
[I 2026-04-13 12:55:19,267] Trial 5 finished with value: 0.95 and parameters: {'n_estimators': 340, 'max_depth': 7, 'min_samples_split': 4, 'min_samples_leaf': 3}. Best is trial 1 with value: 0.95.
[I 2026-04-13 12:55:20,011] Trial 6 finished with value: 0.5 and parameters: {'n_estimators': 231, 'max_depth': 5, 'min_samples_split': 3, 'min_samples_leaf': 10}. Best is trial 1 with value: 0.95.
[I 2026-04-13 12:55:21,198] Trial 7 finished with value: 0.95 and parameters: {'n_estimators': 485, 'max_depth': 6, 'min_samples_split': 2, 'min_samples_leaf': 3}. Best is trial 1 with value: 0.95.
[I 2026-04-13 12:55:22,033] Trial 8 finished with value: 0.95 and parameters: {'n_estimators': 380, 'max_depth': 17, 'min_samples_split': 2, 'min_samples_leaf': 6}. Best is trial 1 with value: 0.95.
[I 2026-04-13 12:55:22,400] Trial 9 finished with value: 0.5 and parameters: {'n_estimators': 100, 'max_depth': 12, 'min_samples_split': 7, 'min_samples_leaf': 10}. Best is trial 1 with value: 0.95.
[I 2026-04-13 12:55:23,002] Trial 10 finished with value: 0.95 and parameters: {'n_estimators': 446, 'max_depth': 13, 'min_samples_split': 10, 'min_samples_leaf': 5}. Best is trial 1 with value: 0.95.
[I 2026-04-13 12:55:23,419] Trial 11 finished with value: 1.0 and parameters: {'n_estimators': 314, 'max_depth': 15, 'min_samples_split': 10, 'min_samples_leaf': 1}. Best is trial 11 with value: 1.0.
[I 2026-04-13 12:55:23,915] Trial 12 finished with value: 0.95 and parameters: {'n_estimators': 359, 'max_depth': 15, 'min_samples_split': 9, 'min_samples_leaf': 1}. Best is trial 11 with value: 1.0.
[I 2026-04-13 12:55:24,513] Trial 13 finished with value: 0.95 and parameters: {'n_estimators': 406, 'max_depth': 10, 'min_samples_split': 8, 'min_samples_leaf': 1}. Best is trial 11 with value: 1.0.
[I 2026-04-13 12:55:24,949] Trial 14 finished with value: 0.5 and parameters: {'n_estimators': 320, 'max_depth': 20, 'min_samples_split': 10, 'min_samples_leaf': 8}. Best is trial 11 with value: 1.0.
[I 2026-04-13 12:55:25,247] Trial 15 finished with value: 0.95 and parameters: {'n_estimators': 159, 'max_depth': 15, 'min_samples_split': 5, 'min_samples_leaf': 5}. Best is trial 11 with value: 1.0.
[I 2026-04-13 12:55:25,685] Trial 16 finished with value: 0.5 and parameters: {'n_estimators': 296, 'max_depth': 14, 'min_samples_split': 8, 'min_samples_leaf': 8}. Best is trial 11 with value: 1.0.
[I 2026-04-13 12:55:26,060] Trial 17 finished with value: 1.0 and parameters: {'n_estimators': 250, 'max_depth': 10, 'min_samples_split': 9, 'min_samples_leaf': 4}. Best is trial 11 with value: 1.0.
[I 2026-04-13 12:55:26,341] Trial 18 finished with value: 1.0 and parameters: {'n_estimators': 148, 'max_depth': 10, 'min_samples_split': 10, 'min_samples_leaf': 2}. Best is trial 11 with value: 1.0.
[I 2026-04-13 12:55:26,718] Trial 19 finished with value: 0.95 and parameters: {'n_estimators': 240, 'max_depth': 10, 'min_samples_split': 6, 'min_samples_leaf': 2}. Best is trial 11 with value: 1.0.
[I 2026-04-13 12:55:27,243] Trial 20 finished with value: 0.95 and parameters: {'n_estimators': 439, 'max_depth': 3, 'min_samples_split': 9, 'min_samples_leaf': 4}. Best is trial 11 with value: 1.0.
[I 2026-04-13 12:55:27,485] Trial 21 finished with value: 1.0 and parameters: {'n_estimators': 133, 'max_depth': 10, 'min_samples_split': 10, 'min_samples_leaf': 2}. Best is trial 11 with value: 1.0.
[I 2026-04-13 12:55:27,808] Trial 22 finished with value: 0.95 and parameters: {'n_estimators': 183, 'max_depth': 9, 'min_samples_split': 10, 'min_samples_leaf': 2}. Best is trial 11 with value: 1.0.
[I 2026-04-13 12:55:28,014] Trial 23 finished with value: 0.95 and parameters: {'n_estimators': 105, 'max_depth': 12, 'min_samples_split': 9, 'min_samples_leaf': 1}. Best is trial 11 with value: 1.0.
[I 2026-04-13 12:55:28,349] Trial 24 finished with value: 0.95 and parameters: {'n_estimators': 195, 'max_depth': 17, 'min_samples_split': 10, 'min_samples_leaf': 4}. Best is trial 11 with value: 1.0.
[I 2026-04-13 12:55:28,615] Trial 25 finished with value: 0.95 and parameters: {'n_estimators': 146, 'max_depth': 11, 'min_samples_split': 7, 'min_samples_leaf': 4}. Best is trial 11 with value: 1.0.
[I 2026-04-13 12:55:29,026] Trial 26 finished with value: 1.0 and parameters: {'n_estimators': 270, 'max_depth': 8, 'min_samples_split': 9, 'min_samples_leaf': 2}. Best is trial 11 with value: 1.0.
[I 2026-04-13 12:55:29,486] Trial 27 finished with value: 0.95 and parameters: {'n_estimators': 327, 'max_depth': 11, 'min_samples_split': 8, 'min_samples_leaf': 3}. Best is trial 11 with value: 1.0.
[I 2026-04-13 12:55:29,905] Trial 28 finished with value: 0.95 and parameters: {'n_estimators': 246, 'max_depth': 13, 'min_samples_split': 6, 'min_samples_leaf': 1}. Best is trial 11 with value: 1.0.
[I 2026-04-13 12:55:30,260] Trial 29 finished with value: 0.95 and parameters: {'n_estimators': 189, 'max_depth': 16, 'min_samples_split': 10, 'min_samples_leaf': 2}. Best is trial 11 with value: 1.0.
[I 2026-04-13 12:55:31,351] A new study created in memory with name: mlp
[I 2026-04-13 12:55:31,406] Trial 0 finished with value: 0.95 and parameters: {'hidden_layer_sizes': (200,), 'max_iter': 50, 'alpha': 0.001}. Best is trial 0 with value: 0.95.
[I 2026-04-13 12:55:31,483] Trial 1 finished with value: 0.95 and parameters: {'hidden_layer_sizes': (100,), 'max_iter': 100, 'alpha': 0.0001}. Best is trial 0 with value: 0.95.
[I 2026-04-13 12:55:31,548] Trial 2 finished with value: 0.95 and parameters: {'hidden_layer_sizes': (100,), 'max_iter': 100, 'alpha': 0.001}. Best is trial 0 with value: 0.95.
[I 2026-04-13 12:55:31,614] Trial 3 finished with value: 0.95 and parameters: {'hidden_layer_sizes': (200,), 'max_iter': 50, 'alpha': 0.001}. Best is trial 0 with value: 0.95.
[I 2026-04-13 12:55:31,681] Trial 4 finished with value: 0.95 and parameters: {'hidden_layer_sizes': (100,), 'max_iter': 100, 'alpha': 0.0001}. Best is trial 0 with value: 0.95.
[I 2026-04-13 12:55:31,748] Trial 5 finished with value: 0.95 and parameters: {'hidden_layer_sizes': (100,), 'max_iter': 100, 'alpha': 0.001}. Best is trial 0 with value: 0.95.
[I 2026-04-13 12:55:31,836] Trial 6 finished with value: 0.95 and parameters: {'hidden_layer_sizes': (200,), 'max_iter': 100, 'alpha': 0.001}. Best is trial 0 with value: 0.95.
[I 2026-04-13 12:55:31,903] Trial 7 finished with value: 0.95 and parameters: {'hidden_layer_sizes': (200,), 'max_iter': 100, 'alpha': 0.001}. Best is trial 0 with value: 0.95.
[I 2026-04-13 12:55:31,970] Trial 8 finished with value: 0.95 and parameters: {'hidden_layer_sizes': (100,), 'max_iter': 100, 'alpha': 0.001}. Best is trial 0 with value: 0.95.
[I 2026-04-13 12:55:32,007] Trial 9 finished with value: 0.95 and parameters: {'hidden_layer_sizes': (100,), 'max_iter': 50, 'alpha': 0.001}. Best is trial 0 with value: 0.95.
[I 2026-04-13 12:55:32,055] Trial 10 finished with value: 0.95 and parameters: {'hidden_layer_sizes': (100, 100), 'max_iter': 50, 'alpha': 0.0001}. Best is trial 0 with value: 0.95.
[I 2026-04-13 12:55:32,112] Trial 11 finished with value: 0.95 and parameters: {'hidden_layer_sizes': (100, 100), 'max_iter': 50, 'alpha': 0.0001}. Best is trial 0 with value: 0.95.
[I 2026-04-13 12:55:32,160] Trial 12 finished with value: 0.95 and parameters: {'hidden_layer_sizes': (200,), 'max_iter': 50, 'alpha': 0.0001}. Best is trial 0 with value: 0.95.
[I 2026-04-13 12:55:32,208] Trial 13 finished with value: 0.95 and parameters: {'hidden_layer_sizes': (200,), 'max_iter': 50, 'alpha': 0.0001}. Best is trial 0 with value: 0.95.
[I 2026-04-13 12:55:32,298] Trial 14 finished with value: 0.95 and parameters: {'hidden_layer_sizes': (100, 100), 'max_iter': 100, 'alpha': 0.0001}. Best is trial 0 with value: 0.95.
[I 2026-04-13 12:55:32,356] Trial 15 finished with value: 0.95 and parameters: {'hidden_layer_sizes': (100,), 'max_iter': 50, 'alpha': 0.0001}. Best is trial 0 with value: 0.95.
[I 2026-04-13 12:55:32,426] Trial 16 finished with value: 0.95 and parameters: {'hidden_layer_sizes': (200,), 'max_iter': 100, 'alpha': 0.001}. Best is trial 0 with value: 0.95.
[I 2026-04-13 12:55:32,483] Trial 17 finished with value: 0.95 and parameters: {'hidden_layer_sizes': (200,), 'max_iter': 50, 'alpha': 0.0001}. Best is trial 0 with value: 0.95.
[I 2026-04-13 12:55:32,560] Trial 18 finished with value: 0.95 and parameters: {'hidden_layer_sizes': (100,), 'max_iter': 100, 'alpha': 0.001}. Best is trial 0 with value: 0.95.
[I 2026-04-13 12:55:32,609] Trial 19 finished with value: 0.95 and parameters: {'hidden_layer_sizes': (100, 100), 'max_iter': 50, 'alpha': 0.0001}. Best is trial 0 with value: 0.95.
[I 2026-04-13 12:55:32,677] Trial 20 finished with value: 0.95 and parameters: {'hidden_layer_sizes': (200,), 'max_iter': 100, 'alpha': 0.0001}. Best is trial 0 with value: 0.95.
[I 2026-04-13 12:55:32,746] Trial 21 finished with value: 0.95 and parameters: {'hidden_layer_sizes': (100,), 'max_iter': 100, 'alpha': 0.001}. Best is trial 0 with value: 0.95.
[I 2026-04-13 12:55:32,826] Trial 22 finished with value: 0.95 and parameters: {'hidden_layer_sizes': (100,), 'max_iter': 100, 'alpha': 0.001}. Best is trial 0 with value: 0.95.
[I 2026-04-13 12:55:32,882] Trial 23 finished with value: 0.95 and parameters: {'hidden_layer_sizes': (100,), 'max_iter': 100, 'alpha': 0.001}. Best is trial 0 with value: 0.95.
[I 2026-04-13 12:55:32,938] Trial 24 finished with value: 0.95 and parameters: {'hidden_layer_sizes': (100,), 'max_iter': 100, 'alpha': 0.001}. Best is trial 0 with value: 0.95.
[I 2026-04-13 12:55:32,997] Trial 25 finished with value: 0.95 and parameters: {'hidden_layer_sizes': (100,), 'max_iter': 100, 'alpha': 0.001}. Best is trial 0 with value: 0.95.
[I 2026-04-13 12:55:33,035] Trial 26 finished with value: 0.95 and parameters: {'hidden_layer_sizes': (100,), 'max_iter': 50, 'alpha': 0.001}. Best is trial 0 with value: 0.95.
[I 2026-04-13 12:55:33,103] Trial 27 finished with value: 0.95 and parameters: {'hidden_layer_sizes': (100,), 'max_iter': 100, 'alpha': 0.001}. Best is trial 0 with value: 0.95.
[I 2026-04-13 12:55:33,159] Trial 28 finished with value: 0.95 and parameters: {'hidden_layer_sizes': (100, 100), 'max_iter': 50, 'alpha': 0.0001}. Best is trial 0 with value: 0.95.
[I 2026-04-13 12:55:33,210] Trial 29 finished with value: 0.95 and parameters: {'hidden_layer_sizes': (200,), 'max_iter': 50, 'alpha': 0.001}. Best is trial 0 with value: 0.95.
[I 2026-04-13 12:55:34,953] A new study created in memory with name: naive_bayes
[I 2026-04-13 12:55:34,967] Trial 0 finished with value: 0.7 and parameters: {'var_smoothing': 6.10548688762798e-09}. Best is trial 0 with value: 0.7.
[I 2026-04-13 12:55:34,986] Trial 1 finished with value: 0.7 and parameters: {'var_smoothing': 4.6127467400935034e-10}. Best is trial 0 with value: 0.7.
[I 2026-04-13 12:55:35,000] Trial 2 finished with value: 0.7 and parameters: {'var_smoothing': 4.389936579400967e-09}. Best is trial 0 with value: 0.7.
[I 2026-04-13 12:55:35,014] Trial 3 finished with value: 0.7 and parameters: {'var_smoothing': 1.2116948204672054e-10}. Best is trial 0 with value: 0.7.
[I 2026-04-13 12:55:35,028] Trial 4 finished with value: 0.7 and parameters: {'var_smoothing': 1.6417739478477417e-10}. Best is trial 0 with value: 0.7.
[I 2026-04-13 12:55:35,044] Trial 5 finished with value: 0.7 and parameters: {'var_smoothing': 1.5491880147236797e-09}. Best is trial 0 with value: 0.7.
[I 2026-04-13 12:55:35,058] Trial 6 finished with value: 0.7 and parameters: {'var_smoothing': 1.1471883405287265e-09}. Best is trial 0 with value: 0.7.
[I 2026-04-13 12:55:35,072] Trial 7 finished with value: 0.7 and parameters: {'var_smoothing': 6.88041853492358e-10}. Best is trial 0 with value: 0.7.
[I 2026-04-13 12:55:35,086] Trial 8 finished with value: 0.7 and parameters: {'var_smoothing': 4.686144741221158e-10}. Best is trial 0 with value: 0.7.
[I 2026-04-13 12:55:35,100] Trial 9 finished with value: 0.7 and parameters: {'var_smoothing': 1.7580809350683337e-09}. Best is trial 0 with value: 0.7.
[I 2026-04-13 12:55:35,121] Trial 10 finished with value: 0.7 and parameters: {'var_smoothing': 9.83902635509218e-09}. Best is trial 0 with value: 0.7.
[I 2026-04-13 12:55:35,139] Trial 11 finished with value: 0.7 and parameters: {'var_smoothing': 2.660399871603373e-10}. Best is trial 0 with value: 0.7.
[I 2026-04-13 12:55:35,158] Trial 12 finished with value: 0.7 and parameters: {'var_smoothing': 9.276268851540963e-09}. Best is trial 0 with value: 0.7.
[I 2026-04-13 12:55:35,178] Trial 13 finished with value: 0.7 and parameters: {'var_smoothing': 2.9844010685221692e-09}. Best is trial 0 with value: 0.7.
[I 2026-04-13 12:55:35,194] Trial 14 finished with value: 0.7 and parameters: {'var_smoothing': 3.8923309717334116e-10}. Best is trial 0 with value: 0.7.
[I 2026-04-13 12:55:35,214] Trial 15 finished with value: 0.7 and parameters: {'var_smoothing': 3.85461066627204e-09}. Best is trial 0 with value: 0.7.
[I 2026-04-13 12:55:35,233] Trial 16 finished with value: 0.7 and parameters: {'var_smoothing': 7.120907275009211e-10}. Best is trial 0 with value: 0.7.
[I 2026-04-13 12:55:35,249] Trial 17 finished with value: 0.7 and parameters: {'var_smoothing': 2.412486610614855e-10}. Best is trial 0 with value: 0.7.
[I 2026-04-13 12:55:35,267] Trial 18 finished with value: 0.7 and parameters: {'var_smoothing': 2.3580860166954074e-09}. Best is trial 0 with value: 0.7.
[I 2026-04-13 12:55:35,296] Trial 19 finished with value: 0.7 and parameters: {'var_smoothing': 5.846846875339535e-09}. Best is trial 0 with value: 0.7.
[I 2026-04-13 12:55:35,324] Trial 20 finished with value: 0.7 and parameters: {'var_smoothing': 1.0486521320383776e-09}. Best is trial 0 with value: 0.7.
[I 2026-04-13 12:55:35,341] Trial 21 finished with value: 0.7 and parameters: {'var_smoothing': 4.9491450263339475e-09}. Best is trial 0 with value: 0.7.
[I 2026-04-13 12:55:35,358] Trial 22 finished with value: 0.7 and parameters: {'var_smoothing': 6.667992141406306e-09}. Best is trial 0 with value: 0.7.
[I 2026-04-13 12:55:35,376] Trial 23 finished with value: 0.7 and parameters: {'var_smoothing': 3.2795712712135213e-09}. Best is trial 0 with value: 0.7.
[I 2026-04-13 12:55:35,394] Trial 24 finished with value: 0.7 and parameters: {'var_smoothing': 6.403538416287158e-10}. Best is trial 0 with value: 0.7.
[I 2026-04-13 12:55:35,411] Trial 25 finished with value: 0.7 and parameters: {'var_smoothing': 2.1589819023851477e-09}. Best is trial 0 with value: 0.7.
[I 2026-04-13 12:55:35,429] Trial 26 finished with value: 0.7 and parameters: {'var_smoothing': 3.912617821024548e-09}. Best is trial 0 with value: 0.7.
[I 2026-04-13 12:55:35,457] Trial 27 finished with value: 0.7 and parameters: {'var_smoothing': 7.162139101012446e-09}. Best is trial 0 with value: 0.7.
[I 2026-04-13 12:55:35,475] Trial 28 finished with value: 0.7 and parameters: {'var_smoothing': 1.3883316815746274e-09}. Best is trial 0 with value: 0.7.
[I 2026-04-13 12:55:35,492] Trial 29 finished with value: 0.7 and parameters: {'var_smoothing': 4.1751754503046387e-10}. Best is trial 0 with value: 0.7.
[I 2026-04-13 12:55:35,525] A new study created in memory with name: logreg
[I 2026-04-13 12:55:35,539] Trial 0 finished with value: 0.9 and parameters: {'C': 29.127335430981816, 'penalty': 'l2'}. Best is trial 0 with value: 0.9.
[I 2026-04-13 12:55:35,562] Trial 1 finished with value: 0.95 and parameters: {'C': 0.045698192893558344, 'penalty': 'l2'}. Best is trial 1 with value: 0.95.
[I 2026-04-13 12:55:35,575] Trial 2 finished with value: 0.9 and parameters: {'C': 12.768668597712947, 'penalty': 'l2'}. Best is trial 1 with value: 0.95.
[I 2026-04-13 12:55:35,599] Trial 3 finished with value: 0.95 and parameters: {'C': 0.0016161554408462638, 'penalty': 'l2'}. Best is trial 1 with value: 0.95.
[I 2026-04-13 12:55:35,623] Trial 4 finished with value: 0.95 and parameters: {'C': 0.0034536903703241734, 'penalty': 'l2'}. Best is trial 1 with value: 0.95.
[I 2026-04-13 12:55:35,636] Trial 5 finished with value: 0.9 and parameters: {'C': 0.9446269266990148, 'penalty': 'l2'}. Best is trial 1 with value: 0.95.
