[I 2026-04-13 13:09:17,766] Trial 19 finished with value: 0.5 and parameters: {'n_estimators': 451, 'max_depth': 14, 'min_samples_split': 6, 'min_samples_leaf': 4}. Best is trial 17 with value: 0.6.
[I 2026-04-13 13:09:18,340] Trial 20 finished with value: 0.6 and parameters: {'n_estimators': 417, 'max_depth': 12, 'min_samples_split': 6, 'min_samples_leaf': 9}. Best is trial 17 with value: 0.6.
[I 2026-04-13 13:09:18,912] Trial 21 finished with value: 0.55 and parameters: {'n_estimators': 416, 'max_depth': 11, 'min_samples_split': 6, 'min_samples_leaf': 9}. Best is trial 17 with value: 0.6.
[I 2026-04-13 13:09:19,521] Trial 22 finished with value: 0.55 and parameters: {'n_estimators': 498, 'max_depth': 13, 'min_samples_split': 6, 'min_samples_leaf': 10}. Best is trial 17 with value: 0.6.
[I 2026-04-13 13:09:20,147] Trial 23 finished with value: 0.575 and parameters: {'n_estimators': 424, 'max_depth': 16, 'min_samples_split': 7, 'min_samples_leaf': 9}. Best is trial 17 with value: 0.6.
[I 2026-04-13 13:09:20,981] Trial 24 finished with value: 0.55 and parameters: {'n_estimators': 395, 'max_depth': 9, 'min_samples_split': 5, 'min_samples_leaf': 7}. Best is trial 17 with value: 0.6.
[I 2026-04-13 13:09:22,074] Trial 25 finished with value: 0.575 and parameters: {'n_estimators': 468, 'max_depth': 12, 'min_samples_split': 8, 'min_samples_leaf': 10}. Best is trial 17 with value: 0.6.
[I 2026-04-13 13:09:22,523] Trial 26 finished with value: 0.55 and parameters: {'n_estimators': 336, 'max_depth': 14, 'min_samples_split': 8, 'min_samples_leaf': 9}. Best is trial 17 with value: 0.6.
[I 2026-04-13 13:09:23,161] Trial 27 finished with value: 0.525 and parameters: {'n_estimators': 438, 'max_depth': 18, 'min_samples_split': 5, 'min_samples_leaf': 7}. Best is trial 17 with value: 0.6.
[I 2026-04-13 13:09:23,678] Trial 28 finished with value: 0.525 and parameters: {'n_estimators': 374, 'max_depth': 11, 'min_samples_split': 10, 'min_samples_leaf': 5}. Best is trial 17 with value: 0.6.
[I 2026-04-13 13:09:24,215] Trial 29 finished with value: 0.6 and parameters: {'n_estimators': 411, 'max_depth': 18, 'min_samples_split': 6, 'min_samples_leaf': 10}. Best is trial 17 with value: 0.6.
[I 2026-04-13 13:09:25,175] A new study created in memory with name: mlp
[I 2026-04-13 13:09:25,230] Trial 0 finished with value: 0.5 and parameters: {'hidden_layer_sizes': (200,), 'max_iter': 50, 'alpha': 0.001}. Best is trial 0 with value: 0.5.
[I 2026-04-13 13:09:25,309] Trial 1 finished with value: 0.525 and parameters: {'hidden_layer_sizes': (100,), 'max_iter': 100, 'alpha': 0.0001}. Best is trial 1 with value: 0.525.
[I 2026-04-13 13:09:25,398] Trial 2 finished with value: 0.525 and parameters: {'hidden_layer_sizes': (100,), 'max_iter': 100, 'alpha': 0.001}. Best is trial 1 with value: 0.525.
[I 2026-04-13 13:09:25,463] Trial 3 finished with value: 0.575 and parameters: {'hidden_layer_sizes': (200,), 'max_iter': 50, 'alpha': 0.001}. Best is trial 3 with value: 0.575.
[I 2026-04-13 13:09:25,549] Trial 4 finished with value: 0.525 and parameters: {'hidden_layer_sizes': (100,), 'max_iter': 100, 'alpha': 0.0001}. Best is trial 3 with value: 0.575.
[I 2026-04-13 13:09:25,628] Trial 5 finished with value: 0.575 and parameters: {'hidden_layer_sizes': (100,), 'max_iter': 100, 'alpha': 0.001}. Best is trial 3 with value: 0.575.
[I 2026-04-13 13:09:25,715] Trial 6 finished with value: 0.475 and parameters: {'hidden_layer_sizes': (200,), 'max_iter': 100, 'alpha': 0.001}. Best is trial 3 with value: 0.575.
[I 2026-04-13 13:09:25,841] Trial 7 finished with value: 0.525 and parameters: {'hidden_layer_sizes': (200,), 'max_iter': 100, 'alpha': 0.001}. Best is trial 3 with value: 0.575.
[I 2026-04-13 13:09:25,927] Trial 8 finished with value: 0.5 and parameters: {'hidden_layer_sizes': (100,), 'max_iter': 100, 'alpha': 0.001}. Best is trial 3 with value: 0.575.
[I 2026-04-13 13:09:25,985] Trial 9 finished with value: 0.475 and parameters: {'hidden_layer_sizes': (100,), 'max_iter': 50, 'alpha': 0.001}. Best is trial 3 with value: 0.575.
[I 2026-04-13 13:09:26,047] Trial 10 finished with value: 0.525 and parameters: {'hidden_layer_sizes': (100, 100), 'max_iter': 50, 'alpha': 0.0001}. Best is trial 3 with value: 0.575.
[I 2026-04-13 13:09:26,116] Trial 11 finished with value: 0.525 and parameters: {'hidden_layer_sizes': (100, 100), 'max_iter': 50, 'alpha': 0.001}. Best is trial 3 with value: 0.575.
[I 2026-04-13 13:09:26,176] Trial 12 finished with value: 0.55 and parameters: {'hidden_layer_sizes': (200,), 'max_iter': 50, 'alpha': 0.001}. Best is trial 3 with value: 0.575.
[I 2026-04-13 13:09:26,233] Trial 13 finished with value: 0.5 and parameters: {'hidden_layer_sizes': (200,), 'max_iter': 50, 'alpha': 0.001}. Best is trial 3 with value: 0.575.
[I 2026-04-13 13:09:26,315] Trial 14 finished with value: 0.5 and parameters: {'hidden_layer_sizes': (100, 100), 'max_iter': 100, 'alpha': 0.0001}. Best is trial 3 with value: 0.575.
[I 2026-04-13 13:09:26,360] Trial 15 finished with value: 0.5 and parameters: {'hidden_layer_sizes': (100,), 'max_iter': 50, 'alpha': 0.001}. Best is trial 3 with value: 0.575.
[I 2026-04-13 13:09:26,450] Trial 16 finished with value: 0.5 and parameters: {'hidden_layer_sizes': (200,), 'max_iter': 100, 'alpha': 0.001}. Best is trial 3 with value: 0.575.
[I 2026-04-13 13:09:26,500] Trial 17 finished with value: 0.55 and parameters: {'hidden_layer_sizes': (200,), 'max_iter': 50, 'alpha': 0.001}. Best is trial 3 with value: 0.575.
[I 2026-04-13 13:09:26,568] Trial 18 finished with value: 0.55 and parameters: {'hidden_layer_sizes': (100,), 'max_iter': 100, 'alpha': 0.0001}. Best is trial 3 with value: 0.575.
[I 2026-04-13 13:09:26,615] Trial 19 finished with value: 0.55 and parameters: {'hidden_layer_sizes': (100, 100), 'max_iter': 50, 'alpha': 0.001}. Best is trial 3 with value: 0.575.
[I 2026-04-13 13:09:26,704] Trial 20 finished with value: 0.475 and parameters: {'hidden_layer_sizes': (200,), 'max_iter': 100, 'alpha': 0.001}. Best is trial 3 with value: 0.575.
[I 2026-04-13 13:09:26,764] Trial 21 finished with value: 0.575 and parameters: {'hidden_layer_sizes': (200,), 'max_iter': 50, 'alpha': 0.001}. Best is trial 3 with value: 0.575.
[I 2026-04-13 13:09:26,822] Trial 22 finished with value: 0.55 and parameters: {'hidden_layer_sizes': (200,), 'max_iter': 50, 'alpha': 0.001}. Best is trial 3 with value: 0.575.
[I 2026-04-13 13:09:26,881] Trial 23 finished with value: 0.55 and parameters: {'hidden_layer_sizes': (200,), 'max_iter': 50, 'alpha': 0.001}. Best is trial 3 with value: 0.575.
[I 2026-04-13 13:09:26,938] Trial 24 finished with value: 0.6 and parameters: {'hidden_layer_sizes': (200,), 'max_iter': 50, 'alpha': 0.001}. Best is trial 24 with value: 0.6.
[I 2026-04-13 13:09:26,985] Trial 25 finished with value: 0.55 and parameters: {'hidden_layer_sizes': (100,), 'max_iter': 50, 'alpha': 0.001}. Best is trial 24 with value: 0.6.
[I 2026-04-13 13:09:27,055] Trial 26 finished with value: 0.6 and parameters: {'hidden_layer_sizes': (200,), 'max_iter': 50, 'alpha': 0.0001}. Best is trial 24 with value: 0.6.
[I 2026-04-13 13:09:27,106] Trial 27 finished with value: 0.55 and parameters: {'hidden_layer_sizes': (200,), 'max_iter': 50, 'alpha': 0.0001}. Best is trial 24 with value: 0.6.
[I 2026-04-13 13:09:27,156] Trial 28 finished with value: 0.525 and parameters: {'hidden_layer_sizes': (200,), 'max_iter': 50, 'alpha': 0.0001}. Best is trial 24 with value: 0.6.
[I 2026-04-13 13:09:27,207] Trial 29 finished with value: 0.575 and parameters: {'hidden_layer_sizes': (200,), 'max_iter': 50, 'alpha': 0.0001}. Best is trial 24 with value: 0.6.
[I 2026-04-13 13:09:27,386] A new study created in memory with name: naive_bayes
[I 2026-04-13 13:09:27,401] Trial 0 finished with value: 0.475 and parameters: {'var_smoothing': 2.7796258518939306e-10}. Best is trial 0 with value: 0.475.
[I 2026-04-13 13:09:27,414] Trial 1 finished with value: 0.475 and parameters: {'var_smoothing': 5.513972710118387e-09}. Best is trial 0 with value: 0.475.
[I 2026-04-13 13:09:27,426] Trial 2 finished with value: 0.475 and parameters: {'var_smoothing': 2.590826381512706e-10}. Best is trial 0 with value: 0.475.
[I 2026-04-13 13:09:27,439] Trial 3 finished with value: 0.475 and parameters: {'var_smoothing': 6.874194498027403e-09}. Best is trial 0 with value: 0.475.
[I 2026-04-13 13:09:27,452] Trial 4 finished with value: 0.475 and parameters: {'var_smoothing': 9.480306482679771e-10}. Best is trial 0 with value: 0.475.
[I 2026-04-13 13:09:27,464] Trial 5 finished with value: 0.475 and parameters: {'var_smoothing': 1.6729683536668864e-09}. Best is trial 0 with value: 0.475.
[I 2026-04-13 13:09:27,477] Trial 6 finished with value: 0.475 and parameters: {'var_smoothing': 3.402637726935598e-09}. Best is trial 0 with value: 0.475.
[I 2026-04-13 13:09:27,491] Trial 7 finished with value: 0.475 and parameters: {'var_smoothing': 1.0885189040847657e-09}. Best is trial 0 with value: 0.475.
[I 2026-04-13 13:09:27,504] Trial 8 finished with value: 0.475 and parameters: {'var_smoothing': 3.922843686541149e-10}. Best is trial 0 with value: 0.475.
[I 2026-04-13 13:09:27,517] Trial 9 finished with value: 0.475 and parameters: {'var_smoothing': 2.3737908819373785e-10}. Best is trial 0 with value: 0.475.
[I 2026-04-13 13:09:27,543] Trial 10 finished with value: 0.475 and parameters: {'var_smoothing': 1.005826617097841e-10}. Best is trial 0 with value: 0.475.
[I 2026-04-13 13:09:27,562] Trial 11 finished with value: 0.475 and parameters: {'var_smoothing': 8.246040091550826e-09}. Best is trial 0 with value: 0.475.
[I 2026-04-13 13:09:27,582] Trial 12 finished with value: 0.475 and parameters: {'var_smoothing': 5.714429769091136e-10}. Best is trial 0 with value: 0.475.
[I 2026-04-13 13:09:27,599] Trial 13 finished with value: 0.475 and parameters: {'var_smoothing': 3.0046394488828834e-09}. Best is trial 0 with value: 0.475.
[I 2026-04-13 13:09:27,617] Trial 14 finished with value: 0.475 and parameters: {'var_smoothing': 1.0161521526134228e-10}. Best is trial 0 with value: 0.475.
[I 2026-04-13 13:09:27,633] Trial 15 finished with value: 0.475 and parameters: {'var_smoothing': 3.455011319435438e-09}. Best is trial 0 with value: 0.475.
[I 2026-04-13 13:09:27,650] Trial 16 finished with value: 0.475 and parameters: {'var_smoothing': 2.2038800241203009e-10}. Best is trial 0 with value: 0.475.
[I 2026-04-13 13:09:27,670] Trial 17 finished with value: 0.475 and parameters: {'var_smoothing': 1.8515987176145925e-09}. Best is trial 0 with value: 0.475.
[I 2026-04-13 13:09:27,689] Trial 18 finished with value: 0.475 and parameters: {'var_smoothing': 5.024285700153026e-10}. Best is trial 0 with value: 0.475.
[I 2026-04-13 13:09:27,709] Trial 19 finished with value: 0.475 and parameters: {'var_smoothing': 4.958025424412893e-09}. Best is trial 0 with value: 0.475.
[I 2026-04-13 13:09:27,729] Trial 20 finished with value: 0.475 and parameters: {'var_smoothing': 8.344000526157384e-10}. Best is trial 0 with value: 0.475.
[I 2026-04-13 13:09:27,759] Trial 21 finished with value: 0.475 and parameters: {'var_smoothing': 2.46080689865309e-10}. Best is trial 0 with value: 0.475.
[I 2026-04-13 13:09:27,778] Trial 22 finished with value: 0.475 and parameters: {'var_smoothing': 1.4445108350594728e-10}. Best is trial 0 with value: 0.475.
[I 2026-04-13 13:09:27,796] Trial 23 finished with value: 0.475 and parameters: {'var_smoothing': 3.3715577896606737e-10}. Best is trial 0 with value: 0.475.
[I 2026-04-13 13:09:27,818] Trial 24 finished with value: 0.475 and parameters: {'var_smoothing': 1.572466431855027e-10}. Best is trial 0 with value: 0.475.
[I 2026-04-13 13:09:27,839] Trial 25 finished with value: 0.475 and parameters: {'var_smoothing': 7.281746293576245e-10}. Best is trial 0 with value: 0.475.
[I 2026-04-13 13:09:27,856] Trial 26 finished with value: 0.475 and parameters: {'var_smoothing': 3.386254640873244e-10}. Best is trial 0 with value: 0.475.
[I 2026-04-13 13:09:27,883] Trial 27 finished with value: 0.475 and parameters: {'var_smoothing': 1.3918180959975328e-09}. Best is trial 0 with value: 0.475.
[I 2026-04-13 13:09:27,900] Trial 28 finished with value: 0.475 and parameters: {'var_smoothing': 2.3715836084533434e-09}. Best is trial 0 with value: 0.475.
[I 2026-04-13 13:09:27,918] Trial 29 finished with value: 0.45 and parameters: {'var_smoothing': 9.477075781575649e-09}. Best is trial 0 with value: 0.475.
[I 2026-04-13 13:09:27,952] A new study created in memory with name: logreg
[I 2026-04-13 13:09:27,965] Trial 0 finished with value: 0.55 and parameters: {'C': 0.012881482725481003, 'penalty': 'l2'}. Best is trial 0 with value: 0.55.
[I 2026-04-13 13:09:28,000] Trial 1 finished with value: 0.5 and parameters: {'C': 22.576755560681583, 'penalty': 'l2'}. Best is trial 0 with value: 0.55.
[I 2026-04-13 13:09:28,026] Trial 2 finished with value: 0.55 and parameters: {'C': 0.010804278656839932, 'penalty': 'l2'}. Best is trial 0 with value: 0.55.
[I 2026-04-13 13:09:28,062] Trial 3 finished with value: 0.5 and parameters: {'C': 39.17910760336117, 'penalty': 'l2'}. Best is trial 0 with value: 0.55.
[I 2026-04-13 13:09:28,088] Trial 4 finished with value: 0.525 and parameters: {'C': 0.2767298094062571, 'penalty': 'l2'}. Best is trial 0 with value: 0.55.
[I 2026-04-13 13:09:28,112] Trial 5 finished with value: 0.525 and parameters: {'C': 1.1447728330837224, 'penalty': 'l2'}. Best is trial 0 with value: 0.55.
[I 2026-04-13 13:09:28,136] Trial 6 finished with value: 0.525 and parameters: {'C': 6.753661388238877, 'penalty': 'l2'}. Best is trial 0 with value: 0.55.
[I 2026-04-13 13:09:28,162] Trial 7 finished with value: 0.55 and parameters: {'C': 0.39092184460352974, 'penalty': 'l2'}. Best is trial 0 with value: 0.55.
[I 2026-04-13 13:09:28,187] Trial 8 finished with value: 0.55 and parameters: {'C': 0.03047912590082646, 'penalty': 'l2'}. Best is trial 0 with value: 0.55.
[I 2026-04-13 13:09:28,211] Trial 9 finished with value: 0.55 and parameters: {'C': 0.008681727362499118, 'penalty': 'l2'}. Best is trial 0 with value: 0.55.
[I 2026-04-13 13:09:28,227] Trial 10 finished with value: 0.55 and parameters: {'C': 0.0010146302597657177, 'penalty': 'l2'}. Best is trial 0 with value: 0.55.
[I 2026-04-13 13:09:28,258] Trial 11 finished with value: 0.575 and parameters: {'C': 0.0199662686693303, 'penalty': 'l2'}. Best is trial 11 with value: 0.575.
[I 2026-04-13 13:09:28,283] Trial 12 finished with value: 0.575 and parameters: {'C': 0.07806066539229185, 'penalty': 'l2'}. Best is trial 11 with value: 0.575.
[I 2026-04-13 13:09:28,312] Trial 13 finished with value: 0.575 and parameters: {'C': 0.083177022464306, 'penalty': 'l2'}. Best is trial 11 with value: 0.575.
[I 2026-04-13 13:09:28,327] Trial 14 finished with value: 0.55 and parameters: {'C': 0.0010080839804208624, 'penalty': 'l2'}. Best is trial 11 with value: 0.575.
[I 2026-04-13 13:09:28,343] Trial 15 finished with value: 0.575 and parameters: {'C': 0.09531381302432439, 'penalty': 'l2'}. Best is trial 11 with value: 0.575.
[I 2026-04-13 13:09:28,380] Trial 16 finished with value: 0.525 and parameters: {'C': 2.7185729530542737, 'penalty': 'l2'}. Best is trial 11 with value: 0.575.
[I 2026-04-13 13:09:28,408] Trial 17 finished with value: 0.525 and parameters: {'C': 0.0029882280913313677, 'penalty': 'l2'}. Best is trial 11 with value: 0.575.
[I 2026-04-13 13:09:28,442] Trial 18 finished with value: 0.55 and parameters: {'C': 0.054683583875774745, 'penalty': 'l2'}. Best is trial 11 with value: 0.575.
[I 2026-04-13 13:09:28,472] Trial 19 finished with value: 0.525 and parameters: {'C': 0.2526933494785115, 'penalty': 'l2'}. Best is trial 11 with value: 0.575.
[I 2026-04-13 13:09:28,500] Trial 20 finished with value: 0.525 and parameters: {'C': 0.004115847230312237, 'penalty': 'l2'}. Best is trial 11 with value: 0.575.
[I 2026-04-13 13:09:28,531] Trial 21 finished with value: 0.575 and parameters: {'C': 0.0833628725014753, 'penalty': 'l2'}. Best is trial 11 with value: 0.575.
[I 2026-04-13 13:09:28,547] Trial 22 finished with value: 0.55 and parameters: {'C': 0.02888676736033824, 'penalty': 'l2'}. Best is trial 11 with value: 0.575.
[I 2026-04-13 13:09:28,573] Trial 23 finished with value: 0.55 and parameters: {'C': 0.7258583117390645, 'penalty': 'l2'}. Best is trial 11 with value: 0.575.
[I 2026-04-13 13:09:28,604] Trial 24 finished with value: 0.55 and parameters: {'C': 0.13690025777282028, 'penalty': 'l2'}. Best is trial 11 with value: 0.575.
[I 2026-04-13 13:09:28,620] Trial 25 finished with value: 0.55 and parameters: {'C': 0.030062814680012203, 'penalty': 'l2'}. Best is trial 11 with value: 0.575.
[I 2026-04-13 13:09:28,659] Trial 26 finished with value: 0.525 and parameters: {'C': 1.7728921416774468, 'penalty': 'l2'}. Best is trial 11 with value: 0.575.
[I 2026-04-13 13:09:28,685] Trial 27 finished with value: 0.525 and parameters: {'C': 0.16899296038113537, 'penalty': 'l2'}. Best is trial 11 with value: 0.575.
[I 2026-04-13 13:09:28,717] Trial 28 finished with value: 0.55 and parameters: {'C': 0.042313464699167205, 'penalty': 'l2'}. Best is trial 11 with value: 0.575.
[I 2026-04-13 13:09:28,747] Trial 29 finished with value: 0.55 and parameters: {'C': 0.014709665278259437, 'penalty': 'l2'}. Best is trial 11 with value: 0.575.
[I 2026-04-13 13:09:28,786] A new study created in memory with name: knn
[I 2026-04-13 13:09:28,809] Trial 0 finished with value: 0.45 and parameters: {'n_neighbors': 4, 'leaf_size': 38, 'p': 2}. Best is trial 0 with value: 0.45.
[I 2026-04-13 13:09:28,824] Trial 1 finished with value: 0.35 and parameters: {'n_neighbors': 6, 'leaf_size': 32, 'p': 1}. Best is trial 0 with value: 0.45.
[I 2026-04-13 13:09:28,839] Trial 2 finished with value: 0.325 and parameters: {'n_neighbors': 5, 'leaf_size': 23, 'p': 2}. Best is trial 0 with value: 0.45.
[I 2026-04-13 13:09:28,853] Trial 3 finished with value: 0.35 and parameters: {'n_neighbors': 6, 'leaf_size': 23, 'p': 1}. Best is trial 0 with value: 0.45.
[I 2026-04-13 13:09:28,878] Trial 4 finished with value: 0.35 and parameters: {'n_neighbors': 6, 'leaf_size': 26, 'p': 1}. Best is trial 0 with value: 0.45.
[I 2026-04-13 13:09:28,894] Trial 5 finished with value: 0.35 and parameters: {'n_neighbors': 7, 'leaf_size': 25, 'p': 1}. Best is trial 0 with value: 0.45.
[I 2026-04-13 13:09:28,919] Trial 6 finished with value: 0.325 and parameters: {'n_neighbors': 5, 'leaf_size': 23, 'p': 2}. Best is trial 0 with value: 0.45.
[I 2026-04-13 13:09:28,933] Trial 7 finished with value: 0.475 and parameters: {'n_neighbors': 10, 'leaf_size': 23, 'p': 2}. Best is trial 7 with value: 0.475.
[I 2026-04-13 13:09:28,948] Trial 8 finished with value: 0.4 and parameters: {'n_neighbors': 8, 'leaf_size': 36, 'p': 2}. Best is trial 7 with value: 0.475.
[I 2026-04-13 13:09:28,962] Trial 9 finished with value: 0.425 and parameters: {'n_neighbors': 3, 'leaf_size': 30, 'p': 2}. Best is trial 7 with value: 0.475.
[I 2026-04-13 13:09:28,993] Trial 10 finished with value: 0.475 and parameters: {'n_neighbors': 10, 'leaf_size': 20, 'p': 2}. Best is trial 7 with value: 0.475.
[I 2026-04-13 13:09:29,016] Trial 11 finished with value: 0.475 and parameters: {'n_neighbors': 10, 'leaf_size': 20, 'p': 2}. Best is trial 7 with value: 0.475.
[I 2026-04-13 13:09:29,044] Trial 12 finished with value: 0.475 and parameters: {'n_neighbors': 10, 'leaf_size': 28, 'p': 2}. Best is trial 7 with value: 0.475.
[I 2026-04-13 13:09:29,063] Trial 13 finished with value: 0.425 and parameters: {'n_neighbors': 9, 'leaf_size': 20, 'p': 2}. Best is trial 7 with value: 0.475.
[I 2026-04-13 13:09:29,096] Trial 14 finished with value: 0.425 and parameters: {'n_neighbors': 9, 'leaf_size': 21, 'p': 2}. Best is trial 7 with value: 0.475.
[I 2026-04-13 13:09:29,116] Trial 15 finished with value: 0.4 and parameters: {'n_neighbors': 8, 'leaf_size': 33, 'p': 2}. Best is trial 7 with value: 0.475.
[I 2026-04-13 13:09:29,153] Trial 16 finished with value: 0.475 and parameters: {'n_neighbors': 10, 'leaf_size': 27, 'p': 2}. Best is trial 7 with value: 0.475.
[I 2026-04-13 13:09:29,176] Trial 17 finished with value: 0.425 and parameters: {'n_neighbors': 9, 'leaf_size': 24, 'p': 2}. Best is trial 7 with value: 0.475.
[I 2026-04-13 13:09:29,204] Trial 18 finished with value: 0.4 and parameters: {'n_neighbors': 8, 'leaf_size': 29, 'p': 1}. Best is trial 7 with value: 0.475.
[I 2026-04-13 13:09:29,233] Trial 19 finished with value: 0.475 and parameters: {'n_neighbors': 10, 'leaf_size': 21, 'p': 2}. Best is trial 7 with value: 0.475.
[I 2026-04-13 13:09:29,262] Trial 20 finished with value: 0.35 and parameters: {'n_neighbors': 7, 'leaf_size': 40, 'p': 2}. Best is trial 7 with value: 0.475.
[I 2026-04-13 13:09:29,291] Trial 21 finished with value: 0.475 and parameters: {'n_neighbors': 10, 'leaf_size': 20, 'p': 2}. Best is trial 7 with value: 0.475.
[I 2026-04-13 13:09:29,319] Trial 22 finished with value: 0.425 and parameters: {'n_neighbors': 9, 'leaf_size': 22, 'p': 2}. Best is trial 7 with value: 0.475.
[I 2026-04-13 13:09:29,346] Trial 23 finished with value: 0.475 and parameters: {'n_neighbors': 10, 'leaf_size': 20, 'p': 2}. Best is trial 7 with value: 0.475.
[I 2026-04-13 13:09:29,377] Trial 24 finished with value: 0.425 and parameters: {'n_neighbors': 9, 'leaf_size': 25, 'p': 2}. Best is trial 7 with value: 0.475.
[I 2026-04-13 13:09:29,416] Trial 25 finished with value: 0.4 and parameters: {'n_neighbors': 8, 'leaf_size': 22, 'p': 2}. Best is trial 7 with value: 0.475.
[I 2026-04-13 13:09:29,440] Trial 26 finished with value: 0.45 and parameters: {'n_neighbors': 10, 'leaf_size': 25, 'p': 1}. Best is trial 7 with value: 0.475.
[I 2026-04-13 13:09:29,476] Trial 27 finished with value: 0.425 and parameters: {'n_neighbors': 9, 'leaf_size': 22, 'p': 2}. Best is trial 7 with value: 0.475.
[I 2026-04-13 13:09:29,496] Trial 28 finished with value: 0.475 and parameters: {'n_neighbors': 10, 'leaf_size': 20, 'p': 2}. Best is trial 7 with value: 0.475.
