[I 2026-04-13 12:57:04,817] Trial 29 finished with value: 0.6 and parameters: {'n_estimators': 456, 'max_depth': 8, 'min_samples_split': 3, 'min_samples_leaf': 5}. Best is trial 9 with value: 0.6.
[I 2026-04-13 12:57:06,560] A new study created in memory with name: mlp
[I 2026-04-13 12:57:06,671] Trial 0 finished with value: 0.45 and parameters: {'hidden_layer_sizes': (100,), 'max_iter': 100, 'alpha': 0.0001}. Best is trial 0 with value: 0.45.
[I 2026-04-13 12:57:06,857] Trial 1 finished with value: 0.45 and parameters: {'hidden_layer_sizes': (100, 100), 'max_iter': 100, 'alpha': 0.001}. Best is trial 0 with value: 0.45.
[I 2026-04-13 12:57:07,042] Trial 2 finished with value: 0.45 and parameters: {'hidden_layer_sizes': (200,), 'max_iter': 100, 'alpha': 0.0001}. Best is trial 0 with value: 0.45.
[I 2026-04-13 12:57:07,128] Trial 3 finished with value: 0.35 and parameters: {'hidden_layer_sizes': (200,), 'max_iter': 50, 'alpha': 0.001}. Best is trial 0 with value: 0.45.
[I 2026-04-13 12:57:07,222] Trial 4 finished with value: 0.45 and parameters: {'hidden_layer_sizes': (100, 100), 'max_iter': 50, 'alpha': 0.0001}. Best is trial 0 with value: 0.45.
[I 2026-04-13 12:57:07,367] Trial 5 finished with value: 0.45 and parameters: {'hidden_layer_sizes': (200,), 'max_iter': 100, 'alpha': 0.0001}. Best is trial 0 with value: 0.45.
[I 2026-04-13 12:57:07,521] Trial 6 finished with value: 0.45 and parameters: {'hidden_layer_sizes': (200,), 'max_iter': 100, 'alpha': 0.001}. Best is trial 0 with value: 0.45.
[I 2026-04-13 12:57:07,655] Trial 7 finished with value: 0.45 and parameters: {'hidden_layer_sizes': (100,), 'max_iter': 100, 'alpha': 0.001}. Best is trial 0 with value: 0.45.
[I 2026-04-13 12:57:07,791] Trial 8 finished with value: 0.35 and parameters: {'hidden_layer_sizes': (100, 100), 'max_iter': 100, 'alpha': 0.0001}. Best is trial 0 with value: 0.45.
[I 2026-04-13 12:57:07,937] Trial 9 finished with value: 0.45 and parameters: {'hidden_layer_sizes': (200,), 'max_iter': 100, 'alpha': 0.0001}. Best is trial 0 with value: 0.45.
[I 2026-04-13 12:57:08,002] Trial 10 finished with value: 0.4 and parameters: {'hidden_layer_sizes': (100,), 'max_iter': 50, 'alpha': 0.0001}. Best is trial 0 with value: 0.45.
[I 2026-04-13 12:57:08,108] Trial 11 finished with value: 0.4 and parameters: {'hidden_layer_sizes': (100,), 'max_iter': 100, 'alpha': 0.001}. Best is trial 0 with value: 0.45.
[I 2026-04-13 12:57:08,284] Trial 12 finished with value: 0.4 and parameters: {'hidden_layer_sizes': (100, 100), 'max_iter': 100, 'alpha': 0.001}. Best is trial 0 with value: 0.45.
[I 2026-04-13 12:57:08,429] Trial 13 finished with value: 0.4 and parameters: {'hidden_layer_sizes': (100,), 'max_iter': 100, 'alpha': 0.001}. Best is trial 0 with value: 0.45.
[I 2026-04-13 12:57:08,514] Trial 14 finished with value: 0.35 and parameters: {'hidden_layer_sizes': (100, 100), 'max_iter': 50, 'alpha': 0.0001}. Best is trial 0 with value: 0.45.
[I 2026-04-13 12:57:08,699] Trial 15 finished with value: 0.4 and parameters: {'hidden_layer_sizes': (100,), 'max_iter': 100, 'alpha': 0.001}. Best is trial 0 with value: 0.45.
[I 2026-04-13 12:57:08,867] Trial 16 finished with value: 0.4 and parameters: {'hidden_layer_sizes': (100, 100), 'max_iter': 100, 'alpha': 0.001}. Best is trial 0 with value: 0.45.
[I 2026-04-13 12:57:08,996] Trial 17 finished with value: 0.45 and parameters: {'hidden_layer_sizes': (100, 100), 'max_iter': 100, 'alpha': 0.0001}. Best is trial 0 with value: 0.45.
[I 2026-04-13 12:57:09,084] Trial 18 finished with value: 0.35 and parameters: {'hidden_layer_sizes': (100,), 'max_iter': 50, 'alpha': 0.0001}. Best is trial 0 with value: 0.45.
[I 2026-04-13 12:57:09,273] Trial 19 finished with value: 0.4 and parameters: {'hidden_layer_sizes': (100, 100), 'max_iter': 100, 'alpha': 0.001}. Best is trial 0 with value: 0.45.
[I 2026-04-13 12:57:09,463] Trial 20 finished with value: 0.4 and parameters: {'hidden_layer_sizes': (100,), 'max_iter': 100, 'alpha': 0.0001}. Best is trial 0 with value: 0.45.
[I 2026-04-13 12:57:09,621] Trial 21 finished with value: 0.45 and parameters: {'hidden_layer_sizes': (200,), 'max_iter': 100, 'alpha': 0.0001}. Best is trial 0 with value: 0.45.
[I 2026-04-13 12:57:09,770] Trial 22 finished with value: 0.45 and parameters: {'hidden_layer_sizes': (200,), 'max_iter': 100, 'alpha': 0.0001}. Best is trial 0 with value: 0.45.
[I 2026-04-13 12:57:09,930] Trial 23 finished with value: 0.45 and parameters: {'hidden_layer_sizes': (200,), 'max_iter': 100, 'alpha': 0.0001}. Best is trial 0 with value: 0.45.
[I 2026-04-13 12:57:10,065] Trial 24 finished with value: 0.4 and parameters: {'hidden_layer_sizes': (100, 100), 'max_iter': 100, 'alpha': 0.0001}. Best is trial 0 with value: 0.45.
[I 2026-04-13 12:57:10,175] Trial 25 finished with value: 0.45 and parameters: {'hidden_layer_sizes': (100,), 'max_iter': 100, 'alpha': 0.0001}. Best is trial 0 with value: 0.45.
[I 2026-04-13 12:57:10,262] Trial 26 finished with value: 0.35 and parameters: {'hidden_layer_sizes': (200,), 'max_iter': 50, 'alpha': 0.001}. Best is trial 0 with value: 0.45.
[I 2026-04-13 12:57:10,420] Trial 27 finished with value: 0.4 and parameters: {'hidden_layer_sizes': (100, 100), 'max_iter': 100, 'alpha': 0.0001}. Best is trial 0 with value: 0.45.
[I 2026-04-13 12:57:10,539] Trial 28 finished with value: 0.4 and parameters: {'hidden_layer_sizes': (100,), 'max_iter': 100, 'alpha': 0.001}. Best is trial 0 with value: 0.45.
[I 2026-04-13 12:57:10,615] Trial 29 finished with value: 0.4 and parameters: {'hidden_layer_sizes': (200,), 'max_iter': 50, 'alpha': 0.001}. Best is trial 0 with value: 0.45.
[I 2026-04-13 12:57:10,921] A new study created in memory with name: naive_bayes
[I 2026-04-13 12:57:10,959] Trial 0 finished with value: 0.55 and parameters: {'var_smoothing': 6.10548688762798e-09}. Best is trial 0 with value: 0.55.
[I 2026-04-13 12:57:10,972] Trial 1 finished with value: 0.55 and parameters: {'var_smoothing': 4.6127467400935034e-10}. Best is trial 0 with value: 0.55.
[I 2026-04-13 12:57:10,985] Trial 2 finished with value: 0.55 and parameters: {'var_smoothing': 4.389936579400967e-09}. Best is trial 0 with value: 0.55.
[I 2026-04-13 12:57:10,998] Trial 3 finished with value: 0.55 and parameters: {'var_smoothing': 1.2116948204672054e-10}. Best is trial 0 with value: 0.55.
[I 2026-04-13 12:57:11,011] Trial 4 finished with value: 0.55 and parameters: {'var_smoothing': 1.6417739478477417e-10}. Best is trial 0 with value: 0.55.
[I 2026-04-13 12:57:11,024] Trial 5 finished with value: 0.55 and parameters: {'var_smoothing': 1.5491880147236797e-09}. Best is trial 0 with value: 0.55.
[I 2026-04-13 12:57:11,036] Trial 6 finished with value: 0.55 and parameters: {'var_smoothing': 1.1471883405287265e-09}. Best is trial 0 with value: 0.55.
[I 2026-04-13 12:57:11,049] Trial 7 finished with value: 0.55 and parameters: {'var_smoothing': 6.88041853492358e-10}. Best is trial 0 with value: 0.55.
[I 2026-04-13 12:57:11,061] Trial 8 finished with value: 0.55 and parameters: {'var_smoothing': 4.686144741221158e-10}. Best is trial 0 with value: 0.55.
[I 2026-04-13 12:57:11,074] Trial 9 finished with value: 0.55 and parameters: {'var_smoothing': 1.7580809350683337e-09}. Best is trial 0 with value: 0.55.
[I 2026-04-13 12:57:11,091] Trial 10 finished with value: 0.55 and parameters: {'var_smoothing': 9.83902635509218e-09}. Best is trial 0 with value: 0.55.
[I 2026-04-13 12:57:11,109] Trial 11 finished with value: 0.55 and parameters: {'var_smoothing': 2.660399871603373e-10}. Best is trial 0 with value: 0.55.
[I 2026-04-13 12:57:11,126] Trial 12 finished with value: 0.55 and parameters: {'var_smoothing': 9.276268851540963e-09}. Best is trial 0 with value: 0.55.
[I 2026-04-13 12:57:11,144] Trial 13 finished with value: 0.55 and parameters: {'var_smoothing': 2.9844010685221692e-09}. Best is trial 0 with value: 0.55.
[I 2026-04-13 12:57:11,161] Trial 14 finished with value: 0.55 and parameters: {'var_smoothing': 3.8923309717334116e-10}. Best is trial 0 with value: 0.55.
[I 2026-04-13 12:57:11,178] Trial 15 finished with value: 0.55 and parameters: {'var_smoothing': 3.85461066627204e-09}. Best is trial 0 with value: 0.55.
[I 2026-04-13 12:57:11,196] Trial 16 finished with value: 0.55 and parameters: {'var_smoothing': 7.120907275009211e-10}. Best is trial 0 with value: 0.55.
[I 2026-04-13 12:57:11,232] Trial 17 finished with value: 0.55 and parameters: {'var_smoothing': 2.412486610614855e-10}. Best is trial 0 with value: 0.55.
[I 2026-04-13 12:57:11,260] Trial 18 finished with value: 0.55 and parameters: {'var_smoothing': 2.3580860166954074e-09}. Best is trial 0 with value: 0.55.
[I 2026-04-13 12:57:11,277] Trial 19 finished with value: 0.55 and parameters: {'var_smoothing': 5.846846875339535e-09}. Best is trial 0 with value: 0.55.
[I 2026-04-13 12:57:11,293] Trial 20 finished with value: 0.55 and parameters: {'var_smoothing': 1.0486521320383776e-09}. Best is trial 0 with value: 0.55.
[I 2026-04-13 12:57:11,324] Trial 21 finished with value: 0.55 and parameters: {'var_smoothing': 4.9491450263339475e-09}. Best is trial 0 with value: 0.55.
[I 2026-04-13 12:57:11,352] Trial 22 finished with value: 0.55 and parameters: {'var_smoothing': 6.667992141406306e-09}. Best is trial 0 with value: 0.55.
[I 2026-04-13 12:57:11,380] Trial 23 finished with value: 0.55 and parameters: {'var_smoothing': 3.2795712712135213e-09}. Best is trial 0 with value: 0.55.
[I 2026-04-13 12:57:11,398] Trial 24 finished with value: 0.55 and parameters: {'var_smoothing': 6.403538416287158e-10}. Best is trial 0 with value: 0.55.
[I 2026-04-13 12:57:11,416] Trial 25 finished with value: 0.55 and parameters: {'var_smoothing': 2.1589819023851477e-09}. Best is trial 0 with value: 0.55.
[I 2026-04-13 12:57:11,439] Trial 26 finished with value: 0.55 and parameters: {'var_smoothing': 3.912617821024548e-09}. Best is trial 0 with value: 0.55.
[I 2026-04-13 12:57:11,459] Trial 27 finished with value: 0.55 and parameters: {'var_smoothing': 7.162139101012446e-09}. Best is trial 0 with value: 0.55.
[I 2026-04-13 12:57:11,486] Trial 28 finished with value: 0.55 and parameters: {'var_smoothing': 1.3883316815746274e-09}. Best is trial 0 with value: 0.55.
[I 2026-04-13 12:57:11,518] Trial 29 finished with value: 0.55 and parameters: {'var_smoothing': 4.1751754503046387e-10}. Best is trial 0 with value: 0.55.
[I 2026-04-13 12:57:11,552] A new study created in memory with name: logreg
[I 2026-04-13 12:57:11,616] Trial 0 finished with value: 0.45 and parameters: {'C': 29.127335430981816, 'penalty': 'l2'}. Best is trial 0 with value: 0.45.
[I 2026-04-13 12:57:11,641] Trial 1 finished with value: 0.65 and parameters: {'C': 0.045698192893558344, 'penalty': 'l2'}. Best is trial 1 with value: 0.65.
[I 2026-04-13 12:57:11,706] Trial 2 finished with value: 0.5 and parameters: {'C': 12.768668597712947, 'penalty': 'l2'}. Best is trial 1 with value: 0.65.
[I 2026-04-13 12:57:11,730] Trial 3 finished with value: 0.55 and parameters: {'C': 0.0016161554408462638, 'penalty': 'l2'}. Best is trial 1 with value: 0.65.
[I 2026-04-13 12:57:11,754] Trial 4 finished with value: 0.55 and parameters: {'C': 0.0034536903703241734, 'penalty': 'l2'}. Best is trial 1 with value: 0.65.
[I 2026-04-13 12:57:11,788] Trial 5 finished with value: 0.55 and parameters: {'C': 0.9446269266990148, 'penalty': 'l2'}. Best is trial 1 with value: 0.65.
[I 2026-04-13 12:57:11,813] Trial 6 finished with value: 0.55 and parameters: {'C': 0.4457453393648168, 'penalty': 'l2'}. Best is trial 1 with value: 0.65.
[I 2026-04-13 12:57:11,836] Trial 7 finished with value: 0.6 and parameters: {'C': 0.12417585037258261, 'penalty': 'l2'}. Best is trial 1 with value: 0.65.
[I 2026-04-13 12:57:11,860] Trial 8 finished with value: 0.65 and parameters: {'C': 0.04753781830244093, 'penalty': 'l2'}. Best is trial 1 with value: 0.65.
[I 2026-04-13 12:57:11,904] Trial 9 finished with value: 0.55 and parameters: {'C': 1.2959766028194148, 'penalty': 'l2'}. Best is trial 1 with value: 0.65.
[I 2026-04-13 12:57:11,932] Trial 10 finished with value: 0.65 and parameters: {'C': 0.02024823315667757, 'penalty': 'l2'}. Best is trial 1 with value: 0.65.
[I 2026-04-13 12:57:11,960] Trial 11 finished with value: 0.65 and parameters: {'C': 0.033823105357511776, 'penalty': 'l2'}. Best is trial 1 with value: 0.65.
[I 2026-04-13 12:57:11,988] Trial 12 finished with value: 0.65 and parameters: {'C': 0.01687525967399137, 'penalty': 'l2'}. Best is trial 1 with value: 0.65.
[I 2026-04-13 12:57:12,015] Trial 13 finished with value: 0.6 and parameters: {'C': 0.08927054814637196, 'penalty': 'l2'}. Best is trial 1 with value: 0.65.
[I 2026-04-13 12:57:12,033] Trial 14 finished with value: 0.6 and parameters: {'C': 0.007421596657289348, 'penalty': 'l2'}. Best is trial 1 with value: 0.65.
[I 2026-04-13 12:57:12,064] Trial 15 finished with value: 0.6 and parameters: {'C': 0.12596206158983486, 'penalty': 'l2'}. Best is trial 1 with value: 0.65.
[I 2026-04-13 12:57:12,108] Trial 16 finished with value: 0.45 and parameters: {'C': 4.0439489390104955, 'penalty': 'l2'}. Best is trial 1 with value: 0.65.
[I 2026-04-13 12:57:12,135] Trial 17 finished with value: 0.55 and parameters: {'C': 0.0011693084353487943, 'penalty': 'l2'}. Best is trial 1 with value: 0.65.
[I 2026-04-13 12:57:12,181] Trial 18 finished with value: 0.65 and parameters: {'C': 0.05634633920602504, 'penalty': 'l2'}. Best is trial 1 with value: 0.65.
[I 2026-04-13 12:57:12,210] Trial 19 finished with value: 0.6 and parameters: {'C': 0.2924805018567681, 'penalty': 'l2'}. Best is trial 1 with value: 0.65.
[I 2026-04-13 12:57:12,240] Trial 20 finished with value: 0.6 and parameters: {'C': 0.006655921507687428, 'penalty': 'l2'}. Best is trial 1 with value: 0.65.
[I 2026-04-13 12:57:12,268] Trial 21 finished with value: 0.65 and parameters: {'C': 0.02275208335813374, 'penalty': 'l2'}. Best is trial 1 with value: 0.65.
[I 2026-04-13 12:57:12,297] Trial 22 finished with value: 0.65 and parameters: {'C': 0.018334379417426088, 'penalty': 'l2'}. Best is trial 1 with value: 0.65.
[I 2026-04-13 12:57:12,325] Trial 23 finished with value: 0.65 and parameters: {'C': 0.22888384163599232, 'penalty': 'l2'}. Best is trial 1 with value: 0.65.
[I 2026-04-13 12:57:12,354] Trial 24 finished with value: 0.6 and parameters: {'C': 0.008063054772290369, 'penalty': 'l2'}. Best is trial 1 with value: 0.65.
[I 2026-04-13 12:57:12,382] Trial 25 finished with value: 0.65 and parameters: {'C': 0.03186648723465192, 'penalty': 'l2'}. Best is trial 1 with value: 0.65.
[I 2026-04-13 12:57:12,405] Trial 26 finished with value: 0.55 and parameters: {'C': 0.003172517623095672, 'penalty': 'l2'}. Best is trial 1 with value: 0.65.
[I 2026-04-13 12:57:12,437] Trial 27 finished with value: 0.65 and parameters: {'C': 0.05067789145148896, 'penalty': 'l2'}. Best is trial 1 with value: 0.65.
[I 2026-04-13 12:57:12,478] Trial 28 finished with value: 0.55 and parameters: {'C': 0.7450700471950882, 'penalty': 'l2'}. Best is trial 1 with value: 0.65.
[I 2026-04-13 12:57:12,516] Trial 29 finished with value: 0.45 and parameters: {'C': 45.75034886101285, 'penalty': 'l2'}. Best is trial 1 with value: 0.65.
[I 2026-04-13 12:57:12,565] A new study created in memory with name: knn
[I 2026-04-13 12:57:12,580] Trial 0 finished with value: 0.55 and parameters: {'n_neighbors': 10, 'leaf_size': 26, 'p': 1}. Best is trial 0 with value: 0.55.
[I 2026-04-13 12:57:12,594] Trial 1 finished with value: 0.6 and parameters: {'n_neighbors': 3, 'leaf_size': 32, 'p': 1}. Best is trial 1 with value: 0.6.
[I 2026-04-13 12:57:12,619] Trial 2 finished with value: 0.55 and parameters: {'n_neighbors': 5, 'leaf_size': 33, 'p': 2}. Best is trial 1 with value: 0.6.
[I 2026-04-13 12:57:12,633] Trial 3 finished with value: 0.6 and parameters: {'n_neighbors': 7, 'leaf_size': 32, 'p': 2}. Best is trial 1 with value: 0.6.
[I 2026-04-13 12:57:12,658] Trial 4 finished with value: 0.5 and parameters: {'n_neighbors': 9, 'leaf_size': 28, 'p': 1}. Best is trial 1 with value: 0.6.
[I 2026-04-13 12:57:12,672] Trial 5 finished with value: 0.6 and parameters: {'n_neighbors': 3, 'leaf_size': 35, 'p': 1}. Best is trial 1 with value: 0.6.
[I 2026-04-13 12:57:12,687] Trial 6 finished with value: 0.6 and parameters: {'n_neighbors': 8, 'leaf_size': 31, 'p': 2}. Best is trial 1 with value: 0.6.
[I 2026-04-13 12:57:12,701] Trial 7 finished with value: 0.5 and parameters: {'n_neighbors': 6, 'leaf_size': 24, 'p': 2}. Best is trial 1 with value: 0.6.
[I 2026-04-13 12:57:12,715] Trial 8 finished with value: 0.55 and parameters: {'n_neighbors': 5, 'leaf_size': 34, 'p': 2}. Best is trial 1 with value: 0.6.
[I 2026-04-13 12:57:12,728] Trial 9 finished with value: 0.65 and parameters: {'n_neighbors': 10, 'leaf_size': 27, 'p': 2}. Best is trial 9 with value: 0.65.
[I 2026-04-13 12:57:12,753] Trial 10 finished with value: 0.65 and parameters: {'n_neighbors': 10, 'leaf_size': 20, 'p': 2}. Best is trial 9 with value: 0.65.
[I 2026-04-13 12:57:12,778] Trial 11 finished with value: 0.65 and parameters: {'n_neighbors': 10, 'leaf_size': 20, 'p': 2}. Best is trial 9 with value: 0.65.
[I 2026-04-13 12:57:12,804] Trial 12 finished with value: 0.5 and parameters: {'n_neighbors': 9, 'leaf_size': 40, 'p': 2}. Best is trial 9 with value: 0.65.
[I 2026-04-13 12:57:12,836] Trial 13 finished with value: 0.6 and parameters: {'n_neighbors': 8, 'leaf_size': 20, 'p': 2}. Best is trial 9 with value: 0.65.
[I 2026-04-13 12:57:12,866] Trial 14 finished with value: 0.65 and parameters: {'n_neighbors': 10, 'leaf_size': 24, 'p': 2}. Best is trial 9 with value: 0.65.
[I 2026-04-13 12:57:12,902] Trial 15 finished with value: 0.5 and parameters: {'n_neighbors': 9, 'leaf_size': 23, 'p': 2}. Best is trial 9 with value: 0.65.
[I 2026-04-13 12:57:12,922] Trial 16 finished with value: 0.6 and parameters: {'n_neighbors': 8, 'leaf_size': 29, 'p': 2}. Best is trial 9 with value: 0.65.
[I 2026-04-13 12:57:12,957] Trial 17 finished with value: 0.6 and parameters: {'n_neighbors': 7, 'leaf_size': 37, 'p': 2}. Best is trial 9 with value: 0.65.
[I 2026-04-13 12:57:12,976] Trial 18 finished with value: 0.55 and parameters: {'n_neighbors': 10, 'leaf_size': 22, 'p': 1}. Best is trial 9 with value: 0.65.
[I 2026-04-13 12:57:13,013] Trial 19 finished with value: 0.5 and parameters: {'n_neighbors': 9, 'leaf_size': 27, 'p': 2}. Best is trial 9 with value: 0.65.
[I 2026-04-13 12:57:13,049] Trial 20 finished with value: 0.5 and parameters: {'n_neighbors': 6, 'leaf_size': 26, 'p': 2}. Best is trial 9 with value: 0.65.
[I 2026-04-13 12:57:13,073] Trial 21 finished with value: 0.65 and parameters: {'n_neighbors': 10, 'leaf_size': 20, 'p': 2}. Best is trial 9 with value: 0.65.
[I 2026-04-13 12:57:13,093] Trial 22 finished with value: 0.65 and parameters: {'n_neighbors': 10, 'leaf_size': 21, 'p': 2}. Best is trial 9 with value: 0.65.
[I 2026-04-13 12:57:13,114] Trial 23 finished with value: 0.5 and parameters: {'n_neighbors': 9, 'leaf_size': 25, 'p': 2}. Best is trial 9 with value: 0.65.
[I 2026-04-13 12:57:13,136] Trial 24 finished with value: 0.6 and parameters: {'n_neighbors': 8, 'leaf_size': 22, 'p': 2}. Best is trial 9 with value: 0.65.
[I 2026-04-13 12:57:13,158] Trial 25 finished with value: 0.65 and parameters: {'n_neighbors': 10, 'leaf_size': 20, 'p': 2}. Best is trial 9 with value: 0.65.
[I 2026-04-13 12:57:13,180] Trial 26 finished with value: 0.5 and parameters: {'n_neighbors': 9, 'leaf_size': 22, 'p': 1}. Best is trial 9 with value: 0.65.
[I 2026-04-13 12:57:13,203] Trial 27 finished with value: 0.65 and parameters: {'n_neighbors': 10, 'leaf_size': 30, 'p': 2}. Best is trial 9 with value: 0.65.
[I 2026-04-13 12:57:13,226] Trial 28 finished with value: 0.6 and parameters: {'n_neighbors': 8, 'leaf_size': 24, 'p': 2}. Best is trial 9 with value: 0.65.
[I 2026-04-13 12:57:13,246] Trial 29 finished with value: 0.55 and parameters: {'n_neighbors': 4, 'leaf_size': 25, 'p': 1}. Best is trial 9 with value: 0.65.
[I 2026-04-13 12:57:13,324] A new study created in memory with name: xgb
[I 2026-04-13 12:57:13,358] Trial 0 finished with value: 0.55 and parameters: {'n_estimators': 10, 'max_depth': 30, 'gamma': 0.5768356259735394, 'subsample': 0.7094037142783272, 'colsample_bytree': 0.6677039246366646}. Best is trial 0 with value: 0.55.
[I 2026-04-13 12:57:13,393] Trial 1 finished with value: 0.5 and parameters: {'n_estimators': 100, 'max_depth': 30, 'gamma': 0.9912018442360747, 'subsample': 0.9099290984609207, 'colsample_bytree': 0.7066004674080903}. Best is trial 0 with value: 0.55.
[I 2026-04-13 12:57:13,419] Trial 2 finished with value: 0.55 and parameters: {'n_estimators': 10, 'max_depth': 20, 'gamma': 0.7382185757030506, 'subsample': 0.7704684271512641, 'colsample_bytree': 0.5624120871903049}. Best is trial 0 with value: 0.55.
[I 2026-04-13 12:57:13,444] Trial 3 finished with value: 0.6 and parameters: {'n_estimators': 10, 'max_depth': 20, 'gamma': 0.7041784887453524, 'subsample': 0.7995029565695583, 'colsample_bytree': 0.8586660727777565}. Best is trial 3 with value: 0.6.
[I 2026-04-13 12:57:13,471] Trial 4 finished with value: 0.5 and parameters: {'n_estimators': 10, 'max_depth': 20, 'gamma': 0.46549701645255037, 'subsample': 0.9946899241400011, 'colsample_bytree': 0.725249640372583}. Best is trial 3 with value: 0.6.
[I 2026-04-13 12:57:13,497] Trial 5 finished with value: 0.5 and parameters: {'n_estimators': 40, 'max_depth': 20, 'gamma': 0.3554734452019276, 'subsample': 0.5947710951851903, 'colsample_bytree': 0.7356254823676576}. Best is trial 3 with value: 0.6.
[I 2026-04-13 12:57:13,533] Trial 6 finished with value: 0.5 and parameters: {'n_estimators': 40, 'max_depth': 20, 'gamma': 0.8967376717636345, 'subsample': 0.988276510203839, 'colsample_bytree': 0.9184542964535913}. Best is trial 3 with value: 0.6.
