[I 2026-04-13 12:57:40,633] Trial 29 finished with value: 0.55 and parameters: {'var_smoothing': 4.1751754503046387e-10}. Best is trial 0 with value: 0.55.
[I 2026-04-13 12:57:40,666] A new study created in memory with name: logreg
[I 2026-04-13 12:57:40,701] Trial 0 finished with value: 0.65 and parameters: {'C': 29.127335430981816, 'penalty': 'l2'}. Best is trial 0 with value: 0.65.
[I 2026-04-13 12:57:40,725] Trial 1 finished with value: 0.55 and parameters: {'C': 0.045698192893558344, 'penalty': 'l2'}. Best is trial 0 with value: 0.65.
[I 2026-04-13 12:57:40,750] Trial 2 finished with value: 0.55 and parameters: {'C': 12.768668597712947, 'penalty': 'l2'}. Best is trial 0 with value: 0.65.
[I 2026-04-13 12:57:40,775] Trial 3 finished with value: 0.55 and parameters: {'C': 0.0016161554408462638, 'penalty': 'l2'}. Best is trial 0 with value: 0.65.
[I 2026-04-13 12:57:40,800] Trial 4 finished with value: 0.6 and parameters: {'C': 0.0034536903703241734, 'penalty': 'l2'}. Best is trial 0 with value: 0.65.
[I 2026-04-13 12:57:40,823] Trial 5 finished with value: 0.5 and parameters: {'C': 0.9446269266990148, 'penalty': 'l2'}. Best is trial 0 with value: 0.65.
[I 2026-04-13 12:57:40,847] Trial 6 finished with value: 0.5 and parameters: {'C': 0.4457453393648168, 'penalty': 'l2'}. Best is trial 0 with value: 0.65.
[I 2026-04-13 12:57:40,880] Trial 7 finished with value: 0.5 and parameters: {'C': 0.12417585037258261, 'penalty': 'l2'}. Best is trial 0 with value: 0.65.
[I 2026-04-13 12:57:40,904] Trial 8 finished with value: 0.55 and parameters: {'C': 0.04753781830244093, 'penalty': 'l2'}. Best is trial 0 with value: 0.65.
[I 2026-04-13 12:57:40,928] Trial 9 finished with value: 0.5 and parameters: {'C': 1.2959766028194148, 'penalty': 'l2'}. Best is trial 0 with value: 0.65.
[I 2026-04-13 12:57:40,980] Trial 10 finished with value: 0.75 and parameters: {'C': 96.02411422716075, 'penalty': 'l2'}. Best is trial 10 with value: 0.75.
[I 2026-04-13 12:57:41,019] Trial 11 finished with value: 0.7 and parameters: {'C': 59.9697718692158, 'penalty': 'l2'}. Best is trial 10 with value: 0.75.
[I 2026-04-13 12:57:41,056] Trial 12 finished with value: 0.7 and parameters: {'C': 90.64427434136057, 'penalty': 'l2'}. Best is trial 10 with value: 0.75.
[I 2026-04-13 12:57:41,086] Trial 13 finished with value: 0.45 and parameters: {'C': 4.865673542589085, 'penalty': 'l2'}. Best is trial 10 with value: 0.75.
[I 2026-04-13 12:57:41,113] Trial 14 finished with value: 0.7 and parameters: {'C': 75.70410205106715, 'penalty': 'l2'}. Best is trial 10 with value: 0.75.
[I 2026-04-13 12:57:41,139] Trial 15 finished with value: 0.5 and parameters: {'C': 5.957789522733971, 'penalty': 'l2'}. Best is trial 10 with value: 0.75.
[I 2026-04-13 12:57:41,167] Trial 16 finished with value: 0.65 and parameters: {'C': 19.685556379423655, 'penalty': 'l2'}. Best is trial 10 with value: 0.75.
[I 2026-04-13 12:57:41,192] Trial 17 finished with value: 0.45 and parameters: {'C': 2.9846308196944142, 'penalty': 'l2'}. Best is trial 10 with value: 0.75.
[I 2026-04-13 12:57:41,240] Trial 18 finished with value: 0.7 and parameters: {'C': 47.611336786999125, 'penalty': 'l2'}. Best is trial 10 with value: 0.75.
[I 2026-04-13 12:57:41,267] Trial 19 finished with value: 0.55 and parameters: {'C': 12.171934770041055, 'penalty': 'l2'}. Best is trial 10 with value: 0.75.
[I 2026-04-13 12:57:41,298] Trial 20 finished with value: 0.6 and parameters: {'C': 0.009201704573096029, 'penalty': 'l2'}. Best is trial 10 with value: 0.75.
[I 2026-04-13 12:57:41,336] Trial 21 finished with value: 0.7 and parameters: {'C': 87.4764374438574, 'penalty': 'l2'}. Best is trial 10 with value: 0.75.
[I 2026-04-13 12:57:41,363] Trial 22 finished with value: 0.65 and parameters: {'C': 30.62033180862645, 'penalty': 'l2'}. Best is trial 10 with value: 0.75.
[I 2026-04-13 12:57:41,404] Trial 23 finished with value: 0.7 and parameters: {'C': 67.14005637081, 'penalty': 'l2'}. Best is trial 10 with value: 0.75.
[I 2026-04-13 12:57:41,433] Trial 24 finished with value: 0.5 and parameters: {'C': 8.71142958157668, 'penalty': 'l2'}. Best is trial 10 with value: 0.75.
[I 2026-04-13 12:57:41,463] Trial 25 finished with value: 0.45 and parameters: {'C': 2.4233122539695664, 'penalty': 'l2'}. Best is trial 10 with value: 0.75.
[I 2026-04-13 12:57:41,494] Trial 26 finished with value: 0.65 and parameters: {'C': 33.083842893940535, 'penalty': 'l2'}. Best is trial 10 with value: 0.75.
[I 2026-04-13 12:57:41,530] Trial 27 finished with value: 0.7 and parameters: {'C': 80.3508704120575, 'penalty': 'l2'}. Best is trial 10 with value: 0.75.
[I 2026-04-13 12:57:41,559] Trial 28 finished with value: 0.65 and parameters: {'C': 19.02670223150126, 'penalty': 'l2'}. Best is trial 10 with value: 0.75.
[I 2026-04-13 12:57:41,585] Trial 29 finished with value: 0.65 and parameters: {'C': 33.30412494526149, 'penalty': 'l2'}. Best is trial 10 with value: 0.75.
[I 2026-04-13 12:57:41,655] A new study created in memory with name: knn
[I 2026-04-13 12:57:41,682] Trial 0 finished with value: 0.6 and parameters: {'n_neighbors': 10, 'leaf_size': 26, 'p': 1}. Best is trial 0 with value: 0.6.
[I 2026-04-13 12:57:41,696] Trial 1 finished with value: 0.65 and parameters: {'n_neighbors': 3, 'leaf_size': 32, 'p': 1}. Best is trial 1 with value: 0.65.
[I 2026-04-13 12:57:41,710] Trial 2 finished with value: 0.5 and parameters: {'n_neighbors': 5, 'leaf_size': 33, 'p': 2}. Best is trial 1 with value: 0.65.
[I 2026-04-13 12:57:41,723] Trial 3 finished with value: 0.65 and parameters: {'n_neighbors': 7, 'leaf_size': 32, 'p': 2}. Best is trial 1 with value: 0.65.
[I 2026-04-13 12:57:41,737] Trial 4 finished with value: 0.6 and parameters: {'n_neighbors': 9, 'leaf_size': 28, 'p': 1}. Best is trial 1 with value: 0.65.
[I 2026-04-13 12:57:41,751] Trial 5 finished with value: 0.65 and parameters: {'n_neighbors': 3, 'leaf_size': 35, 'p': 1}. Best is trial 1 with value: 0.65.
[I 2026-04-13 12:57:41,765] Trial 6 finished with value: 0.5 and parameters: {'n_neighbors': 8, 'leaf_size': 31, 'p': 2}. Best is trial 1 with value: 0.65.
[I 2026-04-13 12:57:41,778] Trial 7 finished with value: 0.5 and parameters: {'n_neighbors': 6, 'leaf_size': 24, 'p': 2}. Best is trial 1 with value: 0.65.
[I 2026-04-13 12:57:41,794] Trial 8 finished with value: 0.5 and parameters: {'n_neighbors': 5, 'leaf_size': 34, 'p': 2}. Best is trial 1 with value: 0.65.
[I 2026-04-13 12:57:41,809] Trial 9 finished with value: 0.65 and parameters: {'n_neighbors': 10, 'leaf_size': 27, 'p': 2}. Best is trial 1 with value: 0.65.
[I 2026-04-13 12:57:41,834] Trial 10 finished with value: 0.65 and parameters: {'n_neighbors': 3, 'leaf_size': 40, 'p': 1}. Best is trial 1 with value: 0.65.
[I 2026-04-13 12:57:41,859] Trial 11 finished with value: 0.65 and parameters: {'n_neighbors': 7, 'leaf_size': 38, 'p': 1}. Best is trial 1 with value: 0.65.
[I 2026-04-13 12:57:41,886] Trial 12 finished with value: 0.5 and parameters: {'n_neighbors': 5, 'leaf_size': 21, 'p': 2}. Best is trial 1 with value: 0.65.
[I 2026-04-13 12:57:41,920] Trial 13 finished with value: 0.65 and parameters: {'n_neighbors': 7, 'leaf_size': 31, 'p': 1}. Best is trial 1 with value: 0.65.
[I 2026-04-13 12:57:41,947] Trial 14 finished with value: 0.45 and parameters: {'n_neighbors': 8, 'leaf_size': 36, 'p': 1}. Best is trial 1 with value: 0.65.
[I 2026-04-13 12:57:41,973] Trial 15 finished with value: 0.5 and parameters: {'n_neighbors': 4, 'leaf_size': 29, 'p': 2}. Best is trial 1 with value: 0.65.
[I 2026-04-13 12:57:42,009] Trial 16 finished with value: 0.5 and parameters: {'n_neighbors': 6, 'leaf_size': 31, 'p': 2}. Best is trial 1 with value: 0.65.
[I 2026-04-13 12:57:42,031] Trial 17 finished with value: 0.45 and parameters: {'n_neighbors': 8, 'leaf_size': 37, 'p': 1}. Best is trial 1 with value: 0.65.
[I 2026-04-13 12:57:42,057] Trial 18 finished with value: 0.5 and parameters: {'n_neighbors': 4, 'leaf_size': 33, 'p': 1}. Best is trial 1 with value: 0.65.
[I 2026-04-13 12:57:42,080] Trial 19 finished with value: 0.5 and parameters: {'n_neighbors': 4, 'leaf_size': 24, 'p': 2}. Best is trial 1 with value: 0.65.
[I 2026-04-13 12:57:42,106] Trial 20 finished with value: 0.5 and parameters: {'n_neighbors': 6, 'leaf_size': 40, 'p': 1}. Best is trial 1 with value: 0.65.
[I 2026-04-13 12:57:42,137] Trial 21 finished with value: 0.65 and parameters: {'n_neighbors': 3, 'leaf_size': 35, 'p': 1}. Best is trial 1 with value: 0.65.
[I 2026-04-13 12:57:42,163] Trial 22 finished with value: 0.65 and parameters: {'n_neighbors': 3, 'leaf_size': 33, 'p': 1}. Best is trial 1 with value: 0.65.
[I 2026-04-13 12:57:42,200] Trial 23 finished with value: 0.5 and parameters: {'n_neighbors': 4, 'leaf_size': 30, 'p': 1}. Best is trial 1 with value: 0.65.
[I 2026-04-13 12:57:42,228] Trial 24 finished with value: 0.65 and parameters: {'n_neighbors': 3, 'leaf_size': 35, 'p': 1}. Best is trial 1 with value: 0.65.
[I 2026-04-13 12:57:42,249] Trial 25 finished with value: 0.65 and parameters: {'n_neighbors': 7, 'leaf_size': 38, 'p': 1}. Best is trial 1 with value: 0.65.
[I 2026-04-13 12:57:42,274] Trial 26 finished with value: 0.5 and parameters: {'n_neighbors': 5, 'leaf_size': 33, 'p': 2}. Best is trial 1 with value: 0.65.
[I 2026-04-13 12:57:42,295] Trial 27 finished with value: 0.6 and parameters: {'n_neighbors': 9, 'leaf_size': 32, 'p': 1}. Best is trial 1 with value: 0.65.
[I 2026-04-13 12:57:42,320] Trial 28 finished with value: 0.5 and parameters: {'n_neighbors': 4, 'leaf_size': 29, 'p': 2}. Best is trial 1 with value: 0.65.
[I 2026-04-13 12:57:42,341] Trial 29 finished with value: 0.65 and parameters: {'n_neighbors': 3, 'leaf_size': 25, 'p': 1}. Best is trial 1 with value: 0.65.
[I 2026-04-13 12:57:42,389] A new study created in memory with name: xgb
[I 2026-04-13 12:57:42,413] Trial 0 finished with value: 0.45 and parameters: {'n_estimators': 10, 'max_depth': 30, 'gamma': 0.5768356259735394, 'subsample': 0.7094037142783272, 'colsample_bytree': 0.6677039246366646}. Best is trial 0 with value: 0.45.
[I 2026-04-13 12:57:42,449] Trial 1 finished with value: 0.4 and parameters: {'n_estimators': 100, 'max_depth': 30, 'gamma': 0.9912018442360747, 'subsample': 0.9099290984609207, 'colsample_bytree': 0.7066004674080903}. Best is trial 0 with value: 0.45.
[I 2026-04-13 12:57:42,474] Trial 2 finished with value: 0.45 and parameters: {'n_estimators': 10, 'max_depth': 20, 'gamma': 0.7382185757030506, 'subsample': 0.7704684271512641, 'colsample_bytree': 0.5624120871903049}. Best is trial 0 with value: 0.45.
[I 2026-04-13 12:57:42,501] Trial 3 finished with value: 0.4 and parameters: {'n_estimators': 10, 'max_depth': 20, 'gamma': 0.7041784887453524, 'subsample': 0.7995029565695583, 'colsample_bytree': 0.8586660727777565}. Best is trial 0 with value: 0.45.
[I 2026-04-13 12:57:42,529] Trial 4 finished with value: 0.45 and parameters: {'n_estimators': 10, 'max_depth': 20, 'gamma': 0.46549701645255037, 'subsample': 0.9946899241400011, 'colsample_bytree': 0.725249640372583}. Best is trial 0 with value: 0.45.
[I 2026-04-13 12:57:42,568] Trial 5 finished with value: 0.45 and parameters: {'n_estimators': 40, 'max_depth': 20, 'gamma': 0.3554734452019276, 'subsample': 0.5947710951851903, 'colsample_bytree': 0.7356254823676576}. Best is trial 0 with value: 0.45.
[I 2026-04-13 12:57:42,605] Trial 6 finished with value: 0.4 and parameters: {'n_estimators': 40, 'max_depth': 20, 'gamma': 0.8967376717636345, 'subsample': 0.988276510203839, 'colsample_bytree': 0.9184542964535913}. Best is trial 0 with value: 0.45.
[I 2026-04-13 12:57:42,643] Trial 7 finished with value: 0.4 and parameters: {'n_estimators': 40, 'max_depth': 30, 'gamma': 0.7149068474388774, 'subsample': 0.5696358027454862, 'colsample_bytree': 0.8514125286992056}. Best is trial 0 with value: 0.45.
[I 2026-04-13 12:57:42,693] Trial 8 finished with value: 0.35 and parameters: {'n_estimators': 100, 'max_depth': 30, 'gamma': 0.2471398756881566, 'subsample': 0.8241126205332553, 'colsample_bytree': 0.6258070715852391}. Best is trial 0 with value: 0.45.
[I 2026-04-13 12:57:42,721] Trial 9 finished with value: 0.4 and parameters: {'n_estimators': 40, 'max_depth': 30, 'gamma': 0.8599846034069103, 'subsample': 0.8019332783535529, 'colsample_bytree': 0.7936068454878676}. Best is trial 0 with value: 0.45.
[I 2026-04-13 12:57:42,758] Trial 10 finished with value: 0.45 and parameters: {'n_estimators': 10, 'max_depth': 5, 'gamma': 0.11132541504315885, 'subsample': 0.6518824205184826, 'colsample_bytree': 0.5222467176724002}. Best is trial 0 with value: 0.45.
[I 2026-04-13 12:57:42,797] Trial 11 finished with value: 0.45 and parameters: {'n_estimators': 10, 'max_depth': 5, 'gamma': 0.6180222197079145, 'subsample': 0.6968689050111856, 'colsample_bytree': 0.5604830254473679}. Best is trial 0 with value: 0.45.
[I 2026-04-13 12:57:42,847] Trial 12 finished with value: 0.45 and parameters: {'n_estimators': 10, 'max_depth': 30, 'gamma': 0.5077305912019768, 'subsample': 0.7173983192578276, 'colsample_bytree': 0.6339534905975921}. Best is trial 0 with value: 0.45.
[I 2026-04-13 12:57:42,889] Trial 13 finished with value: 0.4 and parameters: {'n_estimators': 10, 'max_depth': 20, 'gamma': 0.7559994211635103, 'subsample': 0.5146749793878775, 'colsample_bytree': 0.6178895405233245}. Best is trial 0 with value: 0.45.
[I 2026-04-13 12:57:42,928] Trial 14 finished with value: 0.45 and parameters: {'n_estimators': 10, 'max_depth': 5, 'gamma': 0.5942098568179459, 'subsample': 0.8940181087620663, 'colsample_bytree': 0.5013541727082262}. Best is trial 0 with value: 0.45.
[I 2026-04-13 12:57:42,967] Trial 15 finished with value: 0.5 and parameters: {'n_estimators': 10, 'max_depth': 30, 'gamma': 0.4015515469066873, 'subsample': 0.6535326418627257, 'colsample_bytree': 0.6604160045764955}. Best is trial 15 with value: 0.5.
[I 2026-04-13 12:57:43,004] Trial 16 finished with value: 0.35 and parameters: {'n_estimators': 100, 'max_depth': 30, 'gamma': 0.3617582142432577, 'subsample': 0.6522359624435273, 'colsample_bytree': 0.671544336487975}. Best is trial 15 with value: 0.5.
[I 2026-04-13 12:57:43,038] Trial 17 finished with value: 0.35 and parameters: {'n_estimators': 10, 'max_depth': 30, 'gamma': 0.40836473167985554, 'subsample': 0.6424803711792956, 'colsample_bytree': 0.9933840889987662}. Best is trial 15 with value: 0.5.
[I 2026-04-13 12:57:43,085] Trial 18 finished with value: 0.45 and parameters: {'n_estimators': 10, 'max_depth': 30, 'gamma': 0.25050147583345395, 'subsample': 0.7222967056938892, 'colsample_bytree': 0.7974021553265087}. Best is trial 15 with value: 0.5.
[I 2026-04-13 12:57:43,132] Trial 19 finished with value: 0.45 and parameters: {'n_estimators': 100, 'max_depth': 30, 'gamma': 0.2554876399452586, 'subsample': 0.5785988883026763, 'colsample_bytree': 0.6741976129345258}. Best is trial 15 with value: 0.5.
[I 2026-04-13 12:57:43,171] Trial 20 finished with value: 0.35 and parameters: {'n_estimators': 10, 'max_depth': 30, 'gamma': 0.5802972025662643, 'subsample': 0.867776782870965, 'colsample_bytree': 0.7718533460366834}. Best is trial 15 with value: 0.5.
[I 2026-04-13 12:57:43,210] Trial 21 finished with value: 0.45 and parameters: {'n_estimators': 10, 'max_depth': 20, 'gamma': 0.7815229390621455, 'subsample': 0.766796359608008, 'colsample_bytree': 0.5837299945201574}. Best is trial 15 with value: 0.5.
[I 2026-04-13 12:57:43,248] Trial 22 finished with value: 0.4 and parameters: {'n_estimators': 10, 'max_depth': 20, 'gamma': 0.655317788273932, 'subsample': 0.6832056136925464, 'colsample_bytree': 0.553701911154253}. Best is trial 15 with value: 0.5.
[I 2026-04-13 12:57:43,299] Trial 23 finished with value: 0.45 and parameters: {'n_estimators': 10, 'max_depth': 5, 'gamma': 0.4928915430960671, 'subsample': 0.7308700970734718, 'colsample_bytree': 0.668357332024631}. Best is trial 15 with value: 0.5.
[I 2026-04-13 12:57:43,353] Trial 24 finished with value: 0.45 and parameters: {'n_estimators': 10, 'max_depth': 30, 'gamma': 0.8300382202009637, 'subsample': 0.7610044649311674, 'colsample_bytree': 0.5946089265120321}. Best is trial 15 with value: 0.5.
[I 2026-04-13 12:57:43,391] Trial 25 finished with value: 0.4 and parameters: {'n_estimators': 10, 'max_depth': 20, 'gamma': 0.5518765706700979, 'subsample': 0.6162494285513659, 'colsample_bytree': 0.6504965023755105}. Best is trial 15 with value: 0.5.
[I 2026-04-13 12:57:43,426] Trial 26 finished with value: 0.45 and parameters: {'n_estimators': 10, 'max_depth': 30, 'gamma': 0.6659685132189155, 'subsample': 0.7687845598212872, 'colsample_bytree': 0.6934346230938604}. Best is trial 15 with value: 0.5.
[I 2026-04-13 12:57:43,465] Trial 27 finished with value: 0.5 and parameters: {'n_estimators': 10, 'max_depth': 30, 'gamma': 0.4496719673076155, 'subsample': 0.5219930912094292, 'colsample_bytree': 0.5398139385303866}. Best is trial 15 with value: 0.5.
[I 2026-04-13 12:57:43,523] Trial 28 finished with value: 0.45 and parameters: {'n_estimators': 100, 'max_depth': 30, 'gamma': 0.42785924576525697, 'subsample': 0.5131021817042626, 'colsample_bytree': 0.5393349364245235}. Best is trial 15 with value: 0.5.
[I 2026-04-13 12:57:43,562] Trial 29 finished with value: 0.35 and parameters: {'n_estimators': 40, 'max_depth': 30, 'gamma': 0.34403621444853916, 'subsample': 0.6803692373690302, 'colsample_bytree': 0.7015240778570783}. Best is trial 15 with value: 0.5.
[I 2026-04-13 12:57:43,652] A new study created in memory with name: rf
[I 2026-04-13 12:57:44,151] Trial 0 finished with value: 0.45 and parameters: {'n_estimators': 458, 'max_depth': 8, 'min_samples_split': 9, 'min_samples_leaf': 1}. Best is trial 0 with value: 0.45.
[I 2026-04-13 12:57:44,339] Trial 1 finished with value: 0.45 and parameters: {'n_estimators': 143, 'max_depth': 13, 'min_samples_split': 6, 'min_samples_leaf': 5}. Best is trial 0 with value: 0.45.
[I 2026-04-13 12:57:44,676] Trial 2 finished with value: 0.5 and parameters: {'n_estimators': 234, 'max_depth': 14, 'min_samples_split': 5, 'min_samples_leaf': 8}. Best is trial 2 with value: 0.5.
[I 2026-04-13 12:57:45,094] Trial 3 finished with value: 0.5 and parameters: {'n_estimators': 307, 'max_depth': 13, 'min_samples_split': 7, 'min_samples_leaf': 10}. Best is trial 2 with value: 0.5.
[I 2026-04-13 12:57:45,634] Trial 4 finished with value: 0.5 and parameters: {'n_estimators': 428, 'max_depth': 10, 'min_samples_split': 9, 'min_samples_leaf': 9}. Best is trial 2 with value: 0.5.
[I 2026-04-13 12:57:45,823] Trial 5 finished with value: 0.5 and parameters: {'n_estimators': 121, 'max_depth': 15, 'min_samples_split': 9, 'min_samples_leaf': 8}. Best is trial 2 with value: 0.5.
[I 2026-04-13 12:57:46,323] Trial 6 finished with value: 0.5 and parameters: {'n_estimators': 384, 'max_depth': 12, 'min_samples_split': 3, 'min_samples_leaf': 10}. Best is trial 2 with value: 0.5.
[I 2026-04-13 12:57:46,691] Trial 7 finished with value: 0.5 and parameters: {'n_estimators': 261, 'max_depth': 6, 'min_samples_split': 8, 'min_samples_leaf': 10}. Best is trial 2 with value: 0.5.
[I 2026-04-13 12:57:47,000] Trial 8 finished with value: 0.5 and parameters: {'n_estimators': 202, 'max_depth': 15, 'min_samples_split': 7, 'min_samples_leaf': 8}. Best is trial 2 with value: 0.5.
[I 2026-04-13 12:57:47,571] Trial 9 finished with value: 0.45 and parameters: {'n_estimators': 475, 'max_depth': 9, 'min_samples_split': 4, 'min_samples_leaf': 5}. Best is trial 2 with value: 0.5.
[I 2026-04-13 12:57:47,971] Trial 10 finished with value: 0.45 and parameters: {'n_estimators': 324, 'max_depth': 20, 'min_samples_split': 2, 'min_samples_leaf': 3}. Best is trial 2 with value: 0.5.
[I 2026-04-13 12:57:48,383] Trial 11 finished with value: 0.5 and parameters: {'n_estimators': 286, 'max_depth': 18, 'min_samples_split': 5, 'min_samples_leaf': 7}. Best is trial 2 with value: 0.5.
[I 2026-04-13 12:57:48,757] Trial 12 finished with value: 0.5 and parameters: {'n_estimators': 227, 'max_depth': 16, 'min_samples_split': 6, 'min_samples_leaf': 7}. Best is trial 2 with value: 0.5.
[I 2026-04-13 12:57:49,242] Trial 13 finished with value: 0.5 and parameters: {'n_estimators': 351, 'max_depth': 3, 'min_samples_split': 5, 'min_samples_leaf': 10}. Best is trial 2 with value: 0.5.
[I 2026-04-13 12:57:49,543] Trial 14 finished with value: 0.5 and parameters: {'n_estimators': 186, 'max_depth': 13, 'min_samples_split': 7, 'min_samples_leaf': 7}. Best is trial 2 with value: 0.5.
[I 2026-04-13 12:57:49,925] Trial 15 finished with value: 0.5 and parameters: {'n_estimators': 261, 'max_depth': 17, 'min_samples_split': 4, 'min_samples_leaf': 9}. Best is trial 2 with value: 0.5.
[I 2026-04-13 12:57:50,390] Trial 16 finished with value: 0.4 and parameters: {'n_estimators': 365, 'max_depth': 11, 'min_samples_split': 10, 'min_samples_leaf': 6}. Best is trial 2 with value: 0.5.
[I 2026-04-13 12:57:50,780] Trial 17 finished with value: 0.5 and parameters: {'n_estimators': 308, 'max_depth': 14, 'min_samples_split': 7, 'min_samples_leaf': 9}. Best is trial 2 with value: 0.5.
[I 2026-04-13 12:57:51,316] Trial 18 finished with value: 0.5 and parameters: {'n_estimators': 407, 'max_depth': 19, 'min_samples_split': 5, 'min_samples_leaf': 8}. Best is trial 2 with value: 0.5.
[I 2026-04-13 12:57:51,716] Trial 19 finished with value: 0.45 and parameters: {'n_estimators': 231, 'max_depth': 7, 'min_samples_split': 6, 'min_samples_leaf': 4}. Best is trial 2 with value: 0.5.
[I 2026-04-13 12:57:52,024] Trial 20 finished with value: 0.55 and parameters: {'n_estimators': 167, 'max_depth': 5, 'min_samples_split': 2, 'min_samples_leaf': 6}. Best is trial 20 with value: 0.55.
[I 2026-04-13 12:57:52,326] Trial 21 finished with value: 0.4 and parameters: {'n_estimators': 182, 'max_depth': 3, 'min_samples_split': 2, 'min_samples_leaf': 6}. Best is trial 20 with value: 0.55.
