[I 2026-04-13 13:00:45,675] Trial 16 finished with value: 0.5 and parameters: {'n_estimators': 145, 'max_depth': 18, 'min_samples_split': 5, 'min_samples_leaf': 9}. Best is trial 0 with value: 0.5.
[I 2026-04-13 13:00:45,966] Trial 17 finished with value: 0.4 and parameters: {'n_estimators': 234, 'max_depth': 7, 'min_samples_split': 8, 'min_samples_leaf': 6}. Best is trial 0 with value: 0.5.
[I 2026-04-13 13:00:46,437] Trial 18 finished with value: 0.5 and parameters: {'n_estimators': 307, 'max_depth': 13, 'min_samples_split': 7, 'min_samples_leaf': 9}. Best is trial 0 with value: 0.5.
[I 2026-04-13 13:00:46,719] Trial 19 finished with value: 0.35 and parameters: {'n_estimators': 168, 'max_depth': 9, 'min_samples_split': 4, 'min_samples_leaf': 4}. Best is trial 0 with value: 0.5.
[I 2026-04-13 13:00:46,933] Trial 20 finished with value: 0.5 and parameters: {'n_estimators': 101, 'max_depth': 17, 'min_samples_split': 6, 'min_samples_leaf': 7}. Best is trial 0 with value: 0.5.
[I 2026-04-13 13:00:47,329] Trial 21 finished with value: 0.5 and parameters: {'n_estimators': 270, 'max_depth': 3, 'min_samples_split': 4, 'min_samples_leaf': 10}. Best is trial 0 with value: 0.5.
[I 2026-04-13 13:00:47,655] Trial 22 finished with value: 0.5 and parameters: {'n_estimators': 228, 'max_depth': 3, 'min_samples_split': 2, 'min_samples_leaf': 10}. Best is trial 0 with value: 0.5.
[I 2026-04-13 13:00:48,040] Trial 23 finished with value: 0.5 and parameters: {'n_estimators': 307, 'max_depth': 5, 'min_samples_split': 5, 'min_samples_leaf': 9}. Best is trial 0 with value: 0.5.
[I 2026-04-13 13:00:48,320] Trial 24 finished with value: 0.5 and parameters: {'n_estimators': 174, 'max_depth': 6, 'min_samples_split': 3, 'min_samples_leaf': 10}. Best is trial 0 with value: 0.5.
[I 2026-04-13 13:00:48,556] Trial 25 finished with value: 0.5 and parameters: {'n_estimators': 132, 'max_depth': 9, 'min_samples_split': 3, 'min_samples_leaf': 8}. Best is trial 0 with value: 0.5.
[I 2026-04-13 13:00:48,892] Trial 26 finished with value: 0.5 and parameters: {'n_estimators': 248, 'max_depth': 13, 'min_samples_split': 9, 'min_samples_leaf': 9}. Best is trial 0 with value: 0.5.
[I 2026-04-13 13:00:49,167] Trial 27 finished with value: 0.5 and parameters: {'n_estimators': 198, 'max_depth': 10, 'min_samples_split': 5, 'min_samples_leaf': 10}. Best is trial 0 with value: 0.5.
[I 2026-04-13 13:00:49,655] Trial 28 finished with value: 0.5 and parameters: {'n_estimators': 350, 'max_depth': 20, 'min_samples_split': 4, 'min_samples_leaf': 7}. Best is trial 0 with value: 0.5.
[I 2026-04-13 13:00:49,932] Trial 29 finished with value: 0.5 and parameters: {'n_estimators': 214, 'max_depth': 13, 'min_samples_split': 6, 'min_samples_leaf': 8}. Best is trial 0 with value: 0.5.
[I 2026-04-13 13:00:50,316] A new study created in memory with name: mlp
[I 2026-04-13 13:00:50,430] Trial 0 finished with value: 0.25 and parameters: {'hidden_layer_sizes': (200,), 'max_iter': 100, 'alpha': 0.0001}. Best is trial 0 with value: 0.25.
[I 2026-04-13 13:00:50,544] Trial 1 finished with value: 0.15 and parameters: {'hidden_layer_sizes': (100, 100), 'max_iter': 100, 'alpha': 0.0001}. Best is trial 0 with value: 0.25.
[I 2026-04-13 13:00:50,620] Trial 2 finished with value: 0.25 and parameters: {'hidden_layer_sizes': (200,), 'max_iter': 100, 'alpha': 0.001}. Best is trial 0 with value: 0.25.
[I 2026-04-13 13:00:50,667] Trial 3 finished with value: 0.3 and parameters: {'hidden_layer_sizes': (100,), 'max_iter': 50, 'alpha': 0.001}. Best is trial 3 with value: 0.3.
[I 2026-04-13 13:00:50,714] Trial 4 finished with value: 0.3 and parameters: {'hidden_layer_sizes': (100,), 'max_iter': 50, 'alpha': 0.0001}. Best is trial 3 with value: 0.3.
[I 2026-04-13 13:00:50,748] Trial 5 finished with value: 0.3 and parameters: {'hidden_layer_sizes': (100,), 'max_iter': 50, 'alpha': 0.0001}. Best is trial 3 with value: 0.3.
[I 2026-04-13 13:00:50,804] Trial 6 finished with value: 0.35 and parameters: {'hidden_layer_sizes': (100,), 'max_iter': 50, 'alpha': 0.0001}. Best is trial 6 with value: 0.35.
[I 2026-04-13 13:00:50,844] Trial 7 finished with value: 0.3 and parameters: {'hidden_layer_sizes': (100,), 'max_iter': 50, 'alpha': 0.0001}. Best is trial 6 with value: 0.35.
[I 2026-04-13 13:00:50,962] Trial 8 finished with value: 0.2 and parameters: {'hidden_layer_sizes': (200,), 'max_iter': 100, 'alpha': 0.0001}. Best is trial 6 with value: 0.35.
[I 2026-04-13 13:00:51,009] Trial 9 finished with value: 0.3 and parameters: {'hidden_layer_sizes': (200,), 'max_iter': 50, 'alpha': 0.0001}. Best is trial 6 with value: 0.35.
[I 2026-04-13 13:00:51,057] Trial 10 finished with value: 0.25 and parameters: {'hidden_layer_sizes': (100, 100), 'max_iter': 50, 'alpha': 0.001}. Best is trial 6 with value: 0.35.
[I 2026-04-13 13:00:51,095] Trial 11 finished with value: 0.35 and parameters: {'hidden_layer_sizes': (100,), 'max_iter': 50, 'alpha': 0.001}. Best is trial 6 with value: 0.35.
[I 2026-04-13 13:00:51,144] Trial 12 finished with value: 0.3 and parameters: {'hidden_layer_sizes': (100,), 'max_iter': 50, 'alpha': 0.001}. Best is trial 6 with value: 0.35.
[I 2026-04-13 13:00:51,193] Trial 13 finished with value: 0.3 and parameters: {'hidden_layer_sizes': (100,), 'max_iter': 50, 'alpha': 0.001}. Best is trial 6 with value: 0.35.
[I 2026-04-13 13:00:51,250] Trial 14 finished with value: 0.3 and parameters: {'hidden_layer_sizes': (100,), 'max_iter': 50, 'alpha': 0.001}. Best is trial 6 with value: 0.35.
[I 2026-04-13 13:00:51,309] Trial 15 finished with value: 0.35 and parameters: {'hidden_layer_sizes': (100,), 'max_iter': 50, 'alpha': 0.001}. Best is trial 6 with value: 0.35.
[I 2026-04-13 13:00:51,358] Trial 16 finished with value: 0.25 and parameters: {'hidden_layer_sizes': (100, 100), 'max_iter': 50, 'alpha': 0.0001}. Best is trial 6 with value: 0.35.
[I 2026-04-13 13:00:51,405] Trial 17 finished with value: 0.35 and parameters: {'hidden_layer_sizes': (100,), 'max_iter': 50, 'alpha': 0.001}. Best is trial 6 with value: 0.35.
[I 2026-04-13 13:00:51,474] Trial 18 finished with value: 0.25 and parameters: {'hidden_layer_sizes': (100,), 'max_iter': 100, 'alpha': 0.001}. Best is trial 6 with value: 0.35.
[I 2026-04-13 13:00:51,533] Trial 19 finished with value: 0.3 and parameters: {'hidden_layer_sizes': (100, 100), 'max_iter': 50, 'alpha': 0.0001}. Best is trial 6 with value: 0.35.
[I 2026-04-13 13:00:51,582] Trial 20 finished with value: 0.35 and parameters: {'hidden_layer_sizes': (100,), 'max_iter': 50, 'alpha': 0.001}. Best is trial 6 with value: 0.35.
[I 2026-04-13 13:00:51,630] Trial 21 finished with value: 0.4 and parameters: {'hidden_layer_sizes': (100,), 'max_iter': 50, 'alpha': 0.001}. Best is trial 21 with value: 0.4.
[I 2026-04-13 13:00:51,677] Trial 22 finished with value: 0.35 and parameters: {'hidden_layer_sizes': (100,), 'max_iter': 50, 'alpha': 0.001}. Best is trial 21 with value: 0.4.
[I 2026-04-13 13:00:51,724] Trial 23 finished with value: 0.3 and parameters: {'hidden_layer_sizes': (100,), 'max_iter': 50, 'alpha': 0.001}. Best is trial 21 with value: 0.4.
[I 2026-04-13 13:00:51,763] Trial 24 finished with value: 0.3 and parameters: {'hidden_layer_sizes': (100,), 'max_iter': 50, 'alpha': 0.001}. Best is trial 21 with value: 0.4.
[I 2026-04-13 13:00:51,811] Trial 25 finished with value: 0.3 and parameters: {'hidden_layer_sizes': (100,), 'max_iter': 50, 'alpha': 0.001}. Best is trial 21 with value: 0.4.
[I 2026-04-13 13:00:51,882] Trial 26 finished with value: 0.3 and parameters: {'hidden_layer_sizes': (100,), 'max_iter': 100, 'alpha': 0.0001}. Best is trial 21 with value: 0.4.
[I 2026-04-13 13:00:51,928] Trial 27 finished with value: 0.3 and parameters: {'hidden_layer_sizes': (100,), 'max_iter': 50, 'alpha': 0.001}. Best is trial 21 with value: 0.4.
[I 2026-04-13 13:00:51,986] Trial 28 finished with value: 0.25 and parameters: {'hidden_layer_sizes': (100, 100), 'max_iter': 50, 'alpha': 0.0001}. Best is trial 21 with value: 0.4.
[I 2026-04-13 13:00:52,064] Trial 29 finished with value: 0.15 and parameters: {'hidden_layer_sizes': (200,), 'max_iter': 100, 'alpha': 0.0001}. Best is trial 21 with value: 0.4.
[I 2026-04-13 13:00:53,601] A new study created in memory with name: naive_bayes
[I 2026-04-13 13:00:53,625] Trial 0 finished with value: 0.5 and parameters: {'var_smoothing': 1.4210736239935712e-10}. Best is trial 0 with value: 0.5.
[I 2026-04-13 13:00:53,637] Trial 1 finished with value: 0.5 and parameters: {'var_smoothing': 3.629422978396398e-09}. Best is trial 0 with value: 0.5.
[I 2026-04-13 13:00:53,650] Trial 2 finished with value: 0.5 and parameters: {'var_smoothing': 7.530407234027127e-10}. Best is trial 0 with value: 0.5.
[I 2026-04-13 13:00:53,662] Trial 3 finished with value: 0.5 and parameters: {'var_smoothing': 2.7985325053380072e-09}. Best is trial 0 with value: 0.5.
[I 2026-04-13 13:00:53,674] Trial 4 finished with value: 0.55 and parameters: {'var_smoothing': 9.036058293737187e-09}. Best is trial 4 with value: 0.55.
[I 2026-04-13 13:00:53,686] Trial 5 finished with value: 0.5 and parameters: {'var_smoothing': 1.1939653980558784e-09}. Best is trial 4 with value: 0.55.
[I 2026-04-13 13:00:53,698] Trial 6 finished with value: 0.5 and parameters: {'var_smoothing': 1.005173261185167e-09}. Best is trial 4 with value: 0.55.
[I 2026-04-13 13:00:53,711] Trial 7 finished with value: 0.5 and parameters: {'var_smoothing': 1.393484899105757e-10}. Best is trial 4 with value: 0.55.
[I 2026-04-13 13:00:53,735] Trial 8 finished with value: 0.5 and parameters: {'var_smoothing': 3.4425317961147986e-10}. Best is trial 4 with value: 0.55.
[I 2026-04-13 13:00:53,759] Trial 9 finished with value: 0.5 and parameters: {'var_smoothing': 9.994590426751933e-10}. Best is trial 4 with value: 0.55.
[I 2026-04-13 13:00:53,795] Trial 10 finished with value: 0.55 and parameters: {'var_smoothing': 7.78926624173165e-09}. Best is trial 4 with value: 0.55.
[I 2026-04-13 13:00:53,810] Trial 11 finished with value: 0.5 and parameters: {'var_smoothing': 7.406323278468359e-09}. Best is trial 4 with value: 0.55.
[I 2026-04-13 13:00:53,827] Trial 12 finished with value: 0.55 and parameters: {'var_smoothing': 9.339163799279356e-09}. Best is trial 4 with value: 0.55.
[I 2026-04-13 13:00:53,843] Trial 13 finished with value: 0.5 and parameters: {'var_smoothing': 4.3714941523508575e-09}. Best is trial 4 with value: 0.55.
[I 2026-04-13 13:00:53,859] Trial 14 finished with value: 0.5 and parameters: {'var_smoothing': 2.4970785595895654e-09}. Best is trial 4 with value: 0.55.
[I 2026-04-13 13:00:53,877] Trial 15 finished with value: 0.5 and parameters: {'var_smoothing': 5.486910441043484e-09}. Best is trial 4 with value: 0.55.
[I 2026-04-13 13:00:53,896] Trial 16 finished with value: 0.5 and parameters: {'var_smoothing': 2.2175743322020415e-09}. Best is trial 4 with value: 0.55.
[I 2026-04-13 13:00:53,914] Trial 17 finished with value: 0.55 and parameters: {'var_smoothing': 9.198533216247374e-09}. Best is trial 4 with value: 0.55.
[I 2026-04-13 13:00:53,930] Trial 18 finished with value: 0.5 and parameters: {'var_smoothing': 5.815701847343072e-09}. Best is trial 4 with value: 0.55.
[I 2026-04-13 13:00:53,949] Trial 19 finished with value: 0.5 and parameters: {'var_smoothing': 1.772367681891495e-09}. Best is trial 4 with value: 0.55.
[I 2026-04-13 13:00:53,981] Trial 20 finished with value: 0.5 and parameters: {'var_smoothing': 3.470153953813221e-09}. Best is trial 4 with value: 0.55.
[I 2026-04-13 13:00:53,998] Trial 21 finished with value: 0.55 and parameters: {'var_smoothing': 9.456963609079007e-09}. Best is trial 4 with value: 0.55.
[I 2026-04-13 13:00:54,018] Trial 22 finished with value: 0.5 and parameters: {'var_smoothing': 6.236550101242757e-09}. Best is trial 4 with value: 0.55.
[I 2026-04-13 13:00:54,037] Trial 23 finished with value: 0.55 and parameters: {'var_smoothing': 9.907213652954656e-09}. Best is trial 4 with value: 0.55.
[I 2026-04-13 13:00:54,054] Trial 24 finished with value: 0.5 and parameters: {'var_smoothing': 5.142682457305965e-10}. Best is trial 4 with value: 0.55.
[I 2026-04-13 13:00:54,073] Trial 25 finished with value: 0.5 and parameters: {'var_smoothing': 4.337530760964479e-09}. Best is trial 4 with value: 0.55.
[I 2026-04-13 13:00:54,095] Trial 26 finished with value: 0.5 and parameters: {'var_smoothing': 7.199051095883571e-09}. Best is trial 4 with value: 0.55.
[I 2026-04-13 13:00:54,115] Trial 27 finished with value: 0.5 and parameters: {'var_smoothing': 1.589571551473512e-09}. Best is trial 4 with value: 0.55.
[I 2026-04-13 13:00:54,134] Trial 28 finished with value: 0.5 and parameters: {'var_smoothing': 4.694062773159823e-09}. Best is trial 4 with value: 0.55.
[I 2026-04-13 13:00:54,153] Trial 29 finished with value: 0.5 and parameters: {'var_smoothing': 2.6193491856269964e-10}. Best is trial 4 with value: 0.55.
[I 2026-04-13 13:00:54,190] A new study created in memory with name: logreg
[I 2026-04-13 13:00:54,214] Trial 0 finished with value: 0.25 and parameters: {'C': 0.002407362254570802, 'penalty': 'l2'}. Best is trial 0 with value: 0.25.
[I 2026-04-13 13:00:54,251] Trial 1 finished with value: 0.35 and parameters: {'C': 7.935859334260497, 'penalty': 'l2'}. Best is trial 1 with value: 0.35.
[I 2026-04-13 13:00:54,265] Trial 2 finished with value: 0.35 and parameters: {'C': 0.15561310098067915, 'penalty': 'l2'}. Best is trial 1 with value: 0.35.
[I 2026-04-13 13:00:54,290] Trial 3 finished with value: 0.35 and parameters: {'C': 4.143104515916128, 'penalty': 'l2'}. Best is trial 1 with value: 0.35.
[I 2026-04-13 13:00:54,313] Trial 4 finished with value: 0.4 and parameters: {'C': 77.61533923098803, 'penalty': 'l2'}. Best is trial 4 with value: 0.4.
[I 2026-04-13 13:00:54,336] Trial 5 finished with value: 0.4 and parameters: {'C': 0.49258292359934785, 'penalty': 'l2'}. Best is trial 4 with value: 0.4.
[I 2026-04-13 13:00:54,359] Trial 6 finished with value: 0.35 and parameters: {'C': 0.320333470047146, 'penalty': 'l2'}. Best is trial 4 with value: 0.4.
[I 2026-04-13 13:00:54,372] Trial 7 finished with value: 0.25 and parameters: {'C': 0.002292216671132896, 'penalty': 'l2'}. Best is trial 4 with value: 0.4.
[I 2026-04-13 13:00:54,386] Trial 8 finished with value: 0.25 and parameters: {'C': 0.0219884643872214, 'penalty': 'l2'}. Best is trial 4 with value: 0.4.
[I 2026-04-13 13:00:54,412] Trial 9 finished with value: 0.35 and parameters: {'C': 0.31580027519646636, 'penalty': 'l2'}. Best is trial 4 with value: 0.4.
[I 2026-04-13 13:00:54,440] Trial 10 finished with value: 0.35 and parameters: {'C': 53.54776778233864, 'penalty': 'l2'}. Best is trial 4 with value: 0.4.
[I 2026-04-13 13:00:54,469] Trial 11 finished with value: 0.35 and parameters: {'C': 47.207028224457765, 'penalty': 'l2'}. Best is trial 4 with value: 0.4.
[I 2026-04-13 13:00:54,494] Trial 12 finished with value: 0.35 and parameters: {'C': 4.839756268720429, 'penalty': 'l2'}. Best is trial 4 with value: 0.4.
[I 2026-04-13 13:00:54,526] Trial 13 finished with value: 0.3 and parameters: {'C': 0.04143668725301306, 'penalty': 'l2'}. Best is trial 4 with value: 0.4.
[I 2026-04-13 13:00:54,553] Trial 14 finished with value: 0.35 and parameters: {'C': 1.3284798527332573, 'penalty': 'l2'}. Best is trial 4 with value: 0.4.
[I 2026-04-13 13:00:54,579] Trial 15 finished with value: 0.35 and parameters: {'C': 17.404656892021965, 'penalty': 'l2'}. Best is trial 4 with value: 0.4.
[I 2026-04-13 13:00:54,608] Trial 16 finished with value: 0.35 and parameters: {'C': 1.1530305688834153, 'penalty': 'l2'}. Best is trial 4 with value: 0.4.
[I 2026-04-13 13:00:54,624] Trial 17 finished with value: 0.25 and parameters: {'C': 0.008595034246650396, 'penalty': 'l2'}. Best is trial 4 with value: 0.4.
[I 2026-04-13 13:00:54,650] Trial 18 finished with value: 0.45 and parameters: {'C': 87.62149261235483, 'penalty': 'l2'}. Best is trial 18 with value: 0.45.
[I 2026-04-13 13:00:54,681] Trial 19 finished with value: 0.45 and parameters: {'C': 90.52330083643021, 'penalty': 'l2'}. Best is trial 18 with value: 0.45.
[I 2026-04-13 13:00:54,718] Trial 20 finished with value: 0.35 and parameters: {'C': 20.052362258672694, 'penalty': 'l2'}. Best is trial 18 with value: 0.45.
[I 2026-04-13 13:00:54,756] Trial 21 finished with value: 0.4 and parameters: {'C': 76.62452635602546, 'penalty': 'l2'}. Best is trial 18 with value: 0.45.
[I 2026-04-13 13:00:54,786] Trial 22 finished with value: 0.35 and parameters: {'C': 20.65269919498672, 'penalty': 'l2'}. Best is trial 18 with value: 0.45.
[I 2026-04-13 13:00:54,815] Trial 23 finished with value: 0.45 and parameters: {'C': 97.75321970732574, 'penalty': 'l2'}. Best is trial 18 with value: 0.45.
[I 2026-04-13 13:00:54,844] Trial 24 finished with value: 0.45 and parameters: {'C': 97.04748650205728, 'penalty': 'l2'}. Best is trial 18 with value: 0.45.
[I 2026-04-13 13:00:54,874] Trial 25 finished with value: 0.35 and parameters: {'C': 12.008941673116794, 'penalty': 'l2'}. Best is trial 18 with value: 0.45.
[I 2026-04-13 13:00:54,902] Trial 26 finished with value: 0.35 and parameters: {'C': 31.54899688017859, 'penalty': 'l2'}. Best is trial 18 with value: 0.45.
[I 2026-04-13 13:00:54,932] Trial 27 finished with value: 0.35 and parameters: {'C': 3.7246319478922363, 'penalty': 'l2'}. Best is trial 18 with value: 0.45.
[I 2026-04-13 13:00:54,963] Trial 28 finished with value: 0.35 and parameters: {'C': 1.519671852804456, 'penalty': 'l2'}. Best is trial 18 with value: 0.45.
[I 2026-04-13 13:00:54,991] Trial 29 finished with value: 0.35 and parameters: {'C': 34.883437236831035, 'penalty': 'l2'}. Best is trial 18 with value: 0.45.
[I 2026-04-13 13:00:55,042] A new study created in memory with name: knn
[I 2026-04-13 13:00:55,056] Trial 0 finished with value: 0.35 and parameters: {'n_neighbors': 3, 'leaf_size': 36, 'p': 2}. Best is trial 0 with value: 0.35.
[I 2026-04-13 13:00:55,078] Trial 1 finished with value: 0.4 and parameters: {'n_neighbors': 10, 'leaf_size': 31, 'p': 1}. Best is trial 1 with value: 0.4.
[I 2026-04-13 13:00:55,092] Trial 2 finished with value: 0.3 and parameters: {'n_neighbors': 5, 'leaf_size': 30, 'p': 2}. Best is trial 1 with value: 0.4.
[I 2026-04-13 13:00:55,107] Trial 3 finished with value: 0.35 and parameters: {'n_neighbors': 6, 'leaf_size': 21, 'p': 2}. Best is trial 1 with value: 0.4.
[I 2026-04-13 13:00:55,121] Trial 4 finished with value: 0.3 and parameters: {'n_neighbors': 4, 'leaf_size': 29, 'p': 1}. Best is trial 1 with value: 0.4.
[I 2026-04-13 13:00:55,137] Trial 5 finished with value: 0.35 and parameters: {'n_neighbors': 7, 'leaf_size': 39, 'p': 2}. Best is trial 1 with value: 0.4.
[I 2026-04-13 13:00:55,153] Trial 6 finished with value: 0.35 and parameters: {'n_neighbors': 10, 'leaf_size': 22, 'p': 2}. Best is trial 1 with value: 0.4.
[I 2026-04-13 13:00:55,166] Trial 7 finished with value: 0.25 and parameters: {'n_neighbors': 8, 'leaf_size': 29, 'p': 2}. Best is trial 1 with value: 0.4.
[I 2026-04-13 13:00:55,180] Trial 8 finished with value: 0.3 and parameters: {'n_neighbors': 5, 'leaf_size': 30, 'p': 2}. Best is trial 1 with value: 0.4.
[I 2026-04-13 13:00:55,195] Trial 9 finished with value: 0.45 and parameters: {'n_neighbors': 9, 'leaf_size': 26, 'p': 1}. Best is trial 9 with value: 0.45.
[I 2026-04-13 13:00:55,220] Trial 10 finished with value: 0.35 and parameters: {'n_neighbors': 8, 'leaf_size': 25, 'p': 1}. Best is trial 9 with value: 0.45.
[I 2026-04-13 13:00:55,243] Trial 11 finished with value: 0.4 and parameters: {'n_neighbors': 10, 'leaf_size': 34, 'p': 1}. Best is trial 9 with value: 0.45.
[I 2026-04-13 13:00:55,277] Trial 12 finished with value: 0.45 and parameters: {'n_neighbors': 9, 'leaf_size': 26, 'p': 1}. Best is trial 9 with value: 0.45.
[I 2026-04-13 13:00:55,304] Trial 13 finished with value: 0.35 and parameters: {'n_neighbors': 8, 'leaf_size': 25, 'p': 1}. Best is trial 9 with value: 0.45.
[I 2026-04-13 13:00:55,341] Trial 14 finished with value: 0.45 and parameters: {'n_neighbors': 9, 'leaf_size': 24, 'p': 1}. Best is trial 9 with value: 0.45.
[I 2026-04-13 13:00:55,381] Trial 15 finished with value: 0.45 and parameters: {'n_neighbors': 9, 'leaf_size': 26, 'p': 1}. Best is trial 9 with value: 0.45.
[I 2026-04-13 13:00:55,403] Trial 16 finished with value: 0.4 and parameters: {'n_neighbors': 7, 'leaf_size': 27, 'p': 1}. Best is trial 9 with value: 0.45.
[I 2026-04-13 13:00:55,438] Trial 17 finished with value: 0.45 and parameters: {'n_neighbors': 9, 'leaf_size': 20, 'p': 1}. Best is trial 9 with value: 0.45.
[I 2026-04-13 13:00:55,461] Trial 18 finished with value: 0.3 and parameters: {'n_neighbors': 6, 'leaf_size': 33, 'p': 1}. Best is trial 9 with value: 0.45.
[I 2026-04-13 13:00:55,493] Trial 19 finished with value: 0.45 and parameters: {'n_neighbors': 9, 'leaf_size': 23, 'p': 1}. Best is trial 9 with value: 0.45.
[I 2026-04-13 13:00:55,516] Trial 20 finished with value: 0.35 and parameters: {'n_neighbors': 8, 'leaf_size': 27, 'p': 1}. Best is trial 9 with value: 0.45.
[I 2026-04-13 13:00:55,540] Trial 21 finished with value: 0.45 and parameters: {'n_neighbors': 9, 'leaf_size': 24, 'p': 1}. Best is trial 9 with value: 0.45.
[I 2026-04-13 13:00:55,561] Trial 22 finished with value: 0.4 and parameters: {'n_neighbors': 10, 'leaf_size': 23, 'p': 1}. Best is trial 9 with value: 0.45.
[I 2026-04-13 13:00:55,584] Trial 23 finished with value: 0.45 and parameters: {'n_neighbors': 9, 'leaf_size': 27, 'p': 1}. Best is trial 9 with value: 0.45.
[I 2026-04-13 13:00:55,609] Trial 24 finished with value: 0.4 and parameters: {'n_neighbors': 7, 'leaf_size': 28, 'p': 1}. Best is trial 9 with value: 0.45.
[I 2026-04-13 13:00:55,636] Trial 25 finished with value: 0.35 and parameters: {'n_neighbors': 8, 'leaf_size': 25, 'p': 1}. Best is trial 9 with value: 0.45.
[I 2026-04-13 13:00:55,663] Trial 26 finished with value: 0.45 and parameters: {'n_neighbors': 9, 'leaf_size': 22, 'p': 1}. Best is trial 9 with value: 0.45.
