[I 2026-04-13 13:06:24,260] Trial 11 finished with value: 0.6 and parameters: {'n_estimators': 10, 'max_depth': 20, 'gamma': 0.10971558198642331, 'subsample': 0.5181444814558605, 'colsample_bytree': 0.7152219744205759}. Best is trial 10 with value: 0.6.
[I 2026-04-13 13:06:24,311] Trial 12 finished with value: 0.6 and parameters: {'n_estimators': 10, 'max_depth': 20, 'gamma': 0.10328581656733987, 'subsample': 0.5021169570259245, 'colsample_bytree': 0.7015267840657423}. Best is trial 10 with value: 0.6.
[I 2026-04-13 13:06:24,347] Trial 13 finished with value: 0.45 and parameters: {'n_estimators': 10, 'max_depth': 20, 'gamma': 0.11632290312367415, 'subsample': 0.5477428144222678, 'colsample_bytree': 0.774665187620459}. Best is trial 10 with value: 0.6.
[I 2026-04-13 13:06:24,395] Trial 14 finished with value: 0.4 and parameters: {'n_estimators': 10, 'max_depth': 20, 'gamma': 0.2968145048188663, 'subsample': 0.505927111171702, 'colsample_bytree': 0.6306080449973808}. Best is trial 10 with value: 0.6.
[I 2026-04-13 13:06:24,444] Trial 15 finished with value: 0.6 and parameters: {'n_estimators': 10, 'max_depth': 20, 'gamma': 0.2679551948211639, 'subsample': 0.6358922277683656, 'colsample_bytree': 0.7803712703316475}. Best is trial 10 with value: 0.6.
[I 2026-04-13 13:06:24,491] Trial 16 finished with value: 0.5 and parameters: {'n_estimators': 10, 'max_depth': 20, 'gamma': 0.37347207008262795, 'subsample': 0.563112515983929, 'colsample_bytree': 0.63596062858317}. Best is trial 10 with value: 0.6.
[I 2026-04-13 13:06:24,537] Trial 17 finished with value: 0.4 and parameters: {'n_estimators': 10, 'max_depth': 20, 'gamma': 0.1826819264199889, 'subsample': 0.8238459271139825, 'colsample_bytree': 0.649695143412728}. Best is trial 10 with value: 0.6.
[I 2026-04-13 13:06:24,582] Trial 18 finished with value: 0.55 and parameters: {'n_estimators': 10, 'max_depth': 20, 'gamma': 0.7847295501624312, 'subsample': 0.6818145228699715, 'colsample_bytree': 0.727926624449361}. Best is trial 10 with value: 0.6.
[I 2026-04-13 13:06:24,630] Trial 19 finished with value: 0.5 and parameters: {'n_estimators': 10, 'max_depth': 20, 'gamma': 0.1967857214791974, 'subsample': 0.8185773546682478, 'colsample_bytree': 0.8092517476357086}. Best is trial 10 with value: 0.6.
[I 2026-04-13 13:06:24,689] Trial 20 finished with value: 0.6 and parameters: {'n_estimators': 10, 'max_depth': 20, 'gamma': 0.3930495762842348, 'subsample': 0.6635370098172514, 'colsample_bytree': 0.6735309668835537}. Best is trial 10 with value: 0.6.
[I 2026-04-13 13:06:24,739] Trial 21 finished with value: 0.5 and parameters: {'n_estimators': 10, 'max_depth': 20, 'gamma': 0.10023845204524108, 'subsample': 0.503625261537361, 'colsample_bytree': 0.7025899308316228}. Best is trial 10 with value: 0.6.
[I 2026-04-13 13:06:24,774] Trial 22 finished with value: 0.5 and parameters: {'n_estimators': 10, 'max_depth': 20, 'gamma': 0.16990402626361312, 'subsample': 0.5473762569297871, 'colsample_bytree': 0.5839932870077231}. Best is trial 10 with value: 0.6.
[I 2026-04-13 13:06:24,808] Trial 23 finished with value: 0.5 and parameters: {'n_estimators': 10, 'max_depth': 20, 'gamma': 0.343599458384389, 'subsample': 0.500201302627566, 'colsample_bytree': 0.7528393538494665}. Best is trial 10 with value: 0.6.
[I 2026-04-13 13:06:24,848] Trial 24 finished with value: 0.45 and parameters: {'n_estimators': 10, 'max_depth': 20, 'gamma': 0.21255069628402257, 'subsample': 0.578697321592896, 'colsample_bytree': 0.5947544913597737}. Best is trial 10 with value: 0.6.
[I 2026-04-13 13:06:24,892] Trial 25 finished with value: 0.5 and parameters: {'n_estimators': 40, 'max_depth': 20, 'gamma': 0.11689133459950143, 'subsample': 0.5379400919435978, 'colsample_bytree': 0.676680827502873}. Best is trial 10 with value: 0.6.
[I 2026-04-13 13:06:24,918] Trial 26 finished with value: 0.4 and parameters: {'n_estimators': 10, 'max_depth': 20, 'gamma': 0.2365090762967462, 'subsample': 0.5983267899291893, 'colsample_bytree': 0.8125869679433866}. Best is trial 10 with value: 0.6.
[I 2026-04-13 13:06:24,972] Trial 27 finished with value: 0.6 and parameters: {'n_estimators': 10, 'max_depth': 20, 'gamma': 0.32069670903308295, 'subsample': 0.52424248973584, 'colsample_bytree': 0.7372299257541252}. Best is trial 10 with value: 0.6.
[I 2026-04-13 13:06:25,017] Trial 28 finished with value: 0.5 and parameters: {'n_estimators': 10, 'max_depth': 5, 'gamma': 0.4081359272503368, 'subsample': 0.7858998707689865, 'colsample_bytree': 0.6879092820810763}. Best is trial 10 with value: 0.6.
[I 2026-04-13 13:06:25,070] Trial 29 finished with value: 0.45 and parameters: {'n_estimators': 40, 'max_depth': 30, 'gamma': 0.44049499942638715, 'subsample': 0.6302846408712189, 'colsample_bytree': 0.766709866211584}. Best is trial 10 with value: 0.6.
[I 2026-04-13 13:06:27,482] A new study created in memory with name: rf
[I 2026-04-13 13:06:27,647] Trial 0 finished with value: 0.2 and parameters: {'n_estimators': 104, 'max_depth': 12, 'min_samples_split': 6, 'min_samples_leaf': 2}. Best is trial 0 with value: 0.2.
[I 2026-04-13 13:06:27,884] Trial 1 finished with value: 0.25 and parameters: {'n_estimators': 156, 'max_depth': 6, 'min_samples_split': 5, 'min_samples_leaf': 3}. Best is trial 1 with value: 0.25.
[I 2026-04-13 13:06:28,071] Trial 2 finished with value: 0.5 and parameters: {'n_estimators': 133, 'max_depth': 9, 'min_samples_split': 3, 'min_samples_leaf': 9}. Best is trial 2 with value: 0.5.
[I 2026-04-13 13:06:28,670] Trial 3 finished with value: 0.4 and parameters: {'n_estimators': 481, 'max_depth': 3, 'min_samples_split': 8, 'min_samples_leaf': 6}. Best is trial 2 with value: 0.5.
[I 2026-04-13 13:06:29,213] Trial 4 finished with value: 0.5 and parameters: {'n_estimators': 460, 'max_depth': 15, 'min_samples_split': 6, 'min_samples_leaf': 8}. Best is trial 2 with value: 0.5.
[I 2026-04-13 13:06:29,542] Trial 5 finished with value: 0.25 and parameters: {'n_estimators': 254, 'max_depth': 15, 'min_samples_split': 9, 'min_samples_leaf': 5}. Best is trial 2 with value: 0.5.
[I 2026-04-13 13:06:30,139] Trial 6 finished with value: 0.25 and parameters: {'n_estimators': 477, 'max_depth': 17, 'min_samples_split': 10, 'min_samples_leaf': 2}. Best is trial 2 with value: 0.5.
[I 2026-04-13 13:06:30,576] Trial 7 finished with value: 0.5 and parameters: {'n_estimators': 308, 'max_depth': 20, 'min_samples_split': 7, 'min_samples_leaf': 9}. Best is trial 2 with value: 0.5.
[I 2026-04-13 13:06:31,198] Trial 8 finished with value: 0.5 and parameters: {'n_estimators': 489, 'max_depth': 6, 'min_samples_split': 4, 'min_samples_leaf': 9}. Best is trial 2 with value: 0.5.
[I 2026-04-13 13:06:31,780] Trial 9 finished with value: 0.2 and parameters: {'n_estimators': 463, 'max_depth': 16, 'min_samples_split': 5, 'min_samples_leaf': 5}. Best is trial 2 with value: 0.5.
[I 2026-04-13 13:06:32,142] Trial 10 finished with value: 0.5 and parameters: {'n_estimators': 228, 'max_depth': 10, 'min_samples_split': 2, 'min_samples_leaf': 10}. Best is trial 2 with value: 0.5.
[I 2026-04-13 13:06:32,667] Trial 11 finished with value: 0.5 and parameters: {'n_estimators': 397, 'max_depth': 11, 'min_samples_split': 2, 'min_samples_leaf': 7}. Best is trial 2 with value: 0.5.
[I 2026-04-13 13:06:33,162] Trial 12 finished with value: 0.5 and parameters: {'n_estimators': 369, 'max_depth': 13, 'min_samples_split': 3, 'min_samples_leaf': 8}. Best is trial 2 with value: 0.5.
[I 2026-04-13 13:06:33,475] Trial 13 finished with value: 0.5 and parameters: {'n_estimators': 196, 'max_depth': 9, 'min_samples_split': 4, 'min_samples_leaf': 10}. Best is trial 2 with value: 0.5.
[I 2026-04-13 13:06:33,942] Trial 14 finished with value: 0.5 and parameters: {'n_estimators': 318, 'max_depth': 8, 'min_samples_split': 7, 'min_samples_leaf': 7}. Best is trial 2 with value: 0.5.
[I 2026-04-13 13:06:34,430] Trial 15 finished with value: 0.5 and parameters: {'n_estimators': 402, 'max_depth': 19, 'min_samples_split': 4, 'min_samples_leaf': 8}. Best is trial 2 with value: 0.5.
[I 2026-04-13 13:06:34,620] Trial 16 finished with value: 0.5 and parameters: {'n_estimators': 107, 'max_depth': 14, 'min_samples_split': 6, 'min_samples_leaf': 8}. Best is trial 2 with value: 0.5.
[I 2026-04-13 13:06:35,001] Trial 17 finished with value: 0.35 and parameters: {'n_estimators': 266, 'max_depth': 18, 'min_samples_split': 3, 'min_samples_leaf': 6}. Best is trial 2 with value: 0.5.
[I 2026-04-13 13:06:35,440] Trial 18 finished with value: 0.15 and parameters: {'n_estimators': 351, 'max_depth': 6, 'min_samples_split': 7, 'min_samples_leaf': 4}. Best is trial 2 with value: 0.5.
[I 2026-04-13 13:06:35,717] Trial 19 finished with value: 0.5 and parameters: {'n_estimators': 166, 'max_depth': 13, 'min_samples_split': 5, 'min_samples_leaf': 9}. Best is trial 2 with value: 0.5.
[I 2026-04-13 13:06:36,264] Trial 20 finished with value: 0.5 and parameters: {'n_estimators': 408, 'max_depth': 3, 'min_samples_split': 8, 'min_samples_leaf': 7}. Best is trial 2 with value: 0.5.
[I 2026-04-13 13:06:36,716] Trial 21 finished with value: 0.5 and parameters: {'n_estimators': 291, 'max_depth': 19, 'min_samples_split': 7, 'min_samples_leaf': 9}. Best is trial 2 with value: 0.5.
[I 2026-04-13 13:06:37,037] Trial 22 finished with value: 0.5 and parameters: {'n_estimators': 218, 'max_depth': 20, 'min_samples_split': 9, 'min_samples_leaf': 10}. Best is trial 2 with value: 0.5.
[I 2026-04-13 13:06:37,628] Trial 23 finished with value: 0.5 and parameters: {'n_estimators': 444, 'max_depth': 16, 'min_samples_split': 8, 'min_samples_leaf': 9}. Best is trial 2 with value: 0.5.
[I 2026-04-13 13:06:38,130] Trial 24 finished with value: 0.5 and parameters: {'n_estimators': 330, 'max_depth': 9, 'min_samples_split': 6, 'min_samples_leaf': 8}. Best is trial 2 with value: 0.5.
[I 2026-04-13 13:06:38,517] Trial 25 finished with value: 0.5 and parameters: {'n_estimators': 292, 'max_depth': 20, 'min_samples_split': 7, 'min_samples_leaf': 10}. Best is trial 2 with value: 0.5.
[I 2026-04-13 13:06:39,105] Trial 26 finished with value: 0.45 and parameters: {'n_estimators': 433, 'max_depth': 17, 'min_samples_split': 3, 'min_samples_leaf': 7}. Best is trial 2 with value: 0.5.
[I 2026-04-13 13:06:39,358] Trial 27 finished with value: 0.5 and parameters: {'n_estimators': 147, 'max_depth': 11, 'min_samples_split': 10, 'min_samples_leaf': 9}. Best is trial 2 with value: 0.5.
[I 2026-04-13 13:06:39,838] Trial 28 finished with value: 0.25 and parameters: {'n_estimators': 365, 'max_depth': 15, 'min_samples_split': 6, 'min_samples_leaf': 1}. Best is trial 2 with value: 0.5.
[I 2026-04-13 13:06:40,048] Trial 29 finished with value: 0.5 and parameters: {'n_estimators': 104, 'max_depth': 13, 'min_samples_split': 5, 'min_samples_leaf': 8}. Best is trial 2 with value: 0.5.
[I 2026-04-13 13:06:40,387] A new study created in memory with name: mlp
[I 2026-04-13 13:06:40,473] Trial 0 finished with value: 0.35 and parameters: {'hidden_layer_sizes': (200,), 'max_iter': 100, 'alpha': 0.001}. Best is trial 0 with value: 0.35.
[I 2026-04-13 13:06:40,539] Trial 1 finished with value: 0.25 and parameters: {'hidden_layer_sizes': (100, 100), 'max_iter': 100, 'alpha': 0.0001}. Best is trial 0 with value: 0.35.
[I 2026-04-13 13:06:40,597] Trial 2 finished with value: 0.35 and parameters: {'hidden_layer_sizes': (100, 100), 'max_iter': 50, 'alpha': 0.0001}. Best is trial 0 with value: 0.35.
[I 2026-04-13 13:06:40,642] Trial 3 finished with value: 0.35 and parameters: {'hidden_layer_sizes': (200,), 'max_iter': 50, 'alpha': 0.0001}. Best is trial 0 with value: 0.35.
[I 2026-04-13 13:06:40,729] Trial 4 finished with value: 0.35 and parameters: {'hidden_layer_sizes': (200,), 'max_iter': 100, 'alpha': 0.001}. Best is trial 0 with value: 0.35.
[I 2026-04-13 13:06:40,795] Trial 5 finished with value: 0.35 and parameters: {'hidden_layer_sizes': (200,), 'max_iter': 100, 'alpha': 0.0001}. Best is trial 0 with value: 0.35.
[I 2026-04-13 13:06:40,892] Trial 6 finished with value: 0.3 and parameters: {'hidden_layer_sizes': (100, 100), 'max_iter': 100, 'alpha': 0.001}. Best is trial 0 with value: 0.35.
[I 2026-04-13 13:06:40,947] Trial 7 finished with value: 0.35 and parameters: {'hidden_layer_sizes': (200,), 'max_iter': 50, 'alpha': 0.001}. Best is trial 0 with value: 0.35.
[I 2026-04-13 13:06:41,015] Trial 8 finished with value: 0.3 and parameters: {'hidden_layer_sizes': (100,), 'max_iter': 100, 'alpha': 0.001}. Best is trial 0 with value: 0.35.
[I 2026-04-13 13:06:41,061] Trial 9 finished with value: 0.4 and parameters: {'hidden_layer_sizes': (200,), 'max_iter': 50, 'alpha': 0.001}. Best is trial 9 with value: 0.4.
[I 2026-04-13 13:06:41,098] Trial 10 finished with value: 0.4 and parameters: {'hidden_layer_sizes': (100,), 'max_iter': 50, 'alpha': 0.001}. Best is trial 9 with value: 0.4.
[I 2026-04-13 13:06:41,145] Trial 11 finished with value: 0.3 and parameters: {'hidden_layer_sizes': (100,), 'max_iter': 50, 'alpha': 0.001}. Best is trial 9 with value: 0.4.
[I 2026-04-13 13:06:41,182] Trial 12 finished with value: 0.35 and parameters: {'hidden_layer_sizes': (100,), 'max_iter': 50, 'alpha': 0.001}. Best is trial 9 with value: 0.4.
[I 2026-04-13 13:06:41,240] Trial 13 finished with value: 0.35 and parameters: {'hidden_layer_sizes': (100,), 'max_iter': 50, 'alpha': 0.001}. Best is trial 9 with value: 0.4.
[I 2026-04-13 13:06:41,277] Trial 14 finished with value: 0.35 and parameters: {'hidden_layer_sizes': (100,), 'max_iter': 50, 'alpha': 0.001}. Best is trial 9 with value: 0.4.
[I 2026-04-13 13:06:41,337] Trial 15 finished with value: 0.35 and parameters: {'hidden_layer_sizes': (200,), 'max_iter': 50, 'alpha': 0.001}. Best is trial 9 with value: 0.4.
[I 2026-04-13 13:06:41,396] Trial 16 finished with value: 0.3 and parameters: {'hidden_layer_sizes': (100,), 'max_iter': 50, 'alpha': 0.001}. Best is trial 9 with value: 0.4.
[I 2026-04-13 13:06:41,437] Trial 17 finished with value: 0.3 and parameters: {'hidden_layer_sizes': (100,), 'max_iter': 50, 'alpha': 0.001}. Best is trial 9 with value: 0.4.
[I 2026-04-13 13:06:41,484] Trial 18 finished with value: 0.35 and parameters: {'hidden_layer_sizes': (200,), 'max_iter': 50, 'alpha': 0.0001}. Best is trial 9 with value: 0.4.
[I 2026-04-13 13:06:41,541] Trial 19 finished with value: 0.35 and parameters: {'hidden_layer_sizes': (100, 100), 'max_iter': 50, 'alpha': 0.001}. Best is trial 9 with value: 0.4.
[I 2026-04-13 13:06:41,598] Trial 20 finished with value: 0.3 and parameters: {'hidden_layer_sizes': (200,), 'max_iter': 50, 'alpha': 0.001}. Best is trial 9 with value: 0.4.
[I 2026-04-13 13:06:41,668] Trial 21 finished with value: 0.3 and parameters: {'hidden_layer_sizes': (200,), 'max_iter': 100, 'alpha': 0.001}. Best is trial 9 with value: 0.4.
[I 2026-04-13 13:06:41,738] Trial 22 finished with value: 0.35 and parameters: {'hidden_layer_sizes': (200,), 'max_iter': 100, 'alpha': 0.001}. Best is trial 9 with value: 0.4.
[I 2026-04-13 13:06:41,805] Trial 23 finished with value: 0.35 and parameters: {'hidden_layer_sizes': (200,), 'max_iter': 100, 'alpha': 0.001}. Best is trial 9 with value: 0.4.
[I 2026-04-13 13:06:41,876] Trial 24 finished with value: 0.35 and parameters: {'hidden_layer_sizes': (200,), 'max_iter': 100, 'alpha': 0.001}. Best is trial 9 with value: 0.4.
[I 2026-04-13 13:06:41,925] Trial 25 finished with value: 0.35 and parameters: {'hidden_layer_sizes': (100,), 'max_iter': 50, 'alpha': 0.001}. Best is trial 9 with value: 0.4.
[I 2026-04-13 13:06:42,000] Trial 26 finished with value: 0.35 and parameters: {'hidden_layer_sizes': (200,), 'max_iter': 100, 'alpha': 0.0001}. Best is trial 9 with value: 0.4.
[I 2026-04-13 13:06:42,065] Trial 27 finished with value: 0.35 and parameters: {'hidden_layer_sizes': (200,), 'max_iter': 50, 'alpha': 0.001}. Best is trial 9 with value: 0.4.
[I 2026-04-13 13:06:42,174] Trial 28 finished with value: 0.3 and parameters: {'hidden_layer_sizes': (100, 100), 'max_iter': 100, 'alpha': 0.001}. Best is trial 9 with value: 0.4.
[I 2026-04-13 13:06:42,234] Trial 29 finished with value: 0.35 and parameters: {'hidden_layer_sizes': (100,), 'max_iter': 100, 'alpha': 0.0001}. Best is trial 9 with value: 0.4.
[I 2026-04-13 13:06:48,756] A new study created in memory with name: naive_bayes
[I 2026-04-13 13:06:48,780] Trial 0 finished with value: 0.5 and parameters: {'var_smoothing': 1.0489343501429862e-10}. Best is trial 0 with value: 0.5.
[I 2026-04-13 13:06:48,794] Trial 1 finished with value: 0.5 and parameters: {'var_smoothing': 1.0086701860885373e-09}. Best is trial 0 with value: 0.5.
[I 2026-04-13 13:06:48,807] Trial 2 finished with value: 0.5 and parameters: {'var_smoothing': 9.807235097598006e-10}. Best is trial 0 with value: 0.5.
[I 2026-04-13 13:06:48,821] Trial 3 finished with value: 0.5 and parameters: {'var_smoothing': 1.8520770828517824e-10}. Best is trial 0 with value: 0.5.
[I 2026-04-13 13:06:48,835] Trial 4 finished with value: 0.5 and parameters: {'var_smoothing': 1.9240757716714087e-10}. Best is trial 0 with value: 0.5.
[I 2026-04-13 13:06:48,849] Trial 5 finished with value: 0.5 and parameters: {'var_smoothing': 2.736007926537145e-10}. Best is trial 0 with value: 0.5.
[I 2026-04-13 13:06:48,872] Trial 6 finished with value: 0.5 and parameters: {'var_smoothing': 6.87094324185739e-10}. Best is trial 0 with value: 0.5.
[I 2026-04-13 13:06:48,885] Trial 7 finished with value: 0.5 and parameters: {'var_smoothing': 3.134745855231349e-10}. Best is trial 0 with value: 0.5.
[I 2026-04-13 13:06:48,897] Trial 8 finished with value: 0.5 and parameters: {'var_smoothing': 1.4727170077821783e-10}. Best is trial 0 with value: 0.5.
[I 2026-04-13 13:06:48,910] Trial 9 finished with value: 0.5 and parameters: {'var_smoothing': 4.909048017047017e-10}. Best is trial 0 with value: 0.5.
[I 2026-04-13 13:06:48,926] Trial 10 finished with value: 0.5 and parameters: {'var_smoothing': 4.226228455594519e-09}. Best is trial 0 with value: 0.5.
[I 2026-04-13 13:06:48,943] Trial 11 finished with value: 0.5 and parameters: {'var_smoothing': 2.8481546791169343e-09}. Best is trial 0 with value: 0.5.
[I 2026-04-13 13:06:48,959] Trial 12 finished with value: 0.5 and parameters: {'var_smoothing': 1.9032336526904254e-09}. Best is trial 0 with value: 0.5.
[I 2026-04-13 13:06:48,974] Trial 13 finished with value: 0.5 and parameters: {'var_smoothing': 1.6192707465333408e-09}. Best is trial 0 with value: 0.5.
[I 2026-04-13 13:06:48,994] Trial 14 finished with value: 0.5 and parameters: {'var_smoothing': 1.0137193502251743e-10}. Best is trial 0 with value: 0.5.
[I 2026-04-13 13:06:49,025] Trial 15 finished with value: 0.5 and parameters: {'var_smoothing': 7.233291262560306e-09}. Best is trial 0 with value: 0.5.
[I 2026-04-13 13:06:49,042] Trial 16 finished with value: 0.5 and parameters: {'var_smoothing': 5.636880428096003e-10}. Best is trial 0 with value: 0.5.
[I 2026-04-13 13:06:49,074] Trial 17 finished with value: 0.5 and parameters: {'var_smoothing': 1.2682382630515742e-09}. Best is trial 0 with value: 0.5.
[I 2026-04-13 13:06:49,094] Trial 18 finished with value: 0.5 and parameters: {'var_smoothing': 3.934685686653308e-10}. Best is trial 0 with value: 0.5.
[I 2026-04-13 13:06:49,125] Trial 19 finished with value: 0.5 and parameters: {'var_smoothing': 8.419551297505738e-10}. Best is trial 0 with value: 0.5.
[I 2026-04-13 13:06:49,148] Trial 20 finished with value: 0.5 and parameters: {'var_smoothing': 2.608399883647147e-09}. Best is trial 0 with value: 0.5.
[I 2026-04-13 13:06:49,170] Trial 21 finished with value: 0.5 and parameters: {'var_smoothing': 1.1043065925699652e-09}. Best is trial 0 with value: 0.5.
[I 2026-04-13 13:06:49,189] Trial 22 finished with value: 0.5 and parameters: {'var_smoothing': 7.818254747144452e-09}. Best is trial 0 with value: 0.5.
[I 2026-04-13 13:06:49,208] Trial 23 finished with value: 0.5 and parameters: {'var_smoothing': 4.506881416225629e-09}. Best is trial 0 with value: 0.5.
[I 2026-04-13 13:06:49,224] Trial 24 finished with value: 0.5 and parameters: {'var_smoothing': 8.370195589160265e-10}. Best is trial 0 with value: 0.5.
[I 2026-04-13 13:06:49,241] Trial 25 finished with value: 0.5 and parameters: {'var_smoothing': 1.4246564400615985e-09}. Best is trial 0 with value: 0.5.
[I 2026-04-13 13:06:49,267] Trial 26 finished with value: 0.5 and parameters: {'var_smoothing': 1.055993505169999e-10}. Best is trial 0 with value: 0.5.
[I 2026-04-13 13:06:49,297] Trial 27 finished with value: 0.5 and parameters: {'var_smoothing': 2.338070103551991e-09}. Best is trial 0 with value: 0.5.
[I 2026-04-13 13:06:49,312] Trial 28 finished with value: 0.5 and parameters: {'var_smoothing': 2.9749637796955326e-10}. Best is trial 0 with value: 0.5.
[I 2026-04-13 13:06:49,329] Trial 29 finished with value: 0.5 and parameters: {'var_smoothing': 2.1414596138226606e-10}. Best is trial 0 with value: 0.5.
[I 2026-04-13 13:06:49,377] A new study created in memory with name: logreg
[I 2026-04-13 13:06:49,404] Trial 0 finished with value: 0.35 and parameters: {'C': 0.0011268620922535318, 'penalty': 'l2'}. Best is trial 0 with value: 0.35.
[I 2026-04-13 13:06:49,429] Trial 1 finished with value: 0.45 and parameters: {'C': 0.32312678588710475, 'penalty': 'l2'}. Best is trial 1 with value: 0.45.
[I 2026-04-13 13:06:49,454] Trial 2 finished with value: 0.45 and parameters: {'C': 0.3012079745112611, 'penalty': 'l2'}. Best is trial 1 with value: 0.45.
[I 2026-04-13 13:06:49,471] Trial 3 finished with value: 0.3 and parameters: {'C': 0.004668180550042529, 'penalty': 'l2'}. Best is trial 1 with value: 0.45.
[I 2026-04-13 13:06:49,487] Trial 4 finished with value: 0.3 and parameters: {'C': 0.005135177115384908, 'penalty': 'l2'}. Best is trial 1 with value: 0.45.
[I 2026-04-13 13:06:49,512] Trial 5 finished with value: 0.45 and parameters: {'C': 0.01238207351349697, 'penalty': 'l2'}. Best is trial 1 with value: 0.45.
