[I 2026-04-13 12:51:10,981] Trial 29 finished with value: 0.7657070603319426 and parameters: {'hidden_layer_sizes': (100, 100), 'max_iter': 50, 'alpha': 0.0001}. Best is trial 20 with value: 0.7704985184930322.
Parámetros guardados en /data/home/rtabares/estiven/CorVAE/checkpoint_smoke_test_mlp/Full-data/IPC_0/best_models_Full-data_seed_0_space_original/naive_bayes_best_params.json


>>> Optuna tuning logreg metodo Full-data IPC 0 seed 0


Parámetros guardados en /data/home/rtabares/estiven/CorVAE/checkpoint_smoke_test_mlp/Full-data/IPC_0/best_models_Full-data_seed_0_space_original/logreg_best_params.json


>>> Optuna tuning knn metodo Full-data IPC 0 seed 0


Parámetros guardados en /data/home/rtabares/estiven/CorVAE/checkpoint_smoke_test_mlp/Full-data/IPC_0/best_models_Full-data_seed_0_space_original/knn_best_params.json


>>> Optuna tuning xgb metodo Full-data IPC 0 seed 0


Parámetros guardados en /data/home/rtabares/estiven/CorVAE/checkpoint_smoke_test_mlp/Full-data/IPC_0/best_models_Full-data_seed_0_space_original/xgb_best_params.json


>>> Optuna tuning rf metodo Full-data IPC 0 seed 0


Parámetros guardados en /data/home/rtabares/estiven/CorVAE/checkpoint_smoke_test_mlp/Full-data/IPC_0/best_models_Full-data_seed_0_space_original/rf_best_params.json


>>> Optuna tuning mlp metodo Full-data IPC 0 seed 0


Parámetros guardados en /data/home/rtabares/estiven/CorVAE/checkpoint_smoke_test_mlp/Full-data/IPC_0/best_models_Full-data_seed_0_space_original/mlp_best_params.json



----------------FINALIZO-------------




--- Iniciando Fase 1: Pre-entrenamiento No Supervisado ---
Training:   0%|                                                                                                                                                       | 0/22 [00:00<?, ?it/s]Training:   5%|██████▌                                                                                                                                        | 1/22 [00:01<00:34,  1.65s/it]Training:  32%|█████████████████████████████████████████████▌                                                                                                 | 7/22 [00:01<00:02,  5.32it/s]Training:  64%|██████████████████████████████████████████████████████████████████████████████████████████▎                                                   | 14/22 [00:01<00:00, 11.91it/s]Training: 100%|██████████████████████████████████████████████████████████████████████████████████████████████████████████████████████████████████████████████| 22/22 [00:02<00:00, 10.65it/s]
Epoch 001/2 | Train Loss: 2.391880 | Val Loss: 1.966723
Training:   0%|                                                                                                                                                       | 0/22 [00:00<?, ?it/s]Training:   5%|██████▌                                                                                                                                        | 1/22 [00:00<00:08,  2.58it/s]Training:  59%|███████████████████████████████████████████████████████████████████████████████████▉                                                          | 13/22 [00:00<00:00, 33.57it/s]Training: 100%|██████████████████████████████████████████████████████████████████████████████████████████████████████████████████████████████████████████████| 22/22 [00:00<00:00, 32.23it/s]
Epoch 002/2 | Train Loss: 1.926192 | Val Loss: 1.880681
--- Fase 1 Finalizada. Tiempo: 3.88 segundos ---

--- Omitiendo Fase 2: Fine-Tuning Supervisado ---
Encoder, Decoder y representaciones latentes guardados correctamente.

--- Iniciando Fase 1: Pre-entrenamiento No Supervisado ---
Training:   0%|                                                                                                                                                       | 0/22 [00:00<?, ?it/s]Training:   5%|██████▌                                                                                                                                        | 1/22 [00:00<00:08,  2.62it/s]Training:  45%|████████████████████████████████████████████████████████████████▌                                                                             | 10/22 [00:00<00:00, 26.09it/s]Training:  95%|███████████████████████████████████████████████████████████████████████████████████████████████████████████████████████████████████████▌      | 21/22 [00:00<00:00, 48.80it/s]Training: 100%|██████████████████████████████████████████████████████████████████████████████████████████████████████████████████████████████████████████████| 22/22 [00:00<00:00, 30.41it/s]
Epoch 001/2 | Train Loss: 2.445577 | Val Loss: 2.006989
Training:   0%|                                                                                                                                                       | 0/22 [00:00<?, ?it/s]Training:   5%|██████▌                                                                                                                                        | 1/22 [00:00<00:09,  2.24it/s]Training:  50%|███████████████████████████████████████████████████████████████████████                                                                       | 11/22 [00:00<00:00, 25.43it/s]Training: 100%|██████████████████████████████████████████████████████████████████████████████████████████████████████████████████████████████████████████████| 22/22 [00:00<00:00, 46.73it/s]Training: 100%|██████████████████████████████████████████████████████████████████████████████████████████████████████████████████████████████████████████████| 22/22 [00:00<00:00, 27.79it/s]
Epoch 002/2 | Train Loss: 1.863859 | Val Loss: 1.724733
--- Fase 1 Finalizada. Tiempo: 2.63 segundos ---

--- Omitiendo Fase 2: Fine-Tuning Supervisado ---
Encoder, Decoder y representaciones latentes guardados correctamente.

--- Iniciando Fase 1: Pre-entrenamiento No Supervisado ---
Training:   0%|                                                                                                                                                       | 0/22 [00:00<?, ?it/s]Training:   5%|██████▌                                                                                                                                        | 1/22 [00:00<00:07,  2.85it/s]Training:  50%|███████████████████████████████████████████████████████████████████████                                                                       | 11/22 [00:00<00:00, 30.91it/s]Training: 100%|██████████████████████████████████████████████████████████████████████████████████████████████████████████████████████████████████████████████| 22/22 [00:00<00:00, 53.58it/s]Training: 100%|██████████████████████████████████████████████████████████████████████████████████████████████████████████████████████████████████████████████| 22/22 [00:00<00:00, 32.52it/s]
Epoch 001/2 | Train Loss: 2.350146 | Val Loss: 1.957864
Training:   0%|                                                                                                                                                       | 0/22 [00:00<?, ?it/s]Training:   5%|██████▌                                                                                                                                        | 1/22 [00:00<00:08,  2.62it/s]Training:  45%|████████████████████████████████████████████████████████████████▌                                                                             | 10/22 [00:00<00:00, 25.88it/s]Training:  95%|███████████████████████████████████████████████████████████████████████████████████████████████████████████████████████████████████████▌      | 21/22 [00:00<00:00, 48.22it/s]Training: 100%|██████████████████████████████████████████████████████████████████████████████████████████████████████████████████████████████████████████████| 22/22 [00:00<00:00, 29.15it/s]
Epoch 002/2 | Train Loss: 1.913866 | Val Loss: 1.866589
--- Fase 1 Finalizada. Tiempo: 2.54 segundos ---

--- Omitiendo Fase 2: Fine-Tuning Supervisado ---
Encoder, Decoder y representaciones latentes guardados correctamente.

--- Iniciando Fase 1: Pre-entrenamiento No Supervisado ---
Training:   0%|                                                                                                                                                       | 0/22 [00:00<?, ?it/s]Training:   5%|██████▌                                                                                                                                        | 1/22 [00:00<00:08,  2.47it/s]Training:  55%|█████████████████████████████████████████████████████████████████████████████▍                                                                | 12/22 [00:00<00:00, 29.84it/s]Training:  95%|███████████████████████████████████████████████████████████████████████████████████████████████████████████████████████████████████████▌      | 21/22 [00:00<00:00, 45.26it/s]Training: 100%|██████████████████████████████████████████████████████████████████████████████████████████████████████████████████████████████████████████████| 22/22 [00:00<00:00, 29.08it/s]
Epoch 001/2 | Train Loss: 2.394303 | Val Loss: 1.996689
Training:   0%|                                                                                                                                                       | 0/22 [00:00<?, ?it/s]Training:   5%|██████▌                                                                                                                                        | 1/22 [00:00<00:07,  2.65it/s]Training:  45%|████████████████████████████████████████████████████████████████▌                                                                             | 10/22 [00:00<00:00, 26.03it/s]Training:  82%|████████████████████████████████████████████████████████████████████████████████████████████████████████████████████▏                         | 18/22 [00:00<00:00, 40.35it/s]Training: 100%|██████████████████████████████████████████████████████████████████████████████████████████████████████████████████████████████████████████████| 22/22 [00:00<00:00, 29.09it/s]
Epoch 002/2 | Train Loss: 1.934708 | Val Loss: 1.903390
--- Fase 1 Finalizada. Tiempo: 2.58 segundos ---

--- Omitiendo Fase 2: Fine-Tuning Supervisado ---
Encoder, Decoder y representaciones latentes guardados correctamente.

--- Iniciando Fase 1: Pre-entrenamiento No Supervisado ---
Training:   0%|                                                                                                                                                       | 0/22 [00:00<?, ?it/s]Training:   5%|██████▌                                                                                                                                        | 1/22 [00:00<00:08,  2.56it/s]Training:  36%|████████████████████████████████████████████████████                                                                                           | 8/22 [00:00<00:00, 20.50it/s]Training:  77%|█████████████████████████████████████████████████████████████████████████████████████████████████████████████▋                                | 17/22 [00:00<00:00, 39.36it/s]Training: 100%|██████████████████████████████████████████████████████████████████████████████████████████████████████████████████████████████████████████████| 22/22 [00:00<00:00, 27.39it/s]
Epoch 001/2 | Train Loss: 2.425657 | Val Loss: 2.012915
Training:   0%|                                                                                                                                                       | 0/22 [00:00<?, ?it/s]Training:   5%|██████▌                                                                                                                                        | 1/22 [00:00<00:08,  2.44it/s]Training:  50%|███████████████████████████████████████████████████████████████████████                                                                       | 11/22 [00:00<00:00, 26.82it/s]Training: 100%|██████████████████████████████████████████████████████████████████████████████████████████████████████████████████████████████████████████████| 22/22 [00:00<00:00, 48.68it/s]Training: 100%|██████████████████████████████████████████████████████████████████████████████████████████████████████████████████████████████████████████████| 22/22 [00:00<00:00, 30.14it/s]
[I 2026-04-13 12:51:35,428] A new study created in memory with name: naive_bayes
[I 2026-04-13 12:51:35,760] Trial 0 finished with value: 0.6 and parameters: {'var_smoothing': 2.7796258518939306e-10}. Best is trial 0 with value: 0.6.
[I 2026-04-13 12:51:36,089] Trial 1 finished with value: 0.6 and parameters: {'var_smoothing': 5.513972710118387e-09}. Best is trial 0 with value: 0.6.
[I 2026-04-13 12:51:36,335] Trial 2 finished with value: 0.6 and parameters: {'var_smoothing': 2.590826381512706e-10}. Best is trial 0 with value: 0.6.
[I 2026-04-13 12:51:36,600] Trial 3 finished with value: 0.6 and parameters: {'var_smoothing': 6.874194498027403e-09}. Best is trial 0 with value: 0.6.
[I 2026-04-13 12:51:36,946] Trial 4 finished with value: 0.6 and parameters: {'var_smoothing': 9.480306482679771e-10}. Best is trial 0 with value: 0.6.
[I 2026-04-13 12:51:37,313] Trial 5 finished with value: 0.6 and parameters: {'var_smoothing': 1.6729683536668864e-09}. Best is trial 0 with value: 0.6.
[I 2026-04-13 12:51:37,610] Trial 6 finished with value: 0.6 and parameters: {'var_smoothing': 3.402637726935598e-09}. Best is trial 0 with value: 0.6.
[I 2026-04-13 12:51:37,866] Trial 7 finished with value: 0.6 and parameters: {'var_smoothing': 1.0885189040847657e-09}. Best is trial 0 with value: 0.6.
[I 2026-04-13 12:51:38,152] Trial 8 finished with value: 0.6 and parameters: {'var_smoothing': 3.922843686541149e-10}. Best is trial 0 with value: 0.6.
[I 2026-04-13 12:51:38,409] Trial 9 finished with value: 0.6 and parameters: {'var_smoothing': 2.3737908819373785e-10}. Best is trial 0 with value: 0.6.
[I 2026-04-13 12:51:38,730] Trial 10 finished with value: 0.6 and parameters: {'var_smoothing': 1.005826617097841e-10}. Best is trial 0 with value: 0.6.
[I 2026-04-13 12:51:39,041] Trial 11 finished with value: 0.6 and parameters: {'var_smoothing': 8.246040091550826e-09}. Best is trial 0 with value: 0.6.
[I 2026-04-13 12:51:39,363] Trial 12 finished with value: 0.6 and parameters: {'var_smoothing': 5.714429769091136e-10}. Best is trial 0 with value: 0.6.
[I 2026-04-13 12:51:39,393] Trial 13 finished with value: 0.6 and parameters: {'var_smoothing': 3.0046394488828834e-09}. Best is trial 0 with value: 0.6.
[I 2026-04-13 12:51:39,422] Trial 14 finished with value: 0.6 and parameters: {'var_smoothing': 1.0161521526134228e-10}. Best is trial 0 with value: 0.6.
[I 2026-04-13 12:51:39,438] Trial 15 finished with value: 0.6 and parameters: {'var_smoothing': 3.455011319435438e-09}. Best is trial 0 with value: 0.6.
[I 2026-04-13 12:51:39,454] Trial 16 finished with value: 0.6 and parameters: {'var_smoothing': 2.2038800241203009e-10}. Best is trial 0 with value: 0.6.
[I 2026-04-13 12:51:39,477] Trial 17 finished with value: 0.6 and parameters: {'var_smoothing': 1.8515987176145925e-09}. Best is trial 0 with value: 0.6.
[I 2026-04-13 12:51:39,494] Trial 18 finished with value: 0.6 and parameters: {'var_smoothing': 5.024285700153026e-10}. Best is trial 0 with value: 0.6.
[I 2026-04-13 12:51:39,512] Trial 19 finished with value: 0.6 and parameters: {'var_smoothing': 4.958025424412893e-09}. Best is trial 0 with value: 0.6.
[I 2026-04-13 12:51:39,527] Trial 20 finished with value: 0.6 and parameters: {'var_smoothing': 8.344000526157384e-10}. Best is trial 0 with value: 0.6.
[I 2026-04-13 12:51:39,542] Trial 21 finished with value: 0.6 and parameters: {'var_smoothing': 2.46080689865309e-10}. Best is trial 0 with value: 0.6.
[I 2026-04-13 12:51:39,575] Trial 22 finished with value: 0.6 and parameters: {'var_smoothing': 1.4445108350594728e-10}. Best is trial 0 with value: 0.6.
[I 2026-04-13 12:51:39,591] Trial 23 finished with value: 0.6 and parameters: {'var_smoothing': 3.3715577896606737e-10}. Best is trial 0 with value: 0.6.
[I 2026-04-13 12:51:39,609] Trial 24 finished with value: 0.6 and parameters: {'var_smoothing': 1.572466431855027e-10}. Best is trial 0 with value: 0.6.
[I 2026-04-13 12:51:39,627] Trial 25 finished with value: 0.6 and parameters: {'var_smoothing': 7.281746293576245e-10}. Best is trial 0 with value: 0.6.
[I 2026-04-13 12:51:39,642] Trial 26 finished with value: 0.6 and parameters: {'var_smoothing': 3.386254640873244e-10}. Best is trial 0 with value: 0.6.
[I 2026-04-13 12:51:39,657] Trial 27 finished with value: 0.6 and parameters: {'var_smoothing': 1.3918180959975328e-09}. Best is trial 0 with value: 0.6.
[I 2026-04-13 12:51:39,672] Trial 28 finished with value: 0.6 and parameters: {'var_smoothing': 2.3715836084533434e-09}. Best is trial 0 with value: 0.6.
[I 2026-04-13 12:51:39,691] Trial 29 finished with value: 0.6 and parameters: {'var_smoothing': 9.477075781575649e-09}. Best is trial 0 with value: 0.6.
[I 2026-04-13 12:51:40,863] A new study created in memory with name: logreg
[I 2026-04-13 12:51:40,896] Trial 0 finished with value: 0.7 and parameters: {'C': 0.012881482725481003, 'penalty': 'l2'}. Best is trial 0 with value: 0.7.
[I 2026-04-13 12:51:40,918] Trial 1 finished with value: 0.6 and parameters: {'C': 22.576755560681583, 'penalty': 'l2'}. Best is trial 0 with value: 0.7.
[I 2026-04-13 12:51:40,931] Trial 2 finished with value: 0.7 and parameters: {'C': 0.010804278656839932, 'penalty': 'l2'}. Best is trial 0 with value: 0.7.
[I 2026-04-13 12:51:40,954] Trial 3 finished with value: 0.6 and parameters: {'C': 39.17910760336117, 'penalty': 'l2'}. Best is trial 0 with value: 0.7.
[I 2026-04-13 12:51:40,976] Trial 4 finished with value: 0.7 and parameters: {'C': 0.2767298094062571, 'penalty': 'l2'}. Best is trial 0 with value: 0.7.
[I 2026-04-13 12:51:40,999] Trial 5 finished with value: 0.7 and parameters: {'C': 1.1447728330837224, 'penalty': 'l2'}. Best is trial 0 with value: 0.7.
[I 2026-04-13 12:51:41,022] Trial 6 finished with value: 0.6 and parameters: {'C': 6.753661388238877, 'penalty': 'l2'}. Best is trial 0 with value: 0.7.
[I 2026-04-13 12:51:41,035] Trial 7 finished with value: 0.7 and parameters: {'C': 0.39092184460352974, 'penalty': 'l2'}. Best is trial 0 with value: 0.7.
[I 2026-04-13 12:51:41,058] Trial 8 finished with value: 0.7 and parameters: {'C': 0.03047912590082646, 'penalty': 'l2'}. Best is trial 0 with value: 0.7.
[I 2026-04-13 12:51:41,081] Trial 9 finished with value: 0.75 and parameters: {'C': 0.008681727362499118, 'penalty': 'l2'}. Best is trial 9 with value: 0.75.
[I 2026-04-13 12:51:41,107] Trial 10 finished with value: 0.75 and parameters: {'C': 0.0010131409464015342, 'penalty': 'l2'}. Best is trial 9 with value: 0.75.
[I 2026-04-13 12:51:41,133] Trial 11 finished with value: 0.75 and parameters: {'C': 0.0011003133502452927, 'penalty': 'l2'}. Best is trial 9 with value: 0.75.
[I 2026-04-13 12:51:41,149] Trial 12 finished with value: 0.75 and parameters: {'C': 0.001258254706008404, 'penalty': 'l2'}. Best is trial 9 with value: 0.75.
[I 2026-04-13 12:51:41,165] Trial 13 finished with value: 0.75 and parameters: {'C': 0.0050565865590108, 'penalty': 'l2'}. Best is trial 9 with value: 0.75.
[I 2026-04-13 12:51:41,191] Trial 14 finished with value: 0.7 and parameters: {'C': 0.031940661004743, 'penalty': 'l2'}. Best is trial 9 with value: 0.75.
[I 2026-04-13 12:51:41,217] Trial 15 finished with value: 0.75 and parameters: {'C': 0.003430620638444872, 'penalty': 'l2'}. Best is trial 9 with value: 0.75.
[I 2026-04-13 12:51:41,242] Trial 16 finished with value: 0.7 and parameters: {'C': 0.09287359991493528, 'penalty': 'l2'}. Best is trial 9 with value: 0.75.
[I 2026-04-13 12:51:41,268] Trial 17 finished with value: 0.75 and parameters: {'C': 0.0029807044891846475, 'penalty': 'l2'}. Best is trial 9 with value: 0.75.
[I 2026-04-13 12:51:41,285] Trial 18 finished with value: 0.7 and parameters: {'C': 0.06192702184672976, 'penalty': 'l2'}. Best is trial 9 with value: 0.75.
[I 2026-04-13 12:51:41,301] Trial 19 finished with value: 0.7 and parameters: {'C': 0.010562712973379913, 'penalty': 'l2'}. Best is trial 9 with value: 0.75.
[I 2026-04-13 12:51:41,317] Trial 20 finished with value: 0.75 and parameters: {'C': 0.0010266920260633857, 'penalty': 'l2'}. Best is trial 9 with value: 0.75.
[I 2026-04-13 12:51:41,343] Trial 21 finished with value: 0.75 and parameters: {'C': 0.0010048785242253357, 'penalty': 'l2'}. Best is trial 9 with value: 0.75.
[I 2026-04-13 12:51:41,360] Trial 22 finished with value: 0.75 and parameters: {'C': 0.0028936069328751386, 'penalty': 'l2'}. Best is trial 9 with value: 0.75.
[I 2026-04-13 12:51:41,376] Trial 23 finished with value: 0.75 and parameters: {'C': 0.005780301273885818, 'penalty': 'l2'}. Best is trial 9 with value: 0.75.
[I 2026-04-13 12:51:41,392] Trial 24 finished with value: 0.75 and parameters: {'C': 0.001957504163528726, 'penalty': 'l2'}. Best is trial 9 with value: 0.75.
[I 2026-04-13 12:51:41,408] Trial 25 finished with value: 0.7 and parameters: {'C': 0.0283489194495899, 'penalty': 'l2'}. Best is trial 9 with value: 0.75.
[I 2026-04-13 12:51:41,424] Trial 26 finished with value: 0.75 and parameters: {'C': 0.009426532087648539, 'penalty': 'l2'}. Best is trial 9 with value: 0.75.
[I 2026-04-13 12:51:41,450] Trial 27 finished with value: 0.75 and parameters: {'C': 0.0021037548799768095, 'penalty': 'l2'}. Best is trial 9 with value: 0.75.
[I 2026-04-13 12:51:41,476] Trial 28 finished with value: 0.7 and parameters: {'C': 0.17365616298253034, 'penalty': 'l2'}. Best is trial 9 with value: 0.75.
[I 2026-04-13 12:51:41,502] Trial 29 finished with value: 0.75 and parameters: {'C': 0.006016270391144167, 'penalty': 'l2'}. Best is trial 9 with value: 0.75.
[I 2026-04-13 12:51:43,111] A new study created in memory with name: knn
