[I 2026-04-13 13:09:06,447] Trial 25 finished with value: 0.525 and parameters: {'var_smoothing': 7.281746293576245e-10}. Best is trial 0 with value: 0.525.
[I 2026-04-13 13:09:06,463] Trial 26 finished with value: 0.525 and parameters: {'var_smoothing': 3.386254640873244e-10}. Best is trial 0 with value: 0.525.
[I 2026-04-13 13:09:06,481] Trial 27 finished with value: 0.525 and parameters: {'var_smoothing': 1.3918180959975328e-09}. Best is trial 0 with value: 0.525.
[I 2026-04-13 13:09:06,501] Trial 28 finished with value: 0.525 and parameters: {'var_smoothing': 2.3715836084533434e-09}. Best is trial 0 with value: 0.525.
[I 2026-04-13 13:09:06,521] Trial 29 finished with value: 0.525 and parameters: {'var_smoothing': 9.477075781575649e-09}. Best is trial 0 with value: 0.525.
[I 2026-04-13 13:09:06,560] A new study created in memory with name: logreg
[I 2026-04-13 13:09:06,583] Trial 0 finished with value: 0.575 and parameters: {'C': 0.012881482725481003, 'penalty': 'l2'}. Best is trial 0 with value: 0.575.
[I 2026-04-13 13:09:06,628] Trial 1 finished with value: 0.525 and parameters: {'C': 22.576755560681583, 'penalty': 'l2'}. Best is trial 0 with value: 0.575.
[I 2026-04-13 13:09:06,653] Trial 2 finished with value: 0.575 and parameters: {'C': 0.010804278656839932, 'penalty': 'l2'}. Best is trial 0 with value: 0.575.
[I 2026-04-13 13:09:06,687] Trial 3 finished with value: 0.5 and parameters: {'C': 39.17910760336117, 'penalty': 'l2'}. Best is trial 0 with value: 0.575.
[I 2026-04-13 13:09:06,722] Trial 4 finished with value: 0.575 and parameters: {'C': 0.2767298094062571, 'penalty': 'l2'}. Best is trial 0 with value: 0.575.
[I 2026-04-13 13:09:06,754] Trial 5 finished with value: 0.55 and parameters: {'C': 1.1447728330837224, 'penalty': 'l2'}. Best is trial 0 with value: 0.575.
[I 2026-04-13 13:09:06,789] Trial 6 finished with value: 0.6 and parameters: {'C': 6.753661388238877, 'penalty': 'l2'}. Best is trial 6 with value: 0.6.
[I 2026-04-13 13:09:06,823] Trial 7 finished with value: 0.6 and parameters: {'C': 0.39092184460352974, 'penalty': 'l2'}. Best is trial 6 with value: 0.6.
[I 2026-04-13 13:09:06,840] Trial 8 finished with value: 0.55 and parameters: {'C': 0.03047912590082646, 'penalty': 'l2'}. Best is trial 6 with value: 0.6.
[I 2026-04-13 13:09:06,868] Trial 9 finished with value: 0.575 and parameters: {'C': 0.008681727362499118, 'penalty': 'l2'}. Best is trial 6 with value: 0.6.
[I 2026-04-13 13:09:06,907] Trial 10 finished with value: 0.575 and parameters: {'C': 2.4631346793210676, 'penalty': 'l2'}. Best is trial 6 with value: 0.6.
[I 2026-04-13 13:09:06,938] Trial 11 finished with value: 0.55 and parameters: {'C': 0.14930337543099573, 'penalty': 'l2'}. Best is trial 6 with value: 0.6.
[I 2026-04-13 13:09:06,965] Trial 12 finished with value: 0.575 and parameters: {'C': 3.2734581834135508, 'penalty': 'l2'}. Best is trial 6 with value: 0.6.
[I 2026-04-13 13:09:07,004] Trial 13 finished with value: 0.6 and parameters: {'C': 7.193707925625394, 'penalty': 'l2'}. Best is trial 6 with value: 0.6.
[I 2026-04-13 13:09:07,030] Trial 14 finished with value: 0.525 and parameters: {'C': 0.0010226951332224943, 'penalty': 'l2'}. Best is trial 6 with value: 0.6.
[I 2026-04-13 13:09:07,081] Trial 15 finished with value: 0.425 and parameters: {'C': 91.36014686733203, 'penalty': 'l2'}. Best is trial 6 with value: 0.6.
[I 2026-04-13 13:09:07,109] Trial 16 finished with value: 0.55 and parameters: {'C': 0.7876052145148712, 'penalty': 'l2'}. Best is trial 6 with value: 0.6.
[I 2026-04-13 13:09:07,138] Trial 17 finished with value: 0.525 and parameters: {'C': 0.086641867846897, 'penalty': 'l2'}. Best is trial 6 with value: 0.6.
[I 2026-04-13 13:09:07,184] Trial 18 finished with value: 0.6 and parameters: {'C': 8.396156853500207, 'penalty': 'l2'}. Best is trial 6 with value: 0.6.
[I 2026-04-13 13:09:07,216] Trial 19 finished with value: 0.55 and parameters: {'C': 0.6898116597599002, 'penalty': 'l2'}. Best is trial 6 with value: 0.6.
[I 2026-04-13 13:09:07,255] Trial 20 finished with value: 0.575 and parameters: {'C': 12.81964463758219, 'penalty': 'l2'}. Best is trial 6 with value: 0.6.
[I 2026-04-13 13:09:07,297] Trial 21 finished with value: 0.6 and parameters: {'C': 4.661127564393297, 'penalty': 'l2'}. Best is trial 6 with value: 0.6.
[I 2026-04-13 13:09:07,347] Trial 22 finished with value: 0.5 and parameters: {'C': 52.972652158378686, 'penalty': 'l2'}. Best is trial 6 with value: 0.6.
[I 2026-04-13 13:09:07,373] Trial 23 finished with value: 0.55 and parameters: {'C': 1.5391886563588408, 'penalty': 'l2'}. Best is trial 6 with value: 0.6.
[I 2026-04-13 13:09:07,409] Trial 24 finished with value: 0.6 and parameters: {'C': 6.361111757781733, 'penalty': 'l2'}. Best is trial 6 with value: 0.6.
[I 2026-04-13 13:09:07,435] Trial 25 finished with value: 0.6 and parameters: {'C': 0.351187626820767, 'penalty': 'l2'}. Best is trial 6 with value: 0.6.
[I 2026-04-13 13:09:07,476] Trial 26 finished with value: 0.575 and parameters: {'C': 14.546622288731841, 'penalty': 'l2'}. Best is trial 6 with value: 0.6.
[I 2026-04-13 13:09:07,519] Trial 27 finished with value: 0.575 and parameters: {'C': 2.2948017106039695, 'penalty': 'l2'}. Best is trial 6 with value: 0.6.
[I 2026-04-13 13:09:07,559] Trial 28 finished with value: 0.525 and parameters: {'C': 25.971501177753478, 'penalty': 'l2'}. Best is trial 6 with value: 0.6.
[I 2026-04-13 13:09:07,591] Trial 29 finished with value: 0.525 and parameters: {'C': 0.07468304617319382, 'penalty': 'l2'}. Best is trial 6 with value: 0.6.
[I 2026-04-13 13:09:07,654] A new study created in memory with name: knn
[I 2026-04-13 13:09:07,679] Trial 0 finished with value: 0.425 and parameters: {'n_neighbors': 4, 'leaf_size': 38, 'p': 2}. Best is trial 0 with value: 0.425.
[I 2026-04-13 13:09:07,694] Trial 1 finished with value: 0.35 and parameters: {'n_neighbors': 6, 'leaf_size': 32, 'p': 1}. Best is trial 0 with value: 0.425.
[I 2026-04-13 13:09:07,709] Trial 2 finished with value: 0.325 and parameters: {'n_neighbors': 5, 'leaf_size': 23, 'p': 2}. Best is trial 0 with value: 0.425.
[I 2026-04-13 13:09:07,726] Trial 3 finished with value: 0.35 and parameters: {'n_neighbors': 6, 'leaf_size': 23, 'p': 1}. Best is trial 0 with value: 0.425.
[I 2026-04-13 13:09:07,742] Trial 4 finished with value: 0.35 and parameters: {'n_neighbors': 6, 'leaf_size': 26, 'p': 1}. Best is trial 0 with value: 0.425.
[I 2026-04-13 13:09:07,757] Trial 5 finished with value: 0.4 and parameters: {'n_neighbors': 7, 'leaf_size': 25, 'p': 1}. Best is trial 0 with value: 0.425.
[I 2026-04-13 13:09:07,774] Trial 6 finished with value: 0.325 and parameters: {'n_neighbors': 5, 'leaf_size': 23, 'p': 2}. Best is trial 0 with value: 0.425.
[I 2026-04-13 13:09:07,789] Trial 7 finished with value: 0.475 and parameters: {'n_neighbors': 10, 'leaf_size': 23, 'p': 2}. Best is trial 7 with value: 0.475.
[I 2026-04-13 13:09:07,802] Trial 8 finished with value: 0.425 and parameters: {'n_neighbors': 8, 'leaf_size': 36, 'p': 2}. Best is trial 7 with value: 0.475.
[I 2026-04-13 13:09:07,826] Trial 9 finished with value: 0.35 and parameters: {'n_neighbors': 3, 'leaf_size': 30, 'p': 2}. Best is trial 7 with value: 0.475.
[I 2026-04-13 13:09:07,847] Trial 10 finished with value: 0.475 and parameters: {'n_neighbors': 10, 'leaf_size': 20, 'p': 2}. Best is trial 7 with value: 0.475.
[I 2026-04-13 13:09:07,866] Trial 11 finished with value: 0.475 and parameters: {'n_neighbors': 10, 'leaf_size': 20, 'p': 2}. Best is trial 7 with value: 0.475.
[I 2026-04-13 13:09:07,888] Trial 12 finished with value: 0.475 and parameters: {'n_neighbors': 10, 'leaf_size': 28, 'p': 2}. Best is trial 7 with value: 0.475.
[I 2026-04-13 13:09:07,912] Trial 13 finished with value: 0.4 and parameters: {'n_neighbors': 9, 'leaf_size': 20, 'p': 2}. Best is trial 7 with value: 0.475.
[I 2026-04-13 13:09:07,936] Trial 14 finished with value: 0.4 and parameters: {'n_neighbors': 9, 'leaf_size': 21, 'p': 2}. Best is trial 7 with value: 0.475.
[I 2026-04-13 13:09:07,961] Trial 15 finished with value: 0.425 and parameters: {'n_neighbors': 8, 'leaf_size': 33, 'p': 2}. Best is trial 7 with value: 0.475.
[I 2026-04-13 13:09:07,984] Trial 16 finished with value: 0.475 and parameters: {'n_neighbors': 10, 'leaf_size': 27, 'p': 2}. Best is trial 7 with value: 0.475.
[I 2026-04-13 13:09:08,022] Trial 17 finished with value: 0.4 and parameters: {'n_neighbors': 9, 'leaf_size': 24, 'p': 2}. Best is trial 7 with value: 0.475.
[I 2026-04-13 13:09:08,048] Trial 18 finished with value: 0.45 and parameters: {'n_neighbors': 8, 'leaf_size': 29, 'p': 1}. Best is trial 7 with value: 0.475.
[I 2026-04-13 13:09:08,073] Trial 19 finished with value: 0.475 and parameters: {'n_neighbors': 10, 'leaf_size': 21, 'p': 2}. Best is trial 7 with value: 0.475.
[I 2026-04-13 13:09:08,095] Trial 20 finished with value: 0.4 and parameters: {'n_neighbors': 7, 'leaf_size': 40, 'p': 2}. Best is trial 7 with value: 0.475.
[I 2026-04-13 13:09:08,118] Trial 21 finished with value: 0.475 and parameters: {'n_neighbors': 10, 'leaf_size': 20, 'p': 2}. Best is trial 7 with value: 0.475.
[I 2026-04-13 13:09:08,141] Trial 22 finished with value: 0.4 and parameters: {'n_neighbors': 9, 'leaf_size': 22, 'p': 2}. Best is trial 7 with value: 0.475.
[I 2026-04-13 13:09:08,193] Trial 23 finished with value: 0.475 and parameters: {'n_neighbors': 10, 'leaf_size': 20, 'p': 2}. Best is trial 7 with value: 0.475.
[I 2026-04-13 13:09:08,234] Trial 24 finished with value: 0.4 and parameters: {'n_neighbors': 9, 'leaf_size': 25, 'p': 2}. Best is trial 7 with value: 0.475.
[I 2026-04-13 13:09:08,271] Trial 25 finished with value: 0.425 and parameters: {'n_neighbors': 8, 'leaf_size': 22, 'p': 2}. Best is trial 7 with value: 0.475.
[I 2026-04-13 13:09:08,294] Trial 26 finished with value: 0.525 and parameters: {'n_neighbors': 10, 'leaf_size': 25, 'p': 1}. Best is trial 26 with value: 0.525.
[I 2026-04-13 13:09:08,321] Trial 27 finished with value: 0.4 and parameters: {'n_neighbors': 9, 'leaf_size': 26, 'p': 1}. Best is trial 26 with value: 0.525.
[I 2026-04-13 13:09:08,358] Trial 28 finished with value: 0.525 and parameters: {'n_neighbors': 10, 'leaf_size': 24, 'p': 1}. Best is trial 26 with value: 0.525.
[I 2026-04-13 13:09:08,382] Trial 29 finished with value: 0.4 and parameters: {'n_neighbors': 7, 'leaf_size': 28, 'p': 1}. Best is trial 26 with value: 0.525.
[I 2026-04-13 13:09:08,419] A new study created in memory with name: xgb
[I 2026-04-13 13:09:08,455] Trial 0 finished with value: 0.475 and parameters: {'n_estimators': 40, 'max_depth': 5, 'gamma': 0.789317070832284, 'subsample': 0.7592089939364717, 'colsample_bytree': 0.648400250788111}. Best is trial 0 with value: 0.475.
[I 2026-04-13 13:09:08,499] Trial 1 finished with value: 0.425 and parameters: {'n_estimators': 100, 'max_depth': 30, 'gamma': 0.34667781579300216, 'subsample': 0.7071175095405257, 'colsample_bytree': 0.6480399663668239}. Best is trial 0 with value: 0.475.
[I 2026-04-13 13:09:08,525] Trial 2 finished with value: 0.575 and parameters: {'n_estimators': 10, 'max_depth': 20, 'gamma': 0.3948075529198607, 'subsample': 0.5720821503267102, 'colsample_bytree': 0.5828064306006338}. Best is trial 2 with value: 0.575.
[I 2026-04-13 13:09:08,553] Trial 3 finished with value: 0.525 and parameters: {'n_estimators': 10, 'max_depth': 30, 'gamma': 0.8015631269999768, 'subsample': 0.5114665462195407, 'colsample_bytree': 0.788831429064878}. Best is trial 2 with value: 0.575.
[I 2026-04-13 13:09:08,600] Trial 4 finished with value: 0.5 and parameters: {'n_estimators': 100, 'max_depth': 5, 'gamma': 0.8834347783013348, 'subsample': 0.961374806972835, 'colsample_bytree': 0.5011071062662218}. Best is trial 2 with value: 0.575.
[I 2026-04-13 13:09:08,638] Trial 5 finished with value: 0.475 and parameters: {'n_estimators': 40, 'max_depth': 5, 'gamma': 0.5364379674896123, 'subsample': 0.5145557818363589, 'colsample_bytree': 0.5432628442011025}. Best is trial 2 with value: 0.575.
[I 2026-04-13 13:09:08,689] Trial 6 finished with value: 0.4 and parameters: {'n_estimators': 100, 'max_depth': 20, 'gamma': 0.6718205850237038, 'subsample': 0.9059511955902053, 'colsample_bytree': 0.9633413076219371}. Best is trial 2 with value: 0.575.
[I 2026-04-13 13:09:08,719] Trial 7 finished with value: 0.5 and parameters: {'n_estimators': 10, 'max_depth': 30, 'gamma': 0.8165284487704038, 'subsample': 0.5255714015506736, 'colsample_bytree': 0.594333867896554}. Best is trial 2 with value: 0.575.
[I 2026-04-13 13:09:08,767] Trial 8 finished with value: 0.425 and parameters: {'n_estimators': 100, 'max_depth': 20, 'gamma': 0.6251497693480509, 'subsample': 0.9696496759824258, 'colsample_bytree': 0.9717700410079397}. Best is trial 2 with value: 0.575.
[I 2026-04-13 13:09:08,807] Trial 9 finished with value: 0.45 and parameters: {'n_estimators': 40, 'max_depth': 30, 'gamma': 0.9649927737686168, 'subsample': 0.6857563076640036, 'colsample_bytree': 0.5061847058001788}. Best is trial 2 with value: 0.575.
[I 2026-04-13 13:09:08,861] Trial 10 finished with value: 0.5 and parameters: {'n_estimators': 10, 'max_depth': 20, 'gamma': 0.15482815647859693, 'subsample': 0.6132127088663918, 'colsample_bytree': 0.767362544653007}. Best is trial 2 with value: 0.575.
[I 2026-04-13 13:09:08,901] Trial 11 finished with value: 0.625 and parameters: {'n_estimators': 10, 'max_depth': 20, 'gamma': 0.41368793588449687, 'subsample': 0.5991596377711633, 'colsample_bytree': 0.8088974055287642}. Best is trial 11 with value: 0.625.
[I 2026-04-13 13:09:08,936] Trial 12 finished with value: 0.5 and parameters: {'n_estimators': 10, 'max_depth': 20, 'gamma': 0.3982875342308095, 'subsample': 0.6163822093100453, 'colsample_bytree': 0.8737540460656441}. Best is trial 11 with value: 0.625.
[I 2026-04-13 13:09:08,973] Trial 13 finished with value: 0.5 and parameters: {'n_estimators': 10, 'max_depth': 20, 'gamma': 0.3552667583114842, 'subsample': 0.810682422274102, 'colsample_bytree': 0.8371161640591438}. Best is trial 11 with value: 0.625.
[I 2026-04-13 13:09:09,022] Trial 14 finished with value: 0.55 and parameters: {'n_estimators': 10, 'max_depth': 20, 'gamma': 0.18918172956444987, 'subsample': 0.6087678706804371, 'colsample_bytree': 0.693233918266156}. Best is trial 11 with value: 0.625.
[I 2026-04-13 13:09:09,065] Trial 15 finished with value: 0.6 and parameters: {'n_estimators': 10, 'max_depth': 20, 'gamma': 0.47871179701593364, 'subsample': 0.5818996628861656, 'colsample_bytree': 0.7128543187809364}. Best is trial 11 with value: 0.625.
[I 2026-04-13 13:09:09,104] Trial 16 finished with value: 0.45 and parameters: {'n_estimators': 10, 'max_depth': 20, 'gamma': 0.5113116055350689, 'subsample': 0.669952471053382, 'colsample_bytree': 0.7130873994589939}. Best is trial 11 with value: 0.625.
[I 2026-04-13 13:09:09,142] Trial 17 finished with value: 0.475 and parameters: {'n_estimators': 10, 'max_depth': 20, 'gamma': 0.2310132307719441, 'subsample': 0.7814403828024603, 'colsample_bytree': 0.8136323713410011}. Best is trial 11 with value: 0.625.
[I 2026-04-13 13:09:09,204] Trial 18 finished with value: 0.575 and parameters: {'n_estimators': 10, 'max_depth': 20, 'gamma': 0.645257064027447, 'subsample': 0.5664532997590951, 'colsample_bytree': 0.8850945390804468}. Best is trial 11 with value: 0.625.
[I 2026-04-13 13:09:09,241] Trial 19 finished with value: 0.45 and parameters: {'n_estimators': 40, 'max_depth': 5, 'gamma': 0.28939443506336215, 'subsample': 0.8544750407519308, 'colsample_bytree': 0.7448725168784042}. Best is trial 11 with value: 0.625.
[I 2026-04-13 13:09:09,290] Trial 20 finished with value: 0.5 and parameters: {'n_estimators': 10, 'max_depth': 20, 'gamma': 0.470343578870607, 'subsample': 0.6625214626401119, 'colsample_bytree': 0.9095147966663746}. Best is trial 11 with value: 0.625.
[I 2026-04-13 13:09:09,323] Trial 21 finished with value: 0.525 and parameters: {'n_estimators': 10, 'max_depth': 20, 'gamma': 0.42352942653612075, 'subsample': 0.5878247979284504, 'colsample_bytree': 0.6085107582401461}. Best is trial 11 with value: 0.625.
[I 2026-04-13 13:09:09,362] Trial 22 finished with value: 0.6 and parameters: {'n_estimators': 10, 'max_depth': 20, 'gamma': 0.27574159776522794, 'subsample': 0.5458284725763779, 'colsample_bytree': 0.6980033884519774}. Best is trial 11 with value: 0.625.
[I 2026-04-13 13:09:09,410] Trial 23 finished with value: 0.6 and parameters: {'n_estimators': 10, 'max_depth': 20, 'gamma': 0.10626253424893489, 'subsample': 0.5435834192287576, 'colsample_bytree': 0.6856062145493311}. Best is trial 11 with value: 0.625.
[I 2026-04-13 13:09:09,458] Trial 24 finished with value: 0.45 and parameters: {'n_estimators': 10, 'max_depth': 20, 'gamma': 0.25707401248750794, 'subsample': 0.6481743941353858, 'colsample_bytree': 0.7236816952042269}. Best is trial 11 with value: 0.625.
[I 2026-04-13 13:09:09,498] Trial 25 finished with value: 0.45 and parameters: {'n_estimators': 10, 'max_depth': 20, 'gamma': 0.3048624068862235, 'subsample': 0.7229492399209634, 'colsample_bytree': 0.6600988264956889}. Best is trial 11 with value: 0.625.
[I 2026-04-13 13:09:09,535] Trial 26 finished with value: 0.575 and parameters: {'n_estimators': 10, 'max_depth': 20, 'gamma': 0.5743804337942131, 'subsample': 0.5549349469644314, 'colsample_bytree': 0.7746602894651448}. Best is trial 11 with value: 0.625.
[I 2026-04-13 13:09:09,575] Trial 27 finished with value: 0.5 and parameters: {'n_estimators': 10, 'max_depth': 20, 'gamma': 0.4627999656962062, 'subsample': 0.5007969812422074, 'colsample_bytree': 0.8254797680040146}. Best is trial 11 with value: 0.625.
[I 2026-04-13 13:09:09,619] Trial 28 finished with value: 0.475 and parameters: {'n_estimators': 40, 'max_depth': 5, 'gamma': 0.7206064237466012, 'subsample': 0.6348079615947816, 'colsample_bytree': 0.7376683295926231}. Best is trial 11 with value: 0.625.
[I 2026-04-13 13:09:09,677] Trial 29 finished with value: 0.45 and parameters: {'n_estimators': 100, 'max_depth': 30, 'gamma': 0.3342657342223368, 'subsample': 0.7469133159483051, 'colsample_bytree': 0.6406124195148003}. Best is trial 11 with value: 0.625.
[I 2026-04-13 13:09:09,755] A new study created in memory with name: rf
[I 2026-04-13 13:09:09,982] Trial 0 finished with value: 0.55 and parameters: {'n_estimators': 189, 'max_depth': 18, 'min_samples_split': 3, 'min_samples_leaf': 10}. Best is trial 0 with value: 0.55.
[I 2026-04-13 13:09:10,382] Trial 1 finished with value: 0.525 and parameters: {'n_estimators': 295, 'max_depth': 14, 'min_samples_split': 8, 'min_samples_leaf': 6}. Best is trial 0 with value: 0.55.
[I 2026-04-13 13:09:10,742] Trial 2 finished with value: 0.55 and parameters: {'n_estimators': 219, 'max_depth': 6, 'min_samples_split': 2, 'min_samples_leaf': 8}. Best is trial 0 with value: 0.55.
[I 2026-04-13 13:09:11,100] Trial 3 finished with value: 0.5 and parameters: {'n_estimators': 276, 'max_depth': 5, 'min_samples_split': 9, 'min_samples_leaf': 3}. Best is trial 0 with value: 0.55.
[I 2026-04-13 13:09:11,521] Trial 4 finished with value: 0.525 and parameters: {'n_estimators': 266, 'max_depth': 8, 'min_samples_split': 7, 'min_samples_leaf': 6}. Best is trial 0 with value: 0.55.
[I 2026-04-13 13:09:11,949] Trial 5 finished with value: 0.525 and parameters: {'n_estimators': 340, 'max_depth': 7, 'min_samples_split': 4, 'min_samples_leaf': 3}. Best is trial 0 with value: 0.55.
[I 2026-04-13 13:09:12,266] Trial 6 finished with value: 0.55 and parameters: {'n_estimators': 231, 'max_depth': 5, 'min_samples_split': 3, 'min_samples_leaf': 10}. Best is trial 0 with value: 0.55.
[I 2026-04-13 13:09:12,916] Trial 7 finished with value: 0.5 and parameters: {'n_estimators': 485, 'max_depth': 6, 'min_samples_split': 2, 'min_samples_leaf': 3}. Best is trial 0 with value: 0.55.
[I 2026-04-13 13:09:13,468] Trial 8 finished with value: 0.525 and parameters: {'n_estimators': 380, 'max_depth': 17, 'min_samples_split': 2, 'min_samples_leaf': 6}. Best is trial 0 with value: 0.55.
[I 2026-04-13 13:09:13,623] Trial 9 finished with value: 0.5 and parameters: {'n_estimators': 100, 'max_depth': 12, 'min_samples_split': 7, 'min_samples_leaf': 10}. Best is trial 0 with value: 0.55.
[I 2026-04-13 13:09:13,855] Trial 10 finished with value: 0.55 and parameters: {'n_estimators': 110, 'max_depth': 20, 'min_samples_split': 5, 'min_samples_leaf': 8}. Best is trial 0 with value: 0.55.
[I 2026-04-13 13:09:14,108] Trial 11 finished with value: 0.55 and parameters: {'n_estimators': 175, 'max_depth': 10, 'min_samples_split': 4, 'min_samples_leaf': 8}. Best is trial 0 with value: 0.55.
[I 2026-04-13 13:09:14,443] Trial 12 finished with value: 0.5 and parameters: {'n_estimators': 184, 'max_depth': 3, 'min_samples_split': 2, 'min_samples_leaf': 8}. Best is trial 0 with value: 0.55.
[I 2026-04-13 13:09:14,778] Trial 13 finished with value: 0.525 and parameters: {'n_estimators': 201, 'max_depth': 15, 'min_samples_split': 5, 'min_samples_leaf': 9}. Best is trial 0 with value: 0.55.
[I 2026-04-13 13:09:15,076] Trial 14 finished with value: 0.4 and parameters: {'n_estimators': 154, 'max_depth': 20, 'min_samples_split': 3, 'min_samples_leaf': 1}. Best is trial 0 with value: 0.55.
[I 2026-04-13 13:09:15,442] Trial 15 finished with value: 0.5 and parameters: {'n_estimators': 235, 'max_depth': 17, 'min_samples_split': 4, 'min_samples_leaf': 9}. Best is trial 0 with value: 0.55.
[I 2026-04-13 13:09:15,937] Trial 16 finished with value: 0.55 and parameters: {'n_estimators': 354, 'max_depth': 10, 'min_samples_split': 10, 'min_samples_leaf': 7}. Best is trial 0 with value: 0.55.
[I 2026-04-13 13:09:16,521] Trial 17 finished with value: 0.6 and parameters: {'n_estimators': 417, 'max_depth': 12, 'min_samples_split': 3, 'min_samples_leaf': 10}. Best is trial 17 with value: 0.6.
[I 2026-04-13 13:09:17,167] Trial 18 finished with value: 0.6 and parameters: {'n_estimators': 441, 'max_depth': 17, 'min_samples_split': 6, 'min_samples_leaf': 10}. Best is trial 17 with value: 0.6.
