[I 2026-04-13 12:58:43,783] Trial 29 finished with value: 0.95 and parameters: {'n_neighbors': 10, 'leaf_size': 25, 'p': 1}. Best is trial 4 with value: 1.0.
[I 2026-04-13 12:58:43,822] A new study created in memory with name: xgb
[I 2026-04-13 12:58:43,849] Trial 0 finished with value: 0.9 and parameters: {'n_estimators': 10, 'max_depth': 30, 'gamma': 0.5768356259735394, 'subsample': 0.7094037142783272, 'colsample_bytree': 0.6677039246366646}. Best is trial 0 with value: 0.9.
[I 2026-04-13 12:58:43,874] Trial 1 finished with value: 0.9 and parameters: {'n_estimators': 100, 'max_depth': 30, 'gamma': 0.9912018442360747, 'subsample': 0.9099290984609207, 'colsample_bytree': 0.7066004674080903}. Best is trial 0 with value: 0.9.
[I 2026-04-13 12:58:43,902] Trial 2 finished with value: 0.9 and parameters: {'n_estimators': 10, 'max_depth': 20, 'gamma': 0.7382185757030506, 'subsample': 0.7704684271512641, 'colsample_bytree': 0.5624120871903049}. Best is trial 0 with value: 0.9.
[I 2026-04-13 12:58:43,929] Trial 3 finished with value: 0.9 and parameters: {'n_estimators': 10, 'max_depth': 20, 'gamma': 0.7041784887453524, 'subsample': 0.7995029565695583, 'colsample_bytree': 0.8586660727777565}. Best is trial 0 with value: 0.9.
[I 2026-04-13 12:58:43,944] Trial 4 finished with value: 0.9 and parameters: {'n_estimators': 10, 'max_depth': 20, 'gamma': 0.46549701645255037, 'subsample': 0.9946899241400011, 'colsample_bytree': 0.725249640372583}. Best is trial 0 with value: 0.9.
[I 2026-04-13 12:58:43,970] Trial 5 finished with value: 0.9 and parameters: {'n_estimators': 40, 'max_depth': 20, 'gamma': 0.3554734452019276, 'subsample': 0.5947710951851903, 'colsample_bytree': 0.7356254823676576}. Best is trial 0 with value: 0.9.
[I 2026-04-13 12:58:44,006] Trial 6 finished with value: 0.9 and parameters: {'n_estimators': 40, 'max_depth': 20, 'gamma': 0.8967376717636345, 'subsample': 0.988276510203839, 'colsample_bytree': 0.9184542964535913}. Best is trial 0 with value: 0.9.
[I 2026-04-13 12:58:44,033] Trial 7 finished with value: 0.9 and parameters: {'n_estimators': 40, 'max_depth': 30, 'gamma': 0.7149068474388774, 'subsample': 0.5696358027454862, 'colsample_bytree': 0.8514125286992056}. Best is trial 0 with value: 0.9.
[I 2026-04-13 12:58:44,090] Trial 8 finished with value: 0.9 and parameters: {'n_estimators': 100, 'max_depth': 30, 'gamma': 0.2471398756881566, 'subsample': 0.8241126205332553, 'colsample_bytree': 0.6258070715852391}. Best is trial 0 with value: 0.9.
[I 2026-04-13 12:58:44,122] Trial 9 finished with value: 0.9 and parameters: {'n_estimators': 40, 'max_depth': 30, 'gamma': 0.8599846034069103, 'subsample': 0.8019332783535529, 'colsample_bytree': 0.7936068454878676}. Best is trial 0 with value: 0.9.
[I 2026-04-13 12:58:44,163] Trial 10 finished with value: 0.9 and parameters: {'n_estimators': 10, 'max_depth': 5, 'gamma': 0.11132541504315885, 'subsample': 0.6518824205184826, 'colsample_bytree': 0.5222467176724002}. Best is trial 0 with value: 0.9.
[I 2026-04-13 12:58:44,216] Trial 11 finished with value: 0.9 and parameters: {'n_estimators': 100, 'max_depth': 30, 'gamma': 0.9681903397412062, 'subsample': 0.8909531909241379, 'colsample_bytree': 0.6608770902048942}. Best is trial 0 with value: 0.9.
[I 2026-04-13 12:58:44,267] Trial 12 finished with value: 0.9 and parameters: {'n_estimators': 100, 'max_depth': 30, 'gamma': 0.5299926855017165, 'subsample': 0.6848009387186493, 'colsample_bytree': 0.651791846963555}. Best is trial 0 with value: 0.9.
[I 2026-04-13 12:58:44,307] Trial 13 finished with value: 0.9 and parameters: {'n_estimators': 100, 'max_depth': 5, 'gamma': 0.626711129198294, 'subsample': 0.7001853800090055, 'colsample_bytree': 0.712752570473077}. Best is trial 0 with value: 0.9.
[I 2026-04-13 12:58:44,373] Trial 14 finished with value: 0.9 and parameters: {'n_estimators': 100, 'max_depth': 30, 'gamma': 0.4000023985818805, 'subsample': 0.8940181087620663, 'colsample_bytree': 0.596389989619073}. Best is trial 0 with value: 0.9.
[I 2026-04-13 12:58:44,410] Trial 15 finished with value: 0.85 and parameters: {'n_estimators': 10, 'max_depth': 30, 'gamma': 0.8361750979473885, 'subsample': 0.5052985200248541, 'colsample_bytree': 0.9888939439492501}. Best is trial 0 with value: 0.9.
[I 2026-04-13 12:58:44,451] Trial 16 finished with value: 0.9 and parameters: {'n_estimators': 10, 'max_depth': 5, 'gamma': 0.991314742891843, 'subsample': 0.8787287422282001, 'colsample_bytree': 0.7917736739504313}. Best is trial 0 with value: 0.9.
[I 2026-04-13 12:58:44,515] Trial 17 finished with value: 0.9 and parameters: {'n_estimators': 100, 'max_depth': 30, 'gamma': 0.5818209581005225, 'subsample': 0.7369637418182623, 'colsample_bytree': 0.5064839807832304}. Best is trial 0 with value: 0.9.
[I 2026-04-13 12:58:44,565] Trial 18 finished with value: 0.9 and parameters: {'n_estimators': 100, 'max_depth': 30, 'gamma': 0.25368366843950607, 'subsample': 0.9349024637789001, 'colsample_bytree': 0.6735042672265268}. Best is trial 0 with value: 0.9.
[I 2026-04-13 12:58:44,604] Trial 19 finished with value: 0.9 and parameters: {'n_estimators': 10, 'max_depth': 30, 'gamma': 0.7930613875242585, 'subsample': 0.6342385505944843, 'colsample_bytree': 0.7858104741672305}. Best is trial 0 with value: 0.9.
[I 2026-04-13 12:58:44,640] Trial 20 finished with value: 0.9 and parameters: {'n_estimators': 100, 'max_depth': 5, 'gamma': 0.6397877373108088, 'subsample': 0.7313679690001857, 'colsample_bytree': 0.5848642489980329}. Best is trial 0 with value: 0.9.
[I 2026-04-13 12:58:44,679] Trial 21 finished with value: 0.9 and parameters: {'n_estimators': 10, 'max_depth': 20, 'gamma': 0.7690811247027735, 'subsample': 0.7800195833881419, 'colsample_bytree': 0.6030862483626268}. Best is trial 0 with value: 0.9.
[I 2026-04-13 12:58:44,716] Trial 22 finished with value: 0.9 and parameters: {'n_estimators': 10, 'max_depth': 20, 'gamma': 0.5116035986306421, 'subsample': 0.8354262785070001, 'colsample_bytree': 0.5516591717675228}. Best is trial 0 with value: 0.9.
[I 2026-04-13 12:58:44,755] Trial 23 finished with value: 0.9 and parameters: {'n_estimators': 10, 'max_depth': 20, 'gamma': 0.9045285750179193, 'subsample': 0.9344021068516876, 'colsample_bytree': 0.6862749161754073}. Best is trial 0 with value: 0.9.
[I 2026-04-13 12:58:44,799] Trial 24 finished with value: 0.9 and parameters: {'n_estimators': 10, 'max_depth': 30, 'gamma': 0.6877453009733242, 'subsample': 0.7490674693549982, 'colsample_bytree': 0.5649751610154615}. Best is trial 0 with value: 0.9.
[I 2026-04-13 12:58:44,835] Trial 25 finished with value: 0.9 and parameters: {'n_estimators': 10, 'max_depth': 20, 'gamma': 0.7798197551781508, 'subsample': 0.8487825922342104, 'colsample_bytree': 0.6322894661279336}. Best is trial 0 with value: 0.9.
[I 2026-04-13 12:58:44,859] Trial 26 finished with value: 0.9 and parameters: {'n_estimators': 10, 'max_depth': 30, 'gamma': 0.4450679259218169, 'subsample': 0.7687845598212872, 'colsample_bytree': 0.6957485573604266}. Best is trial 0 with value: 0.9.
[I 2026-04-13 12:58:44,900] Trial 27 finished with value: 0.9 and parameters: {'n_estimators': 10, 'max_depth': 30, 'gamma': 0.5881334220928116, 'subsample': 0.6935440331517346, 'colsample_bytree': 0.7552801880410026}. Best is trial 0 with value: 0.9.
[I 2026-04-13 12:58:44,934] Trial 28 finished with value: 0.9 and parameters: {'n_estimators': 40, 'max_depth': 5, 'gamma': 0.9449231636634244, 'subsample': 0.9389509016319153, 'colsample_bytree': 0.5393349364245235}. Best is trial 0 with value: 0.9.
[I 2026-04-13 12:58:44,985] Trial 29 finished with value: 0.9 and parameters: {'n_estimators': 100, 'max_depth': 20, 'gamma': 0.6694224841587507, 'subsample': 0.6316552057778516, 'colsample_bytree': 0.8398260418743217}. Best is trial 0 with value: 0.9.
[I 2026-04-13 12:58:45,049] A new study created in memory with name: rf
[I 2026-04-13 12:58:45,608] Trial 0 finished with value: 0.9 and parameters: {'n_estimators': 458, 'max_depth': 8, 'min_samples_split': 9, 'min_samples_leaf': 1}. Best is trial 0 with value: 0.9.
[I 2026-04-13 12:58:45,857] Trial 1 finished with value: 0.9 and parameters: {'n_estimators': 143, 'max_depth': 13, 'min_samples_split': 6, 'min_samples_leaf': 5}. Best is trial 0 with value: 0.9.
[I 2026-04-13 12:58:46,184] Trial 2 finished with value: 0.5 and parameters: {'n_estimators': 234, 'max_depth': 14, 'min_samples_split': 5, 'min_samples_leaf': 8}. Best is trial 0 with value: 0.9.
[I 2026-04-13 12:58:46,572] Trial 3 finished with value: 0.5 and parameters: {'n_estimators': 307, 'max_depth': 13, 'min_samples_split': 7, 'min_samples_leaf': 10}. Best is trial 0 with value: 0.9.
[I 2026-04-13 12:58:47,113] Trial 4 finished with value: 0.5 and parameters: {'n_estimators': 428, 'max_depth': 10, 'min_samples_split': 9, 'min_samples_leaf': 9}. Best is trial 0 with value: 0.9.
[I 2026-04-13 12:58:47,298] Trial 5 finished with value: 0.5 and parameters: {'n_estimators': 121, 'max_depth': 15, 'min_samples_split': 9, 'min_samples_leaf': 8}. Best is trial 0 with value: 0.9.
[I 2026-04-13 12:58:47,778] Trial 6 finished with value: 0.5 and parameters: {'n_estimators': 384, 'max_depth': 12, 'min_samples_split': 3, 'min_samples_leaf': 10}. Best is trial 0 with value: 0.9.
[I 2026-04-13 12:58:48,168] Trial 7 finished with value: 0.5 and parameters: {'n_estimators': 261, 'max_depth': 6, 'min_samples_split': 8, 'min_samples_leaf': 10}. Best is trial 0 with value: 0.9.
[I 2026-04-13 12:58:48,455] Trial 8 finished with value: 0.5 and parameters: {'n_estimators': 202, 'max_depth': 15, 'min_samples_split': 7, 'min_samples_leaf': 8}. Best is trial 0 with value: 0.9.
[I 2026-04-13 12:58:49,023] Trial 9 finished with value: 0.9 and parameters: {'n_estimators': 475, 'max_depth': 9, 'min_samples_split': 4, 'min_samples_leaf': 5}. Best is trial 0 with value: 0.9.
[I 2026-04-13 12:58:49,536] Trial 10 finished with value: 0.9 and parameters: {'n_estimators': 352, 'max_depth': 20, 'min_samples_split': 10, 'min_samples_leaf': 1}. Best is trial 0 with value: 0.9.
[I 2026-04-13 12:58:49,747] Trial 11 finished with value: 0.9 and parameters: {'n_estimators': 110, 'max_depth': 4, 'min_samples_split': 6, 'min_samples_leaf': 1}. Best is trial 0 with value: 0.9.
[I 2026-04-13 12:58:50,342] Trial 12 finished with value: 0.9 and parameters: {'n_estimators': 489, 'max_depth': 7, 'min_samples_split': 2, 'min_samples_leaf': 4}. Best is trial 0 with value: 0.9.
[I 2026-04-13 12:58:50,647] Trial 13 finished with value: 0.9 and parameters: {'n_estimators': 201, 'max_depth': 18, 'min_samples_split': 5, 'min_samples_leaf': 3}. Best is trial 0 with value: 0.9.
[I 2026-04-13 12:58:50,903] Trial 14 finished with value: 0.9 and parameters: {'n_estimators': 157, 'max_depth': 9, 'min_samples_split': 7, 'min_samples_leaf': 6}. Best is trial 0 with value: 0.9.
[I 2026-04-13 12:58:51,337] Trial 15 finished with value: 0.9 and parameters: {'n_estimators': 308, 'max_depth': 3, 'min_samples_split': 10, 'min_samples_leaf': 3}. Best is trial 0 with value: 0.9.
[I 2026-04-13 12:58:51,907] Trial 16 finished with value: 0.9 and parameters: {'n_estimators': 423, 'max_depth': 17, 'min_samples_split': 6, 'min_samples_leaf': 6}. Best is trial 0 with value: 0.9.
[I 2026-04-13 12:58:52,394] Trial 17 finished with value: 0.9 and parameters: {'n_estimators': 339, 'max_depth': 11, 'min_samples_split': 8, 'min_samples_leaf': 2}. Best is trial 0 with value: 0.9.
[I 2026-04-13 12:58:52,769] Trial 18 finished with value: 0.9 and parameters: {'n_estimators': 264, 'max_depth': 7, 'min_samples_split': 5, 'min_samples_leaf': 5}. Best is trial 0 with value: 0.9.
[I 2026-04-13 12:58:53,334] Trial 19 finished with value: 0.9 and parameters: {'n_estimators': 433, 'max_depth': 6, 'min_samples_split': 8, 'min_samples_leaf': 3}. Best is trial 0 with value: 0.9.
[I 2026-04-13 12:58:53,606] Trial 20 finished with value: 0.9 and parameters: {'n_estimators': 167, 'max_depth': 11, 'min_samples_split': 4, 'min_samples_leaf': 2}. Best is trial 0 with value: 0.9.
[I 2026-04-13 12:58:54,174] Trial 21 finished with value: 0.9 and parameters: {'n_estimators': 487, 'max_depth': 9, 'min_samples_split': 4, 'min_samples_leaf': 5}. Best is trial 0 with value: 0.9.
[I 2026-04-13 12:58:54,742] Trial 22 finished with value: 0.7 and parameters: {'n_estimators': 466, 'max_depth': 8, 'min_samples_split': 3, 'min_samples_leaf': 7}. Best is trial 0 with value: 0.9.
[I 2026-04-13 12:58:55,205] Trial 23 finished with value: 0.9 and parameters: {'n_estimators': 383, 'max_depth': 5, 'min_samples_split': 4, 'min_samples_leaf': 4}. Best is trial 0 with value: 0.9.
[I 2026-04-13 12:58:55,822] Trial 24 finished with value: 0.9 and parameters: {'n_estimators': 462, 'max_depth': 12, 'min_samples_split': 6, 'min_samples_leaf': 4}. Best is trial 0 with value: 0.9.
[I 2026-04-13 12:58:56,352] Trial 25 finished with value: 0.5 and parameters: {'n_estimators': 398, 'max_depth': 9, 'min_samples_split': 2, 'min_samples_leaf': 7}. Best is trial 0 with value: 0.9.
[I 2026-04-13 12:58:56,991] Trial 26 finished with value: 0.9 and parameters: {'n_estimators': 500, 'max_depth': 10, 'min_samples_split': 3, 'min_samples_leaf': 5}. Best is trial 0 with value: 0.9.
[I 2026-04-13 12:58:57,649] Trial 27 finished with value: 0.9 and parameters: {'n_estimators': 446, 'max_depth': 13, 'min_samples_split': 9, 'min_samples_leaf': 2}. Best is trial 0 with value: 0.9.
[I 2026-04-13 12:58:58,132] Trial 28 finished with value: 0.9 and parameters: {'n_estimators': 346, 'max_depth': 16, 'min_samples_split': 6, 'min_samples_leaf': 6}. Best is trial 0 with value: 0.9.
[I 2026-04-13 12:58:58,504] Trial 29 finished with value: 0.6 and parameters: {'n_estimators': 259, 'max_depth': 14, 'min_samples_split': 5, 'min_samples_leaf': 7}. Best is trial 0 with value: 0.9.
[I 2026-04-13 12:58:59,755] A new study created in memory with name: mlp
[I 2026-04-13 12:58:59,820] Trial 0 finished with value: 0.95 and parameters: {'hidden_layer_sizes': (100,), 'max_iter': 100, 'alpha': 0.0001}. Best is trial 0 with value: 0.95.
[I 2026-04-13 12:58:59,916] Trial 1 finished with value: 0.95 and parameters: {'hidden_layer_sizes': (100, 100), 'max_iter': 100, 'alpha': 0.001}. Best is trial 0 with value: 0.95.
[I 2026-04-13 12:58:59,993] Trial 2 finished with value: 0.95 and parameters: {'hidden_layer_sizes': (200,), 'max_iter': 100, 'alpha': 0.0001}. Best is trial 0 with value: 0.95.
[I 2026-04-13 12:59:00,049] Trial 3 finished with value: 0.95 and parameters: {'hidden_layer_sizes': (200,), 'max_iter': 50, 'alpha': 0.001}. Best is trial 0 with value: 0.95.
[I 2026-04-13 12:59:00,104] Trial 4 finished with value: 1.0 and parameters: {'hidden_layer_sizes': (100, 100), 'max_iter': 50, 'alpha': 0.0001}. Best is trial 4 with value: 1.0.
[I 2026-04-13 12:59:00,189] Trial 5 finished with value: 0.95 and parameters: {'hidden_layer_sizes': (200,), 'max_iter': 100, 'alpha': 0.0001}. Best is trial 4 with value: 1.0.
[I 2026-04-13 12:59:00,273] Trial 6 finished with value: 0.95 and parameters: {'hidden_layer_sizes': (200,), 'max_iter': 100, 'alpha': 0.001}. Best is trial 4 with value: 1.0.
[I 2026-04-13 12:59:00,339] Trial 7 finished with value: 0.95 and parameters: {'hidden_layer_sizes': (100,), 'max_iter': 100, 'alpha': 0.001}. Best is trial 4 with value: 1.0.
[I 2026-04-13 12:59:00,404] Trial 8 finished with value: 0.95 and parameters: {'hidden_layer_sizes': (100, 100), 'max_iter': 100, 'alpha': 0.0001}. Best is trial 4 with value: 1.0.
[I 2026-04-13 12:59:00,468] Trial 9 finished with value: 0.95 and parameters: {'hidden_layer_sizes': (200,), 'max_iter': 100, 'alpha': 0.0001}. Best is trial 4 with value: 1.0.
[I 2026-04-13 12:59:00,517] Trial 10 finished with value: 0.95 and parameters: {'hidden_layer_sizes': (100, 100), 'max_iter': 50, 'alpha': 0.0001}. Best is trial 4 with value: 1.0.
[I 2026-04-13 12:59:00,559] Trial 11 finished with value: 1.0 and parameters: {'hidden_layer_sizes': (100,), 'max_iter': 50, 'alpha': 0.0001}. Best is trial 4 with value: 1.0.
[I 2026-04-13 12:59:00,604] Trial 12 finished with value: 0.95 and parameters: {'hidden_layer_sizes': (100,), 'max_iter': 50, 'alpha': 0.0001}. Best is trial 4 with value: 1.0.
[I 2026-04-13 12:59:00,650] Trial 13 finished with value: 0.95 and parameters: {'hidden_layer_sizes': (100,), 'max_iter': 50, 'alpha': 0.0001}. Best is trial 4 with value: 1.0.
[I 2026-04-13 12:59:00,706] Trial 14 finished with value: 0.9 and parameters: {'hidden_layer_sizes': (100, 100), 'max_iter': 50, 'alpha': 0.0001}. Best is trial 4 with value: 1.0.
[I 2026-04-13 12:59:00,753] Trial 15 finished with value: 0.95 and parameters: {'hidden_layer_sizes': (100,), 'max_iter': 50, 'alpha': 0.0001}. Best is trial 4 with value: 1.0.
[I 2026-04-13 12:59:00,808] Trial 16 finished with value: 0.95 and parameters: {'hidden_layer_sizes': (100, 100), 'max_iter': 50, 'alpha': 0.0001}. Best is trial 4 with value: 1.0.
[I 2026-04-13 12:59:00,854] Trial 17 finished with value: 1.0 and parameters: {'hidden_layer_sizes': (100, 100), 'max_iter': 50, 'alpha': 0.0001}. Best is trial 4 with value: 1.0.
[I 2026-04-13 12:59:00,889] Trial 18 finished with value: 0.95 and parameters: {'hidden_layer_sizes': (100,), 'max_iter': 50, 'alpha': 0.001}. Best is trial 4 with value: 1.0.
[I 2026-04-13 12:59:00,933] Trial 19 finished with value: 0.95 and parameters: {'hidden_layer_sizes': (100, 100), 'max_iter': 50, 'alpha': 0.0001}. Best is trial 4 with value: 1.0.
[I 2026-04-13 12:59:00,978] Trial 20 finished with value: 0.95 and parameters: {'hidden_layer_sizes': (100,), 'max_iter': 50, 'alpha': 0.0001}. Best is trial 4 with value: 1.0.
[I 2026-04-13 12:59:01,024] Trial 21 finished with value: 0.95 and parameters: {'hidden_layer_sizes': (100, 100), 'max_iter': 50, 'alpha': 0.0001}. Best is trial 4 with value: 1.0.
[I 2026-04-13 12:59:01,093] Trial 22 finished with value: 0.95 and parameters: {'hidden_layer_sizes': (100, 100), 'max_iter': 50, 'alpha': 0.0001}. Best is trial 4 with value: 1.0.
[I 2026-04-13 12:59:01,150] Trial 23 finished with value: 0.95 and parameters: {'hidden_layer_sizes': (100, 100), 'max_iter': 50, 'alpha': 0.0001}. Best is trial 4 with value: 1.0.
[I 2026-04-13 12:59:01,245] Trial 24 finished with value: 0.95 and parameters: {'hidden_layer_sizes': (100, 100), 'max_iter': 50, 'alpha': 0.0001}. Best is trial 4 with value: 1.0.
[I 2026-04-13 12:59:01,322] Trial 25 finished with value: 0.95 and parameters: {'hidden_layer_sizes': (100, 100), 'max_iter': 50, 'alpha': 0.0001}. Best is trial 4 with value: 1.0.
[I 2026-04-13 12:59:01,398] Trial 26 finished with value: 1.0 and parameters: {'hidden_layer_sizes': (100,), 'max_iter': 50, 'alpha': 0.001}. Best is trial 4 with value: 1.0.
[I 2026-04-13 12:59:01,467] Trial 27 finished with value: 0.95 and parameters: {'hidden_layer_sizes': (100, 100), 'max_iter': 50, 'alpha': 0.0001}. Best is trial 4 with value: 1.0.
[I 2026-04-13 12:59:01,538] Trial 28 finished with value: 1.0 and parameters: {'hidden_layer_sizes': (100, 100), 'max_iter': 50, 'alpha': 0.0001}. Best is trial 4 with value: 1.0.
[I 2026-04-13 12:59:01,616] Trial 29 finished with value: 0.95 and parameters: {'hidden_layer_sizes': (100,), 'max_iter': 50, 'alpha': 0.0001}. Best is trial 4 with value: 1.0.
[I 2026-04-13 12:59:01,995] A new study created in memory with name: naive_bayes
[I 2026-04-13 12:59:02,012] Trial 0 finished with value: 0.55 and parameters: {'var_smoothing': 1.4210736239935712e-10}. Best is trial 0 with value: 0.55.
[I 2026-04-13 12:59:02,026] Trial 1 finished with value: 0.55 and parameters: {'var_smoothing': 3.629422978396398e-09}. Best is trial 0 with value: 0.55.
[I 2026-04-13 12:59:02,041] Trial 2 finished with value: 0.55 and parameters: {'var_smoothing': 7.530407234027127e-10}. Best is trial 0 with value: 0.55.
[I 2026-04-13 12:59:02,054] Trial 3 finished with value: 0.55 and parameters: {'var_smoothing': 2.7985325053380072e-09}. Best is trial 0 with value: 0.55.
[I 2026-04-13 12:59:02,068] Trial 4 finished with value: 0.55 and parameters: {'var_smoothing': 9.036058293737187e-09}. Best is trial 0 with value: 0.55.
[I 2026-04-13 12:59:02,082] Trial 5 finished with value: 0.55 and parameters: {'var_smoothing': 1.1939653980558784e-09}. Best is trial 0 with value: 0.55.
[I 2026-04-13 12:59:02,095] Trial 6 finished with value: 0.55 and parameters: {'var_smoothing': 1.005173261185167e-09}. Best is trial 0 with value: 0.55.
[I 2026-04-13 12:59:02,109] Trial 7 finished with value: 0.55 and parameters: {'var_smoothing': 1.393484899105757e-10}. Best is trial 0 with value: 0.55.
[I 2026-04-13 12:59:02,123] Trial 8 finished with value: 0.55 and parameters: {'var_smoothing': 3.4425317961147986e-10}. Best is trial 0 with value: 0.55.
[I 2026-04-13 12:59:02,137] Trial 9 finished with value: 0.55 and parameters: {'var_smoothing': 9.994590426751933e-10}. Best is trial 0 with value: 0.55.
[I 2026-04-13 12:59:02,154] Trial 10 finished with value: 0.55 and parameters: {'var_smoothing': 1.9079938112167212e-10}. Best is trial 0 with value: 0.55.
[I 2026-04-13 12:59:02,171] Trial 11 finished with value: 0.55 and parameters: {'var_smoothing': 4.7456863630433305e-09}. Best is trial 0 with value: 0.55.
[I 2026-04-13 12:59:02,187] Trial 12 finished with value: 0.55 and parameters: {'var_smoothing': 2.7185365295481096e-09}. Best is trial 0 with value: 0.55.
[I 2026-04-13 12:59:02,215] Trial 13 finished with value: 0.55 and parameters: {'var_smoothing': 4.3967291332584714e-10}. Best is trial 0 with value: 0.55.
[I 2026-04-13 12:59:02,233] Trial 14 finished with value: 0.55 and parameters: {'var_smoothing': 2.6511307931162972e-09}. Best is trial 0 with value: 0.55.
[I 2026-04-13 12:59:02,251] Trial 15 finished with value: 0.55 and parameters: {'var_smoothing': 9.000422035369052e-09}. Best is trial 0 with value: 0.55.
[I 2026-04-13 12:59:02,270] Trial 16 finished with value: 0.55 and parameters: {'var_smoothing': 2.75340575769171e-10}. Best is trial 0 with value: 0.55.
