[I 2026-04-13 12:52:37,571] Trial 25 finished with value: 0.4 and parameters: {'C': 0.1486078410907991, 'penalty': 'l2'}. Best is trial 14 with value: 0.55.
[I 2026-04-13 12:52:37,597] Trial 26 finished with value: 0.5 and parameters: {'C': 5.610116065926081, 'penalty': 'l2'}. Best is trial 14 with value: 0.55.
[I 2026-04-13 12:52:37,623] Trial 27 finished with value: 0.5 and parameters: {'C': 24.11920226472095, 'penalty': 'l2'}. Best is trial 14 with value: 0.55.
[I 2026-04-13 12:52:37,650] Trial 28 finished with value: 0.4 and parameters: {'C': 0.10303880194449248, 'penalty': 'l2'}. Best is trial 14 with value: 0.55.
[I 2026-04-13 12:52:37,679] Trial 29 finished with value: 0.45 and parameters: {'C': 0.7984650655295623, 'penalty': 'l2'}. Best is trial 14 with value: 0.55.
[I 2026-04-13 12:52:40,380] A new study created in memory with name: knn
[I 2026-04-13 12:52:40,393] Trial 0 finished with value: 0.35 and parameters: {'n_neighbors': 4, 'leaf_size': 38, 'p': 2}. Best is trial 0 with value: 0.35.
[I 2026-04-13 12:52:40,406] Trial 1 finished with value: 0.45 and parameters: {'n_neighbors': 6, 'leaf_size': 32, 'p': 1}. Best is trial 1 with value: 0.45.
[I 2026-04-13 12:52:40,424] Trial 2 finished with value: 0.45 and parameters: {'n_neighbors': 5, 'leaf_size': 23, 'p': 2}. Best is trial 1 with value: 0.45.
[I 2026-04-13 12:52:40,447] Trial 3 finished with value: 0.45 and parameters: {'n_neighbors': 6, 'leaf_size': 23, 'p': 1}. Best is trial 1 with value: 0.45.
[I 2026-04-13 12:52:40,470] Trial 4 finished with value: 0.45 and parameters: {'n_neighbors': 6, 'leaf_size': 26, 'p': 1}. Best is trial 1 with value: 0.45.
[I 2026-04-13 12:52:40,482] Trial 5 finished with value: 0.55 and parameters: {'n_neighbors': 7, 'leaf_size': 25, 'p': 1}. Best is trial 5 with value: 0.55.
[I 2026-04-13 12:52:40,495] Trial 6 finished with value: 0.45 and parameters: {'n_neighbors': 5, 'leaf_size': 23, 'p': 2}. Best is trial 5 with value: 0.55.
[I 2026-04-13 12:52:40,518] Trial 7 finished with value: 0.55 and parameters: {'n_neighbors': 10, 'leaf_size': 23, 'p': 2}. Best is trial 5 with value: 0.55.
[I 2026-04-13 12:52:40,541] Trial 8 finished with value: 0.5 and parameters: {'n_neighbors': 8, 'leaf_size': 36, 'p': 2}. Best is trial 5 with value: 0.55.
[I 2026-04-13 12:52:40,554] Trial 9 finished with value: 0.35 and parameters: {'n_neighbors': 3, 'leaf_size': 30, 'p': 2}. Best is trial 5 with value: 0.55.
[I 2026-04-13 12:52:40,576] Trial 10 finished with value: 0.45 and parameters: {'n_neighbors': 8, 'leaf_size': 29, 'p': 1}. Best is trial 5 with value: 0.55.
[I 2026-04-13 12:52:40,606] Trial 11 finished with value: 0.55 and parameters: {'n_neighbors': 10, 'leaf_size': 20, 'p': 1}. Best is trial 5 with value: 0.55.
[I 2026-04-13 12:52:40,649] Trial 12 finished with value: 0.55 and parameters: {'n_neighbors': 10, 'leaf_size': 27, 'p': 1}. Best is trial 5 with value: 0.55.
[I 2026-04-13 12:52:40,685] Trial 13 finished with value: 0.5 and parameters: {'n_neighbors': 8, 'leaf_size': 20, 'p': 2}. Best is trial 5 with value: 0.55.
[I 2026-04-13 12:52:40,736] Trial 14 finished with value: 0.45 and parameters: {'n_neighbors': 9, 'leaf_size': 25, 'p': 2}. Best is trial 5 with value: 0.55.
[I 2026-04-13 12:52:40,764] Trial 15 finished with value: 0.55 and parameters: {'n_neighbors': 7, 'leaf_size': 33, 'p': 1}. Best is trial 5 with value: 0.55.
[I 2026-04-13 12:52:40,806] Trial 16 finished with value: 0.45 and parameters: {'n_neighbors': 9, 'leaf_size': 27, 'p': 1}. Best is trial 5 with value: 0.55.
[I 2026-04-13 12:52:40,843] Trial 17 finished with value: 0.55 and parameters: {'n_neighbors': 7, 'leaf_size': 22, 'p': 2}. Best is trial 5 with value: 0.55.
[I 2026-04-13 12:52:40,880] Trial 18 finished with value: 0.45 and parameters: {'n_neighbors': 9, 'leaf_size': 25, 'p': 1}. Best is trial 5 with value: 0.55.
[I 2026-04-13 12:52:40,908] Trial 19 finished with value: 0.55 and parameters: {'n_neighbors': 10, 'leaf_size': 30, 'p': 2}. Best is trial 5 with value: 0.55.
[I 2026-04-13 12:52:40,961] Trial 20 finished with value: 0.35 and parameters: {'n_neighbors': 3, 'leaf_size': 40, 'p': 2}. Best is trial 5 with value: 0.55.
[I 2026-04-13 12:52:40,983] Trial 21 finished with value: 0.55 and parameters: {'n_neighbors': 10, 'leaf_size': 20, 'p': 1}. Best is trial 5 with value: 0.55.
[I 2026-04-13 12:52:41,033] Trial 22 finished with value: 0.45 and parameters: {'n_neighbors': 9, 'leaf_size': 21, 'p': 1}. Best is trial 5 with value: 0.55.
[I 2026-04-13 12:52:41,054] Trial 23 finished with value: 0.55 and parameters: {'n_neighbors': 10, 'leaf_size': 24, 'p': 1}. Best is trial 5 with value: 0.55.
[I 2026-04-13 12:52:41,085] Trial 24 finished with value: 0.45 and parameters: {'n_neighbors': 8, 'leaf_size': 21, 'p': 1}. Best is trial 5 with value: 0.55.
[I 2026-04-13 12:52:41,116] Trial 25 finished with value: 0.45 and parameters: {'n_neighbors': 9, 'leaf_size': 27, 'p': 1}. Best is trial 5 with value: 0.55.
[I 2026-04-13 12:52:41,138] Trial 26 finished with value: 0.55 and parameters: {'n_neighbors': 7, 'leaf_size': 22, 'p': 1}. Best is trial 5 with value: 0.55.
[I 2026-04-13 12:52:41,195] Trial 27 finished with value: 0.55 and parameters: {'n_neighbors': 10, 'leaf_size': 25, 'p': 1}. Best is trial 5 with value: 0.55.
[I 2026-04-13 12:52:41,273] Trial 28 finished with value: 0.45 and parameters: {'n_neighbors': 9, 'leaf_size': 21, 'p': 2}. Best is trial 5 with value: 0.55.
[I 2026-04-13 12:52:41,305] Trial 29 finished with value: 0.35 and parameters: {'n_neighbors': 4, 'leaf_size': 28, 'p': 2}. Best is trial 5 with value: 0.55.
[I 2026-04-13 12:52:41,988] A new study created in memory with name: xgb
[I 2026-04-13 12:52:42,013] Trial 0 finished with value: 0.45 and parameters: {'n_estimators': 40, 'max_depth': 5, 'gamma': 0.789317070832284, 'subsample': 0.7592089939364717, 'colsample_bytree': 0.648400250788111}. Best is trial 0 with value: 0.45.
[I 2026-04-13 12:52:42,062] Trial 1 finished with value: 0.45 and parameters: {'n_estimators': 100, 'max_depth': 30, 'gamma': 0.34667781579300216, 'subsample': 0.7071175095405257, 'colsample_bytree': 0.6480399663668239}. Best is trial 0 with value: 0.45.
[I 2026-04-13 12:52:42,088] Trial 2 finished with value: 0.45 and parameters: {'n_estimators': 10, 'max_depth': 20, 'gamma': 0.3948075529198607, 'subsample': 0.5720821503267102, 'colsample_bytree': 0.5828064306006338}. Best is trial 0 with value: 0.45.
[I 2026-04-13 12:52:42,112] Trial 3 finished with value: 0.6 and parameters: {'n_estimators': 10, 'max_depth': 30, 'gamma': 0.8015631269999768, 'subsample': 0.5114665462195407, 'colsample_bytree': 0.788831429064878}. Best is trial 3 with value: 0.6.
[I 2026-04-13 12:52:42,150] Trial 4 finished with value: 0.4 and parameters: {'n_estimators': 100, 'max_depth': 5, 'gamma': 0.8834347783013348, 'subsample': 0.961374806972835, 'colsample_bytree': 0.5011071062662218}. Best is trial 3 with value: 0.6.
[I 2026-04-13 12:52:42,178] Trial 5 finished with value: 0.45 and parameters: {'n_estimators': 40, 'max_depth': 5, 'gamma': 0.5364379674896123, 'subsample': 0.5145557818363589, 'colsample_bytree': 0.5432628442011025}. Best is trial 3 with value: 0.6.
[I 2026-04-13 12:52:42,215] Trial 6 finished with value: 0.4 and parameters: {'n_estimators': 100, 'max_depth': 20, 'gamma': 0.6718205850237038, 'subsample': 0.9059511955902053, 'colsample_bytree': 0.9633413076219371}. Best is trial 3 with value: 0.6.
[I 2026-04-13 12:52:42,240] Trial 7 finished with value: 0.55 and parameters: {'n_estimators': 10, 'max_depth': 30, 'gamma': 0.8165284487704038, 'subsample': 0.5255714015506736, 'colsample_bytree': 0.594333867896554}. Best is trial 3 with value: 0.6.
[I 2026-04-13 12:52:42,286] Trial 8 finished with value: 0.4 and parameters: {'n_estimators': 100, 'max_depth': 20, 'gamma': 0.6251497693480509, 'subsample': 0.9696496759824258, 'colsample_bytree': 0.9717700410079397}. Best is trial 3 with value: 0.6.
[I 2026-04-13 12:52:42,331] Trial 9 finished with value: 0.45 and parameters: {'n_estimators': 40, 'max_depth': 30, 'gamma': 0.9649927737686168, 'subsample': 0.6857563076640036, 'colsample_bytree': 0.5061847058001788}. Best is trial 3 with value: 0.6.
[I 2026-04-13 12:52:42,382] Trial 10 finished with value: 0.45 and parameters: {'n_estimators': 10, 'max_depth': 30, 'gamma': 0.17962098877423716, 'subsample': 0.8185311023645913, 'colsample_bytree': 0.8181024979210034}. Best is trial 3 with value: 0.6.
[I 2026-04-13 12:52:42,420] Trial 11 finished with value: 0.55 and parameters: {'n_estimators': 10, 'max_depth': 30, 'gamma': 0.778081258797679, 'subsample': 0.5991596377711633, 'colsample_bytree': 0.7769611731360244}. Best is trial 3 with value: 0.6.
[I 2026-04-13 12:52:42,456] Trial 12 finished with value: 0.6 and parameters: {'n_estimators': 10, 'max_depth': 30, 'gamma': 0.8094651470083497, 'subsample': 0.5249228561883639, 'colsample_bytree': 0.8598621156140489}. Best is trial 3 with value: 0.6.
[I 2026-04-13 12:52:42,492] Trial 13 finished with value: 0.45 and parameters: {'n_estimators': 10, 'max_depth': 30, 'gamma': 0.9847159523011899, 'subsample': 0.6411093055389533, 'colsample_bytree': 0.8629752763039339}. Best is trial 3 with value: 0.6.
[I 2026-04-13 12:52:42,536] Trial 14 finished with value: 0.6 and parameters: {'n_estimators': 10, 'max_depth': 30, 'gamma': 0.6824661299899393, 'subsample': 0.5077589788523803, 'colsample_bytree': 0.91268926682469}. Best is trial 3 with value: 0.6.
[I 2026-04-13 12:52:42,577] Trial 15 finished with value: 0.45 and parameters: {'n_estimators': 10, 'max_depth': 30, 'gamma': 0.5549594265687077, 'subsample': 0.5942705836955756, 'colsample_bytree': 0.7216147698615196}. Best is trial 3 with value: 0.6.
[I 2026-04-13 12:52:42,616] Trial 16 finished with value: 0.45 and parameters: {'n_estimators': 10, 'max_depth': 30, 'gamma': 0.8655462465324353, 'subsample': 0.7966401265766836, 'colsample_bytree': 0.7270312449723347}. Best is trial 3 with value: 0.6.
[I 2026-04-13 12:52:42,659] Trial 17 finished with value: 0.4 and parameters: {'n_estimators': 10, 'max_depth': 30, 'gamma': 0.7280675696012222, 'subsample': 0.6501162750724356, 'colsample_bytree': 0.8731434460762393}. Best is trial 3 with value: 0.6.
[I 2026-04-13 12:52:42,697] Trial 18 finished with value: 0.5 and parameters: {'n_estimators': 10, 'max_depth': 20, 'gamma': 0.44300954879266374, 'subsample': 0.553194872894814, 'colsample_bytree': 0.7947384263958175}. Best is trial 3 with value: 0.6.
[I 2026-04-13 12:52:42,734] Trial 19 finished with value: 0.5 and parameters: {'n_estimators': 40, 'max_depth': 5, 'gamma': 0.9120649714036264, 'subsample': 0.8623372633672362, 'colsample_bytree': 0.8638756808544119}. Best is trial 3 with value: 0.6.
[I 2026-04-13 12:52:42,771] Trial 20 finished with value: 0.5 and parameters: {'n_estimators': 10, 'max_depth': 30, 'gamma': 0.12810557331129335, 'subsample': 0.6419923150830111, 'colsample_bytree': 0.9172906235380884}. Best is trial 3 with value: 0.6.
[I 2026-04-13 12:52:42,811] Trial 21 finished with value: 0.6 and parameters: {'n_estimators': 10, 'max_depth': 30, 'gamma': 0.6765031800122854, 'subsample': 0.5032329928111994, 'colsample_bytree': 0.9239250977497646}. Best is trial 3 with value: 0.6.
[I 2026-04-13 12:52:42,850] Trial 22 finished with value: 0.5 and parameters: {'n_estimators': 10, 'max_depth': 30, 'gamma': 0.5600822191836047, 'subsample': 0.5494113055750939, 'colsample_bytree': 0.8326014224414893}. Best is trial 3 with value: 0.6.
[I 2026-04-13 12:52:42,888] Trial 23 finished with value: 0.5 and parameters: {'n_estimators': 10, 'max_depth': 30, 'gamma': 0.751546519594519, 'subsample': 0.6004890431271623, 'colsample_bytree': 0.9144614115617757}. Best is trial 3 with value: 0.6.
[I 2026-04-13 12:52:42,928] Trial 24 finished with value: 0.55 and parameters: {'n_estimators': 10, 'max_depth': 30, 'gamma': 0.8422767991033849, 'subsample': 0.5041788291572397, 'colsample_bytree': 0.7623656085975118}. Best is trial 3 with value: 0.6.
[I 2026-04-13 12:52:42,972] Trial 25 finished with value: 0.5 and parameters: {'n_estimators': 10, 'max_depth': 30, 'gamma': 0.6464107644975498, 'subsample': 0.5571069721352915, 'colsample_bytree': 0.8312000071157891}. Best is trial 3 with value: 0.6.
[I 2026-04-13 12:52:43,028] Trial 26 finished with value: 0.4 and parameters: {'n_estimators': 10, 'max_depth': 30, 'gamma': 0.732137964985299, 'subsample': 0.6976277364823786, 'colsample_bytree': 0.6891465263921065}. Best is trial 3 with value: 0.6.
[I 2026-04-13 12:52:43,075] Trial 27 finished with value: 0.45 and parameters: {'n_estimators': 10, 'max_depth': 30, 'gamma': 0.9165330413067634, 'subsample': 0.6163894633933423, 'colsample_bytree': 0.999952372802679}. Best is trial 3 with value: 0.6.
[I 2026-04-13 12:52:43,113] Trial 28 finished with value: 0.45 and parameters: {'n_estimators': 40, 'max_depth': 5, 'gamma': 0.7008523187586799, 'subsample': 0.5547378233560281, 'colsample_bytree': 0.8851085379737937}. Best is trial 3 with value: 0.6.
[I 2026-04-13 12:52:43,159] Trial 29 finished with value: 0.4 and parameters: {'n_estimators': 100, 'max_depth': 20, 'gamma': 0.8004180297542249, 'subsample': 0.7606837838679071, 'colsample_bytree': 0.8099274321486064}. Best is trial 3 with value: 0.6.
[I 2026-04-13 12:52:43,242] A new study created in memory with name: rf
[I 2026-04-13 12:52:43,549] Trial 0 finished with value: 0.5 and parameters: {'n_estimators': 189, 'max_depth': 18, 'min_samples_split': 3, 'min_samples_leaf': 10}. Best is trial 0 with value: 0.5.
[I 2026-04-13 12:52:43,947] Trial 1 finished with value: 0.5 and parameters: {'n_estimators': 295, 'max_depth': 14, 'min_samples_split': 8, 'min_samples_leaf': 6}. Best is trial 0 with value: 0.5.
[I 2026-04-13 12:52:44,236] Trial 2 finished with value: 0.5 and parameters: {'n_estimators': 219, 'max_depth': 6, 'min_samples_split': 2, 'min_samples_leaf': 8}. Best is trial 0 with value: 0.5.
[I 2026-04-13 12:52:44,628] Trial 3 finished with value: 0.45 and parameters: {'n_estimators': 276, 'max_depth': 5, 'min_samples_split': 9, 'min_samples_leaf': 3}. Best is trial 0 with value: 0.5.
[I 2026-04-13 12:52:45,025] Trial 4 finished with value: 0.5 and parameters: {'n_estimators': 266, 'max_depth': 8, 'min_samples_split': 7, 'min_samples_leaf': 6}. Best is trial 0 with value: 0.5.
[I 2026-04-13 12:52:45,548] Trial 5 finished with value: 0.4 and parameters: {'n_estimators': 340, 'max_depth': 7, 'min_samples_split': 4, 'min_samples_leaf': 3}. Best is trial 0 with value: 0.5.
[I 2026-04-13 12:52:45,900] Trial 6 finished with value: 0.5 and parameters: {'n_estimators': 231, 'max_depth': 5, 'min_samples_split': 3, 'min_samples_leaf': 10}. Best is trial 0 with value: 0.5.
[I 2026-04-13 12:52:46,491] Trial 7 finished with value: 0.4 and parameters: {'n_estimators': 485, 'max_depth': 6, 'min_samples_split': 2, 'min_samples_leaf': 3}. Best is trial 0 with value: 0.5.
[I 2026-04-13 12:52:47,019] Trial 8 finished with value: 0.55 and parameters: {'n_estimators': 380, 'max_depth': 17, 'min_samples_split': 2, 'min_samples_leaf': 6}. Best is trial 8 with value: 0.55.
[I 2026-04-13 12:52:47,144] Trial 9 finished with value: 0.5 and parameters: {'n_estimators': 100, 'max_depth': 12, 'min_samples_split': 7, 'min_samples_leaf': 10}. Best is trial 8 with value: 0.55.
[I 2026-04-13 12:52:47,679] Trial 10 finished with value: 0.4 and parameters: {'n_estimators': 406, 'max_depth': 20, 'min_samples_split': 5, 'min_samples_leaf': 5}. Best is trial 8 with value: 0.55.
[I 2026-04-13 12:52:47,918] Trial 11 finished with value: 0.4 and parameters: {'n_estimators': 141, 'max_depth': 18, 'min_samples_split': 4, 'min_samples_leaf': 1}. Best is trial 8 with value: 0.55.
[I 2026-04-13 12:52:48,452] Trial 12 finished with value: 0.5 and parameters: {'n_estimators': 362, 'max_depth': 16, 'min_samples_split': 2, 'min_samples_leaf': 8}. Best is trial 8 with value: 0.55.
[I 2026-04-13 12:52:49,093] Trial 13 finished with value: 0.5 and parameters: {'n_estimators': 473, 'max_depth': 20, 'min_samples_split': 5, 'min_samples_leaf': 8}. Best is trial 8 with value: 0.55.
[I 2026-04-13 12:52:49,346] Trial 14 finished with value: 0.5 and parameters: {'n_estimators': 181, 'max_depth': 16, 'min_samples_split': 3, 'min_samples_leaf': 9}. Best is trial 8 with value: 0.55.
[I 2026-04-13 12:52:49,890] Trial 15 finished with value: 0.45 and parameters: {'n_estimators': 407, 'max_depth': 10, 'min_samples_split': 4, 'min_samples_leaf': 5}. Best is trial 8 with value: 0.55.
[I 2026-04-13 12:52:50,359] Trial 16 finished with value: 0.5 and parameters: {'n_estimators': 344, 'max_depth': 17, 'min_samples_split': 10, 'min_samples_leaf': 7}. Best is trial 8 with value: 0.55.
[I 2026-04-13 12:52:50,915] Trial 17 finished with value: 0.4 and parameters: {'n_estimators': 417, 'max_depth': 13, 'min_samples_split': 3, 'min_samples_leaf': 1}. Best is trial 8 with value: 0.55.
[I 2026-04-13 12:52:51,243] Trial 18 finished with value: 0.5 and parameters: {'n_estimators': 181, 'max_depth': 15, 'min_samples_split': 6, 'min_samples_leaf': 4}. Best is trial 8 with value: 0.55.
[I 2026-04-13 12:52:51,606] Trial 19 finished with value: 0.5 and parameters: {'n_estimators': 229, 'max_depth': 18, 'min_samples_split': 5, 'min_samples_leaf': 7}. Best is trial 8 with value: 0.55.
[I 2026-04-13 12:52:52,182] Trial 20 finished with value: 0.5 and parameters: {'n_estimators': 444, 'max_depth': 3, 'min_samples_split': 3, 'min_samples_leaf': 9}. Best is trial 8 with value: 0.55.
[I 2026-04-13 12:52:52,622] Trial 21 finished with value: 0.45 and parameters: {'n_estimators': 303, 'max_depth': 14, 'min_samples_split': 8, 'min_samples_leaf': 6}. Best is trial 8 with value: 0.55.
[I 2026-04-13 12:52:53,133] Trial 22 finished with value: 0.5 and parameters: {'n_estimators': 367, 'max_depth': 18, 'min_samples_split': 8, 'min_samples_leaf': 7}. Best is trial 8 with value: 0.55.
[I 2026-04-13 12:52:53,590] Trial 23 finished with value: 0.45 and parameters: {'n_estimators': 305, 'max_depth': 10, 'min_samples_split': 10, 'min_samples_leaf': 4}. Best is trial 8 with value: 0.55.
[I 2026-04-13 12:52:53,978] Trial 24 finished with value: 0.5 and parameters: {'n_estimators': 270, 'max_depth': 15, 'min_samples_split': 7, 'min_samples_leaf': 6}. Best is trial 8 with value: 0.55.
[I 2026-04-13 12:52:54,310] Trial 25 finished with value: 0.5 and parameters: {'n_estimators': 187, 'max_depth': 19, 'min_samples_split': 6, 'min_samples_leaf': 9}. Best is trial 8 with value: 0.55.
[I 2026-04-13 12:52:54,560] Trial 26 finished with value: 0.5 and parameters: {'n_estimators': 141, 'max_depth': 14, 'min_samples_split': 9, 'min_samples_leaf': 4}. Best is trial 8 with value: 0.55.
[I 2026-04-13 12:52:55,016] Trial 27 finished with value: 0.4 and parameters: {'n_estimators': 314, 'max_depth': 11, 'min_samples_split': 2, 'min_samples_leaf': 2}. Best is trial 8 with value: 0.55.
[I 2026-04-13 12:52:55,558] Trial 28 finished with value: 0.45 and parameters: {'n_estimators': 374, 'max_depth': 16, 'min_samples_split': 8, 'min_samples_leaf': 5}. Best is trial 8 with value: 0.55.
[I 2026-04-13 12:52:55,943] Trial 29 finished with value: 0.5 and parameters: {'n_estimators': 245, 'max_depth': 13, 'min_samples_split': 2, 'min_samples_leaf': 7}. Best is trial 8 with value: 0.55.
[I 2026-04-13 12:52:56,842] A new study created in memory with name: mlp
[I 2026-04-13 12:52:56,887] Trial 0 finished with value: 0.45 and parameters: {'hidden_layer_sizes': (200,), 'max_iter': 50, 'alpha': 0.001}. Best is trial 0 with value: 0.45.
[I 2026-04-13 12:52:56,942] Trial 1 finished with value: 0.5 and parameters: {'hidden_layer_sizes': (100,), 'max_iter': 100, 'alpha': 0.0001}. Best is trial 1 with value: 0.5.
[I 2026-04-13 12:52:57,013] Trial 2 finished with value: 0.5 and parameters: {'hidden_layer_sizes': (100,), 'max_iter': 100, 'alpha': 0.001}. Best is trial 1 with value: 0.5.
[I 2026-04-13 12:52:57,068] Trial 3 finished with value: 0.5 and parameters: {'hidden_layer_sizes': (200,), 'max_iter': 50, 'alpha': 0.001}. Best is trial 1 with value: 0.5.
[I 2026-04-13 12:52:57,140] Trial 4 finished with value: 0.45 and parameters: {'hidden_layer_sizes': (100,), 'max_iter': 100, 'alpha': 0.0001}. Best is trial 1 with value: 0.5.
[I 2026-04-13 12:52:57,204] Trial 5 finished with value: 0.5 and parameters: {'hidden_layer_sizes': (100,), 'max_iter': 100, 'alpha': 0.001}. Best is trial 1 with value: 0.5.
[I 2026-04-13 12:52:57,259] Trial 6 finished with value: 0.5 and parameters: {'hidden_layer_sizes': (200,), 'max_iter': 100, 'alpha': 0.001}. Best is trial 1 with value: 0.5.
[I 2026-04-13 12:52:57,325] Trial 7 finished with value: 0.5 and parameters: {'hidden_layer_sizes': (200,), 'max_iter': 100, 'alpha': 0.001}. Best is trial 1 with value: 0.5.
[I 2026-04-13 12:52:57,401] Trial 8 finished with value: 0.5 and parameters: {'hidden_layer_sizes': (100,), 'max_iter': 100, 'alpha': 0.001}. Best is trial 1 with value: 0.5.
[I 2026-04-13 12:52:57,446] Trial 9 finished with value: 0.4 and parameters: {'hidden_layer_sizes': (100,), 'max_iter': 50, 'alpha': 0.001}. Best is trial 1 with value: 0.5.
[I 2026-04-13 12:52:57,517] Trial 10 finished with value: 0.5 and parameters: {'hidden_layer_sizes': (100, 100), 'max_iter': 50, 'alpha': 0.0001}. Best is trial 1 with value: 0.5.
[I 2026-04-13 12:52:57,588] Trial 11 finished with value: 0.5 and parameters: {'hidden_layer_sizes': (100,), 'max_iter': 100, 'alpha': 0.0001}. Best is trial 1 with value: 0.5.
[I 2026-04-13 12:52:57,679] Trial 12 finished with value: 0.45 and parameters: {'hidden_layer_sizes': (100, 100), 'max_iter': 100, 'alpha': 0.0001}. Best is trial 1 with value: 0.5.
[I 2026-04-13 12:52:57,735] Trial 13 finished with value: 0.45 and parameters: {'hidden_layer_sizes': (100,), 'max_iter': 100, 'alpha': 0.0001}. Best is trial 1 with value: 0.5.
[I 2026-04-13 12:52:57,791] Trial 14 finished with value: 0.5 and parameters: {'hidden_layer_sizes': (100,), 'max_iter': 100, 'alpha': 0.0001}. Best is trial 1 with value: 0.5.
