[I 2026-04-13 13:01:18,103] Trial 15 finished with value: 1.0 and parameters: {'var_smoothing': 9.000422035369052e-09}. Best is trial 0 with value: 1.0.
[I 2026-04-13 13:01:18,119] Trial 16 finished with value: 1.0 and parameters: {'var_smoothing': 2.75340575769171e-10}. Best is trial 0 with value: 1.0.
[I 2026-04-13 13:01:18,138] Trial 17 finished with value: 1.0 and parameters: {'var_smoothing': 1.0118559267516465e-10}. Best is trial 0 with value: 1.0.
[I 2026-04-13 13:01:18,157] Trial 18 finished with value: 1.0 and parameters: {'var_smoothing': 5.126237368588495e-10}. Best is trial 0 with value: 1.0.
[I 2026-04-13 13:01:18,175] Trial 19 finished with value: 1.0 and parameters: {'var_smoothing': 1.7743118427439911e-09}. Best is trial 0 with value: 1.0.
[I 2026-04-13 13:01:18,192] Trial 20 finished with value: 1.0 and parameters: {'var_smoothing': 5.29215399120128e-09}. Best is trial 0 with value: 1.0.
[I 2026-04-13 13:01:18,212] Trial 21 finished with value: 1.0 and parameters: {'var_smoothing': 6.215389304971454e-10}. Best is trial 0 with value: 1.0.
[I 2026-04-13 13:01:18,230] Trial 22 finished with value: 1.0 and parameters: {'var_smoothing': 2.205158371956595e-10}. Best is trial 0 with value: 1.0.
[I 2026-04-13 13:01:18,246] Trial 23 finished with value: 1.0 and parameters: {'var_smoothing': 6.714468189294179e-10}. Best is trial 0 with value: 1.0.
[I 2026-04-13 13:01:18,262] Trial 24 finished with value: 1.0 and parameters: {'var_smoothing': 1.6303611152529254e-09}. Best is trial 0 with value: 1.0.
[I 2026-04-13 13:01:18,278] Trial 25 finished with value: 1.0 and parameters: {'var_smoothing': 5.460180203252778e-09}. Best is trial 0 with value: 1.0.
[I 2026-04-13 13:01:18,304] Trial 26 finished with value: 1.0 and parameters: {'var_smoothing': 1.0123007748054653e-10}. Best is trial 0 with value: 1.0.
[I 2026-04-13 13:01:18,325] Trial 27 finished with value: 1.0 and parameters: {'var_smoothing': 3.7004726843827016e-09}. Best is trial 0 with value: 1.0.
[I 2026-04-13 13:01:18,341] Trial 28 finished with value: 1.0 and parameters: {'var_smoothing': 8.062949328123723e-10}. Best is trial 0 with value: 1.0.
[I 2026-04-13 13:01:18,360] Trial 29 finished with value: 1.0 and parameters: {'var_smoothing': 1.8379694059711336e-09}. Best is trial 0 with value: 1.0.
[I 2026-04-13 13:01:18,408] A new study created in memory with name: logreg
[I 2026-04-13 13:01:18,421] Trial 0 finished with value: 1.0 and parameters: {'C': 0.002407362254570802, 'penalty': 'l2'}. Best is trial 0 with value: 1.0.
[I 2026-04-13 13:01:18,445] Trial 1 finished with value: 1.0 and parameters: {'C': 7.935859334260497, 'penalty': 'l2'}. Best is trial 0 with value: 1.0.
[I 2026-04-13 13:01:18,470] Trial 2 finished with value: 1.0 and parameters: {'C': 0.15561310098067915, 'penalty': 'l2'}. Best is trial 0 with value: 1.0.
[I 2026-04-13 13:01:18,495] Trial 3 finished with value: 1.0 and parameters: {'C': 4.143104515916128, 'penalty': 'l2'}. Best is trial 0 with value: 1.0.
[I 2026-04-13 13:01:18,522] Trial 4 finished with value: 1.0 and parameters: {'C': 77.61533923098803, 'penalty': 'l2'}. Best is trial 0 with value: 1.0.
[I 2026-04-13 13:01:18,548] Trial 5 finished with value: 1.0 and parameters: {'C': 0.49258292359934785, 'penalty': 'l2'}. Best is trial 0 with value: 1.0.
[I 2026-04-13 13:01:18,575] Trial 6 finished with value: 1.0 and parameters: {'C': 0.320333470047146, 'penalty': 'l2'}. Best is trial 0 with value: 1.0.
[I 2026-04-13 13:01:18,600] Trial 7 finished with value: 1.0 and parameters: {'C': 0.002292216671132896, 'penalty': 'l2'}. Best is trial 0 with value: 1.0.
[I 2026-04-13 13:01:18,625] Trial 8 finished with value: 1.0 and parameters: {'C': 0.0219884643872214, 'penalty': 'l2'}. Best is trial 0 with value: 1.0.
[I 2026-04-13 13:01:18,650] Trial 9 finished with value: 1.0 and parameters: {'C': 0.31580027519646636, 'penalty': 'l2'}. Best is trial 0 with value: 1.0.
[I 2026-04-13 13:01:18,668] Trial 10 finished with value: 1.0 and parameters: {'C': 0.005028545732690317, 'penalty': 'l2'}. Best is trial 0 with value: 1.0.
[I 2026-04-13 13:01:18,695] Trial 11 finished with value: 1.0 and parameters: {'C': 15.514850032264519, 'penalty': 'l2'}. Best is trial 0 with value: 1.0.
[I 2026-04-13 13:01:18,724] Trial 12 finished with value: 1.0 and parameters: {'C': 3.8533453410664578, 'penalty': 'l2'}. Best is trial 0 with value: 1.0.
[I 2026-04-13 13:01:18,754] Trial 13 finished with value: 1.0 and parameters: {'C': 0.04053444936620892, 'penalty': 'l2'}. Best is trial 0 with value: 1.0.
[I 2026-04-13 13:01:18,784] Trial 14 finished with value: 1.0 and parameters: {'C': 3.6189108554787492, 'penalty': 'l2'}. Best is trial 0 with value: 1.0.
[I 2026-04-13 13:01:18,803] Trial 15 finished with value: 1.0 and parameters: {'C': 76.85235596180026, 'penalty': 'l2'}. Best is trial 0 with value: 1.0.
[I 2026-04-13 13:01:18,833] Trial 16 finished with value: 1.0 and parameters: {'C': 0.012579852256827942, 'penalty': 'l2'}. Best is trial 0 with value: 1.0.
[I 2026-04-13 13:01:18,862] Trial 17 finished with value: 1.0 and parameters: {'C': 0.0010299038925161348, 'penalty': 'l2'}. Best is trial 0 with value: 1.0.
[I 2026-04-13 13:01:18,883] Trial 18 finished with value: 1.0 and parameters: {'C': 0.059497234598840446, 'penalty': 'l2'}. Best is trial 0 with value: 1.0.
[I 2026-04-13 13:01:18,912] Trial 19 finished with value: 1.0 and parameters: {'C': 1.326095734760134, 'penalty': 'l2'}. Best is trial 0 with value: 1.0.
[I 2026-04-13 13:01:18,931] Trial 20 finished with value: 1.0 and parameters: {'C': 20.37422894544439, 'penalty': 'l2'}. Best is trial 0 with value: 1.0.
[I 2026-04-13 13:01:18,961] Trial 21 finished with value: 1.0 and parameters: {'C': 0.09630987969657057, 'penalty': 'l2'}. Best is trial 0 with value: 1.0.
[I 2026-04-13 13:01:18,980] Trial 22 finished with value: 1.0 and parameters: {'C': 0.007221035226805926, 'penalty': 'l2'}. Best is trial 0 with value: 1.0.
[I 2026-04-13 13:01:19,009] Trial 23 finished with value: 1.0 and parameters: {'C': 0.1168231874682798, 'penalty': 'l2'}. Best is trial 0 with value: 1.0.
[I 2026-04-13 13:01:19,039] Trial 24 finished with value: 1.0 and parameters: {'C': 1.07327131370564, 'penalty': 'l2'}. Best is trial 0 with value: 1.0.
[I 2026-04-13 13:01:19,058] Trial 25 finished with value: 1.0 and parameters: {'C': 22.030149283850154, 'penalty': 'l2'}. Best is trial 0 with value: 1.0.
[I 2026-04-13 13:01:19,086] Trial 26 finished with value: 1.0 and parameters: {'C': 0.001031036222242501, 'penalty': 'l2'}. Best is trial 0 with value: 1.0.
[I 2026-04-13 13:01:19,104] Trial 27 finished with value: 1.0 and parameters: {'C': 8.329961743648088, 'penalty': 'l2'}. Best is trial 0 with value: 1.0.
[I 2026-04-13 13:01:19,124] Trial 28 finished with value: 1.0 and parameters: {'C': 0.18460133021462113, 'penalty': 'l2'}. Best is trial 0 with value: 1.0.
[I 2026-04-13 13:01:19,154] Trial 29 finished with value: 1.0 and parameters: {'C': 1.4482571960680461, 'penalty': 'l2'}. Best is trial 0 with value: 1.0.



>>> Optuna tuning naive_bayes metodo k-means IPC 10 seed 7


Parámetros guardados en /data/home/rtabares/estiven/CorVAE/checkpoint_smoke_test_mlp/k-means/IPC_10/best_models_k-means_seed_7_space_latent/naive_bayes_best_params.json


>>> Optuna tuning logreg metodo k-means IPC 10 seed 7


Parámetros guardados en /data/home/rtabares/estiven/CorVAE/checkpoint_smoke_test_mlp/k-means/IPC_10/best_models_k-means_seed_7_space_latent/logreg_best_params.json


>>> Optuna tuning knn metodo k-means IPC 10 seed 7


Parámetros guardados en /data/home/rtabares/estiven/CorVAE/checkpoint_smoke_test_mlp/k-means/IPC_10/best_models_k-means_seed_7_space_latent/knn_best_params.json


>>> Optuna tuning xgb metodo k-means IPC 10 seed 7


Parámetros guardados en /data/home/rtabares/estiven/CorVAE/checkpoint_smoke_test_mlp/k-means/IPC_10/best_models_k-means_seed_7_space_latent/xgb_best_params.json


>>> Optuna tuning rf metodo k-means IPC 10 seed 7


Parámetros guardados en /data/home/rtabares/estiven/CorVAE/checkpoint_smoke_test_mlp/k-means/IPC_10/best_models_k-means_seed_7_space_latent/rf_best_params.json


>>> Optuna tuning mlp metodo k-means IPC 10 seed 7


Parámetros guardados en /data/home/rtabares/estiven/CorVAE/checkpoint_smoke_test_mlp/k-means/IPC_10/best_models_k-means_seed_7_space_latent/mlp_best_params.json


>>> Optuna tuning naive_bayes metodo k-means IPC 10 seed 7


Parámetros guardados en /data/home/rtabares/estiven/CorVAE/checkpoint_smoke_test_mlp/k-means/IPC_10/best_models_k-means_seed_7_space_original/naive_bayes_best_params.json


>>> Optuna tuning logreg metodo k-means IPC 10 seed 7


Parámetros guardados en /data/home/rtabares/estiven/CorVAE/checkpoint_smoke_test_mlp/k-means/IPC_10/best_models_k-means_seed_7_space_original/logreg_best_params.json


>>> Optuna tuning knn metodo k-means IPC 10 seed 7


Parámetros guardados en /data/home/rtabares/estiven/CorVAE/checkpoint_smoke_test_mlp/k-means/IPC_10/best_models_k-means_seed_7_space_original/knn_best_params.json


>>> Optuna tuning xgb metodo k-means IPC 10 seed 7


Parámetros guardados en /data/home/rtabares/estiven/CorVAE/checkpoint_smoke_test_mlp/k-means/IPC_10/best_models_k-means_seed_7_space_original/xgb_best_params.json


>>> Optuna tuning rf metodo k-means IPC 10 seed 7


Parámetros guardados en /data/home/rtabares/estiven/CorVAE/checkpoint_smoke_test_mlp/k-means/IPC_10/best_models_k-means_seed_7_space_original/rf_best_params.json


>>> Optuna tuning mlp metodo k-means IPC 10 seed 7


Parámetros guardados en /data/home/rtabares/estiven/CorVAE/checkpoint_smoke_test_mlp/k-means/IPC_10/best_models_k-means_seed_7_space_original/mlp_best_params.json


>>> Optuna tuning naive_bayes metodo k-center IPC 10 seed 7


Parámetros guardados en /data/home/rtabares/estiven/CorVAE/checkpoint_smoke_test_mlp/k-center/IPC_10/best_models_k-center_seed_7_space_latent/naive_bayes_best_params.json


>>> Optuna tuning logreg metodo k-center IPC 10 seed 7


Parámetros guardados en /data/home/rtabares/estiven/CorVAE/checkpoint_smoke_test_mlp/k-center/IPC_10/best_models_k-center_seed_7_space_latent/logreg_best_params.json


>>> Optuna tuning knn metodo k-center IPC 10 seed 7


Parámetros guardados en /data/home/rtabares/estiven/CorVAE/checkpoint_smoke_test_mlp/k-center/IPC_10/best_models_k-center_seed_7_space_latent/knn_best_params.json


>>> Optuna tuning xgb metodo k-center IPC 10 seed 7


Parámetros guardados en /data/home/rtabares/estiven/CorVAE/checkpoint_smoke_test_mlp/k-center/IPC_10/best_models_k-center_seed_7_space_latent/xgb_best_params.json


>>> Optuna tuning rf metodo k-center IPC 10 seed 7


Parámetros guardados en /data/home/rtabares/estiven/CorVAE/checkpoint_smoke_test_mlp/k-center/IPC_10/best_models_k-center_seed_7_space_latent/rf_best_params.json


>>> Optuna tuning mlp metodo k-center IPC 10 seed 7


Parámetros guardados en /data/home/rtabares/estiven/CorVAE/checkpoint_smoke_test_mlp/k-center/IPC_10/best_models_k-center_seed_7_space_latent/mlp_best_params.json


>>> Optuna tuning naive_bayes metodo k-center IPC 10 seed 7


Parámetros guardados en /data/home/rtabares/estiven/CorVAE/checkpoint_smoke_test_mlp/k-center/IPC_10/best_models_k-center_seed_7_space_original/naive_bayes_best_params.json


>>> Optuna tuning logreg metodo k-center IPC 10 seed 7


Parámetros guardados en /data/home/rtabares/estiven/CorVAE/checkpoint_smoke_test_mlp/k-center/IPC_10/best_models_k-center_seed_7_space_original/logreg_best_params.json


>>> Optuna tuning knn metodo k-center IPC 10 seed 7


Parámetros guardados en /data/home/rtabares/estiven/CorVAE/checkpoint_smoke_test_mlp/k-center/IPC_10/best_models_k-center_seed_7_space_original/knn_best_params.json


>>> Optuna tuning xgb metodo k-center IPC 10 seed 7


Parámetros guardados en /data/home/rtabares/estiven/CorVAE/checkpoint_smoke_test_mlp/k-center/IPC_10/best_models_k-center_seed_7_space_original/xgb_best_params.json


>>> Optuna tuning rf metodo k-center IPC 10 seed 7


Parámetros guardados en /data/home/rtabares/estiven/CorVAE/checkpoint_smoke_test_mlp/k-center/IPC_10/best_models_k-center_seed_7_space_original/rf_best_params.json


>>> Optuna tuning mlp metodo k-center IPC 10 seed 7


Parámetros guardados en /data/home/rtabares/estiven/CorVAE/checkpoint_smoke_test_mlp/k-center/IPC_10/best_models_k-center_seed_7_space_original/mlp_best_params.json


>>> Optuna tuning naive_bayes metodo ag IPC 10 seed 7


Parámetros guardados en /data/home/rtabares/estiven/CorVAE/checkpoint_smoke_test_mlp/ag/IPC_10/best_models_ag_seed_7_space_latent/naive_bayes_best_params.json


>>> Optuna tuning logreg metodo ag IPC 10 seed 7


Parámetros guardados en /data/home/rtabares/estiven/CorVAE/checkpoint_smoke_test_mlp/ag/IPC_10/best_models_ag_seed_7_space_latent/logreg_best_params.json


>>> Optuna tuning knn metodo ag IPC 10 seed 7


Parámetros guardados en /data/home/rtabares/estiven/CorVAE/checkpoint_smoke_test_mlp/ag/IPC_10/best_models_ag_seed_7_space_latent/knn_best_params.json


>>> Optuna tuning xgb metodo ag IPC 10 seed 7


Parámetros guardados en /data/home/rtabares/estiven/CorVAE/checkpoint_smoke_test_mlp/ag/IPC_10/best_models_ag_seed_7_space_latent/xgb_best_params.json


>>> Optuna tuning rf metodo ag IPC 10 seed 7


Parámetros guardados en /data/home/rtabares/estiven/CorVAE/checkpoint_smoke_test_mlp/ag/IPC_10/best_models_ag_seed_7_space_latent/rf_best_params.json


>>> Optuna tuning mlp metodo ag IPC 10 seed 7


Parámetros guardados en /data/home/rtabares/estiven/CorVAE/checkpoint_smoke_test_mlp/ag/IPC_10/best_models_ag_seed_7_space_latent/mlp_best_params.json


>>> Optuna tuning naive_bayes metodo ag IPC 10 seed 7


Parámetros guardados en /data/home/rtabares/estiven/CorVAE/checkpoint_smoke_test_mlp/ag/IPC_10/best_models_ag_seed_7_space_original/naive_bayes_best_params.json


>>> Optuna tuning logreg metodo ag IPC 10 seed 7


Parámetros guardados en /data/home/rtabares/estiven/CorVAE/checkpoint_smoke_test_mlp/ag/IPC_10/best_models_ag_seed_7_space_original/logreg_best_params.json


>>> Optuna tuning knn metodo ag IPC 10 seed 7


Parámetros guardados en /data/home/rtabares/estiven/CorVAE/checkpoint_smoke_test_mlp/ag/IPC_10/best_models_ag_seed_7_space_original/knn_best_params.json


>>> Optuna tuning xgb metodo ag IPC 10 seed 7


Parámetros guardados en /data/home/rtabares/estiven/CorVAE/checkpoint_smoke_test_mlp/ag/IPC_10/best_models_ag_seed_7_space_original/xgb_best_params.json


>>> Optuna tuning rf metodo ag IPC 10 seed 7


Parámetros guardados en /data/home/rtabares/estiven/CorVAE/checkpoint_smoke_test_mlp/ag/IPC_10/best_models_ag_seed_7_space_original/rf_best_params.json


>>> Optuna tuning mlp metodo ag IPC 10 seed 7


Parámetros guardados en /data/home/rtabares/estiven/CorVAE/checkpoint_smoke_test_mlp/ag/IPC_10/best_models_ag_seed_7_space_original/mlp_best_params.json


>>> Optuna tuning naive_bayes metodo lc IPC 10 seed 7


Parámetros guardados en /data/home/rtabares/estiven/CorVAE/checkpoint_smoke_test_mlp/lc/IPC_10/best_models_lc_seed_7_space_latent/naive_bayes_best_params.json


>>> Optuna tuning logreg metodo lc IPC 10 seed 7


Parámetros guardados en /data/home/rtabares/estiven/CorVAE/checkpoint_smoke_test_mlp/lc/IPC_10/best_models_lc_seed_7_space_latent/logreg_best_params.json[I 2026-04-13 13:01:19,190] A new study created in memory with name: knn
[I 2026-04-13 13:01:19,215] Trial 0 finished with value: 1.0 and parameters: {'n_neighbors': 3, 'leaf_size': 36, 'p': 2}. Best is trial 0 with value: 1.0.
[I 2026-04-13 13:01:19,230] Trial 1 finished with value: 0.85 and parameters: {'n_neighbors': 10, 'leaf_size': 31, 'p': 1}. Best is trial 0 with value: 1.0.
[I 2026-04-13 13:01:19,244] Trial 2 finished with value: 1.0 and parameters: {'n_neighbors': 5, 'leaf_size': 30, 'p': 2}. Best is trial 0 with value: 1.0.
[I 2026-04-13 13:01:19,259] Trial 3 finished with value: 1.0 and parameters: {'n_neighbors': 6, 'leaf_size': 21, 'p': 2}. Best is trial 0 with value: 1.0.
[I 2026-04-13 13:01:19,273] Trial 4 finished with value: 1.0 and parameters: {'n_neighbors': 4, 'leaf_size': 29, 'p': 1}. Best is trial 0 with value: 1.0.
[I 2026-04-13 13:01:19,288] Trial 5 finished with value: 1.0 and parameters: {'n_neighbors': 7, 'leaf_size': 39, 'p': 2}. Best is trial 0 with value: 1.0.
[I 2026-04-13 13:01:19,302] Trial 6 finished with value: 0.85 and parameters: {'n_neighbors': 10, 'leaf_size': 22, 'p': 2}. Best is trial 0 with value: 1.0.
[I 2026-04-13 13:01:19,317] Trial 7 finished with value: 1.0 and parameters: {'n_neighbors': 8, 'leaf_size': 29, 'p': 2}. Best is trial 0 with value: 1.0.
[I 2026-04-13 13:01:19,332] Trial 8 finished with value: 1.0 and parameters: {'n_neighbors': 5, 'leaf_size': 30, 'p': 2}. Best is trial 0 with value: 1.0.
[I 2026-04-13 13:01:19,346] Trial 9 finished with value: 1.0 and parameters: {'n_neighbors': 9, 'leaf_size': 26, 'p': 1}. Best is trial 0 with value: 1.0.
[I 2026-04-13 13:01:19,371] Trial 10 finished with value: 1.0 and parameters: {'n_neighbors': 4, 'leaf_size': 38, 'p': 1}. Best is trial 0 with value: 1.0.
[I 2026-04-13 13:01:19,395] Trial 11 finished with value: 1.0 and parameters: {'n_neighbors': 3, 'leaf_size': 34, 'p': 2}. Best is trial 0 with value: 1.0.
[I 2026-04-13 13:01:19,421] Trial 12 finished with value: 1.0 and parameters: {'n_neighbors': 3, 'leaf_size': 35, 'p': 2}. Best is trial 0 with value: 1.0.
[I 2026-04-13 13:01:19,441] Trial 13 finished with value: 1.0 and parameters: {'n_neighbors': 5, 'leaf_size': 36, 'p': 2}. Best is trial 0 with value: 1.0.
[I 2026-04-13 13:01:19,467] Trial 14 finished with value: 1.0 and parameters: {'n_neighbors': 5, 'leaf_size': 26, 'p': 2}. Best is trial 0 with value: 1.0.
[I 2026-04-13 13:01:19,487] Trial 15 finished with value: 1.0 and parameters: {'n_neighbors': 3, 'leaf_size': 33, 'p': 2}. Best is trial 0 with value: 1.0.
[I 2026-04-13 13:01:19,510] Trial 16 finished with value: 1.0 and parameters: {'n_neighbors': 6, 'leaf_size': 40, 'p': 2}. Best is trial 0 with value: 1.0.
[I 2026-04-13 13:01:19,530] Trial 17 finished with value: 1.0 and parameters: {'n_neighbors': 4, 'leaf_size': 27, 'p': 2}. Best is trial 0 with value: 1.0.
[I 2026-04-13 13:01:19,560] Trial 18 finished with value: 1.0 and parameters: {'n_neighbors': 7, 'leaf_size': 32, 'p': 1}. Best is trial 0 with value: 1.0.
[I 2026-04-13 13:01:19,581] Trial 19 finished with value: 1.0 and parameters: {'n_neighbors': 4, 'leaf_size': 37, 'p': 2}. Best is trial 0 with value: 1.0.
[I 2026-04-13 13:01:19,604] Trial 20 finished with value: 1.0 and parameters: {'n_neighbors': 5, 'leaf_size': 24, 'p': 2}. Best is trial 0 with value: 1.0.
[I 2026-04-13 13:01:19,628] Trial 21 finished with value: 1.0 and parameters: {'n_neighbors': 6, 'leaf_size': 20, 'p': 2}. Best is trial 0 with value: 1.0.
[I 2026-04-13 13:01:19,654] Trial 22 finished with value: 1.0 and parameters: {'n_neighbors': 6, 'leaf_size': 22, 'p': 2}. Best is trial 0 with value: 1.0.
[I 2026-04-13 13:01:19,677] Trial 23 finished with value: 1.0 and parameters: {'n_neighbors': 8, 'leaf_size': 20, 'p': 2}. Best is trial 0 with value: 1.0.
[I 2026-04-13 13:01:19,702] Trial 24 finished with value: 1.0 and parameters: {'n_neighbors': 7, 'leaf_size': 24, 'p': 2}. Best is trial 0 with value: 1.0.
[I 2026-04-13 13:01:19,736] Trial 25 finished with value: 1.0 and parameters: {'n_neighbors': 6, 'leaf_size': 28, 'p': 2}. Best is trial 0 with value: 1.0.
[I 2026-04-13 13:01:19,762] Trial 26 finished with value: 1.0 and parameters: {'n_neighbors': 5, 'leaf_size': 34, 'p': 1}. Best is trial 0 with value: 1.0.
[I 2026-04-13 13:01:19,798] Trial 27 finished with value: 1.0 and parameters: {'n_neighbors': 3, 'leaf_size': 24, 'p': 2}. Best is trial 0 with value: 1.0.
[I 2026-04-13 13:01:19,825] Trial 28 finished with value: 1.0 and parameters: {'n_neighbors': 8, 'leaf_size': 32, 'p': 2}. Best is trial 0 with value: 1.0.
[I 2026-04-13 13:01:19,857] Trial 29 finished with value: 1.0 and parameters: {'n_neighbors': 4, 'leaf_size': 30, 'p': 1}. Best is trial 0 with value: 1.0.
[I 2026-04-13 13:01:19,942] A new study created in memory with name: xgb
[I 2026-04-13 13:01:19,968] Trial 0 finished with value: 0.95 and parameters: {'n_estimators': 40, 'max_depth': 20, 'gamma': 0.5510084172939441, 'subsample': 0.5360255666798808, 'colsample_bytree': 0.6342194900509356}. Best is trial 0 with value: 0.95.
[I 2026-04-13 13:01:20,005] Trial 1 finished with value: 0.95 and parameters: {'n_estimators': 100, 'max_depth': 5, 'gamma': 0.9186341749476523, 'subsample': 0.6066926767899578, 'colsample_bytree': 0.7260619809088416}. Best is trial 0 with value: 0.95.
[I 2026-04-13 13:01:20,032] Trial 2 finished with value: 0.75 and parameters: {'n_estimators': 10, 'max_depth': 5, 'gamma': 0.9182155373980582, 'subsample': 0.566584722879625, 'colsample_bytree': 0.761706290336883}. Best is trial 0 with value: 0.95.
[I 2026-04-13 13:01:20,061] Trial 3 finished with value: 1.0 and parameters: {'n_estimators': 10, 'max_depth': 20, 'gamma': 0.5296610393664296, 'subsample': 0.6829451928902965, 'colsample_bytree': 0.9189589971546304}. Best is trial 3 with value: 1.0.
[I 2026-04-13 13:01:20,091] Trial 4 finished with value: 0.95 and parameters: {'n_estimators': 10, 'max_depth': 20, 'gamma': 0.6916595165017824, 'subsample': 0.6851755414940176, 'colsample_bytree': 0.7295464889457157}. Best is trial 3 with value: 1.0.
[I 2026-04-13 13:01:20,131] Trial 5 finished with value: 0.95 and parameters: {'n_estimators': 100, 'max_depth': 20, 'gamma': 0.48380821541644814, 'subsample': 0.8171899343169193, 'colsample_bytree': 0.7614531005141727}. Best is trial 3 with value: 1.0.
[I 2026-04-13 13:01:20,160] Trial 6 finished with value: 0.95 and parameters: {'n_estimators': 10, 'max_depth': 5, 'gamma': 0.9599214907026333, 'subsample': 0.8414569271877088, 'colsample_bytree': 0.5265643453364788}. Best is trial 3 with value: 1.0.
