[I 2026-04-13 13:02:28,820] Trial 18 finished with value: 0.6 and parameters: {'n_estimators': 471, 'max_depth': 9, 'min_samples_split': 4, 'min_samples_leaf': 5}. Best is trial 2 with value: 0.65.
[I 2026-04-13 13:02:29,302] Trial 19 finished with value: 0.55 and parameters: {'n_estimators': 318, 'max_depth': 14, 'min_samples_split': 6, 'min_samples_leaf': 2}. Best is trial 2 with value: 0.65.
[I 2026-04-13 13:02:29,845] Trial 20 finished with value: 0.5 and parameters: {'n_estimators': 417, 'max_depth': 4, 'min_samples_split': 8, 'min_samples_leaf': 8}. Best is trial 2 with value: 0.65.
[I 2026-04-13 13:02:30,503] Trial 21 finished with value: 0.5 and parameters: {'n_estimators': 454, 'max_depth': 18, 'min_samples_split': 10, 'min_samples_leaf': 6}. Best is trial 2 with value: 0.65.
[I 2026-04-13 13:02:31,161] Trial 22 finished with value: 0.55 and parameters: {'n_estimators': 448, 'max_depth': 17, 'min_samples_split': 9, 'min_samples_leaf': 6}. Best is trial 2 with value: 0.65.
[I 2026-04-13 13:02:31,638] Trial 23 finished with value: 0.6 and parameters: {'n_estimators': 397, 'max_depth': 14, 'min_samples_split': 9, 'min_samples_leaf': 5}. Best is trial 2 with value: 0.65.
[I 2026-04-13 13:02:32,239] Trial 24 finished with value: 0.5 and parameters: {'n_estimators': 496, 'max_depth': 18, 'min_samples_split': 7, 'min_samples_leaf': 8}. Best is trial 2 with value: 0.65.
[I 2026-04-13 13:02:32,778] Trial 25 finished with value: 0.65 and parameters: {'n_estimators': 344, 'max_depth': 12, 'min_samples_split': 8, 'min_samples_leaf': 6}. Best is trial 2 with value: 0.65.
[I 2026-04-13 13:02:33,210] Trial 26 finished with value: 0.5 and parameters: {'n_estimators': 293, 'max_depth': 12, 'min_samples_split': 6, 'min_samples_leaf': 7}. Best is trial 2 with value: 0.65.
[I 2026-04-13 13:02:33,684] Trial 27 finished with value: 0.55 and parameters: {'n_estimators': 339, 'max_depth': 10, 'min_samples_split': 8, 'min_samples_leaf': 5}. Best is trial 2 with value: 0.65.
[I 2026-04-13 13:02:34,147] Trial 28 finished with value: 0.6 and parameters: {'n_estimators': 374, 'max_depth': 13, 'min_samples_split': 7, 'min_samples_leaf': 4}. Best is trial 2 with value: 0.65.
[I 2026-04-13 13:02:34,449] Trial 29 finished with value: 0.45 and parameters: {'n_estimators': 177, 'max_depth': 5, 'min_samples_split': 9, 'min_samples_leaf': 6}. Best is trial 2 with value: 0.65.
[I 2026-04-13 13:02:35,192] A new study created in memory with name: mlp
[I 2026-04-13 13:02:35,255] Trial 0 finished with value: 0.65 and parameters: {'hidden_layer_sizes': (200,), 'max_iter': 50, 'alpha': 0.001}. Best is trial 0 with value: 0.65.
[I 2026-04-13 13:02:35,313] Trial 1 finished with value: 0.6 and parameters: {'hidden_layer_sizes': (200,), 'max_iter': 50, 'alpha': 0.0001}. Best is trial 0 with value: 0.65.
[I 2026-04-13 13:02:35,360] Trial 2 finished with value: 0.65 and parameters: {'hidden_layer_sizes': (100,), 'max_iter': 50, 'alpha': 0.0001}. Best is trial 0 with value: 0.65.
[I 2026-04-13 13:02:35,436] Trial 3 finished with value: 0.6 and parameters: {'hidden_layer_sizes': (100,), 'max_iter': 100, 'alpha': 0.001}. Best is trial 0 with value: 0.65.
[I 2026-04-13 13:02:35,505] Trial 4 finished with value: 0.5 and parameters: {'hidden_layer_sizes': (200,), 'max_iter': 100, 'alpha': 0.001}. Best is trial 0 with value: 0.65.
[I 2026-04-13 13:02:35,559] Trial 5 finished with value: 0.6 and parameters: {'hidden_layer_sizes': (200,), 'max_iter': 50, 'alpha': 0.001}. Best is trial 0 with value: 0.65.
[I 2026-04-13 13:02:35,634] Trial 6 finished with value: 0.65 and parameters: {'hidden_layer_sizes': (100,), 'max_iter': 100, 'alpha': 0.0001}. Best is trial 0 with value: 0.65.
[I 2026-04-13 13:02:35,701] Trial 7 finished with value: 0.55 and parameters: {'hidden_layer_sizes': (100, 100), 'max_iter': 50, 'alpha': 0.0001}. Best is trial 0 with value: 0.65.
[I 2026-04-13 13:02:35,809] Trial 8 finished with value: 0.35 and parameters: {'hidden_layer_sizes': (100, 100), 'max_iter': 100, 'alpha': 0.0001}. Best is trial 0 with value: 0.65.
[I 2026-04-13 13:02:35,866] Trial 9 finished with value: 0.6 and parameters: {'hidden_layer_sizes': (100,), 'max_iter': 50, 'alpha': 0.001}. Best is trial 0 with value: 0.65.
[I 2026-04-13 13:02:35,924] Trial 10 finished with value: 0.65 and parameters: {'hidden_layer_sizes': (200,), 'max_iter': 50, 'alpha': 0.001}. Best is trial 0 with value: 0.65.
[I 2026-04-13 13:02:35,983] Trial 11 finished with value: 0.65 and parameters: {'hidden_layer_sizes': (100,), 'max_iter': 50, 'alpha': 0.0001}. Best is trial 0 with value: 0.65.
[I 2026-04-13 13:02:36,042] Trial 12 finished with value: 0.6 and parameters: {'hidden_layer_sizes': (200,), 'max_iter': 50, 'alpha': 0.0001}. Best is trial 0 with value: 0.65.
[I 2026-04-13 13:02:36,090] Trial 13 finished with value: 0.65 and parameters: {'hidden_layer_sizes': (100,), 'max_iter': 50, 'alpha': 0.001}. Best is trial 0 with value: 0.65.
[I 2026-04-13 13:02:36,149] Trial 14 finished with value: 0.5 and parameters: {'hidden_layer_sizes': (100, 100), 'max_iter': 50, 'alpha': 0.001}. Best is trial 0 with value: 0.65.
[I 2026-04-13 13:02:36,195] Trial 15 finished with value: 0.6 and parameters: {'hidden_layer_sizes': (200,), 'max_iter': 50, 'alpha': 0.0001}. Best is trial 0 with value: 0.65.
[I 2026-04-13 13:02:36,241] Trial 16 finished with value: 0.6 and parameters: {'hidden_layer_sizes': (100,), 'max_iter': 50, 'alpha': 0.0001}. Best is trial 0 with value: 0.65.
[I 2026-04-13 13:02:36,286] Trial 17 finished with value: 0.65 and parameters: {'hidden_layer_sizes': (200,), 'max_iter': 50, 'alpha': 0.001}. Best is trial 0 with value: 0.65.
[I 2026-04-13 13:02:36,372] Trial 18 finished with value: 0.6 and parameters: {'hidden_layer_sizes': (100,), 'max_iter': 100, 'alpha': 0.0001}. Best is trial 0 with value: 0.65.
[I 2026-04-13 13:02:36,438] Trial 19 finished with value: 0.55 and parameters: {'hidden_layer_sizes': (100, 100), 'max_iter': 50, 'alpha': 0.001}. Best is trial 0 with value: 0.65.
[I 2026-04-13 13:02:36,497] Trial 20 finished with value: 0.65 and parameters: {'hidden_layer_sizes': (100,), 'max_iter': 50, 'alpha': 0.0001}. Best is trial 0 with value: 0.65.
[I 2026-04-13 13:02:36,566] Trial 21 finished with value: 0.6 and parameters: {'hidden_layer_sizes': (100,), 'max_iter': 100, 'alpha': 0.0001}. Best is trial 0 with value: 0.65.
[I 2026-04-13 13:02:36,653] Trial 22 finished with value: 0.6 and parameters: {'hidden_layer_sizes': (100,), 'max_iter': 100, 'alpha': 0.0001}. Best is trial 0 with value: 0.65.
[I 2026-04-13 13:02:36,732] Trial 23 finished with value: 0.6 and parameters: {'hidden_layer_sizes': (100,), 'max_iter': 100, 'alpha': 0.0001}. Best is trial 0 with value: 0.65.
[I 2026-04-13 13:02:36,789] Trial 24 finished with value: 0.6 and parameters: {'hidden_layer_sizes': (100,), 'max_iter': 100, 'alpha': 0.0001}. Best is trial 0 with value: 0.65.
[I 2026-04-13 13:02:36,859] Trial 25 finished with value: 0.5 and parameters: {'hidden_layer_sizes': (200,), 'max_iter': 100, 'alpha': 0.0001}. Best is trial 0 with value: 0.65.
[I 2026-04-13 13:02:36,946] Trial 26 finished with value: 0.6 and parameters: {'hidden_layer_sizes': (100,), 'max_iter': 100, 'alpha': 0.001}. Best is trial 0 with value: 0.65.
[I 2026-04-13 13:02:36,991] Trial 27 finished with value: 0.65 and parameters: {'hidden_layer_sizes': (100,), 'max_iter': 50, 'alpha': 0.0001}. Best is trial 0 with value: 0.65.
[I 2026-04-13 13:02:37,077] Trial 28 finished with value: 0.35 and parameters: {'hidden_layer_sizes': (100, 100), 'max_iter': 100, 'alpha': 0.001}. Best is trial 0 with value: 0.65.
[I 2026-04-13 13:02:37,127] Trial 29 finished with value: 0.65 and parameters: {'hidden_layer_sizes': (200,), 'max_iter': 50, 'alpha': 0.0001}. Best is trial 0 with value: 0.65.
[I 2026-04-13 13:02:37,270] A new study created in memory with name: naive_bayes
[I 2026-04-13 13:02:37,284] Trial 0 finished with value: 0.55 and parameters: {'var_smoothing': 5.582886587978182e-09}. Best is trial 0 with value: 0.55.
[I 2026-04-13 13:02:37,298] Trial 1 finished with value: 0.55 and parameters: {'var_smoothing': 8.651299071518215e-09}. Best is trial 0 with value: 0.55.
[I 2026-04-13 13:02:37,312] Trial 2 finished with value: 0.55 and parameters: {'var_smoothing': 5.475062490474489e-09}. Best is trial 0 with value: 0.55.
[I 2026-04-13 13:02:37,326] Trial 3 finished with value: 0.55 and parameters: {'var_smoothing': 1.1526869678723134e-09}. Best is trial 0 with value: 0.55.
[I 2026-04-13 13:02:37,339] Trial 4 finished with value: 0.55 and parameters: {'var_smoothing': 2.920496270341785e-10}. Best is trial 0 with value: 0.55.
[I 2026-04-13 13:02:37,353] Trial 5 finished with value: 0.55 and parameters: {'var_smoothing': 1.0538956417705805e-10}. Best is trial 0 with value: 0.55.
[I 2026-04-13 13:02:37,368] Trial 6 finished with value: 0.55 and parameters: {'var_smoothing': 7.260016982331591e-10}. Best is trial 0 with value: 0.55.
[I 2026-04-13 13:02:37,393] Trial 7 finished with value: 0.55 and parameters: {'var_smoothing': 6.378267364653917e-10}. Best is trial 0 with value: 0.55.
[I 2026-04-13 13:02:37,407] Trial 8 finished with value: 0.55 and parameters: {'var_smoothing': 1.1100673847791952e-09}. Best is trial 0 with value: 0.55.
[I 2026-04-13 13:02:37,421] Trial 9 finished with value: 0.55 and parameters: {'var_smoothing': 9.052813879088377e-10}. Best is trial 0 with value: 0.55.
[I 2026-04-13 13:02:37,441] Trial 10 finished with value: 0.55 and parameters: {'var_smoothing': 3.20543606083287e-09}. Best is trial 0 with value: 0.55.
[I 2026-04-13 13:02:37,460] Trial 11 finished with value: 0.55 and parameters: {'var_smoothing': 8.433965140342417e-09}. Best is trial 0 with value: 0.55.
[I 2026-04-13 13:02:37,477] Trial 12 finished with value: 0.55 and parameters: {'var_smoothing': 2.860874278982245e-09}. Best is trial 0 with value: 0.55.
[I 2026-04-13 13:02:37,498] Trial 13 finished with value: 0.55 and parameters: {'var_smoothing': 9.270349036178526e-09}. Best is trial 0 with value: 0.55.
[I 2026-04-13 13:02:37,519] Trial 14 finished with value: 0.55 and parameters: {'var_smoothing': 3.13069447640915e-09}. Best is trial 0 with value: 0.55.
[I 2026-04-13 13:02:37,538] Trial 15 finished with value: 0.55 and parameters: {'var_smoothing': 5.223604886811285e-09}. Best is trial 0 with value: 0.55.
[I 2026-04-13 13:02:37,555] Trial 16 finished with value: 0.55 and parameters: {'var_smoothing': 2.0295724993447026e-09}. Best is trial 0 with value: 0.55.
[I 2026-04-13 13:02:37,574] Trial 17 finished with value: 0.55 and parameters: {'var_smoothing': 5.880433102756661e-09}. Best is trial 0 with value: 0.55.
[I 2026-04-13 13:02:37,594] Trial 18 finished with value: 0.55 and parameters: {'var_smoothing': 1.6980964875204416e-09}. Best is trial 0 with value: 0.55.
[I 2026-04-13 13:02:37,616] Trial 19 finished with value: 0.55 and parameters: {'var_smoothing': 4.2955625192244405e-09}. Best is trial 0 with value: 0.55.
[I 2026-04-13 13:02:37,633] Trial 20 finished with value: 0.55 and parameters: {'var_smoothing': 9.833771947222685e-09}. Best is trial 0 with value: 0.55.
[I 2026-04-13 13:02:37,655] Trial 21 finished with value: 0.55 and parameters: {'var_smoothing': 6.0482464086364635e-09}. Best is trial 0 with value: 0.55.
[I 2026-04-13 13:02:37,673] Trial 22 finished with value: 0.55 and parameters: {'var_smoothing': 4.537628481410357e-09}. Best is trial 0 with value: 0.55.
[I 2026-04-13 13:02:37,688] Trial 23 finished with value: 0.55 and parameters: {'var_smoothing': 6.750528289210463e-09}. Best is trial 0 with value: 0.55.
[I 2026-04-13 13:02:37,703] Trial 24 finished with value: 0.55 and parameters: {'var_smoothing': 2.2780337647355764e-09}. Best is trial 0 with value: 0.55.
[I 2026-04-13 13:02:37,719] Trial 25 finished with value: 0.55 and parameters: {'var_smoothing': 3.986918574074946e-09}. Best is trial 0 with value: 0.55.
[I 2026-04-13 13:02:37,736] Trial 26 finished with value: 0.55 and parameters: {'var_smoothing': 1.7707565248297843e-09}. Best is trial 0 with value: 0.55.
[I 2026-04-13 13:02:37,754] Trial 27 finished with value: 0.55 and parameters: {'var_smoothing': 6.732492847962814e-09}. Best is trial 0 with value: 0.55.
[I 2026-04-13 13:02:37,769] Trial 28 finished with value: 0.55 and parameters: {'var_smoothing': 3.8684773890893174e-10}. Best is trial 0 with value: 0.55.
[I 2026-04-13 13:02:37,786] Trial 29 finished with value: 0.55 and parameters: {'var_smoothing': 1.5480090897085013e-09}. Best is trial 0 with value: 0.55.
[I 2026-04-13 13:02:37,820] A new study created in memory with name: logreg
[I 2026-04-13 13:02:37,843] Trial 0 finished with value: 0.4 and parameters: {'C': 23.288794782471303, 'penalty': 'l2'}. Best is trial 0 with value: 0.4.
[I 2026-04-13 13:02:37,878] Trial 1 finished with value: 0.4 and parameters: {'C': 69.61507800412923, 'penalty': 'l2'}. Best is trial 0 with value: 0.4.
[I 2026-04-13 13:02:37,901] Trial 2 finished with value: 0.4 and parameters: {'C': 22.180569925473442, 'penalty': 'l2'}. Best is trial 0 with value: 0.4.
[I 2026-04-13 13:02:37,928] Trial 3 finished with value: 0.55 and parameters: {'C': 0.4511058486037652, 'penalty': 'l2'}. Best is trial 3 with value: 0.55.
[I 2026-04-13 13:02:37,944] Trial 4 finished with value: 0.55 and parameters: {'C': 0.014576110093994574, 'penalty': 'l2'}. Best is trial 3 with value: 0.55.
[I 2026-04-13 13:02:37,970] Trial 5 finished with value: 0.5 and parameters: {'C': 0.0011402340906886685, 'penalty': 'l2'}. Best is trial 3 with value: 0.55.
[I 2026-04-13 13:02:38,007] Trial 6 finished with value: 0.7 and parameters: {'C': 0.14201822862985758, 'penalty': 'l2'}. Best is trial 6 with value: 0.7.
[I 2026-04-13 13:02:38,033] Trial 7 finished with value: 0.7 and parameters: {'C': 0.1027440782219989, 'penalty': 'l2'}. Best is trial 6 with value: 0.7.
[I 2026-04-13 13:02:38,057] Trial 8 finished with value: 0.55 and parameters: {'C': 0.41055690122086846, 'penalty': 'l2'}. Best is trial 6 with value: 0.7.
[I 2026-04-13 13:02:38,083] Trial 9 finished with value: 0.6 and parameters: {'C': 0.24658064201770763, 'penalty': 'l2'}. Best is trial 6 with value: 0.7.
[I 2026-04-13 13:02:38,112] Trial 10 finished with value: 0.45 and parameters: {'C': 2.7804599228008953, 'penalty': 'l2'}. Best is trial 6 with value: 0.7.
[I 2026-04-13 13:02:38,143] Trial 11 finished with value: 0.7 and parameters: {'C': 0.033652069446060424, 'penalty': 'l2'}. Best is trial 6 with value: 0.7.
[I 2026-04-13 13:02:38,171] Trial 12 finished with value: 0.65 and parameters: {'C': 0.029950578284167292, 'penalty': 'l2'}. Best is trial 6 with value: 0.7.
[I 2026-04-13 13:02:38,200] Trial 13 finished with value: 0.5 and parameters: {'C': 0.0038544431117627145, 'penalty': 'l2'}. Best is trial 6 with value: 0.7.
[I 2026-04-13 13:02:38,229] Trial 14 finished with value: 0.7 and parameters: {'C': 0.12423670255646674, 'penalty': 'l2'}. Best is trial 6 with value: 0.7.
[I 2026-04-13 13:02:38,258] Trial 15 finished with value: 0.45 and parameters: {'C': 2.206050579350825, 'penalty': 'l2'}. Best is trial 6 with value: 0.7.
[I 2026-04-13 13:02:38,276] Trial 16 finished with value: 0.7 and parameters: {'C': 0.08637666194931808, 'penalty': 'l2'}. Best is trial 6 with value: 0.7.
[I 2026-04-13 13:02:38,305] Trial 17 finished with value: 0.45 and parameters: {'C': 2.0708820569734048, 'penalty': 'l2'}. Best is trial 6 with value: 0.7.
[I 2026-04-13 13:02:38,334] Trial 18 finished with value: 0.55 and parameters: {'C': 0.008018285794597138, 'penalty': 'l2'}. Best is trial 6 with value: 0.7.
[I 2026-04-13 13:02:38,362] Trial 19 finished with value: 0.45 and parameters: {'C': 0.9115046186777203, 'penalty': 'l2'}. Best is trial 6 with value: 0.7.
[I 2026-04-13 13:02:38,391] Trial 20 finished with value: 0.7 and parameters: {'C': 0.06077263039865665, 'penalty': 'l2'}. Best is trial 6 with value: 0.7.
[I 2026-04-13 13:02:38,409] Trial 21 finished with value: 0.6 and parameters: {'C': 0.02763740914928248, 'penalty': 'l2'}. Best is trial 6 with value: 0.7.
[I 2026-04-13 13:02:38,438] Trial 22 finished with value: 0.7 and parameters: {'C': 0.15300449113188022, 'penalty': 'l2'}. Best is trial 6 with value: 0.7.
[I 2026-04-13 13:02:38,467] Trial 23 finished with value: 0.5 and parameters: {'C': 0.004403816075084637, 'penalty': 'l2'}. Best is trial 6 with value: 0.7.
[I 2026-04-13 13:02:38,498] Trial 24 finished with value: 0.7 and parameters: {'C': 0.04285902389819361, 'penalty': 'l2'}. Best is trial 6 with value: 0.7.
[I 2026-04-13 13:02:38,524] Trial 25 finished with value: 0.6 and parameters: {'C': 0.015402780353887067, 'penalty': 'l2'}. Best is trial 6 with value: 0.7.
[I 2026-04-13 13:02:38,555] Trial 26 finished with value: 0.55 and parameters: {'C': 0.49022751950403143, 'penalty': 'l2'}. Best is trial 6 with value: 0.7.
[I 2026-04-13 13:02:38,571] Trial 27 finished with value: 0.45 and parameters: {'C': 0.9075730899203285, 'penalty': 'l2'}. Best is trial 6 with value: 0.7.
[I 2026-04-13 13:02:38,602] Trial 28 finished with value: 0.7 and parameters: {'C': 0.10034356710343877, 'penalty': 'l2'}. Best is trial 6 with value: 0.7.
[I 2026-04-13 13:02:38,632] Trial 29 finished with value: 0.45 and parameters: {'C': 11.500276183617077, 'penalty': 'l2'}. Best is trial 6 with value: 0.7.
[I 2026-04-13 13:02:38,671] A new study created in memory with name: knn
[I 2026-04-13 13:02:38,684] Trial 0 finished with value: 0.55 and parameters: {'n_neighbors': 9, 'leaf_size': 40, 'p': 1}. Best is trial 0 with value: 0.55.
[I 2026-04-13 13:02:38,698] Trial 1 finished with value: 0.4 and parameters: {'n_neighbors': 4, 'leaf_size': 20, 'p': 1}. Best is trial 0 with value: 0.55.
[I 2026-04-13 13:02:38,711] Trial 2 finished with value: 0.55 and parameters: {'n_neighbors': 7, 'leaf_size': 30, 'p': 1}. Best is trial 0 with value: 0.55.
[I 2026-04-13 13:02:38,737] Trial 3 finished with value: 0.55 and parameters: {'n_neighbors': 9, 'leaf_size': 34, 'p': 1}. Best is trial 0 with value: 0.55.
[I 2026-04-13 13:02:38,751] Trial 4 finished with value: 0.65 and parameters: {'n_neighbors': 5, 'leaf_size': 40, 'p': 1}. Best is trial 4 with value: 0.65.
[I 2026-04-13 13:02:38,765] Trial 5 finished with value: 0.4 and parameters: {'n_neighbors': 3, 'leaf_size': 40, 'p': 2}. Best is trial 4 with value: 0.65.
[I 2026-04-13 13:02:38,789] Trial 6 finished with value: 0.4 and parameters: {'n_neighbors': 3, 'leaf_size': 24, 'p': 2}. Best is trial 4 with value: 0.65.
[I 2026-04-13 13:02:38,804] Trial 7 finished with value: 0.65 and parameters: {'n_neighbors': 5, 'leaf_size': 40, 'p': 2}. Best is trial 4 with value: 0.65.
[I 2026-04-13 13:02:38,821] Trial 8 finished with value: 0.45 and parameters: {'n_neighbors': 6, 'leaf_size': 36, 'p': 1}. Best is trial 4 with value: 0.65.
[I 2026-04-13 13:02:38,836] Trial 9 finished with value: 0.45 and parameters: {'n_neighbors': 6, 'leaf_size': 25, 'p': 1}. Best is trial 4 with value: 0.65.
[I 2026-04-13 13:02:38,860] Trial 10 finished with value: 0.55 and parameters: {'n_neighbors': 7, 'leaf_size': 32, 'p': 2}. Best is trial 4 with value: 0.65.
[I 2026-04-13 13:02:38,889] Trial 11 finished with value: 0.65 and parameters: {'n_neighbors': 5, 'leaf_size': 37, 'p': 2}. Best is trial 4 with value: 0.65.
[I 2026-04-13 13:02:38,915] Trial 12 finished with value: 0.65 and parameters: {'n_neighbors': 5, 'leaf_size': 38, 'p': 2}. Best is trial 4 with value: 0.65.
[I 2026-04-13 13:02:38,941] Trial 13 finished with value: 0.65 and parameters: {'n_neighbors': 5, 'leaf_size': 30, 'p': 2}. Best is trial 4 with value: 0.65.
[I 2026-04-13 13:02:38,978] Trial 14 finished with value: 0.6 and parameters: {'n_neighbors': 8, 'leaf_size': 35, 'p': 1}. Best is trial 4 with value: 0.65.
[I 2026-04-13 13:02:39,006] Trial 15 finished with value: 0.35 and parameters: {'n_neighbors': 4, 'leaf_size': 39, 'p': 2}. Best is trial 4 with value: 0.65.
[I 2026-04-13 13:02:39,029] Trial 16 finished with value: 0.35 and parameters: {'n_neighbors': 4, 'leaf_size': 33, 'p': 2}. Best is trial 4 with value: 0.65.
[I 2026-04-13 13:02:39,053] Trial 17 finished with value: 0.45 and parameters: {'n_neighbors': 6, 'leaf_size': 26, 'p': 1}. Best is trial 4 with value: 0.65.
[I 2026-04-13 13:02:39,076] Trial 18 finished with value: 0.55 and parameters: {'n_neighbors': 8, 'leaf_size': 28, 'p': 2}. Best is trial 4 with value: 0.65.
[I 2026-04-13 13:02:39,124] Trial 19 finished with value: 0.65 and parameters: {'n_neighbors': 5, 'leaf_size': 37, 'p': 1}. Best is trial 4 with value: 0.65.
[I 2026-04-13 13:02:39,152] Trial 20 finished with value: 0.4 and parameters: {'n_neighbors': 4, 'leaf_size': 20, 'p': 1}. Best is trial 4 with value: 0.65.
[I 2026-04-13 13:02:39,183] Trial 21 finished with value: 0.65 and parameters: {'n_neighbors': 5, 'leaf_size': 37, 'p': 2}. Best is trial 4 with value: 0.65.
[I 2026-04-13 13:02:39,216] Trial 22 finished with value: 0.65 and parameters: {'n_neighbors': 5, 'leaf_size': 40, 'p': 2}. Best is trial 4 with value: 0.65.
[I 2026-04-13 13:02:39,237] Trial 23 finished with value: 0.55 and parameters: {'n_neighbors': 6, 'leaf_size': 38, 'p': 2}. Best is trial 4 with value: 0.65.
[I 2026-04-13 13:02:39,265] Trial 24 finished with value: 0.55 and parameters: {'n_neighbors': 7, 'leaf_size': 36, 'p': 2}. Best is trial 4 with value: 0.65.
[I 2026-04-13 13:02:39,286] Trial 25 finished with value: 0.55 and parameters: {'n_neighbors': 10, 'leaf_size': 38, 'p': 2}. Best is trial 4 with value: 0.65.
[I 2026-04-13 13:02:39,315] Trial 26 finished with value: 0.4 and parameters: {'n_neighbors': 3, 'leaf_size': 32, 'p': 2}. Best is trial 4 with value: 0.65.
[I 2026-04-13 13:02:39,341] Trial 27 finished with value: 0.35 and parameters: {'n_neighbors': 4, 'leaf_size': 40, 'p': 2}. Best is trial 4 with value: 0.65.
[I 2026-04-13 13:02:39,367] Trial 28 finished with value: 0.65 and parameters: {'n_neighbors': 5, 'leaf_size': 35, 'p': 1}. Best is trial 4 with value: 0.65.
