[I 2026-04-13 13:11:07,834] Trial 15 finished with value: 1.0 and parameters: {'n_estimators': 202, 'max_depth': 17, 'min_samples_split': 8, 'min_samples_leaf': 5}. Best is trial 0 with value: 1.0.
[I 2026-04-13 13:11:08,361] Trial 16 finished with value: 1.0 and parameters: {'n_estimators': 444, 'max_depth': 14, 'min_samples_split': 10, 'min_samples_leaf': 7}. Best is trial 0 with value: 1.0.
[I 2026-04-13 13:11:08,674] Trial 17 finished with value: 1.0 and parameters: {'n_estimators': 252, 'max_depth': 14, 'min_samples_split': 4, 'min_samples_leaf': 1}. Best is trial 0 with value: 1.0.
[I 2026-04-13 13:11:09,196] Trial 18 finished with value: 1.0 and parameters: {'n_estimators': 353, 'max_depth': 18, 'min_samples_split': 6, 'min_samples_leaf': 4}. Best is trial 0 with value: 1.0.
[I 2026-04-13 13:11:09,460] Trial 19 finished with value: 1.0 and parameters: {'n_estimators': 156, 'max_depth': 11, 'min_samples_split': 9, 'min_samples_leaf': 7}. Best is trial 0 with value: 1.0.
[I 2026-04-13 13:11:09,862] Trial 20 finished with value: 1.0 and parameters: {'n_estimators': 285, 'max_depth': 3, 'min_samples_split': 4, 'min_samples_leaf': 9}. Best is trial 0 with value: 1.0.
[I 2026-04-13 13:11:10,220] Trial 21 finished with value: 1.0 and parameters: {'n_estimators': 209, 'max_depth': 9, 'min_samples_split': 3, 'min_samples_leaf': 8}. Best is trial 0 with value: 1.0.
[I 2026-04-13 13:11:10,539] Trial 22 finished with value: 1.0 and parameters: {'n_estimators': 211, 'max_depth': 12, 'min_samples_split': 2, 'min_samples_leaf': 9}. Best is trial 0 with value: 1.0.
[I 2026-04-13 13:11:10,984] Trial 23 finished with value: 1.0 and parameters: {'n_estimators': 309, 'max_depth': 15, 'min_samples_split': 3, 'min_samples_leaf': 7}. Best is trial 0 with value: 1.0.
[I 2026-04-13 13:11:11,330] Trial 24 finished with value: 1.0 and parameters: {'n_estimators': 246, 'max_depth': 19, 'min_samples_split': 5, 'min_samples_leaf': 10}. Best is trial 0 with value: 1.0.
[I 2026-04-13 13:11:11,667] Trial 25 finished with value: 1.0 and parameters: {'n_estimators': 179, 'max_depth': 13, 'min_samples_split': 3, 'min_samples_leaf': 9}. Best is trial 0 with value: 1.0.
[I 2026-04-13 13:11:11,886] Trial 26 finished with value: 1.0 and parameters: {'n_estimators': 123, 'max_depth': 3, 'min_samples_split': 7, 'min_samples_leaf': 8}. Best is trial 0 with value: 1.0.
[I 2026-04-13 13:11:12,229] Trial 27 finished with value: 1.0 and parameters: {'n_estimators': 224, 'max_depth': 16, 'min_samples_split': 2, 'min_samples_leaf': 6}. Best is trial 0 with value: 1.0.
[I 2026-04-13 13:11:12,517] Trial 28 finished with value: 1.0 and parameters: {'n_estimators': 140, 'max_depth': 10, 'min_samples_split': 8, 'min_samples_leaf': 7}. Best is trial 0 with value: 1.0.
[I 2026-04-13 13:11:12,927] Trial 29 finished with value: 1.0 and parameters: {'n_estimators': 283, 'max_depth': 18, 'min_samples_split': 9, 'min_samples_leaf': 4}. Best is trial 0 with value: 1.0.
[I 2026-04-13 13:11:13,417] A new study created in memory with name: mlp
[I 2026-04-13 13:11:13,472] Trial 0 finished with value: 0.975 and parameters: {'hidden_layer_sizes': (200,), 'max_iter': 50, 'alpha': 0.001}. Best is trial 0 with value: 0.975.
[I 2026-04-13 13:11:13,550] Trial 1 finished with value: 0.975 and parameters: {'hidden_layer_sizes': (100,), 'max_iter': 100, 'alpha': 0.0001}. Best is trial 0 with value: 0.975.
[I 2026-04-13 13:11:13,627] Trial 2 finished with value: 0.975 and parameters: {'hidden_layer_sizes': (100,), 'max_iter': 100, 'alpha': 0.001}. Best is trial 0 with value: 0.975.
[I 2026-04-13 13:11:13,684] Trial 3 finished with value: 0.975 and parameters: {'hidden_layer_sizes': (200,), 'max_iter': 50, 'alpha': 0.001}. Best is trial 0 with value: 0.975.
[I 2026-04-13 13:11:13,743] Trial 4 finished with value: 0.975 and parameters: {'hidden_layer_sizes': (100,), 'max_iter': 100, 'alpha': 0.0001}. Best is trial 0 with value: 0.975.
[I 2026-04-13 13:11:13,800] Trial 5 finished with value: 0.975 and parameters: {'hidden_layer_sizes': (100,), 'max_iter': 100, 'alpha': 0.001}. Best is trial 0 with value: 0.975.
[I 2026-04-13 13:11:13,865] Trial 6 finished with value: 0.975 and parameters: {'hidden_layer_sizes': (200,), 'max_iter': 100, 'alpha': 0.001}. Best is trial 0 with value: 0.975.
[I 2026-04-13 13:11:13,952] Trial 7 finished with value: 0.975 and parameters: {'hidden_layer_sizes': (200,), 'max_iter': 100, 'alpha': 0.001}. Best is trial 0 with value: 0.975.
[I 2026-04-13 13:11:14,007] Trial 8 finished with value: 0.975 and parameters: {'hidden_layer_sizes': (100,), 'max_iter': 100, 'alpha': 0.001}. Best is trial 0 with value: 0.975.
[I 2026-04-13 13:11:14,052] Trial 9 finished with value: 0.975 and parameters: {'hidden_layer_sizes': (100,), 'max_iter': 50, 'alpha': 0.001}. Best is trial 0 with value: 0.975.
[I 2026-04-13 13:11:14,103] Trial 10 finished with value: 0.975 and parameters: {'hidden_layer_sizes': (100, 100), 'max_iter': 50, 'alpha': 0.0001}. Best is trial 0 with value: 0.975.
[I 2026-04-13 13:11:14,173] Trial 11 finished with value: 0.975 and parameters: {'hidden_layer_sizes': (100, 100), 'max_iter': 50, 'alpha': 0.0001}. Best is trial 0 with value: 0.975.
[I 2026-04-13 13:11:14,232] Trial 12 finished with value: 0.975 and parameters: {'hidden_layer_sizes': (200,), 'max_iter': 50, 'alpha': 0.0001}. Best is trial 0 with value: 0.975.
[I 2026-04-13 13:11:14,288] Trial 13 finished with value: 0.975 and parameters: {'hidden_layer_sizes': (200,), 'max_iter': 50, 'alpha': 0.0001}. Best is trial 0 with value: 0.975.
[I 2026-04-13 13:11:14,374] Trial 14 finished with value: 0.975 and parameters: {'hidden_layer_sizes': (100, 100), 'max_iter': 100, 'alpha': 0.0001}. Best is trial 0 with value: 0.975.
[I 2026-04-13 13:11:14,420] Trial 15 finished with value: 0.975 and parameters: {'hidden_layer_sizes': (100,), 'max_iter': 50, 'alpha': 0.0001}. Best is trial 0 with value: 0.975.
[I 2026-04-13 13:11:14,511] Trial 16 finished with value: 0.975 and parameters: {'hidden_layer_sizes': (200,), 'max_iter': 100, 'alpha': 0.001}. Best is trial 0 with value: 0.975.
[I 2026-04-13 13:11:14,560] Trial 17 finished with value: 0.975 and parameters: {'hidden_layer_sizes': (200,), 'max_iter': 50, 'alpha': 0.0001}. Best is trial 0 with value: 0.975.
[I 2026-04-13 13:11:14,620] Trial 18 finished with value: 0.975 and parameters: {'hidden_layer_sizes': (100,), 'max_iter': 100, 'alpha': 0.001}. Best is trial 0 with value: 0.975.
[I 2026-04-13 13:11:14,701] Trial 19 finished with value: 0.975 and parameters: {'hidden_layer_sizes': (100, 100), 'max_iter': 50, 'alpha': 0.0001}. Best is trial 0 with value: 0.975.
[I 2026-04-13 13:11:14,771] Trial 20 finished with value: 0.975 and parameters: {'hidden_layer_sizes': (200,), 'max_iter': 100, 'alpha': 0.0001}. Best is trial 0 with value: 0.975.
[I 2026-04-13 13:11:14,838] Trial 21 finished with value: 0.975 and parameters: {'hidden_layer_sizes': (100,), 'max_iter': 100, 'alpha': 0.001}. Best is trial 0 with value: 0.975.
[I 2026-04-13 13:11:14,895] Trial 22 finished with value: 0.975 and parameters: {'hidden_layer_sizes': (100,), 'max_iter': 100, 'alpha': 0.001}. Best is trial 0 with value: 0.975.
[I 2026-04-13 13:11:14,955] Trial 23 finished with value: 0.975 and parameters: {'hidden_layer_sizes': (100,), 'max_iter': 100, 'alpha': 0.001}. Best is trial 0 with value: 0.975.
[I 2026-04-13 13:11:15,035] Trial 24 finished with value: 0.975 and parameters: {'hidden_layer_sizes': (100,), 'max_iter': 100, 'alpha': 0.001}. Best is trial 0 with value: 0.975.
[I 2026-04-13 13:11:15,092] Trial 25 finished with value: 0.975 and parameters: {'hidden_layer_sizes': (100,), 'max_iter': 100, 'alpha': 0.001}. Best is trial 0 with value: 0.975.
[I 2026-04-13 13:11:15,128] Trial 26 finished with value: 0.975 and parameters: {'hidden_layer_sizes': (100,), 'max_iter': 50, 'alpha': 0.001}. Best is trial 0 with value: 0.975.
[I 2026-04-13 13:11:15,184] Trial 27 finished with value: 0.975 and parameters: {'hidden_layer_sizes': (100,), 'max_iter': 100, 'alpha': 0.001}. Best is trial 0 with value: 0.975.
[I 2026-04-13 13:11:15,254] Trial 28 finished with value: 0.975 and parameters: {'hidden_layer_sizes': (100, 100), 'max_iter': 50, 'alpha': 0.0001}. Best is trial 0 with value: 0.975.
[I 2026-04-13 13:11:15,302] Trial 29 finished with value: 0.975 and parameters: {'hidden_layer_sizes': (200,), 'max_iter': 50, 'alpha': 0.001}. Best is trial 0 with value: 0.975.
[I 2026-04-13 13:11:16,986] A new study created in memory with name: naive_bayes
[I 2026-04-13 13:11:16,999] Trial 0 finished with value: 0.775 and parameters: {'var_smoothing': 6.10548688762798e-09}. Best is trial 0 with value: 0.775.
[I 2026-04-13 13:11:17,012] Trial 1 finished with value: 0.775 and parameters: {'var_smoothing': 4.6127467400935034e-10}. Best is trial 0 with value: 0.775.
[I 2026-04-13 13:11:17,025] Trial 2 finished with value: 0.775 and parameters: {'var_smoothing': 4.389936579400967e-09}. Best is trial 0 with value: 0.775.
[I 2026-04-13 13:11:17,039] Trial 3 finished with value: 0.775 and parameters: {'var_smoothing': 1.2116948204672054e-10}. Best is trial 0 with value: 0.775.
[I 2026-04-13 13:11:17,051] Trial 4 finished with value: 0.775 and parameters: {'var_smoothing': 1.6417739478477417e-10}. Best is trial 0 with value: 0.775.
[I 2026-04-13 13:11:17,063] Trial 5 finished with value: 0.775 and parameters: {'var_smoothing': 1.5491880147236797e-09}. Best is trial 0 with value: 0.775.
[I 2026-04-13 13:11:17,076] Trial 6 finished with value: 0.775 and parameters: {'var_smoothing': 1.1471883405287265e-09}. Best is trial 0 with value: 0.775.
[I 2026-04-13 13:11:17,090] Trial 7 finished with value: 0.775 and parameters: {'var_smoothing': 6.88041853492358e-10}. Best is trial 0 with value: 0.775.
[I 2026-04-13 13:11:17,103] Trial 8 finished with value: 0.775 and parameters: {'var_smoothing': 4.686144741221158e-10}. Best is trial 0 with value: 0.775.
[I 2026-04-13 13:11:17,117] Trial 9 finished with value: 0.775 and parameters: {'var_smoothing': 1.7580809350683337e-09}. Best is trial 0 with value: 0.775.
[I 2026-04-13 13:11:17,137] Trial 10 finished with value: 0.775 and parameters: {'var_smoothing': 9.83902635509218e-09}. Best is trial 0 with value: 0.775.
[I 2026-04-13 13:11:17,159] Trial 11 finished with value: 0.775 and parameters: {'var_smoothing': 2.660399871603373e-10}. Best is trial 0 with value: 0.775.
[I 2026-04-13 13:11:17,179] Trial 12 finished with value: 0.775 and parameters: {'var_smoothing': 9.276268851540963e-09}. Best is trial 0 with value: 0.775.
[I 2026-04-13 13:11:17,197] Trial 13 finished with value: 0.775 and parameters: {'var_smoothing': 2.9844010685221692e-09}. Best is trial 0 with value: 0.775.
[I 2026-04-13 13:11:17,215] Trial 14 finished with value: 0.775 and parameters: {'var_smoothing': 3.8923309717334116e-10}. Best is trial 0 with value: 0.775.
[I 2026-04-13 13:11:17,232] Trial 15 finished with value: 0.775 and parameters: {'var_smoothing': 3.85461066627204e-09}. Best is trial 0 with value: 0.775.
[I 2026-04-13 13:11:17,254] Trial 16 finished with value: 0.775 and parameters: {'var_smoothing': 7.120907275009211e-10}. Best is trial 0 with value: 0.775.
[I 2026-04-13 13:11:17,275] Trial 17 finished with value: 0.775 and parameters: {'var_smoothing': 2.412486610614855e-10}. Best is trial 0 with value: 0.775.
[I 2026-04-13 13:11:17,295] Trial 18 finished with value: 0.775 and parameters: {'var_smoothing': 2.3580860166954074e-09}. Best is trial 0 with value: 0.775.
[I 2026-04-13 13:11:17,321] Trial 19 finished with value: 0.775 and parameters: {'var_smoothing': 5.846846875339535e-09}. Best is trial 0 with value: 0.775.
[I 2026-04-13 13:11:17,342] Trial 20 finished with value: 0.775 and parameters: {'var_smoothing': 1.0486521320383776e-09}. Best is trial 0 with value: 0.775.
[I 2026-04-13 13:11:17,361] Trial 21 finished with value: 0.775 and parameters: {'var_smoothing': 4.9491450263339475e-09}. Best is trial 0 with value: 0.775.
[I 2026-04-13 13:11:17,380] Trial 22 finished with value: 0.775 and parameters: {'var_smoothing': 6.667992141406306e-09}. Best is trial 0 with value: 0.775.
[I 2026-04-13 13:11:17,400] Trial 23 finished with value: 0.775 and parameters: {'var_smoothing': 3.2795712712135213e-09}. Best is trial 0 with value: 0.775.
[I 2026-04-13 13:11:17,422] Trial 24 finished with value: 0.775 and parameters: {'var_smoothing': 6.403538416287158e-10}. Best is trial 0 with value: 0.775.
[I 2026-04-13 13:11:17,444] Trial 25 finished with value: 0.775 and parameters: {'var_smoothing': 2.1589819023851477e-09}. Best is trial 0 with value: 0.775.
[I 2026-04-13 13:11:17,464] Trial 26 finished with value: 0.775 and parameters: {'var_smoothing': 3.912617821024548e-09}. Best is trial 0 with value: 0.775.
[I 2026-04-13 13:11:17,483] Trial 27 finished with value: 0.775 and parameters: {'var_smoothing': 7.162139101012446e-09}. Best is trial 0 with value: 0.775.
[I 2026-04-13 13:11:17,506] Trial 28 finished with value: 0.775 and parameters: {'var_smoothing': 1.3883316815746274e-09}. Best is trial 0 with value: 0.775.
[I 2026-04-13 13:11:17,528] Trial 29 finished with value: 0.775 and parameters: {'var_smoothing': 4.1751754503046387e-10}. Best is trial 0 with value: 0.775.
[I 2026-04-13 13:11:17,565] A new study created in memory with name: logreg
[I 2026-04-13 13:11:17,590] Trial 0 finished with value: 0.8 and parameters: {'C': 29.127335430981816, 'penalty': 'l2'}. Best is trial 0 with value: 0.8.
[I 2026-04-13 13:11:17,604] Trial 1 finished with value: 0.875 and parameters: {'C': 0.045698192893558344, 'penalty': 'l2'}. Best is trial 1 with value: 0.875.
[I 2026-04-13 13:11:17,625] Trial 2 finished with value: 0.8 and parameters: {'C': 12.768668597712947, 'penalty': 'l2'}. Best is trial 1 with value: 0.875.
[I 2026-04-13 13:11:17,643] Trial 3 finished with value: 0.825 and parameters: {'C': 0.0016161554408462638, 'penalty': 'l2'}. Best is trial 1 with value: 0.875.
[I 2026-04-13 13:11:17,657] Trial 4 finished with value: 0.825 and parameters: {'C': 0.0034536903703241734, 'penalty': 'l2'}. Best is trial 1 with value: 0.875.
[I 2026-04-13 13:11:17,684] Trial 5 finished with value: 0.85 and parameters: {'C': 0.9446269266990148, 'penalty': 'l2'}. Best is trial 1 with value: 0.875.
[I 2026-04-13 13:11:17,698] Trial 6 finished with value: 0.875 and parameters: {'C': 0.4457453393648168, 'penalty': 'l2'}. Best is trial 1 with value: 0.875.
[I 2026-04-13 13:11:17,723] Trial 7 finished with value: 0.85 and parameters: {'C': 0.12417585037258261, 'penalty': 'l2'}. Best is trial 1 with value: 0.875.
[I 2026-04-13 13:11:17,749] Trial 8 finished with value: 0.875 and parameters: {'C': 0.04753781830244093, 'penalty': 'l2'}. Best is trial 1 with value: 0.875.
[I 2026-04-13 13:11:17,764] Trial 9 finished with value: 0.85 and parameters: {'C': 1.2959766028194148, 'penalty': 'l2'}. Best is trial 1 with value: 0.875.
[I 2026-04-13 13:11:17,783] Trial 10 finished with value: 0.85 and parameters: {'C': 0.02024823315667757, 'penalty': 'l2'}. Best is trial 1 with value: 0.875.
[I 2026-04-13 13:11:17,814] Trial 11 finished with value: 0.875 and parameters: {'C': 0.3648419878236218, 'penalty': 'l2'}. Best is trial 1 with value: 0.875.
[I 2026-04-13 13:11:17,846] Trial 12 finished with value: 0.8 and parameters: {'C': 3.391672931968866, 'penalty': 'l2'}. Best is trial 1 with value: 0.875.
[I 2026-04-13 13:11:17,877] Trial 13 finished with value: 0.85 and parameters: {'C': 0.013489217693486674, 'penalty': 'l2'}. Best is trial 1 with value: 0.875.
[I 2026-04-13 13:11:17,909] Trial 14 finished with value: 0.85 and parameters: {'C': 0.15785995859254284, 'penalty': 'l2'}. Best is trial 1 with value: 0.875.
[I 2026-04-13 13:11:17,940] Trial 15 finished with value: 0.8 and parameters: {'C': 96.32399363633401, 'penalty': 'l2'}. Best is trial 1 with value: 0.875.
[I 2026-04-13 13:11:17,961] Trial 16 finished with value: 0.825 and parameters: {'C': 0.006729531025618052, 'penalty': 'l2'}. Best is trial 1 with value: 0.875.
[I 2026-04-13 13:11:17,978] Trial 17 finished with value: 0.875 and parameters: {'C': 0.05252457791156499, 'penalty': 'l2'}. Best is trial 1 with value: 0.875.
[I 2026-04-13 13:11:17,994] Trial 18 finished with value: 0.875 and parameters: {'C': 0.7281185956829981, 'penalty': 'l2'}. Best is trial 1 with value: 0.875.
[I 2026-04-13 13:11:18,022] Trial 19 finished with value: 0.8 and parameters: {'C': 3.9833687165538487, 'penalty': 'l2'}. Best is trial 1 with value: 0.875.
[I 2026-04-13 13:11:18,049] Trial 20 finished with value: 0.85 and parameters: {'C': 0.10057482927759336, 'penalty': 'l2'}. Best is trial 1 with value: 0.875.
[I 2026-04-13 13:11:18,075] Trial 21 finished with value: 0.875 and parameters: {'C': 0.02885559647286259, 'penalty': 'l2'}. Best is trial 1 with value: 0.875.
[I 2026-04-13 13:11:18,093] Trial 22 finished with value: 0.875 and parameters: {'C': 0.2613129060551056, 'penalty': 'l2'}. Best is trial 1 with value: 0.875.
[I 2026-04-13 13:11:18,121] Trial 23 finished with value: 0.875 and parameters: {'C': 0.054334841310113756, 'penalty': 'l2'}. Best is trial 1 with value: 0.875.
[I 2026-04-13 13:11:18,141] Trial 24 finished with value: 0.825 and parameters: {'C': 0.0083035878155558, 'penalty': 'l2'}. Best is trial 1 with value: 0.875.
[I 2026-04-13 13:11:18,162] Trial 25 finished with value: 0.875 and parameters: {'C': 0.03901874310384091, 'penalty': 'l2'}. Best is trial 1 with value: 0.875.
[I 2026-04-13 13:11:18,192] Trial 26 finished with value: 0.875 and parameters: {'C': 0.3956336046334111, 'penalty': 'l2'}. Best is trial 1 with value: 0.875.
[I 2026-04-13 13:11:18,223] Trial 27 finished with value: 0.825 and parameters: {'C': 0.001243185183144925, 'penalty': 'l2'}. Best is trial 1 with value: 0.875.
[I 2026-04-13 13:11:18,253] Trial 28 finished with value: 0.85 and parameters: {'C': 0.08266324610919552, 'penalty': 'l2'}. Best is trial 1 with value: 0.875.
[I 2026-04-13 13:11:18,282] Trial 29 finished with value: 0.8 and parameters: {'C': 4.104666088700028, 'penalty': 'l2'}. Best is trial 1 with value: 0.875.
[I 2026-04-13 13:11:18,327] A new study created in memory with name: knn
[I 2026-04-13 13:11:18,340] Trial 0 finished with value: 0.725 and parameters: {'n_neighbors': 10, 'leaf_size': 26, 'p': 1}. Best is trial 0 with value: 0.725.
[I 2026-04-13 13:11:18,354] Trial 1 finished with value: 0.75 and parameters: {'n_neighbors': 3, 'leaf_size': 32, 'p': 1}. Best is trial 1 with value: 0.75.
[I 2026-04-13 13:11:18,367] Trial 2 finished with value: 0.85 and parameters: {'n_neighbors': 5, 'leaf_size': 33, 'p': 2}. Best is trial 2 with value: 0.85.
[I 2026-04-13 13:11:18,380] Trial 3 finished with value: 0.775 and parameters: {'n_neighbors': 7, 'leaf_size': 32, 'p': 2}. Best is trial 2 with value: 0.85.
[I 2026-04-13 13:11:18,393] Trial 4 finished with value: 0.75 and parameters: {'n_neighbors': 9, 'leaf_size': 28, 'p': 1}. Best is trial 2 with value: 0.85.
[I 2026-04-13 13:11:18,408] Trial 5 finished with value: 0.75 and parameters: {'n_neighbors': 3, 'leaf_size': 35, 'p': 1}. Best is trial 2 with value: 0.85.
[I 2026-04-13 13:11:18,422] Trial 6 finished with value: 0.775 and parameters: {'n_neighbors': 8, 'leaf_size': 31, 'p': 2}. Best is trial 2 with value: 0.85.
[I 2026-04-13 13:11:18,435] Trial 7 finished with value: 0.775 and parameters: {'n_neighbors': 6, 'leaf_size': 24, 'p': 2}. Best is trial 2 with value: 0.85.
[I 2026-04-13 13:11:18,448] Trial 8 finished with value: 0.85 and parameters: {'n_neighbors': 5, 'leaf_size': 34, 'p': 2}. Best is trial 2 with value: 0.85.
[I 2026-04-13 13:11:18,462] Trial 9 finished with value: 0.725 and parameters: {'n_neighbors': 10, 'leaf_size': 27, 'p': 2}. Best is trial 2 with value: 0.85.
[I 2026-04-13 13:11:18,483] Trial 10 finished with value: 0.85 and parameters: {'n_neighbors': 5, 'leaf_size': 40, 'p': 2}. Best is trial 2 with value: 0.85.
[I 2026-04-13 13:11:18,508] Trial 11 finished with value: 0.85 and parameters: {'n_neighbors': 5, 'leaf_size': 37, 'p': 2}. Best is trial 2 with value: 0.85.
[I 2026-04-13 13:11:18,532] Trial 12 finished with value: 0.85 and parameters: {'n_neighbors': 5, 'leaf_size': 35, 'p': 2}. Best is trial 2 with value: 0.85.
[I 2026-04-13 13:11:18,555] Trial 13 finished with value: 0.775 and parameters: {'n_neighbors': 4, 'leaf_size': 21, 'p': 2}. Best is trial 2 with value: 0.85.
[I 2026-04-13 13:11:18,579] Trial 14 finished with value: 0.775 and parameters: {'n_neighbors': 7, 'leaf_size': 35, 'p': 2}. Best is trial 2 with value: 0.85.
[I 2026-04-13 13:11:18,604] Trial 15 finished with value: 0.775 and parameters: {'n_neighbors': 6, 'leaf_size': 39, 'p': 2}. Best is trial 2 with value: 0.85.
[I 2026-04-13 13:11:18,627] Trial 16 finished with value: 0.775 and parameters: {'n_neighbors': 4, 'leaf_size': 30, 'p': 2}. Best is trial 2 with value: 0.85.
[I 2026-04-13 13:11:18,650] Trial 17 finished with value: 0.775 and parameters: {'n_neighbors': 4, 'leaf_size': 33, 'p': 2}. Best is trial 2 with value: 0.85.
[I 2026-04-13 13:11:18,673] Trial 18 finished with value: 0.7 and parameters: {'n_neighbors': 6, 'leaf_size': 37, 'p': 1}. Best is trial 2 with value: 0.85.
[I 2026-04-13 13:11:18,697] Trial 19 finished with value: 0.775 and parameters: {'n_neighbors': 8, 'leaf_size': 29, 'p': 2}. Best is trial 2 with value: 0.85.
[I 2026-04-13 13:11:18,720] Trial 20 finished with value: 0.85 and parameters: {'n_neighbors': 5, 'leaf_size': 34, 'p': 2}. Best is trial 2 with value: 0.85.
[I 2026-04-13 13:11:18,757] Trial 21 finished with value: 0.85 and parameters: {'n_neighbors': 5, 'leaf_size': 40, 'p': 2}. Best is trial 2 with value: 0.85.
[I 2026-04-13 13:11:18,781] Trial 22 finished with value: 0.775 and parameters: {'n_neighbors': 4, 'leaf_size': 38, 'p': 2}. Best is trial 2 with value: 0.85.
[I 2026-04-13 13:11:18,821] Trial 23 finished with value: 0.85 and parameters: {'n_neighbors': 5, 'leaf_size': 37, 'p': 2}. Best is trial 2 with value: 0.85.
