[I 2026-04-13 13:10:43,688] Trial 2 finished with value: 0.975 and parameters: {'n_estimators': 10, 'max_depth': 20, 'gamma': 0.3948075529198607, 'subsample': 0.5720821503267102, 'colsample_bytree': 0.5828064306006338}. Best is trial 0 with value: 0.975.
[I 2026-04-13 13:10:43,728] Trial 3 finished with value: 0.975 and parameters: {'n_estimators': 10, 'max_depth': 30, 'gamma': 0.8015631269999768, 'subsample': 0.5114665462195407, 'colsample_bytree': 0.788831429064878}. Best is trial 0 with value: 0.975.
[I 2026-04-13 13:10:43,765] Trial 4 finished with value: 1.0 and parameters: {'n_estimators': 100, 'max_depth': 5, 'gamma': 0.8834347783013348, 'subsample': 0.961374806972835, 'colsample_bytree': 0.5011071062662218}. Best is trial 4 with value: 1.0.
[I 2026-04-13 13:10:43,793] Trial 5 finished with value: 1.0 and parameters: {'n_estimators': 40, 'max_depth': 5, 'gamma': 0.5364379674896123, 'subsample': 0.5145557818363589, 'colsample_bytree': 0.5432628442011025}. Best is trial 4 with value: 1.0.
[I 2026-04-13 13:10:43,842] Trial 6 finished with value: 0.925 and parameters: {'n_estimators': 100, 'max_depth': 20, 'gamma': 0.6718205850237038, 'subsample': 0.9059511955902053, 'colsample_bytree': 0.9633413076219371}. Best is trial 4 with value: 1.0.
[I 2026-04-13 13:10:43,869] Trial 7 finished with value: 0.975 and parameters: {'n_estimators': 10, 'max_depth': 30, 'gamma': 0.8165284487704038, 'subsample': 0.5255714015506736, 'colsample_bytree': 0.594333867896554}. Best is trial 4 with value: 1.0.
[I 2026-04-13 13:10:43,917] Trial 8 finished with value: 0.925 and parameters: {'n_estimators': 100, 'max_depth': 20, 'gamma': 0.6251497693480509, 'subsample': 0.9696496759824258, 'colsample_bytree': 0.9717700410079397}. Best is trial 4 with value: 1.0.
[I 2026-04-13 13:10:43,954] Trial 9 finished with value: 0.975 and parameters: {'n_estimators': 40, 'max_depth': 30, 'gamma': 0.9649927737686168, 'subsample': 0.6857563076640036, 'colsample_bytree': 0.5061847058001788}. Best is trial 4 with value: 1.0.
[I 2026-04-13 13:10:44,012] Trial 10 finished with value: 0.925 and parameters: {'n_estimators': 100, 'max_depth': 5, 'gamma': 0.17962098877423716, 'subsample': 0.8389320138640859, 'colsample_bytree': 0.7898330861721071}. Best is trial 4 with value: 1.0.
[I 2026-04-13 13:10:44,051] Trial 11 finished with value: 0.975 and parameters: {'n_estimators': 40, 'max_depth': 5, 'gamma': 0.4958460306839802, 'subsample': 0.6388052294316233, 'colsample_bytree': 0.5021847705422506}. Best is trial 4 with value: 1.0.
[I 2026-04-13 13:10:44,110] Trial 12 finished with value: 0.925 and parameters: {'n_estimators': 40, 'max_depth': 5, 'gamma': 0.9503293090797886, 'subsample': 0.7964049031761566, 'colsample_bytree': 0.7136404265878388}. Best is trial 4 with value: 1.0.
[I 2026-04-13 13:10:44,158] Trial 13 finished with value: 1.0 and parameters: {'n_estimators': 100, 'max_depth': 5, 'gamma': 0.5028298763343629, 'subsample': 0.9864557349386933, 'colsample_bytree': 0.5637454603515166}. Best is trial 4 with value: 1.0.
[I 2026-04-13 13:10:44,194] Trial 14 finished with value: 0.925 and parameters: {'n_estimators': 40, 'max_depth': 5, 'gamma': 0.10994622175030377, 'subsample': 0.8650953981189207, 'colsample_bytree': 0.8556872056092556}. Best is trial 4 with value: 1.0.
[I 2026-04-13 13:10:44,242] Trial 15 finished with value: 1.0 and parameters: {'n_estimators': 100, 'max_depth': 5, 'gamma': 0.6690182864304741, 'subsample': 0.6323590052256336, 'colsample_bytree': 0.6877103829957787}. Best is trial 4 with value: 1.0.
[I 2026-04-13 13:10:44,285] Trial 16 finished with value: 1.0 and parameters: {'n_estimators': 40, 'max_depth': 5, 'gamma': 0.3427399700148222, 'subsample': 0.9159943330969399, 'colsample_bytree': 0.5514812265798457}. Best is trial 4 with value: 1.0.
[I 2026-04-13 13:10:44,336] Trial 17 finished with value: 0.975 and parameters: {'n_estimators': 100, 'max_depth': 5, 'gamma': 0.5519359663755917, 'subsample': 0.607018310659449, 'colsample_bytree': 0.616639976003251}. Best is trial 4 with value: 1.0.
[I 2026-04-13 13:10:44,402] Trial 18 finished with value: 0.975 and parameters: {'n_estimators': 40, 'max_depth': 5, 'gamma': 0.8855948128463448, 'subsample': 0.7895639672629866, 'colsample_bytree': 0.5320510391729214}. Best is trial 4 with value: 1.0.
[I 2026-04-13 13:10:44,437] Trial 19 finished with value: 0.925 and parameters: {'n_estimators': 10, 'max_depth': 20, 'gamma': 0.25876906667573235, 'subsample': 0.7337148117141207, 'colsample_bytree': 0.8939897642058054}. Best is trial 4 with value: 1.0.
[I 2026-04-13 13:10:44,486] Trial 20 finished with value: 0.925 and parameters: {'n_estimators': 100, 'max_depth': 5, 'gamma': 0.7272771778428742, 'subsample': 0.9354023566439638, 'colsample_bytree': 0.7041671121558011}. Best is trial 4 with value: 1.0.
[I 2026-04-13 13:10:44,529] Trial 21 finished with value: 1.0 and parameters: {'n_estimators': 100, 'max_depth': 5, 'gamma': 0.5367467349614824, 'subsample': 0.9912398702574583, 'colsample_bytree': 0.5573331557991571}. Best is trial 4 with value: 1.0.
[I 2026-04-13 13:10:44,580] Trial 22 finished with value: 1.0 and parameters: {'n_estimators': 100, 'max_depth': 5, 'gamma': 0.45183507781381543, 'subsample': 0.8705491213867644, 'colsample_bytree': 0.6146552540799748}. Best is trial 4 with value: 1.0.
[I 2026-04-13 13:10:44,630] Trial 23 finished with value: 1.0 and parameters: {'n_estimators': 100, 'max_depth': 5, 'gamma': 0.6039500199728615, 'subsample': 0.9591503817635226, 'colsample_bytree': 0.5300892693463872}. Best is trial 4 with value: 1.0.
[I 2026-04-13 13:10:44,683] Trial 24 finished with value: 1.0 and parameters: {'n_estimators': 100, 'max_depth': 5, 'gamma': 0.4538980173462365, 'subsample': 0.9891907852246411, 'colsample_bytree': 0.5662991121186284}. Best is trial 4 with value: 1.0.
[I 2026-04-13 13:10:44,724] Trial 25 finished with value: 0.975 and parameters: {'n_estimators': 40, 'max_depth': 5, 'gamma': 0.567759853699521, 'subsample': 0.8268540988670807, 'colsample_bytree': 0.6544271041356221}. Best is trial 4 with value: 1.0.
[I 2026-04-13 13:10:44,772] Trial 26 finished with value: 0.925 and parameters: {'n_estimators': 100, 'max_depth': 5, 'gamma': 0.7153855944212536, 'subsample': 0.892717195372629, 'colsample_bytree': 0.7517867892893122}. Best is trial 4 with value: 1.0.
[I 2026-04-13 13:10:44,831] Trial 27 finished with value: 1.0 and parameters: {'n_estimators': 100, 'max_depth': 5, 'gamma': 0.4146940231798557, 'subsample': 0.9499858745702395, 'colsample_bytree': 0.5044439642947335}. Best is trial 4 with value: 1.0.
[I 2026-04-13 13:10:44,879] Trial 28 finished with value: 1.0 and parameters: {'n_estimators': 10, 'max_depth': 30, 'gamma': 0.3133995406827549, 'subsample': 0.9987048615397089, 'colsample_bytree': 0.6039379486394785}. Best is trial 4 with value: 1.0.
[I 2026-04-13 13:10:44,918] Trial 29 finished with value: 0.975 and parameters: {'n_estimators': 40, 'max_depth': 20, 'gamma': 0.8498194172103222, 'subsample': 0.7643976228376265, 'colsample_bytree': 0.6544917722609221}. Best is trial 4 with value: 1.0.
[I 2026-04-13 13:10:45,057] A new study created in memory with name: rf
[I 2026-04-13 13:10:45,305] Trial 0 finished with value: 1.0 and parameters: {'n_estimators': 189, 'max_depth': 18, 'min_samples_split': 3, 'min_samples_leaf': 10}. Best is trial 0 with value: 1.0.
[I 2026-04-13 13:10:45,713] Trial 1 finished with value: 1.0 and parameters: {'n_estimators': 295, 'max_depth': 14, 'min_samples_split': 8, 'min_samples_leaf': 6}. Best is trial 0 with value: 1.0.
[I 2026-04-13 13:10:46,012] Trial 2 finished with value: 1.0 and parameters: {'n_estimators': 219, 'max_depth': 6, 'min_samples_split': 2, 'min_samples_leaf': 8}. Best is trial 0 with value: 1.0.
[I 2026-04-13 13:10:46,360] Trial 3 finished with value: 1.0 and parameters: {'n_estimators': 276, 'max_depth': 5, 'min_samples_split': 9, 'min_samples_leaf': 3}. Best is trial 0 with value: 1.0.
[I 2026-04-13 13:10:46,760] Trial 4 finished with value: 1.0 and parameters: {'n_estimators': 266, 'max_depth': 8, 'min_samples_split': 7, 'min_samples_leaf': 6}. Best is trial 0 with value: 1.0.
[I 2026-04-13 13:10:47,209] Trial 5 finished with value: 1.0 and parameters: {'n_estimators': 340, 'max_depth': 7, 'min_samples_split': 4, 'min_samples_leaf': 3}. Best is trial 0 with value: 1.0.
[I 2026-04-13 13:10:47,478] Trial 6 finished with value: 1.0 and parameters: {'n_estimators': 231, 'max_depth': 5, 'min_samples_split': 3, 'min_samples_leaf': 10}. Best is trial 0 with value: 1.0.
[I 2026-04-13 13:10:48,141] Trial 7 finished with value: 1.0 and parameters: {'n_estimators': 485, 'max_depth': 6, 'min_samples_split': 2, 'min_samples_leaf': 3}. Best is trial 0 with value: 1.0.
[I 2026-04-13 13:10:48,612] Trial 8 finished with value: 1.0 and parameters: {'n_estimators': 380, 'max_depth': 17, 'min_samples_split': 2, 'min_samples_leaf': 6}. Best is trial 0 with value: 1.0.
[I 2026-04-13 13:10:48,760] Trial 9 finished with value: 1.0 and parameters: {'n_estimators': 100, 'max_depth': 12, 'min_samples_split': 7, 'min_samples_leaf': 10}. Best is trial 0 with value: 1.0.
[I 2026-04-13 13:10:48,971] Trial 10 finished with value: 1.0 and parameters: {'n_estimators': 110, 'max_depth': 20, 'min_samples_split': 5, 'min_samples_leaf': 8}. Best is trial 0 with value: 1.0.
[I 2026-04-13 13:10:49,254] Trial 11 finished with value: 1.0 and parameters: {'n_estimators': 175, 'max_depth': 14, 'min_samples_split': 10, 'min_samples_leaf': 1}. Best is trial 0 with value: 1.0.
[I 2026-04-13 13:10:49,744] Trial 12 finished with value: 1.0 and parameters: {'n_estimators': 396, 'max_depth': 16, 'min_samples_split': 8, 'min_samples_leaf': 8}. Best is trial 0 with value: 1.0.
[I 2026-04-13 13:10:50,000] Trial 13 finished with value: 1.0 and parameters: {'n_estimators': 159, 'max_depth': 20, 'min_samples_split': 6, 'min_samples_leaf': 5}. Best is trial 0 with value: 1.0.
[I 2026-04-13 13:10:50,426] Trial 14 finished with value: 1.0 and parameters: {'n_estimators': 316, 'max_depth': 10, 'min_samples_split': 5, 'min_samples_leaf': 9}. Best is trial 0 with value: 1.0.
[I 2026-04-13 13:10:50,781] Trial 15 finished with value: 1.0 and parameters: {'n_estimators': 202, 'max_depth': 17, 'min_samples_split': 8, 'min_samples_leaf': 5}. Best is trial 0 with value: 1.0.
[I 2026-04-13 13:10:51,367] Trial 16 finished with value: 1.0 and parameters: {'n_estimators': 444, 'max_depth': 14, 'min_samples_split': 10, 'min_samples_leaf': 7}. Best is trial 0 with value: 1.0.
[I 2026-04-13 13:10:51,730] Trial 17 finished with value: 1.0 and parameters: {'n_estimators': 252, 'max_depth': 14, 'min_samples_split': 4, 'min_samples_leaf': 1}. Best is trial 0 with value: 1.0.
[I 2026-04-13 13:10:52,214] Trial 18 finished with value: 1.0 and parameters: {'n_estimators': 353, 'max_depth': 18, 'min_samples_split': 6, 'min_samples_leaf': 4}. Best is trial 0 with value: 1.0.
[I 2026-04-13 13:10:52,507] Trial 19 finished with value: 1.0 and parameters: {'n_estimators': 156, 'max_depth': 11, 'min_samples_split': 9, 'min_samples_leaf': 7}. Best is trial 0 with value: 1.0.
[I 2026-04-13 13:10:52,926] Trial 20 finished with value: 1.0 and parameters: {'n_estimators': 285, 'max_depth': 3, 'min_samples_split': 4, 'min_samples_leaf': 9}. Best is trial 0 with value: 1.0.
[I 2026-04-13 13:10:53,273] Trial 21 finished with value: 1.0 and parameters: {'n_estimators': 209, 'max_depth': 9, 'min_samples_split': 3, 'min_samples_leaf': 8}. Best is trial 0 with value: 1.0.
[I 2026-04-13 13:10:53,588] Trial 22 finished with value: 1.0 and parameters: {'n_estimators': 211, 'max_depth': 12, 'min_samples_split': 2, 'min_samples_leaf': 9}. Best is trial 0 with value: 1.0.
[I 2026-04-13 13:10:54,130] Trial 23 finished with value: 1.0 and parameters: {'n_estimators': 309, 'max_depth': 15, 'min_samples_split': 3, 'min_samples_leaf': 7}. Best is trial 0 with value: 1.0.
[I 2026-04-13 13:10:54,485] Trial 24 finished with value: 1.0 and parameters: {'n_estimators': 246, 'max_depth': 19, 'min_samples_split': 5, 'min_samples_leaf': 10}. Best is trial 0 with value: 1.0.
[I 2026-04-13 13:10:54,777] Trial 25 finished with value: 1.0 and parameters: {'n_estimators': 179, 'max_depth': 13, 'min_samples_split': 3, 'min_samples_leaf': 9}. Best is trial 0 with value: 1.0.
[I 2026-04-13 13:10:54,983] Trial 26 finished with value: 1.0 and parameters: {'n_estimators': 123, 'max_depth': 3, 'min_samples_split': 7, 'min_samples_leaf': 8}. Best is trial 0 with value: 1.0.
[I 2026-04-13 13:10:55,281] Trial 27 finished with value: 0.975 and parameters: {'n_estimators': 224, 'max_depth': 16, 'min_samples_split': 2, 'min_samples_leaf': 6}. Best is trial 0 with value: 1.0.
[I 2026-04-13 13:10:55,505] Trial 28 finished with value: 1.0 and parameters: {'n_estimators': 140, 'max_depth': 10, 'min_samples_split': 8, 'min_samples_leaf': 7}. Best is trial 0 with value: 1.0.
[I 2026-04-13 13:10:55,896] Trial 29 finished with value: 1.0 and parameters: {'n_estimators': 283, 'max_depth': 18, 'min_samples_split': 9, 'min_samples_leaf': 4}. Best is trial 0 with value: 1.0.
[I 2026-04-13 13:10:56,426] A new study created in memory with name: mlp
[I 2026-04-13 13:10:56,480] Trial 0 finished with value: 0.975 and parameters: {'hidden_layer_sizes': (200,), 'max_iter': 50, 'alpha': 0.001}. Best is trial 0 with value: 0.975.
[I 2026-04-13 13:10:56,576] Trial 1 finished with value: 0.975 and parameters: {'hidden_layer_sizes': (100,), 'max_iter': 100, 'alpha': 0.0001}. Best is trial 0 with value: 0.975.
[I 2026-04-13 13:10:56,674] Trial 2 finished with value: 0.975 and parameters: {'hidden_layer_sizes': (100,), 'max_iter': 100, 'alpha': 0.001}. Best is trial 0 with value: 0.975.
[I 2026-04-13 13:10:56,732] Trial 3 finished with value: 0.975 and parameters: {'hidden_layer_sizes': (200,), 'max_iter': 50, 'alpha': 0.001}. Best is trial 0 with value: 0.975.
[I 2026-04-13 13:10:56,810] Trial 4 finished with value: 0.975 and parameters: {'hidden_layer_sizes': (100,), 'max_iter': 100, 'alpha': 0.0001}. Best is trial 0 with value: 0.975.
[I 2026-04-13 13:10:56,887] Trial 5 finished with value: 0.975 and parameters: {'hidden_layer_sizes': (100,), 'max_iter': 100, 'alpha': 0.001}. Best is trial 0 with value: 0.975.
[I 2026-04-13 13:10:56,992] Trial 6 finished with value: 0.975 and parameters: {'hidden_layer_sizes': (200,), 'max_iter': 100, 'alpha': 0.001}. Best is trial 0 with value: 0.975.
[I 2026-04-13 13:10:57,078] Trial 7 finished with value: 0.975 and parameters: {'hidden_layer_sizes': (200,), 'max_iter': 100, 'alpha': 0.001}. Best is trial 0 with value: 0.975.
[I 2026-04-13 13:10:57,143] Trial 8 finished with value: 0.975 and parameters: {'hidden_layer_sizes': (100,), 'max_iter': 100, 'alpha': 0.001}. Best is trial 0 with value: 0.975.
[I 2026-04-13 13:10:57,190] Trial 9 finished with value: 0.975 and parameters: {'hidden_layer_sizes': (100,), 'max_iter': 50, 'alpha': 0.001}. Best is trial 0 with value: 0.975.
[I 2026-04-13 13:10:57,257] Trial 10 finished with value: 0.975 and parameters: {'hidden_layer_sizes': (100, 100), 'max_iter': 50, 'alpha': 0.0001}. Best is trial 0 with value: 0.975.
[I 2026-04-13 13:10:57,326] Trial 11 finished with value: 0.975 and parameters: {'hidden_layer_sizes': (100, 100), 'max_iter': 50, 'alpha': 0.0001}. Best is trial 0 with value: 0.975.
[I 2026-04-13 13:10:57,385] Trial 12 finished with value: 0.975 and parameters: {'hidden_layer_sizes': (200,), 'max_iter': 50, 'alpha': 0.0001}. Best is trial 0 with value: 0.975.
[I 2026-04-13 13:10:57,442] Trial 13 finished with value: 0.975 and parameters: {'hidden_layer_sizes': (200,), 'max_iter': 50, 'alpha': 0.0001}. Best is trial 0 with value: 0.975.
[I 2026-04-13 13:10:57,520] Trial 14 finished with value: 0.975 and parameters: {'hidden_layer_sizes': (100, 100), 'max_iter': 100, 'alpha': 0.0001}. Best is trial 0 with value: 0.975.
[I 2026-04-13 13:10:57,577] Trial 15 finished with value: 0.975 and parameters: {'hidden_layer_sizes': (100,), 'max_iter': 50, 'alpha': 0.0001}. Best is trial 0 with value: 0.975.
[I 2026-04-13 13:10:57,695] Trial 16 finished with value: 0.975 and parameters: {'hidden_layer_sizes': (200,), 'max_iter': 100, 'alpha': 0.001}. Best is trial 0 with value: 0.975.
[I 2026-04-13 13:10:57,752] Trial 17 finished with value: 0.975 and parameters: {'hidden_layer_sizes': (200,), 'max_iter': 50, 'alpha': 0.0001}. Best is trial 0 with value: 0.975.
[I 2026-04-13 13:10:57,812] Trial 18 finished with value: 0.975 and parameters: {'hidden_layer_sizes': (100,), 'max_iter': 100, 'alpha': 0.001}. Best is trial 0 with value: 0.975.
[I 2026-04-13 13:10:57,860] Trial 19 finished with value: 0.975 and parameters: {'hidden_layer_sizes': (100, 100), 'max_iter': 50, 'alpha': 0.0001}. Best is trial 0 with value: 0.975.
[I 2026-04-13 13:10:57,939] Trial 20 finished with value: 0.975 and parameters: {'hidden_layer_sizes': (200,), 'max_iter': 100, 'alpha': 0.0001}. Best is trial 0 with value: 0.975.
[I 2026-04-13 13:10:58,016] Trial 21 finished with value: 0.975 and parameters: {'hidden_layer_sizes': (100,), 'max_iter': 100, 'alpha': 0.001}. Best is trial 0 with value: 0.975.
[I 2026-04-13 13:10:58,084] Trial 22 finished with value: 0.975 and parameters: {'hidden_layer_sizes': (100,), 'max_iter': 100, 'alpha': 0.001}. Best is trial 0 with value: 0.975.
[I 2026-04-13 13:10:58,165] Trial 23 finished with value: 0.975 and parameters: {'hidden_layer_sizes': (100,), 'max_iter': 100, 'alpha': 0.001}. Best is trial 0 with value: 0.975.
[I 2026-04-13 13:10:58,243] Trial 24 finished with value: 0.975 and parameters: {'hidden_layer_sizes': (100,), 'max_iter': 100, 'alpha': 0.001}. Best is trial 0 with value: 0.975.
[I 2026-04-13 13:10:58,321] Trial 25 finished with value: 0.975 and parameters: {'hidden_layer_sizes': (100,), 'max_iter': 100, 'alpha': 0.001}. Best is trial 0 with value: 0.975.
[I 2026-04-13 13:10:58,372] Trial 26 finished with value: 0.975 and parameters: {'hidden_layer_sizes': (100,), 'max_iter': 50, 'alpha': 0.001}. Best is trial 0 with value: 0.975.
[I 2026-04-13 13:10:58,451] Trial 27 finished with value: 0.975 and parameters: {'hidden_layer_sizes': (100,), 'max_iter': 100, 'alpha': 0.001}. Best is trial 0 with value: 0.975.
[I 2026-04-13 13:10:58,516] Trial 28 finished with value: 0.975 and parameters: {'hidden_layer_sizes': (100, 100), 'max_iter': 50, 'alpha': 0.0001}. Best is trial 0 with value: 0.975.
[I 2026-04-13 13:10:58,584] Trial 29 finished with value: 0.975 and parameters: {'hidden_layer_sizes': (200,), 'max_iter': 50, 'alpha': 0.001}. Best is trial 0 with value: 0.975.
[I 2026-04-13 13:10:58,782] A new study created in memory with name: naive_bayes
[I 2026-04-13 13:10:58,796] Trial 0 finished with value: 0.975 and parameters: {'var_smoothing': 2.7796258518939306e-10}. Best is trial 0 with value: 0.975.
[I 2026-04-13 13:10:58,808] Trial 1 finished with value: 0.975 and parameters: {'var_smoothing': 5.513972710118387e-09}. Best is trial 0 with value: 0.975.
[I 2026-04-13 13:10:58,821] Trial 2 finished with value: 0.975 and parameters: {'var_smoothing': 2.590826381512706e-10}. Best is trial 0 with value: 0.975.
[I 2026-04-13 13:10:58,833] Trial 3 finished with value: 0.975 and parameters: {'var_smoothing': 6.874194498027403e-09}. Best is trial 0 with value: 0.975.
[I 2026-04-13 13:10:58,847] Trial 4 finished with value: 0.975 and parameters: {'var_smoothing': 9.480306482679771e-10}. Best is trial 0 with value: 0.975.
[I 2026-04-13 13:10:58,870] Trial 5 finished with value: 0.975 and parameters: {'var_smoothing': 1.6729683536668864e-09}. Best is trial 0 with value: 0.975.
[I 2026-04-13 13:10:58,884] Trial 6 finished with value: 0.975 and parameters: {'var_smoothing': 3.402637726935598e-09}. Best is trial 0 with value: 0.975.
[I 2026-04-13 13:10:58,897] Trial 7 finished with value: 0.975 and parameters: {'var_smoothing': 1.0885189040847657e-09}. Best is trial 0 with value: 0.975.
[I 2026-04-13 13:10:58,910] Trial 8 finished with value: 0.975 and parameters: {'var_smoothing': 3.922843686541149e-10}. Best is trial 0 with value: 0.975.
[I 2026-04-13 13:10:58,922] Trial 9 finished with value: 0.975 and parameters: {'var_smoothing': 2.3737908819373785e-10}. Best is trial 0 with value: 0.975.
[I 2026-04-13 13:10:58,939] Trial 10 finished with value: 0.975 and parameters: {'var_smoothing': 1.005826617097841e-10}. Best is trial 0 with value: 0.975.
[I 2026-04-13 13:10:58,956] Trial 11 finished with value: 0.975 and parameters: {'var_smoothing': 8.246040091550826e-09}. Best is trial 0 with value: 0.975.
[I 2026-04-13 13:10:58,971] Trial 12 finished with value: 0.975 and parameters: {'var_smoothing': 5.714429769091136e-10}. Best is trial 0 with value: 0.975.
[I 2026-04-13 13:10:58,987] Trial 13 finished with value: 0.975 and parameters: {'var_smoothing': 3.0046394488828834e-09}. Best is trial 0 with value: 0.975.
[I 2026-04-13 13:10:59,008] Trial 14 finished with value: 0.975 and parameters: {'var_smoothing': 1.0161521526134228e-10}. Best is trial 0 with value: 0.975.
[I 2026-04-13 13:10:59,025] Trial 15 finished with value: 0.975 and parameters: {'var_smoothing': 3.455011319435438e-09}. Best is trial 0 with value: 0.975.
[I 2026-04-13 13:10:59,041] Trial 16 finished with value: 0.975 and parameters: {'var_smoothing': 2.2038800241203009e-10}. Best is trial 0 with value: 0.975.
[I 2026-04-13 13:10:59,063] Trial 17 finished with value: 0.975 and parameters: {'var_smoothing': 1.8515987176145925e-09}. Best is trial 0 with value: 0.975.
[I 2026-04-13 13:10:59,082] Trial 18 finished with value: 0.975 and parameters: {'var_smoothing': 5.024285700153026e-10}. Best is trial 0 with value: 0.975.
[I 2026-04-13 13:10:59,101] Trial 19 finished with value: 0.975 and parameters: {'var_smoothing': 4.958025424412893e-09}. Best is trial 0 with value: 0.975.
[I 2026-04-13 13:10:59,120] Trial 20 finished with value: 0.975 and parameters: {'var_smoothing': 8.344000526157384e-10}. Best is trial 0 with value: 0.975.
