[I 2026-04-13 12:51:43,125] Trial 0 finished with value: 0.75 and parameters: {'n_neighbors': 4, 'leaf_size': 38, 'p': 2}. Best is trial 0 with value: 0.75.
[I 2026-04-13 12:51:43,138] Trial 1 finished with value: 0.6 and parameters: {'n_neighbors': 6, 'leaf_size': 32, 'p': 1}. Best is trial 0 with value: 0.75.
[I 2026-04-13 12:51:43,151] Trial 2 finished with value: 0.6 and parameters: {'n_neighbors': 5, 'leaf_size': 23, 'p': 2}. Best is trial 0 with value: 0.75.
[I 2026-04-13 12:51:43,163] Trial 3 finished with value: 0.6 and parameters: {'n_neighbors': 6, 'leaf_size': 23, 'p': 1}. Best is trial 0 with value: 0.75.
[I 2026-04-13 12:51:43,176] Trial 4 finished with value: 0.6 and parameters: {'n_neighbors': 6, 'leaf_size': 26, 'p': 1}. Best is trial 0 with value: 0.75.
[I 2026-04-13 12:51:43,189] Trial 5 finished with value: 0.7 and parameters: {'n_neighbors': 7, 'leaf_size': 25, 'p': 1}. Best is trial 0 with value: 0.75.
[I 2026-04-13 12:51:43,202] Trial 6 finished with value: 0.6 and parameters: {'n_neighbors': 5, 'leaf_size': 23, 'p': 2}. Best is trial 0 with value: 0.75.
[I 2026-04-13 12:51:43,214] Trial 7 finished with value: 0.7 and parameters: {'n_neighbors': 10, 'leaf_size': 23, 'p': 2}. Best is trial 0 with value: 0.75.
[I 2026-04-13 12:51:43,227] Trial 8 finished with value: 0.65 and parameters: {'n_neighbors': 8, 'leaf_size': 36, 'p': 2}. Best is trial 0 with value: 0.75.
[I 2026-04-13 12:51:43,250] Trial 9 finished with value: 0.65 and parameters: {'n_neighbors': 3, 'leaf_size': 30, 'p': 2}. Best is trial 0 with value: 0.75.
[I 2026-04-13 12:51:43,272] Trial 10 finished with value: 0.65 and parameters: {'n_neighbors': 3, 'leaf_size': 40, 'p': 2}. Best is trial 0 with value: 0.75.
[I 2026-04-13 12:51:43,293] Trial 11 finished with value: 0.6 and parameters: {'n_neighbors': 8, 'leaf_size': 29, 'p': 1}. Best is trial 0 with value: 0.75.
[I 2026-04-13 12:51:43,328] Trial 12 finished with value: 0.6 and parameters: {'n_neighbors': 8, 'leaf_size': 40, 'p': 1}. Best is trial 0 with value: 0.75.
[I 2026-04-13 12:51:43,349] Trial 13 finished with value: 0.55 and parameters: {'n_neighbors': 4, 'leaf_size': 35, 'p': 1}. Best is trial 0 with value: 0.75.
[I 2026-04-13 12:51:43,397] Trial 14 finished with value: 0.7 and parameters: {'n_neighbors': 10, 'leaf_size': 27, 'p': 2}. Best is trial 0 with value: 0.75.
[I 2026-04-13 12:51:43,429] Trial 15 finished with value: 0.7 and parameters: {'n_neighbors': 7, 'leaf_size': 34, 'p': 1}. Best is trial 0 with value: 0.75.
[I 2026-04-13 12:51:43,451] Trial 16 finished with value: 0.75 and parameters: {'n_neighbors': 4, 'leaf_size': 26, 'p': 2}. Best is trial 0 with value: 0.75.
[I 2026-04-13 12:51:43,472] Trial 17 finished with value: 0.75 and parameters: {'n_neighbors': 4, 'leaf_size': 20, 'p': 2}. Best is trial 0 with value: 0.75.
[I 2026-04-13 12:51:43,493] Trial 18 finished with value: 0.75 and parameters: {'n_neighbors': 4, 'leaf_size': 37, 'p': 2}. Best is trial 0 with value: 0.75.
[I 2026-04-13 12:51:43,549] Trial 19 finished with value: 0.6 and parameters: {'n_neighbors': 5, 'leaf_size': 33, 'p': 2}. Best is trial 0 with value: 0.75.
[I 2026-04-13 12:51:43,570] Trial 20 finished with value: 0.65 and parameters: {'n_neighbors': 3, 'leaf_size': 28, 'p': 2}. Best is trial 0 with value: 0.75.
[I 2026-04-13 12:51:43,604] Trial 21 finished with value: 0.75 and parameters: {'n_neighbors': 4, 'leaf_size': 20, 'p': 2}. Best is trial 0 with value: 0.75.
[I 2026-04-13 12:51:43,625] Trial 22 finished with value: 0.75 and parameters: {'n_neighbors': 4, 'leaf_size': 20, 'p': 2}. Best is trial 0 with value: 0.75.
[I 2026-04-13 12:51:43,669] Trial 23 finished with value: 0.6 and parameters: {'n_neighbors': 5, 'leaf_size': 32, 'p': 2}. Best is trial 0 with value: 0.75.
[I 2026-04-13 12:51:43,702] Trial 24 finished with value: 0.65 and parameters: {'n_neighbors': 3, 'leaf_size': 21, 'p': 2}. Best is trial 0 with value: 0.75.
[I 2026-04-13 12:51:43,737] Trial 25 finished with value: 0.75 and parameters: {'n_neighbors': 4, 'leaf_size': 38, 'p': 2}. Best is trial 0 with value: 0.75.
[I 2026-04-13 12:51:43,759] Trial 26 finished with value: 0.6 and parameters: {'n_neighbors': 5, 'leaf_size': 25, 'p': 2}. Best is trial 0 with value: 0.75.
[I 2026-04-13 12:51:43,785] Trial 27 finished with value: 0.75 and parameters: {'n_neighbors': 4, 'leaf_size': 30, 'p': 2}. Best is trial 0 with value: 0.75.
[I 2026-04-13 12:51:43,813] Trial 28 finished with value: 0.65 and parameters: {'n_neighbors': 3, 'leaf_size': 25, 'p': 2}. Best is trial 0 with value: 0.75.
[I 2026-04-13 12:51:43,835] Trial 29 finished with value: 0.65 and parameters: {'n_neighbors': 6, 'leaf_size': 32, 'p': 2}. Best is trial 0 with value: 0.75.
[I 2026-04-13 12:51:45,271] A new study created in memory with name: xgb
[I 2026-04-13 12:51:45,306] Trial 0 finished with value: 0.7 and parameters: {'n_estimators': 40, 'max_depth': 5, 'gamma': 0.789317070832284, 'subsample': 0.7592089939364717, 'colsample_bytree': 0.648400250788111}. Best is trial 0 with value: 0.7.
[I 2026-04-13 12:51:45,360] Trial 1 finished with value: 0.7 and parameters: {'n_estimators': 100, 'max_depth': 30, 'gamma': 0.34667781579300216, 'subsample': 0.7071175095405257, 'colsample_bytree': 0.6480399663668239}. Best is trial 0 with value: 0.7.
[I 2026-04-13 12:51:45,416] Trial 2 finished with value: 0.6 and parameters: {'n_estimators': 10, 'max_depth': 20, 'gamma': 0.3948075529198607, 'subsample': 0.5720821503267102, 'colsample_bytree': 0.5828064306006338}. Best is trial 0 with value: 0.7.
[I 2026-04-13 12:51:45,453] Trial 3 finished with value: 0.55 and parameters: {'n_estimators': 10, 'max_depth': 30, 'gamma': 0.8015631269999768, 'subsample': 0.5114665462195407, 'colsample_bytree': 0.788831429064878}. Best is trial 0 with value: 0.7.
[I 2026-04-13 12:51:45,498] Trial 4 finished with value: 0.8 and parameters: {'n_estimators': 100, 'max_depth': 5, 'gamma': 0.8834347783013348, 'subsample': 0.961374806972835, 'colsample_bytree': 0.5011071062662218}. Best is trial 4 with value: 0.8.
[I 2026-04-13 12:51:45,552] Trial 5 finished with value: 0.75 and parameters: {'n_estimators': 40, 'max_depth': 5, 'gamma': 0.5364379674896123, 'subsample': 0.5145557818363589, 'colsample_bytree': 0.5432628442011025}. Best is trial 4 with value: 0.8.
[I 2026-04-13 12:51:45,617] Trial 6 finished with value: 0.7 and parameters: {'n_estimators': 100, 'max_depth': 20, 'gamma': 0.6718205850237038, 'subsample': 0.9059511955902053, 'colsample_bytree': 0.9633413076219371}. Best is trial 4 with value: 0.8.
[I 2026-04-13 12:51:45,673] Trial 7 finished with value: 0.6 and parameters: {'n_estimators': 10, 'max_depth': 30, 'gamma': 0.8165284487704038, 'subsample': 0.5255714015506736, 'colsample_bytree': 0.594333867896554}. Best is trial 4 with value: 0.8.
[I 2026-04-13 12:51:45,730] Trial 8 finished with value: 0.75 and parameters: {'n_estimators': 100, 'max_depth': 20, 'gamma': 0.6251497693480509, 'subsample': 0.9696496759824258, 'colsample_bytree': 0.9717700410079397}. Best is trial 4 with value: 0.8.
[I 2026-04-13 12:51:45,776] Trial 9 finished with value: 0.7 and parameters: {'n_estimators': 40, 'max_depth': 30, 'gamma': 0.9649927737686168, 'subsample': 0.6857563076640036, 'colsample_bytree': 0.5061847058001788}. Best is trial 4 with value: 0.8.
[I 2026-04-13 12:51:45,830] Trial 10 finished with value: 0.7 and parameters: {'n_estimators': 100, 'max_depth': 5, 'gamma': 0.17962098877423716, 'subsample': 0.8389320138640859, 'colsample_bytree': 0.7898330861721071}. Best is trial 4 with value: 0.8.
[I 2026-04-13 12:51:45,897] Trial 11 finished with value: 0.7 and parameters: {'n_estimators': 40, 'max_depth': 5, 'gamma': 0.4958460306839802, 'subsample': 0.6388052294316233, 'colsample_bytree': 0.5021847705422506}. Best is trial 4 with value: 0.8.
[I 2026-04-13 12:51:45,980] Trial 12 finished with value: 0.75 and parameters: {'n_estimators': 40, 'max_depth': 5, 'gamma': 0.9503293090797886, 'subsample': 0.7964049031761566, 'colsample_bytree': 0.7136404265878388}. Best is trial 4 with value: 0.8.
[I 2026-04-13 12:51:46,053] Trial 13 finished with value: 0.8 and parameters: {'n_estimators': 100, 'max_depth': 5, 'gamma': 0.5028298763343629, 'subsample': 0.9864557349386933, 'colsample_bytree': 0.5637454603515166}. Best is trial 4 with value: 0.8.
[I 2026-04-13 12:51:46,155] Trial 14 finished with value: 0.7 and parameters: {'n_estimators': 100, 'max_depth': 5, 'gamma': 0.10994622175030377, 'subsample': 0.9983869660807833, 'colsample_bytree': 0.6938635989913244}. Best is trial 4 with value: 0.8.
[I 2026-04-13 12:51:46,238] Trial 15 finished with value: 0.65 and parameters: {'n_estimators': 100, 'max_depth': 5, 'gamma': 0.34114936230795434, 'subsample': 0.8951569042295983, 'colsample_bytree': 0.8604557310580807}. Best is trial 4 with value: 0.8.
[I 2026-04-13 12:51:46,305] Trial 16 finished with value: 0.75 and parameters: {'n_estimators': 100, 'max_depth': 5, 'gamma': 0.669853863600582, 'subsample': 0.9259365210452002, 'colsample_bytree': 0.5869734684259729}. Best is trial 4 with value: 0.8.
[I 2026-04-13 12:51:46,369] Trial 17 finished with value: 0.75 and parameters: {'n_estimators': 100, 'max_depth': 5, 'gamma': 0.42643297153129234, 'subsample': 0.8388789306979516, 'colsample_bytree': 0.616639976003251}. Best is trial 4 with value: 0.8.
[I 2026-04-13 12:51:46,440] Trial 18 finished with value: 0.75 and parameters: {'n_estimators': 100, 'max_depth': 5, 'gamma': 0.8855948128463448, 'subsample': 0.950119765014301, 'colsample_bytree': 0.5536342544489598}. Best is trial 4 with value: 0.8.
[I 2026-04-13 12:51:46,506] Trial 19 finished with value: 0.7 and parameters: {'n_estimators': 100, 'max_depth': 20, 'gamma': 0.25618759884323955, 'subsample': 0.8551761586817276, 'colsample_bytree': 0.8816435409954417}. Best is trial 4 with value: 0.8.
[I 2026-04-13 12:51:46,550] Trial 20 finished with value: 0.75 and parameters: {'n_estimators': 10, 'max_depth': 5, 'gamma': 0.7272771778428742, 'subsample': 0.9698730952579473, 'colsample_bytree': 0.676945940524066}. Best is trial 4 with value: 0.8.
[I 2026-04-13 12:51:46,626] Trial 21 finished with value: 0.7 and parameters: {'n_estimators': 40, 'max_depth': 5, 'gamma': 0.5367467349614824, 'subsample': 0.6144896926147745, 'colsample_bytree': 0.5402036569060795}. Best is trial 4 with value: 0.8.
[I 2026-04-13 12:51:46,684] Trial 22 finished with value: 0.7 and parameters: {'n_estimators': 40, 'max_depth': 5, 'gamma': 0.581363002829638, 'subsample': 0.8705491213867644, 'colsample_bytree': 0.5421758934349306}. Best is trial 4 with value: 0.8.
[I 2026-04-13 12:51:46,722] Trial 23 finished with value: 0.7 and parameters: {'n_estimators': 40, 'max_depth': 5, 'gamma': 0.49834987398805664, 'subsample': 0.7694701757120967, 'colsample_bytree': 0.5043641177115614}. Best is trial 4 with value: 0.8.
[I 2026-04-13 12:51:46,781] Trial 24 finished with value: 0.7 and parameters: {'n_estimators': 100, 'max_depth': 5, 'gamma': 0.4538980173462365, 'subsample': 0.9891907852246411, 'colsample_bytree': 0.6332215754441025}. Best is trial 4 with value: 0.8.
[I 2026-04-13 12:51:46,818] Trial 25 finished with value: 0.7 and parameters: {'n_estimators': 40, 'max_depth': 5, 'gamma': 0.5882211906920883, 'subsample': 0.720521350044536, 'colsample_bytree': 0.5567969341060491}. Best is trial 4 with value: 0.8.
[I 2026-04-13 12:51:46,887] Trial 26 finished with value: 0.7 and parameters: {'n_estimators': 100, 'max_depth': 5, 'gamma': 0.7153855944212536, 'subsample': 0.5691040186921712, 'colsample_bytree': 0.7397022865589227}. Best is trial 4 with value: 0.8.
[I 2026-04-13 12:51:46,934] Trial 27 finished with value: 0.7 and parameters: {'n_estimators': 100, 'max_depth': 5, 'gamma': 0.3521339886062237, 'subsample': 0.8022815027425945, 'colsample_bytree': 0.5746054147893589}. Best is trial 4 with value: 0.8.
[I 2026-04-13 12:51:46,969] Trial 28 finished with value: 0.75 and parameters: {'n_estimators': 10, 'max_depth': 30, 'gamma': 0.5217868889787425, 'subsample': 0.9349240893678711, 'colsample_bytree': 0.5339770643572692}. Best is trial 4 with value: 0.8.
[I 2026-04-13 12:51:47,008] Trial 29 finished with value: 0.7 and parameters: {'n_estimators': 40, 'max_depth': 20, 'gamma': 0.8498194172103222, 'subsample': 0.6366652548900285, 'colsample_bytree': 0.6110939262447053}. Best is trial 4 with value: 0.8.
[I 2026-04-13 12:51:47,782] A new study created in memory with name: rf
[I 2026-04-13 12:51:48,013] Trial 0 finished with value: 0.5 and parameters: {'n_estimators': 189, 'max_depth': 18, 'min_samples_split': 3, 'min_samples_leaf': 10}. Best is trial 0 with value: 0.5.
[I 2026-04-13 12:51:48,411] Trial 1 finished with value: 0.6 and parameters: {'n_estimators': 295, 'max_depth': 14, 'min_samples_split': 8, 'min_samples_leaf': 6}. Best is trial 1 with value: 0.6.
[I 2026-04-13 12:51:48,777] Trial 2 finished with value: 0.5 and parameters: {'n_estimators': 219, 'max_depth': 6, 'min_samples_split': 2, 'min_samples_leaf': 8}. Best is trial 1 with value: 0.6.
[I 2026-04-13 12:51:49,176] Trial 3 finished with value: 0.7 and parameters: {'n_estimators': 276, 'max_depth': 5, 'min_samples_split': 9, 'min_samples_leaf': 3}. Best is trial 3 with value: 0.7.
[I 2026-04-13 12:51:49,574] Trial 4 finished with value: 0.7 and parameters: {'n_estimators': 266, 'max_depth': 8, 'min_samples_split': 7, 'min_samples_leaf': 6}. Best is trial 3 with value: 0.7.
[I 2026-04-13 12:51:50,041] Trial 5 finished with value: 0.7 and parameters: {'n_estimators': 340, 'max_depth': 7, 'min_samples_split': 4, 'min_samples_leaf': 3}. Best is trial 3 with value: 0.7.
[I 2026-04-13 12:51:50,408] Trial 6 finished with value: 0.5 and parameters: {'n_estimators': 231, 'max_depth': 5, 'min_samples_split': 3, 'min_samples_leaf': 10}. Best is trial 3 with value: 0.7.
[I 2026-04-13 12:51:51,108] Trial 7 finished with value: 0.7 and parameters: {'n_estimators': 485, 'max_depth': 6, 'min_samples_split': 2, 'min_samples_leaf': 3}. Best is trial 3 with value: 0.7.
[I 2026-04-13 12:51:51,591] Trial 8 finished with value: 0.65 and parameters: {'n_estimators': 380, 'max_depth': 17, 'min_samples_split': 2, 'min_samples_leaf': 6}. Best is trial 3 with value: 0.7.
[I 2026-04-13 12:51:51,790] Trial 9 finished with value: 0.5 and parameters: {'n_estimators': 100, 'max_depth': 12, 'min_samples_split': 7, 'min_samples_leaf': 10}. Best is trial 3 with value: 0.7.
[I 2026-04-13 12:51:52,312] Trial 10 finished with value: 0.8 and parameters: {'n_estimators': 446, 'max_depth': 3, 'min_samples_split': 10, 'min_samples_leaf': 2}. Best is trial 10 with value: 0.8.
[I 2026-04-13 12:51:52,871] Trial 11 finished with value: 0.75 and parameters: {'n_estimators': 436, 'max_depth': 3, 'min_samples_split': 10, 'min_samples_leaf': 1}. Best is trial 10 with value: 0.8.
[I 2026-04-13 12:51:53,463] Trial 12 finished with value: 0.75 and parameters: {'n_estimators': 470, 'max_depth': 3, 'min_samples_split': 10, 'min_samples_leaf': 1}. Best is trial 10 with value: 0.8.
[I 2026-04-13 12:51:54,026] Trial 13 finished with value: 0.75 and parameters: {'n_estimators': 416, 'max_depth': 10, 'min_samples_split': 10, 'min_samples_leaf': 1}. Best is trial 10 with value: 0.8.
[I 2026-04-13 12:51:54,623] Trial 14 finished with value: 0.75 and parameters: {'n_estimators': 423, 'max_depth': 4, 'min_samples_split': 5, 'min_samples_leaf': 2}. Best is trial 10 with value: 0.8.
[I 2026-04-13 12:51:55,090] Trial 15 finished with value: 0.65 and parameters: {'n_estimators': 354, 'max_depth': 9, 'min_samples_split': 9, 'min_samples_leaf': 4}. Best is trial 10 with value: 0.8.
[I 2026-04-13 12:51:55,718] Trial 16 finished with value: 0.7 and parameters: {'n_estimators': 442, 'max_depth': 20, 'min_samples_split': 8, 'min_samples_leaf': 4}. Best is trial 10 with value: 0.8.
[I 2026-04-13 12:51:56,446] Trial 17 finished with value: 0.7 and parameters: {'n_estimators': 494, 'max_depth': 3, 'min_samples_split': 10, 'min_samples_leaf': 1}. Best is trial 10 with value: 0.8.
[I 2026-04-13 12:51:56,953] Trial 18 finished with value: 0.8 and parameters: {'n_estimators': 387, 'max_depth': 12, 'min_samples_split': 6, 'min_samples_leaf': 2}. Best is trial 10 with value: 0.8.
[I 2026-04-13 12:51:57,488] Trial 19 finished with value: 0.6 and parameters: {'n_estimators': 393, 'max_depth': 13, 'min_samples_split': 6, 'min_samples_leaf': 5}. Best is trial 10 with value: 0.8.
[I 2026-04-13 12:51:57,966] Trial 20 finished with value: 0.5 and parameters: {'n_estimators': 361, 'max_depth': 15, 'min_samples_split': 5, 'min_samples_leaf': 8}. Best is trial 10 with value: 0.8.
[I 2026-04-13 12:51:58,596] Trial 21 finished with value: 0.75 and parameters: {'n_estimators': 448, 'max_depth': 11, 'min_samples_split': 9, 'min_samples_leaf': 2}. Best is trial 10 with value: 0.8.
[I 2026-04-13 12:51:59,226] Trial 22 finished with value: 0.8 and parameters: {'n_estimators': 405, 'max_depth': 9, 'min_samples_split': 8, 'min_samples_leaf': 2}. Best is trial 10 with value: 0.8.
[I 2026-04-13 12:51:59,681] Trial 23 finished with value: 0.7 and parameters: {'n_estimators': 322, 'max_depth': 10, 'min_samples_split': 7, 'min_samples_leaf': 2}. Best is trial 10 with value: 0.8.
[I 2026-04-13 12:52:00,280] Trial 24 finished with value: 0.7 and parameters: {'n_estimators': 398, 'max_depth': 15, 'min_samples_split': 8, 'min_samples_leaf': 4}. Best is trial 10 with value: 0.8.
[I 2026-04-13 12:52:00,924] Trial 25 finished with value: 0.7 and parameters: {'n_estimators': 456, 'max_depth': 12, 'min_samples_split': 6, 'min_samples_leaf': 2}. Best is trial 10 with value: 0.8.
[I 2026-04-13 12:52:01,515] Trial 26 finished with value: 0.65 and parameters: {'n_estimators': 390, 'max_depth': 8, 'min_samples_split': 5, 'min_samples_leaf': 3}. Best is trial 10 with value: 0.8.
[I 2026-04-13 12:52:01,943] Trial 27 finished with value: 0.65 and parameters: {'n_estimators': 330, 'max_depth': 10, 'min_samples_split': 8, 'min_samples_leaf': 5}. Best is trial 10 with value: 0.8.
[I 2026-04-13 12:52:02,480] Trial 28 finished with value: 0.75 and parameters: {'n_estimators': 374, 'max_depth': 16, 'min_samples_split': 9, 'min_samples_leaf': 2}. Best is trial 10 with value: 0.8.
[I 2026-04-13 12:52:02,760] Trial 29 finished with value: 0.75 and parameters: {'n_estimators': 142, 'max_depth': 13, 'min_samples_split': 7, 'min_samples_leaf': 4}. Best is trial 10 with value: 0.8.
[I 2026-04-13 12:52:04,814] A new study created in memory with name: mlp
[I 2026-04-13 12:52:04,898] Trial 0 finished with value: 0.7 and parameters: {'hidden_layer_sizes': (200,), 'max_iter': 50, 'alpha': 0.001}. Best is trial 0 with value: 0.7.
[I 2026-04-13 12:52:04,993] Trial 1 finished with value: 0.7 and parameters: {'hidden_layer_sizes': (100,), 'max_iter': 100, 'alpha': 0.0001}. Best is trial 0 with value: 0.7.
[I 2026-04-13 12:52:05,067] Trial 2 finished with value: 0.7 and parameters: {'hidden_layer_sizes': (100,), 'max_iter': 100, 'alpha': 0.001}. Best is trial 0 with value: 0.7.
[I 2026-04-13 12:52:05,152] Trial 3 finished with value: 0.75 and parameters: {'hidden_layer_sizes': (200,), 'max_iter': 50, 'alpha': 0.001}. Best is trial 3 with value: 0.75.
[I 2026-04-13 12:52:05,257] Trial 4 finished with value: 0.6 and parameters: {'hidden_layer_sizes': (100,), 'max_iter': 100, 'alpha': 0.0001}. Best is trial 3 with value: 0.75.
[I 2026-04-13 12:52:05,362] Trial 5 finished with value: 0.7 and parameters: {'hidden_layer_sizes': (100,), 'max_iter': 100, 'alpha': 0.001}. Best is trial 3 with value: 0.75.
[I 2026-04-13 12:52:05,507] Trial 6 finished with value: 0.7 and parameters: {'hidden_layer_sizes': (200,), 'max_iter': 100, 'alpha': 0.001}. Best is trial 3 with value: 0.75.
[I 2026-04-13 12:52:05,621] Trial 7 finished with value: 0.7 and parameters: {'hidden_layer_sizes': (200,), 'max_iter': 100, 'alpha': 0.001}. Best is trial 3 with value: 0.75.
[I 2026-04-13 12:52:05,715] Trial 8 finished with value: 0.7 and parameters: {'hidden_layer_sizes': (100,), 'max_iter': 100, 'alpha': 0.001}. Best is trial 3 with value: 0.75.
[I 2026-04-13 12:52:05,759] Trial 9 finished with value: 0.75 and parameters: {'hidden_layer_sizes': (100,), 'max_iter': 50, 'alpha': 0.001}. Best is trial 3 with value: 0.75.
[I 2026-04-13 12:52:05,847] Trial 10 finished with value: 0.8 and parameters: {'hidden_layer_sizes': (100, 100), 'max_iter': 50, 'alpha': 0.0001}. Best is trial 10 with value: 0.8.
[I 2026-04-13 12:52:05,922] Trial 11 finished with value: 0.7 and parameters: {'hidden_layer_sizes': (100, 100), 'max_iter': 50, 'alpha': 0.0001}. Best is trial 10 with value: 0.8.
[I 2026-04-13 12:52:06,027] Trial 12 finished with value: 0.65 and parameters: {'hidden_layer_sizes': (100, 100), 'max_iter': 50, 'alpha': 0.0001}. Best is trial 10 with value: 0.8.
[I 2026-04-13 12:52:06,112] Trial 13 finished with value: 0.75 and parameters: {'hidden_layer_sizes': (100, 100), 'max_iter': 50, 'alpha': 0.0001}. Best is trial 10 with value: 0.8.
[I 2026-04-13 12:52:06,207] Trial 14 finished with value: 0.7 and parameters: {'hidden_layer_sizes': (100, 100), 'max_iter': 50, 'alpha': 0.0001}. Best is trial 10 with value: 0.8.
[I 2026-04-13 12:52:06,261] Trial 15 finished with value: 0.7 and parameters: {'hidden_layer_sizes': (200,), 'max_iter': 50, 'alpha': 0.0001}. Best is trial 10 with value: 0.8.
[I 2026-04-13 12:52:06,367] Trial 16 finished with value: 0.75 and parameters: {'hidden_layer_sizes': (100, 100), 'max_iter': 50, 'alpha': 0.001}. Best is trial 10 with value: 0.8.
[I 2026-04-13 12:52:06,432] Trial 17 finished with value: 0.7 and parameters: {'hidden_layer_sizes': (200,), 'max_iter': 50, 'alpha': 0.0001}. Best is trial 10 with value: 0.8.
[I 2026-04-13 12:52:06,507] Trial 18 finished with value: 0.7 and parameters: {'hidden_layer_sizes': (100, 100), 'max_iter': 50, 'alpha': 0.001}. Best is trial 10 with value: 0.8.
[I 2026-04-13 12:52:06,602] Trial 19 finished with value: 0.7 and parameters: {'hidden_layer_sizes': (200,), 'max_iter': 50, 'alpha': 0.0001}. Best is trial 10 with value: 0.8.
