[I 2026-04-13 13:08:06,894] Trial 6 finished with value: 1.0 and parameters: {'hidden_layer_sizes': (100, 100), 'max_iter': 100, 'alpha': 0.001}. Best is trial 0 with value: 1.0.
[I 2026-04-13 13:08:06,950] Trial 7 finished with value: 1.0 and parameters: {'hidden_layer_sizes': (200,), 'max_iter': 50, 'alpha': 0.001}. Best is trial 0 with value: 1.0.
[I 2026-04-13 13:08:07,013] Trial 8 finished with value: 1.0 and parameters: {'hidden_layer_sizes': (100,), 'max_iter': 100, 'alpha': 0.001}. Best is trial 0 with value: 1.0.
[I 2026-04-13 13:08:07,070] Trial 9 finished with value: 1.0 and parameters: {'hidden_layer_sizes': (200,), 'max_iter': 50, 'alpha': 0.001}. Best is trial 0 with value: 1.0.
[I 2026-04-13 13:08:07,141] Trial 10 finished with value: 1.0 and parameters: {'hidden_layer_sizes': (100,), 'max_iter': 100, 'alpha': 0.001}. Best is trial 0 with value: 1.0.
[I 2026-04-13 13:08:07,219] Trial 11 finished with value: 1.0 and parameters: {'hidden_layer_sizes': (100, 100), 'max_iter': 100, 'alpha': 0.0001}. Best is trial 0 with value: 1.0.
[I 2026-04-13 13:08:07,336] Trial 12 finished with value: 1.0 and parameters: {'hidden_layer_sizes': (100, 100), 'max_iter': 100, 'alpha': 0.0001}. Best is trial 0 with value: 1.0.
[I 2026-04-13 13:08:07,443] Trial 13 finished with value: 1.0 and parameters: {'hidden_layer_sizes': (100, 100), 'max_iter': 100, 'alpha': 0.0001}. Best is trial 0 with value: 1.0.
[I 2026-04-13 13:08:07,510] Trial 14 finished with value: 1.0 and parameters: {'hidden_layer_sizes': (100,), 'max_iter': 100, 'alpha': 0.001}. Best is trial 0 with value: 1.0.
[I 2026-04-13 13:08:07,590] Trial 15 finished with value: 1.0 and parameters: {'hidden_layer_sizes': (200,), 'max_iter': 100, 'alpha': 0.0001}. Best is trial 0 with value: 1.0.
[I 2026-04-13 13:08:07,680] Trial 16 finished with value: 1.0 and parameters: {'hidden_layer_sizes': (100, 100), 'max_iter': 100, 'alpha': 0.001}. Best is trial 0 with value: 1.0.
[I 2026-04-13 13:08:07,768] Trial 17 finished with value: 1.0 and parameters: {'hidden_layer_sizes': (200,), 'max_iter': 100, 'alpha': 0.0001}. Best is trial 0 with value: 1.0.
[I 2026-04-13 13:08:07,816] Trial 18 finished with value: 1.0 and parameters: {'hidden_layer_sizes': (100, 100), 'max_iter': 50, 'alpha': 0.0001}. Best is trial 0 with value: 1.0.
[I 2026-04-13 13:08:07,873] Trial 19 finished with value: 1.0 and parameters: {'hidden_layer_sizes': (100,), 'max_iter': 100, 'alpha': 0.001}. Best is trial 0 with value: 1.0.
[I 2026-04-13 13:08:07,954] Trial 20 finished with value: 1.0 and parameters: {'hidden_layer_sizes': (100, 100), 'max_iter': 100, 'alpha': 0.001}. Best is trial 0 with value: 1.0.
[I 2026-04-13 13:08:08,014] Trial 21 finished with value: 1.0 and parameters: {'hidden_layer_sizes': (100, 100), 'max_iter': 50, 'alpha': 0.0001}. Best is trial 0 with value: 1.0.
[I 2026-04-13 13:08:08,075] Trial 22 finished with value: 1.0 and parameters: {'hidden_layer_sizes': (100, 100), 'max_iter': 50, 'alpha': 0.0001}. Best is trial 0 with value: 1.0.
[I 2026-04-13 13:08:08,143] Trial 23 finished with value: 1.0 and parameters: {'hidden_layer_sizes': (100, 100), 'max_iter': 50, 'alpha': 0.0001}. Best is trial 0 with value: 1.0.
[I 2026-04-13 13:08:08,195] Trial 24 finished with value: 1.0 and parameters: {'hidden_layer_sizes': (100, 100), 'max_iter': 50, 'alpha': 0.0001}. Best is trial 0 with value: 1.0.
[I 2026-04-13 13:08:08,243] Trial 25 finished with value: 1.0 and parameters: {'hidden_layer_sizes': (200,), 'max_iter': 50, 'alpha': 0.0001}. Best is trial 0 with value: 1.0.
[I 2026-04-13 13:08:08,312] Trial 26 finished with value: 1.0 and parameters: {'hidden_layer_sizes': (100, 100), 'max_iter': 50, 'alpha': 0.0001}. Best is trial 0 with value: 1.0.
[I 2026-04-13 13:08:08,411] Trial 27 finished with value: 1.0 and parameters: {'hidden_layer_sizes': (100, 100), 'max_iter': 100, 'alpha': 0.0001}. Best is trial 0 with value: 1.0.
[I 2026-04-13 13:08:08,457] Trial 28 finished with value: 1.0 and parameters: {'hidden_layer_sizes': (100,), 'max_iter': 50, 'alpha': 0.001}. Best is trial 0 with value: 1.0.
[I 2026-04-13 13:08:08,505] Trial 29 finished with value: 1.0 and parameters: {'hidden_layer_sizes': (200,), 'max_iter': 50, 'alpha': 0.0001}. Best is trial 0 with value: 1.0.
[I 2026-04-13 13:08:10,960] A new study created in memory with name: naive_bayes
[I 2026-04-13 13:08:10,975] Trial 0 finished with value: 0.55 and parameters: {'var_smoothing': 2.7796258518939306e-10}. Best is trial 0 with value: 0.55.
[I 2026-04-13 13:08:10,989] Trial 1 finished with value: 0.575 and parameters: {'var_smoothing': 5.513972710118387e-09}. Best is trial 1 with value: 0.575.
[I 2026-04-13 13:08:11,004] Trial 2 finished with value: 0.55 and parameters: {'var_smoothing': 2.590826381512706e-10}. Best is trial 1 with value: 0.575.
[I 2026-04-13 13:08:11,018] Trial 3 finished with value: 0.575 and parameters: {'var_smoothing': 6.874194498027403e-09}. Best is trial 1 with value: 0.575.
[I 2026-04-13 13:08:11,032] Trial 4 finished with value: 0.575 and parameters: {'var_smoothing': 9.480306482679771e-10}. Best is trial 1 with value: 0.575.
[I 2026-04-13 13:08:11,047] Trial 5 finished with value: 0.575 and parameters: {'var_smoothing': 1.6729683536668864e-09}. Best is trial 1 with value: 0.575.
[I 2026-04-13 13:08:11,062] Trial 6 finished with value: 0.575 and parameters: {'var_smoothing': 3.402637726935598e-09}. Best is trial 1 with value: 0.575.
[I 2026-04-13 13:08:11,087] Trial 7 finished with value: 0.575 and parameters: {'var_smoothing': 1.0885189040847657e-09}. Best is trial 1 with value: 0.575.
[I 2026-04-13 13:08:11,102] Trial 8 finished with value: 0.55 and parameters: {'var_smoothing': 3.922843686541149e-10}. Best is trial 1 with value: 0.575.
[I 2026-04-13 13:08:11,117] Trial 9 finished with value: 0.55 and parameters: {'var_smoothing': 2.3737908819373785e-10}. Best is trial 1 with value: 0.575.
[I 2026-04-13 13:08:11,146] Trial 10 finished with value: 0.575 and parameters: {'var_smoothing': 9.60002923549188e-09}. Best is trial 1 with value: 0.575.
[I 2026-04-13 13:08:11,164] Trial 11 finished with value: 0.575 and parameters: {'var_smoothing': 8.433673252661673e-09}. Best is trial 1 with value: 0.575.
[I 2026-04-13 13:08:11,182] Trial 12 finished with value: 0.575 and parameters: {'var_smoothing': 4.024812294478599e-09}. Best is trial 1 with value: 0.575.
[I 2026-04-13 13:08:11,201] Trial 13 finished with value: 0.575 and parameters: {'var_smoothing': 4.279313644924201e-09}. Best is trial 1 with value: 0.575.
[I 2026-04-13 13:08:11,220] Trial 14 finished with value: 0.575 and parameters: {'var_smoothing': 2.4932294963389457e-09}. Best is trial 1 with value: 0.575.
[I 2026-04-13 13:08:11,239] Trial 15 finished with value: 0.575 and parameters: {'var_smoothing': 5.955264632939075e-09}. Best is trial 1 with value: 0.575.
[I 2026-04-13 13:08:11,258] Trial 16 finished with value: 0.575 and parameters: {'var_smoothing': 7.081339561602681e-10}. Best is trial 1 with value: 0.575.
[I 2026-04-13 13:08:11,276] Trial 17 finished with value: 0.55 and parameters: {'var_smoothing': 1.3536480186984407e-10}. Best is trial 1 with value: 0.575.
[I 2026-04-13 13:08:11,306] Trial 18 finished with value: 0.575 and parameters: {'var_smoothing': 2.007486890366191e-09}. Best is trial 1 with value: 0.575.
[I 2026-04-13 13:08:11,324] Trial 19 finished with value: 0.575 and parameters: {'var_smoothing': 6.236695396324013e-09}. Best is trial 1 with value: 0.575.
[I 2026-04-13 13:08:11,342] Trial 20 finished with value: 0.575 and parameters: {'var_smoothing': 5.907970857655839e-09}. Best is trial 1 with value: 0.575.
[I 2026-04-13 13:08:11,374] Trial 21 finished with value: 0.575 and parameters: {'var_smoothing': 9.183689420637779e-10}. Best is trial 1 with value: 0.575.
[I 2026-04-13 13:08:11,392] Trial 22 finished with value: 0.55 and parameters: {'var_smoothing': 5.187834013686389e-10}. Best is trial 1 with value: 0.575.
[I 2026-04-13 13:08:11,411] Trial 23 finished with value: 0.575 and parameters: {'var_smoothing': 1.3330743307391637e-09}. Best is trial 1 with value: 0.575.
[I 2026-04-13 13:08:11,441] Trial 24 finished with value: 0.575 and parameters: {'var_smoothing': 2.6503095278151094e-09}. Best is trial 1 with value: 0.575.
[I 2026-04-13 13:08:11,459] Trial 25 finished with value: 0.575 and parameters: {'var_smoothing': 7.22661028130991e-10}. Best is trial 1 with value: 0.575.
[I 2026-04-13 13:08:11,478] Trial 26 finished with value: 0.575 and parameters: {'var_smoothing': 1.5067042610089413e-09}. Best is trial 1 with value: 0.575.
[I 2026-04-13 13:08:11,510] Trial 27 finished with value: 0.575 and parameters: {'var_smoothing': 3.0259590730750244e-09}. Best is trial 1 with value: 0.575.
[I 2026-04-13 13:08:11,530] Trial 28 finished with value: 0.575 and parameters: {'var_smoothing': 4.423381847441216e-09}. Best is trial 1 with value: 0.575.
[I 2026-04-13 13:08:11,550] Trial 29 finished with value: 0.55 and parameters: {'var_smoothing': 4.285634123105748e-10}. Best is trial 1 with value: 0.575.
[I 2026-04-13 13:08:11,585] A new study created in memory with name: logreg
[I 2026-04-13 13:08:11,610] Trial 0 finished with value: 0.7 and parameters: {'C': 0.012881482725481003, 'penalty': 'l2'}. Best is trial 0 with value: 0.7.
[I 2026-04-13 13:08:11,638] Trial 1 finished with value: 0.75 and parameters: {'C': 22.576755560681583, 'penalty': 'l2'}. Best is trial 1 with value: 0.75.
[I 2026-04-13 13:08:11,665] Trial 2 finished with value: 0.7 and parameters: {'C': 0.010804278656839932, 'penalty': 'l2'}. Best is trial 1 with value: 0.75.
[I 2026-04-13 13:08:11,690] Trial 3 finished with value: 0.75 and parameters: {'C': 39.17910760336117, 'penalty': 'l2'}. Best is trial 1 with value: 0.75.
[I 2026-04-13 13:08:11,717] Trial 4 finished with value: 0.75 and parameters: {'C': 0.2767298094062571, 'penalty': 'l2'}. Best is trial 1 with value: 0.75.
[I 2026-04-13 13:08:11,744] Trial 5 finished with value: 0.75 and parameters: {'C': 1.1447728330837224, 'penalty': 'l2'}. Best is trial 1 with value: 0.75.
[I 2026-04-13 13:08:11,769] Trial 6 finished with value: 0.725 and parameters: {'C': 6.753661388238877, 'penalty': 'l2'}. Best is trial 1 with value: 0.75.
[I 2026-04-13 13:08:11,784] Trial 7 finished with value: 0.75 and parameters: {'C': 0.39092184460352974, 'penalty': 'l2'}. Best is trial 1 with value: 0.75.
[I 2026-04-13 13:08:11,809] Trial 8 finished with value: 0.725 and parameters: {'C': 0.03047912590082646, 'penalty': 'l2'}. Best is trial 1 with value: 0.75.
[I 2026-04-13 13:08:11,824] Trial 9 finished with value: 0.7 and parameters: {'C': 0.008681727362499118, 'penalty': 'l2'}. Best is trial 1 with value: 0.75.
[I 2026-04-13 13:08:11,843] Trial 10 finished with value: 0.725 and parameters: {'C': 90.29867735508974, 'penalty': 'l2'}. Best is trial 1 with value: 0.75.
[I 2026-04-13 13:08:11,873] Trial 11 finished with value: 0.75 and parameters: {'C': 65.31936101889447, 'penalty': 'l2'}. Best is trial 1 with value: 0.75.
[I 2026-04-13 13:08:11,900] Trial 12 finished with value: 0.75 and parameters: {'C': 10.276946066829701, 'penalty': 'l2'}. Best is trial 1 with value: 0.75.
[I 2026-04-13 13:08:11,931] Trial 13 finished with value: 0.75 and parameters: {'C': 11.979406337571666, 'penalty': 'l2'}. Best is trial 1 with value: 0.75.
[I 2026-04-13 13:08:11,961] Trial 14 finished with value: 0.75 and parameters: {'C': 3.103885131392604, 'penalty': 'l2'}. Best is trial 1 with value: 0.75.
[I 2026-04-13 13:08:11,994] Trial 15 finished with value: 0.75 and parameters: {'C': 27.368605040072197, 'penalty': 'l2'}. Best is trial 1 with value: 0.75.
[I 2026-04-13 13:08:12,016] Trial 16 finished with value: 0.725 and parameters: {'C': 0.13344077328067044, 'penalty': 'l2'}. Best is trial 1 with value: 0.75.
[I 2026-04-13 13:08:12,044] Trial 17 finished with value: 0.7 and parameters: {'C': 0.0021318879744765045, 'penalty': 'l2'}. Best is trial 1 with value: 0.75.
[I 2026-04-13 13:08:12,074] Trial 18 finished with value: 0.75 and parameters: {'C': 1.8056426094216929, 'penalty': 'l2'}. Best is trial 1 with value: 0.75.
[I 2026-04-13 13:08:12,105] Trial 19 finished with value: 0.75 and parameters: {'C': 30.717532996538623, 'penalty': 'l2'}. Best is trial 1 with value: 0.75.
[I 2026-04-13 13:08:12,135] Trial 20 finished with value: 0.75 and parameters: {'C': 26.828467218463196, 'penalty': 'l2'}. Best is trial 1 with value: 0.75.
[I 2026-04-13 13:08:12,163] Trial 21 finished with value: 0.725 and parameters: {'C': 0.25558947752548705, 'penalty': 'l2'}. Best is trial 1 with value: 0.75.
[I 2026-04-13 13:08:12,184] Trial 22 finished with value: 0.725 and parameters: {'C': 0.06130066426382792, 'penalty': 'l2'}. Best is trial 1 with value: 0.75.
[I 2026-04-13 13:08:12,212] Trial 23 finished with value: 0.75 and parameters: {'C': 0.648837458755121, 'penalty': 'l2'}. Best is trial 1 with value: 0.75.
[I 2026-04-13 13:08:12,240] Trial 24 finished with value: 0.775 and parameters: {'C': 3.6161088478984835, 'penalty': 'l2'}. Best is trial 24 with value: 0.775.
[I 2026-04-13 13:08:12,270] Trial 25 finished with value: 0.775 and parameters: {'C': 5.083485302968035, 'penalty': 'l2'}. Best is trial 24 with value: 0.775.
[I 2026-04-13 13:08:12,288] Trial 26 finished with value: 0.775 and parameters: {'C': 4.6108859104454005, 'penalty': 'l2'}. Best is trial 24 with value: 0.775.
[I 2026-04-13 13:08:12,304] Trial 27 finished with value: 0.775 and parameters: {'C': 3.765765673488365, 'penalty': 'l2'}. Best is trial 24 with value: 0.775.
[I 2026-04-13 13:08:12,334] Trial 28 finished with value: 0.775 and parameters: {'C': 4.30454182896643, 'penalty': 'l2'}. Best is trial 24 with value: 0.775.
[I 2026-04-13 13:08:12,364] Trial 29 finished with value: 0.75 and parameters: {'C': 1.4584941331422407, 'penalty': 'l2'}. Best is trial 24 with value: 0.775.
[I 2026-04-13 13:08:12,430] A new study created in memory with name: knn
[I 2026-04-13 13:08:12,442] Trial 0 finished with value: 0.7 and parameters: {'n_neighbors': 4, 'leaf_size': 38, 'p': 2}. Best is trial 0 with value: 0.7.
[I 2026-04-13 13:08:12,467] Trial 1 finished with value: 0.525 and parameters: {'n_neighbors': 6, 'leaf_size': 32, 'p': 1}. Best is trial 0 with value: 0.7.
[I 2026-04-13 13:08:12,480] Trial 2 finished with value: 0.65 and parameters: {'n_neighbors': 5, 'leaf_size': 23, 'p': 2}. Best is trial 0 with value: 0.7.
[I 2026-04-13 13:08:12,494] Trial 3 finished with value: 0.525 and parameters: {'n_neighbors': 6, 'leaf_size': 23, 'p': 1}. Best is trial 0 with value: 0.7.
[I 2026-04-13 13:08:12,509] Trial 4 finished with value: 0.525 and parameters: {'n_neighbors': 6, 'leaf_size': 26, 'p': 1}. Best is trial 0 with value: 0.7.
[I 2026-04-13 13:08:12,522] Trial 5 finished with value: 0.625 and parameters: {'n_neighbors': 7, 'leaf_size': 25, 'p': 1}. Best is trial 0 with value: 0.7.
[I 2026-04-13 13:08:12,537] Trial 6 finished with value: 0.65 and parameters: {'n_neighbors': 5, 'leaf_size': 23, 'p': 2}. Best is trial 0 with value: 0.7.
[I 2026-04-13 13:08:12,551] Trial 7 finished with value: 0.625 and parameters: {'n_neighbors': 10, 'leaf_size': 23, 'p': 2}. Best is trial 0 with value: 0.7.
[I 2026-04-13 13:08:12,565] Trial 8 finished with value: 0.6 and parameters: {'n_neighbors': 8, 'leaf_size': 36, 'p': 2}. Best is trial 0 with value: 0.7.
[I 2026-04-13 13:08:12,579] Trial 9 finished with value: 0.675 and parameters: {'n_neighbors': 3, 'leaf_size': 30, 'p': 2}. Best is trial 0 with value: 0.7.
[I 2026-04-13 13:08:12,603] Trial 10 finished with value: 0.675 and parameters: {'n_neighbors': 3, 'leaf_size': 40, 'p': 2}. Best is trial 0 with value: 0.7.
[I 2026-04-13 13:08:12,623] Trial 11 finished with value: 0.675 and parameters: {'n_neighbors': 3, 'leaf_size': 31, 'p': 2}. Best is trial 0 with value: 0.7.
[I 2026-04-13 13:08:12,647] Trial 12 finished with value: 0.7 and parameters: {'n_neighbors': 4, 'leaf_size': 35, 'p': 2}. Best is trial 0 with value: 0.7.
[I 2026-04-13 13:08:12,666] Trial 13 finished with value: 0.7 and parameters: {'n_neighbors': 4, 'leaf_size': 36, 'p': 2}. Best is trial 0 with value: 0.7.
[I 2026-04-13 13:08:12,686] Trial 14 finished with value: 0.7 and parameters: {'n_neighbors': 4, 'leaf_size': 40, 'p': 2}. Best is trial 0 with value: 0.7.
[I 2026-04-13 13:08:12,711] Trial 15 finished with value: 0.7 and parameters: {'n_neighbors': 4, 'leaf_size': 36, 'p': 2}. Best is trial 0 with value: 0.7.
[I 2026-04-13 13:08:12,733] Trial 16 finished with value: 0.6 and parameters: {'n_neighbors': 8, 'leaf_size': 34, 'p': 2}. Best is trial 0 with value: 0.7.
[I 2026-04-13 13:08:12,767] Trial 17 finished with value: 0.65 and parameters: {'n_neighbors': 5, 'leaf_size': 38, 'p': 2}. Best is trial 0 with value: 0.7.
[I 2026-04-13 13:08:12,787] Trial 18 finished with value: 0.525 and parameters: {'n_neighbors': 10, 'leaf_size': 29, 'p': 1}. Best is trial 0 with value: 0.7.
[I 2026-04-13 13:08:12,810] Trial 19 finished with value: 0.7 and parameters: {'n_neighbors': 4, 'leaf_size': 33, 'p': 2}. Best is trial 0 with value: 0.7.
[I 2026-04-13 13:08:12,832] Trial 20 finished with value: 0.625 and parameters: {'n_neighbors': 7, 'leaf_size': 38, 'p': 2}. Best is trial 0 with value: 0.7.
[I 2026-04-13 13:08:12,858] Trial 21 finished with value: 0.7 and parameters: {'n_neighbors': 4, 'leaf_size': 35, 'p': 2}. Best is trial 0 with value: 0.7.
[I 2026-04-13 13:08:12,887] Trial 22 finished with value: 0.65 and parameters: {'n_neighbors': 5, 'leaf_size': 38, 'p': 2}. Best is trial 0 with value: 0.7.
[I 2026-04-13 13:08:12,913] Trial 23 finished with value: 0.675 and parameters: {'n_neighbors': 3, 'leaf_size': 37, 'p': 2}. Best is trial 0 with value: 0.7.
[I 2026-04-13 13:08:12,945] Trial 24 finished with value: 0.7 and parameters: {'n_neighbors': 4, 'leaf_size': 34, 'p': 2}. Best is trial 0 with value: 0.7.
[I 2026-04-13 13:08:12,970] Trial 25 finished with value: 0.65 and parameters: {'n_neighbors': 5, 'leaf_size': 39, 'p': 2}. Best is trial 0 with value: 0.7.
[I 2026-04-13 13:08:13,006] Trial 26 finished with value: 0.625 and parameters: {'n_neighbors': 4, 'leaf_size': 28, 'p': 1}. Best is trial 0 with value: 0.7.
[I 2026-04-13 13:08:13,032] Trial 27 finished with value: 0.675 and parameters: {'n_neighbors': 3, 'leaf_size': 36, 'p': 2}. Best is trial 0 with value: 0.7.
[I 2026-04-13 13:08:13,063] Trial 28 finished with value: 0.625 and parameters: {'n_neighbors': 9, 'leaf_size': 33, 'p': 2}. Best is trial 0 with value: 0.7.
[I 2026-04-13 13:08:13,089] Trial 29 finished with value: 0.525 and parameters: {'n_neighbors': 6, 'leaf_size': 31, 'p': 1}. Best is trial 0 with value: 0.7.
[I 2026-04-13 13:08:13,211] A new study created in memory with name: xgb
[I 2026-04-13 13:08:13,237] Trial 0 finished with value: 0.8 and parameters: {'n_estimators': 40, 'max_depth': 5, 'gamma': 0.789317070832284, 'subsample': 0.7592089939364717, 'colsample_bytree': 0.648400250788111}. Best is trial 0 with value: 0.8.
[I 2026-04-13 13:08:13,265] Trial 1 finished with value: 0.825 and parameters: {'n_estimators': 100, 'max_depth': 30, 'gamma': 0.34667781579300216, 'subsample': 0.7071175095405257, 'colsample_bytree': 0.6480399663668239}. Best is trial 1 with value: 0.825.
[I 2026-04-13 13:08:13,295] Trial 2 finished with value: 0.825 and parameters: {'n_estimators': 10, 'max_depth': 20, 'gamma': 0.3948075529198607, 'subsample': 0.5720821503267102, 'colsample_bytree': 0.5828064306006338}. Best is trial 1 with value: 0.825.
[I 2026-04-13 13:08:13,323] Trial 3 finished with value: 0.85 and parameters: {'n_estimators': 10, 'max_depth': 30, 'gamma': 0.8015631269999768, 'subsample': 0.5114665462195407, 'colsample_bytree': 0.788831429064878}. Best is trial 3 with value: 0.85.
[I 2026-04-13 13:08:13,349] Trial 4 finished with value: 0.8 and parameters: {'n_estimators': 100, 'max_depth': 5, 'gamma': 0.8834347783013348, 'subsample': 0.961374806972835, 'colsample_bytree': 0.5011071062662218}. Best is trial 3 with value: 0.85.
[I 2026-04-13 13:08:13,385] Trial 5 finished with value: 0.775 and parameters: {'n_estimators': 40, 'max_depth': 5, 'gamma': 0.5364379674896123, 'subsample': 0.5145557818363589, 'colsample_bytree': 0.5432628442011025}. Best is trial 3 with value: 0.85.
[I 2026-04-13 13:08:13,422] Trial 6 finished with value: 0.8 and parameters: {'n_estimators': 100, 'max_depth': 20, 'gamma': 0.6718205850237038, 'subsample': 0.9059511955902053, 'colsample_bytree': 0.9633413076219371}. Best is trial 3 with value: 0.85.
[I 2026-04-13 13:08:13,447] Trial 7 finished with value: 0.825 and parameters: {'n_estimators': 10, 'max_depth': 30, 'gamma': 0.8165284487704038, 'subsample': 0.5255714015506736, 'colsample_bytree': 0.594333867896554}. Best is trial 3 with value: 0.85.
[I 2026-04-13 13:08:13,496] Trial 8 finished with value: 0.825 and parameters: {'n_estimators': 100, 'max_depth': 20, 'gamma': 0.6251497693480509, 'subsample': 0.9696496759824258, 'colsample_bytree': 0.9717700410079397}. Best is trial 3 with value: 0.85.
[I 2026-04-13 13:08:13,524] Trial 9 finished with value: 0.825 and parameters: {'n_estimators': 40, 'max_depth': 30, 'gamma': 0.9649927737686168, 'subsample': 0.6857563076640036, 'colsample_bytree': 0.5061847058001788}. Best is trial 3 with value: 0.85.
[I 2026-04-13 13:08:13,569] Trial 10 finished with value: 0.85 and parameters: {'n_estimators': 10, 'max_depth': 30, 'gamma': 0.17962098877423716, 'subsample': 0.8185311023645913, 'colsample_bytree': 0.8181024979210034}. Best is trial 3 with value: 0.85.
[I 2026-04-13 13:08:13,607] Trial 11 finished with value: 0.825 and parameters: {'n_estimators': 10, 'max_depth': 30, 'gamma': 0.1591775883705288, 'subsample': 0.8396147321804677, 'colsample_bytree': 0.8324693668256701}. Best is trial 3 with value: 0.85.
