[I 2026-04-13 13:02:53,901] Trial 17 finished with value: 0.55 and parameters: {'var_smoothing': 5.880433102756661e-09}. Best is trial 0 with value: 0.55.
[I 2026-04-13 13:02:53,917] Trial 18 finished with value: 0.55 and parameters: {'var_smoothing': 1.6980964875204416e-09}. Best is trial 0 with value: 0.55.
[I 2026-04-13 13:02:53,936] Trial 19 finished with value: 0.55 and parameters: {'var_smoothing': 4.2955625192244405e-09}. Best is trial 0 with value: 0.55.
[I 2026-04-13 13:02:53,955] Trial 20 finished with value: 0.55 and parameters: {'var_smoothing': 9.833771947222685e-09}. Best is trial 0 with value: 0.55.
[I 2026-04-13 13:02:53,974] Trial 21 finished with value: 0.55 and parameters: {'var_smoothing': 6.0482464086364635e-09}. Best is trial 0 with value: 0.55.
[I 2026-04-13 13:02:53,993] Trial 22 finished with value: 0.55 and parameters: {'var_smoothing': 4.537628481410357e-09}. Best is trial 0 with value: 0.55.
[I 2026-04-13 13:02:54,013] Trial 23 finished with value: 0.55 and parameters: {'var_smoothing': 6.750528289210463e-09}. Best is trial 0 with value: 0.55.
[I 2026-04-13 13:02:54,033] Trial 24 finished with value: 0.55 and parameters: {'var_smoothing': 2.2780337647355764e-09}. Best is trial 0 with value: 0.55.
[I 2026-04-13 13:02:54,054] Trial 25 finished with value: 0.55 and parameters: {'var_smoothing': 3.986918574074946e-09}. Best is trial 0 with value: 0.55.
[I 2026-04-13 13:02:54,084] Trial 26 finished with value: 0.55 and parameters: {'var_smoothing': 1.7707565248297843e-09}. Best is trial 0 with value: 0.55.
[I 2026-04-13 13:02:54,103] Trial 27 finished with value: 0.55 and parameters: {'var_smoothing': 6.732492847962814e-09}. Best is trial 0 with value: 0.55.
[I 2026-04-13 13:02:54,122] Trial 28 finished with value: 0.55 and parameters: {'var_smoothing': 3.8684773890893174e-10}. Best is trial 0 with value: 0.55.
[I 2026-04-13 13:02:54,138] Trial 29 finished with value: 0.55 and parameters: {'var_smoothing': 1.5480090897085013e-09}. Best is trial 0 with value: 0.55.
[I 2026-04-13 13:02:54,174] A new study created in memory with name: logreg
[I 2026-04-13 13:02:54,209] Trial 0 finished with value: 0.45 and parameters: {'C': 23.288794782471303, 'penalty': 'l2'}. Best is trial 0 with value: 0.45.
[I 2026-04-13 13:02:54,255] Trial 1 finished with value: 0.5 and parameters: {'C': 69.61507800412923, 'penalty': 'l2'}. Best is trial 1 with value: 0.5.
[I 2026-04-13 13:02:54,300] Trial 2 finished with value: 0.45 and parameters: {'C': 22.180569925473442, 'penalty': 'l2'}. Best is trial 1 with value: 0.5.
[I 2026-04-13 13:02:54,325] Trial 3 finished with value: 0.5 and parameters: {'C': 0.4511058486037652, 'penalty': 'l2'}. Best is trial 1 with value: 0.5.
[I 2026-04-13 13:02:54,351] Trial 4 finished with value: 0.55 and parameters: {'C': 0.014576110093994574, 'penalty': 'l2'}. Best is trial 4 with value: 0.55.
[I 2026-04-13 13:02:54,376] Trial 5 finished with value: 0.6 and parameters: {'C': 0.0011402340906886685, 'penalty': 'l2'}. Best is trial 5 with value: 0.6.
[I 2026-04-13 13:02:54,401] Trial 6 finished with value: 0.55 and parameters: {'C': 0.14201822862985758, 'penalty': 'l2'}. Best is trial 5 with value: 0.6.
[I 2026-04-13 13:02:54,426] Trial 7 finished with value: 0.55 and parameters: {'C': 0.1027440782219989, 'penalty': 'l2'}. Best is trial 5 with value: 0.6.
[I 2026-04-13 13:02:54,451] Trial 8 finished with value: 0.5 and parameters: {'C': 0.41055690122086846, 'penalty': 'l2'}. Best is trial 5 with value: 0.6.
[I 2026-04-13 13:02:54,476] Trial 9 finished with value: 0.55 and parameters: {'C': 0.24658064201770763, 'penalty': 'l2'}. Best is trial 5 with value: 0.6.
[I 2026-04-13 13:02:54,495] Trial 10 finished with value: 0.6 and parameters: {'C': 0.0012185133212060913, 'penalty': 'l2'}. Best is trial 5 with value: 0.6.
[I 2026-04-13 13:02:54,524] Trial 11 finished with value: 0.6 and parameters: {'C': 0.0032135556648479565, 'penalty': 'l2'}. Best is trial 5 with value: 0.6.
[I 2026-04-13 13:02:54,543] Trial 12 finished with value: 0.6 and parameters: {'C': 0.0011307777999907478, 'penalty': 'l2'}. Best is trial 5 with value: 0.6.
[I 2026-04-13 13:02:54,573] Trial 13 finished with value: 0.55 and parameters: {'C': 0.013319445701232198, 'penalty': 'l2'}. Best is trial 5 with value: 0.6.
[I 2026-04-13 13:02:54,592] Trial 14 finished with value: 0.55 and parameters: {'C': 0.00725953197060791, 'penalty': 'l2'}. Best is trial 5 with value: 0.6.
[I 2026-04-13 13:02:54,611] Trial 15 finished with value: 0.6 and parameters: {'C': 0.0012613068380274502, 'penalty': 'l2'}. Best is trial 5 with value: 0.6.
[I 2026-04-13 13:02:54,650] Trial 16 finished with value: 0.5 and parameters: {'C': 3.171033751687429, 'penalty': 'l2'}. Best is trial 5 with value: 0.6.
[I 2026-04-13 13:02:54,667] Trial 17 finished with value: 0.55 and parameters: {'C': 0.04484986573212862, 'penalty': 'l2'}. Best is trial 5 with value: 0.6.
[I 2026-04-13 13:02:54,697] Trial 18 finished with value: 0.6 and parameters: {'C': 0.004148961751488099, 'penalty': 'l2'}. Best is trial 5 with value: 0.6.
[I 2026-04-13 13:02:54,729] Trial 19 finished with value: 0.55 and parameters: {'C': 0.02546265870353495, 'penalty': 'l2'}. Best is trial 5 with value: 0.6.
[I 2026-04-13 13:02:54,771] Trial 20 finished with value: 0.5 and parameters: {'C': 1.7367296213880112, 'penalty': 'l2'}. Best is trial 5 with value: 0.6.
[I 2026-04-13 13:02:54,804] Trial 21 finished with value: 0.6 and parameters: {'C': 0.0023556643148574113, 'penalty': 'l2'}. Best is trial 5 with value: 0.6.
[I 2026-04-13 13:02:54,835] Trial 22 finished with value: 0.6 and parameters: {'C': 0.002706750155965175, 'penalty': 'l2'}. Best is trial 5 with value: 0.6.
[I 2026-04-13 13:02:54,865] Trial 23 finished with value: 0.55 and parameters: {'C': 0.005773406370664352, 'penalty': 'l2'}. Best is trial 5 with value: 0.6.
[I 2026-04-13 13:02:54,884] Trial 24 finished with value: 0.6 and parameters: {'C': 0.0010551427204264917, 'penalty': 'l2'}. Best is trial 5 with value: 0.6.
[I 2026-04-13 13:02:54,914] Trial 25 finished with value: 0.55 and parameters: {'C': 0.044132448404080364, 'penalty': 'l2'}. Best is trial 5 with value: 0.6.
[I 2026-04-13 13:02:54,943] Trial 26 finished with value: 0.6 and parameters: {'C': 0.002755186719832591, 'penalty': 'l2'}. Best is trial 5 with value: 0.6.
[I 2026-04-13 13:02:54,971] Trial 27 finished with value: 0.55 and parameters: {'C': 0.009535047305567588, 'penalty': 'l2'}. Best is trial 5 with value: 0.6.
[I 2026-04-13 13:02:54,989] Trial 28 finished with value: 0.6 and parameters: {'C': 0.0027433693346906917, 'penalty': 'l2'}. Best is trial 5 with value: 0.6.
[I 2026-04-13 13:02:55,016] Trial 29 finished with value: 0.55 and parameters: {'C': 0.024553604606629725, 'penalty': 'l2'}. Best is trial 5 with value: 0.6.
[I 2026-04-13 13:02:55,055] A new study created in memory with name: knn
[I 2026-04-13 13:02:55,069] Trial 0 finished with value: 0.6 and parameters: {'n_neighbors': 9, 'leaf_size': 40, 'p': 1}. Best is trial 0 with value: 0.6.
[I 2026-04-13 13:02:55,085] Trial 1 finished with value: 0.3 and parameters: {'n_neighbors': 4, 'leaf_size': 20, 'p': 1}. Best is trial 0 with value: 0.6.
[I 2026-04-13 13:02:55,101] Trial 2 finished with value: 0.45 and parameters: {'n_neighbors': 7, 'leaf_size': 30, 'p': 1}. Best is trial 0 with value: 0.6.
[I 2026-04-13 13:02:55,119] Trial 3 finished with value: 0.6 and parameters: {'n_neighbors': 9, 'leaf_size': 34, 'p': 1}. Best is trial 0 with value: 0.6.
[I 2026-04-13 13:02:55,134] Trial 4 finished with value: 0.45 and parameters: {'n_neighbors': 5, 'leaf_size': 40, 'p': 1}. Best is trial 0 with value: 0.6.
[I 2026-04-13 13:02:55,159] Trial 5 finished with value: 0.3 and parameters: {'n_neighbors': 3, 'leaf_size': 40, 'p': 2}. Best is trial 0 with value: 0.6.
[I 2026-04-13 13:02:55,174] Trial 6 finished with value: 0.3 and parameters: {'n_neighbors': 3, 'leaf_size': 24, 'p': 2}. Best is trial 0 with value: 0.6.
[I 2026-04-13 13:02:55,188] Trial 7 finished with value: 0.45 and parameters: {'n_neighbors': 5, 'leaf_size': 40, 'p': 2}. Best is trial 0 with value: 0.6.
[I 2026-04-13 13:02:55,202] Trial 8 finished with value: 0.45 and parameters: {'n_neighbors': 6, 'leaf_size': 36, 'p': 1}. Best is trial 0 with value: 0.6.
[I 2026-04-13 13:02:55,215] Trial 9 finished with value: 0.45 and parameters: {'n_neighbors': 6, 'leaf_size': 25, 'p': 1}. Best is trial 0 with value: 0.6.
[I 2026-04-13 13:02:55,235] Trial 10 finished with value: 0.6 and parameters: {'n_neighbors': 10, 'leaf_size': 32, 'p': 2}. Best is trial 0 with value: 0.6.
[I 2026-04-13 13:02:55,270] Trial 11 finished with value: 0.6 and parameters: {'n_neighbors': 9, 'leaf_size': 35, 'p': 1}. Best is trial 0 with value: 0.6.
[I 2026-04-13 13:02:55,292] Trial 12 finished with value: 0.45 and parameters: {'n_neighbors': 8, 'leaf_size': 35, 'p': 1}. Best is trial 0 with value: 0.6.
[I 2026-04-13 13:02:55,330] Trial 13 finished with value: 0.6 and parameters: {'n_neighbors': 10, 'leaf_size': 31, 'p': 1}. Best is trial 0 with value: 0.6.
[I 2026-04-13 13:02:55,351] Trial 14 finished with value: 0.45 and parameters: {'n_neighbors': 8, 'leaf_size': 37, 'p': 1}. Best is trial 0 with value: 0.6.
[I 2026-04-13 13:02:55,387] Trial 15 finished with value: 0.6 and parameters: {'n_neighbors': 9, 'leaf_size': 28, 'p': 1}. Best is trial 0 with value: 0.6.
[I 2026-04-13 13:02:55,406] Trial 16 finished with value: 0.45 and parameters: {'n_neighbors': 8, 'leaf_size': 34, 'p': 1}. Best is trial 0 with value: 0.6.
[I 2026-04-13 13:02:55,432] Trial 17 finished with value: 0.6 and parameters: {'n_neighbors': 9, 'leaf_size': 38, 'p': 1}. Best is trial 0 with value: 0.6.
[I 2026-04-13 13:02:55,454] Trial 18 finished with value: 0.45 and parameters: {'n_neighbors': 7, 'leaf_size': 33, 'p': 2}. Best is trial 0 with value: 0.6.
[I 2026-04-13 13:02:55,478] Trial 19 finished with value: 0.6 and parameters: {'n_neighbors': 10, 'leaf_size': 28, 'p': 1}. Best is trial 0 with value: 0.6.
[I 2026-04-13 13:02:55,502] Trial 20 finished with value: 0.6 and parameters: {'n_neighbors': 9, 'leaf_size': 38, 'p': 1}. Best is trial 0 with value: 0.6.
[I 2026-04-13 13:02:55,535] Trial 21 finished with value: 0.6 and parameters: {'n_neighbors': 10, 'leaf_size': 32, 'p': 2}. Best is trial 0 with value: 0.6.
[I 2026-04-13 13:02:55,562] Trial 22 finished with value: 0.6 and parameters: {'n_neighbors': 10, 'leaf_size': 29, 'p': 2}. Best is trial 0 with value: 0.6.
[I 2026-04-13 13:02:55,588] Trial 23 finished with value: 0.45 and parameters: {'n_neighbors': 8, 'leaf_size': 33, 'p': 2}. Best is trial 0 with value: 0.6.
[I 2026-04-13 13:02:55,615] Trial 24 finished with value: 0.6 and parameters: {'n_neighbors': 9, 'leaf_size': 26, 'p': 2}. Best is trial 0 with value: 0.6.
[I 2026-04-13 13:02:55,643] Trial 25 finished with value: 0.6 and parameters: {'n_neighbors': 10, 'leaf_size': 38, 'p': 2}. Best is trial 0 with value: 0.6.
[I 2026-04-13 13:02:55,667] Trial 26 finished with value: 0.45 and parameters: {'n_neighbors': 7, 'leaf_size': 31, 'p': 2}. Best is trial 0 with value: 0.6.
[I 2026-04-13 13:02:55,695] Trial 27 finished with value: 0.6 and parameters: {'n_neighbors': 9, 'leaf_size': 36, 'p': 1}. Best is trial 0 with value: 0.6.
[I 2026-04-13 13:02:55,719] Trial 28 finished with value: 0.45 and parameters: {'n_neighbors': 8, 'leaf_size': 22, 'p': 2}. Best is trial 0 with value: 0.6.
[I 2026-04-13 13:02:55,759] Trial 29 finished with value: 0.6 and parameters: {'n_neighbors': 10, 'leaf_size': 20, 'p': 1}. Best is trial 0 with value: 0.6.
[I 2026-04-13 13:02:55,797] A new study created in memory with name: xgb
[I 2026-04-13 13:02:55,828] Trial 0 finished with value: 0.5 and parameters: {'n_estimators': 40, 'max_depth': 5, 'gamma': 0.4874219364632415, 'subsample': 0.7011756800186824, 'colsample_bytree': 0.7613373356762848}. Best is trial 0 with value: 0.5.
[I 2026-04-13 13:02:55,863] Trial 1 finished with value: 0.5 and parameters: {'n_estimators': 40, 'max_depth': 5, 'gamma': 0.483482593428573, 'subsample': 0.6445375140090439, 'colsample_bytree': 0.9869276206002231}. Best is trial 0 with value: 0.5.
[I 2026-04-13 13:02:55,887] Trial 2 finished with value: 0.6 and parameters: {'n_estimators': 10, 'max_depth': 5, 'gamma': 0.16384856027517886, 'subsample': 0.6123849694840227, 'colsample_bytree': 0.6968174574718025}. Best is trial 2 with value: 0.6.
[I 2026-04-13 13:02:55,924] Trial 3 finished with value: 0.6 and parameters: {'n_estimators': 100, 'max_depth': 30, 'gamma': 0.7877441182293641, 'subsample': 0.9694019566553859, 'colsample_bytree': 0.6598448982335139}. Best is trial 2 with value: 0.6.
[I 2026-04-13 13:02:55,961] Trial 4 finished with value: 0.55 and parameters: {'n_estimators': 100, 'max_depth': 5, 'gamma': 0.816017102586079, 'subsample': 0.5160040782128984, 'colsample_bytree': 0.7277239110529665}. Best is trial 2 with value: 0.6.
[I 2026-04-13 13:02:55,989] Trial 5 finished with value: 0.6 and parameters: {'n_estimators': 40, 'max_depth': 20, 'gamma': 0.6643500821697236, 'subsample': 0.6076588997363731, 'colsample_bytree': 0.5754850538287481}. Best is trial 2 with value: 0.6.
[I 2026-04-13 13:02:56,036] Trial 6 finished with value: 0.6 and parameters: {'n_estimators': 100, 'max_depth': 20, 'gamma': 0.6361752212866232, 'subsample': 0.8309913561372338, 'colsample_bytree': 0.7552902276266351}. Best is trial 2 with value: 0.6.
[I 2026-04-13 13:02:56,060] Trial 7 finished with value: 0.65 and parameters: {'n_estimators': 10, 'max_depth': 5, 'gamma': 0.5767347850317142, 'subsample': 0.7995431264700696, 'colsample_bytree': 0.8604622333437917}. Best is trial 7 with value: 0.65.
[I 2026-04-13 13:02:56,098] Trial 8 finished with value: 0.5 and parameters: {'n_estimators': 100, 'max_depth': 20, 'gamma': 0.8470554948938058, 'subsample': 0.860339005739911, 'colsample_bytree': 0.9331308414408237}. Best is trial 7 with value: 0.65.
[I 2026-04-13 13:02:56,132] Trial 9 finished with value: 0.6 and parameters: {'n_estimators': 100, 'max_depth': 30, 'gamma': 0.574951454577921, 'subsample': 0.9696020680119358, 'colsample_bytree': 0.8616917074936369}. Best is trial 7 with value: 0.65.
[I 2026-04-13 13:02:56,157] Trial 10 finished with value: 0.6 and parameters: {'n_estimators': 10, 'max_depth': 5, 'gamma': 0.30418208876173225, 'subsample': 0.8136288465548298, 'colsample_bytree': 0.8699485527148361}. Best is trial 7 with value: 0.65.
[I 2026-04-13 13:02:56,194] Trial 11 finished with value: 0.5 and parameters: {'n_estimators': 10, 'max_depth': 5, 'gamma': 0.10355987298237897, 'subsample': 0.7455418713246289, 'colsample_bytree': 0.509917876213947}. Best is trial 7 with value: 0.65.
[I 2026-04-13 13:02:56,228] Trial 12 finished with value: 0.55 and parameters: {'n_estimators': 10, 'max_depth': 5, 'gamma': 0.2519869402896987, 'subsample': 0.5525928865415366, 'colsample_bytree': 0.8393900392125123}. Best is trial 7 with value: 0.65.
[I 2026-04-13 13:02:56,259] Trial 13 finished with value: 0.65 and parameters: {'n_estimators': 10, 'max_depth': 5, 'gamma': 0.9688685175442977, 'subsample': 0.6767842151326922, 'colsample_bytree': 0.6535336466745928}. Best is trial 7 with value: 0.65.
[I 2026-04-13 13:02:56,296] Trial 14 finished with value: 0.75 and parameters: {'n_estimators': 10, 'max_depth': 30, 'gamma': 0.977760586738559, 'subsample': 0.7045760942060793, 'colsample_bytree': 0.623752382668431}. Best is trial 14 with value: 0.75.
[I 2026-04-13 13:02:56,334] Trial 15 finished with value: 0.65 and parameters: {'n_estimators': 10, 'max_depth': 30, 'gamma': 0.9769457925714307, 'subsample': 0.7558835038672144, 'colsample_bytree': 0.588636158114704}. Best is trial 14 with value: 0.75.
[I 2026-04-13 13:02:56,367] Trial 16 finished with value: 0.6 and parameters: {'n_estimators': 10, 'max_depth': 30, 'gamma': 0.38350851128302643, 'subsample': 0.8769093283125031, 'colsample_bytree': 0.7946668519077189}. Best is trial 14 with value: 0.75.
[I 2026-04-13 13:02:56,390] Trial 17 finished with value: 0.55 and parameters: {'n_estimators': 10, 'max_depth': 30, 'gamma': 0.7133350354831405, 'subsample': 0.7682008623427712, 'colsample_bytree': 0.5778494740418422}. Best is trial 14 with value: 0.75.
[I 2026-04-13 13:02:56,437] Trial 18 finished with value: 0.55 and parameters: {'n_estimators': 10, 'max_depth': 30, 'gamma': 0.421371034665886, 'subsample': 0.9047934693407528, 'colsample_bytree': 0.9481083146545263}. Best is trial 14 with value: 0.75.
[I 2026-04-13 13:02:56,482] Trial 19 finished with value: 0.5 and parameters: {'n_estimators': 10, 'max_depth': 30, 'gamma': 0.8957008147497402, 'subsample': 0.713159630121432, 'colsample_bytree': 0.5068464922326346}. Best is trial 14 with value: 0.75.
[I 2026-04-13 13:02:56,529] Trial 20 finished with value: 0.6 and parameters: {'n_estimators': 40, 'max_depth': 20, 'gamma': 0.752333094525768, 'subsample': 0.8034488293556576, 'colsample_bytree': 0.6275482000846557}. Best is trial 14 with value: 0.75.
[I 2026-04-13 13:02:56,564] Trial 21 finished with value: 0.6 and parameters: {'n_estimators': 10, 'max_depth': 5, 'gamma': 0.9911281721082301, 'subsample': 0.6698264130630648, 'colsample_bytree': 0.6711117616364702}. Best is trial 14 with value: 0.75.
[I 2026-04-13 13:02:56,601] Trial 22 finished with value: 0.75 and parameters: {'n_estimators': 10, 'max_depth': 5, 'gamma': 0.9235103110930235, 'subsample': 0.7014558685214056, 'colsample_bytree': 0.6152103806809629}. Best is trial 14 with value: 0.75.
[I 2026-04-13 13:02:56,643] Trial 23 finished with value: 0.55 and parameters: {'n_estimators': 10, 'max_depth': 5, 'gamma': 0.9010243148575419, 'subsample': 0.7305785221270074, 'colsample_bytree': 0.802021951011521}. Best is trial 14 with value: 0.75.
[I 2026-04-13 13:02:56,685] Trial 24 finished with value: 0.65 and parameters: {'n_estimators': 10, 'max_depth': 5, 'gamma': 0.8761091716659763, 'subsample': 0.6134220700607393, 'colsample_bytree': 0.6137834091021892}. Best is trial 14 with value: 0.75.
[I 2026-04-13 13:02:56,727] Trial 25 finished with value: 0.6 and parameters: {'n_estimators': 10, 'max_depth': 30, 'gamma': 0.5849242699354451, 'subsample': 0.7851122335405183, 'colsample_bytree': 0.719770873081153}. Best is trial 14 with value: 0.75.
[I 2026-04-13 13:02:56,766] Trial 26 finished with value: 0.55 and parameters: {'n_estimators': 10, 'max_depth': 5, 'gamma': 0.7019451614897045, 'subsample': 0.9167062322225039, 'colsample_bytree': 0.8934640287334401}. Best is trial 14 with value: 0.75.
[I 2026-04-13 13:02:56,804] Trial 27 finished with value: 0.6 and parameters: {'n_estimators': 10, 'max_depth': 5, 'gamma': 0.9277441612413637, 'subsample': 0.6915964762716305, 'colsample_bytree': 0.5520643688967705}. Best is trial 14 with value: 0.75.
[I 2026-04-13 13:02:56,843] Trial 28 finished with value: 0.6 and parameters: {'n_estimators': 40, 'max_depth': 20, 'gamma': 0.8077805573595691, 'subsample': 0.6490661148333166, 'colsample_bytree': 0.5440677470080225}. Best is trial 14 with value: 0.75.
[I 2026-04-13 13:02:56,878] Trial 29 finished with value: 0.65 and parameters: {'n_estimators': 10, 'max_depth': 30, 'gamma': 0.49968468111656317, 'subsample': 0.7179962640088788, 'colsample_bytree': 0.7911111832788572}. Best is trial 14 with value: 0.75.
[I 2026-04-13 13:02:56,972] A new study created in memory with name: rf
[I 2026-04-13 13:02:57,520] Trial 0 finished with value: 0.45 and parameters: {'n_estimators': 450, 'max_depth': 20, 'min_samples_split': 9, 'min_samples_leaf': 6}. Best is trial 0 with value: 0.45.
[I 2026-04-13 13:02:57,779] Trial 1 finished with value: 0.5 and parameters: {'n_estimators': 193, 'max_depth': 3, 'min_samples_split': 5, 'min_samples_leaf': 5}. Best is trial 1 with value: 0.5.
[I 2026-04-13 13:02:58,157] Trial 2 finished with value: 0.45 and parameters: {'n_estimators': 309, 'max_depth': 11, 'min_samples_split': 6, 'min_samples_leaf': 6}. Best is trial 1 with value: 0.5.
[I 2026-04-13 13:02:58,654] Trial 3 finished with value: 0.45 and parameters: {'n_estimators': 405, 'max_depth': 15, 'min_samples_split': 7, 'min_samples_leaf': 5}. Best is trial 1 with value: 0.5.
[I 2026-04-13 13:02:58,911] Trial 4 finished with value: 0.45 and parameters: {'n_estimators': 215, 'max_depth': 20, 'min_samples_split': 5, 'min_samples_leaf': 3}. Best is trial 1 with value: 0.5.
[I 2026-04-13 13:02:59,088] Trial 5 finished with value: 0.4 and parameters: {'n_estimators': 126, 'max_depth': 20, 'min_samples_split': 3, 'min_samples_leaf': 4}. Best is trial 1 with value: 0.5.
[I 2026-04-13 13:02:59,274] Trial 6 finished with value: 0.5 and parameters: {'n_estimators': 128, 'max_depth': 7, 'min_samples_split': 5, 'min_samples_leaf': 9}. Best is trial 1 with value: 0.5.
[I 2026-04-13 13:02:59,614] Trial 7 finished with value: 0.5 and parameters: {'n_estimators': 238, 'max_depth': 20, 'min_samples_split': 2, 'min_samples_leaf': 4}. Best is trial 1 with value: 0.5.
[I 2026-04-13 13:02:59,965] Trial 8 finished with value: 0.5 and parameters: {'n_estimators': 252, 'max_depth': 16, 'min_samples_split': 10, 'min_samples_leaf': 4}. Best is trial 1 with value: 0.5.
[I 2026-04-13 13:03:00,329] Trial 9 finished with value: 0.5 and parameters: {'n_estimators': 273, 'max_depth': 7, 'min_samples_split': 9, 'min_samples_leaf': 7}. Best is trial 1 with value: 0.5.
[I 2026-04-13 13:03:00,824] Trial 10 finished with value: 0.4 and parameters: {'n_estimators': 340, 'max_depth': 4, 'min_samples_split': 4, 'min_samples_leaf': 1}. Best is trial 1 with value: 0.5.
[I 2026-04-13 13:03:01,077] Trial 11 finished with value: 0.5 and parameters: {'n_estimators': 120, 'max_depth': 3, 'min_samples_split': 7, 'min_samples_leaf': 10}. Best is trial 1 with value: 0.5.
[I 2026-04-13 13:03:01,331] Trial 12 finished with value: 0.5 and parameters: {'n_estimators': 170, 'max_depth': 7, 'min_samples_split': 5, 'min_samples_leaf': 9}. Best is trial 1 with value: 0.5.
