[I 2026-04-13 12:52:57,867] Trial 15 finished with value: 0.5 and parameters: {'hidden_layer_sizes': (100,), 'max_iter': 100, 'alpha': 0.0001}. Best is trial 1 with value: 0.5.
[I 2026-04-13 12:52:57,954] Trial 16 finished with value: 0.5 and parameters: {'hidden_layer_sizes': (100, 100), 'max_iter': 100, 'alpha': 0.0001}. Best is trial 1 with value: 0.5.
[I 2026-04-13 12:52:58,020] Trial 17 finished with value: 0.5 and parameters: {'hidden_layer_sizes': (100,), 'max_iter': 100, 'alpha': 0.001}. Best is trial 1 with value: 0.5.
[I 2026-04-13 12:52:58,060] Trial 18 finished with value: 0.5 and parameters: {'hidden_layer_sizes': (100,), 'max_iter': 50, 'alpha': 0.0001}. Best is trial 1 with value: 0.5.
[I 2026-04-13 12:52:58,137] Trial 19 finished with value: 0.45 and parameters: {'hidden_layer_sizes': (100, 100), 'max_iter': 100, 'alpha': 0.001}. Best is trial 1 with value: 0.5.
[I 2026-04-13 12:52:58,196] Trial 20 finished with value: 0.5 and parameters: {'hidden_layer_sizes': (100,), 'max_iter': 100, 'alpha': 0.001}. Best is trial 1 with value: 0.5.
[I 2026-04-13 12:52:58,242] Trial 21 finished with value: 0.5 and parameters: {'hidden_layer_sizes': (200,), 'max_iter': 50, 'alpha': 0.001}. Best is trial 1 with value: 0.5.
[I 2026-04-13 12:52:58,298] Trial 22 finished with value: 0.5 and parameters: {'hidden_layer_sizes': (200,), 'max_iter': 50, 'alpha': 0.001}. Best is trial 1 with value: 0.5.
[I 2026-04-13 12:52:58,347] Trial 23 finished with value: 0.5 and parameters: {'hidden_layer_sizes': (200,), 'max_iter': 50, 'alpha': 0.001}. Best is trial 1 with value: 0.5.
[I 2026-04-13 12:52:58,394] Trial 24 finished with value: 0.5 and parameters: {'hidden_layer_sizes': (200,), 'max_iter': 50, 'alpha': 0.001}. Best is trial 1 with value: 0.5.
[I 2026-04-13 12:52:58,450] Trial 25 finished with value: 0.5 and parameters: {'hidden_layer_sizes': (200,), 'max_iter': 50, 'alpha': 0.001}. Best is trial 1 with value: 0.5.
[I 2026-04-13 12:52:58,487] Trial 26 finished with value: 0.5 and parameters: {'hidden_layer_sizes': (100,), 'max_iter': 50, 'alpha': 0.0001}. Best is trial 1 with value: 0.5.
[I 2026-04-13 12:52:58,574] Trial 27 finished with value: 0.5 and parameters: {'hidden_layer_sizes': (200,), 'max_iter': 100, 'alpha': 0.001}. Best is trial 1 with value: 0.5.
[I 2026-04-13 12:52:58,639] Trial 28 finished with value: 0.5 and parameters: {'hidden_layer_sizes': (100, 100), 'max_iter': 50, 'alpha': 0.0001}. Best is trial 1 with value: 0.5.
[I 2026-04-13 12:52:58,684] Trial 29 finished with value: 0.5 and parameters: {'hidden_layer_sizes': (100,), 'max_iter': 50, 'alpha': 0.001}. Best is trial 1 with value: 0.5.
[I 2026-04-13 12:52:59,969] A new study created in memory with name: naive_bayes
[I 2026-04-13 12:52:59,983] Trial 0 finished with value: 0.45 and parameters: {'var_smoothing': 2.7796258518939306e-10}. Best is trial 0 with value: 0.45.
[I 2026-04-13 12:52:59,996] Trial 1 finished with value: 0.45 and parameters: {'var_smoothing': 5.513972710118387e-09}. Best is trial 0 with value: 0.45.
[I 2026-04-13 12:53:00,009] Trial 2 finished with value: 0.45 and parameters: {'var_smoothing': 2.590826381512706e-10}. Best is trial 0 with value: 0.45.
[I 2026-04-13 12:53:00,021] Trial 3 finished with value: 0.45 and parameters: {'var_smoothing': 6.874194498027403e-09}. Best is trial 0 with value: 0.45.
[I 2026-04-13 12:53:00,034] Trial 4 finished with value: 0.45 and parameters: {'var_smoothing': 9.480306482679771e-10}. Best is trial 0 with value: 0.45.
[I 2026-04-13 12:53:00,046] Trial 5 finished with value: 0.45 and parameters: {'var_smoothing': 1.6729683536668864e-09}. Best is trial 0 with value: 0.45.
[I 2026-04-13 12:53:00,059] Trial 6 finished with value: 0.45 and parameters: {'var_smoothing': 3.402637726935598e-09}. Best is trial 0 with value: 0.45.
[I 2026-04-13 12:53:00,071] Trial 7 finished with value: 0.45 and parameters: {'var_smoothing': 1.0885189040847657e-09}. Best is trial 0 with value: 0.45.
[I 2026-04-13 12:53:00,084] Trial 8 finished with value: 0.45 and parameters: {'var_smoothing': 3.922843686541149e-10}. Best is trial 0 with value: 0.45.
[I 2026-04-13 12:53:00,097] Trial 9 finished with value: 0.45 and parameters: {'var_smoothing': 2.3737908819373785e-10}. Best is trial 0 with value: 0.45.
[I 2026-04-13 12:53:00,115] Trial 10 finished with value: 0.45 and parameters: {'var_smoothing': 1.005826617097841e-10}. Best is trial 0 with value: 0.45.
[I 2026-04-13 12:53:00,131] Trial 11 finished with value: 0.45 and parameters: {'var_smoothing': 8.246040091550826e-09}. Best is trial 0 with value: 0.45.
[I 2026-04-13 12:53:00,147] Trial 12 finished with value: 0.45 and parameters: {'var_smoothing': 5.714429769091136e-10}. Best is trial 0 with value: 0.45.
[I 2026-04-13 12:53:00,162] Trial 13 finished with value: 0.45 and parameters: {'var_smoothing': 3.0046394488828834e-09}. Best is trial 0 with value: 0.45.
[I 2026-04-13 12:53:00,180] Trial 14 finished with value: 0.45 and parameters: {'var_smoothing': 1.0161521526134228e-10}. Best is trial 0 with value: 0.45.
[I 2026-04-13 12:53:00,196] Trial 15 finished with value: 0.45 and parameters: {'var_smoothing': 3.455011319435438e-09}. Best is trial 0 with value: 0.45.
[I 2026-04-13 12:53:00,213] Trial 16 finished with value: 0.45 and parameters: {'var_smoothing': 2.2038800241203009e-10}. Best is trial 0 with value: 0.45.
[I 2026-04-13 12:53:00,230] Trial 17 finished with value: 0.45 and parameters: {'var_smoothing': 1.8515987176145925e-09}. Best is trial 0 with value: 0.45.
[I 2026-04-13 12:53:00,247] Trial 18 finished with value: 0.45 and parameters: {'var_smoothing': 5.024285700153026e-10}. Best is trial 0 with value: 0.45.
[I 2026-04-13 12:53:00,264] Trial 19 finished with value: 0.45 and parameters: {'var_smoothing': 4.958025424412893e-09}. Best is trial 0 with value: 0.45.
[I 2026-04-13 12:53:00,281] Trial 20 finished with value: 0.45 and parameters: {'var_smoothing': 8.344000526157384e-10}. Best is trial 0 with value: 0.45.
[I 2026-04-13 12:53:00,297] Trial 21 finished with value: 0.45 and parameters: {'var_smoothing': 2.46080689865309e-10}. Best is trial 0 with value: 0.45.
[I 2026-04-13 12:53:00,314] Trial 22 finished with value: 0.45 and parameters: {'var_smoothing': 1.4445108350594728e-10}. Best is trial 0 with value: 0.45.
[I 2026-04-13 12:53:00,332] Trial 23 finished with value: 0.45 and parameters: {'var_smoothing': 3.3715577896606737e-10}. Best is trial 0 with value: 0.45.
[I 2026-04-13 12:53:00,349] Trial 24 finished with value: 0.45 and parameters: {'var_smoothing': 1.572466431855027e-10}. Best is trial 0 with value: 0.45.
[I 2026-04-13 12:53:00,366] Trial 25 finished with value: 0.45 and parameters: {'var_smoothing': 7.281746293576245e-10}. Best is trial 0 with value: 0.45.
[I 2026-04-13 12:53:00,383] Trial 26 finished with value: 0.45 and parameters: {'var_smoothing': 3.386254640873244e-10}. Best is trial 0 with value: 0.45.
[I 2026-04-13 12:53:00,400] Trial 27 finished with value: 0.45 and parameters: {'var_smoothing': 1.3918180959975328e-09}. Best is trial 0 with value: 0.45.
[I 2026-04-13 12:53:00,428] Trial 28 finished with value: 0.45 and parameters: {'var_smoothing': 2.3715836084533434e-09}. Best is trial 0 with value: 0.45.
[I 2026-04-13 12:53:00,446] Trial 29 finished with value: 0.45 and parameters: {'var_smoothing': 9.477075781575649e-09}. Best is trial 0 with value: 0.45.
[I 2026-04-13 12:53:00,478] A new study created in memory with name: logreg
[I 2026-04-13 12:53:00,502] Trial 0 finished with value: 0.5 and parameters: {'C': 0.012881482725481003, 'penalty': 'l2'}. Best is trial 0 with value: 0.5.
[I 2026-04-13 12:53:00,567] Trial 1 finished with value: 0.4 and parameters: {'C': 22.576755560681583, 'penalty': 'l2'}. Best is trial 0 with value: 0.5.
[I 2026-04-13 12:53:00,593] Trial 2 finished with value: 0.5 and parameters: {'C': 0.010804278656839932, 'penalty': 'l2'}. Best is trial 0 with value: 0.5.
[I 2026-04-13 12:53:00,657] Trial 3 finished with value: 0.4 and parameters: {'C': 39.17910760336117, 'penalty': 'l2'}. Best is trial 0 with value: 0.5.
[I 2026-04-13 12:53:00,682] Trial 4 finished with value: 0.45 and parameters: {'C': 0.2767298094062571, 'penalty': 'l2'}. Best is trial 0 with value: 0.5.
[I 2026-04-13 12:53:00,707] Trial 5 finished with value: 0.4 and parameters: {'C': 1.1447728330837224, 'penalty': 'l2'}. Best is trial 0 with value: 0.5.
[I 2026-04-13 12:53:00,752] Trial 6 finished with value: 0.4 and parameters: {'C': 6.753661388238877, 'penalty': 'l2'}. Best is trial 0 with value: 0.5.
[I 2026-04-13 12:53:00,794] Trial 7 finished with value: 0.45 and parameters: {'C': 0.39092184460352974, 'penalty': 'l2'}. Best is trial 0 with value: 0.5.
[I 2026-04-13 12:53:00,819] Trial 8 finished with value: 0.5 and parameters: {'C': 0.03047912590082646, 'penalty': 'l2'}. Best is trial 0 with value: 0.5.
[I 2026-04-13 12:53:00,838] Trial 9 finished with value: 0.5 and parameters: {'C': 0.008681727362499118, 'penalty': 'l2'}. Best is trial 0 with value: 0.5.
[I 2026-04-13 12:53:00,856] Trial 10 finished with value: 0.6 and parameters: {'C': 0.0010146302597657177, 'penalty': 'l2'}. Best is trial 10 with value: 0.6.
[I 2026-04-13 12:53:00,886] Trial 11 finished with value: 0.6 and parameters: {'C': 0.0011115836709684572, 'penalty': 'l2'}. Best is trial 10 with value: 0.6.
[I 2026-04-13 12:53:00,915] Trial 12 finished with value: 0.6 and parameters: {'C': 0.001243356254442617, 'penalty': 'l2'}. Best is trial 10 with value: 0.6.
[I 2026-04-13 12:53:00,944] Trial 13 finished with value: 0.6 and parameters: {'C': 0.0016302790525623311, 'penalty': 'l2'}. Best is trial 10 with value: 0.6.
[I 2026-04-13 12:53:00,971] Trial 14 finished with value: 0.6 and parameters: {'C': 0.001002638109973618, 'penalty': 'l2'}. Best is trial 10 with value: 0.6.
[I 2026-04-13 12:53:01,000] Trial 15 finished with value: 0.5 and parameters: {'C': 0.08438830622291982, 'penalty': 'l2'}. Best is trial 10 with value: 0.6.
[I 2026-04-13 12:53:01,027] Trial 16 finished with value: 0.6 and parameters: {'C': 0.0035823185600286542, 'penalty': 'l2'}. Best is trial 10 with value: 0.6.
[I 2026-04-13 12:53:01,055] Trial 17 finished with value: 0.5 and parameters: {'C': 0.0539882537577037, 'penalty': 'l2'}. Best is trial 10 with value: 0.6.
[I 2026-04-13 12:53:01,082] Trial 18 finished with value: 0.55 and parameters: {'C': 0.004842952701647796, 'penalty': 'l2'}. Best is trial 10 with value: 0.6.
[I 2026-04-13 12:53:01,114] Trial 19 finished with value: 0.4 and parameters: {'C': 1.5764099874493993, 'penalty': 'l2'}. Best is trial 10 with value: 0.6.
[I 2026-04-13 12:53:01,145] Trial 20 finished with value: 0.5 and parameters: {'C': 0.028507283812150664, 'penalty': 'l2'}. Best is trial 10 with value: 0.6.
[I 2026-04-13 12:53:01,181] Trial 21 finished with value: 0.6 and parameters: {'C': 0.00249886844093013, 'penalty': 'l2'}. Best is trial 10 with value: 0.6.
[I 2026-04-13 12:53:01,211] Trial 22 finished with value: 0.6 and parameters: {'C': 0.0014078519928444968, 'penalty': 'l2'}. Best is trial 10 with value: 0.6.
[I 2026-04-13 12:53:01,240] Trial 23 finished with value: 0.55 and parameters: {'C': 0.004694194040514273, 'penalty': 'l2'}. Best is trial 10 with value: 0.6.
[I 2026-04-13 12:53:01,259] Trial 24 finished with value: 0.6 and parameters: {'C': 0.001024249875220135, 'penalty': 'l2'}. Best is trial 10 with value: 0.6.
[I 2026-04-13 12:53:01,287] Trial 25 finished with value: 0.6 and parameters: {'C': 0.003505047209541011, 'penalty': 'l2'}. Best is trial 10 with value: 0.6.
[I 2026-04-13 12:53:01,316] Trial 26 finished with value: 0.5 and parameters: {'C': 0.0179242234661087, 'penalty': 'l2'}. Best is trial 10 with value: 0.6.
[I 2026-04-13 12:53:01,345] Trial 27 finished with value: 0.5 and parameters: {'C': 0.1052680256059867, 'penalty': 'l2'}. Best is trial 10 with value: 0.6.
[I 2026-04-13 12:53:01,374] Trial 28 finished with value: 0.55 and parameters: {'C': 0.006655313138849826, 'penalty': 'l2'}. Best is trial 10 with value: 0.6.
[I 2026-04-13 12:53:01,403] Trial 29 finished with value: 0.6 and parameters: {'C': 0.0021771844212378987, 'penalty': 'l2'}. Best is trial 10 with value: 0.6.
[I 2026-04-13 12:53:01,494] A new study created in memory with name: knn
[I 2026-04-13 12:53:01,518] Trial 0 finished with value: 0.3 and parameters: {'n_neighbors': 4, 'leaf_size': 38, 'p': 2}. Best is trial 0 with value: 0.3.
[I 2026-04-13 12:53:01,542] Trial 1 finished with value: 0.35 and parameters: {'n_neighbors': 6, 'leaf_size': 32, 'p': 1}. Best is trial 1 with value: 0.35.
[I 2026-04-13 12:53:01,568] Trial 2 finished with value: 0.35 and parameters: {'n_neighbors': 5, 'leaf_size': 23, 'p': 2}. Best is trial 1 with value: 0.35.
[I 2026-04-13 12:53:01,583] Trial 3 finished with value: 0.35 and parameters: {'n_neighbors': 6, 'leaf_size': 23, 'p': 1}. Best is trial 1 with value: 0.35.
[I 2026-04-13 12:53:01,597] Trial 4 finished with value: 0.35 and parameters: {'n_neighbors': 6, 'leaf_size': 26, 'p': 1}. Best is trial 1 with value: 0.35.
[I 2026-04-13 12:53:01,610] Trial 5 finished with value: 0.4 and parameters: {'n_neighbors': 7, 'leaf_size': 25, 'p': 1}. Best is trial 5 with value: 0.4.
[I 2026-04-13 12:53:01,624] Trial 6 finished with value: 0.35 and parameters: {'n_neighbors': 5, 'leaf_size': 23, 'p': 2}. Best is trial 5 with value: 0.4.
[I 2026-04-13 12:53:01,637] Trial 7 finished with value: 0.45 and parameters: {'n_neighbors': 10, 'leaf_size': 23, 'p': 2}. Best is trial 7 with value: 0.45.
[I 2026-04-13 12:53:01,650] Trial 8 finished with value: 0.4 and parameters: {'n_neighbors': 8, 'leaf_size': 36, 'p': 2}. Best is trial 7 with value: 0.45.
[I 2026-04-13 12:53:01,675] Trial 9 finished with value: 0.25 and parameters: {'n_neighbors': 3, 'leaf_size': 30, 'p': 2}. Best is trial 7 with value: 0.45.
[I 2026-04-13 12:53:01,720] Trial 10 finished with value: 0.45 and parameters: {'n_neighbors': 10, 'leaf_size': 20, 'p': 2}. Best is trial 7 with value: 0.45.
[I 2026-04-13 12:53:01,772] Trial 11 finished with value: 0.45 and parameters: {'n_neighbors': 10, 'leaf_size': 20, 'p': 2}. Best is trial 7 with value: 0.45.
[I 2026-04-13 12:53:01,806] Trial 12 finished with value: 0.45 and parameters: {'n_neighbors': 10, 'leaf_size': 28, 'p': 2}. Best is trial 7 with value: 0.45.
[I 2026-04-13 12:53:01,844] Trial 13 finished with value: 0.45 and parameters: {'n_neighbors': 9, 'leaf_size': 20, 'p': 2}. Best is trial 7 with value: 0.45.
[I 2026-04-13 12:53:01,874] Trial 14 finished with value: 0.45 and parameters: {'n_neighbors': 9, 'leaf_size': 21, 'p': 2}. Best is trial 7 with value: 0.45.
[I 2026-04-13 12:53:01,897] Trial 15 finished with value: 0.4 and parameters: {'n_neighbors': 8, 'leaf_size': 33, 'p': 2}. Best is trial 7 with value: 0.45.
[I 2026-04-13 12:53:01,924] Trial 16 finished with value: 0.45 and parameters: {'n_neighbors': 10, 'leaf_size': 27, 'p': 2}. Best is trial 7 with value: 0.45.
[I 2026-04-13 12:53:01,957] Trial 17 finished with value: 0.45 and parameters: {'n_neighbors': 9, 'leaf_size': 24, 'p': 2}. Best is trial 7 with value: 0.45.
[I 2026-04-13 12:53:01,984] Trial 18 finished with value: 0.35 and parameters: {'n_neighbors': 8, 'leaf_size': 29, 'p': 1}. Best is trial 7 with value: 0.45.
[I 2026-04-13 12:53:02,018] Trial 19 finished with value: 0.45 and parameters: {'n_neighbors': 10, 'leaf_size': 21, 'p': 2}. Best is trial 7 with value: 0.45.
[I 2026-04-13 12:53:02,055] Trial 20 finished with value: 0.4 and parameters: {'n_neighbors': 7, 'leaf_size': 40, 'p': 2}. Best is trial 7 with value: 0.45.
[I 2026-04-13 12:53:02,103] Trial 21 finished with value: 0.45 and parameters: {'n_neighbors': 10, 'leaf_size': 20, 'p': 2}. Best is trial 7 with value: 0.45.
[I 2026-04-13 12:53:02,134] Trial 22 finished with value: 0.45 and parameters: {'n_neighbors': 9, 'leaf_size': 22, 'p': 2}. Best is trial 7 with value: 0.45.
[I 2026-04-13 12:53:02,176] Trial 23 finished with value: 0.45 and parameters: {'n_neighbors': 10, 'leaf_size': 20, 'p': 2}. Best is trial 7 with value: 0.45.
[I 2026-04-13 12:53:02,205] Trial 24 finished with value: 0.45 and parameters: {'n_neighbors': 9, 'leaf_size': 25, 'p': 2}. Best is trial 7 with value: 0.45.
[I 2026-04-13 12:53:02,244] Trial 25 finished with value: 0.4 and parameters: {'n_neighbors': 8, 'leaf_size': 22, 'p': 2}. Best is trial 7 with value: 0.45.
[I 2026-04-13 12:53:02,298] Trial 26 finished with value: 0.5 and parameters: {'n_neighbors': 10, 'leaf_size': 25, 'p': 1}. Best is trial 26 with value: 0.5.
[I 2026-04-13 12:53:02,335] Trial 27 finished with value: 0.5 and parameters: {'n_neighbors': 9, 'leaf_size': 26, 'p': 1}. Best is trial 26 with value: 0.5.
[I 2026-04-13 12:53:02,359] Trial 28 finished with value: 0.5 and parameters: {'n_neighbors': 9, 'leaf_size': 31, 'p': 1}. Best is trial 26 with value: 0.5.
[I 2026-04-13 12:53:02,407] Trial 29 finished with value: 0.4 and parameters: {'n_neighbors': 7, 'leaf_size': 34, 'p': 1}. Best is trial 26 with value: 0.5.
[I 2026-04-13 12:53:03,355] A new study created in memory with name: xgb
[I 2026-04-13 12:53:03,413] Trial 0 finished with value: 0.35 and parameters: {'n_estimators': 40, 'max_depth': 5, 'gamma': 0.789317070832284, 'subsample': 0.7592089939364717, 'colsample_bytree': 0.648400250788111}. Best is trial 0 with value: 0.35.
[I 2026-04-13 12:53:03,464] Trial 1 finished with value: 0.2 and parameters: {'n_estimators': 100, 'max_depth': 30, 'gamma': 0.34667781579300216, 'subsample': 0.7071175095405257, 'colsample_bytree': 0.6480399663668239}. Best is trial 0 with value: 0.35.
[I 2026-04-13 12:53:03,501] Trial 2 finished with value: 0.3 and parameters: {'n_estimators': 10, 'max_depth': 20, 'gamma': 0.3948075529198607, 'subsample': 0.5720821503267102, 'colsample_bytree': 0.5828064306006338}. Best is trial 0 with value: 0.35.
[I 2026-04-13 12:53:03,528] Trial 3 finished with value: 0.3 and parameters: {'n_estimators': 10, 'max_depth': 30, 'gamma': 0.8015631269999768, 'subsample': 0.5114665462195407, 'colsample_bytree': 0.788831429064878}. Best is trial 0 with value: 0.35.
[I 2026-04-13 12:53:03,605] Trial 4 finished with value: 0.3 and parameters: {'n_estimators': 100, 'max_depth': 5, 'gamma': 0.8834347783013348, 'subsample': 0.961374806972835, 'colsample_bytree': 0.5011071062662218}. Best is trial 0 with value: 0.35.
[I 2026-04-13 12:53:03,643] Trial 5 finished with value: 0.4 and parameters: {'n_estimators': 40, 'max_depth': 5, 'gamma': 0.5364379674896123, 'subsample': 0.5145557818363589, 'colsample_bytree': 0.5432628442011025}. Best is trial 5 with value: 0.4.
[I 2026-04-13 12:53:03,710] Trial 6 finished with value: 0.25 and parameters: {'n_estimators': 100, 'max_depth': 20, 'gamma': 0.6718205850237038, 'subsample': 0.9059511955902053, 'colsample_bytree': 0.9633413076219371}. Best is trial 5 with value: 0.4.
[I 2026-04-13 12:53:03,747] Trial 7 finished with value: 0.3 and parameters: {'n_estimators': 10, 'max_depth': 30, 'gamma': 0.8165284487704038, 'subsample': 0.5255714015506736, 'colsample_bytree': 0.594333867896554}. Best is trial 5 with value: 0.4.
[I 2026-04-13 12:53:03,835] Trial 8 finished with value: 0.2 and parameters: {'n_estimators': 100, 'max_depth': 20, 'gamma': 0.6251497693480509, 'subsample': 0.9696496759824258, 'colsample_bytree': 0.9717700410079397}. Best is trial 5 with value: 0.4.
[I 2026-04-13 12:53:03,892] Trial 9 finished with value: 0.4 and parameters: {'n_estimators': 40, 'max_depth': 30, 'gamma': 0.9649927737686168, 'subsample': 0.6857563076640036, 'colsample_bytree': 0.5061847058001788}. Best is trial 5 with value: 0.4.
[I 2026-04-13 12:53:03,942] Trial 10 finished with value: 0.2 and parameters: {'n_estimators': 40, 'max_depth': 5, 'gamma': 0.17962098877423716, 'subsample': 0.8185311023645913, 'colsample_bytree': 0.7898330861721071}. Best is trial 5 with value: 0.4.
[I 2026-04-13 12:53:03,998] Trial 11 finished with value: 0.3 and parameters: {'n_estimators': 40, 'max_depth': 5, 'gamma': 0.9966856929320722, 'subsample': 0.6388052294316233, 'colsample_bytree': 0.5021847705422506}. Best is trial 5 with value: 0.4.
[I 2026-04-13 12:53:04,050] Trial 12 finished with value: 0.35 and parameters: {'n_estimators': 40, 'max_depth': 30, 'gamma': 0.5116289352218417, 'subsample': 0.6253860318266441, 'colsample_bytree': 0.7136404265878388}. Best is trial 5 with value: 0.4.
[I 2026-04-13 12:53:04,105] Trial 13 finished with value: 0.4 and parameters: {'n_estimators': 40, 'max_depth': 5, 'gamma': 0.4823949895274871, 'subsample': 0.6914764184687943, 'colsample_bytree': 0.5633494571332385}. Best is trial 5 with value: 0.4.
[I 2026-04-13 12:53:04,187] Trial 14 finished with value: 0.3 and parameters: {'n_estimators': 40, 'max_depth': 30, 'gamma': 0.2409007967230276, 'subsample': 0.8339385599937711, 'colsample_bytree': 0.7108095310163784}. Best is trial 5 with value: 0.4.
[I 2026-04-13 12:53:04,244] Trial 15 finished with value: 0.35 and parameters: {'n_estimators': 40, 'max_depth': 30, 'gamma': 0.670711252151263, 'subsample': 0.5923535852325791, 'colsample_bytree': 0.8677248905165004}. Best is trial 5 with value: 0.4.
[I 2026-04-13 12:53:04,314] Trial 16 finished with value: 0.4 and parameters: {'n_estimators': 40, 'max_depth': 5, 'gamma': 0.9715099689650899, 'subsample': 0.686230256929436, 'colsample_bytree': 0.5486770202259371}. Best is trial 5 with value: 0.4.
[I 2026-04-13 12:53:04,429] Trial 17 finished with value: 0.4 and parameters: {'n_estimators': 40, 'max_depth': 30, 'gamma': 0.5796159340497212, 'subsample': 0.7540873921625594, 'colsample_bytree': 0.6451797124584713}. Best is trial 5 with value: 0.4.
[I 2026-04-13 12:53:04,482] Trial 18 finished with value: 0.35 and parameters: {'n_estimators': 40, 'max_depth': 5, 'gamma': 0.39620451495367137, 'subsample': 0.5576407614342993, 'colsample_bytree': 0.6162523202244207}. Best is trial 5 with value: 0.4.
