[I 2026-04-13 12:55:54,816] Trial 28 finished with value: 0.9 and parameters: {'n_estimators': 454, 'max_depth': 16, 'min_samples_split': 7, 'min_samples_leaf': 1}. Best is trial 0 with value: 0.9.
[I 2026-04-13 12:55:55,537] Trial 29 finished with value: 0.85 and parameters: {'n_estimators': 500, 'max_depth': 14, 'min_samples_split': 4, 'min_samples_leaf': 3}. Best is trial 0 with value: 0.9.
[I 2026-04-13 12:55:56,710] A new study created in memory with name: mlp
[I 2026-04-13 12:55:56,774] Trial 0 finished with value: 0.9 and parameters: {'hidden_layer_sizes': (100,), 'max_iter': 100, 'alpha': 0.0001}. Best is trial 0 with value: 0.9.
[I 2026-04-13 12:55:56,865] Trial 1 finished with value: 0.9 and parameters: {'hidden_layer_sizes': (100, 100), 'max_iter': 100, 'alpha': 0.001}. Best is trial 0 with value: 0.9.
[I 2026-04-13 12:55:56,950] Trial 2 finished with value: 0.9 and parameters: {'hidden_layer_sizes': (200,), 'max_iter': 100, 'alpha': 0.0001}. Best is trial 0 with value: 0.9.
[I 2026-04-13 12:55:56,985] Trial 3 finished with value: 0.9 and parameters: {'hidden_layer_sizes': (200,), 'max_iter': 50, 'alpha': 0.001}. Best is trial 0 with value: 0.9.
[I 2026-04-13 12:55:57,048] Trial 4 finished with value: 0.9 and parameters: {'hidden_layer_sizes': (100, 100), 'max_iter': 50, 'alpha': 0.0001}. Best is trial 0 with value: 0.9.
[I 2026-04-13 12:55:57,123] Trial 5 finished with value: 0.9 and parameters: {'hidden_layer_sizes': (200,), 'max_iter': 100, 'alpha': 0.0001}. Best is trial 0 with value: 0.9.
[I 2026-04-13 12:55:57,203] Trial 6 finished with value: 0.9 and parameters: {'hidden_layer_sizes': (200,), 'max_iter': 100, 'alpha': 0.001}. Best is trial 0 with value: 0.9.
[I 2026-04-13 12:55:57,257] Trial 7 finished with value: 0.9 and parameters: {'hidden_layer_sizes': (100,), 'max_iter': 100, 'alpha': 0.001}. Best is trial 0 with value: 0.9.
[I 2026-04-13 12:55:57,343] Trial 8 finished with value: 0.9 and parameters: {'hidden_layer_sizes': (100, 100), 'max_iter': 100, 'alpha': 0.0001}. Best is trial 0 with value: 0.9.
[I 2026-04-13 12:55:57,419] Trial 9 finished with value: 0.9 and parameters: {'hidden_layer_sizes': (200,), 'max_iter': 100, 'alpha': 0.0001}. Best is trial 0 with value: 0.9.
[I 2026-04-13 12:55:57,454] Trial 10 finished with value: 0.85 and parameters: {'hidden_layer_sizes': (100,), 'max_iter': 50, 'alpha': 0.0001}. Best is trial 0 with value: 0.9.
[I 2026-04-13 12:55:57,521] Trial 11 finished with value: 0.9 and parameters: {'hidden_layer_sizes': (100,), 'max_iter': 100, 'alpha': 0.001}. Best is trial 0 with value: 0.9.
[I 2026-04-13 12:55:57,607] Trial 12 finished with value: 0.9 and parameters: {'hidden_layer_sizes': (100, 100), 'max_iter': 100, 'alpha': 0.001}. Best is trial 0 with value: 0.9.
[I 2026-04-13 12:55:57,684] Trial 13 finished with value: 0.9 and parameters: {'hidden_layer_sizes': (100,), 'max_iter': 100, 'alpha': 0.001}. Best is trial 0 with value: 0.9.
[I 2026-04-13 12:55:57,744] Trial 14 finished with value: 0.9 and parameters: {'hidden_layer_sizes': (100, 100), 'max_iter': 50, 'alpha': 0.0001}. Best is trial 0 with value: 0.9.
[I 2026-04-13 12:55:57,820] Trial 15 finished with value: 0.9 and parameters: {'hidden_layer_sizes': (100,), 'max_iter': 100, 'alpha': 0.001}. Best is trial 0 with value: 0.9.
[I 2026-04-13 12:55:57,899] Trial 16 finished with value: 0.9 and parameters: {'hidden_layer_sizes': (100, 100), 'max_iter': 100, 'alpha': 0.001}. Best is trial 0 with value: 0.9.
[I 2026-04-13 12:55:57,976] Trial 17 finished with value: 0.9 and parameters: {'hidden_layer_sizes': (100, 100), 'max_iter': 100, 'alpha': 0.0001}. Best is trial 0 with value: 0.9.
[I 2026-04-13 12:55:58,025] Trial 18 finished with value: 0.9 and parameters: {'hidden_layer_sizes': (100,), 'max_iter': 50, 'alpha': 0.0001}. Best is trial 0 with value: 0.9.
[I 2026-04-13 12:55:58,118] Trial 19 finished with value: 0.9 and parameters: {'hidden_layer_sizes': (100, 100), 'max_iter': 100, 'alpha': 0.001}. Best is trial 0 with value: 0.9.
[I 2026-04-13 12:55:58,185] Trial 20 finished with value: 0.9 and parameters: {'hidden_layer_sizes': (100,), 'max_iter': 100, 'alpha': 0.0001}. Best is trial 0 with value: 0.9.
[I 2026-04-13 12:55:58,257] Trial 21 finished with value: 0.9 and parameters: {'hidden_layer_sizes': (200,), 'max_iter': 100, 'alpha': 0.0001}. Best is trial 0 with value: 0.9.
[I 2026-04-13 12:55:58,345] Trial 22 finished with value: 0.9 and parameters: {'hidden_layer_sizes': (200,), 'max_iter': 100, 'alpha': 0.0001}. Best is trial 0 with value: 0.9.
[I 2026-04-13 12:55:58,415] Trial 23 finished with value: 0.9 and parameters: {'hidden_layer_sizes': (200,), 'max_iter': 100, 'alpha': 0.0001}. Best is trial 0 with value: 0.9.
[I 2026-04-13 12:55:58,496] Trial 24 finished with value: 0.9 and parameters: {'hidden_layer_sizes': (100, 100), 'max_iter': 100, 'alpha': 0.0001}. Best is trial 0 with value: 0.9.
[I 2026-04-13 12:55:58,566] Trial 25 finished with value: 0.9 and parameters: {'hidden_layer_sizes': (100,), 'max_iter': 100, 'alpha': 0.0001}. Best is trial 0 with value: 0.9.
[I 2026-04-13 12:55:58,622] Trial 26 finished with value: 0.9 and parameters: {'hidden_layer_sizes': (200,), 'max_iter': 50, 'alpha': 0.001}. Best is trial 0 with value: 0.9.
[I 2026-04-13 12:55:58,739] Trial 27 finished with value: 0.9 and parameters: {'hidden_layer_sizes': (100, 100), 'max_iter': 100, 'alpha': 0.0001}. Best is trial 0 with value: 0.9.
[I 2026-04-13 12:55:58,807] Trial 28 finished with value: 0.9 and parameters: {'hidden_layer_sizes': (100,), 'max_iter': 100, 'alpha': 0.001}. Best is trial 0 with value: 0.9.
[I 2026-04-13 12:55:58,865] Trial 29 finished with value: 0.9 and parameters: {'hidden_layer_sizes': (200,), 'max_iter': 50, 'alpha': 0.001}. Best is trial 0 with value: 0.9.
[I 2026-04-13 12:55:59,298] A new study created in memory with name: naive_bayes
[I 2026-04-13 12:55:59,324] Trial 0 finished with value: 0.6 and parameters: {'var_smoothing': 6.10548688762798e-09}. Best is trial 0 with value: 0.6.
[I 2026-04-13 12:55:59,337] Trial 1 finished with value: 0.6 and parameters: {'var_smoothing': 4.6127467400935034e-10}. Best is trial 0 with value: 0.6.
[I 2026-04-13 12:55:59,350] Trial 2 finished with value: 0.6 and parameters: {'var_smoothing': 4.389936579400967e-09}. Best is trial 0 with value: 0.6.
[I 2026-04-13 12:55:59,362] Trial 3 finished with value: 0.6 and parameters: {'var_smoothing': 1.2116948204672054e-10}. Best is trial 0 with value: 0.6.
[I 2026-04-13 12:55:59,376] Trial 4 finished with value: 0.6 and parameters: {'var_smoothing': 1.6417739478477417e-10}. Best is trial 0 with value: 0.6.
[I 2026-04-13 12:55:59,389] Trial 5 finished with value: 0.6 and parameters: {'var_smoothing': 1.5491880147236797e-09}. Best is trial 0 with value: 0.6.
[I 2026-04-13 12:55:59,400] Trial 6 finished with value: 0.6 and parameters: {'var_smoothing': 1.1471883405287265e-09}. Best is trial 0 with value: 0.6.
[I 2026-04-13 12:55:59,413] Trial 7 finished with value: 0.6 and parameters: {'var_smoothing': 6.88041853492358e-10}. Best is trial 0 with value: 0.6.
[I 2026-04-13 12:55:59,447] Trial 8 finished with value: 0.6 and parameters: {'var_smoothing': 4.686144741221158e-10}. Best is trial 0 with value: 0.6.
[I 2026-04-13 12:55:59,459] Trial 9 finished with value: 0.6 and parameters: {'var_smoothing': 1.7580809350683337e-09}. Best is trial 0 with value: 0.6.
[I 2026-04-13 12:55:59,479] Trial 10 finished with value: 0.6 and parameters: {'var_smoothing': 9.83902635509218e-09}. Best is trial 0 with value: 0.6.
[I 2026-04-13 12:55:59,496] Trial 11 finished with value: 0.6 and parameters: {'var_smoothing': 2.660399871603373e-10}. Best is trial 0 with value: 0.6.
[I 2026-04-13 12:55:59,516] Trial 12 finished with value: 0.6 and parameters: {'var_smoothing': 9.276268851540963e-09}. Best is trial 0 with value: 0.6.
[I 2026-04-13 12:55:59,534] Trial 13 finished with value: 0.6 and parameters: {'var_smoothing': 2.9844010685221692e-09}. Best is trial 0 with value: 0.6.
[I 2026-04-13 12:55:59,549] Trial 14 finished with value: 0.6 and parameters: {'var_smoothing': 3.8923309717334116e-10}. Best is trial 0 with value: 0.6.
[I 2026-04-13 12:55:59,564] Trial 15 finished with value: 0.6 and parameters: {'var_smoothing': 3.85461066627204e-09}. Best is trial 0 with value: 0.6.
[I 2026-04-13 12:55:59,579] Trial 16 finished with value: 0.6 and parameters: {'var_smoothing': 7.120907275009211e-10}. Best is trial 0 with value: 0.6.
[I 2026-04-13 12:55:59,594] Trial 17 finished with value: 0.6 and parameters: {'var_smoothing': 2.412486610614855e-10}. Best is trial 0 with value: 0.6.
[I 2026-04-13 12:55:59,611] Trial 18 finished with value: 0.6 and parameters: {'var_smoothing': 2.3580860166954074e-09}. Best is trial 0 with value: 0.6.
[I 2026-04-13 12:55:59,633] Trial 19 finished with value: 0.6 and parameters: {'var_smoothing': 5.846846875339535e-09}. Best is trial 0 with value: 0.6.
[I 2026-04-13 12:55:59,654] Trial 20 finished with value: 0.6 and parameters: {'var_smoothing': 1.0486521320383776e-09}. Best is trial 0 with value: 0.6.
[I 2026-04-13 12:55:59,672] Trial 21 finished with value: 0.6 and parameters: {'var_smoothing': 4.9491450263339475e-09}. Best is trial 0 with value: 0.6.
[I 2026-04-13 12:55:59,688] Trial 22 finished with value: 0.6 and parameters: {'var_smoothing': 6.667992141406306e-09}. Best is trial 0 with value: 0.6.
[I 2026-04-13 12:55:59,708] Trial 23 finished with value: 0.6 and parameters: {'var_smoothing': 3.2795712712135213e-09}. Best is trial 0 with value: 0.6.
[I 2026-04-13 12:55:59,724] Trial 24 finished with value: 0.6 and parameters: {'var_smoothing': 6.403538416287158e-10}. Best is trial 0 with value: 0.6.
[I 2026-04-13 12:55:59,739] Trial 25 finished with value: 0.6 and parameters: {'var_smoothing': 2.1589819023851477e-09}. Best is trial 0 with value: 0.6.
[I 2026-04-13 12:55:59,755] Trial 26 finished with value: 0.6 and parameters: {'var_smoothing': 3.912617821024548e-09}. Best is trial 0 with value: 0.6.
[I 2026-04-13 12:55:59,778] Trial 27 finished with value: 0.6 and parameters: {'var_smoothing': 7.162139101012446e-09}. Best is trial 0 with value: 0.6.
[I 2026-04-13 12:55:59,803] Trial 28 finished with value: 0.6 and parameters: {'var_smoothing': 1.3883316815746274e-09}. Best is trial 0 with value: 0.6.
[I 2026-04-13 12:55:59,821] Trial 29 finished with value: 0.6 and parameters: {'var_smoothing': 4.1751754503046387e-10}. Best is trial 0 with value: 0.6.
[I 2026-04-13 12:55:59,856] A new study created in memory with name: logreg
[I 2026-04-13 12:55:59,890] Trial 0 finished with value: 0.7 and parameters: {'C': 29.127335430981816, 'penalty': 'l2'}. Best is trial 0 with value: 0.7.
[I 2026-04-13 12:55:59,915] Trial 1 finished with value: 0.55 and parameters: {'C': 0.045698192893558344, 'penalty': 'l2'}. Best is trial 0 with value: 0.7.
[I 2026-04-13 12:55:59,941] Trial 2 finished with value: 0.7 and parameters: {'C': 12.768668597712947, 'penalty': 'l2'}. Best is trial 0 with value: 0.7.
[I 2026-04-13 12:55:59,967] Trial 3 finished with value: 0.65 and parameters: {'C': 0.0016161554408462638, 'penalty': 'l2'}. Best is trial 0 with value: 0.7.
[I 2026-04-13 12:55:59,982] Trial 4 finished with value: 0.6 and parameters: {'C': 0.0034536903703241734, 'penalty': 'l2'}. Best is trial 0 with value: 0.7.
[I 2026-04-13 12:56:00,009] Trial 5 finished with value: 0.55 and parameters: {'C': 0.9446269266990148, 'penalty': 'l2'}. Best is trial 0 with value: 0.7.
[I 2026-04-13 12:56:00,035] Trial 6 finished with value: 0.5 and parameters: {'C': 0.4457453393648168, 'penalty': 'l2'}. Best is trial 0 with value: 0.7.
[I 2026-04-13 12:56:00,071] Trial 7 finished with value: 0.5 and parameters: {'C': 0.12417585037258261, 'penalty': 'l2'}. Best is trial 0 with value: 0.7.
[I 2026-04-13 12:56:00,086] Trial 8 finished with value: 0.55 and parameters: {'C': 0.04753781830244093, 'penalty': 'l2'}. Best is trial 0 with value: 0.7.
[I 2026-04-13 12:56:00,122] Trial 9 finished with value: 0.6 and parameters: {'C': 1.2959766028194148, 'penalty': 'l2'}. Best is trial 0 with value: 0.7.
[I 2026-04-13 12:56:00,163] Trial 10 finished with value: 0.75 and parameters: {'C': 96.02411422716075, 'penalty': 'l2'}. Best is trial 10 with value: 0.75.
[I 2026-04-13 12:56:00,202] Trial 11 finished with value: 0.75 and parameters: {'C': 59.9697718692158, 'penalty': 'l2'}. Best is trial 10 with value: 0.75.
[I 2026-04-13 12:56:00,230] Trial 12 finished with value: 0.75 and parameters: {'C': 90.64427434136057, 'penalty': 'l2'}. Best is trial 10 with value: 0.75.
[I 2026-04-13 12:56:00,259] Trial 13 finished with value: 0.7 and parameters: {'C': 4.865673542589085, 'penalty': 'l2'}. Best is trial 10 with value: 0.75.
[I 2026-04-13 12:56:00,297] Trial 14 finished with value: 0.75 and parameters: {'C': 75.70410205106715, 'penalty': 'l2'}. Best is trial 10 with value: 0.75.
[I 2026-04-13 12:56:00,338] Trial 15 finished with value: 0.7 and parameters: {'C': 5.957789522733971, 'penalty': 'l2'}. Best is trial 10 with value: 0.75.
[I 2026-04-13 12:56:00,369] Trial 16 finished with value: 0.7 and parameters: {'C': 19.685556379423655, 'penalty': 'l2'}. Best is trial 10 with value: 0.75.
[I 2026-04-13 12:56:00,401] Trial 17 finished with value: 0.7 and parameters: {'C': 2.9846308196944142, 'penalty': 'l2'}. Best is trial 10 with value: 0.75.
[I 2026-04-13 12:56:00,442] Trial 18 finished with value: 0.7 and parameters: {'C': 47.611336786999125, 'penalty': 'l2'}. Best is trial 10 with value: 0.75.
[I 2026-04-13 12:56:00,473] Trial 19 finished with value: 0.7 and parameters: {'C': 12.171934770041055, 'penalty': 'l2'}. Best is trial 10 with value: 0.75.
[I 2026-04-13 12:56:00,494] Trial 20 finished with value: 0.6 and parameters: {'C': 0.009201704573096029, 'penalty': 'l2'}. Best is trial 10 with value: 0.75.
[I 2026-04-13 12:56:00,534] Trial 21 finished with value: 0.75 and parameters: {'C': 87.4764374438574, 'penalty': 'l2'}. Best is trial 10 with value: 0.75.
[I 2026-04-13 12:56:00,562] Trial 22 finished with value: 0.7 and parameters: {'C': 30.62033180862645, 'penalty': 'l2'}. Best is trial 10 with value: 0.75.
[I 2026-04-13 12:56:00,603] Trial 23 finished with value: 0.75 and parameters: {'C': 67.14005637081, 'penalty': 'l2'}. Best is trial 10 with value: 0.75.
[I 2026-04-13 12:56:00,642] Trial 24 finished with value: 0.7 and parameters: {'C': 8.71142958157668, 'penalty': 'l2'}. Best is trial 10 with value: 0.75.
[I 2026-04-13 12:56:00,670] Trial 25 finished with value: 0.7 and parameters: {'C': 2.4233122539695664, 'penalty': 'l2'}. Best is trial 10 with value: 0.75.
[I 2026-04-13 12:56:00,720] Trial 26 finished with value: 0.7 and parameters: {'C': 33.083842893940535, 'penalty': 'l2'}. Best is trial 10 with value: 0.75.
[I 2026-04-13 12:56:00,761] Trial 27 finished with value: 0.75 and parameters: {'C': 80.3508704120575, 'penalty': 'l2'}. Best is trial 10 with value: 0.75.
[I 2026-04-13 12:56:00,801] Trial 28 finished with value: 0.7 and parameters: {'C': 19.02670223150126, 'penalty': 'l2'}. Best is trial 10 with value: 0.75.
[I 2026-04-13 12:56:00,831] Trial 29 finished with value: 0.7 and parameters: {'C': 33.30412494526149, 'penalty': 'l2'}. Best is trial 10 with value: 0.75.
[I 2026-04-13 12:56:00,907] A new study created in memory with name: knn
[I 2026-04-13 12:56:00,933] Trial 0 finished with value: 0.55 and parameters: {'n_neighbors': 10, 'leaf_size': 26, 'p': 1}. Best is trial 0 with value: 0.55.
[I 2026-04-13 12:56:00,948] Trial 1 finished with value: 0.45 and parameters: {'n_neighbors': 3, 'leaf_size': 32, 'p': 1}. Best is trial 0 with value: 0.55.
[I 2026-04-13 12:56:00,962] Trial 2 finished with value: 0.6 and parameters: {'n_neighbors': 5, 'leaf_size': 33, 'p': 2}. Best is trial 2 with value: 0.6.
[I 2026-04-13 12:56:00,976] Trial 3 finished with value: 0.6 and parameters: {'n_neighbors': 7, 'leaf_size': 32, 'p': 2}. Best is trial 2 with value: 0.6.
[I 2026-04-13 12:56:00,990] Trial 4 finished with value: 0.65 and parameters: {'n_neighbors': 9, 'leaf_size': 28, 'p': 1}. Best is trial 4 with value: 0.65.
[I 2026-04-13 12:56:01,005] Trial 5 finished with value: 0.45 and parameters: {'n_neighbors': 3, 'leaf_size': 35, 'p': 1}. Best is trial 4 with value: 0.65.
[I 2026-04-13 12:56:01,019] Trial 6 finished with value: 0.55 and parameters: {'n_neighbors': 8, 'leaf_size': 31, 'p': 2}. Best is trial 4 with value: 0.65.
[I 2026-04-13 12:56:01,034] Trial 7 finished with value: 0.6 and parameters: {'n_neighbors': 6, 'leaf_size': 24, 'p': 2}. Best is trial 4 with value: 0.65.
[I 2026-04-13 12:56:01,048] Trial 8 finished with value: 0.6 and parameters: {'n_neighbors': 5, 'leaf_size': 34, 'p': 2}. Best is trial 4 with value: 0.65.
[I 2026-04-13 12:56:01,075] Trial 9 finished with value: 0.55 and parameters: {'n_neighbors': 10, 'leaf_size': 27, 'p': 2}. Best is trial 4 with value: 0.65.
[I 2026-04-13 12:56:01,097] Trial 10 finished with value: 0.55 and parameters: {'n_neighbors': 8, 'leaf_size': 40, 'p': 1}. Best is trial 4 with value: 0.65.
[I 2026-04-13 12:56:01,118] Trial 11 finished with value: 0.55 and parameters: {'n_neighbors': 5, 'leaf_size': 21, 'p': 1}. Best is trial 4 with value: 0.65.
[I 2026-04-13 12:56:01,144] Trial 12 finished with value: 0.6 and parameters: {'n_neighbors': 5, 'leaf_size': 38, 'p': 2}. Best is trial 4 with value: 0.65.
[I 2026-04-13 12:56:01,171] Trial 13 finished with value: 0.65 and parameters: {'n_neighbors': 9, 'leaf_size': 28, 'p': 1}. Best is trial 4 with value: 0.65.
[I 2026-04-13 12:56:01,194] Trial 14 finished with value: 0.65 and parameters: {'n_neighbors': 9, 'leaf_size': 28, 'p': 1}. Best is trial 4 with value: 0.65.
[I 2026-04-13 12:56:01,227] Trial 15 finished with value: 0.65 and parameters: {'n_neighbors': 9, 'leaf_size': 23, 'p': 1}. Best is trial 4 with value: 0.65.
[I 2026-04-13 12:56:01,250] Trial 16 finished with value: 0.55 and parameters: {'n_neighbors': 8, 'leaf_size': 29, 'p': 1}. Best is trial 4 with value: 0.65.
[I 2026-04-13 12:56:01,280] Trial 17 finished with value: 0.65 and parameters: {'n_neighbors': 9, 'leaf_size': 25, 'p': 1}. Best is trial 4 with value: 0.65.
[I 2026-04-13 12:56:01,301] Trial 18 finished with value: 0.65 and parameters: {'n_neighbors': 7, 'leaf_size': 21, 'p': 1}. Best is trial 4 with value: 0.65.
[I 2026-04-13 12:56:01,328] Trial 19 finished with value: 0.55 and parameters: {'n_neighbors': 10, 'leaf_size': 29, 'p': 1}. Best is trial 4 with value: 0.65.
[I 2026-04-13 12:56:01,349] Trial 20 finished with value: 0.65 and parameters: {'n_neighbors': 9, 'leaf_size': 30, 'p': 1}. Best is trial 4 with value: 0.65.
[I 2026-04-13 12:56:01,377] Trial 21 finished with value: 0.65 and parameters: {'n_neighbors': 9, 'leaf_size': 28, 'p': 1}. Best is trial 4 with value: 0.65.
[I 2026-04-13 12:56:01,398] Trial 22 finished with value: 0.55 and parameters: {'n_neighbors': 8, 'leaf_size': 27, 'p': 1}. Best is trial 4 with value: 0.65.
[I 2026-04-13 12:56:01,429] Trial 23 finished with value: 0.55 and parameters: {'n_neighbors': 10, 'leaf_size': 23, 'p': 1}. Best is trial 4 with value: 0.65.
[I 2026-04-13 12:56:01,450] Trial 24 finished with value: 0.65 and parameters: {'n_neighbors': 9, 'leaf_size': 26, 'p': 1}. Best is trial 4 with value: 0.65.
[I 2026-04-13 12:56:01,483] Trial 25 finished with value: 0.65 and parameters: {'n_neighbors': 7, 'leaf_size': 30, 'p': 1}. Best is trial 4 with value: 0.65.
[I 2026-04-13 12:56:01,505] Trial 26 finished with value: 0.55 and parameters: {'n_neighbors': 8, 'leaf_size': 36, 'p': 1}. Best is trial 4 with value: 0.65.
[I 2026-04-13 12:56:01,534] Trial 27 finished with value: 0.6 and parameters: {'n_neighbors': 6, 'leaf_size': 28, 'p': 1}. Best is trial 4 with value: 0.65.
[I 2026-04-13 12:56:01,555] Trial 28 finished with value: 0.65 and parameters: {'n_neighbors': 9, 'leaf_size': 25, 'p': 1}. Best is trial 4 with value: 0.65.
[I 2026-04-13 12:56:01,577] Trial 29 finished with value: 0.55 and parameters: {'n_neighbors': 10, 'leaf_size': 26, 'p': 1}. Best is trial 4 with value: 0.65.
[I 2026-04-13 12:56:01,608] A new study created in memory with name: xgb
[I 2026-04-13 12:56:01,633] Trial 0 finished with value: 0.55 and parameters: {'n_estimators': 10, 'max_depth': 30, 'gamma': 0.5768356259735394, 'subsample': 0.7094037142783272, 'colsample_bytree': 0.6677039246366646}. Best is trial 0 with value: 0.55.
[I 2026-04-13 12:56:01,719] Trial 1 finished with value: 0.4 and parameters: {'n_estimators': 100, 'max_depth': 30, 'gamma': 0.9912018442360747, 'subsample': 0.9099290984609207, 'colsample_bytree': 0.7066004674080903}. Best is trial 0 with value: 0.55.
[I 2026-04-13 12:56:01,744] Trial 2 finished with value: 0.45 and parameters: {'n_estimators': 10, 'max_depth': 20, 'gamma': 0.7382185757030506, 'subsample': 0.7704684271512641, 'colsample_bytree': 0.5624120871903049}. Best is trial 0 with value: 0.55.
[I 2026-04-13 12:56:01,778] Trial 3 finished with value: 0.55 and parameters: {'n_estimators': 10, 'max_depth': 20, 'gamma': 0.7041784887453524, 'subsample': 0.7995029565695583, 'colsample_bytree': 0.8586660727777565}. Best is trial 0 with value: 0.55.
[I 2026-04-13 12:56:01,823] Trial 4 finished with value: 0.6 and parameters: {'n_estimators': 10, 'max_depth': 20, 'gamma': 0.46549701645255037, 'subsample': 0.9946899241400011, 'colsample_bytree': 0.725249640372583}. Best is trial 4 with value: 0.6.
[I 2026-04-13 12:56:01,857] Trial 5 finished with value: 0.45 and parameters: {'n_estimators': 40, 'max_depth': 20, 'gamma': 0.3554734452019276, 'subsample': 0.5947710951851903, 'colsample_bytree': 0.7356254823676576}. Best is trial 4 with value: 0.6.
[I 2026-04-13 12:56:01,891] Trial 6 finished with value: 0.65 and parameters: {'n_estimators': 40, 'max_depth': 20, 'gamma': 0.8967376717636345, 'subsample': 0.988276510203839, 'colsample_bytree': 0.9184542964535913}. Best is trial 6 with value: 0.65.
