nohup: ignoring input
PID del proceso principal (Bash): 40792
------------------------------------------------------------
============================================================
 ESTUDIO DE ABLACIÓN: CorVAE (Transformer) vs. MLP-VAE
 Fecha: Mon Apr 13 12:46:10 -04 2026
 PID: 40792
 GPU: CUDA_VISIBLE_DEVICES=1
============================================================

============================================================
 SMOKE TEST: Validación rápida con dataset 'adult'
 (2 epochs de entrenamiento, 1 trial de Optuna)
============================================================

[12:46:10] Smoke Test Fase 1: Optuna (1 trial, 2 epochs)...
[I 2026-04-13 12:46:15,335] A new study created in memory with name: no-name-ba5620e9-e572-4d2a-be4e-f8f420a8ee0a
No se encontraron caracteres extranos en la columna target
Datos de train y test guardados en /data/home/rtabares/estiven/CorVAE/data/shoppers

--- Iniciando Fase 1: Pre-entrenamiento No Supervisado ---
Training:   0%|                                                                                                                                                       | 0/22 [00:00<?, ?it/s]Training:   5%|██████▌                                                                                                                                        | 1/22 [00:01<00:23,  1.11s/it]Training:  14%|███████████████████▌                                                                                                                           | 3/22 [00:01<00:07,  2.59it/s]Training:  18%|██████████████████████████                                                                                                                     | 4/22 [00:01<00:06,  2.93it/s]Training:  36%|████████████████████████████████████████████████████                                                                                           | 8/22 [00:01<00:02,  6.31it/s]Training:  77%|█████████████████████████████████████████████████████████████████████████████████████████████████████████████▋                                | 17/22 [00:02<00:00, 17.07it/s]Training: 100%|██████████████████████████████████████████████████████████████████████████████████████████████████████████████████████████████████████████████| 22/22 [00:02<00:00, 10.31it/s]
Epoch 001/2 | Train Loss: 2.408526 | Val[13:38:43] Fase 2 completada para shoppers.
  Resultados en: /data/home/rtabares/estiven/CorVAE/checkpoint_shoppers_MLP_Dlatent/metrics.csv


************************************************************
 DATASET: paysim
************************************************************

[13:38:43] Fase 1: Buscando hiperparámetros MLP para paysim...
  Trials: 30, Epochs/trial: 700
[06:49:20] Fase 1 completada para paysim.
  Hiperparámetros guardados en: /data/home/rtabares/estiven/CorVAE/tune_vae/tune_mlp_paysim/best_hyperparams_mlp.json
[06:49:20] Fase 2: Entrenando MLP-VAE y destilando para paysim...
  Epochs: 3000, Batch size: 4096
  Checkpoint: /data/home/rtabares/estiven/CorVAE/checkpoint_paysim_MLP_Dlatent
                                                                                                            | 3/22 [00:00<00:05,  3.56it/s]Training:  18%|██████████████████████████                                                                                                                     | 4/22 [00:01<00:05,  3.58it/s]Training:  36%|████████████████████████████████████████████████████                                                                                           | 8/22 [00:01<00:01,  7.42it/s]Training:  82%|████████████████████████████████████████████████████████████████████████████████████████████████████████████████████▏                         | 18/22 [00:01<00:00, 21.45it/s]Training: 100%|██████████████████████████████████████████████████████████████████████████████████████████████████████████████████████████████████████████████| 22/22 [00:01<00:00, 12.39it/s]
Epoch 002/2 | Train Loss: 1.933743 | Val Loss: 1.857375
--- Fase 1 Finalizada. Tiempo: 5.07 segundos ---

--- Omitiendo Fase 2: Fine-Tuning Supervisado ---
Encoder, Decoder y representaciones latentes guardados correctamente.
[I 2026-04-13 12:46:28,867] Trial 0 finished with value: 0.7656515360110941 and parameters: {'n_hidden_layers': 2, 'hidden_dim': 64, 'mlp_dropout': 0.20943083729454176, 'max_beta': 0.07866913531614081, 'min_beta': 0.0006145929570405664, 'lr_pretrain': 0.005591410474781382, 'wd_pretrain': 0.0001, 'd_token': 8}. Best is trial 0 with value: 0.7656515360110941.

============================================================
Dataset: shoppers
Mejores hiperparámetros MLP-VAE guardados en: /data/home/rtabares/estiven/CorVAE/tune_vae/tune_mlp_shoppers/best_hyperparams_mlp.json
Mejor ROC-AUC: 0.7657
Parámetros: {'n_hidden_layers': 2, 'hidden_dim': 64, 'mlp_dropout': 0.20943083729454176, 'max_beta': 0.07866913531614081, 'min_beta': 0.0006145929570405664, 'lr_pretrain': 0.005591410474781382, 'wd_pretrain': 0.0001, 'd_token': 8}
============================================================

[12:46:33] ✅ Smoke Test Fase 1 completada.
[12:46:33] Smoke Test Fase 2: Entrenamiento MLP-VAE (2 epochs)...
[I 2026-04-13 12:46:37,651] A new study created in memory with name: naive_bayes
Corriendo el pipeline de destilación con la siguiente configuración:
No se encontraron caracteres extranos en la columna target
Datos de train y test guardados en /data/home/rtabares/estiven/CorVAE/data/shoppers


>>> Optuna tuning naive_bayes metodo Full-data IPC 0 seed 0


[I 2026-04-13 12:46:41,121] Trial 0 finished with value: 0.562019484245327 and parameters: {'var_smoothing': 1.2520653814999457e-09}. Best is trial 0 with value: 0.562019484245327.
[I 2026-04-13 12:46:44,341] Trial 1 finished with value: 0.5641516804073741 and parameters: {'var_smoothing': 2.693883019285408e-09}. Best is trial 1 with value: 0.5641516804073741.
[I 2026-04-13 12:46:47,590] Trial 2 finished with value: 0.5626058381898899 and parameters: {'var_smoothing': 1.6051911333587584e-09}. Best is trial 1 with value: 0.5641516804073741.
[I 2026-04-13 12:46:51,779] Trial 3 finished with value: 0.5619661793412758 and parameters: {'var_smoothing': 1.2296071107325683e-09}. Best is trial 1 with value: 0.5641516804073741.
[I 2026-04-13 12:46:55,948] Trial 4 finished with value: 0.5605802518359454 and parameters: {'var_smoothing': 7.035737028722139e-10}. Best is trial 1 with value: 0.5641516804073741.
[I 2026-04-13 12:46:59,024] Trial 5 finished with value: 0.5630855823263504 and parameters: {'var_smoothing': 1.957889720121294e-09}. Best is trial 1 with value: 0.5641516804073741.
[I 2026-04-13 12:47:02,084] Trial 6 finished with value: 0.56079347145215 and parameters: {'var_smoothing': 7.501954443620119e-10}. Best is trial 1 with value: 0.5641516804073741.
[I 2026-04-13 12:47:05,182] Trial 7 finished with value: 0.5664437912815744 and parameters: {'var_smoothing': 6.074996073425682e-09}. Best is trial 7 with value: 0.5664437912815744.
[I 2026-04-13 12:47:08,170] Trial 8 finished with value: 0.5673249539811958 and parameters: {'var_smoothing': 8.459126528049351e-09}. Best is trial 8 with value: 0.5673249539811958.
[I 2026-04-13 12:47:11,359] Trial 9 finished with value: 0.5602604224116383 and parameters: {'var_smoothing': 5.846326121643404e-10}. Best is trial 8 with value: 0.5673249539811958.
[I 2026-04-13 12:47:16,070] Trial 10 finished with value: 0.5567673194135094 and parameters: {'var_smoothing': 1.345853577688474e-10}. Best is trial 8 with value: 0.5673249539811958.
[I 2026-04-13 12:47:19,174] Trial 11 finished with value: 0.5676447834055027 and parameters: {'var_smoothing': 9.371449384156418e-09}. Best is trial 11 with value: 0.5676447834055027.
[I 2026-04-13 12:47:22,345] Trial 12 finished with value: 0.5671650392690423 and parameters: {'var_smoothing': 8.045564515992574e-09}. Best is trial 11 with value: 0.5676447834055027.
[I 2026-04-13 12:47:22,505] Trial 13 finished with value: 0.5653776932005509 and parameters: {'var_smoothing': 4.4004872272568365e-09}. Best is trial 11 with value: 0.5676447834055027.
[I 2026-04-13 12:47:22,648] Trial 14 finished with value: 0.567378258885247 and parameters: {'var_smoothing': 8.654499882904173e-09}. Best is trial 11 with value: 0.5676447834055027.
[I 2026-04-13 12:47:22,790] Trial 15 finished with value: 0.5651111686802951 and parameters: {'var_smoothing': 3.823943391346874e-09}. Best is trial 11 with value: 0.5676447834055027.
[I 2026-04-13 12:47:22,942] Trial 16 finished with value: 0.5586329910553005 and parameters: {'var_smoothing': 3.0045273443732653e-10}. Best is trial 11 with value: 0.5676447834055027.
[I 2026-04-13 12:47:23,106] Trial 17 finished with value: 0.5653243882964998 and parameters: {'var_smoothing': 4.136590886836962e-09}. Best is trial 11 with value: 0.5676447834055027.
[I 2026-04-13 12:47:23,256] Trial 18 finished with value: 0.5680712226379121 and parameters: {'var_smoothing': 9.841405878999524e-09}. Best is trial 18 with value: 0.5680712226379121.
[I 2026-04-13 12:47:23,394] Trial 19 finished with value: 0.5640450705992716 and parameters: {'var_smoothing': 2.5478831448401283e-09}. Best is trial 18 with value: 0.5680712226379121.
[I 2026-04-13 12:47:23,562] Trial 20 finished with value: 0.5583131616309934 and parameters: {'var_smoothing': 2.6653117693946223e-10}. Best is trial 18 with value: 0.5680712226379121.
[I 2026-04-13 12:47:23,719] Trial 21 finished with value: 0.5680712226379121 and parameters: {'var_smoothing': 9.775278313864458e-09}. Best is trial 18 with value: 0.5680712226379121.
[I 2026-04-13 12:47:23,863] Trial 22 finished with value: 0.5680712226379121 and parameters: {'var_smoothing': 9.963908343902654e-09}. Best is trial 18 with value: 0.5680712226379121.
[I 2026-04-13 12:47:24,012] Trial 23 finished with value: 0.566337181473472 and parameters: {'var_smoothing': 6.0085485840048816e-09}. Best is trial 18 with value: 0.5680712226379121.
[I 2026-04-13 12:47:24,171] Trial 24 finished with value: 0.5661772667613185 and parameters: {'var_smoothing': 5.444483728518307e-09}. Best is trial 18 with value: 0.5680712226379121.
[I 2026-04-13 12:47:24,326] Trial 25 finished with value: 0.5680712226379121 and parameters: {'var_smoothing': 9.905531646784415e-09}. Best is trial 18 with value: 0.5680712226379121.
[I 2026-04-13 12:47:24,481] Trial 26 finished with value: 0.5645248147357321 and parameters: {'var_smoothing': 3.1440602065009167e-09}. Best is trial 18 with value: 0.5680712226379121.
[I 2026-04-13 12:47:24,633] Trial 27 finished with value: 0.566017352049165 and parameters: {'var_smoothing': 5.237661653535061e-09}. Best is trial 18 with value: 0.5680712226379121.
[I 2026-04-13 12:47:24,783] Trial 28 finished with value: 0.5664437912815744 and parameters: {'var_smoothing': 6.130691967328123e-09}. Best is trial 18 with value: 0.5680712226379121.
[I 2026-04-13 12:47:24,936] Trial 29 finished with value: 0.5636719362709133 and parameters: {'var_smoothing': 2.153453396510046e-09}. Best is trial 18 with value: 0.5680712226379121.
[I 2026-04-13 12:47:25,861] A new study created in memory with name: logreg
[I 2026-04-13 12:47:26,089] Trial 0 finished with value: 0.6751113154142502 and parameters: {'C': 0.5547119471592125, 'penalty': 'l2'}. Best is trial 0 with value: 0.6751113154142502.
[I 2026-04-13 12:47:26,326] Trial 1 finished with value: 0.6764082791345327 and parameters: {'C': 3.7665768415992953, 'penalty': 'l2'}. Best is trial 1 with value: 0.6764082791345327.
[I 2026-04-13 12:47:26,603] Trial 2 finished with value: 0.6757468631822243 and parameters: {'C': 1.032326035197657, 'penalty': 'l2'}. Best is trial 1 with value: 0.6764082791345327.
[I 2026-04-13 12:47:26,872] Trial 3 finished with value: 0.6748739226438827 and parameters: {'C': 0.530170934757683, 'penalty': 'l2'}. Best is trial 1 with value: 0.6764082791345327.
[I 2026-04-13 12:47:27,071] Trial 4 finished with value: 0.6718268402714881 and parameters: {'C': 0.13130280280658593, 'penalty': 'l2'}. Best is trial 1 with value: 0.6764082791345327.
[I 2026-04-13 12:47:27,301] Trial 5 finished with value: 0.6765681938466862 and parameters: {'C': 1.6961746387290997, 'penalty': 'l2'}. Best is trial 5 with value: 0.6765681938466862.
[I 2026-04-13 12:47:27,508] Trial 6 finished with value: 0.6720659280720271 and parameters: {'C': 0.15414734761917095, 'penalty': 'l2'}. Best is trial 5 with value: 0.6765681938466862.
[I 2026-04-13 12:47:27,866] Trial 7 finished with value: 0.676249211937465 and parameters: {'C': 28.765041432546976, 'penalty': 'l2'}. Best is trial 5 with value: 0.6765681938466862.
[I 2026-04-13 12:47:28,157] Trial 8 finished with value: 0.6765399096118836 and parameters: {'C': 65.81332043291806, 'penalty': 'l2'}. Best is trial 5 with value: 0.6765681938466862.
[I 2026-04-13 12:47:28,404] Trial 9 finished with value: 0.6710605095412489 and parameters: {'C': 0.08264328927007726, 'penalty': 'l2'}. Best is trial 5 with value: 0.6765681938466862.
[I 2026-04-13 12:47:28,589] Trial 10 finished with value: 0.6092747244184529 and parameters: {'C': 0.002101331318459542, 'penalty': 'l2'}. Best is trial 5 with value: 0.6765681938466862.
[I 2026-04-13 12:47:28,855] Trial 11 finished with value: 0.6770696950868412 and parameters: {'C': 72.61997250556261, 'penalty': 'l2'}. Best is trial 11 with value: 0.6770696950868412.
[I 2026-04-13 12:47:29,104] Trial 12 finished with value: 0.6765932145159348 and parameters: {'C': 10.67987432597947, 'penalty': 'l2'}. Best is trial 11 with value: 0.6770696950868412.
[I 2026-04-13 12:47:29,307] Trial 13 finished with value: 0.6762475169072935 and parameters: {'C': 13.990432300902413, 'penalty': 'l2'}. Best is trial 11 with value: 0.6770696950868412.
[I 2026-04-13 12:47:29,551] Trial 14 finished with value: 0.6763541267153959 and parameters: {'C': 8.755651531899378, 'penalty': 'l2'}. Best is trial 11 with value: 0.6770696950868412.
[I 2026-04-13 12:47:29,802] Trial 15 finished with value: 0.6765932145159349 and parameters: {'C': 93.08172514629706, 'penalty': 'l2'}. Best is trial 11 with value: 0.6770696950868412.
[I 2026-04-13 12:47:30,053] Trial 16 finished with value: 0.6768306072863022 and parameters: {'C': 59.765021886538605, 'penalty': 'l2'}. Best is trial 11 with value: 0.6770696950868412.
[I 2026-04-13 12:47:30,287] Trial 17 finished with value: 0.6758510569398584 and parameters: {'C': 30.935562118217508, 'penalty': 'l2'}. Best is trial 11 with value: 0.6770696950868412.
[I 2026-04-13 12:47:30,443] Trial 18 finished with value: 0.6580552387563843 and parameters: {'C': 0.012751951010849746, 'penalty': 'l2'}. Best is trial 11 with value: 0.6770696950868412.
[I 2026-04-13 12:47:30,657] Trial 19 finished with value: 0.6763549742304816 and parameters: {'C': 4.437614901093637, 'penalty': 'l2'}. Best is trial 11 with value: 0.6770696950868412.
[I 2026-04-13 12:47:30,847] Trial 20 finished with value: 0.6660901118517522 and parameters: {'C': 0.028724438599162797, 'penalty': 'l2'}. Best is trial 11 with value: 0.6770696950868412.
[I 2026-04-13 12:47:31,082] Trial 21 finished with value: 0.6770155426677043 and parameters: {'C': 90.27247978184691, 'penalty': 'l2'}. Best is trial 11 with value: 0.6770696950868412.
[I 2026-04-13 12:47:31,433] Trial 22 finished with value: 0.6765399096118836 and parameters: {'C': 99.10014951706384, 'penalty': 'l2'}. Best is trial 11 with value: 0.6770696950868412.
[I 2026-04-13 12:47:31,806] Trial 23 finished with value: 0.676777302382251 and parameters: {'C': 30.82901096072712, 'penalty': 'l2'}. Best is trial 11 with value: 0.6770696950868412.
[I 2026-04-13 12:47:32,174] Trial 24 finished with value: 0.6765399096118836 and parameters: {'C': 25.204289394048374, 'penalty': 'l2'}. Best is trial 11 with value: 0.6770696950868412.
[I 2026-04-13 12:47:32,477] Trial 25 finished with value: 0.6764615840385839 and parameters: {'C': 3.6470576843411724, 'penalty': 'l2'}. Best is trial 11 with value: 0.6770696950868412.
[I 2026-04-13 12:47:32,888] Trial 26 finished with value: 0.6767764548671652 and parameters: {'C': 47.684930547460134, 'penalty': 'l2'}. Best is trial 11 with value: 0.6770696950868412.
[I 2026-04-13 12:47:33,310] Trial 27 finished with value: 0.6765399096118836 and parameters: {'C': 13.000416127811132, 'penalty': 'l2'}. Best is trial 11 with value: 0.6770696950868412.
[I 2026-04-13 12:47:33,630] Trial 28 finished with value: 0.6764082791345327 and parameters: {'C': 7.397686020026864, 'penalty': 'l2'}. Best is trial 11 with value: 0.6770696950868412.
[I 2026-04-13 12:47:33,951] Trial 29 finished with value: 0.6764082791345328 and parameters: {'C': 2.3364896077482364, 'penalty': 'l2'}. Best is trial 11 with value: 0.6770696950868412.
[I 2026-04-13 12:47:44,089] A new study created in memory with name: knn
[I 2026-04-13 12:47:45,624] Trial 0 finished with value: 0.6286082638539623 and parameters: {'n_neighbors': 7, 'leaf_size': 35, 'p': 1}. Best is trial 0 with value: 0.6286082638539623.
[I 2026-04-13 12:47:46,027] Trial 1 finished with value: 0.6394093123439687 and parameters: {'n_neighbors': 6, 'leaf_size': 33, 'p': 2}. Best is trial 1 with value: 0.6394093123439687.
[I 2026-04-13 12:47:47,589] Trial 2 finished with value: 0.5991264902351083 and parameters: {'n_neighbors': 10, 'leaf_size': 28, 'p': 1}. Best is trial 1 with value: 0.6394093123439687.
[I 2026-04-13 12:47:47,916] Trial 3 finished with value: 0.6644962775113517 and parameters: {'n_neighbors': 7, 'leaf_size': 39, 'p': 2}. Best is trial 3 with value: 0.6644962775113517.
[I 2026-04-13 12:47:48,305] Trial 4 finished with value: 0.6744417658470142 and parameters: {'n_neighbors': 3, 'leaf_size': 37, 'p': 2}. Best is trial 4 with value: 0.6744417658470142.
[I 2026-04-13 12:47:48,713] Trial 5 finished with value: 0.6426617337072182 and parameters: {'n_neighbors': 10, 'leaf_size': 36, 'p': 2}. Best is trial 4 with value: 0.6744417658470142.
[I 2026-04-13 12:47:49,079] Trial 6 finished with value: 0.6744417658470142 and parameters: {'n_neighbors': 3, 'leaf_size': 33, 'p': 2}. Best is trial 4 with value: 0.6744417658470142.
[I 2026-04-13 12:47:49,479] Trial 7 finished with value: 0.6644962775113517 and parameters: {'n_neighbors': 7, 'leaf_size': 28, 'p': 2}. Best is trial 4 with value: 0.6744417658470142.
[I 2026-04-13 12:47:49,907] Trial 8 finished with value: 0.6394093123439687 and parameters: {'n_neighbors': 6, 'leaf_size': 31, 'p': 2}. Best is trial 4 with value: 0.6744417658470142.
[I 2026-04-13 12:47:51,314] Trial 9 finished with value: 0.6286082638539623 and parameters: {'n_neighbors': 7, 'leaf_size': 32, 'p': 1}. Best is trial 4 with value: 0.6744417658470142.
[I 2026-04-13 12:47:52,735] Trial 10 finished with value: 0.6519455910494311 and parameters: {'n_neighbors': 3, 'leaf_size': 22, 'p': 1}. Best is trial 4 with value: 0.6744417658470142.
[I 2026-04-13 12:47:53,106] Trial 11 finished with value: 0.6744417658470142 and parameters: {'n_neighbors': 3, 'leaf_size': 40, 'p': 2}. Best is trial 4 with value: 0.6744417658470142.
[I 2026-04-13 12:47:53,487] Trial 12 finished with value: 0.6403122321472845 and parameters: {'n_neighbors': 4, 'leaf_size': 37, 'p': 2}. Best is trial 4 with value: 0.6744417658470142.
[I 2026-04-13 12:47:53,801] Trial 13 finished with value: 0.6403122321472845 and parameters: {'n_neighbors': 4, 'leaf_size': 24, 'p': 2}. Best is trial 4 with value: 0.6744417658470142.
[I 2026-04-13 12:47:54,156] Trial 14 finished with value: 0.6670456028893434 and parameters: {'n_neighbors': 5, 'leaf_size': 35, 'p': 2}. Best is trial 4 with value: 0.6744417658470142.
[I 2026-04-13 12:47:54,489] Trial 15 finished with value: 0.6403122321472845 and parameters: {'n_neighbors': 4, 'leaf_size': 28, 'p': 2}. Best is trial 4 with value: 0.6744417658470142.
[I 2026-04-13 12:47:54,846] Trial 16 finished with value: 0.6744417658470142 and parameters: {'n_neighbors': 3, 'leaf_size': 38, 'p': 2}. Best is trial 4 with value: 0.6744417658470142.
[I 2026-04-13 12:47:55,212] Trial 17 finished with value: 0.6670456028893434 and parameters: {'n_neighbors': 5, 'leaf_size': 34, 'p': 2}. Best is trial 4 with value: 0.6744417658470142.
[I 2026-04-13 12:47:56,689] Trial 18 finished with value: 0.6379294624578645 and parameters: {'n_neighbors': 5, 'leaf_size': 30, 'p': 1}. Best is trial 4 with value: 0.6744417658470142.
[I 2026-04-13 12:47:57,159] Trial 19 finished with value: 0.6599770867339348 and parameters: {'n_neighbors': 9, 'leaf_size': 26, 'p': 2}. Best is trial 4 with value: 0.6744417658470142.
[I 2026-04-13 12:47:57,881] Trial 20 finished with value: 0.6431958832523936 and parameters: {'n_neighbors': 8, 'leaf_size': 37, 'p': 2}. Best is trial 4 with value: 0.6744417658470142.
[I 2026-04-13 12:47:58,639] Trial 21 finished with value: 0.6744417658470142 and parameters: {'n_neighbors': 3, 'leaf_size': 40, 'p': 2}. Best is trial 4 with value: 0.6744417658470142.
[I 2026-04-13 12:47:59,290] Trial 22 finished with value: 0.6744417658470142 and parameters: {'n_neighbors': 3, 'leaf_size': 40, 'p': 2}. Best is trial 4 with value: 0.6744417658470142.
[I 2026-04-13 12:47:59,832] Trial 23 finished with value: 0.6403122321472845 and parameters: {'n_neighbors': 4, 'leaf_size': 38, 'p': 2}. Best is trial 4 with value: 0.6744417658470142.
[I 2026-04-13 12:48:00,480] Trial 24 finished with value: 0.6744417658470142 and parameters: {'n_neighbors': 3, 'leaf_size': 33, 'p': 2}. Best is trial 4 with value: 0.6744417658470142.
[I 2026-04-13 12:48:01,113] Trial 25 finished with value: 0.6403122321472845 and parameters: {'n_neighbors': 4, 'leaf_size': 36, 'p': 2}. Best is trial 4 with value: 0.6744417658470142.
[I 2026-04-13 12:48:03,281] Trial 26 finished with value: 0.6379294624578645 and parameters: {'n_neighbors': 5, 'leaf_size': 39, 'p': 1}. Best is trial 4 with value: 0.6744417658470142.
[I 2026-04-13 12:48:03,630] Trial 27 finished with value: 0.6744417658470142 and parameters: {'n_neighbors': 3, 'leaf_size': 34, 'p': 2}. Best is trial 4 with value: 0.6744417658470142.
