[I 2026-04-13 13:07:46,768] Trial 24 finished with value: 0.6 and parameters: {'n_estimators': 132, 'max_depth': 7, 'min_samples_split': 9, 'min_samples_leaf': 7}. Best is trial 0 with value: 1.0.
[I 2026-04-13 13:07:47,214] Trial 25 finished with value: 1.0 and parameters: {'n_estimators': 295, 'max_depth': 4, 'min_samples_split': 7, 'min_samples_leaf': 5}. Best is trial 0 with value: 1.0.
[I 2026-04-13 13:07:47,715] Trial 26 finished with value: 1.0 and parameters: {'n_estimators': 399, 'max_depth': 14, 'min_samples_split': 5, 'min_samples_leaf': 1}. Best is trial 0 with value: 1.0.
[I 2026-04-13 13:07:48,034] Trial 27 finished with value: 1.0 and parameters: {'n_estimators': 216, 'max_depth': 5, 'min_samples_split': 9, 'min_samples_leaf': 3}. Best is trial 0 with value: 1.0.
[I 2026-04-13 13:07:48,508] Trial 28 finished with value: 0.5 and parameters: {'n_estimators': 377, 'max_depth': 19, 'min_samples_split': 3, 'min_samples_leaf': 10}. Best is trial 0 with value: 1.0.
[I 2026-04-13 13:07:48,751] Trial 29 finished with value: 1.0 and parameters: {'n_estimators': 127, 'max_depth': 10, 'min_samples_split': 6, 'min_samples_leaf': 4}. Best is trial 0 with value: 1.0.
[I 2026-04-13 13:07:49,037] A new study created in memory with name: mlp
[I 2026-04-13 13:07:49,112] Trial 0 finished with value: 1.0 and parameters: {'hidden_layer_sizes': (200,), 'max_iter': 100, 'alpha': 0.001}. Best is trial 0 with value: 1.0.
[I 2026-04-13 13:07:49,180] Trial 1 finished with value: 1.0 and parameters: {'hidden_layer_sizes': (100, 100), 'max_iter': 100, 'alpha': 0.0001}. Best is trial 0 with value: 1.0.
[I 2026-04-13 13:07:49,259] Trial 2 finished with value: 1.0 and parameters: {'hidden_layer_sizes': (100, 100), 'max_iter': 50, 'alpha': 0.0001}. Best is trial 0 with value: 1.0.
[I 2026-04-13 13:07:49,318] Trial 3 finished with value: 1.0 and parameters: {'hidden_layer_sizes': (200,), 'max_iter': 50, 'alpha': 0.0001}. Best is trial 0 with value: 1.0.
[I 2026-04-13 13:07:49,375] Trial 4 finished with value: 1.0 and parameters: {'hidden_layer_sizes': (200,), 'max_iter': 100, 'alpha': 0.001}. Best is trial 0 with value: 1.0.
[I 2026-04-13 13:07:49,420] Trial 5 finished with value: 1.0 and parameters: {'hidden_layer_sizes': (200,), 'max_iter': 100, 'alpha': 0.0001}. Best is trial 0 with value: 1.0.
[I 2026-04-13 13:07:49,476] Trial 6 finished with value: 1.0 and parameters: {'hidden_layer_sizes': (100, 100), 'max_iter': 100, 'alpha': 0.001}. Best is trial 0 with value: 1.0.
[I 2026-04-13 13:07:49,524] Trial 7 finished with value: 1.0 and parameters: {'hidden_layer_sizes': (200,), 'max_iter': 50, 'alpha': 0.001}. Best is trial 0 with value: 1.0.
[I 2026-04-13 13:07:49,583] Trial 8 finished with value: 1.0 and parameters: {'hidden_layer_sizes': (100,), 'max_iter': 100, 'alpha': 0.001}. Best is trial 0 with value: 1.0.
[I 2026-04-13 13:07:49,641] Trial 9 finished with value: 1.0 and parameters: {'hidden_layer_sizes': (200,), 'max_iter': 50, 'alpha': 0.001}. Best is trial 0 with value: 1.0.
[I 2026-04-13 13:07:49,710] Trial 10 finished with value: 1.0 and parameters: {'hidden_layer_sizes': (100,), 'max_iter': 100, 'alpha': 0.001}. Best is trial 0 with value: 1.0.
[I 2026-04-13 13:07:49,766] Trial 11 finished with value: 1.0 and parameters: {'hidden_layer_sizes': (100, 100), 'max_iter': 100, 'alpha': 0.0001}. Best is trial 0 with value: 1.0.
[I 2026-04-13 13:07:49,817] Trial 12 finished with value: 1.0 and parameters: {'hidden_layer_sizes': (100, 100), 'max_iter': 100, 'alpha': 0.0001}. Best is trial 0 with value: 1.0.
[I 2026-04-13 13:07:49,895] Trial 13 finished with value: 1.0 and parameters: {'hidden_layer_sizes': (100, 100), 'max_iter': 100, 'alpha': 0.0001}. Best is trial 0 with value: 1.0.
[I 2026-04-13 13:07:49,953] Trial 14 finished with value: 1.0 and parameters: {'hidden_layer_sizes': (100,), 'max_iter': 100, 'alpha': 0.001}. Best is trial 0 with value: 1.0.
[I 2026-04-13 13:07:50,011] Trial 15 finished with value: 1.0 and parameters: {'hidden_layer_sizes': (200,), 'max_iter': 100, 'alpha': 0.0001}. Best is trial 0 with value: 1.0.
[I 2026-04-13 13:07:50,079] Trial 16 finished with value: 1.0 and parameters: {'hidden_layer_sizes': (100, 100), 'max_iter': 100, 'alpha': 0.001}. Best is trial 0 with value: 1.0.
[I 2026-04-13 13:07:50,137] Trial 17 finished with value: 1.0 and parameters: {'hidden_layer_sizes': (200,), 'max_iter': 100, 'alpha': 0.0001}. Best is trial 0 with value: 1.0.
[I 2026-04-13 13:07:50,203] Trial 18 finished with value: 1.0 and parameters: {'hidden_layer_sizes': (100, 100), 'max_iter': 50, 'alpha': 0.0001}. Best is trial 0 with value: 1.0.
[I 2026-04-13 13:07:50,275] Trial 19 finished with value: 1.0 and parameters: {'hidden_layer_sizes': (100,), 'max_iter': 100, 'alpha': 0.001}. Best is trial 0 with value: 1.0.
[I 2026-04-13 13:07:50,333] Trial 20 finished with value: 1.0 and parameters: {'hidden_layer_sizes': (100, 100), 'max_iter': 100, 'alpha': 0.001}. Best is trial 0 with value: 1.0.
[I 2026-04-13 13:07:50,392] Trial 21 finished with value: 1.0 and parameters: {'hidden_layer_sizes': (100, 100), 'max_iter': 50, 'alpha': 0.0001}. Best is trial 0 with value: 1.0.
[I 2026-04-13 13:07:50,451] Trial 22 finished with value: 1.0 and parameters: {'hidden_layer_sizes': (100, 100), 'max_iter': 50, 'alpha': 0.0001}. Best is trial 0 with value: 1.0.
[I 2026-04-13 13:07:50,500] Trial 23 finished with value: 1.0 and parameters: {'hidden_layer_sizes': (100, 100), 'max_iter': 50, 'alpha': 0.0001}. Best is trial 0 with value: 1.0.
[I 2026-04-13 13:07:50,551] Trial 24 finished with value: 1.0 and parameters: {'hidden_layer_sizes': (100, 100), 'max_iter': 50, 'alpha': 0.0001}. Best is trial 0 with value: 1.0.
[I 2026-04-13 13:07:50,608] Trial 25 finished with value: 1.0 and parameters: {'hidden_layer_sizes': (200,), 'max_iter': 50, 'alpha': 0.0001}. Best is trial 0 with value: 1.0.
[I 2026-04-13 13:07:50,667] Trial 26 finished with value: 1.0 and parameters: {'hidden_layer_sizes': (100, 100), 'max_iter': 50, 'alpha': 0.0001}. Best is trial 0 with value: 1.0.
[I 2026-04-13 13:07:50,735] Trial 27 finished with value: 1.0 and parameters: {'hidden_layer_sizes': (100, 100), 'max_iter': 100, 'alpha': 0.0001}. Best is trial 0 with value: 1.0.
[I 2026-04-13 13:07:50,784] Trial 28 finished with value: 1.0 and parameters: {'hidden_layer_sizes': (100,), 'max_iter': 50, 'alpha': 0.001}. Best is trial 0 with value: 1.0.
[I 2026-04-13 13:07:50,851] Trial 29 finished with value: 1.0 and parameters: {'hidden_layer_sizes': (200,), 'max_iter': 50, 'alpha': 0.0001}. Best is trial 0 with value: 1.0.
[I 2026-04-13 13:07:51,058] A new study created in memory with name: naive_bayes
[I 2026-04-13 13:07:51,072] Trial 0 finished with value: 1.0 and parameters: {'var_smoothing': 1.0489343501429862e-10}. Best is trial 0 with value: 1.0.
[I 2026-04-13 13:07:51,084] Trial 1 finished with value: 1.0 and parameters: {'var_smoothing': 1.0086701860885373e-09}. Best is trial 0 with value: 1.0.
[I 2026-04-13 13:07:51,097] Trial 2 finished with value: 1.0 and parameters: {'var_smoothing': 9.807235097598006e-10}. Best is trial 0 with value: 1.0.
[I 2026-04-13 13:07:51,109] Trial 3 finished with value: 1.0 and parameters: {'var_smoothing': 1.8520770828517824e-10}. Best is trial 0 with value: 1.0.
[I 2026-04-13 13:07:51,122] Trial 4 finished with value: 1.0 and parameters: {'var_smoothing': 1.9240757716714087e-10}. Best is trial 0 with value: 1.0.
[I 2026-04-13 13:07:51,135] Trial 5 finished with value: 1.0 and parameters: {'var_smoothing': 2.736007926537145e-10}. Best is trial 0 with value: 1.0.
[I 2026-04-13 13:07:51,149] Trial 6 finished with value: 1.0 and parameters: {'var_smoothing': 6.87094324185739e-10}. Best is trial 0 with value: 1.0.
[I 2026-04-13 13:07:51,162] Trial 7 finished with value: 1.0 and parameters: {'var_smoothing': 3.134745855231349e-10}. Best is trial 0 with value: 1.0.
[I 2026-04-13 13:07:51,175] Trial 8 finished with value: 1.0 and parameters: {'var_smoothing': 1.4727170077821783e-10}. Best is trial 0 with value: 1.0.
[I 2026-04-13 13:07:51,199] Trial 9 finished with value: 1.0 and parameters: {'var_smoothing': 4.909048017047017e-10}. Best is trial 0 with value: 1.0.
[I 2026-04-13 13:07:51,215] Trial 10 finished with value: 1.0 and parameters: {'var_smoothing': 4.226228455594519e-09}. Best is trial 0 with value: 1.0.
[I 2026-04-13 13:07:51,235] Trial 11 finished with value: 1.0 and parameters: {'var_smoothing': 2.8481546791169343e-09}. Best is trial 0 with value: 1.0.
[I 2026-04-13 13:07:51,256] Trial 12 finished with value: 1.0 and parameters: {'var_smoothing': 1.9032336526904254e-09}. Best is trial 0 with value: 1.0.
[I 2026-04-13 13:07:51,272] Trial 13 finished with value: 1.0 and parameters: {'var_smoothing': 1.6192707465333408e-09}. Best is trial 0 with value: 1.0.
[I 2026-04-13 13:07:51,292] Trial 14 finished with value: 1.0 and parameters: {'var_smoothing': 1.0137193502251743e-10}. Best is trial 0 with value: 1.0.
[I 2026-04-13 13:07:51,308] Trial 15 finished with value: 1.0 and parameters: {'var_smoothing': 7.233291262560306e-09}. Best is trial 0 with value: 1.0.
[I 2026-04-13 13:07:51,323] Trial 16 finished with value: 1.0 and parameters: {'var_smoothing': 5.636880428096003e-10}. Best is trial 0 with value: 1.0.
[I 2026-04-13 13:07:51,343] Trial 17 finished with value: 1.0 and parameters: {'var_smoothing': 1.2682382630515742e-09}. Best is trial 0 with value: 1.0.
[I 2026-04-13 13:07:51,360] Trial 18 finished with value: 1.0 and parameters: {'var_smoothing': 3.934685686653308e-10}. Best is trial 0 with value: 1.0.
[I 2026-04-13 13:07:51,375] Trial 19 finished with value: 1.0 and parameters: {'var_smoothing': 8.419551297505738e-10}. Best is trial 0 with value: 1.0.
[I 2026-04-13 13:07:51,392] Trial 20 finished with value: 1.0 and parameters: {'var_smoothing': 2.608399883647147e-09}. Best is trial 0 with value: 1.0.
[I 2026-04-13 13:07:51,408] Trial 21 finished with value: 1.0 and parameters: {'var_smoothing': 1.1043065925699652e-09}. Best is trial 0 with value: 1.0.
[I 2026-04-13 13:07:51,425] Trial 22 finished with value: 1.0 and parameters: {'var_smoothing': 7.818254747144452e-09}. Best is trial 0 with value: 1.0.
[I 2026-04-13 13:07:51,445] Trial 23 finished with value: 1.0 and parameters: {'var_smoothing': 4.506881416225629e-09}. Best is trial 0 with value: 1.0.
[I 2026-04-13 13:07:51,463] Trial 24 finished with value: 1.0 and parameters: {'var_smoothing': 8.370195589160265e-10}. Best is trial 0 with value: 1.0.
[I 2026-04-13 13:07:51,480] Trial 25 finished with value: 1.0 and parameters: {'var_smoothing': 1.4246564400615985e-09}. Best is trial 0 with value: 1.0.
[I 2026-04-13 13:07:51,497] Trial 26 finished with value: 1.0 and parameters: {'var_smoothing': 1.055993505169999e-10}. Best is trial 0 with value: 1.0.
[I 2026-04-13 13:07:51,529] Trial 27 finished with value: 1.0 and parameters: {'var_smoothing': 2.338070103551991e-09}. Best is trial 0 with value: 1.0.
[I 2026-04-13 13:07:51,545] Trial 28 finished with value: 1.0 and parameters: {'var_smoothing': 2.9749637796955326e-10}. Best is trial 0 with value: 1.0.
[I 2026-04-13 13:07:51,565] Trial 29 finished with value: 1.0 and parameters: {'var_smoothing': 2.1414596138226606e-10}. Best is trial 0 with value: 1.0.
[I 2026-04-13 13:07:51,595] A new study created in memory with name: logreg
[I 2026-04-13 13:07:51,609] Trial 0 finished with value: 0.95 and parameters: {'C': 0.0011268620922535318, 'penalty': 'l2'}. Best is trial 0 with value: 0.95.
[I 2026-04-13 13:07:51,633] Trial 1 finished with value: 1.0 and parameters: {'C': 0.32312678588710475, 'penalty': 'l2'}. Best is trial 1 with value: 1.0.
[I 2026-04-13 13:07:51,657] Trial 2 finished with value: 1.0 and parameters: {'C': 0.3012079745112611, 'penalty': 'l2'}. Best is trial 1 with value: 1.0.
[I 2026-04-13 13:07:51,683] Trial 3 finished with value: 0.95 and parameters: {'C': 0.004668180550042529, 'penalty': 'l2'}. Best is trial 1 with value: 1.0.
[I 2026-04-13 13:07:51,707] Trial 4 finished with value: 0.95 and parameters: {'C': 0.005135177115384908, 'penalty': 'l2'}. Best is trial 1 with value: 1.0.
[I 2026-04-13 13:07:51,721] Trial 5 finished with value: 0.95 and parameters: {'C': 0.01238207351349697, 'penalty': 'l2'}. Best is trial 1 with value: 1.0.
[I 2026-04-13 13:07:51,745] Trial 6 finished with value: 1.0 and parameters: {'C': 0.12374877330306278, 'penalty': 'l2'}. Best is trial 1 with value: 1.0.
[I 2026-04-13 13:07:51,760] Trial 7 finished with value: 0.95 and parameters: {'C': 0.017398261017749217, 'penalty': 'l2'}. Best is trial 1 with value: 1.0.
[I 2026-04-13 13:07:51,784] Trial 8 finished with value: 0.95 and parameters: {'C': 0.002632074973627294, 'penalty': 'l2'}. Best is trial 1 with value: 1.0.
[I 2026-04-13 13:07:51,811] Trial 9 finished with value: 0.95 and parameters: {'C': 0.053394091359671186, 'penalty': 'l2'}. Best is trial 1 with value: 1.0.
[I 2026-04-13 13:07:51,842] Trial 10 finished with value: 1.0 and parameters: {'C': 9.528231497855979, 'penalty': 'l2'}. Best is trial 1 with value: 1.0.
[I 2026-04-13 13:07:51,873] Trial 11 finished with value: 1.0 and parameters: {'C': 1.6062566172635413, 'penalty': 'l2'}. Best is trial 1 with value: 1.0.
[I 2026-04-13 13:07:51,902] Trial 12 finished with value: 1.0 and parameters: {'C': 1.2874726910568237, 'penalty': 'l2'}. Best is trial 1 with value: 1.0.
[I 2026-04-13 13:07:51,941] Trial 13 finished with value: 1.0 and parameters: {'C': 0.5733701729424704, 'penalty': 'l2'}. Best is trial 1 with value: 1.0.
[I 2026-04-13 13:07:51,958] Trial 14 finished with value: 1.0 and parameters: {'C': 15.120040276017736, 'penalty': 'l2'}. Best is trial 1 with value: 1.0.
[I 2026-04-13 13:07:51,989] Trial 15 finished with value: 1.0 and parameters: {'C': 0.2522645130130629, 'penalty': 'l2'}. Best is trial 1 with value: 1.0.
[I 2026-04-13 13:07:52,007] Trial 16 finished with value: 1.0 and parameters: {'C': 3.7693006462440435, 'penalty': 'l2'}. Best is trial 1 with value: 1.0.
[I 2026-04-13 13:07:52,034] Trial 17 finished with value: 1.0 and parameters: {'C': 63.26611529542456, 'penalty': 'l2'}. Best is trial 1 with value: 1.0.
[I 2026-04-13 13:07:52,061] Trial 18 finished with value: 1.0 and parameters: {'C': 0.06992661290805088, 'penalty': 'l2'}. Best is trial 1 with value: 1.0.
[I 2026-04-13 13:07:52,081] Trial 19 finished with value: 1.0 and parameters: {'C': 0.3569380717309879, 'penalty': 'l2'}. Best is trial 1 with value: 1.0.
[I 2026-04-13 13:07:52,098] Trial 20 finished with value: 1.0 and parameters: {'C': 0.92082403872318, 'penalty': 'l2'}. Best is trial 1 with value: 1.0.
[I 2026-04-13 13:07:52,119] Trial 21 finished with value: 1.0 and parameters: {'C': 0.15453411931857106, 'penalty': 'l2'}. Best is trial 1 with value: 1.0.
[I 2026-04-13 13:07:52,150] Trial 22 finished with value: 1.0 and parameters: {'C': 0.08607700568535345, 'penalty': 'l2'}. Best is trial 1 with value: 1.0.
[I 2026-04-13 13:07:52,182] Trial 23 finished with value: 0.95 and parameters: {'C': 0.051620415715521104, 'penalty': 'l2'}. Best is trial 1 with value: 1.0.
[I 2026-04-13 13:07:52,214] Trial 24 finished with value: 0.95 and parameters: {'C': 0.017920877527106447, 'penalty': 'l2'}. Best is trial 1 with value: 1.0.
[I 2026-04-13 13:07:52,245] Trial 25 finished with value: 1.0 and parameters: {'C': 3.0811562685918794, 'penalty': 'l2'}. Best is trial 1 with value: 1.0.
[I 2026-04-13 13:07:52,263] Trial 26 finished with value: 1.0 and parameters: {'C': 0.17255714229744645, 'penalty': 'l2'}. Best is trial 1 with value: 1.0.
[I 2026-04-13 13:07:52,281] Trial 27 finished with value: 1.0 and parameters: {'C': 0.376691425380769, 'penalty': 'l2'}. Best is trial 1 with value: 1.0.
[I 2026-04-13 13:07:52,314] Trial 28 finished with value: 0.95 and parameters: {'C': 0.03431590980628446, 'penalty': 'l2'}. Best is trial 1 with value: 1.0.
[I 2026-04-13 13:07:52,332] Trial 29 finished with value: 1.0 and parameters: {'C': 0.1424743909884423, 'penalty': 'l2'}. Best is trial 1 with value: 1.0.
[I 2026-04-13 13:07:52,402] A new study created in memory with name: knn
[I 2026-04-13 13:07:52,416] Trial 0 finished with value: 1.0 and parameters: {'n_neighbors': 3, 'leaf_size': 30, 'p': 1}. Best is trial 0 with value: 1.0.
[I 2026-04-13 13:07:52,428] Trial 1 finished with value: 1.0 and parameters: {'n_neighbors': 4, 'leaf_size': 24, 'p': 1}. Best is trial 0 with value: 1.0.
[I 2026-04-13 13:07:52,443] Trial 2 finished with value: 1.0 and parameters: {'n_neighbors': 3, 'leaf_size': 27, 'p': 2}. Best is trial 0 with value: 1.0.
[I 2026-04-13 13:07:52,458] Trial 3 finished with value: 1.0 and parameters: {'n_neighbors': 10, 'leaf_size': 20, 'p': 1}. Best is trial 0 with value: 1.0.
[I 2026-04-13 13:07:52,474] Trial 4 finished with value: 1.0 and parameters: {'n_neighbors': 10, 'leaf_size': 34, 'p': 2}. Best is trial 0 with value: 1.0.
[I 2026-04-13 13:07:52,489] Trial 5 finished with value: 1.0 and parameters: {'n_neighbors': 6, 'leaf_size': 34, 'p': 1}. Best is trial 0 with value: 1.0.
[I 2026-04-13 13:07:52,505] Trial 6 finished with value: 1.0 and parameters: {'n_neighbors': 10, 'leaf_size': 36, 'p': 1}. Best is trial 0 with value: 1.0.
[I 2026-04-13 13:07:52,520] Trial 7 finished with value: 0.95 and parameters: {'n_neighbors': 7, 'leaf_size': 39, 'p': 2}. Best is trial 0 with value: 1.0.
[I 2026-04-13 13:07:52,536] Trial 8 finished with value: 1.0 and parameters: {'n_neighbors': 10, 'leaf_size': 23, 'p': 2}. Best is trial 0 with value: 1.0.
[I 2026-04-13 13:07:52,552] Trial 9 finished with value: 1.0 and parameters: {'n_neighbors': 10, 'leaf_size': 35, 'p': 2}. Best is trial 0 with value: 1.0.
[I 2026-04-13 13:07:52,576] Trial 10 finished with value: 1.0 and parameters: {'n_neighbors': 5, 'leaf_size': 30, 'p': 1}. Best is trial 0 with value: 1.0.
[I 2026-04-13 13:07:52,597] Trial 11 finished with value: 1.0 and parameters: {'n_neighbors': 3, 'leaf_size': 26, 'p': 1}. Best is trial 0 with value: 1.0.
[I 2026-04-13 13:07:52,623] Trial 12 finished with value: 1.0 and parameters: {'n_neighbors': 4, 'leaf_size': 29, 'p': 1}. Best is trial 0 with value: 1.0.
[I 2026-04-13 13:07:52,647] Trial 13 finished with value: 1.0 and parameters: {'n_neighbors': 5, 'leaf_size': 24, 'p': 1}. Best is trial 0 with value: 1.0.
[I 2026-04-13 13:07:52,666] Trial 14 finished with value: 0.95 and parameters: {'n_neighbors': 8, 'leaf_size': 20, 'p': 1}. Best is trial 0 with value: 1.0.
[I 2026-04-13 13:07:52,702] Trial 15 finished with value: 1.0 and parameters: {'n_neighbors': 4, 'leaf_size': 32, 'p': 1}. Best is trial 0 with value: 1.0.
[I 2026-04-13 13:07:52,722] Trial 16 finished with value: 1.0 and parameters: {'n_neighbors': 4, 'leaf_size': 27, 'p': 1}. Best is trial 0 with value: 1.0.
[I 2026-04-13 13:07:52,744] Trial 17 finished with value: 1.0 and parameters: {'n_neighbors': 3, 'leaf_size': 23, 'p': 1}. Best is trial 0 with value: 1.0.
[I 2026-04-13 13:07:52,766] Trial 18 finished with value: 1.0 and parameters: {'n_neighbors': 5, 'leaf_size': 31, 'p': 1}. Best is trial 0 with value: 1.0.
[I 2026-04-13 13:07:52,787] Trial 19 finished with value: 1.0 and parameters: {'n_neighbors': 6, 'leaf_size': 40, 'p': 1}. Best is trial 0 with value: 1.0.
[I 2026-04-13 13:07:52,811] Trial 20 finished with value: 0.95 and parameters: {'n_neighbors': 8, 'leaf_size': 25, 'p': 1}. Best is trial 0 with value: 1.0.
[I 2026-04-13 13:07:52,833] Trial 21 finished with value: 1.0 and parameters: {'n_neighbors': 3, 'leaf_size': 28, 'p': 2}. Best is trial 0 with value: 1.0.
[I 2026-04-13 13:07:52,862] Trial 22 finished with value: 1.0 and parameters: {'n_neighbors': 3, 'leaf_size': 22, 'p': 2}. Best is trial 0 with value: 1.0.
[I 2026-04-13 13:07:52,889] Trial 23 finished with value: 1.0 and parameters: {'n_neighbors': 4, 'leaf_size': 26, 'p': 2}. Best is trial 0 with value: 1.0.
[I 2026-04-13 13:07:52,917] Trial 24 finished with value: 1.0 and parameters: {'n_neighbors': 3, 'leaf_size': 28, 'p': 2}. Best is trial 0 with value: 1.0.
[I 2026-04-13 13:07:52,944] Trial 25 finished with value: 1.0 and parameters: {'n_neighbors': 4, 'leaf_size': 32, 'p': 2}. Best is trial 0 with value: 1.0.
[I 2026-04-13 13:07:52,974] Trial 26 finished with value: 1.0 and parameters: {'n_neighbors': 5, 'leaf_size': 29, 'p': 2}. Best is trial 0 with value: 1.0.
[I 2026-04-13 13:07:52,999] Trial 27 finished with value: 1.0 and parameters: {'n_neighbors': 3, 'leaf_size': 25, 'p': 1}. Best is trial 0 with value: 1.0.
[I 2026-04-13 13:07:53,027] Trial 28 finished with value: 1.0 and parameters: {'n_neighbors': 4, 'leaf_size': 27, 'p': 2}. Best is trial 0 with value: 1.0.
[I 2026-04-13 13:07:53,059] Trial 29 finished with value: 1.0 and parameters: {'n_neighbors': 6, 'leaf_size': 21, 'p': 1}. Best is trial 0 with value: 1.0.
[I 2026-04-13 13:07:53,096] A new study created in memory with name: xgb
[I 2026-04-13 13:07:53,134] Trial 0 finished with value: 1.0 and parameters: {'n_estimators': 40, 'max_depth': 30, 'gamma': 0.47665736245940726, 'subsample': 0.6240505842067796, 'colsample_bytree': 0.542029825582675}. Best is trial 0 with value: 1.0.
[I 2026-04-13 13:07:53,181] Trial 1 finished with value: 0.95 and parameters: {'n_estimators': 100, 'max_depth': 5, 'gamma': 0.6154838340124683, 'subsample': 0.9490035591125747, 'colsample_bytree': 0.8334494864598183}. Best is trial 0 with value: 1.0.
[I 2026-04-13 13:07:53,206] Trial 2 finished with value: 0.95 and parameters: {'n_estimators': 40, 'max_depth': 20, 'gamma': 0.9464719685739904, 'subsample': 0.9018698850061588, 'colsample_bytree': 0.9916796241121663}. Best is trial 0 with value: 1.0.
[I 2026-04-13 13:07:53,243] Trial 3 finished with value: 0.95 and parameters: {'n_estimators': 100, 'max_depth': 30, 'gamma': 0.26698751824101463, 'subsample': 0.6215578376567042, 'colsample_bytree': 0.9367004215505623}. Best is trial 0 with value: 1.0.
