[I 2026-04-13 13:11:18,846] Trial 24 finished with value: 0.775 and parameters: {'n_neighbors': 6, 'leaf_size': 40, 'p': 2}. Best is trial 2 with value: 0.85.
[I 2026-04-13 13:11:18,873] Trial 25 finished with value: 0.775 and parameters: {'n_neighbors': 7, 'leaf_size': 34, 'p': 2}. Best is trial 2 with value: 0.85.
[I 2026-04-13 13:11:18,899] Trial 26 finished with value: 0.75 and parameters: {'n_neighbors': 3, 'leaf_size': 36, 'p': 1}. Best is trial 2 with value: 0.85.
[I 2026-04-13 13:11:18,926] Trial 27 finished with value: 0.775 and parameters: {'n_neighbors': 4, 'leaf_size': 30, 'p': 2}. Best is trial 2 with value: 0.85.
[I 2026-04-13 13:11:18,952] Trial 28 finished with value: 0.85 and parameters: {'n_neighbors': 5, 'leaf_size': 25, 'p': 2}. Best is trial 2 with value: 0.85.
[I 2026-04-13 13:11:18,978] Trial 29 finished with value: 0.7 and parameters: {'n_neighbors': 6, 'leaf_size': 33, 'p': 1}. Best is trial 2 with value: 0.85.
[I 2026-04-13 13:11:19,019] A new study created in memory with name: xgb
[I 2026-04-13 13:11:19,046] Trial 0 finished with value: 0.9 and parameters: {'n_estimators': 10, 'max_depth': 30, 'gamma': 0.5768356259735394, 'subsample': 0.7094037142783272, 'colsample_bytree': 0.6677039246366646}. Best is trial 0 with value: 0.9.
[I 2026-04-13 13:11:19,082] Trial 1 finished with value: 0.95 and parameters: {'n_estimators': 100, 'max_depth': 30, 'gamma': 0.9912018442360747, 'subsample': 0.9099290984609207, 'colsample_bytree': 0.7066004674080903}. Best is trial 1 with value: 0.95.
[I 2026-04-13 13:11:19,109] Trial 2 finished with value: 0.9 and parameters: {'n_estimators': 10, 'max_depth': 20, 'gamma': 0.7382185757030506, 'subsample': 0.7704684271512641, 'colsample_bytree': 0.5624120871903049}. Best is trial 1 with value: 0.95.
[I 2026-04-13 13:11:19,139] Trial 3 finished with value: 0.85 and parameters: {'n_estimators': 10, 'max_depth': 20, 'gamma': 0.7041784887453524, 'subsample': 0.7995029565695583, 'colsample_bytree': 0.8586660727777565}. Best is trial 1 with value: 0.95.
[I 2026-04-13 13:11:19,166] Trial 4 finished with value: 0.875 and parameters: {'n_estimators': 10, 'max_depth': 20, 'gamma': 0.46549701645255037, 'subsample': 0.9946899241400011, 'colsample_bytree': 0.725249640372583}. Best is trial 1 with value: 0.95.
[I 2026-04-13 13:11:19,196] Trial 5 finished with value: 0.85 and parameters: {'n_estimators': 40, 'max_depth': 20, 'gamma': 0.3554734452019276, 'subsample': 0.5947710951851903, 'colsample_bytree': 0.7356254823676576}. Best is trial 1 with value: 0.95.
[I 2026-04-13 13:11:19,222] Trial 6 finished with value: 0.85 and parameters: {'n_estimators': 40, 'max_depth': 20, 'gamma': 0.8967376717636345, 'subsample': 0.988276510203839, 'colsample_bytree': 0.9184542964535913}. Best is trial 1 with value: 0.95.
[I 2026-04-13 13:11:19,250] Trial 7 finished with value: 0.85 and parameters: {'n_estimators': 40, 'max_depth': 30, 'gamma': 0.7149068474388774, 'subsample': 0.5696358027454862, 'colsample_bytree': 0.8514125286992056}. Best is trial 1 with value: 0.95.
[I 2026-04-13 13:11:19,288] Trial 8 finished with value: 0.875 and parameters: {'n_estimators': 100, 'max_depth': 30, 'gamma': 0.2471398756881566, 'subsample': 0.8241126205332553, 'colsample_bytree': 0.6258070715852391}. Best is trial 1 with value: 0.95.
[I 2026-04-13 13:11:19,316] Trial 9 finished with value: 0.875 and parameters: {'n_estimators': 40, 'max_depth': 30, 'gamma': 0.8599846034069103, 'subsample': 0.8019332783535529, 'colsample_bytree': 0.7936068454878676}. Best is trial 1 with value: 0.95.
[I 2026-04-13 13:11:19,363] Trial 10 finished with value: 0.875 and parameters: {'n_estimators': 100, 'max_depth': 5, 'gamma': 0.985518481083803, 'subsample': 0.8995678910481815, 'colsample_bytree': 0.5289314784806454}. Best is trial 1 with value: 0.95.
[I 2026-04-13 13:11:19,416] Trial 11 finished with value: 0.825 and parameters: {'n_estimators': 100, 'max_depth': 30, 'gamma': 0.14624016114659932, 'subsample': 0.6921174250057663, 'colsample_bytree': 0.6608770902048942}. Best is trial 1 with value: 0.95.
[I 2026-04-13 13:11:19,464] Trial 12 finished with value: 0.875 and parameters: {'n_estimators': 100, 'max_depth': 30, 'gamma': 0.5299926855017165, 'subsample': 0.6717905543378957, 'colsample_bytree': 0.651791846963555}. Best is trial 1 with value: 0.95.
[I 2026-04-13 13:11:19,501] Trial 13 finished with value: 0.925 and parameters: {'n_estimators': 10, 'max_depth': 5, 'gamma': 0.626711129198294, 'subsample': 0.8723720568174247, 'colsample_bytree': 0.712752570473077}. Best is trial 1 with value: 0.95.
[I 2026-04-13 13:11:19,546] Trial 14 finished with value: 0.925 and parameters: {'n_estimators': 100, 'max_depth': 5, 'gamma': 0.854523827543352, 'subsample': 0.8940181087620663, 'colsample_bytree': 0.7935079073326674}. Best is trial 1 with value: 0.95.
[I 2026-04-13 13:11:19,599] Trial 15 finished with value: 0.85 and parameters: {'n_estimators': 10, 'max_depth': 5, 'gamma': 0.642377143269734, 'subsample': 0.8992700522567758, 'colsample_bytree': 0.9943449401387315}. Best is trial 1 with value: 0.95.
[I 2026-04-13 13:11:19,640] Trial 16 finished with value: 0.925 and parameters: {'n_estimators': 10, 'max_depth': 5, 'gamma': 0.9968075502828853, 'subsample': 0.8639990551414577, 'colsample_bytree': 0.5974803088453761}. Best is trial 1 with value: 0.95.
[I 2026-04-13 13:11:19,688] Trial 17 finished with value: 0.85 and parameters: {'n_estimators': 100, 'max_depth': 5, 'gamma': 0.38056573090578727, 'subsample': 0.9425003482009009, 'colsample_bytree': 0.7499750197321264}. Best is trial 1 with value: 0.95.
[I 2026-04-13 13:11:19,730] Trial 18 finished with value: 0.9 and parameters: {'n_estimators': 100, 'max_depth': 5, 'gamma': 0.8045232978285917, 'subsample': 0.8522262197397629, 'colsample_bytree': 0.7022619691485179}. Best is trial 1 with value: 0.95.
[I 2026-04-13 13:11:19,768] Trial 19 finished with value: 0.85 and parameters: {'n_estimators': 10, 'max_depth': 5, 'gamma': 0.6027989046955259, 'subsample': 0.9416686538516683, 'colsample_bytree': 0.8189265954118949}. Best is trial 1 with value: 0.95.
[I 2026-04-13 13:11:19,817] Trial 20 finished with value: 0.825 and parameters: {'n_estimators': 100, 'max_depth': 30, 'gamma': 0.43388711794818885, 'subsample': 0.7373423778137582, 'colsample_bytree': 0.5887916643348862}. Best is trial 1 with value: 0.95.
[I 2026-04-13 13:11:19,862] Trial 21 finished with value: 0.875 and parameters: {'n_estimators': 100, 'max_depth': 5, 'gamma': 0.8820646450502578, 'subsample': 0.9146046506553885, 'colsample_bytree': 0.7835521408545081}. Best is trial 1 with value: 0.95.
[I 2026-04-13 13:11:19,900] Trial 22 finished with value: 0.875 and parameters: {'n_estimators': 100, 'max_depth': 5, 'gamma': 0.926177495941799, 'subsample': 0.8592839072914171, 'colsample_bytree': 0.708496403165453}. Best is trial 1 with value: 0.95.
[I 2026-04-13 13:11:19,940] Trial 23 finished with value: 0.85 and parameters: {'n_estimators': 100, 'max_depth': 5, 'gamma': 0.7732188351535549, 'subsample': 0.5053246695901766, 'colsample_bytree': 0.9124104362188231}. Best is trial 1 with value: 0.95.
[I 2026-04-13 13:11:20,003] Trial 24 finished with value: 0.875 and parameters: {'n_estimators': 100, 'max_depth': 5, 'gamma': 0.811024883072744, 'subsample': 0.954316432388794, 'colsample_bytree': 0.7962769874361846}. Best is trial 1 with value: 0.95.
[I 2026-04-13 13:11:20,045] Trial 25 finished with value: 0.925 and parameters: {'n_estimators': 10, 'max_depth': 5, 'gamma': 0.9433733025915431, 'subsample': 0.8772259908937491, 'colsample_bytree': 0.6971192102725574}. Best is trial 1 with value: 0.95.
[I 2026-04-13 13:11:20,097] Trial 26 finished with value: 0.9 and parameters: {'n_estimators': 100, 'max_depth': 30, 'gamma': 0.642357265342661, 'subsample': 0.8327245484540854, 'colsample_bytree': 0.7530175271207095}. Best is trial 1 with value: 0.95.
[I 2026-04-13 13:11:20,150] Trial 27 finished with value: 0.85 and parameters: {'n_estimators': 100, 'max_depth': 5, 'gamma': 0.8433979755533997, 'subsample': 0.9608768400281209, 'colsample_bytree': 0.8616942472047983}. Best is trial 1 with value: 0.95.
[I 2026-04-13 13:11:20,185] Trial 28 finished with value: 0.85 and parameters: {'n_estimators': 40, 'max_depth': 5, 'gamma': 0.5172259186655523, 'subsample': 0.7694528035885354, 'colsample_bytree': 0.7662189020872958}. Best is trial 1 with value: 0.95.
[I 2026-04-13 13:11:20,228] Trial 29 finished with value: 0.925 and parameters: {'n_estimators': 10, 'max_depth': 30, 'gamma': 0.6608238124809305, 'subsample': 0.9223453994816105, 'colsample_bytree': 0.6375906575756571}. Best is trial 1 with value: 0.95.
[I 2026-04-13 13:11:20,355] A new study created in memory with name: rf
[I 2026-04-13 13:11:20,934] Trial 0 finished with value: 0.825 and parameters: {'n_estimators': 458, 'max_depth': 8, 'min_samples_split': 9, 'min_samples_leaf': 1}. Best is trial 0 with value: 0.825.
[I 2026-04-13 13:11:21,149] Trial 1 finished with value: 0.8 and parameters: {'n_estimators': 143, 'max_depth': 13, 'min_samples_split': 6, 'min_samples_leaf': 5}. Best is trial 0 with value: 0.825.
[I 2026-04-13 13:11:21,475] Trial 2 finished with value: 0.825 and parameters: {'n_estimators': 234, 'max_depth': 14, 'min_samples_split': 5, 'min_samples_leaf': 8}. Best is trial 0 with value: 0.825.
[I 2026-04-13 13:11:21,863] Trial 3 finished with value: 0.775 and parameters: {'n_estimators': 307, 'max_depth': 13, 'min_samples_split': 7, 'min_samples_leaf': 10}. Best is trial 0 with value: 0.825.
[I 2026-04-13 13:11:22,373] Trial 4 finished with value: 0.775 and parameters: {'n_estimators': 428, 'max_depth': 10, 'min_samples_split': 9, 'min_samples_leaf': 9}. Best is trial 0 with value: 0.825.
[I 2026-04-13 13:11:22,582] Trial 5 finished with value: 0.775 and parameters: {'n_estimators': 121, 'max_depth': 15, 'min_samples_split': 9, 'min_samples_leaf': 8}. Best is trial 0 with value: 0.825.
[I 2026-04-13 13:11:23,061] Trial 6 finished with value: 0.8 and parameters: {'n_estimators': 384, 'max_depth': 12, 'min_samples_split': 3, 'min_samples_leaf': 10}. Best is trial 0 with value: 0.825.
[I 2026-04-13 13:11:23,391] Trial 7 finished with value: 0.775 and parameters: {'n_estimators': 261, 'max_depth': 6, 'min_samples_split': 8, 'min_samples_leaf': 10}. Best is trial 0 with value: 0.825.
[I 2026-04-13 13:11:23,647] Trial 8 finished with value: 0.8 and parameters: {'n_estimators': 202, 'max_depth': 15, 'min_samples_split': 7, 'min_samples_leaf': 8}. Best is trial 0 with value: 0.825.
[I 2026-04-13 13:11:24,249] Trial 9 finished with value: 0.825 and parameters: {'n_estimators': 475, 'max_depth': 9, 'min_samples_split': 4, 'min_samples_leaf': 5}. Best is trial 0 with value: 0.825.
[I 2026-04-13 13:11:24,683] Trial 10 finished with value: 0.8 and parameters: {'n_estimators': 352, 'max_depth': 20, 'min_samples_split': 10, 'min_samples_leaf': 1}. Best is trial 0 with value: 0.825.
[I 2026-04-13 13:11:25,087] Trial 11 finished with value: 0.85 and parameters: {'n_estimators': 230, 'max_depth': 4, 'min_samples_split': 5, 'min_samples_leaf': 1}. Best is trial 11 with value: 0.85.
[I 2026-04-13 13:11:25,725] Trial 12 finished with value: 0.85 and parameters: {'n_estimators': 489, 'max_depth': 3, 'min_samples_split': 2, 'min_samples_leaf': 1}. Best is trial 11 with value: 0.85.
[I 2026-04-13 13:11:26,108] Trial 13 finished with value: 0.8 and parameters: {'n_estimators': 309, 'max_depth': 3, 'min_samples_split': 2, 'min_samples_leaf': 3}. Best is trial 11 with value: 0.85.
[I 2026-04-13 13:11:26,453] Trial 14 finished with value: 0.875 and parameters: {'n_estimators': 192, 'max_depth': 3, 'min_samples_split': 2, 'min_samples_leaf': 3}. Best is trial 14 with value: 0.875.
[I 2026-04-13 13:11:26,684] Trial 15 finished with value: 0.825 and parameters: {'n_estimators': 176, 'max_depth': 6, 'min_samples_split': 4, 'min_samples_leaf': 3}. Best is trial 14 with value: 0.875.
[I 2026-04-13 13:11:27,034] Trial 16 finished with value: 0.775 and parameters: {'n_estimators': 250, 'max_depth': 5, 'min_samples_split': 5, 'min_samples_leaf': 3}. Best is trial 14 with value: 0.875.
[I 2026-04-13 13:11:27,214] Trial 17 finished with value: 0.9 and parameters: {'n_estimators': 102, 'max_depth': 5, 'min_samples_split': 3, 'min_samples_leaf': 2}. Best is trial 17 with value: 0.9.
[I 2026-04-13 13:11:27,424] Trial 18 finished with value: 0.825 and parameters: {'n_estimators': 104, 'max_depth': 7, 'min_samples_split': 3, 'min_samples_leaf': 4}. Best is trial 17 with value: 0.9.
[I 2026-04-13 13:11:27,674] Trial 19 finished with value: 0.85 and parameters: {'n_estimators': 164, 'max_depth': 18, 'min_samples_split': 3, 'min_samples_leaf': 6}. Best is trial 17 with value: 0.9.
[I 2026-04-13 13:11:28,005] Trial 20 finished with value: 0.8 and parameters: {'n_estimators': 193, 'max_depth': 10, 'min_samples_split': 2, 'min_samples_leaf': 2}. Best is trial 17 with value: 0.9.
[I 2026-04-13 13:11:28,312] Trial 21 finished with value: 0.825 and parameters: {'n_estimators': 204, 'max_depth': 4, 'min_samples_split': 4, 'min_samples_leaf': 2}. Best is trial 17 with value: 0.9.
[I 2026-04-13 13:11:28,548] Trial 22 finished with value: 0.875 and parameters: {'n_estimators': 141, 'max_depth': 5, 'min_samples_split': 5, 'min_samples_leaf': 2}. Best is trial 17 with value: 0.9.
[I 2026-04-13 13:11:28,763] Trial 23 finished with value: 0.85 and parameters: {'n_estimators': 143, 'max_depth': 5, 'min_samples_split': 3, 'min_samples_leaf': 4}. Best is trial 17 with value: 0.9.
[I 2026-04-13 13:11:28,949] Trial 24 finished with value: 0.825 and parameters: {'n_estimators': 107, 'max_depth': 7, 'min_samples_split': 6, 'min_samples_leaf': 2}. Best is trial 17 with value: 0.9.
[I 2026-04-13 13:11:29,152] Trial 25 finished with value: 0.825 and parameters: {'n_estimators': 146, 'max_depth': 5, 'min_samples_split': 2, 'min_samples_leaf': 4}. Best is trial 17 with value: 0.9.
[I 2026-04-13 13:11:29,576] Trial 26 finished with value: 0.825 and parameters: {'n_estimators': 274, 'max_depth': 3, 'min_samples_split': 4, 'min_samples_leaf': 6}. Best is trial 17 with value: 0.9.
[I 2026-04-13 13:11:29,794] Trial 27 finished with value: 0.85 and parameters: {'n_estimators': 127, 'max_depth': 8, 'min_samples_split': 3, 'min_samples_leaf': 2}. Best is trial 17 with value: 0.9.
[I 2026-04-13 13:11:30,064] Trial 28 finished with value: 0.8 and parameters: {'n_estimators': 171, 'max_depth': 6, 'min_samples_split': 6, 'min_samples_leaf': 3}. Best is trial 17 with value: 0.9.
[I 2026-04-13 13:11:30,221] Trial 29 finished with value: 0.825 and parameters: {'n_estimators': 101, 'max_depth': 8, 'min_samples_split': 5, 'min_samples_leaf': 1}. Best is trial 17 with value: 0.9.
[I 2026-04-13 13:11:30,489] A new study created in memory with name: mlp
[I 2026-04-13 13:11:30,544] Trial 0 finished with value: 0.825 and parameters: {'hidden_layer_sizes': (100,), 'max_iter': 100, 'alpha': 0.0001}. Best is trial 0 with value: 0.825.
[I 2026-04-13 13:11:30,629] Trial 1 finished with value: 0.825 and parameters: {'hidden_layer_sizes': (100, 100), 'max_iter': 100, 'alpha': 0.001}. Best is trial 0 with value: 0.825.
[I 2026-04-13 13:11:30,715] Trial 2 finished with value: 0.725 and parameters: {'hidden_layer_sizes': (200,), 'max_iter': 100, 'alpha': 0.0001}. Best is trial 0 with value: 0.825.
[I 2026-04-13 13:11:30,771] Trial 3 finished with value: 0.8 and parameters: {'hidden_layer_sizes': (200,), 'max_iter': 50, 'alpha': 0.001}. Best is trial 0 with value: 0.825.
[I 2026-04-13 13:11:30,838] Trial 4 finished with value: 0.85 and parameters: {'hidden_layer_sizes': (100, 100), 'max_iter': 50, 'alpha': 0.0001}. Best is trial 4 with value: 0.85.
[I 2026-04-13 13:11:30,902] Trial 5 finished with value: 0.775 and parameters: {'hidden_layer_sizes': (200,), 'max_iter': 100, 'alpha': 0.0001}. Best is trial 4 with value: 0.85.
[I 2026-04-13 13:11:31,000] Trial 6 finished with value: 0.8 and parameters: {'hidden_layer_sizes': (200,), 'max_iter': 100, 'alpha': 0.001}. Best is trial 4 with value: 0.85.
[I 2026-04-13 13:11:31,065] Trial 7 finished with value: 0.775 and parameters: {'hidden_layer_sizes': (100,), 'max_iter': 100, 'alpha': 0.001}. Best is trial 4 with value: 0.85.
[I 2026-04-13 13:11:31,141] Trial 8 finished with value: 0.8 and parameters: {'hidden_layer_sizes': (100, 100), 'max_iter': 100, 'alpha': 0.0001}. Best is trial 4 with value: 0.85.
[I 2026-04-13 13:11:31,210] Trial 9 finished with value: 0.775 and parameters: {'hidden_layer_sizes': (200,), 'max_iter': 100, 'alpha': 0.0001}. Best is trial 4 with value: 0.85.
[I 2026-04-13 13:11:31,258] Trial 10 finished with value: 0.8 and parameters: {'hidden_layer_sizes': (100, 100), 'max_iter': 50, 'alpha': 0.0001}. Best is trial 4 with value: 0.85.
[I 2026-04-13 13:11:31,297] Trial 11 finished with value: 0.825 and parameters: {'hidden_layer_sizes': (100,), 'max_iter': 50, 'alpha': 0.0001}. Best is trial 4 with value: 0.85.
[I 2026-04-13 13:11:31,346] Trial 12 finished with value: 0.8 and parameters: {'hidden_layer_sizes': (100,), 'max_iter': 50, 'alpha': 0.0001}. Best is trial 4 with value: 0.85.
[I 2026-04-13 13:11:31,399] Trial 13 finished with value: 0.75 and parameters: {'hidden_layer_sizes': (100,), 'max_iter': 50, 'alpha': 0.0001}. Best is trial 4 with value: 0.85.
[I 2026-04-13 13:11:31,467] Trial 14 finished with value: 0.875 and parameters: {'hidden_layer_sizes': (100, 100), 'max_iter': 50, 'alpha': 0.0001}. Best is trial 14 with value: 0.875.
[I 2026-04-13 13:11:31,534] Trial 15 finished with value: 0.825 and parameters: {'hidden_layer_sizes': (100, 100), 'max_iter': 50, 'alpha': 0.0001}. Best is trial 14 with value: 0.875.
[I 2026-04-13 13:11:31,592] Trial 16 finished with value: 0.825 and parameters: {'hidden_layer_sizes': (100, 100), 'max_iter': 50, 'alpha': 0.0001}. Best is trial 14 with value: 0.875.
[I 2026-04-13 13:11:31,649] Trial 17 finished with value: 0.825 and parameters: {'hidden_layer_sizes': (100, 100), 'max_iter': 50, 'alpha': 0.0001}. Best is trial 14 with value: 0.875.
[I 2026-04-13 13:11:31,709] Trial 18 finished with value: 0.775 and parameters: {'hidden_layer_sizes': (100, 100), 'max_iter': 50, 'alpha': 0.001}. Best is trial 14 with value: 0.875.
[I 2026-04-13 13:11:31,767] Trial 19 finished with value: 0.825 and parameters: {'hidden_layer_sizes': (100, 100), 'max_iter': 50, 'alpha': 0.0001}. Best is trial 14 with value: 0.875.
[I 2026-04-13 13:11:31,825] Trial 20 finished with value: 0.8 and parameters: {'hidden_layer_sizes': (100, 100), 'max_iter': 50, 'alpha': 0.0001}. Best is trial 14 with value: 0.875.
[I 2026-04-13 13:11:31,903] Trial 21 finished with value: 0.825 and parameters: {'hidden_layer_sizes': (100,), 'max_iter': 100, 'alpha': 0.0001}. Best is trial 14 with value: 0.875.
[I 2026-04-13 13:11:31,960] Trial 22 finished with value: 0.85 and parameters: {'hidden_layer_sizes': (100,), 'max_iter': 50, 'alpha': 0.0001}. Best is trial 14 with value: 0.875.
[I 2026-04-13 13:11:32,011] Trial 23 finished with value: 0.825 and parameters: {'hidden_layer_sizes': (100, 100), 'max_iter': 50, 'alpha': 0.0001}. Best is trial 14 with value: 0.875.
[I 2026-04-13 13:11:32,052] Trial 24 finished with value: 0.725 and parameters: {'hidden_layer_sizes': (100,), 'max_iter': 50, 'alpha': 0.0001}. Best is trial 14 with value: 0.875.
[I 2026-04-13 13:11:32,113] Trial 25 finished with value: 0.85 and parameters: {'hidden_layer_sizes': (100, 100), 'max_iter': 50, 'alpha': 0.0001}. Best is trial 14 with value: 0.875.
[I 2026-04-13 13:11:32,164] Trial 26 finished with value: 0.775 and parameters: {'hidden_layer_sizes': (100,), 'max_iter': 50, 'alpha': 0.001}. Best is trial 14 with value: 0.875.
[I 2026-04-13 13:11:32,225] Trial 27 finished with value: 0.825 and parameters: {'hidden_layer_sizes': (100, 100), 'max_iter': 50, 'alpha': 0.0001}. Best is trial 14 with value: 0.875.
[I 2026-04-13 13:11:32,297] Trial 28 finished with value: 0.825 and parameters: {'hidden_layer_sizes': (100, 100), 'max_iter': 50, 'alpha': 0.0001}. Best is trial 14 with value: 0.875.
[I 2026-04-13 13:11:32,337] Trial 29 finished with value: 0.825 and parameters: {'hidden_layer_sizes': (100,), 'max_iter': 50, 'alpha': 0.0001}. Best is trial 14 with value: 0.875.
[I 2026-04-13 13:11:32,874] A new study created in memory with name: naive_bayes
[I 2026-04-13 13:11:32,888] Trial 0 finished with value: 0.575 and parameters: {'var_smoothing': 6.10548688762798e-09}. Best is trial 0 with value: 0.575.
[I 2026-04-13 13:11:32,904] Trial 1 finished with value: 0.575 and parameters: {'var_smoothing': 4.6127467400935034e-10}. Best is trial 0 with value: 0.575.
[I 2026-04-13 13:11:32,920] Trial 2 finished with value: 0.575 and parameters: {'var_smoothing': 4.389936579400967e-09}. Best is trial 0 with value: 0.575.
[I 2026-04-13 13:11:32,934] Trial 3 finished with value: 0.575 and parameters: {'var_smoothing': 1.2116948204672054e-10}. Best is trial 0 with value: 0.575.
[I 2026-04-13 13:11:32,948] Trial 4 finished with value: 0.575 and parameters: {'var_smoothing': 1.6417739478477417e-10}. Best is trial 0 with value: 0.575.
[I 2026-04-13 13:11:32,962] Trial 5 finished with value: 0.575 and parameters: {'var_smoothing': 1.5491880147236797e-09}. Best is trial 0 with value: 0.575.
[I 2026-04-13 13:11:32,974] Trial 6 finished with value: 0.575 and parameters: {'var_smoothing': 1.1471883405287265e-09}. Best is trial 0 with value: 0.575.
[I 2026-04-13 13:11:32,991] Trial 7 finished with value: 0.575 and parameters: {'var_smoothing': 6.88041853492358e-10}. Best is trial 0 with value: 0.575.
[I 2026-04-13 13:11:33,006] Trial 8 finished with value: 0.575 and parameters: {'var_smoothing': 4.686144741221158e-10}. Best is trial 0 with value: 0.575.
[I 2026-04-13 13:11:33,021] Trial 9 finished with value: 0.575 and parameters: {'var_smoothing': 1.7580809350683337e-09}. Best is trial 0 with value: 0.575.
