[I 2026-04-13 12:54:46,580] Trial 13 finished with value: 1.0 and parameters: {'C': 4.948583609511714, 'penalty': 'l2'}. Best is trial 0 with value: 1.0.
[I 2026-04-13 12:54:46,610] Trial 14 finished with value: 0.85 and parameters: {'C': 0.001040870868316403, 'penalty': 'l2'}. Best is trial 0 with value: 1.0.
[I 2026-04-13 12:54:46,636] Trial 15 finished with value: 1.0 and parameters: {'C': 7.01655100276303, 'penalty': 'l2'}. Best is trial 0 with value: 1.0.
[I 2026-04-13 12:54:46,654] Trial 16 finished with value: 0.95 and parameters: {'C': 0.007210574547652081, 'penalty': 'l2'}. Best is trial 0 with value: 1.0.
[I 2026-04-13 12:54:46,681] Trial 17 finished with value: 1.0 and parameters: {'C': 1.4752552821847151, 'penalty': 'l2'}. Best is trial 0 with value: 1.0.
[I 2026-04-13 12:54:46,697] Trial 18 finished with value: 1.0 and parameters: {'C': 0.05658298018503892, 'penalty': 'l2'}. Best is trial 0 with value: 1.0.
[I 2026-04-13 12:54:46,713] Trial 19 finished with value: 1.0 and parameters: {'C': 17.308995845007956, 'penalty': 'l2'}. Best is trial 0 with value: 1.0.
[I 2026-04-13 12:54:46,731] Trial 20 finished with value: 1.0 and parameters: {'C': 0.20111099144358968, 'penalty': 'l2'}. Best is trial 0 with value: 1.0.
[I 2026-04-13 12:54:46,763] Trial 21 finished with value: 0.95 and parameters: {'C': 0.009499348899473984, 'penalty': 'l2'}. Best is trial 0 with value: 1.0.
[I 2026-04-13 12:54:46,793] Trial 22 finished with value: 0.9 and parameters: {'C': 0.002507852613523972, 'penalty': 'l2'}. Best is trial 0 with value: 1.0.
[I 2026-04-13 12:54:46,822] Trial 23 finished with value: 1.0 and parameters: {'C': 0.020872598541866766, 'penalty': 'l2'}. Best is trial 0 with value: 1.0.
[I 2026-04-13 12:54:46,855] Trial 24 finished with value: 0.95 and parameters: {'C': 0.003100655081970181, 'penalty': 'l2'}. Best is trial 0 with value: 1.0.
[I 2026-04-13 12:54:46,873] Trial 25 finished with value: 1.0 and parameters: {'C': 0.14308327055214404, 'penalty': 'l2'}. Best is trial 0 with value: 1.0.
[I 2026-04-13 12:54:46,904] Trial 26 finished with value: 1.0 and parameters: {'C': 0.021100805440807256, 'penalty': 'l2'}. Best is trial 0 with value: 1.0.
[I 2026-04-13 12:54:46,932] Trial 27 finished with value: 1.0 and parameters: {'C': 0.7226969084565785, 'penalty': 'l2'}. Best is trial 0 with value: 1.0.
[I 2026-04-13 12:54:46,961] Trial 28 finished with value: 1.0 and parameters: {'C': 2.7390256543997475, 'penalty': 'l2'}. Best is trial 0 with value: 1.0.
[I 2026-04-13 12:54:46,989] Trial 29 finished with value: 1.0 and parameters: {'C': 87.43511457459678, 'penalty': 'l2'}. Best is trial 0 with value: 1.0.
[I 2026-04-13 12:54:47,623] A new study created in memory with name: knn
[I 2026-04-13 12:54:47,638] Trial 0 finished with value: 0.95 and parameters: {'n_neighbors': 4, 'leaf_size': 38, 'p': 2}. Best is trial 0 with value: 0.95.
[I 2026-04-13 12:54:47,663] Trial 1 finished with value: 1.0 and parameters: {'n_neighbors': 6, 'leaf_size': 32, 'p': 1}. Best is trial 1 with value: 1.0.
[I 2026-04-13 12:54:47,678] Trial 2 finished with value: 1.0 and parameters: {'n_neighbors': 5, 'leaf_size': 23, 'p': 2}. Best is trial 1 with value: 1.0.
[I 2026-04-13 12:54:47,702] Trial 3 finished with value: 1.0 and parameters: {'n_neighbors': 6, 'leaf_size': 23, 'p': 1}. Best is trial 1 with value: 1.0.
[I 2026-04-13 12:54:47,716] Trial 4 finished with value: 1.0 and parameters: {'n_neighbors': 6, 'leaf_size': 26, 'p': 1}. Best is trial 1 with value: 1.0.
[I 2026-04-13 12:54:47,731] Trial 5 finished with value: 0.95 and parameters: {'n_neighbors': 7, 'leaf_size': 25, 'p': 1}. Best is trial 1 with value: 1.0.
[I 2026-04-13 12:54:47,745] Trial 6 finished with value: 1.0 and parameters: {'n_neighbors': 5, 'leaf_size': 23, 'p': 2}. Best is trial 1 with value: 1.0.
[I 2026-04-13 12:54:47,759] Trial 7 finished with value: 0.95 and parameters: {'n_neighbors': 10, 'leaf_size': 23, 'p': 2}. Best is trial 1 with value: 1.0.
[I 2026-04-13 12:54:47,784] Trial 8 finished with value: 0.95 and parameters: {'n_neighbors': 8, 'leaf_size': 36, 'p': 2}. Best is trial 1 with value: 1.0.
[I 2026-04-13 12:54:47,798] Trial 9 finished with value: 0.95 and parameters: {'n_neighbors': 3, 'leaf_size': 30, 'p': 2}. Best is trial 1 with value: 1.0.
[I 2026-04-13 12:54:47,823] Trial 10 finished with value: 0.95 and parameters: {'n_neighbors': 9, 'leaf_size': 33, 'p': 1}. Best is trial 1 with value: 1.0.
[I 2026-04-13 12:54:47,853] Trial 11 finished with value: 1.0 and parameters: {'n_neighbors': 5, 'leaf_size': 30, 'p': 1}. Best is trial 1 with value: 1.0.
[I 2026-04-13 12:54:47,879] Trial 12 finished with value: 0.95 and parameters: {'n_neighbors': 7, 'leaf_size': 30, 'p': 1}. Best is trial 1 with value: 1.0.
[I 2026-04-13 12:54:47,899] Trial 13 finished with value: 0.95 and parameters: {'n_neighbors': 4, 'leaf_size': 20, 'p': 2}. Best is trial 1 with value: 1.0.
[I 2026-04-13 12:54:47,919] Trial 14 finished with value: 1.0 and parameters: {'n_neighbors': 5, 'leaf_size': 35, 'p': 2}. Best is trial 1 with value: 1.0.
[I 2026-04-13 12:54:47,942] Trial 15 finished with value: 1.0 and parameters: {'n_neighbors': 3, 'leaf_size': 33, 'p': 1}. Best is trial 1 with value: 1.0.
[I 2026-04-13 12:54:47,963] Trial 16 finished with value: 1.0 and parameters: {'n_neighbors': 8, 'leaf_size': 27, 'p': 1}. Best is trial 1 with value: 1.0.
[I 2026-04-13 12:54:47,996] Trial 17 finished with value: 1.0 and parameters: {'n_neighbors': 6, 'leaf_size': 20, 'p': 2}. Best is trial 1 with value: 1.0.
[I 2026-04-13 12:54:48,016] Trial 18 finished with value: 1.0 and parameters: {'n_neighbors': 4, 'leaf_size': 40, 'p': 1}. Best is trial 1 with value: 1.0.
[I 2026-04-13 12:54:48,042] Trial 19 finished with value: 0.95 and parameters: {'n_neighbors': 8, 'leaf_size': 28, 'p': 2}. Best is trial 1 with value: 1.0.
[I 2026-04-13 12:54:48,068] Trial 20 finished with value: 0.95 and parameters: {'n_neighbors': 7, 'leaf_size': 33, 'p': 2}. Best is trial 1 with value: 1.0.
[I 2026-04-13 12:54:48,091] Trial 21 finished with value: 1.0 and parameters: {'n_neighbors': 6, 'leaf_size': 23, 'p': 1}. Best is trial 1 with value: 1.0.
[I 2026-04-13 12:54:48,115] Trial 22 finished with value: 1.0 and parameters: {'n_neighbors': 5, 'leaf_size': 24, 'p': 1}. Best is trial 1 with value: 1.0.
[I 2026-04-13 12:54:48,140] Trial 23 finished with value: 1.0 and parameters: {'n_neighbors': 6, 'leaf_size': 28, 'p': 1}. Best is trial 1 with value: 1.0.
[I 2026-04-13 12:54:48,209] Trial 24 finished with value: 1.0 and parameters: {'n_neighbors': 5, 'leaf_size': 21, 'p': 1}. Best is trial 1 with value: 1.0.
[I 2026-04-13 12:54:48,262] Trial 25 finished with value: 0.95 and parameters: {'n_neighbors': 7, 'leaf_size': 22, 'p': 1}. Best is trial 1 with value: 1.0.
[I 2026-04-13 12:54:48,293] Trial 26 finished with value: 1.0 and parameters: {'n_neighbors': 4, 'leaf_size': 32, 'p': 1}. Best is trial 1 with value: 1.0.
[I 2026-04-13 12:54:48,319] Trial 27 finished with value: 1.0 and parameters: {'n_neighbors': 6, 'leaf_size': 25, 'p': 1}. Best is trial 1 with value: 1.0.
[I 2026-04-13 12:54:48,341] Trial 28 finished with value: 1.0 and parameters: {'n_neighbors': 5, 'leaf_size': 27, 'p': 2}. Best is trial 1 with value: 1.0.
[I 2026-04-13 12:54:48,373] Trial 29 finished with value: 0.95 and parameters: {'n_neighbors': 4, 'leaf_size': 36, 'p': 2}. Best is trial 1 with value: 1.0.
[I 2026-04-13 12:54:48,447] A new study created in memory with name: xgb
[I 2026-04-13 12:54:48,481] Trial 0 finished with value: 0.85 and parameters: {'n_estimators': 40, 'max_depth': 5, 'gamma': 0.789317070832284, 'subsample': 0.7592089939364717, 'colsample_bytree': 0.648400250788111}. Best is trial 0 with value: 0.85.
[I 2026-04-13 12:54:48,566] Trial 1 finished with value: 0.85 and parameters: {'n_estimators': 100, 'max_depth': 30, 'gamma': 0.34667781579300216, 'subsample': 0.7071175095405257, 'colsample_bytree': 0.6480399663668239}. Best is trial 0 with value: 0.85.
[I 2026-04-13 12:54:48,591] Trial 2 finished with value: 0.85 and parameters: {'n_estimators': 10, 'max_depth': 20, 'gamma': 0.3948075529198607, 'subsample': 0.5720821503267102, 'colsample_bytree': 0.5828064306006338}. Best is trial 0 with value: 0.85.
[I 2026-04-13 12:54:48,616] Trial 3 finished with value: 0.9 and parameters: {'n_estimators': 10, 'max_depth': 30, 'gamma': 0.8015631269999768, 'subsample': 0.5114665462195407, 'colsample_bytree': 0.788831429064878}. Best is trial 3 with value: 0.9.
[I 2026-04-13 12:54:48,660] Trial 4 finished with value: 0.9 and parameters: {'n_estimators': 100, 'max_depth': 5, 'gamma': 0.8834347783013348, 'subsample': 0.961374806972835, 'colsample_bytree': 0.5011071062662218}. Best is trial 3 with value: 0.9.
[I 2026-04-13 12:54:48,696] Trial 5 finished with value: 0.95 and parameters: {'n_estimators': 40, 'max_depth': 5, 'gamma': 0.5364379674896123, 'subsample': 0.5145557818363589, 'colsample_bytree': 0.5432628442011025}. Best is trial 5 with value: 0.95.
[I 2026-04-13 12:54:48,748] Trial 6 finished with value: 0.95 and parameters: {'n_estimators': 100, 'max_depth': 20, 'gamma': 0.6718205850237038, 'subsample': 0.9059511955902053, 'colsample_bytree': 0.9633413076219371}. Best is trial 5 with value: 0.95.
[I 2026-04-13 12:54:48,773] Trial 7 finished with value: 0.85 and parameters: {'n_estimators': 10, 'max_depth': 30, 'gamma': 0.8165284487704038, 'subsample': 0.5255714015506736, 'colsample_bytree': 0.594333867896554}. Best is trial 5 with value: 0.95.
[I 2026-04-13 12:54:48,829] Trial 8 finished with value: 0.95 and parameters: {'n_estimators': 100, 'max_depth': 20, 'gamma': 0.6251497693480509, 'subsample': 0.9696496759824258, 'colsample_bytree': 0.9717700410079397}. Best is trial 5 with value: 0.95.
[I 2026-04-13 12:54:48,855] Trial 9 finished with value: 0.95 and parameters: {'n_estimators': 40, 'max_depth': 30, 'gamma': 0.9649927737686168, 'subsample': 0.6857563076640036, 'colsample_bytree': 0.5061847058001788}. Best is trial 5 with value: 0.95.
[I 2026-04-13 12:54:48,932] Trial 10 finished with value: 0.95 and parameters: {'n_estimators': 40, 'max_depth': 5, 'gamma': 0.17962098877423716, 'subsample': 0.8185311023645913, 'colsample_bytree': 0.7898330861721071}. Best is trial 5 with value: 0.95.
[I 2026-04-13 12:54:48,982] Trial 11 finished with value: 0.95 and parameters: {'n_estimators': 40, 'max_depth': 20, 'gamma': 0.5861769286420356, 'subsample': 0.8878687411763526, 'colsample_bytree': 0.9524460889572228}. Best is trial 5 with value: 0.95.
[I 2026-04-13 12:54:49,055] Trial 12 finished with value: 0.95 and parameters: {'n_estimators': 100, 'max_depth': 5, 'gamma': 0.43833846346513566, 'subsample': 0.6111044988048908, 'colsample_bytree': 0.8624460667560139}. Best is trial 5 with value: 0.95.
[I 2026-04-13 12:54:49,115] Trial 13 finished with value: 0.95 and parameters: {'n_estimators': 40, 'max_depth': 20, 'gamma': 0.666411952931429, 'subsample': 0.8673441704217121, 'colsample_bytree': 0.8877091096947463}. Best is trial 5 with value: 0.95.
[I 2026-04-13 12:54:49,181] Trial 14 finished with value: 0.95 and parameters: {'n_estimators': 100, 'max_depth': 20, 'gamma': 0.4951283987197989, 'subsample': 0.6448120308274917, 'colsample_bytree': 0.7221120520809101}. Best is trial 5 with value: 0.95.
[I 2026-04-13 12:54:49,304] Trial 15 finished with value: 0.85 and parameters: {'n_estimators': 100, 'max_depth': 5, 'gamma': 0.26626655377772473, 'subsample': 0.773943481366981, 'colsample_bytree': 0.7227029601296806}. Best is trial 5 with value: 0.95.
[I 2026-04-13 12:54:49,365] Trial 16 finished with value: 0.95 and parameters: {'n_estimators': 40, 'max_depth': 20, 'gamma': 0.6812180664903436, 'subsample': 0.9033968629399953, 'colsample_bytree': 0.8810094054474}. Best is trial 5 with value: 0.95.
[I 2026-04-13 12:54:49,415] Trial 17 finished with value: 0.95 and parameters: {'n_estimators': 40, 'max_depth': 5, 'gamma': 0.5292554389847856, 'subsample': 0.8241020859075451, 'colsample_bytree': 0.9950451854067013}. Best is trial 5 with value: 0.95.
[I 2026-04-13 12:54:49,497] Trial 18 finished with value: 0.85 and parameters: {'n_estimators': 100, 'max_depth': 5, 'gamma': 0.7074257690119139, 'subsample': 0.712618160070349, 'colsample_bytree': 0.8244030320868945}. Best is trial 5 with value: 0.95.
[I 2026-04-13 12:54:49,554] Trial 19 finished with value: 0.9 and parameters: {'n_estimators': 10, 'max_depth': 20, 'gamma': 0.13084650438573164, 'subsample': 0.9960776699700858, 'colsample_bytree': 0.6676053359201292}. Best is trial 5 with value: 0.95.
[I 2026-04-13 12:54:49,618] Trial 20 finished with value: 0.85 and parameters: {'n_estimators': 100, 'max_depth': 20, 'gamma': 0.5168994503282381, 'subsample': 0.5800858013059454, 'colsample_bytree': 0.9348664549191552}. Best is trial 5 with value: 0.95.
[I 2026-04-13 12:54:49,704] Trial 21 finished with value: 0.95 and parameters: {'n_estimators': 100, 'max_depth': 20, 'gamma': 0.6065161766804955, 'subsample': 0.9465831739257833, 'colsample_bytree': 0.9799081111263114}. Best is trial 5 with value: 0.95.
[I 2026-04-13 12:54:49,763] Trial 22 finished with value: 0.95 and parameters: {'n_estimators': 100, 'max_depth': 20, 'gamma': 0.633858630553693, 'subsample': 0.9398857811081716, 'colsample_bytree': 0.9210969012189604}. Best is trial 5 with value: 0.95.
[I 2026-04-13 12:54:49,824] Trial 23 finished with value: 0.95 and parameters: {'n_estimators': 100, 'max_depth': 20, 'gamma': 0.7402040814304088, 'subsample': 0.8135516133235455, 'colsample_bytree': 0.8377101531443852}. Best is trial 5 with value: 0.95.
[I 2026-04-13 12:54:49,918] Trial 24 finished with value: 0.95 and parameters: {'n_estimators': 100, 'max_depth': 20, 'gamma': 0.4538980173462365, 'subsample': 0.9891907852246411, 'colsample_bytree': 0.9178255477350235}. Best is trial 5 with value: 0.95.
[I 2026-04-13 12:54:49,976] Trial 25 finished with value: 0.95 and parameters: {'n_estimators': 40, 'max_depth': 5, 'gamma': 0.5882211906920883, 'subsample': 0.8658593923260336, 'colsample_bytree': 0.5719089041327308}. Best is trial 5 with value: 0.95.
[I 2026-04-13 12:54:50,068] Trial 26 finished with value: 0.95 and parameters: {'n_estimators': 100, 'max_depth': 20, 'gamma': 0.31755066166863544, 'subsample': 0.9189197189155349, 'colsample_bytree': 0.967499699376883}. Best is trial 5 with value: 0.95.
[I 2026-04-13 12:54:50,140] Trial 27 finished with value: 0.95 and parameters: {'n_estimators': 100, 'max_depth': 20, 'gamma': 0.8751917231306336, 'subsample': 0.8515274255669139, 'colsample_bytree': 0.9999294189650265}. Best is trial 5 with value: 0.95.
[I 2026-04-13 12:54:50,204] Trial 28 finished with value: 0.85 and parameters: {'n_estimators': 10, 'max_depth': 30, 'gamma': 0.7381719248431131, 'subsample': 0.7814761682492076, 'colsample_bytree': 0.7689912117939846}. Best is trial 5 with value: 0.95.
[I 2026-04-13 12:54:50,265] Trial 29 finished with value: 0.95 and parameters: {'n_estimators': 40, 'max_depth': 5, 'gamma': 0.5444582568499331, 'subsample': 0.6563219929688776, 'colsample_bytree': 0.6544917722609221}. Best is trial 5 with value: 0.95.
[I 2026-04-13 12:54:57,349] A new study created in memory with name: rf
[I 2026-04-13 12:54:57,647] Trial 0 finished with value: 0.5 and parameters: {'n_estimators': 189, 'max_depth': 18, 'min_samples_split': 3, 'min_samples_leaf': 10}. Best is trial 0 with value: 0.5.
[I 2026-04-13 12:54:58,066] Trial 1 finished with value: 1.0 and parameters: {'n_estimators': 295, 'max_depth': 14, 'min_samples_split': 8, 'min_samples_leaf': 6}. Best is trial 1 with value: 1.0.
[I 2026-04-13 12:54:58,372] Trial 2 finished with value: 0.5 and parameters: {'n_estimators': 219, 'max_depth': 6, 'min_samples_split': 2, 'min_samples_leaf': 8}. Best is trial 1 with value: 1.0.
[I 2026-04-13 12:54:58,754] Trial 3 finished with value: 1.0 and parameters: {'n_estimators': 276, 'max_depth': 5, 'min_samples_split': 9, 'min_samples_leaf': 3}. Best is trial 1 with value: 1.0.
[I 2026-04-13 12:54:59,154] Trial 4 finished with value: 1.0 and parameters: {'n_estimators': 266, 'max_depth': 8, 'min_samples_split': 7, 'min_samples_leaf': 6}. Best is trial 1 with value: 1.0.
[I 2026-04-13 12:54:59,571] Trial 5 finished with value: 1.0 and parameters: {'n_estimators': 340, 'max_depth': 7, 'min_samples_split': 4, 'min_samples_leaf': 3}. Best is trial 1 with value: 1.0.
[I 2026-04-13 12:54:59,887] Trial 6 finished with value: 0.5 and parameters: {'n_estimators': 231, 'max_depth': 5, 'min_samples_split': 3, 'min_samples_leaf': 10}. Best is trial 1 with value: 1.0.
[I 2026-04-13 12:55:00,517] Trial 7 finished with value: 1.0 and parameters: {'n_estimators': 485, 'max_depth': 6, 'min_samples_split': 2, 'min_samples_leaf': 3}. Best is trial 1 with value: 1.0.
[I 2026-04-13 12:55:01,015] Trial 8 finished with value: 1.0 and parameters: {'n_estimators': 380, 'max_depth': 17, 'min_samples_split': 2, 'min_samples_leaf': 6}. Best is trial 1 with value: 1.0.
[I 2026-04-13 12:55:01,202] Trial 9 finished with value: 0.5 and parameters: {'n_estimators': 100, 'max_depth': 12, 'min_samples_split': 7, 'min_samples_leaf': 10}. Best is trial 1 with value: 1.0.
[I 2026-04-13 12:55:01,917] Trial 10 finished with value: 1.0 and parameters: {'n_estimators': 446, 'max_depth': 13, 'min_samples_split': 10, 'min_samples_leaf': 5}. Best is trial 1 with value: 1.0.
[I 2026-04-13 12:55:02,343] Trial 11 finished with value: 1.0 and parameters: {'n_estimators': 314, 'max_depth': 15, 'min_samples_split': 10, 'min_samples_leaf': 1}. Best is trial 1 with value: 1.0.
[I 2026-04-13 12:55:02,883] Trial 12 finished with value: 1.0 and parameters: {'n_estimators': 390, 'max_depth': 3, 'min_samples_split': 8, 'min_samples_leaf': 3}. Best is trial 1 with value: 1.0.
[I 2026-04-13 12:55:03,376] Trial 13 finished with value: 1.0 and parameters: {'n_estimators': 284, 'max_depth': 10, 'min_samples_split': 9, 'min_samples_leaf': 5}. Best is trial 1 with value: 1.0.
[I 2026-04-13 12:55:03,672] Trial 14 finished with value: 1.0 and parameters: {'n_estimators': 187, 'max_depth': 20, 'min_samples_split': 5, 'min_samples_leaf': 1}. Best is trial 1 with value: 1.0.
[I 2026-04-13 12:55:03,896] Trial 15 finished with value: 0.5 and parameters: {'n_estimators': 136, 'max_depth': 9, 'min_samples_split': 8, 'min_samples_leaf': 7}. Best is trial 1 with value: 1.0.
[I 2026-04-13 12:55:04,372] Trial 16 finished with value: 1.0 and parameters: {'n_estimators': 344, 'max_depth': 14, 'min_samples_split': 6, 'min_samples_leaf': 4}. Best is trial 1 with value: 1.0.
[I 2026-04-13 12:55:04,821] Trial 17 finished with value: 0.5 and parameters: {'n_estimators': 262, 'max_depth': 11, 'min_samples_split': 9, 'min_samples_leaf': 8}. Best is trial 1 with value: 1.0.
[I 2026-04-13 12:55:05,306] Trial 18 finished with value: 1.0 and parameters: {'n_estimators': 409, 'max_depth': 3, 'min_samples_split': 8, 'min_samples_leaf': 2}. Best is trial 1 with value: 1.0.
[I 2026-04-13 12:55:05,778] Trial 19 finished with value: 1.0 and parameters: {'n_estimators': 318, 'max_depth': 16, 'min_samples_split': 6, 'min_samples_leaf': 4}. Best is trial 1 with value: 1.0.
[I 2026-04-13 12:55:06,050] Trial 20 finished with value: 0.65 and parameters: {'n_estimators': 163, 'max_depth': 19, 'min_samples_split': 9, 'min_samples_leaf': 7}. Best is trial 1 with value: 1.0.
[I 2026-04-13 12:55:06,421] Trial 21 finished with value: 1.0 and parameters: {'n_estimators': 259, 'max_depth': 9, 'min_samples_split': 7, 'min_samples_leaf': 6}. Best is trial 1 with value: 1.0.
[I 2026-04-13 12:55:06,838] Trial 22 finished with value: 0.65 and parameters: {'n_estimators': 287, 'max_depth': 8, 'min_samples_split': 7, 'min_samples_leaf': 7}. Best is trial 1 with value: 1.0.
[I 2026-04-13 12:55:07,200] Trial 23 finished with value: 1.0 and parameters: {'n_estimators': 237, 'max_depth': 5, 'min_samples_split': 8, 'min_samples_leaf': 4}. Best is trial 1 with value: 1.0.
[I 2026-04-13 12:55:07,663] Trial 24 finished with value: 1.0 and parameters: {'n_estimators': 350, 'max_depth': 11, 'min_samples_split': 9, 'min_samples_leaf': 5}. Best is trial 1 with value: 1.0.
[I 2026-04-13 12:55:08,017] Trial 25 finished with value: 0.5 and parameters: {'n_estimators': 268, 'max_depth': 4, 'min_samples_split': 6, 'min_samples_leaf': 8}. Best is trial 1 with value: 1.0.
[I 2026-04-13 12:55:08,424] Trial 26 finished with value: 1.0 and parameters: {'n_estimators': 304, 'max_depth': 8, 'min_samples_split': 10, 'min_samples_leaf': 6}. Best is trial 1 with value: 1.0.
[I 2026-04-13 12:55:08,764] Trial 27 finished with value: 1.0 and parameters: {'n_estimators': 206, 'max_depth': 14, 'min_samples_split': 7, 'min_samples_leaf': 2}. Best is trial 1 with value: 1.0.
[I 2026-04-13 12:55:09,133] Trial 28 finished with value: 0.5 and parameters: {'n_estimators': 246, 'max_depth': 7, 'min_samples_split': 5, 'min_samples_leaf': 9}. Best is trial 1 with value: 1.0.
[I 2026-04-13 12:55:09,431] Trial 29 finished with value: 1.0 and parameters: {'n_estimators': 193, 'max_depth': 12, 'min_samples_split': 8, 'min_samples_leaf': 6}. Best is trial 1 with value: 1.0.
[I 2026-04-13 12:55:10,191] A new study created in memory with name: mlp
[I 2026-04-13 12:55:10,255] Trial 0 finished with value: 0.95 and parameters: {'hidden_layer_sizes': (200,), 'max_iter': 50, 'alpha': 0.001}. Best is trial 0 with value: 0.95.
[I 2026-04-13 12:55:10,311] Trial 1 finished with value: 0.95 and parameters: {'hidden_layer_sizes': (100,), 'max_iter': 100, 'alpha': 0.0001}. Best is trial 0 with value: 0.95.
[I 2026-04-13 12:55:10,378] Trial 2 finished with value: 0.95 and parameters: {'hidden_layer_sizes': (100,), 'max_iter': 100, 'alpha': 0.001}. Best is trial 0 with value: 0.95.
[I 2026-04-13 12:55:10,444] Trial 3 finished with value: 0.95 and parameters: {'hidden_layer_sizes': (200,), 'max_iter': 50, 'alpha': 0.001}. Best is trial 0 with value: 0.95.
