[I 2026-04-13 13:02:00,817] Trial 3 finished with value: 0.55 and parameters: {'n_estimators': 100, 'max_depth': 30, 'gamma': 0.7877441182293641, 'subsample': 0.9694019566553859, 'colsample_bytree': 0.6598448982335139}. Best is trial 1 with value: 0.6.
[I 2026-04-13 13:02:00,855] Trial 4 finished with value: 0.65 and parameters: {'n_estimators': 100, 'max_depth': 5, 'gamma': 0.816017102586079, 'subsample': 0.5160040782128984, 'colsample_bytree': 0.7277239110529665}. Best is trial 4 with value: 0.65.
[I 2026-04-13 13:02:00,879] Trial 5 finished with value: 0.6 and parameters: {'n_estimators': 40, 'max_depth': 20, 'gamma': 0.6643500821697236, 'subsample': 0.6076588997363731, 'colsample_bytree': 0.5754850538287481}. Best is trial 4 with value: 0.65.
[I 2026-04-13 13:02:00,913] Trial 6 finished with value: 0.6 and parameters: {'n_estimators': 100, 'max_depth': 20, 'gamma': 0.6361752212866232, 'subsample': 0.8309913561372338, 'colsample_bytree': 0.7552902276266351}. Best is trial 4 with value: 0.65.
[I 2026-04-13 13:02:00,939] Trial 7 finished with value: 0.6 and parameters: {'n_estimators': 10, 'max_depth': 5, 'gamma': 0.5767347850317142, 'subsample': 0.7995431264700696, 'colsample_bytree': 0.8604622333437917}. Best is trial 4 with value: 0.65.
[I 2026-04-13 13:02:00,963] Trial 8 finished with value: 0.55 and parameters: {'n_estimators': 100, 'max_depth': 20, 'gamma': 0.8470554948938058, 'subsample': 0.860339005739911, 'colsample_bytree': 0.9331308414408237}. Best is trial 4 with value: 0.65.
[I 2026-04-13 13:02:00,999] Trial 9 finished with value: 0.6 and parameters: {'n_estimators': 100, 'max_depth': 30, 'gamma': 0.574951454577921, 'subsample': 0.9696020680119358, 'colsample_bytree': 0.8616917074936369}. Best is trial 4 with value: 0.65.
[I 2026-04-13 13:02:01,050] Trial 10 finished with value: 0.65 and parameters: {'n_estimators': 100, 'max_depth': 5, 'gamma': 0.9179885929878968, 'subsample': 0.5176511219374095, 'colsample_bytree': 0.525322130410742}. Best is trial 4 with value: 0.65.
[I 2026-04-13 13:02:01,106] Trial 11 finished with value: 0.65 and parameters: {'n_estimators': 100, 'max_depth': 5, 'gamma': 0.9894607367239925, 'subsample': 0.5005044321862977, 'colsample_bytree': 0.5003255289404342}. Best is trial 4 with value: 0.65.
[I 2026-04-13 13:02:01,157] Trial 12 finished with value: 0.65 and parameters: {'n_estimators': 100, 'max_depth': 5, 'gamma': 0.9738892144312379, 'subsample': 0.505037119704492, 'colsample_bytree': 0.5941473469279865}. Best is trial 4 with value: 0.65.
[I 2026-04-13 13:02:01,205] Trial 13 finished with value: 0.55 and parameters: {'n_estimators': 100, 'max_depth': 5, 'gamma': 0.8071391366146263, 'subsample': 0.5629356082644086, 'colsample_bytree': 0.5026160421659767}. Best is trial 4 with value: 0.65.
[I 2026-04-13 13:02:01,257] Trial 14 finished with value: 0.65 and parameters: {'n_estimators': 100, 'max_depth': 30, 'gamma': 0.355001213837357, 'subsample': 0.6875413359714531, 'colsample_bytree': 0.8224616563432312}. Best is trial 4 with value: 0.65.
[I 2026-04-13 13:02:01,289] Trial 15 finished with value: 0.6 and parameters: {'n_estimators': 10, 'max_depth': 5, 'gamma': 0.8753653133163469, 'subsample': 0.5504953474771993, 'colsample_bytree': 0.6415557347917157}. Best is trial 4 with value: 0.65.
[I 2026-04-13 13:02:01,340] Trial 16 finished with value: 0.65 and parameters: {'n_estimators': 100, 'max_depth': 5, 'gamma': 0.7042291344876843, 'subsample': 0.7521592838480824, 'colsample_bytree': 0.5729453833983065}. Best is trial 4 with value: 0.65.
[I 2026-04-13 13:02:01,395] Trial 17 finished with value: 0.55 and parameters: {'n_estimators': 100, 'max_depth': 5, 'gamma': 0.9155355268434409, 'subsample': 0.5626070149577227, 'colsample_bytree': 0.6989482226504249}. Best is trial 4 with value: 0.65.
[I 2026-04-13 13:02:01,433] Trial 18 finished with value: 0.6 and parameters: {'n_estimators': 40, 'max_depth': 30, 'gamma': 0.7605133015809727, 'subsample': 0.8984770677910405, 'colsample_bytree': 0.8046325320696489}. Best is trial 4 with value: 0.65.
[I 2026-04-13 13:02:01,457] Trial 19 finished with value: 0.7 and parameters: {'n_estimators': 10, 'max_depth': 20, 'gamma': 0.2902842149535334, 'subsample': 0.6785822902067303, 'colsample_bytree': 0.6319725061725031}. Best is trial 19 with value: 0.7.
[I 2026-04-13 13:02:01,497] Trial 20 finished with value: 0.75 and parameters: {'n_estimators': 10, 'max_depth': 20, 'gamma': 0.11546680719474106, 'subsample': 0.724879919019573, 'colsample_bytree': 0.7092546078898981}. Best is trial 20 with value: 0.75.
[I 2026-04-13 13:02:01,539] Trial 21 finished with value: 0.65 and parameters: {'n_estimators': 10, 'max_depth': 20, 'gamma': 0.12907986492657064, 'subsample': 0.7439684603047483, 'colsample_bytree': 0.7182743110586202}. Best is trial 20 with value: 0.75.
[I 2026-04-13 13:02:01,581] Trial 22 finished with value: 0.7 and parameters: {'n_estimators': 10, 'max_depth': 20, 'gamma': 0.294737599305974, 'subsample': 0.6737206050165816, 'colsample_bytree': 0.6265929698068742}. Best is trial 20 with value: 0.75.
[I 2026-04-13 13:02:01,626] Trial 23 finished with value: 0.7 and parameters: {'n_estimators': 10, 'max_depth': 20, 'gamma': 0.23180174524907865, 'subsample': 0.7013837419322266, 'colsample_bytree': 0.6289662917799933}. Best is trial 20 with value: 0.75.
[I 2026-04-13 13:02:01,650] Trial 24 finished with value: 0.7 and parameters: {'n_estimators': 10, 'max_depth': 20, 'gamma': 0.29206251835484676, 'subsample': 0.6512880896594048, 'colsample_bytree': 0.6556435478381318}. Best is trial 20 with value: 0.75.
[I 2026-04-13 13:02:01,703] Trial 25 finished with value: 0.65 and parameters: {'n_estimators': 10, 'max_depth': 20, 'gamma': 0.3343493427708422, 'subsample': 0.7549154961984089, 'colsample_bytree': 0.6028410259683941}. Best is trial 20 with value: 0.75.
[I 2026-04-13 13:02:01,743] Trial 26 finished with value: 0.6 and parameters: {'n_estimators': 10, 'max_depth': 20, 'gamma': 0.20379862967463608, 'subsample': 0.6565370684712205, 'colsample_bytree': 0.5447522064799837}. Best is trial 20 with value: 0.75.
[I 2026-04-13 13:02:01,783] Trial 27 finished with value: 0.55 and parameters: {'n_estimators': 10, 'max_depth': 20, 'gamma': 0.41068645391822917, 'subsample': 0.8009110606038612, 'colsample_bytree': 0.6751424498395795}. Best is trial 20 with value: 0.75.
[I 2026-04-13 13:02:01,823] Trial 28 finished with value: 0.65 and parameters: {'n_estimators': 10, 'max_depth': 20, 'gamma': 0.10430043056021603, 'subsample': 0.7167022049344355, 'colsample_bytree': 0.6131189075926803}. Best is trial 20 with value: 0.75.
[I 2026-04-13 13:02:01,863] Trial 29 finished with value: 0.5 and parameters: {'n_estimators': 10, 'max_depth': 20, 'gamma': 0.2650104494661758, 'subsample': 0.6080079442357527, 'colsample_bytree': 0.790465766610629}. Best is trial 20 with value: 0.75.
[I 2026-04-13 13:02:01,947] A new study created in memory with name: rf
[I 2026-04-13 13:02:02,464] Trial 0 finished with value: 0.6 and parameters: {'n_estimators': 450, 'max_depth': 20, 'min_samples_split': 9, 'min_samples_leaf': 6}. Best is trial 0 with value: 0.6.
[I 2026-04-13 13:02:02,680] Trial 1 finished with value: 0.5 and parameters: {'n_estimators': 193, 'max_depth': 3, 'min_samples_split': 5, 'min_samples_leaf': 5}. Best is trial 0 with value: 0.6.
[I 2026-04-13 13:02:03,150] Trial 2 finished with value: 0.55 and parameters: {'n_estimators': 309, 'max_depth': 11, 'min_samples_split': 6, 'min_samples_leaf': 6}. Best is trial 0 with value: 0.6.
[I 2026-04-13 13:02:03,658] Trial 3 finished with value: 0.6 and parameters: {'n_estimators': 405, 'max_depth': 15, 'min_samples_split': 7, 'min_samples_leaf': 5}. Best is trial 0 with value: 0.6.
[I 2026-04-13 13:02:03,957] Trial 4 finished with value: 0.5 and parameters: {'n_estimators': 215, 'max_depth': 20, 'min_samples_split': 5, 'min_samples_leaf': 3}. Best is trial 0 with value: 0.6.
[I 2026-04-13 13:02:04,133] Trial 5 finished with value: 0.5 and parameters: {'n_estimators': 126, 'max_depth': 20, 'min_samples_split': 3, 'min_samples_leaf': 4}. Best is trial 0 with value: 0.6.
[I 2026-04-13 13:02:04,350] Trial 6 finished with value: 0.5 and parameters: {'n_estimators': 128, 'max_depth': 7, 'min_samples_split': 5, 'min_samples_leaf': 9}. Best is trial 0 with value: 0.6.
[I 2026-04-13 13:02:04,636] Trial 7 finished with value: 0.55 and parameters: {'n_estimators': 238, 'max_depth': 20, 'min_samples_split': 2, 'min_samples_leaf': 4}. Best is trial 0 with value: 0.6.
[I 2026-04-13 13:02:04,966] Trial 8 finished with value: 0.65 and parameters: {'n_estimators': 252, 'max_depth': 16, 'min_samples_split': 10, 'min_samples_leaf': 4}. Best is trial 8 with value: 0.65.
[I 2026-04-13 13:02:05,326] Trial 9 finished with value: 0.5 and parameters: {'n_estimators': 273, 'max_depth': 7, 'min_samples_split': 9, 'min_samples_leaf': 7}. Best is trial 8 with value: 0.65.
[I 2026-04-13 13:02:05,789] Trial 10 finished with value: 0.45 and parameters: {'n_estimators': 351, 'max_depth': 15, 'min_samples_split': 10, 'min_samples_leaf': 1}. Best is trial 8 with value: 0.65.
[I 2026-04-13 13:02:06,386] Trial 11 finished with value: 0.5 and parameters: {'n_estimators': 485, 'max_depth': 16, 'min_samples_split': 8, 'min_samples_leaf': 8}. Best is trial 8 with value: 0.65.
[I 2026-04-13 13:02:06,982] Trial 12 finished with value: 0.4 and parameters: {'n_estimators': 498, 'max_depth': 17, 'min_samples_split': 10, 'min_samples_leaf': 1}. Best is trial 8 with value: 0.65.
[I 2026-04-13 13:02:07,438] Trial 13 finished with value: 0.5 and parameters: {'n_estimators': 395, 'max_depth': 13, 'min_samples_split': 8, 'min_samples_leaf': 10}. Best is trial 8 with value: 0.65.
[I 2026-04-13 13:02:07,958] Trial 14 finished with value: 0.5 and parameters: {'n_estimators': 430, 'max_depth': 18, 'min_samples_split': 9, 'min_samples_leaf': 3}. Best is trial 8 with value: 0.65.
[I 2026-04-13 13:02:08,468] Trial 15 finished with value: 0.5 and parameters: {'n_estimators': 309, 'max_depth': 11, 'min_samples_split': 10, 'min_samples_leaf': 7}. Best is trial 8 with value: 0.65.
[I 2026-04-13 13:02:08,982] Trial 16 finished with value: 0.55 and parameters: {'n_estimators': 358, 'max_depth': 18, 'min_samples_split': 8, 'min_samples_leaf': 6}. Best is trial 8 with value: 0.65.
[I 2026-04-13 13:02:09,242] Trial 17 finished with value: 0.55 and parameters: {'n_estimators': 175, 'max_depth': 14, 'min_samples_split': 9, 'min_samples_leaf': 3}. Best is trial 8 with value: 0.65.
[I 2026-04-13 13:02:09,594] Trial 18 finished with value: 0.5 and parameters: {'n_estimators': 249, 'max_depth': 18, 'min_samples_split': 7, 'min_samples_leaf': 2}. Best is trial 8 with value: 0.65.
[I 2026-04-13 13:02:10,225] Trial 19 finished with value: 0.5 and parameters: {'n_estimators': 453, 'max_depth': 13, 'min_samples_split': 10, 'min_samples_leaf': 7}. Best is trial 8 with value: 0.65.
[I 2026-04-13 13:02:10,712] Trial 20 finished with value: 0.65 and parameters: {'n_estimators': 351, 'max_depth': 17, 'min_samples_split': 7, 'min_samples_leaf': 4}. Best is trial 8 with value: 0.65.
[I 2026-04-13 13:02:11,195] Trial 21 finished with value: 0.5 and parameters: {'n_estimators': 347, 'max_depth': 17, 'min_samples_split': 7, 'min_samples_leaf': 4}. Best is trial 8 with value: 0.65.
[I 2026-04-13 13:02:11,591] Trial 22 finished with value: 0.7 and parameters: {'n_estimators': 282, 'max_depth': 19, 'min_samples_split': 9, 'min_samples_leaf': 5}. Best is trial 22 with value: 0.7.
[I 2026-04-13 13:02:11,968] Trial 23 finished with value: 0.75 and parameters: {'n_estimators': 279, 'max_depth': 16, 'min_samples_split': 6, 'min_samples_leaf': 5}. Best is trial 23 with value: 0.75.
[I 2026-04-13 13:02:12,347] Trial 24 finished with value: 0.55 and parameters: {'n_estimators': 277, 'max_depth': 10, 'min_samples_split': 4, 'min_samples_leaf': 5}. Best is trial 23 with value: 0.75.
[I 2026-04-13 13:02:12,616] Trial 25 finished with value: 0.4 and parameters: {'n_estimators': 166, 'max_depth': 15, 'min_samples_split': 6, 'min_samples_leaf': 2}. Best is trial 23 with value: 0.75.
[I 2026-04-13 13:02:12,993] Trial 26 finished with value: 0.8 and parameters: {'n_estimators': 268, 'max_depth': 13, 'min_samples_split': 4, 'min_samples_leaf': 5}. Best is trial 26 with value: 0.8.
[I 2026-04-13 13:02:13,460] Trial 27 finished with value: 0.5 and parameters: {'n_estimators': 291, 'max_depth': 9, 'min_samples_split': 4, 'min_samples_leaf': 8}. Best is trial 26 with value: 0.8.
[I 2026-04-13 13:02:13,868] Trial 28 finished with value: 0.6 and parameters: {'n_estimators': 320, 'max_depth': 13, 'min_samples_split': 4, 'min_samples_leaf': 5}. Best is trial 26 with value: 0.8.
[I 2026-04-13 13:02:14,174] Trial 29 finished with value: 0.65 and parameters: {'n_estimators': 197, 'max_depth': 19, 'min_samples_split': 2, 'min_samples_leaf': 6}. Best is trial 26 with value: 0.8.
[I 2026-04-13 13:02:14,851] A new study created in memory with name: mlp
[I 2026-04-13 13:02:14,905] Trial 0 finished with value: 0.5 and parameters: {'hidden_layer_sizes': (200,), 'max_iter': 50, 'alpha': 0.001}. Best is trial 0 with value: 0.5.
[I 2026-04-13 13:02:14,948] Trial 1 finished with value: 0.55 and parameters: {'hidden_layer_sizes': (200,), 'max_iter': 50, 'alpha': 0.0001}. Best is trial 1 with value: 0.55.
[I 2026-04-13 13:02:14,983] Trial 2 finished with value: 0.5 and parameters: {'hidden_layer_sizes': (100,), 'max_iter': 50, 'alpha': 0.0001}. Best is trial 1 with value: 0.55.
[I 2026-04-13 13:02:15,057] Trial 3 finished with value: 0.5 and parameters: {'hidden_layer_sizes': (100,), 'max_iter': 100, 'alpha': 0.001}. Best is trial 1 with value: 0.55.
[I 2026-04-13 13:02:15,123] Trial 4 finished with value: 0.45 and parameters: {'hidden_layer_sizes': (200,), 'max_iter': 100, 'alpha': 0.001}. Best is trial 1 with value: 0.55.
[I 2026-04-13 13:02:15,170] Trial 5 finished with value: 0.5 and parameters: {'hidden_layer_sizes': (200,), 'max_iter': 50, 'alpha': 0.001}. Best is trial 1 with value: 0.55.
[I 2026-04-13 13:02:15,236] Trial 6 finished with value: 0.45 and parameters: {'hidden_layer_sizes': (100,), 'max_iter': 100, 'alpha': 0.0001}. Best is trial 1 with value: 0.55.
[I 2026-04-13 13:02:15,313] Trial 7 finished with value: 0.55 and parameters: {'hidden_layer_sizes': (100, 100), 'max_iter': 50, 'alpha': 0.0001}. Best is trial 1 with value: 0.55.
[I 2026-04-13 13:02:15,400] Trial 8 finished with value: 0.5 and parameters: {'hidden_layer_sizes': (100, 100), 'max_iter': 100, 'alpha': 0.0001}. Best is trial 1 with value: 0.55.
[I 2026-04-13 13:02:15,436] Trial 9 finished with value: 0.5 and parameters: {'hidden_layer_sizes': (100,), 'max_iter': 50, 'alpha': 0.001}. Best is trial 1 with value: 0.55.
[I 2026-04-13 13:02:15,496] Trial 10 finished with value: 0.5 and parameters: {'hidden_layer_sizes': (200,), 'max_iter': 50, 'alpha': 0.0001}. Best is trial 1 with value: 0.55.
[I 2026-04-13 13:02:15,566] Trial 11 finished with value: 0.55 and parameters: {'hidden_layer_sizes': (100, 100), 'max_iter': 50, 'alpha': 0.0001}. Best is trial 1 with value: 0.55.
[I 2026-04-13 13:02:15,613] Trial 12 finished with value: 0.55 and parameters: {'hidden_layer_sizes': (100, 100), 'max_iter': 50, 'alpha': 0.0001}. Best is trial 1 with value: 0.55.
[I 2026-04-13 13:02:15,672] Trial 13 finished with value: 0.5 and parameters: {'hidden_layer_sizes': (100, 100), 'max_iter': 50, 'alpha': 0.0001}. Best is trial 1 with value: 0.55.
[I 2026-04-13 13:02:15,723] Trial 14 finished with value: 0.45 and parameters: {'hidden_layer_sizes': (200,), 'max_iter': 50, 'alpha': 0.0001}. Best is trial 1 with value: 0.55.
[I 2026-04-13 13:02:15,791] Trial 15 finished with value: 0.5 and parameters: {'hidden_layer_sizes': (100, 100), 'max_iter': 50, 'alpha': 0.0001}. Best is trial 1 with value: 0.55.
[I 2026-04-13 13:02:15,837] Trial 16 finished with value: 0.55 and parameters: {'hidden_layer_sizes': (200,), 'max_iter': 50, 'alpha': 0.0001}. Best is trial 1 with value: 0.55.
[I 2026-04-13 13:02:15,886] Trial 17 finished with value: 0.5 and parameters: {'hidden_layer_sizes': (100, 100), 'max_iter': 50, 'alpha': 0.0001}. Best is trial 1 with value: 0.55.
[I 2026-04-13 13:02:15,952] Trial 18 finished with value: 0.45 and parameters: {'hidden_layer_sizes': (100, 100), 'max_iter': 100, 'alpha': 0.0001}. Best is trial 1 with value: 0.55.
[I 2026-04-13 13:02:15,987] Trial 19 finished with value: 0.5 and parameters: {'hidden_layer_sizes': (200,), 'max_iter': 50, 'alpha': 0.0001}. Best is trial 1 with value: 0.55.
[I 2026-04-13 13:02:16,052] Trial 20 finished with value: 0.4 and parameters: {'hidden_layer_sizes': (100, 100), 'max_iter': 50, 'alpha': 0.0001}. Best is trial 1 with value: 0.55.
[I 2026-04-13 13:02:16,121] Trial 21 finished with value: 0.6 and parameters: {'hidden_layer_sizes': (100, 100), 'max_iter': 50, 'alpha': 0.0001}. Best is trial 21 with value: 0.6.
[I 2026-04-13 13:02:16,188] Trial 22 finished with value: 0.6 and parameters: {'hidden_layer_sizes': (100, 100), 'max_iter': 50, 'alpha': 0.0001}. Best is trial 21 with value: 0.6.
[I 2026-04-13 13:02:16,235] Trial 23 finished with value: 0.55 and parameters: {'hidden_layer_sizes': (100, 100), 'max_iter': 50, 'alpha': 0.0001}. Best is trial 21 with value: 0.6.
[I 2026-04-13 13:02:16,293] Trial 24 finished with value: 0.5 and parameters: {'hidden_layer_sizes': (100, 100), 'max_iter': 50, 'alpha': 0.0001}. Best is trial 21 with value: 0.6.
[I 2026-04-13 13:02:16,339] Trial 25 finished with value: 0.55 and parameters: {'hidden_layer_sizes': (200,), 'max_iter': 50, 'alpha': 0.0001}. Best is trial 21 with value: 0.6.
[I 2026-04-13 13:02:16,427] Trial 26 finished with value: 0.6 and parameters: {'hidden_layer_sizes': (100, 100), 'max_iter': 100, 'alpha': 0.001}. Best is trial 21 with value: 0.6.
[I 2026-04-13 13:02:16,544] Trial 27 finished with value: 0.5 and parameters: {'hidden_layer_sizes': (100, 100), 'max_iter': 100, 'alpha': 0.001}. Best is trial 21 with value: 0.6.
[I 2026-04-13 13:02:16,632] Trial 28 finished with value: 0.6 and parameters: {'hidden_layer_sizes': (100, 100), 'max_iter': 100, 'alpha': 0.001}. Best is trial 21 with value: 0.6.
[I 2026-04-13 13:02:16,731] Trial 29 finished with value: 0.55 and parameters: {'hidden_layer_sizes': (100, 100), 'max_iter': 100, 'alpha': 0.001}. Best is trial 21 with value: 0.6.
[I 2026-04-13 13:02:17,067] A new study created in memory with name: naive_bayes
[I 2026-04-13 13:02:17,093] Trial 0 finished with value: 0.55 and parameters: {'var_smoothing': 5.582886587978182e-09}. Best is trial 0 with value: 0.55.
[I 2026-04-13 13:02:17,110] Trial 1 finished with value: 0.55 and parameters: {'var_smoothing': 8.651299071518215e-09}. Best is trial 0 with value: 0.55.
[I 2026-04-13 13:02:17,126] Trial 2 finished with value: 0.55 and parameters: {'var_smoothing': 5.475062490474489e-09}. Best is trial 0 with value: 0.55.
[I 2026-04-13 13:02:17,147] Trial 3 finished with value: 0.55 and parameters: {'var_smoothing': 1.1526869678723134e-09}. Best is trial 0 with value: 0.55.
[I 2026-04-13 13:02:17,163] Trial 4 finished with value: 0.55 and parameters: {'var_smoothing': 2.920496270341785e-10}. Best is trial 0 with value: 0.55.
[I 2026-04-13 13:02:17,179] Trial 5 finished with value: 0.55 and parameters: {'var_smoothing': 1.0538956417705805e-10}. Best is trial 0 with value: 0.55.
[I 2026-04-13 13:02:17,205] Trial 6 finished with value: 0.55 and parameters: {'var_smoothing': 7.260016982331591e-10}. Best is trial 0 with value: 0.55.
[I 2026-04-13 13:02:17,220] Trial 7 finished with value: 0.55 and parameters: {'var_smoothing': 6.378267364653917e-10}. Best is trial 0 with value: 0.55.
[I 2026-04-13 13:02:17,237] Trial 8 finished with value: 0.55 and parameters: {'var_smoothing': 1.1100673847791952e-09}. Best is trial 0 with value: 0.55.
[I 2026-04-13 13:02:17,255] Trial 9 finished with value: 0.55 and parameters: {'var_smoothing': 9.052813879088377e-10}. Best is trial 0 with value: 0.55.
[I 2026-04-13 13:02:17,278] Trial 10 finished with value: 0.55 and parameters: {'var_smoothing': 3.20543606083287e-09}. Best is trial 0 with value: 0.55.
[I 2026-04-13 13:02:17,298] Trial 11 finished with value: 0.55 and parameters: {'var_smoothing': 8.433965140342417e-09}. Best is trial 0 with value: 0.55.
[I 2026-04-13 13:02:17,318] Trial 12 finished with value: 0.55 and parameters: {'var_smoothing': 2.860874278982245e-09}. Best is trial 0 with value: 0.55.
[I 2026-04-13 13:02:17,338] Trial 13 finished with value: 0.55 and parameters: {'var_smoothing': 9.270349036178526e-09}. Best is trial 0 with value: 0.55.
[I 2026-04-13 13:02:17,357] Trial 14 finished with value: 0.55 and parameters: {'var_smoothing': 3.13069447640915e-09}. Best is trial 0 with value: 0.55.
[I 2026-04-13 13:02:17,379] Trial 15 finished with value: 0.55 and parameters: {'var_smoothing': 5.223604886811285e-09}. Best is trial 0 with value: 0.55.
[I 2026-04-13 13:02:17,398] Trial 16 finished with value: 0.55 and parameters: {'var_smoothing': 2.0295724993447026e-09}. Best is trial 0 with value: 0.55.
[I 2026-04-13 13:02:17,421] Trial 17 finished with value: 0.55 and parameters: {'var_smoothing': 5.880433102756661e-09}. Best is trial 0 with value: 0.55.
[I 2026-04-13 13:02:17,451] Trial 18 finished with value: 0.55 and parameters: {'var_smoothing': 1.6980964875204416e-09}. Best is trial 0 with value: 0.55.
[I 2026-04-13 13:02:17,480] Trial 19 finished with value: 0.55 and parameters: {'var_smoothing': 4.2955625192244405e-09}. Best is trial 0 with value: 0.55.
[I 2026-04-13 13:02:17,499] Trial 20 finished with value: 0.55 and parameters: {'var_smoothing': 9.833771947222685e-09}. Best is trial 0 with value: 0.55.
[I 2026-04-13 13:02:17,518] Trial 21 finished with value: 0.55 and parameters: {'var_smoothing': 6.0482464086364635e-09}. Best is trial 0 with value: 0.55.
[I 2026-04-13 13:02:17,536] Trial 22 finished with value: 0.55 and parameters: {'var_smoothing': 4.537628481410357e-09}. Best is trial 0 with value: 0.55.
