[I 2026-04-13 12:59:41,938] Trial 5 finished with value: 0.5 and parameters: {'n_estimators': 100, 'max_depth': 20, 'gamma': 0.48380821541644814, 'subsample': 0.8171899343169193, 'colsample_bytree': 0.7614531005141727}. Best is trial 0 with value: 0.7.
[I 2026-04-13 12:59:41,967] Trial 6 finished with value: 0.65 and parameters: {'n_estimators': 10, 'max_depth': 5, 'gamma': 0.9599214907026333, 'subsample': 0.8414569271877088, 'colsample_bytree': 0.5265643453364788}. Best is trial 0 with value: 0.7.
[I 2026-04-13 12:59:41,992] Trial 7 finished with value: 0.5 and parameters: {'n_estimators': 40, 'max_depth': 5, 'gamma': 0.5250915966595621, 'subsample': 0.9207383574491986, 'colsample_bytree': 0.565555321173957}. Best is trial 0 with value: 0.7.
[I 2026-04-13 12:59:42,029] Trial 8 finished with value: 0.55 and parameters: {'n_estimators': 100, 'max_depth': 5, 'gamma': 0.3919835527051987, 'subsample': 0.6502094521590198, 'colsample_bytree': 0.5827507002328938}. Best is trial 0 with value: 0.7.
[I 2026-04-13 12:59:42,067] Trial 9 finished with value: 0.5 and parameters: {'n_estimators': 100, 'max_depth': 5, 'gamma': 0.8003922413895069, 'subsample': 0.9436444759263674, 'colsample_bytree': 0.8374593849333938}. Best is trial 0 with value: 0.7.
[I 2026-04-13 12:59:42,103] Trial 10 finished with value: 0.7 and parameters: {'n_estimators': 40, 'max_depth': 30, 'gamma': 0.13445536345660636, 'subsample': 0.5091072311743174, 'colsample_bytree': 0.633084257063925}. Best is trial 0 with value: 0.7.
[I 2026-04-13 12:59:42,152] Trial 11 finished with value: 0.55 and parameters: {'n_estimators': 40, 'max_depth': 20, 'gamma': 0.7353255293472326, 'subsample': 0.7301327038899156, 'colsample_bytree': 0.6573928964995871}. Best is trial 0 with value: 0.7.
[I 2026-04-13 12:59:42,189] Trial 12 finished with value: 0.75 and parameters: {'n_estimators': 10, 'max_depth': 20, 'gamma': 0.7081376218947077, 'subsample': 0.5001581890965083, 'colsample_bytree': 0.6832235677714706}. Best is trial 12 with value: 0.75.
[I 2026-04-13 12:59:42,224] Trial 13 finished with value: 0.65 and parameters: {'n_estimators': 40, 'max_depth': 20, 'gamma': 0.321019430638931, 'subsample': 0.5158269319007023, 'colsample_bytree': 0.6692582969945038}. Best is trial 12 with value: 0.75.
[I 2026-04-13 12:59:42,262] Trial 14 finished with value: 0.6 and parameters: {'n_estimators': 10, 'max_depth': 30, 'gamma': 0.6385695570331108, 'subsample': 0.5790692531204844, 'colsample_bytree': 0.8313439605662507}. Best is trial 12 with value: 0.75.
[I 2026-04-13 12:59:42,299] Trial 15 finished with value: 0.65 and parameters: {'n_estimators': 40, 'max_depth': 20, 'gamma': 0.2971731557179943, 'subsample': 0.5076754451841359, 'colsample_bytree': 0.5072762809064315}. Best is trial 12 with value: 0.75.
[I 2026-04-13 12:59:42,338] Trial 16 finished with value: 0.6 and parameters: {'n_estimators': 40, 'max_depth': 20, 'gamma': 0.6189156329432327, 'subsample': 0.6093678576886273, 'colsample_bytree': 0.9928973939225177}. Best is trial 12 with value: 0.75.
[I 2026-04-13 12:59:42,376] Trial 17 finished with value: 0.65 and parameters: {'n_estimators': 10, 'max_depth': 20, 'gamma': 0.833820873085646, 'subsample': 0.7884464437126156, 'colsample_bytree': 0.6002878017936444}. Best is trial 12 with value: 0.75.
[I 2026-04-13 12:59:42,414] Trial 18 finished with value: 0.65 and parameters: {'n_estimators': 40, 'max_depth': 30, 'gamma': 0.41977659712908805, 'subsample': 0.556070029437665, 'colsample_bytree': 0.6784129810436434}. Best is trial 12 with value: 0.75.
[I 2026-04-13 12:59:42,454] Trial 19 finished with value: 0.6 and parameters: {'n_estimators': 10, 'max_depth': 20, 'gamma': 0.6223954336002551, 'subsample': 0.6419935635878602, 'colsample_bytree': 0.7007773720378611}. Best is trial 12 with value: 0.75.
[I 2026-04-13 12:59:42,493] Trial 20 finished with value: 0.45 and parameters: {'n_estimators': 40, 'max_depth': 20, 'gamma': 0.7735423628768064, 'subsample': 0.9961764358499778, 'colsample_bytree': 0.8354036119935299}. Best is trial 12 with value: 0.75.
[I 2026-04-13 12:59:42,517] Trial 21 finished with value: 0.6 and parameters: {'n_estimators': 10, 'max_depth': 20, 'gamma': 0.6952241219578573, 'subsample': 0.6967118942170601, 'colsample_bytree': 0.7882091181896947}. Best is trial 12 with value: 0.75.
[I 2026-04-13 12:59:42,563] Trial 22 finished with value: 0.7 and parameters: {'n_estimators': 10, 'max_depth': 20, 'gamma': 0.6845353385997854, 'subsample': 0.5472720284803919, 'colsample_bytree': 0.6239608919913224}. Best is trial 12 with value: 0.75.
[I 2026-04-13 12:59:42,603] Trial 23 finished with value: 0.65 and parameters: {'n_estimators': 10, 'max_depth': 20, 'gamma': 0.5943096932805854, 'subsample': 0.6150438874250199, 'colsample_bytree': 0.718262286772134}. Best is trial 12 with value: 0.75.
[I 2026-04-13 12:59:42,642] Trial 24 finished with value: 0.65 and parameters: {'n_estimators': 10, 'max_depth': 20, 'gamma': 0.85359890643281, 'subsample': 0.7359060246873055, 'colsample_bytree': 0.7941008804208141}. Best is trial 12 with value: 0.75.
[I 2026-04-13 12:59:42,683] Trial 25 finished with value: 0.6 and parameters: {'n_estimators': 10, 'max_depth': 30, 'gamma': 0.4596554178626719, 'subsample': 0.6823886600350344, 'colsample_bytree': 0.6261034696248567}. Best is trial 12 with value: 0.75.
[I 2026-04-13 12:59:42,722] Trial 26 finished with value: 0.75 and parameters: {'n_estimators': 10, 'max_depth': 20, 'gamma': 0.7112316991300892, 'subsample': 0.5435471540404412, 'colsample_bytree': 0.5509930113152629}. Best is trial 12 with value: 0.75.
[I 2026-04-13 12:59:42,765] Trial 27 finished with value: 0.7 and parameters: {'n_estimators': 10, 'max_depth': 20, 'gamma': 0.5534642394900016, 'subsample': 0.5393233046645602, 'colsample_bytree': 0.5351384779399999}. Best is trial 12 with value: 0.75.
[I 2026-04-13 12:59:42,825] Trial 28 finished with value: 0.6 and parameters: {'n_estimators': 100, 'max_depth': 20, 'gamma': 0.7527528506946376, 'subsample': 0.572236434702155, 'colsample_bytree': 0.5664936467727766}. Best is trial 12 with value: 0.75.
[I 2026-04-13 12:59:42,862] Trial 29 finished with value: 0.6 and parameters: {'n_estimators': 40, 'max_depth': 30, 'gamma': 0.9201646903743925, 'subsample': 0.596724494303793, 'colsample_bytree': 0.5496761776311763}. Best is trial 12 with value: 0.75.
[I 2026-04-13 12:59:42,943] A new study created in memory with name: rf
[I 2026-04-13 12:59:43,108] Trial 0 finished with value: 0.5 and parameters: {'n_estimators': 130, 'max_depth': 17, 'min_samples_split': 5, 'min_samples_leaf': 8}. Best is trial 0 with value: 0.5.
[I 2026-04-13 12:59:43,709] Trial 1 finished with value: 0.4 and parameters: {'n_estimators': 492, 'max_depth': 12, 'min_samples_split': 6, 'min_samples_leaf': 1}. Best is trial 0 with value: 0.5.
[I 2026-04-13 12:59:44,016] Trial 2 finished with value: 0.5 and parameters: {'n_estimators': 207, 'max_depth': 11, 'min_samples_split': 8, 'min_samples_leaf': 9}. Best is trial 0 with value: 0.5.
[I 2026-04-13 12:59:44,303] Trial 3 finished with value: 0.5 and parameters: {'n_estimators': 252, 'max_depth': 4, 'min_samples_split': 4, 'min_samples_leaf': 10}. Best is trial 0 with value: 0.5.
[I 2026-04-13 12:59:44,583] Trial 4 finished with value: 0.45 and parameters: {'n_estimators': 185, 'max_depth': 11, 'min_samples_split': 10, 'min_samples_leaf': 1}. Best is trial 0 with value: 0.5.
[I 2026-04-13 12:59:45,033] Trial 5 finished with value: 0.4 and parameters: {'n_estimators': 340, 'max_depth': 20, 'min_samples_split': 4, 'min_samples_leaf': 6}. Best is trial 0 with value: 0.5.
[I 2026-04-13 12:59:45,664] Trial 6 finished with value: 0.5 and parameters: {'n_estimators': 464, 'max_depth': 5, 'min_samples_split': 6, 'min_samples_leaf': 8}. Best is trial 0 with value: 0.5.
[I 2026-04-13 12:59:46,144] Trial 7 finished with value: 0.35 and parameters: {'n_estimators': 368, 'max_depth': 11, 'min_samples_split': 3, 'min_samples_leaf': 5}. Best is trial 0 with value: 0.5.
[I 2026-04-13 12:59:46,475] Trial 8 finished with value: 0.5 and parameters: {'n_estimators': 249, 'max_depth': 11, 'min_samples_split': 5, 'min_samples_leaf': 9}. Best is trial 0 with value: 0.5.
[I 2026-04-13 12:59:47,056] Trial 9 finished with value: 0.45 and parameters: {'n_estimators': 408, 'max_depth': 8, 'min_samples_split': 7, 'min_samples_leaf': 3}. Best is trial 0 with value: 0.5.
[I 2026-04-13 12:59:47,275] Trial 10 finished with value: 0.45 and parameters: {'n_estimators': 156, 'max_depth': 19, 'min_samples_split': 2, 'min_samples_leaf': 7}. Best is trial 0 with value: 0.5.
[I 2026-04-13 12:59:47,503] Trial 11 finished with value: 0.5 and parameters: {'n_estimators': 123, 'max_depth': 16, 'min_samples_split': 9, 'min_samples_leaf': 10}. Best is trial 0 with value: 0.5.
[I 2026-04-13 12:59:47,822] Trial 12 finished with value: 0.5 and parameters: {'n_estimators': 211, 'max_depth': 15, 'min_samples_split': 8, 'min_samples_leaf': 8}. Best is trial 0 with value: 0.5.
[I 2026-04-13 12:59:47,994] Trial 13 finished with value: 0.4 and parameters: {'n_estimators': 100, 'max_depth': 16, 'min_samples_split': 8, 'min_samples_leaf': 5}. Best is trial 0 with value: 0.5.
[I 2026-04-13 12:59:48,378] Trial 14 finished with value: 0.5 and parameters: {'n_estimators': 282, 'max_depth': 8, 'min_samples_split': 7, 'min_samples_leaf': 8}. Best is trial 0 with value: 0.5.
[I 2026-04-13 12:59:48,683] Trial 15 finished with value: 0.5 and parameters: {'n_estimators': 198, 'max_depth': 14, 'min_samples_split': 10, 'min_samples_leaf': 7}. Best is trial 0 with value: 0.5.
[I 2026-04-13 12:59:48,951] Trial 16 finished with value: 0.5 and parameters: {'n_estimators': 145, 'max_depth': 18, 'min_samples_split': 5, 'min_samples_leaf': 9}. Best is trial 0 with value: 0.5.
[I 2026-04-13 12:59:49,323] Trial 17 finished with value: 0.45 and parameters: {'n_estimators': 234, 'max_depth': 7, 'min_samples_split': 8, 'min_samples_leaf': 6}. Best is trial 0 with value: 0.5.
[I 2026-04-13 12:59:49,727] Trial 18 finished with value: 0.5 and parameters: {'n_estimators': 307, 'max_depth': 13, 'min_samples_split': 7, 'min_samples_leaf': 9}. Best is trial 0 with value: 0.5.
[I 2026-04-13 12:59:50,002] Trial 19 finished with value: 0.4 and parameters: {'n_estimators': 168, 'max_depth': 9, 'min_samples_split': 4, 'min_samples_leaf': 4}. Best is trial 0 with value: 0.5.
[I 2026-04-13 12:59:50,173] Trial 20 finished with value: 0.5 and parameters: {'n_estimators': 101, 'max_depth': 17, 'min_samples_split': 6, 'min_samples_leaf': 7}. Best is trial 0 with value: 0.5.
[I 2026-04-13 12:59:50,693] Trial 21 finished with value: 0.5 and parameters: {'n_estimators': 270, 'max_depth': 3, 'min_samples_split': 4, 'min_samples_leaf': 10}. Best is trial 0 with value: 0.5.
[I 2026-04-13 12:59:51,235] Trial 22 finished with value: 0.5 and parameters: {'n_estimators': 228, 'max_depth': 3, 'min_samples_split': 2, 'min_samples_leaf': 10}. Best is trial 0 with value: 0.5.
[I 2026-04-13 12:59:52,139] Trial 23 finished with value: 0.5 and parameters: {'n_estimators': 307, 'max_depth': 5, 'min_samples_split': 5, 'min_samples_leaf': 9}. Best is trial 0 with value: 0.5.
[I 2026-04-13 12:59:52,710] Trial 24 finished with value: 0.5 and parameters: {'n_estimators': 174, 'max_depth': 6, 'min_samples_split': 3, 'min_samples_leaf': 10}. Best is trial 0 with value: 0.5.
[I 2026-04-13 12:59:53,102] Trial 25 finished with value: 0.5 and parameters: {'n_estimators': 132, 'max_depth': 9, 'min_samples_split': 3, 'min_samples_leaf': 8}. Best is trial 0 with value: 0.5.
[I 2026-04-13 12:59:53,620] Trial 26 finished with value: 0.5 and parameters: {'n_estimators': 248, 'max_depth': 13, 'min_samples_split': 9, 'min_samples_leaf': 9}. Best is trial 0 with value: 0.5.
[I 2026-04-13 12:59:54,191] Trial 27 finished with value: 0.5 and parameters: {'n_estimators': 198, 'max_depth': 10, 'min_samples_split': 5, 'min_samples_leaf': 10}. Best is trial 0 with value: 0.5.
[I 2026-04-13 12:59:55,186] Trial 28 finished with value: 0.5 and parameters: {'n_estimators': 350, 'max_depth': 20, 'min_samples_split': 4, 'min_samples_leaf': 7}. Best is trial 0 with value: 0.5.
[I 2026-04-13 12:59:55,839] Trial 29 finished with value: 0.5 and parameters: {'n_estimators': 214, 'max_depth': 13, 'min_samples_split': 6, 'min_samples_leaf': 8}. Best is trial 0 with value: 0.5.
[I 2026-04-13 12:59:56,308] A new study created in memory with name: mlp
[I 2026-04-13 12:59:56,393] Trial 0 finished with value: 0.35 and parameters: {'hidden_layer_sizes': (200,), 'max_iter': 100, 'alpha': 0.0001}. Best is trial 0 with value: 0.35.
[I 2026-04-13 12:59:56,510] Trial 1 finished with value: 0.25 and parameters: {'hidden_layer_sizes': (100, 100), 'max_iter': 100, 'alpha': 0.0001}. Best is trial 0 with value: 0.35.
[I 2026-04-13 12:59:56,592] Trial 2 finished with value: 0.4 and parameters: {'hidden_layer_sizes': (200,), 'max_iter': 100, 'alpha': 0.001}. Best is trial 2 with value: 0.4.
[I 2026-04-13 12:59:56,638] Trial 3 finished with value: 0.45 and parameters: {'hidden_layer_sizes': (100,), 'max_iter': 50, 'alpha': 0.001}. Best is trial 3 with value: 0.45.
[I 2026-04-13 12:59:56,683] Trial 4 finished with value: 0.45 and parameters: {'hidden_layer_sizes': (100,), 'max_iter': 50, 'alpha': 0.0001}. Best is trial 3 with value: 0.45.
[I 2026-04-13 12:59:56,718] Trial 5 finished with value: 0.45 and parameters: {'hidden_layer_sizes': (100,), 'max_iter': 50, 'alpha': 0.0001}. Best is trial 3 with value: 0.45.
[I 2026-04-13 12:59:56,761] Trial 6 finished with value: 0.45 and parameters: {'hidden_layer_sizes': (100,), 'max_iter': 50, 'alpha': 0.0001}. Best is trial 3 with value: 0.45.
[I 2026-04-13 12:59:56,805] Trial 7 finished with value: 0.45 and parameters: {'hidden_layer_sizes': (100,), 'max_iter': 50, 'alpha': 0.0001}. Best is trial 3 with value: 0.45.
[I 2026-04-13 12:59:56,900] Trial 8 finished with value: 0.3 and parameters: {'hidden_layer_sizes': (200,), 'max_iter': 100, 'alpha': 0.0001}. Best is trial 3 with value: 0.45.
[I 2026-04-13 12:59:56,952] Trial 9 finished with value: 0.45 and parameters: {'hidden_layer_sizes': (200,), 'max_iter': 50, 'alpha': 0.0001}. Best is trial 3 with value: 0.45.
[I 2026-04-13 12:59:57,012] Trial 10 finished with value: 0.45 and parameters: {'hidden_layer_sizes': (100, 100), 'max_iter': 50, 'alpha': 0.001}. Best is trial 3 with value: 0.45.
[I 2026-04-13 12:59:57,060] Trial 11 finished with value: 0.45 and parameters: {'hidden_layer_sizes': (100,), 'max_iter': 50, 'alpha': 0.001}. Best is trial 3 with value: 0.45.
[I 2026-04-13 12:59:57,098] Trial 12 finished with value: 0.45 and parameters: {'hidden_layer_sizes': (100,), 'max_iter': 50, 'alpha': 0.001}. Best is trial 3 with value: 0.45.
[I 2026-04-13 12:59:57,143] Trial 13 finished with value: 0.45 and parameters: {'hidden_layer_sizes': (100,), 'max_iter': 50, 'alpha': 0.001}. Best is trial 3 with value: 0.45.
[I 2026-04-13 12:59:57,193] Trial 14 finished with value: 0.45 and parameters: {'hidden_layer_sizes': (100,), 'max_iter': 50, 'alpha': 0.001}. Best is trial 3 with value: 0.45.
[I 2026-04-13 12:59:57,240] Trial 15 finished with value: 0.45 and parameters: {'hidden_layer_sizes': (100,), 'max_iter': 50, 'alpha': 0.001}. Best is trial 3 with value: 0.45.
[I 2026-04-13 12:59:57,296] Trial 16 finished with value: 0.35 and parameters: {'hidden_layer_sizes': (100, 100), 'max_iter': 50, 'alpha': 0.0001}. Best is trial 3 with value: 0.45.
[I 2026-04-13 12:59:57,343] Trial 17 finished with value: 0.45 and parameters: {'hidden_layer_sizes': (100,), 'max_iter': 50, 'alpha': 0.001}. Best is trial 3 with value: 0.45.
[I 2026-04-13 12:59:57,413] Trial 18 finished with value: 0.45 and parameters: {'hidden_layer_sizes': (100,), 'max_iter': 100, 'alpha': 0.0001}. Best is trial 3 with value: 0.45.
[I 2026-04-13 12:59:57,473] Trial 19 finished with value: 0.35 and parameters: {'hidden_layer_sizes': (100, 100), 'max_iter': 50, 'alpha': 0.001}. Best is trial 3 with value: 0.45.
[I 2026-04-13 12:59:57,511] Trial 20 finished with value: 0.45 and parameters: {'hidden_layer_sizes': (100,), 'max_iter': 50, 'alpha': 0.001}. Best is trial 3 with value: 0.45.
[I 2026-04-13 12:59:57,537] Trial 21 finished with value: 0.5 and parameters: {'hidden_layer_sizes': (100,), 'max_iter': 50, 'alpha': 0.0001}. Best is trial 21 with value: 0.5.
[I 2026-04-13 12:59:57,584] Trial 22 finished with value: 0.45 and parameters: {'hidden_layer_sizes': (100,), 'max_iter': 50, 'alpha': 0.0001}. Best is trial 21 with value: 0.5.
[I 2026-04-13 12:59:57,644] Trial 23 finished with value: 0.45 and parameters: {'hidden_layer_sizes': (100,), 'max_iter': 50, 'alpha': 0.0001}. Best is trial 21 with value: 0.5.
[I 2026-04-13 12:59:57,692] Trial 24 finished with value: 0.45 and parameters: {'hidden_layer_sizes': (100,), 'max_iter': 50, 'alpha': 0.0001}. Best is trial 21 with value: 0.5.
[I 2026-04-13 12:59:57,730] Trial 25 finished with value: 0.45 and parameters: {'hidden_layer_sizes': (100,), 'max_iter': 50, 'alpha': 0.0001}. Best is trial 21 with value: 0.5.
[I 2026-04-13 12:59:57,789] Trial 26 finished with value: 0.45 and parameters: {'hidden_layer_sizes': (100,), 'max_iter': 100, 'alpha': 0.0001}. Best is trial 21 with value: 0.5.
[I 2026-04-13 12:59:57,850] Trial 27 finished with value: 0.45 and parameters: {'hidden_layer_sizes': (100,), 'max_iter': 50, 'alpha': 0.0001}. Best is trial 21 with value: 0.5.
[I 2026-04-13 12:59:57,900] Trial 28 finished with value: 0.3 and parameters: {'hidden_layer_sizes': (100, 100), 'max_iter': 50, 'alpha': 0.001}. Best is trial 21 with value: 0.5.
[I 2026-04-13 12:59:57,996] Trial 29 finished with value: 0.35 and parameters: {'hidden_layer_sizes': (200,), 'max_iter': 100, 'alpha': 0.0001}. Best is trial 21 with value: 0.5.
[I 2026-04-13 12:59:58,150] A new study created in memory with name: naive_bayes
[I 2026-04-13 12:59:58,164] Trial 0 finished with value: 0.55 and parameters: {'var_smoothing': 1.4210736239935712e-10}. Best is trial 0 with value: 0.55.
[I 2026-04-13 12:59:58,176] Trial 1 finished with value: 0.55 and parameters: {'var_smoothing': 3.629422978396398e-09}. Best is trial 0 with value: 0.55.
[I 2026-04-13 12:59:58,198] Trial 2 finished with value: 0.55 and parameters: {'var_smoothing': 7.530407234027127e-10}. Best is trial 0 with value: 0.55.
[I 2026-04-13 12:59:58,210] Trial 3 finished with value: 0.55 and parameters: {'var_smoothing': 2.7985325053380072e-09}. Best is trial 0 with value: 0.55.
[I 2026-04-13 12:59:58,223] Trial 4 finished with value: 0.55 and parameters: {'var_smoothing': 9.036058293737187e-09}. Best is trial 0 with value: 0.55.
[I 2026-04-13 12:59:58,236] Trial 5 finished with value: 0.55 and parameters: {'var_smoothing': 1.1939653980558784e-09}. Best is trial 0 with value: 0.55.
[I 2026-04-13 12:59:58,249] Trial 6 finished with value: 0.55 and parameters: {'var_smoothing': 1.005173261185167e-09}. Best is trial 0 with value: 0.55.
[I 2026-04-13 12:59:58,262] Trial 7 finished with value: 0.55 and parameters: {'var_smoothing': 1.393484899105757e-10}. Best is trial 0 with value: 0.55.
[I 2026-04-13 12:59:58,276] Trial 8 finished with value: 0.55 and parameters: {'var_smoothing': 3.4425317961147986e-10}. Best is trial 0 with value: 0.55.
[I 2026-04-13 12:59:58,291] Trial 9 finished with value: 0.55 and parameters: {'var_smoothing': 9.994590426751933e-10}. Best is trial 0 with value: 0.55.
[I 2026-04-13 12:59:58,308] Trial 10 finished with value: 0.55 and parameters: {'var_smoothing': 1.9079938112167212e-10}. Best is trial 0 with value: 0.55.
[I 2026-04-13 12:59:58,326] Trial 11 finished with value: 0.55 and parameters: {'var_smoothing': 4.7456863630433305e-09}. Best is trial 0 with value: 0.55.
[I 2026-04-13 12:59:58,347] Trial 12 finished with value: 0.55 and parameters: {'var_smoothing': 2.7185365295481096e-09}. Best is trial 0 with value: 0.55.
[I 2026-04-13 12:59:58,365] Trial 13 finished with value: 0.55 and parameters: {'var_smoothing': 4.3967291332584714e-10}. Best is trial 0 with value: 0.55.
[I 2026-04-13 12:59:58,386] Trial 14 finished with value: 0.55 and parameters: {'var_smoothing': 2.6511307931162972e-09}. Best is trial 0 with value: 0.55.
[I 2026-04-13 12:59:58,407] Trial 15 finished with value: 0.55 and parameters: {'var_smoothing': 9.000422035369052e-09}. Best is trial 0 with value: 0.55.
[I 2026-04-13 12:59:58,425] Trial 16 finished with value: 0.55 and parameters: {'var_smoothing': 2.75340575769171e-10}. Best is trial 0 with value: 0.55.
[I 2026-04-13 12:59:58,445] Trial 17 finished with value: 0.55 and parameters: {'var_smoothing': 1.0118559267516465e-10}. Best is trial 0 with value: 0.55.
[I 2026-04-13 12:59:58,473] Trial 18 finished with value: 0.55 and parameters: {'var_smoothing': 5.126237368588495e-10}. Best is trial 0 with value: 0.55.
[I 2026-04-13 12:59:58,488] Trial 19 finished with value: 0.55 and parameters: {'var_smoothing': 1.7743118427439911e-09}. Best is trial 0 with value: 0.55.
[I 2026-04-13 12:59:58,508] Trial 20 finished with value: 0.55 and parameters: {'var_smoothing': 5.29215399120128e-09}. Best is trial 0 with value: 0.55.
[I 2026-04-13 12:59:58,529] Trial 21 finished with value: 0.55 and parameters: {'var_smoothing': 6.215389304971454e-10}. Best is trial 0 with value: 0.55.
[I 2026-04-13 12:59:58,558] Trial 22 finished with value: 0.55 and parameters: {'var_smoothing': 2.205158371956595e-10}. Best is trial 0 with value: 0.55.
[I 2026-04-13 12:59:58,577] Trial 23 finished with value: 0.55 and parameters: {'var_smoothing': 6.714468189294179e-10}. Best is trial 0 with value: 0.55.
[I 2026-04-13 12:59:58,608] Trial 24 finished with value: 0.55 and parameters: {'var_smoothing': 1.6303611152529254e-09}. Best is trial 0 with value: 0.55.
[I 2026-04-13 12:59:58,628] Trial 25 finished with value: 0.55 and parameters: {'var_smoothing': 5.460180203252778e-09}. Best is trial 0 with value: 0.55.
