[I 2026-04-13 13:01:37,449] Trial 29 finished with value: 0.95 and parameters: {'var_smoothing': 1.8379694059711336e-09}. Best is trial 0 with value: 0.95.
[I 2026-04-13 13:01:37,488] A new study created in memory with name: logreg
[I 2026-04-13 13:01:37,511] Trial 0 finished with value: 1.0 and parameters: {'C': 0.002407362254570802, 'penalty': 'l2'}. Best is trial 0 with value: 1.0.
[I 2026-04-13 13:01:37,536] Trial 1 finished with value: 1.0 and parameters: {'C': 7.935859334260497, 'penalty': 'l2'}. Best is trial 0 with value: 1.0.
[I 2026-04-13 13:01:37,561] Trial 2 finished with value: 1.0 and parameters: {'C': 0.15561310098067915, 'penalty': 'l2'}. Best is trial 0 with value: 1.0.
[I 2026-04-13 13:01:37,589] Trial 3 finished with value: 1.0 and parameters: {'C': 4.143104515916128, 'penalty': 'l2'}. Best is trial 0 with value: 1.0.
[I 2026-04-13 13:01:37,613] Trial 4 finished with value: 1.0 and parameters: {'C': 77.61533923098803, 'penalty': 'l2'}. Best is trial 0 with value: 1.0.
[I 2026-04-13 13:01:37,626] Trial 5 finished with value: 1.0 and parameters: {'C': 0.49258292359934785, 'penalty': 'l2'}. Best is trial 0 with value: 1.0.
[I 2026-04-13 13:01:37,638] Trial 6 finished with value: 1.0 and parameters: {'C': 0.320333470047146, 'penalty': 'l2'}. Best is trial 0 with value: 1.0.
[I 2026-04-13 13:01:37,652] Trial 7 finished with value: 1.0 and parameters: {'C': 0.002292216671132896, 'penalty': 'l2'}. Best is trial 0 with value: 1.0.
[I 2026-04-13 13:01:37,675] Trial 8 finished with value: 1.0 and parameters: {'C': 0.0219884643872214, 'penalty': 'l2'}. Best is trial 0 with value: 1.0.
[I 2026-04-13 13:01:37,689] Trial 9 finished with value: 1.0 and parameters: {'C': 0.31580027519646636, 'penalty': 'l2'}. Best is trial 0 with value: 1.0.
[I 2026-04-13 13:01:37,715] Trial 10 finished with value: 1.0 and parameters: {'C': 0.005028545732690317, 'penalty': 'l2'}. Best is trial 0 with value: 1.0.
[I 2026-04-13 13:01:37,732] Trial 11 finished with value: 1.0 and parameters: {'C': 15.514850032264519, 'penalty': 'l2'}. Best is trial 0 with value: 1.0.
[I 2026-04-13 13:01:37,749] Trial 12 finished with value: 1.0 and parameters: {'C': 3.8533453410664578, 'penalty': 'l2'}. Best is trial 0 with value: 1.0.
[I 2026-04-13 13:01:37,779] Trial 13 finished with value: 1.0 and parameters: {'C': 0.04053444936620892, 'penalty': 'l2'}. Best is trial 0 with value: 1.0.
[I 2026-04-13 13:01:37,808] Trial 14 finished with value: 1.0 and parameters: {'C': 3.6189108554787492, 'penalty': 'l2'}. Best is trial 0 with value: 1.0.
[I 2026-04-13 13:01:37,830] Trial 15 finished with value: 1.0 and parameters: {'C': 76.85235596180026, 'penalty': 'l2'}. Best is trial 0 with value: 1.0.
[I 2026-04-13 13:01:37,848] Trial 16 finished with value: 1.0 and parameters: {'C': 0.012579852256827942, 'penalty': 'l2'}. Best is trial 0 with value: 1.0.
[I 2026-04-13 13:01:37,876] Trial 17 finished with value: 1.0 and parameters: {'C': 0.0010299038925161348, 'penalty': 'l2'}. Best is trial 0 with value: 1.0.
[I 2026-04-13 13:01:37,897] Trial 18 finished with value: 1.0 and parameters: {'C': 0.059497234598840446, 'penalty': 'l2'}. Best is trial 0 with value: 1.0.
[I 2026-04-13 13:01:37,915] Trial 19 finished with value: 1.0 and parameters: {'C': 1.326095734760134, 'penalty': 'l2'}. Best is trial 0 with value: 1.0.
[I 2026-04-13 13:01:37,934] Trial 20 finished with value: 1.0 and parameters: {'C': 20.37422894544439, 'penalty': 'l2'}. Best is trial 0 with value: 1.0.
[I 2026-04-13 13:01:37,965] Trial 21 finished with value: 1.0 and parameters: {'C': 0.09630987969657057, 'penalty': 'l2'}. Best is trial 0 with value: 1.0.
[I 2026-04-13 13:01:37,982] Trial 22 finished with value: 1.0 and parameters: {'C': 0.007221035226805926, 'penalty': 'l2'}. Best is trial 0 with value: 1.0.
[I 2026-04-13 13:01:38,009] Trial 23 finished with value: 1.0 and parameters: {'C': 0.1168231874682798, 'penalty': 'l2'}. Best is trial 0 with value: 1.0.
[I 2026-04-13 13:01:38,026] Trial 24 finished with value: 1.0 and parameters: {'C': 1.07327131370564, 'penalty': 'l2'}. Best is trial 0 with value: 1.0.
[I 2026-04-13 13:01:38,042] Trial 25 finished with value: 1.0 and parameters: {'C': 22.030149283850154, 'penalty': 'l2'}. Best is trial 0 with value: 1.0.
[I 2026-04-13 13:01:38,069] Trial 26 finished with value: 1.0 and parameters: {'C': 0.001031036222242501, 'penalty': 'l2'}. Best is trial 0 with value: 1.0.
[I 2026-04-13 13:01:38,085] Trial 27 finished with value: 1.0 and parameters: {'C': 8.329961743648088, 'penalty': 'l2'}. Best is trial 0 with value: 1.0.
[I 2026-04-13 13:01:38,116] Trial 28 finished with value: 1.0 and parameters: {'C': 0.18460133021462113, 'penalty': 'l2'}. Best is trial 0 with value: 1.0.
[I 2026-04-13 13:01:38,143] Trial 29 finished with value: 1.0 and parameters: {'C': 1.4482571960680461, 'penalty': 'l2'}. Best is trial 0 with value: 1.0.
[I 2026-04-13 13:01:38,184] A new study created in memory with name: knn
[I 2026-04-13 13:01:38,198] Trial 0 finished with value: 1.0 and parameters: {'n_neighbors': 3, 'leaf_size': 36, 'p': 2}. Best is trial 0 with value: 1.0.
[I 2026-04-13 13:01:38,213] Trial 1 finished with value: 1.0 and parameters: {'n_neighbors': 10, 'leaf_size': 31, 'p': 1}. Best is trial 0 with value: 1.0.
[I 2026-04-13 13:01:38,227] Trial 2 finished with value: 1.0 and parameters: {'n_neighbors': 5, 'leaf_size': 30, 'p': 2}. Best is trial 0 with value: 1.0.
[I 2026-04-13 13:01:38,242] Trial 3 finished with value: 1.0 and parameters: {'n_neighbors': 6, 'leaf_size': 21, 'p': 2}. Best is trial 0 with value: 1.0.
[I 2026-04-13 13:01:38,256] Trial 4 finished with value: 1.0 and parameters: {'n_neighbors': 4, 'leaf_size': 29, 'p': 1}. Best is trial 0 with value: 1.0.
[I 2026-04-13 13:01:38,270] Trial 5 finished with value: 1.0 and parameters: {'n_neighbors': 7, 'leaf_size': 39, 'p': 2}. Best is trial 0 with value: 1.0.
[I 2026-04-13 13:01:38,284] Trial 6 finished with value: 0.85 and parameters: {'n_neighbors': 10, 'leaf_size': 22, 'p': 2}. Best is trial 0 with value: 1.0.
[I 2026-04-13 13:01:38,298] Trial 7 finished with value: 1.0 and parameters: {'n_neighbors': 8, 'leaf_size': 29, 'p': 2}. Best is trial 0 with value: 1.0.
[I 2026-04-13 13:01:38,311] Trial 8 finished with value: 1.0 and parameters: {'n_neighbors': 5, 'leaf_size': 30, 'p': 2}. Best is trial 0 with value: 1.0.
[I 2026-04-13 13:01:38,326] Trial 9 finished with value: 1.0 and parameters: {'n_neighbors': 9, 'leaf_size': 26, 'p': 1}. Best is trial 0 with value: 1.0.
[I 2026-04-13 13:01:38,347] Trial 10 finished with value: 1.0 and parameters: {'n_neighbors': 4, 'leaf_size': 38, 'p': 1}. Best is trial 0 with value: 1.0.
[I 2026-04-13 13:01:38,368] Trial 11 finished with value: 1.0 and parameters: {'n_neighbors': 3, 'leaf_size': 35, 'p': 1}. Best is trial 0 with value: 1.0.
[I 2026-04-13 13:01:38,417] Trial 12 finished with value: 1.0 and parameters: {'n_neighbors': 10, 'leaf_size': 34, 'p': 1}. Best is trial 0 with value: 1.0.
[I 2026-04-13 13:01:38,444] Trial 13 finished with value: 1.0 and parameters: {'n_neighbors': 8, 'leaf_size': 33, 'p': 1}. Best is trial 0 with value: 1.0.
[I 2026-04-13 13:01:38,466] Trial 14 finished with value: 1.0 and parameters: {'n_neighbors': 3, 'leaf_size': 36, 'p': 2}. Best is trial 0 with value: 1.0.
[I 2026-04-13 13:01:38,493] Trial 15 finished with value: 1.0 and parameters: {'n_neighbors': 7, 'leaf_size': 25, 'p': 1}. Best is trial 0 with value: 1.0.
[I 2026-04-13 13:01:38,531] Trial 16 finished with value: 1.0 and parameters: {'n_neighbors': 6, 'leaf_size': 32, 'p': 1}. Best is trial 0 with value: 1.0.
[I 2026-04-13 13:01:38,559] Trial 17 finished with value: 1.0 and parameters: {'n_neighbors': 9, 'leaf_size': 40, 'p': 2}. Best is trial 0 with value: 1.0.
[I 2026-04-13 13:01:38,584] Trial 18 finished with value: 1.0 and parameters: {'n_neighbors': 8, 'leaf_size': 36, 'p': 1}. Best is trial 0 with value: 1.0.
[I 2026-04-13 13:01:38,611] Trial 19 finished with value: 1.0 and parameters: {'n_neighbors': 5, 'leaf_size': 27, 'p': 2}. Best is trial 0 with value: 1.0.
[I 2026-04-13 13:01:38,637] Trial 20 finished with value: 1.0 and parameters: {'n_neighbors': 9, 'leaf_size': 32, 'p': 2}. Best is trial 0 with value: 1.0.
[I 2026-04-13 13:01:38,679] Trial 21 finished with value: 1.0 and parameters: {'n_neighbors': 4, 'leaf_size': 31, 'p': 2}. Best is trial 0 with value: 1.0.
[I 2026-04-13 13:01:38,707] Trial 22 finished with value: 1.0 and parameters: {'n_neighbors': 5, 'leaf_size': 28, 'p': 2}. Best is trial 0 with value: 1.0.
[I 2026-04-13 13:01:38,729] Trial 23 finished with value: 1.0 and parameters: {'n_neighbors': 3, 'leaf_size': 23, 'p': 2}. Best is trial 0 with value: 1.0.
[I 2026-04-13 13:01:38,758] Trial 24 finished with value: 1.0 and parameters: {'n_neighbors': 4, 'leaf_size': 37, 'p': 2}. Best is trial 0 with value: 1.0.
[I 2026-04-13 13:01:38,781] Trial 25 finished with value: 1.0 and parameters: {'n_neighbors': 6, 'leaf_size': 34, 'p': 2}. Best is trial 0 with value: 1.0.
[I 2026-04-13 13:01:38,808] Trial 26 finished with value: 1.0 and parameters: {'n_neighbors': 5, 'leaf_size': 24, 'p': 1}. Best is trial 0 with value: 1.0.
[I 2026-04-13 13:01:38,832] Trial 27 finished with value: 1.0 and parameters: {'n_neighbors': 7, 'leaf_size': 31, 'p': 2}. Best is trial 0 with value: 1.0.
[I 2026-04-13 13:01:38,857] Trial 28 finished with value: 1.0 and parameters: {'n_neighbors': 3, 'leaf_size': 28, 'p': 1}. Best is trial 0 with value: 1.0.
[I 2026-04-13 13:01:38,884] Trial 29 finished with value: 1.0 and parameters: {'n_neighbors': 6, 'leaf_size': 33, 'p': 2}. Best is trial 0 with value: 1.0.
[I 2026-04-13 13:01:38,935] A new study created in memory with name: xgb
[I 2026-04-13 13:01:38,961] Trial 0 finished with value: 1.0 and parameters: {'n_estimators': 40, 'max_depth': 20, 'gamma': 0.5510084172939441, 'subsample': 0.5360255666798808, 'colsample_bytree': 0.6342194900509356}. Best is trial 0 with value: 1.0.
[I 2026-04-13 13:01:38,991] Trial 1 finished with value: 0.95 and parameters: {'n_estimators': 100, 'max_depth': 5, 'gamma': 0.9186341749476523, 'subsample': 0.6066926767899578, 'colsample_bytree': 0.7260619809088416}. Best is trial 0 with value: 1.0.
[I 2026-04-13 13:01:39,021] Trial 2 finished with value: 0.95 and parameters: {'n_estimators': 10, 'max_depth': 5, 'gamma': 0.9182155373980582, 'subsample': 0.566584722879625, 'colsample_bytree': 0.761706290336883}. Best is trial 0 with value: 1.0.
[I 2026-04-13 13:01:39,050] Trial 3 finished with value: 0.95 and parameters: {'n_estimators': 10, 'max_depth': 20, 'gamma': 0.5296610393664296, 'subsample': 0.6829451928902965, 'colsample_bytree': 0.9189589971546304}. Best is trial 0 with value: 1.0.
[I 2026-04-13 13:01:39,077] Trial 4 finished with value: 0.95 and parameters: {'n_estimators': 10, 'max_depth': 20, 'gamma': 0.6916595165017824, 'subsample': 0.6851755414940176, 'colsample_bytree': 0.7295464889457157}. Best is trial 0 with value: 1.0.
[I 2026-04-13 13:01:39,117] Trial 5 finished with value: 0.95 and parameters: {'n_estimators': 100, 'max_depth': 20, 'gamma': 0.48380821541644814, 'subsample': 0.8171899343169193, 'colsample_bytree': 0.7614531005141727}. Best is trial 0 with value: 1.0.
[I 2026-04-13 13:01:39,142] Trial 6 finished with value: 0.95 and parameters: {'n_estimators': 10, 'max_depth': 5, 'gamma': 0.9599214907026333, 'subsample': 0.8414569271877088, 'colsample_bytree': 0.5265643453364788}. Best is trial 0 with value: 1.0.
[I 2026-04-13 13:01:39,167] Trial 7 finished with value: 0.95 and parameters: {'n_estimators': 40, 'max_depth': 5, 'gamma': 0.5250915966595621, 'subsample': 0.9207383574491986, 'colsample_bytree': 0.565555321173957}. Best is trial 0 with value: 1.0.
[I 2026-04-13 13:01:39,202] Trial 8 finished with value: 0.95 and parameters: {'n_estimators': 100, 'max_depth': 5, 'gamma': 0.3919835527051987, 'subsample': 0.6502094521590198, 'colsample_bytree': 0.5827507002328938}. Best is trial 0 with value: 1.0.
[I 2026-04-13 13:01:39,239] Trial 9 finished with value: 0.95 and parameters: {'n_estimators': 100, 'max_depth': 5, 'gamma': 0.8003922413895069, 'subsample': 0.9436444759263674, 'colsample_bytree': 0.8374593849333938}. Best is trial 0 with value: 1.0.
[I 2026-04-13 13:01:39,278] Trial 10 finished with value: 1.0 and parameters: {'n_estimators': 40, 'max_depth': 30, 'gamma': 0.13445536345660636, 'subsample': 0.5091072311743174, 'colsample_bytree': 0.633084257063925}. Best is trial 0 with value: 1.0.
[I 2026-04-13 13:01:39,315] Trial 11 finished with value: 1.0 and parameters: {'n_estimators': 40, 'max_depth': 30, 'gamma': 0.11592863346620841, 'subsample': 0.5080788263293567, 'colsample_bytree': 0.6314763873450907}. Best is trial 0 with value: 1.0.
[I 2026-04-13 13:01:39,357] Trial 12 finished with value: 1.0 and parameters: {'n_estimators': 40, 'max_depth': 30, 'gamma': 0.2545479034560063, 'subsample': 0.5002075114471883, 'colsample_bytree': 0.657931985092028}. Best is trial 0 with value: 1.0.
[I 2026-04-13 13:01:39,396] Trial 13 finished with value: 0.95 and parameters: {'n_estimators': 40, 'max_depth': 30, 'gamma': 0.321019430638931, 'subsample': 0.5700264691274306, 'colsample_bytree': 0.6465193285355858}. Best is trial 0 with value: 1.0.
[I 2026-04-13 13:01:39,434] Trial 14 finished with value: 0.95 and parameters: {'n_estimators': 40, 'max_depth': 30, 'gamma': 0.6969466433930815, 'subsample': 0.7589764612285627, 'colsample_bytree': 0.5031800959541984}. Best is trial 0 with value: 1.0.
[I 2026-04-13 13:01:39,487] Trial 15 finished with value: 0.95 and parameters: {'n_estimators': 40, 'max_depth': 20, 'gamma': 0.10664688114309917, 'subsample': 0.5670927794053742, 'colsample_bytree': 0.66646045251219}. Best is trial 0 with value: 1.0.
[I 2026-04-13 13:01:39,528] Trial 16 finished with value: 0.95 and parameters: {'n_estimators': 40, 'max_depth': 20, 'gamma': 0.675506913670519, 'subsample': 0.7341608736758343, 'colsample_bytree': 0.9928973939225177}. Best is trial 0 with value: 1.0.
[I 2026-04-13 13:01:39,561] Trial 17 finished with value: 0.95 and parameters: {'n_estimators': 40, 'max_depth': 30, 'gamma': 0.25981432993271136, 'subsample': 0.6199770193453268, 'colsample_bytree': 0.5887954018443132}. Best is trial 0 with value: 1.0.
[I 2026-04-13 13:01:39,596] Trial 18 finished with value: 0.95 and parameters: {'n_estimators': 40, 'max_depth': 30, 'gamma': 0.42405998373276377, 'subsample': 0.5393683352174357, 'colsample_bytree': 0.8240459457039855}. Best is trial 0 with value: 1.0.
[I 2026-04-13 13:01:39,641] Trial 19 finished with value: 0.95 and parameters: {'n_estimators': 40, 'max_depth': 20, 'gamma': 0.6223954336002551, 'subsample': 0.6172287197978261, 'colsample_bytree': 0.7007773720378611}. Best is trial 0 with value: 1.0.
[I 2026-04-13 13:01:39,682] Trial 20 finished with value: 0.95 and parameters: {'n_estimators': 40, 'max_depth': 30, 'gamma': 0.8140985818876745, 'subsample': 0.9961764358499778, 'colsample_bytree': 0.6056171102555656}. Best is trial 0 with value: 1.0.
[I 2026-04-13 13:01:39,722] Trial 21 finished with value: 1.0 and parameters: {'n_estimators': 40, 'max_depth': 30, 'gamma': 0.1208690023849295, 'subsample': 0.5135798256659287, 'colsample_bytree': 0.6496294804282028}. Best is trial 0 with value: 1.0.
[I 2026-04-13 13:01:39,771] Trial 22 finished with value: 1.0 and parameters: {'n_estimators': 40, 'max_depth': 30, 'gamma': 0.18407837008751685, 'subsample': 0.5027981536868884, 'colsample_bytree': 0.6193031131452849}. Best is trial 0 with value: 1.0.
[I 2026-04-13 13:01:39,812] Trial 23 finished with value: 0.9 and parameters: {'n_estimators': 40, 'max_depth': 30, 'gamma': 0.200499972946486, 'subsample': 0.5657159664587075, 'colsample_bytree': 0.5447218154825557}. Best is trial 0 with value: 1.0.
[I 2026-04-13 13:01:39,852] Trial 24 finished with value: 1.0 and parameters: {'n_estimators': 40, 'max_depth': 30, 'gamma': 0.39516733283015965, 'subsample': 0.5342357084092502, 'colsample_bytree': 0.678068569166966}. Best is trial 0 with value: 1.0.
[I 2026-04-13 13:01:39,888] Trial 25 finished with value: 0.95 and parameters: {'n_estimators': 40, 'max_depth': 20, 'gamma': 0.3181695370060763, 'subsample': 0.6058883129592793, 'colsample_bytree': 0.7924825748244255}. Best is trial 0 with value: 1.0.
[I 2026-04-13 13:01:39,929] Trial 26 finished with value: 0.95 and parameters: {'n_estimators': 40, 'max_depth': 30, 'gamma': 0.5930575805952721, 'subsample': 0.6671072266565071, 'colsample_bytree': 0.6256142466379074}. Best is trial 0 with value: 1.0.
[I 2026-04-13 13:01:39,975] Trial 27 finished with value: 1.0 and parameters: {'n_estimators': 40, 'max_depth': 20, 'gamma': 0.1716100526699212, 'subsample': 0.5393233046645602, 'colsample_bytree': 0.7036560594579506}. Best is trial 0 with value: 1.0.
[I 2026-04-13 13:01:40,011] Trial 28 finished with value: 0.95 and parameters: {'n_estimators': 10, 'max_depth': 30, 'gamma': 0.462169484508139, 'subsample': 0.7366457127810107, 'colsample_bytree': 0.5533216423883793}. Best is trial 0 with value: 1.0.
[I 2026-04-13 13:01:40,058] Trial 29 finished with value: 0.95 and parameters: {'n_estimators': 100, 'max_depth': 20, 'gamma': 0.3070252782642932, 'subsample': 0.5978922789356054, 'colsample_bytree': 0.6980332431594081}. Best is trial 0 with value: 1.0.
[I 2026-04-13 13:01:40,138] A new study created in memory with name: rf
[I 2026-04-13 13:01:40,364] Trial 0 finished with value: 0.5 and parameters: {'n_estimators': 130, 'max_depth': 17, 'min_samples_split': 5, 'min_samples_leaf': 8}. Best is trial 0 with value: 0.5.
[I 2026-04-13 13:01:41,043] Trial 1 finished with value: 1.0 and parameters: {'n_estimators': 492, 'max_depth': 12, 'min_samples_split': 6, 'min_samples_leaf': 1}. Best is trial 1 with value: 1.0.
[I 2026-04-13 13:01:41,299] Trial 2 finished with value: 0.5 and parameters: {'n_estimators': 207, 'max_depth': 11, 'min_samples_split': 8, 'min_samples_leaf': 9}. Best is trial 1 with value: 1.0.
[I 2026-04-13 13:01:41,627] Trial 3 finished with value: 0.5 and parameters: {'n_estimators': 252, 'max_depth': 4, 'min_samples_split': 4, 'min_samples_leaf': 10}. Best is trial 1 with value: 1.0.
[I 2026-04-13 13:01:41,914] Trial 4 finished with value: 1.0 and parameters: {'n_estimators': 185, 'max_depth': 11, 'min_samples_split': 10, 'min_samples_leaf': 1}. Best is trial 1 with value: 1.0.
[I 2026-04-13 13:01:42,354] Trial 5 finished with value: 1.0 and parameters: {'n_estimators': 340, 'max_depth': 20, 'min_samples_split': 4, 'min_samples_leaf': 6}. Best is trial 1 with value: 1.0.
[I 2026-04-13 13:01:42,914] Trial 6 finished with value: 0.5 and parameters: {'n_estimators': 464, 'max_depth': 5, 'min_samples_split': 6, 'min_samples_leaf': 8}. Best is trial 1 with value: 1.0.
[I 2026-04-13 13:01:43,394] Trial 7 finished with value: 1.0 and parameters: {'n_estimators': 368, 'max_depth': 11, 'min_samples_split': 3, 'min_samples_leaf': 5}. Best is trial 1 with value: 1.0.
[I 2026-04-13 13:01:43,701] Trial 8 finished with value: 0.5 and parameters: {'n_estimators': 249, 'max_depth': 11, 'min_samples_split': 5, 'min_samples_leaf': 9}. Best is trial 1 with value: 1.0.
[I 2026-04-13 13:01:44,179] Trial 9 finished with value: 1.0 and parameters: {'n_estimators': 408, 'max_depth': 8, 'min_samples_split': 7, 'min_samples_leaf': 3}. Best is trial 1 with value: 1.0.
[I 2026-04-13 13:01:44,841] Trial 10 finished with value: 1.0 and parameters: {'n_estimators': 479, 'max_depth': 15, 'min_samples_split': 2, 'min_samples_leaf': 1}. Best is trial 1 with value: 1.0.
[I 2026-04-13 13:01:45,066] Trial 11 finished with value: 1.0 and parameters: {'n_estimators': 124, 'max_depth': 15, 'min_samples_split': 10, 'min_samples_leaf': 1}. Best is trial 1 with value: 1.0.
[I 2026-04-13 13:01:45,323] Trial 12 finished with value: 1.0 and parameters: {'n_estimators': 180, 'max_depth': 7, 'min_samples_split': 10, 'min_samples_leaf': 3}. Best is trial 1 with value: 1.0.
[I 2026-04-13 13:01:45,789] Trial 13 finished with value: 1.0 and parameters: {'n_estimators': 300, 'max_depth': 14, 'min_samples_split': 8, 'min_samples_leaf': 3}. Best is trial 1 with value: 1.0.
[I 2026-04-13 13:01:46,329] Trial 14 finished with value: 1.0 and parameters: {'n_estimators': 424, 'max_depth': 8, 'min_samples_split': 8, 'min_samples_leaf': 1}. Best is trial 1 with value: 1.0.
[I 2026-04-13 13:01:46,619] Trial 15 finished with value: 1.0 and parameters: {'n_estimators': 191, 'max_depth': 12, 'min_samples_split': 9, 'min_samples_leaf': 5}. Best is trial 1 with value: 1.0.
[I 2026-04-13 13:01:47,016] Trial 16 finished with value: 1.0 and parameters: {'n_estimators': 295, 'max_depth': 18, 'min_samples_split': 6, 'min_samples_leaf': 2}. Best is trial 1 with value: 1.0.
[I 2026-04-13 13:01:47,616] Trial 17 finished with value: 1.0 and parameters: {'n_estimators': 380, 'max_depth': 13, 'min_samples_split': 7, 'min_samples_leaf': 4}. Best is trial 1 with value: 1.0.
[I 2026-04-13 13:01:48,012] Trial 18 finished with value: 1.0 and parameters: {'n_estimators': 242, 'max_depth': 9, 'min_samples_split': 9, 'min_samples_leaf': 2}. Best is trial 1 with value: 1.0.
[I 2026-04-13 13:01:48,257] Trial 19 finished with value: 1.0 and parameters: {'n_estimators': 160, 'max_depth': 6, 'min_samples_split': 7, 'min_samples_leaf': 6}. Best is trial 1 with value: 1.0.
[I 2026-04-13 13:01:48,711] Trial 20 finished with value: 1.0 and parameters: {'n_estimators': 330, 'max_depth': 3, 'min_samples_split': 5, 'min_samples_leaf': 2}. Best is trial 1 with value: 1.0.
[I 2026-04-13 13:01:49,179] Trial 21 finished with value: 1.0 and parameters: {'n_estimators': 347, 'max_depth': 20, 'min_samples_split': 4, 'min_samples_leaf': 6}. Best is trial 1 with value: 1.0.
[I 2026-04-13 13:01:49,738] Trial 22 finished with value: 1.0 and parameters: {'n_estimators': 447, 'max_depth': 20, 'min_samples_split': 2, 'min_samples_leaf': 4}. Best is trial 1 with value: 1.0.
