[I 2026-04-13 12:53:21,380] Trial 19 finished with value: 0.6 and parameters: {'C': 0.002520448080692226, 'penalty': 'l2'}. Best is trial 0 with value: 0.6.
[I 2026-04-13 12:53:21,410] Trial 20 finished with value: 0.5 and parameters: {'C': 0.12777586739131547, 'penalty': 'l2'}. Best is trial 0 with value: 0.6.
[I 2026-04-13 12:53:21,432] Trial 21 finished with value: 0.6 and parameters: {'C': 0.009681960805561949, 'penalty': 'l2'}. Best is trial 0 with value: 0.6.
[I 2026-04-13 12:53:21,460] Trial 22 finished with value: 0.6 and parameters: {'C': 0.011098586823166496, 'penalty': 'l2'}. Best is trial 0 with value: 0.6.
[I 2026-04-13 12:53:21,480] Trial 23 finished with value: 0.6 and parameters: {'C': 0.003781809514063614, 'penalty': 'l2'}. Best is trial 0 with value: 0.6.
[I 2026-04-13 12:53:21,515] Trial 24 finished with value: 0.55 and parameters: {'C': 0.033870328504746354, 'penalty': 'l2'}. Best is trial 0 with value: 0.6.
[I 2026-04-13 12:53:21,538] Trial 25 finished with value: 0.6 and parameters: {'C': 0.011613511559742403, 'penalty': 'l2'}. Best is trial 0 with value: 0.6.
[I 2026-04-13 12:53:21,584] Trial 26 finished with value: 0.5 and parameters: {'C': 0.06485897786396544, 'penalty': 'l2'}. Best is trial 0 with value: 0.6.
[I 2026-04-13 12:53:21,613] Trial 27 finished with value: 0.5 and parameters: {'C': 0.17546619814862002, 'penalty': 'l2'}. Best is trial 0 with value: 0.6.
[I 2026-04-13 12:53:21,639] Trial 28 finished with value: 0.45 and parameters: {'C': 0.6144804613612883, 'penalty': 'l2'}. Best is trial 0 with value: 0.6.
[I 2026-04-13 12:53:21,664] Trial 29 finished with value: 0.45 and parameters: {'C': 87.43511457459678, 'penalty': 'l2'}. Best is trial 0 with value: 0.6.
[I 2026-04-13 12:53:21,706] A new study created in memory with name: knn
[I 2026-04-13 12:53:21,722] Trial 0 finished with value: 0.35 and parameters: {'n_neighbors': 4, 'leaf_size': 38, 'p': 2}. Best is trial 0 with value: 0.35.
[I 2026-04-13 12:53:21,747] Trial 1 finished with value: 0.3 and parameters: {'n_neighbors': 6, 'leaf_size': 32, 'p': 1}. Best is trial 0 with value: 0.35.
[I 2026-04-13 12:53:21,771] Trial 2 finished with value: 0.4 and parameters: {'n_neighbors': 5, 'leaf_size': 23, 'p': 2}. Best is trial 2 with value: 0.4.
[I 2026-04-13 12:53:21,793] Trial 3 finished with value: 0.3 and parameters: {'n_neighbors': 6, 'leaf_size': 23, 'p': 1}. Best is trial 2 with value: 0.4.
[I 2026-04-13 12:53:21,806] Trial 4 finished with value: 0.3 and parameters: {'n_neighbors': 6, 'leaf_size': 26, 'p': 1}. Best is trial 2 with value: 0.4.
[I 2026-04-13 12:53:21,819] Trial 5 finished with value: 0.4 and parameters: {'n_neighbors': 7, 'leaf_size': 25, 'p': 1}. Best is trial 2 with value: 0.4.
[I 2026-04-13 12:53:21,832] Trial 6 finished with value: 0.4 and parameters: {'n_neighbors': 5, 'leaf_size': 23, 'p': 2}. Best is trial 2 with value: 0.4.
[I 2026-04-13 12:53:21,845] Trial 7 finished with value: 0.45 and parameters: {'n_neighbors': 10, 'leaf_size': 23, 'p': 2}. Best is trial 7 with value: 0.45.
[I 2026-04-13 12:53:21,868] Trial 8 finished with value: 0.4 and parameters: {'n_neighbors': 8, 'leaf_size': 36, 'p': 2}. Best is trial 7 with value: 0.45.
[I 2026-04-13 12:53:21,882] Trial 9 finished with value: 0.25 and parameters: {'n_neighbors': 3, 'leaf_size': 30, 'p': 2}. Best is trial 7 with value: 0.45.
[I 2026-04-13 12:53:21,921] Trial 10 finished with value: 0.45 and parameters: {'n_neighbors': 10, 'leaf_size': 20, 'p': 2}. Best is trial 7 with value: 0.45.
[I 2026-04-13 12:53:21,941] Trial 11 finished with value: 0.45 and parameters: {'n_neighbors': 10, 'leaf_size': 20, 'p': 2}. Best is trial 7 with value: 0.45.
[I 2026-04-13 12:53:21,966] Trial 12 finished with value: 0.45 and parameters: {'n_neighbors': 10, 'leaf_size': 28, 'p': 2}. Best is trial 7 with value: 0.45.
[I 2026-04-13 12:53:21,986] Trial 13 finished with value: 0.4 and parameters: {'n_neighbors': 9, 'leaf_size': 20, 'p': 2}. Best is trial 7 with value: 0.45.
[I 2026-04-13 12:53:22,016] Trial 14 finished with value: 0.4 and parameters: {'n_neighbors': 9, 'leaf_size': 21, 'p': 2}. Best is trial 7 with value: 0.45.
[I 2026-04-13 12:53:22,036] Trial 15 finished with value: 0.4 and parameters: {'n_neighbors': 8, 'leaf_size': 33, 'p': 2}. Best is trial 7 with value: 0.45.
[I 2026-04-13 12:53:22,063] Trial 16 finished with value: 0.45 and parameters: {'n_neighbors': 10, 'leaf_size': 27, 'p': 2}. Best is trial 7 with value: 0.45.
[I 2026-04-13 12:53:22,089] Trial 17 finished with value: 0.4 and parameters: {'n_neighbors': 9, 'leaf_size': 24, 'p': 2}. Best is trial 7 with value: 0.45.
[I 2026-04-13 12:53:22,113] Trial 18 finished with value: 0.4 and parameters: {'n_neighbors': 8, 'leaf_size': 29, 'p': 1}. Best is trial 7 with value: 0.45.
[I 2026-04-13 12:53:22,140] Trial 19 finished with value: 0.45 and parameters: {'n_neighbors': 10, 'leaf_size': 21, 'p': 2}. Best is trial 7 with value: 0.45.
[I 2026-04-13 12:53:22,163] Trial 20 finished with value: 0.35 and parameters: {'n_neighbors': 7, 'leaf_size': 40, 'p': 2}. Best is trial 7 with value: 0.45.
[I 2026-04-13 12:53:22,196] Trial 21 finished with value: 0.45 and parameters: {'n_neighbors': 10, 'leaf_size': 20, 'p': 2}. Best is trial 7 with value: 0.45.
[I 2026-04-13 12:53:22,219] Trial 22 finished with value: 0.4 and parameters: {'n_neighbors': 9, 'leaf_size': 22, 'p': 2}. Best is trial 7 with value: 0.45.
[I 2026-04-13 12:53:22,239] Trial 23 finished with value: 0.45 and parameters: {'n_neighbors': 10, 'leaf_size': 20, 'p': 2}. Best is trial 7 with value: 0.45.
[I 2026-04-13 12:53:22,275] Trial 24 finished with value: 0.4 and parameters: {'n_neighbors': 9, 'leaf_size': 25, 'p': 2}. Best is trial 7 with value: 0.45.
[I 2026-04-13 12:53:22,311] Trial 25 finished with value: 0.4 and parameters: {'n_neighbors': 8, 'leaf_size': 22, 'p': 2}. Best is trial 7 with value: 0.45.
[I 2026-04-13 12:53:22,336] Trial 26 finished with value: 0.45 and parameters: {'n_neighbors': 10, 'leaf_size': 25, 'p': 1}. Best is trial 7 with value: 0.45.
[I 2026-04-13 12:53:22,360] Trial 27 finished with value: 0.4 and parameters: {'n_neighbors': 9, 'leaf_size': 22, 'p': 2}. Best is trial 7 with value: 0.45.
[I 2026-04-13 12:53:22,384] Trial 28 finished with value: 0.45 and parameters: {'n_neighbors': 10, 'leaf_size': 20, 'p': 2}. Best is trial 7 with value: 0.45.
[I 2026-04-13 12:53:22,408] Trial 29 finished with value: 0.35 and parameters: {'n_neighbors': 7, 'leaf_size': 35, 'p': 2}. Best is trial 7 with value: 0.45.
[I 2026-04-13 12:53:22,448] A new study created in memory with name: xgb
[I 2026-04-13 12:53:22,475] Trial 0 finished with value: 0.45 and parameters: {'n_estimators': 40, 'max_depth': 5, 'gamma': 0.789317070832284, 'subsample': 0.7592089939364717, 'colsample_bytree': 0.648400250788111}. Best is trial 0 with value: 0.45.
[I 2026-04-13 12:53:22,512] Trial 1 finished with value: 0.3 and parameters: {'n_estimators': 100, 'max_depth': 30, 'gamma': 0.34667781579300216, 'subsample': 0.7071175095405257, 'colsample_bytree': 0.6480399663668239}. Best is trial 0 with value: 0.45.
[I 2026-04-13 12:53:22,540] Trial 2 finished with value: 0.5 and parameters: {'n_estimators': 10, 'max_depth': 20, 'gamma': 0.3948075529198607, 'subsample': 0.5720821503267102, 'colsample_bytree': 0.5828064306006338}. Best is trial 2 with value: 0.5.
[I 2026-04-13 12:53:22,569] Trial 3 finished with value: 0.35 and parameters: {'n_estimators': 10, 'max_depth': 30, 'gamma': 0.8015631269999768, 'subsample': 0.5114665462195407, 'colsample_bytree': 0.788831429064878}. Best is trial 2 with value: 0.5.
[I 2026-04-13 12:53:22,608] Trial 4 finished with value: 0.45 and parameters: {'n_estimators': 100, 'max_depth': 5, 'gamma': 0.8834347783013348, 'subsample': 0.961374806972835, 'colsample_bytree': 0.5011071062662218}. Best is trial 2 with value: 0.5.
[I 2026-04-13 12:53:22,645] Trial 5 finished with value: 0.55 and parameters: {'n_estimators': 40, 'max_depth': 5, 'gamma': 0.5364379674896123, 'subsample': 0.5145557818363589, 'colsample_bytree': 0.5432628442011025}. Best is trial 5 with value: 0.55.
[I 2026-04-13 12:53:22,684] Trial 6 finished with value: 0.5 and parameters: {'n_estimators': 100, 'max_depth': 20, 'gamma': 0.6718205850237038, 'subsample': 0.9059511955902053, 'colsample_bytree': 0.9633413076219371}. Best is trial 5 with value: 0.55.
[I 2026-04-13 12:53:22,710] Trial 7 finished with value: 0.4 and parameters: {'n_estimators': 10, 'max_depth': 30, 'gamma': 0.8165284487704038, 'subsample': 0.5255714015506736, 'colsample_bytree': 0.594333867896554}. Best is trial 5 with value: 0.55.
[I 2026-04-13 12:53:22,756] Trial 8 finished with value: 0.5 and parameters: {'n_estimators': 100, 'max_depth': 20, 'gamma': 0.6251497693480509, 'subsample': 0.9696496759824258, 'colsample_bytree': 0.9717700410079397}. Best is trial 5 with value: 0.55.
[I 2026-04-13 12:53:22,782] Trial 9 finished with value: 0.4 and parameters: {'n_estimators': 40, 'max_depth': 30, 'gamma': 0.9649927737686168, 'subsample': 0.6857563076640036, 'colsample_bytree': 0.5061847058001788}. Best is trial 5 with value: 0.55.
[I 2026-04-13 12:53:22,831] Trial 10 finished with value: 0.4 and parameters: {'n_estimators': 40, 'max_depth': 5, 'gamma': 0.17962098877423716, 'subsample': 0.8185311023645913, 'colsample_bytree': 0.7898330861721071}. Best is trial 5 with value: 0.55.
[I 2026-04-13 12:53:22,869] Trial 11 finished with value: 0.5 and parameters: {'n_estimators': 10, 'max_depth': 20, 'gamma': 0.4309044066529876, 'subsample': 0.6051507994724706, 'colsample_bytree': 0.601313317424087}. Best is trial 5 with value: 0.55.
[I 2026-04-13 12:53:22,908] Trial 12 finished with value: 0.4 and parameters: {'n_estimators': 40, 'max_depth': 20, 'gamma': 0.45837106750501544, 'subsample': 0.6075140464738895, 'colsample_bytree': 0.7136404265878388}. Best is trial 5 with value: 0.55.
[I 2026-04-13 12:53:22,948] Trial 13 finished with value: 0.5 and parameters: {'n_estimators': 10, 'max_depth': 5, 'gamma': 0.2520903312233983, 'subsample': 0.6006236694857023, 'colsample_bytree': 0.5598153955516226}. Best is trial 5 with value: 0.55.
[I 2026-04-13 12:53:22,997] Trial 14 finished with value: 0.5 and parameters: {'n_estimators': 10, 'max_depth': 20, 'gamma': 0.5315893195452142, 'subsample': 0.5642103085085849, 'colsample_bytree': 0.7106194337227647}. Best is trial 5 with value: 0.55.
[I 2026-04-13 12:53:23,030] Trial 15 finished with value: 0.45 and parameters: {'n_estimators': 40, 'max_depth': 5, 'gamma': 0.31798733692887876, 'subsample': 0.6576828198587409, 'colsample_bytree': 0.8604557310580807}. Best is trial 5 with value: 0.55.
[I 2026-04-13 12:53:23,055] Trial 16 finished with value: 0.35 and parameters: {'n_estimators': 10, 'max_depth': 20, 'gamma': 0.11168447854270774, 'subsample': 0.5102946134786082, 'colsample_bytree': 0.5588938177267717}. Best is trial 5 with value: 0.55.
[I 2026-04-13 12:53:23,090] Trial 17 finished with value: 0.45 and parameters: {'n_estimators': 40, 'max_depth': 5, 'gamma': 0.621085656762728, 'subsample': 0.7960021556276259, 'colsample_bytree': 0.6535147715713203}. Best is trial 5 with value: 0.55.
[I 2026-04-13 12:53:23,132] Trial 18 finished with value: 0.5 and parameters: {'n_estimators': 10, 'max_depth': 20, 'gamma': 0.44300954879266374, 'subsample': 0.6484832531876555, 'colsample_bytree': 0.554076958728888}. Best is trial 5 with value: 0.55.
[I 2026-04-13 12:53:23,192] Trial 19 finished with value: 0.4 and parameters: {'n_estimators': 40, 'max_depth': 5, 'gamma': 0.5181875718818153, 'subsample': 0.5652525341320878, 'colsample_bytree': 0.9003852468330709}. Best is trial 5 with value: 0.55.
[I 2026-04-13 12:53:23,231] Trial 20 finished with value: 0.45 and parameters: {'n_estimators': 40, 'max_depth': 20, 'gamma': 0.3375244667657982, 'subsample': 0.5562523360200625, 'colsample_bytree': 0.7030541319249886}. Best is trial 5 with value: 0.55.
[I 2026-04-13 12:53:23,280] Trial 21 finished with value: 0.45 and parameters: {'n_estimators': 100, 'max_depth': 20, 'gamma': 0.6220809860525494, 'subsample': 0.8778545833075517, 'colsample_bytree': 0.9799081111263114}. Best is trial 5 with value: 0.55.
[I 2026-04-13 12:53:23,329] Trial 22 finished with value: 0.5 and parameters: {'n_estimators': 100, 'max_depth': 20, 'gamma': 0.698457310143614, 'subsample': 0.9030546170631749, 'colsample_bytree': 0.8958572192520322}. Best is trial 5 with value: 0.55.
[I 2026-04-13 12:53:23,377] Trial 23 finished with value: 0.45 and parameters: {'n_estimators': 100, 'max_depth': 20, 'gamma': 0.6922737613780491, 'subsample': 0.912304448967498, 'colsample_bytree': 0.8377101531443852}. Best is trial 5 with value: 0.55.
[I 2026-04-13 12:53:23,426] Trial 24 finished with value: 0.45 and parameters: {'n_estimators': 100, 'max_depth': 20, 'gamma': 0.7167681148277982, 'subsample': 0.8568217984289112, 'colsample_bytree': 0.6185285086835917}. Best is trial 5 with value: 0.55.
[I 2026-04-13 12:53:23,498] Trial 25 finished with value: 0.3 and parameters: {'n_estimators': 100, 'max_depth': 5, 'gamma': 0.567759853699521, 'subsample': 0.7314832944521735, 'colsample_bytree': 0.9399678524143313}. Best is trial 5 with value: 0.55.
[I 2026-04-13 12:53:23,537] Trial 26 finished with value: 0.5 and parameters: {'n_estimators': 10, 'max_depth': 20, 'gamma': 0.3953099501806352, 'subsample': 0.7916751032046008, 'colsample_bytree': 0.7533436099876735}. Best is trial 5 with value: 0.55.
[I 2026-04-13 12:53:23,591] Trial 27 finished with value: 0.4 and parameters: {'n_estimators': 40, 'max_depth': 20, 'gamma': 0.5061120406857413, 'subsample': 0.6422706632400519, 'colsample_bytree': 0.5373336779117528}. Best is trial 5 with value: 0.55.
[I 2026-04-13 12:53:23,641] Trial 28 finished with value: 0.4 and parameters: {'n_estimators': 10, 'max_depth': 30, 'gamma': 0.27160900484130734, 'subsample': 0.9987048615397089, 'colsample_bytree': 0.6793511908286868}. Best is trial 5 with value: 0.55.
[I 2026-04-13 12:53:23,694] Trial 29 finished with value: 0.4 and parameters: {'n_estimators': 100, 'max_depth': 5, 'gamma': 0.7302299566585564, 'subsample': 0.7708864888516107, 'colsample_bytree': 0.6322068129886764}. Best is trial 5 with value: 0.55.
[I 2026-04-13 12:53:32,057] A new study created in memory with name: rf
[I 2026-04-13 12:53:32,318] Trial 0 finished with value: 0.5 and parameters: {'n_estimators': 189, 'max_depth': 18, 'min_samples_split': 3, 'min_samples_leaf': 10}. Best is trial 0 with value: 0.5.
[I 2026-04-13 12:53:32,706] Trial 1 finished with value: 0.4 and parameters: {'n_estimators': 295, 'max_depth': 14, 'min_samples_split': 8, 'min_samples_leaf': 6}. Best is trial 0 with value: 0.5.
[I 2026-04-13 12:53:33,005] Trial 2 finished with value: 0.5 and parameters: {'n_estimators': 219, 'max_depth': 6, 'min_samples_split': 2, 'min_samples_leaf': 8}. Best is trial 0 with value: 0.5.
[I 2026-04-13 12:53:33,353] Trial 3 finished with value: 0.4 and parameters: {'n_estimators': 276, 'max_depth': 5, 'min_samples_split': 9, 'min_samples_leaf': 3}. Best is trial 0 with value: 0.5.
[I 2026-04-13 12:53:33,670] Trial 4 finished with value: 0.35 and parameters: {'n_estimators': 266, 'max_depth': 8, 'min_samples_split': 7, 'min_samples_leaf': 6}. Best is trial 0 with value: 0.5.
[I 2026-04-13 12:53:34,138] Trial 5 finished with value: 0.35 and parameters: {'n_estimators': 340, 'max_depth': 7, 'min_samples_split': 4, 'min_samples_leaf': 3}. Best is trial 0 with value: 0.5.
[I 2026-04-13 12:53:34,464] Trial 6 finished with value: 0.5 and parameters: {'n_estimators': 231, 'max_depth': 5, 'min_samples_split': 3, 'min_samples_leaf': 10}. Best is trial 0 with value: 0.5.
[I 2026-04-13 12:53:35,125] Trial 7 finished with value: 0.4 and parameters: {'n_estimators': 485, 'max_depth': 6, 'min_samples_split': 2, 'min_samples_leaf': 3}. Best is trial 0 with value: 0.5.
[I 2026-04-13 12:53:35,669] Trial 8 finished with value: 0.3 and parameters: {'n_estimators': 380, 'max_depth': 17, 'min_samples_split': 2, 'min_samples_leaf': 6}. Best is trial 0 with value: 0.5.
[I 2026-04-13 12:53:35,827] Trial 9 finished with value: 0.5 and parameters: {'n_estimators': 100, 'max_depth': 12, 'min_samples_split': 7, 'min_samples_leaf': 10}. Best is trial 0 with value: 0.5.
[I 2026-04-13 12:53:36,004] Trial 10 finished with value: 0.5 and parameters: {'n_estimators': 110, 'max_depth': 20, 'min_samples_split': 5, 'min_samples_leaf': 8}. Best is trial 0 with value: 0.5.
[I 2026-04-13 12:53:36,267] Trial 11 finished with value: 0.5 and parameters: {'n_estimators': 175, 'max_depth': 10, 'min_samples_split': 4, 'min_samples_leaf': 8}. Best is trial 0 with value: 0.5.
[I 2026-04-13 12:53:36,556] Trial 12 finished with value: 0.5 and parameters: {'n_estimators': 184, 'max_depth': 3, 'min_samples_split': 2, 'min_samples_leaf': 8}. Best is trial 0 with value: 0.5.
[I 2026-04-13 12:53:36,832] Trial 13 finished with value: 0.5 and parameters: {'n_estimators': 201, 'max_depth': 15, 'min_samples_split': 5, 'min_samples_leaf': 9}. Best is trial 0 with value: 0.5.
[I 2026-04-13 12:53:37,118] Trial 14 finished with value: 0.2 and parameters: {'n_estimators': 154, 'max_depth': 20, 'min_samples_split': 3, 'min_samples_leaf': 1}. Best is trial 0 with value: 0.5.
[I 2026-04-13 12:53:37,495] Trial 15 finished with value: 0.5 and parameters: {'n_estimators': 235, 'max_depth': 17, 'min_samples_split': 4, 'min_samples_leaf': 9}. Best is trial 0 with value: 0.5.
[I 2026-04-13 12:53:37,979] Trial 16 finished with value: 0.5 and parameters: {'n_estimators': 354, 'max_depth': 10, 'min_samples_split': 10, 'min_samples_leaf': 7}. Best is trial 0 with value: 0.5.
[I 2026-04-13 12:53:38,526] Trial 17 finished with value: 0.5 and parameters: {'n_estimators': 417, 'max_depth': 12, 'min_samples_split': 3, 'min_samples_leaf': 10}. Best is trial 0 with value: 0.5.
[I 2026-04-13 12:53:38,770] Trial 18 finished with value: 0.5 and parameters: {'n_estimators': 135, 'max_depth': 3, 'min_samples_split': 6, 'min_samples_leaf': 9}. Best is trial 0 with value: 0.5.
[I 2026-04-13 12:53:39,107] Trial 19 finished with value: 0.4 and parameters: {'n_estimators': 224, 'max_depth': 9, 'min_samples_split': 5, 'min_samples_leaf': 5}. Best is trial 0 with value: 0.5.
[I 2026-04-13 12:53:39,488] Trial 20 finished with value: 0.5 and parameters: {'n_estimators': 253, 'max_depth': 18, 'min_samples_split': 3, 'min_samples_leaf': 7}. Best is trial 0 with value: 0.5.
[I 2026-04-13 12:53:39,804] Trial 21 finished with value: 0.5 and parameters: {'n_estimators': 214, 'max_depth': 5, 'min_samples_split': 3, 'min_samples_leaf': 10}. Best is trial 0 with value: 0.5.
[I 2026-04-13 12:53:40,224] Trial 22 finished with value: 0.5 and parameters: {'n_estimators': 320, 'max_depth': 5, 'min_samples_split': 2, 'min_samples_leaf': 10}. Best is trial 0 with value: 0.5.
[I 2026-04-13 12:53:40,461] Trial 23 finished with value: 0.5 and parameters: {'n_estimators': 167, 'max_depth': 14, 'min_samples_split': 4, 'min_samples_leaf': 9}. Best is trial 0 with value: 0.5.
[I 2026-04-13 12:53:40,817] Trial 24 finished with value: 0.5 and parameters: {'n_estimators': 241, 'max_depth': 3, 'min_samples_split': 3, 'min_samples_leaf': 8}. Best is trial 0 with value: 0.5.
[I 2026-04-13 12:53:41,062] Trial 25 finished with value: 0.5 and parameters: {'n_estimators': 137, 'max_depth': 7, 'min_samples_split': 2, 'min_samples_leaf': 10}. Best is trial 0 with value: 0.5.
[I 2026-04-13 12:53:41,499] Trial 26 finished with value: 0.5 and parameters: {'n_estimators': 287, 'max_depth': 11, 'min_samples_split': 6, 'min_samples_leaf': 7}. Best is trial 0 with value: 0.5.
[I 2026-04-13 12:53:41,805] Trial 27 finished with value: 0.5 and parameters: {'n_estimators': 201, 'max_depth': 8, 'min_samples_split': 3, 'min_samples_leaf': 9}. Best is trial 0 with value: 0.5.
[I 2026-04-13 12:53:42,108] Trial 28 finished with value: 0.4 and parameters: {'n_estimators': 196, 'max_depth': 4, 'min_samples_split': 4, 'min_samples_leaf': 5}. Best is trial 0 with value: 0.5.
[I 2026-04-13 12:53:42,504] Trial 29 finished with value: 0.5 and parameters: {'n_estimators': 294, 'max_depth': 15, 'min_samples_split': 2, 'min_samples_leaf': 9}. Best is trial 0 with value: 0.5.
[I 2026-04-13 12:53:43,518] A new study created in memory with name: mlp
[I 2026-04-13 12:53:43,582] Trial 0 finished with value: 0.45 and parameters: {'hidden_layer_sizes': (200,), 'max_iter': 50, 'alpha': 0.001}. Best is trial 0 with value: 0.45.
[I 2026-04-13 12:53:43,650] Trial 1 finished with value: 0.4 and parameters: {'hidden_layer_sizes': (100,), 'max_iter': 100, 'alpha': 0.0001}. Best is trial 0 with value: 0.45.
[I 2026-04-13 12:53:43,719] Trial 2 finished with value: 0.45 and parameters: {'hidden_layer_sizes': (100,), 'max_iter': 100, 'alpha': 0.001}. Best is trial 0 with value: 0.45.
[I 2026-04-13 12:53:43,779] Trial 3 finished with value: 0.45 and parameters: {'hidden_layer_sizes': (200,), 'max_iter': 50, 'alpha': 0.001}. Best is trial 0 with value: 0.45.
[I 2026-04-13 12:53:43,836] Trial 4 finished with value: 0.4 and parameters: {'hidden_layer_sizes': (100,), 'max_iter': 100, 'alpha': 0.0001}. Best is trial 0 with value: 0.45.
[I 2026-04-13 12:53:43,892] Trial 5 finished with value: 0.45 and parameters: {'hidden_layer_sizes': (100,), 'max_iter': 100, 'alpha': 0.001}. Best is trial 0 with value: 0.45.
[I 2026-04-13 12:53:43,946] Trial 6 finished with value: 0.45 and parameters: {'hidden_layer_sizes': (200,), 'max_iter': 100, 'alpha': 0.001}. Best is trial 0 with value: 0.45.
[I 2026-04-13 12:53:44,000] Trial 7 finished with value: 0.45 and parameters: {'hidden_layer_sizes': (200,), 'max_iter': 100, 'alpha': 0.001}. Best is trial 0 with value: 0.45.
[I 2026-04-13 12:53:44,075] Trial 8 finished with value: 0.45 and parameters: {'hidden_layer_sizes': (100,), 'max_iter': 100, 'alpha': 0.001}. Best is trial 0 with value: 0.45.
