[I 2026-04-13 13:04:00,728] Trial 25 finished with value: 0.55 and parameters: {'var_smoothing': 3.986918574074946e-09}. Best is trial 0 with value: 0.55.
[I 2026-04-13 13:04:00,745] Trial 26 finished with value: 0.55 and parameters: {'var_smoothing': 1.7707565248297843e-09}. Best is trial 0 with value: 0.55.
[I 2026-04-13 13:04:00,765] Trial 27 finished with value: 0.55 and parameters: {'var_smoothing': 6.732492847962814e-09}. Best is trial 0 with value: 0.55.
[I 2026-04-13 13:04:00,782] Trial 28 finished with value: 0.55 and parameters: {'var_smoothing': 3.8684773890893174e-10}. Best is trial 0 with value: 0.55.
[I 2026-04-13 13:04:00,801] Trial 29 finished with value: 0.55 and parameters: {'var_smoothing': 1.5480090897085013e-09}. Best is trial 0 with value: 0.55.
[I 2026-04-13 13:04:00,834] A new study created in memory with name: logreg
[I 2026-04-13 13:04:00,869] Trial 0 finished with value: 0.35 and parameters: {'C': 23.288794782471303, 'penalty': 'l2'}. Best is trial 0 with value: 0.35.
[I 2026-04-13 13:04:00,905] Trial 1 finished with value: 0.35 and parameters: {'C': 69.61507800412923, 'penalty': 'l2'}. Best is trial 0 with value: 0.35.
[I 2026-04-13 13:04:00,930] Trial 2 finished with value: 0.4 and parameters: {'C': 22.180569925473442, 'penalty': 'l2'}. Best is trial 2 with value: 0.4.
[I 2026-04-13 13:04:00,946] Trial 3 finished with value: 0.5 and parameters: {'C': 0.4511058486037652, 'penalty': 'l2'}. Best is trial 3 with value: 0.5.
[I 2026-04-13 13:04:00,960] Trial 4 finished with value: 0.55 and parameters: {'C': 0.014576110093994574, 'penalty': 'l2'}. Best is trial 4 with value: 0.55.
[I 2026-04-13 13:04:00,976] Trial 5 finished with value: 0.45 and parameters: {'C': 0.0011402340906886685, 'penalty': 'l2'}. Best is trial 4 with value: 0.55.
[I 2026-04-13 13:04:01,002] Trial 6 finished with value: 0.5 and parameters: {'C': 0.14201822862985758, 'penalty': 'l2'}. Best is trial 4 with value: 0.55.
[I 2026-04-13 13:04:01,028] Trial 7 finished with value: 0.5 and parameters: {'C': 0.1027440782219989, 'penalty': 'l2'}. Best is trial 4 with value: 0.55.
[I 2026-04-13 13:04:01,053] Trial 8 finished with value: 0.5 and parameters: {'C': 0.41055690122086846, 'penalty': 'l2'}. Best is trial 4 with value: 0.55.
[I 2026-04-13 13:04:01,068] Trial 9 finished with value: 0.5 and parameters: {'C': 0.24658064201770763, 'penalty': 'l2'}. Best is trial 4 with value: 0.55.
[I 2026-04-13 13:04:01,100] Trial 10 finished with value: 0.45 and parameters: {'C': 0.0023928126344862246, 'penalty': 'l2'}. Best is trial 4 with value: 0.55.
[I 2026-04-13 13:04:01,117] Trial 11 finished with value: 0.6 and parameters: {'C': 0.01673358769330697, 'penalty': 'l2'}. Best is trial 11 with value: 0.6.
[I 2026-04-13 13:04:01,147] Trial 12 finished with value: 0.55 and parameters: {'C': 0.012476443810664624, 'penalty': 'l2'}. Best is trial 11 with value: 0.6.
[I 2026-04-13 13:04:01,165] Trial 13 finished with value: 0.55 and parameters: {'C': 0.012966253723629225, 'penalty': 'l2'}. Best is trial 11 with value: 0.6.
[I 2026-04-13 13:04:01,198] Trial 14 finished with value: 0.6 and parameters: {'C': 0.01618661552988833, 'penalty': 'l2'}. Best is trial 11 with value: 0.6.
[I 2026-04-13 13:04:01,215] Trial 15 finished with value: 0.6 and parameters: {'C': 0.03151617518031792, 'penalty': 'l2'}. Best is trial 11 with value: 0.6.
[I 2026-04-13 13:04:01,242] Trial 16 finished with value: 0.5 and parameters: {'C': 2.133907359252166, 'penalty': 'l2'}. Best is trial 11 with value: 0.6.
[I 2026-04-13 13:04:01,262] Trial 17 finished with value: 0.45 and parameters: {'C': 0.004042448079132162, 'penalty': 'l2'}. Best is trial 11 with value: 0.6.
[I 2026-04-13 13:04:01,290] Trial 18 finished with value: 0.55 and parameters: {'C': 0.05053548592106233, 'penalty': 'l2'}. Best is trial 11 with value: 0.6.
[I 2026-04-13 13:04:01,318] Trial 19 finished with value: 0.5 and parameters: {'C': 2.3119897940385807, 'penalty': 'l2'}. Best is trial 11 with value: 0.6.
[I 2026-04-13 13:04:01,345] Trial 20 finished with value: 0.45 and parameters: {'C': 0.004260121768253839, 'penalty': 'l2'}. Best is trial 11 with value: 0.6.
[I 2026-04-13 13:04:01,363] Trial 21 finished with value: 0.6 and parameters: {'C': 0.042654470537637254, 'penalty': 'l2'}. Best is trial 11 with value: 0.6.
[I 2026-04-13 13:04:01,391] Trial 22 finished with value: 0.6 and parameters: {'C': 0.031221384910271863, 'penalty': 'l2'}. Best is trial 11 with value: 0.6.
[I 2026-04-13 13:04:01,420] Trial 23 finished with value: 0.55 and parameters: {'C': 0.00832621083340703, 'penalty': 'l2'}. Best is trial 11 with value: 0.6.
[I 2026-04-13 13:04:01,447] Trial 24 finished with value: 0.55 and parameters: {'C': 0.04285902389819361, 'penalty': 'l2'}. Best is trial 11 with value: 0.6.
[I 2026-04-13 13:04:01,475] Trial 25 finished with value: 0.5 and parameters: {'C': 1.2558168878965152, 'penalty': 'l2'}. Best is trial 11 with value: 0.6.
[I 2026-04-13 13:04:01,490] Trial 26 finished with value: 0.55 and parameters: {'C': 0.09284609014076634, 'penalty': 'l2'}. Best is trial 11 with value: 0.6.
[I 2026-04-13 13:04:01,517] Trial 27 finished with value: 0.45 and parameters: {'C': 0.005656322675930536, 'penalty': 'l2'}. Best is trial 11 with value: 0.6.
[I 2026-04-13 13:04:01,534] Trial 28 finished with value: 0.6 and parameters: {'C': 0.017753771352420414, 'penalty': 'l2'}. Best is trial 11 with value: 0.6.
[I 2026-04-13 13:04:01,560] Trial 29 finished with value: 0.45 and parameters: {'C': 0.0011031760979564754, 'penalty': 'l2'}. Best is trial 11 with value: 0.6.
[I 2026-04-13 13:04:01,605] A new study created in memory with name: knn
[I 2026-04-13 13:04:01,621] Trial 0 finished with value: 0.6 and parameters: {'n_neighbors': 9, 'leaf_size': 40, 'p': 1}. Best is trial 0 with value: 0.6.
[I 2026-04-13 13:04:01,636] Trial 1 finished with value: 0.3 and parameters: {'n_neighbors': 4, 'leaf_size': 20, 'p': 1}. Best is trial 0 with value: 0.6.
[I 2026-04-13 13:04:01,651] Trial 2 finished with value: 0.6 and parameters: {'n_neighbors': 7, 'leaf_size': 30, 'p': 1}. Best is trial 0 with value: 0.6.
[I 2026-04-13 13:04:01,665] Trial 3 finished with value: 0.6 and parameters: {'n_neighbors': 9, 'leaf_size': 34, 'p': 1}. Best is trial 0 with value: 0.6.
[I 2026-04-13 13:04:01,680] Trial 4 finished with value: 0.6 and parameters: {'n_neighbors': 5, 'leaf_size': 40, 'p': 1}. Best is trial 0 with value: 0.6.
[I 2026-04-13 13:04:01,694] Trial 5 finished with value: 0.45 and parameters: {'n_neighbors': 3, 'leaf_size': 40, 'p': 2}. Best is trial 0 with value: 0.6.
[I 2026-04-13 13:04:01,710] Trial 6 finished with value: 0.45 and parameters: {'n_neighbors': 3, 'leaf_size': 24, 'p': 2}. Best is trial 0 with value: 0.6.
[I 2026-04-13 13:04:01,724] Trial 7 finished with value: 0.55 and parameters: {'n_neighbors': 5, 'leaf_size': 40, 'p': 2}. Best is trial 0 with value: 0.6.
[I 2026-04-13 13:04:01,740] Trial 8 finished with value: 0.5 and parameters: {'n_neighbors': 6, 'leaf_size': 36, 'p': 1}. Best is trial 0 with value: 0.6.
[I 2026-04-13 13:04:01,754] Trial 9 finished with value: 0.5 and parameters: {'n_neighbors': 6, 'leaf_size': 25, 'p': 1}. Best is trial 0 with value: 0.6.
[I 2026-04-13 13:04:01,777] Trial 10 finished with value: 0.55 and parameters: {'n_neighbors': 10, 'leaf_size': 32, 'p': 2}. Best is trial 0 with value: 0.6.
[I 2026-04-13 13:04:01,802] Trial 11 finished with value: 0.5 and parameters: {'n_neighbors': 8, 'leaf_size': 28, 'p': 1}. Best is trial 0 with value: 0.6.
[I 2026-04-13 13:04:01,826] Trial 12 finished with value: 0.5 and parameters: {'n_neighbors': 8, 'leaf_size': 30, 'p': 1}. Best is trial 0 with value: 0.6.
[I 2026-04-13 13:04:01,852] Trial 13 finished with value: 0.5 and parameters: {'n_neighbors': 8, 'leaf_size': 36, 'p': 1}. Best is trial 0 with value: 0.6.
[I 2026-04-13 13:04:01,879] Trial 14 finished with value: 0.55 and parameters: {'n_neighbors': 10, 'leaf_size': 28, 'p': 1}. Best is trial 0 with value: 0.6.
[I 2026-04-13 13:04:01,901] Trial 15 finished with value: 0.6 and parameters: {'n_neighbors': 7, 'leaf_size': 32, 'p': 1}. Best is trial 0 with value: 0.6.
[I 2026-04-13 13:04:01,927] Trial 16 finished with value: 0.6 and parameters: {'n_neighbors': 9, 'leaf_size': 37, 'p': 1}. Best is trial 0 with value: 0.6.
[I 2026-04-13 13:04:01,948] Trial 17 finished with value: 0.6 and parameters: {'n_neighbors': 7, 'leaf_size': 25, 'p': 1}. Best is trial 0 with value: 0.6.
[I 2026-04-13 13:04:01,972] Trial 18 finished with value: 0.6 and parameters: {'n_neighbors': 9, 'leaf_size': 28, 'p': 2}. Best is trial 0 with value: 0.6.
[I 2026-04-13 13:04:01,994] Trial 19 finished with value: 0.6 and parameters: {'n_neighbors': 7, 'leaf_size': 33, 'p': 1}. Best is trial 0 with value: 0.6.
[I 2026-04-13 13:04:02,020] Trial 20 finished with value: 0.5 and parameters: {'n_neighbors': 8, 'leaf_size': 22, 'p': 1}. Best is trial 0 with value: 0.6.
[I 2026-04-13 13:04:02,056] Trial 21 finished with value: 0.6 and parameters: {'n_neighbors': 9, 'leaf_size': 34, 'p': 1}. Best is trial 0 with value: 0.6.
[I 2026-04-13 13:04:02,081] Trial 22 finished with value: 0.55 and parameters: {'n_neighbors': 10, 'leaf_size': 30, 'p': 1}. Best is trial 0 with value: 0.6.
[I 2026-04-13 13:04:02,105] Trial 23 finished with value: 0.6 and parameters: {'n_neighbors': 9, 'leaf_size': 38, 'p': 1}. Best is trial 0 with value: 0.6.
[I 2026-04-13 13:04:02,128] Trial 24 finished with value: 0.6 and parameters: {'n_neighbors': 9, 'leaf_size': 34, 'p': 1}. Best is trial 0 with value: 0.6.
[I 2026-04-13 13:04:02,167] Trial 25 finished with value: 0.5 and parameters: {'n_neighbors': 8, 'leaf_size': 30, 'p': 1}. Best is trial 0 with value: 0.6.
[I 2026-04-13 13:04:02,199] Trial 26 finished with value: 0.55 and parameters: {'n_neighbors': 10, 'leaf_size': 38, 'p': 2}. Best is trial 0 with value: 0.6.
[I 2026-04-13 13:04:02,231] Trial 27 finished with value: 0.5 and parameters: {'n_neighbors': 6, 'leaf_size': 35, 'p': 1}. Best is trial 0 with value: 0.6.
[I 2026-04-13 13:04:02,266] Trial 28 finished with value: 0.6 and parameters: {'n_neighbors': 7, 'leaf_size': 27, 'p': 1}. Best is trial 0 with value: 0.6.
[I 2026-04-13 13:04:02,287] Trial 29 finished with value: 0.6 and parameters: {'n_neighbors': 5, 'leaf_size': 20, 'p': 1}. Best is trial 0 with value: 0.6.
[I 2026-04-13 13:04:02,333] A new study created in memory with name: xgb
[I 2026-04-13 13:04:02,358] Trial 0 finished with value: 0.45 and parameters: {'n_estimators': 40, 'max_depth': 5, 'gamma': 0.4874219364632415, 'subsample': 0.7011756800186824, 'colsample_bytree': 0.7613373356762848}. Best is trial 0 with value: 0.45.
[I 2026-04-13 13:04:02,387] Trial 1 finished with value: 0.55 and parameters: {'n_estimators': 40, 'max_depth': 5, 'gamma': 0.483482593428573, 'subsample': 0.6445375140090439, 'colsample_bytree': 0.9869276206002231}. Best is trial 1 with value: 0.55.
[I 2026-04-13 13:04:02,413] Trial 2 finished with value: 0.4 and parameters: {'n_estimators': 10, 'max_depth': 5, 'gamma': 0.16384856027517886, 'subsample': 0.6123849694840227, 'colsample_bytree': 0.6968174574718025}. Best is trial 1 with value: 0.55.
[I 2026-04-13 13:04:02,452] Trial 3 finished with value: 0.5 and parameters: {'n_estimators': 100, 'max_depth': 30, 'gamma': 0.7877441182293641, 'subsample': 0.9694019566553859, 'colsample_bytree': 0.6598448982335139}. Best is trial 1 with value: 0.55.
[I 2026-04-13 13:04:02,492] Trial 4 finished with value: 0.5 and parameters: {'n_estimators': 100, 'max_depth': 5, 'gamma': 0.816017102586079, 'subsample': 0.5160040782128984, 'colsample_bytree': 0.7277239110529665}. Best is trial 1 with value: 0.55.
[I 2026-04-13 13:04:02,519] Trial 5 finished with value: 0.4 and parameters: {'n_estimators': 40, 'max_depth': 20, 'gamma': 0.6643500821697236, 'subsample': 0.6076588997363731, 'colsample_bytree': 0.5754850538287481}. Best is trial 1 with value: 0.55.
[I 2026-04-13 13:04:02,557] Trial 6 finished with value: 0.45 and parameters: {'n_estimators': 100, 'max_depth': 20, 'gamma': 0.6361752212866232, 'subsample': 0.8309913561372338, 'colsample_bytree': 0.7552902276266351}. Best is trial 1 with value: 0.55.
[I 2026-04-13 13:04:02,582] Trial 7 finished with value: 0.5 and parameters: {'n_estimators': 10, 'max_depth': 5, 'gamma': 0.5767347850317142, 'subsample': 0.7995431264700696, 'colsample_bytree': 0.8604622333437917}. Best is trial 1 with value: 0.55.
[I 2026-04-13 13:04:02,631] Trial 8 finished with value: 0.5 and parameters: {'n_estimators': 100, 'max_depth': 20, 'gamma': 0.8470554948938058, 'subsample': 0.860339005739911, 'colsample_bytree': 0.9331308414408237}. Best is trial 1 with value: 0.55.
[I 2026-04-13 13:04:02,668] Trial 9 finished with value: 0.5 and parameters: {'n_estimators': 100, 'max_depth': 30, 'gamma': 0.574951454577921, 'subsample': 0.9696020680119358, 'colsample_bytree': 0.8616917074936369}. Best is trial 1 with value: 0.55.
[I 2026-04-13 13:04:02,716] Trial 10 finished with value: 0.5 and parameters: {'n_estimators': 40, 'max_depth': 5, 'gamma': 0.32359117507032664, 'subsample': 0.6830443145605672, 'colsample_bytree': 0.9880791395471188}. Best is trial 1 with value: 0.55.
[I 2026-04-13 13:04:02,755] Trial 11 finished with value: 0.45 and parameters: {'n_estimators': 40, 'max_depth': 30, 'gamma': 0.9894607367239925, 'subsample': 0.9936863886710298, 'colsample_bytree': 0.5823192658147484}. Best is trial 1 with value: 0.55.
[I 2026-04-13 13:04:02,805] Trial 12 finished with value: 0.5 and parameters: {'n_estimators': 100, 'max_depth': 30, 'gamma': 0.41000154180441223, 'subsample': 0.9102642083410418, 'colsample_bytree': 0.5047743627112224}. Best is trial 1 with value: 0.55.
[I 2026-04-13 13:04:02,844] Trial 13 finished with value: 0.45 and parameters: {'n_estimators': 40, 'max_depth': 30, 'gamma': 0.7634508869434558, 'subsample': 0.7355922633317886, 'colsample_bytree': 0.6470633360750319}. Best is trial 1 with value: 0.55.
[I 2026-04-13 13:04:02,882] Trial 14 finished with value: 0.45 and parameters: {'n_estimators': 10, 'max_depth': 30, 'gamma': 0.26512593479145996, 'subsample': 0.6034379063125498, 'colsample_bytree': 0.8369057406521745}. Best is trial 1 with value: 0.55.
[I 2026-04-13 13:04:02,940] Trial 15 finished with value: 0.45 and parameters: {'n_estimators': 100, 'max_depth': 5, 'gamma': 0.9580012573419359, 'subsample': 0.5009078887277232, 'colsample_bytree': 0.6518087156298952}. Best is trial 1 with value: 0.55.
[I 2026-04-13 13:04:02,975] Trial 16 finished with value: 0.55 and parameters: {'n_estimators': 40, 'max_depth': 30, 'gamma': 0.7145609877779516, 'subsample': 0.7759068757168662, 'colsample_bytree': 0.9997339406435662}. Best is trial 1 with value: 0.55.
[I 2026-04-13 13:04:03,012] Trial 17 finished with value: 0.45 and parameters: {'n_estimators': 40, 'max_depth': 5, 'gamma': 0.5079718708124478, 'subsample': 0.7682008623427712, 'colsample_bytree': 0.9962416039283134}. Best is trial 1 with value: 0.55.
[I 2026-04-13 13:04:03,044] Trial 18 finished with value: 0.5 and parameters: {'n_estimators': 40, 'max_depth': 30, 'gamma': 0.6929531116025974, 'subsample': 0.6602267124550393, 'colsample_bytree': 0.9146095925362459}. Best is trial 1 with value: 0.55.
[I 2026-04-13 13:04:03,079] Trial 19 finished with value: 0.45 and parameters: {'n_estimators': 40, 'max_depth': 20, 'gamma': 0.3738626899073505, 'subsample': 0.7368081256418437, 'colsample_bytree': 0.9350508438648535}. Best is trial 1 with value: 0.55.
[I 2026-04-13 13:04:03,120] Trial 20 finished with value: 0.55 and parameters: {'n_estimators': 40, 'max_depth': 30, 'gamma': 0.11546680719474106, 'subsample': 0.571558677263164, 'colsample_bytree': 0.8298268517718166}. Best is trial 1 with value: 0.55.
[I 2026-04-13 13:04:03,154] Trial 21 finished with value: 0.55 and parameters: {'n_estimators': 40, 'max_depth': 30, 'gamma': 0.1566343209328303, 'subsample': 0.5553452563893566, 'colsample_bytree': 0.8111190463275397}. Best is trial 1 with value: 0.55.
[I 2026-04-13 13:04:03,196] Trial 22 finished with value: 0.5 and parameters: {'n_estimators': 40, 'max_depth': 30, 'gamma': 0.2693037999496848, 'subsample': 0.6453608650623067, 'colsample_bytree': 0.9041020180681747}. Best is trial 1 with value: 0.55.
[I 2026-04-13 13:04:03,236] Trial 23 finished with value: 0.55 and parameters: {'n_estimators': 40, 'max_depth': 30, 'gamma': 0.42353826009891754, 'subsample': 0.5613045816264007, 'colsample_bytree': 0.9659209424097983}. Best is trial 1 with value: 0.55.
[I 2026-04-13 13:04:03,275] Trial 24 finished with value: 0.55 and parameters: {'n_estimators': 40, 'max_depth': 30, 'gamma': 0.9145128242875735, 'subsample': 0.5509118822874055, 'colsample_bytree': 0.7943101505651727}. Best is trial 1 with value: 0.55.
[I 2026-04-13 13:04:03,315] Trial 25 finished with value: 0.4 and parameters: {'n_estimators': 40, 'max_depth': 5, 'gamma': 0.10764373246258885, 'subsample': 0.7096180214137647, 'colsample_bytree': 0.885801613572545}. Best is trial 1 with value: 0.55.
[I 2026-04-13 13:04:03,343] Trial 26 finished with value: 0.5 and parameters: {'n_estimators': 10, 'max_depth': 30, 'gamma': 0.7268849893844964, 'subsample': 0.781406589799155, 'colsample_bytree': 0.9592640380705969}. Best is trial 1 with value: 0.55.
[I 2026-04-13 13:04:03,379] Trial 27 finished with value: 0.5 and parameters: {'n_estimators': 40, 'max_depth': 30, 'gamma': 0.2278093892431407, 'subsample': 0.6396315323861372, 'colsample_bytree': 0.8791921895008341}. Best is trial 1 with value: 0.55.
[I 2026-04-13 13:04:03,430] Trial 28 finished with value: 0.55 and parameters: {'n_estimators': 40, 'max_depth': 20, 'gamma': 0.6184128495162101, 'subsample': 0.878832914907181, 'colsample_bytree': 0.9596467768330176}. Best is trial 1 with value: 0.55.
[I 2026-04-13 13:04:03,480] Trial 29 finished with value: 0.5 and parameters: {'n_estimators': 40, 'max_depth': 5, 'gamma': 0.48585999954214926, 'subsample': 0.7014815879121302, 'colsample_bytree': 0.790465766610629}. Best is trial 1 with value: 0.55.
[I 2026-04-13 13:04:03,566] A new study created in memory with name: rf
[I 2026-04-13 13:04:04,064] Trial 0 finished with value: 0.5 and parameters: {'n_estimators': 450, 'max_depth': 20, 'min_samples_split': 9, 'min_samples_leaf': 6}. Best is trial 0 with value: 0.5.
[I 2026-04-13 13:04:04,311] Trial 1 finished with value: 0.55 and parameters: {'n_estimators': 193, 'max_depth': 3, 'min_samples_split': 5, 'min_samples_leaf': 5}. Best is trial 1 with value: 0.55.
[I 2026-04-13 13:04:04,709] Trial 2 finished with value: 0.45 and parameters: {'n_estimators': 309, 'max_depth': 11, 'min_samples_split': 6, 'min_samples_leaf': 6}. Best is trial 1 with value: 0.55.
[I 2026-04-13 13:04:05,238] Trial 3 finished with value: 0.45 and parameters: {'n_estimators': 405, 'max_depth': 15, 'min_samples_split': 7, 'min_samples_leaf': 5}. Best is trial 1 with value: 0.55.
[I 2026-04-13 13:04:05,595] Trial 4 finished with value: 0.6 and parameters: {'n_estimators': 215, 'max_depth': 20, 'min_samples_split': 5, 'min_samples_leaf': 3}. Best is trial 4 with value: 0.6.
[I 2026-04-13 13:04:05,781] Trial 5 finished with value: 0.55 and parameters: {'n_estimators': 126, 'max_depth': 20, 'min_samples_split': 3, 'min_samples_leaf': 4}. Best is trial 4 with value: 0.6.
[I 2026-04-13 13:04:05,950] Trial 6 finished with value: 0.5 and parameters: {'n_estimators': 128, 'max_depth': 7, 'min_samples_split': 5, 'min_samples_leaf': 9}. Best is trial 4 with value: 0.6.
[I 2026-04-13 13:04:06,319] Trial 7 finished with value: 0.55 and parameters: {'n_estimators': 238, 'max_depth': 20, 'min_samples_split': 2, 'min_samples_leaf': 4}. Best is trial 4 with value: 0.6.
[I 2026-04-13 13:04:06,628] Trial 8 finished with value: 0.5 and parameters: {'n_estimators': 252, 'max_depth': 16, 'min_samples_split': 10, 'min_samples_leaf': 4}. Best is trial 4 with value: 0.6.
[I 2026-04-13 13:04:06,973] Trial 9 finished with value: 0.5 and parameters: {'n_estimators': 273, 'max_depth': 7, 'min_samples_split': 9, 'min_samples_leaf': 7}. Best is trial 4 with value: 0.6.
[I 2026-04-13 13:04:07,500] Trial 10 finished with value: 0.35 and parameters: {'n_estimators': 340, 'max_depth': 15, 'min_samples_split': 4, 'min_samples_leaf': 1}. Best is trial 4 with value: 0.6.
[I 2026-04-13 13:04:07,775] Trial 11 finished with value: 0.55 and parameters: {'n_estimators': 190, 'max_depth': 3, 'min_samples_split': 7, 'min_samples_leaf': 1}. Best is trial 4 with value: 0.6.
[I 2026-04-13 13:04:08,099] Trial 12 finished with value: 0.45 and parameters: {'n_estimators': 188, 'max_depth': 3, 'min_samples_split': 5, 'min_samples_leaf': 2}. Best is trial 4 with value: 0.6.
[I 2026-04-13 13:04:08,380] Trial 13 finished with value: 0.6 and parameters: {'n_estimators': 170, 'max_depth': 11, 'min_samples_split': 4, 'min_samples_leaf': 3}. Best is trial 4 with value: 0.6.
[I 2026-04-13 13:04:08,591] Trial 14 finished with value: 0.55 and parameters: {'n_estimators': 117, 'max_depth': 11, 'min_samples_split': 3, 'min_samples_leaf': 3}. Best is trial 4 with value: 0.6.
[I 2026-04-13 13:04:09,043] Trial 15 finished with value: 0.45 and parameters: {'n_estimators': 349, 'max_depth': 8, 'min_samples_split': 2, 'min_samples_leaf': 2}. Best is trial 4 with value: 0.6.
[I 2026-04-13 13:04:09,375] Trial 16 finished with value: 0.5 and parameters: {'n_estimators': 213, 'max_depth': 17, 'min_samples_split': 4, 'min_samples_leaf': 8}. Best is trial 4 with value: 0.6.
[I 2026-04-13 13:04:09,656] Trial 17 finished with value: 0.6 and parameters: {'n_estimators': 160, 'max_depth': 12, 'min_samples_split': 7, 'min_samples_leaf': 3}. Best is trial 4 with value: 0.6.
[I 2026-04-13 13:04:10,013] Trial 18 finished with value: 0.5 and parameters: {'n_estimators': 283, 'max_depth': 13, 'min_samples_split': 6, 'min_samples_leaf': 10}. Best is trial 4 with value: 0.6.
