[I 2026-04-13 13:10:15,857] Trial 29 finished with value: 0.525 and parameters: {'var_smoothing': 9.477075781575649e-09}. Best is trial 0 with value: 0.525.
[I 2026-04-13 13:10:15,901] A new study created in memory with name: logreg
[I 2026-04-13 13:10:15,926] Trial 0 finished with value: 0.5 and parameters: {'C': 0.012881482725481003, 'penalty': 'l2'}. Best is trial 0 with value: 0.5.
[I 2026-04-13 13:10:15,952] Trial 1 finished with value: 0.575 and parameters: {'C': 22.576755560681583, 'penalty': 'l2'}. Best is trial 1 with value: 0.575.
[I 2026-04-13 13:10:15,978] Trial 2 finished with value: 0.5 and parameters: {'C': 0.010804278656839932, 'penalty': 'l2'}. Best is trial 1 with value: 0.575.
[I 2026-04-13 13:10:16,004] Trial 3 finished with value: 0.575 and parameters: {'C': 39.17910760336117, 'penalty': 'l2'}. Best is trial 1 with value: 0.575.
[I 2026-04-13 13:10:16,029] Trial 4 finished with value: 0.525 and parameters: {'C': 0.2767298094062571, 'penalty': 'l2'}. Best is trial 1 with value: 0.575.
[I 2026-04-13 13:10:16,055] Trial 5 finished with value: 0.575 and parameters: {'C': 1.1447728330837224, 'penalty': 'l2'}. Best is trial 1 with value: 0.575.
[I 2026-04-13 13:10:16,080] Trial 6 finished with value: 0.575 and parameters: {'C': 6.753661388238877, 'penalty': 'l2'}. Best is trial 1 with value: 0.575.
[I 2026-04-13 13:10:16,095] Trial 7 finished with value: 0.55 and parameters: {'C': 0.39092184460352974, 'penalty': 'l2'}. Best is trial 1 with value: 0.575.
[I 2026-04-13 13:10:16,121] Trial 8 finished with value: 0.5 and parameters: {'C': 0.03047912590082646, 'penalty': 'l2'}. Best is trial 1 with value: 0.575.
[I 2026-04-13 13:10:16,147] Trial 9 finished with value: 0.5 and parameters: {'C': 0.008681727362499118, 'penalty': 'l2'}. Best is trial 1 with value: 0.575.
[I 2026-04-13 13:10:16,180] Trial 10 finished with value: 0.575 and parameters: {'C': 90.29867735508974, 'penalty': 'l2'}. Best is trial 1 with value: 0.575.
[I 2026-04-13 13:10:16,206] Trial 11 finished with value: 0.575 and parameters: {'C': 65.31936101889447, 'penalty': 'l2'}. Best is trial 1 with value: 0.575.
[I 2026-04-13 13:10:16,239] Trial 12 finished with value: 0.55 and parameters: {'C': 10.276946066829701, 'penalty': 'l2'}. Best is trial 1 with value: 0.575.
[I 2026-04-13 13:10:16,266] Trial 13 finished with value: 0.55 and parameters: {'C': 11.979406337571666, 'penalty': 'l2'}. Best is trial 1 with value: 0.575.
[I 2026-04-13 13:10:16,296] Trial 14 finished with value: 0.575 and parameters: {'C': 3.103885131392604, 'penalty': 'l2'}. Best is trial 1 with value: 0.575.
[I 2026-04-13 13:10:16,324] Trial 15 finished with value: 0.575 and parameters: {'C': 27.368605040072197, 'penalty': 'l2'}. Best is trial 1 with value: 0.575.
[I 2026-04-13 13:10:16,345] Trial 16 finished with value: 0.5 and parameters: {'C': 0.13344077328067044, 'penalty': 'l2'}. Best is trial 1 with value: 0.575.
[I 2026-04-13 13:10:16,362] Trial 17 finished with value: 0.475 and parameters: {'C': 0.0021318879744765045, 'penalty': 'l2'}. Best is trial 1 with value: 0.575.
[I 2026-04-13 13:10:16,393] Trial 18 finished with value: 0.575 and parameters: {'C': 1.8056426094216929, 'penalty': 'l2'}. Best is trial 1 with value: 0.575.
[I 2026-04-13 13:10:16,421] Trial 19 finished with value: 0.575 and parameters: {'C': 30.717532996538623, 'penalty': 'l2'}. Best is trial 1 with value: 0.575.
[I 2026-04-13 13:10:16,448] Trial 20 finished with value: 0.575 and parameters: {'C': 26.828467218463196, 'penalty': 'l2'}. Best is trial 1 with value: 0.575.
[I 2026-04-13 13:10:16,475] Trial 21 finished with value: 0.575 and parameters: {'C': 0.9685594072372479, 'penalty': 'l2'}. Best is trial 1 with value: 0.575.
[I 2026-04-13 13:10:16,501] Trial 22 finished with value: 0.575 and parameters: {'C': 3.3502052777190197, 'penalty': 'l2'}. Best is trial 1 with value: 0.575.
[I 2026-04-13 13:10:16,532] Trial 23 finished with value: 0.575 and parameters: {'C': 0.7032512069906695, 'penalty': 'l2'}. Best is trial 1 with value: 0.575.
[I 2026-04-13 13:10:16,549] Trial 24 finished with value: 0.5 and parameters: {'C': 0.13690025777282028, 'penalty': 'l2'}. Best is trial 1 with value: 0.575.
[I 2026-04-13 13:10:16,578] Trial 25 finished with value: 0.575 and parameters: {'C': 6.620137231776724, 'penalty': 'l2'}. Best is trial 1 with value: 0.575.
[I 2026-04-13 13:10:16,609] Trial 26 finished with value: 0.575 and parameters: {'C': 36.496797111690015, 'penalty': 'l2'}. Best is trial 1 with value: 0.575.
[I 2026-04-13 13:10:16,636] Trial 27 finished with value: 0.55 and parameters: {'C': 14.269319194067052, 'penalty': 'l2'}. Best is trial 1 with value: 0.575.
[I 2026-04-13 13:10:16,665] Trial 28 finished with value: 0.575 and parameters: {'C': 2.3325979302312243, 'penalty': 'l2'}. Best is trial 1 with value: 0.575.
[I 2026-04-13 13:10:16,683] Trial 29 finished with value: 0.5 and parameters: {'C': 0.031239697475170466, 'penalty': 'l2'}. Best is trial 1 with value: 0.575.
[I 2026-04-13 13:10:16,731] A new study created in memory with name: knn
[I 2026-04-13 13:10:16,744] Trial 0 finished with value: 0.35 and parameters: {'n_neighbors': 4, 'leaf_size': 38, 'p': 2}. Best is trial 0 with value: 0.35.
[I 2026-04-13 13:10:16,769] Trial 1 finished with value: 0.4 and parameters: {'n_neighbors': 6, 'leaf_size': 32, 'p': 1}. Best is trial 1 with value: 0.4.
[I 2026-04-13 13:10:16,785] Trial 2 finished with value: 0.475 and parameters: {'n_neighbors': 5, 'leaf_size': 23, 'p': 2}. Best is trial 2 with value: 0.475.
[I 2026-04-13 13:10:16,800] Trial 3 finished with value: 0.4 and parameters: {'n_neighbors': 6, 'leaf_size': 23, 'p': 1}. Best is trial 2 with value: 0.475.
[I 2026-04-13 13:10:16,815] Trial 4 finished with value: 0.4 and parameters: {'n_neighbors': 6, 'leaf_size': 26, 'p': 1}. Best is trial 2 with value: 0.475.
[I 2026-04-13 13:10:16,829] Trial 5 finished with value: 0.55 and parameters: {'n_neighbors': 7, 'leaf_size': 25, 'p': 1}. Best is trial 5 with value: 0.55.
[I 2026-04-13 13:10:16,843] Trial 6 finished with value: 0.475 and parameters: {'n_neighbors': 5, 'leaf_size': 23, 'p': 2}. Best is trial 5 with value: 0.55.
[I 2026-04-13 13:10:16,857] Trial 7 finished with value: 0.45 and parameters: {'n_neighbors': 10, 'leaf_size': 23, 'p': 2}. Best is trial 5 with value: 0.55.
[I 2026-04-13 13:10:16,872] Trial 8 finished with value: 0.475 and parameters: {'n_neighbors': 8, 'leaf_size': 36, 'p': 2}. Best is trial 5 with value: 0.55.
[I 2026-04-13 13:10:16,887] Trial 9 finished with value: 0.45 and parameters: {'n_neighbors': 3, 'leaf_size': 30, 'p': 2}. Best is trial 5 with value: 0.55.
[I 2026-04-13 13:10:16,918] Trial 10 finished with value: 0.475 and parameters: {'n_neighbors': 8, 'leaf_size': 29, 'p': 1}. Best is trial 5 with value: 0.55.
[I 2026-04-13 13:10:16,938] Trial 11 finished with value: 0.475 and parameters: {'n_neighbors': 8, 'leaf_size': 20, 'p': 1}. Best is trial 5 with value: 0.55.
[I 2026-04-13 13:10:16,964] Trial 12 finished with value: 0.35 and parameters: {'n_neighbors': 4, 'leaf_size': 27, 'p': 1}. Best is trial 5 with value: 0.55.
[I 2026-04-13 13:10:16,988] Trial 13 finished with value: 0.55 and parameters: {'n_neighbors': 7, 'leaf_size': 20, 'p': 2}. Best is trial 5 with value: 0.55.
[I 2026-04-13 13:10:17,027] Trial 14 finished with value: 0.5 and parameters: {'n_neighbors': 9, 'leaf_size': 21, 'p': 2}. Best is trial 5 with value: 0.55.
[I 2026-04-13 13:10:17,056] Trial 15 finished with value: 0.55 and parameters: {'n_neighbors': 7, 'leaf_size': 26, 'p': 1}. Best is trial 5 with value: 0.55.
[I 2026-04-13 13:10:17,081] Trial 16 finished with value: 0.55 and parameters: {'n_neighbors': 7, 'leaf_size': 33, 'p': 1}. Best is trial 5 with value: 0.55.
[I 2026-04-13 13:10:17,112] Trial 17 finished with value: 0.45 and parameters: {'n_neighbors': 10, 'leaf_size': 20, 'p': 2}. Best is trial 5 with value: 0.55.
[I 2026-04-13 13:10:17,138] Trial 18 finished with value: 0.525 and parameters: {'n_neighbors': 9, 'leaf_size': 25, 'p': 1}. Best is trial 5 with value: 0.55.
[I 2026-04-13 13:10:17,165] Trial 19 finished with value: 0.55 and parameters: {'n_neighbors': 7, 'leaf_size': 28, 'p': 2}. Best is trial 5 with value: 0.55.
[I 2026-04-13 13:10:17,194] Trial 20 finished with value: 0.475 and parameters: {'n_neighbors': 5, 'leaf_size': 40, 'p': 2}. Best is trial 5 with value: 0.55.
[I 2026-04-13 13:10:17,224] Trial 21 finished with value: 0.55 and parameters: {'n_neighbors': 7, 'leaf_size': 25, 'p': 1}. Best is trial 5 with value: 0.55.
[I 2026-04-13 13:10:17,247] Trial 22 finished with value: 0.55 and parameters: {'n_neighbors': 7, 'leaf_size': 30, 'p': 1}. Best is trial 5 with value: 0.55.
[I 2026-04-13 13:10:17,281] Trial 23 finished with value: 0.475 and parameters: {'n_neighbors': 8, 'leaf_size': 25, 'p': 1}. Best is trial 5 with value: 0.55.
[I 2026-04-13 13:10:17,302] Trial 24 finished with value: 0.525 and parameters: {'n_neighbors': 9, 'leaf_size': 22, 'p': 1}. Best is trial 5 with value: 0.55.
[I 2026-04-13 13:10:17,328] Trial 25 finished with value: 0.4 and parameters: {'n_neighbors': 6, 'leaf_size': 27, 'p': 1}. Best is trial 5 with value: 0.55.
[I 2026-04-13 13:10:17,349] Trial 26 finished with value: 0.55 and parameters: {'n_neighbors': 7, 'leaf_size': 32, 'p': 1}. Best is trial 5 with value: 0.55.
[I 2026-04-13 13:10:17,375] Trial 27 finished with value: 0.475 and parameters: {'n_neighbors': 8, 'leaf_size': 24, 'p': 1}. Best is trial 5 with value: 0.55.
[I 2026-04-13 13:10:17,397] Trial 28 finished with value: 0.4 and parameters: {'n_neighbors': 6, 'leaf_size': 21, 'p': 2}. Best is trial 5 with value: 0.55.
[I 2026-04-13 13:10:17,420] Trial 29 finished with value: 0.35 and parameters: {'n_neighbors': 4, 'leaf_size': 35, 'p': 2}. Best is trial 5 with value: 0.55.
[I 2026-04-13 13:10:17,462] A new study created in memory with name: xgb
[I 2026-04-13 13:10:17,488] Trial 0 finished with value: 0.4 and parameters: {'n_estimators': 40, 'max_depth': 5, 'gamma': 0.789317070832284, 'subsample': 0.7592089939364717, 'colsample_bytree': 0.648400250788111}. Best is trial 0 with value: 0.4.
[I 2026-04-13 13:10:17,533] Trial 1 finished with value: 0.3 and parameters: {'n_estimators': 100, 'max_depth': 30, 'gamma': 0.34667781579300216, 'subsample': 0.7071175095405257, 'colsample_bytree': 0.6480399663668239}. Best is trial 0 with value: 0.4.
[I 2026-04-13 13:10:17,561] Trial 2 finished with value: 0.525 and parameters: {'n_estimators': 10, 'max_depth': 20, 'gamma': 0.3948075529198607, 'subsample': 0.5720821503267102, 'colsample_bytree': 0.5828064306006338}. Best is trial 2 with value: 0.525.
[I 2026-04-13 13:10:17,589] Trial 3 finished with value: 0.425 and parameters: {'n_estimators': 10, 'max_depth': 30, 'gamma': 0.8015631269999768, 'subsample': 0.5114665462195407, 'colsample_bytree': 0.788831429064878}. Best is trial 2 with value: 0.525.
[I 2026-04-13 13:10:17,635] Trial 4 finished with value: 0.475 and parameters: {'n_estimators': 100, 'max_depth': 5, 'gamma': 0.8834347783013348, 'subsample': 0.961374806972835, 'colsample_bytree': 0.5011071062662218}. Best is trial 2 with value: 0.525.
[I 2026-04-13 13:10:17,664] Trial 5 finished with value: 0.35 and parameters: {'n_estimators': 40, 'max_depth': 5, 'gamma': 0.5364379674896123, 'subsample': 0.5145557818363589, 'colsample_bytree': 0.5432628442011025}. Best is trial 2 with value: 0.525.
[I 2026-04-13 13:10:17,703] Trial 6 finished with value: 0.35 and parameters: {'n_estimators': 100, 'max_depth': 20, 'gamma': 0.6718205850237038, 'subsample': 0.9059511955902053, 'colsample_bytree': 0.9633413076219371}. Best is trial 2 with value: 0.525.
[I 2026-04-13 13:10:17,733] Trial 7 finished with value: 0.475 and parameters: {'n_estimators': 10, 'max_depth': 30, 'gamma': 0.8165284487704038, 'subsample': 0.5255714015506736, 'colsample_bytree': 0.594333867896554}. Best is trial 2 with value: 0.525.
[I 2026-04-13 13:10:17,772] Trial 8 finished with value: 0.35 and parameters: {'n_estimators': 100, 'max_depth': 20, 'gamma': 0.6251497693480509, 'subsample': 0.9696496759824258, 'colsample_bytree': 0.9717700410079397}. Best is trial 2 with value: 0.525.
[I 2026-04-13 13:10:17,811] Trial 9 finished with value: 0.375 and parameters: {'n_estimators': 40, 'max_depth': 30, 'gamma': 0.9649927737686168, 'subsample': 0.6857563076640036, 'colsample_bytree': 0.5061847058001788}. Best is trial 2 with value: 0.525.
[I 2026-04-13 13:10:17,853] Trial 10 finished with value: 0.475 and parameters: {'n_estimators': 10, 'max_depth': 20, 'gamma': 0.15482815647859693, 'subsample': 0.6132127088663918, 'colsample_bytree': 0.767362544653007}. Best is trial 2 with value: 0.525.
[I 2026-04-13 13:10:17,894] Trial 11 finished with value: 0.4 and parameters: {'n_estimators': 10, 'max_depth': 5, 'gamma': 0.41181387049106444, 'subsample': 0.8557943477155552, 'colsample_bytree': 0.5021847705422506}. Best is trial 2 with value: 0.525.
[I 2026-04-13 13:10:17,949] Trial 12 finished with value: 0.25 and parameters: {'n_estimators': 100, 'max_depth': 20, 'gamma': 0.28240418702901515, 'subsample': 0.8073241556656336, 'colsample_bytree': 0.6535955127051102}. Best is trial 2 with value: 0.525.
[I 2026-04-13 13:10:17,990] Trial 13 finished with value: 0.4 and parameters: {'n_estimators': 10, 'max_depth': 5, 'gamma': 0.48435430950093433, 'subsample': 0.9982710370462082, 'colsample_bytree': 0.5867191131764121}. Best is trial 2 with value: 0.525.
[I 2026-04-13 13:10:18,036] Trial 14 finished with value: 0.425 and parameters: {'n_estimators': 100, 'max_depth': 20, 'gamma': 0.9877599639169764, 'subsample': 0.6304809553711774, 'colsample_bytree': 0.7106194337227647}. Best is trial 2 with value: 0.525.
[I 2026-04-13 13:10:18,093] Trial 15 finished with value: 0.3 and parameters: {'n_estimators': 100, 'max_depth': 5, 'gamma': 0.22325510434568113, 'subsample': 0.910495783784434, 'colsample_bytree': 0.8604557310580807}. Best is trial 2 with value: 0.525.
[I 2026-04-13 13:10:18,129] Trial 16 finished with value: 0.5 and parameters: {'n_estimators': 10, 'max_depth': 20, 'gamma': 0.6931219654046741, 'subsample': 0.6094876874028291, 'colsample_bytree': 0.5657037351484104}. Best is trial 2 with value: 0.525.
[I 2026-04-13 13:10:18,171] Trial 17 finished with value: 0.425 and parameters: {'n_estimators': 10, 'max_depth': 20, 'gamma': 0.6533323650349256, 'subsample': 0.5895365311316969, 'colsample_bytree': 0.7109611479294711}. Best is trial 2 with value: 0.525.
[I 2026-04-13 13:10:18,211] Trial 18 finished with value: 0.475 and parameters: {'n_estimators': 10, 'max_depth': 20, 'gamma': 0.44300954879266374, 'subsample': 0.5736063124673384, 'colsample_bytree': 0.5994684414758485}. Best is trial 2 with value: 0.525.
[I 2026-04-13 13:10:18,250] Trial 19 finished with value: 0.45 and parameters: {'n_estimators': 10, 'max_depth': 20, 'gamma': 0.6058014826635753, 'subsample': 0.6385018241519915, 'colsample_bytree': 0.561878714006197}. Best is trial 2 with value: 0.525.
[I 2026-04-13 13:10:18,289] Trial 20 finished with value: 0.4 and parameters: {'n_estimators': 10, 'max_depth': 20, 'gamma': 0.12810557331129335, 'subsample': 0.6807657686349444, 'colsample_bytree': 0.8803558534234343}. Best is trial 2 with value: 0.525.
[I 2026-04-13 13:10:18,331] Trial 21 finished with value: 0.5 and parameters: {'n_estimators': 10, 'max_depth': 5, 'gamma': 0.8860397150736409, 'subsample': 0.7380318177687374, 'colsample_bytree': 0.5374569420111468}. Best is trial 2 with value: 0.525.
[I 2026-04-13 13:10:18,370] Trial 22 finished with value: 0.475 and parameters: {'n_estimators': 10, 'max_depth': 20, 'gamma': 0.7140688212546418, 'subsample': 0.7837200201844431, 'colsample_bytree': 0.617083031007105}. Best is trial 2 with value: 0.525.
[I 2026-04-13 13:10:18,412] Trial 23 finished with value: 0.5 and parameters: {'n_estimators': 10, 'max_depth': 5, 'gamma': 0.8931380184024764, 'subsample': 0.5610725104822865, 'colsample_bytree': 0.5563381797075948}. Best is trial 2 with value: 0.525.
[I 2026-04-13 13:10:18,447] Trial 24 finished with value: 0.4 and parameters: {'n_estimators': 10, 'max_depth': 20, 'gamma': 0.7338202855623195, 'subsample': 0.6576653024997727, 'colsample_bytree': 0.6999094588756838}. Best is trial 2 with value: 0.525.
[I 2026-04-13 13:10:18,495] Trial 25 finished with value: 0.475 and parameters: {'n_estimators': 10, 'max_depth': 5, 'gamma': 0.512389222222657, 'subsample': 0.5571069721352915, 'colsample_bytree': 0.5424193502197088}. Best is trial 2 with value: 0.525.
[I 2026-04-13 13:10:18,531] Trial 26 finished with value: 0.325 and parameters: {'n_estimators': 40, 'max_depth': 20, 'gamma': 0.36636173799375044, 'subsample': 0.7104354946527393, 'colsample_bytree': 0.6252551419316222}. Best is trial 2 with value: 0.525.
[I 2026-04-13 13:10:18,562] Trial 27 finished with value: 0.475 and parameters: {'n_estimators': 10, 'max_depth': 20, 'gamma': 0.9027718846711538, 'subsample': 0.7364781384879924, 'colsample_bytree': 0.6742618212889024}. Best is trial 2 with value: 0.525.
[I 2026-04-13 13:10:18,597] Trial 28 finished with value: 0.425 and parameters: {'n_estimators': 10, 'max_depth': 30, 'gamma': 0.5683261008381103, 'subsample': 0.830702892763625, 'colsample_bytree': 0.5731768532020594}. Best is trial 2 with value: 0.525.
[I 2026-04-13 13:10:18,638] Trial 29 finished with value: 0.35 and parameters: {'n_estimators': 40, 'max_depth': 5, 'gamma': 0.8247198310216293, 'subsample': 0.7611459920090916, 'colsample_bytree': 0.5312996525185536}. Best is trial 2 with value: 0.525.
[I 2026-04-13 13:10:18,767] A new study created in memory with name: rf
[I 2026-04-13 13:10:19,045] Trial 0 finished with value: 0.425 and parameters: {'n_estimators': 189, 'max_depth': 18, 'min_samples_split': 3, 'min_samples_leaf': 10}. Best is trial 0 with value: 0.425.
[I 2026-04-13 13:10:19,514] Trial 1 finished with value: 0.475 and parameters: {'n_estimators': 295, 'max_depth': 14, 'min_samples_split': 8, 'min_samples_leaf': 6}. Best is trial 1 with value: 0.475.
[I 2026-04-13 13:10:19,842] Trial 2 finished with value: 0.375 and parameters: {'n_estimators': 219, 'max_depth': 6, 'min_samples_split': 2, 'min_samples_leaf': 8}. Best is trial 1 with value: 0.475.
[I 2026-04-13 13:10:20,212] Trial 3 finished with value: 0.45 and parameters: {'n_estimators': 276, 'max_depth': 5, 'min_samples_split': 9, 'min_samples_leaf': 3}. Best is trial 1 with value: 0.475.
[I 2026-04-13 13:10:20,622] Trial 4 finished with value: 0.5 and parameters: {'n_estimators': 266, 'max_depth': 8, 'min_samples_split': 7, 'min_samples_leaf': 6}. Best is trial 4 with value: 0.5.
[I 2026-04-13 13:10:21,062] Trial 5 finished with value: 0.45 and parameters: {'n_estimators': 340, 'max_depth': 7, 'min_samples_split': 4, 'min_samples_leaf': 3}. Best is trial 4 with value: 0.5.
[I 2026-04-13 13:10:21,412] Trial 6 finished with value: 0.5 and parameters: {'n_estimators': 231, 'max_depth': 5, 'min_samples_split': 3, 'min_samples_leaf': 10}. Best is trial 4 with value: 0.5.
[I 2026-04-13 13:10:22,065] Trial 7 finished with value: 0.45 and parameters: {'n_estimators': 485, 'max_depth': 6, 'min_samples_split': 2, 'min_samples_leaf': 3}. Best is trial 4 with value: 0.5.
[I 2026-04-13 13:10:22,616] Trial 8 finished with value: 0.525 and parameters: {'n_estimators': 380, 'max_depth': 17, 'min_samples_split': 2, 'min_samples_leaf': 6}. Best is trial 8 with value: 0.525.
[I 2026-04-13 13:10:22,793] Trial 9 finished with value: 0.5 and parameters: {'n_estimators': 100, 'max_depth': 12, 'min_samples_split': 7, 'min_samples_leaf': 10}. Best is trial 8 with value: 0.525.
[I 2026-04-13 13:10:23,300] Trial 10 finished with value: 0.475 and parameters: {'n_estimators': 406, 'max_depth': 20, 'min_samples_split': 5, 'min_samples_leaf': 5}. Best is trial 8 with value: 0.525.
[I 2026-04-13 13:10:23,797] Trial 11 finished with value: 0.475 and parameters: {'n_estimators': 388, 'max_depth': 10, 'min_samples_split': 6, 'min_samples_leaf': 6}. Best is trial 8 with value: 0.525.
[I 2026-04-13 13:10:24,364] Trial 12 finished with value: 0.525 and parameters: {'n_estimators': 457, 'max_depth': 16, 'min_samples_split': 10, 'min_samples_leaf': 7}. Best is trial 8 with value: 0.525.
[I 2026-04-13 13:10:25,007] Trial 13 finished with value: 0.45 and parameters: {'n_estimators': 488, 'max_depth': 16, 'min_samples_split': 10, 'min_samples_leaf': 1}. Best is trial 8 with value: 0.525.
[I 2026-04-13 13:10:25,574] Trial 14 finished with value: 0.475 and parameters: {'n_estimators': 420, 'max_depth': 16, 'min_samples_split': 10, 'min_samples_leaf': 8}. Best is trial 8 with value: 0.525.
[I 2026-04-13 13:10:26,086] Trial 15 finished with value: 0.475 and parameters: {'n_estimators': 352, 'max_depth': 20, 'min_samples_split': 5, 'min_samples_leaf': 7}. Best is trial 8 with value: 0.525.
[I 2026-04-13 13:10:26,693] Trial 16 finished with value: 0.45 and parameters: {'n_estimators': 444, 'max_depth': 14, 'min_samples_split': 8, 'min_samples_leaf': 8}. Best is trial 8 with value: 0.525.
[I 2026-04-13 13:10:27,167] Trial 17 finished with value: 0.475 and parameters: {'n_estimators': 359, 'max_depth': 17, 'min_samples_split': 5, 'min_samples_leaf': 4}. Best is trial 8 with value: 0.525.
[I 2026-04-13 13:10:27,724] Trial 18 finished with value: 0.475 and parameters: {'n_estimators': 452, 'max_depth': 13, 'min_samples_split': 9, 'min_samples_leaf': 7}. Best is trial 8 with value: 0.525.
[I 2026-04-13 13:10:28,177] Trial 19 finished with value: 0.475 and parameters: {'n_estimators': 375, 'max_depth': 10, 'min_samples_split': 6, 'min_samples_leaf': 5}. Best is trial 8 with value: 0.525.
[I 2026-04-13 13:10:28,634] Trial 20 finished with value: 0.475 and parameters: {'n_estimators': 325, 'max_depth': 3, 'min_samples_split': 4, 'min_samples_leaf': 9}. Best is trial 8 with value: 0.525.
[I 2026-04-13 13:10:29,000] Trial 21 finished with value: 0.4 and parameters: {'n_estimators': 264, 'max_depth': 10, 'min_samples_split': 7, 'min_samples_leaf': 7}. Best is trial 8 with value: 0.525.
