[I 2026-04-13 13:04:41,396] Trial 19 finished with value: 1.0 and parameters: {'var_smoothing': 4.2955625192244405e-09}. Best is trial 0 with value: 1.0.
[I 2026-04-13 13:04:41,411] Trial 20 finished with value: 1.0 and parameters: {'var_smoothing': 9.833771947222685e-09}. Best is trial 0 with value: 1.0.
[I 2026-04-13 13:04:41,431] Trial 21 finished with value: 1.0 and parameters: {'var_smoothing': 6.0482464086364635e-09}. Best is trial 0 with value: 1.0.
[I 2026-04-13 13:04:41,452] Trial 22 finished with value: 1.0 and parameters: {'var_smoothing': 4.537628481410357e-09}. Best is trial 0 with value: 1.0.
[I 2026-04-13 13:04:41,467] Trial 23 finished with value: 1.0 and parameters: {'var_smoothing': 6.750528289210463e-09}. Best is trial 0 with value: 1.0.
[I 2026-04-13 13:04:41,485] Trial 24 finished with value: 1.0 and parameters: {'var_smoothing': 2.2780337647355764e-09}. Best is trial 0 with value: 1.0.
[I 2026-04-13 13:04:41,505] Trial 25 finished with value: 1.0 and parameters: {'var_smoothing': 3.986918574074946e-09}. Best is trial 0 with value: 1.0.
[I 2026-04-13 13:04:41,525] Trial 26 finished with value: 1.0 and parameters: {'var_smoothing': 1.7707565248297843e-09}. Best is trial 0 with value: 1.0.
[I 2026-04-13 13:04:41,545] Trial 27 finished with value: 1.0 and parameters: {'var_smoothing': 6.732492847962814e-09}. Best is trial 0 with value: 1.0.
[I 2026-04-13 13:04:41,564] Trial 28 finished with value: 1.0 and parameters: {'var_smoothing': 3.8684773890893174e-10}. Best is trial 0 with value: 1.0.
[I 2026-04-13 13:04:41,581] Trial 29 finished with value: 1.0 and parameters: {'var_smoothing': 1.5480090897085013e-09}. Best is trial 0 with value: 1.0.
[I 2026-04-13 13:04:41,617] A new study created in memory with name: logreg
[I 2026-04-13 13:04:41,642] Trial 0 finished with value: 1.0 and parameters: {'C': 23.288794782471303, 'penalty': 'l2'}. Best is trial 0 with value: 1.0.
[I 2026-04-13 13:04:41,667] Trial 1 finished with value: 1.0 and parameters: {'C': 69.61507800412923, 'penalty': 'l2'}. Best is trial 0 with value: 1.0.
[I 2026-04-13 13:04:41,691] Trial 2 finished with value: 1.0 and parameters: {'C': 22.180569925473442, 'penalty': 'l2'}. Best is trial 0 with value: 1.0.
[I 2026-04-13 13:04:41,707] Trial 3 finished with value: 1.0 and parameters: {'C': 0.4511058486037652, 'penalty': 'l2'}. Best is trial 0 with value: 1.0.
[I 2026-04-13 13:04:41,721] Trial 4 finished with value: 1.0 and parameters: {'C': 0.014576110093994574, 'penalty': 'l2'}. Best is trial 0 with value: 1.0.
[I 2026-04-13 13:04:41,737] Trial 5 finished with value: 1.0 and parameters: {'C': 0.0011402340906886685, 'penalty': 'l2'}. Best is trial 0 with value: 1.0.
[I 2026-04-13 13:04:41,752] Trial 6 finished with value: 1.0 and parameters: {'C': 0.14201822862985758, 'penalty': 'l2'}. Best is trial 0 with value: 1.0.
[I 2026-04-13 13:04:41,766] Trial 7 finished with value: 1.0 and parameters: {'C': 0.1027440782219989, 'penalty': 'l2'}. Best is trial 0 with value: 1.0.
[I 2026-04-13 13:04:41,781] Trial 8 finished with value: 1.0 and parameters: {'C': 0.41055690122086846, 'penalty': 'l2'}. Best is trial 0 with value: 1.0.
[I 2026-04-13 13:04:41,806] Trial 9 finished with value: 1.0 and parameters: {'C': 0.24658064201770763, 'penalty': 'l2'}. Best is trial 0 with value: 1.0.
[I 2026-04-13 13:04:41,836] Trial 10 finished with value: 1.0 and parameters: {'C': 5.817250906722227, 'penalty': 'l2'}. Best is trial 0 with value: 1.0.
[I 2026-04-13 13:04:41,865] Trial 11 finished with value: 1.0 and parameters: {'C': 65.32501288941612, 'penalty': 'l2'}. Best is trial 0 with value: 1.0.
[I 2026-04-13 13:04:41,897] Trial 12 finished with value: 1.0 and parameters: {'C': 4.377709439924529, 'penalty': 'l2'}. Best is trial 0 with value: 1.0.
[I 2026-04-13 13:04:41,929] Trial 13 finished with value: 1.0 and parameters: {'C': 82.7447055757053, 'penalty': 'l2'}. Best is trial 0 with value: 1.0.
[I 2026-04-13 13:04:41,960] Trial 14 finished with value: 1.0 and parameters: {'C': 5.484053936900719, 'penalty': 'l2'}. Best is trial 0 with value: 1.0.
[I 2026-04-13 13:04:41,992] Trial 15 finished with value: 1.0 and parameters: {'C': 19.720857672047558, 'penalty': 'l2'}. Best is trial 0 with value: 1.0.
[I 2026-04-13 13:04:42,011] Trial 16 finished with value: 1.0 and parameters: {'C': 1.8557156226210034, 'penalty': 'l2'}. Best is trial 0 with value: 1.0.
[I 2026-04-13 13:04:42,040] Trial 17 finished with value: 1.0 and parameters: {'C': 26.516932569464544, 'penalty': 'l2'}. Best is trial 0 with value: 1.0.
[I 2026-04-13 13:04:42,072] Trial 18 finished with value: 1.0 and parameters: {'C': 1.188244763655516, 'penalty': 'l2'}. Best is trial 0 with value: 1.0.
[I 2026-04-13 13:04:42,088] Trial 19 finished with value: 1.0 and parameters: {'C': 12.093447142589671, 'penalty': 'l2'}. Best is trial 0 with value: 1.0.
[I 2026-04-13 13:04:42,107] Trial 20 finished with value: 1.0 and parameters: {'C': 95.89596440448501, 'penalty': 'l2'}. Best is trial 0 with value: 1.0.
[I 2026-04-13 13:04:42,135] Trial 21 finished with value: 1.0 and parameters: {'C': 28.44943793229338, 'penalty': 'l2'}. Best is trial 0 with value: 1.0.
[I 2026-04-13 13:04:42,166] Trial 22 finished with value: 1.0 and parameters: {'C': 13.869868316172683, 'penalty': 'l2'}. Best is trial 0 with value: 1.0.
[I 2026-04-13 13:04:42,181] Trial 23 finished with value: 1.0 and parameters: {'C': 37.440738291089126, 'penalty': 'l2'}. Best is trial 0 with value: 1.0.
[I 2026-04-13 13:04:42,210] Trial 24 finished with value: 1.0 and parameters: {'C': 2.47685391214756, 'penalty': 'l2'}. Best is trial 0 with value: 1.0.
[I 2026-04-13 13:04:42,240] Trial 25 finished with value: 1.0 and parameters: {'C': 10.036757127704108, 'penalty': 'l2'}. Best is trial 0 with value: 1.0.
[I 2026-04-13 13:04:42,259] Trial 26 finished with value: 1.0 and parameters: {'C': 1.3194627280974967, 'penalty': 'l2'}. Best is trial 0 with value: 1.0.
[I 2026-04-13 13:04:42,291] Trial 27 finished with value: 1.0 and parameters: {'C': 37.191162355747906, 'penalty': 'l2'}. Best is trial 0 with value: 1.0.
[I 2026-04-13 13:04:42,311] Trial 28 finished with value: 1.0 and parameters: {'C': 0.029434059060519695, 'penalty': 'l2'}. Best is trial 0 with value: 1.0.
[I 2026-04-13 13:04:42,332] Trial 29 finished with value: 1.0 and parameters: {'C': 0.9428308103218245, 'penalty': 'l2'}. Best is trial 0 with value: 1.0.
[I 2026-04-13 13:04:42,377] A new study created in memory with name: knn
[I 2026-04-13 13:04:42,401] Trial 0 finished with value: 0.95 and parameters: {'n_neighbors': 9, 'leaf_size': 40, 'p': 1}. Best is trial 0 with value: 0.95.
[I 2026-04-13 13:04:42,417] Trial 1 finished with value: 1.0 and parameters: {'n_neighbors': 4, 'leaf_size': 20, 'p': 1}. Best is trial 1 with value: 1.0.
[I 2026-04-13 13:04:42,432] Trial 2 finished with value: 1.0 and parameters: {'n_neighbors': 7, 'leaf_size': 30, 'p': 1}. Best is trial 1 with value: 1.0.
[I 2026-04-13 13:04:42,448] Trial 3 finished with value: 0.95 and parameters: {'n_neighbors': 9, 'leaf_size': 34, 'p': 1}. Best is trial 1 with value: 1.0.
[I 2026-04-13 13:04:42,463] Trial 4 finished with value: 1.0 and parameters: {'n_neighbors': 5, 'leaf_size': 40, 'p': 1}. Best is trial 1 with value: 1.0.
[I 2026-04-13 13:04:42,479] Trial 5 finished with value: 1.0 and parameters: {'n_neighbors': 3, 'leaf_size': 40, 'p': 2}. Best is trial 1 with value: 1.0.
[I 2026-04-13 13:04:42,496] Trial 6 finished with value: 1.0 and parameters: {'n_neighbors': 3, 'leaf_size': 24, 'p': 2}. Best is trial 1 with value: 1.0.
[I 2026-04-13 13:04:42,523] Trial 7 finished with value: 1.0 and parameters: {'n_neighbors': 5, 'leaf_size': 40, 'p': 2}. Best is trial 1 with value: 1.0.
[I 2026-04-13 13:04:42,538] Trial 8 finished with value: 1.0 and parameters: {'n_neighbors': 6, 'leaf_size': 36, 'p': 1}. Best is trial 1 with value: 1.0.
[I 2026-04-13 13:04:42,563] Trial 9 finished with value: 1.0 and parameters: {'n_neighbors': 6, 'leaf_size': 25, 'p': 1}. Best is trial 1 with value: 1.0.
[I 2026-04-13 13:04:42,589] Trial 10 finished with value: 1.0 and parameters: {'n_neighbors': 4, 'leaf_size': 22, 'p': 2}. Best is trial 1 with value: 1.0.
[I 2026-04-13 13:04:42,616] Trial 11 finished with value: 1.0 and parameters: {'n_neighbors': 8, 'leaf_size': 29, 'p': 1}. Best is trial 1 with value: 1.0.
[I 2026-04-13 13:04:42,640] Trial 12 finished with value: 1.0 and parameters: {'n_neighbors': 7, 'leaf_size': 20, 'p': 1}. Best is trial 1 with value: 1.0.
[I 2026-04-13 13:04:42,676] Trial 13 finished with value: 1.0 and parameters: {'n_neighbors': 7, 'leaf_size': 27, 'p': 1}. Best is trial 1 with value: 1.0.
[I 2026-04-13 13:04:42,701] Trial 14 finished with value: 1.0 and parameters: {'n_neighbors': 10, 'leaf_size': 32, 'p': 1}. Best is trial 1 with value: 1.0.
[I 2026-04-13 13:04:42,728] Trial 15 finished with value: 1.0 and parameters: {'n_neighbors': 5, 'leaf_size': 29, 'p': 1}. Best is trial 1 with value: 1.0.
[I 2026-04-13 13:04:42,757] Trial 16 finished with value: 1.0 and parameters: {'n_neighbors': 8, 'leaf_size': 20, 'p': 1}. Best is trial 1 with value: 1.0.
[I 2026-04-13 13:04:42,782] Trial 17 finished with value: 1.0 and parameters: {'n_neighbors': 4, 'leaf_size': 36, 'p': 1}. Best is trial 1 with value: 1.0.
[I 2026-04-13 13:04:42,804] Trial 18 finished with value: 1.0 and parameters: {'n_neighbors': 4, 'leaf_size': 26, 'p': 2}. Best is trial 1 with value: 1.0.
[I 2026-04-13 13:04:42,829] Trial 19 finished with value: 1.0 and parameters: {'n_neighbors': 6, 'leaf_size': 23, 'p': 1}. Best is trial 1 with value: 1.0.
[I 2026-04-13 13:04:42,856] Trial 20 finished with value: 1.0 and parameters: {'n_neighbors': 8, 'leaf_size': 31, 'p': 1}. Best is trial 1 with value: 1.0.
[I 2026-04-13 13:04:42,883] Trial 21 finished with value: 1.0 and parameters: {'n_neighbors': 5, 'leaf_size': 37, 'p': 1}. Best is trial 1 with value: 1.0.
[I 2026-04-13 13:04:42,906] Trial 22 finished with value: 1.0 and parameters: {'n_neighbors': 5, 'leaf_size': 33, 'p': 1}. Best is trial 1 with value: 1.0.
[I 2026-04-13 13:04:42,930] Trial 23 finished with value: 1.0 and parameters: {'n_neighbors': 4, 'leaf_size': 28, 'p': 1}. Best is trial 1 with value: 1.0.
[I 2026-04-13 13:04:42,963] Trial 24 finished with value: 1.0 and parameters: {'n_neighbors': 7, 'leaf_size': 34, 'p': 1}. Best is trial 1 with value: 1.0.
[I 2026-04-13 13:04:42,984] Trial 25 finished with value: 1.0 and parameters: {'n_neighbors': 3, 'leaf_size': 30, 'p': 1}. Best is trial 1 with value: 1.0.
[I 2026-04-13 13:04:43,008] Trial 26 finished with value: 1.0 and parameters: {'n_neighbors': 6, 'leaf_size': 38, 'p': 2}. Best is trial 1 with value: 1.0.
[I 2026-04-13 13:04:43,029] Trial 27 finished with value: 1.0 and parameters: {'n_neighbors': 5, 'leaf_size': 22, 'p': 1}. Best is trial 1 with value: 1.0.
[I 2026-04-13 13:04:43,053] Trial 28 finished with value: 1.0 and parameters: {'n_neighbors': 4, 'leaf_size': 26, 'p': 1}. Best is trial 1 with value: 1.0.
[I 2026-04-13 13:04:43,085] Trial 29 finished with value: 0.95 and parameters: {'n_neighbors': 9, 'leaf_size': 38, 'p': 1}. Best is trial 1 with value: 1.0.
[I 2026-04-13 13:04:43,110] A new study created in memory with name: xgb
[I 2026-04-13 13:04:43,149] Trial 0 finished with value: 0.95 and parameters: {'n_estimators': 40, 'max_depth': 5, 'gamma': 0.4874219364632415, 'subsample': 0.7011756800186824, 'colsample_bytree': 0.7613373356762848}. Best is trial 0 with value: 0.95.
[I 2026-04-13 13:04:43,179] Trial 1 finished with value: 0.95 and parameters: {'n_estimators': 40, 'max_depth': 5, 'gamma': 0.483482593428573, 'subsample': 0.6445375140090439, 'colsample_bytree': 0.9869276206002231}. Best is trial 0 with value: 0.95.
[I 2026-04-13 13:04:43,205] Trial 2 finished with value: 0.95 and parameters: {'n_estimators': 10, 'max_depth': 5, 'gamma': 0.16384856027517886, 'subsample': 0.6123849694840227, 'colsample_bytree': 0.6968174574718025}. Best is trial 0 with value: 0.95.
[I 2026-04-13 13:04:43,244] Trial 3 finished with value: 0.95 and parameters: {'n_estimators': 100, 'max_depth': 30, 'gamma': 0.7877441182293641, 'subsample': 0.9694019566553859, 'colsample_bytree': 0.6598448982335139}. Best is trial 0 with value: 0.95.
[I 2026-04-13 13:04:43,282] Trial 4 finished with value: 1.0 and parameters: {'n_estimators': 100, 'max_depth': 5, 'gamma': 0.816017102586079, 'subsample': 0.5160040782128984, 'colsample_bytree': 0.7277239110529665}. Best is trial 4 with value: 1.0.
[I 2026-04-13 13:04:43,312] Trial 5 finished with value: 0.95 and parameters: {'n_estimators': 40, 'max_depth': 20, 'gamma': 0.6643500821697236, 'subsample': 0.6076588997363731, 'colsample_bytree': 0.5754850538287481}. Best is trial 4 with value: 1.0.
[I 2026-04-13 13:04:43,352] Trial 6 finished with value: 0.95 and parameters: {'n_estimators': 100, 'max_depth': 20, 'gamma': 0.6361752212866232, 'subsample': 0.8309913561372338, 'colsample_bytree': 0.7552902276266351}. Best is trial 4 with value: 1.0.
[I 2026-04-13 13:04:43,379] Trial 7 finished with value: 0.95 and parameters: {'n_estimators': 10, 'max_depth': 5, 'gamma': 0.5767347850317142, 'subsample': 0.7995431264700696, 'colsample_bytree': 0.8604622333437917}. Best is trial 4 with value: 1.0.
[I 2026-04-13 13:04:43,427] Trial 8 finished with value: 0.95 and parameters: {'n_estimators': 100, 'max_depth': 20, 'gamma': 0.8470554948938058, 'subsample': 0.860339005739911, 'colsample_bytree': 0.9331308414408237}. Best is trial 4 with value: 1.0.
[I 2026-04-13 13:04:43,475] Trial 9 finished with value: 0.95 and parameters: {'n_estimators': 100, 'max_depth': 30, 'gamma': 0.574951454577921, 'subsample': 0.9696020680119358, 'colsample_bytree': 0.8616917074936369}. Best is trial 4 with value: 1.0.
[I 2026-04-13 13:04:43,527] Trial 10 finished with value: 0.95 and parameters: {'n_estimators': 100, 'max_depth': 5, 'gamma': 0.9179885929878968, 'subsample': 0.5176511219374095, 'colsample_bytree': 0.525322130410742}. Best is trial 4 with value: 1.0.
[I 2026-04-13 13:04:43,565] Trial 11 finished with value: 1.0 and parameters: {'n_estimators': 40, 'max_depth': 5, 'gamma': 0.39731700650079615, 'subsample': 0.5005044321862977, 'colsample_bytree': 0.7656392411045351}. Best is trial 4 with value: 1.0.
[I 2026-04-13 13:04:43,604] Trial 12 finished with value: 1.0 and parameters: {'n_estimators': 40, 'max_depth': 5, 'gamma': 0.21185325488012274, 'subsample': 0.5026526331143375, 'colsample_bytree': 0.828289747693305}. Best is trial 4 with value: 1.0.
[I 2026-04-13 13:04:43,642] Trial 13 finished with value: 1.0 and parameters: {'n_estimators': 40, 'max_depth': 5, 'gamma': 0.33511459967762647, 'subsample': 0.5520078317472172, 'colsample_bytree': 0.6556942696042799}. Best is trial 4 with value: 1.0.
[I 2026-04-13 13:04:43,681] Trial 14 finished with value: 0.95 and parameters: {'n_estimators': 10, 'max_depth': 30, 'gamma': 0.989062704095126, 'subsample': 0.6948560079289482, 'colsample_bytree': 0.7948757042394698}. Best is trial 4 with value: 1.0.
[I 2026-04-13 13:04:43,729] Trial 15 finished with value: 0.95 and parameters: {'n_estimators': 100, 'max_depth': 5, 'gamma': 0.3276747571789447, 'subsample': 0.565688999744982, 'colsample_bytree': 0.693460567501669}. Best is trial 4 with value: 1.0.
[I 2026-04-13 13:04:43,768] Trial 16 finished with value: 0.95 and parameters: {'n_estimators': 40, 'max_depth': 5, 'gamma': 0.7784198301520646, 'subsample': 0.6910612801192527, 'colsample_bytree': 0.6242810448816323}. Best is trial 4 with value: 1.0.
[I 2026-04-13 13:04:43,816] Trial 17 finished with value: 0.95 and parameters: {'n_estimators': 100, 'max_depth': 5, 'gamma': 0.3697162507945998, 'subsample': 0.5548193331314749, 'colsample_bytree': 0.8995789377071984}. Best is trial 4 with value: 1.0.
[I 2026-04-13 13:04:43,858] Trial 18 finished with value: 0.95 and parameters: {'n_estimators': 40, 'max_depth': 30, 'gamma': 0.7213647798627656, 'subsample': 0.7652388999139637, 'colsample_bytree': 0.7240816306102216}. Best is trial 4 with value: 1.0.
[I 2026-04-13 13:04:43,900] Trial 19 finished with value: 0.95 and parameters: {'n_estimators': 10, 'max_depth': 20, 'gamma': 0.440740946530085, 'subsample': 0.9138249981567055, 'colsample_bytree': 0.7995466333750425}. Best is trial 4 with value: 1.0.
[I 2026-04-13 13:04:43,960] Trial 20 finished with value: 0.95 and parameters: {'n_estimators': 100, 'max_depth': 5, 'gamma': 0.11546680719474106, 'subsample': 0.6322587280550098, 'colsample_bytree': 0.598503371250835}. Best is trial 4 with value: 1.0.
[I 2026-04-13 13:04:44,000] Trial 21 finished with value: 1.0 and parameters: {'n_estimators': 40, 'max_depth': 5, 'gamma': 0.23507994622000264, 'subsample': 0.5007375488216953, 'colsample_bytree': 0.815987704190244}. Best is trial 4 with value: 1.0.
[I 2026-04-13 13:04:44,038] Trial 22 finished with value: 1.0 and parameters: {'n_estimators': 40, 'max_depth': 5, 'gamma': 0.22520215113268205, 'subsample': 0.5098344131817877, 'colsample_bytree': 0.8418979821102957}. Best is trial 4 with value: 1.0.
[I 2026-04-13 13:04:44,078] Trial 23 finished with value: 0.95 and parameters: {'n_estimators': 40, 'max_depth': 5, 'gamma': 0.27622742849400844, 'subsample': 0.5745440140922718, 'colsample_bytree': 0.7592710650459579}. Best is trial 4 with value: 1.0.
[I 2026-04-13 13:04:44,127] Trial 24 finished with value: 1.0 and parameters: {'n_estimators': 40, 'max_depth': 5, 'gamma': 0.40002966343690577, 'subsample': 0.5341646581499017, 'colsample_bytree': 0.9002736713155302}. Best is trial 4 with value: 1.0.
[I 2026-04-13 13:04:44,176] Trial 25 finished with value: 1.0 and parameters: {'n_estimators': 40, 'max_depth': 5, 'gamma': 0.10764373246258885, 'subsample': 0.5871217695199614, 'colsample_bytree': 0.7146168673528142}. Best is trial 4 with value: 1.0.
[I 2026-04-13 13:04:44,225] Trial 26 finished with value: 0.95 and parameters: {'n_estimators': 40, 'max_depth': 5, 'gamma': 0.2790781049445268, 'subsample': 0.662191394906656, 'colsample_bytree': 0.7842511544790345}. Best is trial 4 with value: 1.0.
[I 2026-04-13 13:04:44,280] Trial 27 finished with value: 1.0 and parameters: {'n_estimators': 40, 'max_depth': 5, 'gamma': 0.5257980873777532, 'subsample': 0.5346663943232588, 'colsample_bytree': 0.73426992796214}. Best is trial 4 with value: 1.0.
[I 2026-04-13 13:04:44,320] Trial 28 finished with value: 0.95 and parameters: {'n_estimators': 10, 'max_depth': 20, 'gamma': 0.43365932335398144, 'subsample': 0.5972812560587794, 'colsample_bytree': 0.6621750046240897}. Best is trial 4 with value: 1.0.
[I 2026-04-13 13:04:44,371] Trial 29 finished with value: 0.95 and parameters: {'n_estimators': 100, 'max_depth': 30, 'gamma': 0.17956177001506196, 'subsample': 0.7277425879156993, 'colsample_bytree': 0.8306223468404742}. Best is trial 4 with value: 1.0.
[I 2026-04-13 13:04:44,494] A new study created in memory with name: rf
[I 2026-04-13 13:04:45,083] Trial 0 finished with value: 1.0 and parameters: {'n_estimators': 450, 'max_depth': 20, 'min_samples_split': 9, 'min_samples_leaf': 6}. Best is trial 0 with value: 1.0.
[I 2026-04-13 13:04:45,362] Trial 1 finished with value: 0.95 and parameters: {'n_estimators': 193, 'max_depth': 3, 'min_samples_split': 5, 'min_samples_leaf': 5}. Best is trial 0 with value: 1.0.
[I 2026-04-13 13:04:45,740] Trial 2 finished with value: 1.0 and parameters: {'n_estimators': 309, 'max_depth': 11, 'min_samples_split': 6, 'min_samples_leaf': 6}. Best is trial 0 with value: 1.0.
[I 2026-04-13 13:04:46,268] Trial 3 finished with value: 1.0 and parameters: {'n_estimators': 405, 'max_depth': 15, 'min_samples_split': 7, 'min_samples_leaf': 5}. Best is trial 0 with value: 1.0.
[I 2026-04-13 13:04:46,566] Trial 4 finished with value: 1.0 and parameters: {'n_estimators': 215, 'max_depth': 20, 'min_samples_split': 5, 'min_samples_leaf': 3}. Best is trial 0 with value: 1.0.
[I 2026-04-13 13:04:46,773] Trial 5 finished with value: 1.0 and parameters: {'n_estimators': 126, 'max_depth': 20, 'min_samples_split': 3, 'min_samples_leaf': 4}. Best is trial 0 with value: 1.0.
[I 2026-04-13 13:04:46,974] Trial 6 finished with value: 0.5 and parameters: {'n_estimators': 128, 'max_depth': 7, 'min_samples_split': 5, 'min_samples_leaf': 9}. Best is trial 0 with value: 1.0.
[I 2026-04-13 13:04:47,280] Trial 7 finished with value: 0.95 and parameters: {'n_estimators': 238, 'max_depth': 20, 'min_samples_split': 2, 'min_samples_leaf': 4}. Best is trial 0 with value: 1.0.
[I 2026-04-13 13:04:47,620] Trial 8 finished with value: 1.0 and parameters: {'n_estimators': 252, 'max_depth': 16, 'min_samples_split': 10, 'min_samples_leaf': 4}. Best is trial 0 with value: 1.0.
[I 2026-04-13 13:04:47,978] Trial 9 finished with value: 0.5 and parameters: {'n_estimators': 273, 'max_depth': 7, 'min_samples_split': 9, 'min_samples_leaf': 7}. Best is trial 0 with value: 1.0.
[I 2026-04-13 13:04:48,591] Trial 10 finished with value: 0.5 and parameters: {'n_estimators': 498, 'max_depth': 15, 'min_samples_split': 8, 'min_samples_leaf': 10}. Best is trial 0 with value: 1.0.
[I 2026-04-13 13:04:49,104] Trial 11 finished with value: 1.0 and parameters: {'n_estimators': 363, 'max_depth': 11, 'min_samples_split': 7, 'min_samples_leaf': 1}. Best is trial 0 with value: 1.0.
[I 2026-04-13 13:04:49,571] Trial 12 finished with value: 0.5 and parameters: {'n_estimators': 351, 'max_depth': 10, 'min_samples_split': 10, 'min_samples_leaf': 7}. Best is trial 0 with value: 1.0.
[I 2026-04-13 13:04:50,178] Trial 13 finished with value: 0.6 and parameters: {'n_estimators': 489, 'max_depth': 13, 'min_samples_split': 7, 'min_samples_leaf': 7}. Best is trial 0 with value: 1.0.
[I 2026-04-13 13:04:50,713] Trial 14 finished with value: 0.5 and parameters: {'n_estimators': 433, 'max_depth': 8, 'min_samples_split': 4, 'min_samples_leaf': 8}. Best is trial 0 with value: 1.0.
