[I 2026-04-13 13:00:36,633] Trial 20 finished with value: 0.5 and parameters: {'var_smoothing': 5.29215399120128e-09}. Best is trial 0 with value: 0.5.
[I 2026-04-13 13:00:36,650] Trial 21 finished with value: 0.5 and parameters: {'var_smoothing': 6.215389304971454e-10}. Best is trial 0 with value: 0.5.
[I 2026-04-13 13:00:36,665] Trial 22 finished with value: 0.5 and parameters: {'var_smoothing': 2.205158371956595e-10}. Best is trial 0 with value: 0.5.
[I 2026-04-13 13:00:36,693] Trial 23 finished with value: 0.5 and parameters: {'var_smoothing': 6.714468189294179e-10}. Best is trial 0 with value: 0.5.
[I 2026-04-13 13:00:36,720] Trial 24 finished with value: 0.5 and parameters: {'var_smoothing': 1.6303611152529254e-09}. Best is trial 0 with value: 0.5.
[I 2026-04-13 13:00:36,735] Trial 25 finished with value: 0.5 and parameters: {'var_smoothing': 5.460180203252778e-09}. Best is trial 0 with value: 0.5.
[I 2026-04-13 13:00:36,751] Trial 26 finished with value: 0.5 and parameters: {'var_smoothing': 1.0123007748054653e-10}. Best is trial 0 with value: 0.5.
[I 2026-04-13 13:00:36,767] Trial 27 finished with value: 0.5 and parameters: {'var_smoothing': 3.7004726843827016e-09}. Best is trial 0 with value: 0.5.
[I 2026-04-13 13:00:36,782] Trial 28 finished with value: 0.5 and parameters: {'var_smoothing': 8.062949328123723e-10}. Best is trial 0 with value: 0.5.
[I 2026-04-13 13:00:36,813] Trial 29 finished with value: 0.5 and parameters: {'var_smoothing': 1.8379694059711336e-09}. Best is trial 0 with value: 0.5.
[I 2026-04-13 13:00:36,848] A new study created in memory with name: logreg
[I 2026-04-13 13:00:36,873] Trial 0 finished with value: 0.25 and parameters: {'C': 0.002407362254570802, 'penalty': 'l2'}. Best is trial 0 with value: 0.25.
[I 2026-04-13 13:00:36,898] Trial 1 finished with value: 0.45 and parameters: {'C': 7.935859334260497, 'penalty': 'l2'}. Best is trial 1 with value: 0.45.
[I 2026-04-13 13:00:36,923] Trial 2 finished with value: 0.4 and parameters: {'C': 0.15561310098067915, 'penalty': 'l2'}. Best is trial 1 with value: 0.45.
[I 2026-04-13 13:00:36,948] Trial 3 finished with value: 0.45 and parameters: {'C': 4.143104515916128, 'penalty': 'l2'}. Best is trial 1 with value: 0.45.
[I 2026-04-13 13:00:36,982] Trial 4 finished with value: 0.5 and parameters: {'C': 77.61533923098803, 'penalty': 'l2'}. Best is trial 4 with value: 0.5.
[I 2026-04-13 13:00:37,007] Trial 5 finished with value: 0.45 and parameters: {'C': 0.49258292359934785, 'penalty': 'l2'}. Best is trial 4 with value: 0.5.
[I 2026-04-13 13:00:37,032] Trial 6 finished with value: 0.4 and parameters: {'C': 0.320333470047146, 'penalty': 'l2'}. Best is trial 4 with value: 0.5.
[I 2026-04-13 13:00:37,056] Trial 7 finished with value: 0.25 and parameters: {'C': 0.002292216671132896, 'penalty': 'l2'}. Best is trial 4 with value: 0.5.
[I 2026-04-13 13:00:37,081] Trial 8 finished with value: 0.4 and parameters: {'C': 0.0219884643872214, 'penalty': 'l2'}. Best is trial 4 with value: 0.5.
[I 2026-04-13 13:00:37,106] Trial 9 finished with value: 0.4 and parameters: {'C': 0.31580027519646636, 'penalty': 'l2'}. Best is trial 4 with value: 0.5.
[I 2026-04-13 13:00:37,157] Trial 10 finished with value: 0.5 and parameters: {'C': 53.54776778233864, 'penalty': 'l2'}. Best is trial 4 with value: 0.5.
[I 2026-04-13 13:00:37,197] Trial 11 finished with value: 0.5 and parameters: {'C': 47.207028224457765, 'penalty': 'l2'}. Best is trial 4 with value: 0.5.
[I 2026-04-13 13:00:37,237] Trial 12 finished with value: 0.55 and parameters: {'C': 84.28882143282867, 'penalty': 'l2'}. Best is trial 12 with value: 0.55.
[I 2026-04-13 13:00:37,267] Trial 13 finished with value: 0.45 and parameters: {'C': 9.040361256629318, 'penalty': 'l2'}. Best is trial 12 with value: 0.55.
[I 2026-04-13 13:00:37,305] Trial 14 finished with value: 0.45 and parameters: {'C': 44.21470458711841, 'penalty': 'l2'}. Best is trial 12 with value: 0.55.
[I 2026-04-13 13:00:37,341] Trial 15 finished with value: 0.4 and parameters: {'C': 3.2226959642788917, 'penalty': 'l2'}. Best is trial 12 with value: 0.55.
[I 2026-04-13 13:00:37,385] Trial 16 finished with value: 0.45 and parameters: {'C': 13.987194772778379, 'penalty': 'l2'}. Best is trial 12 with value: 0.55.
[I 2026-04-13 13:00:37,425] Trial 17 finished with value: 0.55 and parameters: {'C': 89.14555597311455, 'penalty': 'l2'}. Best is trial 12 with value: 0.55.
[I 2026-04-13 13:00:37,453] Trial 18 finished with value: 0.4 and parameters: {'C': 2.8494695930488865, 'penalty': 'l2'}. Best is trial 12 with value: 0.55.
[I 2026-04-13 13:00:37,479] Trial 19 finished with value: 0.45 and parameters: {'C': 1.120822779752221, 'penalty': 'l2'}. Best is trial 12 with value: 0.55.
[I 2026-04-13 13:00:37,505] Trial 20 finished with value: 0.35 and parameters: {'C': 0.054421273458979465, 'penalty': 'l2'}. Best is trial 12 with value: 0.55.
[I 2026-04-13 13:00:37,557] Trial 21 finished with value: 0.5 and parameters: {'C': 76.52127203280051, 'penalty': 'l2'}. Best is trial 12 with value: 0.55.
[I 2026-04-13 13:00:37,598] Trial 22 finished with value: 0.45 and parameters: {'C': 20.65269919498672, 'penalty': 'l2'}. Best is trial 12 with value: 0.55.
[I 2026-04-13 13:00:37,638] Trial 23 finished with value: 0.55 and parameters: {'C': 97.74120451321312, 'penalty': 'l2'}. Best is trial 12 with value: 0.55.
[I 2026-04-13 13:00:37,678] Trial 24 finished with value: 0.4 and parameters: {'C': 24.36939990338102, 'penalty': 'l2'}. Best is trial 12 with value: 0.55.
[I 2026-04-13 13:00:37,705] Trial 25 finished with value: 0.4 and parameters: {'C': 22.54404659689757, 'penalty': 'l2'}. Best is trial 12 with value: 0.55.
[I 2026-04-13 13:00:37,756] Trial 26 finished with value: 0.55 and parameters: {'C': 96.35847048679436, 'penalty': 'l2'}. Best is trial 12 with value: 0.55.
[I 2026-04-13 13:00:37,784] Trial 27 finished with value: 0.45 and parameters: {'C': 1.4173773439094262, 'penalty': 'l2'}. Best is trial 12 with value: 0.55.
[I 2026-04-13 13:00:37,812] Trial 28 finished with value: 0.45 and parameters: {'C': 7.3127024437432615, 'penalty': 'l2'}. Best is trial 12 with value: 0.55.
[I 2026-04-13 13:00:37,839] Trial 29 finished with value: 0.3 and parameters: {'C': 0.011104103350344362, 'penalty': 'l2'}. Best is trial 12 with value: 0.55.
[I 2026-04-13 13:00:37,924] A new study created in memory with name: knn
[I 2026-04-13 13:00:37,949] Trial 0 finished with value: 0.25 and parameters: {'n_neighbors': 3, 'leaf_size': 36, 'p': 2}. Best is trial 0 with value: 0.25.
[I 2026-04-13 13:00:37,966] Trial 1 finished with value: 0.3 and parameters: {'n_neighbors': 10, 'leaf_size': 31, 'p': 1}. Best is trial 1 with value: 0.3.
[I 2026-04-13 13:00:37,982] Trial 2 finished with value: 0.3 and parameters: {'n_neighbors': 5, 'leaf_size': 30, 'p': 2}. Best is trial 1 with value: 0.3.
[I 2026-04-13 13:00:37,999] Trial 3 finished with value: 0.35 and parameters: {'n_neighbors': 6, 'leaf_size': 21, 'p': 2}. Best is trial 3 with value: 0.35.
[I 2026-04-13 13:00:38,015] Trial 4 finished with value: 0.35 and parameters: {'n_neighbors': 4, 'leaf_size': 29, 'p': 1}. Best is trial 3 with value: 0.35.
[I 2026-04-13 13:00:38,030] Trial 5 finished with value: 0.35 and parameters: {'n_neighbors': 7, 'leaf_size': 39, 'p': 2}. Best is trial 3 with value: 0.35.
[I 2026-04-13 13:00:38,047] Trial 6 finished with value: 0.3 and parameters: {'n_neighbors': 10, 'leaf_size': 22, 'p': 2}. Best is trial 3 with value: 0.35.
[I 2026-04-13 13:00:38,063] Trial 7 finished with value: 0.25 and parameters: {'n_neighbors': 8, 'leaf_size': 29, 'p': 2}. Best is trial 3 with value: 0.35.
[I 2026-04-13 13:00:38,081] Trial 8 finished with value: 0.3 and parameters: {'n_neighbors': 5, 'leaf_size': 30, 'p': 2}. Best is trial 3 with value: 0.35.
[I 2026-04-13 13:00:38,096] Trial 9 finished with value: 0.45 and parameters: {'n_neighbors': 9, 'leaf_size': 26, 'p': 1}. Best is trial 9 with value: 0.45.
[I 2026-04-13 13:00:38,131] Trial 10 finished with value: 0.25 and parameters: {'n_neighbors': 8, 'leaf_size': 25, 'p': 1}. Best is trial 9 with value: 0.45.
[I 2026-04-13 13:00:38,157] Trial 11 finished with value: 0.35 and parameters: {'n_neighbors': 6, 'leaf_size': 21, 'p': 1}. Best is trial 9 with value: 0.45.
[I 2026-04-13 13:00:38,182] Trial 12 finished with value: 0.25 and parameters: {'n_neighbors': 8, 'leaf_size': 25, 'p': 1}. Best is trial 9 with value: 0.45.
[I 2026-04-13 13:00:38,203] Trial 13 finished with value: 0.45 and parameters: {'n_neighbors': 9, 'leaf_size': 25, 'p': 1}. Best is trial 9 with value: 0.45.
[I 2026-04-13 13:00:38,228] Trial 14 finished with value: 0.45 and parameters: {'n_neighbors': 9, 'leaf_size': 24, 'p': 1}. Best is trial 9 with value: 0.45.
[I 2026-04-13 13:00:38,251] Trial 15 finished with value: 0.45 and parameters: {'n_neighbors': 9, 'leaf_size': 33, 'p': 1}. Best is trial 9 with value: 0.45.
[I 2026-04-13 13:00:38,277] Trial 16 finished with value: 0.45 and parameters: {'n_neighbors': 9, 'leaf_size': 26, 'p': 1}. Best is trial 9 with value: 0.45.
[I 2026-04-13 13:00:38,302] Trial 17 finished with value: 0.35 and parameters: {'n_neighbors': 7, 'leaf_size': 27, 'p': 1}. Best is trial 9 with value: 0.45.
[I 2026-04-13 13:00:38,328] Trial 18 finished with value: 0.3 and parameters: {'n_neighbors': 10, 'leaf_size': 23, 'p': 1}. Best is trial 9 with value: 0.45.
[I 2026-04-13 13:00:38,354] Trial 19 finished with value: 0.45 and parameters: {'n_neighbors': 9, 'leaf_size': 27, 'p': 1}. Best is trial 9 with value: 0.45.
[I 2026-04-13 13:00:38,377] Trial 20 finished with value: 0.25 and parameters: {'n_neighbors': 8, 'leaf_size': 33, 'p': 1}. Best is trial 9 with value: 0.45.
[I 2026-04-13 13:00:38,409] Trial 21 finished with value: 0.45 and parameters: {'n_neighbors': 9, 'leaf_size': 24, 'p': 1}. Best is trial 9 with value: 0.45.
[I 2026-04-13 13:00:38,432] Trial 22 finished with value: 0.3 and parameters: {'n_neighbors': 10, 'leaf_size': 20, 'p': 1}. Best is trial 9 with value: 0.45.
[I 2026-04-13 13:00:38,478] Trial 23 finished with value: 0.45 and parameters: {'n_neighbors': 9, 'leaf_size': 23, 'p': 1}. Best is trial 9 with value: 0.45.
[I 2026-04-13 13:00:38,505] Trial 24 finished with value: 0.35 and parameters: {'n_neighbors': 7, 'leaf_size': 27, 'p': 1}. Best is trial 9 with value: 0.45.
[I 2026-04-13 13:00:38,525] Trial 25 finished with value: 0.25 and parameters: {'n_neighbors': 8, 'leaf_size': 24, 'p': 1}. Best is trial 9 with value: 0.45.
[I 2026-04-13 13:00:38,558] Trial 26 finished with value: 0.45 and parameters: {'n_neighbors': 9, 'leaf_size': 28, 'p': 1}. Best is trial 9 with value: 0.45.
[I 2026-04-13 13:00:38,586] Trial 27 finished with value: 0.3 and parameters: {'n_neighbors': 10, 'leaf_size': 25, 'p': 1}. Best is trial 9 with value: 0.45.
[I 2026-04-13 13:00:38,616] Trial 28 finished with value: 0.35 and parameters: {'n_neighbors': 7, 'leaf_size': 32, 'p': 1}. Best is trial 9 with value: 0.45.
[I 2026-04-13 13:00:38,639] Trial 29 finished with value: 0.25 and parameters: {'n_neighbors': 3, 'leaf_size': 23, 'p': 1}. Best is trial 9 with value: 0.45.
[I 2026-04-13 13:00:38,682] A new study created in memory with name: xgb
[I 2026-04-13 13:00:38,707] Trial 0 finished with value: 0.45 and parameters: {'n_estimators': 40, 'max_depth': 20, 'gamma': 0.5510084172939441, 'subsample': 0.5360255666798808, 'colsample_bytree': 0.6342194900509356}. Best is trial 0 with value: 0.45.
[I 2026-04-13 13:00:38,746] Trial 1 finished with value: 0.55 and parameters: {'n_estimators': 100, 'max_depth': 5, 'gamma': 0.9186341749476523, 'subsample': 0.6066926767899578, 'colsample_bytree': 0.7260619809088416}. Best is trial 1 with value: 0.55.
[I 2026-04-13 13:00:38,774] Trial 2 finished with value: 0.5 and parameters: {'n_estimators': 10, 'max_depth': 5, 'gamma': 0.9182155373980582, 'subsample': 0.566584722879625, 'colsample_bytree': 0.761706290336883}. Best is trial 1 with value: 0.55.
[I 2026-04-13 13:00:38,802] Trial 3 finished with value: 0.55 and parameters: {'n_estimators': 10, 'max_depth': 20, 'gamma': 0.5296610393664296, 'subsample': 0.6829451928902965, 'colsample_bytree': 0.9189589971546304}. Best is trial 1 with value: 0.55.
[I 2026-04-13 13:00:38,828] Trial 4 finished with value: 0.6 and parameters: {'n_estimators': 10, 'max_depth': 20, 'gamma': 0.6916595165017824, 'subsample': 0.6851755414940176, 'colsample_bytree': 0.7295464889457157}. Best is trial 4 with value: 0.6.
[I 2026-04-13 13:00:38,863] Trial 5 finished with value: 0.6 and parameters: {'n_estimators': 100, 'max_depth': 20, 'gamma': 0.48380821541644814, 'subsample': 0.8171899343169193, 'colsample_bytree': 0.7614531005141727}. Best is trial 4 with value: 0.6.
[I 2026-04-13 13:00:38,888] Trial 6 finished with value: 0.6 and parameters: {'n_estimators': 10, 'max_depth': 5, 'gamma': 0.9599214907026333, 'subsample': 0.8414569271877088, 'colsample_bytree': 0.5265643453364788}. Best is trial 4 with value: 0.6.
[I 2026-04-13 13:00:38,915] Trial 7 finished with value: 0.45 and parameters: {'n_estimators': 40, 'max_depth': 5, 'gamma': 0.5250915966595621, 'subsample': 0.9207383574491986, 'colsample_bytree': 0.565555321173957}. Best is trial 4 with value: 0.6.
[I 2026-04-13 13:00:38,950] Trial 8 finished with value: 0.5 and parameters: {'n_estimators': 100, 'max_depth': 5, 'gamma': 0.3919835527051987, 'subsample': 0.6502094521590198, 'colsample_bytree': 0.5827507002328938}. Best is trial 4 with value: 0.6.
[I 2026-04-13 13:00:38,989] Trial 9 finished with value: 0.55 and parameters: {'n_estimators': 100, 'max_depth': 5, 'gamma': 0.8003922413895069, 'subsample': 0.9436444759263674, 'colsample_bytree': 0.8374593849333938}. Best is trial 4 with value: 0.6.
[I 2026-04-13 13:00:39,028] Trial 10 finished with value: 0.5 and parameters: {'n_estimators': 10, 'max_depth': 30, 'gamma': 0.13445536345660636, 'subsample': 0.7667965871523328, 'colsample_bytree': 0.9446716873952172}. Best is trial 4 with value: 0.6.
[I 2026-04-13 13:00:39,076] Trial 11 finished with value: 0.5 and parameters: {'n_estimators': 100, 'max_depth': 20, 'gamma': 0.689050425343876, 'subsample': 0.7776404393935124, 'colsample_bytree': 0.71934521638888}. Best is trial 4 with value: 0.6.
[I 2026-04-13 13:00:39,114] Trial 12 finished with value: 0.55 and parameters: {'n_estimators': 10, 'max_depth': 20, 'gamma': 0.30949910298863925, 'subsample': 0.8371478258888287, 'colsample_bytree': 0.8382251234796293}. Best is trial 4 with value: 0.6.
[I 2026-04-13 13:00:39,164] Trial 13 finished with value: 0.45 and parameters: {'n_estimators': 100, 'max_depth': 20, 'gamma': 0.6962802823978901, 'subsample': 0.7104796820121175, 'colsample_bytree': 0.6547674259417264}. Best is trial 4 with value: 0.6.
[I 2026-04-13 13:00:39,212] Trial 14 finished with value: 0.55 and parameters: {'n_estimators': 40, 'max_depth': 30, 'gamma': 0.4070755049716808, 'subsample': 0.8501705899163773, 'colsample_bytree': 0.8182900902357474}. Best is trial 4 with value: 0.6.
[I 2026-04-13 13:00:39,239] Trial 15 finished with value: 0.5 and parameters: {'n_estimators': 10, 'max_depth': 20, 'gamma': 0.6975401970174632, 'subsample': 0.7310379906297132, 'colsample_bytree': 0.6632230743337364}. Best is trial 4 with value: 0.6.
[I 2026-04-13 13:00:39,301] Trial 16 finished with value: 0.6 and parameters: {'n_estimators': 100, 'max_depth': 20, 'gamma': 0.2602894101312718, 'subsample': 0.9818908617691766, 'colsample_bytree': 0.7898537583323947}. Best is trial 4 with value: 0.6.
[I 2026-04-13 13:00:39,338] Trial 17 finished with value: 0.5 and parameters: {'n_estimators': 10, 'max_depth': 20, 'gamma': 0.7914014766534478, 'subsample': 0.630009655080881, 'colsample_bytree': 0.8987290019251718}. Best is trial 4 with value: 0.6.
[I 2026-04-13 13:00:39,392] Trial 18 finished with value: 0.5 and parameters: {'n_estimators': 100, 'max_depth': 30, 'gamma': 0.5949031670169236, 'subsample': 0.811451395696135, 'colsample_bytree': 0.6800487251792757}. Best is trial 4 with value: 0.6.
[I 2026-04-13 13:00:39,428] Trial 19 finished with value: 0.45 and parameters: {'n_estimators': 40, 'max_depth': 20, 'gamma': 0.4171778309812109, 'subsample': 0.5011191823417127, 'colsample_bytree': 0.8894977629705323}. Best is trial 4 with value: 0.6.
[I 2026-04-13 13:00:39,474] Trial 20 finished with value: 0.55 and parameters: {'n_estimators': 100, 'max_depth': 20, 'gamma': 0.8140985818876745, 'subsample': 0.881439614388714, 'colsample_bytree': 0.9864137353936615}. Best is trial 4 with value: 0.6.
[I 2026-04-13 13:00:39,512] Trial 21 finished with value: 0.55 and parameters: {'n_estimators': 10, 'max_depth': 5, 'gamma': 0.996227049017897, 'subsample': 0.7945360750189695, 'colsample_bytree': 0.5013258216148608}. Best is trial 4 with value: 0.6.
[I 2026-04-13 13:00:39,549] Trial 22 finished with value: 0.55 and parameters: {'n_estimators': 10, 'max_depth': 5, 'gamma': 0.8823256835129116, 'subsample': 0.8705837228330862, 'colsample_bytree': 0.5094208242068384}. Best is trial 4 with value: 0.6.
[I 2026-04-13 13:00:39,590] Trial 23 finished with value: 0.6 and parameters: {'n_estimators': 10, 'max_depth': 30, 'gamma': 0.9981240709925955, 'subsample': 0.6901042828039645, 'colsample_bytree': 0.5954131351649637}. Best is trial 4 with value: 0.6.
[I 2026-04-13 13:00:39,630] Trial 24 finished with value: 0.5 and parameters: {'n_estimators': 10, 'max_depth': 20, 'gamma': 0.6414464910181086, 'subsample': 0.744593640562722, 'colsample_bytree': 0.717712631435946}. Best is trial 4 with value: 0.6.
[I 2026-04-13 13:00:39,665] Trial 25 finished with value: 0.5 and parameters: {'n_estimators': 10, 'max_depth': 5, 'gamma': 0.47666119343827706, 'subsample': 0.8992322211595236, 'colsample_bytree': 0.7815261810989254}. Best is trial 4 with value: 0.6.
[I 2026-04-13 13:00:39,703] Trial 26 finished with value: 0.5 and parameters: {'n_estimators': 10, 'max_depth': 20, 'gamma': 0.323699810168822, 'subsample': 0.8266099702766586, 'colsample_bytree': 0.5500215474744408}. Best is trial 4 with value: 0.6.
[I 2026-04-13 13:00:39,740] Trial 27 finished with value: 0.5 and parameters: {'n_estimators': 10, 'max_depth': 30, 'gamma': 0.6218237842960721, 'subsample': 0.9941819209738476, 'colsample_bytree': 0.6219529474787979}. Best is trial 4 with value: 0.6.
[I 2026-04-13 13:00:39,775] Trial 28 finished with value: 0.5 and parameters: {'n_estimators': 40, 'max_depth': 20, 'gamma': 0.7474984375985679, 'subsample': 0.7480225716347944, 'colsample_bytree': 0.6873018410989675}. Best is trial 4 with value: 0.6.
[I 2026-04-13 13:00:39,814] Trial 29 finished with value: 0.55 and parameters: {'n_estimators': 100, 'max_depth': 5, 'gamma': 0.46095738020288846, 'subsample': 0.5684859256605079, 'colsample_bytree': 0.6084964253203113}. Best is trial 4 with value: 0.6.
[I 2026-04-13 13:00:39,943] A new study created in memory with name: rf
[I 2026-04-13 13:00:40,169] Trial 0 finished with value: 0.5 and parameters: {'n_estimators': 130, 'max_depth': 17, 'min_samples_split': 5, 'min_samples_leaf': 8}. Best is trial 0 with value: 0.5.
[I 2026-04-13 13:00:40,728] Trial 1 finished with value: 0.35 and parameters: {'n_estimators': 492, 'max_depth': 12, 'min_samples_split': 6, 'min_samples_leaf': 1}. Best is trial 0 with value: 0.5.
[I 2026-04-13 13:00:41,047] Trial 2 finished with value: 0.5 and parameters: {'n_estimators': 207, 'max_depth': 11, 'min_samples_split': 8, 'min_samples_leaf': 9}. Best is trial 0 with value: 0.5.
[I 2026-04-13 13:00:41,367] Trial 3 finished with value: 0.5 and parameters: {'n_estimators': 252, 'max_depth': 4, 'min_samples_split': 4, 'min_samples_leaf': 10}. Best is trial 0 with value: 0.5.
[I 2026-04-13 13:00:41,596] Trial 4 finished with value: 0.35 and parameters: {'n_estimators': 185, 'max_depth': 11, 'min_samples_split': 10, 'min_samples_leaf': 1}. Best is trial 0 with value: 0.5.
[I 2026-04-13 13:00:41,983] Trial 5 finished with value: 0.35 and parameters: {'n_estimators': 340, 'max_depth': 20, 'min_samples_split': 4, 'min_samples_leaf': 6}. Best is trial 0 with value: 0.5.
[I 2026-04-13 13:00:42,522] Trial 6 finished with value: 0.5 and parameters: {'n_estimators': 464, 'max_depth': 5, 'min_samples_split': 6, 'min_samples_leaf': 8}. Best is trial 0 with value: 0.5.
[I 2026-04-13 13:00:42,960] Trial 7 finished with value: 0.4 and parameters: {'n_estimators': 368, 'max_depth': 11, 'min_samples_split': 3, 'min_samples_leaf': 5}. Best is trial 0 with value: 0.5.
[I 2026-04-13 13:00:43,330] Trial 8 finished with value: 0.5 and parameters: {'n_estimators': 249, 'max_depth': 11, 'min_samples_split': 5, 'min_samples_leaf': 9}. Best is trial 0 with value: 0.5.
[I 2026-04-13 13:00:43,861] Trial 9 finished with value: 0.4 and parameters: {'n_estimators': 408, 'max_depth': 8, 'min_samples_split': 7, 'min_samples_leaf': 3}. Best is trial 0 with value: 0.5.
[I 2026-04-13 13:00:44,094] Trial 10 finished with value: 0.5 and parameters: {'n_estimators': 156, 'max_depth': 19, 'min_samples_split': 2, 'min_samples_leaf': 7}. Best is trial 0 with value: 0.5.
[I 2026-04-13 13:00:44,308] Trial 11 finished with value: 0.5 and parameters: {'n_estimators': 123, 'max_depth': 16, 'min_samples_split': 9, 'min_samples_leaf': 10}. Best is trial 0 with value: 0.5.
[I 2026-04-13 13:00:44,589] Trial 12 finished with value: 0.5 and parameters: {'n_estimators': 211, 'max_depth': 15, 'min_samples_split': 8, 'min_samples_leaf': 8}. Best is trial 0 with value: 0.5.
[I 2026-04-13 13:00:44,752] Trial 13 finished with value: 0.35 and parameters: {'n_estimators': 100, 'max_depth': 16, 'min_samples_split': 8, 'min_samples_leaf': 5}. Best is trial 0 with value: 0.5.
[I 2026-04-13 13:00:45,154] Trial 14 finished with value: 0.5 and parameters: {'n_estimators': 282, 'max_depth': 8, 'min_samples_split': 7, 'min_samples_leaf': 8}. Best is trial 0 with value: 0.5.
[I 2026-04-13 13:00:45,441] Trial 15 finished with value: 0.5 and parameters: {'n_estimators': 198, 'max_depth': 14, 'min_samples_split': 10, 'min_samples_leaf': 7}. Best is trial 0 with value: 0.5.
