[I 2026-04-13 13:07:34,486] Trial 0 finished with value: 0.95 and parameters: {'C': 0.0011268620922535318, 'penalty': 'l2'}. Best is trial 0 with value: 0.95.
[I 2026-04-13 13:07:34,499] Trial 1 finished with value: 1.0 and parameters: {'C': 0.32312678588710475, 'penalty': 'l2'}. Best is trial 1 with value: 1.0.
[I 2026-04-13 13:07:34,522] Trial 2 finished with value: 1.0 and parameters: {'C': 0.3012079745112611, 'penalty': 'l2'}. Best is trial 1 with value: 1.0.
[I 2026-04-13 13:07:34,536] Trial 3 finished with value: 1.0 and parameters: {'C': 0.004668180550042529, 'penalty': 'l2'}. Best is trial 1 with value: 1.0.
[I 2026-04-13 13:07:34,548] Trial 4 finished with value: 1.0 and parameters: {'C': 0.005135177115384908, 'penalty': 'l2'}. Best is trial 1 with value: 1.0.
[I 2026-04-13 13:07:34,561] Trial 5 finished with value: 1.0 and parameters: {'C': 0.01238207351349697, 'penalty': 'l2'}. Best is trial 1 with value: 1.0.
[I 2026-04-13 13:07:34,573] Trial 6 finished with value: 1.0 and parameters: {'C': 0.12374877330306278, 'penalty': 'l2'}. Best is trial 1 with value: 1.0.
[I 2026-04-13 13:07:34,597] Trial 7 finished with value: 1.0 and parameters: {'C': 0.017398261017749217, 'penalty': 'l2'}. Best is trial 1 with value: 1.0.
[I 2026-04-13 13:07:34,620] Trial 8 finished with value: 1.0 and parameters: {'C': 0.002632074973627294, 'penalty': 'l2'}. Best is trial 1 with value: 1.0.
[I 2026-04-13 13:07:34,643] Trial 9 finished with value: 1.0 and parameters: {'C': 0.053394091359671186, 'penalty': 'l2'}. Best is trial 1 with value: 1.0.
[I 2026-04-13 13:07:34,669] Trial 10 finished with value: 1.0 and parameters: {'C': 9.528231497855979, 'penalty': 'l2'}. Best is trial 1 with value: 1.0.
[I 2026-04-13 13:07:34,695] Trial 11 finished with value: 1.0 and parameters: {'C': 1.6062566172635413, 'penalty': 'l2'}. Best is trial 1 with value: 1.0.
[I 2026-04-13 13:07:34,721] Trial 12 finished with value: 1.0 and parameters: {'C': 1.2874726910568237, 'penalty': 'l2'}. Best is trial 1 with value: 1.0.
[I 2026-04-13 13:07:34,737] Trial 13 finished with value: 1.0 and parameters: {'C': 0.5733701729424704, 'penalty': 'l2'}. Best is trial 1 with value: 1.0.
[I 2026-04-13 13:07:34,753] Trial 14 finished with value: 1.0 and parameters: {'C': 15.120040276017736, 'penalty': 'l2'}. Best is trial 1 with value: 1.0.
[I 2026-04-13 13:07:34,769] Trial 15 finished with value: 1.0 and parameters: {'C': 0.2522645130130629, 'penalty': 'l2'}. Best is trial 1 with value: 1.0.
[I 2026-04-13 13:07:34,789] Trial 16 finished with value: 1.0 and parameters: {'C': 3.7693006462440435, 'penalty': 'l2'}. Best is trial 1 with value: 1.0.
[I 2026-04-13 13:07:34,805] Trial 17 finished with value: 1.0 and parameters: {'C': 63.26611529542456, 'penalty': 'l2'}. Best is trial 1 with value: 1.0.
[I 2026-04-13 13:07:34,831] Trial 18 finished with value: 1.0 and parameters: {'C': 0.06992661290805088, 'penalty': 'l2'}. Best is trial 1 with value: 1.0.
[I 2026-04-13 13:07:34,847] Trial 19 finished with value: 1.0 and parameters: {'C': 0.3569380717309879, 'penalty': 'l2'}. Best is trial 1 with value: 1.0.
[I 2026-04-13 13:07:34,874] Trial 20 finished with value: 1.0 and parameters: {'C': 0.92082403872318, 'penalty': 'l2'}. Best is trial 1 with value: 1.0.
[I 2026-04-13 13:07:34,900] Trial 21 finished with value: 1.0 and parameters: {'C': 0.04320880020332864, 'penalty': 'l2'}. Best is trial 1 with value: 1.0.
[I 2026-04-13 13:07:34,927] Trial 22 finished with value: 1.0 and parameters: {'C': 0.015885560731151382, 'penalty': 'l2'}. Best is trial 1 with value: 1.0.
[I 2026-04-13 13:07:34,954] Trial 23 finished with value: 1.0 and parameters: {'C': 0.12151283190914605, 'penalty': 'l2'}. Best is trial 1 with value: 1.0.
[I 2026-04-13 13:07:34,980] Trial 24 finished with value: 1.0 and parameters: {'C': 3.570264481144129, 'penalty': 'l2'}. Best is trial 1 with value: 1.0.
[I 2026-04-13 13:07:35,006] Trial 25 finished with value: 1.0 and parameters: {'C': 96.69210916643875, 'penalty': 'l2'}. Best is trial 1 with value: 1.0.
[I 2026-04-13 13:07:35,033] Trial 26 finished with value: 1.0 and parameters: {'C': 0.2509920821382993, 'penalty': 'l2'}. Best is trial 1 with value: 1.0.
[I 2026-04-13 13:07:35,059] Trial 27 finished with value: 1.0 and parameters: {'C': 0.0055221381698537094, 'penalty': 'l2'}. Best is trial 1 with value: 1.0.
[I 2026-04-13 13:07:35,086] Trial 28 finished with value: 1.0 and parameters: {'C': 0.03431590980628446, 'penalty': 'l2'}. Best is trial 1 with value: 1.0.
[I 2026-04-13 13:07:35,112] Trial 29 finished with value: 1.0 and parameters: {'C': 0.0017245643781561605, 'penalty': 'l2'}. Best is trial 1 with value: 1.0.
[I 2026-04-13 13:07:35,339] A new study created in memory with name: knn
[I 2026-04-13 13:07:35,352] Trial 0 finished with value: 1.0 and parameters: {'n_neighbors': 3, 'leaf_size': 30, 'p': 1}. Best is trial 0 with value: 1.0.
[I 2026-04-13 13:07:35,365] Trial 1 finished with value: 1.0 and parameters: {'n_neighbors': 4, 'leaf_size': 24, 'p': 1}. Best is trial 0 with value: 1.0.
[I 2026-04-13 13:07:35,378] Trial 2 finished with value: 1.0 and parameters: {'n_neighbors': 3, 'leaf_size': 27, 'p': 2}. Best is trial 0 with value: 1.0.
[I 2026-04-13 13:07:35,391] Trial 3 finished with value: 1.0 and parameters: {'n_neighbors': 10, 'leaf_size': 20, 'p': 1}. Best is trial 0 with value: 1.0.
[I 2026-04-13 13:07:35,404] Trial 4 finished with value: 1.0 and parameters: {'n_neighbors': 10, 'leaf_size': 34, 'p': 2}. Best is trial 0 with value: 1.0.
[I 2026-04-13 13:07:35,417] Trial 5 finished with value: 1.0 and parameters: {'n_neighbors': 6, 'leaf_size': 34, 'p': 1}. Best is trial 0 with value: 1.0.
[I 2026-04-13 13:07:35,430] Trial 6 finished with value: 1.0 and parameters: {'n_neighbors': 10, 'leaf_size': 36, 'p': 1}. Best is trial 0 with value: 1.0.
[I 2026-04-13 13:07:35,442] Trial 7 finished with value: 1.0 and parameters: {'n_neighbors': 7, 'leaf_size': 39, 'p': 2}. Best is trial 0 with value: 1.0.
[I 2026-04-13 13:07:35,455] Trial 8 finished with value: 1.0 and parameters: {'n_neighbors': 10, 'leaf_size': 23, 'p': 2}. Best is trial 0 with value: 1.0.
[I 2026-04-13 13:07:35,478] Trial 9 finished with value: 1.0 and parameters: {'n_neighbors': 10, 'leaf_size': 35, 'p': 2}. Best is trial 0 with value: 1.0.
[I 2026-04-13 13:07:35,508] Trial 10 finished with value: 1.0 and parameters: {'n_neighbors': 5, 'leaf_size': 30, 'p': 1}. Best is trial 0 with value: 1.0.
[I 2026-04-13 13:07:35,529] Trial 11 finished with value: 1.0 and parameters: {'n_neighbors': 3, 'leaf_size': 26, 'p': 1}. Best is trial 0 with value: 1.0.
[I 2026-04-13 13:07:35,550] Trial 12 finished with value: 1.0 and parameters: {'n_neighbors': 4, 'leaf_size': 29, 'p': 1}. Best is trial 0 with value: 1.0.
[I 2026-04-13 13:07:35,573] Trial 13 finished with value: 1.0 and parameters: {'n_neighbors': 5, 'leaf_size': 24, 'p': 1}. Best is trial 0 with value: 1.0.
[I 2026-04-13 13:07:35,594] Trial 14 finished with value: 1.0 and parameters: {'n_neighbors': 8, 'leaf_size': 20, 'p': 1}. Best is trial 0 with value: 1.0.
[I 2026-04-13 13:07:35,619] Trial 15 finished with value: 1.0 and parameters: {'n_neighbors': 4, 'leaf_size': 32, 'p': 1}. Best is trial 0 with value: 1.0.
[I 2026-04-13 13:07:35,643] Trial 16 finished with value: 1.0 and parameters: {'n_neighbors': 4, 'leaf_size': 27, 'p': 1}. Best is trial 0 with value: 1.0.
[I 2026-04-13 13:07:35,681] Trial 17 finished with value: 1.0 and parameters: {'n_neighbors': 3, 'leaf_size': 23, 'p': 1}. Best is trial 0 with value: 1.0.
[I 2026-04-13 13:07:35,713] Trial 18 finished with value: 1.0 and parameters: {'n_neighbors': 5, 'leaf_size': 31, 'p': 1}. Best is trial 0 with value: 1.0.
[I 2026-04-13 13:07:35,734] Trial 19 finished with value: 1.0 and parameters: {'n_neighbors': 6, 'leaf_size': 40, 'p': 1}. Best is trial 0 with value: 1.0.
[I 2026-04-13 13:07:35,759] Trial 20 finished with value: 1.0 and parameters: {'n_neighbors': 8, 'leaf_size': 25, 'p': 1}. Best is trial 0 with value: 1.0.
[I 2026-04-13 13:07:35,784] Trial 21 finished with value: 1.0 and parameters: {'n_neighbors': 3, 'leaf_size': 28, 'p': 2}. Best is trial 0 with value: 1.0.
[I 2026-04-13 13:07:35,809] Trial 22 finished with value: 1.0 and parameters: {'n_neighbors': 3, 'leaf_size': 22, 'p': 2}. Best is trial 0 with value: 1.0.
[I 2026-04-13 13:07:35,839] Trial 23 finished with value: 1.0 and parameters: {'n_neighbors': 4, 'leaf_size': 26, 'p': 2}. Best is trial 0 with value: 1.0.
[I 2026-04-13 13:07:35,864] Trial 24 finished with value: 1.0 and parameters: {'n_neighbors': 3, 'leaf_size': 28, 'p': 2}. Best is trial 0 with value: 1.0.
[I 2026-04-13 13:07:35,889] Trial 25 finished with value: 1.0 and parameters: {'n_neighbors': 4, 'leaf_size': 32, 'p': 2}. Best is trial 0 with value: 1.0.
[I 2026-04-13 13:07:35,913] Trial 26 finished with value: 1.0 and parameters: {'n_neighbors': 5, 'leaf_size': 29, 'p': 2}. Best is trial 0 with value: 1.0.
[I 2026-04-13 13:07:35,938] Trial 27 finished with value: 1.0 and parameters: {'n_neighbors': 3, 'leaf_size': 25, 'p': 1}. Best is trial 0 with value: 1.0.
[I 2026-04-13 13:07:35,962] Trial 28 finished with value: 1.0 and parameters: {'n_neighbors': 4, 'leaf_size': 27, 'p': 2}. Best is trial 0 with value: 1.0.
[I 2026-04-13 13:07:35,986] Trial 29 finished with value: 1.0 and parameters: {'n_neighbors': 6, 'leaf_size': 21, 'p': 1}. Best is trial 0 with value: 1.0.
[I 2026-04-13 13:07:36,021] A new study created in memory with name: xgb
[I 2026-04-13 13:07:36,058] Trial 0 finished with value: 0.95 and parameters: {'n_estimators': 40, 'max_depth': 30, 'gamma': 0.47665736245940726, 'subsample': 0.6240505842067796, 'colsample_bytree': 0.542029825582675}. Best is trial 0 with value: 0.95.
[I 2026-04-13 13:07:36,095] Trial 1 finished with value: 0.9 and parameters: {'n_estimators': 100, 'max_depth': 5, 'gamma': 0.6154838340124683, 'subsample': 0.9490035591125747, 'colsample_bytree': 0.8334494864598183}. Best is trial 0 with value: 0.95.
[I 2026-04-13 13:07:36,132] Trial 2 finished with value: 0.9 and parameters: {'n_estimators': 40, 'max_depth': 20, 'gamma': 0.9464719685739904, 'subsample': 0.9018698850061588, 'colsample_bytree': 0.9916796241121663}. Best is trial 0 with value: 0.95.
[I 2026-04-13 13:07:36,169] Trial 3 finished with value: 0.95 and parameters: {'n_estimators': 100, 'max_depth': 30, 'gamma': 0.26698751824101463, 'subsample': 0.6215578376567042, 'colsample_bytree': 0.9367004215505623}. Best is trial 0 with value: 0.95.
[I 2026-04-13 13:07:36,196] Trial 4 finished with value: 0.9 and parameters: {'n_estimators': 10, 'max_depth': 20, 'gamma': 0.5301766121845122, 'subsample': 0.7177777323831729, 'colsample_bytree': 0.9352041482132656}. Best is trial 0 with value: 0.95.
[I 2026-04-13 13:07:36,234] Trial 5 finished with value: 0.95 and parameters: {'n_estimators': 100, 'max_depth': 5, 'gamma': 0.6742485862456464, 'subsample': 0.7308488312353485, 'colsample_bytree': 0.5265297122426965}. Best is trial 0 with value: 0.95.
[I 2026-04-13 13:07:36,281] Trial 6 finished with value: 0.9 and parameters: {'n_estimators': 100, 'max_depth': 30, 'gamma': 0.5360486096375219, 'subsample': 0.8488681925618888, 'colsample_bytree': 0.900578215847843}. Best is trial 0 with value: 0.95.
[I 2026-04-13 13:07:36,308] Trial 7 finished with value: 0.9 and parameters: {'n_estimators': 40, 'max_depth': 5, 'gamma': 0.4997010655396419, 'subsample': 0.7490698051808964, 'colsample_bytree': 0.7071731623998108}. Best is trial 0 with value: 0.95.
[I 2026-04-13 13:07:36,355] Trial 8 finished with value: 0.9 and parameters: {'n_estimators': 100, 'max_depth': 5, 'gamma': 0.5449029446194361, 'subsample': 0.7150234071055932, 'colsample_bytree': 0.8673829085180849}. Best is trial 0 with value: 0.95.
[I 2026-04-13 13:07:36,393] Trial 9 finished with value: 0.9 and parameters: {'n_estimators': 100, 'max_depth': 30, 'gamma': 0.5427360453562716, 'subsample': 0.5915763668266103, 'colsample_bytree': 0.5546552575823498}. Best is trial 0 with value: 0.95.
[I 2026-04-13 13:07:36,428] Trial 10 finished with value: 0.85 and parameters: {'n_estimators': 40, 'max_depth': 30, 'gamma': 0.14684638844211245, 'subsample': 0.5183047662344111, 'colsample_bytree': 0.6399757283243361}. Best is trial 0 with value: 0.95.
[I 2026-04-13 13:07:36,468] Trial 11 finished with value: 0.95 and parameters: {'n_estimators': 10, 'max_depth': 30, 'gamma': 0.24768543605199356, 'subsample': 0.6196328965677573, 'colsample_bytree': 0.7735548781672992}. Best is trial 0 with value: 0.95.
[I 2026-04-13 13:07:36,508] Trial 12 finished with value: 0.9 and parameters: {'n_estimators': 40, 'max_depth': 30, 'gamma': 0.33003106543330485, 'subsample': 0.6231450744722077, 'colsample_bytree': 0.6312392128296586}. Best is trial 0 with value: 0.95.
[I 2026-04-13 13:07:36,558] Trial 13 finished with value: 0.85 and parameters: {'n_estimators': 40, 'max_depth': 30, 'gamma': 0.31828590626100267, 'subsample': 0.5599588245887153, 'colsample_bytree': 0.774665187620459}. Best is trial 0 with value: 0.95.
[I 2026-04-13 13:07:36,601] Trial 14 finished with value: 0.95 and parameters: {'n_estimators': 10, 'max_depth': 30, 'gamma': 0.39004847035190854, 'subsample': 0.6589163560813598, 'colsample_bytree': 0.6986472395860065}. Best is trial 0 with value: 0.95.
[I 2026-04-13 13:07:36,649] Trial 15 finished with value: 0.9 and parameters: {'n_estimators': 100, 'max_depth': 30, 'gamma': 0.7787359809588429, 'subsample': 0.8240857346997966, 'colsample_bytree': 0.9936707100558857}. Best is trial 0 with value: 0.95.
[I 2026-04-13 13:07:36,693] Trial 16 finished with value: 0.9 and parameters: {'n_estimators': 40, 'max_depth': 20, 'gamma': 0.11978378624798705, 'subsample': 0.6633554810411143, 'colsample_bytree': 0.6088772502228742}. Best is trial 0 with value: 0.95.
[I 2026-04-13 13:07:36,743] Trial 17 finished with value: 0.9 and parameters: {'n_estimators': 100, 'max_depth': 30, 'gamma': 0.40712862163580466, 'subsample': 0.5100641471065421, 'colsample_bytree': 0.8185944369309969}. Best is trial 0 with value: 0.95.
[I 2026-04-13 13:07:36,784] Trial 18 finished with value: 0.95 and parameters: {'n_estimators': 40, 'max_depth': 30, 'gamma': 0.25890821914913226, 'subsample': 0.8011049609727261, 'colsample_bytree': 0.704223183131136}. Best is trial 0 with value: 0.95.
[I 2026-04-13 13:07:36,827] Trial 19 finished with value: 1.0 and parameters: {'n_estimators': 10, 'max_depth': 20, 'gamma': 0.7538313323496028, 'subsample': 0.6693258487345467, 'colsample_bytree': 0.5764998038887195}. Best is trial 19 with value: 1.0.
[I 2026-04-13 13:07:36,865] Trial 20 finished with value: 0.9 and parameters: {'n_estimators': 10, 'max_depth': 20, 'gamma': 0.8337524315834635, 'subsample': 0.6635370098172514, 'colsample_bytree': 0.5053327970139501}. Best is trial 19 with value: 1.0.
[I 2026-04-13 13:07:36,904] Trial 21 finished with value: 0.9 and parameters: {'n_estimators': 10, 'max_depth': 20, 'gamma': 0.6948288875100693, 'subsample': 0.5680307874270185, 'colsample_bytree': 0.5643071452988423}. Best is trial 19 with value: 1.0.
[I 2026-04-13 13:07:36,942] Trial 22 finished with value: 0.9 and parameters: {'n_estimators': 10, 'max_depth': 20, 'gamma': 0.9929098567070604, 'subsample': 0.6889238504497478, 'colsample_bytree': 0.5854183224055067}. Best is trial 19 with value: 1.0.
[I 2026-04-13 13:07:36,981] Trial 23 finished with value: 0.95 and parameters: {'n_estimators': 10, 'max_depth': 20, 'gamma': 0.43977666647045754, 'subsample': 0.6205724348683793, 'colsample_bytree': 0.671212159216059}. Best is trial 19 with value: 1.0.
[I 2026-04-13 13:07:37,020] Trial 24 finished with value: 0.9 and parameters: {'n_estimators': 10, 'max_depth': 30, 'gamma': 0.8125417054785515, 'subsample': 0.7851638125262711, 'colsample_bytree': 0.5310723684693821}. Best is trial 19 with value: 1.0.
[I 2026-04-13 13:07:37,072] Trial 25 finished with value: 0.9 and parameters: {'n_estimators': 100, 'max_depth': 20, 'gamma': 0.6488218008804464, 'subsample': 0.547268524066502, 'colsample_bytree': 0.934258717761903}. Best is trial 19 with value: 1.0.
[I 2026-04-13 13:07:37,117] Trial 26 finished with value: 0.85 and parameters: {'n_estimators': 40, 'max_depth': 30, 'gamma': 0.7464229760675638, 'subsample': 0.6054036219668961, 'colsample_bytree': 0.6096950619706433}. Best is trial 19 with value: 1.0.
[I 2026-04-13 13:07:37,158] Trial 27 finished with value: 1.0 and parameters: {'n_estimators': 10, 'max_depth': 20, 'gamma': 0.8838834212941531, 'subsample': 0.6791294623391374, 'colsample_bytree': 0.7400416587935549}. Best is trial 19 with value: 1.0.
[I 2026-04-13 13:07:37,200] Trial 28 finished with value: 0.9 and parameters: {'n_estimators': 10, 'max_depth': 20, 'gamma': 0.8777414571667367, 'subsample': 0.7605846525430492, 'colsample_bytree': 0.7434013929697516}. Best is trial 19 with value: 1.0.
[I 2026-04-13 13:07:37,234] Trial 29 finished with value: 0.9 and parameters: {'n_estimators': 10, 'max_depth': 20, 'gamma': 0.9051496549276883, 'subsample': 0.9539525485989067, 'colsample_bytree': 0.6670010147263133}. Best is trial 19 with value: 1.0.
[I 2026-04-13 13:07:37,341] A new study created in memory with name: rf
[I 2026-04-13 13:07:37,517] Trial 0 finished with value: 1.0 and parameters: {'n_estimators': 104, 'max_depth': 12, 'min_samples_split': 6, 'min_samples_leaf': 2}. Best is trial 0 with value: 1.0.
[I 2026-04-13 13:07:37,755] Trial 1 finished with value: 1.0 and parameters: {'n_estimators': 156, 'max_depth': 6, 'min_samples_split': 5, 'min_samples_leaf': 3}. Best is trial 0 with value: 1.0.
[I 2026-04-13 13:07:37,913] Trial 2 finished with value: 0.5 and parameters: {'n_estimators': 133, 'max_depth': 9, 'min_samples_split': 3, 'min_samples_leaf': 9}. Best is trial 0 with value: 1.0.
[I 2026-04-13 13:07:38,566] Trial 3 finished with value: 1.0 and parameters: {'n_estimators': 481, 'max_depth': 3, 'min_samples_split': 8, 'min_samples_leaf': 6}. Best is trial 0 with value: 1.0.
[I 2026-04-13 13:07:39,155] Trial 4 finished with value: 0.5 and parameters: {'n_estimators': 460, 'max_depth': 15, 'min_samples_split': 6, 'min_samples_leaf': 8}. Best is trial 0 with value: 1.0.
[I 2026-04-13 13:07:39,553] Trial 5 finished with value: 1.0 and parameters: {'n_estimators': 254, 'max_depth': 15, 'min_samples_split': 9, 'min_samples_leaf': 5}. Best is trial 0 with value: 1.0.
[I 2026-04-13 13:07:40,152] Trial 6 finished with value: 1.0 and parameters: {'n_estimators': 477, 'max_depth': 17, 'min_samples_split': 10, 'min_samples_leaf': 2}. Best is trial 0 with value: 1.0.
[I 2026-04-13 13:07:40,531] Trial 7 finished with value: 0.5 and parameters: {'n_estimators': 308, 'max_depth': 20, 'min_samples_split': 7, 'min_samples_leaf': 9}. Best is trial 0 with value: 1.0.
[I 2026-04-13 13:07:41,121] Trial 8 finished with value: 0.5 and parameters: {'n_estimators': 489, 'max_depth': 6, 'min_samples_split': 4, 'min_samples_leaf': 9}. Best is trial 0 with value: 1.0.
[I 2026-04-13 13:07:41,690] Trial 9 finished with value: 1.0 and parameters: {'n_estimators': 463, 'max_depth': 16, 'min_samples_split': 5, 'min_samples_leaf': 5}. Best is trial 0 with value: 1.0.
[I 2026-04-13 13:07:42,074] Trial 10 finished with value: 1.0 and parameters: {'n_estimators': 233, 'max_depth': 11, 'min_samples_split': 2, 'min_samples_leaf': 1}. Best is trial 0 with value: 1.0.
[I 2026-04-13 13:07:42,246] Trial 11 finished with value: 1.0 and parameters: {'n_estimators': 100, 'max_depth': 8, 'min_samples_split': 6, 'min_samples_leaf': 3}. Best is trial 0 with value: 1.0.
[I 2026-04-13 13:07:42,496] Trial 12 finished with value: 1.0 and parameters: {'n_estimators': 172, 'max_depth': 12, 'min_samples_split': 5, 'min_samples_leaf': 3}. Best is trial 0 with value: 1.0.
[I 2026-04-13 13:07:42,802] Trial 13 finished with value: 1.0 and parameters: {'n_estimators': 194, 'max_depth': 3, 'min_samples_split': 7, 'min_samples_leaf': 3}. Best is trial 0 with value: 1.0.
[I 2026-04-13 13:07:43,258] Trial 14 finished with value: 1.0 and parameters: {'n_estimators': 339, 'max_depth': 12, 'min_samples_split': 4, 'min_samples_leaf': 1}. Best is trial 0 with value: 1.0.
[I 2026-04-13 13:07:43,542] Trial 15 finished with value: 1.0 and parameters: {'n_estimators': 161, 'max_depth': 6, 'min_samples_split': 5, 'min_samples_leaf': 4}. Best is trial 0 with value: 1.0.
[I 2026-04-13 13:07:43,736] Trial 16 finished with value: 0.6 and parameters: {'n_estimators': 104, 'max_depth': 9, 'min_samples_split': 7, 'min_samples_leaf': 7}. Best is trial 0 with value: 1.0.
[I 2026-04-13 13:07:44,161] Trial 17 finished with value: 1.0 and parameters: {'n_estimators': 359, 'max_depth': 5, 'min_samples_split': 2, 'min_samples_leaf': 2}. Best is trial 0 with value: 1.0.
[I 2026-04-13 13:07:44,525] Trial 18 finished with value: 1.0 and parameters: {'n_estimators': 222, 'max_depth': 10, 'min_samples_split': 4, 'min_samples_leaf': 4}. Best is trial 0 with value: 1.0.
[I 2026-04-13 13:07:45,051] Trial 19 finished with value: 1.0 and parameters: {'n_estimators': 405, 'max_depth': 13, 'min_samples_split': 6, 'min_samples_leaf': 2}. Best is trial 0 with value: 1.0.
[I 2026-04-13 13:07:45,292] Trial 20 finished with value: 1.0 and parameters: {'n_estimators': 144, 'max_depth': 8, 'min_samples_split': 8, 'min_samples_leaf': 4}. Best is trial 0 with value: 1.0.
[I 2026-04-13 13:07:45,666] Trial 21 finished with value: 1.0 and parameters: {'n_estimators': 269, 'max_depth': 3, 'min_samples_split': 8, 'min_samples_leaf': 6}. Best is trial 0 with value: 1.0.
[I 2026-04-13 13:07:46,250] Trial 22 finished with value: 1.0 and parameters: {'n_estimators': 415, 'max_depth': 5, 'min_samples_split': 8, 'min_samples_leaf': 6}. Best is trial 0 with value: 1.0.
[I 2026-04-13 13:07:46,513] Trial 23 finished with value: 0.55 and parameters: {'n_estimators': 187, 'max_depth': 3, 'min_samples_split': 10, 'min_samples_leaf': 7}. Best is trial 0 with value: 1.0.
