[I 2026-04-13 12:57:13,562] Trial 7 finished with value: 0.5 and parameters: {'n_estimators': 40, 'max_depth': 30, 'gamma': 0.7149068474388774, 'subsample': 0.5696358027454862, 'colsample_bytree': 0.8514125286992056}. Best is trial 3 with value: 0.6.
[I 2026-04-13 12:57:13,589] Trial 8 finished with value: 0.55 and parameters: {'n_estimators': 100, 'max_depth': 30, 'gamma': 0.2471398756881566, 'subsample': 0.8241126205332553, 'colsample_bytree': 0.6258070715852391}. Best is trial 3 with value: 0.6.
[I 2026-04-13 12:57:13,617] Trial 9 finished with value: 0.55 and parameters: {'n_estimators': 40, 'max_depth': 30, 'gamma': 0.8599846034069103, 'subsample': 0.8019332783535529, 'colsample_bytree': 0.7936068454878676}. Best is trial 3 with value: 0.6.
[I 2026-04-13 12:57:13,657] Trial 10 finished with value: 0.55 and parameters: {'n_estimators': 10, 'max_depth': 5, 'gamma': 0.11132541504315885, 'subsample': 0.6662848793328995, 'colsample_bytree': 0.9668465952220582}. Best is trial 3 with value: 0.6.
[I 2026-04-13 12:57:13,709] Trial 11 finished with value: 0.55 and parameters: {'n_estimators': 10, 'max_depth': 5, 'gamma': 0.6180222197079145, 'subsample': 0.6921174250057663, 'colsample_bytree': 0.8543218312477622}. Best is trial 3 with value: 0.6.
[I 2026-04-13 12:57:13,748] Trial 12 finished with value: 0.55 and parameters: {'n_estimators': 10, 'max_depth': 30, 'gamma': 0.5299926855017165, 'subsample': 0.6887411303961014, 'colsample_bytree': 0.6348539430918777}. Best is trial 3 with value: 0.6.
[I 2026-04-13 12:57:13,785] Trial 13 finished with value: 0.5 and parameters: {'n_estimators': 10, 'max_depth': 20, 'gamma': 0.6622989301989479, 'subsample': 0.8651778699088216, 'colsample_bytree': 0.8194281942628856}. Best is trial 3 with value: 0.6.
[I 2026-04-13 12:57:13,818] Trial 14 finished with value: 0.5 and parameters: {'n_estimators': 10, 'max_depth': 5, 'gamma': 0.4027503029265576, 'subsample': 0.5092555447804211, 'colsample_bytree': 0.5013541727082262}. Best is trial 3 with value: 0.6.
[I 2026-04-13 12:57:13,854] Trial 15 finished with value: 0.55 and parameters: {'n_estimators': 10, 'max_depth': 30, 'gamma': 0.7928662419123443, 'subsample': 0.7318018325670483, 'colsample_bytree': 0.6397107470426071}. Best is trial 3 with value: 0.6.
[I 2026-04-13 12:57:13,904] Trial 16 finished with value: 0.55 and parameters: {'n_estimators': 100, 'max_depth': 20, 'gamma': 0.585422416675301, 'subsample': 0.8787287422282001, 'colsample_bytree': 0.9152789437607889}. Best is trial 3 with value: 0.6.
[I 2026-04-13 12:57:13,943] Trial 17 finished with value: 0.55 and parameters: {'n_estimators': 10, 'max_depth': 30, 'gamma': 0.5002193284020884, 'subsample': 0.6424803711792956, 'colsample_bytree': 0.9933840889987662}. Best is trial 3 with value: 0.6.
[I 2026-04-13 12:57:13,992] Trial 18 finished with value: 0.55 and parameters: {'n_estimators': 10, 'max_depth': 20, 'gamma': 0.3063451570421238, 'subsample': 0.75564025339754, 'colsample_bytree': 0.6735042672265268}. Best is trial 3 with value: 0.6.
[I 2026-04-13 12:57:14,048] Trial 19 finished with value: 0.55 and parameters: {'n_estimators': 100, 'max_depth': 5, 'gamma': 0.8218005641194706, 'subsample': 0.9186714099201665, 'colsample_bytree': 0.7858104741672305}. Best is trial 3 with value: 0.6.
[I 2026-04-13 12:57:14,083] Trial 20 finished with value: 0.45 and parameters: {'n_estimators': 10, 'max_depth': 20, 'gamma': 0.6913482934689129, 'subsample': 0.8229862668501269, 'colsample_bytree': 0.8916959416160944}. Best is trial 3 with value: 0.6.
[I 2026-04-13 12:57:14,108] Trial 21 finished with value: 0.55 and parameters: {'n_estimators': 10, 'max_depth': 20, 'gamma': 0.7690811247027735, 'subsample': 0.766796359608008, 'colsample_bytree': 0.5530309030177585}. Best is trial 3 with value: 0.6.
[I 2026-04-13 12:57:14,153] Trial 22 finished with value: 0.6 and parameters: {'n_estimators': 10, 'max_depth': 20, 'gamma': 0.5893856438261456, 'subsample': 0.7176988280043316, 'colsample_bytree': 0.5516591717675228}. Best is trial 3 with value: 0.6.
[I 2026-04-13 12:57:14,187] Trial 23 finished with value: 0.55 and parameters: {'n_estimators': 10, 'max_depth': 20, 'gamma': 0.5822355818599065, 'subsample': 0.7127390102989436, 'colsample_bytree': 0.5784716422825535}. Best is trial 3 with value: 0.6.
[I 2026-04-13 12:57:14,228] Trial 24 finished with value: 0.6 and parameters: {'n_estimators': 10, 'max_depth': 20, 'gamma': 0.641144243436647, 'subsample': 0.6210464341831002, 'colsample_bytree': 0.5061091089776136}. Best is trial 3 with value: 0.6.
[I 2026-04-13 12:57:14,270] Trial 25 finished with value: 0.55 and parameters: {'n_estimators': 10, 'max_depth': 20, 'gamma': 0.6474849078218615, 'subsample': 0.6175061423626792, 'colsample_bytree': 0.5164138936814711}. Best is trial 3 with value: 0.6.
[I 2026-04-13 12:57:14,310] Trial 26 finished with value: 0.45 and parameters: {'n_estimators': 10, 'max_depth': 20, 'gamma': 0.46138180670278256, 'subsample': 0.5576425131944123, 'colsample_bytree': 0.5320045112154725}. Best is trial 3 with value: 0.6.
[I 2026-04-13 12:57:14,345] Trial 27 finished with value: 0.55 and parameters: {'n_estimators': 10, 'max_depth': 20, 'gamma': 0.6848975099302519, 'subsample': 0.6367173151716972, 'colsample_bytree': 0.5988733875114852}. Best is trial 3 with value: 0.6.
[I 2026-04-13 12:57:14,409] Trial 28 finished with value: 0.65 and parameters: {'n_estimators': 100, 'max_depth': 20, 'gamma': 0.9354768890629872, 'subsample': 0.5275234058613044, 'colsample_bytree': 0.5915609635775555}. Best is trial 28 with value: 0.65.
[I 2026-04-13 12:57:14,458] Trial 29 finished with value: 0.5 and parameters: {'n_estimators': 100, 'max_depth': 20, 'gamma': 0.9633838261167742, 'subsample': 0.9474598730861469, 'colsample_bytree': 0.6923431846788128}. Best is trial 28 with value: 0.65.
[I 2026-04-13 12:57:14,620] A new study created in memory with name: rf
[I 2026-04-13 12:57:15,795] Trial 0 finished with value: 0.5 and parameters: {'n_estimators': 458, 'max_depth': 8, 'min_samples_split': 9, 'min_samples_leaf': 1}. Best is trial 0 with value: 0.5.
[I 2026-04-13 12:57:16,215] Trial 1 finished with value: 0.55 and parameters: {'n_estimators': 143, 'max_depth': 13, 'min_samples_split': 6, 'min_samples_leaf': 5}. Best is trial 1 with value: 0.55.
[I 2026-04-13 12:57:16,643] Trial 2 finished with value: 0.5 and parameters: {'n_estimators': 234, 'max_depth': 14, 'min_samples_split': 5, 'min_samples_leaf': 8}. Best is trial 1 with value: 0.55.
[I 2026-04-13 12:57:17,095] Trial 3 finished with value: 0.5 and parameters: {'n_estimators': 307, 'max_depth': 13, 'min_samples_split': 7, 'min_samples_leaf': 10}. Best is trial 1 with value: 0.55.
[I 2026-04-13 12:57:17,615] Trial 4 finished with value: 0.5 and parameters: {'n_estimators': 428, 'max_depth': 10, 'min_samples_split': 9, 'min_samples_leaf': 9}. Best is trial 1 with value: 0.55.
[I 2026-04-13 12:57:17,802] Trial 5 finished with value: 0.5 and parameters: {'n_estimators': 121, 'max_depth': 15, 'min_samples_split': 9, 'min_samples_leaf': 8}. Best is trial 1 with value: 0.55.
[I 2026-04-13 12:57:18,360] Trial 6 finished with value: 0.5 and parameters: {'n_estimators': 384, 'max_depth': 12, 'min_samples_split': 3, 'min_samples_leaf': 10}. Best is trial 1 with value: 0.55.
[I 2026-04-13 12:57:18,747] Trial 7 finished with value: 0.5 and parameters: {'n_estimators': 261, 'max_depth': 6, 'min_samples_split': 8, 'min_samples_leaf': 10}. Best is trial 1 with value: 0.55.
[I 2026-04-13 12:57:19,045] Trial 8 finished with value: 0.5 and parameters: {'n_estimators': 202, 'max_depth': 15, 'min_samples_split': 7, 'min_samples_leaf': 8}. Best is trial 1 with value: 0.55.
[I 2026-04-13 12:57:19,595] Trial 9 finished with value: 0.6 and parameters: {'n_estimators': 475, 'max_depth': 9, 'min_samples_split': 4, 'min_samples_leaf': 5}. Best is trial 9 with value: 0.6.
[I 2026-04-13 12:57:20,226] Trial 10 finished with value: 0.6 and parameters: {'n_estimators': 499, 'max_depth': 20, 'min_samples_split': 2, 'min_samples_leaf': 4}. Best is trial 9 with value: 0.6.
[I 2026-04-13 12:57:21,339] Trial 11 finished with value: 0.6 and parameters: {'n_estimators': 489, 'max_depth': 20, 'min_samples_split': 2, 'min_samples_leaf': 4}. Best is trial 9 with value: 0.6.
[I 2026-04-13 12:57:21,895] Trial 12 finished with value: 0.6 and parameters: {'n_estimators': 372, 'max_depth': 4, 'min_samples_split': 4, 'min_samples_leaf': 3}. Best is trial 9 with value: 0.6.
[I 2026-04-13 12:57:22,403] Trial 13 finished with value: 0.5 and parameters: {'n_estimators': 406, 'max_depth': 20, 'min_samples_split': 2, 'min_samples_leaf': 6}. Best is trial 9 with value: 0.6.
[I 2026-04-13 12:57:23,069] Trial 14 finished with value: 0.55 and parameters: {'n_estimators': 483, 'max_depth': 17, 'min_samples_split': 4, 'min_samples_leaf': 2}. Best is trial 9 with value: 0.6.
[I 2026-04-13 12:57:23,541] Trial 15 finished with value: 0.5 and parameters: {'n_estimators': 333, 'max_depth': 9, 'min_samples_split': 3, 'min_samples_leaf': 6}. Best is trial 9 with value: 0.6.
[I 2026-04-13 12:57:24,165] Trial 16 finished with value: 0.55 and parameters: {'n_estimators': 498, 'max_depth': 17, 'min_samples_split': 4, 'min_samples_leaf': 4}. Best is trial 9 with value: 0.6.
[I 2026-04-13 12:57:24,824] Trial 17 finished with value: 0.6 and parameters: {'n_estimators': 439, 'max_depth': 3, 'min_samples_split': 2, 'min_samples_leaf': 5}. Best is trial 9 with value: 0.6.
[I 2026-04-13 12:57:25,267] Trial 18 finished with value: 0.55 and parameters: {'n_estimators': 352, 'max_depth': 7, 'min_samples_split': 5, 'min_samples_leaf': 3}. Best is trial 9 with value: 0.6.
[I 2026-04-13 12:57:25,859] Trial 19 finished with value: 0.5 and parameters: {'n_estimators': 448, 'max_depth': 10, 'min_samples_split': 3, 'min_samples_leaf': 7}. Best is trial 9 with value: 0.6.
[I 2026-04-13 12:57:26,344] Trial 20 finished with value: 0.55 and parameters: {'n_estimators': 407, 'max_depth': 5, 'min_samples_split': 5, 'min_samples_leaf': 4}. Best is trial 9 with value: 0.6.
[I 2026-04-13 12:57:27,021] Trial 21 finished with value: 0.55 and parameters: {'n_estimators': 489, 'max_depth': 20, 'min_samples_split': 2, 'min_samples_leaf': 4}. Best is trial 9 with value: 0.6.
[I 2026-04-13 12:57:27,628] Trial 22 finished with value: 0.5 and parameters: {'n_estimators': 463, 'max_depth': 18, 'min_samples_split': 3, 'min_samples_leaf': 3}. Best is trial 9 with value: 0.6.
[I 2026-04-13 12:57:28,281] Trial 23 finished with value: 0.6 and parameters: {'n_estimators': 492, 'max_depth': 18, 'min_samples_split': 2, 'min_samples_leaf': 5}. Best is trial 9 with value: 0.6.
[I 2026-04-13 12:57:28,775] Trial 24 finished with value: 0.5 and parameters: {'n_estimators': 407, 'max_depth': 20, 'min_samples_split': 4, 'min_samples_leaf': 2}. Best is trial 9 with value: 0.6.
[I 2026-04-13 12:57:29,385] Trial 25 finished with value: 0.65 and parameters: {'n_estimators': 471, 'max_depth': 18, 'min_samples_split': 3, 'min_samples_leaf': 6}. Best is trial 25 with value: 0.65.
[I 2026-04-13 12:57:29,964] Trial 26 finished with value: 0.5 and parameters: {'n_estimators': 434, 'max_depth': 18, 'min_samples_split': 3, 'min_samples_leaf': 7}. Best is trial 25 with value: 0.65.
[I 2026-04-13 12:57:30,518] Trial 27 finished with value: 0.55 and parameters: {'n_estimators': 467, 'max_depth': 11, 'min_samples_split': 6, 'min_samples_leaf': 6}. Best is trial 25 with value: 0.65.
[I 2026-04-13 12:57:31,036] Trial 28 finished with value: 0.5 and parameters: {'n_estimators': 318, 'max_depth': 16, 'min_samples_split': 4, 'min_samples_leaf': 7}. Best is trial 25 with value: 0.65.
[I 2026-04-13 12:57:31,622] Trial 29 finished with value: 0.5 and parameters: {'n_estimators': 456, 'max_depth': 9, 'min_samples_split': 5, 'min_samples_leaf': 1}. Best is trial 25 with value: 0.65.
[I 2026-04-13 12:57:32,720] A new study created in memory with name: mlp
[I 2026-04-13 12:57:32,796] Trial 0 finished with value: 0.5 and parameters: {'hidden_layer_sizes': (100,), 'max_iter': 100, 'alpha': 0.0001}. Best is trial 0 with value: 0.5.
[I 2026-04-13 12:57:32,880] Trial 1 finished with value: 0.4 and parameters: {'hidden_layer_sizes': (100, 100), 'max_iter': 100, 'alpha': 0.001}. Best is trial 0 with value: 0.5.
[I 2026-04-13 12:57:32,954] Trial 2 finished with value: 0.45 and parameters: {'hidden_layer_sizes': (200,), 'max_iter': 100, 'alpha': 0.0001}. Best is trial 0 with value: 0.5.
[I 2026-04-13 12:57:32,999] Trial 3 finished with value: 0.5 and parameters: {'hidden_layer_sizes': (200,), 'max_iter': 50, 'alpha': 0.001}. Best is trial 0 with value: 0.5.
[I 2026-04-13 12:57:33,054] Trial 4 finished with value: 0.55 and parameters: {'hidden_layer_sizes': (100, 100), 'max_iter': 50, 'alpha': 0.0001}. Best is trial 4 with value: 0.55.
[I 2026-04-13 12:57:33,134] Trial 5 finished with value: 0.45 and parameters: {'hidden_layer_sizes': (200,), 'max_iter': 100, 'alpha': 0.0001}. Best is trial 4 with value: 0.55.
[I 2026-04-13 12:57:33,198] Trial 6 finished with value: 0.55 and parameters: {'hidden_layer_sizes': (200,), 'max_iter': 100, 'alpha': 0.001}. Best is trial 4 with value: 0.55.
[I 2026-04-13 12:57:33,265] Trial 7 finished with value: 0.5 and parameters: {'hidden_layer_sizes': (100,), 'max_iter': 100, 'alpha': 0.001}. Best is trial 4 with value: 0.55.
[I 2026-04-13 12:57:33,363] Trial 8 finished with value: 0.4 and parameters: {'hidden_layer_sizes': (100, 100), 'max_iter': 100, 'alpha': 0.0001}. Best is trial 4 with value: 0.55.
[I 2026-04-13 12:57:33,437] Trial 9 finished with value: 0.5 and parameters: {'hidden_layer_sizes': (200,), 'max_iter': 100, 'alpha': 0.0001}. Best is trial 4 with value: 0.55.
[I 2026-04-13 12:57:33,503] Trial 10 finished with value: 0.5 and parameters: {'hidden_layer_sizes': (100, 100), 'max_iter': 50, 'alpha': 0.0001}. Best is trial 4 with value: 0.55.
[I 2026-04-13 12:57:33,571] Trial 11 finished with value: 0.45 and parameters: {'hidden_layer_sizes': (100, 100), 'max_iter': 50, 'alpha': 0.001}. Best is trial 4 with value: 0.55.
[I 2026-04-13 12:57:33,618] Trial 12 finished with value: 0.55 and parameters: {'hidden_layer_sizes': (200,), 'max_iter': 50, 'alpha': 0.001}. Best is trial 4 with value: 0.55.
[I 2026-04-13 12:57:33,667] Trial 13 finished with value: 0.5 and parameters: {'hidden_layer_sizes': (100, 100), 'max_iter': 50, 'alpha': 0.001}. Best is trial 4 with value: 0.55.
[I 2026-04-13 12:57:33,707] Trial 14 finished with value: 0.45 and parameters: {'hidden_layer_sizes': (100,), 'max_iter': 50, 'alpha': 0.0001}. Best is trial 4 with value: 0.55.
[I 2026-04-13 12:57:33,758] Trial 15 finished with value: 0.55 and parameters: {'hidden_layer_sizes': (200,), 'max_iter': 50, 'alpha': 0.001}. Best is trial 4 with value: 0.55.
[I 2026-04-13 12:57:33,855] Trial 16 finished with value: 0.45 and parameters: {'hidden_layer_sizes': (100, 100), 'max_iter': 100, 'alpha': 0.001}. Best is trial 4 with value: 0.55.
[I 2026-04-13 12:57:33,914] Trial 17 finished with value: 0.55 and parameters: {'hidden_layer_sizes': (100, 100), 'max_iter': 50, 'alpha': 0.0001}. Best is trial 4 with value: 0.55.
[I 2026-04-13 12:57:33,973] Trial 18 finished with value: 0.55 and parameters: {'hidden_layer_sizes': (200,), 'max_iter': 50, 'alpha': 0.0001}. Best is trial 4 with value: 0.55.
[I 2026-04-13 12:57:34,034] Trial 19 finished with value: 0.5 and parameters: {'hidden_layer_sizes': (100,), 'max_iter': 100, 'alpha': 0.001}. Best is trial 4 with value: 0.55.
[I 2026-04-13 12:57:34,084] Trial 20 finished with value: 0.55 and parameters: {'hidden_layer_sizes': (100, 100), 'max_iter': 50, 'alpha': 0.0001}. Best is trial 4 with value: 0.55.
[I 2026-04-13 12:57:34,132] Trial 21 finished with value: 0.5 and parameters: {'hidden_layer_sizes': (200,), 'max_iter': 50, 'alpha': 0.001}. Best is trial 4 with value: 0.55.
[I 2026-04-13 12:57:34,180] Trial 22 finished with value: 0.55 and parameters: {'hidden_layer_sizes': (200,), 'max_iter': 50, 'alpha': 0.001}. Best is trial 4 with value: 0.55.
[I 2026-04-13 12:57:34,225] Trial 23 finished with value: 0.5 and parameters: {'hidden_layer_sizes': (200,), 'max_iter': 50, 'alpha': 0.001}. Best is trial 4 with value: 0.55.
[I 2026-04-13 12:57:34,282] Trial 24 finished with value: 0.5 and parameters: {'hidden_layer_sizes': (200,), 'max_iter': 50, 'alpha': 0.001}. Best is trial 4 with value: 0.55.
[I 2026-04-13 12:57:34,339] Trial 25 finished with value: 0.55 and parameters: {'hidden_layer_sizes': (200,), 'max_iter': 50, 'alpha': 0.001}. Best is trial 4 with value: 0.55.
[I 2026-04-13 12:57:34,418] Trial 26 finished with value: 0.5 and parameters: {'hidden_layer_sizes': (200,), 'max_iter': 100, 'alpha': 0.001}. Best is trial 4 with value: 0.55.
[I 2026-04-13 12:57:34,466] Trial 27 finished with value: 0.55 and parameters: {'hidden_layer_sizes': (200,), 'max_iter': 50, 'alpha': 0.001}. Best is trial 4 with value: 0.55.
[I 2026-04-13 12:57:34,536] Trial 28 finished with value: 0.55 and parameters: {'hidden_layer_sizes': (100,), 'max_iter': 100, 'alpha': 0.0001}. Best is trial 4 with value: 0.55.
[I 2026-04-13 12:57:34,643] Trial 29 finished with value: 0.4 and parameters: {'hidden_layer_sizes': (100, 100), 'max_iter': 100, 'alpha': 0.0001}. Best is trial 4 with value: 0.55.
[I 2026-04-13 12:57:40,071] A new study created in memory with name: naive_bayes
[I 2026-04-13 12:57:40,094] Trial 0 finished with value: 0.55 and parameters: {'var_smoothing': 6.10548688762798e-09}. Best is trial 0 with value: 0.55.
[I 2026-04-13 12:57:40,107] Trial 1 finished with value: 0.55 and parameters: {'var_smoothing': 4.6127467400935034e-10}. Best is trial 0 with value: 0.55.
[I 2026-04-13 12:57:40,131] Trial 2 finished with value: 0.55 and parameters: {'var_smoothing': 4.389936579400967e-09}. Best is trial 0 with value: 0.55.
[I 2026-04-13 12:57:40,145] Trial 3 finished with value: 0.55 and parameters: {'var_smoothing': 1.2116948204672054e-10}. Best is trial 0 with value: 0.55.
[I 2026-04-13 12:57:40,157] Trial 4 finished with value: 0.55 and parameters: {'var_smoothing': 1.6417739478477417e-10}. Best is trial 0 with value: 0.55.
[I 2026-04-13 12:57:40,171] Trial 5 finished with value: 0.55 and parameters: {'var_smoothing': 1.5491880147236797e-09}. Best is trial 0 with value: 0.55.
[I 2026-04-13 12:57:40,185] Trial 6 finished with value: 0.55 and parameters: {'var_smoothing': 1.1471883405287265e-09}. Best is trial 0 with value: 0.55.
[I 2026-04-13 12:57:40,198] Trial 7 finished with value: 0.55 and parameters: {'var_smoothing': 6.88041853492358e-10}. Best is trial 0 with value: 0.55.
[I 2026-04-13 12:57:40,211] Trial 8 finished with value: 0.55 and parameters: {'var_smoothing': 4.686144741221158e-10}. Best is trial 0 with value: 0.55.
[I 2026-04-13 12:57:40,223] Trial 9 finished with value: 0.55 and parameters: {'var_smoothing': 1.7580809350683337e-09}. Best is trial 0 with value: 0.55.
[I 2026-04-13 12:57:40,250] Trial 10 finished with value: 0.55 and parameters: {'var_smoothing': 9.83902635509218e-09}. Best is trial 0 with value: 0.55.
[I 2026-04-13 12:57:40,267] Trial 11 finished with value: 0.55 and parameters: {'var_smoothing': 2.660399871603373e-10}. Best is trial 0 with value: 0.55.
[I 2026-04-13 12:57:40,290] Trial 12 finished with value: 0.55 and parameters: {'var_smoothing': 9.276268851540963e-09}. Best is trial 0 with value: 0.55.
[I 2026-04-13 12:57:40,311] Trial 13 finished with value: 0.55 and parameters: {'var_smoothing': 2.9844010685221692e-09}. Best is trial 0 with value: 0.55.
[I 2026-04-13 12:57:40,343] Trial 14 finished with value: 0.55 and parameters: {'var_smoothing': 3.8923309717334116e-10}. Best is trial 0 with value: 0.55.
[I 2026-04-13 12:57:40,365] Trial 15 finished with value: 0.55 and parameters: {'var_smoothing': 3.85461066627204e-09}. Best is trial 0 with value: 0.55.
[I 2026-04-13 12:57:40,387] Trial 16 finished with value: 0.55 and parameters: {'var_smoothing': 7.120907275009211e-10}. Best is trial 0 with value: 0.55.
[I 2026-04-13 12:57:40,408] Trial 17 finished with value: 0.55 and parameters: {'var_smoothing': 2.412486610614855e-10}. Best is trial 0 with value: 0.55.
[I 2026-04-13 12:57:40,427] Trial 18 finished with value: 0.55 and parameters: {'var_smoothing': 2.3580860166954074e-09}. Best is trial 0 with value: 0.55.
[I 2026-04-13 12:57:40,444] Trial 19 finished with value: 0.55 and parameters: {'var_smoothing': 5.846846875339535e-09}. Best is trial 0 with value: 0.55.
[I 2026-04-13 12:57:40,465] Trial 20 finished with value: 0.55 and parameters: {'var_smoothing': 1.0486521320383776e-09}. Best is trial 0 with value: 0.55.
[I 2026-04-13 12:57:40,482] Trial 21 finished with value: 0.55 and parameters: {'var_smoothing': 4.9491450263339475e-09}. Best is trial 0 with value: 0.55.
[I 2026-04-13 12:57:40,497] Trial 22 finished with value: 0.55 and parameters: {'var_smoothing': 6.667992141406306e-09}. Best is trial 0 with value: 0.55.
[I 2026-04-13 12:57:40,524] Trial 23 finished with value: 0.55 and parameters: {'var_smoothing': 3.2795712712135213e-09}. Best is trial 0 with value: 0.55.
[I 2026-04-13 12:57:40,550] Trial 24 finished with value: 0.55 and parameters: {'var_smoothing': 6.403538416287158e-10}. Best is trial 0 with value: 0.55.
[I 2026-04-13 12:57:40,569] Trial 25 finished with value: 0.55 and parameters: {'var_smoothing': 2.1589819023851477e-09}. Best is trial 0 with value: 0.55.
[I 2026-04-13 12:57:40,585] Trial 26 finished with value: 0.55 and parameters: {'var_smoothing': 3.912617821024548e-09}. Best is trial 0 with value: 0.55.
[I 2026-04-13 12:57:40,601] Trial 27 finished with value: 0.55 and parameters: {'var_smoothing': 7.162139101012446e-09}. Best is trial 0 with value: 0.55.
[I 2026-04-13 12:57:40,618] Trial 28 finished with value: 0.55 and parameters: {'var_smoothing': 1.3883316815746274e-09}. Best is trial 0 with value: 0.55.
