[I 2026-04-13 12:56:36,671] Trial 22 finished with value: 0.55 and parameters: {'n_estimators': 429, 'max_depth': 5, 'min_samples_split': 7, 'min_samples_leaf': 6}. Best is trial 1 with value: 0.65.
[I 2026-04-13 12:56:37,184] Trial 23 finished with value: 0.65 and parameters: {'n_estimators': 386, 'max_depth': 8, 'min_samples_split': 5, 'min_samples_leaf': 5}. Best is trial 1 with value: 0.65.
[I 2026-04-13 12:56:37,845] Trial 24 finished with value: 0.5 and parameters: {'n_estimators': 422, 'max_depth': 8, 'min_samples_split': 6, 'min_samples_leaf': 7}. Best is trial 1 with value: 0.65.
[I 2026-04-13 12:56:38,385] Trial 25 finished with value: 0.6 and parameters: {'n_estimators': 383, 'max_depth': 10, 'min_samples_split': 3, 'min_samples_leaf': 3}. Best is trial 1 with value: 0.65.
[I 2026-04-13 12:56:39,165] Trial 26 finished with value: 0.5 and parameters: {'n_estimators': 482, 'max_depth': 7, 'min_samples_split': 4, 'min_samples_leaf': 7}. Best is trial 1 with value: 0.65.
[I 2026-04-13 12:56:40,236] Trial 27 finished with value: 0.55 and parameters: {'n_estimators': 456, 'max_depth': 13, 'min_samples_split': 5, 'min_samples_leaf': 4}. Best is trial 1 with value: 0.65.
[I 2026-04-13 12:56:41,193] Trial 28 finished with value: 0.6 and parameters: {'n_estimators': 402, 'max_depth': 9, 'min_samples_split': 6, 'min_samples_leaf': 5}. Best is trial 1 with value: 0.65.
[I 2026-04-13 12:56:42,510] Trial 29 finished with value: 0.55 and parameters: {'n_estimators': 456, 'max_depth': 8, 'min_samples_split': 8, 'min_samples_leaf': 1}. Best is trial 1 with value: 0.65.
[I 2026-04-13 12:56:43,325] A new study created in memory with name: mlp
[I 2026-04-13 12:56:43,436] Trial 0 finished with value: 0.5 and parameters: {'hidden_layer_sizes': (100,), 'max_iter': 100, 'alpha': 0.0001}. Best is trial 0 with value: 0.5.
[I 2026-04-13 12:56:43,571] Trial 1 finished with value: 0.35 and parameters: {'hidden_layer_sizes': (100, 100), 'max_iter': 100, 'alpha': 0.001}. Best is trial 0 with value: 0.5.
[I 2026-04-13 12:56:43,715] Trial 2 finished with value: 0.5 and parameters: {'hidden_layer_sizes': (200,), 'max_iter': 100, 'alpha': 0.0001}. Best is trial 0 with value: 0.5.
[I 2026-04-13 12:56:43,790] Trial 3 finished with value: 0.5 and parameters: {'hidden_layer_sizes': (200,), 'max_iter': 50, 'alpha': 0.001}. Best is trial 0 with value: 0.5.
[I 2026-04-13 12:56:43,884] Trial 4 finished with value: 0.45 and parameters: {'hidden_layer_sizes': (100, 100), 'max_iter': 50, 'alpha': 0.0001}. Best is trial 0 with value: 0.5.
[I 2026-04-13 12:56:43,999] Trial 5 finished with value: 0.45 and parameters: {'hidden_layer_sizes': (200,), 'max_iter': 100, 'alpha': 0.0001}. Best is trial 0 with value: 0.5.
[I 2026-04-13 12:56:44,123] Trial 6 finished with value: 0.5 and parameters: {'hidden_layer_sizes': (200,), 'max_iter': 100, 'alpha': 0.001}. Best is trial 0 with value: 0.5.
[I 2026-04-13 12:56:44,238] Trial 7 finished with value: 0.45 and parameters: {'hidden_layer_sizes': (100,), 'max_iter': 100, 'alpha': 0.001}. Best is trial 0 with value: 0.5.
[I 2026-04-13 12:56:44,351] Trial 8 finished with value: 0.45 and parameters: {'hidden_layer_sizes': (100, 100), 'max_iter': 100, 'alpha': 0.0001}. Best is trial 0 with value: 0.5.
[I 2026-04-13 12:56:44,474] Trial 9 finished with value: 0.45 and parameters: {'hidden_layer_sizes': (200,), 'max_iter': 100, 'alpha': 0.0001}. Best is trial 0 with value: 0.5.
[I 2026-04-13 12:56:44,540] Trial 10 finished with value: 0.5 and parameters: {'hidden_layer_sizes': (100,), 'max_iter': 50, 'alpha': 0.0001}. Best is trial 0 with value: 0.5.
[I 2026-04-13 12:56:44,655] Trial 11 finished with value: 0.5 and parameters: {'hidden_layer_sizes': (100,), 'max_iter': 100, 'alpha': 0.0001}. Best is trial 0 with value: 0.5.
[I 2026-04-13 12:56:44,751] Trial 12 finished with value: 0.5 and parameters: {'hidden_layer_sizes': (100,), 'max_iter': 100, 'alpha': 0.0001}. Best is trial 0 with value: 0.5.
[I 2026-04-13 12:56:44,929] Trial 13 finished with value: 0.5 and parameters: {'hidden_layer_sizes': (200,), 'max_iter': 100, 'alpha': 0.0001}. Best is trial 0 with value: 0.5.
[I 2026-04-13 12:56:44,975] Trial 14 finished with value: 0.45 and parameters: {'hidden_layer_sizes': (100,), 'max_iter': 50, 'alpha': 0.0001}. Best is trial 0 with value: 0.5.
[I 2026-04-13 12:56:45,092] Trial 15 finished with value: 0.5 and parameters: {'hidden_layer_sizes': (200,), 'max_iter': 100, 'alpha': 0.0001}. Best is trial 0 with value: 0.5.
[I 2026-04-13 12:56:45,238] Trial 16 finished with value: 0.5 and parameters: {'hidden_layer_sizes': (100,), 'max_iter': 100, 'alpha': 0.0001}. Best is trial 0 with value: 0.5.
[I 2026-04-13 12:56:45,364] Trial 17 finished with value: 0.5 and parameters: {'hidden_layer_sizes': (100,), 'max_iter': 100, 'alpha': 0.0001}. Best is trial 0 with value: 0.5.
[I 2026-04-13 12:56:45,442] Trial 18 finished with value: 0.45 and parameters: {'hidden_layer_sizes': (200,), 'max_iter': 50, 'alpha': 0.001}. Best is trial 0 with value: 0.5.
[I 2026-04-13 12:56:45,608] Trial 19 finished with value: 0.4 and parameters: {'hidden_layer_sizes': (100, 100), 'max_iter': 100, 'alpha': 0.0001}. Best is trial 0 with value: 0.5.
[I 2026-04-13 12:56:45,703] Trial 20 finished with value: 0.5 and parameters: {'hidden_layer_sizes': (100,), 'max_iter': 100, 'alpha': 0.0001}. Best is trial 0 with value: 0.5.
[I 2026-04-13 12:56:45,768] Trial 21 finished with value: 0.45 and parameters: {'hidden_layer_sizes': (200,), 'max_iter': 50, 'alpha': 0.001}. Best is trial 0 with value: 0.5.
[I 2026-04-13 12:56:45,833] Trial 22 finished with value: 0.45 and parameters: {'hidden_layer_sizes': (200,), 'max_iter': 50, 'alpha': 0.001}. Best is trial 0 with value: 0.5.
[I 2026-04-13 12:56:45,919] Trial 23 finished with value: 0.45 and parameters: {'hidden_layer_sizes': (200,), 'max_iter': 50, 'alpha': 0.001}. Best is trial 0 with value: 0.5.
[I 2026-04-13 12:56:46,015] Trial 24 finished with value: 0.45 and parameters: {'hidden_layer_sizes': (200,), 'max_iter': 50, 'alpha': 0.001}. Best is trial 0 with value: 0.5.
[I 2026-04-13 12:56:46,090] Trial 25 finished with value: 0.45 and parameters: {'hidden_layer_sizes': (200,), 'max_iter': 50, 'alpha': 0.001}. Best is trial 0 with value: 0.5.
[I 2026-04-13 12:56:46,171] Trial 26 finished with value: 0.45 and parameters: {'hidden_layer_sizes': (200,), 'max_iter': 50, 'alpha': 0.001}. Best is trial 0 with value: 0.5.
[I 2026-04-13 12:56:46,287] Trial 27 finished with value: 0.45 and parameters: {'hidden_layer_sizes': (200,), 'max_iter': 100, 'alpha': 0.0001}. Best is trial 0 with value: 0.5.
[I 2026-04-13 12:56:46,333] Trial 28 finished with value: 0.45 and parameters: {'hidden_layer_sizes': (100, 100), 'max_iter': 50, 'alpha': 0.001}. Best is trial 0 with value: 0.5.
[I 2026-04-13 12:56:46,413] Trial 29 finished with value: 0.5 and parameters: {'hidden_layer_sizes': (100,), 'max_iter': 100, 'alpha': 0.001}. Best is trial 0 with value: 0.5.
[I 2026-04-13 12:56:46,637] A new study created in memory with name: naive_bayes
[I 2026-04-13 12:56:46,650] Trial 0 finished with value: 0.65 and parameters: {'var_smoothing': 6.10548688762798e-09}. Best is trial 0 with value: 0.65.
[I 2026-04-13 12:56:46,663] Trial 1 finished with value: 0.65 and parameters: {'var_smoothing': 4.6127467400935034e-10}. Best is trial 0 with value: 0.65.
[I 2026-04-13 12:56:46,678] Trial 2 finished with value: 0.65 and parameters: {'var_smoothing': 4.389936579400967e-09}. Best is trial 0 with value: 0.65.
[I 2026-04-13 12:56:46,691] Trial 3 finished with value: 0.65 and parameters: {'var_smoothing': 1.2116948204672054e-10}. Best is trial 0 with value: 0.65.
[I 2026-04-13 12:56:46,705] Trial 4 finished with value: 0.65 and parameters: {'var_smoothing': 1.6417739478477417e-10}. Best is trial 0 with value: 0.65.
[I 2026-04-13 12:56:46,720] Trial 5 finished with value: 0.65 and parameters: {'var_smoothing': 1.5491880147236797e-09}. Best is trial 0 with value: 0.65.
[I 2026-04-13 12:56:46,735] Trial 6 finished with value: 0.65 and parameters: {'var_smoothing': 1.1471883405287265e-09}. Best is trial 0 with value: 0.65.
[I 2026-04-13 12:56:46,750] Trial 7 finished with value: 0.65 and parameters: {'var_smoothing': 6.88041853492358e-10}. Best is trial 0 with value: 0.65.
[I 2026-04-13 12:56:46,763] Trial 8 finished with value: 0.65 and parameters: {'var_smoothing': 4.686144741221158e-10}. Best is trial 0 with value: 0.65.
[I 2026-04-13 12:56:46,777] Trial 9 finished with value: 0.65 and parameters: {'var_smoothing': 1.7580809350683337e-09}. Best is trial 0 with value: 0.65.
[I 2026-04-13 12:56:46,792] Trial 10 finished with value: 0.65 and parameters: {'var_smoothing': 9.83902635509218e-09}. Best is trial 0 with value: 0.65.
[I 2026-04-13 12:56:46,812] Trial 11 finished with value: 0.65 and parameters: {'var_smoothing': 2.660399871603373e-10}. Best is trial 0 with value: 0.65.
[I 2026-04-13 12:56:46,832] Trial 12 finished with value: 0.65 and parameters: {'var_smoothing': 9.276268851540963e-09}. Best is trial 0 with value: 0.65.
[I 2026-04-13 12:56:46,858] Trial 13 finished with value: 0.65 and parameters: {'var_smoothing': 2.9844010685221692e-09}. Best is trial 0 with value: 0.65.
[I 2026-04-13 12:56:46,873] Trial 14 finished with value: 0.65 and parameters: {'var_smoothing': 3.8923309717334116e-10}. Best is trial 0 with value: 0.65.
[I 2026-04-13 12:56:46,894] Trial 15 finished with value: 0.65 and parameters: {'var_smoothing': 3.85461066627204e-09}. Best is trial 0 with value: 0.65.
[I 2026-04-13 12:56:46,909] Trial 16 finished with value: 0.65 and parameters: {'var_smoothing': 7.120907275009211e-10}. Best is trial 0 with value: 0.65.
[I 2026-04-13 12:56:46,926] Trial 17 finished with value: 0.65 and parameters: {'var_smoothing': 2.412486610614855e-10}. Best is trial 0 with value: 0.65.
[I 2026-04-13 12:56:46,953] Trial 18 finished with value: 0.65 and parameters: {'var_smoothing': 2.3580860166954074e-09}. Best is trial 0 with value: 0.65.
[I 2026-04-13 12:56:46,968] Trial 19 finished with value: 0.65 and parameters: {'var_smoothing': 5.846846875339535e-09}. Best is trial 0 with value: 0.65.
[I 2026-04-13 12:56:46,990] Trial 20 finished with value: 0.65 and parameters: {'var_smoothing': 1.0486521320383776e-09}. Best is trial 0 with value: 0.65.
[I 2026-04-13 12:56:47,007] Trial 21 finished with value: 0.65 and parameters: {'var_smoothing': 4.9491450263339475e-09}. Best is trial 0 with value: 0.65.
[I 2026-04-13 12:56:47,040] Trial 22 finished with value: 0.65 and parameters: {'var_smoothing': 6.667992141406306e-09}. Best is trial 0 with value: 0.65.
[I 2026-04-13 12:56:47,062] Trial 23 finished with value: 0.65 and parameters: {'var_smoothing': 3.2795712712135213e-09}. Best is trial 0 with value: 0.65.
[I 2026-04-13 12:56:47,083] Trial 24 finished with value: 0.65 and parameters: {'var_smoothing': 6.403538416287158e-10}. Best is trial 0 with value: 0.65.
[I 2026-04-13 12:56:47,100] Trial 25 finished with value: 0.65 and parameters: {'var_smoothing': 2.1589819023851477e-09}. Best is trial 0 with value: 0.65.
[I 2026-04-13 12:56:47,133] Trial 26 finished with value: 0.65 and parameters: {'var_smoothing': 3.912617821024548e-09}. Best is trial 0 with value: 0.65.
[I 2026-04-13 12:56:47,148] Trial 27 finished with value: 0.65 and parameters: {'var_smoothing': 7.162139101012446e-09}. Best is trial 0 with value: 0.65.
[I 2026-04-13 12:56:47,165] Trial 28 finished with value: 0.65 and parameters: {'var_smoothing': 1.3883316815746274e-09}. Best is trial 0 with value: 0.65.
[I 2026-04-13 12:56:47,182] Trial 29 finished with value: 0.65 and parameters: {'var_smoothing': 4.1751754503046387e-10}. Best is trial 0 with value: 0.65.
[I 2026-04-13 12:56:47,216] A new study created in memory with name: logreg
[I 2026-04-13 12:56:47,250] Trial 0 finished with value: 0.55 and parameters: {'C': 29.127335430981816, 'penalty': 'l2'}. Best is trial 0 with value: 0.55.
[I 2026-04-13 12:56:47,273] Trial 1 finished with value: 0.55 and parameters: {'C': 0.045698192893558344, 'penalty': 'l2'}. Best is trial 0 with value: 0.55.
[I 2026-04-13 12:56:47,316] Trial 2 finished with value: 0.5 and parameters: {'C': 12.768668597712947, 'penalty': 'l2'}. Best is trial 0 with value: 0.55.
[I 2026-04-13 12:56:47,329] Trial 3 finished with value: 0.6 and parameters: {'C': 0.0016161554408462638, 'penalty': 'l2'}. Best is trial 3 with value: 0.6.
[I 2026-04-13 12:56:47,354] Trial 4 finished with value: 0.6 and parameters: {'C': 0.0034536903703241734, 'penalty': 'l2'}. Best is trial 3 with value: 0.6.
[I 2026-04-13 12:56:47,388] Trial 5 finished with value: 0.45 and parameters: {'C': 0.9446269266990148, 'penalty': 'l2'}. Best is trial 3 with value: 0.6.
[I 2026-04-13 12:56:47,413] Trial 6 finished with value: 0.5 and parameters: {'C': 0.4457453393648168, 'penalty': 'l2'}. Best is trial 3 with value: 0.6.
[I 2026-04-13 12:56:47,439] Trial 7 finished with value: 0.5 and parameters: {'C': 0.12417585037258261, 'penalty': 'l2'}. Best is trial 3 with value: 0.6.
[I 2026-04-13 12:56:47,464] Trial 8 finished with value: 0.5 and parameters: {'C': 0.04753781830244093, 'penalty': 'l2'}. Best is trial 3 with value: 0.6.
[I 2026-04-13 12:56:47,488] Trial 9 finished with value: 0.45 and parameters: {'C': 1.2959766028194148, 'penalty': 'l2'}. Best is trial 3 with value: 0.6.
[I 2026-04-13 12:56:47,519] Trial 10 finished with value: 0.6 and parameters: {'C': 0.0027493237597083523, 'penalty': 'l2'}. Best is trial 3 with value: 0.6.
[I 2026-04-13 12:56:47,551] Trial 11 finished with value: 0.6 and parameters: {'C': 0.001163038906231015, 'penalty': 'l2'}. Best is trial 3 with value: 0.6.
[I 2026-04-13 12:56:47,570] Trial 12 finished with value: 0.6 and parameters: {'C': 0.007783068576282983, 'penalty': 'l2'}. Best is trial 3 with value: 0.6.
[I 2026-04-13 12:56:47,589] Trial 13 finished with value: 0.6 and parameters: {'C': 0.007826977189925246, 'penalty': 'l2'}. Best is trial 3 with value: 0.6.
[I 2026-04-13 12:56:47,617] Trial 14 finished with value: 0.6 and parameters: {'C': 0.006703097597967292, 'penalty': 'l2'}. Best is trial 3 with value: 0.6.
[I 2026-04-13 12:56:47,649] Trial 15 finished with value: 0.6 and parameters: {'C': 0.0014396872245738463, 'penalty': 'l2'}. Best is trial 3 with value: 0.6.
[I 2026-04-13 12:56:47,666] Trial 16 finished with value: 0.65 and parameters: {'C': 0.02174123480745058, 'penalty': 'l2'}. Best is trial 16 with value: 0.65.
[I 2026-04-13 12:56:47,693] Trial 17 finished with value: 0.6 and parameters: {'C': 0.021886004854486468, 'penalty': 'l2'}. Best is trial 16 with value: 0.65.
[I 2026-04-13 12:56:47,714] Trial 18 finished with value: 0.6 and parameters: {'C': 0.022000374972560955, 'penalty': 'l2'}. Best is trial 16 with value: 0.65.
[I 2026-04-13 12:56:47,751] Trial 19 finished with value: 0.5 and parameters: {'C': 3.683226176438572, 'penalty': 'l2'}. Best is trial 16 with value: 0.65.
[I 2026-04-13 12:56:47,769] Trial 20 finished with value: 0.5 and parameters: {'C': 0.051494682735065724, 'penalty': 'l2'}. Best is trial 16 with value: 0.65.
[I 2026-04-13 12:56:47,796] Trial 21 finished with value: 0.6 and parameters: {'C': 0.0036688416448076677, 'penalty': 'l2'}. Best is trial 16 with value: 0.65.
[I 2026-04-13 12:56:47,823] Trial 22 finished with value: 0.6 and parameters: {'C': 0.013851632177543972, 'penalty': 'l2'}. Best is trial 16 with value: 0.65.
[I 2026-04-13 12:56:47,853] Trial 23 finished with value: 0.6 and parameters: {'C': 0.0029232964703686175, 'penalty': 'l2'}. Best is trial 16 with value: 0.65.
[I 2026-04-13 12:56:47,883] Trial 24 finished with value: 0.5 and parameters: {'C': 0.10376479878444198, 'penalty': 'l2'}. Best is trial 16 with value: 0.65.
[I 2026-04-13 12:56:47,911] Trial 25 finished with value: 0.55 and parameters: {'C': 0.0010977088853958044, 'penalty': 'l2'}. Best is trial 16 with value: 0.65.
[I 2026-04-13 12:56:47,937] Trial 26 finished with value: 0.6 and parameters: {'C': 0.003517098919783482, 'penalty': 'l2'}. Best is trial 16 with value: 0.65.
[I 2026-04-13 12:56:47,954] Trial 27 finished with value: 0.6 and parameters: {'C': 0.01514873724426376, 'penalty': 'l2'}. Best is trial 16 with value: 0.65.
[I 2026-04-13 12:56:47,982] Trial 28 finished with value: 0.5 and parameters: {'C': 0.15724605888275267, 'penalty': 'l2'}. Best is trial 16 with value: 0.65.
[I 2026-04-13 12:56:48,040] Trial 29 finished with value: 0.55 and parameters: {'C': 45.75034886101285, 'penalty': 'l2'}. Best is trial 16 with value: 0.65.
[I 2026-04-13 12:56:48,116] A new study created in memory with name: knn
[I 2026-04-13 12:56:48,130] Trial 0 finished with value: 0.55 and parameters: {'n_neighbors': 10, 'leaf_size': 26, 'p': 1}. Best is trial 0 with value: 0.55.
[I 2026-04-13 12:56:48,146] Trial 1 finished with value: 0.65 and parameters: {'n_neighbors': 3, 'leaf_size': 32, 'p': 1}. Best is trial 1 with value: 0.65.
[I 2026-04-13 12:56:48,170] Trial 2 finished with value: 0.55 and parameters: {'n_neighbors': 5, 'leaf_size': 33, 'p': 2}. Best is trial 1 with value: 0.65.
[I 2026-04-13 12:56:48,184] Trial 3 finished with value: 0.6 and parameters: {'n_neighbors': 7, 'leaf_size': 32, 'p': 2}. Best is trial 1 with value: 0.65.
[I 2026-04-13 12:56:48,198] Trial 4 finished with value: 0.5 and parameters: {'n_neighbors': 9, 'leaf_size': 28, 'p': 1}. Best is trial 1 with value: 0.65.
[I 2026-04-13 12:56:48,213] Trial 5 finished with value: 0.65 and parameters: {'n_neighbors': 3, 'leaf_size': 35, 'p': 1}. Best is trial 1 with value: 0.65.
[I 2026-04-13 12:56:48,228] Trial 6 finished with value: 0.6 and parameters: {'n_neighbors': 8, 'leaf_size': 31, 'p': 2}. Best is trial 1 with value: 0.65.
[I 2026-04-13 12:56:48,244] Trial 7 finished with value: 0.45 and parameters: {'n_neighbors': 6, 'leaf_size': 24, 'p': 2}. Best is trial 1 with value: 0.65.
[I 2026-04-13 12:56:48,258] Trial 8 finished with value: 0.55 and parameters: {'n_neighbors': 5, 'leaf_size': 34, 'p': 2}. Best is trial 1 with value: 0.65.
[I 2026-04-13 12:56:48,273] Trial 9 finished with value: 0.55 and parameters: {'n_neighbors': 10, 'leaf_size': 27, 'p': 2}. Best is trial 1 with value: 0.65.
[I 2026-04-13 12:56:48,303] Trial 10 finished with value: 0.65 and parameters: {'n_neighbors': 3, 'leaf_size': 40, 'p': 1}. Best is trial 1 with value: 0.65.
[I 2026-04-13 12:56:48,324] Trial 11 finished with value: 0.65 and parameters: {'n_neighbors': 3, 'leaf_size': 38, 'p': 1}. Best is trial 1 with value: 0.65.
[I 2026-04-13 12:56:48,352] Trial 12 finished with value: 0.6 and parameters: {'n_neighbors': 4, 'leaf_size': 36, 'p': 1}. Best is trial 1 with value: 0.65.
[I 2026-04-13 12:56:48,395] Trial 13 finished with value: 0.65 and parameters: {'n_neighbors': 3, 'leaf_size': 20, 'p': 1}. Best is trial 1 with value: 0.65.
[I 2026-04-13 12:56:48,422] Trial 14 finished with value: 0.6 and parameters: {'n_neighbors': 4, 'leaf_size': 36, 'p': 1}. Best is trial 1 with value: 0.65.
[I 2026-04-13 12:56:48,461] Trial 15 finished with value: 0.55 and parameters: {'n_neighbors': 5, 'leaf_size': 29, 'p': 1}. Best is trial 1 with value: 0.65.
[I 2026-04-13 12:56:48,505] Trial 16 finished with value: 0.6 and parameters: {'n_neighbors': 4, 'leaf_size': 35, 'p': 1}. Best is trial 1 with value: 0.65.
[I 2026-04-13 12:56:48,527] Trial 17 finished with value: 0.5 and parameters: {'n_neighbors': 6, 'leaf_size': 40, 'p': 1}. Best is trial 1 with value: 0.65.
[I 2026-04-13 12:56:48,552] Trial 18 finished with value: 0.6 and parameters: {'n_neighbors': 7, 'leaf_size': 30, 'p': 1}. Best is trial 1 with value: 0.65.
[I 2026-04-13 12:56:48,576] Trial 19 finished with value: 0.65 and parameters: {'n_neighbors': 3, 'leaf_size': 38, 'p': 1}. Best is trial 1 with value: 0.65.
[I 2026-04-13 12:56:48,599] Trial 20 finished with value: 0.6 and parameters: {'n_neighbors': 4, 'leaf_size': 23, 'p': 1}. Best is trial 1 with value: 0.65.
[I 2026-04-13 12:56:48,633] Trial 21 finished with value: 0.65 and parameters: {'n_neighbors': 3, 'leaf_size': 40, 'p': 1}. Best is trial 1 with value: 0.65.
[I 2026-04-13 12:56:48,658] Trial 22 finished with value: 0.65 and parameters: {'n_neighbors': 3, 'leaf_size': 38, 'p': 1}. Best is trial 1 with value: 0.65.
[I 2026-04-13 12:56:48,689] Trial 23 finished with value: 0.6 and parameters: {'n_neighbors': 4, 'leaf_size': 33, 'p': 1}. Best is trial 1 with value: 0.65.
[I 2026-04-13 12:56:48,714] Trial 24 finished with value: 0.55 and parameters: {'n_neighbors': 5, 'leaf_size': 37, 'p': 1}. Best is trial 1 with value: 0.65.
[I 2026-04-13 12:56:48,739] Trial 25 finished with value: 0.65 and parameters: {'n_neighbors': 3, 'leaf_size': 40, 'p': 1}. Best is trial 1 with value: 0.65.
[I 2026-04-13 12:56:48,764] Trial 26 finished with value: 0.6 and parameters: {'n_neighbors': 4, 'leaf_size': 34, 'p': 1}. Best is trial 1 with value: 0.65.
[I 2026-04-13 12:56:48,806] Trial 27 finished with value: 0.65 and parameters: {'n_neighbors': 3, 'leaf_size': 31, 'p': 1}. Best is trial 1 with value: 0.65.
[I 2026-04-13 12:56:48,829] Trial 28 finished with value: 0.5 and parameters: {'n_neighbors': 6, 'leaf_size': 35, 'p': 1}. Best is trial 1 with value: 0.65.
