[I 2026-04-13 12:54:17,953] Trial 15 finished with value: 0.45 and parameters: {'n_estimators': 10, 'max_depth': 30, 'gamma': 0.5549594265687077, 'subsample': 0.5052668285897938, 'colsample_bytree': 0.8923555215479231}. Best is trial 3 with value: 0.45.
[I 2026-04-13 12:54:17,993] Trial 16 finished with value: 0.3 and parameters: {'n_estimators': 10, 'max_depth': 30, 'gamma': 0.8687553145606554, 'subsample': 0.7963656714458072, 'colsample_bytree': 0.6198858180831269}. Best is trial 3 with value: 0.45.
[I 2026-04-13 12:54:18,043] Trial 17 finished with value: 0.4 and parameters: {'n_estimators': 10, 'max_depth': 30, 'gamma': 0.47517382313135087, 'subsample': 0.5657268160445421, 'colsample_bytree': 0.7603783395276386}. Best is trial 3 with value: 0.45.
[I 2026-04-13 12:54:18,080] Trial 18 finished with value: 0.4 and parameters: {'n_estimators': 10, 'max_depth': 20, 'gamma': 0.7108776273568955, 'subsample': 0.6180238314768141, 'colsample_bytree': 0.6990645720625653}. Best is trial 3 with value: 0.45.
[I 2026-04-13 12:54:18,118] Trial 19 finished with value: 0.3 and parameters: {'n_estimators': 40, 'max_depth': 5, 'gamma': 0.8896078232481173, 'subsample': 0.8620221723641104, 'colsample_bytree': 0.9003852468330709}. Best is trial 3 with value: 0.45.
[I 2026-04-13 12:54:18,170] Trial 20 finished with value: 0.35 and parameters: {'n_estimators': 10, 'max_depth': 30, 'gamma': 0.12810557331129335, 'subsample': 0.6506848934560548, 'colsample_bytree': 0.8028954296832974}. Best is trial 3 with value: 0.45.
[I 2026-04-13 12:54:18,217] Trial 21 finished with value: 0.3 and parameters: {'n_estimators': 10, 'max_depth': 30, 'gamma': 0.7789619603478757, 'subsample': 0.5430206667753077, 'colsample_bytree': 0.8560691882906464}. Best is trial 3 with value: 0.45.
[I 2026-04-13 12:54:18,274] Trial 22 finished with value: 0.3 and parameters: {'n_estimators': 10, 'max_depth': 30, 'gamma': 0.8411404499594219, 'subsample': 0.541050476649597, 'colsample_bytree': 0.8512089165661784}. Best is trial 3 with value: 0.45.
[I 2026-04-13 12:54:18,324] Trial 23 finished with value: 0.45 and parameters: {'n_estimators': 10, 'max_depth': 30, 'gamma': 0.9328113378204008, 'subsample': 0.5098922225380763, 'colsample_bytree': 0.9256729150373084}. Best is trial 3 with value: 0.45.
[I 2026-04-13 12:54:18,380] Trial 24 finished with value: 0.4 and parameters: {'n_estimators': 10, 'max_depth': 30, 'gamma': 0.7223719152781745, 'subsample': 0.5785549799929262, 'colsample_bytree': 0.7236816952042269}. Best is trial 3 with value: 0.45.
[I 2026-04-13 12:54:18,421] Trial 25 finished with value: 0.3 and parameters: {'n_estimators': 10, 'max_depth': 30, 'gamma': 0.5882211906920883, 'subsample': 0.6275518844636208, 'colsample_bytree': 0.8331429025669844}. Best is trial 3 with value: 0.45.
[I 2026-04-13 12:54:18,471] Trial 26 finished with value: 0.3 and parameters: {'n_estimators': 10, 'max_depth': 30, 'gamma': 0.7952644619175845, 'subsample': 0.5461542934092696, 'colsample_bytree': 0.7909286844776363}. Best is trial 3 with value: 0.45.
[I 2026-04-13 12:54:18,518] Trial 27 finished with value: 0.4 and parameters: {'n_estimators': 10, 'max_depth': 30, 'gamma': 0.9970930254665594, 'subsample': 0.7234714985191005, 'colsample_bytree': 0.999952372802679}. Best is trial 3 with value: 0.45.
[I 2026-04-13 12:54:18,577] Trial 28 finished with value: 0.3 and parameters: {'n_estimators': 40, 'max_depth': 5, 'gamma': 0.6420576407360337, 'subsample': 0.653307510512956, 'colsample_bytree': 0.7412892875538507}. Best is trial 3 with value: 0.45.
[I 2026-04-13 12:54:18,656] Trial 29 finished with value: 0.3 and parameters: {'n_estimators': 100, 'max_depth': 20, 'gamma': 0.8004180297542249, 'subsample': 0.7604480500098814, 'colsample_bytree': 0.6740022965946426}. Best is trial 3 with value: 0.45.
[I 2026-04-13 12:54:26,359] A new study created in memory with name: rf
[I 2026-04-13 12:54:26,907] Trial 0 finished with value: 0.5 and parameters: {'n_estimators': 189, 'max_depth': 18, 'min_samples_split': 3, 'min_samples_leaf': 10}. Best is trial 0 with value: 0.5.
[I 2026-04-13 12:54:27,726] Trial 1 finished with value: 0.45 and parameters: {'n_estimators': 295, 'max_depth': 14, 'min_samples_split': 8, 'min_samples_leaf': 6}. Best is trial 0 with value: 0.5.
[I 2026-04-13 12:54:28,023] Trial 2 finished with value: 0.5 and parameters: {'n_estimators': 219, 'max_depth': 6, 'min_samples_split': 2, 'min_samples_leaf': 8}. Best is trial 0 with value: 0.5.
[I 2026-04-13 12:54:28,373] Trial 3 finished with value: 0.3 and parameters: {'n_estimators': 276, 'max_depth': 5, 'min_samples_split': 9, 'min_samples_leaf': 3}. Best is trial 0 with value: 0.5.
[I 2026-04-13 12:54:28,752] Trial 4 finished with value: 0.4 and parameters: {'n_estimators': 266, 'max_depth': 8, 'min_samples_split': 7, 'min_samples_leaf': 6}. Best is trial 0 with value: 0.5.
[I 2026-04-13 12:54:29,159] Trial 5 finished with value: 0.3 and parameters: {'n_estimators': 340, 'max_depth': 7, 'min_samples_split': 4, 'min_samples_leaf': 3}. Best is trial 0 with value: 0.5.
[I 2026-04-13 12:54:29,480] Trial 6 finished with value: 0.5 and parameters: {'n_estimators': 231, 'max_depth': 5, 'min_samples_split': 3, 'min_samples_leaf': 10}. Best is trial 0 with value: 0.5.
[I 2026-04-13 12:54:30,081] Trial 7 finished with value: 0.3 and parameters: {'n_estimators': 485, 'max_depth': 6, 'min_samples_split': 2, 'min_samples_leaf': 3}. Best is trial 0 with value: 0.5.
[I 2026-04-13 12:54:30,556] Trial 8 finished with value: 0.4 and parameters: {'n_estimators': 380, 'max_depth': 17, 'min_samples_split': 2, 'min_samples_leaf': 6}. Best is trial 0 with value: 0.5.
[I 2026-04-13 12:54:30,711] Trial 9 finished with value: 0.5 and parameters: {'n_estimators': 100, 'max_depth': 12, 'min_samples_split': 7, 'min_samples_leaf': 10}. Best is trial 0 with value: 0.5.
[I 2026-04-13 12:54:30,910] Trial 10 finished with value: 0.5 and parameters: {'n_estimators': 110, 'max_depth': 20, 'min_samples_split': 5, 'min_samples_leaf': 8}. Best is trial 0 with value: 0.5.
[I 2026-04-13 12:54:31,213] Trial 11 finished with value: 0.5 and parameters: {'n_estimators': 175, 'max_depth': 10, 'min_samples_split': 4, 'min_samples_leaf': 8}. Best is trial 0 with value: 0.5.
[I 2026-04-13 12:54:31,505] Trial 12 finished with value: 0.5 and parameters: {'n_estimators': 184, 'max_depth': 3, 'min_samples_split': 2, 'min_samples_leaf': 8}. Best is trial 0 with value: 0.5.
[I 2026-04-13 12:54:31,808] Trial 13 finished with value: 0.5 and parameters: {'n_estimators': 201, 'max_depth': 15, 'min_samples_split': 5, 'min_samples_leaf': 9}. Best is trial 0 with value: 0.5.
[I 2026-04-13 12:54:32,042] Trial 14 finished with value: 0.3 and parameters: {'n_estimators': 154, 'max_depth': 20, 'min_samples_split': 3, 'min_samples_leaf': 1}. Best is trial 0 with value: 0.5.
[I 2026-04-13 12:54:32,418] Trial 15 finished with value: 0.5 and parameters: {'n_estimators': 235, 'max_depth': 17, 'min_samples_split': 4, 'min_samples_leaf': 9}. Best is trial 0 with value: 0.5.
[I 2026-04-13 12:54:32,961] Trial 16 finished with value: 0.45 and parameters: {'n_estimators': 354, 'max_depth': 10, 'min_samples_split': 10, 'min_samples_leaf': 7}. Best is trial 0 with value: 0.5.
[I 2026-04-13 12:54:33,526] Trial 17 finished with value: 0.5 and parameters: {'n_estimators': 417, 'max_depth': 12, 'min_samples_split': 3, 'min_samples_leaf': 10}. Best is trial 0 with value: 0.5.
[I 2026-04-13 12:54:33,746] Trial 18 finished with value: 0.5 and parameters: {'n_estimators': 135, 'max_depth': 3, 'min_samples_split': 6, 'min_samples_leaf': 9}. Best is trial 0 with value: 0.5.
[I 2026-04-13 12:54:34,084] Trial 19 finished with value: 0.4 and parameters: {'n_estimators': 224, 'max_depth': 9, 'min_samples_split': 5, 'min_samples_leaf': 5}. Best is trial 0 with value: 0.5.
[I 2026-04-13 12:54:34,436] Trial 20 finished with value: 0.5 and parameters: {'n_estimators': 253, 'max_depth': 18, 'min_samples_split': 3, 'min_samples_leaf': 7}. Best is trial 0 with value: 0.5.
[I 2026-04-13 12:54:34,752] Trial 21 finished with value: 0.5 and parameters: {'n_estimators': 214, 'max_depth': 5, 'min_samples_split': 3, 'min_samples_leaf': 10}. Best is trial 0 with value: 0.5.
[I 2026-04-13 12:54:35,190] Trial 22 finished with value: 0.5 and parameters: {'n_estimators': 320, 'max_depth': 5, 'min_samples_split': 2, 'min_samples_leaf': 10}. Best is trial 0 with value: 0.5.
[I 2026-04-13 12:54:35,494] Trial 23 finished with value: 0.5 and parameters: {'n_estimators': 167, 'max_depth': 14, 'min_samples_split': 4, 'min_samples_leaf': 9}. Best is trial 0 with value: 0.5.
[I 2026-04-13 12:54:35,827] Trial 24 finished with value: 0.5 and parameters: {'n_estimators': 241, 'max_depth': 3, 'min_samples_split': 3, 'min_samples_leaf': 8}. Best is trial 0 with value: 0.5.
[I 2026-04-13 12:54:36,098] Trial 25 finished with value: 0.5 and parameters: {'n_estimators': 137, 'max_depth': 7, 'min_samples_split': 2, 'min_samples_leaf': 10}. Best is trial 0 with value: 0.5.
[I 2026-04-13 12:54:36,463] Trial 26 finished with value: 0.45 and parameters: {'n_estimators': 287, 'max_depth': 11, 'min_samples_split': 6, 'min_samples_leaf': 7}. Best is trial 0 with value: 0.5.
[I 2026-04-13 12:54:36,734] Trial 27 finished with value: 0.5 and parameters: {'n_estimators': 201, 'max_depth': 8, 'min_samples_split': 3, 'min_samples_leaf': 9}. Best is trial 0 with value: 0.5.
[I 2026-04-13 12:54:37,015] Trial 28 finished with value: 0.35 and parameters: {'n_estimators': 196, 'max_depth': 4, 'min_samples_split': 4, 'min_samples_leaf': 5}. Best is trial 0 with value: 0.5.
[I 2026-04-13 12:54:37,454] Trial 29 finished with value: 0.5 and parameters: {'n_estimators': 294, 'max_depth': 15, 'min_samples_split': 2, 'min_samples_leaf': 9}. Best is trial 0 with value: 0.5.
[I 2026-04-13 12:54:38,012] A new study created in memory with name: mlp
[I 2026-04-13 12:54:38,049] Trial 0 finished with value: 0.4 and parameters: {'hidden_layer_sizes': (200,), 'max_iter': 50, 'alpha': 0.001}. Best is trial 0 with value: 0.4.
[I 2026-04-13 12:54:38,093] Trial 1 finished with value: 0.4 and parameters: {'hidden_layer_sizes': (100,), 'max_iter': 100, 'alpha': 0.0001}. Best is trial 0 with value: 0.4.
[I 2026-04-13 12:54:38,160] Trial 2 finished with value: 0.4 and parameters: {'hidden_layer_sizes': (100,), 'max_iter': 100, 'alpha': 0.001}. Best is trial 0 with value: 0.4.
[I 2026-04-13 12:54:38,220] Trial 3 finished with value: 0.4 and parameters: {'hidden_layer_sizes': (200,), 'max_iter': 50, 'alpha': 0.001}. Best is trial 0 with value: 0.4.
[I 2026-04-13 12:54:38,295] Trial 4 finished with value: 0.45 and parameters: {'hidden_layer_sizes': (100,), 'max_iter': 100, 'alpha': 0.0001}. Best is trial 4 with value: 0.45.
[I 2026-04-13 12:54:38,368] Trial 5 finished with value: 0.4 and parameters: {'hidden_layer_sizes': (100,), 'max_iter': 100, 'alpha': 0.001}. Best is trial 4 with value: 0.45.
[I 2026-04-13 12:54:38,433] Trial 6 finished with value: 0.4 and parameters: {'hidden_layer_sizes': (200,), 'max_iter': 100, 'alpha': 0.001}. Best is trial 4 with value: 0.45.
[I 2026-04-13 12:54:38,517] Trial 7 finished with value: 0.4 and parameters: {'hidden_layer_sizes': (200,), 'max_iter': 100, 'alpha': 0.001}. Best is trial 4 with value: 0.45.
[I 2026-04-13 12:54:38,582] Trial 8 finished with value: 0.45 and parameters: {'hidden_layer_sizes': (100,), 'max_iter': 100, 'alpha': 0.001}. Best is trial 4 with value: 0.45.
[I 2026-04-13 12:54:38,637] Trial 9 finished with value: 0.45 and parameters: {'hidden_layer_sizes': (100,), 'max_iter': 50, 'alpha': 0.001}. Best is trial 4 with value: 0.45.
[I 2026-04-13 12:54:38,685] Trial 10 finished with value: 0.4 and parameters: {'hidden_layer_sizes': (100, 100), 'max_iter': 50, 'alpha': 0.0001}. Best is trial 4 with value: 0.45.
[I 2026-04-13 12:54:38,753] Trial 11 finished with value: 0.4 and parameters: {'hidden_layer_sizes': (100,), 'max_iter': 100, 'alpha': 0.0001}. Best is trial 4 with value: 0.45.
[I 2026-04-13 12:54:38,832] Trial 12 finished with value: 0.35 and parameters: {'hidden_layer_sizes': (100, 100), 'max_iter': 100, 'alpha': 0.0001}. Best is trial 4 with value: 0.45.
[I 2026-04-13 12:54:38,909] Trial 13 finished with value: 0.4 and parameters: {'hidden_layer_sizes': (100,), 'max_iter': 100, 'alpha': 0.0001}. Best is trial 4 with value: 0.45.
[I 2026-04-13 12:54:38,975] Trial 14 finished with value: 0.4 and parameters: {'hidden_layer_sizes': (100,), 'max_iter': 100, 'alpha': 0.0001}. Best is trial 4 with value: 0.45.
[I 2026-04-13 12:54:39,041] Trial 15 finished with value: 0.45 and parameters: {'hidden_layer_sizes': (100,), 'max_iter': 100, 'alpha': 0.0001}. Best is trial 4 with value: 0.45.
[I 2026-04-13 12:54:39,107] Trial 16 finished with value: 0.4 and parameters: {'hidden_layer_sizes': (100, 100), 'max_iter': 100, 'alpha': 0.0001}. Best is trial 4 with value: 0.45.
[I 2026-04-13 12:54:39,163] Trial 17 finished with value: 0.4 and parameters: {'hidden_layer_sizes': (100,), 'max_iter': 100, 'alpha': 0.001}. Best is trial 4 with value: 0.45.
[I 2026-04-13 12:54:39,221] Trial 18 finished with value: 0.45 and parameters: {'hidden_layer_sizes': (100,), 'max_iter': 50, 'alpha': 0.0001}. Best is trial 4 with value: 0.45.
[I 2026-04-13 12:54:39,318] Trial 19 finished with value: 0.35 and parameters: {'hidden_layer_sizes': (100, 100), 'max_iter': 100, 'alpha': 0.001}. Best is trial 4 with value: 0.45.
[I 2026-04-13 12:54:39,375] Trial 20 finished with value: 0.4 and parameters: {'hidden_layer_sizes': (100,), 'max_iter': 100, 'alpha': 0.001}. Best is trial 4 with value: 0.45.
[I 2026-04-13 12:54:39,422] Trial 21 finished with value: 0.4 and parameters: {'hidden_layer_sizes': (100,), 'max_iter': 50, 'alpha': 0.001}. Best is trial 4 with value: 0.45.
[I 2026-04-13 12:54:39,471] Trial 22 finished with value: 0.4 and parameters: {'hidden_layer_sizes': (100,), 'max_iter': 50, 'alpha': 0.001}. Best is trial 4 with value: 0.45.
[I 2026-04-13 12:54:39,520] Trial 23 finished with value: 0.4 and parameters: {'hidden_layer_sizes': (100,), 'max_iter': 50, 'alpha': 0.001}. Best is trial 4 with value: 0.45.
[I 2026-04-13 12:54:39,557] Trial 24 finished with value: 0.5 and parameters: {'hidden_layer_sizes': (100,), 'max_iter': 50, 'alpha': 0.001}. Best is trial 24 with value: 0.5.
[I 2026-04-13 12:54:39,594] Trial 25 finished with value: 0.4 and parameters: {'hidden_layer_sizes': (100,), 'max_iter': 50, 'alpha': 0.001}. Best is trial 24 with value: 0.5.
[I 2026-04-13 12:54:39,643] Trial 26 finished with value: 0.4 and parameters: {'hidden_layer_sizes': (100,), 'max_iter': 50, 'alpha': 0.0001}. Best is trial 24 with value: 0.5.
[I 2026-04-13 12:54:39,721] Trial 27 finished with value: 0.4 and parameters: {'hidden_layer_sizes': (100,), 'max_iter': 100, 'alpha': 0.001}. Best is trial 24 with value: 0.5.
[I 2026-04-13 12:54:39,778] Trial 28 finished with value: 0.45 and parameters: {'hidden_layer_sizes': (200,), 'max_iter': 50, 'alpha': 0.0001}. Best is trial 24 with value: 0.5.
[I 2026-04-13 12:54:39,830] Trial 29 finished with value: 0.4 and parameters: {'hidden_layer_sizes': (100, 100), 'max_iter': 50, 'alpha': 0.001}. Best is trial 24 with value: 0.5.
[I 2026-04-13 12:54:45,762] A new study created in memory with name: naive_bayes
[I 2026-04-13 12:54:45,776] Trial 0 finished with value: 1.0 and parameters: {'var_smoothing': 2.7796258518939306e-10}. Best is trial 0 with value: 1.0.
[I 2026-04-13 12:54:45,788] Trial 1 finished with value: 1.0 and parameters: {'var_smoothing': 5.513972710118387e-09}. Best is trial 0 with value: 1.0.
[I 2026-04-13 12:54:45,801] Trial 2 finished with value: 1.0 and parameters: {'var_smoothing': 2.590826381512706e-10}. Best is trial 0 with value: 1.0.
[I 2026-04-13 12:54:45,814] Trial 3 finished with value: 1.0 and parameters: {'var_smoothing': 6.874194498027403e-09}. Best is trial 0 with value: 1.0.
[I 2026-04-13 12:54:45,827] Trial 4 finished with value: 1.0 and parameters: {'var_smoothing': 9.480306482679771e-10}. Best is trial 0 with value: 1.0.
[I 2026-04-13 12:54:45,841] Trial 5 finished with value: 1.0 and parameters: {'var_smoothing': 1.6729683536668864e-09}. Best is trial 0 with value: 1.0.
[I 2026-04-13 12:54:45,854] Trial 6 finished with value: 1.0 and parameters: {'var_smoothing': 3.402637726935598e-09}. Best is trial 0 with value: 1.0.
[I 2026-04-13 12:54:45,868] Trial 7 finished with value: 1.0 and parameters: {'var_smoothing': 1.0885189040847657e-09}. Best is trial 0 with value: 1.0.
[I 2026-04-13 12:54:45,882] Trial 8 finished with value: 1.0 and parameters: {'var_smoothing': 3.922843686541149e-10}. Best is trial 0 with value: 1.0.
[I 2026-04-13 12:54:45,896] Trial 9 finished with value: 1.0 and parameters: {'var_smoothing': 2.3737908819373785e-10}. Best is trial 0 with value: 1.0.
[I 2026-04-13 12:54:45,916] Trial 10 finished with value: 1.0 and parameters: {'var_smoothing': 1.005826617097841e-10}. Best is trial 0 with value: 1.0.
[I 2026-04-13 12:54:45,936] Trial 11 finished with value: 1.0 and parameters: {'var_smoothing': 8.246040091550826e-09}. Best is trial 0 with value: 1.0.
[I 2026-04-13 12:54:45,956] Trial 12 finished with value: 1.0 and parameters: {'var_smoothing': 5.714429769091136e-10}. Best is trial 0 with value: 1.0.
[I 2026-04-13 12:54:45,973] Trial 13 finished with value: 1.0 and parameters: {'var_smoothing': 3.0046394488828834e-09}. Best is trial 0 with value: 1.0.
[I 2026-04-13 12:54:45,992] Trial 14 finished with value: 1.0 and parameters: {'var_smoothing': 1.0161521526134228e-10}. Best is trial 0 with value: 1.0.
[I 2026-04-13 12:54:46,012] Trial 15 finished with value: 1.0 and parameters: {'var_smoothing': 3.455011319435438e-09}. Best is trial 0 with value: 1.0.
[I 2026-04-13 12:54:46,028] Trial 16 finished with value: 1.0 and parameters: {'var_smoothing': 2.2038800241203009e-10}. Best is trial 0 with value: 1.0.
[I 2026-04-13 12:54:46,043] Trial 17 finished with value: 1.0 and parameters: {'var_smoothing': 1.8515987176145925e-09}. Best is trial 0 with value: 1.0.
[I 2026-04-13 12:54:46,073] Trial 18 finished with value: 1.0 and parameters: {'var_smoothing': 5.024285700153026e-10}. Best is trial 0 with value: 1.0.
[I 2026-04-13 12:54:46,089] Trial 19 finished with value: 1.0 and parameters: {'var_smoothing': 4.958025424412893e-09}. Best is trial 0 with value: 1.0.
[I 2026-04-13 12:54:46,105] Trial 20 finished with value: 1.0 and parameters: {'var_smoothing': 8.344000526157384e-10}. Best is trial 0 with value: 1.0.
[I 2026-04-13 12:54:46,123] Trial 21 finished with value: 1.0 and parameters: {'var_smoothing': 2.46080689865309e-10}. Best is trial 0 with value: 1.0.
[I 2026-04-13 12:54:46,150] Trial 22 finished with value: 1.0 and parameters: {'var_smoothing': 1.4445108350594728e-10}. Best is trial 0 with value: 1.0.
[I 2026-04-13 12:54:46,166] Trial 23 finished with value: 1.0 and parameters: {'var_smoothing': 3.3715577896606737e-10}. Best is trial 0 with value: 1.0.
[I 2026-04-13 12:54:46,188] Trial 24 finished with value: 1.0 and parameters: {'var_smoothing': 1.572466431855027e-10}. Best is trial 0 with value: 1.0.
[I 2026-04-13 12:54:46,209] Trial 25 finished with value: 1.0 and parameters: {'var_smoothing': 7.281746293576245e-10}. Best is trial 0 with value: 1.0.
[I 2026-04-13 12:54:46,238] Trial 26 finished with value: 1.0 and parameters: {'var_smoothing': 3.386254640873244e-10}. Best is trial 0 with value: 1.0.
[I 2026-04-13 12:54:46,256] Trial 27 finished with value: 1.0 and parameters: {'var_smoothing': 1.3918180959975328e-09}. Best is trial 0 with value: 1.0.
[I 2026-04-13 12:54:46,275] Trial 28 finished with value: 1.0 and parameters: {'var_smoothing': 2.3715836084533434e-09}. Best is trial 0 with value: 1.0.
[I 2026-04-13 12:54:46,293] Trial 29 finished with value: 1.0 and parameters: {'var_smoothing': 9.477075781575649e-09}. Best is trial 0 with value: 1.0.
[I 2026-04-13 12:54:46,330] A new study created in memory with name: logreg
[I 2026-04-13 12:54:46,344] Trial 0 finished with value: 1.0 and parameters: {'C': 0.012881482725481003, 'penalty': 'l2'}. Best is trial 0 with value: 1.0.
[I 2026-04-13 12:54:46,359] Trial 1 finished with value: 1.0 and parameters: {'C': 22.576755560681583, 'penalty': 'l2'}. Best is trial 0 with value: 1.0.
[I 2026-04-13 12:54:46,383] Trial 2 finished with value: 1.0 and parameters: {'C': 0.010804278656839932, 'penalty': 'l2'}. Best is trial 0 with value: 1.0.
[I 2026-04-13 12:54:46,397] Trial 3 finished with value: 1.0 and parameters: {'C': 39.17910760336117, 'penalty': 'l2'}. Best is trial 0 with value: 1.0.
[I 2026-04-13 12:54:46,421] Trial 4 finished with value: 1.0 and parameters: {'C': 0.2767298094062571, 'penalty': 'l2'}. Best is trial 0 with value: 1.0.
[I 2026-04-13 12:54:46,436] Trial 5 finished with value: 1.0 and parameters: {'C': 1.1447728330837224, 'penalty': 'l2'}. Best is trial 0 with value: 1.0.
[I 2026-04-13 12:54:46,449] Trial 6 finished with value: 1.0 and parameters: {'C': 6.753661388238877, 'penalty': 'l2'}. Best is trial 0 with value: 1.0.
[I 2026-04-13 12:54:46,463] Trial 7 finished with value: 1.0 and parameters: {'C': 0.39092184460352974, 'penalty': 'l2'}. Best is trial 0 with value: 1.0.
[I 2026-04-13 12:54:46,476] Trial 8 finished with value: 1.0 and parameters: {'C': 0.03047912590082646, 'penalty': 'l2'}. Best is trial 0 with value: 1.0.
[I 2026-04-13 12:54:46,489] Trial 9 finished with value: 0.95 and parameters: {'C': 0.008681727362499118, 'penalty': 'l2'}. Best is trial 0 with value: 1.0.
[I 2026-04-13 12:54:46,507] Trial 10 finished with value: 0.85 and parameters: {'C': 0.0010146302597657177, 'penalty': 'l2'}. Best is trial 0 with value: 1.0.
[I 2026-04-13 12:54:46,536] Trial 11 finished with value: 1.0 and parameters: {'C': 61.74667908323206, 'penalty': 'l2'}. Best is trial 0 with value: 1.0.
[I 2026-04-13 12:54:46,553] Trial 12 finished with value: 1.0 and parameters: {'C': 0.07806066539229185, 'penalty': 'l2'}. Best is trial 0 with value: 1.0.
