[I 2026-04-13 13:05:22,954] Trial 14 finished with value: 0.55 and parameters: {'var_smoothing': 1.0137193502251743e-10}. Best is trial 0 with value: 0.55.
[I 2026-04-13 13:05:22,971] Trial 15 finished with value: 0.55 and parameters: {'var_smoothing': 7.233291262560306e-09}. Best is trial 0 with value: 0.55.
[I 2026-04-13 13:05:22,989] Trial 16 finished with value: 0.55 and parameters: {'var_smoothing': 5.636880428096003e-10}. Best is trial 0 with value: 0.55.
[I 2026-04-13 13:05:23,009] Trial 17 finished with value: 0.55 and parameters: {'var_smoothing': 1.2682382630515742e-09}. Best is trial 0 with value: 0.55.
[I 2026-04-13 13:05:23,026] Trial 18 finished with value: 0.55 and parameters: {'var_smoothing': 3.934685686653308e-10}. Best is trial 0 with value: 0.55.
[I 2026-04-13 13:05:23,046] Trial 19 finished with value: 0.55 and parameters: {'var_smoothing': 8.419551297505738e-10}. Best is trial 0 with value: 0.55.
[I 2026-04-13 13:05:23,064] Trial 20 finished with value: 0.55 and parameters: {'var_smoothing': 2.608399883647147e-09}. Best is trial 0 with value: 0.55.
[I 2026-04-13 13:05:23,080] Trial 21 finished with value: 0.55 and parameters: {'var_smoothing': 1.1043065925699652e-09}. Best is trial 0 with value: 0.55.
[I 2026-04-13 13:05:23,110] Trial 22 finished with value: 0.55 and parameters: {'var_smoothing': 7.818254747144452e-09}. Best is trial 0 with value: 0.55.
[I 2026-04-13 13:05:23,126] Trial 23 finished with value: 0.55 and parameters: {'var_smoothing': 4.506881416225629e-09}. Best is trial 0 with value: 0.55.
[I 2026-04-13 13:05:23,145] Trial 24 finished with value: 0.55 and parameters: {'var_smoothing': 8.370195589160265e-10}. Best is trial 0 with value: 0.55.
[I 2026-04-13 13:05:23,174] Trial 25 finished with value: 0.55 and parameters: {'var_smoothing': 1.4246564400615985e-09}. Best is trial 0 with value: 0.55.
[I 2026-04-13 13:05:23,194] Trial 26 finished with value: 0.55 and parameters: {'var_smoothing': 1.055993505169999e-10}. Best is trial 0 with value: 0.55.
[I 2026-04-13 13:05:23,211] Trial 27 finished with value: 0.55 and parameters: {'var_smoothing': 2.338070103551991e-09}. Best is trial 0 with value: 0.55.
[I 2026-04-13 13:05:23,226] Trial 28 finished with value: 0.55 and parameters: {'var_smoothing': 2.9749637796955326e-10}. Best is trial 0 with value: 0.55.
[I 2026-04-13 13:05:23,246] Trial 29 finished with value: 0.55 and parameters: {'var_smoothing': 2.1414596138226606e-10}. Best is trial 0 with value: 0.55.
[I 2026-04-13 13:05:23,281] A new study created in memory with name: logreg
[I 2026-04-13 13:05:23,305] Trial 0 finished with value: 0.35 and parameters: {'C': 0.0011268620922535318, 'penalty': 'l2'}. Best is trial 0 with value: 0.35.
[I 2026-04-13 13:05:23,330] Trial 1 finished with value: 0.5 and parameters: {'C': 0.32312678588710475, 'penalty': 'l2'}. Best is trial 1 with value: 0.5.
[I 2026-04-13 13:05:23,356] Trial 2 finished with value: 0.5 and parameters: {'C': 0.3012079745112611, 'penalty': 'l2'}. Best is trial 1 with value: 0.5.
[I 2026-04-13 13:05:23,383] Trial 3 finished with value: 0.4 and parameters: {'C': 0.004668180550042529, 'penalty': 'l2'}. Best is trial 1 with value: 0.5.
[I 2026-04-13 13:05:23,409] Trial 4 finished with value: 0.4 and parameters: {'C': 0.005135177115384908, 'penalty': 'l2'}. Best is trial 1 with value: 0.5.
[I 2026-04-13 13:05:23,435] Trial 5 finished with value: 0.45 and parameters: {'C': 0.01238207351349697, 'penalty': 'l2'}. Best is trial 1 with value: 0.5.
[I 2026-04-13 13:05:23,461] Trial 6 finished with value: 0.5 and parameters: {'C': 0.12374877330306278, 'penalty': 'l2'}. Best is trial 1 with value: 0.5.
[I 2026-04-13 13:05:23,486] Trial 7 finished with value: 0.4 and parameters: {'C': 0.017398261017749217, 'penalty': 'l2'}. Best is trial 1 with value: 0.5.
[I 2026-04-13 13:05:23,498] Trial 8 finished with value: 0.4 and parameters: {'C': 0.002632074973627294, 'penalty': 'l2'}. Best is trial 1 with value: 0.5.
[I 2026-04-13 13:05:23,511] Trial 9 finished with value: 0.5 and parameters: {'C': 0.053394091359671186, 'penalty': 'l2'}. Best is trial 1 with value: 0.5.
[I 2026-04-13 13:05:23,549] Trial 10 finished with value: 0.5 and parameters: {'C': 9.528231497855979, 'penalty': 'l2'}. Best is trial 1 with value: 0.5.
[I 2026-04-13 13:05:23,577] Trial 11 finished with value: 0.55 and parameters: {'C': 1.6062566172635413, 'penalty': 'l2'}. Best is trial 11 with value: 0.55.
[I 2026-04-13 13:05:23,607] Trial 12 finished with value: 0.55 and parameters: {'C': 3.050113693885538, 'penalty': 'l2'}. Best is trial 11 with value: 0.55.
[I 2026-04-13 13:05:23,638] Trial 13 finished with value: 0.5 and parameters: {'C': 4.775702125267867, 'penalty': 'l2'}. Best is trial 11 with value: 0.55.
[I 2026-04-13 13:05:23,666] Trial 14 finished with value: 0.55 and parameters: {'C': 1.769860924179389, 'penalty': 'l2'}. Best is trial 11 with value: 0.55.
[I 2026-04-13 13:05:23,708] Trial 15 finished with value: 0.45 and parameters: {'C': 76.43792792382692, 'penalty': 'l2'}. Best is trial 11 with value: 0.55.
[I 2026-04-13 13:05:23,740] Trial 16 finished with value: 0.45 and parameters: {'C': 37.332317419001505, 'penalty': 'l2'}. Best is trial 11 with value: 0.55.
[I 2026-04-13 13:05:23,772] Trial 17 finished with value: 0.55 and parameters: {'C': 1.6503548694629973, 'penalty': 'l2'}. Best is trial 11 with value: 0.55.
[I 2026-04-13 13:05:23,804] Trial 18 finished with value: 0.5 and parameters: {'C': 10.912312946709408, 'penalty': 'l2'}. Best is trial 11 with value: 0.55.
[I 2026-04-13 13:05:23,832] Trial 19 finished with value: 0.55 and parameters: {'C': 1.3406362475733236, 'penalty': 'l2'}. Best is trial 11 with value: 0.55.
[I 2026-04-13 13:05:23,859] Trial 20 finished with value: 0.5 and parameters: {'C': 0.5035592252543855, 'penalty': 'l2'}. Best is trial 11 with value: 0.55.
[I 2026-04-13 13:05:23,888] Trial 21 finished with value: 0.55 and parameters: {'C': 2.141135184694594, 'penalty': 'l2'}. Best is trial 11 with value: 0.55.
[I 2026-04-13 13:05:23,929] Trial 22 finished with value: 0.45 and parameters: {'C': 18.963883836478967, 'penalty': 'l2'}. Best is trial 11 with value: 0.55.
[I 2026-04-13 13:05:23,959] Trial 23 finished with value: 0.5 and parameters: {'C': 4.171092217726062, 'penalty': 'l2'}. Best is trial 11 with value: 0.55.
[I 2026-04-13 13:05:23,986] Trial 24 finished with value: 0.6 and parameters: {'C': 0.7765984902275394, 'penalty': 'l2'}. Best is trial 24 with value: 0.6.
[I 2026-04-13 13:05:24,014] Trial 25 finished with value: 0.55 and parameters: {'C': 0.5438761660564645, 'penalty': 'l2'}. Best is trial 24 with value: 0.6.
[I 2026-04-13 13:05:24,043] Trial 26 finished with value: 0.5 and parameters: {'C': 0.12588112999826256, 'penalty': 'l2'}. Best is trial 24 with value: 0.6.
[I 2026-04-13 13:05:24,073] Trial 27 finished with value: 0.6 and parameters: {'C': 0.7932674537073202, 'penalty': 'l2'}. Best is trial 24 with value: 0.6.
[I 2026-04-13 13:05:24,103] Trial 28 finished with value: 0.6 and parameters: {'C': 0.7567510811335119, 'penalty': 'l2'}. Best is trial 24 with value: 0.6.
[I 2026-04-13 13:05:24,132] Trial 29 finished with value: 0.5 and parameters: {'C': 0.07738677678139869, 'penalty': 'l2'}. Best is trial 24 with value: 0.6.
[I 2026-04-13 13:05:24,176] A new study created in memory with name: knn
[I 2026-04-13 13:05:24,191] Trial 0 finished with value: 0.45 and parameters: {'n_neighbors': 3, 'leaf_size': 30, 'p': 1}. Best is trial 0 with value: 0.45.
[I 2026-04-13 13:05:24,204] Trial 1 finished with value: 0.35 and parameters: {'n_neighbors': 4, 'leaf_size': 24, 'p': 1}. Best is trial 0 with value: 0.45.
[I 2026-04-13 13:05:24,218] Trial 2 finished with value: 0.45 and parameters: {'n_neighbors': 3, 'leaf_size': 27, 'p': 2}. Best is trial 0 with value: 0.45.
[I 2026-04-13 13:05:24,231] Trial 3 finished with value: 0.45 and parameters: {'n_neighbors': 10, 'leaf_size': 20, 'p': 1}. Best is trial 0 with value: 0.45.
[I 2026-04-13 13:05:24,244] Trial 4 finished with value: 0.45 and parameters: {'n_neighbors': 10, 'leaf_size': 34, 'p': 2}. Best is trial 0 with value: 0.45.
[I 2026-04-13 13:05:24,256] Trial 5 finished with value: 0.25 and parameters: {'n_neighbors': 6, 'leaf_size': 34, 'p': 1}. Best is trial 0 with value: 0.45.
[I 2026-04-13 13:05:24,269] Trial 6 finished with value: 0.45 and parameters: {'n_neighbors': 10, 'leaf_size': 36, 'p': 1}. Best is trial 0 with value: 0.45.
[I 2026-04-13 13:05:24,282] Trial 7 finished with value: 0.45 and parameters: {'n_neighbors': 7, 'leaf_size': 39, 'p': 2}. Best is trial 0 with value: 0.45.
[I 2026-04-13 13:05:24,297] Trial 8 finished with value: 0.45 and parameters: {'n_neighbors': 10, 'leaf_size': 23, 'p': 2}. Best is trial 0 with value: 0.45.
[I 2026-04-13 13:05:24,312] Trial 9 finished with value: 0.45 and parameters: {'n_neighbors': 10, 'leaf_size': 35, 'p': 2}. Best is trial 0 with value: 0.45.
[I 2026-04-13 13:05:24,336] Trial 10 finished with value: 0.35 and parameters: {'n_neighbors': 5, 'leaf_size': 30, 'p': 1}. Best is trial 0 with value: 0.45.
[I 2026-04-13 13:05:24,360] Trial 11 finished with value: 0.45 and parameters: {'n_neighbors': 3, 'leaf_size': 28, 'p': 2}. Best is trial 0 with value: 0.45.
[I 2026-04-13 13:05:24,383] Trial 12 finished with value: 0.45 and parameters: {'n_neighbors': 3, 'leaf_size': 28, 'p': 2}. Best is trial 0 with value: 0.45.
[I 2026-04-13 13:05:24,404] Trial 13 finished with value: 0.35 and parameters: {'n_neighbors': 4, 'leaf_size': 26, 'p': 1}. Best is trial 0 with value: 0.45.
[I 2026-04-13 13:05:24,430] Trial 14 finished with value: 0.45 and parameters: {'n_neighbors': 8, 'leaf_size': 30, 'p': 1}. Best is trial 0 with value: 0.45.
[I 2026-04-13 13:05:24,453] Trial 15 finished with value: 0.35 and parameters: {'n_neighbors': 5, 'leaf_size': 31, 'p': 2}. Best is trial 0 with value: 0.45.
[I 2026-04-13 13:05:24,475] Trial 16 finished with value: 0.45 and parameters: {'n_neighbors': 3, 'leaf_size': 25, 'p': 1}. Best is trial 0 with value: 0.45.
[I 2026-04-13 13:05:24,500] Trial 17 finished with value: 0.35 and parameters: {'n_neighbors': 4, 'leaf_size': 20, 'p': 2}. Best is trial 0 with value: 0.45.
[I 2026-04-13 13:05:24,526] Trial 18 finished with value: 0.45 and parameters: {'n_neighbors': 8, 'leaf_size': 32, 'p': 1}. Best is trial 0 with value: 0.45.
[I 2026-04-13 13:05:24,549] Trial 19 finished with value: 0.35 and parameters: {'n_neighbors': 5, 'leaf_size': 40, 'p': 2}. Best is trial 0 with value: 0.45.
[I 2026-04-13 13:05:24,573] Trial 20 finished with value: 0.25 and parameters: {'n_neighbors': 6, 'leaf_size': 27, 'p': 2}. Best is trial 0 with value: 0.45.
[I 2026-04-13 13:05:24,595] Trial 21 finished with value: 0.45 and parameters: {'n_neighbors': 8, 'leaf_size': 20, 'p': 1}. Best is trial 0 with value: 0.45.
[I 2026-04-13 13:05:24,628] Trial 22 finished with value: 0.45 and parameters: {'n_neighbors': 9, 'leaf_size': 23, 'p': 1}. Best is trial 0 with value: 0.45.
[I 2026-04-13 13:05:24,648] Trial 23 finished with value: 0.45 and parameters: {'n_neighbors': 7, 'leaf_size': 22, 'p': 1}. Best is trial 0 with value: 0.45.
[I 2026-04-13 13:05:24,674] Trial 24 finished with value: 0.35 and parameters: {'n_neighbors': 4, 'leaf_size': 32, 'p': 1}. Best is trial 0 with value: 0.45.
[I 2026-04-13 13:05:24,695] Trial 25 finished with value: 0.45 and parameters: {'n_neighbors': 3, 'leaf_size': 28, 'p': 1}. Best is trial 0 with value: 0.45.
[I 2026-04-13 13:05:24,716] Trial 26 finished with value: 0.45 and parameters: {'n_neighbors': 9, 'leaf_size': 22, 'p': 1}. Best is trial 0 with value: 0.45.
[I 2026-04-13 13:05:24,748] Trial 27 finished with value: 0.35 and parameters: {'n_neighbors': 5, 'leaf_size': 26, 'p': 1}. Best is trial 0 with value: 0.45.
[I 2026-04-13 13:05:24,770] Trial 28 finished with value: 0.25 and parameters: {'n_neighbors': 6, 'leaf_size': 37, 'p': 2}. Best is trial 0 with value: 0.45.
[I 2026-04-13 13:05:24,810] Trial 29 finished with value: 0.35 and parameters: {'n_neighbors': 4, 'leaf_size': 24, 'p': 1}. Best is trial 0 with value: 0.45.
[I 2026-04-13 13:05:24,850] A new study created in memory with name: xgb
[I 2026-04-13 13:05:24,878] Trial 0 finished with value: 0.45 and parameters: {'n_estimators': 40, 'max_depth': 30, 'gamma': 0.47665736245940726, 'subsample': 0.6240505842067796, 'colsample_bytree': 0.542029825582675}. Best is trial 0 with value: 0.45.
[I 2026-04-13 13:05:24,928] Trial 1 finished with value: 0.45 and parameters: {'n_estimators': 100, 'max_depth': 5, 'gamma': 0.6154838340124683, 'subsample': 0.9490035591125747, 'colsample_bytree': 0.8334494864598183}. Best is trial 0 with value: 0.45.
[I 2026-04-13 13:05:24,967] Trial 2 finished with value: 0.45 and parameters: {'n_estimators': 40, 'max_depth': 20, 'gamma': 0.9464719685739904, 'subsample': 0.9018698850061588, 'colsample_bytree': 0.9916796241121663}. Best is trial 0 with value: 0.45.
[I 2026-04-13 13:05:25,007] Trial 3 finished with value: 0.4 and parameters: {'n_estimators': 100, 'max_depth': 30, 'gamma': 0.26698751824101463, 'subsample': 0.6215578376567042, 'colsample_bytree': 0.9367004215505623}. Best is trial 0 with value: 0.45.
[I 2026-04-13 13:05:25,048] Trial 4 finished with value: 0.35 and parameters: {'n_estimators': 10, 'max_depth': 20, 'gamma': 0.5301766121845122, 'subsample': 0.7177777323831729, 'colsample_bytree': 0.9352041482132656}. Best is trial 0 with value: 0.45.
[I 2026-04-13 13:05:25,104] Trial 5 finished with value: 0.4 and parameters: {'n_estimators': 100, 'max_depth': 5, 'gamma': 0.6742485862456464, 'subsample': 0.7308488312353485, 'colsample_bytree': 0.5265297122426965}. Best is trial 0 with value: 0.45.
[I 2026-04-13 13:05:25,141] Trial 6 finished with value: 0.4 and parameters: {'n_estimators': 100, 'max_depth': 30, 'gamma': 0.5360486096375219, 'subsample': 0.8488681925618888, 'colsample_bytree': 0.900578215847843}. Best is trial 0 with value: 0.45.
[I 2026-04-13 13:05:25,168] Trial 7 finished with value: 0.4 and parameters: {'n_estimators': 40, 'max_depth': 5, 'gamma': 0.4997010655396419, 'subsample': 0.7490698051808964, 'colsample_bytree': 0.7071731623998108}. Best is trial 0 with value: 0.45.
[I 2026-04-13 13:05:25,214] Trial 8 finished with value: 0.45 and parameters: {'n_estimators': 100, 'max_depth': 5, 'gamma': 0.5449029446194361, 'subsample': 0.7150234071055932, 'colsample_bytree': 0.8673829085180849}. Best is trial 0 with value: 0.45.
[I 2026-04-13 13:05:25,252] Trial 9 finished with value: 0.45 and parameters: {'n_estimators': 100, 'max_depth': 30, 'gamma': 0.5427360453562716, 'subsample': 0.5915763668266103, 'colsample_bytree': 0.5546552575823498}. Best is trial 0 with value: 0.45.
[I 2026-04-13 13:05:25,299] Trial 10 finished with value: 0.4 and parameters: {'n_estimators': 40, 'max_depth': 30, 'gamma': 0.14684638844211245, 'subsample': 0.5183047662344111, 'colsample_bytree': 0.6399757283243361}. Best is trial 0 with value: 0.45.
[I 2026-04-13 13:05:25,337] Trial 11 finished with value: 0.4 and parameters: {'n_estimators': 10, 'max_depth': 5, 'gamma': 0.7404734538708532, 'subsample': 0.9683640491533567, 'colsample_bytree': 0.791290368973991}. Best is trial 0 with value: 0.45.
[I 2026-04-13 13:05:25,388] Trial 12 finished with value: 0.4 and parameters: {'n_estimators': 40, 'max_depth': 30, 'gamma': 0.33003106543330485, 'subsample': 0.837351019418467, 'colsample_bytree': 0.8016486854551674}. Best is trial 0 with value: 0.45.
[I 2026-04-13 13:05:25,437] Trial 13 finished with value: 0.4 and parameters: {'n_estimators': 40, 'max_depth': 5, 'gamma': 0.7493472740896592, 'subsample': 0.6284003687490249, 'colsample_bytree': 0.6619906998059255}. Best is trial 0 with value: 0.45.
[I 2026-04-13 13:05:25,476] Trial 14 finished with value: 0.4 and parameters: {'n_estimators': 10, 'max_depth': 20, 'gamma': 0.3809802685803019, 'subsample': 0.9899457651138078, 'colsample_bytree': 0.5959354756466476}. Best is trial 0 with value: 0.45.
[I 2026-04-13 13:05:25,524] Trial 15 finished with value: 0.4 and parameters: {'n_estimators': 100, 'max_depth': 30, 'gamma': 0.9943112714517324, 'subsample': 0.8200359995329215, 'colsample_bytree': 0.7284824247049743}. Best is trial 0 with value: 0.45.
[I 2026-04-13 13:05:25,561] Trial 16 finished with value: 0.5 and parameters: {'n_estimators': 40, 'max_depth': 5, 'gamma': 0.6648730456079014, 'subsample': 0.5265430700079919, 'colsample_bytree': 0.8225676920784882}. Best is trial 16 with value: 0.5.
[I 2026-04-13 13:05:25,601] Trial 17 finished with value: 0.5 and parameters: {'n_estimators': 40, 'max_depth': 5, 'gamma': 0.8421102371362688, 'subsample': 0.5046539110692374, 'colsample_bytree': 0.5068086515296648}. Best is trial 16 with value: 0.5.
[I 2026-04-13 13:05:25,642] Trial 18 finished with value: 0.4 and parameters: {'n_estimators': 40, 'max_depth': 5, 'gamma': 0.8633537339254032, 'subsample': 0.5314119637004922, 'colsample_bytree': 0.7785897373084198}. Best is trial 16 with value: 0.5.
[I 2026-04-13 13:05:25,681] Trial 19 finished with value: 0.4 and parameters: {'n_estimators': 40, 'max_depth': 5, 'gamma': 0.8497484290932665, 'subsample': 0.5016016128420788, 'colsample_bytree': 0.6472821833482088}. Best is trial 16 with value: 0.5.
[I 2026-04-13 13:05:25,721] Trial 20 finished with value: 0.4 and parameters: {'n_estimators': 40, 'max_depth': 5, 'gamma': 0.8281208370818203, 'subsample': 0.5644344993135214, 'colsample_bytree': 0.6946912559493049}. Best is trial 16 with value: 0.5.
[I 2026-04-13 13:05:25,761] Trial 21 finished with value: 0.35 and parameters: {'n_estimators': 40, 'max_depth': 5, 'gamma': 0.6777589952915754, 'subsample': 0.6676361766221781, 'colsample_bytree': 0.5082940276845914}. Best is trial 16 with value: 0.5.
[I 2026-04-13 13:05:25,804] Trial 22 finished with value: 0.4 and parameters: {'n_estimators': 40, 'max_depth': 30, 'gamma': 0.7673963708641038, 'subsample': 0.5564276010004536, 'colsample_bytree': 0.5847053825518645}. Best is trial 16 with value: 0.5.
[I 2026-04-13 13:05:25,858] Trial 23 finished with value: 0.3 and parameters: {'n_estimators': 40, 'max_depth': 20, 'gamma': 0.4192326662590322, 'subsample': 0.6620921249692084, 'colsample_bytree': 0.5817576751338497}. Best is trial 16 with value: 0.5.
[I 2026-04-13 13:05:25,899] Trial 24 finished with value: 0.4 and parameters: {'n_estimators': 40, 'max_depth': 5, 'gamma': 0.6385356834360825, 'subsample': 0.5835006002266392, 'colsample_bytree': 0.5069069453436845}. Best is trial 16 with value: 0.5.
[I 2026-04-13 13:05:25,948] Trial 25 finished with value: 0.45 and parameters: {'n_estimators': 40, 'max_depth': 30, 'gamma': 0.4663766948912322, 'subsample': 0.5444022522865947, 'colsample_bytree': 0.7517835178681788}. Best is trial 16 with value: 0.5.
[I 2026-04-13 13:05:25,991] Trial 26 finished with value: 0.45 and parameters: {'n_estimators': 10, 'max_depth': 5, 'gamma': 0.9168311334190997, 'subsample': 0.6088724283507743, 'colsample_bytree': 0.5515768077880011}. Best is trial 16 with value: 0.5.
[I 2026-04-13 13:05:26,029] Trial 27 finished with value: 0.35 and parameters: {'n_estimators': 40, 'max_depth': 5, 'gamma': 0.6069653032580499, 'subsample': 0.6464529573314345, 'colsample_bytree': 0.6186608550445375}. Best is trial 16 with value: 0.5.
[I 2026-04-13 13:05:26,079] Trial 28 finished with value: 0.4 and parameters: {'n_estimators': 40, 'max_depth': 20, 'gamma': 0.23071656323573841, 'subsample': 0.5012122533223341, 'colsample_bytree': 0.8412720598586653}. Best is trial 16 with value: 0.5.
[I 2026-04-13 13:05:26,134] Trial 29 finished with value: 0.35 and parameters: {'n_estimators': 40, 'max_depth': 30, 'gamma': 0.6135114381792834, 'subsample': 0.6892710113302492, 'colsample_bytree': 0.5564865322019173}. Best is trial 16 with value: 0.5.
[I 2026-04-13 13:05:26,316] A new study created in memory with name: rf
[I 2026-04-13 13:05:26,466] Trial 0 finished with value: 0.55 and parameters: {'n_estimators': 104, 'max_depth': 12, 'min_samples_split': 6, 'min_samples_leaf': 2}. Best is trial 0 with value: 0.55.
[I 2026-04-13 13:05:26,726] Trial 1 finished with value: 0.4 and parameters: {'n_estimators': 156, 'max_depth': 6, 'min_samples_split': 5, 'min_samples_leaf': 3}. Best is trial 0 with value: 0.55.
[I 2026-04-13 13:05:26,876] Trial 2 finished with value: 0.5 and parameters: {'n_estimators': 133, 'max_depth': 9, 'min_samples_split': 3, 'min_samples_leaf': 9}. Best is trial 0 with value: 0.55.
[I 2026-04-13 13:05:27,479] Trial 3 finished with value: 0.35 and parameters: {'n_estimators': 481, 'max_depth': 3, 'min_samples_split': 8, 'min_samples_leaf': 6}. Best is trial 0 with value: 0.55.
[I 2026-04-13 13:05:28,092] Trial 4 finished with value: 0.5 and parameters: {'n_estimators': 460, 'max_depth': 15, 'min_samples_split': 6, 'min_samples_leaf': 8}. Best is trial 0 with value: 0.55.
[I 2026-04-13 13:05:28,433] Trial 5 finished with value: 0.4 and parameters: {'n_estimators': 254, 'max_depth': 15, 'min_samples_split': 9, 'min_samples_leaf': 5}. Best is trial 0 with value: 0.55.
[I 2026-04-13 13:05:29,069] Trial 6 finished with value: 0.4 and parameters: {'n_estimators': 477, 'max_depth': 17, 'min_samples_split': 10, 'min_samples_leaf': 2}. Best is trial 0 with value: 0.55.
[I 2026-04-13 13:05:29,521] Trial 7 finished with value: 0.5 and parameters: {'n_estimators': 308, 'max_depth': 20, 'min_samples_split': 7, 'min_samples_leaf': 9}. Best is trial 0 with value: 0.55.
[I 2026-04-13 13:05:30,154] Trial 8 finished with value: 0.5 and parameters: {'n_estimators': 489, 'max_depth': 6, 'min_samples_split': 4, 'min_samples_leaf': 9}. Best is trial 0 with value: 0.55.
[I 2026-04-13 13:05:30,745] Trial 9 finished with value: 0.4 and parameters: {'n_estimators': 463, 'max_depth': 16, 'min_samples_split': 5, 'min_samples_leaf': 5}. Best is trial 0 with value: 0.55.
[I 2026-04-13 13:05:31,078] Trial 10 finished with value: 0.35 and parameters: {'n_estimators': 233, 'max_depth': 11, 'min_samples_split': 2, 'min_samples_leaf': 1}. Best is trial 0 with value: 0.55.
