[I 2026-04-13 12:59:35,292] Trial 25 finished with value: 0.5 and parameters: {'n_estimators': 132, 'max_depth': 9, 'min_samples_split': 3, 'min_samples_leaf': 8}. Best is trial 0 with value: 0.5.
[I 2026-04-13 12:59:35,637] Trial 26 finished with value: 0.5 and parameters: {'n_estimators': 248, 'max_depth': 13, 'min_samples_split': 9, 'min_samples_leaf': 9}. Best is trial 0 with value: 0.5.
[I 2026-04-13 12:59:35,964] Trial 27 finished with value: 0.5 and parameters: {'n_estimators': 198, 'max_depth': 10, 'min_samples_split': 5, 'min_samples_leaf': 10}. Best is trial 0 with value: 0.5.
[I 2026-04-13 12:59:36,477] Trial 28 finished with value: 0.55 and parameters: {'n_estimators': 350, 'max_depth': 20, 'min_samples_split': 4, 'min_samples_leaf': 7}. Best is trial 28 with value: 0.55.
[I 2026-04-13 12:59:36,989] Trial 29 finished with value: 0.5 and parameters: {'n_estimators': 406, 'max_depth': 20, 'min_samples_split': 6, 'min_samples_leaf': 7}. Best is trial 28 with value: 0.55.
[I 2026-04-13 12:59:37,822] A new study created in memory with name: mlp
[I 2026-04-13 12:59:37,908] Trial 0 finished with value: 0.3 and parameters: {'hidden_layer_sizes': (200,), 'max_iter': 100, 'alpha': 0.0001}. Best is trial 0 with value: 0.3.
[I 2026-04-13 12:59:38,005] Trial 1 finished with value: 0.25 and parameters: {'hidden_layer_sizes': (100, 100), 'max_iter': 100, 'alpha': 0.0001}. Best is trial 0 with value: 0.3.
[I 2026-04-13 12:59:38,092] Trial 2 finished with value: 0.35 and parameters: {'hidden_layer_sizes': (200,), 'max_iter': 100, 'alpha': 0.001}. Best is trial 2 with value: 0.35.
[I 2026-04-13 12:59:38,139] Trial 3 finished with value: 0.4 and parameters: {'hidden_layer_sizes': (100,), 'max_iter': 50, 'alpha': 0.001}. Best is trial 3 with value: 0.4.
[I 2026-04-13 12:59:38,205] Trial 4 finished with value: 0.4 and parameters: {'hidden_layer_sizes': (100,), 'max_iter': 50, 'alpha': 0.0001}. Best is trial 3 with value: 0.4.
[I 2026-04-13 12:59:38,240] Trial 5 finished with value: 0.45 and parameters: {'hidden_layer_sizes': (100,), 'max_iter': 50, 'alpha': 0.0001}. Best is trial 5 with value: 0.45.
[I 2026-04-13 12:59:38,296] Trial 6 finished with value: 0.45 and parameters: {'hidden_layer_sizes': (100,), 'max_iter': 50, 'alpha': 0.0001}. Best is trial 5 with value: 0.45.
[I 2026-04-13 12:59:38,351] Trial 7 finished with value: 0.45 and parameters: {'hidden_layer_sizes': (100,), 'max_iter': 50, 'alpha': 0.0001}. Best is trial 5 with value: 0.45.
[I 2026-04-13 12:59:38,427] Trial 8 finished with value: 0.35 and parameters: {'hidden_layer_sizes': (200,), 'max_iter': 100, 'alpha': 0.0001}. Best is trial 5 with value: 0.45.
[I 2026-04-13 12:59:38,473] Trial 9 finished with value: 0.4 and parameters: {'hidden_layer_sizes': (200,), 'max_iter': 50, 'alpha': 0.0001}. Best is trial 5 with value: 0.45.
[I 2026-04-13 12:59:38,533] Trial 10 finished with value: 0.35 and parameters: {'hidden_layer_sizes': (100, 100), 'max_iter': 50, 'alpha': 0.001}. Best is trial 5 with value: 0.45.
[I 2026-04-13 12:59:38,579] Trial 11 finished with value: 0.4 and parameters: {'hidden_layer_sizes': (100,), 'max_iter': 50, 'alpha': 0.0001}. Best is trial 5 with value: 0.45.
[I 2026-04-13 12:59:38,624] Trial 12 finished with value: 0.4 and parameters: {'hidden_layer_sizes': (100,), 'max_iter': 50, 'alpha': 0.0001}. Best is trial 5 with value: 0.45.
[I 2026-04-13 12:59:38,669] Trial 13 finished with value: 0.45 and parameters: {'hidden_layer_sizes': (100,), 'max_iter': 50, 'alpha': 0.0001}. Best is trial 5 with value: 0.45.
[I 2026-04-13 12:59:38,716] Trial 14 finished with value: 0.4 and parameters: {'hidden_layer_sizes': (100,), 'max_iter': 50, 'alpha': 0.001}. Best is trial 5 with value: 0.45.
[I 2026-04-13 12:59:38,760] Trial 15 finished with value: 0.45 and parameters: {'hidden_layer_sizes': (100,), 'max_iter': 50, 'alpha': 0.0001}. Best is trial 5 with value: 0.45.
[I 2026-04-13 12:59:38,816] Trial 16 finished with value: 0.35 and parameters: {'hidden_layer_sizes': (100, 100), 'max_iter': 50, 'alpha': 0.0001}. Best is trial 5 with value: 0.45.
[I 2026-04-13 12:59:38,855] Trial 17 finished with value: 0.45 and parameters: {'hidden_layer_sizes': (100,), 'max_iter': 50, 'alpha': 0.0001}. Best is trial 5 with value: 0.45.
[I 2026-04-13 12:59:38,920] Trial 18 finished with value: 0.4 and parameters: {'hidden_layer_sizes': (100,), 'max_iter': 100, 'alpha': 0.001}. Best is trial 5 with value: 0.45.
[I 2026-04-13 12:59:38,989] Trial 19 finished with value: 0.35 and parameters: {'hidden_layer_sizes': (100, 100), 'max_iter': 50, 'alpha': 0.0001}. Best is trial 5 with value: 0.45.
[I 2026-04-13 12:59:39,047] Trial 20 finished with value: 0.45 and parameters: {'hidden_layer_sizes': (100,), 'max_iter': 50, 'alpha': 0.0001}. Best is trial 5 with value: 0.45.
[I 2026-04-13 12:59:39,093] Trial 21 finished with value: 0.45 and parameters: {'hidden_layer_sizes': (100,), 'max_iter': 50, 'alpha': 0.0001}. Best is trial 5 with value: 0.45.
[I 2026-04-13 12:59:39,139] Trial 22 finished with value: 0.4 and parameters: {'hidden_layer_sizes': (100,), 'max_iter': 50, 'alpha': 0.0001}. Best is trial 5 with value: 0.45.
[I 2026-04-13 12:59:39,186] Trial 23 finished with value: 0.4 and parameters: {'hidden_layer_sizes': (100,), 'max_iter': 50, 'alpha': 0.0001}. Best is trial 5 with value: 0.45.
[I 2026-04-13 12:59:39,232] Trial 24 finished with value: 0.45 and parameters: {'hidden_layer_sizes': (100,), 'max_iter': 50, 'alpha': 0.0001}. Best is trial 5 with value: 0.45.
[I 2026-04-13 12:59:39,299] Trial 25 finished with value: 0.45 and parameters: {'hidden_layer_sizes': (100,), 'max_iter': 50, 'alpha': 0.0001}. Best is trial 5 with value: 0.45.
[I 2026-04-13 12:59:39,379] Trial 26 finished with value: 0.4 and parameters: {'hidden_layer_sizes': (100,), 'max_iter': 100, 'alpha': 0.001}. Best is trial 5 with value: 0.45.
[I 2026-04-13 12:59:39,434] Trial 27 finished with value: 0.4 and parameters: {'hidden_layer_sizes': (100,), 'max_iter': 50, 'alpha': 0.0001}. Best is trial 5 with value: 0.45.
[I 2026-04-13 12:59:39,500] Trial 28 finished with value: 0.3 and parameters: {'hidden_layer_sizes': (100, 100), 'max_iter': 50, 'alpha': 0.0001}. Best is trial 5 with value: 0.45.
[I 2026-04-13 12:59:39,575] Trial 29 finished with value: 0.35 and parameters: {'hidden_layer_sizes': (200,), 'max_iter': 100, 'alpha': 0.0001}. Best is trial 5 with value: 0.45.
[I 2026-04-13 12:59:39,697] A new study created in memory with name: naive_bayes
[I 2026-04-13 12:59:39,710] Trial 0 finished with value: 0.5 and parameters: {'var_smoothing': 1.4210736239935712e-10}. Best is trial 0 with value: 0.5.
[I 2026-04-13 12:59:39,723] Trial 1 finished with value: 0.5 and parameters: {'var_smoothing': 3.629422978396398e-09}. Best is trial 0 with value: 0.5.
[I 2026-04-13 12:59:39,735] Trial 2 finished with value: 0.5 and parameters: {'var_smoothing': 7.530407234027127e-10}. Best is trial 0 with value: 0.5.
[I 2026-04-13 12:59:39,747] Trial 3 finished with value: 0.5 and parameters: {'var_smoothing': 2.7985325053380072e-09}. Best is trial 0 with value: 0.5.
[I 2026-04-13 12:59:39,759] Trial 4 finished with value: 0.5 and parameters: {'var_smoothing': 9.036058293737187e-09}. Best is trial 0 with value: 0.5.
[I 2026-04-13 12:59:39,772] Trial 5 finished with value: 0.5 and parameters: {'var_smoothing': 1.1939653980558784e-09}. Best is trial 0 with value: 0.5.
[I 2026-04-13 12:59:39,784] Trial 6 finished with value: 0.5 and parameters: {'var_smoothing': 1.005173261185167e-09}. Best is trial 0 with value: 0.5.
[I 2026-04-13 12:59:39,806] Trial 7 finished with value: 0.5 and parameters: {'var_smoothing': 1.393484899105757e-10}. Best is trial 0 with value: 0.5.
[I 2026-04-13 12:59:39,819] Trial 8 finished with value: 0.5 and parameters: {'var_smoothing': 3.4425317961147986e-10}. Best is trial 0 with value: 0.5.
[I 2026-04-13 12:59:39,832] Trial 9 finished with value: 0.5 and parameters: {'var_smoothing': 9.994590426751933e-10}. Best is trial 0 with value: 0.5.
[I 2026-04-13 12:59:39,850] Trial 10 finished with value: 0.5 and parameters: {'var_smoothing': 1.9079938112167212e-10}. Best is trial 0 with value: 0.5.
[I 2026-04-13 12:59:39,865] Trial 11 finished with value: 0.5 and parameters: {'var_smoothing': 4.7456863630433305e-09}. Best is trial 0 with value: 0.5.
[I 2026-04-13 12:59:39,880] Trial 12 finished with value: 0.5 and parameters: {'var_smoothing': 2.7185365295481096e-09}. Best is trial 0 with value: 0.5.
[I 2026-04-13 12:59:39,896] Trial 13 finished with value: 0.5 and parameters: {'var_smoothing': 4.3967291332584714e-10}. Best is trial 0 with value: 0.5.
[I 2026-04-13 12:59:39,911] Trial 14 finished with value: 0.5 and parameters: {'var_smoothing': 2.6511307931162972e-09}. Best is trial 0 with value: 0.5.
[I 2026-04-13 12:59:39,952] Trial 15 finished with value: 0.5 and parameters: {'var_smoothing': 9.000422035369052e-09}. Best is trial 0 with value: 0.5.
[I 2026-04-13 12:59:39,977] Trial 16 finished with value: 0.5 and parameters: {'var_smoothing': 2.75340575769171e-10}. Best is trial 0 with value: 0.5.
[I 2026-04-13 12:59:39,997] Trial 17 finished with value: 0.5 and parameters: {'var_smoothing': 1.0118559267516465e-10}. Best is trial 0 with value: 0.5.
[I 2026-04-13 12:59:40,014] Trial 18 finished with value: 0.5 and parameters: {'var_smoothing': 5.126237368588495e-10}. Best is trial 0 with value: 0.5.
[I 2026-04-13 12:59:40,030] Trial 19 finished with value: 0.5 and parameters: {'var_smoothing': 1.7743118427439911e-09}. Best is trial 0 with value: 0.5.
[I 2026-04-13 12:59:40,047] Trial 20 finished with value: 0.5 and parameters: {'var_smoothing': 5.29215399120128e-09}. Best is trial 0 with value: 0.5.
[I 2026-04-13 12:59:40,065] Trial 21 finished with value: 0.5 and parameters: {'var_smoothing': 6.215389304971454e-10}. Best is trial 0 with value: 0.5.
[I 2026-04-13 12:59:40,086] Trial 22 finished with value: 0.5 and parameters: {'var_smoothing': 2.205158371956595e-10}. Best is trial 0 with value: 0.5.
[I 2026-04-13 12:59:40,105] Trial 23 finished with value: 0.5 and parameters: {'var_smoothing': 6.714468189294179e-10}. Best is trial 0 with value: 0.5.
[I 2026-04-13 12:59:40,125] Trial 24 finished with value: 0.5 and parameters: {'var_smoothing': 1.6303611152529254e-09}. Best is trial 0 with value: 0.5.
[I 2026-04-13 12:59:40,142] Trial 25 finished with value: 0.5 and parameters: {'var_smoothing': 5.460180203252778e-09}. Best is trial 0 with value: 0.5.
[I 2026-04-13 12:59:40,169] Trial 26 finished with value: 0.5 and parameters: {'var_smoothing': 1.0123007748054653e-10}. Best is trial 0 with value: 0.5.
[I 2026-04-13 12:59:40,185] Trial 27 finished with value: 0.5 and parameters: {'var_smoothing': 3.7004726843827016e-09}. Best is trial 0 with value: 0.5.
[I 2026-04-13 12:59:40,203] Trial 28 finished with value: 0.5 and parameters: {'var_smoothing': 8.062949328123723e-10}. Best is trial 0 with value: 0.5.
[I 2026-04-13 12:59:40,222] Trial 29 finished with value: 0.5 and parameters: {'var_smoothing': 1.8379694059711336e-09}. Best is trial 0 with value: 0.5.
[I 2026-04-13 12:59:40,267] A new study created in memory with name: logreg
[I 2026-04-13 12:59:40,280] Trial 0 finished with value: 0.45 and parameters: {'C': 0.002407362254570802, 'penalty': 'l2'}. Best is trial 0 with value: 0.45.
[I 2026-04-13 12:59:40,314] Trial 1 finished with value: 0.4 and parameters: {'C': 7.935859334260497, 'penalty': 'l2'}. Best is trial 0 with value: 0.45.
[I 2026-04-13 12:59:40,328] Trial 2 finished with value: 0.5 and parameters: {'C': 0.15561310098067915, 'penalty': 'l2'}. Best is trial 2 with value: 0.5.
[I 2026-04-13 12:59:40,352] Trial 3 finished with value: 0.45 and parameters: {'C': 4.143104515916128, 'penalty': 'l2'}. Best is trial 2 with value: 0.5.
[I 2026-04-13 12:59:40,377] Trial 4 finished with value: 0.45 and parameters: {'C': 77.61533923098803, 'penalty': 'l2'}. Best is trial 2 with value: 0.5.
[I 2026-04-13 12:59:40,392] Trial 5 finished with value: 0.5 and parameters: {'C': 0.49258292359934785, 'penalty': 'l2'}. Best is trial 2 with value: 0.5.
[I 2026-04-13 12:59:40,416] Trial 6 finished with value: 0.5 and parameters: {'C': 0.320333470047146, 'penalty': 'l2'}. Best is trial 2 with value: 0.5.
[I 2026-04-13 12:59:40,431] Trial 7 finished with value: 0.45 and parameters: {'C': 0.002292216671132896, 'penalty': 'l2'}. Best is trial 2 with value: 0.5.
[I 2026-04-13 12:59:40,445] Trial 8 finished with value: 0.45 and parameters: {'C': 0.0219884643872214, 'penalty': 'l2'}. Best is trial 2 with value: 0.5.
[I 2026-04-13 12:59:40,470] Trial 9 finished with value: 0.5 and parameters: {'C': 0.31580027519646636, 'penalty': 'l2'}. Best is trial 2 with value: 0.5.
[I 2026-04-13 12:59:40,488] Trial 10 finished with value: 0.45 and parameters: {'C': 0.02610892654148189, 'penalty': 'l2'}. Best is trial 2 with value: 0.5.
[I 2026-04-13 12:59:40,516] Trial 11 finished with value: 0.5 and parameters: {'C': 0.32414855431568795, 'penalty': 'l2'}. Best is trial 2 with value: 0.5.
[I 2026-04-13 12:59:40,536] Trial 12 finished with value: 0.55 and parameters: {'C': 0.04536296788580951, 'penalty': 'l2'}. Best is trial 12 with value: 0.55.
[I 2026-04-13 12:59:40,557] Trial 13 finished with value: 0.45 and parameters: {'C': 0.033607790092617704, 'penalty': 'l2'}. Best is trial 12 with value: 0.55.
[I 2026-04-13 12:59:40,574] Trial 14 finished with value: 0.5 and parameters: {'C': 0.06821635148694932, 'penalty': 'l2'}. Best is trial 12 with value: 0.55.
[I 2026-04-13 12:59:40,601] Trial 15 finished with value: 0.45 and parameters: {'C': 0.011250199502990414, 'penalty': 'l2'}. Best is trial 12 with value: 0.55.
[I 2026-04-13 12:59:40,629] Trial 16 finished with value: 0.45 and parameters: {'C': 1.8003809579719128, 'penalty': 'l2'}. Best is trial 12 with value: 0.55.
[I 2026-04-13 12:59:40,658] Trial 17 finished with value: 0.45 and parameters: {'C': 0.10391491819178174, 'penalty': 'l2'}. Best is trial 12 with value: 0.55.
[I 2026-04-13 12:59:40,688] Trial 18 finished with value: 0.45 and parameters: {'C': 0.009644737203644279, 'penalty': 'l2'}. Best is trial 12 with value: 0.55.
[I 2026-04-13 12:59:40,705] Trial 19 finished with value: 0.45 and parameters: {'C': 0.09921073617450556, 'penalty': 'l2'}. Best is trial 12 with value: 0.55.
[I 2026-04-13 12:59:40,745] Trial 20 finished with value: 0.45 and parameters: {'C': 0.0011592889570983373, 'penalty': 'l2'}. Best is trial 12 with value: 0.55.
[I 2026-04-13 12:59:40,774] Trial 21 finished with value: 0.5 and parameters: {'C': 1.0663790411774434, 'penalty': 'l2'}. Best is trial 12 with value: 0.55.
[I 2026-04-13 12:59:40,803] Trial 22 finished with value: 0.5 and parameters: {'C': 0.8762211666880104, 'penalty': 'l2'}. Best is trial 12 with value: 0.55.
[I 2026-04-13 12:59:40,832] Trial 23 finished with value: 0.4 and parameters: {'C': 12.080878100468622, 'penalty': 'l2'}. Best is trial 12 with value: 0.55.
[I 2026-04-13 12:59:40,862] Trial 24 finished with value: 0.5 and parameters: {'C': 0.18757851419496285, 'penalty': 'l2'}. Best is trial 12 with value: 0.55.
[I 2026-04-13 12:59:40,891] Trial 25 finished with value: 0.5 and parameters: {'C': 0.7251045648165647, 'penalty': 'l2'}. Best is trial 12 with value: 0.55.
[I 2026-04-13 12:59:40,923] Trial 26 finished with value: 0.45 and parameters: {'C': 2.6409983510941553, 'penalty': 'l2'}. Best is trial 12 with value: 0.55.
[I 2026-04-13 12:59:40,951] Trial 27 finished with value: 0.55 and parameters: {'C': 0.05065341143923029, 'penalty': 'l2'}. Best is trial 12 with value: 0.55.
[I 2026-04-13 12:59:40,978] Trial 28 finished with value: 0.4 and parameters: {'C': 0.008048317054330036, 'penalty': 'l2'}. Best is trial 12 with value: 0.55.
[I 2026-04-13 12:59:41,004] Trial 29 finished with value: 0.55 and parameters: {'C': 0.055758346043135294, 'penalty': 'l2'}. Best is trial 12 with value: 0.55.
[I 2026-04-13 12:59:41,040] A new study created in memory with name: knn
[I 2026-04-13 12:59:41,053] Trial 0 finished with value: 0.45 and parameters: {'n_neighbors': 3, 'leaf_size': 36, 'p': 2}. Best is trial 0 with value: 0.45.
[I 2026-04-13 12:59:41,067] Trial 1 finished with value: 0.5 and parameters: {'n_neighbors': 10, 'leaf_size': 31, 'p': 1}. Best is trial 1 with value: 0.5.
[I 2026-04-13 12:59:41,093] Trial 2 finished with value: 0.45 and parameters: {'n_neighbors': 5, 'leaf_size': 30, 'p': 2}. Best is trial 1 with value: 0.5.
[I 2026-04-13 12:59:41,106] Trial 3 finished with value: 0.3 and parameters: {'n_neighbors': 6, 'leaf_size': 21, 'p': 2}. Best is trial 1 with value: 0.5.
[I 2026-04-13 12:59:41,118] Trial 4 finished with value: 0.5 and parameters: {'n_neighbors': 4, 'leaf_size': 29, 'p': 1}. Best is trial 1 with value: 0.5.
[I 2026-04-13 12:59:41,133] Trial 5 finished with value: 0.4 and parameters: {'n_neighbors': 7, 'leaf_size': 39, 'p': 2}. Best is trial 1 with value: 0.5.
[I 2026-04-13 12:59:41,146] Trial 6 finished with value: 0.5 and parameters: {'n_neighbors': 10, 'leaf_size': 22, 'p': 2}. Best is trial 1 with value: 0.5.
[I 2026-04-13 12:59:41,161] Trial 7 finished with value: 0.45 and parameters: {'n_neighbors': 8, 'leaf_size': 29, 'p': 2}. Best is trial 1 with value: 0.5.
[I 2026-04-13 12:59:41,187] Trial 8 finished with value: 0.45 and parameters: {'n_neighbors': 5, 'leaf_size': 30, 'p': 2}. Best is trial 1 with value: 0.5.
[I 2026-04-13 12:59:41,210] Trial 9 finished with value: 0.5 and parameters: {'n_neighbors': 9, 'leaf_size': 26, 'p': 1}. Best is trial 1 with value: 0.5.
[I 2026-04-13 12:59:41,235] Trial 10 finished with value: 0.5 and parameters: {'n_neighbors': 10, 'leaf_size': 35, 'p': 1}. Best is trial 1 with value: 0.5.
[I 2026-04-13 12:59:41,263] Trial 11 finished with value: 0.45 and parameters: {'n_neighbors': 3, 'leaf_size': 26, 'p': 1}. Best is trial 1 with value: 0.5.
[I 2026-04-13 12:59:41,291] Trial 12 finished with value: 0.5 and parameters: {'n_neighbors': 4, 'leaf_size': 33, 'p': 1}. Best is trial 1 with value: 0.5.
[I 2026-04-13 12:59:41,316] Trial 13 finished with value: 0.4 and parameters: {'n_neighbors': 7, 'leaf_size': 27, 'p': 1}. Best is trial 1 with value: 0.5.
[I 2026-04-13 12:59:41,341] Trial 14 finished with value: 0.45 and parameters: {'n_neighbors': 8, 'leaf_size': 32, 'p': 1}. Best is trial 1 with value: 0.5.
[I 2026-04-13 12:59:41,361] Trial 15 finished with value: 0.4 and parameters: {'n_neighbors': 5, 'leaf_size': 24, 'p': 1}. Best is trial 1 with value: 0.5.
[I 2026-04-13 12:59:41,384] Trial 16 finished with value: 0.35 and parameters: {'n_neighbors': 6, 'leaf_size': 33, 'p': 1}. Best is trial 1 with value: 0.5.
[I 2026-04-13 12:59:41,420] Trial 17 finished with value: 0.5 and parameters: {'n_neighbors': 4, 'leaf_size': 40, 'p': 1}. Best is trial 1 with value: 0.5.
[I 2026-04-13 12:59:41,440] Trial 18 finished with value: 0.5 and parameters: {'n_neighbors': 9, 'leaf_size': 28, 'p': 1}. Best is trial 1 with value: 0.5.
[I 2026-04-13 12:59:41,467] Trial 19 finished with value: 0.5 and parameters: {'n_neighbors': 4, 'leaf_size': 36, 'p': 1}. Best is trial 1 with value: 0.5.
[I 2026-04-13 12:59:41,487] Trial 20 finished with value: 0.45 and parameters: {'n_neighbors': 8, 'leaf_size': 24, 'p': 1}. Best is trial 1 with value: 0.5.
[I 2026-04-13 12:59:41,507] Trial 21 finished with value: 0.5 and parameters: {'n_neighbors': 10, 'leaf_size': 20, 'p': 2}. Best is trial 1 with value: 0.5.
[I 2026-04-13 12:59:41,534] Trial 22 finished with value: 0.55 and parameters: {'n_neighbors': 9, 'leaf_size': 23, 'p': 2}. Best is trial 22 with value: 0.55.
[I 2026-04-13 12:59:41,555] Trial 23 finished with value: 0.55 and parameters: {'n_neighbors': 9, 'leaf_size': 23, 'p': 2}. Best is trial 22 with value: 0.55.
[I 2026-04-13 12:59:41,593] Trial 24 finished with value: 0.55 and parameters: {'n_neighbors': 9, 'leaf_size': 23, 'p': 2}. Best is trial 22 with value: 0.55.
[I 2026-04-13 12:59:41,618] Trial 25 finished with value: 0.55 and parameters: {'n_neighbors': 9, 'leaf_size': 23, 'p': 2}. Best is trial 22 with value: 0.55.
[I 2026-04-13 12:59:41,643] Trial 26 finished with value: 0.55 and parameters: {'n_neighbors': 9, 'leaf_size': 25, 'p': 2}. Best is trial 22 with value: 0.55.
[I 2026-04-13 12:59:41,667] Trial 27 finished with value: 0.45 and parameters: {'n_neighbors': 8, 'leaf_size': 20, 'p': 2}. Best is trial 22 with value: 0.55.
[I 2026-04-13 12:59:41,689] Trial 28 finished with value: 0.55 and parameters: {'n_neighbors': 9, 'leaf_size': 22, 'p': 2}. Best is trial 22 with value: 0.55.
[I 2026-04-13 12:59:41,711] Trial 29 finished with value: 0.4 and parameters: {'n_neighbors': 7, 'leaf_size': 23, 'p': 2}. Best is trial 22 with value: 0.55.
[I 2026-04-13 12:59:41,767] A new study created in memory with name: xgb
[I 2026-04-13 12:59:41,792] Trial 0 finished with value: 0.7 and parameters: {'n_estimators': 40, 'max_depth': 20, 'gamma': 0.5510084172939441, 'subsample': 0.5360255666798808, 'colsample_bytree': 0.6342194900509356}. Best is trial 0 with value: 0.7.
[I 2026-04-13 12:59:41,830] Trial 1 finished with value: 0.6 and parameters: {'n_estimators': 100, 'max_depth': 5, 'gamma': 0.9186341749476523, 'subsample': 0.6066926767899578, 'colsample_bytree': 0.7260619809088416}. Best is trial 0 with value: 0.7.
[I 2026-04-13 12:59:41,859] Trial 2 finished with value: 0.65 and parameters: {'n_estimators': 10, 'max_depth': 5, 'gamma': 0.9182155373980582, 'subsample': 0.566584722879625, 'colsample_bytree': 0.761706290336883}. Best is trial 0 with value: 0.7.
[I 2026-04-13 12:59:41,875] Trial 3 finished with value: 0.65 and parameters: {'n_estimators': 10, 'max_depth': 20, 'gamma': 0.5296610393664296, 'subsample': 0.6829451928902965, 'colsample_bytree': 0.9189589971546304}. Best is trial 0 with value: 0.7.
[I 2026-04-13 12:59:41,901] Trial 4 finished with value: 0.7 and parameters: {'n_estimators': 10, 'max_depth': 20, 'gamma': 0.6916595165017824, 'subsample': 0.6851755414940176, 'colsample_bytree': 0.7295464889457157}. Best is trial 0 with value: 0.7.
