[I 2026-04-13 12:56:21,076] Trial 29 finished with value: 0.6 and parameters: {'var_smoothing': 4.1751754503046387e-10}. Best is trial 0 with value: 0.6.
[I 2026-04-13 12:56:21,109] A new study created in memory with name: logreg
[I 2026-04-13 12:56:21,133] Trial 0 finished with value: 0.5 and parameters: {'C': 29.127335430981816, 'penalty': 'l2'}. Best is trial 0 with value: 0.5.
[I 2026-04-13 12:56:21,149] Trial 1 finished with value: 0.5 and parameters: {'C': 0.045698192893558344, 'penalty': 'l2'}. Best is trial 0 with value: 0.5.
[I 2026-04-13 12:56:21,174] Trial 2 finished with value: 0.45 and parameters: {'C': 12.768668597712947, 'penalty': 'l2'}. Best is trial 0 with value: 0.5.
[I 2026-04-13 12:56:21,199] Trial 3 finished with value: 0.65 and parameters: {'C': 0.0016161554408462638, 'penalty': 'l2'}. Best is trial 3 with value: 0.65.
[I 2026-04-13 12:56:21,224] Trial 4 finished with value: 0.65 and parameters: {'C': 0.0034536903703241734, 'penalty': 'l2'}. Best is trial 3 with value: 0.65.
[I 2026-04-13 12:56:21,256] Trial 5 finished with value: 0.45 and parameters: {'C': 0.9446269266990148, 'penalty': 'l2'}. Best is trial 3 with value: 0.65.
[I 2026-04-13 12:56:21,280] Trial 6 finished with value: 0.45 and parameters: {'C': 0.4457453393648168, 'penalty': 'l2'}. Best is trial 3 with value: 0.65.
[I 2026-04-13 12:56:21,302] Trial 7 finished with value: 0.45 and parameters: {'C': 0.12417585037258261, 'penalty': 'l2'}. Best is trial 3 with value: 0.65.
[I 2026-04-13 12:56:21,325] Trial 8 finished with value: 0.5 and parameters: {'C': 0.04753781830244093, 'penalty': 'l2'}. Best is trial 3 with value: 0.65.
[I 2026-04-13 12:56:21,358] Trial 9 finished with value: 0.45 and parameters: {'C': 1.2959766028194148, 'penalty': 'l2'}. Best is trial 3 with value: 0.65.
[I 2026-04-13 12:56:21,384] Trial 10 finished with value: 0.65 and parameters: {'C': 0.0027493237597083523, 'penalty': 'l2'}. Best is trial 3 with value: 0.65.
[I 2026-04-13 12:56:21,399] Trial 11 finished with value: 0.65 and parameters: {'C': 0.001163038906231015, 'penalty': 'l2'}. Best is trial 3 with value: 0.65.
[I 2026-04-13 12:56:21,415] Trial 12 finished with value: 0.65 and parameters: {'C': 0.007783068576282983, 'penalty': 'l2'}. Best is trial 3 with value: 0.65.
[I 2026-04-13 12:56:21,442] Trial 13 finished with value: 0.65 and parameters: {'C': 0.007826977189925246, 'penalty': 'l2'}. Best is trial 3 with value: 0.65.
[I 2026-04-13 12:56:21,460] Trial 14 finished with value: 0.65 and parameters: {'C': 0.006703097597967292, 'penalty': 'l2'}. Best is trial 3 with value: 0.65.
[I 2026-04-13 12:56:21,475] Trial 15 finished with value: 0.65 and parameters: {'C': 0.0014396872245738463, 'penalty': 'l2'}. Best is trial 3 with value: 0.65.
[I 2026-04-13 12:56:21,501] Trial 16 finished with value: 0.6 and parameters: {'C': 0.02174123480745058, 'penalty': 'l2'}. Best is trial 3 with value: 0.65.
[I 2026-04-13 12:56:21,537] Trial 17 finished with value: 0.45 and parameters: {'C': 2.6707606129231554, 'penalty': 'l2'}. Best is trial 3 with value: 0.65.
[I 2026-04-13 12:56:21,553] Trial 18 finished with value: 0.5 and parameters: {'C': 0.19777568673071788, 'penalty': 'l2'}. Best is trial 3 with value: 0.65.
[I 2026-04-13 12:56:21,579] Trial 19 finished with value: 0.65 and parameters: {'C': 0.004185363988350308, 'penalty': 'l2'}. Best is trial 3 with value: 0.65.
[I 2026-04-13 12:56:21,598] Trial 20 finished with value: 0.6 and parameters: {'C': 0.02268058333319783, 'penalty': 'l2'}. Best is trial 3 with value: 0.65.
[I 2026-04-13 12:56:21,617] Trial 21 finished with value: 0.65 and parameters: {'C': 0.00272312932094622, 'penalty': 'l2'}. Best is trial 3 with value: 0.65.
[I 2026-04-13 12:56:21,642] Trial 22 finished with value: 0.65 and parameters: {'C': 0.0012504220035156409, 'penalty': 'l2'}. Best is trial 3 with value: 0.65.
[I 2026-04-13 12:56:21,662] Trial 23 finished with value: 0.6 and parameters: {'C': 0.016234459717134334, 'penalty': 'l2'}. Best is trial 3 with value: 0.65.
[I 2026-04-13 12:56:21,692] Trial 24 finished with value: 0.65 and parameters: {'C': 0.0029914855857246375, 'penalty': 'l2'}. Best is trial 3 with value: 0.65.
[I 2026-04-13 12:56:21,722] Trial 25 finished with value: 0.45 and parameters: {'C': 0.09582199171799277, 'penalty': 'l2'}. Best is trial 3 with value: 0.65.
[I 2026-04-13 12:56:21,752] Trial 26 finished with value: 0.65 and parameters: {'C': 0.002444255569500567, 'penalty': 'l2'}. Best is trial 3 with value: 0.65.
[I 2026-04-13 12:56:21,781] Trial 27 finished with value: 0.65 and parameters: {'C': 0.012084881279039622, 'penalty': 'l2'}. Best is trial 3 with value: 0.65.
[I 2026-04-13 12:56:21,798] Trial 28 finished with value: 0.65 and parameters: {'C': 0.005020387602117918, 'penalty': 'l2'}. Best is trial 3 with value: 0.65.
[I 2026-04-13 12:56:21,825] Trial 29 finished with value: 0.5 and parameters: {'C': 45.75034886101285, 'penalty': 'l2'}. Best is trial 3 with value: 0.65.
[I 2026-04-13 12:56:21,867] A new study created in memory with name: knn
[I 2026-04-13 12:56:21,890] Trial 0 finished with value: 0.65 and parameters: {'n_neighbors': 10, 'leaf_size': 26, 'p': 1}. Best is trial 0 with value: 0.65.
[I 2026-04-13 12:56:21,903] Trial 1 finished with value: 0.4 and parameters: {'n_neighbors': 3, 'leaf_size': 32, 'p': 1}. Best is trial 0 with value: 0.65.
[I 2026-04-13 12:56:21,926] Trial 2 finished with value: 0.55 and parameters: {'n_neighbors': 5, 'leaf_size': 33, 'p': 2}. Best is trial 0 with value: 0.65.
[I 2026-04-13 12:56:21,939] Trial 3 finished with value: 0.6 and parameters: {'n_neighbors': 7, 'leaf_size': 32, 'p': 2}. Best is trial 0 with value: 0.65.
[I 2026-04-13 12:56:21,952] Trial 4 finished with value: 0.6 and parameters: {'n_neighbors': 9, 'leaf_size': 28, 'p': 1}. Best is trial 0 with value: 0.65.
[I 2026-04-13 12:56:21,964] Trial 5 finished with value: 0.4 and parameters: {'n_neighbors': 3, 'leaf_size': 35, 'p': 1}. Best is trial 0 with value: 0.65.
[I 2026-04-13 12:56:21,977] Trial 6 finished with value: 0.65 and parameters: {'n_neighbors': 8, 'leaf_size': 31, 'p': 2}. Best is trial 0 with value: 0.65.
[I 2026-04-13 12:56:21,990] Trial 7 finished with value: 0.5 and parameters: {'n_neighbors': 6, 'leaf_size': 24, 'p': 2}. Best is trial 0 with value: 0.65.
[I 2026-04-13 12:56:22,004] Trial 8 finished with value: 0.55 and parameters: {'n_neighbors': 5, 'leaf_size': 34, 'p': 2}. Best is trial 0 with value: 0.65.
[I 2026-04-13 12:56:22,018] Trial 9 finished with value: 0.55 and parameters: {'n_neighbors': 10, 'leaf_size': 27, 'p': 2}. Best is trial 0 with value: 0.65.
[I 2026-04-13 12:56:22,041] Trial 10 finished with value: 0.65 and parameters: {'n_neighbors': 10, 'leaf_size': 40, 'p': 1}. Best is trial 0 with value: 0.65.
[I 2026-04-13 12:56:22,074] Trial 11 finished with value: 0.55 and parameters: {'n_neighbors': 8, 'leaf_size': 22, 'p': 1}. Best is trial 0 with value: 0.65.
[I 2026-04-13 12:56:22,100] Trial 12 finished with value: 0.65 and parameters: {'n_neighbors': 8, 'leaf_size': 26, 'p': 2}. Best is trial 0 with value: 0.65.
[I 2026-04-13 12:56:22,123] Trial 13 finished with value: 0.6 and parameters: {'n_neighbors': 9, 'leaf_size': 20, 'p': 1}. Best is trial 0 with value: 0.65.
[I 2026-04-13 12:56:22,148] Trial 14 finished with value: 0.65 and parameters: {'n_neighbors': 9, 'leaf_size': 29, 'p': 2}. Best is trial 0 with value: 0.65.
[I 2026-04-13 12:56:22,175] Trial 15 finished with value: 0.6 and parameters: {'n_neighbors': 7, 'leaf_size': 39, 'p': 1}. Best is trial 0 with value: 0.65.
[I 2026-04-13 12:56:22,200] Trial 16 finished with value: 0.55 and parameters: {'n_neighbors': 10, 'leaf_size': 37, 'p': 2}. Best is trial 0 with value: 0.65.
[I 2026-04-13 12:56:22,226] Trial 17 finished with value: 0.55 and parameters: {'n_neighbors': 8, 'leaf_size': 30, 'p': 1}. Best is trial 0 with value: 0.65.
[I 2026-04-13 12:56:22,250] Trial 18 finished with value: 0.6 and parameters: {'n_neighbors': 9, 'leaf_size': 25, 'p': 1}. Best is trial 0 with value: 0.65.
[I 2026-04-13 12:56:22,274] Trial 19 finished with value: 0.5 and parameters: {'n_neighbors': 6, 'leaf_size': 30, 'p': 2}. Best is trial 0 with value: 0.65.
[I 2026-04-13 12:56:22,296] Trial 20 finished with value: 0.55 and parameters: {'n_neighbors': 8, 'leaf_size': 23, 'p': 1}. Best is trial 0 with value: 0.65.
[I 2026-04-13 12:56:22,324] Trial 21 finished with value: 0.65 and parameters: {'n_neighbors': 10, 'leaf_size': 39, 'p': 1}. Best is trial 0 with value: 0.65.
[I 2026-04-13 12:56:22,347] Trial 22 finished with value: 0.65 and parameters: {'n_neighbors': 10, 'leaf_size': 36, 'p': 1}. Best is trial 0 with value: 0.65.
[I 2026-04-13 12:56:22,382] Trial 23 finished with value: 0.6 and parameters: {'n_neighbors': 9, 'leaf_size': 40, 'p': 1}. Best is trial 0 with value: 0.65.
[I 2026-04-13 12:56:22,410] Trial 24 finished with value: 0.65 and parameters: {'n_neighbors': 10, 'leaf_size': 21, 'p': 1}. Best is trial 0 with value: 0.65.
[I 2026-04-13 12:56:22,436] Trial 25 finished with value: 0.6 and parameters: {'n_neighbors': 7, 'leaf_size': 37, 'p': 1}. Best is trial 0 with value: 0.65.
[I 2026-04-13 12:56:22,463] Trial 26 finished with value: 0.65 and parameters: {'n_neighbors': 9, 'leaf_size': 27, 'p': 2}. Best is trial 0 with value: 0.65.
[I 2026-04-13 12:56:22,490] Trial 27 finished with value: 0.65 and parameters: {'n_neighbors': 10, 'leaf_size': 31, 'p': 1}. Best is trial 0 with value: 0.65.
[I 2026-04-13 12:56:22,517] Trial 28 finished with value: 0.65 and parameters: {'n_neighbors': 8, 'leaf_size': 25, 'p': 2}. Best is trial 0 with value: 0.65.
[I 2026-04-13 12:56:22,543] Trial 29 finished with value: 0.4 and parameters: {'n_neighbors': 3, 'leaf_size': 32, 'p': 1}. Best is trial 0 with value: 0.65.
[I 2026-04-13 12:56:22,578] A new study created in memory with name: xgb
[I 2026-04-13 12:56:22,594] Trial 0 finished with value: 0.5 and parameters: {'n_estimators': 10, 'max_depth': 30, 'gamma': 0.5768356259735394, 'subsample': 0.7094037142783272, 'colsample_bytree': 0.6677039246366646}. Best is trial 0 with value: 0.5.
[I 2026-04-13 12:56:22,630] Trial 1 finished with value: 0.5 and parameters: {'n_estimators': 100, 'max_depth': 30, 'gamma': 0.9912018442360747, 'subsample': 0.9099290984609207, 'colsample_bytree': 0.7066004674080903}. Best is trial 0 with value: 0.5.
[I 2026-04-13 12:56:22,655] Trial 2 finished with value: 0.45 and parameters: {'n_estimators': 10, 'max_depth': 20, 'gamma': 0.7382185757030506, 'subsample': 0.7704684271512641, 'colsample_bytree': 0.5624120871903049}. Best is trial 0 with value: 0.5.
[I 2026-04-13 12:56:22,691] Trial 3 finished with value: 0.45 and parameters: {'n_estimators': 10, 'max_depth': 20, 'gamma': 0.7041784887453524, 'subsample': 0.7995029565695583, 'colsample_bytree': 0.8586660727777565}. Best is trial 0 with value: 0.5.
[I 2026-04-13 12:56:22,718] Trial 4 finished with value: 0.45 and parameters: {'n_estimators': 10, 'max_depth': 20, 'gamma': 0.46549701645255037, 'subsample': 0.9946899241400011, 'colsample_bytree': 0.725249640372583}. Best is trial 0 with value: 0.5.
[I 2026-04-13 12:56:22,744] Trial 5 finished with value: 0.5 and parameters: {'n_estimators': 40, 'max_depth': 20, 'gamma': 0.3554734452019276, 'subsample': 0.5947710951851903, 'colsample_bytree': 0.7356254823676576}. Best is trial 0 with value: 0.5.
[I 2026-04-13 12:56:22,779] Trial 6 finished with value: 0.45 and parameters: {'n_estimators': 40, 'max_depth': 20, 'gamma': 0.8967376717636345, 'subsample': 0.988276510203839, 'colsample_bytree': 0.9184542964535913}. Best is trial 0 with value: 0.5.
[I 2026-04-13 12:56:22,808] Trial 7 finished with value: 0.5 and parameters: {'n_estimators': 40, 'max_depth': 30, 'gamma': 0.7149068474388774, 'subsample': 0.5696358027454862, 'colsample_bytree': 0.8514125286992056}. Best is trial 0 with value: 0.5.
[I 2026-04-13 12:56:22,847] Trial 8 finished with value: 0.35 and parameters: {'n_estimators': 100, 'max_depth': 30, 'gamma': 0.2471398756881566, 'subsample': 0.8241126205332553, 'colsample_bytree': 0.6258070715852391}. Best is trial 0 with value: 0.5.
[I 2026-04-13 12:56:22,885] Trial 9 finished with value: 0.45 and parameters: {'n_estimators': 40, 'max_depth': 30, 'gamma': 0.8599846034069103, 'subsample': 0.8019332783535529, 'colsample_bytree': 0.7936068454878676}. Best is trial 0 with value: 0.5.
[I 2026-04-13 12:56:22,926] Trial 10 finished with value: 0.4 and parameters: {'n_estimators': 10, 'max_depth': 5, 'gamma': 0.11132541504315885, 'subsample': 0.6518824205184826, 'colsample_bytree': 0.5222467176724002}. Best is trial 0 with value: 0.5.
[I 2026-04-13 12:56:22,977] Trial 11 finished with value: 0.55 and parameters: {'n_estimators': 100, 'max_depth': 30, 'gamma': 0.9681903397412062, 'subsample': 0.8909531909241379, 'colsample_bytree': 0.6608770902048942}. Best is trial 11 with value: 0.55.
[I 2026-04-13 12:56:23,032] Trial 12 finished with value: 0.5 and parameters: {'n_estimators': 100, 'max_depth': 30, 'gamma': 0.5299926855017165, 'subsample': 0.6848009387186493, 'colsample_bytree': 0.6348539430918777}. Best is trial 11 with value: 0.55.
[I 2026-04-13 12:56:23,086] Trial 13 finished with value: 0.35 and parameters: {'n_estimators': 100, 'max_depth': 5, 'gamma': 0.6264564786593518, 'subsample': 0.8711739198181487, 'colsample_bytree': 0.6551686825595845}. Best is trial 11 with value: 0.55.
[I 2026-04-13 12:56:23,137] Trial 14 finished with value: 0.5 and parameters: {'n_estimators': 100, 'max_depth': 30, 'gamma': 0.4000023985818805, 'subsample': 0.6979828826684595, 'colsample_bytree': 0.596389989619073}. Best is trial 11 with value: 0.55.
[I 2026-04-13 12:56:23,183] Trial 15 finished with value: 0.55 and parameters: {'n_estimators': 10, 'max_depth': 30, 'gamma': 0.8361750979473885, 'subsample': 0.5052985200248541, 'colsample_bytree': 0.9888939439492501}. Best is trial 11 with value: 0.55.
[I 2026-04-13 12:56:23,221] Trial 16 finished with value: 0.5 and parameters: {'n_estimators': 10, 'max_depth': 5, 'gamma': 0.9977983970796549, 'subsample': 0.5207197919620343, 'colsample_bytree': 0.9690501608863549}. Best is trial 11 with value: 0.55.
[I 2026-04-13 12:56:23,271] Trial 17 finished with value: 0.45 and parameters: {'n_estimators': 100, 'max_depth': 30, 'gamma': 0.8685225948855094, 'subsample': 0.897471468563308, 'colsample_bytree': 0.9933840889987662}. Best is trial 11 with value: 0.55.
[I 2026-04-13 12:56:23,320] Trial 18 finished with value: 0.5 and parameters: {'n_estimators': 100, 'max_depth': 30, 'gamma': 0.8045232978285917, 'subsample': 0.5247988810109568, 'colsample_bytree': 0.7974021553265087}. Best is trial 11 with value: 0.55.
[I 2026-04-13 12:56:23,360] Trial 19 finished with value: 0.45 and parameters: {'n_estimators': 10, 'max_depth': 30, 'gamma': 0.9357347312767269, 'subsample': 0.6233356171658271, 'colsample_bytree': 0.9070724144838318}. Best is trial 11 with value: 0.55.
[I 2026-04-13 12:56:23,400] Trial 20 finished with value: 0.45 and parameters: {'n_estimators': 100, 'max_depth': 5, 'gamma': 0.8004555714358138, 'subsample': 0.7385975388240656, 'colsample_bytree': 0.7661273924524885}. Best is trial 11 with value: 0.55.
[I 2026-04-13 12:56:23,446] Trial 21 finished with value: 0.5 and parameters: {'n_estimators': 10, 'max_depth': 30, 'gamma': 0.6329113963832372, 'subsample': 0.9508938639575489, 'colsample_bytree': 0.684276263499033}. Best is trial 11 with value: 0.55.
[I 2026-04-13 12:56:23,490] Trial 22 finished with value: 0.5 and parameters: {'n_estimators': 10, 'max_depth': 30, 'gamma': 0.5893856438261456, 'subsample': 0.8592839072914171, 'colsample_bytree': 0.6800797877962435}. Best is trial 11 with value: 0.55.
[I 2026-04-13 12:56:23,521] Trial 23 finished with value: 0.45 and parameters: {'n_estimators': 10, 'max_depth': 30, 'gamma': 0.8126432891865566, 'subsample': 0.7307512847581874, 'colsample_bytree': 0.5641617162406569}. Best is trial 11 with value: 0.55.
[I 2026-04-13 12:56:23,562] Trial 24 finished with value: 0.45 and parameters: {'n_estimators': 10, 'max_depth': 30, 'gamma': 0.9352470066384542, 'subsample': 0.5640136335141422, 'colsample_bytree': 0.604099217279918}. Best is trial 11 with value: 0.55.
[I 2026-04-13 12:56:23,597] Trial 25 finished with value: 0.45 and parameters: {'n_estimators': 10, 'max_depth': 30, 'gamma': 0.7512071654355126, 'subsample': 0.6558721095303635, 'colsample_bytree': 0.7637934791830924}. Best is trial 11 with value: 0.55.
[I 2026-04-13 12:56:23,630] Trial 26 finished with value: 0.5 and parameters: {'n_estimators': 10, 'max_depth': 30, 'gamma': 0.48471153626509317, 'subsample': 0.9461200940772646, 'colsample_bytree': 0.8276196698010085}. Best is trial 11 with value: 0.55.
[I 2026-04-13 12:56:23,665] Trial 27 finished with value: 0.55 and parameters: {'n_estimators': 10, 'max_depth': 30, 'gamma': 0.6584364167077377, 'subsample': 0.8514969981632048, 'colsample_bytree': 0.5141308662847255}. Best is trial 11 with value: 0.55.
[I 2026-04-13 12:56:23,700] Trial 28 finished with value: 0.45 and parameters: {'n_estimators': 40, 'max_depth': 5, 'gamma': 0.6551157490312493, 'subsample': 0.8493273887698851, 'colsample_bytree': 0.5038931663153952}. Best is trial 11 with value: 0.55.
[I 2026-04-13 12:56:23,751] Trial 29 finished with value: 0.5 and parameters: {'n_estimators': 100, 'max_depth': 30, 'gamma': 0.9226638850055834, 'subsample': 0.9112604614606624, 'colsample_bytree': 0.5510507683934616}. Best is trial 11 with value: 0.55.
[I 2026-04-13 12:56:23,915] A new study created in memory with name: rf
[I 2026-04-13 12:56:24,474] Trial 0 finished with value: 0.55 and parameters: {'n_estimators': 458, 'max_depth': 8, 'min_samples_split': 9, 'min_samples_leaf': 1}. Best is trial 0 with value: 0.55.
[I 2026-04-13 12:56:24,713] Trial 1 finished with value: 0.65 and parameters: {'n_estimators': 143, 'max_depth': 13, 'min_samples_split': 6, 'min_samples_leaf': 5}. Best is trial 1 with value: 0.65.
[I 2026-04-13 12:56:25,004] Trial 2 finished with value: 0.5 and parameters: {'n_estimators': 234, 'max_depth': 14, 'min_samples_split': 5, 'min_samples_leaf': 8}. Best is trial 1 with value: 0.65.
[I 2026-04-13 12:56:25,433] Trial 3 finished with value: 0.5 and parameters: {'n_estimators': 307, 'max_depth': 13, 'min_samples_split': 7, 'min_samples_leaf': 10}. Best is trial 1 with value: 0.65.
[I 2026-04-13 12:56:25,961] Trial 4 finished with value: 0.5 and parameters: {'n_estimators': 428, 'max_depth': 10, 'min_samples_split': 9, 'min_samples_leaf': 9}. Best is trial 1 with value: 0.65.
[I 2026-04-13 12:56:26,150] Trial 5 finished with value: 0.5 and parameters: {'n_estimators': 121, 'max_depth': 15, 'min_samples_split': 9, 'min_samples_leaf': 8}. Best is trial 1 with value: 0.65.
[I 2026-04-13 12:56:26,770] Trial 6 finished with value: 0.5 and parameters: {'n_estimators': 384, 'max_depth': 12, 'min_samples_split': 3, 'min_samples_leaf': 10}. Best is trial 1 with value: 0.65.
[I 2026-04-13 12:56:27,441] Trial 7 finished with value: 0.5 and parameters: {'n_estimators': 261, 'max_depth': 6, 'min_samples_split': 8, 'min_samples_leaf': 10}. Best is trial 1 with value: 0.65.
[I 2026-04-13 12:56:27,968] Trial 8 finished with value: 0.5 and parameters: {'n_estimators': 202, 'max_depth': 15, 'min_samples_split': 7, 'min_samples_leaf': 8}. Best is trial 1 with value: 0.65.
[I 2026-04-13 12:56:29,250] Trial 9 finished with value: 0.6 and parameters: {'n_estimators': 475, 'max_depth': 9, 'min_samples_split': 4, 'min_samples_leaf': 5}. Best is trial 1 with value: 0.65.
[I 2026-04-13 12:56:29,727] Trial 10 finished with value: 0.55 and parameters: {'n_estimators': 135, 'max_depth': 20, 'min_samples_split': 2, 'min_samples_leaf': 4}. Best is trial 1 with value: 0.65.
[I 2026-04-13 12:56:30,706] Trial 11 finished with value: 0.6 and parameters: {'n_estimators': 343, 'max_depth': 4, 'min_samples_split': 5, 'min_samples_leaf': 5}. Best is trial 1 with value: 0.65.
[I 2026-04-13 12:56:31,822] Trial 12 finished with value: 0.55 and parameters: {'n_estimators': 489, 'max_depth': 18, 'min_samples_split': 4, 'min_samples_leaf': 3}. Best is trial 1 with value: 0.65.
[I 2026-04-13 12:56:32,398] Trial 13 finished with value: 0.55 and parameters: {'n_estimators': 201, 'max_depth': 9, 'min_samples_split': 6, 'min_samples_leaf': 6}. Best is trial 1 with value: 0.65.
[I 2026-04-13 12:56:33,359] Trial 14 finished with value: 0.55 and parameters: {'n_estimators': 386, 'max_depth': 7, 'min_samples_split': 4, 'min_samples_leaf': 6}. Best is trial 1 with value: 0.65.
[I 2026-04-13 12:56:33,633] Trial 15 finished with value: 0.45 and parameters: {'n_estimators': 163, 'max_depth': 11, 'min_samples_split': 2, 'min_samples_leaf': 2}. Best is trial 1 with value: 0.65.
[I 2026-04-13 12:56:34,014] Trial 16 finished with value: 0.6 and parameters: {'n_estimators': 301, 'max_depth': 17, 'min_samples_split': 6, 'min_samples_leaf': 5}. Best is trial 1 with value: 0.65.
[I 2026-04-13 12:56:34,218] Trial 17 finished with value: 0.6 and parameters: {'n_estimators': 101, 'max_depth': 3, 'min_samples_split': 4, 'min_samples_leaf': 4}. Best is trial 1 with value: 0.65.
[I 2026-04-13 12:56:34,667] Trial 18 finished with value: 0.5 and parameters: {'n_estimators': 352, 'max_depth': 5, 'min_samples_split': 5, 'min_samples_leaf': 7}. Best is trial 1 with value: 0.65.
[I 2026-04-13 12:56:35,024] Trial 19 finished with value: 0.6 and parameters: {'n_estimators': 259, 'max_depth': 10, 'min_samples_split': 10, 'min_samples_leaf': 3}. Best is trial 1 with value: 0.65.
[I 2026-04-13 12:56:35,650] Trial 20 finished with value: 0.6 and parameters: {'n_estimators': 498, 'max_depth': 12, 'min_samples_split': 3, 'min_samples_leaf': 4}. Best is trial 1 with value: 0.65.
[I 2026-04-13 12:56:36,112] Trial 21 finished with value: 0.6 and parameters: {'n_estimators': 338, 'max_depth': 3, 'min_samples_split': 5, 'min_samples_leaf': 5}. Best is trial 1 with value: 0.65.
