[I 2026-04-13 12:58:35,900] Trial 17 finished with value: 0.95 and parameters: {'n_estimators': 101, 'max_depth': 3, 'min_samples_split': 4, 'min_samples_leaf': 4}. Best is trial 1 with value: 1.0.
[I 2026-04-13 12:58:36,354] Trial 18 finished with value: 0.5 and parameters: {'n_estimators': 352, 'max_depth': 5, 'min_samples_split': 5, 'min_samples_leaf': 7}. Best is trial 1 with value: 1.0.
[I 2026-04-13 12:58:36,696] Trial 19 finished with value: 0.95 and parameters: {'n_estimators': 259, 'max_depth': 10, 'min_samples_split': 10, 'min_samples_leaf': 3}. Best is trial 1 with value: 1.0.
[I 2026-04-13 12:58:37,315] Trial 20 finished with value: 0.9 and parameters: {'n_estimators': 498, 'max_depth': 12, 'min_samples_split': 3, 'min_samples_leaf': 4}. Best is trial 1 with value: 1.0.
[I 2026-04-13 12:58:37,571] Trial 21 finished with value: 1.0 and parameters: {'n_estimators': 162, 'max_depth': 20, 'min_samples_split': 2, 'min_samples_leaf': 4}. Best is trial 1 with value: 1.0.
[I 2026-04-13 12:58:37,837] Trial 22 finished with value: 0.9 and parameters: {'n_estimators': 162, 'max_depth': 20, 'min_samples_split': 3, 'min_samples_leaf': 5}. Best is trial 1 with value: 1.0.
[I 2026-04-13 12:58:38,109] Trial 23 finished with value: 0.95 and parameters: {'n_estimators': 175, 'max_depth': 17, 'min_samples_split': 2, 'min_samples_leaf': 3}. Best is trial 1 with value: 1.0.
[I 2026-04-13 12:58:38,456] Trial 24 finished with value: 0.9 and parameters: {'n_estimators': 231, 'max_depth': 8, 'min_samples_split': 7, 'min_samples_leaf': 6}. Best is trial 1 with value: 1.0.
[I 2026-04-13 12:58:38,663] Trial 25 finished with value: 0.55 and parameters: {'n_estimators': 146, 'max_depth': 18, 'min_samples_split': 3, 'min_samples_leaf': 7}. Best is trial 1 with value: 1.0.
[I 2026-04-13 12:58:38,861] Trial 26 finished with value: 1.0 and parameters: {'n_estimators': 105, 'max_depth': 15, 'min_samples_split': 6, 'min_samples_leaf': 4}. Best is trial 1 with value: 1.0.
[I 2026-04-13 12:58:39,019] Trial 27 finished with value: 0.9 and parameters: {'n_estimators': 104, 'max_depth': 15, 'min_samples_split': 8, 'min_samples_leaf': 2}. Best is trial 1 with value: 1.0.
[I 2026-04-13 12:58:39,290] Trial 28 finished with value: 0.9 and parameters: {'n_estimators': 192, 'max_depth': 16, 'min_samples_split': 6, 'min_samples_leaf': 4}. Best is trial 1 with value: 1.0.
[I 2026-04-13 12:58:39,496] Trial 29 finished with value: 0.9 and parameters: {'n_estimators': 136, 'max_depth': 13, 'min_samples_split': 8, 'min_samples_leaf': 1}. Best is trial 1 with value: 1.0.
[I 2026-04-13 12:58:39,904] A new study created in memory with name: mlp
[I 2026-04-13 12:58:39,988] Trial 0 finished with value: 0.95 and parameters: {'hidden_layer_sizes': (100,), 'max_iter': 100, 'alpha': 0.0001}. Best is trial 0 with value: 0.95.
[I 2026-04-13 12:58:40,053] Trial 1 finished with value: 0.95 and parameters: {'hidden_layer_sizes': (100, 100), 'max_iter': 100, 'alpha': 0.001}. Best is trial 0 with value: 0.95.
[I 2026-04-13 12:58:40,120] Trial 2 finished with value: 1.0 and parameters: {'hidden_layer_sizes': (200,), 'max_iter': 100, 'alpha': 0.0001}. Best is trial 2 with value: 1.0.
[I 2026-04-13 12:58:40,164] Trial 3 finished with value: 0.95 and parameters: {'hidden_layer_sizes': (200,), 'max_iter': 50, 'alpha': 0.001}. Best is trial 2 with value: 1.0.
[I 2026-04-13 12:58:40,208] Trial 4 finished with value: 0.95 and parameters: {'hidden_layer_sizes': (100, 100), 'max_iter': 50, 'alpha': 0.0001}. Best is trial 2 with value: 1.0.
[I 2026-04-13 12:58:40,274] Trial 5 finished with value: 0.95 and parameters: {'hidden_layer_sizes': (200,), 'max_iter': 100, 'alpha': 0.0001}. Best is trial 2 with value: 1.0.
[I 2026-04-13 12:58:40,331] Trial 6 finished with value: 0.95 and parameters: {'hidden_layer_sizes': (200,), 'max_iter': 100, 'alpha': 0.001}. Best is trial 2 with value: 1.0.
[I 2026-04-13 12:58:40,386] Trial 7 finished with value: 0.95 and parameters: {'hidden_layer_sizes': (100,), 'max_iter': 100, 'alpha': 0.001}. Best is trial 2 with value: 1.0.
[I 2026-04-13 12:58:40,441] Trial 8 finished with value: 0.95 and parameters: {'hidden_layer_sizes': (100, 100), 'max_iter': 100, 'alpha': 0.0001}. Best is trial 2 with value: 1.0.
[I 2026-04-13 12:58:40,495] Trial 9 finished with value: 0.95 and parameters: {'hidden_layer_sizes': (200,), 'max_iter': 100, 'alpha': 0.0001}. Best is trial 2 with value: 1.0.
[I 2026-04-13 12:58:40,542] Trial 10 finished with value: 1.0 and parameters: {'hidden_layer_sizes': (200,), 'max_iter': 50, 'alpha': 0.0001}. Best is trial 2 with value: 1.0.
[I 2026-04-13 12:58:40,588] Trial 11 finished with value: 1.0 and parameters: {'hidden_layer_sizes': (200,), 'max_iter': 50, 'alpha': 0.0001}. Best is trial 2 with value: 1.0.
[I 2026-04-13 12:58:40,636] Trial 12 finished with value: 1.0 and parameters: {'hidden_layer_sizes': (200,), 'max_iter': 50, 'alpha': 0.0001}. Best is trial 2 with value: 1.0.
[I 2026-04-13 12:58:40,694] Trial 13 finished with value: 1.0 and parameters: {'hidden_layer_sizes': (200,), 'max_iter': 50, 'alpha': 0.0001}. Best is trial 2 with value: 1.0.
[I 2026-04-13 12:58:40,747] Trial 14 finished with value: 1.0 and parameters: {'hidden_layer_sizes': (200,), 'max_iter': 50, 'alpha': 0.0001}. Best is trial 2 with value: 1.0.
[I 2026-04-13 12:58:40,793] Trial 15 finished with value: 1.0 and parameters: {'hidden_layer_sizes': (100,), 'max_iter': 50, 'alpha': 0.0001}. Best is trial 2 with value: 1.0.
[I 2026-04-13 12:58:40,849] Trial 16 finished with value: 0.95 and parameters: {'hidden_layer_sizes': (200,), 'max_iter': 100, 'alpha': 0.0001}. Best is trial 2 with value: 1.0.
[I 2026-04-13 12:58:40,899] Trial 17 finished with value: 1.0 and parameters: {'hidden_layer_sizes': (200,), 'max_iter': 50, 'alpha': 0.0001}. Best is trial 2 with value: 1.0.
[I 2026-04-13 12:58:40,938] Trial 18 finished with value: 1.0 and parameters: {'hidden_layer_sizes': (100,), 'max_iter': 50, 'alpha': 0.001}. Best is trial 2 with value: 1.0.
[I 2026-04-13 12:58:41,009] Trial 19 finished with value: 0.95 and parameters: {'hidden_layer_sizes': (100, 100), 'max_iter': 100, 'alpha': 0.0001}. Best is trial 2 with value: 1.0.
[I 2026-04-13 12:58:41,054] Trial 20 finished with value: 0.95 and parameters: {'hidden_layer_sizes': (200,), 'max_iter': 50, 'alpha': 0.0001}. Best is trial 2 with value: 1.0.
[I 2026-04-13 12:58:41,110] Trial 21 finished with value: 0.95 and parameters: {'hidden_layer_sizes': (200,), 'max_iter': 50, 'alpha': 0.0001}. Best is trial 2 with value: 1.0.
[I 2026-04-13 12:58:41,171] Trial 22 finished with value: 1.0 and parameters: {'hidden_layer_sizes': (200,), 'max_iter': 50, 'alpha': 0.0001}. Best is trial 2 with value: 1.0.
[I 2026-04-13 12:58:41,217] Trial 23 finished with value: 1.0 and parameters: {'hidden_layer_sizes': (200,), 'max_iter': 50, 'alpha': 0.0001}. Best is trial 2 with value: 1.0.
[I 2026-04-13 12:58:41,266] Trial 24 finished with value: 0.95 and parameters: {'hidden_layer_sizes': (200,), 'max_iter': 50, 'alpha': 0.0001}. Best is trial 2 with value: 1.0.
[I 2026-04-13 12:58:41,313] Trial 25 finished with value: 0.95 and parameters: {'hidden_layer_sizes': (200,), 'max_iter': 50, 'alpha': 0.0001}. Best is trial 2 with value: 1.0.
[I 2026-04-13 12:58:41,370] Trial 26 finished with value: 1.0 and parameters: {'hidden_layer_sizes': (200,), 'max_iter': 100, 'alpha': 0.001}. Best is trial 2 with value: 1.0.
[I 2026-04-13 12:58:41,417] Trial 27 finished with value: 0.95 and parameters: {'hidden_layer_sizes': (200,), 'max_iter': 50, 'alpha': 0.0001}. Best is trial 2 with value: 1.0.
[I 2026-04-13 12:58:41,474] Trial 28 finished with value: 0.95 and parameters: {'hidden_layer_sizes': (100, 100), 'max_iter': 100, 'alpha': 0.0001}. Best is trial 2 with value: 1.0.
[I 2026-04-13 12:58:41,542] Trial 29 finished with value: 0.95 and parameters: {'hidden_layer_sizes': (100,), 'max_iter': 100, 'alpha': 0.0001}. Best is trial 2 with value: 1.0.
[I 2026-04-13 12:58:41,746] A new study created in memory with name: naive_bayes
[I 2026-04-13 12:58:41,760] Trial 0 finished with value: 1.0 and parameters: {'var_smoothing': 6.10548688762798e-09}. Best is trial 0 with value: 1.0.
[I 2026-04-13 12:58:41,772] Trial 1 finished with value: 1.0 and parameters: {'var_smoothing': 4.6127467400935034e-10}. Best is trial 0 with value: 1.0.
[I 2026-04-13 12:58:41,784] Trial 2 finished with value: 1.0 and parameters: {'var_smoothing': 4.389936579400967e-09}. Best is trial 0 with value: 1.0.
[I 2026-04-13 12:58:41,797] Trial 3 finished with value: 1.0 and parameters: {'var_smoothing': 1.2116948204672054e-10}. Best is trial 0 with value: 1.0.
[I 2026-04-13 12:58:41,815] Trial 4 finished with value: 1.0 and parameters: {'var_smoothing': 1.6417739478477417e-10}. Best is trial 0 with value: 1.0.
[I 2026-04-13 12:58:41,841] Trial 5 finished with value: 1.0 and parameters: {'var_smoothing': 1.5491880147236797e-09}. Best is trial 0 with value: 1.0.
[I 2026-04-13 12:58:41,857] Trial 6 finished with value: 1.0 and parameters: {'var_smoothing': 1.1471883405287265e-09}. Best is trial 0 with value: 1.0.
[I 2026-04-13 12:58:41,872] Trial 7 finished with value: 1.0 and parameters: {'var_smoothing': 6.88041853492358e-10}. Best is trial 0 with value: 1.0.
[I 2026-04-13 12:58:41,887] Trial 8 finished with value: 1.0 and parameters: {'var_smoothing': 4.686144741221158e-10}. Best is trial 0 with value: 1.0.
[I 2026-04-13 12:58:41,902] Trial 9 finished with value: 1.0 and parameters: {'var_smoothing': 1.7580809350683337e-09}. Best is trial 0 with value: 1.0.
[I 2026-04-13 12:58:41,922] Trial 10 finished with value: 1.0 and parameters: {'var_smoothing': 9.83902635509218e-09}. Best is trial 0 with value: 1.0.
[I 2026-04-13 12:58:41,943] Trial 11 finished with value: 1.0 and parameters: {'var_smoothing': 2.660399871603373e-10}. Best is trial 0 with value: 1.0.
[I 2026-04-13 12:58:41,960] Trial 12 finished with value: 1.0 and parameters: {'var_smoothing': 9.276268851540963e-09}. Best is trial 0 with value: 1.0.
[I 2026-04-13 12:58:41,982] Trial 13 finished with value: 1.0 and parameters: {'var_smoothing': 2.9844010685221692e-09}. Best is trial 0 with value: 1.0.
[I 2026-04-13 12:58:42,004] Trial 14 finished with value: 1.0 and parameters: {'var_smoothing': 3.8923309717334116e-10}. Best is trial 0 with value: 1.0.
[I 2026-04-13 12:58:42,024] Trial 15 finished with value: 1.0 and parameters: {'var_smoothing': 3.85461066627204e-09}. Best is trial 0 with value: 1.0.
[I 2026-04-13 12:58:42,043] Trial 16 finished with value: 1.0 and parameters: {'var_smoothing': 7.120907275009211e-10}. Best is trial 0 with value: 1.0.
[I 2026-04-13 12:58:42,064] Trial 17 finished with value: 1.0 and parameters: {'var_smoothing': 2.412486610614855e-10}. Best is trial 0 with value: 1.0.
[I 2026-04-13 12:58:42,094] Trial 18 finished with value: 1.0 and parameters: {'var_smoothing': 2.3580860166954074e-09}. Best is trial 0 with value: 1.0.
[I 2026-04-13 12:58:42,127] Trial 19 finished with value: 1.0 and parameters: {'var_smoothing': 5.846846875339535e-09}. Best is trial 0 with value: 1.0.
[I 2026-04-13 12:58:42,146] Trial 20 finished with value: 1.0 and parameters: {'var_smoothing': 1.0486521320383776e-09}. Best is trial 0 with value: 1.0.
[I 2026-04-13 12:58:42,176] Trial 21 finished with value: 1.0 and parameters: {'var_smoothing': 4.9491450263339475e-09}. Best is trial 0 with value: 1.0.
[I 2026-04-13 12:58:42,193] Trial 22 finished with value: 1.0 and parameters: {'var_smoothing': 6.667992141406306e-09}. Best is trial 0 with value: 1.0.
[I 2026-04-13 12:58:42,220] Trial 23 finished with value: 1.0 and parameters: {'var_smoothing': 3.2795712712135213e-09}. Best is trial 0 with value: 1.0.
[I 2026-04-13 12:58:42,235] Trial 24 finished with value: 1.0 and parameters: {'var_smoothing': 6.403538416287158e-10}. Best is trial 0 with value: 1.0.
[I 2026-04-13 12:58:42,255] Trial 25 finished with value: 1.0 and parameters: {'var_smoothing': 2.1589819023851477e-09}. Best is trial 0 with value: 1.0.
[I 2026-04-13 12:58:42,275] Trial 26 finished with value: 1.0 and parameters: {'var_smoothing': 3.912617821024548e-09}. Best is trial 0 with value: 1.0.
[I 2026-04-13 12:58:42,292] Trial 27 finished with value: 1.0 and parameters: {'var_smoothing': 7.162139101012446e-09}. Best is trial 0 with value: 1.0.
[I 2026-04-13 12:58:42,313] Trial 28 finished with value: 1.0 and parameters: {'var_smoothing': 1.3883316815746274e-09}. Best is trial 0 with value: 1.0.
[I 2026-04-13 12:58:42,333] Trial 29 finished with value: 1.0 and parameters: {'var_smoothing': 4.1751754503046387e-10}. Best is trial 0 with value: 1.0.
[I 2026-04-13 12:58:42,373] A new study created in memory with name: logreg
[I 2026-04-13 12:58:42,398] Trial 0 finished with value: 1.0 and parameters: {'C': 29.127335430981816, 'penalty': 'l2'}. Best is trial 0 with value: 1.0.
[I 2026-04-13 12:58:42,424] Trial 1 finished with value: 0.95 and parameters: {'C': 0.045698192893558344, 'penalty': 'l2'}. Best is trial 0 with value: 1.0.
[I 2026-04-13 12:58:42,439] Trial 2 finished with value: 1.0 and parameters: {'C': 12.768668597712947, 'penalty': 'l2'}. Best is trial 0 with value: 1.0.
[I 2026-04-13 12:58:42,452] Trial 3 finished with value: 0.95 and parameters: {'C': 0.0016161554408462638, 'penalty': 'l2'}. Best is trial 0 with value: 1.0.
[I 2026-04-13 12:58:42,475] Trial 4 finished with value: 0.95 and parameters: {'C': 0.0034536903703241734, 'penalty': 'l2'}. Best is trial 0 with value: 1.0.
[I 2026-04-13 12:58:42,500] Trial 5 finished with value: 0.95 and parameters: {'C': 0.9446269266990148, 'penalty': 'l2'}. Best is trial 0 with value: 1.0.
[I 2026-04-13 12:58:42,513] Trial 6 finished with value: 0.9 and parameters: {'C': 0.4457453393648168, 'penalty': 'l2'}. Best is trial 0 with value: 1.0.
[I 2026-04-13 12:58:42,535] Trial 7 finished with value: 0.9 and parameters: {'C': 0.12417585037258261, 'penalty': 'l2'}. Best is trial 0 with value: 1.0.
[I 2026-04-13 12:58:42,559] Trial 8 finished with value: 0.95 and parameters: {'C': 0.04753781830244093, 'penalty': 'l2'}. Best is trial 0 with value: 1.0.
[I 2026-04-13 12:58:42,581] Trial 9 finished with value: 0.95 and parameters: {'C': 1.2959766028194148, 'penalty': 'l2'}. Best is trial 0 with value: 1.0.
[I 2026-04-13 12:58:42,601] Trial 10 finished with value: 1.0 and parameters: {'C': 96.02411422716075, 'penalty': 'l2'}. Best is trial 0 with value: 1.0.
[I 2026-04-13 12:58:42,617] Trial 11 finished with value: 1.0 and parameters: {'C': 39.69400400084221, 'penalty': 'l2'}. Best is trial 0 with value: 1.0.
[I 2026-04-13 12:58:42,632] Trial 12 finished with value: 1.0 and parameters: {'C': 8.225959882391543, 'penalty': 'l2'}. Best is trial 0 with value: 1.0.
[I 2026-04-13 12:58:42,663] Trial 13 finished with value: 1.0 and parameters: {'C': 7.754794499748217, 'penalty': 'l2'}. Best is trial 0 with value: 1.0.
[I 2026-04-13 12:58:42,692] Trial 14 finished with value: 1.0 and parameters: {'C': 6.4805921259058685, 'penalty': 'l2'}. Best is trial 0 with value: 1.0.
[I 2026-04-13 12:58:42,711] Trial 15 finished with value: 1.0 and parameters: {'C': 20.46019149655531, 'penalty': 'l2'}. Best is trial 0 with value: 1.0.
[I 2026-04-13 12:58:42,740] Trial 16 finished with value: 0.95 and parameters: {'C': 2.6712006191102677, 'penalty': 'l2'}. Best is trial 0 with value: 1.0.
[I 2026-04-13 12:58:42,767] Trial 17 finished with value: 1.0 and parameters: {'C': 66.57016988037816, 'penalty': 'l2'}. Best is trial 0 with value: 1.0.
[I 2026-04-13 12:58:42,798] Trial 18 finished with value: 1.0 and parameters: {'C': 20.549499653203245, 'penalty': 'l2'}. Best is trial 0 with value: 1.0.
[I 2026-04-13 12:58:42,825] Trial 19 finished with value: 0.95 and parameters: {'C': 3.4848224841762354, 'penalty': 'l2'}. Best is trial 0 with value: 1.0.
[I 2026-04-13 12:58:42,845] Trial 20 finished with value: 1.0 and parameters: {'C': 21.043901013446362, 'penalty': 'l2'}. Best is trial 0 with value: 1.0.
[I 2026-04-13 12:58:42,861] Trial 21 finished with value: 1.0 and parameters: {'C': 87.70321411010794, 'penalty': 'l2'}. Best is trial 0 with value: 1.0.
[I 2026-04-13 12:58:42,877] Trial 22 finished with value: 1.0 and parameters: {'C': 36.30677704642794, 'penalty': 'l2'}. Best is trial 0 with value: 1.0.
[I 2026-04-13 12:58:42,905] Trial 23 finished with value: 1.0 and parameters: {'C': 67.14005637081, 'penalty': 'l2'}. Best is trial 0 with value: 1.0.
[I 2026-04-13 12:58:42,921] Trial 24 finished with value: 1.0 and parameters: {'C': 13.975172432857267, 'penalty': 'l2'}. Best is trial 0 with value: 1.0.
[I 2026-04-13 12:58:42,948] Trial 25 finished with value: 0.95 and parameters: {'C': 2.5102858342442156, 'penalty': 'l2'}. Best is trial 0 with value: 1.0.
[I 2026-04-13 12:58:42,965] Trial 26 finished with value: 1.0 and parameters: {'C': 81.97315110189668, 'penalty': 'l2'}. Best is trial 0 with value: 1.0.
[I 2026-04-13 12:58:42,995] Trial 27 finished with value: 0.9 and parameters: {'C': 0.3579259276997438, 'penalty': 'l2'}. Best is trial 0 with value: 1.0.
[I 2026-04-13 12:58:43,028] Trial 28 finished with value: 1.0 and parameters: {'C': 9.915263880713663, 'penalty': 'l2'}. Best is trial 0 with value: 1.0.
[I 2026-04-13 12:58:43,051] Trial 29 finished with value: 1.0 and parameters: {'C': 36.006266795176856, 'penalty': 'l2'}. Best is trial 0 with value: 1.0.
[I 2026-04-13 12:58:43,097] A new study created in memory with name: knn
[I 2026-04-13 12:58:43,112] Trial 0 finished with value: 0.95 and parameters: {'n_neighbors': 10, 'leaf_size': 26, 'p': 1}. Best is trial 0 with value: 0.95.
[I 2026-04-13 12:58:43,126] Trial 1 finished with value: 0.95 and parameters: {'n_neighbors': 3, 'leaf_size': 32, 'p': 1}. Best is trial 0 with value: 0.95.
[I 2026-04-13 12:58:43,141] Trial 2 finished with value: 0.95 and parameters: {'n_neighbors': 5, 'leaf_size': 33, 'p': 2}. Best is trial 0 with value: 0.95.
[I 2026-04-13 12:58:43,155] Trial 3 finished with value: 0.95 and parameters: {'n_neighbors': 7, 'leaf_size': 32, 'p': 2}. Best is trial 0 with value: 0.95.
[I 2026-04-13 12:58:43,171] Trial 4 finished with value: 1.0 and parameters: {'n_neighbors': 9, 'leaf_size': 28, 'p': 1}. Best is trial 4 with value: 1.0.
[I 2026-04-13 12:58:43,184] Trial 5 finished with value: 0.95 and parameters: {'n_neighbors': 3, 'leaf_size': 35, 'p': 1}. Best is trial 4 with value: 1.0.
[I 2026-04-13 12:58:43,198] Trial 6 finished with value: 0.95 and parameters: {'n_neighbors': 8, 'leaf_size': 31, 'p': 2}. Best is trial 4 with value: 1.0.
[I 2026-04-13 12:58:43,210] Trial 7 finished with value: 0.95 and parameters: {'n_neighbors': 6, 'leaf_size': 24, 'p': 2}. Best is trial 4 with value: 1.0.
[I 2026-04-13 12:58:43,223] Trial 8 finished with value: 0.95 and parameters: {'n_neighbors': 5, 'leaf_size': 34, 'p': 2}. Best is trial 4 with value: 1.0.
[I 2026-04-13 12:58:43,253] Trial 9 finished with value: 0.95 and parameters: {'n_neighbors': 10, 'leaf_size': 27, 'p': 2}. Best is trial 4 with value: 1.0.
[I 2026-04-13 12:58:43,273] Trial 10 finished with value: 0.95 and parameters: {'n_neighbors': 8, 'leaf_size': 40, 'p': 1}. Best is trial 4 with value: 1.0.
[I 2026-04-13 12:58:43,320] Trial 11 finished with value: 0.95 and parameters: {'n_neighbors': 10, 'leaf_size': 21, 'p': 1}. Best is trial 4 with value: 1.0.
[I 2026-04-13 12:58:43,341] Trial 12 finished with value: 1.0 and parameters: {'n_neighbors': 9, 'leaf_size': 27, 'p': 1}. Best is trial 4 with value: 1.0.
[I 2026-04-13 12:58:43,362] Trial 13 finished with value: 0.95 and parameters: {'n_neighbors': 8, 'leaf_size': 28, 'p': 1}. Best is trial 4 with value: 1.0.
[I 2026-04-13 12:58:43,383] Trial 14 finished with value: 1.0 and parameters: {'n_neighbors': 9, 'leaf_size': 23, 'p': 1}. Best is trial 4 with value: 1.0.
[I 2026-04-13 12:58:43,405] Trial 15 finished with value: 1.0 and parameters: {'n_neighbors': 9, 'leaf_size': 29, 'p': 1}. Best is trial 4 with value: 1.0.
[I 2026-04-13 12:58:43,429] Trial 16 finished with value: 0.95 and parameters: {'n_neighbors': 7, 'leaf_size': 37, 'p': 1}. Best is trial 4 with value: 1.0.
[I 2026-04-13 12:58:43,454] Trial 17 finished with value: 1.0 and parameters: {'n_neighbors': 9, 'leaf_size': 25, 'p': 1}. Best is trial 4 with value: 1.0.
[I 2026-04-13 12:58:43,478] Trial 18 finished with value: 0.95 and parameters: {'n_neighbors': 6, 'leaf_size': 21, 'p': 1}. Best is trial 4 with value: 1.0.
[I 2026-04-13 12:58:43,503] Trial 19 finished with value: 1.0 and parameters: {'n_neighbors': 9, 'leaf_size': 30, 'p': 1}. Best is trial 4 with value: 1.0.
[I 2026-04-13 12:58:43,531] Trial 20 finished with value: 0.95 and parameters: {'n_neighbors': 8, 'leaf_size': 23, 'p': 1}. Best is trial 4 with value: 1.0.
[I 2026-04-13 12:58:43,570] Trial 21 finished with value: 1.0 and parameters: {'n_neighbors': 9, 'leaf_size': 23, 'p': 1}. Best is trial 4 with value: 1.0.
[I 2026-04-13 12:58:43,596] Trial 22 finished with value: 0.95 and parameters: {'n_neighbors': 10, 'leaf_size': 27, 'p': 1}. Best is trial 4 with value: 1.0.
[I 2026-04-13 12:58:43,627] Trial 23 finished with value: 1.0 and parameters: {'n_neighbors': 9, 'leaf_size': 20, 'p': 1}. Best is trial 4 with value: 1.0.
[I 2026-04-13 12:58:43,664] Trial 24 finished with value: 0.95 and parameters: {'n_neighbors': 7, 'leaf_size': 25, 'p': 1}. Best is trial 4 with value: 1.0.
[I 2026-04-13 12:58:43,688] Trial 25 finished with value: 0.95 and parameters: {'n_neighbors': 8, 'leaf_size': 29, 'p': 1}. Best is trial 4 with value: 1.0.
[I 2026-04-13 12:58:43,715] Trial 26 finished with value: 1.0 and parameters: {'n_neighbors': 9, 'leaf_size': 23, 'p': 1}. Best is trial 4 with value: 1.0.
[I 2026-04-13 12:58:43,742] Trial 27 finished with value: 0.95 and parameters: {'n_neighbors': 10, 'leaf_size': 27, 'p': 1}. Best is trial 4 with value: 1.0.
[I 2026-04-13 12:58:43,763] Trial 28 finished with value: 0.95 and parameters: {'n_neighbors': 8, 'leaf_size': 22, 'p': 1}. Best is trial 4 with value: 1.0.
