[I 2026-04-13 13:07:53,270] Trial 4 finished with value: 0.95 and parameters: {'n_estimators': 10, 'max_depth': 20, 'gamma': 0.5301766121845122, 'subsample': 0.7177777323831729, 'colsample_bytree': 0.9352041482132656}. Best is trial 0 with value: 1.0.
[I 2026-04-13 13:07:53,307] Trial 5 finished with value: 0.95 and parameters: {'n_estimators': 100, 'max_depth': 5, 'gamma': 0.6742485862456464, 'subsample': 0.7308488312353485, 'colsample_bytree': 0.5265297122426965}. Best is trial 0 with value: 1.0.
[I 2026-04-13 13:07:53,335] Trial 6 finished with value: 0.95 and parameters: {'n_estimators': 100, 'max_depth': 30, 'gamma': 0.5360486096375219, 'subsample': 0.8488681925618888, 'colsample_bytree': 0.900578215847843}. Best is trial 0 with value: 1.0.
[I 2026-04-13 13:07:53,361] Trial 7 finished with value: 1.0 and parameters: {'n_estimators': 40, 'max_depth': 5, 'gamma': 0.4997010655396419, 'subsample': 0.7490698051808964, 'colsample_bytree': 0.7071731623998108}. Best is trial 0 with value: 1.0.
[I 2026-04-13 13:07:53,399] Trial 8 finished with value: 0.95 and parameters: {'n_estimators': 100, 'max_depth': 5, 'gamma': 0.5449029446194361, 'subsample': 0.7150234071055932, 'colsample_bytree': 0.8673829085180849}. Best is trial 0 with value: 1.0.
[I 2026-04-13 13:07:53,438] Trial 9 finished with value: 0.95 and parameters: {'n_estimators': 100, 'max_depth': 30, 'gamma': 0.5427360453562716, 'subsample': 0.5915763668266103, 'colsample_bytree': 0.5546552575823498}. Best is trial 0 with value: 1.0.
[I 2026-04-13 13:07:53,473] Trial 10 finished with value: 0.95 and parameters: {'n_estimators': 40, 'max_depth': 30, 'gamma': 0.14684638844211245, 'subsample': 0.5183047662344111, 'colsample_bytree': 0.6399757283243361}. Best is trial 0 with value: 1.0.
[I 2026-04-13 13:07:53,520] Trial 11 finished with value: 1.0 and parameters: {'n_estimators': 40, 'max_depth': 5, 'gamma': 0.3636390544526132, 'subsample': 0.8054305408612227, 'colsample_bytree': 0.708779028268002}. Best is trial 0 with value: 1.0.
[I 2026-04-13 13:07:53,557] Trial 12 finished with value: 1.0 and parameters: {'n_estimators': 40, 'max_depth': 30, 'gamma': 0.7487633273197036, 'subsample': 0.6474067209535633, 'colsample_bytree': 0.6321863083844438}. Best is trial 0 with value: 1.0.
[I 2026-04-13 13:07:53,596] Trial 13 finished with value: 1.0 and parameters: {'n_estimators': 40, 'max_depth': 5, 'gamma': 0.3507723726564195, 'subsample': 0.7963743709622455, 'colsample_bytree': 0.774665187620459}. Best is trial 0 with value: 1.0.
[I 2026-04-13 13:07:53,643] Trial 14 finished with value: 0.95 and parameters: {'n_estimators': 10, 'max_depth': 20, 'gamma': 0.41351931076872145, 'subsample': 0.5496104989333248, 'colsample_bytree': 0.61545905196428}. Best is trial 0 with value: 1.0.
[I 2026-04-13 13:07:53,678] Trial 15 finished with value: 1.0 and parameters: {'n_estimators': 40, 'max_depth': 30, 'gamma': 0.7804219605572124, 'subsample': 0.6732093733372994, 'colsample_bytree': 0.7155253883752144}. Best is trial 0 with value: 1.0.
[I 2026-04-13 13:07:53,752] Trial 16 finished with value: 0.95 and parameters: {'n_estimators': 40, 'max_depth': 5, 'gamma': 0.1971240587712514, 'subsample': 0.7865035098662503, 'colsample_bytree': 0.506573445234963}. Best is trial 0 with value: 1.0.
[I 2026-04-13 13:07:53,789] Trial 17 finished with value: 0.95 and parameters: {'n_estimators': 40, 'max_depth': 5, 'gamma': 0.43716986489552745, 'subsample': 0.591050774060242, 'colsample_bytree': 0.7750011501505286}. Best is trial 0 with value: 1.0.
[I 2026-04-13 13:07:53,833] Trial 18 finished with value: 1.0 and parameters: {'n_estimators': 10, 'max_depth': 30, 'gamma': 0.29624705228050296, 'subsample': 0.6739503119236959, 'colsample_bytree': 0.5895085920073285}. Best is trial 0 with value: 1.0.
[I 2026-04-13 13:07:53,879] Trial 19 finished with value: 0.95 and parameters: {'n_estimators': 40, 'max_depth': 20, 'gamma': 0.8484091708840186, 'subsample': 0.5022813940379721, 'colsample_bytree': 0.7097341675902225}. Best is trial 0 with value: 1.0.
[I 2026-04-13 13:07:53,914] Trial 20 finished with value: 0.95 and parameters: {'n_estimators': 40, 'max_depth': 30, 'gamma': 0.6521726999788839, 'subsample': 0.8598211984650851, 'colsample_bytree': 0.6662949926145049}. Best is trial 0 with value: 1.0.
[I 2026-04-13 13:07:53,952] Trial 21 finished with value: 1.0 and parameters: {'n_estimators': 40, 'max_depth': 5, 'gamma': 0.4320186305163636, 'subsample': 0.8000901140386524, 'colsample_bytree': 0.6913424618872773}. Best is trial 0 with value: 1.0.
[I 2026-04-13 13:07:54,002] Trial 22 finished with value: 1.0 and parameters: {'n_estimators': 40, 'max_depth': 5, 'gamma': 0.36503453482071035, 'subsample': 0.7701985594899753, 'colsample_bytree': 0.7986478159503467}. Best is trial 0 with value: 1.0.
[I 2026-04-13 13:07:54,041] Trial 23 finished with value: 1.0 and parameters: {'n_estimators': 40, 'max_depth': 5, 'gamma': 0.4645180859644267, 'subsample': 0.8354771083675612, 'colsample_bytree': 0.7363529030997521}. Best is trial 0 with value: 1.0.
[I 2026-04-13 13:07:54,081] Trial 24 finished with value: 0.95 and parameters: {'n_estimators': 40, 'max_depth': 5, 'gamma': 0.25168936737730147, 'subsample': 0.9385866275582306, 'colsample_bytree': 0.5626601708041572}. Best is trial 0 with value: 1.0.
[I 2026-04-13 13:07:54,122] Trial 25 finished with value: 0.95 and parameters: {'n_estimators': 10, 'max_depth': 5, 'gamma': 0.4787334380779372, 'subsample': 0.8925520621648786, 'colsample_bytree': 0.6700330987574945}. Best is trial 0 with value: 1.0.
[I 2026-04-13 13:07:54,161] Trial 26 finished with value: 1.0 and parameters: {'n_estimators': 40, 'max_depth': 5, 'gamma': 0.62597788769395, 'subsample': 0.7422792259948399, 'colsample_bytree': 0.8163130220355199}. Best is trial 0 with value: 1.0.
[I 2026-04-13 13:07:54,201] Trial 27 finished with value: 1.0 and parameters: {'n_estimators': 40, 'max_depth': 5, 'gamma': 0.35256761013081395, 'subsample': 0.6715370689370073, 'colsample_bytree': 0.7505033206127705}. Best is trial 0 with value: 1.0.
[I 2026-04-13 13:07:54,236] Trial 28 finished with value: 1.0 and parameters: {'n_estimators': 40, 'max_depth': 20, 'gamma': 0.32026290611124264, 'subsample': 0.7066349429896541, 'colsample_bytree': 0.5766548681608892}. Best is trial 0 with value: 1.0.
[I 2026-04-13 13:07:54,275] Trial 29 finished with value: 0.95 and parameters: {'n_estimators': 10, 'max_depth': 30, 'gamma': 0.10811070909377568, 'subsample': 0.9539525485989067, 'colsample_bytree': 0.839227806609715}. Best is trial 0 with value: 1.0.



>>> Optuna tuning logreg metodo k-means IPC 10 seed 9


Parámetros guardados en /data/home/rtabares/estiven/CorVAE/checkpoint_smoke_test_mlp/k-means/IPC_10/best_models_k-means_seed_9_space_original/logreg_best_params.json


>>> Optuna tuning knn metodo k-means IPC 10 seed 9


Parámetros guardados en /data/home/rtabares/estiven/CorVAE/checkpoint_smoke_test_mlp/k-means/IPC_10/best_models_k-means_seed_9_space_original/knn_best_params.json


>>> Optuna tuning xgb metodo k-means IPC 10 seed 9


Parámetros guardados en /data/home/rtabares/estiven/CorVAE/checkpoint_smoke_test_mlp/k-means/IPC_10/best_models_k-means_seed_9_space_original/xgb_best_params.json


>>> Optuna tuning rf metodo k-means IPC 10 seed 9


Parámetros guardados en /data/home/rtabares/estiven/CorVAE/checkpoint_smoke_test_mlp/k-means/IPC_10/best_models_k-means_seed_9_space_original/rf_best_params.json


>>> Optuna tuning mlp metodo k-means IPC 10 seed 9


Parámetros guardados en /data/home/rtabares/estiven/CorVAE/checkpoint_smoke_test_mlp/k-means/IPC_10/best_models_k-means_seed_9_space_original/mlp_best_params.json


>>> Optuna tuning naive_bayes metodo k-center IPC 10 seed 9


Parámetros guardados en /data/home/rtabares/estiven/CorVAE/checkpoint_smoke_test_mlp/k-center/IPC_10/best_models_k-center_seed_9_space_latent/naive_bayes_best_params.json


>>> Optuna tuning logreg metodo k-center IPC 10 seed 9


Parámetros guardados en /data/home/rtabares/estiven/CorVAE/checkpoint_smoke_test_mlp/k-center/IPC_10/best_models_k-center_seed_9_space_latent/logreg_best_params.json


>>> Optuna tuning knn metodo k-center IPC 10 seed 9


Parámetros guardados en /data/home/rtabares/estiven/CorVAE/checkpoint_smoke_test_mlp/k-center/IPC_10/best_models_k-center_seed_9_space_latent/knn_best_params.json


>>> Optuna tuning xgb metodo k-center IPC 10 seed 9


Parámetros guardados en /data/home/rtabares/estiven/CorVAE/checkpoint_smoke_test_mlp/k-center/IPC_10/best_models_k-center_seed_9_space_latent/xgb_best_params.json


>>> Optuna tuning rf metodo k-center IPC 10 seed 9


Parámetros guardados en /data/home/rtabares/estiven/CorVAE/checkpoint_smoke_test_mlp/k-center/IPC_10/best_models_k-center_seed_9_space_latent/rf_best_params.json


>>> Optuna tuning mlp metodo k-center IPC 10 seed 9


Parámetros guardados en /data/home/rtabares/estiven/CorVAE/checkpoint_smoke_test_mlp/k-center/IPC_10/best_models_k-center_seed_9_space_latent/mlp_best_params.json


>>> Optuna tuning naive_bayes metodo k-center IPC 10 seed 9


Parámetros guardados en /data/home/rtabares/estiven/CorVAE/checkpoint_smoke_test_mlp/k-center/IPC_10/best_models_k-center_seed_9_space_original/naive_bayes_best_params.json


>>> Optuna tuning logreg metodo k-center IPC 10 seed 9


Parámetros guardados en /data/home/rtabares/estiven/CorVAE/checkpoint_smoke_test_mlp/k-center/IPC_10/best_models_k-center_seed_9_space_original/logreg_best_params.json


>>> Optuna tuning knn metodo k-center IPC 10 seed 9


Parámetros guardados en /data/home/rtabares/estiven/CorVAE/checkpoint_smoke_test_mlp/k-center/IPC_10/best_models_k-center_seed_9_space_original/knn_best_params.json


>>> Optuna tuning xgb metodo k-center IPC 10 seed 9


Parámetros guardados en /data/home/rtabares/estiven/CorVAE/checkpoint_smoke_test_mlp/k-center/IPC_10/best_models_k-center_seed_9_space_original/xgb_best_params.json


>>> Optuna tuning rf metodo k-center IPC 10 seed 9


Parámetros guardados en /data/home/rtabares/estiven/CorVAE/checkpoint_smoke_test_mlp/k-center/IPC_10/best_models_k-center_seed_9_space_original/rf_best_params.json


>>> Optuna tuning mlp metodo k-center IPC 10 seed 9


Parámetros guardados en /data/home/rtabares/estiven/CorVAE/checkpoint_smoke_test_mlp/k-center/IPC_10/best_models_k-center_seed_9_space_original/mlp_best_params.json


>>> Optuna tuning naive_bayes metodo ag IPC 10 seed 9


Parámetros guardados en /data/home/rtabares/estiven/CorVAE/checkpoint_smoke_test_mlp/ag/IPC_10/best_models_ag_seed_9_space_latent/naive_bayes_best_params.json


>>> Optuna tuning logreg metodo ag IPC 10 seed 9


Parámetros guardados en /data/home/rtabares/estiven/CorVAE/checkpoint_smoke_test_mlp/ag/IPC_10/best_models_ag_seed_9_space_latent/logreg_best_params.json


>>> Optuna tuning knn metodo ag IPC 10 seed 9


Parámetros guardados en /data/home/rtabares/estiven/CorVAE/checkpoint_smoke_test_mlp/ag/IPC_10/best_models_ag_seed_9_space_latent/knn_best_params.json


>>> Optuna tuning xgb metodo ag IPC 10 seed 9


Parámetros guardados en /data/home/rtabares/estiven/CorVAE/checkpoint_smoke_test_mlp/ag/IPC_10/best_models_ag_seed_9_space_latent/xgb_best_params.json


>>> Optuna tuning rf metodo ag IPC 10 seed 9


Parámetros guardados en /data/home/rtabares/estiven/CorVAE/checkpoint_smoke_test_mlp/ag/IPC_10/best_models_ag_seed_9_space_latent/rf_best_params.json


>>> Optuna tuning mlp metodo ag IPC 10 seed 9


Parámetros guardados en /data/home/rtabares/estiven/CorVAE/checkpoint_smoke_test_mlp/ag/IPC_10/best_models_ag_seed_9_space_latent/mlp_best_params.json


>>> Optuna tuning naive_bayes metodo ag IPC 10 seed 9


Parámetros guardados en /data/home/rtabares/estiven/CorVAE/checkpoint_smoke_test_mlp/ag/IPC_10/best_models_ag_seed_9_space_original/naive_bayes_best_params.json


>>> Optuna tuning logreg metodo ag IPC 10 seed 9


Parámetros guardados en /data/home/rtabares/estiven/CorVAE/checkpoint_smoke_test_mlp/ag/IPC_10/best_models_ag_seed_9_space_original/logreg_best_params.json


>>> Optuna tuning knn metodo ag IPC 10 seed 9


Parámetros guardados en /data/home/rtabares/estiven/CorVAE/checkpoint_smoke_test_mlp/ag/IPC_10/best_models_ag_seed_9_space_original/knn_best_params.json


>>> Optuna tuning xgb metodo ag IPC 10 seed 9


Parámetros guardados en /data/home/rtabares/estiven/CorVAE/checkpoint_smoke_test_mlp/ag/IPC_10/best_models_ag_seed_9_space_original/xgb_best_params.json


>>> Optuna tuning rf metodo ag IPC 10 seed 9


Parámetros guardados en /data/home/rtabares/estiven/CorVAE/checkpoint_smoke_test_mlp/ag/IPC_10/best_models_ag_seed_9_space_original/rf_best_params.json


>>> Optuna tuning mlp metodo ag IPC 10 seed 9


Parámetros guardados en /data/home/rtabares/estiven/CorVAE/checkpoint_smoke_test_mlp/ag/IPC_10/best_models_ag_seed_9_space_original/mlp_best_params.json


>>> Optuna tuning naive_bayes metodo lc IPC 10 seed 9


Parámetros guardados en /data/home/rtabares/estiven/CorVAE/checkpoint_smoke_test_mlp/lc/IPC_10/best_models_lc_seed_9_space_latent/naive_bayes_best_params.json


>>> Optuna tuning logreg metodo lc IPC 10 seed 9


Parámetros guardados en /data/home/rtabares/estiven/CorVAE/checkpoint_smoke_test_mlp/lc/IPC_10/best_models_lc_seed_9_space_latent/logreg_best_params.json


>>> Optuna tuning knn metodo lc IPC 10 seed 9


Parámetros guardados en /data/home/rtabares/estiven/CorVAE/checkpoint_smoke_test_mlp/lc/IPC_10/best_models_lc_seed_9_space_latent/knn_best_params.json


>>> Optuna tuning xgb metodo lc IPC 10 seed 9


Parámetros guardados en /data/home/rtabares/estiven/CorVAE/checkpoint_smoke_test_mlp/lc/IPC_10/best_models_lc_seed_9_space_latent/xgb_best_params.json


>>> Optuna tuning rf metodo lc IPC 10 seed 9


Parámetros guardados en /data/home/rtabares/estiven/CorVAE/checkpoint_smoke_test_mlp/lc/IPC_10/best_models_lc_seed_9_space_latent/rf_best_params.json


>>> Optuna tuning mlp metodo lc IPC 10 seed 9


Parámetros guardados en /data/home/rtabares/estiven/CorVAE/checkpoint_smoke_test_mlp/lc/IPC_10/best_models_lc_seed_9_space_latent/mlp_best_params.json


>>> Optuna tuning naive_bayes metodo lc IPC 10 seed 9


Parámetros guardados en /data/home/rtabares/estiven/CorVAE/checkpoint_smoke_test_mlp/lc/IPC_10/best_models_lc_seed_9_space_original/naive_bayes_best_params.json


>>> Optuna tuning logreg metodo lc IPC 10 seed 9


Parámetros guardados en /data/home/rtabares/estiven/CorVAE/checkpoint_smoke_test_mlp/lc/IPC_10/best_models_lc_seed_9_space_original/logreg_best_params.json


>>> Optuna tuning knn metodo lc IPC 10 seed 9


Parámetros guardados en /data/home/rtabares/estiven/CorVAE/checkpoint_smoke_test_mlp/lc/IPC_10/best_models_lc_seed_9_space_original/knn_best_params.json


>>> Optuna tuning xgb metodo lc IPC 10 seed 9


Parámetros guardados en /data/home/rtabares/estiven/CorVAE/checkpoint_smoke_test_mlp/lc/IPC_10/best_models_lc_seed_9_space_original/xgb_best_params.json[I 2026-04-13 13:07:54,425] A new study created in memory with name: rf
[I 2026-04-13 13:07:54,582] Trial 0 finished with value: 1.0 and parameters: {'n_estimators': 104, 'max_depth': 12, 'min_samples_split': 6, 'min_samples_leaf': 2}. Best is trial 0 with value: 1.0.
[I 2026-04-13 13:07:54,820] Trial 1 finished with value: 1.0 and parameters: {'n_estimators': 156, 'max_depth': 6, 'min_samples_split': 5, 'min_samples_leaf': 3}. Best is trial 0 with value: 1.0.
[I 2026-04-13 13:07:55,020] Trial 2 finished with value: 0.5 and parameters: {'n_estimators': 133, 'max_depth': 9, 'min_samples_split': 3, 'min_samples_leaf': 9}. Best is trial 0 with value: 1.0.
[I 2026-04-13 13:07:55,599] Trial 3 finished with value: 1.0 and parameters: {'n_estimators': 481, 'max_depth': 3, 'min_samples_split': 8, 'min_samples_leaf': 6}. Best is trial 0 with value: 1.0.
[I 2026-04-13 13:07:56,140] Trial 4 finished with value: 0.5 and parameters: {'n_estimators': 460, 'max_depth': 15, 'min_samples_split': 6, 'min_samples_leaf': 8}. Best is trial 0 with value: 1.0.
[I 2026-04-13 13:07:56,461] Trial 5 finished with value: 1.0 and parameters: {'n_estimators': 254, 'max_depth': 15, 'min_samples_split': 9, 'min_samples_leaf': 5}. Best is trial 0 with value: 1.0.
[I 2026-04-13 13:07:57,022] Trial 6 finished with value: 1.0 and parameters: {'n_estimators': 477, 'max_depth': 17, 'min_samples_split': 10, 'min_samples_leaf': 2}. Best is trial 0 with value: 1.0.
[I 2026-04-13 13:07:57,522] Trial 7 finished with value: 0.5 and parameters: {'n_estimators': 308, 'max_depth': 20, 'min_samples_split': 7, 'min_samples_leaf': 9}. Best is trial 0 with value: 1.0.
[I 2026-04-13 13:07:58,095] Trial 8 finished with value: 0.5 and parameters: {'n_estimators': 489, 'max_depth': 6, 'min_samples_split': 4, 'min_samples_leaf': 9}. Best is trial 0 with value: 1.0.
[I 2026-04-13 13:07:58,775] Trial 9 finished with value: 1.0 and parameters: {'n_estimators': 463, 'max_depth': 16, 'min_samples_split': 5, 'min_samples_leaf': 5}. Best is trial 0 with value: 1.0.
[I 2026-04-13 13:07:59,080] Trial 10 finished with value: 1.0 and parameters: {'n_estimators': 233, 'max_depth': 11, 'min_samples_split': 2, 'min_samples_leaf': 1}. Best is trial 0 with value: 1.0.
[I 2026-04-13 13:07:59,263] Trial 11 finished with value: 1.0 and parameters: {'n_estimators': 100, 'max_depth': 8, 'min_samples_split': 6, 'min_samples_leaf': 3}. Best is trial 0 with value: 1.0.
[I 2026-04-13 13:07:59,545] Trial 12 finished with value: 1.0 and parameters: {'n_estimators': 172, 'max_depth': 12, 'min_samples_split': 5, 'min_samples_leaf': 3}. Best is trial 0 with value: 1.0.
[I 2026-04-13 13:07:59,798] Trial 13 finished with value: 1.0 and parameters: {'n_estimators': 194, 'max_depth': 3, 'min_samples_split': 7, 'min_samples_leaf': 3}. Best is trial 0 with value: 1.0.
[I 2026-04-13 13:08:00,320] Trial 14 finished with value: 1.0 and parameters: {'n_estimators': 339, 'max_depth': 12, 'min_samples_split': 4, 'min_samples_leaf': 1}. Best is trial 0 with value: 1.0.
[I 2026-04-13 13:08:00,587] Trial 15 finished with value: 1.0 and parameters: {'n_estimators': 161, 'max_depth': 6, 'min_samples_split': 5, 'min_samples_leaf': 4}. Best is trial 0 with value: 1.0.
[I 2026-04-13 13:08:00,778] Trial 16 finished with value: 0.5 and parameters: {'n_estimators': 104, 'max_depth': 9, 'min_samples_split': 7, 'min_samples_leaf': 7}. Best is trial 0 with value: 1.0.
[I 2026-04-13 13:08:01,288] Trial 17 finished with value: 1.0 and parameters: {'n_estimators': 359, 'max_depth': 5, 'min_samples_split': 2, 'min_samples_leaf': 2}. Best is trial 0 with value: 1.0.
[I 2026-04-13 13:08:01,636] Trial 18 finished with value: 1.0 and parameters: {'n_estimators': 222, 'max_depth': 10, 'min_samples_split': 4, 'min_samples_leaf': 4}. Best is trial 0 with value: 1.0.
[I 2026-04-13 13:08:02,182] Trial 19 finished with value: 1.0 and parameters: {'n_estimators': 405, 'max_depth': 13, 'min_samples_split': 6, 'min_samples_leaf': 2}. Best is trial 0 with value: 1.0.
[I 2026-04-13 13:08:02,455] Trial 20 finished with value: 1.0 and parameters: {'n_estimators': 144, 'max_depth': 8, 'min_samples_split': 8, 'min_samples_leaf': 4}. Best is trial 0 with value: 1.0.
[I 2026-04-13 13:08:02,864] Trial 21 finished with value: 1.0 and parameters: {'n_estimators': 269, 'max_depth': 3, 'min_samples_split': 8, 'min_samples_leaf': 6}. Best is trial 0 with value: 1.0.
[I 2026-04-13 13:08:03,479] Trial 22 finished with value: 1.0 and parameters: {'n_estimators': 415, 'max_depth': 5, 'min_samples_split': 8, 'min_samples_leaf': 6}. Best is trial 0 with value: 1.0.
[I 2026-04-13 13:08:03,756] Trial 23 finished with value: 0.5 and parameters: {'n_estimators': 187, 'max_depth': 3, 'min_samples_split': 10, 'min_samples_leaf': 7}. Best is trial 0 with value: 1.0.
[I 2026-04-13 13:08:03,983] Trial 24 finished with value: 0.65 and parameters: {'n_estimators': 132, 'max_depth': 7, 'min_samples_split': 9, 'min_samples_leaf': 7}. Best is trial 0 with value: 1.0.
[I 2026-04-13 13:08:04,416] Trial 25 finished with value: 1.0 and parameters: {'n_estimators': 295, 'max_depth': 4, 'min_samples_split': 7, 'min_samples_leaf': 5}. Best is trial 0 with value: 1.0.
[I 2026-04-13 13:08:04,934] Trial 26 finished with value: 1.0 and parameters: {'n_estimators': 399, 'max_depth': 14, 'min_samples_split': 5, 'min_samples_leaf': 1}. Best is trial 0 with value: 1.0.
[I 2026-04-13 13:08:05,233] Trial 27 finished with value: 1.0 and parameters: {'n_estimators': 216, 'max_depth': 5, 'min_samples_split': 9, 'min_samples_leaf': 3}. Best is trial 0 with value: 1.0.
[I 2026-04-13 13:08:05,873] Trial 28 finished with value: 0.5 and parameters: {'n_estimators': 377, 'max_depth': 19, 'min_samples_split': 3, 'min_samples_leaf': 10}. Best is trial 0 with value: 1.0.
[I 2026-04-13 13:08:06,079] Trial 29 finished with value: 1.0 and parameters: {'n_estimators': 127, 'max_depth': 10, 'min_samples_split': 6, 'min_samples_leaf': 4}. Best is trial 0 with value: 1.0.
[I 2026-04-13 13:08:06,351] A new study created in memory with name: mlp
[I 2026-04-13 13:08:06,425] Trial 0 finished with value: 1.0 and parameters: {'hidden_layer_sizes': (200,), 'max_iter': 100, 'alpha': 0.001}. Best is trial 0 with value: 1.0.
[I 2026-04-13 13:08:06,530] Trial 1 finished with value: 1.0 and parameters: {'hidden_layer_sizes': (100, 100), 'max_iter': 100, 'alpha': 0.0001}. Best is trial 0 with value: 1.0.
[I 2026-04-13 13:08:06,595] Trial 2 finished with value: 1.0 and parameters: {'hidden_layer_sizes': (100, 100), 'max_iter': 50, 'alpha': 0.0001}. Best is trial 0 with value: 1.0.
[I 2026-04-13 13:08:06,641] Trial 3 finished with value: 1.0 and parameters: {'hidden_layer_sizes': (200,), 'max_iter': 50, 'alpha': 0.0001}. Best is trial 0 with value: 1.0.
[I 2026-04-13 13:08:06,718] Trial 4 finished with value: 1.0 and parameters: {'hidden_layer_sizes': (200,), 'max_iter': 100, 'alpha': 0.001}. Best is trial 0 with value: 1.0.
[I 2026-04-13 13:08:06,806] Trial 5 finished with value: 1.0 and parameters: {'hidden_layer_sizes': (200,), 'max_iter': 100, 'alpha': 0.0001}. Best is trial 0 with value: 1.0.
