[I 2026-04-13 13:04:10,627] Trial 19 finished with value: 0.6 and parameters: {'n_estimators': 495, 'max_depth': 9, 'min_samples_split': 4, 'min_samples_leaf': 3}. Best is trial 4 with value: 0.6.
[I 2026-04-13 13:04:10,905] Trial 20 finished with value: 0.35 and parameters: {'n_estimators': 158, 'max_depth': 17, 'min_samples_split': 3, 'min_samples_leaf': 2}. Best is trial 4 with value: 0.6.
[I 2026-04-13 13:04:11,133] Trial 21 finished with value: 0.55 and parameters: {'n_estimators': 158, 'max_depth': 13, 'min_samples_split': 7, 'min_samples_leaf': 3}. Best is trial 4 with value: 0.6.
[I 2026-04-13 13:04:11,429] Trial 22 finished with value: 0.6 and parameters: {'n_estimators': 225, 'max_depth': 10, 'min_samples_split': 8, 'min_samples_leaf': 3}. Best is trial 4 with value: 0.6.
[I 2026-04-13 13:04:11,674] Trial 23 finished with value: 0.5 and parameters: {'n_estimators': 160, 'max_depth': 13, 'min_samples_split': 6, 'min_samples_leaf': 4}. Best is trial 4 with value: 0.6.
[I 2026-04-13 13:04:11,956] Trial 24 finished with value: 0.4 and parameters: {'n_estimators': 158, 'max_depth': 5, 'min_samples_split': 5, 'min_samples_leaf': 1}. Best is trial 4 with value: 0.6.
[I 2026-04-13 13:04:12,170] Trial 25 finished with value: 0.6 and parameters: {'n_estimators': 111, 'max_depth': 18, 'min_samples_split': 8, 'min_samples_leaf': 2}. Best is trial 4 with value: 0.6.
[I 2026-04-13 13:04:12,445] Trial 26 finished with value: 0.5 and parameters: {'n_estimators': 196, 'max_depth': 12, 'min_samples_split': 4, 'min_samples_leaf': 5}. Best is trial 4 with value: 0.6.
[I 2026-04-13 13:04:12,764] Trial 27 finished with value: 0.6 and parameters: {'n_estimators': 252, 'max_depth': 14, 'min_samples_split': 7, 'min_samples_leaf': 3}. Best is trial 4 with value: 0.6.
[I 2026-04-13 13:04:13,158] Trial 28 finished with value: 0.5 and parameters: {'n_estimators': 317, 'max_depth': 5, 'min_samples_split': 8, 'min_samples_leaf': 4}. Best is trial 4 with value: 0.6.
[I 2026-04-13 13:04:13,356] Trial 29 finished with value: 0.5 and parameters: {'n_estimators': 102, 'max_depth': 9, 'min_samples_split': 5, 'min_samples_leaf': 6}. Best is trial 4 with value: 0.6.
[I 2026-04-13 13:04:13,850] A new study created in memory with name: mlp
[I 2026-04-13 13:04:13,895] Trial 0 finished with value: 0.45 and parameters: {'hidden_layer_sizes': (200,), 'max_iter': 50, 'alpha': 0.001}. Best is trial 0 with value: 0.45.
[I 2026-04-13 13:04:13,940] Trial 1 finished with value: 0.45 and parameters: {'hidden_layer_sizes': (200,), 'max_iter': 50, 'alpha': 0.0001}. Best is trial 0 with value: 0.45.
[I 2026-04-13 13:04:13,985] Trial 2 finished with value: 0.45 and parameters: {'hidden_layer_sizes': (100,), 'max_iter': 50, 'alpha': 0.0001}. Best is trial 0 with value: 0.45.
[I 2026-04-13 13:04:14,051] Trial 3 finished with value: 0.4 and parameters: {'hidden_layer_sizes': (100,), 'max_iter': 100, 'alpha': 0.001}. Best is trial 0 with value: 0.45.
[I 2026-04-13 13:04:14,129] Trial 4 finished with value: 0.4 and parameters: {'hidden_layer_sizes': (200,), 'max_iter': 100, 'alpha': 0.001}. Best is trial 0 with value: 0.45.
[I 2026-04-13 13:04:14,186] Trial 5 finished with value: 0.45 and parameters: {'hidden_layer_sizes': (200,), 'max_iter': 50, 'alpha': 0.001}. Best is trial 0 with value: 0.45.
[I 2026-04-13 13:04:14,253] Trial 6 finished with value: 0.4 and parameters: {'hidden_layer_sizes': (100,), 'max_iter': 100, 'alpha': 0.0001}. Best is trial 0 with value: 0.45.
[I 2026-04-13 13:04:14,318] Trial 7 finished with value: 0.35 and parameters: {'hidden_layer_sizes': (100, 100), 'max_iter': 50, 'alpha': 0.0001}. Best is trial 0 with value: 0.45.
[I 2026-04-13 13:04:14,393] Trial 8 finished with value: 0.2 and parameters: {'hidden_layer_sizes': (100, 100), 'max_iter': 100, 'alpha': 0.0001}. Best is trial 0 with value: 0.45.
[I 2026-04-13 13:04:14,429] Trial 9 finished with value: 0.45 and parameters: {'hidden_layer_sizes': (100,), 'max_iter': 50, 'alpha': 0.001}. Best is trial 0 with value: 0.45.
[I 2026-04-13 13:04:14,476] Trial 10 finished with value: 0.45 and parameters: {'hidden_layer_sizes': (200,), 'max_iter': 50, 'alpha': 0.001}. Best is trial 0 with value: 0.45.
[I 2026-04-13 13:04:14,523] Trial 11 finished with value: 0.45 and parameters: {'hidden_layer_sizes': (200,), 'max_iter': 50, 'alpha': 0.0001}. Best is trial 0 with value: 0.45.
[I 2026-04-13 13:04:14,568] Trial 12 finished with value: 0.4 and parameters: {'hidden_layer_sizes': (200,), 'max_iter': 50, 'alpha': 0.0001}. Best is trial 0 with value: 0.45.
[I 2026-04-13 13:04:14,618] Trial 13 finished with value: 0.45 and parameters: {'hidden_layer_sizes': (200,), 'max_iter': 50, 'alpha': 0.001}. Best is trial 0 with value: 0.45.
[I 2026-04-13 13:04:14,666] Trial 14 finished with value: 0.45 and parameters: {'hidden_layer_sizes': (200,), 'max_iter': 50, 'alpha': 0.001}. Best is trial 0 with value: 0.45.
[I 2026-04-13 13:04:14,712] Trial 15 finished with value: 0.45 and parameters: {'hidden_layer_sizes': (200,), 'max_iter': 50, 'alpha': 0.0001}. Best is trial 0 with value: 0.45.
[I 2026-04-13 13:04:14,773] Trial 16 finished with value: 0.4 and parameters: {'hidden_layer_sizes': (100, 100), 'max_iter': 50, 'alpha': 0.0001}. Best is trial 0 with value: 0.45.
[I 2026-04-13 13:04:14,822] Trial 17 finished with value: 0.45 and parameters: {'hidden_layer_sizes': (200,), 'max_iter': 50, 'alpha': 0.001}. Best is trial 0 with value: 0.45.
[I 2026-04-13 13:04:14,898] Trial 18 finished with value: 0.35 and parameters: {'hidden_layer_sizes': (200,), 'max_iter': 100, 'alpha': 0.0001}. Best is trial 0 with value: 0.45.
[I 2026-04-13 13:04:14,960] Trial 19 finished with value: 0.3 and parameters: {'hidden_layer_sizes': (100, 100), 'max_iter': 50, 'alpha': 0.001}. Best is trial 0 with value: 0.45.
[I 2026-04-13 13:04:15,013] Trial 20 finished with value: 0.45 and parameters: {'hidden_layer_sizes': (200,), 'max_iter': 50, 'alpha': 0.0001}. Best is trial 0 with value: 0.45.
[I 2026-04-13 13:04:15,053] Trial 21 finished with value: 0.45 and parameters: {'hidden_layer_sizes': (100,), 'max_iter': 50, 'alpha': 0.0001}. Best is trial 0 with value: 0.45.
[I 2026-04-13 13:04:15,103] Trial 22 finished with value: 0.4 and parameters: {'hidden_layer_sizes': (100,), 'max_iter': 50, 'alpha': 0.0001}. Best is trial 0 with value: 0.45.
[I 2026-04-13 13:04:15,150] Trial 23 finished with value: 0.45 and parameters: {'hidden_layer_sizes': (100,), 'max_iter': 50, 'alpha': 0.0001}. Best is trial 0 with value: 0.45.
[I 2026-04-13 13:04:15,199] Trial 24 finished with value: 0.5 and parameters: {'hidden_layer_sizes': (100,), 'max_iter': 50, 'alpha': 0.0001}. Best is trial 24 with value: 0.5.
[I 2026-04-13 13:04:15,238] Trial 25 finished with value: 0.45 and parameters: {'hidden_layer_sizes': (100,), 'max_iter': 50, 'alpha': 0.0001}. Best is trial 24 with value: 0.5.
[I 2026-04-13 13:04:15,322] Trial 26 finished with value: 0.3 and parameters: {'hidden_layer_sizes': (200,), 'max_iter': 100, 'alpha': 0.001}. Best is trial 24 with value: 0.5.
[I 2026-04-13 13:04:15,358] Trial 27 finished with value: 0.3 and parameters: {'hidden_layer_sizes': (100, 100), 'max_iter': 50, 'alpha': 0.0001}. Best is trial 24 with value: 0.5.
[I 2026-04-13 13:04:15,406] Trial 28 finished with value: 0.45 and parameters: {'hidden_layer_sizes': (200,), 'max_iter': 50, 'alpha': 0.001}. Best is trial 24 with value: 0.5.
[I 2026-04-13 13:04:15,453] Trial 29 finished with value: 0.45 and parameters: {'hidden_layer_sizes': (100,), 'max_iter': 50, 'alpha': 0.0001}. Best is trial 24 with value: 0.5.
[I 2026-04-13 13:04:22,085] A new study created in memory with name: naive_bayes
[I 2026-04-13 13:04:22,111] Trial 0 finished with value: 1.0 and parameters: {'var_smoothing': 5.582886587978182e-09}. Best is trial 0 with value: 1.0.
[I 2026-04-13 13:04:22,127] Trial 1 finished with value: 1.0 and parameters: {'var_smoothing': 8.651299071518215e-09}. Best is trial 0 with value: 1.0.
[I 2026-04-13 13:04:22,142] Trial 2 finished with value: 1.0 and parameters: {'var_smoothing': 5.475062490474489e-09}. Best is trial 0 with value: 1.0.
[I 2026-04-13 13:04:22,157] Trial 3 finished with value: 1.0 and parameters: {'var_smoothing': 1.1526869678723134e-09}. Best is trial 0 with value: 1.0.
[I 2026-04-13 13:04:22,182] Trial 4 finished with value: 1.0 and parameters: {'var_smoothing': 2.920496270341785e-10}. Best is trial 0 with value: 1.0.
[I 2026-04-13 13:04:22,207] Trial 5 finished with value: 1.0 and parameters: {'var_smoothing': 1.0538956417705805e-10}. Best is trial 0 with value: 1.0.
[I 2026-04-13 13:04:22,221] Trial 6 finished with value: 1.0 and parameters: {'var_smoothing': 7.260016982331591e-10}. Best is trial 0 with value: 1.0.
[I 2026-04-13 13:04:22,235] Trial 7 finished with value: 1.0 and parameters: {'var_smoothing': 6.378267364653917e-10}. Best is trial 0 with value: 1.0.
[I 2026-04-13 13:04:22,250] Trial 8 finished with value: 1.0 and parameters: {'var_smoothing': 1.1100673847791952e-09}. Best is trial 0 with value: 1.0.
[I 2026-04-13 13:04:22,265] Trial 9 finished with value: 1.0 and parameters: {'var_smoothing': 9.052813879088377e-10}. Best is trial 0 with value: 1.0.
[I 2026-04-13 13:04:22,283] Trial 10 finished with value: 1.0 and parameters: {'var_smoothing': 3.20543606083287e-09}. Best is trial 0 with value: 1.0.
[I 2026-04-13 13:04:22,301] Trial 11 finished with value: 1.0 and parameters: {'var_smoothing': 8.433965140342417e-09}. Best is trial 0 with value: 1.0.
[I 2026-04-13 13:04:22,320] Trial 12 finished with value: 1.0 and parameters: {'var_smoothing': 2.860874278982245e-09}. Best is trial 0 with value: 1.0.
[I 2026-04-13 13:04:22,341] Trial 13 finished with value: 1.0 and parameters: {'var_smoothing': 9.270349036178526e-09}. Best is trial 0 with value: 1.0.
[I 2026-04-13 13:04:22,371] Trial 14 finished with value: 1.0 and parameters: {'var_smoothing': 3.13069447640915e-09}. Best is trial 0 with value: 1.0.
[I 2026-04-13 13:04:22,391] Trial 15 finished with value: 1.0 and parameters: {'var_smoothing': 5.223604886811285e-09}. Best is trial 0 with value: 1.0.
[I 2026-04-13 13:04:22,410] Trial 16 finished with value: 1.0 and parameters: {'var_smoothing': 2.0295724993447026e-09}. Best is trial 0 with value: 1.0.
[I 2026-04-13 13:04:22,429] Trial 17 finished with value: 1.0 and parameters: {'var_smoothing': 5.880433102756661e-09}. Best is trial 0 with value: 1.0.
[I 2026-04-13 13:04:22,456] Trial 18 finished with value: 1.0 and parameters: {'var_smoothing': 1.6980964875204416e-09}. Best is trial 0 with value: 1.0.
[I 2026-04-13 13:04:22,473] Trial 19 finished with value: 1.0 and parameters: {'var_smoothing': 4.2955625192244405e-09}. Best is trial 0 with value: 1.0.
[I 2026-04-13 13:04:22,494] Trial 20 finished with value: 1.0 and parameters: {'var_smoothing': 9.833771947222685e-09}. Best is trial 0 with value: 1.0.
[I 2026-04-13 13:04:22,513] Trial 21 finished with value: 1.0 and parameters: {'var_smoothing': 6.0482464086364635e-09}. Best is trial 0 with value: 1.0.
[I 2026-04-13 13:04:22,529] Trial 22 finished with value: 1.0 and parameters: {'var_smoothing': 4.537628481410357e-09}. Best is trial 0 with value: 1.0.
[I 2026-04-13 13:04:22,559] Trial 23 finished with value: 1.0 and parameters: {'var_smoothing': 6.750528289210463e-09}. Best is trial 0 with value: 1.0.
[I 2026-04-13 13:04:22,574] Trial 24 finished with value: 1.0 and parameters: {'var_smoothing': 2.2780337647355764e-09}. Best is trial 0 with value: 1.0.
[I 2026-04-13 13:04:22,602] Trial 25 finished with value: 1.0 and parameters: {'var_smoothing': 3.986918574074946e-09}. Best is trial 0 with value: 1.0.
[I 2026-04-13 13:04:22,618] Trial 26 finished with value: 1.0 and parameters: {'var_smoothing': 1.7707565248297843e-09}. Best is trial 0 with value: 1.0.
[I 2026-04-13 13:04:22,634] Trial 27 finished with value: 1.0 and parameters: {'var_smoothing': 6.732492847962814e-09}. Best is trial 0 with value: 1.0.
[I 2026-04-13 13:04:22,653] Trial 28 finished with value: 1.0 and parameters: {'var_smoothing': 3.8684773890893174e-10}. Best is trial 0 with value: 1.0.
[I 2026-04-13 13:04:22,671] Trial 29 finished with value: 1.0 and parameters: {'var_smoothing': 1.5480090897085013e-09}. Best is trial 0 with value: 1.0.
[I 2026-04-13 13:04:22,709] A new study created in memory with name: logreg
[I 2026-04-13 13:04:22,734] Trial 0 finished with value: 1.0 and parameters: {'C': 23.288794782471303, 'penalty': 'l2'}. Best is trial 0 with value: 1.0.
[I 2026-04-13 13:04:22,760] Trial 1 finished with value: 1.0 and parameters: {'C': 69.61507800412923, 'penalty': 'l2'}. Best is trial 0 with value: 1.0.
[I 2026-04-13 13:04:22,775] Trial 2 finished with value: 1.0 and parameters: {'C': 22.180569925473442, 'penalty': 'l2'}. Best is trial 0 with value: 1.0.
[I 2026-04-13 13:04:22,800] Trial 3 finished with value: 1.0 and parameters: {'C': 0.4511058486037652, 'penalty': 'l2'}. Best is trial 0 with value: 1.0.
[I 2026-04-13 13:04:22,813] Trial 4 finished with value: 1.0 and parameters: {'C': 0.014576110093994574, 'penalty': 'l2'}. Best is trial 0 with value: 1.0.
[I 2026-04-13 13:04:22,836] Trial 5 finished with value: 1.0 and parameters: {'C': 0.0011402340906886685, 'penalty': 'l2'}. Best is trial 0 with value: 1.0.
[I 2026-04-13 13:04:22,849] Trial 6 finished with value: 1.0 and parameters: {'C': 0.14201822862985758, 'penalty': 'l2'}. Best is trial 0 with value: 1.0.
[I 2026-04-13 13:04:22,872] Trial 7 finished with value: 1.0 and parameters: {'C': 0.1027440782219989, 'penalty': 'l2'}. Best is trial 0 with value: 1.0.
[I 2026-04-13 13:04:22,898] Trial 8 finished with value: 1.0 and parameters: {'C': 0.41055690122086846, 'penalty': 'l2'}. Best is trial 0 with value: 1.0.
[I 2026-04-13 13:04:22,922] Trial 9 finished with value: 1.0 and parameters: {'C': 0.24658064201770763, 'penalty': 'l2'}. Best is trial 0 with value: 1.0.
[I 2026-04-13 13:04:22,939] Trial 10 finished with value: 1.0 and parameters: {'C': 5.817250906722227, 'penalty': 'l2'}. Best is trial 0 with value: 1.0.
[I 2026-04-13 13:04:22,964] Trial 11 finished with value: 1.0 and parameters: {'C': 65.32501288941612, 'penalty': 'l2'}. Best is trial 0 with value: 1.0.
[I 2026-04-13 13:04:22,990] Trial 12 finished with value: 1.0 and parameters: {'C': 4.377709439924529, 'penalty': 'l2'}. Best is trial 0 with value: 1.0.
[I 2026-04-13 13:04:23,019] Trial 13 finished with value: 1.0 and parameters: {'C': 82.7447055757053, 'penalty': 'l2'}. Best is trial 0 with value: 1.0.
[I 2026-04-13 13:04:23,035] Trial 14 finished with value: 1.0 and parameters: {'C': 5.484053936900719, 'penalty': 'l2'}. Best is trial 0 with value: 1.0.
[I 2026-04-13 13:04:23,062] Trial 15 finished with value: 1.0 and parameters: {'C': 19.720857672047558, 'penalty': 'l2'}. Best is trial 0 with value: 1.0.
[I 2026-04-13 13:04:23,092] Trial 16 finished with value: 1.0 and parameters: {'C': 1.8557156226210034, 'penalty': 'l2'}. Best is trial 0 with value: 1.0.
[I 2026-04-13 13:04:23,111] Trial 17 finished with value: 1.0 and parameters: {'C': 26.516932569464544, 'penalty': 'l2'}. Best is trial 0 with value: 1.0.
[I 2026-04-13 13:04:23,138] Trial 18 finished with value: 1.0 and parameters: {'C': 1.188244763655516, 'penalty': 'l2'}. Best is trial 0 with value: 1.0.
[I 2026-04-13 13:04:23,168] Trial 19 finished with value: 1.0 and parameters: {'C': 12.093447142589671, 'penalty': 'l2'}. Best is trial 0 with value: 1.0.
[I 2026-04-13 13:04:23,188] Trial 20 finished with value: 1.0 and parameters: {'C': 95.89596440448501, 'penalty': 'l2'}. Best is trial 0 with value: 1.0.
[I 2026-04-13 13:04:23,219] Trial 21 finished with value: 1.0 and parameters: {'C': 28.44943793229338, 'penalty': 'l2'}. Best is trial 0 with value: 1.0.
[I 2026-04-13 13:04:23,249] Trial 22 finished with value: 1.0 and parameters: {'C': 13.869868316172683, 'penalty': 'l2'}. Best is trial 0 with value: 1.0.
[I 2026-04-13 13:04:23,265] Trial 23 finished with value: 1.0 and parameters: {'C': 37.440738291089126, 'penalty': 'l2'}. Best is trial 0 with value: 1.0.
[I 2026-04-13 13:04:23,282] Trial 24 finished with value: 1.0 and parameters: {'C': 2.47685391214756, 'penalty': 'l2'}. Best is trial 0 with value: 1.0.
[I 2026-04-13 13:04:23,309] Trial 25 finished with value: 1.0 and parameters: {'C': 10.036757127704108, 'penalty': 'l2'}. Best is trial 0 with value: 1.0.
[I 2026-04-13 13:04:23,325] Trial 26 finished with value: 1.0 and parameters: {'C': 1.3194627280974967, 'penalty': 'l2'}. Best is trial 0 with value: 1.0.
[I 2026-04-13 13:04:23,352] Trial 27 finished with value: 1.0 and parameters: {'C': 37.191162355747906, 'penalty': 'l2'}. Best is trial 0 with value: 1.0.
[I 2026-04-13 13:04:23,368] Trial 28 finished with value: 1.0 and parameters: {'C': 0.029434059060519695, 'penalty': 'l2'}. Best is trial 0 with value: 1.0.
[I 2026-04-13 13:04:23,384] Trial 29 finished with value: 1.0 and parameters: {'C': 0.9428308103218245, 'penalty': 'l2'}. Best is trial 0 with value: 1.0.
[I 2026-04-13 13:04:23,423] A new study created in memory with name: knn
[I 2026-04-13 13:04:23,439] Trial 0 finished with value: 1.0 and parameters: {'n_neighbors': 9, 'leaf_size': 40, 'p': 1}. Best is trial 0 with value: 1.0.
[I 2026-04-13 13:04:23,458] Trial 1 finished with value: 1.0 and parameters: {'n_neighbors': 4, 'leaf_size': 20, 'p': 1}. Best is trial 0 with value: 1.0.
[I 2026-04-13 13:04:23,472] Trial 2 finished with value: 1.0 and parameters: {'n_neighbors': 7, 'leaf_size': 30, 'p': 1}. Best is trial 0 with value: 1.0.
[I 2026-04-13 13:04:23,488] Trial 3 finished with value: 1.0 and parameters: {'n_neighbors': 9, 'leaf_size': 34, 'p': 1}. Best is trial 0 with value: 1.0.
[I 2026-04-13 13:04:23,504] Trial 4 finished with value: 1.0 and parameters: {'n_neighbors': 5, 'leaf_size': 40, 'p': 1}. Best is trial 0 with value: 1.0.
[I 2026-04-13 13:04:23,519] Trial 5 finished with value: 1.0 and parameters: {'n_neighbors': 3, 'leaf_size': 40, 'p': 2}. Best is trial 0 with value: 1.0.
[I 2026-04-13 13:04:23,534] Trial 6 finished with value: 1.0 and parameters: {'n_neighbors': 3, 'leaf_size': 24, 'p': 2}. Best is trial 0 with value: 1.0.
[I 2026-04-13 13:04:23,548] Trial 7 finished with value: 1.0 and parameters: {'n_neighbors': 5, 'leaf_size': 40, 'p': 2}. Best is trial 0 with value: 1.0.
[I 2026-04-13 13:04:23,565] Trial 8 finished with value: 1.0 and parameters: {'n_neighbors': 6, 'leaf_size': 36, 'p': 1}. Best is trial 0 with value: 1.0.
[I 2026-04-13 13:04:23,579] Trial 9 finished with value: 1.0 and parameters: {'n_neighbors': 6, 'leaf_size': 25, 'p': 1}. Best is trial 0 with value: 1.0.
[I 2026-04-13 13:04:23,604] Trial 10 finished with value: 1.0 and parameters: {'n_neighbors': 10, 'leaf_size': 32, 'p': 2}. Best is trial 0 with value: 1.0.
[I 2026-04-13 13:04:23,632] Trial 11 finished with value: 1.0 and parameters: {'n_neighbors': 8, 'leaf_size': 21, 'p': 1}. Best is trial 0 with value: 1.0.
[I 2026-04-13 13:04:23,664] Trial 12 finished with value: 1.0 and parameters: {'n_neighbors': 10, 'leaf_size': 27, 'p': 1}. Best is trial 0 with value: 1.0.
[I 2026-04-13 13:04:23,688] Trial 13 finished with value: 1.0 and parameters: {'n_neighbors': 4, 'leaf_size': 20, 'p': 1}. Best is trial 0 with value: 1.0.
[I 2026-04-13 13:04:23,720] Trial 14 finished with value: 1.0 and parameters: {'n_neighbors': 8, 'leaf_size': 36, 'p': 1}. Best is trial 0 with value: 1.0.
[I 2026-04-13 13:04:23,746] Trial 15 finished with value: 1.0 and parameters: {'n_neighbors': 8, 'leaf_size': 28, 'p': 1}. Best is trial 0 with value: 1.0.
[I 2026-04-13 13:04:23,774] Trial 16 finished with value: 1.0 and parameters: {'n_neighbors': 4, 'leaf_size': 22, 'p': 1}. Best is trial 0 with value: 1.0.
[I 2026-04-13 13:04:23,802] Trial 17 finished with value: 1.0 and parameters: {'n_neighbors': 7, 'leaf_size': 31, 'p': 1}. Best is trial 0 with value: 1.0.
[I 2026-04-13 13:04:23,839] Trial 18 finished with value: 0.95 and parameters: {'n_neighbors': 9, 'leaf_size': 37, 'p': 2}. Best is trial 0 with value: 1.0.
[I 2026-04-13 13:04:23,868] Trial 19 finished with value: 1.0 and parameters: {'n_neighbors': 5, 'leaf_size': 24, 'p': 1}. Best is trial 0 with value: 1.0.
[I 2026-04-13 13:04:23,897] Trial 20 finished with value: 1.0 and parameters: {'n_neighbors': 9, 'leaf_size': 28, 'p': 1}. Best is trial 0 with value: 1.0.
[I 2026-04-13 13:04:23,925] Trial 21 finished with value: 1.0 and parameters: {'n_neighbors': 7, 'leaf_size': 34, 'p': 1}. Best is trial 0 with value: 1.0.
[I 2026-04-13 13:04:23,954] Trial 22 finished with value: 1.0 and parameters: {'n_neighbors': 7, 'leaf_size': 30, 'p': 1}. Best is trial 0 with value: 1.0.
[I 2026-04-13 13:04:23,982] Trial 23 finished with value: 1.0 and parameters: {'n_neighbors': 6, 'leaf_size': 26, 'p': 1}. Best is trial 0 with value: 1.0.
[I 2026-04-13 13:04:24,014] Trial 24 finished with value: 1.0 and parameters: {'n_neighbors': 4, 'leaf_size': 30, 'p': 1}. Best is trial 0 with value: 1.0.
[I 2026-04-13 13:04:24,049] Trial 25 finished with value: 1.0 and parameters: {'n_neighbors': 8, 'leaf_size': 38, 'p': 1}. Best is trial 0 with value: 1.0.
[I 2026-04-13 13:04:24,069] Trial 26 finished with value: 0.95 and parameters: {'n_neighbors': 9, 'leaf_size': 33, 'p': 2}. Best is trial 0 with value: 1.0.
[I 2026-04-13 13:04:24,109] Trial 27 finished with value: 1.0 and parameters: {'n_neighbors': 10, 'leaf_size': 22, 'p': 1}. Best is trial 0 with value: 1.0.
[I 2026-04-13 13:04:24,130] Trial 28 finished with value: 1.0 and parameters: {'n_neighbors': 7, 'leaf_size': 29, 'p': 1}. Best is trial 0 with value: 1.0.
[I 2026-04-13 13:04:24,161] Trial 29 finished with value: 1.0 and parameters: {'n_neighbors': 9, 'leaf_size': 34, 'p': 1}. Best is trial 0 with value: 1.0.
[I 2026-04-13 13:04:24,197] A new study created in memory with name: xgb
