[I 2026-04-13 12:59:10,704] Trial 13 finished with value: 0.55 and parameters: {'n_estimators': 100, 'max_depth': 8, 'min_samples_split': 2, 'min_samples_leaf': 3}. Best is trial 4 with value: 0.65.
[I 2026-04-13 12:59:11,215] Trial 14 finished with value: 0.4 and parameters: {'n_estimators': 412, 'max_depth': 13, 'min_samples_split': 8, 'min_samples_leaf': 6}. Best is trial 4 with value: 0.65.
[I 2026-04-13 12:59:11,461] Trial 15 finished with value: 0.45 and parameters: {'n_estimators': 170, 'max_depth': 9, 'min_samples_split': 3, 'min_samples_leaf': 2}. Best is trial 4 with value: 0.65.
[I 2026-04-13 12:59:11,814] Trial 16 finished with value: 0.65 and parameters: {'n_estimators': 256, 'max_depth': 16, 'min_samples_split': 9, 'min_samples_leaf': 5}. Best is trial 4 with value: 0.65.
[I 2026-04-13 12:59:12,348] Trial 17 finished with value: 0.5 and parameters: {'n_estimators': 403, 'max_depth': 6, 'min_samples_split': 8, 'min_samples_leaf': 7}. Best is trial 4 with value: 0.65.
[I 2026-04-13 12:59:12,628] Trial 18 finished with value: 0.55 and parameters: {'n_estimators': 202, 'max_depth': 19, 'min_samples_split': 3, 'min_samples_leaf': 3}. Best is trial 4 with value: 0.65.
[I 2026-04-13 12:59:13,069] Trial 19 finished with value: 0.55 and parameters: {'n_estimators': 347, 'max_depth': 10, 'min_samples_split': 7, 'min_samples_leaf': 4}. Best is trial 4 with value: 0.65.
[I 2026-04-13 12:59:13,495] Trial 20 finished with value: 0.65 and parameters: {'n_estimators': 293, 'max_depth': 3, 'min_samples_split': 9, 'min_samples_leaf': 2}. Best is trial 4 with value: 0.65.
[I 2026-04-13 12:59:13,787] Trial 21 finished with value: 0.6 and parameters: {'n_estimators': 150, 'max_depth': 15, 'min_samples_split': 10, 'min_samples_leaf': 1}. Best is trial 4 with value: 0.65.
[I 2026-04-13 12:59:14,124] Trial 22 finished with value: 0.65 and parameters: {'n_estimators': 198, 'max_depth': 13, 'min_samples_split': 10, 'min_samples_leaf': 1}. Best is trial 4 with value: 0.65.
[I 2026-04-13 12:59:14,339] Trial 23 finished with value: 0.4 and parameters: {'n_estimators': 109, 'max_depth': 18, 'min_samples_split': 9, 'min_samples_leaf': 2}. Best is trial 4 with value: 0.65.
[I 2026-04-13 12:59:14,663] Trial 24 finished with value: 0.55 and parameters: {'n_estimators': 163, 'max_depth': 15, 'min_samples_split': 10, 'min_samples_leaf': 4}. Best is trial 4 with value: 0.65.
[I 2026-04-13 12:59:15,030] Trial 25 finished with value: 0.5 and parameters: {'n_estimators': 230, 'max_depth': 13, 'min_samples_split': 7, 'min_samples_leaf': 2}. Best is trial 4 with value: 0.65.
[I 2026-04-13 12:59:15,433] Trial 26 finished with value: 0.6 and parameters: {'n_estimators': 292, 'max_depth': 10, 'min_samples_split': 9, 'min_samples_leaf': 1}. Best is trial 4 with value: 0.65.
[I 2026-04-13 12:59:15,966] Trial 27 finished with value: 0.45 and parameters: {'n_estimators': 382, 'max_depth': 16, 'min_samples_split': 5, 'min_samples_leaf': 3}. Best is trial 4 with value: 0.65.
[I 2026-04-13 12:59:16,531] Trial 28 finished with value: 0.5 and parameters: {'n_estimators': 439, 'max_depth': 12, 'min_samples_split': 3, 'min_samples_leaf': 7}. Best is trial 4 with value: 0.65.
[I 2026-04-13 12:59:16,734] Trial 29 finished with value: 0.5 and parameters: {'n_estimators': 132, 'max_depth': 6, 'min_samples_split': 4, 'min_samples_leaf': 2}. Best is trial 4 with value: 0.65.
[I 2026-04-13 12:59:17,256] A new study created in memory with name: mlp
[I 2026-04-13 12:59:17,335] Trial 0 finished with value: 0.65 and parameters: {'hidden_layer_sizes': (200,), 'max_iter': 100, 'alpha': 0.0001}. Best is trial 0 with value: 0.65.
[I 2026-04-13 12:59:17,425] Trial 1 finished with value: 0.55 and parameters: {'hidden_layer_sizes': (100, 100), 'max_iter': 100, 'alpha': 0.0001}. Best is trial 0 with value: 0.65.
[I 2026-04-13 12:59:17,489] Trial 2 finished with value: 0.55 and parameters: {'hidden_layer_sizes': (200,), 'max_iter': 100, 'alpha': 0.001}. Best is trial 0 with value: 0.65.
[I 2026-04-13 12:59:17,534] Trial 3 finished with value: 0.55 and parameters: {'hidden_layer_sizes': (100,), 'max_iter': 50, 'alpha': 0.001}. Best is trial 0 with value: 0.65.
[I 2026-04-13 12:59:17,570] Trial 4 finished with value: 0.55 and parameters: {'hidden_layer_sizes': (100,), 'max_iter': 50, 'alpha': 0.0001}. Best is trial 0 with value: 0.65.
[I 2026-04-13 12:59:17,597] Trial 5 finished with value: 0.6 and parameters: {'hidden_layer_sizes': (100,), 'max_iter': 50, 'alpha': 0.0001}. Best is trial 0 with value: 0.65.
[I 2026-04-13 12:59:17,642] Trial 6 finished with value: 0.55 and parameters: {'hidden_layer_sizes': (100,), 'max_iter': 50, 'alpha': 0.0001}. Best is trial 0 with value: 0.65.
[I 2026-04-13 12:59:17,686] Trial 7 finished with value: 0.65 and parameters: {'hidden_layer_sizes': (100,), 'max_iter': 50, 'alpha': 0.0001}. Best is trial 0 with value: 0.65.
[I 2026-04-13 12:59:17,750] Trial 8 finished with value: 0.6 and parameters: {'hidden_layer_sizes': (200,), 'max_iter': 100, 'alpha': 0.0001}. Best is trial 0 with value: 0.65.
[I 2026-04-13 12:59:17,796] Trial 9 finished with value: 0.6 and parameters: {'hidden_layer_sizes': (200,), 'max_iter': 50, 'alpha': 0.0001}. Best is trial 0 with value: 0.65.
[I 2026-04-13 12:59:17,894] Trial 10 finished with value: 0.55 and parameters: {'hidden_layer_sizes': (100, 100), 'max_iter': 100, 'alpha': 0.001}. Best is trial 0 with value: 0.65.
[I 2026-04-13 12:59:17,983] Trial 11 finished with value: 0.65 and parameters: {'hidden_layer_sizes': (200,), 'max_iter': 100, 'alpha': 0.0001}. Best is trial 0 with value: 0.65.
[I 2026-04-13 12:59:18,039] Trial 12 finished with value: 0.65 and parameters: {'hidden_layer_sizes': (100,), 'max_iter': 50, 'alpha': 0.0001}. Best is trial 0 with value: 0.65.
[I 2026-04-13 12:59:18,116] Trial 13 finished with value: 0.6 and parameters: {'hidden_layer_sizes': (200,), 'max_iter': 100, 'alpha': 0.0001}. Best is trial 0 with value: 0.65.
[I 2026-04-13 12:59:18,176] Trial 14 finished with value: 0.6 and parameters: {'hidden_layer_sizes': (100, 100), 'max_iter': 50, 'alpha': 0.001}. Best is trial 0 with value: 0.65.
[I 2026-04-13 12:59:18,245] Trial 15 finished with value: 0.6 and parameters: {'hidden_layer_sizes': (100,), 'max_iter': 100, 'alpha': 0.0001}. Best is trial 0 with value: 0.65.
[I 2026-04-13 12:59:18,332] Trial 16 finished with value: 0.6 and parameters: {'hidden_layer_sizes': (200,), 'max_iter': 100, 'alpha': 0.0001}. Best is trial 0 with value: 0.65.
[I 2026-04-13 12:59:18,380] Trial 17 finished with value: 0.65 and parameters: {'hidden_layer_sizes': (100,), 'max_iter': 50, 'alpha': 0.0001}. Best is trial 0 with value: 0.65.
[I 2026-04-13 12:59:18,450] Trial 18 finished with value: 0.5 and parameters: {'hidden_layer_sizes': (200,), 'max_iter': 50, 'alpha': 0.001}. Best is trial 0 with value: 0.65.
[I 2026-04-13 12:59:18,551] Trial 19 finished with value: 0.5 and parameters: {'hidden_layer_sizes': (100, 100), 'max_iter': 100, 'alpha': 0.0001}. Best is trial 0 with value: 0.65.
[I 2026-04-13 12:59:18,628] Trial 20 finished with value: 0.6 and parameters: {'hidden_layer_sizes': (200,), 'max_iter': 100, 'alpha': 0.0001}. Best is trial 0 with value: 0.65.
[I 2026-04-13 12:59:18,695] Trial 21 finished with value: 0.6 and parameters: {'hidden_layer_sizes': (200,), 'max_iter': 100, 'alpha': 0.0001}. Best is trial 0 with value: 0.65.
[I 2026-04-13 12:59:18,772] Trial 22 finished with value: 0.5 and parameters: {'hidden_layer_sizes': (200,), 'max_iter': 100, 'alpha': 0.0001}. Best is trial 0 with value: 0.65.
[I 2026-04-13 12:59:18,839] Trial 23 finished with value: 0.55 and parameters: {'hidden_layer_sizes': (200,), 'max_iter': 100, 'alpha': 0.0001}. Best is trial 0 with value: 0.65.
[I 2026-04-13 12:59:18,909] Trial 24 finished with value: 0.65 and parameters: {'hidden_layer_sizes': (200,), 'max_iter': 100, 'alpha': 0.0001}. Best is trial 0 with value: 0.65.
[I 2026-04-13 12:59:18,980] Trial 25 finished with value: 0.6 and parameters: {'hidden_layer_sizes': (100,), 'max_iter': 100, 'alpha': 0.0001}. Best is trial 0 with value: 0.65.
[I 2026-04-13 12:59:19,027] Trial 26 finished with value: 0.6 and parameters: {'hidden_layer_sizes': (200,), 'max_iter': 50, 'alpha': 0.001}. Best is trial 0 with value: 0.65.
[I 2026-04-13 12:59:19,117] Trial 27 finished with value: 0.65 and parameters: {'hidden_layer_sizes': (200,), 'max_iter': 100, 'alpha': 0.0001}. Best is trial 0 with value: 0.65.
[I 2026-04-13 12:59:19,191] Trial 28 finished with value: 0.6 and parameters: {'hidden_layer_sizes': (100, 100), 'max_iter': 50, 'alpha': 0.0001}. Best is trial 0 with value: 0.65.
[I 2026-04-13 12:59:19,260] Trial 29 finished with value: 0.6 and parameters: {'hidden_layer_sizes': (100,), 'max_iter': 100, 'alpha': 0.0001}. Best is trial 0 with value: 0.65.

Parámetros guardados en /data/home/rtabares/estiven/CorVAE/checkpoint_smoke_test_mlp/k-center/IPC_10/best_models_k-center_seed_6_space_latent/xgb_best_params.json


>>> Optuna tuning rf metodo k-center IPC 10 seed 6


Parámetros guardados en /data/home/rtabares/estiven/CorVAE/checkpoint_smoke_test_mlp/k-center/IPC_10/best_models_k-center_seed_6_space_latent/rf_best_params.json


>>> Optuna tuning mlp metodo k-center IPC 10 seed 6


Parámetros guardados en /data/home/rtabares/estiven/CorVAE/checkpoint_smoke_test_mlp/k-center/IPC_10/best_models_k-center_seed_6_space_latent/mlp_best_params.json


>>> Optuna tuning naive_bayes metodo k-center IPC 10 seed 6


Parámetros guardados en /data/home/rtabares/estiven/CorVAE/checkpoint_smoke_test_mlp/k-center/IPC_10/best_models_k-center_seed_6_space_original/naive_bayes_best_params.json


>>> Optuna tuning logreg metodo k-center IPC 10 seed 6


Parámetros guardados en /data/home/rtabares/estiven/CorVAE/checkpoint_smoke_test_mlp/k-center/IPC_10/best_models_k-center_seed_6_space_original/logreg_best_params.json


>>> Optuna tuning knn metodo k-center IPC 10 seed 6


Parámetros guardados en /data/home/rtabares/estiven/CorVAE/checkpoint_smoke_test_mlp/k-center/IPC_10/best_models_k-center_seed_6_space_original/knn_best_params.json


>>> Optuna tuning xgb metodo k-center IPC 10 seed 6


Parámetros guardados en /data/home/rtabares/estiven/CorVAE/checkpoint_smoke_test_mlp/k-center/IPC_10/best_models_k-center_seed_6_space_original/xgb_best_params.json


>>> Optuna tuning rf metodo k-center IPC 10 seed 6


Parámetros guardados en /data/home/rtabares/estiven/CorVAE/checkpoint_smoke_test_mlp/k-center/IPC_10/best_models_k-center_seed_6_space_original/rf_best_params.json


>>> Optuna tuning mlp metodo k-center IPC 10 seed 6


Parámetros guardados en /data/home/rtabares/estiven/CorVAE/checkpoint_smoke_test_mlp/k-center/IPC_10/best_models_k-center_seed_6_space_original/mlp_best_params.json


>>> Optuna tuning naive_bayes metodo ag IPC 10 seed 6


Parámetros guardados en /data/home/rtabares/estiven/CorVAE/checkpoint_smoke_test_mlp/ag/IPC_10/best_models_ag_seed_6_space_latent/naive_bayes_best_params.json


>>> Optuna tuning logreg metodo ag IPC 10 seed 6


Parámetros guardados en /data/home/rtabares/estiven/CorVAE/checkpoint_smoke_test_mlp/ag/IPC_10/best_models_ag_seed_6_space_latent/logreg_best_params.json


>>> Optuna tuning knn metodo ag IPC 10 seed 6


Parámetros guardados en /data/home/rtabares/estiven/CorVAE/checkpoint_smoke_test_mlp/ag/IPC_10/best_models_ag_seed_6_space_latent/knn_best_params.json


>>> Optuna tuning xgb metodo ag IPC 10 seed 6


Parámetros guardados en /data/home/rtabares/estiven/CorVAE/checkpoint_smoke_test_mlp/ag/IPC_10/best_models_ag_seed_6_space_latent/xgb_best_params.json


>>> Optuna tuning rf metodo ag IPC 10 seed 6


Parámetros guardados en /data/home/rtabares/estiven/CorVAE/checkpoint_smoke_test_mlp/ag/IPC_10/best_models_ag_seed_6_space_latent/rf_best_params.json


>>> Optuna tuning mlp metodo ag IPC 10 seed 6


Parámetros guardados en /data/home/rtabares/estiven/CorVAE/checkpoint_smoke_test_mlp/ag/IPC_10/best_models_ag_seed_6_space_latent/mlp_best_params.json


>>> Optuna tuning naive_bayes metodo ag IPC 10 seed 6


Parámetros guardados en /data/home/rtabares/estiven/CorVAE/checkpoint_smoke_test_mlp/ag/IPC_10/best_models_ag_seed_6_space_original/naive_bayes_best_params.json


>>> Optuna tuning logreg metodo ag IPC 10 seed 6


Parámetros guardados en /data/home/rtabares/estiven/CorVAE/checkpoint_smoke_test_mlp/ag/IPC_10/best_models_ag_seed_6_space_original/logreg_best_params.json


>>> Optuna tuning knn metodo ag IPC 10 seed 6


Parámetros guardados en /data/home/rtabares/estiven/CorVAE/checkpoint_smoke_test_mlp/ag/IPC_10/best_models_ag_seed_6_space_original/knn_best_params.json


>>> Optuna tuning xgb metodo ag IPC 10 seed 6


Parámetros guardados en /data/home/rtabares/estiven/CorVAE/checkpoint_smoke_test_mlp/ag/IPC_10/best_models_ag_seed_6_space_original/xgb_best_params.json


>>> Optuna tuning rf metodo ag IPC 10 seed 6


Parámetros guardados en /data/home/rtabares/estiven/CorVAE/checkpoint_smoke_test_mlp/ag/IPC_10/best_models_ag_seed_6_space_original/rf_best_params.json


>>> Optuna tuning mlp metodo ag IPC 10 seed 6


Parámetros guardados en /data/home/rtabares/estiven/CorVAE/checkpoint_smoke_test_mlp/ag/IPC_10/best_models_ag_seed_6_space_original/mlp_best_params.json


>>> Optuna tuning naive_bayes metodo lc IPC 10 seed 6


Parámetros guardados en /data/home/rtabares/estiven/CorVAE/checkpoint_smoke_test_mlp/lc/IPC_10/best_models_lc_seed_6_space_latent/naive_bayes_best_params.json


>>> Optuna tuning logreg metodo lc IPC 10 seed 6


Parámetros guardados en /data/home/rtabares/estiven/CorVAE/checkpoint_smoke_test_mlp/lc/IPC_10/best_models_lc_seed_6_space_latent/logreg_best_params.json


>>> Optuna tuning knn metodo lc IPC 10 seed 6


Parámetros guardados en /data/home/rtabares/estiven/CorVAE/checkpoint_smoke_test_mlp/lc/IPC_10/best_models_lc_seed_6_space_latent/knn_best_params.json


>>> Optuna tuning xgb metodo lc IPC 10 seed 6


Parámetros guardados en /data/home/rtabares/estiven/CorVAE/checkpoint_smoke_test_mlp/lc/IPC_10/best_models_lc_seed_6_space_latent/xgb_best_params.json


>>> Optuna tuning rf metodo lc IPC 10 seed 6


Parámetros guardados en /data/home/rtabares/estiven/CorVAE/checkpoint_smoke_test_mlp/lc/IPC_10/best_models_lc_seed_6_space_latent/rf_best_params.json


>>> Optuna tuning mlp metodo lc IPC 10 seed 6


Parámetros guardados en /data/home/rtabares/estiven/CorVAE/checkpoint_smoke_test_mlp/lc/IPC_10/best_models_lc_seed_6_space_latent/mlp_best_params.json


>>> Optuna tuning naive_bayes metodo lc IPC 10 seed 6


Parámetros guardados en /data/home/rtabares/estiven/CorVAE/checkpoint_smoke_test_mlp/lc/IPC_10/best_models_lc_seed_6_space_original/naive_bayes_best_params.json


>>> Optuna tuning logreg metodo lc IPC 10 seed 6


Parámetros guardados en /data/home/rtabares/estiven/CorVAE/checkpoint_smoke_test_mlp/lc/IPC_10/best_models_lc_seed_6_space_original/logreg_best_params.json


>>> Optuna tuning knn metodo lc IPC 10 seed 6


Parámetros guardados en /data/home/rtabares/estiven/CorVAE/checkpoint_smoke_test_mlp/lc/IPC_10/best_models_lc_seed_6_space_original/knn_best_params.json


>>> Optuna tuning xgb metodo lc IPC 10 seed 6


Parámetros guardados en /data/home/rtabares/estiven/CorVAE/checkpoint_smoke_test_mlp/lc/IPC_10/best_models_lc_seed_6_space_original/xgb_best_params.json


>>> Optuna tuning rf metodo lc IPC 10 seed 6


Parámetros guardados en /data/home/rtabares/estiven/CorVAE/checkpoint_smoke_test_mlp/lc/IPC_10/best_models_lc_seed_6_space_original/rf_best_params.json


>>> Optuna tuning mlp metodo lc IPC 10 seed 6


Parámetros guardados en /data/home/rtabares/estiven/CorVAE/checkpoint_smoke_test_mlp/lc/IPC_10/best_models_lc_seed_6_space_original/mlp_best_params.json


>>> Optuna tuning naive_bayes metodo random IPC 10 seed 7


Parámetros guardados en /data/home/rtabares/estiven/CorVAE/checkpoint_smoke_test_mlp/random/IPC_10/best_models_random_seed_7_space_original/naive_bayes_best_params.json


>>> Optuna tuning logreg metodo random IPC 10 seed 7


Parámetros guardados en /data/home/rtabares/estiven/CorVAE/checkpoint_smoke_test_mlp/random/IPC_10/best_models_random_seed_7_space_original/logreg_best_params.json


>>> Optuna tuning knn metodo random IPC 10 seed 7


Parámetros guardados en /data/home/rtabares/estiven/CorVAE/checkpoint_smoke_test_mlp/random/IPC_10/best_models_random_seed_7_space_original/knn_best_params.json


>>> Optuna tuning xgb metodo random IPC 10 seed 7


Parámetros guardados en /data/home/rtabares/estiven/CorVAE/checkpoint_smoke_test_mlp/random/IPC_10/best_models_random_seed_7_space_original/xgb_best_params.json


>>> Optuna tuning rf metodo random IPC 10 seed 7


Parámetros guardados en /data/home/rtabares/estiven/CorVAE/checkpoint_smoke_test_mlp/random/IPC_10/best_models_random_seed_7_space_original/rf_best_params.json


>>> Optuna tuning mlp metodo random IPC 10 seed 7


Parámetros guardados en /data/home/rtabares/estiven/CorVAE/checkpoint_smoke_test_mlp/random/IPC_10/best_models_random_seed_7_space_original/mlp_best_params.json[I 2026-04-13 12:59:22,566] A new study created in memory with name: naive_bayes
[I 2026-04-13 12:59:22,579] Trial 0 finished with value: 0.5 and parameters: {'var_smoothing': 1.4210736239935712e-10}. Best is trial 0 with value: 0.5.
[I 2026-04-13 12:59:22,594] Trial 1 finished with value: 0.5 and parameters: {'var_smoothing': 3.629422978396398e-09}. Best is trial 0 with value: 0.5.
[I 2026-04-13 12:59:22,608] Trial 2 finished with value: 0.5 and parameters: {'var_smoothing': 7.530407234027127e-10}. Best is trial 0 with value: 0.5.
[I 2026-04-13 12:59:22,620] Trial 3 finished with value: 0.5 and parameters: {'var_smoothing': 2.7985325053380072e-09}. Best is trial 0 with value: 0.5.
[I 2026-04-13 12:59:22,633] Trial 4 finished with value: 0.5 and parameters: {'var_smoothing': 9.036058293737187e-09}. Best is trial 0 with value: 0.5.
[I 2026-04-13 12:59:22,647] Trial 5 finished with value: 0.5 and parameters: {'var_smoothing': 1.1939653980558784e-09}. Best is trial 0 with value: 0.5.
[I 2026-04-13 12:59:22,671] Trial 6 finished with value: 0.5 and parameters: {'var_smoothing': 1.005173261185167e-09}. Best is trial 0 with value: 0.5.
[I 2026-04-13 12:59:22,683] Trial 7 finished with value: 0.5 and parameters: {'var_smoothing': 1.393484899105757e-10}. Best is trial 0 with value: 0.5.
[I 2026-04-13 12:59:22,696] Trial 8 finished with value: 0.5 and parameters: {'var_smoothing': 3.4425317961147986e-10}. Best is trial 0 with value: 0.5.
[I 2026-04-13 12:59:22,709] Trial 9 finished with value: 0.5 and parameters: {'var_smoothing': 9.994590426751933e-10}. Best is trial 0 with value: 0.5.
[I 2026-04-13 12:59:22,727] Trial 10 finished with value: 0.5 and parameters: {'var_smoothing': 1.9079938112167212e-10}. Best is trial 0 with value: 0.5.
[I 2026-04-13 12:59:22,748] Trial 11 finished with value: 0.5 and parameters: {'var_smoothing': 4.7456863630433305e-09}. Best is trial 0 with value: 0.5.
[I 2026-04-13 12:59:22,768] Trial 12 finished with value: 0.5 and parameters: {'var_smoothing': 2.7185365295481096e-09}. Best is trial 0 with value: 0.5.
[I 2026-04-13 12:59:22,789] Trial 13 finished with value: 0.5 and parameters: {'var_smoothing': 4.3967291332584714e-10}. Best is trial 0 with value: 0.5.
[I 2026-04-13 12:59:22,808] Trial 14 finished with value: 0.5 and parameters: {'var_smoothing': 2.6511307931162972e-09}. Best is trial 0 with value: 0.5.
[I 2026-04-13 12:59:22,828] Trial 15 finished with value: 0.5 and parameters: {'var_smoothing': 9.000422035369052e-09}. Best is trial 0 with value: 0.5.
[I 2026-04-13 12:59:22,848] Trial 16 finished with value: 0.5 and parameters: {'var_smoothing': 2.75340575769171e-10}. Best is trial 0 with value: 0.5.
[I 2026-04-13 12:59:22,868] Trial 17 finished with value: 0.5 and parameters: {'var_smoothing': 1.0118559267516465e-10}. Best is trial 0 with value: 0.5.
[I 2026-04-13 12:59:22,888] Trial 18 finished with value: 0.5 and parameters: {'var_smoothing': 5.126237368588495e-10}. Best is trial 0 with value: 0.5.
[I 2026-04-13 12:59:22,907] Trial 19 finished with value: 0.5 and parameters: {'var_smoothing': 1.7743118427439911e-09}. Best is trial 0 with value: 0.5.
[I 2026-04-13 12:59:22,924] Trial 20 finished with value: 0.5 and parameters: {'var_smoothing': 5.29215399120128e-09}. Best is trial 0 with value: 0.5.
[I 2026-04-13 12:59:22,951] Trial 21 finished with value: 0.5 and parameters: {'var_smoothing': 6.215389304971454e-10}. Best is trial 0 with value: 0.5.
[I 2026-04-13 12:59:22,966] Trial 22 finished with value: 0.5 and parameters: {'var_smoothing': 2.205158371956595e-10}. Best is trial 0 with value: 0.5.
[I 2026-04-13 12:59:22,983] Trial 23 finished with value: 0.5 and parameters: {'var_smoothing': 6.714468189294179e-10}. Best is trial 0 with value: 0.5.
[I 2026-04-13 12:59:23,000] Trial 24 finished with value: 0.5 and parameters: {'var_smoothing': 1.6303611152529254e-09}. Best is trial 0 with value: 0.5.
[I 2026-04-13 12:59:23,015] Trial 25 finished with value: 0.5 and parameters: {'var_smoothing': 5.460180203252778e-09}. Best is trial 0 with value: 0.5.
[I 2026-04-13 12:59:23,036] Trial 26 finished with value: 0.5 and parameters: {'var_smoothing': 1.0123007748054653e-10}. Best is trial 0 with value: 0.5.
[I 2026-04-13 12:59:23,052] Trial 27 finished with value: 0.5 and parameters: {'var_smoothing': 3.7004726843827016e-09}. Best is trial 0 with value: 0.5.
[I 2026-04-13 12:59:23,067] Trial 28 finished with value: 0.5 and parameters: {'var_smoothing': 8.062949328123723e-10}. Best is trial 0 with value: 0.5.
[I 2026-04-13 12:59:23,084] Trial 29 finished with value: 0.5 and parameters: {'var_smoothing': 1.8379694059711336e-09}. Best is trial 0 with value: 0.5.
[I 2026-04-13 12:59:23,105] A new study created in memory with name: logreg
[I 2026-04-13 12:59:23,118] Trial 0 finished with value: 0.45 and parameters: {'C': 0.002407362254570802, 'penalty': 'l2'}. Best is trial 0 with value: 0.45.
