[I 2026-04-13 13:07:05,244] Trial 28 finished with value: 0.2 and parameters: {'n_estimators': 365, 'max_depth': 15, 'min_samples_split': 6, 'min_samples_leaf': 1}. Best is trial 2 with value: 0.5.
[I 2026-04-13 13:07:05,439] Trial 29 finished with value: 0.5 and parameters: {'n_estimators': 104, 'max_depth': 13, 'min_samples_split': 5, 'min_samples_leaf': 8}. Best is trial 2 with value: 0.5.
[I 2026-04-13 13:07:05,854] A new study created in memory with name: mlp
[I 2026-04-13 13:07:05,961] Trial 0 finished with value: 0.3 and parameters: {'hidden_layer_sizes': (200,), 'max_iter': 100, 'alpha': 0.001}. Best is trial 0 with value: 0.3.
[I 2026-04-13 13:07:06,067] Trial 1 finished with value: 0.2 and parameters: {'hidden_layer_sizes': (100, 100), 'max_iter': 100, 'alpha': 0.0001}. Best is trial 0 with value: 0.3.
[I 2026-04-13 13:07:06,133] Trial 2 finished with value: 0.25 and parameters: {'hidden_layer_sizes': (100, 100), 'max_iter': 50, 'alpha': 0.0001}. Best is trial 0 with value: 0.3.
[I 2026-04-13 13:07:06,189] Trial 3 finished with value: 0.3 and parameters: {'hidden_layer_sizes': (200,), 'max_iter': 50, 'alpha': 0.0001}. Best is trial 0 with value: 0.3.
[I 2026-04-13 13:07:06,266] Trial 4 finished with value: 0.25 and parameters: {'hidden_layer_sizes': (200,), 'max_iter': 100, 'alpha': 0.001}. Best is trial 0 with value: 0.3.
[I 2026-04-13 13:07:06,365] Trial 5 finished with value: 0.25 and parameters: {'hidden_layer_sizes': (200,), 'max_iter': 100, 'alpha': 0.0001}. Best is trial 0 with value: 0.3.
[I 2026-04-13 13:07:06,463] Trial 6 finished with value: 0.25 and parameters: {'hidden_layer_sizes': (100, 100), 'max_iter': 100, 'alpha': 0.001}. Best is trial 0 with value: 0.3.
[I 2026-04-13 13:07:06,503] Trial 7 finished with value: 0.35 and parameters: {'hidden_layer_sizes': (200,), 'max_iter': 50, 'alpha': 0.001}. Best is trial 7 with value: 0.35.
[I 2026-04-13 13:07:06,598] Trial 8 finished with value: 0.2 and parameters: {'hidden_layer_sizes': (100,), 'max_iter': 100, 'alpha': 0.001}. Best is trial 7 with value: 0.35.
[I 2026-04-13 13:07:06,656] Trial 9 finished with value: 0.3 and parameters: {'hidden_layer_sizes': (200,), 'max_iter': 50, 'alpha': 0.001}. Best is trial 7 with value: 0.35.
[I 2026-04-13 13:07:06,705] Trial 10 finished with value: 0.3 and parameters: {'hidden_layer_sizes': (100,), 'max_iter': 50, 'alpha': 0.001}. Best is trial 7 with value: 0.35.
[I 2026-04-13 13:07:06,784] Trial 11 finished with value: 0.3 and parameters: {'hidden_layer_sizes': (200,), 'max_iter': 50, 'alpha': 0.001}. Best is trial 7 with value: 0.35.
[I 2026-04-13 13:07:06,887] Trial 12 finished with value: 0.2 and parameters: {'hidden_layer_sizes': (200,), 'max_iter': 100, 'alpha': 0.001}. Best is trial 7 with value: 0.35.
[I 2026-04-13 13:07:06,974] Trial 13 finished with value: 0.3 and parameters: {'hidden_layer_sizes': (200,), 'max_iter': 50, 'alpha': 0.001}. Best is trial 7 with value: 0.35.
[I 2026-04-13 13:07:07,051] Trial 14 finished with value: 0.25 and parameters: {'hidden_layer_sizes': (200,), 'max_iter': 100, 'alpha': 0.001}. Best is trial 7 with value: 0.35.
[I 2026-04-13 13:07:07,086] Trial 15 finished with value: 0.4 and parameters: {'hidden_layer_sizes': (100,), 'max_iter': 50, 'alpha': 0.001}. Best is trial 15 with value: 0.4.
[I 2026-04-13 13:07:07,147] Trial 16 finished with value: 0.35 and parameters: {'hidden_layer_sizes': (100,), 'max_iter': 50, 'alpha': 0.001}. Best is trial 15 with value: 0.4.
[I 2026-04-13 13:07:07,194] Trial 17 finished with value: 0.3 and parameters: {'hidden_layer_sizes': (100,), 'max_iter': 50, 'alpha': 0.001}. Best is trial 15 with value: 0.4.
[I 2026-04-13 13:07:07,250] Trial 18 finished with value: 0.3 and parameters: {'hidden_layer_sizes': (100,), 'max_iter': 50, 'alpha': 0.0001}. Best is trial 15 with value: 0.4.
[I 2026-04-13 13:07:07,299] Trial 19 finished with value: 0.35 and parameters: {'hidden_layer_sizes': (100,), 'max_iter': 50, 'alpha': 0.001}. Best is trial 15 with value: 0.4.
[I 2026-04-13 13:07:07,347] Trial 20 finished with value: 0.4 and parameters: {'hidden_layer_sizes': (100,), 'max_iter': 50, 'alpha': 0.001}. Best is trial 15 with value: 0.4.
[I 2026-04-13 13:07:07,399] Trial 21 finished with value: 0.3 and parameters: {'hidden_layer_sizes': (100,), 'max_iter': 50, 'alpha': 0.001}. Best is trial 15 with value: 0.4.
[I 2026-04-13 13:07:07,437] Trial 22 finished with value: 0.35 and parameters: {'hidden_layer_sizes': (100,), 'max_iter': 50, 'alpha': 0.001}. Best is trial 15 with value: 0.4.
[I 2026-04-13 13:07:07,475] Trial 23 finished with value: 0.25 and parameters: {'hidden_layer_sizes': (100,), 'max_iter': 50, 'alpha': 0.001}. Best is trial 15 with value: 0.4.
[I 2026-04-13 13:07:07,513] Trial 24 finished with value: 0.35 and parameters: {'hidden_layer_sizes': (100,), 'max_iter': 50, 'alpha': 0.001}. Best is trial 15 with value: 0.4.
[I 2026-04-13 13:07:07,571] Trial 25 finished with value: 0.2 and parameters: {'hidden_layer_sizes': (100, 100), 'max_iter': 50, 'alpha': 0.001}. Best is trial 15 with value: 0.4.
[I 2026-04-13 13:07:07,606] Trial 26 finished with value: 0.35 and parameters: {'hidden_layer_sizes': (100,), 'max_iter': 50, 'alpha': 0.0001}. Best is trial 15 with value: 0.4.
[I 2026-04-13 13:07:07,659] Trial 27 finished with value: 0.4 and parameters: {'hidden_layer_sizes': (100,), 'max_iter': 50, 'alpha': 0.001}. Best is trial 15 with value: 0.4.
[I 2026-04-13 13:07:07,707] Trial 28 finished with value: 0.4 and parameters: {'hidden_layer_sizes': (100,), 'max_iter': 50, 'alpha': 0.001}. Best is trial 15 with value: 0.4.
[I 2026-04-13 13:07:07,754] Trial 29 finished with value: 0.35 and parameters: {'hidden_layer_sizes': (100,), 'max_iter': 50, 'alpha': 0.001}. Best is trial 15 with value: 0.4.
[I 2026-04-13 13:07:09,206] A new study created in memory with name: naive_bayes
[I 2026-04-13 13:07:09,220] Trial 0 finished with value: 0.5 and parameters: {'var_smoothing': 1.0489343501429862e-10}. Best is trial 0 with value: 0.5.
[I 2026-04-13 13:07:09,233] Trial 1 finished with value: 0.45 and parameters: {'var_smoothing': 1.0086701860885373e-09}. Best is trial 0 with value: 0.5.
[I 2026-04-13 13:07:09,247] Trial 2 finished with value: 0.45 and parameters: {'var_smoothing': 9.807235097598006e-10}. Best is trial 0 with value: 0.5.
[I 2026-04-13 13:07:09,260] Trial 3 finished with value: 0.5 and parameters: {'var_smoothing': 1.8520770828517824e-10}. Best is trial 0 with value: 0.5.
[I 2026-04-13 13:07:09,274] Trial 4 finished with value: 0.5 and parameters: {'var_smoothing': 1.9240757716714087e-10}. Best is trial 0 with value: 0.5.
[I 2026-04-13 13:07:09,287] Trial 5 finished with value: 0.5 and parameters: {'var_smoothing': 2.736007926537145e-10}. Best is trial 0 with value: 0.5.
[I 2026-04-13 13:07:09,301] Trial 6 finished with value: 0.45 and parameters: {'var_smoothing': 6.87094324185739e-10}. Best is trial 0 with value: 0.5.
[I 2026-04-13 13:07:09,314] Trial 7 finished with value: 0.5 and parameters: {'var_smoothing': 3.134745855231349e-10}. Best is trial 0 with value: 0.5.
[I 2026-04-13 13:07:09,327] Trial 8 finished with value: 0.5 and parameters: {'var_smoothing': 1.4727170077821783e-10}. Best is trial 0 with value: 0.5.
[I 2026-04-13 13:07:09,341] Trial 9 finished with value: 0.5 and parameters: {'var_smoothing': 4.909048017047017e-10}. Best is trial 0 with value: 0.5.
[I 2026-04-13 13:07:09,359] Trial 10 finished with value: 0.45 and parameters: {'var_smoothing': 4.226228455594519e-09}. Best is trial 0 with value: 0.5.
[I 2026-04-13 13:07:09,375] Trial 11 finished with value: 0.5 and parameters: {'var_smoothing': 1.113519502957725e-10}. Best is trial 0 with value: 0.5.
[I 2026-04-13 13:07:09,391] Trial 12 finished with value: 0.45 and parameters: {'var_smoothing': 2.53515176220917e-09}. Best is trial 0 with value: 0.5.
[I 2026-04-13 13:07:09,406] Trial 13 finished with value: 0.5 and parameters: {'var_smoothing': 1.1371325769192218e-10}. Best is trial 0 with value: 0.5.
[I 2026-04-13 13:07:09,435] Trial 14 finished with value: 0.5 and parameters: {'var_smoothing': 3.6299689759950623e-10}. Best is trial 0 with value: 0.5.
[I 2026-04-13 13:07:09,451] Trial 15 finished with value: 0.5 and parameters: {'var_smoothing': 2.0758849519545044e-10}. Best is trial 0 with value: 0.5.
[I 2026-04-13 13:07:09,466] Trial 16 finished with value: 0.45 and parameters: {'var_smoothing': 6.742702215147285e-09}. Best is trial 0 with value: 0.5.
[I 2026-04-13 13:07:09,481] Trial 17 finished with value: 0.45 and parameters: {'var_smoothing': 1.4638695845200394e-09}. Best is trial 0 with value: 0.5.
[I 2026-04-13 13:07:09,510] Trial 18 finished with value: 0.5 and parameters: {'var_smoothing': 1.8168607971200594e-10}. Best is trial 0 with value: 0.5.
[I 2026-04-13 13:07:09,525] Trial 19 finished with value: 0.5 and parameters: {'var_smoothing': 4.820267206701225e-10}. Best is trial 0 with value: 0.5.
[I 2026-04-13 13:07:09,552] Trial 20 finished with value: 0.5 and parameters: {'var_smoothing': 1.04290772980348e-10}. Best is trial 0 with value: 0.5.
[I 2026-04-13 13:07:09,567] Trial 21 finished with value: 0.5 and parameters: {'var_smoothing': 2.110964292458821e-10}. Best is trial 0 with value: 0.5.
[I 2026-04-13 13:07:09,584] Trial 22 finished with value: 0.5 and parameters: {'var_smoothing': 1.6919764898197204e-10}. Best is trial 0 with value: 0.5.
[I 2026-04-13 13:07:09,604] Trial 23 finished with value: 0.5 and parameters: {'var_smoothing': 2.6382639055420936e-10}. Best is trial 0 with value: 0.5.
[I 2026-04-13 13:07:09,626] Trial 24 finished with value: 0.5 and parameters: {'var_smoothing': 1.464476723121484e-10}. Best is trial 0 with value: 0.5.
[I 2026-04-13 13:07:09,658] Trial 25 finished with value: 0.5 and parameters: {'var_smoothing': 4.4773313338444106e-10}. Best is trial 0 with value: 0.5.
[I 2026-04-13 13:07:09,680] Trial 26 finished with value: 0.5 and parameters: {'var_smoothing': 2.532739684974584e-10}. Best is trial 0 with value: 0.5.
[I 2026-04-13 13:07:09,703] Trial 27 finished with value: 0.5 and parameters: {'var_smoothing': 6.691795601463873e-10}. Best is trial 0 with value: 0.5.
[I 2026-04-13 13:07:09,722] Trial 28 finished with value: 0.5 and parameters: {'var_smoothing': 1.4958523066250185e-10}. Best is trial 0 with value: 0.5.
[I 2026-04-13 13:07:09,739] Trial 29 finished with value: 0.45 and parameters: {'var_smoothing': 1.9329746113544527e-09}. Best is trial 0 with value: 0.5.
[I 2026-04-13 13:07:09,778] A new study created in memory with name: logreg
[I 2026-04-13 13:07:09,791] Trial 0 finished with value: 0.35 and parameters: {'C': 0.0011268620922535318, 'penalty': 'l2'}. Best is trial 0 with value: 0.35.
[I 2026-04-13 13:07:09,817] Trial 1 finished with value: 0.45 and parameters: {'C': 0.32312678588710475, 'penalty': 'l2'}. Best is trial 1 with value: 0.45.
[I 2026-04-13 13:07:09,842] Trial 2 finished with value: 0.45 and parameters: {'C': 0.3012079745112611, 'penalty': 'l2'}. Best is trial 1 with value: 0.45.
[I 2026-04-13 13:07:09,855] Trial 3 finished with value: 0.35 and parameters: {'C': 0.004668180550042529, 'penalty': 'l2'}. Best is trial 1 with value: 0.45.
[I 2026-04-13 13:07:09,868] Trial 4 finished with value: 0.35 and parameters: {'C': 0.005135177115384908, 'penalty': 'l2'}. Best is trial 1 with value: 0.45.
[I 2026-04-13 13:07:09,892] Trial 5 finished with value: 0.3 and parameters: {'C': 0.01238207351349697, 'penalty': 'l2'}. Best is trial 1 with value: 0.45.
[I 2026-04-13 13:07:09,916] Trial 6 finished with value: 0.45 and parameters: {'C': 0.12374877330306278, 'penalty': 'l2'}. Best is trial 1 with value: 0.45.
[I 2026-04-13 13:07:09,941] Trial 7 finished with value: 0.3 and parameters: {'C': 0.017398261017749217, 'penalty': 'l2'}. Best is trial 1 with value: 0.45.
[I 2026-04-13 13:07:09,954] Trial 8 finished with value: 0.35 and parameters: {'C': 0.002632074973627294, 'penalty': 'l2'}. Best is trial 1 with value: 0.45.
[I 2026-04-13 13:07:09,966] Trial 9 finished with value: 0.4 and parameters: {'C': 0.053394091359671186, 'penalty': 'l2'}. Best is trial 1 with value: 0.45.
[I 2026-04-13 13:07:10,006] Trial 10 finished with value: 0.3 and parameters: {'C': 9.528231497855979, 'penalty': 'l2'}. Best is trial 1 with value: 0.45.
[I 2026-04-13 13:07:10,024] Trial 11 finished with value: 0.35 and parameters: {'C': 1.6062566172635413, 'penalty': 'l2'}. Best is trial 1 with value: 0.45.
[I 2026-04-13 13:07:10,053] Trial 12 finished with value: 0.35 and parameters: {'C': 1.2874726910568237, 'penalty': 'l2'}. Best is trial 1 with value: 0.45.
[I 2026-04-13 13:07:10,073] Trial 13 finished with value: 0.45 and parameters: {'C': 0.5733701729424704, 'penalty': 'l2'}. Best is trial 1 with value: 0.45.
[I 2026-04-13 13:07:10,102] Trial 14 finished with value: 0.3 and parameters: {'C': 15.120040276017736, 'penalty': 'l2'}. Best is trial 1 with value: 0.45.
[I 2026-04-13 13:07:10,132] Trial 15 finished with value: 0.45 and parameters: {'C': 0.2522645130130629, 'penalty': 'l2'}. Best is trial 1 with value: 0.45.
[I 2026-04-13 13:07:10,163] Trial 16 finished with value: 0.3 and parameters: {'C': 3.7693006462440435, 'penalty': 'l2'}. Best is trial 1 with value: 0.45.
[I 2026-04-13 13:07:10,192] Trial 17 finished with value: 0.25 and parameters: {'C': 63.26611529542456, 'penalty': 'l2'}. Best is trial 1 with value: 0.45.
[I 2026-04-13 13:07:10,224] Trial 18 finished with value: 0.4 and parameters: {'C': 0.06992661290805088, 'penalty': 'l2'}. Best is trial 1 with value: 0.45.
[I 2026-04-13 13:07:10,252] Trial 19 finished with value: 0.45 and parameters: {'C': 0.3569380717309879, 'penalty': 'l2'}. Best is trial 1 with value: 0.45.
[I 2026-04-13 13:07:10,281] Trial 20 finished with value: 0.4 and parameters: {'C': 0.92082403872318, 'penalty': 'l2'}. Best is trial 1 with value: 0.45.
[I 2026-04-13 13:07:10,324] Trial 21 finished with value: 0.45 and parameters: {'C': 0.15453411931857106, 'penalty': 'l2'}. Best is trial 1 with value: 0.45.
[I 2026-04-13 13:07:10,356] Trial 22 finished with value: 0.45 and parameters: {'C': 0.08607700568535345, 'penalty': 'l2'}. Best is trial 1 with value: 0.45.
[I 2026-04-13 13:07:10,386] Trial 23 finished with value: 0.4 and parameters: {'C': 0.051620415715521104, 'penalty': 'l2'}. Best is trial 1 with value: 0.45.
[I 2026-04-13 13:07:10,427] Trial 24 finished with value: 0.3 and parameters: {'C': 0.017920877527106447, 'penalty': 'l2'}. Best is trial 1 with value: 0.45.
[I 2026-04-13 13:07:10,456] Trial 25 finished with value: 0.3 and parameters: {'C': 3.0811562685918794, 'penalty': 'l2'}. Best is trial 1 with value: 0.45.
[I 2026-04-13 13:07:10,485] Trial 26 finished with value: 0.45 and parameters: {'C': 0.17255714229744645, 'penalty': 'l2'}. Best is trial 1 with value: 0.45.
[I 2026-04-13 13:07:10,516] Trial 27 finished with value: 0.45 and parameters: {'C': 0.376691425380769, 'penalty': 'l2'}. Best is trial 1 with value: 0.45.
[I 2026-04-13 13:07:10,545] Trial 28 finished with value: 0.35 and parameters: {'C': 0.03431590980628446, 'penalty': 'l2'}. Best is trial 1 with value: 0.45.
[I 2026-04-13 13:07:10,574] Trial 29 finished with value: 0.45 and parameters: {'C': 0.1424743909884423, 'penalty': 'l2'}. Best is trial 1 with value: 0.45.
[I 2026-04-13 13:07:10,627] A new study created in memory with name: knn
[I 2026-04-13 13:07:10,652] Trial 0 finished with value: 0.3 and parameters: {'n_neighbors': 3, 'leaf_size': 30, 'p': 1}. Best is trial 0 with value: 0.3.
[I 2026-04-13 13:07:10,666] Trial 1 finished with value: 0.3 and parameters: {'n_neighbors': 4, 'leaf_size': 24, 'p': 1}. Best is trial 0 with value: 0.3.
[I 2026-04-13 13:07:10,691] Trial 2 finished with value: 0.3 and parameters: {'n_neighbors': 3, 'leaf_size': 27, 'p': 2}. Best is trial 0 with value: 0.3.
[I 2026-04-13 13:07:10,704] Trial 3 finished with value: 0.4 and parameters: {'n_neighbors': 10, 'leaf_size': 20, 'p': 1}. Best is trial 3 with value: 0.4.
[I 2026-04-13 13:07:10,718] Trial 4 finished with value: 0.4 and parameters: {'n_neighbors': 10, 'leaf_size': 34, 'p': 2}. Best is trial 3 with value: 0.4.
[I 2026-04-13 13:07:10,743] Trial 5 finished with value: 0.3 and parameters: {'n_neighbors': 6, 'leaf_size': 34, 'p': 1}. Best is trial 3 with value: 0.4.
[I 2026-04-13 13:07:10,755] Trial 6 finished with value: 0.4 and parameters: {'n_neighbors': 10, 'leaf_size': 36, 'p': 1}. Best is trial 3 with value: 0.4.
[I 2026-04-13 13:07:10,769] Trial 7 finished with value: 0.45 and parameters: {'n_neighbors': 7, 'leaf_size': 39, 'p': 2}. Best is trial 7 with value: 0.45.
[I 2026-04-13 13:07:10,784] Trial 8 finished with value: 0.4 and parameters: {'n_neighbors': 10, 'leaf_size': 23, 'p': 2}. Best is trial 7 with value: 0.45.
[I 2026-04-13 13:07:10,799] Trial 9 finished with value: 0.4 and parameters: {'n_neighbors': 10, 'leaf_size': 35, 'p': 2}. Best is trial 7 with value: 0.45.
[I 2026-04-13 13:07:10,822] Trial 10 finished with value: 0.45 and parameters: {'n_neighbors': 7, 'leaf_size': 40, 'p': 2}. Best is trial 7 with value: 0.45.
[I 2026-04-13 13:07:10,846] Trial 11 finished with value: 0.45 and parameters: {'n_neighbors': 7, 'leaf_size': 40, 'p': 2}. Best is trial 7 with value: 0.45.
[I 2026-04-13 13:07:10,870] Trial 12 finished with value: 0.45 and parameters: {'n_neighbors': 7, 'leaf_size': 40, 'p': 2}. Best is trial 7 with value: 0.45.
[I 2026-04-13 13:07:10,895] Trial 13 finished with value: 0.45 and parameters: {'n_neighbors': 8, 'leaf_size': 38, 'p': 2}. Best is trial 7 with value: 0.45.
[I 2026-04-13 13:07:10,920] Trial 14 finished with value: 0.4 and parameters: {'n_neighbors': 5, 'leaf_size': 30, 'p': 2}. Best is trial 7 with value: 0.45.
[I 2026-04-13 13:07:10,955] Trial 15 finished with value: 0.45 and parameters: {'n_neighbors': 8, 'leaf_size': 37, 'p': 2}. Best is trial 7 with value: 0.45.
[I 2026-04-13 13:07:10,982] Trial 16 finished with value: 0.45 and parameters: {'n_neighbors': 8, 'leaf_size': 31, 'p': 2}. Best is trial 7 with value: 0.45.
[I 2026-04-13 13:07:11,007] Trial 17 finished with value: 0.3 and parameters: {'n_neighbors': 6, 'leaf_size': 40, 'p': 2}. Best is trial 7 with value: 0.45.
[I 2026-04-13 13:07:11,042] Trial 18 finished with value: 0.4 and parameters: {'n_neighbors': 5, 'leaf_size': 32, 'p': 2}. Best is trial 7 with value: 0.45.
[I 2026-04-13 13:07:11,067] Trial 19 finished with value: 0.55 and parameters: {'n_neighbors': 9, 'leaf_size': 38, 'p': 2}. Best is trial 19 with value: 0.55.
[I 2026-04-13 13:07:11,097] Trial 20 finished with value: 0.55 and parameters: {'n_neighbors': 9, 'leaf_size': 38, 'p': 2}. Best is trial 19 with value: 0.55.
[I 2026-04-13 13:07:11,121] Trial 21 finished with value: 0.55 and parameters: {'n_neighbors': 9, 'leaf_size': 38, 'p': 2}. Best is trial 19 with value: 0.55.
[I 2026-04-13 13:07:11,149] Trial 22 finished with value: 0.55 and parameters: {'n_neighbors': 9, 'leaf_size': 37, 'p': 2}. Best is trial 19 with value: 0.55.
[I 2026-04-13 13:07:11,170] Trial 23 finished with value: 0.55 and parameters: {'n_neighbors': 9, 'leaf_size': 33, 'p': 2}. Best is trial 19 with value: 0.55.
[I 2026-04-13 13:07:11,194] Trial 24 finished with value: 0.55 and parameters: {'n_neighbors': 9, 'leaf_size': 36, 'p': 2}. Best is trial 19 with value: 0.55.
[I 2026-04-13 13:07:11,218] Trial 25 finished with value: 0.55 and parameters: {'n_neighbors': 9, 'leaf_size': 38, 'p': 2}. Best is trial 19 with value: 0.55.
[I 2026-04-13 13:07:11,244] Trial 26 finished with value: 0.45 and parameters: {'n_neighbors': 8, 'leaf_size': 38, 'p': 1}. Best is trial 19 with value: 0.55.
[I 2026-04-13 13:07:11,269] Trial 27 finished with value: 0.55 and parameters: {'n_neighbors': 9, 'leaf_size': 35, 'p': 2}. Best is trial 19 with value: 0.55.
[I 2026-04-13 13:07:11,293] Trial 28 finished with value: 0.45 and parameters: {'n_neighbors': 8, 'leaf_size': 28, 'p': 2}. Best is trial 19 with value: 0.55.
[I 2026-04-13 13:07:11,316] Trial 29 finished with value: 0.5 and parameters: {'n_neighbors': 9, 'leaf_size': 29, 'p': 1}. Best is trial 19 with value: 0.55.
[I 2026-04-13 13:07:11,409] A new study created in memory with name: xgb
[I 2026-04-13 13:07:11,445] Trial 0 finished with value: 0.45 and parameters: {'n_estimators': 40, 'max_depth': 30, 'gamma': 0.47665736245940726, 'subsample': 0.6240505842067796, 'colsample_bytree': 0.542029825582675}. Best is trial 0 with value: 0.45.
[I 2026-04-13 13:07:11,472] Trial 1 finished with value: 0.5 and parameters: {'n_estimators': 100, 'max_depth': 5, 'gamma': 0.6154838340124683, 'subsample': 0.9490035591125747, 'colsample_bytree': 0.8334494864598183}. Best is trial 1 with value: 0.5.
[I 2026-04-13 13:07:11,499] Trial 2 finished with value: 0.5 and parameters: {'n_estimators': 40, 'max_depth': 20, 'gamma': 0.9464719685739904, 'subsample': 0.9018698850061588, 'colsample_bytree': 0.9916796241121663}. Best is trial 1 with value: 0.5.
[I 2026-04-13 13:07:11,525] Trial 3 finished with value: 0.35 and parameters: {'n_estimators': 100, 'max_depth': 30, 'gamma': 0.26698751824101463, 'subsample': 0.6215578376567042, 'colsample_bytree': 0.9367004215505623}. Best is trial 1 with value: 0.5.
[I 2026-04-13 13:07:11,551] Trial 4 finished with value: 0.35 and parameters: {'n_estimators': 10, 'max_depth': 20, 'gamma': 0.5301766121845122, 'subsample': 0.7177777323831729, 'colsample_bytree': 0.9352041482132656}. Best is trial 1 with value: 0.5.
[I 2026-04-13 13:07:11,598] Trial 5 finished with value: 0.35 and parameters: {'n_estimators': 100, 'max_depth': 5, 'gamma': 0.6742485862456464, 'subsample': 0.7308488312353485, 'colsample_bytree': 0.5265297122426965}. Best is trial 1 with value: 0.5.
[I 2026-04-13 13:07:11,635] Trial 6 finished with value: 0.35 and parameters: {'n_estimators': 100, 'max_depth': 30, 'gamma': 0.5360486096375219, 'subsample': 0.8488681925618888, 'colsample_bytree': 0.900578215847843}. Best is trial 1 with value: 0.5.
