[I 2026-04-13 13:07:11,672] Trial 7 finished with value: 0.45 and parameters: {'n_estimators': 40, 'max_depth': 5, 'gamma': 0.4997010655396419, 'subsample': 0.7490698051808964, 'colsample_bytree': 0.7071731623998108}. Best is trial 1 with value: 0.5.
[I 2026-04-13 13:07:11,707] Trial 8 finished with value: 0.35 and parameters: {'n_estimators': 100, 'max_depth': 5, 'gamma': 0.5449029446194361, 'subsample': 0.7150234071055932, 'colsample_bytree': 0.8673829085180849}. Best is trial 1 with value: 0.5.
[I 2026-04-13 13:07:11,745] Trial 9 finished with value: 0.35 and parameters: {'n_estimators': 100, 'max_depth': 30, 'gamma': 0.5427360453562716, 'subsample': 0.5915763668266103, 'colsample_bytree': 0.5546552575823498}. Best is trial 1 with value: 0.5.
[I 2026-04-13 13:07:11,779] Trial 10 finished with value: 0.5 and parameters: {'n_estimators': 10, 'max_depth': 5, 'gamma': 0.8166697644905587, 'subsample': 0.9751404785189386, 'colsample_bytree': 0.7735093231652352}. Best is trial 1 with value: 0.5.
[I 2026-04-13 13:07:11,817] Trial 11 finished with value: 0.5 and parameters: {'n_estimators': 40, 'max_depth': 20, 'gamma': 0.9952092548004167, 'subsample': 0.9683640491533567, 'colsample_bytree': 0.9928642741558296}. Best is trial 1 with value: 0.5.
[I 2026-04-13 13:07:11,851] Trial 12 finished with value: 0.5 and parameters: {'n_estimators': 40, 'max_depth': 20, 'gamma': 0.983676481207403, 'subsample': 0.8829122845088755, 'colsample_bytree': 0.8106211752102093}. Best is trial 1 with value: 0.5.
[I 2026-04-13 13:07:11,895] Trial 13 finished with value: 0.5 and parameters: {'n_estimators': 40, 'max_depth': 20, 'gamma': 0.7737308083294776, 'subsample': 0.8662188927972414, 'colsample_bytree': 0.6888666758338158}. Best is trial 1 with value: 0.5.
[I 2026-04-13 13:07:11,933] Trial 14 finished with value: 0.5 and parameters: {'n_estimators': 10, 'max_depth': 5, 'gamma': 0.1118487397978592, 'subsample': 0.9176618187802201, 'colsample_bytree': 0.9990482924374496}. Best is trial 1 with value: 0.5.
[I 2026-04-13 13:07:11,981] Trial 15 finished with value: 0.35 and parameters: {'n_estimators': 100, 'max_depth': 20, 'gamma': 0.35329466441380575, 'subsample': 0.8113467514466688, 'colsample_bytree': 0.6287210900307332}. Best is trial 1 with value: 0.5.
[I 2026-04-13 13:07:12,027] Trial 16 finished with value: 0.5 and parameters: {'n_estimators': 40, 'max_depth': 20, 'gamma': 0.8711731685749494, 'subsample': 0.9299586176132004, 'colsample_bytree': 0.8521946304308765}. Best is trial 1 with value: 0.5.
[I 2026-04-13 13:07:12,065] Trial 17 finished with value: 0.4 and parameters: {'n_estimators': 40, 'max_depth': 5, 'gamma': 0.6705158501934413, 'subsample': 0.5106683207593217, 'colsample_bytree': 0.8053972925571781}. Best is trial 1 with value: 0.5.
[I 2026-04-13 13:07:12,114] Trial 18 finished with value: 0.35 and parameters: {'n_estimators': 100, 'max_depth': 5, 'gamma': 0.689753787686795, 'subsample': 0.8049201703641657, 'colsample_bytree': 0.7117948538295535}. Best is trial 1 with value: 0.5.
[I 2026-04-13 13:07:12,156] Trial 19 finished with value: 0.5 and parameters: {'n_estimators': 10, 'max_depth': 20, 'gamma': 0.345799187122584, 'subsample': 0.9961618760618361, 'colsample_bytree': 0.9337408564510504}. Best is trial 1 with value: 0.5.
[I 2026-04-13 13:07:12,219] Trial 20 finished with value: 0.5 and parameters: {'n_estimators': 100, 'max_depth': 5, 'gamma': 0.9029288546781351, 'subsample': 0.9296868016499862, 'colsample_bytree': 0.6318047672535471}. Best is trial 1 with value: 0.5.
[I 2026-04-13 13:07:12,258] Trial 21 finished with value: 0.55 and parameters: {'n_estimators': 10, 'max_depth': 5, 'gamma': 0.8033722610069298, 'subsample': 0.9878737925966076, 'colsample_bytree': 0.7656671026670714}. Best is trial 21 with value: 0.55.
[I 2026-04-13 13:07:12,291] Trial 22 finished with value: 0.5 and parameters: {'n_estimators': 10, 'max_depth': 5, 'gamma': 0.7472159918260739, 'subsample': 0.9474840416276918, 'colsample_bytree': 0.7800118302458898}. Best is trial 21 with value: 0.55.
[I 2026-04-13 13:07:12,315] Trial 23 finished with value: 0.5 and parameters: {'n_estimators': 10, 'max_depth': 5, 'gamma': 0.9267706141775858, 'subsample': 0.8950917226882316, 'colsample_bytree': 0.8414695291124904}. Best is trial 21 with value: 0.55.
[I 2026-04-13 13:07:12,352] Trial 24 finished with value: 0.4 and parameters: {'n_estimators': 10, 'max_depth': 5, 'gamma': 0.6310708030340189, 'subsample': 0.9963186602029672, 'colsample_bytree': 0.7360362540782053}. Best is trial 21 with value: 0.55.
[I 2026-04-13 13:07:12,394] Trial 25 finished with value: 0.35 and parameters: {'n_estimators': 40, 'max_depth': 20, 'gamma': 0.8467705055882397, 'subsample': 0.8141191487908445, 'colsample_bytree': 0.6731849288716123}. Best is trial 21 with value: 0.55.
[I 2026-04-13 13:07:12,439] Trial 26 finished with value: 0.5 and parameters: {'n_estimators': 10, 'max_depth': 5, 'gamma': 0.7876169819026979, 'subsample': 0.8435820802252091, 'colsample_bytree': 0.8982304431885406}. Best is trial 21 with value: 0.55.
[I 2026-04-13 13:07:12,492] Trial 27 finished with value: 0.5 and parameters: {'n_estimators': 40, 'max_depth': 5, 'gamma': 0.6135412466183476, 'subsample': 0.9043831361439031, 'colsample_bytree': 0.9643816258071293}. Best is trial 21 with value: 0.55.
[I 2026-04-13 13:07:12,530] Trial 28 finished with value: 0.5 and parameters: {'n_estimators': 10, 'max_depth': 30, 'gamma': 0.9299400522722631, 'subsample': 0.9640520057748937, 'colsample_bytree': 0.748570849376162}. Best is trial 21 with value: 0.55.
[I 2026-04-13 13:07:12,578] Trial 29 finished with value: 0.35 and parameters: {'n_estimators': 100, 'max_depth': 20, 'gamma': 0.4473414990420303, 'subsample': 0.7895520752897869, 'colsample_bytree': 0.8869180081614105}. Best is trial 21 with value: 0.55.
[I 2026-04-13 13:07:12,663] A new study created in memory with name: rf
[I 2026-04-13 13:07:12,838] Trial 0 finished with value: 0.3 and parameters: {'n_estimators': 104, 'max_depth': 12, 'min_samples_split': 6, 'min_samples_leaf': 2}. Best is trial 0 with value: 0.3.
[I 2026-04-13 13:07:13,095] Trial 1 finished with value: 0.3 and parameters: {'n_estimators': 156, 'max_depth': 6, 'min_samples_split': 5, 'min_samples_leaf': 3}. Best is trial 0 with value: 0.3.
[I 2026-04-13 13:07:13,243] Trial 2 finished with value: 0.5 and parameters: {'n_estimators': 133, 'max_depth': 9, 'min_samples_split': 3, 'min_samples_leaf': 9}. Best is trial 2 with value: 0.5.
[I 2026-04-13 13:07:13,854] Trial 3 finished with value: 0.45 and parameters: {'n_estimators': 481, 'max_depth': 3, 'min_samples_split': 8, 'min_samples_leaf': 6}. Best is trial 2 with value: 0.5.
[I 2026-04-13 13:07:14,436] Trial 4 finished with value: 0.5 and parameters: {'n_estimators': 460, 'max_depth': 15, 'min_samples_split': 6, 'min_samples_leaf': 8}. Best is trial 2 with value: 0.5.
[I 2026-04-13 13:07:14,726] Trial 5 finished with value: 0.45 and parameters: {'n_estimators': 254, 'max_depth': 15, 'min_samples_split': 9, 'min_samples_leaf': 5}. Best is trial 2 with value: 0.5.
[I 2026-04-13 13:07:15,285] Trial 6 finished with value: 0.3 and parameters: {'n_estimators': 477, 'max_depth': 17, 'min_samples_split': 10, 'min_samples_leaf': 2}. Best is trial 2 with value: 0.5.
[I 2026-04-13 13:07:15,643] Trial 7 finished with value: 0.5 and parameters: {'n_estimators': 308, 'max_depth': 20, 'min_samples_split': 7, 'min_samples_leaf': 9}. Best is trial 2 with value: 0.5.
[I 2026-04-13 13:07:16,172] Trial 8 finished with value: 0.5 and parameters: {'n_estimators': 489, 'max_depth': 6, 'min_samples_split': 4, 'min_samples_leaf': 9}. Best is trial 2 with value: 0.5.
[I 2026-04-13 13:07:16,824] Trial 9 finished with value: 0.45 and parameters: {'n_estimators': 463, 'max_depth': 16, 'min_samples_split': 5, 'min_samples_leaf': 5}. Best is trial 2 with value: 0.5.
[I 2026-04-13 13:07:17,125] Trial 10 finished with value: 0.5 and parameters: {'n_estimators': 228, 'max_depth': 10, 'min_samples_split': 2, 'min_samples_leaf': 10}. Best is trial 2 with value: 0.5.
[I 2026-04-13 13:07:17,620] Trial 11 finished with value: 0.5 and parameters: {'n_estimators': 397, 'max_depth': 11, 'min_samples_split': 2, 'min_samples_leaf': 7}. Best is trial 2 with value: 0.5.
[I 2026-04-13 13:07:18,095] Trial 12 finished with value: 0.5 and parameters: {'n_estimators': 369, 'max_depth': 13, 'min_samples_split': 3, 'min_samples_leaf': 8}. Best is trial 2 with value: 0.5.
[I 2026-04-13 13:07:18,423] Trial 13 finished with value: 0.5 and parameters: {'n_estimators': 196, 'max_depth': 9, 'min_samples_split': 4, 'min_samples_leaf': 10}. Best is trial 2 with value: 0.5.
[I 2026-04-13 13:07:18,855] Trial 14 finished with value: 0.45 and parameters: {'n_estimators': 318, 'max_depth': 8, 'min_samples_split': 7, 'min_samples_leaf': 7}. Best is trial 2 with value: 0.5.
[I 2026-04-13 13:07:19,363] Trial 15 finished with value: 0.5 and parameters: {'n_estimators': 402, 'max_depth': 19, 'min_samples_split': 4, 'min_samples_leaf': 8}. Best is trial 2 with value: 0.5.
[I 2026-04-13 13:07:19,557] Trial 16 finished with value: 0.5 and parameters: {'n_estimators': 107, 'max_depth': 14, 'min_samples_split': 6, 'min_samples_leaf': 8}. Best is trial 2 with value: 0.5.
[I 2026-04-13 13:07:19,887] Trial 17 finished with value: 0.45 and parameters: {'n_estimators': 266, 'max_depth': 18, 'min_samples_split': 3, 'min_samples_leaf': 6}. Best is trial 2 with value: 0.5.
[I 2026-04-13 13:07:20,335] Trial 18 finished with value: 0.35 and parameters: {'n_estimators': 351, 'max_depth': 6, 'min_samples_split': 7, 'min_samples_leaf': 4}. Best is trial 2 with value: 0.5.
[I 2026-04-13 13:07:20,606] Trial 19 finished with value: 0.5 and parameters: {'n_estimators': 166, 'max_depth': 13, 'min_samples_split': 5, 'min_samples_leaf': 9}. Best is trial 2 with value: 0.5.
[I 2026-04-13 13:07:21,141] Trial 20 finished with value: 0.5 and parameters: {'n_estimators': 408, 'max_depth': 3, 'min_samples_split': 8, 'min_samples_leaf': 7}. Best is trial 2 with value: 0.5.
[I 2026-04-13 13:07:21,521] Trial 21 finished with value: 0.5 and parameters: {'n_estimators': 291, 'max_depth': 19, 'min_samples_split': 7, 'min_samples_leaf': 9}. Best is trial 2 with value: 0.5.
[I 2026-04-13 13:07:21,871] Trial 22 finished with value: 0.5 and parameters: {'n_estimators': 218, 'max_depth': 20, 'min_samples_split': 9, 'min_samples_leaf': 10}. Best is trial 2 with value: 0.5.
[I 2026-04-13 13:07:22,466] Trial 23 finished with value: 0.5 and parameters: {'n_estimators': 444, 'max_depth': 16, 'min_samples_split': 8, 'min_samples_leaf': 9}. Best is trial 2 with value: 0.5.
[I 2026-04-13 13:07:22,903] Trial 24 finished with value: 0.5 and parameters: {'n_estimators': 330, 'max_depth': 9, 'min_samples_split': 6, 'min_samples_leaf': 8}. Best is trial 2 with value: 0.5.
[I 2026-04-13 13:07:23,290] Trial 25 finished with value: 0.5 and parameters: {'n_estimators': 292, 'max_depth': 20, 'min_samples_split': 7, 'min_samples_leaf': 10}. Best is trial 2 with value: 0.5.
[I 2026-04-13 13:07:23,858] Trial 26 finished with value: 0.45 and parameters: {'n_estimators': 433, 'max_depth': 17, 'min_samples_split': 3, 'min_samples_leaf': 7}. Best is trial 2 with value: 0.5.
[I 2026-04-13 13:07:24,114] Trial 27 finished with value: 0.5 and parameters: {'n_estimators': 147, 'max_depth': 11, 'min_samples_split': 10, 'min_samples_leaf': 9}. Best is trial 2 with value: 0.5.
[I 2026-04-13 13:07:24,615] Trial 28 finished with value: 0.3 and parameters: {'n_estimators': 365, 'max_depth': 15, 'min_samples_split': 6, 'min_samples_leaf': 1}. Best is trial 2 with value: 0.5.
[I 2026-04-13 13:07:24,815] Trial 29 finished with value: 0.5 and parameters: {'n_estimators': 104, 'max_depth': 13, 'min_samples_split': 5, 'min_samples_leaf': 8}. Best is trial 2 with value: 0.5.
[I 2026-04-13 13:07:25,127] A new study created in memory with name: mlp
[I 2026-04-13 13:07:25,212] Trial 0 finished with value: 0.25 and parameters: {'hidden_layer_sizes': (200,), 'max_iter': 100, 'alpha': 0.001}. Best is trial 0 with value: 0.25.
[I 2026-04-13 13:07:25,300] Trial 1 finished with value: 0.2 and parameters: {'hidden_layer_sizes': (100, 100), 'max_iter': 100, 'alpha': 0.0001}. Best is trial 0 with value: 0.25.
[I 2026-04-13 13:07:25,358] Trial 2 finished with value: 0.25 and parameters: {'hidden_layer_sizes': (100, 100), 'max_iter': 50, 'alpha': 0.0001}. Best is trial 0 with value: 0.25.
[I 2026-04-13 13:07:25,405] Trial 3 finished with value: 0.35 and parameters: {'hidden_layer_sizes': (200,), 'max_iter': 50, 'alpha': 0.0001}. Best is trial 3 with value: 0.35.
[I 2026-04-13 13:07:25,492] Trial 4 finished with value: 0.25 and parameters: {'hidden_layer_sizes': (200,), 'max_iter': 100, 'alpha': 0.001}. Best is trial 3 with value: 0.35.
[I 2026-04-13 13:07:25,550] Trial 5 finished with value: 0.25 and parameters: {'hidden_layer_sizes': (200,), 'max_iter': 100, 'alpha': 0.0001}. Best is trial 3 with value: 0.35.
[I 2026-04-13 13:07:25,626] Trial 6 finished with value: 0.2 and parameters: {'hidden_layer_sizes': (100, 100), 'max_iter': 100, 'alpha': 0.001}. Best is trial 3 with value: 0.35.
[I 2026-04-13 13:07:25,663] Trial 7 finished with value: 0.3 and parameters: {'hidden_layer_sizes': (200,), 'max_iter': 50, 'alpha': 0.001}. Best is trial 3 with value: 0.35.
[I 2026-04-13 13:07:25,719] Trial 8 finished with value: 0.25 and parameters: {'hidden_layer_sizes': (100,), 'max_iter': 100, 'alpha': 0.001}. Best is trial 3 with value: 0.35.
[I 2026-04-13 13:07:25,756] Trial 9 finished with value: 0.35 and parameters: {'hidden_layer_sizes': (200,), 'max_iter': 50, 'alpha': 0.001}. Best is trial 3 with value: 0.35.
[I 2026-04-13 13:07:25,796] Trial 10 finished with value: 0.4 and parameters: {'hidden_layer_sizes': (100,), 'max_iter': 50, 'alpha': 0.0001}. Best is trial 10 with value: 0.4.
[I 2026-04-13 13:07:25,834] Trial 11 finished with value: 0.35 and parameters: {'hidden_layer_sizes': (100,), 'max_iter': 50, 'alpha': 0.0001}. Best is trial 10 with value: 0.4.
[I 2026-04-13 13:07:25,881] Trial 12 finished with value: 0.45 and parameters: {'hidden_layer_sizes': (100,), 'max_iter': 50, 'alpha': 0.0001}. Best is trial 12 with value: 0.45.
[I 2026-04-13 13:07:25,929] Trial 13 finished with value: 0.35 and parameters: {'hidden_layer_sizes': (100,), 'max_iter': 50, 'alpha': 0.0001}. Best is trial 12 with value: 0.45.
[I 2026-04-13 13:07:25,965] Trial 14 finished with value: 0.35 and parameters: {'hidden_layer_sizes': (100,), 'max_iter': 50, 'alpha': 0.0001}. Best is trial 12 with value: 0.45.
[I 2026-04-13 13:07:26,014] Trial 15 finished with value: 0.35 and parameters: {'hidden_layer_sizes': (100,), 'max_iter': 50, 'alpha': 0.0001}. Best is trial 12 with value: 0.45.
[I 2026-04-13 13:07:26,060] Trial 16 finished with value: 0.35 and parameters: {'hidden_layer_sizes': (100,), 'max_iter': 50, 'alpha': 0.0001}. Best is trial 12 with value: 0.45.
[I 2026-04-13 13:07:26,111] Trial 17 finished with value: 0.35 and parameters: {'hidden_layer_sizes': (100,), 'max_iter': 50, 'alpha': 0.0001}. Best is trial 12 with value: 0.45.
[I 2026-04-13 13:07:26,148] Trial 18 finished with value: 0.35 and parameters: {'hidden_layer_sizes': (100,), 'max_iter': 50, 'alpha': 0.0001}. Best is trial 12 with value: 0.45.
[I 2026-04-13 13:07:26,187] Trial 19 finished with value: 0.35 and parameters: {'hidden_layer_sizes': (100,), 'max_iter': 50, 'alpha': 0.0001}. Best is trial 12 with value: 0.45.
[I 2026-04-13 13:07:26,234] Trial 20 finished with value: 0.35 and parameters: {'hidden_layer_sizes': (100,), 'max_iter': 50, 'alpha': 0.0001}. Best is trial 12 with value: 0.45.
[I 2026-04-13 13:07:26,280] Trial 21 finished with value: 0.3 and parameters: {'hidden_layer_sizes': (200,), 'max_iter': 50, 'alpha': 0.0001}. Best is trial 12 with value: 0.45.
[I 2026-04-13 13:07:26,335] Trial 22 finished with value: 0.35 and parameters: {'hidden_layer_sizes': (200,), 'max_iter': 50, 'alpha': 0.0001}. Best is trial 12 with value: 0.45.
[I 2026-04-13 13:07:26,402] Trial 23 finished with value: 0.25 and parameters: {'hidden_layer_sizes': (100, 100), 'max_iter': 50, 'alpha': 0.0001}. Best is trial 12 with value: 0.45.
[I 2026-04-13 13:07:26,449] Trial 24 finished with value: 0.35 and parameters: {'hidden_layer_sizes': (100,), 'max_iter': 50, 'alpha': 0.0001}. Best is trial 12 with value: 0.45.
[I 2026-04-13 13:07:26,495] Trial 25 finished with value: 0.35 and parameters: {'hidden_layer_sizes': (200,), 'max_iter': 50, 'alpha': 0.0001}. Best is trial 12 with value: 0.45.
[I 2026-04-13 13:07:26,543] Trial 26 finished with value: 0.35 and parameters: {'hidden_layer_sizes': (100,), 'max_iter': 50, 'alpha': 0.0001}. Best is trial 12 with value: 0.45.
[I 2026-04-13 13:07:26,582] Trial 27 finished with value: 0.35 and parameters: {'hidden_layer_sizes': (100,), 'max_iter': 50, 'alpha': 0.0001}. Best is trial 12 with value: 0.45.
[I 2026-04-13 13:07:26,651] Trial 28 finished with value: 0.2 and parameters: {'hidden_layer_sizes': (100, 100), 'max_iter': 50, 'alpha': 0.0001}. Best is trial 12 with value: 0.45.
[I 2026-04-13 13:07:26,720] Trial 29 finished with value: 0.25 and parameters: {'hidden_layer_sizes': (200,), 'max_iter': 100, 'alpha': 0.001}. Best is trial 12 with value: 0.45.
[I 2026-04-13 13:07:33,975] A new study created in memory with name: naive_bayes
[I 2026-04-13 13:07:33,991] Trial 0 finished with value: 1.0 and parameters: {'var_smoothing': 1.0489343501429862e-10}. Best is trial 0 with value: 1.0.
[I 2026-04-13 13:07:34,004] Trial 1 finished with value: 1.0 and parameters: {'var_smoothing': 1.0086701860885373e-09}. Best is trial 0 with value: 1.0.
[I 2026-04-13 13:07:34,017] Trial 2 finished with value: 1.0 and parameters: {'var_smoothing': 9.807235097598006e-10}. Best is trial 0 with value: 1.0.
[I 2026-04-13 13:07:34,029] Trial 3 finished with value: 1.0 and parameters: {'var_smoothing': 1.8520770828517824e-10}. Best is trial 0 with value: 1.0.
[I 2026-04-13 13:07:34,042] Trial 4 finished with value: 1.0 and parameters: {'var_smoothing': 1.9240757716714087e-10}. Best is trial 0 with value: 1.0.
[I 2026-04-13 13:07:34,054] Trial 5 finished with value: 1.0 and parameters: {'var_smoothing': 2.736007926537145e-10}. Best is trial 0 with value: 1.0.
[I 2026-04-13 13:07:34,066] Trial 6 finished with value: 1.0 and parameters: {'var_smoothing': 6.87094324185739e-10}. Best is trial 0 with value: 1.0.
[I 2026-04-13 13:07:34,079] Trial 7 finished with value: 1.0 and parameters: {'var_smoothing': 3.134745855231349e-10}. Best is trial 0 with value: 1.0.
[I 2026-04-13 13:07:34,091] Trial 8 finished with value: 1.0 and parameters: {'var_smoothing': 1.4727170077821783e-10}. Best is trial 0 with value: 1.0.
[I 2026-04-13 13:07:34,103] Trial 9 finished with value: 1.0 and parameters: {'var_smoothing': 4.909048017047017e-10}. Best is trial 0 with value: 1.0.
[I 2026-04-13 13:07:34,120] Trial 10 finished with value: 1.0 and parameters: {'var_smoothing': 4.226228455594519e-09}. Best is trial 0 with value: 1.0.
[I 2026-04-13 13:07:34,137] Trial 11 finished with value: 1.0 and parameters: {'var_smoothing': 2.8481546791169343e-09}. Best is trial 0 with value: 1.0.
[I 2026-04-13 13:07:34,153] Trial 12 finished with value: 1.0 and parameters: {'var_smoothing': 1.9032336526904254e-09}. Best is trial 0 with value: 1.0.
[I 2026-04-13 13:07:34,169] Trial 13 finished with value: 1.0 and parameters: {'var_smoothing': 1.6192707465333408e-09}. Best is trial 0 with value: 1.0.
[I 2026-04-13 13:07:34,185] Trial 14 finished with value: 1.0 and parameters: {'var_smoothing': 1.0137193502251743e-10}. Best is trial 0 with value: 1.0.
[I 2026-04-13 13:07:34,200] Trial 15 finished with value: 1.0 and parameters: {'var_smoothing': 7.233291262560306e-09}. Best is trial 0 with value: 1.0.
[I 2026-04-13 13:07:34,216] Trial 16 finished with value: 1.0 and parameters: {'var_smoothing': 5.636880428096003e-10}. Best is trial 0 with value: 1.0.
[I 2026-04-13 13:07:34,232] Trial 17 finished with value: 1.0 and parameters: {'var_smoothing': 1.2682382630515742e-09}. Best is trial 0 with value: 1.0.
[I 2026-04-13 13:07:34,257] Trial 18 finished with value: 1.0 and parameters: {'var_smoothing': 3.934685686653308e-10}. Best is trial 0 with value: 1.0.
[I 2026-04-13 13:07:34,273] Trial 19 finished with value: 1.0 and parameters: {'var_smoothing': 8.419551297505738e-10}. Best is trial 0 with value: 1.0.
[I 2026-04-13 13:07:34,289] Trial 20 finished with value: 1.0 and parameters: {'var_smoothing': 2.608399883647147e-09}. Best is trial 0 with value: 1.0.
[I 2026-04-13 13:07:34,304] Trial 21 finished with value: 1.0 and parameters: {'var_smoothing': 1.1043065925699652e-09}. Best is trial 0 with value: 1.0.
[I 2026-04-13 13:07:34,320] Trial 22 finished with value: 1.0 and parameters: {'var_smoothing': 7.818254747144452e-09}. Best is trial 0 with value: 1.0.
[I 2026-04-13 13:07:34,336] Trial 23 finished with value: 1.0 and parameters: {'var_smoothing': 4.506881416225629e-09}. Best is trial 0 with value: 1.0.
[I 2026-04-13 13:07:34,352] Trial 24 finished with value: 1.0 and parameters: {'var_smoothing': 8.370195589160265e-10}. Best is trial 0 with value: 1.0.
[I 2026-04-13 13:07:34,368] Trial 25 finished with value: 1.0 and parameters: {'var_smoothing': 1.4246564400615985e-09}. Best is trial 0 with value: 1.0.
[I 2026-04-13 13:07:34,384] Trial 26 finished with value: 1.0 and parameters: {'var_smoothing': 1.055993505169999e-10}. Best is trial 0 with value: 1.0.
[I 2026-04-13 13:07:34,400] Trial 27 finished with value: 1.0 and parameters: {'var_smoothing': 2.338070103551991e-09}. Best is trial 0 with value: 1.0.
[I 2026-04-13 13:07:34,416] Trial 28 finished with value: 1.0 and parameters: {'var_smoothing': 2.9749637796955326e-10}. Best is trial 0 with value: 1.0.
[I 2026-04-13 13:07:34,432] Trial 29 finished with value: 1.0 and parameters: {'var_smoothing': 2.1414596138226606e-10}. Best is trial 0 with value: 1.0.
[I 2026-04-13 13:07:34,463] A new study created in memory with name: logreg
