[I 2026-04-13 12:56:48,852] Trial 29 finished with value: 0.55 and parameters: {'n_neighbors': 5, 'leaf_size': 25, 'p': 1}. Best is trial 1 with value: 0.65.



>>> Optuna tuning logreg metodo ag IPC 10 seed 5


Parámetros guardados en /data/home/rtabares/estiven/CorVAE/checkpoint_smoke_test_mlp/ag/IPC_10/best_models_ag_seed_5_space_original/logreg_best_params.json


>>> Optuna tuning knn metodo ag IPC 10 seed 5


Parámetros guardados en /data/home/rtabares/estiven/CorVAE/checkpoint_smoke_test_mlp/ag/IPC_10/best_models_ag_seed_5_space_original/knn_best_params.json


>>> Optuna tuning xgb metodo ag IPC 10 seed 5


Parámetros guardados en /data/home/rtabares/estiven/CorVAE/checkpoint_smoke_test_mlp/ag/IPC_10/best_models_ag_seed_5_space_original/xgb_best_params.json


>>> Optuna tuning rf metodo ag IPC 10 seed 5


Parámetros guardados en /data/home/rtabares/estiven/CorVAE/checkpoint_smoke_test_mlp/ag/IPC_10/best_models_ag_seed_5_space_original/rf_best_params.json


>>> Optuna tuning mlp metodo ag IPC 10 seed 5


Parámetros guardados en /data/home/rtabares/estiven/CorVAE/checkpoint_smoke_test_mlp/ag/IPC_10/best_models_ag_seed_5_space_original/mlp_best_params.json


>>> Optuna tuning naive_bayes metodo lc IPC 10 seed 5


Parámetros guardados en /data/home/rtabares/estiven/CorVAE/checkpoint_smoke_test_mlp/lc/IPC_10/best_models_lc_seed_5_space_latent/naive_bayes_best_params.json


>>> Optuna tuning logreg metodo lc IPC 10 seed 5


Parámetros guardados en /data/home/rtabares/estiven/CorVAE/checkpoint_smoke_test_mlp/lc/IPC_10/best_models_lc_seed_5_space_latent/logreg_best_params.json


>>> Optuna tuning knn metodo lc IPC 10 seed 5


Parámetros guardados en /data/home/rtabares/estiven/CorVAE/checkpoint_smoke_test_mlp/lc/IPC_10/best_models_lc_seed_5_space_latent/knn_best_params.json


>>> Optuna tuning xgb metodo lc IPC 10 seed 5


Parámetros guardados en /data/home/rtabares/estiven/CorVAE/checkpoint_smoke_test_mlp/lc/IPC_10/best_models_lc_seed_5_space_latent/xgb_best_params.json


>>> Optuna tuning rf metodo lc IPC 10 seed 5


Parámetros guardados en /data/home/rtabares/estiven/CorVAE/checkpoint_smoke_test_mlp/lc/IPC_10/best_models_lc_seed_5_space_latent/rf_best_params.json


>>> Optuna tuning mlp metodo lc IPC 10 seed 5


Parámetros guardados en /data/home/rtabares/estiven/CorVAE/checkpoint_smoke_test_mlp/lc/IPC_10/best_models_lc_seed_5_space_latent/mlp_best_params.json


>>> Optuna tuning naive_bayes metodo lc IPC 10 seed 5


Parámetros guardados en /data/home/rtabares/estiven/CorVAE/checkpoint_smoke_test_mlp/lc/IPC_10/best_models_lc_seed_5_space_original/naive_bayes_best_params.json


>>> Optuna tuning logreg metodo lc IPC 10 seed 5


Parámetros guardados en /data/home/rtabares/estiven/CorVAE/checkpoint_smoke_test_mlp/lc/IPC_10/best_models_lc_seed_5_space_original/logreg_best_params.json


>>> Optuna tuning knn metodo lc IPC 10 seed 5


Parámetros guardados en /data/home/rtabares/estiven/CorVAE/checkpoint_smoke_test_mlp/lc/IPC_10/best_models_lc_seed_5_space_original/knn_best_params.json


>>> Optuna tuning xgb metodo lc IPC 10 seed 5


Parámetros guardados en /data/home/rtabares/estiven/CorVAE/checkpoint_smoke_test_mlp/lc/IPC_10/best_models_lc_seed_5_space_original/xgb_best_params.json


>>> Optuna tuning rf metodo lc IPC 10 seed 5


Parámetros guardados en /data/home/rtabares/estiven/CorVAE/checkpoint_smoke_test_mlp/lc/IPC_10/best_models_lc_seed_5_space_original/rf_best_params.json


>>> Optuna tuning mlp metodo lc IPC 10 seed 5


Parámetros guardados en /data/home/rtabares/estiven/CorVAE/checkpoint_smoke_test_mlp/lc/IPC_10/best_models_lc_seed_5_space_original/mlp_best_params.json


>>> Optuna tuning naive_bayes metodo random IPC 10 seed 6


Parámetros guardados en /data/home/rtabares/estiven/CorVAE/checkpoint_smoke_test_mlp/random/IPC_10/best_models_random_seed_6_space_original/naive_bayes_best_params.json


>>> Optuna tuning logreg metodo random IPC 10 seed 6


Parámetros guardados en /data/home/rtabares/estiven/CorVAE/checkpoint_smoke_test_mlp/random/IPC_10/best_models_random_seed_6_space_original/logreg_best_params.json


>>> Optuna tuning knn metodo random IPC 10 seed 6


Parámetros guardados en /data/home/rtabares/estiven/CorVAE/checkpoint_smoke_test_mlp/random/IPC_10/best_models_random_seed_6_space_original/knn_best_params.json


>>> Optuna tuning xgb metodo random IPC 10 seed 6


Parámetros guardados en /data/home/rtabares/estiven/CorVAE/checkpoint_smoke_test_mlp/random/IPC_10/best_models_random_seed_6_space_original/xgb_best_params.json


>>> Optuna tuning rf metodo random IPC 10 seed 6


Parámetros guardados en /data/home/rtabares/estiven/CorVAE/checkpoint_smoke_test_mlp/random/IPC_10/best_models_random_seed_6_space_original/rf_best_params.json


>>> Optuna tuning mlp metodo random IPC 10 seed 6


Parámetros guardados en /data/home/rtabares/estiven/CorVAE/checkpoint_smoke_test_mlp/random/IPC_10/best_models_random_seed_6_space_original/mlp_best_params.json


>>> Optuna tuning naive_bayes metodo k-means IPC 10 seed 6


Parámetros guardados en /data/home/rtabares/estiven/CorVAE/checkpoint_smoke_test_mlp/k-means/IPC_10/best_models_k-means_seed_6_space_latent/naive_bayes_best_params.json


>>> Optuna tuning logreg metodo k-means IPC 10 seed 6


Parámetros guardados en /data/home/rtabares/estiven/CorVAE/checkpoint_smoke_test_mlp/k-means/IPC_10/best_models_k-means_seed_6_space_latent/logreg_best_params.json


>>> Optuna tuning knn metodo k-means IPC 10 seed 6


Parámetros guardados en /data/home/rtabares/estiven/CorVAE/checkpoint_smoke_test_mlp/k-means/IPC_10/best_models_k-means_seed_6_space_latent/knn_best_params.json


>>> Optuna tuning xgb metodo k-means IPC 10 seed 6


Parámetros guardados en /data/home/rtabares/estiven/CorVAE/checkpoint_smoke_test_mlp/k-means/IPC_10/best_models_k-means_seed_6_space_latent/xgb_best_params.json


>>> Optuna tuning rf metodo k-means IPC 10 seed 6


Parámetros guardados en /data/home/rtabares/estiven/CorVAE/checkpoint_smoke_test_mlp/k-means/IPC_10/best_models_k-means_seed_6_space_latent/rf_best_params.json


>>> Optuna tuning mlp metodo k-means IPC 10 seed 6


Parámetros guardados en /data/home/rtabares/estiven/CorVAE/checkpoint_smoke_test_mlp/k-means/IPC_10/best_models_k-means_seed_6_space_latent/mlp_best_params.json


>>> Optuna tuning naive_bayes metodo k-means IPC 10 seed 6


Parámetros guardados en /data/home/rtabares/estiven/CorVAE/checkpoint_smoke_test_mlp/k-means/IPC_10/best_models_k-means_seed_6_space_original/naive_bayes_best_params.json


>>> Optuna tuning logreg metodo k-means IPC 10 seed 6


Parámetros guardados en /data/home/rtabares/estiven/CorVAE/checkpoint_smoke_test_mlp/k-means/IPC_10/best_models_k-means_seed_6_space_original/logreg_best_params.json


>>> Optuna tuning knn metodo k-means IPC 10 seed 6


Parámetros guardados en /data/home/rtabares/estiven/CorVAE/checkpoint_smoke_test_mlp/k-means/IPC_10/best_models_k-means_seed_6_space_original/knn_best_params.json


>>> Optuna tuning xgb metodo k-means IPC 10 seed 6


Parámetros guardados en /data/home/rtabares/estiven/CorVAE/checkpoint_smoke_test_mlp/k-means/IPC_10/best_models_k-means_seed_6_space_original/xgb_best_params.json


>>> Optuna tuning rf metodo k-means IPC 10 seed 6


Parámetros guardados en /data/home/rtabares/estiven/CorVAE/checkpoint_smoke_test_mlp/k-means/IPC_10/best_models_k-means_seed_6_space_original/rf_best_params.json


>>> Optuna tuning mlp metodo k-means IPC 10 seed 6


Parámetros guardados en /data/home/rtabares/estiven/CorVAE/checkpoint_smoke_test_mlp/k-means/IPC_10/best_models_k-means_seed_6_space_original/mlp_best_params.json


>>> Optuna tuning naive_bayes metodo k-center IPC 10 seed 6


Parámetros guardados en /data/home/rtabares/estiven/CorVAE/checkpoint_smoke_test_mlp/k-center/IPC_10/best_models_k-center_seed_6_space_latent/naive_bayes_best_params.json


>>> Optuna tuning logreg metodo k-center IPC 10 seed 6


Parámetros guardados en /data/home/rtabares/estiven/CorVAE/checkpoint_smoke_test_mlp/k-center/IPC_10/best_models_k-center_seed_6_space_latent/logreg_best_params.json


>>> Optuna tuning knn metodo k-center IPC 10 seed 6


Parámetros guardados en /data/home/rtabares/estiven/CorVAE/checkpoint_smoke_test_mlp/k-center/IPC_10/best_models_k-center_seed_6_space_latent/knn_best_params.json


>>> Optuna tuning xgb metodo k-center IPC 10 seed 6

[I 2026-04-13 12:56:48,885] A new study created in memory with name: xgb
[I 2026-04-13 12:56:48,910] Trial 0 finished with value: 0.45 and parameters: {'n_estimators': 10, 'max_depth': 30, 'gamma': 0.5768356259735394, 'subsample': 0.7094037142783272, 'colsample_bytree': 0.6677039246366646}. Best is trial 0 with value: 0.45.
[I 2026-04-13 12:56:48,947] Trial 1 finished with value: 0.5 and parameters: {'n_estimators': 100, 'max_depth': 30, 'gamma': 0.9912018442360747, 'subsample': 0.9099290984609207, 'colsample_bytree': 0.7066004674080903}. Best is trial 1 with value: 0.5.
[I 2026-04-13 12:56:48,975] Trial 2 finished with value: 0.45 and parameters: {'n_estimators': 10, 'max_depth': 20, 'gamma': 0.7382185757030506, 'subsample': 0.7704684271512641, 'colsample_bytree': 0.5624120871903049}. Best is trial 1 with value: 0.5.
[I 2026-04-13 12:56:49,001] Trial 3 finished with value: 0.5 and parameters: {'n_estimators': 10, 'max_depth': 20, 'gamma': 0.7041784887453524, 'subsample': 0.7995029565695583, 'colsample_bytree': 0.8586660727777565}. Best is trial 1 with value: 0.5.
[I 2026-04-13 12:56:49,025] Trial 4 finished with value: 0.55 and parameters: {'n_estimators': 10, 'max_depth': 20, 'gamma': 0.46549701645255037, 'subsample': 0.9946899241400011, 'colsample_bytree': 0.725249640372583}. Best is trial 4 with value: 0.55.
[I 2026-04-13 12:56:49,051] Trial 5 finished with value: 0.45 and parameters: {'n_estimators': 40, 'max_depth': 20, 'gamma': 0.3554734452019276, 'subsample': 0.5947710951851903, 'colsample_bytree': 0.7356254823676576}. Best is trial 4 with value: 0.55.
[I 2026-04-13 12:56:49,075] Trial 6 finished with value: 0.45 and parameters: {'n_estimators': 40, 'max_depth': 20, 'gamma': 0.8967376717636345, 'subsample': 0.988276510203839, 'colsample_bytree': 0.9184542964535913}. Best is trial 4 with value: 0.55.
[I 2026-04-13 12:56:49,124] Trial 7 finished with value: 0.45 and parameters: {'n_estimators': 40, 'max_depth': 30, 'gamma': 0.7149068474388774, 'subsample': 0.5696358027454862, 'colsample_bytree': 0.8514125286992056}. Best is trial 4 with value: 0.55.
[I 2026-04-13 12:56:49,163] Trial 8 finished with value: 0.5 and parameters: {'n_estimators': 100, 'max_depth': 30, 'gamma': 0.2471398756881566, 'subsample': 0.8241126205332553, 'colsample_bytree': 0.6258070715852391}. Best is trial 4 with value: 0.55.
[I 2026-04-13 12:56:49,188] Trial 9 finished with value: 0.55 and parameters: {'n_estimators': 40, 'max_depth': 30, 'gamma': 0.8599846034069103, 'subsample': 0.8019332783535529, 'colsample_bytree': 0.7936068454878676}. Best is trial 4 with value: 0.55.
[I 2026-04-13 12:56:49,236] Trial 10 finished with value: 0.4 and parameters: {'n_estimators': 10, 'max_depth': 5, 'gamma': 0.11132541504315885, 'subsample': 0.9893741512543004, 'colsample_bytree': 0.5329444970931687}. Best is trial 4 with value: 0.55.
[I 2026-04-13 12:56:49,281] Trial 11 finished with value: 0.5 and parameters: {'n_estimators': 40, 'max_depth': 5, 'gamma': 0.48174279936552766, 'subsample': 0.8926793597487598, 'colsample_bytree': 0.8042180842786285}. Best is trial 4 with value: 0.55.
[I 2026-04-13 12:56:49,317] Trial 12 finished with value: 0.6 and parameters: {'n_estimators': 10, 'max_depth': 30, 'gamma': 0.4985923428884625, 'subsample': 0.6857733425991452, 'colsample_bytree': 0.9715083346653923}. Best is trial 12 with value: 0.6.
[I 2026-04-13 12:56:49,356] Trial 13 finished with value: 0.5 and parameters: {'n_estimators': 10, 'max_depth': 20, 'gamma': 0.4700842603194526, 'subsample': 0.6766428717832799, 'colsample_bytree': 0.9921376494443819}. Best is trial 12 with value: 0.6.
[I 2026-04-13 12:56:49,390] Trial 14 finished with value: 0.5 and parameters: {'n_estimators': 10, 'max_depth': 5, 'gamma': 0.34105191606650354, 'subsample': 0.5092555447804211, 'colsample_bytree': 0.9870595094004774}. Best is trial 12 with value: 0.6.
[I 2026-04-13 12:56:49,427] Trial 15 finished with value: 0.45 and parameters: {'n_estimators': 10, 'max_depth': 20, 'gamma': 0.5655738313415026, 'subsample': 0.6454046952902945, 'colsample_bytree': 0.6276526995905465}. Best is trial 12 with value: 0.6.
[I 2026-04-13 12:56:49,451] Trial 16 finished with value: 0.4 and parameters: {'n_estimators': 10, 'max_depth': 30, 'gamma': 0.38120206049149175, 'subsample': 0.7248782185598952, 'colsample_bytree': 0.9069142615918904}. Best is trial 12 with value: 0.6.
[I 2026-04-13 12:56:49,510] Trial 17 finished with value: 0.45 and parameters: {'n_estimators': 100, 'max_depth': 30, 'gamma': 0.20813034816813397, 'subsample': 0.8716712287516615, 'colsample_bytree': 0.7714862935756532}. Best is trial 12 with value: 0.6.
[I 2026-04-13 12:56:49,551] Trial 18 finished with value: 0.4 and parameters: {'n_estimators': 10, 'max_depth': 20, 'gamma': 0.6444550799247862, 'subsample': 0.6247809350613813, 'colsample_bytree': 0.7022619691485179}. Best is trial 12 with value: 0.6.
[I 2026-04-13 12:56:49,588] Trial 19 finished with value: 0.4 and parameters: {'n_estimators': 10, 'max_depth': 5, 'gamma': 0.45037498722704544, 'subsample': 0.9352089072758593, 'colsample_bytree': 0.9273566326851956}. Best is trial 12 with value: 0.6.
[I 2026-04-13 12:56:49,644] Trial 20 finished with value: 0.45 and parameters: {'n_estimators': 100, 'max_depth': 30, 'gamma': 0.26787488016860767, 'subsample': 0.5407079081919244, 'colsample_bytree': 0.8522655018533358}. Best is trial 12 with value: 0.6.
[I 2026-04-13 12:56:49,682] Trial 21 finished with value: 0.5 and parameters: {'n_estimators': 40, 'max_depth': 30, 'gamma': 0.8351872295627806, 'subsample': 0.8125818811680943, 'colsample_bytree': 0.8091293673132303}. Best is trial 12 with value: 0.6.
[I 2026-04-13 12:56:49,724] Trial 22 finished with value: 0.45 and parameters: {'n_estimators': 40, 'max_depth': 30, 'gamma': 0.6180692411719242, 'subsample': 0.7452621201611487, 'colsample_bytree': 0.7679776979835885}. Best is trial 12 with value: 0.6.
[I 2026-04-13 12:56:49,773] Trial 23 finished with value: 0.5 and parameters: {'n_estimators': 40, 'max_depth': 30, 'gamma': 0.4956758979087167, 'subsample': 0.8482861748421701, 'colsample_bytree': 0.6452290672161447}. Best is trial 12 with value: 0.6.
[I 2026-04-13 12:56:49,814] Trial 24 finished with value: 0.55 and parameters: {'n_estimators': 10, 'max_depth': 30, 'gamma': 0.8295308600460658, 'subsample': 0.6767154719473294, 'colsample_bytree': 0.811009720160805}. Best is trial 12 with value: 0.6.
[I 2026-04-13 12:56:49,849] Trial 25 finished with value: 0.45 and parameters: {'n_estimators': 40, 'max_depth': 20, 'gamma': 0.42845935756037645, 'subsample': 0.9298225824476332, 'colsample_bytree': 0.7299597036260188}. Best is trial 12 with value: 0.6.
[I 2026-04-13 12:56:49,892] Trial 26 finished with value: 0.45 and parameters: {'n_estimators': 10, 'max_depth': 30, 'gamma': 0.6483260327486681, 'subsample': 0.7679817051410412, 'colsample_bytree': 0.5927782777352774}. Best is trial 12 with value: 0.6.
[I 2026-04-13 12:56:49,930] Trial 27 finished with value: 0.4 and parameters: {'n_estimators': 10, 'max_depth': 30, 'gamma': 0.5229865964102105, 'subsample': 0.9617206239100411, 'colsample_bytree': 0.9500609808368433}. Best is trial 12 with value: 0.6.
[I 2026-04-13 12:56:49,972] Trial 28 finished with value: 0.45 and parameters: {'n_estimators': 100, 'max_depth': 5, 'gamma': 0.7951378338027539, 'subsample': 0.6918298536773999, 'colsample_bytree': 0.8879179390031668}. Best is trial 12 with value: 0.6.
[I 2026-04-13 12:56:50,029] Trial 29 finished with value: 0.45 and parameters: {'n_estimators': 40, 'max_depth': 20, 'gamma': 0.5636013969645087, 'subsample': 0.7198154761090511, 'colsample_bytree': 0.6871362383889654}. Best is trial 12 with value: 0.6.
[I 2026-04-13 12:56:50,123] A new study created in memory with name: rf
[I 2026-04-13 12:56:50,753] Trial 0 finished with value: 0.55 and parameters: {'n_estimators': 458, 'max_depth': 8, 'min_samples_split': 9, 'min_samples_leaf': 1}. Best is trial 0 with value: 0.55.
[I 2026-04-13 12:56:51,021] Trial 1 finished with value: 0.55 and parameters: {'n_estimators': 143, 'max_depth': 13, 'min_samples_split': 6, 'min_samples_leaf': 5}. Best is trial 0 with value: 0.55.
[I 2026-04-13 12:56:51,337] Trial 2 finished with value: 0.5 and parameters: {'n_estimators': 234, 'max_depth': 14, 'min_samples_split': 5, 'min_samples_leaf': 8}. Best is trial 0 with value: 0.55.
[I 2026-04-13 12:56:51,765] Trial 3 finished with value: 0.5 and parameters: {'n_estimators': 307, 'max_depth': 13, 'min_samples_split': 7, 'min_samples_leaf': 10}. Best is trial 0 with value: 0.55.
[I 2026-04-13 12:56:52,323] Trial 4 finished with value: 0.5 and parameters: {'n_estimators': 428, 'max_depth': 10, 'min_samples_split': 9, 'min_samples_leaf': 9}. Best is trial 0 with value: 0.55.
[I 2026-04-13 12:56:52,535] Trial 5 finished with value: 0.5 and parameters: {'n_estimators': 121, 'max_depth': 15, 'min_samples_split': 9, 'min_samples_leaf': 8}. Best is trial 0 with value: 0.55.
[I 2026-04-13 12:56:53,094] Trial 6 finished with value: 0.5 and parameters: {'n_estimators': 384, 'max_depth': 12, 'min_samples_split': 3, 'min_samples_leaf': 10}. Best is trial 0 with value: 0.55.
[I 2026-04-13 12:56:53,431] Trial 7 finished with value: 0.5 and parameters: {'n_estimators': 261, 'max_depth': 6, 'min_samples_split': 8, 'min_samples_leaf': 10}. Best is trial 0 with value: 0.55.
[I 2026-04-13 12:56:53,689] Trial 8 finished with value: 0.5 and parameters: {'n_estimators': 202, 'max_depth': 15, 'min_samples_split': 7, 'min_samples_leaf': 8}. Best is trial 0 with value: 0.55.
[I 2026-04-13 12:56:54,423] Trial 9 finished with value: 0.6 and parameters: {'n_estimators': 475, 'max_depth': 9, 'min_samples_split': 4, 'min_samples_leaf': 5}. Best is trial 9 with value: 0.6.
[I 2026-04-13 12:56:55,135] Trial 10 finished with value: 0.55 and parameters: {'n_estimators': 499, 'max_depth': 20, 'min_samples_split': 2, 'min_samples_leaf': 4}. Best is trial 9 with value: 0.6.
[I 2026-04-13 12:56:55,844] Trial 11 finished with value: 0.4 and parameters: {'n_estimators': 487, 'max_depth': 5, 'min_samples_split': 4, 'min_samples_leaf': 1}. Best is trial 9 with value: 0.6.
[I 2026-04-13 12:56:56,389] Trial 12 finished with value: 0.5 and parameters: {'n_estimators': 375, 'max_depth': 8, 'min_samples_split': 10, 'min_samples_leaf': 1}. Best is trial 9 with value: 0.6.
[I 2026-04-13 12:56:56,994] Trial 13 finished with value: 0.5 and parameters: {'n_estimators': 422, 'max_depth': 3, 'min_samples_split': 5, 'min_samples_leaf': 3}. Best is trial 9 with value: 0.6.
[I 2026-04-13 12:56:57,432] Trial 14 finished with value: 0.6 and parameters: {'n_estimators': 337, 'max_depth': 9, 'min_samples_split': 4, 'min_samples_leaf': 6}. Best is trial 9 with value: 0.6.
[I 2026-04-13 12:56:57,855] Trial 15 finished with value: 0.5 and parameters: {'n_estimators': 331, 'max_depth': 9, 'min_samples_split': 3, 'min_samples_leaf': 6}. Best is trial 9 with value: 0.6.
[I 2026-04-13 12:56:58,301] Trial 16 finished with value: 0.6 and parameters: {'n_estimators': 354, 'max_depth': 18, 'min_samples_split': 4, 'min_samples_leaf': 5}. Best is trial 9 with value: 0.6.
[I 2026-04-13 12:56:58,721] Trial 17 finished with value: 0.55 and parameters: {'n_estimators': 267, 'max_depth': 6, 'min_samples_split': 2, 'min_samples_leaf': 6}. Best is trial 9 with value: 0.6.
[I 2026-04-13 12:56:59,047] Trial 18 finished with value: 0.5 and parameters: {'n_estimators': 187, 'max_depth': 10, 'min_samples_split': 5, 'min_samples_leaf': 7}. Best is trial 9 with value: 0.6.
[I 2026-04-13 12:56:59,613] Trial 19 finished with value: 0.55 and parameters: {'n_estimators': 412, 'max_depth': 11, 'min_samples_split': 4, 'min_samples_leaf': 3}. Best is trial 9 with value: 0.6.
[I 2026-04-13 12:57:00,019] Trial 20 finished with value: 0.6 and parameters: {'n_estimators': 324, 'max_depth': 3, 'min_samples_split': 3, 'min_samples_leaf': 4}. Best is trial 9 with value: 0.6.
[I 2026-04-13 12:57:00,516] Trial 21 finished with value: 0.6 and parameters: {'n_estimators': 351, 'max_depth': 18, 'min_samples_split': 4, 'min_samples_leaf': 5}. Best is trial 9 with value: 0.6.
[I 2026-04-13 12:57:01,078] Trial 22 finished with value: 0.5 and parameters: {'n_estimators': 374, 'max_depth': 17, 'min_samples_split': 6, 'min_samples_leaf': 7}. Best is trial 9 with value: 0.6.
[I 2026-04-13 12:57:01,768] Trial 23 finished with value: 0.55 and parameters: {'n_estimators': 466, 'max_depth': 20, 'min_samples_split': 4, 'min_samples_leaf': 4}. Best is trial 9 with value: 0.6.
[I 2026-04-13 12:57:02,196] Trial 24 finished with value: 0.5 and parameters: {'n_estimators': 281, 'max_depth': 7, 'min_samples_split': 5, 'min_samples_leaf': 6}. Best is trial 9 with value: 0.6.
[I 2026-04-13 12:57:02,673] Trial 25 finished with value: 0.55 and parameters: {'n_estimators': 349, 'max_depth': 17, 'min_samples_split': 3, 'min_samples_leaf': 3}. Best is trial 9 with value: 0.6.
[I 2026-04-13 12:57:03,175] Trial 26 finished with value: 0.55 and parameters: {'n_estimators': 401, 'max_depth': 11, 'min_samples_split': 2, 'min_samples_leaf': 5}. Best is trial 9 with value: 0.6.
[I 2026-04-13 12:57:03,570] Trial 27 finished with value: 0.5 and parameters: {'n_estimators': 299, 'max_depth': 9, 'min_samples_split': 6, 'min_samples_leaf': 7}. Best is trial 9 with value: 0.6.
[I 2026-04-13 12:57:04,170] Trial 28 finished with value: 0.45 and parameters: {'n_estimators': 445, 'max_depth': 12, 'min_samples_split': 4, 'min_samples_leaf': 2}. Best is trial 9 with value: 0.6.
