[I 2026-04-13 13:03:01,612] Trial 13 finished with value: 0.5 and parameters: {'n_estimators': 183, 'max_depth': 7, 'min_samples_split': 4, 'min_samples_leaf': 8}. Best is trial 1 with value: 0.5.
[I 2026-04-13 13:03:01,827] Trial 14 finished with value: 0.5 and parameters: {'n_estimators': 113, 'max_depth': 10, 'min_samples_split': 7, 'min_samples_leaf': 8}. Best is trial 1 with value: 0.5.
[I 2026-04-13 13:03:02,071] Trial 15 finished with value: 0.4 and parameters: {'n_estimators': 176, 'max_depth': 5, 'min_samples_split': 5, 'min_samples_leaf': 2}. Best is trial 1 with value: 0.5.
[I 2026-04-13 13:03:02,648] Trial 16 finished with value: 0.5 and parameters: {'n_estimators': 358, 'max_depth': 9, 'min_samples_split': 2, 'min_samples_leaf': 10}. Best is trial 1 with value: 0.5.
[I 2026-04-13 13:03:02,942] Trial 17 finished with value: 0.5 and parameters: {'n_estimators': 159, 'max_depth': 5, 'min_samples_split': 6, 'min_samples_leaf': 7}. Best is trial 1 with value: 0.5.
[I 2026-04-13 13:03:03,208] Trial 18 finished with value: 0.5 and parameters: {'n_estimators': 219, 'max_depth': 13, 'min_samples_split': 4, 'min_samples_leaf': 5}. Best is trial 1 with value: 0.5.
[I 2026-04-13 13:03:03,835] Trial 19 finished with value: 0.5 and parameters: {'n_estimators': 495, 'max_depth': 3, 'min_samples_split': 6, 'min_samples_leaf': 8}. Best is trial 1 with value: 0.5.
[I 2026-04-13 13:03:04,054] Trial 20 finished with value: 0.5 and parameters: {'n_estimators': 149, 'max_depth': 8, 'min_samples_split': 8, 'min_samples_leaf': 7}. Best is trial 1 with value: 0.5.
[I 2026-04-13 13:03:04,549] Trial 21 finished with value: 0.45 and parameters: {'n_estimators': 223, 'max_depth': 17, 'min_samples_split': 2, 'min_samples_leaf': 4}. Best is trial 1 with value: 0.5.
[I 2026-04-13 13:03:05,182] Trial 22 finished with value: 0.35 and parameters: {'n_estimators': 261, 'max_depth': 13, 'min_samples_split': 3, 'min_samples_leaf': 3}. Best is trial 1 with value: 0.5.
[I 2026-04-13 13:03:05,751] Trial 23 finished with value: 0.45 and parameters: {'n_estimators': 197, 'max_depth': 5, 'min_samples_split': 3, 'min_samples_leaf': 5}. Best is trial 1 with value: 0.5.
[I 2026-04-13 13:03:06,689] Trial 24 finished with value: 0.4 and parameters: {'n_estimators': 308, 'max_depth': 13, 'min_samples_split': 5, 'min_samples_leaf': 3}. Best is trial 1 with value: 0.5.
[I 2026-04-13 13:03:07,519] Trial 25 finished with value: 0.5 and parameters: {'n_estimators': 240, 'max_depth': 18, 'min_samples_split': 2, 'min_samples_leaf': 6}. Best is trial 1 with value: 0.5.
[I 2026-04-13 13:03:07,867] Trial 26 finished with value: 0.4 and parameters: {'n_estimators': 104, 'max_depth': 6, 'min_samples_split': 4, 'min_samples_leaf': 2}. Best is trial 1 with value: 0.5.
[I 2026-04-13 13:03:08,343] Trial 27 finished with value: 0.45 and parameters: {'n_estimators': 149, 'max_depth': 9, 'min_samples_split': 3, 'min_samples_leaf': 4}. Best is trial 1 with value: 0.5.
[I 2026-04-13 13:03:09,133] Trial 28 finished with value: 0.5 and parameters: {'n_estimators': 282, 'max_depth': 3, 'min_samples_split': 6, 'min_samples_leaf': 9}. Best is trial 1 with value: 0.5.
[I 2026-04-13 13:03:09,714] Trial 29 finished with value: 0.55 and parameters: {'n_estimators': 199, 'max_depth': 11, 'min_samples_split': 9, 'min_samples_leaf': 6}. Best is trial 29 with value: 0.55.
[I 2026-04-13 13:03:10,242] A new study created in memory with name: mlp
[I 2026-04-13 13:03:10,296] Trial 0 finished with value: 0.5 and parameters: {'hidden_layer_sizes': (200,), 'max_iter': 50, 'alpha': 0.001}. Best is trial 0 with value: 0.5.
[I 2026-04-13 13:03:10,352] Trial 1 finished with value: 0.5 and parameters: {'hidden_layer_sizes': (200,), 'max_iter': 50, 'alpha': 0.0001}. Best is trial 0 with value: 0.5.
[I 2026-04-13 13:03:10,399] Trial 2 finished with value: 0.5 and parameters: {'hidden_layer_sizes': (100,), 'max_iter': 50, 'alpha': 0.0001}. Best is trial 0 with value: 0.5.
[I 2026-04-13 13:03:10,478] Trial 3 finished with value: 0.5 and parameters: {'hidden_layer_sizes': (100,), 'max_iter': 100, 'alpha': 0.001}. Best is trial 0 with value: 0.5.
[I 2026-04-13 13:03:10,556] Trial 4 finished with value: 0.5 and parameters: {'hidden_layer_sizes': (200,), 'max_iter': 100, 'alpha': 0.001}. Best is trial 0 with value: 0.5.
[I 2026-04-13 13:03:10,603] Trial 5 finished with value: 0.5 and parameters: {'hidden_layer_sizes': (200,), 'max_iter': 50, 'alpha': 0.001}. Best is trial 0 with value: 0.5.
[I 2026-04-13 13:03:10,669] Trial 6 finished with value: 0.5 and parameters: {'hidden_layer_sizes': (100,), 'max_iter': 100, 'alpha': 0.0001}. Best is trial 0 with value: 0.5.
[I 2026-04-13 13:03:10,733] Trial 7 finished with value: 0.45 and parameters: {'hidden_layer_sizes': (100, 100), 'max_iter': 50, 'alpha': 0.0001}. Best is trial 0 with value: 0.5.
[I 2026-04-13 13:03:10,827] Trial 8 finished with value: 0.6 and parameters: {'hidden_layer_sizes': (100, 100), 'max_iter': 100, 'alpha': 0.0001}. Best is trial 8 with value: 0.6.
[I 2026-04-13 13:03:10,872] Trial 9 finished with value: 0.5 and parameters: {'hidden_layer_sizes': (100,), 'max_iter': 50, 'alpha': 0.001}. Best is trial 8 with value: 0.6.
[I 2026-04-13 13:03:10,950] Trial 10 finished with value: 0.55 and parameters: {'hidden_layer_sizes': (100, 100), 'max_iter': 100, 'alpha': 0.0001}. Best is trial 8 with value: 0.6.
[I 2026-04-13 13:03:11,040] Trial 11 finished with value: 0.5 and parameters: {'hidden_layer_sizes': (100, 100), 'max_iter': 100, 'alpha': 0.0001}. Best is trial 8 with value: 0.6.
[I 2026-04-13 13:03:11,168] Trial 12 finished with value: 0.45 and parameters: {'hidden_layer_sizes': (100, 100), 'max_iter': 100, 'alpha': 0.0001}. Best is trial 8 with value: 0.6.
[I 2026-04-13 13:03:11,261] Trial 13 finished with value: 0.55 and parameters: {'hidden_layer_sizes': (100, 100), 'max_iter': 100, 'alpha': 0.0001}. Best is trial 8 with value: 0.6.
[I 2026-04-13 13:03:11,337] Trial 14 finished with value: 0.6 and parameters: {'hidden_layer_sizes': (100, 100), 'max_iter': 100, 'alpha': 0.0001}. Best is trial 8 with value: 0.6.
[I 2026-04-13 13:03:11,403] Trial 15 finished with value: 0.55 and parameters: {'hidden_layer_sizes': (100, 100), 'max_iter': 100, 'alpha': 0.0001}. Best is trial 8 with value: 0.6.
[I 2026-04-13 13:03:11,500] Trial 16 finished with value: 0.6 and parameters: {'hidden_layer_sizes': (100, 100), 'max_iter': 100, 'alpha': 0.0001}. Best is trial 8 with value: 0.6.
[I 2026-04-13 13:03:11,583] Trial 17 finished with value: 0.55 and parameters: {'hidden_layer_sizes': (100, 100), 'max_iter': 100, 'alpha': 0.0001}. Best is trial 8 with value: 0.6.
[I 2026-04-13 13:03:11,662] Trial 18 finished with value: 0.45 and parameters: {'hidden_layer_sizes': (100, 100), 'max_iter': 100, 'alpha': 0.0001}. Best is trial 8 with value: 0.6.
[I 2026-04-13 13:03:11,742] Trial 19 finished with value: 0.5 and parameters: {'hidden_layer_sizes': (100, 100), 'max_iter': 100, 'alpha': 0.0001}. Best is trial 8 with value: 0.6.
[I 2026-04-13 13:03:11,887] Trial 20 finished with value: 0.5 and parameters: {'hidden_layer_sizes': (100, 100), 'max_iter': 100, 'alpha': 0.0001}. Best is trial 8 with value: 0.6.
[I 2026-04-13 13:03:11,985] Trial 21 finished with value: 0.55 and parameters: {'hidden_layer_sizes': (100, 100), 'max_iter': 100, 'alpha': 0.0001}. Best is trial 8 with value: 0.6.
[I 2026-04-13 13:03:12,084] Trial 22 finished with value: 0.6 and parameters: {'hidden_layer_sizes': (100, 100), 'max_iter': 100, 'alpha': 0.0001}. Best is trial 8 with value: 0.6.
[I 2026-04-13 13:03:12,183] Trial 23 finished with value: 0.5 and parameters: {'hidden_layer_sizes': (100, 100), 'max_iter': 100, 'alpha': 0.0001}. Best is trial 8 with value: 0.6.
[I 2026-04-13 13:03:12,283] Trial 24 finished with value: 0.5 and parameters: {'hidden_layer_sizes': (100, 100), 'max_iter': 100, 'alpha': 0.0001}. Best is trial 8 with value: 0.6.
[I 2026-04-13 13:03:12,375] Trial 25 finished with value: 0.55 and parameters: {'hidden_layer_sizes': (100, 100), 'max_iter': 100, 'alpha': 0.0001}. Best is trial 8 with value: 0.6.
[I 2026-04-13 13:03:12,464] Trial 26 finished with value: 0.6 and parameters: {'hidden_layer_sizes': (100, 100), 'max_iter': 100, 'alpha': 0.001}. Best is trial 8 with value: 0.6.
[I 2026-04-13 13:03:12,555] Trial 27 finished with value: 0.6 and parameters: {'hidden_layer_sizes': (100, 100), 'max_iter': 100, 'alpha': 0.0001}. Best is trial 8 with value: 0.6.
[I 2026-04-13 13:03:12,633] Trial 28 finished with value: 0.5 and parameters: {'hidden_layer_sizes': (200,), 'max_iter': 100, 'alpha': 0.0001}. Best is trial 8 with value: 0.6.
[I 2026-04-13 13:03:12,692] Trial 29 finished with value: 0.45 and parameters: {'hidden_layer_sizes': (100,), 'max_iter': 50, 'alpha': 0.001}. Best is trial 8 with value: 0.6.
[I 2026-04-13 13:03:12,902] A new study created in memory with name: naive_bayes
[I 2026-04-13 13:03:12,915] Trial 0 finished with value: 0.5 and parameters: {'var_smoothing': 5.582886587978182e-09}. Best is trial 0 with value: 0.5.
[I 2026-04-13 13:03:12,927] Trial 1 finished with value: 0.5 and parameters: {'var_smoothing': 8.651299071518215e-09}. Best is trial 0 with value: 0.5.
[I 2026-04-13 13:03:12,940] Trial 2 finished with value: 0.5 and parameters: {'var_smoothing': 5.475062490474489e-09}. Best is trial 0 with value: 0.5.
[I 2026-04-13 13:03:12,952] Trial 3 finished with value: 0.5 and parameters: {'var_smoothing': 1.1526869678723134e-09}. Best is trial 0 with value: 0.5.
[I 2026-04-13 13:03:12,965] Trial 4 finished with value: 0.5 and parameters: {'var_smoothing': 2.920496270341785e-10}. Best is trial 0 with value: 0.5.
[I 2026-04-13 13:03:12,977] Trial 5 finished with value: 0.5 and parameters: {'var_smoothing': 1.0538956417705805e-10}. Best is trial 0 with value: 0.5.
[I 2026-04-13 13:03:12,989] Trial 6 finished with value: 0.5 and parameters: {'var_smoothing': 7.260016982331591e-10}. Best is trial 0 with value: 0.5.
[I 2026-04-13 13:03:13,002] Trial 7 finished with value: 0.5 and parameters: {'var_smoothing': 6.378267364653917e-10}. Best is trial 0 with value: 0.5.
[I 2026-04-13 13:03:13,017] Trial 8 finished with value: 0.5 and parameters: {'var_smoothing': 1.1100673847791952e-09}. Best is trial 0 with value: 0.5.
[I 2026-04-13 13:03:13,032] Trial 9 finished with value: 0.5 and parameters: {'var_smoothing': 9.052813879088377e-10}. Best is trial 0 with value: 0.5.
[I 2026-04-13 13:03:13,049] Trial 10 finished with value: 0.5 and parameters: {'var_smoothing': 3.20543606083287e-09}. Best is trial 0 with value: 0.5.
[I 2026-04-13 13:03:13,066] Trial 11 finished with value: 0.5 and parameters: {'var_smoothing': 8.433965140342417e-09}. Best is trial 0 with value: 0.5.
[I 2026-04-13 13:03:13,087] Trial 12 finished with value: 0.5 and parameters: {'var_smoothing': 2.860874278982245e-09}. Best is trial 0 with value: 0.5.
[I 2026-04-13 13:03:13,104] Trial 13 finished with value: 0.5 and parameters: {'var_smoothing': 9.270349036178526e-09}. Best is trial 0 with value: 0.5.
[I 2026-04-13 13:03:13,124] Trial 14 finished with value: 0.5 and parameters: {'var_smoothing': 3.13069447640915e-09}. Best is trial 0 with value: 0.5.
[I 2026-04-13 13:03:13,153] Trial 15 finished with value: 0.5 and parameters: {'var_smoothing': 5.223604886811285e-09}. Best is trial 0 with value: 0.5.
[I 2026-04-13 13:03:13,169] Trial 16 finished with value: 0.5 and parameters: {'var_smoothing': 2.0295724993447026e-09}. Best is trial 0 with value: 0.5.
[I 2026-04-13 13:03:13,190] Trial 17 finished with value: 0.5 and parameters: {'var_smoothing': 5.880433102756661e-09}. Best is trial 0 with value: 0.5.
[I 2026-04-13 13:03:13,211] Trial 18 finished with value: 0.5 and parameters: {'var_smoothing': 1.6980964875204416e-09}. Best is trial 0 with value: 0.5.
[I 2026-04-13 13:03:13,229] Trial 19 finished with value: 0.5 and parameters: {'var_smoothing': 4.2955625192244405e-09}. Best is trial 0 with value: 0.5.
[I 2026-04-13 13:03:13,245] Trial 20 finished with value: 0.5 and parameters: {'var_smoothing': 9.833771947222685e-09}. Best is trial 0 with value: 0.5.
[I 2026-04-13 13:03:13,264] Trial 21 finished with value: 0.5 and parameters: {'var_smoothing': 6.0482464086364635e-09}. Best is trial 0 with value: 0.5.
[I 2026-04-13 13:03:13,285] Trial 22 finished with value: 0.5 and parameters: {'var_smoothing': 4.537628481410357e-09}. Best is trial 0 with value: 0.5.
[I 2026-04-13 13:03:13,302] Trial 23 finished with value: 0.5 and parameters: {'var_smoothing': 6.750528289210463e-09}. Best is trial 0 with value: 0.5.
[I 2026-04-13 13:03:13,319] Trial 24 finished with value: 0.5 and parameters: {'var_smoothing': 2.2780337647355764e-09}. Best is trial 0 with value: 0.5.
[I 2026-04-13 13:03:13,347] Trial 25 finished with value: 0.5 and parameters: {'var_smoothing': 3.986918574074946e-09}. Best is trial 0 with value: 0.5.
[I 2026-04-13 13:03:13,365] Trial 26 finished with value: 0.5 and parameters: {'var_smoothing': 1.7707565248297843e-09}. Best is trial 0 with value: 0.5.
[I 2026-04-13 13:03:13,383] Trial 27 finished with value: 0.5 and parameters: {'var_smoothing': 6.732492847962814e-09}. Best is trial 0 with value: 0.5.
[I 2026-04-13 13:03:13,400] Trial 28 finished with value: 0.5 and parameters: {'var_smoothing': 3.8684773890893174e-10}. Best is trial 0 with value: 0.5.
[I 2026-04-13 13:03:13,429] Trial 29 finished with value: 0.5 and parameters: {'var_smoothing': 1.5480090897085013e-09}. Best is trial 0 with value: 0.5.
[I 2026-04-13 13:03:13,462] A new study created in memory with name: logreg
[I 2026-04-13 13:03:13,496] Trial 0 finished with value: 0.4 and parameters: {'C': 23.288794782471303, 'penalty': 'l2'}. Best is trial 0 with value: 0.4.
[I 2026-04-13 13:03:13,519] Trial 1 finished with value: 0.35 and parameters: {'C': 69.61507800412923, 'penalty': 'l2'}. Best is trial 0 with value: 0.4.
[I 2026-04-13 13:03:13,547] Trial 2 finished with value: 0.4 and parameters: {'C': 22.180569925473442, 'penalty': 'l2'}. Best is trial 0 with value: 0.4.
[I 2026-04-13 13:03:13,571] Trial 3 finished with value: 0.55 and parameters: {'C': 0.4511058486037652, 'penalty': 'l2'}. Best is trial 3 with value: 0.55.
[I 2026-04-13 13:03:13,586] Trial 4 finished with value: 0.6 and parameters: {'C': 0.014576110093994574, 'penalty': 'l2'}. Best is trial 4 with value: 0.6.
[I 2026-04-13 13:03:13,609] Trial 5 finished with value: 0.6 and parameters: {'C': 0.0011402340906886685, 'penalty': 'l2'}. Best is trial 4 with value: 0.6.
[I 2026-04-13 13:03:13,634] Trial 6 finished with value: 0.6 and parameters: {'C': 0.14201822862985758, 'penalty': 'l2'}. Best is trial 4 with value: 0.6.
[I 2026-04-13 13:03:13,661] Trial 7 finished with value: 0.55 and parameters: {'C': 0.1027440782219989, 'penalty': 'l2'}. Best is trial 4 with value: 0.6.
[I 2026-04-13 13:03:13,686] Trial 8 finished with value: 0.55 and parameters: {'C': 0.41055690122086846, 'penalty': 'l2'}. Best is trial 4 with value: 0.6.
[I 2026-04-13 13:03:13,711] Trial 9 finished with value: 0.6 and parameters: {'C': 0.24658064201770763, 'penalty': 'l2'}. Best is trial 4 with value: 0.6.
[I 2026-04-13 13:03:13,738] Trial 10 finished with value: 0.6 and parameters: {'C': 0.0023928126344862246, 'penalty': 'l2'}. Best is trial 4 with value: 0.6.
[I 2026-04-13 13:03:13,777] Trial 11 finished with value: 0.6 and parameters: {'C': 0.0019570472277589007, 'penalty': 'l2'}. Best is trial 4 with value: 0.6.
[I 2026-04-13 13:03:13,802] Trial 12 finished with value: 0.6 and parameters: {'C': 0.013308786491511194, 'penalty': 'l2'}. Best is trial 4 with value: 0.6.
[I 2026-04-13 13:03:13,831] Trial 13 finished with value: 0.6 and parameters: {'C': 0.014077435259861437, 'penalty': 'l2'}. Best is trial 4 with value: 0.6.
[I 2026-04-13 13:03:13,847] Trial 14 finished with value: 0.6 and parameters: {'C': 0.017479512807521625, 'penalty': 'l2'}. Best is trial 4 with value: 0.6.
[I 2026-04-13 13:03:13,874] Trial 15 finished with value: 0.6 and parameters: {'C': 0.0016915139185158478, 'penalty': 'l2'}. Best is trial 4 with value: 0.6.
[I 2026-04-13 13:03:13,890] Trial 16 finished with value: 0.6 and parameters: {'C': 0.007655258985904256, 'penalty': 'l2'}. Best is trial 4 with value: 0.6.
[I 2026-04-13 13:03:13,906] Trial 17 finished with value: 0.55 and parameters: {'C': 0.04603106375490191, 'penalty': 'l2'}. Best is trial 4 with value: 0.6.
[I 2026-04-13 13:03:13,934] Trial 18 finished with value: 0.6 and parameters: {'C': 0.0010116826961285544, 'penalty': 'l2'}. Best is trial 4 with value: 0.6.
[I 2026-04-13 13:03:13,963] Trial 19 finished with value: 0.5 and parameters: {'C': 2.3119897940385807, 'penalty': 'l2'}. Best is trial 4 with value: 0.6.
[I 2026-04-13 13:03:13,991] Trial 20 finished with value: 0.6 and parameters: {'C': 0.0035266609790506193, 'penalty': 'l2'}. Best is trial 4 with value: 0.6.
[I 2026-04-13 13:03:14,010] Trial 21 finished with value: 0.55 and parameters: {'C': 0.051073693605310624, 'penalty': 'l2'}. Best is trial 4 with value: 0.6.
[I 2026-04-13 13:03:14,041] Trial 22 finished with value: 0.5 and parameters: {'C': 1.8928133703364114, 'penalty': 'l2'}. Best is trial 4 with value: 0.6.
[I 2026-04-13 13:03:14,074] Trial 23 finished with value: 0.6 and parameters: {'C': 0.005773406370664352, 'penalty': 'l2'}. Best is trial 4 with value: 0.6.
[I 2026-04-13 13:03:14,103] Trial 24 finished with value: 0.55 and parameters: {'C': 0.04285902389819361, 'penalty': 'l2'}. Best is trial 4 with value: 0.6.
[I 2026-04-13 13:03:14,135] Trial 25 finished with value: 0.5 and parameters: {'C': 1.2558168878965152, 'penalty': 'l2'}. Best is trial 4 with value: 0.6.
[I 2026-04-13 13:03:14,153] Trial 26 finished with value: 0.55 and parameters: {'C': 0.1211532389153778, 'penalty': 'l2'}. Best is trial 4 with value: 0.6.
[I 2026-04-13 13:03:14,185] Trial 27 finished with value: 0.6 and parameters: {'C': 0.025718263825065247, 'penalty': 'l2'}. Best is trial 4 with value: 0.6.
[I 2026-04-13 13:03:14,203] Trial 28 finished with value: 0.6 and parameters: {'C': 0.0048812321308609056, 'penalty': 'l2'}. Best is trial 4 with value: 0.6.
[I 2026-04-13 13:03:14,231] Trial 29 finished with value: 0.45 and parameters: {'C': 4.515394557525842, 'penalty': 'l2'}. Best is trial 4 with value: 0.6.
[I 2026-04-13 13:03:14,280] A new study created in memory with name: knn
[I 2026-04-13 13:03:14,294] Trial 0 finished with value: 0.6 and parameters: {'n_neighbors': 9, 'leaf_size': 40, 'p': 1}. Best is trial 0 with value: 0.6.
[I 2026-04-13 13:03:14,309] Trial 1 finished with value: 0.25 and parameters: {'n_neighbors': 4, 'leaf_size': 20, 'p': 1}. Best is trial 0 with value: 0.6.
[I 2026-04-13 13:03:14,324] Trial 2 finished with value: 0.45 and parameters: {'n_neighbors': 7, 'leaf_size': 30, 'p': 1}. Best is trial 0 with value: 0.6.
[I 2026-04-13 13:03:14,339] Trial 3 finished with value: 0.6 and parameters: {'n_neighbors': 9, 'leaf_size': 34, 'p': 1}. Best is trial 0 with value: 0.6.
[I 2026-04-13 13:03:14,366] Trial 4 finished with value: 0.5 and parameters: {'n_neighbors': 5, 'leaf_size': 40, 'p': 1}. Best is trial 0 with value: 0.6.
[I 2026-04-13 13:03:14,382] Trial 5 finished with value: 0.2 and parameters: {'n_neighbors': 3, 'leaf_size': 40, 'p': 2}. Best is trial 0 with value: 0.6.
[I 2026-04-13 13:03:14,396] Trial 6 finished with value: 0.2 and parameters: {'n_neighbors': 3, 'leaf_size': 24, 'p': 2}. Best is trial 0 with value: 0.6.
[I 2026-04-13 13:03:14,411] Trial 7 finished with value: 0.5 and parameters: {'n_neighbors': 5, 'leaf_size': 40, 'p': 2}. Best is trial 0 with value: 0.6.
[I 2026-04-13 13:03:14,426] Trial 8 finished with value: 0.5 and parameters: {'n_neighbors': 6, 'leaf_size': 36, 'p': 1}. Best is trial 0 with value: 0.6.
[I 2026-04-13 13:03:14,440] Trial 9 finished with value: 0.5 and parameters: {'n_neighbors': 6, 'leaf_size': 25, 'p': 1}. Best is trial 0 with value: 0.6.
[I 2026-04-13 13:03:14,465] Trial 10 finished with value: 0.6 and parameters: {'n_neighbors': 10, 'leaf_size': 32, 'p': 2}. Best is trial 0 with value: 0.6.
[I 2026-04-13 13:03:14,485] Trial 11 finished with value: 0.6 and parameters: {'n_neighbors': 9, 'leaf_size': 35, 'p': 1}. Best is trial 0 with value: 0.6.
[I 2026-04-13 13:03:14,507] Trial 12 finished with value: 0.5 and parameters: {'n_neighbors': 8, 'leaf_size': 35, 'p': 1}. Best is trial 0 with value: 0.6.
[I 2026-04-13 13:03:14,540] Trial 13 finished with value: 0.6 and parameters: {'n_neighbors': 10, 'leaf_size': 31, 'p': 1}. Best is trial 0 with value: 0.6.
[I 2026-04-13 13:03:14,560] Trial 14 finished with value: 0.5 and parameters: {'n_neighbors': 8, 'leaf_size': 37, 'p': 1}. Best is trial 0 with value: 0.6.
[I 2026-04-13 13:03:14,579] Trial 15 finished with value: 0.6 and parameters: {'n_neighbors': 9, 'leaf_size': 28, 'p': 1}. Best is trial 0 with value: 0.6.
[I 2026-04-13 13:03:14,600] Trial 16 finished with value: 0.5 and parameters: {'n_neighbors': 8, 'leaf_size': 34, 'p': 1}. Best is trial 0 with value: 0.6.
[I 2026-04-13 13:03:14,620] Trial 17 finished with value: 0.6 and parameters: {'n_neighbors': 9, 'leaf_size': 38, 'p': 1}. Best is trial 0 with value: 0.6.
[I 2026-04-13 13:03:14,644] Trial 18 finished with value: 0.45 and parameters: {'n_neighbors': 7, 'leaf_size': 33, 'p': 2}. Best is trial 0 with value: 0.6.
[I 2026-04-13 13:03:14,676] Trial 19 finished with value: 0.6 and parameters: {'n_neighbors': 10, 'leaf_size': 28, 'p': 1}. Best is trial 0 with value: 0.6.
[I 2026-04-13 13:03:14,697] Trial 20 finished with value: 0.6 and parameters: {'n_neighbors': 9, 'leaf_size': 38, 'p': 1}. Best is trial 0 with value: 0.6.
[I 2026-04-13 13:03:14,721] Trial 21 finished with value: 0.6 and parameters: {'n_neighbors': 10, 'leaf_size': 32, 'p': 2}. Best is trial 0 with value: 0.6.
[I 2026-04-13 13:03:14,745] Trial 22 finished with value: 0.6 and parameters: {'n_neighbors': 10, 'leaf_size': 29, 'p': 2}. Best is trial 0 with value: 0.6.
