[I 2026-04-13 13:00:16,088] Trial 1 finished with value: 0.35 and parameters: {'n_estimators': 100, 'max_depth': 5, 'gamma': 0.9186341749476523, 'subsample': 0.6066926767899578, 'colsample_bytree': 0.7260619809088416}. Best is trial 0 with value: 0.35.
[I 2026-04-13 13:00:16,117] Trial 2 finished with value: 0.35 and parameters: {'n_estimators': 10, 'max_depth': 5, 'gamma': 0.9182155373980582, 'subsample': 0.566584722879625, 'colsample_bytree': 0.761706290336883}. Best is trial 0 with value: 0.35.
[I 2026-04-13 13:00:16,148] Trial 3 finished with value: 0.25 and parameters: {'n_estimators': 10, 'max_depth': 20, 'gamma': 0.5296610393664296, 'subsample': 0.6829451928902965, 'colsample_bytree': 0.9189589971546304}. Best is trial 0 with value: 0.35.
[I 2026-04-13 13:00:16,175] Trial 4 finished with value: 0.25 and parameters: {'n_estimators': 10, 'max_depth': 20, 'gamma': 0.6916595165017824, 'subsample': 0.6851755414940176, 'colsample_bytree': 0.7295464889457157}. Best is trial 0 with value: 0.35.
[I 2026-04-13 13:00:16,211] Trial 5 finished with value: 0.4 and parameters: {'n_estimators': 100, 'max_depth': 20, 'gamma': 0.48380821541644814, 'subsample': 0.8171899343169193, 'colsample_bytree': 0.7614531005141727}. Best is trial 5 with value: 0.4.
[I 2026-04-13 13:00:16,244] Trial 6 finished with value: 0.25 and parameters: {'n_estimators': 10, 'max_depth': 5, 'gamma': 0.9599214907026333, 'subsample': 0.8414569271877088, 'colsample_bytree': 0.5265643453364788}. Best is trial 5 with value: 0.4.
[I 2026-04-13 13:00:16,273] Trial 7 finished with value: 0.3 and parameters: {'n_estimators': 40, 'max_depth': 5, 'gamma': 0.5250915966595621, 'subsample': 0.9207383574491986, 'colsample_bytree': 0.565555321173957}. Best is trial 5 with value: 0.4.
[I 2026-04-13 13:00:16,311] Trial 8 finished with value: 0.35 and parameters: {'n_estimators': 100, 'max_depth': 5, 'gamma': 0.3919835527051987, 'subsample': 0.6502094521590198, 'colsample_bytree': 0.5827507002328938}. Best is trial 5 with value: 0.4.
[I 2026-04-13 13:00:16,359] Trial 9 finished with value: 0.25 and parameters: {'n_estimators': 100, 'max_depth': 5, 'gamma': 0.8003922413895069, 'subsample': 0.9436444759263674, 'colsample_bytree': 0.8374593849333938}. Best is trial 5 with value: 0.4.
[I 2026-04-13 13:00:16,414] Trial 10 finished with value: 0.3 and parameters: {'n_estimators': 100, 'max_depth': 30, 'gamma': 0.13445536345660636, 'subsample': 0.801974331512409, 'colsample_bytree': 0.9446716873952172}. Best is trial 5 with value: 0.4.
[I 2026-04-13 13:00:16,461] Trial 11 finished with value: 0.35 and parameters: {'n_estimators': 40, 'max_depth': 20, 'gamma': 0.3416119195877882, 'subsample': 0.7776404393935124, 'colsample_bytree': 0.6530211094825138}. Best is trial 5 with value: 0.4.
[I 2026-04-13 13:00:16,501] Trial 12 finished with value: 0.35 and parameters: {'n_estimators': 40, 'max_depth': 20, 'gamma': 0.671614618524887, 'subsample': 0.5002075114471883, 'colsample_bytree': 0.6641358496000705}. Best is trial 5 with value: 0.4.
[I 2026-04-13 13:00:16,540] Trial 13 finished with value: 0.3 and parameters: {'n_estimators': 40, 'max_depth': 20, 'gamma': 0.36493174025476793, 'subsample': 0.8580567500246211, 'colsample_bytree': 0.8466378816712838}. Best is trial 5 with value: 0.4.
[I 2026-04-13 13:00:16,584] Trial 14 finished with value: 0.35 and parameters: {'n_estimators': 100, 'max_depth': 30, 'gamma': 0.14728788579301572, 'subsample': 0.7267800558856568, 'colsample_bytree': 0.8182900902357474}. Best is trial 5 with value: 0.4.
[I 2026-04-13 13:00:16,623] Trial 15 finished with value: 0.3 and parameters: {'n_estimators': 40, 'max_depth': 20, 'gamma': 0.6096225522837886, 'subsample': 0.5076754451841359, 'colsample_bytree': 0.66646045251219}. Best is trial 5 with value: 0.4.
[I 2026-04-13 13:00:16,659] Trial 16 finished with value: 0.25 and parameters: {'n_estimators': 40, 'max_depth': 20, 'gamma': 0.4594632207324615, 'subsample': 0.9818908617691766, 'colsample_bytree': 0.6191774234393236}. Best is trial 5 with value: 0.4.
[I 2026-04-13 13:00:16,707] Trial 17 finished with value: 0.35 and parameters: {'n_estimators': 100, 'max_depth': 20, 'gamma': 0.25981432993271136, 'subsample': 0.8783023751850407, 'colsample_bytree': 0.7642675391370835}. Best is trial 5 with value: 0.4.
[I 2026-04-13 13:00:16,746] Trial 18 finished with value: 0.3 and parameters: {'n_estimators': 40, 'max_depth': 30, 'gamma': 0.7559855649467964, 'subsample': 0.7428409016445836, 'colsample_bytree': 0.5028732448871562}. Best is trial 5 with value: 0.4.
[I 2026-04-13 13:00:16,792] Trial 19 finished with value: 0.4 and parameters: {'n_estimators': 100, 'max_depth': 20, 'gamma': 0.28278567911950786, 'subsample': 0.587765460752461, 'colsample_bytree': 0.8894977629705323}. Best is trial 5 with value: 0.4.
[I 2026-04-13 13:00:16,843] Trial 20 finished with value: 0.3 and parameters: {'n_estimators': 100, 'max_depth': 20, 'gamma': 0.24352407140688462, 'subsample': 0.6081978288609936, 'colsample_bytree': 0.9969712104743391}. Best is trial 5 with value: 0.4.
[I 2026-04-13 13:00:16,888] Trial 21 finished with value: 0.4 and parameters: {'n_estimators': 100, 'max_depth': 20, 'gamma': 0.4780165557896924, 'subsample': 0.5540357345287864, 'colsample_bytree': 0.8858747576863084}. Best is trial 5 with value: 0.4.
[I 2026-04-13 13:00:16,947] Trial 22 finished with value: 0.35 and parameters: {'n_estimators': 100, 'max_depth': 20, 'gamma': 0.4269647770717658, 'subsample': 0.5745066583635394, 'colsample_bytree': 0.8883147639259559}. Best is trial 5 with value: 0.4.
[I 2026-04-13 13:00:16,995] Trial 23 finished with value: 0.35 and parameters: {'n_estimators': 100, 'max_depth': 20, 'gamma': 0.22200637188433026, 'subsample': 0.6435517901145971, 'colsample_bytree': 0.8809780323808584}. Best is trial 5 with value: 0.4.
[I 2026-04-13 13:00:17,030] Trial 24 finished with value: 0.3 and parameters: {'n_estimators': 100, 'max_depth': 20, 'gamma': 0.3021377684403518, 'subsample': 0.7051220333659368, 'colsample_bytree': 0.803996060529185}. Best is trial 5 with value: 0.4.
[I 2026-04-13 13:00:17,078] Trial 25 finished with value: 0.3 and parameters: {'n_estimators': 100, 'max_depth': 30, 'gamma': 0.4714824328214402, 'subsample': 0.7763947081885275, 'colsample_bytree': 0.9731931170994967}. Best is trial 5 with value: 0.4.
[I 2026-04-13 13:00:17,123] Trial 26 finished with value: 0.4 and parameters: {'n_estimators': 100, 'max_depth': 20, 'gamma': 0.5696962771550205, 'subsample': 0.5498888024521582, 'colsample_bytree': 0.8904121449820114}. Best is trial 5 with value: 0.4.
[I 2026-04-13 13:00:17,167] Trial 27 finished with value: 0.4 and parameters: {'n_estimators': 100, 'max_depth': 20, 'gamma': 0.462871007639292, 'subsample': 0.614542931717583, 'colsample_bytree': 0.9333204549871305}. Best is trial 5 with value: 0.4.
[I 2026-04-13 13:00:17,235] Trial 28 finished with value: 0.3 and parameters: {'n_estimators': 100, 'max_depth': 20, 'gamma': 0.18832631061190808, 'subsample': 0.8319180576191567, 'colsample_bytree': 0.7814148170820013}. Best is trial 5 with value: 0.4.
[I 2026-04-13 13:00:17,286] Trial 29 finished with value: 0.35 and parameters: {'n_estimators': 100, 'max_depth': 20, 'gamma': 0.30174737373354144, 'subsample': 0.5295774373807742, 'colsample_bytree': 0.7100663119922936}. Best is trial 5 with value: 0.4.
[I 2026-04-13 13:00:17,402] A new study created in memory with name: rf
[I 2026-04-13 13:00:17,598] Trial 0 finished with value: 0.5 and parameters: {'n_estimators': 130, 'max_depth': 17, 'min_samples_split': 5, 'min_samples_leaf': 8}. Best is trial 0 with value: 0.5.
[I 2026-04-13 13:00:18,229] Trial 1 finished with value: 0.2 and parameters: {'n_estimators': 492, 'max_depth': 12, 'min_samples_split': 6, 'min_samples_leaf': 1}. Best is trial 0 with value: 0.5.
[I 2026-04-13 13:00:18,487] Trial 2 finished with value: 0.5 and parameters: {'n_estimators': 207, 'max_depth': 11, 'min_samples_split': 8, 'min_samples_leaf': 9}. Best is trial 0 with value: 0.5.
[I 2026-04-13 13:00:18,895] Trial 3 finished with value: 0.5 and parameters: {'n_estimators': 252, 'max_depth': 4, 'min_samples_split': 4, 'min_samples_leaf': 10}. Best is trial 0 with value: 0.5.
[I 2026-04-13 13:00:19,163] Trial 4 finished with value: 0.2 and parameters: {'n_estimators': 185, 'max_depth': 11, 'min_samples_split': 10, 'min_samples_leaf': 1}. Best is trial 0 with value: 0.5.
[I 2026-04-13 13:00:19,584] Trial 5 finished with value: 0.45 and parameters: {'n_estimators': 340, 'max_depth': 20, 'min_samples_split': 4, 'min_samples_leaf': 6}. Best is trial 0 with value: 0.5.
[I 2026-04-13 13:00:20,165] Trial 6 finished with value: 0.5 and parameters: {'n_estimators': 464, 'max_depth': 5, 'min_samples_split': 6, 'min_samples_leaf': 8}. Best is trial 0 with value: 0.5.
[I 2026-04-13 13:00:20,666] Trial 7 finished with value: 0.3 and parameters: {'n_estimators': 368, 'max_depth': 11, 'min_samples_split': 3, 'min_samples_leaf': 5}. Best is trial 0 with value: 0.5.
[I 2026-04-13 13:00:20,985] Trial 8 finished with value: 0.5 and parameters: {'n_estimators': 249, 'max_depth': 11, 'min_samples_split': 5, 'min_samples_leaf': 9}. Best is trial 0 with value: 0.5.
[I 2026-04-13 13:00:21,514] Trial 9 finished with value: 0.2 and parameters: {'n_estimators': 408, 'max_depth': 8, 'min_samples_split': 7, 'min_samples_leaf': 3}. Best is trial 0 with value: 0.5.
[I 2026-04-13 13:00:21,717] Trial 10 finished with value: 0.5 and parameters: {'n_estimators': 156, 'max_depth': 19, 'min_samples_split': 2, 'min_samples_leaf': 7}. Best is trial 0 with value: 0.5.
[I 2026-04-13 13:00:21,938] Trial 11 finished with value: 0.5 and parameters: {'n_estimators': 123, 'max_depth': 16, 'min_samples_split': 9, 'min_samples_leaf': 10}. Best is trial 0 with value: 0.5.
[I 2026-04-13 13:00:22,284] Trial 12 finished with value: 0.5 and parameters: {'n_estimators': 211, 'max_depth': 15, 'min_samples_split': 8, 'min_samples_leaf': 8}. Best is trial 0 with value: 0.5.
[I 2026-04-13 13:00:22,470] Trial 13 finished with value: 0.3 and parameters: {'n_estimators': 100, 'max_depth': 16, 'min_samples_split': 8, 'min_samples_leaf': 5}. Best is trial 0 with value: 0.5.
[I 2026-04-13 13:00:22,881] Trial 14 finished with value: 0.5 and parameters: {'n_estimators': 282, 'max_depth': 8, 'min_samples_split': 7, 'min_samples_leaf': 8}. Best is trial 0 with value: 0.5.
[I 2026-04-13 13:00:23,138] Trial 15 finished with value: 0.5 and parameters: {'n_estimators': 198, 'max_depth': 14, 'min_samples_split': 10, 'min_samples_leaf': 7}. Best is trial 0 with value: 0.5.
[I 2026-04-13 13:00:23,411] Trial 16 finished with value: 0.5 and parameters: {'n_estimators': 145, 'max_depth': 18, 'min_samples_split': 5, 'min_samples_leaf': 9}. Best is trial 0 with value: 0.5.
[I 2026-04-13 13:00:23,748] Trial 17 finished with value: 0.45 and parameters: {'n_estimators': 234, 'max_depth': 7, 'min_samples_split': 8, 'min_samples_leaf': 6}. Best is trial 0 with value: 0.5.
[I 2026-04-13 13:00:24,135] Trial 18 finished with value: 0.5 and parameters: {'n_estimators': 307, 'max_depth': 13, 'min_samples_split': 7, 'min_samples_leaf': 9}. Best is trial 0 with value: 0.5.
[I 2026-04-13 13:00:24,395] Trial 19 finished with value: 0.3 and parameters: {'n_estimators': 168, 'max_depth': 9, 'min_samples_split': 4, 'min_samples_leaf': 4}. Best is trial 0 with value: 0.5.
[I 2026-04-13 13:00:24,587] Trial 20 finished with value: 0.5 and parameters: {'n_estimators': 101, 'max_depth': 17, 'min_samples_split': 6, 'min_samples_leaf': 7}. Best is trial 0 with value: 0.5.
[I 2026-04-13 13:00:24,955] Trial 21 finished with value: 0.5 and parameters: {'n_estimators': 270, 'max_depth': 3, 'min_samples_split': 4, 'min_samples_leaf': 10}. Best is trial 0 with value: 0.5.
[I 2026-04-13 13:00:25,282] Trial 22 finished with value: 0.5 and parameters: {'n_estimators': 228, 'max_depth': 3, 'min_samples_split': 2, 'min_samples_leaf': 10}. Best is trial 0 with value: 0.5.
[I 2026-04-13 13:00:25,684] Trial 23 finished with value: 0.5 and parameters: {'n_estimators': 307, 'max_depth': 5, 'min_samples_split': 5, 'min_samples_leaf': 9}. Best is trial 0 with value: 0.5.
[I 2026-04-13 13:00:25,961] Trial 24 finished with value: 0.5 and parameters: {'n_estimators': 174, 'max_depth': 6, 'min_samples_split': 3, 'min_samples_leaf': 10}. Best is trial 0 with value: 0.5.
[I 2026-04-13 13:00:26,206] Trial 25 finished with value: 0.5 and parameters: {'n_estimators': 132, 'max_depth': 9, 'min_samples_split': 3, 'min_samples_leaf': 8}. Best is trial 0 with value: 0.5.
[I 2026-04-13 13:00:26,532] Trial 26 finished with value: 0.5 and parameters: {'n_estimators': 248, 'max_depth': 13, 'min_samples_split': 9, 'min_samples_leaf': 9}. Best is trial 0 with value: 0.5.
[I 2026-04-13 13:00:26,780] Trial 27 finished with value: 0.5 and parameters: {'n_estimators': 198, 'max_depth': 10, 'min_samples_split': 5, 'min_samples_leaf': 10}. Best is trial 0 with value: 0.5.
[I 2026-04-13 13:00:27,252] Trial 28 finished with value: 0.5 and parameters: {'n_estimators': 350, 'max_depth': 20, 'min_samples_split': 4, 'min_samples_leaf': 7}. Best is trial 0 with value: 0.5.
[I 2026-04-13 13:00:27,569] Trial 29 finished with value: 0.5 and parameters: {'n_estimators': 214, 'max_depth': 13, 'min_samples_split': 6, 'min_samples_leaf': 8}. Best is trial 0 with value: 0.5.
[I 2026-04-13 13:00:28,012] A new study created in memory with name: mlp
[I 2026-04-13 13:00:28,076] Trial 0 finished with value: 0.25 and parameters: {'hidden_layer_sizes': (200,), 'max_iter': 100, 'alpha': 0.0001}. Best is trial 0 with value: 0.25.
[I 2026-04-13 13:00:28,153] Trial 1 finished with value: 0.25 and parameters: {'hidden_layer_sizes': (100, 100), 'max_iter': 100, 'alpha': 0.0001}. Best is trial 0 with value: 0.25.
[I 2026-04-13 13:00:28,219] Trial 2 finished with value: 0.25 and parameters: {'hidden_layer_sizes': (200,), 'max_iter': 100, 'alpha': 0.001}. Best is trial 0 with value: 0.25.
[I 2026-04-13 13:00:28,265] Trial 3 finished with value: 0.4 and parameters: {'hidden_layer_sizes': (100,), 'max_iter': 50, 'alpha': 0.001}. Best is trial 3 with value: 0.4.
[I 2026-04-13 13:00:28,310] Trial 4 finished with value: 0.35 and parameters: {'hidden_layer_sizes': (100,), 'max_iter': 50, 'alpha': 0.0001}. Best is trial 3 with value: 0.4.
[I 2026-04-13 13:00:28,356] Trial 5 finished with value: 0.35 and parameters: {'hidden_layer_sizes': (100,), 'max_iter': 50, 'alpha': 0.0001}. Best is trial 3 with value: 0.4.
[I 2026-04-13 13:00:28,413] Trial 6 finished with value: 0.25 and parameters: {'hidden_layer_sizes': (100,), 'max_iter': 50, 'alpha': 0.0001}. Best is trial 3 with value: 0.4.
[I 2026-04-13 13:00:28,456] Trial 7 finished with value: 0.35 and parameters: {'hidden_layer_sizes': (100,), 'max_iter': 50, 'alpha': 0.0001}. Best is trial 3 with value: 0.4.
[I 2026-04-13 13:00:28,521] Trial 8 finished with value: 0.25 and parameters: {'hidden_layer_sizes': (200,), 'max_iter': 100, 'alpha': 0.0001}. Best is trial 3 with value: 0.4.
[I 2026-04-13 13:00:28,580] Trial 9 finished with value: 0.25 and parameters: {'hidden_layer_sizes': (200,), 'max_iter': 50, 'alpha': 0.0001}. Best is trial 3 with value: 0.4.
[I 2026-04-13 13:00:28,627] Trial 10 finished with value: 0.25 and parameters: {'hidden_layer_sizes': (100, 100), 'max_iter': 50, 'alpha': 0.001}. Best is trial 3 with value: 0.4.
[I 2026-04-13 13:00:28,673] Trial 11 finished with value: 0.35 and parameters: {'hidden_layer_sizes': (100,), 'max_iter': 50, 'alpha': 0.001}. Best is trial 3 with value: 0.4.
[I 2026-04-13 13:00:28,708] Trial 12 finished with value: 0.3 and parameters: {'hidden_layer_sizes': (100,), 'max_iter': 50, 'alpha': 0.001}. Best is trial 3 with value: 0.4.
[I 2026-04-13 13:00:28,753] Trial 13 finished with value: 0.4 and parameters: {'hidden_layer_sizes': (100,), 'max_iter': 50, 'alpha': 0.001}. Best is trial 3 with value: 0.4.
[I 2026-04-13 13:00:28,788] Trial 14 finished with value: 0.3 and parameters: {'hidden_layer_sizes': (100,), 'max_iter': 50, 'alpha': 0.001}. Best is trial 3 with value: 0.4.
[I 2026-04-13 13:00:28,822] Trial 15 finished with value: 0.4 and parameters: {'hidden_layer_sizes': (100,), 'max_iter': 50, 'alpha': 0.001}. Best is trial 3 with value: 0.4.
[I 2026-04-13 13:00:28,877] Trial 16 finished with value: 0.25 and parameters: {'hidden_layer_sizes': (100, 100), 'max_iter': 50, 'alpha': 0.001}. Best is trial 3 with value: 0.4.
[I 2026-04-13 13:00:28,919] Trial 17 finished with value: 0.25 and parameters: {'hidden_layer_sizes': (100,), 'max_iter': 50, 'alpha': 0.001}. Best is trial 3 with value: 0.4.
[I 2026-04-13 13:00:28,998] Trial 18 finished with value: 0.25 and parameters: {'hidden_layer_sizes': (100,), 'max_iter': 100, 'alpha': 0.001}. Best is trial 3 with value: 0.4.
[I 2026-04-13 13:00:29,048] Trial 19 finished with value: 0.25 and parameters: {'hidden_layer_sizes': (100, 100), 'max_iter': 50, 'alpha': 0.001}. Best is trial 3 with value: 0.4.
[I 2026-04-13 13:00:29,086] Trial 20 finished with value: 0.25 and parameters: {'hidden_layer_sizes': (100,), 'max_iter': 50, 'alpha': 0.001}. Best is trial 3 with value: 0.4.
[I 2026-04-13 13:00:29,123] Trial 21 finished with value: 0.3 and parameters: {'hidden_layer_sizes': (100,), 'max_iter': 50, 'alpha': 0.001}. Best is trial 3 with value: 0.4.
[I 2026-04-13 13:00:29,157] Trial 22 finished with value: 0.25 and parameters: {'hidden_layer_sizes': (100,), 'max_iter': 50, 'alpha': 0.001}. Best is trial 3 with value: 0.4.
[I 2026-04-13 13:00:29,192] Trial 23 finished with value: 0.25 and parameters: {'hidden_layer_sizes': (100,), 'max_iter': 50, 'alpha': 0.001}. Best is trial 3 with value: 0.4.
[I 2026-04-13 13:00:29,250] Trial 24 finished with value: 0.3 and parameters: {'hidden_layer_sizes': (100,), 'max_iter': 50, 'alpha': 0.001}. Best is trial 3 with value: 0.4.
[I 2026-04-13 13:00:29,297] Trial 25 finished with value: 0.4 and parameters: {'hidden_layer_sizes': (100,), 'max_iter': 50, 'alpha': 0.001}. Best is trial 3 with value: 0.4.
[I 2026-04-13 13:00:29,354] Trial 26 finished with value: 0.25 and parameters: {'hidden_layer_sizes': (100,), 'max_iter': 100, 'alpha': 0.001}. Best is trial 3 with value: 0.4.
[I 2026-04-13 13:00:29,394] Trial 27 finished with value: 0.45 and parameters: {'hidden_layer_sizes': (100,), 'max_iter': 50, 'alpha': 0.001}. Best is trial 27 with value: 0.45.
[I 2026-04-13 13:00:29,453] Trial 28 finished with value: 0.25 and parameters: {'hidden_layer_sizes': (100, 100), 'max_iter': 50, 'alpha': 0.001}. Best is trial 27 with value: 0.45.
[I 2026-04-13 13:00:29,541] Trial 29 finished with value: 0.25 and parameters: {'hidden_layer_sizes': (200,), 'max_iter': 100, 'alpha': 0.001}. Best is trial 27 with value: 0.45.
[I 2026-04-13 13:00:36,238] A new study created in memory with name: naive_bayes
[I 2026-04-13 13:00:36,261] Trial 0 finished with value: 0.5 and parameters: {'var_smoothing': 1.4210736239935712e-10}. Best is trial 0 with value: 0.5.
[I 2026-04-13 13:00:36,273] Trial 1 finished with value: 0.5 and parameters: {'var_smoothing': 3.629422978396398e-09}. Best is trial 0 with value: 0.5.
[I 2026-04-13 13:00:36,286] Trial 2 finished with value: 0.5 and parameters: {'var_smoothing': 7.530407234027127e-10}. Best is trial 0 with value: 0.5.
[I 2026-04-13 13:00:36,301] Trial 3 finished with value: 0.5 and parameters: {'var_smoothing': 2.7985325053380072e-09}. Best is trial 0 with value: 0.5.
[I 2026-04-13 13:00:36,316] Trial 4 finished with value: 0.5 and parameters: {'var_smoothing': 9.036058293737187e-09}. Best is trial 0 with value: 0.5.
[I 2026-04-13 13:00:36,328] Trial 5 finished with value: 0.5 and parameters: {'var_smoothing': 1.1939653980558784e-09}. Best is trial 0 with value: 0.5.
[I 2026-04-13 13:00:36,342] Trial 6 finished with value: 0.5 and parameters: {'var_smoothing': 1.005173261185167e-09}. Best is trial 0 with value: 0.5.
[I 2026-04-13 13:00:36,359] Trial 7 finished with value: 0.5 and parameters: {'var_smoothing': 1.393484899105757e-10}. Best is trial 0 with value: 0.5.
[I 2026-04-13 13:00:36,373] Trial 8 finished with value: 0.5 and parameters: {'var_smoothing': 3.4425317961147986e-10}. Best is trial 0 with value: 0.5.
[I 2026-04-13 13:00:36,387] Trial 9 finished with value: 0.5 and parameters: {'var_smoothing': 9.994590426751933e-10}. Best is trial 0 with value: 0.5.
[I 2026-04-13 13:00:36,416] Trial 10 finished with value: 0.5 and parameters: {'var_smoothing': 1.9079938112167212e-10}. Best is trial 0 with value: 0.5.
[I 2026-04-13 13:00:36,433] Trial 11 finished with value: 0.5 and parameters: {'var_smoothing': 4.7456863630433305e-09}. Best is trial 0 with value: 0.5.
[I 2026-04-13 13:00:36,459] Trial 12 finished with value: 0.5 and parameters: {'var_smoothing': 2.7185365295481096e-09}. Best is trial 0 with value: 0.5.
[I 2026-04-13 13:00:36,490] Trial 13 finished with value: 0.5 and parameters: {'var_smoothing': 4.3967291332584714e-10}. Best is trial 0 with value: 0.5.
[I 2026-04-13 13:00:36,511] Trial 14 finished with value: 0.5 and parameters: {'var_smoothing': 2.6511307931162972e-09}. Best is trial 0 with value: 0.5.
[I 2026-04-13 13:00:36,538] Trial 15 finished with value: 0.5 and parameters: {'var_smoothing': 9.000422035369052e-09}. Best is trial 0 with value: 0.5.
[I 2026-04-13 13:00:36,555] Trial 16 finished with value: 0.5 and parameters: {'var_smoothing': 2.75340575769171e-10}. Best is trial 0 with value: 0.5.
[I 2026-04-13 13:00:36,577] Trial 17 finished with value: 0.5 and parameters: {'var_smoothing': 1.0118559267516465e-10}. Best is trial 0 with value: 0.5.
[I 2026-04-13 13:00:36,598] Trial 18 finished with value: 0.5 and parameters: {'var_smoothing': 5.126237368588495e-10}. Best is trial 0 with value: 0.5.
[I 2026-04-13 13:00:36,616] Trial 19 finished with value: 0.5 and parameters: {'var_smoothing': 1.7743118427439911e-09}. Best is trial 0 with value: 0.5.
