[I 2026-04-13 13:06:49,538] Trial 6 finished with value: 0.45 and parameters: {'C': 0.12374877330306278, 'penalty': 'l2'}. Best is trial 1 with value: 0.45.
[I 2026-04-13 13:06:49,563] Trial 7 finished with value: 0.45 and parameters: {'C': 0.017398261017749217, 'penalty': 'l2'}. Best is trial 1 with value: 0.45.
[I 2026-04-13 13:06:49,587] Trial 8 finished with value: 0.35 and parameters: {'C': 0.002632074973627294, 'penalty': 'l2'}. Best is trial 1 with value: 0.45.
[I 2026-04-13 13:06:49,611] Trial 9 finished with value: 0.55 and parameters: {'C': 0.053394091359671186, 'penalty': 'l2'}. Best is trial 9 with value: 0.55.
[I 2026-04-13 13:06:49,637] Trial 10 finished with value: 0.4 and parameters: {'C': 21.490106344915965, 'penalty': 'l2'}. Best is trial 9 with value: 0.55.
[I 2026-04-13 13:06:49,675] Trial 11 finished with value: 0.45 and parameters: {'C': 4.3292127493856185, 'penalty': 'l2'}. Best is trial 9 with value: 0.55.
[I 2026-04-13 13:06:49,691] Trial 12 finished with value: 0.45 and parameters: {'C': 1.7290789513447544, 'penalty': 'l2'}. Best is trial 9 with value: 0.55.
[I 2026-04-13 13:06:49,723] Trial 13 finished with value: 0.45 and parameters: {'C': 0.10933111606278349, 'penalty': 'l2'}. Best is trial 9 with value: 0.55.
[I 2026-04-13 13:06:49,750] Trial 14 finished with value: 0.55 and parameters: {'C': 0.04611170025305828, 'penalty': 'l2'}. Best is trial 9 with value: 0.55.
[I 2026-04-13 13:06:49,781] Trial 15 finished with value: 0.5 and parameters: {'C': 0.029936195952926566, 'penalty': 'l2'}. Best is trial 9 with value: 0.55.
[I 2026-04-13 13:06:49,799] Trial 16 finished with value: 0.55 and parameters: {'C': 0.06301581127888756, 'penalty': 'l2'}. Best is trial 9 with value: 0.55.
[I 2026-04-13 13:06:49,827] Trial 17 finished with value: 0.45 and parameters: {'C': 0.8198907153252439, 'penalty': 'l2'}. Best is trial 9 with value: 0.55.
[I 2026-04-13 13:06:49,858] Trial 18 finished with value: 0.4 and parameters: {'C': 48.265909198849386, 'penalty': 'l2'}. Best is trial 9 with value: 0.55.
[I 2026-04-13 13:06:49,886] Trial 19 finished with value: 0.45 and parameters: {'C': 5.1446853992558355, 'penalty': 'l2'}. Best is trial 9 with value: 0.55.
[I 2026-04-13 13:06:49,905] Trial 20 finished with value: 0.5 and parameters: {'C': 0.026847933611401937, 'penalty': 'l2'}. Best is trial 9 with value: 0.55.
[I 2026-04-13 13:06:49,932] Trial 21 finished with value: 0.45 and parameters: {'C': 0.08904949162067209, 'penalty': 'l2'}. Best is trial 9 with value: 0.55.
[I 2026-04-13 13:06:49,962] Trial 22 finished with value: 0.55 and parameters: {'C': 0.05624405722523652, 'penalty': 'l2'}. Best is trial 9 with value: 0.55.
[I 2026-04-13 13:06:49,989] Trial 23 finished with value: 0.45 and parameters: {'C': 0.34659812901585874, 'penalty': 'l2'}. Best is trial 9 with value: 0.55.
[I 2026-04-13 13:06:50,019] Trial 24 finished with value: 0.45 and parameters: {'C': 0.012151862579190357, 'penalty': 'l2'}. Best is trial 9 with value: 0.55.
[I 2026-04-13 13:06:50,047] Trial 25 finished with value: 0.45 and parameters: {'C': 0.24798169298197295, 'penalty': 'l2'}. Best is trial 9 with value: 0.55.
[I 2026-04-13 13:06:50,065] Trial 26 finished with value: 0.55 and parameters: {'C': 0.04717770550417734, 'penalty': 'l2'}. Best is trial 9 with value: 0.55.
[I 2026-04-13 13:06:50,091] Trial 27 finished with value: 0.45 and parameters: {'C': 0.8361168162446494, 'penalty': 'l2'}. Best is trial 9 with value: 0.55.
[I 2026-04-13 13:06:50,122] Trial 28 finished with value: 0.45 and parameters: {'C': 0.138673463653422, 'penalty': 'l2'}. Best is trial 9 with value: 0.55.
[I 2026-04-13 13:06:50,141] Trial 29 finished with value: 0.35 and parameters: {'C': 0.006786098299027792, 'penalty': 'l2'}. Best is trial 9 with value: 0.55.
[I 2026-04-13 13:06:50,178] A new study created in memory with name: knn
[I 2026-04-13 13:06:50,192] Trial 0 finished with value: 0.35 and parameters: {'n_neighbors': 3, 'leaf_size': 30, 'p': 1}. Best is trial 0 with value: 0.35.
[I 2026-04-13 13:06:50,206] Trial 1 finished with value: 0.4 and parameters: {'n_neighbors': 4, 'leaf_size': 24, 'p': 1}. Best is trial 1 with value: 0.4.
[I 2026-04-13 13:06:50,222] Trial 2 finished with value: 0.35 and parameters: {'n_neighbors': 3, 'leaf_size': 27, 'p': 2}. Best is trial 1 with value: 0.4.
[I 2026-04-13 13:06:50,237] Trial 3 finished with value: 0.4 and parameters: {'n_neighbors': 10, 'leaf_size': 20, 'p': 1}. Best is trial 1 with value: 0.4.
[I 2026-04-13 13:06:50,251] Trial 4 finished with value: 0.4 and parameters: {'n_neighbors': 10, 'leaf_size': 34, 'p': 2}. Best is trial 1 with value: 0.4.
[I 2026-04-13 13:06:50,265] Trial 5 finished with value: 0.35 and parameters: {'n_neighbors': 6, 'leaf_size': 34, 'p': 1}. Best is trial 1 with value: 0.4.
[I 2026-04-13 13:06:50,280] Trial 6 finished with value: 0.4 and parameters: {'n_neighbors': 10, 'leaf_size': 36, 'p': 1}. Best is trial 1 with value: 0.4.
[I 2026-04-13 13:06:50,295] Trial 7 finished with value: 0.5 and parameters: {'n_neighbors': 7, 'leaf_size': 39, 'p': 2}. Best is trial 7 with value: 0.5.
[I 2026-04-13 13:06:50,310] Trial 8 finished with value: 0.4 and parameters: {'n_neighbors': 10, 'leaf_size': 23, 'p': 2}. Best is trial 7 with value: 0.5.
[I 2026-04-13 13:06:50,327] Trial 9 finished with value: 0.4 and parameters: {'n_neighbors': 10, 'leaf_size': 35, 'p': 2}. Best is trial 7 with value: 0.5.
[I 2026-04-13 13:06:50,353] Trial 10 finished with value: 0.5 and parameters: {'n_neighbors': 7, 'leaf_size': 40, 'p': 2}. Best is trial 7 with value: 0.5.
[I 2026-04-13 13:06:50,387] Trial 11 finished with value: 0.5 and parameters: {'n_neighbors': 7, 'leaf_size': 40, 'p': 2}. Best is trial 7 with value: 0.5.
[I 2026-04-13 13:06:50,415] Trial 12 finished with value: 0.5 and parameters: {'n_neighbors': 7, 'leaf_size': 40, 'p': 2}. Best is trial 7 with value: 0.5.
[I 2026-04-13 13:06:50,441] Trial 13 finished with value: 0.45 and parameters: {'n_neighbors': 8, 'leaf_size': 38, 'p': 2}. Best is trial 7 with value: 0.5.
[I 2026-04-13 13:06:50,475] Trial 14 finished with value: 0.45 and parameters: {'n_neighbors': 5, 'leaf_size': 30, 'p': 2}. Best is trial 7 with value: 0.5.
[I 2026-04-13 13:06:50,501] Trial 15 finished with value: 0.45 and parameters: {'n_neighbors': 8, 'leaf_size': 37, 'p': 2}. Best is trial 7 with value: 0.5.
[I 2026-04-13 13:06:50,538] Trial 16 finished with value: 0.45 and parameters: {'n_neighbors': 8, 'leaf_size': 31, 'p': 2}. Best is trial 7 with value: 0.5.
[I 2026-04-13 13:06:50,565] Trial 17 finished with value: 0.35 and parameters: {'n_neighbors': 6, 'leaf_size': 40, 'p': 2}. Best is trial 7 with value: 0.5.
[I 2026-04-13 13:06:50,586] Trial 18 finished with value: 0.45 and parameters: {'n_neighbors': 5, 'leaf_size': 32, 'p': 2}. Best is trial 7 with value: 0.5.
[I 2026-04-13 13:06:50,612] Trial 19 finished with value: 0.55 and parameters: {'n_neighbors': 9, 'leaf_size': 38, 'p': 2}. Best is trial 19 with value: 0.55.
[I 2026-04-13 13:06:50,634] Trial 20 finished with value: 0.55 and parameters: {'n_neighbors': 9, 'leaf_size': 38, 'p': 2}. Best is trial 19 with value: 0.55.
[I 2026-04-13 13:06:50,658] Trial 21 finished with value: 0.55 and parameters: {'n_neighbors': 9, 'leaf_size': 38, 'p': 2}. Best is trial 19 with value: 0.55.
[I 2026-04-13 13:06:50,685] Trial 22 finished with value: 0.55 and parameters: {'n_neighbors': 9, 'leaf_size': 37, 'p': 2}. Best is trial 19 with value: 0.55.
[I 2026-04-13 13:06:50,708] Trial 23 finished with value: 0.55 and parameters: {'n_neighbors': 9, 'leaf_size': 33, 'p': 2}. Best is trial 19 with value: 0.55.
[I 2026-04-13 13:06:50,735] Trial 24 finished with value: 0.55 and parameters: {'n_neighbors': 9, 'leaf_size': 36, 'p': 2}. Best is trial 19 with value: 0.55.
[I 2026-04-13 13:06:50,758] Trial 25 finished with value: 0.55 and parameters: {'n_neighbors': 9, 'leaf_size': 38, 'p': 2}. Best is trial 19 with value: 0.55.
[I 2026-04-13 13:06:50,794] Trial 26 finished with value: 0.45 and parameters: {'n_neighbors': 8, 'leaf_size': 38, 'p': 1}. Best is trial 19 with value: 0.55.
[I 2026-04-13 13:06:50,815] Trial 27 finished with value: 0.55 and parameters: {'n_neighbors': 9, 'leaf_size': 35, 'p': 2}. Best is trial 19 with value: 0.55.
[I 2026-04-13 13:06:50,838] Trial 28 finished with value: 0.45 and parameters: {'n_neighbors': 8, 'leaf_size': 28, 'p': 2}. Best is trial 19 with value: 0.55.
[I 2026-04-13 13:06:50,870] Trial 29 finished with value: 0.55 and parameters: {'n_neighbors': 9, 'leaf_size': 29, 'p': 1}. Best is trial 19 with value: 0.55.
[I 2026-04-13 13:06:50,911] A new study created in memory with name: xgb
[I 2026-04-13 13:06:50,948] Trial 0 finished with value: 0.4 and parameters: {'n_estimators': 40, 'max_depth': 30, 'gamma': 0.47665736245940726, 'subsample': 0.6240505842067796, 'colsample_bytree': 0.542029825582675}. Best is trial 0 with value: 0.4.
[I 2026-04-13 13:06:50,983] Trial 1 finished with value: 0.55 and parameters: {'n_estimators': 100, 'max_depth': 5, 'gamma': 0.6154838340124683, 'subsample': 0.9490035591125747, 'colsample_bytree': 0.8334494864598183}. Best is trial 1 with value: 0.55.
[I 2026-04-13 13:06:51,028] Trial 2 finished with value: 0.5 and parameters: {'n_estimators': 40, 'max_depth': 20, 'gamma': 0.9464719685739904, 'subsample': 0.9018698850061588, 'colsample_bytree': 0.9916796241121663}. Best is trial 1 with value: 0.55.
[I 2026-04-13 13:06:51,065] Trial 3 finished with value: 0.45 and parameters: {'n_estimators': 100, 'max_depth': 30, 'gamma': 0.26698751824101463, 'subsample': 0.6215578376567042, 'colsample_bytree': 0.9367004215505623}. Best is trial 1 with value: 0.55.
[I 2026-04-13 13:06:51,093] Trial 4 finished with value: 0.45 and parameters: {'n_estimators': 10, 'max_depth': 20, 'gamma': 0.5301766121845122, 'subsample': 0.7177777323831729, 'colsample_bytree': 0.9352041482132656}. Best is trial 1 with value: 0.55.
[I 2026-04-13 13:06:51,131] Trial 5 finished with value: 0.45 and parameters: {'n_estimators': 100, 'max_depth': 5, 'gamma': 0.6742485862456464, 'subsample': 0.7308488312353485, 'colsample_bytree': 0.5265297122426965}. Best is trial 1 with value: 0.55.
[I 2026-04-13 13:06:51,179] Trial 6 finished with value: 0.55 and parameters: {'n_estimators': 100, 'max_depth': 30, 'gamma': 0.5360486096375219, 'subsample': 0.8488681925618888, 'colsample_bytree': 0.900578215847843}. Best is trial 1 with value: 0.55.
[I 2026-04-13 13:06:51,215] Trial 7 finished with value: 0.45 and parameters: {'n_estimators': 40, 'max_depth': 5, 'gamma': 0.4997010655396419, 'subsample': 0.7490698051808964, 'colsample_bytree': 0.7071731623998108}. Best is trial 1 with value: 0.55.
[I 2026-04-13 13:06:51,249] Trial 8 finished with value: 0.4 and parameters: {'n_estimators': 100, 'max_depth': 5, 'gamma': 0.5449029446194361, 'subsample': 0.7150234071055932, 'colsample_bytree': 0.8673829085180849}. Best is trial 1 with value: 0.55.
[I 2026-04-13 13:06:51,297] Trial 9 finished with value: 0.4 and parameters: {'n_estimators': 100, 'max_depth': 30, 'gamma': 0.5427360453562716, 'subsample': 0.5915763668266103, 'colsample_bytree': 0.5546552575823498}. Best is trial 1 with value: 0.55.
[I 2026-04-13 13:06:51,336] Trial 10 finished with value: 0.55 and parameters: {'n_estimators': 10, 'max_depth': 5, 'gamma': 0.8166697644905587, 'subsample': 0.9751404785189386, 'colsample_bytree': 0.7735093231652352}. Best is trial 1 with value: 0.55.
[I 2026-04-13 13:06:51,381] Trial 11 finished with value: 0.55 and parameters: {'n_estimators': 100, 'max_depth': 30, 'gamma': 0.27792811776809306, 'subsample': 0.8666186600539172, 'colsample_bytree': 0.8080593753392951}. Best is trial 1 with value: 0.55.
[I 2026-04-13 13:06:51,427] Trial 12 finished with value: 0.55 and parameters: {'n_estimators': 100, 'max_depth': 30, 'gamma': 0.7085675984472257, 'subsample': 0.860807250638348, 'colsample_bytree': 0.6897943244262627}. Best is trial 1 with value: 0.55.
[I 2026-04-13 13:06:51,477] Trial 13 finished with value: 0.55 and parameters: {'n_estimators': 100, 'max_depth': 5, 'gamma': 0.37975294583682695, 'subsample': 0.9832869262087293, 'colsample_bytree': 0.8500221314441887}. Best is trial 1 with value: 0.55.
[I 2026-04-13 13:06:51,527] Trial 14 finished with value: 0.6 and parameters: {'n_estimators': 100, 'max_depth': 20, 'gamma': 0.1118487397978592, 'subsample': 0.8145999956105362, 'colsample_bytree': 0.8916462977599725}. Best is trial 14 with value: 0.6.
[I 2026-04-13 13:06:51,563] Trial 15 finished with value: 0.5 and parameters: {'n_estimators': 10, 'max_depth': 20, 'gamma': 0.10953521863163096, 'subsample': 0.8113467514466688, 'colsample_bytree': 0.6459869877941459}. Best is trial 14 with value: 0.6.
[I 2026-04-13 13:06:51,617] Trial 16 finished with value: 0.55 and parameters: {'n_estimators': 100, 'max_depth': 20, 'gamma': 0.11917947836134526, 'subsample': 0.9261542227081945, 'colsample_bytree': 0.8209126135555715}. Best is trial 14 with value: 0.6.
[I 2026-04-13 13:06:51,672] Trial 17 finished with value: 0.5 and parameters: {'n_estimators': 100, 'max_depth': 20, 'gamma': 0.6754232259700408, 'subsample': 0.5106683207593217, 'colsample_bytree': 0.9893228837092874}. Best is trial 14 with value: 0.6.
[I 2026-04-13 13:06:51,708] Trial 18 finished with value: 0.5 and parameters: {'n_estimators': 10, 'max_depth': 5, 'gamma': 0.36263234997658744, 'subsample': 0.8011049609727261, 'colsample_bytree': 0.7516679357395734}. Best is trial 14 with value: 0.6.
[I 2026-04-13 13:06:51,747] Trial 19 finished with value: 0.55 and parameters: {'n_estimators': 40, 'max_depth': 20, 'gamma': 0.8058178050667423, 'subsample': 0.924850385473109, 'colsample_bytree': 0.9082994174457772}. Best is trial 14 with value: 0.6.
[I 2026-04-13 13:06:51,799] Trial 20 finished with value: 0.55 and parameters: {'n_estimators': 100, 'max_depth': 5, 'gamma': 0.9977368782501431, 'subsample': 0.8205409576115477, 'colsample_bytree': 0.6165405484909421}. Best is trial 14 with value: 0.6.
[I 2026-04-13 13:06:51,849] Trial 21 finished with value: 0.55 and parameters: {'n_estimators': 100, 'max_depth': 30, 'gamma': 0.6139717064455358, 'subsample': 0.8659104917032528, 'colsample_bytree': 0.886842180395516}. Best is trial 14 with value: 0.6.
[I 2026-04-13 13:06:51,900] Trial 22 finished with value: 0.5 and parameters: {'n_estimators': 100, 'max_depth': 30, 'gamma': 0.8297635664820766, 'subsample': 0.7879099188449907, 'colsample_bytree': 0.8171136052972199}. Best is trial 14 with value: 0.6.
[I 2026-04-13 13:06:51,953] Trial 23 finished with value: 0.55 and parameters: {'n_estimators': 100, 'max_depth': 20, 'gamma': 0.4125535352696167, 'subsample': 0.9415738608759766, 'colsample_bytree': 0.9382731384108699}. Best is trial 14 with value: 0.6.
[I 2026-04-13 13:06:52,025] Trial 24 finished with value: 0.55 and parameters: {'n_estimators': 100, 'max_depth': 30, 'gamma': 0.21129559941103487, 'subsample': 0.8817489145626661, 'colsample_bytree': 0.8605839078202393}. Best is trial 14 with value: 0.6.
[I 2026-04-13 13:06:52,079] Trial 25 finished with value: 0.55 and parameters: {'n_estimators': 100, 'max_depth': 5, 'gamma': 0.6106507510559317, 'subsample': 0.8402350751713528, 'colsample_bytree': 0.7844848501090694}. Best is trial 14 with value: 0.6.
[I 2026-04-13 13:06:52,141] Trial 26 finished with value: 0.55 and parameters: {'n_estimators': 100, 'max_depth': 20, 'gamma': 0.44868232402675856, 'subsample': 0.960509502543138, 'colsample_bytree': 0.8948311276884136}. Best is trial 14 with value: 0.6.
[I 2026-04-13 13:06:52,195] Trial 27 finished with value: 0.45 and parameters: {'n_estimators': 100, 'max_depth': 30, 'gamma': 0.734611865677711, 'subsample': 0.6801981108573523, 'colsample_bytree': 0.9633156053141049}. Best is trial 14 with value: 0.6.
[I 2026-04-13 13:06:52,237] Trial 28 finished with value: 0.5 and parameters: {'n_estimators': 40, 'max_depth': 5, 'gamma': 0.31925183142441227, 'subsample': 0.7648752720930799, 'colsample_bytree': 0.838561995046994}. Best is trial 14 with value: 0.6.
[I 2026-04-13 13:06:52,278] Trial 29 finished with value: 0.5 and parameters: {'n_estimators': 10, 'max_depth': 20, 'gamma': 0.1819757920168582, 'subsample': 0.9114808012921802, 'colsample_bytree': 0.917733652467416}. Best is trial 14 with value: 0.6.
[I 2026-04-13 13:06:52,449] A new study created in memory with name: rf
[I 2026-04-13 13:06:52,635] Trial 0 finished with value: 0.35 and parameters: {'n_estimators': 104, 'max_depth': 12, 'min_samples_split': 6, 'min_samples_leaf': 2}. Best is trial 0 with value: 0.35.
[I 2026-04-13 13:06:52,932] Trial 1 finished with value: 0.3 and parameters: {'n_estimators': 156, 'max_depth': 6, 'min_samples_split': 5, 'min_samples_leaf': 3}. Best is trial 0 with value: 0.35.
[I 2026-04-13 13:06:53,151] Trial 2 finished with value: 0.5 and parameters: {'n_estimators': 133, 'max_depth': 9, 'min_samples_split': 3, 'min_samples_leaf': 9}. Best is trial 2 with value: 0.5.
[I 2026-04-13 13:06:53,761] Trial 3 finished with value: 0.45 and parameters: {'n_estimators': 481, 'max_depth': 3, 'min_samples_split': 8, 'min_samples_leaf': 6}. Best is trial 2 with value: 0.5.
[I 2026-04-13 13:06:54,340] Trial 4 finished with value: 0.5 and parameters: {'n_estimators': 460, 'max_depth': 15, 'min_samples_split': 6, 'min_samples_leaf': 8}. Best is trial 2 with value: 0.5.
[I 2026-04-13 13:06:54,708] Trial 5 finished with value: 0.4 and parameters: {'n_estimators': 254, 'max_depth': 15, 'min_samples_split': 9, 'min_samples_leaf': 5}. Best is trial 2 with value: 0.5.
[I 2026-04-13 13:06:55,399] Trial 6 finished with value: 0.4 and parameters: {'n_estimators': 477, 'max_depth': 17, 'min_samples_split': 10, 'min_samples_leaf': 2}. Best is trial 2 with value: 0.5.
[I 2026-04-13 13:06:55,820] Trial 7 finished with value: 0.5 and parameters: {'n_estimators': 308, 'max_depth': 20, 'min_samples_split': 7, 'min_samples_leaf': 9}. Best is trial 2 with value: 0.5.
[I 2026-04-13 13:06:56,410] Trial 8 finished with value: 0.5 and parameters: {'n_estimators': 489, 'max_depth': 6, 'min_samples_split': 4, 'min_samples_leaf': 9}. Best is trial 2 with value: 0.5.
[I 2026-04-13 13:06:56,979] Trial 9 finished with value: 0.35 and parameters: {'n_estimators': 463, 'max_depth': 16, 'min_samples_split': 5, 'min_samples_leaf': 5}. Best is trial 2 with value: 0.5.
[I 2026-04-13 13:06:57,318] Trial 10 finished with value: 0.5 and parameters: {'n_estimators': 228, 'max_depth': 10, 'min_samples_split': 2, 'min_samples_leaf': 10}. Best is trial 2 with value: 0.5.
[I 2026-04-13 13:06:57,837] Trial 11 finished with value: 0.5 and parameters: {'n_estimators': 397, 'max_depth': 11, 'min_samples_split': 2, 'min_samples_leaf': 7}. Best is trial 2 with value: 0.5.
[I 2026-04-13 13:06:58,375] Trial 12 finished with value: 0.5 and parameters: {'n_estimators': 369, 'max_depth': 13, 'min_samples_split': 3, 'min_samples_leaf': 8}. Best is trial 2 with value: 0.5.
[I 2026-04-13 13:06:58,669] Trial 13 finished with value: 0.5 and parameters: {'n_estimators': 196, 'max_depth': 9, 'min_samples_split': 4, 'min_samples_leaf': 10}. Best is trial 2 with value: 0.5.
[I 2026-04-13 13:06:59,129] Trial 14 finished with value: 0.5 and parameters: {'n_estimators': 318, 'max_depth': 8, 'min_samples_split': 7, 'min_samples_leaf': 7}. Best is trial 2 with value: 0.5.
[I 2026-04-13 13:06:59,653] Trial 15 finished with value: 0.5 and parameters: {'n_estimators': 402, 'max_depth': 19, 'min_samples_split': 4, 'min_samples_leaf': 8}. Best is trial 2 with value: 0.5.
[I 2026-04-13 13:06:59,878] Trial 16 finished with value: 0.5 and parameters: {'n_estimators': 107, 'max_depth': 14, 'min_samples_split': 6, 'min_samples_leaf': 8}. Best is trial 2 with value: 0.5.
[I 2026-04-13 13:07:00,287] Trial 17 finished with value: 0.4 and parameters: {'n_estimators': 266, 'max_depth': 18, 'min_samples_split': 3, 'min_samples_leaf': 6}. Best is trial 2 with value: 0.5.
[I 2026-04-13 13:07:00,855] Trial 18 finished with value: 0.3 and parameters: {'n_estimators': 351, 'max_depth': 6, 'min_samples_split': 7, 'min_samples_leaf': 4}. Best is trial 2 with value: 0.5.
[I 2026-04-13 13:07:01,082] Trial 19 finished with value: 0.5 and parameters: {'n_estimators': 166, 'max_depth': 13, 'min_samples_split': 5, 'min_samples_leaf': 9}. Best is trial 2 with value: 0.5.
[I 2026-04-13 13:07:01,624] Trial 20 finished with value: 0.5 and parameters: {'n_estimators': 408, 'max_depth': 3, 'min_samples_split': 8, 'min_samples_leaf': 7}. Best is trial 2 with value: 0.5.
[I 2026-04-13 13:07:02,019] Trial 21 finished with value: 0.5 and parameters: {'n_estimators': 291, 'max_depth': 19, 'min_samples_split': 7, 'min_samples_leaf': 9}. Best is trial 2 with value: 0.5.
[I 2026-04-13 13:07:02,364] Trial 22 finished with value: 0.5 and parameters: {'n_estimators': 218, 'max_depth': 20, 'min_samples_split': 9, 'min_samples_leaf': 10}. Best is trial 2 with value: 0.5.
[I 2026-04-13 13:07:03,015] Trial 23 finished with value: 0.5 and parameters: {'n_estimators': 444, 'max_depth': 16, 'min_samples_split': 8, 'min_samples_leaf': 9}. Best is trial 2 with value: 0.5.
[I 2026-04-13 13:07:03,498] Trial 24 finished with value: 0.5 and parameters: {'n_estimators': 330, 'max_depth': 9, 'min_samples_split': 6, 'min_samples_leaf': 8}. Best is trial 2 with value: 0.5.
[I 2026-04-13 13:07:03,885] Trial 25 finished with value: 0.5 and parameters: {'n_estimators': 292, 'max_depth': 20, 'min_samples_split': 7, 'min_samples_leaf': 10}. Best is trial 2 with value: 0.5.
[I 2026-04-13 13:07:04,470] Trial 26 finished with value: 0.4 and parameters: {'n_estimators': 433, 'max_depth': 17, 'min_samples_split': 3, 'min_samples_leaf': 7}. Best is trial 2 with value: 0.5.
[I 2026-04-13 13:07:04,699] Trial 27 finished with value: 0.5 and parameters: {'n_estimators': 147, 'max_depth': 11, 'min_samples_split': 10, 'min_samples_leaf': 9}. Best is trial 2 with value: 0.5.
