[I 2026-04-13 13:01:50,426] Trial 23 finished with value: 0.5 and parameters: {'n_estimators': 493, 'max_depth': 18, 'min_samples_split': 3, 'min_samples_leaf': 7}. Best is trial 1 with value: 1.0.
[I 2026-04-13 13:01:50,854] Trial 24 finished with value: 1.0 and parameters: {'n_estimators': 296, 'max_depth': 9, 'min_samples_split': 4, 'min_samples_leaf': 4}. Best is trial 1 with value: 1.0.
[I 2026-04-13 13:01:51,384] Trial 25 finished with value: 0.6 and parameters: {'n_estimators': 411, 'max_depth': 16, 'min_samples_split': 6, 'min_samples_leaf': 7}. Best is trial 1 with value: 1.0.
[I 2026-04-13 13:01:51,721] Trial 26 finished with value: 1.0 and parameters: {'n_estimators': 221, 'max_depth': 13, 'min_samples_split': 3, 'min_samples_leaf': 2}. Best is trial 1 with value: 1.0.
[I 2026-04-13 13:01:51,955] Trial 27 finished with value: 1.0 and parameters: {'n_estimators': 153, 'max_depth': 10, 'min_samples_split': 5, 'min_samples_leaf': 1}. Best is trial 1 with value: 1.0.
[I 2026-04-13 13:01:52,122] Trial 28 finished with value: 1.0 and parameters: {'n_estimators': 105, 'max_depth': 13, 'min_samples_split': 9, 'min_samples_leaf': 5}. Best is trial 1 with value: 1.0.
[I 2026-04-13 13:01:52,576] Trial 29 finished with value: 0.6 and parameters: {'n_estimators': 274, 'max_depth': 17, 'min_samples_split': 7, 'min_samples_leaf': 7}. Best is trial 1 with value: 1.0.
[I 2026-04-13 13:01:53,699] A new study created in memory with name: mlp
[I 2026-04-13 13:01:53,773] Trial 0 finished with value: 1.0 and parameters: {'hidden_layer_sizes': (200,), 'max_iter': 100, 'alpha': 0.0001}. Best is trial 0 with value: 1.0.
[I 2026-04-13 13:01:53,861] Trial 1 finished with value: 1.0 and parameters: {'hidden_layer_sizes': (100, 100), 'max_iter': 100, 'alpha': 0.0001}. Best is trial 0 with value: 1.0.
[I 2026-04-13 13:01:53,927] Trial 2 finished with value: 1.0 and parameters: {'hidden_layer_sizes': (200,), 'max_iter': 100, 'alpha': 0.001}. Best is trial 0 with value: 1.0.
[I 2026-04-13 13:01:53,963] Trial 3 finished with value: 1.0 and parameters: {'hidden_layer_sizes': (100,), 'max_iter': 50, 'alpha': 0.001}. Best is trial 0 with value: 1.0.
[I 2026-04-13 13:01:54,010] Trial 4 finished with value: 1.0 and parameters: {'hidden_layer_sizes': (100,), 'max_iter': 50, 'alpha': 0.0001}. Best is trial 0 with value: 1.0.
[I 2026-04-13 13:01:54,057] Trial 5 finished with value: 1.0 and parameters: {'hidden_layer_sizes': (100,), 'max_iter': 50, 'alpha': 0.0001}. Best is trial 0 with value: 1.0.
[I 2026-04-13 13:01:54,094] Trial 6 finished with value: 1.0 and parameters: {'hidden_layer_sizes': (100,), 'max_iter': 50, 'alpha': 0.0001}. Best is trial 0 with value: 1.0.
[I 2026-04-13 13:01:54,141] Trial 7 finished with value: 1.0 and parameters: {'hidden_layer_sizes': (100,), 'max_iter': 50, 'alpha': 0.0001}. Best is trial 0 with value: 1.0.
[I 2026-04-13 13:01:54,220] Trial 8 finished with value: 1.0 and parameters: {'hidden_layer_sizes': (200,), 'max_iter': 100, 'alpha': 0.0001}. Best is trial 0 with value: 1.0.
[I 2026-04-13 13:01:54,276] Trial 9 finished with value: 1.0 and parameters: {'hidden_layer_sizes': (200,), 'max_iter': 50, 'alpha': 0.0001}. Best is trial 0 with value: 1.0.
[I 2026-04-13 13:01:54,370] Trial 10 finished with value: 1.0 and parameters: {'hidden_layer_sizes': (100, 100), 'max_iter': 100, 'alpha': 0.001}. Best is trial 0 with value: 1.0.
[I 2026-04-13 13:01:54,460] Trial 11 finished with value: 1.0 and parameters: {'hidden_layer_sizes': (100, 100), 'max_iter': 100, 'alpha': 0.0001}. Best is trial 0 with value: 1.0.
[I 2026-04-13 13:01:54,536] Trial 12 finished with value: 1.0 and parameters: {'hidden_layer_sizes': (100, 100), 'max_iter': 100, 'alpha': 0.0001}. Best is trial 0 with value: 1.0.
[I 2026-04-13 13:01:54,633] Trial 13 finished with value: 1.0 and parameters: {'hidden_layer_sizes': (100, 100), 'max_iter': 100, 'alpha': 0.0001}. Best is trial 0 with value: 1.0.
[I 2026-04-13 13:01:54,700] Trial 14 finished with value: 1.0 and parameters: {'hidden_layer_sizes': (200,), 'max_iter': 100, 'alpha': 0.001}. Best is trial 0 with value: 1.0.
[I 2026-04-13 13:01:54,779] Trial 15 finished with value: 1.0 and parameters: {'hidden_layer_sizes': (100, 100), 'max_iter': 100, 'alpha': 0.0001}. Best is trial 0 with value: 1.0.
[I 2026-04-13 13:01:54,847] Trial 16 finished with value: 1.0 and parameters: {'hidden_layer_sizes': (200,), 'max_iter': 100, 'alpha': 0.0001}. Best is trial 0 with value: 1.0.
[I 2026-04-13 13:01:54,936] Trial 17 finished with value: 1.0 and parameters: {'hidden_layer_sizes': (100, 100), 'max_iter': 100, 'alpha': 0.0001}. Best is trial 0 with value: 1.0.
[I 2026-04-13 13:01:55,007] Trial 18 finished with value: 1.0 and parameters: {'hidden_layer_sizes': (200,), 'max_iter': 100, 'alpha': 0.001}. Best is trial 0 with value: 1.0.
[I 2026-04-13 13:01:55,087] Trial 19 finished with value: 1.0 and parameters: {'hidden_layer_sizes': (200,), 'max_iter': 100, 'alpha': 0.0001}. Best is trial 0 with value: 1.0.
[I 2026-04-13 13:01:55,168] Trial 20 finished with value: 1.0 and parameters: {'hidden_layer_sizes': (100, 100), 'max_iter': 100, 'alpha': 0.0001}. Best is trial 0 with value: 1.0.
[I 2026-04-13 13:01:55,238] Trial 21 finished with value: 1.0 and parameters: {'hidden_layer_sizes': (200,), 'max_iter': 100, 'alpha': 0.001}. Best is trial 0 with value: 1.0.
[I 2026-04-13 13:01:55,339] Trial 22 finished with value: 1.0 and parameters: {'hidden_layer_sizes': (200,), 'max_iter': 100, 'alpha': 0.001}. Best is trial 0 with value: 1.0.
[I 2026-04-13 13:01:55,420] Trial 23 finished with value: 1.0 and parameters: {'hidden_layer_sizes': (200,), 'max_iter': 100, 'alpha': 0.001}. Best is trial 0 with value: 1.0.
[I 2026-04-13 13:01:55,488] Trial 24 finished with value: 1.0 and parameters: {'hidden_layer_sizes': (200,), 'max_iter': 100, 'alpha': 0.001}. Best is trial 0 with value: 1.0.
[I 2026-04-13 13:01:55,556] Trial 25 finished with value: 1.0 and parameters: {'hidden_layer_sizes': (200,), 'max_iter': 100, 'alpha': 0.001}. Best is trial 0 with value: 1.0.
[I 2026-04-13 13:01:55,644] Trial 26 finished with value: 1.0 and parameters: {'hidden_layer_sizes': (100, 100), 'max_iter': 100, 'alpha': 0.001}. Best is trial 0 with value: 1.0.
[I 2026-04-13 13:01:55,723] Trial 27 finished with value: 1.0 and parameters: {'hidden_layer_sizes': (200,), 'max_iter': 100, 'alpha': 0.0001}. Best is trial 0 with value: 1.0.
[I 2026-04-13 13:01:55,800] Trial 28 finished with value: 1.0 and parameters: {'hidden_layer_sizes': (200,), 'max_iter': 100, 'alpha': 0.001}. Best is trial 0 with value: 1.0.
[I 2026-04-13 13:01:55,858] Trial 29 finished with value: 1.0 and parameters: {'hidden_layer_sizes': (100, 100), 'max_iter': 50, 'alpha': 0.001}. Best is trial 0 with value: 1.0.
[I 2026-04-13 13:01:58,655] A new study created in memory with name: naive_bayes
[I 2026-04-13 13:01:58,669] Trial 0 finished with value: 0.45 and parameters: {'var_smoothing': 5.582886587978182e-09}. Best is trial 0 with value: 0.45.
[I 2026-04-13 13:01:58,683] Trial 1 finished with value: 0.45 and parameters: {'var_smoothing': 8.651299071518215e-09}. Best is trial 0 with value: 0.45.
[I 2026-04-13 13:01:58,697] Trial 2 finished with value: 0.45 and parameters: {'var_smoothing': 5.475062490474489e-09}. Best is trial 0 with value: 0.45.
[I 2026-04-13 13:01:58,710] Trial 3 finished with value: 0.45 and parameters: {'var_smoothing': 1.1526869678723134e-09}. Best is trial 0 with value: 0.45.
[I 2026-04-13 13:01:58,724] Trial 4 finished with value: 0.45 and parameters: {'var_smoothing': 2.920496270341785e-10}. Best is trial 0 with value: 0.45.
[I 2026-04-13 13:01:58,738] Trial 5 finished with value: 0.45 and parameters: {'var_smoothing': 1.0538956417705805e-10}. Best is trial 0 with value: 0.45.
[I 2026-04-13 13:01:58,753] Trial 6 finished with value: 0.45 and parameters: {'var_smoothing': 7.260016982331591e-10}. Best is trial 0 with value: 0.45.
[I 2026-04-13 13:01:58,768] Trial 7 finished with value: 0.45 and parameters: {'var_smoothing': 6.378267364653917e-10}. Best is trial 0 with value: 0.45.
[I 2026-04-13 13:01:58,782] Trial 8 finished with value: 0.45 and parameters: {'var_smoothing': 1.1100673847791952e-09}. Best is trial 0 with value: 0.45.
[I 2026-04-13 13:01:58,795] Trial 9 finished with value: 0.45 and parameters: {'var_smoothing': 9.052813879088377e-10}. Best is trial 0 with value: 0.45.
[I 2026-04-13 13:01:58,812] Trial 10 finished with value: 0.45 and parameters: {'var_smoothing': 3.20543606083287e-09}. Best is trial 0 with value: 0.45.
[I 2026-04-13 13:01:58,834] Trial 11 finished with value: 0.45 and parameters: {'var_smoothing': 8.433965140342417e-09}. Best is trial 0 with value: 0.45.
[I 2026-04-13 13:01:58,853] Trial 12 finished with value: 0.45 and parameters: {'var_smoothing': 2.860874278982245e-09}. Best is trial 0 with value: 0.45.
[I 2026-04-13 13:01:58,869] Trial 13 finished with value: 0.45 and parameters: {'var_smoothing': 9.270349036178526e-09}. Best is trial 0 with value: 0.45.
[I 2026-04-13 13:01:58,885] Trial 14 finished with value: 0.45 and parameters: {'var_smoothing': 3.13069447640915e-09}. Best is trial 0 with value: 0.45.
[I 2026-04-13 13:01:58,906] Trial 15 finished with value: 0.45 and parameters: {'var_smoothing': 5.223604886811285e-09}. Best is trial 0 with value: 0.45.
[I 2026-04-13 13:01:58,923] Trial 16 finished with value: 0.45 and parameters: {'var_smoothing': 2.0295724993447026e-09}. Best is trial 0 with value: 0.45.
[I 2026-04-13 13:01:58,941] Trial 17 finished with value: 0.45 and parameters: {'var_smoothing': 5.880433102756661e-09}. Best is trial 0 with value: 0.45.
[I 2026-04-13 13:01:58,959] Trial 18 finished with value: 0.45 and parameters: {'var_smoothing': 1.6980964875204416e-09}. Best is trial 0 with value: 0.45.
[I 2026-04-13 13:01:58,979] Trial 19 finished with value: 0.45 and parameters: {'var_smoothing': 4.2955625192244405e-09}. Best is trial 0 with value: 0.45.
[I 2026-04-13 13:01:58,995] Trial 20 finished with value: 0.45 and parameters: {'var_smoothing': 9.833771947222685e-09}. Best is trial 0 with value: 0.45.
[I 2026-04-13 13:01:59,024] Trial 21 finished with value: 0.45 and parameters: {'var_smoothing': 6.0482464086364635e-09}. Best is trial 0 with value: 0.45.
[I 2026-04-13 13:01:59,043] Trial 22 finished with value: 0.45 and parameters: {'var_smoothing': 4.537628481410357e-09}. Best is trial 0 with value: 0.45.
[I 2026-04-13 13:01:59,061] Trial 23 finished with value: 0.45 and parameters: {'var_smoothing': 6.750528289210463e-09}. Best is trial 0 with value: 0.45.
[I 2026-04-13 13:01:59,079] Trial 24 finished with value: 0.45 and parameters: {'var_smoothing': 2.2780337647355764e-09}. Best is trial 0 with value: 0.45.
[I 2026-04-13 13:01:59,098] Trial 25 finished with value: 0.45 and parameters: {'var_smoothing': 3.986918574074946e-09}. Best is trial 0 with value: 0.45.
[I 2026-04-13 13:01:59,117] Trial 26 finished with value: 0.45 and parameters: {'var_smoothing': 1.7707565248297843e-09}. Best is trial 0 with value: 0.45.
[I 2026-04-13 13:01:59,138] Trial 27 finished with value: 0.45 and parameters: {'var_smoothing': 6.732492847962814e-09}. Best is trial 0 with value: 0.45.
[I 2026-04-13 13:01:59,159] Trial 28 finished with value: 0.45 and parameters: {'var_smoothing': 3.8684773890893174e-10}. Best is trial 0 with value: 0.45.
[I 2026-04-13 13:01:59,178] Trial 29 finished with value: 0.45 and parameters: {'var_smoothing': 1.5480090897085013e-09}. Best is trial 0 with value: 0.45.
[I 2026-04-13 13:01:59,224] A new study created in memory with name: logreg
[I 2026-04-13 13:01:59,249] Trial 0 finished with value: 0.55 and parameters: {'C': 23.288794782471303, 'penalty': 'l2'}. Best is trial 0 with value: 0.55.
[I 2026-04-13 13:01:59,275] Trial 1 finished with value: 0.55 and parameters: {'C': 69.61507800412923, 'penalty': 'l2'}. Best is trial 0 with value: 0.55.
[I 2026-04-13 13:01:59,299] Trial 2 finished with value: 0.55 and parameters: {'C': 22.180569925473442, 'penalty': 'l2'}. Best is trial 0 with value: 0.55.
[I 2026-04-13 13:01:59,324] Trial 3 finished with value: 0.55 and parameters: {'C': 0.4511058486037652, 'penalty': 'l2'}. Best is trial 0 with value: 0.55.
[I 2026-04-13 13:01:59,351] Trial 4 finished with value: 0.6 and parameters: {'C': 0.014576110093994574, 'penalty': 'l2'}. Best is trial 4 with value: 0.6.
[I 2026-04-13 13:01:59,367] Trial 5 finished with value: 0.6 and parameters: {'C': 0.0011402340906886685, 'penalty': 'l2'}. Best is trial 4 with value: 0.6.
[I 2026-04-13 13:01:59,381] Trial 6 finished with value: 0.55 and parameters: {'C': 0.14201822862985758, 'penalty': 'l2'}. Best is trial 4 with value: 0.6.
[I 2026-04-13 13:01:59,394] Trial 7 finished with value: 0.6 and parameters: {'C': 0.1027440782219989, 'penalty': 'l2'}. Best is trial 4 with value: 0.6.
[I 2026-04-13 13:01:59,409] Trial 8 finished with value: 0.55 and parameters: {'C': 0.41055690122086846, 'penalty': 'l2'}. Best is trial 4 with value: 0.6.
[I 2026-04-13 13:01:59,435] Trial 9 finished with value: 0.55 and parameters: {'C': 0.24658064201770763, 'penalty': 'l2'}. Best is trial 4 with value: 0.6.
[I 2026-04-13 13:01:59,453] Trial 10 finished with value: 0.6 and parameters: {'C': 0.0023928126344862246, 'penalty': 'l2'}. Best is trial 4 with value: 0.6.
[I 2026-04-13 13:01:59,470] Trial 11 finished with value: 0.6 and parameters: {'C': 0.0019570472277589007, 'penalty': 'l2'}. Best is trial 4 with value: 0.6.
[I 2026-04-13 13:01:59,489] Trial 12 finished with value: 0.6 and parameters: {'C': 0.013308786491511194, 'penalty': 'l2'}. Best is trial 4 with value: 0.6.
[I 2026-04-13 13:01:59,508] Trial 13 finished with value: 0.6 and parameters: {'C': 0.014077435259861437, 'penalty': 'l2'}. Best is trial 4 with value: 0.6.
[I 2026-04-13 13:01:59,525] Trial 14 finished with value: 0.65 and parameters: {'C': 0.017479512807521625, 'penalty': 'l2'}. Best is trial 14 with value: 0.65.
[I 2026-04-13 13:01:59,548] Trial 15 finished with value: 0.6 and parameters: {'C': 0.029441759292267836, 'penalty': 'l2'}. Best is trial 14 with value: 0.65.
[I 2026-04-13 13:01:59,577] Trial 16 finished with value: 0.55 and parameters: {'C': 1.722485456831924, 'penalty': 'l2'}. Best is trial 14 with value: 0.65.
[I 2026-04-13 13:01:59,609] Trial 17 finished with value: 0.6 and parameters: {'C': 0.04484986573212862, 'penalty': 'l2'}. Best is trial 14 with value: 0.65.
[I 2026-04-13 13:01:59,631] Trial 18 finished with value: 0.6 and parameters: {'C': 0.0060224825075576045, 'penalty': 'l2'}. Best is trial 14 with value: 0.65.
[I 2026-04-13 13:01:59,673] Trial 19 finished with value: 0.55 and parameters: {'C': 2.3119897940385807, 'penalty': 'l2'}. Best is trial 14 with value: 0.65.
[I 2026-04-13 13:01:59,690] Trial 20 finished with value: 0.6 and parameters: {'C': 0.004410300420442057, 'penalty': 'l2'}. Best is trial 14 with value: 0.65.
[I 2026-04-13 13:01:59,721] Trial 21 finished with value: 0.6 and parameters: {'C': 0.0010847902365662217, 'penalty': 'l2'}. Best is trial 14 with value: 0.65.
[I 2026-04-13 13:01:59,739] Trial 22 finished with value: 0.6 and parameters: {'C': 0.008787852676274355, 'penalty': 'l2'}. Best is trial 14 with value: 0.65.
[I 2026-04-13 13:01:59,766] Trial 23 finished with value: 0.6 and parameters: {'C': 0.033686893396432466, 'penalty': 'l2'}. Best is trial 14 with value: 0.65.
[I 2026-04-13 13:01:59,796] Trial 24 finished with value: 0.6 and parameters: {'C': 0.0010780553434586741, 'penalty': 'l2'}. Best is trial 14 with value: 0.65.
[I 2026-04-13 13:01:59,826] Trial 25 finished with value: 0.6 and parameters: {'C': 0.0033697960277655746, 'penalty': 'l2'}. Best is trial 14 with value: 0.65.
[I 2026-04-13 13:01:59,844] Trial 26 finished with value: 0.6 and parameters: {'C': 0.07316245397373121, 'penalty': 'l2'}. Best is trial 14 with value: 0.65.
[I 2026-04-13 13:01:59,861] Trial 27 finished with value: 0.6 and parameters: {'C': 0.011098244557487572, 'penalty': 'l2'}. Best is trial 14 with value: 0.65.
[I 2026-04-13 13:01:59,884] Trial 28 finished with value: 0.6 and parameters: {'C': 0.029434059060519695, 'penalty': 'l2'}. Best is trial 14 with value: 0.65.
[I 2026-04-13 13:01:59,917] Trial 29 finished with value: 0.55 and parameters: {'C': 1.1356754541624303, 'penalty': 'l2'}. Best is trial 14 with value: 0.65.
[I 2026-04-13 13:01:59,958] A new study created in memory with name: knn
[I 2026-04-13 13:01:59,973] Trial 0 finished with value: 0.6 and parameters: {'n_neighbors': 9, 'leaf_size': 40, 'p': 1}. Best is trial 0 with value: 0.6.
[I 2026-04-13 13:01:59,987] Trial 1 finished with value: 0.5 and parameters: {'n_neighbors': 4, 'leaf_size': 20, 'p': 1}. Best is trial 0 with value: 0.6.
[I 2026-04-13 13:02:00,002] Trial 2 finished with value: 0.55 and parameters: {'n_neighbors': 7, 'leaf_size': 30, 'p': 1}. Best is trial 0 with value: 0.6.
[I 2026-04-13 13:02:00,016] Trial 3 finished with value: 0.6 and parameters: {'n_neighbors': 9, 'leaf_size': 34, 'p': 1}. Best is trial 0 with value: 0.6.
[I 2026-04-13 13:02:00,030] Trial 4 finished with value: 0.5 and parameters: {'n_neighbors': 5, 'leaf_size': 40, 'p': 1}. Best is trial 0 with value: 0.6.
[I 2026-04-13 13:02:00,044] Trial 5 finished with value: 0.5 and parameters: {'n_neighbors': 3, 'leaf_size': 40, 'p': 2}. Best is trial 0 with value: 0.6.
[I 2026-04-13 13:02:00,058] Trial 6 finished with value: 0.5 and parameters: {'n_neighbors': 3, 'leaf_size': 24, 'p': 2}. Best is trial 0 with value: 0.6.
[I 2026-04-13 13:02:00,071] Trial 7 finished with value: 0.5 and parameters: {'n_neighbors': 5, 'leaf_size': 40, 'p': 2}. Best is trial 0 with value: 0.6.
[I 2026-04-13 13:02:00,084] Trial 8 finished with value: 0.55 and parameters: {'n_neighbors': 6, 'leaf_size': 36, 'p': 1}. Best is trial 0 with value: 0.6.
[I 2026-04-13 13:02:00,099] Trial 9 finished with value: 0.55 and parameters: {'n_neighbors': 6, 'leaf_size': 25, 'p': 1}. Best is trial 0 with value: 0.6.
[I 2026-04-13 13:02:00,121] Trial 10 finished with value: 0.5 and parameters: {'n_neighbors': 10, 'leaf_size': 32, 'p': 2}. Best is trial 0 with value: 0.6.
[I 2026-04-13 13:02:00,145] Trial 11 finished with value: 0.6 and parameters: {'n_neighbors': 9, 'leaf_size': 35, 'p': 1}. Best is trial 0 with value: 0.6.
[I 2026-04-13 13:02:00,174] Trial 12 finished with value: 0.6 and parameters: {'n_neighbors': 8, 'leaf_size': 35, 'p': 1}. Best is trial 0 with value: 0.6.
[I 2026-04-13 13:02:00,198] Trial 13 finished with value: 0.5 and parameters: {'n_neighbors': 10, 'leaf_size': 31, 'p': 1}. Best is trial 0 with value: 0.6.
[I 2026-04-13 13:02:00,237] Trial 14 finished with value: 0.6 and parameters: {'n_neighbors': 8, 'leaf_size': 37, 'p': 1}. Best is trial 0 with value: 0.6.
[I 2026-04-13 13:02:00,260] Trial 15 finished with value: 0.6 and parameters: {'n_neighbors': 9, 'leaf_size': 28, 'p': 1}. Best is trial 0 with value: 0.6.
[I 2026-04-13 13:02:00,285] Trial 16 finished with value: 0.6 and parameters: {'n_neighbors': 8, 'leaf_size': 34, 'p': 1}. Best is trial 0 with value: 0.6.
[I 2026-04-13 13:02:00,310] Trial 17 finished with value: 0.6 and parameters: {'n_neighbors': 9, 'leaf_size': 38, 'p': 1}. Best is trial 0 with value: 0.6.
[I 2026-04-13 13:02:00,332] Trial 18 finished with value: 0.7 and parameters: {'n_neighbors': 7, 'leaf_size': 33, 'p': 2}. Best is trial 18 with value: 0.7.
[I 2026-04-13 13:02:00,357] Trial 19 finished with value: 0.7 and parameters: {'n_neighbors': 7, 'leaf_size': 28, 'p': 2}. Best is trial 18 with value: 0.7.
[I 2026-04-13 13:02:00,387] Trial 20 finished with value: 0.7 and parameters: {'n_neighbors': 7, 'leaf_size': 27, 'p': 2}. Best is trial 18 with value: 0.7.
[I 2026-04-13 13:02:00,412] Trial 21 finished with value: 0.7 and parameters: {'n_neighbors': 7, 'leaf_size': 28, 'p': 2}. Best is trial 18 with value: 0.7.
[I 2026-04-13 13:02:00,448] Trial 22 finished with value: 0.7 and parameters: {'n_neighbors': 7, 'leaf_size': 26, 'p': 2}. Best is trial 18 with value: 0.7.
[I 2026-04-13 13:02:00,470] Trial 23 finished with value: 0.65 and parameters: {'n_neighbors': 6, 'leaf_size': 23, 'p': 2}. Best is trial 18 with value: 0.7.
[I 2026-04-13 13:02:00,495] Trial 24 finished with value: 0.5 and parameters: {'n_neighbors': 5, 'leaf_size': 29, 'p': 2}. Best is trial 18 with value: 0.7.
[I 2026-04-13 13:02:00,520] Trial 25 finished with value: 0.7 and parameters: {'n_neighbors': 7, 'leaf_size': 26, 'p': 2}. Best is trial 18 with value: 0.7.
[I 2026-04-13 13:02:00,544] Trial 26 finished with value: 0.75 and parameters: {'n_neighbors': 8, 'leaf_size': 32, 'p': 2}. Best is trial 26 with value: 0.75.
[I 2026-04-13 13:02:00,569] Trial 27 finished with value: 0.75 and parameters: {'n_neighbors': 8, 'leaf_size': 32, 'p': 2}. Best is trial 26 with value: 0.75.
[I 2026-04-13 13:02:00,594] Trial 28 finished with value: 0.75 and parameters: {'n_neighbors': 8, 'leaf_size': 32, 'p': 2}. Best is trial 26 with value: 0.75.
[I 2026-04-13 13:02:00,630] Trial 29 finished with value: 0.75 and parameters: {'n_neighbors': 8, 'leaf_size': 32, 'p': 2}. Best is trial 26 with value: 0.75.
[I 2026-04-13 13:02:00,691] A new study created in memory with name: xgb
[I 2026-04-13 13:02:00,715] Trial 0 finished with value: 0.55 and parameters: {'n_estimators': 40, 'max_depth': 5, 'gamma': 0.4874219364632415, 'subsample': 0.7011756800186824, 'colsample_bytree': 0.7613373356762848}. Best is trial 0 with value: 0.55.
[I 2026-04-13 13:02:00,752] Trial 1 finished with value: 0.6 and parameters: {'n_estimators': 40, 'max_depth': 5, 'gamma': 0.483482593428573, 'subsample': 0.6445375140090439, 'colsample_bytree': 0.9869276206002231}. Best is trial 1 with value: 0.6.
[I 2026-04-13 13:02:00,779] Trial 2 finished with value: 0.55 and parameters: {'n_estimators': 10, 'max_depth': 5, 'gamma': 0.16384856027517886, 'subsample': 0.6123849694840227, 'colsample_bytree': 0.6968174574718025}. Best is trial 1 with value: 0.6.
