[I 2026-04-13 13:04:24,221] Trial 0 finished with value: 0.95 and parameters: {'n_estimators': 40, 'max_depth': 5, 'gamma': 0.4874219364632415, 'subsample': 0.7011756800186824, 'colsample_bytree': 0.7613373356762848}. Best is trial 0 with value: 0.95.
[I 2026-04-13 13:04:24,248] Trial 1 finished with value: 0.95 and parameters: {'n_estimators': 40, 'max_depth': 5, 'gamma': 0.483482593428573, 'subsample': 0.6445375140090439, 'colsample_bytree': 0.9869276206002231}. Best is trial 0 with value: 0.95.
[I 2026-04-13 13:04:24,276] Trial 2 finished with value: 1.0 and parameters: {'n_estimators': 10, 'max_depth': 5, 'gamma': 0.16384856027517886, 'subsample': 0.6123849694840227, 'colsample_bytree': 0.6968174574718025}. Best is trial 2 with value: 1.0.
[I 2026-04-13 13:04:24,314] Trial 3 finished with value: 0.95 and parameters: {'n_estimators': 100, 'max_depth': 30, 'gamma': 0.7877441182293641, 'subsample': 0.9694019566553859, 'colsample_bytree': 0.6598448982335139}. Best is trial 2 with value: 1.0.
[I 2026-04-13 13:04:24,353] Trial 4 finished with value: 0.95 and parameters: {'n_estimators': 100, 'max_depth': 5, 'gamma': 0.816017102586079, 'subsample': 0.5160040782128984, 'colsample_bytree': 0.7277239110529665}. Best is trial 2 with value: 1.0.
[I 2026-04-13 13:04:24,381] Trial 5 finished with value: 0.95 and parameters: {'n_estimators': 40, 'max_depth': 20, 'gamma': 0.6643500821697236, 'subsample': 0.6076588997363731, 'colsample_bytree': 0.5754850538287481}. Best is trial 2 with value: 1.0.
[I 2026-04-13 13:04:24,420] Trial 6 finished with value: 0.95 and parameters: {'n_estimators': 100, 'max_depth': 20, 'gamma': 0.6361752212866232, 'subsample': 0.8309913561372338, 'colsample_bytree': 0.7552902276266351}. Best is trial 2 with value: 1.0.
[I 2026-04-13 13:04:24,445] Trial 7 finished with value: 0.95 and parameters: {'n_estimators': 10, 'max_depth': 5, 'gamma': 0.5767347850317142, 'subsample': 0.7995431264700696, 'colsample_bytree': 0.8604622333437917}. Best is trial 2 with value: 1.0.
[I 2026-04-13 13:04:24,484] Trial 8 finished with value: 0.95 and parameters: {'n_estimators': 100, 'max_depth': 20, 'gamma': 0.8470554948938058, 'subsample': 0.860339005739911, 'colsample_bytree': 0.9331308414408237}. Best is trial 2 with value: 1.0.
[I 2026-04-13 13:04:24,519] Trial 9 finished with value: 0.95 and parameters: {'n_estimators': 100, 'max_depth': 30, 'gamma': 0.574951454577921, 'subsample': 0.9696020680119358, 'colsample_bytree': 0.8616917074936369}. Best is trial 2 with value: 1.0.
[I 2026-04-13 13:04:24,569] Trial 10 finished with value: 0.95 and parameters: {'n_estimators': 10, 'max_depth': 5, 'gamma': 0.11769208758613511, 'subsample': 0.5220288164053076, 'colsample_bytree': 0.525322130410742}. Best is trial 2 with value: 1.0.
[I 2026-04-13 13:04:24,610] Trial 11 finished with value: 0.95 and parameters: {'n_estimators': 40, 'max_depth': 5, 'gamma': 0.2522501431013463, 'subsample': 0.682912074669807, 'colsample_bytree': 0.719094254519013}. Best is trial 2 with value: 1.0.
[I 2026-04-13 13:04:24,651] Trial 12 finished with value: 0.95 and parameters: {'n_estimators': 10, 'max_depth': 5, 'gamma': 0.36282255496875715, 'subsample': 0.7275581808666991, 'colsample_bytree': 0.6286060146364043}. Best is trial 2 with value: 1.0.
[I 2026-04-13 13:04:24,693] Trial 13 finished with value: 0.95 and parameters: {'n_estimators': 10, 'max_depth': 5, 'gamma': 0.9860811123583495, 'subsample': 0.5923971489628584, 'colsample_bytree': 0.8055254239293904}. Best is trial 2 with value: 1.0.
[I 2026-04-13 13:04:24,736] Trial 14 finished with value: 0.95 and parameters: {'n_estimators': 40, 'max_depth': 30, 'gamma': 0.12193216805972021, 'subsample': 0.7330410505016057, 'colsample_bytree': 0.6551970019087305}. Best is trial 2 with value: 1.0.
[I 2026-04-13 13:04:24,778] Trial 15 finished with value: 0.95 and parameters: {'n_estimators': 10, 'max_depth': 5, 'gamma': 0.36957352906270247, 'subsample': 0.5815714839961714, 'colsample_bytree': 0.7867578317594385}. Best is trial 2 with value: 1.0.
[I 2026-04-13 13:04:24,844] Trial 16 finished with value: 0.95 and parameters: {'n_estimators': 40, 'max_depth': 5, 'gamma': 0.30733455713236996, 'subsample': 0.6914405437858181, 'colsample_bytree': 0.6927264529540001}. Best is trial 2 with value: 1.0.
[I 2026-04-13 13:04:24,884] Trial 17 finished with value: 0.95 and parameters: {'n_estimators': 40, 'max_depth': 5, 'gamma': 0.4504100802565899, 'subsample': 0.7682008623427712, 'colsample_bytree': 0.594705873679178}. Best is trial 2 with value: 1.0.
[I 2026-04-13 13:04:24,915] Trial 18 finished with value: 0.95 and parameters: {'n_estimators': 10, 'max_depth': 30, 'gamma': 0.2128903010212823, 'subsample': 0.8902649886973554, 'colsample_bytree': 0.8429328219240109}. Best is trial 2 with value: 1.0.
[I 2026-04-13 13:04:24,950] Trial 19 finished with value: 0.95 and parameters: {'n_estimators': 40, 'max_depth': 20, 'gamma': 0.46199437421881107, 'subsample': 0.6527801439663558, 'colsample_bytree': 0.9085903895749211}. Best is trial 2 with value: 1.0.
[I 2026-04-13 13:04:24,998] Trial 20 finished with value: 0.95 and parameters: {'n_estimators': 10, 'max_depth': 5, 'gamma': 0.6911292358611623, 'subsample': 0.5647055328831523, 'colsample_bytree': 0.7752347193590999}. Best is trial 2 with value: 1.0.
[I 2026-04-13 13:04:25,049] Trial 21 finished with value: 0.95 and parameters: {'n_estimators': 40, 'max_depth': 5, 'gamma': 0.4194363813764262, 'subsample': 0.6254085126022727, 'colsample_bytree': 0.9549710102209729}. Best is trial 2 with value: 1.0.
[I 2026-04-13 13:04:25,088] Trial 22 finished with value: 0.95 and parameters: {'n_estimators': 40, 'max_depth': 5, 'gamma': 0.4988414648853049, 'subsample': 0.6591395819398808, 'colsample_bytree': 0.9858456791626717}. Best is trial 2 with value: 1.0.
[I 2026-04-13 13:04:25,127] Trial 23 finished with value: 0.95 and parameters: {'n_estimators': 40, 'max_depth': 5, 'gamma': 0.22484706403722549, 'subsample': 0.7054124262037222, 'colsample_bytree': 0.8256856178067217}. Best is trial 2 with value: 1.0.
[I 2026-04-13 13:04:25,166] Trial 24 finished with value: 0.95 and parameters: {'n_estimators': 40, 'max_depth': 5, 'gamma': 0.32026501253832773, 'subsample': 0.6387176859167518, 'colsample_bytree': 0.5090890686417295}. Best is trial 2 with value: 1.0.
[I 2026-04-13 13:04:25,201] Trial 25 finished with value: 0.95 and parameters: {'n_estimators': 40, 'max_depth': 5, 'gamma': 0.5467010571328871, 'subsample': 0.5496380986077467, 'colsample_bytree': 0.8913847672099122}. Best is trial 2 with value: 1.0.
[I 2026-04-13 13:04:25,241] Trial 26 finished with value: 0.95 and parameters: {'n_estimators': 10, 'max_depth': 5, 'gamma': 0.7497480168324944, 'subsample': 0.7673465446870378, 'colsample_bytree': 0.7030173696738627}. Best is trial 2 with value: 1.0.
[I 2026-04-13 13:04:25,279] Trial 27 finished with value: 0.95 and parameters: {'n_estimators': 40, 'max_depth': 5, 'gamma': 0.9257952215601297, 'subsample': 0.672450591661595, 'colsample_bytree': 0.5675569752612293}. Best is trial 2 with value: 1.0.
[I 2026-04-13 13:04:25,313] Trial 28 finished with value: 0.95 and parameters: {'n_estimators': 40, 'max_depth': 20, 'gamma': 0.1827171048350219, 'subsample': 0.6231085492204035, 'colsample_bytree': 0.9944327254927892}. Best is trial 2 with value: 1.0.
[I 2026-04-13 13:04:25,354] Trial 29 finished with value: 0.95 and parameters: {'n_estimators': 10, 'max_depth': 30, 'gamma': 0.5137907197740732, 'subsample': 0.899672791062657, 'colsample_bytree': 0.6688137817165698}. Best is trial 2 with value: 1.0.
[I 2026-04-13 13:04:25,479] A new study created in memory with name: rf
[I 2026-04-13 13:04:26,097] Trial 0 finished with value: 1.0 and parameters: {'n_estimators': 450, 'max_depth': 20, 'min_samples_split': 9, 'min_samples_leaf': 6}. Best is trial 0 with value: 1.0.
[I 2026-04-13 13:04:26,374] Trial 1 finished with value: 1.0 and parameters: {'n_estimators': 193, 'max_depth': 3, 'min_samples_split': 5, 'min_samples_leaf': 5}. Best is trial 0 with value: 1.0.
[I 2026-04-13 13:04:26,782] Trial 2 finished with value: 1.0 and parameters: {'n_estimators': 309, 'max_depth': 11, 'min_samples_split': 6, 'min_samples_leaf': 6}. Best is trial 0 with value: 1.0.
[I 2026-04-13 13:04:27,342] Trial 3 finished with value: 1.0 and parameters: {'n_estimators': 405, 'max_depth': 15, 'min_samples_split': 7, 'min_samples_leaf': 5}. Best is trial 0 with value: 1.0.
[I 2026-04-13 13:04:27,641] Trial 4 finished with value: 1.0 and parameters: {'n_estimators': 215, 'max_depth': 20, 'min_samples_split': 5, 'min_samples_leaf': 3}. Best is trial 0 with value: 1.0.
[I 2026-04-13 13:04:27,837] Trial 5 finished with value: 1.0 and parameters: {'n_estimators': 126, 'max_depth': 20, 'min_samples_split': 3, 'min_samples_leaf': 4}. Best is trial 0 with value: 1.0.
[I 2026-04-13 13:04:28,025] Trial 6 finished with value: 0.5 and parameters: {'n_estimators': 128, 'max_depth': 7, 'min_samples_split': 5, 'min_samples_leaf': 9}. Best is trial 0 with value: 1.0.
[I 2026-04-13 13:04:28,343] Trial 7 finished with value: 1.0 and parameters: {'n_estimators': 238, 'max_depth': 20, 'min_samples_split': 2, 'min_samples_leaf': 4}. Best is trial 0 with value: 1.0.
[I 2026-04-13 13:04:28,671] Trial 8 finished with value: 1.0 and parameters: {'n_estimators': 252, 'max_depth': 16, 'min_samples_split': 10, 'min_samples_leaf': 4}. Best is trial 0 with value: 1.0.
[I 2026-04-13 13:04:29,000] Trial 9 finished with value: 0.6 and parameters: {'n_estimators': 273, 'max_depth': 7, 'min_samples_split': 9, 'min_samples_leaf': 7}. Best is trial 0 with value: 1.0.
[I 2026-04-13 13:04:29,686] Trial 10 finished with value: 0.5 and parameters: {'n_estimators': 498, 'max_depth': 15, 'min_samples_split': 8, 'min_samples_leaf': 10}. Best is trial 0 with value: 1.0.
[I 2026-04-13 13:04:30,187] Trial 11 finished with value: 1.0 and parameters: {'n_estimators': 380, 'max_depth': 4, 'min_samples_split': 4, 'min_samples_leaf': 1}. Best is trial 0 with value: 1.0.
[I 2026-04-13 13:04:30,841] Trial 12 finished with value: 0.5 and parameters: {'n_estimators': 498, 'max_depth': 3, 'min_samples_split': 7, 'min_samples_leaf': 7}. Best is trial 0 with value: 1.0.
[I 2026-04-13 13:04:31,333] Trial 13 finished with value: 0.5 and parameters: {'n_estimators': 362, 'max_depth': 11, 'min_samples_split': 10, 'min_samples_leaf': 8}. Best is trial 0 with value: 1.0.
[I 2026-04-13 13:04:31,635] Trial 14 finished with value: 1.0 and parameters: {'n_estimators': 185, 'max_depth': 6, 'min_samples_split': 8, 'min_samples_leaf': 1}. Best is trial 0 with value: 1.0.
[I 2026-04-13 13:04:32,223] Trial 15 finished with value: 1.0 and parameters: {'n_estimators': 436, 'max_depth': 9, 'min_samples_split': 5, 'min_samples_leaf': 6}. Best is trial 0 with value: 1.0.
[I 2026-04-13 13:04:32,670] Trial 16 finished with value: 1.0 and parameters: {'n_estimators': 320, 'max_depth': 17, 'min_samples_split': 7, 'min_samples_leaf': 3}. Best is trial 0 with value: 1.0.
[I 2026-04-13 13:04:32,965] Trial 17 finished with value: 0.6 and parameters: {'n_estimators': 177, 'max_depth': 12, 'min_samples_split': 3, 'min_samples_leaf': 7}. Best is trial 0 with value: 1.0.
[I 2026-04-13 13:04:33,575] Trial 18 finished with value: 1.0 and parameters: {'n_estimators': 460, 'max_depth': 13, 'min_samples_split': 9, 'min_samples_leaf': 5}. Best is trial 0 with value: 1.0.
[I 2026-04-13 13:04:33,868] Trial 19 finished with value: 1.0 and parameters: {'n_estimators': 158, 'max_depth': 18, 'min_samples_split': 6, 'min_samples_leaf': 2}. Best is trial 0 with value: 1.0.
[I 2026-04-13 13:04:34,365] Trial 20 finished with value: 0.5 and parameters: {'n_estimators': 334, 'max_depth': 9, 'min_samples_split': 4, 'min_samples_leaf': 8}. Best is trial 0 with value: 1.0.
[I 2026-04-13 13:04:34,739] Trial 21 finished with value: 1.0 and parameters: {'n_estimators': 304, 'max_depth': 10, 'min_samples_split': 6, 'min_samples_leaf': 6}. Best is trial 0 with value: 1.0.
[I 2026-04-13 13:04:35,119] Trial 22 finished with value: 1.0 and parameters: {'n_estimators': 270, 'max_depth': 13, 'min_samples_split': 6, 'min_samples_leaf': 6}. Best is trial 0 with value: 1.0.
[I 2026-04-13 13:04:35,418] Trial 23 finished with value: 1.0 and parameters: {'n_estimators': 211, 'max_depth': 4, 'min_samples_split': 4, 'min_samples_leaf': 5}. Best is trial 0 with value: 1.0.
[I 2026-04-13 13:04:35,942] Trial 24 finished with value: 0.5 and parameters: {'n_estimators': 349, 'max_depth': 6, 'min_samples_split': 8, 'min_samples_leaf': 8}. Best is trial 0 with value: 1.0.
[I 2026-04-13 13:04:36,506] Trial 25 finished with value: 1.0 and parameters: {'n_estimators': 423, 'max_depth': 18, 'min_samples_split': 5, 'min_samples_leaf': 6}. Best is trial 0 with value: 1.0.
[I 2026-04-13 13:04:37,072] Trial 26 finished with value: 0.8 and parameters: {'n_estimators': 390, 'max_depth': 8, 'min_samples_split': 7, 'min_samples_leaf': 7}. Best is trial 0 with value: 1.0.
[I 2026-04-13 13:04:37,446] Trial 27 finished with value: 1.0 and parameters: {'n_estimators': 290, 'max_depth': 14, 'min_samples_split': 9, 'min_samples_leaf': 5}. Best is trial 0 with value: 1.0.
[I 2026-04-13 13:04:38,061] Trial 28 finished with value: 1.0 and parameters: {'n_estimators': 462, 'max_depth': 11, 'min_samples_split': 6, 'min_samples_leaf': 4}. Best is trial 0 with value: 1.0.
[I 2026-04-13 13:04:38,244] Trial 29 finished with value: 1.0 and parameters: {'n_estimators': 103, 'max_depth': 5, 'min_samples_split': 6, 'min_samples_leaf': 5}. Best is trial 0 with value: 1.0.
[I 2026-04-13 13:04:39,291] A new study created in memory with name: mlp
[I 2026-04-13 13:04:39,357] Trial 0 finished with value: 1.0 and parameters: {'hidden_layer_sizes': (200,), 'max_iter': 50, 'alpha': 0.001}. Best is trial 0 with value: 1.0.
[I 2026-04-13 13:04:39,429] Trial 1 finished with value: 1.0 and parameters: {'hidden_layer_sizes': (200,), 'max_iter': 50, 'alpha': 0.0001}. Best is trial 0 with value: 1.0.
[I 2026-04-13 13:04:39,488] Trial 2 finished with value: 1.0 and parameters: {'hidden_layer_sizes': (100,), 'max_iter': 50, 'alpha': 0.0001}. Best is trial 0 with value: 1.0.
[I 2026-04-13 13:04:39,546] Trial 3 finished with value: 1.0 and parameters: {'hidden_layer_sizes': (100,), 'max_iter': 100, 'alpha': 0.001}. Best is trial 0 with value: 1.0.
[I 2026-04-13 13:04:39,591] Trial 4 finished with value: 1.0 and parameters: {'hidden_layer_sizes': (200,), 'max_iter': 100, 'alpha': 0.001}. Best is trial 0 with value: 1.0.
[I 2026-04-13 13:04:39,638] Trial 5 finished with value: 1.0 and parameters: {'hidden_layer_sizes': (200,), 'max_iter': 50, 'alpha': 0.001}. Best is trial 0 with value: 1.0.
[I 2026-04-13 13:04:39,694] Trial 6 finished with value: 1.0 and parameters: {'hidden_layer_sizes': (100,), 'max_iter': 100, 'alpha': 0.0001}. Best is trial 0 with value: 1.0.
[I 2026-04-13 13:04:39,751] Trial 7 finished with value: 1.0 and parameters: {'hidden_layer_sizes': (100, 100), 'max_iter': 50, 'alpha': 0.0001}. Best is trial 0 with value: 1.0.
[I 2026-04-13 13:04:39,807] Trial 8 finished with value: 1.0 and parameters: {'hidden_layer_sizes': (100, 100), 'max_iter': 100, 'alpha': 0.0001}. Best is trial 0 with value: 1.0.
[I 2026-04-13 13:04:39,863] Trial 9 finished with value: 1.0 and parameters: {'hidden_layer_sizes': (100,), 'max_iter': 50, 'alpha': 0.001}. Best is trial 0 with value: 1.0.
[I 2026-04-13 13:04:39,930] Trial 10 finished with value: 1.0 and parameters: {'hidden_layer_sizes': (200,), 'max_iter': 50, 'alpha': 0.001}. Best is trial 0 with value: 1.0.
[I 2026-04-13 13:04:39,978] Trial 11 finished with value: 1.0 and parameters: {'hidden_layer_sizes': (200,), 'max_iter': 50, 'alpha': 0.0001}. Best is trial 0 with value: 1.0.
[I 2026-04-13 13:04:40,026] Trial 12 finished with value: 1.0 and parameters: {'hidden_layer_sizes': (200,), 'max_iter': 50, 'alpha': 0.0001}. Best is trial 0 with value: 1.0.
[I 2026-04-13 13:04:40,072] Trial 13 finished with value: 1.0 and parameters: {'hidden_layer_sizes': (200,), 'max_iter': 50, 'alpha': 0.001}. Best is trial 0 with value: 1.0.
[I 2026-04-13 13:04:40,129] Trial 14 finished with value: 1.0 and parameters: {'hidden_layer_sizes': (200,), 'max_iter': 50, 'alpha': 0.001}. Best is trial 0 with value: 1.0.
[I 2026-04-13 13:04:40,175] Trial 15 finished with value: 1.0 and parameters: {'hidden_layer_sizes': (200,), 'max_iter': 50, 'alpha': 0.0001}. Best is trial 0 with value: 1.0.
[I 2026-04-13 13:04:40,222] Trial 16 finished with value: 1.0 and parameters: {'hidden_layer_sizes': (100, 100), 'max_iter': 50, 'alpha': 0.0001}. Best is trial 0 with value: 1.0.
[I 2026-04-13 13:04:40,272] Trial 17 finished with value: 1.0 and parameters: {'hidden_layer_sizes': (200,), 'max_iter': 50, 'alpha': 0.001}. Best is trial 0 with value: 1.0.
[I 2026-04-13 13:04:40,321] Trial 18 finished with value: 1.0 and parameters: {'hidden_layer_sizes': (200,), 'max_iter': 100, 'alpha': 0.0001}. Best is trial 0 with value: 1.0.
[I 2026-04-13 13:04:40,369] Trial 19 finished with value: 1.0 and parameters: {'hidden_layer_sizes': (100, 100), 'max_iter': 50, 'alpha': 0.001}. Best is trial 0 with value: 1.0.
[I 2026-04-13 13:04:40,425] Trial 20 finished with value: 1.0 and parameters: {'hidden_layer_sizes': (200,), 'max_iter': 50, 'alpha': 0.0001}. Best is trial 0 with value: 1.0.
[I 2026-04-13 13:04:40,465] Trial 21 finished with value: 1.0 and parameters: {'hidden_layer_sizes': (100,), 'max_iter': 50, 'alpha': 0.0001}. Best is trial 0 with value: 1.0.
[I 2026-04-13 13:04:40,505] Trial 22 finished with value: 1.0 and parameters: {'hidden_layer_sizes': (100,), 'max_iter': 50, 'alpha': 0.0001}. Best is trial 0 with value: 1.0.
[I 2026-04-13 13:04:40,560] Trial 23 finished with value: 1.0 and parameters: {'hidden_layer_sizes': (100,), 'max_iter': 50, 'alpha': 0.0001}. Best is trial 0 with value: 1.0.
[I 2026-04-13 13:04:40,617] Trial 24 finished with value: 1.0 and parameters: {'hidden_layer_sizes': (100,), 'max_iter': 50, 'alpha': 0.0001}. Best is trial 0 with value: 1.0.
[I 2026-04-13 13:04:40,662] Trial 25 finished with value: 1.0 and parameters: {'hidden_layer_sizes': (100,), 'max_iter': 50, 'alpha': 0.0001}. Best is trial 0 with value: 1.0.
[I 2026-04-13 13:04:40,707] Trial 26 finished with value: 1.0 and parameters: {'hidden_layer_sizes': (200,), 'max_iter': 100, 'alpha': 0.001}. Best is trial 0 with value: 1.0.
[I 2026-04-13 13:04:40,757] Trial 27 finished with value: 1.0 and parameters: {'hidden_layer_sizes': (200,), 'max_iter': 50, 'alpha': 0.0001}. Best is trial 0 with value: 1.0.
[I 2026-04-13 13:04:40,813] Trial 28 finished with value: 1.0 and parameters: {'hidden_layer_sizes': (100, 100), 'max_iter': 50, 'alpha': 0.001}. Best is trial 0 with value: 1.0.
[I 2026-04-13 13:04:40,872] Trial 29 finished with value: 1.0 and parameters: {'hidden_layer_sizes': (100,), 'max_iter': 100, 'alpha': 0.001}. Best is trial 0 with value: 1.0.
[I 2026-04-13 13:04:41,045] A new study created in memory with name: naive_bayes
[I 2026-04-13 13:04:41,080] Trial 0 finished with value: 1.0 and parameters: {'var_smoothing': 5.582886587978182e-09}. Best is trial 0 with value: 1.0.
[I 2026-04-13 13:04:41,093] Trial 1 finished with value: 1.0 and parameters: {'var_smoothing': 8.651299071518215e-09}. Best is trial 0 with value: 1.0.
[I 2026-04-13 13:04:41,105] Trial 2 finished with value: 1.0 and parameters: {'var_smoothing': 5.475062490474489e-09}. Best is trial 0 with value: 1.0.
[I 2026-04-13 13:04:41,117] Trial 3 finished with value: 1.0 and parameters: {'var_smoothing': 1.1526869678723134e-09}. Best is trial 0 with value: 1.0.
[I 2026-04-13 13:04:41,131] Trial 4 finished with value: 1.0 and parameters: {'var_smoothing': 2.920496270341785e-10}. Best is trial 0 with value: 1.0.
[I 2026-04-13 13:04:41,145] Trial 5 finished with value: 1.0 and parameters: {'var_smoothing': 1.0538956417705805e-10}. Best is trial 0 with value: 1.0.
[I 2026-04-13 13:04:41,159] Trial 6 finished with value: 1.0 and parameters: {'var_smoothing': 7.260016982331591e-10}. Best is trial 0 with value: 1.0.
[I 2026-04-13 13:04:41,173] Trial 7 finished with value: 1.0 and parameters: {'var_smoothing': 6.378267364653917e-10}. Best is trial 0 with value: 1.0.
[I 2026-04-13 13:04:41,186] Trial 8 finished with value: 1.0 and parameters: {'var_smoothing': 1.1100673847791952e-09}. Best is trial 0 with value: 1.0.
[I 2026-04-13 13:04:41,200] Trial 9 finished with value: 1.0 and parameters: {'var_smoothing': 9.052813879088377e-10}. Best is trial 0 with value: 1.0.
[I 2026-04-13 13:04:41,219] Trial 10 finished with value: 1.0 and parameters: {'var_smoothing': 3.20543606083287e-09}. Best is trial 0 with value: 1.0.
[I 2026-04-13 13:04:41,239] Trial 11 finished with value: 1.0 and parameters: {'var_smoothing': 8.433965140342417e-09}. Best is trial 0 with value: 1.0.
[I 2026-04-13 13:04:41,257] Trial 12 finished with value: 1.0 and parameters: {'var_smoothing': 2.860874278982245e-09}. Best is trial 0 with value: 1.0.
[I 2026-04-13 13:04:41,287] Trial 13 finished with value: 1.0 and parameters: {'var_smoothing': 9.270349036178526e-09}. Best is trial 0 with value: 1.0.
[I 2026-04-13 13:04:41,302] Trial 14 finished with value: 1.0 and parameters: {'var_smoothing': 3.13069447640915e-09}. Best is trial 0 with value: 1.0.
[I 2026-04-13 13:04:41,319] Trial 15 finished with value: 1.0 and parameters: {'var_smoothing': 5.223604886811285e-09}. Best is trial 0 with value: 1.0.
[I 2026-04-13 13:04:41,347] Trial 16 finished with value: 1.0 and parameters: {'var_smoothing': 2.0295724993447026e-09}. Best is trial 0 with value: 1.0.
[I 2026-04-13 13:04:41,362] Trial 17 finished with value: 1.0 and parameters: {'var_smoothing': 5.880433102756661e-09}. Best is trial 0 with value: 1.0.
[I 2026-04-13 13:04:41,379] Trial 18 finished with value: 1.0 and parameters: {'var_smoothing': 1.6980964875204416e-09}. Best is trial 0 with value: 1.0.
