[I 2026-04-13 13:05:41,029] Trial 29 finished with value: 0.6 and parameters: {'var_smoothing': 7.269335675459183e-10}. Best is trial 1 with value: 0.6.



>>> Optuna tuning rf metodo k-center IPC 10 seed 8


Parámetros guardados en /data/home/rtabares/estiven/CorVAE/checkpoint_smoke_test_mlp/k-center/IPC_10/best_models_k-center_seed_8_space_original/rf_best_params.json


>>> Optuna tuning mlp metodo k-center IPC 10 seed 8


Parámetros guardados en /data/home/rtabares/estiven/CorVAE/checkpoint_smoke_test_mlp/k-center/IPC_10/best_models_k-center_seed_8_space_original/mlp_best_params.json


>>> Optuna tuning naive_bayes metodo ag IPC 10 seed 8


Parámetros guardados en /data/home/rtabares/estiven/CorVAE/checkpoint_smoke_test_mlp/ag/IPC_10/best_models_ag_seed_8_space_latent/naive_bayes_best_params.json


>>> Optuna tuning logreg metodo ag IPC 10 seed 8


Parámetros guardados en /data/home/rtabares/estiven/CorVAE/checkpoint_smoke_test_mlp/ag/IPC_10/best_models_ag_seed_8_space_latent/logreg_best_params.json


>>> Optuna tuning knn metodo ag IPC 10 seed 8


Parámetros guardados en /data/home/rtabares/estiven/CorVAE/checkpoint_smoke_test_mlp/ag/IPC_10/best_models_ag_seed_8_space_latent/knn_best_params.json


>>> Optuna tuning xgb metodo ag IPC 10 seed 8


Parámetros guardados en /data/home/rtabares/estiven/CorVAE/checkpoint_smoke_test_mlp/ag/IPC_10/best_models_ag_seed_8_space_latent/xgb_best_params.json


>>> Optuna tuning rf metodo ag IPC 10 seed 8


Parámetros guardados en /data/home/rtabares/estiven/CorVAE/checkpoint_smoke_test_mlp/ag/IPC_10/best_models_ag_seed_8_space_latent/rf_best_params.json


>>> Optuna tuning mlp metodo ag IPC 10 seed 8


Parámetros guardados en /data/home/rtabares/estiven/CorVAE/checkpoint_smoke_test_mlp/ag/IPC_10/best_models_ag_seed_8_space_latent/mlp_best_params.json


>>> Optuna tuning naive_bayes metodo ag IPC 10 seed 8


Parámetros guardados en /data/home/rtabares/estiven/CorVAE/checkpoint_smoke_test_mlp/ag/IPC_10/best_models_ag_seed_8_space_original/naive_bayes_best_params.json


>>> Optuna tuning logreg metodo ag IPC 10 seed 8


Parámetros guardados en /data/home/rtabares/estiven/CorVAE/checkpoint_smoke_test_mlp/ag/IPC_10/best_models_ag_seed_8_space_original/logreg_best_params.json


>>> Optuna tuning knn metodo ag IPC 10 seed 8


Parámetros guardados en /data/home/rtabares/estiven/CorVAE/checkpoint_smoke_test_mlp/ag/IPC_10/best_models_ag_seed_8_space_original/knn_best_params.json


>>> Optuna tuning xgb metodo ag IPC 10 seed 8


Parámetros guardados en /data/home/rtabares/estiven/CorVAE/checkpoint_smoke_test_mlp/ag/IPC_10/best_models_ag_seed_8_space_original/xgb_best_params.json


>>> Optuna tuning rf metodo ag IPC 10 seed 8


Parámetros guardados en /data/home/rtabares/estiven/CorVAE/checkpoint_smoke_test_mlp/ag/IPC_10/best_models_ag_seed_8_space_original/rf_best_params.json


>>> Optuna tuning mlp metodo ag IPC 10 seed 8


Parámetros guardados en /data/home/rtabares/estiven/CorVAE/checkpoint_smoke_test_mlp/ag/IPC_10/best_models_ag_seed_8_space_original/mlp_best_params.json


>>> Optuna tuning naive_bayes metodo lc IPC 10 seed 8


Parámetros guardados en /data/home/rtabares/estiven/CorVAE/checkpoint_smoke_test_mlp/lc/IPC_10/best_models_lc_seed_8_space_latent/naive_bayes_best_params.json


>>> Optuna tuning logreg metodo lc IPC 10 seed 8


Parámetros guardados en /data/home/rtabares/estiven/CorVAE/checkpoint_smoke_test_mlp/lc/IPC_10/best_models_lc_seed_8_space_latent/logreg_best_params.json


>>> Optuna tuning knn metodo lc IPC 10 seed 8


Parámetros guardados en /data/home/rtabares/estiven/CorVAE/checkpoint_smoke_test_mlp/lc/IPC_10/best_models_lc_seed_8_space_latent/knn_best_params.json


>>> Optuna tuning xgb metodo lc IPC 10 seed 8


Parámetros guardados en /data/home/rtabares/estiven/CorVAE/checkpoint_smoke_test_mlp/lc/IPC_10/best_models_lc_seed_8_space_latent/xgb_best_params.json


>>> Optuna tuning rf metodo lc IPC 10 seed 8


Parámetros guardados en /data/home/rtabares/estiven/CorVAE/checkpoint_smoke_test_mlp/lc/IPC_10/best_models_lc_seed_8_space_latent/rf_best_params.json


>>> Optuna tuning mlp metodo lc IPC 10 seed 8


Parámetros guardados en /data/home/rtabares/estiven/CorVAE/checkpoint_smoke_test_mlp/lc/IPC_10/best_models_lc_seed_8_space_latent/mlp_best_params.json


>>> Optuna tuning naive_bayes metodo lc IPC 10 seed 8


Parámetros guardados en /data/home/rtabares/estiven/CorVAE/checkpoint_smoke_test_mlp/lc/IPC_10/best_models_lc_seed_8_space_original/naive_bayes_best_params.json


>>> Optuna tuning logreg metodo lc IPC 10 seed 8


Parámetros guardados en /data/home/rtabares/estiven/CorVAE/checkpoint_smoke_test_mlp/lc/IPC_10/best_models_lc_seed_8_space_original/logreg_best_params.json


>>> Optuna tuning knn metodo lc IPC 10 seed 8


Parámetros guardados en /data/home/rtabares/estiven/CorVAE/checkpoint_smoke_test_mlp/lc/IPC_10/best_models_lc_seed_8_space_original/knn_best_params.json


>>> Optuna tuning xgb metodo lc IPC 10 seed 8


Parámetros guardados en /data/home/rtabares/estiven/CorVAE/checkpoint_smoke_test_mlp/lc/IPC_10/best_models_lc_seed_8_space_original/xgb_best_params.json


>>> Optuna tuning rf metodo lc IPC 10 seed 8


Parámetros guardados en /data/home/rtabares/estiven/CorVAE/checkpoint_smoke_test_mlp/lc/IPC_10/best_models_lc_seed_8_space_original/rf_best_params.json


>>> Optuna tuning mlp metodo lc IPC 10 seed 8


Parámetros guardados en /data/home/rtabares/estiven/CorVAE/checkpoint_smoke_test_mlp/lc/IPC_10/best_models_lc_seed_8_space_original/mlp_best_params.json


>>> Optuna tuning naive_bayes metodo random IPC 10 seed 9


Parámetros guardados en /data/home/rtabares/estiven/CorVAE/checkpoint_smoke_test_mlp/random/IPC_10/best_models_random_seed_9_space_original/naive_bayes_best_params.json


>>> Optuna tuning logreg metodo random IPC 10 seed 9


Parámetros guardados en /data/home/rtabares/estiven/CorVAE/checkpoint_smoke_test_mlp/random/IPC_10/best_models_random_seed_9_space_original/logreg_best_params.json


>>> Optuna tuning knn metodo random IPC 10 seed 9


Parámetros guardados en /data/home/rtabares/estiven/CorVAE/checkpoint_smoke_test_mlp/random/IPC_10/best_models_random_seed_9_space_original/knn_best_params.json


>>> Optuna tuning xgb metodo random IPC 10 seed 9


Parámetros guardados en /data/home/rtabares/estiven/CorVAE/checkpoint_smoke_test_mlp/random/IPC_10/best_models_random_seed_9_space_original/xgb_best_params.json


>>> Optuna tuning rf metodo random IPC 10 seed 9


Parámetros guardados en /data/home/rtabares/estiven/CorVAE/checkpoint_smoke_test_mlp/random/IPC_10/best_models_random_seed_9_space_original/rf_best_params.json


>>> Optuna tuning mlp metodo random IPC 10 seed 9


Parámetros guardados en /data/home/rtabares/estiven/CorVAE/checkpoint_smoke_test_mlp/random/IPC_10/best_models_random_seed_9_space_original/mlp_best_params.json


>>> Optuna tuning naive_bayes metodo k-means IPC 10 seed 9


Parámetros guardados en /data/home/rtabares/estiven/CorVAE/checkpoint_smoke_test_mlp/k-means/IPC_10/best_models_k-means_seed_9_space_latent/naive_bayes_best_params.json


>>> Optuna tuning logreg metodo k-means IPC 10 seed 9


Parámetros guardados en /data/home/rtabares/estiven/CorVAE/checkpoint_smoke_test_mlp/k-means/IPC_10/best_models_k-means_seed_9_space_latent/logreg_best_params.json


>>> Optuna tuning knn metodo k-means IPC 10 seed 9


Parámetros guardados en /data/home/rtabares/estiven/CorVAE/checkpoint_smoke_test_mlp/k-means/IPC_10/best_models_k-means_seed_9_space_latent/knn_best_params.json


>>> Optuna tuning xgb metodo k-means IPC 10 seed 9


Parámetros guardados en /data/home/rtabares/estiven/CorVAE/checkpoint_smoke_test_mlp/k-means/IPC_10/best_models_k-means_seed_9_space_latent/xgb_best_params.json


>>> Optuna tuning rf metodo k-means IPC 10 seed 9


Parámetros guardados en /data/home/rtabares/estiven/CorVAE/checkpoint_smoke_test_mlp/k-means/IPC_10/best_models_k-means_seed_9_space_latent/rf_best_params.json


>>> Optuna tuning mlp metodo k-means IPC 10 seed 9


Parámetros guardados en /data/home/rtabares/estiven/CorVAE/checkpoint_smoke_test_mlp/k-means/IPC_10/best_models_k-means_seed_9_space_latent/mlp_best_params.json


>>> Optuna tuning naive_bayes metodo k-means IPC 10 seed 9


Parámetros guardados en /data/home/rtabares/estiven/CorVAE/checkpoint_smoke_test_mlp/k-means/IPC_10/best_models_k-means_seed_9_space_original/naive_bayes_best_params.json[I 2026-04-13 13:05:41,066] A new study created in memory with name: logreg
[I 2026-04-13 13:05:41,080] Trial 0 finished with value: 0.4 and parameters: {'C': 0.0011268620922535318, 'penalty': 'l2'}. Best is trial 0 with value: 0.4.
[I 2026-04-13 13:05:41,104] Trial 1 finished with value: 0.55 and parameters: {'C': 0.32312678588710475, 'penalty': 'l2'}. Best is trial 1 with value: 0.55.
[I 2026-04-13 13:05:41,129] Trial 2 finished with value: 0.55 and parameters: {'C': 0.3012079745112611, 'penalty': 'l2'}. Best is trial 1 with value: 0.55.
[I 2026-04-13 13:05:41,153] Trial 3 finished with value: 0.4 and parameters: {'C': 0.004668180550042529, 'penalty': 'l2'}. Best is trial 1 with value: 0.55.
[I 2026-04-13 13:05:41,165] Trial 4 finished with value: 0.4 and parameters: {'C': 0.005135177115384908, 'penalty': 'l2'}. Best is trial 1 with value: 0.55.
[I 2026-04-13 13:05:41,189] Trial 5 finished with value: 0.4 and parameters: {'C': 0.01238207351349697, 'penalty': 'l2'}. Best is trial 1 with value: 0.55.
[I 2026-04-13 13:05:41,214] Trial 6 finished with value: 0.55 and parameters: {'C': 0.12374877330306278, 'penalty': 'l2'}. Best is trial 1 with value: 0.55.
[I 2026-04-13 13:05:41,227] Trial 7 finished with value: 0.4 and parameters: {'C': 0.017398261017749217, 'penalty': 'l2'}. Best is trial 1 with value: 0.55.
[I 2026-04-13 13:05:41,259] Trial 8 finished with value: 0.4 and parameters: {'C': 0.002632074973627294, 'penalty': 'l2'}. Best is trial 1 with value: 0.55.
[I 2026-04-13 13:05:41,284] Trial 9 finished with value: 0.4 and parameters: {'C': 0.053394091359671186, 'penalty': 'l2'}. Best is trial 1 with value: 0.55.
[I 2026-04-13 13:05:41,310] Trial 10 finished with value: 0.55 and parameters: {'C': 9.528231497855979, 'penalty': 'l2'}. Best is trial 1 with value: 0.55.
[I 2026-04-13 13:05:41,343] Trial 11 finished with value: 0.5 and parameters: {'C': 1.6062566172635413, 'penalty': 'l2'}. Best is trial 1 with value: 0.55.
[I 2026-04-13 13:05:41,362] Trial 12 finished with value: 0.5 and parameters: {'C': 1.2874726910568237, 'penalty': 'l2'}. Best is trial 1 with value: 0.55.
[I 2026-04-13 13:05:41,381] Trial 13 finished with value: 0.5 and parameters: {'C': 0.5733701729424704, 'penalty': 'l2'}. Best is trial 1 with value: 0.55.
[I 2026-04-13 13:05:41,410] Trial 14 finished with value: 0.55 and parameters: {'C': 15.120040276017736, 'penalty': 'l2'}. Best is trial 1 with value: 0.55.
[I 2026-04-13 13:05:41,437] Trial 15 finished with value: 0.55 and parameters: {'C': 0.2522645130130629, 'penalty': 'l2'}. Best is trial 1 with value: 0.55.
[I 2026-04-13 13:05:41,462] Trial 16 finished with value: 0.5 and parameters: {'C': 3.7693006462440435, 'penalty': 'l2'}. Best is trial 1 with value: 0.55.
[I 2026-04-13 13:05:41,488] Trial 17 finished with value: 0.45 and parameters: {'C': 63.26611529542456, 'penalty': 'l2'}. Best is trial 1 with value: 0.55.
[I 2026-04-13 13:05:41,509] Trial 18 finished with value: 0.35 and parameters: {'C': 0.06992661290805088, 'penalty': 'l2'}. Best is trial 1 with value: 0.55.
[I 2026-04-13 13:05:41,536] Trial 19 finished with value: 0.55 and parameters: {'C': 0.3569380717309879, 'penalty': 'l2'}. Best is trial 1 with value: 0.55.
[I 2026-04-13 13:05:41,567] Trial 20 finished with value: 0.5 and parameters: {'C': 0.92082403872318, 'penalty': 'l2'}. Best is trial 1 with value: 0.55.
[I 2026-04-13 13:05:41,597] Trial 21 finished with value: 0.55 and parameters: {'C': 0.15453411931857106, 'penalty': 'l2'}. Best is trial 1 with value: 0.55.
[I 2026-04-13 13:05:41,628] Trial 22 finished with value: 0.4 and parameters: {'C': 0.08607700568535345, 'penalty': 'l2'}. Best is trial 1 with value: 0.55.
[I 2026-04-13 13:05:41,645] Trial 23 finished with value: 0.4 and parameters: {'C': 0.051620415715521104, 'penalty': 'l2'}. Best is trial 1 with value: 0.55.
[I 2026-04-13 13:05:41,661] Trial 24 finished with value: 0.4 and parameters: {'C': 0.017920877527106447, 'penalty': 'l2'}. Best is trial 1 with value: 0.55.
[I 2026-04-13 13:05:41,692] Trial 25 finished with value: 0.5 and parameters: {'C': 3.0811562685918794, 'penalty': 'l2'}. Best is trial 1 with value: 0.55.
[I 2026-04-13 13:05:41,712] Trial 26 finished with value: 0.55 and parameters: {'C': 0.17255714229744645, 'penalty': 'l2'}. Best is trial 1 with value: 0.55.
[I 2026-04-13 13:05:41,738] Trial 27 finished with value: 0.55 and parameters: {'C': 0.376691425380769, 'penalty': 'l2'}. Best is trial 1 with value: 0.55.
[I 2026-04-13 13:05:41,756] Trial 28 finished with value: 0.4 and parameters: {'C': 0.03431590980628446, 'penalty': 'l2'}. Best is trial 1 with value: 0.55.
[I 2026-04-13 13:05:41,772] Trial 29 finished with value: 0.55 and parameters: {'C': 0.1424743909884423, 'penalty': 'l2'}. Best is trial 1 with value: 0.55.
[I 2026-04-13 13:05:41,805] A new study created in memory with name: knn
[I 2026-04-13 13:05:41,818] Trial 0 finished with value: 0.5 and parameters: {'n_neighbors': 3, 'leaf_size': 30, 'p': 1}. Best is trial 0 with value: 0.5.
[I 2026-04-13 13:05:41,831] Trial 1 finished with value: 0.35 and parameters: {'n_neighbors': 4, 'leaf_size': 24, 'p': 1}. Best is trial 0 with value: 0.5.
[I 2026-04-13 13:05:41,847] Trial 2 finished with value: 0.5 and parameters: {'n_neighbors': 3, 'leaf_size': 27, 'p': 2}. Best is trial 0 with value: 0.5.
[I 2026-04-13 13:05:41,863] Trial 3 finished with value: 0.5 and parameters: {'n_neighbors': 10, 'leaf_size': 20, 'p': 1}. Best is trial 0 with value: 0.5.
[I 2026-04-13 13:05:41,878] Trial 4 finished with value: 0.45 and parameters: {'n_neighbors': 10, 'leaf_size': 34, 'p': 2}. Best is trial 0 with value: 0.5.
[I 2026-04-13 13:05:41,895] Trial 5 finished with value: 0.35 and parameters: {'n_neighbors': 6, 'leaf_size': 34, 'p': 1}. Best is trial 0 with value: 0.5.
[I 2026-04-13 13:05:41,911] Trial 6 finished with value: 0.5 and parameters: {'n_neighbors': 10, 'leaf_size': 36, 'p': 1}. Best is trial 0 with value: 0.5.
[I 2026-04-13 13:05:41,926] Trial 7 finished with value: 0.45 and parameters: {'n_neighbors': 7, 'leaf_size': 39, 'p': 2}. Best is trial 0 with value: 0.5.
[I 2026-04-13 13:05:41,941] Trial 8 finished with value: 0.45 and parameters: {'n_neighbors': 10, 'leaf_size': 23, 'p': 2}. Best is trial 0 with value: 0.5.
[I 2026-04-13 13:05:41,958] Trial 9 finished with value: 0.45 and parameters: {'n_neighbors': 10, 'leaf_size': 35, 'p': 2}. Best is trial 0 with value: 0.5.
[I 2026-04-13 13:05:41,987] Trial 10 finished with value: 0.4 and parameters: {'n_neighbors': 5, 'leaf_size': 30, 'p': 1}. Best is trial 0 with value: 0.5.
[I 2026-04-13 13:05:42,008] Trial 11 finished with value: 0.5 and parameters: {'n_neighbors': 3, 'leaf_size': 28, 'p': 2}. Best is trial 0 with value: 0.5.
[I 2026-04-13 13:05:42,041] Trial 12 finished with value: 0.5 and parameters: {'n_neighbors': 3, 'leaf_size': 28, 'p': 2}. Best is trial 0 with value: 0.5.
[I 2026-04-13 13:05:42,064] Trial 13 finished with value: 0.35 and parameters: {'n_neighbors': 4, 'leaf_size': 26, 'p': 1}. Best is trial 0 with value: 0.5.
[I 2026-04-13 13:05:42,090] Trial 14 finished with value: 0.4 and parameters: {'n_neighbors': 8, 'leaf_size': 30, 'p': 1}. Best is trial 0 with value: 0.5.
[I 2026-04-13 13:05:42,119] Trial 15 finished with value: 0.45 and parameters: {'n_neighbors': 5, 'leaf_size': 31, 'p': 2}. Best is trial 0 with value: 0.5.
[I 2026-04-13 13:05:42,143] Trial 16 finished with value: 0.5 and parameters: {'n_neighbors': 3, 'leaf_size': 25, 'p': 1}. Best is trial 0 with value: 0.5.
[I 2026-04-13 13:05:42,167] Trial 17 finished with value: 0.35 and parameters: {'n_neighbors': 4, 'leaf_size': 20, 'p': 2}. Best is trial 0 with value: 0.5.
[I 2026-04-13 13:05:42,192] Trial 18 finished with value: 0.4 and parameters: {'n_neighbors': 8, 'leaf_size': 32, 'p': 1}. Best is trial 0 with value: 0.5.
[I 2026-04-13 13:05:42,217] Trial 19 finished with value: 0.45 and parameters: {'n_neighbors': 5, 'leaf_size': 40, 'p': 2}. Best is trial 0 with value: 0.5.
[I 2026-04-13 13:05:42,241] Trial 20 finished with value: 0.4 and parameters: {'n_neighbors': 6, 'leaf_size': 27, 'p': 2}. Best is trial 0 with value: 0.5.
[I 2026-04-13 13:05:42,262] Trial 21 finished with value: 0.4 and parameters: {'n_neighbors': 8, 'leaf_size': 20, 'p': 1}. Best is trial 0 with value: 0.5.
[I 2026-04-13 13:05:42,282] Trial 22 finished with value: 0.45 and parameters: {'n_neighbors': 9, 'leaf_size': 23, 'p': 1}. Best is trial 0 with value: 0.5.
[I 2026-04-13 13:05:42,302] Trial 23 finished with value: 0.45 and parameters: {'n_neighbors': 7, 'leaf_size': 22, 'p': 1}. Best is trial 0 with value: 0.5.
[I 2026-04-13 13:05:42,322] Trial 24 finished with value: 0.35 and parameters: {'n_neighbors': 4, 'leaf_size': 32, 'p': 1}. Best is trial 0 with value: 0.5.
[I 2026-04-13 13:05:42,341] Trial 25 finished with value: 0.5 and parameters: {'n_neighbors': 3, 'leaf_size': 28, 'p': 1}. Best is trial 0 with value: 0.5.
[I 2026-04-13 13:05:42,361] Trial 26 finished with value: 0.45 and parameters: {'n_neighbors': 9, 'leaf_size': 22, 'p': 1}. Best is trial 0 with value: 0.5.
[I 2026-04-13 13:05:42,381] Trial 27 finished with value: 0.4 and parameters: {'n_neighbors': 5, 'leaf_size': 26, 'p': 1}. Best is trial 0 with value: 0.5.
[I 2026-04-13 13:05:42,401] Trial 28 finished with value: 0.4 and parameters: {'n_neighbors': 6, 'leaf_size': 37, 'p': 2}. Best is trial 0 with value: 0.5.
[I 2026-04-13 13:05:42,423] Trial 29 finished with value: 0.35 and parameters: {'n_neighbors': 4, 'leaf_size': 24, 'p': 1}. Best is trial 0 with value: 0.5.
[I 2026-04-13 13:05:42,459] A new study created in memory with name: xgb
[I 2026-04-13 13:05:42,489] Trial 0 finished with value: 0.35 and parameters: {'n_estimators': 40, 'max_depth': 30, 'gamma': 0.47665736245940726, 'subsample': 0.6240505842067796, 'colsample_bytree': 0.542029825582675}. Best is trial 0 with value: 0.35.
[I 2026-04-13 13:05:42,528] Trial 1 finished with value: 0.4 and parameters: {'n_estimators': 100, 'max_depth': 5, 'gamma': 0.6154838340124683, 'subsample': 0.9490035591125747, 'colsample_bytree': 0.8334494864598183}. Best is trial 1 with value: 0.4.
[I 2026-04-13 13:05:42,565] Trial 2 finished with value: 0.35 and parameters: {'n_estimators': 40, 'max_depth': 20, 'gamma': 0.9464719685739904, 'subsample': 0.9018698850061588, 'colsample_bytree': 0.9916796241121663}. Best is trial 1 with value: 0.4.
[I 2026-04-13 13:05:42,601] Trial 3 finished with value: 0.4 and parameters: {'n_estimators': 100, 'max_depth': 30, 'gamma': 0.26698751824101463, 'subsample': 0.6215578376567042, 'colsample_bytree': 0.9367004215505623}. Best is trial 1 with value: 0.4.
[I 2026-04-13 13:05:42,629] Trial 4 finished with value: 0.35 and parameters: {'n_estimators': 10, 'max_depth': 20, 'gamma': 0.5301766121845122, 'subsample': 0.7177777323831729, 'colsample_bytree': 0.9352041482132656}. Best is trial 1 with value: 0.4.
[I 2026-04-13 13:05:42,667] Trial 5 finished with value: 0.35 and parameters: {'n_estimators': 100, 'max_depth': 5, 'gamma': 0.6742485862456464, 'subsample': 0.7308488312353485, 'colsample_bytree': 0.5265297122426965}. Best is trial 1 with value: 0.4.
[I 2026-04-13 13:05:42,703] Trial 6 finished with value: 0.35 and parameters: {'n_estimators': 100, 'max_depth': 30, 'gamma': 0.5360486096375219, 'subsample': 0.8488681925618888, 'colsample_bytree': 0.900578215847843}. Best is trial 1 with value: 0.4.
[I 2026-04-13 13:05:42,731] Trial 7 finished with value: 0.4 and parameters: {'n_estimators': 40, 'max_depth': 5, 'gamma': 0.4997010655396419, 'subsample': 0.7490698051808964, 'colsample_bytree': 0.7071731623998108}. Best is trial 1 with value: 0.4.
[I 2026-04-13 13:05:42,769] Trial 8 finished with value: 0.35 and parameters: {'n_estimators': 100, 'max_depth': 5, 'gamma': 0.5449029446194361, 'subsample': 0.7150234071055932, 'colsample_bytree': 0.8673829085180849}. Best is trial 1 with value: 0.4.
[I 2026-04-13 13:05:42,807] Trial 9 finished with value: 0.35 and parameters: {'n_estimators': 100, 'max_depth': 30, 'gamma': 0.5427360453562716, 'subsample': 0.5915763668266103, 'colsample_bytree': 0.5546552575823498}. Best is trial 1 with value: 0.4.
[I 2026-04-13 13:05:42,846] Trial 10 finished with value: 0.45 and parameters: {'n_estimators': 10, 'max_depth': 5, 'gamma': 0.8166697644905587, 'subsample': 0.9751404785189386, 'colsample_bytree': 0.7735093231652352}. Best is trial 10 with value: 0.45.
[I 2026-04-13 13:05:42,890] Trial 11 finished with value: 0.45 and parameters: {'n_estimators': 10, 'max_depth': 5, 'gamma': 0.8171698892437806, 'subsample': 0.9683640491533567, 'colsample_bytree': 0.7725252932091525}. Best is trial 10 with value: 0.45.
[I 2026-04-13 13:05:42,925] Trial 12 finished with value: 0.45 and parameters: {'n_estimators': 10, 'max_depth': 5, 'gamma': 0.8823339230847403, 'subsample': 0.9936447087968348, 'colsample_bytree': 0.73295167227456}. Best is trial 10 with value: 0.45.
[I 2026-04-13 13:05:42,970] Trial 13 finished with value: 0.35 and parameters: {'n_estimators': 10, 'max_depth': 5, 'gamma': 0.8378834877893937, 'subsample': 0.8393895691845602, 'colsample_bytree': 0.8002473052632991}. Best is trial 10 with value: 0.45.
[I 2026-04-13 13:05:43,010] Trial 14 finished with value: 0.45 and parameters: {'n_estimators': 10, 'max_depth': 5, 'gamma': 0.7835693049327674, 'subsample': 0.9899457651138078, 'colsample_bytree': 0.6629836104331077}. Best is trial 10 with value: 0.45.
