[I 2026-04-13 12:56:01,926] Trial 7 finished with value: 0.55 and parameters: {'n_estimators': 40, 'max_depth': 30, 'gamma': 0.7149068474388774, 'subsample': 0.5696358027454862, 'colsample_bytree': 0.8514125286992056}. Best is trial 6 with value: 0.65.
[I 2026-04-13 12:56:01,980] Trial 8 finished with value: 0.5 and parameters: {'n_estimators': 100, 'max_depth': 30, 'gamma': 0.2471398756881566, 'subsample': 0.8241126205332553, 'colsample_bytree': 0.6258070715852391}. Best is trial 6 with value: 0.65.
[I 2026-04-13 12:56:02,015] Trial 9 finished with value: 0.5 and parameters: {'n_estimators': 40, 'max_depth': 30, 'gamma': 0.8599846034069103, 'subsample': 0.8019332783535529, 'colsample_bytree': 0.7936068454878676}. Best is trial 6 with value: 0.65.
[I 2026-04-13 12:56:02,078] Trial 10 finished with value: 0.55 and parameters: {'n_estimators': 40, 'max_depth': 5, 'gamma': 0.11132541504315885, 'subsample': 0.989386478955757, 'colsample_bytree': 0.9761661165027147}. Best is trial 6 with value: 0.65.
[I 2026-04-13 12:56:02,113] Trial 11 finished with value: 0.6 and parameters: {'n_estimators': 10, 'max_depth': 20, 'gamma': 0.48174279936552766, 'subsample': 0.989150058671527, 'colsample_bytree': 0.9417304300325259}. Best is trial 6 with value: 0.65.
[I 2026-04-13 12:56:02,170] Trial 12 finished with value: 0.5 and parameters: {'n_estimators': 40, 'max_depth': 20, 'gamma': 0.4806200998929483, 'subsample': 0.9077278082894746, 'colsample_bytree': 0.8257164849943838}. Best is trial 6 with value: 0.65.
[I 2026-04-13 12:56:02,224] Trial 13 finished with value: 0.55 and parameters: {'n_estimators': 10, 'max_depth': 5, 'gamma': 0.9773182951129106, 'subsample': 0.9279363521509754, 'colsample_bytree': 0.9125916365606825}. Best is trial 6 with value: 0.65.
[I 2026-04-13 12:56:02,291] Trial 14 finished with value: 0.5 and parameters: {'n_estimators': 100, 'max_depth': 20, 'gamma': 0.5923671291644164, 'subsample': 0.6658807753897364, 'colsample_bytree': 0.5013541727082262}. Best is trial 6 with value: 0.65.
[I 2026-04-13 12:56:02,340] Trial 15 finished with value: 0.45 and parameters: {'n_estimators': 40, 'max_depth': 20, 'gamma': 0.35637840926066944, 'subsample': 0.860564527993072, 'colsample_bytree': 0.751482622512446}. Best is trial 6 with value: 0.65.
[I 2026-04-13 12:56:02,377] Trial 16 finished with value: 0.65 and parameters: {'n_estimators': 10, 'max_depth': 5, 'gamma': 0.8135097324405516, 'subsample': 0.9866427955127265, 'colsample_bytree': 0.895475550899962}. Best is trial 6 with value: 0.65.
[I 2026-04-13 12:56:02,417] Trial 17 finished with value: 0.45 and parameters: {'n_estimators': 40, 'max_depth': 5, 'gamma': 0.8399026155273364, 'subsample': 0.5053007952589881, 'colsample_bytree': 0.9933840889987662}. Best is trial 6 with value: 0.65.
[I 2026-04-13 12:56:02,458] Trial 18 finished with value: 0.55 and parameters: {'n_estimators': 10, 'max_depth': 5, 'gamma': 0.8668627160161991, 'subsample': 0.8649566713853529, 'colsample_bytree': 0.9207784978196742}. Best is trial 6 with value: 0.65.
[I 2026-04-13 12:56:02,508] Trial 19 finished with value: 0.55 and parameters: {'n_estimators': 100, 'max_depth': 5, 'gamma': 0.8055796710658432, 'subsample': 0.9469588795614343, 'colsample_bytree': 0.889927281948004}. Best is trial 6 with value: 0.65.
[I 2026-04-13 12:56:02,545] Trial 20 finished with value: 0.5 and parameters: {'n_estimators': 10, 'max_depth': 5, 'gamma': 0.9294714567167406, 'subsample': 0.7211017259183112, 'colsample_bytree': 0.9539602692347554}. Best is trial 6 with value: 0.65.
[I 2026-04-13 12:56:02,569] Trial 21 finished with value: 0.55 and parameters: {'n_estimators': 10, 'max_depth': 20, 'gamma': 0.6508828195871226, 'subsample': 0.9979110408814345, 'colsample_bytree': 0.8026567387134145}. Best is trial 6 with value: 0.65.
[I 2026-04-13 12:56:02,605] Trial 22 finished with value: 0.55 and parameters: {'n_estimators': 10, 'max_depth': 20, 'gamma': 0.48184976546499897, 'subsample': 0.9569711506259652, 'colsample_bytree': 0.7597124969239196}. Best is trial 6 with value: 0.65.
[I 2026-04-13 12:56:02,629] Trial 23 finished with value: 0.5 and parameters: {'n_estimators': 10, 'max_depth': 20, 'gamma': 0.34433142874156997, 'subsample': 0.8729709473518582, 'colsample_bytree': 0.6492589563985885}. Best is trial 6 with value: 0.65.
[I 2026-04-13 12:56:02,665] Trial 24 finished with value: 0.65 and parameters: {'n_estimators': 10, 'max_depth': 5, 'gamma': 0.7779176160767789, 'subsample': 0.9550565314722552, 'colsample_bytree': 0.8750493649868}. Best is trial 6 with value: 0.65.
[I 2026-04-13 12:56:02,698] Trial 25 finished with value: 0.65 and parameters: {'n_estimators': 40, 'max_depth': 5, 'gamma': 0.7798197551781508, 'subsample': 0.9550067379649056, 'colsample_bytree': 0.8655196886117633}. Best is trial 6 with value: 0.65.
[I 2026-04-13 12:56:02,753] Trial 26 finished with value: 0.6 and parameters: {'n_estimators': 10, 'max_depth': 5, 'gamma': 0.9136574731423356, 'subsample': 0.8907425537380702, 'colsample_bytree': 0.8953687174939285}. Best is trial 6 with value: 0.65.
[I 2026-04-13 12:56:02,792] Trial 27 finished with value: 0.65 and parameters: {'n_estimators': 10, 'max_depth': 5, 'gamma': 0.6374743519350222, 'subsample': 0.9537703996383492, 'colsample_bytree': 0.9456512249057177}. Best is trial 6 with value: 0.65.
[I 2026-04-13 12:56:02,840] Trial 28 finished with value: 0.5 and parameters: {'n_estimators': 100, 'max_depth': 5, 'gamma': 0.7738969600909538, 'subsample': 0.8510375284683089, 'colsample_bytree': 0.8215778170270085}. Best is trial 6 with value: 0.65.
[I 2026-04-13 12:56:02,879] Trial 29 finished with value: 0.5 and parameters: {'n_estimators': 40, 'max_depth': 5, 'gamma': 0.915192089960981, 'subsample': 0.9265804463281888, 'colsample_bytree': 0.8870247351633415}. Best is trial 6 with value: 0.65.
[I 2026-04-13 12:56:03,023] A new study created in memory with name: rf
[I 2026-04-13 12:56:03,592] Trial 0 finished with value: 0.5 and parameters: {'n_estimators': 458, 'max_depth': 8, 'min_samples_split': 9, 'min_samples_leaf': 1}. Best is trial 0 with value: 0.5.
[I 2026-04-13 12:56:03,790] Trial 1 finished with value: 0.5 and parameters: {'n_estimators': 143, 'max_depth': 13, 'min_samples_split': 6, 'min_samples_leaf': 5}. Best is trial 0 with value: 0.5.
[I 2026-04-13 12:56:04,056] Trial 2 finished with value: 0.5 and parameters: {'n_estimators': 234, 'max_depth': 14, 'min_samples_split': 5, 'min_samples_leaf': 8}. Best is trial 0 with value: 0.5.
[I 2026-04-13 12:56:04,446] Trial 3 finished with value: 0.5 and parameters: {'n_estimators': 307, 'max_depth': 13, 'min_samples_split': 7, 'min_samples_leaf': 10}. Best is trial 0 with value: 0.5.
[I 2026-04-13 12:56:04,954] Trial 4 finished with value: 0.5 and parameters: {'n_estimators': 428, 'max_depth': 10, 'min_samples_split': 9, 'min_samples_leaf': 9}. Best is trial 0 with value: 0.5.
[I 2026-04-13 12:56:05,112] Trial 5 finished with value: 0.5 and parameters: {'n_estimators': 121, 'max_depth': 15, 'min_samples_split': 9, 'min_samples_leaf': 8}. Best is trial 0 with value: 0.5.
[I 2026-04-13 12:56:05,611] Trial 6 finished with value: 0.5 and parameters: {'n_estimators': 384, 'max_depth': 12, 'min_samples_split': 3, 'min_samples_leaf': 10}. Best is trial 0 with value: 0.5.
[I 2026-04-13 12:56:05,978] Trial 7 finished with value: 0.5 and parameters: {'n_estimators': 261, 'max_depth': 6, 'min_samples_split': 8, 'min_samples_leaf': 10}. Best is trial 0 with value: 0.5.
[I 2026-04-13 12:56:06,256] Trial 8 finished with value: 0.5 and parameters: {'n_estimators': 202, 'max_depth': 15, 'min_samples_split': 7, 'min_samples_leaf': 8}. Best is trial 0 with value: 0.5.
[I 2026-04-13 12:56:06,847] Trial 9 finished with value: 0.5 and parameters: {'n_estimators': 475, 'max_depth': 9, 'min_samples_split': 4, 'min_samples_leaf': 5}. Best is trial 0 with value: 0.5.
[I 2026-04-13 12:56:07,338] Trial 10 finished with value: 0.5 and parameters: {'n_estimators': 352, 'max_depth': 20, 'min_samples_split': 10, 'min_samples_leaf': 1}. Best is trial 0 with value: 0.5.
[I 2026-04-13 12:56:07,541] Trial 11 finished with value: 0.5 and parameters: {'n_estimators': 110, 'max_depth': 4, 'min_samples_split': 6, 'min_samples_leaf': 1}. Best is trial 0 with value: 0.5.
[I 2026-04-13 12:56:08,218] Trial 12 finished with value: 0.5 and parameters: {'n_estimators': 489, 'max_depth': 7, 'min_samples_split': 2, 'min_samples_leaf': 4}. Best is trial 0 with value: 0.5.
[I 2026-04-13 12:56:08,573] Trial 13 finished with value: 0.55 and parameters: {'n_estimators': 201, 'max_depth': 18, 'min_samples_split': 5, 'min_samples_leaf': 3}. Best is trial 13 with value: 0.55.
[I 2026-04-13 12:56:08,858] Trial 14 finished with value: 0.55 and parameters: {'n_estimators': 192, 'max_depth': 20, 'min_samples_split': 4, 'min_samples_leaf': 3}. Best is trial 13 with value: 0.55.
[I 2026-04-13 12:56:09,419] Trial 15 finished with value: 0.5 and parameters: {'n_estimators': 185, 'max_depth': 19, 'min_samples_split': 4, 'min_samples_leaf': 3}. Best is trial 13 with value: 0.55.
[I 2026-04-13 12:56:09,947] Trial 16 finished with value: 0.55 and parameters: {'n_estimators': 174, 'max_depth': 18, 'min_samples_split': 4, 'min_samples_leaf': 3}. Best is trial 13 with value: 0.55.
[I 2026-04-13 12:56:10,599] Trial 17 finished with value: 0.55 and parameters: {'n_estimators': 258, 'max_depth': 17, 'min_samples_split': 2, 'min_samples_leaf': 3}. Best is trial 13 with value: 0.55.
[I 2026-04-13 12:56:11,410] Trial 18 finished with value: 0.55 and parameters: {'n_estimators': 312, 'max_depth': 20, 'min_samples_split': 5, 'min_samples_leaf': 6}. Best is trial 13 with value: 0.55.
[I 2026-04-13 12:56:11,892] Trial 19 finished with value: 0.45 and parameters: {'n_estimators': 226, 'max_depth': 17, 'min_samples_split': 3, 'min_samples_leaf': 2}. Best is trial 13 with value: 0.55.
[I 2026-04-13 12:56:12,284] Trial 20 finished with value: 0.55 and parameters: {'n_estimators': 166, 'max_depth': 16, 'min_samples_split': 5, 'min_samples_leaf': 6}. Best is trial 13 with value: 0.55.
[I 2026-04-13 12:56:12,774] Trial 21 finished with value: 0.55 and parameters: {'n_estimators': 155, 'max_depth': 18, 'min_samples_split': 4, 'min_samples_leaf': 3}. Best is trial 13 with value: 0.55.
[I 2026-04-13 12:56:13,351] Trial 22 finished with value: 0.5 and parameters: {'n_estimators': 196, 'max_depth': 18, 'min_samples_split': 3, 'min_samples_leaf': 4}. Best is trial 13 with value: 0.55.
[I 2026-04-13 12:56:14,176] Trial 23 finished with value: 0.45 and parameters: {'n_estimators': 273, 'max_depth': 20, 'min_samples_split': 5, 'min_samples_leaf': 2}. Best is trial 13 with value: 0.55.
[I 2026-04-13 12:56:14,989] Trial 24 finished with value: 0.55 and parameters: {'n_estimators': 235, 'max_depth': 18, 'min_samples_split': 4, 'min_samples_leaf': 4}. Best is trial 13 with value: 0.55.
[I 2026-04-13 12:56:15,433] Trial 25 finished with value: 0.55 and parameters: {'n_estimators': 130, 'max_depth': 16, 'min_samples_split': 3, 'min_samples_leaf': 2}. Best is trial 13 with value: 0.55.
[I 2026-04-13 12:56:15,992] Trial 26 finished with value: 0.6 and parameters: {'n_estimators': 178, 'max_depth': 19, 'min_samples_split': 6, 'min_samples_leaf': 3}. Best is trial 26 with value: 0.6.
[I 2026-04-13 12:56:16,554] Trial 27 finished with value: 0.55 and parameters: {'n_estimators': 212, 'max_depth': 20, 'min_samples_split': 6, 'min_samples_leaf': 5}. Best is trial 26 with value: 0.6.
[I 2026-04-13 12:56:17,329] Trial 28 finished with value: 0.65 and parameters: {'n_estimators': 282, 'max_depth': 11, 'min_samples_split': 7, 'min_samples_leaf': 2}. Best is trial 28 with value: 0.65.
[I 2026-04-13 12:56:17,751] Trial 29 finished with value: 0.55 and parameters: {'n_estimators': 291, 'max_depth': 11, 'min_samples_split': 7, 'min_samples_leaf': 1}. Best is trial 28 with value: 0.65.
[I 2026-04-13 12:56:18,481] A new study created in memory with name: mlp
[I 2026-04-13 12:56:18,556] Trial 0 finished with value: 0.45 and parameters: {'hidden_layer_sizes': (100,), 'max_iter': 100, 'alpha': 0.0001}. Best is trial 0 with value: 0.45.
[I 2026-04-13 12:56:18,631] Trial 1 finished with value: 0.45 and parameters: {'hidden_layer_sizes': (100, 100), 'max_iter': 100, 'alpha': 0.001}. Best is trial 0 with value: 0.45.
[I 2026-04-13 12:56:18,730] Trial 2 finished with value: 0.4 and parameters: {'hidden_layer_sizes': (200,), 'max_iter': 100, 'alpha': 0.0001}. Best is trial 0 with value: 0.45.
[I 2026-04-13 12:56:18,795] Trial 3 finished with value: 0.45 and parameters: {'hidden_layer_sizes': (200,), 'max_iter': 50, 'alpha': 0.001}. Best is trial 0 with value: 0.45.
[I 2026-04-13 12:56:18,852] Trial 4 finished with value: 0.45 and parameters: {'hidden_layer_sizes': (100, 100), 'max_iter': 50, 'alpha': 0.0001}. Best is trial 0 with value: 0.45.
[I 2026-04-13 12:56:18,930] Trial 5 finished with value: 0.4 and parameters: {'hidden_layer_sizes': (200,), 'max_iter': 100, 'alpha': 0.0001}. Best is trial 0 with value: 0.45.
[I 2026-04-13 12:56:19,016] Trial 6 finished with value: 0.4 and parameters: {'hidden_layer_sizes': (200,), 'max_iter': 100, 'alpha': 0.001}. Best is trial 0 with value: 0.45.
[I 2026-04-13 12:56:19,082] Trial 7 finished with value: 0.45 and parameters: {'hidden_layer_sizes': (100,), 'max_iter': 100, 'alpha': 0.001}. Best is trial 0 with value: 0.45.
[I 2026-04-13 12:56:19,178] Trial 8 finished with value: 0.45 and parameters: {'hidden_layer_sizes': (100, 100), 'max_iter': 100, 'alpha': 0.0001}. Best is trial 0 with value: 0.45.
[I 2026-04-13 12:56:19,253] Trial 9 finished with value: 0.4 and parameters: {'hidden_layer_sizes': (200,), 'max_iter': 100, 'alpha': 0.0001}. Best is trial 0 with value: 0.45.
[I 2026-04-13 12:56:19,292] Trial 10 finished with value: 0.45 and parameters: {'hidden_layer_sizes': (100,), 'max_iter': 50, 'alpha': 0.0001}. Best is trial 0 with value: 0.45.
[I 2026-04-13 12:56:19,348] Trial 11 finished with value: 0.45 and parameters: {'hidden_layer_sizes': (100,), 'max_iter': 100, 'alpha': 0.001}. Best is trial 0 with value: 0.45.
[I 2026-04-13 12:56:19,467] Trial 12 finished with value: 0.4 and parameters: {'hidden_layer_sizes': (100, 100), 'max_iter': 100, 'alpha': 0.001}. Best is trial 0 with value: 0.45.
[I 2026-04-13 12:56:19,542] Trial 13 finished with value: 0.45 and parameters: {'hidden_layer_sizes': (100,), 'max_iter': 100, 'alpha': 0.001}. Best is trial 0 with value: 0.45.
[I 2026-04-13 12:56:19,588] Trial 14 finished with value: 0.4 and parameters: {'hidden_layer_sizes': (100, 100), 'max_iter': 50, 'alpha': 0.0001}. Best is trial 0 with value: 0.45.
[I 2026-04-13 12:56:19,666] Trial 15 finished with value: 0.4 and parameters: {'hidden_layer_sizes': (100,), 'max_iter': 100, 'alpha': 0.001}. Best is trial 0 with value: 0.45.
[I 2026-04-13 12:56:19,743] Trial 16 finished with value: 0.4 and parameters: {'hidden_layer_sizes': (100, 100), 'max_iter': 100, 'alpha': 0.001}. Best is trial 0 with value: 0.45.
[I 2026-04-13 12:56:19,849] Trial 17 finished with value: 0.45 and parameters: {'hidden_layer_sizes': (100, 100), 'max_iter': 100, 'alpha': 0.0001}. Best is trial 0 with value: 0.45.
[I 2026-04-13 12:56:19,896] Trial 18 finished with value: 0.5 and parameters: {'hidden_layer_sizes': (100,), 'max_iter': 50, 'alpha': 0.0001}. Best is trial 18 with value: 0.5.
[I 2026-04-13 12:56:19,942] Trial 19 finished with value: 0.55 and parameters: {'hidden_layer_sizes': (100,), 'max_iter': 50, 'alpha': 0.0001}. Best is trial 19 with value: 0.55.
[I 2026-04-13 12:56:19,989] Trial 20 finished with value: 0.45 and parameters: {'hidden_layer_sizes': (100,), 'max_iter': 50, 'alpha': 0.0001}. Best is trial 19 with value: 0.55.
[I 2026-04-13 12:56:20,036] Trial 21 finished with value: 0.55 and parameters: {'hidden_layer_sizes': (100,), 'max_iter': 50, 'alpha': 0.0001}. Best is trial 19 with value: 0.55.
[I 2026-04-13 12:56:20,073] Trial 22 finished with value: 0.5 and parameters: {'hidden_layer_sizes': (100,), 'max_iter': 50, 'alpha': 0.0001}. Best is trial 19 with value: 0.55.
[I 2026-04-13 12:56:20,139] Trial 23 finished with value: 0.45 and parameters: {'hidden_layer_sizes': (100,), 'max_iter': 50, 'alpha': 0.0001}. Best is trial 19 with value: 0.55.
[I 2026-04-13 12:56:20,185] Trial 24 finished with value: 0.45 and parameters: {'hidden_layer_sizes': (100,), 'max_iter': 50, 'alpha': 0.0001}. Best is trial 19 with value: 0.55.
[I 2026-04-13 12:56:20,234] Trial 25 finished with value: 0.5 and parameters: {'hidden_layer_sizes': (100,), 'max_iter': 50, 'alpha': 0.0001}. Best is trial 19 with value: 0.55.
[I 2026-04-13 12:56:20,273] Trial 26 finished with value: 0.55 and parameters: {'hidden_layer_sizes': (100,), 'max_iter': 50, 'alpha': 0.0001}. Best is trial 19 with value: 0.55.
[I 2026-04-13 12:56:20,322] Trial 27 finished with value: 0.55 and parameters: {'hidden_layer_sizes': (100,), 'max_iter': 50, 'alpha': 0.0001}. Best is trial 19 with value: 0.55.
[I 2026-04-13 12:56:20,372] Trial 28 finished with value: 0.45 and parameters: {'hidden_layer_sizes': (100,), 'max_iter': 50, 'alpha': 0.0001}. Best is trial 19 with value: 0.55.
[I 2026-04-13 12:56:20,422] Trial 29 finished with value: 0.5 and parameters: {'hidden_layer_sizes': (100,), 'max_iter': 50, 'alpha': 0.0001}. Best is trial 19 with value: 0.55.
[I 2026-04-13 12:56:20,569] A new study created in memory with name: naive_bayes
[I 2026-04-13 12:56:20,581] Trial 0 finished with value: 0.6 and parameters: {'var_smoothing': 6.10548688762798e-09}. Best is trial 0 with value: 0.6.
[I 2026-04-13 12:56:20,594] Trial 1 finished with value: 0.6 and parameters: {'var_smoothing': 4.6127467400935034e-10}. Best is trial 0 with value: 0.6.
[I 2026-04-13 12:56:20,606] Trial 2 finished with value: 0.6 and parameters: {'var_smoothing': 4.389936579400967e-09}. Best is trial 0 with value: 0.6.
[I 2026-04-13 12:56:20,618] Trial 3 finished with value: 0.6 and parameters: {'var_smoothing': 1.2116948204672054e-10}. Best is trial 0 with value: 0.6.
[I 2026-04-13 12:56:20,630] Trial 4 finished with value: 0.6 and parameters: {'var_smoothing': 1.6417739478477417e-10}. Best is trial 0 with value: 0.6.
[I 2026-04-13 12:56:20,643] Trial 5 finished with value: 0.6 and parameters: {'var_smoothing': 1.5491880147236797e-09}. Best is trial 0 with value: 0.6.
[I 2026-04-13 12:56:20,655] Trial 6 finished with value: 0.6 and parameters: {'var_smoothing': 1.1471883405287265e-09}. Best is trial 0 with value: 0.6.
[I 2026-04-13 12:56:20,679] Trial 7 finished with value: 0.6 and parameters: {'var_smoothing': 6.88041853492358e-10}. Best is trial 0 with value: 0.6.
[I 2026-04-13 12:56:20,691] Trial 8 finished with value: 0.6 and parameters: {'var_smoothing': 4.686144741221158e-10}. Best is trial 0 with value: 0.6.
[I 2026-04-13 12:56:20,704] Trial 9 finished with value: 0.6 and parameters: {'var_smoothing': 1.7580809350683337e-09}. Best is trial 0 with value: 0.6.
[I 2026-04-13 12:56:20,721] Trial 10 finished with value: 0.6 and parameters: {'var_smoothing': 9.83902635509218e-09}. Best is trial 0 with value: 0.6.
[I 2026-04-13 12:56:20,740] Trial 11 finished with value: 0.6 and parameters: {'var_smoothing': 2.660399871603373e-10}. Best is trial 0 with value: 0.6.
[I 2026-04-13 12:56:20,756] Trial 12 finished with value: 0.6 and parameters: {'var_smoothing': 9.276268851540963e-09}. Best is trial 0 with value: 0.6.
[I 2026-04-13 12:56:20,771] Trial 13 finished with value: 0.6 and parameters: {'var_smoothing': 2.9844010685221692e-09}. Best is trial 0 with value: 0.6.
[I 2026-04-13 12:56:20,788] Trial 14 finished with value: 0.6 and parameters: {'var_smoothing': 3.8923309717334116e-10}. Best is trial 0 with value: 0.6.
[I 2026-04-13 12:56:20,807] Trial 15 finished with value: 0.6 and parameters: {'var_smoothing': 3.85461066627204e-09}. Best is trial 0 with value: 0.6.
[I 2026-04-13 12:56:20,825] Trial 16 finished with value: 0.6 and parameters: {'var_smoothing': 7.120907275009211e-10}. Best is trial 0 with value: 0.6.
[I 2026-04-13 12:56:20,842] Trial 17 finished with value: 0.6 and parameters: {'var_smoothing': 2.412486610614855e-10}. Best is trial 0 with value: 0.6.
[I 2026-04-13 12:56:20,858] Trial 18 finished with value: 0.6 and parameters: {'var_smoothing': 2.3580860166954074e-09}. Best is trial 0 with value: 0.6.
[I 2026-04-13 12:56:20,874] Trial 19 finished with value: 0.6 and parameters: {'var_smoothing': 5.846846875339535e-09}. Best is trial 0 with value: 0.6.
[I 2026-04-13 12:56:20,891] Trial 20 finished with value: 0.6 and parameters: {'var_smoothing': 1.0486521320383776e-09}. Best is trial 0 with value: 0.6.
[I 2026-04-13 12:56:20,907] Trial 21 finished with value: 0.6 and parameters: {'var_smoothing': 4.9491450263339475e-09}. Best is trial 0 with value: 0.6.
[I 2026-04-13 12:56:20,925] Trial 22 finished with value: 0.6 and parameters: {'var_smoothing': 6.667992141406306e-09}. Best is trial 0 with value: 0.6.
[I 2026-04-13 12:56:20,940] Trial 23 finished with value: 0.6 and parameters: {'var_smoothing': 3.2795712712135213e-09}. Best is trial 0 with value: 0.6.
[I 2026-04-13 12:56:20,959] Trial 24 finished with value: 0.6 and parameters: {'var_smoothing': 6.403538416287158e-10}. Best is trial 0 with value: 0.6.
[I 2026-04-13 12:56:20,986] Trial 25 finished with value: 0.6 and parameters: {'var_smoothing': 2.1589819023851477e-09}. Best is trial 0 with value: 0.6.
[I 2026-04-13 12:56:21,006] Trial 26 finished with value: 0.6 and parameters: {'var_smoothing': 3.912617821024548e-09}. Best is trial 0 with value: 0.6.
[I 2026-04-13 12:56:21,027] Trial 27 finished with value: 0.6 and parameters: {'var_smoothing': 7.162139101012446e-09}. Best is trial 0 with value: 0.6.
[I 2026-04-13 12:56:21,055] Trial 28 finished with value: 0.6 and parameters: {'var_smoothing': 1.3883316815746274e-09}. Best is trial 0 with value: 0.6.
