[I 2026-04-13 12:59:23,142] Trial 1 finished with value: 0.45 and parameters: {'C': 7.935859334260497, 'penalty': 'l2'}. Best is trial 0 with value: 0.45.
[I 2026-04-13 12:59:23,165] Trial 2 finished with value: 0.6 and parameters: {'C': 0.15561310098067915, 'penalty': 'l2'}. Best is trial 2 with value: 0.6.
[I 2026-04-13 12:59:23,190] Trial 3 finished with value: 0.5 and parameters: {'C': 4.143104515916128, 'penalty': 'l2'}. Best is trial 2 with value: 0.6.
[I 2026-04-13 12:59:23,235] Trial 4 finished with value: 0.45 and parameters: {'C': 77.61533923098803, 'penalty': 'l2'}. Best is trial 2 with value: 0.6.
[I 2026-04-13 12:59:23,261] Trial 5 finished with value: 0.55 and parameters: {'C': 0.49258292359934785, 'penalty': 'l2'}. Best is trial 2 with value: 0.6.
[I 2026-04-13 12:59:23,273] Trial 6 finished with value: 0.6 and parameters: {'C': 0.320333470047146, 'penalty': 'l2'}. Best is trial 2 with value: 0.6.
[I 2026-04-13 12:59:23,287] Trial 7 finished with value: 0.45 and parameters: {'C': 0.002292216671132896, 'penalty': 'l2'}. Best is trial 2 with value: 0.6.
[I 2026-04-13 12:59:23,300] Trial 8 finished with value: 0.55 and parameters: {'C': 0.0219884643872214, 'penalty': 'l2'}. Best is trial 2 with value: 0.6.
[I 2026-04-13 12:59:23,323] Trial 9 finished with value: 0.6 and parameters: {'C': 0.31580027519646636, 'penalty': 'l2'}. Best is trial 2 with value: 0.6.
[I 2026-04-13 12:59:23,339] Trial 10 finished with value: 0.55 and parameters: {'C': 0.02610892654148189, 'penalty': 'l2'}. Best is trial 2 with value: 0.6.
[I 2026-04-13 12:59:23,367] Trial 11 finished with value: 0.6 and parameters: {'C': 0.2100743402156335, 'penalty': 'l2'}. Best is trial 2 with value: 0.6.
[I 2026-04-13 12:59:23,393] Trial 12 finished with value: 0.55 and parameters: {'C': 0.03632573733705437, 'penalty': 'l2'}. Best is trial 2 with value: 0.6.
[I 2026-04-13 12:59:23,426] Trial 13 finished with value: 0.5 and parameters: {'C': 4.4447623889287895, 'penalty': 'l2'}. Best is trial 2 with value: 0.6.
[I 2026-04-13 12:59:23,455] Trial 14 finished with value: 0.5 and parameters: {'C': 0.8328787758266437, 'penalty': 'l2'}. Best is trial 2 with value: 0.6.
[I 2026-04-13 12:59:23,482] Trial 15 finished with value: 0.6 and parameters: {'C': 0.0756311862666443, 'penalty': 'l2'}. Best is trial 2 with value: 0.6.
[I 2026-04-13 12:59:23,510] Trial 16 finished with value: 0.5 and parameters: {'C': 0.006758566022337437, 'penalty': 'l2'}. Best is trial 2 with value: 0.6.
[I 2026-04-13 12:59:23,540] Trial 17 finished with value: 0.5 and parameters: {'C': 1.3305436730038442, 'penalty': 'l2'}. Best is trial 2 with value: 0.6.
[I 2026-04-13 12:59:23,568] Trial 18 finished with value: 0.4 and parameters: {'C': 27.833179099381518, 'penalty': 'l2'}. Best is trial 2 with value: 0.6.
[I 2026-04-13 12:59:23,596] Trial 19 finished with value: 0.6 and parameters: {'C': 0.1258242594987675, 'penalty': 'l2'}. Best is trial 2 with value: 0.6.
[I 2026-04-13 12:59:23,627] Trial 20 finished with value: 0.5 and parameters: {'C': 2.060705910046931, 'penalty': 'l2'}. Best is trial 2 with value: 0.6.
[I 2026-04-13 12:59:23,659] Trial 21 finished with value: 0.6 and parameters: {'C': 0.3385438560343952, 'penalty': 'l2'}. Best is trial 2 with value: 0.6.
[I 2026-04-13 12:59:23,686] Trial 22 finished with value: 0.6 and parameters: {'C': 0.09117412619626068, 'penalty': 'l2'}. Best is trial 2 with value: 0.6.
[I 2026-04-13 12:59:23,714] Trial 23 finished with value: 0.55 and parameters: {'C': 0.4868452940116964, 'penalty': 'l2'}. Best is trial 2 with value: 0.6.
[I 2026-04-13 12:59:23,731] Trial 24 finished with value: 0.5 and parameters: {'C': 0.009731084520713506, 'penalty': 'l2'}. Best is trial 2 with value: 0.6.
[I 2026-04-13 12:59:23,759] Trial 25 finished with value: 0.6 and parameters: {'C': 0.2485896651832483, 'penalty': 'l2'}. Best is trial 2 with value: 0.6.
[I 2026-04-13 12:59:23,774] Trial 26 finished with value: 0.55 and parameters: {'C': 0.061658628259480625, 'penalty': 'l2'}. Best is trial 2 with value: 0.6.
[I 2026-04-13 12:59:23,803] Trial 27 finished with value: 0.5 and parameters: {'C': 1.416606759435356, 'penalty': 'l2'}. Best is trial 2 with value: 0.6.
[I 2026-04-13 12:59:23,820] Trial 28 finished with value: 0.6 and parameters: {'C': 0.18460133021462113, 'penalty': 'l2'}. Best is trial 2 with value: 0.6.
[I 2026-04-13 12:59:23,848] Trial 29 finished with value: 0.5 and parameters: {'C': 0.011104103350344362, 'penalty': 'l2'}. Best is trial 2 with value: 0.6.
[I 2026-04-13 12:59:23,894] A new study created in memory with name: knn
[I 2026-04-13 12:59:23,909] Trial 0 finished with value: 0.45 and parameters: {'n_neighbors': 3, 'leaf_size': 36, 'p': 2}. Best is trial 0 with value: 0.45.
[I 2026-04-13 12:59:23,923] Trial 1 finished with value: 0.45 and parameters: {'n_neighbors': 10, 'leaf_size': 31, 'p': 1}. Best is trial 0 with value: 0.45.
[I 2026-04-13 12:59:23,938] Trial 2 finished with value: 0.4 and parameters: {'n_neighbors': 5, 'leaf_size': 30, 'p': 2}. Best is trial 0 with value: 0.45.
[I 2026-04-13 12:59:23,962] Trial 3 finished with value: 0.35 and parameters: {'n_neighbors': 6, 'leaf_size': 21, 'p': 2}. Best is trial 0 with value: 0.45.
[I 2026-04-13 12:59:23,976] Trial 4 finished with value: 0.55 and parameters: {'n_neighbors': 4, 'leaf_size': 29, 'p': 1}. Best is trial 4 with value: 0.55.
[I 2026-04-13 12:59:23,991] Trial 5 finished with value: 0.45 and parameters: {'n_neighbors': 7, 'leaf_size': 39, 'p': 2}. Best is trial 4 with value: 0.55.
[I 2026-04-13 12:59:24,005] Trial 6 finished with value: 0.45 and parameters: {'n_neighbors': 10, 'leaf_size': 22, 'p': 2}. Best is trial 4 with value: 0.55.
[I 2026-04-13 12:59:24,030] Trial 7 finished with value: 0.4 and parameters: {'n_neighbors': 8, 'leaf_size': 29, 'p': 2}. Best is trial 4 with value: 0.55.
[I 2026-04-13 12:59:24,045] Trial 8 finished with value: 0.4 and parameters: {'n_neighbors': 5, 'leaf_size': 30, 'p': 2}. Best is trial 4 with value: 0.55.
[I 2026-04-13 12:59:24,060] Trial 9 finished with value: 0.5 and parameters: {'n_neighbors': 9, 'leaf_size': 26, 'p': 1}. Best is trial 4 with value: 0.55.
[I 2026-04-13 12:59:24,093] Trial 10 finished with value: 0.55 and parameters: {'n_neighbors': 4, 'leaf_size': 34, 'p': 1}. Best is trial 4 with value: 0.55.
[I 2026-04-13 12:59:24,117] Trial 11 finished with value: 0.45 and parameters: {'n_neighbors': 3, 'leaf_size': 35, 'p': 1}. Best is trial 4 with value: 0.55.
[I 2026-04-13 12:59:24,155] Trial 12 finished with value: 0.55 and parameters: {'n_neighbors': 4, 'leaf_size': 35, 'p': 1}. Best is trial 4 with value: 0.55.
[I 2026-04-13 12:59:24,179] Trial 13 finished with value: 0.4 and parameters: {'n_neighbors': 5, 'leaf_size': 25, 'p': 1}. Best is trial 4 with value: 0.55.
[I 2026-04-13 12:59:24,204] Trial 14 finished with value: 0.55 and parameters: {'n_neighbors': 4, 'leaf_size': 32, 'p': 1}. Best is trial 4 with value: 0.55.
[I 2026-04-13 12:59:24,228] Trial 15 finished with value: 0.35 and parameters: {'n_neighbors': 6, 'leaf_size': 40, 'p': 1}. Best is trial 4 with value: 0.55.
[I 2026-04-13 12:59:24,252] Trial 16 finished with value: 0.55 and parameters: {'n_neighbors': 4, 'leaf_size': 26, 'p': 1}. Best is trial 4 with value: 0.55.
[I 2026-04-13 12:59:24,278] Trial 17 finished with value: 0.45 and parameters: {'n_neighbors': 3, 'leaf_size': 33, 'p': 1}. Best is trial 4 with value: 0.55.
[I 2026-04-13 12:59:24,303] Trial 18 finished with value: 0.45 and parameters: {'n_neighbors': 7, 'leaf_size': 28, 'p': 1}. Best is trial 4 with value: 0.55.
[I 2026-04-13 12:59:24,350] Trial 19 finished with value: 0.55 and parameters: {'n_neighbors': 4, 'leaf_size': 38, 'p': 1}. Best is trial 4 with value: 0.55.
[I 2026-04-13 12:59:24,375] Trial 20 finished with value: 0.4 and parameters: {'n_neighbors': 5, 'leaf_size': 33, 'p': 1}. Best is trial 4 with value: 0.55.
[I 2026-04-13 12:59:24,406] Trial 21 finished with value: 0.55 and parameters: {'n_neighbors': 4, 'leaf_size': 35, 'p': 1}. Best is trial 4 with value: 0.55.
[I 2026-04-13 12:59:24,445] Trial 22 finished with value: 0.45 and parameters: {'n_neighbors': 3, 'leaf_size': 37, 'p': 1}. Best is trial 4 with value: 0.55.
[I 2026-04-13 12:59:24,467] Trial 23 finished with value: 0.55 and parameters: {'n_neighbors': 4, 'leaf_size': 34, 'p': 1}. Best is trial 4 with value: 0.55.
[I 2026-04-13 12:59:24,503] Trial 24 finished with value: 0.35 and parameters: {'n_neighbors': 6, 'leaf_size': 28, 'p': 1}. Best is trial 4 with value: 0.55.
[I 2026-04-13 12:59:24,524] Trial 25 finished with value: 0.4 and parameters: {'n_neighbors': 5, 'leaf_size': 37, 'p': 1}. Best is trial 4 with value: 0.55.
[I 2026-04-13 12:59:24,549] Trial 26 finished with value: 0.55 and parameters: {'n_neighbors': 4, 'leaf_size': 33, 'p': 1}. Best is trial 4 with value: 0.55.
[I 2026-04-13 12:59:24,575] Trial 27 finished with value: 0.45 and parameters: {'n_neighbors': 3, 'leaf_size': 31, 'p': 1}. Best is trial 4 with value: 0.55.
[I 2026-04-13 12:59:24,598] Trial 28 finished with value: 0.35 and parameters: {'n_neighbors': 6, 'leaf_size': 23, 'p': 1}. Best is trial 4 with value: 0.55.
[I 2026-04-13 12:59:24,624] Trial 29 finished with value: 0.45 and parameters: {'n_neighbors': 3, 'leaf_size': 36, 'p': 1}. Best is trial 4 with value: 0.55.
[I 2026-04-13 12:59:24,661] A new study created in memory with name: xgb
[I 2026-04-13 12:59:24,686] Trial 0 finished with value: 0.6 and parameters: {'n_estimators': 40, 'max_depth': 20, 'gamma': 0.5510084172939441, 'subsample': 0.5360255666798808, 'colsample_bytree': 0.6342194900509356}. Best is trial 0 with value: 0.6.
[I 2026-04-13 12:59:24,734] Trial 1 finished with value: 0.6 and parameters: {'n_estimators': 100, 'max_depth': 5, 'gamma': 0.9186341749476523, 'subsample': 0.6066926767899578, 'colsample_bytree': 0.7260619809088416}. Best is trial 0 with value: 0.6.
[I 2026-04-13 12:59:24,761] Trial 2 finished with value: 0.65 and parameters: {'n_estimators': 10, 'max_depth': 5, 'gamma': 0.9182155373980582, 'subsample': 0.566584722879625, 'colsample_bytree': 0.761706290336883}. Best is trial 2 with value: 0.65.
[I 2026-04-13 12:59:24,790] Trial 3 finished with value: 0.5 and parameters: {'n_estimators': 10, 'max_depth': 20, 'gamma': 0.5296610393664296, 'subsample': 0.6829451928902965, 'colsample_bytree': 0.9189589971546304}. Best is trial 2 with value: 0.65.
[I 2026-04-13 12:59:24,815] Trial 4 finished with value: 0.5 and parameters: {'n_estimators': 10, 'max_depth': 20, 'gamma': 0.6916595165017824, 'subsample': 0.6851755414940176, 'colsample_bytree': 0.7295464889457157}. Best is trial 2 with value: 0.65.
[I 2026-04-13 12:59:24,854] Trial 5 finished with value: 0.45 and parameters: {'n_estimators': 100, 'max_depth': 20, 'gamma': 0.48380821541644814, 'subsample': 0.8171899343169193, 'colsample_bytree': 0.7614531005141727}. Best is trial 2 with value: 0.65.
[I 2026-04-13 12:59:24,879] Trial 6 finished with value: 0.45 and parameters: {'n_estimators': 10, 'max_depth': 5, 'gamma': 0.9599214907026333, 'subsample': 0.8414569271877088, 'colsample_bytree': 0.5265643453364788}. Best is trial 2 with value: 0.65.
[I 2026-04-13 12:59:24,906] Trial 7 finished with value: 0.4 and parameters: {'n_estimators': 40, 'max_depth': 5, 'gamma': 0.5250915966595621, 'subsample': 0.9207383574491986, 'colsample_bytree': 0.565555321173957}. Best is trial 2 with value: 0.65.
[I 2026-04-13 12:59:24,941] Trial 8 finished with value: 0.4 and parameters: {'n_estimators': 100, 'max_depth': 5, 'gamma': 0.3919835527051987, 'subsample': 0.6502094521590198, 'colsample_bytree': 0.5827507002328938}. Best is trial 2 with value: 0.65.
[I 2026-04-13 12:59:24,977] Trial 9 finished with value: 0.45 and parameters: {'n_estimators': 100, 'max_depth': 5, 'gamma': 0.8003922413895069, 'subsample': 0.9436444759263674, 'colsample_bytree': 0.8374593849333938}. Best is trial 2 with value: 0.65.
[I 2026-04-13 12:59:25,015] Trial 10 finished with value: 0.6 and parameters: {'n_estimators': 10, 'max_depth': 30, 'gamma': 0.13445536345660636, 'subsample': 0.5093732893332106, 'colsample_bytree': 0.9446716873952172}. Best is trial 2 with value: 0.65.
[I 2026-04-13 12:59:25,054] Trial 11 finished with value: 0.5 and parameters: {'n_estimators': 40, 'max_depth': 30, 'gamma': 0.2681645700627216, 'subsample': 0.5149217080986768, 'colsample_bytree': 0.6446453902971881}. Best is trial 2 with value: 0.65.
[I 2026-04-13 12:59:25,091] Trial 12 finished with value: 0.5 and parameters: {'n_estimators': 40, 'max_depth': 20, 'gamma': 0.7081376218947077, 'subsample': 0.5800576653454524, 'colsample_bytree': 0.6641358496000705}. Best is trial 2 with value: 0.65.
[I 2026-04-13 12:59:25,141] Trial 13 finished with value: 0.45 and parameters: {'n_estimators': 40, 'max_depth': 20, 'gamma': 0.7361150977900042, 'subsample': 0.5689890579461889, 'colsample_bytree': 0.8091740729727609}. Best is trial 2 with value: 0.65.
[I 2026-04-13 12:59:25,180] Trial 14 finished with value: 0.5 and parameters: {'n_estimators': 10, 'max_depth': 30, 'gamma': 0.8482768549156741, 'subsample': 0.7522334370573833, 'colsample_bytree': 0.8633267814512384}. Best is trial 2 with value: 0.65.
[I 2026-04-13 12:59:25,216] Trial 15 finished with value: 0.55 and parameters: {'n_estimators': 40, 'max_depth': 5, 'gamma': 0.6285436107550151, 'subsample': 0.5051076021006287, 'colsample_bytree': 0.66646045251219}. Best is trial 2 with value: 0.65.
[I 2026-04-13 12:59:25,255] Trial 16 finished with value: 0.55 and parameters: {'n_estimators': 40, 'max_depth': 20, 'gamma': 0.3851209698407902, 'subsample': 0.7419182861985638, 'colsample_bytree': 0.9928973939225177}. Best is trial 2 with value: 0.65.
[I 2026-04-13 12:59:25,294] Trial 17 finished with value: 0.5 and parameters: {'n_estimators': 10, 'max_depth': 5, 'gamma': 0.11224461077351439, 'subsample': 0.6002132644393778, 'colsample_bytree': 0.6002878017936444}. Best is trial 2 with value: 0.65.
[I 2026-04-13 12:59:25,331] Trial 18 finished with value: 0.6 and parameters: {'n_estimators': 40, 'max_depth': 20, 'gamma': 0.8613527117299435, 'subsample': 0.5555755157512686, 'colsample_bytree': 0.5028732448871562}. Best is trial 2 with value: 0.65.
[I 2026-04-13 12:59:25,372] Trial 19 finished with value: 0.5 and parameters: {'n_estimators': 10, 'max_depth': 30, 'gamma': 0.9936397074228487, 'subsample': 0.6401832072889282, 'colsample_bytree': 0.7807356457768694}. Best is trial 2 with value: 0.65.
[I 2026-04-13 12:59:25,412] Trial 20 finished with value: 0.4 and parameters: {'n_estimators': 40, 'max_depth': 20, 'gamma': 0.31091928305702765, 'subsample': 0.9961764358499778, 'colsample_bytree': 0.7024509149749447}. Best is trial 2 with value: 0.65.
[I 2026-04-13 12:59:25,472] Trial 21 finished with value: 0.45 and parameters: {'n_estimators': 100, 'max_depth': 5, 'gamma': 0.9081188132690374, 'subsample': 0.617729295615965, 'colsample_bytree': 0.7025350914953843}. Best is trial 2 with value: 0.65.
[I 2026-04-13 12:59:25,531] Trial 22 finished with value: 0.55 and parameters: {'n_estimators': 100, 'max_depth': 5, 'gamma': 0.6212466816916712, 'subsample': 0.5510447171174809, 'colsample_bytree': 0.6193031131452849}. Best is trial 2 with value: 0.65.
[I 2026-04-13 12:59:25,579] Trial 23 finished with value: 0.4 and parameters: {'n_estimators': 100, 'max_depth': 5, 'gamma': 0.917308984448597, 'subsample': 0.6924155703831127, 'colsample_bytree': 0.7233685887269713}. Best is trial 2 with value: 0.65.
[I 2026-04-13 12:59:25,637] Trial 24 finished with value: 0.35 and parameters: {'n_estimators': 100, 'max_depth': 5, 'gamma': 0.7767647220647534, 'subsample': 0.5385962567955639, 'colsample_bytree': 0.7941008804208141}. Best is trial 2 with value: 0.65.
[I 2026-04-13 12:59:25,685] Trial 25 finished with value: 0.5 and parameters: {'n_estimators': 100, 'max_depth': 5, 'gamma': 0.6099601241058665, 'subsample': 0.6112824127958421, 'colsample_bytree': 0.8672181932516342}. Best is trial 2 with value: 0.65.
[I 2026-04-13 12:59:25,725] Trial 26 finished with value: 0.65 and parameters: {'n_estimators': 10, 'max_depth': 5, 'gamma': 0.8261004960662158, 'subsample': 0.740127886255897, 'colsample_bytree': 0.6810224864832864}. Best is trial 2 with value: 0.65.
[I 2026-04-13 12:59:25,763] Trial 27 finished with value: 0.5 and parameters: {'n_estimators': 10, 'max_depth': 5, 'gamma': 0.8446388496397383, 'subsample': 0.7861756103826403, 'colsample_bytree': 0.6467206896616734}. Best is trial 2 with value: 0.65.
[I 2026-04-13 12:59:25,803] Trial 28 finished with value: 0.5 and parameters: {'n_estimators': 10, 'max_depth': 30, 'gamma': 0.43141401847839916, 'subsample': 0.8630825473234197, 'colsample_bytree': 0.548958877988561}. Best is trial 2 with value: 0.65.
[I 2026-04-13 12:59:25,842] Trial 29 finished with value: 0.5 and parameters: {'n_estimators': 10, 'max_depth': 20, 'gamma': 0.6733404575502734, 'subsample': 0.7547015531883271, 'colsample_bytree': 0.6914516621173055}. Best is trial 2 with value: 0.65.
[I 2026-04-13 12:59:25,927] A new study created in memory with name: rf
[I 2026-04-13 12:59:26,113] Trial 0 finished with value: 0.5 and parameters: {'n_estimators': 130, 'max_depth': 17, 'min_samples_split': 5, 'min_samples_leaf': 8}. Best is trial 0 with value: 0.5.
[I 2026-04-13 12:59:26,691] Trial 1 finished with value: 0.35 and parameters: {'n_estimators': 492, 'max_depth': 12, 'min_samples_split': 6, 'min_samples_leaf': 1}. Best is trial 0 with value: 0.5.
[I 2026-04-13 12:59:26,988] Trial 2 finished with value: 0.5 and parameters: {'n_estimators': 207, 'max_depth': 11, 'min_samples_split': 8, 'min_samples_leaf': 9}. Best is trial 0 with value: 0.5.
[I 2026-04-13 12:59:27,347] Trial 3 finished with value: 0.5 and parameters: {'n_estimators': 252, 'max_depth': 4, 'min_samples_split': 4, 'min_samples_leaf': 10}. Best is trial 0 with value: 0.5.
[I 2026-04-13 12:59:27,644] Trial 4 finished with value: 0.35 and parameters: {'n_estimators': 185, 'max_depth': 11, 'min_samples_split': 10, 'min_samples_leaf': 1}. Best is trial 0 with value: 0.5.
[I 2026-04-13 12:59:28,135] Trial 5 finished with value: 0.4 and parameters: {'n_estimators': 340, 'max_depth': 20, 'min_samples_split': 4, 'min_samples_leaf': 6}. Best is trial 0 with value: 0.5.
[I 2026-04-13 12:59:28,945] Trial 6 finished with value: 0.5 and parameters: {'n_estimators': 464, 'max_depth': 5, 'min_samples_split': 6, 'min_samples_leaf': 8}. Best is trial 0 with value: 0.5.
[I 2026-04-13 12:59:29,706] Trial 7 finished with value: 0.4 and parameters: {'n_estimators': 368, 'max_depth': 11, 'min_samples_split': 3, 'min_samples_leaf': 5}. Best is trial 0 with value: 0.5.
[I 2026-04-13 12:59:30,035] Trial 8 finished with value: 0.5 and parameters: {'n_estimators': 249, 'max_depth': 11, 'min_samples_split': 5, 'min_samples_leaf': 9}. Best is trial 0 with value: 0.5.
[I 2026-04-13 12:59:30,556] Trial 9 finished with value: 0.4 and parameters: {'n_estimators': 408, 'max_depth': 8, 'min_samples_split': 7, 'min_samples_leaf': 3}. Best is trial 0 with value: 0.5.
[I 2026-04-13 12:59:30,849] Trial 10 finished with value: 0.4 and parameters: {'n_estimators': 156, 'max_depth': 19, 'min_samples_split': 2, 'min_samples_leaf': 7}. Best is trial 0 with value: 0.5.
[I 2026-04-13 12:59:31,049] Trial 11 finished with value: 0.5 and parameters: {'n_estimators': 123, 'max_depth': 16, 'min_samples_split': 9, 'min_samples_leaf': 10}. Best is trial 0 with value: 0.5.
[I 2026-04-13 12:59:31,345] Trial 12 finished with value: 0.5 and parameters: {'n_estimators': 211, 'max_depth': 15, 'min_samples_split': 8, 'min_samples_leaf': 8}. Best is trial 0 with value: 0.5.
[I 2026-04-13 12:59:31,498] Trial 13 finished with value: 0.45 and parameters: {'n_estimators': 100, 'max_depth': 16, 'min_samples_split': 8, 'min_samples_leaf': 5}. Best is trial 0 with value: 0.5.
[I 2026-04-13 12:59:31,860] Trial 14 finished with value: 0.5 and parameters: {'n_estimators': 282, 'max_depth': 8, 'min_samples_split': 7, 'min_samples_leaf': 8}. Best is trial 0 with value: 0.5.
[I 2026-04-13 12:59:32,174] Trial 15 finished with value: 0.5 and parameters: {'n_estimators': 198, 'max_depth': 14, 'min_samples_split': 10, 'min_samples_leaf': 7}. Best is trial 0 with value: 0.5.
[I 2026-04-13 12:59:32,408] Trial 16 finished with value: 0.5 and parameters: {'n_estimators': 145, 'max_depth': 18, 'min_samples_split': 5, 'min_samples_leaf': 9}. Best is trial 0 with value: 0.5.
[I 2026-04-13 12:59:32,715] Trial 17 finished with value: 0.45 and parameters: {'n_estimators': 234, 'max_depth': 7, 'min_samples_split': 8, 'min_samples_leaf': 6}. Best is trial 0 with value: 0.5.
[I 2026-04-13 12:59:33,116] Trial 18 finished with value: 0.5 and parameters: {'n_estimators': 307, 'max_depth': 13, 'min_samples_split': 7, 'min_samples_leaf': 9}. Best is trial 0 with value: 0.5.
[I 2026-04-13 12:59:33,408] Trial 19 finished with value: 0.35 and parameters: {'n_estimators': 168, 'max_depth': 9, 'min_samples_split': 4, 'min_samples_leaf': 4}. Best is trial 0 with value: 0.5.
[I 2026-04-13 12:59:33,618] Trial 20 finished with value: 0.4 and parameters: {'n_estimators': 101, 'max_depth': 17, 'min_samples_split': 6, 'min_samples_leaf': 7}. Best is trial 0 with value: 0.5.
[I 2026-04-13 12:59:34,014] Trial 21 finished with value: 0.5 and parameters: {'n_estimators': 270, 'max_depth': 3, 'min_samples_split': 4, 'min_samples_leaf': 10}. Best is trial 0 with value: 0.5.
[I 2026-04-13 12:59:34,400] Trial 22 finished with value: 0.5 and parameters: {'n_estimators': 228, 'max_depth': 3, 'min_samples_split': 2, 'min_samples_leaf': 10}. Best is trial 0 with value: 0.5.
[I 2026-04-13 12:59:34,817] Trial 23 finished with value: 0.5 and parameters: {'n_estimators': 307, 'max_depth': 5, 'min_samples_split': 5, 'min_samples_leaf': 9}. Best is trial 0 with value: 0.5.
[I 2026-04-13 12:59:35,105] Trial 24 finished with value: 0.5 and parameters: {'n_estimators': 174, 'max_depth': 6, 'min_samples_split': 3, 'min_samples_leaf': 10}. Best is trial 0 with value: 0.5.
