[I 2026-04-13 13:08:29,736] Trial 6 finished with value: 0.425 and parameters: {'C': 6.753661388238877, 'penalty': 'l2'}. Best is trial 4 with value: 0.475.
[I 2026-04-13 13:08:29,761] Trial 7 finished with value: 0.425 and parameters: {'C': 0.39092184460352974, 'penalty': 'l2'}. Best is trial 4 with value: 0.475.
[I 2026-04-13 13:08:29,786] Trial 8 finished with value: 0.425 and parameters: {'C': 0.03047912590082646, 'penalty': 'l2'}. Best is trial 4 with value: 0.475.
[I 2026-04-13 13:08:29,809] Trial 9 finished with value: 0.425 and parameters: {'C': 0.008681727362499118, 'penalty': 'l2'}. Best is trial 4 with value: 0.475.
[I 2026-04-13 13:08:29,840] Trial 10 finished with value: 0.4 and parameters: {'C': 0.0010280973566261366, 'penalty': 'l2'}. Best is trial 4 with value: 0.475.
[I 2026-04-13 13:08:29,870] Trial 11 finished with value: 0.45 and parameters: {'C': 0.8166723998125255, 'penalty': 'l2'}. Best is trial 4 with value: 0.475.
[I 2026-04-13 13:08:29,897] Trial 12 finished with value: 0.425 and parameters: {'C': 1.1997195165176424, 'penalty': 'l2'}. Best is trial 4 with value: 0.475.
[I 2026-04-13 13:08:29,924] Trial 13 finished with value: 0.45 and parameters: {'C': 0.13621000482303902, 'penalty': 'l2'}. Best is trial 4 with value: 0.475.
[I 2026-04-13 13:08:29,954] Trial 14 finished with value: 0.45 and parameters: {'C': 4.636013084524028, 'penalty': 'l2'}. Best is trial 4 with value: 0.475.
[I 2026-04-13 13:08:29,981] Trial 15 finished with value: 0.45 and parameters: {'C': 0.11468851318039641, 'penalty': 'l2'}. Best is trial 4 with value: 0.475.
[I 2026-04-13 13:08:30,010] Trial 16 finished with value: 0.45 and parameters: {'C': 0.8302412295509057, 'penalty': 'l2'}. Best is trial 4 with value: 0.475.
[I 2026-04-13 13:08:30,051] Trial 17 finished with value: 0.45 and parameters: {'C': 5.56361091727818, 'penalty': 'l2'}. Best is trial 4 with value: 0.475.
[I 2026-04-13 13:08:30,083] Trial 18 finished with value: 0.45 and parameters: {'C': 0.09179336328170713, 'penalty': 'l2'}. Best is trial 4 with value: 0.475.
[I 2026-04-13 13:08:30,113] Trial 19 finished with value: 0.475 and parameters: {'C': 0.34507122813530294, 'penalty': 'l2'}. Best is trial 4 with value: 0.475.
[I 2026-04-13 13:08:30,143] Trial 20 finished with value: 0.4 and parameters: {'C': 0.0010266920260633857, 'penalty': 'l2'}. Best is trial 4 with value: 0.475.
[I 2026-04-13 13:08:30,168] Trial 21 finished with value: 0.45 and parameters: {'C': 0.35858433522305333, 'penalty': 'l2'}. Best is trial 4 with value: 0.475.
[I 2026-04-13 13:08:30,195] Trial 22 finished with value: 0.425 and parameters: {'C': 1.8758679498691542, 'penalty': 'l2'}. Best is trial 4 with value: 0.475.
[I 2026-04-13 13:08:30,224] Trial 23 finished with value: 0.45 and parameters: {'C': 0.05773563202011, 'penalty': 'l2'}. Best is trial 4 with value: 0.475.
[I 2026-04-13 13:08:30,251] Trial 24 finished with value: 0.475 and parameters: {'C': 0.3077730486483939, 'penalty': 'l2'}. Best is trial 4 with value: 0.475.
[I 2026-04-13 13:08:30,281] Trial 25 finished with value: 0.475 and parameters: {'C': 0.22676591255833065, 'penalty': 'l2'}. Best is trial 4 with value: 0.475.
[I 2026-04-13 13:08:30,297] Trial 26 finished with value: 0.4 and parameters: {'C': 0.03853351542833251, 'penalty': 'l2'}. Best is trial 4 with value: 0.475.
[I 2026-04-13 13:08:30,326] Trial 27 finished with value: 0.45 and parameters: {'C': 0.3570600428500134, 'penalty': 'l2'}. Best is trial 4 with value: 0.475.
[I 2026-04-13 13:08:30,353] Trial 28 finished with value: 0.425 and parameters: {'C': 1.9958618072489438, 'penalty': 'l2'}. Best is trial 4 with value: 0.475.
[I 2026-04-13 13:08:30,387] Trial 29 finished with value: 0.425 and parameters: {'C': 0.020119743847817298, 'penalty': 'l2'}. Best is trial 4 with value: 0.475.
[I 2026-04-13 13:08:30,430] A new study created in memory with name: knn
[I 2026-04-13 13:08:30,444] Trial 0 finished with value: 0.325 and parameters: {'n_neighbors': 4, 'leaf_size': 38, 'p': 2}. Best is trial 0 with value: 0.325.
[I 2026-04-13 13:08:30,459] Trial 1 finished with value: 0.35 and parameters: {'n_neighbors': 6, 'leaf_size': 32, 'p': 1}. Best is trial 1 with value: 0.35.
[I 2026-04-13 13:08:30,473] Trial 2 finished with value: 0.35 and parameters: {'n_neighbors': 5, 'leaf_size': 23, 'p': 2}. Best is trial 1 with value: 0.35.
[I 2026-04-13 13:08:30,497] Trial 3 finished with value: 0.35 and parameters: {'n_neighbors': 6, 'leaf_size': 23, 'p': 1}. Best is trial 1 with value: 0.35.
[I 2026-04-13 13:08:30,510] Trial 4 finished with value: 0.35 and parameters: {'n_neighbors': 6, 'leaf_size': 26, 'p': 1}. Best is trial 1 with value: 0.35.
[I 2026-04-13 13:08:30,533] Trial 5 finished with value: 0.475 and parameters: {'n_neighbors': 7, 'leaf_size': 25, 'p': 1}. Best is trial 5 with value: 0.475.
[I 2026-04-13 13:08:30,556] Trial 6 finished with value: 0.35 and parameters: {'n_neighbors': 5, 'leaf_size': 23, 'p': 2}. Best is trial 5 with value: 0.475.
[I 2026-04-13 13:08:30,570] Trial 7 finished with value: 0.45 and parameters: {'n_neighbors': 10, 'leaf_size': 23, 'p': 2}. Best is trial 5 with value: 0.475.
[I 2026-04-13 13:08:30,583] Trial 8 finished with value: 0.45 and parameters: {'n_neighbors': 8, 'leaf_size': 36, 'p': 2}. Best is trial 5 with value: 0.475.
[I 2026-04-13 13:08:30,596] Trial 9 finished with value: 0.375 and parameters: {'n_neighbors': 3, 'leaf_size': 30, 'p': 2}. Best is trial 5 with value: 0.475.
[I 2026-04-13 13:08:30,620] Trial 10 finished with value: 0.45 and parameters: {'n_neighbors': 8, 'leaf_size': 29, 'p': 1}. Best is trial 5 with value: 0.475.
[I 2026-04-13 13:08:30,647] Trial 11 finished with value: 0.45 and parameters: {'n_neighbors': 10, 'leaf_size': 20, 'p': 1}. Best is trial 5 with value: 0.475.
[I 2026-04-13 13:08:30,673] Trial 12 finished with value: 0.45 and parameters: {'n_neighbors': 10, 'leaf_size': 27, 'p': 1}. Best is trial 5 with value: 0.475.
[I 2026-04-13 13:08:30,693] Trial 13 finished with value: 0.45 and parameters: {'n_neighbors': 8, 'leaf_size': 20, 'p': 2}. Best is trial 5 with value: 0.475.
[I 2026-04-13 13:08:30,712] Trial 14 finished with value: 0.475 and parameters: {'n_neighbors': 9, 'leaf_size': 25, 'p': 2}. Best is trial 5 with value: 0.475.
[I 2026-04-13 13:08:30,731] Trial 15 finished with value: 0.475 and parameters: {'n_neighbors': 9, 'leaf_size': 33, 'p': 1}. Best is trial 5 with value: 0.475.
[I 2026-04-13 13:08:30,754] Trial 16 finished with value: 0.475 and parameters: {'n_neighbors': 7, 'leaf_size': 26, 'p': 1}. Best is trial 5 with value: 0.475.
[I 2026-04-13 13:08:30,779] Trial 17 finished with value: 0.475 and parameters: {'n_neighbors': 9, 'leaf_size': 28, 'p': 2}. Best is trial 5 with value: 0.475.
[I 2026-04-13 13:08:30,801] Trial 18 finished with value: 0.475 and parameters: {'n_neighbors': 7, 'leaf_size': 25, 'p': 1}. Best is trial 5 with value: 0.475.
[I 2026-04-13 13:08:30,822] Trial 19 finished with value: 0.475 and parameters: {'n_neighbors': 9, 'leaf_size': 30, 'p': 2}. Best is trial 5 with value: 0.475.
[I 2026-04-13 13:08:30,848] Trial 20 finished with value: 0.475 and parameters: {'n_neighbors': 7, 'leaf_size': 33, 'p': 2}. Best is trial 5 with value: 0.475.
[I 2026-04-13 13:08:30,881] Trial 21 finished with value: 0.475 and parameters: {'n_neighbors': 9, 'leaf_size': 33, 'p': 1}. Best is trial 5 with value: 0.475.
[I 2026-04-13 13:08:30,902] Trial 22 finished with value: 0.475 and parameters: {'n_neighbors': 9, 'leaf_size': 36, 'p': 1}. Best is trial 5 with value: 0.475.
[I 2026-04-13 13:08:30,937] Trial 23 finished with value: 0.45 and parameters: {'n_neighbors': 8, 'leaf_size': 35, 'p': 1}. Best is trial 5 with value: 0.475.
[I 2026-04-13 13:08:30,969] Trial 24 finished with value: 0.475 and parameters: {'n_neighbors': 9, 'leaf_size': 39, 'p': 1}. Best is trial 5 with value: 0.475.
[I 2026-04-13 13:08:31,008] Trial 25 finished with value: 0.45 and parameters: {'n_neighbors': 8, 'leaf_size': 32, 'p': 1}. Best is trial 5 with value: 0.475.
[I 2026-04-13 13:08:31,046] Trial 26 finished with value: 0.45 and parameters: {'n_neighbors': 10, 'leaf_size': 25, 'p': 1}. Best is trial 5 with value: 0.475.
[I 2026-04-13 13:08:31,069] Trial 27 finished with value: 0.475 and parameters: {'n_neighbors': 7, 'leaf_size': 28, 'p': 1}. Best is trial 5 with value: 0.475.
[I 2026-04-13 13:08:31,094] Trial 28 finished with value: 0.475 and parameters: {'n_neighbors': 9, 'leaf_size': 31, 'p': 2}. Best is trial 5 with value: 0.475.
[I 2026-04-13 13:08:31,121] Trial 29 finished with value: 0.35 and parameters: {'n_neighbors': 5, 'leaf_size': 40, 'p': 2}. Best is trial 5 with value: 0.475.
[I 2026-04-13 13:08:31,159] A new study created in memory with name: xgb
[I 2026-04-13 13:08:31,196] Trial 0 finished with value: 0.4 and parameters: {'n_estimators': 40, 'max_depth': 5, 'gamma': 0.789317070832284, 'subsample': 0.7592089939364717, 'colsample_bytree': 0.648400250788111}. Best is trial 0 with value: 0.4.
[I 2026-04-13 13:08:31,243] Trial 1 finished with value: 0.4 and parameters: {'n_estimators': 100, 'max_depth': 30, 'gamma': 0.34667781579300216, 'subsample': 0.7071175095405257, 'colsample_bytree': 0.6480399663668239}. Best is trial 0 with value: 0.4.
[I 2026-04-13 13:08:31,271] Trial 2 finished with value: 0.425 and parameters: {'n_estimators': 10, 'max_depth': 20, 'gamma': 0.3948075529198607, 'subsample': 0.5720821503267102, 'colsample_bytree': 0.5828064306006338}. Best is trial 2 with value: 0.425.
[I 2026-04-13 13:08:31,311] Trial 3 finished with value: 0.45 and parameters: {'n_estimators': 10, 'max_depth': 30, 'gamma': 0.8015631269999768, 'subsample': 0.5114665462195407, 'colsample_bytree': 0.788831429064878}. Best is trial 3 with value: 0.45.
[I 2026-04-13 13:08:31,347] Trial 4 finished with value: 0.35 and parameters: {'n_estimators': 100, 'max_depth': 5, 'gamma': 0.8834347783013348, 'subsample': 0.961374806972835, 'colsample_bytree': 0.5011071062662218}. Best is trial 3 with value: 0.45.
[I 2026-04-13 13:08:31,404] Trial 5 finished with value: 0.475 and parameters: {'n_estimators': 40, 'max_depth': 5, 'gamma': 0.5364379674896123, 'subsample': 0.5145557818363589, 'colsample_bytree': 0.5432628442011025}. Best is trial 5 with value: 0.475.
[I 2026-04-13 13:08:31,464] Trial 6 finished with value: 0.35 and parameters: {'n_estimators': 100, 'max_depth': 20, 'gamma': 0.6718205850237038, 'subsample': 0.9059511955902053, 'colsample_bytree': 0.9633413076219371}. Best is trial 5 with value: 0.475.
[I 2026-04-13 13:08:31,491] Trial 7 finished with value: 0.4 and parameters: {'n_estimators': 10, 'max_depth': 30, 'gamma': 0.8165284487704038, 'subsample': 0.5255714015506736, 'colsample_bytree': 0.594333867896554}. Best is trial 5 with value: 0.475.
[I 2026-04-13 13:08:31,530] Trial 8 finished with value: 0.4 and parameters: {'n_estimators': 100, 'max_depth': 20, 'gamma': 0.6251497693480509, 'subsample': 0.9696496759824258, 'colsample_bytree': 0.9717700410079397}. Best is trial 5 with value: 0.475.
[I 2026-04-13 13:08:31,568] Trial 9 finished with value: 0.4 and parameters: {'n_estimators': 40, 'max_depth': 30, 'gamma': 0.9649927737686168, 'subsample': 0.6857563076640036, 'colsample_bytree': 0.5061847058001788}. Best is trial 5 with value: 0.475.
[I 2026-04-13 13:08:31,614] Trial 10 finished with value: 0.4 and parameters: {'n_estimators': 40, 'max_depth': 5, 'gamma': 0.17962098877423716, 'subsample': 0.8185311023645913, 'colsample_bytree': 0.7898330861721071}. Best is trial 5 with value: 0.475.
[I 2026-04-13 13:08:31,663] Trial 11 finished with value: 0.35 and parameters: {'n_estimators': 10, 'max_depth': 5, 'gamma': 0.47895550501632295, 'subsample': 0.6051507994724706, 'colsample_bytree': 0.8027369043217835}. Best is trial 5 with value: 0.475.
[I 2026-04-13 13:08:31,708] Trial 12 finished with value: 0.425 and parameters: {'n_estimators': 40, 'max_depth': 30, 'gamma': 0.6593319505543098, 'subsample': 0.5249228561883639, 'colsample_bytree': 0.8598621156140489}. Best is trial 5 with value: 0.475.
[I 2026-04-13 13:08:31,746] Trial 13 finished with value: 0.375 and parameters: {'n_estimators': 10, 'max_depth': 30, 'gamma': 0.5268615503101213, 'subsample': 0.6411093055389533, 'colsample_bytree': 0.7036263224670396}. Best is trial 5 with value: 0.475.
[I 2026-04-13 13:08:31,791] Trial 14 finished with value: 0.45 and parameters: {'n_estimators': 10, 'max_depth': 5, 'gamma': 0.2409007967230276, 'subsample': 0.5077589788523803, 'colsample_bytree': 0.8556872056092556}. Best is trial 5 with value: 0.475.
[I 2026-04-13 13:08:31,827] Trial 15 finished with value: 0.45 and parameters: {'n_estimators': 40, 'max_depth': 30, 'gamma': 0.7543903414723538, 'subsample': 0.5942705836955756, 'colsample_bytree': 0.7227029601296806}. Best is trial 5 with value: 0.475.
[I 2026-04-13 13:08:31,868] Trial 16 finished with value: 0.45 and parameters: {'n_estimators': 10, 'max_depth': 5, 'gamma': 0.992419125688274, 'subsample': 0.8009322113684061, 'colsample_bytree': 0.8916683174640266}. Best is trial 5 with value: 0.475.
[I 2026-04-13 13:08:31,917] Trial 17 finished with value: 0.45 and parameters: {'n_estimators': 40, 'max_depth': 30, 'gamma': 0.4304810120679072, 'subsample': 0.6501162750724356, 'colsample_bytree': 0.7726180479077424}. Best is trial 5 with value: 0.475.
[I 2026-04-13 13:08:31,956] Trial 18 finished with value: 0.375 and parameters: {'n_estimators': 10, 'max_depth': 5, 'gamma': 0.5895737612488272, 'subsample': 0.553194872894814, 'colsample_bytree': 0.6754307430192054}. Best is trial 5 with value: 0.475.
[I 2026-04-13 13:08:32,005] Trial 19 finished with value: 0.35 and parameters: {'n_estimators': 40, 'max_depth': 20, 'gamma': 0.2792048953739036, 'subsample': 0.8671875696360061, 'colsample_bytree': 0.5798109107205746}. Best is trial 5 with value: 0.475.
[I 2026-04-13 13:08:32,054] Trial 20 finished with value: 0.45 and parameters: {'n_estimators': 40, 'max_depth': 30, 'gamma': 0.7310993644314148, 'subsample': 0.6434582452752613, 'colsample_bytree': 0.9172906235380884}. Best is trial 5 with value: 0.475.
[I 2026-04-13 13:08:32,090] Trial 21 finished with value: 0.45 and parameters: {'n_estimators': 10, 'max_depth': 5, 'gamma': 0.1633142690333298, 'subsample': 0.5032329928111994, 'colsample_bytree': 0.8526987143565976}. Best is trial 5 with value: 0.475.
[I 2026-04-13 13:08:32,122] Trial 22 finished with value: 0.45 and parameters: {'n_estimators': 10, 'max_depth': 5, 'gamma': 0.23513256918201086, 'subsample': 0.5591079727806274, 'colsample_bytree': 0.8328789209832664}. Best is trial 5 with value: 0.475.
[I 2026-04-13 13:08:32,158] Trial 23 finished with value: 0.475 and parameters: {'n_estimators': 10, 'max_depth': 5, 'gamma': 0.10626253424893489, 'subsample': 0.5098909212836789, 'colsample_bytree': 0.7408003959102275}. Best is trial 5 with value: 0.475.
[I 2026-04-13 13:08:32,199] Trial 24 finished with value: 0.35 and parameters: {'n_estimators': 10, 'max_depth': 5, 'gamma': 0.10741212685407375, 'subsample': 0.6061413187148377, 'colsample_bytree': 0.7400192298951715}. Best is trial 5 with value: 0.475.
[I 2026-04-13 13:08:32,236] Trial 25 finished with value: 0.45 and parameters: {'n_estimators': 10, 'max_depth': 5, 'gamma': 0.8681377068120295, 'subsample': 0.5488065520270916, 'colsample_bytree': 0.6154029876848661}. Best is trial 5 with value: 0.475.
[I 2026-04-13 13:08:32,276] Trial 26 finished with value: 0.525 and parameters: {'n_estimators': 10, 'max_depth': 5, 'gamma': 0.5288646589930857, 'subsample': 0.6980674351355819, 'colsample_bytree': 0.6932420934463921}. Best is trial 26 with value: 0.525.
[I 2026-04-13 13:08:32,315] Trial 27 finished with value: 0.45 and parameters: {'n_estimators': 10, 'max_depth': 5, 'gamma': 0.33356615607472834, 'subsample': 0.7332229588648995, 'colsample_bytree': 0.5310604513838799}. Best is trial 26 with value: 0.525.
[I 2026-04-13 13:08:32,367] Trial 28 finished with value: 0.375 and parameters: {'n_estimators': 100, 'max_depth': 5, 'gamma': 0.5160263212239387, 'subsample': 0.7814761682492076, 'colsample_bytree': 0.6887710337351809}. Best is trial 26 with value: 0.525.
[I 2026-04-13 13:08:32,426] Trial 29 finished with value: 0.475 and parameters: {'n_estimators': 40, 'max_depth': 5, 'gamma': 0.46396069750828206, 'subsample': 0.6765876274132018, 'colsample_bytree': 0.6544917722609221}. Best is trial 26 with value: 0.525.
[I 2026-04-13 13:08:32,479] A new study created in memory with name: rf
[I 2026-04-13 13:08:32,715] Trial 0 finished with value: 0.425 and parameters: {'n_estimators': 189, 'max_depth': 18, 'min_samples_split': 3, 'min_samples_leaf': 10}. Best is trial 0 with value: 0.425.
[I 2026-04-13 13:08:33,067] Trial 1 finished with value: 0.5 and parameters: {'n_estimators': 295, 'max_depth': 14, 'min_samples_split': 8, 'min_samples_leaf': 6}. Best is trial 1 with value: 0.5.
[I 2026-04-13 13:08:33,315] Trial 2 finished with value: 0.475 and parameters: {'n_estimators': 219, 'max_depth': 6, 'min_samples_split': 2, 'min_samples_leaf': 8}. Best is trial 1 with value: 0.5.
[I 2026-04-13 13:08:33,746] Trial 3 finished with value: 0.375 and parameters: {'n_estimators': 276, 'max_depth': 5, 'min_samples_split': 9, 'min_samples_leaf': 3}. Best is trial 1 with value: 0.5.
[I 2026-04-13 13:08:34,115] Trial 4 finished with value: 0.45 and parameters: {'n_estimators': 266, 'max_depth': 8, 'min_samples_split': 7, 'min_samples_leaf': 6}. Best is trial 1 with value: 0.5.
[I 2026-04-13 13:08:34,544] Trial 5 finished with value: 0.375 and parameters: {'n_estimators': 340, 'max_depth': 7, 'min_samples_split': 4, 'min_samples_leaf': 3}. Best is trial 1 with value: 0.5.
[I 2026-04-13 13:08:34,842] Trial 6 finished with value: 0.475 and parameters: {'n_estimators': 231, 'max_depth': 5, 'min_samples_split': 3, 'min_samples_leaf': 10}. Best is trial 1 with value: 0.5.
[I 2026-04-13 13:08:35,493] Trial 7 finished with value: 0.375 and parameters: {'n_estimators': 485, 'max_depth': 6, 'min_samples_split': 2, 'min_samples_leaf': 3}. Best is trial 1 with value: 0.5.
[I 2026-04-13 13:08:36,032] Trial 8 finished with value: 0.475 and parameters: {'n_estimators': 380, 'max_depth': 17, 'min_samples_split': 2, 'min_samples_leaf': 6}. Best is trial 1 with value: 0.5.
[I 2026-04-13 13:08:36,209] Trial 9 finished with value: 0.375 and parameters: {'n_estimators': 100, 'max_depth': 12, 'min_samples_split': 7, 'min_samples_leaf': 10}. Best is trial 1 with value: 0.5.
[I 2026-04-13 13:08:36,874] Trial 10 finished with value: 0.475 and parameters: {'n_estimators': 446, 'max_depth': 13, 'min_samples_split': 10, 'min_samples_leaf': 5}. Best is trial 1 with value: 0.5.
[I 2026-04-13 13:08:37,152] Trial 11 finished with value: 0.45 and parameters: {'n_estimators': 175, 'max_depth': 15, 'min_samples_split': 5, 'min_samples_leaf': 8}. Best is trial 1 with value: 0.5.
[I 2026-04-13 13:08:37,650] Trial 12 finished with value: 0.45 and parameters: {'n_estimators': 342, 'max_depth': 10, 'min_samples_split': 8, 'min_samples_leaf': 8}. Best is trial 1 with value: 0.5.
[I 2026-04-13 13:08:37,881] Trial 13 finished with value: 0.4 and parameters: {'n_estimators': 152, 'max_depth': 10, 'min_samples_split': 6, 'min_samples_leaf': 1}. Best is trial 1 with value: 0.5.
[I 2026-04-13 13:08:38,253] Trial 14 finished with value: 0.475 and parameters: {'n_estimators': 222, 'max_depth': 20, 'min_samples_split': 5, 'min_samples_leaf': 8}. Best is trial 1 with value: 0.5.
[I 2026-04-13 13:08:38,718] Trial 15 finished with value: 0.45 and parameters: {'n_estimators': 308, 'max_depth': 3, 'min_samples_split': 10, 'min_samples_leaf': 7}. Best is trial 1 with value: 0.5.
[I 2026-04-13 13:08:39,230] Trial 16 finished with value: 0.475 and parameters: {'n_estimators': 405, 'max_depth': 14, 'min_samples_split': 8, 'min_samples_leaf': 5}. Best is trial 1 with value: 0.5.
[I 2026-04-13 13:08:39,604] Trial 17 finished with value: 0.45 and parameters: {'n_estimators': 245, 'max_depth': 10, 'min_samples_split': 6, 'min_samples_leaf': 7}. Best is trial 1 with value: 0.5.
[I 2026-04-13 13:08:40,034] Trial 18 finished with value: 0.475 and parameters: {'n_estimators': 310, 'max_depth': 16, 'min_samples_split': 8, 'min_samples_leaf': 4}. Best is trial 1 with value: 0.5.
[I 2026-04-13 13:08:40,237] Trial 19 finished with value: 0.475 and parameters: {'n_estimators': 127, 'max_depth': 3, 'min_samples_split': 4, 'min_samples_leaf': 9}. Best is trial 1 with value: 0.5.
[I 2026-04-13 13:08:40,574] Trial 20 finished with value: 0.375 and parameters: {'n_estimators': 203, 'max_depth': 8, 'min_samples_split': 9, 'min_samples_leaf': 1}. Best is trial 1 with value: 0.5.
[I 2026-04-13 13:08:40,902] Trial 21 finished with value: 0.45 and parameters: {'n_estimators': 239, 'max_depth': 5, 'min_samples_split': 3, 'min_samples_leaf': 9}. Best is trial 1 with value: 0.5.
[I 2026-04-13 13:08:41,296] Trial 22 finished with value: 0.45 and parameters: {'n_estimators': 269, 'max_depth': 4, 'min_samples_split': 3, 'min_samples_leaf': 9}. Best is trial 1 with value: 0.5.
[I 2026-04-13 13:08:41,607] Trial 23 finished with value: 0.45 and parameters: {'n_estimators': 216, 'max_depth': 8, 'min_samples_split': 2, 'min_samples_leaf': 7}. Best is trial 1 with value: 0.5.
[I 2026-04-13 13:08:41,905] Trial 24 finished with value: 0.475 and parameters: {'n_estimators': 167, 'max_depth': 11, 'min_samples_split': 4, 'min_samples_leaf': 10}. Best is trial 1 with value: 0.5.
[I 2026-04-13 13:08:42,341] Trial 25 finished with value: 0.475 and parameters: {'n_estimators': 343, 'max_depth': 6, 'min_samples_split': 5, 'min_samples_leaf': 9}. Best is trial 1 with value: 0.5.
[I 2026-04-13 13:08:42,819] Trial 26 finished with value: 0.45 and parameters: {'n_estimators': 287, 'max_depth': 13, 'min_samples_split': 3, 'min_samples_leaf': 8}. Best is trial 1 with value: 0.5.
