[I 2026-04-13 13:10:29,259] Trial 22 finished with value: 0.45 and parameters: {'n_estimators': 168, 'max_depth': 8, 'min_samples_split': 7, 'min_samples_leaf': 6}. Best is trial 8 with value: 0.525.
[I 2026-04-13 13:10:29,867] Trial 23 finished with value: 0.5 and parameters: {'n_estimators': 445, 'max_depth': 15, 'min_samples_split': 9, 'min_samples_leaf': 4}. Best is trial 8 with value: 0.525.
[I 2026-04-13 13:10:30,365] Trial 24 finished with value: 0.475 and parameters: {'n_estimators': 315, 'max_depth': 18, 'min_samples_split': 8, 'min_samples_leaf': 5}. Best is trial 8 with value: 0.525.
[I 2026-04-13 13:10:30,835] Trial 25 finished with value: 0.5 and parameters: {'n_estimators': 409, 'max_depth': 12, 'min_samples_split': 10, 'min_samples_leaf': 7}. Best is trial 8 with value: 0.525.
[I 2026-04-13 13:10:31,220] Trial 26 finished with value: 0.45 and parameters: {'n_estimators': 240, 'max_depth': 9, 'min_samples_split': 7, 'min_samples_leaf': 4}. Best is trial 8 with value: 0.525.
[I 2026-04-13 13:10:31,780] Trial 27 finished with value: 0.375 and parameters: {'n_estimators': 463, 'max_depth': 18, 'min_samples_split': 4, 'min_samples_leaf': 9}. Best is trial 8 with value: 0.525.
[I 2026-04-13 13:10:32,201] Trial 28 finished with value: 0.475 and parameters: {'n_estimators': 299, 'max_depth': 19, 'min_samples_split': 6, 'min_samples_leaf': 6}. Best is trial 8 with value: 0.525.
[I 2026-04-13 13:10:32,503] Trial 29 finished with value: 0.3 and parameters: {'n_estimators': 187, 'max_depth': 16, 'min_samples_split': 3, 'min_samples_leaf': 1}. Best is trial 8 with value: 0.525.
[I 2026-04-13 13:10:33,424] A new study created in memory with name: mlp
[I 2026-04-13 13:10:33,492] Trial 0 finished with value: 0.55 and parameters: {'hidden_layer_sizes': (200,), 'max_iter': 50, 'alpha': 0.001}. Best is trial 0 with value: 0.55.
[I 2026-04-13 13:10:33,577] Trial 1 finished with value: 0.525 and parameters: {'hidden_layer_sizes': (100,), 'max_iter': 100, 'alpha': 0.0001}. Best is trial 0 with value: 0.55.
[I 2026-04-13 13:10:33,642] Trial 2 finished with value: 0.525 and parameters: {'hidden_layer_sizes': (100,), 'max_iter': 100, 'alpha': 0.001}. Best is trial 0 with value: 0.55.
[I 2026-04-13 13:10:33,687] Trial 3 finished with value: 0.525 and parameters: {'hidden_layer_sizes': (200,), 'max_iter': 50, 'alpha': 0.001}. Best is trial 0 with value: 0.55.
[I 2026-04-13 13:10:33,752] Trial 4 finished with value: 0.55 and parameters: {'hidden_layer_sizes': (100,), 'max_iter': 100, 'alpha': 0.0001}. Best is trial 0 with value: 0.55.
[I 2026-04-13 13:10:33,808] Trial 5 finished with value: 0.525 and parameters: {'hidden_layer_sizes': (100,), 'max_iter': 100, 'alpha': 0.001}. Best is trial 0 with value: 0.55.
[I 2026-04-13 13:10:33,903] Trial 6 finished with value: 0.525 and parameters: {'hidden_layer_sizes': (200,), 'max_iter': 100, 'alpha': 0.001}. Best is trial 0 with value: 0.55.
[I 2026-04-13 13:10:33,999] Trial 7 finished with value: 0.5 and parameters: {'hidden_layer_sizes': (200,), 'max_iter': 100, 'alpha': 0.001}. Best is trial 0 with value: 0.55.
[I 2026-04-13 13:10:34,065] Trial 8 finished with value: 0.55 and parameters: {'hidden_layer_sizes': (100,), 'max_iter': 100, 'alpha': 0.001}. Best is trial 0 with value: 0.55.
[I 2026-04-13 13:10:34,101] Trial 9 finished with value: 0.55 and parameters: {'hidden_layer_sizes': (100,), 'max_iter': 50, 'alpha': 0.001}. Best is trial 0 with value: 0.55.
[I 2026-04-13 13:10:34,160] Trial 10 finished with value: 0.55 and parameters: {'hidden_layer_sizes': (100, 100), 'max_iter': 50, 'alpha': 0.0001}. Best is trial 0 with value: 0.55.
[I 2026-04-13 13:10:34,218] Trial 11 finished with value: 0.525 and parameters: {'hidden_layer_sizes': (100, 100), 'max_iter': 50, 'alpha': 0.0001}. Best is trial 0 with value: 0.55.
[I 2026-04-13 13:10:34,264] Trial 12 finished with value: 0.525 and parameters: {'hidden_layer_sizes': (200,), 'max_iter': 50, 'alpha': 0.0001}. Best is trial 0 with value: 0.55.
[I 2026-04-13 13:10:34,309] Trial 13 finished with value: 0.55 and parameters: {'hidden_layer_sizes': (200,), 'max_iter': 50, 'alpha': 0.0001}. Best is trial 0 with value: 0.55.
[I 2026-04-13 13:10:34,395] Trial 14 finished with value: 0.475 and parameters: {'hidden_layer_sizes': (100, 100), 'max_iter': 100, 'alpha': 0.0001}. Best is trial 0 with value: 0.55.
[I 2026-04-13 13:10:34,450] Trial 15 finished with value: 0.55 and parameters: {'hidden_layer_sizes': (100,), 'max_iter': 50, 'alpha': 0.0001}. Best is trial 0 with value: 0.55.
[I 2026-04-13 13:10:34,520] Trial 16 finished with value: 0.525 and parameters: {'hidden_layer_sizes': (200,), 'max_iter': 100, 'alpha': 0.001}. Best is trial 0 with value: 0.55.
[I 2026-04-13 13:10:34,581] Trial 17 finished with value: 0.55 and parameters: {'hidden_layer_sizes': (200,), 'max_iter': 50, 'alpha': 0.0001}. Best is trial 0 with value: 0.55.
[I 2026-04-13 13:10:34,672] Trial 18 finished with value: 0.525 and parameters: {'hidden_layer_sizes': (100,), 'max_iter': 100, 'alpha': 0.001}. Best is trial 0 with value: 0.55.
[I 2026-04-13 13:10:34,738] Trial 19 finished with value: 0.525 and parameters: {'hidden_layer_sizes': (100, 100), 'max_iter': 50, 'alpha': 0.0001}. Best is trial 0 with value: 0.55.
[I 2026-04-13 13:10:34,824] Trial 20 finished with value: 0.525 and parameters: {'hidden_layer_sizes': (200,), 'max_iter': 100, 'alpha': 0.0001}. Best is trial 0 with value: 0.55.
[I 2026-04-13 13:10:34,882] Trial 21 finished with value: 0.525 and parameters: {'hidden_layer_sizes': (100,), 'max_iter': 100, 'alpha': 0.001}. Best is trial 0 with value: 0.55.
[I 2026-04-13 13:10:34,939] Trial 22 finished with value: 0.55 and parameters: {'hidden_layer_sizes': (100,), 'max_iter': 100, 'alpha': 0.001}. Best is trial 0 with value: 0.55.
[I 2026-04-13 13:10:35,029] Trial 23 finished with value: 0.525 and parameters: {'hidden_layer_sizes': (100,), 'max_iter': 100, 'alpha': 0.001}. Best is trial 0 with value: 0.55.
[I 2026-04-13 13:10:35,117] Trial 24 finished with value: 0.55 and parameters: {'hidden_layer_sizes': (100,), 'max_iter': 100, 'alpha': 0.001}. Best is trial 0 with value: 0.55.
[I 2026-04-13 13:10:35,197] Trial 25 finished with value: 0.525 and parameters: {'hidden_layer_sizes': (100,), 'max_iter': 100, 'alpha': 0.001}. Best is trial 0 with value: 0.55.
[I 2026-04-13 13:10:35,247] Trial 26 finished with value: 0.625 and parameters: {'hidden_layer_sizes': (100,), 'max_iter': 50, 'alpha': 0.001}. Best is trial 26 with value: 0.625.
[I 2026-04-13 13:10:35,287] Trial 27 finished with value: 0.475 and parameters: {'hidden_layer_sizes': (100,), 'max_iter': 50, 'alpha': 0.001}. Best is trial 26 with value: 0.625.
[I 2026-04-13 13:10:35,347] Trial 28 finished with value: 0.525 and parameters: {'hidden_layer_sizes': (100, 100), 'max_iter': 50, 'alpha': 0.0001}. Best is trial 26 with value: 0.625.
[I 2026-04-13 13:10:35,396] Trial 29 finished with value: 0.525 and parameters: {'hidden_layer_sizes': (200,), 'max_iter': 50, 'alpha': 0.0001}. Best is trial 26 with value: 0.625.
[I 2026-04-13 13:10:41,421] A new study created in memory with name: naive_bayes
[I 2026-04-13 13:10:41,437] Trial 0 finished with value: 0.975 and parameters: {'var_smoothing': 2.7796258518939306e-10}. Best is trial 0 with value: 0.975.
[I 2026-04-13 13:10:41,451] Trial 1 finished with value: 0.975 and parameters: {'var_smoothing': 5.513972710118387e-09}. Best is trial 0 with value: 0.975.
[I 2026-04-13 13:10:41,466] Trial 2 finished with value: 0.975 and parameters: {'var_smoothing': 2.590826381512706e-10}. Best is trial 0 with value: 0.975.
[I 2026-04-13 13:10:41,482] Trial 3 finished with value: 0.975 and parameters: {'var_smoothing': 6.874194498027403e-09}. Best is trial 0 with value: 0.975.
[I 2026-04-13 13:10:41,497] Trial 4 finished with value: 0.975 and parameters: {'var_smoothing': 9.480306482679771e-10}. Best is trial 0 with value: 0.975.
[I 2026-04-13 13:10:41,511] Trial 5 finished with value: 0.975 and parameters: {'var_smoothing': 1.6729683536668864e-09}. Best is trial 0 with value: 0.975.
[I 2026-04-13 13:10:41,526] Trial 6 finished with value: 0.975 and parameters: {'var_smoothing': 3.402637726935598e-09}. Best is trial 0 with value: 0.975.
[I 2026-04-13 13:10:41,539] Trial 7 finished with value: 0.975 and parameters: {'var_smoothing': 1.0885189040847657e-09}. Best is trial 0 with value: 0.975.
[I 2026-04-13 13:10:41,552] Trial 8 finished with value: 0.975 and parameters: {'var_smoothing': 3.922843686541149e-10}. Best is trial 0 with value: 0.975.
[I 2026-04-13 13:10:41,575] Trial 9 finished with value: 0.975 and parameters: {'var_smoothing': 2.3737908819373785e-10}. Best is trial 0 with value: 0.975.
[I 2026-04-13 13:10:41,601] Trial 10 finished with value: 0.975 and parameters: {'var_smoothing': 1.005826617097841e-10}. Best is trial 0 with value: 0.975.
[I 2026-04-13 13:10:41,618] Trial 11 finished with value: 0.975 and parameters: {'var_smoothing': 8.246040091550826e-09}. Best is trial 0 with value: 0.975.
[I 2026-04-13 13:10:41,635] Trial 12 finished with value: 0.975 and parameters: {'var_smoothing': 5.714429769091136e-10}. Best is trial 0 with value: 0.975.
[I 2026-04-13 13:10:41,655] Trial 13 finished with value: 0.975 and parameters: {'var_smoothing': 3.0046394488828834e-09}. Best is trial 0 with value: 0.975.
[I 2026-04-13 13:10:41,676] Trial 14 finished with value: 0.975 and parameters: {'var_smoothing': 1.0161521526134228e-10}. Best is trial 0 with value: 0.975.
[I 2026-04-13 13:10:41,709] Trial 15 finished with value: 0.975 and parameters: {'var_smoothing': 3.455011319435438e-09}. Best is trial 0 with value: 0.975.
[I 2026-04-13 13:10:41,727] Trial 16 finished with value: 0.975 and parameters: {'var_smoothing': 2.2038800241203009e-10}. Best is trial 0 with value: 0.975.
[I 2026-04-13 13:10:41,758] Trial 17 finished with value: 0.975 and parameters: {'var_smoothing': 1.8515987176145925e-09}. Best is trial 0 with value: 0.975.
[I 2026-04-13 13:10:41,776] Trial 18 finished with value: 0.975 and parameters: {'var_smoothing': 5.024285700153026e-10}. Best is trial 0 with value: 0.975.
[I 2026-04-13 13:10:41,794] Trial 19 finished with value: 0.975 and parameters: {'var_smoothing': 4.958025424412893e-09}. Best is trial 0 with value: 0.975.
[I 2026-04-13 13:10:41,812] Trial 20 finished with value: 0.975 and parameters: {'var_smoothing': 8.344000526157384e-10}. Best is trial 0 with value: 0.975.
[I 2026-04-13 13:10:41,831] Trial 21 finished with value: 0.975 and parameters: {'var_smoothing': 2.46080689865309e-10}. Best is trial 0 with value: 0.975.
[I 2026-04-13 13:10:41,850] Trial 22 finished with value: 0.975 and parameters: {'var_smoothing': 1.4445108350594728e-10}. Best is trial 0 with value: 0.975.
[I 2026-04-13 13:10:41,866] Trial 23 finished with value: 0.975 and parameters: {'var_smoothing': 3.3715577896606737e-10}. Best is trial 0 with value: 0.975.
[I 2026-04-13 13:10:41,884] Trial 24 finished with value: 0.975 and parameters: {'var_smoothing': 1.572466431855027e-10}. Best is trial 0 with value: 0.975.
[I 2026-04-13 13:10:41,904] Trial 25 finished with value: 0.975 and parameters: {'var_smoothing': 7.281746293576245e-10}. Best is trial 0 with value: 0.975.
[I 2026-04-13 13:10:41,924] Trial 26 finished with value: 0.975 and parameters: {'var_smoothing': 3.386254640873244e-10}. Best is trial 0 with value: 0.975.
[I 2026-04-13 13:10:41,944] Trial 27 finished with value: 0.975 and parameters: {'var_smoothing': 1.3918180959975328e-09}. Best is trial 0 with value: 0.975.
[I 2026-04-13 13:10:41,964] Trial 28 finished with value: 0.975 and parameters: {'var_smoothing': 2.3715836084533434e-09}. Best is trial 0 with value: 0.975.
[I 2026-04-13 13:10:41,985] Trial 29 finished with value: 0.975 and parameters: {'var_smoothing': 9.477075781575649e-09}. Best is trial 0 with value: 0.975.
[I 2026-04-13 13:10:42,024] A new study created in memory with name: logreg
[I 2026-04-13 13:10:42,047] Trial 0 finished with value: 0.975 and parameters: {'C': 0.012881482725481003, 'penalty': 'l2'}. Best is trial 0 with value: 0.975.
[I 2026-04-13 13:10:42,072] Trial 1 finished with value: 1.0 and parameters: {'C': 22.576755560681583, 'penalty': 'l2'}. Best is trial 1 with value: 1.0.
[I 2026-04-13 13:10:42,094] Trial 2 finished with value: 0.975 and parameters: {'C': 0.010804278656839932, 'penalty': 'l2'}. Best is trial 1 with value: 1.0.
[I 2026-04-13 13:10:42,107] Trial 3 finished with value: 1.0 and parameters: {'C': 39.17910760336117, 'penalty': 'l2'}. Best is trial 1 with value: 1.0.
[I 2026-04-13 13:10:42,132] Trial 4 finished with value: 1.0 and parameters: {'C': 0.2767298094062571, 'penalty': 'l2'}. Best is trial 1 with value: 1.0.
[I 2026-04-13 13:10:42,155] Trial 5 finished with value: 1.0 and parameters: {'C': 1.1447728330837224, 'penalty': 'l2'}. Best is trial 1 with value: 1.0.
[I 2026-04-13 13:10:42,178] Trial 6 finished with value: 1.0 and parameters: {'C': 6.753661388238877, 'penalty': 'l2'}. Best is trial 1 with value: 1.0.
[I 2026-04-13 13:10:42,201] Trial 7 finished with value: 1.0 and parameters: {'C': 0.39092184460352974, 'penalty': 'l2'}. Best is trial 1 with value: 1.0.
[I 2026-04-13 13:10:42,214] Trial 8 finished with value: 0.975 and parameters: {'C': 0.03047912590082646, 'penalty': 'l2'}. Best is trial 1 with value: 1.0.
[I 2026-04-13 13:10:42,238] Trial 9 finished with value: 0.975 and parameters: {'C': 0.008681727362499118, 'penalty': 'l2'}. Best is trial 1 with value: 1.0.
[I 2026-04-13 13:10:42,254] Trial 10 finished with value: 1.0 and parameters: {'C': 90.29867735508974, 'penalty': 'l2'}. Best is trial 1 with value: 1.0.
[I 2026-04-13 13:10:42,283] Trial 11 finished with value: 1.0 and parameters: {'C': 65.31936101889447, 'penalty': 'l2'}. Best is trial 1 with value: 1.0.
[I 2026-04-13 13:10:42,315] Trial 12 finished with value: 1.0 and parameters: {'C': 10.276946066829701, 'penalty': 'l2'}. Best is trial 1 with value: 1.0.
[I 2026-04-13 13:10:42,346] Trial 13 finished with value: 1.0 and parameters: {'C': 11.979406337571666, 'penalty': 'l2'}. Best is trial 1 with value: 1.0.
[I 2026-04-13 13:10:42,366] Trial 14 finished with value: 1.0 and parameters: {'C': 3.103885131392604, 'penalty': 'l2'}. Best is trial 1 with value: 1.0.
[I 2026-04-13 13:10:42,392] Trial 15 finished with value: 1.0 and parameters: {'C': 27.368605040072197, 'penalty': 'l2'}. Best is trial 1 with value: 1.0.
[I 2026-04-13 13:10:42,421] Trial 16 finished with value: 1.0 and parameters: {'C': 0.13344077328067044, 'penalty': 'l2'}. Best is trial 1 with value: 1.0.
[I 2026-04-13 13:10:42,438] Trial 17 finished with value: 0.925 and parameters: {'C': 0.0021318879744765045, 'penalty': 'l2'}. Best is trial 1 with value: 1.0.
[I 2026-04-13 13:10:42,470] Trial 18 finished with value: 1.0 and parameters: {'C': 1.8056426094216929, 'penalty': 'l2'}. Best is trial 1 with value: 1.0.
[I 2026-04-13 13:10:42,498] Trial 19 finished with value: 1.0 and parameters: {'C': 30.717532996538623, 'penalty': 'l2'}. Best is trial 1 with value: 1.0.
[I 2026-04-13 13:10:42,526] Trial 20 finished with value: 1.0 and parameters: {'C': 26.828467218463196, 'penalty': 'l2'}. Best is trial 1 with value: 1.0.
[I 2026-04-13 13:10:42,558] Trial 21 finished with value: 1.0 and parameters: {'C': 0.25558947752548705, 'penalty': 'l2'}. Best is trial 1 with value: 1.0.
[I 2026-04-13 13:10:42,588] Trial 22 finished with value: 0.975 and parameters: {'C': 0.06130066426382792, 'penalty': 'l2'}. Best is trial 1 with value: 1.0.
[I 2026-04-13 13:10:42,606] Trial 23 finished with value: 1.0 and parameters: {'C': 0.648837458755121, 'penalty': 'l2'}. Best is trial 1 with value: 1.0.
[I 2026-04-13 13:10:42,638] Trial 24 finished with value: 1.0 and parameters: {'C': 3.6161088478984835, 'penalty': 'l2'}. Best is trial 1 with value: 1.0.
[I 2026-04-13 13:10:42,671] Trial 25 finished with value: 1.0 and parameters: {'C': 0.14039013332759978, 'penalty': 'l2'}. Best is trial 1 with value: 1.0.
[I 2026-04-13 13:10:42,692] Trial 26 finished with value: 1.0 and parameters: {'C': 0.8811909763039532, 'penalty': 'l2'}. Best is trial 1 with value: 1.0.
[I 2026-04-13 13:10:42,725] Trial 27 finished with value: 1.0 and parameters: {'C': 5.036833843187123, 'penalty': 'l2'}. Best is trial 1 with value: 1.0.
[I 2026-04-13 13:10:42,749] Trial 28 finished with value: 1.0 and parameters: {'C': 13.01325914575239, 'penalty': 'l2'}. Best is trial 1 with value: 1.0.
[I 2026-04-13 13:10:42,782] Trial 29 finished with value: 0.975 and parameters: {'C': 0.03802224258070397, 'penalty': 'l2'}. Best is trial 1 with value: 1.0.
[I 2026-04-13 13:10:42,820] A new study created in memory with name: knn
[I 2026-04-13 13:10:42,832] Trial 0 finished with value: 1.0 and parameters: {'n_neighbors': 4, 'leaf_size': 38, 'p': 2}. Best is trial 0 with value: 1.0.
[I 2026-04-13 13:10:42,846] Trial 1 finished with value: 1.0 and parameters: {'n_neighbors': 6, 'leaf_size': 32, 'p': 1}. Best is trial 0 with value: 1.0.
[I 2026-04-13 13:10:42,861] Trial 2 finished with value: 1.0 and parameters: {'n_neighbors': 5, 'leaf_size': 23, 'p': 2}. Best is trial 0 with value: 1.0.
[I 2026-04-13 13:10:42,877] Trial 3 finished with value: 1.0 and parameters: {'n_neighbors': 6, 'leaf_size': 23, 'p': 1}. Best is trial 0 with value: 1.0.
[I 2026-04-13 13:10:42,892] Trial 4 finished with value: 1.0 and parameters: {'n_neighbors': 6, 'leaf_size': 26, 'p': 1}. Best is trial 0 with value: 1.0.
[I 2026-04-13 13:10:42,906] Trial 5 finished with value: 1.0 and parameters: {'n_neighbors': 7, 'leaf_size': 25, 'p': 1}. Best is trial 0 with value: 1.0.
[I 2026-04-13 13:10:42,922] Trial 6 finished with value: 1.0 and parameters: {'n_neighbors': 5, 'leaf_size': 23, 'p': 2}. Best is trial 0 with value: 1.0.
[I 2026-04-13 13:10:42,938] Trial 7 finished with value: 1.0 and parameters: {'n_neighbors': 10, 'leaf_size': 23, 'p': 2}. Best is trial 0 with value: 1.0.
[I 2026-04-13 13:10:42,954] Trial 8 finished with value: 1.0 and parameters: {'n_neighbors': 8, 'leaf_size': 36, 'p': 2}. Best is trial 0 with value: 1.0.
[I 2026-04-13 13:10:42,968] Trial 9 finished with value: 1.0 and parameters: {'n_neighbors': 3, 'leaf_size': 30, 'p': 2}. Best is trial 0 with value: 1.0.
[I 2026-04-13 13:10:42,990] Trial 10 finished with value: 1.0 and parameters: {'n_neighbors': 3, 'leaf_size': 40, 'p': 2}. Best is trial 0 with value: 1.0.
[I 2026-04-13 13:10:43,015] Trial 11 finished with value: 1.0 and parameters: {'n_neighbors': 4, 'leaf_size': 35, 'p': 1}. Best is trial 0 with value: 1.0.
[I 2026-04-13 13:10:43,047] Trial 12 finished with value: 1.0 and parameters: {'n_neighbors': 8, 'leaf_size': 33, 'p': 1}. Best is trial 0 with value: 1.0.
[I 2026-04-13 13:10:43,083] Trial 13 finished with value: 1.0 and parameters: {'n_neighbors': 4, 'leaf_size': 40, 'p': 1}. Best is trial 0 with value: 1.0.
[I 2026-04-13 13:10:43,107] Trial 14 finished with value: 1.0 and parameters: {'n_neighbors': 5, 'leaf_size': 30, 'p': 2}. Best is trial 0 with value: 1.0.
[I 2026-04-13 13:10:43,131] Trial 15 finished with value: 1.0 and parameters: {'n_neighbors': 7, 'leaf_size': 37, 'p': 1}. Best is trial 0 with value: 1.0.
[I 2026-04-13 13:10:43,155] Trial 16 finished with value: 1.0 and parameters: {'n_neighbors': 10, 'leaf_size': 31, 'p': 2}. Best is trial 0 with value: 1.0.
[I 2026-04-13 13:10:43,188] Trial 17 finished with value: 1.0 and parameters: {'n_neighbors': 4, 'leaf_size': 38, 'p': 1}. Best is trial 0 with value: 1.0.
[I 2026-04-13 13:10:43,209] Trial 18 finished with value: 1.0 and parameters: {'n_neighbors': 8, 'leaf_size': 34, 'p': 2}. Best is trial 0 with value: 1.0.
[I 2026-04-13 13:10:43,232] Trial 19 finished with value: 1.0 and parameters: {'n_neighbors': 6, 'leaf_size': 28, 'p': 1}. Best is trial 0 with value: 1.0.
[I 2026-04-13 13:10:43,264] Trial 20 finished with value: 1.0 and parameters: {'n_neighbors': 9, 'leaf_size': 32, 'p': 1}. Best is trial 0 with value: 1.0.
[I 2026-04-13 13:10:43,287] Trial 21 finished with value: 1.0 and parameters: {'n_neighbors': 5, 'leaf_size': 20, 'p': 2}. Best is trial 0 with value: 1.0.
[I 2026-04-13 13:10:43,313] Trial 22 finished with value: 1.0 and parameters: {'n_neighbors': 5, 'leaf_size': 27, 'p': 2}. Best is trial 0 with value: 1.0.
[I 2026-04-13 13:10:43,334] Trial 23 finished with value: 1.0 and parameters: {'n_neighbors': 4, 'leaf_size': 28, 'p': 2}. Best is trial 0 with value: 1.0.
[I 2026-04-13 13:10:43,370] Trial 24 finished with value: 1.0 and parameters: {'n_neighbors': 3, 'leaf_size': 21, 'p': 2}. Best is trial 0 with value: 1.0.
[I 2026-04-13 13:10:43,393] Trial 25 finished with value: 1.0 and parameters: {'n_neighbors': 6, 'leaf_size': 38, 'p': 2}. Best is trial 0 with value: 1.0.
[I 2026-04-13 13:10:43,427] Trial 26 finished with value: 1.0 and parameters: {'n_neighbors': 5, 'leaf_size': 34, 'p': 2}. Best is trial 0 with value: 1.0.
[I 2026-04-13 13:10:43,462] Trial 27 finished with value: 1.0 and parameters: {'n_neighbors': 7, 'leaf_size': 32, 'p': 2}. Best is trial 0 with value: 1.0.
[I 2026-04-13 13:10:43,487] Trial 28 finished with value: 1.0 and parameters: {'n_neighbors': 4, 'leaf_size': 25, 'p': 1}. Best is trial 0 with value: 1.0.
[I 2026-04-13 13:10:43,519] Trial 29 finished with value: 1.0 and parameters: {'n_neighbors': 6, 'leaf_size': 29, 'p': 1}. Best is trial 0 with value: 1.0.
[I 2026-04-13 13:10:43,573] A new study created in memory with name: xgb
[I 2026-04-13 13:10:43,610] Trial 0 finished with value: 0.975 and parameters: {'n_estimators': 40, 'max_depth': 5, 'gamma': 0.789317070832284, 'subsample': 0.7592089939364717, 'colsample_bytree': 0.648400250788111}. Best is trial 0 with value: 0.975.
[I 2026-04-13 13:10:43,660] Trial 1 finished with value: 0.975 and parameters: {'n_estimators': 100, 'max_depth': 30, 'gamma': 0.34667781579300216, 'subsample': 0.7071175095405257, 'colsample_bytree': 0.6480399663668239}. Best is trial 0 with value: 0.975.
