[I 2026-04-13 13:08:13,647] Trial 12 finished with value: 0.825 and parameters: {'n_estimators': 10, 'max_depth': 30, 'gamma': 0.18274672203297868, 'subsample': 0.8099626825524257, 'colsample_bytree': 0.8056479963708721}. Best is trial 3 with value: 0.85.
[I 2026-04-13 13:08:13,690] Trial 13 finished with value: 0.825 and parameters: {'n_estimators': 10, 'max_depth': 30, 'gamma': 0.39436609392647465, 'subsample': 0.6109744065191631, 'colsample_bytree': 0.8750230957004468}. Best is trial 3 with value: 0.85.
[I 2026-04-13 13:08:13,737] Trial 14 finished with value: 0.775 and parameters: {'n_estimators': 10, 'max_depth': 30, 'gamma': 0.5207480648169491, 'subsample': 0.6452646639948125, 'colsample_bytree': 0.7513652713063355}. Best is trial 3 with value: 0.85.
[I 2026-04-13 13:08:13,798] Trial 15 finished with value: 0.825 and parameters: {'n_estimators': 10, 'max_depth': 30, 'gamma': 0.26626655377772473, 'subsample': 0.8462935980529109, 'colsample_bytree': 0.7227029601296806}. Best is trial 3 with value: 0.85.
[I 2026-04-13 13:08:13,836] Trial 16 finished with value: 0.85 and parameters: {'n_estimators': 10, 'max_depth': 30, 'gamma': 0.712367594657266, 'subsample': 0.7642599353910866, 'colsample_bytree': 0.8916683174640266}. Best is trial 3 with value: 0.85.
[I 2026-04-13 13:08:13,871] Trial 17 finished with value: 0.8 and parameters: {'n_estimators': 10, 'max_depth': 30, 'gamma': 0.47517382313135087, 'subsample': 0.9034900391665386, 'colsample_bytree': 0.7358572068823183}. Best is trial 3 with value: 0.85.
[I 2026-04-13 13:08:13,896] Trial 18 finished with value: 0.825 and parameters: {'n_estimators': 10, 'max_depth': 20, 'gamma': 0.9918606598956036, 'subsample': 0.6839121386078197, 'colsample_bytree': 0.7947384263958175}. Best is trial 3 with value: 0.85.
[I 2026-04-13 13:08:13,941] Trial 19 finished with value: 0.775 and parameters: {'n_estimators': 40, 'max_depth': 5, 'gamma': 0.10151970633894503, 'subsample': 0.5858157319917725, 'colsample_bytree': 0.9003852468330709}. Best is trial 3 with value: 0.85.
[I 2026-04-13 13:08:13,981] Trial 20 finished with value: 0.825 and parameters: {'n_estimators': 10, 'max_depth': 30, 'gamma': 0.2782721594132399, 'subsample': 0.7964130154550833, 'colsample_bytree': 0.6877450513687062}. Best is trial 3 with value: 0.85.
[I 2026-04-13 13:08:14,020] Trial 21 finished with value: 0.85 and parameters: {'n_estimators': 10, 'max_depth': 30, 'gamma': 0.7046285079003384, 'subsample': 0.7221903409529383, 'colsample_bytree': 0.8971188427907519}. Best is trial 3 with value: 0.85.
[I 2026-04-13 13:08:14,061] Trial 22 finished with value: 0.85 and parameters: {'n_estimators': 10, 'max_depth': 30, 'gamma': 0.7510578139795944, 'subsample': 0.7791705194315057, 'colsample_bytree': 0.8512089165661784}. Best is trial 3 with value: 0.85.
[I 2026-04-13 13:08:14,091] Trial 23 finished with value: 0.8 and parameters: {'n_estimators': 10, 'max_depth': 30, 'gamma': 0.5899075449164808, 'subsample': 0.8587042335104188, 'colsample_bytree': 0.9187436799748956}. Best is trial 3 with value: 0.85.
[I 2026-04-13 13:08:14,133] Trial 24 finished with value: 0.85 and parameters: {'n_estimators': 10, 'max_depth': 30, 'gamma': 0.8632018797845916, 'subsample': 0.7321560225875844, 'colsample_bytree': 0.7860760463819984}. Best is trial 3 with value: 0.85.
[I 2026-04-13 13:08:14,173] Trial 25 finished with value: 0.825 and parameters: {'n_estimators': 10, 'max_depth': 30, 'gamma': 0.704793064550049, 'subsample': 0.6496459169764934, 'colsample_bytree': 0.9403222723605628}. Best is trial 3 with value: 0.85.
[I 2026-04-13 13:08:14,212] Trial 26 finished with value: 0.775 and parameters: {'n_estimators': 10, 'max_depth': 30, 'gamma': 0.6209272116455105, 'subsample': 0.9063371574394573, 'colsample_bytree': 0.8455556745213755}. Best is trial 3 with value: 0.85.
[I 2026-04-13 13:08:14,251] Trial 27 finished with value: 0.825 and parameters: {'n_estimators': 10, 'max_depth': 30, 'gamma': 0.9165330413067634, 'subsample': 0.7573999432588674, 'colsample_bytree': 0.999952372802679}. Best is trial 3 with value: 0.85.
[I 2026-04-13 13:08:14,291] Trial 28 finished with value: 0.85 and parameters: {'n_estimators': 40, 'max_depth': 5, 'gamma': 0.8151282270307901, 'subsample': 0.8127413389948454, 'colsample_bytree': 0.7689912117939846}. Best is trial 3 with value: 0.85.
[I 2026-04-13 13:08:14,342] Trial 29 finished with value: 0.825 and parameters: {'n_estimators': 100, 'max_depth': 20, 'gamma': 0.7642958531698996, 'subsample': 0.878929130888847, 'colsample_bytree': 0.8173988232254954}. Best is trial 3 with value: 0.85.
[I 2026-04-13 13:08:14,405] A new study created in memory with name: rf
[I 2026-04-13 13:08:14,643] Trial 0 finished with value: 0.725 and parameters: {'n_estimators': 189, 'max_depth': 18, 'min_samples_split': 3, 'min_samples_leaf': 10}. Best is trial 0 with value: 0.725.
[I 2026-04-13 13:08:15,011] Trial 1 finished with value: 0.75 and parameters: {'n_estimators': 295, 'max_depth': 14, 'min_samples_split': 8, 'min_samples_leaf': 6}. Best is trial 1 with value: 0.75.
[I 2026-04-13 13:08:15,310] Trial 2 finished with value: 0.8 and parameters: {'n_estimators': 219, 'max_depth': 6, 'min_samples_split': 2, 'min_samples_leaf': 8}. Best is trial 2 with value: 0.8.
[I 2026-04-13 13:08:15,668] Trial 3 finished with value: 0.775 and parameters: {'n_estimators': 276, 'max_depth': 5, 'min_samples_split': 9, 'min_samples_leaf': 3}. Best is trial 2 with value: 0.8.
[I 2026-04-13 13:08:16,067] Trial 4 finished with value: 0.775 and parameters: {'n_estimators': 266, 'max_depth': 8, 'min_samples_split': 7, 'min_samples_leaf': 6}. Best is trial 2 with value: 0.8.
[I 2026-04-13 13:08:16,507] Trial 5 finished with value: 0.75 and parameters: {'n_estimators': 340, 'max_depth': 7, 'min_samples_split': 4, 'min_samples_leaf': 3}. Best is trial 2 with value: 0.8.
[I 2026-04-13 13:08:16,828] Trial 6 finished with value: 0.725 and parameters: {'n_estimators': 231, 'max_depth': 5, 'min_samples_split': 3, 'min_samples_leaf': 10}. Best is trial 2 with value: 0.8.
[I 2026-04-13 13:08:17,499] Trial 7 finished with value: 0.775 and parameters: {'n_estimators': 485, 'max_depth': 6, 'min_samples_split': 2, 'min_samples_leaf': 3}. Best is trial 2 with value: 0.8.
[I 2026-04-13 13:08:17,979] Trial 8 finished with value: 0.75 and parameters: {'n_estimators': 380, 'max_depth': 17, 'min_samples_split': 2, 'min_samples_leaf': 6}. Best is trial 2 with value: 0.8.
[I 2026-04-13 13:08:18,148] Trial 9 finished with value: 0.7 and parameters: {'n_estimators': 100, 'max_depth': 12, 'min_samples_split': 7, 'min_samples_leaf': 10}. Best is trial 2 with value: 0.8.
[I 2026-04-13 13:08:18,368] Trial 10 finished with value: 0.725 and parameters: {'n_estimators': 156, 'max_depth': 3, 'min_samples_split': 5, 'min_samples_leaf': 8}. Best is trial 2 with value: 0.8.
[I 2026-04-13 13:08:18,948] Trial 11 finished with value: 0.775 and parameters: {'n_estimators': 405, 'max_depth': 10, 'min_samples_split': 10, 'min_samples_leaf': 1}. Best is trial 2 with value: 0.8.
[I 2026-04-13 13:08:19,301] Trial 12 finished with value: 0.775 and parameters: {'n_estimators': 221, 'max_depth': 3, 'min_samples_split': 10, 'min_samples_leaf': 4}. Best is trial 2 with value: 0.8.
[I 2026-04-13 13:08:19,727] Trial 13 finished with value: 0.725 and parameters: {'n_estimators': 323, 'max_depth': 9, 'min_samples_split': 9, 'min_samples_leaf': 8}. Best is trial 2 with value: 0.8.
[I 2026-04-13 13:08:19,941] Trial 14 finished with value: 0.775 and parameters: {'n_estimators': 142, 'max_depth': 5, 'min_samples_split': 6, 'min_samples_leaf': 1}. Best is trial 2 with value: 0.8.
[I 2026-04-13 13:08:20,318] Trial 15 finished with value: 0.75 and parameters: {'n_estimators': 254, 'max_depth': 11, 'min_samples_split': 5, 'min_samples_leaf': 8}. Best is trial 2 with value: 0.8.
[I 2026-04-13 13:08:20,653] Trial 16 finished with value: 0.75 and parameters: {'n_estimators': 192, 'max_depth': 14, 'min_samples_split': 8, 'min_samples_leaf': 4}. Best is trial 2 with value: 0.8.
[I 2026-04-13 13:08:21,099] Trial 17 finished with value: 0.75 and parameters: {'n_estimators': 291, 'max_depth': 3, 'min_samples_split': 6, 'min_samples_leaf': 7}. Best is trial 2 with value: 0.8.
[I 2026-04-13 13:08:21,636] Trial 18 finished with value: 0.75 and parameters: {'n_estimators': 372, 'max_depth': 6, 'min_samples_split': 9, 'min_samples_leaf': 4}. Best is trial 2 with value: 0.8.
[I 2026-04-13 13:08:22,222] Trial 19 finished with value: 0.775 and parameters: {'n_estimators': 451, 'max_depth': 13, 'min_samples_split': 4, 'min_samples_leaf': 2}. Best is trial 2 with value: 0.8.
[I 2026-04-13 13:08:22,608] Trial 20 finished with value: 0.775 and parameters: {'n_estimators': 201, 'max_depth': 8, 'min_samples_split': 7, 'min_samples_leaf': 5}. Best is trial 2 with value: 0.8.
[I 2026-04-13 13:08:23,066] Trial 21 finished with value: 0.75 and parameters: {'n_estimators': 265, 'max_depth': 8, 'min_samples_split': 8, 'min_samples_leaf': 7}. Best is trial 2 with value: 0.8.
[I 2026-04-13 13:08:23,447] Trial 22 finished with value: 0.75 and parameters: {'n_estimators': 266, 'max_depth': 5, 'min_samples_split': 7, 'min_samples_leaf': 7}. Best is trial 2 with value: 0.8.
[I 2026-04-13 13:08:23,907] Trial 23 finished with value: 0.75 and parameters: {'n_estimators': 324, 'max_depth': 9, 'min_samples_split': 9, 'min_samples_leaf': 5}. Best is trial 2 with value: 0.8.
[I 2026-04-13 13:08:24,259] Trial 24 finished with value: 0.725 and parameters: {'n_estimators': 251, 'max_depth': 20, 'min_samples_split': 5, 'min_samples_leaf': 9}. Best is trial 2 with value: 0.8.
[I 2026-04-13 13:08:24,557] Trial 25 finished with value: 0.75 and parameters: {'n_estimators': 165, 'max_depth': 6, 'min_samples_split': 7, 'min_samples_leaf': 6}. Best is trial 2 with value: 0.8.
[I 2026-04-13 13:08:24,974] Trial 26 finished with value: 0.75 and parameters: {'n_estimators': 291, 'max_depth': 4, 'min_samples_split': 8, 'min_samples_leaf': 9}. Best is trial 2 with value: 0.8.
[I 2026-04-13 13:08:25,320] Trial 27 finished with value: 0.775 and parameters: {'n_estimators': 225, 'max_depth': 7, 'min_samples_split': 9, 'min_samples_leaf': 3}. Best is trial 2 with value: 0.8.
[I 2026-04-13 13:08:25,550] Trial 28 finished with value: 0.7 and parameters: {'n_estimators': 111, 'max_depth': 10, 'min_samples_split': 10, 'min_samples_leaf': 5}. Best is trial 2 with value: 0.8.
[I 2026-04-13 13:08:26,092] Trial 29 finished with value: 0.775 and parameters: {'n_estimators': 345, 'max_depth': 8, 'min_samples_split': 3, 'min_samples_leaf': 2}. Best is trial 2 with value: 0.8.
[I 2026-04-13 13:08:26,687] A new study created in memory with name: mlp
[I 2026-04-13 13:08:26,742] Trial 0 finished with value: 0.675 and parameters: {'hidden_layer_sizes': (200,), 'max_iter': 50, 'alpha': 0.001}. Best is trial 0 with value: 0.675.
[I 2026-04-13 13:08:26,809] Trial 1 finished with value: 0.725 and parameters: {'hidden_layer_sizes': (100,), 'max_iter': 100, 'alpha': 0.0001}. Best is trial 1 with value: 0.725.
[I 2026-04-13 13:08:26,885] Trial 2 finished with value: 0.7 and parameters: {'hidden_layer_sizes': (100,), 'max_iter': 100, 'alpha': 0.001}. Best is trial 1 with value: 0.725.
[I 2026-04-13 13:08:26,943] Trial 3 finished with value: 0.75 and parameters: {'hidden_layer_sizes': (200,), 'max_iter': 50, 'alpha': 0.001}. Best is trial 3 with value: 0.75.
[I 2026-04-13 13:08:27,009] Trial 4 finished with value: 0.7 and parameters: {'hidden_layer_sizes': (100,), 'max_iter': 100, 'alpha': 0.0001}. Best is trial 3 with value: 0.75.
[I 2026-04-13 13:08:27,073] Trial 5 finished with value: 0.7 and parameters: {'hidden_layer_sizes': (100,), 'max_iter': 100, 'alpha': 0.001}. Best is trial 3 with value: 0.75.
[I 2026-04-13 13:08:27,158] Trial 6 finished with value: 0.725 and parameters: {'hidden_layer_sizes': (200,), 'max_iter': 100, 'alpha': 0.001}. Best is trial 3 with value: 0.75.
[I 2026-04-13 13:08:27,256] Trial 7 finished with value: 0.725 and parameters: {'hidden_layer_sizes': (200,), 'max_iter': 100, 'alpha': 0.001}. Best is trial 3 with value: 0.75.
[I 2026-04-13 13:08:27,313] Trial 8 finished with value: 0.7 and parameters: {'hidden_layer_sizes': (100,), 'max_iter': 100, 'alpha': 0.001}. Best is trial 3 with value: 0.75.
[I 2026-04-13 13:08:27,369] Trial 9 finished with value: 0.675 and parameters: {'hidden_layer_sizes': (100,), 'max_iter': 50, 'alpha': 0.001}. Best is trial 3 with value: 0.75.
[I 2026-04-13 13:08:27,445] Trial 10 finished with value: 0.725 and parameters: {'hidden_layer_sizes': (100, 100), 'max_iter': 50, 'alpha': 0.0001}. Best is trial 3 with value: 0.75.
[I 2026-04-13 13:08:27,503] Trial 11 finished with value: 0.75 and parameters: {'hidden_layer_sizes': (100, 100), 'max_iter': 50, 'alpha': 0.0001}. Best is trial 3 with value: 0.75.
[I 2026-04-13 13:08:27,558] Trial 12 finished with value: 0.775 and parameters: {'hidden_layer_sizes': (100, 100), 'max_iter': 50, 'alpha': 0.0001}. Best is trial 12 with value: 0.775.
[I 2026-04-13 13:08:27,615] Trial 13 finished with value: 0.725 and parameters: {'hidden_layer_sizes': (100, 100), 'max_iter': 50, 'alpha': 0.0001}. Best is trial 12 with value: 0.775.
[I 2026-04-13 13:08:27,661] Trial 14 finished with value: 0.75 and parameters: {'hidden_layer_sizes': (100, 100), 'max_iter': 50, 'alpha': 0.0001}. Best is trial 12 with value: 0.775.
[I 2026-04-13 13:08:27,719] Trial 15 finished with value: 0.7 and parameters: {'hidden_layer_sizes': (200,), 'max_iter': 50, 'alpha': 0.0001}. Best is trial 12 with value: 0.775.
[I 2026-04-13 13:08:27,775] Trial 16 finished with value: 0.725 and parameters: {'hidden_layer_sizes': (100, 100), 'max_iter': 50, 'alpha': 0.001}. Best is trial 12 with value: 0.775.
[I 2026-04-13 13:08:27,834] Trial 17 finished with value: 0.725 and parameters: {'hidden_layer_sizes': (200,), 'max_iter': 50, 'alpha': 0.0001}. Best is trial 12 with value: 0.775.
[I 2026-04-13 13:08:27,895] Trial 18 finished with value: 0.75 and parameters: {'hidden_layer_sizes': (100, 100), 'max_iter': 50, 'alpha': 0.001}. Best is trial 12 with value: 0.775.
[I 2026-04-13 13:08:27,965] Trial 19 finished with value: 0.75 and parameters: {'hidden_layer_sizes': (200,), 'max_iter': 50, 'alpha': 0.0001}. Best is trial 12 with value: 0.775.
[I 2026-04-13 13:08:28,022] Trial 20 finished with value: 0.75 and parameters: {'hidden_layer_sizes': (100, 100), 'max_iter': 50, 'alpha': 0.0001}. Best is trial 12 with value: 0.775.
[I 2026-04-13 13:08:28,068] Trial 21 finished with value: 0.7 and parameters: {'hidden_layer_sizes': (100, 100), 'max_iter': 50, 'alpha': 0.0001}. Best is trial 12 with value: 0.775.
[I 2026-04-13 13:08:28,132] Trial 22 finished with value: 0.7 and parameters: {'hidden_layer_sizes': (100, 100), 'max_iter': 50, 'alpha': 0.0001}. Best is trial 12 with value: 0.775.
[I 2026-04-13 13:08:28,177] Trial 23 finished with value: 0.75 and parameters: {'hidden_layer_sizes': (100, 100), 'max_iter': 50, 'alpha': 0.0001}. Best is trial 12 with value: 0.775.
[I 2026-04-13 13:08:28,222] Trial 24 finished with value: 0.725 and parameters: {'hidden_layer_sizes': (100, 100), 'max_iter': 50, 'alpha': 0.0001}. Best is trial 12 with value: 0.775.
[I 2026-04-13 13:08:28,267] Trial 25 finished with value: 0.725 and parameters: {'hidden_layer_sizes': (200,), 'max_iter': 50, 'alpha': 0.0001}. Best is trial 12 with value: 0.775.
[I 2026-04-13 13:08:28,336] Trial 26 finished with value: 0.725 and parameters: {'hidden_layer_sizes': (100, 100), 'max_iter': 50, 'alpha': 0.001}. Best is trial 12 with value: 0.775.
[I 2026-04-13 13:08:28,395] Trial 27 finished with value: 0.7 and parameters: {'hidden_layer_sizes': (200,), 'max_iter': 50, 'alpha': 0.0001}. Best is trial 12 with value: 0.775.
[I 2026-04-13 13:08:28,464] Trial 28 finished with value: 0.75 and parameters: {'hidden_layer_sizes': (100, 100), 'max_iter': 50, 'alpha': 0.001}. Best is trial 12 with value: 0.775.
[I 2026-04-13 13:08:28,526] Trial 29 finished with value: 0.725 and parameters: {'hidden_layer_sizes': (200,), 'max_iter': 50, 'alpha': 0.001}. Best is trial 12 with value: 0.775.
[I 2026-04-13 13:08:28,974] A new study created in memory with name: naive_bayes
[I 2026-04-13 13:08:28,987] Trial 0 finished with value: 0.475 and parameters: {'var_smoothing': 2.7796258518939306e-10}. Best is trial 0 with value: 0.475.
[I 2026-04-13 13:08:29,002] Trial 1 finished with value: 0.475 and parameters: {'var_smoothing': 5.513972710118387e-09}. Best is trial 0 with value: 0.475.
[I 2026-04-13 13:08:29,025] Trial 2 finished with value: 0.475 and parameters: {'var_smoothing': 2.590826381512706e-10}. Best is trial 0 with value: 0.475.
[I 2026-04-13 13:08:29,038] Trial 3 finished with value: 0.475 and parameters: {'var_smoothing': 6.874194498027403e-09}. Best is trial 0 with value: 0.475.
[I 2026-04-13 13:08:29,052] Trial 4 finished with value: 0.475 and parameters: {'var_smoothing': 9.480306482679771e-10}. Best is trial 0 with value: 0.475.
[I 2026-04-13 13:08:29,066] Trial 5 finished with value: 0.475 and parameters: {'var_smoothing': 1.6729683536668864e-09}. Best is trial 0 with value: 0.475.
[I 2026-04-13 13:08:29,079] Trial 6 finished with value: 0.475 and parameters: {'var_smoothing': 3.402637726935598e-09}. Best is trial 0 with value: 0.475.
[I 2026-04-13 13:08:29,092] Trial 7 finished with value: 0.475 and parameters: {'var_smoothing': 1.0885189040847657e-09}. Best is trial 0 with value: 0.475.
[I 2026-04-13 13:08:29,105] Trial 8 finished with value: 0.475 and parameters: {'var_smoothing': 3.922843686541149e-10}. Best is trial 0 with value: 0.475.
[I 2026-04-13 13:08:29,118] Trial 9 finished with value: 0.475 and parameters: {'var_smoothing': 2.3737908819373785e-10}. Best is trial 0 with value: 0.475.
[I 2026-04-13 13:08:29,135] Trial 10 finished with value: 0.475 and parameters: {'var_smoothing': 1.005826617097841e-10}. Best is trial 0 with value: 0.475.
[I 2026-04-13 13:08:29,151] Trial 11 finished with value: 0.475 and parameters: {'var_smoothing': 8.246040091550826e-09}. Best is trial 0 with value: 0.475.
[I 2026-04-13 13:08:29,167] Trial 12 finished with value: 0.475 and parameters: {'var_smoothing': 5.714429769091136e-10}. Best is trial 0 with value: 0.475.
[I 2026-04-13 13:08:29,184] Trial 13 finished with value: 0.475 and parameters: {'var_smoothing': 3.0046394488828834e-09}. Best is trial 0 with value: 0.475.
[I 2026-04-13 13:08:29,200] Trial 14 finished with value: 0.475 and parameters: {'var_smoothing': 1.0161521526134228e-10}. Best is trial 0 with value: 0.475.
[I 2026-04-13 13:08:29,219] Trial 15 finished with value: 0.475 and parameters: {'var_smoothing': 3.455011319435438e-09}. Best is trial 0 with value: 0.475.
[I 2026-04-13 13:08:29,238] Trial 16 finished with value: 0.475 and parameters: {'var_smoothing': 2.2038800241203009e-10}. Best is trial 0 with value: 0.475.
[I 2026-04-13 13:08:29,257] Trial 17 finished with value: 0.475 and parameters: {'var_smoothing': 1.8515987176145925e-09}. Best is trial 0 with value: 0.475.
[I 2026-04-13 13:08:29,276] Trial 18 finished with value: 0.475 and parameters: {'var_smoothing': 5.024285700153026e-10}. Best is trial 0 with value: 0.475.
[I 2026-04-13 13:08:29,301] Trial 19 finished with value: 0.475 and parameters: {'var_smoothing': 4.958025424412893e-09}. Best is trial 0 with value: 0.475.
[I 2026-04-13 13:08:29,316] Trial 20 finished with value: 0.475 and parameters: {'var_smoothing': 8.344000526157384e-10}. Best is trial 0 with value: 0.475.
[I 2026-04-13 13:08:29,334] Trial 21 finished with value: 0.475 and parameters: {'var_smoothing': 2.46080689865309e-10}. Best is trial 0 with value: 0.475.
[I 2026-04-13 13:08:29,363] Trial 22 finished with value: 0.475 and parameters: {'var_smoothing': 1.4445108350594728e-10}. Best is trial 0 with value: 0.475.
[I 2026-04-13 13:08:29,381] Trial 23 finished with value: 0.475 and parameters: {'var_smoothing': 3.3715577896606737e-10}. Best is trial 0 with value: 0.475.
[I 2026-04-13 13:08:29,399] Trial 24 finished with value: 0.475 and parameters: {'var_smoothing': 1.572466431855027e-10}. Best is trial 0 with value: 0.475.
[I 2026-04-13 13:08:29,415] Trial 25 finished with value: 0.475 and parameters: {'var_smoothing': 7.281746293576245e-10}. Best is trial 0 with value: 0.475.
[I 2026-04-13 13:08:29,432] Trial 26 finished with value: 0.475 and parameters: {'var_smoothing': 3.386254640873244e-10}. Best is trial 0 with value: 0.475.
[I 2026-04-13 13:08:29,451] Trial 27 finished with value: 0.475 and parameters: {'var_smoothing': 1.3918180959975328e-09}. Best is trial 0 with value: 0.475.
[I 2026-04-13 13:08:29,468] Trial 28 finished with value: 0.475 and parameters: {'var_smoothing': 2.3715836084533434e-09}. Best is trial 0 with value: 0.475.
[I 2026-04-13 13:08:29,484] Trial 29 finished with value: 0.475 and parameters: {'var_smoothing': 9.477075781575649e-09}. Best is trial 0 with value: 0.475.
[I 2026-04-13 13:08:29,530] A new study created in memory with name: logreg
[I 2026-04-13 13:08:29,554] Trial 0 finished with value: 0.4 and parameters: {'C': 0.012881482725481003, 'penalty': 'l2'}. Best is trial 0 with value: 0.4.
[I 2026-04-13 13:08:29,588] Trial 1 finished with value: 0.4 and parameters: {'C': 22.576755560681583, 'penalty': 'l2'}. Best is trial 0 with value: 0.4.
[I 2026-04-13 13:08:29,614] Trial 2 finished with value: 0.4 and parameters: {'C': 0.010804278656839932, 'penalty': 'l2'}. Best is trial 0 with value: 0.4.
[I 2026-04-13 13:08:29,647] Trial 3 finished with value: 0.4 and parameters: {'C': 39.17910760336117, 'penalty': 'l2'}. Best is trial 0 with value: 0.4.
[I 2026-04-13 13:08:29,673] Trial 4 finished with value: 0.475 and parameters: {'C': 0.2767298094062571, 'penalty': 'l2'}. Best is trial 4 with value: 0.475.
[I 2026-04-13 13:08:29,700] Trial 5 finished with value: 0.425 and parameters: {'C': 1.1447728330837224, 'penalty': 'l2'}. Best is trial 4 with value: 0.475.
