[I 2026-04-13 13:04:51,179] Trial 15 finished with value: 1.0 and parameters: {'n_estimators': 317, 'max_depth': 17, 'min_samples_split': 8, 'min_samples_leaf': 6}. Best is trial 0 with value: 1.0.
[I 2026-04-13 13:04:51,708] Trial 16 finished with value: 1.0 and parameters: {'n_estimators': 429, 'max_depth': 13, 'min_samples_split': 6, 'min_samples_leaf': 2}. Best is trial 0 with value: 1.0.
[I 2026-04-13 13:04:52,096] Trial 17 finished with value: 1.0 and parameters: {'n_estimators': 301, 'max_depth': 5, 'min_samples_split': 9, 'min_samples_leaf': 6}. Best is trial 0 with value: 1.0.
[I 2026-04-13 13:04:52,611] Trial 18 finished with value: 0.5 and parameters: {'n_estimators': 369, 'max_depth': 9, 'min_samples_split': 6, 'min_samples_leaf': 8}. Best is trial 0 with value: 1.0.
[I 2026-04-13 13:04:53,243] Trial 19 finished with value: 0.5 and parameters: {'n_estimators': 453, 'max_depth': 18, 'min_samples_split': 8, 'min_samples_leaf': 10}. Best is trial 0 with value: 1.0.
[I 2026-04-13 13:04:53,496] Trial 20 finished with value: 0.5 and parameters: {'n_estimators': 161, 'max_depth': 13, 'min_samples_split': 4, 'min_samples_leaf': 8}. Best is trial 0 with value: 1.0.
[I 2026-04-13 13:04:54,006] Trial 21 finished with value: 1.0 and parameters: {'n_estimators': 410, 'max_depth': 15, 'min_samples_split': 7, 'min_samples_leaf': 5}. Best is trial 0 with value: 1.0.
[I 2026-04-13 13:04:54,497] Trial 22 finished with value: 1.0 and parameters: {'n_estimators': 396, 'max_depth': 14, 'min_samples_split': 6, 'min_samples_leaf': 6}. Best is trial 0 with value: 1.0.
[I 2026-04-13 13:04:55,038] Trial 23 finished with value: 1.0 and parameters: {'n_estimators': 460, 'max_depth': 17, 'min_samples_split': 9, 'min_samples_leaf': 5}. Best is trial 0 with value: 1.0.
[I 2026-04-13 13:04:55,449] Trial 24 finished with value: 1.0 and parameters: {'n_estimators': 324, 'max_depth': 18, 'min_samples_split': 7, 'min_samples_leaf': 3}. Best is trial 0 with value: 1.0.
[I 2026-04-13 13:04:55,936] Trial 25 finished with value: 0.95 and parameters: {'n_estimators': 387, 'max_depth': 11, 'min_samples_split': 8, 'min_samples_leaf': 6}. Best is trial 0 with value: 1.0.
[I 2026-04-13 13:04:56,583] Trial 26 finished with value: 0.65 and parameters: {'n_estimators': 460, 'max_depth': 12, 'min_samples_split': 6, 'min_samples_leaf': 7}. Best is trial 0 with value: 1.0.
[I 2026-04-13 13:04:57,072] Trial 27 finished with value: 1.0 and parameters: {'n_estimators': 339, 'max_depth': 18, 'min_samples_split': 9, 'min_samples_leaf': 5}. Best is trial 0 with value: 1.0.
[I 2026-04-13 13:04:57,431] Trial 28 finished with value: 1.0 and parameters: {'n_estimators': 278, 'max_depth': 10, 'min_samples_split': 10, 'min_samples_leaf': 3}. Best is trial 0 with value: 1.0.
[I 2026-04-13 13:04:57,981] Trial 29 finished with value: 1.0 and parameters: {'n_estimators': 417, 'max_depth': 3, 'min_samples_split': 5, 'min_samples_leaf': 5}. Best is trial 0 with value: 1.0.
[I 2026-04-13 13:04:59,100] A new study created in memory with name: mlp
[I 2026-04-13 13:04:59,145] Trial 0 finished with value: 1.0 and parameters: {'hidden_layer_sizes': (200,), 'max_iter': 50, 'alpha': 0.001}. Best is trial 0 with value: 1.0.
[I 2026-04-13 13:04:59,181] Trial 1 finished with value: 1.0 and parameters: {'hidden_layer_sizes': (200,), 'max_iter': 50, 'alpha': 0.0001}. Best is trial 0 with value: 1.0.
[I 2026-04-13 13:04:59,228] Trial 2 finished with value: 1.0 and parameters: {'hidden_layer_sizes': (100,), 'max_iter': 50, 'alpha': 0.0001}. Best is trial 0 with value: 1.0.
[I 2026-04-13 13:04:59,286] Trial 3 finished with value: 1.0 and parameters: {'hidden_layer_sizes': (100,), 'max_iter': 100, 'alpha': 0.001}. Best is trial 0 with value: 1.0.
[I 2026-04-13 13:04:59,363] Trial 4 finished with value: 1.0 and parameters: {'hidden_layer_sizes': (200,), 'max_iter': 100, 'alpha': 0.001}. Best is trial 0 with value: 1.0.
[I 2026-04-13 13:04:59,398] Trial 5 finished with value: 1.0 and parameters: {'hidden_layer_sizes': (200,), 'max_iter': 50, 'alpha': 0.001}. Best is trial 0 with value: 1.0.
[I 2026-04-13 13:04:59,466] Trial 6 finished with value: 1.0 and parameters: {'hidden_layer_sizes': (100,), 'max_iter': 100, 'alpha': 0.0001}. Best is trial 0 with value: 1.0.
[I 2026-04-13 13:04:59,522] Trial 7 finished with value: 1.0 and parameters: {'hidden_layer_sizes': (100, 100), 'max_iter': 50, 'alpha': 0.0001}. Best is trial 0 with value: 1.0.
[I 2026-04-13 13:04:59,588] Trial 8 finished with value: 1.0 and parameters: {'hidden_layer_sizes': (100, 100), 'max_iter': 100, 'alpha': 0.0001}. Best is trial 0 with value: 1.0.
[I 2026-04-13 13:04:59,623] Trial 9 finished with value: 1.0 and parameters: {'hidden_layer_sizes': (100,), 'max_iter': 50, 'alpha': 0.001}. Best is trial 0 with value: 1.0.
[I 2026-04-13 13:04:59,671] Trial 10 finished with value: 1.0 and parameters: {'hidden_layer_sizes': (200,), 'max_iter': 50, 'alpha': 0.001}. Best is trial 0 with value: 1.0.
[I 2026-04-13 13:04:59,740] Trial 11 finished with value: 1.0 and parameters: {'hidden_layer_sizes': (200,), 'max_iter': 50, 'alpha': 0.0001}. Best is trial 0 with value: 1.0.
[I 2026-04-13 13:04:59,810] Trial 12 finished with value: 1.0 and parameters: {'hidden_layer_sizes': (200,), 'max_iter': 50, 'alpha': 0.0001}. Best is trial 0 with value: 1.0.
[I 2026-04-13 13:04:59,860] Trial 13 finished with value: 1.0 and parameters: {'hidden_layer_sizes': (200,), 'max_iter': 50, 'alpha': 0.001}. Best is trial 0 with value: 1.0.
[I 2026-04-13 13:04:59,907] Trial 14 finished with value: 1.0 and parameters: {'hidden_layer_sizes': (200,), 'max_iter': 50, 'alpha': 0.001}. Best is trial 0 with value: 1.0.
[I 2026-04-13 13:04:59,965] Trial 15 finished with value: 1.0 and parameters: {'hidden_layer_sizes': (200,), 'max_iter': 50, 'alpha': 0.0001}. Best is trial 0 with value: 1.0.
[I 2026-04-13 13:05:00,022] Trial 16 finished with value: 1.0 and parameters: {'hidden_layer_sizes': (100, 100), 'max_iter': 50, 'alpha': 0.0001}. Best is trial 0 with value: 1.0.
[I 2026-04-13 13:05:00,069] Trial 17 finished with value: 1.0 and parameters: {'hidden_layer_sizes': (200,), 'max_iter': 50, 'alpha': 0.001}. Best is trial 0 with value: 1.0.
[I 2026-04-13 13:05:00,126] Trial 18 finished with value: 1.0 and parameters: {'hidden_layer_sizes': (200,), 'max_iter': 100, 'alpha': 0.0001}. Best is trial 0 with value: 1.0.
[I 2026-04-13 13:05:00,192] Trial 19 finished with value: 1.0 and parameters: {'hidden_layer_sizes': (100, 100), 'max_iter': 50, 'alpha': 0.001}. Best is trial 0 with value: 1.0.
[I 2026-04-13 13:05:00,262] Trial 20 finished with value: 1.0 and parameters: {'hidden_layer_sizes': (200,), 'max_iter': 50, 'alpha': 0.0001}. Best is trial 0 with value: 1.0.
[I 2026-04-13 13:05:00,312] Trial 21 finished with value: 1.0 and parameters: {'hidden_layer_sizes': (100,), 'max_iter': 50, 'alpha': 0.0001}. Best is trial 0 with value: 1.0.
[I 2026-04-13 13:05:00,359] Trial 22 finished with value: 1.0 and parameters: {'hidden_layer_sizes': (100,), 'max_iter': 50, 'alpha': 0.0001}. Best is trial 0 with value: 1.0.
[I 2026-04-13 13:05:00,399] Trial 23 finished with value: 1.0 and parameters: {'hidden_layer_sizes': (100,), 'max_iter': 50, 'alpha': 0.0001}. Best is trial 0 with value: 1.0.
[I 2026-04-13 13:05:00,436] Trial 24 finished with value: 1.0 and parameters: {'hidden_layer_sizes': (100,), 'max_iter': 50, 'alpha': 0.0001}. Best is trial 0 with value: 1.0.
[I 2026-04-13 13:05:00,474] Trial 25 finished with value: 1.0 and parameters: {'hidden_layer_sizes': (100,), 'max_iter': 50, 'alpha': 0.0001}. Best is trial 0 with value: 1.0.
[I 2026-04-13 13:05:00,562] Trial 26 finished with value: 1.0 and parameters: {'hidden_layer_sizes': (200,), 'max_iter': 100, 'alpha': 0.001}. Best is trial 0 with value: 1.0.
[I 2026-04-13 13:05:00,609] Trial 27 finished with value: 1.0 and parameters: {'hidden_layer_sizes': (200,), 'max_iter': 50, 'alpha': 0.0001}. Best is trial 0 with value: 1.0.
[I 2026-04-13 13:05:00,680] Trial 28 finished with value: 1.0 and parameters: {'hidden_layer_sizes': (100, 100), 'max_iter': 50, 'alpha': 0.001}. Best is trial 0 with value: 1.0.
[I 2026-04-13 13:05:00,747] Trial 29 finished with value: 1.0 and parameters: {'hidden_layer_sizes': (100,), 'max_iter': 100, 'alpha': 0.001}. Best is trial 0 with value: 1.0.
[I 2026-04-13 13:05:02,196] A new study created in memory with name: naive_bayes
[I 2026-04-13 13:05:02,218] Trial 0 finished with value: 0.5 and parameters: {'var_smoothing': 1.0489343501429862e-10}. Best is trial 0 with value: 0.5.
[I 2026-04-13 13:05:02,232] Trial 1 finished with value: 0.5 and parameters: {'var_smoothing': 1.0086701860885373e-09}. Best is trial 0 with value: 0.5.
[I 2026-04-13 13:05:02,245] Trial 2 finished with value: 0.5 and parameters: {'var_smoothing': 9.807235097598006e-10}. Best is trial 0 with value: 0.5.
[I 2026-04-13 13:05:02,258] Trial 3 finished with value: 0.5 and parameters: {'var_smoothing': 1.8520770828517824e-10}. Best is trial 0 with value: 0.5.
[I 2026-04-13 13:05:02,272] Trial 4 finished with value: 0.5 and parameters: {'var_smoothing': 1.9240757716714087e-10}. Best is trial 0 with value: 0.5.
[I 2026-04-13 13:05:02,286] Trial 5 finished with value: 0.5 and parameters: {'var_smoothing': 2.736007926537145e-10}. Best is trial 0 with value: 0.5.
[I 2026-04-13 13:05:02,299] Trial 6 finished with value: 0.5 and parameters: {'var_smoothing': 6.87094324185739e-10}. Best is trial 0 with value: 0.5.
[I 2026-04-13 13:05:02,312] Trial 7 finished with value: 0.5 and parameters: {'var_smoothing': 3.134745855231349e-10}. Best is trial 0 with value: 0.5.
[I 2026-04-13 13:05:02,326] Trial 8 finished with value: 0.5 and parameters: {'var_smoothing': 1.4727170077821783e-10}. Best is trial 0 with value: 0.5.
[I 2026-04-13 13:05:02,339] Trial 9 finished with value: 0.5 and parameters: {'var_smoothing': 4.909048017047017e-10}. Best is trial 0 with value: 0.5.
[I 2026-04-13 13:05:02,358] Trial 10 finished with value: 0.55 and parameters: {'var_smoothing': 4.226228455594519e-09}. Best is trial 10 with value: 0.55.
[I 2026-04-13 13:05:02,375] Trial 11 finished with value: 0.55 and parameters: {'var_smoothing': 4.707293038530874e-09}. Best is trial 10 with value: 0.55.
[I 2026-04-13 13:05:02,392] Trial 12 finished with value: 0.55 and parameters: {'var_smoothing': 5.202025061285726e-09}. Best is trial 10 with value: 0.55.
[I 2026-04-13 13:05:02,409] Trial 13 finished with value: 0.55 and parameters: {'var_smoothing': 7.1116320849800756e-09}. Best is trial 10 with value: 0.55.
[I 2026-04-13 13:05:02,425] Trial 14 finished with value: 0.55 and parameters: {'var_smoothing': 2.965682421674466e-09}. Best is trial 10 with value: 0.55.
[I 2026-04-13 13:05:02,440] Trial 15 finished with value: 0.55 and parameters: {'var_smoothing': 2.6059256842053276e-09}. Best is trial 10 with value: 0.55.
[I 2026-04-13 13:05:02,457] Trial 16 finished with value: 0.55 and parameters: {'var_smoothing': 2.5924468048954715e-09}. Best is trial 10 with value: 0.55.
[I 2026-04-13 13:05:02,476] Trial 17 finished with value: 0.55 and parameters: {'var_smoothing': 9.734423980176389e-09}. Best is trial 10 with value: 0.55.
[I 2026-04-13 13:05:02,492] Trial 18 finished with value: 0.55 and parameters: {'var_smoothing': 4.301089730160754e-09}. Best is trial 10 with value: 0.55.
[I 2026-04-13 13:05:02,508] Trial 19 finished with value: 0.55 and parameters: {'var_smoothing': 1.6044283715312722e-09}. Best is trial 10 with value: 0.55.
[I 2026-04-13 13:05:02,538] Trial 20 finished with value: 0.55 and parameters: {'var_smoothing': 1.9252682754033512e-09}. Best is trial 10 with value: 0.55.
[I 2026-04-13 13:05:02,554] Trial 21 finished with value: 0.55 and parameters: {'var_smoothing': 4.8801872678539845e-09}. Best is trial 10 with value: 0.55.
[I 2026-04-13 13:05:02,571] Trial 22 finished with value: 0.55 and parameters: {'var_smoothing': 5.7311223742562876e-09}. Best is trial 10 with value: 0.55.
[I 2026-04-13 13:05:02,587] Trial 23 finished with value: 0.55 and parameters: {'var_smoothing': 9.539083400534513e-09}. Best is trial 10 with value: 0.55.
[I 2026-04-13 13:05:02,603] Trial 24 finished with value: 0.55 and parameters: {'var_smoothing': 3.854145748557231e-09}. Best is trial 10 with value: 0.55.
[I 2026-04-13 13:05:02,621] Trial 25 finished with value: 0.55 and parameters: {'var_smoothing': 6.5386338144381015e-09}. Best is trial 10 with value: 0.55.
[I 2026-04-13 13:05:02,643] Trial 26 finished with value: 0.55 and parameters: {'var_smoothing': 1.8000023526799423e-09}. Best is trial 10 with value: 0.55.
[I 2026-04-13 13:05:02,662] Trial 27 finished with value: 0.55 and parameters: {'var_smoothing': 3.7095736698860162e-09}. Best is trial 10 with value: 0.55.
[I 2026-04-13 13:05:02,679] Trial 28 finished with value: 0.55 and parameters: {'var_smoothing': 7.313967790935727e-09}. Best is trial 10 with value: 0.55.
[I 2026-04-13 13:05:02,696] Trial 29 finished with value: 0.55 and parameters: {'var_smoothing': 1.2384334768093464e-09}. Best is trial 10 with value: 0.55.
[I 2026-04-13 13:05:02,730] A new study created in memory with name: logreg
[I 2026-04-13 13:05:02,754] Trial 0 finished with value: 0.8 and parameters: {'C': 0.0011268620922535318, 'penalty': 'l2'}. Best is trial 0 with value: 0.8.
[I 2026-04-13 13:05:02,778] Trial 1 finished with value: 0.75 and parameters: {'C': 0.32312678588710475, 'penalty': 'l2'}. Best is trial 0 with value: 0.8.
[I 2026-04-13 13:05:02,802] Trial 2 finished with value: 0.75 and parameters: {'C': 0.3012079745112611, 'penalty': 'l2'}. Best is trial 0 with value: 0.8.
[I 2026-04-13 13:05:02,825] Trial 3 finished with value: 0.8 and parameters: {'C': 0.004668180550042529, 'penalty': 'l2'}. Best is trial 0 with value: 0.8.
[I 2026-04-13 13:05:02,837] Trial 4 finished with value: 0.8 and parameters: {'C': 0.005135177115384908, 'penalty': 'l2'}. Best is trial 0 with value: 0.8.
[I 2026-04-13 13:05:02,852] Trial 5 finished with value: 0.8 and parameters: {'C': 0.01238207351349697, 'penalty': 'l2'}. Best is trial 0 with value: 0.8.
[I 2026-04-13 13:05:02,875] Trial 6 finished with value: 0.75 and parameters: {'C': 0.12374877330306278, 'penalty': 'l2'}. Best is trial 0 with value: 0.8.
[I 2026-04-13 13:05:02,889] Trial 7 finished with value: 0.8 and parameters: {'C': 0.017398261017749217, 'penalty': 'l2'}. Best is trial 0 with value: 0.8.
[I 2026-04-13 13:05:02,912] Trial 8 finished with value: 0.8 and parameters: {'C': 0.002632074973627294, 'penalty': 'l2'}. Best is trial 0 with value: 0.8.
[I 2026-04-13 13:05:02,938] Trial 9 finished with value: 0.8 and parameters: {'C': 0.053394091359671186, 'penalty': 'l2'}. Best is trial 0 with value: 0.8.
[I 2026-04-13 13:05:02,955] Trial 10 finished with value: 0.75 and parameters: {'C': 11.611342204749677, 'penalty': 'l2'}. Best is trial 0 with value: 0.8.
[I 2026-04-13 13:05:02,984] Trial 11 finished with value: 0.8 and parameters: {'C': 0.0013084121547449281, 'penalty': 'l2'}. Best is trial 0 with value: 0.8.
[I 2026-04-13 13:05:03,013] Trial 12 finished with value: 0.75 and parameters: {'C': 3.236010385336338, 'penalty': 'l2'}. Best is trial 0 with value: 0.8.
[I 2026-04-13 13:05:03,047] Trial 13 finished with value: 0.8 and parameters: {'C': 0.0013788840683373535, 'penalty': 'l2'}. Best is trial 0 with value: 0.8.
[I 2026-04-13 13:05:03,077] Trial 14 finished with value: 0.8 and parameters: {'C': 0.025104829907155197, 'penalty': 'l2'}. Best is trial 0 with value: 0.8.
[I 2026-04-13 13:05:03,106] Trial 15 finished with value: 0.8 and parameters: {'C': 0.006208807596645537, 'penalty': 'l2'}. Best is trial 0 with value: 0.8.
[I 2026-04-13 13:05:03,137] Trial 16 finished with value: 0.8 and parameters: {'C': 37.332317419001505, 'penalty': 'l2'}. Best is trial 0 with value: 0.8.
[I 2026-04-13 13:05:03,159] Trial 17 finished with value: 0.75 and parameters: {'C': 0.8198907153252439, 'penalty': 'l2'}. Best is trial 0 with value: 0.8.
[I 2026-04-13 13:05:03,189] Trial 18 finished with value: 0.8 and parameters: {'C': 0.004449427506799828, 'penalty': 'l2'}. Best is trial 0 with value: 0.8.
[I 2026-04-13 13:05:03,219] Trial 19 finished with value: 0.8 and parameters: {'C': 0.051012638155823666, 'penalty': 'l2'}. Best is trial 0 with value: 0.8.
[I 2026-04-13 13:05:03,237] Trial 20 finished with value: 0.8 and parameters: {'C': 0.0011107458925089006, 'penalty': 'l2'}. Best is trial 0 with value: 0.8.
[I 2026-04-13 13:05:03,269] Trial 21 finished with value: 0.8 and parameters: {'C': 0.006474440109917075, 'penalty': 'l2'}. Best is trial 0 with value: 0.8.
[I 2026-04-13 13:05:03,299] Trial 22 finished with value: 0.8 and parameters: {'C': 0.0037237953943136054, 'penalty': 'l2'}. Best is trial 0 with value: 0.8.
[I 2026-04-13 13:05:03,328] Trial 23 finished with value: 0.8 and parameters: {'C': 0.011305651384824924, 'penalty': 'l2'}. Best is trial 0 with value: 0.8.
[I 2026-04-13 13:05:03,346] Trial 24 finished with value: 0.8 and parameters: {'C': 0.002595411252070072, 'penalty': 'l2'}. Best is trial 0 with value: 0.8.
[I 2026-04-13 13:05:03,364] Trial 25 finished with value: 0.8 and parameters: {'C': 0.04241779473401042, 'penalty': 'l2'}. Best is trial 0 with value: 0.8.
[I 2026-04-13 13:05:03,384] Trial 26 finished with value: 0.8 and parameters: {'C': 0.010208839786577573, 'penalty': 'l2'}. Best is trial 0 with value: 0.8.
[I 2026-04-13 13:05:03,402] Trial 27 finished with value: 0.75 and parameters: {'C': 0.11583949826585581, 'penalty': 'l2'}. Best is trial 0 with value: 0.8.
[I 2026-04-13 13:05:03,431] Trial 28 finished with value: 0.8 and parameters: {'C': 0.0027366659499479546, 'penalty': 'l2'}. Best is trial 0 with value: 0.8.
[I 2026-04-13 13:05:03,461] Trial 29 finished with value: 0.75 and parameters: {'C': 1.6427269215789202, 'penalty': 'l2'}. Best is trial 0 with value: 0.8.
[I 2026-04-13 13:05:03,503] A new study created in memory with name: knn
[I 2026-04-13 13:05:03,517] Trial 0 finished with value: 0.8 and parameters: {'n_neighbors': 3, 'leaf_size': 30, 'p': 1}. Best is trial 0 with value: 0.8.
[I 2026-04-13 13:05:03,533] Trial 1 finished with value: 0.75 and parameters: {'n_neighbors': 4, 'leaf_size': 24, 'p': 1}. Best is trial 0 with value: 0.8.
[I 2026-04-13 13:05:03,548] Trial 2 finished with value: 0.7 and parameters: {'n_neighbors': 3, 'leaf_size': 27, 'p': 2}. Best is trial 0 with value: 0.8.
[I 2026-04-13 13:05:03,565] Trial 3 finished with value: 0.75 and parameters: {'n_neighbors': 10, 'leaf_size': 20, 'p': 1}. Best is trial 0 with value: 0.8.
[I 2026-04-13 13:05:03,589] Trial 4 finished with value: 0.7 and parameters: {'n_neighbors': 10, 'leaf_size': 34, 'p': 2}. Best is trial 0 with value: 0.8.
[I 2026-04-13 13:05:03,603] Trial 5 finished with value: 0.8 and parameters: {'n_neighbors': 6, 'leaf_size': 34, 'p': 1}. Best is trial 0 with value: 0.8.
[I 2026-04-13 13:05:03,628] Trial 6 finished with value: 0.75 and parameters: {'n_neighbors': 10, 'leaf_size': 36, 'p': 1}. Best is trial 0 with value: 0.8.
[I 2026-04-13 13:05:03,641] Trial 7 finished with value: 0.8 and parameters: {'n_neighbors': 7, 'leaf_size': 39, 'p': 2}. Best is trial 0 with value: 0.8.
[I 2026-04-13 13:05:03,653] Trial 8 finished with value: 0.7 and parameters: {'n_neighbors': 10, 'leaf_size': 23, 'p': 2}. Best is trial 0 with value: 0.8.
[I 2026-04-13 13:05:03,667] Trial 9 finished with value: 0.7 and parameters: {'n_neighbors': 10, 'leaf_size': 35, 'p': 2}. Best is trial 0 with value: 0.8.
[I 2026-04-13 13:05:03,709] Trial 10 finished with value: 0.7 and parameters: {'n_neighbors': 5, 'leaf_size': 30, 'p': 1}. Best is trial 0 with value: 0.8.
[I 2026-04-13 13:05:03,729] Trial 11 finished with value: 0.8 and parameters: {'n_neighbors': 7, 'leaf_size': 31, 'p': 1}. Best is trial 0 with value: 0.8.
[I 2026-04-13 13:05:03,757] Trial 12 finished with value: 0.7 and parameters: {'n_neighbors': 5, 'leaf_size': 32, 'p': 1}. Best is trial 0 with value: 0.8.
[I 2026-04-13 13:05:03,776] Trial 13 finished with value: 0.75 and parameters: {'n_neighbors': 8, 'leaf_size': 27, 'p': 1}. Best is trial 0 with value: 0.8.
[I 2026-04-13 13:05:03,803] Trial 14 finished with value: 0.8 and parameters: {'n_neighbors': 3, 'leaf_size': 40, 'p': 1}. Best is trial 0 with value: 0.8.
[I 2026-04-13 13:05:03,825] Trial 15 finished with value: 0.7 and parameters: {'n_neighbors': 5, 'leaf_size': 28, 'p': 1}. Best is trial 0 with value: 0.8.
[I 2026-04-13 13:05:03,858] Trial 16 finished with value: 0.75 and parameters: {'n_neighbors': 8, 'leaf_size': 37, 'p': 1}. Best is trial 0 with value: 0.8.
[I 2026-04-13 13:05:03,882] Trial 17 finished with value: 0.8 and parameters: {'n_neighbors': 6, 'leaf_size': 33, 'p': 1}. Best is trial 0 with value: 0.8.
[I 2026-04-13 13:05:03,908] Trial 18 finished with value: 0.75 and parameters: {'n_neighbors': 4, 'leaf_size': 29, 'p': 1}. Best is trial 0 with value: 0.8.
[I 2026-04-13 13:05:03,931] Trial 19 finished with value: 0.8 and parameters: {'n_neighbors': 6, 'leaf_size': 25, 'p': 1}. Best is trial 0 with value: 0.8.
[I 2026-04-13 13:05:03,953] Trial 20 finished with value: 0.75 and parameters: {'n_neighbors': 4, 'leaf_size': 38, 'p': 1}. Best is trial 0 with value: 0.8.
[I 2026-04-13 13:05:03,977] Trial 21 finished with value: 0.8 and parameters: {'n_neighbors': 8, 'leaf_size': 40, 'p': 2}. Best is trial 0 with value: 0.8.
[I 2026-04-13 13:05:03,999] Trial 22 finished with value: 0.8 and parameters: {'n_neighbors': 7, 'leaf_size': 38, 'p': 2}. Best is trial 0 with value: 0.8.
[I 2026-04-13 13:05:04,020] Trial 23 finished with value: 0.75 and parameters: {'n_neighbors': 9, 'leaf_size': 33, 'p': 2}. Best is trial 0 with value: 0.8.
[I 2026-04-13 13:05:04,044] Trial 24 finished with value: 0.8 and parameters: {'n_neighbors': 7, 'leaf_size': 35, 'p': 2}. Best is trial 0 with value: 0.8.
[I 2026-04-13 13:05:04,065] Trial 25 finished with value: 0.8 and parameters: {'n_neighbors': 6, 'leaf_size': 30, 'p': 2}. Best is trial 0 with value: 0.8.
