[I 2026-04-13 13:10:59,140] Trial 21 finished with value: 0.975 and parameters: {'var_smoothing': 2.46080689865309e-10}. Best is trial 0 with value: 0.975.
[I 2026-04-13 13:10:59,159] Trial 22 finished with value: 0.975 and parameters: {'var_smoothing': 1.4445108350594728e-10}. Best is trial 0 with value: 0.975.
[I 2026-04-13 13:10:59,182] Trial 23 finished with value: 0.975 and parameters: {'var_smoothing': 3.3715577896606737e-10}. Best is trial 0 with value: 0.975.
[I 2026-04-13 13:10:59,202] Trial 24 finished with value: 0.975 and parameters: {'var_smoothing': 1.572466431855027e-10}. Best is trial 0 with value: 0.975.
[I 2026-04-13 13:10:59,233] Trial 25 finished with value: 0.975 and parameters: {'var_smoothing': 7.281746293576245e-10}. Best is trial 0 with value: 0.975.
[I 2026-04-13 13:10:59,251] Trial 26 finished with value: 0.975 and parameters: {'var_smoothing': 3.386254640873244e-10}. Best is trial 0 with value: 0.975.
[I 2026-04-13 13:10:59,271] Trial 27 finished with value: 0.975 and parameters: {'var_smoothing': 1.3918180959975328e-09}. Best is trial 0 with value: 0.975.
[I 2026-04-13 13:10:59,292] Trial 28 finished with value: 0.975 and parameters: {'var_smoothing': 2.3715836084533434e-09}. Best is trial 0 with value: 0.975.
[I 2026-04-13 13:10:59,309] Trial 29 finished with value: 0.975 and parameters: {'var_smoothing': 9.477075781575649e-09}. Best is trial 0 with value: 0.975.
[I 2026-04-13 13:10:59,348] A new study created in memory with name: logreg
[I 2026-04-13 13:10:59,380] Trial 0 finished with value: 0.9 and parameters: {'C': 0.012881482725481003, 'penalty': 'l2'}. Best is trial 0 with value: 0.9.
[I 2026-04-13 13:10:59,404] Trial 1 finished with value: 0.975 and parameters: {'C': 22.576755560681583, 'penalty': 'l2'}. Best is trial 1 with value: 0.975.
[I 2026-04-13 13:10:59,418] Trial 2 finished with value: 0.875 and parameters: {'C': 0.010804278656839932, 'penalty': 'l2'}. Best is trial 1 with value: 0.975.
[I 2026-04-13 13:10:59,445] Trial 3 finished with value: 0.975 and parameters: {'C': 39.17910760336117, 'penalty': 'l2'}. Best is trial 1 with value: 0.975.
[I 2026-04-13 13:10:59,471] Trial 4 finished with value: 0.975 and parameters: {'C': 0.2767298094062571, 'penalty': 'l2'}. Best is trial 1 with value: 0.975.
[I 2026-04-13 13:10:59,498] Trial 5 finished with value: 0.975 and parameters: {'C': 1.1447728330837224, 'penalty': 'l2'}. Best is trial 1 with value: 0.975.
[I 2026-04-13 13:10:59,525] Trial 6 finished with value: 0.975 and parameters: {'C': 6.753661388238877, 'penalty': 'l2'}. Best is trial 1 with value: 0.975.
[I 2026-04-13 13:10:59,550] Trial 7 finished with value: 0.975 and parameters: {'C': 0.39092184460352974, 'penalty': 'l2'}. Best is trial 1 with value: 0.975.
[I 2026-04-13 13:10:59,574] Trial 8 finished with value: 0.975 and parameters: {'C': 0.03047912590082646, 'penalty': 'l2'}. Best is trial 1 with value: 0.975.
[I 2026-04-13 13:10:59,587] Trial 9 finished with value: 0.825 and parameters: {'C': 0.008681727362499118, 'penalty': 'l2'}. Best is trial 1 with value: 0.975.
[I 2026-04-13 13:10:59,614] Trial 10 finished with value: 0.975 and parameters: {'C': 90.29867735508974, 'penalty': 'l2'}. Best is trial 1 with value: 0.975.
[I 2026-04-13 13:10:59,639] Trial 11 finished with value: 0.975 and parameters: {'C': 65.31936101889447, 'penalty': 'l2'}. Best is trial 1 with value: 0.975.
[I 2026-04-13 13:10:59,655] Trial 12 finished with value: 0.975 and parameters: {'C': 10.276946066829701, 'penalty': 'l2'}. Best is trial 1 with value: 0.975.
[I 2026-04-13 13:10:59,689] Trial 13 finished with value: 0.975 and parameters: {'C': 11.979406337571666, 'penalty': 'l2'}. Best is trial 1 with value: 0.975.
[I 2026-04-13 13:10:59,715] Trial 14 finished with value: 0.975 and parameters: {'C': 3.103885131392604, 'penalty': 'l2'}. Best is trial 1 with value: 0.975.
[I 2026-04-13 13:10:59,735] Trial 15 finished with value: 0.975 and parameters: {'C': 27.368605040072197, 'penalty': 'l2'}. Best is trial 1 with value: 0.975.
[I 2026-04-13 13:10:59,753] Trial 16 finished with value: 0.975 and parameters: {'C': 0.13344077328067044, 'penalty': 'l2'}. Best is trial 1 with value: 0.975.
[I 2026-04-13 13:10:59,784] Trial 17 finished with value: 0.775 and parameters: {'C': 0.0021318879744765045, 'penalty': 'l2'}. Best is trial 1 with value: 0.975.
[I 2026-04-13 13:10:59,814] Trial 18 finished with value: 0.975 and parameters: {'C': 1.8056426094216929, 'penalty': 'l2'}. Best is trial 1 with value: 0.975.
[I 2026-04-13 13:10:59,844] Trial 19 finished with value: 0.975 and parameters: {'C': 30.717532996538623, 'penalty': 'l2'}. Best is trial 1 with value: 0.975.
[I 2026-04-13 13:10:59,876] Trial 20 finished with value: 0.975 and parameters: {'C': 26.828467218463196, 'penalty': 'l2'}. Best is trial 1 with value: 0.975.
[I 2026-04-13 13:10:59,907] Trial 21 finished with value: 0.975 and parameters: {'C': 0.25558947752548705, 'penalty': 'l2'}. Best is trial 1 with value: 0.975.
[I 2026-04-13 13:10:59,928] Trial 22 finished with value: 0.975 and parameters: {'C': 0.06130066426382792, 'penalty': 'l2'}. Best is trial 1 with value: 0.975.
[I 2026-04-13 13:10:59,959] Trial 23 finished with value: 0.975 and parameters: {'C': 0.648837458755121, 'penalty': 'l2'}. Best is trial 1 with value: 0.975.
[I 2026-04-13 13:10:59,989] Trial 24 finished with value: 0.975 and parameters: {'C': 3.6161088478984835, 'penalty': 'l2'}. Best is trial 1 with value: 0.975.
[I 2026-04-13 13:11:00,010] Trial 25 finished with value: 0.975 and parameters: {'C': 0.14039013332759978, 'penalty': 'l2'}. Best is trial 1 with value: 0.975.
[I 2026-04-13 13:11:00,040] Trial 26 finished with value: 0.975 and parameters: {'C': 0.8811909763039532, 'penalty': 'l2'}. Best is trial 1 with value: 0.975.
[I 2026-04-13 13:11:00,061] Trial 27 finished with value: 0.975 and parameters: {'C': 5.036833843187123, 'penalty': 'l2'}. Best is trial 1 with value: 0.975.
[I 2026-04-13 13:11:00,091] Trial 28 finished with value: 0.975 and parameters: {'C': 13.01325914575239, 'penalty': 'l2'}. Best is trial 1 with value: 0.975.
[I 2026-04-13 13:11:00,107] Trial 29 finished with value: 0.975 and parameters: {'C': 0.03802224258070397, 'penalty': 'l2'}. Best is trial 1 with value: 0.975.
[I 2026-04-13 13:11:00,168] A new study created in memory with name: knn
[I 2026-04-13 13:11:00,182] Trial 0 finished with value: 0.975 and parameters: {'n_neighbors': 4, 'leaf_size': 38, 'p': 2}. Best is trial 0 with value: 0.975.
[I 2026-04-13 13:11:00,205] Trial 1 finished with value: 0.975 and parameters: {'n_neighbors': 6, 'leaf_size': 32, 'p': 1}. Best is trial 0 with value: 0.975.
[I 2026-04-13 13:11:00,218] Trial 2 finished with value: 0.975 and parameters: {'n_neighbors': 5, 'leaf_size': 23, 'p': 2}. Best is trial 0 with value: 0.975.
[I 2026-04-13 13:11:00,231] Trial 3 finished with value: 0.975 and parameters: {'n_neighbors': 6, 'leaf_size': 23, 'p': 1}. Best is trial 0 with value: 0.975.
[I 2026-04-13 13:11:00,243] Trial 4 finished with value: 0.975 and parameters: {'n_neighbors': 6, 'leaf_size': 26, 'p': 1}. Best is trial 0 with value: 0.975.
[I 2026-04-13 13:11:00,256] Trial 5 finished with value: 0.975 and parameters: {'n_neighbors': 7, 'leaf_size': 25, 'p': 1}. Best is trial 0 with value: 0.975.
[I 2026-04-13 13:11:00,269] Trial 6 finished with value: 0.975 and parameters: {'n_neighbors': 5, 'leaf_size': 23, 'p': 2}. Best is trial 0 with value: 0.975.
[I 2026-04-13 13:11:00,282] Trial 7 finished with value: 0.975 and parameters: {'n_neighbors': 10, 'leaf_size': 23, 'p': 2}. Best is trial 0 with value: 0.975.
[I 2026-04-13 13:11:00,295] Trial 8 finished with value: 0.975 and parameters: {'n_neighbors': 8, 'leaf_size': 36, 'p': 2}. Best is trial 0 with value: 0.975.
[I 2026-04-13 13:11:00,311] Trial 9 finished with value: 0.975 and parameters: {'n_neighbors': 3, 'leaf_size': 30, 'p': 2}. Best is trial 0 with value: 0.975.
[I 2026-04-13 13:11:00,332] Trial 10 finished with value: 0.975 and parameters: {'n_neighbors': 3, 'leaf_size': 40, 'p': 2}. Best is trial 0 with value: 0.975.
[I 2026-04-13 13:11:00,357] Trial 11 finished with value: 0.975 and parameters: {'n_neighbors': 4, 'leaf_size': 35, 'p': 1}. Best is trial 0 with value: 0.975.
[I 2026-04-13 13:11:00,379] Trial 12 finished with value: 0.975 and parameters: {'n_neighbors': 8, 'leaf_size': 33, 'p': 1}. Best is trial 0 with value: 0.975.
[I 2026-04-13 13:11:00,399] Trial 13 finished with value: 0.975 and parameters: {'n_neighbors': 4, 'leaf_size': 40, 'p': 1}. Best is trial 0 with value: 0.975.
[I 2026-04-13 13:11:00,426] Trial 14 finished with value: 0.975 and parameters: {'n_neighbors': 5, 'leaf_size': 30, 'p': 2}. Best is trial 0 with value: 0.975.
[I 2026-04-13 13:11:00,453] Trial 15 finished with value: 0.975 and parameters: {'n_neighbors': 7, 'leaf_size': 37, 'p': 1}. Best is trial 0 with value: 0.975.
[I 2026-04-13 13:11:00,479] Trial 16 finished with value: 0.975 and parameters: {'n_neighbors': 10, 'leaf_size': 31, 'p': 2}. Best is trial 0 with value: 0.975.
[I 2026-04-13 13:11:00,510] Trial 17 finished with value: 0.975 and parameters: {'n_neighbors': 4, 'leaf_size': 38, 'p': 1}. Best is trial 0 with value: 0.975.
[I 2026-04-13 13:11:00,540] Trial 18 finished with value: 0.975 and parameters: {'n_neighbors': 8, 'leaf_size': 34, 'p': 2}. Best is trial 0 with value: 0.975.
[I 2026-04-13 13:11:00,564] Trial 19 finished with value: 0.975 and parameters: {'n_neighbors': 6, 'leaf_size': 28, 'p': 1}. Best is trial 0 with value: 0.975.
[I 2026-04-13 13:11:00,590] Trial 20 finished with value: 0.975 and parameters: {'n_neighbors': 9, 'leaf_size': 32, 'p': 1}. Best is trial 0 with value: 0.975.
[I 2026-04-13 13:11:00,613] Trial 21 finished with value: 0.975 and parameters: {'n_neighbors': 5, 'leaf_size': 20, 'p': 2}. Best is trial 0 with value: 0.975.
[I 2026-04-13 13:11:00,639] Trial 22 finished with value: 0.975 and parameters: {'n_neighbors': 5, 'leaf_size': 27, 'p': 2}. Best is trial 0 with value: 0.975.
[I 2026-04-13 13:11:00,667] Trial 23 finished with value: 0.975 and parameters: {'n_neighbors': 4, 'leaf_size': 28, 'p': 2}. Best is trial 0 with value: 0.975.
[I 2026-04-13 13:11:00,693] Trial 24 finished with value: 0.975 and parameters: {'n_neighbors': 3, 'leaf_size': 21, 'p': 2}. Best is trial 0 with value: 0.975.
[I 2026-04-13 13:11:00,729] Trial 25 finished with value: 0.975 and parameters: {'n_neighbors': 6, 'leaf_size': 38, 'p': 2}. Best is trial 0 with value: 0.975.
[I 2026-04-13 13:11:00,755] Trial 26 finished with value: 0.975 and parameters: {'n_neighbors': 5, 'leaf_size': 34, 'p': 2}. Best is trial 0 with value: 0.975.
[I 2026-04-13 13:11:00,792] Trial 27 finished with value: 0.975 and parameters: {'n_neighbors': 7, 'leaf_size': 32, 'p': 2}. Best is trial 0 with value: 0.975.
[I 2026-04-13 13:11:00,818] Trial 28 finished with value: 0.975 and parameters: {'n_neighbors': 4, 'leaf_size': 25, 'p': 1}. Best is trial 0 with value: 0.975.
[I 2026-04-13 13:11:00,847] Trial 29 finished with value: 0.975 and parameters: {'n_neighbors': 6, 'leaf_size': 29, 'p': 1}. Best is trial 0 with value: 0.975.
[I 2026-04-13 13:11:00,896] A new study created in memory with name: xgb
[I 2026-04-13 13:11:00,923] Trial 0 finished with value: 0.975 and parameters: {'n_estimators': 40, 'max_depth': 5, 'gamma': 0.789317070832284, 'subsample': 0.7592089939364717, 'colsample_bytree': 0.648400250788111}. Best is trial 0 with value: 0.975.
[I 2026-04-13 13:11:00,963] Trial 1 finished with value: 0.975 and parameters: {'n_estimators': 100, 'max_depth': 30, 'gamma': 0.34667781579300216, 'subsample': 0.7071175095405257, 'colsample_bytree': 0.6480399663668239}. Best is trial 0 with value: 0.975.
[I 2026-04-13 13:11:00,992] Trial 2 finished with value: 0.975 and parameters: {'n_estimators': 10, 'max_depth': 20, 'gamma': 0.3948075529198607, 'subsample': 0.5720821503267102, 'colsample_bytree': 0.5828064306006338}. Best is trial 0 with value: 0.975.
[I 2026-04-13 13:11:01,018] Trial 3 finished with value: 0.975 and parameters: {'n_estimators': 10, 'max_depth': 30, 'gamma': 0.8015631269999768, 'subsample': 0.5114665462195407, 'colsample_bytree': 0.788831429064878}. Best is trial 0 with value: 0.975.
[I 2026-04-13 13:11:01,055] Trial 4 finished with value: 0.975 and parameters: {'n_estimators': 100, 'max_depth': 5, 'gamma': 0.8834347783013348, 'subsample': 0.961374806972835, 'colsample_bytree': 0.5011071062662218}. Best is trial 0 with value: 0.975.
[I 2026-04-13 13:11:01,080] Trial 5 finished with value: 0.975 and parameters: {'n_estimators': 40, 'max_depth': 5, 'gamma': 0.5364379674896123, 'subsample': 0.5145557818363589, 'colsample_bytree': 0.5432628442011025}. Best is trial 0 with value: 0.975.
[I 2026-04-13 13:11:01,118] Trial 6 finished with value: 0.975 and parameters: {'n_estimators': 100, 'max_depth': 20, 'gamma': 0.6718205850237038, 'subsample': 0.9059511955902053, 'colsample_bytree': 0.9633413076219371}. Best is trial 0 with value: 0.975.
[I 2026-04-13 13:11:01,153] Trial 7 finished with value: 0.975 and parameters: {'n_estimators': 10, 'max_depth': 30, 'gamma': 0.8165284487704038, 'subsample': 0.5255714015506736, 'colsample_bytree': 0.594333867896554}. Best is trial 0 with value: 0.975.
[I 2026-04-13 13:11:01,190] Trial 8 finished with value: 0.975 and parameters: {'n_estimators': 100, 'max_depth': 20, 'gamma': 0.6251497693480509, 'subsample': 0.9696496759824258, 'colsample_bytree': 0.9717700410079397}. Best is trial 0 with value: 0.975.
[I 2026-04-13 13:11:01,215] Trial 9 finished with value: 0.975 and parameters: {'n_estimators': 40, 'max_depth': 30, 'gamma': 0.9649927737686168, 'subsample': 0.6857563076640036, 'colsample_bytree': 0.5061847058001788}. Best is trial 0 with value: 0.975.
[I 2026-04-13 13:11:01,259] Trial 10 finished with value: 0.975 and parameters: {'n_estimators': 40, 'max_depth': 5, 'gamma': 0.17962098877423716, 'subsample': 0.8225184540606401, 'colsample_bytree': 0.7743115296703093}. Best is trial 0 with value: 0.975.
[I 2026-04-13 13:11:01,301] Trial 11 finished with value: 0.975 and parameters: {'n_estimators': 40, 'max_depth': 5, 'gamma': 0.284144177802935, 'subsample': 0.7137332854536631, 'colsample_bytree': 0.6815498556783907}. Best is trial 0 with value: 0.975.
[I 2026-04-13 13:11:01,352] Trial 12 finished with value: 0.975 and parameters: {'n_estimators': 100, 'max_depth': 30, 'gamma': 0.4460361445163697, 'subsample': 0.6425328048515475, 'colsample_bytree': 0.679730053828248}. Best is trial 0 with value: 0.975.
[I 2026-04-13 13:11:01,391] Trial 13 finished with value: 0.975 and parameters: {'n_estimators': 40, 'max_depth': 5, 'gamma': 0.15813912455139084, 'subsample': 0.7844515830692418, 'colsample_bytree': 0.6758652093499296}. Best is trial 0 with value: 0.975.
[I 2026-04-13 13:11:01,441] Trial 14 finished with value: 0.975 and parameters: {'n_estimators': 100, 'max_depth': 30, 'gamma': 0.6918007402171132, 'subsample': 0.8431105857116872, 'colsample_bytree': 0.8216506181347186}. Best is trial 0 with value: 0.975.
[I 2026-04-13 13:11:01,476] Trial 15 finished with value: 0.975 and parameters: {'n_estimators': 100, 'max_depth': 30, 'gamma': 0.349760846204061, 'subsample': 0.6341284233145288, 'colsample_bytree': 0.8604557310580807}. Best is trial 0 with value: 0.975.
[I 2026-04-13 13:11:01,517] Trial 16 finished with value: 0.975 and parameters: {'n_estimators': 40, 'max_depth': 5, 'gamma': 0.5201464803795712, 'subsample': 0.7450819645371771, 'colsample_bytree': 0.6198858180831269}. Best is trial 0 with value: 0.975.
[I 2026-04-13 13:11:01,564] Trial 17 finished with value: 0.975 and parameters: {'n_estimators': 40, 'max_depth': 30, 'gamma': 0.24898809859426368, 'subsample': 0.8794206962560682, 'colsample_bytree': 0.7109611479294711}. Best is trial 0 with value: 0.975.
[I 2026-04-13 13:11:01,620] Trial 18 finished with value: 0.975 and parameters: {'n_estimators': 100, 'max_depth': 5, 'gamma': 0.9913860986584816, 'subsample': 0.7789286533284532, 'colsample_bytree': 0.6271428698415437}. Best is trial 0 with value: 0.975.
[I 2026-04-13 13:11:01,661] Trial 19 finished with value: 0.975 and parameters: {'n_estimators': 10, 'max_depth': 20, 'gamma': 0.1024661458044199, 'subsample': 0.6385018241519915, 'colsample_bytree': 0.7256286391121816}. Best is trial 0 with value: 0.975.
[I 2026-04-13 13:11:01,710] Trial 20 finished with value: 0.975 and parameters: {'n_estimators': 100, 'max_depth': 5, 'gamma': 0.7591732860443527, 'subsample': 0.690163639384909, 'colsample_bytree': 0.8803558534234343}. Best is trial 0 with value: 0.975.
[I 2026-04-13 13:11:01,750] Trial 21 finished with value: 0.975 and parameters: {'n_estimators': 10, 'max_depth': 20, 'gamma': 0.4114206146200162, 'subsample': 0.5787348283873678, 'colsample_bytree': 0.5799921299120425}. Best is trial 0 with value: 0.975.
[I 2026-04-13 13:11:01,793] Trial 22 finished with value: 0.975 and parameters: {'n_estimators': 10, 'max_depth': 20, 'gamma': 0.44013563993373117, 'subsample': 0.5884642358257253, 'colsample_bytree': 0.6396439334383429}. Best is trial 0 with value: 0.975.
[I 2026-04-13 13:11:01,831] Trial 23 finished with value: 0.975 and parameters: {'n_estimators': 10, 'max_depth': 20, 'gamma': 0.3640526720769539, 'subsample': 0.7376906145275179, 'colsample_bytree': 0.5646376443736348}. Best is trial 0 with value: 0.975.
[I 2026-04-13 13:11:01,860] Trial 24 finished with value: 0.975 and parameters: {'n_estimators': 10, 'max_depth': 20, 'gamma': 0.5836653771261503, 'subsample': 0.587601911862339, 'colsample_bytree': 0.6342116043678898}. Best is trial 0 with value: 0.975.
[I 2026-04-13 13:11:01,903] Trial 25 finished with value: 0.975 and parameters: {'n_estimators': 10, 'max_depth': 20, 'gamma': 0.2694330931240215, 'subsample': 0.7985250050147175, 'colsample_bytree': 0.5457868258232631}. Best is trial 0 with value: 0.975.
[I 2026-04-13 13:11:01,938] Trial 26 finished with value: 0.975 and parameters: {'n_estimators': 40, 'max_depth': 30, 'gamma': 0.4991027872300632, 'subsample': 0.6747096314819956, 'colsample_bytree': 0.6637128467472857}. Best is trial 0 with value: 0.975.
[I 2026-04-13 13:11:01,978] Trial 27 finished with value: 0.975 and parameters: {'n_estimators': 10, 'max_depth': 30, 'gamma': 0.3373658061926824, 'subsample': 0.5707029938448864, 'colsample_bytree': 0.7221935867931729}. Best is trial 0 with value: 0.975.
[I 2026-04-13 13:11:02,018] Trial 28 finished with value: 0.975 and parameters: {'n_estimators': 40, 'max_depth': 5, 'gamma': 0.4632819913832272, 'subsample': 0.8708901507233173, 'colsample_bytree': 0.5968207877364301}. Best is trial 0 with value: 0.975.
[I 2026-04-13 13:11:02,066] Trial 29 finished with value: 0.975 and parameters: {'n_estimators': 100, 'max_depth': 20, 'gamma': 0.8972464177448476, 'subsample': 0.723868436480241, 'colsample_bytree': 0.7508709108163548}. Best is trial 0 with value: 0.975.
[I 2026-04-13 13:11:02,130] A new study created in memory with name: rf
[I 2026-04-13 13:11:02,437] Trial 0 finished with value: 1.0 and parameters: {'n_estimators': 189, 'max_depth': 18, 'min_samples_split': 3, 'min_samples_leaf': 10}. Best is trial 0 with value: 1.0.
[I 2026-04-13 13:11:02,848] Trial 1 finished with value: 1.0 and parameters: {'n_estimators': 295, 'max_depth': 14, 'min_samples_split': 8, 'min_samples_leaf': 6}. Best is trial 0 with value: 1.0.
[I 2026-04-13 13:11:03,137] Trial 2 finished with value: 1.0 and parameters: {'n_estimators': 219, 'max_depth': 6, 'min_samples_split': 2, 'min_samples_leaf': 8}. Best is trial 0 with value: 1.0.
[I 2026-04-13 13:11:03,555] Trial 3 finished with value: 1.0 and parameters: {'n_estimators': 276, 'max_depth': 5, 'min_samples_split': 9, 'min_samples_leaf': 3}. Best is trial 0 with value: 1.0.
[I 2026-04-13 13:11:03,925] Trial 4 finished with value: 1.0 and parameters: {'n_estimators': 266, 'max_depth': 8, 'min_samples_split': 7, 'min_samples_leaf': 6}. Best is trial 0 with value: 1.0.
[I 2026-04-13 13:11:04,363] Trial 5 finished with value: 1.0 and parameters: {'n_estimators': 340, 'max_depth': 7, 'min_samples_split': 4, 'min_samples_leaf': 3}. Best is trial 0 with value: 1.0.
[I 2026-04-13 13:11:04,662] Trial 6 finished with value: 1.0 and parameters: {'n_estimators': 231, 'max_depth': 5, 'min_samples_split': 3, 'min_samples_leaf': 10}. Best is trial 0 with value: 1.0.
[I 2026-04-13 13:11:05,243] Trial 7 finished with value: 1.0 and parameters: {'n_estimators': 485, 'max_depth': 6, 'min_samples_split': 2, 'min_samples_leaf': 3}. Best is trial 0 with value: 1.0.
[I 2026-04-13 13:11:05,763] Trial 8 finished with value: 1.0 and parameters: {'n_estimators': 380, 'max_depth': 17, 'min_samples_split': 2, 'min_samples_leaf': 6}. Best is trial 0 with value: 1.0.
[I 2026-04-13 13:11:05,940] Trial 9 finished with value: 1.0 and parameters: {'n_estimators': 100, 'max_depth': 12, 'min_samples_split': 7, 'min_samples_leaf': 10}. Best is trial 0 with value: 1.0.
[I 2026-04-13 13:11:06,114] Trial 10 finished with value: 1.0 and parameters: {'n_estimators': 110, 'max_depth': 20, 'min_samples_split': 5, 'min_samples_leaf': 8}. Best is trial 0 with value: 1.0.
[I 2026-04-13 13:11:06,398] Trial 11 finished with value: 1.0 and parameters: {'n_estimators': 175, 'max_depth': 14, 'min_samples_split': 10, 'min_samples_leaf': 1}. Best is trial 0 with value: 1.0.
[I 2026-04-13 13:11:06,873] Trial 12 finished with value: 1.0 and parameters: {'n_estimators': 396, 'max_depth': 16, 'min_samples_split': 8, 'min_samples_leaf': 8}. Best is trial 0 with value: 1.0.
[I 2026-04-13 13:11:07,135] Trial 13 finished with value: 1.0 and parameters: {'n_estimators': 159, 'max_depth': 20, 'min_samples_split': 6, 'min_samples_leaf': 5}. Best is trial 0 with value: 1.0.
[I 2026-04-13 13:11:07,548] Trial 14 finished with value: 1.0 and parameters: {'n_estimators': 316, 'max_depth': 10, 'min_samples_split': 5, 'min_samples_leaf': 9}. Best is trial 0 with value: 1.0.
