[I 2026-04-13 12:58:26,200] Trial 22 finished with value: 0.9 and parameters: {'var_smoothing': 6.667992141406306e-09}. Best is trial 0 with value: 0.9.
[I 2026-04-13 12:58:26,229] Trial 23 finished with value: 0.9 and parameters: {'var_smoothing': 3.2795712712135213e-09}. Best is trial 0 with value: 0.9.
[I 2026-04-13 12:58:26,251] Trial 24 finished with value: 0.9 and parameters: {'var_smoothing': 6.403538416287158e-10}. Best is trial 0 with value: 0.9.
[I 2026-04-13 12:58:26,271] Trial 25 finished with value: 0.9 and parameters: {'var_smoothing': 2.1589819023851477e-09}. Best is trial 0 with value: 0.9.
[I 2026-04-13 12:58:26,293] Trial 26 finished with value: 0.9 and parameters: {'var_smoothing': 3.912617821024548e-09}. Best is trial 0 with value: 0.9.
[I 2026-04-13 12:58:26,321] Trial 27 finished with value: 0.9 and parameters: {'var_smoothing': 7.162139101012446e-09}. Best is trial 0 with value: 0.9.
[I 2026-04-13 12:58:26,340] Trial 28 finished with value: 0.9 and parameters: {'var_smoothing': 1.3883316815746274e-09}. Best is trial 0 with value: 0.9.
[I 2026-04-13 12:58:26,359] Trial 29 finished with value: 0.9 and parameters: {'var_smoothing': 4.1751754503046387e-10}. Best is trial 0 with value: 0.9.
[I 2026-04-13 12:58:26,390] A new study created in memory with name: logreg
[I 2026-04-13 12:58:26,414] Trial 0 finished with value: 0.95 and parameters: {'C': 29.127335430981816, 'penalty': 'l2'}. Best is trial 0 with value: 0.95.
[I 2026-04-13 12:58:26,439] Trial 1 finished with value: 0.9 and parameters: {'C': 0.045698192893558344, 'penalty': 'l2'}. Best is trial 0 with value: 0.95.
[I 2026-04-13 12:58:26,452] Trial 2 finished with value: 0.95 and parameters: {'C': 12.768668597712947, 'penalty': 'l2'}. Best is trial 0 with value: 0.95.
[I 2026-04-13 12:58:26,475] Trial 3 finished with value: 0.95 and parameters: {'C': 0.0016161554408462638, 'penalty': 'l2'}. Best is trial 0 with value: 0.95.
[I 2026-04-13 12:58:26,488] Trial 4 finished with value: 0.9 and parameters: {'C': 0.0034536903703241734, 'penalty': 'l2'}. Best is trial 0 with value: 0.95.
[I 2026-04-13 12:58:26,511] Trial 5 finished with value: 0.95 and parameters: {'C': 0.9446269266990148, 'penalty': 'l2'}. Best is trial 0 with value: 0.95.
[I 2026-04-13 12:58:26,534] Trial 6 finished with value: 0.95 and parameters: {'C': 0.4457453393648168, 'penalty': 'l2'}. Best is trial 0 with value: 0.95.
[I 2026-04-13 12:58:26,546] Trial 7 finished with value: 0.9 and parameters: {'C': 0.12417585037258261, 'penalty': 'l2'}. Best is trial 0 with value: 0.95.
[I 2026-04-13 12:58:26,571] Trial 8 finished with value: 0.9 and parameters: {'C': 0.04753781830244093, 'penalty': 'l2'}. Best is trial 0 with value: 0.95.
[I 2026-04-13 12:58:26,587] Trial 9 finished with value: 0.95 and parameters: {'C': 1.2959766028194148, 'penalty': 'l2'}. Best is trial 0 with value: 0.95.
[I 2026-04-13 12:58:26,615] Trial 10 finished with value: 0.95 and parameters: {'C': 96.02411422716075, 'penalty': 'l2'}. Best is trial 0 with value: 0.95.
[I 2026-04-13 12:58:26,647] Trial 11 finished with value: 0.95 and parameters: {'C': 39.69400400084221, 'penalty': 'l2'}. Best is trial 0 with value: 0.95.
[I 2026-04-13 12:58:26,679] Trial 12 finished with value: 0.95 and parameters: {'C': 8.225959882391543, 'penalty': 'l2'}. Best is trial 0 with value: 0.95.
[I 2026-04-13 12:58:26,705] Trial 13 finished with value: 0.95 and parameters: {'C': 7.754794499748217, 'penalty': 'l2'}. Best is trial 0 with value: 0.95.
[I 2026-04-13 12:58:26,730] Trial 14 finished with value: 0.95 and parameters: {'C': 6.4805921259058685, 'penalty': 'l2'}. Best is trial 0 with value: 0.95.
[I 2026-04-13 12:58:26,757] Trial 15 finished with value: 0.95 and parameters: {'C': 20.46019149655531, 'penalty': 'l2'}. Best is trial 0 with value: 0.95.
[I 2026-04-13 12:58:26,787] Trial 16 finished with value: 0.95 and parameters: {'C': 2.6712006191102677, 'penalty': 'l2'}. Best is trial 0 with value: 0.95.
[I 2026-04-13 12:58:26,803] Trial 17 finished with value: 0.95 and parameters: {'C': 66.57016988037816, 'penalty': 'l2'}. Best is trial 0 with value: 0.95.
[I 2026-04-13 12:58:26,829] Trial 18 finished with value: 0.95 and parameters: {'C': 20.549499653203245, 'penalty': 'l2'}. Best is trial 0 with value: 0.95.
[I 2026-04-13 12:58:26,862] Trial 19 finished with value: 0.95 and parameters: {'C': 3.4848224841762354, 'penalty': 'l2'}. Best is trial 0 with value: 0.95.
[I 2026-04-13 12:58:26,879] Trial 20 finished with value: 0.95 and parameters: {'C': 21.043901013446362, 'penalty': 'l2'}. Best is trial 0 with value: 0.95.
[I 2026-04-13 12:58:26,896] Trial 21 finished with value: 0.9 and parameters: {'C': 0.0027746712733741903, 'penalty': 'l2'}. Best is trial 0 with value: 0.95.
[I 2026-04-13 12:58:26,924] Trial 22 finished with value: 0.95 and parameters: {'C': 0.0012504220035156409, 'penalty': 'l2'}. Best is trial 0 with value: 0.95.
[I 2026-04-13 12:58:26,955] Trial 23 finished with value: 0.9 and parameters: {'C': 0.036536669166890356, 'penalty': 'l2'}. Best is trial 0 with value: 0.95.
[I 2026-04-13 12:58:26,987] Trial 24 finished with value: 0.9 and parameters: {'C': 0.0083035878155558, 'penalty': 'l2'}. Best is trial 0 with value: 0.95.
[I 2026-04-13 12:58:27,007] Trial 25 finished with value: 0.9 and parameters: {'C': 0.17702062047120043, 'penalty': 'l2'}. Best is trial 0 with value: 0.95.
[I 2026-04-13 12:58:27,035] Trial 26 finished with value: 0.9 and parameters: {'C': 0.012387499636001633, 'penalty': 'l2'}. Best is trial 0 with value: 0.95.
[I 2026-04-13 12:58:27,064] Trial 27 finished with value: 0.95 and parameters: {'C': 1.1705799022670182, 'penalty': 'l2'}. Best is trial 0 with value: 0.95.
[I 2026-04-13 12:58:27,091] Trial 28 finished with value: 0.9 and parameters: {'C': 0.371209005251584, 'penalty': 'l2'}. Best is trial 0 with value: 0.95.
[I 2026-04-13 12:58:27,120] Trial 29 finished with value: 0.95 and parameters: {'C': 42.13309035581954, 'penalty': 'l2'}. Best is trial 0 with value: 0.95.
[I 2026-04-13 12:58:27,177] A new study created in memory with name: knn
[I 2026-04-13 12:58:27,190] Trial 0 finished with value: 0.95 and parameters: {'n_neighbors': 10, 'leaf_size': 26, 'p': 1}. Best is trial 0 with value: 0.95.
[I 2026-04-13 12:58:27,203] Trial 1 finished with value: 0.95 and parameters: {'n_neighbors': 3, 'leaf_size': 32, 'p': 1}. Best is trial 0 with value: 0.95.
[I 2026-04-13 12:58:27,216] Trial 2 finished with value: 0.9 and parameters: {'n_neighbors': 5, 'leaf_size': 33, 'p': 2}. Best is trial 0 with value: 0.95.
[I 2026-04-13 12:58:27,239] Trial 3 finished with value: 0.95 and parameters: {'n_neighbors': 7, 'leaf_size': 32, 'p': 2}. Best is trial 0 with value: 0.95.
[I 2026-04-13 12:58:27,251] Trial 4 finished with value: 0.95 and parameters: {'n_neighbors': 9, 'leaf_size': 28, 'p': 1}. Best is trial 0 with value: 0.95.
[I 2026-04-13 12:58:27,264] Trial 5 finished with value: 0.95 and parameters: {'n_neighbors': 3, 'leaf_size': 35, 'p': 1}. Best is trial 0 with value: 0.95.
[I 2026-04-13 12:58:27,278] Trial 6 finished with value: 0.9 and parameters: {'n_neighbors': 8, 'leaf_size': 31, 'p': 2}. Best is trial 0 with value: 0.95.
[I 2026-04-13 12:58:27,291] Trial 7 finished with value: 0.95 and parameters: {'n_neighbors': 6, 'leaf_size': 24, 'p': 2}. Best is trial 0 with value: 0.95.
[I 2026-04-13 12:58:27,306] Trial 8 finished with value: 0.9 and parameters: {'n_neighbors': 5, 'leaf_size': 34, 'p': 2}. Best is trial 0 with value: 0.95.
[I 2026-04-13 12:58:27,319] Trial 9 finished with value: 0.95 and parameters: {'n_neighbors': 10, 'leaf_size': 27, 'p': 2}. Best is trial 0 with value: 0.95.
[I 2026-04-13 12:58:27,343] Trial 10 finished with value: 0.95 and parameters: {'n_neighbors': 10, 'leaf_size': 40, 'p': 1}. Best is trial 0 with value: 0.95.
[I 2026-04-13 12:58:27,365] Trial 11 finished with value: 0.95 and parameters: {'n_neighbors': 3, 'leaf_size': 22, 'p': 1}. Best is trial 0 with value: 0.95.
[I 2026-04-13 12:58:27,387] Trial 12 finished with value: 0.95 and parameters: {'n_neighbors': 4, 'leaf_size': 26, 'p': 1}. Best is trial 0 with value: 0.95.
[I 2026-04-13 12:58:27,410] Trial 13 finished with value: 0.9 and parameters: {'n_neighbors': 8, 'leaf_size': 20, 'p': 1}. Best is trial 0 with value: 0.95.
[I 2026-04-13 12:58:27,441] Trial 14 finished with value: 0.95 and parameters: {'n_neighbors': 6, 'leaf_size': 38, 'p': 1}. Best is trial 0 with value: 0.95.
[I 2026-04-13 12:58:27,464] Trial 15 finished with value: 0.9 and parameters: {'n_neighbors': 8, 'leaf_size': 29, 'p': 1}. Best is trial 0 with value: 0.95.
[I 2026-04-13 12:58:27,497] Trial 16 finished with value: 0.95 and parameters: {'n_neighbors': 4, 'leaf_size': 24, 'p': 1}. Best is trial 0 with value: 0.95.
[I 2026-04-13 12:58:27,523] Trial 17 finished with value: 0.9 and parameters: {'n_neighbors': 7, 'leaf_size': 37, 'p': 1}. Best is trial 0 with value: 0.95.
[I 2026-04-13 12:58:27,543] Trial 18 finished with value: 0.95 and parameters: {'n_neighbors': 9, 'leaf_size': 25, 'p': 1}. Best is trial 0 with value: 0.95.
[I 2026-04-13 12:58:27,586] Trial 19 finished with value: 0.9 and parameters: {'n_neighbors': 5, 'leaf_size': 30, 'p': 1}. Best is trial 0 with value: 0.95.
[I 2026-04-13 12:58:27,611] Trial 20 finished with value: 0.95 and parameters: {'n_neighbors': 4, 'leaf_size': 22, 'p': 1}. Best is trial 0 with value: 0.95.
[I 2026-04-13 12:58:27,637] Trial 21 finished with value: 0.95 and parameters: {'n_neighbors': 7, 'leaf_size': 32, 'p': 2}. Best is trial 0 with value: 0.95.
[I 2026-04-13 12:58:27,661] Trial 22 finished with value: 0.95 and parameters: {'n_neighbors': 9, 'leaf_size': 36, 'p': 2}. Best is trial 0 with value: 0.95.
[I 2026-04-13 12:58:27,687] Trial 23 finished with value: 0.95 and parameters: {'n_neighbors': 7, 'leaf_size': 31, 'p': 2}. Best is trial 0 with value: 0.95.
[I 2026-04-13 12:58:27,712] Trial 24 finished with value: 0.95 and parameters: {'n_neighbors': 6, 'leaf_size': 29, 'p': 2}. Best is trial 0 with value: 0.95.
[I 2026-04-13 12:58:27,737] Trial 25 finished with value: 0.95 and parameters: {'n_neighbors': 10, 'leaf_size': 33, 'p': 1}. Best is trial 0 with value: 0.95.
[I 2026-04-13 12:58:27,759] Trial 26 finished with value: 0.9 and parameters: {'n_neighbors': 8, 'leaf_size': 27, 'p': 2}. Best is trial 0 with value: 0.95.
[I 2026-04-13 12:58:27,789] Trial 27 finished with value: 0.95 and parameters: {'n_neighbors': 9, 'leaf_size': 30, 'p': 1}. Best is trial 0 with value: 0.95.
[I 2026-04-13 12:58:27,809] Trial 28 finished with value: 0.95 and parameters: {'n_neighbors': 3, 'leaf_size': 34, 'p': 2}. Best is trial 0 with value: 0.95.
[I 2026-04-13 12:58:27,843] Trial 29 finished with value: 0.9 and parameters: {'n_neighbors': 5, 'leaf_size': 32, 'p': 2}. Best is trial 0 with value: 0.95.
[I 2026-04-13 12:58:27,885] A new study created in memory with name: xgb
[I 2026-04-13 12:58:27,922] Trial 0 finished with value: 1.0 and parameters: {'n_estimators': 10, 'max_depth': 30, 'gamma': 0.5768356259735394, 'subsample': 0.7094037142783272, 'colsample_bytree': 0.6677039246366646}. Best is trial 0 with value: 1.0.
[I 2026-04-13 12:58:27,971] Trial 1 finished with value: 0.9 and parameters: {'n_estimators': 100, 'max_depth': 30, 'gamma': 0.9912018442360747, 'subsample': 0.9099290984609207, 'colsample_bytree': 0.7066004674080903}. Best is trial 0 with value: 1.0.
[I 2026-04-13 12:58:27,996] Trial 2 finished with value: 1.0 and parameters: {'n_estimators': 10, 'max_depth': 20, 'gamma': 0.7382185757030506, 'subsample': 0.7704684271512641, 'colsample_bytree': 0.5624120871903049}. Best is trial 0 with value: 1.0.
[I 2026-04-13 12:58:28,021] Trial 3 finished with value: 0.9 and parameters: {'n_estimators': 10, 'max_depth': 20, 'gamma': 0.7041784887453524, 'subsample': 0.7995029565695583, 'colsample_bytree': 0.8586660727777565}. Best is trial 0 with value: 1.0.
[I 2026-04-13 12:58:28,046] Trial 4 finished with value: 0.9 and parameters: {'n_estimators': 10, 'max_depth': 20, 'gamma': 0.46549701645255037, 'subsample': 0.9946899241400011, 'colsample_bytree': 0.725249640372583}. Best is trial 0 with value: 1.0.
[I 2026-04-13 12:58:28,082] Trial 5 finished with value: 0.95 and parameters: {'n_estimators': 40, 'max_depth': 20, 'gamma': 0.3554734452019276, 'subsample': 0.5947710951851903, 'colsample_bytree': 0.7356254823676576}. Best is trial 0 with value: 1.0.
[I 2026-04-13 12:58:28,121] Trial 6 finished with value: 0.9 and parameters: {'n_estimators': 40, 'max_depth': 20, 'gamma': 0.8967376717636345, 'subsample': 0.988276510203839, 'colsample_bytree': 0.9184542964535913}. Best is trial 0 with value: 1.0.
[I 2026-04-13 12:58:28,150] Trial 7 finished with value: 1.0 and parameters: {'n_estimators': 40, 'max_depth': 30, 'gamma': 0.7149068474388774, 'subsample': 0.5696358027454862, 'colsample_bytree': 0.8514125286992056}. Best is trial 0 with value: 1.0.
[I 2026-04-13 12:58:28,186] Trial 8 finished with value: 0.95 and parameters: {'n_estimators': 100, 'max_depth': 30, 'gamma': 0.2471398756881566, 'subsample': 0.8241126205332553, 'colsample_bytree': 0.6258070715852391}. Best is trial 0 with value: 1.0.
[I 2026-04-13 12:58:28,214] Trial 9 finished with value: 0.9 and parameters: {'n_estimators': 40, 'max_depth': 30, 'gamma': 0.8599846034069103, 'subsample': 0.8019332783535529, 'colsample_bytree': 0.7936068454878676}. Best is trial 0 with value: 1.0.
[I 2026-04-13 12:58:28,253] Trial 10 finished with value: 1.0 and parameters: {'n_estimators': 10, 'max_depth': 5, 'gamma': 0.11132541504315885, 'subsample': 0.6518824205184826, 'colsample_bytree': 0.5222467176724002}. Best is trial 0 with value: 1.0.
[I 2026-04-13 12:58:28,304] Trial 11 finished with value: 0.95 and parameters: {'n_estimators': 10, 'max_depth': 5, 'gamma': 0.6180222197079145, 'subsample': 0.6968689050111856, 'colsample_bytree': 0.5604830254473679}. Best is trial 0 with value: 1.0.
[I 2026-04-13 12:58:28,342] Trial 12 finished with value: 1.0 and parameters: {'n_estimators': 10, 'max_depth': 30, 'gamma': 0.5077305912019768, 'subsample': 0.7173983192578276, 'colsample_bytree': 0.6339534905975921}. Best is trial 0 with value: 1.0.
[I 2026-04-13 12:58:28,375] Trial 13 finished with value: 0.95 and parameters: {'n_estimators': 10, 'max_depth': 20, 'gamma': 0.7559994211635103, 'subsample': 0.5146749793878775, 'colsample_bytree': 0.6178895405233245}. Best is trial 0 with value: 1.0.
[I 2026-04-13 12:58:28,413] Trial 14 finished with value: 0.95 and parameters: {'n_estimators': 10, 'max_depth': 5, 'gamma': 0.5942098568179459, 'subsample': 0.8940181087620663, 'colsample_bytree': 0.5013541727082262}. Best is trial 0 with value: 1.0.
[I 2026-04-13 12:58:28,454] Trial 15 finished with value: 1.0 and parameters: {'n_estimators': 10, 'max_depth': 30, 'gamma': 0.4015515469066873, 'subsample': 0.6535326418627257, 'colsample_bytree': 0.6604160045764955}. Best is trial 0 with value: 1.0.
[I 2026-04-13 12:58:28,492] Trial 16 finished with value: 1.0 and parameters: {'n_estimators': 100, 'max_depth': 20, 'gamma': 0.799768683235276, 'subsample': 0.7305039856406822, 'colsample_bytree': 0.5710570474529844}. Best is trial 0 with value: 1.0.
[I 2026-04-13 12:58:28,529] Trial 17 finished with value: 0.9 and parameters: {'n_estimators': 10, 'max_depth': 30, 'gamma': 0.6225434645728235, 'subsample': 0.8634530608707407, 'colsample_bytree': 0.9933840889987662}. Best is trial 0 with value: 1.0.
[I 2026-04-13 12:58:28,566] Trial 18 finished with value: 1.0 and parameters: {'n_estimators': 10, 'max_depth': 20, 'gamma': 0.3063451570421238, 'subsample': 0.7749951565298104, 'colsample_bytree': 0.6787697903391149}. Best is trial 0 with value: 1.0.
[I 2026-04-13 12:58:28,601] Trial 19 finished with value: 1.0 and parameters: {'n_estimators': 100, 'max_depth': 5, 'gamma': 0.5187095095508552, 'subsample': 0.6615987847374307, 'colsample_bytree': 0.7858104741672305}. Best is trial 0 with value: 1.0.
[I 2026-04-13 12:58:28,640] Trial 20 finished with value: 1.0 and parameters: {'n_estimators': 10, 'max_depth': 20, 'gamma': 0.668004556590893, 'subsample': 0.7579158840088439, 'colsample_bytree': 0.5572849469098812}. Best is trial 0 with value: 1.0.
[I 2026-04-13 12:58:28,675] Trial 21 finished with value: 0.9 and parameters: {'n_estimators': 40, 'max_depth': 30, 'gamma': 0.7690811247027735, 'subsample': 0.613610603301714, 'colsample_bytree': 0.8618327161852432}. Best is trial 0 with value: 1.0.
[I 2026-04-13 12:58:28,709] Trial 22 finished with value: 0.95 and parameters: {'n_estimators': 40, 'max_depth': 30, 'gamma': 0.6931109703272134, 'subsample': 0.5024360574481894, 'colsample_bytree': 0.7869345757195576}. Best is trial 0 with value: 1.0.
[I 2026-04-13 12:58:28,758] Trial 23 finished with value: 0.95 and parameters: {'n_estimators': 40, 'max_depth': 30, 'gamma': 0.9029518105072321, 'subsample': 0.5688482666583087, 'colsample_bytree': 0.8553078663166138}. Best is trial 0 with value: 1.0.
[I 2026-04-13 12:58:28,800] Trial 24 finished with value: 0.95 and parameters: {'n_estimators': 40, 'max_depth': 30, 'gamma': 0.8300382202009637, 'subsample': 0.5541592987013085, 'colsample_bytree': 0.5977870854553633}. Best is trial 0 with value: 1.0.
[I 2026-04-13 12:58:28,837] Trial 25 finished with value: 0.9 and parameters: {'n_estimators': 40, 'max_depth': 30, 'gamma': 0.5518765706700979, 'subsample': 0.6865742098243708, 'colsample_bytree': 0.9238029192662107}. Best is trial 0 with value: 1.0.
[I 2026-04-13 12:58:28,878] Trial 26 finished with value: 0.95 and parameters: {'n_estimators': 10, 'max_depth': 30, 'gamma': 0.4450679259218169, 'subsample': 0.8473072057246251, 'colsample_bytree': 0.680060850121668}. Best is trial 0 with value: 1.0.
[I 2026-04-13 12:58:28,918] Trial 27 finished with value: 0.95 and parameters: {'n_estimators': 10, 'max_depth': 30, 'gamma': 0.7187444548203664, 'subsample': 0.6311268420482022, 'colsample_bytree': 0.8051961992597632}. Best is trial 0 with value: 1.0.
[I 2026-04-13 12:58:28,963] Trial 28 finished with value: 0.95 and parameters: {'n_estimators': 100, 'max_depth': 5, 'gamma': 0.9635405314226099, 'subsample': 0.5560120450341733, 'colsample_bytree': 0.7596296741450317}. Best is trial 0 with value: 1.0.
[I 2026-04-13 12:58:28,999] Trial 29 finished with value: 0.9 and parameters: {'n_estimators': 40, 'max_depth': 20, 'gamma': 0.6523135474177163, 'subsample': 0.9505184090002354, 'colsample_bytree': 0.7040674537144005}. Best is trial 0 with value: 1.0.
[I 2026-04-13 12:58:29,092] A new study created in memory with name: rf
[I 2026-04-13 12:58:29,639] Trial 0 finished with value: 0.9 and parameters: {'n_estimators': 458, 'max_depth': 8, 'min_samples_split': 9, 'min_samples_leaf': 1}. Best is trial 0 with value: 0.9.
[I 2026-04-13 12:58:29,855] Trial 1 finished with value: 1.0 and parameters: {'n_estimators': 143, 'max_depth': 13, 'min_samples_split': 6, 'min_samples_leaf': 5}. Best is trial 1 with value: 1.0.
[I 2026-04-13 12:58:30,194] Trial 2 finished with value: 0.5 and parameters: {'n_estimators': 234, 'max_depth': 14, 'min_samples_split': 5, 'min_samples_leaf': 8}. Best is trial 1 with value: 1.0.
[I 2026-04-13 12:58:30,552] Trial 3 finished with value: 0.5 and parameters: {'n_estimators': 307, 'max_depth': 13, 'min_samples_split': 7, 'min_samples_leaf': 10}. Best is trial 1 with value: 1.0.
[I 2026-04-13 12:58:31,058] Trial 4 finished with value: 0.5 and parameters: {'n_estimators': 428, 'max_depth': 10, 'min_samples_split': 9, 'min_samples_leaf': 9}. Best is trial 1 with value: 1.0.
[I 2026-04-13 12:58:31,264] Trial 5 finished with value: 0.5 and parameters: {'n_estimators': 121, 'max_depth': 15, 'min_samples_split': 9, 'min_samples_leaf': 8}. Best is trial 1 with value: 1.0.
[I 2026-04-13 12:58:31,752] Trial 6 finished with value: 0.5 and parameters: {'n_estimators': 384, 'max_depth': 12, 'min_samples_split': 3, 'min_samples_leaf': 10}. Best is trial 1 with value: 1.0.
[I 2026-04-13 12:58:32,101] Trial 7 finished with value: 0.5 and parameters: {'n_estimators': 261, 'max_depth': 6, 'min_samples_split': 8, 'min_samples_leaf': 10}. Best is trial 1 with value: 1.0.
[I 2026-04-13 12:58:32,350] Trial 8 finished with value: 0.5 and parameters: {'n_estimators': 202, 'max_depth': 15, 'min_samples_split': 7, 'min_samples_leaf': 8}. Best is trial 1 with value: 1.0.
[I 2026-04-13 12:58:32,961] Trial 9 finished with value: 0.95 and parameters: {'n_estimators': 475, 'max_depth': 9, 'min_samples_split': 4, 'min_samples_leaf': 5}. Best is trial 1 with value: 1.0.
[I 2026-04-13 12:58:33,177] Trial 10 finished with value: 0.95 and parameters: {'n_estimators': 135, 'max_depth': 20, 'min_samples_split': 2, 'min_samples_leaf': 4}. Best is trial 1 with value: 1.0.
[I 2026-04-13 12:58:33,629] Trial 11 finished with value: 0.9 and parameters: {'n_estimators': 343, 'max_depth': 4, 'min_samples_split': 5, 'min_samples_leaf': 5}. Best is trial 1 with value: 1.0.
[I 2026-04-13 12:58:34,218] Trial 12 finished with value: 0.9 and parameters: {'n_estimators': 489, 'max_depth': 18, 'min_samples_split': 4, 'min_samples_leaf': 3}. Best is trial 1 with value: 1.0.
[I 2026-04-13 12:58:34,546] Trial 13 finished with value: 0.95 and parameters: {'n_estimators': 201, 'max_depth': 9, 'min_samples_split': 6, 'min_samples_leaf': 6}. Best is trial 1 with value: 1.0.
[I 2026-04-13 12:58:35,054] Trial 14 finished with value: 0.9 and parameters: {'n_estimators': 386, 'max_depth': 7, 'min_samples_split': 4, 'min_samples_leaf': 6}. Best is trial 1 with value: 1.0.
[I 2026-04-13 12:58:35,327] Trial 15 finished with value: 0.95 and parameters: {'n_estimators': 163, 'max_depth': 11, 'min_samples_split': 2, 'min_samples_leaf': 2}. Best is trial 1 with value: 1.0.
[I 2026-04-13 12:58:35,741] Trial 16 finished with value: 0.9 and parameters: {'n_estimators': 301, 'max_depth': 17, 'min_samples_split': 6, 'min_samples_leaf': 5}. Best is trial 1 with value: 1.0.
