[I 2026-04-13 12:54:15,670] Trial 29 finished with value: 0.5 and parameters: {'var_smoothing': 9.477075781575649e-09}. Best is trial 0 with value: 0.5.
Epoch 002/2 | Train Loss: 1.952059 | Val Loss: 1.888518
--- Fase 1 Finalizada. Tiempo: 2.59 segundos ---

--- Omitiendo Fase 2: Fine-Tuning Supervisado ---
Encoder, Decoder y representaciones latentes guardados correctamente.


>>> Optuna tuning naive_bayes metodo random IPC 10 seed 5


Parámetros guardados en /data/home/rtabares/estiven/CorVAE/checkpoint_smoke_test_mlp/random/IPC_10/best_models_random_seed_5_space_original/naive_bayes_best_params.json


>>> Optuna tuning logreg metodo random IPC 10 seed 5


Parámetros guardados en /data/home/rtabares/estiven/CorVAE/checkpoint_smoke_test_mlp/random/IPC_10/best_models_random_seed_5_space_original/logreg_best_params.json


>>> Optuna tuning knn metodo random IPC 10 seed 5


Parámetros guardados en /data/home/rtabares/estiven/CorVAE/checkpoint_smoke_test_mlp/random/IPC_10/best_models_random_seed_5_space_original/knn_best_params.json


>>> Optuna tuning xgb metodo random IPC 10 seed 5


Parámetros guardados en /data/home/rtabares/estiven/CorVAE/checkpoint_smoke_test_mlp/random/IPC_10/best_models_random_seed_5_space_original/xgb_best_params.json


>>> Optuna tuning rf metodo random IPC 10 seed 5


Parámetros guardados en /data/home/rtabares/estiven/CorVAE/checkpoint_smoke_test_mlp/random/IPC_10/best_models_random_seed_5_space_original/rf_best_params.json


>>> Optuna tuning mlp metodo random IPC 10 seed 5


Parámetros guardados en /data/home/rtabares/estiven/CorVAE/checkpoint_smoke_test_mlp/random/IPC_10/best_models_random_seed_5_space_original/mlp_best_params.json


>>> Optuna tuning naive_bayes metodo k-means IPC 10 seed 5


Parámetros guardados en /data/home/rtabares/estiven/CorVAE/checkpoint_smoke_test_mlp/k-means/IPC_10/best_models_k-means_seed_5_space_latent/naive_bayes_best_params.json


>>> Optuna tuning logreg metodo k-means IPC 10 seed 5


Parámetros guardados en /data/home/rtabares/estiven/CorVAE/checkpoint_smoke_test_mlp/k-means/IPC_10/best_models_k-means_seed_5_space_latent/logreg_best_params.json


>>> Optuna tuning knn metodo k-means IPC 10 seed 5


Parámetros guardados en /data/home/rtabares/estiven/CorVAE/checkpoint_smoke_test_mlp/k-means/IPC_10/best_models_k-means_seed_5_space_latent/knn_best_params.json


>>> Optuna tuning xgb metodo k-means IPC 10 seed 5


Parámetros guardados en /data/home/rtabares/estiven/CorVAE/checkpoint_smoke_test_mlp/k-means/IPC_10/best_models_k-means_seed_5_space_latent/xgb_best_params.json


>>> Optuna tuning rf metodo k-means IPC 10 seed 5


Parámetros guardados en /data/home/rtabares/estiven/CorVAE/checkpoint_smoke_test_mlp/k-means/IPC_10/best_models_k-means_seed_5_space_latent/rf_best_params.json


>>> Optuna tuning mlp metodo k-means IPC 10 seed 5


Parámetros guardados en /data/home/rtabares/estiven/CorVAE/checkpoint_smoke_test_mlp/k-means/IPC_10/best_models_k-means_seed_5_space_latent/mlp_best_params.json


>>> Optuna tuning naive_bayes metodo k-means IPC 10 seed 5


Parámetros guardados en /data/home/rtabares/estiven/CorVAE/checkpoint_smoke_test_mlp/k-means/IPC_10/best_models_k-means_seed_5_space_original/naive_bayes_best_params.json


>>> Optuna tuning logreg metodo k-means IPC 10 seed 5


Parámetros guardados en /data/home/rtabares/estiven/CorVAE/checkpoint_smoke_test_mlp/k-means/IPC_10/best_models_k-means_seed_5_space_original/logreg_best_params.json


>>> Optuna tuning knn metodo k-means IPC 10 seed 5


Parámetros guardados en /data/home/rtabares/estiven/CorVAE/checkpoint_smoke_test_mlp/k-means/IPC_10/best_models_k-means_seed_5_space_original/knn_best_params.json


>>> Optuna tuning xgb metodo k-means IPC 10 seed 5


Parámetros guardados en /data/home/rtabares/estiven/CorVAE/checkpoint_smoke_test_mlp/k-means/IPC_10/best_models_k-means_seed_5_space_original/xgb_best_params.json


>>> Optuna tuning rf metodo k-means IPC 10 seed 5


Parámetros guardados en /data/home/rtabares/estiven/CorVAE/checkpoint_smoke_test_mlp/k-means/IPC_10/best_models_k-means_seed_5_space_original/rf_best_params.json


>>> Optuna tuning mlp metodo k-means IPC 10 seed 5


Parámetros guardados en /data/home/rtabares/estiven/CorVAE/checkpoint_smoke_test_mlp/k-means/IPC_10/best_models_k-means_seed_5_space_original/mlp_best_params.json


>>> Optuna tuning naive_bayes metodo k-center IPC 10 seed 5


Parámetros guardados en /data/home/rtabares/estiven/CorVAE/checkpoint_smoke_test_mlp/k-center/IPC_10/best_models_k-center_seed_5_space_latent/naive_bayes_best_params.json


>>> Optuna tuning logreg metodo k-center IPC 10 seed 5


Parámetros guardados en /data/home/rtabares/estiven/CorVAE/checkpoint_smoke_test_mlp/k-center/IPC_10/best_models_k-center_seed_5_space_latent/logreg_best_params.json


>>> Optuna tuning knn metodo k-center IPC 10 seed 5


Parámetros guardados en /data/home/rtabares/estiven/CorVAE/checkpoint_smoke_test_mlp/k-center/IPC_10/best_models_k-center_seed_5_space_latent/knn_best_params.json


>>> Optuna tuning xgb metodo k-center IPC 10 seed 5


Parámetros guardados en /data/home/rtabares/estiven/CorVAE/checkpoint_smoke_test_mlp/k-center/IPC_10/best_models_k-center_seed_5_space_latent/xgb_best_params.json


>>> Optuna tuning rf metodo k-center IPC 10 seed 5


Parámetros guardados en /data/home/rtabares/estiven/CorVAE/checkpoint_smoke_test_mlp/k-center/IPC_10/best_models_k-center_seed_5_space_latent/rf_best_params.json


>>> Optuna tuning mlp metodo k-center IPC 10 seed 5


Parámetros guardados en /data/home/rtabares/estiven/CorVAE/checkpoint_smoke_test_mlp/k-center/IPC_10/best_models_k-center_seed_5_space_latent/mlp_best_params.json


>>> Optuna tuning naive_bayes metodo k-center IPC 10 seed 5


Parámetros guardados en /data/home/rtabares/estiven/CorVAE/checkpoint_smoke_test_mlp/k-center/IPC_10/best_models_k-center_seed_5_space_original/naive_bayes_best_params.json


>>> Optuna tuning logreg metodo k-center IPC 10 seed 5


Parámetros guardados en /data/home/rtabares/estiven/CorVAE/checkpoint_smoke_test_mlp/k-center/IPC_10/best_models_k-center_seed_5_space_original/logreg_best_params.json


>>> Optuna tuning knn metodo k-center IPC 10 seed 5


Parámetros guardados en /data/home/rtabares/estiven/CorVAE/checkpoint_smoke_test_mlp/k-center/IPC_10/best_models_k-center_seed_5_space_original/knn_best_params.json


>>> Optuna tuning xgb metodo k-center IPC 10 seed 5


Parámetros guardados en /data/home/rtabares/estiven/CorVAE/checkpoint_smoke_test_mlp/k-center/IPC_10/best_models_k-center_seed_5_space_original/xgb_best_params.json


>>> Optuna tuning rf metodo k-center IPC 10 seed 5


Parámetros guardados en /data/home/rtabares/estiven/CorVAE/checkpoint_smoke_test_mlp/k-center/IPC_10/best_models_k-center_seed_5_space_original/rf_best_params.json


>>> Optuna tuning mlp metodo k-center IPC 10 seed 5


Parámetros guardados en /data/home/rtabares/estiven/CorVAE/checkpoint_smoke_test_mlp/k-center/IPC_10/best_models_k-center_seed_5_space_original/mlp_best_params.json


>>> Optuna tuning naive_bayes metodo ag IPC 10 seed 5


Parámetros guardados en /data/home/rtabares/estiven/CorVAE/checkpoint_smoke_test_mlp/ag/IPC_10/best_models_ag_seed_5_space_latent/naive_bayes_best_params.json


>>> Optuna tuning logreg metodo ag IPC 10 seed 5


Parámetros guardados en /data/home/rtabares/estiven/CorVAE/checkpoint_smoke_test_mlp/ag/IPC_10/best_models_ag_seed_5_space_latent/logreg_best_params.json


>>> Optuna tuning knn metodo ag IPC 10 seed 5


Parámetros guardados en /data/home/rtabares/estiven/CorVAE/checkpoint_smoke_test_mlp/ag/IPC_10/best_models_ag_seed_5_space_latent/knn_best_params.json


>>> Optuna tuning xgb metodo ag IPC 10 seed 5


Parámetros guardados en /data/home/rtabares/estiven/CorVAE/checkpoint_smoke_test_mlp/ag/IPC_10/best_models_ag_seed_5_space_latent/xgb_best_params.json


>>> Optuna tuning rf metodo ag IPC 10 seed 5


Parámetros guardados en /data/home/rtabares/estiven/CorVAE/checkpoint_smoke_test_mlp/ag/IPC_10/best_models_ag_seed_5_space_latent/rf_best_params.json


>>> Optuna tuning mlp metodo ag IPC 10 seed 5


Parámetros guardados en /data/home/rtabares/estiven/CorVAE/checkpoint_smoke_test_mlp/ag/IPC_10/best_models_ag_seed_5_space_latent/mlp_best_params.json


>>> Optuna tuning naive_bayes metodo ag IPC 10 seed 5


Parámetros guardados en /data/home/rtabares/estiven/CorVAE/checkpoint_smoke_test_mlp/ag/IPC_10/best_models_ag_seed_5_space_original/naive_bayes_best_params.json[I 2026-04-13 12:54:15,704] A new study created in memory with name: logreg
[I 2026-04-13 12:54:15,728] Trial 0 finished with value: 0.45 and parameters: {'C': 0.012881482725481003, 'penalty': 'l2'}. Best is trial 0 with value: 0.45.
[I 2026-04-13 12:54:15,753] Trial 1 finished with value: 0.6 and parameters: {'C': 22.576755560681583, 'penalty': 'l2'}. Best is trial 1 with value: 0.6.
[I 2026-04-13 12:54:15,767] Trial 2 finished with value: 0.45 and parameters: {'C': 0.010804278656839932, 'penalty': 'l2'}. Best is trial 1 with value: 0.6.
[I 2026-04-13 12:54:15,802] Trial 3 finished with value: 0.55 and parameters: {'C': 39.17910760336117, 'penalty': 'l2'}. Best is trial 1 with value: 0.6.
[I 2026-04-13 12:54:15,815] Trial 4 finished with value: 0.55 and parameters: {'C': 0.2767298094062571, 'penalty': 'l2'}. Best is trial 1 with value: 0.6.
[I 2026-04-13 12:54:15,829] Trial 5 finished with value: 0.6 and parameters: {'C': 1.1447728330837224, 'penalty': 'l2'}. Best is trial 1 with value: 0.6.
[I 2026-04-13 12:54:15,852] Trial 6 finished with value: 0.6 and parameters: {'C': 6.753661388238877, 'penalty': 'l2'}. Best is trial 1 with value: 0.6.
[I 2026-04-13 12:54:15,875] Trial 7 finished with value: 0.55 and parameters: {'C': 0.39092184460352974, 'penalty': 'l2'}. Best is trial 1 with value: 0.6.
[I 2026-04-13 12:54:15,901] Trial 8 finished with value: 0.45 and parameters: {'C': 0.03047912590082646, 'penalty': 'l2'}. Best is trial 1 with value: 0.6.
[I 2026-04-13 12:54:15,914] Trial 9 finished with value: 0.45 and parameters: {'C': 0.008681727362499118, 'penalty': 'l2'}. Best is trial 1 with value: 0.6.
[I 2026-04-13 12:54:15,941] Trial 10 finished with value: 0.55 and parameters: {'C': 90.29867735508974, 'penalty': 'l2'}. Best is trial 1 with value: 0.6.
[I 2026-04-13 12:54:15,967] Trial 11 finished with value: 0.6 and parameters: {'C': 5.098976793169917, 'penalty': 'l2'}. Best is trial 1 with value: 0.6.
[I 2026-04-13 12:54:16,000] Trial 12 finished with value: 0.6 and parameters: {'C': 1.2503885596767617, 'penalty': 'l2'}. Best is trial 1 with value: 0.6.
[I 2026-04-13 12:54:16,028] Trial 13 finished with value: 0.6 and parameters: {'C': 12.141264438908411, 'penalty': 'l2'}. Best is trial 1 with value: 0.6.
[I 2026-04-13 12:54:16,059] Trial 14 finished with value: 0.45 and parameters: {'C': 0.0010432280937477656, 'penalty': 'l2'}. Best is trial 1 with value: 0.6.
[I 2026-04-13 12:54:16,081] Trial 15 finished with value: 0.6 and parameters: {'C': 1.6977929753554437, 'penalty': 'l2'}. Best is trial 1 with value: 0.6.
[I 2026-04-13 12:54:16,099] Trial 16 finished with value: 0.45 and parameters: {'C': 0.15745230542905259, 'penalty': 'l2'}. Best is trial 1 with value: 0.6.
[I 2026-04-13 12:54:16,127] Trial 17 finished with value: 0.6 and parameters: {'C': 22.002729873940133, 'penalty': 'l2'}. Best is trial 1 with value: 0.6.
[I 2026-04-13 12:54:16,158] Trial 18 finished with value: 0.6 and parameters: {'C': 3.4597284418736165, 'penalty': 'l2'}. Best is trial 1 with value: 0.6.
[I 2026-04-13 12:54:16,186] Trial 19 finished with value: 0.55 and parameters: {'C': 0.8882293675316513, 'penalty': 'l2'}. Best is trial 1 with value: 0.6.
[I 2026-04-13 12:54:16,204] Trial 20 finished with value: 0.45 and parameters: {'C': 0.0723450305209305, 'penalty': 'l2'}. Best is trial 1 with value: 0.6.
[I 2026-04-13 12:54:16,235] Trial 21 finished with value: 0.6 and parameters: {'C': 6.575022661419543, 'penalty': 'l2'}. Best is trial 1 with value: 0.6.
[I 2026-04-13 12:54:16,260] Trial 22 finished with value: 0.55 and parameters: {'C': 52.972652158378686, 'penalty': 'l2'}. Best is trial 1 with value: 0.6.
[I 2026-04-13 12:54:16,288] Trial 23 finished with value: 0.6 and parameters: {'C': 12.280200979362197, 'penalty': 'l2'}. Best is trial 1 with value: 0.6.
[I 2026-04-13 12:54:16,314] Trial 24 finished with value: 0.6 and parameters: {'C': 3.33176349137027, 'penalty': 'l2'}. Best is trial 1 with value: 0.6.
[I 2026-04-13 12:54:16,351] Trial 25 finished with value: 0.55 and parameters: {'C': 0.6163475336598337, 'penalty': 'l2'}. Best is trial 1 with value: 0.6.
[I 2026-04-13 12:54:16,385] Trial 26 finished with value: 0.6 and parameters: {'C': 18.610372145303025, 'penalty': 'l2'}. Best is trial 1 with value: 0.6.
[I 2026-04-13 12:54:16,402] Trial 27 finished with value: 0.6 and parameters: {'C': 2.1145171423094284, 'penalty': 'l2'}. Best is trial 1 with value: 0.6.
[I 2026-04-13 12:54:16,430] Trial 28 finished with value: 0.6 and parameters: {'C': 8.401789230775623, 'penalty': 'l2'}. Best is trial 1 with value: 0.6.
[I 2026-04-13 12:54:16,460] Trial 29 finished with value: 0.55 and parameters: {'C': 36.84947876004624, 'penalty': 'l2'}. Best is trial 1 with value: 0.6.
[I 2026-04-13 12:54:16,510] A new study created in memory with name: knn
[I 2026-04-13 12:54:16,525] Trial 0 finished with value: 0.35 and parameters: {'n_neighbors': 4, 'leaf_size': 38, 'p': 2}. Best is trial 0 with value: 0.35.
[I 2026-04-13 12:54:16,539] Trial 1 finished with value: 0.4 and parameters: {'n_neighbors': 6, 'leaf_size': 32, 'p': 1}. Best is trial 1 with value: 0.4.
[I 2026-04-13 12:54:16,553] Trial 2 finished with value: 0.4 and parameters: {'n_neighbors': 5, 'leaf_size': 23, 'p': 2}. Best is trial 1 with value: 0.4.
[I 2026-04-13 12:54:16,576] Trial 3 finished with value: 0.4 and parameters: {'n_neighbors': 6, 'leaf_size': 23, 'p': 1}. Best is trial 1 with value: 0.4.
[I 2026-04-13 12:54:16,589] Trial 4 finished with value: 0.4 and parameters: {'n_neighbors': 6, 'leaf_size': 26, 'p': 1}. Best is trial 1 with value: 0.4.
[I 2026-04-13 12:54:16,603] Trial 5 finished with value: 0.5 and parameters: {'n_neighbors': 7, 'leaf_size': 25, 'p': 1}. Best is trial 5 with value: 0.5.
[I 2026-04-13 12:54:16,617] Trial 6 finished with value: 0.4 and parameters: {'n_neighbors': 5, 'leaf_size': 23, 'p': 2}. Best is trial 5 with value: 0.5.
[I 2026-04-13 12:54:16,632] Trial 7 finished with value: 0.55 and parameters: {'n_neighbors': 10, 'leaf_size': 23, 'p': 2}. Best is trial 7 with value: 0.55.
[I 2026-04-13 12:54:16,645] Trial 8 finished with value: 0.5 and parameters: {'n_neighbors': 8, 'leaf_size': 36, 'p': 2}. Best is trial 7 with value: 0.55.
[I 2026-04-13 12:54:16,660] Trial 9 finished with value: 0.25 and parameters: {'n_neighbors': 3, 'leaf_size': 30, 'p': 2}. Best is trial 7 with value: 0.55.
[I 2026-04-13 12:54:16,685] Trial 10 finished with value: 0.55 and parameters: {'n_neighbors': 10, 'leaf_size': 20, 'p': 2}. Best is trial 7 with value: 0.55.
[I 2026-04-13 12:54:16,710] Trial 11 finished with value: 0.55 and parameters: {'n_neighbors': 10, 'leaf_size': 20, 'p': 2}. Best is trial 7 with value: 0.55.
[I 2026-04-13 12:54:16,734] Trial 12 finished with value: 0.55 and parameters: {'n_neighbors': 10, 'leaf_size': 28, 'p': 2}. Best is trial 7 with value: 0.55.
[I 2026-04-13 12:54:16,762] Trial 13 finished with value: 0.5 and parameters: {'n_neighbors': 9, 'leaf_size': 20, 'p': 2}. Best is trial 7 with value: 0.55.
[I 2026-04-13 12:54:16,789] Trial 14 finished with value: 0.5 and parameters: {'n_neighbors': 9, 'leaf_size': 21, 'p': 2}. Best is trial 7 with value: 0.55.
[I 2026-04-13 12:54:16,814] Trial 15 finished with value: 0.5 and parameters: {'n_neighbors': 8, 'leaf_size': 33, 'p': 2}. Best is trial 7 with value: 0.55.
[I 2026-04-13 12:54:16,837] Trial 16 finished with value: 0.55 and parameters: {'n_neighbors': 10, 'leaf_size': 27, 'p': 2}. Best is trial 7 with value: 0.55.
[I 2026-04-13 12:54:16,861] Trial 17 finished with value: 0.5 and parameters: {'n_neighbors': 9, 'leaf_size': 24, 'p': 2}. Best is trial 7 with value: 0.55.
[I 2026-04-13 12:54:16,899] Trial 18 finished with value: 0.5 and parameters: {'n_neighbors': 8, 'leaf_size': 29, 'p': 1}. Best is trial 7 with value: 0.55.
[I 2026-04-13 12:54:16,924] Trial 19 finished with value: 0.55 and parameters: {'n_neighbors': 10, 'leaf_size': 21, 'p': 2}. Best is trial 7 with value: 0.55.
[I 2026-04-13 12:54:16,952] Trial 20 finished with value: 0.45 and parameters: {'n_neighbors': 7, 'leaf_size': 40, 'p': 2}. Best is trial 7 with value: 0.55.
[I 2026-04-13 12:54:16,976] Trial 21 finished with value: 0.55 and parameters: {'n_neighbors': 10, 'leaf_size': 20, 'p': 2}. Best is trial 7 with value: 0.55.
[I 2026-04-13 12:54:17,024] Trial 22 finished with value: 0.5 and parameters: {'n_neighbors': 9, 'leaf_size': 22, 'p': 2}. Best is trial 7 with value: 0.55.
[I 2026-04-13 12:54:17,052] Trial 23 finished with value: 0.55 and parameters: {'n_neighbors': 10, 'leaf_size': 20, 'p': 2}. Best is trial 7 with value: 0.55.
[I 2026-04-13 12:54:17,072] Trial 24 finished with value: 0.5 and parameters: {'n_neighbors': 9, 'leaf_size': 25, 'p': 2}. Best is trial 7 with value: 0.55.
[I 2026-04-13 12:54:17,109] Trial 25 finished with value: 0.5 and parameters: {'n_neighbors': 8, 'leaf_size': 22, 'p': 2}. Best is trial 7 with value: 0.55.
[I 2026-04-13 12:54:17,142] Trial 26 finished with value: 0.55 and parameters: {'n_neighbors': 10, 'leaf_size': 25, 'p': 1}. Best is trial 7 with value: 0.55.
[I 2026-04-13 12:54:17,162] Trial 27 finished with value: 0.5 and parameters: {'n_neighbors': 9, 'leaf_size': 22, 'p': 2}. Best is trial 7 with value: 0.55.
[I 2026-04-13 12:54:17,186] Trial 28 finished with value: 0.55 and parameters: {'n_neighbors': 10, 'leaf_size': 20, 'p': 2}. Best is trial 7 with value: 0.55.
[I 2026-04-13 12:54:17,210] Trial 29 finished with value: 0.45 and parameters: {'n_neighbors': 7, 'leaf_size': 35, 'p': 2}. Best is trial 7 with value: 0.55.
[I 2026-04-13 12:54:17,258] A new study created in memory with name: xgb
[I 2026-04-13 12:54:17,283] Trial 0 finished with value: 0.3 and parameters: {'n_estimators': 40, 'max_depth': 5, 'gamma': 0.789317070832284, 'subsample': 0.7592089939364717, 'colsample_bytree': 0.648400250788111}. Best is trial 0 with value: 0.3.
[I 2026-04-13 12:54:17,318] Trial 1 finished with value: 0.3 and parameters: {'n_estimators': 100, 'max_depth': 30, 'gamma': 0.34667781579300216, 'subsample': 0.7071175095405257, 'colsample_bytree': 0.6480399663668239}. Best is trial 0 with value: 0.3.
[I 2026-04-13 12:54:17,345] Trial 2 finished with value: 0.4 and parameters: {'n_estimators': 10, 'max_depth': 20, 'gamma': 0.3948075529198607, 'subsample': 0.5720821503267102, 'colsample_bytree': 0.5828064306006338}. Best is trial 2 with value: 0.4.
[I 2026-04-13 12:54:17,382] Trial 3 finished with value: 0.45 and parameters: {'n_estimators': 10, 'max_depth': 30, 'gamma': 0.8015631269999768, 'subsample': 0.5114665462195407, 'colsample_bytree': 0.788831429064878}. Best is trial 3 with value: 0.45.
[I 2026-04-13 12:54:17,462] Trial 4 finished with value: 0.35 and parameters: {'n_estimators': 100, 'max_depth': 5, 'gamma': 0.8834347783013348, 'subsample': 0.961374806972835, 'colsample_bytree': 0.5011071062662218}. Best is trial 3 with value: 0.45.
[I 2026-04-13 12:54:17,500] Trial 5 finished with value: 0.35 and parameters: {'n_estimators': 40, 'max_depth': 5, 'gamma': 0.5364379674896123, 'subsample': 0.5145557818363589, 'colsample_bytree': 0.5432628442011025}. Best is trial 3 with value: 0.45.
[I 2026-04-13 12:54:17,538] Trial 6 finished with value: 0.3 and parameters: {'n_estimators': 100, 'max_depth': 20, 'gamma': 0.6718205850237038, 'subsample': 0.9059511955902053, 'colsample_bytree': 0.9633413076219371}. Best is trial 3 with value: 0.45.
[I 2026-04-13 12:54:17,576] Trial 7 finished with value: 0.45 and parameters: {'n_estimators': 10, 'max_depth': 30, 'gamma': 0.8165284487704038, 'subsample': 0.5255714015506736, 'colsample_bytree': 0.594333867896554}. Best is trial 3 with value: 0.45.
[I 2026-04-13 12:54:17,634] Trial 8 finished with value: 0.3 and parameters: {'n_estimators': 100, 'max_depth': 20, 'gamma': 0.6251497693480509, 'subsample': 0.9696496759824258, 'colsample_bytree': 0.9717700410079397}. Best is trial 3 with value: 0.45.
[I 2026-04-13 12:54:17,670] Trial 9 finished with value: 0.3 and parameters: {'n_estimators': 40, 'max_depth': 30, 'gamma': 0.9649927737686168, 'subsample': 0.6857563076640036, 'colsample_bytree': 0.5061847058001788}. Best is trial 3 with value: 0.45.
[I 2026-04-13 12:54:17,720] Trial 10 finished with value: 0.3 and parameters: {'n_estimators': 10, 'max_depth': 30, 'gamma': 0.17962098877423716, 'subsample': 0.8185311023645913, 'colsample_bytree': 0.8181024979210034}. Best is trial 3 with value: 0.45.
[I 2026-04-13 12:54:17,772] Trial 11 finished with value: 0.4 and parameters: {'n_estimators': 10, 'max_depth': 30, 'gamma': 0.778081258797679, 'subsample': 0.5991596377711633, 'colsample_bytree': 0.7769611731360244}. Best is trial 3 with value: 0.45.
[I 2026-04-13 12:54:17,842] Trial 12 finished with value: 0.45 and parameters: {'n_estimators': 10, 'max_depth': 30, 'gamma': 0.8094651470083497, 'subsample': 0.5249228561883639, 'colsample_bytree': 0.8598621156140489}. Best is trial 3 with value: 0.45.
[I 2026-04-13 12:54:17,869] Trial 13 finished with value: 0.4 and parameters: {'n_estimators': 10, 'max_depth': 30, 'gamma': 0.9847159523011899, 'subsample': 0.6109744065191631, 'colsample_bytree': 0.69917010274717}. Best is trial 3 with value: 0.45.
[I 2026-04-13 12:54:17,908] Trial 14 finished with value: 0.45 and parameters: {'n_estimators': 10, 'max_depth': 30, 'gamma': 0.6824661299899393, 'subsample': 0.6592169147512574, 'colsample_bytree': 0.7147217137697085}. Best is trial 3 with value: 0.45.
