[I 2026-04-13 12:55:10,520] Trial 4 finished with value: 0.95 and parameters: {'hidden_layer_sizes': (100,), 'max_iter': 100, 'alpha': 0.0001}. Best is trial 0 with value: 0.95.
[I 2026-04-13 12:55:10,595] Trial 5 finished with value: 0.95 and parameters: {'hidden_layer_sizes': (100,), 'max_iter': 100, 'alpha': 0.001}. Best is trial 0 with value: 0.95.
[I 2026-04-13 12:55:10,669] Trial 6 finished with value: 0.95 and parameters: {'hidden_layer_sizes': (200,), 'max_iter': 100, 'alpha': 0.001}. Best is trial 0 with value: 0.95.
[I 2026-04-13 12:55:10,765] Trial 7 finished with value: 0.95 and parameters: {'hidden_layer_sizes': (200,), 'max_iter': 100, 'alpha': 0.001}. Best is trial 0 with value: 0.95.
[I 2026-04-13 12:55:10,820] Trial 8 finished with value: 0.95 and parameters: {'hidden_layer_sizes': (100,), 'max_iter': 100, 'alpha': 0.001}. Best is trial 0 with value: 0.95.
[I 2026-04-13 12:55:10,854] Trial 9 finished with value: 0.95 and parameters: {'hidden_layer_sizes': (100,), 'max_iter': 50, 'alpha': 0.001}. Best is trial 0 with value: 0.95.
[I 2026-04-13 12:55:10,911] Trial 10 finished with value: 0.95 and parameters: {'hidden_layer_sizes': (100, 100), 'max_iter': 50, 'alpha': 0.0001}. Best is trial 0 with value: 0.95.
[I 2026-04-13 12:55:10,958] Trial 11 finished with value: 0.95 and parameters: {'hidden_layer_sizes': (100, 100), 'max_iter': 50, 'alpha': 0.0001}. Best is trial 0 with value: 0.95.
[I 2026-04-13 12:55:11,006] Trial 12 finished with value: 0.95 and parameters: {'hidden_layer_sizes': (200,), 'max_iter': 50, 'alpha': 0.0001}. Best is trial 0 with value: 0.95.
[I 2026-04-13 12:55:11,066] Trial 13 finished with value: 0.95 and parameters: {'hidden_layer_sizes': (200,), 'max_iter': 50, 'alpha': 0.0001}. Best is trial 0 with value: 0.95.
[I 2026-04-13 12:55:11,155] Trial 14 finished with value: 0.95 and parameters: {'hidden_layer_sizes': (100, 100), 'max_iter': 100, 'alpha': 0.0001}. Best is trial 0 with value: 0.95.
[I 2026-04-13 12:55:11,214] Trial 15 finished with value: 0.95 and parameters: {'hidden_layer_sizes': (100,), 'max_iter': 50, 'alpha': 0.0001}. Best is trial 0 with value: 0.95.
[I 2026-04-13 12:55:11,318] Trial 16 finished with value: 0.95 and parameters: {'hidden_layer_sizes': (200,), 'max_iter': 100, 'alpha': 0.001}. Best is trial 0 with value: 0.95.
[I 2026-04-13 12:55:11,363] Trial 17 finished with value: 0.95 and parameters: {'hidden_layer_sizes': (200,), 'max_iter': 50, 'alpha': 0.0001}. Best is trial 0 with value: 0.95.
[I 2026-04-13 12:55:11,439] Trial 18 finished with value: 0.95 and parameters: {'hidden_layer_sizes': (100,), 'max_iter': 100, 'alpha': 0.001}. Best is trial 0 with value: 0.95.
[I 2026-04-13 12:55:11,485] Trial 19 finished with value: 0.95 and parameters: {'hidden_layer_sizes': (100, 100), 'max_iter': 50, 'alpha': 0.0001}. Best is trial 0 with value: 0.95.
[I 2026-04-13 12:55:11,563] Trial 20 finished with value: 0.95 and parameters: {'hidden_layer_sizes': (200,), 'max_iter': 100, 'alpha': 0.0001}. Best is trial 0 with value: 0.95.
[I 2026-04-13 12:55:11,640] Trial 21 finished with value: 0.95 and parameters: {'hidden_layer_sizes': (100,), 'max_iter': 100, 'alpha': 0.001}. Best is trial 0 with value: 0.95.
[I 2026-04-13 12:55:11,695] Trial 22 finished with value: 0.95 and parameters: {'hidden_layer_sizes': (100,), 'max_iter': 100, 'alpha': 0.001}. Best is trial 0 with value: 0.95.
[I 2026-04-13 12:55:11,761] Trial 23 finished with value: 0.95 and parameters: {'hidden_layer_sizes': (100,), 'max_iter': 100, 'alpha': 0.001}. Best is trial 0 with value: 0.95.
[I 2026-04-13 12:55:11,828] Trial 24 finished with value: 0.95 and parameters: {'hidden_layer_sizes': (100,), 'max_iter': 100, 'alpha': 0.001}. Best is trial 0 with value: 0.95.
[I 2026-04-13 12:55:11,898] Trial 25 finished with value: 0.95 and parameters: {'hidden_layer_sizes': (100,), 'max_iter': 100, 'alpha': 0.001}. Best is trial 0 with value: 0.95.
[I 2026-04-13 12:55:11,938] Trial 26 finished with value: 0.95 and parameters: {'hidden_layer_sizes': (100,), 'max_iter': 50, 'alpha': 0.001}. Best is trial 0 with value: 0.95.
[I 2026-04-13 12:55:12,014] Trial 27 finished with value: 0.95 and parameters: {'hidden_layer_sizes': (100,), 'max_iter': 100, 'alpha': 0.001}. Best is trial 0 with value: 0.95.
[I 2026-04-13 12:55:12,060] Trial 28 finished with value: 0.95 and parameters: {'hidden_layer_sizes': (100, 100), 'max_iter': 50, 'alpha': 0.0001}. Best is trial 0 with value: 0.95.
[I 2026-04-13 12:55:12,108] Trial 29 finished with value: 0.95 and parameters: {'hidden_layer_sizes': (200,), 'max_iter': 50, 'alpha': 0.001}. Best is trial 0 with value: 0.95.
[I 2026-04-13 12:55:12,255] A new study created in memory with name: naive_bayes
[I 2026-04-13 12:55:12,268] Trial 0 finished with value: 0.95 and parameters: {'var_smoothing': 2.7796258518939306e-10}. Best is trial 0 with value: 0.95.
[I 2026-04-13 12:55:12,281] Trial 1 finished with value: 0.95 and parameters: {'var_smoothing': 5.513972710118387e-09}. Best is trial 0 with value: 0.95.
[I 2026-04-13 12:55:12,293] Trial 2 finished with value: 0.95 and parameters: {'var_smoothing': 2.590826381512706e-10}. Best is trial 0 with value: 0.95.
[I 2026-04-13 12:55:12,315] Trial 3 finished with value: 0.95 and parameters: {'var_smoothing': 6.874194498027403e-09}. Best is trial 0 with value: 0.95.
[I 2026-04-13 12:55:12,327] Trial 4 finished with value: 0.95 and parameters: {'var_smoothing': 9.480306482679771e-10}. Best is trial 0 with value: 0.95.
[I 2026-04-13 12:55:12,339] Trial 5 finished with value: 0.95 and parameters: {'var_smoothing': 1.6729683536668864e-09}. Best is trial 0 with value: 0.95.
[I 2026-04-13 12:55:12,353] Trial 6 finished with value: 0.95 and parameters: {'var_smoothing': 3.402637726935598e-09}. Best is trial 0 with value: 0.95.
[I 2026-04-13 12:55:12,365] Trial 7 finished with value: 0.95 and parameters: {'var_smoothing': 1.0885189040847657e-09}. Best is trial 0 with value: 0.95.
[I 2026-04-13 12:55:12,378] Trial 8 finished with value: 0.95 and parameters: {'var_smoothing': 3.922843686541149e-10}. Best is trial 0 with value: 0.95.
[I 2026-04-13 12:55:12,391] Trial 9 finished with value: 0.95 and parameters: {'var_smoothing': 2.3737908819373785e-10}. Best is trial 0 with value: 0.95.
[I 2026-04-13 12:55:12,411] Trial 10 finished with value: 0.95 and parameters: {'var_smoothing': 1.005826617097841e-10}. Best is trial 0 with value: 0.95.
[I 2026-04-13 12:55:12,428] Trial 11 finished with value: 0.95 and parameters: {'var_smoothing': 8.246040091550826e-09}. Best is trial 0 with value: 0.95.
[I 2026-04-13 12:55:12,443] Trial 12 finished with value: 0.95 and parameters: {'var_smoothing': 5.714429769091136e-10}. Best is trial 0 with value: 0.95.
[I 2026-04-13 12:55:12,458] Trial 13 finished with value: 0.95 and parameters: {'var_smoothing': 3.0046394488828834e-09}. Best is trial 0 with value: 0.95.
[I 2026-04-13 12:55:12,476] Trial 14 finished with value: 0.95 and parameters: {'var_smoothing': 1.0161521526134228e-10}. Best is trial 0 with value: 0.95.
[I 2026-04-13 12:55:12,492] Trial 15 finished with value: 0.95 and parameters: {'var_smoothing': 3.455011319435438e-09}. Best is trial 0 with value: 0.95.
[I 2026-04-13 12:55:12,510] Trial 16 finished with value: 0.95 and parameters: {'var_smoothing': 2.2038800241203009e-10}. Best is trial 0 with value: 0.95.
[I 2026-04-13 12:55:12,529] Trial 17 finished with value: 0.95 and parameters: {'var_smoothing': 1.8515987176145925e-09}. Best is trial 0 with value: 0.95.
[I 2026-04-13 12:55:12,551] Trial 18 finished with value: 0.95 and parameters: {'var_smoothing': 5.024285700153026e-10}. Best is trial 0 with value: 0.95.
[I 2026-04-13 12:55:12,569] Trial 19 finished with value: 0.95 and parameters: {'var_smoothing': 4.958025424412893e-09}. Best is trial 0 with value: 0.95.
[I 2026-04-13 12:55:12,587] Trial 20 finished with value: 0.95 and parameters: {'var_smoothing': 8.344000526157384e-10}. Best is trial 0 with value: 0.95.
[I 2026-04-13 12:55:12,607] Trial 21 finished with value: 0.95 and parameters: {'var_smoothing': 2.46080689865309e-10}. Best is trial 0 with value: 0.95.
[I 2026-04-13 12:55:12,624] Trial 22 finished with value: 0.95 and parameters: {'var_smoothing': 1.4445108350594728e-10}. Best is trial 0 with value: 0.95.
[I 2026-04-13 12:55:12,644] Trial 23 finished with value: 0.95 and parameters: {'var_smoothing': 3.3715577896606737e-10}. Best is trial 0 with value: 0.95.
[I 2026-04-13 12:55:12,659] Trial 24 finished with value: 0.95 and parameters: {'var_smoothing': 1.572466431855027e-10}. Best is trial 0 with value: 0.95.
[I 2026-04-13 12:55:12,674] Trial 25 finished with value: 0.95 and parameters: {'var_smoothing': 7.281746293576245e-10}. Best is trial 0 with value: 0.95.
[I 2026-04-13 12:55:12,714] Trial 26 finished with value: 0.95 and parameters: {'var_smoothing': 3.386254640873244e-10}. Best is trial 0 with value: 0.95.
[I 2026-04-13 12:55:12,729] Trial 27 finished with value: 0.95 and parameters: {'var_smoothing': 1.3918180959975328e-09}. Best is trial 0 with value: 0.95.
[I 2026-04-13 12:55:12,750] Trial 28 finished with value: 0.95 and parameters: {'var_smoothing': 2.3715836084533434e-09}. Best is trial 0 with value: 0.95.
[I 2026-04-13 12:55:12,768] Trial 29 finished with value: 0.95 and parameters: {'var_smoothing': 9.477075781575649e-09}. Best is trial 0 with value: 0.95.
[I 2026-04-13 12:55:12,803] A new study created in memory with name: logreg
[I 2026-04-13 12:55:12,817] Trial 0 finished with value: 0.85 and parameters: {'C': 0.012881482725481003, 'penalty': 'l2'}. Best is trial 0 with value: 0.85.
[I 2026-04-13 12:55:12,831] Trial 1 finished with value: 0.95 and parameters: {'C': 22.576755560681583, 'penalty': 'l2'}. Best is trial 1 with value: 0.95.
[I 2026-04-13 12:55:12,844] Trial 2 finished with value: 0.85 and parameters: {'C': 0.010804278656839932, 'penalty': 'l2'}. Best is trial 1 with value: 0.95.
[I 2026-04-13 12:55:12,867] Trial 3 finished with value: 0.95 and parameters: {'C': 39.17910760336117, 'penalty': 'l2'}. Best is trial 1 with value: 0.95.
[I 2026-04-13 12:55:12,882] Trial 4 finished with value: 0.95 and parameters: {'C': 0.2767298094062571, 'penalty': 'l2'}. Best is trial 1 with value: 0.95.
[I 2026-04-13 12:55:12,896] Trial 5 finished with value: 0.95 and parameters: {'C': 1.1447728330837224, 'penalty': 'l2'}. Best is trial 1 with value: 0.95.
[I 2026-04-13 12:55:12,921] Trial 6 finished with value: 0.95 and parameters: {'C': 6.753661388238877, 'penalty': 'l2'}. Best is trial 1 with value: 0.95.
[I 2026-04-13 12:55:12,947] Trial 7 finished with value: 0.95 and parameters: {'C': 0.39092184460352974, 'penalty': 'l2'}. Best is trial 1 with value: 0.95.
[I 2026-04-13 12:55:12,971] Trial 8 finished with value: 0.9 and parameters: {'C': 0.03047912590082646, 'penalty': 'l2'}. Best is trial 1 with value: 0.95.
[I 2026-04-13 12:55:12,995] Trial 9 finished with value: 0.85 and parameters: {'C': 0.008681727362499118, 'penalty': 'l2'}. Best is trial 1 with value: 0.95.
[I 2026-04-13 12:55:13,022] Trial 10 finished with value: 0.95 and parameters: {'C': 90.29867735508974, 'penalty': 'l2'}. Best is trial 1 with value: 0.95.
[I 2026-04-13 12:55:13,048] Trial 11 finished with value: 0.95 and parameters: {'C': 65.31936101889447, 'penalty': 'l2'}. Best is trial 1 with value: 0.95.
[I 2026-04-13 12:55:13,070] Trial 12 finished with value: 0.95 and parameters: {'C': 10.276946066829701, 'penalty': 'l2'}. Best is trial 1 with value: 0.95.
[I 2026-04-13 12:55:13,086] Trial 13 finished with value: 0.95 and parameters: {'C': 11.979406337571666, 'penalty': 'l2'}. Best is trial 1 with value: 0.95.
[I 2026-04-13 12:55:13,114] Trial 14 finished with value: 0.95 and parameters: {'C': 3.103885131392604, 'penalty': 'l2'}. Best is trial 1 with value: 0.95.
[I 2026-04-13 12:55:13,131] Trial 15 finished with value: 0.95 and parameters: {'C': 27.368605040072197, 'penalty': 'l2'}. Best is trial 1 with value: 0.95.
[I 2026-04-13 12:55:13,147] Trial 16 finished with value: 0.95 and parameters: {'C': 0.13344077328067044, 'penalty': 'l2'}. Best is trial 1 with value: 0.95.
[I 2026-04-13 12:55:13,174] Trial 17 finished with value: 0.75 and parameters: {'C': 0.0021318879744765045, 'penalty': 'l2'}. Best is trial 1 with value: 0.95.
[I 2026-04-13 12:55:13,190] Trial 18 finished with value: 0.95 and parameters: {'C': 1.8056426094216929, 'penalty': 'l2'}. Best is trial 1 with value: 0.95.
[I 2026-04-13 12:55:13,207] Trial 19 finished with value: 0.95 and parameters: {'C': 30.717532996538623, 'penalty': 'l2'}. Best is trial 1 with value: 0.95.
[I 2026-04-13 12:55:13,238] Trial 20 finished with value: 0.95 and parameters: {'C': 26.828467218463196, 'penalty': 'l2'}. Best is trial 1 with value: 0.95.
[I 2026-04-13 12:55:13,269] Trial 21 finished with value: 0.95 and parameters: {'C': 0.25558947752548705, 'penalty': 'l2'}. Best is trial 1 with value: 0.95.
[I 2026-04-13 12:55:13,287] Trial 22 finished with value: 0.95 and parameters: {'C': 0.06130066426382792, 'penalty': 'l2'}. Best is trial 1 with value: 0.95.
[I 2026-04-13 12:55:13,314] Trial 23 finished with value: 0.95 and parameters: {'C': 0.648837458755121, 'penalty': 'l2'}. Best is trial 1 with value: 0.95.
[I 2026-04-13 12:55:13,356] Trial 24 finished with value: 0.95 and parameters: {'C': 3.6161088478984835, 'penalty': 'l2'}. Best is trial 1 with value: 0.95.
[I 2026-04-13 12:55:13,384] Trial 25 finished with value: 0.95 and parameters: {'C': 0.14039013332759978, 'penalty': 'l2'}. Best is trial 1 with value: 0.95.
[I 2026-04-13 12:55:13,416] Trial 26 finished with value: 0.95 and parameters: {'C': 0.8811909763039532, 'penalty': 'l2'}. Best is trial 1 with value: 0.95.
[I 2026-04-13 12:55:13,445] Trial 27 finished with value: 0.95 and parameters: {'C': 5.036833843187123, 'penalty': 'l2'}. Best is trial 1 with value: 0.95.
[I 2026-04-13 12:55:13,472] Trial 28 finished with value: 0.95 and parameters: {'C': 13.01325914575239, 'penalty': 'l2'}. Best is trial 1 with value: 0.95.
[I 2026-04-13 12:55:13,503] Trial 29 finished with value: 0.95 and parameters: {'C': 0.03802224258070397, 'penalty': 'l2'}. Best is trial 1 with value: 0.95.
[I 2026-04-13 12:55:13,541] A new study created in memory with name: knn
[I 2026-04-13 12:55:13,554] Trial 0 finished with value: 0.95 and parameters: {'n_neighbors': 4, 'leaf_size': 38, 'p': 2}. Best is trial 0 with value: 0.95.
[I 2026-04-13 12:55:13,567] Trial 1 finished with value: 0.95 and parameters: {'n_neighbors': 6, 'leaf_size': 32, 'p': 1}. Best is trial 0 with value: 0.95.
[I 2026-04-13 12:55:13,579] Trial 2 finished with value: 0.95 and parameters: {'n_neighbors': 5, 'leaf_size': 23, 'p': 2}. Best is trial 0 with value: 0.95.
[I 2026-04-13 12:55:13,592] Trial 3 finished with value: 0.95 and parameters: {'n_neighbors': 6, 'leaf_size': 23, 'p': 1}. Best is trial 0 with value: 0.95.
[I 2026-04-13 12:55:13,605] Trial 4 finished with value: 0.95 and parameters: {'n_neighbors': 6, 'leaf_size': 26, 'p': 1}. Best is trial 0 with value: 0.95.
[I 2026-04-13 12:55:13,617] Trial 5 finished with value: 0.95 and parameters: {'n_neighbors': 7, 'leaf_size': 25, 'p': 1}. Best is trial 0 with value: 0.95.
[I 2026-04-13 12:55:13,630] Trial 6 finished with value: 0.95 and parameters: {'n_neighbors': 5, 'leaf_size': 23, 'p': 2}. Best is trial 0 with value: 0.95.
[I 2026-04-13 12:55:13,643] Trial 7 finished with value: 0.9 and parameters: {'n_neighbors': 10, 'leaf_size': 23, 'p': 2}. Best is trial 0 with value: 0.95.
[I 2026-04-13 12:55:13,656] Trial 8 finished with value: 0.9 and parameters: {'n_neighbors': 8, 'leaf_size': 36, 'p': 2}. Best is trial 0 with value: 0.95.
[I 2026-04-13 12:55:13,670] Trial 9 finished with value: 0.95 and parameters: {'n_neighbors': 3, 'leaf_size': 30, 'p': 2}. Best is trial 0 with value: 0.95.
[I 2026-04-13 12:55:13,692] Trial 10 finished with value: 0.95 and parameters: {'n_neighbors': 3, 'leaf_size': 40, 'p': 2}. Best is trial 0 with value: 0.95.
[I 2026-04-13 12:55:13,726] Trial 11 finished with value: 0.95 and parameters: {'n_neighbors': 4, 'leaf_size': 35, 'p': 1}. Best is trial 0 with value: 0.95.
[I 2026-04-13 12:55:13,749] Trial 12 finished with value: 0.95 and parameters: {'n_neighbors': 8, 'leaf_size': 33, 'p': 1}. Best is trial 0 with value: 0.95.
[I 2026-04-13 12:55:13,770] Trial 13 finished with value: 0.95 and parameters: {'n_neighbors': 4, 'leaf_size': 40, 'p': 1}. Best is trial 0 with value: 0.95.
[I 2026-04-13 12:55:13,807] Trial 14 finished with value: 0.95 and parameters: {'n_neighbors': 5, 'leaf_size': 30, 'p': 2}. Best is trial 0 with value: 0.95.
[I 2026-04-13 12:55:13,832] Trial 15 finished with value: 0.95 and parameters: {'n_neighbors': 7, 'leaf_size': 37, 'p': 1}. Best is trial 0 with value: 0.95.
[I 2026-04-13 12:55:13,865] Trial 16 finished with value: 0.9 and parameters: {'n_neighbors': 10, 'leaf_size': 31, 'p': 2}. Best is trial 0 with value: 0.95.
[I 2026-04-13 12:55:13,891] Trial 17 finished with value: 0.95 and parameters: {'n_neighbors': 4, 'leaf_size': 38, 'p': 1}. Best is trial 0 with value: 0.95.
[I 2026-04-13 12:55:13,911] Trial 18 finished with value: 0.9 and parameters: {'n_neighbors': 8, 'leaf_size': 34, 'p': 2}. Best is trial 0 with value: 0.95.
[I 2026-04-13 12:55:13,937] Trial 19 finished with value: 0.95 and parameters: {'n_neighbors': 6, 'leaf_size': 28, 'p': 1}. Best is trial 0 with value: 0.95.
[I 2026-04-13 12:55:13,961] Trial 20 finished with value: 0.95 and parameters: {'n_neighbors': 9, 'leaf_size': 32, 'p': 1}. Best is trial 0 with value: 0.95.
[I 2026-04-13 12:55:13,987] Trial 21 finished with value: 0.95 and parameters: {'n_neighbors': 5, 'leaf_size': 20, 'p': 2}. Best is trial 0 with value: 0.95.
[I 2026-04-13 12:55:14,013] Trial 22 finished with value: 0.95 and parameters: {'n_neighbors': 5, 'leaf_size': 27, 'p': 2}. Best is trial 0 with value: 0.95.
[I 2026-04-13 12:55:14,037] Trial 23 finished with value: 0.95 and parameters: {'n_neighbors': 4, 'leaf_size': 28, 'p': 2}. Best is trial 0 with value: 0.95.
[I 2026-04-13 12:55:14,072] Trial 24 finished with value: 0.95 and parameters: {'n_neighbors': 3, 'leaf_size': 21, 'p': 2}. Best is trial 0 with value: 0.95.
[I 2026-04-13 12:55:14,095] Trial 25 finished with value: 0.95 and parameters: {'n_neighbors': 6, 'leaf_size': 38, 'p': 2}. Best is trial 0 with value: 0.95.
[I 2026-04-13 12:55:14,134] Trial 26 finished with value: 0.95 and parameters: {'n_neighbors': 5, 'leaf_size': 34, 'p': 2}. Best is trial 0 with value: 0.95.
[I 2026-04-13 12:55:14,154] Trial 27 finished with value: 0.95 and parameters: {'n_neighbors': 7, 'leaf_size': 32, 'p': 2}. Best is trial 0 with value: 0.95.
[I 2026-04-13 12:55:14,180] Trial 28 finished with value: 0.95 and parameters: {'n_neighbors': 4, 'leaf_size': 25, 'p': 1}. Best is trial 0 with value: 0.95.
[I 2026-04-13 12:55:14,211] Trial 29 finished with value: 0.95 and parameters: {'n_neighbors': 6, 'leaf_size': 29, 'p': 1}. Best is trial 0 with value: 0.95.
[I 2026-04-13 12:55:14,264] A new study created in memory with name: xgb
[I 2026-04-13 12:55:14,288] Trial 0 finished with value: 0.95 and parameters: {'n_estimators': 40, 'max_depth': 5, 'gamma': 0.789317070832284, 'subsample': 0.7592089939364717, 'colsample_bytree': 0.648400250788111}. Best is trial 0 with value: 0.95.
[I 2026-04-13 12:55:14,316] Trial 1 finished with value: 0.95 and parameters: {'n_estimators': 100, 'max_depth': 30, 'gamma': 0.34667781579300216, 'subsample': 0.7071175095405257, 'colsample_bytree': 0.6480399663668239}. Best is trial 0 with value: 0.95.
[I 2026-04-13 12:55:14,342] Trial 2 finished with value: 0.95 and parameters: {'n_estimators': 10, 'max_depth': 20, 'gamma': 0.3948075529198607, 'subsample': 0.5720821503267102, 'colsample_bytree': 0.5828064306006338}. Best is trial 0 with value: 0.95.
[I 2026-04-13 12:55:14,366] Trial 3 finished with value: 0.95 and parameters: {'n_estimators': 10, 'max_depth': 30, 'gamma': 0.8015631269999768, 'subsample': 0.5114665462195407, 'colsample_bytree': 0.788831429064878}. Best is trial 0 with value: 0.95.
[I 2026-04-13 12:55:14,402] Trial 4 finished with value: 0.95 and parameters: {'n_estimators': 100, 'max_depth': 5, 'gamma': 0.8834347783013348, 'subsample': 0.961374806972835, 'colsample_bytree': 0.5011071062662218}. Best is trial 0 with value: 0.95.
[I 2026-04-13 12:55:14,430] Trial 5 finished with value: 0.95 and parameters: {'n_estimators': 40, 'max_depth': 5, 'gamma': 0.5364379674896123, 'subsample': 0.5145557818363589, 'colsample_bytree': 0.5432628442011025}. Best is trial 0 with value: 0.95.
[I 2026-04-13 12:55:14,487] Trial 6 finished with value: 0.95 and parameters: {'n_estimators': 100, 'max_depth': 20, 'gamma': 0.6718205850237038, 'subsample': 0.9059511955902053, 'colsample_bytree': 0.9633413076219371}. Best is trial 0 with value: 0.95.
[I 2026-04-13 12:55:14,514] Trial 7 finished with value: 0.95 and parameters: {'n_estimators': 10, 'max_depth': 30, 'gamma': 0.8165284487704038, 'subsample': 0.5255714015506736, 'colsample_bytree': 0.594333867896554}. Best is trial 0 with value: 0.95.
[I 2026-04-13 12:55:14,538] Trial 8 finished with value: 0.95 and parameters: {'n_estimators': 100, 'max_depth': 20, 'gamma': 0.6251497693480509, 'subsample': 0.9696496759824258, 'colsample_bytree': 0.9717700410079397}. Best is trial 0 with value: 0.95.
[I 2026-04-13 12:55:14,563] Trial 9 finished with value: 0.95 and parameters: {'n_estimators': 40, 'max_depth': 30, 'gamma': 0.9649927737686168, 'subsample': 0.6857563076640036, 'colsample_bytree': 0.5061847058001788}. Best is trial 0 with value: 0.95.
[I 2026-04-13 12:55:14,598] Trial 10 finished with value: 0.95 and parameters: {'n_estimators': 40, 'max_depth': 5, 'gamma': 0.17962098877423716, 'subsample': 0.8225184540606401, 'colsample_bytree': 0.7743115296703093}. Best is trial 0 with value: 0.95.
