[I 2026-04-13 12:48:03,930] Trial 28 finished with value: 0.6403122321472845 and parameters: {'n_neighbors': 4, 'leaf_size': 37, 'p': 2}. Best is trial 4 with value: 0.6744417658470142.
[I 2026-04-13 12:48:05,415] Trial 29 finished with value: 0.6045175210462029 and parameters: {'n_neighbors': 6, 'leaf_size': 20, 'p': 1}. Best is trial 4 with value: 0.6744417658470142.
[I 2026-04-13 12:48:06,659] A new study created in memory with name: xgb
[I 2026-04-13 12:48:07,139] Trial 0 finished with value: 0.7750344698299809 and parameters: {'n_estimators': 40, 'max_depth': 30, 'gamma': 0.49382849013642327, 'subsample': 0.9458865003910399, 'colsample_bytree': 0.9818313802505146}. Best is trial 0 with value: 0.7750344698299809.
[I 2026-04-13 12:48:07,688] Trial 1 finished with value: 0.7619445740313282 and parameters: {'n_estimators': 40, 'max_depth': 20, 'gamma': 0.17841636973138664, 'subsample': 0.5101091987201629, 'colsample_bytree': 0.916309922773969}. Best is trial 0 with value: 0.7750344698299809.
[I 2026-04-13 12:48:08,167] Trial 2 finished with value: 0.7711586821469303 and parameters: {'n_estimators': 100, 'max_depth': 5, 'gamma': 0.20644698328203992, 'subsample': 0.819960510663762, 'colsample_bytree': 0.5716766437045232}. Best is trial 0 with value: 0.7750344698299809.
[I 2026-04-13 12:48:08,477] Trial 3 finished with value: 0.7650696277916135 and parameters: {'n_estimators': 10, 'max_depth': 20, 'gamma': 0.6115905539817836, 'subsample': 0.5093949002181776, 'colsample_bytree': 0.8088177485379385}. Best is trial 0 with value: 0.7750344698299809.
[I 2026-04-13 12:48:08,829] Trial 4 finished with value: 0.7643017032270338 and parameters: {'n_estimators': 100, 'max_depth': 5, 'gamma': 0.7278680763345383, 'subsample': 0.5301127358146349, 'colsample_bytree': 0.8333833577228338}. Best is trial 0 with value: 0.7750344698299809.
[I 2026-04-13 12:48:09,164] Trial 5 finished with value: 0.7401859650489839 and parameters: {'n_estimators': 10, 'max_depth': 30, 'gamma': 0.4947413621160883, 'subsample': 0.9941869190296131, 'colsample_bytree': 0.551022405374014}. Best is trial 0 with value: 0.7750344698299809.
[I 2026-04-13 12:48:09,847] Trial 6 finished with value: 0.7638911137916761 and parameters: {'n_estimators': 100, 'max_depth': 20, 'gamma': 0.24307262528096776, 'subsample': 0.5551875705821525, 'colsample_bytree': 0.8281647947326367}. Best is trial 0 with value: 0.7750344698299809.
[I 2026-04-13 12:48:10,429] Trial 7 finished with value: 0.7641658604732119 and parameters: {'n_estimators': 100, 'max_depth': 30, 'gamma': 0.18648856710456677, 'subsample': 0.9882297325066979, 'colsample_bytree': 0.7343256008238508}. Best is trial 0 with value: 0.7750344698299809.
[I 2026-04-13 12:48:10,757] Trial 8 finished with value: 0.7500567582117886 and parameters: {'n_estimators': 10, 'max_depth': 20, 'gamma': 0.36652617776993046, 'subsample': 0.559363859477122, 'colsample_bytree': 0.658991589696988}. Best is trial 0 with value: 0.7750344698299809.
[I 2026-04-13 12:48:11,291] Trial 9 finished with value: 0.7743390900268473 and parameters: {'n_estimators': 100, 'max_depth': 5, 'gamma': 0.18454645968259753, 'subsample': 0.7879732477780896, 'colsample_bytree': 0.964648098788107}. Best is trial 0 with value: 0.7750344698299809.
[I 2026-04-13 12:48:11,724] Trial 10 finished with value: 0.7686908320624823 and parameters: {'n_estimators': 40, 'max_depth': 30, 'gamma': 0.9575004347741041, 'subsample': 0.885121551149726, 'colsample_bytree': 0.9843104940964552}. Best is trial 0 with value: 0.7750344698299809.
[I 2026-04-13 12:48:12,057] Trial 11 finished with value: 0.7673978782270086 and parameters: {'n_estimators': 40, 'max_depth': 5, 'gamma': 0.39874152974214566, 'subsample': 0.684402200509914, 'colsample_bytree': 0.9969596088199149}. Best is trial 0 with value: 0.7750344698299809.
[I 2026-04-13 12:48:12,509] Trial 12 finished with value: 0.7686798396653252 and parameters: {'n_estimators': 40, 'max_depth': 30, 'gamma': 0.8246399209967283, 'subsample': 0.7211767249334009, 'colsample_bytree': 0.8993242784691231}. Best is trial 0 with value: 0.7750344698299809.
[I 2026-04-13 12:48:12,986] Trial 13 finished with value: 0.7656253826467365 and parameters: {'n_estimators': 100, 'max_depth': 5, 'gamma': 0.5635099338446221, 'subsample': 0.8917998298846976, 'colsample_bytree': 0.9189083147255793}. Best is trial 0 with value: 0.7750344698299809.
[I 2026-04-13 12:48:13,520] Trial 14 finished with value: 0.766730504370142 and parameters: {'n_estimators': 40, 'max_depth': 30, 'gamma': 0.3765913196398667, 'subsample': 0.7899688639681097, 'colsample_bytree': 0.9507346190467891}. Best is trial 0 with value: 0.7750344698299809.
[I 2026-04-13 12:48:13,982] Trial 15 finished with value: 0.7682566639984699 and parameters: {'n_estimators': 100, 'max_depth': 5, 'gamma': 0.1138974011447233, 'subsample': 0.6623892154235589, 'colsample_bytree': 0.7472206370344503}. Best is trial 0 with value: 0.7750344698299809.
[I 2026-04-13 12:48:14,313] Trial 16 finished with value: 0.7780390120048615 and parameters: {'n_estimators': 40, 'max_depth': 5, 'gamma': 0.6717996624595401, 'subsample': 0.9058830919395758, 'colsample_bytree': 0.866924414031871}. Best is trial 16 with value: 0.7780390120048615.
[I 2026-04-13 12:48:14,767] Trial 17 finished with value: 0.7717477051315395 and parameters: {'n_estimators': 40, 'max_depth': 30, 'gamma': 0.7083862593759728, 'subsample': 0.8839084866953895, 'colsample_bytree': 0.8574410788494113}. Best is trial 16 with value: 0.7780390120048615.
[I 2026-04-13 12:48:15,113] Trial 18 finished with value: 0.7775066839846466 and parameters: {'n_estimators': 40, 'max_depth': 5, 'gamma': 0.6455732619005046, 'subsample': 0.9314971520293179, 'colsample_bytree': 0.6590100810908468}. Best is trial 16 with value: 0.7780390120048615.
[I 2026-04-13 12:48:15,472] Trial 19 finished with value: 0.7755693403954531 and parameters: {'n_estimators': 40, 'max_depth': 5, 'gamma': 0.8791428273947589, 'subsample': 0.937460825096498, 'colsample_bytree': 0.6667111340131878}. Best is trial 16 with value: 0.7780390120048615.
[I 2026-04-13 12:48:15,814] Trial 20 finished with value: 0.7692403254255538 and parameters: {'n_estimators': 40, 'max_depth': 5, 'gamma': 0.7072089104541451, 'subsample': 0.8508041319133905, 'colsample_bytree': 0.6599337712515533}. Best is trial 16 with value: 0.7780390120048615.
[I 2026-04-13 12:48:16,116] Trial 21 finished with value: 0.7737133329555356 and parameters: {'n_estimators': 40, 'max_depth': 5, 'gamma': 0.8875997587476416, 'subsample': 0.9436520721321013, 'colsample_bytree': 0.6684542300253697}. Best is trial 16 with value: 0.7780390120048615.
[I 2026-04-13 12:48:16,427] Trial 22 finished with value: 0.7741397721879449 and parameters: {'n_estimators': 40, 'max_depth': 5, 'gamma': 0.802486136722016, 'subsample': 0.9474005550291629, 'colsample_bytree': 0.6037939032937463}. Best is trial 16 with value: 0.7780390120048615.
[I 2026-04-13 12:48:16,722] Trial 23 finished with value: 0.7733751364878773 and parameters: {'n_estimators': 40, 'max_depth': 5, 'gamma': 0.9931045563952219, 'subsample': 0.911695324596649, 'colsample_bytree': 0.5073744790471051}. Best is trial 16 with value: 0.7780390120048615.
[I 2026-04-13 12:48:17,012] Trial 24 finished with value: 0.7726021521317408 and parameters: {'n_estimators': 40, 'max_depth': 5, 'gamma': 0.6651357710713457, 'subsample': 0.8549269069693577, 'colsample_bytree': 0.7053860808938153}. Best is trial 16 with value: 0.7780390120048615.
[I 2026-04-13 12:48:17,342] Trial 25 finished with value: 0.7733426146776458 and parameters: {'n_estimators': 40, 'max_depth': 5, 'gamma': 0.7948836384806497, 'subsample': 0.9329711731418688, 'colsample_bytree': 0.7855999283373409}. Best is trial 16 with value: 0.7780390120048615.
[I 2026-04-13 12:48:17,617] Trial 26 finished with value: 0.7638982607472503 and parameters: {'n_estimators': 10, 'max_depth': 5, 'gamma': 0.9219726302479396, 'subsample': 0.9971368987763934, 'colsample_bytree': 0.6101522400893955}. Best is trial 16 with value: 0.7780390120048615.
[I 2026-04-13 12:48:17,914] Trial 27 finished with value: 0.776411201164157 and parameters: {'n_estimators': 40, 'max_depth': 5, 'gamma': 0.6213743688422336, 'subsample': 0.8417304879182309, 'colsample_bytree': 0.6889885275545345}. Best is trial 16 with value: 0.7780390120048615.
[I 2026-04-13 12:48:18,219] Trial 28 finished with value: 0.7750043640702178 and parameters: {'n_estimators': 40, 'max_depth': 5, 'gamma': 0.6066714389145789, 'subsample': 0.8203292721820121, 'colsample_bytree': 0.7085368832513587}. Best is trial 16 with value: 0.7780390120048615.
[I 2026-04-13 12:48:18,548] Trial 29 finished with value: 0.7730034442001127 and parameters: {'n_estimators': 40, 'max_depth': 5, 'gamma': 0.4786256555934727, 'subsample': 0.7546551897751712, 'colsample_bytree': 0.7743771208624493}. Best is trial 16 with value: 0.7780390120048615.
[I 2026-04-13 12:48:20,289] A new study created in memory with name: rf
[I 2026-04-13 12:48:24,112] Trial 0 finished with value: 0.8475745256698405 and parameters: {'n_estimators': 320, 'max_depth': 15, 'min_samples_split': 7, 'min_samples_leaf': 6}. Best is trial 0 with value: 0.8475745256698405.
[I 2026-04-13 12:48:26,508] Trial 1 finished with value: 0.8511309393098243 and parameters: {'n_estimators': 269, 'max_depth': 14, 'min_samples_split': 5, 'min_samples_leaf': 9}. Best is trial 1 with value: 0.8511309393098243.
[I 2026-04-13 12:48:30,247] Trial 2 finished with value: 0.8523281745385217 and parameters: {'n_estimators': 486, 'max_depth': 9, 'min_samples_split': 9, 'min_samples_leaf': 6}. Best is trial 2 with value: 0.8523281745385217.
[I 2026-04-13 12:48:33,816] Trial 3 finished with value: 0.7786071001019043 and parameters: {'n_estimators': 327, 'max_depth': 19, 'min_samples_split': 2, 'min_samples_leaf': 1}. Best is trial 2 with value: 0.8523281745385217.
[I 2026-04-13 12:48:34,880] Trial 4 finished with value: 0.8497647196926076 and parameters: {'n_estimators': 108, 'max_depth': 17, 'min_samples_split': 9, 'min_samples_leaf': 9}. Best is trial 2 with value: 0.8523281745385217.
[I 2026-04-13 12:48:39,774] Trial 5 finished with value: 0.8488192596917777 and parameters: {'n_estimators': 492, 'max_depth': 17, 'min_samples_split': 6, 'min_samples_leaf': 8}. Best is trial 2 with value: 0.8523281745385217.
[I 2026-04-13 12:48:42,185] Trial 6 finished with value: 0.852897008954819 and parameters: {'n_estimators': 147, 'max_depth': 14, 'min_samples_split': 3, 'min_samples_leaf': 10}. Best is trial 6 with value: 0.852897008954819.
[I 2026-04-13 12:48:45,615] Trial 7 finished with value: 0.8517442366444271 and parameters: {'n_estimators': 309, 'max_depth': 10, 'min_samples_split': 4, 'min_samples_leaf': 8}. Best is trial 6 with value: 0.852897008954819.
[I 2026-04-13 12:48:48,423] Trial 8 finished with value: 0.8485202133612905 and parameters: {'n_estimators': 282, 'max_depth': 13, 'min_samples_split': 2, 'min_samples_leaf': 7}. Best is trial 6 with value: 0.852897008954819.
[I 2026-04-13 12:48:52,331] Trial 9 finished with value: 0.8492473939543588 and parameters: {'n_estimators': 345, 'max_depth': 14, 'min_samples_split': 10, 'min_samples_leaf': 7}. Best is trial 6 with value: 0.852897008954819.
[I 2026-04-13 12:48:53,080] Trial 10 finished with value: 0.8489091468887846 and parameters: {'n_estimators': 108, 'max_depth': 5, 'min_samples_split': 4, 'min_samples_leaf': 3}. Best is trial 6 with value: 0.852897008954819.
[I 2026-04-13 12:48:56,530] Trial 11 finished with value: 0.8526930867056001 and parameters: {'n_estimators': 488, 'max_depth': 8, 'min_samples_split': 8, 'min_samples_leaf': 4}. Best is trial 6 with value: 0.852897008954819.
[I 2026-04-13 12:48:57,881] Trial 12 finished with value: 0.8501414591224501 and parameters: {'n_estimators': 197, 'max_depth': 6, 'min_samples_split': 7, 'min_samples_leaf': 4}. Best is trial 6 with value: 0.852897008954819.
[I 2026-04-13 12:49:01,565] Trial 13 finished with value: 0.8525540815820551 and parameters: {'n_estimators': 412, 'max_depth': 8, 'min_samples_split': 8, 'min_samples_leaf': 4}. Best is trial 6 with value: 0.852897008954819.
[I 2026-04-13 12:49:03,656] Trial 14 finished with value: 0.8377523444544177 and parameters: {'n_estimators': 193, 'max_depth': 3, 'min_samples_split': 3, 'min_samples_leaf': 10}. Best is trial 6 with value: 0.852897008954819.
[I 2026-04-13 12:49:07,491] Trial 15 finished with value: 0.8461142571770616 and parameters: {'n_estimators': 400, 'max_depth': 11, 'min_samples_split': 6, 'min_samples_leaf': 2}. Best is trial 6 with value: 0.852897008954819.
[I 2026-04-13 12:49:09,003] Trial 16 finished with value: 0.8526135467823268 and parameters: {'n_estimators': 213, 'max_depth': 7, 'min_samples_split': 5, 'min_samples_leaf': 5}. Best is trial 6 with value: 0.852897008954819.
[I 2026-04-13 12:49:12,602] Trial 17 finished with value: 0.8479118746224129 and parameters: {'n_estimators': 414, 'max_depth': 12, 'min_samples_split': 8, 'min_samples_leaf': 4}. Best is trial 6 with value: 0.852897008954819.
[I 2026-04-13 12:49:16,229] Trial 18 finished with value: 0.8324670379879031 and parameters: {'n_estimators': 154, 'max_depth': 20, 'min_samples_split': 10, 'min_samples_leaf': 2}. Best is trial 6 with value: 0.852897008954819.
[I 2026-04-13 12:49:18,189] Trial 19 finished with value: 0.8401920620978099 and parameters: {'n_estimators': 254, 'max_depth': 3, 'min_samples_split': 3, 'min_samples_leaf': 10}. Best is trial 6 with value: 0.852897008954819.
[I 2026-04-13 12:49:21,771] Trial 20 finished with value: 0.8505438643449643 and parameters: {'n_estimators': 448, 'max_depth': 10, 'min_samples_split': 7, 'min_samples_leaf': 5}. Best is trial 6 with value: 0.852897008954819.
[I 2026-04-13 12:49:23,247] Trial 21 finished with value: 0.8519562419106583 and parameters: {'n_estimators': 215, 'max_depth': 7, 'min_samples_split': 5, 'min_samples_leaf': 5}. Best is trial 6 with value: 0.852897008954819.
[I 2026-04-13 12:49:24,219] Trial 22 finished with value: 0.846713627435404 and parameters: {'n_estimators': 153, 'max_depth': 5, 'min_samples_split': 4, 'min_samples_leaf': 3}. Best is trial 6 with value: 0.852897008954819.
[I 2026-04-13 12:49:26,671] Trial 23 finished with value: 0.8520768799908518 and parameters: {'n_estimators': 227, 'max_depth': 8, 'min_samples_split': 5, 'min_samples_leaf': 5}. Best is trial 6 with value: 0.852897008954819.
[I 2026-04-13 12:49:29,143] Trial 24 finished with value: 0.8501714510369031 and parameters: {'n_estimators': 158, 'max_depth': 11, 'min_samples_split': 3, 'min_samples_leaf': 7}. Best is trial 6 with value: 0.852897008954819.
[I 2026-04-13 12:49:32,652] Trial 25 finished with value: 0.8499032188369968 and parameters: {'n_estimators': 371, 'max_depth': 6, 'min_samples_split': 8, 'min_samples_leaf': 6}. Best is trial 6 with value: 0.852897008954819.
[I 2026-04-13 12:49:34,592] Trial 26 finished with value: 0.8509569963255794 and parameters: {'n_estimators': 241, 'max_depth': 9, 'min_samples_split': 5, 'min_samples_leaf': 3}. Best is trial 6 with value: 0.852897008954819.
[I 2026-04-13 12:49:36,068] Trial 27 finished with value: 0.8485182906404987 and parameters: {'n_estimators': 135, 'max_depth': 12, 'min_samples_split': 6, 'min_samples_leaf': 4}. Best is trial 6 with value: 0.852897008954819.
[I 2026-04-13 12:49:37,964] Trial 28 finished with value: 0.8457923785371738 and parameters: {'n_estimators': 184, 'max_depth': 17, 'min_samples_split': 2, 'min_samples_leaf': 5}. Best is trial 6 with value: 0.852897008954819.
[I 2026-04-13 12:49:40,532] Trial 29 finished with value: 0.8483650295542425 and parameters: {'n_estimators': 285, 'max_depth': 15, 'min_samples_split': 7, 'min_samples_leaf': 6}. Best is trial 6 with value: 0.852897008954819.
[I 2026-04-13 12:49:43,759] A new study created in memory with name: mlp
[I 2026-04-13 12:49:46,431] Trial 0 finished with value: 0.7643267238962823 and parameters: {'hidden_layer_sizes': (200,), 'max_iter': 50, 'alpha': 0.0001}. Best is trial 0 with value: 0.7643267238962823.
[I 2026-04-13 12:49:50,566] Trial 1 finished with value: 0.7584083236606984 and parameters: {'hidden_layer_sizes': (200,), 'max_iter': 50, 'alpha': 0.001}. Best is trial 0 with value: 0.7643267238962823.
[I 2026-04-13 12:49:54,983] Trial 2 finished with value: 0.7574590308677644 and parameters: {'hidden_layer_sizes': (200,), 'max_iter': 50, 'alpha': 0.001}. Best is trial 0 with value: 0.7643267238962823.
[I 2026-04-13 12:49:58,529] Trial 3 finished with value: 0.7573433260843386 and parameters: {'hidden_layer_sizes': (100,), 'max_iter': 100, 'alpha': 0.001}. Best is trial 0 with value: 0.7643267238962823.
[I 2026-04-13 12:50:00,518] Trial 4 finished with value: 0.7682236741575194 and parameters: {'hidden_layer_sizes': (100,), 'max_iter': 50, 'alpha': 0.0001}. Best is trial 4 with value: 0.7682236741575194.
[I 2026-04-13 12:50:02,362] Trial 5 finished with value: 0.7652539686475076 and parameters: {'hidden_layer_sizes': (100,), 'max_iter': 50, 'alpha': 0.001}. Best is trial 4 with value: 0.7682236741575194.
[I 2026-04-13 12:50:04,192] Trial 6 finished with value: 0.765581147419051 and parameters: {'hidden_layer_sizes': (100,), 'max_iter': 50, 'alpha': 0.001}. Best is trial 4 with value: 0.7682236741575194.
[I 2026-04-13 12:50:06,970] Trial 7 finished with value: 0.7627974524961469 and parameters: {'hidden_layer_sizes': (200,), 'max_iter': 50, 'alpha': 0.0001}. Best is trial 4 with value: 0.7682236741575194.
[I 2026-04-13 12:50:08,762] Trial 8 finished with value: 0.7657385195859472 and parameters: {'hidden_layer_sizes': (100,), 'max_iter': 50, 'alpha': 0.001}. Best is trial 4 with value: 0.7682236741575194.
[I 2026-04-13 12:50:13,964] Trial 9 finished with value: 0.7541572512378781 and parameters: {'hidden_layer_sizes': (100, 100), 'max_iter': 50, 'alpha': 0.0001}. Best is trial 4 with value: 0.7682236741575194.
[I 2026-04-13 12:50:20,906] Trial 10 finished with value: 0.7557146550790693 and parameters: {'hidden_layer_sizes': (100, 100), 'max_iter': 100, 'alpha': 0.0001}. Best is trial 4 with value: 0.7682236741575194.
[I 2026-04-13 12:50:24,513] Trial 11 finished with value: 0.7636017443125412 and parameters: {'hidden_layer_sizes': (100,), 'max_iter': 100, 'alpha': 0.0001}. Best is trial 4 with value: 0.7682236741575194.
[I 2026-04-13 12:50:26,277] Trial 12 finished with value: 0.7617605114639698 and parameters: {'hidden_layer_sizes': (100,), 'max_iter': 50, 'alpha': 0.001}. Best is tr[01:36:36] Fase 2 completada para adult.
  Resultados en: /data/home/rtabares/estiven/CorVAE/checkpoint_adult_MLP_Dlatent/metrics.csv


************************************************************
 DATASET: default
************************************************************

[01:36:36] Fase 1: Buscando hiperparámetros MLP para default...
  Trials: 30, Epochs/trial: 700
[05:27:56] Fase 1 completada para default.
  Hiperparámetros guardados en: /data/home/rtabares/estiven/CorVAE/tune_vae/tune_mlp_default/best_hyperparams_mlp.json
[05:27:56] Fase 2: Entrenando MLP-VAE y destilando para default...
  Epochs: 3000, Batch size: 4096
  Checkpoint: /data/home/rtabares/estiven/CorVAE/checkpoint_default_MLP_Dlatent
[10:25:23] Fase 2 completada para default.
  Resultados en: /data/home/rtabares/estiven/CorVAE/checkpoint_default_MLP_Dlatent/metrics.csv


************************************************************
 DATASET: magic_telescope
************************************************************

[10:25:23] Fase 1: Buscando hiperparámetros MLP para magic_telescope...
  Trials: 30, Epochs/trial: 700
[10:34:29] Fase 1 completada para magic_telescope.
  Hiperparámetros guardados en: /data/home/rtabares/estiven/CorVAE/tune_vae/tune_mlp_magic_telescope/best_hyperparams_mlp.json
[10:34:29] Fase 2: Entrenando MLP-VAE y destilando para magic_telescope...
  Epochs: 3000, Batch size: 4096
  Checkpoint: /data/home/rtabares/estiven/CorVAE/checkpoint_magic_telescope_MLP_Dlatent
[10:43:38] Fase 2 completada para magic_telescope.
  Resultados en: /data/home/rtabares/estiven/CorVAE/checkpoint_magic_telescope_MLP_Dlatent/metrics.csv


************************************************************
 DATASET: shoppers
************************************************************

[10:43:38] Fase 1: Hiperparámetros MLP ya existen para shoppers.
  Usando: /data/home/rtabares/estiven/CorVAE/tune_vae/tune_mlp_shoppers/best_hyperparams_mlp.json
[10:43:38] Fase 2: Entrenando MLP-VAE y destilando para shoppers...
  Epochs: 3000, Batch size: 4096
  Checkpoint: /data/home/rtabares/estiven/CorVAE/checkpoint_shoppers_MLP_Dlatent
[14:22:39] Fase 2 completada para shoppers.
  Resultados en: /data/home/rtabares/estiven/CorVAE/checkpoint_shoppers_MLP_Dlatent/metrics.csv


************************************************************
 DATASET: paysim
************************************************************

[14:22:39] Fase 1: Hiperparámetros MLP ya existen para paysim.
  Usando: /data/home/rtabares/estiven/CorVAE/tune_vae/tune_mlp_paysim/best_hyperparams_mlp.json
[14:22:39] Fase 2: Entrenando MLP-VAE y destilando para paysim...
  Epochs: 3000, Batch size: 4096
  Checkpoint: /data/home/rtabares/estiven/CorVAE/checkpoint_paysim_MLP_Dlatent
13 12:51:03,194] Trial 26 finished with value: 0.7575265411366112 and parameters: {'hidden_layer_sizes': (100,), 'max_iter': 100, 'alpha': 0.0001}. Best is trial 20 with value: 0.7704985184930322.
[I 2026-04-13 12:51:04,970] Trial 27 finished with value: 0.7651564032168132 and parameters: {'hidden_layer_sizes': (100,), 'max_iter': 50, 'alpha': 0.0001}. Best is trial 20 with value: 0.7704985184930322.
[I 2026-04-13 12:51:07,723] Trial 28 finished with value: 0.7594852876440903 and parameters: {'hidden_layer_sizes': (200,), 'max_iter': 50, 'alpha': 0.0001}. Best is trial 20 with value: 0.7704985184930322.
