[I 2026-04-13 13:00:55,686] Trial 27 finished with value: 0.4 and parameters: {'n_neighbors': 10, 'leaf_size': 20, 'p': 1}. Best is trial 9 with value: 0.45.
[I 2026-04-13 13:00:55,709] Trial 28 finished with value: 0.4 and parameters: {'n_neighbors': 7, 'leaf_size': 32, 'p': 1}. Best is trial 9 with value: 0.45.
[I 2026-04-13 13:00:55,730] Trial 29 finished with value: 0.4 and parameters: {'n_neighbors': 3, 'leaf_size': 23, 'p': 1}. Best is trial 9 with value: 0.45.
[I 2026-04-13 13:00:55,755] A new study created in memory with name: xgb
[I 2026-04-13 13:00:55,781] Trial 0 finished with value: 0.45 and parameters: {'n_estimators': 40, 'max_depth': 20, 'gamma': 0.5510084172939441, 'subsample': 0.5360255666798808, 'colsample_bytree': 0.6342194900509356}. Best is trial 0 with value: 0.45.
[I 2026-04-13 13:00:55,815] Trial 1 finished with value: 0.4 and parameters: {'n_estimators': 100, 'max_depth': 5, 'gamma': 0.9186341749476523, 'subsample': 0.6066926767899578, 'colsample_bytree': 0.7260619809088416}. Best is trial 0 with value: 0.45.
[I 2026-04-13 13:00:55,844] Trial 2 finished with value: 0.3 and parameters: {'n_estimators': 10, 'max_depth': 5, 'gamma': 0.9182155373980582, 'subsample': 0.566584722879625, 'colsample_bytree': 0.761706290336883}. Best is trial 0 with value: 0.45.
[I 2026-04-13 13:00:55,869] Trial 3 finished with value: 0.45 and parameters: {'n_estimators': 10, 'max_depth': 20, 'gamma': 0.5296610393664296, 'subsample': 0.6829451928902965, 'colsample_bytree': 0.9189589971546304}. Best is trial 0 with value: 0.45.
[I 2026-04-13 13:00:55,896] Trial 4 finished with value: 0.4 and parameters: {'n_estimators': 10, 'max_depth': 20, 'gamma': 0.6916595165017824, 'subsample': 0.6851755414940176, 'colsample_bytree': 0.7295464889457157}. Best is trial 0 with value: 0.45.
[I 2026-04-13 13:00:55,924] Trial 5 finished with value: 0.35 and parameters: {'n_estimators': 100, 'max_depth': 20, 'gamma': 0.48380821541644814, 'subsample': 0.8171899343169193, 'colsample_bytree': 0.7614531005141727}. Best is trial 0 with value: 0.45.
[I 2026-04-13 13:00:55,951] Trial 6 finished with value: 0.5 and parameters: {'n_estimators': 10, 'max_depth': 5, 'gamma': 0.9599214907026333, 'subsample': 0.8414569271877088, 'colsample_bytree': 0.5265643453364788}. Best is trial 6 with value: 0.5.
[I 2026-04-13 13:00:55,977] Trial 7 finished with value: 0.3 and parameters: {'n_estimators': 40, 'max_depth': 5, 'gamma': 0.5250915966595621, 'subsample': 0.9207383574491986, 'colsample_bytree': 0.565555321173957}. Best is trial 6 with value: 0.5.
[I 2026-04-13 13:00:56,014] Trial 8 finished with value: 0.35 and parameters: {'n_estimators': 100, 'max_depth': 5, 'gamma': 0.3919835527051987, 'subsample': 0.6502094521590198, 'colsample_bytree': 0.5827507002328938}. Best is trial 6 with value: 0.5.
[I 2026-04-13 13:00:56,051] Trial 9 finished with value: 0.45 and parameters: {'n_estimators': 100, 'max_depth': 5, 'gamma': 0.8003922413895069, 'subsample': 0.9436444759263674, 'colsample_bytree': 0.8374593849333938}. Best is trial 6 with value: 0.5.
[I 2026-04-13 13:00:56,087] Trial 10 finished with value: 0.45 and parameters: {'n_estimators': 10, 'max_depth': 30, 'gamma': 0.13445536345660636, 'subsample': 0.8170364712994619, 'colsample_bytree': 0.5433432253863063}. Best is trial 6 with value: 0.5.
[I 2026-04-13 13:00:56,134] Trial 11 finished with value: 0.35 and parameters: {'n_estimators': 40, 'max_depth': 30, 'gamma': 0.2681645700627216, 'subsample': 0.7834083857462865, 'colsample_bytree': 0.6393995612571489}. Best is trial 6 with value: 0.5.
[I 2026-04-13 13:00:56,180] Trial 12 finished with value: 0.35 and parameters: {'n_estimators': 40, 'max_depth': 20, 'gamma': 0.7081376218947077, 'subsample': 0.5002075114471883, 'colsample_bytree': 0.5109925422698893}. Best is trial 6 with value: 0.5.
[I 2026-04-13 13:00:56,227] Trial 13 finished with value: 0.5 and parameters: {'n_estimators': 40, 'max_depth': 20, 'gamma': 0.7299867618183176, 'subsample': 0.8753135133311697, 'colsample_bytree': 0.6324877226384781}. Best is trial 6 with value: 0.5.
[I 2026-04-13 13:00:56,262] Trial 14 finished with value: 0.5 and parameters: {'n_estimators': 10, 'max_depth': 30, 'gamma': 0.9822520722666381, 'subsample': 0.8751844891397375, 'colsample_bytree': 0.6439410296216201}. Best is trial 6 with value: 0.5.
[I 2026-04-13 13:00:56,304] Trial 15 finished with value: 0.5 and parameters: {'n_estimators': 40, 'max_depth': 20, 'gamma': 0.7791052729229824, 'subsample': 0.9000422560698491, 'colsample_bytree': 0.5041332300717039}. Best is trial 6 with value: 0.5.
[I 2026-04-13 13:00:56,352] Trial 16 finished with value: 0.5 and parameters: {'n_estimators': 40, 'max_depth': 5, 'gamma': 0.832740096449254, 'subsample': 0.9900726839261074, 'colsample_bytree': 0.9928973939225177}. Best is trial 6 with value: 0.5.
[I 2026-04-13 13:00:56,393] Trial 17 finished with value: 0.4 and parameters: {'n_estimators': 10, 'max_depth': 5, 'gamma': 0.6319831022230991, 'subsample': 0.7341683466320832, 'colsample_bytree': 0.6771926614467836}. Best is trial 6 with value: 0.5.
[I 2026-04-13 13:00:56,432] Trial 18 finished with value: 0.5 and parameters: {'n_estimators': 10, 'max_depth': 20, 'gamma': 0.9924154062276099, 'subsample': 0.8710793788616107, 'colsample_bytree': 0.5809143325892787}. Best is trial 6 with value: 0.5.
[I 2026-04-13 13:00:56,484] Trial 19 finished with value: 0.4 and parameters: {'n_estimators': 40, 'max_depth': 30, 'gamma': 0.8605445464578783, 'subsample': 0.8299496509769766, 'colsample_bytree': 0.6035167831316499}. Best is trial 6 with value: 0.5.
[I 2026-04-13 13:00:56,531] Trial 20 finished with value: 0.5 and parameters: {'n_estimators': 10, 'max_depth': 5, 'gamma': 0.7205813476904832, 'subsample': 0.7456741672696084, 'colsample_bytree': 0.6943039103545525}. Best is trial 6 with value: 0.5.
[I 2026-04-13 13:00:56,568] Trial 21 finished with value: 0.5 and parameters: {'n_estimators': 10, 'max_depth': 30, 'gamma': 0.996227049017897, 'subsample': 0.8706874908552404, 'colsample_bytree': 0.6307505740503434}. Best is trial 6 with value: 0.5.
[I 2026-04-13 13:00:56,596] Trial 22 finished with value: 0.5 and parameters: {'n_estimators': 10, 'max_depth': 30, 'gamma': 0.9019375634492033, 'subsample': 0.9911835888808611, 'colsample_bytree': 0.8137897217215389}. Best is trial 6 with value: 0.5.
[I 2026-04-13 13:00:56,632] Trial 23 finished with value: 0.5 and parameters: {'n_estimators': 10, 'max_depth': 30, 'gamma': 0.9987924638357923, 'subsample': 0.8653386423899597, 'colsample_bytree': 0.6696769779745885}. Best is trial 6 with value: 0.5.
[I 2026-04-13 13:00:56,665] Trial 24 finished with value: 0.5 and parameters: {'n_estimators': 10, 'max_depth': 30, 'gamma': 0.7689326104563019, 'subsample': 0.9378619084186364, 'colsample_bytree': 0.5566418840532259}. Best is trial 6 with value: 0.5.
[I 2026-04-13 13:00:56,708] Trial 25 finished with value: 0.45 and parameters: {'n_estimators': 40, 'max_depth': 30, 'gamma': 0.6416978659444792, 'subsample': 0.7843144665241059, 'colsample_bytree': 0.6133247081118566}. Best is trial 6 with value: 0.5.
[I 2026-04-13 13:00:56,746] Trial 26 finished with value: 0.45 and parameters: {'n_estimators': 10, 'max_depth': 20, 'gamma': 0.8778121210574521, 'subsample': 0.8427177071468158, 'colsample_bytree': 0.5319361006383497}. Best is trial 6 with value: 0.5.
[I 2026-04-13 13:00:56,792] Trial 27 finished with value: 0.5 and parameters: {'n_estimators': 10, 'max_depth': 30, 'gamma': 0.9538894530765945, 'subsample': 0.9032342618942575, 'colsample_bytree': 0.6585919811192518}. Best is trial 6 with value: 0.5.
[I 2026-04-13 13:00:56,842] Trial 28 finished with value: 0.4 and parameters: {'n_estimators': 100, 'max_depth': 20, 'gamma': 0.8474463992434805, 'subsample': 0.7802485175592495, 'colsample_bytree': 0.5958757065480268}. Best is trial 6 with value: 0.5.
[I 2026-04-13 13:00:56,881] Trial 29 finished with value: 0.45 and parameters: {'n_estimators': 40, 'max_depth': 5, 'gamma': 0.6355632296381819, 'subsample': 0.8959207429872714, 'colsample_bytree': 0.7100663119922936}. Best is trial 6 with value: 0.5.
[I 2026-04-13 13:00:56,986] A new study created in memory with name: rf
[I 2026-04-13 13:00:57,179] Trial 0 finished with value: 0.5 and parameters: {'n_estimators': 130, 'max_depth': 17, 'min_samples_split': 5, 'min_samples_leaf': 8}. Best is trial 0 with value: 0.5.
[I 2026-04-13 13:00:57,740] Trial 1 finished with value: 0.35 and parameters: {'n_estimators': 492, 'max_depth': 12, 'min_samples_split': 6, 'min_samples_leaf': 1}. Best is trial 0 with value: 0.5.
[I 2026-04-13 13:00:57,987] Trial 2 finished with value: 0.5 and parameters: {'n_estimators': 207, 'max_depth': 11, 'min_samples_split': 8, 'min_samples_leaf': 9}. Best is trial 0 with value: 0.5.
[I 2026-04-13 13:00:58,366] Trial 3 finished with value: 0.5 and parameters: {'n_estimators': 252, 'max_depth': 4, 'min_samples_split': 4, 'min_samples_leaf': 10}. Best is trial 0 with value: 0.5.
[I 2026-04-13 13:00:58,664] Trial 4 finished with value: 0.3 and parameters: {'n_estimators': 185, 'max_depth': 11, 'min_samples_split': 10, 'min_samples_leaf': 1}. Best is trial 0 with value: 0.5.
[I 2026-04-13 13:00:59,102] Trial 5 finished with value: 0.3 and parameters: {'n_estimators': 340, 'max_depth': 20, 'min_samples_split': 4, 'min_samples_leaf': 6}. Best is trial 0 with value: 0.5.
[I 2026-04-13 13:00:59,666] Trial 6 finished with value: 0.5 and parameters: {'n_estimators': 464, 'max_depth': 5, 'min_samples_split': 6, 'min_samples_leaf': 8}. Best is trial 0 with value: 0.5.
[I 2026-04-13 13:01:00,134] Trial 7 finished with value: 0.35 and parameters: {'n_estimators': 368, 'max_depth': 11, 'min_samples_split': 3, 'min_samples_leaf': 5}. Best is trial 0 with value: 0.5.
[I 2026-04-13 13:01:00,493] Trial 8 finished with value: 0.5 and parameters: {'n_estimators': 249, 'max_depth': 11, 'min_samples_split': 5, 'min_samples_leaf': 9}. Best is trial 0 with value: 0.5.
[I 2026-04-13 13:01:01,034] Trial 9 finished with value: 0.35 and parameters: {'n_estimators': 408, 'max_depth': 8, 'min_samples_split': 7, 'min_samples_leaf': 3}. Best is trial 0 with value: 0.5.
[I 2026-04-13 13:01:01,291] Trial 10 finished with value: 0.5 and parameters: {'n_estimators': 156, 'max_depth': 19, 'min_samples_split': 2, 'min_samples_leaf': 7}. Best is trial 0 with value: 0.5.
[I 2026-04-13 13:01:01,504] Trial 11 finished with value: 0.5 and parameters: {'n_estimators': 123, 'max_depth': 16, 'min_samples_split': 9, 'min_samples_leaf': 10}. Best is trial 0 with value: 0.5.
[I 2026-04-13 13:01:01,871] Trial 12 finished with value: 0.5 and parameters: {'n_estimators': 211, 'max_depth': 15, 'min_samples_split': 8, 'min_samples_leaf': 8}. Best is trial 0 with value: 0.5.
[I 2026-04-13 13:01:02,096] Trial 13 finished with value: 0.35 and parameters: {'n_estimators': 100, 'max_depth': 16, 'min_samples_split': 8, 'min_samples_leaf': 5}. Best is trial 0 with value: 0.5.
[I 2026-04-13 13:01:02,499] Trial 14 finished with value: 0.5 and parameters: {'n_estimators': 282, 'max_depth': 8, 'min_samples_split': 7, 'min_samples_leaf': 8}. Best is trial 0 with value: 0.5.
[I 2026-04-13 13:01:02,808] Trial 15 finished with value: 0.5 and parameters: {'n_estimators': 198, 'max_depth': 14, 'min_samples_split': 10, 'min_samples_leaf': 7}. Best is trial 0 with value: 0.5.
[I 2026-04-13 13:01:03,050] Trial 16 finished with value: 0.5 and parameters: {'n_estimators': 145, 'max_depth': 18, 'min_samples_split': 5, 'min_samples_leaf': 9}. Best is trial 0 with value: 0.5.
[I 2026-04-13 13:01:03,371] Trial 17 finished with value: 0.25 and parameters: {'n_estimators': 234, 'max_depth': 7, 'min_samples_split': 8, 'min_samples_leaf': 6}. Best is trial 0 with value: 0.5.
[I 2026-04-13 13:01:03,758] Trial 18 finished with value: 0.5 and parameters: {'n_estimators': 307, 'max_depth': 13, 'min_samples_split': 7, 'min_samples_leaf': 9}. Best is trial 0 with value: 0.5.
[I 2026-04-13 13:01:04,014] Trial 19 finished with value: 0.3 and parameters: {'n_estimators': 168, 'max_depth': 9, 'min_samples_split': 4, 'min_samples_leaf': 4}. Best is trial 0 with value: 0.5.
[I 2026-04-13 13:01:04,192] Trial 20 finished with value: 0.5 and parameters: {'n_estimators': 101, 'max_depth': 17, 'min_samples_split': 6, 'min_samples_leaf': 7}. Best is trial 0 with value: 0.5.
[I 2026-04-13 13:01:04,564] Trial 21 finished with value: 0.5 and parameters: {'n_estimators': 270, 'max_depth': 3, 'min_samples_split': 4, 'min_samples_leaf': 10}. Best is trial 0 with value: 0.5.
[I 2026-04-13 13:01:04,853] Trial 22 finished with value: 0.5 and parameters: {'n_estimators': 228, 'max_depth': 3, 'min_samples_split': 2, 'min_samples_leaf': 10}. Best is trial 0 with value: 0.5.
[I 2026-04-13 13:01:05,291] Trial 23 finished with value: 0.5 and parameters: {'n_estimators': 307, 'max_depth': 5, 'min_samples_split': 5, 'min_samples_leaf': 9}. Best is trial 0 with value: 0.5.
[I 2026-04-13 13:01:05,554] Trial 24 finished with value: 0.5 and parameters: {'n_estimators': 174, 'max_depth': 6, 'min_samples_split': 3, 'min_samples_leaf': 10}. Best is trial 0 with value: 0.5.
[I 2026-04-13 13:01:05,779] Trial 25 finished with value: 0.5 and parameters: {'n_estimators': 132, 'max_depth': 9, 'min_samples_split': 3, 'min_samples_leaf': 8}. Best is trial 0 with value: 0.5.
[I 2026-04-13 13:01:06,108] Trial 26 finished with value: 0.5 and parameters: {'n_estimators': 248, 'max_depth': 13, 'min_samples_split': 9, 'min_samples_leaf': 9}. Best is trial 0 with value: 0.5.
[I 2026-04-13 13:01:06,424] Trial 27 finished with value: 0.5 and parameters: {'n_estimators': 198, 'max_depth': 10, 'min_samples_split': 5, 'min_samples_leaf': 10}. Best is trial 0 with value: 0.5.
[I 2026-04-13 13:01:06,873] Trial 28 finished with value: 0.5 and parameters: {'n_estimators': 350, 'max_depth': 20, 'min_samples_split': 4, 'min_samples_leaf': 7}. Best is trial 0 with value: 0.5.
[I 2026-04-13 13:01:07,154] Trial 29 finished with value: 0.5 and parameters: {'n_estimators': 214, 'max_depth': 13, 'min_samples_split': 6, 'min_samples_leaf': 8}. Best is trial 0 with value: 0.5.
[I 2026-04-13 13:01:07,522] A new study created in memory with name: mlp
[I 2026-04-13 13:01:07,598] Trial 0 finished with value: 0.25 and parameters: {'hidden_layer_sizes': (200,), 'max_iter': 100, 'alpha': 0.0001}. Best is trial 0 with value: 0.25.
[I 2026-04-13 13:01:07,684] Trial 1 finished with value: 0.25 and parameters: {'hidden_layer_sizes': (100, 100), 'max_iter': 100, 'alpha': 0.0001}. Best is trial 0 with value: 0.25.
[I 2026-04-13 13:01:07,770] Trial 2 finished with value: 0.3 and parameters: {'hidden_layer_sizes': (200,), 'max_iter': 100, 'alpha': 0.001}. Best is trial 2 with value: 0.3.
[I 2026-04-13 13:01:07,808] Trial 3 finished with value: 0.35 and parameters: {'hidden_layer_sizes': (100,), 'max_iter': 50, 'alpha': 0.001}. Best is trial 3 with value: 0.35.
[I 2026-04-13 13:01:07,845] Trial 4 finished with value: 0.4 and parameters: {'hidden_layer_sizes': (100,), 'max_iter': 50, 'alpha': 0.0001}. Best is trial 4 with value: 0.4.
[I 2026-04-13 13:01:07,892] Trial 5 finished with value: 0.35 and parameters: {'hidden_layer_sizes': (100,), 'max_iter': 50, 'alpha': 0.0001}. Best is trial 4 with value: 0.4.
[I 2026-04-13 13:01:07,930] Trial 6 finished with value: 0.35 and parameters: {'hidden_layer_sizes': (100,), 'max_iter': 50, 'alpha': 0.0001}. Best is trial 4 with value: 0.4.
[I 2026-04-13 13:01:07,978] Trial 7 finished with value: 0.4 and parameters: {'hidden_layer_sizes': (100,), 'max_iter': 50, 'alpha': 0.0001}. Best is trial 4 with value: 0.4.
[I 2026-04-13 13:01:08,067] Trial 8 finished with value: 0.25 and parameters: {'hidden_layer_sizes': (200,), 'max_iter': 100, 'alpha': 0.0001}. Best is trial 4 with value: 0.4.
[I 2026-04-13 13:01:08,122] Trial 9 finished with value: 0.35 and parameters: {'hidden_layer_sizes': (200,), 'max_iter': 50, 'alpha': 0.0001}. Best is trial 4 with value: 0.4.
[I 2026-04-13 13:01:08,170] Trial 10 finished with value: 0.25 and parameters: {'hidden_layer_sizes': (100, 100), 'max_iter': 50, 'alpha': 0.001}. Best is trial 4 with value: 0.4.
[I 2026-04-13 13:01:08,207] Trial 11 finished with value: 0.4 and parameters: {'hidden_layer_sizes': (100,), 'max_iter': 50, 'alpha': 0.0001}. Best is trial 4 with value: 0.4.
[I 2026-04-13 13:01:08,244] Trial 12 finished with value: 0.35 and parameters: {'hidden_layer_sizes': (100,), 'max_iter': 50, 'alpha': 0.0001}. Best is trial 4 with value: 0.4.
[I 2026-04-13 13:01:08,295] Trial 13 finished with value: 0.35 and parameters: {'hidden_layer_sizes': (100,), 'max_iter': 50, 'alpha': 0.0001}. Best is trial 4 with value: 0.4.
[I 2026-04-13 13:01:08,341] Trial 14 finished with value: 0.4 and parameters: {'hidden_layer_sizes': (100,), 'max_iter': 50, 'alpha': 0.001}. Best is trial 4 with value: 0.4.
[I 2026-04-13 13:01:08,378] Trial 15 finished with value: 0.35 and parameters: {'hidden_layer_sizes': (100,), 'max_iter': 50, 'alpha': 0.0001}. Best is trial 4 with value: 0.4.
[I 2026-04-13 13:01:08,435] Trial 16 finished with value: 0.25 and parameters: {'hidden_layer_sizes': (100, 100), 'max_iter': 50, 'alpha': 0.0001}. Best is trial 4 with value: 0.4.
[I 2026-04-13 13:01:08,471] Trial 17 finished with value: 0.4 and parameters: {'hidden_layer_sizes': (100,), 'max_iter': 50, 'alpha': 0.0001}. Best is trial 4 with value: 0.4.
[I 2026-04-13 13:01:08,528] Trial 18 finished with value: 0.3 and parameters: {'hidden_layer_sizes': (100,), 'max_iter': 100, 'alpha': 0.001}. Best is trial 4 with value: 0.4.
[I 2026-04-13 13:01:08,576] Trial 19 finished with value: 0.3 and parameters: {'hidden_layer_sizes': (100, 100), 'max_iter': 50, 'alpha': 0.0001}. Best is trial 4 with value: 0.4.
[I 2026-04-13 13:01:08,623] Trial 20 finished with value: 0.35 and parameters: {'hidden_layer_sizes': (100,), 'max_iter': 50, 'alpha': 0.0001}. Best is trial 4 with value: 0.4.
[I 2026-04-13 13:01:08,671] Trial 21 finished with value: 0.4 and parameters: {'hidden_layer_sizes': (100,), 'max_iter': 50, 'alpha': 0.0001}. Best is trial 4 with value: 0.4.
[I 2026-04-13 13:01:08,728] Trial 22 finished with value: 0.4 and parameters: {'hidden_layer_sizes': (100,), 'max_iter': 50, 'alpha': 0.0001}. Best is trial 4 with value: 0.4.
[I 2026-04-13 13:01:08,772] Trial 23 finished with value: 0.4 and parameters: {'hidden_layer_sizes': (100,), 'max_iter': 50, 'alpha': 0.0001}. Best is trial 4 with value: 0.4.
[I 2026-04-13 13:01:08,827] Trial 24 finished with value: 0.4 and parameters: {'hidden_layer_sizes': (100,), 'max_iter': 50, 'alpha': 0.0001}. Best is trial 4 with value: 0.4.
[I 2026-04-13 13:01:08,872] Trial 25 finished with value: 0.3 and parameters: {'hidden_layer_sizes': (100,), 'max_iter': 50, 'alpha': 0.0001}. Best is trial 4 with value: 0.4.
[I 2026-04-13 13:01:08,949] Trial 26 finished with value: 0.3 and parameters: {'hidden_layer_sizes': (100,), 'max_iter': 100, 'alpha': 0.001}. Best is trial 4 with value: 0.4.
[I 2026-04-13 13:01:08,990] Trial 27 finished with value: 0.4 and parameters: {'hidden_layer_sizes': (100,), 'max_iter': 50, 'alpha': 0.0001}. Best is trial 4 with value: 0.4.
[I 2026-04-13 13:01:09,060] Trial 28 finished with value: 0.25 and parameters: {'hidden_layer_sizes': (100, 100), 'max_iter': 50, 'alpha': 0.0001}. Best is trial 4 with value: 0.4.
[I 2026-04-13 13:01:09,138] Trial 29 finished with value: 0.25 and parameters: {'hidden_layer_sizes': (200,), 'max_iter': 100, 'alpha': 0.0001}. Best is trial 4 with value: 0.4.
[I 2026-04-13 13:01:17,813] A new study created in memory with name: naive_bayes
[I 2026-04-13 13:01:17,831] Trial 0 finished with value: 1.0 and parameters: {'var_smoothing': 1.4210736239935712e-10}. Best is trial 0 with value: 1.0.
[I 2026-04-13 13:01:17,844] Trial 1 finished with value: 1.0 and parameters: {'var_smoothing': 3.629422978396398e-09}. Best is trial 0 with value: 1.0.
[I 2026-04-13 13:01:17,858] Trial 2 finished with value: 1.0 and parameters: {'var_smoothing': 7.530407234027127e-10}. Best is trial 0 with value: 1.0.
[I 2026-04-13 13:01:17,875] Trial 3 finished with value: 1.0 and parameters: {'var_smoothing': 2.7985325053380072e-09}. Best is trial 0 with value: 1.0.
[I 2026-04-13 13:01:17,890] Trial 4 finished with value: 1.0 and parameters: {'var_smoothing': 9.036058293737187e-09}. Best is trial 0 with value: 1.0.
[I 2026-04-13 13:01:17,905] Trial 5 finished with value: 1.0 and parameters: {'var_smoothing': 1.1939653980558784e-09}. Best is trial 0 with value: 1.0.
[I 2026-04-13 13:01:17,920] Trial 6 finished with value: 1.0 and parameters: {'var_smoothing': 1.005173261185167e-09}. Best is trial 0 with value: 1.0.
[I 2026-04-13 13:01:17,935] Trial 7 finished with value: 1.0 and parameters: {'var_smoothing': 1.393484899105757e-10}. Best is trial 0 with value: 1.0.
[I 2026-04-13 13:01:17,949] Trial 8 finished with value: 1.0 and parameters: {'var_smoothing': 3.4425317961147986e-10}. Best is trial 0 with value: 1.0.
[I 2026-04-13 13:01:17,964] Trial 9 finished with value: 1.0 and parameters: {'var_smoothing': 9.994590426751933e-10}. Best is trial 0 with value: 1.0.
[I 2026-04-13 13:01:17,985] Trial 10 finished with value: 1.0 and parameters: {'var_smoothing': 1.9079938112167212e-10}. Best is trial 0 with value: 1.0.
[I 2026-04-13 13:01:18,003] Trial 11 finished with value: 1.0 and parameters: {'var_smoothing': 4.7456863630433305e-09}. Best is trial 0 with value: 1.0.
[I 2026-04-13 13:01:18,023] Trial 12 finished with value: 1.0 and parameters: {'var_smoothing': 2.7185365295481096e-09}. Best is trial 0 with value: 1.0.
[I 2026-04-13 13:01:18,052] Trial 13 finished with value: 1.0 and parameters: {'var_smoothing': 4.3967291332584714e-10}. Best is trial 0 with value: 1.0.
[I 2026-04-13 13:01:18,075] Trial 14 finished with value: 1.0 and parameters: {'var_smoothing': 2.6511307931162972e-09}. Best is trial 0 with value: 1.0.
