[I 2026-04-13 13:05:43,045] Trial 15 finished with value: 0.35 and parameters: {'n_estimators': 10, 'max_depth': 5, 'gamma': 0.9943112714517324, 'subsample': 0.8796408284779186, 'colsample_bytree': 0.6459869877941459}. Best is trial 10 with value: 0.45.
[I 2026-04-13 13:05:43,083] Trial 16 finished with value: 0.4 and parameters: {'n_estimators': 10, 'max_depth': 20, 'gamma': 0.7305754551735701, 'subsample': 0.5265430700079919, 'colsample_bytree': 0.7724196637571957}. Best is trial 10 with value: 0.45.
[I 2026-04-13 13:05:43,122] Trial 17 finished with value: 0.35 and parameters: {'n_estimators': 10, 'max_depth': 5, 'gamma': 0.348421104216403, 'subsample': 0.8119547475973757, 'colsample_bytree': 0.6386307835335834}. Best is trial 10 with value: 0.45.
[I 2026-04-13 13:05:43,161] Trial 18 finished with value: 0.45 and parameters: {'n_estimators': 10, 'max_depth': 5, 'gamma': 0.15897116856898635, 'subsample': 0.9312375489963072, 'colsample_bytree': 0.8158969812367477}. Best is trial 10 with value: 0.45.
[I 2026-04-13 13:05:43,203] Trial 19 finished with value: 0.4 and parameters: {'n_estimators': 10, 'max_depth': 20, 'gamma': 0.8463900726163432, 'subsample': 0.7959576558687851, 'colsample_bytree': 0.7077026096636606}. Best is trial 10 with value: 0.45.
[I 2026-04-13 13:05:43,242] Trial 20 finished with value: 0.35 and parameters: {'n_estimators': 10, 'max_depth': 5, 'gamma': 0.6940398264217126, 'subsample': 0.9387850991009244, 'colsample_bytree': 0.6090011078670151}. Best is trial 10 with value: 0.45.
[I 2026-04-13 13:05:43,276] Trial 21 finished with value: 0.45 and parameters: {'n_estimators': 10, 'max_depth': 5, 'gamma': 0.8965243759209037, 'subsample': 0.9903746136096092, 'colsample_bytree': 0.741951089886213}. Best is trial 10 with value: 0.45.
[I 2026-04-13 13:05:43,314] Trial 22 finished with value: 0.45 and parameters: {'n_estimators': 10, 'max_depth': 5, 'gamma': 0.7881986810862779, 'subsample': 0.9910528889202072, 'colsample_bytree': 0.7522296731011354}. Best is trial 10 with value: 0.45.
[I 2026-04-13 13:05:43,362] Trial 23 finished with value: 0.35 and parameters: {'n_estimators': 10, 'max_depth': 5, 'gamma': 0.9073148768569923, 'subsample': 0.8988167890797887, 'colsample_bytree': 0.7053583872558827}. Best is trial 10 with value: 0.45.
[I 2026-04-13 13:05:43,400] Trial 24 finished with value: 0.45 and parameters: {'n_estimators': 10, 'max_depth': 5, 'gamma': 0.6392566676859182, 'subsample': 0.9536786578743663, 'colsample_bytree': 0.7842274029192361}. Best is trial 10 with value: 0.45.
[I 2026-04-13 13:05:43,436] Trial 25 finished with value: 0.35 and parameters: {'n_estimators': 40, 'max_depth': 5, 'gamma': 0.765107774024181, 'subsample': 0.8720798979081519, 'colsample_bytree': 0.846544785626791}. Best is trial 10 with value: 0.45.
[I 2026-04-13 13:05:43,476] Trial 26 finished with value: 0.35 and parameters: {'n_estimators': 10, 'max_depth': 5, 'gamma': 0.9822447877333627, 'subsample': 0.919137577081071, 'colsample_bytree': 0.7246133129549825}. Best is trial 10 with value: 0.45.
[I 2026-04-13 13:05:43,516] Trial 27 finished with value: 0.4 and parameters: {'n_estimators': 10, 'max_depth': 5, 'gamma': 0.8566094087612847, 'subsample': 0.9642994362916798, 'colsample_bytree': 0.6826268731560994}. Best is trial 10 with value: 0.45.
[I 2026-04-13 13:05:43,556] Trial 28 finished with value: 0.35 and parameters: {'n_estimators': 10, 'max_depth': 30, 'gamma': 0.4081359272503368, 'subsample': 0.7931562028542846, 'colsample_bytree': 0.5958687571577324}. Best is trial 10 with value: 0.45.
[I 2026-04-13 13:05:43,596] Trial 29 finished with value: 0.35 and parameters: {'n_estimators': 40, 'max_depth': 20, 'gamma': 0.6151624342655037, 'subsample': 0.6878815810543047, 'colsample_bytree': 0.7681668251004417}. Best is trial 10 with value: 0.45.
[I 2026-04-13 13:05:43,774] A new study created in memory with name: rf
[I 2026-04-13 13:05:43,940] Trial 0 finished with value: 0.5 and parameters: {'n_estimators': 104, 'max_depth': 12, 'min_samples_split': 6, 'min_samples_leaf': 2}. Best is trial 0 with value: 0.5.
[I 2026-04-13 13:05:44,229] Trial 1 finished with value: 0.35 and parameters: {'n_estimators': 156, 'max_depth': 6, 'min_samples_split': 5, 'min_samples_leaf': 3}. Best is trial 0 with value: 0.5.
[I 2026-04-13 13:05:44,437] Trial 2 finished with value: 0.5 and parameters: {'n_estimators': 133, 'max_depth': 9, 'min_samples_split': 3, 'min_samples_leaf': 9}. Best is trial 0 with value: 0.5.
[I 2026-04-13 13:05:45,037] Trial 3 finished with value: 0.4 and parameters: {'n_estimators': 481, 'max_depth': 3, 'min_samples_split': 8, 'min_samples_leaf': 6}. Best is trial 0 with value: 0.5.
[I 2026-04-13 13:05:45,562] Trial 4 finished with value: 0.5 and parameters: {'n_estimators': 460, 'max_depth': 15, 'min_samples_split': 6, 'min_samples_leaf': 8}. Best is trial 0 with value: 0.5.
[I 2026-04-13 13:05:45,872] Trial 5 finished with value: 0.25 and parameters: {'n_estimators': 254, 'max_depth': 15, 'min_samples_split': 9, 'min_samples_leaf': 5}. Best is trial 0 with value: 0.5.
[I 2026-04-13 13:05:46,452] Trial 6 finished with value: 0.4 and parameters: {'n_estimators': 477, 'max_depth': 17, 'min_samples_split': 10, 'min_samples_leaf': 2}. Best is trial 0 with value: 0.5.
[I 2026-04-13 13:05:46,832] Trial 7 finished with value: 0.5 and parameters: {'n_estimators': 308, 'max_depth': 20, 'min_samples_split': 7, 'min_samples_leaf': 9}. Best is trial 0 with value: 0.5.
[I 2026-04-13 13:05:47,502] Trial 8 finished with value: 0.5 and parameters: {'n_estimators': 489, 'max_depth': 6, 'min_samples_split': 4, 'min_samples_leaf': 9}. Best is trial 0 with value: 0.5.
[I 2026-04-13 13:05:48,072] Trial 9 finished with value: 0.25 and parameters: {'n_estimators': 463, 'max_depth': 16, 'min_samples_split': 5, 'min_samples_leaf': 5}. Best is trial 0 with value: 0.5.
[I 2026-04-13 13:05:48,397] Trial 10 finished with value: 0.35 and parameters: {'n_estimators': 233, 'max_depth': 11, 'min_samples_split': 2, 'min_samples_leaf': 1}. Best is trial 0 with value: 0.5.
[I 2026-04-13 13:05:48,577] Trial 11 finished with value: 0.5 and parameters: {'n_estimators': 100, 'max_depth': 10, 'min_samples_split': 2, 'min_samples_leaf': 7}. Best is trial 0 with value: 0.5.
[I 2026-04-13 13:05:48,762] Trial 12 finished with value: 0.5 and parameters: {'n_estimators': 113, 'max_depth': 9, 'min_samples_split': 3, 'min_samples_leaf': 10}. Best is trial 0 with value: 0.5.
[I 2026-04-13 13:05:49,069] Trial 13 finished with value: 0.3 and parameters: {'n_estimators': 196, 'max_depth': 12, 'min_samples_split': 4, 'min_samples_leaf': 4}. Best is trial 0 with value: 0.5.
[I 2026-04-13 13:05:49,544] Trial 14 finished with value: 0.55 and parameters: {'n_estimators': 351, 'max_depth': 8, 'min_samples_split': 7, 'min_samples_leaf': 1}. Best is trial 14 with value: 0.55.
[I 2026-04-13 13:05:49,990] Trial 15 finished with value: 0.5 and parameters: {'n_estimators': 363, 'max_depth': 13, 'min_samples_split': 7, 'min_samples_leaf': 1}. Best is trial 14 with value: 0.55.
[I 2026-04-13 13:05:50,547] Trial 16 finished with value: 0.4 and parameters: {'n_estimators': 380, 'max_depth': 7, 'min_samples_split': 7, 'min_samples_leaf': 3}. Best is trial 14 with value: 0.55.
[I 2026-04-13 13:05:51,062] Trial 17 finished with value: 0.45 and parameters: {'n_estimators': 335, 'max_depth': 3, 'min_samples_split': 8, 'min_samples_leaf': 2}. Best is trial 14 with value: 0.55.
[I 2026-04-13 13:05:51,631] Trial 18 finished with value: 0.5 and parameters: {'n_estimators': 397, 'max_depth': 8, 'min_samples_split': 6, 'min_samples_leaf': 3}. Best is trial 14 with value: 0.55.
[I 2026-04-13 13:05:51,956] Trial 19 finished with value: 0.5 and parameters: {'n_estimators': 261, 'max_depth': 13, 'min_samples_split': 9, 'min_samples_leaf': 1}. Best is trial 14 with value: 0.55.
[I 2026-04-13 13:05:52,278] Trial 20 finished with value: 0.5 and parameters: {'n_estimators': 180, 'max_depth': 18, 'min_samples_split': 5, 'min_samples_leaf': 2}. Best is trial 14 with value: 0.55.
[I 2026-04-13 13:05:52,494] Trial 21 finished with value: 0.35 and parameters: {'n_estimators': 142, 'max_depth': 10, 'min_samples_split': 3, 'min_samples_leaf': 6}. Best is trial 14 with value: 0.55.
[I 2026-04-13 13:05:53,050] Trial 22 finished with value: 0.25 and parameters: {'n_estimators': 415, 'max_depth': 5, 'min_samples_split': 8, 'min_samples_leaf': 4}. Best is trial 14 with value: 0.55.
[I 2026-04-13 13:05:53,365] Trial 23 finished with value: 0.5 and parameters: {'n_estimators': 220, 'max_depth': 8, 'min_samples_split': 4, 'min_samples_leaf': 7}. Best is trial 14 with value: 0.55.
[I 2026-04-13 13:05:53,607] Trial 24 finished with value: 0.5 and parameters: {'n_estimators': 133, 'max_depth': 12, 'min_samples_split': 6, 'min_samples_leaf': 10}. Best is trial 14 with value: 0.55.
[I 2026-04-13 13:05:53,976] Trial 25 finished with value: 0.25 and parameters: {'n_estimators': 292, 'max_depth': 10, 'min_samples_split': 3, 'min_samples_leaf': 4}. Best is trial 14 with value: 0.55.
[I 2026-04-13 13:05:54,263] Trial 26 finished with value: 0.5 and parameters: {'n_estimators': 179, 'max_depth': 14, 'min_samples_split': 7, 'min_samples_leaf': 2}. Best is trial 14 with value: 0.55.
[I 2026-04-13 13:05:54,693] Trial 27 finished with value: 0.5 and parameters: {'n_estimators': 339, 'max_depth': 8, 'min_samples_split': 10, 'min_samples_leaf': 8}. Best is trial 14 with value: 0.55.
[I 2026-04-13 13:05:55,222] Trial 28 finished with value: 0.4 and parameters: {'n_estimators': 285, 'max_depth': 5, 'min_samples_split': 5, 'min_samples_leaf': 1}. Best is trial 14 with value: 0.55.
[I 2026-04-13 13:05:55,662] Trial 29 finished with value: 0.35 and parameters: {'n_estimators': 165, 'max_depth': 11, 'min_samples_split': 6, 'min_samples_leaf': 3}. Best is trial 14 with value: 0.55.
[I 2026-04-13 13:05:57,312] A new study created in memory with name: mlp
[I 2026-04-13 13:05:57,440] Trial 0 finished with value: 0.55 and parameters: {'hidden_layer_sizes': (200,), 'max_iter': 100, 'alpha': 0.001}. Best is trial 0 with value: 0.55.
[I 2026-04-13 13:05:57,556] Trial 1 finished with value: 0.35 and parameters: {'hidden_layer_sizes': (100, 100), 'max_iter': 100, 'alpha': 0.0001}. Best is trial 0 with value: 0.55.
[I 2026-04-13 13:05:57,622] Trial 2 finished with value: 0.45 and parameters: {'hidden_layer_sizes': (100, 100), 'max_iter': 50, 'alpha': 0.0001}. Best is trial 0 with value: 0.55.
[I 2026-04-13 13:05:57,668] Trial 3 finished with value: 0.45 and parameters: {'hidden_layer_sizes': (200,), 'max_iter': 50, 'alpha': 0.0001}. Best is trial 0 with value: 0.55.
[I 2026-04-13 13:05:57,784] Trial 4 finished with value: 0.5 and parameters: {'hidden_layer_sizes': (200,), 'max_iter': 100, 'alpha': 0.001}. Best is trial 0 with value: 0.55.
[I 2026-04-13 13:05:57,870] Trial 5 finished with value: 0.5 and parameters: {'hidden_layer_sizes': (200,), 'max_iter': 100, 'alpha': 0.0001}. Best is trial 0 with value: 0.55.
[I 2026-04-13 13:05:57,946] Trial 6 finished with value: 0.35 and parameters: {'hidden_layer_sizes': (100, 100), 'max_iter': 100, 'alpha': 0.001}. Best is trial 0 with value: 0.55.
[I 2026-04-13 13:05:58,002] Trial 7 finished with value: 0.5 and parameters: {'hidden_layer_sizes': (200,), 'max_iter': 50, 'alpha': 0.001}. Best is trial 0 with value: 0.55.
[I 2026-04-13 13:05:58,069] Trial 8 finished with value: 0.5 and parameters: {'hidden_layer_sizes': (100,), 'max_iter': 100, 'alpha': 0.001}. Best is trial 0 with value: 0.55.
[I 2026-04-13 13:05:58,118] Trial 9 finished with value: 0.5 and parameters: {'hidden_layer_sizes': (200,), 'max_iter': 50, 'alpha': 0.001}. Best is trial 0 with value: 0.55.
[I 2026-04-13 13:05:58,198] Trial 10 finished with value: 0.45 and parameters: {'hidden_layer_sizes': (100,), 'max_iter': 100, 'alpha': 0.001}. Best is trial 0 with value: 0.55.
[I 2026-04-13 13:05:58,268] Trial 11 finished with value: 0.45 and parameters: {'hidden_layer_sizes': (200,), 'max_iter': 100, 'alpha': 0.001}. Best is trial 0 with value: 0.55.
[I 2026-04-13 13:05:58,338] Trial 12 finished with value: 0.5 and parameters: {'hidden_layer_sizes': (200,), 'max_iter': 100, 'alpha': 0.001}. Best is trial 0 with value: 0.55.
[I 2026-04-13 13:05:58,419] Trial 13 finished with value: 0.55 and parameters: {'hidden_layer_sizes': (200,), 'max_iter': 100, 'alpha': 0.001}. Best is trial 0 with value: 0.55.
[I 2026-04-13 13:05:58,487] Trial 14 finished with value: 0.55 and parameters: {'hidden_layer_sizes': (200,), 'max_iter': 100, 'alpha': 0.001}. Best is trial 0 with value: 0.55.
[I 2026-04-13 13:05:58,554] Trial 15 finished with value: 0.5 and parameters: {'hidden_layer_sizes': (100,), 'max_iter': 100, 'alpha': 0.001}. Best is trial 0 with value: 0.55.
[I 2026-04-13 13:05:58,621] Trial 16 finished with value: 0.5 and parameters: {'hidden_layer_sizes': (200,), 'max_iter': 100, 'alpha': 0.001}. Best is trial 0 with value: 0.55.
[I 2026-04-13 13:05:58,682] Trial 17 finished with value: 0.5 and parameters: {'hidden_layer_sizes': (200,), 'max_iter': 100, 'alpha': 0.001}. Best is trial 0 with value: 0.55.
[I 2026-04-13 13:05:58,739] Trial 18 finished with value: 0.5 and parameters: {'hidden_layer_sizes': (100, 100), 'max_iter': 50, 'alpha': 0.0001}. Best is trial 0 with value: 0.55.
[I 2026-04-13 13:05:58,797] Trial 19 finished with value: 0.55 and parameters: {'hidden_layer_sizes': (100,), 'max_iter': 100, 'alpha': 0.001}. Best is trial 0 with value: 0.55.
[I 2026-04-13 13:05:58,865] Trial 20 finished with value: 0.45 and parameters: {'hidden_layer_sizes': (200,), 'max_iter': 100, 'alpha': 0.001}. Best is trial 0 with value: 0.55.
[I 2026-04-13 13:05:58,935] Trial 21 finished with value: 0.5 and parameters: {'hidden_layer_sizes': (200,), 'max_iter': 100, 'alpha': 0.001}. Best is trial 0 with value: 0.55.
[I 2026-04-13 13:05:59,006] Trial 22 finished with value: 0.55 and parameters: {'hidden_layer_sizes': (200,), 'max_iter': 100, 'alpha': 0.001}. Best is trial 0 with value: 0.55.
[I 2026-04-13 13:05:59,083] Trial 23 finished with value: 0.55 and parameters: {'hidden_layer_sizes': (200,), 'max_iter': 100, 'alpha': 0.001}. Best is trial 0 with value: 0.55.
[I 2026-04-13 13:05:59,151] Trial 24 finished with value: 0.5 and parameters: {'hidden_layer_sizes': (200,), 'max_iter': 100, 'alpha': 0.001}. Best is trial 0 with value: 0.55.
[I 2026-04-13 13:05:59,211] Trial 25 finished with value: 0.55 and parameters: {'hidden_layer_sizes': (200,), 'max_iter': 100, 'alpha': 0.001}. Best is trial 0 with value: 0.55.
[I 2026-04-13 13:05:59,265] Trial 26 finished with value: 0.5 and parameters: {'hidden_layer_sizes': (200,), 'max_iter': 50, 'alpha': 0.0001}. Best is trial 0 with value: 0.55.
[I 2026-04-13 13:05:59,334] Trial 27 finished with value: 0.45 and parameters: {'hidden_layer_sizes': (200,), 'max_iter': 100, 'alpha': 0.001}. Best is trial 0 with value: 0.55.
[I 2026-04-13 13:05:59,392] Trial 28 finished with value: 0.45 and parameters: {'hidden_layer_sizes': (100,), 'max_iter': 100, 'alpha': 0.001}. Best is trial 0 with value: 0.55.
[I 2026-04-13 13:05:59,460] Trial 29 finished with value: 0.35 and parameters: {'hidden_layer_sizes': (100, 100), 'max_iter': 100, 'alpha': 0.0001}. Best is trial 0 with value: 0.55.
[I 2026-04-13 13:06:01,884] A new study created in memory with name: naive_bayes
[I 2026-04-13 13:06:01,898] Trial 0 finished with value: 0.45 and parameters: {'var_smoothing': 1.0489343501429862e-10}. Best is trial 0 with value: 0.45.
[I 2026-04-13 13:06:01,910] Trial 1 finished with value: 0.45 and parameters: {'var_smoothing': 1.0086701860885373e-09}. Best is trial 0 with value: 0.45.
[I 2026-04-13 13:06:01,922] Trial 2 finished with value: 0.45 and parameters: {'var_smoothing': 9.807235097598006e-10}. Best is trial 0 with value: 0.45.
[I 2026-04-13 13:06:01,934] Trial 3 finished with value: 0.45 and parameters: {'var_smoothing': 1.8520770828517824e-10}. Best is trial 0 with value: 0.45.
[I 2026-04-13 13:06:01,946] Trial 4 finished with value: 0.45 and parameters: {'var_smoothing': 1.9240757716714087e-10}. Best is trial 0 with value: 0.45.
[I 2026-04-13 13:06:01,958] Trial 5 finished with value: 0.45 and parameters: {'var_smoothing': 2.736007926537145e-10}. Best is trial 0 with value: 0.45.
[I 2026-04-13 13:06:01,970] Trial 6 finished with value: 0.45 and parameters: {'var_smoothing': 6.87094324185739e-10}. Best is trial 0 with value: 0.45.
[I 2026-04-13 13:06:01,984] Trial 7 finished with value: 0.45 and parameters: {'var_smoothing': 3.134745855231349e-10}. Best is trial 0 with value: 0.45.
[I 2026-04-13 13:06:01,997] Trial 8 finished with value: 0.45 and parameters: {'var_smoothing': 1.4727170077821783e-10}. Best is trial 0 with value: 0.45.
[I 2026-04-13 13:06:02,009] Trial 9 finished with value: 0.45 and parameters: {'var_smoothing': 4.909048017047017e-10}. Best is trial 0 with value: 0.45.
[I 2026-04-13 13:06:02,029] Trial 10 finished with value: 0.45 and parameters: {'var_smoothing': 4.226228455594519e-09}. Best is trial 0 with value: 0.45.
[I 2026-04-13 13:06:02,056] Trial 11 finished with value: 0.45 and parameters: {'var_smoothing': 2.8481546791169343e-09}. Best is trial 0 with value: 0.45.
[I 2026-04-13 13:06:02,071] Trial 12 finished with value: 0.45 and parameters: {'var_smoothing': 1.9032336526904254e-09}. Best is trial 0 with value: 0.45.
[I 2026-04-13 13:06:02,086] Trial 13 finished with value: 0.45 and parameters: {'var_smoothing': 1.6192707465333408e-09}. Best is trial 0 with value: 0.45.
[I 2026-04-13 13:06:02,104] Trial 14 finished with value: 0.45 and parameters: {'var_smoothing': 1.0137193502251743e-10}. Best is trial 0 with value: 0.45.
[I 2026-04-13 13:06:02,119] Trial 15 finished with value: 0.45 and parameters: {'var_smoothing': 7.233291262560306e-09}. Best is trial 0 with value: 0.45.
[I 2026-04-13 13:06:02,145] Trial 16 finished with value: 0.45 and parameters: {'var_smoothing': 5.636880428096003e-10}. Best is trial 0 with value: 0.45.
[I 2026-04-13 13:06:02,161] Trial 17 finished with value: 0.45 and parameters: {'var_smoothing': 1.2682382630515742e-09}. Best is trial 0 with value: 0.45.
[I 2026-04-13 13:06:02,177] Trial 18 finished with value: 0.45 and parameters: {'var_smoothing': 3.934685686653308e-10}. Best is trial 0 with value: 0.45.
[I 2026-04-13 13:06:02,193] Trial 19 finished with value: 0.45 and parameters: {'var_smoothing': 8.419551297505738e-10}. Best is trial 0 with value: 0.45.
[I 2026-04-13 13:06:02,213] Trial 20 finished with value: 0.45 and parameters: {'var_smoothing': 2.608399883647147e-09}. Best is trial 0 with value: 0.45.
[I 2026-04-13 13:06:02,230] Trial 21 finished with value: 0.45 and parameters: {'var_smoothing': 1.1043065925699652e-09}. Best is trial 0 with value: 0.45.
[I 2026-04-13 13:06:02,256] Trial 22 finished with value: 0.45 and parameters: {'var_smoothing': 7.818254747144452e-09}. Best is trial 0 with value: 0.45.
[I 2026-04-13 13:06:02,274] Trial 23 finished with value: 0.45 and parameters: {'var_smoothing': 4.506881416225629e-09}. Best is trial 0 with value: 0.45.
[I 2026-04-13 13:06:02,293] Trial 24 finished with value: 0.45 and parameters: {'var_smoothing': 8.370195589160265e-10}. Best is trial 0 with value: 0.45.
[I 2026-04-13 13:06:02,313] Trial 25 finished with value: 0.45 and parameters: {'var_smoothing': 1.4246564400615985e-09}. Best is trial 0 with value: 0.45.
[I 2026-04-13 13:06:02,333] Trial 26 finished with value: 0.45 and parameters: {'var_smoothing': 1.055993505169999e-10}. Best is trial 0 with value: 0.45.
[I 2026-04-13 13:06:02,349] Trial 27 finished with value: 0.45 and parameters: {'var_smoothing': 2.338070103551991e-09}. Best is trial 0 with value: 0.45.
[I 2026-04-13 13:06:02,370] Trial 28 finished with value: 0.45 and parameters: {'var_smoothing': 2.9749637796955326e-10}. Best is trial 0 with value: 0.45.
[I 2026-04-13 13:06:02,388] Trial 29 finished with value: 0.45 and parameters: {'var_smoothing': 2.1414596138226606e-10}. Best is trial 0 with value: 0.45.
[I 2026-04-13 13:06:02,423] A new study created in memory with name: logreg
[I 2026-04-13 13:06:02,437] Trial 0 finished with value: 0.45 and parameters: {'C': 0.0011268620922535318, 'penalty': 'l2'}. Best is trial 0 with value: 0.45.
[I 2026-04-13 13:06:02,467] Trial 1 finished with value: 0.4 and parameters: {'C': 0.32312678588710475, 'penalty': 'l2'}. Best is trial 0 with value: 0.45.
[I 2026-04-13 13:06:02,490] Trial 2 finished with value: 0.4 and parameters: {'C': 0.3012079745112611, 'penalty': 'l2'}. Best is trial 0 with value: 0.45.
[I 2026-04-13 13:06:02,516] Trial 3 finished with value: 0.45 and parameters: {'C': 0.004668180550042529, 'penalty': 'l2'}. Best is trial 0 with value: 0.45.
[I 2026-04-13 13:06:02,529] Trial 4 finished with value: 0.45 and parameters: {'C': 0.005135177115384908, 'penalty': 'l2'}. Best is trial 0 with value: 0.45.
[I 2026-04-13 13:06:02,552] Trial 5 finished with value: 0.45 and parameters: {'C': 0.01238207351349697, 'penalty': 'l2'}. Best is trial 0 with value: 0.45.
[I 2026-04-13 13:06:02,566] Trial 6 finished with value: 0.5 and parameters: {'C': 0.12374877330306278, 'penalty': 'l2'}. Best is trial 6 with value: 0.5.
[I 2026-04-13 13:06:02,580] Trial 7 finished with value: 0.45 and parameters: {'C': 0.017398261017749217, 'penalty': 'l2'}. Best is trial 6 with value: 0.5.
[I 2026-04-13 13:06:02,605] Trial 8 finished with value: 0.45 and parameters: {'C': 0.002632074973627294, 'penalty': 'l2'}. Best is trial 6 with value: 0.5.
[I 2026-04-13 13:06:02,630] Trial 9 finished with value: 0.5 and parameters: {'C': 0.053394091359671186, 'penalty': 'l2'}. Best is trial 6 with value: 0.5.
[I 2026-04-13 13:06:02,671] Trial 10 finished with value: 0.3 and parameters: {'C': 31.773366862204433, 'penalty': 'l2'}. Best is trial 6 with value: 0.5.
[I 2026-04-13 13:06:02,701] Trial 11 finished with value: 0.45 and parameters: {'C': 0.175030019271093, 'penalty': 'l2'}. Best is trial 6 with value: 0.5.
