[I 2026-04-09 21:45:42,547] Trial 29 finished with value: 0.7 and parameters: {'hidden_layer_sizes': (100,), 'max_iter': 50, 'alpha': 0.001}. Best is trial 27 with value: 0.875.
[I 2026-04-09 22:00:36,081] A new study created in memory with name: naive_bayes
Parámetros guardados en checkpoint_paysim_Doriginal_I/ag/IPC_20/best_models_ag_seed_7_space_original/naive_bayes_best_params.json


>>> Optuna tuning logreg metodo ag IPC 20 seed 7


Parámetros guardados en checkpoint_paysim_Doriginal_I/ag/IPC_20/best_models_ag_seed_7_space_original/logreg_best_params.json


>>> Optuna tuning knn metodo ag IPC 20 seed 7


Parámetros guardados en checkpoint_paysim_Doriginal_I/ag/IPC_20/best_models_ag_seed_7_space_original/knn_best_params.json


>>> Optuna tuning xgb metodo ag IPC 20 seed 7


Parámetros guardados en checkpoint_paysim_Doriginal_I/ag/IPC_20/best_models_ag_seed_7_space_original/xgb_best_params.json


>>> Optuna tuning rf metodo ag IPC 20 seed 7


Parámetros guardados en checkpoint_paysim_Doriginal_I/ag/IPC_20/best_models_ag_seed_7_space_original/rf_best_params.json


>>> Optuna tuning mlp metodo ag IPC 20 seed 7


Parámetros guardados en checkpoint_paysim_Doriginal_I/ag/IPC_20/best_models_ag_seed_7_space_original/mlp_best_params.json


>>> Optuna tuning naive_bayes metodo k_center IPC 20 seed 7


Parámetros guardados en checkpoint_paysim_Doriginal_I/k_center/IPC_20/best_models_k_center_seed_7_space_original/naive_bayes_best_params.json


>>> Optuna tuning logreg metodo k_center IPC 20 seed 7


Parámetros guardados en checkpoint_paysim_Doriginal_I/k_center/IPC_20/best_models_k_center_seed_7_space_original/logreg_best_params.json


>>> Optuna tuning knn metodo k_center IPC 20 seed 7


Parámetros guardados en checkpoint_paysim_Doriginal_I/k_center/IPC_20/best_models_k_center_seed_7_space_original/knn_best_params.json


>>> Optuna tuning xgb metodo k_center IPC 20 seed 7


Parámetros guardados en checkpoint_paysim_Doriginal_I/k_center/IPC_20/best_models_k_center_seed_7_space_original/xgb_best_params.json


>>> Optuna tuning rf metodo k_center IPC 20 seed 7


Parámetros guardados en checkpoint_paysim_Doriginal_I/k_center/IPC_20/best_models_k_center_seed_7_space_original/rf_best_params.json


>>> Optuna tuning mlp metodo k_center IPC 20 seed 7


Parámetros guardados en checkpoint_paysim_Doriginal_I/k_center/IPC_20/best_models_k_center_seed_7_space_original/mlp_best_params.json


>>> Optuna tuning naive_bayes metodo lc IPC 20 seed 7


Parámetros guardados en checkpoint_paysim_Doriginal_I/lc/IPC_20/best_models_lc_seed_7_space_original/naive_bayes_best_params.json


>>> Optuna tuning logreg metodo lc IPC 20 seed 7


Parámetros guardados en checkpoint_paysim_Doriginal_I/lc/IPC_20/best_models_lc_seed_7_space_original/logreg_best_params.json


>>> Optuna tuning knn metodo lc IPC 20 seed 7


Parámetros guardados en checkpoint_paysim_Doriginal_I/lc/IPC_20/best_models_lc_seed_7_space_original/knn_best_params.json


>>> Optuna tuning xgb metodo lc IPC 20 seed 7


Parámetros guardados en checkpoint_paysim_Doriginal_I/lc/IPC_20/best_models_lc_seed_7_space_original/xgb_best_params.json


>>> Optuna tuning rf metodo lc IPC 20 seed 7


Parámetros guardados en checkpoint_paysim_Doriginal_I/lc/IPC_20/best_models_lc_seed_7_space_original/rf_best_params.json


>>> Optuna tuning mlp metodo lc IPC 20 seed 7


Parámetros guardados en checkpoint_paysim_Doriginal_I/lc/IPC_20/best_models_lc_seed_7_space_original/mlp_best_params.json


>>> Optuna tuning naive_bayes metodo random IPC 20 seed 8


Parámetros guardados en checkpoint_paysim_Doriginal_I/random/IPC_20/best_models_random_seed_8_space_original/naive_bayes_best_params.json


>>> Optuna tuning logreg metodo random IPC 20 seed 8


Parámetros guardados en checkpoint_paysim_Doriginal_I/random/IPC_20/best_models_random_seed_8_space_original/logreg_best_params.json


>>> Optuna tuning knn metodo random IPC 20 seed 8


Parámetros guardados en checkpoint_paysim_Doriginal_I/random/IPC_20/best_models_random_seed_8_space_original/knn_best_params.json


>>> Optuna tuning xgb metodo random IPC 20 seed 8


Parámetros guardados en checkpoint_paysim_Doriginal_I/random/IPC_20/best_models_random_seed_8_space_original/xgb_best_params.json


>>> Optuna tuning rf metodo random IPC 20 seed 8


Parámetros guardados en checkpoint_paysim_Doriginal_I/random/IPC_20/best_models_random_seed_8_space_original/rf_best_params.json


>>> Optuna tuning mlp metodo random IPC 20 seed 8


Parámetros guardados en checkpoint_paysim_Doriginal_I/random/IPC_20/best_models_random_seed_8_space_original/mlp_best_params.json


>>> Optuna tuning naive_bayes metodo k-means IPC 20 seed 8


Parámetros guardados en checkpoint_paysim_Doriginal_I/k-means/IPC_20/best_models_k-means_seed_8_space_original/naive_bayes_best_params.json


>>> Optuna tuning logreg metodo k-means IPC 20 seed 8


Parámetros guardados en checkpoint_paysim_Doriginal_I/k-means/IPC_20/best_models_k-means_seed_8_space_original/logreg_best_params.json


>>> Optuna tuning knn metodo k-means IPC 20 seed 8


Parámetros guardados en checkpoint_paysim_Doriginal_I/k-means/IPC_20/best_models_k-means_seed_8_space_original/knn_best_params.json


>>> Optuna tuning xgb metodo k-means IPC 20 seed 8


Parámetros guardados en checkpoint_paysim_Doriginal_I/k-means/IPC_20/best_models_k-means_seed_8_space_original/xgb_best_params.json


>>> Optuna tuning rf metodo k-means IPC 20 seed 8


Parámetros guardados en checkpoint_paysim_Doriginal_I/k-means/IPC_20/best_models_k-means_seed_8_space_original/rf_best_params.json


>>> Optuna tuning mlp metodo k-means IPC 20 seed 8


Parámetros guardados en checkpoint_paysim_Doriginal_I/k-means/IPC_20/best_models_k-means_seed_8_space_original/mlp_best_params.json


>>> Optuna tuning naive_bayes metodo ag IPC 20 seed 8


[I 2026-04-09 22:00:38,833] Trial 0 finished with value: 0.75 and parameters: {'var_smoothing': 5.582886587978182e-09}. Best is trial 0 with value: 0.75.
[I 2026-04-09 22:00:41,288] Trial 1 finished with value: 0.75 and parameters: {'var_smoothing': 8.651299071518215e-09}. Best is trial 0 with value: 0.75.
[I 2026-04-09 22:00:43,797] Trial 2 finished with value: 0.75 and parameters: {'var_smoothing': 5.475062490474489e-09}. Best is trial 0 with value: 0.75.
[I 2026-04-09 22:00:46,446] Trial 3 finished with value: 0.75 and parameters: {'var_smoothing': 1.1526869678723134e-09}. Best is trial 0 with value: 0.75.
[I 2026-04-09 22:00:48,961] Trial 4 finished with value: 0.75 and parameters: {'var_smoothing': 2.920496270341785e-10}. Best is trial 0 with value: 0.75.
[I 2026-04-09 22:00:51,506] Trial 5 finished with value: 0.75 and parameters: {'var_smoothing': 1.0538956417705805e-10}. Best is trial 0 with value: 0.75.
[I 2026-04-09 22:00:54,081] Trial 6 finished with value: 0.75 and parameters: {'var_smoothing': 7.260016982331591e-10}. Best is trial 0 with value: 0.75.
[I 2026-04-09 22:00:56,638] Trial 7 finished with value: 0.75 and parameters: {'var_smoothing': 6.378267364653917e-10}. Best is trial 0 with value: 0.75.
[I 2026-04-09 22:00:59,165] Trial 8 finished with value: 0.75 and parameters: {'var_smoothing': 1.1100673847791952e-09}. Best is trial 0 with value: 0.75.
[I 2026-04-09 22:01:01,613] Trial 9 finished with value: 0.75 and parameters: {'var_smoothing': 9.052813879088377e-10}. Best is trial 0 with value: 0.75.
[I 2026-04-09 22:01:04,113] Trial 10 finished with value: 0.75 and parameters: {'var_smoothing': 3.20543606083287e-09}. Best is trial 0 with value: 0.75.
[I 2026-04-09 22:01:06,698] Trial 11 finished with value: 0.75 and parameters: {'var_smoothing': 8.433965140342417e-09}. Best is trial 0 with value: 0.75.
[I 2026-04-09 22:01:09,181] Trial 12 finished with value: 0.75 and parameters: {'var_smoothing': 2.860874278982245e-09}. Best is trial 0 with value: 0.75.
[I 2026-04-09 22:01:09,200] Trial 13 finished with value: 0.75 and parameters: {'var_smoothing': 9.270349036178526e-09}. Best is trial 0 with value: 0.75.
[I 2026-04-09 22:01:09,218] Trial 14 finished with value: 0.75 and parameters: {'var_smoothing': 3.13069447640915e-09}. Best is trial 0 with value: 0.75.
[I 2026-04-09 22:01:09,235] Trial 15 finished with value: 0.75 and parameters: {'var_smoothing': 5.223604886811285e-09}. Best is trial 0 with value: 0.75.
[I 2026-04-09 22:01:09,253] Trial 16 finished with value: 0.75 and parameters: {'var_smoothing': 2.0295724993447026e-09}. Best is trial 0 with value: 0.75.
[I 2026-04-09 22:01:09,275] Trial 17 finished with value: 0.75 and parameters: {'var_smoothing': 5.880433102756661e-09}. Best is trial 0 with value: 0.75.
[I 2026-04-09 22:01:09,292] Trial 18 finished with value: 0.75 and parameters: {'var_smoothing': 1.6980964875204416e-09}. Best is trial 0 with value: 0.75.
[I 2026-04-09 22:01:09,313] Trial 19 finished with value: 0.75 and parameters: {'var_smoothing': 4.2955625192244405e-09}. Best is trial 0 with value: 0.75.
[I 2026-04-09 22:01:09,336] Trial 20 finished with value: 0.75 and parameters: {'var_smoothing': 9.833771947222685e-09}. Best is trial 0 with value: 0.75.
[I 2026-04-09 22:01:09,364] Trial 21 finished with value: 0.75 and parameters: {'var_smoothing': 6.0482464086364635e-09}. Best is trial 0 with value: 0.75.
[I 2026-04-09 22:01:09,395] Trial 22 finished with value: 0.75 and parameters: {'var_smoothing': 4.537628481410357e-09}. Best is trial 0 with value: 0.75.
[I 2026-04-09 22:01:09,437] Trial 23 finished with value: 0.75 and parameters: {'var_smoothing': 6.750528289210463e-09}. Best is trial 0 with value: 0.75.
[I 2026-04-09 22:01:09,470] Trial 24 finished with value: 0.75 and parameters: {'var_smoothing': 2.2780337647355764e-09}. Best is trial 0 with value: 0.75.
[I 2026-04-09 22:01:09,489] Trial 25 finished with value: 0.75 and parameters: {'var_smoothing': 3.986918574074946e-09}. Best is trial 0 with value: 0.75.
[I 2026-04-09 22:01:09,506] Trial 26 finished with value: 0.75 and parameters: {'var_smoothing': 1.7707565248297843e-09}. Best is trial 0 with value: 0.75.
[I 2026-04-09 22:01:09,523] Trial 27 finished with value: 0.75 and parameters: {'var_smoothing': 6.732492847962814e-09}. Best is trial 0 with value: 0.75.
[I 2026-04-09 22:01:09,553] Trial 28 finished with value: 0.75 and parameters: {'var_smoothing': 3.8684773890893174e-10}. Best is trial 0 with value: 0.75.
[I 2026-04-09 22:01:09,592] Trial 29 finished with value: 0.75 and parameters: {'var_smoothing': 1.5480090897085013e-09}. Best is trial 0 with value: 0.75.
[I 2026-04-09 22:01:10,798] A new study created in memory with name: logreg
[I 2026-04-09 22:01:10,863] Trial 0 finished with value: 0.85 and parameters: {'C': 23.288794782471303, 'penalty': 'l2'}. Best is trial 0 with value: 0.85.
[I 2026-04-09 22:01:10,927] Trial 1 finished with value: 0.875 and parameters: {'C': 69.61507800412923, 'penalty': 'l2'}. Best is trial 1 with value: 0.875.
[I 2026-04-09 22:01:10,997] Trial 2 finished with value: 0.85 and parameters: {'C': 22.180569925473442, 'penalty': 'l2'}. Best is trial 1 with value: 0.875.
[I 2026-04-09 22:01:11,051] Trial 3 finished with value: 0.75 and parameters: {'C': 0.4511058486037652, 'penalty': 'l2'}. Best is trial 1 with value: 0.875.
[I 2026-04-09 22:01:11,105] Trial 4 finished with value: 0.525 and parameters: {'C': 0.014576110093994574, 'penalty': 'l2'}. Best is trial 1 with value: 0.875.
[I 2026-04-09 22:01:11,163] Trial 5 finished with value: 0.375 and parameters: {'C': 0.0011402340906886685, 'penalty': 'l2'}. Best is trial 1 with value: 0.875.
[I 2026-04-09 22:01:11,219] Trial 6 finished with value: 0.75 and parameters: {'C': 0.14201822862985758, 'penalty': 'l2'}. Best is trial 1 with value: 0.875.
[I 2026-04-09 22:01:11,285] Trial 7 finished with value: 0.775 and parameters: {'C': 0.1027440782219989, 'penalty': 'l2'}. Best is trial 1 with value: 0.875.
[I 2026-04-09 22:01:11,356] Trial 8 finished with value: 0.75 and parameters: {'C': 0.41055690122086846, 'penalty': 'l2'}. Best is trial 1 with value: 0.875.
[I 2026-04-09 22:01:11,404] Trial 9 finished with value: 0.75 and parameters: {'C': 0.24658064201770763, 'penalty': 'l2'}. Best is trial 1 with value: 0.875.
[I 2026-04-09 22:01:11,480] Trial 10 finished with value: 0.875 and parameters: {'C': 92.46141821928147, 'penalty': 'l2'}. Best is trial 1 with value: 0.875.
[I 2026-04-09 22:01:11,540] Trial 11 finished with value: 0.875 and parameters: {'C': 65.87674766828499, 'penalty': 'l2'}. Best is trial 1 with value: 0.875.
[I 2026-04-09 22:01:11,582] Trial 12 finished with value: 0.8 and parameters: {'C': 3.835078223030007, 'penalty': 'l2'}. Best is trial 1 with value: 0.875.
[I 2026-04-09 22:01:11,622] Trial 13 finished with value: 0.8 and parameters: {'C': 5.213385184611433, 'penalty': 'l2'}. Best is trial 1 with value: 0.875.
[I 2026-04-09 22:01:11,662] Trial 14 finished with value: 0.875 and parameters: {'C': 86.3055046696311, 'penalty': 'l2'}. Best is trial 1 with value: 0.875.
[I 2026-04-09 22:01:11,697] Trial 15 finished with value: 0.8 and parameters: {'C': 3.4113487923835675, 'penalty': 'l2'}. Best is trial 1 with value: 0.875.
[I 2026-04-09 22:01:11,725] Trial 16 finished with value: 0.85 and parameters: {'C': 14.431150299720267, 'penalty': 'l2'}. Best is trial 1 with value: 0.875.
[I 2026-04-09 22:01:11,750] Trial 17 finished with value: 0.775 and parameters: {'C': 1.3731515929933007, 'penalty': 'l2'}. Best is trial 1 with value: 0.875.
[I 2026-04-09 22:01:11,776] Trial 18 finished with value: 0.875 and parameters: {'C': 93.43196015912538, 'penalty': 'l2'}. Best is trial 1 with value: 0.875.
[I 2026-04-09 22:01:11,807] Trial 19 finished with value: 0.825 and parameters: {'C': 11.518589054514726, 'penalty': 'l2'}. Best is trial 1 with value: 0.875.
[I 2026-04-09 22:01:11,828] Trial 20 finished with value: 0.725 and parameters: {'C': 0.033272546261716475, 'penalty': 'l2'}. Best is trial 1 with value: 0.875.
[I 2026-04-09 22:01:11,858] Trial 21 finished with value: 0.875 and parameters: {'C': 51.07554324002401, 'penalty': 'l2'}. Best is trial 1 with value: 0.875.
[I 2026-04-09 22:01:11,884] Trial 22 finished with value: 0.85 and parameters: {'C': 40.084316532165936, 'penalty': 'l2'}. Best is trial 1 with value: 0.875.
[I 2026-04-09 22:01:11,925] Trial 23 finished with value: 0.825 and parameters: {'C': 9.205606961133883, 'penalty': 'l2'}. Best is trial 1 with value: 0.875.
[I 2026-04-09 22:01:11,956] Trial 24 finished with value: 0.75 and parameters: {'C': 1.192523541488648, 'penalty': 'l2'}. Best is trial 1 with value: 0.875.
[I 2026-04-09 22:01:11,987] Trial 25 finished with value: 0.875 and parameters: {'C': 99.90615121845553, 'penalty': 'l2'}. Best is trial 1 with value: 0.875.
[I 2026-04-09 22:01:12,018] Trial 26 finished with value: 0.85 and parameters: {'C': 37.624083380080044, 'penalty': 'l2'}. Best is trial 1 with value: 0.875.
[I 2026-04-09 22:01:12,046] Trial 27 finished with value: 0.775 and parameters: {'C': 1.7034206738364657, 'penalty': 'l2'}. Best is trial 1 with value: 0.875.
[I 2026-04-09 22:01:12,085] Trial 28 finished with value: 0.825 and parameters: {'C': 9.382093166290412, 'penalty': 'l2'}. Best is trial 1 with value: 0.875.
[I 2026-04-09 22:01:12,126] Trial 29 finished with value: 0.85 and parameters: {'C': 27.81521472177772, 'penalty': 'l2'}. Best is trial 1 with value: 0.875.
[I 2026-04-09 22:01:13,178] A new study created in memory with name: knn
[I 2026-04-09 22:01:13,223] Trial 0 finished with value: 0.65 and parameters: {'n_neighbors': 9, 'leaf_size': 40, 'p': 1}. Best is trial 0 with value: 0.65.
[I 2026-04-09 22:01:13,278] Trial 1 finished with value: 0.75 and parameters: {'n_neighbors': 4, 'leaf_size': 20, 'p': 1}. Best is trial 1 with value: 0.75.
[I 2026-04-09 22:01:13,323] Trial 2 finished with value: 0.675 and parameters: {'n_neighbors': 7, 'leaf_size': 30, 'p': 1}. Best is trial 1 with value: 0.75.
[I 2026-04-09 22:01:13,373] Trial 3 finished with value: 0.65 and parameters: {'n_neighbors': 9, 'leaf_size': 34, 'p': 1}. Best is trial 1 with value: 0.75.
[I 2026-04-09 22:01:13,410] Trial 4 finished with value: 0.675 and parameters: {'n_neighbors': 5, 'leaf_size': 40, 'p': 1}. Best is trial 1 with value: 0.75.
[I 2026-04-09 22:01:13,456] Trial 5 finished with value: 0.6 and parameters: {'n_neighbors': 3, 'leaf_size': 40, 'p': 2}. Best is trial 1 with value: 0.75.
[I 2026-04-09 22:01:13,491] Trial 6 finished with value: 0.6 and parameters: {'n_neighbors': 3, 'leaf_size': 24, 'p': 2}. Best is trial 1 with value: 0.75.
[I 2026-04-09 22:01:13,538] Trial 7 finished with value: 0.575 and parameters: {'n_neighbors': 5, 'leaf_size': 40, 'p': 2}. Best is trial 1 with value: 0.75.
[I 2026-04-09 22:01:13,585] Trial 8 finished with value: 0.675 and parameters: {'n_neighbors': 6, 'leaf_size': 36, 'p': 1}. Best is trial 1 with value: 0.75.
[I 2026-04-09 22:01:13,632] Trial 9 finished with value: 0.675 and parameters: {'n_neighbors': 6, 'leaf_size': 25, 'p': 1}. Best is trial 1 with value: 0.75.
[I 2026-04-09 22:01:13,703] Trial 10 finished with value: 0.675 and parameters: {'n_neighbors': 4, 'leaf_size': 22, 'p': 2}. Best is trial 1 with value: 0.75.
[I 2026-04-09 22:01:13,757] Trial 11 finished with value: 0.675 and parameters: {'n_neighbors': 8, 'leaf_size': 29, 'p': 1}. Best is trial 1 with value: 0.75.
[I 2026-04-09 22:01:13,781] Trial 12 finished with value: 0.675 and parameters: {'n_neighbors': 7, 'leaf_size': 20, 'p': 1}. Best is trial 1 with value: 0.75.
[I 2026-04-09 22:01:13,804] Trial 13 finished with value: 0.675 and parameters: {'n_neighbors': 7, 'leaf_size': 27, 'p': 1}. Best is trial 1 with value: 0.75.
[I 2026-04-09 22:01:13,829] Trial 14 finished with value: 0.65 and parameters: {'n_neighbors': 10, 'leaf_size': 32, 'p': 1}. Best is trial 1 with value: 0.75.
[I 2026-04-09 22:01:13,861] Trial 15 finished with value: 0.675 and parameters: {'n_neighbors': 5, 'leaf_size': 29, 'p': 1}. Best is trial 1 with value: 0.75.
[I 2026-04-09 22:01:13,886] Trial 16 finished with value: 0.675 and parameters: {'n_neighbors': 8, 'leaf_size': 20, 'p': 1}. Best is trial 1 with value: 0.75.
[I 2026-04-09 22:01:13,912] Trial 17 finished with value: 0.75 and parameters: {'n_neighbors': 4, 'leaf_size': 36, 'p': 1}. Best is trial 1 with value: 0.75.
[I 2026-04-09 22:01:13,935] Trial 18 finished with value: 0.675 and parameters: {'n_neighbors': 4, 'leaf_size': 36, 'p': 2}. Best is trial 1 with value: 0.75.
[I 2026-04-09 22:01:13,961] Trial 19 finished with value: 0.75 and parameters: {'n_neighbors': 4, 'leaf_size': 33, 'p': 1}. Best is trial 1 with value: 0.75.
[I 2026-04-09 22:01:13,996] Trial 20 finished with value: 0.65 and parameters: {'n_neighbors': 3, 'leaf_size': 37, 'p': 1}. Best is trial 1 with value: 0.75.
[I 2026-04-09 22:01:14,019] Trial 21 finished with value: 0.75 and parameters: {'n_neighbors': 4, 'leaf_size': 33, 'p': 1}. Best is trial 1 with value: 0.75.
[I 2026-04-09 22:01:14,044] Trial 22 finished with value: 0.75 and parameters: {'n_neighbors': 4, 'leaf_size': 32, 'p': 1}. Best is trial 1 with value: 0.75.
[I 2026-04-09 22:01:14,067] Trial 23 finished with value: 0.675 and parameters: {'n_neighbors': 5, 'leaf_size': 35, 'p': 1}. Best is trial 1 with value: 0.75.
[I 2026-04-09 22:01:14,091] Trial 24 finished with value: 0.65 and parameters: {'n_neighbors': 3, 'leaf_size': 38, 'p': 1}. Best is trial 1 with value: 0.75.
[I 2026-04-09 22:01:14,116] Trial 25 finished with value: 0.75 and parameters: {'n_neighbors': 4, 'leaf_size': 27, 'p': 1}. Best is trial 1 with value: 0.75.
[I 2026-04-09 22:01:14,154] Trial 26 finished with value: 0.575 and parameters: {'n_neighbors': 6, 'leaf_size': 32, 'p': 2}. Best is trial 1 with value: 0.75.
[I 2026-04-09 22:01:14,199] Trial 27 finished with value: 0.675 and parameters: {'n_neighbors': 5, 'leaf_size': 34, 'p': 1}. Best is trial 1 with value: 0.75.
[I 2026-04-09 22:01:14,225] Trial 28 finished with value: 0.75 and parameters: {'n_neighbors': 4, 'leaf_size': 27, 'p': 1}. Best is trial 1 with value: 0.75.
[I 2026-04-09 22:01:14,275] Trial 29 finished with value: 0.65 and parameters: {'n_neighbors': 3, 'leaf_size': 31, 'p': 1}. Best is trial 1 with value: 0.75.
[I 2026-04-09 22:01:15,789] A new study created in memory with name: xgb
[I 2026-04-09 22:01:15,847] Trial 0 finished with value: 0.95 and parameters: {'n_estimators': 40, 'max_depth': 5, 'gamma': 0.4874219364632415, 'subsample': 0.7011756800186824, 'colsample_bytree': 0.7613373356762848}. Best is trial 0 with value: 0.95.
[I 2026-04-09 22:01:15,903] Trial 1 finished with value: 0.95 and parameters: {'n_estimators': 40, 'max_depth': 5, 'gamma': 0.483482593428573, 'subsample': 0.6445375140090439, 'colsample_bytree': 0.9869276206002231}. Best is trial 0 with value: 0.95.
[I 2026-04-09 22:01:15,951] Trial 2 finished with value: 0.925 and parameters: {'n_estimators': 10, 'max_depth': 5, 'gamma': 0.16384856027517886, 'subsample': 0.6123849694840227, 'colsample_bytree': 0.6968174574718025}. Best is trial 0 with value: 0.95.
[I 2026-04-09 22:01:16,010] Trial 3 finished with value: 0.95 and parameters: {'n_estimators': 100, 'max_depth': 30, 'gamma': 0.7877441182293641, 'subsample': 0.9694019566553859, 'colsample_bytree': 0.6598448982335139}. Best is trial 0 with value: 0.95.
[I 2026-04-09 22:01:16,060] Trial 4 finished with value: 0.975 and parameters: {'n_estimators': 100, 'max_depth': 5, 'gamma': 0.816017102586079, 'subsample': 0.5160040782128984, 'colsample_bytree': 0.7277239110529665}. Best is trial 4 with value: 0.975.
[I 2026-04-09 22:01:16,119] Trial 5 finished with value: 1.0 and parameters: {'n_estimators': 40, 'max_depth': 20, 'gamma': 0.6643500821697236, 'subsample': 0.6076588997363731, 'colsample_bytree': 0.5754850538287481}. Best is trial 5 with value: 1.0.
[I 2026-04-09 22:01:16,177] Trial 6 finished with value: 0.95 and parameters: {'n_estimators': 100, 'max_depth': 20, 'gamma': 0.6361752212866232, 'subsample': 0.8309913561372338, 'colsample_bytree': 0.7552902276266351}. Best is trial 5 with value: 1.0.
