[I 2026-04-09 22:19:45,498] Trial 19 finished with value: 0.75 and parameters: {'var_smoothing': 4.958025424412893e-09}. Best is trial 0 with value: 0.75.
[I 2026-04-09 22:19:45,512] Trial 20 finished with value: 0.75 and parameters: {'var_smoothing': 8.344000526157384e-10}. Best is trial 0 with value: 0.75.
[I 2026-04-09 22:19:45,532] Trial 21 finished with value: 0.75 and parameters: {'var_smoothing': 2.46080689865309e-10}. Best is trial 0 with value: 0.75.
[I 2026-04-09 22:19:45,550] Trial 22 finished with value: 0.75 and parameters: {'var_smoothing': 1.4445108350594728e-10}. Best is trial 0 with value: 0.75.
[I 2026-04-09 22:19:45,578] Trial 23 finished with value: 0.75 and parameters: {'var_smoothing': 3.3715577896606737e-10}. Best is trial 0 with value: 0.75.
[I 2026-04-09 22:19:45,596] Trial 24 finished with value: 0.75 and parameters: {'var_smoothing': 1.572466431855027e-10}. Best is trial 0 with value: 0.75.
[I 2026-04-09 22:19:45,613] Trial 25 finished with value: 0.75 and parameters: {'var_smoothing': 7.281746293576245e-10}. Best is trial 0 with value: 0.75.
[I 2026-04-09 22:19:45,633] Trial 26 finished with value: 0.75 and parameters: {'var_smoothing': 3.386254640873244e-10}. Best is trial 0 with value: 0.75.
[I 2026-04-09 22:19:45,653] Trial 27 finished with value: 0.75 and parameters: {'var_smoothing': 1.3918180959975328e-09}. Best is trial 0 with value: 0.75.
[I 2026-04-09 22:19:45,671] Trial 28 finished with value: 0.75 and parameters: {'var_smoothing': 2.3715836084533434e-09}. Best is trial 0 with value: 0.75.
[I 2026-04-09 22:19:45,694] Trial 29 finished with value: 0.75 and parameters: {'var_smoothing': 9.477075781575649e-09}. Best is trial 0 with value: 0.75.
[I 2026-04-09 22:19:46,657] A new study created in memory with name: logreg
[I 2026-04-09 22:19:46,674] Trial 0 finished with value: 0.85 and parameters: {'C': 0.012881482725481003, 'penalty': 'l2'}. Best is trial 0 with value: 0.85.
[I 2026-04-09 22:19:46,698] Trial 1 finished with value: 0.8333333333333334 and parameters: {'C': 22.576755560681583, 'penalty': 'l2'}. Best is trial 0 with value: 0.85.
[I 2026-04-09 22:19:46,711] Trial 2 finished with value: 0.8333333333333333 and parameters: {'C': 0.010804278656839932, 'penalty': 'l2'}. Best is trial 0 with value: 0.85.
[I 2026-04-09 22:19:46,735] Trial 3 finished with value: 0.8333333333333334 and parameters: {'C': 39.17910760336117, 'penalty': 'l2'}. Best is trial 0 with value: 0.85.
[I 2026-04-09 22:19:46,760] Trial 4 finished with value: 0.8333333333333333 and parameters: {'C': 0.2767298094062571, 'penalty': 'l2'}. Best is trial 0 with value: 0.85.
[I 2026-04-09 22:19:46,775] Trial 5 finished with value: 0.8166666666666668 and parameters: {'C': 1.1447728330837224, 'penalty': 'l2'}. Best is trial 0 with value: 0.85.
[I 2026-04-09 22:19:46,809] Trial 6 finished with value: 0.8333333333333334 and parameters: {'C': 6.753661388238877, 'penalty': 'l2'}. Best is trial 0 with value: 0.85.
[I 2026-04-09 22:19:46,832] Trial 7 finished with value: 0.8166666666666668 and parameters: {'C': 0.39092184460352974, 'penalty': 'l2'}. Best is trial 0 with value: 0.85.
[I 2026-04-09 22:19:46,845] Trial 8 finished with value: 0.85 and parameters: {'C': 0.03047912590082646, 'penalty': 'l2'}. Best is trial 0 with value: 0.85.
[I 2026-04-09 22:19:46,871] Trial 9 finished with value: 0.8 and parameters: {'C': 0.008681727362499118, 'penalty': 'l2'}. Best is trial 0 with value: 0.85.
[I 2026-04-09 22:19:46,888] Trial 10 finished with value: 0.7666666666666666 and parameters: {'C': 0.0010146302597657177, 'penalty': 'l2'}. Best is trial 0 with value: 0.85.
[I 2026-04-09 22:19:46,903] Trial 11 finished with value: 0.85 and parameters: {'C': 0.027752611050163804, 'penalty': 'l2'}. Best is trial 0 with value: 0.85.
[I 2026-04-09 22:19:46,918] Trial 12 finished with value: 0.8166666666666668 and parameters: {'C': 0.07806066539229185, 'penalty': 'l2'}. Best is trial 0 with value: 0.85.
[I 2026-04-09 22:19:46,933] Trial 13 finished with value: 0.7666666666666666 and parameters: {'C': 0.0027626023999601174, 'penalty': 'l2'}. Best is trial 0 with value: 0.85.
[I 2026-04-09 22:19:46,949] Trial 14 finished with value: 0.8333333333333333 and parameters: {'C': 0.0892627938330142, 'penalty': 'l2'}. Best is trial 0 with value: 0.85.
[I 2026-04-09 22:19:46,970] Trial 15 finished with value: 0.8666666666666668 and parameters: {'C': 0.021323289861524552, 'penalty': 'l2'}. Best is trial 15 with value: 0.8666666666666668.
[I 2026-04-09 22:19:46,992] Trial 16 finished with value: 0.7666666666666666 and parameters: {'C': 0.0035823185600286542, 'penalty': 'l2'}. Best is trial 15 with value: 0.8666666666666668.
[I 2026-04-09 22:19:47,008] Trial 17 finished with value: 0.8166666666666668 and parameters: {'C': 1.0398098770202744, 'penalty': 'l2'}. Best is trial 15 with value: 0.8666666666666668.
[I 2026-04-09 22:19:47,029] Trial 18 finished with value: 0.8666666666666668 and parameters: {'C': 0.024437247890442666, 'penalty': 'l2'}. Best is trial 15 with value: 0.8666666666666668.
[I 2026-04-09 22:19:47,049] Trial 19 finished with value: 0.8333333333333333 and parameters: {'C': 0.09827826873679542, 'penalty': 'l2'}. Best is trial 15 with value: 0.8666666666666668.
[I 2026-04-09 22:19:47,080] Trial 20 finished with value: 0.7666666666666666 and parameters: {'C': 0.0010266920260633857, 'penalty': 'l2'}. Best is trial 15 with value: 0.8666666666666668.
[I 2026-04-09 22:19:47,095] Trial 21 finished with value: 0.85 and parameters: {'C': 0.01373271796817975, 'penalty': 'l2'}. Best is trial 15 with value: 0.8666666666666668.
[I 2026-04-09 22:19:47,112] Trial 22 finished with value: 0.85 and parameters: {'C': 0.033406716041377155, 'penalty': 'l2'}. Best is trial 15 with value: 0.8666666666666668.
[I 2026-04-09 22:19:47,128] Trial 23 finished with value: 0.7666666666666666 and parameters: {'C': 0.003517397909518831, 'penalty': 'l2'}. Best is trial 15 with value: 0.8666666666666668.
[I 2026-04-09 22:19:47,143] Trial 24 finished with value: 0.8333333333333333 and parameters: {'C': 0.16210648378031986, 'penalty': 'l2'}. Best is trial 15 with value: 0.8666666666666668.
[I 2026-04-09 22:19:47,158] Trial 25 finished with value: 0.8 and parameters: {'C': 0.008822827496092405, 'penalty': 'l2'}. Best is trial 15 with value: 0.8666666666666668.
[I 2026-04-09 22:19:47,174] Trial 26 finished with value: 0.85 and parameters: {'C': 0.03420217491835169, 'penalty': 'l2'}. Best is trial 15 with value: 0.8666666666666668.
[I 2026-04-09 22:19:47,208] Trial 27 finished with value: 0.8166666666666668 and parameters: {'C': 0.7203379623655817, 'penalty': 'l2'}. Best is trial 15 with value: 0.8666666666666668.
[I 2026-04-09 22:19:47,253] Trial 28 finished with value: 0.7666666666666666 and parameters: {'C': 0.0029703493814509543, 'penalty': 'l2'}. Best is trial 15 with value: 0.8666666666666668.
[I 2026-04-09 22:19:47,270] Trial 29 finished with value: 0.8666666666666666 and parameters: {'C': 0.01692268569806416, 'penalty': 'l2'}. Best is trial 15 with value: 0.8666666666666668.
[I 2026-04-09 22:19:47,626] A new study created in memory with name: knn
[I 2026-04-09 22:19:47,654] Trial 0 finished with value: 0.8333333333333334 and parameters: {'n_neighbors': 4, 'leaf_size': 38, 'p': 2}. Best is trial 0 with value: 0.8333333333333334.
[I 2026-04-09 22:19:47,674] Trial 1 finished with value: 0.8166666666666668 and parameters: {'n_neighbors': 6, 'leaf_size': 32, 'p': 1}. Best is trial 0 with value: 0.8333333333333334.
[I 2026-04-09 22:19:47,687] Trial 2 finished with value: 0.7833333333333334 and parameters: {'n_neighbors': 5, 'leaf_size': 23, 'p': 2}. Best is trial 0 with value: 0.8333333333333334.
[I 2026-04-09 22:19:47,700] Trial 3 finished with value: 0.8166666666666668 and parameters: {'n_neighbors': 6, 'leaf_size': 23, 'p': 1}. Best is trial 0 with value: 0.8333333333333334.
[I 2026-04-09 22:19:47,714] Trial 4 finished with value: 0.8166666666666668 and parameters: {'n_neighbors': 6, 'leaf_size': 26, 'p': 1}. Best is trial 0 with value: 0.8333333333333334.
[I 2026-04-09 22:19:47,738] Trial 5 finished with value: 0.8 and parameters: {'n_neighbors': 7, 'leaf_size': 25, 'p': 1}. Best is trial 0 with value: 0.8333333333333334.
[I 2026-04-09 22:19:47,752] Trial 6 finished with value: 0.7833333333333334 and parameters: {'n_neighbors': 5, 'leaf_size': 23, 'p': 2}. Best is trial 0 with value: 0.8333333333333334.
[I 2026-04-09 22:19:47,775] Trial 7 finished with value: 0.8 and parameters: {'n_neighbors': 10, 'leaf_size': 23, 'p': 2}. Best is trial 0 with value: 0.8333333333333334.
[I 2026-04-09 22:19:47,788] Trial 8 finished with value: 0.7833333333333334 and parameters: {'n_neighbors': 8, 'leaf_size': 36, 'p': 2}. Best is trial 0 with value: 0.8333333333333334.
[I 2026-04-09 22:19:47,804] Trial 9 finished with value: 0.8 and parameters: {'n_neighbors': 3, 'leaf_size': 30, 'p': 2}. Best is trial 0 with value: 0.8333333333333334.
[I 2026-04-09 22:19:47,831] Trial 10 finished with value: 0.8 and parameters: {'n_neighbors': 3, 'leaf_size': 40, 'p': 2}. Best is trial 0 with value: 0.8333333333333334.
[I 2026-04-09 22:19:47,857] Trial 11 finished with value: 0.8333333333333334 and parameters: {'n_neighbors': 4, 'leaf_size': 35, 'p': 1}. Best is trial 0 with value: 0.8333333333333334.
[I 2026-04-09 22:19:47,883] Trial 12 finished with value: 0.8333333333333334 and parameters: {'n_neighbors': 4, 'leaf_size': 36, 'p': 1}. Best is trial 0 with value: 0.8333333333333334.
[I 2026-04-09 22:19:47,906] Trial 13 finished with value: 0.8333333333333334 and parameters: {'n_neighbors': 4, 'leaf_size': 40, 'p': 1}. Best is trial 0 with value: 0.8333333333333334.
[I 2026-04-09 22:19:47,944] Trial 14 finished with value: 0.8333333333333334 and parameters: {'n_neighbors': 4, 'leaf_size': 35, 'p': 1}. Best is trial 0 with value: 0.8333333333333334.
[I 2026-04-09 22:19:47,974] Trial 15 finished with value: 0.7833333333333334 and parameters: {'n_neighbors': 8, 'leaf_size': 33, 'p': 2}. Best is trial 0 with value: 0.8333333333333334.
[I 2026-04-09 22:19:47,998] Trial 16 finished with value: 0.8 and parameters: {'n_neighbors': 3, 'leaf_size': 37, 'p': 2}. Best is trial 0 with value: 0.8333333333333334.
[I 2026-04-09 22:19:48,050] Trial 17 finished with value: 0.8166666666666668 and parameters: {'n_neighbors': 5, 'leaf_size': 38, 'p': 1}. Best is trial 0 with value: 0.8333333333333334.
[I 2026-04-09 22:19:48,072] Trial 18 finished with value: 0.8 and parameters: {'n_neighbors': 10, 'leaf_size': 29, 'p': 2}. Best is trial 0 with value: 0.8333333333333334.
[I 2026-04-09 22:19:48,097] Trial 19 finished with value: 0.8333333333333334 and parameters: {'n_neighbors': 4, 'leaf_size': 33, 'p': 1}. Best is trial 0 with value: 0.8333333333333334.
[I 2026-04-09 22:19:48,132] Trial 20 finished with value: 0.8 and parameters: {'n_neighbors': 7, 'leaf_size': 38, 'p': 1}. Best is trial 0 with value: 0.8333333333333334.
[I 2026-04-09 22:19:48,174] Trial 21 finished with value: 0.8333333333333334 and parameters: {'n_neighbors': 4, 'leaf_size': 35, 'p': 1}. Best is trial 0 with value: 0.8333333333333334.
[I 2026-04-09 22:19:48,197] Trial 22 finished with value: 0.8166666666666668 and parameters: {'n_neighbors': 5, 'leaf_size': 34, 'p': 1}. Best is trial 0 with value: 0.8333333333333334.
[I 2026-04-09 22:19:48,235] Trial 23 finished with value: 0.8 and parameters: {'n_neighbors': 3, 'leaf_size': 38, 'p': 1}. Best is trial 0 with value: 0.8333333333333334.
[I 2026-04-09 22:19:48,265] Trial 24 finished with value: 0.8333333333333334 and parameters: {'n_neighbors': 4, 'leaf_size': 31, 'p': 1}. Best is trial 0 with value: 0.8333333333333334.
[I 2026-04-09 22:19:48,292] Trial 25 finished with value: 0.8166666666666668 and parameters: {'n_neighbors': 5, 'leaf_size': 36, 'p': 1}. Best is trial 0 with value: 0.8333333333333334.
[I 2026-04-09 22:19:48,325] Trial 26 finished with value: 0.8333333333333334 and parameters: {'n_neighbors': 4, 'leaf_size': 28, 'p': 2}. Best is trial 0 with value: 0.8333333333333334.
[I 2026-04-09 22:19:48,350] Trial 27 finished with value: 0.8 and parameters: {'n_neighbors': 3, 'leaf_size': 39, 'p': 1}. Best is trial 0 with value: 0.8333333333333334.
[I 2026-04-09 22:19:48,374] Trial 28 finished with value: 0.8166666666666668 and parameters: {'n_neighbors': 9, 'leaf_size': 36, 'p': 2}. Best is trial 0 with value: 0.8333333333333334.
[I 2026-04-09 22:19:48,411] Trial 29 finished with value: 0.8166666666666668 and parameters: {'n_neighbors': 6, 'leaf_size': 33, 'p': 1}. Best is trial 0 with value: 0.8333333333333334.
[I 2026-04-09 22:19:50,054] A new study created in memory with name: xgb
[I 2026-04-09 22:19:50,080] Trial 0 finished with value: 0.85 and parameters: {'n_estimators': 40, 'max_depth': 5, 'gamma': 0.789317070832284, 'subsample': 0.7592089939364717, 'colsample_bytree': 0.648400250788111}. Best is trial 0 with value: 0.85.
[I 2026-04-09 22:19:50,108] Trial 1 finished with value: 0.8666666666666666 and parameters: {'n_estimators': 100, 'max_depth': 30, 'gamma': 0.34667781579300216, 'subsample': 0.7071175095405257, 'colsample_bytree': 0.6480399663668239}. Best is trial 1 with value: 0.8666666666666666.
[I 2026-04-09 22:19:50,134] Trial 2 finished with value: 0.9 and parameters: {'n_estimators': 10, 'max_depth': 20, 'gamma': 0.3948075529198607, 'subsample': 0.5720821503267102, 'colsample_bytree': 0.5828064306006338}. Best is trial 2 with value: 0.9.
[I 2026-04-09 22:19:50,160] Trial 3 finished with value: 0.8833333333333334 and parameters: {'n_estimators': 10, 'max_depth': 30, 'gamma': 0.8015631269999768, 'subsample': 0.5114665462195407, 'colsample_bytree': 0.788831429064878}. Best is trial 2 with value: 0.9.
[I 2026-04-09 22:19:50,196] Trial 4 finished with value: 0.8666666666666666 and parameters: {'n_estimators': 100, 'max_depth': 5, 'gamma': 0.8834347783013348, 'subsample': 0.961374806972835, 'colsample_bytree': 0.5011071062662218}. Best is trial 2 with value: 0.9.
[I 2026-04-09 22:19:50,229] Trial 5 finished with value: 0.8833333333333334 and parameters: {'n_estimators': 40, 'max_depth': 5, 'gamma': 0.5364379674896123, 'subsample': 0.5145557818363589, 'colsample_bytree': 0.5432628442011025}. Best is trial 2 with value: 0.9.
[I 2026-04-09 22:19:50,257] Trial 6 finished with value: 0.8833333333333334 and parameters: {'n_estimators': 100, 'max_depth': 20, 'gamma': 0.6718205850237038, 'subsample': 0.9059511955902053, 'colsample_bytree': 0.9633413076219371}. Best is trial 2 with value: 0.9.
[I 2026-04-09 22:19:50,285] Trial 7 finished with value: 0.8666666666666668 and parameters: {'n_estimators': 10, 'max_depth': 30, 'gamma': 0.8165284487704038, 'subsample': 0.5255714015506736, 'colsample_bytree': 0.594333867896554}. Best is trial 2 with value: 0.9.
[I 2026-04-09 22:19:50,313] Trial 8 finished with value: 0.8833333333333334 and parameters: {'n_estimators': 100, 'max_depth': 20, 'gamma': 0.6251497693480509, 'subsample': 0.9696496759824258, 'colsample_bytree': 0.9717700410079397}. Best is trial 2 with value: 0.9.
[I 2026-04-09 22:19:50,340] Trial 9 finished with value: 0.85 and parameters: {'n_estimators': 40, 'max_depth': 30, 'gamma': 0.9649927737686168, 'subsample': 0.6857563076640036, 'colsample_bytree': 0.5061847058001788}. Best is trial 2 with value: 0.9.
[I 2026-04-09 22:19:50,378] Trial 10 finished with value: 0.8666666666666668 and parameters: {'n_estimators': 10, 'max_depth': 20, 'gamma': 0.15482815647859693, 'subsample': 0.6132127088663918, 'colsample_bytree': 0.767362544653007}. Best is trial 2 with value: 0.9.
[I 2026-04-09 22:19:50,413] Trial 11 finished with value: 0.85 and parameters: {'n_estimators': 10, 'max_depth': 20, 'gamma': 0.41368793588449687, 'subsample': 0.5991596377711633, 'colsample_bytree': 0.8088974055287642}. Best is trial 2 with value: 0.9.
[I 2026-04-09 22:19:50,446] Trial 12 finished with value: 0.8833333333333334 and parameters: {'n_estimators': 10, 'max_depth': 30, 'gamma': 0.28240418702901515, 'subsample': 0.594703211798125, 'colsample_bytree': 0.8587660483806303}. Best is trial 2 with value: 0.9.
[I 2026-04-09 22:19:50,484] Trial 13 finished with value: 0.8833333333333334 and parameters: {'n_estimators': 10, 'max_depth': 20, 'gamma': 0.49205318920874896, 'subsample': 0.8141939990252245, 'colsample_bytree': 0.6756539706444223}. Best is trial 2 with value: 0.9.
[I 2026-04-09 22:19:50,524] Trial 14 finished with value: 0.8666666666666666 and parameters: {'n_estimators': 10, 'max_depth': 30, 'gamma': 0.6877982579025952, 'subsample': 0.5133361270951041, 'colsample_bytree': 0.890473732797316}. Best is trial 2 with value: 0.9.
[I 2026-04-09 22:19:50,560] Trial 15 finished with value: 0.8666666666666668 and parameters: {'n_estimators': 10, 'max_depth': 20, 'gamma': 0.12225147656691177, 'subsample': 0.642451318782916, 'colsample_bytree': 0.7227029601296806}. Best is trial 2 with value: 0.9.
[I 2026-04-09 22:19:50,591] Trial 16 finished with value: 0.8833333333333334 and parameters: {'n_estimators': 10, 'max_depth': 30, 'gamma': 0.28348273058911083, 'subsample': 0.5638180394945186, 'colsample_bytree': 0.7189059298337382}. Best is trial 2 with value: 0.9.
[I 2026-04-09 22:19:50,627] Trial 17 finished with value: 0.85 and parameters: {'n_estimators': 10, 'max_depth': 30, 'gamma': 0.44238846800447773, 'subsample': 0.7960200786362753, 'colsample_bytree': 0.8006621062452346}. Best is trial 2 with value: 0.9.
[I 2026-04-09 22:19:50,666] Trial 18 finished with value: 0.9 and parameters: {'n_estimators': 10, 'max_depth': 20, 'gamma': 0.58719585878601, 'subsample': 0.6660061583750557, 'colsample_bytree': 0.846446412956568}. Best is trial 2 with value: 0.9.
[I 2026-04-09 22:19:50,697] Trial 19 finished with value: 0.9 and parameters: {'n_estimators': 40, 'max_depth': 20, 'gamma': 0.6058014826635753, 'subsample': 0.6638834675450376, 'colsample_bytree': 0.9003852468330709}. Best is trial 2 with value: 0.9.
[I 2026-04-09 22:19:50,725] Trial 20 finished with value: 0.8666666666666668 and parameters: {'n_estimators': 10, 'max_depth': 20, 'gamma': 0.37854104739940564, 'subsample': 0.7248739916146124, 'colsample_bytree': 0.6004343079551089}. Best is trial 2 with value: 0.9.
[I 2026-04-09 22:19:50,765] Trial 21 finished with value: 0.8833333333333334 and parameters: {'n_estimators': 40, 'max_depth': 20, 'gamma': 0.57442756862104, 'subsample': 0.6448610961730616, 'colsample_bytree': 0.886083071591891}. Best is trial 2 with value: 0.9.
[I 2026-04-09 22:19:50,807] Trial 22 finished with value: 0.8833333333333334 and parameters: {'n_estimators': 40, 'max_depth': 20, 'gamma': 0.6982082917714747, 'subsample': 0.6677057260223187, 'colsample_bytree': 0.8505549624063401}. Best is trial 2 with value: 0.9.
[I 2026-04-09 22:19:50,847] Trial 23 finished with value: 0.8666666666666666 and parameters: {'n_estimators': 40, 'max_depth': 20, 'gamma': 0.583497661536883, 'subsample': 0.5632782990758303, 'colsample_bytree': 0.9210089905915704}. Best is trial 2 with value: 0.9.
[I 2026-04-09 22:19:50,885] Trial 24 finished with value: 0.8833333333333334 and parameters: {'n_estimators': 40, 'max_depth': 20, 'gamma': 0.4940149640070224, 'subsample': 0.7593782787982607, 'colsample_bytree': 0.9412526881981478}. Best is trial 2 with value: 0.9.
[I 2026-04-09 22:19:50,928] Trial 25 finished with value: 0.9 and parameters: {'n_estimators': 40, 'max_depth': 20, 'gamma': 0.21529836880467582, 'subsample': 0.8489004144396697, 'colsample_bytree': 0.8352700979740963}. Best is trial 2 with value: 0.9.
[I 2026-04-09 22:19:50,963] Trial 26 finished with value: 0.9 and parameters: {'n_estimators': 10, 'max_depth': 20, 'gamma': 0.4753339033254028, 'subsample': 0.641122624628498, 'colsample_bytree': 0.8941577862398928}. Best is trial 2 with value: 0.9.
[I 2026-04-09 22:19:50,988] Trial 27 finished with value: 0.8333333333333334 and parameters: {'n_estimators': 10, 'max_depth': 5, 'gamma': 0.6417835084021178, 'subsample': 0.5534802707438861, 'colsample_bytree': 0.999865786723994}. Best is trial 2 with value: 0.9.
[I 2026-04-09 22:19:51,022] Trial 28 finished with value: 0.8833333333333332 and parameters: {'n_estimators': 100, 'max_depth': 20, 'gamma': 0.3334378324818797, 'subsample': 0.6875374677377231, 'colsample_bytree': 0.7520936179859026}. Best is trial 2 with value: 0.9.
[I 2026-04-09 22:19:51,065] Trial 29 finished with value: 0.8666666666666668 and parameters: {'n_estimators': 40, 'max_depth': 5, 'gamma': 0.7315366024222671, 'subsample': 0.7386908862983875, 'colsample_bytree': 0.679747243190204}. Best is trial 2 with value: 0.9.
[I 2026-04-09 22:19:51,964] A new study created in memory with name: rf
[I 2026-04-09 22:19:52,195] Trial 0 finished with value: 0.8833333333333334 and parameters: {'n_estimators': 189, 'max_depth': 18, 'min_samples_split': 3, 'min_samples_leaf': 10}. Best is trial 0 with value: 0.8833333333333334.
[I 2026-04-09 22:19:52,526] Trial 1 finished with value: 0.8833333333333334 and parameters: {'n_estimators': 295, 'max_depth': 14, 'min_samples_split': 8, 'min_samples_leaf': 6}. Best is trial 0 with value: 0.8833333333333334.
[I 2026-04-09 22:19:52,809] Trial 2 finished with value: 0.8666666666666668 and parameters: {'n_estimators': 219, 'max_depth': 6, 'min_samples_split': 2, 'min_samples_leaf': 8}. Best is trial 0 with value: 0.8833333333333334.
[I 2026-04-09 22:19:53,138] Trial 3 finished with value: 0.85 and parameters: {'n_estimators': 276, 'max_depth': 5, 'min_samples_split': 9, 'min_samples_leaf': 3}. Best is trial 0 with value: 0.8833333333333334.
[I 2026-04-09 22:19:53,497] Trial 4 finished with value: 0.8833333333333334 and parameters: {'n_estimators': 266, 'max_depth': 8, 'min_samples_split': 7, 'min_samples_leaf': 6}. Best is trial 0 with value: 0.8833333333333334.
[I 2026-04-09 22:19:53,901] Trial 5 finished with value: 0.85 and parameters: {'n_estimators': 340, 'max_depth': 7, 'min_samples_split': 4, 'min_samples_leaf': 3}. Best is trial 0 with value: 0.8833333333333334.
