[I 2026-04-09 20:32:18,035] Trial 26 finished with value: 0.95 and parameters: {'n_estimators': 40, 'max_depth': 5, 'gamma': 0.913215019992025, 'subsample': 0.7739411428667253, 'colsample_bytree': 0.9123365215583032}. Best is trial 0 with value: 0.95.
[I 2026-04-09 20:32:18,069] Trial 27 finished with value: 0.95 and parameters: {'n_estimators': 100, 'max_depth': 30, 'gamma': 0.5256884659112657, 'subsample': 0.8272130325075943, 'colsample_bytree': 0.5675569752612293}. Best is trial 0 with value: 0.95.
[I 2026-04-09 20:32:18,103] Trial 28 finished with value: 0.95 and parameters: {'n_estimators': 10, 'max_depth': 20, 'gamma': 0.3196744140827942, 'subsample': 0.7177356177249898, 'colsample_bytree': 0.7128613751656225}. Best is trial 0 with value: 0.95.
[I 2026-04-09 20:32:18,139] Trial 29 finished with value: 0.95 and parameters: {'n_estimators': 40, 'max_depth': 5, 'gamma': 0.6057320715198058, 'subsample': 0.6267062453123553, 'colsample_bytree': 0.8310705876008575}. Best is trial 0 with value: 0.95.
[I 2026-04-09 20:32:19,128] A new study created in memory with name: rf
[I 2026-04-09 20:32:19,626] Trial 0 finished with value: 0.95 and parameters: {'n_estimators': 450, 'max_depth': 20, 'min_samples_split': 9, 'min_samples_leaf': 6}. Best is trial 0 with value: 0.95.
[I 2026-04-09 20:32:19,856] Trial 1 finished with value: 0.95 and parameters: {'n_estimators': 193, 'max_depth': 3, 'min_samples_split': 5, 'min_samples_leaf': 5}. Best is trial 0 with value: 0.95.
[I 2026-04-09 20:32:20,186] Trial 2 finished with value: 1.0 and parameters: {'n_estimators': 309, 'max_depth': 11, 'min_samples_split': 6, 'min_samples_leaf': 6}. Best is trial 2 with value: 1.0.
[I 2026-04-09 20:32:20,645] Trial 3 finished with value: 0.95 and parameters: {'n_estimators': 405, 'max_depth': 15, 'min_samples_split': 7, 'min_samples_leaf': 5}. Best is trial 2 with value: 1.0.
[I 2026-04-09 20:32:20,912] Trial 4 finished with value: 0.9 and parameters: {'n_estimators': 215, 'max_depth': 20, 'min_samples_split': 5, 'min_samples_leaf': 3}. Best is trial 2 with value: 1.0.
[I 2026-04-09 20:32:21,068] Trial 5 finished with value: 0.95 and parameters: {'n_estimators': 126, 'max_depth': 20, 'min_samples_split': 3, 'min_samples_leaf': 4}. Best is trial 2 with value: 1.0.
[I 2026-04-09 20:32:21,237] Trial 6 finished with value: 0.5 and parameters: {'n_estimators': 128, 'max_depth': 7, 'min_samples_split': 5, 'min_samples_leaf': 9}. Best is trial 2 with value: 1.0.
[I 2026-04-09 20:32:21,514] Trial 7 finished with value: 0.95 and parameters: {'n_estimators': 238, 'max_depth': 20, 'min_samples_split': 2, 'min_samples_leaf': 4}. Best is trial 2 with value: 1.0.
[I 2026-04-09 20:32:21,782] Trial 8 finished with value: 0.95 and parameters: {'n_estimators': 252, 'max_depth': 16, 'min_samples_split': 10, 'min_samples_leaf': 4}. Best is trial 2 with value: 1.0.
[I 2026-04-09 20:32:22,122] Trial 9 finished with value: 0.5 and parameters: {'n_estimators': 273, 'max_depth': 7, 'min_samples_split': 9, 'min_samples_leaf': 7}. Best is trial 2 with value: 1.0.
[I 2026-04-09 20:32:22,524] Trial 10 finished with value: 0.5 and parameters: {'n_estimators': 347, 'max_depth': 11, 'min_samples_split': 7, 'min_samples_leaf': 10}. Best is trial 2 with value: 1.0.
[I 2026-04-09 20:32:23,049] Trial 11 finished with value: 0.9 and parameters: {'n_estimators': 485, 'max_depth': 12, 'min_samples_split': 8, 'min_samples_leaf': 1}. Best is trial 2 with value: 1.0.
[I 2026-04-09 20:32:23,614] Trial 12 finished with value: 0.5 and parameters: {'n_estimators': 498, 'max_depth': 12, 'min_samples_split': 10, 'min_samples_leaf': 7}. Best is trial 2 with value: 1.0.
[I 2026-04-09 20:32:24,036] Trial 13 finished with value: 0.5 and parameters: {'n_estimators': 362, 'max_depth': 16, 'min_samples_split': 7, 'min_samples_leaf': 7}. Best is trial 2 with value: 1.0.
[I 2026-04-09 20:32:24,510] Trial 14 finished with value: 0.5 and parameters: {'n_estimators': 433, 'max_depth': 9, 'min_samples_split': 4, 'min_samples_leaf': 8}. Best is trial 2 with value: 1.0.
[I 2026-04-09 20:32:24,874] Trial 15 finished with value: 0.8 and parameters: {'n_estimators': 317, 'max_depth': 14, 'min_samples_split': 8, 'min_samples_leaf': 6}. Best is trial 2 with value: 1.0.
[I 2026-04-09 20:32:25,331] Trial 16 finished with value: 0.9 and parameters: {'n_estimators': 419, 'max_depth': 18, 'min_samples_split': 6, 'min_samples_leaf': 2}. Best is trial 2 with value: 1.0.
[I 2026-04-09 20:32:25,798] Trial 17 finished with value: 0.9 and parameters: {'n_estimators': 379, 'max_depth': 9, 'min_samples_split': 9, 'min_samples_leaf': 6}. Best is trial 2 with value: 1.0.
[I 2026-04-09 20:32:26,323] Trial 18 finished with value: 0.5 and parameters: {'n_estimators': 460, 'max_depth': 3, 'min_samples_split': 6, 'min_samples_leaf': 8}. Best is trial 2 with value: 1.0.
[I 2026-04-09 20:32:26,708] Trial 19 finished with value: 0.5 and parameters: {'n_estimators': 306, 'max_depth': 13, 'min_samples_split': 8, 'min_samples_leaf': 10}. Best is trial 2 with value: 1.0.
[I 2026-04-09 20:32:26,934] Trial 20 finished with value: 0.5 and parameters: {'n_estimators': 161, 'max_depth': 10, 'min_samples_split': 4, 'min_samples_leaf': 8}. Best is trial 2 with value: 1.0.
[I 2026-04-09 20:32:27,189] Trial 21 finished with value: 0.95 and parameters: {'n_estimators': 189, 'max_depth': 3, 'min_samples_split': 5, 'min_samples_leaf': 5}. Best is trial 2 with value: 1.0.
[I 2026-04-09 20:32:27,418] Trial 22 finished with value: 0.95 and parameters: {'n_estimators': 182, 'max_depth': 5, 'min_samples_split': 4, 'min_samples_leaf': 6}. Best is trial 2 with value: 1.0.
[I 2026-04-09 20:32:27,815] Trial 23 finished with value: 0.95 and parameters: {'n_estimators': 331, 'max_depth': 7, 'min_samples_split': 6, 'min_samples_leaf': 5}. Best is trial 2 with value: 1.0.
[I 2026-04-09 20:32:28,264] Trial 24 finished with value: 0.95 and parameters: {'n_estimators': 385, 'max_depth': 18, 'min_samples_split': 5, 'min_samples_leaf': 3}. Best is trial 2 with value: 1.0.
[I 2026-04-09 20:32:28,630] Trial 25 finished with value: 0.95 and parameters: {'n_estimators': 272, 'max_depth': 5, 'min_samples_split': 6, 'min_samples_leaf': 6}. Best is trial 2 with value: 1.0.
[I 2026-04-09 20:32:28,799] Trial 26 finished with value: 0.5 and parameters: {'n_estimators': 109, 'max_depth': 17, 'min_samples_split': 7, 'min_samples_leaf': 7}. Best is trial 2 with value: 1.0.
[I 2026-04-09 20:32:29,133] Trial 27 finished with value: 0.9 and parameters: {'n_estimators': 290, 'max_depth': 5, 'min_samples_split': 3, 'min_samples_leaf': 5}. Best is trial 2 with value: 1.0.
[I 2026-04-09 20:32:29,409] Trial 28 finished with value: 0.95 and parameters: {'n_estimators': 219, 'max_depth': 9, 'min_samples_split': 9, 'min_samples_leaf': 4}. Best is trial 2 with value: 1.0.
[I 2026-04-09 20:32:29,622] Trial 29 finished with value: 0.95 and parameters: {'n_estimators': 161, 'max_depth': 14, 'min_samples_split': 6, 'min_samples_leaf': 5}. Best is trial 2 with value: 1.0.
[I 2026-04-09 20:32:33,398] A new study created in memory with name: mlp
[I 2026-04-09 20:32:33,444] Trial 0 finished with value: 0.8 and parameters: {'hidden_layer_sizes': (200,), 'max_iter': 50, 'alpha': 0.001}. Best is trial 0 with value: 0.8.
[I 2026-04-09 20:32:33,480] Trial 1 finished with value: 0.8 and parameters: {'hidden_layer_sizes': (200,), 'max_iter': 50, 'alpha': 0.0001}. Best is trial 0 with value: 0.8.
[I 2026-04-09 20:32:33,514] Trial 2 finished with value: 0.75 and parameters: {'hidden_layer_sizes': (100,), 'max_iter': 50, 'alpha': 0.0001}. Best is trial 0 with value: 0.8.
[I 2026-04-09 20:32:33,559] Trial 3 finished with value: 0.8 and parameters: {'hidden_layer_sizes': (100,), 'max_iter': 100, 'alpha': 0.001}. Best is trial 0 with value: 0.8.
[I 2026-04-09 20:32:33,605] Trial 4 finished with value: 0.75 and parameters: {'hidden_layer_sizes': (200,), 'max_iter': 100, 'alpha': 0.001}. Best is trial 0 with value: 0.8.
[I 2026-04-09 20:32:33,641] Trial 5 finished with value: 0.75 and parameters: {'hidden_layer_sizes': (200,), 'max_iter': 50, 'alpha': 0.001}. Best is trial 0 with value: 0.8.
[I 2026-04-09 20:32:33,697] Trial 6 finished with value: 0.75 and parameters: {'hidden_layer_sizes': (100,), 'max_iter': 100, 'alpha': 0.0001}. Best is trial 0 with value: 0.8.
[I 2026-04-09 20:32:33,744] Trial 7 finished with value: 0.75 and parameters: {'hidden_layer_sizes': (100, 100), 'max_iter': 50, 'alpha': 0.0001}. Best is trial 0 with value: 0.8.
[I 2026-04-09 20:32:33,810] Trial 8 finished with value: 0.85 and parameters: {'hidden_layer_sizes': (100, 100), 'max_iter': 100, 'alpha': 0.0001}. Best is trial 8 with value: 0.85.
[I 2026-04-09 20:32:33,845] Trial 9 finished with value: 0.65 and parameters: {'hidden_layer_sizes': (100,), 'max_iter': 50, 'alpha': 0.001}. Best is trial 8 with value: 0.85.
[I 2026-04-09 20:32:33,913] Trial 10 finished with value: 0.8 and parameters: {'hidden_layer_sizes': (100, 100), 'max_iter': 100, 'alpha': 0.0001}. Best is trial 8 with value: 0.85.
[I 2026-04-09 20:32:33,981] Trial 11 finished with value: 0.8 and parameters: {'hidden_layer_sizes': (100, 100), 'max_iter': 100, 'alpha': 0.001}. Best is trial 8 with value: 0.85.
[I 2026-04-09 20:32:34,046] Trial 12 finished with value: 0.75 and parameters: {'hidden_layer_sizes': (100, 100), 'max_iter': 100, 'alpha': 0.0001}. Best is trial 8 with value: 0.85.
[I 2026-04-09 20:32:34,084] Trial 13 finished with value: 0.75 and parameters: {'hidden_layer_sizes': (200,), 'max_iter': 50, 'alpha': 0.001}. Best is trial 8 with value: 0.85.
[I 2026-04-09 20:32:34,132] Trial 14 finished with value: 0.8 and parameters: {'hidden_layer_sizes': (100, 100), 'max_iter': 50, 'alpha': 0.001}. Best is trial 8 with value: 0.85.
[I 2026-04-09 20:32:34,179] Trial 15 finished with value: 0.8 and parameters: {'hidden_layer_sizes': (200,), 'max_iter': 100, 'alpha': 0.0001}. Best is trial 8 with value: 0.85.
[I 2026-04-09 20:32:34,216] Trial 16 finished with value: 0.7 and parameters: {'hidden_layer_sizes': (200,), 'max_iter': 50, 'alpha': 0.0001}. Best is trial 8 with value: 0.85.
[I 2026-04-09 20:32:34,279] Trial 17 finished with value: 0.75 and parameters: {'hidden_layer_sizes': (100, 100), 'max_iter': 100, 'alpha': 0.001}. Best is trial 8 with value: 0.85.
[I 2026-04-09 20:32:34,345] Trial 18 finished with value: 0.75 and parameters: {'hidden_layer_sizes': (100, 100), 'max_iter': 100, 'alpha': 0.0001}. Best is trial 8 with value: 0.85.
[I 2026-04-09 20:32:34,383] Trial 19 finished with value: 0.65 and parameters: {'hidden_layer_sizes': (200,), 'max_iter': 50, 'alpha': 0.001}. Best is trial 8 with value: 0.85.
[I 2026-04-09 20:32:34,437] Trial 20 finished with value: 0.8 and parameters: {'hidden_layer_sizes': (100, 100), 'max_iter': 100, 'alpha': 0.0001}. Best is trial 8 with value: 0.85.
[I 2026-04-09 20:32:34,461] Trial 21 finished with value: 0.8 and parameters: {'hidden_layer_sizes': (200,), 'max_iter': 50, 'alpha': 0.0001}. Best is trial 8 with value: 0.85.
[I 2026-04-09 20:32:34,506] Trial 22 finished with value: 0.8 and parameters: {'hidden_layer_sizes': (200,), 'max_iter': 50, 'alpha': 0.0001}. Best is trial 8 with value: 0.85.
[I 2026-04-09 20:32:34,555] Trial 23 finished with value: 0.85 and parameters: {'hidden_layer_sizes': (200,), 'max_iter': 50, 'alpha': 0.0001}. Best is trial 8 with value: 0.85.
[I 2026-04-09 20:32:34,607] Trial 24 finished with value: 0.85 and parameters: {'hidden_layer_sizes': (200,), 'max_iter': 50, 'alpha': 0.0001}. Best is trial 8 with value: 0.85.
[I 2026-04-09 20:32:34,646] Trial 25 finished with value: 0.75 and parameters: {'hidden_layer_sizes': (200,), 'max_iter': 50, 'alpha': 0.0001}. Best is trial 8 with value: 0.85.
[I 2026-04-09 20:32:34,684] Trial 26 finished with value: 0.65 and parameters: {'hidden_layer_sizes': (200,), 'max_iter': 50, 'alpha': 0.0001}. Best is trial 8 with value: 0.85.
[I 2026-04-09 20:32:34,726] Trial 27 finished with value: 0.85 and parameters: {'hidden_layer_sizes': (200,), 'max_iter': 50, 'alpha': 0.0001}. Best is trial 8 with value: 0.85.
[I 2026-04-09 20:32:34,773] Trial 28 finished with value: 0.85 and parameters: {'hidden_layer_sizes': (100,), 'max_iter': 100, 'alpha': 0.0001}. Best is trial 8 with value: 0.85.
[I 2026-04-09 20:32:34,819] Trial 29 finished with value: 0.75 and parameters: {'hidden_layer_sizes': (100, 100), 'max_iter': 50, 'alpha': 0.0001}. Best is trial 8 with value: 0.85.
[I 2026-04-09 20:32:44,576] A new study created in memory with name: naive_bayes
[I 2026-04-09 20:32:44,592] Trial 0 finished with value: 1.0 and parameters: {'var_smoothing': 5.582886587978182e-09}. Best is trial 0 with value: 1.0.
[I 2026-04-09 20:32:44,616] Trial 1 finished with value: 1.0 and parameters: {'var_smoothing': 8.651299071518215e-09}. Best is trial 0 with value: 1.0.
[I 2026-04-09 20:32:44,630] Trial 2 finished with value: 1.0 and parameters: {'var_smoothing': 5.475062490474489e-09}. Best is trial 0 with value: 1.0.
[I 2026-04-09 20:32:44,643] Trial 3 finished with value: 1.0 and parameters: {'var_smoothing': 1.1526869678723134e-09}. Best is trial 0 with value: 1.0.
[I 2026-04-09 20:32:44,655] Trial 4 finished with value: 1.0 and parameters: {'var_smoothing': 2.920496270341785e-10}. Best is trial 0 with value: 1.0.
[I 2026-04-09 20:32:44,679] Trial 5 finished with value: 1.0 and parameters: {'var_smoothing': 1.0538956417705805e-10}. Best is trial 0 with value: 1.0.
[I 2026-04-09 20:32:44,693] Trial 6 finished with value: 1.0 and parameters: {'var_smoothing': 7.260016982331591e-10}. Best is trial 0 with value: 1.0.
[I 2026-04-09 20:32:44,706] Trial 7 finished with value: 1.0 and parameters: {'var_smoothing': 6.378267364653917e-10}. Best is trial 0 with value: 1.0.
[I 2026-04-09 20:32:44,720] Trial 8 finished with value: 1.0 and parameters: {'var_smoothing': 1.1100673847791952e-09}. Best is trial 0 with value: 1.0.
[I 2026-04-09 20:32:44,733] Trial 9 finished with value: 1.0 and parameters: {'var_smoothing': 9.052813879088377e-10}. Best is trial 0 with value: 1.0.
[I 2026-04-09 20:32:44,752] Trial 10 finished with value: 1.0 and parameters: {'var_smoothing': 3.20543606083287e-09}. Best is trial 0 with value: 1.0.
[I 2026-04-09 20:32:44,777] Trial 11 finished with value: 1.0 and parameters: {'var_smoothing': 8.433965140342417e-09}. Best is trial 0 with value: 1.0.
[I 2026-04-09 20:32:44,792] Trial 12 finished with value: 1.0 and parameters: {'var_smoothing': 2.860874278982245e-09}. Best is trial 0 with value: 1.0.
[I 2026-04-09 20:32:44,809] Trial 13 finished with value: 1.0 and parameters: {'var_smoothing': 9.270349036178526e-09}. Best is trial 0 with value: 1.0.
[I 2026-04-09 20:32:44,825] Trial 14 finished with value: 1.0 and parameters: {'var_smoothing': 3.13069447640915e-09}. Best is trial 0 with value: 1.0.
[I 2026-04-09 20:32:44,845] Trial 15 finished with value: 1.0 and parameters: {'var_smoothing': 5.223604886811285e-09}. Best is trial 0 with value: 1.0.
[I 2026-04-09 20:32:44,872] Trial 16 finished with value: 1.0 and parameters: {'var_smoothing': 2.0295724993447026e-09}. Best is trial 0 with value: 1.0.
[I 2026-04-09 20:32:44,902] Trial 17 finished with value: 1.0 and parameters: {'var_smoothing': 5.880433102756661e-09}. Best is trial 0 with value: 1.0.
[I 2026-04-09 20:32:44,922] Trial 18 finished with value: 1.0 and parameters: {'var_smoothing': 1.6980964875204416e-09}. Best is trial 0 with value: 1.0.
[I 2026-04-09 20:32:44,936] Trial 19 finished with value: 1.0 and parameters: {'var_smoothing': 4.2955625192244405e-09}. Best is trial 0 with value: 1.0.
[I 2026-04-09 20:32:44,951] Trial 20 finished with value: 1.0 and parameters: {'var_smoothing': 9.833771947222685e-09}. Best is trial 0 with value: 1.0.
[I 2026-04-09 20:32:44,966] Trial 21 finished with value: 1.0 and parameters: {'var_smoothing': 6.0482464086364635e-09}. Best is trial 0 with value: 1.0.
[I 2026-04-09 20:32:44,981] Trial 22 finished with value: 1.0 and parameters: {'var_smoothing': 4.537628481410357e-09}. Best is trial 0 with value: 1.0.
[I 2026-04-09 20:32:45,006] Trial 23 finished with value: 1.0 and parameters: {'var_smoothing': 6.750528289210463e-09}. Best is trial 0 with value: 1.0.
[I 2026-04-09 20:32:45,022] Trial 24 finished with value: 1.0 and parameters: {'var_smoothing': 2.2780337647355764e-09}. Best is trial 0 with value: 1.0.
[I 2026-04-09 20:32:45,037] Trial 25 finished with value: 1.0 and parameters: {'var_smoothing': 3.986918574074946e-09}. Best is trial 0 with value: 1.0.
[I 2026-04-09 20:32:45,054] Trial 26 finished with value: 1.0 and parameters: {'var_smoothing': 1.7707565248297843e-09}. Best is trial 0 with value: 1.0.
[I 2026-04-09 20:32:45,087] Trial 27 finished with value: 1.0 and parameters: {'var_smoothing': 6.732492847962814e-09}. Best is trial 0 with value: 1.0.
[I 2026-04-09 20:32:45,105] Trial 28 finished with value: 1.0 and parameters: {'var_smoothing': 3.8684773890893174e-10}. Best is trial 0 with value: 1.0.
[I 2026-04-09 20:32:45,121] Trial 29 finished with value: 1.0 and parameters: {'var_smoothing': 1.5480090897085013e-09}. Best is trial 0 with value: 1.0.
[I 2026-04-09 20:32:46,106] A new study created in memory with name: logreg
[I 2026-04-09 20:32:46,131] Trial 0 finished with value: 1.0 and parameters: {'C': 23.288794782471303, 'penalty': 'l2'}. Best is trial 0 with value: 1.0.
[I 2026-04-09 20:32:46,145] Trial 1 finished with value: 1.0 and parameters: {'C': 69.61507800412923, 'penalty': 'l2'}. Best is trial 0 with value: 1.0.
[I 2026-04-09 20:32:46,168] Trial 2 finished with value: 1.0 and parameters: {'C': 22.180569925473442, 'penalty': 'l2'}. Best is trial 0 with value: 1.0.
[I 2026-04-09 20:32:46,192] Trial 3 finished with value: 1.0 and parameters: {'C': 0.4511058486037652, 'penalty': 'l2'}. Best is trial 0 with value: 1.0.
[I 2026-04-09 20:32:46,206] Trial 4 finished with value: 1.0 and parameters: {'C': 0.014576110093994574, 'penalty': 'l2'}. Best is trial 0 with value: 1.0.
[I 2026-04-09 20:32:46,229] Trial 5 finished with value: 1.0 and parameters: {'C': 0.0011402340906886685, 'penalty': 'l2'}. Best is trial 0 with value: 1.0.
[I 2026-04-09 20:32:46,253] Trial 6 finished with value: 1.0 and parameters: {'C': 0.14201822862985758, 'penalty': 'l2'}. Best is trial 0 with value: 1.0.
[I 2026-04-09 20:32:46,277] Trial 7 finished with value: 1.0 and parameters: {'C': 0.1027440782219989, 'penalty': 'l2'}. Best is trial 0 with value: 1.0.
[I 2026-04-09 20:32:46,290] Trial 8 finished with value: 1.0 and parameters: {'C': 0.41055690122086846, 'penalty': 'l2'}. Best is trial 0 with value: 1.0.
[I 2026-04-09 20:32:46,315] Trial 9 finished with value: 1.0 and parameters: {'C': 0.24658064201770763, 'penalty': 'l2'}. Best is trial 0 with value: 1.0.
[I 2026-04-09 20:32:46,347] Trial 10 finished with value: 1.0 and parameters: {'C': 5.817250906722227, 'penalty': 'l2'}. Best is trial 0 with value: 1.0.
[I 2026-04-09 20:32:46,377] Trial 11 finished with value: 1.0 and parameters: {'C': 65.32501288941612, 'penalty': 'l2'}. Best is trial 0 with value: 1.0.
[I 2026-04-09 20:32:46,406] Trial 12 finished with value: 1.0 and parameters: {'C': 4.377709439924529, 'penalty': 'l2'}. Best is trial 0 with value: 1.0.
[I 2026-04-09 20:32:46,426] Trial 13 finished with value: 1.0 and parameters: {'C': 82.7447055757053, 'penalty': 'l2'}. Best is trial 0 with value: 1.0.
[I 2026-04-09 20:32:46,454] Trial 14 finished with value: 1.0 and parameters: {'C': 5.484053936900719, 'penalty': 'l2'}. Best is trial 0 with value: 1.0.
[I 2026-04-09 20:32:46,480] Trial 15 finished with value: 1.0 and parameters: {'C': 19.720857672047558, 'penalty': 'l2'}. Best is trial 0 with value: 1.0.
[I 2026-04-09 20:32:46,495] Trial 16 finished with value: 1.0 and parameters: {'C': 1.8557156226210034, 'penalty': 'l2'}. Best is trial 0 with value: 1.0.
[I 2026-04-09 20:32:46,520] Trial 17 finished with value: 1.0 and parameters: {'C': 26.516932569464544, 'penalty': 'l2'}. Best is trial 0 with value: 1.0.
[I 2026-04-09 20:32:46,535] Trial 18 finished with value: 1.0 and parameters: {'C': 1.188244763655516, 'penalty': 'l2'}. Best is trial 0 with value: 1.0.
[I 2026-04-09 20:32:46,561] Trial 19 finished with value: 1.0 and parameters: {'C': 12.093447142589671, 'penalty': 'l2'}. Best is trial 0 with value: 1.0.
[I 2026-04-09 20:32:46,597] Trial 20 finished with value: 1.0 and parameters: {'C': 95.89596440448501, 'penalty': 'l2'}. Best is trial 0 with value: 1.0.
[I 2026-04-09 20:32:46,622] Trial 21 finished with value: 1.0 and parameters: {'C': 28.44943793229338, 'penalty': 'l2'}. Best is trial 0 with value: 1.0.
[I 2026-04-09 20:32:46,645] Trial 22 finished with value: 1.0 and parameters: {'C': 13.869868316172683, 'penalty': 'l2'}. Best is trial 0 with value: 1.0.
[I 2026-04-09 20:32:46,670] Trial 23 finished with value: 1.0 and parameters: {'C': 37.440738291089126, 'penalty': 'l2'}. Best is trial 0 with value: 1.0.
[I 2026-04-09 20:32:46,711] Trial 24 finished with value: 1.0 and parameters: {'C': 2.47685391214756, 'penalty': 'l2'}. Best is trial 0 with value: 1.0.
[I 2026-04-09 20:32:46,739] Trial 25 finished with value: 1.0 and parameters: {'C': 10.036757127704108, 'penalty': 'l2'}. Best is trial 0 with value: 1.0.
[I 2026-04-09 20:32:46,758] Trial 26 finished with value: 1.0 and parameters: {'C': 1.3194627280974967, 'penalty': 'l2'}. Best is trial 0 with value: 1.0.
[I 2026-04-09 20:32:46,796] Trial 27 finished with value: 1.0 and parameters: {'C': 37.191162355747906, 'penalty': 'l2'}. Best is trial 0 with value: 1.0.
[I 2026-04-09 20:32:46,811] Trial 28 finished with value: 1.0 and parameters: {'C': 0.029434059060519695, 'penalty': 'l2'}. Best is trial 0 with value: 1.0.
[I 2026-04-09 20:32:46,826] Trial 29 finished with value: 1.0 and parameters: {'C': 0.9428308103218245, 'penalty': 'l2'}. Best is trial 0 with value: 1.0.
[I 2026-04-09 20:32:47,879] A new study created in memory with name: knn
