[I 2026-04-09 19:35:29,605] Trial 5 finished with value: 0.85 and parameters: {'n_neighbors': 3, 'leaf_size': 35, 'p': 1}. Best is trial 2 with value: 0.9.
[I 2026-04-09 19:35:29,641] Trial 6 finished with value: 0.7 and parameters: {'n_neighbors': 8, 'leaf_size': 31, 'p': 2}. Best is trial 2 with value: 0.9.
[I 2026-04-09 19:35:29,675] Trial 7 finished with value: 0.85 and parameters: {'n_neighbors': 6, 'leaf_size': 24, 'p': 2}. Best is trial 2 with value: 0.9.
[I 2026-04-09 19:35:29,719] Trial 8 finished with value: 0.9 and parameters: {'n_neighbors': 5, 'leaf_size': 34, 'p': 2}. Best is trial 2 with value: 0.9.
[I 2026-04-09 19:35:29,775] Trial 9 finished with value: 0.7 and parameters: {'n_neighbors': 10, 'leaf_size': 27, 'p': 2}. Best is trial 2 with value: 0.9.
[I 2026-04-09 19:35:29,809] Trial 10 finished with value: 0.9 and parameters: {'n_neighbors': 5, 'leaf_size': 40, 'p': 2}. Best is trial 2 with value: 0.9.
[I 2026-04-09 19:35:29,833] Trial 11 finished with value: 0.9 and parameters: {'n_neighbors': 5, 'leaf_size': 37, 'p': 2}. Best is trial 2 with value: 0.9.
[I 2026-04-09 19:35:29,858] Trial 12 finished with value: 0.9 and parameters: {'n_neighbors': 5, 'leaf_size': 35, 'p': 2}. Best is trial 2 with value: 0.9.
[I 2026-04-09 19:35:29,882] Trial 13 finished with value: 0.9 and parameters: {'n_neighbors': 4, 'leaf_size': 21, 'p': 2}. Best is trial 2 with value: 0.9.
[I 2026-04-09 19:35:29,906] Trial 14 finished with value: 0.85 and parameters: {'n_neighbors': 7, 'leaf_size': 35, 'p': 2}. Best is trial 2 with value: 0.9.
[I 2026-04-09 19:35:29,931] Trial 15 finished with value: 0.85 and parameters: {'n_neighbors': 6, 'leaf_size': 39, 'p': 2}. Best is trial 2 with value: 0.9.
[I 2026-04-09 19:35:29,954] Trial 16 finished with value: 0.9 and parameters: {'n_neighbors': 4, 'leaf_size': 30, 'p': 2}. Best is trial 2 with value: 0.9.
[I 2026-04-09 19:35:29,974] Trial 17 finished with value: 0.9 and parameters: {'n_neighbors': 4, 'leaf_size': 33, 'p': 2}. Best is trial 2 with value: 0.9.
[I 2026-04-09 19:35:30,009] Trial 18 finished with value: 0.9 and parameters: {'n_neighbors': 6, 'leaf_size': 37, 'p': 1}. Best is trial 2 with value: 0.9.
[I 2026-04-09 19:35:30,034] Trial 19 finished with value: 0.7 and parameters: {'n_neighbors': 8, 'leaf_size': 29, 'p': 2}. Best is trial 2 with value: 0.9.
[I 2026-04-09 19:35:30,057] Trial 20 finished with value: 0.9 and parameters: {'n_neighbors': 5, 'leaf_size': 34, 'p': 2}. Best is trial 2 with value: 0.9.
[I 2026-04-09 19:35:30,096] Trial 21 finished with value: 0.9 and parameters: {'n_neighbors': 5, 'leaf_size': 40, 'p': 2}. Best is trial 2 with value: 0.9.
[I 2026-04-09 19:35:30,144] Trial 22 finished with value: 0.9 and parameters: {'n_neighbors': 4, 'leaf_size': 38, 'p': 2}. Best is trial 2 with value: 0.9.
[I 2026-04-09 19:35:30,179] Trial 23 finished with value: 0.9 and parameters: {'n_neighbors': 5, 'leaf_size': 37, 'p': 2}. Best is trial 2 with value: 0.9.
[I 2026-04-09 19:35:30,228] Trial 24 finished with value: 0.85 and parameters: {'n_neighbors': 6, 'leaf_size': 40, 'p': 2}. Best is trial 2 with value: 0.9.
[I 2026-04-09 19:35:30,260] Trial 25 finished with value: 0.85 and parameters: {'n_neighbors': 7, 'leaf_size': 34, 'p': 2}. Best is trial 2 with value: 0.9.
[I 2026-04-09 19:35:30,280] Trial 26 finished with value: 0.85 and parameters: {'n_neighbors': 3, 'leaf_size': 36, 'p': 1}. Best is trial 2 with value: 0.9.
[I 2026-04-09 19:35:30,300] Trial 27 finished with value: 0.9 and parameters: {'n_neighbors': 4, 'leaf_size': 30, 'p': 2}. Best is trial 2 with value: 0.9.
[I 2026-04-09 19:35:30,319] Trial 28 finished with value: 0.9 and parameters: {'n_neighbors': 5, 'leaf_size': 25, 'p': 2}. Best is trial 2 with value: 0.9.
[I 2026-04-09 19:35:30,339] Trial 29 finished with value: 0.9 and parameters: {'n_neighbors': 6, 'leaf_size': 33, 'p': 1}. Best is trial 2 with value: 0.9.
[I 2026-04-09 19:35:31,054] A new study created in memory with name: xgb
[I 2026-04-09 19:35:31,080] Trial 0 finished with value: 0.8 and parameters: {'n_estimators': 10, 'max_depth': 30, 'gamma': 0.5768356259735394, 'subsample': 0.7094037142783272, 'colsample_bytree': 0.6677039246366646}. Best is trial 0 with value: 0.8.
[I 2026-04-09 19:35:31,105] Trial 1 finished with value: 0.85 and parameters: {'n_estimators': 100, 'max_depth': 30, 'gamma': 0.9912018442360747, 'subsample': 0.9099290984609207, 'colsample_bytree': 0.7066004674080903}. Best is trial 1 with value: 0.85.
[I 2026-04-09 19:35:31,130] Trial 2 finished with value: 0.8 and parameters: {'n_estimators': 10, 'max_depth': 20, 'gamma': 0.7382185757030506, 'subsample': 0.7704684271512641, 'colsample_bytree': 0.5624120871903049}. Best is trial 1 with value: 0.85.
[I 2026-04-09 19:35:31,155] Trial 3 finished with value: 0.8 and parameters: {'n_estimators': 10, 'max_depth': 20, 'gamma': 0.7041784887453524, 'subsample': 0.7995029565695583, 'colsample_bytree': 0.8586660727777565}. Best is trial 1 with value: 0.85.
[I 2026-04-09 19:35:31,183] Trial 4 finished with value: 0.85 and parameters: {'n_estimators': 10, 'max_depth': 20, 'gamma': 0.46549701645255037, 'subsample': 0.9946899241400011, 'colsample_bytree': 0.725249640372583}. Best is trial 1 with value: 0.85.
[I 2026-04-09 19:35:31,234] Trial 5 finished with value: 0.8 and parameters: {'n_estimators': 40, 'max_depth': 20, 'gamma': 0.3554734452019276, 'subsample': 0.5947710951851903, 'colsample_bytree': 0.7356254823676576}. Best is trial 1 with value: 0.85.
[I 2026-04-09 19:35:31,259] Trial 6 finished with value: 0.85 and parameters: {'n_estimators': 40, 'max_depth': 20, 'gamma': 0.8967376717636345, 'subsample': 0.988276510203839, 'colsample_bytree': 0.9184542964535913}. Best is trial 1 with value: 0.85.
[I 2026-04-09 19:35:31,277] Trial 7 finished with value: 0.85 and parameters: {'n_estimators': 40, 'max_depth': 30, 'gamma': 0.7149068474388774, 'subsample': 0.5696358027454862, 'colsample_bytree': 0.8514125286992056}. Best is trial 1 with value: 0.85.
[I 2026-04-09 19:35:31,304] Trial 8 finished with value: 0.8 and parameters: {'n_estimators': 100, 'max_depth': 30, 'gamma': 0.2471398756881566, 'subsample': 0.8241126205332553, 'colsample_bytree': 0.6258070715852391}. Best is trial 1 with value: 0.85.
[I 2026-04-09 19:35:31,332] Trial 9 finished with value: 0.8 and parameters: {'n_estimators': 40, 'max_depth': 30, 'gamma': 0.8599846034069103, 'subsample': 0.8019332783535529, 'colsample_bytree': 0.7936068454878676}. Best is trial 1 with value: 0.85.
[I 2026-04-09 19:35:31,380] Trial 10 finished with value: 0.8 and parameters: {'n_estimators': 100, 'max_depth': 5, 'gamma': 0.985518481083803, 'subsample': 0.8995678910481815, 'colsample_bytree': 0.5289314784806454}. Best is trial 1 with value: 0.85.
[I 2026-04-09 19:35:31,420] Trial 11 finished with value: 0.85 and parameters: {'n_estimators': 100, 'max_depth': 5, 'gamma': 0.40966526279690063, 'subsample': 0.9912642884135212, 'colsample_bytree': 0.7130874746489031}. Best is trial 1 with value: 0.85.
[I 2026-04-09 19:35:31,456] Trial 12 finished with value: 0.8 and parameters: {'n_estimators': 100, 'max_depth': 30, 'gamma': 0.11747018931448144, 'subsample': 0.9066897108137899, 'colsample_bytree': 0.6339534905975921}. Best is trial 1 with value: 0.85.
[I 2026-04-09 19:35:31,481] Trial 13 finished with value: 0.85 and parameters: {'n_estimators': 10, 'max_depth': 20, 'gamma': 0.5487257677049135, 'subsample': 0.9001515525252808, 'colsample_bytree': 0.7780777350584777}. Best is trial 1 with value: 0.85.
[I 2026-04-09 19:35:31,513] Trial 14 finished with value: 0.8 and parameters: {'n_estimators': 100, 'max_depth': 5, 'gamma': 0.47463712168020167, 'subsample': 0.6658807753897364, 'colsample_bytree': 0.9627298158693121}. Best is trial 1 with value: 0.85.
[I 2026-04-09 19:35:31,551] Trial 15 finished with value: 0.85 and parameters: {'n_estimators': 10, 'max_depth': 30, 'gamma': 0.2969731135951171, 'subsample': 0.9489302907455017, 'colsample_bytree': 0.6901830775312008}. Best is trial 1 with value: 0.85.
[I 2026-04-09 19:35:31,575] Trial 16 finished with value: 0.8 and parameters: {'n_estimators': 10, 'max_depth': 20, 'gamma': 0.5883567252446563, 'subsample': 0.853898248948181, 'colsample_bytree': 0.5903761082891221}. Best is trial 1 with value: 0.85.
[I 2026-04-09 19:35:31,612] Trial 17 finished with value: 0.8 and parameters: {'n_estimators': 100, 'max_depth': 30, 'gamma': 0.22189015382940566, 'subsample': 0.5053007952589881, 'colsample_bytree': 0.8206450560248096}. Best is trial 1 with value: 0.85.
[I 2026-04-09 19:35:31,664] Trial 18 finished with value: 0.85 and parameters: {'n_estimators': 100, 'max_depth': 20, 'gamma': 0.8045232978285917, 'subsample': 0.9639959905381882, 'colsample_bytree': 0.7348136711873586}. Best is trial 1 with value: 0.85.
[I 2026-04-09 19:35:31,703] Trial 19 finished with value: 0.8 and parameters: {'n_estimators': 10, 'max_depth': 5, 'gamma': 0.4691286526126799, 'subsample': 0.8754057261860848, 'colsample_bytree': 0.6582802021476128}. Best is trial 1 with value: 0.85.
[I 2026-04-09 19:35:31,742] Trial 20 finished with value: 0.85 and parameters: {'n_estimators': 100, 'max_depth': 20, 'gamma': 0.9786014664999018, 'subsample': 0.9335157751696048, 'colsample_bytree': 0.8971930367860007}. Best is trial 1 with value: 0.85.
[I 2026-04-09 19:35:31,777] Trial 21 finished with value: 0.85 and parameters: {'n_estimators': 40, 'max_depth': 20, 'gamma': 0.8751749814745121, 'subsample': 0.9947334503608439, 'colsample_bytree': 0.9990590479428829}. Best is trial 1 with value: 0.85.
[I 2026-04-09 19:35:31,816] Trial 22 finished with value: 0.85 and parameters: {'n_estimators': 40, 'max_depth': 20, 'gamma': 0.9218040169315626, 'subsample': 0.9939460882778872, 'colsample_bytree': 0.91661597101511}. Best is trial 1 with value: 0.85.
[I 2026-04-09 19:35:31,855] Trial 23 finished with value: 0.85 and parameters: {'n_estimators': 40, 'max_depth': 20, 'gamma': 0.8031073608680608, 'subsample': 0.940266258725632, 'colsample_bytree': 0.7753245222767595}. Best is trial 1 with value: 0.85.
[I 2026-04-09 19:35:31,896] Trial 24 finished with value: 0.8 and parameters: {'n_estimators': 40, 'max_depth': 20, 'gamma': 0.639704795923825, 'subsample': 0.8431481176060228, 'colsample_bytree': 0.6967499788497125}. Best is trial 1 with value: 0.85.
[I 2026-04-09 19:35:31,936] Trial 25 finished with value: 0.85 and parameters: {'n_estimators': 40, 'max_depth': 30, 'gamma': 0.9120470008843172, 'subsample': 0.9371316364957207, 'colsample_bytree': 0.8203278548308155}. Best is trial 1 with value: 0.85.
[I 2026-04-09 19:35:31,975] Trial 26 finished with value: 0.8 and parameters: {'n_estimators': 10, 'max_depth': 20, 'gamma': 0.9908708259348349, 'subsample': 0.7165959283827233, 'colsample_bytree': 0.7537301545795233}. Best is trial 1 with value: 0.85.
[I 2026-04-09 19:35:32,013] Trial 27 finished with value: 0.85 and parameters: {'n_estimators': 40, 'max_depth': 20, 'gamma': 0.7911562536385679, 'subsample': 0.9726732693326483, 'colsample_bytree': 0.8992441948828467}. Best is trial 1 with value: 0.85.
[I 2026-04-09 19:35:32,075] Trial 28 finished with value: 0.85 and parameters: {'n_estimators': 100, 'max_depth': 5, 'gamma': 0.6401818070047431, 'subsample': 0.8797646134570887, 'colsample_bytree': 0.9362078061069877}. Best is trial 1 with value: 0.85.
[I 2026-04-09 19:35:32,105] Trial 29 finished with value: 0.85 and parameters: {'n_estimators': 10, 'max_depth': 30, 'gamma': 0.5077216095251524, 'subsample': 0.9265804463281888, 'colsample_bytree': 0.6677542379790797}. Best is trial 1 with value: 0.85.
[I 2026-04-09 19:35:33,089] A new study created in memory with name: rf
[I 2026-04-09 19:35:33,577] Trial 0 finished with value: 0.8 and parameters: {'n_estimators': 458, 'max_depth': 8, 'min_samples_split': 9, 'min_samples_leaf': 1}. Best is trial 0 with value: 0.8.
[I 2026-04-09 19:35:33,776] Trial 1 finished with value: 0.8 and parameters: {'n_estimators': 143, 'max_depth': 13, 'min_samples_split': 6, 'min_samples_leaf': 5}. Best is trial 0 with value: 0.8.
[I 2026-04-09 19:35:34,095] Trial 2 finished with value: 0.5 and parameters: {'n_estimators': 234, 'max_depth': 14, 'min_samples_split': 5, 'min_samples_leaf': 8}. Best is trial 0 with value: 0.8.
[I 2026-04-09 19:35:34,441] Trial 3 finished with value: 0.5 and parameters: {'n_estimators': 307, 'max_depth': 13, 'min_samples_split': 7, 'min_samples_leaf': 10}. Best is trial 0 with value: 0.8.
[I 2026-04-09 19:35:34,923] Trial 4 finished with value: 0.5 and parameters: {'n_estimators': 428, 'max_depth': 10, 'min_samples_split': 9, 'min_samples_leaf': 9}. Best is trial 0 with value: 0.8.
[I 2026-04-09 19:35:35,071] Trial 5 finished with value: 0.5 and parameters: {'n_estimators': 121, 'max_depth': 15, 'min_samples_split': 9, 'min_samples_leaf': 8}. Best is trial 0 with value: 0.8.
[I 2026-04-09 19:35:35,493] Trial 6 finished with value: 0.5 and parameters: {'n_estimators': 384, 'max_depth': 12, 'min_samples_split': 3, 'min_samples_leaf': 10}. Best is trial 0 with value: 0.8.
[I 2026-04-09 19:35:35,782] Trial 7 finished with value: 0.5 and parameters: {'n_estimators': 261, 'max_depth': 6, 'min_samples_split': 8, 'min_samples_leaf': 10}. Best is trial 0 with value: 0.8.
[I 2026-04-09 19:35:36,041] Trial 8 finished with value: 0.5 and parameters: {'n_estimators': 202, 'max_depth': 15, 'min_samples_split': 7, 'min_samples_leaf': 8}. Best is trial 0 with value: 0.8.
[I 2026-04-09 19:35:36,593] Trial 9 finished with value: 0.8 and parameters: {'n_estimators': 475, 'max_depth': 9, 'min_samples_split': 4, 'min_samples_leaf': 5}. Best is trial 0 with value: 0.8.
[I 2026-04-09 19:35:37,056] Trial 10 finished with value: 0.8 and parameters: {'n_estimators': 352, 'max_depth': 20, 'min_samples_split': 10, 'min_samples_leaf': 1}. Best is trial 0 with value: 0.8.
[I 2026-04-09 19:35:37,261] Trial 11 finished with value: 0.8 and parameters: {'n_estimators': 110, 'max_depth': 4, 'min_samples_split': 6, 'min_samples_leaf': 1}. Best is trial 0 with value: 0.8.
[I 2026-04-09 19:35:37,877] Trial 12 finished with value: 0.8 and parameters: {'n_estimators': 489, 'max_depth': 7, 'min_samples_split': 2, 'min_samples_leaf': 4}. Best is trial 0 with value: 0.8.
[I 2026-04-09 19:35:38,192] Trial 13 finished with value: 0.8 and parameters: {'n_estimators': 201, 'max_depth': 18, 'min_samples_split': 5, 'min_samples_leaf': 3}. Best is trial 0 with value: 0.8.
[I 2026-04-09 19:35:38,442] Trial 14 finished with value: 0.75 and parameters: {'n_estimators': 157, 'max_depth': 9, 'min_samples_split': 7, 'min_samples_leaf': 6}. Best is trial 0 with value: 0.8.
[I 2026-04-09 19:35:38,875] Trial 15 finished with value: 0.8 and parameters: {'n_estimators': 308, 'max_depth': 3, 'min_samples_split': 10, 'min_samples_leaf': 3}. Best is trial 0 with value: 0.8.
[I 2026-04-09 19:35:39,374] Trial 16 finished with value: 0.8 and parameters: {'n_estimators': 423, 'max_depth': 17, 'min_samples_split': 6, 'min_samples_leaf': 6}. Best is trial 0 with value: 0.8.
[I 2026-04-09 19:35:39,803] Trial 17 finished with value: 0.8 and parameters: {'n_estimators': 339, 'max_depth': 11, 'min_samples_split': 8, 'min_samples_leaf': 2}. Best is trial 0 with value: 0.8.
[I 2026-04-09 19:35:40,126] Trial 18 finished with value: 0.8 and parameters: {'n_estimators': 264, 'max_depth': 7, 'min_samples_split': 5, 'min_samples_leaf': 5}. Best is trial 0 with value: 0.8.
[I 2026-04-09 19:35:40,609] Trial 19 finished with value: 0.8 and parameters: {'n_estimators': 433, 'max_depth': 6, 'min_samples_split': 8, 'min_samples_leaf': 3}. Best is trial 0 with value: 0.8.
[I 2026-04-09 19:35:40,834] Trial 20 finished with value: 0.85 and parameters: {'n_estimators': 167, 'max_depth': 11, 'min_samples_split': 4, 'min_samples_leaf': 2}. Best is trial 20 with value: 0.85.
[I 2026-04-09 19:35:41,087] Trial 21 finished with value: 0.85 and parameters: {'n_estimators': 173, 'max_depth': 11, 'min_samples_split': 4, 'min_samples_leaf': 2}. Best is trial 20 with value: 0.85.
[I 2026-04-09 19:35:41,339] Trial 22 finished with value: 0.8 and parameters: {'n_estimators': 183, 'max_depth': 9, 'min_samples_split': 3, 'min_samples_leaf': 2}. Best is trial 20 with value: 0.85.
[I 2026-04-09 19:35:41,647] Trial 23 finished with value: 0.8 and parameters: {'n_estimators': 244, 'max_depth': 11, 'min_samples_split': 4, 'min_samples_leaf': 2}. Best is trial 20 with value: 0.85.
[I 2026-04-09 19:35:41,892] Trial 24 finished with value: 0.8 and parameters: {'n_estimators': 185, 'max_depth': 8, 'min_samples_split': 4, 'min_samples_leaf': 1}. Best is trial 20 with value: 0.85.
[I 2026-04-09 19:35:42,101] Trial 25 finished with value: 0.8 and parameters: {'n_estimators': 154, 'max_depth': 11, 'min_samples_split': 2, 'min_samples_leaf': 2}. Best is trial 20 with value: 0.85.
[I 2026-04-09 19:35:42,256] Trial 26 finished with value: 0.8 and parameters: {'n_estimators': 102, 'max_depth': 10, 'min_samples_split': 3, 'min_samples_leaf': 4}. Best is trial 20 with value: 0.85.
[I 2026-04-09 19:35:42,525] Trial 27 finished with value: 0.8 and parameters: {'n_estimators': 220, 'max_depth': 13, 'min_samples_split': 5, 'min_samples_leaf': 1}. Best is trial 20 with value: 0.85.
[I 2026-04-09 19:35:42,865] Trial 28 finished with value: 0.8 and parameters: {'n_estimators': 281, 'max_depth': 5, 'min_samples_split': 4, 'min_samples_leaf': 4}. Best is trial 20 with value: 0.85.
[I 2026-04-09 19:35:43,072] Trial 29 finished with value: 0.8 and parameters: {'n_estimators': 139, 'max_depth': 12, 'min_samples_split': 3, 'min_samples_leaf': 3}. Best is trial 20 with value: 0.85.
[I 2026-04-09 19:35:45,351] A new study created in memory with name: mlp
[I 2026-04-09 19:35:45,432] Trial 0 finished with value: 0.9 and parameters: {'hidden_layer_sizes': (100,), 'max_iter': 100, 'alpha': 0.0001}. Best is trial 0 with value: 0.9.
[I 2026-04-09 19:35:45,511] Trial 1 finished with value: 0.9 and parameters: {'hidden_layer_sizes': (100, 100), 'max_iter': 100, 'alpha': 0.001}. Best is trial 0 with value: 0.9.
[I 2026-04-09 19:35:45,567] Trial 2 finished with value: 0.9 and parameters: {'hidden_layer_sizes': (200,), 'max_iter': 100, 'alpha': 0.0001}. Best is trial 0 with value: 0.9.
[I 2026-04-09 19:35:45,601] Trial 3 finished with value: 0.85 and parameters: {'hidden_layer_sizes': (200,), 'max_iter': 50, 'alpha': 0.001}. Best is trial 0 with value: 0.9.
[I 2026-04-09 19:35:45,645] Trial 4 finished with value: 0.85 and parameters: {'hidden_layer_sizes': (100, 100), 'max_iter': 50, 'alpha': 0.0001}. Best is trial 0 with value: 0.9.
[I 2026-04-09 19:35:45,701] Trial 5 finished with value: 0.95 and parameters: {'hidden_layer_sizes': (200,), 'max_iter': 100, 'alpha': 0.0001}. Best is trial 5 with value: 0.95.
[I 2026-04-09 19:35:45,745] Trial 6 finished with value: 0.9 and parameters: {'hidden_layer_sizes': (200,), 'max_iter': 100, 'alpha': 0.001}. Best is trial 5 with value: 0.95.
[I 2026-04-09 19:35:45,806] Trial 7 finished with value: 0.8 and parameters: {'hidden_layer_sizes': (100,), 'max_iter': 100, 'alpha': 0.001}. Best is trial 5 with value: 0.95.
[I 2026-04-09 19:35:45,871] Trial 8 finished with value: 0.85 and parameters: {'hidden_layer_sizes': (100, 100), 'max_iter': 100, 'alpha': 0.0001}. Best is trial 5 with value: 0.95.
[I 2026-04-09 19:35:45,915] Trial 9 finished with value: 0.9 and parameters: {'hidden_layer_sizes': (200,), 'max_iter': 100, 'alpha': 0.0001}. Best is trial 5 with value: 0.95.
[I 2026-04-09 19:35:45,949] Trial 10 finished with value: 0.85 and parameters: {'hidden_layer_sizes': (200,), 'max_iter': 50, 'alpha': 0.0001}. Best is trial 5 with value: 0.95.
[I 2026-04-09 19:35:46,003] Trial 11 finished with value: 0.85 and parameters: {'hidden_layer_sizes': (100,), 'max_iter': 100, 'alpha': 0.0001}. Best is trial 5 with value: 0.95.
[I 2026-04-09 19:35:46,067] Trial 12 finished with value: 0.85 and parameters: {'hidden_layer_sizes': (100,), 'max_iter': 100, 'alpha': 0.0001}. Best is trial 5 with value: 0.95.
[I 2026-04-09 19:35:46,123] Trial 13 finished with value: 0.9 and parameters: {'hidden_layer_sizes': (100,), 'max_iter': 100, 'alpha': 0.0001}. Best is trial 5 with value: 0.95.
[I 2026-04-09 19:35:46,158] Trial 14 finished with value: 0.85 and parameters: {'hidden_layer_sizes': (100,), 'max_iter': 50, 'alpha': 0.0001}. Best is trial 5 with value: 0.95.
[I 2026-04-09 19:35:46,206] Trial 15 finished with value: 0.9 and parameters: {'hidden_layer_sizes': (200,), 'max_iter': 100, 'alpha': 0.0001}. Best is trial 5 with value: 0.95.
[I 2026-04-09 19:35:46,250] Trial 16 finished with value: 0.9 and parameters: {'hidden_layer_sizes': (100,), 'max_iter': 100, 'alpha': 0.0001}. Best is trial 5 with value: 0.95.
[I 2026-04-09 19:35:46,297] Trial 17 finished with value: 0.95 and parameters: {'hidden_layer_sizes': (100,), 'max_iter': 100, 'alpha': 0.0001}. Best is trial 5 with value: 0.95.
[I 2026-04-09 19:35:46,338] Trial 18 finished with value: 0.9 and parameters: {'hidden_layer_sizes': (200,), 'max_iter': 50, 'alpha': 0.001}. Best is trial 5 with value: 0.95.
[I 2026-04-09 19:35:46,406] Trial 19 finished with value: 0.9 and parameters: {'hidden_layer_sizes': (100, 100), 'max_iter': 100, 'alpha': 0.0001}. Best is trial 5 with value: 0.95.
[I 2026-04-09 19:35:46,457] Trial 20 finished with value: 0.9 and parameters: {'hidden_layer_sizes': (100,), 'max_iter': 100, 'alpha': 0.0001}. Best is trial 5 with value: 0.95.
[I 2026-04-09 19:35:46,510] Trial 21 finished with value: 0.9 and parameters: {'hidden_layer_sizes': (100,), 'max_iter': 100, 'alpha': 0.0001}. Best is trial 5 with value: 0.95.
[I 2026-04-09 19:35:46,556] Trial 22 finished with value: 0.9 and parameters: {'hidden_layer_sizes': (100,), 'max_iter': 100, 'alpha': 0.0001}. Best is trial 5 with value: 0.95.
[I 2026-04-09 19:35:46,614] Trial 23 finished with value: 0.9 and parameters: {'hidden_layer_sizes': (100,), 'max_iter': 100, 'alpha': 0.0001}. Best is trial 5 with value: 0.95.
