[I 2026-04-07 01:03:28,300] Trial 13 finished with value: 0.95 and parameters: {'n_estimators': 40, 'max_depth': 5, 'gamma': 0.15813912455139084, 'subsample': 0.7844515830692418, 'colsample_bytree': 0.6758652093499296}. Best is trial 0 with value: 1.0.
[I 2026-04-07 01:03:28,337] Trial 14 finished with value: 0.95 and parameters: {'n_estimators': 100, 'max_depth': 30, 'gamma': 0.6918007402171132, 'subsample': 0.8431105857116872, 'colsample_bytree': 0.8216506181347186}. Best is trial 0 with value: 1.0.
[I 2026-04-07 01:03:28,384] Trial 15 finished with value: 0.95 and parameters: {'n_estimators': 100, 'max_depth': 30, 'gamma': 0.349760846204061, 'subsample': 0.6341284233145288, 'colsample_bytree': 0.8604557310580807}. Best is trial 0 with value: 1.0.
[I 2026-04-07 01:03:28,422] Trial 16 finished with value: 0.95 and parameters: {'n_estimators': 40, 'max_depth': 5, 'gamma': 0.5201464803795712, 'subsample': 0.7450819645371771, 'colsample_bytree': 0.6198858180831269}. Best is trial 0 with value: 1.0.
[I 2026-04-07 01:03:28,458] Trial 17 finished with value: 0.95 and parameters: {'n_estimators': 40, 'max_depth': 30, 'gamma': 0.24898809859426368, 'subsample': 0.8794206962560682, 'colsample_bytree': 0.7109611479294711}. Best is trial 0 with value: 1.0.
[I 2026-04-07 01:03:28,507] Trial 18 finished with value: 0.95 and parameters: {'n_estimators': 100, 'max_depth': 5, 'gamma': 0.9913860986584816, 'subsample': 0.7789286533284532, 'colsample_bytree': 0.6271428698415437}. Best is trial 0 with value: 1.0.
[I 2026-04-07 01:03:28,544] Trial 19 finished with value: 1.0 and parameters: {'n_estimators': 10, 'max_depth': 20, 'gamma': 0.1024661458044199, 'subsample': 0.6385018241519915, 'colsample_bytree': 0.7256286391121816}. Best is trial 0 with value: 1.0.
[I 2026-04-07 01:03:28,582] Trial 20 finished with value: 1.0 and parameters: {'n_estimators': 10, 'max_depth': 20, 'gamma': 0.7591732860443527, 'subsample': 0.6081789818596111, 'colsample_bytree': 0.8803558534234343}. Best is trial 0 with value: 1.0.
[I 2026-04-07 01:03:28,618] Trial 21 finished with value: 1.0 and parameters: {'n_estimators': 10, 'max_depth': 20, 'gamma': 0.756960595023021, 'subsample': 0.6019512286281076, 'colsample_bytree': 0.9021657527125135}. Best is trial 0 with value: 1.0.
[I 2026-04-07 01:03:28,657] Trial 22 finished with value: 0.95 and parameters: {'n_estimators': 10, 'max_depth': 20, 'gamma': 0.8854614844729536, 'subsample': 0.6579986889734997, 'colsample_bytree': 0.7440353996836335}. Best is trial 0 with value: 1.0.
[I 2026-04-07 01:03:28,694] Trial 23 finished with value: 0.95 and parameters: {'n_estimators': 10, 'max_depth': 20, 'gamma': 0.6071352814947328, 'subsample': 0.5699903010347496, 'colsample_bytree': 0.9028660805029498}. Best is trial 0 with value: 1.0.
[I 2026-04-07 01:03:28,733] Trial 24 finished with value: 0.95 and parameters: {'n_estimators': 10, 'max_depth': 20, 'gamma': 0.103167226962809, 'subsample': 0.5942508344462347, 'colsample_bytree': 0.7236816952042269}. Best is trial 0 with value: 1.0.
[I 2026-04-07 01:03:28,770] Trial 25 finished with value: 0.95 and parameters: {'n_estimators': 10, 'max_depth': 20, 'gamma': 0.7390572163540144, 'subsample': 0.7414430558820151, 'colsample_bytree': 0.8249296207791332}. Best is trial 0 with value: 1.0.
[I 2026-04-07 01:03:28,809] Trial 26 finished with value: 0.95 and parameters: {'n_estimators': 10, 'max_depth': 20, 'gamma': 0.46263987848606064, 'subsample': 0.6704151201527463, 'colsample_bytree': 0.9157791577770231}. Best is trial 0 with value: 1.0.
[I 2026-04-07 01:03:28,856] Trial 27 finished with value: 0.95 and parameters: {'n_estimators': 10, 'max_depth': 20, 'gamma': 0.8804245212727981, 'subsample': 0.6202878453237749, 'colsample_bytree': 0.7742829238488363}. Best is trial 0 with value: 1.0.
[I 2026-04-07 01:03:28,894] Trial 28 finished with value: 0.95 and parameters: {'n_estimators': 10, 'max_depth': 20, 'gamma': 0.6257456011206554, 'subsample': 0.7814761682492076, 'colsample_bytree': 0.8573192107028357}. Best is trial 0 with value: 1.0.
[I 2026-04-07 01:03:28,932] Trial 29 finished with value: 0.95 and parameters: {'n_estimators': 40, 'max_depth': 5, 'gamma': 0.8318229767067172, 'subsample': 0.7080718550904449, 'colsample_bytree': 0.6491758912410686}. Best is trial 0 with value: 1.0.
[I 2026-04-07 01:03:29,760] A new study created in memory with name: rf
[I 2026-04-07 01:03:30,016] Trial 0 finished with value: 0.5 and parameters: {'n_estimators': 189, 'max_depth': 18, 'min_samples_split': 3, 'min_samples_leaf': 10}. Best is trial 0 with value: 0.5.
[I 2026-04-07 01:03:30,365] Trial 1 finished with value: 0.95 and parameters: {'n_estimators': 295, 'max_depth': 14, 'min_samples_split': 8, 'min_samples_leaf': 6}. Best is trial 1 with value: 0.95.
[I 2026-04-07 01:03:30,603] Trial 2 finished with value: 0.5 and parameters: {'n_estimators': 219, 'max_depth': 6, 'min_samples_split': 2, 'min_samples_leaf': 8}. Best is trial 1 with value: 0.95.
[I 2026-04-07 01:03:30,937] Trial 3 finished with value: 1.0 and parameters: {'n_estimators': 276, 'max_depth': 5, 'min_samples_split': 9, 'min_samples_leaf': 3}. Best is trial 3 with value: 1.0.
[I 2026-04-07 01:03:31,255] Trial 4 finished with value: 0.95 and parameters: {'n_estimators': 266, 'max_depth': 8, 'min_samples_split': 7, 'min_samples_leaf': 6}. Best is trial 3 with value: 1.0.
[I 2026-04-07 01:03:31,633] Trial 5 finished with value: 0.95 and parameters: {'n_estimators': 340, 'max_depth': 7, 'min_samples_split': 4, 'min_samples_leaf': 3}. Best is trial 3 with value: 1.0.
[I 2026-04-07 01:03:31,892] Trial 6 finished with value: 0.5 and parameters: {'n_estimators': 231, 'max_depth': 5, 'min_samples_split': 3, 'min_samples_leaf': 10}. Best is trial 3 with value: 1.0.
[I 2026-04-07 01:03:32,372] Trial 7 finished with value: 1.0 and parameters: {'n_estimators': 485, 'max_depth': 6, 'min_samples_split': 2, 'min_samples_leaf': 3}. Best is trial 3 with value: 1.0.
[I 2026-04-07 01:03:32,774] Trial 8 finished with value: 1.0 and parameters: {'n_estimators': 380, 'max_depth': 17, 'min_samples_split': 2, 'min_samples_leaf': 6}. Best is trial 3 with value: 1.0.
[I 2026-04-07 01:03:32,902] Trial 9 finished with value: 0.5 and parameters: {'n_estimators': 100, 'max_depth': 12, 'min_samples_split': 7, 'min_samples_leaf': 10}. Best is trial 3 with value: 1.0.
[I 2026-04-07 01:03:33,365] Trial 10 finished with value: 1.0 and parameters: {'n_estimators': 446, 'max_depth': 3, 'min_samples_split': 10, 'min_samples_leaf': 2}. Best is trial 3 with value: 1.0.
[I 2026-04-07 01:03:33,923] Trial 11 finished with value: 1.0 and parameters: {'n_estimators': 498, 'max_depth': 10, 'min_samples_split': 10, 'min_samples_leaf': 4}. Best is trial 3 with value: 1.0.
[I 2026-04-07 01:03:34,348] Trial 12 finished with value: 1.0 and parameters: {'n_estimators': 387, 'max_depth': 3, 'min_samples_split': 5, 'min_samples_leaf': 1}. Best is trial 3 with value: 1.0.
[I 2026-04-07 01:03:34,808] Trial 13 finished with value: 1.0 and parameters: {'n_estimators': 422, 'max_depth': 9, 'min_samples_split': 9, 'min_samples_leaf': 4}. Best is trial 3 with value: 1.0.
[I 2026-04-07 01:03:35,200] Trial 14 finished with value: 1.0 and parameters: {'n_estimators': 331, 'max_depth': 5, 'min_samples_split': 6, 'min_samples_leaf': 1}. Best is trial 3 with value: 1.0.
[I 2026-04-07 01:03:35,431] Trial 15 finished with value: 0.95 and parameters: {'n_estimators': 167, 'max_depth': 12, 'min_samples_split': 5, 'min_samples_leaf': 4}. Best is trial 3 with value: 1.0.
[I 2026-04-07 01:03:35,977] Trial 16 finished with value: 1.0 and parameters: {'n_estimators': 496, 'max_depth': 15, 'min_samples_split': 8, 'min_samples_leaf': 3}. Best is trial 3 with value: 1.0.
[I 2026-04-07 01:03:36,301] Trial 17 finished with value: 1.0 and parameters: {'n_estimators': 270, 'max_depth': 10, 'min_samples_split': 6, 'min_samples_leaf': 2}. Best is trial 3 with value: 1.0.
[I 2026-04-07 01:03:36,686] Trial 18 finished with value: 0.95 and parameters: {'n_estimators': 343, 'max_depth': 4, 'min_samples_split': 9, 'min_samples_leaf': 5}. Best is trial 3 with value: 1.0.
[I 2026-04-07 01:03:37,170] Trial 19 finished with value: 0.5 and parameters: {'n_estimators': 451, 'max_depth': 6, 'min_samples_split': 4, 'min_samples_leaf': 8}. Best is trial 3 with value: 1.0.
[I 2026-04-07 01:03:37,365] Trial 20 finished with value: 0.95 and parameters: {'n_estimators': 131, 'max_depth': 8, 'min_samples_split': 7, 'min_samples_leaf': 2}. Best is trial 3 with value: 1.0.
[I 2026-04-07 01:03:37,751] Trial 21 finished with value: 0.6 and parameters: {'n_estimators': 377, 'max_depth': 20, 'min_samples_split': 2, 'min_samples_leaf': 7}. Best is trial 3 with value: 1.0.
[I 2026-04-07 01:03:38,207] Trial 22 finished with value: 1.0 and parameters: {'n_estimators': 402, 'max_depth': 16, 'min_samples_split': 3, 'min_samples_leaf': 5}. Best is trial 3 with value: 1.0.
[I 2026-04-07 01:03:38,724] Trial 23 finished with value: 1.0 and parameters: {'n_estimators': 460, 'max_depth': 20, 'min_samples_split': 2, 'min_samples_leaf': 3}. Best is trial 3 with value: 1.0.
[I 2026-04-07 01:03:39,059] Trial 24 finished with value: 0.6 and parameters: {'n_estimators': 313, 'max_depth': 17, 'min_samples_split': 4, 'min_samples_leaf': 7}. Best is trial 3 with value: 1.0.
[I 2026-04-07 01:03:39,489] Trial 25 finished with value: 1.0 and parameters: {'n_estimators': 374, 'max_depth': 14, 'min_samples_split': 3, 'min_samples_leaf': 5}. Best is trial 3 with value: 1.0.
[I 2026-04-07 01:03:39,845] Trial 26 finished with value: 1.0 and parameters: {'n_estimators': 278, 'max_depth': 11, 'min_samples_split': 2, 'min_samples_leaf': 4}. Best is trial 3 with value: 1.0.
[I 2026-04-07 01:03:40,131] Trial 27 finished with value: 0.5 and parameters: {'n_estimators': 236, 'max_depth': 18, 'min_samples_split': 5, 'min_samples_leaf': 7}. Best is trial 3 with value: 1.0.
[I 2026-04-07 01:03:40,580] Trial 28 finished with value: 1.0 and parameters: {'n_estimators': 422, 'max_depth': 5, 'min_samples_split': 9, 'min_samples_leaf': 3}. Best is trial 3 with value: 1.0.
[I 2026-04-07 01:03:40,846] Trial 29 finished with value: 1.0 and parameters: {'n_estimators': 196, 'max_depth': 13, 'min_samples_split': 3, 'min_samples_leaf': 6}. Best is trial 3 with value: 1.0.
[I 2026-04-07 01:03:43,551] A new study created in memory with name: mlp
[I 2026-04-07 01:03:43,597] Trial 0 finished with value: 1.0 and parameters: {'hidden_layer_sizes': (200,), 'max_iter': 50, 'alpha': 0.001}. Best is trial 0 with value: 1.0.
[I 2026-04-07 01:03:43,654] Trial 1 finished with value: 1.0 and parameters: {'hidden_layer_sizes': (100,), 'max_iter': 100, 'alpha': 0.0001}. Best is trial 0 with value: 1.0.
[I 2026-04-07 01:03:43,711] Trial 2 finished with value: 1.0 and parameters: {'hidden_layer_sizes': (100,), 'max_iter': 100, 'alpha': 0.001}. Best is trial 0 with value: 1.0.
[I 2026-04-07 01:03:43,747] Trial 3 finished with value: 1.0 and parameters: {'hidden_layer_sizes': (200,), 'max_iter': 50, 'alpha': 0.001}. Best is trial 0 with value: 1.0.
[I 2026-04-07 01:03:43,795] Trial 4 finished with value: 1.0 and parameters: {'hidden_layer_sizes': (100,), 'max_iter': 100, 'alpha': 0.0001}. Best is trial 0 with value: 1.0.
[I 2026-04-07 01:03:43,842] Trial 5 finished with value: 1.0 and parameters: {'hidden_layer_sizes': (100,), 'max_iter': 100, 'alpha': 0.001}. Best is trial 0 with value: 1.0.
[I 2026-04-07 01:03:43,888] Trial 6 finished with value: 1.0 and parameters: {'hidden_layer_sizes': (200,), 'max_iter': 100, 'alpha': 0.001}. Best is trial 0 with value: 1.0.
[I 2026-04-07 01:03:43,935] Trial 7 finished with value: 1.0 and parameters: {'hidden_layer_sizes': (200,), 'max_iter': 100, 'alpha': 0.001}. Best is trial 0 with value: 1.0.
[I 2026-04-07 01:03:43,980] Trial 8 finished with value: 1.0 and parameters: {'hidden_layer_sizes': (100,), 'max_iter': 100, 'alpha': 0.001}. Best is trial 0 with value: 1.0.
[I 2026-04-07 01:03:44,014] Trial 9 finished with value: 1.0 and parameters: {'hidden_layer_sizes': (100,), 'max_iter': 50, 'alpha': 0.001}. Best is trial 0 with value: 1.0.
[I 2026-04-07 01:03:44,058] Trial 10 finished with value: 1.0 and parameters: {'hidden_layer_sizes': (100, 100), 'max_iter': 50, 'alpha': 0.0001}. Best is trial 0 with value: 1.0.
[I 2026-04-07 01:03:44,103] Trial 11 finished with value: 1.0 and parameters: {'hidden_layer_sizes': (100, 100), 'max_iter': 50, 'alpha': 0.0001}. Best is trial 0 with value: 1.0.
[I 2026-04-07 01:03:44,151] Trial 12 finished with value: 1.0 and parameters: {'hidden_layer_sizes': (200,), 'max_iter': 50, 'alpha': 0.0001}. Best is trial 0 with value: 1.0.
[I 2026-04-07 01:03:44,199] Trial 13 finished with value: 1.0 and parameters: {'hidden_layer_sizes': (200,), 'max_iter': 50, 'alpha': 0.0001}. Best is trial 0 with value: 1.0.
[I 2026-04-07 01:03:44,247] Trial 14 finished with value: 1.0 and parameters: {'hidden_layer_sizes': (100, 100), 'max_iter': 100, 'alpha': 0.0001}. Best is trial 0 with value: 1.0.
[I 2026-04-07 01:03:44,285] Trial 15 finished with value: 1.0 and parameters: {'hidden_layer_sizes': (100,), 'max_iter': 50, 'alpha': 0.0001}. Best is trial 0 with value: 1.0.
[I 2026-04-07 01:03:44,333] Trial 16 finished with value: 1.0 and parameters: {'hidden_layer_sizes': (200,), 'max_iter': 100, 'alpha': 0.001}. Best is trial 0 with value: 1.0.
[I 2026-04-07 01:03:44,367] Trial 17 finished with value: 1.0 and parameters: {'hidden_layer_sizes': (200,), 'max_iter': 50, 'alpha': 0.0001}. Best is trial 0 with value: 1.0.
[I 2026-04-07 01:03:44,421] Trial 18 finished with value: 1.0 and parameters: {'hidden_layer_sizes': (100,), 'max_iter': 100, 'alpha': 0.001}. Best is trial 0 with value: 1.0.
[I 2026-04-07 01:03:44,465] Trial 19 finished with value: 1.0 and parameters: {'hidden_layer_sizes': (100, 100), 'max_iter': 50, 'alpha': 0.0001}. Best is trial 0 with value: 1.0.
[I 2026-04-07 01:03:44,520] Trial 20 finished with value: 1.0 and parameters: {'hidden_layer_sizes': (200,), 'max_iter': 100, 'alpha': 0.0001}. Best is trial 0 with value: 1.0.
[I 2026-04-07 01:03:44,564] Trial 21 finished with value: 1.0 and parameters: {'hidden_layer_sizes': (100,), 'max_iter': 100, 'alpha': 0.001}. Best is trial 0 with value: 1.0.
[I 2026-04-07 01:03:44,608] Trial 22 finished with value: 1.0 and parameters: {'hidden_layer_sizes': (100,), 'max_iter': 100, 'alpha': 0.001}. Best is trial 0 with value: 1.0.
[I 2026-04-07 01:03:44,655] Trial 23 finished with value: 1.0 and parameters: {'hidden_layer_sizes': (100,), 'max_iter': 100, 'alpha': 0.001}. Best is trial 0 with value: 1.0.
[I 2026-04-07 01:03:44,701] Trial 24 finished with value: 1.0 and parameters: {'hidden_layer_sizes': (100,), 'max_iter': 100, 'alpha': 0.001}. Best is trial 0 with value: 1.0.
[I 2026-04-07 01:03:44,749] Trial 25 finished with value: 1.0 and parameters: {'hidden_layer_sizes': (100,), 'max_iter': 100, 'alpha': 0.001}. Best is trial 0 with value: 1.0.
[I 2026-04-07 01:03:44,787] Trial 26 finished with value: 1.0 and parameters: {'hidden_layer_sizes': (100,), 'max_iter': 50, 'alpha': 0.001}. Best is trial 0 with value: 1.0.
[I 2026-04-07 01:03:44,846] Trial 27 finished with value: 1.0 and parameters: {'hidden_layer_sizes': (100,), 'max_iter': 100, 'alpha': 0.001}. Best is trial 0 with value: 1.0.
[I 2026-04-07 01:03:44,894] Trial 28 finished with value: 1.0 and parameters: {'hidden_layer_sizes': (100, 100), 'max_iter': 50, 'alpha': 0.0001}. Best is trial 0 with value: 1.0.
[I 2026-04-07 01:03:44,932] Trial 29 finished with value: 1.0 and parameters: {'hidden_layer_sizes': (200,), 'max_iter': 50, 'alpha': 0.001}. Best is trial 0 with value: 1.0.
[I 2026-04-07 01:03:45,943] A new study created in memory with name: naive_bayes
[I 2026-04-07 01:03:45,957] Trial 0 finished with value: 0.85 and parameters: {'var_smoothing': 6.10548688762798e-09}. Best is trial 0 with value: 0.85.
[I 2026-04-07 01:03:45,970] Trial 1 finished with value: 0.85 and parameters: {'var_smoothing': 4.6127467400935034e-10}. Best is trial 0 with value: 0.85.
[I 2026-04-07 01:03:45,983] Trial 2 finished with value: 0.85 and parameters: {'var_smoothing': 4.389936579400967e-09}. Best is trial 0 with value: 0.85.
[I 2026-04-07 01:03:45,997] Trial 3 finished with value: 0.85 and parameters: {'var_smoothing': 1.2116948204672054e-10}. Best is trial 0 with value: 0.85.
[I 2026-04-07 01:03:46,010] Trial 4 finished with value: 0.85 and parameters: {'var_smoothing': 1.6417739478477417e-10}. Best is trial 0 with value: 0.85.
[I 2026-04-07 01:03:46,023] Trial 5 finished with value: 0.85 and parameters: {'var_smoothing': 1.5491880147236797e-09}. Best is trial 0 with value: 0.85.
[I 2026-04-07 01:03:46,037] Trial 6 finished with value: 0.85 and parameters: {'var_smoothing': 1.1471883405287265e-09}. Best is trial 0 with value: 0.85.
[I 2026-04-07 01:03:46,051] Trial 7 finished with value: 0.85 and parameters: {'var_smoothing': 6.88041853492358e-10}. Best is trial 0 with value: 0.85.
[I 2026-04-07 01:03:46,065] Trial 8 finished with value: 0.85 and parameters: {'var_smoothing': 4.686144741221158e-10}. Best is trial 0 with value: 0.85.
[I 2026-04-07 01:03:46,078] Trial 9 finished with value: 0.85 and parameters: {'var_smoothing': 1.7580809350683337e-09}. Best is trial 0 with value: 0.85.
[I 2026-04-07 01:03:46,096] Trial 10 finished with value: 0.85 and parameters: {'var_smoothing': 9.83902635509218e-09}. Best is trial 0 with value: 0.85.
[I 2026-04-07 01:03:46,113] Trial 11 finished with value: 0.85 and parameters: {'var_smoothing': 2.660399871603373e-10}. Best is trial 0 with value: 0.85.
[I 2026-04-07 01:03:46,132] Trial 12 finished with value: 0.85 and parameters: {'var_smoothing': 9.276268851540963e-09}. Best is trial 0 with value: 0.85.
[I 2026-04-07 01:03:46,152] Trial 13 finished with value: 0.85 and parameters: {'var_smoothing': 2.9844010685221692e-09}. Best is trial 0 with value: 0.85.
[I 2026-04-07 01:03:46,172] Trial 14 finished with value: 0.85 and parameters: {'var_smoothing': 3.8923309717334116e-10}. Best is trial 0 with value: 0.85.
[I 2026-04-07 01:03:46,192] Trial 15 finished with value: 0.85 and parameters: {'var_smoothing': 3.85461066627204e-09}. Best is trial 0 with value: 0.85.
[I 2026-04-07 01:03:46,212] Trial 16 finished with value: 0.85 and parameters: {'var_smoothing': 7.120907275009211e-10}. Best is trial 0 with value: 0.85.
[I 2026-04-07 01:03:46,230] Trial 17 finished with value: 0.85 and parameters: {'var_smoothing': 2.412486610614855e-10}. Best is trial 0 with value: 0.85.
[I 2026-04-07 01:03:46,247] Trial 18 finished with value: 0.85 and parameters: {'var_smoothing': 2.3580860166954074e-09}. Best is trial 0 with value: 0.85.
[I 2026-04-07 01:03:46,265] Trial 19 finished with value: 0.85 and parameters: {'var_smoothing': 5.846846875339535e-09}. Best is trial 0 with value: 0.85.
[I 2026-04-07 01:03:46,284] Trial 20 finished with value: 0.85 and parameters: {'var_smoothing': 1.0486521320383776e-09}. Best is trial 0 with value: 0.85.
[I 2026-04-07 01:03:46,315] Trial 21 finished with value: 0.85 and parameters: {'var_smoothing': 4.9491450263339475e-09}. Best is trial 0 with value: 0.85.
[I 2026-04-07 01:03:46,333] Trial 22 finished with value: 0.85 and parameters: {'var_smoothing': 6.667992141406306e-09}. Best is trial 0 with value: 0.85.
[I 2026-04-07 01:03:46,350] Trial 23 finished with value: 0.85 and parameters: {'var_smoothing': 3.2795712712135213e-09}. Best is trial 0 with value: 0.85.
[I 2026-04-07 01:03:46,369] Trial 24 finished with value: 0.85 and parameters: {'var_smoothing': 6.403538416287158e-10}. Best is trial 0 with value: 0.85.
[I 2026-04-07 01:03:46,385] Trial 25 finished with value: 0.85 and parameters: {'var_smoothing': 2.1589819023851477e-09}. Best is trial 0 with value: 0.85.
[I 2026-04-07 01:03:46,405] Trial 26 finished with value: 0.85 and parameters: {'var_smoothing': 3.912617821024548e-09}. Best is trial 0 with value: 0.85.
[I 2026-04-07 01:03:46,424] Trial 27 finished with value: 0.85 and parameters: {'var_smoothing': 7.162139101012446e-09}. Best is trial 0 with value: 0.85.
[I 2026-04-07 01:03:46,443] Trial 28 finished with value: 0.85 and parameters: {'var_smoothing': 1.3883316815746274e-09}. Best is trial 0 with value: 0.85.
[I 2026-04-07 01:03:46,463] Trial 29 finished with value: 0.85 and parameters: {'var_smoothing': 4.1751754503046387e-10}. Best is trial 0 with value: 0.85.
[I 2026-04-07 01:03:46,883] A new study created in memory with name: logreg
[I 2026-04-07 01:03:46,907] Trial 0 finished with value: 0.85 and parameters: {'C': 29.127335430981816, 'penalty': 'l2'}. Best is trial 0 with value: 0.85.
[I 2026-04-07 01:03:46,919] Trial 1 finished with value: 0.9 and parameters: {'C': 0.045698192893558344, 'penalty': 'l2'}. Best is trial 1 with value: 0.9.
[I 2026-04-07 01:03:46,941] Trial 2 finished with value: 0.85 and parameters: {'C': 12.768668597712947, 'penalty': 'l2'}. Best is trial 1 with value: 0.9.
[I 2026-04-07 01:03:46,963] Trial 3 finished with value: 0.85 and parameters: {'C': 0.0016161554408462638, 'penalty': 'l2'}. Best is trial 1 with value: 0.9.
[I 2026-04-07 01:03:46,976] Trial 4 finished with value: 0.85 and parameters: {'C': 0.0034536903703241734, 'penalty': 'l2'}. Best is trial 1 with value: 0.9.
[I 2026-04-07 01:03:46,990] Trial 5 finished with value: 0.9 and parameters: {'C': 0.9446269266990148, 'penalty': 'l2'}. Best is trial 1 with value: 0.9.
[I 2026-04-07 01:03:47,003] Trial 6 finished with value: 0.9 and parameters: {'C': 0.4457453393648168, 'penalty': 'l2'}. Best is trial 1 with value: 0.9.
[I 2026-04-07 01:03:47,016] Trial 7 finished with value: 0.9 and parameters: {'C': 0.12417585037258261, 'penalty': 'l2'}. Best is trial 1 with value: 0.9.
[I 2026-04-07 01:03:47,029] Trial 8 finished with value: 0.9 and parameters: {'C': 0.04753781830244093, 'penalty': 'l2'}. Best is trial 1 with value: 0.9.
