[I 2026-04-07 03:14:38,676] Trial 6 finished with value: 0.95 and parameters: {'n_estimators': 100, 'max_depth': 20, 'gamma': 0.6361752212866232, 'subsample': 0.8309913561372338, 'colsample_bytree': 0.7552902276266351}. Best is trial 5 with value: 1.0.
[I 2026-04-07 03:14:38,725] Trial 7 finished with value: 0.975 and parameters: {'n_estimators': 10, 'max_depth': 5, 'gamma': 0.5767347850317142, 'subsample': 0.7995431264700696, 'colsample_bytree': 0.8604622333437917}. Best is trial 5 with value: 1.0.
[I 2026-04-07 03:14:38,783] Trial 8 finished with value: 0.925 and parameters: {'n_estimators': 100, 'max_depth': 20, 'gamma': 0.8470554948938058, 'subsample': 0.860339005739911, 'colsample_bytree': 0.9331308414408237}. Best is trial 5 with value: 1.0.
[I 2026-04-07 03:14:38,841] Trial 9 finished with value: 0.975 and parameters: {'n_estimators': 100, 'max_depth': 30, 'gamma': 0.574951454577921, 'subsample': 0.9696020680119358, 'colsample_bytree': 0.8616917074936369}. Best is trial 5 with value: 1.0.
[I 2026-04-07 03:14:38,900] Trial 10 finished with value: 0.975 and parameters: {'n_estimators': 40, 'max_depth': 20, 'gamma': 0.25114105728599195, 'subsample': 0.5214379676091062, 'colsample_bytree': 0.525322130410742}. Best is trial 5 with value: 1.0.
[I 2026-04-07 03:14:38,960] Trial 11 finished with value: 0.975 and parameters: {'n_estimators': 40, 'max_depth': 20, 'gamma': 0.9894607367239925, 'subsample': 0.5005044321862977, 'colsample_bytree': 0.5322903435419324}. Best is trial 5 with value: 1.0.
[I 2026-04-07 03:14:39,010] Trial 12 finished with value: 0.975 and parameters: {'n_estimators': 100, 'max_depth': 5, 'gamma': 0.7523532051549551, 'subsample': 0.5843861231229354, 'colsample_bytree': 0.6068862373075697}. Best is trial 5 with value: 1.0.
[I 2026-04-07 03:14:39,048] Trial 13 finished with value: 1.0 and parameters: {'n_estimators': 40, 'max_depth': 20, 'gamma': 0.9809367317589455, 'subsample': 0.697195733007174, 'colsample_bytree': 0.5805796057328212}. Best is trial 5 with value: 1.0.
[I 2026-04-07 03:14:39,088] Trial 14 finished with value: 0.95 and parameters: {'n_estimators': 40, 'max_depth': 20, 'gamma': 0.9807826061174751, 'subsample': 0.7116764531924085, 'colsample_bytree': 0.5987958441843751}. Best is trial 5 with value: 1.0.
[I 2026-04-07 03:14:39,126] Trial 15 finished with value: 0.95 and parameters: {'n_estimators': 40, 'max_depth': 20, 'gamma': 0.32063761133384977, 'subsample': 0.6693852739094144, 'colsample_bytree': 0.6059512118506298}. Best is trial 5 with value: 1.0.
[I 2026-04-07 03:14:39,164] Trial 16 finished with value: 0.925 and parameters: {'n_estimators': 40, 'max_depth': 20, 'gamma': 0.67736141539639, 'subsample': 0.7606889779211421, 'colsample_bytree': 0.512561439261462}. Best is trial 5 with value: 1.0.
[I 2026-04-07 03:14:39,204] Trial 17 finished with value: 0.975 and parameters: {'n_estimators': 40, 'max_depth': 20, 'gamma': 0.8930735616246096, 'subsample': 0.5864917635156981, 'colsample_bytree': 0.6548115093554578}. Best is trial 5 with value: 1.0.
[I 2026-04-07 03:14:39,245] Trial 18 finished with value: 0.95 and parameters: {'n_estimators': 10, 'max_depth': 30, 'gamma': 0.421371034665886, 'subsample': 0.8902649886973554, 'colsample_bytree': 0.5674267989388845}. Best is trial 5 with value: 1.0.
[I 2026-04-07 03:14:39,287] Trial 19 finished with value: 0.95 and parameters: {'n_estimators': 40, 'max_depth': 20, 'gamma': 0.709208600718435, 'subsample': 0.7515829068834461, 'colsample_bytree': 0.6783890340050219}. Best is trial 5 with value: 1.0.
[I 2026-04-07 03:14:39,324] Trial 20 finished with value: 0.95 and parameters: {'n_estimators': 40, 'max_depth': 20, 'gamma': 0.8985963293551661, 'subsample': 0.5622761200922171, 'colsample_bytree': 0.8170017724155414}. Best is trial 5 with value: 1.0.
[I 2026-04-07 03:14:39,375] Trial 21 finished with value: 1.0 and parameters: {'n_estimators': 100, 'max_depth': 5, 'gamma': 0.8211163101598202, 'subsample': 0.5509999220364407, 'colsample_bytree': 0.7209387905370135}. Best is trial 5 with value: 1.0.
[I 2026-04-07 03:14:39,425] Trial 22 finished with value: 1.0 and parameters: {'n_estimators': 100, 'max_depth': 5, 'gamma': 0.9316945482969685, 'subsample': 0.629453112508587, 'colsample_bytree': 0.5762803846304247}. Best is trial 5 with value: 1.0.
[I 2026-04-07 03:14:39,465] Trial 23 finished with value: 0.875 and parameters: {'n_estimators': 10, 'max_depth': 30, 'gamma': 0.7263888069457896, 'subsample': 0.6757336016194423, 'colsample_bytree': 0.6250770489434143}. Best is trial 5 with value: 1.0.
[I 2026-04-07 03:14:39,503] Trial 24 finished with value: 0.95 and parameters: {'n_estimators': 40, 'max_depth': 20, 'gamma': 0.8493289389535783, 'subsample': 0.5472323331252409, 'colsample_bytree': 0.7839500096983872}. Best is trial 5 with value: 1.0.
[I 2026-04-07 03:14:39,540] Trial 25 finished with value: 1.0 and parameters: {'n_estimators': 100, 'max_depth': 5, 'gamma': 0.6237174955124991, 'subsample': 0.6063324105200728, 'colsample_bytree': 0.5550086405560128}. Best is trial 5 with value: 1.0.
[I 2026-04-07 03:14:39,579] Trial 26 finished with value: 0.975 and parameters: {'n_estimators': 40, 'max_depth': 20, 'gamma': 0.7754443551048769, 'subsample': 0.7067357274044767, 'colsample_bytree': 0.7228820768976273}. Best is trial 5 with value: 1.0.
[I 2026-04-07 03:14:39,616] Trial 27 finished with value: 0.95 and parameters: {'n_estimators': 40, 'max_depth': 20, 'gamma': 0.9367866845874265, 'subsample': 0.5548672831587178, 'colsample_bytree': 0.6412838610223918}. Best is trial 5 with value: 1.0.
[I 2026-04-07 03:14:39,655] Trial 28 finished with value: 0.875 and parameters: {'n_estimators': 10, 'max_depth': 30, 'gamma': 0.8484365121741861, 'subsample': 0.6451347514193712, 'colsample_bytree': 0.8029888899725937}. Best is trial 5 with value: 1.0.
[I 2026-04-07 03:14:39,694] Trial 29 finished with value: 1.0 and parameters: {'n_estimators': 100, 'max_depth': 5, 'gamma': 0.49968468111656317, 'subsample': 0.6770066730367019, 'colsample_bytree': 0.6861673827621801}. Best is trial 5 with value: 1.0.
[I 2026-04-07 03:14:40,573] A new study created in memory with name: rf
[I 2026-04-07 03:14:41,032] Trial 0 finished with value: 0.975 and parameters: {'n_estimators': 450, 'max_depth': 20, 'min_samples_split': 9, 'min_samples_leaf': 6}. Best is trial 0 with value: 0.975.
[I 2026-04-07 03:14:41,289] Trial 1 finished with value: 0.975 and parameters: {'n_estimators': 193, 'max_depth': 3, 'min_samples_split': 5, 'min_samples_leaf': 5}. Best is trial 0 with value: 0.975.
[I 2026-04-07 03:14:41,647] Trial 2 finished with value: 0.975 and parameters: {'n_estimators': 309, 'max_depth': 11, 'min_samples_split': 6, 'min_samples_leaf': 6}. Best is trial 0 with value: 0.975.
[I 2026-04-07 03:14:42,125] Trial 3 finished with value: 1.0 and parameters: {'n_estimators': 405, 'max_depth': 15, 'min_samples_split': 7, 'min_samples_leaf': 5}. Best is trial 3 with value: 1.0.
[I 2026-04-07 03:14:42,424] Trial 4 finished with value: 0.975 and parameters: {'n_estimators': 215, 'max_depth': 20, 'min_samples_split': 5, 'min_samples_leaf': 3}. Best is trial 3 with value: 1.0.
[I 2026-04-07 03:14:42,584] Trial 5 finished with value: 1.0 and parameters: {'n_estimators': 126, 'max_depth': 20, 'min_samples_split': 3, 'min_samples_leaf': 4}. Best is trial 3 with value: 1.0.
[I 2026-04-07 03:14:42,783] Trial 6 finished with value: 0.875 and parameters: {'n_estimators': 128, 'max_depth': 7, 'min_samples_split': 5, 'min_samples_leaf': 9}. Best is trial 3 with value: 1.0.
[I 2026-04-07 03:14:43,059] Trial 7 finished with value: 0.975 and parameters: {'n_estimators': 238, 'max_depth': 20, 'min_samples_split': 2, 'min_samples_leaf': 4}. Best is trial 3 with value: 1.0.
[I 2026-04-07 03:14:43,391] Trial 8 finished with value: 1.0 and parameters: {'n_estimators': 252, 'max_depth': 16, 'min_samples_split': 10, 'min_samples_leaf': 4}. Best is trial 3 with value: 1.0.
[I 2026-04-07 03:14:43,696] Trial 9 finished with value: 0.925 and parameters: {'n_estimators': 273, 'max_depth': 7, 'min_samples_split': 9, 'min_samples_leaf': 7}. Best is trial 3 with value: 1.0.
[I 2026-04-07 03:14:44,185] Trial 10 finished with value: 1.0 and parameters: {'n_estimators': 456, 'max_depth': 14, 'min_samples_split': 7, 'min_samples_leaf': 1}. Best is trial 3 with value: 1.0.
[I 2026-04-07 03:14:44,593] Trial 11 finished with value: 1.0 and parameters: {'n_estimators': 363, 'max_depth': 16, 'min_samples_split': 2, 'min_samples_leaf': 2}. Best is trial 3 with value: 1.0.
[I 2026-04-07 03:14:44,992] Trial 12 finished with value: 0.9 and parameters: {'n_estimators': 361, 'max_depth': 16, 'min_samples_split': 3, 'min_samples_leaf': 8}. Best is trial 3 with value: 1.0.
[I 2026-04-07 03:14:45,157] Trial 13 finished with value: 0.825 and parameters: {'n_estimators': 116, 'max_depth': 13, 'min_samples_split': 7, 'min_samples_leaf': 10}. Best is trial 3 with value: 1.0.
[I 2026-04-07 03:14:45,585] Trial 14 finished with value: 0.975 and parameters: {'n_estimators': 395, 'max_depth': 18, 'min_samples_split': 4, 'min_samples_leaf': 4}. Best is trial 3 with value: 1.0.
[I 2026-04-07 03:14:45,833] Trial 15 finished with value: 0.975 and parameters: {'n_estimators': 174, 'max_depth': 10, 'min_samples_split': 7, 'min_samples_leaf': 2}. Best is trial 3 with value: 1.0.
[I 2026-04-07 03:14:46,221] Trial 16 finished with value: 0.975 and parameters: {'n_estimators': 320, 'max_depth': 18, 'min_samples_split': 8, 'min_samples_leaf': 5}. Best is trial 3 with value: 1.0.
[I 2026-04-07 03:14:46,745] Trial 17 finished with value: 0.925 and parameters: {'n_estimators': 500, 'max_depth': 14, 'min_samples_split': 4, 'min_samples_leaf': 7}. Best is trial 3 with value: 1.0.
[I 2026-04-07 03:14:47,203] Trial 18 finished with value: 1.0 and parameters: {'n_estimators': 417, 'max_depth': 18, 'min_samples_split': 3, 'min_samples_leaf': 3}. Best is trial 3 with value: 1.0.
[I 2026-04-07 03:14:47,431] Trial 19 finished with value: 0.925 and parameters: {'n_estimators': 158, 'max_depth': 9, 'min_samples_split': 6, 'min_samples_leaf': 7}. Best is trial 3 with value: 1.0.
[I 2026-04-07 03:14:47,817] Trial 20 finished with value: 1.0 and parameters: {'n_estimators': 351, 'max_depth': 13, 'min_samples_split': 8, 'min_samples_leaf': 3}. Best is trial 3 with value: 1.0.
[I 2026-04-07 03:14:48,156] Trial 21 finished with value: 1.0 and parameters: {'n_estimators': 265, 'max_depth': 16, 'min_samples_split': 9, 'min_samples_leaf': 4}. Best is trial 3 with value: 1.0.
[I 2026-04-07 03:14:48,464] Trial 22 finished with value: 1.0 and parameters: {'n_estimators': 242, 'max_depth': 17, 'min_samples_split': 10, 'min_samples_leaf': 5}. Best is trial 3 with value: 1.0.
[I 2026-04-07 03:14:48,631] Trial 23 finished with value: 1.0 and parameters: {'n_estimators': 108, 'max_depth': 15, 'min_samples_split': 10, 'min_samples_leaf': 4}. Best is trial 3 with value: 1.0.
[I 2026-04-07 03:14:48,831] Trial 24 finished with value: 0.975 and parameters: {'n_estimators': 156, 'max_depth': 18, 'min_samples_split': 8, 'min_samples_leaf': 6}. Best is trial 3 with value: 1.0.
[I 2026-04-07 03:14:49,193] Trial 25 finished with value: 1.0 and parameters: {'n_estimators': 279, 'max_depth': 12, 'min_samples_split': 6, 'min_samples_leaf': 2}. Best is trial 3 with value: 1.0.
[I 2026-04-07 03:14:49,627] Trial 26 finished with value: 0.975 and parameters: {'n_estimators': 394, 'max_depth': 19, 'min_samples_split': 10, 'min_samples_leaf': 5}. Best is trial 3 with value: 1.0.
[I 2026-04-07 03:14:49,916] Trial 27 finished with value: 1.0 and parameters: {'n_estimators': 208, 'max_depth': 16, 'min_samples_split': 4, 'min_samples_leaf': 3}. Best is trial 3 with value: 1.0.
[I 2026-04-07 03:14:50,294] Trial 28 finished with value: 1.0 and parameters: {'n_estimators': 332, 'max_depth': 14, 'min_samples_split': 3, 'min_samples_leaf': 4}. Best is trial 3 with value: 1.0.
[I 2026-04-07 03:14:50,842] Trial 29 finished with value: 1.0 and parameters: {'n_estimators': 482, 'max_depth': 20, 'min_samples_split': 9, 'min_samples_leaf': 1}. Best is trial 3 with value: 1.0.
[I 2026-04-07 03:14:55,805] A new study created in memory with name: mlp
[I 2026-04-07 03:14:55,861] Trial 0 finished with value: 0.775 and parameters: {'hidden_layer_sizes': (200,), 'max_iter': 50, 'alpha': 0.001}. Best is trial 0 with value: 0.775.
[I 2026-04-07 03:14:55,908] Trial 1 finished with value: 0.8 and parameters: {'hidden_layer_sizes': (200,), 'max_iter': 50, 'alpha': 0.0001}. Best is trial 1 with value: 0.8.
[I 2026-04-07 03:14:55,965] Trial 2 finished with value: 0.7 and parameters: {'hidden_layer_sizes': (100,), 'max_iter': 50, 'alpha': 0.0001}. Best is trial 1 with value: 0.8.
[I 2026-04-07 03:14:56,021] Trial 3 finished with value: 0.8 and parameters: {'hidden_layer_sizes': (100,), 'max_iter': 100, 'alpha': 0.001}. Best is trial 1 with value: 0.8.
[I 2026-04-07 03:14:56,077] Trial 4 finished with value: 0.775 and parameters: {'hidden_layer_sizes': (200,), 'max_iter': 100, 'alpha': 0.001}. Best is trial 1 with value: 0.8.
[I 2026-04-07 03:14:56,114] Trial 5 finished with value: 0.8 and parameters: {'hidden_layer_sizes': (200,), 'max_iter': 50, 'alpha': 0.001}. Best is trial 1 with value: 0.8.
[I 2026-04-07 03:14:56,160] Trial 6 finished with value: 0.775 and parameters: {'hidden_layer_sizes': (100,), 'max_iter': 100, 'alpha': 0.0001}. Best is trial 1 with value: 0.8.
[I 2026-04-07 03:14:56,207] Trial 7 finished with value: 0.725 and parameters: {'hidden_layer_sizes': (100, 100), 'max_iter': 50, 'alpha': 0.0001}. Best is trial 1 with value: 0.8.
[I 2026-04-07 03:14:56,283] Trial 8 finished with value: 0.75 and parameters: {'hidden_layer_sizes': (100, 100), 'max_iter': 100, 'alpha': 0.0001}. Best is trial 1 with value: 0.8.
[I 2026-04-07 03:14:56,330] Trial 9 finished with value: 0.8 and parameters: {'hidden_layer_sizes': (100,), 'max_iter': 50, 'alpha': 0.001}. Best is trial 1 with value: 0.8.
[I 2026-04-07 03:14:56,379] Trial 10 finished with value: 0.775 and parameters: {'hidden_layer_sizes': (200,), 'max_iter': 50, 'alpha': 0.0001}. Best is trial 1 with value: 0.8.
[I 2026-04-07 03:14:56,438] Trial 11 finished with value: 0.775 and parameters: {'hidden_layer_sizes': (100,), 'max_iter': 100, 'alpha': 0.001}. Best is trial 1 with value: 0.8.
[I 2026-04-07 03:14:56,496] Trial 12 finished with value: 0.8 and parameters: {'hidden_layer_sizes': (200,), 'max_iter': 100, 'alpha': 0.0001}. Best is trial 1 with value: 0.8.
[I 2026-04-07 03:14:56,567] Trial 13 finished with value: 0.8 and parameters: {'hidden_layer_sizes': (100,), 'max_iter': 100, 'alpha': 0.001}. Best is trial 1 with value: 0.8.
[I 2026-04-07 03:14:56,622] Trial 14 finished with value: 0.8 and parameters: {'hidden_layer_sizes': (100, 100), 'max_iter': 50, 'alpha': 0.001}. Best is trial 1 with value: 0.8.
[I 2026-04-07 03:14:56,676] Trial 15 finished with value: 0.775 and parameters: {'hidden_layer_sizes': (200,), 'max_iter': 100, 'alpha': 0.0001}. Best is trial 1 with value: 0.8.
[I 2026-04-07 03:14:56,714] Trial 16 finished with value: 0.825 and parameters: {'hidden_layer_sizes': (100,), 'max_iter': 50, 'alpha': 0.001}. Best is trial 16 with value: 0.825.
[I 2026-04-07 03:14:56,753] Trial 17 finished with value: 0.825 and parameters: {'hidden_layer_sizes': (200,), 'max_iter': 50, 'alpha': 0.0001}. Best is trial 16 with value: 0.825.
[I 2026-04-07 03:14:56,790] Trial 18 finished with value: 0.675 and parameters: {'hidden_layer_sizes': (100,), 'max_iter': 50, 'alpha': 0.0001}. Best is trial 16 with value: 0.825.
[I 2026-04-07 03:14:56,842] Trial 19 finished with value: 0.725 and parameters: {'hidden_layer_sizes': (100, 100), 'max_iter': 50, 'alpha': 0.001}. Best is trial 16 with value: 0.825.
[I 2026-04-07 03:14:56,880] Trial 20 finished with value: 0.8 and parameters: {'hidden_layer_sizes': (200,), 'max_iter': 50, 'alpha': 0.0001}. Best is trial 16 with value: 0.825.
[I 2026-04-07 03:14:56,929] Trial 21 finished with value: 0.825 and parameters: {'hidden_layer_sizes': (200,), 'max_iter': 50, 'alpha': 0.0001}. Best is trial 16 with value: 0.825.
[I 2026-04-07 03:14:56,967] Trial 22 finished with value: 0.85 and parameters: {'hidden_layer_sizes': (200,), 'max_iter': 50, 'alpha': 0.0001}. Best is trial 22 with value: 0.85.
[I 2026-04-07 03:14:57,004] Trial 23 finished with value: 0.8 and parameters: {'hidden_layer_sizes': (200,), 'max_iter': 50, 'alpha': 0.0001}. Best is trial 22 with value: 0.85.
[I 2026-04-07 03:14:57,043] Trial 24 finished with value: 0.75 and parameters: {'hidden_layer_sizes': (200,), 'max_iter': 50, 'alpha': 0.0001}. Best is trial 22 with value: 0.85.
[I 2026-04-07 03:14:57,082] Trial 25 finished with value: 0.75 and parameters: {'hidden_layer_sizes': (100,), 'max_iter': 50, 'alpha': 0.0001}. Best is trial 22 with value: 0.85.
[I 2026-04-07 03:14:57,131] Trial 26 finished with value: 0.825 and parameters: {'hidden_layer_sizes': (200,), 'max_iter': 50, 'alpha': 0.001}. Best is trial 22 with value: 0.85.
[I 2026-04-07 03:14:57,169] Trial 27 finished with value: 0.75 and parameters: {'hidden_layer_sizes': (200,), 'max_iter': 50, 'alpha': 0.0001}. Best is trial 22 with value: 0.85.
[I 2026-04-07 03:14:57,219] Trial 28 finished with value: 0.775 and parameters: {'hidden_layer_sizes': (100, 100), 'max_iter': 50, 'alpha': 0.001}. Best is trial 22 with value: 0.85.
[I 2026-04-07 03:14:57,257] Trial 29 finished with value: 0.75 and parameters: {'hidden_layer_sizes': (100,), 'max_iter': 50, 'alpha': 0.001}. Best is trial 22 with value: 0.85.
[I 2026-04-07 03:15:02,193] A new study created in memory with name: naive_bayes
[I 2026-04-07 03:15:02,208] Trial 0 finished with value: 0.9 and parameters: {'var_smoothing': 5.582886587978182e-09}. Best is trial 0 with value: 0.9.
[I 2026-04-07 03:15:02,221] Trial 1 finished with value: 0.9 and parameters: {'var_smoothing': 8.651299071518215e-09}. Best is trial 0 with value: 0.9.
[I 2026-04-07 03:15:02,233] Trial 2 finished with value: 0.9 and parameters: {'var_smoothing': 5.475062490474489e-09}. Best is trial 0 with value: 0.9.
[I 2026-04-07 03:15:02,247] Trial 3 finished with value: 0.9 and parameters: {'var_smoothing': 1.1526869678723134e-09}. Best is trial 0 with value: 0.9.
[I 2026-04-07 03:15:02,260] Trial 4 finished with value: 0.9 and parameters: {'var_smoothing': 2.920496270341785e-10}. Best is trial 0 with value: 0.9.
[I 2026-04-07 03:15:02,274] Trial 5 finished with value: 0.9 and parameters: {'var_smoothing': 1.0538956417705805e-10}. Best is trial 0 with value: 0.9.
[I 2026-04-07 03:15:02,289] Trial 6 finished with value: 0.9 and parameters: {'var_smoothing': 7.260016982331591e-10}. Best is trial 0 with value: 0.9.
[I 2026-04-07 03:15:02,304] Trial 7 finished with value: 0.9 and parameters: {'var_smoothing': 6.378267364653917e-10}. Best is trial 0 with value: 0.9.
[I 2026-04-07 03:15:02,318] Trial 8 finished with value: 0.9 and parameters: {'var_smoothing': 1.1100673847791952e-09}. Best is trial 0 with value: 0.9.
[I 2026-04-07 03:15:02,333] Trial 9 finished with value: 0.9 and parameters: {'var_smoothing': 9.052813879088377e-10}. Best is trial 0 with value: 0.9.
[I 2026-04-07 03:15:02,354] Trial 10 finished with value: 0.9 and parameters: {'var_smoothing': 3.20543606083287e-09}. Best is trial 0 with value: 0.9.
[I 2026-04-07 03:15:02,370] Trial 11 finished with value: 0.9 and parameters: {'var_smoothing': 8.433965140342417e-09}. Best is trial 0 with value: 0.9.
[I 2026-04-07 03:15:02,386] Trial 12 finished with value: 0.9 and parameters: {'var_smoothing': 2.860874278982245e-09}. Best is trial 0 with value: 0.9.
[I 2026-04-07 03:15:02,403] Trial 13 finished with value: 0.9 and parameters: {'var_smoothing': 9.270349036178526e-09}. Best is trial 0 with value: 0.9.
[I 2026-04-07 03:15:02,419] Trial 14 finished with value: 0.9 and parameters: {'var_smoothing': 3.13069447640915e-09}. Best is trial 0 with value: 0.9.
[I 2026-04-07 03:15:02,438] Trial 15 finished with value: 0.9 and parameters: {'var_smoothing': 5.223604886811285e-09}. Best is trial 0 with value: 0.9.
[I 2026-04-07 03:15:02,456] Trial 16 finished with value: 0.9 and parameters: {'var_smoothing': 2.0295724993447026e-09}. Best is trial 0 with value: 0.9.
[I 2026-04-07 03:15:02,472] Trial 17 finished with value: 0.9 and parameters: {'var_smoothing': 5.880433102756661e-09}. Best is trial 0 with value: 0.9.
[I 2026-04-07 03:15:02,488] Trial 18 finished with value: 0.9 and parameters: {'var_smoothing': 1.6980964875204416e-09}. Best is trial 0 with value: 0.9.
[I 2026-04-07 03:15:02,505] Trial 19 finished with value: 0.9 and parameters: {'var_smoothing': 4.2955625192244405e-09}. Best is trial 0 with value: 0.9.
[I 2026-04-07 03:15:02,521] Trial 20 finished with value: 0.9 and parameters: {'var_smoothing': 9.833771947222685e-09}. Best is trial 0 with value: 0.9.
[I 2026-04-07 03:15:02,540] Trial 21 finished with value: 0.9 and parameters: {'var_smoothing': 6.0482464086364635e-09}. Best is trial 0 with value: 0.9.
[I 2026-04-07 03:15:02,560] Trial 22 finished with value: 0.9 and parameters: {'var_smoothing': 4.537628481410357e-09}. Best is trial 0 with value: 0.9.
[I 2026-04-07 03:15:02,577] Trial 23 finished with value: 0.9 and parameters: {'var_smoothing': 6.750528289210463e-09}. Best is trial 0 with value: 0.9.
[I 2026-04-07 03:15:02,594] Trial 24 finished with value: 0.9 and parameters: {'var_smoothing': 2.2780337647355764e-09}. Best is trial 0 with value: 0.9.
[I 2026-04-07 03:15:02,613] Trial 25 finished with value: 0.9 and parameters: {'var_smoothing': 3.986918574074946e-09}. Best is trial 0 with value: 0.9.
[I 2026-04-07 03:15:02,632] Trial 26 finished with value: 0.9 and parameters: {'var_smoothing': 1.7707565248297843e-09}. Best is trial 0 with value: 0.9.
[I 2026-04-07 03:15:02,651] Trial 27 finished with value: 0.9 and parameters: {'var_smoothing': 6.732492847962814e-09}. Best is trial 0 with value: 0.9.
