[I 2026-04-07 01:51:50,398] Trial 0 finished with value: 0.85 and parameters: {'n_estimators': 40, 'max_depth': 30, 'gamma': 0.47665736245940726, 'subsample': 0.6240505842067796, 'colsample_bytree': 0.542029825582675}. Best is trial 0 with value: 0.85.
[I 2026-04-07 01:51:50,436] Trial 1 finished with value: 0.9 and parameters: {'n_estimators': 100, 'max_depth': 5, 'gamma': 0.6154838340124683, 'subsample': 0.9490035591125747, 'colsample_bytree': 0.8334494864598183}. Best is trial 1 with value: 0.9.
[I 2026-04-07 01:51:50,464] Trial 2 finished with value: 0.9 and parameters: {'n_estimators': 40, 'max_depth': 20, 'gamma': 0.9464719685739904, 'subsample': 0.9018698850061588, 'colsample_bytree': 0.9916796241121663}. Best is trial 1 with value: 0.9.
[I 2026-04-07 01:51:50,501] Trial 3 finished with value: 0.85 and parameters: {'n_estimators': 100, 'max_depth': 30, 'gamma': 0.26698751824101463, 'subsample': 0.6215578376567042, 'colsample_bytree': 0.9367004215505623}. Best is trial 1 with value: 0.9.
[I 2026-04-07 01:51:50,529] Trial 4 finished with value: 0.9 and parameters: {'n_estimators': 10, 'max_depth': 20, 'gamma': 0.5301766121845122, 'subsample': 0.7177777323831729, 'colsample_bytree': 0.9352041482132656}. Best is trial 1 with value: 0.9.
[I 2026-04-07 01:51:50,554] Trial 5 finished with value: 0.9 and parameters: {'n_estimators': 100, 'max_depth': 5, 'gamma': 0.6742485862456464, 'subsample': 0.7308488312353485, 'colsample_bytree': 0.5265297122426965}. Best is trial 1 with value: 0.9.
[I 2026-04-07 01:51:50,591] Trial 6 finished with value: 0.9 and parameters: {'n_estimators': 100, 'max_depth': 30, 'gamma': 0.5360486096375219, 'subsample': 0.8488681925618888, 'colsample_bytree': 0.900578215847843}. Best is trial 1 with value: 0.9.
[I 2026-04-07 01:51:50,619] Trial 7 finished with value: 0.85 and parameters: {'n_estimators': 40, 'max_depth': 5, 'gamma': 0.4997010655396419, 'subsample': 0.7490698051808964, 'colsample_bytree': 0.7071731623998108}. Best is trial 1 with value: 0.9.
[I 2026-04-07 01:51:50,647] Trial 8 finished with value: 0.9 and parameters: {'n_estimators': 100, 'max_depth': 5, 'gamma': 0.5449029446194361, 'subsample': 0.7150234071055932, 'colsample_bytree': 0.8673829085180849}. Best is trial 1 with value: 0.9.
[I 2026-04-07 01:51:50,686] Trial 9 finished with value: 0.85 and parameters: {'n_estimators': 100, 'max_depth': 30, 'gamma': 0.5427360453562716, 'subsample': 0.5915763668266103, 'colsample_bytree': 0.5546552575823498}. Best is trial 1 with value: 0.9.
[I 2026-04-07 01:51:50,723] Trial 10 finished with value: 0.9 and parameters: {'n_estimators': 10, 'max_depth': 5, 'gamma': 0.8166697644905587, 'subsample': 0.9751404785189386, 'colsample_bytree': 0.7735093231652352}. Best is trial 1 with value: 0.9.
[I 2026-04-07 01:51:50,761] Trial 11 finished with value: 0.9 and parameters: {'n_estimators': 40, 'max_depth': 20, 'gamma': 0.9952092548004167, 'subsample': 0.9683640491533567, 'colsample_bytree': 0.9928642741558296}. Best is trial 1 with value: 0.9.
[I 2026-04-07 01:51:50,798] Trial 12 finished with value: 0.9 and parameters: {'n_estimators': 40, 'max_depth': 20, 'gamma': 0.983676481207403, 'subsample': 0.8829122845088755, 'colsample_bytree': 0.8106211752102093}. Best is trial 1 with value: 0.9.
[I 2026-04-07 01:51:50,837] Trial 13 finished with value: 0.9 and parameters: {'n_estimators': 40, 'max_depth': 20, 'gamma': 0.7737308083294776, 'subsample': 0.8662188927972414, 'colsample_bytree': 0.6888666758338158}. Best is trial 1 with value: 0.9.
[I 2026-04-07 01:51:50,874] Trial 14 finished with value: 0.9 and parameters: {'n_estimators': 10, 'max_depth': 5, 'gamma': 0.1118487397978592, 'subsample': 0.9176618187802201, 'colsample_bytree': 0.9990482924374496}. Best is trial 1 with value: 0.9.
[I 2026-04-07 01:51:50,921] Trial 15 finished with value: 0.9 and parameters: {'n_estimators': 100, 'max_depth': 20, 'gamma': 0.35329466441380575, 'subsample': 0.8113467514466688, 'colsample_bytree': 0.6287210900307332}. Best is trial 1 with value: 0.9.
[I 2026-04-07 01:51:50,958] Trial 16 finished with value: 0.9 and parameters: {'n_estimators': 40, 'max_depth': 20, 'gamma': 0.8711731685749494, 'subsample': 0.9299586176132004, 'colsample_bytree': 0.8521946304308765}. Best is trial 1 with value: 0.9.
[I 2026-04-07 01:51:50,994] Trial 17 finished with value: 0.85 and parameters: {'n_estimators': 40, 'max_depth': 5, 'gamma': 0.6705158501934413, 'subsample': 0.5106683207593217, 'colsample_bytree': 0.8053972925571781}. Best is trial 1 with value: 0.9.
[I 2026-04-07 01:51:51,044] Trial 18 finished with value: 0.9 and parameters: {'n_estimators': 100, 'max_depth': 5, 'gamma': 0.689753787686795, 'subsample': 0.8049201703641657, 'colsample_bytree': 0.7117948538295535}. Best is trial 1 with value: 0.9.
[I 2026-04-07 01:51:51,081] Trial 19 finished with value: 0.9 and parameters: {'n_estimators': 10, 'max_depth': 20, 'gamma': 0.345799187122584, 'subsample': 0.9961618760618361, 'colsample_bytree': 0.9337408564510504}. Best is trial 1 with value: 0.9.
[I 2026-04-07 01:51:51,118] Trial 20 finished with value: 0.9 and parameters: {'n_estimators': 100, 'max_depth': 5, 'gamma': 0.9029288546781351, 'subsample': 0.9296868016499862, 'colsample_bytree': 0.6318047672535471}. Best is trial 1 with value: 0.9.
[I 2026-04-07 01:51:51,156] Trial 21 finished with value: 0.9 and parameters: {'n_estimators': 10, 'max_depth': 20, 'gamma': 0.4318748197124024, 'subsample': 0.6836666414799497, 'colsample_bytree': 0.948090332817957}. Best is trial 1 with value: 0.9.
[I 2026-04-07 01:51:51,196] Trial 22 finished with value: 0.9 and parameters: {'n_estimators': 10, 'max_depth': 20, 'gamma': 0.6234387494858354, 'subsample': 0.8107012746183727, 'colsample_bytree': 0.8755576170349215}. Best is trial 1 with value: 0.9.
[I 2026-04-07 01:51:51,234] Trial 23 finished with value: 0.9 and parameters: {'n_estimators': 10, 'max_depth': 20, 'gamma': 0.7615985410831257, 'subsample': 0.6753207267511862, 'colsample_bytree': 0.9597127580831468}. Best is trial 1 with value: 0.9.
[I 2026-04-07 01:51:51,273] Trial 24 finished with value: 0.9 and parameters: {'n_estimators': 10, 'max_depth': 20, 'gamma': 0.620024109373913, 'subsample': 0.901783000999739, 'colsample_bytree': 0.9067841358359109}. Best is trial 1 with value: 0.9.
[I 2026-04-07 01:51:51,311] Trial 25 finished with value: 0.9 and parameters: {'n_estimators': 10, 'max_depth': 20, 'gamma': 0.18211867200955006, 'subsample': 0.7855122421671693, 'colsample_bytree': 0.8073907080274871}. Best is trial 1 with value: 0.9.
[I 2026-04-07 01:51:51,350] Trial 26 finished with value: 0.9 and parameters: {'n_estimators': 40, 'max_depth': 20, 'gamma': 0.43184818751930426, 'subsample': 0.8458565022780015, 'colsample_bytree': 0.8350346622947111}. Best is trial 1 with value: 0.9.
[I 2026-04-07 01:51:51,388] Trial 27 finished with value: 0.9 and parameters: {'n_estimators': 40, 'max_depth': 20, 'gamma': 0.35256761013081395, 'subsample': 0.9567225452317786, 'colsample_bytree': 0.8984163688624082}. Best is trial 1 with value: 0.9.
[I 2026-04-07 01:51:51,426] Trial 28 finished with value: 0.9 and parameters: {'n_estimators': 10, 'max_depth': 30, 'gamma': 0.6028009606370539, 'subsample': 0.7605846525430492, 'colsample_bytree': 0.9713570710760516}. Best is trial 1 with value: 0.9.
[I 2026-04-07 01:51:51,473] Trial 29 finished with value: 0.85 and parameters: {'n_estimators': 100, 'max_depth': 5, 'gamma': 0.4426891488526665, 'subsample': 0.5722451379012694, 'colsample_bytree': 0.9183249054542861}. Best is trial 1 with value: 0.9.
[I 2026-04-07 01:51:52,707] A new study created in memory with name: rf
[I 2026-04-07 01:51:52,822] Trial 0 finished with value: 0.85 and parameters: {'n_estimators': 104, 'max_depth': 12, 'min_samples_split': 6, 'min_samples_leaf': 2}. Best is trial 0 with value: 0.85.
[I 2026-04-07 01:51:53,026] Trial 1 finished with value: 0.85 and parameters: {'n_estimators': 156, 'max_depth': 6, 'min_samples_split': 5, 'min_samples_leaf': 3}. Best is trial 0 with value: 0.85.
[I 2026-04-07 01:51:53,195] Trial 2 finished with value: 0.5 and parameters: {'n_estimators': 133, 'max_depth': 9, 'min_samples_split': 3, 'min_samples_leaf': 9}. Best is trial 0 with value: 0.85.
[I 2026-04-07 01:51:53,678] Trial 3 finished with value: 0.75 and parameters: {'n_estimators': 481, 'max_depth': 3, 'min_samples_split': 8, 'min_samples_leaf': 6}. Best is trial 0 with value: 0.85.
[I 2026-04-07 01:51:54,158] Trial 4 finished with value: 0.5 and parameters: {'n_estimators': 460, 'max_depth': 15, 'min_samples_split': 6, 'min_samples_leaf': 8}. Best is trial 0 with value: 0.85.
[I 2026-04-07 01:51:54,418] Trial 5 finished with value: 0.7 and parameters: {'n_estimators': 254, 'max_depth': 15, 'min_samples_split': 9, 'min_samples_leaf': 5}. Best is trial 0 with value: 0.85.
[I 2026-04-07 01:51:54,921] Trial 6 finished with value: 0.85 and parameters: {'n_estimators': 477, 'max_depth': 17, 'min_samples_split': 10, 'min_samples_leaf': 2}. Best is trial 0 with value: 0.85.
[I 2026-04-07 01:51:55,240] Trial 7 finished with value: 0.5 and parameters: {'n_estimators': 308, 'max_depth': 20, 'min_samples_split': 7, 'min_samples_leaf': 9}. Best is trial 0 with value: 0.85.
[I 2026-04-07 01:51:55,773] Trial 8 finished with value: 0.5 and parameters: {'n_estimators': 489, 'max_depth': 6, 'min_samples_split': 4, 'min_samples_leaf': 9}. Best is trial 0 with value: 0.85.
[I 2026-04-07 01:51:56,254] Trial 9 finished with value: 0.7 and parameters: {'n_estimators': 463, 'max_depth': 16, 'min_samples_split': 5, 'min_samples_leaf': 5}. Best is trial 0 with value: 0.85.
[I 2026-04-07 01:51:56,558] Trial 10 finished with value: 0.9 and parameters: {'n_estimators': 233, 'max_depth': 11, 'min_samples_split': 2, 'min_samples_leaf': 1}. Best is trial 10 with value: 0.9.
[I 2026-04-07 01:51:56,843] Trial 11 finished with value: 0.9 and parameters: {'n_estimators': 233, 'max_depth': 11, 'min_samples_split': 2, 'min_samples_leaf': 1}. Best is trial 10 with value: 0.9.
[I 2026-04-07 01:51:57,116] Trial 12 finished with value: 0.9 and parameters: {'n_estimators': 243, 'max_depth': 11, 'min_samples_split': 2, 'min_samples_leaf': 1}. Best is trial 10 with value: 0.9.
[I 2026-04-07 01:51:57,551] Trial 13 finished with value: 0.9 and parameters: {'n_estimators': 360, 'max_depth': 11, 'min_samples_split': 2, 'min_samples_leaf': 1}. Best is trial 10 with value: 0.9.
[I 2026-04-07 01:51:57,826] Trial 14 finished with value: 0.8 and parameters: {'n_estimators': 208, 'max_depth': 8, 'min_samples_split': 3, 'min_samples_leaf': 3}. Best is trial 10 with value: 0.9.
[I 2026-04-07 01:51:58,240] Trial 15 finished with value: 0.75 and parameters: {'n_estimators': 345, 'max_depth': 13, 'min_samples_split': 3, 'min_samples_leaf': 4}. Best is trial 10 with value: 0.9.
[I 2026-04-07 01:51:58,464] Trial 16 finished with value: 0.5 and parameters: {'n_estimators': 193, 'max_depth': 9, 'min_samples_split': 2, 'min_samples_leaf': 7}. Best is trial 10 with value: 0.9.
[I 2026-04-07 01:51:58,768] Trial 17 finished with value: 0.9 and parameters: {'n_estimators': 276, 'max_depth': 13, 'min_samples_split': 4, 'min_samples_leaf': 1}. Best is trial 10 with value: 0.9.
[I 2026-04-07 01:51:59,225] Trial 18 finished with value: 0.85 and parameters: {'n_estimators': 395, 'max_depth': 7, 'min_samples_split': 4, 'min_samples_leaf': 3}. Best is trial 10 with value: 0.9.
[I 2026-04-07 01:51:59,500] Trial 19 finished with value: 0.8 and parameters: {'n_estimators': 203, 'max_depth': 4, 'min_samples_split': 2, 'min_samples_leaf': 2}. Best is trial 10 with value: 0.9.
[I 2026-04-07 01:51:59,867] Trial 20 finished with value: 0.8 and parameters: {'n_estimators': 306, 'max_depth': 19, 'min_samples_split': 3, 'min_samples_leaf': 4}. Best is trial 10 with value: 0.9.
[I 2026-04-07 01:52:00,173] Trial 21 finished with value: 0.9 and parameters: {'n_estimators': 235, 'max_depth': 11, 'min_samples_split': 2, 'min_samples_leaf': 1}. Best is trial 10 with value: 0.9.
[I 2026-04-07 01:52:00,418] Trial 22 finished with value: 0.9 and parameters: {'n_estimators': 169, 'max_depth': 11, 'min_samples_split': 2, 'min_samples_leaf': 1}. Best is trial 10 with value: 0.9.
[I 2026-04-07 01:52:00,725] Trial 23 finished with value: 0.9 and parameters: {'n_estimators': 242, 'max_depth': 10, 'min_samples_split': 3, 'min_samples_leaf': 2}. Best is trial 10 with value: 0.9.
[I 2026-04-07 01:52:01,031] Trial 24 finished with value: 0.9 and parameters: {'n_estimators': 280, 'max_depth': 13, 'min_samples_split': 5, 'min_samples_leaf': 1}. Best is trial 10 with value: 0.9.
[I 2026-04-07 01:52:01,324] Trial 25 finished with value: 0.75 and parameters: {'n_estimators': 222, 'max_depth': 14, 'min_samples_split': 4, 'min_samples_leaf': 4}. Best is trial 10 with value: 0.9.
[I 2026-04-07 01:52:01,683] Trial 26 finished with value: 0.8 and parameters: {'n_estimators': 336, 'max_depth': 9, 'min_samples_split': 2, 'min_samples_leaf': 3}. Best is trial 10 with value: 0.9.
[I 2026-04-07 01:52:01,899] Trial 27 finished with value: 0.9 and parameters: {'n_estimators': 176, 'max_depth': 12, 'min_samples_split': 3, 'min_samples_leaf': 2}. Best is trial 10 with value: 0.9.
[I 2026-04-07 01:52:02,198] Trial 28 finished with value: 0.5 and parameters: {'n_estimators': 264, 'max_depth': 10, 'min_samples_split': 7, 'min_samples_leaf': 10}. Best is trial 10 with value: 0.9.
[I 2026-04-07 01:52:02,364] Trial 29 finished with value: 0.9 and parameters: {'n_estimators': 104, 'max_depth': 12, 'min_samples_split': 6, 'min_samples_leaf': 2}. Best is trial 10 with value: 0.9.
[I 2026-04-07 01:52:05,429] A new study created in memory with name: mlp
[I 2026-04-07 01:52:05,494] Trial 0 finished with value: 0.65 and parameters: {'hidden_layer_sizes': (200,), 'max_iter': 100, 'alpha': 0.001}. Best is trial 0 with value: 0.65.
[I 2026-04-07 01:52:05,570] Trial 1 finished with value: 0.65 and parameters: {'hidden_layer_sizes': (100, 100), 'max_iter': 100, 'alpha': 0.0001}. Best is trial 0 with value: 0.65.
[I 2026-04-07 01:52:05,616] Trial 2 finished with value: 0.65 and parameters: {'hidden_layer_sizes': (100, 100), 'max_iter': 50, 'alpha': 0.0001}. Best is trial 0 with value: 0.65.
[I 2026-04-07 01:52:05,651] Trial 3 finished with value: 0.7 and parameters: {'hidden_layer_sizes': (200,), 'max_iter': 50, 'alpha': 0.0001}. Best is trial 3 with value: 0.7.
[I 2026-04-07 01:52:05,697] Trial 4 finished with value: 0.65 and parameters: {'hidden_layer_sizes': (200,), 'max_iter': 100, 'alpha': 0.001}. Best is trial 3 with value: 0.7.
[I 2026-04-07 01:52:05,743] Trial 5 finished with value: 0.65 and parameters: {'hidden_layer_sizes': (200,), 'max_iter': 100, 'alpha': 0.0001}. Best is trial 3 with value: 0.7.
[I 2026-04-07 01:52:05,809] Trial 6 finished with value: 0.6 and parameters: {'hidden_layer_sizes': (100, 100), 'max_iter': 100, 'alpha': 0.001}. Best is trial 3 with value: 0.7.
[I 2026-04-07 01:52:05,845] Trial 7 finished with value: 0.65 and parameters: {'hidden_layer_sizes': (200,), 'max_iter': 50, 'alpha': 0.001}. Best is trial 3 with value: 0.7.
[I 2026-04-07 01:52:05,900] Trial 8 finished with value: 0.65 and parameters: {'hidden_layer_sizes': (100,), 'max_iter': 100, 'alpha': 0.001}. Best is trial 3 with value: 0.7.
[I 2026-04-07 01:52:05,936] Trial 9 finished with value: 0.65 and parameters: {'hidden_layer_sizes': (200,), 'max_iter': 50, 'alpha': 0.001}. Best is trial 3 with value: 0.7.
[I 2026-04-07 01:52:05,975] Trial 10 finished with value: 0.6 and parameters: {'hidden_layer_sizes': (100,), 'max_iter': 50, 'alpha': 0.0001}. Best is trial 3 with value: 0.7.
[I 2026-04-07 01:52:06,013] Trial 11 finished with value: 0.65 and parameters: {'hidden_layer_sizes': (200,), 'max_iter': 50, 'alpha': 0.0001}. Best is trial 3 with value: 0.7.
[I 2026-04-07 01:52:06,071] Trial 12 finished with value: 0.65 and parameters: {'hidden_layer_sizes': (200,), 'max_iter': 100, 'alpha': 0.0001}. Best is trial 3 with value: 0.7.
[I 2026-04-07 01:52:06,119] Trial 13 finished with value: 0.65 and parameters: {'hidden_layer_sizes': (200,), 'max_iter': 50, 'alpha': 0.001}. Best is trial 3 with value: 0.7.
[I 2026-04-07 01:52:06,186] Trial 14 finished with value: 0.65 and parameters: {'hidden_layer_sizes': (200,), 'max_iter': 100, 'alpha': 0.0001}. Best is trial 3 with value: 0.7.
[I 2026-04-07 01:52:06,234] Trial 15 finished with value: 0.65 and parameters: {'hidden_layer_sizes': (100,), 'max_iter': 50, 'alpha': 0.001}. Best is trial 3 with value: 0.7.
[I 2026-04-07 01:52:06,272] Trial 16 finished with value: 0.65 and parameters: {'hidden_layer_sizes': (200,), 'max_iter': 50, 'alpha': 0.001}. Best is trial 3 with value: 0.7.
[I 2026-04-07 01:52:06,319] Trial 17 finished with value: 0.65 and parameters: {'hidden_layer_sizes': (200,), 'max_iter': 100, 'alpha': 0.0001}. Best is trial 3 with value: 0.7.
[I 2026-04-07 01:52:06,357] Trial 18 finished with value: 0.65 and parameters: {'hidden_layer_sizes': (100, 100), 'max_iter': 50, 'alpha': 0.0001}. Best is trial 3 with value: 0.7.
[I 2026-04-07 01:52:06,415] Trial 19 finished with value: 0.65 and parameters: {'hidden_layer_sizes': (100,), 'max_iter': 100, 'alpha': 0.001}. Best is trial 3 with value: 0.7.
[I 2026-04-07 01:52:06,449] Trial 20 finished with value: 0.7 and parameters: {'hidden_layer_sizes': (200,), 'max_iter': 50, 'alpha': 0.001}. Best is trial 3 with value: 0.7.
[I 2026-04-07 01:52:06,493] Trial 21 finished with value: 0.65 and parameters: {'hidden_layer_sizes': (200,), 'max_iter': 50, 'alpha': 0.001}. Best is trial 3 with value: 0.7.
[I 2026-04-07 01:52:06,527] Trial 22 finished with value: 0.65 and parameters: {'hidden_layer_sizes': (200,), 'max_iter': 50, 'alpha': 0.001}. Best is trial 3 with value: 0.7.
[I 2026-04-07 01:52:06,561] Trial 23 finished with value: 0.65 and parameters: {'hidden_layer_sizes': (200,), 'max_iter': 50, 'alpha': 0.001}. Best is trial 3 with value: 0.7.
[I 2026-04-07 01:52:06,585] Trial 24 finished with value: 0.7 and parameters: {'hidden_layer_sizes': (200,), 'max_iter': 50, 'alpha': 0.001}. Best is trial 3 with value: 0.7.
[I 2026-04-07 01:52:06,629] Trial 25 finished with value: 0.7 and parameters: {'hidden_layer_sizes': (200,), 'max_iter': 50, 'alpha': 0.001}. Best is trial 3 with value: 0.7.
[I 2026-04-07 01:52:06,673] Trial 26 finished with value: 0.65 and parameters: {'hidden_layer_sizes': (200,), 'max_iter': 50, 'alpha': 0.0001}. Best is trial 3 with value: 0.7.
[I 2026-04-07 01:52:06,707] Trial 27 finished with value: 0.7 and parameters: {'hidden_layer_sizes': (200,), 'max_iter': 50, 'alpha': 0.001}. Best is trial 3 with value: 0.7.
[I 2026-04-07 01:52:06,740] Trial 28 finished with value: 0.65 and parameters: {'hidden_layer_sizes': (100,), 'max_iter': 50, 'alpha': 0.0001}. Best is trial 3 with value: 0.7.
