[I 2026-04-07 03:47:05,535] Trial 1 finished with value: 0.75 and parameters: {'n_neighbors': 6, 'leaf_size': 32, 'p': 1}. Best is trial 1 with value: 0.75.
[I 2026-04-07 03:47:05,571] Trial 2 finished with value: 0.6833333333333333 and parameters: {'n_neighbors': 5, 'leaf_size': 23, 'p': 2}. Best is trial 1 with value: 0.75.
[I 2026-04-07 03:47:05,606] Trial 3 finished with value: 0.75 and parameters: {'n_neighbors': 6, 'leaf_size': 23, 'p': 1}. Best is trial 1 with value: 0.75.
[I 2026-04-07 03:47:05,652] Trial 4 finished with value: 0.75 and parameters: {'n_neighbors': 6, 'leaf_size': 26, 'p': 1}. Best is trial 1 with value: 0.75.
[I 2026-04-07 03:47:05,687] Trial 5 finished with value: 0.7333333333333333 and parameters: {'n_neighbors': 7, 'leaf_size': 25, 'p': 1}. Best is trial 1 with value: 0.75.
[I 2026-04-07 03:47:05,722] Trial 6 finished with value: 0.6833333333333333 and parameters: {'n_neighbors': 5, 'leaf_size': 23, 'p': 2}. Best is trial 1 with value: 0.75.
[I 2026-04-07 03:47:05,758] Trial 7 finished with value: 0.7333333333333333 and parameters: {'n_neighbors': 10, 'leaf_size': 23, 'p': 2}. Best is trial 1 with value: 0.75.
[I 2026-04-07 03:47:05,804] Trial 8 finished with value: 0.7833333333333333 and parameters: {'n_neighbors': 8, 'leaf_size': 36, 'p': 2}. Best is trial 8 with value: 0.7833333333333333.
[I 2026-04-07 03:47:05,851] Trial 9 finished with value: 0.6833333333333332 and parameters: {'n_neighbors': 3, 'leaf_size': 30, 'p': 2}. Best is trial 8 with value: 0.7833333333333333.
[I 2026-04-07 03:47:05,906] Trial 10 finished with value: 0.7166666666666666 and parameters: {'n_neighbors': 9, 'leaf_size': 40, 'p': 2}. Best is trial 8 with value: 0.7833333333333333.
[I 2026-04-07 03:47:05,962] Trial 11 finished with value: 0.7833333333333334 and parameters: {'n_neighbors': 8, 'leaf_size': 35, 'p': 1}. Best is trial 11 with value: 0.7833333333333334.
[I 2026-04-07 03:47:05,985] Trial 12 finished with value: 0.7833333333333334 and parameters: {'n_neighbors': 8, 'leaf_size': 35, 'p': 1}. Best is trial 11 with value: 0.7833333333333334.
[I 2026-04-07 03:47:06,009] Trial 13 finished with value: 0.7833333333333334 and parameters: {'n_neighbors': 8, 'leaf_size': 34, 'p': 1}. Best is trial 11 with value: 0.7833333333333334.
[I 2026-04-07 03:47:06,031] Trial 14 finished with value: 0.7833333333333334 and parameters: {'n_neighbors': 10, 'leaf_size': 35, 'p': 1}. Best is trial 11 with value: 0.7833333333333334.
[I 2026-04-07 03:47:06,055] Trial 15 finished with value: 0.7833333333333334 and parameters: {'n_neighbors': 8, 'leaf_size': 30, 'p': 1}. Best is trial 11 with value: 0.7833333333333334.
[I 2026-04-07 03:47:06,090] Trial 16 finished with value: 0.7333333333333334 and parameters: {'n_neighbors': 9, 'leaf_size': 32, 'p': 1}. Best is trial 11 with value: 0.7833333333333334.
[I 2026-04-07 03:47:06,116] Trial 17 finished with value: 0.7333333333333333 and parameters: {'n_neighbors': 7, 'leaf_size': 37, 'p': 1}. Best is trial 11 with value: 0.7833333333333334.
[I 2026-04-07 03:47:06,142] Trial 18 finished with value: 0.7333333333333334 and parameters: {'n_neighbors': 9, 'leaf_size': 40, 'p': 1}. Best is trial 11 with value: 0.7833333333333334.
[I 2026-04-07 03:47:06,167] Trial 19 finished with value: 0.7333333333333333 and parameters: {'n_neighbors': 7, 'leaf_size': 28, 'p': 1}. Best is trial 11 with value: 0.7833333333333334.
[I 2026-04-07 03:47:06,204] Trial 20 finished with value: 0.7833333333333334 and parameters: {'n_neighbors': 8, 'leaf_size': 33, 'p': 1}. Best is trial 11 with value: 0.7833333333333334.
[I 2026-04-07 03:47:06,229] Trial 21 finished with value: 0.7833333333333334 and parameters: {'n_neighbors': 8, 'leaf_size': 35, 'p': 1}. Best is trial 11 with value: 0.7833333333333334.
[I 2026-04-07 03:47:06,266] Trial 22 finished with value: 0.7333333333333334 and parameters: {'n_neighbors': 9, 'leaf_size': 34, 'p': 1}. Best is trial 11 with value: 0.7833333333333334.
[I 2026-04-07 03:47:06,292] Trial 23 finished with value: 0.7833333333333334 and parameters: {'n_neighbors': 8, 'leaf_size': 38, 'p': 1}. Best is trial 11 with value: 0.7833333333333334.
[I 2026-04-07 03:47:06,329] Trial 24 finished with value: 0.7333333333333333 and parameters: {'n_neighbors': 7, 'leaf_size': 30, 'p': 1}. Best is trial 11 with value: 0.7833333333333334.
[I 2026-04-07 03:47:06,354] Trial 25 finished with value: 0.7833333333333334 and parameters: {'n_neighbors': 10, 'leaf_size': 33, 'p': 1}. Best is trial 11 with value: 0.7833333333333334.
[I 2026-04-07 03:47:06,378] Trial 26 finished with value: 0.7333333333333334 and parameters: {'n_neighbors': 9, 'leaf_size': 37, 'p': 1}. Best is trial 11 with value: 0.7833333333333334.
[I 2026-04-07 03:47:06,403] Trial 27 finished with value: 0.7833333333333334 and parameters: {'n_neighbors': 8, 'leaf_size': 35, 'p': 1}. Best is trial 11 with value: 0.7833333333333334.
[I 2026-04-07 03:47:06,440] Trial 28 finished with value: 0.7333333333333333 and parameters: {'n_neighbors': 7, 'leaf_size': 31, 'p': 1}. Best is trial 11 with value: 0.7833333333333334.
[I 2026-04-07 03:47:06,474] Trial 29 finished with value: 0.7 and parameters: {'n_neighbors': 5, 'leaf_size': 38, 'p': 1}. Best is trial 11 with value: 0.7833333333333334.
[I 2026-04-07 03:47:08,219] A new study created in memory with name: xgb
[I 2026-04-07 03:47:08,266] Trial 0 finished with value: 0.9666666666666668 and parameters: {'n_estimators': 40, 'max_depth': 5, 'gamma': 0.789317070832284, 'subsample': 0.7592089939364717, 'colsample_bytree': 0.648400250788111}. Best is trial 0 with value: 0.9666666666666668.
[I 2026-04-07 03:47:08,314] Trial 1 finished with value: 0.95 and parameters: {'n_estimators': 100, 'max_depth': 30, 'gamma': 0.34667781579300216, 'subsample': 0.7071175095405257, 'colsample_bytree': 0.6480399663668239}. Best is trial 0 with value: 0.9666666666666668.
[I 2026-04-07 03:47:08,372] Trial 2 finished with value: 0.9333333333333333 and parameters: {'n_estimators': 10, 'max_depth': 20, 'gamma': 0.3948075529198607, 'subsample': 0.5720821503267102, 'colsample_bytree': 0.5828064306006338}. Best is trial 0 with value: 0.9666666666666668.
[I 2026-04-07 03:47:08,420] Trial 3 finished with value: 0.9666666666666668 and parameters: {'n_estimators': 10, 'max_depth': 30, 'gamma': 0.8015631269999768, 'subsample': 0.5114665462195407, 'colsample_bytree': 0.788831429064878}. Best is trial 0 with value: 0.9666666666666668.
[I 2026-04-07 03:47:08,480] Trial 4 finished with value: 0.95 and parameters: {'n_estimators': 100, 'max_depth': 5, 'gamma': 0.8834347783013348, 'subsample': 0.961374806972835, 'colsample_bytree': 0.5011071062662218}. Best is trial 0 with value: 0.9666666666666668.
[I 2026-04-07 03:47:08,529] Trial 5 finished with value: 0.9833333333333334 and parameters: {'n_estimators': 40, 'max_depth': 5, 'gamma': 0.5364379674896123, 'subsample': 0.5145557818363589, 'colsample_bytree': 0.5432628442011025}. Best is trial 5 with value: 0.9833333333333334.
[I 2026-04-07 03:47:08,598] Trial 6 finished with value: 0.9333333333333333 and parameters: {'n_estimators': 100, 'max_depth': 20, 'gamma': 0.6718205850237038, 'subsample': 0.9059511955902053, 'colsample_bytree': 0.9633413076219371}. Best is trial 5 with value: 0.9833333333333334.
[I 2026-04-07 03:47:08,637] Trial 7 finished with value: 0.8833333333333334 and parameters: {'n_estimators': 10, 'max_depth': 30, 'gamma': 0.8165284487704038, 'subsample': 0.5255714015506736, 'colsample_bytree': 0.594333867896554}. Best is trial 5 with value: 0.9833333333333334.
[I 2026-04-07 03:47:08,697] Trial 8 finished with value: 0.95 and parameters: {'n_estimators': 100, 'max_depth': 20, 'gamma': 0.6251497693480509, 'subsample': 0.9696496759824258, 'colsample_bytree': 0.9717700410079397}. Best is trial 5 with value: 0.9833333333333334.
[I 2026-04-07 03:47:08,746] Trial 9 finished with value: 0.9666666666666668 and parameters: {'n_estimators': 40, 'max_depth': 30, 'gamma': 0.9649927737686168, 'subsample': 0.6857563076640036, 'colsample_bytree': 0.5061847058001788}. Best is trial 5 with value: 0.9833333333333334.
[I 2026-04-07 03:47:08,813] Trial 10 finished with value: 0.9333333333333333 and parameters: {'n_estimators': 40, 'max_depth': 5, 'gamma': 0.17962098877423716, 'subsample': 0.8185311023645913, 'colsample_bytree': 0.7898330861721071}. Best is trial 5 with value: 0.9833333333333334.
[I 2026-04-07 03:47:08,870] Trial 11 finished with value: 0.9333333333333333 and parameters: {'n_estimators': 40, 'max_depth': 5, 'gamma': 0.48596480023844024, 'subsample': 0.8008577629494058, 'colsample_bytree': 0.702161796405997}. Best is trial 5 with value: 0.9833333333333334.
[I 2026-04-07 03:47:08,907] Trial 12 finished with value: 0.9166666666666667 and parameters: {'n_estimators': 40, 'max_depth': 5, 'gamma': 0.7075844085314806, 'subsample': 0.6350278457846134, 'colsample_bytree': 0.7136404265878388}. Best is trial 5 with value: 0.9833333333333334.
[I 2026-04-07 03:47:08,944] Trial 13 finished with value: 0.95 and parameters: {'n_estimators': 40, 'max_depth': 5, 'gamma': 0.5268615503101213, 'subsample': 0.7844515830692418, 'colsample_bytree': 0.5964277392586586}. Best is trial 5 with value: 0.9833333333333334.
[I 2026-04-07 03:47:08,981] Trial 14 finished with value: 0.9166666666666667 and parameters: {'n_estimators': 40, 'max_depth': 5, 'gamma': 0.2409007967230276, 'subsample': 0.615347780324236, 'colsample_bytree': 0.6566276780122275}. Best is trial 5 with value: 0.9833333333333334.
[I 2026-04-07 03:47:09,018] Trial 15 finished with value: 0.9333333333333333 and parameters: {'n_estimators': 40, 'max_depth': 5, 'gamma': 0.9993933231809418, 'subsample': 0.8672886392732249, 'colsample_bytree': 0.8604557310580807}. Best is trial 5 with value: 0.9833333333333334.
[I 2026-04-07 03:47:09,055] Trial 16 finished with value: 0.9 and parameters: {'n_estimators': 40, 'max_depth': 5, 'gamma': 0.5910840220265552, 'subsample': 0.727597663735162, 'colsample_bytree': 0.5594065593048707}. Best is trial 5 with value: 0.9833333333333334.
[I 2026-04-07 03:47:09,092] Trial 17 finished with value: 0.95 and parameters: {'n_estimators': 40, 'max_depth': 5, 'gamma': 0.7280675696012222, 'subsample': 0.6501162750724356, 'colsample_bytree': 0.6495878208796867}. Best is trial 5 with value: 0.9833333333333334.
[I 2026-04-07 03:47:09,130] Trial 18 finished with value: 0.9666666666666668 and parameters: {'n_estimators': 40, 'max_depth': 5, 'gamma': 0.44300954879266374, 'subsample': 0.7574477032743693, 'colsample_bytree': 0.5366375677665303}. Best is trial 5 with value: 0.9833333333333334.
[I 2026-04-07 03:47:09,176] Trial 19 finished with value: 0.9 and parameters: {'n_estimators': 10, 'max_depth': 20, 'gamma': 0.2792048953739036, 'subsample': 0.8551761586817276, 'colsample_bytree': 0.6232759384618629}. Best is trial 5 with value: 0.9833333333333334.
[I 2026-04-07 03:47:09,213] Trial 20 finished with value: 0.9166666666666667 and parameters: {'n_estimators': 40, 'max_depth': 5, 'gamma': 0.5576205484803076, 'subsample': 0.5829627159306838, 'colsample_bytree': 0.7055230346742426}. Best is trial 5 with value: 0.9833333333333334.
[I 2026-04-07 03:47:09,251] Trial 21 finished with value: 0.9333333333333333 and parameters: {'n_estimators': 10, 'max_depth': 30, 'gamma': 0.8016899675313478, 'subsample': 0.5198071376740079, 'colsample_bytree': 0.7871860120176107}. Best is trial 5 with value: 0.9833333333333334.
[I 2026-04-07 03:47:09,289] Trial 22 finished with value: 0.9333333333333333 and parameters: {'n_estimators': 10, 'max_depth': 30, 'gamma': 0.7997559903945286, 'subsample': 0.5056368305063311, 'colsample_bytree': 0.8640687836909875}. Best is trial 5 with value: 0.9833333333333334.
[I 2026-04-07 03:47:09,330] Trial 23 finished with value: 0.9333333333333333 and parameters: {'n_estimators': 10, 'max_depth': 30, 'gamma': 0.8814838734730219, 'subsample': 0.5833783610024017, 'colsample_bytree': 0.8452731860824613}. Best is trial 5 with value: 0.9833333333333334.
[I 2026-04-07 03:47:09,367] Trial 24 finished with value: 0.9333333333333333 and parameters: {'n_estimators': 10, 'max_depth': 30, 'gamma': 0.6684352363577584, 'subsample': 0.6762958913128817, 'colsample_bytree': 0.7587409919812669}. Best is trial 5 with value: 0.9833333333333334.
[I 2026-04-07 03:47:09,406] Trial 25 finished with value: 0.9 and parameters: {'n_estimators': 10, 'max_depth': 30, 'gamma': 0.10419992365893271, 'subsample': 0.5571069721352915, 'colsample_bytree': 0.9306285910624859}. Best is trial 5 with value: 0.9833333333333334.
[I 2026-04-07 03:47:09,443] Trial 26 finished with value: 0.95 and parameters: {'n_estimators': 40, 'max_depth': 5, 'gamma': 0.7515417232791363, 'subsample': 0.7403036612663063, 'colsample_bytree': 0.8192151386576041}. Best is trial 5 with value: 0.9833333333333334.
[I 2026-04-07 03:47:09,483] Trial 27 finished with value: 0.95 and parameters: {'n_estimators': 40, 'max_depth': 5, 'gamma': 0.9096837867444579, 'subsample': 0.6040028194964616, 'colsample_bytree': 0.679014854353707}. Best is trial 5 with value: 0.9833333333333334.
[I 2026-04-07 03:47:09,523] Trial 28 finished with value: 0.9166666666666667 and parameters: {'n_estimators': 100, 'max_depth': 20, 'gamma': 0.6435002915375736, 'subsample': 0.5297779196385388, 'colsample_bytree': 0.7454993367891264}. Best is trial 5 with value: 0.9833333333333334.
[I 2026-04-07 03:47:09,561] Trial 29 finished with value: 0.9333333333333333 and parameters: {'n_estimators': 10, 'max_depth': 30, 'gamma': 0.34512512498628867, 'subsample': 0.6830645697042959, 'colsample_bytree': 0.6173118999764038}. Best is trial 5 with value: 0.9833333333333334.
[I 2026-04-07 03:47:10,424] A new study created in memory with name: rf
[I 2026-04-07 03:47:10,651] Trial 0 finished with value: 0.9 and parameters: {'n_estimators': 189, 'max_depth': 18, 'min_samples_split': 3, 'min_samples_leaf': 10}. Best is trial 0 with value: 0.9.
[I 2026-04-07 03:47:10,981] Trial 1 finished with value: 1.0 and parameters: {'n_estimators': 295, 'max_depth': 14, 'min_samples_split': 8, 'min_samples_leaf': 6}. Best is trial 1 with value: 1.0.
[I 2026-04-07 03:47:11,251] Trial 2 finished with value: 0.9666666666666668 and parameters: {'n_estimators': 219, 'max_depth': 6, 'min_samples_split': 2, 'min_samples_leaf': 8}. Best is trial 1 with value: 1.0.
[I 2026-04-07 03:47:11,561] Trial 3 finished with value: 1.0 and parameters: {'n_estimators': 276, 'max_depth': 5, 'min_samples_split': 9, 'min_samples_leaf': 3}. Best is trial 1 with value: 1.0.
[I 2026-04-07 03:47:11,860] Trial 4 finished with value: 0.9833333333333334 and parameters: {'n_estimators': 266, 'max_depth': 8, 'min_samples_split': 7, 'min_samples_leaf': 6}. Best is trial 1 with value: 1.0.
[I 2026-04-07 03:47:12,230] Trial 5 finished with value: 1.0 and parameters: {'n_estimators': 340, 'max_depth': 7, 'min_samples_split': 4, 'min_samples_leaf': 3}. Best is trial 1 with value: 1.0.
[I 2026-04-07 03:47:12,551] Trial 6 finished with value: 0.8833333333333332 and parameters: {'n_estimators': 231, 'max_depth': 5, 'min_samples_split': 3, 'min_samples_leaf': 10}. Best is trial 1 with value: 1.0.
[I 2026-04-07 03:47:13,053] Trial 7 finished with value: 1.0 and parameters: {'n_estimators': 485, 'max_depth': 6, 'min_samples_split': 2, 'min_samples_leaf': 3}. Best is trial 1 with value: 1.0.
[I 2026-04-07 03:47:13,495] Trial 8 finished with value: 0.9666666666666668 and parameters: {'n_estimators': 380, 'max_depth': 17, 'min_samples_split': 2, 'min_samples_leaf': 6}. Best is trial 1 with value: 1.0.
[I 2026-04-07 03:47:13,634] Trial 9 finished with value: 0.9 and parameters: {'n_estimators': 100, 'max_depth': 12, 'min_samples_split': 7, 'min_samples_leaf': 10}. Best is trial 1 with value: 1.0.
[I 2026-04-07 03:47:14,140] Trial 10 finished with value: 1.0 and parameters: {'n_estimators': 446, 'max_depth': 13, 'min_samples_split': 10, 'min_samples_leaf': 5}. Best is trial 1 with value: 1.0.
[I 2026-04-07 03:47:14,535] Trial 11 finished with value: 1.0 and parameters: {'n_estimators': 314, 'max_depth': 15, 'min_samples_split': 10, 'min_samples_leaf': 1}. Best is trial 1 with value: 1.0.
[I 2026-04-07 03:47:14,950] Trial 12 finished with value: 1.0 and parameters: {'n_estimators': 390, 'max_depth': 3, 'min_samples_split': 8, 'min_samples_leaf': 3}. Best is trial 1 with value: 1.0.
[I 2026-04-07 03:47:15,262] Trial 13 finished with value: 1.0 and parameters: {'n_estimators': 284, 'max_depth': 10, 'min_samples_split': 9, 'min_samples_leaf': 5}. Best is trial 1 with value: 1.0.
[I 2026-04-07 03:47:15,544] Trial 14 finished with value: 1.0 and parameters: {'n_estimators': 187, 'max_depth': 20, 'min_samples_split': 5, 'min_samples_leaf': 1}. Best is trial 1 with value: 1.0.
[I 2026-04-07 03:47:15,716] Trial 15 finished with value: 1.0 and parameters: {'n_estimators': 136, 'max_depth': 9, 'min_samples_split': 8, 'min_samples_leaf': 7}. Best is trial 1 with value: 1.0.
[I 2026-04-07 03:47:16,081] Trial 16 finished with value: 1.0 and parameters: {'n_estimators': 344, 'max_depth': 14, 'min_samples_split': 6, 'min_samples_leaf': 4}. Best is trial 1 with value: 1.0.
[I 2026-04-07 03:47:16,374] Trial 17 finished with value: 0.9666666666666668 and parameters: {'n_estimators': 262, 'max_depth': 11, 'min_samples_split': 9, 'min_samples_leaf': 8}. Best is trial 1 with value: 1.0.
[I 2026-04-07 03:47:16,829] Trial 18 finished with value: 1.0 and parameters: {'n_estimators': 409, 'max_depth': 3, 'min_samples_split': 8, 'min_samples_leaf': 2}. Best is trial 1 with value: 1.0.
[I 2026-04-07 03:47:17,214] Trial 19 finished with value: 1.0 and parameters: {'n_estimators': 318, 'max_depth': 16, 'min_samples_split': 6, 'min_samples_leaf': 4}. Best is trial 1 with value: 1.0.
[I 2026-04-07 03:47:17,406] Trial 20 finished with value: 0.9833333333333334 and parameters: {'n_estimators': 163, 'max_depth': 19, 'min_samples_split': 9, 'min_samples_leaf': 7}. Best is trial 1 with value: 1.0.
[I 2026-04-07 03:47:17,800] Trial 21 finished with value: 1.0 and parameters: {'n_estimators': 351, 'max_depth': 5, 'min_samples_split': 4, 'min_samples_leaf': 3}. Best is trial 1 with value: 1.0.
[I 2026-04-07 03:47:18,075] Trial 22 finished with value: 0.9833333333333334 and parameters: {'n_estimators': 247, 'max_depth': 8, 'min_samples_split': 5, 'min_samples_leaf': 4}. Best is trial 1 with value: 1.0.
[I 2026-04-07 03:47:18,444] Trial 23 finished with value: 1.0 and parameters: {'n_estimators': 300, 'max_depth': 7, 'min_samples_split': 7, 'min_samples_leaf': 2}. Best is trial 1 with value: 1.0.
[I 2026-04-07 03:47:18,838] Trial 24 finished with value: 1.0 and parameters: {'n_estimators': 343, 'max_depth': 11, 'min_samples_split': 5, 'min_samples_leaf': 2}. Best is trial 1 with value: 1.0.
[I 2026-04-07 03:47:19,152] Trial 25 finished with value: 1.0 and parameters: {'n_estimators': 281, 'max_depth': 4, 'min_samples_split': 4, 'min_samples_leaf': 5}. Best is trial 1 with value: 1.0.
[I 2026-04-07 03:47:19,620] Trial 26 finished with value: 1.0 and parameters: {'n_estimators': 435, 'max_depth': 9, 'min_samples_split': 10, 'min_samples_leaf': 4}. Best is trial 1 with value: 1.0.
[I 2026-04-07 03:47:20,076] Trial 27 finished with value: 0.95 and parameters: {'n_estimators': 373, 'max_depth': 14, 'min_samples_split': 9, 'min_samples_leaf': 7}. Best is trial 1 with value: 1.0.
[I 2026-04-07 03:47:20,473] Trial 28 finished with value: 1.0 and parameters: {'n_estimators': 322, 'max_depth': 7, 'min_samples_split': 8, 'min_samples_leaf': 3}. Best is trial 1 with value: 1.0.
[I 2026-04-07 03:47:20,760] Trial 29 finished with value: 0.9666666666666668 and parameters: {'n_estimators': 213, 'max_depth': 12, 'min_samples_split': 4, 'min_samples_leaf': 6}. Best is trial 1 with value: 1.0.
[I 2026-04-07 03:47:24,697] A new study created in memory with name: mlp
[I 2026-04-07 03:47:24,743] Trial 0 finished with value: 0.7833333333333334 and parameters: {'hidden_layer_sizes': (200,), 'max_iter': 50, 'alpha': 0.001}. Best is trial 0 with value: 0.7833333333333334.
[I 2026-04-07 03:47:24,824] Trial 1 finished with value: 0.8 and parameters: {'hidden_layer_sizes': (100,), 'max_iter': 100, 'alpha': 0.0001}. Best is trial 1 with value: 0.8.
[I 2026-04-07 03:47:24,881] Trial 2 finished with value: 0.7333333333333334 and parameters: {'hidden_layer_sizes': (100,), 'max_iter': 100, 'alpha': 0.001}. Best is trial 1 with value: 0.8.
[I 2026-04-07 03:47:24,935] Trial 3 finished with value: 0.7666666666666668 and parameters: {'hidden_layer_sizes': (200,), 'max_iter': 50, 'alpha': 0.001}. Best is trial 1 with value: 0.8.
[I 2026-04-07 03:47:25,002] Trial 4 finished with value: 0.7833333333333334 and parameters: {'hidden_layer_sizes': (100,), 'max_iter': 100, 'alpha': 0.0001}. Best is trial 1 with value: 0.8.
[I 2026-04-07 03:47:25,068] Trial 5 finished with value: 0.7500000000000002 and parameters: {'hidden_layer_sizes': (100,), 'max_iter': 100, 'alpha': 0.001}. Best is trial 1 with value: 0.8.
[I 2026-04-07 03:47:25,134] Trial 6 finished with value: 0.7666666666666668 and parameters: {'hidden_layer_sizes': (200,), 'max_iter': 100, 'alpha': 0.001}. Best is trial 1 with value: 0.8.
[I 2026-04-07 03:47:25,191] Trial 7 finished with value: 0.7833333333333334 and parameters: {'hidden_layer_sizes': (200,), 'max_iter': 100, 'alpha': 0.001}. Best is trial 1 with value: 0.8.
[I 2026-04-07 03:47:25,245] Trial 8 finished with value: 0.7666666666666666 and parameters: {'hidden_layer_sizes': (100,), 'max_iter': 100, 'alpha': 0.001}. Best is trial 1 with value: 0.8.
[I 2026-04-07 03:47:25,292] Trial 9 finished with value: 0.7333333333333334 and parameters: {'hidden_layer_sizes': (100,), 'max_iter': 50, 'alpha': 0.001}. Best is trial 1 with value: 0.8.
[I 2026-04-07 03:47:25,339] Trial 10 finished with value: 0.7833333333333334 and parameters: {'hidden_layer_sizes': (100, 100), 'max_iter': 50, 'alpha': 0.0001}. Best is trial 1 with value: 0.8.
