[I 2026-04-09 19:52:01,081] Trial 25 finished with value: 0.85 and parameters: {'var_smoothing': 2.1589819023851477e-09}. Best is trial 0 with value: 0.85.
[I 2026-04-09 19:52:01,101] Trial 26 finished with value: 0.85 and parameters: {'var_smoothing': 3.912617821024548e-09}. Best is trial 0 with value: 0.85.
[I 2026-04-09 19:52:01,119] Trial 27 finished with value: 0.85 and parameters: {'var_smoothing': 7.162139101012446e-09}. Best is trial 0 with value: 0.85.
[I 2026-04-09 19:52:01,140] Trial 28 finished with value: 0.85 and parameters: {'var_smoothing': 1.3883316815746274e-09}. Best is trial 0 with value: 0.85.
[I 2026-04-09 19:52:01,160] Trial 29 finished with value: 0.85 and parameters: {'var_smoothing': 4.1751754503046387e-10}. Best is trial 0 with value: 0.85.
[I 2026-04-09 19:52:02,287] A new study created in memory with name: logreg
[I 2026-04-09 19:52:02,342] Trial 0 finished with value: 0.8 and parameters: {'C': 29.127335430981816, 'penalty': 'l2'}. Best is trial 0 with value: 0.8.
[I 2026-04-09 19:52:02,414] Trial 1 finished with value: 0.45 and parameters: {'C': 0.045698192893558344, 'penalty': 'l2'}. Best is trial 0 with value: 0.8.
[I 2026-04-09 19:52:02,468] Trial 2 finished with value: 0.8 and parameters: {'C': 12.768668597712947, 'penalty': 'l2'}. Best is trial 0 with value: 0.8.
[I 2026-04-09 19:52:02,522] Trial 3 finished with value: 0.3 and parameters: {'C': 0.0016161554408462638, 'penalty': 'l2'}. Best is trial 0 with value: 0.8.
[I 2026-04-09 19:52:02,566] Trial 4 finished with value: 0.4 and parameters: {'C': 0.0034536903703241734, 'penalty': 'l2'}. Best is trial 0 with value: 0.8.
[I 2026-04-09 19:52:02,620] Trial 5 finished with value: 0.6 and parameters: {'C': 0.9446269266990148, 'penalty': 'l2'}. Best is trial 0 with value: 0.8.
[I 2026-04-09 19:52:02,680] Trial 6 finished with value: 0.6 and parameters: {'C': 0.4457453393648168, 'penalty': 'l2'}. Best is trial 0 with value: 0.8.
[I 2026-04-09 19:52:02,736] Trial 7 finished with value: 0.55 and parameters: {'C': 0.12417585037258261, 'penalty': 'l2'}. Best is trial 0 with value: 0.8.
[I 2026-04-09 19:52:02,781] Trial 8 finished with value: 0.45 and parameters: {'C': 0.04753781830244093, 'penalty': 'l2'}. Best is trial 0 with value: 0.8.
[I 2026-04-09 19:52:02,826] Trial 9 finished with value: 0.65 and parameters: {'C': 1.2959766028194148, 'penalty': 'l2'}. Best is trial 0 with value: 0.8.
[I 2026-04-09 19:52:02,886] Trial 10 finished with value: 0.75 and parameters: {'C': 96.02411422716075, 'penalty': 'l2'}. Best is trial 0 with value: 0.8.
[I 2026-04-09 19:52:02,945] Trial 11 finished with value: 0.8 and parameters: {'C': 39.69400400084221, 'penalty': 'l2'}. Best is trial 0 with value: 0.8.
[I 2026-04-09 19:52:02,973] Trial 12 finished with value: 0.75 and parameters: {'C': 8.225959882391543, 'penalty': 'l2'}. Best is trial 0 with value: 0.8.
[I 2026-04-09 19:52:03,002] Trial 13 finished with value: 0.7 and parameters: {'C': 7.754794499748217, 'penalty': 'l2'}. Best is trial 0 with value: 0.8.
[I 2026-04-09 19:52:03,049] Trial 14 finished with value: 0.7 and parameters: {'C': 6.4805921259058685, 'penalty': 'l2'}. Best is trial 0 with value: 0.8.
[I 2026-04-09 19:52:03,080] Trial 15 finished with value: 0.8 and parameters: {'C': 20.46019149655531, 'penalty': 'l2'}. Best is trial 0 with value: 0.8.
[I 2026-04-09 19:52:03,106] Trial 16 finished with value: 0.7 and parameters: {'C': 2.6712006191102677, 'penalty': 'l2'}. Best is trial 0 with value: 0.8.
[I 2026-04-09 19:52:03,131] Trial 17 finished with value: 0.8 and parameters: {'C': 66.57016988037816, 'penalty': 'l2'}. Best is trial 0 with value: 0.8.
[I 2026-04-09 19:52:03,156] Trial 18 finished with value: 0.8 and parameters: {'C': 20.549499653203245, 'penalty': 'l2'}. Best is trial 0 with value: 0.8.
[I 2026-04-09 19:52:03,181] Trial 19 finished with value: 0.75 and parameters: {'C': 3.4848224841762354, 'penalty': 'l2'}. Best is trial 0 with value: 0.8.
[I 2026-04-09 19:52:03,206] Trial 20 finished with value: 0.8 and parameters: {'C': 21.043901013446362, 'penalty': 'l2'}. Best is trial 0 with value: 0.8.
[I 2026-04-09 19:52:03,231] Trial 21 finished with value: 0.8 and parameters: {'C': 46.686185044093016, 'penalty': 'l2'}. Best is trial 0 with value: 0.8.
[I 2026-04-09 19:52:03,257] Trial 22 finished with value: 0.8 and parameters: {'C': 35.61069157883236, 'penalty': 'l2'}. Best is trial 0 with value: 0.8.
[I 2026-04-09 19:52:03,288] Trial 23 finished with value: 0.8 and parameters: {'C': 10.664489316128229, 'penalty': 'l2'}. Best is trial 0 with value: 0.8.
[I 2026-04-09 19:52:03,314] Trial 24 finished with value: 0.75 and parameters: {'C': 3.8285763847284042, 'penalty': 'l2'}. Best is trial 0 with value: 0.8.
[I 2026-04-09 19:52:03,342] Trial 25 finished with value: 0.65 and parameters: {'C': 1.405691902774332, 'penalty': 'l2'}. Best is trial 0 with value: 0.8.
[I 2026-04-09 19:52:03,368] Trial 26 finished with value: 0.8 and parameters: {'C': 34.960496087082184, 'penalty': 'l2'}. Best is trial 0 with value: 0.8.
[I 2026-04-09 19:52:03,398] Trial 27 finished with value: 0.6 and parameters: {'C': 0.3579259276997438, 'penalty': 'l2'}. Best is trial 0 with value: 0.8.
[I 2026-04-09 19:52:03,429] Trial 28 finished with value: 0.8 and parameters: {'C': 17.182542197158575, 'penalty': 'l2'}. Best is trial 0 with value: 0.8.
[I 2026-04-09 19:52:03,459] Trial 29 finished with value: 0.75 and parameters: {'C': 82.01914459360079, 'penalty': 'l2'}. Best is trial 0 with value: 0.8.
[I 2026-04-09 19:52:04,597] A new study created in memory with name: knn
[I 2026-04-09 19:52:04,651] Trial 0 finished with value: 0.45 and parameters: {'n_neighbors': 10, 'leaf_size': 26, 'p': 1}. Best is trial 0 with value: 0.45.
[I 2026-04-09 19:52:04,687] Trial 1 finished with value: 0.6 and parameters: {'n_neighbors': 3, 'leaf_size': 32, 'p': 1}. Best is trial 1 with value: 0.6.
[I 2026-04-09 19:52:04,731] Trial 2 finished with value: 0.7 and parameters: {'n_neighbors': 5, 'leaf_size': 33, 'p': 2}. Best is trial 2 with value: 0.7.
[I 2026-04-09 19:52:04,764] Trial 3 finished with value: 0.5 and parameters: {'n_neighbors': 7, 'leaf_size': 32, 'p': 2}. Best is trial 2 with value: 0.7.
[I 2026-04-09 19:52:04,819] Trial 4 finished with value: 0.5 and parameters: {'n_neighbors': 9, 'leaf_size': 28, 'p': 1}. Best is trial 2 with value: 0.7.
[I 2026-04-09 19:52:04,862] Trial 5 finished with value: 0.6 and parameters: {'n_neighbors': 3, 'leaf_size': 35, 'p': 1}. Best is trial 2 with value: 0.7.
[I 2026-04-09 19:52:04,916] Trial 6 finished with value: 0.6 and parameters: {'n_neighbors': 8, 'leaf_size': 31, 'p': 2}. Best is trial 2 with value: 0.7.
[I 2026-04-09 19:52:04,952] Trial 7 finished with value: 0.6 and parameters: {'n_neighbors': 6, 'leaf_size': 24, 'p': 2}. Best is trial 2 with value: 0.7.
[I 2026-04-09 19:52:04,999] Trial 8 finished with value: 0.7 and parameters: {'n_neighbors': 5, 'leaf_size': 34, 'p': 2}. Best is trial 2 with value: 0.7.
[I 2026-04-09 19:52:05,063] Trial 9 finished with value: 0.5 and parameters: {'n_neighbors': 10, 'leaf_size': 27, 'p': 2}. Best is trial 2 with value: 0.7.
[I 2026-04-09 19:52:05,120] Trial 10 finished with value: 0.7 and parameters: {'n_neighbors': 5, 'leaf_size': 40, 'p': 2}. Best is trial 2 with value: 0.7.
[I 2026-04-09 19:52:05,176] Trial 11 finished with value: 0.7 and parameters: {'n_neighbors': 5, 'leaf_size': 37, 'p': 2}. Best is trial 2 with value: 0.7.
[I 2026-04-09 19:52:05,202] Trial 12 finished with value: 0.7 and parameters: {'n_neighbors': 5, 'leaf_size': 35, 'p': 2}. Best is trial 2 with value: 0.7.
[I 2026-04-09 19:52:05,224] Trial 13 finished with value: 0.6 and parameters: {'n_neighbors': 4, 'leaf_size': 21, 'p': 2}. Best is trial 2 with value: 0.7.
[I 2026-04-09 19:52:05,248] Trial 14 finished with value: 0.5 and parameters: {'n_neighbors': 7, 'leaf_size': 35, 'p': 2}. Best is trial 2 with value: 0.7.
[I 2026-04-09 19:52:05,270] Trial 15 finished with value: 0.6 and parameters: {'n_neighbors': 6, 'leaf_size': 39, 'p': 2}. Best is trial 2 with value: 0.7.
[I 2026-04-09 19:52:05,293] Trial 16 finished with value: 0.6 and parameters: {'n_neighbors': 4, 'leaf_size': 30, 'p': 2}. Best is trial 2 with value: 0.7.
[I 2026-04-09 19:52:05,319] Trial 17 finished with value: 0.6 and parameters: {'n_neighbors': 4, 'leaf_size': 33, 'p': 2}. Best is trial 2 with value: 0.7.
[I 2026-04-09 19:52:05,344] Trial 18 finished with value: 0.55 and parameters: {'n_neighbors': 6, 'leaf_size': 37, 'p': 1}. Best is trial 2 with value: 0.7.
[I 2026-04-09 19:52:05,388] Trial 19 finished with value: 0.6 and parameters: {'n_neighbors': 8, 'leaf_size': 29, 'p': 2}. Best is trial 2 with value: 0.7.
[I 2026-04-09 19:52:05,425] Trial 20 finished with value: 0.7 and parameters: {'n_neighbors': 5, 'leaf_size': 34, 'p': 2}. Best is trial 2 with value: 0.7.
[I 2026-04-09 19:52:05,449] Trial 21 finished with value: 0.7 and parameters: {'n_neighbors': 5, 'leaf_size': 40, 'p': 2}. Best is trial 2 with value: 0.7.
[I 2026-04-09 19:52:05,473] Trial 22 finished with value: 0.6 and parameters: {'n_neighbors': 4, 'leaf_size': 38, 'p': 2}. Best is trial 2 with value: 0.7.
[I 2026-04-09 19:52:05,493] Trial 23 finished with value: 0.7 and parameters: {'n_neighbors': 5, 'leaf_size': 37, 'p': 2}. Best is trial 2 with value: 0.7.
[I 2026-04-09 19:52:05,513] Trial 24 finished with value: 0.6 and parameters: {'n_neighbors': 6, 'leaf_size': 40, 'p': 2}. Best is trial 2 with value: 0.7.
[I 2026-04-09 19:52:05,533] Trial 25 finished with value: 0.5 and parameters: {'n_neighbors': 7, 'leaf_size': 34, 'p': 2}. Best is trial 2 with value: 0.7.
[I 2026-04-09 19:52:05,553] Trial 26 finished with value: 0.6 and parameters: {'n_neighbors': 3, 'leaf_size': 36, 'p': 1}. Best is trial 2 with value: 0.7.
[I 2026-04-09 19:52:05,584] Trial 27 finished with value: 0.6 and parameters: {'n_neighbors': 4, 'leaf_size': 30, 'p': 2}. Best is trial 2 with value: 0.7.
[I 2026-04-09 19:52:05,608] Trial 28 finished with value: 0.7 and parameters: {'n_neighbors': 5, 'leaf_size': 25, 'p': 2}. Best is trial 2 with value: 0.7.
[I 2026-04-09 19:52:05,628] Trial 29 finished with value: 0.55 and parameters: {'n_neighbors': 6, 'leaf_size': 33, 'p': 1}. Best is trial 2 with value: 0.7.
[I 2026-04-09 19:52:06,898] A new study created in memory with name: xgb
[I 2026-04-09 19:52:06,943] Trial 0 finished with value: 0.65 and parameters: {'n_estimators': 10, 'max_depth': 30, 'gamma': 0.5768356259735394, 'subsample': 0.7094037142783272, 'colsample_bytree': 0.6677039246366646}. Best is trial 0 with value: 0.65.
[I 2026-04-09 19:52:06,992] Trial 1 finished with value: 0.75 and parameters: {'n_estimators': 100, 'max_depth': 30, 'gamma': 0.9912018442360747, 'subsample': 0.9099290984609207, 'colsample_bytree': 0.7066004674080903}. Best is trial 1 with value: 0.75.
[I 2026-04-09 19:52:07,038] Trial 2 finished with value: 0.75 and parameters: {'n_estimators': 10, 'max_depth': 20, 'gamma': 0.7382185757030506, 'subsample': 0.7704684271512641, 'colsample_bytree': 0.5624120871903049}. Best is trial 1 with value: 0.75.
[I 2026-04-09 19:52:07,086] Trial 3 finished with value: 0.8 and parameters: {'n_estimators': 10, 'max_depth': 20, 'gamma': 0.7041784887453524, 'subsample': 0.7995029565695583, 'colsample_bytree': 0.8586660727777565}. Best is trial 3 with value: 0.8.
[I 2026-04-09 19:52:07,135] Trial 4 finished with value: 0.75 and parameters: {'n_estimators': 10, 'max_depth': 20, 'gamma': 0.46549701645255037, 'subsample': 0.9946899241400011, 'colsample_bytree': 0.725249640372583}. Best is trial 3 with value: 0.8.
[I 2026-04-09 19:52:07,182] Trial 5 finished with value: 0.85 and parameters: {'n_estimators': 40, 'max_depth': 20, 'gamma': 0.3554734452019276, 'subsample': 0.5947710951851903, 'colsample_bytree': 0.7356254823676576}. Best is trial 5 with value: 0.85.
[I 2026-04-09 19:52:07,236] Trial 6 finished with value: 0.7 and parameters: {'n_estimators': 40, 'max_depth': 20, 'gamma': 0.8967376717636345, 'subsample': 0.988276510203839, 'colsample_bytree': 0.9184542964535913}. Best is trial 5 with value: 0.85.
[I 2026-04-09 19:52:07,280] Trial 7 finished with value: 0.75 and parameters: {'n_estimators': 40, 'max_depth': 30, 'gamma': 0.7149068474388774, 'subsample': 0.5696358027454862, 'colsample_bytree': 0.8514125286992056}. Best is trial 5 with value: 0.85.
[I 2026-04-09 19:52:07,364] Trial 8 finished with value: 0.75 and parameters: {'n_estimators': 100, 'max_depth': 30, 'gamma': 0.2471398756881566, 'subsample': 0.8241126205332553, 'colsample_bytree': 0.6258070715852391}. Best is trial 5 with value: 0.85.
[I 2026-04-09 19:52:07,427] Trial 9 finished with value: 0.75 and parameters: {'n_estimators': 40, 'max_depth': 30, 'gamma': 0.8599846034069103, 'subsample': 0.8019332783535529, 'colsample_bytree': 0.7936068454878676}. Best is trial 5 with value: 0.85.
[I 2026-04-09 19:52:07,489] Trial 10 finished with value: 0.85 and parameters: {'n_estimators': 40, 'max_depth': 5, 'gamma': 0.11132541504315885, 'subsample': 0.5064520294339674, 'colsample_bytree': 0.5354388651065751}. Best is trial 5 with value: 0.85.
[I 2026-04-09 19:52:07,543] Trial 11 finished with value: 0.75 and parameters: {'n_estimators': 40, 'max_depth': 5, 'gamma': 0.10320183957643626, 'subsample': 0.5083591729011359, 'colsample_bytree': 0.5367783702744849}. Best is trial 5 with value: 0.85.
[I 2026-04-09 19:52:07,581] Trial 12 finished with value: 0.75 and parameters: {'n_estimators': 40, 'max_depth': 5, 'gamma': 0.3273879186161104, 'subsample': 0.6388721583525279, 'colsample_bytree': 0.9715083346653923}. Best is trial 5 with value: 0.85.
[I 2026-04-09 19:52:07,605] Trial 13 finished with value: 0.75 and parameters: {'n_estimators': 40, 'max_depth': 5, 'gamma': 0.11701644856579113, 'subsample': 0.5146749793878775, 'colsample_bytree': 0.5538859681272363}. Best is trial 5 with value: 0.85.
[I 2026-04-09 19:52:07,644] Trial 14 finished with value: 0.85 and parameters: {'n_estimators': 40, 'max_depth': 5, 'gamma': 0.3351931893847545, 'subsample': 0.6180115760776673, 'colsample_bytree': 0.5013541727082262}. Best is trial 5 with value: 0.85.
[I 2026-04-09 19:52:07,681] Trial 15 finished with value: 0.75 and parameters: {'n_estimators': 40, 'max_depth': 20, 'gamma': 0.2298167850595741, 'subsample': 0.6801252019512238, 'colsample_bytree': 0.6130029833726239}. Best is trial 5 with value: 0.85.
[I 2026-04-09 19:52:07,731] Trial 16 finished with value: 0.8 and parameters: {'n_estimators': 100, 'max_depth': 5, 'gamma': 0.4616351915039345, 'subsample': 0.5711850033174981, 'colsample_bytree': 0.7741954202356167}. Best is trial 5 with value: 0.85.
[I 2026-04-09 19:52:07,772] Trial 17 finished with value: 0.85 and parameters: {'n_estimators': 40, 'max_depth': 5, 'gamma': 0.25576311910058147, 'subsample': 0.5729315819025618, 'colsample_bytree': 0.6239963720299045}. Best is trial 5 with value: 0.85.
[I 2026-04-09 19:52:07,802] Trial 18 finished with value: 0.8 and parameters: {'n_estimators': 40, 'max_depth': 20, 'gamma': 0.42136136473785685, 'subsample': 0.5047630791493846, 'colsample_bytree': 0.8268250237333261}. Best is trial 5 with value: 0.85.
[I 2026-04-09 19:52:07,850] Trial 19 finished with value: 0.8 and parameters: {'n_estimators': 100, 'max_depth': 5, 'gamma': 0.581452269020325, 'subsample': 0.6342385505944843, 'colsample_bytree': 0.6783050903330117}. Best is trial 5 with value: 0.85.
[I 2026-04-09 19:52:07,884] Trial 20 finished with value: 0.85 and parameters: {'n_estimators': 40, 'max_depth': 20, 'gamma': 0.19575463104456936, 'subsample': 0.6922586780996044, 'colsample_bytree': 0.9933865983974712}. Best is trial 5 with value: 0.85.
[I 2026-04-09 19:52:07,920] Trial 21 finished with value: 0.8 and parameters: {'n_estimators': 40, 'max_depth': 5, 'gamma': 0.36056328870398724, 'subsample': 0.6332746198902854, 'colsample_bytree': 0.5024668906129904}. Best is trial 5 with value: 0.85.
[I 2026-04-09 19:52:07,956] Trial 22 finished with value: 0.85 and parameters: {'n_estimators': 40, 'max_depth': 5, 'gamma': 0.3386255538659804, 'subsample': 0.5913449039619768, 'colsample_bytree': 0.5028547723759751}. Best is trial 5 with value: 0.85.
[I 2026-04-09 19:52:07,995] Trial 23 finished with value: 0.8 and parameters: {'n_estimators': 40, 'max_depth': 5, 'gamma': 0.1646226317050326, 'subsample': 0.5576943325406625, 'colsample_bytree': 0.5915686839761691}. Best is trial 5 with value: 0.85.
[I 2026-04-09 19:52:08,034] Trial 24 finished with value: 0.9 and parameters: {'n_estimators': 40, 'max_depth': 5, 'gamma': 0.3025658579338787, 'subsample': 0.6087683304447871, 'colsample_bytree': 0.6538955237795787}. Best is trial 24 with value: 0.9.
[I 2026-04-09 19:52:08,068] Trial 25 finished with value: 0.75 and parameters: {'n_estimators': 40, 'max_depth': 5, 'gamma': 0.27750630456729614, 'subsample': 0.5508493653288788, 'colsample_bytree': 0.6727535617961865}. Best is trial 24 with value: 0.9.
[I 2026-04-09 19:52:08,103] Trial 26 finished with value: 0.8 and parameters: {'n_estimators': 40, 'max_depth': 20, 'gamma': 0.5085881170877973, 'subsample': 0.6679903721975884, 'colsample_bytree': 0.7457841551276273}. Best is trial 24 with value: 0.9.
[I 2026-04-09 19:52:08,136] Trial 27 finished with value: 0.75 and parameters: {'n_estimators': 40, 'max_depth': 5, 'gamma': 0.40038627237820507, 'subsample': 0.7229143023904495, 'colsample_bytree': 0.6655985578943431}. Best is trial 24 with value: 0.9.
[I 2026-04-09 19:52:08,186] Trial 28 finished with value: 0.85 and parameters: {'n_estimators': 100, 'max_depth': 5, 'gamma': 0.1578310948151929, 'subsample': 0.5977153653904579, 'colsample_bytree': 0.5882485782548165}. Best is trial 24 with value: 0.9.
[I 2026-04-09 19:52:08,226] Trial 29 finished with value: 0.65 and parameters: {'n_estimators': 10, 'max_depth': 20, 'gamma': 0.5356168513240307, 'subsample': 0.7230150089090422, 'colsample_bytree': 0.7070078857156875}. Best is trial 24 with value: 0.9.
[I 2026-04-09 19:52:09,226] A new study created in memory with name: rf
[I 2026-04-09 19:52:09,763] Trial 0 finished with value: 0.9 and parameters: {'n_estimators': 458, 'max_depth': 8, 'min_samples_split': 9, 'min_samples_leaf': 1}. Best is trial 0 with value: 0.9.
[I 2026-04-09 19:52:09,938] Trial 1 finished with value: 0.9 and parameters: {'n_estimators': 143, 'max_depth': 13, 'min_samples_split': 6, 'min_samples_leaf': 5}. Best is trial 0 with value: 0.9.
[I 2026-04-09 19:52:10,242] Trial 2 finished with value: 0.5 and parameters: {'n_estimators': 234, 'max_depth': 14, 'min_samples_split': 5, 'min_samples_leaf': 8}. Best is trial 0 with value: 0.9.
[I 2026-04-09 19:52:10,662] Trial 3 finished with value: 0.5 and parameters: {'n_estimators': 307, 'max_depth': 13, 'min_samples_split': 7, 'min_samples_leaf': 10}. Best is trial 0 with value: 0.9.
[I 2026-04-09 19:52:11,256] Trial 4 finished with value: 0.5 and parameters: {'n_estimators': 428, 'max_depth': 10, 'min_samples_split': 9, 'min_samples_leaf': 9}. Best is trial 0 with value: 0.9.
[I 2026-04-09 19:52:11,452] Trial 5 finished with value: 0.5 and parameters: {'n_estimators': 121, 'max_depth': 15, 'min_samples_split': 9, 'min_samples_leaf': 8}. Best is trial 0 with value: 0.9.
[I 2026-04-09 19:52:11,920] Trial 6 finished with value: 0.5 and parameters: {'n_estimators': 384, 'max_depth': 12, 'min_samples_split': 3, 'min_samples_leaf': 10}. Best is trial 0 with value: 0.9.
[I 2026-04-09 19:52:12,234] Trial 7 finished with value: 0.5 and parameters: {'n_estimators': 261, 'max_depth': 6, 'min_samples_split': 8, 'min_samples_leaf': 10}. Best is trial 0 with value: 0.9.
[I 2026-04-09 19:52:12,504] Trial 8 finished with value: 0.5 and parameters: {'n_estimators': 202, 'max_depth': 15, 'min_samples_split': 7, 'min_samples_leaf': 8}. Best is trial 0 with value: 0.9.
[I 2026-04-09 19:52:13,056] Trial 9 finished with value: 0.9 and parameters: {'n_estimators': 475, 'max_depth': 9, 'min_samples_split': 4, 'min_samples_leaf': 5}. Best is trial 0 with value: 0.9.
[I 2026-04-09 19:52:13,507] Trial 10 finished with value: 0.95 and parameters: {'n_estimators': 352, 'max_depth': 20, 'min_samples_split': 10, 'min_samples_leaf': 1}. Best is trial 10 with value: 0.95.
[I 2026-04-09 19:52:13,921] Trial 11 finished with value: 0.85 and parameters: {'n_estimators': 363, 'max_depth': 20, 'min_samples_split': 10, 'min_samples_leaf': 1}. Best is trial 10 with value: 0.95.
[I 2026-04-09 19:52:14,481] Trial 12 finished with value: 0.9 and parameters: {'n_estimators': 489, 'max_depth': 4, 'min_samples_split': 10, 'min_samples_leaf': 1}. Best is trial 10 with value: 0.95.
[I 2026-04-09 19:52:14,909] Trial 13 finished with value: 0.9 and parameters: {'n_estimators': 351, 'max_depth': 20, 'min_samples_split': 10, 'min_samples_leaf': 3}. Best is trial 10 with value: 0.95.
[I 2026-04-09 19:52:15,414] Trial 14 finished with value: 0.9 and parameters: {'n_estimators': 426, 'max_depth': 7, 'min_samples_split': 8, 'min_samples_leaf': 3}. Best is trial 10 with value: 0.95.
[I 2026-04-09 19:52:15,766] Trial 15 finished with value: 0.9 and parameters: {'n_estimators': 314, 'max_depth': 17, 'min_samples_split': 8, 'min_samples_leaf': 3}. Best is trial 10 with value: 0.95.
[I 2026-04-09 19:52:16,290] Trial 16 finished with value: 0.95 and parameters: {'n_estimators': 421, 'max_depth': 9, 'min_samples_split': 9, 'min_samples_leaf': 2}. Best is trial 10 with value: 0.95.
[I 2026-04-09 19:52:16,765] Trial 17 finished with value: 0.9 and parameters: {'n_estimators': 403, 'max_depth': 3, 'min_samples_split': 2, 'min_samples_leaf': 2}. Best is trial 10 with value: 0.95.
[I 2026-04-09 19:52:17,211] Trial 18 finished with value: 0.9 and parameters: {'n_estimators': 333, 'max_depth': 18, 'min_samples_split': 6, 'min_samples_leaf': 4}. Best is trial 10 with value: 0.95.
[I 2026-04-09 19:52:17,558] Trial 19 finished with value: 0.85 and parameters: {'n_estimators': 279, 'max_depth': 10, 'min_samples_split': 10, 'min_samples_leaf': 6}. Best is trial 10 with value: 0.95.
