[I 2026-04-09 21:10:02,544] Trial 19 finished with value: 0.725 and parameters: {'var_smoothing': 5.846846875339535e-09}. Best is trial 0 with value: 0.725.
[I 2026-04-09 21:10:02,562] Trial 20 finished with value: 0.725 and parameters: {'var_smoothing': 1.0486521320383776e-09}. Best is trial 0 with value: 0.725.
[I 2026-04-09 21:10:02,585] Trial 21 finished with value: 0.725 and parameters: {'var_smoothing': 4.9491450263339475e-09}. Best is trial 0 with value: 0.725.
[I 2026-04-09 21:10:02,602] Trial 22 finished with value: 0.725 and parameters: {'var_smoothing': 6.667992141406306e-09}. Best is trial 0 with value: 0.725.
[I 2026-04-09 21:10:02,618] Trial 23 finished with value: 0.725 and parameters: {'var_smoothing': 3.2795712712135213e-09}. Best is trial 0 with value: 0.725.
[I 2026-04-09 21:10:02,638] Trial 24 finished with value: 0.725 and parameters: {'var_smoothing': 6.403538416287158e-10}. Best is trial 0 with value: 0.725.
[I 2026-04-09 21:10:02,659] Trial 25 finished with value: 0.725 and parameters: {'var_smoothing': 2.1589819023851477e-09}. Best is trial 0 with value: 0.725.
[I 2026-04-09 21:10:02,678] Trial 26 finished with value: 0.725 and parameters: {'var_smoothing': 3.912617821024548e-09}. Best is trial 0 with value: 0.725.
[I 2026-04-09 21:10:02,699] Trial 27 finished with value: 0.725 and parameters: {'var_smoothing': 7.162139101012446e-09}. Best is trial 0 with value: 0.725.
[I 2026-04-09 21:10:02,717] Trial 28 finished with value: 0.725 and parameters: {'var_smoothing': 1.3883316815746274e-09}. Best is trial 0 with value: 0.725.
[I 2026-04-09 21:10:02,734] Trial 29 finished with value: 0.725 and parameters: {'var_smoothing': 4.1751754503046387e-10}. Best is trial 0 with value: 0.725.
[I 2026-04-09 21:10:03,159] A new study created in memory with name: logreg
[I 2026-04-09 21:10:03,173] Trial 0 finished with value: 0.825 and parameters: {'C': 29.127335430981816, 'penalty': 'l2'}. Best is trial 0 with value: 0.825.
[I 2026-04-09 21:10:03,185] Trial 1 finished with value: 0.9 and parameters: {'C': 0.045698192893558344, 'penalty': 'l2'}. Best is trial 1 with value: 0.9.
[I 2026-04-09 21:10:03,198] Trial 2 finished with value: 0.825 and parameters: {'C': 12.768668597712947, 'penalty': 'l2'}. Best is trial 1 with value: 0.9.
[I 2026-04-09 21:10:03,210] Trial 3 finished with value: 0.9 and parameters: {'C': 0.0016161554408462638, 'penalty': 'l2'}. Best is trial 1 with value: 0.9.
[I 2026-04-09 21:10:03,223] Trial 4 finished with value: 0.9 and parameters: {'C': 0.0034536903703241734, 'penalty': 'l2'}. Best is trial 1 with value: 0.9.
[I 2026-04-09 21:10:03,238] Trial 5 finished with value: 0.825 and parameters: {'C': 0.9446269266990148, 'penalty': 'l2'}. Best is trial 1 with value: 0.9.
[I 2026-04-09 21:10:03,253] Trial 6 finished with value: 0.875 and parameters: {'C': 0.4457453393648168, 'penalty': 'l2'}. Best is trial 1 with value: 0.9.
[I 2026-04-09 21:10:03,266] Trial 7 finished with value: 0.875 and parameters: {'C': 0.12417585037258261, 'penalty': 'l2'}. Best is trial 1 with value: 0.9.
[I 2026-04-09 21:10:03,291] Trial 8 finished with value: 0.9 and parameters: {'C': 0.04753781830244093, 'penalty': 'l2'}. Best is trial 1 with value: 0.9.
[I 2026-04-09 21:10:03,316] Trial 9 finished with value: 0.85 and parameters: {'C': 1.2959766028194148, 'penalty': 'l2'}. Best is trial 1 with value: 0.9.
[I 2026-04-09 21:10:03,350] Trial 10 finished with value: 0.9 and parameters: {'C': 0.02024823315667757, 'penalty': 'l2'}. Best is trial 1 with value: 0.9.
[I 2026-04-09 21:10:03,370] Trial 11 finished with value: 0.9 and parameters: {'C': 0.001317682707090239, 'penalty': 'l2'}. Best is trial 1 with value: 0.9.
[I 2026-04-09 21:10:03,389] Trial 12 finished with value: 0.9 and parameters: {'C': 0.00537191519649587, 'penalty': 'l2'}. Best is trial 1 with value: 0.9.
[I 2026-04-09 21:10:03,418] Trial 13 finished with value: 0.9 and parameters: {'C': 0.013775014971016233, 'penalty': 'l2'}. Best is trial 1 with value: 0.9.
[I 2026-04-09 21:10:03,437] Trial 14 finished with value: 0.9 and parameters: {'C': 0.0012166627598308305, 'penalty': 'l2'}. Best is trial 1 with value: 0.9.
[I 2026-04-09 21:10:03,455] Trial 15 finished with value: 0.9 and parameters: {'C': 0.06378601415420004, 'penalty': 'l2'}. Best is trial 1 with value: 0.9.
[I 2026-04-09 21:10:03,483] Trial 16 finished with value: 0.825 and parameters: {'C': 4.40245304921375, 'penalty': 'l2'}. Best is trial 1 with value: 0.9.
[I 2026-04-09 21:10:03,501] Trial 17 finished with value: 0.9 and parameters: {'C': 0.009039871959471408, 'penalty': 'l2'}. Best is trial 1 with value: 0.9.
[I 2026-04-09 21:10:03,518] Trial 18 finished with value: 0.875 and parameters: {'C': 0.21400772977695579, 'penalty': 'l2'}. Best is trial 1 with value: 0.9.
[I 2026-04-09 21:10:03,540] Trial 19 finished with value: 0.9 and parameters: {'C': 0.03939934617334397, 'penalty': 'l2'}. Best is trial 1 with value: 0.9.
[I 2026-04-09 21:10:03,560] Trial 20 finished with value: 0.9 and parameters: {'C': 0.002252920086912303, 'penalty': 'l2'}. Best is trial 1 with value: 0.9.
[I 2026-04-09 21:10:03,579] Trial 21 finished with value: 0.9 and parameters: {'C': 0.0036688416448076677, 'penalty': 'l2'}. Best is trial 1 with value: 0.9.
[I 2026-04-09 21:10:03,597] Trial 22 finished with value: 0.9 and parameters: {'C': 0.005011725136284709, 'penalty': 'l2'}. Best is trial 1 with value: 0.9.
[I 2026-04-09 21:10:03,618] Trial 23 finished with value: 0.9 and parameters: {'C': 0.017399764218450766, 'penalty': 'l2'}. Best is trial 1 with value: 0.9.
[I 2026-04-09 21:10:03,648] Trial 24 finished with value: 0.9 and parameters: {'C': 0.003317976200549782, 'penalty': 'l2'}. Best is trial 1 with value: 0.9.
[I 2026-04-09 21:10:03,665] Trial 25 finished with value: 0.9 and parameters: {'C': 0.001071066337371524, 'penalty': 'l2'}. Best is trial 1 with value: 0.9.
[I 2026-04-09 21:10:03,683] Trial 26 finished with value: 0.9 and parameters: {'C': 0.007664536695295419, 'penalty': 'l2'}. Best is trial 1 with value: 0.9.
[I 2026-04-09 21:10:03,702] Trial 27 finished with value: 0.9 and parameters: {'C': 0.027468608934910675, 'penalty': 'l2'}. Best is trial 1 with value: 0.9.
[I 2026-04-09 21:10:03,726] Trial 28 finished with value: 0.9 and parameters: {'C': 0.09385453368023858, 'penalty': 'l2'}. Best is trial 1 with value: 0.9.
[I 2026-04-09 21:10:03,745] Trial 29 finished with value: 0.825 and parameters: {'C': 45.75034886101285, 'penalty': 'l2'}. Best is trial 1 with value: 0.9.
[I 2026-04-09 21:10:04,148] A new study created in memory with name: knn
[I 2026-04-09 21:10:04,163] Trial 0 finished with value: 0.875 and parameters: {'n_neighbors': 10, 'leaf_size': 26, 'p': 1}. Best is trial 0 with value: 0.875.
[I 2026-04-09 21:10:04,175] Trial 1 finished with value: 0.9 and parameters: {'n_neighbors': 3, 'leaf_size': 32, 'p': 1}. Best is trial 1 with value: 0.9.
[I 2026-04-09 21:10:04,188] Trial 2 finished with value: 0.875 and parameters: {'n_neighbors': 5, 'leaf_size': 33, 'p': 2}. Best is trial 1 with value: 0.9.
[I 2026-04-09 21:10:04,201] Trial 3 finished with value: 0.875 and parameters: {'n_neighbors': 7, 'leaf_size': 32, 'p': 2}. Best is trial 1 with value: 0.9.
[I 2026-04-09 21:10:04,215] Trial 4 finished with value: 0.875 and parameters: {'n_neighbors': 9, 'leaf_size': 28, 'p': 1}. Best is trial 1 with value: 0.9.
[I 2026-04-09 21:10:04,235] Trial 5 finished with value: 0.9 and parameters: {'n_neighbors': 3, 'leaf_size': 35, 'p': 1}. Best is trial 1 with value: 0.9.
[I 2026-04-09 21:10:04,250] Trial 6 finished with value: 0.875 and parameters: {'n_neighbors': 8, 'leaf_size': 31, 'p': 2}. Best is trial 1 with value: 0.9.
[I 2026-04-09 21:10:04,263] Trial 7 finished with value: 0.9 and parameters: {'n_neighbors': 6, 'leaf_size': 24, 'p': 2}. Best is trial 1 with value: 0.9.
[I 2026-04-09 21:10:04,288] Trial 8 finished with value: 0.875 and parameters: {'n_neighbors': 5, 'leaf_size': 34, 'p': 2}. Best is trial 1 with value: 0.9.
[I 2026-04-09 21:10:04,304] Trial 9 finished with value: 0.875 and parameters: {'n_neighbors': 10, 'leaf_size': 27, 'p': 2}. Best is trial 1 with value: 0.9.
[I 2026-04-09 21:10:04,341] Trial 10 finished with value: 0.9 and parameters: {'n_neighbors': 3, 'leaf_size': 40, 'p': 1}. Best is trial 1 with value: 0.9.
[I 2026-04-09 21:10:04,370] Trial 11 finished with value: 0.9 and parameters: {'n_neighbors': 3, 'leaf_size': 38, 'p': 1}. Best is trial 1 with value: 0.9.
[I 2026-04-09 21:10:04,409] Trial 12 finished with value: 0.9 and parameters: {'n_neighbors': 4, 'leaf_size': 36, 'p': 1}. Best is trial 1 with value: 0.9.
[I 2026-04-09 21:10:04,441] Trial 13 finished with value: 0.9 and parameters: {'n_neighbors': 3, 'leaf_size': 20, 'p': 1}. Best is trial 1 with value: 0.9.
[I 2026-04-09 21:10:04,475] Trial 14 finished with value: 0.9 and parameters: {'n_neighbors': 4, 'leaf_size': 36, 'p': 1}. Best is trial 1 with value: 0.9.
[I 2026-04-09 21:10:04,501] Trial 15 finished with value: 0.875 and parameters: {'n_neighbors': 5, 'leaf_size': 29, 'p': 1}. Best is trial 1 with value: 0.9.
[I 2026-04-09 21:10:04,536] Trial 16 finished with value: 0.9 and parameters: {'n_neighbors': 4, 'leaf_size': 35, 'p': 1}. Best is trial 1 with value: 0.9.
[I 2026-04-09 21:10:04,563] Trial 17 finished with value: 0.875 and parameters: {'n_neighbors': 6, 'leaf_size': 40, 'p': 1}. Best is trial 1 with value: 0.9.
[I 2026-04-09 21:10:04,589] Trial 18 finished with value: 0.9 and parameters: {'n_neighbors': 7, 'leaf_size': 30, 'p': 1}. Best is trial 1 with value: 0.9.
[I 2026-04-09 21:10:04,620] Trial 19 finished with value: 0.9 and parameters: {'n_neighbors': 3, 'leaf_size': 38, 'p': 1}. Best is trial 1 with value: 0.9.
[I 2026-04-09 21:10:04,647] Trial 20 finished with value: 0.9 and parameters: {'n_neighbors': 4, 'leaf_size': 23, 'p': 1}. Best is trial 1 with value: 0.9.
[I 2026-04-09 21:10:04,682] Trial 21 finished with value: 0.9 and parameters: {'n_neighbors': 6, 'leaf_size': 22, 'p': 2}. Best is trial 1 with value: 0.9.
[I 2026-04-09 21:10:04,717] Trial 22 finished with value: 0.875 and parameters: {'n_neighbors': 8, 'leaf_size': 25, 'p': 2}. Best is trial 1 with value: 0.9.
[I 2026-04-09 21:10:04,744] Trial 23 finished with value: 0.9 and parameters: {'n_neighbors': 6, 'leaf_size': 32, 'p': 2}. Best is trial 1 with value: 0.9.
[I 2026-04-09 21:10:04,779] Trial 24 finished with value: 0.875 and parameters: {'n_neighbors': 5, 'leaf_size': 24, 'p': 2}. Best is trial 1 with value: 0.9.
[I 2026-04-09 21:10:04,804] Trial 25 finished with value: 0.9 and parameters: {'n_neighbors': 4, 'leaf_size': 20, 'p': 1}. Best is trial 1 with value: 0.9.
[I 2026-04-09 21:10:04,840] Trial 26 finished with value: 0.875 and parameters: {'n_neighbors': 3, 'leaf_size': 30, 'p': 2}. Best is trial 1 with value: 0.9.
[I 2026-04-09 21:10:04,873] Trial 27 finished with value: 0.875 and parameters: {'n_neighbors': 8, 'leaf_size': 34, 'p': 1}. Best is trial 1 with value: 0.9.
[I 2026-04-09 21:10:04,910] Trial 28 finished with value: 0.875 and parameters: {'n_neighbors': 7, 'leaf_size': 37, 'p': 2}. Best is trial 1 with value: 0.9.
[I 2026-04-09 21:10:04,932] Trial 29 finished with value: 0.875 and parameters: {'n_neighbors': 10, 'leaf_size': 26, 'p': 1}. Best is trial 1 with value: 0.9.
[I 2026-04-09 21:10:06,250] A new study created in memory with name: xgb
[I 2026-04-09 21:10:06,275] Trial 0 finished with value: 0.9 and parameters: {'n_estimators': 10, 'max_depth': 30, 'gamma': 0.5768356259735394, 'subsample': 0.7094037142783272, 'colsample_bytree': 0.6677039246366646}. Best is trial 0 with value: 0.9.
[I 2026-04-09 21:10:06,299] Trial 1 finished with value: 0.9 and parameters: {'n_estimators': 100, 'max_depth': 30, 'gamma': 0.9912018442360747, 'subsample': 0.9099290984609207, 'colsample_bytree': 0.7066004674080903}. Best is trial 0 with value: 0.9.
[I 2026-04-09 21:10:06,327] Trial 2 finished with value: 0.9 and parameters: {'n_estimators': 10, 'max_depth': 20, 'gamma': 0.7382185757030506, 'subsample': 0.7704684271512641, 'colsample_bytree': 0.5624120871903049}. Best is trial 0 with value: 0.9.
[I 2026-04-09 21:10:06,354] Trial 3 finished with value: 0.9 and parameters: {'n_estimators': 10, 'max_depth': 20, 'gamma': 0.7041784887453524, 'subsample': 0.7995029565695583, 'colsample_bytree': 0.8586660727777565}. Best is trial 0 with value: 0.9.
[I 2026-04-09 21:10:06,383] Trial 4 finished with value: 0.9 and parameters: {'n_estimators': 10, 'max_depth': 20, 'gamma': 0.46549701645255037, 'subsample': 0.9946899241400011, 'colsample_bytree': 0.725249640372583}. Best is trial 0 with value: 0.9.
[I 2026-04-09 21:10:06,410] Trial 5 finished with value: 0.875 and parameters: {'n_estimators': 40, 'max_depth': 20, 'gamma': 0.3554734452019276, 'subsample': 0.5947710951851903, 'colsample_bytree': 0.7356254823676576}. Best is trial 0 with value: 0.9.
[I 2026-04-09 21:10:06,441] Trial 6 finished with value: 0.9 and parameters: {'n_estimators': 40, 'max_depth': 20, 'gamma': 0.8967376717636345, 'subsample': 0.988276510203839, 'colsample_bytree': 0.9184542964535913}. Best is trial 0 with value: 0.9.
[I 2026-04-09 21:10:06,465] Trial 7 finished with value: 0.9 and parameters: {'n_estimators': 40, 'max_depth': 30, 'gamma': 0.7149068474388774, 'subsample': 0.5696358027454862, 'colsample_bytree': 0.8514125286992056}. Best is trial 0 with value: 0.9.
[I 2026-04-09 21:10:06,489] Trial 8 finished with value: 0.875 and parameters: {'n_estimators': 100, 'max_depth': 30, 'gamma': 0.2471398756881566, 'subsample': 0.8241126205332553, 'colsample_bytree': 0.6258070715852391}. Best is trial 0 with value: 0.9.
[I 2026-04-09 21:10:06,514] Trial 9 finished with value: 0.9 and parameters: {'n_estimators': 40, 'max_depth': 30, 'gamma': 0.8599846034069103, 'subsample': 0.8019332783535529, 'colsample_bytree': 0.7936068454878676}. Best is trial 0 with value: 0.9.
[I 2026-04-09 21:10:06,551] Trial 10 finished with value: 0.9 and parameters: {'n_estimators': 10, 'max_depth': 5, 'gamma': 0.11132541504315885, 'subsample': 0.6518824205184826, 'colsample_bytree': 0.5222467176724002}. Best is trial 0 with value: 0.9.
[I 2026-04-09 21:10:06,585] Trial 11 finished with value: 0.9 and parameters: {'n_estimators': 100, 'max_depth': 30, 'gamma': 0.9681903397412062, 'subsample': 0.8909531909241379, 'colsample_bytree': 0.6608770902048942}. Best is trial 0 with value: 0.9.
[I 2026-04-09 21:10:06,618] Trial 12 finished with value: 0.875 and parameters: {'n_estimators': 100, 'max_depth': 30, 'gamma': 0.5299926855017165, 'subsample': 0.6848009387186493, 'colsample_bytree': 0.651791846963555}. Best is trial 0 with value: 0.9.
[I 2026-04-09 21:10:06,655] Trial 13 finished with value: 0.875 and parameters: {'n_estimators': 100, 'max_depth': 5, 'gamma': 0.626711129198294, 'subsample': 0.7001853800090055, 'colsample_bytree': 0.712752570473077}. Best is trial 0 with value: 0.9.
[I 2026-04-09 21:10:06,699] Trial 14 finished with value: 0.925 and parameters: {'n_estimators': 100, 'max_depth': 30, 'gamma': 0.4000023985818805, 'subsample': 0.8940181087620663, 'colsample_bytree': 0.596389989619073}. Best is trial 14 with value: 0.925.
[I 2026-04-09 21:10:06,738] Trial 15 finished with value: 0.8 and parameters: {'n_estimators': 10, 'max_depth': 30, 'gamma': 0.4015515469066873, 'subsample': 0.5052985200248541, 'colsample_bytree': 0.5884890335071657}. Best is trial 14 with value: 0.925.
[I 2026-04-09 21:10:06,776] Trial 16 finished with value: 0.925 and parameters: {'n_estimators': 10, 'max_depth': 5, 'gamma': 0.2877718875216765, 'subsample': 0.8787287422282001, 'colsample_bytree': 0.5329913735707961}. Best is trial 14 with value: 0.925.
[I 2026-04-09 21:10:06,828] Trial 17 finished with value: 0.9 and parameters: {'n_estimators': 100, 'max_depth': 5, 'gamma': 0.17874428755931313, 'subsample': 0.8907810472914216, 'colsample_bytree': 0.5026509950442943}. Best is trial 14 with value: 0.925.
[I 2026-04-09 21:10:06,861] Trial 18 finished with value: 0.875 and parameters: {'n_estimators': 100, 'max_depth': 5, 'gamma': 0.2744311099150832, 'subsample': 0.9419576292953692, 'colsample_bytree': 0.5698992640979784}. Best is trial 14 with value: 0.925.
[I 2026-04-09 21:10:06,907] Trial 19 finished with value: 0.9 and parameters: {'n_estimators': 10, 'max_depth': 5, 'gamma': 0.3376155873460911, 'subsample': 0.8454328956084709, 'colsample_bytree': 0.9897388649997365}. Best is trial 14 with value: 0.925.
[I 2026-04-09 21:10:06,956] Trial 20 finished with value: 0.925 and parameters: {'n_estimators': 100, 'max_depth': 5, 'gamma': 0.43388711794818885, 'subsample': 0.8585529922660546, 'colsample_bytree': 0.5447644762690678}. Best is trial 14 with value: 0.925.
[I 2026-04-09 21:10:07,009] Trial 21 finished with value: 0.925 and parameters: {'n_estimators': 100, 'max_depth': 5, 'gamma': 0.43771302613301555, 'subsample': 0.8575642533632876, 'colsample_bytree': 0.541559557397609}. Best is trial 14 with value: 0.925.
[I 2026-04-09 21:10:07,046] Trial 22 finished with value: 0.9 and parameters: {'n_estimators': 100, 'max_depth': 5, 'gamma': 0.26182907868363914, 'subsample': 0.9341726703106566, 'colsample_bytree': 0.6095167632648641}. Best is trial 14 with value: 0.925.
[I 2026-04-09 21:10:07,084] Trial 23 finished with value: 0.9 and parameters: {'n_estimators': 100, 'max_depth': 5, 'gamma': 0.49963834976969335, 'subsample': 0.7538289434718817, 'colsample_bytree': 0.5349129457311913}. Best is trial 14 with value: 0.925.
[I 2026-04-09 21:10:07,121] Trial 24 finished with value: 0.9 and parameters: {'n_estimators': 100, 'max_depth': 5, 'gamma': 0.35448940231393844, 'subsample': 0.8677979983462312, 'colsample_bytree': 0.6000014968925901}. Best is trial 14 with value: 0.925.
[I 2026-04-09 21:10:07,160] Trial 25 finished with value: 0.925 and parameters: {'n_estimators': 10, 'max_depth': 5, 'gamma': 0.18621978200886818, 'subsample': 0.9692936094688854, 'colsample_bytree': 0.5164138936814711}. Best is trial 14 with value: 0.925.
[I 2026-04-09 21:10:07,208] Trial 26 finished with value: 0.875 and parameters: {'n_estimators': 100, 'max_depth': 5, 'gamma': 0.5932585235474225, 'subsample': 0.931798533939982, 'colsample_bytree': 0.5646480478241476}. Best is trial 14 with value: 0.925.
[I 2026-04-09 21:10:07,245] Trial 27 finished with value: 0.875 and parameters: {'n_estimators': 100, 'max_depth': 5, 'gamma': 0.3030844432466995, 'subsample': 0.826385032201789, 'colsample_bytree': 0.7875981669159277}. Best is trial 14 with value: 0.925.
[I 2026-04-09 21:10:07,286] Trial 28 finished with value: 0.875 and parameters: {'n_estimators': 40, 'max_depth': 5, 'gamma': 0.4278315795777982, 'subsample': 0.8797646134570887, 'colsample_bytree': 0.6397141318894364}. Best is trial 14 with value: 0.925.
[I 2026-04-09 21:10:07,326] Trial 29 finished with value: 0.9 and parameters: {'n_estimators': 10, 'max_depth': 30, 'gamma': 0.19595132886465522, 'subsample': 0.9551692398469603, 'colsample_bytree': 0.6832801203297602}. Best is trial 14 with value: 0.925.
[I 2026-04-09 21:10:07,755] A new study created in memory with name: rf
[I 2026-04-09 21:10:08,268] Trial 0 finished with value: 0.9 and parameters: {'n_estimators': 458, 'max_depth': 8, 'min_samples_split': 9, 'min_samples_leaf': 1}. Best is trial 0 with value: 0.9.
[I 2026-04-09 21:10:08,445] Trial 1 finished with value: 0.9 and parameters: {'n_estimators': 143, 'max_depth': 13, 'min_samples_split': 6, 'min_samples_leaf': 5}. Best is trial 0 with value: 0.9.
[I 2026-04-09 21:10:08,724] Trial 2 finished with value: 0.825 and parameters: {'n_estimators': 234, 'max_depth': 14, 'min_samples_split': 5, 'min_samples_leaf': 8}. Best is trial 0 with value: 0.9.
[I 2026-04-09 21:10:09,102] Trial 3 finished with value: 0.725 and parameters: {'n_estimators': 307, 'max_depth': 13, 'min_samples_split': 7, 'min_samples_leaf': 10}. Best is trial 0 with value: 0.9.
[I 2026-04-09 21:10:09,539] Trial 4 finished with value: 0.75 and parameters: {'n_estimators': 428, 'max_depth': 10, 'min_samples_split': 9, 'min_samples_leaf': 9}. Best is trial 0 with value: 0.9.
[I 2026-04-09 21:10:09,705] Trial 5 finished with value: 0.75 and parameters: {'n_estimators': 121, 'max_depth': 15, 'min_samples_split': 9, 'min_samples_leaf': 8}. Best is trial 0 with value: 0.9.
[I 2026-04-09 21:10:10,140] Trial 6 finished with value: 0.75 and parameters: {'n_estimators': 384, 'max_depth': 12, 'min_samples_split': 3, 'min_samples_leaf': 10}. Best is trial 0 with value: 0.9.
[I 2026-04-09 21:10:10,468] Trial 7 finished with value: 0.75 and parameters: {'n_estimators': 261, 'max_depth': 6, 'min_samples_split': 8, 'min_samples_leaf': 10}. Best is trial 0 with value: 0.9.
[I 2026-04-09 21:10:10,718] Trial 8 finished with value: 0.825 and parameters: {'n_estimators': 202, 'max_depth': 15, 'min_samples_split': 7, 'min_samples_leaf': 8}. Best is trial 0 with value: 0.9.
[I 2026-04-09 21:10:11,314] Trial 9 finished with value: 0.925 and parameters: {'n_estimators': 475, 'max_depth': 9, 'min_samples_split': 4, 'min_samples_leaf': 5}. Best is trial 9 with value: 0.925.
[I 2026-04-09 21:10:11,910] Trial 10 finished with value: 0.9 and parameters: {'n_estimators': 499, 'max_depth': 20, 'min_samples_split': 2, 'min_samples_leaf': 4}. Best is trial 9 with value: 0.925.
[I 2026-04-09 21:10:12,484] Trial 11 finished with value: 0.85 and parameters: {'n_estimators': 487, 'max_depth': 5, 'min_samples_split': 4, 'min_samples_leaf': 1}. Best is trial 9 with value: 0.925.
[I 2026-04-09 21:10:12,918] Trial 12 finished with value: 0.9 and parameters: {'n_estimators': 375, 'max_depth': 8, 'min_samples_split': 10, 'min_samples_leaf': 1}. Best is trial 9 with value: 0.925.
[I 2026-04-09 21:10:13,410] Trial 13 finished with value: 0.875 and parameters: {'n_estimators': 422, 'max_depth': 3, 'min_samples_split': 5, 'min_samples_leaf': 3}. Best is trial 9 with value: 0.925.
