[I 2026-04-07 02:24:16,052] Trial 23 finished with value: 0.8 and parameters: {'n_neighbors': 4, 'leaf_size': 24, 'p': 1}. Best is trial 18 with value: 0.8.
[I 2026-04-07 02:24:16,089] Trial 24 finished with value: 0.725 and parameters: {'n_neighbors': 5, 'leaf_size': 22, 'p': 1}. Best is trial 18 with value: 0.8.
[I 2026-04-07 02:24:16,114] Trial 25 finished with value: 0.725 and parameters: {'n_neighbors': 3, 'leaf_size': 20, 'p': 1}. Best is trial 18 with value: 0.8.
[I 2026-04-07 02:24:16,137] Trial 26 finished with value: 0.8 and parameters: {'n_neighbors': 4, 'leaf_size': 24, 'p': 1}. Best is trial 18 with value: 0.8.
[I 2026-04-07 02:24:16,161] Trial 27 finished with value: 0.7 and parameters: {'n_neighbors': 6, 'leaf_size': 26, 'p': 1}. Best is trial 18 with value: 0.8.
[I 2026-04-07 02:24:16,184] Trial 28 finished with value: 0.725 and parameters: {'n_neighbors': 5, 'leaf_size': 29, 'p': 1}. Best is trial 18 with value: 0.8.
[I 2026-04-07 02:24:16,207] Trial 29 finished with value: 0.8 and parameters: {'n_neighbors': 4, 'leaf_size': 26, 'p': 1}. Best is trial 18 with value: 0.8.
[I 2026-04-07 02:24:17,062] A new study created in memory with name: xgb
[I 2026-04-07 02:24:17,089] Trial 0 finished with value: 0.925 and parameters: {'n_estimators': 10, 'max_depth': 30, 'gamma': 0.5768356259735394, 'subsample': 0.7094037142783272, 'colsample_bytree': 0.6677039246366646}. Best is trial 0 with value: 0.925.
[I 2026-04-07 02:24:17,114] Trial 1 finished with value: 0.95 and parameters: {'n_estimators': 100, 'max_depth': 30, 'gamma': 0.9912018442360747, 'subsample': 0.9099290984609207, 'colsample_bytree': 0.7066004674080903}. Best is trial 1 with value: 0.95.
[I 2026-04-07 02:24:17,139] Trial 2 finished with value: 0.925 and parameters: {'n_estimators': 10, 'max_depth': 20, 'gamma': 0.7382185757030506, 'subsample': 0.7704684271512641, 'colsample_bytree': 0.5624120871903049}. Best is trial 1 with value: 0.95.
[I 2026-04-07 02:24:17,168] Trial 3 finished with value: 0.925 and parameters: {'n_estimators': 10, 'max_depth': 20, 'gamma': 0.7041784887453524, 'subsample': 0.7995029565695583, 'colsample_bytree': 0.8586660727777565}. Best is trial 1 with value: 0.95.
[I 2026-04-07 02:24:17,196] Trial 4 finished with value: 0.95 and parameters: {'n_estimators': 10, 'max_depth': 20, 'gamma': 0.46549701645255037, 'subsample': 0.9946899241400011, 'colsample_bytree': 0.725249640372583}. Best is trial 1 with value: 0.95.
[I 2026-04-07 02:24:17,223] Trial 5 finished with value: 0.925 and parameters: {'n_estimators': 40, 'max_depth': 20, 'gamma': 0.3554734452019276, 'subsample': 0.5947710951851903, 'colsample_bytree': 0.7356254823676576}. Best is trial 1 with value: 0.95.
[I 2026-04-07 02:24:17,251] Trial 6 finished with value: 0.95 and parameters: {'n_estimators': 40, 'max_depth': 20, 'gamma': 0.8967376717636345, 'subsample': 0.988276510203839, 'colsample_bytree': 0.9184542964535913}. Best is trial 1 with value: 0.95.
[I 2026-04-07 02:24:17,279] Trial 7 finished with value: 0.9 and parameters: {'n_estimators': 40, 'max_depth': 30, 'gamma': 0.7149068474388774, 'subsample': 0.5696358027454862, 'colsample_bytree': 0.8514125286992056}. Best is trial 1 with value: 0.95.
[I 2026-04-07 02:24:17,307] Trial 8 finished with value: 0.95 and parameters: {'n_estimators': 100, 'max_depth': 30, 'gamma': 0.2471398756881566, 'subsample': 0.8241126205332553, 'colsample_bytree': 0.6258070715852391}. Best is trial 1 with value: 0.95.
[I 2026-04-07 02:24:17,334] Trial 9 finished with value: 0.95 and parameters: {'n_estimators': 40, 'max_depth': 30, 'gamma': 0.8599846034069103, 'subsample': 0.8019332783535529, 'colsample_bytree': 0.7936068454878676}. Best is trial 1 with value: 0.95.
[I 2026-04-07 02:24:17,371] Trial 10 finished with value: 0.925 and parameters: {'n_estimators': 100, 'max_depth': 5, 'gamma': 0.985518481083803, 'subsample': 0.8995678910481815, 'colsample_bytree': 0.5289314784806454}. Best is trial 1 with value: 0.95.
[I 2026-04-07 02:24:17,410] Trial 11 finished with value: 0.95 and parameters: {'n_estimators': 100, 'max_depth': 5, 'gamma': 0.40966526279690063, 'subsample': 0.9912642884135212, 'colsample_bytree': 0.7130874746489031}. Best is trial 1 with value: 0.95.
[I 2026-04-07 02:24:17,460] Trial 12 finished with value: 0.925 and parameters: {'n_estimators': 100, 'max_depth': 30, 'gamma': 0.11747018931448144, 'subsample': 0.9066897108137899, 'colsample_bytree': 0.6339534905975921}. Best is trial 1 with value: 0.95.
[I 2026-04-07 02:24:17,499] Trial 13 finished with value: 0.95 and parameters: {'n_estimators': 10, 'max_depth': 20, 'gamma': 0.5487257677049135, 'subsample': 0.9001515525252808, 'colsample_bytree': 0.7780777350584777}. Best is trial 1 with value: 0.95.
[I 2026-04-07 02:24:17,537] Trial 14 finished with value: 0.925 and parameters: {'n_estimators': 100, 'max_depth': 5, 'gamma': 0.47463712168020167, 'subsample': 0.6658807753897364, 'colsample_bytree': 0.9627298158693121}. Best is trial 1 with value: 0.95.
[I 2026-04-07 02:24:17,578] Trial 15 finished with value: 0.95 and parameters: {'n_estimators': 10, 'max_depth': 30, 'gamma': 0.2969731135951171, 'subsample': 0.9489302907455017, 'colsample_bytree': 0.6901830775312008}. Best is trial 1 with value: 0.95.
[I 2026-04-07 02:24:17,617] Trial 16 finished with value: 0.95 and parameters: {'n_estimators': 10, 'max_depth': 20, 'gamma': 0.5883567252446563, 'subsample': 0.853898248948181, 'colsample_bytree': 0.5903761082891221}. Best is trial 1 with value: 0.95.
[I 2026-04-07 02:24:17,668] Trial 17 finished with value: 0.925 and parameters: {'n_estimators': 100, 'max_depth': 30, 'gamma': 0.22189015382940566, 'subsample': 0.5053007952589881, 'colsample_bytree': 0.8206450560248096}. Best is trial 1 with value: 0.95.
[I 2026-04-07 02:24:17,706] Trial 18 finished with value: 0.95 and parameters: {'n_estimators': 100, 'max_depth': 20, 'gamma': 0.8045232978285917, 'subsample': 0.9639959905381882, 'colsample_bytree': 0.7348136711873586}. Best is trial 1 with value: 0.95.
[I 2026-04-07 02:24:17,744] Trial 19 finished with value: 0.95 and parameters: {'n_estimators': 10, 'max_depth': 5, 'gamma': 0.4691286526126799, 'subsample': 0.8754057261860848, 'colsample_bytree': 0.6582802021476128}. Best is trial 1 with value: 0.95.
[I 2026-04-07 02:24:17,784] Trial 20 finished with value: 0.95 and parameters: {'n_estimators': 100, 'max_depth': 20, 'gamma': 0.9786014664999018, 'subsample': 0.9335157751696048, 'colsample_bytree': 0.8971930367860007}. Best is trial 1 with value: 0.95.
[I 2026-04-07 02:24:17,818] Trial 21 finished with value: 0.95 and parameters: {'n_estimators': 40, 'max_depth': 20, 'gamma': 0.8751749814745121, 'subsample': 0.9947334503608439, 'colsample_bytree': 0.9990590479428829}. Best is trial 1 with value: 0.95.
[I 2026-04-07 02:24:17,855] Trial 22 finished with value: 0.95 and parameters: {'n_estimators': 40, 'max_depth': 20, 'gamma': 0.9218040169315626, 'subsample': 0.9939460882778872, 'colsample_bytree': 0.91661597101511}. Best is trial 1 with value: 0.95.
[I 2026-04-07 02:24:17,893] Trial 23 finished with value: 0.95 and parameters: {'n_estimators': 40, 'max_depth': 20, 'gamma': 0.8031073608680608, 'subsample': 0.940266258725632, 'colsample_bytree': 0.7753245222767595}. Best is trial 1 with value: 0.95.
[I 2026-04-07 02:24:17,931] Trial 24 finished with value: 0.95 and parameters: {'n_estimators': 40, 'max_depth': 20, 'gamma': 0.639704795923825, 'subsample': 0.8431481176060228, 'colsample_bytree': 0.6967499788497125}. Best is trial 1 with value: 0.95.
[I 2026-04-07 02:24:17,970] Trial 25 finished with value: 0.95 and parameters: {'n_estimators': 40, 'max_depth': 30, 'gamma': 0.9120470008843172, 'subsample': 0.9371316364957207, 'colsample_bytree': 0.8203278548308155}. Best is trial 1 with value: 0.95.
[I 2026-04-07 02:24:18,007] Trial 26 finished with value: 0.925 and parameters: {'n_estimators': 10, 'max_depth': 20, 'gamma': 0.9908708259348349, 'subsample': 0.7165959283827233, 'colsample_bytree': 0.7537301545795233}. Best is trial 1 with value: 0.95.
[I 2026-04-07 02:24:18,049] Trial 27 finished with value: 0.95 and parameters: {'n_estimators': 40, 'max_depth': 20, 'gamma': 0.7911562536385679, 'subsample': 0.9726732693326483, 'colsample_bytree': 0.8992441948828467}. Best is trial 1 with value: 0.95.
[I 2026-04-07 02:24:18,087] Trial 28 finished with value: 0.95 and parameters: {'n_estimators': 100, 'max_depth': 5, 'gamma': 0.6401818070047431, 'subsample': 0.8797646134570887, 'colsample_bytree': 0.9362078061069877}. Best is trial 1 with value: 0.95.
[I 2026-04-07 02:24:18,127] Trial 29 finished with value: 0.95 and parameters: {'n_estimators': 10, 'max_depth': 30, 'gamma': 0.5077216095251524, 'subsample': 0.9265804463281888, 'colsample_bytree': 0.6677542379790797}. Best is trial 1 with value: 0.95.
[I 2026-04-07 02:24:18,938] A new study created in memory with name: rf
[I 2026-04-07 02:24:19,417] Trial 0 finished with value: 0.95 and parameters: {'n_estimators': 458, 'max_depth': 8, 'min_samples_split': 9, 'min_samples_leaf': 1}. Best is trial 0 with value: 0.95.
[I 2026-04-07 02:24:19,604] Trial 1 finished with value: 0.925 and parameters: {'n_estimators': 143, 'max_depth': 13, 'min_samples_split': 6, 'min_samples_leaf': 5}. Best is trial 0 with value: 0.95.
[I 2026-04-07 02:24:19,863] Trial 2 finished with value: 0.9 and parameters: {'n_estimators': 234, 'max_depth': 14, 'min_samples_split': 5, 'min_samples_leaf': 8}. Best is trial 0 with value: 0.95.
[I 2026-04-07 02:24:20,182] Trial 3 finished with value: 0.825 and parameters: {'n_estimators': 307, 'max_depth': 13, 'min_samples_split': 7, 'min_samples_leaf': 10}. Best is trial 0 with value: 0.95.
[I 2026-04-07 02:24:20,623] Trial 4 finished with value: 0.85 and parameters: {'n_estimators': 428, 'max_depth': 10, 'min_samples_split': 9, 'min_samples_leaf': 9}. Best is trial 0 with value: 0.95.
[I 2026-04-07 02:24:20,781] Trial 5 finished with value: 0.9 and parameters: {'n_estimators': 121, 'max_depth': 15, 'min_samples_split': 9, 'min_samples_leaf': 8}. Best is trial 0 with value: 0.95.
[I 2026-04-07 02:24:21,180] Trial 6 finished with value: 0.825 and parameters: {'n_estimators': 384, 'max_depth': 12, 'min_samples_split': 3, 'min_samples_leaf': 10}. Best is trial 0 with value: 0.95.
[I 2026-04-07 02:24:21,469] Trial 7 finished with value: 0.825 and parameters: {'n_estimators': 261, 'max_depth': 6, 'min_samples_split': 8, 'min_samples_leaf': 10}. Best is trial 0 with value: 0.95.
[I 2026-04-07 02:24:21,708] Trial 8 finished with value: 0.875 and parameters: {'n_estimators': 202, 'max_depth': 15, 'min_samples_split': 7, 'min_samples_leaf': 8}. Best is trial 0 with value: 0.95.
[I 2026-04-07 02:24:22,227] Trial 9 finished with value: 0.95 and parameters: {'n_estimators': 475, 'max_depth': 9, 'min_samples_split': 4, 'min_samples_leaf': 5}. Best is trial 0 with value: 0.95.
[I 2026-04-07 02:24:22,597] Trial 10 finished with value: 0.95 and parameters: {'n_estimators': 352, 'max_depth': 20, 'min_samples_split': 10, 'min_samples_leaf': 1}. Best is trial 0 with value: 0.95.
[I 2026-04-07 02:24:23,102] Trial 11 finished with value: 0.975 and parameters: {'n_estimators': 487, 'max_depth': 5, 'min_samples_split': 3, 'min_samples_leaf': 1}. Best is trial 11 with value: 0.975.
[I 2026-04-07 02:24:23,621] Trial 12 finished with value: 0.95 and parameters: {'n_estimators': 493, 'max_depth': 4, 'min_samples_split': 2, 'min_samples_leaf': 1}. Best is trial 11 with value: 0.975.
[I 2026-04-07 02:24:24,107] Trial 13 finished with value: 0.95 and parameters: {'n_estimators': 422, 'max_depth': 7, 'min_samples_split': 2, 'min_samples_leaf': 3}. Best is trial 11 with value: 0.975.
[I 2026-04-07 02:24:24,632] Trial 14 finished with value: 0.95 and parameters: {'n_estimators': 433, 'max_depth': 3, 'min_samples_split': 5, 'min_samples_leaf': 3}. Best is trial 11 with value: 0.975.
[I 2026-04-07 02:24:25,007] Trial 15 finished with value: 0.95 and parameters: {'n_estimators': 349, 'max_depth': 6, 'min_samples_split': 4, 'min_samples_leaf': 3}. Best is trial 11 with value: 0.975.
[I 2026-04-07 02:24:25,561] Trial 16 finished with value: 0.95 and parameters: {'n_estimators': 498, 'max_depth': 8, 'min_samples_split': 10, 'min_samples_leaf': 2}. Best is trial 11 with value: 0.975.
[I 2026-04-07 02:24:26,064] Trial 17 finished with value: 0.925 and parameters: {'n_estimators': 457, 'max_depth': 5, 'min_samples_split': 7, 'min_samples_leaf': 6}. Best is trial 11 with value: 0.975.
[I 2026-04-07 02:24:26,496] Trial 18 finished with value: 0.95 and parameters: {'n_estimators': 385, 'max_depth': 11, 'min_samples_split': 3, 'min_samples_leaf': 2}. Best is trial 11 with value: 0.975.
[I 2026-04-07 02:24:26,862] Trial 19 finished with value: 0.925 and parameters: {'n_estimators': 302, 'max_depth': 18, 'min_samples_split': 6, 'min_samples_leaf': 6}. Best is trial 11 with value: 0.975.
[I 2026-04-07 02:24:27,330] Trial 20 finished with value: 0.95 and parameters: {'n_estimators': 398, 'max_depth': 3, 'min_samples_split': 8, 'min_samples_leaf': 4}. Best is trial 11 with value: 0.975.
[I 2026-04-07 02:24:27,865] Trial 21 finished with value: 0.95 and parameters: {'n_estimators': 467, 'max_depth': 9, 'min_samples_split': 4, 'min_samples_leaf': 1}. Best is trial 11 with value: 0.975.
[I 2026-04-07 02:24:28,400] Trial 22 finished with value: 0.95 and parameters: {'n_estimators': 469, 'max_depth': 9, 'min_samples_split': 3, 'min_samples_leaf': 5}. Best is trial 11 with value: 0.975.
[I 2026-04-07 02:24:28,917] Trial 23 finished with value: 0.95 and parameters: {'n_estimators': 454, 'max_depth': 7, 'min_samples_split': 4, 'min_samples_leaf': 2}. Best is trial 11 with value: 0.975.
[I 2026-04-07 02:24:29,322] Trial 24 finished with value: 0.95 and parameters: {'n_estimators': 346, 'max_depth': 8, 'min_samples_split': 5, 'min_samples_leaf': 4}. Best is trial 11 with value: 0.975.
[I 2026-04-07 02:24:29,882] Trial 25 finished with value: 0.925 and parameters: {'n_estimators': 487, 'max_depth': 5, 'min_samples_split': 2, 'min_samples_leaf': 7}. Best is trial 11 with value: 0.975.
[I 2026-04-07 02:24:30,345] Trial 26 finished with value: 0.95 and parameters: {'n_estimators': 414, 'max_depth': 10, 'min_samples_split': 3, 'min_samples_leaf': 4}. Best is trial 11 with value: 0.975.
[I 2026-04-07 02:24:30,821] Trial 27 finished with value: 0.95 and parameters: {'n_estimators': 442, 'max_depth': 7, 'min_samples_split': 4, 'min_samples_leaf': 2}. Best is trial 11 with value: 0.975.
[I 2026-04-07 02:24:31,408] Trial 28 finished with value: 0.95 and parameters: {'n_estimators': 497, 'max_depth': 5, 'min_samples_split': 5, 'min_samples_leaf': 1}. Best is trial 11 with value: 0.975.
[I 2026-04-07 02:24:31,683] Trial 29 finished with value: 0.95 and parameters: {'n_estimators': 183, 'max_depth': 11, 'min_samples_split': 6, 'min_samples_leaf': 5}. Best is trial 11 with value: 0.975.
[I 2026-04-07 02:24:37,090] A new study created in memory with name: mlp
[I 2026-04-07 02:24:37,155] Trial 0 finished with value: 0.725 and parameters: {'hidden_layer_sizes': (100,), 'max_iter': 100, 'alpha': 0.0001}. Best is trial 0 with value: 0.725.
[I 2026-04-07 02:24:37,252] Trial 1 finished with value: 0.75 and parameters: {'hidden_layer_sizes': (100, 100), 'max_iter': 100, 'alpha': 0.001}. Best is trial 1 with value: 0.75.
[I 2026-04-07 02:24:37,318] Trial 2 finished with value: 0.725 and parameters: {'hidden_layer_sizes': (200,), 'max_iter': 100, 'alpha': 0.0001}. Best is trial 1 with value: 0.75.
[I 2026-04-07 02:24:37,365] Trial 3 finished with value: 0.775 and parameters: {'hidden_layer_sizes': (200,), 'max_iter': 50, 'alpha': 0.001}. Best is trial 3 with value: 0.775.
[I 2026-04-07 02:24:37,422] Trial 4 finished with value: 0.675 and parameters: {'hidden_layer_sizes': (100, 100), 'max_iter': 50, 'alpha': 0.0001}. Best is trial 3 with value: 0.775.
[I 2026-04-07 02:24:37,477] Trial 5 finished with value: 0.75 and parameters: {'hidden_layer_sizes': (200,), 'max_iter': 100, 'alpha': 0.0001}. Best is trial 3 with value: 0.775.
[I 2026-04-07 02:24:37,533] Trial 6 finished with value: 0.7 and parameters: {'hidden_layer_sizes': (200,), 'max_iter': 100, 'alpha': 0.001}. Best is trial 3 with value: 0.775.
[I 2026-04-07 02:24:37,579] Trial 7 finished with value: 0.75 and parameters: {'hidden_layer_sizes': (100,), 'max_iter': 100, 'alpha': 0.001}. Best is trial 3 with value: 0.775.
[I 2026-04-07 02:24:37,655] Trial 8 finished with value: 0.75 and parameters: {'hidden_layer_sizes': (100, 100), 'max_iter': 100, 'alpha': 0.0001}. Best is trial 3 with value: 0.775.
[I 2026-04-07 02:24:37,702] Trial 9 finished with value: 0.725 and parameters: {'hidden_layer_sizes': (200,), 'max_iter': 100, 'alpha': 0.0001}. Best is trial 3 with value: 0.775.
[I 2026-04-07 02:24:37,741] Trial 10 finished with value: 0.775 and parameters: {'hidden_layer_sizes': (200,), 'max_iter': 50, 'alpha': 0.001}. Best is trial 3 with value: 0.775.
[I 2026-04-07 02:24:37,779] Trial 11 finished with value: 0.75 and parameters: {'hidden_layer_sizes': (200,), 'max_iter': 50, 'alpha': 0.001}. Best is trial 3 with value: 0.775.
[I 2026-04-07 02:24:37,813] Trial 12 finished with value: 0.75 and parameters: {'hidden_layer_sizes': (200,), 'max_iter': 50, 'alpha': 0.001}. Best is trial 3 with value: 0.775.
[I 2026-04-07 02:24:37,848] Trial 13 finished with value: 0.75 and parameters: {'hidden_layer_sizes': (200,), 'max_iter': 50, 'alpha': 0.001}. Best is trial 3 with value: 0.775.
[I 2026-04-07 02:24:37,896] Trial 14 finished with value: 0.75 and parameters: {'hidden_layer_sizes': (200,), 'max_iter': 50, 'alpha': 0.001}. Best is trial 3 with value: 0.775.
[I 2026-04-07 02:24:37,945] Trial 15 finished with value: 0.775 and parameters: {'hidden_layer_sizes': (100,), 'max_iter': 50, 'alpha': 0.001}. Best is trial 3 with value: 0.775.
[I 2026-04-07 02:24:37,985] Trial 16 finished with value: 0.75 and parameters: {'hidden_layer_sizes': (200,), 'max_iter': 50, 'alpha': 0.001}. Best is trial 3 with value: 0.775.
[I 2026-04-07 02:24:38,023] Trial 17 finished with value: 0.75 and parameters: {'hidden_layer_sizes': (200,), 'max_iter': 50, 'alpha': 0.001}. Best is trial 3 with value: 0.775.
[I 2026-04-07 02:24:38,062] Trial 18 finished with value: 0.725 and parameters: {'hidden_layer_sizes': (100,), 'max_iter': 50, 'alpha': 0.001}. Best is trial 3 with value: 0.775.
[I 2026-04-07 02:24:38,110] Trial 19 finished with value: 0.7 and parameters: {'hidden_layer_sizes': (100, 100), 'max_iter': 50, 'alpha': 0.001}. Best is trial 3 with value: 0.775.
[I 2026-04-07 02:24:38,149] Trial 20 finished with value: 0.75 and parameters: {'hidden_layer_sizes': (200,), 'max_iter': 50, 'alpha': 0.001}. Best is trial 3 with value: 0.775.
[I 2026-04-07 02:24:38,186] Trial 21 finished with value: 0.75 and parameters: {'hidden_layer_sizes': (100,), 'max_iter': 50, 'alpha': 0.001}. Best is trial 3 with value: 0.775.
[I 2026-04-07 02:24:38,225] Trial 22 finished with value: 0.75 and parameters: {'hidden_layer_sizes': (100,), 'max_iter': 50, 'alpha': 0.001}. Best is trial 3 with value: 0.775.
[I 2026-04-07 02:24:38,264] Trial 23 finished with value: 0.7 and parameters: {'hidden_layer_sizes': (100,), 'max_iter': 50, 'alpha': 0.001}. Best is trial 3 with value: 0.775.
[I 2026-04-07 02:24:38,302] Trial 24 finished with value: 0.8 and parameters: {'hidden_layer_sizes': (100,), 'max_iter': 50, 'alpha': 0.001}. Best is trial 24 with value: 0.8.
[I 2026-04-07 02:24:38,340] Trial 25 finished with value: 0.725 and parameters: {'hidden_layer_sizes': (100,), 'max_iter': 50, 'alpha': 0.001}. Best is trial 24 with value: 0.8.
[I 2026-04-07 02:24:38,379] Trial 26 finished with value: 0.725 and parameters: {'hidden_layer_sizes': (200,), 'max_iter': 50, 'alpha': 0.001}. Best is trial 24 with value: 0.8.
[I 2026-04-07 02:24:38,416] Trial 27 finished with value: 0.725 and parameters: {'hidden_layer_sizes': (100,), 'max_iter': 50, 'alpha': 0.001}. Best is trial 24 with value: 0.8.
[I 2026-04-07 02:24:38,475] Trial 28 finished with value: 0.7 and parameters: {'hidden_layer_sizes': (100, 100), 'max_iter': 50, 'alpha': 0.001}. Best is trial 24 with value: 0.8.
