[I 2026-04-09 20:49:51,578] Trial 27 finished with value: 0.8 and parameters: {'n_neighbors': 3, 'leaf_size': 26, 'p': 1}. Best is trial 0 with value: 0.8.
[I 2026-04-09 20:49:51,600] Trial 28 finished with value: 0.65 and parameters: {'n_neighbors': 4, 'leaf_size': 25, 'p': 1}. Best is trial 0 with value: 0.8.
[I 2026-04-09 20:49:51,625] Trial 29 finished with value: 0.65 and parameters: {'n_neighbors': 4, 'leaf_size': 23, 'p': 1}. Best is trial 0 with value: 0.8.
[I 2026-04-09 20:49:52,910] A new study created in memory with name: xgb
[I 2026-04-09 20:49:52,956] Trial 0 finished with value: 0.75 and parameters: {'n_estimators': 40, 'max_depth': 30, 'gamma': 0.47665736245940726, 'subsample': 0.6240505842067796, 'colsample_bytree': 0.542029825582675}. Best is trial 0 with value: 0.75.
[I 2026-04-09 20:49:53,004] Trial 1 finished with value: 0.7 and parameters: {'n_estimators': 100, 'max_depth': 5, 'gamma': 0.6154838340124683, 'subsample': 0.9490035591125747, 'colsample_bytree': 0.8334494864598183}. Best is trial 0 with value: 0.75.
[I 2026-04-09 20:49:53,051] Trial 2 finished with value: 0.7 and parameters: {'n_estimators': 40, 'max_depth': 20, 'gamma': 0.9464719685739904, 'subsample': 0.9018698850061588, 'colsample_bytree': 0.9916796241121663}. Best is trial 0 with value: 0.75.
[I 2026-04-09 20:49:53,100] Trial 3 finished with value: 0.8 and parameters: {'n_estimators': 100, 'max_depth': 30, 'gamma': 0.26698751824101463, 'subsample': 0.6215578376567042, 'colsample_bytree': 0.9367004215505623}. Best is trial 3 with value: 0.8.
[I 2026-04-09 20:49:53,151] Trial 4 finished with value: 0.6 and parameters: {'n_estimators': 10, 'max_depth': 20, 'gamma': 0.5301766121845122, 'subsample': 0.7177777323831729, 'colsample_bytree': 0.9352041482132656}. Best is trial 3 with value: 0.8.
[I 2026-04-09 20:49:53,199] Trial 5 finished with value: 0.65 and parameters: {'n_estimators': 100, 'max_depth': 5, 'gamma': 0.6742485862456464, 'subsample': 0.7308488312353485, 'colsample_bytree': 0.5265297122426965}. Best is trial 3 with value: 0.8.
[I 2026-04-09 20:49:53,257] Trial 6 finished with value: 0.7 and parameters: {'n_estimators': 100, 'max_depth': 30, 'gamma': 0.5360486096375219, 'subsample': 0.8488681925618888, 'colsample_bytree': 0.900578215847843}. Best is trial 3 with value: 0.8.
[I 2026-04-09 20:49:53,294] Trial 7 finished with value: 0.75 and parameters: {'n_estimators': 40, 'max_depth': 5, 'gamma': 0.4997010655396419, 'subsample': 0.7490698051808964, 'colsample_bytree': 0.7071731623998108}. Best is trial 3 with value: 0.8.
[I 2026-04-09 20:49:53,342] Trial 8 finished with value: 0.75 and parameters: {'n_estimators': 100, 'max_depth': 5, 'gamma': 0.5449029446194361, 'subsample': 0.7150234071055932, 'colsample_bytree': 0.8673829085180849}. Best is trial 3 with value: 0.8.
[I 2026-04-09 20:49:53,407] Trial 9 finished with value: 0.85 and parameters: {'n_estimators': 100, 'max_depth': 30, 'gamma': 0.5427360453562716, 'subsample': 0.5915763668266103, 'colsample_bytree': 0.5546552575823498}. Best is trial 9 with value: 0.85.
[I 2026-04-09 20:49:53,462] Trial 10 finished with value: 0.8 and parameters: {'n_estimators': 10, 'max_depth': 30, 'gamma': 0.16095138250336488, 'subsample': 0.5151349927917164, 'colsample_bytree': 0.6399757283243361}. Best is trial 9 with value: 0.85.
[I 2026-04-09 20:49:53,528] Trial 11 finished with value: 0.85 and parameters: {'n_estimators': 100, 'max_depth': 30, 'gamma': 0.22088566034658008, 'subsample': 0.5769489857009565, 'colsample_bytree': 0.7801355547052821}. Best is trial 9 with value: 0.85.
[I 2026-04-09 20:49:53,573] Trial 12 finished with value: 0.75 and parameters: {'n_estimators': 100, 'max_depth': 30, 'gamma': 0.3096764043322102, 'subsample': 0.503294259488436, 'colsample_bytree': 0.7667487389226841}. Best is trial 9 with value: 0.85.
[I 2026-04-09 20:49:53,607] Trial 13 finished with value: 0.75 and parameters: {'n_estimators': 100, 'max_depth': 30, 'gamma': 0.7717777674365137, 'subsample': 0.5977310477870281, 'colsample_bytree': 0.6248841863782957}. Best is trial 9 with value: 0.85.
[I 2026-04-09 20:49:53,640] Trial 14 finished with value: 0.9 and parameters: {'n_estimators': 100, 'max_depth': 30, 'gamma': 0.1118487397978592, 'subsample': 0.5730914351255075, 'colsample_bytree': 0.7690450103005926}. Best is trial 14 with value: 0.9.
[I 2026-04-09 20:49:53,674] Trial 15 finished with value: 0.7 and parameters: {'n_estimators': 10, 'max_depth': 30, 'gamma': 0.3755530625802548, 'subsample': 0.6680028126105368, 'colsample_bytree': 0.6736349126093942}. Best is trial 14 with value: 0.9.
[I 2026-04-09 20:49:53,706] Trial 16 finished with value: 0.9 and parameters: {'n_estimators': 100, 'max_depth': 20, 'gamma': 0.1189336020129329, 'subsample': 0.8076248321653429, 'colsample_bytree': 0.608115178226705}. Best is trial 14 with value: 0.9.
[I 2026-04-09 20:49:53,742] Trial 17 finished with value: 0.7 and parameters: {'n_estimators': 100, 'max_depth': 20, 'gamma': 0.11215363543929269, 'subsample': 0.8238459271139825, 'colsample_bytree': 0.5984279274268804}. Best is trial 14 with value: 0.9.
[I 2026-04-09 20:49:53,770] Trial 18 finished with value: 0.65 and parameters: {'n_estimators': 10, 'max_depth': 20, 'gamma': 0.36263234997658744, 'subsample': 0.8101193725702428, 'colsample_bytree': 0.7117948538295535}. Best is trial 14 with value: 0.9.
[I 2026-04-09 20:49:53,812] Trial 19 finished with value: 0.75 and parameters: {'n_estimators': 40, 'max_depth': 20, 'gamma': 0.11018821541837544, 'subsample': 0.7882128435221221, 'colsample_bytree': 0.8108063883172848}. Best is trial 14 with value: 0.9.
[I 2026-04-09 20:49:53,851] Trial 20 finished with value: 0.7 and parameters: {'n_estimators': 100, 'max_depth': 20, 'gamma': 0.19735710169889198, 'subsample': 0.8691288011187466, 'colsample_bytree': 0.7368618148527704}. Best is trial 14 with value: 0.9.
[I 2026-04-09 20:49:53,891] Trial 21 finished with value: 0.8 and parameters: {'n_estimators': 100, 'max_depth': 30, 'gamma': 0.8683886533071236, 'subsample': 0.5619054206064565, 'colsample_bytree': 0.5698317159442056}. Best is trial 14 with value: 0.9.
[I 2026-04-09 20:49:53,938] Trial 22 finished with value: 0.7 and parameters: {'n_estimators': 100, 'max_depth': 30, 'gamma': 0.42253915728824865, 'subsample': 0.669242869158204, 'colsample_bytree': 0.5158186982277837}. Best is trial 14 with value: 0.9.
[I 2026-04-09 20:49:53,978] Trial 23 finished with value: 0.7 and parameters: {'n_estimators': 100, 'max_depth': 20, 'gamma': 0.29666214597784935, 'subsample': 0.6650721049037658, 'colsample_bytree': 0.6682308667858442}. Best is trial 14 with value: 0.9.
[I 2026-04-09 20:49:54,017] Trial 24 finished with value: 0.85 and parameters: {'n_estimators': 100, 'max_depth': 30, 'gamma': 0.7193125520677128, 'subsample': 0.5470010170813773, 'colsample_bytree': 0.5783989071982105}. Best is trial 14 with value: 0.9.
[I 2026-04-09 20:49:54,050] Trial 25 finished with value: 0.65 and parameters: {'n_estimators': 100, 'max_depth': 20, 'gamma': 0.23074344644750291, 'subsample': 0.9288578995444242, 'colsample_bytree': 0.6199188776917093}. Best is trial 14 with value: 0.9.
[I 2026-04-09 20:49:54,093] Trial 26 finished with value: 0.7 and parameters: {'n_estimators': 100, 'max_depth': 30, 'gamma': 0.8237566384492458, 'subsample': 0.7890142212091552, 'colsample_bytree': 0.5583001098064937}. Best is trial 14 with value: 0.9.
[I 2026-04-09 20:49:54,128] Trial 27 finished with value: 0.8 and parameters: {'n_estimators': 100, 'max_depth': 30, 'gamma': 0.6238136826220585, 'subsample': 0.6373835057430413, 'colsample_bytree': 0.5084270022046335}. Best is trial 14 with value: 0.9.
[I 2026-04-09 20:49:54,155] Trial 28 finished with value: 0.85 and parameters: {'n_estimators': 40, 'max_depth': 5, 'gamma': 0.15922533791252885, 'subsample': 0.5390253021759642, 'colsample_bytree': 0.6755770021000587}. Best is trial 14 with value: 0.9.
[I 2026-04-09 20:49:54,196] Trial 29 finished with value: 0.65 and parameters: {'n_estimators': 10, 'max_depth': 20, 'gamma': 0.4419004765265916, 'subsample': 0.609105132968854, 'colsample_bytree': 0.8178493031853614}. Best is trial 14 with value: 0.9.
[I 2026-04-09 20:49:55,169] A new study created in memory with name: rf
[I 2026-04-09 20:49:55,325] Trial 0 finished with value: 0.8 and parameters: {'n_estimators': 104, 'max_depth': 12, 'min_samples_split': 6, 'min_samples_leaf': 2}. Best is trial 0 with value: 0.8.
[I 2026-04-09 20:49:55,521] Trial 1 finished with value: 0.8 and parameters: {'n_estimators': 156, 'max_depth': 6, 'min_samples_split': 5, 'min_samples_leaf': 3}. Best is trial 0 with value: 0.8.
[I 2026-04-09 20:49:55,730] Trial 2 finished with value: 0.5 and parameters: {'n_estimators': 133, 'max_depth': 9, 'min_samples_split': 3, 'min_samples_leaf': 9}. Best is trial 0 with value: 0.8.
[I 2026-04-09 20:49:56,282] Trial 3 finished with value: 0.8 and parameters: {'n_estimators': 481, 'max_depth': 3, 'min_samples_split': 8, 'min_samples_leaf': 6}. Best is trial 0 with value: 0.8.
[I 2026-04-09 20:49:56,792] Trial 4 finished with value: 0.5 and parameters: {'n_estimators': 460, 'max_depth': 15, 'min_samples_split': 6, 'min_samples_leaf': 8}. Best is trial 0 with value: 0.8.
[I 2026-04-09 20:49:57,099] Trial 5 finished with value: 0.75 and parameters: {'n_estimators': 254, 'max_depth': 15, 'min_samples_split': 9, 'min_samples_leaf': 5}. Best is trial 0 with value: 0.8.
[I 2026-04-09 20:49:57,668] Trial 6 finished with value: 0.7 and parameters: {'n_estimators': 477, 'max_depth': 17, 'min_samples_split': 10, 'min_samples_leaf': 2}. Best is trial 0 with value: 0.8.
[I 2026-04-09 20:49:58,106] Trial 7 finished with value: 0.5 and parameters: {'n_estimators': 308, 'max_depth': 20, 'min_samples_split': 7, 'min_samples_leaf': 9}. Best is trial 0 with value: 0.8.
[I 2026-04-09 20:49:58,697] Trial 8 finished with value: 0.5 and parameters: {'n_estimators': 489, 'max_depth': 6, 'min_samples_split': 4, 'min_samples_leaf': 9}. Best is trial 0 with value: 0.8.
[I 2026-04-09 20:49:59,295] Trial 9 finished with value: 0.8 and parameters: {'n_estimators': 463, 'max_depth': 16, 'min_samples_split': 5, 'min_samples_leaf': 5}. Best is trial 0 with value: 0.8.
[I 2026-04-09 20:49:59,703] Trial 10 finished with value: 0.8 and parameters: {'n_estimators': 233, 'max_depth': 11, 'min_samples_split': 2, 'min_samples_leaf': 1}. Best is trial 0 with value: 0.8.
[I 2026-04-09 20:49:59,908] Trial 11 finished with value: 0.85 and parameters: {'n_estimators': 100, 'max_depth': 8, 'min_samples_split': 6, 'min_samples_leaf': 3}. Best is trial 11 with value: 0.85.
[I 2026-04-09 20:50:00,115] Trial 12 finished with value: 0.9 and parameters: {'n_estimators': 112, 'max_depth': 11, 'min_samples_split': 7, 'min_samples_leaf': 3}. Best is trial 12 with value: 0.9.
[I 2026-04-09 20:50:00,442] Trial 13 finished with value: 0.85 and parameters: {'n_estimators': 198, 'max_depth': 9, 'min_samples_split': 8, 'min_samples_leaf': 4}. Best is trial 12 with value: 0.9.
[I 2026-04-09 20:50:00,981] Trial 14 finished with value: 0.85 and parameters: {'n_estimators': 361, 'max_depth': 12, 'min_samples_split': 7, 'min_samples_leaf': 3}. Best is trial 12 with value: 0.9.
[I 2026-04-09 20:50:01,230] Trial 15 finished with value: 0.8 and parameters: {'n_estimators': 183, 'max_depth': 7, 'min_samples_split': 7, 'min_samples_leaf': 6}. Best is trial 12 with value: 0.9.
[I 2026-04-09 20:50:01,400] Trial 16 finished with value: 0.85 and parameters: {'n_estimators': 103, 'max_depth': 3, 'min_samples_split': 5, 'min_samples_leaf': 1}. Best is trial 12 with value: 0.9.
[I 2026-04-09 20:50:01,842] Trial 17 finished with value: 0.8 and parameters: {'n_estimators': 359, 'max_depth': 9, 'min_samples_split': 10, 'min_samples_leaf': 4}. Best is trial 12 with value: 0.9.
[I 2026-04-09 20:50:02,182] Trial 18 finished with value: 0.5 and parameters: {'n_estimators': 228, 'max_depth': 13, 'min_samples_split': 8, 'min_samples_leaf': 7}. Best is trial 12 with value: 0.9.
[I 2026-04-09 20:50:02,412] Trial 19 finished with value: 0.85 and parameters: {'n_estimators': 156, 'max_depth': 10, 'min_samples_split': 4, 'min_samples_leaf': 3}. Best is trial 12 with value: 0.9.
[I 2026-04-09 20:50:02,791] Trial 20 finished with value: 0.75 and parameters: {'n_estimators': 306, 'max_depth': 5, 'min_samples_split': 6, 'min_samples_leaf': 4}. Best is trial 12 with value: 0.9.
[I 2026-04-09 20:50:03,024] Trial 21 finished with value: 0.85 and parameters: {'n_estimators': 183, 'max_depth': 8, 'min_samples_split': 8, 'min_samples_leaf': 4}. Best is trial 12 with value: 0.9.
[I 2026-04-09 20:50:03,271] Trial 22 finished with value: 0.95 and parameters: {'n_estimators': 202, 'max_depth': 9, 'min_samples_split': 9, 'min_samples_leaf': 2}. Best is trial 22 with value: 0.95.
[I 2026-04-09 20:50:03,483] Trial 23 finished with value: 0.65 and parameters: {'n_estimators': 133, 'max_depth': 13, 'min_samples_split': 9, 'min_samples_leaf': 2}. Best is trial 22 with value: 0.95.
[I 2026-04-09 20:50:03,684] Trial 24 finished with value: 0.7 and parameters: {'n_estimators': 132, 'max_depth': 10, 'min_samples_split': 9, 'min_samples_leaf': 1}. Best is trial 22 with value: 0.95.
[I 2026-04-09 20:50:04,017] Trial 25 finished with value: 0.75 and parameters: {'n_estimators': 262, 'max_depth': 7, 'min_samples_split': 7, 'min_samples_leaf': 2}. Best is trial 22 with value: 0.95.
[I 2026-04-09 20:50:04,246] Trial 26 finished with value: 0.8 and parameters: {'n_estimators': 200, 'max_depth': 11, 'min_samples_split': 6, 'min_samples_leaf': 3}. Best is trial 22 with value: 0.95.
[I 2026-04-09 20:50:04,419] Trial 27 finished with value: 0.85 and parameters: {'n_estimators': 100, 'max_depth': 5, 'min_samples_split': 9, 'min_samples_leaf': 5}. Best is trial 22 with value: 0.95.
[I 2026-04-09 20:50:04,640] Trial 28 finished with value: 0.8 and parameters: {'n_estimators': 159, 'max_depth': 8, 'min_samples_split': 10, 'min_samples_leaf': 2}. Best is trial 22 with value: 0.95.
[I 2026-04-09 20:50:04,847] Trial 29 finished with value: 0.8 and parameters: {'n_estimators': 126, 'max_depth': 12, 'min_samples_split': 7, 'min_samples_leaf': 3}. Best is trial 22 with value: 0.95.
[I 2026-04-09 20:50:07,580] A new study created in memory with name: mlp
[I 2026-04-09 20:50:07,646] Trial 0 finished with value: 0.65 and parameters: {'hidden_layer_sizes': (200,), 'max_iter': 100, 'alpha': 0.001}. Best is trial 0 with value: 0.65.
[I 2026-04-09 20:50:07,720] Trial 1 finished with value: 0.75 and parameters: {'hidden_layer_sizes': (100, 100), 'max_iter': 100, 'alpha': 0.0001}. Best is trial 1 with value: 0.75.
[I 2026-04-09 20:50:07,766] Trial 2 finished with value: 0.7 and parameters: {'hidden_layer_sizes': (100, 100), 'max_iter': 50, 'alpha': 0.0001}. Best is trial 1 with value: 0.75.
[I 2026-04-09 20:50:07,810] Trial 3 finished with value: 0.65 and parameters: {'hidden_layer_sizes': (200,), 'max_iter': 50, 'alpha': 0.0001}. Best is trial 1 with value: 0.75.
[I 2026-04-09 20:50:07,866] Trial 4 finished with value: 0.65 and parameters: {'hidden_layer_sizes': (200,), 'max_iter': 100, 'alpha': 0.001}. Best is trial 1 with value: 0.75.
[I 2026-04-09 20:50:07,925] Trial 5 finished with value: 0.65 and parameters: {'hidden_layer_sizes': (200,), 'max_iter': 100, 'alpha': 0.0001}. Best is trial 1 with value: 0.75.
[I 2026-04-09 20:50:07,991] Trial 6 finished with value: 0.65 and parameters: {'hidden_layer_sizes': (100, 100), 'max_iter': 100, 'alpha': 0.001}. Best is trial 1 with value: 0.75.
[I 2026-04-09 20:50:08,027] Trial 7 finished with value: 0.65 and parameters: {'hidden_layer_sizes': (200,), 'max_iter': 50, 'alpha': 0.001}. Best is trial 1 with value: 0.75.
[I 2026-04-09 20:50:08,070] Trial 8 finished with value: 0.65 and parameters: {'hidden_layer_sizes': (100,), 'max_iter': 100, 'alpha': 0.001}. Best is trial 1 with value: 0.75.
[I 2026-04-09 20:50:08,115] Trial 9 finished with value: 0.65 and parameters: {'hidden_layer_sizes': (200,), 'max_iter': 50, 'alpha': 0.001}. Best is trial 1 with value: 0.75.
[I 2026-04-09 20:50:08,193] Trial 10 finished with value: 0.65 and parameters: {'hidden_layer_sizes': (100, 100), 'max_iter': 100, 'alpha': 0.0001}. Best is trial 1 with value: 0.75.
[I 2026-04-09 20:50:08,243] Trial 11 finished with value: 0.65 and parameters: {'hidden_layer_sizes': (100, 100), 'max_iter': 50, 'alpha': 0.0001}. Best is trial 1 with value: 0.75.
[I 2026-04-09 20:50:08,289] Trial 12 finished with value: 0.65 and parameters: {'hidden_layer_sizes': (100, 100), 'max_iter': 50, 'alpha': 0.0001}. Best is trial 1 with value: 0.75.
[I 2026-04-09 20:50:08,347] Trial 13 finished with value: 0.7 and parameters: {'hidden_layer_sizes': (100, 100), 'max_iter': 50, 'alpha': 0.0001}. Best is trial 1 with value: 0.75.
[I 2026-04-09 20:50:08,393] Trial 14 finished with value: 0.65 and parameters: {'hidden_layer_sizes': (100,), 'max_iter': 100, 'alpha': 0.0001}. Best is trial 1 with value: 0.75.
[I 2026-04-09 20:50:08,438] Trial 15 finished with value: 0.7 and parameters: {'hidden_layer_sizes': (100, 100), 'max_iter': 50, 'alpha': 0.0001}. Best is trial 1 with value: 0.75.
[I 2026-04-09 20:50:08,493] Trial 16 finished with value: 0.65 and parameters: {'hidden_layer_sizes': (100, 100), 'max_iter': 50, 'alpha': 0.0001}. Best is trial 1 with value: 0.75.
[I 2026-04-09 20:50:08,541] Trial 17 finished with value: 0.65 and parameters: {'hidden_layer_sizes': (100,), 'max_iter': 100, 'alpha': 0.0001}. Best is trial 1 with value: 0.75.
[I 2026-04-09 20:50:08,611] Trial 18 finished with value: 0.65 and parameters: {'hidden_layer_sizes': (100, 100), 'max_iter': 50, 'alpha': 0.0001}. Best is trial 1 with value: 0.75.
[I 2026-04-09 20:50:08,677] Trial 19 finished with value: 0.7 and parameters: {'hidden_layer_sizes': (100, 100), 'max_iter': 100, 'alpha': 0.0001}. Best is trial 1 with value: 0.75.
[I 2026-04-09 20:50:08,724] Trial 20 finished with value: 0.65 and parameters: {'hidden_layer_sizes': (100, 100), 'max_iter': 50, 'alpha': 0.0001}. Best is trial 1 with value: 0.75.
[I 2026-04-09 20:50:08,775] Trial 21 finished with value: 0.6 and parameters: {'hidden_layer_sizes': (100, 100), 'max_iter': 50, 'alpha': 0.0001}. Best is trial 1 with value: 0.75.
[I 2026-04-09 20:50:08,821] Trial 22 finished with value: 0.7 and parameters: {'hidden_layer_sizes': (100, 100), 'max_iter': 50, 'alpha': 0.0001}. Best is trial 1 with value: 0.75.
[I 2026-04-09 20:50:08,861] Trial 23 finished with value: 0.65 and parameters: {'hidden_layer_sizes': (100, 100), 'max_iter': 50, 'alpha': 0.0001}. Best is trial 1 with value: 0.75.
[I 2026-04-09 20:50:08,909] Trial 24 finished with value: 0.6 and parameters: {'hidden_layer_sizes': (100, 100), 'max_iter': 50, 'alpha': 0.0001}. Best is trial 1 with value: 0.75.
[I 2026-04-09 20:50:08,949] Trial 25 finished with value: 0.6 and parameters: {'hidden_layer_sizes': (100,), 'max_iter': 50, 'alpha': 0.0001}. Best is trial 1 with value: 0.75.
[I 2026-04-09 20:50:09,030] Trial 26 finished with value: 0.7 and parameters: {'hidden_layer_sizes': (100, 100), 'max_iter': 100, 'alpha': 0.0001}. Best is trial 1 with value: 0.75.
[I 2026-04-09 20:50:09,075] Trial 27 finished with value: 0.65 and parameters: {'hidden_layer_sizes': (100, 100), 'max_iter': 50, 'alpha': 0.0001}. Best is trial 1 with value: 0.75.
[I 2026-04-09 20:50:09,161] Trial 28 finished with value: 0.75 and parameters: {'hidden_layer_sizes': (100, 100), 'max_iter': 100, 'alpha': 0.0001}. Best is trial 1 with value: 0.75.
[I 2026-04-09 20:50:09,217] Trial 29 finished with value: 0.6 and parameters: {'hidden_layer_sizes': (100,), 'max_iter': 100, 'alpha': 0.001}. Best is trial 1 with value: 0.75.
[I 2026-04-09 20:50:12,803] A new study created in memory with name: naive_bayes
[I 2026-04-09 20:50:12,818] Trial 0 finished with value: 0.9 and parameters: {'var_smoothing': 1.0489343501429862e-10}. Best is trial 0 with value: 0.9.
[I 2026-04-09 20:50:12,831] Trial 1 finished with value: 0.9 and parameters: {'var_smoothing': 1.0086701860885373e-09}. Best is trial 0 with value: 0.9.
[I 2026-04-09 20:50:12,844] Trial 2 finished with value: 0.9 and parameters: {'var_smoothing': 9.807235097598006e-10}. Best is trial 0 with value: 0.9.
[I 2026-04-09 20:50:12,857] Trial 3 finished with value: 0.9 and parameters: {'var_smoothing': 1.8520770828517824e-10}. Best is trial 0 with value: 0.9.
[I 2026-04-09 20:50:12,871] Trial 4 finished with value: 0.9 and parameters: {'var_smoothing': 1.9240757716714087e-10}. Best is trial 0 with value: 0.9.
[I 2026-04-09 20:50:12,884] Trial 5 finished with value: 0.9 and parameters: {'var_smoothing': 2.736007926537145e-10}. Best is trial 0 with value: 0.9.
[I 2026-04-09 20:50:12,907] Trial 6 finished with value: 0.9 and parameters: {'var_smoothing': 6.87094324185739e-10}. Best is trial 0 with value: 0.9.
[I 2026-04-09 20:50:12,920] Trial 7 finished with value: 0.9 and parameters: {'var_smoothing': 3.134745855231349e-10}. Best is trial 0 with value: 0.9.
[I 2026-04-09 20:50:12,932] Trial 8 finished with value: 0.9 and parameters: {'var_smoothing': 1.4727170077821783e-10}. Best is trial 0 with value: 0.9.
[I 2026-04-09 20:50:12,945] Trial 9 finished with value: 0.9 and parameters: {'var_smoothing': 4.909048017047017e-10}. Best is trial 0 with value: 0.9.
[I 2026-04-09 20:50:12,965] Trial 10 finished with value: 0.9 and parameters: {'var_smoothing': 4.226228455594519e-09}. Best is trial 0 with value: 0.9.
[I 2026-04-09 20:50:12,985] Trial 11 finished with value: 0.9 and parameters: {'var_smoothing': 2.8481546791169343e-09}. Best is trial 0 with value: 0.9.
[I 2026-04-09 20:50:13,002] Trial 12 finished with value: 0.9 and parameters: {'var_smoothing': 1.9032336526904254e-09}. Best is trial 0 with value: 0.9.
[I 2026-04-09 20:50:13,021] Trial 13 finished with value: 0.9 and parameters: {'var_smoothing': 1.6192707465333408e-09}. Best is trial 0 with value: 0.9.
