[I 2026-04-09 21:27:53,527] Trial 19 finished with value: 0.775 and parameters: {'var_smoothing': 1.7743118427439911e-09}. Best is trial 0 with value: 0.775.
[I 2026-04-09 21:27:53,547] Trial 20 finished with value: 0.775 and parameters: {'var_smoothing': 5.29215399120128e-09}. Best is trial 0 with value: 0.775.
[I 2026-04-09 21:27:53,564] Trial 21 finished with value: 0.775 and parameters: {'var_smoothing': 6.215389304971454e-10}. Best is trial 0 with value: 0.775.
[I 2026-04-09 21:27:53,581] Trial 22 finished with value: 0.775 and parameters: {'var_smoothing': 2.205158371956595e-10}. Best is trial 0 with value: 0.775.
[I 2026-04-09 21:27:53,602] Trial 23 finished with value: 0.775 and parameters: {'var_smoothing': 6.714468189294179e-10}. Best is trial 0 with value: 0.775.
[I 2026-04-09 21:27:53,620] Trial 24 finished with value: 0.775 and parameters: {'var_smoothing': 1.6303611152529254e-09}. Best is trial 0 with value: 0.775.
[I 2026-04-09 21:27:53,640] Trial 25 finished with value: 0.775 and parameters: {'var_smoothing': 5.460180203252778e-09}. Best is trial 0 with value: 0.775.
[I 2026-04-09 21:27:53,658] Trial 26 finished with value: 0.775 and parameters: {'var_smoothing': 1.0123007748054653e-10}. Best is trial 0 with value: 0.775.
[I 2026-04-09 21:27:53,674] Trial 27 finished with value: 0.775 and parameters: {'var_smoothing': 3.7004726843827016e-09}. Best is trial 0 with value: 0.775.
[I 2026-04-09 21:27:53,695] Trial 28 finished with value: 0.775 and parameters: {'var_smoothing': 8.062949328123723e-10}. Best is trial 0 with value: 0.775.
[I 2026-04-09 21:27:53,712] Trial 29 finished with value: 0.775 and parameters: {'var_smoothing': 1.8379694059711336e-09}. Best is trial 0 with value: 0.775.
[I 2026-04-09 21:27:54,708] A new study created in memory with name: logreg
[I 2026-04-09 21:27:54,723] Trial 0 finished with value: 0.7 and parameters: {'C': 0.002407362254570802, 'penalty': 'l2'}. Best is trial 0 with value: 0.7.
[I 2026-04-09 21:27:54,737] Trial 1 finished with value: 0.875 and parameters: {'C': 7.935859334260497, 'penalty': 'l2'}. Best is trial 1 with value: 0.875.
[I 2026-04-09 21:27:54,750] Trial 2 finished with value: 0.8 and parameters: {'C': 0.15561310098067915, 'penalty': 'l2'}. Best is trial 1 with value: 0.875.
[I 2026-04-09 21:27:54,763] Trial 3 finished with value: 0.875 and parameters: {'C': 4.143104515916128, 'penalty': 'l2'}. Best is trial 1 with value: 0.875.
[I 2026-04-09 21:27:54,787] Trial 4 finished with value: 0.825 and parameters: {'C': 77.61533923098803, 'penalty': 'l2'}. Best is trial 1 with value: 0.875.
[I 2026-04-09 21:27:54,799] Trial 5 finished with value: 0.825 and parameters: {'C': 0.49258292359934785, 'penalty': 'l2'}. Best is trial 1 with value: 0.875.
[I 2026-04-09 21:27:54,811] Trial 6 finished with value: 0.8 and parameters: {'C': 0.320333470047146, 'penalty': 'l2'}. Best is trial 1 with value: 0.875.
[I 2026-04-09 21:27:54,824] Trial 7 finished with value: 0.7 and parameters: {'C': 0.002292216671132896, 'penalty': 'l2'}. Best is trial 1 with value: 0.875.
[I 2026-04-09 21:27:54,846] Trial 8 finished with value: 0.725 and parameters: {'C': 0.0219884643872214, 'penalty': 'l2'}. Best is trial 1 with value: 0.875.
[I 2026-04-09 21:27:54,872] Trial 9 finished with value: 0.8 and parameters: {'C': 0.31580027519646636, 'penalty': 'l2'}. Best is trial 1 with value: 0.875.
[I 2026-04-09 21:27:54,893] Trial 10 finished with value: 0.85 and parameters: {'C': 47.045226746887316, 'penalty': 'l2'}. Best is trial 1 with value: 0.875.
[I 2026-04-09 21:27:54,910] Trial 11 finished with value: 0.875 and parameters: {'C': 6.839277165794106, 'penalty': 'l2'}. Best is trial 1 with value: 0.875.
[I 2026-04-09 21:27:54,925] Trial 12 finished with value: 0.875 and parameters: {'C': 5.370275252082627, 'penalty': 'l2'}. Best is trial 1 with value: 0.875.
[I 2026-04-09 21:27:54,940] Trial 13 finished with value: 0.875 and parameters: {'C': 4.530730528990401, 'penalty': 'l2'}. Best is trial 1 with value: 0.875.
[I 2026-04-09 21:27:54,969] Trial 14 finished with value: 0.85 and parameters: {'C': 15.961422628848593, 'penalty': 'l2'}. Best is trial 1 with value: 0.875.
[I 2026-04-09 21:27:54,988] Trial 15 finished with value: 0.85 and parameters: {'C': 1.6271854345698875, 'penalty': 'l2'}. Best is trial 1 with value: 0.875.
[I 2026-04-09 21:27:55,014] Trial 16 finished with value: 0.85 and parameters: {'C': 1.8118670271657522, 'penalty': 'l2'}. Best is trial 1 with value: 0.875.
[I 2026-04-09 21:27:55,033] Trial 17 finished with value: 0.85 and parameters: {'C': 25.035357564636254, 'penalty': 'l2'}. Best is trial 1 with value: 0.875.
[I 2026-04-09 21:27:55,051] Trial 18 finished with value: 0.775 and parameters: {'C': 0.059497234598840446, 'penalty': 'l2'}. Best is trial 1 with value: 0.875.
[I 2026-04-09 21:27:55,069] Trial 19 finished with value: 0.85 and parameters: {'C': 1.4421025470950777, 'penalty': 'l2'}. Best is trial 1 with value: 0.875.
[I 2026-04-09 21:27:55,088] Trial 20 finished with value: 0.85 and parameters: {'C': 20.37422894544439, 'penalty': 'l2'}. Best is trial 1 with value: 0.875.
[I 2026-04-09 21:27:55,119] Trial 21 finished with value: 0.875 and parameters: {'C': 7.311868561003993, 'penalty': 'l2'}. Best is trial 1 with value: 0.875.
[I 2026-04-09 21:27:55,145] Trial 22 finished with value: 0.85 and parameters: {'C': 8.751738294886483, 'penalty': 'l2'}. Best is trial 1 with value: 0.875.
[I 2026-04-09 21:27:55,163] Trial 23 finished with value: 0.85 and parameters: {'C': 1.276445563834392, 'penalty': 'l2'}. Best is trial 1 with value: 0.875.
[I 2026-04-09 21:27:55,191] Trial 24 finished with value: 0.85 and parameters: {'C': 3.087999616696957, 'penalty': 'l2'}. Best is trial 1 with value: 0.875.
[I 2026-04-09 21:27:55,223] Trial 25 finished with value: 0.85 and parameters: {'C': 36.55045649688857, 'penalty': 'l2'}. Best is trial 1 with value: 0.875.
[I 2026-04-09 21:27:55,254] Trial 26 finished with value: 0.85 and parameters: {'C': 11.7543064046315, 'penalty': 'l2'}. Best is trial 1 with value: 0.875.
[I 2026-04-09 21:27:55,274] Trial 27 finished with value: 0.85 and parameters: {'C': 0.6774682653599219, 'penalty': 'l2'}. Best is trial 1 with value: 0.875.
[I 2026-04-09 21:27:55,301] Trial 28 finished with value: 0.875 and parameters: {'C': 3.81095629689096, 'penalty': 'l2'}. Best is trial 1 with value: 0.875.
[I 2026-04-09 21:27:55,334] Trial 29 finished with value: 0.7 and parameters: {'C': 0.011104103350344362, 'penalty': 'l2'}. Best is trial 1 with value: 0.875.
[I 2026-04-09 21:27:56,242] A new study created in memory with name: knn
[I 2026-04-09 21:27:56,267] Trial 0 finished with value: 0.75 and parameters: {'n_neighbors': 3, 'leaf_size': 36, 'p': 2}. Best is trial 0 with value: 0.75.
[I 2026-04-09 21:27:56,293] Trial 1 finished with value: 0.775 and parameters: {'n_neighbors': 10, 'leaf_size': 31, 'p': 1}. Best is trial 1 with value: 0.775.
[I 2026-04-09 21:27:56,317] Trial 2 finished with value: 0.75 and parameters: {'n_neighbors': 5, 'leaf_size': 30, 'p': 2}. Best is trial 1 with value: 0.775.
[I 2026-04-09 21:27:56,331] Trial 3 finished with value: 0.775 and parameters: {'n_neighbors': 6, 'leaf_size': 21, 'p': 2}. Best is trial 1 with value: 0.775.
[I 2026-04-09 21:27:56,355] Trial 4 finished with value: 0.85 and parameters: {'n_neighbors': 4, 'leaf_size': 29, 'p': 1}. Best is trial 4 with value: 0.85.
[I 2026-04-09 21:27:56,381] Trial 5 finished with value: 0.775 and parameters: {'n_neighbors': 7, 'leaf_size': 39, 'p': 2}. Best is trial 4 with value: 0.85.
[I 2026-04-09 21:27:56,405] Trial 6 finished with value: 0.7 and parameters: {'n_neighbors': 10, 'leaf_size': 22, 'p': 2}. Best is trial 4 with value: 0.85.
[I 2026-04-09 21:27:56,418] Trial 7 finished with value: 0.725 and parameters: {'n_neighbors': 8, 'leaf_size': 29, 'p': 2}. Best is trial 4 with value: 0.85.
[I 2026-04-09 21:27:56,431] Trial 8 finished with value: 0.75 and parameters: {'n_neighbors': 5, 'leaf_size': 30, 'p': 2}. Best is trial 4 with value: 0.85.
[I 2026-04-09 21:27:56,455] Trial 9 finished with value: 0.775 and parameters: {'n_neighbors': 9, 'leaf_size': 26, 'p': 1}. Best is trial 4 with value: 0.85.
[I 2026-04-09 21:27:56,480] Trial 10 finished with value: 0.85 and parameters: {'n_neighbors': 4, 'leaf_size': 34, 'p': 1}. Best is trial 4 with value: 0.85.
[I 2026-04-09 21:27:56,517] Trial 11 finished with value: 0.8 and parameters: {'n_neighbors': 3, 'leaf_size': 35, 'p': 1}. Best is trial 4 with value: 0.85.
[I 2026-04-09 21:27:56,539] Trial 12 finished with value: 0.85 and parameters: {'n_neighbors': 4, 'leaf_size': 35, 'p': 1}. Best is trial 4 with value: 0.85.
[I 2026-04-09 21:27:56,566] Trial 13 finished with value: 0.85 and parameters: {'n_neighbors': 5, 'leaf_size': 25, 'p': 1}. Best is trial 4 with value: 0.85.
[I 2026-04-09 21:27:56,588] Trial 14 finished with value: 0.85 and parameters: {'n_neighbors': 4, 'leaf_size': 32, 'p': 1}. Best is trial 4 with value: 0.85.
[I 2026-04-09 21:27:56,613] Trial 15 finished with value: 0.85 and parameters: {'n_neighbors': 6, 'leaf_size': 40, 'p': 1}. Best is trial 4 with value: 0.85.
[I 2026-04-09 21:27:56,646] Trial 16 finished with value: 0.85 and parameters: {'n_neighbors': 4, 'leaf_size': 26, 'p': 1}. Best is trial 4 with value: 0.85.
[I 2026-04-09 21:27:56,673] Trial 17 finished with value: 0.8 and parameters: {'n_neighbors': 3, 'leaf_size': 33, 'p': 1}. Best is trial 4 with value: 0.85.
[I 2026-04-09 21:27:56,694] Trial 18 finished with value: 0.8 and parameters: {'n_neighbors': 7, 'leaf_size': 28, 'p': 1}. Best is trial 4 with value: 0.85.
[I 2026-04-09 21:27:56,715] Trial 19 finished with value: 0.85 and parameters: {'n_neighbors': 4, 'leaf_size': 38, 'p': 1}. Best is trial 4 with value: 0.85.
[I 2026-04-09 21:27:56,753] Trial 20 finished with value: 0.85 and parameters: {'n_neighbors': 5, 'leaf_size': 33, 'p': 1}. Best is trial 4 with value: 0.85.
[I 2026-04-09 21:27:56,785] Trial 21 finished with value: 0.85 and parameters: {'n_neighbors': 4, 'leaf_size': 35, 'p': 1}. Best is trial 4 with value: 0.85.
[I 2026-04-09 21:27:56,828] Trial 22 finished with value: 0.8 and parameters: {'n_neighbors': 3, 'leaf_size': 37, 'p': 1}. Best is trial 4 with value: 0.85.
[I 2026-04-09 21:27:56,857] Trial 23 finished with value: 0.85 and parameters: {'n_neighbors': 4, 'leaf_size': 34, 'p': 1}. Best is trial 4 with value: 0.85.
[I 2026-04-09 21:27:56,881] Trial 24 finished with value: 0.85 and parameters: {'n_neighbors': 6, 'leaf_size': 28, 'p': 1}. Best is trial 4 with value: 0.85.
[I 2026-04-09 21:27:56,903] Trial 25 finished with value: 0.85 and parameters: {'n_neighbors': 5, 'leaf_size': 37, 'p': 1}. Best is trial 4 with value: 0.85.
[I 2026-04-09 21:27:56,923] Trial 26 finished with value: 0.85 and parameters: {'n_neighbors': 4, 'leaf_size': 33, 'p': 1}. Best is trial 4 with value: 0.85.
[I 2026-04-09 21:27:56,947] Trial 27 finished with value: 0.8 and parameters: {'n_neighbors': 3, 'leaf_size': 31, 'p': 1}. Best is trial 4 with value: 0.85.
[I 2026-04-09 21:27:56,969] Trial 28 finished with value: 0.85 and parameters: {'n_neighbors': 6, 'leaf_size': 23, 'p': 1}. Best is trial 4 with value: 0.85.
[I 2026-04-09 21:27:56,995] Trial 29 finished with value: 0.8 and parameters: {'n_neighbors': 3, 'leaf_size': 36, 'p': 1}. Best is trial 4 with value: 0.85.
[I 2026-04-09 21:27:57,914] A new study created in memory with name: xgb
[I 2026-04-09 21:27:57,944] Trial 0 finished with value: 0.85 and parameters: {'n_estimators': 40, 'max_depth': 20, 'gamma': 0.5510084172939441, 'subsample': 0.5360255666798808, 'colsample_bytree': 0.6342194900509356}. Best is trial 0 with value: 0.85.
[I 2026-04-09 21:27:57,974] Trial 1 finished with value: 0.925 and parameters: {'n_estimators': 100, 'max_depth': 5, 'gamma': 0.9186341749476523, 'subsample': 0.6066926767899578, 'colsample_bytree': 0.7260619809088416}. Best is trial 1 with value: 0.925.
[I 2026-04-09 21:27:58,002] Trial 2 finished with value: 0.775 and parameters: {'n_estimators': 10, 'max_depth': 5, 'gamma': 0.9182155373980582, 'subsample': 0.566584722879625, 'colsample_bytree': 0.761706290336883}. Best is trial 1 with value: 0.925.
[I 2026-04-09 21:27:58,030] Trial 3 finished with value: 0.85 and parameters: {'n_estimators': 10, 'max_depth': 20, 'gamma': 0.5296610393664296, 'subsample': 0.6829451928902965, 'colsample_bytree': 0.9189589971546304}. Best is trial 1 with value: 0.925.
[I 2026-04-09 21:27:58,057] Trial 4 finished with value: 0.9 and parameters: {'n_estimators': 10, 'max_depth': 20, 'gamma': 0.6916595165017824, 'subsample': 0.6851755414940176, 'colsample_bytree': 0.7295464889457157}. Best is trial 1 with value: 0.925.
[I 2026-04-09 21:27:58,090] Trial 5 finished with value: 0.925 and parameters: {'n_estimators': 100, 'max_depth': 20, 'gamma': 0.48380821541644814, 'subsample': 0.8171899343169193, 'colsample_bytree': 0.7614531005141727}. Best is trial 1 with value: 0.925.
[I 2026-04-09 21:27:58,119] Trial 6 finished with value: 0.925 and parameters: {'n_estimators': 10, 'max_depth': 5, 'gamma': 0.9599214907026333, 'subsample': 0.8414569271877088, 'colsample_bytree': 0.5265643453364788}. Best is trial 1 with value: 0.925.
[I 2026-04-09 21:27:58,146] Trial 7 finished with value: 0.95 and parameters: {'n_estimators': 40, 'max_depth': 5, 'gamma': 0.5250915966595621, 'subsample': 0.9207383574491986, 'colsample_bytree': 0.565555321173957}. Best is trial 7 with value: 0.95.
[I 2026-04-09 21:27:58,184] Trial 8 finished with value: 0.9 and parameters: {'n_estimators': 100, 'max_depth': 5, 'gamma': 0.3919835527051987, 'subsample': 0.6502094521590198, 'colsample_bytree': 0.5827507002328938}. Best is trial 7 with value: 0.95.
[I 2026-04-09 21:27:58,224] Trial 9 finished with value: 0.95 and parameters: {'n_estimators': 100, 'max_depth': 5, 'gamma': 0.8003922413895069, 'subsample': 0.9436444759263674, 'colsample_bytree': 0.8374593849333938}. Best is trial 7 with value: 0.95.
[I 2026-04-09 21:27:58,262] Trial 10 finished with value: 0.925 and parameters: {'n_estimators': 40, 'max_depth': 30, 'gamma': 0.13445536345660636, 'subsample': 0.9723430481889797, 'colsample_bytree': 0.633084257063925}. Best is trial 7 with value: 0.95.
[I 2026-04-09 21:27:58,296] Trial 11 finished with value: 0.925 and parameters: {'n_estimators': 40, 'max_depth': 5, 'gamma': 0.7140616902033372, 'subsample': 0.9980922805884003, 'colsample_bytree': 0.9063842732546717}. Best is trial 7 with value: 0.95.
[I 2026-04-09 21:27:58,342] Trial 12 finished with value: 0.95 and parameters: {'n_estimators': 100, 'max_depth': 30, 'gamma': 0.7379216504343757, 'subsample': 0.8961237565758147, 'colsample_bytree': 0.8373150317004258}. Best is trial 7 with value: 0.95.
[I 2026-04-09 21:27:58,376] Trial 13 finished with value: 0.925 and parameters: {'n_estimators': 40, 'max_depth': 5, 'gamma': 0.26969270907557097, 'subsample': 0.9074705914127966, 'colsample_bytree': 0.8466378816712838}. Best is trial 7 with value: 0.95.
[I 2026-04-09 21:27:58,410] Trial 14 finished with value: 0.95 and parameters: {'n_estimators': 100, 'max_depth': 5, 'gamma': 0.8040926105741117, 'subsample': 0.7772246784596741, 'colsample_bytree': 0.970978009982391}. Best is trial 7 with value: 0.95.
[I 2026-04-09 21:27:58,451] Trial 15 finished with value: 0.975 and parameters: {'n_estimators': 40, 'max_depth': 5, 'gamma': 0.620758970120897, 'subsample': 0.927386469627753, 'colsample_bytree': 0.5149869950896858}. Best is trial 15 with value: 0.975.
[I 2026-04-09 21:27:58,500] Trial 16 finished with value: 0.95 and parameters: {'n_estimators': 40, 'max_depth': 30, 'gamma': 0.5966029632950197, 'subsample': 0.8711944954603804, 'colsample_bytree': 0.500448429163296}. Best is trial 15 with value: 0.975.
[I 2026-04-09 21:27:58,544] Trial 17 finished with value: 0.9 and parameters: {'n_estimators': 40, 'max_depth': 5, 'gamma': 0.3730151900763893, 'subsample': 0.7745399845218732, 'colsample_bytree': 0.5749755493362202}. Best is trial 15 with value: 0.975.
[I 2026-04-09 21:27:58,581] Trial 18 finished with value: 0.9 and parameters: {'n_estimators': 40, 'max_depth': 5, 'gamma': 0.4188333550745753, 'subsample': 0.9391802057704665, 'colsample_bytree': 0.6685694122900556}. Best is trial 15 with value: 0.975.
[I 2026-04-09 21:27:58,617] Trial 19 finished with value: 0.925 and parameters: {'n_estimators': 40, 'max_depth': 30, 'gamma': 0.6223954336002551, 'subsample': 0.7256842431867948, 'colsample_bytree': 0.553658274800494}. Best is trial 15 with value: 0.975.
[I 2026-04-09 21:27:58,658] Trial 20 finished with value: 0.875 and parameters: {'n_estimators': 40, 'max_depth': 5, 'gamma': 0.12797650309241027, 'subsample': 0.8481372395674707, 'colsample_bytree': 0.6210158373867025}. Best is trial 15 with value: 0.975.
[I 2026-04-09 21:27:58,701] Trial 21 finished with value: 0.95 and parameters: {'n_estimators': 100, 'max_depth': 5, 'gamma': 0.7957820835874481, 'subsample': 0.9441324472116109, 'colsample_bytree': 0.8186757121775334}. Best is trial 15 with value: 0.975.
[I 2026-04-09 21:27:58,736] Trial 22 finished with value: 0.925 and parameters: {'n_estimators': 40, 'max_depth': 5, 'gamma': 0.8381082803216556, 'subsample': 0.9271562204562936, 'colsample_bytree': 0.6984586907824295}. Best is trial 15 with value: 0.975.
[I 2026-04-09 21:27:58,777] Trial 23 finished with value: 0.975 and parameters: {'n_estimators': 100, 'max_depth': 5, 'gamma': 0.6573068885464736, 'subsample': 0.9715376391531954, 'colsample_bytree': 0.503038876364829}. Best is trial 15 with value: 0.975.
[I 2026-04-09 21:27:58,818] Trial 24 finished with value: 0.95 and parameters: {'n_estimators': 40, 'max_depth': 5, 'gamma': 0.6559593704617565, 'subsample': 0.9927567932146114, 'colsample_bytree': 0.5022966566877254}. Best is trial 15 with value: 0.975.
[I 2026-04-09 21:27:58,858] Trial 25 finished with value: 0.9 and parameters: {'n_estimators': 100, 'max_depth': 5, 'gamma': 0.4596554178626719, 'subsample': 0.885454872063766, 'colsample_bytree': 0.5514671301415647}. Best is trial 15 with value: 0.975.
[I 2026-04-09 21:27:58,900] Trial 26 finished with value: 0.925 and parameters: {'n_estimators': 40, 'max_depth': 5, 'gamma': 0.32376923342462366, 'subsample': 0.8060994686709516, 'colsample_bytree': 0.5984073820274394}. Best is trial 15 with value: 0.975.
[I 2026-04-09 21:27:58,944] Trial 27 finished with value: 0.975 and parameters: {'n_estimators': 40, 'max_depth': 5, 'gamma': 0.561598567876535, 'subsample': 0.9618777026050654, 'colsample_bytree': 0.5351384779399999}. Best is trial 15 with value: 0.975.
[I 2026-04-09 21:27:58,982] Trial 28 finished with value: 0.975 and parameters: {'n_estimators': 10, 'max_depth': 30, 'gamma': 0.5902721167670296, 'subsample': 0.9661565907734928, 'colsample_bytree': 0.5279708057410923}. Best is trial 15 with value: 0.975.
[I 2026-04-09 21:27:59,021] Trial 29 finished with value: 0.95 and parameters: {'n_estimators': 100, 'max_depth': 20, 'gamma': 0.5606024703673551, 'subsample': 0.863926130887351, 'colsample_bytree': 0.663894014566799}. Best is trial 15 with value: 0.975.
[I 2026-04-09 21:27:59,463] A new study created in memory with name: rf
[I 2026-04-09 21:27:59,664] Trial 0 finished with value: 0.75 and parameters: {'n_estimators': 130, 'max_depth': 17, 'min_samples_split': 5, 'min_samples_leaf': 8}. Best is trial 0 with value: 0.75.
[I 2026-04-09 21:28:00,226] Trial 1 finished with value: 0.95 and parameters: {'n_estimators': 492, 'max_depth': 12, 'min_samples_split': 6, 'min_samples_leaf': 1}. Best is trial 1 with value: 0.95.
[I 2026-04-09 21:28:00,496] Trial 2 finished with value: 0.75 and parameters: {'n_estimators': 207, 'max_depth': 11, 'min_samples_split': 8, 'min_samples_leaf': 9}. Best is trial 1 with value: 0.95.
[I 2026-04-09 21:28:00,807] Trial 3 finished with value: 0.7 and parameters: {'n_estimators': 252, 'max_depth': 4, 'min_samples_split': 4, 'min_samples_leaf': 10}. Best is trial 1 with value: 0.95.
[I 2026-04-09 21:28:01,058] Trial 4 finished with value: 0.95 and parameters: {'n_estimators': 185, 'max_depth': 11, 'min_samples_split': 10, 'min_samples_leaf': 1}. Best is trial 1 with value: 0.95.
[I 2026-04-09 21:28:01,458] Trial 5 finished with value: 0.775 and parameters: {'n_estimators': 340, 'max_depth': 20, 'min_samples_split': 4, 'min_samples_leaf': 6}. Best is trial 1 with value: 0.95.
[I 2026-04-09 21:28:02,017] Trial 6 finished with value: 0.75 and parameters: {'n_estimators': 464, 'max_depth': 5, 'min_samples_split': 6, 'min_samples_leaf': 8}. Best is trial 1 with value: 0.95.
[I 2026-04-09 21:28:02,458] Trial 7 finished with value: 0.875 and parameters: {'n_estimators': 368, 'max_depth': 11, 'min_samples_split': 3, 'min_samples_leaf': 5}. Best is trial 1 with value: 0.95.
[I 2026-04-09 21:28:02,755] Trial 8 finished with value: 0.7 and parameters: {'n_estimators': 249, 'max_depth': 11, 'min_samples_split': 5, 'min_samples_leaf': 9}. Best is trial 1 with value: 0.95.
[I 2026-04-09 21:28:03,211] Trial 9 finished with value: 0.95 and parameters: {'n_estimators': 408, 'max_depth': 8, 'min_samples_split': 7, 'min_samples_leaf': 3}. Best is trial 1 with value: 0.95.
[I 2026-04-09 21:28:03,786] Trial 10 finished with value: 0.95 and parameters: {'n_estimators': 479, 'max_depth': 15, 'min_samples_split': 2, 'min_samples_leaf': 1}. Best is trial 1 with value: 0.95.
[I 2026-04-09 21:28:03,964] Trial 11 finished with value: 0.95 and parameters: {'n_estimators': 124, 'max_depth': 15, 'min_samples_split': 10, 'min_samples_leaf': 1}. Best is trial 1 with value: 0.95.
[I 2026-04-09 21:28:04,186] Trial 12 finished with value: 0.95 and parameters: {'n_estimators': 180, 'max_depth': 7, 'min_samples_split': 10, 'min_samples_leaf': 3}. Best is trial 1 with value: 0.95.
[I 2026-04-09 21:28:04,533] Trial 13 finished with value: 0.95 and parameters: {'n_estimators': 300, 'max_depth': 14, 'min_samples_split': 8, 'min_samples_leaf': 3}. Best is trial 1 with value: 0.95.
