[I 2026-04-07 01:51:03,505] Trial 3 finished with value: 0.95 and parameters: {'n_estimators': 100, 'max_depth': 30, 'gamma': 0.7877441182293641, 'subsample': 0.9694019566553859, 'colsample_bytree': 0.6598448982335139}. Best is trial 3 with value: 0.95.
[I 2026-04-07 01:51:03,533] Trial 4 finished with value: 0.95 and parameters: {'n_estimators': 100, 'max_depth': 5, 'gamma': 0.816017102586079, 'subsample': 0.5160040782128984, 'colsample_bytree': 0.7277239110529665}. Best is trial 3 with value: 0.95.
[I 2026-04-07 01:51:03,561] Trial 5 finished with value: 0.95 and parameters: {'n_estimators': 40, 'max_depth': 20, 'gamma': 0.6643500821697236, 'subsample': 0.6076588997363731, 'colsample_bytree': 0.5754850538287481}. Best is trial 3 with value: 0.95.
[I 2026-04-07 01:51:03,588] Trial 6 finished with value: 0.9 and parameters: {'n_estimators': 100, 'max_depth': 20, 'gamma': 0.6361752212866232, 'subsample': 0.8309913561372338, 'colsample_bytree': 0.7552902276266351}. Best is trial 3 with value: 0.95.
[I 2026-04-07 01:51:03,615] Trial 7 finished with value: 0.85 and parameters: {'n_estimators': 10, 'max_depth': 5, 'gamma': 0.5767347850317142, 'subsample': 0.7995431264700696, 'colsample_bytree': 0.8604622333437917}. Best is trial 3 with value: 0.95.
[I 2026-04-07 01:51:03,643] Trial 8 finished with value: 0.9 and parameters: {'n_estimators': 100, 'max_depth': 20, 'gamma': 0.8470554948938058, 'subsample': 0.860339005739911, 'colsample_bytree': 0.9331308414408237}. Best is trial 3 with value: 0.95.
[I 2026-04-07 01:51:03,680] Trial 9 finished with value: 0.9 and parameters: {'n_estimators': 100, 'max_depth': 30, 'gamma': 0.574951454577921, 'subsample': 0.9696020680119358, 'colsample_bytree': 0.8616917074936369}. Best is trial 3 with value: 0.95.
[I 2026-04-07 01:51:03,728] Trial 10 finished with value: 0.95 and parameters: {'n_estimators': 100, 'max_depth': 30, 'gamma': 0.28560655311535255, 'subsample': 0.9867662938167729, 'colsample_bytree': 0.525322130410742}. Best is trial 3 with value: 0.95.
[I 2026-04-07 01:51:03,776] Trial 11 finished with value: 1.0 and parameters: {'n_estimators': 100, 'max_depth': 30, 'gamma': 0.9894607367239925, 'subsample': 0.5005044321862977, 'colsample_bytree': 0.6505130838547347}. Best is trial 11 with value: 1.0.
[I 2026-04-07 01:51:03,813] Trial 12 finished with value: 1.0 and parameters: {'n_estimators': 100, 'max_depth': 30, 'gamma': 0.9738892144312379, 'subsample': 0.5050474732620708, 'colsample_bytree': 0.6360376775952165}. Best is trial 11 with value: 1.0.
[I 2026-04-07 01:51:03,849] Trial 13 finished with value: 1.0 and parameters: {'n_estimators': 100, 'max_depth': 30, 'gamma': 0.9982095084895902, 'subsample': 0.5375720165286183, 'colsample_bytree': 0.6142919061269972}. Best is trial 11 with value: 1.0.
[I 2026-04-07 01:51:03,888] Trial 14 finished with value: 0.95 and parameters: {'n_estimators': 100, 'max_depth': 30, 'gamma': 0.9949020640345525, 'subsample': 0.5184253133615004, 'colsample_bytree': 0.622574876066467}. Best is trial 11 with value: 1.0.
[I 2026-04-07 01:51:03,925] Trial 15 finished with value: 0.95 and parameters: {'n_estimators': 10, 'max_depth': 30, 'gamma': 0.9059892001578245, 'subsample': 0.5812750019243521, 'colsample_bytree': 0.5243188817490174}. Best is trial 11 with value: 1.0.
[I 2026-04-07 01:51:03,963] Trial 16 finished with value: 0.9 and parameters: {'n_estimators': 100, 'max_depth': 30, 'gamma': 0.776293615873358, 'subsample': 0.6824735614002172, 'colsample_bytree': 0.815520200290577}. Best is trial 11 with value: 1.0.
[I 2026-04-07 01:51:04,000] Trial 17 finished with value: 0.95 and parameters: {'n_estimators': 100, 'max_depth': 30, 'gamma': 0.9155355268434409, 'subsample': 0.7372665199107078, 'colsample_bytree': 0.679123015932519}. Best is trial 11 with value: 1.0.
[I 2026-04-07 01:51:04,048] Trial 18 finished with value: 1.0 and parameters: {'n_estimators': 40, 'max_depth': 30, 'gamma': 0.7163215526204849, 'subsample': 0.5517763086716185, 'colsample_bytree': 0.5775747818919971}. Best is trial 11 with value: 1.0.
[I 2026-04-07 01:51:04,083] Trial 19 finished with value: 1.0 and parameters: {'n_estimators': 10, 'max_depth': 30, 'gamma': 0.3738626899073505, 'subsample': 0.6519571817604637, 'colsample_bytree': 0.6319725061725031}. Best is trial 11 with value: 1.0.
[I 2026-04-07 01:51:04,121] Trial 20 finished with value: 0.95 and parameters: {'n_estimators': 100, 'max_depth': 20, 'gamma': 0.9021660915032604, 'subsample': 0.5049283881400235, 'colsample_bytree': 0.5764015993179317}. Best is trial 11 with value: 1.0.
[I 2026-04-07 01:51:04,171] Trial 21 finished with value: 1.0 and parameters: {'n_estimators': 100, 'max_depth': 30, 'gamma': 0.9918975454888538, 'subsample': 0.5599746348246193, 'colsample_bytree': 0.6079849407033175}. Best is trial 11 with value: 1.0.
[I 2026-04-07 01:51:04,219] Trial 22 finished with value: 1.0 and parameters: {'n_estimators': 100, 'max_depth': 30, 'gamma': 0.9771214825247369, 'subsample': 0.5496540235613311, 'colsample_bytree': 0.6976366808304919}. Best is trial 11 with value: 1.0.
[I 2026-04-07 01:51:04,256] Trial 23 finished with value: 0.95 and parameters: {'n_estimators': 100, 'max_depth': 30, 'gamma': 0.890993966315615, 'subsample': 0.5989468405622079, 'colsample_bytree': 0.646675162523979}. Best is trial 11 with value: 1.0.
[I 2026-04-07 01:51:04,305] Trial 24 finished with value: 0.95 and parameters: {'n_estimators': 100, 'max_depth': 30, 'gamma': 0.7211695769753127, 'subsample': 0.5045672056744321, 'colsample_bytree': 0.5087614737374659}. Best is trial 11 with value: 1.0.
[I 2026-04-07 01:51:04,342] Trial 25 finished with value: 1.0 and parameters: {'n_estimators': 100, 'max_depth': 30, 'gamma': 0.9541417008920258, 'subsample': 0.5533490273900394, 'colsample_bytree': 0.5917979152818841}. Best is trial 11 with value: 1.0.
[I 2026-04-07 01:51:04,391] Trial 26 finished with value: 1.0 and parameters: {'n_estimators': 100, 'max_depth': 30, 'gamma': 0.8492397513287091, 'subsample': 0.6416688419082204, 'colsample_bytree': 0.7228820768976273}. Best is trial 11 with value: 1.0.
[I 2026-04-07 01:51:04,428] Trial 27 finished with value: 0.95 and parameters: {'n_estimators': 100, 'max_depth': 30, 'gamma': 0.7517701095433191, 'subsample': 0.8882024153266558, 'colsample_bytree': 0.5501640903616144}. Best is trial 11 with value: 1.0.
[I 2026-04-07 01:51:04,469] Trial 28 finished with value: 1.0 and parameters: {'n_estimators': 10, 'max_depth': 20, 'gamma': 0.9284141104403522, 'subsample': 0.7642082995921053, 'colsample_bytree': 0.6537581925776571}. Best is trial 11 with value: 1.0.
[I 2026-04-07 01:51:04,507] Trial 29 finished with value: 0.9 and parameters: {'n_estimators': 40, 'max_depth': 30, 'gamma': 0.46145435863314443, 'subsample': 0.6851864564812483, 'colsample_bytree': 0.790465766610629}. Best is trial 11 with value: 1.0.
[I 2026-04-07 01:51:05,344] A new study created in memory with name: rf
[I 2026-04-07 01:51:05,802] Trial 0 finished with value: 1.0 and parameters: {'n_estimators': 450, 'max_depth': 20, 'min_samples_split': 9, 'min_samples_leaf': 6}. Best is trial 0 with value: 1.0.
[I 2026-04-07 01:51:06,012] Trial 1 finished with value: 1.0 and parameters: {'n_estimators': 193, 'max_depth': 3, 'min_samples_split': 5, 'min_samples_leaf': 5}. Best is trial 0 with value: 1.0.
[I 2026-04-07 01:51:06,371] Trial 2 finished with value: 1.0 and parameters: {'n_estimators': 309, 'max_depth': 11, 'min_samples_split': 6, 'min_samples_leaf': 6}. Best is trial 0 with value: 1.0.
[I 2026-04-07 01:51:06,801] Trial 3 finished with value: 0.95 and parameters: {'n_estimators': 405, 'max_depth': 15, 'min_samples_split': 7, 'min_samples_leaf': 5}. Best is trial 0 with value: 1.0.
[I 2026-04-07 01:51:07,070] Trial 4 finished with value: 1.0 and parameters: {'n_estimators': 215, 'max_depth': 20, 'min_samples_split': 5, 'min_samples_leaf': 3}. Best is trial 0 with value: 1.0.
[I 2026-04-07 01:51:07,219] Trial 5 finished with value: 1.0 and parameters: {'n_estimators': 126, 'max_depth': 20, 'min_samples_split': 3, 'min_samples_leaf': 4}. Best is trial 0 with value: 1.0.
[I 2026-04-07 01:51:07,366] Trial 6 finished with value: 0.5 and parameters: {'n_estimators': 128, 'max_depth': 7, 'min_samples_split': 5, 'min_samples_leaf': 9}. Best is trial 0 with value: 1.0.
[I 2026-04-07 01:51:07,624] Trial 7 finished with value: 1.0 and parameters: {'n_estimators': 238, 'max_depth': 20, 'min_samples_split': 2, 'min_samples_leaf': 4}. Best is trial 0 with value: 1.0.
[I 2026-04-07 01:51:07,892] Trial 8 finished with value: 0.95 and parameters: {'n_estimators': 252, 'max_depth': 16, 'min_samples_split': 10, 'min_samples_leaf': 4}. Best is trial 0 with value: 1.0.
[I 2026-04-07 01:51:08,215] Trial 9 finished with value: 0.5 and parameters: {'n_estimators': 273, 'max_depth': 7, 'min_samples_split': 9, 'min_samples_leaf': 7}. Best is trial 0 with value: 1.0.
[I 2026-04-07 01:51:08,726] Trial 10 finished with value: 0.5 and parameters: {'n_estimators': 498, 'max_depth': 15, 'min_samples_split': 8, 'min_samples_leaf': 10}. Best is trial 0 with value: 1.0.
[I 2026-04-07 01:51:09,129] Trial 11 finished with value: 1.0 and parameters: {'n_estimators': 380, 'max_depth': 4, 'min_samples_split': 4, 'min_samples_leaf': 1}. Best is trial 0 with value: 1.0.
[I 2026-04-07 01:51:09,651] Trial 12 finished with value: 0.5 and parameters: {'n_estimators': 498, 'max_depth': 3, 'min_samples_split': 7, 'min_samples_leaf': 7}. Best is trial 0 with value: 1.0.
[I 2026-04-07 01:51:10,047] Trial 13 finished with value: 0.5 and parameters: {'n_estimators': 362, 'max_depth': 11, 'min_samples_split': 10, 'min_samples_leaf': 8}. Best is trial 0 with value: 1.0.
[I 2026-04-07 01:51:10,280] Trial 14 finished with value: 1.0 and parameters: {'n_estimators': 185, 'max_depth': 6, 'min_samples_split': 8, 'min_samples_leaf': 1}. Best is trial 0 with value: 1.0.
[I 2026-04-07 01:51:10,801] Trial 15 finished with value: 1.0 and parameters: {'n_estimators': 436, 'max_depth': 9, 'min_samples_split': 5, 'min_samples_leaf': 6}. Best is trial 0 with value: 1.0.
[I 2026-04-07 01:51:11,198] Trial 16 finished with value: 0.95 and parameters: {'n_estimators': 320, 'max_depth': 17, 'min_samples_split': 7, 'min_samples_leaf': 3}. Best is trial 0 with value: 1.0.
[I 2026-04-07 01:51:11,412] Trial 17 finished with value: 0.6 and parameters: {'n_estimators': 177, 'max_depth': 12, 'min_samples_split': 3, 'min_samples_leaf': 7}. Best is trial 0 with value: 1.0.
[I 2026-04-07 01:51:11,943] Trial 18 finished with value: 1.0 and parameters: {'n_estimators': 460, 'max_depth': 13, 'min_samples_split': 9, 'min_samples_leaf': 5}. Best is trial 0 with value: 1.0.
[I 2026-04-07 01:51:12,148] Trial 19 finished with value: 1.0 and parameters: {'n_estimators': 158, 'max_depth': 18, 'min_samples_split': 6, 'min_samples_leaf': 2}. Best is trial 0 with value: 1.0.
[I 2026-04-07 01:51:12,555] Trial 20 finished with value: 0.5 and parameters: {'n_estimators': 334, 'max_depth': 9, 'min_samples_split': 4, 'min_samples_leaf': 8}. Best is trial 0 with value: 1.0.
[I 2026-04-07 01:51:12,923] Trial 21 finished with value: 1.0 and parameters: {'n_estimators': 304, 'max_depth': 10, 'min_samples_split': 6, 'min_samples_leaf': 6}. Best is trial 0 with value: 1.0.
[I 2026-04-07 01:51:13,259] Trial 22 finished with value: 1.0 and parameters: {'n_estimators': 270, 'max_depth': 13, 'min_samples_split': 6, 'min_samples_leaf': 6}. Best is trial 0 with value: 1.0.
[I 2026-04-07 01:51:13,515] Trial 23 finished with value: 1.0 and parameters: {'n_estimators': 211, 'max_depth': 4, 'min_samples_split': 4, 'min_samples_leaf': 5}. Best is trial 0 with value: 1.0.
[I 2026-04-07 01:51:13,908] Trial 24 finished with value: 0.5 and parameters: {'n_estimators': 349, 'max_depth': 6, 'min_samples_split': 8, 'min_samples_leaf': 8}. Best is trial 0 with value: 1.0.
[I 2026-04-07 01:51:14,364] Trial 25 finished with value: 1.0 and parameters: {'n_estimators': 423, 'max_depth': 18, 'min_samples_split': 5, 'min_samples_leaf': 6}. Best is trial 0 with value: 1.0.
[I 2026-04-07 01:51:14,788] Trial 26 finished with value: 0.6 and parameters: {'n_estimators': 390, 'max_depth': 8, 'min_samples_split': 7, 'min_samples_leaf': 7}. Best is trial 0 with value: 1.0.
[I 2026-04-07 01:51:15,113] Trial 27 finished with value: 1.0 and parameters: {'n_estimators': 290, 'max_depth': 14, 'min_samples_split': 9, 'min_samples_leaf': 5}. Best is trial 0 with value: 1.0.
[I 2026-04-07 01:51:15,672] Trial 28 finished with value: 1.0 and parameters: {'n_estimators': 462, 'max_depth': 11, 'min_samples_split': 6, 'min_samples_leaf': 4}. Best is trial 0 with value: 1.0.
[I 2026-04-07 01:51:15,823] Trial 29 finished with value: 1.0 and parameters: {'n_estimators': 103, 'max_depth': 5, 'min_samples_split': 6, 'min_samples_leaf': 5}. Best is trial 0 with value: 1.0.
[I 2026-04-07 01:51:19,489] A new study created in memory with name: mlp
[I 2026-04-07 01:51:19,534] Trial 0 finished with value: 1.0 and parameters: {'hidden_layer_sizes': (200,), 'max_iter': 50, 'alpha': 0.001}. Best is trial 0 with value: 1.0.
[I 2026-04-07 01:51:19,580] Trial 1 finished with value: 1.0 and parameters: {'hidden_layer_sizes': (200,), 'max_iter': 50, 'alpha': 0.0001}. Best is trial 0 with value: 1.0.
[I 2026-04-07 01:51:19,616] Trial 2 finished with value: 1.0 and parameters: {'hidden_layer_sizes': (100,), 'max_iter': 50, 'alpha': 0.0001}. Best is trial 0 with value: 1.0.
[I 2026-04-07 01:51:19,662] Trial 3 finished with value: 1.0 and parameters: {'hidden_layer_sizes': (100,), 'max_iter': 100, 'alpha': 0.001}. Best is trial 0 with value: 1.0.
[I 2026-04-07 01:51:19,707] Trial 4 finished with value: 1.0 and parameters: {'hidden_layer_sizes': (200,), 'max_iter': 100, 'alpha': 0.001}. Best is trial 0 with value: 1.0.
[I 2026-04-07 01:51:19,753] Trial 5 finished with value: 1.0 and parameters: {'hidden_layer_sizes': (200,), 'max_iter': 50, 'alpha': 0.001}. Best is trial 0 with value: 1.0.
[I 2026-04-07 01:51:19,809] Trial 6 finished with value: 1.0 and parameters: {'hidden_layer_sizes': (100,), 'max_iter': 100, 'alpha': 0.0001}. Best is trial 0 with value: 1.0.
[I 2026-04-07 01:51:19,854] Trial 7 finished with value: 1.0 and parameters: {'hidden_layer_sizes': (100, 100), 'max_iter': 50, 'alpha': 0.0001}. Best is trial 0 with value: 1.0.
[I 2026-04-07 01:51:19,900] Trial 8 finished with value: 1.0 and parameters: {'hidden_layer_sizes': (100, 100), 'max_iter': 100, 'alpha': 0.0001}. Best is trial 0 with value: 1.0.
[I 2026-04-07 01:51:19,936] Trial 9 finished with value: 1.0 and parameters: {'hidden_layer_sizes': (100,), 'max_iter': 50, 'alpha': 0.001}. Best is trial 0 with value: 1.0.
[I 2026-04-07 01:51:19,974] Trial 10 finished with value: 1.0 and parameters: {'hidden_layer_sizes': (200,), 'max_iter': 50, 'alpha': 0.001}. Best is trial 0 with value: 1.0.
[I 2026-04-07 01:51:20,022] Trial 11 finished with value: 1.0 and parameters: {'hidden_layer_sizes': (200,), 'max_iter': 50, 'alpha': 0.0001}. Best is trial 0 with value: 1.0.
[I 2026-04-07 01:51:20,060] Trial 12 finished with value: 1.0 and parameters: {'hidden_layer_sizes': (200,), 'max_iter': 50, 'alpha': 0.0001}. Best is trial 0 with value: 1.0.
[I 2026-04-07 01:51:20,105] Trial 13 finished with value: 1.0 and parameters: {'hidden_layer_sizes': (200,), 'max_iter': 50, 'alpha': 0.001}. Best is trial 0 with value: 1.0.
[I 2026-04-07 01:51:20,153] Trial 14 finished with value: 1.0 and parameters: {'hidden_layer_sizes': (200,), 'max_iter': 50, 'alpha': 0.001}. Best is trial 0 with value: 1.0.
[I 2026-04-07 01:51:20,192] Trial 15 finished with value: 1.0 and parameters: {'hidden_layer_sizes': (200,), 'max_iter': 50, 'alpha': 0.0001}. Best is trial 0 with value: 1.0.
[I 2026-04-07 01:51:20,241] Trial 16 finished with value: 1.0 and parameters: {'hidden_layer_sizes': (100, 100), 'max_iter': 50, 'alpha': 0.0001}. Best is trial 0 with value: 1.0.
[I 2026-04-07 01:51:20,279] Trial 17 finished with value: 1.0 and parameters: {'hidden_layer_sizes': (200,), 'max_iter': 50, 'alpha': 0.001}. Best is trial 0 with value: 1.0.
[I 2026-04-07 01:51:20,337] Trial 18 finished with value: 1.0 and parameters: {'hidden_layer_sizes': (200,), 'max_iter': 100, 'alpha': 0.0001}. Best is trial 0 with value: 1.0.
[I 2026-04-07 01:51:20,385] Trial 19 finished with value: 1.0 and parameters: {'hidden_layer_sizes': (100, 100), 'max_iter': 50, 'alpha': 0.001}. Best is trial 0 with value: 1.0.
[I 2026-04-07 01:51:20,433] Trial 20 finished with value: 1.0 and parameters: {'hidden_layer_sizes': (200,), 'max_iter': 50, 'alpha': 0.0001}. Best is trial 0 with value: 1.0.
[I 2026-04-07 01:51:20,471] Trial 21 finished with value: 1.0 and parameters: {'hidden_layer_sizes': (100,), 'max_iter': 50, 'alpha': 0.0001}. Best is trial 0 with value: 1.0.
[I 2026-04-07 01:51:20,509] Trial 22 finished with value: 0.95 and parameters: {'hidden_layer_sizes': (100,), 'max_iter': 50, 'alpha': 0.0001}. Best is trial 0 with value: 1.0.
[I 2026-04-07 01:51:20,545] Trial 23 finished with value: 1.0 and parameters: {'hidden_layer_sizes': (100,), 'max_iter': 50, 'alpha': 0.0001}. Best is trial 0 with value: 1.0.
[I 2026-04-07 01:51:20,579] Trial 24 finished with value: 1.0 and parameters: {'hidden_layer_sizes': (100,), 'max_iter': 50, 'alpha': 0.0001}. Best is trial 0 with value: 1.0.
[I 2026-04-07 01:51:20,614] Trial 25 finished with value: 1.0 and parameters: {'hidden_layer_sizes': (100,), 'max_iter': 50, 'alpha': 0.0001}. Best is trial 0 with value: 1.0.
[I 2026-04-07 01:51:20,668] Trial 26 finished with value: 1.0 and parameters: {'hidden_layer_sizes': (200,), 'max_iter': 100, 'alpha': 0.001}. Best is trial 0 with value: 1.0.
[I 2026-04-07 01:51:20,702] Trial 27 finished with value: 1.0 and parameters: {'hidden_layer_sizes': (200,), 'max_iter': 50, 'alpha': 0.0001}. Best is trial 0 with value: 1.0.
[I 2026-04-07 01:51:20,736] Trial 28 finished with value: 1.0 and parameters: {'hidden_layer_sizes': (100, 100), 'max_iter': 50, 'alpha': 0.001}. Best is trial 0 with value: 1.0.
[I 2026-04-07 01:51:20,781] Trial 29 finished with value: 1.0 and parameters: {'hidden_layer_sizes': (100,), 'max_iter': 100, 'alpha': 0.001}. Best is trial 0 with value: 1.0.
[I 2026-04-07 01:51:21,841] A new study created in memory with name: naive_bayes
[I 2026-04-07 01:51:21,855] Trial 0 finished with value: 0.8 and parameters: {'var_smoothing': 1.0489343501429862e-10}. Best is trial 0 with value: 0.8.
[I 2026-04-07 01:51:21,869] Trial 1 finished with value: 0.8 and parameters: {'var_smoothing': 1.0086701860885373e-09}. Best is trial 0 with value: 0.8.
[I 2026-04-07 01:51:21,882] Trial 2 finished with value: 0.8 and parameters: {'var_smoothing': 9.807235097598006e-10}. Best is trial 0 with value: 0.8.
[I 2026-04-07 01:51:21,894] Trial 3 finished with value: 0.8 and parameters: {'var_smoothing': 1.8520770828517824e-10}. Best is trial 0 with value: 0.8.
[I 2026-04-07 01:51:21,908] Trial 4 finished with value: 0.8 and parameters: {'var_smoothing': 1.9240757716714087e-10}. Best is trial 0 with value: 0.8.
[I 2026-04-07 01:51:21,921] Trial 5 finished with value: 0.8 and parameters: {'var_smoothing': 2.736007926537145e-10}. Best is trial 0 with value: 0.8.
[I 2026-04-07 01:51:21,945] Trial 6 finished with value: 0.8 and parameters: {'var_smoothing': 6.87094324185739e-10}. Best is trial 0 with value: 0.8.
[I 2026-04-07 01:51:21,959] Trial 7 finished with value: 0.8 and parameters: {'var_smoothing': 3.134745855231349e-10}. Best is trial 0 with value: 0.8.
[I 2026-04-07 01:51:21,973] Trial 8 finished with value: 0.8 and parameters: {'var_smoothing': 1.4727170077821783e-10}. Best is trial 0 with value: 0.8.
[I 2026-04-07 01:51:21,986] Trial 9 finished with value: 0.8 and parameters: {'var_smoothing': 4.909048017047017e-10}. Best is trial 0 with value: 0.8.
[I 2026-04-07 01:51:22,002] Trial 10 finished with value: 0.8 and parameters: {'var_smoothing': 4.226228455594519e-09}. Best is trial 0 with value: 0.8.
[I 2026-04-07 01:51:22,018] Trial 11 finished with value: 0.8 and parameters: {'var_smoothing': 2.8481546791169343e-09}. Best is trial 0 with value: 0.8.
[I 2026-04-07 01:51:22,033] Trial 12 finished with value: 0.8 and parameters: {'var_smoothing': 1.9032336526904254e-09}. Best is trial 0 with value: 0.8.
[I 2026-04-07 01:51:22,053] Trial 13 finished with value: 0.8 and parameters: {'var_smoothing': 1.6192707465333408e-09}. Best is trial 0 with value: 0.8.
[I 2026-04-07 01:51:22,072] Trial 14 finished with value: 0.8 and parameters: {'var_smoothing': 1.0137193502251743e-10}. Best is trial 0 with value: 0.8.
[I 2026-04-07 01:51:22,088] Trial 15 finished with value: 0.8 and parameters: {'var_smoothing': 7.233291262560306e-09}. Best is trial 0 with value: 0.8.
[I 2026-04-07 01:51:22,108] Trial 16 finished with value: 0.8 and parameters: {'var_smoothing': 5.636880428096003e-10}. Best is trial 0 with value: 0.8.
[I 2026-04-07 01:51:22,126] Trial 17 finished with value: 0.8 and parameters: {'var_smoothing': 1.2682382630515742e-09}. Best is trial 0 with value: 0.8.
[I 2026-04-07 01:51:22,143] Trial 18 finished with value: 0.8 and parameters: {'var_smoothing': 3.934685686653308e-10}. Best is trial 0 with value: 0.8.
[I 2026-04-07 01:51:22,159] Trial 19 finished with value: 0.8 and parameters: {'var_smoothing': 8.419551297505738e-10}. Best is trial 0 with value: 0.8.
[I 2026-04-07 01:51:22,177] Trial 20 finished with value: 0.8 and parameters: {'var_smoothing': 2.608399883647147e-09}. Best is trial 0 with value: 0.8.
[I 2026-04-07 01:51:22,196] Trial 21 finished with value: 0.8 and parameters: {'var_smoothing': 1.1043065925699652e-09}. Best is trial 0 with value: 0.8.
[I 2026-04-07 01:51:22,216] Trial 22 finished with value: 0.8 and parameters: {'var_smoothing': 7.818254747144452e-09}. Best is trial 0 with value: 0.8.
[I 2026-04-07 01:51:22,235] Trial 23 finished with value: 0.8 and parameters: {'var_smoothing': 4.506881416225629e-09}. Best is trial 0 with value: 0.8.
