[I 2026-04-07 02:43:54,501] Trial 16 finished with value: 0.775 and parameters: {'var_smoothing': 2.75340575769171e-10}. Best is trial 0 with value: 0.775.
[I 2026-04-07 02:43:54,520] Trial 17 finished with value: 0.775 and parameters: {'var_smoothing': 1.0118559267516465e-10}. Best is trial 0 with value: 0.775.
[I 2026-04-07 02:43:54,541] Trial 18 finished with value: 0.775 and parameters: {'var_smoothing': 5.126237368588495e-10}. Best is trial 0 with value: 0.775.
[I 2026-04-07 02:43:54,558] Trial 19 finished with value: 0.775 and parameters: {'var_smoothing': 1.7743118427439911e-09}. Best is trial 0 with value: 0.775.
[I 2026-04-07 02:43:54,579] Trial 20 finished with value: 0.775 and parameters: {'var_smoothing': 5.29215399120128e-09}. Best is trial 0 with value: 0.775.
[I 2026-04-07 02:43:54,600] Trial 21 finished with value: 0.775 and parameters: {'var_smoothing': 6.215389304971454e-10}. Best is trial 0 with value: 0.775.
[I 2026-04-07 02:43:54,631] Trial 22 finished with value: 0.775 and parameters: {'var_smoothing': 2.205158371956595e-10}. Best is trial 0 with value: 0.775.
[I 2026-04-07 02:43:54,650] Trial 23 finished with value: 0.775 and parameters: {'var_smoothing': 6.714468189294179e-10}. Best is trial 0 with value: 0.775.
[I 2026-04-07 02:43:54,667] Trial 24 finished with value: 0.775 and parameters: {'var_smoothing': 1.6303611152529254e-09}. Best is trial 0 with value: 0.775.
[I 2026-04-07 02:43:54,683] Trial 25 finished with value: 0.775 and parameters: {'var_smoothing': 5.460180203252778e-09}. Best is trial 0 with value: 0.775.
[I 2026-04-07 02:43:54,705] Trial 26 finished with value: 0.775 and parameters: {'var_smoothing': 1.0123007748054653e-10}. Best is trial 0 with value: 0.775.
[I 2026-04-07 02:43:54,725] Trial 27 finished with value: 0.775 and parameters: {'var_smoothing': 3.7004726843827016e-09}. Best is trial 0 with value: 0.775.
[I 2026-04-07 02:43:54,742] Trial 28 finished with value: 0.775 and parameters: {'var_smoothing': 8.062949328123723e-10}. Best is trial 0 with value: 0.775.
[I 2026-04-07 02:43:54,762] Trial 29 finished with value: 0.775 and parameters: {'var_smoothing': 1.8379694059711336e-09}. Best is trial 0 with value: 0.775.
[I 2026-04-07 02:43:55,187] A new study created in memory with name: logreg
[I 2026-04-07 02:43:55,202] Trial 0 finished with value: 0.7 and parameters: {'C': 0.002407362254570802, 'penalty': 'l2'}. Best is trial 0 with value: 0.7.
[I 2026-04-07 02:43:55,216] Trial 1 finished with value: 0.875 and parameters: {'C': 7.935859334260497, 'penalty': 'l2'}. Best is trial 1 with value: 0.875.
[I 2026-04-07 02:43:55,230] Trial 2 finished with value: 0.8 and parameters: {'C': 0.15561310098067915, 'penalty': 'l2'}. Best is trial 1 with value: 0.875.
[I 2026-04-07 02:43:55,253] Trial 3 finished with value: 0.875 and parameters: {'C': 4.143104515916128, 'penalty': 'l2'}. Best is trial 1 with value: 0.875.
[I 2026-04-07 02:43:55,277] Trial 4 finished with value: 0.825 and parameters: {'C': 77.61533923098803, 'penalty': 'l2'}. Best is trial 1 with value: 0.875.
[I 2026-04-07 02:43:55,301] Trial 5 finished with value: 0.825 and parameters: {'C': 0.49258292359934785, 'penalty': 'l2'}. Best is trial 1 with value: 0.875.
[I 2026-04-07 02:43:55,315] Trial 6 finished with value: 0.8 and parameters: {'C': 0.320333470047146, 'penalty': 'l2'}. Best is trial 1 with value: 0.875.
[I 2026-04-07 02:43:55,338] Trial 7 finished with value: 0.7 and parameters: {'C': 0.002292216671132896, 'penalty': 'l2'}. Best is trial 1 with value: 0.875.
[I 2026-04-07 02:43:55,351] Trial 8 finished with value: 0.725 and parameters: {'C': 0.0219884643872214, 'penalty': 'l2'}. Best is trial 1 with value: 0.875.
[I 2026-04-07 02:43:55,365] Trial 9 finished with value: 0.8 and parameters: {'C': 0.31580027519646636, 'penalty': 'l2'}. Best is trial 1 with value: 0.875.
[I 2026-04-07 02:43:55,393] Trial 10 finished with value: 0.85 and parameters: {'C': 47.045226746887316, 'penalty': 'l2'}. Best is trial 1 with value: 0.875.
[I 2026-04-07 02:43:55,424] Trial 11 finished with value: 0.875 and parameters: {'C': 6.839277165794106, 'penalty': 'l2'}. Best is trial 1 with value: 0.875.
[I 2026-04-07 02:43:55,455] Trial 12 finished with value: 0.875 and parameters: {'C': 5.370275252082627, 'penalty': 'l2'}. Best is trial 1 with value: 0.875.
[I 2026-04-07 02:43:55,486] Trial 13 finished with value: 0.875 and parameters: {'C': 4.530730528990401, 'penalty': 'l2'}. Best is trial 1 with value: 0.875.
[I 2026-04-07 02:43:55,517] Trial 14 finished with value: 0.85 and parameters: {'C': 15.961422628848593, 'penalty': 'l2'}. Best is trial 1 with value: 0.875.
[I 2026-04-07 02:43:55,548] Trial 15 finished with value: 0.85 and parameters: {'C': 1.6271854345698875, 'penalty': 'l2'}. Best is trial 1 with value: 0.875.
[I 2026-04-07 02:43:55,568] Trial 16 finished with value: 0.85 and parameters: {'C': 1.8118670271657522, 'penalty': 'l2'}. Best is trial 1 with value: 0.875.
[I 2026-04-07 02:43:55,599] Trial 17 finished with value: 0.85 and parameters: {'C': 25.035357564636254, 'penalty': 'l2'}. Best is trial 1 with value: 0.875.
[I 2026-04-07 02:43:55,628] Trial 18 finished with value: 0.775 and parameters: {'C': 0.059497234598840446, 'penalty': 'l2'}. Best is trial 1 with value: 0.875.
[I 2026-04-07 02:43:55,648] Trial 19 finished with value: 0.85 and parameters: {'C': 1.4421025470950777, 'penalty': 'l2'}. Best is trial 1 with value: 0.875.
[I 2026-04-07 02:43:55,678] Trial 20 finished with value: 0.85 and parameters: {'C': 20.37422894544439, 'penalty': 'l2'}. Best is trial 1 with value: 0.875.
[I 2026-04-07 02:43:55,698] Trial 21 finished with value: 0.875 and parameters: {'C': 7.311868561003993, 'penalty': 'l2'}. Best is trial 1 with value: 0.875.
[I 2026-04-07 02:43:55,728] Trial 22 finished with value: 0.85 and parameters: {'C': 8.751738294886483, 'penalty': 'l2'}. Best is trial 1 with value: 0.875.
[I 2026-04-07 02:43:55,750] Trial 23 finished with value: 0.85 and parameters: {'C': 1.276445563834392, 'penalty': 'l2'}. Best is trial 1 with value: 0.875.
[I 2026-04-07 02:43:55,770] Trial 24 finished with value: 0.85 and parameters: {'C': 3.087999616696957, 'penalty': 'l2'}. Best is trial 1 with value: 0.875.
[I 2026-04-07 02:43:55,800] Trial 25 finished with value: 0.85 and parameters: {'C': 36.55045649688857, 'penalty': 'l2'}. Best is trial 1 with value: 0.875.
[I 2026-04-07 02:43:55,831] Trial 26 finished with value: 0.85 and parameters: {'C': 11.7543064046315, 'penalty': 'l2'}. Best is trial 1 with value: 0.875.
[I 2026-04-07 02:43:55,853] Trial 27 finished with value: 0.85 and parameters: {'C': 0.6774682653599219, 'penalty': 'l2'}. Best is trial 1 with value: 0.875.
[I 2026-04-07 02:43:55,884] Trial 28 finished with value: 0.875 and parameters: {'C': 3.81095629689096, 'penalty': 'l2'}. Best is trial 1 with value: 0.875.
[I 2026-04-07 02:43:55,906] Trial 29 finished with value: 0.7 and parameters: {'C': 0.011104103350344362, 'penalty': 'l2'}. Best is trial 1 with value: 0.875.
[I 2026-04-07 02:43:56,719] A new study created in memory with name: knn
[I 2026-04-07 02:43:56,733] Trial 0 finished with value: 0.75 and parameters: {'n_neighbors': 3, 'leaf_size': 36, 'p': 2}. Best is trial 0 with value: 0.75.
[I 2026-04-07 02:43:56,747] Trial 1 finished with value: 0.775 and parameters: {'n_neighbors': 10, 'leaf_size': 31, 'p': 1}. Best is trial 1 with value: 0.775.
[I 2026-04-07 02:43:56,761] Trial 2 finished with value: 0.75 and parameters: {'n_neighbors': 5, 'leaf_size': 30, 'p': 2}. Best is trial 1 with value: 0.775.
[I 2026-04-07 02:43:56,775] Trial 3 finished with value: 0.775 and parameters: {'n_neighbors': 6, 'leaf_size': 21, 'p': 2}. Best is trial 1 with value: 0.775.
[I 2026-04-07 02:43:56,790] Trial 4 finished with value: 0.85 and parameters: {'n_neighbors': 4, 'leaf_size': 29, 'p': 1}. Best is trial 4 with value: 0.85.
[I 2026-04-07 02:43:56,803] Trial 5 finished with value: 0.775 and parameters: {'n_neighbors': 7, 'leaf_size': 39, 'p': 2}. Best is trial 4 with value: 0.85.
[I 2026-04-07 02:43:56,827] Trial 6 finished with value: 0.7 and parameters: {'n_neighbors': 10, 'leaf_size': 22, 'p': 2}. Best is trial 4 with value: 0.85.
[I 2026-04-07 02:43:56,842] Trial 7 finished with value: 0.725 and parameters: {'n_neighbors': 8, 'leaf_size': 29, 'p': 2}. Best is trial 4 with value: 0.85.
[I 2026-04-07 02:43:56,857] Trial 8 finished with value: 0.75 and parameters: {'n_neighbors': 5, 'leaf_size': 30, 'p': 2}. Best is trial 4 with value: 0.85.
[I 2026-04-07 02:43:56,871] Trial 9 finished with value: 0.775 and parameters: {'n_neighbors': 9, 'leaf_size': 26, 'p': 1}. Best is trial 4 with value: 0.85.
[I 2026-04-07 02:43:56,907] Trial 10 finished with value: 0.85 and parameters: {'n_neighbors': 4, 'leaf_size': 34, 'p': 1}. Best is trial 4 with value: 0.85.
[I 2026-04-07 02:43:56,932] Trial 11 finished with value: 0.8 and parameters: {'n_neighbors': 3, 'leaf_size': 35, 'p': 1}. Best is trial 4 with value: 0.85.
[I 2026-04-07 02:43:56,964] Trial 12 finished with value: 0.85 and parameters: {'n_neighbors': 4, 'leaf_size': 35, 'p': 1}. Best is trial 4 with value: 0.85.
[I 2026-04-07 02:43:56,990] Trial 13 finished with value: 0.85 and parameters: {'n_neighbors': 5, 'leaf_size': 25, 'p': 1}. Best is trial 4 with value: 0.85.
[I 2026-04-07 02:43:57,012] Trial 14 finished with value: 0.85 and parameters: {'n_neighbors': 4, 'leaf_size': 32, 'p': 1}. Best is trial 4 with value: 0.85.
[I 2026-04-07 02:43:57,034] Trial 15 finished with value: 0.85 and parameters: {'n_neighbors': 6, 'leaf_size': 40, 'p': 1}. Best is trial 4 with value: 0.85.
[I 2026-04-07 02:43:57,060] Trial 16 finished with value: 0.85 and parameters: {'n_neighbors': 4, 'leaf_size': 26, 'p': 1}. Best is trial 4 with value: 0.85.
[I 2026-04-07 02:43:57,087] Trial 17 finished with value: 0.8 and parameters: {'n_neighbors': 3, 'leaf_size': 33, 'p': 1}. Best is trial 4 with value: 0.85.
[I 2026-04-07 02:43:57,109] Trial 18 finished with value: 0.8 and parameters: {'n_neighbors': 7, 'leaf_size': 28, 'p': 1}. Best is trial 4 with value: 0.85.
[I 2026-04-07 02:43:57,133] Trial 19 finished with value: 0.85 and parameters: {'n_neighbors': 4, 'leaf_size': 38, 'p': 1}. Best is trial 4 with value: 0.85.
[I 2026-04-07 02:43:57,155] Trial 20 finished with value: 0.85 and parameters: {'n_neighbors': 5, 'leaf_size': 33, 'p': 1}. Best is trial 4 with value: 0.85.
[I 2026-04-07 02:43:57,189] Trial 21 finished with value: 0.85 and parameters: {'n_neighbors': 4, 'leaf_size': 35, 'p': 1}. Best is trial 4 with value: 0.85.
[I 2026-04-07 02:43:57,214] Trial 22 finished with value: 0.8 and parameters: {'n_neighbors': 3, 'leaf_size': 37, 'p': 1}. Best is trial 4 with value: 0.85.
[I 2026-04-07 02:43:57,238] Trial 23 finished with value: 0.85 and parameters: {'n_neighbors': 4, 'leaf_size': 34, 'p': 1}. Best is trial 4 with value: 0.85.
[I 2026-04-07 02:43:57,260] Trial 24 finished with value: 0.85 and parameters: {'n_neighbors': 6, 'leaf_size': 28, 'p': 1}. Best is trial 4 with value: 0.85.
[I 2026-04-07 02:43:57,294] Trial 25 finished with value: 0.85 and parameters: {'n_neighbors': 5, 'leaf_size': 37, 'p': 1}. Best is trial 4 with value: 0.85.
[I 2026-04-07 02:43:57,330] Trial 26 finished with value: 0.85 and parameters: {'n_neighbors': 4, 'leaf_size': 33, 'p': 1}. Best is trial 4 with value: 0.85.
[I 2026-04-07 02:43:57,357] Trial 27 finished with value: 0.8 and parameters: {'n_neighbors': 3, 'leaf_size': 31, 'p': 1}. Best is trial 4 with value: 0.85.
[I 2026-04-07 02:43:57,383] Trial 28 finished with value: 0.85 and parameters: {'n_neighbors': 6, 'leaf_size': 23, 'p': 1}. Best is trial 4 with value: 0.85.
[I 2026-04-07 02:43:57,405] Trial 29 finished with value: 0.8 and parameters: {'n_neighbors': 3, 'leaf_size': 36, 'p': 1}. Best is trial 4 with value: 0.85.
[I 2026-04-07 02:43:58,734] A new study created in memory with name: xgb
[I 2026-04-07 02:43:58,759] Trial 0 finished with value: 0.85 and parameters: {'n_estimators': 40, 'max_depth': 20, 'gamma': 0.5510084172939441, 'subsample': 0.5360255666798808, 'colsample_bytree': 0.6342194900509356}. Best is trial 0 with value: 0.85.
[I 2026-04-07 02:43:58,796] Trial 1 finished with value: 0.925 and parameters: {'n_estimators': 100, 'max_depth': 5, 'gamma': 0.9186341749476523, 'subsample': 0.6066926767899578, 'colsample_bytree': 0.7260619809088416}. Best is trial 1 with value: 0.925.
[I 2026-04-07 02:43:58,824] Trial 2 finished with value: 0.775 and parameters: {'n_estimators': 10, 'max_depth': 5, 'gamma': 0.9182155373980582, 'subsample': 0.566584722879625, 'colsample_bytree': 0.761706290336883}. Best is trial 1 with value: 0.925.
[I 2026-04-07 02:43:58,850] Trial 3 finished with value: 0.85 and parameters: {'n_estimators': 10, 'max_depth': 20, 'gamma': 0.5296610393664296, 'subsample': 0.6829451928902965, 'colsample_bytree': 0.9189589971546304}. Best is trial 1 with value: 0.925.
[I 2026-04-07 02:43:58,875] Trial 4 finished with value: 0.9 and parameters: {'n_estimators': 10, 'max_depth': 20, 'gamma': 0.6916595165017824, 'subsample': 0.6851755414940176, 'colsample_bytree': 0.7295464889457157}. Best is trial 1 with value: 0.925.
[I 2026-04-07 02:43:58,911] Trial 5 finished with value: 0.925 and parameters: {'n_estimators': 100, 'max_depth': 20, 'gamma': 0.48380821541644814, 'subsample': 0.8171899343169193, 'colsample_bytree': 0.7614531005141727}. Best is trial 1 with value: 0.925.
[I 2026-04-07 02:43:58,940] Trial 6 finished with value: 0.925 and parameters: {'n_estimators': 10, 'max_depth': 5, 'gamma': 0.9599214907026333, 'subsample': 0.8414569271877088, 'colsample_bytree': 0.5265643453364788}. Best is trial 1 with value: 0.925.
[I 2026-04-07 02:43:58,969] Trial 7 finished with value: 0.95 and parameters: {'n_estimators': 40, 'max_depth': 5, 'gamma': 0.5250915966595621, 'subsample': 0.9207383574491986, 'colsample_bytree': 0.565555321173957}. Best is trial 7 with value: 0.95.
[I 2026-04-07 02:43:59,007] Trial 8 finished with value: 0.9 and parameters: {'n_estimators': 100, 'max_depth': 5, 'gamma': 0.3919835527051987, 'subsample': 0.6502094521590198, 'colsample_bytree': 0.5827507002328938}. Best is trial 7 with value: 0.95.
[I 2026-04-07 02:43:59,035] Trial 9 finished with value: 0.95 and parameters: {'n_estimators': 100, 'max_depth': 5, 'gamma': 0.8003922413895069, 'subsample': 0.9436444759263674, 'colsample_bytree': 0.8374593849333938}. Best is trial 7 with value: 0.95.
[I 2026-04-07 02:43:59,074] Trial 10 finished with value: 0.925 and parameters: {'n_estimators': 40, 'max_depth': 30, 'gamma': 0.13445536345660636, 'subsample': 0.9723430481889797, 'colsample_bytree': 0.633084257063925}. Best is trial 7 with value: 0.95.
[I 2026-04-07 02:43:59,109] Trial 11 finished with value: 0.925 and parameters: {'n_estimators': 40, 'max_depth': 5, 'gamma': 0.7140616902033372, 'subsample': 0.9980922805884003, 'colsample_bytree': 0.9063842732546717}. Best is trial 7 with value: 0.95.
[I 2026-04-07 02:43:59,157] Trial 12 finished with value: 0.95 and parameters: {'n_estimators': 100, 'max_depth': 30, 'gamma': 0.7379216504343757, 'subsample': 0.8961237565758147, 'colsample_bytree': 0.8373150317004258}. Best is trial 7 with value: 0.95.
[I 2026-04-07 02:43:59,198] Trial 13 finished with value: 0.925 and parameters: {'n_estimators': 40, 'max_depth': 5, 'gamma': 0.26969270907557097, 'subsample': 0.9074705914127966, 'colsample_bytree': 0.8466378816712838}. Best is trial 7 with value: 0.95.
[I 2026-04-07 02:43:59,246] Trial 14 finished with value: 0.95 and parameters: {'n_estimators': 100, 'max_depth': 5, 'gamma': 0.8040926105741117, 'subsample': 0.7772246784596741, 'colsample_bytree': 0.970978009982391}. Best is trial 7 with value: 0.95.
[I 2026-04-07 02:43:59,283] Trial 15 finished with value: 0.975 and parameters: {'n_estimators': 40, 'max_depth': 5, 'gamma': 0.620758970120897, 'subsample': 0.927386469627753, 'colsample_bytree': 0.5149869950896858}. Best is trial 15 with value: 0.975.
[I 2026-04-07 02:43:59,322] Trial 16 finished with value: 0.95 and parameters: {'n_estimators': 40, 'max_depth': 30, 'gamma': 0.5966029632950197, 'subsample': 0.8711944954603804, 'colsample_bytree': 0.500448429163296}. Best is trial 15 with value: 0.975.
[I 2026-04-07 02:43:59,360] Trial 17 finished with value: 0.9 and parameters: {'n_estimators': 40, 'max_depth': 5, 'gamma': 0.3730151900763893, 'subsample': 0.7745399845218732, 'colsample_bytree': 0.5749755493362202}. Best is trial 15 with value: 0.975.
[I 2026-04-07 02:43:59,398] Trial 18 finished with value: 0.9 and parameters: {'n_estimators': 40, 'max_depth': 5, 'gamma': 0.4188333550745753, 'subsample': 0.9391802057704665, 'colsample_bytree': 0.6685694122900556}. Best is trial 15 with value: 0.975.
[I 2026-04-07 02:43:59,438] Trial 19 finished with value: 0.925 and parameters: {'n_estimators': 40, 'max_depth': 30, 'gamma': 0.6223954336002551, 'subsample': 0.7256842431867948, 'colsample_bytree': 0.553658274800494}. Best is trial 15 with value: 0.975.
[I 2026-04-07 02:43:59,475] Trial 20 finished with value: 0.875 and parameters: {'n_estimators': 40, 'max_depth': 5, 'gamma': 0.12797650309241027, 'subsample': 0.8481372395674707, 'colsample_bytree': 0.6210158373867025}. Best is trial 15 with value: 0.975.
[I 2026-04-07 02:43:59,523] Trial 21 finished with value: 0.95 and parameters: {'n_estimators': 100, 'max_depth': 5, 'gamma': 0.7957820835874481, 'subsample': 0.9441324472116109, 'colsample_bytree': 0.8186757121775334}. Best is trial 15 with value: 0.975.
[I 2026-04-07 02:43:59,562] Trial 22 finished with value: 0.925 and parameters: {'n_estimators': 40, 'max_depth': 5, 'gamma': 0.8381082803216556, 'subsample': 0.9271562204562936, 'colsample_bytree': 0.6984586907824295}. Best is trial 15 with value: 0.975.
[I 2026-04-07 02:43:59,599] Trial 23 finished with value: 0.975 and parameters: {'n_estimators': 100, 'max_depth': 5, 'gamma': 0.6573068885464736, 'subsample': 0.9715376391531954, 'colsample_bytree': 0.503038876364829}. Best is trial 15 with value: 0.975.
[I 2026-04-07 02:43:59,635] Trial 24 finished with value: 0.95 and parameters: {'n_estimators': 40, 'max_depth': 5, 'gamma': 0.6559593704617565, 'subsample': 0.9927567932146114, 'colsample_bytree': 0.5022966566877254}. Best is trial 15 with value: 0.975.
[I 2026-04-07 02:43:59,684] Trial 25 finished with value: 0.9 and parameters: {'n_estimators': 100, 'max_depth': 5, 'gamma': 0.4596554178626719, 'subsample': 0.885454872063766, 'colsample_bytree': 0.5514671301415647}. Best is trial 15 with value: 0.975.
[I 2026-04-07 02:43:59,723] Trial 26 finished with value: 0.925 and parameters: {'n_estimators': 40, 'max_depth': 5, 'gamma': 0.32376923342462366, 'subsample': 0.8060994686709516, 'colsample_bytree': 0.5984073820274394}. Best is trial 15 with value: 0.975.
[I 2026-04-07 02:43:59,763] Trial 27 finished with value: 0.975 and parameters: {'n_estimators': 40, 'max_depth': 5, 'gamma': 0.561598567876535, 'subsample': 0.9618777026050654, 'colsample_bytree': 0.5351384779399999}. Best is trial 15 with value: 0.975.
[I 2026-04-07 02:43:59,802] Trial 28 finished with value: 0.975 and parameters: {'n_estimators': 10, 'max_depth': 30, 'gamma': 0.5902721167670296, 'subsample': 0.9661565907734928, 'colsample_bytree': 0.5279708057410923}. Best is trial 15 with value: 0.975.
[I 2026-04-07 02:43:59,848] Trial 29 finished with value: 0.95 and parameters: {'n_estimators': 100, 'max_depth': 20, 'gamma': 0.5606024703673551, 'subsample': 0.863926130887351, 'colsample_bytree': 0.663894014566799}. Best is trial 15 with value: 0.975.
[I 2026-04-07 02:44:00,190] A new study created in memory with name: rf
[I 2026-04-07 02:44:00,336] Trial 0 finished with value: 0.775 and parameters: {'n_estimators': 130, 'max_depth': 17, 'min_samples_split': 5, 'min_samples_leaf': 8}. Best is trial 0 with value: 0.775.
[I 2026-04-07 02:44:00,824] Trial 1 finished with value: 0.95 and parameters: {'n_estimators': 492, 'max_depth': 12, 'min_samples_split': 6, 'min_samples_leaf': 1}. Best is trial 1 with value: 0.95.
[I 2026-04-07 02:44:01,054] Trial 2 finished with value: 0.75 and parameters: {'n_estimators': 207, 'max_depth': 11, 'min_samples_split': 8, 'min_samples_leaf': 9}. Best is trial 1 with value: 0.95.
[I 2026-04-07 02:44:01,340] Trial 3 finished with value: 0.75 and parameters: {'n_estimators': 252, 'max_depth': 4, 'min_samples_split': 4, 'min_samples_leaf': 10}. Best is trial 1 with value: 0.95.
[I 2026-04-07 02:44:01,538] Trial 4 finished with value: 0.95 and parameters: {'n_estimators': 185, 'max_depth': 11, 'min_samples_split': 10, 'min_samples_leaf': 1}. Best is trial 1 with value: 0.95.
[I 2026-04-07 02:44:01,887] Trial 5 finished with value: 0.8 and parameters: {'n_estimators': 340, 'max_depth': 20, 'min_samples_split': 4, 'min_samples_leaf': 6}. Best is trial 1 with value: 0.95.
[I 2026-04-07 02:44:02,346] Trial 6 finished with value: 0.725 and parameters: {'n_estimators': 464, 'max_depth': 5, 'min_samples_split': 6, 'min_samples_leaf': 8}. Best is trial 1 with value: 0.95.
[I 2026-04-07 02:44:02,788] Trial 7 finished with value: 0.85 and parameters: {'n_estimators': 368, 'max_depth': 11, 'min_samples_split': 3, 'min_samples_leaf': 5}. Best is trial 1 with value: 0.95.
[I 2026-04-07 02:44:03,063] Trial 8 finished with value: 0.7 and parameters: {'n_estimators': 249, 'max_depth': 11, 'min_samples_split': 5, 'min_samples_leaf': 9}. Best is trial 1 with value: 0.95.
[I 2026-04-07 02:44:03,526] Trial 9 finished with value: 0.95 and parameters: {'n_estimators': 408, 'max_depth': 8, 'min_samples_split': 7, 'min_samples_leaf': 3}. Best is trial 1 with value: 0.95.
[I 2026-04-07 02:44:04,029] Trial 10 finished with value: 0.975 and parameters: {'n_estimators': 479, 'max_depth': 15, 'min_samples_split': 2, 'min_samples_leaf': 1}. Best is trial 10 with value: 0.975.
[I 2026-04-07 02:44:04,554] Trial 11 finished with value: 0.95 and parameters: {'n_estimators': 476, 'max_depth': 15, 'min_samples_split': 2, 'min_samples_leaf': 1}. Best is trial 10 with value: 0.975.
