[I 2026-04-09 19:34:54,598] Trial 29 finished with value: 0.65 and parameters: {'hidden_layer_sizes': (100, 100), 'max_iter': 50, 'alpha': 0.001}. Best is trial 9 with value: 0.8.
[I 2026-04-09 19:35:03,909] A new study created in memory with name: naive_bayes
[I 2026-04-09 19:35:03,923] Trial 0 finished with value: 1.0 and parameters: {'var_smoothing': 2.7796258518939306e-10}. Best is trial 0 with value: 1.0.
[I 2026-04-09 19:35:03,936] Trial 1 finished with value: 1.0 and parameters: {'var_smoothing': 5.513972710118387e-09}. Best is trial 0 with value: 1.0.
[I 2026-04-09 19:35:03,949] Trial 2 finished with value: 1.0 and parameters: {'var_smoothing': 2.590826381512706e-10}. Best is trial 0 with value: 1.0.
[I 2026-04-09 19:35:03,963] Trial 3 finished with value: 1.0 and parameters: {'var_smoothing': 6.874194498027403e-09}. Best is trial 0 with value: 1.0.
[I 2026-04-09 19:35:03,977] Trial 4 finished with value: 1.0 and parameters: {'var_smoothing': 9.480306482679771e-10}. Best is trial 0 with value: 1.0.
[I 2026-04-09 19:35:03,990] Trial 5 finished with value: 1.0 and parameters: {'var_smoothing': 1.6729683536668864e-09}. Best is trial 0 with value: 1.0.
[I 2026-04-09 19:35:04,002] Trial 6 finished with value: 1.0 and parameters: {'var_smoothing': 3.402637726935598e-09}. Best is trial 0 with value: 1.0.
[I 2026-04-09 19:35:04,016] Trial 7 finished with value: 1.0 and parameters: {'var_smoothing': 1.0885189040847657e-09}. Best is trial 0 with value: 1.0.
[I 2026-04-09 19:35:04,038] Trial 8 finished with value: 1.0 and parameters: {'var_smoothing': 3.922843686541149e-10}. Best is trial 0 with value: 1.0.
[I 2026-04-09 19:35:04,061] Trial 9 finished with value: 1.0 and parameters: {'var_smoothing': 2.3737908819373785e-10}. Best is trial 0 with value: 1.0.
[I 2026-04-09 19:35:04,078] Trial 10 finished with value: 1.0 and parameters: {'var_smoothing': 1.005826617097841e-10}. Best is trial 0 with value: 1.0.
[I 2026-04-09 19:35:04,093] Trial 11 finished with value: 1.0 and parameters: {'var_smoothing': 8.246040091550826e-09}. Best is trial 0 with value: 1.0.
[I 2026-04-09 19:35:04,119] Trial 12 finished with value: 1.0 and parameters: {'var_smoothing': 5.714429769091136e-10}. Best is trial 0 with value: 1.0.
[I 2026-04-09 19:35:04,139] Trial 13 finished with value: 1.0 and parameters: {'var_smoothing': 3.0046394488828834e-09}. Best is trial 0 with value: 1.0.
[I 2026-04-09 19:35:04,159] Trial 14 finished with value: 1.0 and parameters: {'var_smoothing': 1.0161521526134228e-10}. Best is trial 0 with value: 1.0.
[I 2026-04-09 19:35:04,175] Trial 15 finished with value: 1.0 and parameters: {'var_smoothing': 3.455011319435438e-09}. Best is trial 0 with value: 1.0.
[I 2026-04-09 19:35:04,192] Trial 16 finished with value: 1.0 and parameters: {'var_smoothing': 2.2038800241203009e-10}. Best is trial 0 with value: 1.0.
[I 2026-04-09 19:35:04,211] Trial 17 finished with value: 1.0 and parameters: {'var_smoothing': 1.8515987176145925e-09}. Best is trial 0 with value: 1.0.
[I 2026-04-09 19:35:04,227] Trial 18 finished with value: 1.0 and parameters: {'var_smoothing': 5.024285700153026e-10}. Best is trial 0 with value: 1.0.
[I 2026-04-09 19:35:04,242] Trial 19 finished with value: 1.0 and parameters: {'var_smoothing': 4.958025424412893e-09}. Best is trial 0 with value: 1.0.
[I 2026-04-09 19:35:04,262] Trial 20 finished with value: 1.0 and parameters: {'var_smoothing': 8.344000526157384e-10}. Best is trial 0 with value: 1.0.
[I 2026-04-09 19:35:04,281] Trial 21 finished with value: 1.0 and parameters: {'var_smoothing': 2.46080689865309e-10}. Best is trial 0 with value: 1.0.
[I 2026-04-09 19:35:04,301] Trial 22 finished with value: 1.0 and parameters: {'var_smoothing': 1.4445108350594728e-10}. Best is trial 0 with value: 1.0.
[I 2026-04-09 19:35:04,321] Trial 23 finished with value: 1.0 and parameters: {'var_smoothing': 3.3715577896606737e-10}. Best is trial 0 with value: 1.0.
[I 2026-04-09 19:35:04,338] Trial 24 finished with value: 1.0 and parameters: {'var_smoothing': 1.572466431855027e-10}. Best is trial 0 with value: 1.0.
[I 2026-04-09 19:35:04,366] Trial 25 finished with value: 1.0 and parameters: {'var_smoothing': 7.281746293576245e-10}. Best is trial 0 with value: 1.0.
[I 2026-04-09 19:35:04,381] Trial 26 finished with value: 1.0 and parameters: {'var_smoothing': 3.386254640873244e-10}. Best is trial 0 with value: 1.0.
[I 2026-04-09 19:35:04,396] Trial 27 finished with value: 1.0 and parameters: {'var_smoothing': 1.3918180959975328e-09}. Best is trial 0 with value: 1.0.
[I 2026-04-09 19:35:04,413] Trial 28 finished with value: 1.0 and parameters: {'var_smoothing': 2.3715836084533434e-09}. Best is trial 0 with value: 1.0.
[I 2026-04-09 19:35:04,430] Trial 29 finished with value: 1.0 and parameters: {'var_smoothing': 9.477075781575649e-09}. Best is trial 0 with value: 1.0.
[I 2026-04-09 19:35:05,385] A new study created in memory with name: logreg
[I 2026-04-09 19:35:05,398] Trial 0 finished with value: 1.0 and parameters: {'C': 0.012881482725481003, 'penalty': 'l2'}. Best is trial 0 with value: 1.0.
[I 2026-04-09 19:35:05,412] Trial 1 finished with value: 1.0 and parameters: {'C': 22.576755560681583, 'penalty': 'l2'}. Best is trial 0 with value: 1.0.
[I 2026-04-09 19:35:05,436] Trial 2 finished with value: 1.0 and parameters: {'C': 0.010804278656839932, 'penalty': 'l2'}. Best is trial 0 with value: 1.0.
[I 2026-04-09 19:35:05,451] Trial 3 finished with value: 1.0 and parameters: {'C': 39.17910760336117, 'penalty': 'l2'}. Best is trial 0 with value: 1.0.
[I 2026-04-09 19:35:05,474] Trial 4 finished with value: 1.0 and parameters: {'C': 0.2767298094062571, 'penalty': 'l2'}. Best is trial 0 with value: 1.0.
[I 2026-04-09 19:35:05,502] Trial 5 finished with value: 1.0 and parameters: {'C': 1.1447728330837224, 'penalty': 'l2'}. Best is trial 0 with value: 1.0.
[I 2026-04-09 19:35:05,525] Trial 6 finished with value: 1.0 and parameters: {'C': 6.753661388238877, 'penalty': 'l2'}. Best is trial 0 with value: 1.0.
[I 2026-04-09 19:35:05,548] Trial 7 finished with value: 1.0 and parameters: {'C': 0.39092184460352974, 'penalty': 'l2'}. Best is trial 0 with value: 1.0.
[I 2026-04-09 19:35:05,574] Trial 8 finished with value: 1.0 and parameters: {'C': 0.03047912590082646, 'penalty': 'l2'}. Best is trial 0 with value: 1.0.
[I 2026-04-09 19:35:05,599] Trial 9 finished with value: 1.0 and parameters: {'C': 0.008681727362499118, 'penalty': 'l2'}. Best is trial 0 with value: 1.0.
[I 2026-04-09 19:35:05,617] Trial 10 finished with value: 1.0 and parameters: {'C': 0.0010146302597657177, 'penalty': 'l2'}. Best is trial 0 with value: 1.0.
[I 2026-04-09 19:35:05,643] Trial 11 finished with value: 1.0 and parameters: {'C': 61.74667908323206, 'penalty': 'l2'}. Best is trial 0 with value: 1.0.
[I 2026-04-09 19:35:05,674] Trial 12 finished with value: 1.0 and parameters: {'C': 0.07806066539229185, 'penalty': 'l2'}. Best is trial 0 with value: 1.0.
[I 2026-04-09 19:35:05,703] Trial 13 finished with value: 1.0 and parameters: {'C': 4.948583609511714, 'penalty': 'l2'}. Best is trial 0 with value: 1.0.
[I 2026-04-09 19:35:05,737] Trial 14 finished with value: 1.0 and parameters: {'C': 0.001040870868316403, 'penalty': 'l2'}. Best is trial 0 with value: 1.0.
[I 2026-04-09 19:35:05,767] Trial 15 finished with value: 1.0 and parameters: {'C': 7.01655100276303, 'penalty': 'l2'}. Best is trial 0 with value: 1.0.
[I 2026-04-09 19:35:05,798] Trial 16 finished with value: 1.0 and parameters: {'C': 0.007210574547652081, 'penalty': 'l2'}. Best is trial 0 with value: 1.0.
[I 2026-04-09 19:35:05,816] Trial 17 finished with value: 1.0 and parameters: {'C': 1.4752552821847151, 'penalty': 'l2'}. Best is trial 0 with value: 1.0.
[I 2026-04-09 19:35:05,846] Trial 18 finished with value: 1.0 and parameters: {'C': 0.05658298018503892, 'penalty': 'l2'}. Best is trial 0 with value: 1.0.
[I 2026-04-09 19:35:05,884] Trial 19 finished with value: 1.0 and parameters: {'C': 17.308995845007956, 'penalty': 'l2'}. Best is trial 0 with value: 1.0.
[I 2026-04-09 19:35:05,913] Trial 20 finished with value: 1.0 and parameters: {'C': 0.20111099144358968, 'penalty': 'l2'}. Best is trial 0 with value: 1.0.
[I 2026-04-09 19:35:05,943] Trial 21 finished with value: 1.0 and parameters: {'C': 0.009499348899473984, 'penalty': 'l2'}. Best is trial 0 with value: 1.0.
[I 2026-04-09 19:35:05,962] Trial 22 finished with value: 1.0 and parameters: {'C': 0.002507852613523972, 'penalty': 'l2'}. Best is trial 0 with value: 1.0.
[I 2026-04-09 19:35:05,982] Trial 23 finished with value: 1.0 and parameters: {'C': 0.020872598541866766, 'penalty': 'l2'}. Best is trial 0 with value: 1.0.
[I 2026-04-09 19:35:06,000] Trial 24 finished with value: 1.0 and parameters: {'C': 0.003100655081970181, 'penalty': 'l2'}. Best is trial 0 with value: 1.0.
[I 2026-04-09 19:35:06,019] Trial 25 finished with value: 1.0 and parameters: {'C': 0.14308327055214404, 'penalty': 'l2'}. Best is trial 0 with value: 1.0.
[I 2026-04-09 19:35:06,035] Trial 26 finished with value: 1.0 and parameters: {'C': 0.021100805440807256, 'penalty': 'l2'}. Best is trial 0 with value: 1.0.
[I 2026-04-09 19:35:06,063] Trial 27 finished with value: 1.0 and parameters: {'C': 0.7226969084565785, 'penalty': 'l2'}. Best is trial 0 with value: 1.0.
[I 2026-04-09 19:35:06,080] Trial 28 finished with value: 1.0 and parameters: {'C': 2.7390256543997475, 'penalty': 'l2'}. Best is trial 0 with value: 1.0.
[I 2026-04-09 19:35:06,113] Trial 29 finished with value: 1.0 and parameters: {'C': 87.43511457459678, 'penalty': 'l2'}. Best is trial 0 with value: 1.0.
[I 2026-04-09 19:35:07,152] A new study created in memory with name: knn
[I 2026-04-09 19:35:07,176] Trial 0 finished with value: 1.0 and parameters: {'n_neighbors': 4, 'leaf_size': 38, 'p': 2}. Best is trial 0 with value: 1.0.
[I 2026-04-09 19:35:07,190] Trial 1 finished with value: 1.0 and parameters: {'n_neighbors': 6, 'leaf_size': 32, 'p': 1}. Best is trial 0 with value: 1.0.
[I 2026-04-09 19:35:07,204] Trial 2 finished with value: 1.0 and parameters: {'n_neighbors': 5, 'leaf_size': 23, 'p': 2}. Best is trial 0 with value: 1.0.
[I 2026-04-09 19:35:07,219] Trial 3 finished with value: 1.0 and parameters: {'n_neighbors': 6, 'leaf_size': 23, 'p': 1}. Best is trial 0 with value: 1.0.
[I 2026-04-09 19:35:07,232] Trial 4 finished with value: 1.0 and parameters: {'n_neighbors': 6, 'leaf_size': 26, 'p': 1}. Best is trial 0 with value: 1.0.
[I 2026-04-09 19:35:07,246] Trial 5 finished with value: 1.0 and parameters: {'n_neighbors': 7, 'leaf_size': 25, 'p': 1}. Best is trial 0 with value: 1.0.
[I 2026-04-09 19:35:07,274] Trial 6 finished with value: 1.0 and parameters: {'n_neighbors': 5, 'leaf_size': 23, 'p': 2}. Best is trial 0 with value: 1.0.
[I 2026-04-09 19:35:07,322] Trial 7 finished with value: 1.0 and parameters: {'n_neighbors': 10, 'leaf_size': 23, 'p': 2}. Best is trial 0 with value: 1.0.
[I 2026-04-09 19:35:07,359] Trial 8 finished with value: 1.0 and parameters: {'n_neighbors': 8, 'leaf_size': 36, 'p': 2}. Best is trial 0 with value: 1.0.
[I 2026-04-09 19:35:07,383] Trial 9 finished with value: 1.0 and parameters: {'n_neighbors': 3, 'leaf_size': 30, 'p': 2}. Best is trial 0 with value: 1.0.
[I 2026-04-09 19:35:07,408] Trial 10 finished with value: 1.0 and parameters: {'n_neighbors': 3, 'leaf_size': 40, 'p': 2}. Best is trial 0 with value: 1.0.
[I 2026-04-09 19:35:07,443] Trial 11 finished with value: 1.0 and parameters: {'n_neighbors': 4, 'leaf_size': 35, 'p': 1}. Best is trial 0 with value: 1.0.
[I 2026-04-09 19:35:07,498] Trial 12 finished with value: 1.0 and parameters: {'n_neighbors': 8, 'leaf_size': 33, 'p': 1}. Best is trial 0 with value: 1.0.
[I 2026-04-09 19:35:07,540] Trial 13 finished with value: 1.0 and parameters: {'n_neighbors': 4, 'leaf_size': 40, 'p': 1}. Best is trial 0 with value: 1.0.
[I 2026-04-09 19:35:07,567] Trial 14 finished with value: 1.0 and parameters: {'n_neighbors': 5, 'leaf_size': 30, 'p': 2}. Best is trial 0 with value: 1.0.
[I 2026-04-09 19:35:07,597] Trial 15 finished with value: 1.0 and parameters: {'n_neighbors': 7, 'leaf_size': 37, 'p': 1}. Best is trial 0 with value: 1.0.
[I 2026-04-09 19:35:07,641] Trial 16 finished with value: 1.0 and parameters: {'n_neighbors': 10, 'leaf_size': 31, 'p': 2}. Best is trial 0 with value: 1.0.
[I 2026-04-09 19:35:07,667] Trial 17 finished with value: 1.0 and parameters: {'n_neighbors': 4, 'leaf_size': 38, 'p': 1}. Best is trial 0 with value: 1.0.
[I 2026-04-09 19:35:07,715] Trial 18 finished with value: 1.0 and parameters: {'n_neighbors': 8, 'leaf_size': 34, 'p': 2}. Best is trial 0 with value: 1.0.
[I 2026-04-09 19:35:07,750] Trial 19 finished with value: 1.0 and parameters: {'n_neighbors': 6, 'leaf_size': 28, 'p': 1}. Best is trial 0 with value: 1.0.
[I 2026-04-09 19:35:07,773] Trial 20 finished with value: 1.0 and parameters: {'n_neighbors': 9, 'leaf_size': 32, 'p': 1}. Best is trial 0 with value: 1.0.
[I 2026-04-09 19:35:07,793] Trial 21 finished with value: 1.0 and parameters: {'n_neighbors': 5, 'leaf_size': 20, 'p': 2}. Best is trial 0 with value: 1.0.
[I 2026-04-09 19:35:07,823] Trial 22 finished with value: 1.0 and parameters: {'n_neighbors': 5, 'leaf_size': 27, 'p': 2}. Best is trial 0 with value: 1.0.
[I 2026-04-09 19:35:07,849] Trial 23 finished with value: 1.0 and parameters: {'n_neighbors': 4, 'leaf_size': 28, 'p': 2}. Best is trial 0 with value: 1.0.
[I 2026-04-09 19:35:07,876] Trial 24 finished with value: 1.0 and parameters: {'n_neighbors': 3, 'leaf_size': 21, 'p': 2}. Best is trial 0 with value: 1.0.
[I 2026-04-09 19:35:07,897] Trial 25 finished with value: 1.0 and parameters: {'n_neighbors': 6, 'leaf_size': 38, 'p': 2}. Best is trial 0 with value: 1.0.
[I 2026-04-09 19:35:07,922] Trial 26 finished with value: 1.0 and parameters: {'n_neighbors': 5, 'leaf_size': 34, 'p': 2}. Best is trial 0 with value: 1.0.
[I 2026-04-09 19:35:07,945] Trial 27 finished with value: 1.0 and parameters: {'n_neighbors': 7, 'leaf_size': 32, 'p': 2}. Best is trial 0 with value: 1.0.
[I 2026-04-09 19:35:07,981] Trial 28 finished with value: 1.0 and parameters: {'n_neighbors': 4, 'leaf_size': 25, 'p': 1}. Best is trial 0 with value: 1.0.
[I 2026-04-09 19:35:08,002] Trial 29 finished with value: 1.0 and parameters: {'n_neighbors': 6, 'leaf_size': 29, 'p': 1}. Best is trial 0 with value: 1.0.
[I 2026-04-09 19:35:08,663] A new study created in memory with name: xgb
[I 2026-04-09 19:35:08,688] Trial 0 finished with value: 1.0 and parameters: {'n_estimators': 40, 'max_depth': 5, 'gamma': 0.789317070832284, 'subsample': 0.7592089939364717, 'colsample_bytree': 0.648400250788111}. Best is trial 0 with value: 1.0.
[I 2026-04-09 19:35:08,713] Trial 1 finished with value: 0.95 and parameters: {'n_estimators': 100, 'max_depth': 30, 'gamma': 0.34667781579300216, 'subsample': 0.7071175095405257, 'colsample_bytree': 0.6480399663668239}. Best is trial 0 with value: 1.0.
[I 2026-04-09 19:35:08,738] Trial 2 finished with value: 0.95 and parameters: {'n_estimators': 10, 'max_depth': 20, 'gamma': 0.3948075529198607, 'subsample': 0.5720821503267102, 'colsample_bytree': 0.5828064306006338}. Best is trial 0 with value: 1.0.
[I 2026-04-09 19:35:08,763] Trial 3 finished with value: 0.95 and parameters: {'n_estimators': 10, 'max_depth': 30, 'gamma': 0.8015631269999768, 'subsample': 0.5114665462195407, 'colsample_bytree': 0.788831429064878}. Best is trial 0 with value: 1.0.
[I 2026-04-09 19:35:08,791] Trial 4 finished with value: 0.95 and parameters: {'n_estimators': 100, 'max_depth': 5, 'gamma': 0.8834347783013348, 'subsample': 0.961374806972835, 'colsample_bytree': 0.5011071062662218}. Best is trial 0 with value: 1.0.
[I 2026-04-09 19:35:08,814] Trial 5 finished with value: 0.95 and parameters: {'n_estimators': 40, 'max_depth': 5, 'gamma': 0.5364379674896123, 'subsample': 0.5145557818363589, 'colsample_bytree': 0.5432628442011025}. Best is trial 0 with value: 1.0.
[I 2026-04-09 19:35:08,851] Trial 6 finished with value: 0.95 and parameters: {'n_estimators': 100, 'max_depth': 20, 'gamma': 0.6718205850237038, 'subsample': 0.9059511955902053, 'colsample_bytree': 0.9633413076219371}. Best is trial 0 with value: 1.0.
[I 2026-04-09 19:35:08,879] Trial 7 finished with value: 0.95 and parameters: {'n_estimators': 10, 'max_depth': 30, 'gamma': 0.8165284487704038, 'subsample': 0.5255714015506736, 'colsample_bytree': 0.594333867896554}. Best is trial 0 with value: 1.0.
[I 2026-04-09 19:35:08,908] Trial 8 finished with value: 0.95 and parameters: {'n_estimators': 100, 'max_depth': 20, 'gamma': 0.6251497693480509, 'subsample': 0.9696496759824258, 'colsample_bytree': 0.9717700410079397}. Best is trial 0 with value: 1.0.
[I 2026-04-09 19:35:08,935] Trial 9 finished with value: 0.95 and parameters: {'n_estimators': 40, 'max_depth': 30, 'gamma': 0.9649927737686168, 'subsample': 0.6857563076640036, 'colsample_bytree': 0.5061847058001788}. Best is trial 0 with value: 1.0.
[I 2026-04-09 19:35:08,968] Trial 10 finished with value: 0.95 and parameters: {'n_estimators': 40, 'max_depth': 5, 'gamma': 0.17962098877423716, 'subsample': 0.8225184540606401, 'colsample_bytree': 0.7743115296703093}. Best is trial 0 with value: 1.0.
[I 2026-04-09 19:35:09,000] Trial 11 finished with value: 0.95 and parameters: {'n_estimators': 40, 'max_depth': 5, 'gamma': 0.284144177802935, 'subsample': 0.7137332854536631, 'colsample_bytree': 0.6815498556783907}. Best is trial 0 with value: 1.0.
[I 2026-04-09 19:35:09,034] Trial 12 finished with value: 0.95 and parameters: {'n_estimators': 100, 'max_depth': 30, 'gamma': 0.4460361445163697, 'subsample': 0.6425328048515475, 'colsample_bytree': 0.679730053828248}. Best is trial 0 with value: 1.0.
[I 2026-04-09 19:35:09,071] Trial 13 finished with value: 0.95 and parameters: {'n_estimators': 40, 'max_depth': 5, 'gamma': 0.15813912455139084, 'subsample': 0.7844515830692418, 'colsample_bytree': 0.6758652093499296}. Best is trial 0 with value: 1.0.
[I 2026-04-09 19:35:09,112] Trial 14 finished with value: 0.95 and parameters: {'n_estimators': 100, 'max_depth': 30, 'gamma': 0.6918007402171132, 'subsample': 0.8431105857116872, 'colsample_bytree': 0.8216506181347186}. Best is trial 0 with value: 1.0.
[I 2026-04-09 19:35:09,154] Trial 15 finished with value: 0.95 and parameters: {'n_estimators': 100, 'max_depth': 30, 'gamma': 0.349760846204061, 'subsample': 0.6341284233145288, 'colsample_bytree': 0.8604557310580807}. Best is trial 0 with value: 1.0.
[I 2026-04-09 19:35:09,206] Trial 16 finished with value: 0.95 and parameters: {'n_estimators': 40, 'max_depth': 5, 'gamma': 0.5201464803795712, 'subsample': 0.7450819645371771, 'colsample_bytree': 0.6198858180831269}. Best is trial 0 with value: 1.0.
[I 2026-04-09 19:35:09,244] Trial 17 finished with value: 0.95 and parameters: {'n_estimators': 40, 'max_depth': 30, 'gamma': 0.24898809859426368, 'subsample': 0.8794206962560682, 'colsample_bytree': 0.7109611479294711}. Best is trial 0 with value: 1.0.
[I 2026-04-09 19:35:09,285] Trial 18 finished with value: 0.95 and parameters: {'n_estimators': 100, 'max_depth': 5, 'gamma': 0.9913860986584816, 'subsample': 0.7789286533284532, 'colsample_bytree': 0.6271428698415437}. Best is trial 0 with value: 1.0.
[I 2026-04-09 19:35:09,329] Trial 19 finished with value: 1.0 and parameters: {'n_estimators': 10, 'max_depth': 20, 'gamma': 0.1024661458044199, 'subsample': 0.6385018241519915, 'colsample_bytree': 0.7256286391121816}. Best is trial 0 with value: 1.0.
[I 2026-04-09 19:35:09,359] Trial 20 finished with value: 1.0 and parameters: {'n_estimators': 10, 'max_depth': 20, 'gamma': 0.7591732860443527, 'subsample': 0.6081789818596111, 'colsample_bytree': 0.8803558534234343}. Best is trial 0 with value: 1.0.
[I 2026-04-09 19:35:09,385] Trial 21 finished with value: 1.0 and parameters: {'n_estimators': 10, 'max_depth': 20, 'gamma': 0.756960595023021, 'subsample': 0.6019512286281076, 'colsample_bytree': 0.9021657527125135}. Best is trial 0 with value: 1.0.
[I 2026-04-09 19:35:09,428] Trial 22 finished with value: 0.95 and parameters: {'n_estimators': 10, 'max_depth': 20, 'gamma': 0.8854614844729536, 'subsample': 0.6579986889734997, 'colsample_bytree': 0.7440353996836335}. Best is trial 0 with value: 1.0.
[I 2026-04-09 19:35:09,453] Trial 23 finished with value: 0.95 and parameters: {'n_estimators': 10, 'max_depth': 20, 'gamma': 0.6071352814947328, 'subsample': 0.5699903010347496, 'colsample_bytree': 0.9028660805029498}. Best is trial 0 with value: 1.0.
[I 2026-04-09 19:35:09,488] Trial 24 finished with value: 0.95 and parameters: {'n_estimators': 10, 'max_depth': 20, 'gamma': 0.103167226962809, 'subsample': 0.5942508344462347, 'colsample_bytree': 0.7236816952042269}. Best is trial 0 with value: 1.0.
[I 2026-04-09 19:35:09,523] Trial 25 finished with value: 0.95 and parameters: {'n_estimators': 10, 'max_depth': 20, 'gamma': 0.7390572163540144, 'subsample': 0.7414430558820151, 'colsample_bytree': 0.8249296207791332}. Best is trial 0 with value: 1.0.
[I 2026-04-09 19:35:09,559] Trial 26 finished with value: 0.95 and parameters: {'n_estimators': 10, 'max_depth': 20, 'gamma': 0.46263987848606064, 'subsample': 0.6704151201527463, 'colsample_bytree': 0.9157791577770231}. Best is trial 0 with value: 1.0.
[I 2026-04-09 19:35:09,592] Trial 27 finished with value: 0.95 and parameters: {'n_estimators': 10, 'max_depth': 20, 'gamma': 0.8804245212727981, 'subsample': 0.6202878453237749, 'colsample_bytree': 0.7742829238488363}. Best is trial 0 with value: 1.0.
[I 2026-04-09 19:35:09,625] Trial 28 finished with value: 0.95 and parameters: {'n_estimators': 10, 'max_depth': 20, 'gamma': 0.6257456011206554, 'subsample': 0.7814761682492076, 'colsample_bytree': 0.8573192107028357}. Best is trial 0 with value: 1.0.
