[I 2026-04-07 02:44:35,929] Trial 20 finished with value: 0.725 and parameters: {'n_neighbors': 8, 'leaf_size': 33, 'p': 2}. Best is trial 3 with value: 0.725.
[I 2026-04-07 02:44:35,964] Trial 21 finished with value: 0.725 and parameters: {'n_neighbors': 8, 'leaf_size': 40, 'p': 2}. Best is trial 3 with value: 0.725.
[I 2026-04-07 02:44:35,990] Trial 22 finished with value: 0.725 and parameters: {'n_neighbors': 7, 'leaf_size': 37, 'p': 2}. Best is trial 3 with value: 0.725.
[I 2026-04-07 02:44:36,016] Trial 23 finished with value: 0.7 and parameters: {'n_neighbors': 5, 'leaf_size': 38, 'p': 2}. Best is trial 3 with value: 0.725.
[I 2026-04-07 02:44:36,054] Trial 24 finished with value: 0.725 and parameters: {'n_neighbors': 6, 'leaf_size': 34, 'p': 2}. Best is trial 3 with value: 0.725.
[I 2026-04-07 02:44:36,088] Trial 25 finished with value: 0.725 and parameters: {'n_neighbors': 9, 'leaf_size': 32, 'p': 2}. Best is trial 3 with value: 0.725.
[I 2026-04-07 02:44:36,124] Trial 26 finished with value: 0.725 and parameters: {'n_neighbors': 7, 'leaf_size': 28, 'p': 1}. Best is trial 3 with value: 0.725.
[I 2026-04-07 02:44:36,160] Trial 27 finished with value: 0.7 and parameters: {'n_neighbors': 4, 'leaf_size': 24, 'p': 2}. Best is trial 3 with value: 0.725.
[I 2026-04-07 02:44:36,186] Trial 28 finished with value: 0.625 and parameters: {'n_neighbors': 3, 'leaf_size': 38, 'p': 1}. Best is trial 3 with value: 0.725.
[I 2026-04-07 02:44:36,212] Trial 29 finished with value: 0.575 and parameters: {'n_neighbors': 3, 'leaf_size': 36, 'p': 2}. Best is trial 3 with value: 0.725.
[I 2026-04-07 02:44:37,547] A new study created in memory with name: xgb
[I 2026-04-07 02:44:37,574] Trial 0 finished with value: 0.9 and parameters: {'n_estimators': 40, 'max_depth': 20, 'gamma': 0.5510084172939441, 'subsample': 0.5360255666798808, 'colsample_bytree': 0.6342194900509356}. Best is trial 0 with value: 0.9.
[I 2026-04-07 02:44:37,612] Trial 1 finished with value: 0.925 and parameters: {'n_estimators': 100, 'max_depth': 5, 'gamma': 0.9186341749476523, 'subsample': 0.6066926767899578, 'colsample_bytree': 0.7260619809088416}. Best is trial 1 with value: 0.925.
[I 2026-04-07 02:44:37,639] Trial 2 finished with value: 0.875 and parameters: {'n_estimators': 10, 'max_depth': 5, 'gamma': 0.9182155373980582, 'subsample': 0.566584722879625, 'colsample_bytree': 0.761706290336883}. Best is trial 1 with value: 0.925.
[I 2026-04-07 02:44:37,665] Trial 3 finished with value: 0.875 and parameters: {'n_estimators': 10, 'max_depth': 20, 'gamma': 0.5296610393664296, 'subsample': 0.6829451928902965, 'colsample_bytree': 0.9189589971546304}. Best is trial 1 with value: 0.925.
[I 2026-04-07 02:44:37,693] Trial 4 finished with value: 0.925 and parameters: {'n_estimators': 10, 'max_depth': 20, 'gamma': 0.6916595165017824, 'subsample': 0.6851755414940176, 'colsample_bytree': 0.7295464889457157}. Best is trial 1 with value: 0.925.
[I 2026-04-07 02:44:37,719] Trial 5 finished with value: 0.925 and parameters: {'n_estimators': 100, 'max_depth': 20, 'gamma': 0.48380821541644814, 'subsample': 0.8171899343169193, 'colsample_bytree': 0.7614531005141727}. Best is trial 1 with value: 0.925.
[I 2026-04-07 02:44:37,746] Trial 6 finished with value: 0.925 and parameters: {'n_estimators': 10, 'max_depth': 5, 'gamma': 0.9599214907026333, 'subsample': 0.8414569271877088, 'colsample_bytree': 0.5265643453364788}. Best is trial 1 with value: 0.925.
[I 2026-04-07 02:44:37,774] Trial 7 finished with value: 0.925 and parameters: {'n_estimators': 40, 'max_depth': 5, 'gamma': 0.5250915966595621, 'subsample': 0.9207383574491986, 'colsample_bytree': 0.565555321173957}. Best is trial 1 with value: 0.925.
[I 2026-04-07 02:44:37,812] Trial 8 finished with value: 0.925 and parameters: {'n_estimators': 100, 'max_depth': 5, 'gamma': 0.3919835527051987, 'subsample': 0.6502094521590198, 'colsample_bytree': 0.5827507002328938}. Best is trial 1 with value: 0.925.
[I 2026-04-07 02:44:37,852] Trial 9 finished with value: 0.925 and parameters: {'n_estimators': 100, 'max_depth': 5, 'gamma': 0.8003922413895069, 'subsample': 0.9436444759263674, 'colsample_bytree': 0.8374593849333938}. Best is trial 1 with value: 0.925.
[I 2026-04-07 02:44:37,888] Trial 10 finished with value: 0.9 and parameters: {'n_estimators': 100, 'max_depth': 30, 'gamma': 0.13445536345660636, 'subsample': 0.5111574778890966, 'colsample_bytree': 0.9446716873952172}. Best is trial 1 with value: 0.925.
[I 2026-04-07 02:44:37,926] Trial 11 finished with value: 0.925 and parameters: {'n_estimators': 10, 'max_depth': 30, 'gamma': 0.7539108460734847, 'subsample': 0.6774496780411334, 'colsample_bytree': 0.686167641486348}. Best is trial 1 with value: 0.925.
[I 2026-04-07 02:44:37,964] Trial 12 finished with value: 0.975 and parameters: {'n_estimators': 100, 'max_depth': 20, 'gamma': 0.7093190405349769, 'subsample': 0.7556236721377485, 'colsample_bytree': 0.6937693399286651}. Best is trial 12 with value: 0.975.
[I 2026-04-07 02:44:38,004] Trial 13 finished with value: 0.925 and parameters: {'n_estimators': 100, 'max_depth': 20, 'gamma': 0.8451493104996899, 'subsample': 0.7689631904874585, 'colsample_bytree': 0.8466378816712838}. Best is trial 12 with value: 0.975.
[I 2026-04-07 02:44:38,042] Trial 14 finished with value: 0.875 and parameters: {'n_estimators': 100, 'max_depth': 30, 'gamma': 0.6998005114177918, 'subsample': 0.6140320938994526, 'colsample_bytree': 0.6640652370201903}. Best is trial 12 with value: 0.975.
[I 2026-04-07 02:44:38,091] Trial 15 finished with value: 0.925 and parameters: {'n_estimators': 100, 'max_depth': 20, 'gamma': 0.9892855006895066, 'subsample': 0.7544779959401693, 'colsample_bytree': 0.8249596055982271}. Best is trial 12 with value: 0.975.
[I 2026-04-07 02:44:38,130] Trial 16 finished with value: 0.925 and parameters: {'n_estimators': 40, 'max_depth': 5, 'gamma': 0.8619086936466162, 'subsample': 0.8367776309992718, 'colsample_bytree': 0.7267793869214578}. Best is trial 12 with value: 0.975.
[I 2026-04-07 02:44:38,178] Trial 17 finished with value: 0.925 and parameters: {'n_estimators': 100, 'max_depth': 5, 'gamma': 0.6186425352985238, 'subsample': 0.6002132644393778, 'colsample_bytree': 0.6250810425355857}. Best is trial 12 with value: 0.975.
[I 2026-04-07 02:44:38,228] Trial 18 finished with value: 0.925 and parameters: {'n_estimators': 100, 'max_depth': 20, 'gamma': 0.36815788187893234, 'subsample': 0.7200206245842605, 'colsample_bytree': 0.6784129810436434}. Best is trial 12 with value: 0.975.
[I 2026-04-07 02:44:38,275] Trial 19 finished with value: 0.925 and parameters: {'n_estimators': 100, 'max_depth': 30, 'gamma': 0.20065175090087745, 'subsample': 0.8721996344157854, 'colsample_bytree': 0.7921730333293363}. Best is trial 12 with value: 0.975.
[I 2026-04-07 02:44:38,314] Trial 20 finished with value: 0.925 and parameters: {'n_estimators': 40, 'max_depth': 20, 'gamma': 0.6553316122467183, 'subsample': 0.9961764358499778, 'colsample_bytree': 0.8847723321415784}. Best is trial 12 with value: 0.975.
[I 2026-04-07 02:44:38,352] Trial 21 finished with value: 0.925 and parameters: {'n_estimators': 10, 'max_depth': 20, 'gamma': 0.7183297998357555, 'subsample': 0.630663992559361, 'colsample_bytree': 0.7231468443663013}. Best is trial 12 with value: 0.975.
[I 2026-04-07 02:44:38,390] Trial 22 finished with value: 0.875 and parameters: {'n_estimators': 10, 'max_depth': 20, 'gamma': 0.780825004139179, 'subsample': 0.7083490436241575, 'colsample_bytree': 0.7334819524931043}. Best is trial 12 with value: 0.975.
[I 2026-04-07 02:44:38,431] Trial 23 finished with value: 0.925 and parameters: {'n_estimators': 10, 'max_depth': 20, 'gamma': 0.8972089374586258, 'subsample': 0.7928624204752466, 'colsample_bytree': 0.7890715079612044}. Best is trial 12 with value: 0.975.
[I 2026-04-07 02:44:38,484] Trial 24 finished with value: 0.925 and parameters: {'n_estimators': 100, 'max_depth': 20, 'gamma': 0.595146098099831, 'subsample': 0.720007389731343, 'colsample_bytree': 0.69855187945219}. Best is trial 12 with value: 0.975.
[I 2026-04-07 02:44:38,522] Trial 25 finished with value: 0.875 and parameters: {'n_estimators': 10, 'max_depth': 5, 'gamma': 0.6757884885521658, 'subsample': 0.5733951784915532, 'colsample_bytree': 0.6261034696248567}. Best is trial 12 with value: 0.975.
[I 2026-04-07 02:44:38,561] Trial 26 finished with value: 0.925 and parameters: {'n_estimators': 100, 'max_depth': 20, 'gamma': 0.4416280564281, 'subsample': 0.6595798995555142, 'colsample_bytree': 0.5912319740054278}. Best is trial 12 with value: 0.975.
[I 2026-04-07 02:44:38,599] Trial 27 finished with value: 0.875 and parameters: {'n_estimators': 10, 'max_depth': 20, 'gamma': 0.8028916133729511, 'subsample': 0.7376006672257409, 'colsample_bytree': 0.9897929085258352}. Best is trial 12 with value: 0.975.
[I 2026-04-07 02:44:38,638] Trial 28 finished with value: 0.925 and parameters: {'n_estimators': 40, 'max_depth': 30, 'gamma': 0.9289512193847925, 'subsample': 0.5782993962090036, 'colsample_bytree': 0.783476732276822}. Best is trial 12 with value: 0.975.
[I 2026-04-07 02:44:38,687] Trial 29 finished with value: 0.875 and parameters: {'n_estimators': 100, 'max_depth': 5, 'gamma': 0.7372825828875151, 'subsample': 0.5222770053353054, 'colsample_bytree': 0.6612415812160476}. Best is trial 12 with value: 0.975.
[I 2026-04-07 02:44:39,586] A new study created in memory with name: rf
[I 2026-04-07 02:44:39,763] Trial 0 finished with value: 0.95 and parameters: {'n_estimators': 130, 'max_depth': 17, 'min_samples_split': 5, 'min_samples_leaf': 8}. Best is trial 0 with value: 0.95.
[I 2026-04-07 02:44:40,295] Trial 1 finished with value: 0.95 and parameters: {'n_estimators': 492, 'max_depth': 12, 'min_samples_split': 6, 'min_samples_leaf': 1}. Best is trial 0 with value: 0.95.
[I 2026-04-07 02:44:40,533] Trial 2 finished with value: 0.9 and parameters: {'n_estimators': 207, 'max_depth': 11, 'min_samples_split': 8, 'min_samples_leaf': 9}. Best is trial 0 with value: 0.95.
[I 2026-04-07 02:44:40,832] Trial 3 finished with value: 0.95 and parameters: {'n_estimators': 252, 'max_depth': 4, 'min_samples_split': 4, 'min_samples_leaf': 10}. Best is trial 0 with value: 0.95.
[I 2026-04-07 02:44:41,038] Trial 4 finished with value: 0.95 and parameters: {'n_estimators': 185, 'max_depth': 11, 'min_samples_split': 10, 'min_samples_leaf': 1}. Best is trial 0 with value: 0.95.
[I 2026-04-07 02:44:41,388] Trial 5 finished with value: 0.95 and parameters: {'n_estimators': 340, 'max_depth': 20, 'min_samples_split': 4, 'min_samples_leaf': 6}. Best is trial 0 with value: 0.95.
[I 2026-04-07 02:44:41,900] Trial 6 finished with value: 0.925 and parameters: {'n_estimators': 464, 'max_depth': 5, 'min_samples_split': 6, 'min_samples_leaf': 8}. Best is trial 0 with value: 0.95.
[I 2026-04-07 02:44:42,281] Trial 7 finished with value: 0.95 and parameters: {'n_estimators': 368, 'max_depth': 11, 'min_samples_split': 3, 'min_samples_leaf': 5}. Best is trial 0 with value: 0.95.
[I 2026-04-07 02:44:42,581] Trial 8 finished with value: 0.95 and parameters: {'n_estimators': 249, 'max_depth': 11, 'min_samples_split': 5, 'min_samples_leaf': 9}. Best is trial 0 with value: 0.95.
[I 2026-04-07 02:44:43,000] Trial 9 finished with value: 0.95 and parameters: {'n_estimators': 408, 'max_depth': 8, 'min_samples_split': 7, 'min_samples_leaf': 3}. Best is trial 0 with value: 0.95.
[I 2026-04-07 02:44:43,193] Trial 10 finished with value: 0.925 and parameters: {'n_estimators': 156, 'max_depth': 19, 'min_samples_split': 2, 'min_samples_leaf': 7}. Best is trial 0 with value: 0.95.
[I 2026-04-07 02:44:43,670] Trial 11 finished with value: 0.95 and parameters: {'n_estimators': 456, 'max_depth': 16, 'min_samples_split': 8, 'min_samples_leaf': 4}. Best is trial 0 with value: 0.95.
[I 2026-04-07 02:44:44,185] Trial 12 finished with value: 0.95 and parameters: {'n_estimators': 499, 'max_depth': 15, 'min_samples_split': 6, 'min_samples_leaf': 2}. Best is trial 0 with value: 0.95.
[I 2026-04-07 02:44:44,358] Trial 13 finished with value: 0.95 and parameters: {'n_estimators': 100, 'max_depth': 16, 'min_samples_split': 5, 'min_samples_leaf': 6}. Best is trial 0 with value: 0.95.
[I 2026-04-07 02:44:44,711] Trial 14 finished with value: 0.95 and parameters: {'n_estimators': 282, 'max_depth': 14, 'min_samples_split': 8, 'min_samples_leaf': 4}. Best is trial 0 with value: 0.95.
[I 2026-04-07 02:44:44,864] Trial 15 finished with value: 0.95 and parameters: {'n_estimators': 103, 'max_depth': 18, 'min_samples_split': 10, 'min_samples_leaf': 1}. Best is trial 0 with value: 0.95.
[I 2026-04-07 02:44:45,319] Trial 16 finished with value: 0.95 and parameters: {'n_estimators': 381, 'max_depth': 8, 'min_samples_split': 5, 'min_samples_leaf': 7}. Best is trial 0 with value: 0.95.
[I 2026-04-07 02:44:45,703] Trial 17 finished with value: 0.925 and parameters: {'n_estimators': 306, 'max_depth': 13, 'min_samples_split': 7, 'min_samples_leaf': 8}. Best is trial 0 with value: 0.95.
[I 2026-04-07 02:44:46,201] Trial 18 finished with value: 0.95 and parameters: {'n_estimators': 430, 'max_depth': 8, 'min_samples_split': 2, 'min_samples_leaf': 3}. Best is trial 0 with value: 0.95.
[I 2026-04-07 02:44:46,376] Trial 19 finished with value: 0.9 and parameters: {'n_estimators': 151, 'max_depth': 18, 'min_samples_split': 4, 'min_samples_leaf': 10}. Best is trial 0 with value: 0.95.
[I 2026-04-07 02:44:46,761] Trial 20 finished with value: 0.925 and parameters: {'n_estimators': 326, 'max_depth': 13, 'min_samples_split': 7, 'min_samples_leaf': 7}. Best is trial 0 with value: 0.95.
[I 2026-04-07 02:44:47,037] Trial 21 finished with value: 0.95 and parameters: {'n_estimators': 243, 'max_depth': 3, 'min_samples_split': 4, 'min_samples_leaf': 10}. Best is trial 0 with value: 0.95.
[I 2026-04-07 02:44:47,355] Trial 22 finished with value: 0.9 and parameters: {'n_estimators': 265, 'max_depth': 6, 'min_samples_split': 3, 'min_samples_leaf': 10}. Best is trial 0 with value: 0.95.
[I 2026-04-07 02:44:47,604] Trial 23 finished with value: 0.95 and parameters: {'n_estimators': 217, 'max_depth': 6, 'min_samples_split': 5, 'min_samples_leaf': 9}. Best is trial 0 with value: 0.95.
[I 2026-04-07 02:44:47,820] Trial 24 finished with value: 0.925 and parameters: {'n_estimators': 145, 'max_depth': 9, 'min_samples_split': 3, 'min_samples_leaf': 8}. Best is trial 0 with value: 0.95.
[I 2026-04-07 02:44:48,046] Trial 25 finished with value: 0.95 and parameters: {'n_estimators': 191, 'max_depth': 3, 'min_samples_split': 6, 'min_samples_leaf': 9}. Best is trial 0 with value: 0.95.
[I 2026-04-07 02:44:48,421] Trial 26 finished with value: 0.95 and parameters: {'n_estimators': 352, 'max_depth': 17, 'min_samples_split': 4, 'min_samples_leaf': 5}. Best is trial 0 with value: 0.95.
[I 2026-04-07 02:44:48,757] Trial 27 finished with value: 0.925 and parameters: {'n_estimators': 306, 'max_depth': 13, 'min_samples_split': 5, 'min_samples_leaf': 10}. Best is trial 0 with value: 0.95.
[I 2026-04-07 02:44:49,235] Trial 28 finished with value: 0.95 and parameters: {'n_estimators': 396, 'max_depth': 9, 'min_samples_split': 6, 'min_samples_leaf': 2}. Best is trial 0 with value: 0.95.
[I 2026-04-07 02:44:49,501] Trial 29 finished with value: 0.9 and parameters: {'n_estimators': 223, 'max_depth': 5, 'min_samples_split': 3, 'min_samples_leaf': 9}. Best is trial 0 with value: 0.95.
[I 2026-04-07 02:44:51,019] A new study created in memory with name: mlp
[I 2026-04-07 02:44:51,084] Trial 0 finished with value: 0.725 and parameters: {'hidden_layer_sizes': (200,), 'max_iter': 100, 'alpha': 0.0001}. Best is trial 0 with value: 0.725.
[I 2026-04-07 02:44:51,181] Trial 1 finished with value: 0.7 and parameters: {'hidden_layer_sizes': (100, 100), 'max_iter': 100, 'alpha': 0.0001}. Best is trial 0 with value: 0.725.
[I 2026-04-07 02:44:51,236] Trial 2 finished with value: 0.75 and parameters: {'hidden_layer_sizes': (200,), 'max_iter': 100, 'alpha': 0.001}. Best is trial 2 with value: 0.75.
[I 2026-04-07 02:44:51,273] Trial 3 finished with value: 0.675 and parameters: {'hidden_layer_sizes': (100,), 'max_iter': 50, 'alpha': 0.001}. Best is trial 2 with value: 0.75.
[I 2026-04-07 02:44:51,309] Trial 4 finished with value: 0.725 and parameters: {'hidden_layer_sizes': (100,), 'max_iter': 50, 'alpha': 0.0001}. Best is trial 2 with value: 0.75.
[I 2026-04-07 02:44:51,344] Trial 5 finished with value: 0.75 and parameters: {'hidden_layer_sizes': (100,), 'max_iter': 50, 'alpha': 0.0001}. Best is trial 2 with value: 0.75.
[I 2026-04-07 02:44:51,380] Trial 6 finished with value: 0.725 and parameters: {'hidden_layer_sizes': (100,), 'max_iter': 50, 'alpha': 0.0001}. Best is trial 2 with value: 0.75.
[I 2026-04-07 02:44:51,417] Trial 7 finished with value: 0.725 and parameters: {'hidden_layer_sizes': (100,), 'max_iter': 50, 'alpha': 0.0001}. Best is trial 2 with value: 0.75.
[I 2026-04-07 02:44:51,475] Trial 8 finished with value: 0.75 and parameters: {'hidden_layer_sizes': (200,), 'max_iter': 100, 'alpha': 0.0001}. Best is trial 2 with value: 0.75.
[I 2026-04-07 02:44:51,513] Trial 9 finished with value: 0.775 and parameters: {'hidden_layer_sizes': (200,), 'max_iter': 50, 'alpha': 0.0001}. Best is trial 9 with value: 0.775.
[I 2026-04-07 02:44:51,574] Trial 10 finished with value: 0.725 and parameters: {'hidden_layer_sizes': (100, 100), 'max_iter': 50, 'alpha': 0.001}. Best is trial 9 with value: 0.775.
[I 2026-04-07 02:44:51,631] Trial 11 finished with value: 0.75 and parameters: {'hidden_layer_sizes': (200,), 'max_iter': 100, 'alpha': 0.001}. Best is trial 9 with value: 0.775.
[I 2026-04-07 02:44:51,689] Trial 12 finished with value: 0.7 and parameters: {'hidden_layer_sizes': (200,), 'max_iter': 100, 'alpha': 0.001}. Best is trial 9 with value: 0.775.
[I 2026-04-07 02:44:51,757] Trial 13 finished with value: 0.725 and parameters: {'hidden_layer_sizes': (200,), 'max_iter': 100, 'alpha': 0.001}. Best is trial 9 with value: 0.775.
[I 2026-04-07 02:44:51,795] Trial 14 finished with value: 0.775 and parameters: {'hidden_layer_sizes': (200,), 'max_iter': 50, 'alpha': 0.001}. Best is trial 9 with value: 0.775.
[I 2026-04-07 02:44:51,832] Trial 15 finished with value: 0.775 and parameters: {'hidden_layer_sizes': (200,), 'max_iter': 50, 'alpha': 0.001}. Best is trial 9 with value: 0.775.
[I 2026-04-07 02:44:51,869] Trial 16 finished with value: 0.725 and parameters: {'hidden_layer_sizes': (200,), 'max_iter': 50, 'alpha': 0.0001}. Best is trial 9 with value: 0.775.
[I 2026-04-07 02:44:51,916] Trial 17 finished with value: 0.725 and parameters: {'hidden_layer_sizes': (100, 100), 'max_iter': 50, 'alpha': 0.001}. Best is trial 9 with value: 0.775.
[I 2026-04-07 02:44:51,953] Trial 18 finished with value: 0.775 and parameters: {'hidden_layer_sizes': (200,), 'max_iter': 50, 'alpha': 0.001}. Best is trial 9 with value: 0.775.
[I 2026-04-07 02:44:51,990] Trial 19 finished with value: 0.775 and parameters: {'hidden_layer_sizes': (200,), 'max_iter': 50, 'alpha': 0.0001}. Best is trial 9 with value: 0.775.
[I 2026-04-07 02:44:52,048] Trial 20 finished with value: 0.7 and parameters: {'hidden_layer_sizes': (100, 100), 'max_iter': 50, 'alpha': 0.001}. Best is trial 9 with value: 0.775.
[I 2026-04-07 02:44:52,086] Trial 21 finished with value: 0.775 and parameters: {'hidden_layer_sizes': (200,), 'max_iter': 50, 'alpha': 0.001}. Best is trial 9 with value: 0.775.
[I 2026-04-07 02:44:52,124] Trial 22 finished with value: 0.775 and parameters: {'hidden_layer_sizes': (200,), 'max_iter': 50, 'alpha': 0.001}. Best is trial 9 with value: 0.775.
[I 2026-04-07 02:44:52,173] Trial 23 finished with value: 0.75 and parameters: {'hidden_layer_sizes': (200,), 'max_iter': 50, 'alpha': 0.001}. Best is trial 9 with value: 0.775.
[I 2026-04-07 02:44:52,211] Trial 24 finished with value: 0.775 and parameters: {'hidden_layer_sizes': (200,), 'max_iter': 50, 'alpha': 0.001}. Best is trial 9 with value: 0.775.
[I 2026-04-07 02:44:52,260] Trial 25 finished with value: 0.725 and parameters: {'hidden_layer_sizes': (200,), 'max_iter': 50, 'alpha': 0.001}. Best is trial 9 with value: 0.775.
[I 2026-04-07 02:44:52,297] Trial 26 finished with value: 0.725 and parameters: {'hidden_layer_sizes': (200,), 'max_iter': 50, 'alpha': 0.0001}. Best is trial 9 with value: 0.775.
[I 2026-04-07 02:44:52,332] Trial 27 finished with value: 0.775 and parameters: {'hidden_layer_sizes': (200,), 'max_iter': 50, 'alpha': 0.001}. Best is trial 9 with value: 0.775.
[I 2026-04-07 02:44:52,376] Trial 28 finished with value: 0.675 and parameters: {'hidden_layer_sizes': (100, 100), 'max_iter': 50, 'alpha': 0.0001}. Best is trial 9 with value: 0.775.
