[I 2026-04-09 20:31:51,882] Trial 6 finished with value: 0.65 and parameters: {'n_neighbors': 3, 'leaf_size': 24, 'p': 2}. Best is trial 1 with value: 0.65.
[I 2026-04-09 20:31:51,928] Trial 7 finished with value: 0.6 and parameters: {'n_neighbors': 5, 'leaf_size': 40, 'p': 2}. Best is trial 1 with value: 0.65.
[I 2026-04-09 20:31:51,972] Trial 8 finished with value: 0.6 and parameters: {'n_neighbors': 6, 'leaf_size': 36, 'p': 1}. Best is trial 1 with value: 0.65.
[I 2026-04-09 20:31:52,008] Trial 9 finished with value: 0.6 and parameters: {'n_neighbors': 6, 'leaf_size': 25, 'p': 1}. Best is trial 1 with value: 0.65.
[I 2026-04-09 20:31:52,067] Trial 10 finished with value: 0.65 and parameters: {'n_neighbors': 4, 'leaf_size': 22, 'p': 2}. Best is trial 1 with value: 0.65.
[I 2026-04-09 20:31:52,131] Trial 11 finished with value: 0.65 and parameters: {'n_neighbors': 3, 'leaf_size': 29, 'p': 2}. Best is trial 1 with value: 0.65.
[I 2026-04-09 20:31:52,165] Trial 12 finished with value: 0.65 and parameters: {'n_neighbors': 3, 'leaf_size': 20, 'p': 2}. Best is trial 1 with value: 0.65.
[I 2026-04-09 20:31:52,192] Trial 13 finished with value: 0.65 and parameters: {'n_neighbors': 4, 'leaf_size': 28, 'p': 2}. Best is trial 1 with value: 0.65.
[I 2026-04-09 20:31:52,229] Trial 14 finished with value: 0.65 and parameters: {'n_neighbors': 4, 'leaf_size': 34, 'p': 1}. Best is trial 1 with value: 0.65.
[I 2026-04-09 20:31:52,276] Trial 15 finished with value: 0.6 and parameters: {'n_neighbors': 7, 'leaf_size': 36, 'p': 2}. Best is trial 1 with value: 0.65.
[I 2026-04-09 20:31:52,297] Trial 16 finished with value: 0.6 and parameters: {'n_neighbors': 5, 'leaf_size': 26, 'p': 2}. Best is trial 1 with value: 0.65.
[I 2026-04-09 20:31:52,347] Trial 17 finished with value: 0.55 and parameters: {'n_neighbors': 8, 'leaf_size': 32, 'p': 1}. Best is trial 1 with value: 0.65.
[I 2026-04-09 20:31:52,378] Trial 18 finished with value: 0.65 and parameters: {'n_neighbors': 4, 'leaf_size': 37, 'p': 2}. Best is trial 1 with value: 0.65.
[I 2026-04-09 20:31:52,403] Trial 19 finished with value: 0.6 and parameters: {'n_neighbors': 3, 'leaf_size': 20, 'p': 1}. Best is trial 1 with value: 0.65.
[I 2026-04-09 20:31:52,435] Trial 20 finished with value: 0.55 and parameters: {'n_neighbors': 5, 'leaf_size': 31, 'p': 1}. Best is trial 1 with value: 0.65.
[I 2026-04-09 20:31:52,456] Trial 21 finished with value: 0.65 and parameters: {'n_neighbors': 3, 'leaf_size': 23, 'p': 2}. Best is trial 1 with value: 0.65.
[I 2026-04-09 20:31:52,476] Trial 22 finished with value: 0.65 and parameters: {'n_neighbors': 3, 'leaf_size': 23, 'p': 2}. Best is trial 1 with value: 0.65.
[I 2026-04-09 20:31:52,535] Trial 23 finished with value: 0.55 and parameters: {'n_neighbors': 10, 'leaf_size': 26, 'p': 2}. Best is trial 1 with value: 0.65.
[I 2026-04-09 20:31:52,561] Trial 24 finished with value: 0.65 and parameters: {'n_neighbors': 4, 'leaf_size': 22, 'p': 2}. Best is trial 1 with value: 0.65.
[I 2026-04-09 20:31:52,589] Trial 25 finished with value: 0.65 and parameters: {'n_neighbors': 3, 'leaf_size': 24, 'p': 2}. Best is trial 1 with value: 0.65.
[I 2026-04-09 20:31:52,617] Trial 26 finished with value: 0.65 and parameters: {'n_neighbors': 4, 'leaf_size': 27, 'p': 2}. Best is trial 1 with value: 0.65.
[I 2026-04-09 20:31:52,650] Trial 27 finished with value: 0.65 and parameters: {'n_neighbors': 6, 'leaf_size': 21, 'p': 2}. Best is trial 1 with value: 0.65.
[I 2026-04-09 20:31:52,682] Trial 28 finished with value: 0.6 and parameters: {'n_neighbors': 3, 'leaf_size': 24, 'p': 1}. Best is trial 1 with value: 0.65.
[I 2026-04-09 20:31:52,706] Trial 29 finished with value: 0.55 and parameters: {'n_neighbors': 5, 'leaf_size': 20, 'p': 1}. Best is trial 1 with value: 0.65.
[I 2026-04-09 20:31:54,027] A new study created in memory with name: xgb
[I 2026-04-09 20:31:54,090] Trial 0 finished with value: 0.75 and parameters: {'n_estimators': 40, 'max_depth': 5, 'gamma': 0.4874219364632415, 'subsample': 0.7011756800186824, 'colsample_bytree': 0.7613373356762848}. Best is trial 0 with value: 0.75.
[I 2026-04-09 20:31:54,135] Trial 1 finished with value: 0.8 and parameters: {'n_estimators': 40, 'max_depth': 5, 'gamma': 0.483482593428573, 'subsample': 0.6445375140090439, 'colsample_bytree': 0.9869276206002231}. Best is trial 1 with value: 0.8.
[I 2026-04-09 20:31:54,190] Trial 2 finished with value: 0.75 and parameters: {'n_estimators': 10, 'max_depth': 5, 'gamma': 0.16384856027517886, 'subsample': 0.6123849694840227, 'colsample_bytree': 0.6968174574718025}. Best is trial 1 with value: 0.8.
[I 2026-04-09 20:31:54,244] Trial 3 finished with value: 0.75 and parameters: {'n_estimators': 100, 'max_depth': 30, 'gamma': 0.7877441182293641, 'subsample': 0.9694019566553859, 'colsample_bytree': 0.6598448982335139}. Best is trial 1 with value: 0.8.
[I 2026-04-09 20:31:54,298] Trial 4 finished with value: 0.8 and parameters: {'n_estimators': 100, 'max_depth': 5, 'gamma': 0.816017102586079, 'subsample': 0.5160040782128984, 'colsample_bytree': 0.7277239110529665}. Best is trial 1 with value: 0.8.
[I 2026-04-09 20:31:54,354] Trial 5 finished with value: 0.75 and parameters: {'n_estimators': 40, 'max_depth': 20, 'gamma': 0.6643500821697236, 'subsample': 0.6076588997363731, 'colsample_bytree': 0.5754850538287481}. Best is trial 1 with value: 0.8.
[I 2026-04-09 20:31:54,414] Trial 6 finished with value: 0.8 and parameters: {'n_estimators': 100, 'max_depth': 20, 'gamma': 0.6361752212866232, 'subsample': 0.8309913561372338, 'colsample_bytree': 0.7552902276266351}. Best is trial 1 with value: 0.8.
[I 2026-04-09 20:31:54,462] Trial 7 finished with value: 0.7 and parameters: {'n_estimators': 10, 'max_depth': 5, 'gamma': 0.5767347850317142, 'subsample': 0.7995431264700696, 'colsample_bytree': 0.8604622333437917}. Best is trial 1 with value: 0.8.
[I 2026-04-09 20:31:54,520] Trial 8 finished with value: 0.75 and parameters: {'n_estimators': 100, 'max_depth': 20, 'gamma': 0.8470554948938058, 'subsample': 0.860339005739911, 'colsample_bytree': 0.9331308414408237}. Best is trial 1 with value: 0.8.
[I 2026-04-09 20:31:54,575] Trial 9 finished with value: 0.8 and parameters: {'n_estimators': 100, 'max_depth': 30, 'gamma': 0.574951454577921, 'subsample': 0.9696020680119358, 'colsample_bytree': 0.8616917074936369}. Best is trial 1 with value: 0.8.
[I 2026-04-09 20:31:54,634] Trial 10 finished with value: 0.75 and parameters: {'n_estimators': 40, 'max_depth': 5, 'gamma': 0.32359117507032664, 'subsample': 0.6830443145605672, 'colsample_bytree': 0.9880791395471188}. Best is trial 1 with value: 0.8.
[I 2026-04-09 20:31:54,703] Trial 11 finished with value: 0.65 and parameters: {'n_estimators': 40, 'max_depth': 5, 'gamma': 0.9894607367239925, 'subsample': 0.5005044321862977, 'colsample_bytree': 0.5018216202268676}. Best is trial 1 with value: 0.8.
[I 2026-04-09 20:31:54,745] Trial 12 finished with value: 0.9 and parameters: {'n_estimators': 100, 'max_depth': 5, 'gamma': 0.41000154180441223, 'subsample': 0.5030070381974273, 'colsample_bytree': 0.832165814276908}. Best is trial 12 with value: 0.9.
[I 2026-04-09 20:31:54,775] Trial 13 finished with value: 0.85 and parameters: {'n_estimators': 40, 'max_depth': 5, 'gamma': 0.41919473587153144, 'subsample': 0.5864969013211528, 'colsample_bytree': 0.8599008698850832}. Best is trial 12 with value: 0.9.
[I 2026-04-09 20:31:54,814] Trial 14 finished with value: 0.75 and parameters: {'n_estimators': 10, 'max_depth': 30, 'gamma': 0.3269823597568273, 'subsample': 0.54666781385404, 'colsample_bytree': 0.8369057406521745}. Best is trial 12 with value: 0.9.
[I 2026-04-09 20:31:54,864] Trial 15 finished with value: 0.9 and parameters: {'n_estimators': 100, 'max_depth': 5, 'gamma': 0.34314996093894456, 'subsample': 0.5803007451880497, 'colsample_bytree': 0.8172598184845222}. Best is trial 12 with value: 0.9.
[I 2026-04-09 20:31:54,912] Trial 16 finished with value: 0.7 and parameters: {'n_estimators': 100, 'max_depth': 5, 'gamma': 0.168161708190453, 'subsample': 0.7311770311145405, 'colsample_bytree': 0.7949798123459876}. Best is trial 12 with value: 0.9.
[I 2026-04-09 20:31:54,952] Trial 17 finished with value: 0.8 and parameters: {'n_estimators': 100, 'max_depth': 5, 'gamma': 0.28789512501295433, 'subsample': 0.558679558594741, 'colsample_bytree': 0.6507126596098641}. Best is trial 12 with value: 0.9.
[I 2026-04-09 20:31:54,992] Trial 18 finished with value: 0.85 and parameters: {'n_estimators': 100, 'max_depth': 30, 'gamma': 0.38854154205188407, 'subsample': 0.6541670200082098, 'colsample_bytree': 0.9297972485610626}. Best is trial 12 with value: 0.9.
[I 2026-04-09 20:31:55,034] Trial 19 finished with value: 0.8 and parameters: {'n_estimators': 100, 'max_depth': 20, 'gamma': 0.2541239256974885, 'subsample': 0.7745526913536138, 'colsample_bytree': 0.9140685359312362}. Best is trial 12 with value: 0.9.
[I 2026-04-09 20:31:55,084] Trial 20 finished with value: 0.8 and parameters: {'n_estimators': 100, 'max_depth': 5, 'gamma': 0.11546680719474106, 'subsample': 0.8910856426818985, 'colsample_bytree': 0.8056169892073781}. Best is trial 12 with value: 0.9.
[I 2026-04-09 20:31:55,125] Trial 21 finished with value: 0.8 and parameters: {'n_estimators': 40, 'max_depth': 5, 'gamma': 0.4559006000342157, 'subsample': 0.5773596384641466, 'colsample_bytree': 0.881718007280301}. Best is trial 12 with value: 0.9.
[I 2026-04-09 20:31:55,161] Trial 22 finished with value: 0.8 and parameters: {'n_estimators': 40, 'max_depth': 5, 'gamma': 0.39616886310338256, 'subsample': 0.6041386757184222, 'colsample_bytree': 0.7888731338099141}. Best is trial 12 with value: 0.9.
[I 2026-04-09 20:31:55,209] Trial 23 finished with value: 0.75 and parameters: {'n_estimators': 10, 'max_depth': 5, 'gamma': 0.4054986116551268, 'subsample': 0.5421738656749947, 'colsample_bytree': 0.8257797018022909}. Best is trial 12 with value: 0.9.
[I 2026-04-09 20:31:55,256] Trial 24 finished with value: 0.85 and parameters: {'n_estimators': 100, 'max_depth': 5, 'gamma': 0.23606099328747762, 'subsample': 0.5112867054031034, 'colsample_bytree': 0.8916560945452147}. Best is trial 12 with value: 0.9.
[I 2026-04-09 20:31:55,298] Trial 25 finished with value: 0.85 and parameters: {'n_estimators': 40, 'max_depth': 5, 'gamma': 0.5088981464187693, 'subsample': 0.5800260373926743, 'colsample_bytree': 0.8413058091727159}. Best is trial 12 with value: 0.9.
[I 2026-04-09 20:31:55,341] Trial 26 finished with value: 0.9 and parameters: {'n_estimators': 100, 'max_depth': 5, 'gamma': 0.3667027920698759, 'subsample': 0.6416688419082204, 'colsample_bytree': 0.7223009777784162}. Best is trial 12 with value: 0.9.
[I 2026-04-09 20:31:55,383] Trial 27 finished with value: 0.9 and parameters: {'n_estimators': 100, 'max_depth': 5, 'gamma': 0.3644193665166422, 'subsample': 0.6421134519487066, 'colsample_bytree': 0.7098201859717372}. Best is trial 12 with value: 0.9.
[I 2026-04-09 20:31:55,423] Trial 28 finished with value: 0.7 and parameters: {'n_estimators': 100, 'max_depth': 20, 'gamma': 0.21073255489633752, 'subsample': 0.7085181727248606, 'colsample_bytree': 0.6736409789716409}. Best is trial 12 with value: 0.9.
[I 2026-04-09 20:31:55,465] Trial 29 finished with value: 0.8 and parameters: {'n_estimators': 100, 'max_depth': 30, 'gamma': 0.5329232544535306, 'subsample': 0.6743600371177999, 'colsample_bytree': 0.6078912495796693}. Best is trial 12 with value: 0.9.
[I 2026-04-09 20:31:56,495] A new study created in memory with name: rf
[I 2026-04-09 20:31:56,995] Trial 0 finished with value: 0.75 and parameters: {'n_estimators': 450, 'max_depth': 20, 'min_samples_split': 9, 'min_samples_leaf': 6}. Best is trial 0 with value: 0.75.
[I 2026-04-09 20:31:57,272] Trial 1 finished with value: 0.75 and parameters: {'n_estimators': 193, 'max_depth': 3, 'min_samples_split': 5, 'min_samples_leaf': 5}. Best is trial 0 with value: 0.75.
[I 2026-04-09 20:31:57,660] Trial 2 finished with value: 0.75 and parameters: {'n_estimators': 309, 'max_depth': 11, 'min_samples_split': 6, 'min_samples_leaf': 6}. Best is trial 0 with value: 0.75.
[I 2026-04-09 20:31:58,157] Trial 3 finished with value: 0.8 and parameters: {'n_estimators': 405, 'max_depth': 15, 'min_samples_split': 7, 'min_samples_leaf': 5}. Best is trial 3 with value: 0.8.
[I 2026-04-09 20:31:58,445] Trial 4 finished with value: 0.8 and parameters: {'n_estimators': 215, 'max_depth': 20, 'min_samples_split': 5, 'min_samples_leaf': 3}. Best is trial 3 with value: 0.8.
[I 2026-04-09 20:31:58,696] Trial 5 finished with value: 0.85 and parameters: {'n_estimators': 126, 'max_depth': 20, 'min_samples_split': 3, 'min_samples_leaf': 4}. Best is trial 5 with value: 0.85.
[I 2026-04-09 20:31:58,914] Trial 6 finished with value: 0.5 and parameters: {'n_estimators': 128, 'max_depth': 7, 'min_samples_split': 5, 'min_samples_leaf': 9}. Best is trial 5 with value: 0.85.
[I 2026-04-09 20:31:59,215] Trial 7 finished with value: 0.85 and parameters: {'n_estimators': 238, 'max_depth': 20, 'min_samples_split': 2, 'min_samples_leaf': 4}. Best is trial 5 with value: 0.85.
[I 2026-04-09 20:31:59,582] Trial 8 finished with value: 0.8 and parameters: {'n_estimators': 252, 'max_depth': 16, 'min_samples_split': 10, 'min_samples_leaf': 4}. Best is trial 5 with value: 0.85.
[I 2026-04-09 20:31:59,948] Trial 9 finished with value: 0.5 and parameters: {'n_estimators': 273, 'max_depth': 7, 'min_samples_split': 9, 'min_samples_leaf': 7}. Best is trial 5 with value: 0.85.
[I 2026-04-09 20:32:00,144] Trial 10 finished with value: 0.9 and parameters: {'n_estimators': 106, 'max_depth': 15, 'min_samples_split': 2, 'min_samples_leaf': 1}. Best is trial 10 with value: 0.9.
[I 2026-04-09 20:32:00,406] Trial 11 finished with value: 0.85 and parameters: {'n_estimators': 120, 'max_depth': 15, 'min_samples_split': 2, 'min_samples_leaf': 1}. Best is trial 10 with value: 0.9.
[I 2026-04-09 20:32:00,559] Trial 12 finished with value: 0.85 and parameters: {'n_estimators': 100, 'max_depth': 17, 'min_samples_split': 3, 'min_samples_leaf': 1}. Best is trial 10 with value: 0.9.
[I 2026-04-09 20:32:00,803] Trial 13 finished with value: 0.9 and parameters: {'n_estimators': 167, 'max_depth': 12, 'min_samples_split': 3, 'min_samples_leaf': 2}. Best is trial 10 with value: 0.9.
[I 2026-04-09 20:32:01,063] Trial 14 finished with value: 0.9 and parameters: {'n_estimators': 180, 'max_depth': 11, 'min_samples_split': 3, 'min_samples_leaf': 2}. Best is trial 10 with value: 0.9.
[I 2026-04-09 20:32:01,422] Trial 15 finished with value: 0.85 and parameters: {'n_estimators': 326, 'max_depth': 13, 'min_samples_split': 4, 'min_samples_leaf': 2}. Best is trial 10 with value: 0.9.
[I 2026-04-09 20:32:01,655] Trial 16 finished with value: 0.9 and parameters: {'n_estimators': 168, 'max_depth': 9, 'min_samples_split': 2, 'min_samples_leaf': 2}. Best is trial 10 with value: 0.9.
[I 2026-04-09 20:32:02,048] Trial 17 finished with value: 0.5 and parameters: {'n_estimators': 357, 'max_depth': 13, 'min_samples_split': 4, 'min_samples_leaf': 10}. Best is trial 10 with value: 0.9.
[I 2026-04-09 20:32:02,259] Trial 18 finished with value: 0.9 and parameters: {'n_estimators': 157, 'max_depth': 17, 'min_samples_split': 7, 'min_samples_leaf': 1}. Best is trial 10 with value: 0.9.
[I 2026-04-09 20:32:02,849] Trial 19 finished with value: 0.9 and parameters: {'n_estimators': 495, 'max_depth': 14, 'min_samples_split': 4, 'min_samples_leaf': 3}. Best is trial 10 with value: 0.9.
[I 2026-04-09 20:32:03,159] Trial 20 finished with value: 0.5 and parameters: {'n_estimators': 211, 'max_depth': 10, 'min_samples_split': 2, 'min_samples_leaf': 8}. Best is trial 10 with value: 0.9.
[I 2026-04-09 20:32:03,385] Trial 21 finished with value: 0.9 and parameters: {'n_estimators': 170, 'max_depth': 12, 'min_samples_split': 3, 'min_samples_leaf': 2}. Best is trial 10 with value: 0.9.
[I 2026-04-09 20:32:03,619] Trial 22 finished with value: 0.9 and parameters: {'n_estimators': 162, 'max_depth': 8, 'min_samples_split': 3, 'min_samples_leaf': 3}. Best is trial 10 with value: 0.9.
[I 2026-04-09 20:32:03,777] Trial 23 finished with value: 0.95 and parameters: {'n_estimators': 104, 'max_depth': 11, 'min_samples_split': 4, 'min_samples_leaf': 2}. Best is trial 23 with value: 0.95.
[I 2026-04-09 20:32:03,944] Trial 24 finished with value: 0.9 and parameters: {'n_estimators': 114, 'max_depth': 4, 'min_samples_split': 4, 'min_samples_leaf': 1}. Best is trial 23 with value: 0.95.
[I 2026-04-09 20:32:04,119] Trial 25 finished with value: 0.85 and parameters: {'n_estimators': 135, 'max_depth': 18, 'min_samples_split': 6, 'min_samples_leaf': 3}. Best is trial 23 with value: 0.95.
[I 2026-04-09 20:32:04,312] Trial 26 finished with value: 0.85 and parameters: {'n_estimators': 143, 'max_depth': 13, 'min_samples_split': 2, 'min_samples_leaf': 2}. Best is trial 23 with value: 0.95.
[I 2026-04-09 20:32:04,563] Trial 27 finished with value: 0.9 and parameters: {'n_estimators': 204, 'max_depth': 10, 'min_samples_split': 4, 'min_samples_leaf': 1}. Best is trial 23 with value: 0.95.
[I 2026-04-09 20:32:04,725] Trial 28 finished with value: 0.8 and parameters: {'n_estimators': 107, 'max_depth': 6, 'min_samples_split': 5, 'min_samples_leaf': 4}. Best is trial 23 with value: 0.95.
[I 2026-04-09 20:32:05,026] Trial 29 finished with value: 0.8 and parameters: {'n_estimators': 245, 'max_depth': 12, 'min_samples_split': 3, 'min_samples_leaf': 6}. Best is trial 23 with value: 0.95.
[I 2026-04-09 20:32:06,941] A new study created in memory with name: mlp
[I 2026-04-09 20:32:06,985] Trial 0 finished with value: 0.65 and parameters: {'hidden_layer_sizes': (200,), 'max_iter': 50, 'alpha': 0.001}. Best is trial 0 with value: 0.65.
[I 2026-04-09 20:32:07,031] Trial 1 finished with value: 0.8 and parameters: {'hidden_layer_sizes': (200,), 'max_iter': 50, 'alpha': 0.0001}. Best is trial 1 with value: 0.8.
[I 2026-04-09 20:32:07,077] Trial 2 finished with value: 0.8 and parameters: {'hidden_layer_sizes': (100,), 'max_iter': 50, 'alpha': 0.0001}. Best is trial 1 with value: 0.8.
[I 2026-04-09 20:32:07,132] Trial 3 finished with value: 0.7 and parameters: {'hidden_layer_sizes': (100,), 'max_iter': 100, 'alpha': 0.001}. Best is trial 1 with value: 0.8.
[I 2026-04-09 20:32:07,192] Trial 4 finished with value: 0.65 and parameters: {'hidden_layer_sizes': (200,), 'max_iter': 100, 'alpha': 0.001}. Best is trial 1 with value: 0.8.
[I 2026-04-09 20:32:07,235] Trial 5 finished with value: 0.6 and parameters: {'hidden_layer_sizes': (200,), 'max_iter': 50, 'alpha': 0.001}. Best is trial 1 with value: 0.8.
[I 2026-04-09 20:32:07,305] Trial 6 finished with value: 0.6 and parameters: {'hidden_layer_sizes': (100,), 'max_iter': 100, 'alpha': 0.0001}. Best is trial 1 with value: 0.8.
[I 2026-04-09 20:32:07,354] Trial 7 finished with value: 0.55 and parameters: {'hidden_layer_sizes': (100, 100), 'max_iter': 50, 'alpha': 0.0001}. Best is trial 1 with value: 0.8.
[I 2026-04-09 20:32:07,431] Trial 8 finished with value: 0.55 and parameters: {'hidden_layer_sizes': (100, 100), 'max_iter': 100, 'alpha': 0.0001}. Best is trial 1 with value: 0.8.
[I 2026-04-09 20:32:07,467] Trial 9 finished with value: 0.7 and parameters: {'hidden_layer_sizes': (100,), 'max_iter': 50, 'alpha': 0.001}. Best is trial 1 with value: 0.8.
[I 2026-04-09 20:32:07,517] Trial 10 finished with value: 0.6 and parameters: {'hidden_layer_sizes': (200,), 'max_iter': 50, 'alpha': 0.0001}. Best is trial 1 with value: 0.8.
[I 2026-04-09 20:32:07,563] Trial 11 finished with value: 0.7 and parameters: {'hidden_layer_sizes': (100,), 'max_iter': 50, 'alpha': 0.0001}. Best is trial 1 with value: 0.8.
[I 2026-04-09 20:32:07,605] Trial 12 finished with value: 0.7 and parameters: {'hidden_layer_sizes': (200,), 'max_iter': 50, 'alpha': 0.0001}. Best is trial 1 with value: 0.8.
[I 2026-04-09 20:32:07,640] Trial 13 finished with value: 0.65 and parameters: {'hidden_layer_sizes': (100,), 'max_iter': 50, 'alpha': 0.0001}. Best is trial 1 with value: 0.8.
[I 2026-04-09 20:32:07,685] Trial 14 finished with value: 0.6 and parameters: {'hidden_layer_sizes': (100, 100), 'max_iter': 50, 'alpha': 0.0001}. Best is trial 1 with value: 0.8.
[I 2026-04-09 20:32:07,723] Trial 15 finished with value: 0.7 and parameters: {'hidden_layer_sizes': (200,), 'max_iter': 50, 'alpha': 0.0001}. Best is trial 1 with value: 0.8.
[I 2026-04-09 20:32:07,761] Trial 16 finished with value: 0.65 and parameters: {'hidden_layer_sizes': (100,), 'max_iter': 50, 'alpha': 0.0001}. Best is trial 1 with value: 0.8.
[I 2026-04-09 20:32:07,800] Trial 17 finished with value: 0.75 and parameters: {'hidden_layer_sizes': (200,), 'max_iter': 50, 'alpha': 0.0001}. Best is trial 1 with value: 0.8.
[I 2026-04-09 20:32:07,861] Trial 18 finished with value: 0.7 and parameters: {'hidden_layer_sizes': (100,), 'max_iter': 100, 'alpha': 0.0001}. Best is trial 1 with value: 0.8.
[I 2026-04-09 20:32:07,910] Trial 19 finished with value: 0.55 and parameters: {'hidden_layer_sizes': (100, 100), 'max_iter': 50, 'alpha': 0.0001}. Best is trial 1 with value: 0.8.
[I 2026-04-09 20:32:07,949] Trial 20 finished with value: 0.7 and parameters: {'hidden_layer_sizes': (100,), 'max_iter': 50, 'alpha': 0.0001}. Best is trial 1 with value: 0.8.
[I 2026-04-09 20:32:07,989] Trial 21 finished with value: 0.7 and parameters: {'hidden_layer_sizes': (200,), 'max_iter': 50, 'alpha': 0.0001}. Best is trial 1 with value: 0.8.
[I 2026-04-09 20:32:08,025] Trial 22 finished with value: 0.7 and parameters: {'hidden_layer_sizes': (200,), 'max_iter': 50, 'alpha': 0.0001}. Best is trial 1 with value: 0.8.
[I 2026-04-09 20:32:08,071] Trial 23 finished with value: 0.7 and parameters: {'hidden_layer_sizes': (200,), 'max_iter': 50, 'alpha': 0.0001}. Best is trial 1 with value: 0.8.
[I 2026-04-09 20:32:08,108] Trial 24 finished with value: 0.7 and parameters: {'hidden_layer_sizes': (200,), 'max_iter': 50, 'alpha': 0.0001}. Best is trial 1 with value: 0.8.
