[I 2026-04-09 20:33:55,030] Trial 15 finished with value: 0.75 and parameters: {'hidden_layer_sizes': (100,), 'max_iter': 50, 'alpha': 0.0001}. Best is trial 15 with value: 0.75.
[I 2026-04-09 20:33:55,066] Trial 16 finished with value: 0.65 and parameters: {'hidden_layer_sizes': (100,), 'max_iter': 50, 'alpha': 0.0001}. Best is trial 15 with value: 0.75.
[I 2026-04-09 20:33:55,101] Trial 17 finished with value: 0.6 and parameters: {'hidden_layer_sizes': (100,), 'max_iter': 50, 'alpha': 0.0001}. Best is trial 15 with value: 0.75.
[I 2026-04-09 20:33:55,135] Trial 18 finished with value: 0.65 and parameters: {'hidden_layer_sizes': (100,), 'max_iter': 50, 'alpha': 0.0001}. Best is trial 15 with value: 0.75.
[I 2026-04-09 20:33:55,170] Trial 19 finished with value: 0.7 and parameters: {'hidden_layer_sizes': (100,), 'max_iter': 50, 'alpha': 0.0001}. Best is trial 15 with value: 0.75.
[I 2026-04-09 20:33:55,208] Trial 20 finished with value: 0.6 and parameters: {'hidden_layer_sizes': (100,), 'max_iter': 50, 'alpha': 0.0001}. Best is trial 15 with value: 0.75.
[I 2026-04-09 20:33:55,277] Trial 21 finished with value: 0.6 and parameters: {'hidden_layer_sizes': (200,), 'max_iter': 100, 'alpha': 0.0001}. Best is trial 15 with value: 0.75.
[I 2026-04-09 20:33:55,318] Trial 22 finished with value: 0.65 and parameters: {'hidden_layer_sizes': (200,), 'max_iter': 50, 'alpha': 0.0001}. Best is trial 15 with value: 0.75.
[I 2026-04-09 20:33:55,385] Trial 23 finished with value: 0.65 and parameters: {'hidden_layer_sizes': (100, 100), 'max_iter': 100, 'alpha': 0.0001}. Best is trial 15 with value: 0.75.
[I 2026-04-09 20:33:55,424] Trial 24 finished with value: 0.65 and parameters: {'hidden_layer_sizes': (200,), 'max_iter': 50, 'alpha': 0.0001}. Best is trial 15 with value: 0.75.
[I 2026-04-09 20:33:55,480] Trial 25 finished with value: 0.7 and parameters: {'hidden_layer_sizes': (100,), 'max_iter': 50, 'alpha': 0.0001}. Best is trial 15 with value: 0.75.
[I 2026-04-09 20:33:55,536] Trial 26 finished with value: 0.65 and parameters: {'hidden_layer_sizes': (200,), 'max_iter': 100, 'alpha': 0.0001}. Best is trial 15 with value: 0.75.
[I 2026-04-09 20:33:55,574] Trial 27 finished with value: 0.6 and parameters: {'hidden_layer_sizes': (100,), 'max_iter': 50, 'alpha': 0.0001}. Best is trial 15 with value: 0.75.
[I 2026-04-09 20:33:55,651] Trial 28 finished with value: 0.65 and parameters: {'hidden_layer_sizes': (100, 100), 'max_iter': 100, 'alpha': 0.0001}. Best is trial 15 with value: 0.75.
[I 2026-04-09 20:33:55,707] Trial 29 finished with value: 0.65 and parameters: {'hidden_layer_sizes': (200,), 'max_iter': 100, 'alpha': 0.001}. Best is trial 15 with value: 0.75.
[I 2026-04-09 20:49:13,525] A new study created in memory with name: naive_bayes
Parámetros guardados en checkpoint_paysim_Doriginal_I/ag/IPC_10/best_models_ag_seed_8_space_original/naive_bayes_best_params.json


>>> Optuna tuning logreg metodo ag IPC 10 seed 8


Parámetros guardados en checkpoint_paysim_Doriginal_I/ag/IPC_10/best_models_ag_seed_8_space_original/logreg_best_params.json


>>> Optuna tuning knn metodo ag IPC 10 seed 8


Parámetros guardados en checkpoint_paysim_Doriginal_I/ag/IPC_10/best_models_ag_seed_8_space_original/knn_best_params.json


>>> Optuna tuning xgb metodo ag IPC 10 seed 8


Parámetros guardados en checkpoint_paysim_Doriginal_I/ag/IPC_10/best_models_ag_seed_8_space_original/xgb_best_params.json


>>> Optuna tuning rf metodo ag IPC 10 seed 8


Parámetros guardados en checkpoint_paysim_Doriginal_I/ag/IPC_10/best_models_ag_seed_8_space_original/rf_best_params.json


>>> Optuna tuning mlp metodo ag IPC 10 seed 8


Parámetros guardados en checkpoint_paysim_Doriginal_I/ag/IPC_10/best_models_ag_seed_8_space_original/mlp_best_params.json


>>> Optuna tuning naive_bayes metodo k_center IPC 10 seed 8


Parámetros guardados en checkpoint_paysim_Doriginal_I/k_center/IPC_10/best_models_k_center_seed_8_space_original/naive_bayes_best_params.json


>>> Optuna tuning logreg metodo k_center IPC 10 seed 8


Parámetros guardados en checkpoint_paysim_Doriginal_I/k_center/IPC_10/best_models_k_center_seed_8_space_original/logreg_best_params.json


>>> Optuna tuning knn metodo k_center IPC 10 seed 8


Parámetros guardados en checkpoint_paysim_Doriginal_I/k_center/IPC_10/best_models_k_center_seed_8_space_original/knn_best_params.json


>>> Optuna tuning xgb metodo k_center IPC 10 seed 8


Parámetros guardados en checkpoint_paysim_Doriginal_I/k_center/IPC_10/best_models_k_center_seed_8_space_original/xgb_best_params.json


>>> Optuna tuning rf metodo k_center IPC 10 seed 8


Parámetros guardados en checkpoint_paysim_Doriginal_I/k_center/IPC_10/best_models_k_center_seed_8_space_original/rf_best_params.json


>>> Optuna tuning mlp metodo k_center IPC 10 seed 8


Parámetros guardados en checkpoint_paysim_Doriginal_I/k_center/IPC_10/best_models_k_center_seed_8_space_original/mlp_best_params.json


>>> Optuna tuning naive_bayes metodo lc IPC 10 seed 8


Parámetros guardados en checkpoint_paysim_Doriginal_I/lc/IPC_10/best_models_lc_seed_8_space_original/naive_bayes_best_params.json


>>> Optuna tuning logreg metodo lc IPC 10 seed 8


Parámetros guardados en checkpoint_paysim_Doriginal_I/lc/IPC_10/best_models_lc_seed_8_space_original/logreg_best_params.json


>>> Optuna tuning knn metodo lc IPC 10 seed 8


Parámetros guardados en checkpoint_paysim_Doriginal_I/lc/IPC_10/best_models_lc_seed_8_space_original/knn_best_params.json


>>> Optuna tuning xgb metodo lc IPC 10 seed 8


Parámetros guardados en checkpoint_paysim_Doriginal_I/lc/IPC_10/best_models_lc_seed_8_space_original/xgb_best_params.json


>>> Optuna tuning rf metodo lc IPC 10 seed 8


Parámetros guardados en checkpoint_paysim_Doriginal_I/lc/IPC_10/best_models_lc_seed_8_space_original/rf_best_params.json


>>> Optuna tuning mlp metodo lc IPC 10 seed 8


Parámetros guardados en checkpoint_paysim_Doriginal_I/lc/IPC_10/best_models_lc_seed_8_space_original/mlp_best_params.json


>>> Optuna tuning naive_bayes metodo random IPC 10 seed 9


Parámetros guardados en checkpoint_paysim_Doriginal_I/random/IPC_10/best_models_random_seed_9_space_original/naive_bayes_best_params.json


>>> Optuna tuning logreg metodo random IPC 10 seed 9


Parámetros guardados en checkpoint_paysim_Doriginal_I/random/IPC_10/best_models_random_seed_9_space_original/logreg_best_params.json


>>> Optuna tuning knn metodo random IPC 10 seed 9


Parámetros guardados en checkpoint_paysim_Doriginal_I/random/IPC_10/best_models_random_seed_9_space_original/knn_best_params.json


>>> Optuna tuning xgb metodo random IPC 10 seed 9


Parámetros guardados en checkpoint_paysim_Doriginal_I/random/IPC_10/best_models_random_seed_9_space_original/xgb_best_params.json


>>> Optuna tuning rf metodo random IPC 10 seed 9


Parámetros guardados en checkpoint_paysim_Doriginal_I/random/IPC_10/best_models_random_seed_9_space_original/rf_best_params.json


>>> Optuna tuning mlp metodo random IPC 10 seed 9


Parámetros guardados en checkpoint_paysim_Doriginal_I/random/IPC_10/best_models_random_seed_9_space_original/mlp_best_params.json


>>> Optuna tuning naive_bayes metodo k-means IPC 10 seed 9


Parámetros guardados en checkpoint_paysim_Doriginal_I/k-means/IPC_10/best_models_k-means_seed_9_space_original/naive_bayes_best_params.json


>>> Optuna tuning logreg metodo k-means IPC 10 seed 9


Parámetros guardados en checkpoint_paysim_Doriginal_I/k-means/IPC_10/best_models_k-means_seed_9_space_original/logreg_best_params.json


>>> Optuna tuning knn metodo k-means IPC 10 seed 9


Parámetros guardados en checkpoint_paysim_Doriginal_I/k-means/IPC_10/best_models_k-means_seed_9_space_original/knn_best_params.json


>>> Optuna tuning xgb metodo k-means IPC 10 seed 9


Parámetros guardados en checkpoint_paysim_Doriginal_I/k-means/IPC_10/best_models_k-means_seed_9_space_original/xgb_best_params.json


>>> Optuna tuning rf metodo k-means IPC 10 seed 9


Parámetros guardados en checkpoint_paysim_Doriginal_I/k-means/IPC_10/best_models_k-means_seed_9_space_original/rf_best_params.json


>>> Optuna tuning mlp metodo k-means IPC 10 seed 9


Parámetros guardados en checkpoint_paysim_Doriginal_I/k-means/IPC_10/best_models_k-means_seed_9_space_original/mlp_best_params.json


>>> Optuna tuning naive_bayes metodo ag IPC 10 seed 9


[I 2026-04-09 20:49:16,295] Trial 0 finished with value: 0.7 and parameters: {'var_smoothing': 1.0489343501429862e-10}. Best is trial 0 with value: 0.7.
[I 2026-04-09 20:49:18,794] Trial 1 finished with value: 0.7 and parameters: {'var_smoothing': 1.0086701860885373e-09}. Best is trial 0 with value: 0.7.
[I 2026-04-09 20:49:21,410] Trial 2 finished with value: 0.7 and parameters: {'var_smoothing': 9.807235097598006e-10}. Best is trial 0 with value: 0.7.
[I 2026-04-09 20:49:23,967] Trial 3 finished with value: 0.7 and parameters: {'var_smoothing': 1.8520770828517824e-10}. Best is trial 0 with value: 0.7.
[I 2026-04-09 20:49:26,460] Trial 4 finished with value: 0.7 and parameters: {'var_smoothing': 1.9240757716714087e-10}. Best is trial 0 with value: 0.7.
[I 2026-04-09 20:49:28,994] Trial 5 finished with value: 0.7 and parameters: {'var_smoothing': 2.736007926537145e-10}. Best is trial 0 with value: 0.7.
[I 2026-04-09 20:49:31,462] Trial 6 finished with value: 0.7 and parameters: {'var_smoothing': 6.87094324185739e-10}. Best is trial 0 with value: 0.7.
[I 2026-04-09 20:49:33,914] Trial 7 finished with value: 0.7 and parameters: {'var_smoothing': 3.134745855231349e-10}. Best is trial 0 with value: 0.7.
[I 2026-04-09 20:49:36,458] Trial 8 finished with value: 0.7 and parameters: {'var_smoothing': 1.4727170077821783e-10}. Best is trial 0 with value: 0.7.
[I 2026-04-09 20:49:39,008] Trial 9 finished with value: 0.7 and parameters: {'var_smoothing': 4.909048017047017e-10}. Best is trial 0 with value: 0.7.
[I 2026-04-09 20:49:41,442] Trial 10 finished with value: 0.7 and parameters: {'var_smoothing': 4.226228455594519e-09}. Best is trial 0 with value: 0.7.
[I 2026-04-09 20:49:43,966] Trial 11 finished with value: 0.7 and parameters: {'var_smoothing': 2.8481546791169343e-09}. Best is trial 0 with value: 0.7.
[I 2026-04-09 20:49:46,507] Trial 12 finished with value: 0.7 and parameters: {'var_smoothing': 1.9032336526904254e-09}. Best is trial 0 with value: 0.7.
[I 2026-04-09 20:49:46,523] Trial 13 finished with value: 0.7 and parameters: {'var_smoothing': 1.6192707465333408e-09}. Best is trial 0 with value: 0.7.
[I 2026-04-09 20:49:46,538] Trial 14 finished with value: 0.7 and parameters: {'var_smoothing': 1.0137193502251743e-10}. Best is trial 0 with value: 0.7.
[I 2026-04-09 20:49:46,553] Trial 15 finished with value: 0.7 and parameters: {'var_smoothing': 7.233291262560306e-09}. Best is trial 0 with value: 0.7.
[I 2026-04-09 20:49:46,571] Trial 16 finished with value: 0.7 and parameters: {'var_smoothing': 5.636880428096003e-10}. Best is trial 0 with value: 0.7.
[I 2026-04-09 20:49:46,587] Trial 17 finished with value: 0.7 and parameters: {'var_smoothing': 1.2682382630515742e-09}. Best is trial 0 with value: 0.7.
[I 2026-04-09 20:49:46,605] Trial 18 finished with value: 0.7 and parameters: {'var_smoothing': 3.934685686653308e-10}. Best is trial 0 with value: 0.7.
[I 2026-04-09 20:49:46,622] Trial 19 finished with value: 0.7 and parameters: {'var_smoothing': 8.419551297505738e-10}. Best is trial 0 with value: 0.7.
[I 2026-04-09 20:49:46,652] Trial 20 finished with value: 0.7 and parameters: {'var_smoothing': 2.608399883647147e-09}. Best is trial 0 with value: 0.7.
[I 2026-04-09 20:49:46,672] Trial 21 finished with value: 0.7 and parameters: {'var_smoothing': 1.1043065925699652e-09}. Best is trial 0 with value: 0.7.
[I 2026-04-09 20:49:46,691] Trial 22 finished with value: 0.7 and parameters: {'var_smoothing': 7.818254747144452e-09}. Best is trial 0 with value: 0.7.
[I 2026-04-09 20:49:46,710] Trial 23 finished with value: 0.7 and parameters: {'var_smoothing': 4.506881416225629e-09}. Best is trial 0 with value: 0.7.
[I 2026-04-09 20:49:46,729] Trial 24 finished with value: 0.7 and parameters: {'var_smoothing': 8.370195589160265e-10}. Best is trial 0 with value: 0.7.
[I 2026-04-09 20:49:46,745] Trial 25 finished with value: 0.7 and parameters: {'var_smoothing': 1.4246564400615985e-09}. Best is trial 0 with value: 0.7.
[I 2026-04-09 20:49:46,761] Trial 26 finished with value: 0.7 and parameters: {'var_smoothing': 1.055993505169999e-10}. Best is trial 0 with value: 0.7.
[I 2026-04-09 20:49:46,778] Trial 27 finished with value: 0.7 and parameters: {'var_smoothing': 2.338070103551991e-09}. Best is trial 0 with value: 0.7.
[I 2026-04-09 20:49:46,794] Trial 28 finished with value: 0.7 and parameters: {'var_smoothing': 2.9749637796955326e-10}. Best is trial 0 with value: 0.7.
[I 2026-04-09 20:49:46,810] Trial 29 finished with value: 0.7 and parameters: {'var_smoothing': 2.1414596138226606e-10}. Best is trial 0 with value: 0.7.
[I 2026-04-09 20:49:47,930] A new study created in memory with name: logreg
[I 2026-04-09 20:49:47,991] Trial 0 finished with value: 0.25 and parameters: {'C': 0.0011268620922535318, 'penalty': 'l2'}. Best is trial 0 with value: 0.25.
[I 2026-04-09 20:49:48,056] Trial 1 finished with value: 0.6 and parameters: {'C': 0.32312678588710475, 'penalty': 'l2'}. Best is trial 1 with value: 0.6.
[I 2026-04-09 20:49:48,110] Trial 2 finished with value: 0.6 and parameters: {'C': 0.3012079745112611, 'penalty': 'l2'}. Best is trial 1 with value: 0.6.
[I 2026-04-09 20:49:48,154] Trial 3 finished with value: 0.3 and parameters: {'C': 0.004668180550042529, 'penalty': 'l2'}. Best is trial 1 with value: 0.6.
[I 2026-04-09 20:49:48,199] Trial 4 finished with value: 0.3 and parameters: {'C': 0.005135177115384908, 'penalty': 'l2'}. Best is trial 1 with value: 0.6.
[I 2026-04-09 20:49:48,243] Trial 5 finished with value: 0.25 and parameters: {'C': 0.01238207351349697, 'penalty': 'l2'}. Best is trial 1 with value: 0.6.
[I 2026-04-09 20:49:48,286] Trial 6 finished with value: 0.5 and parameters: {'C': 0.12374877330306278, 'penalty': 'l2'}. Best is trial 1 with value: 0.6.
[I 2026-04-09 20:49:48,333] Trial 7 finished with value: 0.25 and parameters: {'C': 0.017398261017749217, 'penalty': 'l2'}. Best is trial 1 with value: 0.6.
[I 2026-04-09 20:49:48,380] Trial 8 finished with value: 0.25 and parameters: {'C': 0.002632074973627294, 'penalty': 'l2'}. Best is trial 1 with value: 0.6.
[I 2026-04-09 20:49:48,446] Trial 9 finished with value: 0.4 and parameters: {'C': 0.053394091359671186, 'penalty': 'l2'}. Best is trial 1 with value: 0.6.
[I 2026-04-09 20:49:48,503] Trial 10 finished with value: 0.65 and parameters: {'C': 9.528231497855979, 'penalty': 'l2'}. Best is trial 10 with value: 0.65.
[I 2026-04-09 20:49:48,561] Trial 11 finished with value: 0.6 and parameters: {'C': 7.996735848918345, 'penalty': 'l2'}. Best is trial 10 with value: 0.65.
[I 2026-04-09 20:49:48,590] Trial 12 finished with value: 0.65 and parameters: {'C': 5.977010062666191, 'penalty': 'l2'}. Best is trial 10 with value: 0.65.
[I 2026-04-09 20:49:48,618] Trial 13 finished with value: 0.75 and parameters: {'C': 48.68563429593437, 'penalty': 'l2'}. Best is trial 13 with value: 0.75.
[I 2026-04-09 20:49:48,645] Trial 14 finished with value: 0.75 and parameters: {'C': 55.628500619581246, 'penalty': 'l2'}. Best is trial 13 with value: 0.75.
[I 2026-04-09 20:49:48,671] Trial 15 finished with value: 0.75 and parameters: {'C': 91.3031815039148, 'penalty': 'l2'}. Best is trial 13 with value: 0.75.
[I 2026-04-09 20:49:48,702] Trial 16 finished with value: 0.75 and parameters: {'C': 47.6113832019009, 'penalty': 'l2'}. Best is trial 13 with value: 0.75.
[I 2026-04-09 20:49:48,729] Trial 17 finished with value: 0.6 and parameters: {'C': 1.5928780251380492, 'penalty': 'l2'}. Best is trial 13 with value: 0.75.
[I 2026-04-09 20:49:48,755] Trial 18 finished with value: 0.75 and parameters: {'C': 26.035970390265447, 'penalty': 'l2'}. Best is trial 13 with value: 0.75.
[I 2026-04-09 20:49:48,782] Trial 19 finished with value: 0.65 and parameters: {'C': 2.2398974482264493, 'penalty': 'l2'}. Best is trial 13 with value: 0.75.
[I 2026-04-09 20:49:48,818] Trial 20 finished with value: 0.75 and parameters: {'C': 22.354939059540442, 'penalty': 'l2'}. Best is trial 13 with value: 0.75.
[I 2026-04-09 20:49:48,846] Trial 21 finished with value: 0.75 and parameters: {'C': 97.48954321075954, 'penalty': 'l2'}. Best is trial 13 with value: 0.75.
[I 2026-04-09 20:49:48,878] Trial 22 finished with value: 0.75 and parameters: {'C': 91.68147668941648, 'penalty': 'l2'}. Best is trial 13 with value: 0.75.
[I 2026-04-09 20:49:48,903] Trial 23 finished with value: 0.7 and parameters: {'C': 20.498397658674214, 'penalty': 'l2'}. Best is trial 13 with value: 0.75.
[I 2026-04-09 20:49:48,932] Trial 24 finished with value: 0.65 and parameters: {'C': 3.0416852771618967, 'penalty': 'l2'}. Best is trial 13 with value: 0.75.
[I 2026-04-09 20:49:48,960] Trial 25 finished with value: 0.75 and parameters: {'C': 43.18414871370705, 'penalty': 'l2'}. Best is trial 13 with value: 0.75.
[I 2026-04-09 20:49:48,986] Trial 26 finished with value: 0.6 and parameters: {'C': 1.0029968987122477, 'penalty': 'l2'}. Best is trial 13 with value: 0.75.
[I 2026-04-09 20:49:49,011] Trial 27 finished with value: 0.7 and parameters: {'C': 12.570504560508471, 'penalty': 'l2'}. Best is trial 13 with value: 0.75.
[I 2026-04-09 20:49:49,043] Trial 28 finished with value: 0.75 and parameters: {'C': 49.36814602488874, 'penalty': 'l2'}. Best is trial 13 with value: 0.75.
[I 2026-04-09 20:49:49,081] Trial 29 finished with value: 0.65 and parameters: {'C': 5.775306414117265, 'penalty': 'l2'}. Best is trial 13 with value: 0.75.
[I 2026-04-09 20:49:50,159] A new study created in memory with name: knn
[I 2026-04-09 20:49:50,194] Trial 0 finished with value: 0.8 and parameters: {'n_neighbors': 3, 'leaf_size': 30, 'p': 1}. Best is trial 0 with value: 0.8.
[I 2026-04-09 20:49:50,240] Trial 1 finished with value: 0.65 and parameters: {'n_neighbors': 4, 'leaf_size': 24, 'p': 1}. Best is trial 0 with value: 0.8.
[I 2026-04-09 20:49:50,286] Trial 2 finished with value: 0.7 and parameters: {'n_neighbors': 3, 'leaf_size': 27, 'p': 2}. Best is trial 0 with value: 0.8.
[I 2026-04-09 20:49:50,342] Trial 3 finished with value: 0.45 and parameters: {'n_neighbors': 10, 'leaf_size': 20, 'p': 1}. Best is trial 0 with value: 0.8.
[I 2026-04-09 20:49:50,408] Trial 4 finished with value: 0.45 and parameters: {'n_neighbors': 10, 'leaf_size': 34, 'p': 2}. Best is trial 0 with value: 0.8.
[I 2026-04-09 20:49:50,444] Trial 5 finished with value: 0.5 and parameters: {'n_neighbors': 6, 'leaf_size': 34, 'p': 1}. Best is trial 0 with value: 0.8.
[I 2026-04-09 20:49:50,501] Trial 6 finished with value: 0.45 and parameters: {'n_neighbors': 10, 'leaf_size': 36, 'p': 1}. Best is trial 0 with value: 0.8.
[I 2026-04-09 20:49:50,548] Trial 7 finished with value: 0.6 and parameters: {'n_neighbors': 7, 'leaf_size': 39, 'p': 2}. Best is trial 0 with value: 0.8.
[I 2026-04-09 20:49:50,616] Trial 8 finished with value: 0.45 and parameters: {'n_neighbors': 10, 'leaf_size': 23, 'p': 2}. Best is trial 0 with value: 0.8.
[I 2026-04-09 20:49:50,685] Trial 9 finished with value: 0.45 and parameters: {'n_neighbors': 10, 'leaf_size': 35, 'p': 2}. Best is trial 0 with value: 0.8.
[I 2026-04-09 20:49:50,746] Trial 10 finished with value: 0.6 and parameters: {'n_neighbors': 5, 'leaf_size': 30, 'p': 1}. Best is trial 0 with value: 0.8.
[I 2026-04-09 20:49:50,801] Trial 11 finished with value: 0.7 and parameters: {'n_neighbors': 3, 'leaf_size': 28, 'p': 2}. Best is trial 0 with value: 0.8.
[I 2026-04-09 20:49:50,825] Trial 12 finished with value: 0.7 and parameters: {'n_neighbors': 3, 'leaf_size': 28, 'p': 2}. Best is trial 0 with value: 0.8.
[I 2026-04-09 20:49:50,848] Trial 13 finished with value: 0.65 and parameters: {'n_neighbors': 4, 'leaf_size': 26, 'p': 1}. Best is trial 0 with value: 0.8.
[I 2026-04-09 20:49:50,892] Trial 14 finished with value: 0.5 and parameters: {'n_neighbors': 8, 'leaf_size': 30, 'p': 1}. Best is trial 0 with value: 0.8.
[I 2026-04-09 20:49:50,916] Trial 15 finished with value: 0.5 and parameters: {'n_neighbors': 5, 'leaf_size': 31, 'p': 2}. Best is trial 0 with value: 0.8.
[I 2026-04-09 20:49:50,939] Trial 16 finished with value: 0.8 and parameters: {'n_neighbors': 3, 'leaf_size': 25, 'p': 1}. Best is trial 0 with value: 0.8.
[I 2026-04-09 20:49:50,980] Trial 17 finished with value: 0.65 and parameters: {'n_neighbors': 4, 'leaf_size': 20, 'p': 1}. Best is trial 0 with value: 0.8.
[I 2026-04-09 20:49:51,025] Trial 18 finished with value: 0.5 and parameters: {'n_neighbors': 8, 'leaf_size': 24, 'p': 1}. Best is trial 0 with value: 0.8.
[I 2026-04-09 20:49:51,048] Trial 19 finished with value: 0.6 and parameters: {'n_neighbors': 5, 'leaf_size': 32, 'p': 1}. Best is trial 0 with value: 0.8.
[I 2026-04-09 20:49:51,072] Trial 20 finished with value: 0.5 and parameters: {'n_neighbors': 6, 'leaf_size': 22, 'p': 1}. Best is trial 0 with value: 0.8.
[I 2026-04-09 20:49:51,405] Trial 21 finished with value: 0.7 and parameters: {'n_neighbors': 3, 'leaf_size': 27, 'p': 2}. Best is trial 0 with value: 0.8.
[I 2026-04-09 20:49:51,428] Trial 22 finished with value: 0.8 and parameters: {'n_neighbors': 3, 'leaf_size': 26, 'p': 1}. Best is trial 0 with value: 0.8.
[I 2026-04-09 20:49:51,455] Trial 23 finished with value: 0.65 and parameters: {'n_neighbors': 4, 'leaf_size': 25, 'p': 1}. Best is trial 0 with value: 0.8.
[I 2026-04-09 20:49:51,480] Trial 24 finished with value: 0.8 and parameters: {'n_neighbors': 3, 'leaf_size': 29, 'p': 1}. Best is trial 0 with value: 0.8.
[I 2026-04-09 20:49:51,506] Trial 25 finished with value: 0.65 and parameters: {'n_neighbors': 4, 'leaf_size': 22, 'p': 1}. Best is trial 0 with value: 0.8.
[I 2026-04-09 20:49:51,545] Trial 26 finished with value: 0.6 and parameters: {'n_neighbors': 5, 'leaf_size': 32, 'p': 1}. Best is trial 0 with value: 0.8.
