[I 2026-04-07 01:36:26,246] Trial 27 finished with value: 0.7 and parameters: {'n_neighbors': 3, 'leaf_size': 28, 'p': 2}. Best is trial 1 with value: 0.75.
[I 2026-04-07 01:36:26,284] Trial 28 finished with value: 0.7 and parameters: {'n_neighbors': 6, 'leaf_size': 21, 'p': 1}. Best is trial 1 with value: 0.75.
[I 2026-04-07 01:36:26,313] Trial 29 finished with value: 0.7 and parameters: {'n_neighbors': 5, 'leaf_size': 26, 'p': 1}. Best is trial 1 with value: 0.75.
[I 2026-04-07 01:36:26,994] A new study created in memory with name: xgb
[I 2026-04-07 01:36:27,020] Trial 0 finished with value: 0.9 and parameters: {'n_estimators': 40, 'max_depth': 5, 'gamma': 0.4874219364632415, 'subsample': 0.7011756800186824, 'colsample_bytree': 0.7613373356762848}. Best is trial 0 with value: 0.9.
[I 2026-04-07 01:36:27,046] Trial 1 finished with value: 0.85 and parameters: {'n_estimators': 40, 'max_depth': 5, 'gamma': 0.483482593428573, 'subsample': 0.6445375140090439, 'colsample_bytree': 0.9869276206002231}. Best is trial 0 with value: 0.9.
[I 2026-04-07 01:36:27,073] Trial 2 finished with value: 0.75 and parameters: {'n_estimators': 10, 'max_depth': 5, 'gamma': 0.16384856027517886, 'subsample': 0.6123849694840227, 'colsample_bytree': 0.6968174574718025}. Best is trial 0 with value: 0.9.
[I 2026-04-07 01:36:27,111] Trial 3 finished with value: 0.9 and parameters: {'n_estimators': 100, 'max_depth': 30, 'gamma': 0.7877441182293641, 'subsample': 0.9694019566553859, 'colsample_bytree': 0.6598448982335139}. Best is trial 0 with value: 0.9.
[I 2026-04-07 01:36:27,149] Trial 4 finished with value: 0.7 and parameters: {'n_estimators': 100, 'max_depth': 5, 'gamma': 0.816017102586079, 'subsample': 0.5160040782128984, 'colsample_bytree': 0.7277239110529665}. Best is trial 0 with value: 0.9.
[I 2026-04-07 01:36:27,177] Trial 5 finished with value: 0.8 and parameters: {'n_estimators': 40, 'max_depth': 20, 'gamma': 0.6643500821697236, 'subsample': 0.6076588997363731, 'colsample_bytree': 0.5754850538287481}. Best is trial 0 with value: 0.9.
[I 2026-04-07 01:36:27,214] Trial 6 finished with value: 0.85 and parameters: {'n_estimators': 100, 'max_depth': 20, 'gamma': 0.6361752212866232, 'subsample': 0.8309913561372338, 'colsample_bytree': 0.7552902276266351}. Best is trial 0 with value: 0.9.
[I 2026-04-07 01:36:27,242] Trial 7 finished with value: 0.9 and parameters: {'n_estimators': 10, 'max_depth': 5, 'gamma': 0.5767347850317142, 'subsample': 0.7995431264700696, 'colsample_bytree': 0.8604622333437917}. Best is trial 0 with value: 0.9.
[I 2026-04-07 01:36:27,280] Trial 8 finished with value: 0.9 and parameters: {'n_estimators': 100, 'max_depth': 20, 'gamma': 0.8470554948938058, 'subsample': 0.860339005739911, 'colsample_bytree': 0.9331308414408237}. Best is trial 0 with value: 0.9.
[I 2026-04-07 01:36:27,308] Trial 9 finished with value: 0.85 and parameters: {'n_estimators': 100, 'max_depth': 30, 'gamma': 0.574951454577921, 'subsample': 0.9696020680119358, 'colsample_bytree': 0.8616917074936369}. Best is trial 0 with value: 0.9.
[I 2026-04-07 01:36:27,346] Trial 10 finished with value: 0.8 and parameters: {'n_estimators': 40, 'max_depth': 5, 'gamma': 0.32359117507032664, 'subsample': 0.7187470692461426, 'colsample_bytree': 0.525322130410742}. Best is trial 0 with value: 0.9.
[I 2026-04-07 01:36:27,386] Trial 11 finished with value: 0.9 and parameters: {'n_estimators': 40, 'max_depth': 30, 'gamma': 0.9894607367239925, 'subsample': 0.9936863886710298, 'colsample_bytree': 0.6406422464679155}. Best is trial 0 with value: 0.9.
[I 2026-04-07 01:36:27,435] Trial 12 finished with value: 0.9 and parameters: {'n_estimators': 100, 'max_depth': 30, 'gamma': 0.41000154180441223, 'subsample': 0.9102642083410418, 'colsample_bytree': 0.7966826645246926}. Best is trial 0 with value: 0.9.
[I 2026-04-07 01:36:27,472] Trial 13 finished with value: 0.9 and parameters: {'n_estimators': 40, 'max_depth': 30, 'gamma': 0.7634508869434558, 'subsample': 0.7218695238410973, 'colsample_bytree': 0.617081554997877}. Best is trial 0 with value: 0.9.
[I 2026-04-07 01:36:27,510] Trial 14 finished with value: 0.75 and parameters: {'n_estimators': 10, 'max_depth': 30, 'gamma': 0.267735008048098, 'subsample': 0.7662531841385003, 'colsample_bytree': 0.6617151461249409}. Best is trial 0 with value: 0.9.
[I 2026-04-07 01:36:27,547] Trial 15 finished with value: 0.95 and parameters: {'n_estimators': 100, 'max_depth': 5, 'gamma': 0.9580012573419359, 'subsample': 0.8937959292425878, 'colsample_bytree': 0.8088384913613275}. Best is trial 15 with value: 0.95.
[I 2026-04-07 01:36:27,584] Trial 16 finished with value: 0.95 and parameters: {'n_estimators': 40, 'max_depth': 5, 'gamma': 0.9979921611734516, 'subsample': 0.9020081022924192, 'colsample_bytree': 0.8148006758179317}. Best is trial 15 with value: 0.95.
[I 2026-04-07 01:36:27,622] Trial 17 finished with value: 0.95 and parameters: {'n_estimators': 100, 'max_depth': 5, 'gamma': 0.9584207182666064, 'subsample': 0.89479851650684, 'colsample_bytree': 0.8337506056991114}. Best is trial 15 with value: 0.95.
[I 2026-04-07 01:36:27,659] Trial 18 finished with value: 0.95 and parameters: {'n_estimators': 40, 'max_depth': 5, 'gamma': 0.8979347996686083, 'subsample': 0.9237700225767305, 'colsample_bytree': 0.9229389280974605}. Best is trial 15 with value: 0.95.
[I 2026-04-07 01:36:27,697] Trial 19 finished with value: 0.85 and parameters: {'n_estimators': 10, 'max_depth': 5, 'gamma': 0.7142916344303836, 'subsample': 0.8365609293378498, 'colsample_bytree': 0.9125781889769587}. Best is trial 15 with value: 0.95.
[I 2026-04-07 01:36:27,734] Trial 20 finished with value: 0.9 and parameters: {'n_estimators': 100, 'max_depth': 5, 'gamma': 0.911339610592857, 'subsample': 0.8845097831209527, 'colsample_bytree': 0.8036232713861481}. Best is trial 15 with value: 0.95.
[I 2026-04-07 01:36:27,772] Trial 21 finished with value: 0.95 and parameters: {'n_estimators': 100, 'max_depth': 5, 'gamma': 0.990293330400457, 'subsample': 0.9201267288911499, 'colsample_bytree': 0.8437508955702298}. Best is trial 15 with value: 0.95.
[I 2026-04-07 01:36:27,812] Trial 22 finished with value: 0.9 and parameters: {'n_estimators': 100, 'max_depth': 5, 'gamma': 0.9358313630630728, 'subsample': 0.808416555385731, 'colsample_bytree': 0.8115468427649607}. Best is trial 15 with value: 0.95.
[I 2026-04-07 01:36:27,863] Trial 23 finished with value: 0.95 and parameters: {'n_estimators': 100, 'max_depth': 5, 'gamma': 0.8821083556648117, 'subsample': 0.8904557533420165, 'colsample_bytree': 0.8628768139233337}. Best is trial 15 with value: 0.95.
[I 2026-04-07 01:36:27,912] Trial 24 finished with value: 0.95 and parameters: {'n_estimators': 100, 'max_depth': 5, 'gamma': 0.9835167483233981, 'subsample': 0.9266123964982078, 'colsample_bytree': 0.7247116233101744}. Best is trial 15 with value: 0.95.
[I 2026-04-07 01:36:27,952] Trial 25 finished with value: 0.8 and parameters: {'n_estimators': 40, 'max_depth': 20, 'gamma': 0.7371154829941028, 'subsample': 0.7721195398470228, 'colsample_bytree': 0.7914875290019925}. Best is trial 15 with value: 0.95.
[I 2026-04-07 01:36:27,990] Trial 26 finished with value: 0.9 and parameters: {'n_estimators': 100, 'max_depth': 5, 'gamma': 0.8458228931319864, 'subsample': 0.8665087845639469, 'colsample_bytree': 0.8934640287334401}. Best is trial 15 with value: 0.95.
[I 2026-04-07 01:36:28,028] Trial 27 finished with value: 0.9 and parameters: {'n_estimators': 100, 'max_depth': 5, 'gamma': 0.9257952215601297, 'subsample': 0.9640652181130611, 'colsample_bytree': 0.8381928865147459}. Best is trial 15 with value: 0.95.
[I 2026-04-07 01:36:28,067] Trial 28 finished with value: 0.9 and parameters: {'n_estimators': 10, 'max_depth': 5, 'gamma': 0.8287200981368599, 'subsample': 0.8518963476160328, 'colsample_bytree': 0.9785628459471547}. Best is trial 15 with value: 0.95.
[I 2026-04-07 01:36:28,107] Trial 29 finished with value: 0.95 and parameters: {'n_estimators': 40, 'max_depth': 5, 'gamma': 0.6899779664341557, 'subsample': 0.9412356054830912, 'colsample_bytree': 0.7668561222659883}. Best is trial 15 with value: 0.95.
[I 2026-04-07 01:36:29,049] A new study created in memory with name: rf
[I 2026-04-07 01:36:29,496] Trial 0 finished with value: 0.7 and parameters: {'n_estimators': 450, 'max_depth': 20, 'min_samples_split': 9, 'min_samples_leaf': 6}. Best is trial 0 with value: 0.7.
[I 2026-04-07 01:36:29,704] Trial 1 finished with value: 0.85 and parameters: {'n_estimators': 193, 'max_depth': 3, 'min_samples_split': 5, 'min_samples_leaf': 5}. Best is trial 1 with value: 0.85.
[I 2026-04-07 01:36:30,012] Trial 2 finished with value: 0.8 and parameters: {'n_estimators': 309, 'max_depth': 11, 'min_samples_split': 6, 'min_samples_leaf': 6}. Best is trial 1 with value: 0.85.
[I 2026-04-07 01:36:30,421] Trial 3 finished with value: 0.8 and parameters: {'n_estimators': 405, 'max_depth': 15, 'min_samples_split': 7, 'min_samples_leaf': 5}. Best is trial 1 with value: 0.85.
[I 2026-04-07 01:36:30,660] Trial 4 finished with value: 0.9 and parameters: {'n_estimators': 215, 'max_depth': 20, 'min_samples_split': 5, 'min_samples_leaf': 3}. Best is trial 4 with value: 0.9.
[I 2026-04-07 01:36:30,828] Trial 5 finished with value: 0.85 and parameters: {'n_estimators': 126, 'max_depth': 20, 'min_samples_split': 3, 'min_samples_leaf': 4}. Best is trial 4 with value: 0.9.
[I 2026-04-07 01:36:30,986] Trial 6 finished with value: 0.5 and parameters: {'n_estimators': 128, 'max_depth': 7, 'min_samples_split': 5, 'min_samples_leaf': 9}. Best is trial 4 with value: 0.9.
[I 2026-04-07 01:36:31,295] Trial 7 finished with value: 0.8 and parameters: {'n_estimators': 238, 'max_depth': 20, 'min_samples_split': 2, 'min_samples_leaf': 4}. Best is trial 4 with value: 0.9.
[I 2026-04-07 01:36:31,564] Trial 8 finished with value: 0.9 and parameters: {'n_estimators': 252, 'max_depth': 16, 'min_samples_split': 10, 'min_samples_leaf': 4}. Best is trial 4 with value: 0.9.
[I 2026-04-07 01:36:31,873] Trial 9 finished with value: 0.5 and parameters: {'n_estimators': 273, 'max_depth': 7, 'min_samples_split': 9, 'min_samples_leaf': 7}. Best is trial 4 with value: 0.9.
[I 2026-04-07 01:36:32,236] Trial 10 finished with value: 0.85 and parameters: {'n_estimators': 340, 'max_depth': 15, 'min_samples_split': 4, 'min_samples_leaf': 1}. Best is trial 4 with value: 0.9.
[I 2026-04-07 01:36:32,472] Trial 11 finished with value: 0.85 and parameters: {'n_estimators': 198, 'max_depth': 16, 'min_samples_split': 10, 'min_samples_leaf': 2}. Best is trial 4 with value: 0.9.
[I 2026-04-07 01:36:32,906] Trial 12 finished with value: 0.9 and parameters: {'n_estimators': 365, 'max_depth': 17, 'min_samples_split': 7, 'min_samples_leaf': 3}. Best is trial 4 with value: 0.9.
[I 2026-04-07 01:36:33,158] Trial 13 finished with value: 0.85 and parameters: {'n_estimators': 221, 'max_depth': 13, 'min_samples_split': 8, 'min_samples_leaf': 1}. Best is trial 4 with value: 0.9.
[I 2026-04-07 01:36:33,460] Trial 14 finished with value: 0.85 and parameters: {'n_estimators': 278, 'max_depth': 18, 'min_samples_split': 6, 'min_samples_leaf': 3}. Best is trial 4 with value: 0.9.
[I 2026-04-07 01:36:33,654] Trial 15 finished with value: 0.5 and parameters: {'n_estimators': 153, 'max_depth': 11, 'min_samples_split': 10, 'min_samples_leaf': 8}. Best is trial 4 with value: 0.9.
[I 2026-04-07 01:36:33,936] Trial 16 finished with value: 0.8 and parameters: {'n_estimators': 248, 'max_depth': 18, 'min_samples_split': 4, 'min_samples_leaf': 3}. Best is trial 4 with value: 0.9.
[I 2026-04-07 01:36:34,181] Trial 17 finished with value: 0.5 and parameters: {'n_estimators': 175, 'max_depth': 14, 'min_samples_split': 8, 'min_samples_leaf': 10}. Best is trial 4 with value: 0.9.
[I 2026-04-07 01:36:34,697] Trial 18 finished with value: 0.85 and parameters: {'n_estimators': 485, 'max_depth': 18, 'min_samples_split': 5, 'min_samples_leaf': 4}. Best is trial 4 with value: 0.9.
[I 2026-04-07 01:36:35,052] Trial 19 finished with value: 0.85 and parameters: {'n_estimators': 316, 'max_depth': 13, 'min_samples_split': 2, 'min_samples_leaf': 2}. Best is trial 4 with value: 0.9.
[I 2026-04-07 01:36:35,497] Trial 20 finished with value: 0.9 and parameters: {'n_estimators': 373, 'max_depth': 17, 'min_samples_split': 7, 'min_samples_leaf': 2}. Best is trial 4 with value: 0.9.
[I 2026-04-07 01:36:35,905] Trial 21 finished with value: 0.85 and parameters: {'n_estimators': 360, 'max_depth': 17, 'min_samples_split': 7, 'min_samples_leaf': 3}. Best is trial 4 with value: 0.9.
[I 2026-04-07 01:36:36,363] Trial 22 finished with value: 0.85 and parameters: {'n_estimators': 396, 'max_depth': 19, 'min_samples_split': 9, 'min_samples_leaf': 4}. Best is trial 4 with value: 0.9.
[I 2026-04-07 01:36:36,698] Trial 23 finished with value: 0.85 and parameters: {'n_estimators': 274, 'max_depth': 16, 'min_samples_split': 4, 'min_samples_leaf': 3}. Best is trial 4 with value: 0.9.
[I 2026-04-07 01:36:37,144] Trial 24 finished with value: 0.9 and parameters: {'n_estimators': 426, 'max_depth': 13, 'min_samples_split': 8, 'min_samples_leaf': 5}. Best is trial 4 with value: 0.9.
[I 2026-04-07 01:36:37,509] Trial 25 finished with value: 0.85 and parameters: {'n_estimators': 328, 'max_depth': 9, 'min_samples_split': 6, 'min_samples_leaf': 2}. Best is trial 4 with value: 0.9.
[I 2026-04-07 01:36:37,797] Trial 26 finished with value: 0.6 and parameters: {'n_estimators': 226, 'max_depth': 17, 'min_samples_split': 10, 'min_samples_leaf': 7}. Best is trial 4 with value: 0.9.
[I 2026-04-07 01:36:38,112] Trial 27 finished with value: 0.9 and parameters: {'n_estimators': 288, 'max_depth': 19, 'min_samples_split': 3, 'min_samples_leaf': 1}. Best is trial 4 with value: 0.9.
[I 2026-04-07 01:36:38,316] Trial 28 finished with value: 0.9 and parameters: {'n_estimators': 168, 'max_depth': 15, 'min_samples_split': 6, 'min_samples_leaf': 4}. Best is trial 4 with value: 0.9.
[I 2026-04-07 01:36:38,601] Trial 29 finished with value: 0.8 and parameters: {'n_estimators': 254, 'max_depth': 20, 'min_samples_split': 9, 'min_samples_leaf': 6}. Best is trial 4 with value: 0.9.
[I 2026-04-07 01:36:40,895] A new study created in memory with name: mlp
[I 2026-04-07 01:36:40,938] Trial 0 finished with value: 0.7 and parameters: {'hidden_layer_sizes': (200,), 'max_iter': 50, 'alpha': 0.001}. Best is trial 0 with value: 0.7.
[I 2026-04-07 01:36:40,985] Trial 1 finished with value: 0.7 and parameters: {'hidden_layer_sizes': (200,), 'max_iter': 50, 'alpha': 0.0001}. Best is trial 0 with value: 0.7.
[I 2026-04-07 01:36:41,022] Trial 2 finished with value: 0.65 and parameters: {'hidden_layer_sizes': (100,), 'max_iter': 50, 'alpha': 0.0001}. Best is trial 0 with value: 0.7.
[I 2026-04-07 01:36:41,067] Trial 3 finished with value: 0.7 and parameters: {'hidden_layer_sizes': (100,), 'max_iter': 100, 'alpha': 0.001}. Best is trial 0 with value: 0.7.
[I 2026-04-07 01:36:41,123] Trial 4 finished with value: 0.7 and parameters: {'hidden_layer_sizes': (200,), 'max_iter': 100, 'alpha': 0.001}. Best is trial 0 with value: 0.7.
[I 2026-04-07 01:36:41,169] Trial 5 finished with value: 0.7 and parameters: {'hidden_layer_sizes': (200,), 'max_iter': 50, 'alpha': 0.001}. Best is trial 0 with value: 0.7.
[I 2026-04-07 01:36:41,225] Trial 6 finished with value: 0.7 and parameters: {'hidden_layer_sizes': (100,), 'max_iter': 100, 'alpha': 0.0001}. Best is trial 0 with value: 0.7.
[I 2026-04-07 01:36:41,270] Trial 7 finished with value: 0.7 and parameters: {'hidden_layer_sizes': (100, 100), 'max_iter': 50, 'alpha': 0.0001}. Best is trial 0 with value: 0.7.
[I 2026-04-07 01:36:41,336] Trial 8 finished with value: 0.7 and parameters: {'hidden_layer_sizes': (100, 100), 'max_iter': 100, 'alpha': 0.0001}. Best is trial 0 with value: 0.7.
[I 2026-04-07 01:36:41,372] Trial 9 finished with value: 0.7 and parameters: {'hidden_layer_sizes': (100,), 'max_iter': 50, 'alpha': 0.001}. Best is trial 0 with value: 0.7.
[I 2026-04-07 01:36:41,410] Trial 10 finished with value: 0.65 and parameters: {'hidden_layer_sizes': (200,), 'max_iter': 50, 'alpha': 0.001}. Best is trial 0 with value: 0.7.
[I 2026-04-07 01:36:41,447] Trial 11 finished with value: 0.75 and parameters: {'hidden_layer_sizes': (200,), 'max_iter': 50, 'alpha': 0.0001}. Best is trial 11 with value: 0.75.
[I 2026-04-07 01:36:41,484] Trial 12 finished with value: 0.7 and parameters: {'hidden_layer_sizes': (200,), 'max_iter': 50, 'alpha': 0.0001}. Best is trial 11 with value: 0.75.
[I 2026-04-07 01:36:41,530] Trial 13 finished with value: 0.7 and parameters: {'hidden_layer_sizes': (200,), 'max_iter': 50, 'alpha': 0.001}. Best is trial 11 with value: 0.75.
[I 2026-04-07 01:36:41,568] Trial 14 finished with value: 0.7 and parameters: {'hidden_layer_sizes': (200,), 'max_iter': 50, 'alpha': 0.0001}. Best is trial 11 with value: 0.75.
[I 2026-04-07 01:36:41,606] Trial 15 finished with value: 0.7 and parameters: {'hidden_layer_sizes': (200,), 'max_iter': 50, 'alpha': 0.001}. Best is trial 11 with value: 0.75.
[I 2026-04-07 01:36:41,654] Trial 16 finished with value: 0.7 and parameters: {'hidden_layer_sizes': (100, 100), 'max_iter': 50, 'alpha': 0.0001}. Best is trial 11 with value: 0.75.
[I 2026-04-07 01:36:41,702] Trial 17 finished with value: 0.7 and parameters: {'hidden_layer_sizes': (200,), 'max_iter': 50, 'alpha': 0.001}. Best is trial 11 with value: 0.75.
[I 2026-04-07 01:36:41,760] Trial 18 finished with value: 0.7 and parameters: {'hidden_layer_sizes': (200,), 'max_iter': 100, 'alpha': 0.0001}. Best is trial 11 with value: 0.75.
[I 2026-04-07 01:36:41,808] Trial 19 finished with value: 0.7 and parameters: {'hidden_layer_sizes': (100, 100), 'max_iter': 50, 'alpha': 0.001}. Best is trial 11 with value: 0.75.
[I 2026-04-07 01:36:41,846] Trial 20 finished with value: 0.7 and parameters: {'hidden_layer_sizes': (200,), 'max_iter': 50, 'alpha': 0.0001}. Best is trial 11 with value: 0.75.
[I 2026-04-07 01:36:41,885] Trial 21 finished with value: 0.7 and parameters: {'hidden_layer_sizes': (200,), 'max_iter': 50, 'alpha': 0.0001}. Best is trial 11 with value: 0.75.
[I 2026-04-07 01:36:41,923] Trial 22 finished with value: 0.7 and parameters: {'hidden_layer_sizes': (200,), 'max_iter': 50, 'alpha': 0.0001}. Best is trial 11 with value: 0.75.
[I 2026-04-07 01:36:41,961] Trial 23 finished with value: 0.7 and parameters: {'hidden_layer_sizes': (200,), 'max_iter': 50, 'alpha': 0.0001}. Best is trial 11 with value: 0.75.
[I 2026-04-07 01:36:41,999] Trial 24 finished with value: 0.7 and parameters: {'hidden_layer_sizes': (200,), 'max_iter': 50, 'alpha': 0.0001}. Best is trial 11 with value: 0.75.
[I 2026-04-07 01:36:42,037] Trial 25 finished with value: 0.7 and parameters: {'hidden_layer_sizes': (200,), 'max_iter': 50, 'alpha': 0.0001}. Best is trial 11 with value: 0.75.
[I 2026-04-07 01:36:42,095] Trial 26 finished with value: 0.7 and parameters: {'hidden_layer_sizes': (200,), 'max_iter': 100, 'alpha': 0.001}. Best is trial 11 with value: 0.75.
[I 2026-04-07 01:36:42,143] Trial 27 finished with value: 0.7 and parameters: {'hidden_layer_sizes': (200,), 'max_iter': 50, 'alpha': 0.0001}. Best is trial 11 with value: 0.75.
[I 2026-04-07 01:36:42,192] Trial 28 finished with value: 0.7 and parameters: {'hidden_layer_sizes': (100, 100), 'max_iter': 50, 'alpha': 0.001}. Best is trial 11 with value: 0.75.
