[I 2026-04-07 01:50:06,957] Trial 6 finished with value: 0.8 and parameters: {'n_estimators': 100, 'max_depth': 20, 'gamma': 0.6361752212866232, 'subsample': 0.8309913561372338, 'colsample_bytree': 0.7552902276266351}. Best is trial 1 with value: 0.8.
[I 2026-04-07 01:50:07,006] Trial 7 finished with value: 0.7 and parameters: {'n_estimators': 10, 'max_depth': 5, 'gamma': 0.5767347850317142, 'subsample': 0.7995431264700696, 'colsample_bytree': 0.8604622333437917}. Best is trial 1 with value: 0.8.
[I 2026-04-07 01:50:07,061] Trial 8 finished with value: 0.75 and parameters: {'n_estimators': 100, 'max_depth': 20, 'gamma': 0.8470554948938058, 'subsample': 0.860339005739911, 'colsample_bytree': 0.9331308414408237}. Best is trial 1 with value: 0.8.
[I 2026-04-07 01:50:07,106] Trial 9 finished with value: 0.8 and parameters: {'n_estimators': 100, 'max_depth': 30, 'gamma': 0.574951454577921, 'subsample': 0.9696020680119358, 'colsample_bytree': 0.8616917074936369}. Best is trial 1 with value: 0.8.
[I 2026-04-07 01:50:07,161] Trial 10 finished with value: 0.75 and parameters: {'n_estimators': 40, 'max_depth': 5, 'gamma': 0.32359117507032664, 'subsample': 0.6830443145605672, 'colsample_bytree': 0.9880791395471188}. Best is trial 1 with value: 0.8.
[I 2026-04-07 01:50:07,216] Trial 11 finished with value: 0.65 and parameters: {'n_estimators': 40, 'max_depth': 5, 'gamma': 0.9894607367239925, 'subsample': 0.5005044321862977, 'colsample_bytree': 0.5018216202268676}. Best is trial 1 with value: 0.8.
[I 2026-04-07 01:50:07,251] Trial 12 finished with value: 0.9 and parameters: {'n_estimators': 100, 'max_depth': 5, 'gamma': 0.41000154180441223, 'subsample': 0.5030070381974273, 'colsample_bytree': 0.832165814276908}. Best is trial 12 with value: 0.9.
[I 2026-04-07 01:50:07,289] Trial 13 finished with value: 0.85 and parameters: {'n_estimators': 40, 'max_depth': 5, 'gamma': 0.41919473587153144, 'subsample': 0.5864969013211528, 'colsample_bytree': 0.8599008698850832}. Best is trial 12 with value: 0.9.
[I 2026-04-07 01:50:07,328] Trial 14 finished with value: 0.75 and parameters: {'n_estimators': 10, 'max_depth': 30, 'gamma': 0.3269823597568273, 'subsample': 0.54666781385404, 'colsample_bytree': 0.8369057406521745}. Best is trial 12 with value: 0.9.
[I 2026-04-07 01:50:07,378] Trial 15 finished with value: 0.9 and parameters: {'n_estimators': 100, 'max_depth': 5, 'gamma': 0.34314996093894456, 'subsample': 0.5803007451880497, 'colsample_bytree': 0.8172598184845222}. Best is trial 12 with value: 0.9.
[I 2026-04-07 01:50:07,427] Trial 16 finished with value: 0.7 and parameters: {'n_estimators': 100, 'max_depth': 5, 'gamma': 0.168161708190453, 'subsample': 0.7311770311145405, 'colsample_bytree': 0.7949798123459876}. Best is trial 12 with value: 0.9.
[I 2026-04-07 01:50:07,466] Trial 17 finished with value: 0.8 and parameters: {'n_estimators': 100, 'max_depth': 5, 'gamma': 0.28789512501295433, 'subsample': 0.558679558594741, 'colsample_bytree': 0.6507126596098641}. Best is trial 12 with value: 0.9.
[I 2026-04-07 01:50:07,505] Trial 18 finished with value: 0.85 and parameters: {'n_estimators': 100, 'max_depth': 30, 'gamma': 0.38854154205188407, 'subsample': 0.6541670200082098, 'colsample_bytree': 0.9297972485610626}. Best is trial 12 with value: 0.9.
[I 2026-04-07 01:50:07,545] Trial 19 finished with value: 0.8 and parameters: {'n_estimators': 100, 'max_depth': 20, 'gamma': 0.2541239256974885, 'subsample': 0.7745526913536138, 'colsample_bytree': 0.9140685359312362}. Best is trial 12 with value: 0.9.
[I 2026-04-07 01:50:07,584] Trial 20 finished with value: 0.8 and parameters: {'n_estimators': 100, 'max_depth': 5, 'gamma': 0.11546680719474106, 'subsample': 0.8910856426818985, 'colsample_bytree': 0.8056169892073781}. Best is trial 12 with value: 0.9.
[I 2026-04-07 01:50:07,621] Trial 21 finished with value: 0.8 and parameters: {'n_estimators': 40, 'max_depth': 5, 'gamma': 0.4559006000342157, 'subsample': 0.5773596384641466, 'colsample_bytree': 0.881718007280301}. Best is trial 12 with value: 0.9.
[I 2026-04-07 01:50:07,660] Trial 22 finished with value: 0.8 and parameters: {'n_estimators': 40, 'max_depth': 5, 'gamma': 0.39616886310338256, 'subsample': 0.6041386757184222, 'colsample_bytree': 0.7888731338099141}. Best is trial 12 with value: 0.9.
[I 2026-04-07 01:50:07,699] Trial 23 finished with value: 0.75 and parameters: {'n_estimators': 10, 'max_depth': 5, 'gamma': 0.4054986116551268, 'subsample': 0.5421738656749947, 'colsample_bytree': 0.8257797018022909}. Best is trial 12 with value: 0.9.
[I 2026-04-07 01:50:07,738] Trial 24 finished with value: 0.85 and parameters: {'n_estimators': 100, 'max_depth': 5, 'gamma': 0.23606099328747762, 'subsample': 0.5112867054031034, 'colsample_bytree': 0.8916560945452147}. Best is trial 12 with value: 0.9.
[I 2026-04-07 01:50:07,776] Trial 25 finished with value: 0.85 and parameters: {'n_estimators': 40, 'max_depth': 5, 'gamma': 0.5088981464187693, 'subsample': 0.5800260373926743, 'colsample_bytree': 0.8413058091727159}. Best is trial 12 with value: 0.9.
[I 2026-04-07 01:50:07,827] Trial 26 finished with value: 0.9 and parameters: {'n_estimators': 100, 'max_depth': 5, 'gamma': 0.3667027920698759, 'subsample': 0.6416688419082204, 'colsample_bytree': 0.7223009777784162}. Best is trial 12 with value: 0.9.
[I 2026-04-07 01:50:07,865] Trial 27 finished with value: 0.9 and parameters: {'n_estimators': 100, 'max_depth': 5, 'gamma': 0.3644193665166422, 'subsample': 0.6421134519487066, 'colsample_bytree': 0.7098201859717372}. Best is trial 12 with value: 0.9.
[I 2026-04-07 01:50:07,913] Trial 28 finished with value: 0.7 and parameters: {'n_estimators': 100, 'max_depth': 20, 'gamma': 0.21073255489633752, 'subsample': 0.7085181727248606, 'colsample_bytree': 0.6736409789716409}. Best is trial 12 with value: 0.9.
[I 2026-04-07 01:50:07,951] Trial 29 finished with value: 0.8 and parameters: {'n_estimators': 100, 'max_depth': 30, 'gamma': 0.5329232544535306, 'subsample': 0.6743600371177999, 'colsample_bytree': 0.6078912495796693}. Best is trial 12 with value: 0.9.
[I 2026-04-07 01:50:11,280] A new study created in memory with name: rf
[I 2026-04-07 01:50:11,750] Trial 0 finished with value: 0.8 and parameters: {'n_estimators': 450, 'max_depth': 20, 'min_samples_split': 9, 'min_samples_leaf': 6}. Best is trial 0 with value: 0.8.
[I 2026-04-07 01:50:11,977] Trial 1 finished with value: 0.75 and parameters: {'n_estimators': 193, 'max_depth': 3, 'min_samples_split': 5, 'min_samples_leaf': 5}. Best is trial 0 with value: 0.8.
[I 2026-04-07 01:50:12,316] Trial 2 finished with value: 0.75 and parameters: {'n_estimators': 309, 'max_depth': 11, 'min_samples_split': 6, 'min_samples_leaf': 6}. Best is trial 0 with value: 0.8.
[I 2026-04-07 01:50:12,747] Trial 3 finished with value: 0.75 and parameters: {'n_estimators': 405, 'max_depth': 15, 'min_samples_split': 7, 'min_samples_leaf': 5}. Best is trial 0 with value: 0.8.
[I 2026-04-07 01:50:13,036] Trial 4 finished with value: 0.8 and parameters: {'n_estimators': 215, 'max_depth': 20, 'min_samples_split': 5, 'min_samples_leaf': 3}. Best is trial 0 with value: 0.8.
[I 2026-04-07 01:50:13,244] Trial 5 finished with value: 0.85 and parameters: {'n_estimators': 126, 'max_depth': 20, 'min_samples_split': 3, 'min_samples_leaf': 4}. Best is trial 5 with value: 0.85.
[I 2026-04-07 01:50:13,421] Trial 6 finished with value: 0.5 and parameters: {'n_estimators': 128, 'max_depth': 7, 'min_samples_split': 5, 'min_samples_leaf': 9}. Best is trial 5 with value: 0.85.
[I 2026-04-07 01:50:13,711] Trial 7 finished with value: 0.8 and parameters: {'n_estimators': 238, 'max_depth': 20, 'min_samples_split': 2, 'min_samples_leaf': 4}. Best is trial 5 with value: 0.85.
[I 2026-04-07 01:50:14,042] Trial 8 finished with value: 0.8 and parameters: {'n_estimators': 252, 'max_depth': 16, 'min_samples_split': 10, 'min_samples_leaf': 4}. Best is trial 5 with value: 0.85.
[I 2026-04-07 01:50:14,392] Trial 9 finished with value: 0.5 and parameters: {'n_estimators': 273, 'max_depth': 7, 'min_samples_split': 9, 'min_samples_leaf': 7}. Best is trial 5 with value: 0.85.
[I 2026-04-07 01:50:14,550] Trial 10 finished with value: 0.85 and parameters: {'n_estimators': 106, 'max_depth': 15, 'min_samples_split': 2, 'min_samples_leaf': 1}. Best is trial 5 with value: 0.85.
[I 2026-04-07 01:50:14,730] Trial 11 finished with value: 0.95 and parameters: {'n_estimators': 120, 'max_depth': 15, 'min_samples_split': 2, 'min_samples_leaf': 1}. Best is trial 11 with value: 0.95.
[I 2026-04-07 01:50:14,930] Trial 12 finished with value: 0.85 and parameters: {'n_estimators': 163, 'max_depth': 17, 'min_samples_split': 3, 'min_samples_leaf': 1}. Best is trial 11 with value: 0.95.
[I 2026-04-07 01:50:15,327] Trial 13 finished with value: 0.85 and parameters: {'n_estimators': 362, 'max_depth': 12, 'min_samples_split': 3, 'min_samples_leaf': 2}. Best is trial 11 with value: 0.95.
[I 2026-04-07 01:50:15,560] Trial 14 finished with value: 0.5 and parameters: {'n_estimators': 162, 'max_depth': 12, 'min_samples_split': 3, 'min_samples_leaf': 8}. Best is trial 11 with value: 0.95.
[I 2026-04-07 01:50:15,701] Trial 15 finished with value: 0.9 and parameters: {'n_estimators': 110, 'max_depth': 18, 'min_samples_split': 4, 'min_samples_leaf': 3}. Best is trial 11 with value: 0.95.
[I 2026-04-07 01:50:16,059] Trial 16 finished with value: 0.85 and parameters: {'n_estimators': 320, 'max_depth': 17, 'min_samples_split': 4, 'min_samples_leaf': 2}. Best is trial 11 with value: 0.95.
[I 2026-04-07 01:50:16,569] Trial 17 finished with value: 0.8 and parameters: {'n_estimators': 495, 'max_depth': 14, 'min_samples_split': 7, 'min_samples_leaf': 2}. Best is trial 11 with value: 0.95.
[I 2026-04-07 01:50:16,873] Trial 18 finished with value: 0.85 and parameters: {'n_estimators': 179, 'max_depth': 18, 'min_samples_split': 4, 'min_samples_leaf': 3}. Best is trial 11 with value: 0.95.
[I 2026-04-07 01:50:17,021] Trial 19 finished with value: 0.5 and parameters: {'n_estimators': 103, 'max_depth': 10, 'min_samples_split': 2, 'min_samples_leaf': 10}. Best is trial 11 with value: 0.95.
[I 2026-04-07 01:50:17,235] Trial 20 finished with value: 0.85 and parameters: {'n_estimators': 146, 'max_depth': 13, 'min_samples_split': 4, 'min_samples_leaf': 1}. Best is trial 11 with value: 0.95.
[I 2026-04-07 01:50:17,389] Trial 21 finished with value: 0.85 and parameters: {'n_estimators': 103, 'max_depth': 18, 'min_samples_split': 3, 'min_samples_leaf': 3}. Best is trial 11 with value: 0.95.
[I 2026-04-07 01:50:17,674] Trial 22 finished with value: 0.8 and parameters: {'n_estimators': 212, 'max_depth': 18, 'min_samples_split': 2, 'min_samples_leaf': 4}. Best is trial 11 with value: 0.95.
[I 2026-04-07 01:50:17,915] Trial 23 finished with value: 0.9 and parameters: {'n_estimators': 140, 'max_depth': 18, 'min_samples_split': 4, 'min_samples_leaf': 3}. Best is trial 11 with value: 0.95.
[I 2026-04-07 01:50:18,101] Trial 24 finished with value: 0.85 and parameters: {'n_estimators': 143, 'max_depth': 16, 'min_samples_split': 6, 'min_samples_leaf': 2}. Best is trial 11 with value: 0.95.
[I 2026-04-07 01:50:18,321] Trial 25 finished with value: 0.75 and parameters: {'n_estimators': 191, 'max_depth': 14, 'min_samples_split': 4, 'min_samples_leaf': 3}. Best is trial 11 with value: 0.95.
[I 2026-04-07 01:50:18,510] Trial 26 finished with value: 0.9 and parameters: {'n_estimators': 148, 'max_depth': 18, 'min_samples_split': 5, 'min_samples_leaf': 1}. Best is trial 11 with value: 0.95.
[I 2026-04-07 01:50:18,762] Trial 27 finished with value: 0.85 and parameters: {'n_estimators': 222, 'max_depth': 9, 'min_samples_split': 6, 'min_samples_leaf': 2}. Best is trial 11 with value: 0.95.
[I 2026-04-07 01:50:19,064] Trial 28 finished with value: 0.75 and parameters: {'n_estimators': 276, 'max_depth': 16, 'min_samples_split': 7, 'min_samples_leaf': 5}. Best is trial 11 with value: 0.95.
[I 2026-04-07 01:50:19,278] Trial 29 finished with value: 0.8 and parameters: {'n_estimators': 172, 'max_depth': 19, 'min_samples_split': 4, 'min_samples_leaf': 6}. Best is trial 11 with value: 0.95.
[I 2026-04-07 01:50:21,279] A new study created in memory with name: mlp
[I 2026-04-07 01:50:21,352] Trial 0 finished with value: 0.7 and parameters: {'hidden_layer_sizes': (200,), 'max_iter': 50, 'alpha': 0.001}. Best is trial 0 with value: 0.7.
[I 2026-04-07 01:50:21,387] Trial 1 finished with value: 0.7 and parameters: {'hidden_layer_sizes': (200,), 'max_iter': 50, 'alpha': 0.0001}. Best is trial 0 with value: 0.7.
[I 2026-04-07 01:50:21,422] Trial 2 finished with value: 0.75 and parameters: {'hidden_layer_sizes': (100,), 'max_iter': 50, 'alpha': 0.0001}. Best is trial 2 with value: 0.75.
[I 2026-04-07 01:50:21,478] Trial 3 finished with value: 0.7 and parameters: {'hidden_layer_sizes': (100,), 'max_iter': 100, 'alpha': 0.001}. Best is trial 2 with value: 0.75.
[I 2026-04-07 01:50:21,525] Trial 4 finished with value: 0.7 and parameters: {'hidden_layer_sizes': (200,), 'max_iter': 100, 'alpha': 0.001}. Best is trial 2 with value: 0.75.
[I 2026-04-07 01:50:21,573] Trial 5 finished with value: 0.7 and parameters: {'hidden_layer_sizes': (200,), 'max_iter': 50, 'alpha': 0.001}. Best is trial 2 with value: 0.75.
[I 2026-04-07 01:50:21,630] Trial 6 finished with value: 0.65 and parameters: {'hidden_layer_sizes': (100,), 'max_iter': 100, 'alpha': 0.0001}. Best is trial 2 with value: 0.75.
[I 2026-04-07 01:50:21,676] Trial 7 finished with value: 0.7 and parameters: {'hidden_layer_sizes': (100, 100), 'max_iter': 50, 'alpha': 0.0001}. Best is trial 2 with value: 0.75.
[I 2026-04-07 01:50:21,742] Trial 8 finished with value: 0.65 and parameters: {'hidden_layer_sizes': (100, 100), 'max_iter': 100, 'alpha': 0.0001}. Best is trial 2 with value: 0.75.
[I 2026-04-07 01:50:21,788] Trial 9 finished with value: 0.65 and parameters: {'hidden_layer_sizes': (100,), 'max_iter': 50, 'alpha': 0.001}. Best is trial 2 with value: 0.75.
[I 2026-04-07 01:50:21,827] Trial 10 finished with value: 0.75 and parameters: {'hidden_layer_sizes': (100,), 'max_iter': 50, 'alpha': 0.0001}. Best is trial 2 with value: 0.75.
[I 2026-04-07 01:50:21,865] Trial 11 finished with value: 0.65 and parameters: {'hidden_layer_sizes': (100,), 'max_iter': 50, 'alpha': 0.0001}. Best is trial 2 with value: 0.75.
[I 2026-04-07 01:50:21,903] Trial 12 finished with value: 0.7 and parameters: {'hidden_layer_sizes': (100,), 'max_iter': 50, 'alpha': 0.0001}. Best is trial 2 with value: 0.75.
[I 2026-04-07 01:50:21,939] Trial 13 finished with value: 0.7 and parameters: {'hidden_layer_sizes': (100,), 'max_iter': 50, 'alpha': 0.0001}. Best is trial 2 with value: 0.75.
[I 2026-04-07 01:50:21,977] Trial 14 finished with value: 0.55 and parameters: {'hidden_layer_sizes': (100,), 'max_iter': 50, 'alpha': 0.0001}. Best is trial 2 with value: 0.75.
[I 2026-04-07 01:50:22,015] Trial 15 finished with value: 0.7 and parameters: {'hidden_layer_sizes': (100,), 'max_iter': 50, 'alpha': 0.0001}. Best is trial 2 with value: 0.75.
[I 2026-04-07 01:50:22,064] Trial 16 finished with value: 0.6 and parameters: {'hidden_layer_sizes': (100, 100), 'max_iter': 50, 'alpha': 0.0001}. Best is trial 2 with value: 0.75.
[I 2026-04-07 01:50:22,104] Trial 17 finished with value: 0.65 and parameters: {'hidden_layer_sizes': (100,), 'max_iter': 50, 'alpha': 0.0001}. Best is trial 2 with value: 0.75.
[I 2026-04-07 01:50:22,159] Trial 18 finished with value: 0.6 and parameters: {'hidden_layer_sizes': (100,), 'max_iter': 100, 'alpha': 0.0001}. Best is trial 2 with value: 0.75.
[I 2026-04-07 01:50:22,203] Trial 19 finished with value: 0.55 and parameters: {'hidden_layer_sizes': (100, 100), 'max_iter': 50, 'alpha': 0.0001}. Best is trial 2 with value: 0.75.
[I 2026-04-07 01:50:22,237] Trial 20 finished with value: 0.6 and parameters: {'hidden_layer_sizes': (100,), 'max_iter': 50, 'alpha': 0.0001}. Best is trial 2 with value: 0.75.
[I 2026-04-07 01:50:22,271] Trial 21 finished with value: 0.7 and parameters: {'hidden_layer_sizes': (200,), 'max_iter': 50, 'alpha': 0.001}. Best is trial 2 with value: 0.75.
[I 2026-04-07 01:50:22,305] Trial 22 finished with value: 0.65 and parameters: {'hidden_layer_sizes': (200,), 'max_iter': 50, 'alpha': 0.001}. Best is trial 2 with value: 0.75.
[I 2026-04-07 01:50:22,349] Trial 23 finished with value: 0.65 and parameters: {'hidden_layer_sizes': (200,), 'max_iter': 50, 'alpha': 0.001}. Best is trial 2 with value: 0.75.
[I 2026-04-07 01:50:22,384] Trial 24 finished with value: 0.7 and parameters: {'hidden_layer_sizes': (200,), 'max_iter': 50, 'alpha': 0.001}. Best is trial 2 with value: 0.75.
[I 2026-04-07 01:50:22,407] Trial 25 finished with value: 0.75 and parameters: {'hidden_layer_sizes': (200,), 'max_iter': 50, 'alpha': 0.001}. Best is trial 2 with value: 0.75.
[I 2026-04-07 01:50:22,452] Trial 26 finished with value: 0.75 and parameters: {'hidden_layer_sizes': (100,), 'max_iter': 100, 'alpha': 0.001}. Best is trial 2 with value: 0.75.
[I 2026-04-07 01:50:22,490] Trial 27 finished with value: 0.7 and parameters: {'hidden_layer_sizes': (100,), 'max_iter': 50, 'alpha': 0.0001}. Best is trial 2 with value: 0.75.
[I 2026-04-07 01:50:22,539] Trial 28 finished with value: 0.65 and parameters: {'hidden_layer_sizes': (100, 100), 'max_iter': 50, 'alpha': 0.001}. Best is trial 2 with value: 0.75.
[I 2026-04-07 01:50:22,577] Trial 29 finished with value: 0.65 and parameters: {'hidden_layer_sizes': (200,), 'max_iter': 50, 'alpha': 0.001}. Best is trial 2 with value: 0.75.
[I 2026-04-07 01:50:25,900] A new study created in memory with name: naive_bayes
[I 2026-04-07 01:50:25,913] Trial 0 finished with value: 0.9 and parameters: {'var_smoothing': 5.582886587978182e-09}. Best is trial 0 with value: 0.9.
[I 2026-04-07 01:50:25,926] Trial 1 finished with value: 0.9 and parameters: {'var_smoothing': 8.651299071518215e-09}. Best is trial 0 with value: 0.9.
[I 2026-04-07 01:50:25,938] Trial 2 finished with value: 0.9 and parameters: {'var_smoothing': 5.475062490474489e-09}. Best is trial 0 with value: 0.9.
[I 2026-04-07 01:50:25,950] Trial 3 finished with value: 0.9 and parameters: {'var_smoothing': 1.1526869678723134e-09}. Best is trial 0 with value: 0.9.
[I 2026-04-07 01:50:25,962] Trial 4 finished with value: 0.9 and parameters: {'var_smoothing': 2.920496270341785e-10}. Best is trial 0 with value: 0.9.
[I 2026-04-07 01:50:25,974] Trial 5 finished with value: 0.9 and parameters: {'var_smoothing': 1.0538956417705805e-10}. Best is trial 0 with value: 0.9.
[I 2026-04-07 01:50:25,986] Trial 6 finished with value: 0.9 and parameters: {'var_smoothing': 7.260016982331591e-10}. Best is trial 0 with value: 0.9.
[I 2026-04-07 01:50:25,998] Trial 7 finished with value: 0.9 and parameters: {'var_smoothing': 6.378267364653917e-10}. Best is trial 0 with value: 0.9.
[I 2026-04-07 01:50:26,010] Trial 8 finished with value: 0.9 and parameters: {'var_smoothing': 1.1100673847791952e-09}. Best is trial 0 with value: 0.9.
[I 2026-04-07 01:50:26,022] Trial 9 finished with value: 0.9 and parameters: {'var_smoothing': 9.052813879088377e-10}. Best is trial 0 with value: 0.9.
[I 2026-04-07 01:50:26,040] Trial 10 finished with value: 0.9 and parameters: {'var_smoothing': 3.20543606083287e-09}. Best is trial 0 with value: 0.9.
[I 2026-04-07 01:50:26,059] Trial 11 finished with value: 0.9 and parameters: {'var_smoothing': 8.433965140342417e-09}. Best is trial 0 with value: 0.9.
[I 2026-04-07 01:50:26,075] Trial 12 finished with value: 0.9 and parameters: {'var_smoothing': 2.860874278982245e-09}. Best is trial 0 with value: 0.9.
[I 2026-04-07 01:50:26,091] Trial 13 finished with value: 0.95 and parameters: {'var_smoothing': 9.270349036178526e-09}. Best is trial 13 with value: 0.95.
[I 2026-04-07 01:50:26,108] Trial 14 finished with value: 0.9 and parameters: {'var_smoothing': 3.052149589456594e-09}. Best is trial 13 with value: 0.95.
[I 2026-04-07 01:50:26,127] Trial 15 finished with value: 0.9 and parameters: {'var_smoothing': 4.55747349777287e-09}. Best is trial 13 with value: 0.95.
[I 2026-04-07 01:50:26,147] Trial 16 finished with value: 0.9 and parameters: {'var_smoothing': 2.1121256583298912e-09}. Best is trial 13 with value: 0.95.
[I 2026-04-07 01:50:26,163] Trial 17 finished with value: 0.95 and parameters: {'var_smoothing': 9.475004282722531e-09}. Best is trial 13 with value: 0.95.
[I 2026-04-07 01:50:26,182] Trial 18 finished with value: 0.95 and parameters: {'var_smoothing': 9.731794657886754e-09}. Best is trial 13 with value: 0.95.
[I 2026-04-07 01:50:26,202] Trial 19 finished with value: 0.9 and parameters: {'var_smoothing': 1.7137382583658845e-09}. Best is trial 13 with value: 0.95.
[I 2026-04-07 01:50:26,241] Trial 20 finished with value: 0.9 and parameters: {'var_smoothing': 3.9411854059511534e-10}. Best is trial 13 with value: 0.95.
[I 2026-04-07 01:50:26,261] Trial 21 finished with value: 0.95 and parameters: {'var_smoothing': 9.770576144905519e-09}. Best is trial 13 with value: 0.95.
[I 2026-04-07 01:50:26,280] Trial 22 finished with value: 0.9 and parameters: {'var_smoothing': 6.0131702193524276e-09}. Best is trial 13 with value: 0.95.
[I 2026-04-07 01:50:26,300] Trial 23 finished with value: 0.9 and parameters: {'var_smoothing': 4.153205629352147e-09}. Best is trial 13 with value: 0.95.
[I 2026-04-07 01:50:26,319] Trial 24 finished with value: 0.9 and parameters: {'var_smoothing': 7.084350947658166e-09}. Best is trial 13 with value: 0.95.
[I 2026-04-07 01:50:26,346] Trial 25 finished with value: 0.95 and parameters: {'var_smoothing': 9.998386322270065e-09}. Best is trial 13 with value: 0.95.
[I 2026-04-07 01:50:26,386] Trial 26 finished with value: 0.9 and parameters: {'var_smoothing': 4.3389230825282434e-09}. Best is trial 13 with value: 0.95.
[I 2026-04-07 01:50:26,405] Trial 27 finished with value: 0.9 and parameters: {'var_smoothing': 1.933087450189043e-09}. Best is trial 13 with value: 0.95.
