[I 2026-04-07 01:20:01,778] Trial 17 finished with value: 0.7 and parameters: {'n_estimators': 429, 'max_depth': 17, 'min_samples_split': 4, 'min_samples_leaf': 4}. Best is trial 10 with value: 0.9.
[I 2026-04-07 01:20:02,263] Trial 18 finished with value: 0.8 and parameters: {'n_estimators': 444, 'max_depth': 14, 'min_samples_split': 10, 'min_samples_leaf': 2}. Best is trial 10 with value: 0.9.
[I 2026-04-07 01:20:02,627] Trial 19 finished with value: 0.65 and parameters: {'n_estimators': 291, 'max_depth': 18, 'min_samples_split': 7, 'min_samples_leaf': 6}. Best is trial 10 with value: 0.9.
[I 2026-04-07 01:20:03,092] Trial 20 finished with value: 0.85 and parameters: {'n_estimators': 388, 'max_depth': 13, 'min_samples_split': 5, 'min_samples_leaf': 2}. Best is trial 10 with value: 0.9.
[I 2026-04-07 01:20:03,499] Trial 21 finished with value: 0.8 and parameters: {'n_estimators': 338, 'max_depth': 18, 'min_samples_split': 7, 'min_samples_leaf': 2}. Best is trial 10 with value: 0.9.
[I 2026-04-07 01:20:03,873] Trial 22 finished with value: 0.9 and parameters: {'n_estimators': 322, 'max_depth': 17, 'min_samples_split': 8, 'min_samples_leaf': 1}. Best is trial 10 with value: 0.9.
[I 2026-04-07 01:20:04,230] Trial 23 finished with value: 0.85 and parameters: {'n_estimators': 290, 'max_depth': 19, 'min_samples_split': 6, 'min_samples_leaf': 2}. Best is trial 10 with value: 0.9.
[I 2026-04-07 01:20:04,625] Trial 24 finished with value: 0.75 and parameters: {'n_estimators': 359, 'max_depth': 16, 'min_samples_split': 9, 'min_samples_leaf': 4}. Best is trial 10 with value: 0.9.
[I 2026-04-07 01:20:05,100] Trial 25 finished with value: 0.9 and parameters: {'n_estimators': 409, 'max_depth': 9, 'min_samples_split': 7, 'min_samples_leaf': 1}. Best is trial 10 with value: 0.9.
[I 2026-04-07 01:20:05,616] Trial 26 finished with value: 0.75 and parameters: {'n_estimators': 457, 'max_depth': 19, 'min_samples_split': 3, 'min_samples_leaf': 3}. Best is trial 10 with value: 0.9.
[I 2026-04-07 01:20:06,042] Trial 27 finished with value: 0.7 and parameters: {'n_estimators': 411, 'max_depth': 13, 'min_samples_split': 9, 'min_samples_leaf': 4}. Best is trial 10 with value: 0.9.
[I 2026-04-07 01:20:06,430] Trial 28 finished with value: 0.85 and parameters: {'n_estimators': 309, 'max_depth': 16, 'min_samples_split': 6, 'min_samples_leaf': 2}. Best is trial 10 with value: 0.9.
[I 2026-04-07 01:20:06,585] Trial 29 finished with value: 0.85 and parameters: {'n_estimators': 118, 'max_depth': 18, 'min_samples_split': 5, 'min_samples_leaf': 1}. Best is trial 10 with value: 0.9.
[I 2026-04-07 01:20:13,222] A new study created in memory with name: mlp
[I 2026-04-07 01:20:13,277] Trial 0 finished with value: 0.6 and parameters: {'hidden_layer_sizes': (200,), 'max_iter': 100, 'alpha': 0.0001}. Best is trial 0 with value: 0.6.
[I 2026-04-07 01:20:13,363] Trial 1 finished with value: 0.65 and parameters: {'hidden_layer_sizes': (100, 100), 'max_iter': 100, 'alpha': 0.0001}. Best is trial 1 with value: 0.65.
[I 2026-04-07 01:20:13,429] Trial 2 finished with value: 0.6 and parameters: {'hidden_layer_sizes': (200,), 'max_iter': 100, 'alpha': 0.001}. Best is trial 1 with value: 0.65.
[I 2026-04-07 01:20:13,464] Trial 3 finished with value: 0.65 and parameters: {'hidden_layer_sizes': (100,), 'max_iter': 50, 'alpha': 0.001}. Best is trial 1 with value: 0.65.
[I 2026-04-07 01:20:13,500] Trial 4 finished with value: 0.55 and parameters: {'hidden_layer_sizes': (100,), 'max_iter': 50, 'alpha': 0.0001}. Best is trial 1 with value: 0.65.
[I 2026-04-07 01:20:13,535] Trial 5 finished with value: 0.65 and parameters: {'hidden_layer_sizes': (100,), 'max_iter': 50, 'alpha': 0.0001}. Best is trial 1 with value: 0.65.
[I 2026-04-07 01:20:13,571] Trial 6 finished with value: 0.65 and parameters: {'hidden_layer_sizes': (100,), 'max_iter': 50, 'alpha': 0.0001}. Best is trial 1 with value: 0.65.
[I 2026-04-07 01:20:13,607] Trial 7 finished with value: 0.7 and parameters: {'hidden_layer_sizes': (100,), 'max_iter': 50, 'alpha': 0.0001}. Best is trial 7 with value: 0.7.
[I 2026-04-07 01:20:13,652] Trial 8 finished with value: 0.65 and parameters: {'hidden_layer_sizes': (200,), 'max_iter': 100, 'alpha': 0.0001}. Best is trial 7 with value: 0.7.
[I 2026-04-07 01:20:13,689] Trial 9 finished with value: 0.7 and parameters: {'hidden_layer_sizes': (200,), 'max_iter': 50, 'alpha': 0.0001}. Best is trial 7 with value: 0.7.
[I 2026-04-07 01:20:13,738] Trial 10 finished with value: 0.6 and parameters: {'hidden_layer_sizes': (100, 100), 'max_iter': 50, 'alpha': 0.001}. Best is trial 7 with value: 0.7.
[I 2026-04-07 01:20:13,775] Trial 11 finished with value: 0.65 and parameters: {'hidden_layer_sizes': (200,), 'max_iter': 50, 'alpha': 0.0001}. Best is trial 7 with value: 0.7.
[I 2026-04-07 01:20:13,810] Trial 12 finished with value: 0.65 and parameters: {'hidden_layer_sizes': (100,), 'max_iter': 50, 'alpha': 0.0001}. Best is trial 7 with value: 0.7.
[I 2026-04-07 01:20:13,857] Trial 13 finished with value: 0.7 and parameters: {'hidden_layer_sizes': (200,), 'max_iter': 50, 'alpha': 0.0001}. Best is trial 7 with value: 0.7.
[I 2026-04-07 01:20:13,905] Trial 14 finished with value: 0.65 and parameters: {'hidden_layer_sizes': (100, 100), 'max_iter': 50, 'alpha': 0.001}. Best is trial 7 with value: 0.7.
[I 2026-04-07 01:20:13,953] Trial 15 finished with value: 0.6 and parameters: {'hidden_layer_sizes': (100,), 'max_iter': 50, 'alpha': 0.0001}. Best is trial 7 with value: 0.7.
[I 2026-04-07 01:20:13,991] Trial 16 finished with value: 0.7 and parameters: {'hidden_layer_sizes': (200,), 'max_iter': 50, 'alpha': 0.0001}. Best is trial 7 with value: 0.7.
[I 2026-04-07 01:20:14,028] Trial 17 finished with value: 0.55 and parameters: {'hidden_layer_sizes': (100,), 'max_iter': 50, 'alpha': 0.0001}. Best is trial 7 with value: 0.7.
[I 2026-04-07 01:20:14,096] Trial 18 finished with value: 0.6 and parameters: {'hidden_layer_sizes': (200,), 'max_iter': 100, 'alpha': 0.001}. Best is trial 7 with value: 0.7.
[I 2026-04-07 01:20:14,144] Trial 19 finished with value: 0.6 and parameters: {'hidden_layer_sizes': (100, 100), 'max_iter': 50, 'alpha': 0.0001}. Best is trial 7 with value: 0.7.
[I 2026-04-07 01:20:14,182] Trial 20 finished with value: 0.7 and parameters: {'hidden_layer_sizes': (200,), 'max_iter': 50, 'alpha': 0.0001}. Best is trial 7 with value: 0.7.
[I 2026-04-07 01:20:14,221] Trial 21 finished with value: 0.65 and parameters: {'hidden_layer_sizes': (200,), 'max_iter': 50, 'alpha': 0.0001}. Best is trial 7 with value: 0.7.
[I 2026-04-07 01:20:14,255] Trial 22 finished with value: 0.65 and parameters: {'hidden_layer_sizes': (200,), 'max_iter': 50, 'alpha': 0.0001}. Best is trial 7 with value: 0.7.
[I 2026-04-07 01:20:14,289] Trial 23 finished with value: 0.65 and parameters: {'hidden_layer_sizes': (200,), 'max_iter': 50, 'alpha': 0.0001}. Best is trial 7 with value: 0.7.
[I 2026-04-07 01:20:14,324] Trial 24 finished with value: 0.6 and parameters: {'hidden_layer_sizes': (200,), 'max_iter': 50, 'alpha': 0.0001}. Best is trial 7 with value: 0.7.
[I 2026-04-07 01:20:14,362] Trial 25 finished with value: 0.65 and parameters: {'hidden_layer_sizes': (100,), 'max_iter': 50, 'alpha': 0.0001}. Best is trial 7 with value: 0.7.
[I 2026-04-07 01:20:14,409] Trial 26 finished with value: 0.6 and parameters: {'hidden_layer_sizes': (200,), 'max_iter': 100, 'alpha': 0.001}. Best is trial 7 with value: 0.7.
[I 2026-04-07 01:20:14,457] Trial 27 finished with value: 0.7 and parameters: {'hidden_layer_sizes': (200,), 'max_iter': 50, 'alpha': 0.0001}. Best is trial 7 with value: 0.7.
[I 2026-04-07 01:20:14,516] Trial 28 finished with value: 0.65 and parameters: {'hidden_layer_sizes': (100, 100), 'max_iter': 50, 'alpha': 0.0001}. Best is trial 7 with value: 0.7.
[I 2026-04-07 01:20:14,564] Trial 29 finished with value: 0.6 and parameters: {'hidden_layer_sizes': (100,), 'max_iter': 100, 'alpha': 0.0001}. Best is trial 7 with value: 0.7.
[I 2026-04-07 01:20:20,714] A new study created in memory with name: naive_bayes
[I 2026-04-07 01:20:20,727] Trial 0 finished with value: 0.85 and parameters: {'var_smoothing': 1.4210736239935712e-10}. Best is trial 0 with value: 0.85.
[I 2026-04-07 01:20:20,740] Trial 1 finished with value: 0.85 and parameters: {'var_smoothing': 3.629422978396398e-09}. Best is trial 0 with value: 0.85.
[I 2026-04-07 01:20:20,752] Trial 2 finished with value: 0.85 and parameters: {'var_smoothing': 7.530407234027127e-10}. Best is trial 0 with value: 0.85.
[I 2026-04-07 01:20:20,764] Trial 3 finished with value: 0.85 and parameters: {'var_smoothing': 2.7985325053380072e-09}. Best is trial 0 with value: 0.85.
[I 2026-04-07 01:20:20,776] Trial 4 finished with value: 0.85 and parameters: {'var_smoothing': 9.036058293737187e-09}. Best is trial 0 with value: 0.85.
[I 2026-04-07 01:20:20,787] Trial 5 finished with value: 0.85 and parameters: {'var_smoothing': 1.1939653980558784e-09}. Best is trial 0 with value: 0.85.
[I 2026-04-07 01:20:20,799] Trial 6 finished with value: 0.85 and parameters: {'var_smoothing': 1.005173261185167e-09}. Best is trial 0 with value: 0.85.
[I 2026-04-07 01:20:20,811] Trial 7 finished with value: 0.85 and parameters: {'var_smoothing': 1.393484899105757e-10}. Best is trial 0 with value: 0.85.
[I 2026-04-07 01:20:20,823] Trial 8 finished with value: 0.85 and parameters: {'var_smoothing': 3.4425317961147986e-10}. Best is trial 0 with value: 0.85.
[I 2026-04-07 01:20:20,845] Trial 9 finished with value: 0.85 and parameters: {'var_smoothing': 9.994590426751933e-10}. Best is trial 0 with value: 0.85.
[I 2026-04-07 01:20:20,860] Trial 10 finished with value: 0.85 and parameters: {'var_smoothing': 1.9079938112167212e-10}. Best is trial 0 with value: 0.85.
[I 2026-04-07 01:20:20,875] Trial 11 finished with value: 0.85 and parameters: {'var_smoothing': 4.7456863630433305e-09}. Best is trial 0 with value: 0.85.
[I 2026-04-07 01:20:20,890] Trial 12 finished with value: 0.85 and parameters: {'var_smoothing': 2.7185365295481096e-09}. Best is trial 0 with value: 0.85.
[I 2026-04-07 01:20:20,904] Trial 13 finished with value: 0.85 and parameters: {'var_smoothing': 4.3967291332584714e-10}. Best is trial 0 with value: 0.85.
[I 2026-04-07 01:20:20,919] Trial 14 finished with value: 0.85 and parameters: {'var_smoothing': 2.6511307931162972e-09}. Best is trial 0 with value: 0.85.
[I 2026-04-07 01:20:20,934] Trial 15 finished with value: 0.85 and parameters: {'var_smoothing': 9.000422035369052e-09}. Best is trial 0 with value: 0.85.
[I 2026-04-07 01:20:20,948] Trial 16 finished with value: 0.85 and parameters: {'var_smoothing': 2.75340575769171e-10}. Best is trial 0 with value: 0.85.
[I 2026-04-07 01:20:20,963] Trial 17 finished with value: 0.85 and parameters: {'var_smoothing': 1.0118559267516465e-10}. Best is trial 0 with value: 0.85.
[I 2026-04-07 01:20:20,978] Trial 18 finished with value: 0.85 and parameters: {'var_smoothing': 5.126237368588495e-10}. Best is trial 0 with value: 0.85.
[I 2026-04-07 01:20:20,993] Trial 19 finished with value: 0.85 and parameters: {'var_smoothing': 1.7743118427439911e-09}. Best is trial 0 with value: 0.85.
[I 2026-04-07 01:20:21,007] Trial 20 finished with value: 0.85 and parameters: {'var_smoothing': 5.29215399120128e-09}. Best is trial 0 with value: 0.85.
[I 2026-04-07 01:20:21,022] Trial 21 finished with value: 0.85 and parameters: {'var_smoothing': 6.215389304971454e-10}. Best is trial 0 with value: 0.85.
[I 2026-04-07 01:20:21,037] Trial 22 finished with value: 0.85 and parameters: {'var_smoothing': 2.205158371956595e-10}. Best is trial 0 with value: 0.85.
[I 2026-04-07 01:20:21,057] Trial 23 finished with value: 0.85 and parameters: {'var_smoothing': 6.714468189294179e-10}. Best is trial 0 with value: 0.85.
[I 2026-04-07 01:20:21,075] Trial 24 finished with value: 0.85 and parameters: {'var_smoothing': 1.6303611152529254e-09}. Best is trial 0 with value: 0.85.
[I 2026-04-07 01:20:21,092] Trial 25 finished with value: 0.85 and parameters: {'var_smoothing': 5.460180203252778e-09}. Best is trial 0 with value: 0.85.
[I 2026-04-07 01:20:21,113] Trial 26 finished with value: 0.85 and parameters: {'var_smoothing': 1.0123007748054653e-10}. Best is trial 0 with value: 0.85.
[I 2026-04-07 01:20:21,133] Trial 27 finished with value: 0.85 and parameters: {'var_smoothing': 3.7004726843827016e-09}. Best is trial 0 with value: 0.85.
[I 2026-04-07 01:20:21,153] Trial 28 finished with value: 0.85 and parameters: {'var_smoothing': 8.062949328123723e-10}. Best is trial 0 with value: 0.85.
[I 2026-04-07 01:20:21,169] Trial 29 finished with value: 0.85 and parameters: {'var_smoothing': 1.8379694059711336e-09}. Best is trial 0 with value: 0.85.
[I 2026-04-07 01:20:22,055] A new study created in memory with name: logreg
[I 2026-04-07 01:20:22,079] Trial 0 finished with value: 0.45 and parameters: {'C': 0.002407362254570802, 'penalty': 'l2'}. Best is trial 0 with value: 0.45.
[I 2026-04-07 01:20:22,102] Trial 1 finished with value: 0.6 and parameters: {'C': 7.935859334260497, 'penalty': 'l2'}. Best is trial 1 with value: 0.6.
[I 2026-04-07 01:20:22,126] Trial 2 finished with value: 0.4 and parameters: {'C': 0.15561310098067915, 'penalty': 'l2'}. Best is trial 1 with value: 0.6.
[I 2026-04-07 01:20:22,151] Trial 3 finished with value: 0.55 and parameters: {'C': 4.143104515916128, 'penalty': 'l2'}. Best is trial 1 with value: 0.6.
[I 2026-04-07 01:20:22,176] Trial 4 finished with value: 0.6 and parameters: {'C': 77.61533923098803, 'penalty': 'l2'}. Best is trial 1 with value: 0.6.
[I 2026-04-07 01:20:22,200] Trial 5 finished with value: 0.45 and parameters: {'C': 0.49258292359934785, 'penalty': 'l2'}. Best is trial 1 with value: 0.6.
[I 2026-04-07 01:20:22,225] Trial 6 finished with value: 0.4 and parameters: {'C': 0.320333470047146, 'penalty': 'l2'}. Best is trial 1 with value: 0.6.
[I 2026-04-07 01:20:22,250] Trial 7 finished with value: 0.45 and parameters: {'C': 0.002292216671132896, 'penalty': 'l2'}. Best is trial 1 with value: 0.6.
[I 2026-04-07 01:20:22,273] Trial 8 finished with value: 0.4 and parameters: {'C': 0.0219884643872214, 'penalty': 'l2'}. Best is trial 1 with value: 0.6.
[I 2026-04-07 01:20:22,298] Trial 9 finished with value: 0.4 and parameters: {'C': 0.31580027519646636, 'penalty': 'l2'}. Best is trial 1 with value: 0.6.
[I 2026-04-07 01:20:22,337] Trial 10 finished with value: 0.6 and parameters: {'C': 47.045226746887316, 'penalty': 'l2'}. Best is trial 1 with value: 0.6.
[I 2026-04-07 01:20:22,362] Trial 11 finished with value: 0.6 and parameters: {'C': 64.69271142141261, 'penalty': 'l2'}. Best is trial 1 with value: 0.6.
[I 2026-04-07 01:20:22,390] Trial 12 finished with value: 0.6 and parameters: {'C': 9.818422820991712, 'penalty': 'l2'}. Best is trial 1 with value: 0.6.
[I 2026-04-07 01:20:22,429] Trial 13 finished with value: 0.55 and parameters: {'C': 4.4447623889287895, 'penalty': 'l2'}. Best is trial 1 with value: 0.6.
[I 2026-04-07 01:20:22,465] Trial 14 finished with value: 0.6 and parameters: {'C': 17.57410878157983, 'penalty': 'l2'}. Best is trial 1 with value: 0.6.
[I 2026-04-07 01:20:22,490] Trial 15 finished with value: 0.6 and parameters: {'C': 88.49633768223259, 'penalty': 'l2'}. Best is trial 1 with value: 0.6.
[I 2026-04-07 01:20:22,516] Trial 16 finished with value: 0.5 and parameters: {'C': 1.398986312674365, 'penalty': 'l2'}. Best is trial 1 with value: 0.6.
[I 2026-04-07 01:20:22,546] Trial 17 finished with value: 0.6 and parameters: {'C': 23.933077693402467, 'penalty': 'l2'}. Best is trial 1 with value: 0.6.
[I 2026-04-07 01:20:22,574] Trial 18 finished with value: 0.55 and parameters: {'C': 2.6414612553183954, 'penalty': 'l2'}. Best is trial 1 with value: 0.6.
[I 2026-04-07 01:20:22,605] Trial 19 finished with value: 0.4 and parameters: {'C': 0.05383296887712903, 'penalty': 'l2'}. Best is trial 1 with value: 0.6.
[I 2026-04-07 01:20:22,635] Trial 20 finished with value: 0.6 and parameters: {'C': 11.65410839851717, 'penalty': 'l2'}. Best is trial 1 with value: 0.6.
[I 2026-04-07 01:20:22,666] Trial 21 finished with value: 0.6 and parameters: {'C': 28.521515526170607, 'penalty': 'l2'}. Best is trial 1 with value: 0.6.
[I 2026-04-07 01:20:22,704] Trial 22 finished with value: 0.6 and parameters: {'C': 54.556358997468486, 'penalty': 'l2'}. Best is trial 1 with value: 0.6.
[I 2026-04-07 01:20:22,745] Trial 23 finished with value: 0.6 and parameters: {'C': 97.13727099452079, 'penalty': 'l2'}. Best is trial 1 with value: 0.6.
[I 2026-04-07 01:20:22,775] Trial 24 finished with value: 0.55 and parameters: {'C': 7.6212897950191, 'penalty': 'l2'}. Best is trial 1 with value: 0.6.
[I 2026-04-07 01:20:22,806] Trial 25 finished with value: 0.5 and parameters: {'C': 1.3218065552313396, 'penalty': 'l2'}. Best is trial 1 with value: 0.6.
[I 2026-04-07 01:20:22,835] Trial 26 finished with value: 0.6 and parameters: {'C': 26.730209765862764, 'penalty': 'l2'}. Best is trial 1 with value: 0.6.
[I 2026-04-07 01:20:22,865] Trial 27 finished with value: 0.6 and parameters: {'C': 39.24344103822993, 'penalty': 'l2'}. Best is trial 1 with value: 0.6.
[I 2026-04-07 01:20:22,895] Trial 28 finished with value: 0.5 and parameters: {'C': 1.3948043560282801, 'penalty': 'l2'}. Best is trial 1 with value: 0.6.
[I 2026-04-07 01:20:22,916] Trial 29 finished with value: 0.45 and parameters: {'C': 0.011104103350344362, 'penalty': 'l2'}. Best is trial 1 with value: 0.6.
[I 2026-04-07 01:20:23,710] A new study created in memory with name: knn
[I 2026-04-07 01:20:23,724] Trial 0 finished with value: 0.6 and parameters: {'n_neighbors': 3, 'leaf_size': 36, 'p': 2}. Best is trial 0 with value: 0.6.
[I 2026-04-07 01:20:23,739] Trial 1 finished with value: 0.65 and parameters: {'n_neighbors': 10, 'leaf_size': 31, 'p': 1}. Best is trial 1 with value: 0.65.
[I 2026-04-07 01:20:23,752] Trial 2 finished with value: 0.75 and parameters: {'n_neighbors': 5, 'leaf_size': 30, 'p': 2}. Best is trial 2 with value: 0.75.
[I 2026-04-07 01:20:23,767] Trial 3 finished with value: 0.55 and parameters: {'n_neighbors': 6, 'leaf_size': 21, 'p': 2}. Best is trial 2 with value: 0.75.
[I 2026-04-07 01:20:23,782] Trial 4 finished with value: 0.7 and parameters: {'n_neighbors': 4, 'leaf_size': 29, 'p': 1}. Best is trial 2 with value: 0.75.
[I 2026-04-07 01:20:23,795] Trial 5 finished with value: 0.6 and parameters: {'n_neighbors': 7, 'leaf_size': 39, 'p': 2}. Best is trial 2 with value: 0.75.
[I 2026-04-07 01:20:23,809] Trial 6 finished with value: 0.65 and parameters: {'n_neighbors': 10, 'leaf_size': 22, 'p': 2}. Best is trial 2 with value: 0.75.
[I 2026-04-07 01:20:23,823] Trial 7 finished with value: 0.65 and parameters: {'n_neighbors': 8, 'leaf_size': 29, 'p': 2}. Best is trial 2 with value: 0.75.
[I 2026-04-07 01:20:23,847] Trial 8 finished with value: 0.75 and parameters: {'n_neighbors': 5, 'leaf_size': 30, 'p': 2}. Best is trial 2 with value: 0.75.
[I 2026-04-07 01:20:23,862] Trial 9 finished with value: 0.55 and parameters: {'n_neighbors': 9, 'leaf_size': 26, 'p': 1}. Best is trial 2 with value: 0.75.
[I 2026-04-07 01:20:23,888] Trial 10 finished with value: 0.6 and parameters: {'n_neighbors': 5, 'leaf_size': 35, 'p': 1}. Best is trial 2 with value: 0.75.
[I 2026-04-07 01:20:23,912] Trial 11 finished with value: 0.75 and parameters: {'n_neighbors': 5, 'leaf_size': 32, 'p': 2}. Best is trial 2 with value: 0.75.
[I 2026-04-07 01:20:23,946] Trial 12 finished with value: 0.55 and parameters: {'n_neighbors': 6, 'leaf_size': 26, 'p': 2}. Best is trial 2 with value: 0.75.
[I 2026-04-07 01:20:23,972] Trial 13 finished with value: 0.6 and parameters: {'n_neighbors': 3, 'leaf_size': 33, 'p': 2}. Best is trial 2 with value: 0.75.
[I 2026-04-07 01:20:24,008] Trial 14 finished with value: 0.75 and parameters: {'n_neighbors': 5, 'leaf_size': 26, 'p': 2}. Best is trial 2 with value: 0.75.
[I 2026-04-07 01:20:24,034] Trial 15 finished with value: 0.6 and parameters: {'n_neighbors': 7, 'leaf_size': 28, 'p': 2}. Best is trial 2 with value: 0.75.
[I 2026-04-07 01:20:24,059] Trial 16 finished with value: 0.6 and parameters: {'n_neighbors': 4, 'leaf_size': 24, 'p': 2}. Best is trial 2 with value: 0.75.
[I 2026-04-07 01:20:24,082] Trial 17 finished with value: 0.6 and parameters: {'n_neighbors': 4, 'leaf_size': 35, 'p': 2}. Best is trial 2 with value: 0.75.
[I 2026-04-07 01:20:24,113] Trial 18 finished with value: 0.65 and parameters: {'n_neighbors': 6, 'leaf_size': 39, 'p': 1}. Best is trial 2 with value: 0.75.
[I 2026-04-07 01:20:24,137] Trial 19 finished with value: 0.75 and parameters: {'n_neighbors': 5, 'leaf_size': 33, 'p': 2}. Best is trial 2 with value: 0.75.
[I 2026-04-07 01:20:24,158] Trial 20 finished with value: 0.65 and parameters: {'n_neighbors': 8, 'leaf_size': 30, 'p': 2}. Best is trial 2 with value: 0.75.
[I 2026-04-07 01:20:24,179] Trial 21 finished with value: 0.75 and parameters: {'n_neighbors': 5, 'leaf_size': 32, 'p': 2}. Best is trial 2 with value: 0.75.
[I 2026-04-07 01:20:24,214] Trial 22 finished with value: 0.6 and parameters: {'n_neighbors': 4, 'leaf_size': 28, 'p': 2}. Best is trial 2 with value: 0.75.
[I 2026-04-07 01:20:24,239] Trial 23 finished with value: 0.75 and parameters: {'n_neighbors': 5, 'leaf_size': 31, 'p': 2}. Best is trial 2 with value: 0.75.
[I 2026-04-07 01:20:24,262] Trial 24 finished with value: 0.55 and parameters: {'n_neighbors': 6, 'leaf_size': 33, 'p': 2}. Best is trial 2 with value: 0.75.
[I 2026-04-07 01:20:24,285] Trial 25 finished with value: 0.6 and parameters: {'n_neighbors': 7, 'leaf_size': 37, 'p': 2}. Best is trial 2 with value: 0.75.
[I 2026-04-07 01:20:24,311] Trial 26 finished with value: 0.6 and parameters: {'n_neighbors': 3, 'leaf_size': 27, 'p': 1}. Best is trial 2 with value: 0.75.
[I 2026-04-07 01:20:24,344] Trial 27 finished with value: 0.6 and parameters: {'n_neighbors': 4, 'leaf_size': 31, 'p': 2}. Best is trial 2 with value: 0.75.
