[I 2026-04-07 03:31:24,384] Trial 17 finished with value: 0.75 and parameters: {'var_smoothing': 1.8515987176145925e-09}. Best is trial 0 with value: 0.75.
[I 2026-04-07 03:31:24,403] Trial 18 finished with value: 0.75 and parameters: {'var_smoothing': 5.024285700153026e-10}. Best is trial 0 with value: 0.75.
[I 2026-04-07 03:31:24,420] Trial 19 finished with value: 0.75 and parameters: {'var_smoothing': 4.958025424412893e-09}. Best is trial 0 with value: 0.75.
[I 2026-04-07 03:31:24,440] Trial 20 finished with value: 0.75 and parameters: {'var_smoothing': 8.344000526157384e-10}. Best is trial 0 with value: 0.75.
[I 2026-04-07 03:31:24,460] Trial 21 finished with value: 0.75 and parameters: {'var_smoothing': 2.46080689865309e-10}. Best is trial 0 with value: 0.75.
[I 2026-04-07 03:31:24,490] Trial 22 finished with value: 0.75 and parameters: {'var_smoothing': 1.4445108350594728e-10}. Best is trial 0 with value: 0.75.
[I 2026-04-07 03:31:24,509] Trial 23 finished with value: 0.75 and parameters: {'var_smoothing': 3.3715577896606737e-10}. Best is trial 0 with value: 0.75.
[I 2026-04-07 03:31:24,526] Trial 24 finished with value: 0.75 and parameters: {'var_smoothing': 1.572466431855027e-10}. Best is trial 0 with value: 0.75.
[I 2026-04-07 03:31:24,556] Trial 25 finished with value: 0.75 and parameters: {'var_smoothing': 7.281746293576245e-10}. Best is trial 0 with value: 0.75.
[I 2026-04-07 03:31:24,576] Trial 26 finished with value: 0.75 and parameters: {'var_smoothing': 3.386254640873244e-10}. Best is trial 0 with value: 0.75.
[I 2026-04-07 03:31:24,593] Trial 27 finished with value: 0.75 and parameters: {'var_smoothing': 1.3918180959975328e-09}. Best is trial 0 with value: 0.75.
[I 2026-04-07 03:31:24,612] Trial 28 finished with value: 0.75 and parameters: {'var_smoothing': 2.3715836084533434e-09}. Best is trial 0 with value: 0.75.
[I 2026-04-07 03:31:24,632] Trial 29 finished with value: 0.75 and parameters: {'var_smoothing': 9.477075781575649e-09}. Best is trial 0 with value: 0.75.
[I 2026-04-07 03:31:25,555] A new study created in memory with name: logreg
[I 2026-04-07 03:31:25,580] Trial 0 finished with value: 0.85 and parameters: {'C': 0.012881482725481003, 'penalty': 'l2'}. Best is trial 0 with value: 0.85.
[I 2026-04-07 03:31:25,605] Trial 1 finished with value: 0.8333333333333334 and parameters: {'C': 22.576755560681583, 'penalty': 'l2'}. Best is trial 0 with value: 0.85.
[I 2026-04-07 03:31:25,630] Trial 2 finished with value: 0.8333333333333333 and parameters: {'C': 0.010804278656839932, 'penalty': 'l2'}. Best is trial 0 with value: 0.85.
[I 2026-04-07 03:31:25,654] Trial 3 finished with value: 0.8333333333333334 and parameters: {'C': 39.17910760336117, 'penalty': 'l2'}. Best is trial 0 with value: 0.85.
[I 2026-04-07 03:31:25,679] Trial 4 finished with value: 0.8333333333333333 and parameters: {'C': 0.2767298094062571, 'penalty': 'l2'}. Best is trial 0 with value: 0.85.
[I 2026-04-07 03:31:25,692] Trial 5 finished with value: 0.8166666666666668 and parameters: {'C': 1.1447728330837224, 'penalty': 'l2'}. Best is trial 0 with value: 0.85.
[I 2026-04-07 03:31:25,717] Trial 6 finished with value: 0.8333333333333334 and parameters: {'C': 6.753661388238877, 'penalty': 'l2'}. Best is trial 0 with value: 0.85.
[I 2026-04-07 03:31:25,742] Trial 7 finished with value: 0.8166666666666668 and parameters: {'C': 0.39092184460352974, 'penalty': 'l2'}. Best is trial 0 with value: 0.85.
[I 2026-04-07 03:31:25,767] Trial 8 finished with value: 0.85 and parameters: {'C': 0.03047912590082646, 'penalty': 'l2'}. Best is trial 0 with value: 0.85.
[I 2026-04-07 03:31:25,781] Trial 9 finished with value: 0.8 and parameters: {'C': 0.008681727362499118, 'penalty': 'l2'}. Best is trial 0 with value: 0.85.
[I 2026-04-07 03:31:25,812] Trial 10 finished with value: 0.7666666666666666 and parameters: {'C': 0.0010146302597657177, 'penalty': 'l2'}. Best is trial 0 with value: 0.85.
[I 2026-04-07 03:31:25,832] Trial 11 finished with value: 0.85 and parameters: {'C': 0.027752611050163804, 'penalty': 'l2'}. Best is trial 0 with value: 0.85.
[I 2026-04-07 03:31:25,863] Trial 12 finished with value: 0.8166666666666668 and parameters: {'C': 0.07806066539229185, 'penalty': 'l2'}. Best is trial 0 with value: 0.85.
[I 2026-04-07 03:31:25,894] Trial 13 finished with value: 0.7666666666666666 and parameters: {'C': 0.0027626023999601174, 'penalty': 'l2'}. Best is trial 0 with value: 0.85.
[I 2026-04-07 03:31:25,925] Trial 14 finished with value: 0.8333333333333333 and parameters: {'C': 0.0892627938330142, 'penalty': 'l2'}. Best is trial 0 with value: 0.85.
[I 2026-04-07 03:31:25,945] Trial 15 finished with value: 0.8666666666666668 and parameters: {'C': 0.021323289861524552, 'penalty': 'l2'}. Best is trial 15 with value: 0.8666666666666668.
[I 2026-04-07 03:31:25,965] Trial 16 finished with value: 0.7666666666666666 and parameters: {'C': 0.0035823185600286542, 'penalty': 'l2'}. Best is trial 15 with value: 0.8666666666666668.
[I 2026-04-07 03:31:25,982] Trial 17 finished with value: 0.8166666666666668 and parameters: {'C': 1.0398098770202744, 'penalty': 'l2'}. Best is trial 15 with value: 0.8666666666666668.
[I 2026-04-07 03:31:26,002] Trial 18 finished with value: 0.8666666666666668 and parameters: {'C': 0.024437247890442666, 'penalty': 'l2'}. Best is trial 15 with value: 0.8666666666666668.
[I 2026-04-07 03:31:26,021] Trial 19 finished with value: 0.8333333333333333 and parameters: {'C': 0.09827826873679542, 'penalty': 'l2'}. Best is trial 15 with value: 0.8666666666666668.
[I 2026-04-07 03:31:26,038] Trial 20 finished with value: 0.7666666666666666 and parameters: {'C': 0.0010266920260633857, 'penalty': 'l2'}. Best is trial 15 with value: 0.8666666666666668.
[I 2026-04-07 03:31:26,055] Trial 21 finished with value: 0.85 and parameters: {'C': 0.01373271796817975, 'penalty': 'l2'}. Best is trial 15 with value: 0.8666666666666668.
[I 2026-04-07 03:31:26,074] Trial 22 finished with value: 0.85 and parameters: {'C': 0.033406716041377155, 'penalty': 'l2'}. Best is trial 15 with value: 0.8666666666666668.
[I 2026-04-07 03:31:26,104] Trial 23 finished with value: 0.7666666666666666 and parameters: {'C': 0.003517397909518831, 'penalty': 'l2'}. Best is trial 15 with value: 0.8666666666666668.
[I 2026-04-07 03:31:26,125] Trial 24 finished with value: 0.8333333333333333 and parameters: {'C': 0.16210648378031986, 'penalty': 'l2'}. Best is trial 15 with value: 0.8666666666666668.
[I 2026-04-07 03:31:26,153] Trial 25 finished with value: 0.8 and parameters: {'C': 0.008822827496092405, 'penalty': 'l2'}. Best is trial 15 with value: 0.8666666666666668.
[I 2026-04-07 03:31:26,184] Trial 26 finished with value: 0.85 and parameters: {'C': 0.03420217491835169, 'penalty': 'l2'}. Best is trial 15 with value: 0.8666666666666668.
[I 2026-04-07 03:31:26,215] Trial 27 finished with value: 0.8166666666666668 and parameters: {'C': 0.7203379623655817, 'penalty': 'l2'}. Best is trial 15 with value: 0.8666666666666668.
[I 2026-04-07 03:31:26,236] Trial 28 finished with value: 0.7666666666666666 and parameters: {'C': 0.0029703493814509543, 'penalty': 'l2'}. Best is trial 15 with value: 0.8666666666666668.
[I 2026-04-07 03:31:26,254] Trial 29 finished with value: 0.8666666666666666 and parameters: {'C': 0.01692268569806416, 'penalty': 'l2'}. Best is trial 15 with value: 0.8666666666666668.
[I 2026-04-07 03:31:27,095] A new study created in memory with name: knn
[I 2026-04-07 03:31:27,110] Trial 0 finished with value: 0.8333333333333334 and parameters: {'n_neighbors': 4, 'leaf_size': 38, 'p': 2}. Best is trial 0 with value: 0.8333333333333334.
[I 2026-04-07 03:31:27,124] Trial 1 finished with value: 0.8166666666666668 and parameters: {'n_neighbors': 6, 'leaf_size': 32, 'p': 1}. Best is trial 0 with value: 0.8333333333333334.
[I 2026-04-07 03:31:27,148] Trial 2 finished with value: 0.7833333333333334 and parameters: {'n_neighbors': 5, 'leaf_size': 23, 'p': 2}. Best is trial 0 with value: 0.8333333333333334.
[I 2026-04-07 03:31:27,163] Trial 3 finished with value: 0.8166666666666668 and parameters: {'n_neighbors': 6, 'leaf_size': 23, 'p': 1}. Best is trial 0 with value: 0.8333333333333334.
[I 2026-04-07 03:31:27,176] Trial 4 finished with value: 0.8166666666666668 and parameters: {'n_neighbors': 6, 'leaf_size': 26, 'p': 1}. Best is trial 0 with value: 0.8333333333333334.
[I 2026-04-07 03:31:27,201] Trial 5 finished with value: 0.8 and parameters: {'n_neighbors': 7, 'leaf_size': 25, 'p': 1}. Best is trial 0 with value: 0.8333333333333334.
[I 2026-04-07 03:31:27,216] Trial 6 finished with value: 0.7833333333333334 and parameters: {'n_neighbors': 5, 'leaf_size': 23, 'p': 2}. Best is trial 0 with value: 0.8333333333333334.
[I 2026-04-07 03:31:27,229] Trial 7 finished with value: 0.8 and parameters: {'n_neighbors': 10, 'leaf_size': 23, 'p': 2}. Best is trial 0 with value: 0.8333333333333334.
[I 2026-04-07 03:31:27,255] Trial 8 finished with value: 0.7833333333333334 and parameters: {'n_neighbors': 8, 'leaf_size': 36, 'p': 2}. Best is trial 0 with value: 0.8333333333333334.
[I 2026-04-07 03:31:27,290] Trial 9 finished with value: 0.8 and parameters: {'n_neighbors': 3, 'leaf_size': 30, 'p': 2}. Best is trial 0 with value: 0.8333333333333334.
[I 2026-04-07 03:31:27,327] Trial 10 finished with value: 0.8 and parameters: {'n_neighbors': 3, 'leaf_size': 40, 'p': 2}. Best is trial 0 with value: 0.8333333333333334.
[I 2026-04-07 03:31:27,350] Trial 11 finished with value: 0.8333333333333334 and parameters: {'n_neighbors': 4, 'leaf_size': 35, 'p': 1}. Best is trial 0 with value: 0.8333333333333334.
[I 2026-04-07 03:31:27,375] Trial 12 finished with value: 0.8333333333333334 and parameters: {'n_neighbors': 4, 'leaf_size': 36, 'p': 1}. Best is trial 0 with value: 0.8333333333333334.
[I 2026-04-07 03:31:27,408] Trial 13 finished with value: 0.8333333333333334 and parameters: {'n_neighbors': 4, 'leaf_size': 40, 'p': 1}. Best is trial 0 with value: 0.8333333333333334.
[I 2026-04-07 03:31:27,432] Trial 14 finished with value: 0.8333333333333334 and parameters: {'n_neighbors': 4, 'leaf_size': 35, 'p': 1}. Best is trial 0 with value: 0.8333333333333334.
[I 2026-04-07 03:31:27,465] Trial 15 finished with value: 0.7833333333333334 and parameters: {'n_neighbors': 8, 'leaf_size': 33, 'p': 2}. Best is trial 0 with value: 0.8333333333333334.
[I 2026-04-07 03:31:27,500] Trial 16 finished with value: 0.8 and parameters: {'n_neighbors': 3, 'leaf_size': 37, 'p': 2}. Best is trial 0 with value: 0.8333333333333334.
[I 2026-04-07 03:31:27,523] Trial 17 finished with value: 0.8166666666666668 and parameters: {'n_neighbors': 5, 'leaf_size': 38, 'p': 1}. Best is trial 0 with value: 0.8333333333333334.
[I 2026-04-07 03:31:27,559] Trial 18 finished with value: 0.8 and parameters: {'n_neighbors': 10, 'leaf_size': 29, 'p': 2}. Best is trial 0 with value: 0.8333333333333334.
[I 2026-04-07 03:31:27,582] Trial 19 finished with value: 0.8333333333333334 and parameters: {'n_neighbors': 4, 'leaf_size': 33, 'p': 1}. Best is trial 0 with value: 0.8333333333333334.
[I 2026-04-07 03:31:27,605] Trial 20 finished with value: 0.8 and parameters: {'n_neighbors': 7, 'leaf_size': 38, 'p': 1}. Best is trial 0 with value: 0.8333333333333334.
[I 2026-04-07 03:31:27,640] Trial 21 finished with value: 0.8333333333333334 and parameters: {'n_neighbors': 4, 'leaf_size': 35, 'p': 1}. Best is trial 0 with value: 0.8333333333333334.
[I 2026-04-07 03:31:27,676] Trial 22 finished with value: 0.8166666666666668 and parameters: {'n_neighbors': 5, 'leaf_size': 34, 'p': 1}. Best is trial 0 with value: 0.8333333333333334.
[I 2026-04-07 03:31:27,703] Trial 23 finished with value: 0.8 and parameters: {'n_neighbors': 3, 'leaf_size': 38, 'p': 1}. Best is trial 0 with value: 0.8333333333333334.
[I 2026-04-07 03:31:27,737] Trial 24 finished with value: 0.8333333333333334 and parameters: {'n_neighbors': 4, 'leaf_size': 31, 'p': 1}. Best is trial 0 with value: 0.8333333333333334.
[I 2026-04-07 03:31:27,761] Trial 25 finished with value: 0.8166666666666668 and parameters: {'n_neighbors': 5, 'leaf_size': 36, 'p': 1}. Best is trial 0 with value: 0.8333333333333334.
[I 2026-04-07 03:31:27,795] Trial 26 finished with value: 0.8333333333333334 and parameters: {'n_neighbors': 4, 'leaf_size': 28, 'p': 2}. Best is trial 0 with value: 0.8333333333333334.
[I 2026-04-07 03:31:27,819] Trial 27 finished with value: 0.8 and parameters: {'n_neighbors': 3, 'leaf_size': 39, 'p': 1}. Best is trial 0 with value: 0.8333333333333334.
[I 2026-04-07 03:31:27,842] Trial 28 finished with value: 0.8166666666666668 and parameters: {'n_neighbors': 9, 'leaf_size': 36, 'p': 2}. Best is trial 0 with value: 0.8333333333333334.
[I 2026-04-07 03:31:27,879] Trial 29 finished with value: 0.8166666666666668 and parameters: {'n_neighbors': 6, 'leaf_size': 33, 'p': 1}. Best is trial 0 with value: 0.8333333333333334.
[I 2026-04-07 03:31:28,850] A new study created in memory with name: xgb
[I 2026-04-07 03:31:28,877] Trial 0 finished with value: 0.85 and parameters: {'n_estimators': 40, 'max_depth': 5, 'gamma': 0.789317070832284, 'subsample': 0.7592089939364717, 'colsample_bytree': 0.648400250788111}. Best is trial 0 with value: 0.85.
[I 2026-04-07 03:31:28,905] Trial 1 finished with value: 0.8666666666666666 and parameters: {'n_estimators': 100, 'max_depth': 30, 'gamma': 0.34667781579300216, 'subsample': 0.7071175095405257, 'colsample_bytree': 0.6480399663668239}. Best is trial 1 with value: 0.8666666666666666.
[I 2026-04-07 03:31:28,932] Trial 2 finished with value: 0.9 and parameters: {'n_estimators': 10, 'max_depth': 20, 'gamma': 0.3948075529198607, 'subsample': 0.5720821503267102, 'colsample_bytree': 0.5828064306006338}. Best is trial 2 with value: 0.9.
[I 2026-04-07 03:31:28,960] Trial 3 finished with value: 0.8833333333333334 and parameters: {'n_estimators': 10, 'max_depth': 30, 'gamma': 0.8015631269999768, 'subsample': 0.5114665462195407, 'colsample_bytree': 0.788831429064878}. Best is trial 2 with value: 0.9.
[I 2026-04-07 03:31:28,988] Trial 4 finished with value: 0.8666666666666666 and parameters: {'n_estimators': 100, 'max_depth': 5, 'gamma': 0.8834347783013348, 'subsample': 0.961374806972835, 'colsample_bytree': 0.5011071062662218}. Best is trial 2 with value: 0.9.
[I 2026-04-07 03:31:29,023] Trial 5 finished with value: 0.8833333333333334 and parameters: {'n_estimators': 40, 'max_depth': 5, 'gamma': 0.5364379674896123, 'subsample': 0.5145557818363589, 'colsample_bytree': 0.5432628442011025}. Best is trial 2 with value: 0.9.
[I 2026-04-07 03:31:29,061] Trial 6 finished with value: 0.8833333333333334 and parameters: {'n_estimators': 100, 'max_depth': 20, 'gamma': 0.6718205850237038, 'subsample': 0.9059511955902053, 'colsample_bytree': 0.9633413076219371}. Best is trial 2 with value: 0.9.
[I 2026-04-07 03:31:29,089] Trial 7 finished with value: 0.8666666666666668 and parameters: {'n_estimators': 10, 'max_depth': 30, 'gamma': 0.8165284487704038, 'subsample': 0.5255714015506736, 'colsample_bytree': 0.594333867896554}. Best is trial 2 with value: 0.9.
[I 2026-04-07 03:31:29,126] Trial 8 finished with value: 0.8833333333333334 and parameters: {'n_estimators': 100, 'max_depth': 20, 'gamma': 0.6251497693480509, 'subsample': 0.9696496759824258, 'colsample_bytree': 0.9717700410079397}. Best is trial 2 with value: 0.9.
[I 2026-04-07 03:31:29,154] Trial 9 finished with value: 0.85 and parameters: {'n_estimators': 40, 'max_depth': 30, 'gamma': 0.9649927737686168, 'subsample': 0.6857563076640036, 'colsample_bytree': 0.5061847058001788}. Best is trial 2 with value: 0.9.
[I 2026-04-07 03:31:29,191] Trial 10 finished with value: 0.8666666666666668 and parameters: {'n_estimators': 10, 'max_depth': 20, 'gamma': 0.15482815647859693, 'subsample': 0.6132127088663918, 'colsample_bytree': 0.767362544653007}. Best is trial 2 with value: 0.9.
[I 2026-04-07 03:31:29,228] Trial 11 finished with value: 0.85 and parameters: {'n_estimators': 10, 'max_depth': 20, 'gamma': 0.41368793588449687, 'subsample': 0.5991596377711633, 'colsample_bytree': 0.8088974055287642}. Best is trial 2 with value: 0.9.
[I 2026-04-07 03:31:29,267] Trial 12 finished with value: 0.8833333333333334 and parameters: {'n_estimators': 10, 'max_depth': 30, 'gamma': 0.28240418702901515, 'subsample': 0.594703211798125, 'colsample_bytree': 0.8587660483806303}. Best is trial 2 with value: 0.9.
[I 2026-04-07 03:31:29,306] Trial 13 finished with value: 0.8833333333333334 and parameters: {'n_estimators': 10, 'max_depth': 20, 'gamma': 0.49205318920874896, 'subsample': 0.8141939990252245, 'colsample_bytree': 0.6756539706444223}. Best is trial 2 with value: 0.9.
[I 2026-04-07 03:31:29,344] Trial 14 finished with value: 0.8666666666666666 and parameters: {'n_estimators': 10, 'max_depth': 30, 'gamma': 0.6877982579025952, 'subsample': 0.5133361270951041, 'colsample_bytree': 0.890473732797316}. Best is trial 2 with value: 0.9.
[I 2026-04-07 03:31:29,382] Trial 15 finished with value: 0.8666666666666668 and parameters: {'n_estimators': 10, 'max_depth': 20, 'gamma': 0.12225147656691177, 'subsample': 0.642451318782916, 'colsample_bytree': 0.7227029601296806}. Best is trial 2 with value: 0.9.
[I 2026-04-07 03:31:29,419] Trial 16 finished with value: 0.8833333333333334 and parameters: {'n_estimators': 10, 'max_depth': 30, 'gamma': 0.28348273058911083, 'subsample': 0.5638180394945186, 'colsample_bytree': 0.7189059298337382}. Best is trial 2 with value: 0.9.
[I 2026-04-07 03:31:29,455] Trial 17 finished with value: 0.85 and parameters: {'n_estimators': 10, 'max_depth': 30, 'gamma': 0.44238846800447773, 'subsample': 0.7960200786362753, 'colsample_bytree': 0.8006621062452346}. Best is trial 2 with value: 0.9.
[I 2026-04-07 03:31:29,494] Trial 18 finished with value: 0.9 and parameters: {'n_estimators': 10, 'max_depth': 20, 'gamma': 0.58719585878601, 'subsample': 0.6660061583750557, 'colsample_bytree': 0.846446412956568}. Best is trial 2 with value: 0.9.
[I 2026-04-07 03:31:29,531] Trial 19 finished with value: 0.9 and parameters: {'n_estimators': 40, 'max_depth': 20, 'gamma': 0.6058014826635753, 'subsample': 0.6638834675450376, 'colsample_bytree': 0.9003852468330709}. Best is trial 2 with value: 0.9.
[I 2026-04-07 03:31:29,567] Trial 20 finished with value: 0.8666666666666668 and parameters: {'n_estimators': 10, 'max_depth': 20, 'gamma': 0.37854104739940564, 'subsample': 0.7248739916146124, 'colsample_bytree': 0.6004343079551089}. Best is trial 2 with value: 0.9.
[I 2026-04-07 03:31:29,604] Trial 21 finished with value: 0.8833333333333334 and parameters: {'n_estimators': 40, 'max_depth': 20, 'gamma': 0.57442756862104, 'subsample': 0.6448610961730616, 'colsample_bytree': 0.886083071591891}. Best is trial 2 with value: 0.9.
[I 2026-04-07 03:31:29,643] Trial 22 finished with value: 0.8833333333333334 and parameters: {'n_estimators': 40, 'max_depth': 20, 'gamma': 0.6982082917714747, 'subsample': 0.6677057260223187, 'colsample_bytree': 0.8505549624063401}. Best is trial 2 with value: 0.9.
[I 2026-04-07 03:31:29,680] Trial 23 finished with value: 0.8666666666666666 and parameters: {'n_estimators': 40, 'max_depth': 20, 'gamma': 0.583497661536883, 'subsample': 0.5632782990758303, 'colsample_bytree': 0.9210089905915704}. Best is trial 2 with value: 0.9.
[I 2026-04-07 03:31:29,718] Trial 24 finished with value: 0.8833333333333334 and parameters: {'n_estimators': 40, 'max_depth': 20, 'gamma': 0.4940149640070224, 'subsample': 0.7593782787982607, 'colsample_bytree': 0.9412526881981478}. Best is trial 2 with value: 0.9.
[I 2026-04-07 03:31:29,752] Trial 25 finished with value: 0.9 and parameters: {'n_estimators': 40, 'max_depth': 20, 'gamma': 0.21529836880467582, 'subsample': 0.8489004144396697, 'colsample_bytree': 0.8352700979740963}. Best is trial 2 with value: 0.9.
[I 2026-04-07 03:31:29,791] Trial 26 finished with value: 0.9 and parameters: {'n_estimators': 10, 'max_depth': 20, 'gamma': 0.4753339033254028, 'subsample': 0.641122624628498, 'colsample_bytree': 0.8941577862398928}. Best is trial 2 with value: 0.9.
[I 2026-04-07 03:31:29,830] Trial 27 finished with value: 0.8333333333333334 and parameters: {'n_estimators': 10, 'max_depth': 5, 'gamma': 0.6417835084021178, 'subsample': 0.5534802707438861, 'colsample_bytree': 0.999865786723994}. Best is trial 2 with value: 0.9.
[I 2026-04-07 03:31:29,878] Trial 28 finished with value: 0.8833333333333332 and parameters: {'n_estimators': 100, 'max_depth': 20, 'gamma': 0.3334378324818797, 'subsample': 0.6875374677377231, 'colsample_bytree': 0.7520936179859026}. Best is trial 2 with value: 0.9.
[I 2026-04-07 03:31:29,919] Trial 29 finished with value: 0.8666666666666668 and parameters: {'n_estimators': 40, 'max_depth': 5, 'gamma': 0.7315366024222671, 'subsample': 0.7386908862983875, 'colsample_bytree': 0.679747243190204}. Best is trial 2 with value: 0.9.
[I 2026-04-07 03:31:30,724] A new study created in memory with name: rf
[I 2026-04-07 03:31:30,971] Trial 0 finished with value: 0.9 and parameters: {'n_estimators': 189, 'max_depth': 18, 'min_samples_split': 3, 'min_samples_leaf': 10}. Best is trial 0 with value: 0.9.
[I 2026-04-07 03:31:31,281] Trial 1 finished with value: 0.85 and parameters: {'n_estimators': 295, 'max_depth': 14, 'min_samples_split': 8, 'min_samples_leaf': 6}. Best is trial 0 with value: 0.9.
[I 2026-04-07 03:31:31,519] Trial 2 finished with value: 0.8833333333333334 and parameters: {'n_estimators': 219, 'max_depth': 6, 'min_samples_split': 2, 'min_samples_leaf': 8}. Best is trial 0 with value: 0.9.
[I 2026-04-07 03:31:31,807] Trial 3 finished with value: 0.85 and parameters: {'n_estimators': 276, 'max_depth': 5, 'min_samples_split': 9, 'min_samples_leaf': 3}. Best is trial 0 with value: 0.9.
[I 2026-04-07 03:31:32,098] Trial 4 finished with value: 0.8666666666666668 and parameters: {'n_estimators': 266, 'max_depth': 8, 'min_samples_split': 7, 'min_samples_leaf': 6}. Best is trial 0 with value: 0.9.
