[I 2026-04-07 01:03:47,042] Trial 9 finished with value: 0.9 and parameters: {'C': 1.2959766028194148, 'penalty': 'l2'}. Best is trial 1 with value: 0.9.
[I 2026-04-07 01:03:47,064] Trial 10 finished with value: 0.9 and parameters: {'C': 0.02024823315667757, 'penalty': 'l2'}. Best is trial 1 with value: 0.9.
[I 2026-04-07 01:03:47,095] Trial 11 finished with value: 0.95 and parameters: {'C': 2.8441114546918036, 'penalty': 'l2'}. Best is trial 11 with value: 0.95.
[I 2026-04-07 01:03:47,115] Trial 12 finished with value: 0.9 and parameters: {'C': 4.6034039150728, 'penalty': 'l2'}. Best is trial 11 with value: 0.95.
[I 2026-04-07 01:03:47,136] Trial 13 finished with value: 0.85 and parameters: {'C': 0.013489217693486674, 'penalty': 'l2'}. Best is trial 11 with value: 0.95.
[I 2026-04-07 01:03:47,155] Trial 14 finished with value: 0.95 and parameters: {'C': 3.1185832471126442, 'penalty': 'l2'}. Best is trial 11 with value: 0.95.
[I 2026-04-07 01:03:47,182] Trial 15 finished with value: 0.85 and parameters: {'C': 96.32399363633401, 'penalty': 'l2'}. Best is trial 11 with value: 0.95.
[I 2026-04-07 01:03:47,211] Trial 16 finished with value: 0.95 and parameters: {'C': 3.3453127768416167, 'penalty': 'l2'}. Best is trial 11 with value: 0.95.
[I 2026-04-07 01:03:47,229] Trial 17 finished with value: 0.9 and parameters: {'C': 6.860908448590343, 'penalty': 'l2'}. Best is trial 11 with value: 0.95.
[I 2026-04-07 01:03:47,249] Trial 18 finished with value: 0.9 and parameters: {'C': 0.2949216371956599, 'penalty': 'l2'}. Best is trial 11 with value: 0.95.
[I 2026-04-07 01:03:47,276] Trial 19 finished with value: 0.85 and parameters: {'C': 26.139922781749494, 'penalty': 'l2'}. Best is trial 11 with value: 0.95.
[I 2026-04-07 01:03:47,296] Trial 20 finished with value: 0.95 and parameters: {'C': 2.2425485626676624, 'penalty': 'l2'}. Best is trial 11 with value: 0.95.
[I 2026-04-07 01:03:47,313] Trial 21 finished with value: 0.95 and parameters: {'C': 2.596884593435572, 'penalty': 'l2'}. Best is trial 11 with value: 0.95.
[I 2026-04-07 01:03:47,333] Trial 22 finished with value: 0.9 and parameters: {'C': 0.6888205285436597, 'penalty': 'l2'}. Best is trial 11 with value: 0.95.
[I 2026-04-07 01:03:47,352] Trial 23 finished with value: 0.9 and parameters: {'C': 9.891326055316744, 'penalty': 'l2'}. Best is trial 11 with value: 0.95.
[I 2026-04-07 01:03:47,372] Trial 24 finished with value: 0.9 and parameters: {'C': 0.16467226004650867, 'penalty': 'l2'}. Best is trial 11 with value: 0.95.
[I 2026-04-07 01:03:47,392] Trial 25 finished with value: 0.95 and parameters: {'C': 3.272976030768821, 'penalty': 'l2'}. Best is trial 11 with value: 0.95.
[I 2026-04-07 01:03:47,412] Trial 26 finished with value: 0.85 and parameters: {'C': 37.996715138250615, 'penalty': 'l2'}. Best is trial 11 with value: 0.95.
[I 2026-04-07 01:03:47,433] Trial 27 finished with value: 0.9 and parameters: {'C': 1.3642265078884173, 'penalty': 'l2'}. Best is trial 11 with value: 0.95.
[I 2026-04-07 01:03:47,453] Trial 28 finished with value: 0.85 and parameters: {'C': 10.226624627817504, 'penalty': 'l2'}. Best is trial 11 with value: 0.95.
[I 2026-04-07 01:03:47,484] Trial 29 finished with value: 0.85 and parameters: {'C': 24.51395283358618, 'penalty': 'l2'}. Best is trial 11 with value: 0.95.
[I 2026-04-07 01:03:48,346] A new study created in memory with name: knn
[I 2026-04-07 01:03:48,380] Trial 0 finished with value: 0.75 and parameters: {'n_neighbors': 10, 'leaf_size': 26, 'p': 1}. Best is trial 0 with value: 0.75.
[I 2026-04-07 01:03:48,395] Trial 1 finished with value: 0.85 and parameters: {'n_neighbors': 3, 'leaf_size': 32, 'p': 1}. Best is trial 1 with value: 0.85.
[I 2026-04-07 01:03:48,407] Trial 2 finished with value: 0.9 and parameters: {'n_neighbors': 5, 'leaf_size': 33, 'p': 2}. Best is trial 2 with value: 0.9.
[I 2026-04-07 01:03:48,420] Trial 3 finished with value: 0.85 and parameters: {'n_neighbors': 7, 'leaf_size': 32, 'p': 2}. Best is trial 2 with value: 0.9.
[I 2026-04-07 01:03:48,455] Trial 4 finished with value: 0.85 and parameters: {'n_neighbors': 9, 'leaf_size': 28, 'p': 1}. Best is trial 2 with value: 0.9.
[I 2026-04-07 01:03:48,469] Trial 5 finished with value: 0.85 and parameters: {'n_neighbors': 3, 'leaf_size': 35, 'p': 1}. Best is trial 2 with value: 0.9.
[I 2026-04-07 01:03:48,503] Trial 6 finished with value: 0.7 and parameters: {'n_neighbors': 8, 'leaf_size': 31, 'p': 2}. Best is trial 2 with value: 0.9.
[I 2026-04-07 01:03:48,517] Trial 7 finished with value: 0.85 and parameters: {'n_neighbors': 6, 'leaf_size': 24, 'p': 2}. Best is trial 2 with value: 0.9.
[I 2026-04-07 01:03:48,530] Trial 8 finished with value: 0.9 and parameters: {'n_neighbors': 5, 'leaf_size': 34, 'p': 2}. Best is trial 2 with value: 0.9.
[I 2026-04-07 01:03:48,563] Trial 9 finished with value: 0.7 and parameters: {'n_neighbors': 10, 'leaf_size': 27, 'p': 2}. Best is trial 2 with value: 0.9.
[I 2026-04-07 01:03:48,599] Trial 10 finished with value: 0.9 and parameters: {'n_neighbors': 5, 'leaf_size': 40, 'p': 2}. Best is trial 2 with value: 0.9.
[I 2026-04-07 01:03:48,634] Trial 11 finished with value: 0.9 and parameters: {'n_neighbors': 5, 'leaf_size': 37, 'p': 2}. Best is trial 2 with value: 0.9.
[I 2026-04-07 01:03:48,658] Trial 12 finished with value: 0.9 and parameters: {'n_neighbors': 5, 'leaf_size': 35, 'p': 2}. Best is trial 2 with value: 0.9.
[I 2026-04-07 01:03:48,681] Trial 13 finished with value: 0.9 and parameters: {'n_neighbors': 4, 'leaf_size': 21, 'p': 2}. Best is trial 2 with value: 0.9.
[I 2026-04-07 01:03:48,703] Trial 14 finished with value: 0.85 and parameters: {'n_neighbors': 7, 'leaf_size': 35, 'p': 2}. Best is trial 2 with value: 0.9.
[I 2026-04-07 01:03:48,726] Trial 15 finished with value: 0.85 and parameters: {'n_neighbors': 6, 'leaf_size': 39, 'p': 2}. Best is trial 2 with value: 0.9.
[I 2026-04-07 01:03:48,753] Trial 16 finished with value: 0.9 and parameters: {'n_neighbors': 4, 'leaf_size': 30, 'p': 2}. Best is trial 2 with value: 0.9.
[I 2026-04-07 01:03:48,780] Trial 17 finished with value: 0.9 and parameters: {'n_neighbors': 4, 'leaf_size': 33, 'p': 2}. Best is trial 2 with value: 0.9.
[I 2026-04-07 01:03:48,806] Trial 18 finished with value: 0.9 and parameters: {'n_neighbors': 6, 'leaf_size': 37, 'p': 1}. Best is trial 2 with value: 0.9.
[I 2026-04-07 01:03:48,838] Trial 19 finished with value: 0.7 and parameters: {'n_neighbors': 8, 'leaf_size': 29, 'p': 2}. Best is trial 2 with value: 0.9.
[I 2026-04-07 01:03:48,862] Trial 20 finished with value: 0.9 and parameters: {'n_neighbors': 5, 'leaf_size': 34, 'p': 2}. Best is trial 2 with value: 0.9.
[I 2026-04-07 01:03:48,886] Trial 21 finished with value: 0.9 and parameters: {'n_neighbors': 5, 'leaf_size': 40, 'p': 2}. Best is trial 2 with value: 0.9.
[I 2026-04-07 01:03:48,908] Trial 22 finished with value: 0.9 and parameters: {'n_neighbors': 4, 'leaf_size': 38, 'p': 2}. Best is trial 2 with value: 0.9.
[I 2026-04-07 01:03:48,934] Trial 23 finished with value: 0.9 and parameters: {'n_neighbors': 5, 'leaf_size': 37, 'p': 2}. Best is trial 2 with value: 0.9.
[I 2026-04-07 01:03:48,967] Trial 24 finished with value: 0.85 and parameters: {'n_neighbors': 6, 'leaf_size': 40, 'p': 2}. Best is trial 2 with value: 0.9.
[I 2026-04-07 01:03:49,002] Trial 25 finished with value: 0.85 and parameters: {'n_neighbors': 7, 'leaf_size': 34, 'p': 2}. Best is trial 2 with value: 0.9.
[I 2026-04-07 01:03:49,026] Trial 26 finished with value: 0.85 and parameters: {'n_neighbors': 3, 'leaf_size': 36, 'p': 1}. Best is trial 2 with value: 0.9.
[I 2026-04-07 01:03:49,063] Trial 27 finished with value: 0.9 and parameters: {'n_neighbors': 4, 'leaf_size': 30, 'p': 2}. Best is trial 2 with value: 0.9.
[I 2026-04-07 01:03:49,085] Trial 28 finished with value: 0.9 and parameters: {'n_neighbors': 5, 'leaf_size': 25, 'p': 2}. Best is trial 2 with value: 0.9.
[I 2026-04-07 01:03:49,105] Trial 29 finished with value: 0.9 and parameters: {'n_neighbors': 6, 'leaf_size': 33, 'p': 1}. Best is trial 2 with value: 0.9.
[I 2026-04-07 01:03:49,801] A new study created in memory with name: xgb
[I 2026-04-07 01:03:49,826] Trial 0 finished with value: 0.8 and parameters: {'n_estimators': 10, 'max_depth': 30, 'gamma': 0.5768356259735394, 'subsample': 0.7094037142783272, 'colsample_bytree': 0.6677039246366646}. Best is trial 0 with value: 0.8.
[I 2026-04-07 01:03:49,863] Trial 1 finished with value: 0.85 and parameters: {'n_estimators': 100, 'max_depth': 30, 'gamma': 0.9912018442360747, 'subsample': 0.9099290984609207, 'colsample_bytree': 0.7066004674080903}. Best is trial 1 with value: 0.85.
[I 2026-04-07 01:03:49,890] Trial 2 finished with value: 0.8 and parameters: {'n_estimators': 10, 'max_depth': 20, 'gamma': 0.7382185757030506, 'subsample': 0.7704684271512641, 'colsample_bytree': 0.5624120871903049}. Best is trial 1 with value: 0.85.
[I 2026-04-07 01:03:49,918] Trial 3 finished with value: 0.8 and parameters: {'n_estimators': 10, 'max_depth': 20, 'gamma': 0.7041784887453524, 'subsample': 0.7995029565695583, 'colsample_bytree': 0.8586660727777565}. Best is trial 1 with value: 0.85.
[I 2026-04-07 01:03:49,943] Trial 4 finished with value: 0.85 and parameters: {'n_estimators': 10, 'max_depth': 20, 'gamma': 0.46549701645255037, 'subsample': 0.9946899241400011, 'colsample_bytree': 0.725249640372583}. Best is trial 1 with value: 0.85.
[I 2026-04-07 01:03:49,969] Trial 5 finished with value: 0.8 and parameters: {'n_estimators': 40, 'max_depth': 20, 'gamma': 0.3554734452019276, 'subsample': 0.5947710951851903, 'colsample_bytree': 0.7356254823676576}. Best is trial 1 with value: 0.85.
[I 2026-04-07 01:03:49,997] Trial 6 finished with value: 0.85 and parameters: {'n_estimators': 40, 'max_depth': 20, 'gamma': 0.8967376717636345, 'subsample': 0.988276510203839, 'colsample_bytree': 0.9184542964535913}. Best is trial 1 with value: 0.85.
[I 2026-04-07 01:03:50,035] Trial 7 finished with value: 0.85 and parameters: {'n_estimators': 40, 'max_depth': 30, 'gamma': 0.7149068474388774, 'subsample': 0.5696358027454862, 'colsample_bytree': 0.8514125286992056}. Best is trial 1 with value: 0.85.
[I 2026-04-07 01:03:50,066] Trial 8 finished with value: 0.8 and parameters: {'n_estimators': 100, 'max_depth': 30, 'gamma': 0.2471398756881566, 'subsample': 0.8241126205332553, 'colsample_bytree': 0.6258070715852391}. Best is trial 1 with value: 0.85.
[I 2026-04-07 01:03:50,093] Trial 9 finished with value: 0.8 and parameters: {'n_estimators': 40, 'max_depth': 30, 'gamma': 0.8599846034069103, 'subsample': 0.8019332783535529, 'colsample_bytree': 0.7936068454878676}. Best is trial 1 with value: 0.85.
[I 2026-04-07 01:03:50,130] Trial 10 finished with value: 0.8 and parameters: {'n_estimators': 100, 'max_depth': 5, 'gamma': 0.985518481083803, 'subsample': 0.8995678910481815, 'colsample_bytree': 0.5289314784806454}. Best is trial 1 with value: 0.85.
[I 2026-04-07 01:03:50,168] Trial 11 finished with value: 0.85 and parameters: {'n_estimators': 100, 'max_depth': 5, 'gamma': 0.40966526279690063, 'subsample': 0.9912642884135212, 'colsample_bytree': 0.7130874746489031}. Best is trial 1 with value: 0.85.
[I 2026-04-07 01:03:50,218] Trial 12 finished with value: 0.8 and parameters: {'n_estimators': 100, 'max_depth': 30, 'gamma': 0.11747018931448144, 'subsample': 0.9066897108137899, 'colsample_bytree': 0.6339534905975921}. Best is trial 1 with value: 0.85.
[I 2026-04-07 01:03:50,256] Trial 13 finished with value: 0.85 and parameters: {'n_estimators': 10, 'max_depth': 20, 'gamma': 0.5487257677049135, 'subsample': 0.9001515525252808, 'colsample_bytree': 0.7780777350584777}. Best is trial 1 with value: 0.85.
[I 2026-04-07 01:03:50,304] Trial 14 finished with value: 0.8 and parameters: {'n_estimators': 100, 'max_depth': 5, 'gamma': 0.47463712168020167, 'subsample': 0.6658807753897364, 'colsample_bytree': 0.9627298158693121}. Best is trial 1 with value: 0.85.
[I 2026-04-07 01:03:50,341] Trial 15 finished with value: 0.85 and parameters: {'n_estimators': 10, 'max_depth': 30, 'gamma': 0.2969731135951171, 'subsample': 0.9489302907455017, 'colsample_bytree': 0.6901830775312008}. Best is trial 1 with value: 0.85.
[I 2026-04-07 01:03:50,379] Trial 16 finished with value: 0.8 and parameters: {'n_estimators': 10, 'max_depth': 20, 'gamma': 0.5883567252446563, 'subsample': 0.853898248948181, 'colsample_bytree': 0.5903761082891221}. Best is trial 1 with value: 0.85.
[I 2026-04-07 01:03:50,415] Trial 17 finished with value: 0.8 and parameters: {'n_estimators': 100, 'max_depth': 30, 'gamma': 0.22189015382940566, 'subsample': 0.5053007952589881, 'colsample_bytree': 0.8206450560248096}. Best is trial 1 with value: 0.85.
[I 2026-04-07 01:03:50,453] Trial 18 finished with value: 0.85 and parameters: {'n_estimators': 100, 'max_depth': 20, 'gamma': 0.8045232978285917, 'subsample': 0.9639959905381882, 'colsample_bytree': 0.7348136711873586}. Best is trial 1 with value: 0.85.
[I 2026-04-07 01:03:50,490] Trial 19 finished with value: 0.8 and parameters: {'n_estimators': 10, 'max_depth': 5, 'gamma': 0.4691286526126799, 'subsample': 0.8754057261860848, 'colsample_bytree': 0.6582802021476128}. Best is trial 1 with value: 0.85.
[I 2026-04-07 01:03:50,546] Trial 20 finished with value: 0.85 and parameters: {'n_estimators': 100, 'max_depth': 20, 'gamma': 0.9786014664999018, 'subsample': 0.9335157751696048, 'colsample_bytree': 0.8971930367860007}. Best is trial 1 with value: 0.85.
[I 2026-04-07 01:03:50,587] Trial 21 finished with value: 0.85 and parameters: {'n_estimators': 40, 'max_depth': 20, 'gamma': 0.8751749814745121, 'subsample': 0.9947334503608439, 'colsample_bytree': 0.9990590479428829}. Best is trial 1 with value: 0.85.
[I 2026-04-07 01:03:50,624] Trial 22 finished with value: 0.85 and parameters: {'n_estimators': 40, 'max_depth': 20, 'gamma': 0.9218040169315626, 'subsample': 0.9939460882778872, 'colsample_bytree': 0.91661597101511}. Best is trial 1 with value: 0.85.
[I 2026-04-07 01:03:50,664] Trial 23 finished with value: 0.85 and parameters: {'n_estimators': 40, 'max_depth': 20, 'gamma': 0.8031073608680608, 'subsample': 0.940266258725632, 'colsample_bytree': 0.7753245222767595}. Best is trial 1 with value: 0.85.
[I 2026-04-07 01:03:50,704] Trial 24 finished with value: 0.8 and parameters: {'n_estimators': 40, 'max_depth': 20, 'gamma': 0.639704795923825, 'subsample': 0.8431481176060228, 'colsample_bytree': 0.6967499788497125}. Best is trial 1 with value: 0.85.
[I 2026-04-07 01:03:50,742] Trial 25 finished with value: 0.85 and parameters: {'n_estimators': 40, 'max_depth': 30, 'gamma': 0.9120470008843172, 'subsample': 0.9371316364957207, 'colsample_bytree': 0.8203278548308155}. Best is trial 1 with value: 0.85.
[I 2026-04-07 01:03:50,780] Trial 26 finished with value: 0.8 and parameters: {'n_estimators': 10, 'max_depth': 20, 'gamma': 0.9908708259348349, 'subsample': 0.7165959283827233, 'colsample_bytree': 0.7537301545795233}. Best is trial 1 with value: 0.85.
[I 2026-04-07 01:03:50,818] Trial 27 finished with value: 0.85 and parameters: {'n_estimators': 40, 'max_depth': 20, 'gamma': 0.7911562536385679, 'subsample': 0.9726732693326483, 'colsample_bytree': 0.8992441948828467}. Best is trial 1 with value: 0.85.
[I 2026-04-07 01:03:50,865] Trial 28 finished with value: 0.85 and parameters: {'n_estimators': 100, 'max_depth': 5, 'gamma': 0.6401818070047431, 'subsample': 0.8797646134570887, 'colsample_bytree': 0.9362078061069877}. Best is trial 1 with value: 0.85.
[I 2026-04-07 01:03:50,903] Trial 29 finished with value: 0.85 and parameters: {'n_estimators': 10, 'max_depth': 30, 'gamma': 0.5077216095251524, 'subsample': 0.9265804463281888, 'colsample_bytree': 0.6677542379790797}. Best is trial 1 with value: 0.85.
[I 2026-04-07 01:03:51,295] A new study created in memory with name: rf
[I 2026-04-07 01:03:51,762] Trial 0 finished with value: 0.8 and parameters: {'n_estimators': 458, 'max_depth': 8, 'min_samples_split': 9, 'min_samples_leaf': 1}. Best is trial 0 with value: 0.8.
[I 2026-04-07 01:03:51,969] Trial 1 finished with value: 0.85 and parameters: {'n_estimators': 143, 'max_depth': 13, 'min_samples_split': 6, 'min_samples_leaf': 5}. Best is trial 1 with value: 0.85.
[I 2026-04-07 01:03:52,226] Trial 2 finished with value: 0.5 and parameters: {'n_estimators': 234, 'max_depth': 14, 'min_samples_split': 5, 'min_samples_leaf': 8}. Best is trial 1 with value: 0.85.
[I 2026-04-07 01:03:52,596] Trial 3 finished with value: 0.5 and parameters: {'n_estimators': 307, 'max_depth': 13, 'min_samples_split': 7, 'min_samples_leaf': 10}. Best is trial 1 with value: 0.85.
[I 2026-04-07 01:03:53,026] Trial 4 finished with value: 0.5 and parameters: {'n_estimators': 428, 'max_depth': 10, 'min_samples_split': 9, 'min_samples_leaf': 9}. Best is trial 1 with value: 0.85.
[I 2026-04-07 01:03:53,194] Trial 5 finished with value: 0.5 and parameters: {'n_estimators': 121, 'max_depth': 15, 'min_samples_split': 9, 'min_samples_leaf': 8}. Best is trial 1 with value: 0.85.
[I 2026-04-07 01:03:53,596] Trial 6 finished with value: 0.5 and parameters: {'n_estimators': 384, 'max_depth': 12, 'min_samples_split': 3, 'min_samples_leaf': 10}. Best is trial 1 with value: 0.85.
[I 2026-04-07 01:03:53,894] Trial 7 finished with value: 0.5 and parameters: {'n_estimators': 261, 'max_depth': 6, 'min_samples_split': 8, 'min_samples_leaf': 10}. Best is trial 1 with value: 0.85.
[I 2026-04-07 01:03:54,125] Trial 8 finished with value: 0.5 and parameters: {'n_estimators': 202, 'max_depth': 15, 'min_samples_split': 7, 'min_samples_leaf': 8}. Best is trial 1 with value: 0.85.
[I 2026-04-07 01:03:54,668] Trial 9 finished with value: 0.8 and parameters: {'n_estimators': 475, 'max_depth': 9, 'min_samples_split': 4, 'min_samples_leaf': 5}. Best is trial 1 with value: 0.85.
[I 2026-04-07 01:03:54,874] Trial 10 finished with value: 0.8 and parameters: {'n_estimators': 135, 'max_depth': 20, 'min_samples_split': 2, 'min_samples_leaf': 4}. Best is trial 1 with value: 0.85.
[I 2026-04-07 01:03:55,249] Trial 11 finished with value: 0.8 and parameters: {'n_estimators': 344, 'max_depth': 4, 'min_samples_split': 10, 'min_samples_leaf': 1}. Best is trial 1 with value: 0.85.
[I 2026-04-07 01:03:55,806] Trial 12 finished with value: 0.8 and parameters: {'n_estimators': 489, 'max_depth': 7, 'min_samples_split': 6, 'min_samples_leaf': 1}. Best is trial 1 with value: 0.85.
[I 2026-04-07 01:03:56,047] Trial 13 finished with value: 0.8 and parameters: {'n_estimators': 201, 'max_depth': 18, 'min_samples_split': 5, 'min_samples_leaf': 3}. Best is trial 1 with value: 0.85.
[I 2026-04-07 01:03:56,463] Trial 14 finished with value: 0.9 and parameters: {'n_estimators': 402, 'max_depth': 9, 'min_samples_split': 7, 'min_samples_leaf': 6}. Best is trial 14 with value: 0.9.
[I 2026-04-07 01:03:56,887] Trial 15 finished with value: 0.8 and parameters: {'n_estimators': 394, 'max_depth': 11, 'min_samples_split': 6, 'min_samples_leaf': 6}. Best is trial 14 with value: 0.9.
[I 2026-04-07 01:03:57,242] Trial 16 finished with value: 0.8 and parameters: {'n_estimators': 327, 'max_depth': 17, 'min_samples_split': 7, 'min_samples_leaf': 5}. Best is trial 14 with value: 0.9.
[I 2026-04-07 01:03:57,433] Trial 17 finished with value: 0.75 and parameters: {'n_estimators': 165, 'max_depth': 3, 'min_samples_split': 5, 'min_samples_leaf': 6}. Best is trial 14 with value: 0.9.
[I 2026-04-07 01:03:57,726] Trial 18 finished with value: 0.55 and parameters: {'n_estimators': 269, 'max_depth': 5, 'min_samples_split': 8, 'min_samples_leaf': 7}. Best is trial 14 with value: 0.9.
[I 2026-04-07 01:03:58,153] Trial 19 finished with value: 0.8 and parameters: {'n_estimators': 372, 'max_depth': 10, 'min_samples_split': 4, 'min_samples_leaf': 3}. Best is trial 14 with value: 0.9.
[I 2026-04-07 01:03:58,648] Trial 20 finished with value: 0.8 and parameters: {'n_estimators': 428, 'max_depth': 12, 'min_samples_split': 6, 'min_samples_leaf': 4}. Best is trial 14 with value: 0.9.
[I 2026-04-07 01:03:59,124] Trial 21 finished with value: 0.8 and parameters: {'n_estimators': 454, 'max_depth': 8, 'min_samples_split': 10, 'min_samples_leaf': 2}. Best is trial 14 with value: 0.9.
[I 2026-04-07 01:03:59,600] Trial 22 finished with value: 0.5 and parameters: {'n_estimators': 429, 'max_depth': 8, 'min_samples_split': 8, 'min_samples_leaf': 7}. Best is trial 14 with value: 0.9.
[I 2026-04-07 01:04:00,000] Trial 23 finished with value: 0.8 and parameters: {'n_estimators': 351, 'max_depth': 7, 'min_samples_split': 9, 'min_samples_leaf': 4}. Best is trial 14 with value: 0.9.
[I 2026-04-07 01:04:00,458] Trial 24 finished with value: 0.8 and parameters: {'n_estimators': 403, 'max_depth': 10, 'min_samples_split': 7, 'min_samples_leaf': 2}. Best is trial 14 with value: 0.9.
[I 2026-04-07 01:04:00,965] Trial 25 finished with value: 0.5 and parameters: {'n_estimators': 457, 'max_depth': 13, 'min_samples_split': 8, 'min_samples_leaf': 7}. Best is trial 14 with value: 0.9.
[I 2026-04-07 01:04:01,522] Trial 26 finished with value: 0.8 and parameters: {'n_estimators': 499, 'max_depth': 6, 'min_samples_split': 6, 'min_samples_leaf': 5}. Best is trial 14 with value: 0.9.
[I 2026-04-07 01:04:01,717] Trial 27 finished with value: 0.8 and parameters: {'n_estimators': 104, 'max_depth': 9, 'min_samples_split': 9, 'min_samples_leaf': 3}. Best is trial 14 with value: 0.9.
[I 2026-04-07 01:04:02,055] Trial 28 finished with value: 0.8 and parameters: {'n_estimators': 282, 'max_depth': 16, 'min_samples_split': 10, 'min_samples_leaf': 6}. Best is trial 14 with value: 0.9.
[I 2026-04-07 01:04:02,341] Trial 29 finished with value: 0.8 and parameters: {'n_estimators': 235, 'max_depth': 14, 'min_samples_split': 4, 'min_samples_leaf': 2}. Best is trial 14 with value: 0.9.
[I 2026-04-07 01:04:06,137] A new study created in memory with name: mlp
