[I 2026-04-09 21:09:07,606] Trial 29 finished with value: 0.9 and parameters: {'var_smoothing': 6.707683148984032e-09}. Best is trial 1 with value: 0.9.
[I 2026-04-09 21:09:08,697] A new study created in memory with name: logreg
[I 2026-04-09 21:09:08,722] Trial 0 finished with value: 0.9 and parameters: {'C': 0.012881482725481003, 'penalty': 'l2'}. Best is trial 0 with value: 0.9.
[I 2026-04-09 21:09:08,757] Trial 1 finished with value: 0.925 and parameters: {'C': 22.576755560681583, 'penalty': 'l2'}. Best is trial 1 with value: 0.925.
[I 2026-04-09 21:09:08,780] Trial 2 finished with value: 0.9 and parameters: {'C': 0.010804278656839932, 'penalty': 'l2'}. Best is trial 1 with value: 0.925.
[I 2026-04-09 21:09:08,813] Trial 3 finished with value: 0.925 and parameters: {'C': 39.17910760336117, 'penalty': 'l2'}. Best is trial 1 with value: 0.925.
[I 2026-04-09 21:09:08,839] Trial 4 finished with value: 0.9 and parameters: {'C': 0.2767298094062571, 'penalty': 'l2'}. Best is trial 1 with value: 0.925.
[I 2026-04-09 21:09:08,876] Trial 5 finished with value: 0.9 and parameters: {'C': 1.1447728330837224, 'penalty': 'l2'}. Best is trial 1 with value: 0.925.
[I 2026-04-09 21:09:08,911] Trial 6 finished with value: 0.925 and parameters: {'C': 6.753661388238877, 'penalty': 'l2'}. Best is trial 1 with value: 0.925.
[I 2026-04-09 21:09:08,945] Trial 7 finished with value: 0.9 and parameters: {'C': 0.39092184460352974, 'penalty': 'l2'}. Best is trial 1 with value: 0.925.
[I 2026-04-09 21:09:08,981] Trial 8 finished with value: 0.9 and parameters: {'C': 0.03047912590082646, 'penalty': 'l2'}. Best is trial 1 with value: 0.925.
[I 2026-04-09 21:09:08,999] Trial 9 finished with value: 0.9 and parameters: {'C': 0.008681727362499118, 'penalty': 'l2'}. Best is trial 1 with value: 0.925.
[I 2026-04-09 21:09:09,062] Trial 10 finished with value: 0.925 and parameters: {'C': 90.29867735508974, 'penalty': 'l2'}. Best is trial 1 with value: 0.925.
[I 2026-04-09 21:09:09,106] Trial 11 finished with value: 0.925 and parameters: {'C': 65.31936101889447, 'penalty': 'l2'}. Best is trial 1 with value: 0.925.
[I 2026-04-09 21:09:09,148] Trial 12 finished with value: 0.925 and parameters: {'C': 10.276946066829701, 'penalty': 'l2'}. Best is trial 1 with value: 0.925.
[I 2026-04-09 21:09:09,186] Trial 13 finished with value: 0.925 and parameters: {'C': 11.979406337571666, 'penalty': 'l2'}. Best is trial 1 with value: 0.925.
[I 2026-04-09 21:09:09,215] Trial 14 finished with value: 0.925 and parameters: {'C': 3.103885131392604, 'penalty': 'l2'}. Best is trial 1 with value: 0.925.
[I 2026-04-09 21:09:09,254] Trial 15 finished with value: 0.925 and parameters: {'C': 27.368605040072197, 'penalty': 'l2'}. Best is trial 1 with value: 0.925.
[I 2026-04-09 21:09:09,281] Trial 16 finished with value: 0.9 and parameters: {'C': 0.13344077328067044, 'penalty': 'l2'}. Best is trial 1 with value: 0.925.
[I 2026-04-09 21:09:09,310] Trial 17 finished with value: 0.9 and parameters: {'C': 0.0021318879744765045, 'penalty': 'l2'}. Best is trial 1 with value: 0.925.
[I 2026-04-09 21:09:09,339] Trial 18 finished with value: 0.9 and parameters: {'C': 1.8056426094216929, 'penalty': 'l2'}. Best is trial 1 with value: 0.925.
[I 2026-04-09 21:09:09,367] Trial 19 finished with value: 0.925 and parameters: {'C': 30.717532996538623, 'penalty': 'l2'}. Best is trial 1 with value: 0.925.
[I 2026-04-09 21:09:09,406] Trial 20 finished with value: 0.925 and parameters: {'C': 26.828467218463196, 'penalty': 'l2'}. Best is trial 1 with value: 0.925.
[I 2026-04-09 21:09:09,446] Trial 21 finished with value: 0.925 and parameters: {'C': 6.575022661419543, 'penalty': 'l2'}. Best is trial 1 with value: 0.925.
[I 2026-04-09 21:09:09,475] Trial 22 finished with value: 0.925 and parameters: {'C': 6.706002052218645, 'penalty': 'l2'}. Best is trial 1 with value: 0.925.
[I 2026-04-09 21:09:09,506] Trial 23 finished with value: 0.9 and parameters: {'C': 1.0520140014393538, 'penalty': 'l2'}. Best is trial 1 with value: 0.925.
[I 2026-04-09 21:09:09,537] Trial 24 finished with value: 0.925 and parameters: {'C': 3.6445756570030685, 'penalty': 'l2'}. Best is trial 1 with value: 0.925.
[I 2026-04-09 21:09:09,579] Trial 25 finished with value: 0.925 and parameters: {'C': 17.082216857428726, 'penalty': 'l2'}. Best is trial 1 with value: 0.925.
[I 2026-04-09 21:09:09,623] Trial 26 finished with value: 0.925 and parameters: {'C': 56.7308368250939, 'penalty': 'l2'}. Best is trial 1 with value: 0.925.
[I 2026-04-09 21:09:09,675] Trial 27 finished with value: 0.925 and parameters: {'C': 90.92850063115274, 'penalty': 'l2'}. Best is trial 1 with value: 0.925.
[I 2026-04-09 21:09:09,707] Trial 28 finished with value: 0.925 and parameters: {'C': 4.5001096867475, 'penalty': 'l2'}. Best is trial 1 with value: 0.925.
[I 2026-04-09 21:09:09,755] Trial 29 finished with value: 0.925 and parameters: {'C': 36.84947876004624, 'penalty': 'l2'}. Best is trial 1 with value: 0.925.
[I 2026-04-09 21:09:10,768] A new study created in memory with name: knn
[I 2026-04-09 21:09:10,782] Trial 0 finished with value: 0.9 and parameters: {'n_neighbors': 4, 'leaf_size': 38, 'p': 2}. Best is trial 0 with value: 0.9.
[I 2026-04-09 21:09:10,797] Trial 1 finished with value: 0.9 and parameters: {'n_neighbors': 6, 'leaf_size': 32, 'p': 1}. Best is trial 0 with value: 0.9.
[I 2026-04-09 21:09:10,813] Trial 2 finished with value: 0.9 and parameters: {'n_neighbors': 5, 'leaf_size': 23, 'p': 2}. Best is trial 0 with value: 0.9.
[I 2026-04-09 21:09:10,826] Trial 3 finished with value: 0.9 and parameters: {'n_neighbors': 6, 'leaf_size': 23, 'p': 1}. Best is trial 0 with value: 0.9.
[I 2026-04-09 21:09:10,840] Trial 4 finished with value: 0.9 and parameters: {'n_neighbors': 6, 'leaf_size': 26, 'p': 1}. Best is trial 0 with value: 0.9.
[I 2026-04-09 21:09:10,854] Trial 5 finished with value: 0.85 and parameters: {'n_neighbors': 7, 'leaf_size': 25, 'p': 1}. Best is trial 0 with value: 0.9.
[I 2026-04-09 21:09:10,877] Trial 6 finished with value: 0.9 and parameters: {'n_neighbors': 5, 'leaf_size': 23, 'p': 2}. Best is trial 0 with value: 0.9.
[I 2026-04-09 21:09:10,892] Trial 7 finished with value: 0.85 and parameters: {'n_neighbors': 10, 'leaf_size': 23, 'p': 2}. Best is trial 0 with value: 0.9.
[I 2026-04-09 21:09:10,918] Trial 8 finished with value: 0.875 and parameters: {'n_neighbors': 8, 'leaf_size': 36, 'p': 2}. Best is trial 0 with value: 0.9.
[I 2026-04-09 21:09:10,933] Trial 9 finished with value: 0.9 and parameters: {'n_neighbors': 3, 'leaf_size': 30, 'p': 2}. Best is trial 0 with value: 0.9.
[I 2026-04-09 21:09:10,968] Trial 10 finished with value: 0.9 and parameters: {'n_neighbors': 3, 'leaf_size': 40, 'p': 2}. Best is trial 0 with value: 0.9.
[I 2026-04-09 21:09:10,992] Trial 11 finished with value: 0.9 and parameters: {'n_neighbors': 4, 'leaf_size': 35, 'p': 1}. Best is trial 0 with value: 0.9.
[I 2026-04-09 21:09:11,014] Trial 12 finished with value: 0.875 and parameters: {'n_neighbors': 8, 'leaf_size': 33, 'p': 1}. Best is trial 0 with value: 0.9.
[I 2026-04-09 21:09:11,037] Trial 13 finished with value: 0.9 and parameters: {'n_neighbors': 4, 'leaf_size': 40, 'p': 1}. Best is trial 0 with value: 0.9.
[I 2026-04-09 21:09:11,057] Trial 14 finished with value: 0.9 and parameters: {'n_neighbors': 5, 'leaf_size': 30, 'p': 2}. Best is trial 0 with value: 0.9.
[I 2026-04-09 21:09:11,081] Trial 15 finished with value: 0.85 and parameters: {'n_neighbors': 7, 'leaf_size': 37, 'p': 1}. Best is trial 0 with value: 0.9.
[I 2026-04-09 21:09:11,104] Trial 16 finished with value: 0.85 and parameters: {'n_neighbors': 10, 'leaf_size': 31, 'p': 2}. Best is trial 0 with value: 0.9.
[I 2026-04-09 21:09:11,124] Trial 17 finished with value: 0.9 and parameters: {'n_neighbors': 4, 'leaf_size': 38, 'p': 1}. Best is trial 0 with value: 0.9.
[I 2026-04-09 21:09:11,144] Trial 18 finished with value: 0.875 and parameters: {'n_neighbors': 8, 'leaf_size': 34, 'p': 2}. Best is trial 0 with value: 0.9.
[I 2026-04-09 21:09:11,166] Trial 19 finished with value: 0.9 and parameters: {'n_neighbors': 6, 'leaf_size': 28, 'p': 1}. Best is trial 0 with value: 0.9.
[I 2026-04-09 21:09:11,186] Trial 20 finished with value: 0.85 and parameters: {'n_neighbors': 9, 'leaf_size': 32, 'p': 1}. Best is trial 0 with value: 0.9.
[I 2026-04-09 21:09:11,222] Trial 21 finished with value: 0.9 and parameters: {'n_neighbors': 5, 'leaf_size': 20, 'p': 2}. Best is trial 0 with value: 0.9.
[I 2026-04-09 21:09:11,243] Trial 22 finished with value: 0.9 and parameters: {'n_neighbors': 5, 'leaf_size': 27, 'p': 2}. Best is trial 0 with value: 0.9.
[I 2026-04-09 21:09:11,264] Trial 23 finished with value: 0.9 and parameters: {'n_neighbors': 4, 'leaf_size': 28, 'p': 2}. Best is trial 0 with value: 0.9.
[I 2026-04-09 21:09:11,286] Trial 24 finished with value: 0.9 and parameters: {'n_neighbors': 3, 'leaf_size': 21, 'p': 2}. Best is trial 0 with value: 0.9.
[I 2026-04-09 21:09:11,314] Trial 25 finished with value: 0.9 and parameters: {'n_neighbors': 6, 'leaf_size': 38, 'p': 2}. Best is trial 0 with value: 0.9.
[I 2026-04-09 21:09:11,336] Trial 26 finished with value: 0.9 and parameters: {'n_neighbors': 5, 'leaf_size': 34, 'p': 2}. Best is trial 0 with value: 0.9.
[I 2026-04-09 21:09:11,361] Trial 27 finished with value: 0.875 and parameters: {'n_neighbors': 7, 'leaf_size': 32, 'p': 2}. Best is trial 0 with value: 0.9.
[I 2026-04-09 21:09:11,385] Trial 28 finished with value: 0.9 and parameters: {'n_neighbors': 4, 'leaf_size': 25, 'p': 1}. Best is trial 0 with value: 0.9.
[I 2026-04-09 21:09:11,408] Trial 29 finished with value: 0.9 and parameters: {'n_neighbors': 6, 'leaf_size': 29, 'p': 1}. Best is trial 0 with value: 0.9.
[I 2026-04-09 21:09:12,762] A new study created in memory with name: xgb
[I 2026-04-09 21:09:12,787] Trial 0 finished with value: 0.925 and parameters: {'n_estimators': 40, 'max_depth': 5, 'gamma': 0.789317070832284, 'subsample': 0.7592089939364717, 'colsample_bytree': 0.648400250788111}. Best is trial 0 with value: 0.925.
[I 2026-04-09 21:09:12,812] Trial 1 finished with value: 0.925 and parameters: {'n_estimators': 100, 'max_depth': 30, 'gamma': 0.34667781579300216, 'subsample': 0.7071175095405257, 'colsample_bytree': 0.6480399663668239}. Best is trial 0 with value: 0.925.
[I 2026-04-09 21:09:12,838] Trial 2 finished with value: 0.925 and parameters: {'n_estimators': 10, 'max_depth': 20, 'gamma': 0.3948075529198607, 'subsample': 0.5720821503267102, 'colsample_bytree': 0.5828064306006338}. Best is trial 0 with value: 0.925.
[I 2026-04-09 21:09:12,865] Trial 3 finished with value: 0.95 and parameters: {'n_estimators': 10, 'max_depth': 30, 'gamma': 0.8015631269999768, 'subsample': 0.5114665462195407, 'colsample_bytree': 0.788831429064878}. Best is trial 3 with value: 0.95.
[I 2026-04-09 21:09:12,907] Trial 4 finished with value: 0.95 and parameters: {'n_estimators': 100, 'max_depth': 5, 'gamma': 0.8834347783013348, 'subsample': 0.961374806972835, 'colsample_bytree': 0.5011071062662218}. Best is trial 3 with value: 0.95.
[I 2026-04-09 21:09:12,935] Trial 5 finished with value: 0.95 and parameters: {'n_estimators': 40, 'max_depth': 5, 'gamma': 0.5364379674896123, 'subsample': 0.5145557818363589, 'colsample_bytree': 0.5432628442011025}. Best is trial 3 with value: 0.95.
[I 2026-04-09 21:09:12,973] Trial 6 finished with value: 0.95 and parameters: {'n_estimators': 100, 'max_depth': 20, 'gamma': 0.6718205850237038, 'subsample': 0.9059511955902053, 'colsample_bytree': 0.9633413076219371}. Best is trial 3 with value: 0.95.
[I 2026-04-09 21:09:13,001] Trial 7 finished with value: 0.95 and parameters: {'n_estimators': 10, 'max_depth': 30, 'gamma': 0.8165284487704038, 'subsample': 0.5255714015506736, 'colsample_bytree': 0.594333867896554}. Best is trial 3 with value: 0.95.
[I 2026-04-09 21:09:13,037] Trial 8 finished with value: 0.925 and parameters: {'n_estimators': 100, 'max_depth': 20, 'gamma': 0.6251497693480509, 'subsample': 0.9696496759824258, 'colsample_bytree': 0.9717700410079397}. Best is trial 3 with value: 0.95.
[I 2026-04-09 21:09:13,065] Trial 9 finished with value: 0.925 and parameters: {'n_estimators': 40, 'max_depth': 30, 'gamma': 0.9649927737686168, 'subsample': 0.6857563076640036, 'colsample_bytree': 0.5061847058001788}. Best is trial 3 with value: 0.95.
[I 2026-04-09 21:09:13,110] Trial 10 finished with value: 0.925 and parameters: {'n_estimators': 10, 'max_depth': 30, 'gamma': 0.17962098877423716, 'subsample': 0.8185311023645913, 'colsample_bytree': 0.8181024979210034}. Best is trial 3 with value: 0.95.
[I 2026-04-09 21:09:13,146] Trial 11 finished with value: 0.925 and parameters: {'n_estimators': 10, 'max_depth': 5, 'gamma': 0.9966856929320722, 'subsample': 0.6388052294316233, 'colsample_bytree': 0.7636923459089393}. Best is trial 3 with value: 0.95.
[I 2026-04-09 21:09:13,188] Trial 12 finished with value: 0.95 and parameters: {'n_estimators': 100, 'max_depth': 5, 'gamma': 0.8186695876511884, 'subsample': 0.856379053866111, 'colsample_bytree': 0.8598621156140489}. Best is trial 3 with value: 0.95.
[I 2026-04-09 21:09:13,227] Trial 13 finished with value: 0.95 and parameters: {'n_estimators': 10, 'max_depth': 30, 'gamma': 0.872453478195811, 'subsample': 0.9982710370462082, 'colsample_bytree': 0.7091691483255377}. Best is trial 3 with value: 0.95.
[I 2026-04-09 21:09:13,266] Trial 14 finished with value: 0.925 and parameters: {'n_estimators': 100, 'max_depth': 5, 'gamma': 0.6918541336166965, 'subsample': 0.6304809553711774, 'colsample_bytree': 0.875793439624903}. Best is trial 3 with value: 0.95.
[I 2026-04-09 21:09:13,304] Trial 15 finished with value: 0.925 and parameters: {'n_estimators': 100, 'max_depth': 30, 'gamma': 0.5549594265687077, 'subsample': 0.8073597141906825, 'colsample_bytree': 0.7312478776171427}. Best is trial 3 with value: 0.95.
[I 2026-04-09 21:09:13,343] Trial 16 finished with value: 0.95 and parameters: {'n_estimators': 10, 'max_depth': 5, 'gamma': 0.8952292710008275, 'subsample': 0.9159943330969399, 'colsample_bytree': 0.806063940954327}. Best is trial 3 with value: 0.95.
[I 2026-04-09 21:09:13,389] Trial 17 finished with value: 0.925 and parameters: {'n_estimators': 10, 'max_depth': 30, 'gamma': 0.7280675696012222, 'subsample': 0.5829346204727992, 'colsample_bytree': 0.9081685044011909}. Best is trial 3 with value: 0.95.
[I 2026-04-09 21:09:13,435] Trial 18 finished with value: 0.925 and parameters: {'n_estimators': 100, 'max_depth': 5, 'gamma': 0.920582875980118, 'subsample': 0.7517151869199391, 'colsample_bytree': 0.6754307430192054}. Best is trial 3 with value: 0.95.
[I 2026-04-09 21:09:13,500] Trial 19 finished with value: 0.925 and parameters: {'n_estimators': 40, 'max_depth': 20, 'gamma': 0.5132914415394083, 'subsample': 0.9082444906593934, 'colsample_bytree': 0.8037124669950328}. Best is trial 3 with value: 0.95.
[I 2026-04-09 21:09:13,545] Trial 20 finished with value: 0.95 and parameters: {'n_estimators': 100, 'max_depth': 30, 'gamma': 0.7609682624310442, 'subsample': 0.6867146940692633, 'colsample_bytree': 0.770179603101154}. Best is trial 3 with value: 0.95.
[I 2026-04-09 21:09:13,587] Trial 21 finished with value: 0.925 and parameters: {'n_estimators': 40, 'max_depth': 5, 'gamma': 0.5684201180934404, 'subsample': 0.5032329928111994, 'colsample_bytree': 0.5126344348983555}. Best is trial 3 with value: 0.95.
[I 2026-04-09 21:09:13,629] Trial 22 finished with value: 0.925 and parameters: {'n_estimators': 40, 'max_depth': 5, 'gamma': 0.4394436313935422, 'subsample': 0.5848600703993574, 'colsample_bytree': 0.5669818954429469}. Best is trial 3 with value: 0.95.
[I 2026-04-09 21:09:13,668] Trial 23 finished with value: 0.95 and parameters: {'n_estimators': 40, 'max_depth': 5, 'gamma': 0.2966986918533232, 'subsample': 0.5415154049975884, 'colsample_bytree': 0.5181221493835536}. Best is trial 3 with value: 0.95.
[I 2026-04-09 21:09:13,709] Trial 24 finished with value: 0.925 and parameters: {'n_estimators': 40, 'max_depth': 5, 'gamma': 0.4681786213092828, 'subsample': 0.618877655030211, 'colsample_bytree': 0.5557367935983116}. Best is trial 3 with value: 0.95.
[I 2026-04-09 21:09:13,744] Trial 25 finished with value: 0.925 and parameters: {'n_estimators': 40, 'max_depth': 5, 'gamma': 0.5882211906920883, 'subsample': 0.502109784920222, 'colsample_bytree': 0.6223847468052348}. Best is trial 3 with value: 0.95.
[I 2026-04-09 21:09:13,782] Trial 26 finished with value: 0.925 and parameters: {'n_estimators': 10, 'max_depth': 5, 'gamma': 0.6409515402608029, 'subsample': 0.5601004582790781, 'colsample_bytree': 0.6937682926992983}. Best is trial 3 with value: 0.95.
[I 2026-04-09 21:09:13,822] Trial 27 finished with value: 0.925 and parameters: {'n_estimators': 40, 'max_depth': 5, 'gamma': 0.8522806398360707, 'subsample': 0.7990946478919629, 'colsample_bytree': 0.5597929018402668}. Best is trial 3 with value: 0.95.
[I 2026-04-09 21:09:13,855] Trial 28 finished with value: 0.925 and parameters: {'n_estimators': 10, 'max_depth': 20, 'gamma': 0.22696566661900475, 'subsample': 0.6601962230009764, 'colsample_bytree': 0.6111965696441772}. Best is trial 3 with value: 0.95.
[I 2026-04-09 21:09:13,893] Trial 29 finished with value: 0.925 and parameters: {'n_estimators': 100, 'max_depth': 30, 'gamma': 0.7513333158781902, 'subsample': 0.7277156924474775, 'colsample_bytree': 0.6544917722609221}. Best is trial 3 with value: 0.95.
[I 2026-04-09 21:09:15,044] A new study created in memory with name: rf
[I 2026-04-09 21:09:15,281] Trial 0 finished with value: 0.875 and parameters: {'n_estimators': 189, 'max_depth': 18, 'min_samples_split': 3, 'min_samples_leaf': 10}. Best is trial 0 with value: 0.875.
[I 2026-04-09 21:09:15,651] Trial 1 finished with value: 0.95 and parameters: {'n_estimators': 295, 'max_depth': 14, 'min_samples_split': 8, 'min_samples_leaf': 6}. Best is trial 1 with value: 0.95.
[I 2026-04-09 21:09:15,910] Trial 2 finished with value: 0.95 and parameters: {'n_estimators': 219, 'max_depth': 6, 'min_samples_split': 2, 'min_samples_leaf': 8}. Best is trial 1 with value: 0.95.
[I 2026-04-09 21:09:16,237] Trial 3 finished with value: 0.95 and parameters: {'n_estimators': 276, 'max_depth': 5, 'min_samples_split': 9, 'min_samples_leaf': 3}. Best is trial 1 with value: 0.95.
[I 2026-04-09 21:09:16,565] Trial 4 finished with value: 0.925 and parameters: {'n_estimators': 266, 'max_depth': 8, 'min_samples_split': 7, 'min_samples_leaf': 6}. Best is trial 1 with value: 0.95.
[I 2026-04-09 21:09:16,984] Trial 5 finished with value: 0.925 and parameters: {'n_estimators': 340, 'max_depth': 7, 'min_samples_split': 4, 'min_samples_leaf': 3}. Best is trial 1 with value: 0.95.
[I 2026-04-09 21:09:17,277] Trial 6 finished with value: 0.9 and parameters: {'n_estimators': 231, 'max_depth': 5, 'min_samples_split': 3, 'min_samples_leaf': 10}. Best is trial 1 with value: 0.95.
[I 2026-04-09 21:09:17,951] Trial 7 finished with value: 0.95 and parameters: {'n_estimators': 485, 'max_depth': 6, 'min_samples_split': 2, 'min_samples_leaf': 3}. Best is trial 1 with value: 0.95.
[I 2026-04-09 21:09:18,460] Trial 8 finished with value: 0.95 and parameters: {'n_estimators': 380, 'max_depth': 17, 'min_samples_split': 2, 'min_samples_leaf': 6}. Best is trial 1 with value: 0.95.
[I 2026-04-09 21:09:18,629] Trial 9 finished with value: 0.925 and parameters: {'n_estimators': 100, 'max_depth': 12, 'min_samples_split': 7, 'min_samples_leaf': 10}. Best is trial 1 with value: 0.95.
[I 2026-04-09 21:09:19,130] Trial 10 finished with value: 0.95 and parameters: {'n_estimators': 446, 'max_depth': 13, 'min_samples_split': 10, 'min_samples_leaf': 5}. Best is trial 1 with value: 0.95.
[I 2026-04-09 21:09:19,396] Trial 11 finished with value: 0.95 and parameters: {'n_estimators': 175, 'max_depth': 15, 'min_samples_split': 5, 'min_samples_leaf': 8}. Best is trial 1 with value: 0.95.
[I 2026-04-09 21:09:19,815] Trial 12 finished with value: 0.925 and parameters: {'n_estimators': 342, 'max_depth': 10, 'min_samples_split': 8, 'min_samples_leaf': 8}. Best is trial 1 with value: 0.95.
[I 2026-04-09 21:09:20,071] Trial 13 finished with value: 0.9 and parameters: {'n_estimators': 152, 'max_depth': 10, 'min_samples_split': 6, 'min_samples_leaf': 1}. Best is trial 1 with value: 0.95.
[I 2026-04-09 21:09:20,338] Trial 14 finished with value: 0.95 and parameters: {'n_estimators': 222, 'max_depth': 20, 'min_samples_split': 5, 'min_samples_leaf': 8}. Best is trial 1 with value: 0.95.
[I 2026-04-09 21:09:20,696] Trial 15 finished with value: 0.95 and parameters: {'n_estimators': 308, 'max_depth': 3, 'min_samples_split': 10, 'min_samples_leaf': 7}. Best is trial 1 with value: 0.95.
[I 2026-04-09 21:09:21,175] Trial 16 finished with value: 0.95 and parameters: {'n_estimators': 405, 'max_depth': 14, 'min_samples_split': 8, 'min_samples_leaf': 5}. Best is trial 1 with value: 0.95.
[I 2026-04-09 21:09:21,504] Trial 17 finished with value: 0.95 and parameters: {'n_estimators': 245, 'max_depth': 10, 'min_samples_split': 6, 'min_samples_leaf': 7}. Best is trial 1 with value: 0.95.
[I 2026-04-09 21:09:21,877] Trial 18 finished with value: 0.95 and parameters: {'n_estimators': 310, 'max_depth': 16, 'min_samples_split': 8, 'min_samples_leaf': 4}. Best is trial 1 with value: 0.95.
[I 2026-04-09 21:09:22,096] Trial 19 finished with value: 0.9 and parameters: {'n_estimators': 127, 'max_depth': 3, 'min_samples_split': 4, 'min_samples_leaf': 9}. Best is trial 1 with value: 0.95.
[I 2026-04-09 21:09:22,392] Trial 20 finished with value: 0.925 and parameters: {'n_estimators': 203, 'max_depth': 8, 'min_samples_split': 9, 'min_samples_leaf': 1}. Best is trial 1 with value: 0.95.
[I 2026-04-09 21:09:22,760] Trial 21 finished with value: 0.95 and parameters: {'n_estimators': 279, 'max_depth': 5, 'min_samples_split': 9, 'min_samples_leaf': 3}. Best is trial 1 with value: 0.95.
