[I 2026-04-07 02:58:09,846] Trial 29 finished with value: 0.975 and parameters: {'n_neighbors': 6, 'leaf_size': 33, 'p': 2}. Best is trial 0 with value: 0.975.
[I 2026-04-07 02:58:11,085] A new study created in memory with name: xgb
[I 2026-04-07 02:58:11,112] Trial 0 finished with value: 0.975 and parameters: {'n_estimators': 40, 'max_depth': 20, 'gamma': 0.5510084172939441, 'subsample': 0.5360255666798808, 'colsample_bytree': 0.6342194900509356}. Best is trial 0 with value: 0.975.
[I 2026-04-07 02:58:11,138] Trial 1 finished with value: 0.975 and parameters: {'n_estimators': 100, 'max_depth': 5, 'gamma': 0.9186341749476523, 'subsample': 0.6066926767899578, 'colsample_bytree': 0.7260619809088416}. Best is trial 0 with value: 0.975.
[I 2026-04-07 02:58:11,163] Trial 2 finished with value: 0.975 and parameters: {'n_estimators': 10, 'max_depth': 5, 'gamma': 0.9182155373980582, 'subsample': 0.566584722879625, 'colsample_bytree': 0.761706290336883}. Best is trial 0 with value: 0.975.
[I 2026-04-07 02:58:11,191] Trial 3 finished with value: 0.975 and parameters: {'n_estimators': 10, 'max_depth': 20, 'gamma': 0.5296610393664296, 'subsample': 0.6829451928902965, 'colsample_bytree': 0.9189589971546304}. Best is trial 0 with value: 0.975.
[I 2026-04-07 02:58:11,219] Trial 4 finished with value: 0.975 and parameters: {'n_estimators': 10, 'max_depth': 20, 'gamma': 0.6916595165017824, 'subsample': 0.6851755414940176, 'colsample_bytree': 0.7295464889457157}. Best is trial 0 with value: 0.975.
[I 2026-04-07 02:58:11,257] Trial 5 finished with value: 0.975 and parameters: {'n_estimators': 100, 'max_depth': 20, 'gamma': 0.48380821541644814, 'subsample': 0.8171899343169193, 'colsample_bytree': 0.7614531005141727}. Best is trial 0 with value: 0.975.
[I 2026-04-07 02:58:11,285] Trial 6 finished with value: 0.975 and parameters: {'n_estimators': 10, 'max_depth': 5, 'gamma': 0.9599214907026333, 'subsample': 0.8414569271877088, 'colsample_bytree': 0.5265643453364788}. Best is trial 0 with value: 0.975.
[I 2026-04-07 02:58:11,313] Trial 7 finished with value: 0.975 and parameters: {'n_estimators': 40, 'max_depth': 5, 'gamma': 0.5250915966595621, 'subsample': 0.9207383574491986, 'colsample_bytree': 0.565555321173957}. Best is trial 0 with value: 0.975.
[I 2026-04-07 02:58:11,350] Trial 8 finished with value: 1.0 and parameters: {'n_estimators': 100, 'max_depth': 5, 'gamma': 0.3919835527051987, 'subsample': 0.6502094521590198, 'colsample_bytree': 0.5827507002328938}. Best is trial 8 with value: 1.0.
[I 2026-04-07 02:58:11,378] Trial 9 finished with value: 0.975 and parameters: {'n_estimators': 100, 'max_depth': 5, 'gamma': 0.8003922413895069, 'subsample': 0.9436444759263674, 'colsample_bytree': 0.8374593849333938}. Best is trial 8 with value: 1.0.
[I 2026-04-07 02:58:11,431] Trial 10 finished with value: 1.0 and parameters: {'n_estimators': 100, 'max_depth': 30, 'gamma': 0.13445536345660636, 'subsample': 0.7476805901551955, 'colsample_bytree': 0.6248970054409114}. Best is trial 8 with value: 1.0.
[I 2026-04-07 02:58:11,479] Trial 11 finished with value: 1.0 and parameters: {'n_estimators': 100, 'max_depth': 30, 'gamma': 0.10446661927675699, 'subsample': 0.7301327038899156, 'colsample_bytree': 0.6242216426747456}. Best is trial 8 with value: 1.0.
[I 2026-04-07 02:58:11,516] Trial 12 finished with value: 0.975 and parameters: {'n_estimators': 100, 'max_depth': 30, 'gamma': 0.14185969212968175, 'subsample': 0.6413584085235382, 'colsample_bytree': 0.6321882957627458}. Best is trial 8 with value: 1.0.
[I 2026-04-07 02:58:11,557] Trial 13 finished with value: 0.975 and parameters: {'n_estimators': 100, 'max_depth': 30, 'gamma': 0.2940530462207287, 'subsample': 0.8019186970411778, 'colsample_bytree': 0.5870164251513028}. Best is trial 8 with value: 1.0.
[I 2026-04-07 02:58:11,605] Trial 14 finished with value: 1.0 and parameters: {'n_estimators': 100, 'max_depth': 30, 'gamma': 0.30171423612469206, 'subsample': 0.7482734941828143, 'colsample_bytree': 0.5029247437275957}. Best is trial 8 with value: 1.0.
[I 2026-04-07 02:58:11,644] Trial 15 finished with value: 0.975 and parameters: {'n_estimators': 100, 'max_depth': 30, 'gamma': 0.2971731557179943, 'subsample': 0.5136875763367752, 'colsample_bytree': 0.6871585773740464}. Best is trial 8 with value: 1.0.
[I 2026-04-07 02:58:11,682] Trial 16 finished with value: 0.975 and parameters: {'n_estimators': 40, 'max_depth': 5, 'gamma': 0.3920014867324031, 'subsample': 0.6446403232759388, 'colsample_bytree': 0.9928973939225177}. Best is trial 8 with value: 1.0.
[I 2026-04-07 02:58:11,719] Trial 17 finished with value: 0.975 and parameters: {'n_estimators': 100, 'max_depth': 30, 'gamma': 0.21789874089489547, 'subsample': 0.8554091824812715, 'colsample_bytree': 0.6742119142218679}. Best is trial 8 with value: 1.0.
[I 2026-04-07 02:58:11,768] Trial 18 finished with value: 0.975 and parameters: {'n_estimators': 100, 'max_depth': 5, 'gamma': 0.4161671499706137, 'subsample': 0.7714560484745161, 'colsample_bytree': 0.5517828870091157}. Best is trial 8 with value: 1.0.
[I 2026-04-07 02:58:11,806] Trial 19 finished with value: 0.975 and parameters: {'n_estimators': 40, 'max_depth': 30, 'gamma': 0.6672929392846038, 'subsample': 0.7058677902940477, 'colsample_bytree': 0.821719767844121}. Best is trial 8 with value: 1.0.
[I 2026-04-07 02:58:11,853] Trial 20 finished with value: 0.975 and parameters: {'n_estimators': 100, 'max_depth': 30, 'gamma': 0.2012035003396748, 'subsample': 0.9961764358499778, 'colsample_bytree': 0.5909320667218542}. Best is trial 8 with value: 1.0.
[I 2026-04-07 02:58:11,901] Trial 21 finished with value: 1.0 and parameters: {'n_estimators': 100, 'max_depth': 30, 'gamma': 0.11987919896877305, 'subsample': 0.7364692119415158, 'colsample_bytree': 0.6227932583032116}. Best is trial 8 with value: 1.0.
[I 2026-04-07 02:58:11,950] Trial 22 finished with value: 0.95 and parameters: {'n_estimators': 100, 'max_depth': 30, 'gamma': 0.22044100102299685, 'subsample': 0.6139348779916635, 'colsample_bytree': 0.6728592631570088}. Best is trial 8 with value: 1.0.
[I 2026-04-07 02:58:11,999] Trial 23 finished with value: 1.0 and parameters: {'n_estimators': 100, 'max_depth': 30, 'gamma': 0.10278176245750642, 'subsample': 0.7348340371305935, 'colsample_bytree': 0.6123932038625418}. Best is trial 8 with value: 1.0.
[I 2026-04-07 02:58:12,047] Trial 24 finished with value: 1.0 and parameters: {'n_estimators': 100, 'max_depth': 30, 'gamma': 0.36640526082018554, 'subsample': 0.6662417698402398, 'colsample_bytree': 0.5566418840532259}. Best is trial 8 with value: 1.0.
[I 2026-04-07 02:58:12,085] Trial 25 finished with value: 0.975 and parameters: {'n_estimators': 100, 'max_depth': 5, 'gamma': 0.17697960128008175, 'subsample': 0.583496664208107, 'colsample_bytree': 0.6620600152013829}. Best is trial 8 with value: 1.0.
[I 2026-04-07 02:58:12,123] Trial 26 finished with value: 0.975 and parameters: {'n_estimators': 100, 'max_depth': 30, 'gamma': 0.2626872123152875, 'subsample': 0.7759909773098492, 'colsample_bytree': 0.7091843773932633}. Best is trial 8 with value: 1.0.
[I 2026-04-07 02:58:12,160] Trial 27 finished with value: 0.975 and parameters: {'n_estimators': 100, 'max_depth': 30, 'gamma': 0.34461411178684265, 'subsample': 0.7085583015130753, 'colsample_bytree': 0.7937552560850832}. Best is trial 8 with value: 1.0.
[I 2026-04-07 02:58:12,197] Trial 28 finished with value: 0.975 and parameters: {'n_estimators': 10, 'max_depth': 20, 'gamma': 0.44123518190339084, 'subsample': 0.8608600110812525, 'colsample_bytree': 0.5053746138822339}. Best is trial 8 with value: 1.0.
[I 2026-04-07 02:58:12,235] Trial 29 finished with value: 0.975 and parameters: {'n_estimators': 40, 'max_depth': 5, 'gamma': 0.6537685405380681, 'subsample': 0.5372506539122821, 'colsample_bytree': 0.6460106568305164}. Best is trial 8 with value: 1.0.
[I 2026-04-07 02:58:13,057] A new study created in memory with name: rf
[I 2026-04-07 02:58:13,243] Trial 0 finished with value: 0.975 and parameters: {'n_estimators': 130, 'max_depth': 17, 'min_samples_split': 5, 'min_samples_leaf': 8}. Best is trial 0 with value: 0.975.
[I 2026-04-07 02:58:13,760] Trial 1 finished with value: 0.975 and parameters: {'n_estimators': 492, 'max_depth': 12, 'min_samples_split': 6, 'min_samples_leaf': 1}. Best is trial 0 with value: 0.975.
[I 2026-04-07 02:58:14,028] Trial 2 finished with value: 0.975 and parameters: {'n_estimators': 207, 'max_depth': 11, 'min_samples_split': 8, 'min_samples_leaf': 9}. Best is trial 0 with value: 0.975.
[I 2026-04-07 02:58:14,296] Trial 3 finished with value: 0.975 and parameters: {'n_estimators': 252, 'max_depth': 4, 'min_samples_split': 4, 'min_samples_leaf': 10}. Best is trial 0 with value: 0.975.
[I 2026-04-07 02:58:14,504] Trial 4 finished with value: 0.975 and parameters: {'n_estimators': 185, 'max_depth': 11, 'min_samples_split': 10, 'min_samples_leaf': 1}. Best is trial 0 with value: 0.975.
[I 2026-04-07 02:58:14,904] Trial 5 finished with value: 1.0 and parameters: {'n_estimators': 340, 'max_depth': 20, 'min_samples_split': 4, 'min_samples_leaf': 6}. Best is trial 5 with value: 1.0.
[I 2026-04-07 02:58:15,373] Trial 6 finished with value: 0.975 and parameters: {'n_estimators': 464, 'max_depth': 5, 'min_samples_split': 6, 'min_samples_leaf': 8}. Best is trial 5 with value: 1.0.
[I 2026-04-07 02:58:15,793] Trial 7 finished with value: 0.975 and parameters: {'n_estimators': 368, 'max_depth': 11, 'min_samples_split': 3, 'min_samples_leaf': 5}. Best is trial 5 with value: 1.0.
[I 2026-04-07 02:58:16,102] Trial 8 finished with value: 0.975 and parameters: {'n_estimators': 249, 'max_depth': 11, 'min_samples_split': 5, 'min_samples_leaf': 9}. Best is trial 5 with value: 1.0.
[I 2026-04-07 02:58:16,563] Trial 9 finished with value: 0.975 and parameters: {'n_estimators': 408, 'max_depth': 8, 'min_samples_split': 7, 'min_samples_leaf': 3}. Best is trial 5 with value: 1.0.
[I 2026-04-07 02:58:16,928] Trial 10 finished with value: 0.975 and parameters: {'n_estimators': 333, 'max_depth': 19, 'min_samples_split': 2, 'min_samples_leaf': 6}. Best is trial 5 with value: 1.0.
[I 2026-04-07 02:58:17,130] Trial 11 finished with value: 0.95 and parameters: {'n_estimators': 134, 'max_depth': 20, 'min_samples_split': 4, 'min_samples_leaf': 6}. Best is trial 5 with value: 1.0.
[I 2026-04-07 02:58:17,446] Trial 12 finished with value: 0.975 and parameters: {'n_estimators': 284, 'max_depth': 16, 'min_samples_split': 2, 'min_samples_leaf': 7}. Best is trial 5 with value: 1.0.
[I 2026-04-07 02:58:17,621] Trial 13 finished with value: 0.975 and parameters: {'n_estimators': 100, 'max_depth': 16, 'min_samples_split': 4, 'min_samples_leaf': 4}. Best is trial 5 with value: 1.0.
[I 2026-04-07 02:58:18,076] Trial 14 finished with value: 0.975 and parameters: {'n_estimators': 400, 'max_depth': 17, 'min_samples_split': 5, 'min_samples_leaf': 7}. Best is trial 5 with value: 1.0.
[I 2026-04-07 02:58:18,431] Trial 15 finished with value: 0.975 and parameters: {'n_estimators': 322, 'max_depth': 14, 'min_samples_split': 8, 'min_samples_leaf': 4}. Best is trial 5 with value: 1.0.
[I 2026-04-07 02:58:18,685] Trial 16 finished with value: 0.975 and parameters: {'n_estimators': 169, 'max_depth': 18, 'min_samples_split': 3, 'min_samples_leaf': 8}. Best is trial 5 with value: 1.0.
[I 2026-04-07 02:58:18,988] Trial 17 finished with value: 0.975 and parameters: {'n_estimators': 231, 'max_depth': 20, 'min_samples_split': 6, 'min_samples_leaf': 10}. Best is trial 5 with value: 1.0.
[I 2026-04-07 02:58:19,352] Trial 18 finished with value: 0.975 and parameters: {'n_estimators': 287, 'max_depth': 15, 'min_samples_split': 5, 'min_samples_leaf': 7}. Best is trial 5 with value: 1.0.
[I 2026-04-07 02:58:19,789] Trial 19 finished with value: 0.975 and parameters: {'n_estimators': 361, 'max_depth': 18, 'min_samples_split': 10, 'min_samples_leaf': 5}. Best is trial 5 with value: 1.0.
[I 2026-04-07 02:58:20,308] Trial 20 finished with value: 0.975 and parameters: {'n_estimators': 432, 'max_depth': 14, 'min_samples_split': 3, 'min_samples_leaf': 3}. Best is trial 5 with value: 1.0.
[I 2026-04-07 02:58:20,844] Trial 21 finished with value: 0.975 and parameters: {'n_estimators': 470, 'max_depth': 13, 'min_samples_split': 6, 'min_samples_leaf': 2}. Best is trial 5 with value: 1.0.
[I 2026-04-07 02:58:21,413] Trial 22 finished with value: 0.975 and parameters: {'n_estimators': 493, 'max_depth': 8, 'min_samples_split': 7, 'min_samples_leaf': 1}. Best is trial 5 with value: 1.0.
[I 2026-04-07 02:58:21,898] Trial 23 finished with value: 0.975 and parameters: {'n_estimators': 437, 'max_depth': 20, 'min_samples_split': 5, 'min_samples_leaf': 8}. Best is trial 5 with value: 1.0.
[I 2026-04-07 02:58:22,336] Trial 24 finished with value: 0.975 and parameters: {'n_estimators': 378, 'max_depth': 9, 'min_samples_split': 7, 'min_samples_leaf': 6}. Best is trial 5 with value: 1.0.
[I 2026-04-07 02:58:22,554] Trial 25 finished with value: 0.975 and parameters: {'n_estimators': 146, 'max_depth': 18, 'min_samples_split': 4, 'min_samples_leaf': 4}. Best is trial 5 with value: 1.0.
[I 2026-04-07 02:58:22,940] Trial 26 finished with value: 0.975 and parameters: {'n_estimators': 311, 'max_depth': 13, 'min_samples_split': 8, 'min_samples_leaf': 9}. Best is trial 5 with value: 1.0.
[I 2026-04-07 02:58:23,357] Trial 27 finished with value: 0.975 and parameters: {'n_estimators': 336, 'max_depth': 6, 'min_samples_split': 5, 'min_samples_leaf': 5}. Best is trial 5 with value: 1.0.
[I 2026-04-07 02:58:23,545] Trial 28 finished with value: 0.975 and parameters: {'n_estimators': 105, 'max_depth': 16, 'min_samples_split': 6, 'min_samples_leaf': 2}. Best is trial 5 with value: 1.0.
[I 2026-04-07 02:58:23,821] Trial 29 finished with value: 0.975 and parameters: {'n_estimators': 200, 'max_depth': 17, 'min_samples_split': 3, 'min_samples_leaf': 9}. Best is trial 5 with value: 1.0.
[I 2026-04-07 02:58:27,271] A new study created in memory with name: mlp
[I 2026-04-07 02:58:27,337] Trial 0 finished with value: 0.95 and parameters: {'hidden_layer_sizes': (200,), 'max_iter': 100, 'alpha': 0.0001}. Best is trial 0 with value: 0.95.
[I 2026-04-07 02:58:27,423] Trial 1 finished with value: 0.95 and parameters: {'hidden_layer_sizes': (100, 100), 'max_iter': 100, 'alpha': 0.0001}. Best is trial 0 with value: 0.95.
[I 2026-04-07 02:58:27,487] Trial 2 finished with value: 0.95 and parameters: {'hidden_layer_sizes': (200,), 'max_iter': 100, 'alpha': 0.001}. Best is trial 0 with value: 0.95.
[I 2026-04-07 02:58:27,533] Trial 3 finished with value: 0.95 and parameters: {'hidden_layer_sizes': (100,), 'max_iter': 50, 'alpha': 0.001}. Best is trial 0 with value: 0.95.
[I 2026-04-07 02:58:27,579] Trial 4 finished with value: 0.95 and parameters: {'hidden_layer_sizes': (100,), 'max_iter': 50, 'alpha': 0.0001}. Best is trial 0 with value: 0.95.
[I 2026-04-07 02:58:27,614] Trial 5 finished with value: 0.975 and parameters: {'hidden_layer_sizes': (100,), 'max_iter': 50, 'alpha': 0.0001}. Best is trial 5 with value: 0.975.
[I 2026-04-07 02:58:27,650] Trial 6 finished with value: 0.95 and parameters: {'hidden_layer_sizes': (100,), 'max_iter': 50, 'alpha': 0.0001}. Best is trial 5 with value: 0.975.
[I 2026-04-07 02:58:27,686] Trial 7 finished with value: 0.95 and parameters: {'hidden_layer_sizes': (100,), 'max_iter': 50, 'alpha': 0.0001}. Best is trial 5 with value: 0.975.
[I 2026-04-07 02:58:27,739] Trial 8 finished with value: 0.95 and parameters: {'hidden_layer_sizes': (200,), 'max_iter': 100, 'alpha': 0.0001}. Best is trial 5 with value: 0.975.
[I 2026-04-07 02:58:27,785] Trial 9 finished with value: 0.95 and parameters: {'hidden_layer_sizes': (200,), 'max_iter': 50, 'alpha': 0.0001}. Best is trial 5 with value: 0.975.
[I 2026-04-07 02:58:27,843] Trial 10 finished with value: 0.95 and parameters: {'hidden_layer_sizes': (100, 100), 'max_iter': 50, 'alpha': 0.001}. Best is trial 5 with value: 0.975.
[I 2026-04-07 02:58:27,902] Trial 11 finished with value: 0.95 and parameters: {'hidden_layer_sizes': (200,), 'max_iter': 100, 'alpha': 0.0001}. Best is trial 5 with value: 0.975.
[I 2026-04-07 02:58:27,949] Trial 12 finished with value: 0.95 and parameters: {'hidden_layer_sizes': (100,), 'max_iter': 100, 'alpha': 0.0001}. Best is trial 5 with value: 0.975.
[I 2026-04-07 02:58:28,013] Trial 13 finished with value: 0.95 and parameters: {'hidden_layer_sizes': (200,), 'max_iter': 100, 'alpha': 0.0001}. Best is trial 5 with value: 0.975.
[I 2026-04-07 02:58:28,061] Trial 14 finished with value: 0.95 and parameters: {'hidden_layer_sizes': (100, 100), 'max_iter': 50, 'alpha': 0.001}. Best is trial 5 with value: 0.975.
[I 2026-04-07 02:58:28,130] Trial 15 finished with value: 0.95 and parameters: {'hidden_layer_sizes': (100,), 'max_iter': 100, 'alpha': 0.0001}. Best is trial 5 with value: 0.975.
[I 2026-04-07 02:58:28,198] Trial 16 finished with value: 0.95 and parameters: {'hidden_layer_sizes': (200,), 'max_iter': 100, 'alpha': 0.0001}. Best is trial 5 with value: 0.975.
[I 2026-04-07 02:58:28,236] Trial 17 finished with value: 0.95 and parameters: {'hidden_layer_sizes': (100,), 'max_iter': 50, 'alpha': 0.0001}. Best is trial 5 with value: 0.975.
[I 2026-04-07 02:58:28,275] Trial 18 finished with value: 0.975 and parameters: {'hidden_layer_sizes': (200,), 'max_iter': 50, 'alpha': 0.001}. Best is trial 5 with value: 0.975.
[I 2026-04-07 02:58:28,322] Trial 19 finished with value: 0.95 and parameters: {'hidden_layer_sizes': (100, 100), 'max_iter': 50, 'alpha': 0.001}. Best is trial 5 with value: 0.975.
[I 2026-04-07 02:58:28,360] Trial 20 finished with value: 0.95 and parameters: {'hidden_layer_sizes': (200,), 'max_iter': 50, 'alpha': 0.001}. Best is trial 5 with value: 0.975.
[I 2026-04-07 02:58:28,399] Trial 21 finished with value: 0.975 and parameters: {'hidden_layer_sizes': (200,), 'max_iter': 50, 'alpha': 0.001}. Best is trial 5 with value: 0.975.
[I 2026-04-07 02:58:28,437] Trial 22 finished with value: 0.95 and parameters: {'hidden_layer_sizes': (200,), 'max_iter': 50, 'alpha': 0.001}. Best is trial 5 with value: 0.975.
[I 2026-04-07 02:58:28,485] Trial 23 finished with value: 0.95 and parameters: {'hidden_layer_sizes': (200,), 'max_iter': 50, 'alpha': 0.001}. Best is trial 5 with value: 0.975.
[I 2026-04-07 02:58:28,530] Trial 24 finished with value: 0.95 and parameters: {'hidden_layer_sizes': (200,), 'max_iter': 50, 'alpha': 0.001}. Best is trial 5 with value: 0.975.
[I 2026-04-07 02:58:28,568] Trial 25 finished with value: 0.95 and parameters: {'hidden_layer_sizes': (100,), 'max_iter': 50, 'alpha': 0.001}. Best is trial 5 with value: 0.975.
[I 2026-04-07 02:58:28,615] Trial 26 finished with value: 0.95 and parameters: {'hidden_layer_sizes': (200,), 'max_iter': 50, 'alpha': 0.001}. Best is trial 5 with value: 0.975.
[I 2026-04-07 02:58:28,654] Trial 27 finished with value: 0.95 and parameters: {'hidden_layer_sizes': (200,), 'max_iter': 50, 'alpha': 0.001}. Best is trial 5 with value: 0.975.
[I 2026-04-07 02:58:28,712] Trial 28 finished with value: 0.95 and parameters: {'hidden_layer_sizes': (100, 100), 'max_iter': 50, 'alpha': 0.001}. Best is trial 5 with value: 0.975.
[I 2026-04-07 02:58:28,751] Trial 29 finished with value: 0.95 and parameters: {'hidden_layer_sizes': (100,), 'max_iter': 50, 'alpha': 0.001}. Best is trial 5 with value: 0.975.
[I 2026-04-07 02:58:29,617] A new study created in memory with name: naive_bayes
[I 2026-04-07 02:58:29,631] Trial 0 finished with value: 0.875 and parameters: {'var_smoothing': 5.582886587978182e-09}. Best is trial 0 with value: 0.875.
[I 2026-04-07 02:58:29,644] Trial 1 finished with value: 0.875 and parameters: {'var_smoothing': 8.651299071518215e-09}. Best is trial 0 with value: 0.875.
[I 2026-04-07 02:58:29,658] Trial 2 finished with value: 0.875 and parameters: {'var_smoothing': 5.475062490474489e-09}. Best is trial 0 with value: 0.875.
[I 2026-04-07 02:58:29,671] Trial 3 finished with value: 0.875 and parameters: {'var_smoothing': 1.1526869678723134e-09}. Best is trial 0 with value: 0.875.
[I 2026-04-07 02:58:29,685] Trial 4 finished with value: 0.875 and parameters: {'var_smoothing': 2.920496270341785e-10}. Best is trial 0 with value: 0.875.
[I 2026-04-07 02:58:29,699] Trial 5 finished with value: 0.875 and parameters: {'var_smoothing': 1.0538956417705805e-10}. Best is trial 0 with value: 0.875.
[I 2026-04-07 02:58:29,711] Trial 6 finished with value: 0.875 and parameters: {'var_smoothing': 7.260016982331591e-10}. Best is trial 0 with value: 0.875.
[I 2026-04-07 02:58:29,725] Trial 7 finished with value: 0.875 and parameters: {'var_smoothing': 6.378267364653917e-10}. Best is trial 0 with value: 0.875.
[I 2026-04-07 02:58:29,738] Trial 8 finished with value: 0.875 and parameters: {'var_smoothing': 1.1100673847791952e-09}. Best is trial 0 with value: 0.875.
[I 2026-04-07 02:58:29,751] Trial 9 finished with value: 0.875 and parameters: {'var_smoothing': 9.052813879088377e-10}. Best is trial 0 with value: 0.875.
[I 2026-04-07 02:58:29,772] Trial 10 finished with value: 0.875 and parameters: {'var_smoothing': 3.20543606083287e-09}. Best is trial 0 with value: 0.875.
[I 2026-04-07 02:58:29,791] Trial 11 finished with value: 0.875 and parameters: {'var_smoothing': 8.433965140342417e-09}. Best is trial 0 with value: 0.875.
[I 2026-04-07 02:58:29,809] Trial 12 finished with value: 0.875 and parameters: {'var_smoothing': 2.860874278982245e-09}. Best is trial 0 with value: 0.875.
[I 2026-04-07 02:58:29,829] Trial 13 finished with value: 0.875 and parameters: {'var_smoothing': 9.270349036178526e-09}. Best is trial 0 with value: 0.875.
[I 2026-04-07 02:58:29,848] Trial 14 finished with value: 0.875 and parameters: {'var_smoothing': 3.13069447640915e-09}. Best is trial 0 with value: 0.875.
[I 2026-04-07 02:58:29,868] Trial 15 finished with value: 0.875 and parameters: {'var_smoothing': 5.223604886811285e-09}. Best is trial 0 with value: 0.875.
