[I 2026-04-07 02:57:07,835] Trial 5 finished with value: 0.925 and parameters: {'n_estimators': 100, 'max_depth': 20, 'gamma': 0.48380821541644814, 'subsample': 0.8171899343169193, 'colsample_bytree': 0.7614531005141727}. Best is trial 1 with value: 0.95.
[I 2026-04-07 02:57:07,883] Trial 6 finished with value: 0.875 and parameters: {'n_estimators': 10, 'max_depth': 5, 'gamma': 0.9599214907026333, 'subsample': 0.8414569271877088, 'colsample_bytree': 0.5265643453364788}. Best is trial 1 with value: 0.95.
[I 2026-04-07 02:57:07,930] Trial 7 finished with value: 0.925 and parameters: {'n_estimators': 40, 'max_depth': 5, 'gamma': 0.5250915966595621, 'subsample': 0.9207383574491986, 'colsample_bytree': 0.565555321173957}. Best is trial 1 with value: 0.95.
[I 2026-04-07 02:57:07,988] Trial 8 finished with value: 0.975 and parameters: {'n_estimators': 100, 'max_depth': 5, 'gamma': 0.3919835527051987, 'subsample': 0.6502094521590198, 'colsample_bytree': 0.5827507002328938}. Best is trial 8 with value: 0.975.
[I 2026-04-07 02:57:08,044] Trial 9 finished with value: 0.925 and parameters: {'n_estimators': 100, 'max_depth': 5, 'gamma': 0.8003922413895069, 'subsample': 0.9436444759263674, 'colsample_bytree': 0.8374593849333938}. Best is trial 8 with value: 0.975.
[I 2026-04-07 02:57:08,112] Trial 10 finished with value: 0.95 and parameters: {'n_estimators': 100, 'max_depth': 30, 'gamma': 0.13445536345660636, 'subsample': 0.7476805901551955, 'colsample_bytree': 0.6248970054409114}. Best is trial 8 with value: 0.975.
[I 2026-04-07 02:57:08,171] Trial 11 finished with value: 0.975 and parameters: {'n_estimators': 100, 'max_depth': 5, 'gamma': 0.2681645700627216, 'subsample': 0.6063977620994698, 'colsample_bytree': 0.686167641486348}. Best is trial 8 with value: 0.975.
[I 2026-04-07 02:57:08,209] Trial 12 finished with value: 0.975 and parameters: {'n_estimators': 100, 'max_depth': 30, 'gamma': 0.2415772766967731, 'subsample': 0.6568992615055, 'colsample_bytree': 0.6366491924526142}. Best is trial 8 with value: 0.975.
[I 2026-04-07 02:57:08,258] Trial 13 finished with value: 0.975 and parameters: {'n_estimators': 100, 'max_depth': 5, 'gamma': 0.3225324893523046, 'subsample': 0.6274106661840552, 'colsample_bytree': 0.5932897365512294}. Best is trial 8 with value: 0.975.
[I 2026-04-07 02:57:08,304] Trial 14 finished with value: 0.975 and parameters: {'n_estimators': 100, 'max_depth': 5, 'gamma': 0.3540279193367535, 'subsample': 0.5177527014971015, 'colsample_bytree': 0.5058009730023216}. Best is trial 8 with value: 0.975.
[I 2026-04-07 02:57:08,342] Trial 15 finished with value: 0.975 and parameters: {'n_estimators': 100, 'max_depth': 5, 'gamma': 0.10664688114309917, 'subsample': 0.7480023146577007, 'colsample_bytree': 0.7049421105297022}. Best is trial 8 with value: 0.975.
[I 2026-04-07 02:57:08,379] Trial 16 finished with value: 0.95 and parameters: {'n_estimators': 40, 'max_depth': 30, 'gamma': 0.3851209698407902, 'subsample': 0.5836942425421138, 'colsample_bytree': 0.9928973939225177}. Best is trial 8 with value: 0.975.
[I 2026-04-07 02:57:08,428] Trial 17 finished with value: 0.975 and parameters: {'n_estimators': 100, 'max_depth': 5, 'gamma': 0.25639071744081554, 'subsample': 0.8075551947921283, 'colsample_bytree': 0.6742119142218679}. Best is trial 8 with value: 0.975.
[I 2026-04-07 02:57:08,469] Trial 18 finished with value: 0.95 and parameters: {'n_estimators': 100, 'max_depth': 5, 'gamma': 0.6560967365710256, 'subsample': 0.7100378675558447, 'colsample_bytree': 0.8240459457039855}. Best is trial 8 with value: 0.975.
[I 2026-04-07 02:57:08,507] Trial 19 finished with value: 0.975 and parameters: {'n_estimators': 40, 'max_depth': 30, 'gamma': 0.4214723657676931, 'subsample': 0.5011191823417127, 'colsample_bytree': 0.5652877530734012}. Best is trial 8 with value: 0.975.
[I 2026-04-07 02:57:08,545] Trial 20 finished with value: 0.925 and parameters: {'n_estimators': 100, 'max_depth': 5, 'gamma': 0.21895184893236683, 'subsample': 0.9961764358499778, 'colsample_bytree': 0.8126189940568505}. Best is trial 8 with value: 0.975.
[I 2026-04-07 02:57:08,583] Trial 21 finished with value: 0.975 and parameters: {'n_estimators': 100, 'max_depth': 30, 'gamma': 0.2320055217310806, 'subsample': 0.6529137676162926, 'colsample_bytree': 0.66127324368847}. Best is trial 8 with value: 0.975.
[I 2026-04-07 02:57:08,619] Trial 22 finished with value: 0.975 and parameters: {'n_estimators': 100, 'max_depth': 30, 'gamma': 0.29938514632321084, 'subsample': 0.6419970173595193, 'colsample_bytree': 0.6029566595524758}. Best is trial 8 with value: 0.975.
[I 2026-04-07 02:57:08,668] Trial 23 finished with value: 0.975 and parameters: {'n_estimators': 100, 'max_depth': 30, 'gamma': 0.212322571304544, 'subsample': 0.5657159664587075, 'colsample_bytree': 0.6761619377301323}. Best is trial 8 with value: 0.975.
[I 2026-04-07 02:57:08,716] Trial 24 finished with value: 0.975 and parameters: {'n_estimators': 100, 'max_depth': 30, 'gamma': 0.4362593329471556, 'subsample': 0.7127199699265264, 'colsample_bytree': 0.5566418840532259}. Best is trial 8 with value: 0.975.
[I 2026-04-07 02:57:08,756] Trial 25 finished with value: 0.95 and parameters: {'n_estimators': 100, 'max_depth': 30, 'gamma': 0.19422018250973408, 'subsample': 0.6015511062436908, 'colsample_bytree': 0.6450749374087503}. Best is trial 8 with value: 0.975.
[I 2026-04-07 02:57:08,806] Trial 26 finished with value: 0.95 and parameters: {'n_estimators': 100, 'max_depth': 5, 'gamma': 0.29074527780253223, 'subsample': 0.6445181372933206, 'colsample_bytree': 0.6929815637691347}. Best is trial 8 with value: 0.975.
[I 2026-04-07 02:57:08,845] Trial 27 finished with value: 0.975 and parameters: {'n_estimators': 100, 'max_depth': 30, 'gamma': 0.16601823181494246, 'subsample': 0.6770202713795506, 'colsample_bytree': 0.6097159123974396}. Best is trial 8 with value: 0.975.
[I 2026-04-07 02:57:08,883] Trial 28 finished with value: 0.875 and parameters: {'n_estimators': 10, 'max_depth': 20, 'gamma': 0.6112584951300768, 'subsample': 0.7872809989785173, 'colsample_bytree': 0.7831764706081874}. Best is trial 8 with value: 0.975.
[I 2026-04-07 02:57:08,922] Trial 29 finished with value: 0.975 and parameters: {'n_estimators': 40, 'max_depth': 5, 'gamma': 0.38041246735359907, 'subsample': 0.5365408520307736, 'colsample_bytree': 0.6460106568305164}. Best is trial 8 with value: 0.975.
[I 2026-04-07 02:57:09,838] A new study created in memory with name: rf
[I 2026-04-07 02:57:10,044] Trial 0 finished with value: 0.875 and parameters: {'n_estimators': 130, 'max_depth': 17, 'min_samples_split': 5, 'min_samples_leaf': 8}. Best is trial 0 with value: 0.875.
[I 2026-04-07 02:57:10,543] Trial 1 finished with value: 0.95 and parameters: {'n_estimators': 492, 'max_depth': 12, 'min_samples_split': 6, 'min_samples_leaf': 1}. Best is trial 1 with value: 0.95.
[I 2026-04-07 02:57:10,811] Trial 2 finished with value: 0.85 and parameters: {'n_estimators': 207, 'max_depth': 11, 'min_samples_split': 8, 'min_samples_leaf': 9}. Best is trial 1 with value: 0.95.
[I 2026-04-07 02:57:11,099] Trial 3 finished with value: 0.925 and parameters: {'n_estimators': 252, 'max_depth': 4, 'min_samples_split': 4, 'min_samples_leaf': 10}. Best is trial 1 with value: 0.95.
[I 2026-04-07 02:57:11,317] Trial 4 finished with value: 0.95 and parameters: {'n_estimators': 185, 'max_depth': 11, 'min_samples_split': 10, 'min_samples_leaf': 1}. Best is trial 1 with value: 0.95.
[I 2026-04-07 02:57:11,724] Trial 5 finished with value: 0.9 and parameters: {'n_estimators': 340, 'max_depth': 20, 'min_samples_split': 4, 'min_samples_leaf': 6}. Best is trial 1 with value: 0.95.
[I 2026-04-07 02:57:12,213] Trial 6 finished with value: 0.825 and parameters: {'n_estimators': 464, 'max_depth': 5, 'min_samples_split': 6, 'min_samples_leaf': 8}. Best is trial 1 with value: 0.95.
[I 2026-04-07 02:57:12,613] Trial 7 finished with value: 0.95 and parameters: {'n_estimators': 368, 'max_depth': 11, 'min_samples_split': 3, 'min_samples_leaf': 5}. Best is trial 1 with value: 0.95.
[I 2026-04-07 02:57:12,903] Trial 8 finished with value: 0.825 and parameters: {'n_estimators': 249, 'max_depth': 11, 'min_samples_split': 5, 'min_samples_leaf': 9}. Best is trial 1 with value: 0.95.
[I 2026-04-07 02:57:13,332] Trial 9 finished with value: 0.95 and parameters: {'n_estimators': 408, 'max_depth': 8, 'min_samples_split': 7, 'min_samples_leaf': 3}. Best is trial 1 with value: 0.95.
[I 2026-04-07 02:57:13,863] Trial 10 finished with value: 0.975 and parameters: {'n_estimators': 479, 'max_depth': 15, 'min_samples_split': 2, 'min_samples_leaf': 1}. Best is trial 10 with value: 0.975.
[I 2026-04-07 02:57:14,379] Trial 11 finished with value: 1.0 and parameters: {'n_estimators': 476, 'max_depth': 15, 'min_samples_split': 2, 'min_samples_leaf': 1}. Best is trial 11 with value: 1.0.
[I 2026-04-07 02:57:14,860] Trial 12 finished with value: 0.975 and parameters: {'n_estimators': 415, 'max_depth': 16, 'min_samples_split': 2, 'min_samples_leaf': 3}. Best is trial 11 with value: 1.0.
[I 2026-04-07 02:57:15,377] Trial 13 finished with value: 0.975 and parameters: {'n_estimators': 446, 'max_depth': 15, 'min_samples_split': 2, 'min_samples_leaf': 3}. Best is trial 11 with value: 1.0.
[I 2026-04-07 02:57:15,903] Trial 14 finished with value: 0.975 and parameters: {'n_estimators': 495, 'max_depth': 20, 'min_samples_split': 2, 'min_samples_leaf': 1}. Best is trial 11 with value: 1.0.
[I 2026-04-07 02:57:16,299] Trial 15 finished with value: 0.9 and parameters: {'n_estimators': 322, 'max_depth': 14, 'min_samples_split': 3, 'min_samples_leaf': 5}. Best is trial 11 with value: 1.0.
[I 2026-04-07 02:57:16,756] Trial 16 finished with value: 0.975 and parameters: {'n_estimators': 384, 'max_depth': 18, 'min_samples_split': 3, 'min_samples_leaf': 2}. Best is trial 11 with value: 1.0.
[I 2026-04-07 02:57:17,211] Trial 17 finished with value: 0.95 and parameters: {'n_estimators': 429, 'max_depth': 14, 'min_samples_split': 9, 'min_samples_leaf': 4}. Best is trial 11 with value: 1.0.
[I 2026-04-07 02:57:17,535] Trial 18 finished with value: 0.95 and parameters: {'n_estimators': 294, 'max_depth': 8, 'min_samples_split': 4, 'min_samples_leaf': 2}. Best is trial 11 with value: 1.0.
[I 2026-04-07 02:57:18,059] Trial 19 finished with value: 0.9 and parameters: {'n_estimators': 469, 'max_depth': 18, 'min_samples_split': 2, 'min_samples_leaf': 6}. Best is trial 11 with value: 1.0.
[I 2026-04-07 02:57:18,503] Trial 20 finished with value: 0.975 and parameters: {'n_estimators': 378, 'max_depth': 13, 'min_samples_split': 3, 'min_samples_leaf': 2}. Best is trial 11 with value: 1.0.
[I 2026-04-07 02:57:18,960] Trial 21 finished with value: 0.975 and parameters: {'n_estimators': 419, 'max_depth': 16, 'min_samples_split': 2, 'min_samples_leaf': 3}. Best is trial 11 with value: 1.0.
[I 2026-04-07 02:57:19,516] Trial 22 finished with value: 1.0 and parameters: {'n_estimators': 496, 'max_depth': 16, 'min_samples_split': 2, 'min_samples_leaf': 1}. Best is trial 11 with value: 1.0.
[I 2026-04-07 02:57:20,031] Trial 23 finished with value: 0.975 and parameters: {'n_estimators': 496, 'max_depth': 18, 'min_samples_split': 3, 'min_samples_leaf': 1}. Best is trial 11 with value: 1.0.
[I 2026-04-07 02:57:20,506] Trial 24 finished with value: 0.975 and parameters: {'n_estimators': 454, 'max_depth': 15, 'min_samples_split': 5, 'min_samples_leaf': 2}. Best is trial 11 with value: 1.0.
[I 2026-04-07 02:57:21,052] Trial 25 finished with value: 0.95 and parameters: {'n_estimators': 469, 'max_depth': 9, 'min_samples_split': 4, 'min_samples_leaf': 4}. Best is trial 11 with value: 1.0.
[I 2026-04-07 02:57:21,529] Trial 26 finished with value: 1.0 and parameters: {'n_estimators': 443, 'max_depth': 13, 'min_samples_split': 2, 'min_samples_leaf': 1}. Best is trial 11 with value: 1.0.
[I 2026-04-07 02:57:22,036] Trial 27 finished with value: 0.975 and parameters: {'n_estimators': 438, 'max_depth': 13, 'min_samples_split': 3, 'min_samples_leaf': 2}. Best is trial 11 with value: 1.0.
[I 2026-04-07 02:57:22,494] Trial 28 finished with value: 0.95 and parameters: {'n_estimators': 398, 'max_depth': 13, 'min_samples_split': 4, 'min_samples_leaf': 4}. Best is trial 11 with value: 1.0.
[I 2026-04-07 02:57:22,692] Trial 29 finished with value: 0.975 and parameters: {'n_estimators': 118, 'max_depth': 17, 'min_samples_split': 5, 'min_samples_leaf': 1}. Best is trial 11 with value: 1.0.
[I 2026-04-07 02:57:28,950] A new study created in memory with name: mlp
[I 2026-04-07 02:57:29,025] Trial 0 finished with value: 0.775 and parameters: {'hidden_layer_sizes': (200,), 'max_iter': 100, 'alpha': 0.0001}. Best is trial 0 with value: 0.775.
[I 2026-04-07 02:57:29,122] Trial 1 finished with value: 0.8 and parameters: {'hidden_layer_sizes': (100, 100), 'max_iter': 100, 'alpha': 0.0001}. Best is trial 1 with value: 0.8.
[I 2026-04-07 02:57:29,188] Trial 2 finished with value: 0.725 and parameters: {'hidden_layer_sizes': (200,), 'max_iter': 100, 'alpha': 0.001}. Best is trial 1 with value: 0.8.
[I 2026-04-07 02:57:29,223] Trial 3 finished with value: 0.75 and parameters: {'hidden_layer_sizes': (100,), 'max_iter': 50, 'alpha': 0.001}. Best is trial 1 with value: 0.8.
[I 2026-04-07 02:57:29,259] Trial 4 finished with value: 0.675 and parameters: {'hidden_layer_sizes': (100,), 'max_iter': 50, 'alpha': 0.0001}. Best is trial 1 with value: 0.8.
[I 2026-04-07 02:57:29,296] Trial 5 finished with value: 0.7 and parameters: {'hidden_layer_sizes': (100,), 'max_iter': 50, 'alpha': 0.0001}. Best is trial 1 with value: 0.8.
[I 2026-04-07 02:57:29,343] Trial 6 finished with value: 0.75 and parameters: {'hidden_layer_sizes': (100,), 'max_iter': 50, 'alpha': 0.0001}. Best is trial 1 with value: 0.8.
[I 2026-04-07 02:57:29,389] Trial 7 finished with value: 0.7 and parameters: {'hidden_layer_sizes': (100,), 'max_iter': 50, 'alpha': 0.0001}. Best is trial 1 with value: 0.8.
[I 2026-04-07 02:57:29,445] Trial 8 finished with value: 0.75 and parameters: {'hidden_layer_sizes': (200,), 'max_iter': 100, 'alpha': 0.0001}. Best is trial 1 with value: 0.8.
[I 2026-04-07 02:57:29,481] Trial 9 finished with value: 0.75 and parameters: {'hidden_layer_sizes': (200,), 'max_iter': 50, 'alpha': 0.0001}. Best is trial 1 with value: 0.8.
[I 2026-04-07 02:57:29,551] Trial 10 finished with value: 0.7 and parameters: {'hidden_layer_sizes': (100, 100), 'max_iter': 100, 'alpha': 0.001}. Best is trial 1 with value: 0.8.
[I 2026-04-07 02:57:29,631] Trial 11 finished with value: 0.75 and parameters: {'hidden_layer_sizes': (100, 100), 'max_iter': 100, 'alpha': 0.0001}. Best is trial 1 with value: 0.8.
[I 2026-04-07 02:57:29,710] Trial 12 finished with value: 0.775 and parameters: {'hidden_layer_sizes': (100, 100), 'max_iter': 100, 'alpha': 0.0001}. Best is trial 1 with value: 0.8.
[I 2026-04-07 02:57:29,798] Trial 13 finished with value: 0.75 and parameters: {'hidden_layer_sizes': (100, 100), 'max_iter': 100, 'alpha': 0.0001}. Best is trial 1 with value: 0.8.
[I 2026-04-07 02:57:29,847] Trial 14 finished with value: 0.775 and parameters: {'hidden_layer_sizes': (200,), 'max_iter': 100, 'alpha': 0.001}. Best is trial 1 with value: 0.8.
[I 2026-04-07 02:57:29,915] Trial 15 finished with value: 0.775 and parameters: {'hidden_layer_sizes': (100, 100), 'max_iter': 100, 'alpha': 0.0001}. Best is trial 1 with value: 0.8.
[I 2026-04-07 02:57:29,973] Trial 16 finished with value: 0.75 and parameters: {'hidden_layer_sizes': (200,), 'max_iter': 100, 'alpha': 0.0001}. Best is trial 1 with value: 0.8.
[I 2026-04-07 02:57:30,039] Trial 17 finished with value: 0.775 and parameters: {'hidden_layer_sizes': (100, 100), 'max_iter': 100, 'alpha': 0.0001}. Best is trial 1 with value: 0.8.
[I 2026-04-07 02:57:30,096] Trial 18 finished with value: 0.75 and parameters: {'hidden_layer_sizes': (200,), 'max_iter': 100, 'alpha': 0.001}. Best is trial 1 with value: 0.8.
[I 2026-04-07 02:57:30,163] Trial 19 finished with value: 0.75 and parameters: {'hidden_layer_sizes': (200,), 'max_iter': 100, 'alpha': 0.0001}. Best is trial 1 with value: 0.8.
[I 2026-04-07 02:57:30,239] Trial 20 finished with value: 0.775 and parameters: {'hidden_layer_sizes': (100, 100), 'max_iter': 100, 'alpha': 0.0001}. Best is trial 1 with value: 0.8.
[I 2026-04-07 02:57:30,318] Trial 21 finished with value: 0.725 and parameters: {'hidden_layer_sizes': (100, 100), 'max_iter': 100, 'alpha': 0.0001}. Best is trial 1 with value: 0.8.
[I 2026-04-07 02:57:30,384] Trial 22 finished with value: 0.75 and parameters: {'hidden_layer_sizes': (100, 100), 'max_iter': 100, 'alpha': 0.0001}. Best is trial 1 with value: 0.8.
[I 2026-04-07 02:57:30,449] Trial 23 finished with value: 0.8 and parameters: {'hidden_layer_sizes': (100, 100), 'max_iter': 100, 'alpha': 0.0001}. Best is trial 1 with value: 0.8.
[I 2026-04-07 02:57:30,514] Trial 24 finished with value: 0.8 and parameters: {'hidden_layer_sizes': (100, 100), 'max_iter': 100, 'alpha': 0.0001}. Best is trial 1 with value: 0.8.
[I 2026-04-07 02:57:30,588] Trial 25 finished with value: 0.775 and parameters: {'hidden_layer_sizes': (100, 100), 'max_iter': 100, 'alpha': 0.0001}. Best is trial 1 with value: 0.8.
[I 2026-04-07 02:57:30,673] Trial 26 finished with value: 0.775 and parameters: {'hidden_layer_sizes': (100, 100), 'max_iter': 100, 'alpha': 0.001}. Best is trial 1 with value: 0.8.
[I 2026-04-07 02:57:30,742] Trial 27 finished with value: 0.775 and parameters: {'hidden_layer_sizes': (100, 100), 'max_iter': 100, 'alpha': 0.0001}. Best is trial 1 with value: 0.8.
[I 2026-04-07 02:57:30,821] Trial 28 finished with value: 0.775 and parameters: {'hidden_layer_sizes': (100, 100), 'max_iter': 100, 'alpha': 0.0001}. Best is trial 1 with value: 0.8.
[I 2026-04-07 02:57:30,889] Trial 29 finished with value: 0.775 and parameters: {'hidden_layer_sizes': (100, 100), 'max_iter': 100, 'alpha': 0.0001}. Best is trial 1 with value: 0.8.
[I 2026-04-07 02:57:35,839] A new study created in memory with name: naive_bayes
[I 2026-04-07 02:57:35,857] Trial 0 finished with value: 0.875 and parameters: {'var_smoothing': 1.4210736239935712e-10}. Best is trial 0 with value: 0.875.
[I 2026-04-07 02:57:35,869] Trial 1 finished with value: 0.875 and parameters: {'var_smoothing': 3.629422978396398e-09}. Best is trial 0 with value: 0.875.
[I 2026-04-07 02:57:35,881] Trial 2 finished with value: 0.875 and parameters: {'var_smoothing': 7.530407234027127e-10}. Best is trial 0 with value: 0.875.
[I 2026-04-07 02:57:35,893] Trial 3 finished with value: 0.875 and parameters: {'var_smoothing': 2.7985325053380072e-09}. Best is trial 0 with value: 0.875.
[I 2026-04-07 02:57:35,906] Trial 4 finished with value: 0.875 and parameters: {'var_smoothing': 9.036058293737187e-09}. Best is trial 0 with value: 0.875.
[I 2026-04-07 02:57:35,918] Trial 5 finished with value: 0.875 and parameters: {'var_smoothing': 1.1939653980558784e-09}. Best is trial 0 with value: 0.875.
[I 2026-04-07 02:57:35,930] Trial 6 finished with value: 0.875 and parameters: {'var_smoothing': 1.005173261185167e-09}. Best is trial 0 with value: 0.875.
[I 2026-04-07 02:57:35,944] Trial 7 finished with value: 0.875 and parameters: {'var_smoothing': 1.393484899105757e-10}. Best is trial 0 with value: 0.875.
[I 2026-04-07 02:57:35,958] Trial 8 finished with value: 0.875 and parameters: {'var_smoothing': 3.4425317961147986e-10}. Best is trial 0 with value: 0.875.
[I 2026-04-07 02:57:35,970] Trial 9 finished with value: 0.875 and parameters: {'var_smoothing': 9.994590426751933e-10}. Best is trial 0 with value: 0.875.
[I 2026-04-07 02:57:35,991] Trial 10 finished with value: 0.875 and parameters: {'var_smoothing': 1.9079938112167212e-10}. Best is trial 0 with value: 0.875.
[I 2026-04-07 02:57:36,011] Trial 11 finished with value: 0.875 and parameters: {'var_smoothing': 4.7456863630433305e-09}. Best is trial 0 with value: 0.875.
[I 2026-04-07 02:57:36,029] Trial 12 finished with value: 0.875 and parameters: {'var_smoothing': 2.7185365295481096e-09}. Best is trial 0 with value: 0.875.
[I 2026-04-07 02:57:36,060] Trial 13 finished with value: 0.875 and parameters: {'var_smoothing': 4.3967291332584714e-10}. Best is trial 0 with value: 0.875.
[I 2026-04-07 02:57:36,079] Trial 14 finished with value: 0.875 and parameters: {'var_smoothing': 2.6511307931162972e-09}. Best is trial 0 with value: 0.875.
[I 2026-04-07 02:57:36,106] Trial 15 finished with value: 0.875 and parameters: {'var_smoothing': 9.000422035369052e-09}. Best is trial 0 with value: 0.875.
[I 2026-04-07 02:57:36,125] Trial 16 finished with value: 0.875 and parameters: {'var_smoothing': 2.75340575769171e-10}. Best is trial 0 with value: 0.875.
[I 2026-04-07 02:57:36,144] Trial 17 finished with value: 0.875 and parameters: {'var_smoothing': 1.0118559267516465e-10}. Best is trial 0 with value: 0.875.
[I 2026-04-07 02:57:36,164] Trial 18 finished with value: 0.875 and parameters: {'var_smoothing': 5.126237368588495e-10}. Best is trial 0 with value: 0.875.
[I 2026-04-07 02:57:36,183] Trial 19 finished with value: 0.875 and parameters: {'var_smoothing': 1.7743118427439911e-09}. Best is trial 0 with value: 0.875.
[I 2026-04-07 02:57:36,201] Trial 20 finished with value: 0.875 and parameters: {'var_smoothing': 5.29215399120128e-09}. Best is trial 0 with value: 0.875.
[I 2026-04-07 02:57:36,221] Trial 21 finished with value: 0.875 and parameters: {'var_smoothing': 6.215389304971454e-10}. Best is trial 0 with value: 0.875.
[I 2026-04-07 02:57:36,239] Trial 22 finished with value: 0.875 and parameters: {'var_smoothing': 2.205158371956595e-10}. Best is trial 0 with value: 0.875.
[I 2026-04-07 02:57:36,260] Trial 23 finished with value: 0.875 and parameters: {'var_smoothing': 6.714468189294179e-10}. Best is trial 0 with value: 0.875.
[I 2026-04-07 02:57:36,280] Trial 24 finished with value: 0.875 and parameters: {'var_smoothing': 1.6303611152529254e-09}. Best is trial 0 with value: 0.875.
