[I 2026-04-07 02:43:06,269] Trial 26 finished with value: 0.95 and parameters: {'var_smoothing': 6.940094875845877e-09}. Best is trial 0 with value: 0.95.
[I 2026-04-07 02:43:06,289] Trial 27 finished with value: 0.925 and parameters: {'var_smoothing': 3.303527530967123e-10}. Best is trial 0 with value: 0.95.
[I 2026-04-07 02:43:06,306] Trial 28 finished with value: 0.925 and parameters: {'var_smoothing': 9.263886676914726e-10}. Best is trial 0 with value: 0.95.
[I 2026-04-07 02:43:06,325] Trial 29 finished with value: 0.95 and parameters: {'var_smoothing': 2.7965081549281193e-09}. Best is trial 0 with value: 0.95.
[I 2026-04-07 02:43:07,298] A new study created in memory with name: logreg
[I 2026-04-07 02:43:07,333] Trial 0 finished with value: 0.875 and parameters: {'C': 29.127335430981816, 'penalty': 'l2'}. Best is trial 0 with value: 0.875.
[I 2026-04-07 02:43:07,358] Trial 1 finished with value: 0.875 and parameters: {'C': 0.045698192893558344, 'penalty': 'l2'}. Best is trial 0 with value: 0.875.
[I 2026-04-07 02:43:07,383] Trial 2 finished with value: 0.9 and parameters: {'C': 12.768668597712947, 'penalty': 'l2'}. Best is trial 2 with value: 0.9.
[I 2026-04-07 02:43:07,406] Trial 3 finished with value: 0.9 and parameters: {'C': 0.0016161554408462638, 'penalty': 'l2'}. Best is trial 2 with value: 0.9.
[I 2026-04-07 02:43:07,430] Trial 4 finished with value: 0.9 and parameters: {'C': 0.0034536903703241734, 'penalty': 'l2'}. Best is trial 2 with value: 0.9.
[I 2026-04-07 02:43:07,456] Trial 5 finished with value: 0.9 and parameters: {'C': 0.9446269266990148, 'penalty': 'l2'}. Best is trial 2 with value: 0.9.
[I 2026-04-07 02:43:07,490] Trial 6 finished with value: 0.9 and parameters: {'C': 0.4457453393648168, 'penalty': 'l2'}. Best is trial 2 with value: 0.9.
[I 2026-04-07 02:43:07,516] Trial 7 finished with value: 0.9 and parameters: {'C': 0.12417585037258261, 'penalty': 'l2'}. Best is trial 2 with value: 0.9.
[I 2026-04-07 02:43:07,541] Trial 8 finished with value: 0.875 and parameters: {'C': 0.04753781830244093, 'penalty': 'l2'}. Best is trial 2 with value: 0.9.
[I 2026-04-07 02:43:07,567] Trial 9 finished with value: 0.9 and parameters: {'C': 1.2959766028194148, 'penalty': 'l2'}. Best is trial 2 with value: 0.9.
[I 2026-04-07 02:43:07,598] Trial 10 finished with value: 0.875 and parameters: {'C': 95.62628454748703, 'penalty': 'l2'}. Best is trial 2 with value: 0.9.
[I 2026-04-07 02:43:07,628] Trial 11 finished with value: 0.9 and parameters: {'C': 0.0014974182091943191, 'penalty': 'l2'}. Best is trial 2 with value: 0.9.
[I 2026-04-07 02:43:07,659] Trial 12 finished with value: 0.925 and parameters: {'C': 2.9663271767139108, 'penalty': 'l2'}. Best is trial 12 with value: 0.925.
[I 2026-04-07 02:43:07,696] Trial 13 finished with value: 0.9 and parameters: {'C': 4.910767119049432, 'penalty': 'l2'}. Best is trial 12 with value: 0.925.
[I 2026-04-07 02:43:07,722] Trial 14 finished with value: 0.9 and parameters: {'C': 11.44865156161544, 'penalty': 'l2'}. Best is trial 12 with value: 0.925.
[I 2026-04-07 02:43:07,747] Trial 15 finished with value: 0.925 and parameters: {'C': 3.7803952140635544, 'penalty': 'l2'}. Best is trial 12 with value: 0.925.
[I 2026-04-07 02:43:07,773] Trial 16 finished with value: 0.925 and parameters: {'C': 3.2537504163520357, 'penalty': 'l2'}. Best is trial 12 with value: 0.925.
[I 2026-04-07 02:43:07,801] Trial 17 finished with value: 0.9 and parameters: {'C': 2.0413817698391985, 'penalty': 'l2'}. Best is trial 12 with value: 0.925.
[I 2026-04-07 02:43:07,837] Trial 18 finished with value: 0.9 and parameters: {'C': 0.21400772977695579, 'penalty': 'l2'}. Best is trial 12 with value: 0.925.
[I 2026-04-07 02:43:07,862] Trial 19 finished with value: 0.9 and parameters: {'C': 26.139922781749494, 'penalty': 'l2'}. Best is trial 12 with value: 0.925.
[I 2026-04-07 02:43:07,888] Trial 20 finished with value: 0.875 and parameters: {'C': 0.019420408661632197, 'penalty': 'l2'}. Best is trial 12 with value: 0.925.
[I 2026-04-07 02:43:07,913] Trial 21 finished with value: 0.925 and parameters: {'C': 3.858909231708332, 'penalty': 'l2'}. Best is trial 12 with value: 0.925.
[I 2026-04-07 02:43:07,938] Trial 22 finished with value: 0.9 and parameters: {'C': 0.6888205285436597, 'penalty': 'l2'}. Best is trial 12 with value: 0.925.
[I 2026-04-07 02:43:07,964] Trial 23 finished with value: 0.925 and parameters: {'C': 3.375981367426819, 'penalty': 'l2'}. Best is trial 12 with value: 0.925.
[I 2026-04-07 02:43:07,999] Trial 24 finished with value: 0.9 and parameters: {'C': 7.78572029843171, 'penalty': 'l2'}. Best is trial 12 with value: 0.925.
[I 2026-04-07 02:43:08,025] Trial 25 finished with value: 0.875 and parameters: {'C': 36.6939700413651, 'penalty': 'l2'}. Best is trial 12 with value: 0.925.
[I 2026-04-07 02:43:08,061] Trial 26 finished with value: 0.925 and parameters: {'C': 2.742094122332126, 'penalty': 'l2'}. Best is trial 12 with value: 0.925.
[I 2026-04-07 02:43:08,091] Trial 27 finished with value: 0.9 and parameters: {'C': 0.27777936224300553, 'penalty': 'l2'}. Best is trial 12 with value: 0.925.
[I 2026-04-07 02:43:08,119] Trial 28 finished with value: 0.9 and parameters: {'C': 1.5849787277082803, 'penalty': 'l2'}. Best is trial 12 with value: 0.925.
[I 2026-04-07 02:43:08,157] Trial 29 finished with value: 0.9 and parameters: {'C': 24.123850230795615, 'penalty': 'l2'}. Best is trial 12 with value: 0.925.
[I 2026-04-07 02:43:09,014] A new study created in memory with name: knn
[I 2026-04-07 02:43:09,030] Trial 0 finished with value: 0.875 and parameters: {'n_neighbors': 10, 'leaf_size': 26, 'p': 1}. Best is trial 0 with value: 0.875.
[I 2026-04-07 02:43:09,044] Trial 1 finished with value: 0.875 and parameters: {'n_neighbors': 3, 'leaf_size': 32, 'p': 1}. Best is trial 0 with value: 0.875.
[I 2026-04-07 02:43:09,059] Trial 2 finished with value: 0.9 and parameters: {'n_neighbors': 5, 'leaf_size': 33, 'p': 2}. Best is trial 2 with value: 0.9.
[I 2026-04-07 02:43:09,073] Trial 3 finished with value: 0.875 and parameters: {'n_neighbors': 7, 'leaf_size': 32, 'p': 2}. Best is trial 2 with value: 0.9.
[I 2026-04-07 02:43:09,097] Trial 4 finished with value: 0.875 and parameters: {'n_neighbors': 9, 'leaf_size': 28, 'p': 1}. Best is trial 2 with value: 0.9.
[I 2026-04-07 02:43:09,122] Trial 5 finished with value: 0.875 and parameters: {'n_neighbors': 3, 'leaf_size': 35, 'p': 1}. Best is trial 2 with value: 0.9.
[I 2026-04-07 02:43:09,137] Trial 6 finished with value: 0.875 and parameters: {'n_neighbors': 8, 'leaf_size': 31, 'p': 2}. Best is trial 2 with value: 0.9.
[I 2026-04-07 02:43:09,151] Trial 7 finished with value: 0.9 and parameters: {'n_neighbors': 6, 'leaf_size': 24, 'p': 2}. Best is trial 2 with value: 0.9.
[I 2026-04-07 02:43:09,166] Trial 8 finished with value: 0.9 and parameters: {'n_neighbors': 5, 'leaf_size': 34, 'p': 2}. Best is trial 2 with value: 0.9.
[I 2026-04-07 02:43:09,179] Trial 9 finished with value: 0.85 and parameters: {'n_neighbors': 10, 'leaf_size': 27, 'p': 2}. Best is trial 2 with value: 0.9.
[I 2026-04-07 02:43:09,204] Trial 10 finished with value: 0.9 and parameters: {'n_neighbors': 5, 'leaf_size': 40, 'p': 2}. Best is trial 2 with value: 0.9.
[I 2026-04-07 02:43:09,241] Trial 11 finished with value: 0.9 and parameters: {'n_neighbors': 5, 'leaf_size': 20, 'p': 2}. Best is trial 2 with value: 0.9.
[I 2026-04-07 02:43:09,268] Trial 12 finished with value: 0.9 and parameters: {'n_neighbors': 6, 'leaf_size': 22, 'p': 2}. Best is trial 2 with value: 0.9.
[I 2026-04-07 02:43:09,303] Trial 13 finished with value: 0.875 and parameters: {'n_neighbors': 7, 'leaf_size': 24, 'p': 2}. Best is trial 2 with value: 0.9.
[I 2026-04-07 02:43:09,326] Trial 14 finished with value: 0.9 and parameters: {'n_neighbors': 4, 'leaf_size': 37, 'p': 2}. Best is trial 2 with value: 0.9.
[I 2026-04-07 02:43:09,362] Trial 15 finished with value: 0.9 and parameters: {'n_neighbors': 6, 'leaf_size': 24, 'p': 2}. Best is trial 2 with value: 0.9.
[I 2026-04-07 02:43:09,386] Trial 16 finished with value: 0.9 and parameters: {'n_neighbors': 4, 'leaf_size': 29, 'p': 2}. Best is trial 2 with value: 0.9.
[I 2026-04-07 02:43:09,412] Trial 17 finished with value: 0.875 and parameters: {'n_neighbors': 8, 'leaf_size': 38, 'p': 2}. Best is trial 2 with value: 0.9.
[I 2026-04-07 02:43:09,434] Trial 18 finished with value: 0.9 and parameters: {'n_neighbors': 4, 'leaf_size': 25, 'p': 1}. Best is trial 2 with value: 0.9.
[I 2026-04-07 02:43:09,470] Trial 19 finished with value: 0.9 and parameters: {'n_neighbors': 6, 'leaf_size': 20, 'p': 2}. Best is trial 2 with value: 0.9.
[I 2026-04-07 02:43:09,495] Trial 20 finished with value: 0.875 and parameters: {'n_neighbors': 8, 'leaf_size': 34, 'p': 2}. Best is trial 2 with value: 0.9.
[I 2026-04-07 02:43:09,529] Trial 21 finished with value: 0.9 and parameters: {'n_neighbors': 5, 'leaf_size': 34, 'p': 2}. Best is trial 2 with value: 0.9.
[I 2026-04-07 02:43:09,554] Trial 22 finished with value: 0.9 and parameters: {'n_neighbors': 5, 'leaf_size': 30, 'p': 2}. Best is trial 2 with value: 0.9.
[I 2026-04-07 02:43:09,583] Trial 23 finished with value: 0.9 and parameters: {'n_neighbors': 6, 'leaf_size': 36, 'p': 2}. Best is trial 2 with value: 0.9.
[I 2026-04-07 02:43:09,619] Trial 24 finished with value: 0.875 and parameters: {'n_neighbors': 7, 'leaf_size': 33, 'p': 2}. Best is trial 2 with value: 0.9.
[I 2026-04-07 02:43:09,644] Trial 25 finished with value: 0.9 and parameters: {'n_neighbors': 4, 'leaf_size': 39, 'p': 2}. Best is trial 2 with value: 0.9.
[I 2026-04-07 02:43:09,677] Trial 26 finished with value: 0.9 and parameters: {'n_neighbors': 5, 'leaf_size': 36, 'p': 1}. Best is trial 2 with value: 0.9.
[I 2026-04-07 02:43:09,702] Trial 27 finished with value: 0.9 and parameters: {'n_neighbors': 6, 'leaf_size': 30, 'p': 2}. Best is trial 2 with value: 0.9.
[I 2026-04-07 02:43:09,736] Trial 28 finished with value: 0.9 and parameters: {'n_neighbors': 4, 'leaf_size': 22, 'p': 2}. Best is trial 2 with value: 0.9.
[I 2026-04-07 02:43:09,762] Trial 29 finished with value: 0.9 and parameters: {'n_neighbors': 7, 'leaf_size': 26, 'p': 1}. Best is trial 2 with value: 0.9.
[I 2026-04-07 02:43:11,068] A new study created in memory with name: xgb
[I 2026-04-07 02:43:11,095] Trial 0 finished with value: 0.925 and parameters: {'n_estimators': 10, 'max_depth': 30, 'gamma': 0.5768356259735394, 'subsample': 0.7094037142783272, 'colsample_bytree': 0.6677039246366646}. Best is trial 0 with value: 0.925.
[I 2026-04-07 02:43:11,133] Trial 1 finished with value: 0.925 and parameters: {'n_estimators': 100, 'max_depth': 30, 'gamma': 0.9912018442360747, 'subsample': 0.9099290984609207, 'colsample_bytree': 0.7066004674080903}. Best is trial 0 with value: 0.925.
[I 2026-04-07 02:43:11,160] Trial 2 finished with value: 0.925 and parameters: {'n_estimators': 10, 'max_depth': 20, 'gamma': 0.7382185757030506, 'subsample': 0.7704684271512641, 'colsample_bytree': 0.5624120871903049}. Best is trial 0 with value: 0.925.
[I 2026-04-07 02:43:11,188] Trial 3 finished with value: 0.9 and parameters: {'n_estimators': 10, 'max_depth': 20, 'gamma': 0.7041784887453524, 'subsample': 0.7995029565695583, 'colsample_bytree': 0.8586660727777565}. Best is trial 0 with value: 0.925.
[I 2026-04-07 02:43:11,216] Trial 4 finished with value: 0.9 and parameters: {'n_estimators': 10, 'max_depth': 20, 'gamma': 0.46549701645255037, 'subsample': 0.9946899241400011, 'colsample_bytree': 0.725249640372583}. Best is trial 0 with value: 0.925.
[I 2026-04-07 02:43:11,243] Trial 5 finished with value: 0.925 and parameters: {'n_estimators': 40, 'max_depth': 20, 'gamma': 0.3554734452019276, 'subsample': 0.5947710951851903, 'colsample_bytree': 0.7356254823676576}. Best is trial 0 with value: 0.925.
[I 2026-04-07 02:43:11,269] Trial 6 finished with value: 0.9 and parameters: {'n_estimators': 40, 'max_depth': 20, 'gamma': 0.8967376717636345, 'subsample': 0.988276510203839, 'colsample_bytree': 0.9184542964535913}. Best is trial 0 with value: 0.925.
[I 2026-04-07 02:43:11,297] Trial 7 finished with value: 0.9 and parameters: {'n_estimators': 40, 'max_depth': 30, 'gamma': 0.7149068474388774, 'subsample': 0.5696358027454862, 'colsample_bytree': 0.8514125286992056}. Best is trial 0 with value: 0.925.
[I 2026-04-07 02:43:11,335] Trial 8 finished with value: 0.95 and parameters: {'n_estimators': 100, 'max_depth': 30, 'gamma': 0.2471398756881566, 'subsample': 0.8241126205332553, 'colsample_bytree': 0.6258070715852391}. Best is trial 8 with value: 0.95.
[I 2026-04-07 02:43:11,363] Trial 9 finished with value: 0.9 and parameters: {'n_estimators': 40, 'max_depth': 30, 'gamma': 0.8599846034069103, 'subsample': 0.8019332783535529, 'colsample_bytree': 0.7936068454878676}. Best is trial 8 with value: 0.95.
[I 2026-04-07 02:43:11,412] Trial 10 finished with value: 0.95 and parameters: {'n_estimators': 100, 'max_depth': 5, 'gamma': 0.11132541504315885, 'subsample': 0.6823309691011499, 'colsample_bytree': 0.5170496885398734}. Best is trial 8 with value: 0.95.
[I 2026-04-07 02:43:11,458] Trial 11 finished with value: 0.95 and parameters: {'n_estimators': 100, 'max_depth': 5, 'gamma': 0.10296071967335405, 'subsample': 0.6968689050111856, 'colsample_bytree': 0.5226633635185832}. Best is trial 8 with value: 0.95.
[I 2026-04-07 02:43:11,497] Trial 12 finished with value: 0.975 and parameters: {'n_estimators': 100, 'max_depth': 5, 'gamma': 0.11747018931448144, 'subsample': 0.6596333468942176, 'colsample_bytree': 0.6143254036394923}. Best is trial 12 with value: 0.975.
[I 2026-04-07 02:43:11,534] Trial 13 finished with value: 0.95 and parameters: {'n_estimators': 100, 'max_depth': 5, 'gamma': 0.29139281798258315, 'subsample': 0.8651778699088216, 'colsample_bytree': 0.6338820190461415}. Best is trial 12 with value: 0.975.
[I 2026-04-07 02:43:11,583] Trial 14 finished with value: 0.9 and parameters: {'n_estimators': 100, 'max_depth': 5, 'gamma': 0.2261273265183631, 'subsample': 0.5092555447804211, 'colsample_bytree': 0.5919887589713826}. Best is trial 12 with value: 0.975.
[I 2026-04-07 02:43:11,621] Trial 15 finished with value: 0.95 and parameters: {'n_estimators': 100, 'max_depth': 30, 'gamma': 0.21770107106333614, 'subsample': 0.6218783646178259, 'colsample_bytree': 0.6118935047513161}. Best is trial 12 with value: 0.975.
[I 2026-04-07 02:43:11,669] Trial 16 finished with value: 0.925 and parameters: {'n_estimators': 100, 'max_depth': 5, 'gamma': 0.41699606172158965, 'subsample': 0.8796642719056118, 'colsample_bytree': 0.6724515757510525}. Best is trial 12 with value: 0.975.
[I 2026-04-07 02:43:11,719] Trial 17 finished with value: 0.9 and parameters: {'n_estimators': 100, 'max_depth': 30, 'gamma': 0.2461673396449271, 'subsample': 0.6437004280407228, 'colsample_bytree': 0.9933840889987662}. Best is trial 12 with value: 0.975.
[I 2026-04-07 02:43:11,758] Trial 18 finished with value: 0.95 and parameters: {'n_estimators': 100, 'max_depth': 5, 'gamma': 0.5552524288825339, 'subsample': 0.751477940727773, 'colsample_bytree': 0.5656095210751391}. Best is trial 12 with value: 0.975.
[I 2026-04-07 02:43:11,798] Trial 19 finished with value: 0.925 and parameters: {'n_estimators': 100, 'max_depth': 30, 'gamma': 0.15573232357982153, 'subsample': 0.8354660259871151, 'colsample_bytree': 0.6438841931149197}. Best is trial 12 with value: 0.975.
[I 2026-04-07 02:43:11,846] Trial 20 finished with value: 0.925 and parameters: {'n_estimators': 100, 'max_depth': 5, 'gamma': 0.3275845788792501, 'subsample': 0.5407079081919244, 'colsample_bytree': 0.8068376863735853}. Best is trial 12 with value: 0.975.
[I 2026-04-07 02:43:11,894] Trial 21 finished with value: 0.95 and parameters: {'n_estimators': 100, 'max_depth': 5, 'gamma': 0.10884944353746728, 'subsample': 0.6803980081838062, 'colsample_bytree': 0.5078417427719026}. Best is trial 12 with value: 0.975.
[I 2026-04-07 02:43:11,932] Trial 22 finished with value: 0.95 and parameters: {'n_estimators': 100, 'max_depth': 5, 'gamma': 0.1849853079202434, 'subsample': 0.6671422449480845, 'colsample_bytree': 0.5459824048307111}. Best is trial 12 with value: 0.975.
[I 2026-04-07 02:43:11,980] Trial 23 finished with value: 0.975 and parameters: {'n_estimators': 100, 'max_depth': 5, 'gamma': 0.4013125175209943, 'subsample': 0.7308700970734718, 'colsample_bytree': 0.6064815238254383}. Best is trial 12 with value: 0.975.
[I 2026-04-07 02:43:12,029] Trial 24 finished with value: 0.95 and parameters: {'n_estimators': 100, 'max_depth': 5, 'gamma': 0.40756766172900544, 'subsample': 0.7276896815472975, 'colsample_bytree': 0.5939487718897642}. Best is trial 12 with value: 0.975.
[I 2026-04-07 02:43:12,067] Trial 25 finished with value: 0.9 and parameters: {'n_estimators': 100, 'max_depth': 5, 'gamma': 0.46656646073336466, 'subsample': 0.9428525649738705, 'colsample_bytree': 0.6897703671386248}. Best is trial 12 with value: 0.975.
[I 2026-04-07 02:43:12,113] Trial 26 finished with value: 0.9 and parameters: {'n_estimators': 100, 'max_depth': 30, 'gamma': 0.2928654468830165, 'subsample': 0.8038608959335938, 'colsample_bytree': 0.7760472520825623}. Best is trial 12 with value: 0.975.
[I 2026-04-07 02:43:12,151] Trial 27 finished with value: 0.95 and parameters: {'n_estimators': 100, 'max_depth': 5, 'gamma': 0.3869168594895476, 'subsample': 0.7574766017481617, 'colsample_bytree': 0.6034385407952094}. Best is trial 12 with value: 0.975.
[I 2026-04-07 02:43:12,190] Trial 28 finished with value: 0.975 and parameters: {'n_estimators': 10, 'max_depth': 5, 'gamma': 0.2757228494658267, 'subsample': 0.6271265551141386, 'colsample_bytree': 0.6397141318894364}. Best is trial 12 with value: 0.975.
[I 2026-04-07 02:43:12,230] Trial 29 finished with value: 0.975 and parameters: {'n_estimators': 10, 'max_depth': 5, 'gamma': 0.6260305527564273, 'subsample': 0.6260254380155355, 'colsample_bytree': 0.6564864008812613}. Best is trial 12 with value: 0.975.
[I 2026-04-07 02:43:13,140] A new study created in memory with name: rf
[I 2026-04-07 02:43:13,599] Trial 0 finished with value: 0.875 and parameters: {'n_estimators': 458, 'max_depth': 8, 'min_samples_split': 9, 'min_samples_leaf': 1}. Best is trial 0 with value: 0.875.
[I 2026-04-07 02:43:13,797] Trial 1 finished with value: 0.9 and parameters: {'n_estimators': 143, 'max_depth': 13, 'min_samples_split': 6, 'min_samples_leaf': 5}. Best is trial 1 with value: 0.9.
[I 2026-04-07 02:43:14,066] Trial 2 finished with value: 0.925 and parameters: {'n_estimators': 234, 'max_depth': 14, 'min_samples_split': 5, 'min_samples_leaf': 8}. Best is trial 2 with value: 0.925.
[I 2026-04-07 02:43:14,375] Trial 3 finished with value: 0.9 and parameters: {'n_estimators': 307, 'max_depth': 13, 'min_samples_split': 7, 'min_samples_leaf': 10}. Best is trial 2 with value: 0.925.
[I 2026-04-07 02:43:14,808] Trial 4 finished with value: 0.925 and parameters: {'n_estimators': 428, 'max_depth': 10, 'min_samples_split': 9, 'min_samples_leaf': 9}. Best is trial 2 with value: 0.925.
[I 2026-04-07 02:43:14,988] Trial 5 finished with value: 0.925 and parameters: {'n_estimators': 121, 'max_depth': 15, 'min_samples_split': 9, 'min_samples_leaf': 8}. Best is trial 2 with value: 0.925.
[I 2026-04-07 02:43:15,411] Trial 6 finished with value: 0.9 and parameters: {'n_estimators': 384, 'max_depth': 12, 'min_samples_split': 3, 'min_samples_leaf': 10}. Best is trial 2 with value: 0.925.
[I 2026-04-07 02:43:15,682] Trial 7 finished with value: 0.925 and parameters: {'n_estimators': 261, 'max_depth': 6, 'min_samples_split': 8, 'min_samples_leaf': 10}. Best is trial 2 with value: 0.925.
[I 2026-04-07 02:43:15,942] Trial 8 finished with value: 0.925 and parameters: {'n_estimators': 202, 'max_depth': 15, 'min_samples_split': 7, 'min_samples_leaf': 8}. Best is trial 2 with value: 0.925.
[I 2026-04-07 02:43:16,449] Trial 9 finished with value: 0.9 and parameters: {'n_estimators': 475, 'max_depth': 9, 'min_samples_split': 4, 'min_samples_leaf': 5}. Best is trial 2 with value: 0.925.
[I 2026-04-07 02:43:16,804] Trial 10 finished with value: 0.9 and parameters: {'n_estimators': 324, 'max_depth': 20, 'min_samples_split': 2, 'min_samples_leaf': 3}. Best is trial 2 with value: 0.925.
[I 2026-04-07 02:43:17,222] Trial 11 finished with value: 0.925 and parameters: {'n_estimators': 380, 'max_depth': 4, 'min_samples_split': 5, 'min_samples_leaf': 7}. Best is trial 2 with value: 0.925.
[I 2026-04-07 02:43:17,474] Trial 12 finished with value: 0.925 and parameters: {'n_estimators': 227, 'max_depth': 18, 'min_samples_split': 10, 'min_samples_leaf': 7}. Best is trial 2 with value: 0.925.
[I 2026-04-07 02:43:17,903] Trial 13 finished with value: 0.925 and parameters: {'n_estimators': 396, 'max_depth': 9, 'min_samples_split': 5, 'min_samples_leaf': 8}. Best is trial 2 with value: 0.925.
[I 2026-04-07 02:43:18,168] Trial 14 finished with value: 0.925 and parameters: {'n_estimators': 192, 'max_depth': 17, 'min_samples_split': 6, 'min_samples_leaf': 6}. Best is trial 2 with value: 0.925.
[I 2026-04-07 02:43:18,463] Trial 15 finished with value: 0.9 and parameters: {'n_estimators': 271, 'max_depth': 10, 'min_samples_split': 10, 'min_samples_leaf': 9}. Best is trial 2 with value: 0.925.
[I 2026-04-07 02:43:18,828] Trial 16 finished with value: 0.925 and parameters: {'n_estimators': 335, 'max_depth': 6, 'min_samples_split': 4, 'min_samples_leaf': 6}. Best is trial 2 with value: 0.925.
[I 2026-04-07 02:43:19,314] Trial 17 finished with value: 0.925 and parameters: {'n_estimators': 426, 'max_depth': 11, 'min_samples_split': 8, 'min_samples_leaf': 9}. Best is trial 2 with value: 0.925.
[I 2026-04-07 02:43:19,862] Trial 18 finished with value: 0.925 and parameters: {'n_estimators': 493, 'max_depth': 15, 'min_samples_split': 7, 'min_samples_leaf': 9}. Best is trial 2 with value: 0.925.
