[I 2026-04-07 02:07:40,527] Trial 22 finished with value: 0.85 and parameters: {'var_smoothing': 2.618828590143542e-10}. Best is trial 0 with value: 0.85.
[I 2026-04-07 02:07:40,546] Trial 23 finished with value: 0.85 and parameters: {'var_smoothing': 1.7593635491537881e-09}. Best is trial 0 with value: 0.85.
[I 2026-04-07 02:07:40,562] Trial 24 finished with value: 0.85 and parameters: {'var_smoothing': 2.8699946472227607e-09}. Best is trial 0 with value: 0.85.
[I 2026-04-07 02:07:40,581] Trial 25 finished with value: 0.85 and parameters: {'var_smoothing': 7.72035993562369e-10}. Best is trial 0 with value: 0.85.
[I 2026-04-07 02:07:40,601] Trial 26 finished with value: 0.85 and parameters: {'var_smoothing': 4.817466305581272e-10}. Best is trial 0 with value: 0.85.
[I 2026-04-07 02:07:40,619] Trial 27 finished with value: 0.85 and parameters: {'var_smoothing': 2.958626663925699e-10}. Best is trial 0 with value: 0.85.
[I 2026-04-07 02:07:40,640] Trial 28 finished with value: 0.85 and parameters: {'var_smoothing': 1.5680686836451257e-10}. Best is trial 0 with value: 0.85.
[I 2026-04-07 02:07:40,660] Trial 29 finished with value: 0.825 and parameters: {'var_smoothing': 9.477075781575649e-09}. Best is trial 0 with value: 0.85.
[I 2026-04-07 02:07:41,595] A new study created in memory with name: logreg
[I 2026-04-07 02:07:41,609] Trial 0 finished with value: 0.875 and parameters: {'C': 0.012881482725481003, 'penalty': 'l2'}. Best is trial 0 with value: 0.875.
[I 2026-04-07 02:07:41,633] Trial 1 finished with value: 0.825 and parameters: {'C': 22.576755560681583, 'penalty': 'l2'}. Best is trial 0 with value: 0.875.
[I 2026-04-07 02:07:41,658] Trial 2 finished with value: 0.825 and parameters: {'C': 0.010804278656839932, 'penalty': 'l2'}. Best is trial 0 with value: 0.875.
[I 2026-04-07 02:07:41,682] Trial 3 finished with value: 0.8 and parameters: {'C': 39.17910760336117, 'penalty': 'l2'}. Best is trial 0 with value: 0.875.
[I 2026-04-07 02:07:41,706] Trial 4 finished with value: 0.85 and parameters: {'C': 0.2767298094062571, 'penalty': 'l2'}. Best is trial 0 with value: 0.875.
[I 2026-04-07 02:07:41,720] Trial 5 finished with value: 0.85 and parameters: {'C': 1.1447728330837224, 'penalty': 'l2'}. Best is trial 0 with value: 0.875.
[I 2026-04-07 02:07:41,744] Trial 6 finished with value: 0.825 and parameters: {'C': 6.753661388238877, 'penalty': 'l2'}. Best is trial 0 with value: 0.875.
[I 2026-04-07 02:07:41,768] Trial 7 finished with value: 0.85 and parameters: {'C': 0.39092184460352974, 'penalty': 'l2'}. Best is trial 0 with value: 0.875.
[I 2026-04-07 02:07:41,783] Trial 8 finished with value: 0.875 and parameters: {'C': 0.03047912590082646, 'penalty': 'l2'}. Best is trial 0 with value: 0.875.
[I 2026-04-07 02:07:41,806] Trial 9 finished with value: 0.8 and parameters: {'C': 0.008681727362499118, 'penalty': 'l2'}. Best is trial 0 with value: 0.875.
[I 2026-04-07 02:07:41,838] Trial 10 finished with value: 0.8 and parameters: {'C': 0.0010146302597657177, 'penalty': 'l2'}. Best is trial 0 with value: 0.875.
[I 2026-04-07 02:07:41,858] Trial 11 finished with value: 0.875 and parameters: {'C': 0.027752611050163804, 'penalty': 'l2'}. Best is trial 0 with value: 0.875.
[I 2026-04-07 02:07:41,885] Trial 12 finished with value: 0.875 and parameters: {'C': 0.07806066539229185, 'penalty': 'l2'}. Best is trial 0 with value: 0.875.
[I 2026-04-07 02:07:41,905] Trial 13 finished with value: 0.8 and parameters: {'C': 0.0027626023999601174, 'penalty': 'l2'}. Best is trial 0 with value: 0.875.
[I 2026-04-07 02:07:41,932] Trial 14 finished with value: 0.85 and parameters: {'C': 0.0892627938330142, 'penalty': 'l2'}. Best is trial 0 with value: 0.875.
[I 2026-04-07 02:07:41,952] Trial 15 finished with value: 0.9 and parameters: {'C': 0.021323289861524552, 'penalty': 'l2'}. Best is trial 15 with value: 0.9.
[I 2026-04-07 02:07:41,971] Trial 16 finished with value: 0.8 and parameters: {'C': 0.0035823185600286542, 'penalty': 'l2'}. Best is trial 15 with value: 0.9.
[I 2026-04-07 02:07:41,989] Trial 17 finished with value: 0.85 and parameters: {'C': 1.0398098770202744, 'penalty': 'l2'}. Best is trial 15 with value: 0.9.
[I 2026-04-07 02:07:42,009] Trial 18 finished with value: 0.9 and parameters: {'C': 0.024437247890442666, 'penalty': 'l2'}. Best is trial 15 with value: 0.9.
[I 2026-04-07 02:07:42,036] Trial 19 finished with value: 0.85 and parameters: {'C': 0.09827826873679542, 'penalty': 'l2'}. Best is trial 15 with value: 0.9.
[I 2026-04-07 02:07:42,066] Trial 20 finished with value: 0.8 and parameters: {'C': 0.0010266920260633857, 'penalty': 'l2'}. Best is trial 15 with value: 0.9.
[I 2026-04-07 02:07:42,083] Trial 21 finished with value: 0.875 and parameters: {'C': 0.01373271796817975, 'penalty': 'l2'}. Best is trial 15 with value: 0.9.
[I 2026-04-07 02:07:42,110] Trial 22 finished with value: 0.875 and parameters: {'C': 0.033406716041377155, 'penalty': 'l2'}. Best is trial 15 with value: 0.9.
[I 2026-04-07 02:07:42,129] Trial 23 finished with value: 0.8 and parameters: {'C': 0.003517397909518831, 'penalty': 'l2'}. Best is trial 15 with value: 0.9.
[I 2026-04-07 02:07:42,148] Trial 24 finished with value: 0.85 and parameters: {'C': 0.16210648378031986, 'penalty': 'l2'}. Best is trial 15 with value: 0.9.
[I 2026-04-07 02:07:42,175] Trial 25 finished with value: 0.825 and parameters: {'C': 0.008822827496092405, 'penalty': 'l2'}. Best is trial 15 with value: 0.9.
[I 2026-04-07 02:07:42,206] Trial 26 finished with value: 0.875 and parameters: {'C': 0.03420217491835169, 'penalty': 'l2'}. Best is trial 15 with value: 0.9.
[I 2026-04-07 02:07:42,235] Trial 27 finished with value: 0.85 and parameters: {'C': 0.7203379623655817, 'penalty': 'l2'}. Best is trial 15 with value: 0.9.
[I 2026-04-07 02:07:42,255] Trial 28 finished with value: 0.8 and parameters: {'C': 0.0029703493814509543, 'penalty': 'l2'}. Best is trial 15 with value: 0.9.
[I 2026-04-07 02:07:42,284] Trial 29 finished with value: 0.875 and parameters: {'C': 0.01692268569806416, 'penalty': 'l2'}. Best is trial 15 with value: 0.9.
[I 2026-04-07 02:07:43,083] A new study created in memory with name: knn
[I 2026-04-07 02:07:43,097] Trial 0 finished with value: 0.85 and parameters: {'n_neighbors': 4, 'leaf_size': 38, 'p': 2}. Best is trial 0 with value: 0.85.
[I 2026-04-07 02:07:43,111] Trial 1 finished with value: 0.9 and parameters: {'n_neighbors': 6, 'leaf_size': 32, 'p': 1}. Best is trial 1 with value: 0.9.
[I 2026-04-07 02:07:43,125] Trial 2 finished with value: 0.775 and parameters: {'n_neighbors': 5, 'leaf_size': 23, 'p': 2}. Best is trial 1 with value: 0.9.
[I 2026-04-07 02:07:43,140] Trial 3 finished with value: 0.9 and parameters: {'n_neighbors': 6, 'leaf_size': 23, 'p': 1}. Best is trial 1 with value: 0.9.
[I 2026-04-07 02:07:43,163] Trial 4 finished with value: 0.9 and parameters: {'n_neighbors': 6, 'leaf_size': 26, 'p': 1}. Best is trial 1 with value: 0.9.
[I 2026-04-07 02:07:43,187] Trial 5 finished with value: 0.875 and parameters: {'n_neighbors': 7, 'leaf_size': 25, 'p': 1}. Best is trial 1 with value: 0.9.
[I 2026-04-07 02:07:43,202] Trial 6 finished with value: 0.775 and parameters: {'n_neighbors': 5, 'leaf_size': 23, 'p': 2}. Best is trial 1 with value: 0.9.
[I 2026-04-07 02:07:43,227] Trial 7 finished with value: 0.825 and parameters: {'n_neighbors': 10, 'leaf_size': 23, 'p': 2}. Best is trial 1 with value: 0.9.
[I 2026-04-07 02:07:43,242] Trial 8 finished with value: 0.825 and parameters: {'n_neighbors': 8, 'leaf_size': 36, 'p': 2}. Best is trial 1 with value: 0.9.
[I 2026-04-07 02:07:43,265] Trial 9 finished with value: 0.775 and parameters: {'n_neighbors': 3, 'leaf_size': 30, 'p': 2}. Best is trial 1 with value: 0.9.
[I 2026-04-07 02:07:43,289] Trial 10 finished with value: 0.9 and parameters: {'n_neighbors': 9, 'leaf_size': 33, 'p': 1}. Best is trial 1 with value: 0.9.
[I 2026-04-07 02:07:43,322] Trial 11 finished with value: 0.875 and parameters: {'n_neighbors': 7, 'leaf_size': 30, 'p': 1}. Best is trial 1 with value: 0.9.
[I 2026-04-07 02:07:43,348] Trial 12 finished with value: 0.9 and parameters: {'n_neighbors': 6, 'leaf_size': 30, 'p': 1}. Best is trial 1 with value: 0.9.
[I 2026-04-07 02:07:43,370] Trial 13 finished with value: 0.875 and parameters: {'n_neighbors': 5, 'leaf_size': 20, 'p': 1}. Best is trial 1 with value: 0.9.
[I 2026-04-07 02:07:43,395] Trial 14 finished with value: 0.875 and parameters: {'n_neighbors': 8, 'leaf_size': 35, 'p': 1}. Best is trial 1 with value: 0.9.
[I 2026-04-07 02:07:43,421] Trial 15 finished with value: 0.8 and parameters: {'n_neighbors': 3, 'leaf_size': 33, 'p': 1}. Best is trial 1 with value: 0.9.
[I 2026-04-07 02:07:43,447] Trial 16 finished with value: 0.9 and parameters: {'n_neighbors': 6, 'leaf_size': 27, 'p': 1}. Best is trial 1 with value: 0.9.
[I 2026-04-07 02:07:43,480] Trial 17 finished with value: 0.875 and parameters: {'n_neighbors': 8, 'leaf_size': 20, 'p': 1}. Best is trial 1 with value: 0.9.
[I 2026-04-07 02:07:43,515] Trial 18 finished with value: 0.875 and parameters: {'n_neighbors': 4, 'leaf_size': 40, 'p': 1}. Best is trial 1 with value: 0.9.
[I 2026-04-07 02:07:43,541] Trial 19 finished with value: 0.875 and parameters: {'n_neighbors': 7, 'leaf_size': 28, 'p': 1}. Best is trial 1 with value: 0.9.
[I 2026-04-07 02:07:43,575] Trial 20 finished with value: 0.875 and parameters: {'n_neighbors': 4, 'leaf_size': 33, 'p': 1}. Best is trial 1 with value: 0.9.
[I 2026-04-07 02:07:43,599] Trial 21 finished with value: 0.9 and parameters: {'n_neighbors': 6, 'leaf_size': 26, 'p': 1}. Best is trial 1 with value: 0.9.
[I 2026-04-07 02:07:43,635] Trial 22 finished with value: 0.9 and parameters: {'n_neighbors': 6, 'leaf_size': 24, 'p': 1}. Best is trial 1 with value: 0.9.
[I 2026-04-07 02:07:43,659] Trial 23 finished with value: 0.875 and parameters: {'n_neighbors': 5, 'leaf_size': 28, 'p': 1}. Best is trial 1 with value: 0.9.
[I 2026-04-07 02:07:43,695] Trial 24 finished with value: 0.875 and parameters: {'n_neighbors': 7, 'leaf_size': 21, 'p': 1}. Best is trial 1 with value: 0.9.
[I 2026-04-07 02:07:43,720] Trial 25 finished with value: 0.9 and parameters: {'n_neighbors': 6, 'leaf_size': 31, 'p': 1}. Best is trial 1 with value: 0.9.
[I 2026-04-07 02:07:43,755] Trial 26 finished with value: 0.875 and parameters: {'n_neighbors': 5, 'leaf_size': 26, 'p': 1}. Best is trial 1 with value: 0.9.
[I 2026-04-07 02:07:43,780] Trial 27 finished with value: 0.875 and parameters: {'n_neighbors': 8, 'leaf_size': 28, 'p': 1}. Best is trial 1 with value: 0.9.
[I 2026-04-07 02:07:43,806] Trial 28 finished with value: 0.875 and parameters: {'n_neighbors': 7, 'leaf_size': 25, 'p': 1}. Best is trial 1 with value: 0.9.
[I 2026-04-07 02:07:43,833] Trial 29 finished with value: 0.85 and parameters: {'n_neighbors': 4, 'leaf_size': 22, 'p': 2}. Best is trial 1 with value: 0.9.
[I 2026-04-07 02:07:44,812] A new study created in memory with name: xgb
[I 2026-04-07 02:07:44,838] Trial 0 finished with value: 0.85 and parameters: {'n_estimators': 40, 'max_depth': 5, 'gamma': 0.789317070832284, 'subsample': 0.7592089939364717, 'colsample_bytree': 0.648400250788111}. Best is trial 0 with value: 0.85.
[I 2026-04-07 02:07:44,877] Trial 1 finished with value: 0.875 and parameters: {'n_estimators': 100, 'max_depth': 30, 'gamma': 0.34667781579300216, 'subsample': 0.7071175095405257, 'colsample_bytree': 0.6480399663668239}. Best is trial 1 with value: 0.875.
[I 2026-04-07 02:07:44,904] Trial 2 finished with value: 0.85 and parameters: {'n_estimators': 10, 'max_depth': 20, 'gamma': 0.3948075529198607, 'subsample': 0.5720821503267102, 'colsample_bytree': 0.5828064306006338}. Best is trial 1 with value: 0.875.
[I 2026-04-07 02:07:44,932] Trial 3 finished with value: 0.825 and parameters: {'n_estimators': 10, 'max_depth': 30, 'gamma': 0.8015631269999768, 'subsample': 0.5114665462195407, 'colsample_bytree': 0.788831429064878}. Best is trial 1 with value: 0.875.
[I 2026-04-07 02:07:44,969] Trial 4 finished with value: 0.875 and parameters: {'n_estimators': 100, 'max_depth': 5, 'gamma': 0.8834347783013348, 'subsample': 0.961374806972835, 'colsample_bytree': 0.5011071062662218}. Best is trial 1 with value: 0.875.
[I 2026-04-07 02:07:44,997] Trial 5 finished with value: 0.8 and parameters: {'n_estimators': 40, 'max_depth': 5, 'gamma': 0.5364379674896123, 'subsample': 0.5145557818363589, 'colsample_bytree': 0.5432628442011025}. Best is trial 1 with value: 0.875.
[I 2026-04-07 02:07:45,035] Trial 6 finished with value: 0.85 and parameters: {'n_estimators': 100, 'max_depth': 20, 'gamma': 0.6718205850237038, 'subsample': 0.9059511955902053, 'colsample_bytree': 0.9633413076219371}. Best is trial 1 with value: 0.875.
[I 2026-04-07 02:07:45,063] Trial 7 finished with value: 0.8 and parameters: {'n_estimators': 10, 'max_depth': 30, 'gamma': 0.8165284487704038, 'subsample': 0.5255714015506736, 'colsample_bytree': 0.594333867896554}. Best is trial 1 with value: 0.875.
[I 2026-04-07 02:07:45,101] Trial 8 finished with value: 0.825 and parameters: {'n_estimators': 100, 'max_depth': 20, 'gamma': 0.6251497693480509, 'subsample': 0.9696496759824258, 'colsample_bytree': 0.9717700410079397}. Best is trial 1 with value: 0.875.
[I 2026-04-07 02:07:45,128] Trial 9 finished with value: 0.875 and parameters: {'n_estimators': 40, 'max_depth': 30, 'gamma': 0.9649927737686168, 'subsample': 0.6857563076640036, 'colsample_bytree': 0.5061847058001788}. Best is trial 1 with value: 0.875.
[I 2026-04-07 02:07:45,178] Trial 10 finished with value: 0.9 and parameters: {'n_estimators': 100, 'max_depth': 30, 'gamma': 0.14652420766939808, 'subsample': 0.7882149445367822, 'colsample_bytree': 0.774073623852926}. Best is trial 10 with value: 0.9.
[I 2026-04-07 02:07:45,224] Trial 11 finished with value: 0.9 and parameters: {'n_estimators': 100, 'max_depth': 30, 'gamma': 0.157062635361989, 'subsample': 0.7364601449560734, 'colsample_bytree': 0.754830506898888}. Best is trial 10 with value: 0.9.
[I 2026-04-07 02:07:45,272] Trial 12 finished with value: 0.9 and parameters: {'n_estimators': 100, 'max_depth': 30, 'gamma': 0.13890447806311998, 'subsample': 0.7877533292430313, 'colsample_bytree': 0.8056479963708721}. Best is trial 10 with value: 0.9.
[I 2026-04-07 02:07:45,312] Trial 13 finished with value: 0.875 and parameters: {'n_estimators': 100, 'max_depth': 30, 'gamma': 0.15813912455139084, 'subsample': 0.8506360628433484, 'colsample_bytree': 0.8657455835467268}. Best is trial 10 with value: 0.9.
[I 2026-04-07 02:07:45,352] Trial 14 finished with value: 0.875 and parameters: {'n_estimators': 100, 'max_depth': 30, 'gamma': 0.2409302149380757, 'subsample': 0.6383849002963743, 'colsample_bytree': 0.7020347994134997}. Best is trial 10 with value: 0.9.
[I 2026-04-07 02:07:45,400] Trial 15 finished with value: 0.875 and parameters: {'n_estimators': 100, 'max_depth': 30, 'gamma': 0.31798733692887876, 'subsample': 0.8243832203194676, 'colsample_bytree': 0.8604557310580807}. Best is trial 10 with value: 0.9.
[I 2026-04-07 02:07:45,448] Trial 16 finished with value: 0.875 and parameters: {'n_estimators': 100, 'max_depth': 30, 'gamma': 0.10337287490569533, 'subsample': 0.6478313294799697, 'colsample_bytree': 0.7143201494829248}. Best is trial 10 with value: 0.9.
[I 2026-04-07 02:07:45,487] Trial 17 finished with value: 0.85 and parameters: {'n_estimators': 100, 'max_depth': 30, 'gamma': 0.2482680161467769, 'subsample': 0.8605583222534544, 'colsample_bytree': 0.898128268522414}. Best is trial 10 with value: 0.9.
[I 2026-04-07 02:07:45,526] Trial 18 finished with value: 0.9 and parameters: {'n_estimators': 40, 'max_depth': 20, 'gamma': 0.46781622445432103, 'subsample': 0.7244635882482937, 'colsample_bytree': 0.7653645768858433}. Best is trial 10 with value: 0.9.
[I 2026-04-07 02:07:45,565] Trial 19 finished with value: 0.825 and parameters: {'n_estimators': 10, 'max_depth': 5, 'gamma': 0.22481931271419942, 'subsample': 0.7737086663652857, 'colsample_bytree': 0.7114831232306783}. Best is trial 10 with value: 0.9.
[I 2026-04-07 02:07:45,613] Trial 20 finished with value: 0.9 and parameters: {'n_estimators': 100, 'max_depth': 30, 'gamma': 0.43728156415408814, 'subsample': 0.8939653735608784, 'colsample_bytree': 0.8114427185737533}. Best is trial 10 with value: 0.9.
[I 2026-04-07 02:07:45,663] Trial 21 finished with value: 0.875 and parameters: {'n_estimators': 100, 'max_depth': 30, 'gamma': 0.1307008126916113, 'subsample': 0.8048822160681469, 'colsample_bytree': 0.8091832674502037}. Best is trial 10 with value: 0.9.
[I 2026-04-07 02:07:45,712] Trial 22 finished with value: 0.875 and parameters: {'n_estimators': 100, 'max_depth': 30, 'gamma': 0.20105117226216446, 'subsample': 0.7697062275169481, 'colsample_bytree': 0.7553883858959354}. Best is trial 10 with value: 0.9.
[I 2026-04-07 02:07:45,764] Trial 23 finished with value: 0.9 and parameters: {'n_estimators': 100, 'max_depth': 30, 'gamma': 0.3113165770480236, 'subsample': 0.6595454763265758, 'colsample_bytree': 0.8508886470229312}. Best is trial 10 with value: 0.9.
[I 2026-04-07 02:07:45,804] Trial 24 finished with value: 0.875 and parameters: {'n_estimators': 100, 'max_depth': 30, 'gamma': 0.10317179414509589, 'subsample': 0.7986049719736176, 'colsample_bytree': 0.9312878454082882}. Best is trial 10 with value: 0.9.
[I 2026-04-07 02:07:45,853] Trial 25 finished with value: 0.875 and parameters: {'n_estimators': 100, 'max_depth': 30, 'gamma': 0.18602383217887974, 'subsample': 0.727617288352933, 'colsample_bytree': 0.6544271041356221}. Best is trial 10 with value: 0.9.
[I 2026-04-07 02:07:45,892] Trial 26 finished with value: 0.9 and parameters: {'n_estimators': 100, 'max_depth': 30, 'gamma': 0.2657992938296229, 'subsample': 0.8989023364354061, 'colsample_bytree': 0.8146042752440257}. Best is trial 10 with value: 0.9.
[I 2026-04-07 02:07:45,939] Trial 27 finished with value: 0.9 and parameters: {'n_estimators': 100, 'max_depth': 30, 'gamma': 0.3648917922861983, 'subsample': 0.8270647959277426, 'colsample_bytree': 0.7369452854048678}. Best is trial 10 with value: 0.9.
[I 2026-04-07 02:07:45,977] Trial 28 finished with value: 0.8 and parameters: {'n_estimators': 10, 'max_depth': 5, 'gamma': 0.16216990063120995, 'subsample': 0.6113838175003208, 'colsample_bytree': 0.6876301075168864}. Best is trial 10 with value: 0.9.
[I 2026-04-07 02:07:46,018] Trial 29 finished with value: 0.9 and parameters: {'n_estimators': 40, 'max_depth': 20, 'gamma': 0.2869113777445727, 'subsample': 0.7509275120837501, 'colsample_bytree': 0.7759131513927184}. Best is trial 10 with value: 0.9.
[I 2026-04-07 02:07:46,389] A new study created in memory with name: rf
[I 2026-04-07 02:07:46,584] Trial 0 finished with value: 0.85 and parameters: {'n_estimators': 189, 'max_depth': 18, 'min_samples_split': 3, 'min_samples_leaf': 10}. Best is trial 0 with value: 0.85.
[I 2026-04-07 02:07:46,951] Trial 1 finished with value: 0.825 and parameters: {'n_estimators': 295, 'max_depth': 14, 'min_samples_split': 8, 'min_samples_leaf': 6}. Best is trial 0 with value: 0.85.
[I 2026-04-07 02:07:47,189] Trial 2 finished with value: 0.9 and parameters: {'n_estimators': 219, 'max_depth': 6, 'min_samples_split': 2, 'min_samples_leaf': 8}. Best is trial 2 with value: 0.9.
[I 2026-04-07 02:07:47,487] Trial 3 finished with value: 0.9 and parameters: {'n_estimators': 276, 'max_depth': 5, 'min_samples_split': 9, 'min_samples_leaf': 3}. Best is trial 2 with value: 0.9.
[I 2026-04-07 02:07:47,816] Trial 4 finished with value: 0.875 and parameters: {'n_estimators': 266, 'max_depth': 8, 'min_samples_split': 7, 'min_samples_leaf': 6}. Best is trial 2 with value: 0.9.
[I 2026-04-07 02:07:48,177] Trial 5 finished with value: 0.875 and parameters: {'n_estimators': 340, 'max_depth': 7, 'min_samples_split': 4, 'min_samples_leaf': 3}. Best is trial 2 with value: 0.9.
[I 2026-04-07 02:07:48,426] Trial 6 finished with value: 0.9 and parameters: {'n_estimators': 231, 'max_depth': 5, 'min_samples_split': 3, 'min_samples_leaf': 10}. Best is trial 2 with value: 0.9.
[I 2026-04-07 02:07:48,937] Trial 7 finished with value: 0.875 and parameters: {'n_estimators': 485, 'max_depth': 6, 'min_samples_split': 2, 'min_samples_leaf': 3}. Best is trial 2 with value: 0.9.
[I 2026-04-07 02:07:49,336] Trial 8 finished with value: 0.8 and parameters: {'n_estimators': 380, 'max_depth': 17, 'min_samples_split': 2, 'min_samples_leaf': 6}. Best is trial 2 with value: 0.9.
[I 2026-04-07 02:07:49,491] Trial 9 finished with value: 0.8 and parameters: {'n_estimators': 100, 'max_depth': 12, 'min_samples_split': 7, 'min_samples_leaf': 10}. Best is trial 2 with value: 0.9.
[I 2026-04-07 02:07:49,722] Trial 10 finished with value: 0.825 and parameters: {'n_estimators': 156, 'max_depth': 3, 'min_samples_split': 5, 'min_samples_leaf': 8}. Best is trial 2 with value: 0.9.
[I 2026-04-07 02:07:50,155] Trial 11 finished with value: 0.875 and parameters: {'n_estimators': 405, 'max_depth': 10, 'min_samples_split': 10, 'min_samples_leaf': 1}. Best is trial 2 with value: 0.9.
[I 2026-04-07 02:07:50,436] Trial 12 finished with value: 0.875 and parameters: {'n_estimators': 221, 'max_depth': 3, 'min_samples_split': 10, 'min_samples_leaf': 4}. Best is trial 2 with value: 0.9.
[I 2026-04-07 02:07:50,829] Trial 13 finished with value: 0.8 and parameters: {'n_estimators': 323, 'max_depth': 9, 'min_samples_split': 9, 'min_samples_leaf': 8}. Best is trial 2 with value: 0.9.
[I 2026-04-07 02:07:51,025] Trial 14 finished with value: 0.9 and parameters: {'n_estimators': 142, 'max_depth': 5, 'min_samples_split': 6, 'min_samples_leaf': 1}. Best is trial 2 with value: 0.9.
[I 2026-04-07 02:07:51,339] Trial 15 finished with value: 0.825 and parameters: {'n_estimators': 254, 'max_depth': 11, 'min_samples_split': 5, 'min_samples_leaf': 8}. Best is trial 2 with value: 0.9.
