[I 2026-04-09 20:14:01,631] Trial 28 finished with value: 0.85 and parameters: {'n_estimators': 219, 'max_depth': 14, 'min_samples_split': 6, 'min_samples_leaf': 2}. Best is trial 13 with value: 0.9.
[I 2026-04-09 20:14:01,892] Trial 29 finished with value: 0.8 and parameters: {'n_estimators': 197, 'max_depth': 9, 'min_samples_split': 9, 'min_samples_leaf': 3}. Best is trial 13 with value: 0.9.
[I 2026-04-09 20:14:06,015] A new study created in memory with name: mlp
[I 2026-04-09 20:14:06,049] Trial 0 finished with value: 0.7 and parameters: {'hidden_layer_sizes': (200,), 'max_iter': 50, 'alpha': 0.001}. Best is trial 0 with value: 0.7.
[I 2026-04-09 20:14:06,094] Trial 1 finished with value: 0.7 and parameters: {'hidden_layer_sizes': (200,), 'max_iter': 50, 'alpha': 0.0001}. Best is trial 0 with value: 0.7.
[I 2026-04-09 20:14:06,151] Trial 2 finished with value: 0.7 and parameters: {'hidden_layer_sizes': (100,), 'max_iter': 50, 'alpha': 0.0001}. Best is trial 0 with value: 0.7.
[I 2026-04-09 20:14:06,189] Trial 3 finished with value: 0.7 and parameters: {'hidden_layer_sizes': (100,), 'max_iter': 100, 'alpha': 0.001}. Best is trial 0 with value: 0.7.
[I 2026-04-09 20:14:06,232] Trial 4 finished with value: 0.7 and parameters: {'hidden_layer_sizes': (200,), 'max_iter': 100, 'alpha': 0.001}. Best is trial 0 with value: 0.7.
[I 2026-04-09 20:14:06,277] Trial 5 finished with value: 0.7 and parameters: {'hidden_layer_sizes': (200,), 'max_iter': 50, 'alpha': 0.001}. Best is trial 0 with value: 0.7.
[I 2026-04-09 20:14:06,343] Trial 6 finished with value: 0.7 and parameters: {'hidden_layer_sizes': (100,), 'max_iter': 100, 'alpha': 0.0001}. Best is trial 0 with value: 0.7.
[I 2026-04-09 20:14:06,387] Trial 7 finished with value: 0.7 and parameters: {'hidden_layer_sizes': (100, 100), 'max_iter': 50, 'alpha': 0.0001}. Best is trial 0 with value: 0.7.
[I 2026-04-09 20:14:06,451] Trial 8 finished with value: 0.75 and parameters: {'hidden_layer_sizes': (100, 100), 'max_iter': 100, 'alpha': 0.0001}. Best is trial 8 with value: 0.75.
[I 2026-04-09 20:14:06,487] Trial 9 finished with value: 0.7 and parameters: {'hidden_layer_sizes': (100,), 'max_iter': 50, 'alpha': 0.001}. Best is trial 8 with value: 0.75.
[I 2026-04-09 20:14:06,563] Trial 10 finished with value: 0.7 and parameters: {'hidden_layer_sizes': (100, 100), 'max_iter': 100, 'alpha': 0.0001}. Best is trial 8 with value: 0.75.
[I 2026-04-09 20:14:06,628] Trial 11 finished with value: 0.7 and parameters: {'hidden_layer_sizes': (100, 100), 'max_iter': 100, 'alpha': 0.001}. Best is trial 8 with value: 0.75.
[I 2026-04-09 20:14:06,695] Trial 12 finished with value: 0.7 and parameters: {'hidden_layer_sizes': (100, 100), 'max_iter': 100, 'alpha': 0.0001}. Best is trial 8 with value: 0.75.
[I 2026-04-09 20:14:06,732] Trial 13 finished with value: 0.7 and parameters: {'hidden_layer_sizes': (200,), 'max_iter': 50, 'alpha': 0.001}. Best is trial 8 with value: 0.75.
[I 2026-04-09 20:14:06,778] Trial 14 finished with value: 0.75 and parameters: {'hidden_layer_sizes': (100, 100), 'max_iter': 50, 'alpha': 0.001}. Best is trial 8 with value: 0.75.
[I 2026-04-09 20:14:06,845] Trial 15 finished with value: 0.7 and parameters: {'hidden_layer_sizes': (100, 100), 'max_iter': 100, 'alpha': 0.0001}. Best is trial 8 with value: 0.75.
[I 2026-04-09 20:14:06,912] Trial 16 finished with value: 0.7 and parameters: {'hidden_layer_sizes': (100, 100), 'max_iter': 100, 'alpha': 0.001}. Best is trial 8 with value: 0.75.
[I 2026-04-09 20:14:06,963] Trial 17 finished with value: 0.7 and parameters: {'hidden_layer_sizes': (100, 100), 'max_iter': 50, 'alpha': 0.0001}. Best is trial 8 with value: 0.75.
[I 2026-04-09 20:14:07,025] Trial 18 finished with value: 0.7 and parameters: {'hidden_layer_sizes': (100, 100), 'max_iter': 100, 'alpha': 0.001}. Best is trial 8 with value: 0.75.
[I 2026-04-09 20:14:07,080] Trial 19 finished with value: 0.7 and parameters: {'hidden_layer_sizes': (100, 100), 'max_iter': 50, 'alpha': 0.0001}. Best is trial 8 with value: 0.75.
[I 2026-04-09 20:14:07,125] Trial 20 finished with value: 0.7 and parameters: {'hidden_layer_sizes': (100, 100), 'max_iter': 50, 'alpha': 0.0001}. Best is trial 8 with value: 0.75.
[I 2026-04-09 20:14:07,173] Trial 21 finished with value: 0.7 and parameters: {'hidden_layer_sizes': (200,), 'max_iter': 50, 'alpha': 0.001}. Best is trial 8 with value: 0.75.
[I 2026-04-09 20:14:07,216] Trial 22 finished with value: 0.7 and parameters: {'hidden_layer_sizes': (200,), 'max_iter': 50, 'alpha': 0.001}. Best is trial 8 with value: 0.75.
[I 2026-04-09 20:14:07,242] Trial 23 finished with value: 0.7 and parameters: {'hidden_layer_sizes': (200,), 'max_iter': 50, 'alpha': 0.001}. Best is trial 8 with value: 0.75.
[I 2026-04-09 20:14:07,287] Trial 24 finished with value: 0.7 and parameters: {'hidden_layer_sizes': (100, 100), 'max_iter': 50, 'alpha': 0.001}. Best is trial 8 with value: 0.75.
[I 2026-04-09 20:14:07,324] Trial 25 finished with value: 0.7 and parameters: {'hidden_layer_sizes': (200,), 'max_iter': 50, 'alpha': 0.001}. Best is trial 8 with value: 0.75.
[I 2026-04-09 20:14:07,403] Trial 26 finished with value: 0.7 and parameters: {'hidden_layer_sizes': (100, 100), 'max_iter': 100, 'alpha': 0.001}. Best is trial 8 with value: 0.75.
[I 2026-04-09 20:14:07,458] Trial 27 finished with value: 0.7 and parameters: {'hidden_layer_sizes': (100, 100), 'max_iter': 50, 'alpha': 0.001}. Best is trial 8 with value: 0.75.
[I 2026-04-09 20:14:07,506] Trial 28 finished with value: 0.7 and parameters: {'hidden_layer_sizes': (100,), 'max_iter': 100, 'alpha': 0.0001}. Best is trial 8 with value: 0.75.
[I 2026-04-09 20:14:07,551] Trial 29 finished with value: 0.7 and parameters: {'hidden_layer_sizes': (200,), 'max_iter': 50, 'alpha': 0.0001}. Best is trial 8 with value: 0.75.
[I 2026-04-09 20:31:11,509] A new study created in memory with name: naive_bayes
Parámetros guardados en checkpoint_paysim_Doriginal_I/ag/IPC_10/best_models_ag_seed_7_space_original/naive_bayes_best_params.json


>>> Optuna tuning logreg metodo ag IPC 10 seed 7


Parámetros guardados en checkpoint_paysim_Doriginal_I/ag/IPC_10/best_models_ag_seed_7_space_original/logreg_best_params.json


>>> Optuna tuning knn metodo ag IPC 10 seed 7


Parámetros guardados en checkpoint_paysim_Doriginal_I/ag/IPC_10/best_models_ag_seed_7_space_original/knn_best_params.json


>>> Optuna tuning xgb metodo ag IPC 10 seed 7


Parámetros guardados en checkpoint_paysim_Doriginal_I/ag/IPC_10/best_models_ag_seed_7_space_original/xgb_best_params.json


>>> Optuna tuning rf metodo ag IPC 10 seed 7


Parámetros guardados en checkpoint_paysim_Doriginal_I/ag/IPC_10/best_models_ag_seed_7_space_original/rf_best_params.json


>>> Optuna tuning mlp metodo ag IPC 10 seed 7


Parámetros guardados en checkpoint_paysim_Doriginal_I/ag/IPC_10/best_models_ag_seed_7_space_original/mlp_best_params.json


>>> Optuna tuning naive_bayes metodo k_center IPC 10 seed 7


Parámetros guardados en checkpoint_paysim_Doriginal_I/k_center/IPC_10/best_models_k_center_seed_7_space_original/naive_bayes_best_params.json


>>> Optuna tuning logreg metodo k_center IPC 10 seed 7


Parámetros guardados en checkpoint_paysim_Doriginal_I/k_center/IPC_10/best_models_k_center_seed_7_space_original/logreg_best_params.json


>>> Optuna tuning knn metodo k_center IPC 10 seed 7


Parámetros guardados en checkpoint_paysim_Doriginal_I/k_center/IPC_10/best_models_k_center_seed_7_space_original/knn_best_params.json


>>> Optuna tuning xgb metodo k_center IPC 10 seed 7


Parámetros guardados en checkpoint_paysim_Doriginal_I/k_center/IPC_10/best_models_k_center_seed_7_space_original/xgb_best_params.json


>>> Optuna tuning rf metodo k_center IPC 10 seed 7


Parámetros guardados en checkpoint_paysim_Doriginal_I/k_center/IPC_10/best_models_k_center_seed_7_space_original/rf_best_params.json


>>> Optuna tuning mlp metodo k_center IPC 10 seed 7


Parámetros guardados en checkpoint_paysim_Doriginal_I/k_center/IPC_10/best_models_k_center_seed_7_space_original/mlp_best_params.json


>>> Optuna tuning naive_bayes metodo lc IPC 10 seed 7


Parámetros guardados en checkpoint_paysim_Doriginal_I/lc/IPC_10/best_models_lc_seed_7_space_original/naive_bayes_best_params.json


>>> Optuna tuning logreg metodo lc IPC 10 seed 7


Parámetros guardados en checkpoint_paysim_Doriginal_I/lc/IPC_10/best_models_lc_seed_7_space_original/logreg_best_params.json


>>> Optuna tuning knn metodo lc IPC 10 seed 7


Parámetros guardados en checkpoint_paysim_Doriginal_I/lc/IPC_10/best_models_lc_seed_7_space_original/knn_best_params.json


>>> Optuna tuning xgb metodo lc IPC 10 seed 7


Parámetros guardados en checkpoint_paysim_Doriginal_I/lc/IPC_10/best_models_lc_seed_7_space_original/xgb_best_params.json


>>> Optuna tuning rf metodo lc IPC 10 seed 7


Parámetros guardados en checkpoint_paysim_Doriginal_I/lc/IPC_10/best_models_lc_seed_7_space_original/rf_best_params.json


>>> Optuna tuning mlp metodo lc IPC 10 seed 7


Parámetros guardados en checkpoint_paysim_Doriginal_I/lc/IPC_10/best_models_lc_seed_7_space_original/mlp_best_params.json


>>> Optuna tuning naive_bayes metodo random IPC 10 seed 8


Parámetros guardados en checkpoint_paysim_Doriginal_I/random/IPC_10/best_models_random_seed_8_space_original/naive_bayes_best_params.json


>>> Optuna tuning logreg metodo random IPC 10 seed 8


Parámetros guardados en checkpoint_paysim_Doriginal_I/random/IPC_10/best_models_random_seed_8_space_original/logreg_best_params.json


>>> Optuna tuning knn metodo random IPC 10 seed 8


Parámetros guardados en checkpoint_paysim_Doriginal_I/random/IPC_10/best_models_random_seed_8_space_original/knn_best_params.json


>>> Optuna tuning xgb metodo random IPC 10 seed 8


Parámetros guardados en checkpoint_paysim_Doriginal_I/random/IPC_10/best_models_random_seed_8_space_original/xgb_best_params.json


>>> Optuna tuning rf metodo random IPC 10 seed 8


Parámetros guardados en checkpoint_paysim_Doriginal_I/random/IPC_10/best_models_random_seed_8_space_original/rf_best_params.json


>>> Optuna tuning mlp metodo random IPC 10 seed 8


Parámetros guardados en checkpoint_paysim_Doriginal_I/random/IPC_10/best_models_random_seed_8_space_original/mlp_best_params.json


>>> Optuna tuning naive_bayes metodo k-means IPC 10 seed 8


Parámetros guardados en checkpoint_paysim_Doriginal_I/k-means/IPC_10/best_models_k-means_seed_8_space_original/naive_bayes_best_params.json


>>> Optuna tuning logreg metodo k-means IPC 10 seed 8


Parámetros guardados en checkpoint_paysim_Doriginal_I/k-means/IPC_10/best_models_k-means_seed_8_space_original/logreg_best_params.json


>>> Optuna tuning knn metodo k-means IPC 10 seed 8


Parámetros guardados en checkpoint_paysim_Doriginal_I/k-means/IPC_10/best_models_k-means_seed_8_space_original/knn_best_params.json


>>> Optuna tuning xgb metodo k-means IPC 10 seed 8


Parámetros guardados en checkpoint_paysim_Doriginal_I/k-means/IPC_10/best_models_k-means_seed_8_space_original/xgb_best_params.json


>>> Optuna tuning rf metodo k-means IPC 10 seed 8


Parámetros guardados en checkpoint_paysim_Doriginal_I/k-means/IPC_10/best_models_k-means_seed_8_space_original/rf_best_params.json


>>> Optuna tuning mlp metodo k-means IPC 10 seed 8


Parámetros guardados en checkpoint_paysim_Doriginal_I/k-means/IPC_10/best_models_k-means_seed_8_space_original/mlp_best_params.json


>>> Optuna tuning naive_bayes metodo ag IPC 10 seed 8


[I 2026-04-09 20:31:14,403] Trial 0 finished with value: 0.85 and parameters: {'var_smoothing': 5.582886587978182e-09}. Best is trial 0 with value: 0.85.
[I 2026-04-09 20:31:16,932] Trial 1 finished with value: 0.85 and parameters: {'var_smoothing': 8.651299071518215e-09}. Best is trial 0 with value: 0.85.
[I 2026-04-09 20:31:19,416] Trial 2 finished with value: 0.85 and parameters: {'var_smoothing': 5.475062490474489e-09}. Best is trial 0 with value: 0.85.
[I 2026-04-09 20:31:22,066] Trial 3 finished with value: 0.85 and parameters: {'var_smoothing': 1.1526869678723134e-09}. Best is trial 0 with value: 0.85.
[I 2026-04-09 20:31:24,715] Trial 4 finished with value: 0.85 and parameters: {'var_smoothing': 2.920496270341785e-10}. Best is trial 0 with value: 0.85.
[I 2026-04-09 20:31:27,202] Trial 5 finished with value: 0.85 and parameters: {'var_smoothing': 1.0538956417705805e-10}. Best is trial 0 with value: 0.85.
[I 2026-04-09 20:31:29,771] Trial 6 finished with value: 0.85 and parameters: {'var_smoothing': 7.260016982331591e-10}. Best is trial 0 with value: 0.85.
[I 2026-04-09 20:31:32,330] Trial 7 finished with value: 0.85 and parameters: {'var_smoothing': 6.378267364653917e-10}. Best is trial 0 with value: 0.85.
[I 2026-04-09 20:31:34,854] Trial 8 finished with value: 0.85 and parameters: {'var_smoothing': 1.1100673847791952e-09}. Best is trial 0 with value: 0.85.
[I 2026-04-09 20:31:37,461] Trial 9 finished with value: 0.85 and parameters: {'var_smoothing': 9.052813879088377e-10}. Best is trial 0 with value: 0.85.
[I 2026-04-09 20:31:39,916] Trial 10 finished with value: 0.85 and parameters: {'var_smoothing': 3.20543606083287e-09}. Best is trial 0 with value: 0.85.
[I 2026-04-09 20:31:42,450] Trial 11 finished with value: 0.85 and parameters: {'var_smoothing': 8.433965140342417e-09}. Best is trial 0 with value: 0.85.
[I 2026-04-09 20:31:45,169] Trial 12 finished with value: 0.85 and parameters: {'var_smoothing': 2.860874278982245e-09}. Best is trial 0 with value: 0.85.
[I 2026-04-09 20:31:45,187] Trial 13 finished with value: 0.85 and parameters: {'var_smoothing': 9.270349036178526e-09}. Best is trial 0 with value: 0.85.
[I 2026-04-09 20:31:45,215] Trial 14 finished with value: 0.85 and parameters: {'var_smoothing': 3.13069447640915e-09}. Best is trial 0 with value: 0.85.
[I 2026-04-09 20:31:45,244] Trial 15 finished with value: 0.85 and parameters: {'var_smoothing': 5.223604886811285e-09}. Best is trial 0 with value: 0.85.
[I 2026-04-09 20:31:45,262] Trial 16 finished with value: 0.85 and parameters: {'var_smoothing': 2.0295724993447026e-09}. Best is trial 0 with value: 0.85.
[I 2026-04-09 20:31:45,290] Trial 17 finished with value: 0.85 and parameters: {'var_smoothing': 5.880433102756661e-09}. Best is trial 0 with value: 0.85.
[I 2026-04-09 20:31:45,319] Trial 18 finished with value: 0.85 and parameters: {'var_smoothing': 1.6980964875204416e-09}. Best is trial 0 with value: 0.85.
[I 2026-04-09 20:31:45,338] Trial 19 finished with value: 0.85 and parameters: {'var_smoothing': 4.2955625192244405e-09}. Best is trial 0 with value: 0.85.
[I 2026-04-09 20:31:45,366] Trial 20 finished with value: 0.85 and parameters: {'var_smoothing': 9.833771947222685e-09}. Best is trial 0 with value: 0.85.
[I 2026-04-09 20:31:45,400] Trial 21 finished with value: 0.85 and parameters: {'var_smoothing': 6.0482464086364635e-09}. Best is trial 0 with value: 0.85.
[I 2026-04-09 20:31:47,736] Trial 22 finished with value: 0.85 and parameters: {'var_smoothing': 4.537628481410357e-09}. Best is trial 0 with value: 0.85.
[I 2026-04-09 20:31:47,756] Trial 23 finished with value: 0.85 and parameters: {'var_smoothing': 6.750528289210463e-09}. Best is trial 0 with value: 0.85.
[I 2026-04-09 20:31:47,788] Trial 24 finished with value: 0.85 and parameters: {'var_smoothing': 2.2780337647355764e-09}. Best is trial 0 with value: 0.85.
[I 2026-04-09 20:31:47,814] Trial 25 finished with value: 0.85 and parameters: {'var_smoothing': 3.986918574074946e-09}. Best is trial 0 with value: 0.85.
[I 2026-04-09 20:31:47,830] Trial 26 finished with value: 0.85 and parameters: {'var_smoothing': 1.7707565248297843e-09}. Best is trial 0 with value: 0.85.
[I 2026-04-09 20:31:47,845] Trial 27 finished with value: 0.85 and parameters: {'var_smoothing': 6.732492847962814e-09}. Best is trial 0 with value: 0.85.
[I 2026-04-09 20:31:47,862] Trial 28 finished with value: 0.85 and parameters: {'var_smoothing': 3.8684773890893174e-10}. Best is trial 0 with value: 0.85.
[I 2026-04-09 20:31:47,879] Trial 29 finished with value: 0.85 and parameters: {'var_smoothing': 1.5480090897085013e-09}. Best is trial 0 with value: 0.85.
[I 2026-04-09 20:31:49,131] A new study created in memory with name: logreg
[I 2026-04-09 20:31:49,219] Trial 0 finished with value: 0.75 and parameters: {'C': 23.288794782471303, 'penalty': 'l2'}. Best is trial 0 with value: 0.75.
[I 2026-04-09 20:31:49,274] Trial 1 finished with value: 0.8 and parameters: {'C': 69.61507800412923, 'penalty': 'l2'}. Best is trial 1 with value: 0.8.
[I 2026-04-09 20:31:49,329] Trial 2 finished with value: 0.75 and parameters: {'C': 22.180569925473442, 'penalty': 'l2'}. Best is trial 1 with value: 0.8.
[I 2026-04-09 20:31:49,395] Trial 3 finished with value: 0.7 and parameters: {'C': 0.4511058486037652, 'penalty': 'l2'}. Best is trial 1 with value: 0.8.
[I 2026-04-09 20:31:49,451] Trial 4 finished with value: 0.35 and parameters: {'C': 0.014576110093994574, 'penalty': 'l2'}. Best is trial 1 with value: 0.8.
[I 2026-04-09 20:31:49,507] Trial 5 finished with value: 0.2 and parameters: {'C': 0.0011402340906886685, 'penalty': 'l2'}. Best is trial 1 with value: 0.8.
[I 2026-04-09 20:31:49,563] Trial 6 finished with value: 0.65 and parameters: {'C': 0.14201822862985758, 'penalty': 'l2'}. Best is trial 1 with value: 0.8.
[I 2026-04-09 20:31:49,611] Trial 7 finished with value: 0.6 and parameters: {'C': 0.1027440782219989, 'penalty': 'l2'}. Best is trial 1 with value: 0.8.
[I 2026-04-09 20:31:49,667] Trial 8 finished with value: 0.7 and parameters: {'C': 0.41055690122086846, 'penalty': 'l2'}. Best is trial 1 with value: 0.8.
[I 2026-04-09 20:31:49,722] Trial 9 finished with value: 0.7 and parameters: {'C': 0.24658064201770763, 'penalty': 'l2'}. Best is trial 1 with value: 0.8.
[I 2026-04-09 20:31:49,798] Trial 10 finished with value: 0.85 and parameters: {'C': 92.46141821928147, 'penalty': 'l2'}. Best is trial 10 with value: 0.85.
[I 2026-04-09 20:31:49,859] Trial 11 finished with value: 0.75 and parameters: {'C': 65.87674766828499, 'penalty': 'l2'}. Best is trial 10 with value: 0.85.
[I 2026-04-09 20:31:49,889] Trial 12 finished with value: 0.8 and parameters: {'C': 3.835078223030007, 'penalty': 'l2'}. Best is trial 10 with value: 0.85.
[I 2026-04-09 20:31:49,927] Trial 13 finished with value: 0.75 and parameters: {'C': 5.213385184611433, 'penalty': 'l2'}. Best is trial 10 with value: 0.85.
[I 2026-04-09 20:31:49,954] Trial 14 finished with value: 0.85 and parameters: {'C': 86.3055046696311, 'penalty': 'l2'}. Best is trial 10 with value: 0.85.
[I 2026-04-09 20:31:49,980] Trial 15 finished with value: 0.75 and parameters: {'C': 2.8264842748944012, 'penalty': 'l2'}. Best is trial 10 with value: 0.85.
[I 2026-04-09 20:31:50,008] Trial 16 finished with value: 0.75 and parameters: {'C': 23.89627620103215, 'penalty': 'l2'}. Best is trial 10 with value: 0.85.
[I 2026-04-09 20:31:50,047] Trial 17 finished with value: 0.85 and parameters: {'C': 92.85698360324538, 'penalty': 'l2'}. Best is trial 10 with value: 0.85.
[I 2026-04-09 20:31:50,076] Trial 18 finished with value: 0.75 and parameters: {'C': 1.3878291846773438, 'penalty': 'l2'}. Best is trial 10 with value: 0.85.
[I 2026-04-09 20:31:50,109] Trial 19 finished with value: 0.75 and parameters: {'C': 9.147627292903197, 'penalty': 'l2'}. Best is trial 10 with value: 0.85.
[I 2026-04-09 20:31:50,130] Trial 20 finished with value: 0.4 and parameters: {'C': 0.019135351676616195, 'penalty': 'l2'}. Best is trial 10 with value: 0.85.
[I 2026-04-09 20:31:50,161] Trial 21 finished with value: 0.85 and parameters: {'C': 87.6362816184103, 'penalty': 'l2'}. Best is trial 10 with value: 0.85.
[I 2026-04-09 20:31:50,192] Trial 22 finished with value: 0.8 and parameters: {'C': 16.32689644745648, 'penalty': 'l2'}. Best is trial 10 with value: 0.85.
[I 2026-04-09 20:31:50,218] Trial 23 finished with value: 0.75 and parameters: {'C': 37.14386873887575, 'penalty': 'l2'}. Best is trial 10 with value: 0.85.
[I 2026-04-09 20:31:50,245] Trial 24 finished with value: 0.85 and parameters: {'C': 88.18096286646517, 'penalty': 'l2'}. Best is trial 10 with value: 0.85.
[I 2026-04-09 20:31:50,272] Trial 25 finished with value: 0.75 and parameters: {'C': 9.490772059969443, 'penalty': 'l2'}. Best is trial 10 with value: 0.85.
[I 2026-04-09 20:31:50,299] Trial 26 finished with value: 0.75 and parameters: {'C': 0.9702079172124886, 'penalty': 'l2'}. Best is trial 10 with value: 0.85.
[I 2026-04-09 20:31:50,335] Trial 27 finished with value: 0.75 and parameters: {'C': 46.53396739292405, 'penalty': 'l2'}. Best is trial 10 with value: 0.85.
[I 2026-04-09 20:31:50,363] Trial 28 finished with value: 0.75 and parameters: {'C': 9.292558963528046, 'penalty': 'l2'}. Best is trial 10 with value: 0.85.
[I 2026-04-09 20:31:50,389] Trial 29 finished with value: 0.75 and parameters: {'C': 30.523641612353295, 'penalty': 'l2'}. Best is trial 10 with value: 0.85.
[I 2026-04-09 20:31:51,550] A new study created in memory with name: knn
[I 2026-04-09 20:31:51,614] Trial 0 finished with value: 0.5 and parameters: {'n_neighbors': 9, 'leaf_size': 40, 'p': 1}. Best is trial 0 with value: 0.5.
[I 2026-04-09 20:31:51,660] Trial 1 finished with value: 0.65 and parameters: {'n_neighbors': 4, 'leaf_size': 20, 'p': 1}. Best is trial 1 with value: 0.65.
[I 2026-04-09 20:31:51,703] Trial 2 finished with value: 0.5 and parameters: {'n_neighbors': 7, 'leaf_size': 30, 'p': 1}. Best is trial 1 with value: 0.65.
[I 2026-04-09 20:31:51,769] Trial 3 finished with value: 0.5 and parameters: {'n_neighbors': 9, 'leaf_size': 34, 'p': 1}. Best is trial 1 with value: 0.65.
[I 2026-04-09 20:31:51,815] Trial 4 finished with value: 0.55 and parameters: {'n_neighbors': 5, 'leaf_size': 40, 'p': 1}. Best is trial 1 with value: 0.65.
[I 2026-04-09 20:31:51,849] Trial 5 finished with value: 0.65 and parameters: {'n_neighbors': 3, 'leaf_size': 40, 'p': 2}. Best is trial 1 with value: 0.65.
