[I 2026-04-07 02:57:36,300] Trial 25 finished with value: 0.875 and parameters: {'var_smoothing': 5.460180203252778e-09}. Best is trial 0 with value: 0.875.
[I 2026-04-07 02:57:36,319] Trial 26 finished with value: 0.875 and parameters: {'var_smoothing': 1.0123007748054653e-10}. Best is trial 0 with value: 0.875.
[I 2026-04-07 02:57:36,337] Trial 27 finished with value: 0.875 and parameters: {'var_smoothing': 3.7004726843827016e-09}. Best is trial 0 with value: 0.875.
[I 2026-04-07 02:57:36,357] Trial 28 finished with value: 0.875 and parameters: {'var_smoothing': 8.062949328123723e-10}. Best is trial 0 with value: 0.875.
[I 2026-04-07 02:57:36,377] Trial 29 finished with value: 0.875 and parameters: {'var_smoothing': 1.8379694059711336e-09}. Best is trial 0 with value: 0.875.
[I 2026-04-07 02:57:37,290] A new study created in memory with name: logreg
[I 2026-04-07 02:57:37,315] Trial 0 finished with value: 0.9 and parameters: {'C': 0.002407362254570802, 'penalty': 'l2'}. Best is trial 0 with value: 0.9.
[I 2026-04-07 02:57:37,350] Trial 1 finished with value: 0.875 and parameters: {'C': 7.935859334260497, 'penalty': 'l2'}. Best is trial 0 with value: 0.9.
[I 2026-04-07 02:57:37,375] Trial 2 finished with value: 0.9 and parameters: {'C': 0.15561310098067915, 'penalty': 'l2'}. Best is trial 0 with value: 0.9.
[I 2026-04-07 02:57:37,399] Trial 3 finished with value: 0.9 and parameters: {'C': 4.143104515916128, 'penalty': 'l2'}. Best is trial 0 with value: 0.9.
[I 2026-04-07 02:57:37,442] Trial 4 finished with value: 0.875 and parameters: {'C': 77.61533923098803, 'penalty': 'l2'}. Best is trial 0 with value: 0.9.
[I 2026-04-07 02:57:37,467] Trial 5 finished with value: 0.9 and parameters: {'C': 0.49258292359934785, 'penalty': 'l2'}. Best is trial 0 with value: 0.9.
[I 2026-04-07 02:57:37,492] Trial 6 finished with value: 0.9 and parameters: {'C': 0.320333470047146, 'penalty': 'l2'}. Best is trial 0 with value: 0.9.
[I 2026-04-07 02:57:37,517] Trial 7 finished with value: 0.9 and parameters: {'C': 0.002292216671132896, 'penalty': 'l2'}. Best is trial 0 with value: 0.9.
[I 2026-04-07 02:57:37,542] Trial 8 finished with value: 0.9 and parameters: {'C': 0.0219884643872214, 'penalty': 'l2'}. Best is trial 0 with value: 0.9.
[I 2026-04-07 02:57:37,567] Trial 9 finished with value: 0.9 and parameters: {'C': 0.31580027519646636, 'penalty': 'l2'}. Best is trial 0 with value: 0.9.
[I 2026-04-07 02:57:37,598] Trial 10 finished with value: 0.9 and parameters: {'C': 0.005028545732690317, 'penalty': 'l2'}. Best is trial 0 with value: 0.9.
[I 2026-04-07 02:57:37,628] Trial 11 finished with value: 0.9 and parameters: {'C': 0.026261189016144066, 'penalty': 'l2'}. Best is trial 0 with value: 0.9.
[I 2026-04-07 02:57:37,658] Trial 12 finished with value: 0.9 and parameters: {'C': 0.032720925899226566, 'penalty': 'l2'}. Best is trial 0 with value: 0.9.
[I 2026-04-07 02:57:37,687] Trial 13 finished with value: 0.9 and parameters: {'C': 0.0012058459158709746, 'penalty': 'l2'}. Best is trial 0 with value: 0.9.
[I 2026-04-07 02:57:37,715] Trial 14 finished with value: 0.9 and parameters: {'C': 0.060263154209045634, 'penalty': 'l2'}. Best is trial 0 with value: 0.9.
[I 2026-04-07 02:57:37,745] Trial 15 finished with value: 0.9 and parameters: {'C': 0.0066245692110027754, 'penalty': 'l2'}. Best is trial 0 with value: 0.9.
[I 2026-04-07 02:57:37,774] Trial 16 finished with value: 0.9 and parameters: {'C': 3.111877236012151, 'penalty': 'l2'}. Best is trial 0 with value: 0.9.
[I 2026-04-07 02:57:37,801] Trial 17 finished with value: 0.9 and parameters: {'C': 0.10391491819178174, 'penalty': 'l2'}. Best is trial 0 with value: 0.9.
[I 2026-04-07 02:57:37,830] Trial 18 finished with value: 0.9 and parameters: {'C': 0.007066712767922748, 'penalty': 'l2'}. Best is trial 0 with value: 0.9.
[I 2026-04-07 02:57:37,858] Trial 19 finished with value: 0.9 and parameters: {'C': 1.0958635289496592, 'penalty': 'l2'}. Best is trial 0 with value: 0.9.
[I 2026-04-07 02:57:37,897] Trial 20 finished with value: 0.875 and parameters: {'C': 35.235409478110505, 'penalty': 'l2'}. Best is trial 0 with value: 0.9.
[I 2026-04-07 02:57:37,936] Trial 21 finished with value: 0.875 and parameters: {'C': 7.337540529395967, 'penalty': 'l2'}. Best is trial 0 with value: 0.9.
[I 2026-04-07 02:57:37,977] Trial 22 finished with value: 0.9 and parameters: {'C': 2.3907950273083336, 'penalty': 'l2'}. Best is trial 0 with value: 0.9.
[I 2026-04-07 02:57:38,018] Trial 23 finished with value: 0.875 and parameters: {'C': 17.721686128721803, 'penalty': 'l2'}. Best is trial 0 with value: 0.9.
[I 2026-04-07 02:57:38,047] Trial 24 finished with value: 0.9 and parameters: {'C': 0.9799791857330158, 'penalty': 'l2'}. Best is trial 0 with value: 0.9.
[I 2026-04-07 02:57:38,075] Trial 25 finished with value: 0.9 and parameters: {'C': 3.6092407807809064, 'penalty': 'l2'}. Best is trial 0 with value: 0.9.
[I 2026-04-07 02:57:38,106] Trial 26 finished with value: 0.9 and parameters: {'C': 0.18785300042181724, 'penalty': 'l2'}. Best is trial 0 with value: 0.9.
[I 2026-04-07 02:57:38,138] Trial 27 finished with value: 0.9 and parameters: {'C': 0.014691549333726862, 'penalty': 'l2'}. Best is trial 0 with value: 0.9.
[I 2026-04-07 02:57:38,168] Trial 28 finished with value: 0.9 and parameters: {'C': 0.08709873190604325, 'penalty': 'l2'}. Best is trial 0 with value: 0.9.
[I 2026-04-07 02:57:38,209] Trial 29 finished with value: 0.875 and parameters: {'C': 12.184796361157394, 'penalty': 'l2'}. Best is trial 0 with value: 0.9.
[I 2026-04-07 02:57:39,087] A new study created in memory with name: knn
[I 2026-04-07 02:57:39,112] Trial 0 finished with value: 0.9 and parameters: {'n_neighbors': 3, 'leaf_size': 36, 'p': 2}. Best is trial 0 with value: 0.9.
[I 2026-04-07 02:57:39,127] Trial 1 finished with value: 0.875 and parameters: {'n_neighbors': 10, 'leaf_size': 31, 'p': 1}. Best is trial 0 with value: 0.9.
[I 2026-04-07 02:57:39,152] Trial 2 finished with value: 0.9 and parameters: {'n_neighbors': 5, 'leaf_size': 30, 'p': 2}. Best is trial 0 with value: 0.9.
[I 2026-04-07 02:57:39,177] Trial 3 finished with value: 0.9 and parameters: {'n_neighbors': 6, 'leaf_size': 21, 'p': 2}. Best is trial 0 with value: 0.9.
[I 2026-04-07 02:57:39,208] Trial 4 finished with value: 0.9 and parameters: {'n_neighbors': 4, 'leaf_size': 29, 'p': 1}. Best is trial 0 with value: 0.9.
[I 2026-04-07 02:57:39,233] Trial 5 finished with value: 0.875 and parameters: {'n_neighbors': 7, 'leaf_size': 39, 'p': 2}. Best is trial 0 with value: 0.9.
[I 2026-04-07 02:57:39,258] Trial 6 finished with value: 0.85 and parameters: {'n_neighbors': 10, 'leaf_size': 22, 'p': 2}. Best is trial 0 with value: 0.9.
[I 2026-04-07 02:57:39,283] Trial 7 finished with value: 0.875 and parameters: {'n_neighbors': 8, 'leaf_size': 29, 'p': 2}. Best is trial 0 with value: 0.9.
[I 2026-04-07 02:57:39,298] Trial 8 finished with value: 0.9 and parameters: {'n_neighbors': 5, 'leaf_size': 30, 'p': 2}. Best is trial 0 with value: 0.9.
[I 2026-04-07 02:57:39,314] Trial 9 finished with value: 0.875 and parameters: {'n_neighbors': 9, 'leaf_size': 26, 'p': 1}. Best is trial 0 with value: 0.9.
[I 2026-04-07 02:57:39,338] Trial 10 finished with value: 0.9 and parameters: {'n_neighbors': 4, 'leaf_size': 38, 'p': 1}. Best is trial 0 with value: 0.9.
[I 2026-04-07 02:57:39,372] Trial 11 finished with value: 0.9 and parameters: {'n_neighbors': 3, 'leaf_size': 34, 'p': 2}. Best is trial 0 with value: 0.9.
[I 2026-04-07 02:57:39,396] Trial 12 finished with value: 0.9 and parameters: {'n_neighbors': 3, 'leaf_size': 35, 'p': 2}. Best is trial 0 with value: 0.9.
[I 2026-04-07 02:57:39,419] Trial 13 finished with value: 0.9 and parameters: {'n_neighbors': 5, 'leaf_size': 36, 'p': 2}. Best is trial 0 with value: 0.9.
[I 2026-04-07 02:57:39,455] Trial 14 finished with value: 0.9 and parameters: {'n_neighbors': 5, 'leaf_size': 26, 'p': 2}. Best is trial 0 with value: 0.9.
[I 2026-04-07 02:57:39,488] Trial 15 finished with value: 0.9 and parameters: {'n_neighbors': 3, 'leaf_size': 33, 'p': 2}. Best is trial 0 with value: 0.9.
[I 2026-04-07 02:57:39,513] Trial 16 finished with value: 0.9 and parameters: {'n_neighbors': 6, 'leaf_size': 40, 'p': 2}. Best is trial 0 with value: 0.9.
[I 2026-04-07 02:57:39,546] Trial 17 finished with value: 0.9 and parameters: {'n_neighbors': 4, 'leaf_size': 27, 'p': 2}. Best is trial 0 with value: 0.9.
[I 2026-04-07 02:57:39,583] Trial 18 finished with value: 0.9 and parameters: {'n_neighbors': 7, 'leaf_size': 32, 'p': 1}. Best is trial 0 with value: 0.9.
[I 2026-04-07 02:57:39,608] Trial 19 finished with value: 0.9 and parameters: {'n_neighbors': 4, 'leaf_size': 37, 'p': 2}. Best is trial 0 with value: 0.9.
[I 2026-04-07 02:57:39,632] Trial 20 finished with value: 0.9 and parameters: {'n_neighbors': 5, 'leaf_size': 24, 'p': 2}. Best is trial 0 with value: 0.9.
[I 2026-04-07 02:57:39,656] Trial 21 finished with value: 0.9 and parameters: {'n_neighbors': 6, 'leaf_size': 20, 'p': 2}. Best is trial 0 with value: 0.9.
[I 2026-04-07 02:57:39,679] Trial 22 finished with value: 0.9 and parameters: {'n_neighbors': 6, 'leaf_size': 22, 'p': 2}. Best is trial 0 with value: 0.9.
[I 2026-04-07 02:57:39,712] Trial 23 finished with value: 0.875 and parameters: {'n_neighbors': 8, 'leaf_size': 20, 'p': 2}. Best is trial 0 with value: 0.9.
[I 2026-04-07 02:57:39,753] Trial 24 finished with value: 0.875 and parameters: {'n_neighbors': 7, 'leaf_size': 24, 'p': 2}. Best is trial 0 with value: 0.9.
[I 2026-04-07 02:57:39,777] Trial 25 finished with value: 0.9 and parameters: {'n_neighbors': 6, 'leaf_size': 28, 'p': 2}. Best is trial 0 with value: 0.9.
[I 2026-04-07 02:57:39,812] Trial 26 finished with value: 0.9 and parameters: {'n_neighbors': 5, 'leaf_size': 34, 'p': 1}. Best is trial 0 with value: 0.9.
[I 2026-04-07 02:57:39,846] Trial 27 finished with value: 0.9 and parameters: {'n_neighbors': 3, 'leaf_size': 24, 'p': 2}. Best is trial 0 with value: 0.9.
[I 2026-04-07 02:57:39,872] Trial 28 finished with value: 0.875 and parameters: {'n_neighbors': 8, 'leaf_size': 32, 'p': 2}. Best is trial 0 with value: 0.9.
[I 2026-04-07 02:57:39,895] Trial 29 finished with value: 0.9 and parameters: {'n_neighbors': 4, 'leaf_size': 30, 'p': 1}. Best is trial 0 with value: 0.9.
[I 2026-04-07 02:57:41,150] A new study created in memory with name: xgb
[I 2026-04-07 02:57:41,176] Trial 0 finished with value: 0.9 and parameters: {'n_estimators': 40, 'max_depth': 20, 'gamma': 0.5510084172939441, 'subsample': 0.5360255666798808, 'colsample_bytree': 0.6342194900509356}. Best is trial 0 with value: 0.9.
[I 2026-04-07 02:57:41,202] Trial 1 finished with value: 0.875 and parameters: {'n_estimators': 100, 'max_depth': 5, 'gamma': 0.9186341749476523, 'subsample': 0.6066926767899578, 'colsample_bytree': 0.7260619809088416}. Best is trial 0 with value: 0.9.
[I 2026-04-07 02:57:41,230] Trial 2 finished with value: 0.9 and parameters: {'n_estimators': 10, 'max_depth': 5, 'gamma': 0.9182155373980582, 'subsample': 0.566584722879625, 'colsample_bytree': 0.761706290336883}. Best is trial 0 with value: 0.9.
[I 2026-04-07 02:57:41,257] Trial 3 finished with value: 0.85 and parameters: {'n_estimators': 10, 'max_depth': 20, 'gamma': 0.5296610393664296, 'subsample': 0.6829451928902965, 'colsample_bytree': 0.9189589971546304}. Best is trial 0 with value: 0.9.
[I 2026-04-07 02:57:41,286] Trial 4 finished with value: 0.875 and parameters: {'n_estimators': 10, 'max_depth': 20, 'gamma': 0.6916595165017824, 'subsample': 0.6851755414940176, 'colsample_bytree': 0.7295464889457157}. Best is trial 0 with value: 0.9.
[I 2026-04-07 02:57:41,314] Trial 5 finished with value: 0.875 and parameters: {'n_estimators': 100, 'max_depth': 20, 'gamma': 0.48380821541644814, 'subsample': 0.8171899343169193, 'colsample_bytree': 0.7614531005141727}. Best is trial 0 with value: 0.9.
[I 2026-04-07 02:57:41,343] Trial 6 finished with value: 0.875 and parameters: {'n_estimators': 10, 'max_depth': 5, 'gamma': 0.9599214907026333, 'subsample': 0.8414569271877088, 'colsample_bytree': 0.5265643453364788}. Best is trial 0 with value: 0.9.
[I 2026-04-07 02:57:41,372] Trial 7 finished with value: 0.875 and parameters: {'n_estimators': 40, 'max_depth': 5, 'gamma': 0.5250915966595621, 'subsample': 0.9207383574491986, 'colsample_bytree': 0.565555321173957}. Best is trial 0 with value: 0.9.
[I 2026-04-07 02:57:41,409] Trial 8 finished with value: 0.875 and parameters: {'n_estimators': 100, 'max_depth': 5, 'gamma': 0.3919835527051987, 'subsample': 0.6502094521590198, 'colsample_bytree': 0.5827507002328938}. Best is trial 0 with value: 0.9.
[I 2026-04-07 02:57:41,447] Trial 9 finished with value: 0.875 and parameters: {'n_estimators': 100, 'max_depth': 5, 'gamma': 0.8003922413895069, 'subsample': 0.9436444759263674, 'colsample_bytree': 0.8374593849333938}. Best is trial 0 with value: 0.9.
[I 2026-04-07 02:57:41,486] Trial 10 finished with value: 0.875 and parameters: {'n_estimators': 40, 'max_depth': 30, 'gamma': 0.13445536345660636, 'subsample': 0.5091072311743174, 'colsample_bytree': 0.633084257063925}. Best is trial 0 with value: 0.9.
[I 2026-04-07 02:57:41,525] Trial 11 finished with value: 0.875 and parameters: {'n_estimators': 40, 'max_depth': 30, 'gamma': 0.2681645700627216, 'subsample': 0.5149217080986768, 'colsample_bytree': 0.6573928964995871}. Best is trial 0 with value: 0.9.
[I 2026-04-07 02:57:41,571] Trial 12 finished with value: 0.9 and parameters: {'n_estimators': 10, 'max_depth': 20, 'gamma': 0.7081376218947077, 'subsample': 0.5800576653454524, 'colsample_bytree': 0.9833112921049016}. Best is trial 0 with value: 0.9.
[I 2026-04-07 02:57:41,611] Trial 13 finished with value: 0.875 and parameters: {'n_estimators': 40, 'max_depth': 20, 'gamma': 0.7361150977900042, 'subsample': 0.5689890579461889, 'colsample_bytree': 0.8091740729727609}. Best is trial 0 with value: 0.9.
[I 2026-04-07 02:57:41,648] Trial 14 finished with value: 0.875 and parameters: {'n_estimators': 10, 'max_depth': 30, 'gamma': 0.8482768549156741, 'subsample': 0.7522334370573833, 'colsample_bytree': 0.6857845495827785}. Best is trial 0 with value: 0.9.
[I 2026-04-07 02:57:41,685] Trial 15 finished with value: 0.9 and parameters: {'n_estimators': 40, 'max_depth': 5, 'gamma': 0.6285436107550151, 'subsample': 0.5051076021006287, 'colsample_bytree': 0.8486242019519444}. Best is trial 0 with value: 0.9.
[I 2026-04-07 02:57:41,722] Trial 16 finished with value: 0.875 and parameters: {'n_estimators': 40, 'max_depth': 20, 'gamma': 0.3851209698407902, 'subsample': 0.7419182861985638, 'colsample_bytree': 0.6193736325200182}. Best is trial 0 with value: 0.9.
[I 2026-04-07 02:57:41,760] Trial 17 finished with value: 0.9 and parameters: {'n_estimators': 10, 'max_depth': 5, 'gamma': 0.11224461077351439, 'subsample': 0.6002132644393778, 'colsample_bytree': 0.7644858281307861}. Best is trial 0 with value: 0.9.
[I 2026-04-07 02:57:41,801] Trial 18 finished with value: 0.9 and parameters: {'n_estimators': 40, 'max_depth': 20, 'gamma': 0.8613527117299435, 'subsample': 0.5555755157512686, 'colsample_bytree': 0.5028732448871562}. Best is trial 0 with value: 0.9.
[I 2026-04-07 02:57:41,838] Trial 19 finished with value: 0.875 and parameters: {'n_estimators': 10, 'max_depth': 30, 'gamma': 0.9936397074228487, 'subsample': 0.6401832072889282, 'colsample_bytree': 0.9015884723384824}. Best is trial 0 with value: 0.9.
[I 2026-04-07 02:57:41,877] Trial 20 finished with value: 0.875 and parameters: {'n_estimators': 40, 'max_depth': 20, 'gamma': 0.31091928305702765, 'subsample': 0.9961764358499778, 'colsample_bytree': 0.6926839754836145}. Best is trial 0 with value: 0.9.
[I 2026-04-07 02:57:41,914] Trial 21 finished with value: 0.9 and parameters: {'n_estimators': 10, 'max_depth': 20, 'gamma': 0.6195452809630355, 'subsample': 0.5540357345287864, 'colsample_bytree': 0.9768856625730987}. Best is trial 0 with value: 0.9.
[I 2026-04-07 02:57:41,952] Trial 22 finished with value: 0.9 and parameters: {'n_estimators': 10, 'max_depth': 20, 'gamma': 0.7537489786631186, 'subsample': 0.5939264608989, 'colsample_bytree': 0.9829596762384148}. Best is trial 0 with value: 0.9.
[I 2026-04-07 02:57:41,992] Trial 23 finished with value: 0.875 and parameters: {'n_estimators': 10, 'max_depth': 20, 'gamma': 0.639242869967399, 'subsample': 0.6531268664937016, 'colsample_bytree': 0.8974511902654375}. Best is trial 0 with value: 0.9.
[I 2026-04-07 02:57:42,031] Trial 24 finished with value: 0.9 and parameters: {'n_estimators': 10, 'max_depth': 20, 'gamma': 0.8839719247309459, 'subsample': 0.552278932626887, 'colsample_bytree': 0.820791814029228}. Best is trial 0 with value: 0.9.
[I 2026-04-07 02:57:42,082] Trial 25 finished with value: 0.875 and parameters: {'n_estimators': 10, 'max_depth': 5, 'gamma': 0.4484332199542706, 'subsample': 0.73563531046231, 'colsample_bytree': 0.9496505625895282}. Best is trial 0 with value: 0.9.
[I 2026-04-07 02:57:42,119] Trial 26 finished with value: 0.9 and parameters: {'n_estimators': 10, 'max_depth': 20, 'gamma': 0.5930575805952721, 'subsample': 0.6230862067063511, 'colsample_bytree': 0.6092823780505192}. Best is trial 0 with value: 0.9.
[I 2026-04-07 02:57:42,158] Trial 27 finished with value: 0.85 and parameters: {'n_estimators': 10, 'max_depth': 20, 'gamma': 0.7121173971030703, 'subsample': 0.6855901383108852, 'colsample_bytree': 0.872363209509363}. Best is trial 0 with value: 0.9.
[I 2026-04-07 02:57:42,205] Trial 28 finished with value: 0.875 and parameters: {'n_estimators': 100, 'max_depth': 30, 'gamma': 0.8345435070610585, 'subsample': 0.5370341607779843, 'colsample_bytree': 0.8049307381719952}. Best is trial 0 with value: 0.9.
[I 2026-04-07 02:57:42,245] Trial 29 finished with value: 0.875 and parameters: {'n_estimators': 40, 'max_depth': 5, 'gamma': 0.9293196527147587, 'subsample': 0.58810958396491, 'colsample_bytree': 0.6980332431594081}. Best is trial 0 with value: 0.9.
[I 2026-04-07 02:57:43,112] A new study created in memory with name: rf
[I 2026-04-07 02:57:43,258] Trial 0 finished with value: 0.9 and parameters: {'n_estimators': 130, 'max_depth': 17, 'min_samples_split': 5, 'min_samples_leaf': 8}. Best is trial 0 with value: 0.9.
[I 2026-04-07 02:57:43,766] Trial 1 finished with value: 0.875 and parameters: {'n_estimators': 492, 'max_depth': 12, 'min_samples_split': 6, 'min_samples_leaf': 1}. Best is trial 0 with value: 0.9.
[I 2026-04-07 02:57:43,997] Trial 2 finished with value: 0.9 and parameters: {'n_estimators': 207, 'max_depth': 11, 'min_samples_split': 8, 'min_samples_leaf': 9}. Best is trial 0 with value: 0.9.
[I 2026-04-07 02:57:44,287] Trial 3 finished with value: 0.9 and parameters: {'n_estimators': 252, 'max_depth': 4, 'min_samples_split': 4, 'min_samples_leaf': 10}. Best is trial 0 with value: 0.9.
[I 2026-04-07 02:57:44,505] Trial 4 finished with value: 0.875 and parameters: {'n_estimators': 185, 'max_depth': 11, 'min_samples_split': 10, 'min_samples_leaf': 1}. Best is trial 0 with value: 0.9.
[I 2026-04-07 02:57:44,894] Trial 5 finished with value: 0.9 and parameters: {'n_estimators': 340, 'max_depth': 20, 'min_samples_split': 4, 'min_samples_leaf': 6}. Best is trial 0 with value: 0.9.
[I 2026-04-07 02:57:45,362] Trial 6 finished with value: 0.9 and parameters: {'n_estimators': 464, 'max_depth': 5, 'min_samples_split': 6, 'min_samples_leaf': 8}. Best is trial 0 with value: 0.9.
[I 2026-04-07 02:57:45,759] Trial 7 finished with value: 0.925 and parameters: {'n_estimators': 368, 'max_depth': 11, 'min_samples_split': 3, 'min_samples_leaf': 5}. Best is trial 7 with value: 0.925.
[I 2026-04-07 02:57:46,061] Trial 8 finished with value: 0.875 and parameters: {'n_estimators': 249, 'max_depth': 11, 'min_samples_split': 5, 'min_samples_leaf': 9}. Best is trial 7 with value: 0.925.
[I 2026-04-07 02:57:46,482] Trial 9 finished with value: 0.875 and parameters: {'n_estimators': 408, 'max_depth': 8, 'min_samples_split': 7, 'min_samples_leaf': 3}. Best is trial 7 with value: 0.925.
[I 2026-04-07 02:57:46,908] Trial 10 finished with value: 0.9 and parameters: {'n_estimators': 351, 'max_depth': 15, 'min_samples_split': 2, 'min_samples_leaf': 5}. Best is trial 7 with value: 0.925.
[I 2026-04-07 02:57:47,081] Trial 11 finished with value: 0.9 and parameters: {'n_estimators': 134, 'max_depth': 18, 'min_samples_split': 2, 'min_samples_leaf': 6}. Best is trial 7 with value: 0.925.
[I 2026-04-07 02:57:47,495] Trial 12 finished with value: 0.9 and parameters: {'n_estimators': 390, 'max_depth': 15, 'min_samples_split': 3, 'min_samples_leaf': 4}. Best is trial 7 with value: 0.925.
[I 2026-04-07 02:57:47,669] Trial 13 finished with value: 0.925 and parameters: {'n_estimators': 100, 'max_depth': 16, 'min_samples_split': 4, 'min_samples_leaf': 7}. Best is trial 7 with value: 0.925.
[I 2026-04-07 02:57:48,003] Trial 14 finished with value: 0.9 and parameters: {'n_estimators': 300, 'max_depth': 14, 'min_samples_split': 3, 'min_samples_leaf': 7}. Best is trial 7 with value: 0.925.
[I 2026-04-07 02:57:48,139] Trial 15 finished with value: 0.875 and parameters: {'n_estimators': 101, 'max_depth': 7, 'min_samples_split': 4, 'min_samples_leaf': 3}. Best is trial 7 with value: 0.925.
[I 2026-04-07 02:57:48,474] Trial 16 finished with value: 0.9 and parameters: {'n_estimators': 294, 'max_depth': 9, 'min_samples_split': 3, 'min_samples_leaf': 5}. Best is trial 7 with value: 0.925.
[I 2026-04-07 02:57:48,944] Trial 17 finished with value: 0.9 and parameters: {'n_estimators': 417, 'max_depth': 13, 'min_samples_split': 8, 'min_samples_leaf': 7}. Best is trial 7 with value: 0.925.
[I 2026-04-07 02:57:49,364] Trial 18 finished with value: 0.9 and parameters: {'n_estimators': 359, 'max_depth': 17, 'min_samples_split': 5, 'min_samples_leaf': 4}. Best is trial 7 with value: 0.925.
