[I 2026-04-09 20:51:13,546] Trial 6 finished with value: 0.825 and parameters: {'n_estimators': 231, 'max_depth': 5, 'min_samples_split': 3, 'min_samples_leaf': 10}. Best is trial 2 with value: 0.875.
[I 2026-04-09 20:51:14,066] Trial 7 finished with value: 0.9 and parameters: {'n_estimators': 485, 'max_depth': 6, 'min_samples_split': 2, 'min_samples_leaf': 3}. Best is trial 7 with value: 0.9.
[I 2026-04-09 20:51:14,515] Trial 8 finished with value: 0.825 and parameters: {'n_estimators': 380, 'max_depth': 17, 'min_samples_split': 2, 'min_samples_leaf': 6}. Best is trial 7 with value: 0.9.
[I 2026-04-09 20:51:14,677] Trial 9 finished with value: 0.825 and parameters: {'n_estimators': 100, 'max_depth': 12, 'min_samples_split': 7, 'min_samples_leaf': 10}. Best is trial 7 with value: 0.9.
[I 2026-04-09 20:51:15,269] Trial 10 finished with value: 0.875 and parameters: {'n_estimators': 497, 'max_depth': 3, 'min_samples_split': 5, 'min_samples_leaf': 2}. Best is trial 7 with value: 0.9.
[I 2026-04-09 20:51:15,857] Trial 11 finished with value: 0.8 and parameters: {'n_estimators': 498, 'max_depth': 9, 'min_samples_split': 2, 'min_samples_leaf': 8}. Best is trial 7 with value: 0.9.
[I 2026-04-09 20:51:16,334] Trial 12 finished with value: 0.875 and parameters: {'n_estimators': 425, 'max_depth': 10, 'min_samples_split': 5, 'min_samples_leaf': 1}. Best is trial 7 with value: 0.9.
[I 2026-04-09 20:51:16,586] Trial 13 finished with value: 0.875 and parameters: {'n_estimators': 174, 'max_depth': 4, 'min_samples_split': 2, 'min_samples_leaf': 4}. Best is trial 7 with value: 0.9.
[I 2026-04-09 20:51:17,082] Trial 14 finished with value: 0.85 and parameters: {'n_estimators': 421, 'max_depth': 7, 'min_samples_split': 10, 'min_samples_leaf': 8}. Best is trial 7 with value: 0.9.
[I 2026-04-09 20:51:17,290] Trial 15 finished with value: 0.85 and parameters: {'n_estimators': 113, 'max_depth': 12, 'min_samples_split': 4, 'min_samples_leaf': 8}. Best is trial 7 with value: 0.9.
[I 2026-04-09 20:51:17,721] Trial 16 finished with value: 0.85 and parameters: {'n_estimators': 342, 'max_depth': 15, 'min_samples_split': 4, 'min_samples_leaf': 4}. Best is trial 7 with value: 0.9.
[I 2026-04-09 20:51:18,032] Trial 17 finished with value: 0.875 and parameters: {'n_estimators': 210, 'max_depth': 6, 'min_samples_split': 3, 'min_samples_leaf': 5}. Best is trial 7 with value: 0.9.
[I 2026-04-09 20:51:18,569] Trial 18 finished with value: 0.85 and parameters: {'n_estimators': 444, 'max_depth': 10, 'min_samples_split': 6, 'min_samples_leaf': 7}. Best is trial 7 with value: 0.9.
[I 2026-04-09 20:51:18,777] Trial 19 finished with value: 0.9 and parameters: {'n_estimators': 158, 'max_depth': 3, 'min_samples_split': 2, 'min_samples_leaf': 1}. Best is trial 7 with value: 0.9.
[I 2026-04-09 20:51:18,995] Trial 20 finished with value: 0.9 and parameters: {'n_estimators': 156, 'max_depth': 3, 'min_samples_split': 5, 'min_samples_leaf': 1}. Best is trial 7 with value: 0.9.
[I 2026-04-09 20:51:19,201] Trial 21 finished with value: 0.875 and parameters: {'n_estimators': 145, 'max_depth': 3, 'min_samples_split': 5, 'min_samples_leaf': 1}. Best is trial 7 with value: 0.9.
[I 2026-04-09 20:51:19,389] Trial 22 finished with value: 0.875 and parameters: {'n_estimators': 135, 'max_depth': 3, 'min_samples_split': 3, 'min_samples_leaf': 2}. Best is trial 7 with value: 0.9.
[I 2026-04-09 20:51:19,626] Trial 23 finished with value: 0.9 and parameters: {'n_estimators': 164, 'max_depth': 5, 'min_samples_split': 6, 'min_samples_leaf': 2}. Best is trial 7 with value: 0.9.
[I 2026-04-09 20:51:19,990] Trial 24 finished with value: 0.875 and parameters: {'n_estimators': 248, 'max_depth': 20, 'min_samples_split': 4, 'min_samples_leaf': 1}. Best is trial 7 with value: 0.9.
[I 2026-04-09 20:51:20,401] Trial 25 finished with value: 0.9 and parameters: {'n_estimators': 333, 'max_depth': 4, 'min_samples_split': 3, 'min_samples_leaf': 3}. Best is trial 7 with value: 0.9.
[I 2026-04-09 20:51:20,669] Trial 26 finished with value: 0.9 and parameters: {'n_estimators': 193, 'max_depth': 3, 'min_samples_split': 7, 'min_samples_leaf': 2}. Best is trial 7 with value: 0.9.
[I 2026-04-09 20:51:20,883] Trial 27 finished with value: 0.875 and parameters: {'n_estimators': 143, 'max_depth': 7, 'min_samples_split': 2, 'min_samples_leaf': 1}. Best is trial 7 with value: 0.9.
[I 2026-04-09 20:51:21,318] Trial 28 finished with value: 0.9 and parameters: {'n_estimators': 374, 'max_depth': 5, 'min_samples_split': 5, 'min_samples_leaf': 4}. Best is trial 7 with value: 0.9.
[I 2026-04-09 20:51:21,571] Trial 29 finished with value: 0.9 and parameters: {'n_estimators': 184, 'max_depth': 9, 'min_samples_split': 3, 'min_samples_leaf': 3}. Best is trial 7 with value: 0.9.
[I 2026-04-09 20:51:28,600] A new study created in memory with name: mlp
[I 2026-04-09 20:51:28,636] Trial 0 finished with value: 0.825 and parameters: {'hidden_layer_sizes': (200,), 'max_iter': 50, 'alpha': 0.001}. Best is trial 0 with value: 0.825.
[I 2026-04-09 20:51:28,705] Trial 1 finished with value: 0.825 and parameters: {'hidden_layer_sizes': (100,), 'max_iter': 100, 'alpha': 0.0001}. Best is trial 0 with value: 0.825.
[I 2026-04-09 20:51:28,771] Trial 2 finished with value: 0.825 and parameters: {'hidden_layer_sizes': (100,), 'max_iter': 100, 'alpha': 0.001}. Best is trial 0 with value: 0.825.
[I 2026-04-09 20:51:28,805] Trial 3 finished with value: 0.85 and parameters: {'hidden_layer_sizes': (200,), 'max_iter': 50, 'alpha': 0.001}. Best is trial 3 with value: 0.85.
[I 2026-04-09 20:51:28,848] Trial 4 finished with value: 0.825 and parameters: {'hidden_layer_sizes': (100,), 'max_iter': 100, 'alpha': 0.0001}. Best is trial 3 with value: 0.85.
[I 2026-04-09 20:51:28,892] Trial 5 finished with value: 0.85 and parameters: {'hidden_layer_sizes': (100,), 'max_iter': 100, 'alpha': 0.001}. Best is trial 3 with value: 0.85.
[I 2026-04-09 20:51:28,958] Trial 6 finished with value: 0.8 and parameters: {'hidden_layer_sizes': (200,), 'max_iter': 100, 'alpha': 0.001}. Best is trial 3 with value: 0.85.
[I 2026-04-09 20:51:29,035] Trial 7 finished with value: 0.8 and parameters: {'hidden_layer_sizes': (200,), 'max_iter': 100, 'alpha': 0.001}. Best is trial 3 with value: 0.85.
[I 2026-04-09 20:51:29,102] Trial 8 finished with value: 0.825 and parameters: {'hidden_layer_sizes': (100,), 'max_iter': 100, 'alpha': 0.001}. Best is trial 3 with value: 0.85.
[I 2026-04-09 20:51:29,139] Trial 9 finished with value: 0.825 and parameters: {'hidden_layer_sizes': (100,), 'max_iter': 50, 'alpha': 0.001}. Best is trial 3 with value: 0.85.
[I 2026-04-09 20:51:29,185] Trial 10 finished with value: 0.8 and parameters: {'hidden_layer_sizes': (100, 100), 'max_iter': 50, 'alpha': 0.0001}. Best is trial 3 with value: 0.85.
[I 2026-04-09 20:51:29,231] Trial 11 finished with value: 0.8 and parameters: {'hidden_layer_sizes': (100, 100), 'max_iter': 50, 'alpha': 0.001}. Best is trial 3 with value: 0.85.
[I 2026-04-09 20:51:29,269] Trial 12 finished with value: 0.875 and parameters: {'hidden_layer_sizes': (200,), 'max_iter': 50, 'alpha': 0.001}. Best is trial 12 with value: 0.875.
[I 2026-04-09 20:51:29,318] Trial 13 finished with value: 0.85 and parameters: {'hidden_layer_sizes': (200,), 'max_iter': 50, 'alpha': 0.001}. Best is trial 12 with value: 0.875.
[I 2026-04-09 20:51:29,356] Trial 14 finished with value: 0.85 and parameters: {'hidden_layer_sizes': (200,), 'max_iter': 50, 'alpha': 0.0001}. Best is trial 12 with value: 0.875.
[I 2026-04-09 20:51:29,409] Trial 15 finished with value: 0.85 and parameters: {'hidden_layer_sizes': (200,), 'max_iter': 50, 'alpha': 0.001}. Best is trial 12 with value: 0.875.
[I 2026-04-09 20:51:29,454] Trial 16 finished with value: 0.85 and parameters: {'hidden_layer_sizes': (200,), 'max_iter': 50, 'alpha': 0.001}. Best is trial 12 with value: 0.875.
[I 2026-04-09 20:51:29,492] Trial 17 finished with value: 0.85 and parameters: {'hidden_layer_sizes': (200,), 'max_iter': 50, 'alpha': 0.001}. Best is trial 12 with value: 0.875.
[I 2026-04-09 20:51:29,538] Trial 18 finished with value: 0.8 and parameters: {'hidden_layer_sizes': (100, 100), 'max_iter': 50, 'alpha': 0.0001}. Best is trial 12 with value: 0.875.
[I 2026-04-09 20:51:29,574] Trial 19 finished with value: 0.85 and parameters: {'hidden_layer_sizes': (200,), 'max_iter': 50, 'alpha': 0.001}. Best is trial 12 with value: 0.875.
[I 2026-04-09 20:51:29,611] Trial 20 finished with value: 0.875 and parameters: {'hidden_layer_sizes': (200,), 'max_iter': 50, 'alpha': 0.001}. Best is trial 12 with value: 0.875.
[I 2026-04-09 20:51:29,660] Trial 21 finished with value: 0.875 and parameters: {'hidden_layer_sizes': (200,), 'max_iter': 50, 'alpha': 0.001}. Best is trial 12 with value: 0.875.
[I 2026-04-09 20:51:29,700] Trial 22 finished with value: 0.825 and parameters: {'hidden_layer_sizes': (200,), 'max_iter': 50, 'alpha': 0.001}. Best is trial 12 with value: 0.875.
[I 2026-04-09 20:51:29,739] Trial 23 finished with value: 0.85 and parameters: {'hidden_layer_sizes': (200,), 'max_iter': 50, 'alpha': 0.001}. Best is trial 12 with value: 0.875.
[I 2026-04-09 20:51:29,787] Trial 24 finished with value: 0.85 and parameters: {'hidden_layer_sizes': (200,), 'max_iter': 50, 'alpha': 0.001}. Best is trial 12 with value: 0.875.
[I 2026-04-09 20:51:29,830] Trial 25 finished with value: 0.825 and parameters: {'hidden_layer_sizes': (100, 100), 'max_iter': 50, 'alpha': 0.001}. Best is trial 12 with value: 0.875.
[I 2026-04-09 20:51:29,869] Trial 26 finished with value: 0.825 and parameters: {'hidden_layer_sizes': (200,), 'max_iter': 50, 'alpha': 0.0001}. Best is trial 12 with value: 0.875.
[I 2026-04-09 20:51:29,906] Trial 27 finished with value: 0.825 and parameters: {'hidden_layer_sizes': (200,), 'max_iter': 50, 'alpha': 0.001}. Best is trial 12 with value: 0.875.
[I 2026-04-09 20:51:29,956] Trial 28 finished with value: 0.875 and parameters: {'hidden_layer_sizes': (200,), 'max_iter': 50, 'alpha': 0.001}. Best is trial 12 with value: 0.875.
[I 2026-04-09 20:51:30,006] Trial 29 finished with value: 0.875 and parameters: {'hidden_layer_sizes': (200,), 'max_iter': 50, 'alpha': 0.001}. Best is trial 12 with value: 0.875.
[I 2026-04-09 20:51:39,430] A new study created in memory with name: naive_bayes
[I 2026-04-09 20:51:39,455] Trial 0 finished with value: 0.85 and parameters: {'var_smoothing': 2.7796258518939306e-10}. Best is trial 0 with value: 0.85.
[I 2026-04-09 20:51:39,468] Trial 1 finished with value: 0.85 and parameters: {'var_smoothing': 5.513972710118387e-09}. Best is trial 0 with value: 0.85.
[I 2026-04-09 20:51:39,481] Trial 2 finished with value: 0.85 and parameters: {'var_smoothing': 2.590826381512706e-10}. Best is trial 0 with value: 0.85.
[I 2026-04-09 20:51:39,494] Trial 3 finished with value: 0.85 and parameters: {'var_smoothing': 6.874194498027403e-09}. Best is trial 0 with value: 0.85.
[I 2026-04-09 20:51:39,508] Trial 4 finished with value: 0.85 and parameters: {'var_smoothing': 9.480306482679771e-10}. Best is trial 0 with value: 0.85.
[I 2026-04-09 20:51:39,520] Trial 5 finished with value: 0.85 and parameters: {'var_smoothing': 1.6729683536668864e-09}. Best is trial 0 with value: 0.85.
[I 2026-04-09 20:51:39,543] Trial 6 finished with value: 0.85 and parameters: {'var_smoothing': 3.402637726935598e-09}. Best is trial 0 with value: 0.85.
[I 2026-04-09 20:51:39,555] Trial 7 finished with value: 0.85 and parameters: {'var_smoothing': 1.0885189040847657e-09}. Best is trial 0 with value: 0.85.
[I 2026-04-09 20:51:39,567] Trial 8 finished with value: 0.85 and parameters: {'var_smoothing': 3.922843686541149e-10}. Best is trial 0 with value: 0.85.
[I 2026-04-09 20:51:39,580] Trial 9 finished with value: 0.85 and parameters: {'var_smoothing': 2.3737908819373785e-10}. Best is trial 0 with value: 0.85.
[I 2026-04-09 20:51:39,598] Trial 10 finished with value: 0.85 and parameters: {'var_smoothing': 1.005826617097841e-10}. Best is trial 0 with value: 0.85.
[I 2026-04-09 20:51:39,615] Trial 11 finished with value: 0.85 and parameters: {'var_smoothing': 8.246040091550826e-09}. Best is trial 0 with value: 0.85.
[I 2026-04-09 20:51:39,635] Trial 12 finished with value: 0.85 and parameters: {'var_smoothing': 5.714429769091136e-10}. Best is trial 0 with value: 0.85.
[I 2026-04-09 20:51:39,651] Trial 13 finished with value: 0.85 and parameters: {'var_smoothing': 3.0046394488828834e-09}. Best is trial 0 with value: 0.85.
[I 2026-04-09 20:51:39,672] Trial 14 finished with value: 0.85 and parameters: {'var_smoothing': 1.0161521526134228e-10}. Best is trial 0 with value: 0.85.
[I 2026-04-09 20:51:39,691] Trial 15 finished with value: 0.85 and parameters: {'var_smoothing': 3.455011319435438e-09}. Best is trial 0 with value: 0.85.
[I 2026-04-09 20:51:39,708] Trial 16 finished with value: 0.85 and parameters: {'var_smoothing': 2.2038800241203009e-10}. Best is trial 0 with value: 0.85.
[I 2026-04-09 20:51:39,725] Trial 17 finished with value: 0.85 and parameters: {'var_smoothing': 1.8515987176145925e-09}. Best is trial 0 with value: 0.85.
[I 2026-04-09 20:51:39,755] Trial 18 finished with value: 0.85 and parameters: {'var_smoothing': 5.024285700153026e-10}. Best is trial 0 with value: 0.85.
[I 2026-04-09 20:51:39,773] Trial 19 finished with value: 0.85 and parameters: {'var_smoothing': 4.958025424412893e-09}. Best is trial 0 with value: 0.85.
[I 2026-04-09 20:51:39,789] Trial 20 finished with value: 0.85 and parameters: {'var_smoothing': 8.344000526157384e-10}. Best is trial 0 with value: 0.85.
[I 2026-04-09 20:51:39,810] Trial 21 finished with value: 0.85 and parameters: {'var_smoothing': 2.46080689865309e-10}. Best is trial 0 with value: 0.85.
[I 2026-04-09 20:51:39,828] Trial 22 finished with value: 0.85 and parameters: {'var_smoothing': 1.4445108350594728e-10}. Best is trial 0 with value: 0.85.
[I 2026-04-09 20:51:39,844] Trial 23 finished with value: 0.85 and parameters: {'var_smoothing': 3.3715577896606737e-10}. Best is trial 0 with value: 0.85.
[I 2026-04-09 20:51:39,861] Trial 24 finished with value: 0.85 and parameters: {'var_smoothing': 1.572466431855027e-10}. Best is trial 0 with value: 0.85.
[I 2026-04-09 20:51:39,878] Trial 25 finished with value: 0.85 and parameters: {'var_smoothing': 7.281746293576245e-10}. Best is trial 0 with value: 0.85.
[I 2026-04-09 20:51:39,909] Trial 26 finished with value: 0.85 and parameters: {'var_smoothing': 3.386254640873244e-10}. Best is trial 0 with value: 0.85.
[I 2026-04-09 20:51:39,929] Trial 27 finished with value: 0.85 and parameters: {'var_smoothing': 1.3918180959975328e-09}. Best is trial 0 with value: 0.85.
[I 2026-04-09 20:51:39,949] Trial 28 finished with value: 0.85 and parameters: {'var_smoothing': 2.3715836084533434e-09}. Best is trial 0 with value: 0.85.
[I 2026-04-09 20:51:39,965] Trial 29 finished with value: 0.85 and parameters: {'var_smoothing': 9.477075781575649e-09}. Best is trial 0 with value: 0.85.
[I 2026-04-09 20:51:40,956] A new study created in memory with name: logreg
[I 2026-04-09 20:51:40,970] Trial 0 finished with value: 0.45 and parameters: {'C': 0.012881482725481003, 'penalty': 'l2'}. Best is trial 0 with value: 0.45.
[I 2026-04-09 20:51:41,002] Trial 1 finished with value: 0.8 and parameters: {'C': 22.576755560681583, 'penalty': 'l2'}. Best is trial 1 with value: 0.8.
[I 2026-04-09 20:51:41,026] Trial 2 finished with value: 0.425 and parameters: {'C': 0.010804278656839932, 'penalty': 'l2'}. Best is trial 1 with value: 0.8.
[I 2026-04-09 20:51:41,061] Trial 3 finished with value: 0.85 and parameters: {'C': 39.17910760336117, 'penalty': 'l2'}. Best is trial 3 with value: 0.85.
[I 2026-04-09 20:51:41,086] Trial 4 finished with value: 0.725 and parameters: {'C': 0.2767298094062571, 'penalty': 'l2'}. Best is trial 3 with value: 0.85.
[I 2026-04-09 20:51:41,110] Trial 5 finished with value: 0.775 and parameters: {'C': 1.1447728330837224, 'penalty': 'l2'}. Best is trial 3 with value: 0.85.
[I 2026-04-09 20:51:41,145] Trial 6 finished with value: 0.775 and parameters: {'C': 6.753661388238877, 'penalty': 'l2'}. Best is trial 3 with value: 0.85.
[I 2026-04-09 20:51:41,170] Trial 7 finished with value: 0.75 and parameters: {'C': 0.39092184460352974, 'penalty': 'l2'}. Best is trial 3 with value: 0.85.
[I 2026-04-09 20:51:41,195] Trial 8 finished with value: 0.5 and parameters: {'C': 0.03047912590082646, 'penalty': 'l2'}. Best is trial 3 with value: 0.85.
[I 2026-04-09 20:51:41,221] Trial 9 finished with value: 0.425 and parameters: {'C': 0.008681727362499118, 'penalty': 'l2'}. Best is trial 3 with value: 0.85.
[I 2026-04-09 20:51:41,260] Trial 10 finished with value: 0.85 and parameters: {'C': 90.53423376703687, 'penalty': 'l2'}. Best is trial 3 with value: 0.85.
[I 2026-04-09 20:51:41,301] Trial 11 finished with value: 0.85 and parameters: {'C': 65.85626465792753, 'penalty': 'l2'}. Best is trial 3 with value: 0.85.
[I 2026-04-09 20:51:41,332] Trial 12 finished with value: 0.85 and parameters: {'C': 90.92882941338803, 'penalty': 'l2'}. Best is trial 3 with value: 0.85.
[I 2026-04-09 20:51:41,370] Trial 13 finished with value: 0.775 and parameters: {'C': 6.454369525264757, 'penalty': 'l2'}. Best is trial 3 with value: 0.85.
[I 2026-04-09 20:51:41,398] Trial 14 finished with value: 0.775 and parameters: {'C': 8.814272600940622, 'penalty': 'l2'}. Best is trial 3 with value: 0.85.
[I 2026-04-09 20:51:41,438] Trial 15 finished with value: 0.775 and parameters: {'C': 1.319509508235996, 'penalty': 'l2'}. Best is trial 3 with value: 0.85.
[I 2026-04-09 20:51:41,478] Trial 16 finished with value: 0.85 and parameters: {'C': 35.01896955105082, 'penalty': 'l2'}. Best is trial 3 with value: 0.85.
[I 2026-04-09 20:51:41,507] Trial 17 finished with value: 0.325 and parameters: {'C': 0.0021318879744765045, 'penalty': 'l2'}. Best is trial 3 with value: 0.85.
[I 2026-04-09 20:51:41,537] Trial 18 finished with value: 0.75 and parameters: {'C': 2.7921111731769734, 'penalty': 'l2'}. Best is trial 3 with value: 0.85.
[I 2026-04-09 20:51:41,582] Trial 19 finished with value: 0.8 and parameters: {'C': 20.208764626769568, 'penalty': 'l2'}. Best is trial 3 with value: 0.85.
[I 2026-04-09 20:51:41,613] Trial 20 finished with value: 0.675 and parameters: {'C': 0.1771820995658428, 'penalty': 'l2'}. Best is trial 3 with value: 0.85.
[I 2026-04-09 20:51:41,640] Trial 21 finished with value: 0.85 and parameters: {'C': 67.84497176989684, 'penalty': 'l2'}. Best is trial 3 with value: 0.85.
[I 2026-04-09 20:51:41,671] Trial 22 finished with value: 0.85 and parameters: {'C': 81.02308406195549, 'penalty': 'l2'}. Best is trial 3 with value: 0.85.
[I 2026-04-09 20:51:41,709] Trial 23 finished with value: 0.8 and parameters: {'C': 21.172435505017333, 'penalty': 'l2'}. Best is trial 3 with value: 0.85.
[I 2026-04-09 20:51:41,749] Trial 24 finished with value: 0.85 and parameters: {'C': 42.64134529928132, 'penalty': 'l2'}. Best is trial 3 with value: 0.85.
[I 2026-04-09 20:51:41,787] Trial 25 finished with value: 0.8 and parameters: {'C': 11.256067459741208, 'penalty': 'l2'}. Best is trial 3 with value: 0.85.
[I 2026-04-09 20:51:41,826] Trial 26 finished with value: 0.75 and parameters: {'C': 3.000366840413488, 'penalty': 'l2'}. Best is trial 3 with value: 0.85.
[I 2026-04-09 20:51:41,877] Trial 27 finished with value: 0.85 and parameters: {'C': 93.2948386032698, 'penalty': 'l2'}. Best is trial 3 with value: 0.85.
[I 2026-04-09 20:51:41,897] Trial 28 finished with value: 0.6 and parameters: {'C': 0.0761732938830414, 'penalty': 'l2'}. Best is trial 3 with value: 0.85.
[I 2026-04-09 20:51:41,936] Trial 29 finished with value: 0.825 and parameters: {'C': 31.82657920161197, 'penalty': 'l2'}. Best is trial 3 with value: 0.85.
[I 2026-04-09 20:51:42,833] A new study created in memory with name: knn
[I 2026-04-09 20:51:42,848] Trial 0 finished with value: 0.625 and parameters: {'n_neighbors': 4, 'leaf_size': 38, 'p': 2}. Best is trial 0 with value: 0.625.
[I 2026-04-09 20:51:42,861] Trial 1 finished with value: 0.7 and parameters: {'n_neighbors': 6, 'leaf_size': 32, 'p': 1}. Best is trial 1 with value: 0.7.
[I 2026-04-09 20:51:42,876] Trial 2 finished with value: 0.55 and parameters: {'n_neighbors': 5, 'leaf_size': 23, 'p': 2}. Best is trial 1 with value: 0.7.
[I 2026-04-09 20:51:42,891] Trial 3 finished with value: 0.7 and parameters: {'n_neighbors': 6, 'leaf_size': 23, 'p': 1}. Best is trial 1 with value: 0.7.
[I 2026-04-09 20:51:42,904] Trial 4 finished with value: 0.7 and parameters: {'n_neighbors': 6, 'leaf_size': 26, 'p': 1}. Best is trial 1 with value: 0.7.
[I 2026-04-09 20:51:42,929] Trial 5 finished with value: 0.625 and parameters: {'n_neighbors': 7, 'leaf_size': 25, 'p': 1}. Best is trial 1 with value: 0.7.
[I 2026-04-09 20:51:42,944] Trial 6 finished with value: 0.55 and parameters: {'n_neighbors': 5, 'leaf_size': 23, 'p': 2}. Best is trial 1 with value: 0.7.
[I 2026-04-09 20:51:42,972] Trial 7 finished with value: 0.7 and parameters: {'n_neighbors': 10, 'leaf_size': 23, 'p': 2}. Best is trial 1 with value: 0.7.
[I 2026-04-09 20:51:42,997] Trial 8 finished with value: 0.65 and parameters: {'n_neighbors': 8, 'leaf_size': 36, 'p': 2}. Best is trial 1 with value: 0.7.
[I 2026-04-09 20:51:43,024] Trial 9 finished with value: 0.575 and parameters: {'n_neighbors': 3, 'leaf_size': 30, 'p': 2}. Best is trial 1 with value: 0.7.
[I 2026-04-09 20:51:43,046] Trial 10 finished with value: 0.775 and parameters: {'n_neighbors': 9, 'leaf_size': 33, 'p': 1}. Best is trial 10 with value: 0.775.
[I 2026-04-09 20:51:43,070] Trial 11 finished with value: 0.775 and parameters: {'n_neighbors': 9, 'leaf_size': 32, 'p': 1}. Best is trial 10 with value: 0.775.
[I 2026-04-09 20:51:43,093] Trial 12 finished with value: 0.725 and parameters: {'n_neighbors': 10, 'leaf_size': 34, 'p': 1}. Best is trial 10 with value: 0.775.
[I 2026-04-09 20:51:43,117] Trial 13 finished with value: 0.775 and parameters: {'n_neighbors': 9, 'leaf_size': 40, 'p': 1}. Best is trial 10 with value: 0.775.
