[I 2026-04-09 20:51:05,127] Trial 9 finished with value: 0.85 and parameters: {'var_smoothing': 2.3737908819373785e-10}. Best is trial 0 with value: 0.85.
[I 2026-04-09 20:51:05,156] Trial 10 finished with value: 0.85 and parameters: {'var_smoothing': 1.005826617097841e-10}. Best is trial 0 with value: 0.85.
[I 2026-04-09 20:51:05,174] Trial 11 finished with value: 0.85 and parameters: {'var_smoothing': 3.312216866073848e-10}. Best is trial 0 with value: 0.85.
[I 2026-04-09 20:51:05,190] Trial 12 finished with value: 0.85 and parameters: {'var_smoothing': 1.2172167771986835e-10}. Best is trial 0 with value: 0.85.
[I 2026-04-09 20:51:05,210] Trial 13 finished with value: 0.85 and parameters: {'var_smoothing': 5.515189795389604e-10}. Best is trial 0 with value: 0.85.
[I 2026-04-09 20:51:05,230] Trial 14 finished with value: 0.85 and parameters: {'var_smoothing': 1.7762554693505666e-10}. Best is trial 0 with value: 0.85.
[I 2026-04-09 20:51:05,250] Trial 15 finished with value: 0.85 and parameters: {'var_smoothing': 6.033065283503477e-10}. Best is trial 0 with value: 0.85.
[I 2026-04-09 20:51:05,269] Trial 16 finished with value: 0.85 and parameters: {'var_smoothing': 2.120289439649898e-10}. Best is trial 0 with value: 0.85.
[I 2026-04-09 20:51:05,289] Trial 17 finished with value: 0.85 and parameters: {'var_smoothing': 1.8515987176145925e-09}. Best is trial 0 with value: 0.85.
[I 2026-04-09 20:51:05,305] Trial 18 finished with value: 0.85 and parameters: {'var_smoothing': 3.8395978776692195e-10}. Best is trial 0 with value: 0.85.
[I 2026-04-09 20:51:05,322] Trial 19 finished with value: 0.85 and parameters: {'var_smoothing': 1.4474084452509485e-10}. Best is trial 0 with value: 0.85.
[I 2026-04-09 20:51:05,352] Trial 20 finished with value: 0.85 and parameters: {'var_smoothing': 6.959523972304726e-10}. Best is trial 0 with value: 0.85.
[I 2026-04-09 20:51:05,371] Trial 21 finished with value: 0.85 and parameters: {'var_smoothing': 1.0467142279900214e-09}. Best is trial 0 with value: 0.85.
[I 2026-04-09 20:51:05,387] Trial 22 finished with value: 0.85 and parameters: {'var_smoothing': 2.618828590143542e-10}. Best is trial 0 with value: 0.85.
[I 2026-04-09 20:51:05,406] Trial 23 finished with value: 0.85 and parameters: {'var_smoothing': 1.7593635491537881e-09}. Best is trial 0 with value: 0.85.
[I 2026-04-09 20:51:05,423] Trial 24 finished with value: 0.85 and parameters: {'var_smoothing': 2.8699946472227607e-09}. Best is trial 0 with value: 0.85.
[I 2026-04-09 20:51:05,444] Trial 25 finished with value: 0.85 and parameters: {'var_smoothing': 7.72035993562369e-10}. Best is trial 0 with value: 0.85.
[I 2026-04-09 20:51:05,464] Trial 26 finished with value: 0.85 and parameters: {'var_smoothing': 4.817466305581272e-10}. Best is trial 0 with value: 0.85.
[I 2026-04-09 20:51:05,485] Trial 27 finished with value: 0.85 and parameters: {'var_smoothing': 2.958626663925699e-10}. Best is trial 0 with value: 0.85.
[I 2026-04-09 20:51:05,502] Trial 28 finished with value: 0.85 and parameters: {'var_smoothing': 1.5680686836451257e-10}. Best is trial 0 with value: 0.85.
[I 2026-04-09 20:51:05,517] Trial 29 finished with value: 0.825 and parameters: {'var_smoothing': 9.477075781575649e-09}. Best is trial 0 with value: 0.85.
[I 2026-04-09 20:51:06,514] A new study created in memory with name: logreg
[I 2026-04-09 20:51:06,528] Trial 0 finished with value: 0.875 and parameters: {'C': 0.012881482725481003, 'penalty': 'l2'}. Best is trial 0 with value: 0.875.
[I 2026-04-09 20:51:06,542] Trial 1 finished with value: 0.825 and parameters: {'C': 22.576755560681583, 'penalty': 'l2'}. Best is trial 0 with value: 0.875.
[I 2026-04-09 20:51:06,566] Trial 2 finished with value: 0.825 and parameters: {'C': 0.010804278656839932, 'penalty': 'l2'}. Best is trial 0 with value: 0.875.
[I 2026-04-09 20:51:06,591] Trial 3 finished with value: 0.8 and parameters: {'C': 39.17910760336117, 'penalty': 'l2'}. Best is trial 0 with value: 0.875.
[I 2026-04-09 20:51:06,604] Trial 4 finished with value: 0.85 and parameters: {'C': 0.2767298094062571, 'penalty': 'l2'}. Best is trial 0 with value: 0.875.
[I 2026-04-09 20:51:06,619] Trial 5 finished with value: 0.85 and parameters: {'C': 1.1447728330837224, 'penalty': 'l2'}. Best is trial 0 with value: 0.875.
[I 2026-04-09 20:51:06,645] Trial 6 finished with value: 0.825 and parameters: {'C': 6.753661388238877, 'penalty': 'l2'}. Best is trial 0 with value: 0.875.
[I 2026-04-09 20:51:06,670] Trial 7 finished with value: 0.85 and parameters: {'C': 0.39092184460352974, 'penalty': 'l2'}. Best is trial 0 with value: 0.875.
[I 2026-04-09 20:51:06,684] Trial 8 finished with value: 0.875 and parameters: {'C': 0.03047912590082646, 'penalty': 'l2'}. Best is trial 0 with value: 0.875.
[I 2026-04-09 20:51:06,697] Trial 9 finished with value: 0.8 and parameters: {'C': 0.008681727362499118, 'penalty': 'l2'}. Best is trial 0 with value: 0.875.
[I 2026-04-09 20:51:06,737] Trial 10 finished with value: 0.8 and parameters: {'C': 0.0010146302597657177, 'penalty': 'l2'}. Best is trial 0 with value: 0.875.
[I 2026-04-09 20:51:06,758] Trial 11 finished with value: 0.875 and parameters: {'C': 0.027752611050163804, 'penalty': 'l2'}. Best is trial 0 with value: 0.875.
[I 2026-04-09 20:51:06,787] Trial 12 finished with value: 0.875 and parameters: {'C': 0.07806066539229185, 'penalty': 'l2'}. Best is trial 0 with value: 0.875.
[I 2026-04-09 20:51:06,803] Trial 13 finished with value: 0.8 and parameters: {'C': 0.0027626023999601174, 'penalty': 'l2'}. Best is trial 0 with value: 0.875.
[I 2026-04-09 20:51:06,820] Trial 14 finished with value: 0.85 and parameters: {'C': 0.0892627938330142, 'penalty': 'l2'}. Best is trial 0 with value: 0.875.
[I 2026-04-09 20:51:06,836] Trial 15 finished with value: 0.9 and parameters: {'C': 0.021323289861524552, 'penalty': 'l2'}. Best is trial 15 with value: 0.9.
[I 2026-04-09 20:51:06,853] Trial 16 finished with value: 0.8 and parameters: {'C': 0.0035823185600286542, 'penalty': 'l2'}. Best is trial 15 with value: 0.9.
[I 2026-04-09 20:51:06,884] Trial 17 finished with value: 0.85 and parameters: {'C': 1.0398098770202744, 'penalty': 'l2'}. Best is trial 15 with value: 0.9.
[I 2026-04-09 20:51:06,905] Trial 18 finished with value: 0.9 and parameters: {'C': 0.024437247890442666, 'penalty': 'l2'}. Best is trial 15 with value: 0.9.
[I 2026-04-09 20:51:06,922] Trial 19 finished with value: 0.85 and parameters: {'C': 0.09827826873679542, 'penalty': 'l2'}. Best is trial 15 with value: 0.9.
[I 2026-04-09 20:51:06,940] Trial 20 finished with value: 0.8 and parameters: {'C': 0.0010266920260633857, 'penalty': 'l2'}. Best is trial 15 with value: 0.9.
[I 2026-04-09 20:51:06,961] Trial 21 finished with value: 0.875 and parameters: {'C': 0.01373271796817975, 'penalty': 'l2'}. Best is trial 15 with value: 0.9.
[I 2026-04-09 20:51:06,982] Trial 22 finished with value: 0.875 and parameters: {'C': 0.033406716041377155, 'penalty': 'l2'}. Best is trial 15 with value: 0.9.
[I 2026-04-09 20:51:07,002] Trial 23 finished with value: 0.8 and parameters: {'C': 0.003517397909518831, 'penalty': 'l2'}. Best is trial 15 with value: 0.9.
[I 2026-04-09 20:51:07,030] Trial 24 finished with value: 0.85 and parameters: {'C': 0.16210648378031986, 'penalty': 'l2'}. Best is trial 15 with value: 0.9.
[I 2026-04-09 20:51:07,050] Trial 25 finished with value: 0.825 and parameters: {'C': 0.008822827496092405, 'penalty': 'l2'}. Best is trial 15 with value: 0.9.
[I 2026-04-09 20:51:07,067] Trial 26 finished with value: 0.875 and parameters: {'C': 0.03420217491835169, 'penalty': 'l2'}. Best is trial 15 with value: 0.9.
[I 2026-04-09 20:51:07,084] Trial 27 finished with value: 0.85 and parameters: {'C': 0.7203379623655817, 'penalty': 'l2'}. Best is trial 15 with value: 0.9.
[I 2026-04-09 20:51:07,112] Trial 28 finished with value: 0.8 and parameters: {'C': 0.0029703493814509543, 'penalty': 'l2'}. Best is trial 15 with value: 0.9.
[I 2026-04-09 20:51:07,132] Trial 29 finished with value: 0.875 and parameters: {'C': 0.01692268569806416, 'penalty': 'l2'}. Best is trial 15 with value: 0.9.
[I 2026-04-09 20:51:08,105] A new study created in memory with name: knn
[I 2026-04-09 20:51:08,119] Trial 0 finished with value: 0.85 and parameters: {'n_neighbors': 4, 'leaf_size': 38, 'p': 2}. Best is trial 0 with value: 0.85.
[I 2026-04-09 20:51:08,132] Trial 1 finished with value: 0.9 and parameters: {'n_neighbors': 6, 'leaf_size': 32, 'p': 1}. Best is trial 1 with value: 0.9.
[I 2026-04-09 20:51:08,148] Trial 2 finished with value: 0.775 and parameters: {'n_neighbors': 5, 'leaf_size': 23, 'p': 2}. Best is trial 1 with value: 0.9.
[I 2026-04-09 20:51:08,168] Trial 3 finished with value: 0.9 and parameters: {'n_neighbors': 6, 'leaf_size': 23, 'p': 1}. Best is trial 1 with value: 0.9.
[I 2026-04-09 20:51:08,181] Trial 4 finished with value: 0.9 and parameters: {'n_neighbors': 6, 'leaf_size': 26, 'p': 1}. Best is trial 1 with value: 0.9.
[I 2026-04-09 20:51:08,205] Trial 5 finished with value: 0.875 and parameters: {'n_neighbors': 7, 'leaf_size': 25, 'p': 1}. Best is trial 1 with value: 0.9.
[I 2026-04-09 20:51:08,219] Trial 6 finished with value: 0.775 and parameters: {'n_neighbors': 5, 'leaf_size': 23, 'p': 2}. Best is trial 1 with value: 0.9.
[I 2026-04-09 20:51:08,232] Trial 7 finished with value: 0.825 and parameters: {'n_neighbors': 10, 'leaf_size': 23, 'p': 2}. Best is trial 1 with value: 0.9.
[I 2026-04-09 20:51:08,247] Trial 8 finished with value: 0.825 and parameters: {'n_neighbors': 8, 'leaf_size': 36, 'p': 2}. Best is trial 1 with value: 0.9.
[I 2026-04-09 20:51:08,262] Trial 9 finished with value: 0.775 and parameters: {'n_neighbors': 3, 'leaf_size': 30, 'p': 2}. Best is trial 1 with value: 0.9.
[I 2026-04-09 20:51:08,283] Trial 10 finished with value: 0.9 and parameters: {'n_neighbors': 9, 'leaf_size': 33, 'p': 1}. Best is trial 1 with value: 0.9.
[I 2026-04-09 20:51:08,307] Trial 11 finished with value: 0.875 and parameters: {'n_neighbors': 7, 'leaf_size': 30, 'p': 1}. Best is trial 1 with value: 0.9.
[I 2026-04-09 20:51:08,342] Trial 12 finished with value: 0.9 and parameters: {'n_neighbors': 6, 'leaf_size': 30, 'p': 1}. Best is trial 1 with value: 0.9.
[I 2026-04-09 20:51:08,363] Trial 13 finished with value: 0.875 and parameters: {'n_neighbors': 5, 'leaf_size': 20, 'p': 1}. Best is trial 1 with value: 0.9.
[I 2026-04-09 20:51:08,382] Trial 14 finished with value: 0.875 and parameters: {'n_neighbors': 8, 'leaf_size': 35, 'p': 1}. Best is trial 1 with value: 0.9.
[I 2026-04-09 20:51:08,402] Trial 15 finished with value: 0.8 and parameters: {'n_neighbors': 3, 'leaf_size': 33, 'p': 1}. Best is trial 1 with value: 0.9.
[I 2026-04-09 20:51:08,428] Trial 16 finished with value: 0.9 and parameters: {'n_neighbors': 6, 'leaf_size': 27, 'p': 1}. Best is trial 1 with value: 0.9.
[I 2026-04-09 20:51:08,457] Trial 17 finished with value: 0.875 and parameters: {'n_neighbors': 8, 'leaf_size': 20, 'p': 1}. Best is trial 1 with value: 0.9.
[I 2026-04-09 20:51:08,481] Trial 18 finished with value: 0.875 and parameters: {'n_neighbors': 4, 'leaf_size': 40, 'p': 1}. Best is trial 1 with value: 0.9.
[I 2026-04-09 20:51:08,508] Trial 19 finished with value: 0.875 and parameters: {'n_neighbors': 7, 'leaf_size': 28, 'p': 1}. Best is trial 1 with value: 0.9.
[I 2026-04-09 20:51:08,536] Trial 20 finished with value: 0.875 and parameters: {'n_neighbors': 4, 'leaf_size': 33, 'p': 1}. Best is trial 1 with value: 0.9.
[I 2026-04-09 20:51:08,560] Trial 21 finished with value: 0.9 and parameters: {'n_neighbors': 6, 'leaf_size': 26, 'p': 1}. Best is trial 1 with value: 0.9.
[I 2026-04-09 20:51:08,584] Trial 22 finished with value: 0.9 and parameters: {'n_neighbors': 6, 'leaf_size': 24, 'p': 1}. Best is trial 1 with value: 0.9.
[I 2026-04-09 20:51:08,611] Trial 23 finished with value: 0.875 and parameters: {'n_neighbors': 5, 'leaf_size': 28, 'p': 1}. Best is trial 1 with value: 0.9.
[I 2026-04-09 20:51:08,636] Trial 24 finished with value: 0.875 and parameters: {'n_neighbors': 7, 'leaf_size': 21, 'p': 1}. Best is trial 1 with value: 0.9.
[I 2026-04-09 20:51:08,663] Trial 25 finished with value: 0.9 and parameters: {'n_neighbors': 6, 'leaf_size': 31, 'p': 1}. Best is trial 1 with value: 0.9.
[I 2026-04-09 20:51:08,689] Trial 26 finished with value: 0.875 and parameters: {'n_neighbors': 5, 'leaf_size': 26, 'p': 1}. Best is trial 1 with value: 0.9.
[I 2026-04-09 20:51:08,727] Trial 27 finished with value: 0.875 and parameters: {'n_neighbors': 8, 'leaf_size': 28, 'p': 1}. Best is trial 1 with value: 0.9.
[I 2026-04-09 20:51:08,749] Trial 28 finished with value: 0.875 and parameters: {'n_neighbors': 7, 'leaf_size': 25, 'p': 1}. Best is trial 1 with value: 0.9.
[I 2026-04-09 20:51:08,770] Trial 29 finished with value: 0.85 and parameters: {'n_neighbors': 4, 'leaf_size': 22, 'p': 2}. Best is trial 1 with value: 0.9.
[I 2026-04-09 20:51:09,768] A new study created in memory with name: xgb
[I 2026-04-09 20:51:09,795] Trial 0 finished with value: 0.85 and parameters: {'n_estimators': 40, 'max_depth': 5, 'gamma': 0.789317070832284, 'subsample': 0.7592089939364717, 'colsample_bytree': 0.648400250788111}. Best is trial 0 with value: 0.85.
[I 2026-04-09 20:51:09,830] Trial 1 finished with value: 0.875 and parameters: {'n_estimators': 100, 'max_depth': 30, 'gamma': 0.34667781579300216, 'subsample': 0.7071175095405257, 'colsample_bytree': 0.6480399663668239}. Best is trial 1 with value: 0.875.
[I 2026-04-09 20:51:09,856] Trial 2 finished with value: 0.85 and parameters: {'n_estimators': 10, 'max_depth': 20, 'gamma': 0.3948075529198607, 'subsample': 0.5720821503267102, 'colsample_bytree': 0.5828064306006338}. Best is trial 1 with value: 0.875.
[I 2026-04-09 20:51:09,881] Trial 3 finished with value: 0.825 and parameters: {'n_estimators': 10, 'max_depth': 30, 'gamma': 0.8015631269999768, 'subsample': 0.5114665462195407, 'colsample_bytree': 0.788831429064878}. Best is trial 1 with value: 0.875.
[I 2026-04-09 20:51:09,904] Trial 4 finished with value: 0.875 and parameters: {'n_estimators': 100, 'max_depth': 5, 'gamma': 0.8834347783013348, 'subsample': 0.961374806972835, 'colsample_bytree': 0.5011071062662218}. Best is trial 1 with value: 0.875.
[I 2026-04-09 20:51:09,928] Trial 5 finished with value: 0.8 and parameters: {'n_estimators': 40, 'max_depth': 5, 'gamma': 0.5364379674896123, 'subsample': 0.5145557818363589, 'colsample_bytree': 0.5432628442011025}. Best is trial 1 with value: 0.875.
[I 2026-04-09 20:51:09,952] Trial 6 finished with value: 0.85 and parameters: {'n_estimators': 100, 'max_depth': 20, 'gamma': 0.6718205850237038, 'subsample': 0.9059511955902053, 'colsample_bytree': 0.9633413076219371}. Best is trial 1 with value: 0.875.
[I 2026-04-09 20:51:09,976] Trial 7 finished with value: 0.8 and parameters: {'n_estimators': 10, 'max_depth': 30, 'gamma': 0.8165284487704038, 'subsample': 0.5255714015506736, 'colsample_bytree': 0.594333867896554}. Best is trial 1 with value: 0.875.
[I 2026-04-09 20:51:10,011] Trial 8 finished with value: 0.825 and parameters: {'n_estimators': 100, 'max_depth': 20, 'gamma': 0.6251497693480509, 'subsample': 0.9696496759824258, 'colsample_bytree': 0.9717700410079397}. Best is trial 1 with value: 0.875.
[I 2026-04-09 20:51:10,035] Trial 9 finished with value: 0.875 and parameters: {'n_estimators': 40, 'max_depth': 30, 'gamma': 0.9649927737686168, 'subsample': 0.6857563076640036, 'colsample_bytree': 0.5061847058001788}. Best is trial 1 with value: 0.875.
[I 2026-04-09 20:51:10,078] Trial 10 finished with value: 0.9 and parameters: {'n_estimators': 100, 'max_depth': 30, 'gamma': 0.14652420766939808, 'subsample': 0.7882149445367822, 'colsample_bytree': 0.774073623852926}. Best is trial 10 with value: 0.9.
[I 2026-04-09 20:51:10,112] Trial 11 finished with value: 0.9 and parameters: {'n_estimators': 100, 'max_depth': 30, 'gamma': 0.157062635361989, 'subsample': 0.7364601449560734, 'colsample_bytree': 0.754830506898888}. Best is trial 10 with value: 0.9.
[I 2026-04-09 20:51:10,146] Trial 12 finished with value: 0.9 and parameters: {'n_estimators': 100, 'max_depth': 30, 'gamma': 0.13890447806311998, 'subsample': 0.7877533292430313, 'colsample_bytree': 0.8056479963708721}. Best is trial 10 with value: 0.9.
[I 2026-04-09 20:51:10,179] Trial 13 finished with value: 0.875 and parameters: {'n_estimators': 100, 'max_depth': 30, 'gamma': 0.15813912455139084, 'subsample': 0.8506360628433484, 'colsample_bytree': 0.8657455835467268}. Best is trial 10 with value: 0.9.
[I 2026-04-09 20:51:10,226] Trial 14 finished with value: 0.875 and parameters: {'n_estimators': 100, 'max_depth': 30, 'gamma': 0.2409302149380757, 'subsample': 0.6383849002963743, 'colsample_bytree': 0.7020347994134997}. Best is trial 10 with value: 0.9.
[I 2026-04-09 20:51:10,296] Trial 15 finished with value: 0.875 and parameters: {'n_estimators': 100, 'max_depth': 30, 'gamma': 0.31798733692887876, 'subsample': 0.8243832203194676, 'colsample_bytree': 0.8604557310580807}. Best is trial 10 with value: 0.9.
[I 2026-04-09 20:51:10,337] Trial 16 finished with value: 0.875 and parameters: {'n_estimators': 100, 'max_depth': 30, 'gamma': 0.10337287490569533, 'subsample': 0.6478313294799697, 'colsample_bytree': 0.7143201494829248}. Best is trial 10 with value: 0.9.
[I 2026-04-09 20:51:10,374] Trial 17 finished with value: 0.85 and parameters: {'n_estimators': 100, 'max_depth': 30, 'gamma': 0.2482680161467769, 'subsample': 0.8605583222534544, 'colsample_bytree': 0.898128268522414}. Best is trial 10 with value: 0.9.
[I 2026-04-09 20:51:10,415] Trial 18 finished with value: 0.9 and parameters: {'n_estimators': 40, 'max_depth': 20, 'gamma': 0.46781622445432103, 'subsample': 0.7244635882482937, 'colsample_bytree': 0.7653645768858433}. Best is trial 10 with value: 0.9.
[I 2026-04-09 20:51:10,448] Trial 19 finished with value: 0.825 and parameters: {'n_estimators': 10, 'max_depth': 5, 'gamma': 0.22481931271419942, 'subsample': 0.7737086663652857, 'colsample_bytree': 0.7114831232306783}. Best is trial 10 with value: 0.9.
[I 2026-04-09 20:51:10,504] Trial 20 finished with value: 0.9 and parameters: {'n_estimators': 100, 'max_depth': 30, 'gamma': 0.43728156415408814, 'subsample': 0.8939653735608784, 'colsample_bytree': 0.8114427185737533}. Best is trial 10 with value: 0.9.
[I 2026-04-09 20:51:10,542] Trial 21 finished with value: 0.875 and parameters: {'n_estimators': 100, 'max_depth': 30, 'gamma': 0.1307008126916113, 'subsample': 0.8048822160681469, 'colsample_bytree': 0.8091832674502037}. Best is trial 10 with value: 0.9.
[I 2026-04-09 20:51:10,593] Trial 22 finished with value: 0.875 and parameters: {'n_estimators': 100, 'max_depth': 30, 'gamma': 0.20105117226216446, 'subsample': 0.7697062275169481, 'colsample_bytree': 0.7553883858959354}. Best is trial 10 with value: 0.9.
[I 2026-04-09 20:51:10,646] Trial 23 finished with value: 0.9 and parameters: {'n_estimators': 100, 'max_depth': 30, 'gamma': 0.3113165770480236, 'subsample': 0.6595454763265758, 'colsample_bytree': 0.8508886470229312}. Best is trial 10 with value: 0.9.
[I 2026-04-09 20:51:10,685] Trial 24 finished with value: 0.875 and parameters: {'n_estimators': 100, 'max_depth': 30, 'gamma': 0.10317179414509589, 'subsample': 0.7986049719736176, 'colsample_bytree': 0.9312878454082882}. Best is trial 10 with value: 0.9.
[I 2026-04-09 20:51:10,723] Trial 25 finished with value: 0.875 and parameters: {'n_estimators': 100, 'max_depth': 30, 'gamma': 0.18602383217887974, 'subsample': 0.727617288352933, 'colsample_bytree': 0.6544271041356221}. Best is trial 10 with value: 0.9.
[I 2026-04-09 20:51:10,764] Trial 26 finished with value: 0.9 and parameters: {'n_estimators': 100, 'max_depth': 30, 'gamma': 0.2657992938296229, 'subsample': 0.8989023364354061, 'colsample_bytree': 0.8146042752440257}. Best is trial 10 with value: 0.9.
[I 2026-04-09 20:51:10,803] Trial 27 finished with value: 0.9 and parameters: {'n_estimators': 100, 'max_depth': 30, 'gamma': 0.3648917922861983, 'subsample': 0.8270647959277426, 'colsample_bytree': 0.7369452854048678}. Best is trial 10 with value: 0.9.
[I 2026-04-09 20:51:10,843] Trial 28 finished with value: 0.8 and parameters: {'n_estimators': 10, 'max_depth': 5, 'gamma': 0.16216990063120995, 'subsample': 0.6113838175003208, 'colsample_bytree': 0.6876301075168864}. Best is trial 10 with value: 0.9.
[I 2026-04-09 20:51:10,886] Trial 29 finished with value: 0.9 and parameters: {'n_estimators': 40, 'max_depth': 20, 'gamma': 0.2869113777445727, 'subsample': 0.7509275120837501, 'colsample_bytree': 0.7759131513927184}. Best is trial 10 with value: 0.9.
[I 2026-04-09 20:51:11,326] A new study created in memory with name: rf
[I 2026-04-09 20:51:11,564] Trial 0 finished with value: 0.85 and parameters: {'n_estimators': 189, 'max_depth': 18, 'min_samples_split': 3, 'min_samples_leaf': 10}. Best is trial 0 with value: 0.85.
[I 2026-04-09 20:51:11,911] Trial 1 finished with value: 0.85 and parameters: {'n_estimators': 295, 'max_depth': 14, 'min_samples_split': 8, 'min_samples_leaf': 6}. Best is trial 0 with value: 0.85.
[I 2026-04-09 20:51:12,168] Trial 2 finished with value: 0.875 and parameters: {'n_estimators': 219, 'max_depth': 6, 'min_samples_split': 2, 'min_samples_leaf': 8}. Best is trial 2 with value: 0.875.
[I 2026-04-09 20:51:12,496] Trial 3 finished with value: 0.875 and parameters: {'n_estimators': 276, 'max_depth': 5, 'min_samples_split': 9, 'min_samples_leaf': 3}. Best is trial 2 with value: 0.875.
[I 2026-04-09 20:51:12,818] Trial 4 finished with value: 0.875 and parameters: {'n_estimators': 266, 'max_depth': 8, 'min_samples_split': 7, 'min_samples_leaf': 6}. Best is trial 2 with value: 0.875.
[I 2026-04-09 20:51:13,245] Trial 5 finished with value: 0.875 and parameters: {'n_estimators': 340, 'max_depth': 7, 'min_samples_split': 4, 'min_samples_leaf': 3}. Best is trial 2 with value: 0.875.
