[I 2026-04-09 19:52:18,061] Trial 20 finished with value: 0.9 and parameters: {'n_estimators': 437, 'max_depth': 5, 'min_samples_split': 7, 'min_samples_leaf': 2}. Best is trial 10 with value: 0.95.
[I 2026-04-09 19:52:18,623] Trial 21 finished with value: 0.9 and parameters: {'n_estimators': 457, 'max_depth': 8, 'min_samples_split': 9, 'min_samples_leaf': 1}. Best is trial 10 with value: 0.95.
[I 2026-04-09 19:52:19,108] Trial 22 finished with value: 0.9 and parameters: {'n_estimators': 394, 'max_depth': 11, 'min_samples_split': 9, 'min_samples_leaf': 2}. Best is trial 10 with value: 0.95.
[I 2026-04-09 19:52:19,752] Trial 23 finished with value: 0.9 and parameters: {'n_estimators': 493, 'max_depth': 8, 'min_samples_split': 8, 'min_samples_leaf': 1}. Best is trial 10 with value: 0.95.
[I 2026-04-09 19:52:20,171] Trial 24 finished with value: 0.9 and parameters: {'n_estimators': 378, 'max_depth': 6, 'min_samples_split': 9, 'min_samples_leaf': 2}. Best is trial 10 with value: 0.95.
[I 2026-04-09 19:52:20,660] Trial 25 finished with value: 0.9 and parameters: {'n_estimators': 445, 'max_depth': 9, 'min_samples_split': 10, 'min_samples_leaf': 4}. Best is trial 10 with value: 0.95.
[I 2026-04-09 19:52:21,108] Trial 26 finished with value: 0.9 and parameters: {'n_estimators': 415, 'max_depth': 18, 'min_samples_split': 8, 'min_samples_leaf': 1}. Best is trial 10 with value: 0.95.
[I 2026-04-09 19:52:21,526] Trial 27 finished with value: 0.95 and parameters: {'n_estimators': 340, 'max_depth': 11, 'min_samples_split': 5, 'min_samples_leaf': 4}. Best is trial 10 with value: 0.95.
[I 2026-04-09 19:52:21,935] Trial 28 finished with value: 1.0 and parameters: {'n_estimators': 336, 'max_depth': 11, 'min_samples_split': 5, 'min_samples_leaf': 6}. Best is trial 28 with value: 1.0.
[I 2026-04-09 19:52:22,274] Trial 29 finished with value: 0.65 and parameters: {'n_estimators': 269, 'max_depth': 16, 'min_samples_split': 5, 'min_samples_leaf': 6}. Best is trial 28 with value: 1.0.
[I 2026-04-09 19:52:25,699] A new study created in memory with name: mlp
[I 2026-04-09 19:52:25,765] Trial 0 finished with value: 0.5 and parameters: {'hidden_layer_sizes': (100,), 'max_iter': 100, 'alpha': 0.0001}. Best is trial 0 with value: 0.5.
[I 2026-04-09 19:52:25,860] Trial 1 finished with value: 0.5 and parameters: {'hidden_layer_sizes': (100, 100), 'max_iter': 100, 'alpha': 0.001}. Best is trial 0 with value: 0.5.
[I 2026-04-09 19:52:25,920] Trial 2 finished with value: 0.6 and parameters: {'hidden_layer_sizes': (200,), 'max_iter': 100, 'alpha': 0.0001}. Best is trial 2 with value: 0.6.
[I 2026-04-09 19:52:25,970] Trial 3 finished with value: 0.55 and parameters: {'hidden_layer_sizes': (200,), 'max_iter': 50, 'alpha': 0.001}. Best is trial 2 with value: 0.6.
[I 2026-04-09 19:52:26,027] Trial 4 finished with value: 0.5 and parameters: {'hidden_layer_sizes': (100, 100), 'max_iter': 50, 'alpha': 0.0001}. Best is trial 2 with value: 0.6.
[I 2026-04-09 19:52:26,083] Trial 5 finished with value: 0.5 and parameters: {'hidden_layer_sizes': (200,), 'max_iter': 100, 'alpha': 0.0001}. Best is trial 2 with value: 0.6.
[I 2026-04-09 19:52:26,136] Trial 6 finished with value: 0.55 and parameters: {'hidden_layer_sizes': (200,), 'max_iter': 100, 'alpha': 0.001}. Best is trial 2 with value: 0.6.
[I 2026-04-09 19:52:26,192] Trial 7 finished with value: 0.5 and parameters: {'hidden_layer_sizes': (100,), 'max_iter': 100, 'alpha': 0.001}. Best is trial 2 with value: 0.6.
[I 2026-04-09 19:52:26,272] Trial 8 finished with value: 0.5 and parameters: {'hidden_layer_sizes': (100, 100), 'max_iter': 100, 'alpha': 0.0001}. Best is trial 2 with value: 0.6.
[I 2026-04-09 19:52:26,328] Trial 9 finished with value: 0.5 and parameters: {'hidden_layer_sizes': (200,), 'max_iter': 100, 'alpha': 0.0001}. Best is trial 2 with value: 0.6.
[I 2026-04-09 19:52:26,367] Trial 10 finished with value: 0.5 and parameters: {'hidden_layer_sizes': (200,), 'max_iter': 50, 'alpha': 0.0001}. Best is trial 2 with value: 0.6.
[I 2026-04-09 19:52:26,401] Trial 11 finished with value: 0.55 and parameters: {'hidden_layer_sizes': (200,), 'max_iter': 50, 'alpha': 0.001}. Best is trial 2 with value: 0.6.
[I 2026-04-09 19:52:26,444] Trial 12 finished with value: 0.65 and parameters: {'hidden_layer_sizes': (200,), 'max_iter': 50, 'alpha': 0.001}. Best is trial 12 with value: 0.65.
[I 2026-04-09 19:52:26,490] Trial 13 finished with value: 0.6 and parameters: {'hidden_layer_sizes': (200,), 'max_iter': 50, 'alpha': 0.001}. Best is trial 12 with value: 0.65.
[I 2026-04-09 19:52:26,531] Trial 14 finished with value: 0.65 and parameters: {'hidden_layer_sizes': (200,), 'max_iter': 50, 'alpha': 0.0001}. Best is trial 12 with value: 0.65.
[I 2026-04-09 19:52:26,572] Trial 15 finished with value: 0.6 and parameters: {'hidden_layer_sizes': (100,), 'max_iter': 50, 'alpha': 0.001}. Best is trial 12 with value: 0.65.
[I 2026-04-09 19:52:26,613] Trial 16 finished with value: 0.55 and parameters: {'hidden_layer_sizes': (200,), 'max_iter': 50, 'alpha': 0.001}. Best is trial 12 with value: 0.65.
[I 2026-04-09 19:52:26,670] Trial 17 finished with value: 0.55 and parameters: {'hidden_layer_sizes': (200,), 'max_iter': 50, 'alpha': 0.0001}. Best is trial 12 with value: 0.65.
[I 2026-04-09 19:52:26,708] Trial 18 finished with value: 0.55 and parameters: {'hidden_layer_sizes': (100,), 'max_iter': 50, 'alpha': 0.0001}. Best is trial 12 with value: 0.65.
[I 2026-04-09 19:52:26,753] Trial 19 finished with value: 0.5 and parameters: {'hidden_layer_sizes': (100, 100), 'max_iter': 50, 'alpha': 0.001}. Best is trial 12 with value: 0.65.
[I 2026-04-09 19:52:26,799] Trial 20 finished with value: 0.6 and parameters: {'hidden_layer_sizes': (200,), 'max_iter': 50, 'alpha': 0.0001}. Best is trial 12 with value: 0.65.
[I 2026-04-09 19:52:26,858] Trial 21 finished with value: 0.5 and parameters: {'hidden_layer_sizes': (200,), 'max_iter': 100, 'alpha': 0.0001}. Best is trial 12 with value: 0.65.
[I 2026-04-09 19:52:26,904] Trial 22 finished with value: 0.6 and parameters: {'hidden_layer_sizes': (200,), 'max_iter': 50, 'alpha': 0.0001}. Best is trial 12 with value: 0.65.
[I 2026-04-09 19:52:26,960] Trial 23 finished with value: 0.5 and parameters: {'hidden_layer_sizes': (200,), 'max_iter': 100, 'alpha': 0.0001}. Best is trial 12 with value: 0.65.
[I 2026-04-09 19:52:26,999] Trial 24 finished with value: 0.55 and parameters: {'hidden_layer_sizes': (200,), 'max_iter': 50, 'alpha': 0.0001}. Best is trial 12 with value: 0.65.
[I 2026-04-09 19:52:27,047] Trial 25 finished with value: 0.6 and parameters: {'hidden_layer_sizes': (200,), 'max_iter': 50, 'alpha': 0.0001}. Best is trial 12 with value: 0.65.
[I 2026-04-09 19:52:27,115] Trial 26 finished with value: 0.55 and parameters: {'hidden_layer_sizes': (200,), 'max_iter': 100, 'alpha': 0.001}. Best is trial 12 with value: 0.65.
[I 2026-04-09 19:52:27,150] Trial 27 finished with value: 0.55 and parameters: {'hidden_layer_sizes': (200,), 'max_iter': 50, 'alpha': 0.0001}. Best is trial 12 with value: 0.65.
[I 2026-04-09 19:52:27,221] Trial 28 finished with value: 0.55 and parameters: {'hidden_layer_sizes': (100, 100), 'max_iter': 100, 'alpha': 0.001}. Best is trial 12 with value: 0.65.
[I 2026-04-09 19:52:27,279] Trial 29 finished with value: 0.55 and parameters: {'hidden_layer_sizes': (100,), 'max_iter': 100, 'alpha': 0.0001}. Best is trial 12 with value: 0.65.
[I 2026-04-09 19:52:30,984] A new study created in memory with name: naive_bayes
[I 2026-04-09 19:52:30,997] Trial 0 finished with value: 0.9 and parameters: {'var_smoothing': 6.10548688762798e-09}. Best is trial 0 with value: 0.9.
[I 2026-04-09 19:52:31,010] Trial 1 finished with value: 0.85 and parameters: {'var_smoothing': 4.6127467400935034e-10}. Best is trial 0 with value: 0.9.
[I 2026-04-09 19:52:31,022] Trial 2 finished with value: 0.9 and parameters: {'var_smoothing': 4.389936579400967e-09}. Best is trial 0 with value: 0.9.
[I 2026-04-09 19:52:31,035] Trial 3 finished with value: 0.85 and parameters: {'var_smoothing': 1.2116948204672054e-10}. Best is trial 0 with value: 0.9.
[I 2026-04-09 19:52:31,048] Trial 4 finished with value: 0.85 and parameters: {'var_smoothing': 1.6417739478477417e-10}. Best is trial 0 with value: 0.9.
[I 2026-04-09 19:52:31,062] Trial 5 finished with value: 0.85 and parameters: {'var_smoothing': 1.5491880147236797e-09}. Best is trial 0 with value: 0.9.
[I 2026-04-09 19:52:31,076] Trial 6 finished with value: 0.85 and parameters: {'var_smoothing': 1.1471883405287265e-09}. Best is trial 0 with value: 0.9.
[I 2026-04-09 19:52:31,088] Trial 7 finished with value: 0.85 and parameters: {'var_smoothing': 6.88041853492358e-10}. Best is trial 0 with value: 0.9.
[I 2026-04-09 19:52:31,111] Trial 8 finished with value: 0.85 and parameters: {'var_smoothing': 4.686144741221158e-10}. Best is trial 0 with value: 0.9.
[I 2026-04-09 19:52:31,125] Trial 9 finished with value: 0.85 and parameters: {'var_smoothing': 1.7580809350683337e-09}. Best is trial 0 with value: 0.9.
[I 2026-04-09 19:52:31,140] Trial 10 finished with value: 0.9 and parameters: {'var_smoothing': 9.83902635509218e-09}. Best is trial 0 with value: 0.9.
[I 2026-04-09 19:52:31,157] Trial 11 finished with value: 0.9 and parameters: {'var_smoothing': 6.91018960086788e-09}. Best is trial 0 with value: 0.9.
[I 2026-04-09 19:52:31,176] Trial 12 finished with value: 0.9 and parameters: {'var_smoothing': 3.681922431884921e-09}. Best is trial 0 with value: 0.9.
[I 2026-04-09 19:52:31,196] Trial 13 finished with value: 0.9 and parameters: {'var_smoothing': 3.5960698381419725e-09}. Best is trial 0 with value: 0.9.
[I 2026-04-09 19:52:31,213] Trial 14 finished with value: 0.9 and parameters: {'var_smoothing': 3.3469241907304184e-09}. Best is trial 0 with value: 0.9.
[I 2026-04-09 19:52:31,232] Trial 15 finished with value: 0.9 and parameters: {'var_smoothing': 5.301074132926346e-09}. Best is trial 0 with value: 0.9.
[I 2026-04-09 19:52:31,268] Trial 16 finished with value: 0.85 and parameters: {'var_smoothing': 2.347916255848939e-09}. Best is trial 0 with value: 0.9.
[I 2026-04-09 19:52:31,301] Trial 17 finished with value: 0.9 and parameters: {'var_smoothing': 8.497904890171005e-09}. Best is trial 0 with value: 0.9.
[I 2026-04-09 19:52:31,332] Trial 18 finished with value: 0.9 and parameters: {'var_smoothing': 5.310317656318349e-09}. Best is trial 0 with value: 0.9.
[I 2026-04-09 19:52:31,352] Trial 19 finished with value: 0.85 and parameters: {'var_smoothing': 2.6113931710140704e-09}. Best is trial 0 with value: 0.9.
[I 2026-04-09 19:52:31,370] Trial 20 finished with value: 0.9 and parameters: {'var_smoothing': 5.361057930102072e-09}. Best is trial 0 with value: 0.9.
[I 2026-04-09 19:52:31,387] Trial 21 finished with value: 0.9 and parameters: {'var_smoothing': 9.488688810093246e-09}. Best is trial 0 with value: 0.9.
[I 2026-04-09 19:52:31,405] Trial 22 finished with value: 0.9 and parameters: {'var_smoothing': 6.667992141406306e-09}. Best is trial 0 with value: 0.9.
[I 2026-04-09 19:52:31,425] Trial 23 finished with value: 0.9 and parameters: {'var_smoothing': 8.526929663624374e-09}. Best is trial 0 with value: 0.9.
[I 2026-04-09 19:52:31,443] Trial 24 finished with value: 0.9 and parameters: {'var_smoothing': 4.551377624044693e-09}. Best is trial 0 with value: 0.9.
[I 2026-04-09 19:52:31,462] Trial 25 finished with value: 0.85 and parameters: {'var_smoothing': 2.29028363628677e-09}. Best is trial 0 with value: 0.9.
[I 2026-04-09 19:52:31,480] Trial 26 finished with value: 0.9 and parameters: {'var_smoothing': 9.235675215595716e-09}. Best is trial 0 with value: 0.9.
[I 2026-04-09 19:52:31,501] Trial 27 finished with value: 0.85 and parameters: {'var_smoothing': 1.0507932242818069e-09}. Best is trial 0 with value: 0.9.
[I 2026-04-09 19:52:31,522] Trial 28 finished with value: 0.9 and parameters: {'var_smoothing': 3.967543625062895e-09}. Best is trial 0 with value: 0.9.
[I 2026-04-09 19:52:31,543] Trial 29 finished with value: 0.9 and parameters: {'var_smoothing': 6.64586076142141e-09}. Best is trial 0 with value: 0.9.
[I 2026-04-09 19:52:32,591] A new study created in memory with name: logreg
[I 2026-04-09 19:52:32,630] Trial 0 finished with value: 0.85 and parameters: {'C': 29.127335430981816, 'penalty': 'l2'}. Best is trial 0 with value: 0.85.
[I 2026-04-09 19:52:32,653] Trial 1 finished with value: 0.85 and parameters: {'C': 0.045698192893558344, 'penalty': 'l2'}. Best is trial 0 with value: 0.85.
[I 2026-04-09 19:52:32,689] Trial 2 finished with value: 0.85 and parameters: {'C': 12.768668597712947, 'penalty': 'l2'}. Best is trial 0 with value: 0.85.
[I 2026-04-09 19:52:32,716] Trial 3 finished with value: 0.85 and parameters: {'C': 0.0016161554408462638, 'penalty': 'l2'}. Best is trial 0 with value: 0.85.
[I 2026-04-09 19:52:32,741] Trial 4 finished with value: 0.85 and parameters: {'C': 0.0034536903703241734, 'penalty': 'l2'}. Best is trial 0 with value: 0.85.
[I 2026-04-09 19:52:32,763] Trial 5 finished with value: 0.75 and parameters: {'C': 0.9446269266990148, 'penalty': 'l2'}. Best is trial 0 with value: 0.85.
[I 2026-04-09 19:52:32,786] Trial 6 finished with value: 0.8 and parameters: {'C': 0.4457453393648168, 'penalty': 'l2'}. Best is trial 0 with value: 0.85.
[I 2026-04-09 19:52:32,808] Trial 7 finished with value: 0.85 and parameters: {'C': 0.12417585037258261, 'penalty': 'l2'}. Best is trial 0 with value: 0.85.
[I 2026-04-09 19:52:32,830] Trial 8 finished with value: 0.85 and parameters: {'C': 0.04753781830244093, 'penalty': 'l2'}. Best is trial 0 with value: 0.85.
[I 2026-04-09 19:52:32,853] Trial 9 finished with value: 0.75 and parameters: {'C': 1.2959766028194148, 'penalty': 'l2'}. Best is trial 0 with value: 0.85.
[I 2026-04-09 19:52:32,889] Trial 10 finished with value: 0.8 and parameters: {'C': 96.02411422716075, 'penalty': 'l2'}. Best is trial 0 with value: 0.85.
[I 2026-04-09 19:52:32,919] Trial 11 finished with value: 0.85 and parameters: {'C': 0.011544291794950012, 'penalty': 'l2'}. Best is trial 0 with value: 0.85.
[I 2026-04-09 19:52:32,950] Trial 12 finished with value: 0.8 and parameters: {'C': 82.8768656483412, 'penalty': 'l2'}. Best is trial 0 with value: 0.85.
[I 2026-04-09 19:52:32,980] Trial 13 finished with value: 0.85 and parameters: {'C': 4.865673542589085, 'penalty': 'l2'}. Best is trial 0 with value: 0.85.
[I 2026-04-09 19:52:33,006] Trial 14 finished with value: 0.85 and parameters: {'C': 0.029889896070841086, 'penalty': 'l2'}. Best is trial 0 with value: 0.85.
[I 2026-04-09 19:52:33,042] Trial 15 finished with value: 0.85 and parameters: {'C': 9.224679733476327, 'penalty': 'l2'}. Best is trial 0 with value: 0.85.
[I 2026-04-09 19:52:33,068] Trial 16 finished with value: 0.8 and parameters: {'C': 0.13531262729274382, 'penalty': 'l2'}. Best is trial 0 with value: 0.85.
[I 2026-04-09 19:52:33,099] Trial 17 finished with value: 0.85 and parameters: {'C': 0.009039871959471408, 'penalty': 'l2'}. Best is trial 0 with value: 0.85.
[I 2026-04-09 19:52:33,130] Trial 18 finished with value: 0.75 and parameters: {'C': 2.7002197370561327, 'penalty': 'l2'}. Best is trial 0 with value: 0.85.
[I 2026-04-09 19:52:33,182] Trial 19 finished with value: 0.85 and parameters: {'C': 26.139922781749494, 'penalty': 'l2'}. Best is trial 0 with value: 0.85.
[I 2026-04-09 19:52:33,209] Trial 20 finished with value: 0.8 and parameters: {'C': 0.35610544182754233, 'penalty': 'l2'}. Best is trial 0 with value: 0.85.
[I 2026-04-09 19:52:33,249] Trial 21 finished with value: 0.85 and parameters: {'C': 17.23159388726856, 'penalty': 'l2'}. Best is trial 0 with value: 0.85.
[I 2026-04-09 19:52:33,291] Trial 22 finished with value: 0.8 and parameters: {'C': 36.30677704642794, 'penalty': 'l2'}. Best is trial 0 with value: 0.85.
[I 2026-04-09 19:52:33,322] Trial 23 finished with value: 0.85 and parameters: {'C': 6.159460626909738, 'penalty': 'l2'}. Best is trial 0 with value: 0.85.
[I 2026-04-09 19:52:33,351] Trial 24 finished with value: 0.85 and parameters: {'C': 0.10376479878444198, 'penalty': 'l2'}. Best is trial 0 with value: 0.85.
[I 2026-04-09 19:52:33,381] Trial 25 finished with value: 0.75 and parameters: {'C': 2.1658207225154067, 'penalty': 'l2'}. Best is trial 0 with value: 0.85.
[I 2026-04-09 19:52:33,414] Trial 26 finished with value: 0.85 and parameters: {'C': 9.57565679061974, 'penalty': 'l2'}. Best is trial 0 with value: 0.85.
[I 2026-04-09 19:52:33,453] Trial 27 finished with value: 0.8 and parameters: {'C': 43.41170855949338, 'penalty': 'l2'}. Best is trial 0 with value: 0.85.
[I 2026-04-09 19:52:33,480] Trial 28 finished with value: 0.75 and parameters: {'C': 0.7181796348031952, 'penalty': 'l2'}. Best is trial 0 with value: 0.85.
[I 2026-04-09 19:52:33,507] Trial 29 finished with value: 0.85 and parameters: {'C': 0.03561941853498694, 'penalty': 'l2'}. Best is trial 0 with value: 0.85.
[I 2026-04-09 19:52:34,550] A new study created in memory with name: knn
[I 2026-04-09 19:52:34,594] Trial 0 finished with value: 0.8 and parameters: {'n_neighbors': 10, 'leaf_size': 26, 'p': 1}. Best is trial 0 with value: 0.8.
[I 2026-04-09 19:52:34,609] Trial 1 finished with value: 0.8 and parameters: {'n_neighbors': 3, 'leaf_size': 32, 'p': 1}. Best is trial 0 with value: 0.8.
[I 2026-04-09 19:52:34,623] Trial 2 finished with value: 0.85 and parameters: {'n_neighbors': 5, 'leaf_size': 33, 'p': 2}. Best is trial 2 with value: 0.85.
[I 2026-04-09 19:52:34,647] Trial 3 finished with value: 0.8 and parameters: {'n_neighbors': 7, 'leaf_size': 32, 'p': 2}. Best is trial 2 with value: 0.85.
[I 2026-04-09 19:52:34,695] Trial 4 finished with value: 0.8 and parameters: {'n_neighbors': 9, 'leaf_size': 28, 'p': 1}. Best is trial 2 with value: 0.85.
[I 2026-04-09 19:52:34,710] Trial 5 finished with value: 0.8 and parameters: {'n_neighbors': 3, 'leaf_size': 35, 'p': 1}. Best is trial 2 with value: 0.85.
[I 2026-04-09 19:52:34,744] Trial 6 finished with value: 0.85 and parameters: {'n_neighbors': 8, 'leaf_size': 31, 'p': 2}. Best is trial 2 with value: 0.85.
[I 2026-04-09 19:52:34,759] Trial 7 finished with value: 0.85 and parameters: {'n_neighbors': 6, 'leaf_size': 24, 'p': 2}. Best is trial 2 with value: 0.85.
[I 2026-04-09 19:52:34,784] Trial 8 finished with value: 0.85 and parameters: {'n_neighbors': 5, 'leaf_size': 34, 'p': 2}. Best is trial 2 with value: 0.85.
[I 2026-04-09 19:52:34,818] Trial 9 finished with value: 0.8 and parameters: {'n_neighbors': 10, 'leaf_size': 27, 'p': 2}. Best is trial 2 with value: 0.85.
[I 2026-04-09 19:52:34,848] Trial 10 finished with value: 0.85 and parameters: {'n_neighbors': 5, 'leaf_size': 40, 'p': 2}. Best is trial 2 with value: 0.85.
[I 2026-04-09 19:52:34,887] Trial 11 finished with value: 0.85 and parameters: {'n_neighbors': 8, 'leaf_size': 37, 'p': 2}. Best is trial 2 with value: 0.85.
[I 2026-04-09 19:52:34,926] Trial 12 finished with value: 0.8 and parameters: {'n_neighbors': 7, 'leaf_size': 21, 'p': 2}. Best is trial 2 with value: 0.85.
[I 2026-04-09 19:52:34,976] Trial 13 finished with value: 0.85 and parameters: {'n_neighbors': 5, 'leaf_size': 31, 'p': 2}. Best is trial 2 with value: 0.85.
[I 2026-04-09 19:52:35,051] Trial 14 finished with value: 0.85 and parameters: {'n_neighbors': 8, 'leaf_size': 37, 'p': 2}. Best is trial 2 with value: 0.85.
[I 2026-04-09 19:52:35,076] Trial 15 finished with value: 0.85 and parameters: {'n_neighbors': 4, 'leaf_size': 28, 'p': 2}. Best is trial 2 with value: 0.85.
[I 2026-04-09 19:52:35,109] Trial 16 finished with value: 0.85 and parameters: {'n_neighbors': 6, 'leaf_size': 30, 'p': 2}. Best is trial 2 with value: 0.85.
[I 2026-04-09 19:52:35,131] Trial 17 finished with value: 0.85 and parameters: {'n_neighbors': 8, 'leaf_size': 34, 'p': 2}. Best is trial 2 with value: 0.85.
[I 2026-04-09 19:52:35,156] Trial 18 finished with value: 0.85 and parameters: {'n_neighbors': 4, 'leaf_size': 40, 'p': 1}. Best is trial 2 with value: 0.85.
[I 2026-04-09 19:52:35,177] Trial 19 finished with value: 0.75 and parameters: {'n_neighbors': 9, 'leaf_size': 23, 'p': 2}. Best is trial 2 with value: 0.85.
[I 2026-04-09 19:52:35,197] Trial 20 finished with value: 0.85 and parameters: {'n_neighbors': 6, 'leaf_size': 29, 'p': 2}. Best is trial 2 with value: 0.85.
[I 2026-04-09 19:52:35,227] Trial 21 finished with value: 0.85 and parameters: {'n_neighbors': 6, 'leaf_size': 26, 'p': 2}. Best is trial 2 with value: 0.85.
[I 2026-04-09 19:52:35,247] Trial 22 finished with value: 0.8 and parameters: {'n_neighbors': 7, 'leaf_size': 25, 'p': 2}. Best is trial 2 with value: 0.85.
[I 2026-04-09 19:52:35,270] Trial 23 finished with value: 0.85 and parameters: {'n_neighbors': 4, 'leaf_size': 20, 'p': 2}. Best is trial 2 with value: 0.85.
[I 2026-04-09 19:52:35,293] Trial 24 finished with value: 0.85 and parameters: {'n_neighbors': 5, 'leaf_size': 23, 'p': 2}. Best is trial 2 with value: 0.85.
[I 2026-04-09 19:52:35,314] Trial 25 finished with value: 0.85 and parameters: {'n_neighbors': 6, 'leaf_size': 32, 'p': 2}. Best is trial 2 with value: 0.85.
[I 2026-04-09 19:52:35,357] Trial 26 finished with value: 0.75 and parameters: {'n_neighbors': 7, 'leaf_size': 36, 'p': 1}. Best is trial 2 with value: 0.85.
[I 2026-04-09 19:52:35,403] Trial 27 finished with value: 0.75 and parameters: {'n_neighbors': 9, 'leaf_size': 30, 'p': 2}. Best is trial 2 with value: 0.85.
[I 2026-04-09 19:52:35,461] Trial 28 finished with value: 0.85 and parameters: {'n_neighbors': 8, 'leaf_size': 24, 'p': 2}. Best is trial 2 with value: 0.85.
[I 2026-04-09 19:52:35,509] Trial 29 finished with value: 0.8 and parameters: {'n_neighbors': 10, 'leaf_size': 34, 'p': 1}. Best is trial 2 with value: 0.85.
[I 2026-04-09 19:52:36,724] A new study created in memory with name: xgb
[I 2026-04-09 19:52:36,739] Trial 0 finished with value: 0.9 and parameters: {'n_estimators': 10, 'max_depth': 30, 'gamma': 0.5768356259735394, 'subsample': 0.7094037142783272, 'colsample_bytree': 0.6677039246366646}. Best is trial 0 with value: 0.9.
