[I 2026-04-09 22:19:07,040] Trial 22 finished with value: 0.9 and parameters: {'n_estimators': 125, 'max_depth': 9, 'min_samples_split': 3, 'min_samples_leaf': 10}. Best is trial 0 with value: 0.925.
[I 2026-04-09 22:19:07,365] Trial 23 finished with value: 0.925 and parameters: {'n_estimators': 188, 'max_depth': 10, 'min_samples_split': 3, 'min_samples_leaf': 6}. Best is trial 0 with value: 0.925.
[I 2026-04-09 22:19:07,723] Trial 24 finished with value: 0.9 and parameters: {'n_estimators': 271, 'max_depth': 5, 'min_samples_split': 5, 'min_samples_leaf': 10}. Best is trial 0 with value: 0.925.
[I 2026-04-09 22:19:08,003] Trial 25 finished with value: 0.925 and parameters: {'n_estimators': 212, 'max_depth': 13, 'min_samples_split': 4, 'min_samples_leaf': 1}. Best is trial 0 with value: 0.925.
[I 2026-04-09 22:19:08,211] Trial 26 finished with value: 0.95 and parameters: {'n_estimators': 155, 'max_depth': 4, 'min_samples_split': 3, 'min_samples_leaf': 3}. Best is trial 26 with value: 0.95.
[I 2026-04-09 22:19:08,420] Trial 27 finished with value: 0.925 and parameters: {'n_estimators': 170, 'max_depth': 5, 'min_samples_split': 2, 'min_samples_leaf': 3}. Best is trial 26 with value: 0.95.
[I 2026-04-09 22:19:08,768] Trial 28 finished with value: 0.925 and parameters: {'n_estimators': 279, 'max_depth': 3, 'min_samples_split': 6, 'min_samples_leaf': 2}. Best is trial 26 with value: 0.95.
[I 2026-04-09 22:19:08,948] Trial 29 finished with value: 0.925 and parameters: {'n_estimators': 127, 'max_depth': 4, 'min_samples_split': 4, 'min_samples_leaf': 4}. Best is trial 26 with value: 0.95.
[I 2026-04-09 22:19:11,162] A new study created in memory with name: mlp
[I 2026-04-09 22:19:11,232] Trial 0 finished with value: 0.85 and parameters: {'hidden_layer_sizes': (200,), 'max_iter': 100, 'alpha': 0.001}. Best is trial 0 with value: 0.85.
[I 2026-04-09 22:19:11,308] Trial 1 finished with value: 0.8 and parameters: {'hidden_layer_sizes': (100, 100), 'max_iter': 100, 'alpha': 0.0001}. Best is trial 0 with value: 0.85.
[I 2026-04-09 22:19:11,358] Trial 2 finished with value: 0.825 and parameters: {'hidden_layer_sizes': (100, 100), 'max_iter': 50, 'alpha': 0.0001}. Best is trial 0 with value: 0.85.
[I 2026-04-09 22:19:11,408] Trial 3 finished with value: 0.85 and parameters: {'hidden_layer_sizes': (200,), 'max_iter': 50, 'alpha': 0.0001}. Best is trial 0 with value: 0.85.
[I 2026-04-09 22:19:11,467] Trial 4 finished with value: 0.8 and parameters: {'hidden_layer_sizes': (200,), 'max_iter': 100, 'alpha': 0.001}. Best is trial 0 with value: 0.85.
[I 2026-04-09 22:19:11,531] Trial 5 finished with value: 0.8 and parameters: {'hidden_layer_sizes': (200,), 'max_iter': 100, 'alpha': 0.0001}. Best is trial 0 with value: 0.85.
[I 2026-04-09 22:19:11,601] Trial 6 finished with value: 0.725 and parameters: {'hidden_layer_sizes': (100, 100), 'max_iter': 100, 'alpha': 0.001}. Best is trial 0 with value: 0.85.
[I 2026-04-09 22:19:11,637] Trial 7 finished with value: 0.8 and parameters: {'hidden_layer_sizes': (200,), 'max_iter': 50, 'alpha': 0.001}. Best is trial 0 with value: 0.85.
[I 2026-04-09 22:19:11,686] Trial 8 finished with value: 0.825 and parameters: {'hidden_layer_sizes': (100,), 'max_iter': 100, 'alpha': 0.001}. Best is trial 0 with value: 0.85.
[I 2026-04-09 22:19:11,734] Trial 9 finished with value: 0.75 and parameters: {'hidden_layer_sizes': (200,), 'max_iter': 50, 'alpha': 0.001}. Best is trial 0 with value: 0.85.
[I 2026-04-09 22:19:11,795] Trial 10 finished with value: 0.75 and parameters: {'hidden_layer_sizes': (100,), 'max_iter': 100, 'alpha': 0.001}. Best is trial 0 with value: 0.85.
[I 2026-04-09 22:19:11,833] Trial 11 finished with value: 0.85 and parameters: {'hidden_layer_sizes': (200,), 'max_iter': 50, 'alpha': 0.0001}. Best is trial 0 with value: 0.85.
[I 2026-04-09 22:19:11,868] Trial 12 finished with value: 0.725 and parameters: {'hidden_layer_sizes': (200,), 'max_iter': 50, 'alpha': 0.0001}. Best is trial 0 with value: 0.85.
[I 2026-04-09 22:19:11,916] Trial 13 finished with value: 0.825 and parameters: {'hidden_layer_sizes': (200,), 'max_iter': 50, 'alpha': 0.0001}. Best is trial 0 with value: 0.85.
[I 2026-04-09 22:19:11,964] Trial 14 finished with value: 0.875 and parameters: {'hidden_layer_sizes': (200,), 'max_iter': 100, 'alpha': 0.001}. Best is trial 14 with value: 0.875.
[I 2026-04-09 22:19:12,014] Trial 15 finished with value: 0.85 and parameters: {'hidden_layer_sizes': (100,), 'max_iter': 100, 'alpha': 0.001}. Best is trial 14 with value: 0.875.
[I 2026-04-09 22:19:12,074] Trial 16 finished with value: 0.85 and parameters: {'hidden_layer_sizes': (200,), 'max_iter': 100, 'alpha': 0.001}. Best is trial 14 with value: 0.875.
[I 2026-04-09 22:19:12,125] Trial 17 finished with value: 0.875 and parameters: {'hidden_layer_sizes': (200,), 'max_iter': 100, 'alpha': 0.001}. Best is trial 14 with value: 0.875.
[I 2026-04-09 22:19:12,206] Trial 18 finished with value: 0.875 and parameters: {'hidden_layer_sizes': (100, 100), 'max_iter': 100, 'alpha': 0.001}. Best is trial 14 with value: 0.875.
[I 2026-04-09 22:19:12,263] Trial 19 finished with value: 0.8 and parameters: {'hidden_layer_sizes': (100,), 'max_iter': 100, 'alpha': 0.001}. Best is trial 14 with value: 0.875.
[I 2026-04-09 22:19:12,311] Trial 20 finished with value: 0.85 and parameters: {'hidden_layer_sizes': (200,), 'max_iter': 100, 'alpha': 0.001}. Best is trial 14 with value: 0.875.
[I 2026-04-09 22:19:12,382] Trial 21 finished with value: 0.8 and parameters: {'hidden_layer_sizes': (100, 100), 'max_iter': 100, 'alpha': 0.001}. Best is trial 14 with value: 0.875.
[I 2026-04-09 22:19:12,481] Trial 22 finished with value: 0.8 and parameters: {'hidden_layer_sizes': (100, 100), 'max_iter': 100, 'alpha': 0.001}. Best is trial 14 with value: 0.875.
[I 2026-04-09 22:19:12,563] Trial 23 finished with value: 0.85 and parameters: {'hidden_layer_sizes': (100, 100), 'max_iter': 100, 'alpha': 0.001}. Best is trial 14 with value: 0.875.
[I 2026-04-09 22:19:12,644] Trial 24 finished with value: 0.85 and parameters: {'hidden_layer_sizes': (100, 100), 'max_iter': 100, 'alpha': 0.001}. Best is trial 14 with value: 0.875.
[I 2026-04-09 22:19:12,729] Trial 25 finished with value: 0.8 and parameters: {'hidden_layer_sizes': (100, 100), 'max_iter': 100, 'alpha': 0.001}. Best is trial 14 with value: 0.875.
[I 2026-04-09 22:19:12,789] Trial 26 finished with value: 0.825 and parameters: {'hidden_layer_sizes': (200,), 'max_iter': 100, 'alpha': 0.001}. Best is trial 14 with value: 0.875.
[I 2026-04-09 22:19:12,835] Trial 27 finished with value: 0.85 and parameters: {'hidden_layer_sizes': (200,), 'max_iter': 100, 'alpha': 0.001}. Best is trial 14 with value: 0.875.
[I 2026-04-09 22:19:12,883] Trial 28 finished with value: 0.875 and parameters: {'hidden_layer_sizes': (100,), 'max_iter': 100, 'alpha': 0.001}. Best is trial 14 with value: 0.875.
[I 2026-04-09 22:19:12,977] Trial 29 finished with value: 0.85 and parameters: {'hidden_layer_sizes': (100, 100), 'max_iter': 100, 'alpha': 0.001}. Best is trial 14 with value: 0.875.
[I 2026-04-09 22:19:22,673] A new study created in memory with name: naive_bayes
[I 2026-04-09 22:19:22,696] Trial 0 finished with value: 1.0 and parameters: {'var_smoothing': 1.0489343501429862e-10}. Best is trial 0 with value: 1.0.
[I 2026-04-09 22:19:22,712] Trial 1 finished with value: 1.0 and parameters: {'var_smoothing': 1.0086701860885373e-09}. Best is trial 0 with value: 1.0.
[I 2026-04-09 22:19:22,730] Trial 2 finished with value: 1.0 and parameters: {'var_smoothing': 9.807235097598006e-10}. Best is trial 0 with value: 1.0.
[I 2026-04-09 22:19:22,747] Trial 3 finished with value: 1.0 and parameters: {'var_smoothing': 1.8520770828517824e-10}. Best is trial 0 with value: 1.0.
[I 2026-04-09 22:19:22,762] Trial 4 finished with value: 1.0 and parameters: {'var_smoothing': 1.9240757716714087e-10}. Best is trial 0 with value: 1.0.
[I 2026-04-09 22:19:22,775] Trial 5 finished with value: 1.0 and parameters: {'var_smoothing': 2.736007926537145e-10}. Best is trial 0 with value: 1.0.
[I 2026-04-09 22:19:22,802] Trial 6 finished with value: 1.0 and parameters: {'var_smoothing': 6.87094324185739e-10}. Best is trial 0 with value: 1.0.
[I 2026-04-09 22:19:22,828] Trial 7 finished with value: 1.0 and parameters: {'var_smoothing': 3.134745855231349e-10}. Best is trial 0 with value: 1.0.
[I 2026-04-09 22:19:22,843] Trial 8 finished with value: 1.0 and parameters: {'var_smoothing': 1.4727170077821783e-10}. Best is trial 0 with value: 1.0.
[I 2026-04-09 22:19:22,870] Trial 9 finished with value: 1.0 and parameters: {'var_smoothing': 4.909048017047017e-10}. Best is trial 0 with value: 1.0.
[I 2026-04-09 22:19:22,892] Trial 10 finished with value: 1.0 and parameters: {'var_smoothing': 4.226228455594519e-09}. Best is trial 0 with value: 1.0.
[I 2026-04-09 22:19:22,914] Trial 11 finished with value: 1.0 and parameters: {'var_smoothing': 2.8481546791169343e-09}. Best is trial 0 with value: 1.0.
[I 2026-04-09 22:19:22,934] Trial 12 finished with value: 1.0 and parameters: {'var_smoothing': 1.9032336526904254e-09}. Best is trial 0 with value: 1.0.
[I 2026-04-09 22:19:22,966] Trial 13 finished with value: 1.0 and parameters: {'var_smoothing': 1.6192707465333408e-09}. Best is trial 0 with value: 1.0.
[I 2026-04-09 22:19:22,985] Trial 14 finished with value: 1.0 and parameters: {'var_smoothing': 1.0137193502251743e-10}. Best is trial 0 with value: 1.0.
[I 2026-04-09 22:19:23,006] Trial 15 finished with value: 1.0 and parameters: {'var_smoothing': 7.233291262560306e-09}. Best is trial 0 with value: 1.0.
[I 2026-04-09 22:19:23,028] Trial 16 finished with value: 1.0 and parameters: {'var_smoothing': 5.636880428096003e-10}. Best is trial 0 with value: 1.0.
[I 2026-04-09 22:19:23,046] Trial 17 finished with value: 1.0 and parameters: {'var_smoothing': 1.2682382630515742e-09}. Best is trial 0 with value: 1.0.
[I 2026-04-09 22:19:23,067] Trial 18 finished with value: 1.0 and parameters: {'var_smoothing': 3.934685686653308e-10}. Best is trial 0 with value: 1.0.
[I 2026-04-09 22:19:23,088] Trial 19 finished with value: 1.0 and parameters: {'var_smoothing': 8.419551297505738e-10}. Best is trial 0 with value: 1.0.
[I 2026-04-09 22:19:23,130] Trial 20 finished with value: 1.0 and parameters: {'var_smoothing': 2.608399883647147e-09}. Best is trial 0 with value: 1.0.
[I 2026-04-09 22:19:23,152] Trial 21 finished with value: 1.0 and parameters: {'var_smoothing': 1.1043065925699652e-09}. Best is trial 0 with value: 1.0.
[I 2026-04-09 22:19:23,200] Trial 22 finished with value: 1.0 and parameters: {'var_smoothing': 7.818254747144452e-09}. Best is trial 0 with value: 1.0.
[I 2026-04-09 22:19:23,229] Trial 23 finished with value: 1.0 and parameters: {'var_smoothing': 4.506881416225629e-09}. Best is trial 0 with value: 1.0.
[I 2026-04-09 22:19:23,267] Trial 24 finished with value: 1.0 and parameters: {'var_smoothing': 8.370195589160265e-10}. Best is trial 0 with value: 1.0.
[I 2026-04-09 22:19:23,282] Trial 25 finished with value: 1.0 and parameters: {'var_smoothing': 1.4246564400615985e-09}. Best is trial 0 with value: 1.0.
[I 2026-04-09 22:19:23,297] Trial 26 finished with value: 1.0 and parameters: {'var_smoothing': 1.055993505169999e-10}. Best is trial 0 with value: 1.0.
[I 2026-04-09 22:19:23,322] Trial 27 finished with value: 1.0 and parameters: {'var_smoothing': 2.338070103551991e-09}. Best is trial 0 with value: 1.0.
[I 2026-04-09 22:19:23,337] Trial 28 finished with value: 1.0 and parameters: {'var_smoothing': 2.9749637796955326e-10}. Best is trial 0 with value: 1.0.
[I 2026-04-09 22:19:23,352] Trial 29 finished with value: 1.0 and parameters: {'var_smoothing': 2.1414596138226606e-10}. Best is trial 0 with value: 1.0.
[I 2026-04-09 22:19:24,449] A new study created in memory with name: logreg
[I 2026-04-09 22:19:24,465] Trial 0 finished with value: 0.975 and parameters: {'C': 0.0011268620922535318, 'penalty': 'l2'}. Best is trial 0 with value: 0.975.
[I 2026-04-09 22:19:24,491] Trial 1 finished with value: 0.975 and parameters: {'C': 0.32312678588710475, 'penalty': 'l2'}. Best is trial 0 with value: 0.975.
[I 2026-04-09 22:19:24,519] Trial 2 finished with value: 0.975 and parameters: {'C': 0.3012079745112611, 'penalty': 'l2'}. Best is trial 0 with value: 0.975.
[I 2026-04-09 22:19:24,546] Trial 3 finished with value: 0.975 and parameters: {'C': 0.004668180550042529, 'penalty': 'l2'}. Best is trial 0 with value: 0.975.
[I 2026-04-09 22:19:24,574] Trial 4 finished with value: 0.975 and parameters: {'C': 0.005135177115384908, 'penalty': 'l2'}. Best is trial 0 with value: 0.975.
[I 2026-04-09 22:19:24,611] Trial 5 finished with value: 0.975 and parameters: {'C': 0.01238207351349697, 'penalty': 'l2'}. Best is trial 0 with value: 0.975.
[I 2026-04-09 22:19:24,628] Trial 6 finished with value: 0.975 and parameters: {'C': 0.12374877330306278, 'penalty': 'l2'}. Best is trial 0 with value: 0.975.
[I 2026-04-09 22:19:24,654] Trial 7 finished with value: 0.975 and parameters: {'C': 0.017398261017749217, 'penalty': 'l2'}. Best is trial 0 with value: 0.975.
[I 2026-04-09 22:19:24,680] Trial 8 finished with value: 0.975 and parameters: {'C': 0.002632074973627294, 'penalty': 'l2'}. Best is trial 0 with value: 0.975.
[I 2026-04-09 22:19:24,714] Trial 9 finished with value: 0.975 and parameters: {'C': 0.053394091359671186, 'penalty': 'l2'}. Best is trial 0 with value: 0.975.
[I 2026-04-09 22:19:24,742] Trial 10 finished with value: 0.95 and parameters: {'C': 11.611342204749677, 'penalty': 'l2'}. Best is trial 0 with value: 0.975.
[I 2026-04-09 22:19:24,766] Trial 11 finished with value: 0.95 and parameters: {'C': 4.3292127493856185, 'penalty': 'l2'}. Best is trial 0 with value: 0.975.
[I 2026-04-09 22:19:24,787] Trial 12 finished with value: 0.95 and parameters: {'C': 1.5802662705953956, 'penalty': 'l2'}. Best is trial 0 with value: 0.975.
[I 2026-04-09 22:19:24,815] Trial 13 finished with value: 0.95 and parameters: {'C': 1.055112273963652, 'penalty': 'l2'}. Best is trial 0 with value: 0.975.
[I 2026-04-09 22:19:24,835] Trial 14 finished with value: 0.975 and parameters: {'C': 0.0010346520947120835, 'penalty': 'l2'}. Best is trial 0 with value: 0.975.
[I 2026-04-09 22:19:24,851] Trial 15 finished with value: 0.95 and parameters: {'C': 44.49793762384799, 'penalty': 'l2'}. Best is trial 0 with value: 0.975.
[I 2026-04-09 22:19:24,873] Trial 16 finished with value: 0.975 and parameters: {'C': 0.07543919686422959, 'penalty': 'l2'}. Best is trial 0 with value: 0.975.
[I 2026-04-09 22:19:24,892] Trial 17 finished with value: 0.975 and parameters: {'C': 0.5727988396708396, 'penalty': 'l2'}. Best is trial 0 with value: 0.975.
[I 2026-04-09 22:19:24,910] Trial 18 finished with value: 0.975 and parameters: {'C': 0.030709667456339317, 'penalty': 'l2'}. Best is trial 0 with value: 0.975.
[I 2026-04-09 22:19:24,939] Trial 19 finished with value: 0.975 and parameters: {'C': 0.20569435262940663, 'penalty': 'l2'}. Best is trial 0 with value: 0.975.
[I 2026-04-09 22:19:24,977] Trial 20 finished with value: 0.95 and parameters: {'C': 3.4748449465651854, 'penalty': 'l2'}. Best is trial 0 with value: 0.975.
[I 2026-04-09 22:19:24,998] Trial 21 finished with value: 0.975 and parameters: {'C': 0.40525106247507264, 'penalty': 'l2'}. Best is trial 0 with value: 0.975.
[I 2026-04-09 22:19:25,019] Trial 22 finished with value: 0.95 and parameters: {'C': 54.04736719428917, 'penalty': 'l2'}. Best is trial 0 with value: 0.975.
[I 2026-04-09 22:19:25,048] Trial 23 finished with value: 0.95 and parameters: {'C': 13.636104725962543, 'penalty': 'l2'}. Best is trial 0 with value: 0.975.
[I 2026-04-09 22:19:25,066] Trial 24 finished with value: 0.975 and parameters: {'C': 0.2026931238868972, 'penalty': 'l2'}. Best is trial 0 with value: 0.975.
[I 2026-04-09 22:19:25,092] Trial 25 finished with value: 0.975 and parameters: {'C': 0.7660821867425266, 'penalty': 'l2'}. Best is trial 0 with value: 0.975.
[I 2026-04-09 22:19:25,114] Trial 26 finished with value: 0.975 and parameters: {'C': 0.001145916882319131, 'penalty': 'l2'}. Best is trial 0 with value: 0.975.
[I 2026-04-09 22:19:25,148] Trial 27 finished with value: 0.95 and parameters: {'C': 2.643283967037698, 'penalty': 'l2'}. Best is trial 0 with value: 0.975.
[I 2026-04-09 22:19:25,169] Trial 28 finished with value: 0.975 and parameters: {'C': 0.015265260024563953, 'penalty': 'l2'}. Best is trial 0 with value: 0.975.
[I 2026-04-09 22:19:25,189] Trial 29 finished with value: 0.975 and parameters: {'C': 0.006710806568251291, 'penalty': 'l2'}. Best is trial 0 with value: 0.975.
[I 2026-04-09 22:19:26,180] A new study created in memory with name: knn
[I 2026-04-09 22:19:26,206] Trial 0 finished with value: 0.95 and parameters: {'n_neighbors': 3, 'leaf_size': 30, 'p': 1}. Best is trial 0 with value: 0.95.
[I 2026-04-09 22:19:26,221] Trial 1 finished with value: 0.95 and parameters: {'n_neighbors': 4, 'leaf_size': 24, 'p': 1}. Best is trial 0 with value: 0.95.
[I 2026-04-09 22:19:26,245] Trial 2 finished with value: 0.975 and parameters: {'n_neighbors': 3, 'leaf_size': 27, 'p': 2}. Best is trial 2 with value: 0.975.
[I 2026-04-09 22:19:26,270] Trial 3 finished with value: 0.975 and parameters: {'n_neighbors': 10, 'leaf_size': 20, 'p': 1}. Best is trial 2 with value: 0.975.
[I 2026-04-09 22:19:26,296] Trial 4 finished with value: 0.975 and parameters: {'n_neighbors': 10, 'leaf_size': 34, 'p': 2}. Best is trial 2 with value: 0.975.
[I 2026-04-09 22:19:26,312] Trial 5 finished with value: 0.975 and parameters: {'n_neighbors': 6, 'leaf_size': 34, 'p': 1}. Best is trial 2 with value: 0.975.
[I 2026-04-09 22:19:26,325] Trial 6 finished with value: 0.975 and parameters: {'n_neighbors': 10, 'leaf_size': 36, 'p': 1}. Best is trial 2 with value: 0.975.
[I 2026-04-09 22:19:26,339] Trial 7 finished with value: 0.975 and parameters: {'n_neighbors': 7, 'leaf_size': 39, 'p': 2}. Best is trial 2 with value: 0.975.
[I 2026-04-09 22:19:26,354] Trial 8 finished with value: 0.975 and parameters: {'n_neighbors': 10, 'leaf_size': 23, 'p': 2}. Best is trial 2 with value: 0.975.
[I 2026-04-09 22:19:26,369] Trial 9 finished with value: 0.975 and parameters: {'n_neighbors': 10, 'leaf_size': 35, 'p': 2}. Best is trial 2 with value: 0.975.
[I 2026-04-09 22:19:26,404] Trial 10 finished with value: 0.975 and parameters: {'n_neighbors': 5, 'leaf_size': 28, 'p': 2}. Best is trial 2 with value: 0.975.
[I 2026-04-09 22:19:26,440] Trial 11 finished with value: 0.975 and parameters: {'n_neighbors': 8, 'leaf_size': 20, 'p': 1}. Best is trial 2 with value: 0.975.
[I 2026-04-09 22:19:26,480] Trial 12 finished with value: 0.975 and parameters: {'n_neighbors': 8, 'leaf_size': 26, 'p': 1}. Best is trial 2 with value: 0.975.
[I 2026-04-09 22:19:26,504] Trial 13 finished with value: 0.975 and parameters: {'n_neighbors': 4, 'leaf_size': 20, 'p': 2}. Best is trial 2 with value: 0.975.
[I 2026-04-09 22:19:26,551] Trial 14 finished with value: 0.975 and parameters: {'n_neighbors': 8, 'leaf_size': 23, 'p': 1}. Best is trial 2 with value: 0.975.
[I 2026-04-09 22:19:26,585] Trial 15 finished with value: 0.975 and parameters: {'n_neighbors': 3, 'leaf_size': 31, 'p': 2}. Best is trial 2 with value: 0.975.
[I 2026-04-09 22:19:26,605] Trial 16 finished with value: 0.975 and parameters: {'n_neighbors': 6, 'leaf_size': 26, 'p': 2}. Best is trial 2 with value: 0.975.
[I 2026-04-09 22:19:26,635] Trial 17 finished with value: 0.975 and parameters: {'n_neighbors': 9, 'leaf_size': 28, 'p': 1}. Best is trial 2 with value: 0.975.
[I 2026-04-09 22:19:26,654] Trial 18 finished with value: 0.95 and parameters: {'n_neighbors': 5, 'leaf_size': 22, 'p': 1}. Best is trial 2 with value: 0.975.
[I 2026-04-09 22:19:26,674] Trial 19 finished with value: 0.975 and parameters: {'n_neighbors': 7, 'leaf_size': 32, 'p': 2}. Best is trial 2 with value: 0.975.
[I 2026-04-09 22:19:26,704] Trial 20 finished with value: 0.975 and parameters: {'n_neighbors': 9, 'leaf_size': 26, 'p': 2}. Best is trial 2 with value: 0.975.
[I 2026-04-09 22:19:26,731] Trial 21 finished with value: 0.975 and parameters: {'n_neighbors': 9, 'leaf_size': 38, 'p': 2}. Best is trial 2 with value: 0.975.
[I 2026-04-09 22:19:26,755] Trial 22 finished with value: 0.975 and parameters: {'n_neighbors': 9, 'leaf_size': 37, 'p': 2}. Best is trial 2 with value: 0.975.
[I 2026-04-09 22:19:26,778] Trial 23 finished with value: 0.975 and parameters: {'n_neighbors': 10, 'leaf_size': 34, 'p': 2}. Best is trial 2 with value: 0.975.
[I 2026-04-09 22:19:26,799] Trial 24 finished with value: 0.975 and parameters: {'n_neighbors': 5, 'leaf_size': 32, 'p': 2}. Best is trial 2 with value: 0.975.
[I 2026-04-09 22:19:26,819] Trial 25 finished with value: 0.975 and parameters: {'n_neighbors': 8, 'leaf_size': 29, 'p': 2}. Best is trial 2 with value: 0.975.
[I 2026-04-09 22:19:26,839] Trial 26 finished with value: 0.95 and parameters: {'n_neighbors': 4, 'leaf_size': 33, 'p': 1}. Best is trial 2 with value: 0.975.
[I 2026-04-09 22:19:26,864] Trial 27 finished with value: 0.975 and parameters: {'n_neighbors': 7, 'leaf_size': 40, 'p': 2}. Best is trial 2 with value: 0.975.
[I 2026-04-09 22:19:26,888] Trial 28 finished with value: 0.975 and parameters: {'n_neighbors': 9, 'leaf_size': 25, 'p': 1}. Best is trial 2 with value: 0.975.
[I 2026-04-09 22:19:26,913] Trial 29 finished with value: 0.95 and parameters: {'n_neighbors': 3, 'leaf_size': 30, 'p': 1}. Best is trial 2 with value: 0.975.
[I 2026-04-09 22:19:28,330] A new study created in memory with name: xgb
[I 2026-04-09 22:19:28,356] Trial 0 finished with value: 1.0 and parameters: {'n_estimators': 40, 'max_depth': 30, 'gamma': 0.47665736245940726, 'subsample': 0.6240505842067796, 'colsample_bytree': 0.542029825582675}. Best is trial 0 with value: 1.0.
