[I 2026-04-07 00:46:33,679] Trial 23 finished with value: 0.7 and parameters: {'hidden_layer_sizes': (100,), 'max_iter': 100, 'alpha': 0.001}. Best is trial 0 with value: 0.75.
[I 2026-04-07 00:46:33,723] Trial 24 finished with value: 0.75 and parameters: {'hidden_layer_sizes': (100,), 'max_iter': 100, 'alpha': 0.001}. Best is trial 0 with value: 0.75.
[I 2026-04-07 00:46:33,767] Trial 25 finished with value: 0.65 and parameters: {'hidden_layer_sizes': (100,), 'max_iter': 100, 'alpha': 0.001}. Best is trial 0 with value: 0.75.
[I 2026-04-07 00:46:33,802] Trial 26 finished with value: 0.7 and parameters: {'hidden_layer_sizes': (100,), 'max_iter': 50, 'alpha': 0.0001}. Best is trial 0 with value: 0.75.
[I 2026-04-07 00:46:33,857] Trial 27 finished with value: 0.65 and parameters: {'hidden_layer_sizes': (100,), 'max_iter': 100, 'alpha': 0.001}. Best is trial 0 with value: 0.75.
[I 2026-04-07 00:46:33,902] Trial 28 finished with value: 0.7 and parameters: {'hidden_layer_sizes': (100, 100), 'max_iter': 50, 'alpha': 0.001}. Best is trial 0 with value: 0.75.
[I 2026-04-07 00:46:33,950] Trial 29 finished with value: 0.65 and parameters: {'hidden_layer_sizes': (200,), 'max_iter': 100, 'alpha': 0.0001}. Best is trial 0 with value: 0.75.
[I 2026-04-07 01:01:54,999] A new study created in memory with name: naive_bayes
Parámetros guardados en checkpoint_paysim_Doriginal_I_sin_full/random/IPC_10/best_models_random_seed_5_space_original/naive_bayes_best_params.json


>>> Optuna tuning logreg metodo random IPC 10 seed 5


Parámetros guardados en checkpoint_paysim_Doriginal_I_sin_full/random/IPC_10/best_models_random_seed_5_space_original/logreg_best_params.json


>>> Optuna tuning knn metodo random IPC 10 seed 5


Parámetros guardados en checkpoint_paysim_Doriginal_I_sin_full/random/IPC_10/best_models_random_seed_5_space_original/knn_best_params.json


>>> Optuna tuning xgb metodo random IPC 10 seed 5


Parámetros guardados en checkpoint_paysim_Doriginal_I_sin_full/random/IPC_10/best_models_random_seed_5_space_original/xgb_best_params.json


>>> Optuna tuning rf metodo random IPC 10 seed 5


Parámetros guardados en checkpoint_paysim_Doriginal_I_sin_full/random/IPC_10/best_models_random_seed_5_space_original/rf_best_params.json


>>> Optuna tuning mlp metodo random IPC 10 seed 5


Parámetros guardados en checkpoint_paysim_Doriginal_I_sin_full/random/IPC_10/best_models_random_seed_5_space_original/mlp_best_params.json


>>> Optuna tuning naive_bayes metodo k-means IPC 10 seed 5


Parámetros guardados en checkpoint_paysim_Doriginal_I_sin_full/k-means/IPC_10/best_models_k-means_seed_5_space_original/naive_bayes_best_params.json


>>> Optuna tuning logreg metodo k-means IPC 10 seed 5


Parámetros guardados en checkpoint_paysim_Doriginal_I_sin_full/k-means/IPC_10/best_models_k-means_seed_5_space_original/logreg_best_params.json


>>> Optuna tuning knn metodo k-means IPC 10 seed 5


Parámetros guardados en checkpoint_paysim_Doriginal_I_sin_full/k-means/IPC_10/best_models_k-means_seed_5_space_original/knn_best_params.json


>>> Optuna tuning xgb metodo k-means IPC 10 seed 5


Parámetros guardados en checkpoint_paysim_Doriginal_I_sin_full/k-means/IPC_10/best_models_k-means_seed_5_space_original/xgb_best_params.json


>>> Optuna tuning rf metodo k-means IPC 10 seed 5


Parámetros guardados en checkpoint_paysim_Doriginal_I_sin_full/k-means/IPC_10/best_models_k-means_seed_5_space_original/rf_best_params.json


>>> Optuna tuning mlp metodo k-means IPC 10 seed 5


Parámetros guardados en checkpoint_paysim_Doriginal_I_sin_full/k-means/IPC_10/best_models_k-means_seed_5_space_original/mlp_best_params.json


>>> Optuna tuning naive_bayes metodo ag IPC 10 seed 5


[I 2026-04-07 01:01:57,542] Trial 0 finished with value: 0.75 and parameters: {'var_smoothing': 2.7796258518939306e-10}. Best is trial 0 with value: 0.75.
[I 2026-04-07 01:01:59,990] Trial 1 finished with value: 0.75 and parameters: {'var_smoothing': 5.513972710118387e-09}. Best is trial 0 with value: 0.75.
[I 2026-04-07 01:02:02,326] Trial 2 finished with value: 0.75 and parameters: {'var_smoothing': 2.590826381512706e-10}. Best is trial 0 with value: 0.75.
[I 2026-04-07 01:02:04,710] Trial 3 finished with value: 0.75 and parameters: {'var_smoothing': 6.874194498027403e-09}. Best is trial 0 with value: 0.75.
[I 2026-04-07 01:02:06,972] Trial 4 finished with value: 0.75 and parameters: {'var_smoothing': 9.480306482679771e-10}. Best is trial 0 with value: 0.75.
[I 2026-04-07 01:02:09,269] Trial 5 finished with value: 0.75 and parameters: {'var_smoothing': 1.6729683536668864e-09}. Best is trial 0 with value: 0.75.
[I 2026-04-07 01:02:11,593] Trial 6 finished with value: 0.75 and parameters: {'var_smoothing': 3.402637726935598e-09}. Best is trial 0 with value: 0.75.
[I 2026-04-07 01:02:13,888] Trial 7 finished with value: 0.75 and parameters: {'var_smoothing': 1.0885189040847657e-09}. Best is trial 0 with value: 0.75.
[I 2026-04-07 01:02:16,163] Trial 8 finished with value: 0.75 and parameters: {'var_smoothing': 3.922843686541149e-10}. Best is trial 0 with value: 0.75.
[I 2026-04-07 01:02:18,437] Trial 9 finished with value: 0.75 and parameters: {'var_smoothing': 2.3737908819373785e-10}. Best is trial 0 with value: 0.75.
[I 2026-04-07 01:02:20,778] Trial 10 finished with value: 0.75 and parameters: {'var_smoothing': 1.005826617097841e-10}. Best is trial 0 with value: 0.75.
[I 2026-04-07 01:02:23,138] Trial 11 finished with value: 0.75 and parameters: {'var_smoothing': 8.246040091550826e-09}. Best is trial 0 with value: 0.75.
[I 2026-04-07 01:02:25,446] Trial 12 finished with value: 0.75 and parameters: {'var_smoothing': 5.714429769091136e-10}. Best is trial 0 with value: 0.75.
[I 2026-04-07 01:02:25,467] Trial 13 finished with value: 0.75 and parameters: {'var_smoothing': 3.0046394488828834e-09}. Best is trial 0 with value: 0.75.
[I 2026-04-07 01:02:25,494] Trial 14 finished with value: 0.75 and parameters: {'var_smoothing': 1.0161521526134228e-10}. Best is trial 0 with value: 0.75.
[I 2026-04-07 01:02:25,523] Trial 15 finished with value: 0.75 and parameters: {'var_smoothing': 3.455011319435438e-09}. Best is trial 0 with value: 0.75.
[I 2026-04-07 01:02:25,541] Trial 16 finished with value: 0.75 and parameters: {'var_smoothing': 2.2038800241203009e-10}. Best is trial 0 with value: 0.75.
[I 2026-04-07 01:02:25,561] Trial 17 finished with value: 0.75 and parameters: {'var_smoothing': 1.8515987176145925e-09}. Best is trial 0 with value: 0.75.
[I 2026-04-07 01:02:25,581] Trial 18 finished with value: 0.75 and parameters: {'var_smoothing': 5.024285700153026e-10}. Best is trial 0 with value: 0.75.
[I 2026-04-07 01:02:25,607] Trial 19 finished with value: 0.75 and parameters: {'var_smoothing': 4.958025424412893e-09}. Best is trial 0 with value: 0.75.
[I 2026-04-07 01:02:25,627] Trial 20 finished with value: 0.75 and parameters: {'var_smoothing': 8.344000526157384e-10}. Best is trial 0 with value: 0.75.
[I 2026-04-07 01:02:25,644] Trial 21 finished with value: 0.75 and parameters: {'var_smoothing': 2.46080689865309e-10}. Best is trial 0 with value: 0.75.
[I 2026-04-07 01:02:25,669] Trial 22 finished with value: 0.75 and parameters: {'var_smoothing': 1.4445108350594728e-10}. Best is trial 0 with value: 0.75.
[I 2026-04-07 01:02:25,689] Trial 23 finished with value: 0.75 and parameters: {'var_smoothing': 3.3715577896606737e-10}. Best is trial 0 with value: 0.75.
[I 2026-04-07 01:02:25,709] Trial 24 finished with value: 0.75 and parameters: {'var_smoothing': 1.572466431855027e-10}. Best is trial 0 with value: 0.75.
[I 2026-04-07 01:02:25,728] Trial 25 finished with value: 0.75 and parameters: {'var_smoothing': 7.281746293576245e-10}. Best is trial 0 with value: 0.75.
[I 2026-04-07 01:02:25,745] Trial 26 finished with value: 0.75 and parameters: {'var_smoothing': 3.386254640873244e-10}. Best is trial 0 with value: 0.75.
[I 2026-04-07 01:02:25,773] Trial 27 finished with value: 0.75 and parameters: {'var_smoothing': 1.3918180959975328e-09}. Best is trial 0 with value: 0.75.
[I 2026-04-07 01:02:25,791] Trial 28 finished with value: 0.75 and parameters: {'var_smoothing': 2.3715836084533434e-09}. Best is trial 0 with value: 0.75.
[I 2026-04-07 01:02:25,811] Trial 29 finished with value: 0.75 and parameters: {'var_smoothing': 9.477075781575649e-09}. Best is trial 0 with value: 0.75.
[I 2026-04-07 01:02:27,003] A new study created in memory with name: logreg
[I 2026-04-07 01:02:27,056] Trial 0 finished with value: 0.45 and parameters: {'C': 0.012881482725481003, 'penalty': 'l2'}. Best is trial 0 with value: 0.45.
[I 2026-04-07 01:02:27,121] Trial 1 finished with value: 0.7 and parameters: {'C': 22.576755560681583, 'penalty': 'l2'}. Best is trial 1 with value: 0.7.
[I 2026-04-07 01:02:27,176] Trial 2 finished with value: 0.45 and parameters: {'C': 0.010804278656839932, 'penalty': 'l2'}. Best is trial 1 with value: 0.7.
[I 2026-04-07 01:02:27,252] Trial 3 finished with value: 0.7 and parameters: {'C': 39.17910760336117, 'penalty': 'l2'}. Best is trial 1 with value: 0.7.
[I 2026-04-07 01:02:27,308] Trial 4 finished with value: 0.55 and parameters: {'C': 0.2767298094062571, 'penalty': 'l2'}. Best is trial 1 with value: 0.7.
[I 2026-04-07 01:02:27,363] Trial 5 finished with value: 0.65 and parameters: {'C': 1.1447728330837224, 'penalty': 'l2'}. Best is trial 1 with value: 0.7.
[I 2026-04-07 01:02:27,419] Trial 6 finished with value: 0.65 and parameters: {'C': 6.753661388238877, 'penalty': 'l2'}. Best is trial 1 with value: 0.7.
[I 2026-04-07 01:02:27,478] Trial 7 finished with value: 0.55 and parameters: {'C': 0.39092184460352974, 'penalty': 'l2'}. Best is trial 1 with value: 0.7.
[I 2026-04-07 01:02:27,522] Trial 8 finished with value: 0.4 and parameters: {'C': 0.03047912590082646, 'penalty': 'l2'}. Best is trial 1 with value: 0.7.
[I 2026-04-07 01:02:27,578] Trial 9 finished with value: 0.45 and parameters: {'C': 0.008681727362499118, 'penalty': 'l2'}. Best is trial 1 with value: 0.7.
[I 2026-04-07 01:02:27,638] Trial 10 finished with value: 0.65 and parameters: {'C': 90.29867735508974, 'penalty': 'l2'}. Best is trial 1 with value: 0.7.
[I 2026-04-07 01:02:27,698] Trial 11 finished with value: 0.7 and parameters: {'C': 65.31936101889447, 'penalty': 'l2'}. Best is trial 1 with value: 0.7.
[I 2026-04-07 01:02:27,738] Trial 12 finished with value: 0.65 and parameters: {'C': 10.276946066829701, 'penalty': 'l2'}. Best is trial 1 with value: 0.7.
[I 2026-04-07 01:02:27,778] Trial 13 finished with value: 0.65 and parameters: {'C': 11.979406337571666, 'penalty': 'l2'}. Best is trial 1 with value: 0.7.
[I 2026-04-07 01:02:27,804] Trial 14 finished with value: 0.7 and parameters: {'C': 3.103885131392604, 'penalty': 'l2'}. Best is trial 1 with value: 0.7.
[I 2026-04-07 01:02:27,840] Trial 15 finished with value: 0.7 and parameters: {'C': 27.368605040072197, 'penalty': 'l2'}. Best is trial 1 with value: 0.7.
[I 2026-04-07 01:02:27,866] Trial 16 finished with value: 0.55 and parameters: {'C': 0.13344077328067044, 'penalty': 'l2'}. Best is trial 1 with value: 0.7.
[I 2026-04-07 01:02:27,890] Trial 17 finished with value: 0.4 and parameters: {'C': 0.0021318879744765045, 'penalty': 'l2'}. Best is trial 1 with value: 0.7.
[I 2026-04-07 01:02:27,930] Trial 18 finished with value: 0.65 and parameters: {'C': 1.8056426094216929, 'penalty': 'l2'}. Best is trial 1 with value: 0.7.
[I 2026-04-07 01:02:27,955] Trial 19 finished with value: 0.7 and parameters: {'C': 30.717532996538623, 'penalty': 'l2'}. Best is trial 1 with value: 0.7.
[I 2026-04-07 01:02:27,990] Trial 20 finished with value: 0.7 and parameters: {'C': 26.828467218463196, 'penalty': 'l2'}. Best is trial 1 with value: 0.7.
[I 2026-04-07 01:02:28,031] Trial 21 finished with value: 0.7 and parameters: {'C': 67.77201940492935, 'penalty': 'l2'}. Best is trial 1 with value: 0.7.
[I 2026-04-07 01:02:28,072] Trial 22 finished with value: 0.65 and parameters: {'C': 75.26172959249878, 'penalty': 'l2'}. Best is trial 1 with value: 0.7.
[I 2026-04-07 01:02:28,098] Trial 23 finished with value: 0.7 and parameters: {'C': 4.666378619443708, 'penalty': 'l2'}. Best is trial 1 with value: 0.7.
[I 2026-04-07 01:02:28,137] Trial 24 finished with value: 0.7 and parameters: {'C': 19.07757092251054, 'penalty': 'l2'}. Best is trial 1 with value: 0.7.
[I 2026-04-07 01:02:28,166] Trial 25 finished with value: 0.65 and parameters: {'C': 0.6913574043968617, 'penalty': 'l2'}. Best is trial 1 with value: 0.7.
[I 2026-04-07 01:02:28,217] Trial 26 finished with value: 0.7 and parameters: {'C': 56.7308368250939, 'penalty': 'l2'}. Best is trial 1 with value: 0.7.
[I 2026-04-07 01:02:28,248] Trial 27 finished with value: 0.7 and parameters: {'C': 2.974485306847972, 'penalty': 'l2'}. Best is trial 1 with value: 0.7.
[I 2026-04-07 01:02:28,286] Trial 28 finished with value: 0.65 and parameters: {'C': 13.01325914575239, 'penalty': 'l2'}. Best is trial 1 with value: 0.7.
[I 2026-04-07 01:02:28,337] Trial 29 finished with value: 0.7 and parameters: {'C': 31.584772796679857, 'penalty': 'l2'}. Best is trial 1 with value: 0.7.
[I 2026-04-07 01:02:29,321] A new study created in memory with name: knn
[I 2026-04-07 01:02:29,365] Trial 0 finished with value: 0.65 and parameters: {'n_neighbors': 4, 'leaf_size': 38, 'p': 2}. Best is trial 0 with value: 0.65.
[I 2026-04-07 01:02:29,400] Trial 1 finished with value: 0.45 and parameters: {'n_neighbors': 6, 'leaf_size': 32, 'p': 1}. Best is trial 0 with value: 0.65.
[I 2026-04-07 01:02:29,445] Trial 2 finished with value: 0.6 and parameters: {'n_neighbors': 5, 'leaf_size': 23, 'p': 2}. Best is trial 0 with value: 0.65.
[I 2026-04-07 01:02:29,481] Trial 3 finished with value: 0.45 and parameters: {'n_neighbors': 6, 'leaf_size': 23, 'p': 1}. Best is trial 0 with value: 0.65.
[I 2026-04-07 01:02:29,526] Trial 4 finished with value: 0.45 and parameters: {'n_neighbors': 6, 'leaf_size': 26, 'p': 1}. Best is trial 0 with value: 0.65.
[I 2026-04-07 01:02:29,571] Trial 5 finished with value: 0.6 and parameters: {'n_neighbors': 7, 'leaf_size': 25, 'p': 1}. Best is trial 0 with value: 0.65.
[I 2026-04-07 01:02:29,617] Trial 6 finished with value: 0.6 and parameters: {'n_neighbors': 5, 'leaf_size': 23, 'p': 2}. Best is trial 0 with value: 0.65.
[I 2026-04-07 01:02:29,672] Trial 7 finished with value: 0.55 and parameters: {'n_neighbors': 10, 'leaf_size': 23, 'p': 2}. Best is trial 0 with value: 0.65.
[I 2026-04-07 01:02:29,757] Trial 8 finished with value: 0.55 and parameters: {'n_neighbors': 8, 'leaf_size': 36, 'p': 2}. Best is trial 0 with value: 0.65.
[I 2026-04-07 01:02:29,802] Trial 9 finished with value: 0.6 and parameters: {'n_neighbors': 3, 'leaf_size': 30, 'p': 2}. Best is trial 0 with value: 0.65.
[I 2026-04-07 01:02:29,867] Trial 10 finished with value: 0.6 and parameters: {'n_neighbors': 3, 'leaf_size': 40, 'p': 2}. Best is trial 0 with value: 0.65.
[I 2026-04-07 01:02:29,912] Trial 11 finished with value: 0.65 and parameters: {'n_neighbors': 4, 'leaf_size': 20, 'p': 2}. Best is trial 0 with value: 0.65.
[I 2026-04-07 01:02:29,942] Trial 12 finished with value: 0.65 and parameters: {'n_neighbors': 4, 'leaf_size': 35, 'p': 2}. Best is trial 0 with value: 0.65.
[I 2026-04-07 01:02:29,962] Trial 13 finished with value: 0.65 and parameters: {'n_neighbors': 4, 'leaf_size': 20, 'p': 2}. Best is trial 0 with value: 0.65.
[I 2026-04-07 01:02:29,991] Trial 14 finished with value: 0.65 and parameters: {'n_neighbors': 4, 'leaf_size': 39, 'p': 2}. Best is trial 0 with value: 0.65.
[I 2026-04-07 01:02:30,040] Trial 15 finished with value: 0.55 and parameters: {'n_neighbors': 8, 'leaf_size': 29, 'p': 2}. Best is trial 0 with value: 0.65.
[I 2026-04-07 01:02:30,060] Trial 16 finished with value: 0.6 and parameters: {'n_neighbors': 3, 'leaf_size': 35, 'p': 2}. Best is trial 0 with value: 0.65.
[I 2026-04-07 01:02:30,079] Trial 17 finished with value: 0.6 and parameters: {'n_neighbors': 5, 'leaf_size': 32, 'p': 2}. Best is trial 0 with value: 0.65.
[I 2026-04-07 01:02:30,128] Trial 18 finished with value: 0.5 and parameters: {'n_neighbors': 10, 'leaf_size': 37, 'p': 1}. Best is trial 0 with value: 0.65.
[I 2026-04-07 01:02:30,148] Trial 19 finished with value: 0.65 and parameters: {'n_neighbors': 4, 'leaf_size': 20, 'p': 2}. Best is trial 0 with value: 0.65.
[I 2026-04-07 01:02:30,167] Trial 20 finished with value: 0.5 and parameters: {'n_neighbors': 7, 'leaf_size': 27, 'p': 2}. Best is trial 0 with value: 0.65.
[I 2026-04-07 01:02:30,198] Trial 21 finished with value: 0.65 and parameters: {'n_neighbors': 4, 'leaf_size': 34, 'p': 2}. Best is trial 0 with value: 0.65.
[I 2026-04-07 01:02:30,222] Trial 22 finished with value: 0.6 and parameters: {'n_neighbors': 5, 'leaf_size': 38, 'p': 2}. Best is trial 0 with value: 0.65.
[I 2026-04-07 01:02:30,248] Trial 23 finished with value: 0.6 and parameters: {'n_neighbors': 3, 'leaf_size': 34, 'p': 2}. Best is trial 0 with value: 0.65.
[I 2026-04-07 01:02:30,274] Trial 24 finished with value: 0.65 and parameters: {'n_neighbors': 4, 'leaf_size': 32, 'p': 2}. Best is trial 0 with value: 0.65.
[I 2026-04-07 01:02:30,298] Trial 25 finished with value: 0.6 and parameters: {'n_neighbors': 5, 'leaf_size': 37, 'p': 2}. Best is trial 0 with value: 0.65.
[I 2026-04-07 01:02:30,324] Trial 26 finished with value: 0.65 and parameters: {'n_neighbors': 4, 'leaf_size': 40, 'p': 1}. Best is trial 0 with value: 0.65.
[I 2026-04-07 01:02:30,358] Trial 27 finished with value: 0.6 and parameters: {'n_neighbors': 3, 'leaf_size': 33, 'p': 2}. Best is trial 0 with value: 0.65.
[I 2026-04-07 01:02:30,404] Trial 28 finished with value: 0.4 and parameters: {'n_neighbors': 9, 'leaf_size': 29, 'p': 2}. Best is trial 0 with value: 0.65.
[I 2026-04-07 01:02:30,431] Trial 29 finished with value: 0.45 and parameters: {'n_neighbors': 6, 'leaf_size': 36, 'p': 1}. Best is trial 0 with value: 0.65.
[I 2026-04-07 01:02:31,669] A new study created in memory with name: xgb
[I 2026-04-07 01:02:31,724] Trial 0 finished with value: 0.85 and parameters: {'n_estimators': 40, 'max_depth': 5, 'gamma': 0.789317070832284, 'subsample': 0.7592089939364717, 'colsample_bytree': 0.648400250788111}. Best is trial 0 with value: 0.85.
[I 2026-04-07 01:02:31,772] Trial 1 finished with value: 0.8 and parameters: {'n_estimators': 100, 'max_depth': 30, 'gamma': 0.34667781579300216, 'subsample': 0.7071175095405257, 'colsample_bytree': 0.6480399663668239}. Best is trial 0 with value: 0.85.
[I 2026-04-07 01:02:31,830] Trial 2 finished with value: 0.55 and parameters: {'n_estimators': 10, 'max_depth': 20, 'gamma': 0.3948075529198607, 'subsample': 0.5720821503267102, 'colsample_bytree': 0.5828064306006338}. Best is trial 0 with value: 0.85.
[I 2026-04-07 01:02:31,878] Trial 3 finished with value: 0.55 and parameters: {'n_estimators': 10, 'max_depth': 30, 'gamma': 0.8015631269999768, 'subsample': 0.5114665462195407, 'colsample_bytree': 0.788831429064878}. Best is trial 0 with value: 0.85.
[I 2026-04-07 01:02:31,936] Trial 4 finished with value: 0.85 and parameters: {'n_estimators': 100, 'max_depth': 5, 'gamma': 0.8834347783013348, 'subsample': 0.961374806972835, 'colsample_bytree': 0.5011071062662218}. Best is trial 0 with value: 0.85.
[I 2026-04-07 01:02:31,983] Trial 5 finished with value: 0.85 and parameters: {'n_estimators': 40, 'max_depth': 5, 'gamma': 0.5364379674896123, 'subsample': 0.5145557818363589, 'colsample_bytree': 0.5432628442011025}. Best is trial 0 with value: 0.85.
[I 2026-04-07 01:02:32,031] Trial 6 finished with value: 0.7 and parameters: {'n_estimators': 100, 'max_depth': 20, 'gamma': 0.6718205850237038, 'subsample': 0.9059511955902053, 'colsample_bytree': 0.9633413076219371}. Best is trial 0 with value: 0.85.
[I 2026-04-07 01:02:32,079] Trial 7 finished with value: 0.5 and parameters: {'n_estimators': 10, 'max_depth': 30, 'gamma': 0.8165284487704038, 'subsample': 0.5255714015506736, 'colsample_bytree': 0.594333867896554}. Best is trial 0 with value: 0.85.
[I 2026-04-07 01:02:32,136] Trial 8 finished with value: 0.7 and parameters: {'n_estimators': 100, 'max_depth': 20, 'gamma': 0.6251497693480509, 'subsample': 0.9696496759824258, 'colsample_bytree': 0.9717700410079397}. Best is trial 0 with value: 0.85.
[I 2026-04-07 01:02:32,194] Trial 9 finished with value: 0.75 and parameters: {'n_estimators': 40, 'max_depth': 30, 'gamma': 0.9649927737686168, 'subsample': 0.6857563076640036, 'colsample_bytree': 0.5061847058001788}. Best is trial 0 with value: 0.85.
[I 2026-04-07 01:02:32,253] Trial 10 finished with value: 0.9 and parameters: {'n_estimators': 40, 'max_depth': 5, 'gamma': 0.17962098877423716, 'subsample': 0.8225184540606401, 'colsample_bytree': 0.7743115296703093}. Best is trial 10 with value: 0.9.
[I 2026-04-07 01:02:32,322] Trial 11 finished with value: 0.85 and parameters: {'n_estimators': 40, 'max_depth': 5, 'gamma': 0.1591775883705288, 'subsample': 0.8659440041902515, 'colsample_bytree': 0.753037009977186}. Best is trial 10 with value: 0.9.
[I 2026-04-07 01:02:32,361] Trial 12 finished with value: 0.85 and parameters: {'n_estimators': 40, 'max_depth': 5, 'gamma': 0.18274672203297868, 'subsample': 0.8194324318494828, 'colsample_bytree': 0.8473585438230584}. Best is trial 10 with value: 0.9.
[I 2026-04-07 01:02:32,406] Trial 13 finished with value: 0.85 and parameters: {'n_estimators': 40, 'max_depth': 5, 'gamma': 0.39436609392647465, 'subsample': 0.7815087681503187, 'colsample_bytree': 0.6909245311334314}. Best is trial 10 with value: 0.9.
[I 2026-04-07 01:02:32,443] Trial 14 finished with value: 0.8 and parameters: {'n_estimators': 40, 'max_depth': 5, 'gamma': 0.5207480648169491, 'subsample': 0.6448589907155011, 'colsample_bytree': 0.8799196506926996}. Best is trial 10 with value: 0.9.
[I 2026-04-07 01:02:32,482] Trial 15 finished with value: 0.85 and parameters: {'n_estimators': 40, 'max_depth': 5, 'gamma': 0.7169419571973225, 'subsample': 0.7660120474669279, 'colsample_bytree': 0.6877103829957787}. Best is trial 10 with value: 0.9.
