[I 2026-04-07 01:35:52,799] Trial 22 finished with value: 0.95 and parameters: {'var_smoothing': 4.537628481410357e-09}. Best is trial 0 with value: 0.95.
[I 2026-04-07 01:35:52,818] Trial 23 finished with value: 0.95 and parameters: {'var_smoothing': 6.750528289210463e-09}. Best is trial 0 with value: 0.95.
[I 2026-04-07 01:35:52,837] Trial 24 finished with value: 0.95 and parameters: {'var_smoothing': 2.2780337647355764e-09}. Best is trial 0 with value: 0.95.
[I 2026-04-07 01:35:52,856] Trial 25 finished with value: 0.95 and parameters: {'var_smoothing': 3.986918574074946e-09}. Best is trial 0 with value: 0.95.
[I 2026-04-07 01:35:52,875] Trial 26 finished with value: 0.95 and parameters: {'var_smoothing': 1.7707565248297843e-09}. Best is trial 0 with value: 0.95.
[I 2026-04-07 01:35:52,894] Trial 27 finished with value: 0.95 and parameters: {'var_smoothing': 6.732492847962814e-09}. Best is trial 0 with value: 0.95.
[I 2026-04-07 01:35:52,914] Trial 28 finished with value: 0.95 and parameters: {'var_smoothing': 3.8684773890893174e-10}. Best is trial 0 with value: 0.95.
[I 2026-04-07 01:35:52,933] Trial 29 finished with value: 0.95 and parameters: {'var_smoothing': 1.5480090897085013e-09}. Best is trial 0 with value: 0.95.
[I 2026-04-07 01:35:53,368] A new study created in memory with name: logreg
[I 2026-04-07 01:35:53,392] Trial 0 finished with value: 0.95 and parameters: {'C': 23.288794782471303, 'penalty': 'l2'}. Best is trial 0 with value: 0.95.
[I 2026-04-07 01:35:53,417] Trial 1 finished with value: 0.8 and parameters: {'C': 69.61507800412923, 'penalty': 'l2'}. Best is trial 0 with value: 0.95.
[I 2026-04-07 01:35:53,441] Trial 2 finished with value: 0.95 and parameters: {'C': 22.180569925473442, 'penalty': 'l2'}. Best is trial 0 with value: 0.95.
[I 2026-04-07 01:35:53,456] Trial 3 finished with value: 0.85 and parameters: {'C': 0.4511058486037652, 'penalty': 'l2'}. Best is trial 0 with value: 0.95.
[I 2026-04-07 01:35:53,471] Trial 4 finished with value: 0.7 and parameters: {'C': 0.014576110093994574, 'penalty': 'l2'}. Best is trial 0 with value: 0.95.
[I 2026-04-07 01:35:53,496] Trial 5 finished with value: 0.7 and parameters: {'C': 0.0011402340906886685, 'penalty': 'l2'}. Best is trial 0 with value: 0.95.
[I 2026-04-07 01:35:53,510] Trial 6 finished with value: 0.85 and parameters: {'C': 0.14201822862985758, 'penalty': 'l2'}. Best is trial 0 with value: 0.95.
[I 2026-04-07 01:35:53,535] Trial 7 finished with value: 0.8 and parameters: {'C': 0.1027440782219989, 'penalty': 'l2'}. Best is trial 0 with value: 0.95.
[I 2026-04-07 01:35:53,560] Trial 8 finished with value: 0.85 and parameters: {'C': 0.41055690122086846, 'penalty': 'l2'}. Best is trial 0 with value: 0.95.
[I 2026-04-07 01:35:53,585] Trial 9 finished with value: 0.85 and parameters: {'C': 0.24658064201770763, 'penalty': 'l2'}. Best is trial 0 with value: 0.95.
[I 2026-04-07 01:35:53,603] Trial 10 finished with value: 0.95 and parameters: {'C': 5.817250906722227, 'penalty': 'l2'}. Best is trial 0 with value: 0.95.
[I 2026-04-07 01:35:53,632] Trial 11 finished with value: 0.8 and parameters: {'C': 71.43440875634786, 'penalty': 'l2'}. Best is trial 0 with value: 0.95.
[I 2026-04-07 01:35:53,662] Trial 12 finished with value: 0.95 and parameters: {'C': 6.825317160972618, 'penalty': 'l2'}. Best is trial 0 with value: 0.95.
[I 2026-04-07 01:35:53,690] Trial 13 finished with value: 0.95 and parameters: {'C': 7.664984358018366, 'penalty': 'l2'}. Best is trial 0 with value: 0.95.
[I 2026-04-07 01:35:53,708] Trial 14 finished with value: 0.95 and parameters: {'C': 18.245642710813158, 'penalty': 'l2'}. Best is trial 0 with value: 0.95.
[I 2026-04-07 01:35:53,724] Trial 15 finished with value: 0.9 and parameters: {'C': 1.4876611996375217, 'penalty': 'l2'}. Best is trial 0 with value: 0.95.
[I 2026-04-07 01:35:53,754] Trial 16 finished with value: 0.9 and parameters: {'C': 1.9403923574834812, 'penalty': 'l2'}. Best is trial 0 with value: 0.95.
[I 2026-04-07 01:35:53,784] Trial 17 finished with value: 0.95 and parameters: {'C': 26.80373716573969, 'penalty': 'l2'}. Best is trial 0 with value: 0.95.
[I 2026-04-07 01:35:53,814] Trial 18 finished with value: 0.9 and parameters: {'C': 1.8306377404156253, 'penalty': 'l2'}. Best is trial 0 with value: 0.95.
[I 2026-04-07 01:35:53,834] Trial 19 finished with value: 0.75 and parameters: {'C': 0.03793093083482863, 'penalty': 'l2'}. Best is trial 0 with value: 0.95.
[I 2026-04-07 01:35:53,864] Trial 20 finished with value: 0.95 and parameters: {'C': 21.838935298940108, 'penalty': 'l2'}. Best is trial 0 with value: 0.95.
[I 2026-04-07 01:35:53,894] Trial 21 finished with value: 0.95 and parameters: {'C': 5.9265212676348415, 'penalty': 'l2'}. Best is trial 0 with value: 0.95.
[I 2026-04-07 01:35:53,925] Trial 22 finished with value: 0.8 and parameters: {'C': 78.1099519510049, 'penalty': 'l2'}. Best is trial 0 with value: 0.95.
[I 2026-04-07 01:35:53,952] Trial 23 finished with value: 0.9 and parameters: {'C': 4.016494317765493, 'penalty': 'l2'}. Best is trial 0 with value: 0.95.
[I 2026-04-07 01:35:53,982] Trial 24 finished with value: 0.95 and parameters: {'C': 25.888824657129828, 'penalty': 'l2'}. Best is trial 0 with value: 0.95.
[I 2026-04-07 01:35:54,012] Trial 25 finished with value: 0.95 and parameters: {'C': 12.49783598404351, 'penalty': 'l2'}. Best is trial 0 with value: 0.95.
[I 2026-04-07 01:35:54,032] Trial 26 finished with value: 0.9 and parameters: {'C': 3.1897785697681873, 'penalty': 'l2'}. Best is trial 0 with value: 0.95.
[I 2026-04-07 01:35:54,052] Trial 27 finished with value: 0.9 and parameters: {'C': 1.034924441783129, 'penalty': 'l2'}. Best is trial 0 with value: 0.95.
[I 2026-04-07 01:35:54,081] Trial 28 finished with value: 0.85 and parameters: {'C': 50.97766510497664, 'penalty': 'l2'}. Best is trial 0 with value: 0.95.
[I 2026-04-07 01:35:54,110] Trial 29 finished with value: 0.85 and parameters: {'C': 43.534855052673144, 'penalty': 'l2'}. Best is trial 0 with value: 0.95.
[I 2026-04-07 01:35:54,502] A new study created in memory with name: knn
[I 2026-04-07 01:35:54,536] Trial 0 finished with value: 0.65 and parameters: {'n_neighbors': 9, 'leaf_size': 40, 'p': 1}. Best is trial 0 with value: 0.65.
[I 2026-04-07 01:35:54,550] Trial 1 finished with value: 0.75 and parameters: {'n_neighbors': 4, 'leaf_size': 20, 'p': 1}. Best is trial 1 with value: 0.75.
[I 2026-04-07 01:35:54,575] Trial 2 finished with value: 0.75 and parameters: {'n_neighbors': 7, 'leaf_size': 30, 'p': 1}. Best is trial 1 with value: 0.75.
[I 2026-04-07 01:35:54,610] Trial 3 finished with value: 0.65 and parameters: {'n_neighbors': 9, 'leaf_size': 34, 'p': 1}. Best is trial 1 with value: 0.75.
[I 2026-04-07 01:35:54,624] Trial 4 finished with value: 0.8 and parameters: {'n_neighbors': 5, 'leaf_size': 40, 'p': 1}. Best is trial 4 with value: 0.8.
[I 2026-04-07 01:35:54,639] Trial 5 finished with value: 0.8 and parameters: {'n_neighbors': 3, 'leaf_size': 40, 'p': 2}. Best is trial 4 with value: 0.8.
[I 2026-04-07 01:35:54,652] Trial 6 finished with value: 0.8 and parameters: {'n_neighbors': 3, 'leaf_size': 24, 'p': 2}. Best is trial 4 with value: 0.8.
[I 2026-04-07 01:35:54,667] Trial 7 finished with value: 0.8 and parameters: {'n_neighbors': 5, 'leaf_size': 40, 'p': 2}. Best is trial 4 with value: 0.8.
[I 2026-04-07 01:35:54,682] Trial 8 finished with value: 0.7 and parameters: {'n_neighbors': 6, 'leaf_size': 36, 'p': 1}. Best is trial 4 with value: 0.8.
[I 2026-04-07 01:35:54,696] Trial 9 finished with value: 0.7 and parameters: {'n_neighbors': 6, 'leaf_size': 25, 'p': 1}. Best is trial 4 with value: 0.8.
[I 2026-04-07 01:35:54,721] Trial 10 finished with value: 0.65 and parameters: {'n_neighbors': 7, 'leaf_size': 32, 'p': 2}. Best is trial 4 with value: 0.8.
[I 2026-04-07 01:35:54,746] Trial 11 finished with value: 0.8 and parameters: {'n_neighbors': 3, 'leaf_size': 37, 'p': 2}. Best is trial 4 with value: 0.8.
[I 2026-04-07 01:35:54,779] Trial 12 finished with value: 0.7 and parameters: {'n_neighbors': 4, 'leaf_size': 38, 'p': 2}. Best is trial 4 with value: 0.8.
[I 2026-04-07 01:35:54,802] Trial 13 finished with value: 0.8 and parameters: {'n_neighbors': 5, 'leaf_size': 30, 'p': 2}. Best is trial 4 with value: 0.8.
[I 2026-04-07 01:35:54,824] Trial 14 finished with value: 0.75 and parameters: {'n_neighbors': 4, 'leaf_size': 35, 'p': 1}. Best is trial 4 with value: 0.8.
[I 2026-04-07 01:35:54,850] Trial 15 finished with value: 0.8 and parameters: {'n_neighbors': 3, 'leaf_size': 39, 'p': 2}. Best is trial 4 with value: 0.8.
[I 2026-04-07 01:35:54,884] Trial 16 finished with value: 0.8 and parameters: {'n_neighbors': 5, 'leaf_size': 33, 'p': 2}. Best is trial 4 with value: 0.8.
[I 2026-04-07 01:35:54,929] Trial 17 finished with value: 0.65 and parameters: {'n_neighbors': 8, 'leaf_size': 26, 'p': 1}. Best is trial 4 with value: 0.8.
[I 2026-04-07 01:35:54,955] Trial 18 finished with value: 0.7 and parameters: {'n_neighbors': 4, 'leaf_size': 28, 'p': 2}. Best is trial 4 with value: 0.8.
[I 2026-04-07 01:35:54,987] Trial 19 finished with value: 0.8 and parameters: {'n_neighbors': 5, 'leaf_size': 37, 'p': 1}. Best is trial 4 with value: 0.8.
[I 2026-04-07 01:35:55,012] Trial 20 finished with value: 0.8 and parameters: {'n_neighbors': 3, 'leaf_size': 20, 'p': 1}. Best is trial 4 with value: 0.8.
[I 2026-04-07 01:35:55,037] Trial 21 finished with value: 0.8 and parameters: {'n_neighbors': 3, 'leaf_size': 23, 'p': 2}. Best is trial 4 with value: 0.8.
[I 2026-04-07 01:35:55,080] Trial 22 finished with value: 0.55 and parameters: {'n_neighbors': 10, 'leaf_size': 23, 'p': 2}. Best is trial 4 with value: 0.8.
[I 2026-04-07 01:35:55,107] Trial 23 finished with value: 0.7 and parameters: {'n_neighbors': 4, 'leaf_size': 30, 'p': 2}. Best is trial 4 with value: 0.8.
[I 2026-04-07 01:35:55,134] Trial 24 finished with value: 0.8 and parameters: {'n_neighbors': 3, 'leaf_size': 28, 'p': 2}. Best is trial 4 with value: 0.8.
[I 2026-04-07 01:35:55,158] Trial 25 finished with value: 0.65 and parameters: {'n_neighbors': 6, 'leaf_size': 38, 'p': 2}. Best is trial 4 with value: 0.8.
[I 2026-04-07 01:35:55,181] Trial 26 finished with value: 0.7 and parameters: {'n_neighbors': 4, 'leaf_size': 32, 'p': 2}. Best is trial 4 with value: 0.8.
[I 2026-04-07 01:35:55,205] Trial 27 finished with value: 0.8 and parameters: {'n_neighbors': 3, 'leaf_size': 22, 'p': 2}. Best is trial 4 with value: 0.8.
[I 2026-04-07 01:35:55,228] Trial 28 finished with value: 0.8 and parameters: {'n_neighbors': 5, 'leaf_size': 25, 'p': 1}. Best is trial 4 with value: 0.8.
[I 2026-04-07 01:35:55,253] Trial 29 finished with value: 0.65 and parameters: {'n_neighbors': 8, 'leaf_size': 39, 'p': 1}. Best is trial 4 with value: 0.8.
[I 2026-04-07 01:35:56,452] A new study created in memory with name: xgb
[I 2026-04-07 01:35:56,487] Trial 0 finished with value: 0.7 and parameters: {'n_estimators': 40, 'max_depth': 5, 'gamma': 0.4874219364632415, 'subsample': 0.7011756800186824, 'colsample_bytree': 0.7613373356762848}. Best is trial 0 with value: 0.7.
[I 2026-04-07 01:35:56,515] Trial 1 finished with value: 0.7 and parameters: {'n_estimators': 40, 'max_depth': 5, 'gamma': 0.483482593428573, 'subsample': 0.6445375140090439, 'colsample_bytree': 0.9869276206002231}. Best is trial 0 with value: 0.7.
[I 2026-04-07 01:35:56,542] Trial 2 finished with value: 0.75 and parameters: {'n_estimators': 10, 'max_depth': 5, 'gamma': 0.16384856027517886, 'subsample': 0.6123849694840227, 'colsample_bytree': 0.6968174574718025}. Best is trial 2 with value: 0.75.
[I 2026-04-07 01:35:56,579] Trial 3 finished with value: 0.5 and parameters: {'n_estimators': 100, 'max_depth': 30, 'gamma': 0.7877441182293641, 'subsample': 0.9694019566553859, 'colsample_bytree': 0.6598448982335139}. Best is trial 2 with value: 0.75.
[I 2026-04-07 01:35:56,606] Trial 4 finished with value: 0.7 and parameters: {'n_estimators': 100, 'max_depth': 5, 'gamma': 0.816017102586079, 'subsample': 0.5160040782128984, 'colsample_bytree': 0.7277239110529665}. Best is trial 2 with value: 0.75.
[I 2026-04-07 01:35:56,634] Trial 5 finished with value: 0.7 and parameters: {'n_estimators': 40, 'max_depth': 20, 'gamma': 0.6643500821697236, 'subsample': 0.6076588997363731, 'colsample_bytree': 0.5754850538287481}. Best is trial 2 with value: 0.75.
[I 2026-04-07 01:35:56,671] Trial 6 finished with value: 0.65 and parameters: {'n_estimators': 100, 'max_depth': 20, 'gamma': 0.6361752212866232, 'subsample': 0.8309913561372338, 'colsample_bytree': 0.7552902276266351}. Best is trial 2 with value: 0.75.
[I 2026-04-07 01:35:56,699] Trial 7 finished with value: 0.55 and parameters: {'n_estimators': 10, 'max_depth': 5, 'gamma': 0.5767347850317142, 'subsample': 0.7995431264700696, 'colsample_bytree': 0.8604622333437917}. Best is trial 2 with value: 0.75.
[I 2026-04-07 01:35:56,728] Trial 8 finished with value: 0.55 and parameters: {'n_estimators': 100, 'max_depth': 20, 'gamma': 0.8470554948938058, 'subsample': 0.860339005739911, 'colsample_bytree': 0.9331308414408237}. Best is trial 2 with value: 0.75.
[I 2026-04-07 01:35:56,755] Trial 9 finished with value: 0.55 and parameters: {'n_estimators': 100, 'max_depth': 30, 'gamma': 0.574951454577921, 'subsample': 0.9696020680119358, 'colsample_bytree': 0.8616917074936369}. Best is trial 2 with value: 0.75.
[I 2026-04-07 01:35:56,793] Trial 10 finished with value: 0.65 and parameters: {'n_estimators': 10, 'max_depth': 5, 'gamma': 0.11769208758613511, 'subsample': 0.5220288164053076, 'colsample_bytree': 0.525322130410742}. Best is trial 2 with value: 0.75.
[I 2026-04-07 01:35:56,833] Trial 11 finished with value: 0.75 and parameters: {'n_estimators': 40, 'max_depth': 5, 'gamma': 0.2522501431013463, 'subsample': 0.682912074669807, 'colsample_bytree': 0.719094254519013}. Best is trial 2 with value: 0.75.
[I 2026-04-07 01:35:56,872] Trial 12 finished with value: 0.75 and parameters: {'n_estimators': 10, 'max_depth': 5, 'gamma': 0.13643188046913968, 'subsample': 0.7012264673126989, 'colsample_bytree': 0.6455308100865761}. Best is trial 2 with value: 0.75.
[I 2026-04-07 01:35:56,910] Trial 13 finished with value: 0.75 and parameters: {'n_estimators': 10, 'max_depth': 5, 'gamma': 0.2761461774347163, 'subsample': 0.6046995562734875, 'colsample_bytree': 0.6707438718310352}. Best is trial 2 with value: 0.75.
[I 2026-04-07 01:35:56,947] Trial 14 finished with value: 0.7 and parameters: {'n_estimators': 40, 'max_depth': 30, 'gamma': 0.29946218783114176, 'subsample': 0.7291262581965972, 'colsample_bytree': 0.819586526755822}. Best is trial 2 with value: 0.75.
[I 2026-04-07 01:35:56,984] Trial 15 finished with value: 0.85 and parameters: {'n_estimators': 10, 'max_depth': 5, 'gamma': 0.27793591993322675, 'subsample': 0.6394025004506145, 'colsample_bytree': 0.588636158114704}. Best is trial 15 with value: 0.85.
[I 2026-04-07 01:35:57,024] Trial 16 finished with value: 0.75 and parameters: {'n_estimators': 10, 'max_depth': 5, 'gamma': 0.3948172633490876, 'subsample': 0.5870677280036923, 'colsample_bytree': 0.5697943728687622}. Best is trial 15 with value: 0.85.
[I 2026-04-07 01:35:57,064] Trial 17 finished with value: 0.75 and parameters: {'n_estimators': 10, 'max_depth': 5, 'gamma': 0.17594279924799697, 'subsample': 0.7724470549553977, 'colsample_bytree': 0.607762226829365}. Best is trial 15 with value: 0.85.
[I 2026-04-07 01:35:57,104] Trial 18 finished with value: 0.75 and parameters: {'n_estimators': 10, 'max_depth': 30, 'gamma': 0.3722944677543593, 'subsample': 0.5608795958914213, 'colsample_bytree': 0.5153110969415753}. Best is trial 15 with value: 0.85.
[I 2026-04-07 01:35:57,142] Trial 19 finished with value: 0.7 and parameters: {'n_estimators': 10, 'max_depth': 20, 'gamma': 0.3740057811231263, 'subsample': 0.6280217161448107, 'colsample_bytree': 0.6901666697090526}. Best is trial 15 with value: 0.85.
[I 2026-04-07 01:35:57,178] Trial 20 finished with value: 0.7 and parameters: {'n_estimators': 10, 'max_depth': 5, 'gamma': 0.22113478950670754, 'subsample': 0.6643307218206755, 'colsample_bytree': 0.6063873566599434}. Best is trial 15 with value: 0.85.
[I 2026-04-07 01:35:57,216] Trial 21 finished with value: 0.75 and parameters: {'n_estimators': 40, 'max_depth': 5, 'gamma': 0.24910799928401292, 'subsample': 0.699782887269753, 'colsample_bytree': 0.7204797702741481}. Best is trial 15 with value: 0.85.
[I 2026-04-07 01:35:57,264] Trial 22 finished with value: 0.7 and parameters: {'n_estimators': 40, 'max_depth': 5, 'gamma': 0.31129667980399794, 'subsample': 0.6674069070269513, 'colsample_bytree': 0.7833261069251533}. Best is trial 15 with value: 0.85.
[I 2026-04-07 01:35:57,302] Trial 23 finished with value: 0.75 and parameters: {'n_estimators': 10, 'max_depth': 5, 'gamma': 0.9953182577057711, 'subsample': 0.5593513619344718, 'colsample_bytree': 0.6280101956918077}. Best is trial 15 with value: 0.85.
[I 2026-04-07 01:35:57,341] Trial 24 finished with value: 0.75 and parameters: {'n_estimators': 40, 'max_depth': 5, 'gamma': 0.18656056820828693, 'subsample': 0.5676010331577934, 'colsample_bytree': 0.6961879448940724}. Best is trial 15 with value: 0.85.
[I 2026-04-07 01:35:57,400] Trial 25 finished with value: 0.6 and parameters: {'n_estimators': 10, 'max_depth': 5, 'gamma': 0.10764373246258885, 'subsample': 0.7556353558236583, 'colsample_bytree': 0.7946087335472604}. Best is trial 15 with value: 0.85.
[I 2026-04-07 01:35:57,438] Trial 26 finished with value: 0.75 and parameters: {'n_estimators': 40, 'max_depth': 5, 'gamma': 0.4473843285547392, 'subsample': 0.6549546542252497, 'colsample_bytree': 0.5734541859369409}. Best is trial 15 with value: 0.85.
[I 2026-04-07 01:35:57,476] Trial 27 finished with value: 0.65 and parameters: {'n_estimators': 10, 'max_depth': 5, 'gamma': 0.3432426298311827, 'subsample': 0.8882024153266558, 'colsample_bytree': 0.7166985287736235}. Best is trial 15 with value: 0.85.
[I 2026-04-07 01:35:57,516] Trial 28 finished with value: 0.65 and parameters: {'n_estimators': 10, 'max_depth': 20, 'gamma': 0.229847916344218, 'subsample': 0.7106640196779326, 'colsample_bytree': 0.8316747458515387}. Best is trial 15 with value: 0.85.
[I 2026-04-07 01:35:57,555] Trial 29 finished with value: 0.7 and parameters: {'n_estimators': 40, 'max_depth': 30, 'gamma': 0.4253024531057803, 'subsample': 0.67071986964209, 'colsample_bytree': 0.7518864925326253}. Best is trial 15 with value: 0.85.
[I 2026-04-07 01:35:58,379] A new study created in memory with name: rf
[I 2026-04-07 01:35:58,867] Trial 0 finished with value: 0.7 and parameters: {'n_estimators': 450, 'max_depth': 20, 'min_samples_split': 9, 'min_samples_leaf': 6}. Best is trial 0 with value: 0.7.
[I 2026-04-07 01:35:59,072] Trial 1 finished with value: 0.65 and parameters: {'n_estimators': 193, 'max_depth': 3, 'min_samples_split': 5, 'min_samples_leaf': 5}. Best is trial 0 with value: 0.7.
[I 2026-04-07 01:35:59,441] Trial 2 finished with value: 0.65 and parameters: {'n_estimators': 309, 'max_depth': 11, 'min_samples_split': 6, 'min_samples_leaf': 6}. Best is trial 0 with value: 0.7.
[I 2026-04-07 01:35:59,902] Trial 3 finished with value: 0.65 and parameters: {'n_estimators': 405, 'max_depth': 15, 'min_samples_split': 7, 'min_samples_leaf': 5}. Best is trial 0 with value: 0.7.
[I 2026-04-07 01:36:00,170] Trial 4 finished with value: 0.75 and parameters: {'n_estimators': 215, 'max_depth': 20, 'min_samples_split': 5, 'min_samples_leaf': 3}. Best is trial 4 with value: 0.75.
[I 2026-04-07 01:36:00,357] Trial 5 finished with value: 0.7 and parameters: {'n_estimators': 126, 'max_depth': 20, 'min_samples_split': 3, 'min_samples_leaf': 4}. Best is trial 4 with value: 0.75.
[I 2026-04-07 01:36:00,545] Trial 6 finished with value: 0.5 and parameters: {'n_estimators': 128, 'max_depth': 7, 'min_samples_split': 5, 'min_samples_leaf': 9}. Best is trial 4 with value: 0.75.
[I 2026-04-07 01:36:00,803] Trial 7 finished with value: 0.75 and parameters: {'n_estimators': 238, 'max_depth': 20, 'min_samples_split': 2, 'min_samples_leaf': 4}. Best is trial 4 with value: 0.75.
[I 2026-04-07 01:36:01,111] Trial 8 finished with value: 0.75 and parameters: {'n_estimators': 252, 'max_depth': 16, 'min_samples_split': 10, 'min_samples_leaf': 4}. Best is trial 4 with value: 0.75.
[I 2026-04-07 01:36:01,439] Trial 9 finished with value: 0.5 and parameters: {'n_estimators': 273, 'max_depth': 7, 'min_samples_split': 9, 'min_samples_leaf': 7}. Best is trial 4 with value: 0.75.
[I 2026-04-07 01:36:01,844] Trial 10 finished with value: 0.85 and parameters: {'n_estimators': 340, 'max_depth': 15, 'min_samples_split': 4, 'min_samples_leaf': 1}. Best is trial 10 with value: 0.85.
[I 2026-04-07 01:36:02,260] Trial 11 finished with value: 0.85 and parameters: {'n_estimators': 351, 'max_depth': 15, 'min_samples_split': 4, 'min_samples_leaf': 1}. Best is trial 10 with value: 0.85.
[I 2026-04-07 01:36:02,666] Trial 12 finished with value: 0.85 and parameters: {'n_estimators': 363, 'max_depth': 15, 'min_samples_split': 3, 'min_samples_leaf': 1}. Best is trial 10 with value: 0.85.
[I 2026-04-07 01:36:03,056] Trial 13 finished with value: 0.85 and parameters: {'n_estimators': 348, 'max_depth': 12, 'min_samples_split': 4, 'min_samples_leaf': 1}. Best is trial 10 with value: 0.85.
[I 2026-04-07 01:36:03,553] Trial 14 finished with value: 0.75 and parameters: {'n_estimators': 474, 'max_depth': 12, 'min_samples_split': 7, 'min_samples_leaf': 2}. Best is trial 10 with value: 0.85.
[I 2026-04-07 01:36:03,974] Trial 15 finished with value: 0.8 and parameters: {'n_estimators': 390, 'max_depth': 17, 'min_samples_split': 2, 'min_samples_leaf': 2}. Best is trial 10 with value: 0.85.
[I 2026-04-07 01:36:04,350] Trial 16 finished with value: 0.85 and parameters: {'n_estimators': 320, 'max_depth': 10, 'min_samples_split': 4, 'min_samples_leaf': 1}. Best is trial 10 with value: 0.85.
