[I 2026-04-07 03:30:48,993] Trial 20 finished with value: 0.925 and parameters: {'n_estimators': 231, 'max_depth': 4, 'min_samples_split': 3, 'min_samples_leaf': 4}. Best is trial 10 with value: 0.95.
[I 2026-04-07 03:30:49,428] Trial 21 finished with value: 0.925 and parameters: {'n_estimators': 364, 'max_depth': 13, 'min_samples_split': 3, 'min_samples_leaf': 1}. Best is trial 10 with value: 0.95.
[I 2026-04-07 03:30:49,871] Trial 22 finished with value: 0.95 and parameters: {'n_estimators': 408, 'max_depth': 11, 'min_samples_split': 2, 'min_samples_leaf': 1}. Best is trial 10 with value: 0.95.
[I 2026-04-07 03:30:50,248] Trial 23 finished with value: 0.925 and parameters: {'n_estimators': 337, 'max_depth': 10, 'min_samples_split': 4, 'min_samples_leaf': 2}. Best is trial 10 with value: 0.95.
[I 2026-04-07 03:30:50,723] Trial 24 finished with value: 0.925 and parameters: {'n_estimators': 412, 'max_depth': 13, 'min_samples_split': 3, 'min_samples_leaf': 1}. Best is trial 10 with value: 0.95.
[I 2026-04-07 03:30:51,146] Trial 25 finished with value: 0.9 and parameters: {'n_estimators': 330, 'max_depth': 8, 'min_samples_split': 2, 'min_samples_leaf': 4}. Best is trial 10 with value: 0.95.
[I 2026-04-07 03:30:51,482] Trial 26 finished with value: 0.925 and parameters: {'n_estimators': 269, 'max_depth': 14, 'min_samples_split': 5, 'min_samples_leaf': 3}. Best is trial 10 with value: 0.95.
[I 2026-04-07 03:30:51,939] Trial 27 finished with value: 0.925 and parameters: {'n_estimators': 387, 'max_depth': 11, 'min_samples_split': 4, 'min_samples_leaf': 2}. Best is trial 10 with value: 0.95.
[I 2026-04-07 03:30:52,404] Trial 28 finished with value: 0.9 and parameters: {'n_estimators': 437, 'max_depth': 18, 'min_samples_split': 3, 'min_samples_leaf': 10}. Best is trial 10 with value: 0.95.
[I 2026-04-07 03:30:52,581] Trial 29 finished with value: 0.925 and parameters: {'n_estimators': 104, 'max_depth': 5, 'min_samples_split': 7, 'min_samples_leaf': 2}. Best is trial 10 with value: 0.95.
[I 2026-04-07 03:30:55,402] A new study created in memory with name: mlp
[I 2026-04-07 03:30:55,468] Trial 0 finished with value: 0.85 and parameters: {'hidden_layer_sizes': (200,), 'max_iter': 100, 'alpha': 0.001}. Best is trial 0 with value: 0.85.
[I 2026-04-07 03:30:55,564] Trial 1 finished with value: 0.725 and parameters: {'hidden_layer_sizes': (100, 100), 'max_iter': 100, 'alpha': 0.0001}. Best is trial 0 with value: 0.85.
[I 2026-04-07 03:30:55,630] Trial 2 finished with value: 0.825 and parameters: {'hidden_layer_sizes': (100, 100), 'max_iter': 50, 'alpha': 0.0001}. Best is trial 0 with value: 0.85.
[I 2026-04-07 03:30:55,666] Trial 3 finished with value: 0.85 and parameters: {'hidden_layer_sizes': (200,), 'max_iter': 50, 'alpha': 0.0001}. Best is trial 0 with value: 0.85.
[I 2026-04-07 03:30:55,712] Trial 4 finished with value: 0.725 and parameters: {'hidden_layer_sizes': (200,), 'max_iter': 100, 'alpha': 0.001}. Best is trial 0 with value: 0.85.
[I 2026-04-07 03:30:55,769] Trial 5 finished with value: 0.825 and parameters: {'hidden_layer_sizes': (200,), 'max_iter': 100, 'alpha': 0.0001}. Best is trial 0 with value: 0.85.
[I 2026-04-07 03:30:55,825] Trial 6 finished with value: 0.7 and parameters: {'hidden_layer_sizes': (100, 100), 'max_iter': 100, 'alpha': 0.001}. Best is trial 0 with value: 0.85.
[I 2026-04-07 03:30:55,871] Trial 7 finished with value: 0.75 and parameters: {'hidden_layer_sizes': (200,), 'max_iter': 50, 'alpha': 0.001}. Best is trial 0 with value: 0.85.
[I 2026-04-07 03:30:55,917] Trial 8 finished with value: 0.775 and parameters: {'hidden_layer_sizes': (100,), 'max_iter': 100, 'alpha': 0.001}. Best is trial 0 with value: 0.85.
[I 2026-04-07 03:30:55,953] Trial 9 finished with value: 0.9 and parameters: {'hidden_layer_sizes': (200,), 'max_iter': 50, 'alpha': 0.001}. Best is trial 9 with value: 0.9.
[I 2026-04-07 03:30:56,001] Trial 10 finished with value: 0.825 and parameters: {'hidden_layer_sizes': (100,), 'max_iter': 50, 'alpha': 0.001}. Best is trial 9 with value: 0.9.
[I 2026-04-07 03:30:56,038] Trial 11 finished with value: 0.825 and parameters: {'hidden_layer_sizes': (200,), 'max_iter': 50, 'alpha': 0.001}. Best is trial 9 with value: 0.9.
[I 2026-04-07 03:30:56,096] Trial 12 finished with value: 0.825 and parameters: {'hidden_layer_sizes': (200,), 'max_iter': 100, 'alpha': 0.001}. Best is trial 9 with value: 0.9.
[I 2026-04-07 03:30:56,144] Trial 13 finished with value: 0.8 and parameters: {'hidden_layer_sizes': (200,), 'max_iter': 50, 'alpha': 0.001}. Best is trial 9 with value: 0.9.
[I 2026-04-07 03:30:56,202] Trial 14 finished with value: 0.7 and parameters: {'hidden_layer_sizes': (200,), 'max_iter': 100, 'alpha': 0.001}. Best is trial 9 with value: 0.9.
[I 2026-04-07 03:30:56,241] Trial 15 finished with value: 0.775 and parameters: {'hidden_layer_sizes': (100,), 'max_iter': 50, 'alpha': 0.001}. Best is trial 9 with value: 0.9.
[I 2026-04-07 03:30:56,275] Trial 16 finished with value: 0.8 and parameters: {'hidden_layer_sizes': (200,), 'max_iter': 50, 'alpha': 0.001}. Best is trial 9 with value: 0.9.
[I 2026-04-07 03:30:56,319] Trial 17 finished with value: 0.825 and parameters: {'hidden_layer_sizes': (200,), 'max_iter': 100, 'alpha': 0.001}. Best is trial 9 with value: 0.9.
[I 2026-04-07 03:30:56,363] Trial 18 finished with value: 0.775 and parameters: {'hidden_layer_sizes': (100, 100), 'max_iter': 50, 'alpha': 0.0001}. Best is trial 9 with value: 0.9.
[I 2026-04-07 03:30:56,408] Trial 19 finished with value: 0.825 and parameters: {'hidden_layer_sizes': (100,), 'max_iter': 100, 'alpha': 0.001}. Best is trial 9 with value: 0.9.
[I 2026-04-07 03:30:56,443] Trial 20 finished with value: 0.85 and parameters: {'hidden_layer_sizes': (200,), 'max_iter': 50, 'alpha': 0.001}. Best is trial 9 with value: 0.9.
[I 2026-04-07 03:30:56,479] Trial 21 finished with value: 0.85 and parameters: {'hidden_layer_sizes': (200,), 'max_iter': 50, 'alpha': 0.0001}. Best is trial 9 with value: 0.9.
[I 2026-04-07 03:30:56,513] Trial 22 finished with value: 0.825 and parameters: {'hidden_layer_sizes': (200,), 'max_iter': 50, 'alpha': 0.0001}. Best is trial 9 with value: 0.9.
[I 2026-04-07 03:30:56,557] Trial 23 finished with value: 0.775 and parameters: {'hidden_layer_sizes': (200,), 'max_iter': 50, 'alpha': 0.0001}. Best is trial 9 with value: 0.9.
[I 2026-04-07 03:30:56,591] Trial 24 finished with value: 0.7 and parameters: {'hidden_layer_sizes': (200,), 'max_iter': 50, 'alpha': 0.0001}. Best is trial 9 with value: 0.9.
[I 2026-04-07 03:30:56,626] Trial 25 finished with value: 0.825 and parameters: {'hidden_layer_sizes': (200,), 'max_iter': 50, 'alpha': 0.0001}. Best is trial 9 with value: 0.9.
[I 2026-04-07 03:30:56,690] Trial 26 finished with value: 0.85 and parameters: {'hidden_layer_sizes': (200,), 'max_iter': 100, 'alpha': 0.0001}. Best is trial 9 with value: 0.9.
[I 2026-04-07 03:30:56,735] Trial 27 finished with value: 0.85 and parameters: {'hidden_layer_sizes': (200,), 'max_iter': 50, 'alpha': 0.001}. Best is trial 9 with value: 0.9.
[I 2026-04-07 03:30:56,784] Trial 28 finished with value: 0.825 and parameters: {'hidden_layer_sizes': (100,), 'max_iter': 100, 'alpha': 0.0001}. Best is trial 9 with value: 0.9.
[I 2026-04-07 03:30:56,853] Trial 29 finished with value: 0.775 and parameters: {'hidden_layer_sizes': (100, 100), 'max_iter': 100, 'alpha': 0.0001}. Best is trial 9 with value: 0.9.
[I 2026-04-07 03:31:04,693] A new study created in memory with name: naive_bayes
[I 2026-04-07 03:31:04,707] Trial 0 finished with value: 1.0 and parameters: {'var_smoothing': 1.0489343501429862e-10}. Best is trial 0 with value: 1.0.
[I 2026-04-07 03:31:04,720] Trial 1 finished with value: 1.0 and parameters: {'var_smoothing': 1.0086701860885373e-09}. Best is trial 0 with value: 1.0.
[I 2026-04-07 03:31:04,733] Trial 2 finished with value: 1.0 and parameters: {'var_smoothing': 9.807235097598006e-10}. Best is trial 0 with value: 1.0.
[I 2026-04-07 03:31:04,746] Trial 3 finished with value: 1.0 and parameters: {'var_smoothing': 1.8520770828517824e-10}. Best is trial 0 with value: 1.0.
[I 2026-04-07 03:31:04,760] Trial 4 finished with value: 1.0 and parameters: {'var_smoothing': 1.9240757716714087e-10}. Best is trial 0 with value: 1.0.
[I 2026-04-07 03:31:04,774] Trial 5 finished with value: 1.0 and parameters: {'var_smoothing': 2.736007926537145e-10}. Best is trial 0 with value: 1.0.
[I 2026-04-07 03:31:04,787] Trial 6 finished with value: 1.0 and parameters: {'var_smoothing': 6.87094324185739e-10}. Best is trial 0 with value: 1.0.
[I 2026-04-07 03:31:04,810] Trial 7 finished with value: 1.0 and parameters: {'var_smoothing': 3.134745855231349e-10}. Best is trial 0 with value: 1.0.
[I 2026-04-07 03:31:04,824] Trial 8 finished with value: 1.0 and parameters: {'var_smoothing': 1.4727170077821783e-10}. Best is trial 0 with value: 1.0.
[I 2026-04-07 03:31:04,838] Trial 9 finished with value: 1.0 and parameters: {'var_smoothing': 4.909048017047017e-10}. Best is trial 0 with value: 1.0.
[I 2026-04-07 03:31:04,856] Trial 10 finished with value: 1.0 and parameters: {'var_smoothing': 4.226228455594519e-09}. Best is trial 0 with value: 1.0.
[I 2026-04-07 03:31:04,872] Trial 11 finished with value: 1.0 and parameters: {'var_smoothing': 2.8481546791169343e-09}. Best is trial 0 with value: 1.0.
[I 2026-04-07 03:31:04,891] Trial 12 finished with value: 1.0 and parameters: {'var_smoothing': 1.9032336526904254e-09}. Best is trial 0 with value: 1.0.
[I 2026-04-07 03:31:04,911] Trial 13 finished with value: 1.0 and parameters: {'var_smoothing': 1.6192707465333408e-09}. Best is trial 0 with value: 1.0.
[I 2026-04-07 03:31:04,929] Trial 14 finished with value: 1.0 and parameters: {'var_smoothing': 1.0137193502251743e-10}. Best is trial 0 with value: 1.0.
[I 2026-04-07 03:31:04,949] Trial 15 finished with value: 1.0 and parameters: {'var_smoothing': 7.233291262560306e-09}. Best is trial 0 with value: 1.0.
[I 2026-04-07 03:31:04,965] Trial 16 finished with value: 1.0 and parameters: {'var_smoothing': 5.636880428096003e-10}. Best is trial 0 with value: 1.0.
[I 2026-04-07 03:31:04,982] Trial 17 finished with value: 1.0 and parameters: {'var_smoothing': 1.2682382630515742e-09}. Best is trial 0 with value: 1.0.
[I 2026-04-07 03:31:05,000] Trial 18 finished with value: 1.0 and parameters: {'var_smoothing': 3.934685686653308e-10}. Best is trial 0 with value: 1.0.
[I 2026-04-07 03:31:05,017] Trial 19 finished with value: 1.0 and parameters: {'var_smoothing': 8.419551297505738e-10}. Best is trial 0 with value: 1.0.
[I 2026-04-07 03:31:05,035] Trial 20 finished with value: 1.0 and parameters: {'var_smoothing': 2.608399883647147e-09}. Best is trial 0 with value: 1.0.
[I 2026-04-07 03:31:05,055] Trial 21 finished with value: 1.0 and parameters: {'var_smoothing': 1.1043065925699652e-09}. Best is trial 0 with value: 1.0.
[I 2026-04-07 03:31:05,074] Trial 22 finished with value: 1.0 and parameters: {'var_smoothing': 7.818254747144452e-09}. Best is trial 0 with value: 1.0.
[I 2026-04-07 03:31:05,091] Trial 23 finished with value: 1.0 and parameters: {'var_smoothing': 4.506881416225629e-09}. Best is trial 0 with value: 1.0.
[I 2026-04-07 03:31:05,110] Trial 24 finished with value: 1.0 and parameters: {'var_smoothing': 8.370195589160265e-10}. Best is trial 0 with value: 1.0.
[I 2026-04-07 03:31:05,128] Trial 25 finished with value: 1.0 and parameters: {'var_smoothing': 1.4246564400615985e-09}. Best is trial 0 with value: 1.0.
[I 2026-04-07 03:31:05,145] Trial 26 finished with value: 1.0 and parameters: {'var_smoothing': 1.055993505169999e-10}. Best is trial 0 with value: 1.0.
[I 2026-04-07 03:31:05,165] Trial 27 finished with value: 1.0 and parameters: {'var_smoothing': 2.338070103551991e-09}. Best is trial 0 with value: 1.0.
[I 2026-04-07 03:31:05,184] Trial 28 finished with value: 1.0 and parameters: {'var_smoothing': 2.9749637796955326e-10}. Best is trial 0 with value: 1.0.
[I 2026-04-07 03:31:05,200] Trial 29 finished with value: 1.0 and parameters: {'var_smoothing': 2.1414596138226606e-10}. Best is trial 0 with value: 1.0.
[I 2026-04-07 03:31:06,107] A new study created in memory with name: logreg
[I 2026-04-07 03:31:06,132] Trial 0 finished with value: 0.975 and parameters: {'C': 0.0011268620922535318, 'penalty': 'l2'}. Best is trial 0 with value: 0.975.
[I 2026-04-07 03:31:06,157] Trial 1 finished with value: 0.975 and parameters: {'C': 0.32312678588710475, 'penalty': 'l2'}. Best is trial 0 with value: 0.975.
[I 2026-04-07 03:31:06,183] Trial 2 finished with value: 0.975 and parameters: {'C': 0.3012079745112611, 'penalty': 'l2'}. Best is trial 0 with value: 0.975.
[I 2026-04-07 03:31:06,208] Trial 3 finished with value: 0.975 and parameters: {'C': 0.004668180550042529, 'penalty': 'l2'}. Best is trial 0 with value: 0.975.
[I 2026-04-07 03:31:06,233] Trial 4 finished with value: 0.975 and parameters: {'C': 0.005135177115384908, 'penalty': 'l2'}. Best is trial 0 with value: 0.975.
[I 2026-04-07 03:31:06,259] Trial 5 finished with value: 0.975 and parameters: {'C': 0.01238207351349697, 'penalty': 'l2'}. Best is trial 0 with value: 0.975.
[I 2026-04-07 03:31:06,273] Trial 6 finished with value: 0.975 and parameters: {'C': 0.12374877330306278, 'penalty': 'l2'}. Best is trial 0 with value: 0.975.
[I 2026-04-07 03:31:06,287] Trial 7 finished with value: 0.975 and parameters: {'C': 0.017398261017749217, 'penalty': 'l2'}. Best is trial 0 with value: 0.975.
[I 2026-04-07 03:31:06,300] Trial 8 finished with value: 0.975 and parameters: {'C': 0.002632074973627294, 'penalty': 'l2'}. Best is trial 0 with value: 0.975.
[I 2026-04-07 03:31:06,324] Trial 9 finished with value: 0.975 and parameters: {'C': 0.053394091359671186, 'penalty': 'l2'}. Best is trial 0 with value: 0.975.
[I 2026-04-07 03:31:06,355] Trial 10 finished with value: 0.95 and parameters: {'C': 11.611342204749677, 'penalty': 'l2'}. Best is trial 0 with value: 0.975.
[I 2026-04-07 03:31:06,386] Trial 11 finished with value: 0.95 and parameters: {'C': 4.3292127493856185, 'penalty': 'l2'}. Best is trial 0 with value: 0.975.
[I 2026-04-07 03:31:06,404] Trial 12 finished with value: 0.95 and parameters: {'C': 1.5802662705953956, 'penalty': 'l2'}. Best is trial 0 with value: 0.975.
[I 2026-04-07 03:31:06,422] Trial 13 finished with value: 0.95 and parameters: {'C': 1.055112273963652, 'penalty': 'l2'}. Best is trial 0 with value: 0.975.
[I 2026-04-07 03:31:06,451] Trial 14 finished with value: 0.975 and parameters: {'C': 0.0010346520947120835, 'penalty': 'l2'}. Best is trial 0 with value: 0.975.
[I 2026-04-07 03:31:06,481] Trial 15 finished with value: 0.95 and parameters: {'C': 44.49793762384799, 'penalty': 'l2'}. Best is trial 0 with value: 0.975.
[I 2026-04-07 03:31:06,511] Trial 16 finished with value: 0.975 and parameters: {'C': 0.07543919686422959, 'penalty': 'l2'}. Best is trial 0 with value: 0.975.
[I 2026-04-07 03:31:06,529] Trial 17 finished with value: 0.975 and parameters: {'C': 0.5727988396708396, 'penalty': 'l2'}. Best is trial 0 with value: 0.975.
[I 2026-04-07 03:31:06,556] Trial 18 finished with value: 0.975 and parameters: {'C': 0.030709667456339317, 'penalty': 'l2'}. Best is trial 0 with value: 0.975.
[I 2026-04-07 03:31:06,577] Trial 19 finished with value: 0.975 and parameters: {'C': 0.20569435262940663, 'penalty': 'l2'}. Best is trial 0 with value: 0.975.
[I 2026-04-07 03:31:06,605] Trial 20 finished with value: 0.95 and parameters: {'C': 3.4748449465651854, 'penalty': 'l2'}. Best is trial 0 with value: 0.975.
[I 2026-04-07 03:31:06,622] Trial 21 finished with value: 0.975 and parameters: {'C': 0.40525106247507264, 'penalty': 'l2'}. Best is trial 0 with value: 0.975.
[I 2026-04-07 03:31:06,649] Trial 22 finished with value: 0.95 and parameters: {'C': 54.04736719428917, 'penalty': 'l2'}. Best is trial 0 with value: 0.975.
[I 2026-04-07 03:31:06,667] Trial 23 finished with value: 0.95 and parameters: {'C': 13.636104725962543, 'penalty': 'l2'}. Best is trial 0 with value: 0.975.
[I 2026-04-07 03:31:06,699] Trial 24 finished with value: 0.975 and parameters: {'C': 0.2026931238868972, 'penalty': 'l2'}. Best is trial 0 with value: 0.975.
[I 2026-04-07 03:31:06,730] Trial 25 finished with value: 0.975 and parameters: {'C': 0.7660821867425266, 'penalty': 'l2'}. Best is trial 0 with value: 0.975.
[I 2026-04-07 03:31:06,750] Trial 26 finished with value: 0.975 and parameters: {'C': 0.001145916882319131, 'penalty': 'l2'}. Best is trial 0 with value: 0.975.
[I 2026-04-07 03:31:06,781] Trial 27 finished with value: 0.95 and parameters: {'C': 2.643283967037698, 'penalty': 'l2'}. Best is trial 0 with value: 0.975.
[I 2026-04-07 03:31:06,811] Trial 28 finished with value: 0.975 and parameters: {'C': 0.015265260024563953, 'penalty': 'l2'}. Best is trial 0 with value: 0.975.
[I 2026-04-07 03:31:06,833] Trial 29 finished with value: 0.975 and parameters: {'C': 0.006710806568251291, 'penalty': 'l2'}. Best is trial 0 with value: 0.975.
[I 2026-04-07 03:31:07,664] A new study created in memory with name: knn
[I 2026-04-07 03:31:07,679] Trial 0 finished with value: 0.95 and parameters: {'n_neighbors': 3, 'leaf_size': 30, 'p': 1}. Best is trial 0 with value: 0.95.
[I 2026-04-07 03:31:07,692] Trial 1 finished with value: 0.95 and parameters: {'n_neighbors': 4, 'leaf_size': 24, 'p': 1}. Best is trial 0 with value: 0.95.
[I 2026-04-07 03:31:07,706] Trial 2 finished with value: 0.975 and parameters: {'n_neighbors': 3, 'leaf_size': 27, 'p': 2}. Best is trial 2 with value: 0.975.
[I 2026-04-07 03:31:07,721] Trial 3 finished with value: 0.975 and parameters: {'n_neighbors': 10, 'leaf_size': 20, 'p': 1}. Best is trial 2 with value: 0.975.
[I 2026-04-07 03:31:07,745] Trial 4 finished with value: 0.975 and parameters: {'n_neighbors': 10, 'leaf_size': 34, 'p': 2}. Best is trial 2 with value: 0.975.
[I 2026-04-07 03:31:07,770] Trial 5 finished with value: 0.975 and parameters: {'n_neighbors': 6, 'leaf_size': 34, 'p': 1}. Best is trial 2 with value: 0.975.
[I 2026-04-07 03:31:07,795] Trial 6 finished with value: 0.975 and parameters: {'n_neighbors': 10, 'leaf_size': 36, 'p': 1}. Best is trial 2 with value: 0.975.
[I 2026-04-07 03:31:07,811] Trial 7 finished with value: 0.975 and parameters: {'n_neighbors': 7, 'leaf_size': 39, 'p': 2}. Best is trial 2 with value: 0.975.
[I 2026-04-07 03:31:07,825] Trial 8 finished with value: 0.975 and parameters: {'n_neighbors': 10, 'leaf_size': 23, 'p': 2}. Best is trial 2 with value: 0.975.
[I 2026-04-07 03:31:07,849] Trial 9 finished with value: 0.975 and parameters: {'n_neighbors': 10, 'leaf_size': 35, 'p': 2}. Best is trial 2 with value: 0.975.
[I 2026-04-07 03:31:07,874] Trial 10 finished with value: 0.975 and parameters: {'n_neighbors': 5, 'leaf_size': 28, 'p': 2}. Best is trial 2 with value: 0.975.
[I 2026-04-07 03:31:07,897] Trial 11 finished with value: 0.975 and parameters: {'n_neighbors': 8, 'leaf_size': 20, 'p': 1}. Best is trial 2 with value: 0.975.
[I 2026-04-07 03:31:07,930] Trial 12 finished with value: 0.975 and parameters: {'n_neighbors': 8, 'leaf_size': 26, 'p': 1}. Best is trial 2 with value: 0.975.
[I 2026-04-07 03:31:07,954] Trial 13 finished with value: 0.975 and parameters: {'n_neighbors': 4, 'leaf_size': 20, 'p': 2}. Best is trial 2 with value: 0.975.
[I 2026-04-07 03:31:07,977] Trial 14 finished with value: 0.975 and parameters: {'n_neighbors': 8, 'leaf_size': 23, 'p': 1}. Best is trial 2 with value: 0.975.
[I 2026-04-07 03:31:07,999] Trial 15 finished with value: 0.975 and parameters: {'n_neighbors': 3, 'leaf_size': 31, 'p': 2}. Best is trial 2 with value: 0.975.
[I 2026-04-07 03:31:08,021] Trial 16 finished with value: 0.975 and parameters: {'n_neighbors': 6, 'leaf_size': 26, 'p': 2}. Best is trial 2 with value: 0.975.
[I 2026-04-07 03:31:08,044] Trial 17 finished with value: 0.975 and parameters: {'n_neighbors': 9, 'leaf_size': 28, 'p': 1}. Best is trial 2 with value: 0.975.
[I 2026-04-07 03:31:08,066] Trial 18 finished with value: 0.95 and parameters: {'n_neighbors': 5, 'leaf_size': 22, 'p': 1}. Best is trial 2 with value: 0.975.
[I 2026-04-07 03:31:08,103] Trial 19 finished with value: 0.975 and parameters: {'n_neighbors': 7, 'leaf_size': 32, 'p': 2}. Best is trial 2 with value: 0.975.
[I 2026-04-07 03:31:08,127] Trial 20 finished with value: 0.975 and parameters: {'n_neighbors': 9, 'leaf_size': 26, 'p': 2}. Best is trial 2 with value: 0.975.
[I 2026-04-07 03:31:08,151] Trial 21 finished with value: 0.975 and parameters: {'n_neighbors': 9, 'leaf_size': 38, 'p': 2}. Best is trial 2 with value: 0.975.
[I 2026-04-07 03:31:08,185] Trial 22 finished with value: 0.975 and parameters: {'n_neighbors': 9, 'leaf_size': 37, 'p': 2}. Best is trial 2 with value: 0.975.
[I 2026-04-07 03:31:08,221] Trial 23 finished with value: 0.975 and parameters: {'n_neighbors': 10, 'leaf_size': 34, 'p': 2}. Best is trial 2 with value: 0.975.
[I 2026-04-07 03:31:08,246] Trial 24 finished with value: 0.975 and parameters: {'n_neighbors': 5, 'leaf_size': 32, 'p': 2}. Best is trial 2 with value: 0.975.
[I 2026-04-07 03:31:08,269] Trial 25 finished with value: 0.975 and parameters: {'n_neighbors': 8, 'leaf_size': 29, 'p': 2}. Best is trial 2 with value: 0.975.
[I 2026-04-07 03:31:08,294] Trial 26 finished with value: 0.95 and parameters: {'n_neighbors': 4, 'leaf_size': 33, 'p': 1}. Best is trial 2 with value: 0.975.
[I 2026-04-07 03:31:08,320] Trial 27 finished with value: 0.975 and parameters: {'n_neighbors': 7, 'leaf_size': 40, 'p': 2}. Best is trial 2 with value: 0.975.
[I 2026-04-07 03:31:08,344] Trial 28 finished with value: 0.975 and parameters: {'n_neighbors': 9, 'leaf_size': 25, 'p': 1}. Best is trial 2 with value: 0.975.
[I 2026-04-07 03:31:08,367] Trial 29 finished with value: 0.95 and parameters: {'n_neighbors': 3, 'leaf_size': 30, 'p': 1}. Best is trial 2 with value: 0.975.
[I 2026-04-07 03:31:09,601] A new study created in memory with name: xgb
