[I 2026-04-09 21:11:10,075] Trial 29 finished with value: 0.75 and parameters: {'hidden_layer_sizes': (100,), 'max_iter': 100, 'alpha': 0.0001}. Best is trial 3 with value: 0.8.
[I 2026-04-09 21:25:43,719] A new study created in memory with name: naive_bayes
Parámetros guardados en checkpoint_paysim_Doriginal_I/ag/IPC_20/best_models_ag_seed_5_space_original/naive_bayes_best_params.json


>>> Optuna tuning logreg metodo ag IPC 20 seed 5


Parámetros guardados en checkpoint_paysim_Doriginal_I/ag/IPC_20/best_models_ag_seed_5_space_original/logreg_best_params.json


>>> Optuna tuning knn metodo ag IPC 20 seed 5


Parámetros guardados en checkpoint_paysim_Doriginal_I/ag/IPC_20/best_models_ag_seed_5_space_original/knn_best_params.json


>>> Optuna tuning xgb metodo ag IPC 20 seed 5


Parámetros guardados en checkpoint_paysim_Doriginal_I/ag/IPC_20/best_models_ag_seed_5_space_original/xgb_best_params.json


>>> Optuna tuning rf metodo ag IPC 20 seed 5


Parámetros guardados en checkpoint_paysim_Doriginal_I/ag/IPC_20/best_models_ag_seed_5_space_original/rf_best_params.json


>>> Optuna tuning mlp metodo ag IPC 20 seed 5


Parámetros guardados en checkpoint_paysim_Doriginal_I/ag/IPC_20/best_models_ag_seed_5_space_original/mlp_best_params.json


>>> Optuna tuning naive_bayes metodo k_center IPC 20 seed 5


Parámetros guardados en checkpoint_paysim_Doriginal_I/k_center/IPC_20/best_models_k_center_seed_5_space_original/naive_bayes_best_params.json


>>> Optuna tuning logreg metodo k_center IPC 20 seed 5


Parámetros guardados en checkpoint_paysim_Doriginal_I/k_center/IPC_20/best_models_k_center_seed_5_space_original/logreg_best_params.json


>>> Optuna tuning knn metodo k_center IPC 20 seed 5


Parámetros guardados en checkpoint_paysim_Doriginal_I/k_center/IPC_20/best_models_k_center_seed_5_space_original/knn_best_params.json


>>> Optuna tuning xgb metodo k_center IPC 20 seed 5


Parámetros guardados en checkpoint_paysim_Doriginal_I/k_center/IPC_20/best_models_k_center_seed_5_space_original/xgb_best_params.json


>>> Optuna tuning rf metodo k_center IPC 20 seed 5


Parámetros guardados en checkpoint_paysim_Doriginal_I/k_center/IPC_20/best_models_k_center_seed_5_space_original/rf_best_params.json


>>> Optuna tuning mlp metodo k_center IPC 20 seed 5


Parámetros guardados en checkpoint_paysim_Doriginal_I/k_center/IPC_20/best_models_k_center_seed_5_space_original/mlp_best_params.json


>>> Optuna tuning naive_bayes metodo lc IPC 20 seed 5


Parámetros guardados en checkpoint_paysim_Doriginal_I/lc/IPC_20/best_models_lc_seed_5_space_original/naive_bayes_best_params.json


>>> Optuna tuning logreg metodo lc IPC 20 seed 5


Parámetros guardados en checkpoint_paysim_Doriginal_I/lc/IPC_20/best_models_lc_seed_5_space_original/logreg_best_params.json


>>> Optuna tuning knn metodo lc IPC 20 seed 5


Parámetros guardados en checkpoint_paysim_Doriginal_I/lc/IPC_20/best_models_lc_seed_5_space_original/knn_best_params.json


>>> Optuna tuning xgb metodo lc IPC 20 seed 5


Parámetros guardados en checkpoint_paysim_Doriginal_I/lc/IPC_20/best_models_lc_seed_5_space_original/xgb_best_params.json


>>> Optuna tuning rf metodo lc IPC 20 seed 5


Parámetros guardados en checkpoint_paysim_Doriginal_I/lc/IPC_20/best_models_lc_seed_5_space_original/rf_best_params.json


>>> Optuna tuning mlp metodo lc IPC 20 seed 5


Parámetros guardados en checkpoint_paysim_Doriginal_I/lc/IPC_20/best_models_lc_seed_5_space_original/mlp_best_params.json


>>> Optuna tuning naive_bayes metodo random IPC 20 seed 6


Parámetros guardados en checkpoint_paysim_Doriginal_I/random/IPC_20/best_models_random_seed_6_space_original/naive_bayes_best_params.json


>>> Optuna tuning logreg metodo random IPC 20 seed 6


Parámetros guardados en checkpoint_paysim_Doriginal_I/random/IPC_20/best_models_random_seed_6_space_original/logreg_best_params.json


>>> Optuna tuning knn metodo random IPC 20 seed 6


Parámetros guardados en checkpoint_paysim_Doriginal_I/random/IPC_20/best_models_random_seed_6_space_original/knn_best_params.json


>>> Optuna tuning xgb metodo random IPC 20 seed 6


Parámetros guardados en checkpoint_paysim_Doriginal_I/random/IPC_20/best_models_random_seed_6_space_original/xgb_best_params.json


>>> Optuna tuning rf metodo random IPC 20 seed 6


Parámetros guardados en checkpoint_paysim_Doriginal_I/random/IPC_20/best_models_random_seed_6_space_original/rf_best_params.json


>>> Optuna tuning mlp metodo random IPC 20 seed 6


Parámetros guardados en checkpoint_paysim_Doriginal_I/random/IPC_20/best_models_random_seed_6_space_original/mlp_best_params.json


>>> Optuna tuning naive_bayes metodo k-means IPC 20 seed 6


Parámetros guardados en checkpoint_paysim_Doriginal_I/k-means/IPC_20/best_models_k-means_seed_6_space_original/naive_bayes_best_params.json


>>> Optuna tuning logreg metodo k-means IPC 20 seed 6


Parámetros guardados en checkpoint_paysim_Doriginal_I/k-means/IPC_20/best_models_k-means_seed_6_space_original/logreg_best_params.json


>>> Optuna tuning knn metodo k-means IPC 20 seed 6


Parámetros guardados en checkpoint_paysim_Doriginal_I/k-means/IPC_20/best_models_k-means_seed_6_space_original/knn_best_params.json


>>> Optuna tuning xgb metodo k-means IPC 20 seed 6


Parámetros guardados en checkpoint_paysim_Doriginal_I/k-means/IPC_20/best_models_k-means_seed_6_space_original/xgb_best_params.json


>>> Optuna tuning rf metodo k-means IPC 20 seed 6


Parámetros guardados en checkpoint_paysim_Doriginal_I/k-means/IPC_20/best_models_k-means_seed_6_space_original/rf_best_params.json


>>> Optuna tuning mlp metodo k-means IPC 20 seed 6


Parámetros guardados en checkpoint_paysim_Doriginal_I/k-means/IPC_20/best_models_k-means_seed_6_space_original/mlp_best_params.json


>>> Optuna tuning naive_bayes metodo ag IPC 20 seed 6


[I 2026-04-09 21:25:46,559] Trial 0 finished with value: 0.85 and parameters: {'var_smoothing': 6.10548688762798e-09}. Best is trial 0 with value: 0.85.
[I 2026-04-09 21:25:49,051] Trial 1 finished with value: 0.825 and parameters: {'var_smoothing': 4.6127467400935034e-10}. Best is trial 0 with value: 0.85.
[I 2026-04-09 21:25:51,614] Trial 2 finished with value: 0.85 and parameters: {'var_smoothing': 4.389936579400967e-09}. Best is trial 0 with value: 0.85.
[I 2026-04-09 21:25:54,060] Trial 3 finished with value: 0.825 and parameters: {'var_smoothing': 1.2116948204672054e-10}. Best is trial 0 with value: 0.85.
[I 2026-04-09 21:25:56,607] Trial 4 finished with value: 0.825 and parameters: {'var_smoothing': 1.6417739478477417e-10}. Best is trial 0 with value: 0.85.
[I 2026-04-09 21:25:59,067] Trial 5 finished with value: 0.825 and parameters: {'var_smoothing': 1.5491880147236797e-09}. Best is trial 0 with value: 0.85.
[I 2026-04-09 21:26:01,521] Trial 6 finished with value: 0.825 and parameters: {'var_smoothing': 1.1471883405287265e-09}. Best is trial 0 with value: 0.85.
[I 2026-04-09 21:26:03,970] Trial 7 finished with value: 0.825 and parameters: {'var_smoothing': 6.88041853492358e-10}. Best is trial 0 with value: 0.85.
[I 2026-04-09 21:26:06,436] Trial 8 finished with value: 0.825 and parameters: {'var_smoothing': 4.686144741221158e-10}. Best is trial 0 with value: 0.85.
[I 2026-04-09 21:26:08,965] Trial 9 finished with value: 0.825 and parameters: {'var_smoothing': 1.7580809350683337e-09}. Best is trial 0 with value: 0.85.
[I 2026-04-09 21:26:11,493] Trial 10 finished with value: 0.85 and parameters: {'var_smoothing': 9.83902635509218e-09}. Best is trial 0 with value: 0.85.
[I 2026-04-09 21:26:14,050] Trial 11 finished with value: 0.85 and parameters: {'var_smoothing': 6.91018960086788e-09}. Best is trial 0 with value: 0.85.
[I 2026-04-09 21:26:16,495] Trial 12 finished with value: 0.85 and parameters: {'var_smoothing': 3.681922431884921e-09}. Best is trial 0 with value: 0.85.
[I 2026-04-09 21:26:16,513] Trial 13 finished with value: 0.85 and parameters: {'var_smoothing': 3.5960698381419725e-09}. Best is trial 0 with value: 0.85.
[I 2026-04-09 21:26:16,531] Trial 14 finished with value: 0.85 and parameters: {'var_smoothing': 3.3469241907304184e-09}. Best is trial 0 with value: 0.85.
[I 2026-04-09 21:26:16,572] Trial 15 finished with value: 0.85 and parameters: {'var_smoothing': 5.301074132926346e-09}. Best is trial 0 with value: 0.85.
[I 2026-04-09 21:26:16,598] Trial 16 finished with value: 0.825 and parameters: {'var_smoothing': 2.347916255848939e-09}. Best is trial 0 with value: 0.85.
[I 2026-04-09 21:26:16,616] Trial 17 finished with value: 0.85 and parameters: {'var_smoothing': 8.497904890171005e-09}. Best is trial 0 with value: 0.85.
[I 2026-04-09 21:26:16,634] Trial 18 finished with value: 0.85 and parameters: {'var_smoothing': 5.310317656318349e-09}. Best is trial 0 with value: 0.85.
[I 2026-04-09 21:26:16,653] Trial 19 finished with value: 0.85 and parameters: {'var_smoothing': 2.6113931710140704e-09}. Best is trial 0 with value: 0.85.
[I 2026-04-09 21:26:16,671] Trial 20 finished with value: 0.85 and parameters: {'var_smoothing': 5.361057930102072e-09}. Best is trial 0 with value: 0.85.
[I 2026-04-09 21:26:16,690] Trial 21 finished with value: 0.85 and parameters: {'var_smoothing': 9.488688810093246e-09}. Best is trial 0 with value: 0.85.
[I 2026-04-09 21:26:16,708] Trial 22 finished with value: 0.85 and parameters: {'var_smoothing': 6.667992141406306e-09}. Best is trial 0 with value: 0.85.
[I 2026-04-09 21:26:16,732] Trial 23 finished with value: 0.85 and parameters: {'var_smoothing': 8.526929663624374e-09}. Best is trial 0 with value: 0.85.
[I 2026-04-09 21:26:19,067] Trial 24 finished with value: 0.85 and parameters: {'var_smoothing': 4.551377624044693e-09}. Best is trial 0 with value: 0.85.
[I 2026-04-09 21:26:19,097] Trial 25 finished with value: 0.825 and parameters: {'var_smoothing': 2.29028363628677e-09}. Best is trial 0 with value: 0.85.
[I 2026-04-09 21:26:19,119] Trial 26 finished with value: 0.85 and parameters: {'var_smoothing': 9.235675215595716e-09}. Best is trial 0 with value: 0.85.
[I 2026-04-09 21:26:19,149] Trial 27 finished with value: 0.825 and parameters: {'var_smoothing': 1.0507932242818069e-09}. Best is trial 0 with value: 0.85.
[I 2026-04-09 21:26:19,180] Trial 28 finished with value: 0.85 and parameters: {'var_smoothing': 3.967543625062895e-09}. Best is trial 0 with value: 0.85.
[I 2026-04-09 21:26:19,201] Trial 29 finished with value: 0.85 and parameters: {'var_smoothing': 6.64586076142141e-09}. Best is trial 0 with value: 0.85.
[I 2026-04-09 21:26:20,247] A new study created in memory with name: logreg
[I 2026-04-09 21:26:20,325] Trial 0 finished with value: 0.85 and parameters: {'C': 29.127335430981816, 'penalty': 'l2'}. Best is trial 0 with value: 0.85.
[I 2026-04-09 21:26:20,383] Trial 1 finished with value: 0.675 and parameters: {'C': 0.045698192893558344, 'penalty': 'l2'}. Best is trial 0 with value: 0.85.
[I 2026-04-09 21:26:20,454] Trial 2 finished with value: 0.8 and parameters: {'C': 12.768668597712947, 'penalty': 'l2'}. Best is trial 0 with value: 0.85.
[I 2026-04-09 21:26:20,498] Trial 3 finished with value: 0.45 and parameters: {'C': 0.0016161554408462638, 'penalty': 'l2'}. Best is trial 0 with value: 0.85.
[I 2026-04-09 21:26:20,545] Trial 4 finished with value: 0.425 and parameters: {'C': 0.0034536903703241734, 'penalty': 'l2'}. Best is trial 0 with value: 0.85.
[I 2026-04-09 21:26:20,600] Trial 5 finished with value: 0.8 and parameters: {'C': 0.9446269266990148, 'penalty': 'l2'}. Best is trial 0 with value: 0.85.
[I 2026-04-09 21:26:20,656] Trial 6 finished with value: 0.8 and parameters: {'C': 0.4457453393648168, 'penalty': 'l2'}. Best is trial 0 with value: 0.85.
[I 2026-04-09 21:26:20,710] Trial 7 finished with value: 0.75 and parameters: {'C': 0.12417585037258261, 'penalty': 'l2'}. Best is trial 0 with value: 0.85.
[I 2026-04-09 21:26:20,763] Trial 8 finished with value: 0.675 and parameters: {'C': 0.04753781830244093, 'penalty': 'l2'}. Best is trial 0 with value: 0.85.
[I 2026-04-09 21:26:20,817] Trial 9 finished with value: 0.8 and parameters: {'C': 1.2959766028194148, 'penalty': 'l2'}. Best is trial 0 with value: 0.85.
[I 2026-04-09 21:26:20,874] Trial 10 finished with value: 0.85 and parameters: {'C': 96.02411422716075, 'penalty': 'l2'}. Best is trial 0 with value: 0.85.
[I 2026-04-09 21:26:20,930] Trial 11 finished with value: 0.875 and parameters: {'C': 59.9697718692158, 'penalty': 'l2'}. Best is trial 11 with value: 0.875.
[I 2026-04-09 21:26:20,968] Trial 12 finished with value: 0.85 and parameters: {'C': 82.8768656483412, 'penalty': 'l2'}. Best is trial 11 with value: 0.875.
[I 2026-04-09 21:26:20,999] Trial 13 finished with value: 0.8 and parameters: {'C': 7.779900499185373, 'penalty': 'l2'}. Best is trial 11 with value: 0.875.
[I 2026-04-09 21:26:21,030] Trial 14 finished with value: 0.825 and parameters: {'C': 15.269005508150352, 'penalty': 'l2'}. Best is trial 11 with value: 0.875.
[I 2026-04-09 21:26:21,059] Trial 15 finished with value: 0.8 and parameters: {'C': 4.379059793024635, 'penalty': 'l2'}. Best is trial 11 with value: 0.875.
[I 2026-04-09 21:26:21,100] Trial 16 finished with value: 0.875 and parameters: {'C': 39.590112118606015, 'penalty': 'l2'}. Best is trial 11 with value: 0.875.
[I 2026-04-09 21:26:21,133] Trial 17 finished with value: 0.8 and parameters: {'C': 2.441117637994922, 'penalty': 'l2'}. Best is trial 11 with value: 0.875.
[I 2026-04-09 21:26:21,172] Trial 18 finished with value: 0.825 and parameters: {'C': 27.82667547558054, 'penalty': 'l2'}. Best is trial 11 with value: 0.875.
[I 2026-04-09 21:26:21,213] Trial 19 finished with value: 0.85 and parameters: {'C': 30.962263479309033, 'penalty': 'l2'}. Best is trial 11 with value: 0.875.
[I 2026-04-09 21:26:21,243] Trial 20 finished with value: 0.5 and parameters: {'C': 0.011303405020628552, 'penalty': 'l2'}. Best is trial 11 with value: 0.875.
[I 2026-04-09 21:26:21,274] Trial 21 finished with value: 0.875 and parameters: {'C': 43.41505006787717, 'penalty': 'l2'}. Best is trial 11 with value: 0.875.
[I 2026-04-09 21:26:21,303] Trial 22 finished with value: 0.875 and parameters: {'C': 54.80331825371942, 'penalty': 'l2'}. Best is trial 11 with value: 0.875.
[I 2026-04-09 21:26:21,332] Trial 23 finished with value: 0.8 and parameters: {'C': 8.74491286360167, 'penalty': 'l2'}. Best is trial 11 with value: 0.875.
[I 2026-04-09 21:26:21,360] Trial 24 finished with value: 0.8 and parameters: {'C': 4.6943729505053025, 'penalty': 'l2'}. Best is trial 11 with value: 0.875.
[I 2026-04-09 21:26:21,391] Trial 25 finished with value: 0.85 and parameters: {'C': 36.206903377722675, 'penalty': 'l2'}. Best is trial 11 with value: 0.875.
[I 2026-04-09 21:26:21,417] Trial 26 finished with value: 0.8 and parameters: {'C': 2.5430256229721584, 'penalty': 'l2'}. Best is trial 11 with value: 0.875.
[I 2026-04-09 21:26:21,450] Trial 27 finished with value: 0.825 and parameters: {'C': 16.78846341797085, 'penalty': 'l2'}. Best is trial 11 with value: 0.875.
[I 2026-04-09 21:26:21,482] Trial 28 finished with value: 0.775 and parameters: {'C': 0.3379286483350295, 'penalty': 'l2'}. Best is trial 11 with value: 0.875.
[I 2026-04-09 21:26:21,511] Trial 29 finished with value: 0.875 and parameters: {'C': 45.75034886101285, 'penalty': 'l2'}. Best is trial 11 with value: 0.875.
[I 2026-04-09 21:26:22,579] A new study created in memory with name: knn
[I 2026-04-09 21:26:22,614] Trial 0 finished with value: 0.625 and parameters: {'n_neighbors': 10, 'leaf_size': 26, 'p': 1}. Best is trial 0 with value: 0.625.
[I 2026-04-09 21:26:22,663] Trial 1 finished with value: 0.675 and parameters: {'n_neighbors': 3, 'leaf_size': 32, 'p': 1}. Best is trial 1 with value: 0.675.
[I 2026-04-09 21:26:22,697] Trial 2 finished with value: 0.675 and parameters: {'n_neighbors': 5, 'leaf_size': 33, 'p': 2}. Best is trial 1 with value: 0.675.
[I 2026-04-09 21:26:22,741] Trial 3 finished with value: 0.675 and parameters: {'n_neighbors': 7, 'leaf_size': 32, 'p': 2}. Best is trial 1 with value: 0.675.
[I 2026-04-09 21:26:22,776] Trial 4 finished with value: 0.675 and parameters: {'n_neighbors': 9, 'leaf_size': 28, 'p': 1}. Best is trial 1 with value: 0.675.
[I 2026-04-09 21:26:22,810] Trial 5 finished with value: 0.675 and parameters: {'n_neighbors': 3, 'leaf_size': 35, 'p': 1}. Best is trial 1 with value: 0.675.
[I 2026-04-09 21:26:22,844] Trial 6 finished with value: 0.65 and parameters: {'n_neighbors': 8, 'leaf_size': 31, 'p': 2}. Best is trial 1 with value: 0.675.
[I 2026-04-09 21:26:22,879] Trial 7 finished with value: 0.675 and parameters: {'n_neighbors': 6, 'leaf_size': 24, 'p': 2}. Best is trial 1 with value: 0.675.
[I 2026-04-09 21:26:22,924] Trial 8 finished with value: 0.675 and parameters: {'n_neighbors': 5, 'leaf_size': 34, 'p': 2}. Best is trial 1 with value: 0.675.
[I 2026-04-09 21:26:22,968] Trial 9 finished with value: 0.65 and parameters: {'n_neighbors': 10, 'leaf_size': 27, 'p': 2}. Best is trial 1 with value: 0.675.
[I 2026-04-09 21:26:23,019] Trial 10 finished with value: 0.675 and parameters: {'n_neighbors': 3, 'leaf_size': 40, 'p': 1}. Best is trial 1 with value: 0.675.
[I 2026-04-09 21:26:23,069] Trial 11 finished with value: 0.725 and parameters: {'n_neighbors': 4, 'leaf_size': 38, 'p': 1}. Best is trial 11 with value: 0.725.
[I 2026-04-09 21:26:23,091] Trial 12 finished with value: 0.725 and parameters: {'n_neighbors': 4, 'leaf_size': 39, 'p': 1}. Best is trial 11 with value: 0.725.
[I 2026-04-09 21:26:23,121] Trial 13 finished with value: 0.65 and parameters: {'n_neighbors': 5, 'leaf_size': 38, 'p': 1}. Best is trial 11 with value: 0.725.
[I 2026-04-09 21:26:23,145] Trial 14 finished with value: 0.65 and parameters: {'n_neighbors': 5, 'leaf_size': 20, 'p': 1}. Best is trial 11 with value: 0.725.
[I 2026-04-09 21:26:23,165] Trial 15 finished with value: 0.725 and parameters: {'n_neighbors': 4, 'leaf_size': 37, 'p': 1}. Best is trial 11 with value: 0.725.
[I 2026-04-09 21:26:23,185] Trial 16 finished with value: 0.725 and parameters: {'n_neighbors': 4, 'leaf_size': 40, 'p': 1}. Best is trial 11 with value: 0.725.
[I 2026-04-09 21:26:23,204] Trial 17 finished with value: 0.6 and parameters: {'n_neighbors': 7, 'leaf_size': 37, 'p': 1}. Best is trial 11 with value: 0.725.
[I 2026-04-09 21:26:23,224] Trial 18 finished with value: 0.725 and parameters: {'n_neighbors': 4, 'leaf_size': 36, 'p': 1}. Best is trial 11 with value: 0.725.
[I 2026-04-09 21:26:23,260] Trial 19 finished with value: 0.675 and parameters: {'n_neighbors': 6, 'leaf_size': 39, 'p': 1}. Best is trial 11 with value: 0.725.
[I 2026-04-09 21:26:23,300] Trial 20 finished with value: 0.725 and parameters: {'n_neighbors': 4, 'leaf_size': 29, 'p': 1}. Best is trial 11 with value: 0.725.
[I 2026-04-09 21:26:23,335] Trial 21 finished with value: 0.725 and parameters: {'n_neighbors': 4, 'leaf_size': 37, 'p': 1}. Best is trial 11 with value: 0.725.
[I 2026-04-09 21:26:23,355] Trial 22 finished with value: 0.675 and parameters: {'n_neighbors': 3, 'leaf_size': 35, 'p': 1}. Best is trial 11 with value: 0.725.
[I 2026-04-09 21:26:23,375] Trial 23 finished with value: 0.725 and parameters: {'n_neighbors': 4, 'leaf_size': 38, 'p': 1}. Best is trial 11 with value: 0.725.
[I 2026-04-09 21:26:23,397] Trial 24 finished with value: 0.675 and parameters: {'n_neighbors': 6, 'leaf_size': 40, 'p': 1}. Best is trial 11 with value: 0.725.
[I 2026-04-09 21:26:23,422] Trial 25 finished with value: 0.65 and parameters: {'n_neighbors': 5, 'leaf_size': 36, 'p': 1}. Best is trial 11 with value: 0.725.
[I 2026-04-09 21:26:23,448] Trial 26 finished with value: 0.725 and parameters: {'n_neighbors': 4, 'leaf_size': 38, 'p': 1}. Best is trial 11 with value: 0.725.
[I 2026-04-09 21:26:23,469] Trial 27 finished with value: 0.675 and parameters: {'n_neighbors': 3, 'leaf_size': 34, 'p': 1}. Best is trial 11 with value: 0.725.
[I 2026-04-09 21:26:23,494] Trial 28 finished with value: 0.675 and parameters: {'n_neighbors': 6, 'leaf_size': 36, 'p': 1}. Best is trial 11 with value: 0.725.
[I 2026-04-09 21:26:23,516] Trial 29 finished with value: 0.675 and parameters: {'n_neighbors': 9, 'leaf_size': 25, 'p': 1}. Best is trial 11 with value: 0.725.
[I 2026-04-09 21:26:25,043] A new study created in memory with name: xgb
[I 2026-04-09 21:26:25,093] Trial 0 finished with value: 0.9 and parameters: {'n_estimators': 10, 'max_depth': 30, 'gamma': 0.5768356259735394, 'subsample': 0.7094037142783272, 'colsample_bytree': 0.6677039246366646}. Best is trial 0 with value: 0.9.
[I 2026-04-09 21:26:25,148] Trial 1 finished with value: 0.975 and parameters: {'n_estimators': 100, 'max_depth': 30, 'gamma': 0.9912018442360747, 'subsample': 0.9099290984609207, 'colsample_bytree': 0.7066004674080903}. Best is trial 1 with value: 0.975.
[I 2026-04-09 21:26:25,193] Trial 2 finished with value: 0.9 and parameters: {'n_estimators': 10, 'max_depth': 20, 'gamma': 0.7382185757030506, 'subsample': 0.7704684271512641, 'colsample_bytree': 0.5624120871903049}. Best is trial 1 with value: 0.975.
[I 2026-04-09 21:26:25,238] Trial 3 finished with value: 0.925 and parameters: {'n_estimators': 10, 'max_depth': 20, 'gamma': 0.7041784887453524, 'subsample': 0.7995029565695583, 'colsample_bytree': 0.8586660727777565}. Best is trial 1 with value: 0.975.
[I 2026-04-09 21:26:25,282] Trial 4 finished with value: 0.925 and parameters: {'n_estimators': 10, 'max_depth': 20, 'gamma': 0.46549701645255037, 'subsample': 0.9946899241400011, 'colsample_bytree': 0.725249640372583}. Best is trial 1 with value: 0.975.
[I 2026-04-09 21:26:25,340] Trial 5 finished with value: 0.975 and parameters: {'n_estimators': 40, 'max_depth': 20, 'gamma': 0.3554734452019276, 'subsample': 0.5947710951851903, 'colsample_bytree': 0.7356254823676576}. Best is trial 1 with value: 0.975.
[I 2026-04-09 21:26:25,397] Trial 6 finished with value: 0.95 and parameters: {'n_estimators': 40, 'max_depth': 20, 'gamma': 0.8967376717636345, 'subsample': 0.988276510203839, 'colsample_bytree': 0.9184542964535913}. Best is trial 1 with value: 0.975.
