[I 2026-04-09 20:50:47,059] Trial 21 finished with value: 1.0 and parameters: {'n_neighbors': 3, 'leaf_size': 28, 'p': 2}. Best is trial 0 with value: 1.0.
[I 2026-04-09 20:50:47,114] Trial 22 finished with value: 1.0 and parameters: {'n_neighbors': 3, 'leaf_size': 22, 'p': 2}. Best is trial 0 with value: 1.0.
[I 2026-04-09 20:50:47,141] Trial 23 finished with value: 1.0 and parameters: {'n_neighbors': 4, 'leaf_size': 26, 'p': 2}. Best is trial 0 with value: 1.0.
[I 2026-04-09 20:50:47,165] Trial 24 finished with value: 1.0 and parameters: {'n_neighbors': 3, 'leaf_size': 28, 'p': 2}. Best is trial 0 with value: 1.0.
[I 2026-04-09 20:50:47,191] Trial 25 finished with value: 1.0 and parameters: {'n_neighbors': 4, 'leaf_size': 32, 'p': 2}. Best is trial 0 with value: 1.0.
[I 2026-04-09 20:50:47,216] Trial 26 finished with value: 1.0 and parameters: {'n_neighbors': 5, 'leaf_size': 29, 'p': 2}. Best is trial 0 with value: 1.0.
[I 2026-04-09 20:50:47,250] Trial 27 finished with value: 1.0 and parameters: {'n_neighbors': 3, 'leaf_size': 25, 'p': 1}. Best is trial 0 with value: 1.0.
[I 2026-04-09 20:50:47,275] Trial 28 finished with value: 1.0 and parameters: {'n_neighbors': 4, 'leaf_size': 27, 'p': 2}. Best is trial 0 with value: 1.0.
[I 2026-04-09 20:50:47,300] Trial 29 finished with value: 1.0 and parameters: {'n_neighbors': 6, 'leaf_size': 21, 'p': 1}. Best is trial 0 with value: 1.0.
[I 2026-04-09 20:50:48,517] A new study created in memory with name: xgb
[I 2026-04-09 20:50:48,543] Trial 0 finished with value: 1.0 and parameters: {'n_estimators': 40, 'max_depth': 30, 'gamma': 0.47665736245940726, 'subsample': 0.6240505842067796, 'colsample_bytree': 0.542029825582675}. Best is trial 0 with value: 1.0.
[I 2026-04-09 20:50:48,589] Trial 1 finished with value: 0.95 and parameters: {'n_estimators': 100, 'max_depth': 5, 'gamma': 0.6154838340124683, 'subsample': 0.9490035591125747, 'colsample_bytree': 0.8334494864598183}. Best is trial 0 with value: 1.0.
[I 2026-04-09 20:50:48,613] Trial 2 finished with value: 0.95 and parameters: {'n_estimators': 40, 'max_depth': 20, 'gamma': 0.9464719685739904, 'subsample': 0.9018698850061588, 'colsample_bytree': 0.9916796241121663}. Best is trial 0 with value: 1.0.
[I 2026-04-09 20:50:48,637] Trial 3 finished with value: 0.95 and parameters: {'n_estimators': 100, 'max_depth': 30, 'gamma': 0.26698751824101463, 'subsample': 0.6215578376567042, 'colsample_bytree': 0.9367004215505623}. Best is trial 0 with value: 1.0.
[I 2026-04-09 20:50:48,662] Trial 4 finished with value: 0.95 and parameters: {'n_estimators': 10, 'max_depth': 20, 'gamma': 0.5301766121845122, 'subsample': 0.7177777323831729, 'colsample_bytree': 0.9352041482132656}. Best is trial 0 with value: 1.0.
[I 2026-04-09 20:50:48,688] Trial 5 finished with value: 0.95 and parameters: {'n_estimators': 100, 'max_depth': 5, 'gamma': 0.6742485862456464, 'subsample': 0.7308488312353485, 'colsample_bytree': 0.5265297122426965}. Best is trial 0 with value: 1.0.
[I 2026-04-09 20:50:48,725] Trial 6 finished with value: 0.95 and parameters: {'n_estimators': 100, 'max_depth': 30, 'gamma': 0.5360486096375219, 'subsample': 0.8488681925618888, 'colsample_bytree': 0.900578215847843}. Best is trial 0 with value: 1.0.
[I 2026-04-09 20:50:48,753] Trial 7 finished with value: 1.0 and parameters: {'n_estimators': 40, 'max_depth': 5, 'gamma': 0.4997010655396419, 'subsample': 0.7490698051808964, 'colsample_bytree': 0.7071731623998108}. Best is trial 0 with value: 1.0.
[I 2026-04-09 20:50:48,805] Trial 8 finished with value: 0.95 and parameters: {'n_estimators': 100, 'max_depth': 5, 'gamma': 0.5449029446194361, 'subsample': 0.7150234071055932, 'colsample_bytree': 0.8673829085180849}. Best is trial 0 with value: 1.0.
[I 2026-04-09 20:50:48,831] Trial 9 finished with value: 0.95 and parameters: {'n_estimators': 100, 'max_depth': 30, 'gamma': 0.5427360453562716, 'subsample': 0.5915763668266103, 'colsample_bytree': 0.5546552575823498}. Best is trial 0 with value: 1.0.
[I 2026-04-09 20:50:48,872] Trial 10 finished with value: 1.0 and parameters: {'n_estimators': 40, 'max_depth': 30, 'gamma': 0.14684638844211245, 'subsample': 0.5183047662344111, 'colsample_bytree': 0.6399757283243361}. Best is trial 0 with value: 1.0.
[I 2026-04-09 20:50:48,911] Trial 11 finished with value: 0.95 and parameters: {'n_estimators': 40, 'max_depth': 5, 'gamma': 0.3636390544526132, 'subsample': 0.8054305408612227, 'colsample_bytree': 0.708779028268002}. Best is trial 0 with value: 1.0.
[I 2026-04-09 20:50:48,950] Trial 12 finished with value: 1.0 and parameters: {'n_estimators': 40, 'max_depth': 30, 'gamma': 0.7487633273197036, 'subsample': 0.6474067209535633, 'colsample_bytree': 0.6321863083844438}. Best is trial 0 with value: 1.0.
[I 2026-04-09 20:50:48,988] Trial 13 finished with value: 0.95 and parameters: {'n_estimators': 40, 'max_depth': 5, 'gamma': 0.3507723726564195, 'subsample': 0.7963743709622455, 'colsample_bytree': 0.774665187620459}. Best is trial 0 with value: 1.0.
[I 2026-04-09 20:50:49,016] Trial 14 finished with value: 0.9 and parameters: {'n_estimators': 10, 'max_depth': 20, 'gamma': 0.41351931076872145, 'subsample': 0.5496104989333248, 'colsample_bytree': 0.61545905196428}. Best is trial 0 with value: 1.0.
[I 2026-04-09 20:50:49,054] Trial 15 finished with value: 0.95 and parameters: {'n_estimators': 40, 'max_depth': 30, 'gamma': 0.7804219605572124, 'subsample': 0.6732093733372994, 'colsample_bytree': 0.7155253883752144}. Best is trial 0 with value: 1.0.
[I 2026-04-09 20:50:49,091] Trial 16 finished with value: 0.95 and parameters: {'n_estimators': 40, 'max_depth': 5, 'gamma': 0.1971240587712514, 'subsample': 0.7865035098662503, 'colsample_bytree': 0.506573445234963}. Best is trial 0 with value: 1.0.
[I 2026-04-09 20:50:49,130] Trial 17 finished with value: 1.0 and parameters: {'n_estimators': 40, 'max_depth': 5, 'gamma': 0.43716986489552745, 'subsample': 0.591050774060242, 'colsample_bytree': 0.7750011501505286}. Best is trial 0 with value: 1.0.
[I 2026-04-09 20:50:49,168] Trial 18 finished with value: 1.0 and parameters: {'n_estimators': 10, 'max_depth': 30, 'gamma': 0.29624705228050296, 'subsample': 0.6739503119236959, 'colsample_bytree': 0.5895085920073285}. Best is trial 0 with value: 1.0.
[I 2026-04-09 20:50:49,212] Trial 19 finished with value: 0.95 and parameters: {'n_estimators': 40, 'max_depth': 20, 'gamma': 0.8484091708840186, 'subsample': 0.5022813940379721, 'colsample_bytree': 0.7097341675902225}. Best is trial 0 with value: 1.0.
[I 2026-04-09 20:50:49,253] Trial 20 finished with value: 0.95 and parameters: {'n_estimators': 40, 'max_depth': 30, 'gamma': 0.6521726999788839, 'subsample': 0.8598211984650851, 'colsample_bytree': 0.6662949926145049}. Best is trial 0 with value: 1.0.
[I 2026-04-09 20:50:49,290] Trial 21 finished with value: 0.95 and parameters: {'n_estimators': 40, 'max_depth': 30, 'gamma': 0.10512315596977312, 'subsample': 0.5050988682653508, 'colsample_bytree': 0.572231691802514}. Best is trial 0 with value: 1.0.
[I 2026-04-09 20:50:49,334] Trial 22 finished with value: 1.0 and parameters: {'n_estimators': 40, 'max_depth': 30, 'gamma': 0.11542805202492856, 'subsample': 0.556386491372078, 'colsample_bytree': 0.6704631492562921}. Best is trial 0 with value: 1.0.
[I 2026-04-09 20:50:49,373] Trial 23 finished with value: 1.0 and parameters: {'n_estimators': 40, 'max_depth': 30, 'gamma': 0.45428956209993054, 'subsample': 0.5497588943188588, 'colsample_bytree': 0.650023991096761}. Best is trial 0 with value: 1.0.
[I 2026-04-09 20:50:49,414] Trial 24 finished with value: 0.95 and parameters: {'n_estimators': 40, 'max_depth': 30, 'gamma': 0.21823106714669427, 'subsample': 0.6091989531976671, 'colsample_bytree': 0.5883255925912214}. Best is trial 0 with value: 1.0.
[I 2026-04-09 20:50:49,453] Trial 25 finished with value: 0.95 and parameters: {'n_estimators': 10, 'max_depth': 5, 'gamma': 0.4663766948912322, 'subsample': 0.6853694026268409, 'colsample_bytree': 0.7517835178681788}. Best is trial 0 with value: 1.0.
[I 2026-04-09 20:50:49,502] Trial 26 finished with value: 1.0 and parameters: {'n_estimators': 40, 'max_depth': 30, 'gamma': 0.18343563428384324, 'subsample': 0.6374844457619235, 'colsample_bytree': 0.5428670544627212}. Best is trial 0 with value: 1.0.
[I 2026-04-09 20:50:49,537] Trial 27 finished with value: 0.95 and parameters: {'n_estimators': 40, 'max_depth': 30, 'gamma': 0.33886385672513597, 'subsample': 0.7548439694958107, 'colsample_bytree': 0.6058112293053861}. Best is trial 0 with value: 1.0.
[I 2026-04-09 20:50:49,570] Trial 28 finished with value: 0.95 and parameters: {'n_estimators': 40, 'max_depth': 20, 'gamma': 0.619293113542426, 'subsample': 0.5698093467187935, 'colsample_bytree': 0.8160701074598457}. Best is trial 0 with value: 1.0.
[I 2026-04-09 20:50:49,604] Trial 29 finished with value: 0.95 and parameters: {'n_estimators': 10, 'max_depth': 5, 'gamma': 0.9502856681365417, 'subsample': 0.9539525485989067, 'colsample_bytree': 0.6760785102727805}. Best is trial 0 with value: 1.0.
[I 2026-04-09 20:50:50,557] A new study created in memory with name: rf
[I 2026-04-09 20:50:50,692] Trial 0 finished with value: 1.0 and parameters: {'n_estimators': 104, 'max_depth': 12, 'min_samples_split': 6, 'min_samples_leaf': 2}. Best is trial 0 with value: 1.0.
[I 2026-04-09 20:50:50,871] Trial 1 finished with value: 1.0 and parameters: {'n_estimators': 156, 'max_depth': 6, 'min_samples_split': 5, 'min_samples_leaf': 3}. Best is trial 0 with value: 1.0.
[I 2026-04-09 20:50:51,080] Trial 2 finished with value: 0.5 and parameters: {'n_estimators': 133, 'max_depth': 9, 'min_samples_split': 3, 'min_samples_leaf': 9}. Best is trial 0 with value: 1.0.
[I 2026-04-09 20:50:51,607] Trial 3 finished with value: 0.95 and parameters: {'n_estimators': 481, 'max_depth': 3, 'min_samples_split': 8, 'min_samples_leaf': 6}. Best is trial 0 with value: 1.0.
[I 2026-04-09 20:50:52,102] Trial 4 finished with value: 0.5 and parameters: {'n_estimators': 460, 'max_depth': 15, 'min_samples_split': 6, 'min_samples_leaf': 8}. Best is trial 0 with value: 1.0.
[I 2026-04-09 20:50:52,379] Trial 5 finished with value: 1.0 and parameters: {'n_estimators': 254, 'max_depth': 15, 'min_samples_split': 9, 'min_samples_leaf': 5}. Best is trial 0 with value: 1.0.
[I 2026-04-09 20:50:52,913] Trial 6 finished with value: 1.0 and parameters: {'n_estimators': 477, 'max_depth': 17, 'min_samples_split': 10, 'min_samples_leaf': 2}. Best is trial 0 with value: 1.0.
[I 2026-04-09 20:50:53,270] Trial 7 finished with value: 0.5 and parameters: {'n_estimators': 308, 'max_depth': 20, 'min_samples_split': 7, 'min_samples_leaf': 9}. Best is trial 0 with value: 1.0.
[I 2026-04-09 20:50:53,829] Trial 8 finished with value: 0.5 and parameters: {'n_estimators': 489, 'max_depth': 6, 'min_samples_split': 4, 'min_samples_leaf': 9}. Best is trial 0 with value: 1.0.
[I 2026-04-09 20:50:54,320] Trial 9 finished with value: 1.0 and parameters: {'n_estimators': 463, 'max_depth': 16, 'min_samples_split': 5, 'min_samples_leaf': 5}. Best is trial 0 with value: 1.0.
[I 2026-04-09 20:50:54,624] Trial 10 finished with value: 1.0 and parameters: {'n_estimators': 233, 'max_depth': 11, 'min_samples_split': 2, 'min_samples_leaf': 1}. Best is trial 0 with value: 1.0.
[I 2026-04-09 20:50:54,794] Trial 11 finished with value: 1.0 and parameters: {'n_estimators': 100, 'max_depth': 8, 'min_samples_split': 6, 'min_samples_leaf': 3}. Best is trial 0 with value: 1.0.
[I 2026-04-09 20:50:55,042] Trial 12 finished with value: 1.0 and parameters: {'n_estimators': 172, 'max_depth': 12, 'min_samples_split': 5, 'min_samples_leaf': 3}. Best is trial 0 with value: 1.0.
[I 2026-04-09 20:50:55,291] Trial 13 finished with value: 1.0 and parameters: {'n_estimators': 194, 'max_depth': 3, 'min_samples_split': 7, 'min_samples_leaf': 3}. Best is trial 0 with value: 1.0.
[I 2026-04-09 20:50:55,716] Trial 14 finished with value: 1.0 and parameters: {'n_estimators': 339, 'max_depth': 12, 'min_samples_split': 4, 'min_samples_leaf': 1}. Best is trial 0 with value: 1.0.
[I 2026-04-09 20:50:55,964] Trial 15 finished with value: 1.0 and parameters: {'n_estimators': 161, 'max_depth': 6, 'min_samples_split': 5, 'min_samples_leaf': 4}. Best is trial 0 with value: 1.0.
[I 2026-04-09 20:50:56,152] Trial 16 finished with value: 0.5 and parameters: {'n_estimators': 104, 'max_depth': 9, 'min_samples_split': 7, 'min_samples_leaf': 7}. Best is trial 0 with value: 1.0.
[I 2026-04-09 20:50:56,572] Trial 17 finished with value: 1.0 and parameters: {'n_estimators': 359, 'max_depth': 5, 'min_samples_split': 2, 'min_samples_leaf': 2}. Best is trial 0 with value: 1.0.
[I 2026-04-09 20:50:56,880] Trial 18 finished with value: 1.0 and parameters: {'n_estimators': 222, 'max_depth': 10, 'min_samples_split': 4, 'min_samples_leaf': 4}. Best is trial 0 with value: 1.0.
[I 2026-04-09 20:50:57,383] Trial 19 finished with value: 1.0 and parameters: {'n_estimators': 405, 'max_depth': 13, 'min_samples_split': 6, 'min_samples_leaf': 2}. Best is trial 0 with value: 1.0.
[I 2026-04-09 20:50:57,576] Trial 20 finished with value: 1.0 and parameters: {'n_estimators': 144, 'max_depth': 8, 'min_samples_split': 8, 'min_samples_leaf': 4}. Best is trial 0 with value: 1.0.
[I 2026-04-09 20:50:57,887] Trial 21 finished with value: 1.0 and parameters: {'n_estimators': 269, 'max_depth': 14, 'min_samples_split': 9, 'min_samples_leaf': 5}. Best is trial 0 with value: 1.0.
[I 2026-04-09 20:50:58,210] Trial 22 finished with value: 0.55 and parameters: {'n_estimators': 252, 'max_depth': 19, 'min_samples_split': 10, 'min_samples_leaf': 7}. Best is trial 0 with value: 1.0.
[I 2026-04-09 20:50:58,466] Trial 23 finished with value: 1.0 and parameters: {'n_estimators': 196, 'max_depth': 14, 'min_samples_split': 8, 'min_samples_leaf': 6}. Best is trial 0 with value: 1.0.
[I 2026-04-09 20:50:58,834] Trial 24 finished with value: 0.95 and parameters: {'n_estimators': 279, 'max_depth': 17, 'min_samples_split': 9, 'min_samples_leaf': 4}. Best is trial 0 with value: 1.0.
[I 2026-04-09 20:50:59,015] Trial 25 finished with value: 1.0 and parameters: {'n_estimators': 124, 'max_depth': 11, 'min_samples_split': 5, 'min_samples_leaf': 3}. Best is trial 0 with value: 1.0.
[I 2026-04-09 20:50:59,296] Trial 26 finished with value: 1.0 and parameters: {'n_estimators': 194, 'max_depth': 13, 'min_samples_split': 7, 'min_samples_leaf': 1}. Best is trial 0 with value: 1.0.
[I 2026-04-09 20:50:59,535] Trial 27 finished with value: 1.0 and parameters: {'n_estimators': 170, 'max_depth': 17, 'min_samples_split': 3, 'min_samples_leaf': 5}. Best is trial 0 with value: 1.0.
[I 2026-04-09 20:50:59,824] Trial 28 finished with value: 1.0 and parameters: {'n_estimators': 219, 'max_depth': 15, 'min_samples_split': 6, 'min_samples_leaf': 2}. Best is trial 0 with value: 1.0.
[I 2026-04-09 20:51:00,049] Trial 29 finished with value: 0.5 and parameters: {'n_estimators': 129, 'max_depth': 10, 'min_samples_split': 3, 'min_samples_leaf': 10}. Best is trial 0 with value: 1.0.
[I 2026-04-09 20:51:01,649] A new study created in memory with name: mlp
[I 2026-04-09 20:51:01,693] Trial 0 finished with value: 1.0 and parameters: {'hidden_layer_sizes': (200,), 'max_iter': 100, 'alpha': 0.001}. Best is trial 0 with value: 1.0.
[I 2026-04-09 20:51:01,780] Trial 1 finished with value: 1.0 and parameters: {'hidden_layer_sizes': (100, 100), 'max_iter': 100, 'alpha': 0.0001}. Best is trial 0 with value: 1.0.
[I 2026-04-09 20:51:01,828] Trial 2 finished with value: 1.0 and parameters: {'hidden_layer_sizes': (100, 100), 'max_iter': 50, 'alpha': 0.0001}. Best is trial 0 with value: 1.0.
[I 2026-04-09 20:51:01,867] Trial 3 finished with value: 1.0 and parameters: {'hidden_layer_sizes': (200,), 'max_iter': 50, 'alpha': 0.0001}. Best is trial 0 with value: 1.0.
[I 2026-04-09 20:51:01,924] Trial 4 finished with value: 1.0 and parameters: {'hidden_layer_sizes': (200,), 'max_iter': 100, 'alpha': 0.001}. Best is trial 0 with value: 1.0.
[I 2026-04-09 20:51:01,988] Trial 5 finished with value: 1.0 and parameters: {'hidden_layer_sizes': (200,), 'max_iter': 100, 'alpha': 0.0001}. Best is trial 0 with value: 1.0.
[I 2026-04-09 20:51:02,073] Trial 6 finished with value: 1.0 and parameters: {'hidden_layer_sizes': (100, 100), 'max_iter': 100, 'alpha': 0.001}. Best is trial 0 with value: 1.0.
[I 2026-04-09 20:51:02,107] Trial 7 finished with value: 1.0 and parameters: {'hidden_layer_sizes': (200,), 'max_iter': 50, 'alpha': 0.001}. Best is trial 0 with value: 1.0.
[I 2026-04-09 20:51:02,161] Trial 8 finished with value: 1.0 and parameters: {'hidden_layer_sizes': (100,), 'max_iter': 100, 'alpha': 0.001}. Best is trial 0 with value: 1.0.
[I 2026-04-09 20:51:02,198] Trial 9 finished with value: 1.0 and parameters: {'hidden_layer_sizes': (200,), 'max_iter': 50, 'alpha': 0.001}. Best is trial 0 with value: 1.0.
[I 2026-04-09 20:51:02,266] Trial 10 finished with value: 1.0 and parameters: {'hidden_layer_sizes': (100,), 'max_iter': 100, 'alpha': 0.001}. Best is trial 0 with value: 1.0.
[I 2026-04-09 20:51:02,322] Trial 11 finished with value: 1.0 and parameters: {'hidden_layer_sizes': (100, 100), 'max_iter': 100, 'alpha': 0.0001}. Best is trial 0 with value: 1.0.
[I 2026-04-09 20:51:02,393] Trial 12 finished with value: 1.0 and parameters: {'hidden_layer_sizes': (100, 100), 'max_iter': 100, 'alpha': 0.0001}. Best is trial 0 with value: 1.0.
[I 2026-04-09 20:51:02,459] Trial 13 finished with value: 1.0 and parameters: {'hidden_layer_sizes': (100, 100), 'max_iter': 100, 'alpha': 0.0001}. Best is trial 0 with value: 1.0.
[I 2026-04-09 20:51:02,509] Trial 14 finished with value: 1.0 and parameters: {'hidden_layer_sizes': (100,), 'max_iter': 100, 'alpha': 0.001}. Best is trial 0 with value: 1.0.
[I 2026-04-09 20:51:02,566] Trial 15 finished with value: 1.0 and parameters: {'hidden_layer_sizes': (200,), 'max_iter': 100, 'alpha': 0.0001}. Best is trial 0 with value: 1.0.
[I 2026-04-09 20:51:02,627] Trial 16 finished with value: 1.0 and parameters: {'hidden_layer_sizes': (100, 100), 'max_iter': 100, 'alpha': 0.001}. Best is trial 0 with value: 1.0.
[I 2026-04-09 20:51:02,683] Trial 17 finished with value: 1.0 and parameters: {'hidden_layer_sizes': (200,), 'max_iter': 100, 'alpha': 0.0001}. Best is trial 0 with value: 1.0.
[I 2026-04-09 20:51:02,742] Trial 18 finished with value: 1.0 and parameters: {'hidden_layer_sizes': (100, 100), 'max_iter': 50, 'alpha': 0.0001}. Best is trial 0 with value: 1.0.
[I 2026-04-09 20:51:02,809] Trial 19 finished with value: 1.0 and parameters: {'hidden_layer_sizes': (100,), 'max_iter': 100, 'alpha': 0.001}. Best is trial 0 with value: 1.0.
[I 2026-04-09 20:51:02,868] Trial 20 finished with value: 1.0 and parameters: {'hidden_layer_sizes': (100, 100), 'max_iter': 100, 'alpha': 0.001}. Best is trial 0 with value: 1.0.
[I 2026-04-09 20:51:02,916] Trial 21 finished with value: 1.0 and parameters: {'hidden_layer_sizes': (100, 100), 'max_iter': 50, 'alpha': 0.0001}. Best is trial 0 with value: 1.0.
[I 2026-04-09 20:51:02,963] Trial 22 finished with value: 1.0 and parameters: {'hidden_layer_sizes': (100, 100), 'max_iter': 50, 'alpha': 0.0001}. Best is trial 0 with value: 1.0.
[I 2026-04-09 20:51:03,008] Trial 23 finished with value: 1.0 and parameters: {'hidden_layer_sizes': (100, 100), 'max_iter': 50, 'alpha': 0.0001}. Best is trial 0 with value: 1.0.
[I 2026-04-09 20:51:03,065] Trial 24 finished with value: 1.0 and parameters: {'hidden_layer_sizes': (100, 100), 'max_iter': 50, 'alpha': 0.0001}. Best is trial 0 with value: 1.0.
[I 2026-04-09 20:51:03,103] Trial 25 finished with value: 1.0 and parameters: {'hidden_layer_sizes': (200,), 'max_iter': 50, 'alpha': 0.0001}. Best is trial 0 with value: 1.0.
[I 2026-04-09 20:51:03,170] Trial 26 finished with value: 1.0 and parameters: {'hidden_layer_sizes': (100, 100), 'max_iter': 50, 'alpha': 0.0001}. Best is trial 0 with value: 1.0.
[I 2026-04-09 20:51:03,216] Trial 27 finished with value: 1.0 and parameters: {'hidden_layer_sizes': (100, 100), 'max_iter': 100, 'alpha': 0.0001}. Best is trial 0 with value: 1.0.
[I 2026-04-09 20:51:03,251] Trial 28 finished with value: 1.0 and parameters: {'hidden_layer_sizes': (100,), 'max_iter': 50, 'alpha': 0.001}. Best is trial 0 with value: 1.0.
[I 2026-04-09 20:51:03,299] Trial 29 finished with value: 1.0 and parameters: {'hidden_layer_sizes': (200,), 'max_iter': 50, 'alpha': 0.0001}. Best is trial 0 with value: 1.0.
[I 2026-04-09 20:51:04,979] A new study created in memory with name: naive_bayes
[I 2026-04-09 20:51:04,993] Trial 0 finished with value: 0.85 and parameters: {'var_smoothing': 2.7796258518939306e-10}. Best is trial 0 with value: 0.85.
[I 2026-04-09 20:51:05,007] Trial 1 finished with value: 0.825 and parameters: {'var_smoothing': 5.513972710118387e-09}. Best is trial 0 with value: 0.85.
[I 2026-04-09 20:51:05,020] Trial 2 finished with value: 0.85 and parameters: {'var_smoothing': 2.590826381512706e-10}. Best is trial 0 with value: 0.85.
[I 2026-04-09 20:51:05,034] Trial 3 finished with value: 0.825 and parameters: {'var_smoothing': 6.874194498027403e-09}. Best is trial 0 with value: 0.85.
[I 2026-04-09 20:51:05,048] Trial 4 finished with value: 0.85 and parameters: {'var_smoothing': 9.480306482679771e-10}. Best is trial 0 with value: 0.85.
[I 2026-04-09 20:51:05,061] Trial 5 finished with value: 0.85 and parameters: {'var_smoothing': 1.6729683536668864e-09}. Best is trial 0 with value: 0.85.
[I 2026-04-09 20:51:05,075] Trial 6 finished with value: 0.85 and parameters: {'var_smoothing': 3.402637726935598e-09}. Best is trial 0 with value: 0.85.
[I 2026-04-09 20:51:05,088] Trial 7 finished with value: 0.85 and parameters: {'var_smoothing': 1.0885189040847657e-09}. Best is trial 0 with value: 0.85.
[I 2026-04-09 20:51:05,113] Trial 8 finished with value: 0.85 and parameters: {'var_smoothing': 3.922843686541149e-10}. Best is trial 0 with value: 0.85.
