[I 2026-04-09 21:28:05,046] Trial 14 finished with value: 0.95 and parameters: {'n_estimators': 424, 'max_depth': 8, 'min_samples_split': 8, 'min_samples_leaf': 1}. Best is trial 1 with value: 0.95.
[I 2026-04-09 21:28:05,313] Trial 15 finished with value: 0.875 and parameters: {'n_estimators': 191, 'max_depth': 12, 'min_samples_split': 9, 'min_samples_leaf': 5}. Best is trial 1 with value: 0.95.
[I 2026-04-09 21:28:05,713] Trial 16 finished with value: 0.95 and parameters: {'n_estimators': 295, 'max_depth': 18, 'min_samples_split': 6, 'min_samples_leaf': 2}. Best is trial 1 with value: 0.95.
[I 2026-04-09 21:28:06,142] Trial 17 finished with value: 0.925 and parameters: {'n_estimators': 380, 'max_depth': 13, 'min_samples_split': 7, 'min_samples_leaf': 4}. Best is trial 1 with value: 0.95.
[I 2026-04-09 21:28:06,451] Trial 18 finished with value: 0.95 and parameters: {'n_estimators': 242, 'max_depth': 9, 'min_samples_split': 9, 'min_samples_leaf': 2}. Best is trial 1 with value: 0.95.
[I 2026-04-09 21:28:06,693] Trial 19 finished with value: 0.775 and parameters: {'n_estimators': 160, 'max_depth': 6, 'min_samples_split': 7, 'min_samples_leaf': 6}. Best is trial 1 with value: 0.95.
[I 2026-04-09 21:28:07,101] Trial 20 finished with value: 0.95 and parameters: {'n_estimators': 330, 'max_depth': 3, 'min_samples_split': 5, 'min_samples_leaf': 2}. Best is trial 1 with value: 0.95.
[I 2026-04-09 21:28:07,588] Trial 21 finished with value: 0.95 and parameters: {'n_estimators': 415, 'max_depth': 10, 'min_samples_split': 7, 'min_samples_leaf': 3}. Best is trial 1 with value: 0.95.
[I 2026-04-09 21:28:08,107] Trial 22 finished with value: 0.95 and parameters: {'n_estimators': 447, 'max_depth': 9, 'min_samples_split': 6, 'min_samples_leaf': 1}. Best is trial 1 with value: 0.95.
[I 2026-04-09 21:28:08,745] Trial 23 finished with value: 0.95 and parameters: {'n_estimators': 496, 'max_depth': 7, 'min_samples_split': 9, 'min_samples_leaf': 4}. Best is trial 1 with value: 0.95.
[I 2026-04-09 21:28:09,304] Trial 24 finished with value: 0.95 and parameters: {'n_estimators': 397, 'max_depth': 9, 'min_samples_split': 10, 'min_samples_leaf': 2}. Best is trial 1 with value: 0.95.
[I 2026-04-09 21:28:09,879] Trial 25 finished with value: 0.95 and parameters: {'n_estimators': 457, 'max_depth': 13, 'min_samples_split': 7, 'min_samples_leaf': 4}. Best is trial 1 with value: 0.95.
[I 2026-04-09 21:28:10,425] Trial 26 finished with value: 0.95 and parameters: {'n_estimators': 433, 'max_depth': 13, 'min_samples_split': 4, 'min_samples_leaf': 2}. Best is trial 1 with value: 0.95.
[I 2026-04-09 21:28:11,014] Trial 27 finished with value: 0.95 and parameters: {'n_estimators': 490, 'max_depth': 16, 'min_samples_split': 8, 'min_samples_leaf': 3}. Best is trial 1 with value: 0.95.
[I 2026-04-09 21:28:11,187] Trial 28 finished with value: 0.95 and parameters: {'n_estimators': 105, 'max_depth': 8, 'min_samples_split': 5, 'min_samples_leaf': 1}. Best is trial 1 with value: 0.95.
[I 2026-04-09 21:28:11,601] Trial 29 finished with value: 0.95 and parameters: {'n_estimators': 345, 'max_depth': 10, 'min_samples_split': 6, 'min_samples_leaf': 2}. Best is trial 1 with value: 0.95.
[I 2026-04-09 21:28:19,338] A new study created in memory with name: mlp
[I 2026-04-09 21:28:19,393] Trial 0 finished with value: 0.85 and parameters: {'hidden_layer_sizes': (200,), 'max_iter': 100, 'alpha': 0.0001}. Best is trial 0 with value: 0.85.
[I 2026-04-09 21:28:19,488] Trial 1 finished with value: 0.85 and parameters: {'hidden_layer_sizes': (100, 100), 'max_iter': 100, 'alpha': 0.0001}. Best is trial 0 with value: 0.85.
[I 2026-04-09 21:28:19,565] Trial 2 finished with value: 0.875 and parameters: {'hidden_layer_sizes': (200,), 'max_iter': 100, 'alpha': 0.001}. Best is trial 2 with value: 0.875.
[I 2026-04-09 21:28:19,608] Trial 3 finished with value: 0.825 and parameters: {'hidden_layer_sizes': (100,), 'max_iter': 50, 'alpha': 0.001}. Best is trial 2 with value: 0.875.
[I 2026-04-09 21:28:19,641] Trial 4 finished with value: 0.8 and parameters: {'hidden_layer_sizes': (100,), 'max_iter': 50, 'alpha': 0.0001}. Best is trial 2 with value: 0.875.
[I 2026-04-09 21:28:19,685] Trial 5 finished with value: 0.875 and parameters: {'hidden_layer_sizes': (100,), 'max_iter': 50, 'alpha': 0.0001}. Best is trial 2 with value: 0.875.
[I 2026-04-09 21:28:19,751] Trial 6 finished with value: 0.8 and parameters: {'hidden_layer_sizes': (100,), 'max_iter': 50, 'alpha': 0.0001}. Best is trial 2 with value: 0.875.
[I 2026-04-09 21:28:19,797] Trial 7 finished with value: 0.85 and parameters: {'hidden_layer_sizes': (100,), 'max_iter': 50, 'alpha': 0.0001}. Best is trial 2 with value: 0.875.
[I 2026-04-09 21:28:19,864] Trial 8 finished with value: 0.875 and parameters: {'hidden_layer_sizes': (200,), 'max_iter': 100, 'alpha': 0.0001}. Best is trial 2 with value: 0.875.
[I 2026-04-09 21:28:19,900] Trial 9 finished with value: 0.85 and parameters: {'hidden_layer_sizes': (200,), 'max_iter': 50, 'alpha': 0.0001}. Best is trial 2 with value: 0.875.
[I 2026-04-09 21:28:19,989] Trial 10 finished with value: 0.825 and parameters: {'hidden_layer_sizes': (100, 100), 'max_iter': 100, 'alpha': 0.001}. Best is trial 2 with value: 0.875.
[I 2026-04-09 21:28:20,055] Trial 11 finished with value: 0.875 and parameters: {'hidden_layer_sizes': (200,), 'max_iter': 100, 'alpha': 0.001}. Best is trial 2 with value: 0.875.
[I 2026-04-09 21:28:20,097] Trial 12 finished with value: 0.825 and parameters: {'hidden_layer_sizes': (100,), 'max_iter': 50, 'alpha': 0.001}. Best is trial 2 with value: 0.875.
[I 2026-04-09 21:28:20,165] Trial 13 finished with value: 0.85 and parameters: {'hidden_layer_sizes': (200,), 'max_iter': 100, 'alpha': 0.001}. Best is trial 2 with value: 0.875.
[I 2026-04-09 21:28:20,221] Trial 14 finished with value: 0.875 and parameters: {'hidden_layer_sizes': (100, 100), 'max_iter': 50, 'alpha': 0.001}. Best is trial 2 with value: 0.875.
[I 2026-04-09 21:28:20,281] Trial 15 finished with value: 0.875 and parameters: {'hidden_layer_sizes': (100,), 'max_iter': 100, 'alpha': 0.001}. Best is trial 2 with value: 0.875.
[I 2026-04-09 21:28:20,348] Trial 16 finished with value: 0.875 and parameters: {'hidden_layer_sizes': (200,), 'max_iter': 100, 'alpha': 0.0001}. Best is trial 2 with value: 0.875.
[I 2026-04-09 21:28:20,388] Trial 17 finished with value: 0.875 and parameters: {'hidden_layer_sizes': (100,), 'max_iter': 50, 'alpha': 0.001}. Best is trial 2 with value: 0.875.
[I 2026-04-09 21:28:20,437] Trial 18 finished with value: 0.825 and parameters: {'hidden_layer_sizes': (200,), 'max_iter': 50, 'alpha': 0.0001}. Best is trial 2 with value: 0.875.
[I 2026-04-09 21:28:20,522] Trial 19 finished with value: 0.825 and parameters: {'hidden_layer_sizes': (100, 100), 'max_iter': 100, 'alpha': 0.001}. Best is trial 2 with value: 0.875.
[I 2026-04-09 21:28:20,588] Trial 20 finished with value: 0.875 and parameters: {'hidden_layer_sizes': (200,), 'max_iter': 100, 'alpha': 0.001}. Best is trial 2 with value: 0.875.
[I 2026-04-09 21:28:20,649] Trial 21 finished with value: 0.875 and parameters: {'hidden_layer_sizes': (200,), 'max_iter': 100, 'alpha': 0.0001}. Best is trial 2 with value: 0.875.
[I 2026-04-09 21:28:20,711] Trial 22 finished with value: 0.875 and parameters: {'hidden_layer_sizes': (200,), 'max_iter': 100, 'alpha': 0.0001}. Best is trial 2 with value: 0.875.
[I 2026-04-09 21:28:20,781] Trial 23 finished with value: 0.85 and parameters: {'hidden_layer_sizes': (200,), 'max_iter': 100, 'alpha': 0.0001}. Best is trial 2 with value: 0.875.
[I 2026-04-09 21:28:20,861] Trial 24 finished with value: 0.875 and parameters: {'hidden_layer_sizes': (200,), 'max_iter': 100, 'alpha': 0.0001}. Best is trial 2 with value: 0.875.
[I 2026-04-09 21:28:20,917] Trial 25 finished with value: 0.85 and parameters: {'hidden_layer_sizes': (100,), 'max_iter': 100, 'alpha': 0.0001}. Best is trial 2 with value: 0.875.
[I 2026-04-09 21:28:20,961] Trial 26 finished with value: 0.85 and parameters: {'hidden_layer_sizes': (200,), 'max_iter': 50, 'alpha': 0.0001}. Best is trial 2 with value: 0.875.
[I 2026-04-09 21:28:21,028] Trial 27 finished with value: 0.875 and parameters: {'hidden_layer_sizes': (200,), 'max_iter': 100, 'alpha': 0.0001}. Best is trial 2 with value: 0.875.
[I 2026-04-09 21:28:21,074] Trial 28 finished with value: 0.85 and parameters: {'hidden_layer_sizes': (100, 100), 'max_iter': 50, 'alpha': 0.001}. Best is trial 2 with value: 0.875.
[I 2026-04-09 21:28:21,142] Trial 29 finished with value: 0.85 and parameters: {'hidden_layer_sizes': (100,), 'max_iter': 100, 'alpha': 0.0001}. Best is trial 2 with value: 0.875.
[I 2026-04-09 21:28:37,630] A new study created in memory with name: naive_bayes
[I 2026-04-09 21:28:37,644] Trial 0 finished with value: 0.85 and parameters: {'var_smoothing': 1.4210736239935712e-10}. Best is trial 0 with value: 0.85.
[I 2026-04-09 21:28:37,656] Trial 1 finished with value: 0.85 and parameters: {'var_smoothing': 3.629422978396398e-09}. Best is trial 0 with value: 0.85.
[I 2026-04-09 21:28:37,668] Trial 2 finished with value: 0.85 and parameters: {'var_smoothing': 7.530407234027127e-10}. Best is trial 0 with value: 0.85.
[I 2026-04-09 21:28:37,682] Trial 3 finished with value: 0.85 and parameters: {'var_smoothing': 2.7985325053380072e-09}. Best is trial 0 with value: 0.85.
[I 2026-04-09 21:28:37,711] Trial 4 finished with value: 0.85 and parameters: {'var_smoothing': 9.036058293737187e-09}. Best is trial 0 with value: 0.85.
[I 2026-04-09 21:28:37,735] Trial 5 finished with value: 0.85 and parameters: {'var_smoothing': 1.1939653980558784e-09}. Best is trial 0 with value: 0.85.
[I 2026-04-09 21:28:37,749] Trial 6 finished with value: 0.85 and parameters: {'var_smoothing': 1.005173261185167e-09}. Best is trial 0 with value: 0.85.
[I 2026-04-09 21:28:37,763] Trial 7 finished with value: 0.85 and parameters: {'var_smoothing': 1.393484899105757e-10}. Best is trial 0 with value: 0.85.
[I 2026-04-09 21:28:37,778] Trial 8 finished with value: 0.85 and parameters: {'var_smoothing': 3.4425317961147986e-10}. Best is trial 0 with value: 0.85.
[I 2026-04-09 21:28:37,793] Trial 9 finished with value: 0.85 and parameters: {'var_smoothing': 9.994590426751933e-10}. Best is trial 0 with value: 0.85.
[I 2026-04-09 21:28:37,815] Trial 10 finished with value: 0.85 and parameters: {'var_smoothing': 1.9079938112167212e-10}. Best is trial 0 with value: 0.85.
[I 2026-04-09 21:28:37,831] Trial 11 finished with value: 0.85 and parameters: {'var_smoothing': 4.7456863630433305e-09}. Best is trial 0 with value: 0.85.
[I 2026-04-09 21:28:37,848] Trial 12 finished with value: 0.85 and parameters: {'var_smoothing': 2.7185365295481096e-09}. Best is trial 0 with value: 0.85.
[I 2026-04-09 21:28:37,868] Trial 13 finished with value: 0.85 and parameters: {'var_smoothing': 4.3967291332584714e-10}. Best is trial 0 with value: 0.85.
[I 2026-04-09 21:28:37,888] Trial 14 finished with value: 0.85 and parameters: {'var_smoothing': 2.6511307931162972e-09}. Best is trial 0 with value: 0.85.
[I 2026-04-09 21:28:37,904] Trial 15 finished with value: 0.85 and parameters: {'var_smoothing': 9.000422035369052e-09}. Best is trial 0 with value: 0.85.
[I 2026-04-09 21:28:37,927] Trial 16 finished with value: 0.85 and parameters: {'var_smoothing': 2.75340575769171e-10}. Best is trial 0 with value: 0.85.
[I 2026-04-09 21:28:37,945] Trial 17 finished with value: 0.85 and parameters: {'var_smoothing': 1.0118559267516465e-10}. Best is trial 0 with value: 0.85.
[I 2026-04-09 21:28:37,962] Trial 18 finished with value: 0.85 and parameters: {'var_smoothing': 5.126237368588495e-10}. Best is trial 0 with value: 0.85.
[I 2026-04-09 21:28:37,979] Trial 19 finished with value: 0.85 and parameters: {'var_smoothing': 1.7743118427439911e-09}. Best is trial 0 with value: 0.85.
[I 2026-04-09 21:28:37,999] Trial 20 finished with value: 0.85 and parameters: {'var_smoothing': 5.29215399120128e-09}. Best is trial 0 with value: 0.85.
[I 2026-04-09 21:28:38,021] Trial 21 finished with value: 0.85 and parameters: {'var_smoothing': 6.215389304971454e-10}. Best is trial 0 with value: 0.85.
[I 2026-04-09 21:28:38,038] Trial 22 finished with value: 0.85 and parameters: {'var_smoothing': 2.205158371956595e-10}. Best is trial 0 with value: 0.85.
[I 2026-04-09 21:28:38,058] Trial 23 finished with value: 0.85 and parameters: {'var_smoothing': 6.714468189294179e-10}. Best is trial 0 with value: 0.85.
[I 2026-04-09 21:28:38,090] Trial 24 finished with value: 0.85 and parameters: {'var_smoothing': 1.6303611152529254e-09}. Best is trial 0 with value: 0.85.
[I 2026-04-09 21:28:38,111] Trial 25 finished with value: 0.85 and parameters: {'var_smoothing': 5.460180203252778e-09}. Best is trial 0 with value: 0.85.
[I 2026-04-09 21:28:38,131] Trial 26 finished with value: 0.85 and parameters: {'var_smoothing': 1.0123007748054653e-10}. Best is trial 0 with value: 0.85.
[I 2026-04-09 21:28:38,148] Trial 27 finished with value: 0.85 and parameters: {'var_smoothing': 3.7004726843827016e-09}. Best is trial 0 with value: 0.85.
[I 2026-04-09 21:28:38,163] Trial 28 finished with value: 0.85 and parameters: {'var_smoothing': 8.062949328123723e-10}. Best is trial 0 with value: 0.85.
[I 2026-04-09 21:28:38,184] Trial 29 finished with value: 0.85 and parameters: {'var_smoothing': 1.8379694059711336e-09}. Best is trial 0 with value: 0.85.
[I 2026-04-09 21:28:39,225] A new study created in memory with name: logreg
[I 2026-04-09 21:28:39,239] Trial 0 finished with value: 0.475 and parameters: {'C': 0.002407362254570802, 'penalty': 'l2'}. Best is trial 0 with value: 0.475.
[I 2026-04-09 21:28:39,264] Trial 1 finished with value: 0.85 and parameters: {'C': 7.935859334260497, 'penalty': 'l2'}. Best is trial 1 with value: 0.85.
[I 2026-04-09 21:28:39,289] Trial 2 finished with value: 0.725 and parameters: {'C': 0.15561310098067915, 'penalty': 'l2'}. Best is trial 1 with value: 0.85.
[I 2026-04-09 21:28:39,314] Trial 3 finished with value: 0.85 and parameters: {'C': 4.143104515916128, 'penalty': 'l2'}. Best is trial 1 with value: 0.85.
[I 2026-04-09 21:28:39,339] Trial 4 finished with value: 0.9 and parameters: {'C': 77.61533923098803, 'penalty': 'l2'}. Best is trial 4 with value: 0.9.
[I 2026-04-09 21:28:39,365] Trial 5 finished with value: 0.8 and parameters: {'C': 0.49258292359934785, 'penalty': 'l2'}. Best is trial 4 with value: 0.9.
[I 2026-04-09 21:28:39,388] Trial 6 finished with value: 0.75 and parameters: {'C': 0.320333470047146, 'penalty': 'l2'}. Best is trial 4 with value: 0.9.
[I 2026-04-09 21:28:39,401] Trial 7 finished with value: 0.475 and parameters: {'C': 0.002292216671132896, 'penalty': 'l2'}. Best is trial 4 with value: 0.9.
[I 2026-04-09 21:28:39,424] Trial 8 finished with value: 0.6 and parameters: {'C': 0.0219884643872214, 'penalty': 'l2'}. Best is trial 4 with value: 0.9.
[I 2026-04-09 21:28:39,451] Trial 9 finished with value: 0.75 and parameters: {'C': 0.31580027519646636, 'penalty': 'l2'}. Best is trial 4 with value: 0.9.
[I 2026-04-09 21:28:39,483] Trial 10 finished with value: 0.9 and parameters: {'C': 53.54776778233864, 'penalty': 'l2'}. Best is trial 4 with value: 0.9.
[I 2026-04-09 21:28:39,511] Trial 11 finished with value: 0.9 and parameters: {'C': 47.207028224457765, 'penalty': 'l2'}. Best is trial 4 with value: 0.9.
[I 2026-04-09 21:28:39,546] Trial 12 finished with value: 0.9 and parameters: {'C': 84.28882143282867, 'penalty': 'l2'}. Best is trial 4 with value: 0.9.
[I 2026-04-09 21:28:39,573] Trial 13 finished with value: 0.875 and parameters: {'C': 12.634985691735606, 'penalty': 'l2'}. Best is trial 4 with value: 0.9.
[I 2026-04-09 21:28:39,599] Trial 14 finished with value: 0.85 and parameters: {'C': 3.1158784985469734, 'penalty': 'l2'}. Best is trial 4 with value: 0.9.
[I 2026-04-09 21:28:39,634] Trial 15 finished with value: 0.875 and parameters: {'C': 22.300760773709367, 'penalty': 'l2'}. Best is trial 4 with value: 0.9.
[I 2026-04-09 21:28:39,662] Trial 16 finished with value: 0.85 and parameters: {'C': 2.3157702229693666, 'penalty': 'l2'}. Best is trial 4 with value: 0.9.
[I 2026-04-09 21:28:39,690] Trial 17 finished with value: 0.9 and parameters: {'C': 81.1514814361005, 'penalty': 'l2'}. Best is trial 4 with value: 0.9.
[I 2026-04-09 21:28:39,720] Trial 18 finished with value: 0.875 and parameters: {'C': 25.793206421718693, 'penalty': 'l2'}. Best is trial 4 with value: 0.9.
[I 2026-04-09 21:28:39,752] Trial 19 finished with value: 0.85 and parameters: {'C': 1.3224661232204953, 'penalty': 'l2'}. Best is trial 4 with value: 0.9.
[I 2026-04-09 21:28:39,789] Trial 20 finished with value: 0.85 and parameters: {'C': 7.093684305018916, 'penalty': 'l2'}. Best is trial 4 with value: 0.9.
[I 2026-04-09 21:28:39,818] Trial 21 finished with value: 0.9 and parameters: {'C': 54.283151619052504, 'penalty': 'l2'}. Best is trial 4 with value: 0.9.
[I 2026-04-09 21:28:39,846] Trial 22 finished with value: 0.875 and parameters: {'C': 30.71574397679842, 'penalty': 'l2'}. Best is trial 4 with value: 0.9.
[I 2026-04-09 21:28:39,883] Trial 23 finished with value: 0.9 and parameters: {'C': 94.89031025322143, 'penalty': 'l2'}. Best is trial 4 with value: 0.9.
[I 2026-04-09 21:28:39,911] Trial 24 finished with value: 0.875 and parameters: {'C': 16.988258477775165, 'penalty': 'l2'}. Best is trial 4 with value: 0.9.
[I 2026-04-09 21:28:39,944] Trial 25 finished with value: 0.925 and parameters: {'C': 41.97315515015298, 'penalty': 'l2'}. Best is trial 25 with value: 0.925.
[I 2026-04-09 21:28:39,975] Trial 26 finished with value: 0.675 and parameters: {'C': 0.052544312115176656, 'penalty': 'l2'}. Best is trial 25 with value: 0.925.
[I 2026-04-09 21:28:40,007] Trial 27 finished with value: 0.85 and parameters: {'C': 1.4173773439094262, 'penalty': 'l2'}. Best is trial 25 with value: 0.925.
[I 2026-04-09 21:28:40,035] Trial 28 finished with value: 0.85 and parameters: {'C': 8.372516403641324, 'penalty': 'l2'}. Best is trial 25 with value: 0.925.
[I 2026-04-09 21:28:40,051] Trial 29 finished with value: 0.6 and parameters: {'C': 0.011104103350344362, 'penalty': 'l2'}. Best is trial 25 with value: 0.925.
[I 2026-04-09 21:28:40,439] A new study created in memory with name: knn
[I 2026-04-09 21:28:40,453] Trial 0 finished with value: 0.575 and parameters: {'n_neighbors': 3, 'leaf_size': 36, 'p': 2}. Best is trial 0 with value: 0.575.
[I 2026-04-09 21:28:40,478] Trial 1 finished with value: 0.7 and parameters: {'n_neighbors': 10, 'leaf_size': 31, 'p': 1}. Best is trial 1 with value: 0.7.
[I 2026-04-09 21:28:40,493] Trial 2 finished with value: 0.7 and parameters: {'n_neighbors': 5, 'leaf_size': 30, 'p': 2}. Best is trial 1 with value: 0.7.
[I 2026-04-09 21:28:40,507] Trial 3 finished with value: 0.725 and parameters: {'n_neighbors': 6, 'leaf_size': 21, 'p': 2}. Best is trial 3 with value: 0.725.
[I 2026-04-09 21:28:40,520] Trial 4 finished with value: 0.725 and parameters: {'n_neighbors': 4, 'leaf_size': 29, 'p': 1}. Best is trial 3 with value: 0.725.
[I 2026-04-09 21:28:40,533] Trial 5 finished with value: 0.725 and parameters: {'n_neighbors': 7, 'leaf_size': 39, 'p': 2}. Best is trial 3 with value: 0.725.
[I 2026-04-09 21:28:40,548] Trial 6 finished with value: 0.725 and parameters: {'n_neighbors': 10, 'leaf_size': 22, 'p': 2}. Best is trial 3 with value: 0.725.
[I 2026-04-09 21:28:40,562] Trial 7 finished with value: 0.725 and parameters: {'n_neighbors': 8, 'leaf_size': 29, 'p': 2}. Best is trial 3 with value: 0.725.
[I 2026-04-09 21:28:40,577] Trial 8 finished with value: 0.7 and parameters: {'n_neighbors': 5, 'leaf_size': 30, 'p': 2}. Best is trial 3 with value: 0.725.
[I 2026-04-09 21:28:40,602] Trial 9 finished with value: 0.7 and parameters: {'n_neighbors': 9, 'leaf_size': 26, 'p': 1}. Best is trial 3 with value: 0.725.
[I 2026-04-09 21:28:40,627] Trial 10 finished with value: 0.7 and parameters: {'n_neighbors': 6, 'leaf_size': 20, 'p': 1}. Best is trial 3 with value: 0.725.
[I 2026-04-09 21:28:40,652] Trial 11 finished with value: 0.625 and parameters: {'n_neighbors': 3, 'leaf_size': 24, 'p': 1}. Best is trial 3 with value: 0.725.
[I 2026-04-09 21:28:40,676] Trial 12 finished with value: 0.725 and parameters: {'n_neighbors': 5, 'leaf_size': 35, 'p': 1}. Best is trial 3 with value: 0.725.
[I 2026-04-09 21:28:40,701] Trial 13 finished with value: 0.725 and parameters: {'n_neighbors': 4, 'leaf_size': 26, 'p': 1}. Best is trial 3 with value: 0.725.
[I 2026-04-09 21:28:40,739] Trial 14 finished with value: 0.725 and parameters: {'n_neighbors': 7, 'leaf_size': 20, 'p': 2}. Best is trial 3 with value: 0.725.
[I 2026-04-09 21:28:40,766] Trial 15 finished with value: 0.7 and parameters: {'n_neighbors': 6, 'leaf_size': 33, 'p': 1}. Best is trial 3 with value: 0.725.
[I 2026-04-09 21:28:40,788] Trial 16 finished with value: 0.725 and parameters: {'n_neighbors': 4, 'leaf_size': 26, 'p': 1}. Best is trial 3 with value: 0.725.
[I 2026-04-09 21:28:40,812] Trial 17 finished with value: 0.7 and parameters: {'n_neighbors': 4, 'leaf_size': 40, 'p': 2}. Best is trial 3 with value: 0.725.
[I 2026-04-09 21:28:40,833] Trial 18 finished with value: 0.7 and parameters: {'n_neighbors': 6, 'leaf_size': 23, 'p': 1}. Best is trial 3 with value: 0.725.
[I 2026-04-09 21:28:40,852] Trial 19 finished with value: 0.725 and parameters: {'n_neighbors': 7, 'leaf_size': 28, 'p': 2}. Best is trial 3 with value: 0.725.
[I 2026-04-09 21:28:40,872] Trial 20 finished with value: 0.725 and parameters: {'n_neighbors': 8, 'leaf_size': 33, 'p': 2}. Best is trial 3 with value: 0.725.
[I 2026-04-09 21:28:40,896] Trial 21 finished with value: 0.725 and parameters: {'n_neighbors': 8, 'leaf_size': 40, 'p': 2}. Best is trial 3 with value: 0.725.
[I 2026-04-09 21:28:40,921] Trial 22 finished with value: 0.725 and parameters: {'n_neighbors': 7, 'leaf_size': 37, 'p': 2}. Best is trial 3 with value: 0.725.
