[I 2026-04-07 01:35:12,412] Trial 22 finished with value: 0.85 and parameters: {'n_estimators': 215, 'max_depth': 18, 'min_samples_split': 7, 'min_samples_leaf': 2}. Best is trial 5 with value: 0.95.
[I 2026-04-07 01:35:12,828] Trial 23 finished with value: 0.95 and parameters: {'n_estimators': 346, 'max_depth': 17, 'min_samples_split': 9, 'min_samples_leaf': 4}. Best is trial 5 with value: 0.95.
[I 2026-04-07 01:35:13,163] Trial 24 finished with value: 0.85 and parameters: {'n_estimators': 305, 'max_depth': 20, 'min_samples_split': 5, 'min_samples_leaf': 6}. Best is trial 5 with value: 0.95.
[I 2026-04-07 01:35:13,438] Trial 25 finished with value: 0.85 and parameters: {'n_estimators': 230, 'max_depth': 9, 'min_samples_split': 9, 'min_samples_leaf': 4}. Best is trial 5 with value: 0.95.
[I 2026-04-07 01:35:13,696] Trial 26 finished with value: 0.6 and parameters: {'n_estimators': 182, 'max_depth': 18, 'min_samples_split': 3, 'min_samples_leaf': 7}. Best is trial 5 with value: 0.95.
[I 2026-04-07 01:35:14,052] Trial 27 finished with value: 0.95 and parameters: {'n_estimators': 291, 'max_depth': 16, 'min_samples_split': 7, 'min_samples_leaf': 3}. Best is trial 5 with value: 0.95.
[I 2026-04-07 01:35:14,380] Trial 28 finished with value: 0.85 and parameters: {'n_estimators': 264, 'max_depth': 19, 'min_samples_split': 6, 'min_samples_leaf': 2}. Best is trial 5 with value: 0.95.
[I 2026-04-07 01:35:14,776] Trial 29 finished with value: 0.95 and parameters: {'n_estimators': 367, 'max_depth': 17, 'min_samples_split': 5, 'min_samples_leaf': 5}. Best is trial 5 with value: 0.95.
[I 2026-04-07 01:35:17,927] A new study created in memory with name: mlp
[I 2026-04-07 01:35:17,982] Trial 0 finished with value: 0.85 and parameters: {'hidden_layer_sizes': (200,), 'max_iter': 100, 'alpha': 0.0001}. Best is trial 0 with value: 0.85.
[I 2026-04-07 01:35:18,048] Trial 1 finished with value: 0.7 and parameters: {'hidden_layer_sizes': (100, 100), 'max_iter': 100, 'alpha': 0.0001}. Best is trial 0 with value: 0.85.
[I 2026-04-07 01:35:18,094] Trial 2 finished with value: 0.7 and parameters: {'hidden_layer_sizes': (200,), 'max_iter': 100, 'alpha': 0.001}. Best is trial 0 with value: 0.85.
[I 2026-04-07 01:35:18,127] Trial 3 finished with value: 0.75 and parameters: {'hidden_layer_sizes': (100,), 'max_iter': 50, 'alpha': 0.001}. Best is trial 0 with value: 0.85.
[I 2026-04-07 01:35:18,161] Trial 4 finished with value: 0.8 and parameters: {'hidden_layer_sizes': (100,), 'max_iter': 50, 'alpha': 0.0001}. Best is trial 0 with value: 0.85.
[I 2026-04-07 01:35:18,196] Trial 5 finished with value: 0.8 and parameters: {'hidden_layer_sizes': (100,), 'max_iter': 50, 'alpha': 0.0001}. Best is trial 0 with value: 0.85.
[I 2026-04-07 01:35:18,232] Trial 6 finished with value: 0.8 and parameters: {'hidden_layer_sizes': (100,), 'max_iter': 50, 'alpha': 0.0001}. Best is trial 0 with value: 0.85.
[I 2026-04-07 01:35:18,268] Trial 7 finished with value: 0.6 and parameters: {'hidden_layer_sizes': (100,), 'max_iter': 50, 'alpha': 0.0001}. Best is trial 0 with value: 0.85.
[I 2026-04-07 01:35:18,314] Trial 8 finished with value: 0.75 and parameters: {'hidden_layer_sizes': (200,), 'max_iter': 100, 'alpha': 0.0001}. Best is trial 0 with value: 0.85.
[I 2026-04-07 01:35:18,349] Trial 9 finished with value: 0.7 and parameters: {'hidden_layer_sizes': (200,), 'max_iter': 50, 'alpha': 0.0001}. Best is trial 0 with value: 0.85.
[I 2026-04-07 01:35:18,417] Trial 10 finished with value: 0.85 and parameters: {'hidden_layer_sizes': (100, 100), 'max_iter': 100, 'alpha': 0.001}. Best is trial 0 with value: 0.85.
[I 2026-04-07 01:35:18,505] Trial 11 finished with value: 0.85 and parameters: {'hidden_layer_sizes': (100, 100), 'max_iter': 100, 'alpha': 0.001}. Best is trial 0 with value: 0.85.
[I 2026-04-07 01:35:18,573] Trial 12 finished with value: 0.85 and parameters: {'hidden_layer_sizes': (100, 100), 'max_iter': 100, 'alpha': 0.001}. Best is trial 0 with value: 0.85.
[I 2026-04-07 01:35:18,661] Trial 13 finished with value: 0.85 and parameters: {'hidden_layer_sizes': (100, 100), 'max_iter': 100, 'alpha': 0.001}. Best is trial 0 with value: 0.85.
[I 2026-04-07 01:35:18,715] Trial 14 finished with value: 0.85 and parameters: {'hidden_layer_sizes': (200,), 'max_iter': 100, 'alpha': 0.001}. Best is trial 0 with value: 0.85.
[I 2026-04-07 01:35:18,769] Trial 15 finished with value: 0.85 and parameters: {'hidden_layer_sizes': (100, 100), 'max_iter': 100, 'alpha': 0.001}. Best is trial 0 with value: 0.85.
[I 2026-04-07 01:35:18,813] Trial 16 finished with value: 0.85 and parameters: {'hidden_layer_sizes': (200,), 'max_iter': 100, 'alpha': 0.0001}. Best is trial 0 with value: 0.85.
[I 2026-04-07 01:35:18,877] Trial 17 finished with value: 0.7 and parameters: {'hidden_layer_sizes': (100, 100), 'max_iter': 100, 'alpha': 0.001}. Best is trial 0 with value: 0.85.
[I 2026-04-07 01:35:18,922] Trial 18 finished with value: 0.85 and parameters: {'hidden_layer_sizes': (200,), 'max_iter': 100, 'alpha': 0.001}. Best is trial 0 with value: 0.85.
[I 2026-04-07 01:35:18,986] Trial 19 finished with value: 0.8 and parameters: {'hidden_layer_sizes': (100, 100), 'max_iter': 100, 'alpha': 0.0001}. Best is trial 0 with value: 0.85.
[I 2026-04-07 01:35:19,030] Trial 20 finished with value: 0.85 and parameters: {'hidden_layer_sizes': (200,), 'max_iter': 100, 'alpha': 0.001}. Best is trial 0 with value: 0.85.
[I 2026-04-07 01:35:19,084] Trial 21 finished with value: 0.85 and parameters: {'hidden_layer_sizes': (100, 100), 'max_iter': 100, 'alpha': 0.001}. Best is trial 0 with value: 0.85.
[I 2026-04-07 01:35:19,139] Trial 22 finished with value: 0.75 and parameters: {'hidden_layer_sizes': (100, 100), 'max_iter': 100, 'alpha': 0.001}. Best is trial 0 with value: 0.85.
[I 2026-04-07 01:35:19,207] Trial 23 finished with value: 0.85 and parameters: {'hidden_layer_sizes': (100, 100), 'max_iter': 100, 'alpha': 0.001}. Best is trial 0 with value: 0.85.
[I 2026-04-07 01:35:19,271] Trial 24 finished with value: 0.7 and parameters: {'hidden_layer_sizes': (100, 100), 'max_iter': 100, 'alpha': 0.001}. Best is trial 0 with value: 0.85.
[I 2026-04-07 01:35:19,336] Trial 25 finished with value: 0.85 and parameters: {'hidden_layer_sizes': (100, 100), 'max_iter': 100, 'alpha': 0.001}. Best is trial 0 with value: 0.85.
[I 2026-04-07 01:35:19,400] Trial 26 finished with value: 0.85 and parameters: {'hidden_layer_sizes': (200,), 'max_iter': 100, 'alpha': 0.0001}. Best is trial 0 with value: 0.85.
[I 2026-04-07 01:35:19,469] Trial 27 finished with value: 0.75 and parameters: {'hidden_layer_sizes': (100, 100), 'max_iter': 100, 'alpha': 0.001}. Best is trial 0 with value: 0.85.
[I 2026-04-07 01:35:19,538] Trial 28 finished with value: 0.7 and parameters: {'hidden_layer_sizes': (100, 100), 'max_iter': 100, 'alpha': 0.0001}. Best is trial 0 with value: 0.85.
[I 2026-04-07 01:35:19,586] Trial 29 finished with value: 0.8 and parameters: {'hidden_layer_sizes': (200,), 'max_iter': 100, 'alpha': 0.0001}. Best is trial 0 with value: 0.85.
[I 2026-04-07 01:35:27,448] A new study created in memory with name: naive_bayes
[I 2026-04-07 01:35:27,463] Trial 0 finished with value: 1.0 and parameters: {'var_smoothing': 1.4210736239935712e-10}. Best is trial 0 with value: 1.0.
[I 2026-04-07 01:35:27,486] Trial 1 finished with value: 1.0 and parameters: {'var_smoothing': 3.629422978396398e-09}. Best is trial 0 with value: 1.0.
[I 2026-04-07 01:35:27,499] Trial 2 finished with value: 1.0 and parameters: {'var_smoothing': 7.530407234027127e-10}. Best is trial 0 with value: 1.0.
[I 2026-04-07 01:35:27,512] Trial 3 finished with value: 1.0 and parameters: {'var_smoothing': 2.7985325053380072e-09}. Best is trial 0 with value: 1.0.
[I 2026-04-07 01:35:27,526] Trial 4 finished with value: 1.0 and parameters: {'var_smoothing': 9.036058293737187e-09}. Best is trial 0 with value: 1.0.
[I 2026-04-07 01:35:27,539] Trial 5 finished with value: 1.0 and parameters: {'var_smoothing': 1.1939653980558784e-09}. Best is trial 0 with value: 1.0.
[I 2026-04-07 01:35:27,553] Trial 6 finished with value: 1.0 and parameters: {'var_smoothing': 1.005173261185167e-09}. Best is trial 0 with value: 1.0.
[I 2026-04-07 01:35:27,567] Trial 7 finished with value: 1.0 and parameters: {'var_smoothing': 1.393484899105757e-10}. Best is trial 0 with value: 1.0.
[I 2026-04-07 01:35:27,581] Trial 8 finished with value: 1.0 and parameters: {'var_smoothing': 3.4425317961147986e-10}. Best is trial 0 with value: 1.0.
[I 2026-04-07 01:35:27,594] Trial 9 finished with value: 1.0 and parameters: {'var_smoothing': 9.994590426751933e-10}. Best is trial 0 with value: 1.0.
[I 2026-04-07 01:35:27,614] Trial 10 finished with value: 1.0 and parameters: {'var_smoothing': 1.9079938112167212e-10}. Best is trial 0 with value: 1.0.
[I 2026-04-07 01:35:27,632] Trial 11 finished with value: 1.0 and parameters: {'var_smoothing': 4.7456863630433305e-09}. Best is trial 0 with value: 1.0.
[I 2026-04-07 01:35:27,651] Trial 12 finished with value: 1.0 and parameters: {'var_smoothing': 2.7185365295481096e-09}. Best is trial 0 with value: 1.0.
[I 2026-04-07 01:35:27,677] Trial 13 finished with value: 1.0 and parameters: {'var_smoothing': 4.3967291332584714e-10}. Best is trial 0 with value: 1.0.
[I 2026-04-07 01:35:27,697] Trial 14 finished with value: 1.0 and parameters: {'var_smoothing': 2.6511307931162972e-09}. Best is trial 0 with value: 1.0.
[I 2026-04-07 01:35:27,716] Trial 15 finished with value: 1.0 and parameters: {'var_smoothing': 9.000422035369052e-09}. Best is trial 0 with value: 1.0.
[I 2026-04-07 01:35:27,736] Trial 16 finished with value: 1.0 and parameters: {'var_smoothing': 2.75340575769171e-10}. Best is trial 0 with value: 1.0.
[I 2026-04-07 01:35:27,755] Trial 17 finished with value: 1.0 and parameters: {'var_smoothing': 1.0118559267516465e-10}. Best is trial 0 with value: 1.0.
[I 2026-04-07 01:35:27,784] Trial 18 finished with value: 1.0 and parameters: {'var_smoothing': 5.126237368588495e-10}. Best is trial 0 with value: 1.0.
[I 2026-04-07 01:35:27,813] Trial 19 finished with value: 1.0 and parameters: {'var_smoothing': 1.7743118427439911e-09}. Best is trial 0 with value: 1.0.
[I 2026-04-07 01:35:27,833] Trial 20 finished with value: 1.0 and parameters: {'var_smoothing': 5.29215399120128e-09}. Best is trial 0 with value: 1.0.
[I 2026-04-07 01:35:27,851] Trial 21 finished with value: 1.0 and parameters: {'var_smoothing': 6.215389304971454e-10}. Best is trial 0 with value: 1.0.
[I 2026-04-07 01:35:27,872] Trial 22 finished with value: 1.0 and parameters: {'var_smoothing': 2.205158371956595e-10}. Best is trial 0 with value: 1.0.
[I 2026-04-07 01:35:27,891] Trial 23 finished with value: 1.0 and parameters: {'var_smoothing': 6.714468189294179e-10}. Best is trial 0 with value: 1.0.
[I 2026-04-07 01:35:27,907] Trial 24 finished with value: 1.0 and parameters: {'var_smoothing': 1.6303611152529254e-09}. Best is trial 0 with value: 1.0.
[I 2026-04-07 01:35:27,927] Trial 25 finished with value: 1.0 and parameters: {'var_smoothing': 5.460180203252778e-09}. Best is trial 0 with value: 1.0.
[I 2026-04-07 01:35:27,946] Trial 26 finished with value: 1.0 and parameters: {'var_smoothing': 1.0123007748054653e-10}. Best is trial 0 with value: 1.0.
[I 2026-04-07 01:35:27,963] Trial 27 finished with value: 1.0 and parameters: {'var_smoothing': 3.7004726843827016e-09}. Best is trial 0 with value: 1.0.
[I 2026-04-07 01:35:27,983] Trial 28 finished with value: 1.0 and parameters: {'var_smoothing': 8.062949328123723e-10}. Best is trial 0 with value: 1.0.
[I 2026-04-07 01:35:28,004] Trial 29 finished with value: 1.0 and parameters: {'var_smoothing': 1.8379694059711336e-09}. Best is trial 0 with value: 1.0.
[I 2026-04-07 01:35:28,950] A new study created in memory with name: logreg
[I 2026-04-07 01:35:28,974] Trial 0 finished with value: 1.0 and parameters: {'C': 0.002407362254570802, 'penalty': 'l2'}. Best is trial 0 with value: 1.0.
[I 2026-04-07 01:35:28,999] Trial 1 finished with value: 1.0 and parameters: {'C': 7.935859334260497, 'penalty': 'l2'}. Best is trial 0 with value: 1.0.
[I 2026-04-07 01:35:29,024] Trial 2 finished with value: 1.0 and parameters: {'C': 0.15561310098067915, 'penalty': 'l2'}. Best is trial 0 with value: 1.0.
[I 2026-04-07 01:35:29,048] Trial 3 finished with value: 1.0 and parameters: {'C': 4.143104515916128, 'penalty': 'l2'}. Best is trial 0 with value: 1.0.
[I 2026-04-07 01:35:29,072] Trial 4 finished with value: 1.0 and parameters: {'C': 77.61533923098803, 'penalty': 'l2'}. Best is trial 0 with value: 1.0.
[I 2026-04-07 01:35:29,097] Trial 5 finished with value: 1.0 and parameters: {'C': 0.49258292359934785, 'penalty': 'l2'}. Best is trial 0 with value: 1.0.
[I 2026-04-07 01:35:29,122] Trial 6 finished with value: 1.0 and parameters: {'C': 0.320333470047146, 'penalty': 'l2'}. Best is trial 0 with value: 1.0.
[I 2026-04-07 01:35:29,147] Trial 7 finished with value: 1.0 and parameters: {'C': 0.002292216671132896, 'penalty': 'l2'}. Best is trial 0 with value: 1.0.
[I 2026-04-07 01:35:29,171] Trial 8 finished with value: 1.0 and parameters: {'C': 0.0219884643872214, 'penalty': 'l2'}. Best is trial 0 with value: 1.0.
[I 2026-04-07 01:35:29,197] Trial 9 finished with value: 1.0 and parameters: {'C': 0.31580027519646636, 'penalty': 'l2'}. Best is trial 0 with value: 1.0.
[I 2026-04-07 01:35:29,218] Trial 10 finished with value: 1.0 and parameters: {'C': 0.005028545732690317, 'penalty': 'l2'}. Best is trial 0 with value: 1.0.
[I 2026-04-07 01:35:29,248] Trial 11 finished with value: 1.0 and parameters: {'C': 15.514850032264519, 'penalty': 'l2'}. Best is trial 0 with value: 1.0.
[I 2026-04-07 01:35:29,279] Trial 12 finished with value: 1.0 and parameters: {'C': 3.8533453410664578, 'penalty': 'l2'}. Best is trial 0 with value: 1.0.
[I 2026-04-07 01:35:29,310] Trial 13 finished with value: 1.0 and parameters: {'C': 0.04053444936620892, 'penalty': 'l2'}. Best is trial 0 with value: 1.0.
[I 2026-04-07 01:35:29,340] Trial 14 finished with value: 1.0 and parameters: {'C': 3.6189108554787492, 'penalty': 'l2'}. Best is trial 0 with value: 1.0.
[I 2026-04-07 01:35:29,369] Trial 15 finished with value: 1.0 and parameters: {'C': 76.85235596180026, 'penalty': 'l2'}. Best is trial 0 with value: 1.0.
[I 2026-04-07 01:35:29,400] Trial 16 finished with value: 1.0 and parameters: {'C': 0.012579852256827942, 'penalty': 'l2'}. Best is trial 0 with value: 1.0.
[I 2026-04-07 01:35:29,420] Trial 17 finished with value: 1.0 and parameters: {'C': 0.0010299038925161348, 'penalty': 'l2'}. Best is trial 0 with value: 1.0.
[I 2026-04-07 01:35:29,439] Trial 18 finished with value: 1.0 and parameters: {'C': 0.059497234598840446, 'penalty': 'l2'}. Best is trial 0 with value: 1.0.
[I 2026-04-07 01:35:29,456] Trial 19 finished with value: 1.0 and parameters: {'C': 1.326095734760134, 'penalty': 'l2'}. Best is trial 0 with value: 1.0.
[I 2026-04-07 01:35:29,475] Trial 20 finished with value: 1.0 and parameters: {'C': 20.37422894544439, 'penalty': 'l2'}. Best is trial 0 with value: 1.0.
[I 2026-04-07 01:35:29,504] Trial 21 finished with value: 1.0 and parameters: {'C': 0.09630987969657057, 'penalty': 'l2'}. Best is trial 0 with value: 1.0.
[I 2026-04-07 01:35:29,525] Trial 22 finished with value: 1.0 and parameters: {'C': 0.007221035226805926, 'penalty': 'l2'}. Best is trial 0 with value: 1.0.
[I 2026-04-07 01:35:29,545] Trial 23 finished with value: 1.0 and parameters: {'C': 0.1168231874682798, 'penalty': 'l2'}. Best is trial 0 with value: 1.0.
[I 2026-04-07 01:35:29,575] Trial 24 finished with value: 1.0 and parameters: {'C': 1.07327131370564, 'penalty': 'l2'}. Best is trial 0 with value: 1.0.
[I 2026-04-07 01:35:29,605] Trial 25 finished with value: 1.0 and parameters: {'C': 22.030149283850154, 'penalty': 'l2'}. Best is trial 0 with value: 1.0.
[I 2026-04-07 01:35:29,625] Trial 26 finished with value: 1.0 and parameters: {'C': 0.001031036222242501, 'penalty': 'l2'}. Best is trial 0 with value: 1.0.
[I 2026-04-07 01:35:29,656] Trial 27 finished with value: 1.0 and parameters: {'C': 8.329961743648088, 'penalty': 'l2'}. Best is trial 0 with value: 1.0.
[I 2026-04-07 01:35:29,687] Trial 28 finished with value: 1.0 and parameters: {'C': 0.18460133021462113, 'penalty': 'l2'}. Best is trial 0 with value: 1.0.
[I 2026-04-07 01:35:29,718] Trial 29 finished with value: 1.0 and parameters: {'C': 1.4482571960680461, 'penalty': 'l2'}. Best is trial 0 with value: 1.0.
[I 2026-04-07 01:35:30,678] A new study created in memory with name: knn
[I 2026-04-07 01:35:30,692] Trial 0 finished with value: 1.0 and parameters: {'n_neighbors': 3, 'leaf_size': 36, 'p': 2}. Best is trial 0 with value: 1.0.
[I 2026-04-07 01:35:30,728] Trial 1 finished with value: 1.0 and parameters: {'n_neighbors': 10, 'leaf_size': 31, 'p': 1}. Best is trial 0 with value: 1.0.
[I 2026-04-07 01:35:30,743] Trial 2 finished with value: 1.0 and parameters: {'n_neighbors': 5, 'leaf_size': 30, 'p': 2}. Best is trial 0 with value: 1.0.
[I 2026-04-07 01:35:30,757] Trial 3 finished with value: 1.0 and parameters: {'n_neighbors': 6, 'leaf_size': 21, 'p': 2}. Best is trial 0 with value: 1.0.
[I 2026-04-07 01:35:30,781] Trial 4 finished with value: 1.0 and parameters: {'n_neighbors': 4, 'leaf_size': 29, 'p': 1}. Best is trial 0 with value: 1.0.
[I 2026-04-07 01:35:30,795] Trial 5 finished with value: 1.0 and parameters: {'n_neighbors': 7, 'leaf_size': 39, 'p': 2}. Best is trial 0 with value: 1.0.
[I 2026-04-07 01:35:30,829] Trial 6 finished with value: 1.0 and parameters: {'n_neighbors': 10, 'leaf_size': 22, 'p': 2}. Best is trial 0 with value: 1.0.
[I 2026-04-07 01:35:30,864] Trial 7 finished with value: 1.0 and parameters: {'n_neighbors': 8, 'leaf_size': 29, 'p': 2}. Best is trial 0 with value: 1.0.
[I 2026-04-07 01:35:30,889] Trial 8 finished with value: 1.0 and parameters: {'n_neighbors': 5, 'leaf_size': 30, 'p': 2}. Best is trial 0 with value: 1.0.
[I 2026-04-07 01:35:30,925] Trial 9 finished with value: 1.0 and parameters: {'n_neighbors': 9, 'leaf_size': 26, 'p': 1}. Best is trial 0 with value: 1.0.
[I 2026-04-07 01:35:30,949] Trial 10 finished with value: 1.0 and parameters: {'n_neighbors': 4, 'leaf_size': 38, 'p': 1}. Best is trial 0 with value: 1.0.
[I 2026-04-07 01:35:30,982] Trial 11 finished with value: 1.0 and parameters: {'n_neighbors': 3, 'leaf_size': 35, 'p': 1}. Best is trial 0 with value: 1.0.
[I 2026-04-07 01:35:31,037] Trial 12 finished with value: 1.0 and parameters: {'n_neighbors': 10, 'leaf_size': 34, 'p': 1}. Best is trial 0 with value: 1.0.
[I 2026-04-07 01:35:31,062] Trial 13 finished with value: 1.0 and parameters: {'n_neighbors': 8, 'leaf_size': 33, 'p': 1}. Best is trial 0 with value: 1.0.
[I 2026-04-07 01:35:31,084] Trial 14 finished with value: 1.0 and parameters: {'n_neighbors': 3, 'leaf_size': 36, 'p': 2}. Best is trial 0 with value: 1.0.
[I 2026-04-07 01:35:31,111] Trial 15 finished with value: 1.0 and parameters: {'n_neighbors': 7, 'leaf_size': 25, 'p': 1}. Best is trial 0 with value: 1.0.
[I 2026-04-07 01:35:31,134] Trial 16 finished with value: 1.0 and parameters: {'n_neighbors': 6, 'leaf_size': 32, 'p': 1}. Best is trial 0 with value: 1.0.
[I 2026-04-07 01:35:31,178] Trial 17 finished with value: 1.0 and parameters: {'n_neighbors': 9, 'leaf_size': 40, 'p': 2}. Best is trial 0 with value: 1.0.
[I 2026-04-07 01:35:31,224] Trial 18 finished with value: 1.0 and parameters: {'n_neighbors': 8, 'leaf_size': 36, 'p': 1}. Best is trial 0 with value: 1.0.
[I 2026-04-07 01:35:31,251] Trial 19 finished with value: 1.0 and parameters: {'n_neighbors': 5, 'leaf_size': 27, 'p': 2}. Best is trial 0 with value: 1.0.
[I 2026-04-07 01:35:31,294] Trial 20 finished with value: 1.0 and parameters: {'n_neighbors': 9, 'leaf_size': 32, 'p': 2}. Best is trial 0 with value: 1.0.
[I 2026-04-07 01:35:31,320] Trial 21 finished with value: 1.0 and parameters: {'n_neighbors': 4, 'leaf_size': 31, 'p': 2}. Best is trial 0 with value: 1.0.
[I 2026-04-07 01:35:31,345] Trial 22 finished with value: 1.0 and parameters: {'n_neighbors': 5, 'leaf_size': 28, 'p': 2}. Best is trial 0 with value: 1.0.
[I 2026-04-07 01:35:31,380] Trial 23 finished with value: 1.0 and parameters: {'n_neighbors': 3, 'leaf_size': 23, 'p': 2}. Best is trial 0 with value: 1.0.
[I 2026-04-07 01:35:31,407] Trial 24 finished with value: 1.0 and parameters: {'n_neighbors': 4, 'leaf_size': 37, 'p': 2}. Best is trial 0 with value: 1.0.
[I 2026-04-07 01:35:31,443] Trial 25 finished with value: 1.0 and parameters: {'n_neighbors': 6, 'leaf_size': 34, 'p': 2}. Best is trial 0 with value: 1.0.
[I 2026-04-07 01:35:31,469] Trial 26 finished with value: 1.0 and parameters: {'n_neighbors': 5, 'leaf_size': 24, 'p': 1}. Best is trial 0 with value: 1.0.
[I 2026-04-07 01:35:31,504] Trial 27 finished with value: 1.0 and parameters: {'n_neighbors': 7, 'leaf_size': 31, 'p': 2}. Best is trial 0 with value: 1.0.
[I 2026-04-07 01:35:31,531] Trial 28 finished with value: 1.0 and parameters: {'n_neighbors': 3, 'leaf_size': 28, 'p': 1}. Best is trial 0 with value: 1.0.
[I 2026-04-07 01:35:31,559] Trial 29 finished with value: 1.0 and parameters: {'n_neighbors': 6, 'leaf_size': 33, 'p': 2}. Best is trial 0 with value: 1.0.
[I 2026-04-07 01:35:32,641] A new study created in memory with name: xgb
[I 2026-04-07 01:35:32,666] Trial 0 finished with value: 1.0 and parameters: {'n_estimators': 40, 'max_depth': 20, 'gamma': 0.5510084172939441, 'subsample': 0.5360255666798808, 'colsample_bytree': 0.6342194900509356}. Best is trial 0 with value: 1.0.
[I 2026-04-07 01:35:32,704] Trial 1 finished with value: 0.95 and parameters: {'n_estimators': 100, 'max_depth': 5, 'gamma': 0.9186341749476523, 'subsample': 0.6066926767899578, 'colsample_bytree': 0.7260619809088416}. Best is trial 0 with value: 1.0.
