[I 2026-04-08 09:48:38,743] A new study created in memory with name: naive_bayes
Corriendo el pipeline de destilación con la siguiente configuración:
No se encontraron caracteres extranos en la columna target
Datos de train y test guardados en data/paysim


>>> Optuna tuning naive_bayes metodo Full-data IPC 0 seed 0


[I 2026-04-08 09:48:44,326] Trial 0 finished with value: 0.7825685485848244 and parameters: {'var_smoothing': 1.2520653814999457e-09}. Best is trial 0 with value: 0.7825685485848244.
[I 2026-04-08 09:48:49,732] Trial 1 finished with value: 0.7825967879356165 and parameters: {'var_smoothing': 2.693883019285408e-09}. Best is trial 1 with value: 0.7825967879356165.
[I 2026-04-08 09:48:55,088] Trial 2 finished with value: 0.7825773788462176 and parameters: {'var_smoothing': 1.6051911333587584e-09}. Best is trial 1 with value: 0.7825967879356165.
[I 2026-04-08 09:49:00,531] Trial 3 finished with value: 0.7825681988715019 and parameters: {'var_smoothing': 1.2296071107325683e-09}. Best is trial 1 with value: 0.7825967879356165.
[I 2026-04-08 09:49:05,794] Trial 4 finished with value: 0.782549664065409 and parameters: {'var_smoothing': 7.035737028722139e-10}. Best is trial 1 with value: 0.7825967879356165.
[I 2026-04-08 09:49:11,212] Trial 5 finished with value: 0.7825841108276759 and parameters: {'var_smoothing': 1.957889720121294e-09}. Best is trial 1 with value: 0.7825967879356165.
[I 2026-04-08 09:49:16,594] Trial 6 finished with value: 0.7825510629186991 and parameters: {'var_smoothing': 7.501954443620119e-10}. Best is trial 1 with value: 0.7825967879356165.
[I 2026-04-08 09:49:21,865] Trial 7 finished with value: 0.782631934124681 and parameters: {'var_smoothing': 6.074996073425682e-09}. Best is trial 7 with value: 0.782631934124681.
[I 2026-04-08 09:49:27,158] Trial 8 finished with value: 0.7826475837958631 and parameters: {'var_smoothing': 8.459126528049351e-09}. Best is trial 8 with value: 0.7826475837958631.
[I 2026-04-08 09:49:32,489] Trial 9 finished with value: 0.7825437189389266 and parameters: {'var_smoothing': 5.846326121643404e-10}. Best is trial 8 with value: 0.7826475837958631.
[I 2026-04-08 09:49:37,880] Trial 10 finished with value: 0.7825086601782691 and parameters: {'var_smoothing': 1.345853577688474e-10}. Best is trial 8 with value: 0.7826475837958631.
[I 2026-04-08 09:49:43,161] Trial 11 finished with value: 0.7826531792090232 and parameters: {'var_smoothing': 9.371449384156418e-09}. Best is trial 11 with value: 0.7826531792090232.
[I 2026-04-08 09:49:48,458] Trial 12 finished with value: 0.7826448735176138 and parameters: {'var_smoothing': 8.045564515992574e-09}. Best is trial 11 with value: 0.7826531792090232.
[I 2026-04-08 09:49:51,788] Trial 13 finished with value: 0.7826167215951522 and parameters: {'var_smoothing': 4.4004872272568365e-09}. Best is trial 11 with value: 0.7826531792090232.
[I 2026-04-08 09:49:55,060] Trial 14 finished with value: 0.7826488077924919 and parameters: {'var_smoothing': 8.654499882904173e-09}. Best is trial 11 with value: 0.7826531792090232.
[I 2026-04-08 09:49:58,311] Trial 15 finished with value: 0.7826113010386534 and parameters: {'var_smoothing': 3.823943391346874e-09}. Best is trial 11 with value: 0.7826531792090232.
[I 2026-04-08 09:50:01,423] Trial 16 finished with value: 0.7825270201277771 and parameters: {'var_smoothing': 3.0045273443732653e-10}. Best is trial 11 with value: 0.7826531792090232.
[I 2026-04-08 09:50:04,533] Trial 17 finished with value: 0.7826144484585559 and parameters: {'var_smoothing': 4.136590886836962e-09}. Best is trial 11 with value: 0.7826531792090232.
[I 2026-04-08 09:50:07,618] Trial 18 finished with value: 0.7826558894872726 and parameters: {'var_smoothing': 9.841405878999524e-09}. Best is trial 18 with value: 0.7826558894872726.
[I 2026-04-08 09:50:10,745] Trial 19 finished with value: 0.7825942525140285 and parameters: {'var_smoothing': 2.5478831448401283e-09}. Best is trial 18 with value: 0.7826558894872726.
[I 2026-04-08 09:50:13,838] Trial 20 finished with value: 0.7825240475644593 and parameters: {'var_smoothing': 2.6653117693946223e-10}. Best is trial 18 with value: 0.7826558894872726.
[I 2026-04-08 09:50:16,949] Trial 21 finished with value: 0.7826554523456194 and parameters: {'var_smoothing': 9.775278313864458e-09}. Best is trial 18 with value: 0.7826558894872726.
[I 2026-04-08 09:50:20,053] Trial 22 finished with value: 0.7826568511989095 and parameters: {'var_smoothing': 9.963908343902654e-09}. Best is trial 22 with value: 0.7826568511989095.
[I 2026-04-08 09:50:23,139] Trial 23 finished with value: 0.782631496983028 and parameters: {'var_smoothing': 6.0085485840048816e-09}. Best is trial 22 with value: 0.7826568511989095.
[I 2026-04-08 09:50:26,285] Trial 24 finished with value: 0.7826264261398517 and parameters: {'var_smoothing': 5.444483728518307e-09}. Best is trial 22 with value: 0.7826568511989095.
[I 2026-04-08 09:50:29,417] Trial 25 finished with value: 0.782656239200595 and parameters: {'var_smoothing': 9.905531646784415e-09}. Best is trial 22 with value: 0.7826568511989095.
[I 2026-04-08 09:50:32,576] Trial 26 finished with value: 0.7826063176238076 and parameters: {'var_smoothing': 3.3999246928341747e-09}. Best is trial 22 with value: 0.7826568511989095.
[I 2026-04-08 09:50:35,683] Trial 27 finished with value: 0.7826250272865616 and parameters: {'var_smoothing': 5.22586071983245e-09}. Best is trial 22 with value: 0.7826568511989095.
[I 2026-04-08 09:50:38,789] Trial 28 finished with value: 0.782634294689608 and parameters: {'var_smoothing': 6.391028226877026e-09}. Best is trial 22 with value: 0.7826568511989095.
[I 2026-04-08 09:50:41,890] Trial 29 finished with value: 0.7825945147990202 and parameters: {'var_smoothing': 2.5664818831206635e-09}. Best is trial 22 with value: 0.7826568511989095.
[I 2026-04-08 09:50:47,686] A new study created in memory with name: logreg
[I 2026-04-08 09:50:55,746] Trial 0 finished with value: 0.6881625915208973 and parameters: {'C': 0.5547119471592125, 'penalty': 'l2'}. Best is trial 0 with value: 0.6881625915208973.
[I 2026-04-08 09:51:03,849] Trial 1 finished with value: 0.7081697550830949 and parameters: {'C': 3.7665768415992953, 'penalty': 'l2'}. Best is trial 1 with value: 0.7081697550830949.
[I 2026-04-08 09:51:11,823] Trial 2 finished with value: 0.7002654906177681 and parameters: {'C': 1.032326035197657, 'penalty': 'l2'}. Best is trial 1 with value: 0.7081697550830949.
[I 2026-04-08 09:51:19,403] Trial 3 finished with value: 0.6872159063682511 and parameters: {'C': 0.530170934757683, 'penalty': 'l2'}. Best is trial 1 with value: 0.7081697550830949.
[I 2026-04-08 09:51:27,388] Trial 4 finished with value: 0.6550978713847196 and parameters: {'C': 0.13130280280658593, 'penalty': 'l2'}. Best is trial 1 with value: 0.7081697550830949.
[I 2026-04-08 09:51:35,081] Trial 5 finished with value: 0.7041839514313585 and parameters: {'C': 1.6961746387290997, 'penalty': 'l2'}. Best is trial 1 with value: 0.7081697550830949.
[I 2026-04-08 09:51:42,808] Trial 6 finished with value: 0.6601704410013411 and parameters: {'C': 0.15414734761917095, 'penalty': 'l2'}. Best is trial 1 with value: 0.7081697550830949.
[I 2026-04-08 09:51:51,324] Trial 7 finished with value: 0.7171622961828718 and parameters: {'C': 28.765041432546976, 'penalty': 'l2'}. Best is trial 7 with value: 0.7171622961828718.
[I 2026-04-08 09:51:59,943] Trial 8 finished with value: 0.7181090809574766 and parameters: {'C': 65.81332043291806, 'penalty': 'l2'}. Best is trial 8 with value: 0.7181090809574766.
[I 2026-04-08 09:52:07,822] Trial 9 finished with value: 0.6425181447691006 and parameters: {'C': 0.08264328927007726, 'penalty': 'l2'}. Best is trial 8 with value: 0.7181090809574766.
[I 2026-04-08 09:52:14,971] Trial 10 finished with value: 0.5465365179849153 and parameters: {'C': 0.002101331318459542, 'penalty': 'l2'}. Best is trial 8 with value: 0.7181090809574766.
[I 2026-04-08 09:52:23,463] Trial 11 finished with value: 0.7182443115264394 and parameters: {'C': 85.01917955916235, 'penalty': 'l2'}. Best is trial 11 with value: 0.7182443115264394.
[I 2026-04-08 09:52:31,873] Trial 12 finished with value: 0.7180414219588297 and parameters: {'C': 58.06190813539093, 'penalty': 'l2'}. Best is trial 11 with value: 0.7182443115264394.
[I 2026-04-08 09:52:40,104] Trial 13 finished with value: 0.7160817335690967 and parameters: {'C': 12.845526573509025, 'penalty': 'l2'}. Best is trial 11 with value: 0.7182443115264394.
[I 2026-04-08 09:52:48,659] Trial 14 finished with value: 0.7181090809574766 and parameters: {'C': 69.67948641461048, 'penalty': 'l2'}. Best is trial 11 with value: 0.7182443115264394.
[I 2026-04-08 09:52:57,310] Trial 15 finished with value: 0.7152708828551265 and parameters: {'C': 9.042294263425593, 'penalty': 'l2'}. Best is trial 11 with value: 0.7182443115264394.
[I 2026-04-08 09:53:04,535] Trial 16 finished with value: 0.5963212108070624 and parameters: {'C': 0.022296658046127755, 'penalty': 'l2'}. Best is trial 11 with value: 0.7182443115264394.
[I 2026-04-08 09:53:13,300] Trial 17 finished with value: 0.7182443115264394 and parameters: {'C': 85.72745405580054, 'penalty': 'l2'}. Best is trial 11 with value: 0.7182443115264394.
[I 2026-04-08 09:53:21,662] Trial 18 finished with value: 0.7145270832054456 and parameters: {'C': 7.524979231884113, 'penalty': 'l2'}. Best is trial 11 with value: 0.7182443115264394.
[I 2026-04-08 09:53:30,000] Trial 19 finished with value: 0.7168248378561658 and parameters: {'C': 19.99434203114988, 'penalty': 'l2'}. Best is trial 11 with value: 0.7182443115264394.
[I 2026-04-08 09:53:36,939] Trial 20 finished with value: 0.5397046141227478 and parameters: {'C': 0.0014848179506150056, 'penalty': 'l2'}. Best is trial 11 with value: 0.7182443115264394.
[I 2026-04-08 09:53:45,422] Trial 21 finished with value: 0.7183118373503063 and parameters: {'C': 94.2594329795741, 'penalty': 'l2'}. Best is trial 21 with value: 0.7183118373503063.
[I 2026-04-08 09:53:54,031] Trial 22 finished with value: 0.7183119247786369 and parameters: {'C': 99.10014951706384, 'penalty': 'l2'}. Best is trial 22 with value: 0.7183119247786369.
[I 2026-04-08 09:54:02,784] Trial 23 finished with value: 0.7171623836112786 and parameters: {'C': 27.984911824968936, 'penalty': 'l2'}. Best is trial 22 with value: 0.7183119247786369.
[I 2026-04-08 09:54:10,866] Trial 24 finished with value: 0.7099967645853308 and parameters: {'C': 3.9791366108222466, 'penalty': 'l2'}. Best is trial 22 with value: 0.7183119247786369.
[I 2026-04-08 09:54:19,463] Trial 25 finished with value: 0.7183118373503063 and parameters: {'C': 94.57498617273455, 'penalty': 'l2'}. Best is trial 22 with value: 0.7183119247786369.
[I 2026-04-08 09:54:28,017] Trial 26 finished with value: 0.7171623836112786 and parameters: {'C': 26.650575462051844, 'penalty': 'l2'}. Best is trial 22 with value: 0.7183119247786369.
[I 2026-04-08 09:54:35,467] Trial 27 finished with value: 0.5627035846502734 and parameters: {'C': 0.005469972849811192, 'penalty': 'l2'}. Best is trial 22 with value: 0.7183119247786369.
[I 2026-04-08 09:54:43,143] Trial 28 finished with value: 0.7080352656232696 and parameters: {'C': 3.2779364083555116, 'penalty': 'l2'}. Best is trial 22 with value: 0.7183119247786369.
[I 2026-04-08 09:54:52,156] Trial 29 finished with value: 0.7176355137133983 and parameters: {'C': 41.8238643745665, 'penalty': 'l2'}. Best is trial 22 with value: 0.7183119247786369.
[I 2026-04-08 09:55:07,179] A new study created in memory with name: knn
[I 2026-04-08 10:08:16,672] Trial 0 finished with value: 0.8265598586783467 and parameters: {'n_neighbors': 7, 'leaf_size': 35, 'p': 1}. Best is trial 0 with value: 0.8265598586783467.
Parámetros guardados en checkpoint_paysim_Doriginal_I/Full-data/IPC_0/best_models_Full-data_seed_0_space_original/naive_bayes_best_params.json


>>> Optuna tuning logreg metodo Full-data IPC 0 seed 0


Parámetros guardados en checkpoint_paysim_Doriginal_I/Full-data/IPC_0/best_models_Full-data_seed_0_space_original/logreg_best_params.json


>>> Optuna tuning knn metodo Full-data IPC 0 seed 0


[I 2026-04-08 10:15:22,867] Trial 1 finished with value: 0.8050515921533041 and parameters: {'n_neighbors': 6, 'leaf_size': 33, 'p': 2}. Best is trial 0 with value: 0.8265598586783467.
[I 2026-04-08 10:25:32,404] Trial 2 finished with value: 0.8046499221527579 and parameters: {'n_neighbors': 10, 'leaf_size': 28, 'p': 1}. Best is trial 0 with value: 0.8265598586783467.
[I 2026-04-08 10:35:01,709] Trial 3 finished with value: 0.812012940052748 and parameters: {'n_neighbors': 7, 'leaf_size': 39, 'p': 2}. Best is trial 0 with value: 0.8265598586783467.
[I 2026-04-08 10:43:44,189] Trial 4 finished with value: 0.8361471389145458 and parameters: {'n_neighbors': 3, 'leaf_size': 37, 'p': 2}. Best is trial 4 with value: 0.8361471389145458.
[I 2026-04-08 10:53:42,625] Trial 5 finished with value: 0.7848286189076507 and parameters: {'n_neighbors': 10, 'leaf_size': 36, 'p': 2}. Best is trial 4 with value: 0.8361471389145458.
[I 2026-04-08 11:00:18,192] Trial 6 finished with value: 0.8361471389145458 and parameters: {'n_neighbors': 3, 'leaf_size': 33, 'p': 2}. Best is trial 4 with value: 0.8361471389145458.
[I 2026-04-08 11:07:31,398] Trial 7 finished with value: 0.812012940052748 and parameters: {'n_neighbors': 7, 'leaf_size': 28, 'p': 2}. Best is trial 4 with value: 0.8361471389145458.
[I 2026-04-08 11:14:40,518] Trial 8 finished with value: 0.8050515921533041 and parameters: {'n_neighbors': 6, 'leaf_size': 31, 'p': 2}. Best is trial 4 with value: 0.8361471389145458.
[I 2026-04-08 11:24:16,888] Trial 9 finished with value: 0.8265598586783467 and parameters: {'n_neighbors': 7, 'leaf_size': 32, 'p': 1}. Best is trial 4 with value: 0.8361471389145458.
[I 2026-04-08 11:32:54,008] Trial 10 finished with value: 0.846502562548045 and parameters: {'n_neighbors': 3, 'leaf_size': 22, 'p': 1}. Best is trial 10 with value: 0.846502562548045.
[I 2026-04-08 11:41:30,305] Trial 11 finished with value: 0.846502562548045 and parameters: {'n_neighbors': 3, 'leaf_size': 20, 'p': 1}. Best is trial 10 with value: 0.846502562548045.
[I 2026-04-08 11:50:24,785] Trial 12 finished with value: 0.8241953436994656 and parameters: {'n_neighbors': 4, 'leaf_size': 21, 'p': 1}. Best is trial 10 with value: 0.846502562548045.
[I 2026-04-08 11:59:30,533] Trial 13 finished with value: 0.8241953436994656 and parameters: {'n_neighbors': 4, 'leaf_size': 20, 'p': 1}. Best is trial 10 with value: 0.846502562548045.
[I 2026-04-08 12:08:43,037] Trial 14 finished with value: 0.8340651095472433 and parameters: {'n_neighbors': 5, 'leaf_size': 23, 'p': 1}. Best is trial 10 with value: 0.846502562548045.
[I 2026-04-08 12:17:36,041] Trial 15 finished with value: 0.8241953436994656 and parameters: {'n_neighbors': 4, 'leaf_size': 24, 'p': 1}. Best is trial 10 with value: 0.846502562548045.
[I 2026-04-08 12:26:11,763] Trial 16 finished with value: 0.846502562548045 and parameters: {'n_neighbors': 3, 'leaf_size': 25, 'p': 1}. Best is trial 10 with value: 0.846502562548045.
[I 2026-04-08 12:35:20,447] Trial 17 finished with value: 0.8340651095472433 and parameters: {'n_neighbors': 5, 'leaf_size': 27, 'p': 1}. Best is trial 10 with value: 0.846502562548045.
[I 2026-04-08 12:44:29,668] Trial 18 finished with value: 0.8340651095472433 and parameters: {'n_neighbors': 5, 'leaf_size': 22, 'p': 1}. Best is trial 10 with value: 0.846502562548045.
[I 2026-04-08 12:54:24,862] Trial 19 finished with value: 0.8179038670314197 and parameters: {'n_neighbors': 9, 'leaf_size': 20, 'p': 1}. Best is trial 10 with value: 0.846502562548045.
[I 2026-04-08 13:04:12,376] Trial 20 finished with value: 0.813510689174249 and parameters: {'n_neighbors': 8, 'leaf_size': 26, 'p': 1}. Best is trial 10 with value: 0.846502562548045.
[I 2026-04-08 13:12:47,939] Trial 21 finished with value: 0.846502562548045 and parameters: {'n_neighbors': 3, 'leaf_size': 25, 'p': 1}. Best is trial 10 with value: 0.846502562548045.
[I 2026-04-08 13:21:33,681] Trial 22 finished with value: 0.846502562548045 and parameters: {'n_neighbors': 3, 'leaf_size': 23, 'p': 1}. Best is trial 10 with value: 0.846502562548045.
[I 2026-04-08 13:30:28,453] Trial 23 finished with value: 0.8241953436994656 and parameters: {'n_neighbors': 4, 'leaf_size': 22, 'p': 1}. Best is trial 10 with value: 0.846502562548045.
[I 2026-04-08 13:39:04,632] Trial 24 finished with value: 0.846502562548045 and parameters: {'n_neighbors': 3, 'leaf_size': 25, 'p': 1}. Best is trial 10 with value: 0.846502562548045.
[I 2026-04-08 13:48:04,525] Trial 25 finished with value: 0.8241953436994656 and parameters: {'n_neighbors': 4, 'leaf_size': 29, 'p': 1}. Best is trial 10 with value: 0.846502562548045.
[I 2026-04-08 13:57:14,748] Trial 26 finished with value: 0.8340651095472433 and parameters: {'n_neighbors': 5, 'leaf_size': 20, 'p': 1}. Best is trial 10 with value: 0.846502562548045.
[I 2026-04-08 14:05:53,667] Trial 27 finished with value: 0.846502562548045 and parameters: {'n_neighbors': 3, 'leaf_size': 24, 'p': 1}. Best is trial 10 with value: 0.846502562548045.
[I 2026-04-08 14:14:51,412] Trial 28 finished with value: 0.8241953436994656 and parameters: {'n_neighbors': 4, 'leaf_size': 22, 'p': 1}. Best is trial 10 with value: 0.846502562548045.
[I 2026-04-08 14:24:15,475] Trial 29 finished with value: 0.819055810447115 and parameters: {'n_neighbors': 6, 'leaf_size': 26, 'p': 1}. Best is trial 10 with value: 0.846502562548045.
[I 2026-04-08 14:39:00,038] A new study created in memory with name: xgb
Parámetros guardados en checkpoint_paysim_Doriginal_I/Full-data/IPC_0/best_models_Full-data_seed_0_space_original/knn_best_params.json


>>> Optuna tuning xgb metodo Full-data IPC 0 seed 0


[I 2026-04-08 14:39:36,012] Trial 0 finished with value: 0.8634600495245021 and parameters: {'n_estimators': 40, 'max_depth': 30, 'gamma': 0.49382849013642327, 'subsample': 0.9458865003910399, 'colsample_bytree': 0.9818313802505146}. Best is trial 0 with value: 0.8634600495245021.
[I 2026-04-08 14:40:11,550] Trial 1 finished with value: 0.8278765739181637 and parameters: {'n_estimators': 40, 'max_depth': 20, 'gamma': 0.17841636973138664, 'subsample': 0.5101091987201629, 'colsample_bytree': 0.916309922773969}. Best is trial 0 with value: 0.8634600495245021.
[I 2026-04-08 14:40:54,728] Trial 2 finished with value: 0.9140780790275613 and parameters: {'n_estimators': 100, 'max_depth': 5, 'gamma': 0.20644698328203992, 'subsample': 0.819960510663762, 'colsample_bytree': 0.5716766437045232}. Best is trial 2 with value: 0.9140780790275613.
[I 2026-04-08 14:41:11,597] Trial 3 finished with value: 0.7999120743086381 and parameters: {'n_estimators': 10, 'max_depth': 20, 'gamma': 0.6115905539817836, 'subsample': 0.5093949002181776, 'colsample_bytree': 0.8088177485379385}. Best is trial 2 with value: 0.9140780790275613.
[I 2026-04-08 14:42:00,281] Trial 4 finished with value: 0.9105506362194689 and parameters: {'n_estimators': 100, 'max_depth': 5, 'gamma': 0.7278680763345383, 'subsample': 0.5301127358146349, 'colsample_bytree': 0.8333833577228338}. Best is trial 2 with value: 0.9140780790275613.
[I 2026-04-08 14:42:17,540] Trial 5 finished with value: 0.8588924829528851 and parameters: {'n_estimators': 10, 'max_depth': 30, 'gamma': 0.4947413621160883, 'subsample': 0.9941869190296131, 'colsample_bytree': 0.551022405374014}. Best is trial 2 with value: 0.9140780790275613.
[I 2026-04-08 14:43:32,782] Trial 6 finished with value: 0.9153822187680788 and parameters: {'n_estimators': 100, 'max_depth': 20, 'gamma': 0.24307262528096776, 'subsample': 0.5551875705821525, 'colsample_bytree': 0.8281647947326367}. Best is trial 6 with value: 0.9153822187680788.
[I 2026-04-08 14:44:40,496] Trial 7 finished with value: 0.9250065788413124 and parameters: {'n_estimators': 100, 'max_depth': 30, 'gamma': 0.18648856710456677, 'subsample': 0.9882297325066979, 'colsample_bytree': 0.7343256008238508}. Best is trial 7 with value: 0.9250065788413124.
[I 2026-04-08 14:44:55,432] Trial 8 finished with value: 0.7799889308590501 and parameters: {'n_estimators': 10, 'max_depth': 20, 'gamma': 0.36652617776993046, 'subsample': 0.559363859477122, 'colsample_bytree': 0.658991589696988}. Best is trial 7 with value: 0.9250065788413124.
[I 2026-04-08 14:45:35,617] Trial 9 finished with value: 0.899860044774691 and parameters: {'n_estimators': 100, 'max_depth': 5, 'gamma': 0.18454645968259753, 'subsample': 0.7879732477780896, 'colsample_bytree': 0.964648098788107}. Best is trial 7 with value: 0.9250065788413124.
[I 2026-04-08 14:46:32,237] Trial 10 finished with value: 0.9179732981550283 and parameters: {'n_estimators': 100, 'max_depth': 30, 'gamma': 0.9575004347741041, 'subsample': 0.8813742620978964, 'colsample_bytree': 0.6939542401840081}. Best is trial 7 with value: 0.9250065788413124.
[I 2026-04-08 14:47:30,175] Trial 11 finished with value: 0.9183831020244237 and parameters: {'n_estimators': 100, 'max_depth': 30, 'gamma': 0.9780821597952087, 'subsample': 0.8916626570733485, 'colsample_bytree': 0.6895244400144871}. Best is trial 7 with value: 0.9250065788413124.
[I 2026-04-08 14:48:29,909] Trial 12 finished with value: 0.917967821645958 and parameters: {'n_estimators': 100, 'max_depth': 30, 'gamma': 0.9992933757507363, 'subsample': 0.701529078090007, 'colsample_bytree': 0.7069202348950061}. Best is trial 7 with value: 0.9250065788413124.
[I 2026-04-08 14:49:14,376] Trial 13 finished with value: 0.9166440887833431 and parameters: {'n_estimators': 100, 'max_depth': 30, 'gamma': 0.7603572265769204, 'subsample': 0.89882897156719, 'colsample_bytree': 0.6171301050514337}. Best is trial 7 with value: 0.9250065788413124.
[I 2026-04-08 14:50:24,316] Trial 14 finished with value: 0.9204657657891795 and parameters: {'n_estimators': 100, 'max_depth': 30, 'gamma': 0.8609566085247075, 'subsample': 0.6987822631596471, 'colsample_bytree': 0.7628455062991601}. Best is trial 7 with value: 0.9250065788413124.
