[I 2026-04-09 21:45:03,131] Trial 14 finished with value: 0.9 and parameters: {'n_estimators': 361, 'max_depth': 17, 'min_samples_split': 3, 'min_samples_leaf': 2}. Best is trial 10 with value: 0.95.
[I 2026-04-09 21:45:03,302] Trial 15 finished with value: 0.9 and parameters: {'n_estimators': 108, 'max_depth': 11, 'min_samples_split': 4, 'min_samples_leaf': 2}. Best is trial 10 with value: 0.95.
[I 2026-04-09 21:45:03,535] Trial 16 finished with value: 0.925 and parameters: {'n_estimators': 164, 'max_depth': 17, 'min_samples_split': 2, 'min_samples_leaf': 1}. Best is trial 10 with value: 0.95.
[I 2026-04-09 21:45:04,125] Trial 17 finished with value: 0.825 and parameters: {'n_estimators': 496, 'max_depth': 13, 'min_samples_split': 4, 'min_samples_leaf': 10}. Best is trial 10 with value: 0.95.
[I 2026-04-09 21:45:04,542] Trial 18 finished with value: 0.95 and parameters: {'n_estimators': 313, 'max_depth': 18, 'min_samples_split': 7, 'min_samples_leaf': 2}. Best is trial 10 with value: 0.95.
[I 2026-04-09 21:45:04,770] Trial 19 finished with value: 0.875 and parameters: {'n_estimators': 158, 'max_depth': 14, 'min_samples_split': 4, 'min_samples_leaf': 3}. Best is trial 10 with value: 0.95.
[I 2026-04-09 21:45:05,212] Trial 20 finished with value: 0.8 and parameters: {'n_estimators': 351, 'max_depth': 10, 'min_samples_split': 2, 'min_samples_leaf': 8}. Best is trial 10 with value: 0.95.
[I 2026-04-09 21:45:05,441] Trial 21 finished with value: 0.95 and parameters: {'n_estimators': 171, 'max_depth': 13, 'min_samples_split': 3, 'min_samples_leaf': 1}. Best is trial 10 with value: 0.95.
[I 2026-04-09 21:45:05,668] Trial 22 finished with value: 0.95 and parameters: {'n_estimators': 110, 'max_depth': 9, 'min_samples_split': 3, 'min_samples_leaf': 1}. Best is trial 10 with value: 0.95.
[I 2026-04-09 21:45:05,891] Trial 23 finished with value: 0.9 and parameters: {'n_estimators': 150, 'max_depth': 13, 'min_samples_split': 4, 'min_samples_leaf': 3}. Best is trial 10 with value: 0.95.
[I 2026-04-09 21:45:06,159] Trial 24 finished with value: 0.925 and parameters: {'n_estimators': 201, 'max_depth': 18, 'min_samples_split': 3, 'min_samples_leaf': 2}. Best is trial 10 with value: 0.95.
[I 2026-04-09 21:45:06,429] Trial 25 finished with value: 0.95 and parameters: {'n_estimators': 186, 'max_depth': 15, 'min_samples_split': 2, 'min_samples_leaf': 1}. Best is trial 10 with value: 0.95.
[I 2026-04-09 21:45:06,622] Trial 26 finished with value: 0.9 and parameters: {'n_estimators': 103, 'max_depth': 18, 'min_samples_split': 6, 'min_samples_leaf': 3}. Best is trial 10 with value: 0.95.
[I 2026-04-09 21:45:06,807] Trial 27 finished with value: 0.925 and parameters: {'n_estimators': 142, 'max_depth': 12, 'min_samples_split': 3, 'min_samples_leaf': 2}. Best is trial 10 with value: 0.95.
[I 2026-04-09 21:45:07,085] Trial 28 finished with value: 0.95 and parameters: {'n_estimators': 226, 'max_depth': 16, 'min_samples_split': 4, 'min_samples_leaf': 1}. Best is trial 10 with value: 0.95.
[I 2026-04-09 21:45:07,264] Trial 29 finished with value: 0.95 and parameters: {'n_estimators': 101, 'max_depth': 9, 'min_samples_split': 6, 'min_samples_leaf': 2}. Best is trial 10 with value: 0.95.
[I 2026-04-09 21:45:09,003] A new study created in memory with name: mlp
[I 2026-04-09 21:45:09,038] Trial 0 finished with value: 0.875 and parameters: {'hidden_layer_sizes': (200,), 'max_iter': 50, 'alpha': 0.001}. Best is trial 0 with value: 0.875.
[I 2026-04-09 21:45:09,085] Trial 1 finished with value: 0.925 and parameters: {'hidden_layer_sizes': (200,), 'max_iter': 50, 'alpha': 0.0001}. Best is trial 1 with value: 0.925.
[I 2026-04-09 21:45:09,128] Trial 2 finished with value: 0.85 and parameters: {'hidden_layer_sizes': (100,), 'max_iter': 50, 'alpha': 0.0001}. Best is trial 1 with value: 0.925.
[I 2026-04-09 21:45:09,187] Trial 3 finished with value: 0.9 and parameters: {'hidden_layer_sizes': (100,), 'max_iter': 100, 'alpha': 0.001}. Best is trial 1 with value: 0.925.
[I 2026-04-09 21:45:09,254] Trial 4 finished with value: 0.9 and parameters: {'hidden_layer_sizes': (200,), 'max_iter': 100, 'alpha': 0.001}. Best is trial 1 with value: 0.925.
[I 2026-04-09 21:45:09,289] Trial 5 finished with value: 0.875 and parameters: {'hidden_layer_sizes': (200,), 'max_iter': 50, 'alpha': 0.001}. Best is trial 1 with value: 0.925.
[I 2026-04-09 21:45:09,359] Trial 6 finished with value: 0.875 and parameters: {'hidden_layer_sizes': (100,), 'max_iter': 100, 'alpha': 0.0001}. Best is trial 1 with value: 0.925.
[I 2026-04-09 21:45:09,406] Trial 7 finished with value: 0.925 and parameters: {'hidden_layer_sizes': (100, 100), 'max_iter': 50, 'alpha': 0.0001}. Best is trial 1 with value: 0.925.
[I 2026-04-09 21:45:09,484] Trial 8 finished with value: 0.875 and parameters: {'hidden_layer_sizes': (100, 100), 'max_iter': 100, 'alpha': 0.0001}. Best is trial 1 with value: 0.925.
[I 2026-04-09 21:45:09,541] Trial 9 finished with value: 0.875 and parameters: {'hidden_layer_sizes': (100,), 'max_iter': 50, 'alpha': 0.001}. Best is trial 1 with value: 0.925.
[I 2026-04-09 21:45:09,578] Trial 10 finished with value: 0.875 and parameters: {'hidden_layer_sizes': (200,), 'max_iter': 50, 'alpha': 0.0001}. Best is trial 1 with value: 0.925.
[I 2026-04-09 21:45:09,642] Trial 11 finished with value: 0.9 and parameters: {'hidden_layer_sizes': (100, 100), 'max_iter': 50, 'alpha': 0.0001}. Best is trial 1 with value: 0.925.
[I 2026-04-09 21:45:09,694] Trial 12 finished with value: 0.9 and parameters: {'hidden_layer_sizes': (100, 100), 'max_iter': 50, 'alpha': 0.0001}. Best is trial 1 with value: 0.925.
[I 2026-04-09 21:45:09,739] Trial 13 finished with value: 0.925 and parameters: {'hidden_layer_sizes': (100, 100), 'max_iter': 50, 'alpha': 0.0001}. Best is trial 1 with value: 0.925.
[I 2026-04-09 21:45:09,777] Trial 14 finished with value: 0.875 and parameters: {'hidden_layer_sizes': (200,), 'max_iter': 50, 'alpha': 0.0001}. Best is trial 1 with value: 0.925.
[I 2026-04-09 21:45:09,835] Trial 15 finished with value: 0.9 and parameters: {'hidden_layer_sizes': (100, 100), 'max_iter': 50, 'alpha': 0.0001}. Best is trial 1 with value: 0.925.
[I 2026-04-09 21:45:09,862] Trial 16 finished with value: 0.9 and parameters: {'hidden_layer_sizes': (200,), 'max_iter': 50, 'alpha': 0.0001}. Best is trial 1 with value: 0.925.
[I 2026-04-09 21:45:09,918] Trial 17 finished with value: 0.9 and parameters: {'hidden_layer_sizes': (100, 100), 'max_iter': 50, 'alpha': 0.0001}. Best is trial 1 with value: 0.925.
[I 2026-04-09 21:45:09,983] Trial 18 finished with value: 0.875 and parameters: {'hidden_layer_sizes': (100, 100), 'max_iter': 100, 'alpha': 0.0001}. Best is trial 1 with value: 0.925.
[I 2026-04-09 21:45:10,017] Trial 19 finished with value: 0.9 and parameters: {'hidden_layer_sizes': (200,), 'max_iter': 50, 'alpha': 0.0001}. Best is trial 1 with value: 0.925.
[I 2026-04-09 21:45:10,075] Trial 20 finished with value: 0.9 and parameters: {'hidden_layer_sizes': (100, 100), 'max_iter': 50, 'alpha': 0.0001}. Best is trial 1 with value: 0.925.
[I 2026-04-09 21:45:10,123] Trial 21 finished with value: 0.925 and parameters: {'hidden_layer_sizes': (100, 100), 'max_iter': 50, 'alpha': 0.0001}. Best is trial 1 with value: 0.925.
[I 2026-04-09 21:45:10,177] Trial 22 finished with value: 0.925 and parameters: {'hidden_layer_sizes': (100, 100), 'max_iter': 50, 'alpha': 0.0001}. Best is trial 1 with value: 0.925.
[I 2026-04-09 21:45:10,232] Trial 23 finished with value: 0.925 and parameters: {'hidden_layer_sizes': (100, 100), 'max_iter': 50, 'alpha': 0.0001}. Best is trial 1 with value: 0.925.
[I 2026-04-09 21:45:10,300] Trial 24 finished with value: 0.925 and parameters: {'hidden_layer_sizes': (100, 100), 'max_iter': 50, 'alpha': 0.0001}. Best is trial 1 with value: 0.925.
[I 2026-04-09 21:45:10,339] Trial 25 finished with value: 0.9 and parameters: {'hidden_layer_sizes': (200,), 'max_iter': 50, 'alpha': 0.0001}. Best is trial 1 with value: 0.925.
[I 2026-04-09 21:45:10,417] Trial 26 finished with value: 0.85 and parameters: {'hidden_layer_sizes': (100, 100), 'max_iter': 100, 'alpha': 0.001}. Best is trial 1 with value: 0.925.
[I 2026-04-09 21:45:10,476] Trial 27 finished with value: 0.925 and parameters: {'hidden_layer_sizes': (100, 100), 'max_iter': 50, 'alpha': 0.0001}. Best is trial 1 with value: 0.925.
[I 2026-04-09 21:45:10,510] Trial 28 finished with value: 0.9 and parameters: {'hidden_layer_sizes': (100,), 'max_iter': 50, 'alpha': 0.0001}. Best is trial 1 with value: 0.925.
[I 2026-04-09 21:45:10,568] Trial 29 finished with value: 0.875 and parameters: {'hidden_layer_sizes': (200,), 'max_iter': 50, 'alpha': 0.001}. Best is trial 1 with value: 0.925.
[I 2026-04-09 21:45:18,778] A new study created in memory with name: naive_bayes
[I 2026-04-09 21:45:18,792] Trial 0 finished with value: 0.775 and parameters: {'var_smoothing': 5.582886587978182e-09}. Best is trial 0 with value: 0.775.
[I 2026-04-09 21:45:18,805] Trial 1 finished with value: 0.775 and parameters: {'var_smoothing': 8.651299071518215e-09}. Best is trial 0 with value: 0.775.
[I 2026-04-09 21:45:18,818] Trial 2 finished with value: 0.775 and parameters: {'var_smoothing': 5.475062490474489e-09}. Best is trial 0 with value: 0.775.
[I 2026-04-09 21:45:18,831] Trial 3 finished with value: 0.775 and parameters: {'var_smoothing': 1.1526869678723134e-09}. Best is trial 0 with value: 0.775.
[I 2026-04-09 21:45:18,858] Trial 4 finished with value: 0.8 and parameters: {'var_smoothing': 2.920496270341785e-10}. Best is trial 4 with value: 0.8.
[I 2026-04-09 21:45:18,874] Trial 5 finished with value: 0.8 and parameters: {'var_smoothing': 1.0538956417705805e-10}. Best is trial 4 with value: 0.8.
[I 2026-04-09 21:45:18,888] Trial 6 finished with value: 0.775 and parameters: {'var_smoothing': 7.260016982331591e-10}. Best is trial 4 with value: 0.8.
[I 2026-04-09 21:45:18,903] Trial 7 finished with value: 0.775 and parameters: {'var_smoothing': 6.378267364653917e-10}. Best is trial 4 with value: 0.8.
[I 2026-04-09 21:45:18,917] Trial 8 finished with value: 0.775 and parameters: {'var_smoothing': 1.1100673847791952e-09}. Best is trial 4 with value: 0.8.
[I 2026-04-09 21:45:18,930] Trial 9 finished with value: 0.775 and parameters: {'var_smoothing': 9.052813879088377e-10}. Best is trial 4 with value: 0.8.
[I 2026-04-09 21:45:18,950] Trial 10 finished with value: 0.8 and parameters: {'var_smoothing': 1.4176318999640743e-10}. Best is trial 4 with value: 0.8.
[I 2026-04-09 21:45:18,966] Trial 11 finished with value: 0.8 and parameters: {'var_smoothing': 1.308098725427671e-10}. Best is trial 4 with value: 0.8.
[I 2026-04-09 21:45:18,987] Trial 12 finished with value: 0.8 and parameters: {'var_smoothing': 2.8161474043615367e-10}. Best is trial 4 with value: 0.8.
[I 2026-04-09 21:45:19,015] Trial 13 finished with value: 0.8 and parameters: {'var_smoothing': 2.8801122575935713e-10}. Best is trial 4 with value: 0.8.
[I 2026-04-09 21:45:19,035] Trial 14 finished with value: 0.8 and parameters: {'var_smoothing': 3.140593514346022e-10}. Best is trial 4 with value: 0.8.
[I 2026-04-09 21:45:19,054] Trial 15 finished with value: 0.8 and parameters: {'var_smoothing': 1.2339859936866644e-10}. Best is trial 4 with value: 0.8.
[I 2026-04-09 21:45:19,074] Trial 16 finished with value: 0.8 and parameters: {'var_smoothing': 2.25727231553455e-10}. Best is trial 4 with value: 0.8.
[I 2026-04-09 21:45:19,094] Trial 17 finished with value: 0.775 and parameters: {'var_smoothing': 4.626157394137276e-10}. Best is trial 4 with value: 0.8.
[I 2026-04-09 21:45:19,114] Trial 18 finished with value: 0.8 and parameters: {'var_smoothing': 1.004656801485395e-10}. Best is trial 4 with value: 0.8.
[I 2026-04-09 21:45:19,134] Trial 19 finished with value: 0.775 and parameters: {'var_smoothing': 2.216125571639067e-09}. Best is trial 4 with value: 0.8.
[I 2026-04-09 21:45:19,154] Trial 20 finished with value: 0.8 and parameters: {'var_smoothing': 1.655562135393522e-10}. Best is trial 4 with value: 0.8.
[I 2026-04-09 21:45:19,174] Trial 21 finished with value: 0.8 and parameters: {'var_smoothing': 1.8499423876134572e-10}. Best is trial 4 with value: 0.8.
[I 2026-04-09 21:45:19,193] Trial 22 finished with value: 0.775 and parameters: {'var_smoothing': 4.564632281418233e-10}. Best is trial 4 with value: 0.8.
[I 2026-04-09 21:45:19,222] Trial 23 finished with value: 0.8 and parameters: {'var_smoothing': 1.0205997598345584e-10}. Best is trial 4 with value: 0.8.
[I 2026-04-09 21:45:19,242] Trial 24 finished with value: 0.8 and parameters: {'var_smoothing': 1.6738774057090002e-10}. Best is trial 4 with value: 0.8.
[I 2026-04-09 21:45:19,259] Trial 25 finished with value: 0.8 and parameters: {'var_smoothing': 4.017219792340738e-10}. Best is trial 4 with value: 0.8.
[I 2026-04-09 21:45:19,287] Trial 26 finished with value: 0.8 and parameters: {'var_smoothing': 2.166758261516158e-10}. Best is trial 4 with value: 0.8.
[I 2026-04-09 21:45:19,310] Trial 27 finished with value: 0.775 and parameters: {'var_smoothing': 2.0421263037015397e-09}. Best is trial 4 with value: 0.8.
[I 2026-04-09 21:45:19,330] Trial 28 finished with value: 0.8 and parameters: {'var_smoothing': 1.4341027074873066e-10}. Best is trial 4 with value: 0.8.
[I 2026-04-09 21:45:19,346] Trial 29 finished with value: 0.8 and parameters: {'var_smoothing': 2.4247589863748873e-10}. Best is trial 4 with value: 0.8.
[I 2026-04-09 21:45:19,790] A new study created in memory with name: logreg
[I 2026-04-09 21:45:19,814] Trial 0 finished with value: 0.875 and parameters: {'C': 23.288794782471303, 'penalty': 'l2'}. Best is trial 0 with value: 0.875.
[I 2026-04-09 21:45:19,847] Trial 1 finished with value: 0.85 and parameters: {'C': 69.61507800412923, 'penalty': 'l2'}. Best is trial 0 with value: 0.875.
[I 2026-04-09 21:45:19,879] Trial 2 finished with value: 0.875 and parameters: {'C': 22.180569925473442, 'penalty': 'l2'}. Best is trial 0 with value: 0.875.
[I 2026-04-09 21:45:19,902] Trial 3 finished with value: 0.775 and parameters: {'C': 0.4511058486037652, 'penalty': 'l2'}. Best is trial 0 with value: 0.875.
[I 2026-04-09 21:45:19,925] Trial 4 finished with value: 0.625 and parameters: {'C': 0.014576110093994574, 'penalty': 'l2'}. Best is trial 0 with value: 0.875.
[I 2026-04-09 21:45:19,948] Trial 5 finished with value: 0.55 and parameters: {'C': 0.0011402340906886685, 'penalty': 'l2'}. Best is trial 0 with value: 0.875.
[I 2026-04-09 21:45:19,972] Trial 6 finished with value: 0.7 and parameters: {'C': 0.14201822862985758, 'penalty': 'l2'}. Best is trial 0 with value: 0.875.
[I 2026-04-09 21:45:19,997] Trial 7 finished with value: 0.7 and parameters: {'C': 0.1027440782219989, 'penalty': 'l2'}. Best is trial 0 with value: 0.875.
[I 2026-04-09 21:45:20,022] Trial 8 finished with value: 0.775 and parameters: {'C': 0.41055690122086846, 'penalty': 'l2'}. Best is trial 0 with value: 0.875.
[I 2026-04-09 21:45:20,046] Trial 9 finished with value: 0.725 and parameters: {'C': 0.24658064201770763, 'penalty': 'l2'}. Best is trial 0 with value: 0.875.
[I 2026-04-09 21:45:20,075] Trial 10 finished with value: 0.875 and parameters: {'C': 5.817250906722227, 'penalty': 'l2'}. Best is trial 0 with value: 0.875.
[I 2026-04-09 21:45:20,114] Trial 11 finished with value: 0.85 and parameters: {'C': 71.43440875634786, 'penalty': 'l2'}. Best is trial 0 with value: 0.875.
[I 2026-04-09 21:45:20,142] Trial 12 finished with value: 0.875 and parameters: {'C': 6.825317160972618, 'penalty': 'l2'}. Best is trial 0 with value: 0.875.
[I 2026-04-09 21:45:20,171] Trial 13 finished with value: 0.875 and parameters: {'C': 7.664984358018366, 'penalty': 'l2'}. Best is trial 0 with value: 0.875.
[I 2026-04-09 21:45:20,209] Trial 14 finished with value: 0.875 and parameters: {'C': 18.245642710813158, 'penalty': 'l2'}. Best is trial 0 with value: 0.875.
[I 2026-04-09 21:45:20,240] Trial 15 finished with value: 0.85 and parameters: {'C': 1.4876611996375217, 'penalty': 'l2'}. Best is trial 0 with value: 0.875.
[I 2026-04-09 21:45:20,273] Trial 16 finished with value: 0.85 and parameters: {'C': 1.9403923574834812, 'penalty': 'l2'}. Best is trial 0 with value: 0.875.
[I 2026-04-09 21:45:20,313] Trial 17 finished with value: 0.85 and parameters: {'C': 26.80373716573969, 'penalty': 'l2'}. Best is trial 0 with value: 0.875.
[I 2026-04-09 21:45:20,344] Trial 18 finished with value: 0.85 and parameters: {'C': 1.8306377404156253, 'penalty': 'l2'}. Best is trial 0 with value: 0.875.
[I 2026-04-09 21:45:20,371] Trial 19 finished with value: 0.65 and parameters: {'C': 0.03793093083482863, 'penalty': 'l2'}. Best is trial 0 with value: 0.875.
[I 2026-04-09 21:45:20,407] Trial 20 finished with value: 0.875 and parameters: {'C': 21.838935298940108, 'penalty': 'l2'}. Best is trial 0 with value: 0.875.
[I 2026-04-09 21:45:20,445] Trial 21 finished with value: 0.875 and parameters: {'C': 5.9265212676348415, 'penalty': 'l2'}. Best is trial 0 with value: 0.875.
[I 2026-04-09 21:45:20,477] Trial 22 finished with value: 0.85 and parameters: {'C': 78.1099519510049, 'penalty': 'l2'}. Best is trial 0 with value: 0.875.
[I 2026-04-09 21:45:20,509] Trial 23 finished with value: 0.85 and parameters: {'C': 4.016494317765493, 'penalty': 'l2'}. Best is trial 0 with value: 0.875.
[I 2026-04-09 21:45:20,540] Trial 24 finished with value: 0.85 and parameters: {'C': 25.888824657129828, 'penalty': 'l2'}. Best is trial 0 with value: 0.875.
[I 2026-04-09 21:45:20,584] Trial 25 finished with value: 0.875 and parameters: {'C': 12.49783598404351, 'penalty': 'l2'}. Best is trial 0 with value: 0.875.
[I 2026-04-09 21:45:20,614] Trial 26 finished with value: 0.85 and parameters: {'C': 3.1897785697681873, 'penalty': 'l2'}. Best is trial 0 with value: 0.875.
[I 2026-04-09 21:45:20,652] Trial 27 finished with value: 0.825 and parameters: {'C': 1.034924441783129, 'penalty': 'l2'}. Best is trial 0 with value: 0.875.
[I 2026-04-09 21:45:20,685] Trial 28 finished with value: 0.85 and parameters: {'C': 50.97766510497664, 'penalty': 'l2'}. Best is trial 0 with value: 0.875.
[I 2026-04-09 21:45:20,726] Trial 29 finished with value: 0.85 and parameters: {'C': 43.534855052673144, 'penalty': 'l2'}. Best is trial 0 with value: 0.875.
[I 2026-04-09 21:45:21,126] A new study created in memory with name: knn
[I 2026-04-09 21:45:21,150] Trial 0 finished with value: 0.625 and parameters: {'n_neighbors': 9, 'leaf_size': 40, 'p': 1}. Best is trial 0 with value: 0.625.
[I 2026-04-09 21:45:21,174] Trial 1 finished with value: 0.725 and parameters: {'n_neighbors': 4, 'leaf_size': 20, 'p': 1}. Best is trial 1 with value: 0.725.
[I 2026-04-09 21:45:21,188] Trial 2 finished with value: 0.725 and parameters: {'n_neighbors': 7, 'leaf_size': 30, 'p': 1}. Best is trial 1 with value: 0.725.
[I 2026-04-09 21:45:21,201] Trial 3 finished with value: 0.625 and parameters: {'n_neighbors': 9, 'leaf_size': 34, 'p': 1}. Best is trial 1 with value: 0.725.
[I 2026-04-09 21:45:21,215] Trial 4 finished with value: 0.775 and parameters: {'n_neighbors': 5, 'leaf_size': 40, 'p': 1}. Best is trial 4 with value: 0.775.
[I 2026-04-09 21:45:21,230] Trial 5 finished with value: 0.625 and parameters: {'n_neighbors': 3, 'leaf_size': 40, 'p': 2}. Best is trial 4 with value: 0.775.
[I 2026-04-09 21:45:21,255] Trial 6 finished with value: 0.625 and parameters: {'n_neighbors': 3, 'leaf_size': 24, 'p': 2}. Best is trial 4 with value: 0.775.
[I 2026-04-09 21:45:21,280] Trial 7 finished with value: 0.725 and parameters: {'n_neighbors': 5, 'leaf_size': 40, 'p': 2}. Best is trial 4 with value: 0.775.
[I 2026-04-09 21:45:21,296] Trial 8 finished with value: 0.725 and parameters: {'n_neighbors': 6, 'leaf_size': 36, 'p': 1}. Best is trial 4 with value: 0.775.
[I 2026-04-09 21:45:21,321] Trial 9 finished with value: 0.725 and parameters: {'n_neighbors': 6, 'leaf_size': 25, 'p': 1}. Best is trial 4 with value: 0.775.
[I 2026-04-09 21:45:21,356] Trial 10 finished with value: 0.7 and parameters: {'n_neighbors': 7, 'leaf_size': 32, 'p': 2}. Best is trial 4 with value: 0.775.
[I 2026-04-09 21:45:21,381] Trial 11 finished with value: 0.725 and parameters: {'n_neighbors': 4, 'leaf_size': 21, 'p': 1}. Best is trial 4 with value: 0.775.
[I 2026-04-09 21:45:21,406] Trial 12 finished with value: 0.775 and parameters: {'n_neighbors': 5, 'leaf_size': 28, 'p': 1}. Best is trial 4 with value: 0.775.
[I 2026-04-09 21:45:21,442] Trial 13 finished with value: 0.775 and parameters: {'n_neighbors': 5, 'leaf_size': 27, 'p': 1}. Best is trial 4 with value: 0.775.
[I 2026-04-09 21:45:21,471] Trial 14 finished with value: 0.75 and parameters: {'n_neighbors': 8, 'leaf_size': 28, 'p': 1}. Best is trial 4 with value: 0.775.
[I 2026-04-09 21:45:21,495] Trial 15 finished with value: 0.775 and parameters: {'n_neighbors': 5, 'leaf_size': 35, 'p': 1}. Best is trial 4 with value: 0.775.
[I 2026-04-09 21:45:21,521] Trial 16 finished with value: 0.725 and parameters: {'n_neighbors': 4, 'leaf_size': 31, 'p': 1}. Best is trial 4 with value: 0.775.
[I 2026-04-09 21:45:21,544] Trial 17 finished with value: 0.725 and parameters: {'n_neighbors': 6, 'leaf_size': 28, 'p': 1}. Best is trial 4 with value: 0.775.
[I 2026-04-09 21:45:21,571] Trial 18 finished with value: 0.65 and parameters: {'n_neighbors': 8, 'leaf_size': 37, 'p': 2}. Best is trial 4 with value: 0.775.
[I 2026-04-09 21:45:21,595] Trial 19 finished with value: 0.775 and parameters: {'n_neighbors': 5, 'leaf_size': 23, 'p': 1}. Best is trial 4 with value: 0.775.
[I 2026-04-09 21:45:21,629] Trial 20 finished with value: 0.725 and parameters: {'n_neighbors': 4, 'leaf_size': 33, 'p': 1}. Best is trial 4 with value: 0.775.
[I 2026-04-09 21:45:21,653] Trial 21 finished with value: 0.775 and parameters: {'n_neighbors': 5, 'leaf_size': 28, 'p': 1}. Best is trial 4 with value: 0.775.
[I 2026-04-09 21:45:21,680] Trial 22 finished with value: 0.775 and parameters: {'n_neighbors': 5, 'leaf_size': 26, 'p': 1}. Best is trial 4 with value: 0.775.
