[I 2026-04-07 02:08:10,457] Trial 26 finished with value: 0.675 and parameters: {'n_neighbors': 8, 'leaf_size': 40, 'p': 1}. Best is trial 10 with value: 0.775.
[I 2026-04-07 02:08:10,481] Trial 27 finished with value: 0.775 and parameters: {'n_neighbors': 9, 'leaf_size': 21, 'p': 1}. Best is trial 10 with value: 0.775.
[I 2026-04-07 02:08:10,518] Trial 28 finished with value: 0.725 and parameters: {'n_neighbors': 10, 'leaf_size': 28, 'p': 1}. Best is trial 10 with value: 0.775.
[I 2026-04-07 02:08:10,542] Trial 29 finished with value: 0.65 and parameters: {'n_neighbors': 8, 'leaf_size': 38, 'p': 2}. Best is trial 10 with value: 0.775.
[I 2026-04-07 02:08:11,566] A new study created in memory with name: xgb
[I 2026-04-07 02:08:11,591] Trial 0 finished with value: 0.95 and parameters: {'n_estimators': 40, 'max_depth': 5, 'gamma': 0.789317070832284, 'subsample': 0.7592089939364717, 'colsample_bytree': 0.648400250788111}. Best is trial 0 with value: 0.95.
[I 2026-04-07 02:08:11,618] Trial 1 finished with value: 1.0 and parameters: {'n_estimators': 100, 'max_depth': 30, 'gamma': 0.34667781579300216, 'subsample': 0.7071175095405257, 'colsample_bytree': 0.6480399663668239}. Best is trial 1 with value: 1.0.
[I 2026-04-07 02:08:11,645] Trial 2 finished with value: 0.95 and parameters: {'n_estimators': 10, 'max_depth': 20, 'gamma': 0.3948075529198607, 'subsample': 0.5720821503267102, 'colsample_bytree': 0.5828064306006338}. Best is trial 1 with value: 1.0.
[I 2026-04-07 02:08:11,673] Trial 3 finished with value: 0.925 and parameters: {'n_estimators': 10, 'max_depth': 30, 'gamma': 0.8015631269999768, 'subsample': 0.5114665462195407, 'colsample_bytree': 0.788831429064878}. Best is trial 1 with value: 1.0.
[I 2026-04-07 02:08:11,700] Trial 4 finished with value: 0.975 and parameters: {'n_estimators': 100, 'max_depth': 5, 'gamma': 0.8834347783013348, 'subsample': 0.961374806972835, 'colsample_bytree': 0.5011071062662218}. Best is trial 1 with value: 1.0.
[I 2026-04-07 02:08:11,728] Trial 5 finished with value: 0.975 and parameters: {'n_estimators': 40, 'max_depth': 5, 'gamma': 0.5364379674896123, 'subsample': 0.5145557818363589, 'colsample_bytree': 0.5432628442011025}. Best is trial 1 with value: 1.0.
[I 2026-04-07 02:08:11,766] Trial 6 finished with value: 0.975 and parameters: {'n_estimators': 100, 'max_depth': 20, 'gamma': 0.6718205850237038, 'subsample': 0.9059511955902053, 'colsample_bytree': 0.9633413076219371}. Best is trial 1 with value: 1.0.
[I 2026-04-07 02:08:11,793] Trial 7 finished with value: 0.9 and parameters: {'n_estimators': 10, 'max_depth': 30, 'gamma': 0.8165284487704038, 'subsample': 0.5255714015506736, 'colsample_bytree': 0.594333867896554}. Best is trial 1 with value: 1.0.
[I 2026-04-07 02:08:11,821] Trial 8 finished with value: 1.0 and parameters: {'n_estimators': 100, 'max_depth': 20, 'gamma': 0.6251497693480509, 'subsample': 0.9696496759824258, 'colsample_bytree': 0.9717700410079397}. Best is trial 1 with value: 1.0.
[I 2026-04-07 02:08:11,846] Trial 9 finished with value: 0.95 and parameters: {'n_estimators': 40, 'max_depth': 30, 'gamma': 0.9649927737686168, 'subsample': 0.6857563076640036, 'colsample_bytree': 0.5061847058001788}. Best is trial 1 with value: 1.0.
[I 2026-04-07 02:08:11,893] Trial 10 finished with value: 1.0 and parameters: {'n_estimators': 100, 'max_depth': 30, 'gamma': 0.14652420766939808, 'subsample': 0.7882149445367822, 'colsample_bytree': 0.774073623852926}. Best is trial 1 with value: 1.0.
[I 2026-04-07 02:08:11,930] Trial 11 finished with value: 1.0 and parameters: {'n_estimators': 100, 'max_depth': 20, 'gamma': 0.3599371982830902, 'subsample': 0.8474986553720296, 'colsample_bytree': 0.9523787574342063}. Best is trial 1 with value: 1.0.
[I 2026-04-07 02:08:11,969] Trial 12 finished with value: 1.0 and parameters: {'n_estimators': 100, 'max_depth': 20, 'gamma': 0.4739543111989019, 'subsample': 0.6726644249254942, 'colsample_bytree': 0.8613659655163468}. Best is trial 1 with value: 1.0.
[I 2026-04-07 02:08:12,007] Trial 13 finished with value: 0.975 and parameters: {'n_estimators': 100, 'max_depth': 20, 'gamma': 0.2436473689850287, 'subsample': 0.9982774069433007, 'colsample_bytree': 0.6906467854543743}. Best is trial 1 with value: 1.0.
[I 2026-04-07 02:08:12,046] Trial 14 finished with value: 1.0 and parameters: {'n_estimators': 100, 'max_depth': 30, 'gamma': 0.641438869531364, 'subsample': 0.6592169147512574, 'colsample_bytree': 0.8513998405721429}. Best is trial 1 with value: 1.0.
[I 2026-04-07 02:08:12,096] Trial 15 finished with value: 0.975 and parameters: {'n_estimators': 100, 'max_depth': 30, 'gamma': 0.31798733692887876, 'subsample': 0.8244208993499721, 'colsample_bytree': 0.6877103829957787}. Best is trial 1 with value: 1.0.
[I 2026-04-07 02:08:12,133] Trial 16 finished with value: 0.975 and parameters: {'n_estimators': 100, 'max_depth': 20, 'gamma': 0.6367515745988495, 'subsample': 0.9030781308369584, 'colsample_bytree': 0.8810094054474}. Best is trial 1 with value: 1.0.
[I 2026-04-07 02:08:12,183] Trial 17 finished with value: 1.0 and parameters: {'n_estimators': 100, 'max_depth': 30, 'gamma': 0.4542223897838519, 'subsample': 0.7198544311435996, 'colsample_bytree': 0.9950595795464995}. Best is trial 1 with value: 1.0.
[I 2026-04-07 02:08:12,222] Trial 18 finished with value: 0.975 and parameters: {'n_estimators': 40, 'max_depth': 20, 'gamma': 0.10983070442030571, 'subsample': 0.6053894608528367, 'colsample_bytree': 0.7241612051208073}. Best is trial 1 with value: 1.0.
[I 2026-04-07 02:08:12,261] Trial 19 finished with value: 0.95 and parameters: {'n_estimators': 10, 'max_depth': 5, 'gamma': 0.24972186480441236, 'subsample': 0.8572884773462297, 'colsample_bytree': 0.6397301247459838}. Best is trial 1 with value: 1.0.
[I 2026-04-07 02:08:12,309] Trial 20 finished with value: 1.0 and parameters: {'n_estimators': 100, 'max_depth': 30, 'gamma': 0.5576205484803076, 'subsample': 0.6251353157464475, 'colsample_bytree': 0.8271540124940114}. Best is trial 1 with value: 1.0.
[I 2026-04-07 02:08:12,358] Trial 21 finished with value: 1.0 and parameters: {'n_estimators': 100, 'max_depth': 30, 'gamma': 0.1353074649201955, 'subsample': 0.7489813013748922, 'colsample_bytree': 0.7701131714701339}. Best is trial 1 with value: 1.0.
[I 2026-04-07 02:08:12,397] Trial 22 finished with value: 1.0 and parameters: {'n_estimators': 100, 'max_depth': 30, 'gamma': 0.22540378457227128, 'subsample': 0.7847595325860108, 'colsample_bytree': 0.9012563062834986}. Best is trial 1 with value: 1.0.
[I 2026-04-07 02:08:12,448] Trial 23 finished with value: 1.0 and parameters: {'n_estimators': 100, 'max_depth': 30, 'gamma': 0.2000094357158022, 'subsample': 0.7978733883239287, 'colsample_bytree': 0.7373708125094302}. Best is trial 1 with value: 1.0.
[I 2026-04-07 02:08:12,487] Trial 24 finished with value: 1.0 and parameters: {'n_estimators': 100, 'max_depth': 30, 'gamma': 0.31944382920204706, 'subsample': 0.7171197892100862, 'colsample_bytree': 0.9244789365227197}. Best is trial 1 with value: 1.0.
[I 2026-04-07 02:08:12,526] Trial 25 finished with value: 1.0 and parameters: {'n_estimators': 100, 'max_depth': 20, 'gamma': 0.44100956828457816, 'subsample': 0.8975347694525642, 'colsample_bytree': 0.8057924053264678}. Best is trial 1 with value: 1.0.
[I 2026-04-07 02:08:12,566] Trial 26 finished with value: 0.95 and parameters: {'n_estimators': 100, 'max_depth': 30, 'gamma': 0.7116132770978827, 'subsample': 0.965441840803392, 'colsample_bytree': 0.6400375107127882}. Best is trial 1 with value: 1.0.
[I 2026-04-07 02:08:12,604] Trial 27 finished with value: 0.975 and parameters: {'n_estimators': 100, 'max_depth': 30, 'gamma': 0.543812067173325, 'subsample': 0.7089689747912793, 'colsample_bytree': 0.6916287314775146}. Best is trial 1 with value: 1.0.
[I 2026-04-07 02:08:12,643] Trial 28 finished with value: 0.925 and parameters: {'n_estimators': 10, 'max_depth': 5, 'gamma': 0.16216990063120995, 'subsample': 0.6215137499218955, 'colsample_bytree': 0.5920420295837905}. Best is trial 1 with value: 1.0.
[I 2026-04-07 02:08:12,682] Trial 29 finished with value: 0.95 and parameters: {'n_estimators': 40, 'max_depth': 20, 'gamma': 0.30953751414869757, 'subsample': 0.7992868159535174, 'colsample_bytree': 0.6664000430714372}. Best is trial 1 with value: 1.0.
[I 2026-04-07 02:08:13,060] A new study created in memory with name: rf
[I 2026-04-07 02:08:13,266] Trial 0 finished with value: 0.875 and parameters: {'n_estimators': 189, 'max_depth': 18, 'min_samples_split': 3, 'min_samples_leaf': 10}. Best is trial 0 with value: 0.875.
[I 2026-04-07 02:08:13,574] Trial 1 finished with value: 0.95 and parameters: {'n_estimators': 295, 'max_depth': 14, 'min_samples_split': 8, 'min_samples_leaf': 6}. Best is trial 1 with value: 0.95.
[I 2026-04-07 02:08:13,812] Trial 2 finished with value: 0.925 and parameters: {'n_estimators': 219, 'max_depth': 6, 'min_samples_split': 2, 'min_samples_leaf': 8}. Best is trial 1 with value: 0.95.
[I 2026-04-07 02:08:14,100] Trial 3 finished with value: 1.0 and parameters: {'n_estimators': 276, 'max_depth': 5, 'min_samples_split': 9, 'min_samples_leaf': 3}. Best is trial 3 with value: 1.0.
[I 2026-04-07 02:08:14,388] Trial 4 finished with value: 0.95 and parameters: {'n_estimators': 266, 'max_depth': 8, 'min_samples_split': 7, 'min_samples_leaf': 6}. Best is trial 3 with value: 1.0.
[I 2026-04-07 02:08:14,767] Trial 5 finished with value: 1.0 and parameters: {'n_estimators': 340, 'max_depth': 7, 'min_samples_split': 4, 'min_samples_leaf': 3}. Best is trial 3 with value: 1.0.
[I 2026-04-07 02:08:15,016] Trial 6 finished with value: 0.925 and parameters: {'n_estimators': 231, 'max_depth': 5, 'min_samples_split': 3, 'min_samples_leaf': 10}. Best is trial 3 with value: 1.0.
[I 2026-04-07 02:08:15,506] Trial 7 finished with value: 1.0 and parameters: {'n_estimators': 485, 'max_depth': 6, 'min_samples_split': 2, 'min_samples_leaf': 3}. Best is trial 3 with value: 1.0.
[I 2026-04-07 02:08:15,895] Trial 8 finished with value: 0.925 and parameters: {'n_estimators': 380, 'max_depth': 17, 'min_samples_split': 2, 'min_samples_leaf': 6}. Best is trial 3 with value: 1.0.
[I 2026-04-07 02:08:16,010] Trial 9 finished with value: 0.875 and parameters: {'n_estimators': 100, 'max_depth': 12, 'min_samples_split': 7, 'min_samples_leaf': 10}. Best is trial 3 with value: 1.0.
[I 2026-04-07 02:08:16,485] Trial 10 finished with value: 0.975 and parameters: {'n_estimators': 446, 'max_depth': 3, 'min_samples_split': 10, 'min_samples_leaf': 2}. Best is trial 3 with value: 1.0.
[I 2026-04-07 02:08:16,902] Trial 11 finished with value: 1.0 and parameters: {'n_estimators': 364, 'max_depth': 9, 'min_samples_split': 10, 'min_samples_leaf': 4}. Best is trial 3 with value: 1.0.
[I 2026-04-07 02:08:17,305] Trial 12 finished with value: 1.0 and parameters: {'n_estimators': 379, 'max_depth': 10, 'min_samples_split': 5, 'min_samples_leaf': 1}. Best is trial 3 with value: 1.0.
[I 2026-04-07 02:08:17,660] Trial 13 finished with value: 1.0 and parameters: {'n_estimators': 321, 'max_depth': 4, 'min_samples_split': 5, 'min_samples_leaf': 4}. Best is trial 3 with value: 1.0.
[I 2026-04-07 02:08:17,874] Trial 14 finished with value: 1.0 and parameters: {'n_estimators': 173, 'max_depth': 7, 'min_samples_split': 5, 'min_samples_leaf': 1}. Best is trial 3 with value: 1.0.
[I 2026-04-07 02:08:18,250] Trial 15 finished with value: 1.0 and parameters: {'n_estimators': 334, 'max_depth': 12, 'min_samples_split': 9, 'min_samples_leaf': 4}. Best is trial 3 with value: 1.0.
[I 2026-04-07 02:08:18,738] Trial 16 finished with value: 1.0 and parameters: {'n_estimators': 419, 'max_depth': 10, 'min_samples_split': 4, 'min_samples_leaf': 3}. Best is trial 3 with value: 1.0.
[I 2026-04-07 02:08:19,051] Trial 17 finished with value: 1.0 and parameters: {'n_estimators': 276, 'max_depth': 3, 'min_samples_split': 7, 'min_samples_leaf': 2}. Best is trial 3 with value: 1.0.
[I 2026-04-07 02:08:19,252] Trial 18 finished with value: 0.95 and parameters: {'n_estimators': 110, 'max_depth': 15, 'min_samples_split': 6, 'min_samples_leaf': 5}. Best is trial 3 with value: 1.0.
[I 2026-04-07 02:08:19,547] Trial 19 finished with value: 0.925 and parameters: {'n_estimators': 249, 'max_depth': 8, 'min_samples_split': 9, 'min_samples_leaf': 8}. Best is trial 3 with value: 1.0.
[I 2026-04-07 02:08:19,893] Trial 20 finished with value: 1.0 and parameters: {'n_estimators': 323, 'max_depth': 6, 'min_samples_split': 4, 'min_samples_leaf': 2}. Best is trial 3 with value: 1.0.
[I 2026-04-07 02:08:20,450] Trial 21 finished with value: 1.0 and parameters: {'n_estimators': 498, 'max_depth': 5, 'min_samples_split': 3, 'min_samples_leaf': 3}. Best is trial 3 with value: 1.0.
[I 2026-04-07 02:08:21,009] Trial 22 finished with value: 1.0 and parameters: {'n_estimators': 494, 'max_depth': 20, 'min_samples_split': 4, 'min_samples_leaf': 3}. Best is trial 3 with value: 1.0.
[I 2026-04-07 02:08:21,485] Trial 23 finished with value: 1.0 and parameters: {'n_estimators': 426, 'max_depth': 7, 'min_samples_split': 2, 'min_samples_leaf': 5}. Best is trial 3 with value: 1.0.
[I 2026-04-07 02:08:21,688] Trial 24 finished with value: 1.0 and parameters: {'n_estimators': 152, 'max_depth': 5, 'min_samples_split': 6, 'min_samples_leaf': 3}. Best is trial 3 with value: 1.0.
[I 2026-04-07 02:08:22,176] Trial 25 finished with value: 1.0 and parameters: {'n_estimators': 445, 'max_depth': 10, 'min_samples_split': 3, 'min_samples_leaf': 1}. Best is trial 3 with value: 1.0.
[I 2026-04-07 02:08:22,614] Trial 26 finished with value: 1.0 and parameters: {'n_estimators': 352, 'max_depth': 7, 'min_samples_split': 8, 'min_samples_leaf': 4}. Best is trial 3 with value: 1.0.
[I 2026-04-07 02:08:22,951] Trial 27 finished with value: 1.0 and parameters: {'n_estimators': 297, 'max_depth': 4, 'min_samples_split': 4, 'min_samples_leaf': 2}. Best is trial 3 with value: 1.0.
[I 2026-04-07 02:08:23,399] Trial 28 finished with value: 1.0 and parameters: {'n_estimators': 409, 'max_depth': 9, 'min_samples_split': 6, 'min_samples_leaf': 5}. Best is trial 3 with value: 1.0.
[I 2026-04-07 02:08:23,684] Trial 29 finished with value: 1.0 and parameters: {'n_estimators': 197, 'max_depth': 6, 'min_samples_split': 2, 'min_samples_leaf': 3}. Best is trial 3 with value: 1.0.
[I 2026-04-07 02:08:27,182] A new study created in memory with name: mlp
[I 2026-04-07 02:08:27,233] Trial 0 finished with value: 0.775 and parameters: {'hidden_layer_sizes': (200,), 'max_iter': 50, 'alpha': 0.001}. Best is trial 0 with value: 0.775.
[I 2026-04-07 02:08:27,299] Trial 1 finished with value: 0.725 and parameters: {'hidden_layer_sizes': (100,), 'max_iter': 100, 'alpha': 0.0001}. Best is trial 0 with value: 0.775.
[I 2026-04-07 02:08:27,345] Trial 2 finished with value: 0.75 and parameters: {'hidden_layer_sizes': (100,), 'max_iter': 100, 'alpha': 0.001}. Best is trial 0 with value: 0.775.
[I 2026-04-07 02:08:27,391] Trial 3 finished with value: 0.7 and parameters: {'hidden_layer_sizes': (200,), 'max_iter': 50, 'alpha': 0.001}. Best is trial 0 with value: 0.775.
[I 2026-04-07 02:08:27,436] Trial 4 finished with value: 0.7 and parameters: {'hidden_layer_sizes': (100,), 'max_iter': 100, 'alpha': 0.0001}. Best is trial 0 with value: 0.775.
[I 2026-04-07 02:08:27,482] Trial 5 finished with value: 0.775 and parameters: {'hidden_layer_sizes': (100,), 'max_iter': 100, 'alpha': 0.001}. Best is trial 0 with value: 0.775.
[I 2026-04-07 02:08:27,548] Trial 6 finished with value: 0.775 and parameters: {'hidden_layer_sizes': (200,), 'max_iter': 100, 'alpha': 0.001}. Best is trial 0 with value: 0.775.
[I 2026-04-07 02:08:27,604] Trial 7 finished with value: 0.8 and parameters: {'hidden_layer_sizes': (200,), 'max_iter': 100, 'alpha': 0.001}. Best is trial 7 with value: 0.8.
[I 2026-04-07 02:08:27,650] Trial 8 finished with value: 0.775 and parameters: {'hidden_layer_sizes': (100,), 'max_iter': 100, 'alpha': 0.001}. Best is trial 7 with value: 0.8.
[I 2026-04-07 02:08:27,686] Trial 9 finished with value: 0.8 and parameters: {'hidden_layer_sizes': (100,), 'max_iter': 50, 'alpha': 0.001}. Best is trial 7 with value: 0.8.
[I 2026-04-07 02:08:27,753] Trial 10 finished with value: 0.675 and parameters: {'hidden_layer_sizes': (100, 100), 'max_iter': 50, 'alpha': 0.0001}. Best is trial 7 with value: 0.8.
[I 2026-04-07 02:08:27,801] Trial 11 finished with value: 0.725 and parameters: {'hidden_layer_sizes': (100, 100), 'max_iter': 50, 'alpha': 0.001}. Best is trial 7 with value: 0.8.
[I 2026-04-07 02:08:27,839] Trial 12 finished with value: 0.7 and parameters: {'hidden_layer_sizes': (200,), 'max_iter': 50, 'alpha': 0.001}. Best is trial 7 with value: 0.8.
[I 2026-04-07 02:08:27,885] Trial 13 finished with value: 0.725 and parameters: {'hidden_layer_sizes': (200,), 'max_iter': 50, 'alpha': 0.001}. Best is trial 7 with value: 0.8.
[I 2026-04-07 02:08:27,969] Trial 14 finished with value: 0.75 and parameters: {'hidden_layer_sizes': (100, 100), 'max_iter': 100, 'alpha': 0.0001}. Best is trial 7 with value: 0.8.
[I 2026-04-07 02:08:28,004] Trial 15 finished with value: 0.725 and parameters: {'hidden_layer_sizes': (100,), 'max_iter': 50, 'alpha': 0.001}. Best is trial 7 with value: 0.8.
[I 2026-04-07 02:08:28,042] Trial 16 finished with value: 0.725 and parameters: {'hidden_layer_sizes': (200,), 'max_iter': 50, 'alpha': 0.001}. Best is trial 7 with value: 0.8.
[I 2026-04-07 02:08:28,101] Trial 17 finished with value: 0.775 and parameters: {'hidden_layer_sizes': (200,), 'max_iter': 100, 'alpha': 0.001}. Best is trial 7 with value: 0.8.
[I 2026-04-07 02:08:28,160] Trial 18 finished with value: 0.75 and parameters: {'hidden_layer_sizes': (100,), 'max_iter': 100, 'alpha': 0.0001}. Best is trial 7 with value: 0.8.
[I 2026-04-07 02:08:28,216] Trial 19 finished with value: 0.725 and parameters: {'hidden_layer_sizes': (100, 100), 'max_iter': 50, 'alpha': 0.001}. Best is trial 7 with value: 0.8.
[I 2026-04-07 02:08:28,261] Trial 20 finished with value: 0.775 and parameters: {'hidden_layer_sizes': (200,), 'max_iter': 100, 'alpha': 0.001}. Best is trial 7 with value: 0.8.
[I 2026-04-07 02:08:28,297] Trial 21 finished with value: 0.8 and parameters: {'hidden_layer_sizes': (200,), 'max_iter': 50, 'alpha': 0.001}. Best is trial 7 with value: 0.8.
[I 2026-04-07 02:08:28,333] Trial 22 finished with value: 0.775 and parameters: {'hidden_layer_sizes': (200,), 'max_iter': 50, 'alpha': 0.001}. Best is trial 7 with value: 0.8.
[I 2026-04-07 02:08:28,369] Trial 23 finished with value: 0.725 and parameters: {'hidden_layer_sizes': (200,), 'max_iter': 50, 'alpha': 0.001}. Best is trial 7 with value: 0.8.
[I 2026-04-07 02:08:28,405] Trial 24 finished with value: 0.775 and parameters: {'hidden_layer_sizes': (200,), 'max_iter': 50, 'alpha': 0.001}. Best is trial 7 with value: 0.8.
[I 2026-04-07 02:08:28,439] Trial 25 finished with value: 0.725 and parameters: {'hidden_layer_sizes': (100,), 'max_iter': 50, 'alpha': 0.001}. Best is trial 7 with value: 0.8.
[I 2026-04-07 02:08:28,473] Trial 26 finished with value: 0.775 and parameters: {'hidden_layer_sizes': (200,), 'max_iter': 50, 'alpha': 0.0001}. Best is trial 7 with value: 0.8.
[I 2026-04-07 02:08:28,517] Trial 27 finished with value: 0.75 and parameters: {'hidden_layer_sizes': (200,), 'max_iter': 50, 'alpha': 0.001}. Best is trial 7 with value: 0.8.
[I 2026-04-07 02:08:28,602] Trial 28 finished with value: 0.75 and parameters: {'hidden_layer_sizes': (100, 100), 'max_iter': 100, 'alpha': 0.001}. Best is trial 7 with value: 0.8.
