[I 2026-04-07 02:06:46,752] Trial 28 finished with value: 0.9 and parameters: {'var_smoothing': 2.9749637796955326e-10}. Best is trial 0 with value: 0.9.
[I 2026-04-07 02:06:46,772] Trial 29 finished with value: 0.9 and parameters: {'var_smoothing': 2.1414596138226606e-10}. Best is trial 0 with value: 0.9.
[I 2026-04-07 02:06:47,781] A new study created in memory with name: logreg
[I 2026-04-07 02:06:47,805] Trial 0 finished with value: 0.85 and parameters: {'C': 0.0011268620922535318, 'penalty': 'l2'}. Best is trial 0 with value: 0.85.
[I 2026-04-07 02:06:47,828] Trial 1 finished with value: 0.85 and parameters: {'C': 0.32312678588710475, 'penalty': 'l2'}. Best is trial 0 with value: 0.85.
[I 2026-04-07 02:06:47,853] Trial 2 finished with value: 0.85 and parameters: {'C': 0.3012079745112611, 'penalty': 'l2'}. Best is trial 0 with value: 0.85.
[I 2026-04-07 02:06:47,878] Trial 3 finished with value: 0.85 and parameters: {'C': 0.004668180550042529, 'penalty': 'l2'}. Best is trial 0 with value: 0.85.
[I 2026-04-07 02:06:47,924] Trial 4 finished with value: 0.85 and parameters: {'C': 0.005135177115384908, 'penalty': 'l2'}. Best is trial 0 with value: 0.85.
[I 2026-04-07 02:06:47,948] Trial 5 finished with value: 0.85 and parameters: {'C': 0.01238207351349697, 'penalty': 'l2'}. Best is trial 0 with value: 0.85.
[I 2026-04-07 02:06:47,974] Trial 6 finished with value: 0.85 and parameters: {'C': 0.12374877330306278, 'penalty': 'l2'}. Best is trial 0 with value: 0.85.
[I 2026-04-07 02:06:47,999] Trial 7 finished with value: 0.85 and parameters: {'C': 0.017398261017749217, 'penalty': 'l2'}. Best is trial 0 with value: 0.85.
[I 2026-04-07 02:06:48,024] Trial 8 finished with value: 0.85 and parameters: {'C': 0.002632074973627294, 'penalty': 'l2'}. Best is trial 0 with value: 0.85.
[I 2026-04-07 02:06:48,049] Trial 9 finished with value: 0.85 and parameters: {'C': 0.053394091359671186, 'penalty': 'l2'}. Best is trial 0 with value: 0.85.
[I 2026-04-07 02:06:48,092] Trial 10 finished with value: 0.9 and parameters: {'C': 11.611342204749677, 'penalty': 'l2'}. Best is trial 10 with value: 0.9.
[I 2026-04-07 02:06:48,133] Trial 11 finished with value: 0.9 and parameters: {'C': 15.202957700179246, 'penalty': 'l2'}. Best is trial 10 with value: 0.9.
[I 2026-04-07 02:06:48,172] Trial 12 finished with value: 0.9 and parameters: {'C': 19.51781064476914, 'penalty': 'l2'}. Best is trial 10 with value: 0.9.
[I 2026-04-07 02:06:48,213] Trial 13 finished with value: 0.9 and parameters: {'C': 42.650409134494865, 'penalty': 'l2'}. Best is trial 10 with value: 0.9.
[I 2026-04-07 02:06:48,239] Trial 14 finished with value: 0.9 and parameters: {'C': 4.789736340269423, 'penalty': 'l2'}. Best is trial 10 with value: 0.9.
[I 2026-04-07 02:06:48,264] Trial 15 finished with value: 0.9 and parameters: {'C': 3.4666106415955507, 'penalty': 'l2'}. Best is trial 10 with value: 0.9.
[I 2026-04-07 02:06:48,291] Trial 16 finished with value: 0.9 and parameters: {'C': 3.421957681069141, 'penalty': 'l2'}. Best is trial 10 with value: 0.9.
[I 2026-04-07 02:06:48,331] Trial 17 finished with value: 0.85 and parameters: {'C': 93.49225711107523, 'penalty': 'l2'}. Best is trial 10 with value: 0.9.
[I 2026-04-07 02:06:48,372] Trial 18 finished with value: 0.9 and parameters: {'C': 12.132387067992815, 'penalty': 'l2'}. Best is trial 10 with value: 0.9.
[I 2026-04-07 02:06:48,402] Trial 19 finished with value: 0.9 and parameters: {'C': 1.0311001090880758, 'penalty': 'l2'}. Best is trial 10 with value: 0.9.
[I 2026-04-07 02:06:48,431] Trial 20 finished with value: 0.9 and parameters: {'C': 1.626402886634035, 'penalty': 'l2'}. Best is trial 10 with value: 0.9.
[I 2026-04-07 02:06:48,469] Trial 21 finished with value: 0.9 and parameters: {'C': 16.637620688934046, 'penalty': 'l2'}. Best is trial 10 with value: 0.9.
[I 2026-04-07 02:06:48,500] Trial 22 finished with value: 0.9 and parameters: {'C': 24.865614975831264, 'penalty': 'l2'}. Best is trial 10 with value: 0.9.
[I 2026-04-07 02:06:48,541] Trial 23 finished with value: 0.85 and parameters: {'C': 88.87233987498091, 'penalty': 'l2'}. Best is trial 10 with value: 0.9.
[I 2026-04-07 02:06:48,570] Trial 24 finished with value: 0.9 and parameters: {'C': 9.221898435024201, 'penalty': 'l2'}. Best is trial 10 with value: 0.9.
[I 2026-04-07 02:06:48,599] Trial 25 finished with value: 0.9 and parameters: {'C': 34.5714456266292, 'penalty': 'l2'}. Best is trial 10 with value: 0.9.
[I 2026-04-07 02:06:48,625] Trial 26 finished with value: 0.9 and parameters: {'C': 1.3746200743400954, 'penalty': 'l2'}. Best is trial 10 with value: 0.9.
[I 2026-04-07 02:06:48,651] Trial 27 finished with value: 0.9 and parameters: {'C': 8.381273266821157, 'penalty': 'l2'}. Best is trial 10 with value: 0.9.
[I 2026-04-07 02:06:48,676] Trial 28 finished with value: 0.9 and parameters: {'C': 45.749105673449684, 'penalty': 'l2'}. Best is trial 10 with value: 0.9.
[I 2026-04-07 02:06:48,712] Trial 29 finished with value: 0.85 and parameters: {'C': 0.5397363998629904, 'penalty': 'l2'}. Best is trial 10 with value: 0.9.
[I 2026-04-07 02:06:49,601] A new study created in memory with name: knn
[I 2026-04-07 02:06:49,626] Trial 0 finished with value: 0.8 and parameters: {'n_neighbors': 3, 'leaf_size': 30, 'p': 1}. Best is trial 0 with value: 0.8.
[I 2026-04-07 02:06:49,651] Trial 1 finished with value: 0.85 and parameters: {'n_neighbors': 4, 'leaf_size': 24, 'p': 1}. Best is trial 1 with value: 0.85.
[I 2026-04-07 02:06:49,664] Trial 2 finished with value: 0.8 and parameters: {'n_neighbors': 3, 'leaf_size': 27, 'p': 2}. Best is trial 1 with value: 0.85.
[I 2026-04-07 02:06:49,700] Trial 3 finished with value: 0.85 and parameters: {'n_neighbors': 10, 'leaf_size': 20, 'p': 1}. Best is trial 1 with value: 0.85.
[I 2026-04-07 02:06:49,745] Trial 4 finished with value: 0.75 and parameters: {'n_neighbors': 10, 'leaf_size': 34, 'p': 2}. Best is trial 1 with value: 0.85.
[I 2026-04-07 02:06:49,770] Trial 5 finished with value: 0.85 and parameters: {'n_neighbors': 6, 'leaf_size': 34, 'p': 1}. Best is trial 1 with value: 0.85.
[I 2026-04-07 02:06:49,815] Trial 6 finished with value: 0.85 and parameters: {'n_neighbors': 10, 'leaf_size': 36, 'p': 1}. Best is trial 1 with value: 0.85.
[I 2026-04-07 02:06:49,840] Trial 7 finished with value: 0.75 and parameters: {'n_neighbors': 7, 'leaf_size': 39, 'p': 2}. Best is trial 1 with value: 0.85.
[I 2026-04-07 02:06:49,881] Trial 8 finished with value: 0.75 and parameters: {'n_neighbors': 10, 'leaf_size': 23, 'p': 2}. Best is trial 1 with value: 0.85.
[I 2026-04-07 02:06:49,917] Trial 9 finished with value: 0.75 and parameters: {'n_neighbors': 10, 'leaf_size': 35, 'p': 2}. Best is trial 1 with value: 0.85.
[I 2026-04-07 02:06:49,952] Trial 10 finished with value: 0.85 and parameters: {'n_neighbors': 5, 'leaf_size': 26, 'p': 1}. Best is trial 1 with value: 0.85.
[I 2026-04-07 02:06:49,997] Trial 11 finished with value: 0.85 and parameters: {'n_neighbors': 8, 'leaf_size': 20, 'p': 1}. Best is trial 1 with value: 0.85.
[I 2026-04-07 02:06:50,024] Trial 12 finished with value: 0.85 and parameters: {'n_neighbors': 5, 'leaf_size': 20, 'p': 1}. Best is trial 1 with value: 0.85.
[I 2026-04-07 02:06:50,067] Trial 13 finished with value: 0.85 and parameters: {'n_neighbors': 8, 'leaf_size': 23, 'p': 1}. Best is trial 1 with value: 0.85.
[I 2026-04-07 02:06:50,090] Trial 14 finished with value: 0.85 and parameters: {'n_neighbors': 4, 'leaf_size': 24, 'p': 1}. Best is trial 1 with value: 0.85.
[I 2026-04-07 02:06:50,137] Trial 15 finished with value: 0.85 and parameters: {'n_neighbors': 8, 'leaf_size': 29, 'p': 1}. Best is trial 1 with value: 0.85.
[I 2026-04-07 02:06:50,163] Trial 16 finished with value: 0.85 and parameters: {'n_neighbors': 6, 'leaf_size': 21, 'p': 1}. Best is trial 1 with value: 0.85.
[I 2026-04-07 02:06:50,206] Trial 17 finished with value: 0.75 and parameters: {'n_neighbors': 9, 'leaf_size': 26, 'p': 1}. Best is trial 1 with value: 0.85.
[I 2026-04-07 02:06:50,230] Trial 18 finished with value: 0.85 and parameters: {'n_neighbors': 4, 'leaf_size': 22, 'p': 1}. Best is trial 1 with value: 0.85.
[I 2026-04-07 02:06:50,267] Trial 19 finished with value: 0.8 and parameters: {'n_neighbors': 7, 'leaf_size': 25, 'p': 1}. Best is trial 1 with value: 0.85.
[I 2026-04-07 02:06:50,301] Trial 20 finished with value: 0.85 and parameters: {'n_neighbors': 5, 'leaf_size': 28, 'p': 1}. Best is trial 1 with value: 0.85.
[I 2026-04-07 02:06:50,339] Trial 21 finished with value: 0.85 and parameters: {'n_neighbors': 6, 'leaf_size': 32, 'p': 1}. Best is trial 1 with value: 0.85.
[I 2026-04-07 02:06:50,365] Trial 22 finished with value: 0.85 and parameters: {'n_neighbors': 4, 'leaf_size': 32, 'p': 1}. Best is trial 1 with value: 0.85.
[I 2026-04-07 02:06:50,402] Trial 23 finished with value: 0.85 and parameters: {'n_neighbors': 6, 'leaf_size': 38, 'p': 1}. Best is trial 1 with value: 0.85.
[I 2026-04-07 02:06:50,433] Trial 24 finished with value: 0.75 and parameters: {'n_neighbors': 9, 'leaf_size': 31, 'p': 1}. Best is trial 1 with value: 0.85.
[I 2026-04-07 02:06:50,457] Trial 25 finished with value: 0.8 and parameters: {'n_neighbors': 7, 'leaf_size': 37, 'p': 1}. Best is trial 1 with value: 0.85.
[I 2026-04-07 02:06:50,480] Trial 26 finished with value: 0.8 and parameters: {'n_neighbors': 5, 'leaf_size': 34, 'p': 2}. Best is trial 1 with value: 0.85.
[I 2026-04-07 02:06:50,538] Trial 27 finished with value: 0.75 and parameters: {'n_neighbors': 9, 'leaf_size': 40, 'p': 1}. Best is trial 1 with value: 0.85.
[I 2026-04-07 02:06:50,564] Trial 28 finished with value: 0.85 and parameters: {'n_neighbors': 4, 'leaf_size': 21, 'p': 1}. Best is trial 1 with value: 0.85.
[I 2026-04-07 02:06:50,591] Trial 29 finished with value: 0.8 and parameters: {'n_neighbors': 3, 'leaf_size': 30, 'p': 1}. Best is trial 1 with value: 0.85.
[I 2026-04-07 02:06:51,803] A new study created in memory with name: xgb
[I 2026-04-07 02:06:51,830] Trial 0 finished with value: 0.95 and parameters: {'n_estimators': 40, 'max_depth': 30, 'gamma': 0.47665736245940726, 'subsample': 0.6240505842067796, 'colsample_bytree': 0.542029825582675}. Best is trial 0 with value: 0.95.
[I 2026-04-07 02:06:51,869] Trial 1 finished with value: 0.95 and parameters: {'n_estimators': 100, 'max_depth': 5, 'gamma': 0.6154838340124683, 'subsample': 0.9490035591125747, 'colsample_bytree': 0.8334494864598183}. Best is trial 0 with value: 0.95.
[I 2026-04-07 02:06:51,899] Trial 2 finished with value: 0.95 and parameters: {'n_estimators': 40, 'max_depth': 20, 'gamma': 0.9464719685739904, 'subsample': 0.9018698850061588, 'colsample_bytree': 0.9916796241121663}. Best is trial 0 with value: 0.95.
[I 2026-04-07 02:06:51,928] Trial 3 finished with value: 0.95 and parameters: {'n_estimators': 100, 'max_depth': 30, 'gamma': 0.26698751824101463, 'subsample': 0.6215578376567042, 'colsample_bytree': 0.9367004215505623}. Best is trial 0 with value: 0.95.
[I 2026-04-07 02:06:51,957] Trial 4 finished with value: 1.0 and parameters: {'n_estimators': 10, 'max_depth': 20, 'gamma': 0.5301766121845122, 'subsample': 0.7177777323831729, 'colsample_bytree': 0.9352041482132656}. Best is trial 4 with value: 1.0.
[I 2026-04-07 02:06:51,997] Trial 5 finished with value: 0.95 and parameters: {'n_estimators': 100, 'max_depth': 5, 'gamma': 0.6742485862456464, 'subsample': 0.7308488312353485, 'colsample_bytree': 0.5265297122426965}. Best is trial 4 with value: 1.0.
[I 2026-04-07 02:06:52,026] Trial 6 finished with value: 0.95 and parameters: {'n_estimators': 100, 'max_depth': 30, 'gamma': 0.5360486096375219, 'subsample': 0.8488681925618888, 'colsample_bytree': 0.900578215847843}. Best is trial 4 with value: 1.0.
[I 2026-04-07 02:06:52,053] Trial 7 finished with value: 0.95 and parameters: {'n_estimators': 40, 'max_depth': 5, 'gamma': 0.4997010655396419, 'subsample': 0.7490698051808964, 'colsample_bytree': 0.7071731623998108}. Best is trial 4 with value: 1.0.
[I 2026-04-07 02:06:52,081] Trial 8 finished with value: 0.95 and parameters: {'n_estimators': 100, 'max_depth': 5, 'gamma': 0.5449029446194361, 'subsample': 0.7150234071055932, 'colsample_bytree': 0.8673829085180849}. Best is trial 4 with value: 1.0.
[I 2026-04-07 02:06:52,109] Trial 9 finished with value: 0.95 and parameters: {'n_estimators': 100, 'max_depth': 30, 'gamma': 0.5427360453562716, 'subsample': 0.5915763668266103, 'colsample_bytree': 0.5546552575823498}. Best is trial 4 with value: 1.0.
[I 2026-04-07 02:06:52,149] Trial 10 finished with value: 0.95 and parameters: {'n_estimators': 10, 'max_depth': 20, 'gamma': 0.15794856228634757, 'subsample': 0.5337248241058775, 'colsample_bytree': 0.732204974892271}. Best is trial 4 with value: 1.0.
[I 2026-04-07 02:06:52,189] Trial 11 finished with value: 0.9 and parameters: {'n_estimators': 10, 'max_depth': 20, 'gamma': 0.34562197963292524, 'subsample': 0.6547390785789793, 'colsample_bytree': 0.6361085000764973}. Best is trial 4 with value: 1.0.
[I 2026-04-07 02:06:52,226] Trial 12 finished with value: 0.95 and parameters: {'n_estimators': 10, 'max_depth': 30, 'gamma': 0.7487633273197036, 'subsample': 0.8189975118962511, 'colsample_bytree': 0.7941110199539757}. Best is trial 4 with value: 1.0.
[I 2026-04-07 02:06:52,264] Trial 13 finished with value: 0.95 and parameters: {'n_estimators': 40, 'max_depth': 20, 'gamma': 0.374981980294008, 'subsample': 0.6789858494470087, 'colsample_bytree': 0.6248841863782957}. Best is trial 4 with value: 1.0.
[I 2026-04-07 02:06:52,302] Trial 14 finished with value: 0.9 and parameters: {'n_estimators': 40, 'max_depth': 30, 'gamma': 0.8628532328890084, 'subsample': 0.5357174567102159, 'colsample_bytree': 0.643726643926565}. Best is trial 4 with value: 1.0.
[I 2026-04-07 02:06:52,339] Trial 15 finished with value: 0.95 and parameters: {'n_estimators': 10, 'max_depth': 20, 'gamma': 0.3794166816610742, 'subsample': 0.8113467514466688, 'colsample_bytree': 0.9936707100558857}. Best is trial 4 with value: 1.0.
[I 2026-04-07 02:06:52,377] Trial 16 finished with value: 0.95 and parameters: {'n_estimators': 40, 'max_depth': 20, 'gamma': 0.7393262466379021, 'subsample': 0.5869365748538335, 'colsample_bytree': 0.8021745138449754}. Best is trial 4 with value: 1.0.
[I 2026-04-07 02:06:52,417] Trial 17 finished with value: 0.95 and parameters: {'n_estimators': 10, 'max_depth': 30, 'gamma': 0.43716986489552745, 'subsample': 0.6948200365899053, 'colsample_bytree': 0.587661442330996}. Best is trial 4 with value: 1.0.
[I 2026-04-07 02:06:52,458] Trial 18 finished with value: 0.9 and parameters: {'n_estimators': 10, 'max_depth': 30, 'gamma': 0.2090290985030871, 'subsample': 0.79567451263255, 'colsample_bytree': 0.6951399833147834}. Best is trial 4 with value: 1.0.
[I 2026-04-07 02:06:52,497] Trial 19 finished with value: 0.95 and parameters: {'n_estimators': 40, 'max_depth': 20, 'gamma': 0.6431123617520531, 'subsample': 0.5022814882177064, 'colsample_bytree': 0.9326372105414104}. Best is trial 4 with value: 1.0.
[I 2026-04-07 02:06:52,537] Trial 20 finished with value: 0.95 and parameters: {'n_estimators': 40, 'max_depth': 30, 'gamma': 0.4609882507141105, 'subsample': 0.6379235651905135, 'colsample_bytree': 0.5076990839408192}. Best is trial 4 with value: 1.0.
[I 2026-04-07 02:06:52,584] Trial 21 finished with value: 0.95 and parameters: {'n_estimators': 100, 'max_depth': 5, 'gamma': 0.6323241865456053, 'subsample': 0.7827818160280692, 'colsample_bytree': 0.8343464249604546}. Best is trial 4 with value: 1.0.
[I 2026-04-07 02:06:52,622] Trial 22 finished with value: 0.95 and parameters: {'n_estimators': 100, 'max_depth': 5, 'gamma': 0.6234387494858354, 'subsample': 0.9709215131745996, 'colsample_bytree': 0.7832800881525825}. Best is trial 4 with value: 1.0.
[I 2026-04-07 02:06:52,661] Trial 23 finished with value: 0.95 and parameters: {'n_estimators': 10, 'max_depth': 5, 'gamma': 0.7877593277798747, 'subsample': 0.956862338391978, 'colsample_bytree': 0.8710877998503785}. Best is trial 4 with value: 1.0.
[I 2026-04-07 02:06:52,699] Trial 24 finished with value: 0.95 and parameters: {'n_estimators': 10, 'max_depth': 5, 'gamma': 0.28455432717277784, 'subsample': 0.880786437496109, 'colsample_bytree': 0.9444187432203508}. Best is trial 4 with value: 1.0.
[I 2026-04-07 02:06:52,738] Trial 25 finished with value: 0.95 and parameters: {'n_estimators': 100, 'max_depth': 5, 'gamma': 0.5923737785766625, 'subsample': 0.9288578995444242, 'colsample_bytree': 0.8503510234363421}. Best is trial 4 with value: 1.0.
[I 2026-04-07 02:06:52,777] Trial 26 finished with value: 0.95 and parameters: {'n_estimators': 40, 'max_depth': 20, 'gamma': 0.43184818751930426, 'subsample': 0.762556028637971, 'colsample_bytree': 0.7613773854298609}. Best is trial 4 with value: 1.0.
[I 2026-04-07 02:06:52,814] Trial 27 finished with value: 0.95 and parameters: {'n_estimators': 40, 'max_depth': 5, 'gamma': 0.7014514495255629, 'subsample': 0.5923026165533214, 'colsample_bytree': 0.8300020433102442}. Best is trial 4 with value: 1.0.
[I 2026-04-07 02:06:52,862] Trial 28 finished with value: 0.95 and parameters: {'n_estimators': 100, 'max_depth': 30, 'gamma': 0.8165933274018637, 'subsample': 0.6733357792037838, 'colsample_bytree': 0.8988894943744428}. Best is trial 4 with value: 1.0.
[I 2026-04-07 02:06:52,902] Trial 29 finished with value: 0.95 and parameters: {'n_estimators': 10, 'max_depth': 20, 'gamma': 0.9502856681365417, 'subsample': 0.8588808949831918, 'colsample_bytree': 0.970237622172615}. Best is trial 4 with value: 1.0.
[I 2026-04-07 02:06:53,731] A new study created in memory with name: rf
[I 2026-04-07 02:06:53,867] Trial 0 finished with value: 0.85 and parameters: {'n_estimators': 104, 'max_depth': 12, 'min_samples_split': 6, 'min_samples_leaf': 2}. Best is trial 0 with value: 0.85.
[I 2026-04-07 02:06:54,043] Trial 1 finished with value: 0.9 and parameters: {'n_estimators': 156, 'max_depth': 6, 'min_samples_split': 5, 'min_samples_leaf': 3}. Best is trial 1 with value: 0.9.
[I 2026-04-07 02:06:54,200] Trial 2 finished with value: 0.5 and parameters: {'n_estimators': 133, 'max_depth': 9, 'min_samples_split': 3, 'min_samples_leaf': 9}. Best is trial 1 with value: 0.9.
[I 2026-04-07 02:06:54,741] Trial 3 finished with value: 0.9 and parameters: {'n_estimators': 481, 'max_depth': 3, 'min_samples_split': 8, 'min_samples_leaf': 6}. Best is trial 1 with value: 0.9.
[I 2026-04-07 02:06:55,211] Trial 4 finished with value: 0.5 and parameters: {'n_estimators': 460, 'max_depth': 15, 'min_samples_split': 6, 'min_samples_leaf': 8}. Best is trial 1 with value: 0.9.
[I 2026-04-07 02:06:55,510] Trial 5 finished with value: 0.9 and parameters: {'n_estimators': 254, 'max_depth': 15, 'min_samples_split': 9, 'min_samples_leaf': 5}. Best is trial 1 with value: 0.9.
[I 2026-04-07 02:06:55,990] Trial 6 finished with value: 0.95 and parameters: {'n_estimators': 477, 'max_depth': 17, 'min_samples_split': 10, 'min_samples_leaf': 2}. Best is trial 6 with value: 0.95.
[I 2026-04-07 02:06:56,308] Trial 7 finished with value: 0.5 and parameters: {'n_estimators': 308, 'max_depth': 20, 'min_samples_split': 7, 'min_samples_leaf': 9}. Best is trial 6 with value: 0.95.
[I 2026-04-07 02:06:56,809] Trial 8 finished with value: 0.5 and parameters: {'n_estimators': 489, 'max_depth': 6, 'min_samples_split': 4, 'min_samples_leaf': 9}. Best is trial 6 with value: 0.95.
[I 2026-04-07 02:06:57,331] Trial 9 finished with value: 0.9 and parameters: {'n_estimators': 463, 'max_depth': 16, 'min_samples_split': 5, 'min_samples_leaf': 5}. Best is trial 6 with value: 0.95.
[I 2026-04-07 02:06:57,747] Trial 10 finished with value: 0.9 and parameters: {'n_estimators': 373, 'max_depth': 20, 'min_samples_split': 10, 'min_samples_leaf': 1}. Best is trial 6 with value: 0.95.
[I 2026-04-07 02:06:58,031] Trial 11 finished with value: 0.85 and parameters: {'n_estimators': 207, 'max_depth': 9, 'min_samples_split': 2, 'min_samples_leaf': 3}. Best is trial 6 with value: 0.95.
[I 2026-04-07 02:06:58,457] Trial 12 finished with value: 0.95 and parameters: {'n_estimators': 369, 'max_depth': 6, 'min_samples_split': 10, 'min_samples_leaf': 3}. Best is trial 6 with value: 0.95.
[I 2026-04-07 02:06:58,882] Trial 13 finished with value: 0.9 and parameters: {'n_estimators': 375, 'max_depth': 12, 'min_samples_split': 10, 'min_samples_leaf': 3}. Best is trial 6 with value: 0.95.
[I 2026-04-07 02:06:59,367] Trial 14 finished with value: 0.9 and parameters: {'n_estimators': 394, 'max_depth': 17, 'min_samples_split': 8, 'min_samples_leaf': 1}. Best is trial 6 with value: 0.95.
[I 2026-04-07 02:06:59,743] Trial 15 finished with value: 0.9 and parameters: {'n_estimators': 316, 'max_depth': 3, 'min_samples_split': 9, 'min_samples_leaf': 4}. Best is trial 6 with value: 0.95.
[I 2026-04-07 02:07:00,179] Trial 16 finished with value: 0.6 and parameters: {'n_estimators': 413, 'max_depth': 9, 'min_samples_split': 10, 'min_samples_leaf': 7}. Best is trial 6 with value: 0.95.
[I 2026-04-07 02:07:00,661] Trial 17 finished with value: 0.95 and parameters: {'n_estimators': 420, 'max_depth': 7, 'min_samples_split': 8, 'min_samples_leaf': 2}. Best is trial 6 with value: 0.95.
[I 2026-04-07 02:07:01,058] Trial 18 finished with value: 0.9 and parameters: {'n_estimators': 346, 'max_depth': 17, 'min_samples_split': 9, 'min_samples_leaf': 4}. Best is trial 6 with value: 0.95.
[I 2026-04-07 02:07:01,411] Trial 19 finished with value: 0.85 and parameters: {'n_estimators': 268, 'max_depth': 13, 'min_samples_split': 7, 'min_samples_leaf': 2}. Best is trial 6 with value: 0.95.
[I 2026-04-07 02:07:01,921] Trial 20 finished with value: 0.9 and parameters: {'n_estimators': 441, 'max_depth': 18, 'min_samples_split': 10, 'min_samples_leaf': 4}. Best is trial 6 with value: 0.95.
[I 2026-04-07 02:07:02,377] Trial 21 finished with value: 0.85 and parameters: {'n_estimators': 420, 'max_depth': 6, 'min_samples_split': 8, 'min_samples_leaf': 2}. Best is trial 6 with value: 0.95.
