[I 2026-04-07 01:20:24,371] Trial 28 finished with value: 0.75 and parameters: {'n_neighbors': 5, 'leaf_size': 34, 'p': 2}. Best is trial 2 with value: 0.75.
[I 2026-04-07 01:20:24,398] Trial 29 finished with value: 0.6 and parameters: {'n_neighbors': 3, 'leaf_size': 37, 'p': 2}. Best is trial 2 with value: 0.75.
[I 2026-04-07 01:20:25,077] A new study created in memory with name: xgb
[I 2026-04-07 01:20:25,103] Trial 0 finished with value: 0.65 and parameters: {'n_estimators': 40, 'max_depth': 20, 'gamma': 0.5510084172939441, 'subsample': 0.5360255666798808, 'colsample_bytree': 0.6342194900509356}. Best is trial 0 with value: 0.65.
[I 2026-04-07 01:20:25,129] Trial 1 finished with value: 0.75 and parameters: {'n_estimators': 100, 'max_depth': 5, 'gamma': 0.9186341749476523, 'subsample': 0.6066926767899578, 'colsample_bytree': 0.7260619809088416}. Best is trial 1 with value: 0.75.
[I 2026-04-07 01:20:25,156] Trial 2 finished with value: 0.75 and parameters: {'n_estimators': 10, 'max_depth': 5, 'gamma': 0.9182155373980582, 'subsample': 0.566584722879625, 'colsample_bytree': 0.761706290336883}. Best is trial 1 with value: 0.75.
[I 2026-04-07 01:20:25,184] Trial 3 finished with value: 0.8 and parameters: {'n_estimators': 10, 'max_depth': 20, 'gamma': 0.5296610393664296, 'subsample': 0.6829451928902965, 'colsample_bytree': 0.9189589971546304}. Best is trial 3 with value: 0.8.
[I 2026-04-07 01:20:25,209] Trial 4 finished with value: 0.8 and parameters: {'n_estimators': 10, 'max_depth': 20, 'gamma': 0.6916595165017824, 'subsample': 0.6851755414940176, 'colsample_bytree': 0.7295464889457157}. Best is trial 3 with value: 0.8.
[I 2026-04-07 01:20:25,237] Trial 5 finished with value: 0.85 and parameters: {'n_estimators': 100, 'max_depth': 20, 'gamma': 0.48380821541644814, 'subsample': 0.8171899343169193, 'colsample_bytree': 0.7614531005141727}. Best is trial 5 with value: 0.85.
[I 2026-04-07 01:20:25,265] Trial 6 finished with value: 0.75 and parameters: {'n_estimators': 10, 'max_depth': 5, 'gamma': 0.9599214907026333, 'subsample': 0.8414569271877088, 'colsample_bytree': 0.5265643453364788}. Best is trial 5 with value: 0.85.
[I 2026-04-07 01:20:25,293] Trial 7 finished with value: 0.9 and parameters: {'n_estimators': 40, 'max_depth': 5, 'gamma': 0.5250915966595621, 'subsample': 0.9207383574491986, 'colsample_bytree': 0.565555321173957}. Best is trial 7 with value: 0.9.
[I 2026-04-07 01:20:25,320] Trial 8 finished with value: 0.8 and parameters: {'n_estimators': 100, 'max_depth': 5, 'gamma': 0.3919835527051987, 'subsample': 0.6502094521590198, 'colsample_bytree': 0.5827507002328938}. Best is trial 7 with value: 0.9.
[I 2026-04-07 01:20:25,348] Trial 9 finished with value: 0.85 and parameters: {'n_estimators': 100, 'max_depth': 5, 'gamma': 0.8003922413895069, 'subsample': 0.9436444759263674, 'colsample_bytree': 0.8374593849333938}. Best is trial 7 with value: 0.9.
[I 2026-04-07 01:20:25,386] Trial 10 finished with value: 0.8 and parameters: {'n_estimators': 40, 'max_depth': 30, 'gamma': 0.13445536345660636, 'subsample': 0.9723430481889797, 'colsample_bytree': 0.633084257063925}. Best is trial 7 with value: 0.9.
[I 2026-04-07 01:20:25,425] Trial 11 finished with value: 0.8 and parameters: {'n_estimators': 40, 'max_depth': 30, 'gamma': 0.29122209644860947, 'subsample': 0.8188646581459366, 'colsample_bytree': 0.9774686326953157}. Best is trial 7 with value: 0.9.
[I 2026-04-07 01:20:25,472] Trial 12 finished with value: 0.9 and parameters: {'n_estimators': 100, 'max_depth': 20, 'gamma': 0.5302436012858868, 'subsample': 0.8274957261680288, 'colsample_bytree': 0.8216935759750329}. Best is trial 7 with value: 0.9.
[I 2026-04-07 01:20:25,510] Trial 13 finished with value: 0.85 and parameters: {'n_estimators': 40, 'max_depth': 20, 'gamma': 0.6672673875689135, 'subsample': 0.8967093502540442, 'colsample_bytree': 0.8570657729774062}. Best is trial 7 with value: 0.9.
[I 2026-04-07 01:20:25,547] Trial 14 finished with value: 0.75 and parameters: {'n_estimators': 100, 'max_depth': 30, 'gamma': 0.2956484745467342, 'subsample': 0.7548219616082751, 'colsample_bytree': 0.5203243143080639}. Best is trial 7 with value: 0.9.
[I 2026-04-07 01:20:25,586] Trial 15 finished with value: 0.85 and parameters: {'n_estimators': 40, 'max_depth': 20, 'gamma': 0.6030958066159449, 'subsample': 0.8863466383392214, 'colsample_bytree': 0.8349808489410186}. Best is trial 7 with value: 0.9.
[I 2026-04-07 01:20:25,622] Trial 16 finished with value: 0.85 and parameters: {'n_estimators': 40, 'max_depth': 5, 'gamma': 0.4268406770146353, 'subsample': 0.7496145592653335, 'colsample_bytree': 0.6685414339857216}. Best is trial 7 with value: 0.9.
[I 2026-04-07 01:20:25,668] Trial 17 finished with value: 0.85 and parameters: {'n_estimators': 100, 'max_depth': 5, 'gamma': 0.732850465131513, 'subsample': 0.9296530975021543, 'colsample_bytree': 0.8903229522831735}. Best is trial 7 with value: 0.9.
[I 2026-04-07 01:20:25,706] Trial 18 finished with value: 0.85 and parameters: {'n_estimators': 40, 'max_depth': 20, 'gamma': 0.3442180682462322, 'subsample': 0.7535488758514397, 'colsample_bytree': 0.5809143325892787}. Best is trial 7 with value: 0.9.
[I 2026-04-07 01:20:25,753] Trial 19 finished with value: 0.75 and parameters: {'n_estimators': 100, 'max_depth': 30, 'gamma': 0.20065175090087745, 'subsample': 0.989643356823858, 'colsample_bytree': 0.7952090882556578}. Best is trial 7 with value: 0.9.
[I 2026-04-07 01:20:25,801] Trial 20 finished with value: 0.8 and parameters: {'n_estimators': 100, 'max_depth': 5, 'gamma': 0.8140985818876745, 'subsample': 0.8497868423288564, 'colsample_bytree': 0.993732088431507}. Best is trial 7 with value: 0.9.
[I 2026-04-07 01:20:25,840] Trial 21 finished with value: 0.85 and parameters: {'n_estimators': 100, 'max_depth': 20, 'gamma': 0.4701321537360458, 'subsample': 0.7997487645835286, 'colsample_bytree': 0.7776737398927711}. Best is trial 7 with value: 0.9.
[I 2026-04-07 01:20:25,876] Trial 22 finished with value: 0.9 and parameters: {'n_estimators': 100, 'max_depth': 20, 'gamma': 0.5288304756453105, 'subsample': 0.8799517103095824, 'colsample_bytree': 0.7084977371665454}. Best is trial 7 with value: 0.9.
[I 2026-04-07 01:20:25,914] Trial 23 finished with value: 0.9 and parameters: {'n_estimators': 100, 'max_depth': 20, 'gamma': 0.6110339066554709, 'subsample': 0.8850367912865502, 'colsample_bytree': 0.6895476939342716}. Best is trial 7 with value: 0.9.
[I 2026-04-07 01:20:25,964] Trial 24 finished with value: 0.8 and parameters: {'n_estimators': 100, 'max_depth': 20, 'gamma': 0.5953890908763974, 'subsample': 0.9363950543739628, 'colsample_bytree': 0.5953161573220942}. Best is trial 7 with value: 0.9.
[I 2026-04-07 01:20:26,003] Trial 25 finished with value: 0.9 and parameters: {'n_estimators': 40, 'max_depth': 20, 'gamma': 0.5184323959097752, 'subsample': 0.7834332549244135, 'colsample_bytree': 0.690306834787924}. Best is trial 7 with value: 0.9.
[I 2026-04-07 01:20:26,039] Trial 26 finished with value: 0.8 and parameters: {'n_estimators': 100, 'max_depth': 20, 'gamma': 0.3717501162711626, 'subsample': 0.8641017854156624, 'colsample_bytree': 0.9236274691042361}. Best is trial 7 with value: 0.9.
[I 2026-04-07 01:20:26,077] Trial 27 finished with value: 0.9 and parameters: {'n_estimators': 100, 'max_depth': 20, 'gamma': 0.4474170780270952, 'subsample': 0.9092078863507199, 'colsample_bytree': 0.5567240499514761}. Best is trial 7 with value: 0.9.
[I 2026-04-07 01:20:26,115] Trial 28 finished with value: 0.85 and parameters: {'n_estimators': 10, 'max_depth': 30, 'gamma': 0.6570142873795742, 'subsample': 0.9649624970618229, 'colsample_bytree': 0.6348815579278877}. Best is trial 7 with value: 0.9.
[I 2026-04-07 01:20:26,153] Trial 29 finished with value: 0.85 and parameters: {'n_estimators': 40, 'max_depth': 5, 'gamma': 0.5354719115291572, 'subsample': 0.8589405126603881, 'colsample_bytree': 0.8060483385037686}. Best is trial 7 with value: 0.9.
[I 2026-04-07 01:20:26,513] A new study created in memory with name: rf
[I 2026-04-07 01:20:26,658] Trial 0 finished with value: 0.5 and parameters: {'n_estimators': 130, 'max_depth': 17, 'min_samples_split': 5, 'min_samples_leaf': 8}. Best is trial 0 with value: 0.5.
[I 2026-04-07 01:20:27,179] Trial 1 finished with value: 0.9 and parameters: {'n_estimators': 492, 'max_depth': 12, 'min_samples_split': 6, 'min_samples_leaf': 1}. Best is trial 1 with value: 0.9.
[I 2026-04-07 01:20:27,396] Trial 2 finished with value: 0.5 and parameters: {'n_estimators': 207, 'max_depth': 11, 'min_samples_split': 8, 'min_samples_leaf': 9}. Best is trial 1 with value: 0.9.
[I 2026-04-07 01:20:27,662] Trial 3 finished with value: 0.5 and parameters: {'n_estimators': 252, 'max_depth': 4, 'min_samples_split': 4, 'min_samples_leaf': 10}. Best is trial 1 with value: 0.9.
[I 2026-04-07 01:20:27,870] Trial 4 finished with value: 0.85 and parameters: {'n_estimators': 185, 'max_depth': 11, 'min_samples_split': 10, 'min_samples_leaf': 1}. Best is trial 1 with value: 0.9.
[I 2026-04-07 01:20:28,208] Trial 5 finished with value: 0.75 and parameters: {'n_estimators': 340, 'max_depth': 20, 'min_samples_split': 4, 'min_samples_leaf': 6}. Best is trial 1 with value: 0.9.
[I 2026-04-07 01:20:28,688] Trial 6 finished with value: 0.5 and parameters: {'n_estimators': 464, 'max_depth': 5, 'min_samples_split': 6, 'min_samples_leaf': 8}. Best is trial 1 with value: 0.9.
[I 2026-04-07 01:20:29,087] Trial 7 finished with value: 0.8 and parameters: {'n_estimators': 368, 'max_depth': 11, 'min_samples_split': 3, 'min_samples_leaf': 5}. Best is trial 1 with value: 0.9.
[I 2026-04-07 01:20:29,358] Trial 8 finished with value: 0.5 and parameters: {'n_estimators': 249, 'max_depth': 11, 'min_samples_split': 5, 'min_samples_leaf': 9}. Best is trial 1 with value: 0.9.
[I 2026-04-07 01:20:29,788] Trial 9 finished with value: 0.9 and parameters: {'n_estimators': 408, 'max_depth': 8, 'min_samples_split': 7, 'min_samples_leaf': 3}. Best is trial 1 with value: 0.9.
[I 2026-04-07 01:20:30,335] Trial 10 finished with value: 0.9 and parameters: {'n_estimators': 479, 'max_depth': 15, 'min_samples_split': 2, 'min_samples_leaf': 1}. Best is trial 1 with value: 0.9.
[I 2026-04-07 01:20:30,809] Trial 11 finished with value: 0.9 and parameters: {'n_estimators': 411, 'max_depth': 7, 'min_samples_split': 7, 'min_samples_leaf': 3}. Best is trial 1 with value: 0.9.
[I 2026-04-07 01:20:31,320] Trial 12 finished with value: 0.85 and parameters: {'n_estimators': 498, 'max_depth': 8, 'min_samples_split': 8, 'min_samples_leaf': 3}. Best is trial 1 with value: 0.9.
[I 2026-04-07 01:20:31,774] Trial 13 finished with value: 0.85 and parameters: {'n_estimators': 431, 'max_depth': 14, 'min_samples_split': 10, 'min_samples_leaf': 3}. Best is trial 1 with value: 0.9.
[I 2026-04-07 01:20:32,176] Trial 14 finished with value: 0.9 and parameters: {'n_estimators': 386, 'max_depth': 7, 'min_samples_split': 7, 'min_samples_leaf': 2}. Best is trial 1 with value: 0.9.
[I 2026-04-07 01:20:32,560] Trial 15 finished with value: 0.8 and parameters: {'n_estimators': 322, 'max_depth': 9, 'min_samples_split': 8, 'min_samples_leaf': 5}. Best is trial 1 with value: 0.9.
[I 2026-04-07 01:20:33,068] Trial 16 finished with value: 0.85 and parameters: {'n_estimators': 448, 'max_depth': 14, 'min_samples_split': 6, 'min_samples_leaf': 4}. Best is trial 1 with value: 0.9.
[I 2026-04-07 01:20:33,519] Trial 17 finished with value: 0.9 and parameters: {'n_estimators': 400, 'max_depth': 3, 'min_samples_split': 9, 'min_samples_leaf': 2}. Best is trial 1 with value: 0.9.
[I 2026-04-07 01:20:33,881] Trial 18 finished with value: 0.9 and parameters: {'n_estimators': 301, 'max_depth': 9, 'min_samples_split': 7, 'min_samples_leaf': 1}. Best is trial 1 with value: 0.9.
[I 2026-04-07 01:20:34,309] Trial 19 finished with value: 0.75 and parameters: {'n_estimators': 357, 'max_depth': 6, 'min_samples_split': 5, 'min_samples_leaf': 6}. Best is trial 1 with value: 0.9.
[I 2026-04-07 01:20:34,794] Trial 20 finished with value: 0.85 and parameters: {'n_estimators': 442, 'max_depth': 13, 'min_samples_split': 6, 'min_samples_leaf': 4}. Best is trial 1 with value: 0.9.
[I 2026-04-07 01:20:35,342] Trial 21 finished with value: 0.9 and parameters: {'n_estimators': 491, 'max_depth': 16, 'min_samples_split': 2, 'min_samples_leaf': 1}. Best is trial 1 with value: 0.9.
[I 2026-04-07 01:20:35,868] Trial 22 finished with value: 0.9 and parameters: {'n_estimators': 469, 'max_depth': 17, 'min_samples_split': 2, 'min_samples_leaf': 2}. Best is trial 1 with value: 0.9.
[I 2026-04-07 01:20:36,425] Trial 23 finished with value: 0.9 and parameters: {'n_estimators': 496, 'max_depth': 13, 'min_samples_split': 3, 'min_samples_leaf': 1}. Best is trial 1 with value: 0.9.
[I 2026-04-07 01:20:36,922] Trial 24 finished with value: 0.85 and parameters: {'n_estimators': 420, 'max_depth': 20, 'min_samples_split': 3, 'min_samples_leaf': 2}. Best is trial 1 with value: 0.9.
[I 2026-04-07 01:20:37,440] Trial 25 finished with value: 0.8 and parameters: {'n_estimators': 472, 'max_depth': 15, 'min_samples_split': 9, 'min_samples_leaf': 4}. Best is trial 1 with value: 0.9.
[I 2026-04-07 01:20:37,890] Trial 26 finished with value: 0.9 and parameters: {'n_estimators': 384, 'max_depth': 10, 'min_samples_split': 4, 'min_samples_leaf': 2}. Best is trial 1 with value: 0.9.
[I 2026-04-07 01:20:38,357] Trial 27 finished with value: 0.85 and parameters: {'n_estimators': 443, 'max_depth': 13, 'min_samples_split': 9, 'min_samples_leaf': 3}. Best is trial 1 with value: 0.9.
[I 2026-04-07 01:20:38,823] Trial 28 finished with value: 0.9 and parameters: {'n_estimators': 413, 'max_depth': 18, 'min_samples_split': 6, 'min_samples_leaf': 1}. Best is trial 1 with value: 0.9.
[I 2026-04-07 01:20:39,017] Trial 29 finished with value: 0.5 and parameters: {'n_estimators': 118, 'max_depth': 9, 'min_samples_split': 5, 'min_samples_leaf': 7}. Best is trial 1 with value: 0.9.
[I 2026-04-07 01:20:43,838] A new study created in memory with name: mlp
[I 2026-04-07 01:20:43,902] Trial 0 finished with value: 0.6 and parameters: {'hidden_layer_sizes': (200,), 'max_iter': 100, 'alpha': 0.0001}. Best is trial 0 with value: 0.6.
[I 2026-04-07 01:20:43,977] Trial 1 finished with value: 0.6 and parameters: {'hidden_layer_sizes': (100, 100), 'max_iter': 100, 'alpha': 0.0001}. Best is trial 0 with value: 0.6.
[I 2026-04-07 01:20:44,053] Trial 2 finished with value: 0.65 and parameters: {'hidden_layer_sizes': (200,), 'max_iter': 100, 'alpha': 0.001}. Best is trial 2 with value: 0.65.
[I 2026-04-07 01:20:44,099] Trial 3 finished with value: 0.55 and parameters: {'hidden_layer_sizes': (100,), 'max_iter': 50, 'alpha': 0.001}. Best is trial 2 with value: 0.65.
[I 2026-04-07 01:20:44,134] Trial 4 finished with value: 0.5 and parameters: {'hidden_layer_sizes': (100,), 'max_iter': 50, 'alpha': 0.0001}. Best is trial 2 with value: 0.65.
[I 2026-04-07 01:20:44,170] Trial 5 finished with value: 0.5 and parameters: {'hidden_layer_sizes': (100,), 'max_iter': 50, 'alpha': 0.0001}. Best is trial 2 with value: 0.65.
[I 2026-04-07 01:20:44,206] Trial 6 finished with value: 0.7 and parameters: {'hidden_layer_sizes': (100,), 'max_iter': 50, 'alpha': 0.0001}. Best is trial 6 with value: 0.7.
[I 2026-04-07 01:20:44,241] Trial 7 finished with value: 0.6 and parameters: {'hidden_layer_sizes': (100,), 'max_iter': 50, 'alpha': 0.0001}. Best is trial 6 with value: 0.7.
[I 2026-04-07 01:20:44,287] Trial 8 finished with value: 0.6 and parameters: {'hidden_layer_sizes': (200,), 'max_iter': 100, 'alpha': 0.0001}. Best is trial 6 with value: 0.7.
[I 2026-04-07 01:20:44,323] Trial 9 finished with value: 0.65 and parameters: {'hidden_layer_sizes': (200,), 'max_iter': 50, 'alpha': 0.0001}. Best is trial 6 with value: 0.7.
[I 2026-04-07 01:20:44,371] Trial 10 finished with value: 0.55 and parameters: {'hidden_layer_sizes': (100, 100), 'max_iter': 50, 'alpha': 0.001}. Best is trial 6 with value: 0.7.
[I 2026-04-07 01:20:44,429] Trial 11 finished with value: 0.6 and parameters: {'hidden_layer_sizes': (200,), 'max_iter': 100, 'alpha': 0.001}. Best is trial 6 with value: 0.7.
[I 2026-04-07 01:20:44,477] Trial 12 finished with value: 0.65 and parameters: {'hidden_layer_sizes': (100,), 'max_iter': 100, 'alpha': 0.001}. Best is trial 6 with value: 0.7.
[I 2026-04-07 01:20:44,545] Trial 13 finished with value: 0.6 and parameters: {'hidden_layer_sizes': (200,), 'max_iter': 100, 'alpha': 0.001}. Best is trial 6 with value: 0.7.
[I 2026-04-07 01:20:44,589] Trial 14 finished with value: 0.65 and parameters: {'hidden_layer_sizes': (100, 100), 'max_iter': 50, 'alpha': 0.001}. Best is trial 6 with value: 0.7.
[I 2026-04-07 01:20:44,633] Trial 15 finished with value: 0.65 and parameters: {'hidden_layer_sizes': (100,), 'max_iter': 100, 'alpha': 0.001}. Best is trial 6 with value: 0.7.
[I 2026-04-07 01:20:44,678] Trial 16 finished with value: 0.6 and parameters: {'hidden_layer_sizes': (200,), 'max_iter': 100, 'alpha': 0.0001}. Best is trial 6 with value: 0.7.
[I 2026-04-07 01:20:44,713] Trial 17 finished with value: 0.65 and parameters: {'hidden_layer_sizes': (100,), 'max_iter': 50, 'alpha': 0.001}. Best is trial 6 with value: 0.7.
[I 2026-04-07 01:20:44,751] Trial 18 finished with value: 0.7 and parameters: {'hidden_layer_sizes': (200,), 'max_iter': 50, 'alpha': 0.0001}. Best is trial 6 with value: 0.7.
[I 2026-04-07 01:20:44,795] Trial 19 finished with value: 0.6 and parameters: {'hidden_layer_sizes': (100, 100), 'max_iter': 50, 'alpha': 0.0001}. Best is trial 6 with value: 0.7.
[I 2026-04-07 01:20:44,834] Trial 20 finished with value: 0.65 and parameters: {'hidden_layer_sizes': (200,), 'max_iter': 50, 'alpha': 0.0001}. Best is trial 6 with value: 0.7.
[I 2026-04-07 01:20:44,873] Trial 21 finished with value: 0.65 and parameters: {'hidden_layer_sizes': (200,), 'max_iter': 50, 'alpha': 0.0001}. Best is trial 6 with value: 0.7.
[I 2026-04-07 01:20:44,907] Trial 22 finished with value: 0.75 and parameters: {'hidden_layer_sizes': (200,), 'max_iter': 50, 'alpha': 0.0001}. Best is trial 22 with value: 0.75.
[I 2026-04-07 01:20:44,941] Trial 23 finished with value: 0.65 and parameters: {'hidden_layer_sizes': (200,), 'max_iter': 50, 'alpha': 0.0001}. Best is trial 22 with value: 0.75.
[I 2026-04-07 01:20:44,980] Trial 24 finished with value: 0.65 and parameters: {'hidden_layer_sizes': (200,), 'max_iter': 50, 'alpha': 0.0001}. Best is trial 22 with value: 0.75.
[I 2026-04-07 01:20:45,019] Trial 25 finished with value: 0.6 and parameters: {'hidden_layer_sizes': (100,), 'max_iter': 50, 'alpha': 0.0001}. Best is trial 22 with value: 0.75.
[I 2026-04-07 01:20:45,066] Trial 26 finished with value: 0.65 and parameters: {'hidden_layer_sizes': (200,), 'max_iter': 50, 'alpha': 0.0001}. Best is trial 22 with value: 0.75.
[I 2026-04-07 01:20:45,105] Trial 27 finished with value: 0.65 and parameters: {'hidden_layer_sizes': (200,), 'max_iter': 50, 'alpha': 0.0001}. Best is trial 22 with value: 0.75.
[I 2026-04-07 01:20:45,163] Trial 28 finished with value: 0.65 and parameters: {'hidden_layer_sizes': (100, 100), 'max_iter': 50, 'alpha': 0.0001}. Best is trial 22 with value: 0.75.
