[I 2026-04-09 21:27:12,730] Trial 22 finished with value: 0.925 and parameters: {'n_estimators': 433, 'max_depth': 13, 'min_samples_split': 3, 'min_samples_leaf': 9}. Best is trial 2 with value: 0.925.
[I 2026-04-09 21:27:13,062] Trial 23 finished with value: 0.9 and parameters: {'n_estimators': 273, 'max_depth': 11, 'min_samples_split': 4, 'min_samples_leaf': 10}. Best is trial 2 with value: 0.925.
[I 2026-04-09 21:27:13,578] Trial 24 finished with value: 0.925 and parameters: {'n_estimators': 420, 'max_depth': 17, 'min_samples_split': 3, 'min_samples_leaf': 8}. Best is trial 2 with value: 0.925.
[I 2026-04-09 21:27:14,005] Trial 25 finished with value: 0.9 and parameters: {'n_estimators': 358, 'max_depth': 14, 'min_samples_split': 5, 'min_samples_leaf': 9}. Best is trial 2 with value: 0.925.
[I 2026-04-09 21:27:14,269] Trial 26 finished with value: 0.875 and parameters: {'n_estimators': 236, 'max_depth': 10, 'min_samples_split': 4, 'min_samples_leaf': 10}. Best is trial 2 with value: 0.925.
[I 2026-04-09 21:27:14,786] Trial 27 finished with value: 0.925 and parameters: {'n_estimators': 454, 'max_depth': 12, 'min_samples_split': 2, 'min_samples_leaf': 7}. Best is trial 2 with value: 0.925.
[I 2026-04-09 21:27:15,240] Trial 28 finished with value: 0.925 and parameters: {'n_estimators': 402, 'max_depth': 16, 'min_samples_split': 6, 'min_samples_leaf': 8}. Best is trial 2 with value: 0.925.
[I 2026-04-09 21:27:15,595] Trial 29 finished with value: 0.9 and parameters: {'n_estimators': 295, 'max_depth': 8, 'min_samples_split': 9, 'min_samples_leaf': 1}. Best is trial 2 with value: 0.925.
[I 2026-04-09 21:27:18,238] A new study created in memory with name: mlp
[I 2026-04-09 21:27:18,293] Trial 0 finished with value: 0.775 and parameters: {'hidden_layer_sizes': (100,), 'max_iter': 100, 'alpha': 0.0001}. Best is trial 0 with value: 0.775.
[I 2026-04-09 21:27:18,378] Trial 1 finished with value: 0.85 and parameters: {'hidden_layer_sizes': (100, 100), 'max_iter': 100, 'alpha': 0.001}. Best is trial 1 with value: 0.85.
[I 2026-04-09 21:27:18,435] Trial 2 finished with value: 0.825 and parameters: {'hidden_layer_sizes': (200,), 'max_iter': 100, 'alpha': 0.0001}. Best is trial 1 with value: 0.85.
[I 2026-04-09 21:27:18,481] Trial 3 finished with value: 0.85 and parameters: {'hidden_layer_sizes': (200,), 'max_iter': 50, 'alpha': 0.001}. Best is trial 1 with value: 0.85.
[I 2026-04-09 21:27:18,528] Trial 4 finished with value: 0.825 and parameters: {'hidden_layer_sizes': (100, 100), 'max_iter': 50, 'alpha': 0.0001}. Best is trial 1 with value: 0.85.
[I 2026-04-09 21:27:18,583] Trial 5 finished with value: 0.875 and parameters: {'hidden_layer_sizes': (200,), 'max_iter': 100, 'alpha': 0.0001}. Best is trial 5 with value: 0.875.
[I 2026-04-09 21:27:18,643] Trial 6 finished with value: 0.875 and parameters: {'hidden_layer_sizes': (200,), 'max_iter': 100, 'alpha': 0.001}. Best is trial 5 with value: 0.875.
[I 2026-04-09 21:27:18,692] Trial 7 finished with value: 0.875 and parameters: {'hidden_layer_sizes': (100,), 'max_iter': 100, 'alpha': 0.001}. Best is trial 5 with value: 0.875.
[I 2026-04-09 21:27:18,778] Trial 8 finished with value: 0.8 and parameters: {'hidden_layer_sizes': (100, 100), 'max_iter': 100, 'alpha': 0.0001}. Best is trial 5 with value: 0.875.
[I 2026-04-09 21:27:18,833] Trial 9 finished with value: 0.9 and parameters: {'hidden_layer_sizes': (200,), 'max_iter': 100, 'alpha': 0.0001}. Best is trial 9 with value: 0.9.
[I 2026-04-09 21:27:18,879] Trial 10 finished with value: 0.8 and parameters: {'hidden_layer_sizes': (200,), 'max_iter': 50, 'alpha': 0.0001}. Best is trial 9 with value: 0.9.
[I 2026-04-09 21:27:18,936] Trial 11 finished with value: 0.85 and parameters: {'hidden_layer_sizes': (200,), 'max_iter': 100, 'alpha': 0.0001}. Best is trial 9 with value: 0.9.
[I 2026-04-09 21:27:18,995] Trial 12 finished with value: 0.825 and parameters: {'hidden_layer_sizes': (200,), 'max_iter': 100, 'alpha': 0.0001}. Best is trial 9 with value: 0.9.
[I 2026-04-09 21:27:19,042] Trial 13 finished with value: 0.9 and parameters: {'hidden_layer_sizes': (200,), 'max_iter': 100, 'alpha': 0.0001}. Best is trial 9 with value: 0.9.
[I 2026-04-09 21:27:19,077] Trial 14 finished with value: 0.8 and parameters: {'hidden_layer_sizes': (200,), 'max_iter': 50, 'alpha': 0.0001}. Best is trial 9 with value: 0.9.
[I 2026-04-09 21:27:19,133] Trial 15 finished with value: 0.9 and parameters: {'hidden_layer_sizes': (100,), 'max_iter': 100, 'alpha': 0.0001}. Best is trial 9 with value: 0.9.
[I 2026-04-09 21:27:19,190] Trial 16 finished with value: 0.9 and parameters: {'hidden_layer_sizes': (200,), 'max_iter': 100, 'alpha': 0.0001}. Best is trial 9 with value: 0.9.
[I 2026-04-09 21:27:19,235] Trial 17 finished with value: 0.9 and parameters: {'hidden_layer_sizes': (200,), 'max_iter': 100, 'alpha': 0.0001}. Best is trial 9 with value: 0.9.
[I 2026-04-09 21:27:19,269] Trial 18 finished with value: 0.8 and parameters: {'hidden_layer_sizes': (100,), 'max_iter': 50, 'alpha': 0.001}. Best is trial 9 with value: 0.9.
[I 2026-04-09 21:27:19,333] Trial 19 finished with value: 0.85 and parameters: {'hidden_layer_sizes': (100, 100), 'max_iter': 100, 'alpha': 0.0001}. Best is trial 9 with value: 0.9.
[I 2026-04-09 21:27:19,392] Trial 20 finished with value: 0.9 and parameters: {'hidden_layer_sizes': (200,), 'max_iter': 100, 'alpha': 0.0001}. Best is trial 9 with value: 0.9.
[I 2026-04-09 21:27:19,452] Trial 21 finished with value: 0.825 and parameters: {'hidden_layer_sizes': (100,), 'max_iter': 100, 'alpha': 0.0001}. Best is trial 9 with value: 0.9.
[I 2026-04-09 21:27:19,512] Trial 22 finished with value: 0.8 and parameters: {'hidden_layer_sizes': (100,), 'max_iter': 100, 'alpha': 0.0001}. Best is trial 9 with value: 0.9.
[I 2026-04-09 21:27:19,578] Trial 23 finished with value: 0.85 and parameters: {'hidden_layer_sizes': (100,), 'max_iter': 100, 'alpha': 0.0001}. Best is trial 9 with value: 0.9.
[I 2026-04-09 21:27:19,616] Trial 24 finished with value: 0.775 and parameters: {'hidden_layer_sizes': (100,), 'max_iter': 100, 'alpha': 0.0001}. Best is trial 9 with value: 0.9.
[I 2026-04-09 21:27:19,665] Trial 25 finished with value: 0.875 and parameters: {'hidden_layer_sizes': (100,), 'max_iter': 100, 'alpha': 0.0001}. Best is trial 9 with value: 0.9.
[I 2026-04-09 21:27:19,692] Trial 26 finished with value: 0.65 and parameters: {'hidden_layer_sizes': (200,), 'max_iter': 50, 'alpha': 0.001}. Best is trial 9 with value: 0.9.
[I 2026-04-09 21:27:19,759] Trial 27 finished with value: 0.925 and parameters: {'hidden_layer_sizes': (200,), 'max_iter': 100, 'alpha': 0.0001}. Best is trial 27 with value: 0.925.
[I 2026-04-09 21:27:19,823] Trial 28 finished with value: 0.825 and parameters: {'hidden_layer_sizes': (200,), 'max_iter': 100, 'alpha': 0.0001}. Best is trial 27 with value: 0.925.
[I 2026-04-09 21:27:19,879] Trial 29 finished with value: 0.825 and parameters: {'hidden_layer_sizes': (200,), 'max_iter': 100, 'alpha': 0.0001}. Best is trial 27 with value: 0.925.
[I 2026-04-09 21:27:28,955] A new study created in memory with name: naive_bayes
[I 2026-04-09 21:27:28,972] Trial 0 finished with value: 1.0 and parameters: {'var_smoothing': 6.10548688762798e-09}. Best is trial 0 with value: 1.0.
[I 2026-04-09 21:27:28,988] Trial 1 finished with value: 1.0 and parameters: {'var_smoothing': 4.6127467400935034e-10}. Best is trial 0 with value: 1.0.
[I 2026-04-09 21:27:29,023] Trial 2 finished with value: 1.0 and parameters: {'var_smoothing': 4.389936579400967e-09}. Best is trial 0 with value: 1.0.
[I 2026-04-09 21:27:29,037] Trial 3 finished with value: 1.0 and parameters: {'var_smoothing': 1.2116948204672054e-10}. Best is trial 0 with value: 1.0.
[I 2026-04-09 21:27:29,052] Trial 4 finished with value: 1.0 and parameters: {'var_smoothing': 1.6417739478477417e-10}. Best is trial 0 with value: 1.0.
[I 2026-04-09 21:27:29,065] Trial 5 finished with value: 1.0 and parameters: {'var_smoothing': 1.5491880147236797e-09}. Best is trial 0 with value: 1.0.
[I 2026-04-09 21:27:29,079] Trial 6 finished with value: 1.0 and parameters: {'var_smoothing': 1.1471883405287265e-09}. Best is trial 0 with value: 1.0.
[I 2026-04-09 21:27:29,103] Trial 7 finished with value: 1.0 and parameters: {'var_smoothing': 6.88041853492358e-10}. Best is trial 0 with value: 1.0.
[I 2026-04-09 21:27:29,117] Trial 8 finished with value: 1.0 and parameters: {'var_smoothing': 4.686144741221158e-10}. Best is trial 0 with value: 1.0.
[I 2026-04-09 21:27:29,130] Trial 9 finished with value: 1.0 and parameters: {'var_smoothing': 1.7580809350683337e-09}. Best is trial 0 with value: 1.0.
[I 2026-04-09 21:27:29,150] Trial 10 finished with value: 1.0 and parameters: {'var_smoothing': 9.83902635509218e-09}. Best is trial 0 with value: 1.0.
[I 2026-04-09 21:27:29,170] Trial 11 finished with value: 1.0 and parameters: {'var_smoothing': 2.660399871603373e-10}. Best is trial 0 with value: 1.0.
[I 2026-04-09 21:27:29,202] Trial 12 finished with value: 1.0 and parameters: {'var_smoothing': 9.276268851540963e-09}. Best is trial 0 with value: 1.0.
[I 2026-04-09 21:27:29,220] Trial 13 finished with value: 1.0 and parameters: {'var_smoothing': 2.9844010685221692e-09}. Best is trial 0 with value: 1.0.
[I 2026-04-09 21:27:29,239] Trial 14 finished with value: 1.0 and parameters: {'var_smoothing': 3.8923309717334116e-10}. Best is trial 0 with value: 1.0.
[I 2026-04-09 21:27:29,257] Trial 15 finished with value: 1.0 and parameters: {'var_smoothing': 3.85461066627204e-09}. Best is trial 0 with value: 1.0.
[I 2026-04-09 21:27:29,274] Trial 16 finished with value: 1.0 and parameters: {'var_smoothing': 7.120907275009211e-10}. Best is trial 0 with value: 1.0.
[I 2026-04-09 21:27:29,291] Trial 17 finished with value: 1.0 and parameters: {'var_smoothing': 2.412486610614855e-10}. Best is trial 0 with value: 1.0.
[I 2026-04-09 21:27:29,308] Trial 18 finished with value: 1.0 and parameters: {'var_smoothing': 2.3580860166954074e-09}. Best is trial 0 with value: 1.0.
[I 2026-04-09 21:27:29,325] Trial 19 finished with value: 1.0 and parameters: {'var_smoothing': 5.846846875339535e-09}. Best is trial 0 with value: 1.0.
[I 2026-04-09 21:27:29,340] Trial 20 finished with value: 1.0 and parameters: {'var_smoothing': 1.0486521320383776e-09}. Best is trial 0 with value: 1.0.
[I 2026-04-09 21:27:29,360] Trial 21 finished with value: 1.0 and parameters: {'var_smoothing': 4.9491450263339475e-09}. Best is trial 0 with value: 1.0.
[I 2026-04-09 21:27:29,379] Trial 22 finished with value: 1.0 and parameters: {'var_smoothing': 6.667992141406306e-09}. Best is trial 0 with value: 1.0.
[I 2026-04-09 21:27:29,403] Trial 23 finished with value: 1.0 and parameters: {'var_smoothing': 3.2795712712135213e-09}. Best is trial 0 with value: 1.0.
[I 2026-04-09 21:27:29,421] Trial 24 finished with value: 1.0 and parameters: {'var_smoothing': 6.403538416287158e-10}. Best is trial 0 with value: 1.0.
[I 2026-04-09 21:27:29,438] Trial 25 finished with value: 1.0 and parameters: {'var_smoothing': 2.1589819023851477e-09}. Best is trial 0 with value: 1.0.
[I 2026-04-09 21:27:29,464] Trial 26 finished with value: 1.0 and parameters: {'var_smoothing': 3.912617821024548e-09}. Best is trial 0 with value: 1.0.
[I 2026-04-09 21:27:29,480] Trial 27 finished with value: 1.0 and parameters: {'var_smoothing': 7.162139101012446e-09}. Best is trial 0 with value: 1.0.
[I 2026-04-09 21:27:29,496] Trial 28 finished with value: 1.0 and parameters: {'var_smoothing': 1.3883316815746274e-09}. Best is trial 0 with value: 1.0.
[I 2026-04-09 21:27:29,511] Trial 29 finished with value: 1.0 and parameters: {'var_smoothing': 4.1751754503046387e-10}. Best is trial 0 with value: 1.0.
[I 2026-04-09 21:27:30,495] A new study created in memory with name: logreg
[I 2026-04-09 21:27:30,509] Trial 0 finished with value: 0.95 and parameters: {'C': 29.127335430981816, 'penalty': 'l2'}. Best is trial 0 with value: 0.95.
[I 2026-04-09 21:27:30,522] Trial 1 finished with value: 0.975 and parameters: {'C': 0.045698192893558344, 'penalty': 'l2'}. Best is trial 1 with value: 0.975.
[I 2026-04-09 21:27:30,537] Trial 2 finished with value: 0.95 and parameters: {'C': 12.768668597712947, 'penalty': 'l2'}. Best is trial 1 with value: 0.975.
[I 2026-04-09 21:27:30,560] Trial 3 finished with value: 0.975 and parameters: {'C': 0.0016161554408462638, 'penalty': 'l2'}. Best is trial 1 with value: 0.975.
[I 2026-04-09 21:27:30,574] Trial 4 finished with value: 0.975 and parameters: {'C': 0.0034536903703241734, 'penalty': 'l2'}. Best is trial 1 with value: 0.975.
[I 2026-04-09 21:27:30,588] Trial 5 finished with value: 0.95 and parameters: {'C': 0.9446269266990148, 'penalty': 'l2'}. Best is trial 1 with value: 0.975.
[I 2026-04-09 21:27:30,612] Trial 6 finished with value: 0.975 and parameters: {'C': 0.4457453393648168, 'penalty': 'l2'}. Best is trial 1 with value: 0.975.
[I 2026-04-09 21:27:30,637] Trial 7 finished with value: 0.975 and parameters: {'C': 0.12417585037258261, 'penalty': 'l2'}. Best is trial 1 with value: 0.975.
[I 2026-04-09 21:27:30,661] Trial 8 finished with value: 0.975 and parameters: {'C': 0.04753781830244093, 'penalty': 'l2'}. Best is trial 1 with value: 0.975.
[I 2026-04-09 21:27:30,675] Trial 9 finished with value: 0.95 and parameters: {'C': 1.2959766028194148, 'penalty': 'l2'}. Best is trial 1 with value: 0.975.
[I 2026-04-09 21:27:30,692] Trial 10 finished with value: 0.975 and parameters: {'C': 0.02024823315667757, 'penalty': 'l2'}. Best is trial 1 with value: 0.975.
[I 2026-04-09 21:27:30,711] Trial 11 finished with value: 0.975 and parameters: {'C': 0.001317682707090239, 'penalty': 'l2'}. Best is trial 1 with value: 0.975.
[I 2026-04-09 21:27:30,729] Trial 12 finished with value: 0.975 and parameters: {'C': 0.00537191519649587, 'penalty': 'l2'}. Best is trial 1 with value: 0.975.
[I 2026-04-09 21:27:30,746] Trial 13 finished with value: 0.975 and parameters: {'C': 0.013775014971016233, 'penalty': 'l2'}. Best is trial 1 with value: 0.975.
[I 2026-04-09 21:27:30,765] Trial 14 finished with value: 0.975 and parameters: {'C': 0.0012166627598308305, 'penalty': 'l2'}. Best is trial 1 with value: 0.975.
[I 2026-04-09 21:27:30,807] Trial 15 finished with value: 0.975 and parameters: {'C': 0.06378601415420004, 'penalty': 'l2'}. Best is trial 1 with value: 0.975.
[I 2026-04-09 21:27:30,824] Trial 16 finished with value: 0.95 and parameters: {'C': 4.40245304921375, 'penalty': 'l2'}. Best is trial 1 with value: 0.975.
[I 2026-04-09 21:27:30,844] Trial 17 finished with value: 0.975 and parameters: {'C': 0.009039871959471408, 'penalty': 'l2'}. Best is trial 1 with value: 0.975.
[I 2026-04-09 21:27:30,875] Trial 18 finished with value: 0.975 and parameters: {'C': 0.21400772977695579, 'penalty': 'l2'}. Best is trial 1 with value: 0.975.
[I 2026-04-09 21:27:30,895] Trial 19 finished with value: 0.975 and parameters: {'C': 0.03939934617334397, 'penalty': 'l2'}. Best is trial 1 with value: 0.975.
[I 2026-04-09 21:27:30,926] Trial 20 finished with value: 0.975 and parameters: {'C': 0.002252920086912303, 'penalty': 'l2'}. Best is trial 1 with value: 0.975.
[I 2026-04-09 21:27:30,956] Trial 21 finished with value: 0.975 and parameters: {'C': 0.0036688416448076677, 'penalty': 'l2'}. Best is trial 1 with value: 0.975.
[I 2026-04-09 21:27:30,978] Trial 22 finished with value: 0.975 and parameters: {'C': 0.005011725136284709, 'penalty': 'l2'}. Best is trial 1 with value: 0.975.
[I 2026-04-09 21:27:30,999] Trial 23 finished with value: 0.975 and parameters: {'C': 0.017399764218450766, 'penalty': 'l2'}. Best is trial 1 with value: 0.975.
[I 2026-04-09 21:27:31,015] Trial 24 finished with value: 0.975 and parameters: {'C': 0.003317976200549782, 'penalty': 'l2'}. Best is trial 1 with value: 0.975.
[I 2026-04-09 21:27:31,031] Trial 25 finished with value: 0.975 and parameters: {'C': 0.001071066337371524, 'penalty': 'l2'}. Best is trial 1 with value: 0.975.
[I 2026-04-09 21:27:31,048] Trial 26 finished with value: 0.975 and parameters: {'C': 0.007664536695295419, 'penalty': 'l2'}. Best is trial 1 with value: 0.975.
[I 2026-04-09 21:27:31,066] Trial 27 finished with value: 0.975 and parameters: {'C': 0.027468608934910675, 'penalty': 'l2'}. Best is trial 1 with value: 0.975.
[I 2026-04-09 21:27:31,093] Trial 28 finished with value: 0.975 and parameters: {'C': 0.09385453368023858, 'penalty': 'l2'}. Best is trial 1 with value: 0.975.
[I 2026-04-09 21:27:31,121] Trial 29 finished with value: 0.95 and parameters: {'C': 45.75034886101285, 'penalty': 'l2'}. Best is trial 1 with value: 0.975.
[I 2026-04-09 21:27:32,166] A new study created in memory with name: knn
[I 2026-04-09 21:27:32,192] Trial 0 finished with value: 0.975 and parameters: {'n_neighbors': 10, 'leaf_size': 26, 'p': 1}. Best is trial 0 with value: 0.975.
[I 2026-04-09 21:27:32,205] Trial 1 finished with value: 0.95 and parameters: {'n_neighbors': 3, 'leaf_size': 32, 'p': 1}. Best is trial 0 with value: 0.975.
[I 2026-04-09 21:27:32,221] Trial 2 finished with value: 0.975 and parameters: {'n_neighbors': 5, 'leaf_size': 33, 'p': 2}. Best is trial 0 with value: 0.975.
[I 2026-04-09 21:27:32,234] Trial 3 finished with value: 0.975 and parameters: {'n_neighbors': 7, 'leaf_size': 32, 'p': 2}. Best is trial 0 with value: 0.975.
[I 2026-04-09 21:27:32,248] Trial 4 finished with value: 0.975 and parameters: {'n_neighbors': 9, 'leaf_size': 28, 'p': 1}. Best is trial 0 with value: 0.975.
[I 2026-04-09 21:27:32,262] Trial 5 finished with value: 0.95 and parameters: {'n_neighbors': 3, 'leaf_size': 35, 'p': 1}. Best is trial 0 with value: 0.975.
[I 2026-04-09 21:27:32,276] Trial 6 finished with value: 0.975 and parameters: {'n_neighbors': 8, 'leaf_size': 31, 'p': 2}. Best is trial 0 with value: 0.975.
[I 2026-04-09 21:27:32,299] Trial 7 finished with value: 0.975 and parameters: {'n_neighbors': 6, 'leaf_size': 24, 'p': 2}. Best is trial 0 with value: 0.975.
[I 2026-04-09 21:27:32,313] Trial 8 finished with value: 0.975 and parameters: {'n_neighbors': 5, 'leaf_size': 34, 'p': 2}. Best is trial 0 with value: 0.975.
[I 2026-04-09 21:27:32,329] Trial 9 finished with value: 0.975 and parameters: {'n_neighbors': 10, 'leaf_size': 27, 'p': 2}. Best is trial 0 with value: 0.975.
[I 2026-04-09 21:27:32,365] Trial 10 finished with value: 0.975 and parameters: {'n_neighbors': 10, 'leaf_size': 40, 'p': 1}. Best is trial 0 with value: 0.975.
[I 2026-04-09 21:27:32,393] Trial 11 finished with value: 0.975 and parameters: {'n_neighbors': 5, 'leaf_size': 22, 'p': 1}. Best is trial 0 with value: 0.975.
[I 2026-04-09 21:27:32,417] Trial 12 finished with value: 0.975 and parameters: {'n_neighbors': 5, 'leaf_size': 38, 'p': 2}. Best is trial 0 with value: 0.975.
[I 2026-04-09 21:27:32,442] Trial 13 finished with value: 0.975 and parameters: {'n_neighbors': 7, 'leaf_size': 26, 'p': 1}. Best is trial 0 with value: 0.975.
[I 2026-04-09 21:27:32,466] Trial 14 finished with value: 0.975 and parameters: {'n_neighbors': 4, 'leaf_size': 20, 'p': 1}. Best is trial 0 with value: 0.975.
[I 2026-04-09 21:27:32,489] Trial 15 finished with value: 0.975 and parameters: {'n_neighbors': 9, 'leaf_size': 29, 'p': 2}. Best is trial 0 with value: 0.975.
[I 2026-04-09 21:27:32,515] Trial 16 finished with value: 0.975 and parameters: {'n_neighbors': 6, 'leaf_size': 36, 'p': 2}. Best is trial 0 with value: 0.975.
[I 2026-04-09 21:27:32,541] Trial 17 finished with value: 0.975 and parameters: {'n_neighbors': 8, 'leaf_size': 25, 'p': 1}. Best is trial 0 with value: 0.975.
[I 2026-04-09 21:27:32,564] Trial 18 finished with value: 0.975 and parameters: {'n_neighbors': 4, 'leaf_size': 30, 'p': 1}. Best is trial 0 with value: 0.975.
[I 2026-04-09 21:27:32,589] Trial 19 finished with value: 0.975 and parameters: {'n_neighbors': 8, 'leaf_size': 22, 'p': 2}. Best is trial 0 with value: 0.975.
[I 2026-04-09 21:27:32,614] Trial 20 finished with value: 0.975 and parameters: {'n_neighbors': 4, 'leaf_size': 33, 'p': 1}. Best is trial 0 with value: 0.975.
[I 2026-04-09 21:27:32,648] Trial 21 finished with value: 0.975 and parameters: {'n_neighbors': 7, 'leaf_size': 37, 'p': 2}. Best is trial 0 with value: 0.975.
[I 2026-04-09 21:27:32,677] Trial 22 finished with value: 0.975 and parameters: {'n_neighbors': 6, 'leaf_size': 31, 'p': 2}. Best is trial 0 with value: 0.975.
[I 2026-04-09 21:27:32,699] Trial 23 finished with value: 0.975 and parameters: {'n_neighbors': 9, 'leaf_size': 33, 'p': 2}. Best is trial 0 with value: 0.975.
[I 2026-04-09 21:27:32,723] Trial 24 finished with value: 0.975 and parameters: {'n_neighbors': 7, 'leaf_size': 29, 'p': 2}. Best is trial 0 with value: 0.975.
[I 2026-04-09 21:27:32,745] Trial 25 finished with value: 0.975 and parameters: {'n_neighbors': 10, 'leaf_size': 27, 'p': 2}. Best is trial 0 with value: 0.975.
[I 2026-04-09 21:27:32,770] Trial 26 finished with value: 0.975 and parameters: {'n_neighbors': 5, 'leaf_size': 24, 'p': 2}. Best is trial 0 with value: 0.975.
[I 2026-04-09 21:27:32,809] Trial 27 finished with value: 0.975 and parameters: {'n_neighbors': 6, 'leaf_size': 31, 'p': 2}. Best is trial 0 with value: 0.975.
[I 2026-04-09 21:27:32,834] Trial 28 finished with value: 0.975 and parameters: {'n_neighbors': 8, 'leaf_size': 35, 'p': 1}. Best is trial 0 with value: 0.975.
[I 2026-04-09 21:27:32,860] Trial 29 finished with value: 0.95 and parameters: {'n_neighbors': 3, 'leaf_size': 32, 'p': 1}. Best is trial 0 with value: 0.975.
[I 2026-04-09 21:27:34,644] A new study created in memory with name: xgb
[I 2026-04-09 21:27:34,672] Trial 0 finished with value: 0.975 and parameters: {'n_estimators': 10, 'max_depth': 30, 'gamma': 0.5768356259735394, 'subsample': 0.7094037142783272, 'colsample_bytree': 0.6677039246366646}. Best is trial 0 with value: 0.975.
