[I 2026-04-07 03:31:32,448] Trial 5 finished with value: 0.8833333333333334 and parameters: {'n_estimators': 340, 'max_depth': 7, 'min_samples_split': 4, 'min_samples_leaf': 3}. Best is trial 0 with value: 0.9.
[I 2026-04-07 03:31:32,709] Trial 6 finished with value: 0.85 and parameters: {'n_estimators': 231, 'max_depth': 5, 'min_samples_split': 3, 'min_samples_leaf': 10}. Best is trial 0 with value: 0.9.
[I 2026-04-07 03:31:33,218] Trial 7 finished with value: 0.9 and parameters: {'n_estimators': 485, 'max_depth': 6, 'min_samples_split': 2, 'min_samples_leaf': 3}. Best is trial 0 with value: 0.9.
[I 2026-04-07 03:31:33,657] Trial 8 finished with value: 0.8833333333333334 and parameters: {'n_estimators': 380, 'max_depth': 17, 'min_samples_split': 2, 'min_samples_leaf': 6}. Best is trial 0 with value: 0.9.
[I 2026-04-07 03:31:33,775] Trial 9 finished with value: 0.8833333333333334 and parameters: {'n_estimators': 100, 'max_depth': 12, 'min_samples_split': 7, 'min_samples_leaf': 10}. Best is trial 0 with value: 0.9.
[I 2026-04-07 03:31:33,917] Trial 10 finished with value: 0.9000000000000001 and parameters: {'n_estimators': 110, 'max_depth': 20, 'min_samples_split': 5, 'min_samples_leaf': 8}. Best is trial 10 with value: 0.9000000000000001.
[I 2026-04-07 03:31:34,089] Trial 11 finished with value: 0.8833333333333334 and parameters: {'n_estimators': 100, 'max_depth': 20, 'min_samples_split': 5, 'min_samples_leaf': 8}. Best is trial 10 with value: 0.9000000000000001.
[I 2026-04-07 03:31:34,311] Trial 12 finished with value: 0.8833333333333334 and parameters: {'n_estimators': 179, 'max_depth': 20, 'min_samples_split': 5, 'min_samples_leaf': 8}. Best is trial 10 with value: 0.9000000000000001.
[I 2026-04-07 03:31:34,504] Trial 13 finished with value: 0.8666666666666668 and parameters: {'n_estimators': 160, 'max_depth': 16, 'min_samples_split': 4, 'min_samples_leaf': 9}. Best is trial 10 with value: 0.9000000000000001.
[I 2026-04-07 03:31:34,686] Trial 14 finished with value: 0.9166666666666667 and parameters: {'n_estimators': 156, 'max_depth': 17, 'min_samples_split': 6, 'min_samples_leaf': 1}. Best is trial 14 with value: 0.9166666666666667.
[I 2026-04-07 03:31:34,890] Trial 15 finished with value: 0.9 and parameters: {'n_estimators': 161, 'max_depth': 14, 'min_samples_split': 10, 'min_samples_leaf': 1}. Best is trial 14 with value: 0.9166666666666667.
[I 2026-04-07 03:31:35,062] Trial 16 finished with value: 0.8833333333333334 and parameters: {'n_estimators': 138, 'max_depth': 18, 'min_samples_split': 6, 'min_samples_leaf': 1}. Best is trial 14 with value: 0.9166666666666667.
[I 2026-04-07 03:31:35,528] Trial 17 finished with value: 0.8666666666666668 and parameters: {'n_estimators': 440, 'max_depth': 10, 'min_samples_split': 6, 'min_samples_leaf': 4}. Best is trial 14 with value: 0.9166666666666667.
[I 2026-04-07 03:31:35,782] Trial 18 finished with value: 0.8833333333333334 and parameters: {'n_estimators': 225, 'max_depth': 15, 'min_samples_split': 7, 'min_samples_leaf': 5}. Best is trial 14 with value: 0.9166666666666667.
[I 2026-04-07 03:31:35,945] Trial 19 finished with value: 0.8666666666666668 and parameters: {'n_estimators': 130, 'max_depth': 12, 'min_samples_split': 5, 'min_samples_leaf': 7}. Best is trial 14 with value: 0.9166666666666667.
[I 2026-04-07 03:31:36,322] Trial 20 finished with value: 0.8666666666666668 and parameters: {'n_estimators': 351, 'max_depth': 3, 'min_samples_split': 8, 'min_samples_leaf': 2}. Best is trial 14 with value: 0.9166666666666667.
[I 2026-04-07 03:31:36,548] Trial 21 finished with value: 0.85 and parameters: {'n_estimators': 189, 'max_depth': 18, 'min_samples_split': 4, 'min_samples_leaf': 9}. Best is trial 14 with value: 0.9166666666666667.
[I 2026-04-07 03:31:36,712] Trial 22 finished with value: 0.8666666666666666 and parameters: {'n_estimators': 135, 'max_depth': 20, 'min_samples_split': 3, 'min_samples_leaf': 9}. Best is trial 14 with value: 0.9166666666666667.
[I 2026-04-07 03:31:36,947] Trial 23 finished with value: 0.8833333333333334 and parameters: {'n_estimators': 202, 'max_depth': 18, 'min_samples_split': 6, 'min_samples_leaf': 10}. Best is trial 14 with value: 0.9166666666666667.
[I 2026-04-07 03:31:37,242] Trial 24 finished with value: 0.8666666666666668 and parameters: {'n_estimators': 261, 'max_depth': 19, 'min_samples_split': 3, 'min_samples_leaf': 7}. Best is trial 14 with value: 0.9166666666666667.
[I 2026-04-07 03:31:37,406] Trial 25 finished with value: 0.8666666666666668 and parameters: {'n_estimators': 129, 'max_depth': 16, 'min_samples_split': 5, 'min_samples_leaf': 5}. Best is trial 14 with value: 0.9166666666666667.
[I 2026-04-07 03:31:37,609] Trial 26 finished with value: 0.9000000000000001 and parameters: {'n_estimators': 167, 'max_depth': 17, 'min_samples_split': 4, 'min_samples_leaf': 7}. Best is trial 14 with value: 0.9166666666666667.
[I 2026-04-07 03:31:37,794] Trial 27 finished with value: 0.8666666666666668 and parameters: {'n_estimators': 157, 'max_depth': 13, 'min_samples_split': 6, 'min_samples_leaf': 7}. Best is trial 14 with value: 0.9166666666666667.
[I 2026-04-07 03:31:37,947] Trial 28 finished with value: 0.8666666666666668 and parameters: {'n_estimators': 101, 'max_depth': 16, 'min_samples_split': 4, 'min_samples_leaf': 4}. Best is trial 14 with value: 0.9166666666666667.
[I 2026-04-07 03:31:38,193] Trial 29 finished with value: 0.8666666666666666 and parameters: {'n_estimators': 195, 'max_depth': 10, 'min_samples_split': 5, 'min_samples_leaf': 7}. Best is trial 14 with value: 0.9166666666666667.
[I 2026-04-07 03:31:41,159] A new study created in memory with name: mlp
[I 2026-04-07 03:31:41,204] Trial 0 finished with value: 0.8 and parameters: {'hidden_layer_sizes': (200,), 'max_iter': 50, 'alpha': 0.001}. Best is trial 0 with value: 0.8.
[I 2026-04-07 03:31:41,251] Trial 1 finished with value: 0.8166666666666668 and parameters: {'hidden_layer_sizes': (100,), 'max_iter': 100, 'alpha': 0.0001}. Best is trial 1 with value: 0.8166666666666668.
[I 2026-04-07 03:31:41,297] Trial 2 finished with value: 0.8166666666666668 and parameters: {'hidden_layer_sizes': (100,), 'max_iter': 100, 'alpha': 0.001}. Best is trial 1 with value: 0.8166666666666668.
[I 2026-04-07 03:31:41,341] Trial 3 finished with value: 0.7833333333333334 and parameters: {'hidden_layer_sizes': (200,), 'max_iter': 50, 'alpha': 0.001}. Best is trial 1 with value: 0.8166666666666668.
[I 2026-04-07 03:31:41,387] Trial 4 finished with value: 0.8166666666666668 and parameters: {'hidden_layer_sizes': (100,), 'max_iter': 100, 'alpha': 0.0001}. Best is trial 1 with value: 0.8166666666666668.
[I 2026-04-07 03:31:41,443] Trial 5 finished with value: 0.8166666666666668 and parameters: {'hidden_layer_sizes': (100,), 'max_iter': 100, 'alpha': 0.001}. Best is trial 1 with value: 0.8166666666666668.
[I 2026-04-07 03:31:41,499] Trial 6 finished with value: 0.8 and parameters: {'hidden_layer_sizes': (200,), 'max_iter': 100, 'alpha': 0.001}. Best is trial 1 with value: 0.8166666666666668.
[I 2026-04-07 03:31:41,552] Trial 7 finished with value: 0.8 and parameters: {'hidden_layer_sizes': (200,), 'max_iter': 100, 'alpha': 0.001}. Best is trial 1 with value: 0.8166666666666668.
[I 2026-04-07 03:31:41,609] Trial 8 finished with value: 0.8166666666666668 and parameters: {'hidden_layer_sizes': (100,), 'max_iter': 100, 'alpha': 0.001}. Best is trial 1 with value: 0.8166666666666668.
[I 2026-04-07 03:31:41,655] Trial 9 finished with value: 0.7666666666666666 and parameters: {'hidden_layer_sizes': (100,), 'max_iter': 50, 'alpha': 0.001}. Best is trial 1 with value: 0.8166666666666668.
[I 2026-04-07 03:31:41,703] Trial 10 finished with value: 0.8333333333333334 and parameters: {'hidden_layer_sizes': (100, 100), 'max_iter': 50, 'alpha': 0.0001}. Best is trial 10 with value: 0.8333333333333334.
[I 2026-04-07 03:31:41,762] Trial 11 finished with value: 0.8166666666666668 and parameters: {'hidden_layer_sizes': (100, 100), 'max_iter': 50, 'alpha': 0.0001}. Best is trial 10 with value: 0.8333333333333334.
[I 2026-04-07 03:31:41,831] Trial 12 finished with value: 0.8 and parameters: {'hidden_layer_sizes': (100, 100), 'max_iter': 50, 'alpha': 0.0001}. Best is trial 10 with value: 0.8333333333333334.
[I 2026-04-07 03:31:41,879] Trial 13 finished with value: 0.8166666666666668 and parameters: {'hidden_layer_sizes': (100, 100), 'max_iter': 50, 'alpha': 0.0001}. Best is trial 10 with value: 0.8333333333333334.
[I 2026-04-07 03:31:41,955] Trial 14 finished with value: 0.8333333333333334 and parameters: {'hidden_layer_sizes': (100, 100), 'max_iter': 100, 'alpha': 0.0001}. Best is trial 10 with value: 0.8333333333333334.
[I 2026-04-07 03:31:42,001] Trial 15 finished with value: 0.8 and parameters: {'hidden_layer_sizes': (100, 100), 'max_iter': 50, 'alpha': 0.0001}. Best is trial 10 with value: 0.8333333333333334.
[I 2026-04-07 03:31:42,107] Trial 16 finished with value: 0.8166666666666667 and parameters: {'hidden_layer_sizes': (100, 100), 'max_iter': 100, 'alpha': 0.0001}. Best is trial 10 with value: 0.8333333333333334.
[I 2026-04-07 03:31:42,153] Trial 17 finished with value: 0.8333333333333334 and parameters: {'hidden_layer_sizes': (100, 100), 'max_iter': 50, 'alpha': 0.0001}. Best is trial 10 with value: 0.8333333333333334.
[I 2026-04-07 03:31:42,221] Trial 18 finished with value: 0.8166666666666667 and parameters: {'hidden_layer_sizes': (100, 100), 'max_iter': 100, 'alpha': 0.0001}. Best is trial 10 with value: 0.8333333333333334.
[I 2026-04-07 03:31:42,266] Trial 19 finished with value: 0.8166666666666668 and parameters: {'hidden_layer_sizes': (100, 100), 'max_iter': 50, 'alpha': 0.0001}. Best is trial 10 with value: 0.8333333333333334.
[I 2026-04-07 03:31:42,330] Trial 20 finished with value: 0.8333333333333334 and parameters: {'hidden_layer_sizes': (100, 100), 'max_iter': 100, 'alpha': 0.0001}. Best is trial 10 with value: 0.8333333333333334.
[I 2026-04-07 03:31:42,375] Trial 21 finished with value: 0.8 and parameters: {'hidden_layer_sizes': (100, 100), 'max_iter': 50, 'alpha': 0.0001}. Best is trial 10 with value: 0.8333333333333334.
[I 2026-04-07 03:31:42,421] Trial 22 finished with value: 0.8166666666666668 and parameters: {'hidden_layer_sizes': (100, 100), 'max_iter': 50, 'alpha': 0.0001}. Best is trial 10 with value: 0.8333333333333334.
[I 2026-04-07 03:31:42,481] Trial 23 finished with value: 0.8166666666666668 and parameters: {'hidden_layer_sizes': (100, 100), 'max_iter': 50, 'alpha': 0.0001}. Best is trial 10 with value: 0.8333333333333334.
[I 2026-04-07 03:31:42,528] Trial 24 finished with value: 0.8 and parameters: {'hidden_layer_sizes': (100, 100), 'max_iter': 50, 'alpha': 0.0001}. Best is trial 10 with value: 0.8333333333333334.
[I 2026-04-07 03:31:42,597] Trial 25 finished with value: 0.8 and parameters: {'hidden_layer_sizes': (100, 100), 'max_iter': 50, 'alpha': 0.0001}. Best is trial 10 with value: 0.8333333333333334.
[I 2026-04-07 03:31:42,654] Trial 26 finished with value: 0.8166666666666668 and parameters: {'hidden_layer_sizes': (100, 100), 'max_iter': 50, 'alpha': 0.0001}. Best is trial 10 with value: 0.8333333333333334.
[I 2026-04-07 03:31:42,701] Trial 27 finished with value: 0.8166666666666668 and parameters: {'hidden_layer_sizes': (100, 100), 'max_iter': 50, 'alpha': 0.0001}. Best is trial 10 with value: 0.8333333333333334.
[I 2026-04-07 03:31:42,780] Trial 28 finished with value: 0.8166666666666667 and parameters: {'hidden_layer_sizes': (100, 100), 'max_iter': 100, 'alpha': 0.0001}. Best is trial 10 with value: 0.8333333333333334.
[I 2026-04-07 03:31:42,829] Trial 29 finished with value: 0.8 and parameters: {'hidden_layer_sizes': (200,), 'max_iter': 50, 'alpha': 0.0001}. Best is trial 10 with value: 0.8333333333333334.
[I 2026-04-07 03:31:54,681] A new study created in memory with name: naive_bayes
[I 2026-04-07 03:31:54,696] Trial 0 finished with value: 0.8666666666666668 and parameters: {'var_smoothing': 2.7796258518939306e-10}. Best is trial 0 with value: 0.8666666666666668.
[I 2026-04-07 03:31:54,709] Trial 1 finished with value: 0.8666666666666668 and parameters: {'var_smoothing': 5.513972710118387e-09}. Best is trial 0 with value: 0.8666666666666668.
[I 2026-04-07 03:31:54,723] Trial 2 finished with value: 0.8666666666666668 and parameters: {'var_smoothing': 2.590826381512706e-10}. Best is trial 0 with value: 0.8666666666666668.
[I 2026-04-07 03:31:54,737] Trial 3 finished with value: 0.85 and parameters: {'var_smoothing': 6.874194498027403e-09}. Best is trial 0 with value: 0.8666666666666668.
[I 2026-04-07 03:31:54,751] Trial 4 finished with value: 0.8666666666666668 and parameters: {'var_smoothing': 9.480306482679771e-10}. Best is trial 0 with value: 0.8666666666666668.
[I 2026-04-07 03:31:54,764] Trial 5 finished with value: 0.8666666666666668 and parameters: {'var_smoothing': 1.6729683536668864e-09}. Best is trial 0 with value: 0.8666666666666668.
[I 2026-04-07 03:31:54,777] Trial 6 finished with value: 0.8666666666666668 and parameters: {'var_smoothing': 3.402637726935598e-09}. Best is trial 0 with value: 0.8666666666666668.
[I 2026-04-07 03:31:54,790] Trial 7 finished with value: 0.8666666666666668 and parameters: {'var_smoothing': 1.0885189040847657e-09}. Best is trial 0 with value: 0.8666666666666668.
[I 2026-04-07 03:31:54,804] Trial 8 finished with value: 0.8666666666666668 and parameters: {'var_smoothing': 3.922843686541149e-10}. Best is trial 0 with value: 0.8666666666666668.
[I 2026-04-07 03:31:54,817] Trial 9 finished with value: 0.8666666666666668 and parameters: {'var_smoothing': 2.3737908819373785e-10}. Best is trial 0 with value: 0.8666666666666668.
[I 2026-04-07 03:31:54,838] Trial 10 finished with value: 0.8666666666666668 and parameters: {'var_smoothing': 1.005826617097841e-10}. Best is trial 0 with value: 0.8666666666666668.
[I 2026-04-07 03:31:54,855] Trial 11 finished with value: 0.85 and parameters: {'var_smoothing': 8.246040091550826e-09}. Best is trial 0 with value: 0.8666666666666668.
[I 2026-04-07 03:31:54,875] Trial 12 finished with value: 0.8666666666666668 and parameters: {'var_smoothing': 5.714429769091136e-10}. Best is trial 0 with value: 0.8666666666666668.
[I 2026-04-07 03:31:54,895] Trial 13 finished with value: 0.8666666666666668 and parameters: {'var_smoothing': 3.0046394488828834e-09}. Best is trial 0 with value: 0.8666666666666668.
[I 2026-04-07 03:31:54,914] Trial 14 finished with value: 0.8666666666666668 and parameters: {'var_smoothing': 1.0161521526134228e-10}. Best is trial 0 with value: 0.8666666666666668.
[I 2026-04-07 03:31:54,933] Trial 15 finished with value: 0.8666666666666668 and parameters: {'var_smoothing': 3.455011319435438e-09}. Best is trial 0 with value: 0.8666666666666668.
[I 2026-04-07 03:31:54,953] Trial 16 finished with value: 0.8666666666666668 and parameters: {'var_smoothing': 2.2038800241203009e-10}. Best is trial 0 with value: 0.8666666666666668.
[I 2026-04-07 03:31:54,971] Trial 17 finished with value: 0.8666666666666668 and parameters: {'var_smoothing': 1.8515987176145925e-09}. Best is trial 0 with value: 0.8666666666666668.
[I 2026-04-07 03:31:54,990] Trial 18 finished with value: 0.8666666666666668 and parameters: {'var_smoothing': 5.024285700153026e-10}. Best is trial 0 with value: 0.8666666666666668.
[I 2026-04-07 03:31:55,007] Trial 19 finished with value: 0.8666666666666668 and parameters: {'var_smoothing': 4.958025424412893e-09}. Best is trial 0 with value: 0.8666666666666668.
[I 2026-04-07 03:31:55,023] Trial 20 finished with value: 0.8666666666666668 and parameters: {'var_smoothing': 8.344000526157384e-10}. Best is trial 0 with value: 0.8666666666666668.
[I 2026-04-07 03:31:55,051] Trial 21 finished with value: 0.8666666666666668 and parameters: {'var_smoothing': 2.46080689865309e-10}. Best is trial 0 with value: 0.8666666666666668.
[I 2026-04-07 03:31:55,073] Trial 22 finished with value: 0.8666666666666668 and parameters: {'var_smoothing': 1.4445108350594728e-10}. Best is trial 0 with value: 0.8666666666666668.
[I 2026-04-07 03:31:55,093] Trial 23 finished with value: 0.8666666666666668 and parameters: {'var_smoothing': 3.3715577896606737e-10}. Best is trial 0 with value: 0.8666666666666668.
[I 2026-04-07 03:31:55,110] Trial 24 finished with value: 0.8666666666666668 and parameters: {'var_smoothing': 1.572466431855027e-10}. Best is trial 0 with value: 0.8666666666666668.
[I 2026-04-07 03:31:55,129] Trial 25 finished with value: 0.8666666666666668 and parameters: {'var_smoothing': 7.281746293576245e-10}. Best is trial 0 with value: 0.8666666666666668.
[I 2026-04-07 03:31:55,149] Trial 26 finished with value: 0.8666666666666668 and parameters: {'var_smoothing': 3.386254640873244e-10}. Best is trial 0 with value: 0.8666666666666668.
[I 2026-04-07 03:31:55,169] Trial 27 finished with value: 0.8666666666666668 and parameters: {'var_smoothing': 1.3918180959975328e-09}. Best is trial 0 with value: 0.8666666666666668.
[I 2026-04-07 03:31:55,189] Trial 28 finished with value: 0.8666666666666668 and parameters: {'var_smoothing': 2.3715836084533434e-09}. Best is trial 0 with value: 0.8666666666666668.
[I 2026-04-07 03:31:55,208] Trial 29 finished with value: 0.8333333333333334 and parameters: {'var_smoothing': 9.477075781575649e-09}. Best is trial 0 with value: 0.8666666666666668.
[I 2026-04-07 03:31:55,645] A new study created in memory with name: logreg
[I 2026-04-07 03:31:55,670] Trial 0 finished with value: 0.7 and parameters: {'C': 0.012881482725481003, 'penalty': 'l2'}. Best is trial 0 with value: 0.7.
[I 2026-04-07 03:31:55,706] Trial 1 finished with value: 0.8666666666666666 and parameters: {'C': 22.576755560681583, 'penalty': 'l2'}. Best is trial 1 with value: 0.8666666666666666.
[I 2026-04-07 03:31:55,721] Trial 2 finished with value: 0.7 and parameters: {'C': 0.010804278656839932, 'penalty': 'l2'}. Best is trial 1 with value: 0.8666666666666666.
[I 2026-04-07 03:31:55,747] Trial 3 finished with value: 0.8666666666666666 and parameters: {'C': 39.17910760336117, 'penalty': 'l2'}. Best is trial 1 with value: 0.8666666666666666.
[I 2026-04-07 03:31:55,772] Trial 4 finished with value: 0.75 and parameters: {'C': 0.2767298094062571, 'penalty': 'l2'}. Best is trial 1 with value: 0.8666666666666666.
[I 2026-04-07 03:31:55,796] Trial 5 finished with value: 0.7833333333333334 and parameters: {'C': 1.1447728330837224, 'penalty': 'l2'}. Best is trial 1 with value: 0.8666666666666666.
[I 2026-04-07 03:31:55,829] Trial 6 finished with value: 0.8333333333333334 and parameters: {'C': 6.753661388238877, 'penalty': 'l2'}. Best is trial 1 with value: 0.8666666666666666.
[I 2026-04-07 03:31:55,863] Trial 7 finished with value: 0.7666666666666668 and parameters: {'C': 0.39092184460352974, 'penalty': 'l2'}. Best is trial 1 with value: 0.8666666666666666.
[I 2026-04-07 03:31:55,888] Trial 8 finished with value: 0.6833333333333333 and parameters: {'C': 0.03047912590082646, 'penalty': 'l2'}. Best is trial 1 with value: 0.8666666666666666.
[I 2026-04-07 03:31:55,914] Trial 9 finished with value: 0.7 and parameters: {'C': 0.008681727362499118, 'penalty': 'l2'}. Best is trial 1 with value: 0.8666666666666666.
[I 2026-04-07 03:31:55,943] Trial 10 finished with value: 0.9 and parameters: {'C': 90.29867735508974, 'penalty': 'l2'}. Best is trial 10 with value: 0.9.
[I 2026-04-07 03:31:55,971] Trial 11 finished with value: 0.9 and parameters: {'C': 65.31936101889447, 'penalty': 'l2'}. Best is trial 10 with value: 0.9.
[I 2026-04-07 03:31:56,004] Trial 12 finished with value: 0.9 and parameters: {'C': 83.84419935947768, 'penalty': 'l2'}. Best is trial 10 with value: 0.9.
[I 2026-04-07 03:31:56,047] Trial 13 finished with value: 0.8333333333333334 and parameters: {'C': 5.398303237479397, 'penalty': 'l2'}. Best is trial 10 with value: 0.9.
[I 2026-04-07 03:31:56,081] Trial 14 finished with value: 0.5833333333333333 and parameters: {'C': 0.0010229884923599638, 'penalty': 'l2'}. Best is trial 10 with value: 0.9.
[I 2026-04-07 03:31:56,122] Trial 15 finished with value: 0.85 and parameters: {'C': 7.291351299862254, 'penalty': 'l2'}. Best is trial 10 with value: 0.9.
[I 2026-04-07 03:31:56,162] Trial 16 finished with value: 0.9 and parameters: {'C': 81.71759326546615, 'penalty': 'l2'}. Best is trial 10 with value: 0.9.
[I 2026-04-07 03:31:56,193] Trial 17 finished with value: 0.7666666666666667 and parameters: {'C': 1.38961128706446, 'penalty': 'l2'}. Best is trial 10 with value: 0.9.
[I 2026-04-07 03:31:56,223] Trial 18 finished with value: 0.8666666666666666 and parameters: {'C': 13.392844950926891, 'penalty': 'l2'}. Best is trial 10 with value: 0.9.
[I 2026-04-07 03:31:56,264] Trial 19 finished with value: 0.8 and parameters: {'C': 2.1631939541914624, 'penalty': 'l2'}. Best is trial 10 with value: 0.9.
[I 2026-04-07 03:31:56,294] Trial 20 finished with value: 0.7166666666666667 and parameters: {'C': 0.0723450305209305, 'penalty': 'l2'}. Best is trial 10 with value: 0.9.
[I 2026-04-07 03:31:56,335] Trial 21 finished with value: 0.9 and parameters: {'C': 69.90296593556943, 'penalty': 'l2'}. Best is trial 10 with value: 0.9.
[I 2026-04-07 03:31:56,364] Trial 22 finished with value: 0.8666666666666666 and parameters: {'C': 29.69980182904865, 'penalty': 'l2'}. Best is trial 10 with value: 0.9.
[I 2026-04-07 03:31:56,395] Trial 23 finished with value: 0.9 and parameters: {'C': 78.47180878362126, 'penalty': 'l2'}. Best is trial 10 with value: 0.9.
[I 2026-04-07 03:31:56,425] Trial 24 finished with value: 0.8666666666666666 and parameters: {'C': 17.33761008559665, 'penalty': 'l2'}. Best is trial 10 with value: 0.9.
[I 2026-04-07 03:31:56,455] Trial 25 finished with value: 0.8166666666666667 and parameters: {'C': 3.325507771267633, 'penalty': 'l2'}. Best is trial 10 with value: 0.9.
[I 2026-04-07 03:31:56,486] Trial 26 finished with value: 0.8666666666666666 and parameters: {'C': 37.45365885082905, 'penalty': 'l2'}. Best is trial 10 with value: 0.9.
