[I 2026-04-09 22:02:46,367] Trial 16 finished with value: 0.825 and parameters: {'n_estimators': 104, 'max_depth': 9, 'min_samples_split': 7, 'min_samples_leaf': 7}. Best is trial 0 with value: 0.95.
[I 2026-04-09 22:02:46,879] Trial 17 finished with value: 0.95 and parameters: {'n_estimators': 359, 'max_depth': 5, 'min_samples_split': 2, 'min_samples_leaf': 2}. Best is trial 0 with value: 0.95.
[I 2026-04-09 22:02:47,148] Trial 18 finished with value: 0.95 and parameters: {'n_estimators': 222, 'max_depth': 10, 'min_samples_split': 4, 'min_samples_leaf': 4}. Best is trial 0 with value: 0.95.
[I 2026-04-09 22:02:47,674] Trial 19 finished with value: 0.95 and parameters: {'n_estimators': 405, 'max_depth': 13, 'min_samples_split': 6, 'min_samples_leaf': 2}. Best is trial 0 with value: 0.95.
[I 2026-04-09 22:02:47,879] Trial 20 finished with value: 0.875 and parameters: {'n_estimators': 144, 'max_depth': 8, 'min_samples_split': 8, 'min_samples_leaf': 4}. Best is trial 0 with value: 0.95.
[I 2026-04-09 22:02:48,247] Trial 21 finished with value: 0.95 and parameters: {'n_estimators': 269, 'max_depth': 19, 'min_samples_split': 9, 'min_samples_leaf': 2}. Best is trial 0 with value: 0.95.
[I 2026-04-09 22:02:48,746] Trial 22 finished with value: 0.95 and parameters: {'n_estimators': 415, 'max_depth': 17, 'min_samples_split': 10, 'min_samples_leaf': 1}. Best is trial 0 with value: 0.95.
[I 2026-04-09 22:02:49,019] Trial 23 finished with value: 0.95 and parameters: {'n_estimators': 187, 'max_depth': 14, 'min_samples_split': 10, 'min_samples_leaf': 2}. Best is trial 0 with value: 0.95.
[I 2026-04-09 22:02:49,225] Trial 24 finished with value: 0.925 and parameters: {'n_estimators': 132, 'max_depth': 18, 'min_samples_split': 8, 'min_samples_leaf': 3}. Best is trial 0 with value: 0.95.
[I 2026-04-09 22:02:49,584] Trial 25 finished with value: 0.95 and parameters: {'n_estimators': 295, 'max_depth': 13, 'min_samples_split': 5, 'min_samples_leaf': 1}. Best is trial 0 with value: 0.95.
[I 2026-04-09 22:02:50,037] Trial 26 finished with value: 0.825 and parameters: {'n_estimators': 400, 'max_depth': 17, 'min_samples_split': 3, 'min_samples_leaf': 6}. Best is trial 0 with value: 0.95.
[I 2026-04-09 22:02:50,306] Trial 27 finished with value: 0.925 and parameters: {'n_estimators': 216, 'max_depth': 5, 'min_samples_split': 6, 'min_samples_leaf': 4}. Best is trial 0 with value: 0.95.
[I 2026-04-09 22:02:50,730] Trial 28 finished with value: 0.95 and parameters: {'n_estimators': 377, 'max_depth': 20, 'min_samples_split': 7, 'min_samples_leaf': 2}. Best is trial 0 with value: 0.95.
[I 2026-04-09 22:02:50,916] Trial 29 finished with value: 0.775 and parameters: {'n_estimators': 127, 'max_depth': 10, 'min_samples_split': 3, 'min_samples_leaf': 10}. Best is trial 0 with value: 0.95.
[I 2026-04-09 22:02:53,061] A new study created in memory with name: mlp
[I 2026-04-09 22:02:53,126] Trial 0 finished with value: 0.95 and parameters: {'hidden_layer_sizes': (200,), 'max_iter': 100, 'alpha': 0.001}. Best is trial 0 with value: 0.95.
[I 2026-04-09 22:02:53,204] Trial 1 finished with value: 0.975 and parameters: {'hidden_layer_sizes': (100, 100), 'max_iter': 100, 'alpha': 0.0001}. Best is trial 1 with value: 0.975.
[I 2026-04-09 22:02:53,248] Trial 2 finished with value: 0.975 and parameters: {'hidden_layer_sizes': (100, 100), 'max_iter': 50, 'alpha': 0.0001}. Best is trial 1 with value: 0.975.
[I 2026-04-09 22:02:53,294] Trial 3 finished with value: 0.95 and parameters: {'hidden_layer_sizes': (200,), 'max_iter': 50, 'alpha': 0.0001}. Best is trial 1 with value: 0.975.
[I 2026-04-09 22:02:53,368] Trial 4 finished with value: 0.975 and parameters: {'hidden_layer_sizes': (200,), 'max_iter': 100, 'alpha': 0.001}. Best is trial 1 with value: 0.975.
[I 2026-04-09 22:02:53,426] Trial 5 finished with value: 0.975 and parameters: {'hidden_layer_sizes': (200,), 'max_iter': 100, 'alpha': 0.0001}. Best is trial 1 with value: 0.975.
[I 2026-04-09 22:02:53,514] Trial 6 finished with value: 0.975 and parameters: {'hidden_layer_sizes': (100, 100), 'max_iter': 100, 'alpha': 0.001}. Best is trial 1 with value: 0.975.
[I 2026-04-09 22:02:53,552] Trial 7 finished with value: 0.9 and parameters: {'hidden_layer_sizes': (200,), 'max_iter': 50, 'alpha': 0.001}. Best is trial 1 with value: 0.975.
[I 2026-04-09 22:02:53,597] Trial 8 finished with value: 0.925 and parameters: {'hidden_layer_sizes': (100,), 'max_iter': 100, 'alpha': 0.001}. Best is trial 1 with value: 0.975.
[I 2026-04-09 22:02:53,632] Trial 9 finished with value: 0.9 and parameters: {'hidden_layer_sizes': (200,), 'max_iter': 50, 'alpha': 0.001}. Best is trial 1 with value: 0.975.
[I 2026-04-09 22:02:53,704] Trial 10 finished with value: 0.975 and parameters: {'hidden_layer_sizes': (100, 100), 'max_iter': 100, 'alpha': 0.0001}. Best is trial 1 with value: 0.975.
[I 2026-04-09 22:02:53,762] Trial 11 finished with value: 0.975 and parameters: {'hidden_layer_sizes': (100, 100), 'max_iter': 50, 'alpha': 0.0001}. Best is trial 1 with value: 0.975.
[I 2026-04-09 22:02:53,814] Trial 12 finished with value: 0.925 and parameters: {'hidden_layer_sizes': (100, 100), 'max_iter': 50, 'alpha': 0.0001}. Best is trial 1 with value: 0.975.
[I 2026-04-09 22:02:53,873] Trial 13 finished with value: 0.95 and parameters: {'hidden_layer_sizes': (100, 100), 'max_iter': 50, 'alpha': 0.0001}. Best is trial 1 with value: 0.975.
[I 2026-04-09 22:02:53,933] Trial 14 finished with value: 0.975 and parameters: {'hidden_layer_sizes': (100,), 'max_iter': 100, 'alpha': 0.0001}. Best is trial 1 with value: 0.975.
[I 2026-04-09 22:02:53,989] Trial 15 finished with value: 0.95 and parameters: {'hidden_layer_sizes': (100, 100), 'max_iter': 50, 'alpha': 0.0001}. Best is trial 1 with value: 0.975.
[I 2026-04-09 22:02:54,039] Trial 16 finished with value: 0.95 and parameters: {'hidden_layer_sizes': (100, 100), 'max_iter': 50, 'alpha': 0.0001}. Best is trial 1 with value: 0.975.
[I 2026-04-09 22:02:54,108] Trial 17 finished with value: 0.95 and parameters: {'hidden_layer_sizes': (100,), 'max_iter': 100, 'alpha': 0.0001}. Best is trial 1 with value: 0.975.
[I 2026-04-09 22:02:54,168] Trial 18 finished with value: 0.975 and parameters: {'hidden_layer_sizes': (100, 100), 'max_iter': 50, 'alpha': 0.0001}. Best is trial 1 with value: 0.975.
[I 2026-04-09 22:02:54,258] Trial 19 finished with value: 0.975 and parameters: {'hidden_layer_sizes': (100, 100), 'max_iter': 100, 'alpha': 0.0001}. Best is trial 1 with value: 0.975.
[I 2026-04-09 22:02:54,324] Trial 20 finished with value: 0.975 and parameters: {'hidden_layer_sizes': (100, 100), 'max_iter': 50, 'alpha': 0.0001}. Best is trial 1 with value: 0.975.
[I 2026-04-09 22:02:54,394] Trial 21 finished with value: 0.975 and parameters: {'hidden_layer_sizes': (200,), 'max_iter': 100, 'alpha': 0.001}. Best is trial 1 with value: 0.975.
[I 2026-04-09 22:02:54,452] Trial 22 finished with value: 0.975 and parameters: {'hidden_layer_sizes': (200,), 'max_iter': 100, 'alpha': 0.001}. Best is trial 1 with value: 0.975.
[I 2026-04-09 22:02:54,509] Trial 23 finished with value: 0.95 and parameters: {'hidden_layer_sizes': (100,), 'max_iter': 100, 'alpha': 0.001}. Best is trial 1 with value: 0.975.
[I 2026-04-09 22:02:54,577] Trial 24 finished with value: 0.975 and parameters: {'hidden_layer_sizes': (100, 100), 'max_iter': 100, 'alpha': 0.001}. Best is trial 1 with value: 0.975.
[I 2026-04-09 22:02:54,657] Trial 25 finished with value: 0.975 and parameters: {'hidden_layer_sizes': (200,), 'max_iter': 100, 'alpha': 0.0001}. Best is trial 1 with value: 0.975.
[I 2026-04-09 22:02:54,729] Trial 26 finished with value: 0.975 and parameters: {'hidden_layer_sizes': (100, 100), 'max_iter': 100, 'alpha': 0.001}. Best is trial 1 with value: 0.975.
[I 2026-04-09 22:02:54,787] Trial 27 finished with value: 0.95 and parameters: {'hidden_layer_sizes': (100,), 'max_iter': 100, 'alpha': 0.0001}. Best is trial 1 with value: 0.975.
[I 2026-04-09 22:02:54,827] Trial 28 finished with value: 0.925 and parameters: {'hidden_layer_sizes': (200,), 'max_iter': 50, 'alpha': 0.001}. Best is trial 1 with value: 0.975.
[I 2026-04-09 22:02:54,917] Trial 29 finished with value: 0.975 and parameters: {'hidden_layer_sizes': (100, 100), 'max_iter': 100, 'alpha': 0.001}. Best is trial 1 with value: 0.975.
[I 2026-04-09 22:03:06,504] A new study created in memory with name: naive_bayes
[I 2026-04-09 22:03:06,518] Trial 0 finished with value: 0.825 and parameters: {'var_smoothing': 1.0489343501429862e-10}. Best is trial 0 with value: 0.825.
[I 2026-04-09 22:03:06,531] Trial 1 finished with value: 0.825 and parameters: {'var_smoothing': 1.0086701860885373e-09}. Best is trial 0 with value: 0.825.
[I 2026-04-09 22:03:06,545] Trial 2 finished with value: 0.825 and parameters: {'var_smoothing': 9.807235097598006e-10}. Best is trial 0 with value: 0.825.
[I 2026-04-09 22:03:06,558] Trial 3 finished with value: 0.825 and parameters: {'var_smoothing': 1.8520770828517824e-10}. Best is trial 0 with value: 0.825.
[I 2026-04-09 22:03:06,575] Trial 4 finished with value: 0.825 and parameters: {'var_smoothing': 1.9240757716714087e-10}. Best is trial 0 with value: 0.825.
[I 2026-04-09 22:03:06,591] Trial 5 finished with value: 0.825 and parameters: {'var_smoothing': 2.736007926537145e-10}. Best is trial 0 with value: 0.825.
[I 2026-04-09 22:03:06,614] Trial 6 finished with value: 0.825 and parameters: {'var_smoothing': 6.87094324185739e-10}. Best is trial 0 with value: 0.825.
[I 2026-04-09 22:03:06,628] Trial 7 finished with value: 0.825 and parameters: {'var_smoothing': 3.134745855231349e-10}. Best is trial 0 with value: 0.825.
[I 2026-04-09 22:03:06,642] Trial 8 finished with value: 0.825 and parameters: {'var_smoothing': 1.4727170077821783e-10}. Best is trial 0 with value: 0.825.
[I 2026-04-09 22:03:06,656] Trial 9 finished with value: 0.825 and parameters: {'var_smoothing': 4.909048017047017e-10}. Best is trial 0 with value: 0.825.
[I 2026-04-09 22:03:06,689] Trial 10 finished with value: 0.825 and parameters: {'var_smoothing': 4.226228455594519e-09}. Best is trial 0 with value: 0.825.
[I 2026-04-09 22:03:06,707] Trial 11 finished with value: 0.825 and parameters: {'var_smoothing': 2.8481546791169343e-09}. Best is trial 0 with value: 0.825.
[I 2026-04-09 22:03:06,727] Trial 12 finished with value: 0.825 and parameters: {'var_smoothing': 1.9032336526904254e-09}. Best is trial 0 with value: 0.825.
[I 2026-04-09 22:03:06,744] Trial 13 finished with value: 0.825 and parameters: {'var_smoothing': 1.6192707465333408e-09}. Best is trial 0 with value: 0.825.
[I 2026-04-09 22:03:06,761] Trial 14 finished with value: 0.825 and parameters: {'var_smoothing': 1.0137193502251743e-10}. Best is trial 0 with value: 0.825.
[I 2026-04-09 22:03:06,776] Trial 15 finished with value: 0.825 and parameters: {'var_smoothing': 7.233291262560306e-09}. Best is trial 0 with value: 0.825.
[I 2026-04-09 22:03:06,796] Trial 16 finished with value: 0.825 and parameters: {'var_smoothing': 5.636880428096003e-10}. Best is trial 0 with value: 0.825.
[I 2026-04-09 22:03:06,821] Trial 17 finished with value: 0.825 and parameters: {'var_smoothing': 1.2682382630515742e-09}. Best is trial 0 with value: 0.825.
[I 2026-04-09 22:03:06,843] Trial 18 finished with value: 0.825 and parameters: {'var_smoothing': 3.934685686653308e-10}. Best is trial 0 with value: 0.825.
[I 2026-04-09 22:03:06,864] Trial 19 finished with value: 0.825 and parameters: {'var_smoothing': 8.419551297505738e-10}. Best is trial 0 with value: 0.825.
[I 2026-04-09 22:03:06,885] Trial 20 finished with value: 0.825 and parameters: {'var_smoothing': 2.608399883647147e-09}. Best is trial 0 with value: 0.825.
[I 2026-04-09 22:03:06,903] Trial 21 finished with value: 0.825 and parameters: {'var_smoothing': 1.1043065925699652e-09}. Best is trial 0 with value: 0.825.
[I 2026-04-09 22:03:06,933] Trial 22 finished with value: 0.825 and parameters: {'var_smoothing': 7.818254747144452e-09}. Best is trial 0 with value: 0.825.
[I 2026-04-09 22:03:06,954] Trial 23 finished with value: 0.825 and parameters: {'var_smoothing': 4.506881416225629e-09}. Best is trial 0 with value: 0.825.
[I 2026-04-09 22:03:06,970] Trial 24 finished with value: 0.825 and parameters: {'var_smoothing': 8.370195589160265e-10}. Best is trial 0 with value: 0.825.
[I 2026-04-09 22:03:06,990] Trial 25 finished with value: 0.825 and parameters: {'var_smoothing': 1.4246564400615985e-09}. Best is trial 0 with value: 0.825.
[I 2026-04-09 22:03:07,010] Trial 26 finished with value: 0.825 and parameters: {'var_smoothing': 1.055993505169999e-10}. Best is trial 0 with value: 0.825.
[I 2026-04-09 22:03:07,043] Trial 27 finished with value: 0.825 and parameters: {'var_smoothing': 2.338070103551991e-09}. Best is trial 0 with value: 0.825.
[I 2026-04-09 22:03:07,063] Trial 28 finished with value: 0.825 and parameters: {'var_smoothing': 2.9749637796955326e-10}. Best is trial 0 with value: 0.825.
[I 2026-04-09 22:03:07,080] Trial 29 finished with value: 0.825 and parameters: {'var_smoothing': 2.1414596138226606e-10}. Best is trial 0 with value: 0.825.
[I 2026-04-09 22:03:08,097] A new study created in memory with name: logreg
[I 2026-04-09 22:03:08,112] Trial 0 finished with value: 0.525 and parameters: {'C': 0.0011268620922535318, 'penalty': 'l2'}. Best is trial 0 with value: 0.525.
[I 2026-04-09 22:03:08,135] Trial 1 finished with value: 0.7 and parameters: {'C': 0.32312678588710475, 'penalty': 'l2'}. Best is trial 1 with value: 0.7.
[I 2026-04-09 22:03:08,160] Trial 2 finished with value: 0.675 and parameters: {'C': 0.3012079745112611, 'penalty': 'l2'}. Best is trial 1 with value: 0.7.
[I 2026-04-09 22:03:08,177] Trial 3 finished with value: 0.525 and parameters: {'C': 0.004668180550042529, 'penalty': 'l2'}. Best is trial 1 with value: 0.7.
[I 2026-04-09 22:03:08,202] Trial 4 finished with value: 0.525 and parameters: {'C': 0.005135177115384908, 'penalty': 'l2'}. Best is trial 1 with value: 0.7.
[I 2026-04-09 22:03:08,226] Trial 5 finished with value: 0.575 and parameters: {'C': 0.01238207351349697, 'penalty': 'l2'}. Best is trial 1 with value: 0.7.
[I 2026-04-09 22:03:08,241] Trial 6 finished with value: 0.675 and parameters: {'C': 0.12374877330306278, 'penalty': 'l2'}. Best is trial 1 with value: 0.7.
[I 2026-04-09 22:03:08,265] Trial 7 finished with value: 0.6 and parameters: {'C': 0.017398261017749217, 'penalty': 'l2'}. Best is trial 1 with value: 0.7.
[I 2026-04-09 22:03:08,289] Trial 8 finished with value: 0.525 and parameters: {'C': 0.002632074973627294, 'penalty': 'l2'}. Best is trial 1 with value: 0.7.
[I 2026-04-09 22:03:08,313] Trial 9 finished with value: 0.65 and parameters: {'C': 0.053394091359671186, 'penalty': 'l2'}. Best is trial 1 with value: 0.7.
[I 2026-04-09 22:03:08,353] Trial 10 finished with value: 0.8 and parameters: {'C': 9.528231497855979, 'penalty': 'l2'}. Best is trial 10 with value: 0.8.
[I 2026-04-09 22:03:08,405] Trial 11 finished with value: 0.8 and parameters: {'C': 7.996735848918345, 'penalty': 'l2'}. Best is trial 10 with value: 0.8.
[I 2026-04-09 22:03:08,436] Trial 12 finished with value: 0.8 and parameters: {'C': 13.219259054712499, 'penalty': 'l2'}. Best is trial 10 with value: 0.8.
[I 2026-04-09 22:03:08,467] Trial 13 finished with value: 0.8 and parameters: {'C': 26.863859397130152, 'penalty': 'l2'}. Best is trial 10 with value: 0.8.
[I 2026-04-09 22:03:08,497] Trial 14 finished with value: 0.825 and parameters: {'C': 3.348860092546444, 'penalty': 'l2'}. Best is trial 14 with value: 0.825.
[I 2026-04-09 22:03:08,526] Trial 15 finished with value: 0.775 and parameters: {'C': 2.1123813253870143, 'penalty': 'l2'}. Best is trial 14 with value: 0.825.
[I 2026-04-09 22:03:08,553] Trial 16 finished with value: 0.775 and parameters: {'C': 2.1851868019213594, 'penalty': 'l2'}. Best is trial 14 with value: 0.825.
[I 2026-04-09 22:03:08,583] Trial 17 finished with value: 0.775 and parameters: {'C': 88.11535653233194, 'penalty': 'l2'}. Best is trial 14 with value: 0.825.
[I 2026-04-09 22:03:08,613] Trial 18 finished with value: 0.775 and parameters: {'C': 2.1230965603112737, 'penalty': 'l2'}. Best is trial 14 with value: 0.825.
[I 2026-04-09 22:03:08,646] Trial 19 finished with value: 0.7 and parameters: {'C': 0.8423859395784308, 'penalty': 'l2'}. Best is trial 14 with value: 0.825.
[I 2026-04-09 22:03:08,677] Trial 20 finished with value: 0.8 and parameters: {'C': 60.17522795677281, 'penalty': 'l2'}. Best is trial 14 with value: 0.825.
[I 2026-04-09 22:03:08,721] Trial 21 finished with value: 0.8 and parameters: {'C': 8.615297115608497, 'penalty': 'l2'}. Best is trial 14 with value: 0.825.
[I 2026-04-09 22:03:08,761] Trial 22 finished with value: 0.8 and parameters: {'C': 8.790079521322024, 'penalty': 'l2'}. Best is trial 14 with value: 0.825.
[I 2026-04-09 22:03:08,787] Trial 23 finished with value: 0.8 and parameters: {'C': 4.791080936623676, 'penalty': 'l2'}. Best is trial 14 with value: 0.825.
[I 2026-04-09 22:03:08,814] Trial 24 finished with value: 0.725 and parameters: {'C': 1.0761393534742492, 'penalty': 'l2'}. Best is trial 14 with value: 0.825.
[I 2026-04-09 22:03:08,842] Trial 25 finished with value: 0.8 and parameters: {'C': 26.0664628111202, 'penalty': 'l2'}. Best is trial 14 with value: 0.825.
[I 2026-04-09 22:03:08,867] Trial 26 finished with value: 0.8 and parameters: {'C': 28.311577251401342, 'penalty': 'l2'}. Best is trial 14 with value: 0.825.
[I 2026-04-09 22:03:08,892] Trial 27 finished with value: 0.8 and parameters: {'C': 4.928391265750752, 'penalty': 'l2'}. Best is trial 14 with value: 0.825.
[I 2026-04-09 22:03:08,918] Trial 28 finished with value: 0.7 and parameters: {'C': 0.4059655605735224, 'penalty': 'l2'}. Best is trial 14 with value: 0.825.
[I 2026-04-09 22:03:08,953] Trial 29 finished with value: 0.8 and parameters: {'C': 4.798523668342455, 'penalty': 'l2'}. Best is trial 14 with value: 0.825.
[I 2026-04-09 22:03:09,936] A new study created in memory with name: knn
[I 2026-04-09 22:03:09,950] Trial 0 finished with value: 0.6 and parameters: {'n_neighbors': 3, 'leaf_size': 30, 'p': 1}. Best is trial 0 with value: 0.6.
[I 2026-04-09 22:03:09,963] Trial 1 finished with value: 0.7 and parameters: {'n_neighbors': 4, 'leaf_size': 24, 'p': 1}. Best is trial 1 with value: 0.7.
[I 2026-04-09 22:03:09,977] Trial 2 finished with value: 0.675 and parameters: {'n_neighbors': 3, 'leaf_size': 27, 'p': 2}. Best is trial 1 with value: 0.7.
[I 2026-04-09 22:03:09,992] Trial 3 finished with value: 0.65 and parameters: {'n_neighbors': 10, 'leaf_size': 20, 'p': 1}. Best is trial 1 with value: 0.7.
[I 2026-04-09 22:03:10,016] Trial 4 finished with value: 0.675 and parameters: {'n_neighbors': 10, 'leaf_size': 34, 'p': 2}. Best is trial 1 with value: 0.7.
[I 2026-04-09 22:03:10,033] Trial 5 finished with value: 0.75 and parameters: {'n_neighbors': 6, 'leaf_size': 34, 'p': 1}. Best is trial 5 with value: 0.75.
[I 2026-04-09 22:03:10,049] Trial 6 finished with value: 0.65 and parameters: {'n_neighbors': 10, 'leaf_size': 36, 'p': 1}. Best is trial 5 with value: 0.75.
[I 2026-04-09 22:03:10,067] Trial 7 finished with value: 0.725 and parameters: {'n_neighbors': 7, 'leaf_size': 39, 'p': 2}. Best is trial 5 with value: 0.75.
[I 2026-04-09 22:03:10,083] Trial 8 finished with value: 0.675 and parameters: {'n_neighbors': 10, 'leaf_size': 23, 'p': 2}. Best is trial 5 with value: 0.75.
[I 2026-04-09 22:03:10,095] Trial 9 finished with value: 0.675 and parameters: {'n_neighbors': 10, 'leaf_size': 35, 'p': 2}. Best is trial 5 with value: 0.75.
[I 2026-04-09 22:03:10,116] Trial 10 finished with value: 0.75 and parameters: {'n_neighbors': 6, 'leaf_size': 31, 'p': 1}. Best is trial 5 with value: 0.75.
[I 2026-04-09 22:03:10,136] Trial 11 finished with value: 0.75 and parameters: {'n_neighbors': 6, 'leaf_size': 31, 'p': 1}. Best is trial 5 with value: 0.75.
[I 2026-04-09 22:03:10,173] Trial 12 finished with value: 0.75 and parameters: {'n_neighbors': 6, 'leaf_size': 31, 'p': 1}. Best is trial 5 with value: 0.75.
[I 2026-04-09 22:03:10,200] Trial 13 finished with value: 0.675 and parameters: {'n_neighbors': 8, 'leaf_size': 39, 'p': 1}. Best is trial 5 with value: 0.75.
[I 2026-04-09 22:03:10,222] Trial 14 finished with value: 0.625 and parameters: {'n_neighbors': 5, 'leaf_size': 28, 'p': 1}. Best is trial 5 with value: 0.75.
[I 2026-04-09 22:03:10,242] Trial 15 finished with value: 0.675 and parameters: {'n_neighbors': 8, 'leaf_size': 33, 'p': 1}. Best is trial 5 with value: 0.75.
[I 2026-04-09 22:03:10,262] Trial 16 finished with value: 0.625 and parameters: {'n_neighbors': 5, 'leaf_size': 36, 'p': 1}. Best is trial 5 with value: 0.75.
[I 2026-04-09 22:03:10,283] Trial 17 finished with value: 0.7 and parameters: {'n_neighbors': 7, 'leaf_size': 27, 'p': 1}. Best is trial 5 with value: 0.75.
[I 2026-04-09 22:03:10,326] Trial 18 finished with value: 0.625 and parameters: {'n_neighbors': 5, 'leaf_size': 33, 'p': 1}. Best is trial 5 with value: 0.75.
[I 2026-04-09 22:03:10,367] Trial 19 finished with value: 0.675 and parameters: {'n_neighbors': 8, 'leaf_size': 37, 'p': 1}. Best is trial 5 with value: 0.75.
[I 2026-04-09 22:03:10,401] Trial 20 finished with value: 0.7 and parameters: {'n_neighbors': 4, 'leaf_size': 29, 'p': 1}. Best is trial 5 with value: 0.75.
[I 2026-04-09 22:03:10,425] Trial 21 finished with value: 0.75 and parameters: {'n_neighbors': 6, 'leaf_size': 32, 'p': 1}. Best is trial 5 with value: 0.75.
[I 2026-04-09 22:03:10,445] Trial 22 finished with value: 0.75 and parameters: {'n_neighbors': 6, 'leaf_size': 31, 'p': 1}. Best is trial 5 with value: 0.75.
[I 2026-04-09 22:03:10,466] Trial 23 finished with value: 0.7 and parameters: {'n_neighbors': 7, 'leaf_size': 26, 'p': 1}. Best is trial 5 with value: 0.75.
[I 2026-04-09 22:03:10,506] Trial 24 finished with value: 0.75 and parameters: {'n_neighbors': 6, 'leaf_size': 30, 'p': 1}. Best is trial 5 with value: 0.75.
