[I 2026-04-09 19:34:38,647] Trial 11 finished with value: 0.8 and parameters: {'n_neighbors': 4, 'leaf_size': 35, 'p': 1}. Best is trial 0 with value: 0.8.
[I 2026-04-09 19:34:38,701] Trial 12 finished with value: 0.8 and parameters: {'n_neighbors': 8, 'leaf_size': 33, 'p': 1}. Best is trial 0 with value: 0.8.
[I 2026-04-09 19:34:38,729] Trial 13 finished with value: 0.8 and parameters: {'n_neighbors': 4, 'leaf_size': 40, 'p': 1}. Best is trial 0 with value: 0.8.
[I 2026-04-09 19:34:38,764] Trial 14 finished with value: 0.8 and parameters: {'n_neighbors': 5, 'leaf_size': 30, 'p': 2}. Best is trial 0 with value: 0.8.
[I 2026-04-09 19:34:38,794] Trial 15 finished with value: 0.75 and parameters: {'n_neighbors': 7, 'leaf_size': 37, 'p': 1}. Best is trial 0 with value: 0.8.
[I 2026-04-09 19:34:38,856] Trial 16 finished with value: 0.75 and parameters: {'n_neighbors': 10, 'leaf_size': 31, 'p': 2}. Best is trial 0 with value: 0.8.
[I 2026-04-09 19:34:38,877] Trial 17 finished with value: 0.8 and parameters: {'n_neighbors': 4, 'leaf_size': 38, 'p': 1}. Best is trial 0 with value: 0.8.
[I 2026-04-09 19:34:38,947] Trial 18 finished with value: 0.8 and parameters: {'n_neighbors': 8, 'leaf_size': 34, 'p': 2}. Best is trial 0 with value: 0.8.
[I 2026-04-09 19:34:38,977] Trial 19 finished with value: 0.8 and parameters: {'n_neighbors': 6, 'leaf_size': 28, 'p': 1}. Best is trial 0 with value: 0.8.
[I 2026-04-09 19:34:39,001] Trial 20 finished with value: 0.7 and parameters: {'n_neighbors': 9, 'leaf_size': 32, 'p': 1}. Best is trial 0 with value: 0.8.
[I 2026-04-09 19:34:39,047] Trial 21 finished with value: 0.8 and parameters: {'n_neighbors': 5, 'leaf_size': 20, 'p': 2}. Best is trial 0 with value: 0.8.
[I 2026-04-09 19:34:39,071] Trial 22 finished with value: 0.8 and parameters: {'n_neighbors': 5, 'leaf_size': 27, 'p': 2}. Best is trial 0 with value: 0.8.
[I 2026-04-09 19:34:39,115] Trial 23 finished with value: 0.8 and parameters: {'n_neighbors': 4, 'leaf_size': 28, 'p': 2}. Best is trial 0 with value: 0.8.
[I 2026-04-09 19:34:39,144] Trial 24 finished with value: 0.8 and parameters: {'n_neighbors': 3, 'leaf_size': 21, 'p': 2}. Best is trial 0 with value: 0.8.
[I 2026-04-09 19:34:39,166] Trial 25 finished with value: 0.8 and parameters: {'n_neighbors': 6, 'leaf_size': 38, 'p': 2}. Best is trial 0 with value: 0.8.
[I 2026-04-09 19:34:39,193] Trial 26 finished with value: 0.8 and parameters: {'n_neighbors': 5, 'leaf_size': 34, 'p': 2}. Best is trial 0 with value: 0.8.
[I 2026-04-09 19:34:39,217] Trial 27 finished with value: 0.8 and parameters: {'n_neighbors': 7, 'leaf_size': 32, 'p': 2}. Best is trial 0 with value: 0.8.
[I 2026-04-09 19:34:39,238] Trial 28 finished with value: 0.8 and parameters: {'n_neighbors': 4, 'leaf_size': 25, 'p': 1}. Best is trial 0 with value: 0.8.
[I 2026-04-09 19:34:39,268] Trial 29 finished with value: 0.8 and parameters: {'n_neighbors': 6, 'leaf_size': 29, 'p': 1}. Best is trial 0 with value: 0.8.
[I 2026-04-09 19:34:40,533] A new study created in memory with name: xgb
[I 2026-04-09 19:34:40,558] Trial 0 finished with value: 0.85 and parameters: {'n_estimators': 40, 'max_depth': 5, 'gamma': 0.789317070832284, 'subsample': 0.7592089939364717, 'colsample_bytree': 0.648400250788111}. Best is trial 0 with value: 0.85.
[I 2026-04-09 19:34:40,582] Trial 1 finished with value: 0.9 and parameters: {'n_estimators': 100, 'max_depth': 30, 'gamma': 0.34667781579300216, 'subsample': 0.7071175095405257, 'colsample_bytree': 0.6480399663668239}. Best is trial 1 with value: 0.9.
[I 2026-04-09 19:34:40,607] Trial 2 finished with value: 0.8 and parameters: {'n_estimators': 10, 'max_depth': 20, 'gamma': 0.3948075529198607, 'subsample': 0.5720821503267102, 'colsample_bytree': 0.5828064306006338}. Best is trial 1 with value: 0.9.
[I 2026-04-09 19:34:40,621] Trial 3 finished with value: 0.9 and parameters: {'n_estimators': 10, 'max_depth': 30, 'gamma': 0.8015631269999768, 'subsample': 0.5114665462195407, 'colsample_bytree': 0.788831429064878}. Best is trial 1 with value: 0.9.
[I 2026-04-09 19:34:40,656] Trial 4 finished with value: 0.9 and parameters: {'n_estimators': 100, 'max_depth': 5, 'gamma': 0.8834347783013348, 'subsample': 0.961374806972835, 'colsample_bytree': 0.5011071062662218}. Best is trial 1 with value: 0.9.
[I 2026-04-09 19:34:40,679] Trial 5 finished with value: 0.9 and parameters: {'n_estimators': 40, 'max_depth': 5, 'gamma': 0.5364379674896123, 'subsample': 0.5145557818363589, 'colsample_bytree': 0.5432628442011025}. Best is trial 1 with value: 0.9.
[I 2026-04-09 19:34:40,703] Trial 6 finished with value: 0.9 and parameters: {'n_estimators': 100, 'max_depth': 20, 'gamma': 0.6718205850237038, 'subsample': 0.9059511955902053, 'colsample_bytree': 0.9633413076219371}. Best is trial 1 with value: 0.9.
[I 2026-04-09 19:34:40,728] Trial 7 finished with value: 0.8 and parameters: {'n_estimators': 10, 'max_depth': 30, 'gamma': 0.8165284487704038, 'subsample': 0.5255714015506736, 'colsample_bytree': 0.594333867896554}. Best is trial 1 with value: 0.9.
[I 2026-04-09 19:34:40,760] Trial 8 finished with value: 0.9 and parameters: {'n_estimators': 100, 'max_depth': 20, 'gamma': 0.6251497693480509, 'subsample': 0.9696496759824258, 'colsample_bytree': 0.9717700410079397}. Best is trial 1 with value: 0.9.
[I 2026-04-09 19:34:40,785] Trial 9 finished with value: 0.9 and parameters: {'n_estimators': 40, 'max_depth': 30, 'gamma': 0.9649927737686168, 'subsample': 0.6857563076640036, 'colsample_bytree': 0.5061847058001788}. Best is trial 1 with value: 0.9.
[I 2026-04-09 19:34:40,825] Trial 10 finished with value: 0.9 and parameters: {'n_estimators': 100, 'max_depth': 30, 'gamma': 0.14652420766939808, 'subsample': 0.7882149445367822, 'colsample_bytree': 0.774073623852926}. Best is trial 1 with value: 0.9.
[I 2026-04-09 19:34:40,864] Trial 11 finished with value: 0.9 and parameters: {'n_estimators': 10, 'max_depth': 30, 'gamma': 0.3599371982830902, 'subsample': 0.6388052294316233, 'colsample_bytree': 0.7624958078002945}. Best is trial 1 with value: 0.9.
[I 2026-04-09 19:34:40,901] Trial 12 finished with value: 0.9 and parameters: {'n_estimators': 10, 'max_depth': 30, 'gamma': 0.18613625008087603, 'subsample': 0.827111805098505, 'colsample_bytree': 0.8587660483806303}. Best is trial 1 with value: 0.9.
[I 2026-04-09 19:34:40,936] Trial 13 finished with value: 0.9 and parameters: {'n_estimators': 100, 'max_depth': 30, 'gamma': 0.41200615369190285, 'subsample': 0.6505081011674809, 'colsample_bytree': 0.6906467854543743}. Best is trial 1 with value: 0.9.
[I 2026-04-09 19:34:40,958] Trial 14 finished with value: 0.9 and parameters: {'n_estimators': 10, 'max_depth': 30, 'gamma': 0.2409007967230276, 'subsample': 0.7124568316506958, 'colsample_bytree': 0.8043403901152875}. Best is trial 1 with value: 0.9.
[I 2026-04-09 19:34:40,992] Trial 15 finished with value: 0.85 and parameters: {'n_estimators': 100, 'max_depth': 30, 'gamma': 0.5549594265687077, 'subsample': 0.5876565548196034, 'colsample_bytree': 0.6877103829957787}. Best is trial 1 with value: 0.9.
[I 2026-04-09 19:34:41,025] Trial 16 finished with value: 0.9 and parameters: {'n_estimators': 10, 'max_depth': 30, 'gamma': 0.28348273058911083, 'subsample': 0.8524812066713607, 'colsample_bytree': 0.8627430864016015}. Best is trial 1 with value: 0.9.
[I 2026-04-09 19:34:41,058] Trial 17 finished with value: 0.9 and parameters: {'n_estimators': 100, 'max_depth': 30, 'gamma': 0.7280675696012222, 'subsample': 0.5912342011283165, 'colsample_bytree': 0.7094222586313255}. Best is trial 1 with value: 0.9.
[I 2026-04-09 19:34:41,095] Trial 18 finished with value: 0.9 and parameters: {'n_estimators': 10, 'max_depth': 20, 'gamma': 0.4963494240624494, 'subsample': 0.7137413762074579, 'colsample_bytree': 0.846446412956568}. Best is trial 1 with value: 0.9.
[I 2026-04-09 19:34:41,133] Trial 19 finished with value: 0.85 and parameters: {'n_estimators': 40, 'max_depth': 5, 'gamma': 0.9836028138821922, 'subsample': 0.6385018241519915, 'colsample_bytree': 0.6307828469140474}. Best is trial 1 with value: 0.9.
[I 2026-04-09 19:34:41,175] Trial 20 finished with value: 0.9 and parameters: {'n_estimators': 100, 'max_depth': 30, 'gamma': 0.45877778302962907, 'subsample': 0.8750071176083247, 'colsample_bytree': 0.9172906235380884}. Best is trial 1 with value: 0.9.
[I 2026-04-09 19:34:41,211] Trial 21 finished with value: 0.9 and parameters: {'n_estimators': 100, 'max_depth': 5, 'gamma': 0.8860397150736409, 'subsample': 0.9838309308823413, 'colsample_bytree': 0.5078040578333631}. Best is trial 1 with value: 0.9.
[I 2026-04-09 19:34:41,249] Trial 22 finished with value: 0.9 and parameters: {'n_estimators': 100, 'max_depth': 5, 'gamma': 0.8807499017560616, 'subsample': 0.9223466501394705, 'colsample_bytree': 0.7313431755998676}. Best is trial 1 with value: 0.9.
[I 2026-04-09 19:34:41,295] Trial 23 finished with value: 0.85 and parameters: {'n_estimators': 100, 'max_depth': 5, 'gamma': 0.7494532712822737, 'subsample': 0.7978559669538499, 'colsample_bytree': 0.6502216415495798}. Best is trial 1 with value: 0.9.
[I 2026-04-09 19:34:41,343] Trial 24 finished with value: 0.85 and parameters: {'n_estimators': 100, 'max_depth': 5, 'gamma': 0.8714569967306977, 'subsample': 0.7443781186383074, 'colsample_bytree': 0.574547642760475}. Best is trial 1 with value: 0.9.
[I 2026-04-09 19:34:41,367] Trial 25 finished with value: 0.9 and parameters: {'n_estimators': 10, 'max_depth': 5, 'gamma': 0.5997550141378573, 'subsample': 0.5534542003973405, 'colsample_bytree': 0.7967496726712495}. Best is trial 1 with value: 0.9.
[I 2026-04-09 19:34:41,405] Trial 26 finished with value: 0.85 and parameters: {'n_estimators': 100, 'max_depth': 30, 'gamma': 0.31755066166863544, 'subsample': 0.9445706150672625, 'colsample_bytree': 0.5502718003741928}. Best is trial 1 with value: 0.9.
[I 2026-04-09 19:34:41,441] Trial 27 finished with value: 0.85 and parameters: {'n_estimators': 100, 'max_depth': 5, 'gamma': 0.6976072007411938, 'subsample': 0.5007300819980594, 'colsample_bytree': 0.6212938715697865}. Best is trial 1 with value: 0.9.
[I 2026-04-09 19:34:41,482] Trial 28 finished with value: 0.9 and parameters: {'n_estimators': 40, 'max_depth': 20, 'gamma': 0.8166091489973988, 'subsample': 0.9987048615397089, 'colsample_bytree': 0.9040333679001957}. Best is trial 1 with value: 0.9.
[I 2026-04-09 19:34:41,522] Trial 29 finished with value: 0.85 and parameters: {'n_estimators': 10, 'max_depth': 30, 'gamma': 0.9434195493974739, 'subsample': 0.758911989053303, 'colsample_bytree': 0.6649844052617593}. Best is trial 1 with value: 0.9.
[I 2026-04-09 19:34:41,943] A new study created in memory with name: rf
[I 2026-04-09 19:34:42,190] Trial 0 finished with value: 0.5 and parameters: {'n_estimators': 189, 'max_depth': 18, 'min_samples_split': 3, 'min_samples_leaf': 10}. Best is trial 0 with value: 0.5.
[I 2026-04-09 19:34:42,523] Trial 1 finished with value: 0.8 and parameters: {'n_estimators': 295, 'max_depth': 14, 'min_samples_split': 8, 'min_samples_leaf': 6}. Best is trial 1 with value: 0.8.
[I 2026-04-09 19:34:42,779] Trial 2 finished with value: 0.5 and parameters: {'n_estimators': 219, 'max_depth': 6, 'min_samples_split': 2, 'min_samples_leaf': 8}. Best is trial 1 with value: 0.8.
[I 2026-04-09 19:34:43,146] Trial 3 finished with value: 0.85 and parameters: {'n_estimators': 276, 'max_depth': 5, 'min_samples_split': 9, 'min_samples_leaf': 3}. Best is trial 3 with value: 0.85.
[I 2026-04-09 19:34:43,462] Trial 4 finished with value: 0.85 and parameters: {'n_estimators': 266, 'max_depth': 8, 'min_samples_split': 7, 'min_samples_leaf': 6}. Best is trial 3 with value: 0.85.
[I 2026-04-09 19:34:43,848] Trial 5 finished with value: 0.85 and parameters: {'n_estimators': 340, 'max_depth': 7, 'min_samples_split': 4, 'min_samples_leaf': 3}. Best is trial 3 with value: 0.85.
[I 2026-04-09 19:34:44,135] Trial 6 finished with value: 0.5 and parameters: {'n_estimators': 231, 'max_depth': 5, 'min_samples_split': 3, 'min_samples_leaf': 10}. Best is trial 3 with value: 0.85.
[I 2026-04-09 19:34:44,692] Trial 7 finished with value: 0.85 and parameters: {'n_estimators': 485, 'max_depth': 6, 'min_samples_split': 2, 'min_samples_leaf': 3}. Best is trial 3 with value: 0.85.
[I 2026-04-09 19:34:45,118] Trial 8 finished with value: 0.8 and parameters: {'n_estimators': 380, 'max_depth': 17, 'min_samples_split': 2, 'min_samples_leaf': 6}. Best is trial 3 with value: 0.85.
[I 2026-04-09 19:34:45,267] Trial 9 finished with value: 0.5 and parameters: {'n_estimators': 100, 'max_depth': 12, 'min_samples_split': 7, 'min_samples_leaf': 10}. Best is trial 3 with value: 0.85.
[I 2026-04-09 19:34:45,763] Trial 10 finished with value: 0.85 and parameters: {'n_estimators': 446, 'max_depth': 3, 'min_samples_split': 10, 'min_samples_leaf': 2}. Best is trial 3 with value: 0.85.
[I 2026-04-09 19:34:46,117] Trial 11 finished with value: 0.85 and parameters: {'n_estimators': 279, 'max_depth': 10, 'min_samples_split': 9, 'min_samples_leaf': 4}. Best is trial 3 with value: 0.85.
[I 2026-04-09 19:34:46,325] Trial 12 finished with value: 0.9 and parameters: {'n_estimators': 164, 'max_depth': 9, 'min_samples_split': 6, 'min_samples_leaf': 1}. Best is trial 12 with value: 0.9.
[I 2026-04-09 19:34:46,521] Trial 13 finished with value: 0.85 and parameters: {'n_estimators': 134, 'max_depth': 10, 'min_samples_split': 5, 'min_samples_leaf': 1}. Best is trial 12 with value: 0.9.
[I 2026-04-09 19:34:46,751] Trial 14 finished with value: 0.85 and parameters: {'n_estimators': 168, 'max_depth': 4, 'min_samples_split': 6, 'min_samples_leaf': 1}. Best is trial 12 with value: 0.9.
[I 2026-04-09 19:34:47,174] Trial 15 finished with value: 0.85 and parameters: {'n_estimators': 347, 'max_depth': 14, 'min_samples_split': 10, 'min_samples_leaf': 4}. Best is trial 12 with value: 0.9.
[I 2026-04-09 19:34:47,466] Trial 16 finished with value: 0.9 and parameters: {'n_estimators': 225, 'max_depth': 9, 'min_samples_split': 6, 'min_samples_leaf': 2}. Best is trial 12 with value: 0.9.
[I 2026-04-09 19:34:47,679] Trial 17 finished with value: 0.8 and parameters: {'n_estimators': 157, 'max_depth': 9, 'min_samples_split': 5, 'min_samples_leaf': 1}. Best is trial 12 with value: 0.9.
[I 2026-04-09 19:34:47,956] Trial 18 finished with value: 0.85 and parameters: {'n_estimators': 224, 'max_depth': 12, 'min_samples_split': 6, 'min_samples_leaf': 2}. Best is trial 12 with value: 0.9.
[I 2026-04-09 19:34:48,142] Trial 19 finished with value: 0.9 and parameters: {'n_estimators': 129, 'max_depth': 15, 'min_samples_split': 5, 'min_samples_leaf': 5}. Best is trial 12 with value: 0.9.
[I 2026-04-09 19:34:48,397] Trial 20 finished with value: 0.5 and parameters: {'n_estimators': 199, 'max_depth': 11, 'min_samples_split': 7, 'min_samples_leaf': 8}. Best is trial 12 with value: 0.9.
[I 2026-04-09 19:34:48,588] Trial 21 finished with value: 0.8 and parameters: {'n_estimators': 107, 'max_depth': 20, 'min_samples_split': 5, 'min_samples_leaf': 5}. Best is trial 12 with value: 0.9.
[I 2026-04-09 19:34:48,776] Trial 22 finished with value: 0.85 and parameters: {'n_estimators': 135, 'max_depth': 14, 'min_samples_split': 4, 'min_samples_leaf': 2}. Best is trial 12 with value: 0.9.
[I 2026-04-09 19:34:49,022] Trial 23 finished with value: 0.8 and parameters: {'n_estimators': 151, 'max_depth': 16, 'min_samples_split': 6, 'min_samples_leaf': 4}. Best is trial 12 with value: 0.9.
[I 2026-04-09 19:34:49,395] Trial 24 finished with value: 0.5 and parameters: {'n_estimators': 252, 'max_depth': 8, 'min_samples_split': 4, 'min_samples_leaf': 8}. Best is trial 12 with value: 0.9.
[I 2026-04-09 19:34:49,658] Trial 25 finished with value: 0.85 and parameters: {'n_estimators': 184, 'max_depth': 13, 'min_samples_split': 6, 'min_samples_leaf': 5}. Best is trial 12 with value: 0.9.
[I 2026-04-09 19:34:49,853] Trial 26 finished with value: 0.5 and parameters: {'n_estimators': 123, 'max_depth': 16, 'min_samples_split': 8, 'min_samples_leaf': 7}. Best is trial 12 with value: 0.9.
[I 2026-04-09 19:34:50,186] Trial 27 finished with value: 0.85 and parameters: {'n_estimators': 201, 'max_depth': 10, 'min_samples_split': 5, 'min_samples_leaf': 2}. Best is trial 12 with value: 0.9.
[I 2026-04-09 19:34:50,590] Trial 28 finished with value: 0.85 and parameters: {'n_estimators': 242, 'max_depth': 8, 'min_samples_split': 7, 'min_samples_leaf': 1}. Best is trial 12 with value: 0.9.
[I 2026-04-09 19:34:50,918] Trial 29 finished with value: 0.85 and parameters: {'n_estimators': 178, 'max_depth': 15, 'min_samples_split': 3, 'min_samples_leaf': 3}. Best is trial 12 with value: 0.9.
[I 2026-04-09 19:34:53,270] A new study created in memory with name: mlp
[I 2026-04-09 19:34:53,326] Trial 0 finished with value: 0.7 and parameters: {'hidden_layer_sizes': (200,), 'max_iter': 50, 'alpha': 0.001}. Best is trial 0 with value: 0.7.
[I 2026-04-09 19:34:53,380] Trial 1 finished with value: 0.75 and parameters: {'hidden_layer_sizes': (100,), 'max_iter': 100, 'alpha': 0.0001}. Best is trial 1 with value: 0.75.
[I 2026-04-09 19:34:53,423] Trial 2 finished with value: 0.65 and parameters: {'hidden_layer_sizes': (100,), 'max_iter': 100, 'alpha': 0.001}. Best is trial 1 with value: 0.75.
[I 2026-04-09 19:34:53,456] Trial 3 finished with value: 0.75 and parameters: {'hidden_layer_sizes': (200,), 'max_iter': 50, 'alpha': 0.001}. Best is trial 1 with value: 0.75.
[I 2026-04-09 19:34:53,522] Trial 4 finished with value: 0.65 and parameters: {'hidden_layer_sizes': (100,), 'max_iter': 100, 'alpha': 0.0001}. Best is trial 1 with value: 0.75.
[I 2026-04-09 19:34:53,567] Trial 5 finished with value: 0.7 and parameters: {'hidden_layer_sizes': (100,), 'max_iter': 100, 'alpha': 0.001}. Best is trial 1 with value: 0.75.
[I 2026-04-09 19:34:53,612] Trial 6 finished with value: 0.75 and parameters: {'hidden_layer_sizes': (200,), 'max_iter': 100, 'alpha': 0.001}. Best is trial 1 with value: 0.75.
[I 2026-04-09 19:34:53,660] Trial 7 finished with value: 0.75 and parameters: {'hidden_layer_sizes': (200,), 'max_iter': 100, 'alpha': 0.001}. Best is trial 1 with value: 0.75.
[I 2026-04-09 19:34:53,705] Trial 8 finished with value: 0.75 and parameters: {'hidden_layer_sizes': (100,), 'max_iter': 100, 'alpha': 0.001}. Best is trial 1 with value: 0.75.
[I 2026-04-09 19:34:53,738] Trial 9 finished with value: 0.8 and parameters: {'hidden_layer_sizes': (100,), 'max_iter': 50, 'alpha': 0.001}. Best is trial 9 with value: 0.8.
[I 2026-04-09 19:34:53,783] Trial 10 finished with value: 0.65 and parameters: {'hidden_layer_sizes': (100, 100), 'max_iter': 50, 'alpha': 0.0001}. Best is trial 9 with value: 0.8.
[I 2026-04-09 19:34:53,820] Trial 11 finished with value: 0.7 and parameters: {'hidden_layer_sizes': (100,), 'max_iter': 50, 'alpha': 0.0001}. Best is trial 9 with value: 0.8.
[I 2026-04-09 19:34:53,856] Trial 12 finished with value: 0.65 and parameters: {'hidden_layer_sizes': (100, 100), 'max_iter': 50, 'alpha': 0.0001}. Best is trial 9 with value: 0.8.
[I 2026-04-09 19:34:53,894] Trial 13 finished with value: 0.55 and parameters: {'hidden_layer_sizes': (100,), 'max_iter': 50, 'alpha': 0.0001}. Best is trial 9 with value: 0.8.
[I 2026-04-09 19:34:53,948] Trial 14 finished with value: 0.7 and parameters: {'hidden_layer_sizes': (100,), 'max_iter': 100, 'alpha': 0.0001}. Best is trial 9 with value: 0.8.
[I 2026-04-09 19:34:53,977] Trial 15 finished with value: 0.65 and parameters: {'hidden_layer_sizes': (100,), 'max_iter': 50, 'alpha': 0.0001}. Best is trial 9 with value: 0.8.
[I 2026-04-09 19:34:54,024] Trial 16 finished with value: 0.65 and parameters: {'hidden_layer_sizes': (100, 100), 'max_iter': 50, 'alpha': 0.0001}. Best is trial 9 with value: 0.8.
[I 2026-04-09 19:34:54,069] Trial 17 finished with value: 0.7 and parameters: {'hidden_layer_sizes': (100,), 'max_iter': 100, 'alpha': 0.001}. Best is trial 9 with value: 0.8.
[I 2026-04-09 19:34:54,114] Trial 18 finished with value: 0.75 and parameters: {'hidden_layer_sizes': (100,), 'max_iter': 100, 'alpha': 0.0001}. Best is trial 9 with value: 0.8.
[I 2026-04-09 19:34:54,162] Trial 19 finished with value: 0.8 and parameters: {'hidden_layer_sizes': (100, 100), 'max_iter': 50, 'alpha': 0.001}. Best is trial 9 with value: 0.8.
[I 2026-04-09 19:34:54,197] Trial 20 finished with value: 0.7 and parameters: {'hidden_layer_sizes': (100, 100), 'max_iter': 50, 'alpha': 0.001}. Best is trial 9 with value: 0.8.
[I 2026-04-09 19:34:54,241] Trial 21 finished with value: 0.7 and parameters: {'hidden_layer_sizes': (100, 100), 'max_iter': 50, 'alpha': 0.001}. Best is trial 9 with value: 0.8.
[I 2026-04-09 19:34:54,287] Trial 22 finished with value: 0.7 and parameters: {'hidden_layer_sizes': (100, 100), 'max_iter': 50, 'alpha': 0.001}. Best is trial 9 with value: 0.8.
[I 2026-04-09 19:34:54,326] Trial 23 finished with value: 0.75 and parameters: {'hidden_layer_sizes': (100, 100), 'max_iter': 50, 'alpha': 0.001}. Best is trial 9 with value: 0.8.
[I 2026-04-09 19:34:54,364] Trial 24 finished with value: 0.75 and parameters: {'hidden_layer_sizes': (100,), 'max_iter': 50, 'alpha': 0.001}. Best is trial 9 with value: 0.8.
[I 2026-04-09 19:34:54,398] Trial 25 finished with value: 0.75 and parameters: {'hidden_layer_sizes': (100, 100), 'max_iter': 50, 'alpha': 0.001}. Best is trial 9 with value: 0.8.
[I 2026-04-09 19:34:54,447] Trial 26 finished with value: 0.7 and parameters: {'hidden_layer_sizes': (100,), 'max_iter': 100, 'alpha': 0.0001}. Best is trial 9 with value: 0.8.
[I 2026-04-09 19:34:54,483] Trial 27 finished with value: 0.65 and parameters: {'hidden_layer_sizes': (100,), 'max_iter': 50, 'alpha': 0.001}. Best is trial 9 with value: 0.8.
[I 2026-04-09 19:34:54,542] Trial 28 finished with value: 0.75 and parameters: {'hidden_layer_sizes': (200,), 'max_iter': 100, 'alpha': 0.0001}. Best is trial 9 with value: 0.8.
