[I 2026-04-07 02:43:20,272] Trial 19 finished with value: 0.925 and parameters: {'n_estimators': 341, 'max_depth': 7, 'min_samples_split': 5, 'min_samples_leaf': 3}. Best is trial 2 with value: 0.925.
[I 2026-04-07 02:43:20,477] Trial 20 finished with value: 0.925 and parameters: {'n_estimators': 167, 'max_depth': 3, 'min_samples_split': 2, 'min_samples_leaf': 7}. Best is trial 2 with value: 0.925.
[I 2026-04-07 02:43:20,630] Trial 21 finished with value: 0.875 and parameters: {'n_estimators': 118, 'max_depth': 15, 'min_samples_split': 9, 'min_samples_leaf': 8}. Best is trial 2 with value: 0.925.
[I 2026-04-07 02:43:20,906] Trial 22 finished with value: 0.925 and parameters: {'n_estimators': 258, 'max_depth': 17, 'min_samples_split': 9, 'min_samples_leaf': 8}. Best is trial 2 with value: 0.925.
[I 2026-04-07 02:43:21,119] Trial 23 finished with value: 0.925 and parameters: {'n_estimators': 112, 'max_depth': 14, 'min_samples_split': 8, 'min_samples_leaf': 9}. Best is trial 2 with value: 0.925.
[I 2026-04-07 02:43:21,384] Trial 24 finished with value: 0.9 and parameters: {'n_estimators': 222, 'max_depth': 11, 'min_samples_split': 10, 'min_samples_leaf': 7}. Best is trial 2 with value: 0.925.
[I 2026-04-07 02:43:21,574] Trial 25 finished with value: 0.9 and parameters: {'n_estimators': 162, 'max_depth': 19, 'min_samples_split': 6, 'min_samples_leaf': 4}. Best is trial 2 with value: 0.925.
[I 2026-04-07 02:43:22,038] Trial 26 finished with value: 0.9 and parameters: {'n_estimators': 432, 'max_depth': 16, 'min_samples_split': 9, 'min_samples_leaf': 9}. Best is trial 2 with value: 0.925.
[I 2026-04-07 02:43:22,352] Trial 27 finished with value: 0.925 and parameters: {'n_estimators': 285, 'max_depth': 13, 'min_samples_split': 4, 'min_samples_leaf': 6}. Best is trial 2 with value: 0.925.
[I 2026-04-07 02:43:22,729] Trial 28 finished with value: 0.925 and parameters: {'n_estimators': 358, 'max_depth': 12, 'min_samples_split': 8, 'min_samples_leaf': 8}. Best is trial 2 with value: 0.925.
[I 2026-04-07 02:43:22,864] Trial 29 finished with value: 0.9 and parameters: {'n_estimators': 101, 'max_depth': 10, 'min_samples_split': 9, 'min_samples_leaf': 1}. Best is trial 2 with value: 0.925.
[I 2026-04-07 02:43:25,622] A new study created in memory with name: mlp
[I 2026-04-07 02:43:25,688] Trial 0 finished with value: 0.875 and parameters: {'hidden_layer_sizes': (100,), 'max_iter': 100, 'alpha': 0.0001}. Best is trial 0 with value: 0.875.
[I 2026-04-07 02:43:25,765] Trial 1 finished with value: 0.825 and parameters: {'hidden_layer_sizes': (100, 100), 'max_iter': 100, 'alpha': 0.001}. Best is trial 0 with value: 0.875.
[I 2026-04-07 02:43:25,828] Trial 2 finished with value: 0.85 and parameters: {'hidden_layer_sizes': (200,), 'max_iter': 100, 'alpha': 0.0001}. Best is trial 0 with value: 0.875.
[I 2026-04-07 02:43:25,861] Trial 3 finished with value: 0.875 and parameters: {'hidden_layer_sizes': (200,), 'max_iter': 50, 'alpha': 0.001}. Best is trial 0 with value: 0.875.
[I 2026-04-07 02:43:25,915] Trial 4 finished with value: 0.825 and parameters: {'hidden_layer_sizes': (100, 100), 'max_iter': 50, 'alpha': 0.0001}. Best is trial 0 with value: 0.875.
[I 2026-04-07 02:43:25,971] Trial 5 finished with value: 0.8 and parameters: {'hidden_layer_sizes': (200,), 'max_iter': 100, 'alpha': 0.0001}. Best is trial 0 with value: 0.875.
[I 2026-04-07 02:43:26,027] Trial 6 finished with value: 0.875 and parameters: {'hidden_layer_sizes': (200,), 'max_iter': 100, 'alpha': 0.001}. Best is trial 0 with value: 0.875.
[I 2026-04-07 02:43:26,073] Trial 7 finished with value: 0.85 and parameters: {'hidden_layer_sizes': (100,), 'max_iter': 100, 'alpha': 0.001}. Best is trial 0 with value: 0.875.
[I 2026-04-07 02:43:26,149] Trial 8 finished with value: 0.875 and parameters: {'hidden_layer_sizes': (100, 100), 'max_iter': 100, 'alpha': 0.0001}. Best is trial 0 with value: 0.875.
[I 2026-04-07 02:43:26,215] Trial 9 finished with value: 0.825 and parameters: {'hidden_layer_sizes': (200,), 'max_iter': 100, 'alpha': 0.0001}. Best is trial 0 with value: 0.875.
[I 2026-04-07 02:43:26,254] Trial 10 finished with value: 0.775 and parameters: {'hidden_layer_sizes': (100,), 'max_iter': 50, 'alpha': 0.0001}. Best is trial 0 with value: 0.875.
[I 2026-04-07 02:43:26,292] Trial 11 finished with value: 0.775 and parameters: {'hidden_layer_sizes': (100,), 'max_iter': 50, 'alpha': 0.001}. Best is trial 0 with value: 0.875.
[I 2026-04-07 02:43:26,331] Trial 12 finished with value: 0.875 and parameters: {'hidden_layer_sizes': (100,), 'max_iter': 50, 'alpha': 0.001}. Best is trial 0 with value: 0.875.
[I 2026-04-07 02:43:26,369] Trial 13 finished with value: 0.85 and parameters: {'hidden_layer_sizes': (200,), 'max_iter': 50, 'alpha': 0.001}. Best is trial 0 with value: 0.875.
[I 2026-04-07 02:43:26,407] Trial 14 finished with value: 0.75 and parameters: {'hidden_layer_sizes': (100,), 'max_iter': 50, 'alpha': 0.0001}. Best is trial 0 with value: 0.875.
[I 2026-04-07 02:43:26,446] Trial 15 finished with value: 0.85 and parameters: {'hidden_layer_sizes': (200,), 'max_iter': 50, 'alpha': 0.001}. Best is trial 0 with value: 0.875.
[I 2026-04-07 02:43:26,494] Trial 16 finished with value: 0.875 and parameters: {'hidden_layer_sizes': (100,), 'max_iter': 100, 'alpha': 0.001}. Best is trial 0 with value: 0.875.
[I 2026-04-07 02:43:26,528] Trial 17 finished with value: 0.825 and parameters: {'hidden_layer_sizes': (100,), 'max_iter': 50, 'alpha': 0.0001}. Best is trial 0 with value: 0.875.
[I 2026-04-07 02:43:26,566] Trial 18 finished with value: 0.825 and parameters: {'hidden_layer_sizes': (200,), 'max_iter': 50, 'alpha': 0.0001}. Best is trial 0 with value: 0.875.
[I 2026-04-07 02:43:26,620] Trial 19 finished with value: 0.8 and parameters: {'hidden_layer_sizes': (100, 100), 'max_iter': 100, 'alpha': 0.001}. Best is trial 0 with value: 0.875.
[I 2026-04-07 02:43:26,655] Trial 20 finished with value: 0.775 and parameters: {'hidden_layer_sizes': (100,), 'max_iter': 50, 'alpha': 0.0001}. Best is trial 0 with value: 0.875.
[I 2026-04-07 02:43:26,699] Trial 21 finished with value: 0.8 and parameters: {'hidden_layer_sizes': (200,), 'max_iter': 100, 'alpha': 0.001}. Best is trial 0 with value: 0.875.
[I 2026-04-07 02:43:26,743] Trial 22 finished with value: 0.775 and parameters: {'hidden_layer_sizes': (200,), 'max_iter': 100, 'alpha': 0.001}. Best is trial 0 with value: 0.875.
[I 2026-04-07 02:43:26,787] Trial 23 finished with value: 0.775 and parameters: {'hidden_layer_sizes': (200,), 'max_iter': 100, 'alpha': 0.001}. Best is trial 0 with value: 0.875.
[I 2026-04-07 02:43:26,842] Trial 24 finished with value: 0.775 and parameters: {'hidden_layer_sizes': (200,), 'max_iter': 100, 'alpha': 0.001}. Best is trial 0 with value: 0.875.
[I 2026-04-07 02:43:26,886] Trial 25 finished with value: 0.875 and parameters: {'hidden_layer_sizes': (200,), 'max_iter': 100, 'alpha': 0.001}. Best is trial 0 with value: 0.875.
[I 2026-04-07 02:43:26,945] Trial 26 finished with value: 0.825 and parameters: {'hidden_layer_sizes': (200,), 'max_iter': 100, 'alpha': 0.001}. Best is trial 0 with value: 0.875.
[I 2026-04-07 02:43:26,993] Trial 27 finished with value: 0.775 and parameters: {'hidden_layer_sizes': (200,), 'max_iter': 100, 'alpha': 0.001}. Best is trial 0 with value: 0.875.
[I 2026-04-07 02:43:27,038] Trial 28 finished with value: 0.775 and parameters: {'hidden_layer_sizes': (100, 100), 'max_iter': 50, 'alpha': 0.0001}. Best is trial 0 with value: 0.875.
[I 2026-04-07 02:43:27,096] Trial 29 finished with value: 0.9 and parameters: {'hidden_layer_sizes': (100,), 'max_iter': 100, 'alpha': 0.001}. Best is trial 29 with value: 0.9.
[I 2026-04-07 02:43:34,879] A new study created in memory with name: naive_bayes
[I 2026-04-07 02:43:34,894] Trial 0 finished with value: 1.0 and parameters: {'var_smoothing': 6.10548688762798e-09}. Best is trial 0 with value: 1.0.
[I 2026-04-07 02:43:34,907] Trial 1 finished with value: 1.0 and parameters: {'var_smoothing': 4.6127467400935034e-10}. Best is trial 0 with value: 1.0.
[I 2026-04-07 02:43:34,920] Trial 2 finished with value: 1.0 and parameters: {'var_smoothing': 4.389936579400967e-09}. Best is trial 0 with value: 1.0.
[I 2026-04-07 02:43:34,933] Trial 3 finished with value: 1.0 and parameters: {'var_smoothing': 1.2116948204672054e-10}. Best is trial 0 with value: 1.0.
[I 2026-04-07 02:43:34,947] Trial 4 finished with value: 1.0 and parameters: {'var_smoothing': 1.6417739478477417e-10}. Best is trial 0 with value: 1.0.
[I 2026-04-07 02:43:34,961] Trial 5 finished with value: 1.0 and parameters: {'var_smoothing': 1.5491880147236797e-09}. Best is trial 0 with value: 1.0.
[I 2026-04-07 02:43:34,974] Trial 6 finished with value: 1.0 and parameters: {'var_smoothing': 1.1471883405287265e-09}. Best is trial 0 with value: 1.0.
[I 2026-04-07 02:43:34,987] Trial 7 finished with value: 1.0 and parameters: {'var_smoothing': 6.88041853492358e-10}. Best is trial 0 with value: 1.0.
[I 2026-04-07 02:43:35,000] Trial 8 finished with value: 1.0 and parameters: {'var_smoothing': 4.686144741221158e-10}. Best is trial 0 with value: 1.0.
[I 2026-04-07 02:43:35,014] Trial 9 finished with value: 1.0 and parameters: {'var_smoothing': 1.7580809350683337e-09}. Best is trial 0 with value: 1.0.
[I 2026-04-07 02:43:35,032] Trial 10 finished with value: 1.0 and parameters: {'var_smoothing': 9.83902635509218e-09}. Best is trial 0 with value: 1.0.
[I 2026-04-07 02:43:35,051] Trial 11 finished with value: 1.0 and parameters: {'var_smoothing': 2.660399871603373e-10}. Best is trial 0 with value: 1.0.
[I 2026-04-07 02:43:35,070] Trial 12 finished with value: 1.0 and parameters: {'var_smoothing': 9.276268851540963e-09}. Best is trial 0 with value: 1.0.
[I 2026-04-07 02:43:35,090] Trial 13 finished with value: 1.0 and parameters: {'var_smoothing': 2.9844010685221692e-09}. Best is trial 0 with value: 1.0.
[I 2026-04-07 02:43:35,111] Trial 14 finished with value: 1.0 and parameters: {'var_smoothing': 3.8923309717334116e-10}. Best is trial 0 with value: 1.0.
[I 2026-04-07 02:43:35,141] Trial 15 finished with value: 1.0 and parameters: {'var_smoothing': 3.85461066627204e-09}. Best is trial 0 with value: 1.0.
[I 2026-04-07 02:43:35,161] Trial 16 finished with value: 1.0 and parameters: {'var_smoothing': 7.120907275009211e-10}. Best is trial 0 with value: 1.0.
[I 2026-04-07 02:43:35,181] Trial 17 finished with value: 1.0 and parameters: {'var_smoothing': 2.412486610614855e-10}. Best is trial 0 with value: 1.0.
[I 2026-04-07 02:43:35,201] Trial 18 finished with value: 1.0 and parameters: {'var_smoothing': 2.3580860166954074e-09}. Best is trial 0 with value: 1.0.
[I 2026-04-07 02:43:35,221] Trial 19 finished with value: 1.0 and parameters: {'var_smoothing': 5.846846875339535e-09}. Best is trial 0 with value: 1.0.
[I 2026-04-07 02:43:35,241] Trial 20 finished with value: 1.0 and parameters: {'var_smoothing': 1.0486521320383776e-09}. Best is trial 0 with value: 1.0.
[I 2026-04-07 02:43:35,258] Trial 21 finished with value: 1.0 and parameters: {'var_smoothing': 4.9491450263339475e-09}. Best is trial 0 with value: 1.0.
[I 2026-04-07 02:43:35,277] Trial 22 finished with value: 1.0 and parameters: {'var_smoothing': 6.667992141406306e-09}. Best is trial 0 with value: 1.0.
[I 2026-04-07 02:43:35,297] Trial 23 finished with value: 1.0 and parameters: {'var_smoothing': 3.2795712712135213e-09}. Best is trial 0 with value: 1.0.
[I 2026-04-07 02:43:35,317] Trial 24 finished with value: 1.0 and parameters: {'var_smoothing': 6.403538416287158e-10}. Best is trial 0 with value: 1.0.
[I 2026-04-07 02:43:35,338] Trial 25 finished with value: 1.0 and parameters: {'var_smoothing': 2.1589819023851477e-09}. Best is trial 0 with value: 1.0.
[I 2026-04-07 02:43:35,356] Trial 26 finished with value: 1.0 and parameters: {'var_smoothing': 3.912617821024548e-09}. Best is trial 0 with value: 1.0.
[I 2026-04-07 02:43:35,376] Trial 27 finished with value: 1.0 and parameters: {'var_smoothing': 7.162139101012446e-09}. Best is trial 0 with value: 1.0.
[I 2026-04-07 02:43:35,397] Trial 28 finished with value: 1.0 and parameters: {'var_smoothing': 1.3883316815746274e-09}. Best is trial 0 with value: 1.0.
[I 2026-04-07 02:43:35,417] Trial 29 finished with value: 1.0 and parameters: {'var_smoothing': 4.1751754503046387e-10}. Best is trial 0 with value: 1.0.
[I 2026-04-07 02:43:36,337] A new study created in memory with name: logreg
[I 2026-04-07 02:43:36,361] Trial 0 finished with value: 0.95 and parameters: {'C': 29.127335430981816, 'penalty': 'l2'}. Best is trial 0 with value: 0.95.
[I 2026-04-07 02:43:36,376] Trial 1 finished with value: 0.975 and parameters: {'C': 0.045698192893558344, 'penalty': 'l2'}. Best is trial 1 with value: 0.975.
[I 2026-04-07 02:43:36,400] Trial 2 finished with value: 0.95 and parameters: {'C': 12.768668597712947, 'penalty': 'l2'}. Best is trial 1 with value: 0.975.
[I 2026-04-07 02:43:36,425] Trial 3 finished with value: 0.975 and parameters: {'C': 0.0016161554408462638, 'penalty': 'l2'}. Best is trial 1 with value: 0.975.
[I 2026-04-07 02:43:36,450] Trial 4 finished with value: 0.975 and parameters: {'C': 0.0034536903703241734, 'penalty': 'l2'}. Best is trial 1 with value: 0.975.
[I 2026-04-07 02:43:36,475] Trial 5 finished with value: 0.95 and parameters: {'C': 0.9446269266990148, 'penalty': 'l2'}. Best is trial 1 with value: 0.975.
[I 2026-04-07 02:43:36,500] Trial 6 finished with value: 0.975 and parameters: {'C': 0.4457453393648168, 'penalty': 'l2'}. Best is trial 1 with value: 0.975.
[I 2026-04-07 02:43:36,524] Trial 7 finished with value: 0.975 and parameters: {'C': 0.12417585037258261, 'penalty': 'l2'}. Best is trial 1 with value: 0.975.
[I 2026-04-07 02:43:36,549] Trial 8 finished with value: 0.975 and parameters: {'C': 0.04753781830244093, 'penalty': 'l2'}. Best is trial 1 with value: 0.975.
[I 2026-04-07 02:43:36,573] Trial 9 finished with value: 0.95 and parameters: {'C': 1.2959766028194148, 'penalty': 'l2'}. Best is trial 1 with value: 0.975.
[I 2026-04-07 02:43:36,602] Trial 10 finished with value: 0.975 and parameters: {'C': 0.02024823315667757, 'penalty': 'l2'}. Best is trial 1 with value: 0.975.
[I 2026-04-07 02:43:36,632] Trial 11 finished with value: 0.975 and parameters: {'C': 0.001317682707090239, 'penalty': 'l2'}. Best is trial 1 with value: 0.975.
[I 2026-04-07 02:43:36,663] Trial 12 finished with value: 0.975 and parameters: {'C': 0.00537191519649587, 'penalty': 'l2'}. Best is trial 1 with value: 0.975.
[I 2026-04-07 02:43:36,682] Trial 13 finished with value: 0.975 and parameters: {'C': 0.013775014971016233, 'penalty': 'l2'}. Best is trial 1 with value: 0.975.
[I 2026-04-07 02:43:36,712] Trial 14 finished with value: 0.975 and parameters: {'C': 0.0012166627598308305, 'penalty': 'l2'}. Best is trial 1 with value: 0.975.
[I 2026-04-07 02:43:36,742] Trial 15 finished with value: 0.975 and parameters: {'C': 0.06378601415420004, 'penalty': 'l2'}. Best is trial 1 with value: 0.975.
[I 2026-04-07 02:43:36,771] Trial 16 finished with value: 0.95 and parameters: {'C': 4.40245304921375, 'penalty': 'l2'}. Best is trial 1 with value: 0.975.
[I 2026-04-07 02:43:36,789] Trial 17 finished with value: 0.975 and parameters: {'C': 0.009039871959471408, 'penalty': 'l2'}. Best is trial 1 with value: 0.975.
[I 2026-04-07 02:43:36,809] Trial 18 finished with value: 0.975 and parameters: {'C': 0.21400772977695579, 'penalty': 'l2'}. Best is trial 1 with value: 0.975.
[I 2026-04-07 02:43:36,839] Trial 19 finished with value: 0.975 and parameters: {'C': 0.03939934617334397, 'penalty': 'l2'}. Best is trial 1 with value: 0.975.
[I 2026-04-07 02:43:36,870] Trial 20 finished with value: 0.975 and parameters: {'C': 0.002252920086912303, 'penalty': 'l2'}. Best is trial 1 with value: 0.975.
[I 2026-04-07 02:43:36,900] Trial 21 finished with value: 0.975 and parameters: {'C': 0.0036688416448076677, 'penalty': 'l2'}. Best is trial 1 with value: 0.975.
[I 2026-04-07 02:43:36,921] Trial 22 finished with value: 0.975 and parameters: {'C': 0.005011725136284709, 'penalty': 'l2'}. Best is trial 1 with value: 0.975.
[I 2026-04-07 02:43:36,942] Trial 23 finished with value: 0.975 and parameters: {'C': 0.017399764218450766, 'penalty': 'l2'}. Best is trial 1 with value: 0.975.
[I 2026-04-07 02:43:36,972] Trial 24 finished with value: 0.975 and parameters: {'C': 0.003317976200549782, 'penalty': 'l2'}. Best is trial 1 with value: 0.975.
[I 2026-04-07 02:43:37,002] Trial 25 finished with value: 0.975 and parameters: {'C': 0.001071066337371524, 'penalty': 'l2'}. Best is trial 1 with value: 0.975.
[I 2026-04-07 02:43:37,031] Trial 26 finished with value: 0.975 and parameters: {'C': 0.007664536695295419, 'penalty': 'l2'}. Best is trial 1 with value: 0.975.
[I 2026-04-07 02:43:37,060] Trial 27 finished with value: 0.975 and parameters: {'C': 0.027468608934910675, 'penalty': 'l2'}. Best is trial 1 with value: 0.975.
[I 2026-04-07 02:43:37,090] Trial 28 finished with value: 0.975 and parameters: {'C': 0.09385453368023858, 'penalty': 'l2'}. Best is trial 1 with value: 0.975.
[I 2026-04-07 02:43:37,110] Trial 29 finished with value: 0.95 and parameters: {'C': 45.75034886101285, 'penalty': 'l2'}. Best is trial 1 with value: 0.975.
[I 2026-04-07 02:43:37,906] A new study created in memory with name: knn
[I 2026-04-07 02:43:37,921] Trial 0 finished with value: 0.975 and parameters: {'n_neighbors': 10, 'leaf_size': 26, 'p': 1}. Best is trial 0 with value: 0.975.
[I 2026-04-07 02:43:37,934] Trial 1 finished with value: 0.95 and parameters: {'n_neighbors': 3, 'leaf_size': 32, 'p': 1}. Best is trial 0 with value: 0.975.
[I 2026-04-07 02:43:37,947] Trial 2 finished with value: 0.975 and parameters: {'n_neighbors': 5, 'leaf_size': 33, 'p': 2}. Best is trial 0 with value: 0.975.
[I 2026-04-07 02:43:37,960] Trial 3 finished with value: 0.975 and parameters: {'n_neighbors': 7, 'leaf_size': 32, 'p': 2}. Best is trial 0 with value: 0.975.
[I 2026-04-07 02:43:37,975] Trial 4 finished with value: 0.975 and parameters: {'n_neighbors': 9, 'leaf_size': 28, 'p': 1}. Best is trial 0 with value: 0.975.
[I 2026-04-07 02:43:37,990] Trial 5 finished with value: 0.95 and parameters: {'n_neighbors': 3, 'leaf_size': 35, 'p': 1}. Best is trial 0 with value: 0.975.
[I 2026-04-07 02:43:38,003] Trial 6 finished with value: 0.975 and parameters: {'n_neighbors': 8, 'leaf_size': 31, 'p': 2}. Best is trial 0 with value: 0.975.
[I 2026-04-07 02:43:38,027] Trial 7 finished with value: 0.975 and parameters: {'n_neighbors': 6, 'leaf_size': 24, 'p': 2}. Best is trial 0 with value: 0.975.
[I 2026-04-07 02:43:38,042] Trial 8 finished with value: 0.975 and parameters: {'n_neighbors': 5, 'leaf_size': 34, 'p': 2}. Best is trial 0 with value: 0.975.
[I 2026-04-07 02:43:38,055] Trial 9 finished with value: 0.975 and parameters: {'n_neighbors': 10, 'leaf_size': 27, 'p': 2}. Best is trial 0 with value: 0.975.
[I 2026-04-07 02:43:38,092] Trial 10 finished with value: 0.975 and parameters: {'n_neighbors': 10, 'leaf_size': 40, 'p': 1}. Best is trial 0 with value: 0.975.
[I 2026-04-07 02:43:38,117] Trial 11 finished with value: 0.975 and parameters: {'n_neighbors': 5, 'leaf_size': 22, 'p': 1}. Best is trial 0 with value: 0.975.
[I 2026-04-07 02:43:38,150] Trial 12 finished with value: 0.975 and parameters: {'n_neighbors': 5, 'leaf_size': 38, 'p': 2}. Best is trial 0 with value: 0.975.
[I 2026-04-07 02:43:38,175] Trial 13 finished with value: 0.975 and parameters: {'n_neighbors': 7, 'leaf_size': 26, 'p': 1}. Best is trial 0 with value: 0.975.
[I 2026-04-07 02:43:38,209] Trial 14 finished with value: 0.975 and parameters: {'n_neighbors': 4, 'leaf_size': 20, 'p': 1}. Best is trial 0 with value: 0.975.
[I 2026-04-07 02:43:38,234] Trial 15 finished with value: 0.975 and parameters: {'n_neighbors': 9, 'leaf_size': 29, 'p': 2}. Best is trial 0 with value: 0.975.
[I 2026-04-07 02:43:38,257] Trial 16 finished with value: 0.975 and parameters: {'n_neighbors': 6, 'leaf_size': 36, 'p': 2}. Best is trial 0 with value: 0.975.
[I 2026-04-07 02:43:38,280] Trial 17 finished with value: 0.975 and parameters: {'n_neighbors': 8, 'leaf_size': 25, 'p': 1}. Best is trial 0 with value: 0.975.
[I 2026-04-07 02:43:38,316] Trial 18 finished with value: 0.975 and parameters: {'n_neighbors': 4, 'leaf_size': 30, 'p': 1}. Best is trial 0 with value: 0.975.
[I 2026-04-07 02:43:38,352] Trial 19 finished with value: 0.975 and parameters: {'n_neighbors': 8, 'leaf_size': 22, 'p': 2}. Best is trial 0 with value: 0.975.
[I 2026-04-07 02:43:38,387] Trial 20 finished with value: 0.975 and parameters: {'n_neighbors': 4, 'leaf_size': 33, 'p': 1}. Best is trial 0 with value: 0.975.
[I 2026-04-07 02:43:38,413] Trial 21 finished with value: 0.975 and parameters: {'n_neighbors': 7, 'leaf_size': 37, 'p': 2}. Best is trial 0 with value: 0.975.
[I 2026-04-07 02:43:38,440] Trial 22 finished with value: 0.975 and parameters: {'n_neighbors': 6, 'leaf_size': 31, 'p': 2}. Best is trial 0 with value: 0.975.
[I 2026-04-07 02:43:38,478] Trial 23 finished with value: 0.975 and parameters: {'n_neighbors': 9, 'leaf_size': 33, 'p': 2}. Best is trial 0 with value: 0.975.
[I 2026-04-07 02:43:38,505] Trial 24 finished with value: 0.975 and parameters: {'n_neighbors': 7, 'leaf_size': 29, 'p': 2}. Best is trial 0 with value: 0.975.
[I 2026-04-07 02:43:38,530] Trial 25 finished with value: 0.975 and parameters: {'n_neighbors': 10, 'leaf_size': 27, 'p': 2}. Best is trial 0 with value: 0.975.
[I 2026-04-07 02:43:38,557] Trial 26 finished with value: 0.975 and parameters: {'n_neighbors': 5, 'leaf_size': 24, 'p': 2}. Best is trial 0 with value: 0.975.
[I 2026-04-07 02:43:38,584] Trial 27 finished with value: 0.975 and parameters: {'n_neighbors': 6, 'leaf_size': 31, 'p': 2}. Best is trial 0 with value: 0.975.
[I 2026-04-07 02:43:38,612] Trial 28 finished with value: 0.975 and parameters: {'n_neighbors': 8, 'leaf_size': 35, 'p': 1}. Best is trial 0 with value: 0.975.
