[I 2026-04-09 19:14:48,014] Trial 19 finished with value: 0.5 and parameters: {'n_estimators': 451, 'max_depth': 5, 'min_samples_split': 6, 'min_samples_leaf': 8}. Best is trial 5 with value: 0.8.
[I 2026-04-09 19:14:48,216] Trial 20 finished with value: 0.75 and parameters: {'n_estimators': 160, 'max_depth': 9, 'min_samples_split': 3, 'min_samples_leaf': 2}. Best is trial 5 with value: 0.8.
[I 2026-04-09 19:14:48,766] Trial 21 finished with value: 0.75 and parameters: {'n_estimators': 500, 'max_depth': 7, 'min_samples_split': 5, 'min_samples_leaf': 4}. Best is trial 5 with value: 0.8.
[I 2026-04-09 19:14:49,354] Trial 22 finished with value: 0.75 and parameters: {'n_estimators': 473, 'max_depth': 20, 'min_samples_split': 6, 'min_samples_leaf': 3}. Best is trial 5 with value: 0.8.
[I 2026-04-09 19:14:49,803] Trial 23 finished with value: 0.8 and parameters: {'n_estimators': 413, 'max_depth': 8, 'min_samples_split': 4, 'min_samples_leaf': 5}. Best is trial 5 with value: 0.8.
[I 2026-04-09 19:14:50,195] Trial 24 finished with value: 0.8 and parameters: {'n_estimators': 350, 'max_depth': 10, 'min_samples_split': 5, 'min_samples_leaf': 4}. Best is trial 5 with value: 0.8.
[I 2026-04-09 19:14:50,726] Trial 25 finished with value: 0.75 and parameters: {'n_estimators': 465, 'max_depth': 6, 'min_samples_split': 6, 'min_samples_leaf': 3}. Best is trial 5 with value: 0.8.
[I 2026-04-09 19:14:51,210] Trial 26 finished with value: 0.8 and parameters: {'n_estimators': 418, 'max_depth': 4, 'min_samples_split': 2, 'min_samples_leaf': 5}. Best is trial 5 with value: 0.8.
[I 2026-04-09 19:14:51,595] Trial 27 finished with value: 0.55 and parameters: {'n_estimators': 323, 'max_depth': 7, 'min_samples_split': 7, 'min_samples_leaf': 7}. Best is trial 5 with value: 0.8.
[I 2026-04-09 19:14:52,058] Trial 28 finished with value: 0.75 and parameters: {'n_estimators': 374, 'max_depth': 9, 'min_samples_split': 3, 'min_samples_leaf': 2}. Best is trial 5 with value: 0.8.
[I 2026-04-09 19:14:52,605] Trial 29 finished with value: 0.75 and parameters: {'n_estimators': 477, 'max_depth': 11, 'min_samples_split': 4, 'min_samples_leaf': 1}. Best is trial 5 with value: 0.8.
[I 2026-04-09 19:14:56,987] A new study created in memory with name: mlp
[I 2026-04-09 19:14:57,031] Trial 0 finished with value: 0.7 and parameters: {'hidden_layer_sizes': (200,), 'max_iter': 50, 'alpha': 0.001}. Best is trial 0 with value: 0.7.
[I 2026-04-09 19:14:57,075] Trial 1 finished with value: 0.65 and parameters: {'hidden_layer_sizes': (100,), 'max_iter': 100, 'alpha': 0.0001}. Best is trial 0 with value: 0.7.
[I 2026-04-09 19:14:57,130] Trial 2 finished with value: 0.65 and parameters: {'hidden_layer_sizes': (100,), 'max_iter': 100, 'alpha': 0.001}. Best is trial 0 with value: 0.7.
[I 2026-04-09 19:14:57,175] Trial 3 finished with value: 0.65 and parameters: {'hidden_layer_sizes': (200,), 'max_iter': 50, 'alpha': 0.001}. Best is trial 0 with value: 0.7.
[I 2026-04-09 19:14:57,231] Trial 4 finished with value: 0.7 and parameters: {'hidden_layer_sizes': (100,), 'max_iter': 100, 'alpha': 0.0001}. Best is trial 0 with value: 0.7.
[I 2026-04-09 19:14:57,287] Trial 5 finished with value: 0.7 and parameters: {'hidden_layer_sizes': (100,), 'max_iter': 100, 'alpha': 0.001}. Best is trial 0 with value: 0.7.
[I 2026-04-09 19:14:57,366] Trial 6 finished with value: 0.7 and parameters: {'hidden_layer_sizes': (200,), 'max_iter': 100, 'alpha': 0.001}. Best is trial 0 with value: 0.7.
[I 2026-04-09 19:14:57,422] Trial 7 finished with value: 0.7 and parameters: {'hidden_layer_sizes': (200,), 'max_iter': 100, 'alpha': 0.001}. Best is trial 0 with value: 0.7.
[I 2026-04-09 19:14:57,476] Trial 8 finished with value: 0.65 and parameters: {'hidden_layer_sizes': (100,), 'max_iter': 100, 'alpha': 0.001}. Best is trial 0 with value: 0.7.
[I 2026-04-09 19:14:57,522] Trial 9 finished with value: 0.7 and parameters: {'hidden_layer_sizes': (100,), 'max_iter': 50, 'alpha': 0.001}. Best is trial 0 with value: 0.7.
[I 2026-04-09 19:14:57,581] Trial 10 finished with value: 0.65 and parameters: {'hidden_layer_sizes': (100, 100), 'max_iter': 50, 'alpha': 0.0001}. Best is trial 0 with value: 0.7.
[I 2026-04-09 19:14:57,636] Trial 11 finished with value: 0.65 and parameters: {'hidden_layer_sizes': (100, 100), 'max_iter': 50, 'alpha': 0.0001}. Best is trial 0 with value: 0.7.
[I 2026-04-09 19:14:57,671] Trial 12 finished with value: 0.7 and parameters: {'hidden_layer_sizes': (200,), 'max_iter': 50, 'alpha': 0.0001}. Best is trial 0 with value: 0.7.
[I 2026-04-09 19:14:57,706] Trial 13 finished with value: 0.7 and parameters: {'hidden_layer_sizes': (200,), 'max_iter': 50, 'alpha': 0.0001}. Best is trial 0 with value: 0.7.
[I 2026-04-09 19:14:57,773] Trial 14 finished with value: 0.7 and parameters: {'hidden_layer_sizes': (100, 100), 'max_iter': 100, 'alpha': 0.0001}. Best is trial 0 with value: 0.7.
[I 2026-04-09 19:14:57,813] Trial 15 finished with value: 0.75 and parameters: {'hidden_layer_sizes': (100,), 'max_iter': 50, 'alpha': 0.0001}. Best is trial 15 with value: 0.75.
[I 2026-04-09 19:14:57,851] Trial 16 finished with value: 0.7 and parameters: {'hidden_layer_sizes': (200,), 'max_iter': 50, 'alpha': 0.001}. Best is trial 15 with value: 0.75.
[I 2026-04-09 19:14:57,888] Trial 17 finished with value: 0.65 and parameters: {'hidden_layer_sizes': (200,), 'max_iter': 50, 'alpha': 0.0001}. Best is trial 15 with value: 0.75.
[I 2026-04-09 19:14:57,924] Trial 18 finished with value: 0.65 and parameters: {'hidden_layer_sizes': (100,), 'max_iter': 50, 'alpha': 0.001}. Best is trial 15 with value: 0.75.
[I 2026-04-09 19:14:57,982] Trial 19 finished with value: 0.7 and parameters: {'hidden_layer_sizes': (100, 100), 'max_iter': 50, 'alpha': 0.0001}. Best is trial 15 with value: 0.75.
[I 2026-04-09 19:14:58,018] Trial 20 finished with value: 0.7 and parameters: {'hidden_layer_sizes': (100,), 'max_iter': 50, 'alpha': 0.0001}. Best is trial 15 with value: 0.75.
[I 2026-04-09 19:14:58,072] Trial 21 finished with value: 0.65 and parameters: {'hidden_layer_sizes': (100,), 'max_iter': 100, 'alpha': 0.0001}. Best is trial 15 with value: 0.75.
[I 2026-04-09 19:14:58,108] Trial 22 finished with value: 0.75 and parameters: {'hidden_layer_sizes': (100,), 'max_iter': 50, 'alpha': 0.0001}. Best is trial 15 with value: 0.75.
[I 2026-04-09 19:14:58,147] Trial 23 finished with value: 0.65 and parameters: {'hidden_layer_sizes': (100,), 'max_iter': 50, 'alpha': 0.0001}. Best is trial 15 with value: 0.75.
[I 2026-04-09 19:14:58,183] Trial 24 finished with value: 0.7 and parameters: {'hidden_layer_sizes': (100,), 'max_iter': 50, 'alpha': 0.0001}. Best is trial 15 with value: 0.75.
[I 2026-04-09 19:14:58,221] Trial 25 finished with value: 0.65 and parameters: {'hidden_layer_sizes': (200,), 'max_iter': 50, 'alpha': 0.0001}. Best is trial 15 with value: 0.75.
[I 2026-04-09 19:14:58,250] Trial 26 finished with value: 0.7 and parameters: {'hidden_layer_sizes': (100,), 'max_iter': 50, 'alpha': 0.001}. Best is trial 15 with value: 0.75.
[I 2026-04-09 19:14:58,286] Trial 27 finished with value: 0.75 and parameters: {'hidden_layer_sizes': (100,), 'max_iter': 50, 'alpha': 0.0001}. Best is trial 15 with value: 0.75.
[I 2026-04-09 19:14:58,320] Trial 28 finished with value: 0.65 and parameters: {'hidden_layer_sizes': (100,), 'max_iter': 50, 'alpha': 0.0001}. Best is trial 15 with value: 0.75.
[I 2026-04-09 19:14:58,358] Trial 29 finished with value: 0.75 and parameters: {'hidden_layer_sizes': (100,), 'max_iter': 50, 'alpha': 0.0001}. Best is trial 15 with value: 0.75.
[I 2026-04-09 19:15:06,247] A new study created in memory with name: naive_bayes
[I 2026-04-09 19:15:06,262] Trial 0 finished with value: 0.85 and parameters: {'var_smoothing': 2.7796258518939306e-10}. Best is trial 0 with value: 0.85.
[I 2026-04-09 19:15:06,276] Trial 1 finished with value: 0.85 and parameters: {'var_smoothing': 5.513972710118387e-09}. Best is trial 0 with value: 0.85.
[I 2026-04-09 19:15:06,290] Trial 2 finished with value: 0.85 and parameters: {'var_smoothing': 2.590826381512706e-10}. Best is trial 0 with value: 0.85.
[I 2026-04-09 19:15:06,303] Trial 3 finished with value: 0.85 and parameters: {'var_smoothing': 6.874194498027403e-09}. Best is trial 0 with value: 0.85.
[I 2026-04-09 19:15:06,317] Trial 4 finished with value: 0.85 and parameters: {'var_smoothing': 9.480306482679771e-10}. Best is trial 0 with value: 0.85.
[I 2026-04-09 19:15:06,330] Trial 5 finished with value: 0.85 and parameters: {'var_smoothing': 1.6729683536668864e-09}. Best is trial 0 with value: 0.85.
[I 2026-04-09 19:15:06,344] Trial 6 finished with value: 0.85 and parameters: {'var_smoothing': 3.402637726935598e-09}. Best is trial 0 with value: 0.85.
[I 2026-04-09 19:15:06,356] Trial 7 finished with value: 0.85 and parameters: {'var_smoothing': 1.0885189040847657e-09}. Best is trial 0 with value: 0.85.
[I 2026-04-09 19:15:06,370] Trial 8 finished with value: 0.85 and parameters: {'var_smoothing': 3.922843686541149e-10}. Best is trial 0 with value: 0.85.
[I 2026-04-09 19:15:06,384] Trial 9 finished with value: 0.85 and parameters: {'var_smoothing': 2.3737908819373785e-10}. Best is trial 0 with value: 0.85.
[I 2026-04-09 19:15:06,405] Trial 10 finished with value: 0.85 and parameters: {'var_smoothing': 1.005826617097841e-10}. Best is trial 0 with value: 0.85.
[I 2026-04-09 19:15:06,424] Trial 11 finished with value: 0.85 and parameters: {'var_smoothing': 8.246040091550826e-09}. Best is trial 0 with value: 0.85.
[I 2026-04-09 19:15:06,441] Trial 12 finished with value: 0.85 and parameters: {'var_smoothing': 5.714429769091136e-10}. Best is trial 0 with value: 0.85.
[I 2026-04-09 19:15:06,458] Trial 13 finished with value: 0.85 and parameters: {'var_smoothing': 3.0046394488828834e-09}. Best is trial 0 with value: 0.85.
[I 2026-04-09 19:15:06,477] Trial 14 finished with value: 0.85 and parameters: {'var_smoothing': 1.0161521526134228e-10}. Best is trial 0 with value: 0.85.
[I 2026-04-09 19:15:06,497] Trial 15 finished with value: 0.85 and parameters: {'var_smoothing': 3.455011319435438e-09}. Best is trial 0 with value: 0.85.
[I 2026-04-09 19:15:06,512] Trial 16 finished with value: 0.85 and parameters: {'var_smoothing': 2.2038800241203009e-10}. Best is trial 0 with value: 0.85.
[I 2026-04-09 19:15:06,529] Trial 17 finished with value: 0.85 and parameters: {'var_smoothing': 1.8515987176145925e-09}. Best is trial 0 with value: 0.85.
[I 2026-04-09 19:15:06,549] Trial 18 finished with value: 0.85 and parameters: {'var_smoothing': 5.024285700153026e-10}. Best is trial 0 with value: 0.85.
[I 2026-04-09 19:15:06,568] Trial 19 finished with value: 0.85 and parameters: {'var_smoothing': 4.958025424412893e-09}. Best is trial 0 with value: 0.85.
[I 2026-04-09 19:15:06,588] Trial 20 finished with value: 0.85 and parameters: {'var_smoothing': 8.344000526157384e-10}. Best is trial 0 with value: 0.85.
[I 2026-04-09 19:15:06,603] Trial 21 finished with value: 0.85 and parameters: {'var_smoothing': 2.46080689865309e-10}. Best is trial 0 with value: 0.85.
[I 2026-04-09 19:15:06,619] Trial 22 finished with value: 0.85 and parameters: {'var_smoothing': 1.4445108350594728e-10}. Best is trial 0 with value: 0.85.
[I 2026-04-09 19:15:06,635] Trial 23 finished with value: 0.85 and parameters: {'var_smoothing': 3.3715577896606737e-10}. Best is trial 0 with value: 0.85.
[I 2026-04-09 19:15:06,656] Trial 24 finished with value: 0.85 and parameters: {'var_smoothing': 1.572466431855027e-10}. Best is trial 0 with value: 0.85.
[I 2026-04-09 19:15:06,675] Trial 25 finished with value: 0.85 and parameters: {'var_smoothing': 7.281746293576245e-10}. Best is trial 0 with value: 0.85.
[I 2026-04-09 19:15:06,690] Trial 26 finished with value: 0.85 and parameters: {'var_smoothing': 3.386254640873244e-10}. Best is trial 0 with value: 0.85.
[I 2026-04-09 19:15:06,710] Trial 27 finished with value: 0.85 and parameters: {'var_smoothing': 1.3918180959975328e-09}. Best is trial 0 with value: 0.85.
[I 2026-04-09 19:15:06,738] Trial 28 finished with value: 0.85 and parameters: {'var_smoothing': 2.3715836084533434e-09}. Best is trial 0 with value: 0.85.
[I 2026-04-09 19:15:06,767] Trial 29 finished with value: 0.85 and parameters: {'var_smoothing': 9.477075781575649e-09}. Best is trial 0 with value: 0.85.
[I 2026-04-09 19:15:07,815] A new study created in memory with name: logreg
[I 2026-04-09 19:15:07,828] Trial 0 finished with value: 0.2 and parameters: {'C': 0.012881482725481003, 'penalty': 'l2'}. Best is trial 0 with value: 0.2.
[I 2026-04-09 19:15:07,861] Trial 1 finished with value: 0.7 and parameters: {'C': 22.576755560681583, 'penalty': 'l2'}. Best is trial 1 with value: 0.7.
[I 2026-04-09 19:15:07,884] Trial 2 finished with value: 0.2 and parameters: {'C': 0.010804278656839932, 'penalty': 'l2'}. Best is trial 1 with value: 0.7.
[I 2026-04-09 19:15:07,909] Trial 3 finished with value: 0.7 and parameters: {'C': 39.17910760336117, 'penalty': 'l2'}. Best is trial 1 with value: 0.7.
[I 2026-04-09 19:15:07,934] Trial 4 finished with value: 0.6 and parameters: {'C': 0.2767298094062571, 'penalty': 'l2'}. Best is trial 1 with value: 0.7.
[I 2026-04-09 19:15:07,959] Trial 5 finished with value: 0.65 and parameters: {'C': 1.1447728330837224, 'penalty': 'l2'}. Best is trial 1 with value: 0.7.
[I 2026-04-09 19:15:07,984] Trial 6 finished with value: 0.65 and parameters: {'C': 6.753661388238877, 'penalty': 'l2'}. Best is trial 1 with value: 0.7.
[I 2026-04-09 19:15:08,008] Trial 7 finished with value: 0.6 and parameters: {'C': 0.39092184460352974, 'penalty': 'l2'}. Best is trial 1 with value: 0.7.
[I 2026-04-09 19:15:08,032] Trial 8 finished with value: 0.45 and parameters: {'C': 0.03047912590082646, 'penalty': 'l2'}. Best is trial 1 with value: 0.7.
[I 2026-04-09 19:15:08,055] Trial 9 finished with value: 0.2 and parameters: {'C': 0.008681727362499118, 'penalty': 'l2'}. Best is trial 1 with value: 0.7.
[I 2026-04-09 19:15:08,082] Trial 10 finished with value: 0.75 and parameters: {'C': 90.29867735508974, 'penalty': 'l2'}. Best is trial 10 with value: 0.75.
[I 2026-04-09 19:15:08,120] Trial 11 finished with value: 0.75 and parameters: {'C': 65.31936101889447, 'penalty': 'l2'}. Best is trial 10 with value: 0.75.
[I 2026-04-09 19:15:08,165] Trial 12 finished with value: 0.75 and parameters: {'C': 83.84419935947768, 'penalty': 'l2'}. Best is trial 10 with value: 0.75.
[I 2026-04-09 19:15:08,185] Trial 13 finished with value: 0.65 and parameters: {'C': 5.398303237479397, 'penalty': 'l2'}. Best is trial 10 with value: 0.75.
[I 2026-04-09 19:15:08,216] Trial 14 finished with value: 0.2 and parameters: {'C': 0.0010229884923599638, 'penalty': 'l2'}. Best is trial 10 with value: 0.75.
[I 2026-04-09 19:15:08,255] Trial 15 finished with value: 0.65 and parameters: {'C': 7.291351299862254, 'penalty': 'l2'}. Best is trial 10 with value: 0.75.
[I 2026-04-09 19:15:08,285] Trial 16 finished with value: 0.75 and parameters: {'C': 81.71759326546615, 'penalty': 'l2'}. Best is trial 10 with value: 0.75.
[I 2026-04-09 19:15:08,315] Trial 17 finished with value: 0.65 and parameters: {'C': 1.38961128706446, 'penalty': 'l2'}. Best is trial 10 with value: 0.75.
[I 2026-04-09 19:15:08,347] Trial 18 finished with value: 0.7 and parameters: {'C': 13.392844950926891, 'penalty': 'l2'}. Best is trial 10 with value: 0.75.
[I 2026-04-09 19:15:08,378] Trial 19 finished with value: 0.65 and parameters: {'C': 2.1631939541914624, 'penalty': 'l2'}. Best is trial 10 with value: 0.75.
[I 2026-04-09 19:15:08,409] Trial 20 finished with value: 0.55 and parameters: {'C': 0.0723450305209305, 'penalty': 'l2'}. Best is trial 10 with value: 0.75.
[I 2026-04-09 19:15:08,437] Trial 21 finished with value: 0.75 and parameters: {'C': 69.90296593556943, 'penalty': 'l2'}. Best is trial 10 with value: 0.75.
[I 2026-04-09 19:15:08,482] Trial 22 finished with value: 0.7 and parameters: {'C': 29.69980182904865, 'penalty': 'l2'}. Best is trial 10 with value: 0.75.
[I 2026-04-09 19:15:08,512] Trial 23 finished with value: 0.75 and parameters: {'C': 78.47180878362126, 'penalty': 'l2'}. Best is trial 10 with value: 0.75.
[I 2026-04-09 19:15:08,539] Trial 24 finished with value: 0.7 and parameters: {'C': 17.33761008559665, 'penalty': 'l2'}. Best is trial 10 with value: 0.75.
[I 2026-04-09 19:15:08,565] Trial 25 finished with value: 0.65 and parameters: {'C': 3.325507771267633, 'penalty': 'l2'}. Best is trial 10 with value: 0.75.
[I 2026-04-09 19:15:08,601] Trial 26 finished with value: 0.7 and parameters: {'C': 37.45365885082905, 'penalty': 'l2'}. Best is trial 10 with value: 0.75.
[I 2026-04-09 19:15:08,638] Trial 27 finished with value: 0.75 and parameters: {'C': 85.24338876706314, 'penalty': 'l2'}. Best is trial 10 with value: 0.75.
[I 2026-04-09 19:15:08,676] Trial 28 finished with value: 0.7 and parameters: {'C': 14.451193479788197, 'penalty': 'l2'}. Best is trial 10 with value: 0.75.
[I 2026-04-09 19:15:08,702] Trial 29 finished with value: 0.6 and parameters: {'C': 0.5511681301396717, 'penalty': 'l2'}. Best is trial 10 with value: 0.75.
[I 2026-04-09 19:15:09,116] A new study created in memory with name: knn
[I 2026-04-09 19:15:09,130] Trial 0 finished with value: 0.75 and parameters: {'n_neighbors': 4, 'leaf_size': 38, 'p': 2}. Best is trial 0 with value: 0.75.
[I 2026-04-09 19:15:09,142] Trial 1 finished with value: 0.65 and parameters: {'n_neighbors': 6, 'leaf_size': 32, 'p': 1}. Best is trial 0 with value: 0.75.
[I 2026-04-09 19:15:09,154] Trial 2 finished with value: 0.7 and parameters: {'n_neighbors': 5, 'leaf_size': 23, 'p': 2}. Best is trial 0 with value: 0.75.
[I 2026-04-09 19:15:09,167] Trial 3 finished with value: 0.65 and parameters: {'n_neighbors': 6, 'leaf_size': 23, 'p': 1}. Best is trial 0 with value: 0.75.
[I 2026-04-09 19:15:09,190] Trial 4 finished with value: 0.65 and parameters: {'n_neighbors': 6, 'leaf_size': 26, 'p': 1}. Best is trial 0 with value: 0.75.
[I 2026-04-09 19:15:09,205] Trial 5 finished with value: 0.55 and parameters: {'n_neighbors': 7, 'leaf_size': 25, 'p': 1}. Best is trial 0 with value: 0.75.
[I 2026-04-09 19:15:09,219] Trial 6 finished with value: 0.7 and parameters: {'n_neighbors': 5, 'leaf_size': 23, 'p': 2}. Best is trial 0 with value: 0.75.
[I 2026-04-09 19:15:09,253] Trial 7 finished with value: 0.6 and parameters: {'n_neighbors': 10, 'leaf_size': 23, 'p': 2}. Best is trial 0 with value: 0.75.
[I 2026-04-09 19:15:09,289] Trial 8 finished with value: 0.7 and parameters: {'n_neighbors': 8, 'leaf_size': 36, 'p': 2}. Best is trial 0 with value: 0.75.
[I 2026-04-09 19:15:09,302] Trial 9 finished with value: 0.65 and parameters: {'n_neighbors': 3, 'leaf_size': 30, 'p': 2}. Best is trial 0 with value: 0.75.
[I 2026-04-09 19:15:09,342] Trial 10 finished with value: 0.65 and parameters: {'n_neighbors': 3, 'leaf_size': 40, 'p': 2}. Best is trial 0 with value: 0.75.
[I 2026-04-09 19:15:09,371] Trial 11 finished with value: 0.75 and parameters: {'n_neighbors': 4, 'leaf_size': 20, 'p': 2}. Best is trial 0 with value: 0.75.
[I 2026-04-09 19:15:09,390] Trial 12 finished with value: 0.75 and parameters: {'n_neighbors': 4, 'leaf_size': 35, 'p': 2}. Best is trial 0 with value: 0.75.
[I 2026-04-09 19:15:09,419] Trial 13 finished with value: 0.75 and parameters: {'n_neighbors': 4, 'leaf_size': 20, 'p': 2}. Best is trial 0 with value: 0.75.
[I 2026-04-09 19:15:09,439] Trial 14 finished with value: 0.75 and parameters: {'n_neighbors': 4, 'leaf_size': 39, 'p': 2}. Best is trial 0 with value: 0.75.
[I 2026-04-09 19:15:09,480] Trial 15 finished with value: 0.7 and parameters: {'n_neighbors': 8, 'leaf_size': 29, 'p': 2}. Best is trial 0 with value: 0.75.
[I 2026-04-09 19:15:09,506] Trial 16 finished with value: 0.65 and parameters: {'n_neighbors': 3, 'leaf_size': 35, 'p': 2}. Best is trial 0 with value: 0.75.
[I 2026-04-09 19:15:09,530] Trial 17 finished with value: 0.7 and parameters: {'n_neighbors': 5, 'leaf_size': 32, 'p': 2}. Best is trial 0 with value: 0.75.
[I 2026-04-09 19:15:09,575] Trial 18 finished with value: 0.55 and parameters: {'n_neighbors': 10, 'leaf_size': 37, 'p': 1}. Best is trial 0 with value: 0.75.
[I 2026-04-09 19:15:09,601] Trial 19 finished with value: 0.75 and parameters: {'n_neighbors': 4, 'leaf_size': 20, 'p': 2}. Best is trial 0 with value: 0.75.
[I 2026-04-09 19:15:09,625] Trial 20 finished with value: 0.65 and parameters: {'n_neighbors': 7, 'leaf_size': 27, 'p': 2}. Best is trial 0 with value: 0.75.
[I 2026-04-09 19:15:09,651] Trial 21 finished with value: 0.75 and parameters: {'n_neighbors': 4, 'leaf_size': 34, 'p': 2}. Best is trial 0 with value: 0.75.
[I 2026-04-09 19:15:09,675] Trial 22 finished with value: 0.7 and parameters: {'n_neighbors': 5, 'leaf_size': 38, 'p': 2}. Best is trial 0 with value: 0.75.
[I 2026-04-09 19:15:09,708] Trial 23 finished with value: 0.65 and parameters: {'n_neighbors': 3, 'leaf_size': 34, 'p': 2}. Best is trial 0 with value: 0.75.
[I 2026-04-09 19:15:09,736] Trial 24 finished with value: 0.75 and parameters: {'n_neighbors': 4, 'leaf_size': 32, 'p': 2}. Best is trial 0 with value: 0.75.
[I 2026-04-09 19:15:09,759] Trial 25 finished with value: 0.7 and parameters: {'n_neighbors': 5, 'leaf_size': 37, 'p': 2}. Best is trial 0 with value: 0.75.
[I 2026-04-09 19:15:09,783] Trial 26 finished with value: 0.75 and parameters: {'n_neighbors': 4, 'leaf_size': 40, 'p': 1}. Best is trial 0 with value: 0.75.
[I 2026-04-09 19:15:09,808] Trial 27 finished with value: 0.65 and parameters: {'n_neighbors': 3, 'leaf_size': 33, 'p': 2}. Best is trial 0 with value: 0.75.
[I 2026-04-09 19:15:09,833] Trial 28 finished with value: 0.5 and parameters: {'n_neighbors': 9, 'leaf_size': 29, 'p': 2}. Best is trial 0 with value: 0.75.
[I 2026-04-09 19:15:09,866] Trial 29 finished with value: 0.65 and parameters: {'n_neighbors': 6, 'leaf_size': 36, 'p': 1}. Best is trial 0 with value: 0.75.
[I 2026-04-09 19:15:11,119] A new study created in memory with name: xgb
