[I 2026-04-09 20:33:15,884] Trial 23 finished with value: 0.8 and parameters: {'n_estimators': 10, 'max_depth': 5, 'gamma': 0.8599623182644632, 'subsample': 0.8950917226882316, 'colsample_bytree': 0.8414695291124904}. Best is trial 1 with value: 0.8.
[I 2026-04-09 20:33:15,939] Trial 24 finished with value: 0.8 and parameters: {'n_estimators': 10, 'max_depth': 5, 'gamma': 0.9309814203118746, 'subsample': 0.8325076081361049, 'colsample_bytree': 0.7360362540782053}. Best is trial 1 with value: 0.8.
[I 2026-04-09 20:33:15,991] Trial 25 finished with value: 0.65 and parameters: {'n_estimators': 10, 'max_depth': 20, 'gamma': 0.6386893268760231, 'subsample': 0.7855122421671693, 'colsample_bytree': 0.6731849288716123}. Best is trial 1 with value: 0.8.
[I 2026-04-09 20:33:16,026] Trial 26 finished with value: 0.75 and parameters: {'n_estimators': 40, 'max_depth': 5, 'gamma': 0.8141760703829045, 'subsample': 0.960541819239865, 'colsample_bytree': 0.8982304431885406}. Best is trial 1 with value: 0.8.
[I 2026-04-09 20:33:16,067] Trial 27 finished with value: 0.8 and parameters: {'n_estimators': 40, 'max_depth': 5, 'gamma': 0.6082592880484764, 'subsample': 0.9014024039579159, 'colsample_bytree': 0.8038415895446213}. Best is trial 1 with value: 0.8.
[I 2026-04-09 20:33:16,106] Trial 28 finished with value: 0.8 and parameters: {'n_estimators': 10, 'max_depth': 30, 'gamma': 0.9299487981226623, 'subsample': 0.9901858329638357, 'colsample_bytree': 0.9712114314913961}. Best is trial 1 with value: 0.8.
[I 2026-04-09 20:33:16,140] Trial 29 finished with value: 0.75 and parameters: {'n_estimators': 100, 'max_depth': 20, 'gamma': 0.43221739260733416, 'subsample': 0.8617942892642231, 'colsample_bytree': 0.8869180081614105}. Best is trial 1 with value: 0.8.
[I 2026-04-09 20:33:16,615] A new study created in memory with name: rf
[I 2026-04-09 20:33:16,771] Trial 0 finished with value: 0.8 and parameters: {'n_estimators': 104, 'max_depth': 12, 'min_samples_split': 6, 'min_samples_leaf': 2}. Best is trial 0 with value: 0.8.
[I 2026-04-09 20:33:16,967] Trial 1 finished with value: 0.8 and parameters: {'n_estimators': 156, 'max_depth': 6, 'min_samples_split': 5, 'min_samples_leaf': 3}. Best is trial 0 with value: 0.8.
[I 2026-04-09 20:33:17,169] Trial 2 finished with value: 0.5 and parameters: {'n_estimators': 133, 'max_depth': 9, 'min_samples_split': 3, 'min_samples_leaf': 9}. Best is trial 0 with value: 0.8.
[I 2026-04-09 20:33:17,687] Trial 3 finished with value: 0.7 and parameters: {'n_estimators': 481, 'max_depth': 3, 'min_samples_split': 8, 'min_samples_leaf': 6}. Best is trial 0 with value: 0.8.
[I 2026-04-09 20:33:18,234] Trial 4 finished with value: 0.5 and parameters: {'n_estimators': 460, 'max_depth': 15, 'min_samples_split': 6, 'min_samples_leaf': 8}. Best is trial 0 with value: 0.8.
[I 2026-04-09 20:33:18,551] Trial 5 finished with value: 0.75 and parameters: {'n_estimators': 254, 'max_depth': 15, 'min_samples_split': 9, 'min_samples_leaf': 5}. Best is trial 0 with value: 0.8.
[I 2026-04-09 20:33:19,135] Trial 6 finished with value: 0.8 and parameters: {'n_estimators': 477, 'max_depth': 17, 'min_samples_split': 10, 'min_samples_leaf': 2}. Best is trial 0 with value: 0.8.
[I 2026-04-09 20:33:19,524] Trial 7 finished with value: 0.5 and parameters: {'n_estimators': 308, 'max_depth': 20, 'min_samples_split': 7, 'min_samples_leaf': 9}. Best is trial 0 with value: 0.8.
[I 2026-04-09 20:33:20,166] Trial 8 finished with value: 0.5 and parameters: {'n_estimators': 489, 'max_depth': 6, 'min_samples_split': 4, 'min_samples_leaf': 9}. Best is trial 0 with value: 0.8.
[I 2026-04-09 20:33:20,769] Trial 9 finished with value: 0.8 and parameters: {'n_estimators': 463, 'max_depth': 16, 'min_samples_split': 5, 'min_samples_leaf': 5}. Best is trial 0 with value: 0.8.
[I 2026-04-09 20:33:21,119] Trial 10 finished with value: 0.8 and parameters: {'n_estimators': 233, 'max_depth': 11, 'min_samples_split': 2, 'min_samples_leaf': 1}. Best is trial 0 with value: 0.8.
[I 2026-04-09 20:33:21,295] Trial 11 finished with value: 0.8 and parameters: {'n_estimators': 100, 'max_depth': 8, 'min_samples_split': 6, 'min_samples_leaf': 3}. Best is trial 0 with value: 0.8.
[I 2026-04-09 20:33:21,512] Trial 12 finished with value: 0.8 and parameters: {'n_estimators': 172, 'max_depth': 12, 'min_samples_split': 5, 'min_samples_leaf': 3}. Best is trial 0 with value: 0.8.
[I 2026-04-09 20:33:21,769] Trial 13 finished with value: 0.8 and parameters: {'n_estimators': 194, 'max_depth': 3, 'min_samples_split': 7, 'min_samples_leaf': 3}. Best is trial 0 with value: 0.8.
[I 2026-04-09 20:33:22,189] Trial 14 finished with value: 0.8 and parameters: {'n_estimators': 339, 'max_depth': 12, 'min_samples_split': 4, 'min_samples_leaf': 1}. Best is trial 0 with value: 0.8.
[I 2026-04-09 20:33:22,471] Trial 15 finished with value: 0.8 and parameters: {'n_estimators': 161, 'max_depth': 6, 'min_samples_split': 5, 'min_samples_leaf': 4}. Best is trial 0 with value: 0.8.
[I 2026-04-09 20:33:22,637] Trial 16 finished with value: 0.5 and parameters: {'n_estimators': 104, 'max_depth': 9, 'min_samples_split': 7, 'min_samples_leaf': 7}. Best is trial 0 with value: 0.8.
[I 2026-04-09 20:33:23,071] Trial 17 finished with value: 0.8 and parameters: {'n_estimators': 359, 'max_depth': 5, 'min_samples_split': 2, 'min_samples_leaf': 2}. Best is trial 0 with value: 0.8.
[I 2026-04-09 20:33:23,377] Trial 18 finished with value: 0.8 and parameters: {'n_estimators': 222, 'max_depth': 10, 'min_samples_split': 4, 'min_samples_leaf': 4}. Best is trial 0 with value: 0.8.
[I 2026-04-09 20:33:23,865] Trial 19 finished with value: 0.8 and parameters: {'n_estimators': 405, 'max_depth': 13, 'min_samples_split': 6, 'min_samples_leaf': 2}. Best is trial 0 with value: 0.8.
[I 2026-04-09 20:33:24,091] Trial 20 finished with value: 0.8 and parameters: {'n_estimators': 144, 'max_depth': 8, 'min_samples_split': 8, 'min_samples_leaf': 4}. Best is trial 0 with value: 0.8.
[I 2026-04-09 20:33:24,432] Trial 21 finished with value: 0.8 and parameters: {'n_estimators': 269, 'max_depth': 19, 'min_samples_split': 9, 'min_samples_leaf': 2}. Best is trial 0 with value: 0.8.
[I 2026-04-09 20:33:24,929] Trial 22 finished with value: 0.8 and parameters: {'n_estimators': 415, 'max_depth': 17, 'min_samples_split': 10, 'min_samples_leaf': 1}. Best is trial 0 with value: 0.8.
[I 2026-04-09 20:33:25,167] Trial 23 finished with value: 0.75 and parameters: {'n_estimators': 187, 'max_depth': 14, 'min_samples_split': 10, 'min_samples_leaf': 2}. Best is trial 0 with value: 0.8.
[I 2026-04-09 20:33:25,396] Trial 24 finished with value: 0.8 and parameters: {'n_estimators': 132, 'max_depth': 18, 'min_samples_split': 8, 'min_samples_leaf': 3}. Best is trial 0 with value: 0.8.
[I 2026-04-09 20:33:25,742] Trial 25 finished with value: 0.8 and parameters: {'n_estimators': 295, 'max_depth': 13, 'min_samples_split': 5, 'min_samples_leaf': 1}. Best is trial 0 with value: 0.8.
[I 2026-04-09 20:33:26,213] Trial 26 finished with value: 0.75 and parameters: {'n_estimators': 400, 'max_depth': 17, 'min_samples_split': 3, 'min_samples_leaf': 6}. Best is trial 0 with value: 0.8.
[I 2026-04-09 20:33:26,494] Trial 27 finished with value: 0.8 and parameters: {'n_estimators': 216, 'max_depth': 5, 'min_samples_split': 6, 'min_samples_leaf': 4}. Best is trial 0 with value: 0.8.
[I 2026-04-09 20:33:26,997] Trial 28 finished with value: 0.8 and parameters: {'n_estimators': 377, 'max_depth': 20, 'min_samples_split': 7, 'min_samples_leaf': 2}. Best is trial 0 with value: 0.8.
[I 2026-04-09 20:33:27,170] Trial 29 finished with value: 0.5 and parameters: {'n_estimators': 127, 'max_depth': 10, 'min_samples_split': 3, 'min_samples_leaf': 10}. Best is trial 0 with value: 0.8.
[I 2026-04-09 20:33:28,625] A new study created in memory with name: mlp
[I 2026-04-09 20:33:28,683] Trial 0 finished with value: 0.8 and parameters: {'hidden_layer_sizes': (200,), 'max_iter': 100, 'alpha': 0.001}. Best is trial 0 with value: 0.8.
[I 2026-04-09 20:33:28,773] Trial 1 finished with value: 0.8 and parameters: {'hidden_layer_sizes': (100, 100), 'max_iter': 100, 'alpha': 0.0001}. Best is trial 0 with value: 0.8.
[I 2026-04-09 20:33:28,817] Trial 2 finished with value: 0.8 and parameters: {'hidden_layer_sizes': (100, 100), 'max_iter': 50, 'alpha': 0.0001}. Best is trial 0 with value: 0.8.
[I 2026-04-09 20:33:28,862] Trial 3 finished with value: 0.85 and parameters: {'hidden_layer_sizes': (200,), 'max_iter': 50, 'alpha': 0.0001}. Best is trial 3 with value: 0.85.
[I 2026-04-09 20:33:28,950] Trial 4 finished with value: 0.85 and parameters: {'hidden_layer_sizes': (200,), 'max_iter': 100, 'alpha': 0.001}. Best is trial 3 with value: 0.85.
[I 2026-04-09 20:33:28,997] Trial 5 finished with value: 0.8 and parameters: {'hidden_layer_sizes': (200,), 'max_iter': 100, 'alpha': 0.0001}. Best is trial 3 with value: 0.85.
[I 2026-04-09 20:33:29,074] Trial 6 finished with value: 0.85 and parameters: {'hidden_layer_sizes': (100, 100), 'max_iter': 100, 'alpha': 0.001}. Best is trial 3 with value: 0.85.
[I 2026-04-09 20:33:29,109] Trial 7 finished with value: 0.8 and parameters: {'hidden_layer_sizes': (200,), 'max_iter': 50, 'alpha': 0.001}. Best is trial 3 with value: 0.85.
[I 2026-04-09 20:33:29,155] Trial 8 finished with value: 0.85 and parameters: {'hidden_layer_sizes': (100,), 'max_iter': 100, 'alpha': 0.001}. Best is trial 3 with value: 0.85.
[I 2026-04-09 20:33:29,184] Trial 9 finished with value: 0.85 and parameters: {'hidden_layer_sizes': (200,), 'max_iter': 50, 'alpha': 0.001}. Best is trial 3 with value: 0.85.
[I 2026-04-09 20:33:29,227] Trial 10 finished with value: 0.8 and parameters: {'hidden_layer_sizes': (100,), 'max_iter': 50, 'alpha': 0.0001}. Best is trial 3 with value: 0.85.
[I 2026-04-09 20:33:29,272] Trial 11 finished with value: 0.75 and parameters: {'hidden_layer_sizes': (200,), 'max_iter': 50, 'alpha': 0.0001}. Best is trial 3 with value: 0.85.
[I 2026-04-09 20:33:29,306] Trial 12 finished with value: 0.85 and parameters: {'hidden_layer_sizes': (200,), 'max_iter': 50, 'alpha': 0.001}. Best is trial 3 with value: 0.85.
[I 2026-04-09 20:33:29,370] Trial 13 finished with value: 0.8 and parameters: {'hidden_layer_sizes': (200,), 'max_iter': 100, 'alpha': 0.0001}. Best is trial 3 with value: 0.85.
[I 2026-04-09 20:33:29,424] Trial 14 finished with value: 0.8 and parameters: {'hidden_layer_sizes': (200,), 'max_iter': 100, 'alpha': 0.0001}. Best is trial 3 with value: 0.85.
[I 2026-04-09 20:33:29,466] Trial 15 finished with value: 0.9 and parameters: {'hidden_layer_sizes': (100,), 'max_iter': 50, 'alpha': 0.001}. Best is trial 15 with value: 0.9.
[I 2026-04-09 20:33:29,506] Trial 16 finished with value: 0.9 and parameters: {'hidden_layer_sizes': (100,), 'max_iter': 50, 'alpha': 0.0001}. Best is trial 15 with value: 0.9.
[I 2026-04-09 20:33:29,543] Trial 17 finished with value: 0.8 and parameters: {'hidden_layer_sizes': (100,), 'max_iter': 50, 'alpha': 0.001}. Best is trial 15 with value: 0.9.
[I 2026-04-09 20:33:29,591] Trial 18 finished with value: 0.85 and parameters: {'hidden_layer_sizes': (100,), 'max_iter': 50, 'alpha': 0.0001}. Best is trial 15 with value: 0.9.
[I 2026-04-09 20:33:29,630] Trial 19 finished with value: 0.7 and parameters: {'hidden_layer_sizes': (100,), 'max_iter': 50, 'alpha': 0.001}. Best is trial 15 with value: 0.9.
[I 2026-04-09 20:33:29,669] Trial 20 finished with value: 0.85 and parameters: {'hidden_layer_sizes': (100,), 'max_iter': 50, 'alpha': 0.001}. Best is trial 15 with value: 0.9.
[I 2026-04-09 20:33:29,708] Trial 21 finished with value: 0.85 and parameters: {'hidden_layer_sizes': (100,), 'max_iter': 50, 'alpha': 0.0001}. Best is trial 15 with value: 0.9.
[I 2026-04-09 20:33:29,746] Trial 22 finished with value: 0.75 and parameters: {'hidden_layer_sizes': (100,), 'max_iter': 50, 'alpha': 0.0001}. Best is trial 15 with value: 0.9.
[I 2026-04-09 20:33:29,781] Trial 23 finished with value: 0.85 and parameters: {'hidden_layer_sizes': (100,), 'max_iter': 50, 'alpha': 0.0001}. Best is trial 15 with value: 0.9.
[I 2026-04-09 20:33:29,816] Trial 24 finished with value: 0.85 and parameters: {'hidden_layer_sizes': (100,), 'max_iter': 50, 'alpha': 0.0001}. Best is trial 15 with value: 0.9.
[I 2026-04-09 20:33:29,883] Trial 25 finished with value: 0.85 and parameters: {'hidden_layer_sizes': (100, 100), 'max_iter': 50, 'alpha': 0.0001}. Best is trial 15 with value: 0.9.
[I 2026-04-09 20:33:29,923] Trial 26 finished with value: 0.85 and parameters: {'hidden_layer_sizes': (100,), 'max_iter': 50, 'alpha': 0.0001}. Best is trial 15 with value: 0.9.
[I 2026-04-09 20:33:29,960] Trial 27 finished with value: 0.8 and parameters: {'hidden_layer_sizes': (100,), 'max_iter': 50, 'alpha': 0.0001}. Best is trial 15 with value: 0.9.
[I 2026-04-09 20:33:30,020] Trial 28 finished with value: 0.9 and parameters: {'hidden_layer_sizes': (100, 100), 'max_iter': 50, 'alpha': 0.001}. Best is trial 15 with value: 0.9.
[I 2026-04-09 20:33:30,067] Trial 29 finished with value: 0.8 and parameters: {'hidden_layer_sizes': (100, 100), 'max_iter': 50, 'alpha': 0.001}. Best is trial 15 with value: 0.9.
[I 2026-04-09 20:33:36,763] A new study created in memory with name: naive_bayes
[I 2026-04-09 20:33:36,780] Trial 0 finished with value: 0.85 and parameters: {'var_smoothing': 1.0489343501429862e-10}. Best is trial 0 with value: 0.85.
[I 2026-04-09 20:33:36,792] Trial 1 finished with value: 0.85 and parameters: {'var_smoothing': 1.0086701860885373e-09}. Best is trial 0 with value: 0.85.
[I 2026-04-09 20:33:36,804] Trial 2 finished with value: 0.85 and parameters: {'var_smoothing': 9.807235097598006e-10}. Best is trial 0 with value: 0.85.
[I 2026-04-09 20:33:36,817] Trial 3 finished with value: 0.85 and parameters: {'var_smoothing': 1.8520770828517824e-10}. Best is trial 0 with value: 0.85.
[I 2026-04-09 20:33:36,830] Trial 4 finished with value: 0.85 and parameters: {'var_smoothing': 1.9240757716714087e-10}. Best is trial 0 with value: 0.85.
[I 2026-04-09 20:33:36,844] Trial 5 finished with value: 0.85 and parameters: {'var_smoothing': 2.736007926537145e-10}. Best is trial 0 with value: 0.85.
[I 2026-04-09 20:33:36,856] Trial 6 finished with value: 0.85 and parameters: {'var_smoothing': 6.87094324185739e-10}. Best is trial 0 with value: 0.85.
[I 2026-04-09 20:33:36,870] Trial 7 finished with value: 0.85 and parameters: {'var_smoothing': 3.134745855231349e-10}. Best is trial 0 with value: 0.85.
[I 2026-04-09 20:33:36,885] Trial 8 finished with value: 0.85 and parameters: {'var_smoothing': 1.4727170077821783e-10}. Best is trial 0 with value: 0.85.
[I 2026-04-09 20:33:36,898] Trial 9 finished with value: 0.85 and parameters: {'var_smoothing': 4.909048017047017e-10}. Best is trial 0 with value: 0.85.
[I 2026-04-09 20:33:36,920] Trial 10 finished with value: 0.85 and parameters: {'var_smoothing': 4.226228455594519e-09}. Best is trial 0 with value: 0.85.
[I 2026-04-09 20:33:36,937] Trial 11 finished with value: 0.85 and parameters: {'var_smoothing': 2.8481546791169343e-09}. Best is trial 0 with value: 0.85.
[I 2026-04-09 20:33:36,955] Trial 12 finished with value: 0.85 and parameters: {'var_smoothing': 1.9032336526904254e-09}. Best is trial 0 with value: 0.85.
[I 2026-04-09 20:33:36,971] Trial 13 finished with value: 0.85 and parameters: {'var_smoothing': 1.6192707465333408e-09}. Best is trial 0 with value: 0.85.
[I 2026-04-09 20:33:36,986] Trial 14 finished with value: 0.85 and parameters: {'var_smoothing': 1.0137193502251743e-10}. Best is trial 0 with value: 0.85.
[I 2026-04-09 20:33:37,002] Trial 15 finished with value: 0.85 and parameters: {'var_smoothing': 7.233291262560306e-09}. Best is trial 0 with value: 0.85.
[I 2026-04-09 20:33:37,029] Trial 16 finished with value: 0.85 and parameters: {'var_smoothing': 5.636880428096003e-10}. Best is trial 0 with value: 0.85.
[I 2026-04-09 20:33:37,047] Trial 17 finished with value: 0.85 and parameters: {'var_smoothing': 1.2682382630515742e-09}. Best is trial 0 with value: 0.85.
[I 2026-04-09 20:33:37,063] Trial 18 finished with value: 0.85 and parameters: {'var_smoothing': 3.934685686653308e-10}. Best is trial 0 with value: 0.85.
[I 2026-04-09 20:33:37,085] Trial 19 finished with value: 0.85 and parameters: {'var_smoothing': 8.419551297505738e-10}. Best is trial 0 with value: 0.85.
[I 2026-04-09 20:33:37,103] Trial 20 finished with value: 0.85 and parameters: {'var_smoothing': 2.608399883647147e-09}. Best is trial 0 with value: 0.85.
[I 2026-04-09 20:33:37,119] Trial 21 finished with value: 0.85 and parameters: {'var_smoothing': 1.1043065925699652e-09}. Best is trial 0 with value: 0.85.
[I 2026-04-09 20:33:37,136] Trial 22 finished with value: 0.85 and parameters: {'var_smoothing': 7.818254747144452e-09}. Best is trial 0 with value: 0.85.
[I 2026-04-09 20:33:37,152] Trial 23 finished with value: 0.85 and parameters: {'var_smoothing': 4.506881416225629e-09}. Best is trial 0 with value: 0.85.
[I 2026-04-09 20:33:37,170] Trial 24 finished with value: 0.85 and parameters: {'var_smoothing': 8.370195589160265e-10}. Best is trial 0 with value: 0.85.
[I 2026-04-09 20:33:37,188] Trial 25 finished with value: 0.85 and parameters: {'var_smoothing': 1.4246564400615985e-09}. Best is trial 0 with value: 0.85.
[I 2026-04-09 20:33:37,204] Trial 26 finished with value: 0.85 and parameters: {'var_smoothing': 1.055993505169999e-10}. Best is trial 0 with value: 0.85.
[I 2026-04-09 20:33:37,222] Trial 27 finished with value: 0.85 and parameters: {'var_smoothing': 2.338070103551991e-09}. Best is trial 0 with value: 0.85.
[I 2026-04-09 20:33:37,248] Trial 28 finished with value: 0.85 and parameters: {'var_smoothing': 2.9749637796955326e-10}. Best is trial 0 with value: 0.85.
[I 2026-04-09 20:33:37,265] Trial 29 finished with value: 0.85 and parameters: {'var_smoothing': 2.1414596138226606e-10}. Best is trial 0 with value: 0.85.
[I 2026-04-09 20:33:38,250] A new study created in memory with name: logreg
[I 2026-04-09 20:33:38,264] Trial 0 finished with value: 0.35 and parameters: {'C': 0.0011268620922535318, 'penalty': 'l2'}. Best is trial 0 with value: 0.35.
[I 2026-04-09 20:33:38,288] Trial 1 finished with value: 0.8 and parameters: {'C': 0.32312678588710475, 'penalty': 'l2'}. Best is trial 1 with value: 0.8.
[I 2026-04-09 20:33:38,313] Trial 2 finished with value: 0.8 and parameters: {'C': 0.3012079745112611, 'penalty': 'l2'}. Best is trial 1 with value: 0.8.
[I 2026-04-09 20:33:38,325] Trial 3 finished with value: 0.35 and parameters: {'C': 0.004668180550042529, 'penalty': 'l2'}. Best is trial 1 with value: 0.8.
[I 2026-04-09 20:33:38,338] Trial 4 finished with value: 0.4 and parameters: {'C': 0.005135177115384908, 'penalty': 'l2'}. Best is trial 1 with value: 0.8.
[I 2026-04-09 20:33:38,350] Trial 5 finished with value: 0.4 and parameters: {'C': 0.01238207351349697, 'penalty': 'l2'}. Best is trial 1 with value: 0.8.
[I 2026-04-09 20:33:38,373] Trial 6 finished with value: 0.75 and parameters: {'C': 0.12374877330306278, 'penalty': 'l2'}. Best is trial 1 with value: 0.8.
[I 2026-04-09 20:33:38,395] Trial 7 finished with value: 0.45 and parameters: {'C': 0.017398261017749217, 'penalty': 'l2'}. Best is trial 1 with value: 0.8.
[I 2026-04-09 20:33:38,408] Trial 8 finished with value: 0.35 and parameters: {'C': 0.002632074973627294, 'penalty': 'l2'}. Best is trial 1 with value: 0.8.
[I 2026-04-09 20:33:38,433] Trial 9 finished with value: 0.7 and parameters: {'C': 0.053394091359671186, 'penalty': 'l2'}. Best is trial 1 with value: 0.8.
[I 2026-04-09 20:33:38,474] Trial 10 finished with value: 0.8 and parameters: {'C': 9.528231497855979, 'penalty': 'l2'}. Best is trial 1 with value: 0.8.
[I 2026-04-09 20:33:38,516] Trial 11 finished with value: 0.75 and parameters: {'C': 1.6062566172635413, 'penalty': 'l2'}. Best is trial 1 with value: 0.8.
[I 2026-04-09 20:33:38,547] Trial 12 finished with value: 0.75 and parameters: {'C': 1.2874726910568237, 'penalty': 'l2'}. Best is trial 1 with value: 0.8.
[I 2026-04-09 20:33:38,568] Trial 13 finished with value: 0.75 and parameters: {'C': 0.5733701729424704, 'penalty': 'l2'}. Best is trial 1 with value: 0.8.
[I 2026-04-09 20:33:38,608] Trial 14 finished with value: 0.8 and parameters: {'C': 15.120040276017736, 'penalty': 'l2'}. Best is trial 1 with value: 0.8.
[I 2026-04-09 20:33:38,625] Trial 15 finished with value: 0.75 and parameters: {'C': 0.2522645130130629, 'penalty': 'l2'}. Best is trial 1 with value: 0.8.
[I 2026-04-09 20:33:38,650] Trial 16 finished with value: 0.7 and parameters: {'C': 3.7693006462440435, 'penalty': 'l2'}. Best is trial 1 with value: 0.8.
[I 2026-04-09 20:33:38,675] Trial 17 finished with value: 0.75 and parameters: {'C': 63.26611529542456, 'penalty': 'l2'}. Best is trial 1 with value: 0.8.
[I 2026-04-09 20:33:38,700] Trial 18 finished with value: 0.7 and parameters: {'C': 0.06992661290805088, 'penalty': 'l2'}. Best is trial 1 with value: 0.8.
[I 2026-04-09 20:33:38,726] Trial 19 finished with value: 0.8 and parameters: {'C': 0.3569380717309879, 'penalty': 'l2'}. Best is trial 1 with value: 0.8.
[I 2026-04-09 20:33:38,741] Trial 20 finished with value: 0.75 and parameters: {'C': 0.92082403872318, 'penalty': 'l2'}. Best is trial 1 with value: 0.8.
[I 2026-04-09 20:33:38,766] Trial 21 finished with value: 0.75 and parameters: {'C': 7.370496741999159, 'penalty': 'l2'}. Best is trial 1 with value: 0.8.
[I 2026-04-09 20:33:38,803] Trial 22 finished with value: 0.75 and parameters: {'C': 68.84714773816962, 'penalty': 'l2'}. Best is trial 1 with value: 0.8.
[I 2026-04-09 20:33:38,829] Trial 23 finished with value: 0.8 and parameters: {'C': 21.17544155139348, 'penalty': 'l2'}. Best is trial 1 with value: 0.8.
[I 2026-04-09 20:33:38,856] Trial 24 finished with value: 0.7 and parameters: {'C': 3.570264481144129, 'penalty': 'l2'}. Best is trial 1 with value: 0.8.
