[I 2026-04-07 03:30:15,446] Trial 6 finished with value: 0.975 and parameters: {'n_estimators': 100, 'max_depth': 30, 'gamma': 0.5360486096375219, 'subsample': 0.8488681925618888, 'colsample_bytree': 0.900578215847843}. Best is trial 1 with value: 1.0.
[I 2026-04-07 03:30:15,506] Trial 7 finished with value: 0.925 and parameters: {'n_estimators': 40, 'max_depth': 5, 'gamma': 0.4997010655396419, 'subsample': 0.7490698051808964, 'colsample_bytree': 0.7071731623998108}. Best is trial 1 with value: 1.0.
[I 2026-04-07 03:30:15,564] Trial 8 finished with value: 0.975 and parameters: {'n_estimators': 100, 'max_depth': 5, 'gamma': 0.5449029446194361, 'subsample': 0.7150234071055932, 'colsample_bytree': 0.8673829085180849}. Best is trial 1 with value: 1.0.
[I 2026-04-07 03:30:15,623] Trial 9 finished with value: 0.95 and parameters: {'n_estimators': 100, 'max_depth': 30, 'gamma': 0.5427360453562716, 'subsample': 0.5915763668266103, 'colsample_bytree': 0.5546552575823498}. Best is trial 1 with value: 1.0.
[I 2026-04-07 03:30:15,684] Trial 10 finished with value: 0.975 and parameters: {'n_estimators': 10, 'max_depth': 5, 'gamma': 0.8166697644905587, 'subsample': 0.9751404785189386, 'colsample_bytree': 0.7735093231652352}. Best is trial 1 with value: 1.0.
[I 2026-04-07 03:30:15,742] Trial 11 finished with value: 0.975 and parameters: {'n_estimators': 40, 'max_depth': 20, 'gamma': 0.9952092548004167, 'subsample': 0.9683640491533567, 'colsample_bytree': 0.9928642741558296}. Best is trial 1 with value: 1.0.
[I 2026-04-07 03:30:15,778] Trial 12 finished with value: 0.975 and parameters: {'n_estimators': 40, 'max_depth': 20, 'gamma': 0.983676481207403, 'subsample': 0.8829122845088755, 'colsample_bytree': 0.8106211752102093}. Best is trial 1 with value: 1.0.
[I 2026-04-07 03:30:15,816] Trial 13 finished with value: 0.925 and parameters: {'n_estimators': 40, 'max_depth': 20, 'gamma': 0.7737308083294776, 'subsample': 0.8662188927972414, 'colsample_bytree': 0.6888666758338158}. Best is trial 1 with value: 1.0.
[I 2026-04-07 03:30:15,854] Trial 14 finished with value: 0.95 and parameters: {'n_estimators': 10, 'max_depth': 5, 'gamma': 0.1118487397978592, 'subsample': 0.9176618187802201, 'colsample_bytree': 0.9990482924374496}. Best is trial 1 with value: 1.0.
[I 2026-04-07 03:30:15,902] Trial 15 finished with value: 0.975 and parameters: {'n_estimators': 100, 'max_depth': 20, 'gamma': 0.35329466441380575, 'subsample': 0.8113467514466688, 'colsample_bytree': 0.6287210900307332}. Best is trial 1 with value: 1.0.
[I 2026-04-07 03:30:15,939] Trial 16 finished with value: 0.95 and parameters: {'n_estimators': 40, 'max_depth': 20, 'gamma': 0.8711731685749494, 'subsample': 0.9299586176132004, 'colsample_bytree': 0.8521946304308765}. Best is trial 1 with value: 1.0.
[I 2026-04-07 03:30:15,977] Trial 17 finished with value: 0.95 and parameters: {'n_estimators': 40, 'max_depth': 5, 'gamma': 0.6705158501934413, 'subsample': 0.5106683207593217, 'colsample_bytree': 0.8053972925571781}. Best is trial 1 with value: 1.0.
[I 2026-04-07 03:30:16,017] Trial 18 finished with value: 0.975 and parameters: {'n_estimators': 100, 'max_depth': 5, 'gamma': 0.689753787686795, 'subsample': 0.8049201703641657, 'colsample_bytree': 0.7117948538295535}. Best is trial 1 with value: 1.0.
[I 2026-04-07 03:30:16,057] Trial 19 finished with value: 1.0 and parameters: {'n_estimators': 10, 'max_depth': 20, 'gamma': 0.345799187122584, 'subsample': 0.9961618760618361, 'colsample_bytree': 0.9337408564510504}. Best is trial 1 with value: 1.0.
[I 2026-04-07 03:30:16,097] Trial 20 finished with value: 0.975 and parameters: {'n_estimators': 10, 'max_depth': 20, 'gamma': 0.3200367643255637, 'subsample': 0.966467392365303, 'colsample_bytree': 0.8469610454948329}. Best is trial 1 with value: 1.0.
[I 2026-04-07 03:30:16,135] Trial 21 finished with value: 1.0 and parameters: {'n_estimators': 10, 'max_depth': 20, 'gamma': 0.20749691839255358, 'subsample': 0.9878737925966076, 'colsample_bytree': 0.94452538058602}. Best is trial 1 with value: 1.0.
[I 2026-04-07 03:30:16,174] Trial 22 finished with value: 1.0 and parameters: {'n_estimators': 10, 'max_depth': 20, 'gamma': 0.1500160023815133, 'subsample': 0.9874297126687622, 'colsample_bytree': 0.923479486734528}. Best is trial 1 with value: 1.0.
[I 2026-04-07 03:30:16,215] Trial 23 finished with value: 0.975 and parameters: {'n_estimators': 10, 'max_depth': 20, 'gamma': 0.21708226202196151, 'subsample': 0.946341482684828, 'colsample_bytree': 0.8846676884706415}. Best is trial 1 with value: 1.0.
[I 2026-04-07 03:30:16,253] Trial 24 finished with value: 1.0 and parameters: {'n_estimators': 10, 'max_depth': 20, 'gamma': 0.4101882179891174, 'subsample': 0.9943331663956317, 'colsample_bytree': 0.9444187432203508}. Best is trial 1 with value: 1.0.
[I 2026-04-07 03:30:16,294] Trial 25 finished with value: 0.95 and parameters: {'n_estimators': 10, 'max_depth': 5, 'gamma': 0.388590759707242, 'subsample': 0.9308171161161454, 'colsample_bytree': 0.8189857395103132}. Best is trial 1 with value: 1.0.
[I 2026-04-07 03:30:16,333] Trial 26 finished with value: 1.0 and parameters: {'n_estimators': 10, 'max_depth': 20, 'gamma': 0.2001594449851878, 'subsample': 0.8141921944771795, 'colsample_bytree': 0.9602111287611237}. Best is trial 1 with value: 1.0.
[I 2026-04-07 03:30:16,371] Trial 27 finished with value: 0.975 and parameters: {'n_estimators': 10, 'max_depth': 20, 'gamma': 0.6142828941671136, 'subsample': 0.8616966664353118, 'colsample_bytree': 0.768106746278196}. Best is trial 1 with value: 1.0.
[I 2026-04-07 03:30:16,410] Trial 28 finished with value: 0.975 and parameters: {'n_estimators': 10, 'max_depth': 30, 'gamma': 0.44500259385685825, 'subsample': 0.9422975419478402, 'colsample_bytree': 0.8944789175560366}. Best is trial 1 with value: 1.0.
[I 2026-04-07 03:30:16,458] Trial 29 finished with value: 0.975 and parameters: {'n_estimators': 100, 'max_depth': 5, 'gamma': 0.2814211627562041, 'subsample': 0.8929908265064663, 'colsample_bytree': 0.9094380329922759}. Best is trial 1 with value: 1.0.
[I 2026-04-07 03:30:17,331] A new study created in memory with name: rf
[I 2026-04-07 03:30:17,467] Trial 0 finished with value: 1.0 and parameters: {'n_estimators': 104, 'max_depth': 12, 'min_samples_split': 6, 'min_samples_leaf': 2}. Best is trial 0 with value: 1.0.
[I 2026-04-07 03:30:17,665] Trial 1 finished with value: 1.0 and parameters: {'n_estimators': 156, 'max_depth': 6, 'min_samples_split': 5, 'min_samples_leaf': 3}. Best is trial 0 with value: 1.0.
[I 2026-04-07 03:30:17,853] Trial 2 finished with value: 0.875 and parameters: {'n_estimators': 133, 'max_depth': 9, 'min_samples_split': 3, 'min_samples_leaf': 9}. Best is trial 0 with value: 1.0.
[I 2026-04-07 03:30:18,384] Trial 3 finished with value: 0.95 and parameters: {'n_estimators': 481, 'max_depth': 3, 'min_samples_split': 8, 'min_samples_leaf': 6}. Best is trial 0 with value: 1.0.
[I 2026-04-07 03:30:18,867] Trial 4 finished with value: 0.9 and parameters: {'n_estimators': 460, 'max_depth': 15, 'min_samples_split': 6, 'min_samples_leaf': 8}. Best is trial 0 with value: 1.0.
[I 2026-04-07 03:30:19,200] Trial 5 finished with value: 1.0 and parameters: {'n_estimators': 254, 'max_depth': 15, 'min_samples_split': 9, 'min_samples_leaf': 5}. Best is trial 0 with value: 1.0.
[I 2026-04-07 03:30:19,703] Trial 6 finished with value: 1.0 and parameters: {'n_estimators': 477, 'max_depth': 17, 'min_samples_split': 10, 'min_samples_leaf': 2}. Best is trial 0 with value: 1.0.
[I 2026-04-07 03:30:20,024] Trial 7 finished with value: 0.9 and parameters: {'n_estimators': 308, 'max_depth': 20, 'min_samples_split': 7, 'min_samples_leaf': 9}. Best is trial 0 with value: 1.0.
[I 2026-04-07 03:30:20,524] Trial 8 finished with value: 0.925 and parameters: {'n_estimators': 489, 'max_depth': 6, 'min_samples_split': 4, 'min_samples_leaf': 9}. Best is trial 0 with value: 1.0.
[I 2026-04-07 03:30:21,024] Trial 9 finished with value: 1.0 and parameters: {'n_estimators': 463, 'max_depth': 16, 'min_samples_split': 5, 'min_samples_leaf': 5}. Best is trial 0 with value: 1.0.
[I 2026-04-07 03:30:21,307] Trial 10 finished with value: 1.0 and parameters: {'n_estimators': 233, 'max_depth': 11, 'min_samples_split': 2, 'min_samples_leaf': 1}. Best is trial 0 with value: 1.0.
[I 2026-04-07 03:30:21,470] Trial 11 finished with value: 1.0 and parameters: {'n_estimators': 100, 'max_depth': 8, 'min_samples_split': 6, 'min_samples_leaf': 3}. Best is trial 0 with value: 1.0.
[I 2026-04-07 03:30:21,673] Trial 12 finished with value: 1.0 and parameters: {'n_estimators': 172, 'max_depth': 12, 'min_samples_split': 5, 'min_samples_leaf': 3}. Best is trial 0 with value: 1.0.
[I 2026-04-07 03:30:21,897] Trial 13 finished with value: 1.0 and parameters: {'n_estimators': 194, 'max_depth': 3, 'min_samples_split': 7, 'min_samples_leaf': 3}. Best is trial 0 with value: 1.0.
[I 2026-04-07 03:30:22,271] Trial 14 finished with value: 1.0 and parameters: {'n_estimators': 339, 'max_depth': 12, 'min_samples_split': 4, 'min_samples_leaf': 1}. Best is trial 0 with value: 1.0.
[I 2026-04-07 03:30:22,466] Trial 15 finished with value: 1.0 and parameters: {'n_estimators': 161, 'max_depth': 6, 'min_samples_split': 5, 'min_samples_leaf': 4}. Best is trial 0 with value: 1.0.
[I 2026-04-07 03:30:22,658] Trial 16 finished with value: 0.925 and parameters: {'n_estimators': 104, 'max_depth': 9, 'min_samples_split': 7, 'min_samples_leaf': 7}. Best is trial 0 with value: 1.0.
[I 2026-04-07 03:30:23,031] Trial 17 finished with value: 1.0 and parameters: {'n_estimators': 359, 'max_depth': 5, 'min_samples_split': 2, 'min_samples_leaf': 2}. Best is trial 0 with value: 1.0.
[I 2026-04-07 03:30:23,285] Trial 18 finished with value: 1.0 and parameters: {'n_estimators': 222, 'max_depth': 10, 'min_samples_split': 4, 'min_samples_leaf': 4}. Best is trial 0 with value: 1.0.
[I 2026-04-07 03:30:23,751] Trial 19 finished with value: 1.0 and parameters: {'n_estimators': 405, 'max_depth': 13, 'min_samples_split': 6, 'min_samples_leaf': 2}. Best is trial 0 with value: 1.0.
[I 2026-04-07 03:30:23,927] Trial 20 finished with value: 1.0 and parameters: {'n_estimators': 144, 'max_depth': 8, 'min_samples_split': 8, 'min_samples_leaf': 4}. Best is trial 0 with value: 1.0.
[I 2026-04-07 03:30:24,224] Trial 21 finished with value: 0.975 and parameters: {'n_estimators': 269, 'max_depth': 14, 'min_samples_split': 9, 'min_samples_leaf': 5}. Best is trial 0 with value: 1.0.
[I 2026-04-07 03:30:24,499] Trial 22 finished with value: 0.925 and parameters: {'n_estimators': 252, 'max_depth': 19, 'min_samples_split': 10, 'min_samples_leaf': 7}. Best is trial 0 with value: 1.0.
[I 2026-04-07 03:30:24,764] Trial 23 finished with value: 0.95 and parameters: {'n_estimators': 196, 'max_depth': 14, 'min_samples_split': 8, 'min_samples_leaf': 6}. Best is trial 0 with value: 1.0.
[I 2026-04-07 03:30:25,122] Trial 24 finished with value: 1.0 and parameters: {'n_estimators': 279, 'max_depth': 17, 'min_samples_split': 9, 'min_samples_leaf': 4}. Best is trial 0 with value: 1.0.
[I 2026-04-07 03:30:25,277] Trial 25 finished with value: 1.0 and parameters: {'n_estimators': 124, 'max_depth': 11, 'min_samples_split': 5, 'min_samples_leaf': 3}. Best is trial 0 with value: 1.0.
[I 2026-04-07 03:30:25,502] Trial 26 finished with value: 1.0 and parameters: {'n_estimators': 194, 'max_depth': 13, 'min_samples_split': 7, 'min_samples_leaf': 1}. Best is trial 0 with value: 1.0.
[I 2026-04-07 03:30:25,750] Trial 27 finished with value: 1.0 and parameters: {'n_estimators': 170, 'max_depth': 17, 'min_samples_split': 3, 'min_samples_leaf': 5}. Best is trial 0 with value: 1.0.
[I 2026-04-07 03:30:26,008] Trial 28 finished with value: 1.0 and parameters: {'n_estimators': 219, 'max_depth': 15, 'min_samples_split': 6, 'min_samples_leaf': 2}. Best is trial 0 with value: 1.0.
[I 2026-04-07 03:30:26,203] Trial 29 finished with value: 0.8 and parameters: {'n_estimators': 129, 'max_depth': 10, 'min_samples_split': 3, 'min_samples_leaf': 10}. Best is trial 0 with value: 1.0.
[I 2026-04-07 03:30:28,107] A new study created in memory with name: mlp
[I 2026-04-07 03:30:28,182] Trial 0 finished with value: 0.775 and parameters: {'hidden_layer_sizes': (200,), 'max_iter': 100, 'alpha': 0.001}. Best is trial 0 with value: 0.775.
[I 2026-04-07 03:30:28,259] Trial 1 finished with value: 0.75 and parameters: {'hidden_layer_sizes': (100, 100), 'max_iter': 100, 'alpha': 0.0001}. Best is trial 0 with value: 0.775.
[I 2026-04-07 03:30:28,305] Trial 2 finished with value: 0.725 and parameters: {'hidden_layer_sizes': (100, 100), 'max_iter': 50, 'alpha': 0.0001}. Best is trial 0 with value: 0.775.
[I 2026-04-07 03:30:28,341] Trial 3 finished with value: 0.8 and parameters: {'hidden_layer_sizes': (200,), 'max_iter': 50, 'alpha': 0.0001}. Best is trial 3 with value: 0.8.
[I 2026-04-07 03:30:28,397] Trial 4 finished with value: 0.775 and parameters: {'hidden_layer_sizes': (200,), 'max_iter': 100, 'alpha': 0.001}. Best is trial 3 with value: 0.8.
[I 2026-04-07 03:30:28,453] Trial 5 finished with value: 0.75 and parameters: {'hidden_layer_sizes': (200,), 'max_iter': 100, 'alpha': 0.0001}. Best is trial 3 with value: 0.8.
[I 2026-04-07 03:30:28,519] Trial 6 finished with value: 0.725 and parameters: {'hidden_layer_sizes': (100, 100), 'max_iter': 100, 'alpha': 0.001}. Best is trial 3 with value: 0.8.
[I 2026-04-07 03:30:28,555] Trial 7 finished with value: 0.8 and parameters: {'hidden_layer_sizes': (200,), 'max_iter': 50, 'alpha': 0.001}. Best is trial 3 with value: 0.8.
[I 2026-04-07 03:30:28,601] Trial 8 finished with value: 0.8 and parameters: {'hidden_layer_sizes': (100,), 'max_iter': 100, 'alpha': 0.001}. Best is trial 3 with value: 0.8.
[I 2026-04-07 03:30:28,637] Trial 9 finished with value: 0.775 and parameters: {'hidden_layer_sizes': (200,), 'max_iter': 50, 'alpha': 0.001}. Best is trial 3 with value: 0.8.
[I 2026-04-07 03:30:28,675] Trial 10 finished with value: 0.75 and parameters: {'hidden_layer_sizes': (100,), 'max_iter': 50, 'alpha': 0.0001}. Best is trial 3 with value: 0.8.
[I 2026-04-07 03:30:28,714] Trial 11 finished with value: 0.825 and parameters: {'hidden_layer_sizes': (200,), 'max_iter': 50, 'alpha': 0.0001}. Best is trial 11 with value: 0.825.
[I 2026-04-07 03:30:28,751] Trial 12 finished with value: 0.8 and parameters: {'hidden_layer_sizes': (200,), 'max_iter': 50, 'alpha': 0.0001}. Best is trial 11 with value: 0.825.
[I 2026-04-07 03:30:28,797] Trial 13 finished with value: 0.8 and parameters: {'hidden_layer_sizes': (200,), 'max_iter': 50, 'alpha': 0.0001}. Best is trial 11 with value: 0.825.
[I 2026-04-07 03:30:28,835] Trial 14 finished with value: 0.775 and parameters: {'hidden_layer_sizes': (200,), 'max_iter': 50, 'alpha': 0.0001}. Best is trial 11 with value: 0.825.
[I 2026-04-07 03:30:28,872] Trial 15 finished with value: 0.775 and parameters: {'hidden_layer_sizes': (100,), 'max_iter': 50, 'alpha': 0.0001}. Best is trial 11 with value: 0.825.
[I 2026-04-07 03:30:28,910] Trial 16 finished with value: 0.8 and parameters: {'hidden_layer_sizes': (200,), 'max_iter': 50, 'alpha': 0.0001}. Best is trial 11 with value: 0.825.
[I 2026-04-07 03:30:28,948] Trial 17 finished with value: 0.775 and parameters: {'hidden_layer_sizes': (200,), 'max_iter': 50, 'alpha': 0.0001}. Best is trial 11 with value: 0.825.
[I 2026-04-07 03:30:28,997] Trial 18 finished with value: 0.775 and parameters: {'hidden_layer_sizes': (100, 100), 'max_iter': 50, 'alpha': 0.0001}. Best is trial 11 with value: 0.825.
[I 2026-04-07 03:30:29,035] Trial 19 finished with value: 0.75 and parameters: {'hidden_layer_sizes': (100,), 'max_iter': 50, 'alpha': 0.0001}. Best is trial 11 with value: 0.825.
[I 2026-04-07 03:30:29,074] Trial 20 finished with value: 0.825 and parameters: {'hidden_layer_sizes': (200,), 'max_iter': 50, 'alpha': 0.0001}. Best is trial 11 with value: 0.825.
[I 2026-04-07 03:30:29,112] Trial 21 finished with value: 0.8 and parameters: {'hidden_layer_sizes': (200,), 'max_iter': 50, 'alpha': 0.0001}. Best is trial 11 with value: 0.825.
[I 2026-04-07 03:30:29,150] Trial 22 finished with value: 0.75 and parameters: {'hidden_layer_sizes': (200,), 'max_iter': 50, 'alpha': 0.0001}. Best is trial 11 with value: 0.825.
[I 2026-04-07 03:30:29,189] Trial 23 finished with value: 0.75 and parameters: {'hidden_layer_sizes': (200,), 'max_iter': 50, 'alpha': 0.0001}. Best is trial 11 with value: 0.825.
[I 2026-04-07 03:30:29,227] Trial 24 finished with value: 0.775 and parameters: {'hidden_layer_sizes': (200,), 'max_iter': 50, 'alpha': 0.0001}. Best is trial 11 with value: 0.825.
[I 2026-04-07 03:30:29,272] Trial 25 finished with value: 0.75 and parameters: {'hidden_layer_sizes': (200,), 'max_iter': 50, 'alpha': 0.0001}. Best is trial 11 with value: 0.825.
[I 2026-04-07 03:30:29,306] Trial 26 finished with value: 0.8 and parameters: {'hidden_layer_sizes': (200,), 'max_iter': 50, 'alpha': 0.0001}. Best is trial 11 with value: 0.825.
[I 2026-04-07 03:30:29,340] Trial 27 finished with value: 0.8 and parameters: {'hidden_layer_sizes': (200,), 'max_iter': 50, 'alpha': 0.0001}. Best is trial 11 with value: 0.825.
[I 2026-04-07 03:30:29,374] Trial 28 finished with value: 0.725 and parameters: {'hidden_layer_sizes': (100,), 'max_iter': 50, 'alpha': 0.0001}. Best is trial 11 with value: 0.825.
[I 2026-04-07 03:30:29,448] Trial 29 finished with value: 0.75 and parameters: {'hidden_layer_sizes': (100, 100), 'max_iter': 100, 'alpha': 0.001}. Best is trial 11 with value: 0.825.
[I 2026-04-07 03:30:34,462] A new study created in memory with name: naive_bayes
[I 2026-04-07 03:30:34,477] Trial 0 finished with value: 0.925 and parameters: {'var_smoothing': 1.0489343501429862e-10}. Best is trial 0 with value: 0.925.
[I 2026-04-07 03:30:34,489] Trial 1 finished with value: 0.925 and parameters: {'var_smoothing': 1.0086701860885373e-09}. Best is trial 0 with value: 0.925.
[I 2026-04-07 03:30:34,502] Trial 2 finished with value: 0.925 and parameters: {'var_smoothing': 9.807235097598006e-10}. Best is trial 0 with value: 0.925.
[I 2026-04-07 03:30:34,514] Trial 3 finished with value: 0.925 and parameters: {'var_smoothing': 1.8520770828517824e-10}. Best is trial 0 with value: 0.925.
[I 2026-04-07 03:30:34,526] Trial 4 finished with value: 0.925 and parameters: {'var_smoothing': 1.9240757716714087e-10}. Best is trial 0 with value: 0.925.
[I 2026-04-07 03:30:34,538] Trial 5 finished with value: 0.925 and parameters: {'var_smoothing': 2.736007926537145e-10}. Best is trial 0 with value: 0.925.
[I 2026-04-07 03:30:34,550] Trial 6 finished with value: 0.925 and parameters: {'var_smoothing': 6.87094324185739e-10}. Best is trial 0 with value: 0.925.
[I 2026-04-07 03:30:34,562] Trial 7 finished with value: 0.925 and parameters: {'var_smoothing': 3.134745855231349e-10}. Best is trial 0 with value: 0.925.
[I 2026-04-07 03:30:34,574] Trial 8 finished with value: 0.925 and parameters: {'var_smoothing': 1.4727170077821783e-10}. Best is trial 0 with value: 0.925.
[I 2026-04-07 03:30:34,586] Trial 9 finished with value: 0.925 and parameters: {'var_smoothing': 4.909048017047017e-10}. Best is trial 0 with value: 0.925.
[I 2026-04-07 03:30:34,602] Trial 10 finished with value: 0.925 and parameters: {'var_smoothing': 4.226228455594519e-09}. Best is trial 0 with value: 0.925.
[I 2026-04-07 03:30:34,617] Trial 11 finished with value: 0.925 and parameters: {'var_smoothing': 2.8481546791169343e-09}. Best is trial 0 with value: 0.925.
[I 2026-04-07 03:30:34,632] Trial 12 finished with value: 0.925 and parameters: {'var_smoothing': 1.9032336526904254e-09}. Best is trial 0 with value: 0.925.
[I 2026-04-07 03:30:34,657] Trial 13 finished with value: 0.925 and parameters: {'var_smoothing': 1.6192707465333408e-09}. Best is trial 0 with value: 0.925.
[I 2026-04-07 03:30:34,687] Trial 14 finished with value: 0.925 and parameters: {'var_smoothing': 1.0137193502251743e-10}. Best is trial 0 with value: 0.925.
[I 2026-04-07 03:30:34,706] Trial 15 finished with value: 0.925 and parameters: {'var_smoothing': 7.233291262560306e-09}. Best is trial 0 with value: 0.925.
[I 2026-04-07 03:30:34,736] Trial 16 finished with value: 0.925 and parameters: {'var_smoothing': 5.636880428096003e-10}. Best is trial 0 with value: 0.925.
[I 2026-04-07 03:30:34,756] Trial 17 finished with value: 0.925 and parameters: {'var_smoothing': 1.2682382630515742e-09}. Best is trial 0 with value: 0.925.
[I 2026-04-07 03:30:34,775] Trial 18 finished with value: 0.925 and parameters: {'var_smoothing': 3.934685686653308e-10}. Best is trial 0 with value: 0.925.
[I 2026-04-07 03:30:34,794] Trial 19 finished with value: 0.925 and parameters: {'var_smoothing': 8.419551297505738e-10}. Best is trial 0 with value: 0.925.
[I 2026-04-07 03:30:34,814] Trial 20 finished with value: 0.925 and parameters: {'var_smoothing': 2.608399883647147e-09}. Best is trial 0 with value: 0.925.
[I 2026-04-07 03:30:34,833] Trial 21 finished with value: 0.925 and parameters: {'var_smoothing': 1.1043065925699652e-09}. Best is trial 0 with value: 0.925.
[I 2026-04-07 03:30:34,853] Trial 22 finished with value: 0.925 and parameters: {'var_smoothing': 7.818254747144452e-09}. Best is trial 0 with value: 0.925.
[I 2026-04-07 03:30:34,870] Trial 23 finished with value: 0.925 and parameters: {'var_smoothing': 4.506881416225629e-09}. Best is trial 0 with value: 0.925.
[I 2026-04-07 03:30:34,889] Trial 24 finished with value: 0.925 and parameters: {'var_smoothing': 8.370195589160265e-10}. Best is trial 0 with value: 0.925.
[I 2026-04-07 03:30:34,909] Trial 25 finished with value: 0.925 and parameters: {'var_smoothing': 1.4246564400615985e-09}. Best is trial 0 with value: 0.925.
[I 2026-04-07 03:30:34,939] Trial 26 finished with value: 0.925 and parameters: {'var_smoothing': 1.055993505169999e-10}. Best is trial 0 with value: 0.925.
