[I 2026-04-07 03:31:56,516] Trial 27 finished with value: 0.9 and parameters: {'C': 85.24338876706314, 'penalty': 'l2'}. Best is trial 10 with value: 0.9.
[I 2026-04-07 03:31:56,547] Trial 28 finished with value: 0.8666666666666666 and parameters: {'C': 14.451193479788197, 'penalty': 'l2'}. Best is trial 10 with value: 0.9.
[I 2026-04-07 03:31:56,575] Trial 29 finished with value: 0.7666666666666668 and parameters: {'C': 0.5511681301396717, 'penalty': 'l2'}. Best is trial 10 with value: 0.9.
[I 2026-04-07 03:31:57,432] A new study created in memory with name: knn
[I 2026-04-07 03:31:57,457] Trial 0 finished with value: 0.7666666666666668 and parameters: {'n_neighbors': 4, 'leaf_size': 38, 'p': 2}. Best is trial 0 with value: 0.7666666666666668.
[I 2026-04-07 03:31:57,473] Trial 1 finished with value: 0.7833333333333334 and parameters: {'n_neighbors': 6, 'leaf_size': 32, 'p': 1}. Best is trial 1 with value: 0.7833333333333334.
[I 2026-04-07 03:31:57,488] Trial 2 finished with value: 0.7666666666666668 and parameters: {'n_neighbors': 5, 'leaf_size': 23, 'p': 2}. Best is trial 1 with value: 0.7833333333333334.
[I 2026-04-07 03:31:57,514] Trial 3 finished with value: 0.7833333333333334 and parameters: {'n_neighbors': 6, 'leaf_size': 23, 'p': 1}. Best is trial 1 with value: 0.7833333333333334.
[I 2026-04-07 03:31:57,530] Trial 4 finished with value: 0.7833333333333334 and parameters: {'n_neighbors': 6, 'leaf_size': 26, 'p': 1}. Best is trial 1 with value: 0.7833333333333334.
[I 2026-04-07 03:31:57,545] Trial 5 finished with value: 0.8333333333333334 and parameters: {'n_neighbors': 7, 'leaf_size': 25, 'p': 1}. Best is trial 5 with value: 0.8333333333333334.
[I 2026-04-07 03:31:57,561] Trial 6 finished with value: 0.7666666666666668 and parameters: {'n_neighbors': 5, 'leaf_size': 23, 'p': 2}. Best is trial 5 with value: 0.8333333333333334.
[I 2026-04-07 03:31:57,577] Trial 7 finished with value: 0.7166666666666666 and parameters: {'n_neighbors': 10, 'leaf_size': 23, 'p': 2}. Best is trial 5 with value: 0.8333333333333334.
[I 2026-04-07 03:31:57,592] Trial 8 finished with value: 0.75 and parameters: {'n_neighbors': 8, 'leaf_size': 36, 'p': 2}. Best is trial 5 with value: 0.8333333333333334.
[I 2026-04-07 03:31:57,608] Trial 9 finished with value: 0.7 and parameters: {'n_neighbors': 3, 'leaf_size': 30, 'p': 2}. Best is trial 5 with value: 0.8333333333333334.
[I 2026-04-07 03:31:57,638] Trial 10 finished with value: 0.8166666666666667 and parameters: {'n_neighbors': 8, 'leaf_size': 29, 'p': 1}. Best is trial 5 with value: 0.8333333333333334.
[I 2026-04-07 03:31:57,667] Trial 11 finished with value: 0.8166666666666667 and parameters: {'n_neighbors': 8, 'leaf_size': 29, 'p': 1}. Best is trial 5 with value: 0.8333333333333334.
[I 2026-04-07 03:31:57,686] Trial 12 finished with value: 0.8166666666666667 and parameters: {'n_neighbors': 8, 'leaf_size': 27, 'p': 1}. Best is trial 5 with value: 0.8333333333333334.
[I 2026-04-07 03:31:57,704] Trial 13 finished with value: 0.8166666666666667 and parameters: {'n_neighbors': 9, 'leaf_size': 33, 'p': 1}. Best is trial 5 with value: 0.8333333333333334.
[I 2026-04-07 03:31:57,734] Trial 14 finished with value: 0.8333333333333334 and parameters: {'n_neighbors': 7, 'leaf_size': 27, 'p': 1}. Best is trial 5 with value: 0.8333333333333334.
[I 2026-04-07 03:31:57,753] Trial 15 finished with value: 0.8333333333333334 and parameters: {'n_neighbors': 7, 'leaf_size': 26, 'p': 1}. Best is trial 5 with value: 0.8333333333333334.
[I 2026-04-07 03:31:57,782] Trial 16 finished with value: 0.8333333333333334 and parameters: {'n_neighbors': 7, 'leaf_size': 21, 'p': 1}. Best is trial 5 with value: 0.8333333333333334.
[I 2026-04-07 03:31:57,804] Trial 17 finished with value: 0.8 and parameters: {'n_neighbors': 10, 'leaf_size': 20, 'p': 1}. Best is trial 5 with value: 0.8333333333333334.
[I 2026-04-07 03:31:57,828] Trial 18 finished with value: 0.8 and parameters: {'n_neighbors': 5, 'leaf_size': 33, 'p': 1}. Best is trial 5 with value: 0.8333333333333334.
[I 2026-04-07 03:31:57,855] Trial 19 finished with value: 0.8166666666666667 and parameters: {'n_neighbors': 9, 'leaf_size': 27, 'p': 1}. Best is trial 5 with value: 0.8333333333333334.
[I 2026-04-07 03:31:57,889] Trial 20 finished with value: 0.8333333333333334 and parameters: {'n_neighbors': 7, 'leaf_size': 25, 'p': 1}. Best is trial 5 with value: 0.8333333333333334.
[I 2026-04-07 03:31:57,924] Trial 21 finished with value: 0.8333333333333334 and parameters: {'n_neighbors': 7, 'leaf_size': 25, 'p': 1}. Best is trial 5 with value: 0.8333333333333334.
[I 2026-04-07 03:31:57,948] Trial 22 finished with value: 0.8333333333333334 and parameters: {'n_neighbors': 7, 'leaf_size': 28, 'p': 1}. Best is trial 5 with value: 0.8333333333333334.
[I 2026-04-07 03:31:57,973] Trial 23 finished with value: 0.8166666666666667 and parameters: {'n_neighbors': 9, 'leaf_size': 31, 'p': 1}. Best is trial 5 with value: 0.8333333333333334.
[I 2026-04-07 03:31:58,007] Trial 24 finished with value: 0.7833333333333334 and parameters: {'n_neighbors': 6, 'leaf_size': 25, 'p': 1}. Best is trial 5 with value: 0.8333333333333334.
[I 2026-04-07 03:31:58,031] Trial 25 finished with value: 0.8333333333333334 and parameters: {'n_neighbors': 7, 'leaf_size': 27, 'p': 1}. Best is trial 5 with value: 0.8333333333333334.
[I 2026-04-07 03:31:58,055] Trial 26 finished with value: 0.8166666666666667 and parameters: {'n_neighbors': 8, 'leaf_size': 21, 'p': 1}. Best is trial 5 with value: 0.8333333333333334.
[I 2026-04-07 03:31:58,091] Trial 27 finished with value: 0.8 and parameters: {'n_neighbors': 5, 'leaf_size': 25, 'p': 1}. Best is trial 5 with value: 0.8333333333333334.
[I 2026-04-07 03:31:58,116] Trial 28 finished with value: 0.7833333333333334 and parameters: {'n_neighbors': 6, 'leaf_size': 29, 'p': 1}. Best is trial 5 with value: 0.8333333333333334.
[I 2026-04-07 03:31:58,141] Trial 29 finished with value: 0.7666666666666668 and parameters: {'n_neighbors': 4, 'leaf_size': 40, 'p': 2}. Best is trial 5 with value: 0.8333333333333334.
[I 2026-04-07 03:31:59,432] A new study created in memory with name: xgb
[I 2026-04-07 03:31:59,459] Trial 0 finished with value: 0.9666666666666666 and parameters: {'n_estimators': 40, 'max_depth': 5, 'gamma': 0.789317070832284, 'subsample': 0.7592089939364717, 'colsample_bytree': 0.648400250788111}. Best is trial 0 with value: 0.9666666666666666.
[I 2026-04-07 03:31:59,486] Trial 1 finished with value: 0.9666666666666666 and parameters: {'n_estimators': 100, 'max_depth': 30, 'gamma': 0.34667781579300216, 'subsample': 0.7071175095405257, 'colsample_bytree': 0.6480399663668239}. Best is trial 0 with value: 0.9666666666666666.
[I 2026-04-07 03:31:59,513] Trial 2 finished with value: 0.95 and parameters: {'n_estimators': 10, 'max_depth': 20, 'gamma': 0.3948075529198607, 'subsample': 0.5720821503267102, 'colsample_bytree': 0.5828064306006338}. Best is trial 0 with value: 0.9666666666666666.
[I 2026-04-07 03:31:59,541] Trial 3 finished with value: 0.95 and parameters: {'n_estimators': 10, 'max_depth': 30, 'gamma': 0.8015631269999768, 'subsample': 0.5114665462195407, 'colsample_bytree': 0.788831429064878}. Best is trial 0 with value: 0.9666666666666666.
[I 2026-04-07 03:31:59,569] Trial 4 finished with value: 0.9666666666666666 and parameters: {'n_estimators': 100, 'max_depth': 5, 'gamma': 0.8834347783013348, 'subsample': 0.961374806972835, 'colsample_bytree': 0.5011071062662218}. Best is trial 0 with value: 0.9666666666666666.
[I 2026-04-07 03:31:59,597] Trial 5 finished with value: 0.9666666666666666 and parameters: {'n_estimators': 40, 'max_depth': 5, 'gamma': 0.5364379674896123, 'subsample': 0.5145557818363589, 'colsample_bytree': 0.5432628442011025}. Best is trial 0 with value: 0.9666666666666666.
[I 2026-04-07 03:31:59,635] Trial 6 finished with value: 0.9666666666666666 and parameters: {'n_estimators': 100, 'max_depth': 20, 'gamma': 0.6718205850237038, 'subsample': 0.9059511955902053, 'colsample_bytree': 0.9633413076219371}. Best is trial 0 with value: 0.9666666666666666.
[I 2026-04-07 03:31:59,662] Trial 7 finished with value: 0.95 and parameters: {'n_estimators': 10, 'max_depth': 30, 'gamma': 0.8165284487704038, 'subsample': 0.5255714015506736, 'colsample_bytree': 0.594333867896554}. Best is trial 0 with value: 0.9666666666666666.
[I 2026-04-07 03:31:59,690] Trial 8 finished with value: 0.9666666666666666 and parameters: {'n_estimators': 100, 'max_depth': 20, 'gamma': 0.6251497693480509, 'subsample': 0.9696496759824258, 'colsample_bytree': 0.9717700410079397}. Best is trial 0 with value: 0.9666666666666666.
[I 2026-04-07 03:31:59,718] Trial 9 finished with value: 0.9666666666666666 and parameters: {'n_estimators': 40, 'max_depth': 30, 'gamma': 0.9649927737686168, 'subsample': 0.6857563076640036, 'colsample_bytree': 0.5061847058001788}. Best is trial 0 with value: 0.9666666666666666.
[I 2026-04-07 03:31:59,755] Trial 10 finished with value: 0.9666666666666666 and parameters: {'n_estimators': 40, 'max_depth': 5, 'gamma': 0.17962098877423716, 'subsample': 0.8225184540606401, 'colsample_bytree': 0.7743115296703093}. Best is trial 0 with value: 0.9666666666666666.
[I 2026-04-07 03:31:59,793] Trial 11 finished with value: 0.9666666666666666 and parameters: {'n_estimators': 40, 'max_depth': 5, 'gamma': 0.284144177802935, 'subsample': 0.7137332854536631, 'colsample_bytree': 0.6815498556783907}. Best is trial 0 with value: 0.9666666666666666.
[I 2026-04-07 03:31:59,831] Trial 12 finished with value: 0.9666666666666666 and parameters: {'n_estimators': 100, 'max_depth': 30, 'gamma': 0.4460361445163697, 'subsample': 0.6425328048515475, 'colsample_bytree': 0.679730053828248}. Best is trial 0 with value: 0.9666666666666666.
[I 2026-04-07 03:31:59,869] Trial 13 finished with value: 0.9666666666666666 and parameters: {'n_estimators': 40, 'max_depth': 5, 'gamma': 0.15813912455139084, 'subsample': 0.7844515830692418, 'colsample_bytree': 0.6758652093499296}. Best is trial 0 with value: 0.9666666666666666.
[I 2026-04-07 03:31:59,907] Trial 14 finished with value: 0.9666666666666666 and parameters: {'n_estimators': 100, 'max_depth': 30, 'gamma': 0.6918007402171132, 'subsample': 0.8431105857116872, 'colsample_bytree': 0.8216506181347186}. Best is trial 0 with value: 0.9666666666666666.
[I 2026-04-07 03:31:59,954] Trial 15 finished with value: 0.9666666666666666 and parameters: {'n_estimators': 100, 'max_depth': 30, 'gamma': 0.349760846204061, 'subsample': 0.6341284233145288, 'colsample_bytree': 0.8604557310580807}. Best is trial 0 with value: 0.9666666666666666.
[I 2026-04-07 03:31:59,991] Trial 16 finished with value: 0.9666666666666666 and parameters: {'n_estimators': 40, 'max_depth': 5, 'gamma': 0.5201464803795712, 'subsample': 0.7450819645371771, 'colsample_bytree': 0.6198858180831269}. Best is trial 0 with value: 0.9666666666666666.
[I 2026-04-07 03:32:00,029] Trial 17 finished with value: 0.9666666666666666 and parameters: {'n_estimators': 40, 'max_depth': 30, 'gamma': 0.24898809859426368, 'subsample': 0.8794206962560682, 'colsample_bytree': 0.7109611479294711}. Best is trial 0 with value: 0.9666666666666666.
[I 2026-04-07 03:32:00,077] Trial 18 finished with value: 0.9666666666666666 and parameters: {'n_estimators': 100, 'max_depth': 5, 'gamma': 0.9913860986584816, 'subsample': 0.7789286533284532, 'colsample_bytree': 0.6271428698415437}. Best is trial 0 with value: 0.9666666666666666.
[I 2026-04-07 03:32:00,114] Trial 19 finished with value: 0.95 and parameters: {'n_estimators': 10, 'max_depth': 20, 'gamma': 0.1024661458044199, 'subsample': 0.6385018241519915, 'colsample_bytree': 0.7256286391121816}. Best is trial 0 with value: 0.9666666666666666.
[I 2026-04-07 03:32:00,152] Trial 20 finished with value: 0.9666666666666666 and parameters: {'n_estimators': 100, 'max_depth': 5, 'gamma': 0.7591732860443527, 'subsample': 0.690163639384909, 'colsample_bytree': 0.8803558534234343}. Best is trial 0 with value: 0.9666666666666666.
[I 2026-04-07 03:32:00,195] Trial 21 finished with value: 0.9666666666666666 and parameters: {'n_estimators': 100, 'max_depth': 5, 'gamma': 0.8981403947458704, 'subsample': 0.9838309308823413, 'colsample_bytree': 0.5078040578333631}. Best is trial 0 with value: 0.9666666666666666.
[I 2026-04-07 03:32:00,253] Trial 22 finished with value: 0.9666666666666666 and parameters: {'n_estimators': 100, 'max_depth': 5, 'gamma': 0.8808927211239763, 'subsample': 0.9248467623616837, 'colsample_bytree': 0.5669818954429469}. Best is trial 0 with value: 0.9666666666666666.
[I 2026-04-07 03:32:00,300] Trial 23 finished with value: 0.9666666666666666 and parameters: {'n_estimators': 100, 'max_depth': 5, 'gamma': 0.6079077014452581, 'subsample': 0.8265511453623737, 'colsample_bytree': 0.6294375903235043}. Best is trial 0 with value: 0.9666666666666666.
[I 2026-04-07 03:32:00,355] Trial 24 finished with value: 0.9666666666666666 and parameters: {'n_estimators': 100, 'max_depth': 5, 'gamma': 0.7317312562547039, 'subsample': 0.752393242302102, 'colsample_bytree': 0.5404851804257818}. Best is trial 0 with value: 0.9666666666666666.
[I 2026-04-07 03:32:00,396] Trial 25 finished with value: 0.9666666666666666 and parameters: {'n_estimators': 40, 'max_depth': 30, 'gamma': 0.8450881868198733, 'subsample': 0.5883938220001491, 'colsample_bytree': 0.6506365650695458}. Best is trial 0 with value: 0.9666666666666666.
[I 2026-04-07 03:32:00,445] Trial 26 finished with value: 0.9666666666666666 and parameters: {'n_estimators': 100, 'max_depth': 5, 'gamma': 0.4716537747796622, 'subsample': 0.9587736501222557, 'colsample_bytree': 0.7405047040670925}. Best is trial 0 with value: 0.9666666666666666.
[I 2026-04-07 03:32:00,483] Trial 27 finished with value: 0.9666666666666666 and parameters: {'n_estimators': 100, 'max_depth': 5, 'gamma': 0.9331854551821752, 'subsample': 0.8639794643036683, 'colsample_bytree': 0.5473570631774235}. Best is trial 0 with value: 0.9666666666666666.
[I 2026-04-07 03:32:00,522] Trial 28 finished with value: 0.9666666666666666 and parameters: {'n_estimators': 10, 'max_depth': 20, 'gamma': 0.3133995406827549, 'subsample': 0.7814761682492076, 'colsample_bytree': 0.7052199827910534}. Best is trial 0 with value: 0.9666666666666666.
[I 2026-04-07 03:32:00,561] Trial 29 finished with value: 0.9666666666666666 and parameters: {'n_estimators': 40, 'max_depth': 30, 'gamma': 0.37328927285040886, 'subsample': 0.5705611108710953, 'colsample_bytree': 0.5908487847839511}. Best is trial 0 with value: 0.9666666666666666.
[I 2026-04-07 03:32:00,927] A new study created in memory with name: rf
[I 2026-04-07 03:32:01,163] Trial 0 finished with value: 0.9166666666666667 and parameters: {'n_estimators': 189, 'max_depth': 18, 'min_samples_split': 3, 'min_samples_leaf': 10}. Best is trial 0 with value: 0.9166666666666667.
[I 2026-04-07 03:32:01,510] Trial 1 finished with value: 0.9666666666666668 and parameters: {'n_estimators': 295, 'max_depth': 14, 'min_samples_split': 8, 'min_samples_leaf': 6}. Best is trial 1 with value: 0.9666666666666668.
[I 2026-04-07 03:32:01,750] Trial 2 finished with value: 0.9333333333333333 and parameters: {'n_estimators': 219, 'max_depth': 6, 'min_samples_split': 2, 'min_samples_leaf': 8}. Best is trial 1 with value: 0.9666666666666668.
[I 2026-04-07 03:32:02,051] Trial 3 finished with value: 0.9833333333333334 and parameters: {'n_estimators': 276, 'max_depth': 5, 'min_samples_split': 9, 'min_samples_leaf': 3}. Best is trial 3 with value: 0.9833333333333334.
[I 2026-04-07 03:32:02,373] Trial 4 finished with value: 0.95 and parameters: {'n_estimators': 266, 'max_depth': 8, 'min_samples_split': 7, 'min_samples_leaf': 6}. Best is trial 3 with value: 0.9833333333333334.
[I 2026-04-07 03:32:02,785] Trial 5 finished with value: 1.0 and parameters: {'n_estimators': 340, 'max_depth': 7, 'min_samples_split': 4, 'min_samples_leaf': 3}. Best is trial 5 with value: 1.0.
[I 2026-04-07 03:32:03,044] Trial 6 finished with value: 0.9333333333333332 and parameters: {'n_estimators': 231, 'max_depth': 5, 'min_samples_split': 3, 'min_samples_leaf': 10}. Best is trial 5 with value: 1.0.
[I 2026-04-07 03:32:03,543] Trial 7 finished with value: 1.0 and parameters: {'n_estimators': 485, 'max_depth': 6, 'min_samples_split': 2, 'min_samples_leaf': 3}. Best is trial 5 with value: 1.0.
[I 2026-04-07 03:32:03,935] Trial 8 finished with value: 0.9666666666666666 and parameters: {'n_estimators': 380, 'max_depth': 17, 'min_samples_split': 2, 'min_samples_leaf': 6}. Best is trial 5 with value: 1.0.
[I 2026-04-07 03:32:04,053] Trial 9 finished with value: 0.8833333333333332 and parameters: {'n_estimators': 100, 'max_depth': 12, 'min_samples_split': 7, 'min_samples_leaf': 10}. Best is trial 5 with value: 1.0.
[I 2026-04-07 03:32:04,487] Trial 10 finished with value: 1.0 and parameters: {'n_estimators': 384, 'max_depth': 10, 'min_samples_split': 5, 'min_samples_leaf': 2}. Best is trial 5 with value: 1.0.
[I 2026-04-07 03:32:05,015] Trial 11 finished with value: 1.0 and parameters: {'n_estimators': 498, 'max_depth': 8, 'min_samples_split': 5, 'min_samples_leaf': 4}. Best is trial 5 with value: 1.0.
[I 2026-04-07 03:32:05,542] Trial 12 finished with value: 1.0 and parameters: {'n_estimators': 489, 'max_depth': 3, 'min_samples_split': 4, 'min_samples_leaf': 1}. Best is trial 5 with value: 1.0.
[I 2026-04-07 03:32:06,006] Trial 13 finished with value: 0.9833333333333334 and parameters: {'n_estimators': 406, 'max_depth': 9, 'min_samples_split': 4, 'min_samples_leaf': 4}. Best is trial 5 with value: 1.0.
[I 2026-04-07 03:32:06,453] Trial 14 finished with value: 1.0 and parameters: {'n_estimators': 436, 'max_depth': 13, 'min_samples_split': 2, 'min_samples_leaf': 1}. Best is trial 5 with value: 1.0.
[I 2026-04-07 03:32:06,858] Trial 15 finished with value: 0.9666666666666666 and parameters: {'n_estimators': 347, 'max_depth': 3, 'min_samples_split': 5, 'min_samples_leaf': 4}. Best is trial 5 with value: 1.0.
[I 2026-04-07 03:32:07,334] Trial 16 finished with value: 1.0 and parameters: {'n_estimators': 445, 'max_depth': 7, 'min_samples_split': 10, 'min_samples_leaf': 3}. Best is trial 5 with value: 1.0.
[I 2026-04-07 03:32:07,713] Trial 17 finished with value: 1.0 and parameters: {'n_estimators': 334, 'max_depth': 11, 'min_samples_split': 3, 'min_samples_leaf': 2}. Best is trial 5 with value: 1.0.
[I 2026-04-07 03:32:07,905] Trial 18 finished with value: 1.0 and parameters: {'n_estimators': 111, 'max_depth': 15, 'min_samples_split': 4, 'min_samples_leaf': 5}. Best is trial 5 with value: 1.0.
[I 2026-04-07 03:32:08,390] Trial 19 finished with value: 0.95 and parameters: {'n_estimators': 451, 'max_depth': 5, 'min_samples_split': 6, 'min_samples_leaf': 8}. Best is trial 5 with value: 1.0.
[I 2026-04-07 03:32:08,588] Trial 20 finished with value: 1.0 and parameters: {'n_estimators': 160, 'max_depth': 9, 'min_samples_split': 3, 'min_samples_leaf': 2}. Best is trial 5 with value: 1.0.
[I 2026-04-07 03:32:08,976] Trial 21 finished with value: 0.9833333333333334 and parameters: {'n_estimators': 345, 'max_depth': 10, 'min_samples_split': 5, 'min_samples_leaf': 2}. Best is trial 5 with value: 1.0.
[I 2026-04-07 03:32:09,404] Trial 22 finished with value: 1.0 and parameters: {'n_estimators': 384, 'max_depth': 20, 'min_samples_split': 6, 'min_samples_leaf': 3}. Best is trial 5 with value: 1.0.
[I 2026-04-07 03:32:09,847] Trial 23 finished with value: 1.0 and parameters: {'n_estimators': 411, 'max_depth': 7, 'min_samples_split': 4, 'min_samples_leaf': 1}. Best is trial 5 with value: 1.0.
[I 2026-04-07 03:32:10,191] Trial 24 finished with value: 0.9833333333333334 and parameters: {'n_estimators': 318, 'max_depth': 11, 'min_samples_split': 5, 'min_samples_leaf': 5}. Best is trial 5 with value: 1.0.
[I 2026-04-07 03:32:10,610] Trial 25 finished with value: 1.0 and parameters: {'n_estimators': 379, 'max_depth': 10, 'min_samples_split': 6, 'min_samples_leaf': 3}. Best is trial 5 with value: 1.0.
[I 2026-04-07 03:32:11,146] Trial 26 finished with value: 0.9833333333333334 and parameters: {'n_estimators': 470, 'max_depth': 4, 'min_samples_split': 2, 'min_samples_leaf': 2}. Best is trial 5 with value: 1.0.
[I 2026-04-07 03:32:11,589] Trial 27 finished with value: 0.9833333333333334 and parameters: {'n_estimators': 415, 'max_depth': 8, 'min_samples_split': 7, 'min_samples_leaf': 4}. Best is trial 5 with value: 1.0.
[I 2026-04-07 03:32:11,996] Trial 28 finished with value: 0.9833333333333334 and parameters: {'n_estimators': 369, 'max_depth': 6, 'min_samples_split': 3, 'min_samples_leaf': 2}. Best is trial 5 with value: 1.0.
[I 2026-04-07 03:32:12,484] Trial 29 finished with value: 0.9833333333333334 and parameters: {'n_estimators': 470, 'max_depth': 16, 'min_samples_split': 4, 'min_samples_leaf': 5}. Best is trial 5 with value: 1.0.
[I 2026-04-07 03:32:17,012] A new study created in memory with name: mlp
[I 2026-04-07 03:32:17,069] Trial 0 finished with value: 0.7333333333333332 and parameters: {'hidden_layer_sizes': (200,), 'max_iter': 50, 'alpha': 0.001}. Best is trial 0 with value: 0.7333333333333332.
[I 2026-04-07 03:32:17,136] Trial 1 finished with value: 0.7666666666666666 and parameters: {'hidden_layer_sizes': (100,), 'max_iter': 100, 'alpha': 0.0001}. Best is trial 1 with value: 0.7666666666666666.
[I 2026-04-07 03:32:17,202] Trial 2 finished with value: 0.7666666666666668 and parameters: {'hidden_layer_sizes': (100,), 'max_iter': 100, 'alpha': 0.001}. Best is trial 2 with value: 0.7666666666666668.
[I 2026-04-07 03:32:17,238] Trial 3 finished with value: 0.75 and parameters: {'hidden_layer_sizes': (200,), 'max_iter': 50, 'alpha': 0.001}. Best is trial 2 with value: 0.7666666666666668.
[I 2026-04-07 03:32:17,294] Trial 4 finished with value: 0.7666666666666666 and parameters: {'hidden_layer_sizes': (100,), 'max_iter': 100, 'alpha': 0.0001}. Best is trial 2 with value: 0.7666666666666668.
