[I 2026-04-07 00:46:15,768] Trial 4 finished with value: 0.65 and parameters: {'n_neighbors': 6, 'leaf_size': 26, 'p': 1}. Best is trial 0 with value: 0.75.
[I 2026-04-07 00:46:15,782] Trial 5 finished with value: 0.55 and parameters: {'n_neighbors': 7, 'leaf_size': 25, 'p': 1}. Best is trial 0 with value: 0.75.
[I 2026-04-07 00:46:15,796] Trial 6 finished with value: 0.7 and parameters: {'n_neighbors': 5, 'leaf_size': 23, 'p': 2}. Best is trial 0 with value: 0.75.
[I 2026-04-07 00:46:15,811] Trial 7 finished with value: 0.6 and parameters: {'n_neighbors': 10, 'leaf_size': 23, 'p': 2}. Best is trial 0 with value: 0.75.
[I 2026-04-07 00:46:15,825] Trial 8 finished with value: 0.7 and parameters: {'n_neighbors': 8, 'leaf_size': 36, 'p': 2}. Best is trial 0 with value: 0.75.
[I 2026-04-07 00:46:15,849] Trial 9 finished with value: 0.65 and parameters: {'n_neighbors': 3, 'leaf_size': 30, 'p': 2}. Best is trial 0 with value: 0.75.
[I 2026-04-07 00:46:15,875] Trial 10 finished with value: 0.65 and parameters: {'n_neighbors': 3, 'leaf_size': 40, 'p': 2}. Best is trial 0 with value: 0.75.
[I 2026-04-07 00:46:15,900] Trial 11 finished with value: 0.75 and parameters: {'n_neighbors': 4, 'leaf_size': 20, 'p': 2}. Best is trial 0 with value: 0.75.
[I 2026-04-07 00:46:15,926] Trial 12 finished with value: 0.75 and parameters: {'n_neighbors': 4, 'leaf_size': 35, 'p': 2}. Best is trial 0 with value: 0.75.
[I 2026-04-07 00:46:15,960] Trial 13 finished with value: 0.75 and parameters: {'n_neighbors': 4, 'leaf_size': 20, 'p': 2}. Best is trial 0 with value: 0.75.
[I 2026-04-07 00:46:15,995] Trial 14 finished with value: 0.75 and parameters: {'n_neighbors': 4, 'leaf_size': 39, 'p': 2}. Best is trial 0 with value: 0.75.
[I 2026-04-07 00:46:16,038] Trial 15 finished with value: 0.7 and parameters: {'n_neighbors': 8, 'leaf_size': 29, 'p': 2}. Best is trial 0 with value: 0.75.
[I 2026-04-07 00:46:16,062] Trial 16 finished with value: 0.65 and parameters: {'n_neighbors': 3, 'leaf_size': 35, 'p': 2}. Best is trial 0 with value: 0.75.
[I 2026-04-07 00:46:16,084] Trial 17 finished with value: 0.7 and parameters: {'n_neighbors': 5, 'leaf_size': 32, 'p': 2}. Best is trial 0 with value: 0.75.
[I 2026-04-07 00:46:16,108] Trial 18 finished with value: 0.55 and parameters: {'n_neighbors': 10, 'leaf_size': 37, 'p': 1}. Best is trial 0 with value: 0.75.
[I 2026-04-07 00:46:16,131] Trial 19 finished with value: 0.75 and parameters: {'n_neighbors': 4, 'leaf_size': 20, 'p': 2}. Best is trial 0 with value: 0.75.
[I 2026-04-07 00:46:16,154] Trial 20 finished with value: 0.65 and parameters: {'n_neighbors': 7, 'leaf_size': 27, 'p': 2}. Best is trial 0 with value: 0.75.
[I 2026-04-07 00:46:16,178] Trial 21 finished with value: 0.75 and parameters: {'n_neighbors': 4, 'leaf_size': 34, 'p': 2}. Best is trial 0 with value: 0.75.
[I 2026-04-07 00:46:16,212] Trial 22 finished with value: 0.7 and parameters: {'n_neighbors': 5, 'leaf_size': 38, 'p': 2}. Best is trial 0 with value: 0.75.
[I 2026-04-07 00:46:16,240] Trial 23 finished with value: 0.65 and parameters: {'n_neighbors': 3, 'leaf_size': 34, 'p': 2}. Best is trial 0 with value: 0.75.
[I 2026-04-07 00:46:16,267] Trial 24 finished with value: 0.75 and parameters: {'n_neighbors': 4, 'leaf_size': 32, 'p': 2}. Best is trial 0 with value: 0.75.
[I 2026-04-07 00:46:16,290] Trial 25 finished with value: 0.7 and parameters: {'n_neighbors': 5, 'leaf_size': 37, 'p': 2}. Best is trial 0 with value: 0.75.
[I 2026-04-07 00:46:16,325] Trial 26 finished with value: 0.75 and parameters: {'n_neighbors': 4, 'leaf_size': 40, 'p': 1}. Best is trial 0 with value: 0.75.
[I 2026-04-07 00:46:16,352] Trial 27 finished with value: 0.65 and parameters: {'n_neighbors': 3, 'leaf_size': 33, 'p': 2}. Best is trial 0 with value: 0.75.
[I 2026-04-07 00:46:16,377] Trial 28 finished with value: 0.5 and parameters: {'n_neighbors': 9, 'leaf_size': 29, 'p': 2}. Best is trial 0 with value: 0.75.
[I 2026-04-07 00:46:16,401] Trial 29 finished with value: 0.65 and parameters: {'n_neighbors': 6, 'leaf_size': 36, 'p': 1}. Best is trial 0 with value: 0.75.
[I 2026-04-07 00:46:17,572] A new study created in memory with name: xgb
[I 2026-04-07 00:46:17,597] Trial 0 finished with value: 0.9 and parameters: {'n_estimators': 40, 'max_depth': 5, 'gamma': 0.789317070832284, 'subsample': 0.7592089939364717, 'colsample_bytree': 0.648400250788111}. Best is trial 0 with value: 0.9.
[I 2026-04-07 00:46:17,634] Trial 1 finished with value: 0.85 and parameters: {'n_estimators': 100, 'max_depth': 30, 'gamma': 0.34667781579300216, 'subsample': 0.7071175095405257, 'colsample_bytree': 0.6480399663668239}. Best is trial 0 with value: 0.9.
[I 2026-04-07 00:46:17,662] Trial 2 finished with value: 0.9 and parameters: {'n_estimators': 10, 'max_depth': 20, 'gamma': 0.3948075529198607, 'subsample': 0.5720821503267102, 'colsample_bytree': 0.5828064306006338}. Best is trial 0 with value: 0.9.
[I 2026-04-07 00:46:17,688] Trial 3 finished with value: 0.9 and parameters: {'n_estimators': 10, 'max_depth': 30, 'gamma': 0.8015631269999768, 'subsample': 0.5114665462195407, 'colsample_bytree': 0.788831429064878}. Best is trial 0 with value: 0.9.
[I 2026-04-07 00:46:17,726] Trial 4 finished with value: 0.9 and parameters: {'n_estimators': 100, 'max_depth': 5, 'gamma': 0.8834347783013348, 'subsample': 0.961374806972835, 'colsample_bytree': 0.5011071062662218}. Best is trial 0 with value: 0.9.
[I 2026-04-07 00:46:17,753] Trial 5 finished with value: 1.0 and parameters: {'n_estimators': 40, 'max_depth': 5, 'gamma': 0.5364379674896123, 'subsample': 0.5145557818363589, 'colsample_bytree': 0.5432628442011025}. Best is trial 5 with value: 1.0.
[I 2026-04-07 00:46:17,791] Trial 6 finished with value: 0.9 and parameters: {'n_estimators': 100, 'max_depth': 20, 'gamma': 0.6718205850237038, 'subsample': 0.9059511955902053, 'colsample_bytree': 0.9633413076219371}. Best is trial 5 with value: 1.0.
[I 2026-04-07 00:46:17,816] Trial 7 finished with value: 0.85 and parameters: {'n_estimators': 10, 'max_depth': 30, 'gamma': 0.8165284487704038, 'subsample': 0.5255714015506736, 'colsample_bytree': 0.594333867896554}. Best is trial 5 with value: 1.0.
[I 2026-04-07 00:46:17,854] Trial 8 finished with value: 0.95 and parameters: {'n_estimators': 100, 'max_depth': 20, 'gamma': 0.6251497693480509, 'subsample': 0.9696496759824258, 'colsample_bytree': 0.9717700410079397}. Best is trial 5 with value: 1.0.
[I 2026-04-07 00:46:17,881] Trial 9 finished with value: 0.85 and parameters: {'n_estimators': 40, 'max_depth': 30, 'gamma': 0.9649927737686168, 'subsample': 0.6857563076640036, 'colsample_bytree': 0.5061847058001788}. Best is trial 5 with value: 1.0.
[I 2026-04-07 00:46:17,929] Trial 10 finished with value: 0.85 and parameters: {'n_estimators': 40, 'max_depth': 5, 'gamma': 0.17962098877423716, 'subsample': 0.8185311023645913, 'colsample_bytree': 0.7898330861721071}. Best is trial 5 with value: 1.0.
[I 2026-04-07 00:46:17,966] Trial 11 finished with value: 0.85 and parameters: {'n_estimators': 40, 'max_depth': 20, 'gamma': 0.5304178328780275, 'subsample': 0.6388052294316233, 'colsample_bytree': 0.9523787574342063}. Best is trial 5 with value: 1.0.
[I 2026-04-07 00:46:18,004] Trial 12 finished with value: 0.85 and parameters: {'n_estimators': 100, 'max_depth': 5, 'gamma': 0.5696439826398885, 'subsample': 0.8552352886814291, 'colsample_bytree': 0.8613659655163468}. Best is trial 5 with value: 1.0.
[I 2026-04-07 00:46:18,042] Trial 13 finished with value: 0.95 and parameters: {'n_estimators': 40, 'max_depth': 20, 'gamma': 0.6143565345460473, 'subsample': 0.9982774069433007, 'colsample_bytree': 0.8739399509582558}. Best is trial 5 with value: 1.0.
[I 2026-04-07 00:46:18,091] Trial 14 finished with value: 0.8 and parameters: {'n_estimators': 100, 'max_depth': 20, 'gamma': 0.4856975542205138, 'subsample': 0.6261700290644392, 'colsample_bytree': 0.7221120520809101}. Best is trial 5 with value: 1.0.
[I 2026-04-07 00:46:18,129] Trial 15 finished with value: 0.85 and parameters: {'n_estimators': 100, 'max_depth': 5, 'gamma': 0.6879849342040444, 'subsample': 0.8060973220299602, 'colsample_bytree': 0.8984734844460647}. Best is trial 5 with value: 1.0.
[I 2026-04-07 00:46:18,166] Trial 16 finished with value: 0.9 and parameters: {'n_estimators': 40, 'max_depth': 20, 'gamma': 0.28348273058911083, 'subsample': 0.9030781308369584, 'colsample_bytree': 0.7130873994589939}. Best is trial 5 with value: 1.0.
[I 2026-04-07 00:46:18,205] Trial 17 finished with value: 0.8 and parameters: {'n_estimators': 40, 'max_depth': 5, 'gamma': 0.4542223897838519, 'subsample': 0.741913118130876, 'colsample_bytree': 0.9950595795464995}. Best is trial 5 with value: 1.0.
[I 2026-04-07 00:46:18,243] Trial 18 finished with value: 0.85 and parameters: {'n_estimators': 100, 'max_depth': 5, 'gamma': 0.13456748759891074, 'subsample': 0.5940239072130228, 'colsample_bytree': 0.8226995476368899}. Best is trial 5 with value: 1.0.
[I 2026-04-07 00:46:18,281] Trial 19 finished with value: 0.9 and parameters: {'n_estimators': 10, 'max_depth': 20, 'gamma': 0.6904432602114849, 'subsample': 0.9069538572199282, 'colsample_bytree': 0.6676053359201292}. Best is trial 5 with value: 1.0.
[I 2026-04-07 00:46:18,320] Trial 20 finished with value: 0.8 and parameters: {'n_estimators': 100, 'max_depth': 20, 'gamma': 0.4103955284940396, 'subsample': 0.6807657686349444, 'colsample_bytree': 0.5475478628406834}. Best is trial 5 with value: 1.0.
[I 2026-04-07 00:46:18,358] Trial 21 finished with value: 0.95 and parameters: {'n_estimators': 40, 'max_depth': 20, 'gamma': 0.6065161766804955, 'subsample': 0.9920151345142506, 'colsample_bytree': 0.9097895987343033}. Best is trial 5 with value: 1.0.
[I 2026-04-07 00:46:18,398] Trial 22 finished with value: 0.95 and parameters: {'n_estimators': 40, 'max_depth': 20, 'gamma': 0.6237577915926255, 'subsample': 0.9918848736641267, 'colsample_bytree': 0.8840854929827522}. Best is trial 5 with value: 1.0.
[I 2026-04-07 00:46:18,436] Trial 23 finished with value: 0.95 and parameters: {'n_estimators': 40, 'max_depth': 20, 'gamma': 0.5154061868503079, 'subsample': 0.9621933440722102, 'colsample_bytree': 0.9415847836686517}. Best is trial 5 with value: 1.0.
[I 2026-04-07 00:46:18,477] Trial 24 finished with value: 0.9 and parameters: {'n_estimators': 40, 'max_depth': 20, 'gamma': 0.7214412597069495, 'subsample': 0.9398762152542861, 'colsample_bytree': 0.846021050642203}. Best is trial 5 with value: 1.0.
[I 2026-04-07 00:46:18,517] Trial 25 finished with value: 0.85 and parameters: {'n_estimators': 40, 'max_depth': 5, 'gamma': 0.5961545578844439, 'subsample': 0.8637059622575762, 'colsample_bytree': 0.9902457748336942}. Best is trial 5 with value: 1.0.
[I 2026-04-07 00:46:18,555] Trial 26 finished with value: 0.85 and parameters: {'n_estimators': 40, 'max_depth': 20, 'gamma': 0.2657992938296229, 'subsample': 0.7973156954301797, 'colsample_bytree': 0.9182969387072324}. Best is trial 5 with value: 1.0.
[I 2026-04-07 00:46:18,594] Trial 27 finished with value: 0.9 and parameters: {'n_estimators': 40, 'max_depth': 20, 'gamma': 0.45141229547874595, 'subsample': 0.8540581555803297, 'colsample_bytree': 0.7756105231694411}. Best is trial 5 with value: 1.0.
[I 2026-04-07 00:46:18,631] Trial 28 finished with value: 0.9 and parameters: {'n_estimators': 10, 'max_depth': 30, 'gamma': 0.5636122126240967, 'subsample': 0.9353024533023344, 'colsample_bytree': 0.8342529287966802}. Best is trial 5 with value: 1.0.
[I 2026-04-07 00:46:18,668] Trial 29 finished with value: 0.9 and parameters: {'n_estimators': 100, 'max_depth': 5, 'gamma': 0.7500802665223197, 'subsample': 0.9999642605065616, 'colsample_bytree': 0.6664605245411273}. Best is trial 5 with value: 1.0.
[I 2026-04-07 00:46:19,517] A new study created in memory with name: rf
[I 2026-04-07 00:46:19,712] Trial 0 finished with value: 0.5 and parameters: {'n_estimators': 189, 'max_depth': 18, 'min_samples_split': 3, 'min_samples_leaf': 10}. Best is trial 0 with value: 0.5.
[I 2026-04-07 00:46:20,027] Trial 1 finished with value: 0.8 and parameters: {'n_estimators': 295, 'max_depth': 14, 'min_samples_split': 8, 'min_samples_leaf': 6}. Best is trial 1 with value: 0.8.
[I 2026-04-07 00:46:20,255] Trial 2 finished with value: 0.5 and parameters: {'n_estimators': 219, 'max_depth': 6, 'min_samples_split': 2, 'min_samples_leaf': 8}. Best is trial 1 with value: 0.8.
[I 2026-04-07 00:46:20,553] Trial 3 finished with value: 0.95 and parameters: {'n_estimators': 276, 'max_depth': 5, 'min_samples_split': 9, 'min_samples_leaf': 3}. Best is trial 3 with value: 0.95.
[I 2026-04-07 00:46:20,842] Trial 4 finished with value: 0.9 and parameters: {'n_estimators': 266, 'max_depth': 8, 'min_samples_split': 7, 'min_samples_leaf': 6}. Best is trial 3 with value: 0.95.
[I 2026-04-07 00:46:21,201] Trial 5 finished with value: 0.9 and parameters: {'n_estimators': 340, 'max_depth': 7, 'min_samples_split': 4, 'min_samples_leaf': 3}. Best is trial 3 with value: 0.95.
[I 2026-04-07 00:46:21,450] Trial 6 finished with value: 0.5 and parameters: {'n_estimators': 231, 'max_depth': 5, 'min_samples_split': 3, 'min_samples_leaf': 10}. Best is trial 3 with value: 0.95.
[I 2026-04-07 00:46:21,931] Trial 7 finished with value: 0.9 and parameters: {'n_estimators': 485, 'max_depth': 6, 'min_samples_split': 2, 'min_samples_leaf': 3}. Best is trial 3 with value: 0.95.
[I 2026-04-07 00:46:22,371] Trial 8 finished with value: 0.9 and parameters: {'n_estimators': 380, 'max_depth': 17, 'min_samples_split': 2, 'min_samples_leaf': 6}. Best is trial 3 with value: 0.95.
[I 2026-04-07 00:46:22,488] Trial 9 finished with value: 0.5 and parameters: {'n_estimators': 100, 'max_depth': 12, 'min_samples_split': 7, 'min_samples_leaf': 10}. Best is trial 3 with value: 0.95.
[I 2026-04-07 00:46:23,014] Trial 10 finished with value: 0.95 and parameters: {'n_estimators': 446, 'max_depth': 3, 'min_samples_split': 10, 'min_samples_leaf': 2}. Best is trial 3 with value: 0.95.
[I 2026-04-07 00:46:23,518] Trial 11 finished with value: 0.9 and parameters: {'n_estimators': 436, 'max_depth': 3, 'min_samples_split': 10, 'min_samples_leaf': 1}. Best is trial 3 with value: 0.95.
[I 2026-04-07 00:46:23,974] Trial 12 finished with value: 0.9 and parameters: {'n_estimators': 387, 'max_depth': 3, 'min_samples_split': 10, 'min_samples_leaf': 2}. Best is trial 3 with value: 0.95.
[I 2026-04-07 00:46:24,510] Trial 13 finished with value: 0.9 and parameters: {'n_estimators': 483, 'max_depth': 9, 'min_samples_split': 9, 'min_samples_leaf': 4}. Best is trial 3 with value: 0.95.
[I 2026-04-07 00:46:24,916] Trial 14 finished with value: 0.9 and parameters: {'n_estimators': 338, 'max_depth': 10, 'min_samples_split': 5, 'min_samples_leaf': 1}. Best is trial 3 with value: 0.95.
[I 2026-04-07 00:46:25,125] Trial 15 finished with value: 0.95 and parameters: {'n_estimators': 170, 'max_depth': 3, 'min_samples_split': 9, 'min_samples_leaf': 4}. Best is trial 3 with value: 0.95.
[I 2026-04-07 00:46:25,578] Trial 16 finished with value: 0.95 and parameters: {'n_estimators': 390, 'max_depth': 20, 'min_samples_split': 8, 'min_samples_leaf': 4}. Best is trial 3 with value: 0.95.
[I 2026-04-07 00:46:26,069] Trial 17 finished with value: 0.95 and parameters: {'n_estimators': 435, 'max_depth': 12, 'min_samples_split': 10, 'min_samples_leaf': 2}. Best is trial 3 with value: 0.95.
[I 2026-04-07 00:46:26,452] Trial 18 finished with value: 0.95 and parameters: {'n_estimators': 318, 'max_depth': 5, 'min_samples_split': 6, 'min_samples_leaf': 5}. Best is trial 3 with value: 0.95.
[I 2026-04-07 00:46:26,764] Trial 19 finished with value: 0.95 and parameters: {'n_estimators': 273, 'max_depth': 14, 'min_samples_split': 9, 'min_samples_leaf': 2}. Best is trial 3 with value: 0.95.
[I 2026-04-07 00:46:26,936] Trial 20 finished with value: 0.9 and parameters: {'n_estimators': 131, 'max_depth': 10, 'min_samples_split': 8, 'min_samples_leaf': 3}. Best is trial 3 with value: 0.95.
[I 2026-04-07 00:46:27,180] Trial 21 finished with value: 0.95 and parameters: {'n_estimators': 157, 'max_depth': 3, 'min_samples_split': 9, 'min_samples_leaf': 4}. Best is trial 3 with value: 0.95.
[I 2026-04-07 00:46:27,434] Trial 22 finished with value: 0.8 and parameters: {'n_estimators': 211, 'max_depth': 4, 'min_samples_split': 9, 'min_samples_leaf': 5}. Best is trial 3 with value: 0.95.
[I 2026-04-07 00:46:27,677] Trial 23 finished with value: 0.95 and parameters: {'n_estimators': 170, 'max_depth': 5, 'min_samples_split': 10, 'min_samples_leaf': 3}. Best is trial 3 with value: 0.95.
[I 2026-04-07 00:46:27,972] Trial 24 finished with value: 0.9 and parameters: {'n_estimators': 255, 'max_depth': 3, 'min_samples_split': 7, 'min_samples_leaf': 1}. Best is trial 3 with value: 0.95.
[I 2026-04-07 00:46:28,458] Trial 25 finished with value: 0.5 and parameters: {'n_estimators': 419, 'max_depth': 7, 'min_samples_split': 8, 'min_samples_leaf': 7}. Best is trial 3 with value: 0.95.
[I 2026-04-07 00:46:28,618] Trial 26 finished with value: 0.95 and parameters: {'n_estimators': 123, 'max_depth': 4, 'min_samples_split': 6, 'min_samples_leaf': 4}. Best is trial 3 with value: 0.95.
[I 2026-04-07 00:46:28,951] Trial 27 finished with value: 0.95 and parameters: {'n_estimators': 298, 'max_depth': 7, 'min_samples_split': 9, 'min_samples_leaf': 2}. Best is trial 3 with value: 0.95.
[I 2026-04-07 00:46:29,218] Trial 28 finished with value: 0.95 and parameters: {'n_estimators': 242, 'max_depth': 5, 'min_samples_split': 10, 'min_samples_leaf': 5}. Best is trial 3 with value: 0.95.
[I 2026-04-07 00:46:29,482] Trial 29 finished with value: 0.95 and parameters: {'n_estimators': 181, 'max_depth': 4, 'min_samples_split': 9, 'min_samples_leaf': 3}. Best is trial 3 with value: 0.95.
[I 2026-04-07 00:46:32,530] A new study created in memory with name: mlp
[I 2026-04-07 00:46:32,574] Trial 0 finished with value: 0.75 and parameters: {'hidden_layer_sizes': (200,), 'max_iter': 50, 'alpha': 0.001}. Best is trial 0 with value: 0.75.
[I 2026-04-07 00:46:32,630] Trial 1 finished with value: 0.7 and parameters: {'hidden_layer_sizes': (100,), 'max_iter': 100, 'alpha': 0.0001}. Best is trial 0 with value: 0.75.
[I 2026-04-07 00:46:32,686] Trial 2 finished with value: 0.75 and parameters: {'hidden_layer_sizes': (100,), 'max_iter': 100, 'alpha': 0.001}. Best is trial 0 with value: 0.75.
[I 2026-04-07 00:46:32,722] Trial 3 finished with value: 0.65 and parameters: {'hidden_layer_sizes': (200,), 'max_iter': 50, 'alpha': 0.001}. Best is trial 0 with value: 0.75.
[I 2026-04-07 00:46:32,778] Trial 4 finished with value: 0.7 and parameters: {'hidden_layer_sizes': (100,), 'max_iter': 100, 'alpha': 0.0001}. Best is trial 0 with value: 0.75.
[I 2026-04-07 00:46:32,833] Trial 5 finished with value: 0.75 and parameters: {'hidden_layer_sizes': (100,), 'max_iter': 100, 'alpha': 0.001}. Best is trial 0 with value: 0.75.
[I 2026-04-07 00:46:32,879] Trial 6 finished with value: 0.65 and parameters: {'hidden_layer_sizes': (200,), 'max_iter': 100, 'alpha': 0.001}. Best is trial 0 with value: 0.75.
[I 2026-04-07 00:46:32,925] Trial 7 finished with value: 0.65 and parameters: {'hidden_layer_sizes': (200,), 'max_iter': 100, 'alpha': 0.001}. Best is trial 0 with value: 0.75.
[I 2026-04-07 00:46:32,970] Trial 8 finished with value: 0.75 and parameters: {'hidden_layer_sizes': (100,), 'max_iter': 100, 'alpha': 0.001}. Best is trial 0 with value: 0.75.
[I 2026-04-07 00:46:33,006] Trial 9 finished with value: 0.55 and parameters: {'hidden_layer_sizes': (100,), 'max_iter': 50, 'alpha': 0.001}. Best is trial 0 with value: 0.75.
[I 2026-04-07 00:46:33,053] Trial 10 finished with value: 0.65 and parameters: {'hidden_layer_sizes': (100, 100), 'max_iter': 50, 'alpha': 0.0001}. Best is trial 0 with value: 0.75.
[I 2026-04-07 00:46:33,101] Trial 11 finished with value: 0.6 and parameters: {'hidden_layer_sizes': (100, 100), 'max_iter': 50, 'alpha': 0.001}. Best is trial 0 with value: 0.75.
[I 2026-04-07 00:46:33,138] Trial 12 finished with value: 0.65 and parameters: {'hidden_layer_sizes': (200,), 'max_iter': 50, 'alpha': 0.001}. Best is trial 0 with value: 0.75.
[I 2026-04-07 00:46:33,182] Trial 13 finished with value: 0.65 and parameters: {'hidden_layer_sizes': (200,), 'max_iter': 50, 'alpha': 0.001}. Best is trial 0 with value: 0.75.
[I 2026-04-07 00:46:33,257] Trial 14 finished with value: 0.65 and parameters: {'hidden_layer_sizes': (100, 100), 'max_iter': 100, 'alpha': 0.0001}. Best is trial 0 with value: 0.75.
[I 2026-04-07 00:46:33,292] Trial 15 finished with value: 0.6 and parameters: {'hidden_layer_sizes': (100,), 'max_iter': 50, 'alpha': 0.001}. Best is trial 0 with value: 0.75.
[I 2026-04-07 00:46:33,341] Trial 16 finished with value: 0.7 and parameters: {'hidden_layer_sizes': (200,), 'max_iter': 100, 'alpha': 0.001}. Best is trial 0 with value: 0.75.
[I 2026-04-07 00:46:33,380] Trial 17 finished with value: 0.75 and parameters: {'hidden_layer_sizes': (200,), 'max_iter': 50, 'alpha': 0.001}. Best is trial 0 with value: 0.75.
[I 2026-04-07 00:46:33,428] Trial 18 finished with value: 0.65 and parameters: {'hidden_layer_sizes': (100,), 'max_iter': 100, 'alpha': 0.0001}. Best is trial 0 with value: 0.75.
[I 2026-04-07 00:46:33,476] Trial 19 finished with value: 0.65 and parameters: {'hidden_layer_sizes': (100, 100), 'max_iter': 50, 'alpha': 0.001}. Best is trial 0 with value: 0.75.
[I 2026-04-07 00:46:33,525] Trial 20 finished with value: 0.75 and parameters: {'hidden_layer_sizes': (200,), 'max_iter': 100, 'alpha': 0.001}. Best is trial 0 with value: 0.75.
[I 2026-04-07 00:46:33,583] Trial 21 finished with value: 0.7 and parameters: {'hidden_layer_sizes': (100,), 'max_iter': 100, 'alpha': 0.001}. Best is trial 0 with value: 0.75.
[I 2026-04-07 00:46:33,631] Trial 22 finished with value: 0.75 and parameters: {'hidden_layer_sizes': (100,), 'max_iter': 100, 'alpha': 0.001}. Best is trial 0 with value: 0.75.
