[I 2026-04-09 19:53:17,875] Trial 16 finished with value: 1.0 and parameters: {'n_estimators': 498, 'max_depth': 18, 'min_samples_split': 10, 'min_samples_leaf': 6}. Best is trial 0 with value: 1.0.
[I 2026-04-09 19:53:18,464] Trial 17 finished with value: 0.95 and parameters: {'n_estimators': 453, 'max_depth': 11, 'min_samples_split': 7, 'min_samples_leaf': 2}. Best is trial 0 with value: 1.0.
[I 2026-04-09 19:53:18,909] Trial 18 finished with value: 1.0 and parameters: {'n_estimators': 385, 'max_depth': 4, 'min_samples_split': 2, 'min_samples_leaf': 5}. Best is trial 0 with value: 1.0.
[I 2026-04-09 19:53:19,340] Trial 19 finished with value: 0.95 and parameters: {'n_estimators': 385, 'max_depth': 8, 'min_samples_split': 4, 'min_samples_leaf': 3}. Best is trial 0 with value: 1.0.
[I 2026-04-09 19:53:19,885] Trial 20 finished with value: 1.0 and parameters: {'n_estimators': 460, 'max_depth': 10, 'min_samples_split': 6, 'min_samples_leaf': 2}. Best is trial 0 with value: 1.0.
[I 2026-04-09 19:53:20,315] Trial 21 finished with value: 1.0 and parameters: {'n_estimators': 338, 'max_depth': 20, 'min_samples_split': 10, 'min_samples_leaf': 1}. Best is trial 0 with value: 1.0.
[I 2026-04-09 19:53:20,742] Trial 22 finished with value: 1.0 and parameters: {'n_estimators': 344, 'max_depth': 17, 'min_samples_split': 9, 'min_samples_leaf': 1}. Best is trial 0 with value: 1.0.
[I 2026-04-09 19:53:21,180] Trial 23 finished with value: 1.0 and parameters: {'n_estimators': 397, 'max_depth': 20, 'min_samples_split': 10, 'min_samples_leaf': 2}. Best is trial 0 with value: 1.0.
[I 2026-04-09 19:53:21,710] Trial 24 finished with value: 1.0 and parameters: {'n_estimators': 471, 'max_depth': 6, 'min_samples_split': 8, 'min_samples_leaf': 4}. Best is trial 0 with value: 1.0.
[I 2026-04-09 19:53:22,052] Trial 25 finished with value: 0.5 and parameters: {'n_estimators': 300, 'max_depth': 9, 'min_samples_split': 8, 'min_samples_leaf': 7}. Best is trial 0 with value: 1.0.
[I 2026-04-09 19:53:22,572] Trial 26 finished with value: 0.95 and parameters: {'n_estimators': 416, 'max_depth': 18, 'min_samples_split': 9, 'min_samples_leaf': 4}. Best is trial 0 with value: 1.0.
[I 2026-04-09 19:53:22,973] Trial 27 finished with value: 1.0 and parameters: {'n_estimators': 361, 'max_depth': 11, 'min_samples_split': 10, 'min_samples_leaf': 2}. Best is trial 0 with value: 1.0.
[I 2026-04-09 19:53:23,489] Trial 28 finished with value: 1.0 and parameters: {'n_estimators': 454, 'max_depth': 7, 'min_samples_split': 4, 'min_samples_leaf': 1}. Best is trial 0 with value: 1.0.
[I 2026-04-09 19:53:23,753] Trial 29 finished with value: 1.0 and parameters: {'n_estimators': 178, 'max_depth': 16, 'min_samples_split': 6, 'min_samples_leaf': 5}. Best is trial 0 with value: 1.0.
[I 2026-04-09 19:53:27,801] A new study created in memory with name: mlp
[I 2026-04-09 19:53:27,856] Trial 0 finished with value: 1.0 and parameters: {'hidden_layer_sizes': (100,), 'max_iter': 100, 'alpha': 0.0001}. Best is trial 0 with value: 1.0.
[I 2026-04-09 19:53:27,910] Trial 1 finished with value: 1.0 and parameters: {'hidden_layer_sizes': (100, 100), 'max_iter': 100, 'alpha': 0.001}. Best is trial 0 with value: 1.0.
[I 2026-04-09 19:53:27,973] Trial 2 finished with value: 1.0 and parameters: {'hidden_layer_sizes': (200,), 'max_iter': 100, 'alpha': 0.0001}. Best is trial 0 with value: 1.0.
[I 2026-04-09 19:53:28,016] Trial 3 finished with value: 1.0 and parameters: {'hidden_layer_sizes': (200,), 'max_iter': 50, 'alpha': 0.001}. Best is trial 0 with value: 1.0.
[I 2026-04-09 19:53:28,059] Trial 4 finished with value: 1.0 and parameters: {'hidden_layer_sizes': (100, 100), 'max_iter': 50, 'alpha': 0.0001}. Best is trial 0 with value: 1.0.
[I 2026-04-09 19:53:28,118] Trial 5 finished with value: 1.0 and parameters: {'hidden_layer_sizes': (200,), 'max_iter': 100, 'alpha': 0.0001}. Best is trial 0 with value: 1.0.
[I 2026-04-09 19:53:28,172] Trial 6 finished with value: 1.0 and parameters: {'hidden_layer_sizes': (200,), 'max_iter': 100, 'alpha': 0.001}. Best is trial 0 with value: 1.0.
[I 2026-04-09 19:53:28,225] Trial 7 finished with value: 1.0 and parameters: {'hidden_layer_sizes': (100,), 'max_iter': 100, 'alpha': 0.001}. Best is trial 0 with value: 1.0.
[I 2026-04-09 19:53:28,269] Trial 8 finished with value: 1.0 and parameters: {'hidden_layer_sizes': (100, 100), 'max_iter': 100, 'alpha': 0.0001}. Best is trial 0 with value: 1.0.
[I 2026-04-09 19:53:28,315] Trial 9 finished with value: 1.0 and parameters: {'hidden_layer_sizes': (200,), 'max_iter': 100, 'alpha': 0.0001}. Best is trial 0 with value: 1.0.
[I 2026-04-09 19:53:28,350] Trial 10 finished with value: 1.0 and parameters: {'hidden_layer_sizes': (100,), 'max_iter': 50, 'alpha': 0.0001}. Best is trial 0 with value: 1.0.
[I 2026-04-09 19:53:28,401] Trial 11 finished with value: 1.0 and parameters: {'hidden_layer_sizes': (100,), 'max_iter': 100, 'alpha': 0.001}. Best is trial 0 with value: 1.0.
[I 2026-04-09 19:53:28,467] Trial 12 finished with value: 1.0 and parameters: {'hidden_layer_sizes': (100, 100), 'max_iter': 100, 'alpha': 0.001}. Best is trial 0 with value: 1.0.
[I 2026-04-09 19:53:28,513] Trial 13 finished with value: 1.0 and parameters: {'hidden_layer_sizes': (100,), 'max_iter': 100, 'alpha': 0.001}. Best is trial 0 with value: 1.0.
[I 2026-04-09 19:53:28,559] Trial 14 finished with value: 1.0 and parameters: {'hidden_layer_sizes': (100, 100), 'max_iter': 50, 'alpha': 0.0001}. Best is trial 0 with value: 1.0.
[I 2026-04-09 19:53:28,627] Trial 15 finished with value: 1.0 and parameters: {'hidden_layer_sizes': (100,), 'max_iter': 100, 'alpha': 0.001}. Best is trial 0 with value: 1.0.
[I 2026-04-09 19:53:28,678] Trial 16 finished with value: 1.0 and parameters: {'hidden_layer_sizes': (100, 100), 'max_iter': 100, 'alpha': 0.001}. Best is trial 0 with value: 1.0.
[I 2026-04-09 19:53:28,736] Trial 17 finished with value: 1.0 and parameters: {'hidden_layer_sizes': (100, 100), 'max_iter': 100, 'alpha': 0.0001}. Best is trial 0 with value: 1.0.
[I 2026-04-09 19:53:28,779] Trial 18 finished with value: 1.0 and parameters: {'hidden_layer_sizes': (100,), 'max_iter': 50, 'alpha': 0.0001}. Best is trial 0 with value: 1.0.
[I 2026-04-09 19:53:28,830] Trial 19 finished with value: 1.0 and parameters: {'hidden_layer_sizes': (100, 100), 'max_iter': 100, 'alpha': 0.001}. Best is trial 0 with value: 1.0.
[I 2026-04-09 19:53:28,875] Trial 20 finished with value: 1.0 and parameters: {'hidden_layer_sizes': (100,), 'max_iter': 100, 'alpha': 0.0001}. Best is trial 0 with value: 1.0.
[I 2026-04-09 19:53:28,930] Trial 21 finished with value: 1.0 and parameters: {'hidden_layer_sizes': (200,), 'max_iter': 100, 'alpha': 0.0001}. Best is trial 0 with value: 1.0.
[I 2026-04-09 19:53:28,974] Trial 22 finished with value: 1.0 and parameters: {'hidden_layer_sizes': (200,), 'max_iter': 100, 'alpha': 0.0001}. Best is trial 0 with value: 1.0.
[I 2026-04-09 19:53:29,018] Trial 23 finished with value: 1.0 and parameters: {'hidden_layer_sizes': (200,), 'max_iter': 100, 'alpha': 0.0001}. Best is trial 0 with value: 1.0.
[I 2026-04-09 19:53:29,090] Trial 24 finished with value: 1.0 and parameters: {'hidden_layer_sizes': (100, 100), 'max_iter': 100, 'alpha': 0.0001}. Best is trial 0 with value: 1.0.
[I 2026-04-09 19:53:29,139] Trial 25 finished with value: 1.0 and parameters: {'hidden_layer_sizes': (100,), 'max_iter': 100, 'alpha': 0.0001}. Best is trial 0 with value: 1.0.
[I 2026-04-09 19:53:29,174] Trial 26 finished with value: 1.0 and parameters: {'hidden_layer_sizes': (200,), 'max_iter': 50, 'alpha': 0.001}. Best is trial 0 with value: 1.0.
[I 2026-04-09 19:53:29,218] Trial 27 finished with value: 1.0 and parameters: {'hidden_layer_sizes': (100, 100), 'max_iter': 100, 'alpha': 0.0001}. Best is trial 0 with value: 1.0.
[I 2026-04-09 19:53:29,274] Trial 28 finished with value: 1.0 and parameters: {'hidden_layer_sizes': (100,), 'max_iter': 100, 'alpha': 0.001}. Best is trial 0 with value: 1.0.
[I 2026-04-09 19:53:29,324] Trial 29 finished with value: 1.0 and parameters: {'hidden_layer_sizes': (200,), 'max_iter': 50, 'alpha': 0.001}. Best is trial 0 with value: 1.0.
[I 2026-04-09 19:53:30,870] A new study created in memory with name: naive_bayes
[I 2026-04-09 19:53:30,894] Trial 0 finished with value: 0.65 and parameters: {'var_smoothing': 1.4210736239935712e-10}. Best is trial 0 with value: 0.65.
[I 2026-04-09 19:53:30,907] Trial 1 finished with value: 0.65 and parameters: {'var_smoothing': 3.629422978396398e-09}. Best is trial 0 with value: 0.65.
[I 2026-04-09 19:53:30,919] Trial 2 finished with value: 0.65 and parameters: {'var_smoothing': 7.530407234027127e-10}. Best is trial 0 with value: 0.65.
[I 2026-04-09 19:53:30,931] Trial 3 finished with value: 0.65 and parameters: {'var_smoothing': 2.7985325053380072e-09}. Best is trial 0 with value: 0.65.
[I 2026-04-09 19:53:30,944] Trial 4 finished with value: 0.65 and parameters: {'var_smoothing': 9.036058293737187e-09}. Best is trial 0 with value: 0.65.
[I 2026-04-09 19:53:30,956] Trial 5 finished with value: 0.65 and parameters: {'var_smoothing': 1.1939653980558784e-09}. Best is trial 0 with value: 0.65.
[I 2026-04-09 19:53:30,969] Trial 6 finished with value: 0.65 and parameters: {'var_smoothing': 1.005173261185167e-09}. Best is trial 0 with value: 0.65.
[I 2026-04-09 19:53:30,982] Trial 7 finished with value: 0.65 and parameters: {'var_smoothing': 1.393484899105757e-10}. Best is trial 0 with value: 0.65.
[I 2026-04-09 19:53:30,996] Trial 8 finished with value: 0.65 and parameters: {'var_smoothing': 3.4425317961147986e-10}. Best is trial 0 with value: 0.65.
[I 2026-04-09 19:53:31,009] Trial 9 finished with value: 0.65 and parameters: {'var_smoothing': 9.994590426751933e-10}. Best is trial 0 with value: 0.65.
[I 2026-04-09 19:53:31,026] Trial 10 finished with value: 0.65 and parameters: {'var_smoothing': 1.9079938112167212e-10}. Best is trial 0 with value: 0.65.
[I 2026-04-09 19:53:31,046] Trial 11 finished with value: 0.65 and parameters: {'var_smoothing': 4.7456863630433305e-09}. Best is trial 0 with value: 0.65.
[I 2026-04-09 19:53:31,062] Trial 12 finished with value: 0.65 and parameters: {'var_smoothing': 2.7185365295481096e-09}. Best is trial 0 with value: 0.65.
[I 2026-04-09 19:53:31,092] Trial 13 finished with value: 0.65 and parameters: {'var_smoothing': 4.3967291332584714e-10}. Best is trial 0 with value: 0.65.
[I 2026-04-09 19:53:31,112] Trial 14 finished with value: 0.65 and parameters: {'var_smoothing': 2.6511307931162972e-09}. Best is trial 0 with value: 0.65.
[I 2026-04-09 19:53:31,131] Trial 15 finished with value: 0.65 and parameters: {'var_smoothing': 9.000422035369052e-09}. Best is trial 0 with value: 0.65.
[I 2026-04-09 19:53:31,147] Trial 16 finished with value: 0.65 and parameters: {'var_smoothing': 2.75340575769171e-10}. Best is trial 0 with value: 0.65.
[I 2026-04-09 19:53:31,163] Trial 17 finished with value: 0.65 and parameters: {'var_smoothing': 1.0118559267516465e-10}. Best is trial 0 with value: 0.65.
[I 2026-04-09 19:53:31,185] Trial 18 finished with value: 0.65 and parameters: {'var_smoothing': 5.126237368588495e-10}. Best is trial 0 with value: 0.65.
[I 2026-04-09 19:53:31,216] Trial 19 finished with value: 0.65 and parameters: {'var_smoothing': 1.7743118427439911e-09}. Best is trial 0 with value: 0.65.
[I 2026-04-09 19:53:31,233] Trial 20 finished with value: 0.65 and parameters: {'var_smoothing': 5.29215399120128e-09}. Best is trial 0 with value: 0.65.
[I 2026-04-09 19:53:31,251] Trial 21 finished with value: 0.65 and parameters: {'var_smoothing': 6.215389304971454e-10}. Best is trial 0 with value: 0.65.
[I 2026-04-09 19:53:31,268] Trial 22 finished with value: 0.65 and parameters: {'var_smoothing': 2.205158371956595e-10}. Best is trial 0 with value: 0.65.
[I 2026-04-09 19:53:31,285] Trial 23 finished with value: 0.65 and parameters: {'var_smoothing': 6.714468189294179e-10}. Best is trial 0 with value: 0.65.
[I 2026-04-09 19:53:31,303] Trial 24 finished with value: 0.65 and parameters: {'var_smoothing': 1.6303611152529254e-09}. Best is trial 0 with value: 0.65.
[I 2026-04-09 19:53:31,321] Trial 25 finished with value: 0.65 and parameters: {'var_smoothing': 5.460180203252778e-09}. Best is trial 0 with value: 0.65.
[I 2026-04-09 19:53:31,343] Trial 26 finished with value: 0.65 and parameters: {'var_smoothing': 1.0123007748054653e-10}. Best is trial 0 with value: 0.65.
[I 2026-04-09 19:53:31,361] Trial 27 finished with value: 0.65 and parameters: {'var_smoothing': 3.7004726843827016e-09}. Best is trial 0 with value: 0.65.
[I 2026-04-09 19:53:31,378] Trial 28 finished with value: 0.65 and parameters: {'var_smoothing': 8.062949328123723e-10}. Best is trial 0 with value: 0.65.
[I 2026-04-09 19:53:31,395] Trial 29 finished with value: 0.65 and parameters: {'var_smoothing': 1.8379694059711336e-09}. Best is trial 0 with value: 0.65.
[I 2026-04-09 19:53:31,828] A new study created in memory with name: logreg
[I 2026-04-09 19:53:31,851] Trial 0 finished with value: 0.65 and parameters: {'C': 0.002407362254570802, 'penalty': 'l2'}. Best is trial 0 with value: 0.65.
[I 2026-04-09 19:53:31,864] Trial 1 finished with value: 0.65 and parameters: {'C': 7.935859334260497, 'penalty': 'l2'}. Best is trial 0 with value: 0.65.
[I 2026-04-09 19:53:31,886] Trial 2 finished with value: 0.65 and parameters: {'C': 0.15561310098067915, 'penalty': 'l2'}. Best is trial 0 with value: 0.65.
[I 2026-04-09 19:53:31,898] Trial 3 finished with value: 0.7 and parameters: {'C': 4.143104515916128, 'penalty': 'l2'}. Best is trial 3 with value: 0.7.
[I 2026-04-09 19:53:31,921] Trial 4 finished with value: 0.65 and parameters: {'C': 77.61533923098803, 'penalty': 'l2'}. Best is trial 3 with value: 0.7.
[I 2026-04-09 19:53:31,937] Trial 5 finished with value: 0.7 and parameters: {'C': 0.49258292359934785, 'penalty': 'l2'}. Best is trial 3 with value: 0.7.
[I 2026-04-09 19:53:31,961] Trial 6 finished with value: 0.7 and parameters: {'C': 0.320333470047146, 'penalty': 'l2'}. Best is trial 3 with value: 0.7.
[I 2026-04-09 19:53:31,974] Trial 7 finished with value: 0.65 and parameters: {'C': 0.002292216671132896, 'penalty': 'l2'}. Best is trial 3 with value: 0.7.
[I 2026-04-09 19:53:31,997] Trial 8 finished with value: 0.65 and parameters: {'C': 0.0219884643872214, 'penalty': 'l2'}. Best is trial 3 with value: 0.7.
[I 2026-04-09 19:53:32,021] Trial 9 finished with value: 0.7 and parameters: {'C': 0.31580027519646636, 'penalty': 'l2'}. Best is trial 3 with value: 0.7.
[I 2026-04-09 19:53:32,042] Trial 10 finished with value: 0.7 and parameters: {'C': 5.171200565940961, 'penalty': 'l2'}. Best is trial 3 with value: 0.7.
[I 2026-04-09 19:53:32,064] Trial 11 finished with value: 0.7 and parameters: {'C': 2.677719799756526, 'penalty': 'l2'}. Best is trial 3 with value: 0.7.
[I 2026-04-09 19:53:32,084] Trial 12 finished with value: 0.65 and parameters: {'C': 47.62586614327871, 'penalty': 'l2'}. Best is trial 3 with value: 0.7.
[I 2026-04-09 19:53:32,099] Trial 13 finished with value: 0.75 and parameters: {'C': 0.58957885012784, 'penalty': 'l2'}. Best is trial 13 with value: 0.75.
[I 2026-04-09 19:53:32,119] Trial 14 finished with value: 0.65 and parameters: {'C': 0.03728878420522916, 'penalty': 'l2'}. Best is trial 13 with value: 0.75.
[I 2026-04-09 19:53:32,150] Trial 15 finished with value: 0.75 and parameters: {'C': 1.4723399995118878, 'penalty': 'l2'}. Best is trial 13 with value: 0.75.
[I 2026-04-09 19:53:32,171] Trial 16 finished with value: 0.75 and parameters: {'C': 0.9928381189049601, 'penalty': 'l2'}. Best is trial 13 with value: 0.75.
[I 2026-04-09 19:53:32,192] Trial 17 finished with value: 0.65 and parameters: {'C': 0.06455059652992597, 'penalty': 'l2'}. Best is trial 13 with value: 0.75.
[I 2026-04-09 19:53:32,220] Trial 18 finished with value: 0.65 and parameters: {'C': 19.552607945211893, 'penalty': 'l2'}. Best is trial 13 with value: 0.75.
[I 2026-04-09 19:53:32,252] Trial 19 finished with value: 0.75 and parameters: {'C': 1.3244990069642, 'penalty': 'l2'}. Best is trial 13 with value: 0.75.
[I 2026-04-09 19:53:32,277] Trial 20 finished with value: 0.65 and parameters: {'C': 0.010189844557248341, 'penalty': 'l2'}. Best is trial 13 with value: 0.75.
[I 2026-04-09 19:53:32,293] Trial 21 finished with value: 0.75 and parameters: {'C': 1.0002420265016092, 'penalty': 'l2'}. Best is trial 13 with value: 0.75.
[I 2026-04-09 19:53:32,320] Trial 22 finished with value: 0.75 and parameters: {'C': 1.226186956102049, 'penalty': 'l2'}. Best is trial 13 with value: 0.75.
[I 2026-04-09 19:53:32,350] Trial 23 finished with value: 0.65 and parameters: {'C': 0.11961680970376345, 'penalty': 'l2'}. Best is trial 13 with value: 0.75.
[I 2026-04-09 19:53:32,371] Trial 24 finished with value: 0.65 and parameters: {'C': 10.74652127843564, 'penalty': 'l2'}. Best is trial 13 with value: 0.75.
[I 2026-04-09 19:53:32,392] Trial 25 finished with value: 0.7 and parameters: {'C': 1.993698458797641, 'penalty': 'l2'}. Best is trial 13 with value: 0.75.
[I 2026-04-09 19:53:32,407] Trial 26 finished with value: 0.8 and parameters: {'C': 0.7262346370047663, 'penalty': 'l2'}. Best is trial 26 with value: 0.8.
[I 2026-04-09 19:53:32,422] Trial 27 finished with value: 0.7 and parameters: {'C': 0.44940371836275583, 'penalty': 'l2'}. Best is trial 26 with value: 0.8.
[I 2026-04-09 19:53:32,438] Trial 28 finished with value: 0.65 and parameters: {'C': 0.1598814715337595, 'penalty': 'l2'}. Best is trial 26 with value: 0.8.
[I 2026-04-09 19:53:32,482] Trial 29 finished with value: 0.65 and parameters: {'C': 0.011104103350344362, 'penalty': 'l2'}. Best is trial 26 with value: 0.8.
[I 2026-04-09 19:53:33,413] A new study created in memory with name: knn
[I 2026-04-09 19:53:33,428] Trial 0 finished with value: 0.6 and parameters: {'n_neighbors': 3, 'leaf_size': 36, 'p': 2}. Best is trial 0 with value: 0.6.
[I 2026-04-09 19:53:33,443] Trial 1 finished with value: 0.6 and parameters: {'n_neighbors': 10, 'leaf_size': 31, 'p': 1}. Best is trial 0 with value: 0.6.
[I 2026-04-09 19:53:33,456] Trial 2 finished with value: 0.65 and parameters: {'n_neighbors': 5, 'leaf_size': 30, 'p': 2}. Best is trial 2 with value: 0.65.
[I 2026-04-09 19:53:33,479] Trial 3 finished with value: 0.65 and parameters: {'n_neighbors': 6, 'leaf_size': 21, 'p': 2}. Best is trial 2 with value: 0.65.
[I 2026-04-09 19:53:33,493] Trial 4 finished with value: 0.7 and parameters: {'n_neighbors': 4, 'leaf_size': 29, 'p': 1}. Best is trial 4 with value: 0.7.
[I 2026-04-09 19:53:33,509] Trial 5 finished with value: 0.65 and parameters: {'n_neighbors': 7, 'leaf_size': 39, 'p': 2}. Best is trial 4 with value: 0.7.
[I 2026-04-09 19:53:33,524] Trial 6 finished with value: 0.5 and parameters: {'n_neighbors': 10, 'leaf_size': 22, 'p': 2}. Best is trial 4 with value: 0.7.
[I 2026-04-09 19:53:33,568] Trial 7 finished with value: 0.5 and parameters: {'n_neighbors': 8, 'leaf_size': 29, 'p': 2}. Best is trial 4 with value: 0.7.
[I 2026-04-09 19:53:33,593] Trial 8 finished with value: 0.65 and parameters: {'n_neighbors': 5, 'leaf_size': 30, 'p': 2}. Best is trial 4 with value: 0.7.
[I 2026-04-09 19:53:33,620] Trial 9 finished with value: 0.6 and parameters: {'n_neighbors': 9, 'leaf_size': 26, 'p': 1}. Best is trial 4 with value: 0.7.
[I 2026-04-09 19:53:33,645] Trial 10 finished with value: 0.7 and parameters: {'n_neighbors': 4, 'leaf_size': 34, 'p': 1}. Best is trial 4 with value: 0.7.
[I 2026-04-09 19:53:33,666] Trial 11 finished with value: 0.7 and parameters: {'n_neighbors': 3, 'leaf_size': 35, 'p': 1}. Best is trial 4 with value: 0.7.
[I 2026-04-09 19:53:33,690] Trial 12 finished with value: 0.7 and parameters: {'n_neighbors': 4, 'leaf_size': 35, 'p': 1}. Best is trial 4 with value: 0.7.
[I 2026-04-09 19:53:33,716] Trial 13 finished with value: 0.7 and parameters: {'n_neighbors': 5, 'leaf_size': 25, 'p': 1}. Best is trial 4 with value: 0.7.
[I 2026-04-09 19:53:33,738] Trial 14 finished with value: 0.7 and parameters: {'n_neighbors': 4, 'leaf_size': 32, 'p': 1}. Best is trial 4 with value: 0.7.
[I 2026-04-09 19:53:33,761] Trial 15 finished with value: 0.65 and parameters: {'n_neighbors': 6, 'leaf_size': 40, 'p': 1}. Best is trial 4 with value: 0.7.
[I 2026-04-09 19:53:33,785] Trial 16 finished with value: 0.7 and parameters: {'n_neighbors': 4, 'leaf_size': 26, 'p': 1}. Best is trial 4 with value: 0.7.
[I 2026-04-09 19:53:33,819] Trial 17 finished with value: 0.7 and parameters: {'n_neighbors': 3, 'leaf_size': 33, 'p': 1}. Best is trial 4 with value: 0.7.
[I 2026-04-09 19:53:33,855] Trial 18 finished with value: 0.65 and parameters: {'n_neighbors': 7, 'leaf_size': 28, 'p': 1}. Best is trial 4 with value: 0.7.
[I 2026-04-09 19:53:33,891] Trial 19 finished with value: 0.7 and parameters: {'n_neighbors': 4, 'leaf_size': 38, 'p': 1}. Best is trial 4 with value: 0.7.
[I 2026-04-09 19:53:33,916] Trial 20 finished with value: 0.7 and parameters: {'n_neighbors': 5, 'leaf_size': 33, 'p': 1}. Best is trial 4 with value: 0.7.
[I 2026-04-09 19:53:33,943] Trial 21 finished with value: 0.7 and parameters: {'n_neighbors': 3, 'leaf_size': 35, 'p': 1}. Best is trial 4 with value: 0.7.
[I 2026-04-09 19:53:33,964] Trial 22 finished with value: 0.7 and parameters: {'n_neighbors': 3, 'leaf_size': 37, 'p': 1}. Best is trial 4 with value: 0.7.
[I 2026-04-09 19:53:33,983] Trial 23 finished with value: 0.7 and parameters: {'n_neighbors': 4, 'leaf_size': 34, 'p': 1}. Best is trial 4 with value: 0.7.
[I 2026-04-09 19:53:34,003] Trial 24 finished with value: 0.7 and parameters: {'n_neighbors': 3, 'leaf_size': 28, 'p': 1}. Best is trial 4 with value: 0.7.
[I 2026-04-09 19:53:34,033] Trial 25 finished with value: 0.65 and parameters: {'n_neighbors': 6, 'leaf_size': 37, 'p': 1}. Best is trial 4 with value: 0.7.
[I 2026-04-09 19:53:34,054] Trial 26 finished with value: 0.7 and parameters: {'n_neighbors': 4, 'leaf_size': 33, 'p': 1}. Best is trial 4 with value: 0.7.
