[I 2026-04-09 19:53:05,371] Trial 20 finished with value: 1.0 and parameters: {'var_smoothing': 1.0486521320383776e-09}. Best is trial 0 with value: 1.0.
[I 2026-04-09 19:53:05,388] Trial 21 finished with value: 1.0 and parameters: {'var_smoothing': 4.9491450263339475e-09}. Best is trial 0 with value: 1.0.
[I 2026-04-09 19:53:05,405] Trial 22 finished with value: 1.0 and parameters: {'var_smoothing': 6.667992141406306e-09}. Best is trial 0 with value: 1.0.
[I 2026-04-09 19:53:05,426] Trial 23 finished with value: 1.0 and parameters: {'var_smoothing': 3.2795712712135213e-09}. Best is trial 0 with value: 1.0.
[I 2026-04-09 19:53:05,446] Trial 24 finished with value: 1.0 and parameters: {'var_smoothing': 6.403538416287158e-10}. Best is trial 0 with value: 1.0.
[I 2026-04-09 19:53:05,465] Trial 25 finished with value: 1.0 and parameters: {'var_smoothing': 2.1589819023851477e-09}. Best is trial 0 with value: 1.0.
[I 2026-04-09 19:53:05,485] Trial 26 finished with value: 1.0 and parameters: {'var_smoothing': 3.912617821024548e-09}. Best is trial 0 with value: 1.0.
[I 2026-04-09 19:53:05,505] Trial 27 finished with value: 1.0 and parameters: {'var_smoothing': 7.162139101012446e-09}. Best is trial 0 with value: 1.0.
[I 2026-04-09 19:53:05,526] Trial 28 finished with value: 1.0 and parameters: {'var_smoothing': 1.3883316815746274e-09}. Best is trial 0 with value: 1.0.
[I 2026-04-09 19:53:05,557] Trial 29 finished with value: 1.0 and parameters: {'var_smoothing': 4.1751754503046387e-10}. Best is trial 0 with value: 1.0.
[I 2026-04-09 19:53:06,002] A new study created in memory with name: logreg
[I 2026-04-09 19:53:06,026] Trial 0 finished with value: 1.0 and parameters: {'C': 29.127335430981816, 'penalty': 'l2'}. Best is trial 0 with value: 1.0.
[I 2026-04-09 19:53:06,048] Trial 1 finished with value: 1.0 and parameters: {'C': 0.045698192893558344, 'penalty': 'l2'}. Best is trial 0 with value: 1.0.
[I 2026-04-09 19:53:06,061] Trial 2 finished with value: 1.0 and parameters: {'C': 12.768668597712947, 'penalty': 'l2'}. Best is trial 0 with value: 1.0.
[I 2026-04-09 19:53:06,083] Trial 3 finished with value: 1.0 and parameters: {'C': 0.0016161554408462638, 'penalty': 'l2'}. Best is trial 0 with value: 1.0.
[I 2026-04-09 19:53:06,097] Trial 4 finished with value: 1.0 and parameters: {'C': 0.0034536903703241734, 'penalty': 'l2'}. Best is trial 0 with value: 1.0.
[I 2026-04-09 19:53:06,110] Trial 5 finished with value: 1.0 and parameters: {'C': 0.9446269266990148, 'penalty': 'l2'}. Best is trial 0 with value: 1.0.
[I 2026-04-09 19:53:06,134] Trial 6 finished with value: 1.0 and parameters: {'C': 0.4457453393648168, 'penalty': 'l2'}. Best is trial 0 with value: 1.0.
[I 2026-04-09 19:53:06,153] Trial 7 finished with value: 1.0 and parameters: {'C': 0.12417585037258261, 'penalty': 'l2'}. Best is trial 0 with value: 1.0.
[I 2026-04-09 19:53:06,178] Trial 8 finished with value: 1.0 and parameters: {'C': 0.04753781830244093, 'penalty': 'l2'}. Best is trial 0 with value: 1.0.
[I 2026-04-09 19:53:06,191] Trial 9 finished with value: 1.0 and parameters: {'C': 1.2959766028194148, 'penalty': 'l2'}. Best is trial 0 with value: 1.0.
[I 2026-04-09 19:53:06,207] Trial 10 finished with value: 1.0 and parameters: {'C': 96.02411422716075, 'penalty': 'l2'}. Best is trial 0 with value: 1.0.
[I 2026-04-09 19:53:06,232] Trial 11 finished with value: 1.0 and parameters: {'C': 0.011544291794950012, 'penalty': 'l2'}. Best is trial 0 with value: 1.0.
[I 2026-04-09 19:53:06,257] Trial 12 finished with value: 1.0 and parameters: {'C': 82.8768656483412, 'penalty': 'l2'}. Best is trial 0 with value: 1.0.
[I 2026-04-09 19:53:06,283] Trial 13 finished with value: 1.0 and parameters: {'C': 4.865673542589085, 'penalty': 'l2'}. Best is trial 0 with value: 1.0.
[I 2026-04-09 19:53:06,312] Trial 14 finished with value: 1.0 and parameters: {'C': 0.029889896070841086, 'penalty': 'l2'}. Best is trial 0 with value: 1.0.
[I 2026-04-09 19:53:06,343] Trial 15 finished with value: 1.0 and parameters: {'C': 9.224679733476327, 'penalty': 'l2'}. Best is trial 0 with value: 1.0.
[I 2026-04-09 19:53:06,371] Trial 16 finished with value: 1.0 and parameters: {'C': 0.13531262729274382, 'penalty': 'l2'}. Best is trial 0 with value: 1.0.
[I 2026-04-09 19:53:06,400] Trial 17 finished with value: 1.0 and parameters: {'C': 0.009039871959471408, 'penalty': 'l2'}. Best is trial 0 with value: 1.0.
[I 2026-04-09 19:53:06,427] Trial 18 finished with value: 1.0 and parameters: {'C': 2.7002197370561327, 'penalty': 'l2'}. Best is trial 0 with value: 1.0.
[I 2026-04-09 19:53:06,455] Trial 19 finished with value: 1.0 and parameters: {'C': 26.139922781749494, 'penalty': 'l2'}. Best is trial 0 with value: 1.0.
[I 2026-04-09 19:53:06,483] Trial 20 finished with value: 1.0 and parameters: {'C': 0.35610544182754233, 'penalty': 'l2'}. Best is trial 0 with value: 1.0.
[I 2026-04-09 19:53:06,510] Trial 21 finished with value: 1.0 and parameters: {'C': 17.23159388726856, 'penalty': 'l2'}. Best is trial 0 with value: 1.0.
[I 2026-04-09 19:53:06,539] Trial 22 finished with value: 1.0 and parameters: {'C': 36.30677704642794, 'penalty': 'l2'}. Best is trial 0 with value: 1.0.
[I 2026-04-09 19:53:06,561] Trial 23 finished with value: 1.0 and parameters: {'C': 6.159460626909738, 'penalty': 'l2'}. Best is trial 0 with value: 1.0.
[I 2026-04-09 19:53:06,593] Trial 24 finished with value: 1.0 and parameters: {'C': 0.10376479878444198, 'penalty': 'l2'}. Best is trial 0 with value: 1.0.
[I 2026-04-09 19:53:06,614] Trial 25 finished with value: 1.0 and parameters: {'C': 2.1658207225154067, 'penalty': 'l2'}. Best is trial 0 with value: 1.0.
[I 2026-04-09 19:53:06,634] Trial 26 finished with value: 1.0 and parameters: {'C': 9.57565679061974, 'penalty': 'l2'}. Best is trial 0 with value: 1.0.
[I 2026-04-09 19:53:06,664] Trial 27 finished with value: 1.0 and parameters: {'C': 43.41170855949338, 'penalty': 'l2'}. Best is trial 0 with value: 1.0.
[I 2026-04-09 19:53:06,690] Trial 28 finished with value: 1.0 and parameters: {'C': 0.7181796348031952, 'penalty': 'l2'}. Best is trial 0 with value: 1.0.
[I 2026-04-09 19:53:06,706] Trial 29 finished with value: 1.0 and parameters: {'C': 0.03561941853498694, 'penalty': 'l2'}. Best is trial 0 with value: 1.0.
[I 2026-04-09 19:53:07,620] A new study created in memory with name: knn
[I 2026-04-09 19:53:07,654] Trial 0 finished with value: 1.0 and parameters: {'n_neighbors': 10, 'leaf_size': 26, 'p': 1}. Best is trial 0 with value: 1.0.
[I 2026-04-09 19:53:07,679] Trial 1 finished with value: 1.0 and parameters: {'n_neighbors': 3, 'leaf_size': 32, 'p': 1}. Best is trial 0 with value: 1.0.
[I 2026-04-09 19:53:07,693] Trial 2 finished with value: 1.0 and parameters: {'n_neighbors': 5, 'leaf_size': 33, 'p': 2}. Best is trial 0 with value: 1.0.
[I 2026-04-09 19:53:07,707] Trial 3 finished with value: 1.0 and parameters: {'n_neighbors': 7, 'leaf_size': 32, 'p': 2}. Best is trial 0 with value: 1.0.
[I 2026-04-09 19:53:07,744] Trial 4 finished with value: 1.0 and parameters: {'n_neighbors': 9, 'leaf_size': 28, 'p': 1}. Best is trial 0 with value: 1.0.
[I 2026-04-09 19:53:07,758] Trial 5 finished with value: 1.0 and parameters: {'n_neighbors': 3, 'leaf_size': 35, 'p': 1}. Best is trial 0 with value: 1.0.
[I 2026-04-09 19:53:07,791] Trial 6 finished with value: 1.0 and parameters: {'n_neighbors': 8, 'leaf_size': 31, 'p': 2}. Best is trial 0 with value: 1.0.
[I 2026-04-09 19:53:07,806] Trial 7 finished with value: 1.0 and parameters: {'n_neighbors': 6, 'leaf_size': 24, 'p': 2}. Best is trial 0 with value: 1.0.
[I 2026-04-09 19:53:07,831] Trial 8 finished with value: 1.0 and parameters: {'n_neighbors': 5, 'leaf_size': 34, 'p': 2}. Best is trial 0 with value: 1.0.
[I 2026-04-09 19:53:07,878] Trial 9 finished with value: 1.0 and parameters: {'n_neighbors': 10, 'leaf_size': 27, 'p': 2}. Best is trial 0 with value: 1.0.
[I 2026-04-09 19:53:07,903] Trial 10 finished with value: 1.0 and parameters: {'n_neighbors': 10, 'leaf_size': 40, 'p': 1}. Best is trial 0 with value: 1.0.
[I 2026-04-09 19:53:07,931] Trial 11 finished with value: 1.0 and parameters: {'n_neighbors': 3, 'leaf_size': 22, 'p': 1}. Best is trial 0 with value: 1.0.
[I 2026-04-09 19:53:07,954] Trial 12 finished with value: 1.0 and parameters: {'n_neighbors': 4, 'leaf_size': 26, 'p': 1}. Best is trial 0 with value: 1.0.
[I 2026-04-09 19:53:07,999] Trial 13 finished with value: 1.0 and parameters: {'n_neighbors': 8, 'leaf_size': 20, 'p': 1}. Best is trial 0 with value: 1.0.
[I 2026-04-09 19:53:08,027] Trial 14 finished with value: 1.0 and parameters: {'n_neighbors': 6, 'leaf_size': 38, 'p': 1}. Best is trial 0 with value: 1.0.
[I 2026-04-09 19:53:08,073] Trial 15 finished with value: 1.0 and parameters: {'n_neighbors': 8, 'leaf_size': 29, 'p': 1}. Best is trial 0 with value: 1.0.
[I 2026-04-09 19:53:08,095] Trial 16 finished with value: 1.0 and parameters: {'n_neighbors': 4, 'leaf_size': 24, 'p': 1}. Best is trial 0 with value: 1.0.
[I 2026-04-09 19:53:08,128] Trial 17 finished with value: 1.0 and parameters: {'n_neighbors': 7, 'leaf_size': 37, 'p': 1}. Best is trial 0 with value: 1.0.
[I 2026-04-09 19:53:08,188] Trial 18 finished with value: 1.0 and parameters: {'n_neighbors': 9, 'leaf_size': 25, 'p': 1}. Best is trial 0 with value: 1.0.
[I 2026-04-09 19:53:08,215] Trial 19 finished with value: 1.0 and parameters: {'n_neighbors': 5, 'leaf_size': 30, 'p': 1}. Best is trial 0 with value: 1.0.
[I 2026-04-09 19:53:08,243] Trial 20 finished with value: 1.0 and parameters: {'n_neighbors': 4, 'leaf_size': 22, 'p': 1}. Best is trial 0 with value: 1.0.
[I 2026-04-09 19:53:08,279] Trial 21 finished with value: 1.0 and parameters: {'n_neighbors': 5, 'leaf_size': 33, 'p': 2}. Best is trial 0 with value: 1.0.
[I 2026-04-09 19:53:08,302] Trial 22 finished with value: 1.0 and parameters: {'n_neighbors': 3, 'leaf_size': 30, 'p': 2}. Best is trial 0 with value: 1.0.
[I 2026-04-09 19:53:08,322] Trial 23 finished with value: 1.0 and parameters: {'n_neighbors': 4, 'leaf_size': 35, 'p': 2}. Best is trial 0 with value: 1.0.
[I 2026-04-09 19:53:08,342] Trial 24 finished with value: 1.0 and parameters: {'n_neighbors': 6, 'leaf_size': 32, 'p': 2}. Best is trial 0 with value: 1.0.
[I 2026-04-09 19:53:08,366] Trial 25 finished with value: 1.0 and parameters: {'n_neighbors': 5, 'leaf_size': 28, 'p': 1}. Best is trial 0 with value: 1.0.
[I 2026-04-09 19:53:08,392] Trial 26 finished with value: 1.0 and parameters: {'n_neighbors': 7, 'leaf_size': 37, 'p': 2}. Best is trial 0 with value: 1.0.
[I 2026-04-09 19:53:08,418] Trial 27 finished with value: 1.0 and parameters: {'n_neighbors': 3, 'leaf_size': 34, 'p': 1}. Best is trial 0 with value: 1.0.
[I 2026-04-09 19:53:08,465] Trial 28 finished with value: 1.0 and parameters: {'n_neighbors': 9, 'leaf_size': 29, 'p': 2}. Best is trial 0 with value: 1.0.
[I 2026-04-09 19:53:08,493] Trial 29 finished with value: 1.0 and parameters: {'n_neighbors': 7, 'leaf_size': 32, 'p': 2}. Best is trial 0 with value: 1.0.
[I 2026-04-09 19:53:09,446] A new study created in memory with name: xgb
[I 2026-04-09 19:53:09,468] Trial 0 finished with value: 0.95 and parameters: {'n_estimators': 10, 'max_depth': 30, 'gamma': 0.5768356259735394, 'subsample': 0.7094037142783272, 'colsample_bytree': 0.6677039246366646}. Best is trial 0 with value: 0.95.
[I 2026-04-09 19:53:09,495] Trial 1 finished with value: 0.95 and parameters: {'n_estimators': 100, 'max_depth': 30, 'gamma': 0.9912018442360747, 'subsample': 0.9099290984609207, 'colsample_bytree': 0.7066004674080903}. Best is trial 0 with value: 0.95.
[I 2026-04-09 19:53:09,520] Trial 2 finished with value: 0.95 and parameters: {'n_estimators': 10, 'max_depth': 20, 'gamma': 0.7382185757030506, 'subsample': 0.7704684271512641, 'colsample_bytree': 0.5624120871903049}. Best is trial 0 with value: 0.95.
[I 2026-04-09 19:53:09,545] Trial 3 finished with value: 0.95 and parameters: {'n_estimators': 10, 'max_depth': 20, 'gamma': 0.7041784887453524, 'subsample': 0.7995029565695583, 'colsample_bytree': 0.8586660727777565}. Best is trial 0 with value: 0.95.
[I 2026-04-09 19:53:09,571] Trial 4 finished with value: 0.95 and parameters: {'n_estimators': 10, 'max_depth': 20, 'gamma': 0.46549701645255037, 'subsample': 0.9946899241400011, 'colsample_bytree': 0.725249640372583}. Best is trial 0 with value: 0.95.
[I 2026-04-09 19:53:09,598] Trial 5 finished with value: 0.95 and parameters: {'n_estimators': 40, 'max_depth': 20, 'gamma': 0.3554734452019276, 'subsample': 0.5947710951851903, 'colsample_bytree': 0.7356254823676576}. Best is trial 0 with value: 0.95.
[I 2026-04-09 19:53:09,623] Trial 6 finished with value: 0.95 and parameters: {'n_estimators': 40, 'max_depth': 20, 'gamma': 0.8967376717636345, 'subsample': 0.988276510203839, 'colsample_bytree': 0.9184542964535913}. Best is trial 0 with value: 0.95.
[I 2026-04-09 19:53:09,649] Trial 7 finished with value: 0.95 and parameters: {'n_estimators': 40, 'max_depth': 30, 'gamma': 0.7149068474388774, 'subsample': 0.5696358027454862, 'colsample_bytree': 0.8514125286992056}. Best is trial 0 with value: 0.95.
[I 2026-04-09 19:53:09,675] Trial 8 finished with value: 0.95 and parameters: {'n_estimators': 100, 'max_depth': 30, 'gamma': 0.2471398756881566, 'subsample': 0.8241126205332553, 'colsample_bytree': 0.6258070715852391}. Best is trial 0 with value: 0.95.
[I 2026-04-09 19:53:09,701] Trial 9 finished with value: 0.95 and parameters: {'n_estimators': 40, 'max_depth': 30, 'gamma': 0.8599846034069103, 'subsample': 0.8019332783535529, 'colsample_bytree': 0.7936068454878676}. Best is trial 0 with value: 0.95.
[I 2026-04-09 19:53:09,728] Trial 10 finished with value: 0.95 and parameters: {'n_estimators': 10, 'max_depth': 5, 'gamma': 0.11132541504315885, 'subsample': 0.6518824205184826, 'colsample_bytree': 0.5222467176724002}. Best is trial 0 with value: 0.95.
[I 2026-04-09 19:53:09,768] Trial 11 finished with value: 0.95 and parameters: {'n_estimators': 100, 'max_depth': 30, 'gamma': 0.9681903397412062, 'subsample': 0.8909531909241379, 'colsample_bytree': 0.6608770902048942}. Best is trial 0 with value: 0.95.
[I 2026-04-09 19:53:09,807] Trial 12 finished with value: 0.95 and parameters: {'n_estimators': 100, 'max_depth': 30, 'gamma': 0.5299926855017165, 'subsample': 0.6848009387186493, 'colsample_bytree': 0.651791846963555}. Best is trial 0 with value: 0.95.
[I 2026-04-09 19:53:09,846] Trial 13 finished with value: 0.95 and parameters: {'n_estimators': 100, 'max_depth': 5, 'gamma': 0.626711129198294, 'subsample': 0.7001853800090055, 'colsample_bytree': 0.712752570473077}. Best is trial 0 with value: 0.95.
[I 2026-04-09 19:53:09,886] Trial 14 finished with value: 0.95 and parameters: {'n_estimators': 100, 'max_depth': 30, 'gamma': 0.4000023985818805, 'subsample': 0.8940181087620663, 'colsample_bytree': 0.596389989619073}. Best is trial 0 with value: 0.95.
[I 2026-04-09 19:53:09,910] Trial 15 finished with value: 0.95 and parameters: {'n_estimators': 10, 'max_depth': 30, 'gamma': 0.8361750979473885, 'subsample': 0.5052985200248541, 'colsample_bytree': 0.9888939439492501}. Best is trial 0 with value: 0.95.
[I 2026-04-09 19:53:09,935] Trial 16 finished with value: 0.95 and parameters: {'n_estimators': 10, 'max_depth': 5, 'gamma': 0.991314742891843, 'subsample': 0.8787287422282001, 'colsample_bytree': 0.7917736739504313}. Best is trial 0 with value: 0.95.
[I 2026-04-09 19:53:09,983] Trial 17 finished with value: 0.95 and parameters: {'n_estimators': 100, 'max_depth': 30, 'gamma': 0.5818209581005225, 'subsample': 0.7369637418182623, 'colsample_bytree': 0.5064839807832304}. Best is trial 0 with value: 0.95.
[I 2026-04-09 19:53:10,045] Trial 18 finished with value: 0.95 and parameters: {'n_estimators': 100, 'max_depth': 30, 'gamma': 0.25368366843950607, 'subsample': 0.9349024637789001, 'colsample_bytree': 0.6735042672265268}. Best is trial 0 with value: 0.95.
[I 2026-04-09 19:53:10,091] Trial 19 finished with value: 0.95 and parameters: {'n_estimators': 10, 'max_depth': 30, 'gamma': 0.7930613875242585, 'subsample': 0.6342385505944843, 'colsample_bytree': 0.7858104741672305}. Best is trial 0 with value: 0.95.
[I 2026-04-09 19:53:10,134] Trial 20 finished with value: 0.95 and parameters: {'n_estimators': 100, 'max_depth': 5, 'gamma': 0.6397877373108088, 'subsample': 0.7313679690001857, 'colsample_bytree': 0.5848642489980329}. Best is trial 0 with value: 0.95.
[I 2026-04-09 19:53:10,171] Trial 21 finished with value: 0.95 and parameters: {'n_estimators': 10, 'max_depth': 20, 'gamma': 0.7690811247027735, 'subsample': 0.7800195833881419, 'colsample_bytree': 0.6030862483626268}. Best is trial 0 with value: 0.95.
[I 2026-04-09 19:53:10,212] Trial 22 finished with value: 0.95 and parameters: {'n_estimators': 10, 'max_depth': 20, 'gamma': 0.5116035986306421, 'subsample': 0.8354262785070001, 'colsample_bytree': 0.5516591717675228}. Best is trial 0 with value: 0.95.
[I 2026-04-09 19:53:10,253] Trial 23 finished with value: 0.95 and parameters: {'n_estimators': 10, 'max_depth': 20, 'gamma': 0.9045285750179193, 'subsample': 0.9344021068516876, 'colsample_bytree': 0.6862749161754073}. Best is trial 0 with value: 0.95.
[I 2026-04-09 19:53:10,292] Trial 24 finished with value: 0.95 and parameters: {'n_estimators': 10, 'max_depth': 30, 'gamma': 0.6877453009733242, 'subsample': 0.7490674693549982, 'colsample_bytree': 0.5649751610154615}. Best is trial 0 with value: 0.95.
[I 2026-04-09 19:53:10,332] Trial 25 finished with value: 0.95 and parameters: {'n_estimators': 10, 'max_depth': 20, 'gamma': 0.7798197551781508, 'subsample': 0.8487825922342104, 'colsample_bytree': 0.6322894661279336}. Best is trial 0 with value: 0.95.
[I 2026-04-09 19:53:10,367] Trial 26 finished with value: 0.95 and parameters: {'n_estimators': 10, 'max_depth': 30, 'gamma': 0.4450679259218169, 'subsample': 0.7687845598212872, 'colsample_bytree': 0.6957485573604266}. Best is trial 0 with value: 0.95.
[I 2026-04-09 19:53:10,400] Trial 27 finished with value: 0.95 and parameters: {'n_estimators': 10, 'max_depth': 30, 'gamma': 0.5881334220928116, 'subsample': 0.6935440331517346, 'colsample_bytree': 0.7552801880410026}. Best is trial 0 with value: 0.95.
[I 2026-04-09 19:53:10,439] Trial 28 finished with value: 0.95 and parameters: {'n_estimators': 40, 'max_depth': 5, 'gamma': 0.9449231636634244, 'subsample': 0.9389509016319153, 'colsample_bytree': 0.5393349364245235}. Best is trial 0 with value: 0.95.
[I 2026-04-09 19:53:10,477] Trial 29 finished with value: 0.95 and parameters: {'n_estimators': 100, 'max_depth': 20, 'gamma': 0.6694224841587507, 'subsample': 0.6316552057778516, 'colsample_bytree': 0.8398260418743217}. Best is trial 0 with value: 0.95.
[I 2026-04-09 19:53:10,884] A new study created in memory with name: rf
[I 2026-04-09 19:53:11,449] Trial 0 finished with value: 1.0 and parameters: {'n_estimators': 458, 'max_depth': 8, 'min_samples_split': 9, 'min_samples_leaf': 1}. Best is trial 0 with value: 1.0.
[I 2026-04-09 19:53:11,604] Trial 1 finished with value: 0.95 and parameters: {'n_estimators': 143, 'max_depth': 13, 'min_samples_split': 6, 'min_samples_leaf': 5}. Best is trial 0 with value: 1.0.
[I 2026-04-09 19:53:11,862] Trial 2 finished with value: 0.5 and parameters: {'n_estimators': 234, 'max_depth': 14, 'min_samples_split': 5, 'min_samples_leaf': 8}. Best is trial 0 with value: 1.0.
[I 2026-04-09 19:53:12,216] Trial 3 finished with value: 0.5 and parameters: {'n_estimators': 307, 'max_depth': 13, 'min_samples_split': 7, 'min_samples_leaf': 10}. Best is trial 0 with value: 1.0.
[I 2026-04-09 19:53:12,694] Trial 4 finished with value: 0.5 and parameters: {'n_estimators': 428, 'max_depth': 10, 'min_samples_split': 9, 'min_samples_leaf': 9}. Best is trial 0 with value: 1.0.
[I 2026-04-09 19:53:12,839] Trial 5 finished with value: 0.5 and parameters: {'n_estimators': 121, 'max_depth': 15, 'min_samples_split': 9, 'min_samples_leaf': 8}. Best is trial 0 with value: 1.0.
[I 2026-04-09 19:53:13,245] Trial 6 finished with value: 0.5 and parameters: {'n_estimators': 384, 'max_depth': 12, 'min_samples_split': 3, 'min_samples_leaf': 10}. Best is trial 0 with value: 1.0.
[I 2026-04-09 19:53:13,571] Trial 7 finished with value: 0.5 and parameters: {'n_estimators': 261, 'max_depth': 6, 'min_samples_split': 8, 'min_samples_leaf': 10}. Best is trial 0 with value: 1.0.
[I 2026-04-09 19:53:13,792] Trial 8 finished with value: 0.5 and parameters: {'n_estimators': 202, 'max_depth': 15, 'min_samples_split': 7, 'min_samples_leaf': 8}. Best is trial 0 with value: 1.0.
[I 2026-04-09 19:53:14,293] Trial 9 finished with value: 1.0 and parameters: {'n_estimators': 475, 'max_depth': 9, 'min_samples_split': 4, 'min_samples_leaf': 5}. Best is trial 0 with value: 1.0.
[I 2026-04-09 19:53:14,729] Trial 10 finished with value: 1.0 and parameters: {'n_estimators': 352, 'max_depth': 20, 'min_samples_split': 10, 'min_samples_leaf': 1}. Best is trial 0 with value: 1.0.
[I 2026-04-09 19:53:15,305] Trial 11 finished with value: 1.0 and parameters: {'n_estimators': 487, 'max_depth': 5, 'min_samples_split': 3, 'min_samples_leaf': 1}. Best is trial 0 with value: 1.0.
[I 2026-04-09 19:53:15,883] Trial 12 finished with value: 1.0 and parameters: {'n_estimators': 492, 'max_depth': 8, 'min_samples_split': 4, 'min_samples_leaf': 4}. Best is trial 0 with value: 1.0.
[I 2026-04-09 19:53:16,334] Trial 13 finished with value: 0.95 and parameters: {'n_estimators': 422, 'max_depth': 3, 'min_samples_split': 5, 'min_samples_leaf': 3}. Best is trial 0 with value: 1.0.
[I 2026-04-09 19:53:16,801] Trial 14 finished with value: 1.0 and parameters: {'n_estimators': 432, 'max_depth': 9, 'min_samples_split': 2, 'min_samples_leaf': 6}. Best is trial 0 with value: 1.0.
[I 2026-04-09 19:53:17,265] Trial 15 finished with value: 0.95 and parameters: {'n_estimators': 341, 'max_depth': 7, 'min_samples_split': 5, 'min_samples_leaf': 3}. Best is trial 0 with value: 1.0.
