[I 2026-04-07 01:50:26,423] Trial 28 finished with value: 0.9 and parameters: {'var_smoothing': 6.7700729287750936e-09}. Best is trial 13 with value: 0.95.
[I 2026-04-07 01:50:26,439] Trial 29 finished with value: 0.9 and parameters: {'var_smoothing': 5.962993880313517e-09}. Best is trial 13 with value: 0.95.
[I 2026-04-07 01:50:27,362] A new study created in memory with name: logreg
[I 2026-04-07 01:50:27,406] Trial 0 finished with value: 0.85 and parameters: {'C': 23.288794782471303, 'penalty': 'l2'}. Best is trial 0 with value: 0.85.
[I 2026-04-07 01:50:27,442] Trial 1 finished with value: 0.85 and parameters: {'C': 69.61507800412923, 'penalty': 'l2'}. Best is trial 0 with value: 0.85.
[I 2026-04-07 01:50:27,486] Trial 2 finished with value: 0.85 and parameters: {'C': 22.180569925473442, 'penalty': 'l2'}. Best is trial 0 with value: 0.85.
[I 2026-04-07 01:50:27,511] Trial 3 finished with value: 0.85 and parameters: {'C': 0.4511058486037652, 'penalty': 'l2'}. Best is trial 0 with value: 0.85.
[I 2026-04-07 01:50:27,536] Trial 4 finished with value: 0.85 and parameters: {'C': 0.014576110093994574, 'penalty': 'l2'}. Best is trial 0 with value: 0.85.
[I 2026-04-07 01:50:27,561] Trial 5 finished with value: 0.8 and parameters: {'C': 0.0011402340906886685, 'penalty': 'l2'}. Best is trial 0 with value: 0.85.
[I 2026-04-07 01:50:27,584] Trial 6 finished with value: 0.85 and parameters: {'C': 0.14201822862985758, 'penalty': 'l2'}. Best is trial 0 with value: 0.85.
[I 2026-04-07 01:50:27,609] Trial 7 finished with value: 0.85 and parameters: {'C': 0.1027440782219989, 'penalty': 'l2'}. Best is trial 0 with value: 0.85.
[I 2026-04-07 01:50:27,644] Trial 8 finished with value: 0.85 and parameters: {'C': 0.41055690122086846, 'penalty': 'l2'}. Best is trial 0 with value: 0.85.
[I 2026-04-07 01:50:27,669] Trial 9 finished with value: 0.85 and parameters: {'C': 0.24658064201770763, 'penalty': 'l2'}. Best is trial 0 with value: 0.85.
[I 2026-04-07 01:50:27,710] Trial 10 finished with value: 0.8 and parameters: {'C': 5.817250906722227, 'penalty': 'l2'}. Best is trial 0 with value: 0.85.
[I 2026-04-07 01:50:27,748] Trial 11 finished with value: 0.85 and parameters: {'C': 65.32501288941612, 'penalty': 'l2'}. Best is trial 0 with value: 0.85.
[I 2026-04-07 01:50:27,788] Trial 12 finished with value: 0.8 and parameters: {'C': 4.377709439924529, 'penalty': 'l2'}. Best is trial 0 with value: 0.85.
[I 2026-04-07 01:50:27,826] Trial 13 finished with value: 0.85 and parameters: {'C': 82.7447055757053, 'penalty': 'l2'}. Best is trial 0 with value: 0.85.
[I 2026-04-07 01:50:27,854] Trial 14 finished with value: 0.8 and parameters: {'C': 5.484053936900719, 'penalty': 'l2'}. Best is trial 0 with value: 0.85.
[I 2026-04-07 01:50:27,900] Trial 15 finished with value: 0.85 and parameters: {'C': 19.720857672047558, 'penalty': 'l2'}. Best is trial 0 with value: 0.85.
[I 2026-04-07 01:50:27,930] Trial 16 finished with value: 0.8 and parameters: {'C': 1.8557156226210034, 'penalty': 'l2'}. Best is trial 0 with value: 0.85.
[I 2026-04-07 01:50:27,971] Trial 17 finished with value: 0.85 and parameters: {'C': 26.516932569464544, 'penalty': 'l2'}. Best is trial 0 with value: 0.85.
[I 2026-04-07 01:50:28,001] Trial 18 finished with value: 0.8 and parameters: {'C': 1.188244763655516, 'penalty': 'l2'}. Best is trial 0 with value: 0.85.
[I 2026-04-07 01:50:28,041] Trial 19 finished with value: 0.8 and parameters: {'C': 12.093447142589671, 'penalty': 'l2'}. Best is trial 0 with value: 0.85.
[I 2026-04-07 01:50:28,081] Trial 20 finished with value: 0.85 and parameters: {'C': 95.89596440448501, 'penalty': 'l2'}. Best is trial 0 with value: 0.85.
[I 2026-04-07 01:50:28,121] Trial 21 finished with value: 0.85 and parameters: {'C': 28.44943793229338, 'penalty': 'l2'}. Best is trial 0 with value: 0.85.
[I 2026-04-07 01:50:28,171] Trial 22 finished with value: 0.8 and parameters: {'C': 13.869868316172683, 'penalty': 'l2'}. Best is trial 0 with value: 0.85.
[I 2026-04-07 01:50:28,207] Trial 23 finished with value: 0.85 and parameters: {'C': 37.440738291089126, 'penalty': 'l2'}. Best is trial 0 with value: 0.85.
[I 2026-04-07 01:50:28,235] Trial 24 finished with value: 0.8 and parameters: {'C': 2.47685391214756, 'penalty': 'l2'}. Best is trial 0 with value: 0.85.
[I 2026-04-07 01:50:28,272] Trial 25 finished with value: 0.8 and parameters: {'C': 10.036757127704108, 'penalty': 'l2'}. Best is trial 0 with value: 0.85.
[I 2026-04-07 01:50:28,300] Trial 26 finished with value: 0.8 and parameters: {'C': 1.3194627280974967, 'penalty': 'l2'}. Best is trial 0 with value: 0.85.
[I 2026-04-07 01:50:28,328] Trial 27 finished with value: 0.85 and parameters: {'C': 37.191162355747906, 'penalty': 'l2'}. Best is trial 0 with value: 0.85.
[I 2026-04-07 01:50:28,356] Trial 28 finished with value: 0.85 and parameters: {'C': 0.029434059060519695, 'penalty': 'l2'}. Best is trial 0 with value: 0.85.
[I 2026-04-07 01:50:28,386] Trial 29 finished with value: 0.85 and parameters: {'C': 0.9428308103218245, 'penalty': 'l2'}. Best is trial 0 with value: 0.85.
[I 2026-04-07 01:50:29,330] A new study created in memory with name: knn
[I 2026-04-07 01:50:29,364] Trial 0 finished with value: 0.65 and parameters: {'n_neighbors': 9, 'leaf_size': 40, 'p': 1}. Best is trial 0 with value: 0.65.
[I 2026-04-07 01:50:29,376] Trial 1 finished with value: 0.8 and parameters: {'n_neighbors': 4, 'leaf_size': 20, 'p': 1}. Best is trial 1 with value: 0.8.
[I 2026-04-07 01:50:29,388] Trial 2 finished with value: 0.7 and parameters: {'n_neighbors': 7, 'leaf_size': 30, 'p': 1}. Best is trial 1 with value: 0.8.
[I 2026-04-07 01:50:29,421] Trial 3 finished with value: 0.65 and parameters: {'n_neighbors': 9, 'leaf_size': 34, 'p': 1}. Best is trial 1 with value: 0.8.
[I 2026-04-07 01:50:29,447] Trial 4 finished with value: 0.8 and parameters: {'n_neighbors': 5, 'leaf_size': 40, 'p': 1}. Best is trial 1 with value: 0.8.
[I 2026-04-07 01:50:29,461] Trial 5 finished with value: 0.8 and parameters: {'n_neighbors': 3, 'leaf_size': 40, 'p': 2}. Best is trial 1 with value: 0.8.
[I 2026-04-07 01:50:29,475] Trial 6 finished with value: 0.8 and parameters: {'n_neighbors': 3, 'leaf_size': 24, 'p': 2}. Best is trial 1 with value: 0.8.
[I 2026-04-07 01:50:29,498] Trial 7 finished with value: 0.8 and parameters: {'n_neighbors': 5, 'leaf_size': 40, 'p': 2}. Best is trial 1 with value: 0.8.
[I 2026-04-07 01:50:29,511] Trial 8 finished with value: 0.8 and parameters: {'n_neighbors': 6, 'leaf_size': 36, 'p': 1}. Best is trial 1 with value: 0.8.
[I 2026-04-07 01:50:29,525] Trial 9 finished with value: 0.8 and parameters: {'n_neighbors': 6, 'leaf_size': 25, 'p': 1}. Best is trial 1 with value: 0.8.
[I 2026-04-07 01:50:29,559] Trial 10 finished with value: 0.8 and parameters: {'n_neighbors': 4, 'leaf_size': 22, 'p': 2}. Best is trial 1 with value: 0.8.
[I 2026-04-07 01:50:29,583] Trial 11 finished with value: 0.8 and parameters: {'n_neighbors': 5, 'leaf_size': 29, 'p': 1}. Best is trial 1 with value: 0.8.
[I 2026-04-07 01:50:29,606] Trial 12 finished with value: 0.7 and parameters: {'n_neighbors': 7, 'leaf_size': 20, 'p': 1}. Best is trial 1 with value: 0.8.
[I 2026-04-07 01:50:29,642] Trial 13 finished with value: 0.8 and parameters: {'n_neighbors': 4, 'leaf_size': 28, 'p': 1}. Best is trial 1 with value: 0.8.
[I 2026-04-07 01:50:29,672] Trial 14 finished with value: 0.8 and parameters: {'n_neighbors': 5, 'leaf_size': 34, 'p': 1}. Best is trial 1 with value: 0.8.
[I 2026-04-07 01:50:29,692] Trial 15 finished with value: 0.8 and parameters: {'n_neighbors': 4, 'leaf_size': 36, 'p': 1}. Best is trial 1 with value: 0.8.
[I 2026-04-07 01:50:29,747] Trial 16 finished with value: 0.8 and parameters: {'n_neighbors': 8, 'leaf_size': 26, 'p': 1}. Best is trial 1 with value: 0.8.
[I 2026-04-07 01:50:29,771] Trial 17 finished with value: 0.8 and parameters: {'n_neighbors': 3, 'leaf_size': 32, 'p': 1}. Best is trial 1 with value: 0.8.
[I 2026-04-07 01:50:29,794] Trial 18 finished with value: 0.8 and parameters: {'n_neighbors': 5, 'leaf_size': 37, 'p': 2}. Best is trial 1 with value: 0.8.
[I 2026-04-07 01:50:29,816] Trial 19 finished with value: 0.8 and parameters: {'n_neighbors': 6, 'leaf_size': 20, 'p': 1}. Best is trial 1 with value: 0.8.
[I 2026-04-07 01:50:29,838] Trial 20 finished with value: 0.8 and parameters: {'n_neighbors': 4, 'leaf_size': 31, 'p': 1}. Best is trial 1 with value: 0.8.
[I 2026-04-07 01:50:29,863] Trial 21 finished with value: 0.8 and parameters: {'n_neighbors': 3, 'leaf_size': 38, 'p': 2}. Best is trial 1 with value: 0.8.
[I 2026-04-07 01:50:29,889] Trial 22 finished with value: 0.8 and parameters: {'n_neighbors': 3, 'leaf_size': 39, 'p': 2}. Best is trial 1 with value: 0.8.
[I 2026-04-07 01:50:29,914] Trial 23 finished with value: 0.8 and parameters: {'n_neighbors': 4, 'leaf_size': 34, 'p': 2}. Best is trial 1 with value: 0.8.
[I 2026-04-07 01:50:29,939] Trial 24 finished with value: 0.8 and parameters: {'n_neighbors': 5, 'leaf_size': 27, 'p': 2}. Best is trial 1 with value: 0.8.
[I 2026-04-07 01:50:29,997] Trial 25 finished with value: 0.65 and parameters: {'n_neighbors': 10, 'leaf_size': 23, 'p': 2}. Best is trial 1 with value: 0.8.
[I 2026-04-07 01:50:30,032] Trial 26 finished with value: 0.8 and parameters: {'n_neighbors': 3, 'leaf_size': 38, 'p': 2}. Best is trial 1 with value: 0.8.
[I 2026-04-07 01:50:30,069] Trial 27 finished with value: 0.8 and parameters: {'n_neighbors': 4, 'leaf_size': 32, 'p': 1}. Best is trial 1 with value: 0.8.
[I 2026-04-07 01:50:30,096] Trial 28 finished with value: 0.8 and parameters: {'n_neighbors': 6, 'leaf_size': 36, 'p': 2}. Best is trial 1 with value: 0.8.
[I 2026-04-07 01:50:30,118] Trial 29 finished with value: 0.8 and parameters: {'n_neighbors': 3, 'leaf_size': 40, 'p': 1}. Best is trial 1 with value: 0.8.
[I 2026-04-07 01:50:31,264] A new study created in memory with name: xgb
[I 2026-04-07 01:50:31,289] Trial 0 finished with value: 0.95 and parameters: {'n_estimators': 40, 'max_depth': 5, 'gamma': 0.4874219364632415, 'subsample': 0.7011756800186824, 'colsample_bytree': 0.7613373356762848}. Best is trial 0 with value: 0.95.
[I 2026-04-07 01:50:31,316] Trial 1 finished with value: 0.95 and parameters: {'n_estimators': 40, 'max_depth': 5, 'gamma': 0.483482593428573, 'subsample': 0.6445375140090439, 'colsample_bytree': 0.9869276206002231}. Best is trial 0 with value: 0.95.
[I 2026-04-07 01:50:31,344] Trial 2 finished with value: 0.9 and parameters: {'n_estimators': 10, 'max_depth': 5, 'gamma': 0.16384856027517886, 'subsample': 0.6123849694840227, 'colsample_bytree': 0.6968174574718025}. Best is trial 0 with value: 0.95.
[I 2026-04-07 01:50:31,371] Trial 3 finished with value: 0.95 and parameters: {'n_estimators': 100, 'max_depth': 30, 'gamma': 0.7877441182293641, 'subsample': 0.9694019566553859, 'colsample_bytree': 0.6598448982335139}. Best is trial 0 with value: 0.95.
[I 2026-04-07 01:50:31,409] Trial 4 finished with value: 0.95 and parameters: {'n_estimators': 100, 'max_depth': 5, 'gamma': 0.816017102586079, 'subsample': 0.5160040782128984, 'colsample_bytree': 0.7277239110529665}. Best is trial 0 with value: 0.95.
[I 2026-04-07 01:50:31,436] Trial 5 finished with value: 0.9 and parameters: {'n_estimators': 40, 'max_depth': 20, 'gamma': 0.6643500821697236, 'subsample': 0.6076588997363731, 'colsample_bytree': 0.5754850538287481}. Best is trial 0 with value: 0.95.
[I 2026-04-07 01:50:31,474] Trial 6 finished with value: 0.95 and parameters: {'n_estimators': 100, 'max_depth': 20, 'gamma': 0.6361752212866232, 'subsample': 0.8309913561372338, 'colsample_bytree': 0.7552902276266351}. Best is trial 0 with value: 0.95.
[I 2026-04-07 01:50:31,501] Trial 7 finished with value: 0.95 and parameters: {'n_estimators': 10, 'max_depth': 5, 'gamma': 0.5767347850317142, 'subsample': 0.7995431264700696, 'colsample_bytree': 0.8604622333437917}. Best is trial 0 with value: 0.95.
[I 2026-04-07 01:50:31,538] Trial 8 finished with value: 0.95 and parameters: {'n_estimators': 100, 'max_depth': 20, 'gamma': 0.8470554948938058, 'subsample': 0.860339005739911, 'colsample_bytree': 0.9331308414408237}. Best is trial 0 with value: 0.95.
[I 2026-04-07 01:50:31,566] Trial 9 finished with value: 0.95 and parameters: {'n_estimators': 100, 'max_depth': 30, 'gamma': 0.574951454577921, 'subsample': 0.9696020680119358, 'colsample_bytree': 0.8616917074936369}. Best is trial 0 with value: 0.95.
[I 2026-04-07 01:50:31,602] Trial 10 finished with value: 0.95 and parameters: {'n_estimators': 40, 'max_depth': 5, 'gamma': 0.32359117507032664, 'subsample': 0.7187470692461426, 'colsample_bytree': 0.525322130410742}. Best is trial 0 with value: 0.95.
[I 2026-04-07 01:50:31,639] Trial 11 finished with value: 0.95 and parameters: {'n_estimators': 40, 'max_depth': 5, 'gamma': 0.39731700650079615, 'subsample': 0.6878094296726447, 'colsample_bytree': 0.9375796568686313}. Best is trial 0 with value: 0.95.
[I 2026-04-07 01:50:31,677] Trial 12 finished with value: 0.95 and parameters: {'n_estimators': 40, 'max_depth': 5, 'gamma': 0.41000154180441223, 'subsample': 0.6477129401306144, 'colsample_bytree': 0.8097558498628086}. Best is trial 0 with value: 0.95.
[I 2026-04-07 01:50:31,717] Trial 13 finished with value: 0.95 and parameters: {'n_estimators': 40, 'max_depth': 5, 'gamma': 0.26150609747559517, 'subsample': 0.5535821000234289, 'colsample_bytree': 0.9821455069394369}. Best is trial 0 with value: 0.95.
[I 2026-04-07 01:50:31,755] Trial 14 finished with value: 0.95 and parameters: {'n_estimators': 40, 'max_depth': 30, 'gamma': 0.4863964118199141, 'subsample': 0.7382928405886477, 'colsample_bytree': 0.6248901247831351}. Best is trial 0 with value: 0.95.
[I 2026-04-07 01:50:31,793] Trial 15 finished with value: 0.95 and parameters: {'n_estimators': 40, 'max_depth': 5, 'gamma': 0.4677647810752753, 'subsample': 0.785332734602564, 'colsample_bytree': 0.7949593528127555}. Best is trial 0 with value: 0.95.
[I 2026-04-07 01:50:31,833] Trial 16 finished with value: 0.95 and parameters: {'n_estimators': 40, 'max_depth': 5, 'gamma': 0.9755271975994899, 'subsample': 0.6732560713504361, 'colsample_bytree': 0.9993559109053225}. Best is trial 0 with value: 0.95.
[I 2026-04-07 01:50:31,874] Trial 17 finished with value: 0.95 and parameters: {'n_estimators': 10, 'max_depth': 5, 'gamma': 0.26425755461994255, 'subsample': 0.5828031731686625, 'colsample_bytree': 0.8812463142489181}. Best is trial 0 with value: 0.95.
[I 2026-04-07 01:50:31,922] Trial 18 finished with value: 0.95 and parameters: {'n_estimators': 40, 'max_depth': 30, 'gamma': 0.145515594340198, 'subsample': 0.8902649886973554, 'colsample_bytree': 0.7981854326938762}. Best is trial 0 with value: 0.95.
[I 2026-04-07 01:50:31,961] Trial 19 finished with value: 0.95 and parameters: {'n_estimators': 40, 'max_depth': 20, 'gamma': 0.6499639570434488, 'subsample': 0.7574364824452723, 'colsample_bytree': 0.6319725061725031}. Best is trial 0 with value: 0.95.
[I 2026-04-07 01:50:31,999] Trial 20 finished with value: 0.9 and parameters: {'n_estimators': 10, 'max_depth': 5, 'gamma': 0.735320815306184, 'subsample': 0.5049283881400235, 'colsample_bytree': 0.5127669996644397}. Best is trial 0 with value: 0.95.
[I 2026-04-07 01:50:32,037] Trial 21 finished with value: 0.95 and parameters: {'n_estimators': 100, 'max_depth': 30, 'gamma': 0.9754369633540904, 'subsample': 0.9982165618629552, 'colsample_bytree': 0.6711944288495806}. Best is trial 0 with value: 0.95.
[I 2026-04-07 01:50:32,097] Trial 22 finished with value: 0.9 and parameters: {'n_estimators': 100, 'max_depth': 30, 'gamma': 0.5057379372161054, 'subsample': 0.8889778862977213, 'colsample_bytree': 0.6236545975274392}. Best is trial 0 with value: 0.95.
[I 2026-04-07 01:50:32,148] Trial 23 finished with value: 0.95 and parameters: {'n_estimators': 100, 'max_depth': 30, 'gamma': 0.781397928904852, 'subsample': 0.9397536154034312, 'colsample_bytree': 0.5792043297272338}. Best is trial 0 with value: 0.95.
[I 2026-04-07 01:50:32,187] Trial 24 finished with value: 0.95 and parameters: {'n_estimators': 40, 'max_depth': 30, 'gamma': 0.3961474184369575, 'subsample': 0.6512880896594048, 'colsample_bytree': 0.7473454804842522}. Best is trial 0 with value: 0.95.
[I 2026-04-07 01:50:32,237] Trial 25 finished with value: 0.95 and parameters: {'n_estimators': 100, 'max_depth': 30, 'gamma': 0.7294475120200101, 'subsample': 0.6920234017302274, 'colsample_bytree': 0.6798575875180931}. Best is trial 0 with value: 0.95.
[I 2026-04-07 01:50:32,278] Trial 26 finished with value: 0.95 and parameters: {'n_estimators': 40, 'max_depth': 5, 'gamma': 0.913215019992025, 'subsample': 0.7739411428667253, 'colsample_bytree': 0.9123365215583032}. Best is trial 0 with value: 0.95.
[I 2026-04-07 01:50:32,325] Trial 27 finished with value: 0.95 and parameters: {'n_estimators': 100, 'max_depth': 30, 'gamma': 0.5256884659112657, 'subsample': 0.8272130325075943, 'colsample_bytree': 0.5675569752612293}. Best is trial 0 with value: 0.95.
[I 2026-04-07 01:50:32,365] Trial 28 finished with value: 0.95 and parameters: {'n_estimators': 10, 'max_depth': 20, 'gamma': 0.3196744140827942, 'subsample': 0.7177356177249898, 'colsample_bytree': 0.7128613751656225}. Best is trial 0 with value: 0.95.
[I 2026-04-07 01:50:32,403] Trial 29 finished with value: 0.95 and parameters: {'n_estimators': 40, 'max_depth': 5, 'gamma': 0.6057320715198058, 'subsample': 0.6267062453123553, 'colsample_bytree': 0.8310705876008575}. Best is trial 0 with value: 0.95.
[I 2026-04-07 01:50:33,260] A new study created in memory with name: rf
[I 2026-04-07 01:50:33,809] Trial 0 finished with value: 0.95 and parameters: {'n_estimators': 450, 'max_depth': 20, 'min_samples_split': 9, 'min_samples_leaf': 6}. Best is trial 0 with value: 0.95.
[I 2026-04-07 01:50:34,018] Trial 1 finished with value: 0.95 and parameters: {'n_estimators': 193, 'max_depth': 3, 'min_samples_split': 5, 'min_samples_leaf': 5}. Best is trial 0 with value: 0.95.
[I 2026-04-07 01:50:34,337] Trial 2 finished with value: 0.85 and parameters: {'n_estimators': 309, 'max_depth': 11, 'min_samples_split': 6, 'min_samples_leaf': 6}. Best is trial 0 with value: 0.95.
[I 2026-04-07 01:50:34,766] Trial 3 finished with value: 0.95 and parameters: {'n_estimators': 405, 'max_depth': 15, 'min_samples_split': 7, 'min_samples_leaf': 5}. Best is trial 0 with value: 0.95.
[I 2026-04-07 01:50:35,036] Trial 4 finished with value: 0.95 and parameters: {'n_estimators': 215, 'max_depth': 20, 'min_samples_split': 5, 'min_samples_leaf': 3}. Best is trial 0 with value: 0.95.
[I 2026-04-07 01:50:35,205] Trial 5 finished with value: 0.95 and parameters: {'n_estimators': 126, 'max_depth': 20, 'min_samples_split': 3, 'min_samples_leaf': 4}. Best is trial 0 with value: 0.95.
[I 2026-04-07 01:50:35,403] Trial 6 finished with value: 0.5 and parameters: {'n_estimators': 128, 'max_depth': 7, 'min_samples_split': 5, 'min_samples_leaf': 9}. Best is trial 0 with value: 0.95.
[I 2026-04-07 01:50:35,700] Trial 7 finished with value: 0.95 and parameters: {'n_estimators': 238, 'max_depth': 20, 'min_samples_split': 2, 'min_samples_leaf': 4}. Best is trial 0 with value: 0.95.
[I 2026-04-07 01:50:36,009] Trial 8 finished with value: 0.95 and parameters: {'n_estimators': 252, 'max_depth': 16, 'min_samples_split': 10, 'min_samples_leaf': 4}. Best is trial 0 with value: 0.95.
[I 2026-04-07 01:50:36,318] Trial 9 finished with value: 0.5 and parameters: {'n_estimators': 273, 'max_depth': 7, 'min_samples_split': 9, 'min_samples_leaf': 7}. Best is trial 0 with value: 0.95.
[I 2026-04-07 01:50:36,835] Trial 10 finished with value: 0.5 and parameters: {'n_estimators': 498, 'max_depth': 15, 'min_samples_split': 8, 'min_samples_leaf': 10}. Best is trial 0 with value: 0.95.
[I 2026-04-07 01:50:37,244] Trial 11 finished with value: 0.95 and parameters: {'n_estimators': 380, 'max_depth': 4, 'min_samples_split': 4, 'min_samples_leaf': 1}. Best is trial 0 with value: 0.95.
[I 2026-04-07 01:50:37,765] Trial 12 finished with value: 0.5 and parameters: {'n_estimators': 498, 'max_depth': 3, 'min_samples_split': 7, 'min_samples_leaf': 7}. Best is trial 0 with value: 0.95.
[I 2026-04-07 01:50:38,163] Trial 13 finished with value: 0.5 and parameters: {'n_estimators': 362, 'max_depth': 11, 'min_samples_split': 10, 'min_samples_leaf': 8}. Best is trial 0 with value: 0.95.
[I 2026-04-07 01:50:38,391] Trial 14 finished with value: 0.9 and parameters: {'n_estimators': 185, 'max_depth': 6, 'min_samples_split': 8, 'min_samples_leaf': 1}. Best is trial 0 with value: 0.95.
[I 2026-04-07 01:50:38,854] Trial 15 finished with value: 0.95 and parameters: {'n_estimators': 436, 'max_depth': 9, 'min_samples_split': 5, 'min_samples_leaf': 6}. Best is trial 0 with value: 0.95.
[I 2026-04-07 01:50:39,229] Trial 16 finished with value: 0.95 and parameters: {'n_estimators': 320, 'max_depth': 17, 'min_samples_split': 7, 'min_samples_leaf': 3}. Best is trial 0 with value: 0.95.
[I 2026-04-07 01:50:39,453] Trial 17 finished with value: 0.5 and parameters: {'n_estimators': 177, 'max_depth': 12, 'min_samples_split': 3, 'min_samples_leaf': 7}. Best is trial 0 with value: 0.95.
[I 2026-04-07 01:50:39,952] Trial 18 finished with value: 0.95 and parameters: {'n_estimators': 460, 'max_depth': 13, 'min_samples_split': 9, 'min_samples_leaf': 5}. Best is trial 0 with value: 0.95.
[I 2026-04-07 01:50:40,186] Trial 19 finished with value: 0.95 and parameters: {'n_estimators': 158, 'max_depth': 18, 'min_samples_split': 6, 'min_samples_leaf': 2}. Best is trial 0 with value: 0.95.
[I 2026-04-07 01:50:40,670] Trial 20 finished with value: 0.5 and parameters: {'n_estimators': 334, 'max_depth': 9, 'min_samples_split': 4, 'min_samples_leaf': 8}. Best is trial 0 with value: 0.95.
[I 2026-04-07 01:50:41,110] Trial 21 finished with value: 0.95 and parameters: {'n_estimators': 410, 'max_depth': 15, 'min_samples_split': 7, 'min_samples_leaf': 5}. Best is trial 0 with value: 0.95.
