[I 2026-04-09 22:03:10,526] Trial 25 finished with value: 0.625 and parameters: {'n_neighbors': 5, 'leaf_size': 34, 'p': 1}. Best is trial 5 with value: 0.75.
[I 2026-04-09 22:03:10,550] Trial 26 finished with value: 0.725 and parameters: {'n_neighbors': 4, 'leaf_size': 32, 'p': 2}. Best is trial 5 with value: 0.75.
[I 2026-04-09 22:03:10,577] Trial 27 finished with value: 0.7 and parameters: {'n_neighbors': 7, 'leaf_size': 38, 'p': 1}. Best is trial 5 with value: 0.75.
[I 2026-04-09 22:03:10,601] Trial 28 finished with value: 0.7 and parameters: {'n_neighbors': 9, 'leaf_size': 29, 'p': 1}. Best is trial 5 with value: 0.75.
[I 2026-04-09 22:03:10,628] Trial 29 finished with value: 0.75 and parameters: {'n_neighbors': 6, 'leaf_size': 30, 'p': 1}. Best is trial 5 with value: 0.75.
[I 2026-04-09 22:03:11,584] A new study created in memory with name: xgb
[I 2026-04-09 22:03:11,610] Trial 0 finished with value: 0.975 and parameters: {'n_estimators': 40, 'max_depth': 30, 'gamma': 0.47665736245940726, 'subsample': 0.6240505842067796, 'colsample_bytree': 0.542029825582675}. Best is trial 0 with value: 0.975.
[I 2026-04-09 22:03:11,644] Trial 1 finished with value: 0.975 and parameters: {'n_estimators': 100, 'max_depth': 5, 'gamma': 0.6154838340124683, 'subsample': 0.9490035591125747, 'colsample_bytree': 0.8334494864598183}. Best is trial 0 with value: 0.975.
[I 2026-04-09 22:03:11,668] Trial 2 finished with value: 0.975 and parameters: {'n_estimators': 40, 'max_depth': 20, 'gamma': 0.9464719685739904, 'subsample': 0.9018698850061588, 'colsample_bytree': 0.9916796241121663}. Best is trial 0 with value: 0.975.
[I 2026-04-09 22:03:11,702] Trial 3 finished with value: 0.975 and parameters: {'n_estimators': 100, 'max_depth': 30, 'gamma': 0.26698751824101463, 'subsample': 0.6215578376567042, 'colsample_bytree': 0.9367004215505623}. Best is trial 0 with value: 0.975.
[I 2026-04-09 22:03:11,728] Trial 4 finished with value: 0.95 and parameters: {'n_estimators': 10, 'max_depth': 20, 'gamma': 0.5301766121845122, 'subsample': 0.7177777323831729, 'colsample_bytree': 0.9352041482132656}. Best is trial 0 with value: 0.975.
[I 2026-04-09 22:03:11,766] Trial 5 finished with value: 0.95 and parameters: {'n_estimators': 100, 'max_depth': 5, 'gamma': 0.6742485862456464, 'subsample': 0.7308488312353485, 'colsample_bytree': 0.5265297122426965}. Best is trial 0 with value: 0.975.
[I 2026-04-09 22:03:11,808] Trial 6 finished with value: 0.975 and parameters: {'n_estimators': 100, 'max_depth': 30, 'gamma': 0.5360486096375219, 'subsample': 0.8488681925618888, 'colsample_bytree': 0.900578215847843}. Best is trial 0 with value: 0.975.
[I 2026-04-09 22:03:11,837] Trial 7 finished with value: 0.95 and parameters: {'n_estimators': 40, 'max_depth': 5, 'gamma': 0.4997010655396419, 'subsample': 0.7490698051808964, 'colsample_bytree': 0.7071731623998108}. Best is trial 0 with value: 0.975.
[I 2026-04-09 22:03:11,863] Trial 8 finished with value: 0.95 and parameters: {'n_estimators': 100, 'max_depth': 5, 'gamma': 0.5449029446194361, 'subsample': 0.7150234071055932, 'colsample_bytree': 0.8673829085180849}. Best is trial 0 with value: 0.975.
[I 2026-04-09 22:03:11,888] Trial 9 finished with value: 0.975 and parameters: {'n_estimators': 100, 'max_depth': 30, 'gamma': 0.5427360453562716, 'subsample': 0.5915763668266103, 'colsample_bytree': 0.5546552575823498}. Best is trial 0 with value: 0.975.
[I 2026-04-09 22:03:11,928] Trial 10 finished with value: 0.975 and parameters: {'n_estimators': 40, 'max_depth': 30, 'gamma': 0.14684638844211245, 'subsample': 0.5183047662344111, 'colsample_bytree': 0.6399757283243361}. Best is trial 0 with value: 0.975.
[I 2026-04-09 22:03:11,968] Trial 11 finished with value: 0.975 and parameters: {'n_estimators': 10, 'max_depth': 5, 'gamma': 0.7404734538708532, 'subsample': 0.9683640491533567, 'colsample_bytree': 0.791290368973991}. Best is trial 0 with value: 0.975.
[I 2026-04-09 22:03:12,010] Trial 12 finished with value: 0.975 and parameters: {'n_estimators': 40, 'max_depth': 30, 'gamma': 0.33003106543330485, 'subsample': 0.837351019418467, 'colsample_bytree': 0.8016486854551674}. Best is trial 0 with value: 0.975.
[I 2026-04-09 22:03:12,050] Trial 13 finished with value: 0.975 and parameters: {'n_estimators': 40, 'max_depth': 5, 'gamma': 0.7493472740896592, 'subsample': 0.6284003687490249, 'colsample_bytree': 0.6619906998059255}. Best is trial 0 with value: 0.975.
[I 2026-04-09 22:03:12,094] Trial 14 finished with value: 0.975 and parameters: {'n_estimators': 10, 'max_depth': 20, 'gamma': 0.3809802685803019, 'subsample': 0.9899457651138078, 'colsample_bytree': 0.5959354756466476}. Best is trial 0 with value: 0.975.
[I 2026-04-09 22:03:12,134] Trial 15 finished with value: 0.975 and parameters: {'n_estimators': 100, 'max_depth': 30, 'gamma': 0.9943112714517324, 'subsample': 0.8200359995329215, 'colsample_bytree': 0.7284824247049743}. Best is trial 0 with value: 0.975.
[I 2026-04-09 22:03:12,174] Trial 16 finished with value: 0.975 and parameters: {'n_estimators': 40, 'max_depth': 5, 'gamma': 0.6648730456079014, 'subsample': 0.5265430700079919, 'colsample_bytree': 0.8225676920784882}. Best is trial 0 with value: 0.975.
[I 2026-04-09 22:03:12,216] Trial 17 finished with value: 0.95 and parameters: {'n_estimators': 100, 'max_depth': 5, 'gamma': 0.41547611635775555, 'subsample': 0.6518240843907721, 'colsample_bytree': 0.5068086515296648}. Best is trial 0 with value: 0.975.
[I 2026-04-09 22:03:12,255] Trial 18 finished with value: 0.975 and parameters: {'n_estimators': 40, 'max_depth': 30, 'gamma': 0.7925179805378093, 'subsample': 0.9180923362841127, 'colsample_bytree': 0.6573173889505894}. Best is trial 0 with value: 0.975.
[I 2026-04-09 22:03:12,303] Trial 19 finished with value: 0.925 and parameters: {'n_estimators': 10, 'max_depth': 20, 'gamma': 0.8484091708840186, 'subsample': 0.6752045869249022, 'colsample_bytree': 0.7651203651494868}. Best is trial 0 with value: 0.975.
[I 2026-04-09 22:03:12,347] Trial 20 finished with value: 0.95 and parameters: {'n_estimators': 40, 'max_depth': 30, 'gamma': 0.6498309549927597, 'subsample': 0.7888679374142473, 'colsample_bytree': 0.8592552998008142}. Best is trial 0 with value: 0.975.
[I 2026-04-09 22:03:12,387] Trial 21 finished with value: 0.975 and parameters: {'n_estimators': 40, 'max_depth': 20, 'gamma': 0.9224833808115213, 'subsample': 0.907726321748267, 'colsample_bytree': 0.991811029277949}. Best is trial 0 with value: 0.975.
[I 2026-04-09 22:03:12,439] Trial 22 finished with value: 0.95 and parameters: {'n_estimators': 40, 'max_depth': 20, 'gamma': 0.2522143597351267, 'subsample': 0.8993960847725873, 'colsample_bytree': 0.97846034880731}. Best is trial 0 with value: 0.975.
[I 2026-04-09 22:03:12,483] Trial 23 finished with value: 0.975 and parameters: {'n_estimators': 40, 'max_depth': 20, 'gamma': 0.4192326662590322, 'subsample': 0.9438496634428782, 'colsample_bytree': 0.8511404282671045}. Best is trial 0 with value: 0.975.
[I 2026-04-09 22:03:12,518] Trial 24 finished with value: 0.975 and parameters: {'n_estimators': 40, 'max_depth': 20, 'gamma': 0.9070154313790706, 'subsample': 0.8709502969651824, 'colsample_bytree': 0.593959043632211}. Best is trial 0 with value: 0.975.
[I 2026-04-09 22:03:12,558] Trial 25 finished with value: 0.975 and parameters: {'n_estimators': 100, 'max_depth': 20, 'gamma': 0.6005168462473008, 'subsample': 0.5686027666375084, 'colsample_bytree': 0.920206448802743}. Best is trial 0 with value: 0.975.
[I 2026-04-09 22:03:12,602] Trial 26 finished with value: 0.95 and parameters: {'n_estimators': 40, 'max_depth': 5, 'gamma': 0.4590600199155305, 'subsample': 0.7890142212091552, 'colsample_bytree': 0.6978865374096721}. Best is trial 0 with value: 0.975.
[I 2026-04-09 22:03:12,640] Trial 27 finished with value: 0.975 and parameters: {'n_estimators': 40, 'max_depth': 5, 'gamma': 0.1495926832334486, 'subsample': 0.9486485992226238, 'colsample_bytree': 0.7565589188962993}. Best is trial 0 with value: 0.975.
[I 2026-04-09 22:03:12,680] Trial 28 finished with value: 0.975 and parameters: {'n_estimators': 10, 'max_depth': 30, 'gamma': 0.9872479321279979, 'subsample': 0.8816978528639977, 'colsample_bytree': 0.9722594412047804}. Best is trial 0 with value: 0.975.
[I 2026-04-09 22:03:12,714] Trial 29 finished with value: 0.95 and parameters: {'n_estimators': 100, 'max_depth': 20, 'gamma': 0.26270274024487045, 'subsample': 0.6892710113302492, 'colsample_bytree': 0.8930451319107932}. Best is trial 0 with value: 0.975.
[I 2026-04-09 22:03:13,075] A new study created in memory with name: rf
[I 2026-04-09 22:03:13,214] Trial 0 finished with value: 1.0 and parameters: {'n_estimators': 104, 'max_depth': 12, 'min_samples_split': 6, 'min_samples_leaf': 2}. Best is trial 0 with value: 1.0.
[I 2026-04-09 22:03:13,470] Trial 1 finished with value: 0.95 and parameters: {'n_estimators': 156, 'max_depth': 6, 'min_samples_split': 5, 'min_samples_leaf': 3}. Best is trial 0 with value: 1.0.
[I 2026-04-09 22:03:13,680] Trial 2 finished with value: 0.85 and parameters: {'n_estimators': 133, 'max_depth': 9, 'min_samples_split': 3, 'min_samples_leaf': 9}. Best is trial 0 with value: 1.0.
[I 2026-04-09 22:03:14,254] Trial 3 finished with value: 0.95 and parameters: {'n_estimators': 481, 'max_depth': 3, 'min_samples_split': 8, 'min_samples_leaf': 6}. Best is trial 0 with value: 1.0.
[I 2026-04-09 22:03:14,883] Trial 4 finished with value: 0.925 and parameters: {'n_estimators': 460, 'max_depth': 15, 'min_samples_split': 6, 'min_samples_leaf': 8}. Best is trial 0 with value: 1.0.
[I 2026-04-09 22:03:15,183] Trial 5 finished with value: 0.95 and parameters: {'n_estimators': 254, 'max_depth': 15, 'min_samples_split': 9, 'min_samples_leaf': 5}. Best is trial 0 with value: 1.0.
[I 2026-04-09 22:03:15,756] Trial 6 finished with value: 0.95 and parameters: {'n_estimators': 477, 'max_depth': 17, 'min_samples_split': 10, 'min_samples_leaf': 2}. Best is trial 0 with value: 1.0.
[I 2026-04-09 22:03:16,106] Trial 7 finished with value: 0.875 and parameters: {'n_estimators': 308, 'max_depth': 20, 'min_samples_split': 7, 'min_samples_leaf': 9}. Best is trial 0 with value: 1.0.
[I 2026-04-09 22:03:16,657] Trial 8 finished with value: 0.875 and parameters: {'n_estimators': 489, 'max_depth': 6, 'min_samples_split': 4, 'min_samples_leaf': 9}. Best is trial 0 with value: 1.0.
[I 2026-04-09 22:03:17,187] Trial 9 finished with value: 0.95 and parameters: {'n_estimators': 463, 'max_depth': 16, 'min_samples_split': 5, 'min_samples_leaf': 5}. Best is trial 0 with value: 1.0.
[I 2026-04-09 22:03:17,487] Trial 10 finished with value: 1.0 and parameters: {'n_estimators': 233, 'max_depth': 11, 'min_samples_split': 2, 'min_samples_leaf': 1}. Best is trial 0 with value: 1.0.
[I 2026-04-09 22:03:17,790] Trial 11 finished with value: 0.975 and parameters: {'n_estimators': 233, 'max_depth': 11, 'min_samples_split': 2, 'min_samples_leaf': 1}. Best is trial 0 with value: 1.0.
[I 2026-04-09 22:03:18,254] Trial 12 finished with value: 1.0 and parameters: {'n_estimators': 369, 'max_depth': 11, 'min_samples_split': 2, 'min_samples_leaf': 3}. Best is trial 0 with value: 1.0.
[I 2026-04-09 22:03:18,408] Trial 13 finished with value: 1.0 and parameters: {'n_estimators': 101, 'max_depth': 13, 'min_samples_split': 4, 'min_samples_leaf': 1}. Best is trial 0 with value: 1.0.
[I 2026-04-09 22:03:18,647] Trial 14 finished with value: 0.975 and parameters: {'n_estimators': 179, 'max_depth': 8, 'min_samples_split': 7, 'min_samples_leaf': 3}. Best is trial 0 with value: 1.0.
[I 2026-04-09 22:03:18,926] Trial 15 finished with value: 1.0 and parameters: {'n_estimators': 208, 'max_depth': 13, 'min_samples_split': 3, 'min_samples_leaf': 1}. Best is trial 0 with value: 1.0.
[I 2026-04-09 22:03:19,276] Trial 16 finished with value: 0.95 and parameters: {'n_estimators': 297, 'max_depth': 9, 'min_samples_split': 6, 'min_samples_leaf': 4}. Best is trial 0 with value: 1.0.
[I 2026-04-09 22:03:19,758] Trial 17 finished with value: 0.9 and parameters: {'n_estimators': 359, 'max_depth': 13, 'min_samples_split': 8, 'min_samples_leaf': 7}. Best is trial 0 with value: 1.0.
[I 2026-04-09 22:03:19,930] Trial 18 finished with value: 1.0 and parameters: {'n_estimators': 115, 'max_depth': 18, 'min_samples_split': 4, 'min_samples_leaf': 2}. Best is trial 0 with value: 1.0.
[I 2026-04-09 22:03:20,226] Trial 19 finished with value: 0.975 and parameters: {'n_estimators': 203, 'max_depth': 7, 'min_samples_split': 10, 'min_samples_leaf': 2}. Best is trial 0 with value: 1.0.
[I 2026-04-09 22:03:20,594] Trial 20 finished with value: 0.95 and parameters: {'n_estimators': 276, 'max_depth': 3, 'min_samples_split': 3, 'min_samples_leaf': 4}. Best is trial 0 with value: 1.0.
[I 2026-04-09 22:03:21,136] Trial 21 finished with value: 0.975 and parameters: {'n_estimators': 394, 'max_depth': 11, 'min_samples_split': 2, 'min_samples_leaf': 3}. Best is trial 0 with value: 1.0.
[I 2026-04-09 22:03:21,575] Trial 22 finished with value: 0.975 and parameters: {'n_estimators': 357, 'max_depth': 11, 'min_samples_split': 2, 'min_samples_leaf': 2}. Best is trial 0 with value: 1.0.
[I 2026-04-09 22:03:22,056] Trial 23 finished with value: 0.95 and parameters: {'n_estimators': 388, 'max_depth': 10, 'min_samples_split': 2, 'min_samples_leaf': 4}. Best is trial 0 with value: 1.0.
[I 2026-04-09 22:03:22,432] Trial 24 finished with value: 1.0 and parameters: {'n_estimators': 321, 'max_depth': 13, 'min_samples_split': 5, 'min_samples_leaf': 1}. Best is trial 0 with value: 1.0.
[I 2026-04-09 22:03:22,996] Trial 25 finished with value: 0.975 and parameters: {'n_estimators': 435, 'max_depth': 14, 'min_samples_split': 3, 'min_samples_leaf': 3}. Best is trial 0 with value: 1.0.
[I 2026-04-09 22:03:23,509] Trial 26 finished with value: 0.975 and parameters: {'n_estimators': 340, 'max_depth': 12, 'min_samples_split': 4, 'min_samples_leaf': 2}. Best is trial 0 with value: 1.0.
[I 2026-04-09 22:03:23,711] Trial 27 finished with value: 0.925 and parameters: {'n_estimators': 144, 'max_depth': 9, 'min_samples_split': 7, 'min_samples_leaf': 6}. Best is trial 0 with value: 1.0.
[I 2026-04-09 22:03:24,190] Trial 28 finished with value: 1.0 and parameters: {'n_estimators': 401, 'max_depth': 10, 'min_samples_split': 3, 'min_samples_leaf': 1}. Best is trial 0 with value: 1.0.
[I 2026-04-09 22:03:24,441] Trial 29 finished with value: 1.0 and parameters: {'n_estimators': 165, 'max_depth': 5, 'min_samples_split': 5, 'min_samples_leaf': 4}. Best is trial 0 with value: 1.0.
[I 2026-04-09 22:03:25,961] A new study created in memory with name: mlp
[I 2026-04-09 22:03:26,027] Trial 0 finished with value: 0.725 and parameters: {'hidden_layer_sizes': (200,), 'max_iter': 100, 'alpha': 0.001}. Best is trial 0 with value: 0.725.
[I 2026-04-09 22:03:26,097] Trial 1 finished with value: 0.725 and parameters: {'hidden_layer_sizes': (100, 100), 'max_iter': 100, 'alpha': 0.0001}. Best is trial 0 with value: 0.725.
[I 2026-04-09 22:03:26,151] Trial 2 finished with value: 0.7 and parameters: {'hidden_layer_sizes': (100, 100), 'max_iter': 50, 'alpha': 0.0001}. Best is trial 0 with value: 0.725.
[I 2026-04-09 22:03:26,187] Trial 3 finished with value: 0.725 and parameters: {'hidden_layer_sizes': (200,), 'max_iter': 50, 'alpha': 0.0001}. Best is trial 0 with value: 0.725.
[I 2026-04-09 22:03:26,247] Trial 4 finished with value: 0.725 and parameters: {'hidden_layer_sizes': (200,), 'max_iter': 100, 'alpha': 0.001}. Best is trial 0 with value: 0.725.
[I 2026-04-09 22:03:26,315] Trial 5 finished with value: 0.75 and parameters: {'hidden_layer_sizes': (200,), 'max_iter': 100, 'alpha': 0.0001}. Best is trial 5 with value: 0.75.
[I 2026-04-09 22:03:26,390] Trial 6 finished with value: 0.675 and parameters: {'hidden_layer_sizes': (100, 100), 'max_iter': 100, 'alpha': 0.001}. Best is trial 5 with value: 0.75.
[I 2026-04-09 22:03:26,436] Trial 7 finished with value: 0.775 and parameters: {'hidden_layer_sizes': (200,), 'max_iter': 50, 'alpha': 0.001}. Best is trial 7 with value: 0.775.
[I 2026-04-09 22:03:26,503] Trial 8 finished with value: 0.8 and parameters: {'hidden_layer_sizes': (100,), 'max_iter': 100, 'alpha': 0.001}. Best is trial 8 with value: 0.8.
[I 2026-04-09 22:03:26,552] Trial 9 finished with value: 0.775 and parameters: {'hidden_layer_sizes': (200,), 'max_iter': 50, 'alpha': 0.001}. Best is trial 8 with value: 0.8.
[I 2026-04-09 22:03:26,601] Trial 10 finished with value: 0.75 and parameters: {'hidden_layer_sizes': (100,), 'max_iter': 100, 'alpha': 0.001}. Best is trial 8 with value: 0.8.
[I 2026-04-09 22:03:26,644] Trial 11 finished with value: 0.725 and parameters: {'hidden_layer_sizes': (100,), 'max_iter': 50, 'alpha': 0.001}. Best is trial 8 with value: 0.8.
[I 2026-04-09 22:03:26,683] Trial 12 finished with value: 0.7 and parameters: {'hidden_layer_sizes': (100,), 'max_iter': 50, 'alpha': 0.001}. Best is trial 8 with value: 0.8.
[I 2026-04-09 22:03:26,724] Trial 13 finished with value: 0.75 and parameters: {'hidden_layer_sizes': (100,), 'max_iter': 50, 'alpha': 0.001}. Best is trial 8 with value: 0.8.
[I 2026-04-09 22:03:26,782] Trial 14 finished with value: 0.725 and parameters: {'hidden_layer_sizes': (100,), 'max_iter': 100, 'alpha': 0.001}. Best is trial 8 with value: 0.8.
[I 2026-04-09 22:03:26,818] Trial 15 finished with value: 0.75 and parameters: {'hidden_layer_sizes': (200,), 'max_iter': 50, 'alpha': 0.001}. Best is trial 8 with value: 0.8.
[I 2026-04-09 22:03:26,867] Trial 16 finished with value: 0.75 and parameters: {'hidden_layer_sizes': (100,), 'max_iter': 100, 'alpha': 0.001}. Best is trial 8 with value: 0.8.
[I 2026-04-09 22:03:26,905] Trial 17 finished with value: 0.675 and parameters: {'hidden_layer_sizes': (100,), 'max_iter': 50, 'alpha': 0.001}. Best is trial 8 with value: 0.8.
[I 2026-04-09 22:03:26,976] Trial 18 finished with value: 0.7 and parameters: {'hidden_layer_sizes': (200,), 'max_iter': 100, 'alpha': 0.0001}. Best is trial 8 with value: 0.8.
[I 2026-04-09 22:03:27,032] Trial 19 finished with value: 0.675 and parameters: {'hidden_layer_sizes': (100, 100), 'max_iter': 50, 'alpha': 0.001}. Best is trial 8 with value: 0.8.
[I 2026-04-09 22:03:27,101] Trial 20 finished with value: 0.725 and parameters: {'hidden_layer_sizes': (200,), 'max_iter': 100, 'alpha': 0.001}. Best is trial 8 with value: 0.8.
[I 2026-04-09 22:03:27,147] Trial 21 finished with value: 0.725 and parameters: {'hidden_layer_sizes': (200,), 'max_iter': 50, 'alpha': 0.001}. Best is trial 8 with value: 0.8.
[I 2026-04-09 22:03:27,196] Trial 22 finished with value: 0.725 and parameters: {'hidden_layer_sizes': (200,), 'max_iter': 50, 'alpha': 0.001}. Best is trial 8 with value: 0.8.
[I 2026-04-09 22:03:27,234] Trial 23 finished with value: 0.725 and parameters: {'hidden_layer_sizes': (200,), 'max_iter': 50, 'alpha': 0.001}. Best is trial 8 with value: 0.8.
[I 2026-04-09 22:03:27,281] Trial 24 finished with value: 0.75 and parameters: {'hidden_layer_sizes': (200,), 'max_iter': 50, 'alpha': 0.001}. Best is trial 8 with value: 0.8.
[I 2026-04-09 22:03:27,319] Trial 25 finished with value: 0.7 and parameters: {'hidden_layer_sizes': (100,), 'max_iter': 50, 'alpha': 0.001}. Best is trial 8 with value: 0.8.
[I 2026-04-09 22:03:27,357] Trial 26 finished with value: 0.7 and parameters: {'hidden_layer_sizes': (200,), 'max_iter': 50, 'alpha': 0.0001}. Best is trial 8 with value: 0.8.
[I 2026-04-09 22:03:27,401] Trial 27 finished with value: 0.725 and parameters: {'hidden_layer_sizes': (200,), 'max_iter': 50, 'alpha': 0.001}. Best is trial 8 with value: 0.8.
[I 2026-04-09 22:03:27,469] Trial 28 finished with value: 0.725 and parameters: {'hidden_layer_sizes': (100, 100), 'max_iter': 100, 'alpha': 0.001}. Best is trial 8 with value: 0.8.
