[I 2026-04-09 20:33:08,466] Trial 20 finished with value: 1.0 and parameters: {'hidden_layer_sizes': (200,), 'max_iter': 50, 'alpha': 0.0001}. Best is trial 0 with value: 1.0.
[I 2026-04-09 20:33:08,503] Trial 21 finished with value: 1.0 and parameters: {'hidden_layer_sizes': (100,), 'max_iter': 50, 'alpha': 0.0001}. Best is trial 0 with value: 1.0.
[I 2026-04-09 20:33:08,540] Trial 22 finished with value: 1.0 and parameters: {'hidden_layer_sizes': (100,), 'max_iter': 50, 'alpha': 0.0001}. Best is trial 0 with value: 1.0.
[I 2026-04-09 20:33:08,564] Trial 23 finished with value: 1.0 and parameters: {'hidden_layer_sizes': (100,), 'max_iter': 50, 'alpha': 0.0001}. Best is trial 0 with value: 1.0.
[I 2026-04-09 20:33:08,609] Trial 24 finished with value: 1.0 and parameters: {'hidden_layer_sizes': (100,), 'max_iter': 50, 'alpha': 0.0001}. Best is trial 0 with value: 1.0.
[I 2026-04-09 20:33:08,648] Trial 25 finished with value: 1.0 and parameters: {'hidden_layer_sizes': (100,), 'max_iter': 50, 'alpha': 0.0001}. Best is trial 0 with value: 1.0.
[I 2026-04-09 20:33:08,696] Trial 26 finished with value: 1.0 and parameters: {'hidden_layer_sizes': (200,), 'max_iter': 100, 'alpha': 0.001}. Best is trial 0 with value: 1.0.
[I 2026-04-09 20:33:08,735] Trial 27 finished with value: 1.0 and parameters: {'hidden_layer_sizes': (200,), 'max_iter': 50, 'alpha': 0.0001}. Best is trial 0 with value: 1.0.
[I 2026-04-09 20:33:08,782] Trial 28 finished with value: 1.0 and parameters: {'hidden_layer_sizes': (100, 100), 'max_iter': 50, 'alpha': 0.001}. Best is trial 0 with value: 1.0.
[I 2026-04-09 20:33:08,839] Trial 29 finished with value: 1.0 and parameters: {'hidden_layer_sizes': (100,), 'max_iter': 100, 'alpha': 0.001}. Best is trial 0 with value: 1.0.
[I 2026-04-09 20:33:10,483] A new study created in memory with name: naive_bayes
[I 2026-04-09 20:33:10,496] Trial 0 finished with value: 0.8 and parameters: {'var_smoothing': 1.0489343501429862e-10}. Best is trial 0 with value: 0.8.
[I 2026-04-09 20:33:10,515] Trial 1 finished with value: 0.8 and parameters: {'var_smoothing': 1.0086701860885373e-09}. Best is trial 0 with value: 0.8.
[I 2026-04-09 20:33:10,528] Trial 2 finished with value: 0.8 and parameters: {'var_smoothing': 9.807235097598006e-10}. Best is trial 0 with value: 0.8.
[I 2026-04-09 20:33:10,541] Trial 3 finished with value: 0.8 and parameters: {'var_smoothing': 1.8520770828517824e-10}. Best is trial 0 with value: 0.8.
[I 2026-04-09 20:33:10,555] Trial 4 finished with value: 0.8 and parameters: {'var_smoothing': 1.9240757716714087e-10}. Best is trial 0 with value: 0.8.
[I 2026-04-09 20:33:10,569] Trial 5 finished with value: 0.8 and parameters: {'var_smoothing': 2.736007926537145e-10}. Best is trial 0 with value: 0.8.
[I 2026-04-09 20:33:10,584] Trial 6 finished with value: 0.8 and parameters: {'var_smoothing': 6.87094324185739e-10}. Best is trial 0 with value: 0.8.
[I 2026-04-09 20:33:10,597] Trial 7 finished with value: 0.8 and parameters: {'var_smoothing': 3.134745855231349e-10}. Best is trial 0 with value: 0.8.
[I 2026-04-09 20:33:10,610] Trial 8 finished with value: 0.8 and parameters: {'var_smoothing': 1.4727170077821783e-10}. Best is trial 0 with value: 0.8.
[I 2026-04-09 20:33:10,623] Trial 9 finished with value: 0.8 and parameters: {'var_smoothing': 4.909048017047017e-10}. Best is trial 0 with value: 0.8.
[I 2026-04-09 20:33:10,642] Trial 10 finished with value: 0.8 and parameters: {'var_smoothing': 4.226228455594519e-09}. Best is trial 0 with value: 0.8.
[I 2026-04-09 20:33:10,658] Trial 11 finished with value: 0.8 and parameters: {'var_smoothing': 2.8481546791169343e-09}. Best is trial 0 with value: 0.8.
[I 2026-04-09 20:33:10,676] Trial 12 finished with value: 0.8 and parameters: {'var_smoothing': 1.9032336526904254e-09}. Best is trial 0 with value: 0.8.
[I 2026-04-09 20:33:10,705] Trial 13 finished with value: 0.8 and parameters: {'var_smoothing': 1.6192707465333408e-09}. Best is trial 0 with value: 0.8.
[I 2026-04-09 20:33:10,741] Trial 14 finished with value: 0.8 and parameters: {'var_smoothing': 1.0137193502251743e-10}. Best is trial 0 with value: 0.8.
[I 2026-04-09 20:33:10,764] Trial 15 finished with value: 0.8 and parameters: {'var_smoothing': 7.233291262560306e-09}. Best is trial 0 with value: 0.8.
[I 2026-04-09 20:33:10,809] Trial 16 finished with value: 0.8 and parameters: {'var_smoothing': 5.636880428096003e-10}. Best is trial 0 with value: 0.8.
[I 2026-04-09 20:33:10,847] Trial 17 finished with value: 0.8 and parameters: {'var_smoothing': 1.2682382630515742e-09}. Best is trial 0 with value: 0.8.
[I 2026-04-09 20:33:10,867] Trial 18 finished with value: 0.8 and parameters: {'var_smoothing': 3.934685686653308e-10}. Best is trial 0 with value: 0.8.
[I 2026-04-09 20:33:10,887] Trial 19 finished with value: 0.8 and parameters: {'var_smoothing': 8.419551297505738e-10}. Best is trial 0 with value: 0.8.
[I 2026-04-09 20:33:10,904] Trial 20 finished with value: 0.8 and parameters: {'var_smoothing': 2.608399883647147e-09}. Best is trial 0 with value: 0.8.
[I 2026-04-09 20:33:10,924] Trial 21 finished with value: 0.8 and parameters: {'var_smoothing': 1.1043065925699652e-09}. Best is trial 0 with value: 0.8.
[I 2026-04-09 20:33:10,942] Trial 22 finished with value: 0.8 and parameters: {'var_smoothing': 7.818254747144452e-09}. Best is trial 0 with value: 0.8.
[I 2026-04-09 20:33:10,959] Trial 23 finished with value: 0.8 and parameters: {'var_smoothing': 4.506881416225629e-09}. Best is trial 0 with value: 0.8.
[I 2026-04-09 20:33:10,984] Trial 24 finished with value: 0.8 and parameters: {'var_smoothing': 8.370195589160265e-10}. Best is trial 0 with value: 0.8.
[I 2026-04-09 20:33:11,001] Trial 25 finished with value: 0.8 and parameters: {'var_smoothing': 1.4246564400615985e-09}. Best is trial 0 with value: 0.8.
[I 2026-04-09 20:33:11,028] Trial 26 finished with value: 0.8 and parameters: {'var_smoothing': 1.055993505169999e-10}. Best is trial 0 with value: 0.8.
[I 2026-04-09 20:33:11,053] Trial 27 finished with value: 0.8 and parameters: {'var_smoothing': 2.338070103551991e-09}. Best is trial 0 with value: 0.8.
[I 2026-04-09 20:33:11,068] Trial 28 finished with value: 0.8 and parameters: {'var_smoothing': 2.9749637796955326e-10}. Best is trial 0 with value: 0.8.
[I 2026-04-09 20:33:11,090] Trial 29 finished with value: 0.8 and parameters: {'var_smoothing': 2.1414596138226606e-10}. Best is trial 0 with value: 0.8.
[I 2026-04-09 20:33:12,059] A new study created in memory with name: logreg
[I 2026-04-09 20:33:12,073] Trial 0 finished with value: 0.8 and parameters: {'C': 0.0011268620922535318, 'penalty': 'l2'}. Best is trial 0 with value: 0.8.
[I 2026-04-09 20:33:12,085] Trial 1 finished with value: 0.8 and parameters: {'C': 0.32312678588710475, 'penalty': 'l2'}. Best is trial 0 with value: 0.8.
[I 2026-04-09 20:33:12,101] Trial 2 finished with value: 0.8 and parameters: {'C': 0.3012079745112611, 'penalty': 'l2'}. Best is trial 0 with value: 0.8.
[I 2026-04-09 20:33:12,124] Trial 3 finished with value: 0.8 and parameters: {'C': 0.004668180550042529, 'penalty': 'l2'}. Best is trial 0 with value: 0.8.
[I 2026-04-09 20:33:12,136] Trial 4 finished with value: 0.8 and parameters: {'C': 0.005135177115384908, 'penalty': 'l2'}. Best is trial 0 with value: 0.8.
[I 2026-04-09 20:33:12,148] Trial 5 finished with value: 0.8 and parameters: {'C': 0.01238207351349697, 'penalty': 'l2'}. Best is trial 0 with value: 0.8.
[I 2026-04-09 20:33:12,163] Trial 6 finished with value: 0.8 and parameters: {'C': 0.12374877330306278, 'penalty': 'l2'}. Best is trial 0 with value: 0.8.
[I 2026-04-09 20:33:12,177] Trial 7 finished with value: 0.8 and parameters: {'C': 0.017398261017749217, 'penalty': 'l2'}. Best is trial 0 with value: 0.8.
[I 2026-04-09 20:33:12,190] Trial 8 finished with value: 0.8 and parameters: {'C': 0.002632074973627294, 'penalty': 'l2'}. Best is trial 0 with value: 0.8.
[I 2026-04-09 20:33:12,204] Trial 9 finished with value: 0.8 and parameters: {'C': 0.053394091359671186, 'penalty': 'l2'}. Best is trial 0 with value: 0.8.
[I 2026-04-09 20:33:12,226] Trial 10 finished with value: 0.8 and parameters: {'C': 11.611342204749677, 'penalty': 'l2'}. Best is trial 0 with value: 0.8.
[I 2026-04-09 20:33:12,243] Trial 11 finished with value: 0.8 and parameters: {'C': 4.3292127493856185, 'penalty': 'l2'}. Best is trial 0 with value: 0.8.
[I 2026-04-09 20:33:12,278] Trial 12 finished with value: 0.85 and parameters: {'C': 1.5802662705953956, 'penalty': 'l2'}. Best is trial 12 with value: 0.85.
[I 2026-04-09 20:33:12,313] Trial 13 finished with value: 0.85 and parameters: {'C': 1.8863407648739927, 'penalty': 'l2'}. Best is trial 12 with value: 0.85.
[I 2026-04-09 20:33:12,334] Trial 14 finished with value: 0.85 and parameters: {'C': 1.7472983107436952, 'penalty': 'l2'}. Best is trial 12 with value: 0.85.
[I 2026-04-09 20:33:12,363] Trial 15 finished with value: 0.85 and parameters: {'C': 71.47689015313512, 'penalty': 'l2'}. Best is trial 12 with value: 0.85.
[I 2026-04-09 20:33:12,379] Trial 16 finished with value: 0.85 and parameters: {'C': 1.4083771768362925, 'penalty': 'l2'}. Best is trial 12 with value: 0.85.
[I 2026-04-09 20:33:12,398] Trial 17 finished with value: 0.8 and parameters: {'C': 18.915673815240908, 'penalty': 'l2'}. Best is trial 12 with value: 0.85.
[I 2026-04-09 20:33:12,427] Trial 18 finished with value: 0.8 and parameters: {'C': 0.7528512503281357, 'penalty': 'l2'}. Best is trial 12 with value: 0.85.
[I 2026-04-09 20:33:12,444] Trial 19 finished with value: 0.8 and parameters: {'C': 6.524840838148973, 'penalty': 'l2'}. Best is trial 12 with value: 0.85.
[I 2026-04-09 20:33:12,475] Trial 20 finished with value: 0.85 and parameters: {'C': 45.91241675093172, 'penalty': 'l2'}. Best is trial 12 with value: 0.85.
[I 2026-04-09 20:33:12,506] Trial 21 finished with value: 0.85 and parameters: {'C': 2.1105059655309604, 'penalty': 'l2'}. Best is trial 12 with value: 0.85.
[I 2026-04-09 20:33:12,533] Trial 22 finished with value: 0.75 and parameters: {'C': 0.9119254586220832, 'penalty': 'l2'}. Best is trial 12 with value: 0.85.
[I 2026-04-09 20:33:12,560] Trial 23 finished with value: 0.85 and parameters: {'C': 2.8651414985875574, 'penalty': 'l2'}. Best is trial 12 with value: 0.85.
[I 2026-04-09 20:33:12,577] Trial 24 finished with value: 0.8 and parameters: {'C': 0.3864455068024903, 'penalty': 'l2'}. Best is trial 12 with value: 0.85.
[I 2026-04-09 20:33:12,592] Trial 25 finished with value: 0.8 and parameters: {'C': 19.731717269647746, 'penalty': 'l2'}. Best is trial 12 with value: 0.85.
[I 2026-04-09 20:33:12,622] Trial 26 finished with value: 0.8 and parameters: {'C': 0.1239660920403493, 'penalty': 'l2'}. Best is trial 12 with value: 0.85.
[I 2026-04-09 20:33:12,638] Trial 27 finished with value: 0.8 and parameters: {'C': 6.758630176922332, 'penalty': 'l2'}. Best is trial 12 with value: 0.85.
[I 2026-04-09 20:33:12,656] Trial 28 finished with value: 0.8 and parameters: {'C': 0.7455350473521568, 'penalty': 'l2'}. Best is trial 12 with value: 0.85.
[I 2026-04-09 20:33:12,675] Trial 29 finished with value: 0.85 and parameters: {'C': 2.0769010068950764, 'penalty': 'l2'}. Best is trial 12 with value: 0.85.
[I 2026-04-09 20:33:13,643] A new study created in memory with name: knn
[I 2026-04-09 20:33:13,658] Trial 0 finished with value: 0.8 and parameters: {'n_neighbors': 3, 'leaf_size': 30, 'p': 1}. Best is trial 0 with value: 0.8.
[I 2026-04-09 20:33:13,670] Trial 1 finished with value: 0.8 and parameters: {'n_neighbors': 4, 'leaf_size': 24, 'p': 1}. Best is trial 0 with value: 0.8.
[I 2026-04-09 20:33:13,683] Trial 2 finished with value: 0.75 and parameters: {'n_neighbors': 3, 'leaf_size': 27, 'p': 2}. Best is trial 0 with value: 0.8.
[I 2026-04-09 20:33:13,696] Trial 3 finished with value: 0.6 and parameters: {'n_neighbors': 10, 'leaf_size': 20, 'p': 1}. Best is trial 0 with value: 0.8.
[I 2026-04-09 20:33:13,708] Trial 4 finished with value: 0.6 and parameters: {'n_neighbors': 10, 'leaf_size': 34, 'p': 2}. Best is trial 0 with value: 0.8.
[I 2026-04-09 20:33:13,721] Trial 5 finished with value: 0.65 and parameters: {'n_neighbors': 6, 'leaf_size': 34, 'p': 1}. Best is trial 0 with value: 0.8.
[I 2026-04-09 20:33:13,734] Trial 6 finished with value: 0.6 and parameters: {'n_neighbors': 10, 'leaf_size': 36, 'p': 1}. Best is trial 0 with value: 0.8.
[I 2026-04-09 20:33:13,747] Trial 7 finished with value: 0.75 and parameters: {'n_neighbors': 7, 'leaf_size': 39, 'p': 2}. Best is trial 0 with value: 0.8.
[I 2026-04-09 20:33:13,779] Trial 8 finished with value: 0.6 and parameters: {'n_neighbors': 10, 'leaf_size': 23, 'p': 2}. Best is trial 0 with value: 0.8.
[I 2026-04-09 20:33:13,794] Trial 9 finished with value: 0.6 and parameters: {'n_neighbors': 10, 'leaf_size': 35, 'p': 2}. Best is trial 0 with value: 0.8.
[I 2026-04-09 20:33:13,827] Trial 10 finished with value: 0.8 and parameters: {'n_neighbors': 5, 'leaf_size': 30, 'p': 1}. Best is trial 0 with value: 0.8.
[I 2026-04-09 20:33:13,853] Trial 11 finished with value: 0.8 and parameters: {'n_neighbors': 3, 'leaf_size': 26, 'p': 1}. Best is trial 0 with value: 0.8.
[I 2026-04-09 20:33:13,879] Trial 12 finished with value: 0.8 and parameters: {'n_neighbors': 4, 'leaf_size': 29, 'p': 1}. Best is trial 0 with value: 0.8.
[I 2026-04-09 20:33:13,917] Trial 13 finished with value: 0.8 and parameters: {'n_neighbors': 5, 'leaf_size': 24, 'p': 1}. Best is trial 0 with value: 0.8.
[I 2026-04-09 20:33:13,962] Trial 14 finished with value: 0.65 and parameters: {'n_neighbors': 8, 'leaf_size': 20, 'p': 1}. Best is trial 0 with value: 0.8.
[I 2026-04-09 20:33:13,984] Trial 15 finished with value: 0.8 and parameters: {'n_neighbors': 4, 'leaf_size': 32, 'p': 1}. Best is trial 0 with value: 0.8.
[I 2026-04-09 20:33:14,008] Trial 16 finished with value: 0.8 and parameters: {'n_neighbors': 4, 'leaf_size': 27, 'p': 1}. Best is trial 0 with value: 0.8.
[I 2026-04-09 20:33:14,033] Trial 17 finished with value: 0.8 and parameters: {'n_neighbors': 3, 'leaf_size': 23, 'p': 1}. Best is trial 0 with value: 0.8.
[I 2026-04-09 20:33:14,054] Trial 18 finished with value: 0.8 and parameters: {'n_neighbors': 5, 'leaf_size': 31, 'p': 1}. Best is trial 0 with value: 0.8.
[I 2026-04-09 20:33:14,076] Trial 19 finished with value: 0.65 and parameters: {'n_neighbors': 6, 'leaf_size': 40, 'p': 1}. Best is trial 0 with value: 0.8.
[I 2026-04-09 20:33:14,098] Trial 20 finished with value: 0.65 and parameters: {'n_neighbors': 8, 'leaf_size': 25, 'p': 1}. Best is trial 0 with value: 0.8.
[I 2026-04-09 20:33:14,121] Trial 21 finished with value: 0.8 and parameters: {'n_neighbors': 5, 'leaf_size': 29, 'p': 1}. Best is trial 0 with value: 0.8.
[I 2026-04-09 20:33:14,158] Trial 22 finished with value: 0.8 and parameters: {'n_neighbors': 4, 'leaf_size': 32, 'p': 1}. Best is trial 0 with value: 0.8.
[I 2026-04-09 20:33:14,178] Trial 23 finished with value: 0.8 and parameters: {'n_neighbors': 5, 'leaf_size': 30, 'p': 1}. Best is trial 0 with value: 0.8.
[I 2026-04-09 20:33:14,202] Trial 24 finished with value: 0.8 and parameters: {'n_neighbors': 3, 'leaf_size': 28, 'p': 1}. Best is trial 0 with value: 0.8.
[I 2026-04-09 20:33:14,223] Trial 25 finished with value: 0.8 and parameters: {'n_neighbors': 4, 'leaf_size': 37, 'p': 1}. Best is trial 0 with value: 0.8.
[I 2026-04-09 20:33:14,250] Trial 26 finished with value: 0.7 and parameters: {'n_neighbors': 6, 'leaf_size': 22, 'p': 2}. Best is trial 0 with value: 0.8.
[I 2026-04-09 20:33:14,272] Trial 27 finished with value: 0.8 and parameters: {'n_neighbors': 3, 'leaf_size': 33, 'p': 1}. Best is trial 0 with value: 0.8.
[I 2026-04-09 20:33:14,309] Trial 28 finished with value: 0.8 and parameters: {'n_neighbors': 5, 'leaf_size': 31, 'p': 1}. Best is trial 0 with value: 0.8.
[I 2026-04-09 20:33:14,346] Trial 29 finished with value: 0.75 and parameters: {'n_neighbors': 3, 'leaf_size': 27, 'p': 2}. Best is trial 0 with value: 0.8.
[I 2026-04-09 20:33:15,062] A new study created in memory with name: xgb
[I 2026-04-09 20:33:15,089] Trial 0 finished with value: 0.75 and parameters: {'n_estimators': 40, 'max_depth': 30, 'gamma': 0.47665736245940726, 'subsample': 0.6240505842067796, 'colsample_bytree': 0.542029825582675}. Best is trial 0 with value: 0.75.
[I 2026-04-09 20:33:15,121] Trial 1 finished with value: 0.8 and parameters: {'n_estimators': 100, 'max_depth': 5, 'gamma': 0.6154838340124683, 'subsample': 0.9490035591125747, 'colsample_bytree': 0.8334494864598183}. Best is trial 1 with value: 0.8.
[I 2026-04-09 20:33:15,145] Trial 2 finished with value: 0.8 and parameters: {'n_estimators': 40, 'max_depth': 20, 'gamma': 0.9464719685739904, 'subsample': 0.9018698850061588, 'colsample_bytree': 0.9916796241121663}. Best is trial 1 with value: 0.8.
[I 2026-04-09 20:33:15,179] Trial 3 finished with value: 0.75 and parameters: {'n_estimators': 100, 'max_depth': 30, 'gamma': 0.26698751824101463, 'subsample': 0.6215578376567042, 'colsample_bytree': 0.9367004215505623}. Best is trial 1 with value: 0.8.
[I 2026-04-09 20:33:15,203] Trial 4 finished with value: 0.75 and parameters: {'n_estimators': 10, 'max_depth': 20, 'gamma': 0.5301766121845122, 'subsample': 0.7177777323831729, 'colsample_bytree': 0.9352041482132656}. Best is trial 1 with value: 0.8.
[I 2026-04-09 20:33:15,240] Trial 5 finished with value: 0.75 and parameters: {'n_estimators': 100, 'max_depth': 5, 'gamma': 0.6742485862456464, 'subsample': 0.7308488312353485, 'colsample_bytree': 0.5265297122426965}. Best is trial 1 with value: 0.8.
[I 2026-04-09 20:33:15,267] Trial 6 finished with value: 0.75 and parameters: {'n_estimators': 100, 'max_depth': 30, 'gamma': 0.5360486096375219, 'subsample': 0.8488681925618888, 'colsample_bytree': 0.900578215847843}. Best is trial 1 with value: 0.8.
[I 2026-04-09 20:33:15,297] Trial 7 finished with value: 0.75 and parameters: {'n_estimators': 40, 'max_depth': 5, 'gamma': 0.4997010655396419, 'subsample': 0.7490698051808964, 'colsample_bytree': 0.7071731623998108}. Best is trial 1 with value: 0.8.
[I 2026-04-09 20:33:15,352] Trial 8 finished with value: 0.75 and parameters: {'n_estimators': 100, 'max_depth': 5, 'gamma': 0.5449029446194361, 'subsample': 0.7150234071055932, 'colsample_bytree': 0.8673829085180849}. Best is trial 1 with value: 0.8.
[I 2026-04-09 20:33:15,380] Trial 9 finished with value: 0.75 and parameters: {'n_estimators': 100, 'max_depth': 30, 'gamma': 0.5427360453562716, 'subsample': 0.5915763668266103, 'colsample_bytree': 0.5546552575823498}. Best is trial 1 with value: 0.8.
[I 2026-04-09 20:33:15,414] Trial 10 finished with value: 0.8 and parameters: {'n_estimators': 10, 'max_depth': 5, 'gamma': 0.8166697644905587, 'subsample': 0.9751404785189386, 'colsample_bytree': 0.7735093231652352}. Best is trial 1 with value: 0.8.
[I 2026-04-09 20:33:15,450] Trial 11 finished with value: 0.8 and parameters: {'n_estimators': 40, 'max_depth': 20, 'gamma': 0.9952092548004167, 'subsample': 0.9683640491533567, 'colsample_bytree': 0.9928642741558296}. Best is trial 1 with value: 0.8.
[I 2026-04-09 20:33:15,487] Trial 12 finished with value: 0.8 and parameters: {'n_estimators': 40, 'max_depth': 20, 'gamma': 0.983676481207403, 'subsample': 0.8829122845088755, 'colsample_bytree': 0.8106211752102093}. Best is trial 1 with value: 0.8.
[I 2026-04-09 20:33:15,519] Trial 13 finished with value: 0.75 and parameters: {'n_estimators': 40, 'max_depth': 20, 'gamma': 0.7737308083294776, 'subsample': 0.8662188927972414, 'colsample_bytree': 0.6888666758338158}. Best is trial 1 with value: 0.8.
[I 2026-04-09 20:33:15,550] Trial 14 finished with value: 0.8 and parameters: {'n_estimators': 10, 'max_depth': 5, 'gamma': 0.1118487397978592, 'subsample': 0.9176618187802201, 'colsample_bytree': 0.9990482924374496}. Best is trial 1 with value: 0.8.
[I 2026-04-09 20:33:15,584] Trial 15 finished with value: 0.75 and parameters: {'n_estimators': 100, 'max_depth': 20, 'gamma': 0.35329466441380575, 'subsample': 0.8113467514466688, 'colsample_bytree': 0.6287210900307332}. Best is trial 1 with value: 0.8.
[I 2026-04-09 20:33:15,623] Trial 16 finished with value: 0.8 and parameters: {'n_estimators': 40, 'max_depth': 20, 'gamma': 0.8711731685749494, 'subsample': 0.9299586176132004, 'colsample_bytree': 0.8521946304308765}. Best is trial 1 with value: 0.8.
[I 2026-04-09 20:33:15,659] Trial 17 finished with value: 0.7 and parameters: {'n_estimators': 40, 'max_depth': 5, 'gamma': 0.6705158501934413, 'subsample': 0.5106683207593217, 'colsample_bytree': 0.8053972925571781}. Best is trial 1 with value: 0.8.
[I 2026-04-09 20:33:15,708] Trial 18 finished with value: 0.7 and parameters: {'n_estimators': 100, 'max_depth': 5, 'gamma': 0.689753787686795, 'subsample': 0.8049201703641657, 'colsample_bytree': 0.7117948538295535}. Best is trial 1 with value: 0.8.
[I 2026-04-09 20:33:15,746] Trial 19 finished with value: 0.75 and parameters: {'n_estimators': 10, 'max_depth': 20, 'gamma': 0.345799187122584, 'subsample': 0.9961618760618361, 'colsample_bytree': 0.9337408564510504}. Best is trial 1 with value: 0.8.
[I 2026-04-09 20:33:15,785] Trial 20 finished with value: 0.8 and parameters: {'n_estimators': 100, 'max_depth': 5, 'gamma': 0.9029288546781351, 'subsample': 0.9296868016499862, 'colsample_bytree': 0.6318047672535471}. Best is trial 1 with value: 0.8.
[I 2026-04-09 20:33:15,808] Trial 21 finished with value: 0.8 and parameters: {'n_estimators': 10, 'max_depth': 5, 'gamma': 0.8033722610069298, 'subsample': 0.9878737925966076, 'colsample_bytree': 0.7656671026670714}. Best is trial 1 with value: 0.8.
[I 2026-04-09 20:33:15,842] Trial 22 finished with value: 0.8 and parameters: {'n_estimators': 10, 'max_depth': 5, 'gamma': 0.7472159918260739, 'subsample': 0.9474840416276918, 'colsample_bytree': 0.7800118302458898}. Best is trial 1 with value: 0.8.
