[I 2026-04-09 22:19:54,251] Trial 6 finished with value: 0.8833333333333334 and parameters: {'n_estimators': 231, 'max_depth': 5, 'min_samples_split': 3, 'min_samples_leaf': 10}. Best is trial 0 with value: 0.8833333333333334.
[I 2026-04-09 22:19:54,808] Trial 7 finished with value: 0.8666666666666666 and parameters: {'n_estimators': 485, 'max_depth': 6, 'min_samples_split': 2, 'min_samples_leaf': 3}. Best is trial 0 with value: 0.8833333333333334.
[I 2026-04-09 22:19:55,250] Trial 8 finished with value: 0.85 and parameters: {'n_estimators': 380, 'max_depth': 17, 'min_samples_split': 2, 'min_samples_leaf': 6}. Best is trial 0 with value: 0.8833333333333334.
[I 2026-04-09 22:19:55,389] Trial 9 finished with value: 0.8833333333333334 and parameters: {'n_estimators': 100, 'max_depth': 12, 'min_samples_split': 7, 'min_samples_leaf': 10}. Best is trial 0 with value: 0.8833333333333334.
[I 2026-04-09 22:19:55,635] Trial 10 finished with value: 0.8666666666666668 and parameters: {'n_estimators': 110, 'max_depth': 20, 'min_samples_split': 5, 'min_samples_leaf': 8}. Best is trial 0 with value: 0.8833333333333334.
[I 2026-04-09 22:19:55,877] Trial 11 finished with value: 0.8666666666666668 and parameters: {'n_estimators': 175, 'max_depth': 14, 'min_samples_split': 10, 'min_samples_leaf': 1}. Best is trial 0 with value: 0.8833333333333334.
[I 2026-04-09 22:19:56,397] Trial 12 finished with value: 0.8833333333333332 and parameters: {'n_estimators': 396, 'max_depth': 16, 'min_samples_split': 8, 'min_samples_leaf': 8}. Best is trial 0 with value: 0.8833333333333334.
[I 2026-04-09 22:19:56,607] Trial 13 finished with value: 0.8833333333333334 and parameters: {'n_estimators': 159, 'max_depth': 20, 'min_samples_split': 6, 'min_samples_leaf': 5}. Best is trial 0 with value: 0.8833333333333334.
[I 2026-04-09 22:19:57,042] Trial 14 finished with value: 0.8666666666666666 and parameters: {'n_estimators': 316, 'max_depth': 10, 'min_samples_split': 5, 'min_samples_leaf': 9}. Best is trial 0 with value: 0.8833333333333334.
[I 2026-04-09 22:19:57,345] Trial 15 finished with value: 0.8666666666666668 and parameters: {'n_estimators': 202, 'max_depth': 17, 'min_samples_split': 8, 'min_samples_leaf': 5}. Best is trial 0 with value: 0.8833333333333334.
[I 2026-04-09 22:19:57,898] Trial 16 finished with value: 0.8833333333333334 and parameters: {'n_estimators': 444, 'max_depth': 14, 'min_samples_split': 10, 'min_samples_leaf': 7}. Best is trial 0 with value: 0.8833333333333334.
[I 2026-04-09 22:19:58,225] Trial 17 finished with value: 0.9 and parameters: {'n_estimators': 252, 'max_depth': 14, 'min_samples_split': 4, 'min_samples_leaf': 1}. Best is trial 17 with value: 0.9.
[I 2026-04-09 22:19:58,457] Trial 18 finished with value: 0.9 and parameters: {'n_estimators': 149, 'max_depth': 18, 'min_samples_split': 4, 'min_samples_leaf': 1}. Best is trial 17 with value: 0.9.
[I 2026-04-09 22:19:58,666] Trial 19 finished with value: 0.9 and parameters: {'n_estimators': 147, 'max_depth': 11, 'min_samples_split': 4, 'min_samples_leaf': 1}. Best is trial 17 with value: 0.9.
[I 2026-04-09 22:19:59,011] Trial 20 finished with value: 0.9 and parameters: {'n_estimators': 244, 'max_depth': 3, 'min_samples_split': 5, 'min_samples_leaf': 2}. Best is trial 17 with value: 0.9.
[I 2026-04-09 22:19:59,224] Trial 21 finished with value: 0.8833333333333334 and parameters: {'n_estimators': 141, 'max_depth': 11, 'min_samples_split': 4, 'min_samples_leaf': 1}. Best is trial 17 with value: 0.9.
[I 2026-04-09 22:19:59,443] Trial 22 finished with value: 0.9 and parameters: {'n_estimators': 135, 'max_depth': 9, 'min_samples_split': 4, 'min_samples_leaf': 2}. Best is trial 17 with value: 0.9.
[I 2026-04-09 22:19:59,694] Trial 23 finished with value: 0.8833333333333334 and parameters: {'n_estimators': 160, 'max_depth': 12, 'min_samples_split': 3, 'min_samples_leaf': 1}. Best is trial 17 with value: 0.9.
[I 2026-04-09 22:19:59,966] Trial 24 finished with value: 0.8666666666666666 and parameters: {'n_estimators': 198, 'max_depth': 15, 'min_samples_split': 6, 'min_samples_leaf': 2}. Best is trial 17 with value: 0.9.
[I 2026-04-09 22:20:00,146] Trial 25 finished with value: 0.85 and parameters: {'n_estimators': 135, 'max_depth': 13, 'min_samples_split': 4, 'min_samples_leaf': 4}. Best is trial 17 with value: 0.9.
[I 2026-04-09 22:20:00,438] Trial 26 finished with value: 0.9 and parameters: {'n_estimators': 246, 'max_depth': 10, 'min_samples_split': 5, 'min_samples_leaf': 1}. Best is trial 17 with value: 0.9.
[I 2026-04-09 22:20:00,831] Trial 27 finished with value: 0.9 and parameters: {'n_estimators': 330, 'max_depth': 18, 'min_samples_split': 3, 'min_samples_leaf': 2}. Best is trial 17 with value: 0.9.
[I 2026-04-09 22:20:01,098] Trial 28 finished with value: 0.9 and parameters: {'n_estimators': 217, 'max_depth': 19, 'min_samples_split': 6, 'min_samples_leaf': 4}. Best is trial 17 with value: 0.9.
[I 2026-04-09 22:20:01,357] Trial 29 finished with value: 0.9 and parameters: {'n_estimators': 190, 'max_depth': 16, 'min_samples_split': 3, 'min_samples_leaf': 4}. Best is trial 17 with value: 0.9.
[I 2026-04-09 22:20:05,861] A new study created in memory with name: mlp
[I 2026-04-09 22:20:05,898] Trial 0 finished with value: 0.8 and parameters: {'hidden_layer_sizes': (200,), 'max_iter': 50, 'alpha': 0.001}. Best is trial 0 with value: 0.8.
[I 2026-04-09 22:20:05,969] Trial 1 finished with value: 0.8166666666666668 and parameters: {'hidden_layer_sizes': (100,), 'max_iter': 100, 'alpha': 0.0001}. Best is trial 1 with value: 0.8166666666666668.
[I 2026-04-09 22:20:06,025] Trial 2 finished with value: 0.8333333333333334 and parameters: {'hidden_layer_sizes': (100,), 'max_iter': 100, 'alpha': 0.001}. Best is trial 2 with value: 0.8333333333333334.
[I 2026-04-09 22:20:06,061] Trial 3 finished with value: 0.8166666666666668 and parameters: {'hidden_layer_sizes': (200,), 'max_iter': 50, 'alpha': 0.001}. Best is trial 2 with value: 0.8333333333333334.
[I 2026-04-09 22:20:06,125] Trial 4 finished with value: 0.8 and parameters: {'hidden_layer_sizes': (100,), 'max_iter': 100, 'alpha': 0.0001}. Best is trial 2 with value: 0.8333333333333334.
[I 2026-04-09 22:20:06,193] Trial 5 finished with value: 0.8 and parameters: {'hidden_layer_sizes': (100,), 'max_iter': 100, 'alpha': 0.001}. Best is trial 2 with value: 0.8333333333333334.
[I 2026-04-09 22:20:06,260] Trial 6 finished with value: 0.8333333333333334 and parameters: {'hidden_layer_sizes': (200,), 'max_iter': 100, 'alpha': 0.001}. Best is trial 2 with value: 0.8333333333333334.
[I 2026-04-09 22:20:06,333] Trial 7 finished with value: 0.8333333333333334 and parameters: {'hidden_layer_sizes': (200,), 'max_iter': 100, 'alpha': 0.001}. Best is trial 2 with value: 0.8333333333333334.
[I 2026-04-09 22:20:06,393] Trial 8 finished with value: 0.8166666666666668 and parameters: {'hidden_layer_sizes': (100,), 'max_iter': 100, 'alpha': 0.001}. Best is trial 2 with value: 0.8333333333333334.
[I 2026-04-09 22:20:06,432] Trial 9 finished with value: 0.8 and parameters: {'hidden_layer_sizes': (100,), 'max_iter': 50, 'alpha': 0.001}. Best is trial 2 with value: 0.8333333333333334.
[I 2026-04-09 22:20:06,481] Trial 10 finished with value: 0.8166666666666668 and parameters: {'hidden_layer_sizes': (100, 100), 'max_iter': 50, 'alpha': 0.0001}. Best is trial 2 with value: 0.8333333333333334.
[I 2026-04-09 22:20:06,589] Trial 11 finished with value: 0.8 and parameters: {'hidden_layer_sizes': (100, 100), 'max_iter': 100, 'alpha': 0.001}. Best is trial 2 with value: 0.8333333333333334.
[I 2026-04-09 22:20:06,667] Trial 12 finished with value: 0.8 and parameters: {'hidden_layer_sizes': (200,), 'max_iter': 100, 'alpha': 0.001}. Best is trial 2 with value: 0.8333333333333334.
[I 2026-04-09 22:20:06,746] Trial 13 finished with value: 0.8166666666666668 and parameters: {'hidden_layer_sizes': (200,), 'max_iter': 100, 'alpha': 0.001}. Best is trial 2 with value: 0.8333333333333334.
[I 2026-04-09 22:20:06,848] Trial 14 finished with value: 0.8166666666666667 and parameters: {'hidden_layer_sizes': (100, 100), 'max_iter': 100, 'alpha': 0.0001}. Best is trial 2 with value: 0.8333333333333334.
[I 2026-04-09 22:20:06,900] Trial 15 finished with value: 0.8333333333333334 and parameters: {'hidden_layer_sizes': (100,), 'max_iter': 100, 'alpha': 0.001}. Best is trial 2 with value: 0.8333333333333334.
[I 2026-04-09 22:20:06,979] Trial 16 finished with value: 0.8166666666666668 and parameters: {'hidden_layer_sizes': (200,), 'max_iter': 100, 'alpha': 0.001}. Best is trial 2 with value: 0.8333333333333334.
[I 2026-04-09 22:20:07,057] Trial 17 finished with value: 0.8166666666666668 and parameters: {'hidden_layer_sizes': (200,), 'max_iter': 100, 'alpha': 0.001}. Best is trial 2 with value: 0.8333333333333334.
[I 2026-04-09 22:20:07,098] Trial 18 finished with value: 0.8166666666666667 and parameters: {'hidden_layer_sizes': (100,), 'max_iter': 50, 'alpha': 0.0001}. Best is trial 2 with value: 0.8333333333333334.
[I 2026-04-09 22:20:07,189] Trial 19 finished with value: 0.8166666666666667 and parameters: {'hidden_layer_sizes': (100, 100), 'max_iter': 100, 'alpha': 0.001}. Best is trial 2 with value: 0.8333333333333334.
[I 2026-04-09 22:20:07,254] Trial 20 finished with value: 0.8166666666666668 and parameters: {'hidden_layer_sizes': (100,), 'max_iter': 100, 'alpha': 0.001}. Best is trial 2 with value: 0.8333333333333334.
[I 2026-04-09 22:20:07,324] Trial 21 finished with value: 0.8166666666666668 and parameters: {'hidden_layer_sizes': (200,), 'max_iter': 100, 'alpha': 0.001}. Best is trial 2 with value: 0.8333333333333334.
[I 2026-04-09 22:20:07,394] Trial 22 finished with value: 0.8166666666666668 and parameters: {'hidden_layer_sizes': (200,), 'max_iter': 100, 'alpha': 0.001}. Best is trial 2 with value: 0.8333333333333334.
[I 2026-04-09 22:20:07,464] Trial 23 finished with value: 0.8166666666666668 and parameters: {'hidden_layer_sizes': (200,), 'max_iter': 100, 'alpha': 0.001}. Best is trial 2 with value: 0.8333333333333334.
[I 2026-04-09 22:20:07,535] Trial 24 finished with value: 0.8 and parameters: {'hidden_layer_sizes': (200,), 'max_iter': 100, 'alpha': 0.001}. Best is trial 2 with value: 0.8333333333333334.
[I 2026-04-09 22:20:07,593] Trial 25 finished with value: 0.8 and parameters: {'hidden_layer_sizes': (200,), 'max_iter': 100, 'alpha': 0.001}. Best is trial 2 with value: 0.8333333333333334.
[I 2026-04-09 22:20:07,631] Trial 26 finished with value: 0.7833333333333334 and parameters: {'hidden_layer_sizes': (200,), 'max_iter': 50, 'alpha': 0.0001}. Best is trial 2 with value: 0.8333333333333334.
[I 2026-04-09 22:20:07,688] Trial 27 finished with value: 0.8 and parameters: {'hidden_layer_sizes': (200,), 'max_iter': 100, 'alpha': 0.001}. Best is trial 2 with value: 0.8333333333333334.
[I 2026-04-09 22:20:07,775] Trial 28 finished with value: 0.8333333333333334 and parameters: {'hidden_layer_sizes': (100, 100), 'max_iter': 100, 'alpha': 0.001}. Best is trial 2 with value: 0.8333333333333334.
[I 2026-04-09 22:20:07,812] Trial 29 finished with value: 0.7833333333333334 and parameters: {'hidden_layer_sizes': (100,), 'max_iter': 50, 'alpha': 0.001}. Best is trial 2 with value: 0.8333333333333334.
[I 2026-04-09 22:20:23,904] A new study created in memory with name: naive_bayes
[I 2026-04-09 22:20:23,926] Trial 0 finished with value: 0.8666666666666668 and parameters: {'var_smoothing': 2.7796258518939306e-10}. Best is trial 0 with value: 0.8666666666666668.
[I 2026-04-09 22:20:23,940] Trial 1 finished with value: 0.8666666666666668 and parameters: {'var_smoothing': 5.513972710118387e-09}. Best is trial 0 with value: 0.8666666666666668.
[I 2026-04-09 22:20:23,953] Trial 2 finished with value: 0.8666666666666668 and parameters: {'var_smoothing': 2.590826381512706e-10}. Best is trial 0 with value: 0.8666666666666668.
[I 2026-04-09 22:20:23,967] Trial 3 finished with value: 0.85 and parameters: {'var_smoothing': 6.874194498027403e-09}. Best is trial 0 with value: 0.8666666666666668.
[I 2026-04-09 22:20:23,981] Trial 4 finished with value: 0.8666666666666668 and parameters: {'var_smoothing': 9.480306482679771e-10}. Best is trial 0 with value: 0.8666666666666668.
[I 2026-04-09 22:20:23,995] Trial 5 finished with value: 0.8666666666666668 and parameters: {'var_smoothing': 1.6729683536668864e-09}. Best is trial 0 with value: 0.8666666666666668.
[I 2026-04-09 22:20:24,008] Trial 6 finished with value: 0.8666666666666668 and parameters: {'var_smoothing': 3.402637726935598e-09}. Best is trial 0 with value: 0.8666666666666668.
[I 2026-04-09 22:20:24,022] Trial 7 finished with value: 0.8666666666666668 and parameters: {'var_smoothing': 1.0885189040847657e-09}. Best is trial 0 with value: 0.8666666666666668.
[I 2026-04-09 22:20:24,041] Trial 8 finished with value: 0.8666666666666668 and parameters: {'var_smoothing': 3.922843686541149e-10}. Best is trial 0 with value: 0.8666666666666668.
[I 2026-04-09 22:20:24,067] Trial 9 finished with value: 0.8666666666666668 and parameters: {'var_smoothing': 2.3737908819373785e-10}. Best is trial 0 with value: 0.8666666666666668.
[I 2026-04-09 22:20:24,101] Trial 10 finished with value: 0.8666666666666668 and parameters: {'var_smoothing': 1.005826617097841e-10}. Best is trial 0 with value: 0.8666666666666668.
[I 2026-04-09 22:20:24,119] Trial 11 finished with value: 0.85 and parameters: {'var_smoothing': 8.246040091550826e-09}. Best is trial 0 with value: 0.8666666666666668.
[I 2026-04-09 22:20:24,136] Trial 12 finished with value: 0.8666666666666668 and parameters: {'var_smoothing': 5.714429769091136e-10}. Best is trial 0 with value: 0.8666666666666668.
[I 2026-04-09 22:20:24,154] Trial 13 finished with value: 0.8666666666666668 and parameters: {'var_smoothing': 3.0046394488828834e-09}. Best is trial 0 with value: 0.8666666666666668.
[I 2026-04-09 22:20:24,173] Trial 14 finished with value: 0.8666666666666668 and parameters: {'var_smoothing': 1.0161521526134228e-10}. Best is trial 0 with value: 0.8666666666666668.
[I 2026-04-09 22:20:24,189] Trial 15 finished with value: 0.8666666666666668 and parameters: {'var_smoothing': 3.455011319435438e-09}. Best is trial 0 with value: 0.8666666666666668.
[I 2026-04-09 22:20:24,210] Trial 16 finished with value: 0.8666666666666668 and parameters: {'var_smoothing': 2.2038800241203009e-10}. Best is trial 0 with value: 0.8666666666666668.
[I 2026-04-09 22:20:24,227] Trial 17 finished with value: 0.8666666666666668 and parameters: {'var_smoothing': 1.8515987176145925e-09}. Best is trial 0 with value: 0.8666666666666668.
[I 2026-04-09 22:20:24,245] Trial 18 finished with value: 0.8666666666666668 and parameters: {'var_smoothing': 5.024285700153026e-10}. Best is trial 0 with value: 0.8666666666666668.
[I 2026-04-09 22:20:24,265] Trial 19 finished with value: 0.8666666666666668 and parameters: {'var_smoothing': 4.958025424412893e-09}. Best is trial 0 with value: 0.8666666666666668.
[I 2026-04-09 22:20:24,283] Trial 20 finished with value: 0.8666666666666668 and parameters: {'var_smoothing': 8.344000526157384e-10}. Best is trial 0 with value: 0.8666666666666668.
[I 2026-04-09 22:20:24,312] Trial 21 finished with value: 0.8666666666666668 and parameters: {'var_smoothing': 2.46080689865309e-10}. Best is trial 0 with value: 0.8666666666666668.
[I 2026-04-09 22:20:24,335] Trial 22 finished with value: 0.8666666666666668 and parameters: {'var_smoothing': 1.4445108350594728e-10}. Best is trial 0 with value: 0.8666666666666668.
[I 2026-04-09 22:20:24,353] Trial 23 finished with value: 0.8666666666666668 and parameters: {'var_smoothing': 3.3715577896606737e-10}. Best is trial 0 with value: 0.8666666666666668.
[I 2026-04-09 22:20:24,372] Trial 24 finished with value: 0.8666666666666668 and parameters: {'var_smoothing': 1.572466431855027e-10}. Best is trial 0 with value: 0.8666666666666668.
[I 2026-04-09 22:20:24,397] Trial 25 finished with value: 0.8666666666666668 and parameters: {'var_smoothing': 7.281746293576245e-10}. Best is trial 0 with value: 0.8666666666666668.
[I 2026-04-09 22:20:24,418] Trial 26 finished with value: 0.8666666666666668 and parameters: {'var_smoothing': 3.386254640873244e-10}. Best is trial 0 with value: 0.8666666666666668.
[I 2026-04-09 22:20:24,435] Trial 27 finished with value: 0.8666666666666668 and parameters: {'var_smoothing': 1.3918180959975328e-09}. Best is trial 0 with value: 0.8666666666666668.
[I 2026-04-09 22:20:24,453] Trial 28 finished with value: 0.8666666666666668 and parameters: {'var_smoothing': 2.3715836084533434e-09}. Best is trial 0 with value: 0.8666666666666668.
[I 2026-04-09 22:20:24,470] Trial 29 finished with value: 0.8333333333333334 and parameters: {'var_smoothing': 9.477075781575649e-09}. Best is trial 0 with value: 0.8666666666666668.
[I 2026-04-09 22:20:25,529] A new study created in memory with name: logreg
[I 2026-04-09 22:20:25,565] Trial 0 finished with value: 0.7 and parameters: {'C': 0.012881482725481003, 'penalty': 'l2'}. Best is trial 0 with value: 0.7.
[I 2026-04-09 22:20:25,590] Trial 1 finished with value: 0.8666666666666666 and parameters: {'C': 22.576755560681583, 'penalty': 'l2'}. Best is trial 1 with value: 0.8666666666666666.
[I 2026-04-09 22:20:25,616] Trial 2 finished with value: 0.7 and parameters: {'C': 0.010804278656839932, 'penalty': 'l2'}. Best is trial 1 with value: 0.8666666666666666.
[I 2026-04-09 22:20:25,641] Trial 3 finished with value: 0.8666666666666666 and parameters: {'C': 39.17910760336117, 'penalty': 'l2'}. Best is trial 1 with value: 0.8666666666666666.
[I 2026-04-09 22:20:25,667] Trial 4 finished with value: 0.75 and parameters: {'C': 0.2767298094062571, 'penalty': 'l2'}. Best is trial 1 with value: 0.8666666666666666.
[I 2026-04-09 22:20:25,692] Trial 5 finished with value: 0.7833333333333334 and parameters: {'C': 1.1447728330837224, 'penalty': 'l2'}. Best is trial 1 with value: 0.8666666666666666.
[I 2026-04-09 22:20:25,720] Trial 6 finished with value: 0.8333333333333334 and parameters: {'C': 6.753661388238877, 'penalty': 'l2'}. Best is trial 1 with value: 0.8666666666666666.
[I 2026-04-09 22:20:25,746] Trial 7 finished with value: 0.7666666666666668 and parameters: {'C': 0.39092184460352974, 'penalty': 'l2'}. Best is trial 1 with value: 0.8666666666666666.
[I 2026-04-09 22:20:25,760] Trial 8 finished with value: 0.6833333333333333 and parameters: {'C': 0.03047912590082646, 'penalty': 'l2'}. Best is trial 1 with value: 0.8666666666666666.
[I 2026-04-09 22:20:25,786] Trial 9 finished with value: 0.7 and parameters: {'C': 0.008681727362499118, 'penalty': 'l2'}. Best is trial 1 with value: 0.8666666666666666.
[I 2026-04-09 22:20:25,838] Trial 10 finished with value: 0.9 and parameters: {'C': 90.29867735508974, 'penalty': 'l2'}. Best is trial 10 with value: 0.9.
[I 2026-04-09 22:20:25,867] Trial 11 finished with value: 0.9 and parameters: {'C': 65.31936101889447, 'penalty': 'l2'}. Best is trial 10 with value: 0.9.
[I 2026-04-09 22:20:25,894] Trial 12 finished with value: 0.9 and parameters: {'C': 83.84419935947768, 'penalty': 'l2'}. Best is trial 10 with value: 0.9.
[I 2026-04-09 22:20:25,919] Trial 13 finished with value: 0.8333333333333334 and parameters: {'C': 5.398303237479397, 'penalty': 'l2'}. Best is trial 10 with value: 0.9.
[I 2026-04-09 22:20:25,934] Trial 14 finished with value: 0.5833333333333333 and parameters: {'C': 0.0010229884923599638, 'penalty': 'l2'}. Best is trial 10 with value: 0.9.
[I 2026-04-09 22:20:25,959] Trial 15 finished with value: 0.85 and parameters: {'C': 7.291351299862254, 'penalty': 'l2'}. Best is trial 10 with value: 0.9.
[I 2026-04-09 22:20:25,995] Trial 16 finished with value: 0.9 and parameters: {'C': 81.71759326546615, 'penalty': 'l2'}. Best is trial 10 with value: 0.9.
[I 2026-04-09 22:20:26,029] Trial 17 finished with value: 0.7666666666666667 and parameters: {'C': 1.38961128706446, 'penalty': 'l2'}. Best is trial 10 with value: 0.9.
[I 2026-04-09 22:20:26,056] Trial 18 finished with value: 0.8666666666666666 and parameters: {'C': 13.392844950926891, 'penalty': 'l2'}. Best is trial 10 with value: 0.9.
[I 2026-04-09 22:20:26,091] Trial 19 finished with value: 0.8 and parameters: {'C': 2.1631939541914624, 'penalty': 'l2'}. Best is trial 10 with value: 0.9.
[I 2026-04-09 22:20:26,117] Trial 20 finished with value: 0.7166666666666667 and parameters: {'C': 0.0723450305209305, 'penalty': 'l2'}. Best is trial 10 with value: 0.9.
[I 2026-04-09 22:20:26,153] Trial 21 finished with value: 0.9 and parameters: {'C': 69.90296593556943, 'penalty': 'l2'}. Best is trial 10 with value: 0.9.
[I 2026-04-09 22:20:26,181] Trial 22 finished with value: 0.8666666666666666 and parameters: {'C': 29.69980182904865, 'penalty': 'l2'}. Best is trial 10 with value: 0.9.
[I 2026-04-09 22:20:26,208] Trial 23 finished with value: 0.9 and parameters: {'C': 78.47180878362126, 'penalty': 'l2'}. Best is trial 10 with value: 0.9.
[I 2026-04-09 22:20:26,239] Trial 24 finished with value: 0.8666666666666666 and parameters: {'C': 17.33761008559665, 'penalty': 'l2'}. Best is trial 10 with value: 0.9.
[I 2026-04-09 22:20:26,291] Trial 25 finished with value: 0.8166666666666667 and parameters: {'C': 3.325507771267633, 'penalty': 'l2'}. Best is trial 10 with value: 0.9.
[I 2026-04-09 22:20:26,325] Trial 26 finished with value: 0.8666666666666666 and parameters: {'C': 37.45365885082905, 'penalty': 'l2'}. Best is trial 10 with value: 0.9.
[I 2026-04-09 22:20:26,357] Trial 27 finished with value: 0.9 and parameters: {'C': 85.24338876706314, 'penalty': 'l2'}. Best is trial 10 with value: 0.9.
[I 2026-04-09 22:20:26,397] Trial 28 finished with value: 0.8666666666666666 and parameters: {'C': 14.451193479788197, 'penalty': 'l2'}. Best is trial 10 with value: 0.9.
[I 2026-04-09 22:20:26,427] Trial 29 finished with value: 0.7666666666666668 and parameters: {'C': 0.5511681301396717, 'penalty': 'l2'}. Best is trial 10 with value: 0.9.
[I 2026-04-09 22:20:27,364] A new study created in memory with name: knn
