[I 2026-04-09 19:34:14,523] Trial 3 finished with value: 0.85 and parameters: {'n_estimators': 276, 'max_depth': 5, 'min_samples_split': 9, 'min_samples_leaf': 3}. Best is trial 3 with value: 0.85.
[I 2026-04-09 19:34:14,903] Trial 4 finished with value: 0.85 and parameters: {'n_estimators': 266, 'max_depth': 8, 'min_samples_split': 7, 'min_samples_leaf': 6}. Best is trial 3 with value: 0.85.
[I 2026-04-09 19:34:15,332] Trial 5 finished with value: 0.9 and parameters: {'n_estimators': 340, 'max_depth': 7, 'min_samples_split': 4, 'min_samples_leaf': 3}. Best is trial 5 with value: 0.9.
[I 2026-04-09 19:34:15,625] Trial 6 finished with value: 0.5 and parameters: {'n_estimators': 231, 'max_depth': 5, 'min_samples_split': 3, 'min_samples_leaf': 10}. Best is trial 5 with value: 0.9.
[I 2026-04-09 19:34:16,185] Trial 7 finished with value: 0.9 and parameters: {'n_estimators': 485, 'max_depth': 6, 'min_samples_split': 2, 'min_samples_leaf': 3}. Best is trial 5 with value: 0.9.
[I 2026-04-09 19:34:16,666] Trial 8 finished with value: 0.7 and parameters: {'n_estimators': 380, 'max_depth': 17, 'min_samples_split': 2, 'min_samples_leaf': 6}. Best is trial 5 with value: 0.9.
[I 2026-04-09 19:34:16,803] Trial 9 finished with value: 0.5 and parameters: {'n_estimators': 100, 'max_depth': 12, 'min_samples_split': 7, 'min_samples_leaf': 10}. Best is trial 5 with value: 0.9.
[I 2026-04-09 19:34:17,295] Trial 10 finished with value: 0.9 and parameters: {'n_estimators': 384, 'max_depth': 10, 'min_samples_split': 5, 'min_samples_leaf': 2}. Best is trial 5 with value: 0.9.
[I 2026-04-09 19:34:17,895] Trial 11 finished with value: 0.85 and parameters: {'n_estimators': 498, 'max_depth': 8, 'min_samples_split': 5, 'min_samples_leaf': 4}. Best is trial 5 with value: 0.9.
[I 2026-04-09 19:34:18,489] Trial 12 finished with value: 0.9 and parameters: {'n_estimators': 489, 'max_depth': 3, 'min_samples_split': 4, 'min_samples_leaf': 1}. Best is trial 5 with value: 0.9.
[I 2026-04-09 19:34:18,988] Trial 13 finished with value: 0.9 and parameters: {'n_estimators': 406, 'max_depth': 9, 'min_samples_split': 4, 'min_samples_leaf': 4}. Best is trial 5 with value: 0.9.
[I 2026-04-09 19:34:19,516] Trial 14 finished with value: 0.85 and parameters: {'n_estimators': 436, 'max_depth': 13, 'min_samples_split': 2, 'min_samples_leaf': 1}. Best is trial 5 with value: 0.9.
[I 2026-04-09 19:34:19,906] Trial 15 finished with value: 0.85 and parameters: {'n_estimators': 347, 'max_depth': 3, 'min_samples_split': 5, 'min_samples_leaf': 4}. Best is trial 5 with value: 0.9.
[I 2026-04-09 19:34:20,460] Trial 16 finished with value: 0.9 and parameters: {'n_estimators': 445, 'max_depth': 7, 'min_samples_split': 10, 'min_samples_leaf': 3}. Best is trial 5 with value: 0.9.
[I 2026-04-09 19:34:20,862] Trial 17 finished with value: 0.9 and parameters: {'n_estimators': 334, 'max_depth': 11, 'min_samples_split': 3, 'min_samples_leaf': 2}. Best is trial 5 with value: 0.9.
[I 2026-04-09 19:34:21,023] Trial 18 finished with value: 0.85 and parameters: {'n_estimators': 111, 'max_depth': 15, 'min_samples_split': 4, 'min_samples_leaf': 5}. Best is trial 5 with value: 0.9.
[I 2026-04-09 19:34:21,537] Trial 19 finished with value: 0.5 and parameters: {'n_estimators': 451, 'max_depth': 5, 'min_samples_split': 6, 'min_samples_leaf': 8}. Best is trial 5 with value: 0.9.
[I 2026-04-09 19:34:21,774] Trial 20 finished with value: 0.85 and parameters: {'n_estimators': 160, 'max_depth': 9, 'min_samples_split': 3, 'min_samples_leaf': 2}. Best is trial 5 with value: 0.9.
[I 2026-04-09 19:34:22,271] Trial 21 finished with value: 0.9 and parameters: {'n_estimators': 345, 'max_depth': 10, 'min_samples_split': 5, 'min_samples_leaf': 2}. Best is trial 5 with value: 0.9.
[I 2026-04-09 19:34:22,723] Trial 22 finished with value: 0.85 and parameters: {'n_estimators': 384, 'max_depth': 20, 'min_samples_split': 6, 'min_samples_leaf': 3}. Best is trial 5 with value: 0.9.
[I 2026-04-09 19:34:23,196] Trial 23 finished with value: 0.85 and parameters: {'n_estimators': 411, 'max_depth': 7, 'min_samples_split': 4, 'min_samples_leaf': 1}. Best is trial 5 with value: 0.9.
[I 2026-04-09 19:34:23,595] Trial 24 finished with value: 0.85 and parameters: {'n_estimators': 318, 'max_depth': 11, 'min_samples_split': 5, 'min_samples_leaf': 5}. Best is trial 5 with value: 0.9.
[I 2026-04-09 19:34:24,057] Trial 25 finished with value: 0.9 and parameters: {'n_estimators': 379, 'max_depth': 10, 'min_samples_split': 6, 'min_samples_leaf': 3}. Best is trial 5 with value: 0.9.
[I 2026-04-09 19:34:24,655] Trial 26 finished with value: 0.9 and parameters: {'n_estimators': 470, 'max_depth': 4, 'min_samples_split': 2, 'min_samples_leaf': 2}. Best is trial 5 with value: 0.9.
[I 2026-04-09 19:34:25,193] Trial 27 finished with value: 0.9 and parameters: {'n_estimators': 415, 'max_depth': 8, 'min_samples_split': 7, 'min_samples_leaf': 4}. Best is trial 5 with value: 0.9.
[I 2026-04-09 19:34:25,630] Trial 28 finished with value: 0.9 and parameters: {'n_estimators': 369, 'max_depth': 6, 'min_samples_split': 3, 'min_samples_leaf': 2}. Best is trial 5 with value: 0.9.
[I 2026-04-09 19:34:26,213] Trial 29 finished with value: 0.85 and parameters: {'n_estimators': 470, 'max_depth': 16, 'min_samples_split': 4, 'min_samples_leaf': 5}. Best is trial 5 with value: 0.9.
[I 2026-04-09 19:34:30,282] A new study created in memory with name: mlp
[I 2026-04-09 19:34:30,327] Trial 0 finished with value: 0.65 and parameters: {'hidden_layer_sizes': (200,), 'max_iter': 50, 'alpha': 0.001}. Best is trial 0 with value: 0.65.
[I 2026-04-09 19:34:30,382] Trial 1 finished with value: 0.65 and parameters: {'hidden_layer_sizes': (100,), 'max_iter': 100, 'alpha': 0.0001}. Best is trial 0 with value: 0.65.
[I 2026-04-09 19:34:30,446] Trial 2 finished with value: 0.65 and parameters: {'hidden_layer_sizes': (100,), 'max_iter': 100, 'alpha': 0.001}. Best is trial 0 with value: 0.65.
[I 2026-04-09 19:34:30,491] Trial 3 finished with value: 0.65 and parameters: {'hidden_layer_sizes': (200,), 'max_iter': 50, 'alpha': 0.001}. Best is trial 0 with value: 0.65.
[I 2026-04-09 19:34:30,556] Trial 4 finished with value: 0.6 and parameters: {'hidden_layer_sizes': (100,), 'max_iter': 100, 'alpha': 0.0001}. Best is trial 0 with value: 0.65.
[I 2026-04-09 19:34:30,610] Trial 5 finished with value: 0.6 and parameters: {'hidden_layer_sizes': (100,), 'max_iter': 100, 'alpha': 0.001}. Best is trial 0 with value: 0.65.
[I 2026-04-09 19:34:30,666] Trial 6 finished with value: 0.65 and parameters: {'hidden_layer_sizes': (200,), 'max_iter': 100, 'alpha': 0.001}. Best is trial 0 with value: 0.65.
[I 2026-04-09 19:34:30,730] Trial 7 finished with value: 0.65 and parameters: {'hidden_layer_sizes': (200,), 'max_iter': 100, 'alpha': 0.001}. Best is trial 0 with value: 0.65.
[I 2026-04-09 19:34:30,784] Trial 8 finished with value: 0.55 and parameters: {'hidden_layer_sizes': (100,), 'max_iter': 100, 'alpha': 0.001}. Best is trial 0 with value: 0.65.
[I 2026-04-09 19:34:30,827] Trial 9 finished with value: 0.7 and parameters: {'hidden_layer_sizes': (100,), 'max_iter': 50, 'alpha': 0.001}. Best is trial 9 with value: 0.7.
[I 2026-04-09 19:34:30,887] Trial 10 finished with value: 0.65 and parameters: {'hidden_layer_sizes': (100, 100), 'max_iter': 50, 'alpha': 0.0001}. Best is trial 9 with value: 0.7.
[I 2026-04-09 19:34:30,958] Trial 11 finished with value: 0.55 and parameters: {'hidden_layer_sizes': (100, 100), 'max_iter': 50, 'alpha': 0.001}. Best is trial 9 with value: 0.7.
[I 2026-04-09 19:34:31,004] Trial 12 finished with value: 0.65 and parameters: {'hidden_layer_sizes': (200,), 'max_iter': 50, 'alpha': 0.001}. Best is trial 9 with value: 0.7.
[I 2026-04-09 19:34:31,050] Trial 13 finished with value: 0.65 and parameters: {'hidden_layer_sizes': (200,), 'max_iter': 50, 'alpha': 0.001}. Best is trial 9 with value: 0.7.
[I 2026-04-09 19:34:31,106] Trial 14 finished with value: 0.6 and parameters: {'hidden_layer_sizes': (100, 100), 'max_iter': 50, 'alpha': 0.0001}. Best is trial 9 with value: 0.7.
[I 2026-04-09 19:34:31,148] Trial 15 finished with value: 0.65 and parameters: {'hidden_layer_sizes': (100,), 'max_iter': 50, 'alpha': 0.001}. Best is trial 9 with value: 0.7.
[I 2026-04-09 19:34:31,173] Trial 16 finished with value: 0.7 and parameters: {'hidden_layer_sizes': (200,), 'max_iter': 50, 'alpha': 0.001}. Best is trial 9 with value: 0.7.
[I 2026-04-09 19:34:31,218] Trial 17 finished with value: 0.6 and parameters: {'hidden_layer_sizes': (200,), 'max_iter': 50, 'alpha': 0.001}. Best is trial 9 with value: 0.7.
[I 2026-04-09 19:34:31,254] Trial 18 finished with value: 0.7 and parameters: {'hidden_layer_sizes': (100,), 'max_iter': 50, 'alpha': 0.0001}. Best is trial 9 with value: 0.7.
[I 2026-04-09 19:34:31,299] Trial 19 finished with value: 0.65 and parameters: {'hidden_layer_sizes': (100, 100), 'max_iter': 50, 'alpha': 0.001}. Best is trial 9 with value: 0.7.
[I 2026-04-09 19:34:31,349] Trial 20 finished with value: 0.6 and parameters: {'hidden_layer_sizes': (100,), 'max_iter': 50, 'alpha': 0.001}. Best is trial 9 with value: 0.7.
[I 2026-04-09 19:34:31,397] Trial 21 finished with value: 0.65 and parameters: {'hidden_layer_sizes': (100,), 'max_iter': 50, 'alpha': 0.0001}. Best is trial 9 with value: 0.7.
[I 2026-04-09 19:34:31,433] Trial 22 finished with value: 0.6 and parameters: {'hidden_layer_sizes': (100,), 'max_iter': 50, 'alpha': 0.0001}. Best is trial 9 with value: 0.7.
[I 2026-04-09 19:34:31,470] Trial 23 finished with value: 0.45 and parameters: {'hidden_layer_sizes': (100,), 'max_iter': 50, 'alpha': 0.0001}. Best is trial 9 with value: 0.7.
[I 2026-04-09 19:34:31,505] Trial 24 finished with value: 0.65 and parameters: {'hidden_layer_sizes': (100,), 'max_iter': 50, 'alpha': 0.0001}. Best is trial 9 with value: 0.7.
[I 2026-04-09 19:34:31,541] Trial 25 finished with value: 0.7 and parameters: {'hidden_layer_sizes': (200,), 'max_iter': 50, 'alpha': 0.0001}. Best is trial 9 with value: 0.7.
[I 2026-04-09 19:34:31,577] Trial 26 finished with value: 0.6 and parameters: {'hidden_layer_sizes': (100,), 'max_iter': 50, 'alpha': 0.0001}. Best is trial 9 with value: 0.7.
[I 2026-04-09 19:34:31,603] Trial 27 finished with value: 0.65 and parameters: {'hidden_layer_sizes': (100,), 'max_iter': 50, 'alpha': 0.001}. Best is trial 9 with value: 0.7.
[I 2026-04-09 19:34:31,647] Trial 28 finished with value: 0.65 and parameters: {'hidden_layer_sizes': (100, 100), 'max_iter': 50, 'alpha': 0.0001}. Best is trial 9 with value: 0.7.
[I 2026-04-09 19:34:31,686] Trial 29 finished with value: 0.6 and parameters: {'hidden_layer_sizes': (200,), 'max_iter': 50, 'alpha': 0.001}. Best is trial 9 with value: 0.7.
[I 2026-04-09 19:34:35,143] A new study created in memory with name: naive_bayes
[I 2026-04-09 19:34:35,157] Trial 0 finished with value: 0.85 and parameters: {'var_smoothing': 2.7796258518939306e-10}. Best is trial 0 with value: 0.85.
[I 2026-04-09 19:34:35,169] Trial 1 finished with value: 0.9 and parameters: {'var_smoothing': 5.513972710118387e-09}. Best is trial 1 with value: 0.9.
[I 2026-04-09 19:34:35,181] Trial 2 finished with value: 0.85 and parameters: {'var_smoothing': 2.590826381512706e-10}. Best is trial 1 with value: 0.9.
[I 2026-04-09 19:34:35,193] Trial 3 finished with value: 0.9 and parameters: {'var_smoothing': 6.874194498027403e-09}. Best is trial 1 with value: 0.9.
[I 2026-04-09 19:34:35,206] Trial 4 finished with value: 0.85 and parameters: {'var_smoothing': 9.480306482679771e-10}. Best is trial 1 with value: 0.9.
[I 2026-04-09 19:34:35,218] Trial 5 finished with value: 0.85 and parameters: {'var_smoothing': 1.6729683536668864e-09}. Best is trial 1 with value: 0.9.
[I 2026-04-09 19:34:35,241] Trial 6 finished with value: 0.85 and parameters: {'var_smoothing': 3.402637726935598e-09}. Best is trial 1 with value: 0.9.
[I 2026-04-09 19:34:35,253] Trial 7 finished with value: 0.85 and parameters: {'var_smoothing': 1.0885189040847657e-09}. Best is trial 1 with value: 0.9.
[I 2026-04-09 19:34:35,267] Trial 8 finished with value: 0.85 and parameters: {'var_smoothing': 3.922843686541149e-10}. Best is trial 1 with value: 0.9.
[I 2026-04-09 19:34:35,279] Trial 9 finished with value: 0.85 and parameters: {'var_smoothing': 2.3737908819373785e-10}. Best is trial 1 with value: 0.9.
[I 2026-04-09 19:34:35,295] Trial 10 finished with value: 0.9 and parameters: {'var_smoothing': 9.60002923549188e-09}. Best is trial 1 with value: 0.9.
[I 2026-04-09 19:34:35,320] Trial 11 finished with value: 0.9 and parameters: {'var_smoothing': 8.433673252661673e-09}. Best is trial 1 with value: 0.9.
[I 2026-04-09 19:34:35,334] Trial 12 finished with value: 0.85 and parameters: {'var_smoothing': 4.024812294478599e-09}. Best is trial 1 with value: 0.9.
[I 2026-04-09 19:34:35,350] Trial 13 finished with value: 0.85 and parameters: {'var_smoothing': 4.279313644924201e-09}. Best is trial 1 with value: 0.9.
[I 2026-04-09 19:34:35,370] Trial 14 finished with value: 0.85 and parameters: {'var_smoothing': 2.4932294963389457e-09}. Best is trial 1 with value: 0.9.
[I 2026-04-09 19:34:35,388] Trial 15 finished with value: 0.9 and parameters: {'var_smoothing': 5.955264632939075e-09}. Best is trial 1 with value: 0.9.
[I 2026-04-09 19:34:35,409] Trial 16 finished with value: 0.85 and parameters: {'var_smoothing': 7.081339561602681e-10}. Best is trial 1 with value: 0.9.
[I 2026-04-09 19:34:35,429] Trial 17 finished with value: 0.85 and parameters: {'var_smoothing': 1.3536480186984407e-10}. Best is trial 1 with value: 0.9.
[I 2026-04-09 19:34:35,446] Trial 18 finished with value: 0.85 and parameters: {'var_smoothing': 2.007486890366191e-09}. Best is trial 1 with value: 0.9.
[I 2026-04-09 19:34:35,473] Trial 19 finished with value: 0.9 and parameters: {'var_smoothing': 6.236695396324013e-09}. Best is trial 1 with value: 0.9.
[I 2026-04-09 19:34:35,489] Trial 20 finished with value: 0.9 and parameters: {'var_smoothing': 5.907970857655839e-09}. Best is trial 1 with value: 0.9.
[I 2026-04-09 19:34:35,508] Trial 21 finished with value: 0.9 and parameters: {'var_smoothing': 8.695102325393218e-09}. Best is trial 1 with value: 0.9.
[I 2026-04-09 19:34:35,524] Trial 22 finished with value: 0.9 and parameters: {'var_smoothing': 8.925440883747612e-09}. Best is trial 1 with value: 0.9.
[I 2026-04-09 19:34:35,542] Trial 23 finished with value: 0.85 and parameters: {'var_smoothing': 2.9348910876154208e-09}. Best is trial 1 with value: 0.9.
[I 2026-04-09 19:34:35,565] Trial 24 finished with value: 0.9 and parameters: {'var_smoothing': 9.80412094510194e-09}. Best is trial 1 with value: 0.9.
[I 2026-04-09 19:34:35,583] Trial 25 finished with value: 0.9 and parameters: {'var_smoothing': 4.931938953599623e-09}. Best is trial 1 with value: 0.9.
[I 2026-04-09 19:34:35,600] Trial 26 finished with value: 0.85 and parameters: {'var_smoothing': 1.5067042610089413e-09}. Best is trial 1 with value: 0.9.
[I 2026-04-09 19:34:35,617] Trial 27 finished with value: 0.9 and parameters: {'var_smoothing': 6.8403161542540305e-09}. Best is trial 1 with value: 0.9.
[I 2026-04-09 19:34:35,638] Trial 28 finished with value: 0.85 and parameters: {'var_smoothing': 3.1140874881146876e-09}. Best is trial 1 with value: 0.9.
[I 2026-04-09 19:34:35,652] Trial 29 finished with value: 0.9 and parameters: {'var_smoothing': 4.8422436147715006e-09}. Best is trial 1 with value: 0.9.
[I 2026-04-09 19:34:36,661] A new study created in memory with name: logreg
[I 2026-04-09 19:34:36,684] Trial 0 finished with value: 0.85 and parameters: {'C': 0.012881482725481003, 'penalty': 'l2'}. Best is trial 0 with value: 0.85.
[I 2026-04-09 19:34:36,718] Trial 1 finished with value: 0.7 and parameters: {'C': 22.576755560681583, 'penalty': 'l2'}. Best is trial 0 with value: 0.85.
[I 2026-04-09 19:34:36,734] Trial 2 finished with value: 0.85 and parameters: {'C': 0.010804278656839932, 'penalty': 'l2'}. Best is trial 0 with value: 0.85.
[I 2026-04-09 19:34:36,768] Trial 3 finished with value: 0.7 and parameters: {'C': 39.17910760336117, 'penalty': 'l2'}. Best is trial 0 with value: 0.85.
[I 2026-04-09 19:34:36,801] Trial 4 finished with value: 0.85 and parameters: {'C': 0.2767298094062571, 'penalty': 'l2'}. Best is trial 0 with value: 0.85.
[I 2026-04-09 19:34:36,828] Trial 5 finished with value: 0.7 and parameters: {'C': 1.1447728330837224, 'penalty': 'l2'}. Best is trial 0 with value: 0.85.
[I 2026-04-09 19:34:36,866] Trial 6 finished with value: 0.7 and parameters: {'C': 6.753661388238877, 'penalty': 'l2'}. Best is trial 0 with value: 0.85.
[I 2026-04-09 19:34:36,889] Trial 7 finished with value: 0.85 and parameters: {'C': 0.39092184460352974, 'penalty': 'l2'}. Best is trial 0 with value: 0.85.
[I 2026-04-09 19:34:36,915] Trial 8 finished with value: 0.85 and parameters: {'C': 0.03047912590082646, 'penalty': 'l2'}. Best is trial 0 with value: 0.85.
[I 2026-04-09 19:34:36,938] Trial 9 finished with value: 0.85 and parameters: {'C': 0.008681727362499118, 'penalty': 'l2'}. Best is trial 0 with value: 0.85.
[I 2026-04-09 19:34:36,955] Trial 10 finished with value: 0.8 and parameters: {'C': 0.0010146302597657177, 'penalty': 'l2'}. Best is trial 0 with value: 0.85.
[I 2026-04-09 19:34:36,986] Trial 11 finished with value: 0.85 and parameters: {'C': 0.0199662686693303, 'penalty': 'l2'}. Best is trial 0 with value: 0.85.
[I 2026-04-09 19:34:37,004] Trial 12 finished with value: 0.8 and parameters: {'C': 0.0016346313516918368, 'penalty': 'l2'}. Best is trial 0 with value: 0.85.
[I 2026-04-09 19:34:37,031] Trial 13 finished with value: 0.85 and parameters: {'C': 0.0714333727973949, 'penalty': 'l2'}. Best is trial 0 with value: 0.85.
[I 2026-04-09 19:34:37,047] Trial 14 finished with value: 0.8 and parameters: {'C': 0.004204976475301702, 'penalty': 'l2'}. Best is trial 0 with value: 0.85.
[I 2026-04-09 19:34:37,064] Trial 15 finished with value: 0.85 and parameters: {'C': 0.08940155280126451, 'penalty': 'l2'}. Best is trial 0 with value: 0.85.
[I 2026-04-09 19:34:37,081] Trial 16 finished with value: 0.85 and parameters: {'C': 0.006546178987596756, 'penalty': 'l2'}. Best is trial 0 with value: 0.85.
[I 2026-04-09 19:34:37,118] Trial 17 finished with value: 0.7 and parameters: {'C': 1.4752552821847151, 'penalty': 'l2'}. Best is trial 0 with value: 0.85.
[I 2026-04-09 19:34:37,144] Trial 18 finished with value: 0.85 and parameters: {'C': 0.02888779259712015, 'penalty': 'l2'}. Best is trial 0 with value: 0.85.
[I 2026-04-09 19:34:37,170] Trial 19 finished with value: 0.8 and parameters: {'C': 0.002520448080692226, 'penalty': 'l2'}. Best is trial 0 with value: 0.85.
[I 2026-04-09 19:34:37,187] Trial 20 finished with value: 0.85 and parameters: {'C': 0.12777586739131547, 'penalty': 'l2'}. Best is trial 0 with value: 0.85.
[I 2026-04-09 19:34:37,213] Trial 21 finished with value: 0.85 and parameters: {'C': 0.3544625185515465, 'penalty': 'l2'}. Best is trial 0 with value: 0.85.
[I 2026-04-09 19:34:37,229] Trial 22 finished with value: 0.85 and parameters: {'C': 0.011098586823166496, 'penalty': 'l2'}. Best is trial 0 with value: 0.85.
[I 2026-04-09 19:34:37,256] Trial 23 finished with value: 0.7 and parameters: {'C': 1.298341606957116, 'penalty': 'l2'}. Best is trial 0 with value: 0.85.
[I 2026-04-09 19:34:37,298] Trial 24 finished with value: 0.7 and parameters: {'C': 4.412682870894855, 'penalty': 'l2'}. Best is trial 0 with value: 0.85.
[I 2026-04-09 19:34:37,328] Trial 25 finished with value: 0.85 and parameters: {'C': 0.1656127889351, 'penalty': 'l2'}. Best is trial 0 with value: 0.85.
[I 2026-04-09 19:34:37,357] Trial 26 finished with value: 0.85 and parameters: {'C': 0.05093856596881973, 'penalty': 'l2'}. Best is trial 0 with value: 0.85.
[I 2026-04-09 19:34:37,384] Trial 27 finished with value: 0.85 and parameters: {'C': 0.015056548147890033, 'penalty': 'l2'}. Best is trial 0 with value: 0.85.
[I 2026-04-09 19:34:37,413] Trial 28 finished with value: 0.8 and parameters: {'C': 0.0030790213740075375, 'penalty': 'l2'}. Best is trial 0 with value: 0.85.
[I 2026-04-09 19:34:37,451] Trial 29 finished with value: 0.7 and parameters: {'C': 87.43511457459678, 'penalty': 'l2'}. Best is trial 0 with value: 0.85.
[I 2026-04-09 19:34:38,387] A new study created in memory with name: knn
[I 2026-04-09 19:34:38,410] Trial 0 finished with value: 0.8 and parameters: {'n_neighbors': 4, 'leaf_size': 38, 'p': 2}. Best is trial 0 with value: 0.8.
[I 2026-04-09 19:34:38,424] Trial 1 finished with value: 0.8 and parameters: {'n_neighbors': 6, 'leaf_size': 32, 'p': 1}. Best is trial 0 with value: 0.8.
[I 2026-04-09 19:34:38,437] Trial 2 finished with value: 0.8 and parameters: {'n_neighbors': 5, 'leaf_size': 23, 'p': 2}. Best is trial 0 with value: 0.8.
[I 2026-04-09 19:34:38,450] Trial 3 finished with value: 0.8 and parameters: {'n_neighbors': 6, 'leaf_size': 23, 'p': 1}. Best is trial 0 with value: 0.8.
[I 2026-04-09 19:34:38,465] Trial 4 finished with value: 0.8 and parameters: {'n_neighbors': 6, 'leaf_size': 26, 'p': 1}. Best is trial 0 with value: 0.8.
[I 2026-04-09 19:34:38,478] Trial 5 finished with value: 0.75 and parameters: {'n_neighbors': 7, 'leaf_size': 25, 'p': 1}. Best is trial 0 with value: 0.8.
[I 2026-04-09 19:34:38,501] Trial 6 finished with value: 0.8 and parameters: {'n_neighbors': 5, 'leaf_size': 23, 'p': 2}. Best is trial 0 with value: 0.8.
[I 2026-04-09 19:34:38,555] Trial 7 finished with value: 0.75 and parameters: {'n_neighbors': 10, 'leaf_size': 23, 'p': 2}. Best is trial 0 with value: 0.8.
[I 2026-04-09 19:34:38,592] Trial 8 finished with value: 0.8 and parameters: {'n_neighbors': 8, 'leaf_size': 36, 'p': 2}. Best is trial 0 with value: 0.8.
[I 2026-04-09 19:34:38,606] Trial 9 finished with value: 0.8 and parameters: {'n_neighbors': 3, 'leaf_size': 30, 'p': 2}. Best is trial 0 with value: 0.8.
[I 2026-04-09 19:34:38,625] Trial 10 finished with value: 0.8 and parameters: {'n_neighbors': 3, 'leaf_size': 40, 'p': 2}. Best is trial 0 with value: 0.8.
