[I 2026-04-09 22:38:46,871] Trial 7 finished with value: 0.9333333333333333 and parameters: {'n_estimators': 10, 'max_depth': 30, 'gamma': 0.8165284487704038, 'subsample': 0.5255714015506736, 'colsample_bytree': 0.594333867896554}. Best is trial 4 with value: 0.95.
[I 2026-04-09 22:38:46,897] Trial 8 finished with value: 0.9166666666666667 and parameters: {'n_estimators': 100, 'max_depth': 20, 'gamma': 0.6251497693480509, 'subsample': 0.9696496759824258, 'colsample_bytree': 0.9717700410079397}. Best is trial 4 with value: 0.95.
[I 2026-04-09 22:38:46,923] Trial 9 finished with value: 0.9166666666666667 and parameters: {'n_estimators': 40, 'max_depth': 30, 'gamma': 0.9649927737686168, 'subsample': 0.6857563076640036, 'colsample_bytree': 0.5061847058001788}. Best is trial 4 with value: 0.95.
[I 2026-04-09 22:38:46,971] Trial 10 finished with value: 0.9166666666666667 and parameters: {'n_estimators': 100, 'max_depth': 5, 'gamma': 0.17962098877423716, 'subsample': 0.8389320138640859, 'colsample_bytree': 0.7898330861721071}. Best is trial 4 with value: 0.95.
[I 2026-04-09 22:38:47,006] Trial 11 finished with value: 0.9333333333333333 and parameters: {'n_estimators': 40, 'max_depth': 5, 'gamma': 0.4958460306839802, 'subsample': 0.6388052294316233, 'colsample_bytree': 0.5021847705422506}. Best is trial 4 with value: 0.95.
[I 2026-04-09 22:38:47,045] Trial 12 finished with value: 0.9 and parameters: {'n_estimators': 40, 'max_depth': 5, 'gamma': 0.9503293090797886, 'subsample': 0.7964049031761566, 'colsample_bytree': 0.7136404265878388}. Best is trial 4 with value: 0.95.
[I 2026-04-09 22:38:47,089] Trial 13 finished with value: 0.9333333333333333 and parameters: {'n_estimators': 100, 'max_depth': 5, 'gamma': 0.5028298763343629, 'subsample': 0.9864557349386933, 'colsample_bytree': 0.5637454603515166}. Best is trial 4 with value: 0.95.
[I 2026-04-09 22:38:47,124] Trial 14 finished with value: 0.9 and parameters: {'n_estimators': 40, 'max_depth': 5, 'gamma': 0.10994622175030377, 'subsample': 0.8650953981189207, 'colsample_bytree': 0.8556872056092556}. Best is trial 4 with value: 0.95.
[I 2026-04-09 22:38:47,159] Trial 15 finished with value: 0.9 and parameters: {'n_estimators': 100, 'max_depth': 5, 'gamma': 0.6690182864304741, 'subsample': 0.6323590052256336, 'colsample_bytree': 0.6877103829957787}. Best is trial 4 with value: 0.95.
[I 2026-04-09 22:38:47,198] Trial 16 finished with value: 0.9166666666666667 and parameters: {'n_estimators': 40, 'max_depth': 5, 'gamma': 0.3427399700148222, 'subsample': 0.9159943330969399, 'colsample_bytree': 0.5514812265798457}. Best is trial 4 with value: 0.95.
[I 2026-04-09 22:38:47,237] Trial 17 finished with value: 0.9333333333333333 and parameters: {'n_estimators': 100, 'max_depth': 5, 'gamma': 0.5519359663755917, 'subsample': 0.607018310659449, 'colsample_bytree': 0.616639976003251}. Best is trial 4 with value: 0.95.
[I 2026-04-09 22:38:47,277] Trial 18 finished with value: 0.9166666666666667 and parameters: {'n_estimators': 40, 'max_depth': 5, 'gamma': 0.8855948128463448, 'subsample': 0.7895639672629866, 'colsample_bytree': 0.5320510391729214}. Best is trial 4 with value: 0.95.
[I 2026-04-09 22:38:47,317] Trial 19 finished with value: 0.9166666666666667 and parameters: {'n_estimators': 10, 'max_depth': 20, 'gamma': 0.25876906667573235, 'subsample': 0.7337148117141207, 'colsample_bytree': 0.8939897642058054}. Best is trial 4 with value: 0.95.
[I 2026-04-09 22:38:47,367] Trial 20 finished with value: 0.9166666666666667 and parameters: {'n_estimators': 100, 'max_depth': 5, 'gamma': 0.7272771778428742, 'subsample': 0.9354023566439638, 'colsample_bytree': 0.7041671121558011}. Best is trial 4 with value: 0.95.
[I 2026-04-09 22:38:47,400] Trial 21 finished with value: 0.9333333333333333 and parameters: {'n_estimators': 10, 'max_depth': 20, 'gamma': 0.40085365707107645, 'subsample': 0.5531120505754769, 'colsample_bytree': 0.5826851120981105}. Best is trial 4 with value: 0.95.
[I 2026-04-09 22:38:47,430] Trial 22 finished with value: 0.9333333333333333 and parameters: {'n_estimators': 10, 'max_depth': 20, 'gamma': 0.42187909699129433, 'subsample': 0.5848600703993574, 'colsample_bytree': 0.6252253490175528}. Best is trial 4 with value: 0.95.
[I 2026-04-09 22:38:47,467] Trial 23 finished with value: 0.9333333333333333 and parameters: {'n_estimators': 10, 'max_depth': 20, 'gamma': 0.5657509426432464, 'subsample': 0.5574072907646014, 'colsample_bytree': 0.5585705867705033}. Best is trial 4 with value: 0.95.
[I 2026-04-09 22:38:47,496] Trial 24 finished with value: 0.95 and parameters: {'n_estimators': 10, 'max_depth': 20, 'gamma': 0.4538980173462365, 'subsample': 0.5041788291572397, 'colsample_bytree': 0.5047234505782017}. Best is trial 4 with value: 0.95.
[I 2026-04-09 22:38:47,534] Trial 25 finished with value: 0.95 and parameters: {'n_estimators': 10, 'max_depth': 20, 'gamma': 0.48888238865334055, 'subsample': 0.5009158505906564, 'colsample_bytree': 0.5003713444390301}. Best is trial 4 with value: 0.95.
[I 2026-04-09 22:38:47,569] Trial 26 finished with value: 0.9333333333333333 and parameters: {'n_estimators': 40, 'max_depth': 5, 'gamma': 0.2657992938296229, 'subsample': 0.6788925721751782, 'colsample_bytree': 0.5351457566555119}. Best is trial 4 with value: 0.95.
[I 2026-04-09 22:38:47,607] Trial 27 finished with value: 0.9 and parameters: {'n_estimators': 10, 'max_depth': 5, 'gamma': 0.5971636217108092, 'subsample': 0.6553069067181874, 'colsample_bytree': 0.6646839149549051}. Best is trial 4 with value: 0.95.
[I 2026-04-09 22:38:47,645] Trial 28 finished with value: 0.9166666666666667 and parameters: {'n_estimators': 40, 'max_depth': 30, 'gamma': 0.7206064237466012, 'subsample': 0.8623539806959621, 'colsample_bytree': 0.7434233334430453}. Best is trial 4 with value: 0.95.
[I 2026-04-09 22:38:47,697] Trial 29 finished with value: 0.9333333333333333 and parameters: {'n_estimators': 100, 'max_depth': 20, 'gamma': 0.46396069750828206, 'subsample': 0.7643976228376265, 'colsample_bytree': 0.614450444246216}. Best is trial 4 with value: 0.95.
[I 2026-04-09 22:38:48,662] A new study created in memory with name: rf
[I 2026-04-09 22:38:48,904] Trial 0 finished with value: 0.95 and parameters: {'n_estimators': 189, 'max_depth': 18, 'min_samples_split': 3, 'min_samples_leaf': 10}. Best is trial 0 with value: 0.95.
[I 2026-04-09 22:38:49,261] Trial 1 finished with value: 0.9666666666666666 and parameters: {'n_estimators': 295, 'max_depth': 14, 'min_samples_split': 8, 'min_samples_leaf': 6}. Best is trial 1 with value: 0.9666666666666666.
[I 2026-04-09 22:38:49,508] Trial 2 finished with value: 0.95 and parameters: {'n_estimators': 219, 'max_depth': 6, 'min_samples_split': 2, 'min_samples_leaf': 8}. Best is trial 1 with value: 0.9666666666666666.
[I 2026-04-09 22:38:49,836] Trial 3 finished with value: 0.9166666666666667 and parameters: {'n_estimators': 276, 'max_depth': 5, 'min_samples_split': 9, 'min_samples_leaf': 3}. Best is trial 1 with value: 0.9666666666666666.
[I 2026-04-09 22:38:50,150] Trial 4 finished with value: 0.9666666666666666 and parameters: {'n_estimators': 266, 'max_depth': 8, 'min_samples_split': 7, 'min_samples_leaf': 6}. Best is trial 1 with value: 0.9666666666666666.
[I 2026-04-09 22:38:50,531] Trial 5 finished with value: 0.9333333333333333 and parameters: {'n_estimators': 340, 'max_depth': 7, 'min_samples_split': 4, 'min_samples_leaf': 3}. Best is trial 1 with value: 0.9666666666666666.
[I 2026-04-09 22:38:50,808] Trial 6 finished with value: 0.95 and parameters: {'n_estimators': 231, 'max_depth': 5, 'min_samples_split': 3, 'min_samples_leaf': 10}. Best is trial 1 with value: 0.9666666666666666.
[I 2026-04-09 22:38:51,357] Trial 7 finished with value: 0.95 and parameters: {'n_estimators': 485, 'max_depth': 6, 'min_samples_split': 2, 'min_samples_leaf': 3}. Best is trial 1 with value: 0.9666666666666666.
[I 2026-04-09 22:38:51,947] Trial 8 finished with value: 0.9333333333333333 and parameters: {'n_estimators': 380, 'max_depth': 17, 'min_samples_split': 2, 'min_samples_leaf': 6}. Best is trial 1 with value: 0.9666666666666666.
[I 2026-04-09 22:38:52,090] Trial 9 finished with value: 0.9666666666666666 and parameters: {'n_estimators': 100, 'max_depth': 12, 'min_samples_split': 7, 'min_samples_leaf': 10}. Best is trial 1 with value: 0.9666666666666666.
[I 2026-04-09 22:38:52,606] Trial 10 finished with value: 0.9333333333333333 and parameters: {'n_estimators': 446, 'max_depth': 13, 'min_samples_split': 10, 'min_samples_leaf': 5}. Best is trial 1 with value: 0.9666666666666666.
[I 2026-04-09 22:38:52,942] Trial 11 finished with value: 0.9333333333333333 and parameters: {'n_estimators': 305, 'max_depth': 10, 'min_samples_split': 7, 'min_samples_leaf': 6}. Best is trial 1 with value: 0.9666666666666666.
[I 2026-04-09 22:38:53,355] Trial 12 finished with value: 0.9666666666666666 and parameters: {'n_estimators': 382, 'max_depth': 10, 'min_samples_split': 8, 'min_samples_leaf': 7}. Best is trial 1 with value: 0.9666666666666666.
[I 2026-04-09 22:38:53,601] Trial 13 finished with value: 0.9333333333333333 and parameters: {'n_estimators': 180, 'max_depth': 14, 'min_samples_split': 5, 'min_samples_leaf': 1}. Best is trial 1 with value: 0.9666666666666666.
[I 2026-04-09 22:38:53,957] Trial 14 finished with value: 0.95 and parameters: {'n_estimators': 279, 'max_depth': 15, 'min_samples_split': 6, 'min_samples_leaf': 8}. Best is trial 1 with value: 0.9666666666666666.
[I 2026-04-09 22:38:54,141] Trial 15 finished with value: 0.9166666666666667 and parameters: {'n_estimators': 133, 'max_depth': 20, 'min_samples_split': 8, 'min_samples_leaf': 5}. Best is trial 1 with value: 0.9666666666666666.
[I 2026-04-09 22:38:54,516] Trial 16 finished with value: 0.9333333333333333 and parameters: {'n_estimators': 341, 'max_depth': 9, 'min_samples_split': 10, 'min_samples_leaf': 4}. Best is trial 1 with value: 0.9666666666666666.
[I 2026-04-09 22:38:54,801] Trial 17 finished with value: 0.95 and parameters: {'n_estimators': 250, 'max_depth': 8, 'min_samples_split': 6, 'min_samples_leaf': 8}. Best is trial 1 with value: 0.9666666666666666.
[I 2026-04-09 22:38:55,189] Trial 18 finished with value: 0.9333333333333333 and parameters: {'n_estimators': 326, 'max_depth': 16, 'min_samples_split': 8, 'min_samples_leaf': 7}. Best is trial 1 with value: 0.9666666666666666.
[I 2026-04-09 22:38:55,611] Trial 19 finished with value: 0.9166666666666667 and parameters: {'n_estimators': 393, 'max_depth': 3, 'min_samples_split': 7, 'min_samples_leaf': 1}. Best is trial 1 with value: 0.9666666666666666.
[I 2026-04-09 22:38:55,881] Trial 20 finished with value: 0.9333333333333333 and parameters: {'n_estimators': 181, 'max_depth': 11, 'min_samples_split': 9, 'min_samples_leaf': 4}. Best is trial 1 with value: 0.9666666666666666.
[I 2026-04-09 22:38:56,075] Trial 21 finished with value: 0.95 and parameters: {'n_estimators': 111, 'max_depth': 12, 'min_samples_split': 7, 'min_samples_leaf': 9}. Best is trial 1 with value: 0.9666666666666666.
[I 2026-04-09 22:38:56,266] Trial 22 finished with value: 0.9333333333333333 and parameters: {'n_estimators': 135, 'max_depth': 13, 'min_samples_split': 5, 'min_samples_leaf': 7}. Best is trial 1 with value: 0.9666666666666666.
[I 2026-04-09 22:38:56,713] Trial 23 finished with value: 0.9666666666666666 and parameters: {'n_estimators': 417, 'max_depth': 12, 'min_samples_split': 7, 'min_samples_leaf': 9}. Best is trial 1 with value: 0.9666666666666666.
[I 2026-04-09 22:38:57,035] Trial 24 finished with value: 0.95 and parameters: {'n_estimators': 274, 'max_depth': 15, 'min_samples_split': 9, 'min_samples_leaf': 6}. Best is trial 1 with value: 0.9666666666666666.
[I 2026-04-09 22:38:57,266] Trial 25 finished with value: 0.9666666666666666 and parameters: {'n_estimators': 205, 'max_depth': 9, 'min_samples_split': 5, 'min_samples_leaf': 9}. Best is trial 1 with value: 0.9666666666666666.
[I 2026-04-09 22:38:57,509] Trial 26 finished with value: 0.9333333333333333 and parameters: {'n_estimators': 155, 'max_depth': 11, 'min_samples_split': 8, 'min_samples_leaf': 4}. Best is trial 1 with value: 0.9666666666666666.
[I 2026-04-09 22:38:57,792] Trial 27 finished with value: 0.9333333333333333 and parameters: {'n_estimators': 251, 'max_depth': 19, 'min_samples_split': 6, 'min_samples_leaf': 2}. Best is trial 1 with value: 0.9666666666666666.
[I 2026-04-09 22:38:57,964] Trial 28 finished with value: 0.9333333333333333 and parameters: {'n_estimators': 103, 'max_depth': 14, 'min_samples_split': 7, 'min_samples_leaf': 5}. Best is trial 1 with value: 0.9666666666666666.
[I 2026-04-09 22:38:58,314] Trial 29 finished with value: 0.95 and parameters: {'n_estimators': 311, 'max_depth': 18, 'min_samples_split': 9, 'min_samples_leaf': 10}. Best is trial 1 with value: 0.9666666666666666.
[I 2026-04-09 22:39:01,732] A new study created in memory with name: mlp
[I 2026-04-09 22:39:01,778] Trial 0 finished with value: 0.85 and parameters: {'hidden_layer_sizes': (200,), 'max_iter': 50, 'alpha': 0.001}. Best is trial 0 with value: 0.85.
[I 2026-04-09 22:39:01,825] Trial 1 finished with value: 0.8 and parameters: {'hidden_layer_sizes': (100,), 'max_iter': 100, 'alpha': 0.0001}. Best is trial 0 with value: 0.85.
[I 2026-04-09 22:39:01,882] Trial 2 finished with value: 0.8333333333333334 and parameters: {'hidden_layer_sizes': (100,), 'max_iter': 100, 'alpha': 0.001}. Best is trial 0 with value: 0.85.
[I 2026-04-09 22:39:01,928] Trial 3 finished with value: 0.8166666666666667 and parameters: {'hidden_layer_sizes': (200,), 'max_iter': 50, 'alpha': 0.001}. Best is trial 0 with value: 0.85.
[I 2026-04-09 22:39:01,995] Trial 4 finished with value: 0.8833333333333334 and parameters: {'hidden_layer_sizes': (100,), 'max_iter': 100, 'alpha': 0.0001}. Best is trial 4 with value: 0.8833333333333334.
[I 2026-04-09 22:39:02,051] Trial 5 finished with value: 0.9166666666666667 and parameters: {'hidden_layer_sizes': (100,), 'max_iter': 100, 'alpha': 0.001}. Best is trial 5 with value: 0.9166666666666667.
[I 2026-04-09 22:39:02,097] Trial 6 finished with value: 0.8666666666666668 and parameters: {'hidden_layer_sizes': (200,), 'max_iter': 100, 'alpha': 0.001}. Best is trial 5 with value: 0.9166666666666667.
[I 2026-04-09 22:39:02,153] Trial 7 finished with value: 0.8166666666666668 and parameters: {'hidden_layer_sizes': (200,), 'max_iter': 100, 'alpha': 0.001}. Best is trial 5 with value: 0.9166666666666667.
[I 2026-04-09 22:39:02,211] Trial 8 finished with value: 0.8833333333333334 and parameters: {'hidden_layer_sizes': (100,), 'max_iter': 100, 'alpha': 0.001}. Best is trial 5 with value: 0.9166666666666667.
[I 2026-04-09 22:39:02,237] Trial 9 finished with value: 0.8333333333333333 and parameters: {'hidden_layer_sizes': (100,), 'max_iter': 50, 'alpha': 0.001}. Best is trial 5 with value: 0.9166666666666667.
[I 2026-04-09 22:39:02,293] Trial 10 finished with value: 0.8833333333333334 and parameters: {'hidden_layer_sizes': (100, 100), 'max_iter': 50, 'alpha': 0.0001}. Best is trial 5 with value: 0.9166666666666667.
[I 2026-04-09 22:39:02,354] Trial 11 finished with value: 0.8666666666666668 and parameters: {'hidden_layer_sizes': (100,), 'max_iter': 100, 'alpha': 0.0001}. Best is trial 5 with value: 0.9166666666666667.
[I 2026-04-09 22:39:02,429] Trial 12 finished with value: 0.8666666666666666 and parameters: {'hidden_layer_sizes': (100, 100), 'max_iter': 100, 'alpha': 0.0001}. Best is trial 5 with value: 0.9166666666666667.
[I 2026-04-09 22:39:02,484] Trial 13 finished with value: 0.9333333333333333 and parameters: {'hidden_layer_sizes': (100,), 'max_iter': 100, 'alpha': 0.0001}. Best is trial 13 with value: 0.9333333333333333.
[I 2026-04-09 22:39:02,560] Trial 14 finished with value: 0.95 and parameters: {'hidden_layer_sizes': (100,), 'max_iter': 100, 'alpha': 0.0001}. Best is trial 14 with value: 0.95.
[I 2026-04-09 22:39:02,606] Trial 15 finished with value: 0.8166666666666667 and parameters: {'hidden_layer_sizes': (100,), 'max_iter': 100, 'alpha': 0.0001}. Best is trial 14 with value: 0.95.
[I 2026-04-09 22:39:02,696] Trial 16 finished with value: 0.9333333333333333 and parameters: {'hidden_layer_sizes': (100, 100), 'max_iter': 100, 'alpha': 0.0001}. Best is trial 14 with value: 0.95.
[I 2026-04-09 22:39:02,754] Trial 17 finished with value: 0.9166666666666667 and parameters: {'hidden_layer_sizes': (100,), 'max_iter': 100, 'alpha': 0.0001}. Best is trial 14 with value: 0.95.
[I 2026-04-09 22:39:02,791] Trial 18 finished with value: 0.7833333333333333 and parameters: {'hidden_layer_sizes': (100,), 'max_iter': 50, 'alpha': 0.0001}. Best is trial 14 with value: 0.95.
[I 2026-04-09 22:39:02,867] Trial 19 finished with value: 0.8166666666666667 and parameters: {'hidden_layer_sizes': (100, 100), 'max_iter': 100, 'alpha': 0.0001}. Best is trial 14 with value: 0.95.
[I 2026-04-09 22:39:02,912] Trial 20 finished with value: 0.85 and parameters: {'hidden_layer_sizes': (100,), 'max_iter': 100, 'alpha': 0.0001}. Best is trial 14 with value: 0.95.
[I 2026-04-09 22:39:02,987] Trial 21 finished with value: 0.8666666666666666 and parameters: {'hidden_layer_sizes': (100, 100), 'max_iter': 100, 'alpha': 0.0001}. Best is trial 14 with value: 0.95.
[I 2026-04-09 22:39:03,078] Trial 22 finished with value: 0.9 and parameters: {'hidden_layer_sizes': (100, 100), 'max_iter': 100, 'alpha': 0.0001}. Best is trial 14 with value: 0.95.
[I 2026-04-09 22:39:03,155] Trial 23 finished with value: 0.9166666666666666 and parameters: {'hidden_layer_sizes': (100, 100), 'max_iter': 100, 'alpha': 0.0001}. Best is trial 14 with value: 0.95.
[I 2026-04-09 22:39:03,221] Trial 24 finished with value: 0.8 and parameters: {'hidden_layer_sizes': (100, 100), 'max_iter': 100, 'alpha': 0.0001}. Best is trial 14 with value: 0.95.
[I 2026-04-09 22:39:03,290] Trial 25 finished with value: 0.9333333333333333 and parameters: {'hidden_layer_sizes': (100, 100), 'max_iter': 100, 'alpha': 0.0001}. Best is trial 14 with value: 0.95.
[I 2026-04-09 22:39:03,327] Trial 26 finished with value: 0.8 and parameters: {'hidden_layer_sizes': (100,), 'max_iter': 50, 'alpha': 0.0001}. Best is trial 14 with value: 0.95.
[I 2026-04-09 22:39:03,403] Trial 27 finished with value: 0.8833333333333334 and parameters: {'hidden_layer_sizes': (200,), 'max_iter': 100, 'alpha': 0.0001}. Best is trial 14 with value: 0.95.
[I 2026-04-09 22:39:03,490] Trial 28 finished with value: 0.9166666666666667 and parameters: {'hidden_layer_sizes': (100, 100), 'max_iter': 100, 'alpha': 0.0001}. Best is trial 14 with value: 0.95.
[I 2026-04-09 22:39:03,542] Trial 29 finished with value: 0.85 and parameters: {'hidden_layer_sizes': (100,), 'max_iter': 50, 'alpha': 0.0001}. Best is trial 14 with value: 0.95.
[I 2026-04-09 22:39:12,000] A new study created in memory with name: naive_bayes
[I 2026-04-09 22:39:12,026] Trial 0 finished with value: 1.0 and parameters: {'var_smoothing': 2.7796258518939306e-10}. Best is trial 0 with value: 1.0.
[I 2026-04-09 22:39:12,049] Trial 1 finished with value: 1.0 and parameters: {'var_smoothing': 5.513972710118387e-09}. Best is trial 0 with value: 1.0.
[I 2026-04-09 22:39:12,061] Trial 2 finished with value: 1.0 and parameters: {'var_smoothing': 2.590826381512706e-10}. Best is trial 0 with value: 1.0.
[I 2026-04-09 22:39:12,073] Trial 3 finished with value: 1.0 and parameters: {'var_smoothing': 6.874194498027403e-09}. Best is trial 0 with value: 1.0.
[I 2026-04-09 22:39:12,086] Trial 4 finished with value: 1.0 and parameters: {'var_smoothing': 9.480306482679771e-10}. Best is trial 0 with value: 1.0.
[I 2026-04-09 22:39:12,098] Trial 5 finished with value: 1.0 and parameters: {'var_smoothing': 1.6729683536668864e-09}. Best is trial 0 with value: 1.0.
[I 2026-04-09 22:39:12,110] Trial 6 finished with value: 1.0 and parameters: {'var_smoothing': 3.402637726935598e-09}. Best is trial 0 with value: 1.0.
[I 2026-04-09 22:39:12,122] Trial 7 finished with value: 1.0 and parameters: {'var_smoothing': 1.0885189040847657e-09}. Best is trial 0 with value: 1.0.
[I 2026-04-09 22:39:12,144] Trial 8 finished with value: 1.0 and parameters: {'var_smoothing': 3.922843686541149e-10}. Best is trial 0 with value: 1.0.
[I 2026-04-09 22:39:12,157] Trial 9 finished with value: 1.0 and parameters: {'var_smoothing': 2.3737908819373785e-10}. Best is trial 0 with value: 1.0.
[I 2026-04-09 22:39:12,173] Trial 10 finished with value: 1.0 and parameters: {'var_smoothing': 1.005826617097841e-10}. Best is trial 0 with value: 1.0.
[I 2026-04-09 22:39:12,193] Trial 11 finished with value: 1.0 and parameters: {'var_smoothing': 8.246040091550826e-09}. Best is trial 0 with value: 1.0.
[I 2026-04-09 22:39:12,213] Trial 12 finished with value: 1.0 and parameters: {'var_smoothing': 5.714429769091136e-10}. Best is trial 0 with value: 1.0.
[I 2026-04-09 22:39:12,232] Trial 13 finished with value: 1.0 and parameters: {'var_smoothing': 3.0046394488828834e-09}. Best is trial 0 with value: 1.0.
[I 2026-04-09 22:39:12,248] Trial 14 finished with value: 1.0 and parameters: {'var_smoothing': 1.0161521526134228e-10}. Best is trial 0 with value: 1.0.
[I 2026-04-09 22:39:12,269] Trial 15 finished with value: 1.0 and parameters: {'var_smoothing': 3.455011319435438e-09}. Best is trial 0 with value: 1.0.
[I 2026-04-09 22:39:12,289] Trial 16 finished with value: 1.0 and parameters: {'var_smoothing': 2.2038800241203009e-10}. Best is trial 0 with value: 1.0.
[I 2026-04-09 22:39:12,309] Trial 17 finished with value: 1.0 and parameters: {'var_smoothing': 1.8515987176145925e-09}. Best is trial 0 with value: 1.0.
[I 2026-04-09 22:39:12,339] Trial 18 finished with value: 1.0 and parameters: {'var_smoothing': 5.024285700153026e-10}. Best is trial 0 with value: 1.0.
[I 2026-04-09 22:39:12,357] Trial 19 finished with value: 1.0 and parameters: {'var_smoothing': 4.958025424412893e-09}. Best is trial 0 with value: 1.0.
