[I 2026-04-09 21:44:12,220] Trial 22 finished with value: 0.925 and parameters: {'n_estimators': 456, 'max_depth': 3, 'min_samples_split': 2, 'min_samples_leaf': 7}. Best is trial 6 with value: 0.925.
[I 2026-04-09 21:44:12,832] Trial 23 finished with value: 0.925 and parameters: {'n_estimators': 492, 'max_depth': 5, 'min_samples_split': 3, 'min_samples_leaf': 9}. Best is trial 6 with value: 0.925.
[I 2026-04-09 21:44:13,335] Trial 24 finished with value: 0.925 and parameters: {'n_estimators': 414, 'max_depth': 6, 'min_samples_split': 5, 'min_samples_leaf': 6}. Best is trial 6 with value: 0.925.
[I 2026-04-09 21:44:13,874] Trial 25 finished with value: 0.9 and parameters: {'n_estimators': 459, 'max_depth': 4, 'min_samples_split': 2, 'min_samples_leaf': 8}. Best is trial 6 with value: 0.925.
[I 2026-04-09 21:44:14,345] Trial 26 finished with value: 0.9 and parameters: {'n_estimators': 387, 'max_depth': 9, 'min_samples_split': 4, 'min_samples_leaf': 5}. Best is trial 6 with value: 0.925.
[I 2026-04-09 21:44:14,828] Trial 27 finished with value: 0.9 and parameters: {'n_estimators': 336, 'max_depth': 6, 'min_samples_split': 6, 'min_samples_leaf': 9}. Best is trial 6 with value: 0.925.
[I 2026-04-09 21:44:15,335] Trial 28 finished with value: 0.925 and parameters: {'n_estimators': 435, 'max_depth': 4, 'min_samples_split': 3, 'min_samples_leaf': 7}. Best is trial 6 with value: 0.925.
[I 2026-04-09 21:44:15,493] Trial 29 finished with value: 0.875 and parameters: {'n_estimators': 118, 'max_depth': 19, 'min_samples_split': 2, 'min_samples_leaf': 8}. Best is trial 6 with value: 0.925.
[I 2026-04-09 21:44:20,029] A new study created in memory with name: mlp
[I 2026-04-09 21:44:20,086] Trial 0 finished with value: 0.775 and parameters: {'hidden_layer_sizes': (200,), 'max_iter': 100, 'alpha': 0.0001}. Best is trial 0 with value: 0.775.
[I 2026-04-09 21:44:20,172] Trial 1 finished with value: 0.925 and parameters: {'hidden_layer_sizes': (100, 100), 'max_iter': 100, 'alpha': 0.0001}. Best is trial 1 with value: 0.925.
[I 2026-04-09 21:44:20,248] Trial 2 finished with value: 0.9 and parameters: {'hidden_layer_sizes': (200,), 'max_iter': 100, 'alpha': 0.001}. Best is trial 1 with value: 0.925.
[I 2026-04-09 21:44:20,284] Trial 3 finished with value: 0.85 and parameters: {'hidden_layer_sizes': (100,), 'max_iter': 50, 'alpha': 0.001}. Best is trial 1 with value: 0.925.
[I 2026-04-09 21:44:20,320] Trial 4 finished with value: 0.9 and parameters: {'hidden_layer_sizes': (100,), 'max_iter': 50, 'alpha': 0.0001}. Best is trial 1 with value: 0.925.
[I 2026-04-09 21:44:20,356] Trial 5 finished with value: 0.825 and parameters: {'hidden_layer_sizes': (100,), 'max_iter': 50, 'alpha': 0.0001}. Best is trial 1 with value: 0.925.
[I 2026-04-09 21:44:20,393] Trial 6 finished with value: 0.775 and parameters: {'hidden_layer_sizes': (100,), 'max_iter': 50, 'alpha': 0.0001}. Best is trial 1 with value: 0.925.
[I 2026-04-09 21:44:20,434] Trial 7 finished with value: 0.8 and parameters: {'hidden_layer_sizes': (100,), 'max_iter': 50, 'alpha': 0.0001}. Best is trial 1 with value: 0.925.
[I 2026-04-09 21:44:20,494] Trial 8 finished with value: 0.875 and parameters: {'hidden_layer_sizes': (200,), 'max_iter': 100, 'alpha': 0.0001}. Best is trial 1 with value: 0.925.
[I 2026-04-09 21:44:20,545] Trial 9 finished with value: 0.775 and parameters: {'hidden_layer_sizes': (200,), 'max_iter': 50, 'alpha': 0.0001}. Best is trial 1 with value: 0.925.
[I 2026-04-09 21:44:20,631] Trial 10 finished with value: 0.775 and parameters: {'hidden_layer_sizes': (100, 100), 'max_iter': 100, 'alpha': 0.001}. Best is trial 1 with value: 0.925.
[I 2026-04-09 21:44:20,710] Trial 11 finished with value: 0.9 and parameters: {'hidden_layer_sizes': (100, 100), 'max_iter': 100, 'alpha': 0.001}. Best is trial 1 with value: 0.925.
[I 2026-04-09 21:44:20,799] Trial 12 finished with value: 0.9 and parameters: {'hidden_layer_sizes': (100, 100), 'max_iter': 100, 'alpha': 0.001}. Best is trial 1 with value: 0.925.
[I 2026-04-09 21:44:20,864] Trial 13 finished with value: 0.8 and parameters: {'hidden_layer_sizes': (100, 100), 'max_iter': 100, 'alpha': 0.001}. Best is trial 1 with value: 0.925.
[I 2026-04-09 21:44:20,918] Trial 14 finished with value: 0.875 and parameters: {'hidden_layer_sizes': (200,), 'max_iter': 100, 'alpha': 0.001}. Best is trial 1 with value: 0.925.
[I 2026-04-09 21:44:20,987] Trial 15 finished with value: 0.825 and parameters: {'hidden_layer_sizes': (100, 100), 'max_iter': 100, 'alpha': 0.001}. Best is trial 1 with value: 0.925.
[I 2026-04-09 21:44:21,038] Trial 16 finished with value: 0.9 and parameters: {'hidden_layer_sizes': (200,), 'max_iter': 100, 'alpha': 0.0001}. Best is trial 1 with value: 0.925.
[I 2026-04-09 21:44:21,133] Trial 17 finished with value: 0.9 and parameters: {'hidden_layer_sizes': (100, 100), 'max_iter': 100, 'alpha': 0.001}. Best is trial 1 with value: 0.925.
[I 2026-04-09 21:44:21,200] Trial 18 finished with value: 0.925 and parameters: {'hidden_layer_sizes': (200,), 'max_iter': 100, 'alpha': 0.001}. Best is trial 1 with value: 0.925.
[I 2026-04-09 21:44:21,278] Trial 19 finished with value: 0.85 and parameters: {'hidden_layer_sizes': (200,), 'max_iter': 100, 'alpha': 0.0001}. Best is trial 1 with value: 0.925.
[I 2026-04-09 21:44:21,390] Trial 20 finished with value: 0.9 and parameters: {'hidden_layer_sizes': (100, 100), 'max_iter': 100, 'alpha': 0.001}. Best is trial 1 with value: 0.925.
[I 2026-04-09 21:44:21,459] Trial 21 finished with value: 0.8 and parameters: {'hidden_layer_sizes': (200,), 'max_iter': 100, 'alpha': 0.001}. Best is trial 1 with value: 0.925.
[I 2026-04-09 21:44:21,514] Trial 22 finished with value: 0.9 and parameters: {'hidden_layer_sizes': (200,), 'max_iter': 100, 'alpha': 0.001}. Best is trial 1 with value: 0.925.
[I 2026-04-09 21:44:21,573] Trial 23 finished with value: 0.85 and parameters: {'hidden_layer_sizes': (200,), 'max_iter': 100, 'alpha': 0.001}. Best is trial 1 with value: 0.925.
[I 2026-04-09 21:44:21,630] Trial 24 finished with value: 0.775 and parameters: {'hidden_layer_sizes': (200,), 'max_iter': 100, 'alpha': 0.001}. Best is trial 1 with value: 0.925.
[I 2026-04-09 21:44:21,697] Trial 25 finished with value: 0.825 and parameters: {'hidden_layer_sizes': (200,), 'max_iter': 100, 'alpha': 0.001}. Best is trial 1 with value: 0.925.
[I 2026-04-09 21:44:21,775] Trial 26 finished with value: 0.875 and parameters: {'hidden_layer_sizes': (100, 100), 'max_iter': 100, 'alpha': 0.0001}. Best is trial 1 with value: 0.925.
[I 2026-04-09 21:44:21,831] Trial 27 finished with value: 0.825 and parameters: {'hidden_layer_sizes': (200,), 'max_iter': 100, 'alpha': 0.001}. Best is trial 1 with value: 0.925.
[I 2026-04-09 21:44:21,897] Trial 28 finished with value: 0.925 and parameters: {'hidden_layer_sizes': (200,), 'max_iter': 100, 'alpha': 0.0001}. Best is trial 1 with value: 0.925.
[I 2026-04-09 21:44:21,965] Trial 29 finished with value: 0.85 and parameters: {'hidden_layer_sizes': (100, 100), 'max_iter': 100, 'alpha': 0.0001}. Best is trial 1 with value: 0.925.
[I 2026-04-09 21:44:30,572] A new study created in memory with name: naive_bayes
[I 2026-04-09 21:44:30,587] Trial 0 finished with value: 1.0 and parameters: {'var_smoothing': 1.4210736239935712e-10}. Best is trial 0 with value: 1.0.
[I 2026-04-09 21:44:30,602] Trial 1 finished with value: 1.0 and parameters: {'var_smoothing': 3.629422978396398e-09}. Best is trial 0 with value: 1.0.
[I 2026-04-09 21:44:30,615] Trial 2 finished with value: 1.0 and parameters: {'var_smoothing': 7.530407234027127e-10}. Best is trial 0 with value: 1.0.
[I 2026-04-09 21:44:30,629] Trial 3 finished with value: 1.0 and parameters: {'var_smoothing': 2.7985325053380072e-09}. Best is trial 0 with value: 1.0.
[I 2026-04-09 21:44:30,646] Trial 4 finished with value: 1.0 and parameters: {'var_smoothing': 9.036058293737187e-09}. Best is trial 0 with value: 1.0.
[I 2026-04-09 21:44:30,660] Trial 5 finished with value: 1.0 and parameters: {'var_smoothing': 1.1939653980558784e-09}. Best is trial 0 with value: 1.0.
[I 2026-04-09 21:44:30,675] Trial 6 finished with value: 1.0 and parameters: {'var_smoothing': 1.005173261185167e-09}. Best is trial 0 with value: 1.0.
[I 2026-04-09 21:44:30,700] Trial 7 finished with value: 1.0 and parameters: {'var_smoothing': 1.393484899105757e-10}. Best is trial 0 with value: 1.0.
[I 2026-04-09 21:44:30,715] Trial 8 finished with value: 1.0 and parameters: {'var_smoothing': 3.4425317961147986e-10}. Best is trial 0 with value: 1.0.
[I 2026-04-09 21:44:30,728] Trial 9 finished with value: 1.0 and parameters: {'var_smoothing': 9.994590426751933e-10}. Best is trial 0 with value: 1.0.
[I 2026-04-09 21:44:30,747] Trial 10 finished with value: 1.0 and parameters: {'var_smoothing': 1.9079938112167212e-10}. Best is trial 0 with value: 1.0.
[I 2026-04-09 21:44:30,769] Trial 11 finished with value: 1.0 and parameters: {'var_smoothing': 4.7456863630433305e-09}. Best is trial 0 with value: 1.0.
[I 2026-04-09 21:44:30,787] Trial 12 finished with value: 1.0 and parameters: {'var_smoothing': 2.7185365295481096e-09}. Best is trial 0 with value: 1.0.
[I 2026-04-09 21:44:30,815] Trial 13 finished with value: 1.0 and parameters: {'var_smoothing': 4.3967291332584714e-10}. Best is trial 0 with value: 1.0.
[I 2026-04-09 21:44:30,833] Trial 14 finished with value: 1.0 and parameters: {'var_smoothing': 2.6511307931162972e-09}. Best is trial 0 with value: 1.0.
[I 2026-04-09 21:44:30,854] Trial 15 finished with value: 1.0 and parameters: {'var_smoothing': 9.000422035369052e-09}. Best is trial 0 with value: 1.0.
[I 2026-04-09 21:44:30,884] Trial 16 finished with value: 1.0 and parameters: {'var_smoothing': 2.75340575769171e-10}. Best is trial 0 with value: 1.0.
[I 2026-04-09 21:44:30,905] Trial 17 finished with value: 1.0 and parameters: {'var_smoothing': 1.0118559267516465e-10}. Best is trial 0 with value: 1.0.
[I 2026-04-09 21:44:30,941] Trial 18 finished with value: 1.0 and parameters: {'var_smoothing': 5.126237368588495e-10}. Best is trial 0 with value: 1.0.
[I 2026-04-09 21:44:30,959] Trial 19 finished with value: 1.0 and parameters: {'var_smoothing': 1.7743118427439911e-09}. Best is trial 0 with value: 1.0.
[I 2026-04-09 21:44:30,974] Trial 20 finished with value: 1.0 and parameters: {'var_smoothing': 5.29215399120128e-09}. Best is trial 0 with value: 1.0.
[I 2026-04-09 21:44:30,989] Trial 21 finished with value: 1.0 and parameters: {'var_smoothing': 6.215389304971454e-10}. Best is trial 0 with value: 1.0.
[I 2026-04-09 21:44:31,005] Trial 22 finished with value: 1.0 and parameters: {'var_smoothing': 2.205158371956595e-10}. Best is trial 0 with value: 1.0.
[I 2026-04-09 21:44:31,031] Trial 23 finished with value: 1.0 and parameters: {'var_smoothing': 6.714468189294179e-10}. Best is trial 0 with value: 1.0.
[I 2026-04-09 21:44:31,046] Trial 24 finished with value: 1.0 and parameters: {'var_smoothing': 1.6303611152529254e-09}. Best is trial 0 with value: 1.0.
[I 2026-04-09 21:44:31,062] Trial 25 finished with value: 1.0 and parameters: {'var_smoothing': 5.460180203252778e-09}. Best is trial 0 with value: 1.0.
[I 2026-04-09 21:44:31,077] Trial 26 finished with value: 1.0 and parameters: {'var_smoothing': 1.0123007748054653e-10}. Best is trial 0 with value: 1.0.
[I 2026-04-09 21:44:31,093] Trial 27 finished with value: 1.0 and parameters: {'var_smoothing': 3.7004726843827016e-09}. Best is trial 0 with value: 1.0.
[I 2026-04-09 21:44:31,113] Trial 28 finished with value: 1.0 and parameters: {'var_smoothing': 8.062949328123723e-10}. Best is trial 0 with value: 1.0.
[I 2026-04-09 21:44:31,133] Trial 29 finished with value: 1.0 and parameters: {'var_smoothing': 1.8379694059711336e-09}. Best is trial 0 with value: 1.0.
[I 2026-04-09 21:44:32,147] A new study created in memory with name: logreg
[I 2026-04-09 21:44:32,172] Trial 0 finished with value: 0.975 and parameters: {'C': 0.002407362254570802, 'penalty': 'l2'}. Best is trial 0 with value: 0.975.
[I 2026-04-09 21:44:32,186] Trial 1 finished with value: 0.95 and parameters: {'C': 7.935859334260497, 'penalty': 'l2'}. Best is trial 0 with value: 0.975.
[I 2026-04-09 21:44:32,200] Trial 2 finished with value: 0.975 and parameters: {'C': 0.15561310098067915, 'penalty': 'l2'}. Best is trial 0 with value: 0.975.
[I 2026-04-09 21:44:32,224] Trial 3 finished with value: 0.95 and parameters: {'C': 4.143104515916128, 'penalty': 'l2'}. Best is trial 0 with value: 0.975.
[I 2026-04-09 21:44:32,249] Trial 4 finished with value: 0.95 and parameters: {'C': 77.61533923098803, 'penalty': 'l2'}. Best is trial 0 with value: 0.975.
[I 2026-04-09 21:44:32,265] Trial 5 finished with value: 0.95 and parameters: {'C': 0.49258292359934785, 'penalty': 'l2'}. Best is trial 0 with value: 0.975.
[I 2026-04-09 21:44:32,279] Trial 6 finished with value: 0.975 and parameters: {'C': 0.320333470047146, 'penalty': 'l2'}. Best is trial 0 with value: 0.975.
[I 2026-04-09 21:44:32,293] Trial 7 finished with value: 0.975 and parameters: {'C': 0.002292216671132896, 'penalty': 'l2'}. Best is trial 0 with value: 0.975.
[I 2026-04-09 21:44:32,308] Trial 8 finished with value: 0.975 and parameters: {'C': 0.0219884643872214, 'penalty': 'l2'}. Best is trial 0 with value: 0.975.
[I 2026-04-09 21:44:32,322] Trial 9 finished with value: 0.975 and parameters: {'C': 0.31580027519646636, 'penalty': 'l2'}. Best is trial 0 with value: 0.975.
[I 2026-04-09 21:44:32,342] Trial 10 finished with value: 0.975 and parameters: {'C': 0.005028545732690317, 'penalty': 'l2'}. Best is trial 0 with value: 0.975.
[I 2026-04-09 21:44:32,370] Trial 11 finished with value: 0.975 and parameters: {'C': 0.026261189016144066, 'penalty': 'l2'}. Best is trial 0 with value: 0.975.
[I 2026-04-09 21:44:32,391] Trial 12 finished with value: 0.975 and parameters: {'C': 0.032720925899226566, 'penalty': 'l2'}. Best is trial 0 with value: 0.975.
[I 2026-04-09 21:44:32,409] Trial 13 finished with value: 0.975 and parameters: {'C': 0.0012058459158709746, 'penalty': 'l2'}. Best is trial 0 with value: 0.975.
[I 2026-04-09 21:44:32,428] Trial 14 finished with value: 0.975 and parameters: {'C': 0.060263154209045634, 'penalty': 'l2'}. Best is trial 0 with value: 0.975.
[I 2026-04-09 21:44:32,473] Trial 15 finished with value: 0.975 and parameters: {'C': 0.0066245692110027754, 'penalty': 'l2'}. Best is trial 0 with value: 0.975.
[I 2026-04-09 21:44:32,491] Trial 16 finished with value: 0.95 and parameters: {'C': 3.111877236012151, 'penalty': 'l2'}. Best is trial 0 with value: 0.975.
[I 2026-04-09 21:44:32,508] Trial 17 finished with value: 0.975 and parameters: {'C': 0.10391491819178174, 'penalty': 'l2'}. Best is trial 0 with value: 0.975.
[I 2026-04-09 21:44:32,526] Trial 18 finished with value: 0.975 and parameters: {'C': 0.007066712767922748, 'penalty': 'l2'}. Best is trial 0 with value: 0.975.
[I 2026-04-09 21:44:32,543] Trial 19 finished with value: 0.95 and parameters: {'C': 1.0958635289496592, 'penalty': 'l2'}. Best is trial 0 with value: 0.975.
[I 2026-04-09 21:44:32,562] Trial 20 finished with value: 0.95 and parameters: {'C': 35.235409478110505, 'penalty': 'l2'}. Best is trial 0 with value: 0.975.
[I 2026-04-09 21:44:32,578] Trial 21 finished with value: 0.975 and parameters: {'C': 0.34318841420522805, 'penalty': 'l2'}. Best is trial 0 with value: 0.975.
[I 2026-04-09 21:44:32,604] Trial 22 finished with value: 0.975 and parameters: {'C': 0.09241610004375722, 'penalty': 'l2'}. Best is trial 0 with value: 0.975.
[I 2026-04-09 21:44:32,621] Trial 23 finished with value: 0.95 and parameters: {'C': 1.2153722353806007, 'penalty': 'l2'}. Best is trial 0 with value: 0.975.
[I 2026-04-09 21:44:32,647] Trial 24 finished with value: 0.975 and parameters: {'C': 0.16765356042954166, 'penalty': 'l2'}. Best is trial 0 with value: 0.975.
[I 2026-04-09 21:44:32,662] Trial 25 finished with value: 0.975 and parameters: {'C': 0.011059443234474, 'penalty': 'l2'}. Best is trial 0 with value: 0.975.
[I 2026-04-09 21:44:32,678] Trial 26 finished with value: 0.95 and parameters: {'C': 0.729240751366005, 'penalty': 'l2'}. Best is trial 0 with value: 0.975.
[I 2026-04-09 21:44:32,693] Trial 27 finished with value: 0.95 and parameters: {'C': 12.416075703888504, 'penalty': 'l2'}. Best is trial 0 with value: 0.975.
[I 2026-04-09 21:44:32,708] Trial 28 finished with value: 0.95 and parameters: {'C': 1.7619034568278662, 'penalty': 'l2'}. Best is trial 0 with value: 0.975.
[I 2026-04-09 21:44:32,734] Trial 29 finished with value: 0.975 and parameters: {'C': 0.2274622674811134, 'penalty': 'l2'}. Best is trial 0 with value: 0.975.
[I 2026-04-09 21:44:33,631] A new study created in memory with name: knn
[I 2026-04-09 21:44:33,645] Trial 0 finished with value: 0.975 and parameters: {'n_neighbors': 3, 'leaf_size': 36, 'p': 2}. Best is trial 0 with value: 0.975.
[I 2026-04-09 21:44:33,669] Trial 1 finished with value: 0.975 and parameters: {'n_neighbors': 10, 'leaf_size': 31, 'p': 1}. Best is trial 0 with value: 0.975.
[I 2026-04-09 21:44:33,682] Trial 2 finished with value: 0.975 and parameters: {'n_neighbors': 5, 'leaf_size': 30, 'p': 2}. Best is trial 0 with value: 0.975.
[I 2026-04-09 21:44:33,695] Trial 3 finished with value: 0.975 and parameters: {'n_neighbors': 6, 'leaf_size': 21, 'p': 2}. Best is trial 0 with value: 0.975.
[I 2026-04-09 21:44:33,707] Trial 4 finished with value: 0.975 and parameters: {'n_neighbors': 4, 'leaf_size': 29, 'p': 1}. Best is trial 0 with value: 0.975.
[I 2026-04-09 21:44:33,719] Trial 5 finished with value: 0.975 and parameters: {'n_neighbors': 7, 'leaf_size': 39, 'p': 2}. Best is trial 0 with value: 0.975.
[I 2026-04-09 21:44:33,742] Trial 6 finished with value: 0.975 and parameters: {'n_neighbors': 10, 'leaf_size': 22, 'p': 2}. Best is trial 0 with value: 0.975.
[I 2026-04-09 21:44:33,757] Trial 7 finished with value: 0.975 and parameters: {'n_neighbors': 8, 'leaf_size': 29, 'p': 2}. Best is trial 0 with value: 0.975.
[I 2026-04-09 21:44:33,770] Trial 8 finished with value: 0.975 and parameters: {'n_neighbors': 5, 'leaf_size': 30, 'p': 2}. Best is trial 0 with value: 0.975.
[I 2026-04-09 21:44:33,784] Trial 9 finished with value: 0.975 and parameters: {'n_neighbors': 9, 'leaf_size': 26, 'p': 1}. Best is trial 0 with value: 0.975.
[I 2026-04-09 21:44:33,818] Trial 10 finished with value: 0.975 and parameters: {'n_neighbors': 4, 'leaf_size': 38, 'p': 1}. Best is trial 0 with value: 0.975.
[I 2026-04-09 21:44:33,841] Trial 11 finished with value: 0.95 and parameters: {'n_neighbors': 3, 'leaf_size': 35, 'p': 1}. Best is trial 0 with value: 0.975.
[I 2026-04-09 21:44:33,863] Trial 12 finished with value: 0.975 and parameters: {'n_neighbors': 10, 'leaf_size': 34, 'p': 1}. Best is trial 0 with value: 0.975.
[I 2026-04-09 21:44:33,896] Trial 13 finished with value: 0.975 and parameters: {'n_neighbors': 8, 'leaf_size': 33, 'p': 1}. Best is trial 0 with value: 0.975.
[I 2026-04-09 21:44:33,915] Trial 14 finished with value: 0.975 and parameters: {'n_neighbors': 3, 'leaf_size': 36, 'p': 2}. Best is trial 0 with value: 0.975.
[I 2026-04-09 21:44:33,935] Trial 15 finished with value: 0.975 and parameters: {'n_neighbors': 7, 'leaf_size': 25, 'p': 1}. Best is trial 0 with value: 0.975.
[I 2026-04-09 21:44:33,954] Trial 16 finished with value: 0.975 and parameters: {'n_neighbors': 6, 'leaf_size': 32, 'p': 1}. Best is trial 0 with value: 0.975.
[I 2026-04-09 21:44:33,975] Trial 17 finished with value: 0.975 and parameters: {'n_neighbors': 9, 'leaf_size': 40, 'p': 2}. Best is trial 0 with value: 0.975.
[I 2026-04-09 21:44:33,996] Trial 18 finished with value: 0.975 and parameters: {'n_neighbors': 8, 'leaf_size': 36, 'p': 1}. Best is trial 0 with value: 0.975.
[I 2026-04-09 21:44:34,015] Trial 19 finished with value: 0.975 and parameters: {'n_neighbors': 5, 'leaf_size': 27, 'p': 2}. Best is trial 0 with value: 0.975.
[I 2026-04-09 21:44:34,035] Trial 20 finished with value: 0.975 and parameters: {'n_neighbors': 9, 'leaf_size': 32, 'p': 2}. Best is trial 0 with value: 0.975.
[I 2026-04-09 21:44:34,055] Trial 21 finished with value: 0.975 and parameters: {'n_neighbors': 4, 'leaf_size': 31, 'p': 2}. Best is trial 0 with value: 0.975.
[I 2026-04-09 21:44:34,078] Trial 22 finished with value: 0.975 and parameters: {'n_neighbors': 5, 'leaf_size': 28, 'p': 2}. Best is trial 0 with value: 0.975.
[I 2026-04-09 21:44:34,098] Trial 23 finished with value: 0.975 and parameters: {'n_neighbors': 3, 'leaf_size': 23, 'p': 2}. Best is trial 0 with value: 0.975.
[I 2026-04-09 21:44:34,118] Trial 24 finished with value: 0.975 and parameters: {'n_neighbors': 4, 'leaf_size': 37, 'p': 2}. Best is trial 0 with value: 0.975.
[I 2026-04-09 21:44:34,138] Trial 25 finished with value: 0.975 and parameters: {'n_neighbors': 6, 'leaf_size': 34, 'p': 2}. Best is trial 0 with value: 0.975.
[I 2026-04-09 21:44:34,175] Trial 26 finished with value: 0.95 and parameters: {'n_neighbors': 5, 'leaf_size': 24, 'p': 1}. Best is trial 0 with value: 0.975.
[I 2026-04-09 21:44:34,197] Trial 27 finished with value: 0.975 and parameters: {'n_neighbors': 7, 'leaf_size': 31, 'p': 2}. Best is trial 0 with value: 0.975.
[I 2026-04-09 21:44:34,218] Trial 28 finished with value: 0.95 and parameters: {'n_neighbors': 3, 'leaf_size': 28, 'p': 1}. Best is trial 0 with value: 0.975.
[I 2026-04-09 21:44:34,261] Trial 29 finished with value: 0.975 and parameters: {'n_neighbors': 6, 'leaf_size': 33, 'p': 2}. Best is trial 0 with value: 0.975.
[I 2026-04-09 21:44:35,644] A new study created in memory with name: xgb
[I 2026-04-09 21:44:35,680] Trial 0 finished with value: 0.975 and parameters: {'n_estimators': 40, 'max_depth': 20, 'gamma': 0.5510084172939441, 'subsample': 0.5360255666798808, 'colsample_bytree': 0.6342194900509356}. Best is trial 0 with value: 0.975.
