[I 2026-04-09 19:35:46,653] Trial 24 finished with value: 0.9 and parameters: {'hidden_layer_sizes': (100,), 'max_iter': 100, 'alpha': 0.0001}. Best is trial 5 with value: 0.95.
[I 2026-04-09 19:35:46,707] Trial 25 finished with value: 0.95 and parameters: {'hidden_layer_sizes': (200,), 'max_iter': 100, 'alpha': 0.0001}. Best is trial 5 with value: 0.95.
[I 2026-04-09 19:35:46,752] Trial 26 finished with value: 0.85 and parameters: {'hidden_layer_sizes': (200,), 'max_iter': 50, 'alpha': 0.001}. Best is trial 5 with value: 0.95.
[I 2026-04-09 19:35:46,802] Trial 27 finished with value: 0.9 and parameters: {'hidden_layer_sizes': (200,), 'max_iter': 100, 'alpha': 0.0001}. Best is trial 5 with value: 0.95.
[I 2026-04-09 19:35:46,862] Trial 28 finished with value: 0.95 and parameters: {'hidden_layer_sizes': (200,), 'max_iter': 100, 'alpha': 0.0001}. Best is trial 5 with value: 0.95.
[I 2026-04-09 19:35:46,918] Trial 29 finished with value: 0.95 and parameters: {'hidden_layer_sizes': (200,), 'max_iter': 100, 'alpha': 0.0001}. Best is trial 5 with value: 0.95.
[I 2026-04-09 19:35:53,644] A new study created in memory with name: naive_bayes
[I 2026-04-09 19:35:53,662] Trial 0 finished with value: 0.85 and parameters: {'var_smoothing': 6.10548688762798e-09}. Best is trial 0 with value: 0.85.
[I 2026-04-09 19:35:53,674] Trial 1 finished with value: 0.85 and parameters: {'var_smoothing': 4.6127467400935034e-10}. Best is trial 0 with value: 0.85.
[I 2026-04-09 19:35:53,686] Trial 2 finished with value: 0.85 and parameters: {'var_smoothing': 4.389936579400967e-09}. Best is trial 0 with value: 0.85.
[I 2026-04-09 19:35:53,698] Trial 3 finished with value: 0.85 and parameters: {'var_smoothing': 1.2116948204672054e-10}. Best is trial 0 with value: 0.85.
[I 2026-04-09 19:35:53,711] Trial 4 finished with value: 0.85 and parameters: {'var_smoothing': 1.6417739478477417e-10}. Best is trial 0 with value: 0.85.
[I 2026-04-09 19:35:53,723] Trial 5 finished with value: 0.85 and parameters: {'var_smoothing': 1.5491880147236797e-09}. Best is trial 0 with value: 0.85.
[I 2026-04-09 19:35:53,736] Trial 6 finished with value: 0.85 and parameters: {'var_smoothing': 1.1471883405287265e-09}. Best is trial 0 with value: 0.85.
[I 2026-04-09 19:35:53,759] Trial 7 finished with value: 0.85 and parameters: {'var_smoothing': 6.88041853492358e-10}. Best is trial 0 with value: 0.85.
[I 2026-04-09 19:35:53,773] Trial 8 finished with value: 0.85 and parameters: {'var_smoothing': 4.686144741221158e-10}. Best is trial 0 with value: 0.85.
[I 2026-04-09 19:35:53,786] Trial 9 finished with value: 0.85 and parameters: {'var_smoothing': 1.7580809350683337e-09}. Best is trial 0 with value: 0.85.
[I 2026-04-09 19:35:53,802] Trial 10 finished with value: 0.8 and parameters: {'var_smoothing': 9.83902635509218e-09}. Best is trial 0 with value: 0.85.
[I 2026-04-09 19:35:53,816] Trial 11 finished with value: 0.85 and parameters: {'var_smoothing': 2.660399871603373e-10}. Best is trial 0 with value: 0.85.
[I 2026-04-09 19:35:53,831] Trial 12 finished with value: 0.8 and parameters: {'var_smoothing': 9.276268851540963e-09}. Best is trial 0 with value: 0.85.
[I 2026-04-09 19:35:53,847] Trial 13 finished with value: 0.85 and parameters: {'var_smoothing': 2.9844010685221692e-09}. Best is trial 0 with value: 0.85.
[I 2026-04-09 19:35:53,877] Trial 14 finished with value: 0.85 and parameters: {'var_smoothing': 3.8923309717334116e-10}. Best is trial 0 with value: 0.85.
[I 2026-04-09 19:35:53,898] Trial 15 finished with value: 0.85 and parameters: {'var_smoothing': 3.85461066627204e-09}. Best is trial 0 with value: 0.85.
[I 2026-04-09 19:35:53,918] Trial 16 finished with value: 0.85 and parameters: {'var_smoothing': 7.120907275009211e-10}. Best is trial 0 with value: 0.85.
[I 2026-04-09 19:35:53,945] Trial 17 finished with value: 0.85 and parameters: {'var_smoothing': 2.412486610614855e-10}. Best is trial 0 with value: 0.85.
[I 2026-04-09 19:35:53,971] Trial 18 finished with value: 0.85 and parameters: {'var_smoothing': 2.3580860166954074e-09}. Best is trial 0 with value: 0.85.
[I 2026-04-09 19:35:53,987] Trial 19 finished with value: 0.85 and parameters: {'var_smoothing': 5.846846875339535e-09}. Best is trial 0 with value: 0.85.
[I 2026-04-09 19:35:54,004] Trial 20 finished with value: 0.85 and parameters: {'var_smoothing': 1.0486521320383776e-09}. Best is trial 0 with value: 0.85.
[I 2026-04-09 19:35:54,021] Trial 21 finished with value: 0.85 and parameters: {'var_smoothing': 4.9491450263339475e-09}. Best is trial 0 with value: 0.85.
[I 2026-04-09 19:35:54,037] Trial 22 finished with value: 0.85 and parameters: {'var_smoothing': 6.667992141406306e-09}. Best is trial 0 with value: 0.85.
[I 2026-04-09 19:35:54,054] Trial 23 finished with value: 0.85 and parameters: {'var_smoothing': 3.2795712712135213e-09}. Best is trial 0 with value: 0.85.
[I 2026-04-09 19:35:54,075] Trial 24 finished with value: 0.85 and parameters: {'var_smoothing': 6.403538416287158e-10}. Best is trial 0 with value: 0.85.
[I 2026-04-09 19:35:54,093] Trial 25 finished with value: 0.85 and parameters: {'var_smoothing': 2.1589819023851477e-09}. Best is trial 0 with value: 0.85.
[I 2026-04-09 19:35:54,120] Trial 26 finished with value: 0.85 and parameters: {'var_smoothing': 3.912617821024548e-09}. Best is trial 0 with value: 0.85.
[I 2026-04-09 19:35:54,148] Trial 27 finished with value: 0.85 and parameters: {'var_smoothing': 7.162139101012446e-09}. Best is trial 0 with value: 0.85.
[I 2026-04-09 19:35:54,168] Trial 28 finished with value: 0.85 and parameters: {'var_smoothing': 1.3883316815746274e-09}. Best is trial 0 with value: 0.85.
[I 2026-04-09 19:35:54,186] Trial 29 finished with value: 0.85 and parameters: {'var_smoothing': 4.1751754503046387e-10}. Best is trial 0 with value: 0.85.
[I 2026-04-09 19:35:55,297] A new study created in memory with name: logreg
[I 2026-04-09 19:35:55,330] Trial 0 finished with value: 0.75 and parameters: {'C': 29.127335430981816, 'penalty': 'l2'}. Best is trial 0 with value: 0.75.
[I 2026-04-09 19:35:55,353] Trial 1 finished with value: 0.5 and parameters: {'C': 0.045698192893558344, 'penalty': 'l2'}. Best is trial 0 with value: 0.75.
[I 2026-04-09 19:35:55,388] Trial 2 finished with value: 0.65 and parameters: {'C': 12.768668597712947, 'penalty': 'l2'}. Best is trial 0 with value: 0.75.
[I 2026-04-09 19:35:55,414] Trial 3 finished with value: 0.4 and parameters: {'C': 0.0016161554408462638, 'penalty': 'l2'}. Best is trial 0 with value: 0.75.
[I 2026-04-09 19:35:55,428] Trial 4 finished with value: 0.4 and parameters: {'C': 0.0034536903703241734, 'penalty': 'l2'}. Best is trial 0 with value: 0.75.
[I 2026-04-09 19:35:55,451] Trial 5 finished with value: 0.7 and parameters: {'C': 0.9446269266990148, 'penalty': 'l2'}. Best is trial 0 with value: 0.75.
[I 2026-04-09 19:35:55,476] Trial 6 finished with value: 0.6 and parameters: {'C': 0.4457453393648168, 'penalty': 'l2'}. Best is trial 0 with value: 0.75.
[I 2026-04-09 19:35:55,492] Trial 7 finished with value: 0.5 and parameters: {'C': 0.12417585037258261, 'penalty': 'l2'}. Best is trial 0 with value: 0.75.
[I 2026-04-09 19:35:55,515] Trial 8 finished with value: 0.5 and parameters: {'C': 0.04753781830244093, 'penalty': 'l2'}. Best is trial 0 with value: 0.75.
[I 2026-04-09 19:35:55,539] Trial 9 finished with value: 0.7 and parameters: {'C': 1.2959766028194148, 'penalty': 'l2'}. Best is trial 0 with value: 0.75.
[I 2026-04-09 19:35:55,578] Trial 10 finished with value: 0.7 and parameters: {'C': 96.02411422716075, 'penalty': 'l2'}. Best is trial 0 with value: 0.75.
[I 2026-04-09 19:35:55,605] Trial 11 finished with value: 0.7 and parameters: {'C': 3.2883107534732585, 'penalty': 'l2'}. Best is trial 0 with value: 0.75.
[I 2026-04-09 19:35:55,641] Trial 12 finished with value: 0.7 and parameters: {'C': 85.5080171220481, 'penalty': 'l2'}. Best is trial 0 with value: 0.75.
[I 2026-04-09 19:35:55,679] Trial 13 finished with value: 0.75 and parameters: {'C': 15.876762626429434, 'penalty': 'l2'}. Best is trial 0 with value: 0.75.
[I 2026-04-09 19:35:55,720] Trial 14 finished with value: 0.75 and parameters: {'C': 16.680466148605415, 'penalty': 'l2'}. Best is trial 0 with value: 0.75.
[I 2026-04-09 19:35:55,749] Trial 15 finished with value: 0.65 and parameters: {'C': 9.224679733476327, 'penalty': 'l2'}. Best is trial 0 with value: 0.75.
[I 2026-04-09 19:35:55,778] Trial 16 finished with value: 0.75 and parameters: {'C': 39.26576171741553, 'penalty': 'l2'}. Best is trial 0 with value: 0.75.
[I 2026-04-09 19:35:55,809] Trial 17 finished with value: 0.65 and parameters: {'C': 4.4373732573995435, 'penalty': 'l2'}. Best is trial 0 with value: 0.75.
[I 2026-04-09 19:35:55,851] Trial 18 finished with value: 0.75 and parameters: {'C': 27.82667547558054, 'penalty': 'l2'}. Best is trial 0 with value: 0.75.
[I 2026-04-09 19:35:55,883] Trial 19 finished with value: 0.7 and parameters: {'C': 3.4848224841762354, 'penalty': 'l2'}. Best is trial 0 with value: 0.75.
[I 2026-04-09 19:35:55,903] Trial 20 finished with value: 0.45 and parameters: {'C': 0.01331022211241145, 'penalty': 'l2'}. Best is trial 0 with value: 0.75.
[I 2026-04-09 19:35:55,931] Trial 21 finished with value: 0.75 and parameters: {'C': 18.9113624323461, 'penalty': 'l2'}. Best is trial 0 with value: 0.75.
[I 2026-04-09 19:35:55,963] Trial 22 finished with value: 0.65 and parameters: {'C': 7.168088818476638, 'penalty': 'l2'}. Best is trial 0 with value: 0.75.
[I 2026-04-09 19:35:55,992] Trial 23 finished with value: 0.75 and parameters: {'C': 32.4940386532973, 'penalty': 'l2'}. Best is trial 0 with value: 0.75.
[I 2026-04-09 19:35:56,020] Trial 24 finished with value: 0.7 and parameters: {'C': 1.1598737783595736, 'penalty': 'l2'}. Best is trial 0 with value: 0.75.
[I 2026-04-09 19:35:56,050] Trial 25 finished with value: 0.75 and parameters: {'C': 52.061116702978254, 'penalty': 'l2'}. Best is trial 0 with value: 0.75.
[I 2026-04-09 19:35:56,067] Trial 26 finished with value: 0.7 and parameters: {'C': 2.243236532320601, 'penalty': 'l2'}. Best is trial 0 with value: 0.75.
[I 2026-04-09 19:35:56,089] Trial 27 finished with value: 0.6 and parameters: {'C': 0.3579259276997438, 'penalty': 'l2'}. Best is trial 0 with value: 0.75.
[I 2026-04-09 19:35:56,120] Trial 28 finished with value: 0.65 and parameters: {'C': 12.03995835411735, 'penalty': 'l2'}. Best is trial 0 with value: 0.75.
[I 2026-04-09 19:35:56,141] Trial 29 finished with value: 0.6 and parameters: {'C': 0.15143178881519073, 'penalty': 'l2'}. Best is trial 0 with value: 0.75.
[I 2026-04-09 19:35:57,041] A new study created in memory with name: knn
[I 2026-04-09 19:35:57,067] Trial 0 finished with value: 0.6 and parameters: {'n_neighbors': 10, 'leaf_size': 26, 'p': 1}. Best is trial 0 with value: 0.6.
[I 2026-04-09 19:35:57,082] Trial 1 finished with value: 0.7 and parameters: {'n_neighbors': 3, 'leaf_size': 32, 'p': 1}. Best is trial 1 with value: 0.7.
[I 2026-04-09 19:35:57,097] Trial 2 finished with value: 0.65 and parameters: {'n_neighbors': 5, 'leaf_size': 33, 'p': 2}. Best is trial 1 with value: 0.7.
[I 2026-04-09 19:35:57,113] Trial 3 finished with value: 0.6 and parameters: {'n_neighbors': 7, 'leaf_size': 32, 'p': 2}. Best is trial 1 with value: 0.7.
[I 2026-04-09 19:35:57,127] Trial 4 finished with value: 0.5 and parameters: {'n_neighbors': 9, 'leaf_size': 28, 'p': 1}. Best is trial 1 with value: 0.7.
[I 2026-04-09 19:35:57,152] Trial 5 finished with value: 0.7 and parameters: {'n_neighbors': 3, 'leaf_size': 35, 'p': 1}. Best is trial 1 with value: 0.7.
[I 2026-04-09 19:35:57,168] Trial 6 finished with value: 0.65 and parameters: {'n_neighbors': 8, 'leaf_size': 31, 'p': 2}. Best is trial 1 with value: 0.7.
[I 2026-04-09 19:35:57,181] Trial 7 finished with value: 0.6 and parameters: {'n_neighbors': 6, 'leaf_size': 24, 'p': 2}. Best is trial 1 with value: 0.7.
[I 2026-04-09 19:35:57,205] Trial 8 finished with value: 0.65 and parameters: {'n_neighbors': 5, 'leaf_size': 34, 'p': 2}. Best is trial 1 with value: 0.7.
[I 2026-04-09 19:35:57,229] Trial 9 finished with value: 0.6 and parameters: {'n_neighbors': 10, 'leaf_size': 27, 'p': 2}. Best is trial 1 with value: 0.7.
[I 2026-04-09 19:35:57,270] Trial 10 finished with value: 0.7 and parameters: {'n_neighbors': 3, 'leaf_size': 40, 'p': 1}. Best is trial 1 with value: 0.7.
[I 2026-04-09 19:35:57,299] Trial 11 finished with value: 0.7 and parameters: {'n_neighbors': 3, 'leaf_size': 38, 'p': 1}. Best is trial 1 with value: 0.7.
[I 2026-04-09 19:35:57,324] Trial 12 finished with value: 0.7 and parameters: {'n_neighbors': 4, 'leaf_size': 36, 'p': 1}. Best is trial 1 with value: 0.7.
[I 2026-04-09 19:35:57,366] Trial 13 finished with value: 0.7 and parameters: {'n_neighbors': 3, 'leaf_size': 20, 'p': 1}. Best is trial 1 with value: 0.7.
[I 2026-04-09 19:35:57,389] Trial 14 finished with value: 0.7 and parameters: {'n_neighbors': 4, 'leaf_size': 36, 'p': 1}. Best is trial 1 with value: 0.7.
[I 2026-04-09 19:35:57,409] Trial 15 finished with value: 0.7 and parameters: {'n_neighbors': 5, 'leaf_size': 29, 'p': 1}. Best is trial 1 with value: 0.7.
[I 2026-04-09 19:35:57,429] Trial 16 finished with value: 0.7 and parameters: {'n_neighbors': 4, 'leaf_size': 35, 'p': 1}. Best is trial 1 with value: 0.7.
[I 2026-04-09 19:35:57,449] Trial 17 finished with value: 0.7 and parameters: {'n_neighbors': 6, 'leaf_size': 40, 'p': 1}. Best is trial 1 with value: 0.7.
[I 2026-04-09 19:35:57,482] Trial 18 finished with value: 0.65 and parameters: {'n_neighbors': 7, 'leaf_size': 30, 'p': 1}. Best is trial 1 with value: 0.7.
[I 2026-04-09 19:35:57,506] Trial 19 finished with value: 0.7 and parameters: {'n_neighbors': 3, 'leaf_size': 38, 'p': 1}. Best is trial 1 with value: 0.7.
[I 2026-04-09 19:35:57,536] Trial 20 finished with value: 0.7 and parameters: {'n_neighbors': 4, 'leaf_size': 23, 'p': 1}. Best is trial 1 with value: 0.7.
[I 2026-04-09 19:35:57,559] Trial 21 finished with value: 0.7 and parameters: {'n_neighbors': 3, 'leaf_size': 40, 'p': 1}. Best is trial 1 with value: 0.7.
[I 2026-04-09 19:35:57,580] Trial 22 finished with value: 0.7 and parameters: {'n_neighbors': 3, 'leaf_size': 38, 'p': 1}. Best is trial 1 with value: 0.7.
[I 2026-04-09 19:35:57,604] Trial 23 finished with value: 0.7 and parameters: {'n_neighbors': 4, 'leaf_size': 33, 'p': 1}. Best is trial 1 with value: 0.7.
[I 2026-04-09 19:35:57,630] Trial 24 finished with value: 0.7 and parameters: {'n_neighbors': 5, 'leaf_size': 37, 'p': 1}. Best is trial 1 with value: 0.7.
[I 2026-04-09 19:35:57,654] Trial 25 finished with value: 0.7 and parameters: {'n_neighbors': 3, 'leaf_size': 40, 'p': 1}. Best is trial 1 with value: 0.7.
[I 2026-04-09 19:35:57,687] Trial 26 finished with value: 0.7 and parameters: {'n_neighbors': 4, 'leaf_size': 34, 'p': 1}. Best is trial 1 with value: 0.7.
[I 2026-04-09 19:35:57,716] Trial 27 finished with value: 0.7 and parameters: {'n_neighbors': 3, 'leaf_size': 31, 'p': 1}. Best is trial 1 with value: 0.7.
[I 2026-04-09 19:35:57,742] Trial 28 finished with value: 0.7 and parameters: {'n_neighbors': 6, 'leaf_size': 35, 'p': 1}. Best is trial 1 with value: 0.7.
[I 2026-04-09 19:35:57,780] Trial 29 finished with value: 0.7 and parameters: {'n_neighbors': 5, 'leaf_size': 25, 'p': 1}. Best is trial 1 with value: 0.7.
[I 2026-04-09 19:35:58,452] A new study created in memory with name: xgb
[I 2026-04-09 19:35:58,467] Trial 0 finished with value: 0.8 and parameters: {'n_estimators': 10, 'max_depth': 30, 'gamma': 0.5768356259735394, 'subsample': 0.7094037142783272, 'colsample_bytree': 0.6677039246366646}. Best is trial 0 with value: 0.8.
[I 2026-04-09 19:35:58,491] Trial 1 finished with value: 0.9 and parameters: {'n_estimators': 100, 'max_depth': 30, 'gamma': 0.9912018442360747, 'subsample': 0.9099290984609207, 'colsample_bytree': 0.7066004674080903}. Best is trial 1 with value: 0.9.
[I 2026-04-09 19:35:58,518] Trial 2 finished with value: 0.85 and parameters: {'n_estimators': 10, 'max_depth': 20, 'gamma': 0.7382185757030506, 'subsample': 0.7704684271512641, 'colsample_bytree': 0.5624120871903049}. Best is trial 1 with value: 0.9.
[I 2026-04-09 19:35:58,546] Trial 3 finished with value: 0.9 and parameters: {'n_estimators': 10, 'max_depth': 20, 'gamma': 0.7041784887453524, 'subsample': 0.7995029565695583, 'colsample_bytree': 0.8586660727777565}. Best is trial 1 with value: 0.9.
[I 2026-04-09 19:35:58,571] Trial 4 finished with value: 0.9 and parameters: {'n_estimators': 10, 'max_depth': 20, 'gamma': 0.46549701645255037, 'subsample': 0.9946899241400011, 'colsample_bytree': 0.725249640372583}. Best is trial 1 with value: 0.9.
[I 2026-04-09 19:35:58,596] Trial 5 finished with value: 0.85 and parameters: {'n_estimators': 40, 'max_depth': 20, 'gamma': 0.3554734452019276, 'subsample': 0.5947710951851903, 'colsample_bytree': 0.7356254823676576}. Best is trial 1 with value: 0.9.
[I 2026-04-09 19:35:58,622] Trial 6 finished with value: 0.9 and parameters: {'n_estimators': 40, 'max_depth': 20, 'gamma': 0.8967376717636345, 'subsample': 0.988276510203839, 'colsample_bytree': 0.9184542964535913}. Best is trial 1 with value: 0.9.
[I 2026-04-09 19:35:58,649] Trial 7 finished with value: 0.85 and parameters: {'n_estimators': 40, 'max_depth': 30, 'gamma': 0.7149068474388774, 'subsample': 0.5696358027454862, 'colsample_bytree': 0.8514125286992056}. Best is trial 1 with value: 0.9.
[I 2026-04-09 19:35:58,677] Trial 8 finished with value: 0.9 and parameters: {'n_estimators': 100, 'max_depth': 30, 'gamma': 0.2471398756881566, 'subsample': 0.8241126205332553, 'colsample_bytree': 0.6258070715852391}. Best is trial 1 with value: 0.9.
[I 2026-04-09 19:35:58,702] Trial 9 finished with value: 0.9 and parameters: {'n_estimators': 40, 'max_depth': 30, 'gamma': 0.8599846034069103, 'subsample': 0.8019332783535529, 'colsample_bytree': 0.7936068454878676}. Best is trial 1 with value: 0.9.
[I 2026-04-09 19:35:58,735] Trial 10 finished with value: 0.9 and parameters: {'n_estimators': 100, 'max_depth': 5, 'gamma': 0.985518481083803, 'subsample': 0.8995678910481815, 'colsample_bytree': 0.5289314784806454}. Best is trial 1 with value: 0.9.
[I 2026-04-09 19:35:58,772] Trial 11 finished with value: 0.85 and parameters: {'n_estimators': 100, 'max_depth': 5, 'gamma': 0.6541073301265188, 'subsample': 0.8920930480425775, 'colsample_bytree': 0.9417304300325259}. Best is trial 1 with value: 0.9.
[I 2026-04-09 19:35:58,821] Trial 12 finished with value: 0.9 and parameters: {'n_estimators': 100, 'max_depth': 30, 'gamma': 0.11747018931448144, 'subsample': 0.6887411303961014, 'colsample_bytree': 0.8098443365698906}. Best is trial 1 with value: 0.9.
[I 2026-04-09 19:35:58,869] Trial 13 finished with value: 0.85 and parameters: {'n_estimators': 10, 'max_depth': 20, 'gamma': 0.8412538347414713, 'subsample': 0.8925611734832668, 'colsample_bytree': 0.9871680623974519}. Best is trial 1 with value: 0.9.
[I 2026-04-09 19:35:58,904] Trial 14 finished with value: 0.9 and parameters: {'n_estimators': 100, 'max_depth': 5, 'gamma': 0.9659112342705818, 'subsample': 0.8461254169696438, 'colsample_bytree': 0.8668628705554593}. Best is trial 1 with value: 0.9.
[I 2026-04-09 19:35:58,940] Trial 15 finished with value: 0.8 and parameters: {'n_estimators': 10, 'max_depth': 30, 'gamma': 0.47255805958028635, 'subsample': 0.6465083094649902, 'colsample_bytree': 0.6694632982744902}. Best is trial 1 with value: 0.9.
[I 2026-04-09 19:35:58,975] Trial 16 finished with value: 0.85 and parameters: {'n_estimators': 10, 'max_depth': 20, 'gamma': 0.7461853787905023, 'subsample': 0.9368087475156379, 'colsample_bytree': 0.7934666123110111}. Best is trial 1 with value: 0.9.
[I 2026-04-09 19:35:59,020] Trial 17 finished with value: 0.85 and parameters: {'n_estimators': 100, 'max_depth': 30, 'gamma': 0.5818209581005225, 'subsample': 0.5053007952589881, 'colsample_bytree': 0.6059836019469489}. Best is trial 1 with value: 0.9.
[I 2026-04-09 19:35:59,070] Trial 18 finished with value: 0.85 and parameters: {'n_estimators': 100, 'max_depth': 20, 'gamma': 0.8102317850451917, 'subsample': 0.75564025339754, 'colsample_bytree': 0.7022619691485179}. Best is trial 1 with value: 0.9.
[I 2026-04-09 19:35:59,101] Trial 19 finished with value: 0.9 and parameters: {'n_estimators': 10, 'max_depth': 5, 'gamma': 0.6459743075644228, 'subsample': 0.843120324979256, 'colsample_bytree': 0.875058619134271}. Best is trial 1 with value: 0.9.
[I 2026-04-09 19:35:59,135] Trial 20 finished with value: 0.8 and parameters: {'n_estimators': 100, 'max_depth': 20, 'gamma': 0.9294714567167406, 'subsample': 0.7010061433783861, 'colsample_bytree': 0.7629512091408188}. Best is trial 1 with value: 0.9.
[I 2026-04-09 19:35:59,168] Trial 21 finished with value: 0.9 and parameters: {'n_estimators': 10, 'max_depth': 20, 'gamma': 0.46673765673281126, 'subsample': 0.9951968533918449, 'colsample_bytree': 0.7305051622596759}. Best is trial 1 with value: 0.9.
[I 2026-04-09 19:35:59,194] Trial 22 finished with value: 0.9 and parameters: {'n_estimators': 10, 'max_depth': 20, 'gamma': 0.43885902902454527, 'subsample': 0.9445915273882318, 'colsample_bytree': 0.680041952369651}. Best is trial 1 with value: 0.9.
[I 2026-04-09 19:35:59,219] Trial 23 finished with value: 0.85 and parameters: {'n_estimators': 10, 'max_depth': 20, 'gamma': 0.34433142874156997, 'subsample': 0.9424979222170546, 'colsample_bytree': 0.8303094747068667}. Best is trial 1 with value: 0.9.
[I 2026-04-09 19:35:59,245] Trial 24 finished with value: 0.85 and parameters: {'n_estimators': 10, 'max_depth': 20, 'gamma': 0.5115407560411797, 'subsample': 0.8725028557623793, 'colsample_bytree': 0.7704000916515646}. Best is trial 1 with value: 0.9.
[I 2026-04-09 19:35:59,283] Trial 25 finished with value: 0.9 and parameters: {'n_estimators': 10, 'max_depth': 30, 'gamma': 0.40207611210678407, 'subsample': 0.9769570191214575, 'colsample_bytree': 0.6333480467207808}. Best is trial 1 with value: 0.9.
