[I 2026-04-09 21:26:56,243] Trial 29 finished with value: 0.95 and parameters: {'var_smoothing': 2.7965081549281193e-09}. Best is trial 0 with value: 0.95.
[I 2026-04-09 21:26:57,401] A new study created in memory with name: logreg
[I 2026-04-09 21:26:57,426] Trial 0 finished with value: 0.875 and parameters: {'C': 29.127335430981816, 'penalty': 'l2'}. Best is trial 0 with value: 0.875.
[I 2026-04-09 21:26:57,449] Trial 1 finished with value: 0.875 and parameters: {'C': 0.045698192893558344, 'penalty': 'l2'}. Best is trial 0 with value: 0.875.
[I 2026-04-09 21:26:57,482] Trial 2 finished with value: 0.9 and parameters: {'C': 12.768668597712947, 'penalty': 'l2'}. Best is trial 2 with value: 0.9.
[I 2026-04-09 21:26:57,504] Trial 3 finished with value: 0.9 and parameters: {'C': 0.0016161554408462638, 'penalty': 'l2'}. Best is trial 2 with value: 0.9.
[I 2026-04-09 21:26:57,527] Trial 4 finished with value: 0.9 and parameters: {'C': 0.0034536903703241734, 'penalty': 'l2'}. Best is trial 2 with value: 0.9.
[I 2026-04-09 21:26:57,551] Trial 5 finished with value: 0.9 and parameters: {'C': 0.9446269266990148, 'penalty': 'l2'}. Best is trial 2 with value: 0.9.
[I 2026-04-09 21:26:57,577] Trial 6 finished with value: 0.9 and parameters: {'C': 0.4457453393648168, 'penalty': 'l2'}. Best is trial 2 with value: 0.9.
[I 2026-04-09 21:26:57,601] Trial 7 finished with value: 0.9 and parameters: {'C': 0.12417585037258261, 'penalty': 'l2'}. Best is trial 2 with value: 0.9.
[I 2026-04-09 21:26:57,615] Trial 8 finished with value: 0.875 and parameters: {'C': 0.04753781830244093, 'penalty': 'l2'}. Best is trial 2 with value: 0.9.
[I 2026-04-09 21:26:57,641] Trial 9 finished with value: 0.9 and parameters: {'C': 1.2959766028194148, 'penalty': 'l2'}. Best is trial 2 with value: 0.9.
[I 2026-04-09 21:26:57,678] Trial 10 finished with value: 0.875 and parameters: {'C': 95.62628454748703, 'penalty': 'l2'}. Best is trial 2 with value: 0.9.
[I 2026-04-09 21:26:57,710] Trial 11 finished with value: 0.9 and parameters: {'C': 0.0014974182091943191, 'penalty': 'l2'}. Best is trial 2 with value: 0.9.
[I 2026-04-09 21:26:57,749] Trial 12 finished with value: 0.925 and parameters: {'C': 2.9663271767139108, 'penalty': 'l2'}. Best is trial 12 with value: 0.925.
[I 2026-04-09 21:26:57,781] Trial 13 finished with value: 0.9 and parameters: {'C': 4.910767119049432, 'penalty': 'l2'}. Best is trial 12 with value: 0.925.
[I 2026-04-09 21:26:57,821] Trial 14 finished with value: 0.9 and parameters: {'C': 11.44865156161544, 'penalty': 'l2'}. Best is trial 12 with value: 0.925.
[I 2026-04-09 21:26:57,848] Trial 15 finished with value: 0.925 and parameters: {'C': 3.7803952140635544, 'penalty': 'l2'}. Best is trial 12 with value: 0.925.
[I 2026-04-09 21:26:57,884] Trial 16 finished with value: 0.925 and parameters: {'C': 3.2537504163520357, 'penalty': 'l2'}. Best is trial 12 with value: 0.925.
[I 2026-04-09 21:26:57,910] Trial 17 finished with value: 0.9 and parameters: {'C': 2.0413817698391985, 'penalty': 'l2'}. Best is trial 12 with value: 0.925.
[I 2026-04-09 21:26:57,941] Trial 18 finished with value: 0.9 and parameters: {'C': 0.21400772977695579, 'penalty': 'l2'}. Best is trial 12 with value: 0.925.
[I 2026-04-09 21:26:57,981] Trial 19 finished with value: 0.9 and parameters: {'C': 26.139922781749494, 'penalty': 'l2'}. Best is trial 12 with value: 0.925.
[I 2026-04-09 21:26:58,012] Trial 20 finished with value: 0.875 and parameters: {'C': 0.019420408661632197, 'penalty': 'l2'}. Best is trial 12 with value: 0.925.
[I 2026-04-09 21:26:58,057] Trial 21 finished with value: 0.925 and parameters: {'C': 3.858909231708332, 'penalty': 'l2'}. Best is trial 12 with value: 0.925.
[I 2026-04-09 21:26:58,084] Trial 22 finished with value: 0.9 and parameters: {'C': 0.6888205285436597, 'penalty': 'l2'}. Best is trial 12 with value: 0.925.
[I 2026-04-09 21:26:58,109] Trial 23 finished with value: 0.925 and parameters: {'C': 3.375981367426819, 'penalty': 'l2'}. Best is trial 12 with value: 0.925.
[I 2026-04-09 21:26:58,134] Trial 24 finished with value: 0.9 and parameters: {'C': 7.78572029843171, 'penalty': 'l2'}. Best is trial 12 with value: 0.925.
[I 2026-04-09 21:26:58,174] Trial 25 finished with value: 0.875 and parameters: {'C': 36.6939700413651, 'penalty': 'l2'}. Best is trial 12 with value: 0.925.
[I 2026-04-09 21:26:58,229] Trial 26 finished with value: 0.925 and parameters: {'C': 2.742094122332126, 'penalty': 'l2'}. Best is trial 12 with value: 0.925.
[I 2026-04-09 21:26:58,261] Trial 27 finished with value: 0.9 and parameters: {'C': 0.27777936224300553, 'penalty': 'l2'}. Best is trial 12 with value: 0.925.
[I 2026-04-09 21:26:58,290] Trial 28 finished with value: 0.9 and parameters: {'C': 1.5849787277082803, 'penalty': 'l2'}. Best is trial 12 with value: 0.925.
[I 2026-04-09 21:26:58,327] Trial 29 finished with value: 0.9 and parameters: {'C': 24.123850230795615, 'penalty': 'l2'}. Best is trial 12 with value: 0.925.
[I 2026-04-09 21:26:59,346] A new study created in memory with name: knn
[I 2026-04-09 21:26:59,371] Trial 0 finished with value: 0.875 and parameters: {'n_neighbors': 10, 'leaf_size': 26, 'p': 1}. Best is trial 0 with value: 0.875.
[I 2026-04-09 21:26:59,386] Trial 1 finished with value: 0.875 and parameters: {'n_neighbors': 3, 'leaf_size': 32, 'p': 1}. Best is trial 0 with value: 0.875.
[I 2026-04-09 21:26:59,399] Trial 2 finished with value: 0.9 and parameters: {'n_neighbors': 5, 'leaf_size': 33, 'p': 2}. Best is trial 2 with value: 0.9.
[I 2026-04-09 21:26:59,414] Trial 3 finished with value: 0.875 and parameters: {'n_neighbors': 7, 'leaf_size': 32, 'p': 2}. Best is trial 2 with value: 0.9.
[I 2026-04-09 21:26:59,445] Trial 4 finished with value: 0.875 and parameters: {'n_neighbors': 9, 'leaf_size': 28, 'p': 1}. Best is trial 2 with value: 0.9.
[I 2026-04-09 21:26:59,461] Trial 5 finished with value: 0.875 and parameters: {'n_neighbors': 3, 'leaf_size': 35, 'p': 1}. Best is trial 2 with value: 0.9.
[I 2026-04-09 21:26:59,475] Trial 6 finished with value: 0.875 and parameters: {'n_neighbors': 8, 'leaf_size': 31, 'p': 2}. Best is trial 2 with value: 0.9.
[I 2026-04-09 21:26:59,489] Trial 7 finished with value: 0.9 and parameters: {'n_neighbors': 6, 'leaf_size': 24, 'p': 2}. Best is trial 2 with value: 0.9.
[I 2026-04-09 21:26:59,502] Trial 8 finished with value: 0.9 and parameters: {'n_neighbors': 5, 'leaf_size': 34, 'p': 2}. Best is trial 2 with value: 0.9.
[I 2026-04-09 21:26:59,530] Trial 9 finished with value: 0.85 and parameters: {'n_neighbors': 10, 'leaf_size': 27, 'p': 2}. Best is trial 2 with value: 0.9.
[I 2026-04-09 21:26:59,566] Trial 10 finished with value: 0.9 and parameters: {'n_neighbors': 5, 'leaf_size': 40, 'p': 2}. Best is trial 2 with value: 0.9.
[I 2026-04-09 21:26:59,613] Trial 11 finished with value: 0.9 and parameters: {'n_neighbors': 5, 'leaf_size': 20, 'p': 2}. Best is trial 2 with value: 0.9.
[I 2026-04-09 21:26:59,638] Trial 12 finished with value: 0.9 and parameters: {'n_neighbors': 6, 'leaf_size': 22, 'p': 2}. Best is trial 2 with value: 0.9.
[I 2026-04-09 21:26:59,677] Trial 13 finished with value: 0.875 and parameters: {'n_neighbors': 7, 'leaf_size': 24, 'p': 2}. Best is trial 2 with value: 0.9.
[I 2026-04-09 21:26:59,698] Trial 14 finished with value: 0.9 and parameters: {'n_neighbors': 4, 'leaf_size': 37, 'p': 2}. Best is trial 2 with value: 0.9.
[I 2026-04-09 21:26:59,717] Trial 15 finished with value: 0.9 and parameters: {'n_neighbors': 6, 'leaf_size': 24, 'p': 2}. Best is trial 2 with value: 0.9.
[I 2026-04-09 21:26:59,738] Trial 16 finished with value: 0.9 and parameters: {'n_neighbors': 4, 'leaf_size': 29, 'p': 2}. Best is trial 2 with value: 0.9.
[I 2026-04-09 21:26:59,760] Trial 17 finished with value: 0.875 and parameters: {'n_neighbors': 8, 'leaf_size': 38, 'p': 2}. Best is trial 2 with value: 0.9.
[I 2026-04-09 21:26:59,783] Trial 18 finished with value: 0.9 and parameters: {'n_neighbors': 4, 'leaf_size': 25, 'p': 1}. Best is trial 2 with value: 0.9.
[I 2026-04-09 21:26:59,819] Trial 19 finished with value: 0.9 and parameters: {'n_neighbors': 6, 'leaf_size': 20, 'p': 2}. Best is trial 2 with value: 0.9.
[I 2026-04-09 21:26:59,843] Trial 20 finished with value: 0.875 and parameters: {'n_neighbors': 8, 'leaf_size': 34, 'p': 2}. Best is trial 2 with value: 0.9.
[I 2026-04-09 21:26:59,868] Trial 21 finished with value: 0.9 and parameters: {'n_neighbors': 5, 'leaf_size': 34, 'p': 2}. Best is trial 2 with value: 0.9.
[I 2026-04-09 21:26:59,889] Trial 22 finished with value: 0.9 and parameters: {'n_neighbors': 5, 'leaf_size': 30, 'p': 2}. Best is trial 2 with value: 0.9.
[I 2026-04-09 21:26:59,909] Trial 23 finished with value: 0.9 and parameters: {'n_neighbors': 6, 'leaf_size': 36, 'p': 2}. Best is trial 2 with value: 0.9.
[I 2026-04-09 21:26:59,943] Trial 24 finished with value: 0.875 and parameters: {'n_neighbors': 7, 'leaf_size': 33, 'p': 2}. Best is trial 2 with value: 0.9.
[I 2026-04-09 21:26:59,968] Trial 25 finished with value: 0.9 and parameters: {'n_neighbors': 4, 'leaf_size': 39, 'p': 2}. Best is trial 2 with value: 0.9.
[I 2026-04-09 21:27:00,005] Trial 26 finished with value: 0.9 and parameters: {'n_neighbors': 5, 'leaf_size': 36, 'p': 1}. Best is trial 2 with value: 0.9.
[I 2026-04-09 21:27:00,028] Trial 27 finished with value: 0.9 and parameters: {'n_neighbors': 6, 'leaf_size': 30, 'p': 2}. Best is trial 2 with value: 0.9.
[I 2026-04-09 21:27:00,054] Trial 28 finished with value: 0.9 and parameters: {'n_neighbors': 4, 'leaf_size': 22, 'p': 2}. Best is trial 2 with value: 0.9.
[I 2026-04-09 21:27:00,082] Trial 29 finished with value: 0.9 and parameters: {'n_neighbors': 7, 'leaf_size': 26, 'p': 1}. Best is trial 2 with value: 0.9.
[I 2026-04-09 21:27:01,433] A new study created in memory with name: xgb
[I 2026-04-09 21:27:01,459] Trial 0 finished with value: 0.925 and parameters: {'n_estimators': 10, 'max_depth': 30, 'gamma': 0.5768356259735394, 'subsample': 0.7094037142783272, 'colsample_bytree': 0.6677039246366646}. Best is trial 0 with value: 0.925.
[I 2026-04-09 21:27:01,499] Trial 1 finished with value: 0.925 and parameters: {'n_estimators': 100, 'max_depth': 30, 'gamma': 0.9912018442360747, 'subsample': 0.9099290984609207, 'colsample_bytree': 0.7066004674080903}. Best is trial 0 with value: 0.925.
[I 2026-04-09 21:27:01,524] Trial 2 finished with value: 0.925 and parameters: {'n_estimators': 10, 'max_depth': 20, 'gamma': 0.7382185757030506, 'subsample': 0.7704684271512641, 'colsample_bytree': 0.5624120871903049}. Best is trial 0 with value: 0.925.
[I 2026-04-09 21:27:01,553] Trial 3 finished with value: 0.9 and parameters: {'n_estimators': 10, 'max_depth': 20, 'gamma': 0.7041784887453524, 'subsample': 0.7995029565695583, 'colsample_bytree': 0.8586660727777565}. Best is trial 0 with value: 0.925.
[I 2026-04-09 21:27:01,580] Trial 4 finished with value: 0.9 and parameters: {'n_estimators': 10, 'max_depth': 20, 'gamma': 0.46549701645255037, 'subsample': 0.9946899241400011, 'colsample_bytree': 0.725249640372583}. Best is trial 0 with value: 0.925.
[I 2026-04-09 21:27:01,611] Trial 5 finished with value: 0.925 and parameters: {'n_estimators': 40, 'max_depth': 20, 'gamma': 0.3554734452019276, 'subsample': 0.5947710951851903, 'colsample_bytree': 0.7356254823676576}. Best is trial 0 with value: 0.925.
[I 2026-04-09 21:27:01,639] Trial 6 finished with value: 0.9 and parameters: {'n_estimators': 40, 'max_depth': 20, 'gamma': 0.8967376717636345, 'subsample': 0.988276510203839, 'colsample_bytree': 0.9184542964535913}. Best is trial 0 with value: 0.925.
[I 2026-04-09 21:27:01,663] Trial 7 finished with value: 0.9 and parameters: {'n_estimators': 40, 'max_depth': 30, 'gamma': 0.7149068474388774, 'subsample': 0.5696358027454862, 'colsample_bytree': 0.8514125286992056}. Best is trial 0 with value: 0.925.
[I 2026-04-09 21:27:01,687] Trial 8 finished with value: 0.95 and parameters: {'n_estimators': 100, 'max_depth': 30, 'gamma': 0.2471398756881566, 'subsample': 0.8241126205332553, 'colsample_bytree': 0.6258070715852391}. Best is trial 8 with value: 0.95.
[I 2026-04-09 21:27:01,714] Trial 9 finished with value: 0.9 and parameters: {'n_estimators': 40, 'max_depth': 30, 'gamma': 0.8599846034069103, 'subsample': 0.8019332783535529, 'colsample_bytree': 0.7936068454878676}. Best is trial 8 with value: 0.95.
[I 2026-04-09 21:27:01,753] Trial 10 finished with value: 0.95 and parameters: {'n_estimators': 100, 'max_depth': 5, 'gamma': 0.11132541504315885, 'subsample': 0.6823309691011499, 'colsample_bytree': 0.5170496885398734}. Best is trial 8 with value: 0.95.
[I 2026-04-09 21:27:01,802] Trial 11 finished with value: 0.95 and parameters: {'n_estimators': 100, 'max_depth': 5, 'gamma': 0.10296071967335405, 'subsample': 0.6968689050111856, 'colsample_bytree': 0.5226633635185832}. Best is trial 8 with value: 0.95.
[I 2026-04-09 21:27:01,854] Trial 12 finished with value: 0.975 and parameters: {'n_estimators': 100, 'max_depth': 5, 'gamma': 0.11747018931448144, 'subsample': 0.6596333468942176, 'colsample_bytree': 0.6143254036394923}. Best is trial 12 with value: 0.975.
[I 2026-04-09 21:27:01,902] Trial 13 finished with value: 0.95 and parameters: {'n_estimators': 100, 'max_depth': 5, 'gamma': 0.29139281798258315, 'subsample': 0.8651778699088216, 'colsample_bytree': 0.6338820190461415}. Best is trial 12 with value: 0.975.
[I 2026-04-09 21:27:01,944] Trial 14 finished with value: 0.9 and parameters: {'n_estimators': 100, 'max_depth': 5, 'gamma': 0.2261273265183631, 'subsample': 0.5092555447804211, 'colsample_bytree': 0.5919887589713826}. Best is trial 12 with value: 0.975.
[I 2026-04-09 21:27:01,983] Trial 15 finished with value: 0.95 and parameters: {'n_estimators': 100, 'max_depth': 30, 'gamma': 0.21770107106333614, 'subsample': 0.6218783646178259, 'colsample_bytree': 0.6118935047513161}. Best is trial 12 with value: 0.975.
[I 2026-04-09 21:27:02,030] Trial 16 finished with value: 0.925 and parameters: {'n_estimators': 100, 'max_depth': 5, 'gamma': 0.41699606172158965, 'subsample': 0.8796642719056118, 'colsample_bytree': 0.6724515757510525}. Best is trial 12 with value: 0.975.
[I 2026-04-09 21:27:02,078] Trial 17 finished with value: 0.9 and parameters: {'n_estimators': 100, 'max_depth': 30, 'gamma': 0.2461673396449271, 'subsample': 0.6437004280407228, 'colsample_bytree': 0.9933840889987662}. Best is trial 12 with value: 0.975.
[I 2026-04-09 21:27:02,116] Trial 18 finished with value: 0.95 and parameters: {'n_estimators': 100, 'max_depth': 5, 'gamma': 0.5552524288825339, 'subsample': 0.751477940727773, 'colsample_bytree': 0.5656095210751391}. Best is trial 12 with value: 0.975.
[I 2026-04-09 21:27:02,155] Trial 19 finished with value: 0.925 and parameters: {'n_estimators': 100, 'max_depth': 30, 'gamma': 0.15573232357982153, 'subsample': 0.8354660259871151, 'colsample_bytree': 0.6438841931149197}. Best is trial 12 with value: 0.975.
[I 2026-04-09 21:27:02,190] Trial 20 finished with value: 0.925 and parameters: {'n_estimators': 100, 'max_depth': 5, 'gamma': 0.3275845788792501, 'subsample': 0.5407079081919244, 'colsample_bytree': 0.8068376863735853}. Best is trial 12 with value: 0.975.
[I 2026-04-09 21:27:02,233] Trial 21 finished with value: 0.95 and parameters: {'n_estimators': 100, 'max_depth': 5, 'gamma': 0.10884944353746728, 'subsample': 0.6803980081838062, 'colsample_bytree': 0.5078417427719026}. Best is trial 12 with value: 0.975.
[I 2026-04-09 21:27:02,270] Trial 22 finished with value: 0.95 and parameters: {'n_estimators': 100, 'max_depth': 5, 'gamma': 0.1849853079202434, 'subsample': 0.6671422449480845, 'colsample_bytree': 0.5459824048307111}. Best is trial 12 with value: 0.975.
[I 2026-04-09 21:27:02,305] Trial 23 finished with value: 0.975 and parameters: {'n_estimators': 100, 'max_depth': 5, 'gamma': 0.4013125175209943, 'subsample': 0.7308700970734718, 'colsample_bytree': 0.6064815238254383}. Best is trial 12 with value: 0.975.
[I 2026-04-09 21:27:02,353] Trial 24 finished with value: 0.95 and parameters: {'n_estimators': 100, 'max_depth': 5, 'gamma': 0.40756766172900544, 'subsample': 0.7276896815472975, 'colsample_bytree': 0.5939487718897642}. Best is trial 12 with value: 0.975.
[I 2026-04-09 21:27:02,392] Trial 25 finished with value: 0.9 and parameters: {'n_estimators': 100, 'max_depth': 5, 'gamma': 0.46656646073336466, 'subsample': 0.9428525649738705, 'colsample_bytree': 0.6897703671386248}. Best is trial 12 with value: 0.975.
[I 2026-04-09 21:27:02,434] Trial 26 finished with value: 0.9 and parameters: {'n_estimators': 100, 'max_depth': 30, 'gamma': 0.2928654468830165, 'subsample': 0.8038608959335938, 'colsample_bytree': 0.7760472520825623}. Best is trial 12 with value: 0.975.
[I 2026-04-09 21:27:02,467] Trial 27 finished with value: 0.95 and parameters: {'n_estimators': 100, 'max_depth': 5, 'gamma': 0.3869168594895476, 'subsample': 0.7574766017481617, 'colsample_bytree': 0.6034385407952094}. Best is trial 12 with value: 0.975.
[I 2026-04-09 21:27:02,502] Trial 28 finished with value: 0.975 and parameters: {'n_estimators': 10, 'max_depth': 5, 'gamma': 0.2757228494658267, 'subsample': 0.6271265551141386, 'colsample_bytree': 0.6397141318894364}. Best is trial 12 with value: 0.975.
[I 2026-04-09 21:27:02,538] Trial 29 finished with value: 0.975 and parameters: {'n_estimators': 10, 'max_depth': 5, 'gamma': 0.6260305527564273, 'subsample': 0.6260254380155355, 'colsample_bytree': 0.6564864008812613}. Best is trial 12 with value: 0.975.
[I 2026-04-09 21:27:03,508] A new study created in memory with name: rf
[I 2026-04-09 21:27:03,986] Trial 0 finished with value: 0.875 and parameters: {'n_estimators': 458, 'max_depth': 8, 'min_samples_split': 9, 'min_samples_leaf': 1}. Best is trial 0 with value: 0.875.
[I 2026-04-09 21:27:04,172] Trial 1 finished with value: 0.9 and parameters: {'n_estimators': 143, 'max_depth': 13, 'min_samples_split': 6, 'min_samples_leaf': 5}. Best is trial 1 with value: 0.9.
[I 2026-04-09 21:27:04,470] Trial 2 finished with value: 0.925 and parameters: {'n_estimators': 234, 'max_depth': 14, 'min_samples_split': 5, 'min_samples_leaf': 8}. Best is trial 2 with value: 0.925.
[I 2026-04-09 21:27:04,819] Trial 3 finished with value: 0.9 and parameters: {'n_estimators': 307, 'max_depth': 13, 'min_samples_split': 7, 'min_samples_leaf': 10}. Best is trial 2 with value: 0.925.
[I 2026-04-09 21:27:05,389] Trial 4 finished with value: 0.925 and parameters: {'n_estimators': 428, 'max_depth': 10, 'min_samples_split': 9, 'min_samples_leaf': 9}. Best is trial 2 with value: 0.925.
[I 2026-04-09 21:27:05,545] Trial 5 finished with value: 0.9 and parameters: {'n_estimators': 121, 'max_depth': 15, 'min_samples_split': 9, 'min_samples_leaf': 8}. Best is trial 2 with value: 0.925.
[I 2026-04-09 21:27:05,964] Trial 6 finished with value: 0.925 and parameters: {'n_estimators': 384, 'max_depth': 12, 'min_samples_split': 3, 'min_samples_leaf': 10}. Best is trial 2 with value: 0.925.
[I 2026-04-09 21:27:06,274] Trial 7 finished with value: 0.9 and parameters: {'n_estimators': 261, 'max_depth': 6, 'min_samples_split': 8, 'min_samples_leaf': 10}. Best is trial 2 with value: 0.925.
[I 2026-04-09 21:27:06,587] Trial 8 finished with value: 0.9 and parameters: {'n_estimators': 202, 'max_depth': 15, 'min_samples_split': 7, 'min_samples_leaf': 8}. Best is trial 2 with value: 0.925.
[I 2026-04-09 21:27:07,134] Trial 9 finished with value: 0.925 and parameters: {'n_estimators': 475, 'max_depth': 9, 'min_samples_split': 4, 'min_samples_leaf': 5}. Best is trial 2 with value: 0.925.
[I 2026-04-09 21:27:07,640] Trial 10 finished with value: 0.925 and parameters: {'n_estimators': 324, 'max_depth': 20, 'min_samples_split': 2, 'min_samples_leaf': 3}. Best is trial 2 with value: 0.925.
[I 2026-04-09 21:27:08,222] Trial 11 finished with value: 0.925 and parameters: {'n_estimators': 380, 'max_depth': 4, 'min_samples_split': 5, 'min_samples_leaf': 7}. Best is trial 2 with value: 0.925.
[I 2026-04-09 21:27:08,541] Trial 12 finished with value: 0.9 and parameters: {'n_estimators': 227, 'max_depth': 18, 'min_samples_split': 10, 'min_samples_leaf': 7}. Best is trial 2 with value: 0.925.
[I 2026-04-09 21:27:09,073] Trial 13 finished with value: 0.925 and parameters: {'n_estimators': 396, 'max_depth': 9, 'min_samples_split': 5, 'min_samples_leaf': 8}. Best is trial 2 with value: 0.925.
[I 2026-04-09 21:27:09,349] Trial 14 finished with value: 0.925 and parameters: {'n_estimators': 192, 'max_depth': 17, 'min_samples_split': 6, 'min_samples_leaf': 6}. Best is trial 2 with value: 0.925.
[I 2026-04-09 21:27:09,727] Trial 15 finished with value: 0.9 and parameters: {'n_estimators': 271, 'max_depth': 10, 'min_samples_split': 10, 'min_samples_leaf': 9}. Best is trial 2 with value: 0.925.
[I 2026-04-09 21:27:10,106] Trial 16 finished with value: 0.925 and parameters: {'n_estimators': 335, 'max_depth': 6, 'min_samples_split': 4, 'min_samples_leaf': 6}. Best is trial 2 with value: 0.925.
[I 2026-04-09 21:27:10,602] Trial 17 finished with value: 0.925 and parameters: {'n_estimators': 426, 'max_depth': 11, 'min_samples_split': 8, 'min_samples_leaf': 9}. Best is trial 2 with value: 0.925.
[I 2026-04-09 21:27:11,186] Trial 18 finished with value: 0.9 and parameters: {'n_estimators': 493, 'max_depth': 15, 'min_samples_split': 7, 'min_samples_leaf': 9}. Best is trial 2 with value: 0.925.
[I 2026-04-09 21:27:11,593] Trial 19 finished with value: 0.925 and parameters: {'n_estimators': 341, 'max_depth': 7, 'min_samples_split': 5, 'min_samples_leaf': 3}. Best is trial 2 with value: 0.925.
[I 2026-04-09 21:27:11,820] Trial 20 finished with value: 0.925 and parameters: {'n_estimators': 167, 'max_depth': 3, 'min_samples_split': 2, 'min_samples_leaf': 7}. Best is trial 2 with value: 0.925.
[I 2026-04-09 21:27:12,248] Trial 21 finished with value: 0.9 and parameters: {'n_estimators': 377, 'max_depth': 12, 'min_samples_split': 3, 'min_samples_leaf': 10}. Best is trial 2 with value: 0.925.
