[I 2026-04-07 01:34:58,125] Trial 28 finished with value: 0.85 and parameters: {'var_smoothing': 3.708022859372661e-09}. Best is trial 5 with value: 0.9.
[I 2026-04-07 01:34:58,143] Trial 29 finished with value: 0.9 and parameters: {'var_smoothing': 1.810469691906278e-09}. Best is trial 5 with value: 0.9.
[I 2026-04-07 01:34:59,041] A new study created in memory with name: logreg
[I 2026-04-07 01:34:59,064] Trial 0 finished with value: 0.85 and parameters: {'C': 0.002407362254570802, 'penalty': 'l2'}. Best is trial 0 with value: 0.85.
[I 2026-04-07 01:34:59,088] Trial 1 finished with value: 0.8 and parameters: {'C': 7.935859334260497, 'penalty': 'l2'}. Best is trial 0 with value: 0.85.
[I 2026-04-07 01:34:59,124] Trial 2 finished with value: 0.85 and parameters: {'C': 0.15561310098067915, 'penalty': 'l2'}. Best is trial 0 with value: 0.85.
[I 2026-04-07 01:34:59,150] Trial 3 finished with value: 0.85 and parameters: {'C': 4.143104515916128, 'penalty': 'l2'}. Best is trial 0 with value: 0.85.
[I 2026-04-07 01:34:59,185] Trial 4 finished with value: 0.8 and parameters: {'C': 77.61533923098803, 'penalty': 'l2'}. Best is trial 0 with value: 0.85.
[I 2026-04-07 01:34:59,218] Trial 5 finished with value: 0.85 and parameters: {'C': 0.49258292359934785, 'penalty': 'l2'}. Best is trial 0 with value: 0.85.
[I 2026-04-07 01:34:59,243] Trial 6 finished with value: 0.85 and parameters: {'C': 0.320333470047146, 'penalty': 'l2'}. Best is trial 0 with value: 0.85.
[I 2026-04-07 01:34:59,266] Trial 7 finished with value: 0.85 and parameters: {'C': 0.002292216671132896, 'penalty': 'l2'}. Best is trial 0 with value: 0.85.
[I 2026-04-07 01:34:59,291] Trial 8 finished with value: 0.85 and parameters: {'C': 0.0219884643872214, 'penalty': 'l2'}. Best is trial 0 with value: 0.85.
[I 2026-04-07 01:34:59,316] Trial 9 finished with value: 0.85 and parameters: {'C': 0.31580027519646636, 'penalty': 'l2'}. Best is trial 0 with value: 0.85.
[I 2026-04-07 01:34:59,356] Trial 10 finished with value: 0.85 and parameters: {'C': 0.005028545732690317, 'penalty': 'l2'}. Best is trial 0 with value: 0.85.
[I 2026-04-07 01:34:59,387] Trial 11 finished with value: 0.85 and parameters: {'C': 0.026261189016144066, 'penalty': 'l2'}. Best is trial 0 with value: 0.85.
[I 2026-04-07 01:34:59,415] Trial 12 finished with value: 0.85 and parameters: {'C': 0.032720925899226566, 'penalty': 'l2'}. Best is trial 0 with value: 0.85.
[I 2026-04-07 01:34:59,444] Trial 13 finished with value: 0.85 and parameters: {'C': 0.0012058459158709746, 'penalty': 'l2'}. Best is trial 0 with value: 0.85.
[I 2026-04-07 01:34:59,475] Trial 14 finished with value: 0.85 and parameters: {'C': 0.060263154209045634, 'penalty': 'l2'}. Best is trial 0 with value: 0.85.
[I 2026-04-07 01:34:59,506] Trial 15 finished with value: 0.85 and parameters: {'C': 0.0066245692110027754, 'penalty': 'l2'}. Best is trial 0 with value: 0.85.
[I 2026-04-07 01:34:59,536] Trial 16 finished with value: 0.85 and parameters: {'C': 3.111877236012151, 'penalty': 'l2'}. Best is trial 0 with value: 0.85.
[I 2026-04-07 01:34:59,563] Trial 17 finished with value: 0.85 and parameters: {'C': 0.10391491819178174, 'penalty': 'l2'}. Best is trial 0 with value: 0.85.
[I 2026-04-07 01:34:59,594] Trial 18 finished with value: 0.85 and parameters: {'C': 0.007066712767922748, 'penalty': 'l2'}. Best is trial 0 with value: 0.85.
[I 2026-04-07 01:34:59,633] Trial 19 finished with value: 0.85 and parameters: {'C': 1.0958635289496592, 'penalty': 'l2'}. Best is trial 0 with value: 0.85.
[I 2026-04-07 01:34:59,663] Trial 20 finished with value: 0.8 and parameters: {'C': 35.235409478110505, 'penalty': 'l2'}. Best is trial 0 with value: 0.85.
[I 2026-04-07 01:34:59,695] Trial 21 finished with value: 0.8 and parameters: {'C': 7.337540529395967, 'penalty': 'l2'}. Best is trial 0 with value: 0.85.
[I 2026-04-07 01:34:59,726] Trial 22 finished with value: 0.85 and parameters: {'C': 2.3907950273083336, 'penalty': 'l2'}. Best is trial 0 with value: 0.85.
[I 2026-04-07 01:34:59,767] Trial 23 finished with value: 0.8 and parameters: {'C': 17.721686128721803, 'penalty': 'l2'}. Best is trial 0 with value: 0.85.
[I 2026-04-07 01:34:59,798] Trial 24 finished with value: 0.85 and parameters: {'C': 0.9799791857330158, 'penalty': 'l2'}. Best is trial 0 with value: 0.85.
[I 2026-04-07 01:34:59,834] Trial 25 finished with value: 0.85 and parameters: {'C': 3.6092407807809064, 'penalty': 'l2'}. Best is trial 0 with value: 0.85.
[I 2026-04-07 01:34:59,859] Trial 26 finished with value: 0.85 and parameters: {'C': 0.18785300042181724, 'penalty': 'l2'}. Best is trial 0 with value: 0.85.
[I 2026-04-07 01:34:59,885] Trial 27 finished with value: 0.85 and parameters: {'C': 0.014691549333726862, 'penalty': 'l2'}. Best is trial 0 with value: 0.85.
[I 2026-04-07 01:34:59,911] Trial 28 finished with value: 0.85 and parameters: {'C': 0.08709873190604325, 'penalty': 'l2'}. Best is trial 0 with value: 0.85.
[I 2026-04-07 01:34:59,953] Trial 29 finished with value: 0.8 and parameters: {'C': 12.184796361157394, 'penalty': 'l2'}. Best is trial 0 with value: 0.85.
[I 2026-04-07 01:35:00,788] A new study created in memory with name: knn
[I 2026-04-07 01:35:00,802] Trial 0 finished with value: 0.8 and parameters: {'n_neighbors': 3, 'leaf_size': 36, 'p': 2}. Best is trial 0 with value: 0.8.
[I 2026-04-07 01:35:00,835] Trial 1 finished with value: 0.8 and parameters: {'n_neighbors': 10, 'leaf_size': 31, 'p': 1}. Best is trial 0 with value: 0.8.
[I 2026-04-07 01:35:00,847] Trial 2 finished with value: 0.8 and parameters: {'n_neighbors': 5, 'leaf_size': 30, 'p': 2}. Best is trial 0 with value: 0.8.
[I 2026-04-07 01:35:00,859] Trial 3 finished with value: 0.85 and parameters: {'n_neighbors': 6, 'leaf_size': 21, 'p': 2}. Best is trial 3 with value: 0.85.
[I 2026-04-07 01:35:00,872] Trial 4 finished with value: 0.8 and parameters: {'n_neighbors': 4, 'leaf_size': 29, 'p': 1}. Best is trial 3 with value: 0.85.
[I 2026-04-07 01:35:00,884] Trial 5 finished with value: 0.7 and parameters: {'n_neighbors': 7, 'leaf_size': 39, 'p': 2}. Best is trial 3 with value: 0.85.
[I 2026-04-07 01:35:00,917] Trial 6 finished with value: 0.7 and parameters: {'n_neighbors': 10, 'leaf_size': 22, 'p': 2}. Best is trial 3 with value: 0.85.
[I 2026-04-07 01:35:00,950] Trial 7 finished with value: 0.75 and parameters: {'n_neighbors': 8, 'leaf_size': 29, 'p': 2}. Best is trial 3 with value: 0.85.
[I 2026-04-07 01:35:00,964] Trial 8 finished with value: 0.8 and parameters: {'n_neighbors': 5, 'leaf_size': 30, 'p': 2}. Best is trial 3 with value: 0.85.
[I 2026-04-07 01:35:01,000] Trial 9 finished with value: 0.75 and parameters: {'n_neighbors': 9, 'leaf_size': 26, 'p': 1}. Best is trial 3 with value: 0.85.
[I 2026-04-07 01:35:01,037] Trial 10 finished with value: 0.8 and parameters: {'n_neighbors': 6, 'leaf_size': 20, 'p': 1}. Best is trial 3 with value: 0.85.
[I 2026-04-07 01:35:01,073] Trial 11 finished with value: 0.8 and parameters: {'n_neighbors': 3, 'leaf_size': 37, 'p': 2}. Best is trial 3 with value: 0.85.
[I 2026-04-07 01:35:01,097] Trial 12 finished with value: 0.8 and parameters: {'n_neighbors': 3, 'leaf_size': 35, 'p': 2}. Best is trial 3 with value: 0.85.
[I 2026-04-07 01:35:01,133] Trial 13 finished with value: 0.7 and parameters: {'n_neighbors': 7, 'leaf_size': 24, 'p': 2}. Best is trial 3 with value: 0.85.
[I 2026-04-07 01:35:01,159] Trial 14 finished with value: 0.8 and parameters: {'n_neighbors': 5, 'leaf_size': 34, 'p': 2}. Best is trial 3 with value: 0.85.
[I 2026-04-07 01:35:01,184] Trial 15 finished with value: 0.85 and parameters: {'n_neighbors': 4, 'leaf_size': 40, 'p': 2}. Best is trial 3 with value: 0.85.
[I 2026-04-07 01:35:01,208] Trial 16 finished with value: 0.85 and parameters: {'n_neighbors': 6, 'leaf_size': 39, 'p': 2}. Best is trial 3 with value: 0.85.
[I 2026-04-07 01:35:01,234] Trial 17 finished with value: 0.85 and parameters: {'n_neighbors': 4, 'leaf_size': 26, 'p': 2}. Best is trial 3 with value: 0.85.
[I 2026-04-07 01:35:01,257] Trial 18 finished with value: 0.8 and parameters: {'n_neighbors': 4, 'leaf_size': 33, 'p': 1}. Best is trial 3 with value: 0.85.
[I 2026-04-07 01:35:01,280] Trial 19 finished with value: 0.85 and parameters: {'n_neighbors': 6, 'leaf_size': 20, 'p': 2}. Best is trial 3 with value: 0.85.
[I 2026-04-07 01:35:01,335] Trial 20 finished with value: 0.75 and parameters: {'n_neighbors': 8, 'leaf_size': 26, 'p': 2}. Best is trial 3 with value: 0.85.
[I 2026-04-07 01:35:01,370] Trial 21 finished with value: 0.85 and parameters: {'n_neighbors': 6, 'leaf_size': 40, 'p': 2}. Best is trial 3 with value: 0.85.
[I 2026-04-07 01:35:01,394] Trial 22 finished with value: 0.7 and parameters: {'n_neighbors': 7, 'leaf_size': 38, 'p': 2}. Best is trial 3 with value: 0.85.
[I 2026-04-07 01:35:01,431] Trial 23 finished with value: 0.8 and parameters: {'n_neighbors': 5, 'leaf_size': 40, 'p': 2}. Best is trial 3 with value: 0.85.
[I 2026-04-07 01:35:01,485] Trial 24 finished with value: 0.75 and parameters: {'n_neighbors': 8, 'leaf_size': 32, 'p': 2}. Best is trial 3 with value: 0.85.
[I 2026-04-07 01:35:01,512] Trial 25 finished with value: 0.85 and parameters: {'n_neighbors': 6, 'leaf_size': 38, 'p': 2}. Best is trial 3 with value: 0.85.
[I 2026-04-07 01:35:01,545] Trial 26 finished with value: 0.8 and parameters: {'n_neighbors': 4, 'leaf_size': 36, 'p': 1}. Best is trial 3 with value: 0.85.
[I 2026-04-07 01:35:01,572] Trial 27 finished with value: 0.8 and parameters: {'n_neighbors': 5, 'leaf_size': 23, 'p': 2}. Best is trial 3 with value: 0.85.
[I 2026-04-07 01:35:01,597] Trial 28 finished with value: 0.7 and parameters: {'n_neighbors': 7, 'leaf_size': 28, 'p': 2}. Best is trial 3 with value: 0.85.
[I 2026-04-07 01:35:01,621] Trial 29 finished with value: 0.8 and parameters: {'n_neighbors': 3, 'leaf_size': 36, 'p': 2}. Best is trial 3 with value: 0.85.
[I 2026-04-07 01:35:02,806] A new study created in memory with name: xgb
[I 2026-04-07 01:35:02,831] Trial 0 finished with value: 0.9 and parameters: {'n_estimators': 40, 'max_depth': 20, 'gamma': 0.5510084172939441, 'subsample': 0.5360255666798808, 'colsample_bytree': 0.6342194900509356}. Best is trial 0 with value: 0.9.
[I 2026-04-07 01:35:02,857] Trial 1 finished with value: 0.9 and parameters: {'n_estimators': 100, 'max_depth': 5, 'gamma': 0.9186341749476523, 'subsample': 0.6066926767899578, 'colsample_bytree': 0.7260619809088416}. Best is trial 0 with value: 0.9.
[I 2026-04-07 01:35:02,884] Trial 2 finished with value: 0.95 and parameters: {'n_estimators': 10, 'max_depth': 5, 'gamma': 0.9182155373980582, 'subsample': 0.566584722879625, 'colsample_bytree': 0.761706290336883}. Best is trial 2 with value: 0.95.
[I 2026-04-07 01:35:02,911] Trial 3 finished with value: 0.95 and parameters: {'n_estimators': 10, 'max_depth': 20, 'gamma': 0.5296610393664296, 'subsample': 0.6829451928902965, 'colsample_bytree': 0.9189589971546304}. Best is trial 2 with value: 0.95.
[I 2026-04-07 01:35:02,939] Trial 4 finished with value: 0.9 and parameters: {'n_estimators': 10, 'max_depth': 20, 'gamma': 0.6916595165017824, 'subsample': 0.6851755414940176, 'colsample_bytree': 0.7295464889457157}. Best is trial 2 with value: 0.95.
[I 2026-04-07 01:35:02,976] Trial 5 finished with value: 0.9 and parameters: {'n_estimators': 100, 'max_depth': 20, 'gamma': 0.48380821541644814, 'subsample': 0.8171899343169193, 'colsample_bytree': 0.7614531005141727}. Best is trial 2 with value: 0.95.
[I 2026-04-07 01:35:03,014] Trial 6 finished with value: 0.9 and parameters: {'n_estimators': 10, 'max_depth': 5, 'gamma': 0.9599214907026333, 'subsample': 0.8414569271877088, 'colsample_bytree': 0.5265643453364788}. Best is trial 2 with value: 0.95.
[I 2026-04-07 01:35:03,043] Trial 7 finished with value: 0.9 and parameters: {'n_estimators': 40, 'max_depth': 5, 'gamma': 0.5250915966595621, 'subsample': 0.9207383574491986, 'colsample_bytree': 0.565555321173957}. Best is trial 2 with value: 0.95.
[I 2026-04-07 01:35:03,082] Trial 8 finished with value: 0.9 and parameters: {'n_estimators': 100, 'max_depth': 5, 'gamma': 0.3919835527051987, 'subsample': 0.6502094521590198, 'colsample_bytree': 0.5827507002328938}. Best is trial 2 with value: 0.95.
[I 2026-04-07 01:35:03,135] Trial 9 finished with value: 0.95 and parameters: {'n_estimators': 100, 'max_depth': 5, 'gamma': 0.8003922413895069, 'subsample': 0.9436444759263674, 'colsample_bytree': 0.8374593849333938}. Best is trial 2 with value: 0.95.
[I 2026-04-07 01:35:03,180] Trial 10 finished with value: 0.75 and parameters: {'n_estimators': 10, 'max_depth': 30, 'gamma': 0.13445536345660636, 'subsample': 0.5093732893332106, 'colsample_bytree': 0.9446716873952172}. Best is trial 2 with value: 0.95.
[I 2026-04-07 01:35:03,218] Trial 11 finished with value: 0.95 and parameters: {'n_estimators': 10, 'max_depth': 30, 'gamma': 0.2681645700627216, 'subsample': 0.7301327038899156, 'colsample_bytree': 0.9851280083052829}. Best is trial 2 with value: 0.95.
[I 2026-04-07 01:35:03,256] Trial 12 finished with value: 0.8 and parameters: {'n_estimators': 10, 'max_depth': 20, 'gamma': 0.7081376218947077, 'subsample': 0.5945024135442765, 'colsample_bytree': 0.87794148865418}. Best is trial 2 with value: 0.95.
[I 2026-04-07 01:35:03,296] Trial 13 finished with value: 0.95 and parameters: {'n_estimators': 10, 'max_depth': 20, 'gamma': 0.6672673875689135, 'subsample': 0.7685974854614295, 'colsample_bytree': 0.8466378816712838}. Best is trial 2 with value: 0.95.
[I 2026-04-07 01:35:03,335] Trial 14 finished with value: 0.75 and parameters: {'n_estimators': 10, 'max_depth': 30, 'gamma': 0.8638118873132399, 'subsample': 0.5867731863793822, 'colsample_bytree': 0.9116176446429273}. Best is trial 2 with value: 0.95.
[I 2026-04-07 01:35:03,373] Trial 15 finished with value: 0.9 and parameters: {'n_estimators': 10, 'max_depth': 5, 'gamma': 0.34245865808272824, 'subsample': 0.6853853974215207, 'colsample_bytree': 0.7994478384469224}. Best is trial 2 with value: 0.95.
[I 2026-04-07 01:35:03,410] Trial 16 finished with value: 0.8 and parameters: {'n_estimators': 40, 'max_depth': 20, 'gamma': 0.6155574431685773, 'subsample': 0.5638627174863092, 'colsample_bytree': 0.665659864377243}. Best is trial 2 with value: 0.95.
[I 2026-04-07 01:35:03,449] Trial 17 finished with value: 0.85 and parameters: {'n_estimators': 10, 'max_depth': 5, 'gamma': 0.4362584906090935, 'subsample': 0.6299113336342124, 'colsample_bytree': 0.6742119142218679}. Best is trial 2 with value: 0.95.
[I 2026-04-07 01:35:03,487] Trial 18 finished with value: 0.95 and parameters: {'n_estimators': 10, 'max_depth': 20, 'gamma': 0.8003799817750314, 'subsample': 0.7310864301208693, 'colsample_bytree': 0.9773325401332591}. Best is trial 2 with value: 0.95.
[I 2026-04-07 01:35:03,525] Trial 19 finished with value: 0.95 and parameters: {'n_estimators': 40, 'max_depth': 30, 'gamma': 0.20065175090087745, 'subsample': 0.5011191823417127, 'colsample_bytree': 0.7964391159195342}. Best is trial 2 with value: 0.95.
[I 2026-04-07 01:35:03,571] Trial 20 finished with value: 0.95 and parameters: {'n_estimators': 10, 'max_depth': 5, 'gamma': 0.7842868196913424, 'subsample': 0.9961764358499778, 'colsample_bytree': 0.8997114857290034}. Best is trial 2 with value: 0.95.
[I 2026-04-07 01:35:03,610] Trial 21 finished with value: 0.95 and parameters: {'n_estimators': 100, 'max_depth': 5, 'gamma': 0.996227049017897, 'subsample': 0.8871672735096147, 'colsample_bytree': 0.8375237126242164}. Best is trial 2 with value: 0.95.
[I 2026-04-07 01:35:03,648] Trial 22 finished with value: 0.95 and parameters: {'n_estimators': 100, 'max_depth': 5, 'gamma': 0.8326119401418121, 'subsample': 0.9911835888808611, 'colsample_bytree': 0.8334902135875409}. Best is trial 2 with value: 0.95.
[I 2026-04-07 01:35:03,688] Trial 23 finished with value: 0.95 and parameters: {'n_estimators': 100, 'max_depth': 5, 'gamma': 0.7483449595926549, 'subsample': 0.7762556954062565, 'colsample_bytree': 0.779070240844385}. Best is trial 2 with value: 0.95.
[I 2026-04-07 01:35:03,729] Trial 24 finished with value: 0.95 and parameters: {'n_estimators': 100, 'max_depth': 5, 'gamma': 0.6078063279754501, 'subsample': 0.6742183263010528, 'colsample_bytree': 0.9436111846981746}. Best is trial 2 with value: 0.95.
[I 2026-04-07 01:35:03,769] Trial 25 finished with value: 0.95 and parameters: {'n_estimators': 100, 'max_depth': 20, 'gamma': 0.9101845732459525, 'subsample': 0.9450374719211164, 'colsample_bytree': 0.8623066379980309}. Best is trial 2 with value: 0.95.
[I 2026-04-07 01:35:03,811] Trial 26 finished with value: 0.9 and parameters: {'n_estimators': 10, 'max_depth': 5, 'gamma': 0.8729945486320908, 'subsample': 0.8205817829026849, 'colsample_bytree': 0.7157438238215587}. Best is trial 2 with value: 0.95.
[I 2026-04-07 01:35:03,850] Trial 27 finished with value: 0.95 and parameters: {'n_estimators': 10, 'max_depth': 5, 'gamma': 0.6484056356128787, 'subsample': 0.7173251092439266, 'colsample_bytree': 0.8167699099313922}. Best is trial 2 with value: 0.95.
[I 2026-04-07 01:35:03,888] Trial 28 finished with value: 0.95 and parameters: {'n_estimators': 40, 'max_depth': 30, 'gamma': 0.5503934728363062, 'subsample': 0.8641006736061034, 'colsample_bytree': 0.8797669896043536}. Best is trial 2 with value: 0.95.
[I 2026-04-07 01:35:03,929] Trial 29 finished with value: 0.95 and parameters: {'n_estimators': 100, 'max_depth': 20, 'gamma': 0.7401877772470956, 'subsample': 0.5494495455076933, 'colsample_bytree': 0.9218395542586384}. Best is trial 2 with value: 0.95.
[I 2026-04-07 01:35:04,747] A new study created in memory with name: rf
[I 2026-04-07 01:35:04,923] Trial 0 finished with value: 0.5 and parameters: {'n_estimators': 130, 'max_depth': 17, 'min_samples_split': 5, 'min_samples_leaf': 8}. Best is trial 0 with value: 0.5.
[I 2026-04-07 01:35:05,410] Trial 1 finished with value: 0.8 and parameters: {'n_estimators': 492, 'max_depth': 12, 'min_samples_split': 6, 'min_samples_leaf': 1}. Best is trial 1 with value: 0.8.
[I 2026-04-07 01:35:05,628] Trial 2 finished with value: 0.5 and parameters: {'n_estimators': 207, 'max_depth': 11, 'min_samples_split': 8, 'min_samples_leaf': 9}. Best is trial 1 with value: 0.8.
[I 2026-04-07 01:35:05,967] Trial 3 finished with value: 0.5 and parameters: {'n_estimators': 252, 'max_depth': 4, 'min_samples_split': 4, 'min_samples_leaf': 10}. Best is trial 1 with value: 0.8.
[I 2026-04-07 01:35:06,173] Trial 4 finished with value: 0.85 and parameters: {'n_estimators': 185, 'max_depth': 11, 'min_samples_split': 10, 'min_samples_leaf': 1}. Best is trial 4 with value: 0.85.
[I 2026-04-07 01:35:06,534] Trial 5 finished with value: 0.95 and parameters: {'n_estimators': 340, 'max_depth': 20, 'min_samples_split': 4, 'min_samples_leaf': 6}. Best is trial 5 with value: 0.95.
[I 2026-04-07 01:35:06,995] Trial 6 finished with value: 0.5 and parameters: {'n_estimators': 464, 'max_depth': 5, 'min_samples_split': 6, 'min_samples_leaf': 8}. Best is trial 5 with value: 0.95.
[I 2026-04-07 01:35:07,369] Trial 7 finished with value: 0.85 and parameters: {'n_estimators': 368, 'max_depth': 11, 'min_samples_split': 3, 'min_samples_leaf': 5}. Best is trial 5 with value: 0.95.
[I 2026-04-07 01:35:07,627] Trial 8 finished with value: 0.5 and parameters: {'n_estimators': 249, 'max_depth': 11, 'min_samples_split': 5, 'min_samples_leaf': 9}. Best is trial 5 with value: 0.95.
[I 2026-04-07 01:35:08,067] Trial 9 finished with value: 0.85 and parameters: {'n_estimators': 408, 'max_depth': 8, 'min_samples_split': 7, 'min_samples_leaf': 3}. Best is trial 5 with value: 0.95.
[I 2026-04-07 01:35:08,433] Trial 10 finished with value: 0.85 and parameters: {'n_estimators': 333, 'max_depth': 19, 'min_samples_split': 2, 'min_samples_leaf': 6}. Best is trial 5 with value: 0.95.
[I 2026-04-07 01:35:08,605] Trial 11 finished with value: 0.9 and parameters: {'n_estimators': 138, 'max_depth': 15, 'min_samples_split': 10, 'min_samples_leaf': 5}. Best is trial 5 with value: 0.95.
[I 2026-04-07 01:35:08,776] Trial 12 finished with value: 0.9 and parameters: {'n_estimators': 111, 'max_depth': 16, 'min_samples_split': 10, 'min_samples_leaf': 5}. Best is trial 5 with value: 0.95.
[I 2026-04-07 01:35:09,088] Trial 13 finished with value: 0.9 and parameters: {'n_estimators': 291, 'max_depth': 20, 'min_samples_split': 8, 'min_samples_leaf': 6}. Best is trial 5 with value: 0.95.
[I 2026-04-07 01:35:09,533] Trial 14 finished with value: 0.85 and parameters: {'n_estimators': 374, 'max_depth': 15, 'min_samples_split': 2, 'min_samples_leaf': 3}. Best is trial 5 with value: 0.95.
[I 2026-04-07 01:35:09,879] Trial 15 finished with value: 0.95 and parameters: {'n_estimators': 301, 'max_depth': 14, 'min_samples_split': 9, 'min_samples_leaf': 4}. Best is trial 5 with value: 0.95.
[I 2026-04-07 01:35:10,213] Trial 16 finished with value: 0.9 and parameters: {'n_estimators': 307, 'max_depth': 18, 'min_samples_split': 8, 'min_samples_leaf': 3}. Best is trial 5 with value: 0.95.
[I 2026-04-07 01:35:10,686] Trial 17 finished with value: 0.5 and parameters: {'n_estimators': 428, 'max_depth': 14, 'min_samples_split': 4, 'min_samples_leaf': 7}. Best is trial 5 with value: 0.95.
[I 2026-04-07 01:35:11,040] Trial 18 finished with value: 0.9 and parameters: {'n_estimators': 336, 'max_depth': 8, 'min_samples_split': 9, 'min_samples_leaf': 4}. Best is trial 5 with value: 0.95.
[I 2026-04-07 01:35:11,357] Trial 19 finished with value: 0.95 and parameters: {'n_estimators': 259, 'max_depth': 20, 'min_samples_split': 7, 'min_samples_leaf': 4}. Best is trial 5 with value: 0.95.
[I 2026-04-07 01:35:11,823] Trial 20 finished with value: 0.5 and parameters: {'n_estimators': 405, 'max_depth': 13, 'min_samples_split': 4, 'min_samples_leaf': 7}. Best is trial 5 with value: 0.95.
[I 2026-04-07 01:35:12,168] Trial 21 finished with value: 0.85 and parameters: {'n_estimators': 271, 'max_depth': 20, 'min_samples_split': 7, 'min_samples_leaf': 4}. Best is trial 5 with value: 0.95.
