[I 2026-04-07 02:07:02,786] Trial 22 finished with value: 0.95 and parameters: {'n_estimators': 347, 'max_depth': 7, 'min_samples_split': 9, 'min_samples_leaf': 1}. Best is trial 6 with value: 0.95.
[I 2026-04-07 02:07:03,343] Trial 23 finished with value: 0.9 and parameters: {'n_estimators': 500, 'max_depth': 4, 'min_samples_split': 7, 'min_samples_leaf': 2}. Best is trial 6 with value: 0.95.
[I 2026-04-07 02:07:03,863] Trial 24 finished with value: 0.9 and parameters: {'n_estimators': 432, 'max_depth': 10, 'min_samples_split': 8, 'min_samples_leaf': 3}. Best is trial 6 with value: 0.95.
[I 2026-04-07 02:07:04,299] Trial 25 finished with value: 0.9 and parameters: {'n_estimators': 348, 'max_depth': 7, 'min_samples_split': 9, 'min_samples_leaf': 1}. Best is trial 6 with value: 0.95.
[I 2026-04-07 02:07:04,716] Trial 26 finished with value: 0.9 and parameters: {'n_estimators': 391, 'max_depth': 5, 'min_samples_split': 10, 'min_samples_leaf': 6}. Best is trial 6 with value: 0.95.
[I 2026-04-07 02:07:05,255] Trial 27 finished with value: 0.9 and parameters: {'n_estimators': 451, 'max_depth': 10, 'min_samples_split': 9, 'min_samples_leaf': 4}. Best is trial 6 with value: 0.95.
[I 2026-04-07 02:07:05,725] Trial 28 finished with value: 0.95 and parameters: {'n_estimators': 405, 'max_depth': 14, 'min_samples_split': 8, 'min_samples_leaf': 2}. Best is trial 6 with value: 0.95.
[I 2026-04-07 02:07:06,081] Trial 29 finished with value: 0.95 and parameters: {'n_estimators': 284, 'max_depth': 11, 'min_samples_split': 7, 'min_samples_leaf': 2}. Best is trial 6 with value: 0.95.
[I 2026-04-07 02:07:10,435] A new study created in memory with name: mlp
[I 2026-04-07 02:07:10,501] Trial 0 finished with value: 0.8 and parameters: {'hidden_layer_sizes': (200,), 'max_iter': 100, 'alpha': 0.001}. Best is trial 0 with value: 0.8.
[I 2026-04-07 02:07:10,567] Trial 1 finished with value: 0.85 and parameters: {'hidden_layer_sizes': (100, 100), 'max_iter': 100, 'alpha': 0.0001}. Best is trial 1 with value: 0.85.
[I 2026-04-07 02:07:10,623] Trial 2 finished with value: 0.65 and parameters: {'hidden_layer_sizes': (100, 100), 'max_iter': 50, 'alpha': 0.0001}. Best is trial 1 with value: 0.85.
[I 2026-04-07 02:07:10,669] Trial 3 finished with value: 0.85 and parameters: {'hidden_layer_sizes': (200,), 'max_iter': 50, 'alpha': 0.0001}. Best is trial 1 with value: 0.85.
[I 2026-04-07 02:07:10,735] Trial 4 finished with value: 0.75 and parameters: {'hidden_layer_sizes': (200,), 'max_iter': 100, 'alpha': 0.001}. Best is trial 1 with value: 0.85.
[I 2026-04-07 02:07:10,803] Trial 5 finished with value: 0.8 and parameters: {'hidden_layer_sizes': (200,), 'max_iter': 100, 'alpha': 0.0001}. Best is trial 1 with value: 0.85.
[I 2026-04-07 02:07:10,892] Trial 6 finished with value: 0.7 and parameters: {'hidden_layer_sizes': (100, 100), 'max_iter': 100, 'alpha': 0.001}. Best is trial 1 with value: 0.85.
[I 2026-04-07 02:07:10,939] Trial 7 finished with value: 0.8 and parameters: {'hidden_layer_sizes': (200,), 'max_iter': 50, 'alpha': 0.001}. Best is trial 1 with value: 0.85.
[I 2026-04-07 02:07:10,985] Trial 8 finished with value: 0.8 and parameters: {'hidden_layer_sizes': (100,), 'max_iter': 100, 'alpha': 0.001}. Best is trial 1 with value: 0.85.
[I 2026-04-07 02:07:11,021] Trial 9 finished with value: 0.8 and parameters: {'hidden_layer_sizes': (200,), 'max_iter': 50, 'alpha': 0.001}. Best is trial 1 with value: 0.85.
[I 2026-04-07 02:07:11,110] Trial 10 finished with value: 0.75 and parameters: {'hidden_layer_sizes': (100, 100), 'max_iter': 100, 'alpha': 0.0001}. Best is trial 1 with value: 0.85.
[I 2026-04-07 02:07:11,148] Trial 11 finished with value: 0.7 and parameters: {'hidden_layer_sizes': (100,), 'max_iter': 50, 'alpha': 0.0001}. Best is trial 1 with value: 0.85.
[I 2026-04-07 02:07:11,206] Trial 12 finished with value: 0.8 and parameters: {'hidden_layer_sizes': (100, 100), 'max_iter': 50, 'alpha': 0.0001}. Best is trial 1 with value: 0.85.
[I 2026-04-07 02:07:11,264] Trial 13 finished with value: 0.65 and parameters: {'hidden_layer_sizes': (100, 100), 'max_iter': 50, 'alpha': 0.0001}. Best is trial 1 with value: 0.85.
[I 2026-04-07 02:07:11,312] Trial 14 finished with value: 0.8 and parameters: {'hidden_layer_sizes': (100,), 'max_iter': 100, 'alpha': 0.0001}. Best is trial 1 with value: 0.85.
[I 2026-04-07 02:07:11,350] Trial 15 finished with value: 0.7 and parameters: {'hidden_layer_sizes': (200,), 'max_iter': 50, 'alpha': 0.0001}. Best is trial 1 with value: 0.85.
[I 2026-04-07 02:07:11,397] Trial 16 finished with value: 0.75 and parameters: {'hidden_layer_sizes': (100, 100), 'max_iter': 50, 'alpha': 0.0001}. Best is trial 1 with value: 0.85.
[I 2026-04-07 02:07:11,456] Trial 17 finished with value: 0.8 and parameters: {'hidden_layer_sizes': (200,), 'max_iter': 100, 'alpha': 0.0001}. Best is trial 1 with value: 0.85.
[I 2026-04-07 02:07:11,504] Trial 18 finished with value: 0.65 and parameters: {'hidden_layer_sizes': (100, 100), 'max_iter': 50, 'alpha': 0.0001}. Best is trial 1 with value: 0.85.
[I 2026-04-07 02:07:11,562] Trial 19 finished with value: 0.9 and parameters: {'hidden_layer_sizes': (100,), 'max_iter': 100, 'alpha': 0.0001}. Best is trial 19 with value: 0.9.
[I 2026-04-07 02:07:11,599] Trial 20 finished with value: 0.6 and parameters: {'hidden_layer_sizes': (100,), 'max_iter': 100, 'alpha': 0.0001}. Best is trial 19 with value: 0.9.
[I 2026-04-07 02:07:11,646] Trial 21 finished with value: 0.9 and parameters: {'hidden_layer_sizes': (100,), 'max_iter': 100, 'alpha': 0.0001}. Best is trial 19 with value: 0.9.
[I 2026-04-07 02:07:11,694] Trial 22 finished with value: 0.85 and parameters: {'hidden_layer_sizes': (100,), 'max_iter': 100, 'alpha': 0.0001}. Best is trial 19 with value: 0.9.
[I 2026-04-07 02:07:11,741] Trial 23 finished with value: 0.75 and parameters: {'hidden_layer_sizes': (100,), 'max_iter': 100, 'alpha': 0.0001}. Best is trial 19 with value: 0.9.
[I 2026-04-07 02:07:11,789] Trial 24 finished with value: 0.85 and parameters: {'hidden_layer_sizes': (100,), 'max_iter': 100, 'alpha': 0.0001}. Best is trial 19 with value: 0.9.
[I 2026-04-07 02:07:11,834] Trial 25 finished with value: 0.65 and parameters: {'hidden_layer_sizes': (100,), 'max_iter': 100, 'alpha': 0.0001}. Best is trial 19 with value: 0.9.
[I 2026-04-07 02:07:11,891] Trial 26 finished with value: 0.8 and parameters: {'hidden_layer_sizes': (100,), 'max_iter': 100, 'alpha': 0.0001}. Best is trial 19 with value: 0.9.
[I 2026-04-07 02:07:11,940] Trial 27 finished with value: 0.7 and parameters: {'hidden_layer_sizes': (100,), 'max_iter': 100, 'alpha': 0.0001}. Best is trial 19 with value: 0.9.
[I 2026-04-07 02:07:11,998] Trial 28 finished with value: 0.65 and parameters: {'hidden_layer_sizes': (100,), 'max_iter': 100, 'alpha': 0.0001}. Best is trial 19 with value: 0.9.
[I 2026-04-07 02:07:12,066] Trial 29 finished with value: 0.75 and parameters: {'hidden_layer_sizes': (100, 100), 'max_iter': 100, 'alpha': 0.001}. Best is trial 19 with value: 0.9.
[I 2026-04-07 02:07:19,752] A new study created in memory with name: naive_bayes
[I 2026-04-07 02:07:19,777] Trial 0 finished with value: 1.0 and parameters: {'var_smoothing': 1.0489343501429862e-10}. Best is trial 0 with value: 1.0.
[I 2026-04-07 02:07:19,792] Trial 1 finished with value: 1.0 and parameters: {'var_smoothing': 1.0086701860885373e-09}. Best is trial 0 with value: 1.0.
[I 2026-04-07 02:07:19,805] Trial 2 finished with value: 1.0 and parameters: {'var_smoothing': 9.807235097598006e-10}. Best is trial 0 with value: 1.0.
[I 2026-04-07 02:07:19,819] Trial 3 finished with value: 1.0 and parameters: {'var_smoothing': 1.8520770828517824e-10}. Best is trial 0 with value: 1.0.
[I 2026-04-07 02:07:19,831] Trial 4 finished with value: 1.0 and parameters: {'var_smoothing': 1.9240757716714087e-10}. Best is trial 0 with value: 1.0.
[I 2026-04-07 02:07:19,846] Trial 5 finished with value: 1.0 and parameters: {'var_smoothing': 2.736007926537145e-10}. Best is trial 0 with value: 1.0.
[I 2026-04-07 02:07:19,859] Trial 6 finished with value: 1.0 and parameters: {'var_smoothing': 6.87094324185739e-10}. Best is trial 0 with value: 1.0.
[I 2026-04-07 02:07:19,873] Trial 7 finished with value: 1.0 and parameters: {'var_smoothing': 3.134745855231349e-10}. Best is trial 0 with value: 1.0.
[I 2026-04-07 02:07:19,886] Trial 8 finished with value: 1.0 and parameters: {'var_smoothing': 1.4727170077821783e-10}. Best is trial 0 with value: 1.0.
[I 2026-04-07 02:07:19,899] Trial 9 finished with value: 1.0 and parameters: {'var_smoothing': 4.909048017047017e-10}. Best is trial 0 with value: 1.0.
[I 2026-04-07 02:07:19,920] Trial 10 finished with value: 1.0 and parameters: {'var_smoothing': 4.226228455594519e-09}. Best is trial 0 with value: 1.0.
[I 2026-04-07 02:07:19,939] Trial 11 finished with value: 1.0 and parameters: {'var_smoothing': 2.8481546791169343e-09}. Best is trial 0 with value: 1.0.
[I 2026-04-07 02:07:19,957] Trial 12 finished with value: 1.0 and parameters: {'var_smoothing': 1.9032336526904254e-09}. Best is trial 0 with value: 1.0.
[I 2026-04-07 02:07:19,976] Trial 13 finished with value: 1.0 and parameters: {'var_smoothing': 1.6192707465333408e-09}. Best is trial 0 with value: 1.0.
[I 2026-04-07 02:07:19,996] Trial 14 finished with value: 1.0 and parameters: {'var_smoothing': 1.0137193502251743e-10}. Best is trial 0 with value: 1.0.
[I 2026-04-07 02:07:20,016] Trial 15 finished with value: 1.0 and parameters: {'var_smoothing': 7.233291262560306e-09}. Best is trial 0 with value: 1.0.
[I 2026-04-07 02:07:20,036] Trial 16 finished with value: 1.0 and parameters: {'var_smoothing': 5.636880428096003e-10}. Best is trial 0 with value: 1.0.
[I 2026-04-07 02:07:20,054] Trial 17 finished with value: 1.0 and parameters: {'var_smoothing': 1.2682382630515742e-09}. Best is trial 0 with value: 1.0.
[I 2026-04-07 02:07:20,071] Trial 18 finished with value: 1.0 and parameters: {'var_smoothing': 3.934685686653308e-10}. Best is trial 0 with value: 1.0.
[I 2026-04-07 02:07:20,090] Trial 19 finished with value: 1.0 and parameters: {'var_smoothing': 8.419551297505738e-10}. Best is trial 0 with value: 1.0.
[I 2026-04-07 02:07:20,109] Trial 20 finished with value: 1.0 and parameters: {'var_smoothing': 2.608399883647147e-09}. Best is trial 0 with value: 1.0.
[I 2026-04-07 02:07:20,139] Trial 21 finished with value: 1.0 and parameters: {'var_smoothing': 1.1043065925699652e-09}. Best is trial 0 with value: 1.0.
[I 2026-04-07 02:07:20,159] Trial 22 finished with value: 1.0 and parameters: {'var_smoothing': 7.818254747144452e-09}. Best is trial 0 with value: 1.0.
[I 2026-04-07 02:07:20,178] Trial 23 finished with value: 1.0 and parameters: {'var_smoothing': 4.506881416225629e-09}. Best is trial 0 with value: 1.0.
[I 2026-04-07 02:07:20,197] Trial 24 finished with value: 1.0 and parameters: {'var_smoothing': 8.370195589160265e-10}. Best is trial 0 with value: 1.0.
[I 2026-04-07 02:07:20,216] Trial 25 finished with value: 1.0 and parameters: {'var_smoothing': 1.4246564400615985e-09}. Best is trial 0 with value: 1.0.
[I 2026-04-07 02:07:20,235] Trial 26 finished with value: 1.0 and parameters: {'var_smoothing': 1.055993505169999e-10}. Best is trial 0 with value: 1.0.
[I 2026-04-07 02:07:20,255] Trial 27 finished with value: 1.0 and parameters: {'var_smoothing': 2.338070103551991e-09}. Best is trial 0 with value: 1.0.
[I 2026-04-07 02:07:20,274] Trial 28 finished with value: 1.0 and parameters: {'var_smoothing': 2.9749637796955326e-10}. Best is trial 0 with value: 1.0.
[I 2026-04-07 02:07:20,293] Trial 29 finished with value: 1.0 and parameters: {'var_smoothing': 2.1414596138226606e-10}. Best is trial 0 with value: 1.0.
[I 2026-04-07 02:07:21,206] A new study created in memory with name: logreg
[I 2026-04-07 02:07:21,230] Trial 0 finished with value: 1.0 and parameters: {'C': 0.0011268620922535318, 'penalty': 'l2'}. Best is trial 0 with value: 1.0.
[I 2026-04-07 02:07:21,244] Trial 1 finished with value: 1.0 and parameters: {'C': 0.32312678588710475, 'penalty': 'l2'}. Best is trial 0 with value: 1.0.
[I 2026-04-07 02:07:21,269] Trial 2 finished with value: 1.0 and parameters: {'C': 0.3012079745112611, 'penalty': 'l2'}. Best is trial 0 with value: 1.0.
[I 2026-04-07 02:07:21,294] Trial 3 finished with value: 1.0 and parameters: {'C': 0.004668180550042529, 'penalty': 'l2'}. Best is trial 0 with value: 1.0.
[I 2026-04-07 02:07:21,319] Trial 4 finished with value: 1.0 and parameters: {'C': 0.005135177115384908, 'penalty': 'l2'}. Best is trial 0 with value: 1.0.
[I 2026-04-07 02:07:21,343] Trial 5 finished with value: 1.0 and parameters: {'C': 0.01238207351349697, 'penalty': 'l2'}. Best is trial 0 with value: 1.0.
[I 2026-04-07 02:07:21,367] Trial 6 finished with value: 1.0 and parameters: {'C': 0.12374877330306278, 'penalty': 'l2'}. Best is trial 0 with value: 1.0.
[I 2026-04-07 02:07:21,391] Trial 7 finished with value: 1.0 and parameters: {'C': 0.017398261017749217, 'penalty': 'l2'}. Best is trial 0 with value: 1.0.
[I 2026-04-07 02:07:21,416] Trial 8 finished with value: 1.0 and parameters: {'C': 0.002632074973627294, 'penalty': 'l2'}. Best is trial 0 with value: 1.0.
[I 2026-04-07 02:07:21,440] Trial 9 finished with value: 1.0 and parameters: {'C': 0.053394091359671186, 'penalty': 'l2'}. Best is trial 0 with value: 1.0.
[I 2026-04-07 02:07:21,479] Trial 10 finished with value: 1.0 and parameters: {'C': 11.611342204749677, 'penalty': 'l2'}. Best is trial 0 with value: 1.0.
[I 2026-04-07 02:07:21,506] Trial 11 finished with value: 1.0 and parameters: {'C': 4.3292127493856185, 'penalty': 'l2'}. Best is trial 0 with value: 1.0.
[I 2026-04-07 02:07:21,524] Trial 12 finished with value: 1.0 and parameters: {'C': 1.5802662705953956, 'penalty': 'l2'}. Best is trial 0 with value: 1.0.
[I 2026-04-07 02:07:21,551] Trial 13 finished with value: 1.0 and parameters: {'C': 1.055112273963652, 'penalty': 'l2'}. Best is trial 0 with value: 1.0.
[I 2026-04-07 02:07:21,571] Trial 14 finished with value: 1.0 and parameters: {'C': 0.0010346520947120835, 'penalty': 'l2'}. Best is trial 0 with value: 1.0.
[I 2026-04-07 02:07:21,600] Trial 15 finished with value: 1.0 and parameters: {'C': 44.49793762384799, 'penalty': 'l2'}. Best is trial 0 with value: 1.0.
[I 2026-04-07 02:07:21,619] Trial 16 finished with value: 1.0 and parameters: {'C': 0.07543919686422959, 'penalty': 'l2'}. Best is trial 0 with value: 1.0.
[I 2026-04-07 02:07:21,635] Trial 17 finished with value: 1.0 and parameters: {'C': 0.5727988396708396, 'penalty': 'l2'}. Best is trial 0 with value: 1.0.
[I 2026-04-07 02:07:21,666] Trial 18 finished with value: 1.0 and parameters: {'C': 0.030709667456339317, 'penalty': 'l2'}. Best is trial 0 with value: 1.0.
[I 2026-04-07 02:07:21,694] Trial 19 finished with value: 1.0 and parameters: {'C': 0.20569435262940663, 'penalty': 'l2'}. Best is trial 0 with value: 1.0.
[I 2026-04-07 02:07:21,722] Trial 20 finished with value: 1.0 and parameters: {'C': 3.4748449465651854, 'penalty': 'l2'}. Best is trial 0 with value: 1.0.
[I 2026-04-07 02:07:21,751] Trial 21 finished with value: 1.0 and parameters: {'C': 0.40525106247507264, 'penalty': 'l2'}. Best is trial 0 with value: 1.0.
[I 2026-04-07 02:07:21,779] Trial 22 finished with value: 1.0 and parameters: {'C': 54.04736719428917, 'penalty': 'l2'}. Best is trial 0 with value: 1.0.
[I 2026-04-07 02:07:21,808] Trial 23 finished with value: 1.0 and parameters: {'C': 13.636104725962543, 'penalty': 'l2'}. Best is trial 0 with value: 1.0.
[I 2026-04-07 02:07:21,827] Trial 24 finished with value: 1.0 and parameters: {'C': 0.2026931238868972, 'penalty': 'l2'}. Best is trial 0 with value: 1.0.
[I 2026-04-07 02:07:21,843] Trial 25 finished with value: 1.0 and parameters: {'C': 0.7660821867425266, 'penalty': 'l2'}. Best is trial 0 with value: 1.0.
[I 2026-04-07 02:07:21,863] Trial 26 finished with value: 1.0 and parameters: {'C': 0.001145916882319131, 'penalty': 'l2'}. Best is trial 0 with value: 1.0.
[I 2026-04-07 02:07:21,882] Trial 27 finished with value: 1.0 and parameters: {'C': 2.643283967037698, 'penalty': 'l2'}. Best is trial 0 with value: 1.0.
[I 2026-04-07 02:07:21,912] Trial 28 finished with value: 1.0 and parameters: {'C': 0.015265260024563953, 'penalty': 'l2'}. Best is trial 0 with value: 1.0.
[I 2026-04-07 02:07:21,932] Trial 29 finished with value: 1.0 and parameters: {'C': 0.006710806568251291, 'penalty': 'l2'}. Best is trial 0 with value: 1.0.
[I 2026-04-07 02:07:22,767] A new study created in memory with name: knn
[I 2026-04-07 02:07:22,781] Trial 0 finished with value: 1.0 and parameters: {'n_neighbors': 3, 'leaf_size': 30, 'p': 1}. Best is trial 0 with value: 1.0.
[I 2026-04-07 02:07:22,795] Trial 1 finished with value: 1.0 and parameters: {'n_neighbors': 4, 'leaf_size': 24, 'p': 1}. Best is trial 0 with value: 1.0.
[I 2026-04-07 02:07:22,809] Trial 2 finished with value: 1.0 and parameters: {'n_neighbors': 3, 'leaf_size': 27, 'p': 2}. Best is trial 0 with value: 1.0.
[I 2026-04-07 02:07:22,822] Trial 3 finished with value: 1.0 and parameters: {'n_neighbors': 10, 'leaf_size': 20, 'p': 1}. Best is trial 0 with value: 1.0.
[I 2026-04-07 02:07:22,855] Trial 4 finished with value: 1.0 and parameters: {'n_neighbors': 10, 'leaf_size': 34, 'p': 2}. Best is trial 0 with value: 1.0.
[I 2026-04-07 02:07:22,880] Trial 5 finished with value: 1.0 and parameters: {'n_neighbors': 6, 'leaf_size': 34, 'p': 1}. Best is trial 0 with value: 1.0.
[I 2026-04-07 02:07:22,895] Trial 6 finished with value: 1.0 and parameters: {'n_neighbors': 10, 'leaf_size': 36, 'p': 1}. Best is trial 0 with value: 1.0.
[I 2026-04-07 02:07:22,908] Trial 7 finished with value: 1.0 and parameters: {'n_neighbors': 7, 'leaf_size': 39, 'p': 2}. Best is trial 0 with value: 1.0.
[I 2026-04-07 02:07:22,943] Trial 8 finished with value: 1.0 and parameters: {'n_neighbors': 10, 'leaf_size': 23, 'p': 2}. Best is trial 0 with value: 1.0.
[I 2026-04-07 02:07:22,957] Trial 9 finished with value: 1.0 and parameters: {'n_neighbors': 10, 'leaf_size': 35, 'p': 2}. Best is trial 0 with value: 1.0.
[I 2026-04-07 02:07:22,991] Trial 10 finished with value: 1.0 and parameters: {'n_neighbors': 5, 'leaf_size': 30, 'p': 1}. Best is trial 0 with value: 1.0.
[I 2026-04-07 02:07:23,016] Trial 11 finished with value: 1.0 and parameters: {'n_neighbors': 3, 'leaf_size': 26, 'p': 1}. Best is trial 0 with value: 1.0.
[I 2026-04-07 02:07:23,040] Trial 12 finished with value: 1.0 and parameters: {'n_neighbors': 4, 'leaf_size': 29, 'p': 1}. Best is trial 0 with value: 1.0.
[I 2026-04-07 02:07:23,072] Trial 13 finished with value: 1.0 and parameters: {'n_neighbors': 5, 'leaf_size': 24, 'p': 1}. Best is trial 0 with value: 1.0.
[I 2026-04-07 02:07:23,117] Trial 14 finished with value: 1.0 and parameters: {'n_neighbors': 8, 'leaf_size': 20, 'p': 1}. Best is trial 0 with value: 1.0.
[I 2026-04-07 02:07:23,141] Trial 15 finished with value: 1.0 and parameters: {'n_neighbors': 4, 'leaf_size': 32, 'p': 1}. Best is trial 0 with value: 1.0.
[I 2026-04-07 02:07:23,175] Trial 16 finished with value: 1.0 and parameters: {'n_neighbors': 4, 'leaf_size': 27, 'p': 1}. Best is trial 0 with value: 1.0.
[I 2026-04-07 02:07:23,198] Trial 17 finished with value: 1.0 and parameters: {'n_neighbors': 3, 'leaf_size': 23, 'p': 1}. Best is trial 0 with value: 1.0.
[I 2026-04-07 02:07:23,232] Trial 18 finished with value: 1.0 and parameters: {'n_neighbors': 5, 'leaf_size': 31, 'p': 1}. Best is trial 0 with value: 1.0.
[I 2026-04-07 02:07:23,266] Trial 19 finished with value: 1.0 and parameters: {'n_neighbors': 6, 'leaf_size': 40, 'p': 1}. Best is trial 0 with value: 1.0.
[I 2026-04-07 02:07:23,292] Trial 20 finished with value: 1.0 and parameters: {'n_neighbors': 8, 'leaf_size': 25, 'p': 1}. Best is trial 0 with value: 1.0.
[I 2026-04-07 02:07:23,318] Trial 21 finished with value: 1.0 and parameters: {'n_neighbors': 3, 'leaf_size': 28, 'p': 2}. Best is trial 0 with value: 1.0.
[I 2026-04-07 02:07:23,354] Trial 22 finished with value: 1.0 and parameters: {'n_neighbors': 3, 'leaf_size': 22, 'p': 2}. Best is trial 0 with value: 1.0.
[I 2026-04-07 02:07:23,389] Trial 23 finished with value: 1.0 and parameters: {'n_neighbors': 4, 'leaf_size': 26, 'p': 2}. Best is trial 0 with value: 1.0.
[I 2026-04-07 02:07:23,413] Trial 24 finished with value: 1.0 and parameters: {'n_neighbors': 3, 'leaf_size': 28, 'p': 2}. Best is trial 0 with value: 1.0.
[I 2026-04-07 02:07:23,437] Trial 25 finished with value: 1.0 and parameters: {'n_neighbors': 4, 'leaf_size': 32, 'p': 2}. Best is trial 0 with value: 1.0.
[I 2026-04-07 02:07:23,473] Trial 26 finished with value: 1.0 and parameters: {'n_neighbors': 5, 'leaf_size': 29, 'p': 2}. Best is trial 0 with value: 1.0.
[I 2026-04-07 02:07:23,500] Trial 27 finished with value: 1.0 and parameters: {'n_neighbors': 3, 'leaf_size': 25, 'p': 1}. Best is trial 0 with value: 1.0.
[I 2026-04-07 02:07:23,523] Trial 28 finished with value: 1.0 and parameters: {'n_neighbors': 4, 'leaf_size': 27, 'p': 2}. Best is trial 0 with value: 1.0.
[I 2026-04-07 02:07:23,559] Trial 29 finished with value: 1.0 and parameters: {'n_neighbors': 6, 'leaf_size': 21, 'p': 1}. Best is trial 0 with value: 1.0.
[I 2026-04-07 02:07:24,655] A new study created in memory with name: xgb
[I 2026-04-07 02:07:24,681] Trial 0 finished with value: 1.0 and parameters: {'n_estimators': 40, 'max_depth': 30, 'gamma': 0.47665736245940726, 'subsample': 0.6240505842067796, 'colsample_bytree': 0.542029825582675}. Best is trial 0 with value: 1.0.
[I 2026-04-07 02:07:24,719] Trial 1 finished with value: 0.95 and parameters: {'n_estimators': 100, 'max_depth': 5, 'gamma': 0.6154838340124683, 'subsample': 0.9490035591125747, 'colsample_bytree': 0.8334494864598183}. Best is trial 0 with value: 1.0.
