[I 2026-04-07 02:58:40,488] Trial 12 finished with value: 0.95 and parameters: {'n_estimators': 363, 'max_depth': 15, 'min_samples_split': 3, 'min_samples_leaf': 1}. Best is trial 10 with value: 0.95.
[I 2026-04-07 02:58:40,862] Trial 13 finished with value: 0.95 and parameters: {'n_estimators': 348, 'max_depth': 12, 'min_samples_split': 4, 'min_samples_leaf': 1}. Best is trial 10 with value: 0.95.
[I 2026-04-07 02:58:41,358] Trial 14 finished with value: 0.9 and parameters: {'n_estimators': 474, 'max_depth': 12, 'min_samples_split': 7, 'min_samples_leaf': 2}. Best is trial 10 with value: 0.95.
[I 2026-04-07 02:58:41,816] Trial 15 finished with value: 0.95 and parameters: {'n_estimators': 390, 'max_depth': 17, 'min_samples_split': 2, 'min_samples_leaf': 2}. Best is trial 10 with value: 0.95.
[I 2026-04-07 02:58:42,209] Trial 16 finished with value: 0.925 and parameters: {'n_estimators': 320, 'max_depth': 10, 'min_samples_split': 4, 'min_samples_leaf': 1}. Best is trial 10 with value: 0.95.
[I 2026-04-07 02:58:42,732] Trial 17 finished with value: 0.775 and parameters: {'n_estimators': 498, 'max_depth': 14, 'min_samples_split': 4, 'min_samples_leaf': 10}. Best is trial 10 with value: 0.95.
[I 2026-04-07 02:58:43,229] Trial 18 finished with value: 0.95 and parameters: {'n_estimators': 426, 'max_depth': 17, 'min_samples_split': 6, 'min_samples_leaf': 2}. Best is trial 10 with value: 0.95.
[I 2026-04-07 02:58:43,655] Trial 19 finished with value: 0.925 and parameters: {'n_estimators': 353, 'max_depth': 13, 'min_samples_split': 3, 'min_samples_leaf': 3}. Best is trial 10 with value: 0.95.
[I 2026-04-07 02:58:44,031] Trial 20 finished with value: 0.775 and parameters: {'n_estimators': 308, 'max_depth': 10, 'min_samples_split': 8, 'min_samples_leaf': 8}. Best is trial 10 with value: 0.95.
[I 2026-04-07 02:58:44,468] Trial 21 finished with value: 0.925 and parameters: {'n_estimators': 371, 'max_depth': 18, 'min_samples_split': 3, 'min_samples_leaf': 1}. Best is trial 10 with value: 0.95.
[I 2026-04-07 02:58:44,833] Trial 22 finished with value: 0.925 and parameters: {'n_estimators': 336, 'max_depth': 15, 'min_samples_split': 3, 'min_samples_leaf': 1}. Best is trial 10 with value: 0.95.
[I 2026-04-07 02:58:45,268] Trial 23 finished with value: 0.875 and parameters: {'n_estimators': 411, 'max_depth': 14, 'min_samples_split': 4, 'min_samples_leaf': 3}. Best is trial 10 with value: 0.95.
[I 2026-04-07 02:58:45,624] Trial 24 finished with value: 0.875 and parameters: {'n_estimators': 282, 'max_depth': 18, 'min_samples_split': 2, 'min_samples_leaf': 2}. Best is trial 10 with value: 0.95.
[I 2026-04-07 02:58:46,061] Trial 25 finished with value: 0.95 and parameters: {'n_estimators': 372, 'max_depth': 16, 'min_samples_split': 5, 'min_samples_leaf': 1}. Best is trial 10 with value: 0.95.
[I 2026-04-07 02:58:46,516] Trial 26 finished with value: 0.875 and parameters: {'n_estimators': 431, 'max_depth': 14, 'min_samples_split': 6, 'min_samples_leaf': 3}. Best is trial 10 with value: 0.95.
[I 2026-04-07 02:58:46,972] Trial 27 finished with value: 0.95 and parameters: {'n_estimators': 379, 'max_depth': 8, 'min_samples_split': 3, 'min_samples_leaf': 2}. Best is trial 10 with value: 0.95.
[I 2026-04-07 02:58:47,339] Trial 28 finished with value: 0.95 and parameters: {'n_estimators': 278, 'max_depth': 18, 'min_samples_split': 4, 'min_samples_leaf': 1}. Best is trial 10 with value: 0.95.
[I 2026-04-07 02:58:47,858] Trial 29 finished with value: 0.925 and parameters: {'n_estimators': 452, 'max_depth': 13, 'min_samples_split': 2, 'min_samples_leaf': 2}. Best is trial 10 with value: 0.95.
[I 2026-04-07 02:58:53,102] A new study created in memory with name: mlp
[I 2026-04-07 02:58:53,147] Trial 0 finished with value: 0.8 and parameters: {'hidden_layer_sizes': (200,), 'max_iter': 50, 'alpha': 0.001}. Best is trial 0 with value: 0.8.
[I 2026-04-07 02:58:53,192] Trial 1 finished with value: 0.9 and parameters: {'hidden_layer_sizes': (200,), 'max_iter': 50, 'alpha': 0.0001}. Best is trial 1 with value: 0.9.
[I 2026-04-07 02:58:53,238] Trial 2 finished with value: 0.85 and parameters: {'hidden_layer_sizes': (100,), 'max_iter': 50, 'alpha': 0.0001}. Best is trial 1 with value: 0.9.
[I 2026-04-07 02:58:53,294] Trial 3 finished with value: 0.925 and parameters: {'hidden_layer_sizes': (100,), 'max_iter': 100, 'alpha': 0.001}. Best is trial 3 with value: 0.925.
[I 2026-04-07 02:58:53,350] Trial 4 finished with value: 0.925 and parameters: {'hidden_layer_sizes': (200,), 'max_iter': 100, 'alpha': 0.001}. Best is trial 3 with value: 0.925.
[I 2026-04-07 02:58:53,387] Trial 5 finished with value: 0.9 and parameters: {'hidden_layer_sizes': (200,), 'max_iter': 50, 'alpha': 0.001}. Best is trial 3 with value: 0.925.
[I 2026-04-07 02:58:53,443] Trial 6 finished with value: 0.9 and parameters: {'hidden_layer_sizes': (100,), 'max_iter': 100, 'alpha': 0.0001}. Best is trial 3 with value: 0.925.
[I 2026-04-07 02:58:53,489] Trial 7 finished with value: 0.9 and parameters: {'hidden_layer_sizes': (100, 100), 'max_iter': 50, 'alpha': 0.0001}. Best is trial 3 with value: 0.925.
[I 2026-04-07 02:58:53,556] Trial 8 finished with value: 0.9 and parameters: {'hidden_layer_sizes': (100, 100), 'max_iter': 100, 'alpha': 0.0001}. Best is trial 3 with value: 0.925.
[I 2026-04-07 02:58:53,591] Trial 9 finished with value: 0.85 and parameters: {'hidden_layer_sizes': (100,), 'max_iter': 50, 'alpha': 0.001}. Best is trial 3 with value: 0.925.
[I 2026-04-07 02:58:53,650] Trial 10 finished with value: 0.925 and parameters: {'hidden_layer_sizes': (100,), 'max_iter': 100, 'alpha': 0.001}. Best is trial 3 with value: 0.925.
[I 2026-04-07 02:58:53,708] Trial 11 finished with value: 0.9 and parameters: {'hidden_layer_sizes': (200,), 'max_iter': 100, 'alpha': 0.001}. Best is trial 3 with value: 0.925.
[I 2026-04-07 02:58:53,756] Trial 12 finished with value: 0.925 and parameters: {'hidden_layer_sizes': (100,), 'max_iter': 100, 'alpha': 0.001}. Best is trial 3 with value: 0.925.
[I 2026-04-07 02:58:53,825] Trial 13 finished with value: 0.925 and parameters: {'hidden_layer_sizes': (200,), 'max_iter': 100, 'alpha': 0.001}. Best is trial 3 with value: 0.925.
[I 2026-04-07 02:58:53,924] Trial 14 finished with value: 0.875 and parameters: {'hidden_layer_sizes': (100, 100), 'max_iter': 100, 'alpha': 0.001}. Best is trial 3 with value: 0.925.
[I 2026-04-07 02:58:53,992] Trial 15 finished with value: 0.925 and parameters: {'hidden_layer_sizes': (100,), 'max_iter': 100, 'alpha': 0.001}. Best is trial 3 with value: 0.925.
[I 2026-04-07 02:58:54,047] Trial 16 finished with value: 0.925 and parameters: {'hidden_layer_sizes': (200,), 'max_iter': 100, 'alpha': 0.001}. Best is trial 3 with value: 0.925.
[I 2026-04-07 02:58:54,091] Trial 17 finished with value: 0.9 and parameters: {'hidden_layer_sizes': (200,), 'max_iter': 100, 'alpha': 0.001}. Best is trial 3 with value: 0.925.
[I 2026-04-07 02:58:54,136] Trial 18 finished with value: 0.925 and parameters: {'hidden_layer_sizes': (100,), 'max_iter': 100, 'alpha': 0.001}. Best is trial 3 with value: 0.925.
[I 2026-04-07 02:58:54,204] Trial 19 finished with value: 0.875 and parameters: {'hidden_layer_sizes': (100, 100), 'max_iter': 100, 'alpha': 0.001}. Best is trial 3 with value: 0.925.
[I 2026-04-07 02:58:54,248] Trial 20 finished with value: 0.925 and parameters: {'hidden_layer_sizes': (100,), 'max_iter': 100, 'alpha': 0.001}. Best is trial 3 with value: 0.925.
[I 2026-04-07 02:58:54,303] Trial 21 finished with value: 0.9 and parameters: {'hidden_layer_sizes': (100,), 'max_iter': 100, 'alpha': 0.001}. Best is trial 3 with value: 0.925.
[I 2026-04-07 02:58:54,337] Trial 22 finished with value: 0.925 and parameters: {'hidden_layer_sizes': (100,), 'max_iter': 100, 'alpha': 0.001}. Best is trial 3 with value: 0.925.
[I 2026-04-07 02:58:54,386] Trial 23 finished with value: 0.925 and parameters: {'hidden_layer_sizes': (100,), 'max_iter': 100, 'alpha': 0.001}. Best is trial 3 with value: 0.925.
[I 2026-04-07 02:58:54,435] Trial 24 finished with value: 0.925 and parameters: {'hidden_layer_sizes': (100,), 'max_iter': 100, 'alpha': 0.001}. Best is trial 3 with value: 0.925.
[I 2026-04-07 02:58:54,483] Trial 25 finished with value: 0.925 and parameters: {'hidden_layer_sizes': (200,), 'max_iter': 100, 'alpha': 0.001}. Best is trial 3 with value: 0.925.
[I 2026-04-07 02:58:54,532] Trial 26 finished with value: 0.875 and parameters: {'hidden_layer_sizes': (100,), 'max_iter': 100, 'alpha': 0.0001}. Best is trial 3 with value: 0.925.
[I 2026-04-07 02:58:54,601] Trial 27 finished with value: 0.875 and parameters: {'hidden_layer_sizes': (100,), 'max_iter': 100, 'alpha': 0.001}. Best is trial 3 with value: 0.925.
[I 2026-04-07 02:58:54,670] Trial 28 finished with value: 0.9 and parameters: {'hidden_layer_sizes': (100, 100), 'max_iter': 100, 'alpha': 0.001}. Best is trial 3 with value: 0.925.
[I 2026-04-07 02:58:54,710] Trial 29 finished with value: 0.9 and parameters: {'hidden_layer_sizes': (200,), 'max_iter': 50, 'alpha': 0.001}. Best is trial 3 with value: 0.925.
[I 2026-04-07 02:59:01,563] A new study created in memory with name: naive_bayes
[I 2026-04-07 02:59:01,578] Trial 0 finished with value: 0.775 and parameters: {'var_smoothing': 5.582886587978182e-09}. Best is trial 0 with value: 0.775.
[I 2026-04-07 02:59:01,592] Trial 1 finished with value: 0.775 and parameters: {'var_smoothing': 8.651299071518215e-09}. Best is trial 0 with value: 0.775.
[I 2026-04-07 02:59:01,606] Trial 2 finished with value: 0.775 and parameters: {'var_smoothing': 5.475062490474489e-09}. Best is trial 0 with value: 0.775.
[I 2026-04-07 02:59:01,619] Trial 3 finished with value: 0.775 and parameters: {'var_smoothing': 1.1526869678723134e-09}. Best is trial 0 with value: 0.775.
[I 2026-04-07 02:59:01,632] Trial 4 finished with value: 0.8 and parameters: {'var_smoothing': 2.920496270341785e-10}. Best is trial 4 with value: 0.8.
[I 2026-04-07 02:59:01,645] Trial 5 finished with value: 0.8 and parameters: {'var_smoothing': 1.0538956417705805e-10}. Best is trial 4 with value: 0.8.
[I 2026-04-07 02:59:01,658] Trial 6 finished with value: 0.775 and parameters: {'var_smoothing': 7.260016982331591e-10}. Best is trial 4 with value: 0.8.
[I 2026-04-07 02:59:01,671] Trial 7 finished with value: 0.775 and parameters: {'var_smoothing': 6.378267364653917e-10}. Best is trial 4 with value: 0.8.
[I 2026-04-07 02:59:01,684] Trial 8 finished with value: 0.775 and parameters: {'var_smoothing': 1.1100673847791952e-09}. Best is trial 4 with value: 0.8.
[I 2026-04-07 02:59:01,698] Trial 9 finished with value: 0.775 and parameters: {'var_smoothing': 9.052813879088377e-10}. Best is trial 4 with value: 0.8.
[I 2026-04-07 02:59:01,716] Trial 10 finished with value: 0.8 and parameters: {'var_smoothing': 1.4176318999640743e-10}. Best is trial 4 with value: 0.8.
[I 2026-04-07 02:59:01,732] Trial 11 finished with value: 0.8 and parameters: {'var_smoothing': 1.308098725427671e-10}. Best is trial 4 with value: 0.8.
[I 2026-04-07 02:59:01,752] Trial 12 finished with value: 0.8 and parameters: {'var_smoothing': 2.8161474043615367e-10}. Best is trial 4 with value: 0.8.
[I 2026-04-07 02:59:01,772] Trial 13 finished with value: 0.8 and parameters: {'var_smoothing': 2.8801122575935713e-10}. Best is trial 4 with value: 0.8.
[I 2026-04-07 02:59:01,791] Trial 14 finished with value: 0.8 and parameters: {'var_smoothing': 3.140593514346022e-10}. Best is trial 4 with value: 0.8.
[I 2026-04-07 02:59:01,809] Trial 15 finished with value: 0.8 and parameters: {'var_smoothing': 1.2339859936866644e-10}. Best is trial 4 with value: 0.8.
[I 2026-04-07 02:59:01,839] Trial 16 finished with value: 0.8 and parameters: {'var_smoothing': 2.25727231553455e-10}. Best is trial 4 with value: 0.8.
[I 2026-04-07 02:59:01,858] Trial 17 finished with value: 0.775 and parameters: {'var_smoothing': 4.626157394137276e-10}. Best is trial 4 with value: 0.8.
[I 2026-04-07 02:59:01,875] Trial 18 finished with value: 0.8 and parameters: {'var_smoothing': 1.004656801485395e-10}. Best is trial 4 with value: 0.8.
[I 2026-04-07 02:59:01,895] Trial 19 finished with value: 0.775 and parameters: {'var_smoothing': 2.216125571639067e-09}. Best is trial 4 with value: 0.8.
[I 2026-04-07 02:59:01,913] Trial 20 finished with value: 0.8 and parameters: {'var_smoothing': 1.655562135393522e-10}. Best is trial 4 with value: 0.8.
[I 2026-04-07 02:59:01,933] Trial 21 finished with value: 0.8 and parameters: {'var_smoothing': 1.8499423876134572e-10}. Best is trial 4 with value: 0.8.
[I 2026-04-07 02:59:01,962] Trial 22 finished with value: 0.775 and parameters: {'var_smoothing': 4.564632281418233e-10}. Best is trial 4 with value: 0.8.
[I 2026-04-07 02:59:01,982] Trial 23 finished with value: 0.8 and parameters: {'var_smoothing': 1.0205997598345584e-10}. Best is trial 4 with value: 0.8.
[I 2026-04-07 02:59:02,001] Trial 24 finished with value: 0.8 and parameters: {'var_smoothing': 1.6738774057090002e-10}. Best is trial 4 with value: 0.8.
[I 2026-04-07 02:59:02,018] Trial 25 finished with value: 0.8 and parameters: {'var_smoothing': 4.017219792340738e-10}. Best is trial 4 with value: 0.8.
[I 2026-04-07 02:59:02,038] Trial 26 finished with value: 0.8 and parameters: {'var_smoothing': 2.166758261516158e-10}. Best is trial 4 with value: 0.8.
[I 2026-04-07 02:59:02,058] Trial 27 finished with value: 0.775 and parameters: {'var_smoothing': 2.0421263037015397e-09}. Best is trial 4 with value: 0.8.
[I 2026-04-07 02:59:02,078] Trial 28 finished with value: 0.8 and parameters: {'var_smoothing': 1.4341027074873066e-10}. Best is trial 4 with value: 0.8.
[I 2026-04-07 02:59:02,097] Trial 29 finished with value: 0.8 and parameters: {'var_smoothing': 2.4247589863748873e-10}. Best is trial 4 with value: 0.8.
[I 2026-04-07 02:59:02,528] A new study created in memory with name: logreg
[I 2026-04-07 02:59:02,562] Trial 0 finished with value: 0.875 and parameters: {'C': 23.288794782471303, 'penalty': 'l2'}. Best is trial 0 with value: 0.875.
[I 2026-04-07 02:59:02,587] Trial 1 finished with value: 0.85 and parameters: {'C': 69.61507800412923, 'penalty': 'l2'}. Best is trial 0 with value: 0.875.
[I 2026-04-07 02:59:02,622] Trial 2 finished with value: 0.875 and parameters: {'C': 22.180569925473442, 'penalty': 'l2'}. Best is trial 0 with value: 0.875.
[I 2026-04-07 02:59:02,647] Trial 3 finished with value: 0.775 and parameters: {'C': 0.4511058486037652, 'penalty': 'l2'}. Best is trial 0 with value: 0.875.
[I 2026-04-07 02:59:02,672] Trial 4 finished with value: 0.625 and parameters: {'C': 0.014576110093994574, 'penalty': 'l2'}. Best is trial 0 with value: 0.875.
[I 2026-04-07 02:59:02,687] Trial 5 finished with value: 0.55 and parameters: {'C': 0.0011402340906886685, 'penalty': 'l2'}. Best is trial 0 with value: 0.875.
[I 2026-04-07 02:59:02,711] Trial 6 finished with value: 0.7 and parameters: {'C': 0.14201822862985758, 'penalty': 'l2'}. Best is trial 0 with value: 0.875.
[I 2026-04-07 02:59:02,736] Trial 7 finished with value: 0.7 and parameters: {'C': 0.1027440782219989, 'penalty': 'l2'}. Best is trial 0 with value: 0.875.
[I 2026-04-07 02:59:02,761] Trial 8 finished with value: 0.775 and parameters: {'C': 0.41055690122086846, 'penalty': 'l2'}. Best is trial 0 with value: 0.875.
[I 2026-04-07 02:59:02,786] Trial 9 finished with value: 0.725 and parameters: {'C': 0.24658064201770763, 'penalty': 'l2'}. Best is trial 0 with value: 0.875.
[I 2026-04-07 02:59:02,826] Trial 10 finished with value: 0.875 and parameters: {'C': 5.817250906722227, 'penalty': 'l2'}. Best is trial 0 with value: 0.875.
[I 2026-04-07 02:59:02,855] Trial 11 finished with value: 0.85 and parameters: {'C': 71.43440875634786, 'penalty': 'l2'}. Best is trial 0 with value: 0.875.
[I 2026-04-07 02:59:02,893] Trial 12 finished with value: 0.875 and parameters: {'C': 6.825317160972618, 'penalty': 'l2'}. Best is trial 0 with value: 0.875.
[I 2026-04-07 02:59:02,922] Trial 13 finished with value: 0.875 and parameters: {'C': 7.664984358018366, 'penalty': 'l2'}. Best is trial 0 with value: 0.875.
[I 2026-04-07 02:59:02,949] Trial 14 finished with value: 0.875 and parameters: {'C': 18.245642710813158, 'penalty': 'l2'}. Best is trial 0 with value: 0.875.
[I 2026-04-07 02:59:02,989] Trial 15 finished with value: 0.85 and parameters: {'C': 1.4876611996375217, 'penalty': 'l2'}. Best is trial 0 with value: 0.875.
[I 2026-04-07 02:59:03,019] Trial 16 finished with value: 0.85 and parameters: {'C': 1.9403923574834812, 'penalty': 'l2'}. Best is trial 0 with value: 0.875.
[I 2026-04-07 02:59:03,059] Trial 17 finished with value: 0.85 and parameters: {'C': 26.80373716573969, 'penalty': 'l2'}. Best is trial 0 with value: 0.875.
[I 2026-04-07 02:59:03,090] Trial 18 finished with value: 0.85 and parameters: {'C': 1.8306377404156253, 'penalty': 'l2'}. Best is trial 0 with value: 0.875.
[I 2026-04-07 02:59:03,121] Trial 19 finished with value: 0.65 and parameters: {'C': 0.03793093083482863, 'penalty': 'l2'}. Best is trial 0 with value: 0.875.
[I 2026-04-07 02:59:03,161] Trial 20 finished with value: 0.875 and parameters: {'C': 21.838935298940108, 'penalty': 'l2'}. Best is trial 0 with value: 0.875.
[I 2026-04-07 02:59:03,191] Trial 21 finished with value: 0.875 and parameters: {'C': 5.9265212676348415, 'penalty': 'l2'}. Best is trial 0 with value: 0.875.
[I 2026-04-07 02:59:03,229] Trial 22 finished with value: 0.85 and parameters: {'C': 78.1099519510049, 'penalty': 'l2'}. Best is trial 0 with value: 0.875.
[I 2026-04-07 02:59:03,259] Trial 23 finished with value: 0.85 and parameters: {'C': 4.016494317765493, 'penalty': 'l2'}. Best is trial 0 with value: 0.875.
[I 2026-04-07 02:59:03,288] Trial 24 finished with value: 0.85 and parameters: {'C': 25.888824657129828, 'penalty': 'l2'}. Best is trial 0 with value: 0.875.
[I 2026-04-07 02:59:03,328] Trial 25 finished with value: 0.875 and parameters: {'C': 12.49783598404351, 'penalty': 'l2'}. Best is trial 0 with value: 0.875.
[I 2026-04-07 02:59:03,368] Trial 26 finished with value: 0.85 and parameters: {'C': 3.1897785697681873, 'penalty': 'l2'}. Best is trial 0 with value: 0.875.
[I 2026-04-07 02:59:03,394] Trial 27 finished with value: 0.825 and parameters: {'C': 1.034924441783129, 'penalty': 'l2'}. Best is trial 0 with value: 0.875.
[I 2026-04-07 02:59:03,434] Trial 28 finished with value: 0.85 and parameters: {'C': 50.97766510497664, 'penalty': 'l2'}. Best is trial 0 with value: 0.875.
[I 2026-04-07 02:59:03,463] Trial 29 finished with value: 0.85 and parameters: {'C': 43.534855052673144, 'penalty': 'l2'}. Best is trial 0 with value: 0.875.
[I 2026-04-07 02:59:04,302] A new study created in memory with name: knn
[I 2026-04-07 02:59:04,317] Trial 0 finished with value: 0.625 and parameters: {'n_neighbors': 9, 'leaf_size': 40, 'p': 1}. Best is trial 0 with value: 0.625.
[I 2026-04-07 02:59:04,330] Trial 1 finished with value: 0.725 and parameters: {'n_neighbors': 4, 'leaf_size': 20, 'p': 1}. Best is trial 1 with value: 0.725.
[I 2026-04-07 02:59:04,355] Trial 2 finished with value: 0.725 and parameters: {'n_neighbors': 7, 'leaf_size': 30, 'p': 1}. Best is trial 1 with value: 0.725.
[I 2026-04-07 02:59:04,380] Trial 3 finished with value: 0.625 and parameters: {'n_neighbors': 9, 'leaf_size': 34, 'p': 1}. Best is trial 1 with value: 0.725.
[I 2026-04-07 02:59:04,394] Trial 4 finished with value: 0.775 and parameters: {'n_neighbors': 5, 'leaf_size': 40, 'p': 1}. Best is trial 4 with value: 0.775.
[I 2026-04-07 02:59:04,409] Trial 5 finished with value: 0.625 and parameters: {'n_neighbors': 3, 'leaf_size': 40, 'p': 2}. Best is trial 4 with value: 0.775.
[I 2026-04-07 02:59:04,422] Trial 6 finished with value: 0.625 and parameters: {'n_neighbors': 3, 'leaf_size': 24, 'p': 2}. Best is trial 4 with value: 0.775.
[I 2026-04-07 02:59:04,446] Trial 7 finished with value: 0.725 and parameters: {'n_neighbors': 5, 'leaf_size': 40, 'p': 2}. Best is trial 4 with value: 0.775.
[I 2026-04-07 02:59:04,461] Trial 8 finished with value: 0.725 and parameters: {'n_neighbors': 6, 'leaf_size': 36, 'p': 1}. Best is trial 4 with value: 0.775.
[I 2026-04-07 02:59:04,475] Trial 9 finished with value: 0.725 and parameters: {'n_neighbors': 6, 'leaf_size': 25, 'p': 1}. Best is trial 4 with value: 0.775.
[I 2026-04-07 02:59:04,500] Trial 10 finished with value: 0.7 and parameters: {'n_neighbors': 7, 'leaf_size': 32, 'p': 2}. Best is trial 4 with value: 0.775.
[I 2026-04-07 02:59:04,535] Trial 11 finished with value: 0.725 and parameters: {'n_neighbors': 4, 'leaf_size': 21, 'p': 1}. Best is trial 4 with value: 0.775.
[I 2026-04-07 02:59:04,559] Trial 12 finished with value: 0.775 and parameters: {'n_neighbors': 5, 'leaf_size': 28, 'p': 1}. Best is trial 4 with value: 0.775.
[I 2026-04-07 02:59:04,582] Trial 13 finished with value: 0.775 and parameters: {'n_neighbors': 5, 'leaf_size': 27, 'p': 1}. Best is trial 4 with value: 0.775.
[I 2026-04-07 02:59:04,614] Trial 14 finished with value: 0.75 and parameters: {'n_neighbors': 8, 'leaf_size': 28, 'p': 1}. Best is trial 4 with value: 0.775.
[I 2026-04-07 02:59:04,638] Trial 15 finished with value: 0.775 and parameters: {'n_neighbors': 5, 'leaf_size': 35, 'p': 1}. Best is trial 4 with value: 0.775.
[I 2026-04-07 02:59:04,671] Trial 16 finished with value: 0.725 and parameters: {'n_neighbors': 4, 'leaf_size': 31, 'p': 1}. Best is trial 4 with value: 0.775.
[I 2026-04-07 02:59:04,705] Trial 17 finished with value: 0.725 and parameters: {'n_neighbors': 6, 'leaf_size': 28, 'p': 1}. Best is trial 4 with value: 0.775.
[I 2026-04-07 02:59:04,731] Trial 18 finished with value: 0.65 and parameters: {'n_neighbors': 8, 'leaf_size': 37, 'p': 2}. Best is trial 4 with value: 0.775.
[I 2026-04-07 02:59:04,765] Trial 19 finished with value: 0.775 and parameters: {'n_neighbors': 5, 'leaf_size': 23, 'p': 1}. Best is trial 4 with value: 0.775.
