[I 2026-04-09 22:38:11,106] Trial 5 finished with value: 0.7333333333333333 and parameters: {'n_neighbors': 7, 'leaf_size': 25, 'p': 1}. Best is trial 1 with value: 0.75.
[I 2026-04-09 22:38:11,142] Trial 6 finished with value: 0.6833333333333333 and parameters: {'n_neighbors': 5, 'leaf_size': 23, 'p': 2}. Best is trial 1 with value: 0.75.
[I 2026-04-09 22:38:11,177] Trial 7 finished with value: 0.7333333333333333 and parameters: {'n_neighbors': 10, 'leaf_size': 23, 'p': 2}. Best is trial 1 with value: 0.75.
[I 2026-04-09 22:38:11,223] Trial 8 finished with value: 0.7833333333333333 and parameters: {'n_neighbors': 8, 'leaf_size': 36, 'p': 2}. Best is trial 8 with value: 0.7833333333333333.
[I 2026-04-09 22:38:11,270] Trial 9 finished with value: 0.6833333333333332 and parameters: {'n_neighbors': 3, 'leaf_size': 30, 'p': 2}. Best is trial 8 with value: 0.7833333333333333.
[I 2026-04-09 22:38:11,337] Trial 10 finished with value: 0.7166666666666666 and parameters: {'n_neighbors': 9, 'leaf_size': 40, 'p': 2}. Best is trial 8 with value: 0.7833333333333333.
[I 2026-04-09 22:38:11,378] Trial 11 finished with value: 0.7833333333333334 and parameters: {'n_neighbors': 8, 'leaf_size': 35, 'p': 1}. Best is trial 11 with value: 0.7833333333333334.
[I 2026-04-09 22:38:11,397] Trial 12 finished with value: 0.7833333333333334 and parameters: {'n_neighbors': 8, 'leaf_size': 35, 'p': 1}. Best is trial 11 with value: 0.7833333333333334.
[I 2026-04-09 22:38:11,416] Trial 13 finished with value: 0.7833333333333334 and parameters: {'n_neighbors': 8, 'leaf_size': 34, 'p': 1}. Best is trial 11 with value: 0.7833333333333334.
[I 2026-04-09 22:38:11,446] Trial 14 finished with value: 0.7833333333333334 and parameters: {'n_neighbors': 10, 'leaf_size': 35, 'p': 1}. Best is trial 11 with value: 0.7833333333333334.
[I 2026-04-09 22:38:11,477] Trial 15 finished with value: 0.7833333333333334 and parameters: {'n_neighbors': 8, 'leaf_size': 30, 'p': 1}. Best is trial 11 with value: 0.7833333333333334.
[I 2026-04-09 22:38:11,503] Trial 16 finished with value: 0.7333333333333334 and parameters: {'n_neighbors': 9, 'leaf_size': 32, 'p': 1}. Best is trial 11 with value: 0.7833333333333334.
[I 2026-04-09 22:38:11,532] Trial 17 finished with value: 0.7333333333333333 and parameters: {'n_neighbors': 7, 'leaf_size': 37, 'p': 1}. Best is trial 11 with value: 0.7833333333333334.
[I 2026-04-09 22:38:11,560] Trial 18 finished with value: 0.7333333333333334 and parameters: {'n_neighbors': 9, 'leaf_size': 40, 'p': 1}. Best is trial 11 with value: 0.7833333333333334.
[I 2026-04-09 22:38:11,583] Trial 19 finished with value: 0.7333333333333333 and parameters: {'n_neighbors': 7, 'leaf_size': 28, 'p': 1}. Best is trial 11 with value: 0.7833333333333334.
[I 2026-04-09 22:38:11,619] Trial 20 finished with value: 0.7833333333333334 and parameters: {'n_neighbors': 8, 'leaf_size': 33, 'p': 1}. Best is trial 11 with value: 0.7833333333333334.
[I 2026-04-09 22:38:11,656] Trial 21 finished with value: 0.7833333333333334 and parameters: {'n_neighbors': 8, 'leaf_size': 35, 'p': 1}. Best is trial 11 with value: 0.7833333333333334.
[I 2026-04-09 22:38:11,682] Trial 22 finished with value: 0.7333333333333334 and parameters: {'n_neighbors': 9, 'leaf_size': 34, 'p': 1}. Best is trial 11 with value: 0.7833333333333334.
[I 2026-04-09 22:38:11,710] Trial 23 finished with value: 0.7833333333333334 and parameters: {'n_neighbors': 8, 'leaf_size': 38, 'p': 1}. Best is trial 11 with value: 0.7833333333333334.
[I 2026-04-09 22:38:11,745] Trial 24 finished with value: 0.7333333333333333 and parameters: {'n_neighbors': 7, 'leaf_size': 30, 'p': 1}. Best is trial 11 with value: 0.7833333333333334.
[I 2026-04-09 22:38:11,768] Trial 25 finished with value: 0.7833333333333334 and parameters: {'n_neighbors': 10, 'leaf_size': 33, 'p': 1}. Best is trial 11 with value: 0.7833333333333334.
[I 2026-04-09 22:38:11,788] Trial 26 finished with value: 0.7333333333333334 and parameters: {'n_neighbors': 9, 'leaf_size': 37, 'p': 1}. Best is trial 11 with value: 0.7833333333333334.
[I 2026-04-09 22:38:11,808] Trial 27 finished with value: 0.7833333333333334 and parameters: {'n_neighbors': 8, 'leaf_size': 35, 'p': 1}. Best is trial 11 with value: 0.7833333333333334.
[I 2026-04-09 22:38:11,843] Trial 28 finished with value: 0.7333333333333333 and parameters: {'n_neighbors': 7, 'leaf_size': 31, 'p': 1}. Best is trial 11 with value: 0.7833333333333334.
[I 2026-04-09 22:38:11,879] Trial 29 finished with value: 0.7 and parameters: {'n_neighbors': 5, 'leaf_size': 38, 'p': 1}. Best is trial 11 with value: 0.7833333333333334.
[I 2026-04-09 22:38:13,878] A new study created in memory with name: xgb
[I 2026-04-09 22:38:13,940] Trial 0 finished with value: 0.9666666666666668 and parameters: {'n_estimators': 40, 'max_depth': 5, 'gamma': 0.789317070832284, 'subsample': 0.7592089939364717, 'colsample_bytree': 0.648400250788111}. Best is trial 0 with value: 0.9666666666666668.
[I 2026-04-09 22:38:13,990] Trial 1 finished with value: 0.95 and parameters: {'n_estimators': 100, 'max_depth': 30, 'gamma': 0.34667781579300216, 'subsample': 0.7071175095405257, 'colsample_bytree': 0.6480399663668239}. Best is trial 0 with value: 0.9666666666666668.
[I 2026-04-09 22:38:14,037] Trial 2 finished with value: 0.9333333333333333 and parameters: {'n_estimators': 10, 'max_depth': 20, 'gamma': 0.3948075529198607, 'subsample': 0.5720821503267102, 'colsample_bytree': 0.5828064306006338}. Best is trial 0 with value: 0.9666666666666668.
[I 2026-04-09 22:38:14,086] Trial 3 finished with value: 0.9666666666666668 and parameters: {'n_estimators': 10, 'max_depth': 30, 'gamma': 0.8015631269999768, 'subsample': 0.5114665462195407, 'colsample_bytree': 0.788831429064878}. Best is trial 0 with value: 0.9666666666666668.
[I 2026-04-09 22:38:14,144] Trial 4 finished with value: 0.95 and parameters: {'n_estimators': 100, 'max_depth': 5, 'gamma': 0.8834347783013348, 'subsample': 0.961374806972835, 'colsample_bytree': 0.5011071062662218}. Best is trial 0 with value: 0.9666666666666668.
[I 2026-04-09 22:38:14,194] Trial 5 finished with value: 0.9833333333333334 and parameters: {'n_estimators': 40, 'max_depth': 5, 'gamma': 0.5364379674896123, 'subsample': 0.5145557818363589, 'colsample_bytree': 0.5432628442011025}. Best is trial 5 with value: 0.9833333333333334.
[I 2026-04-09 22:38:14,250] Trial 6 finished with value: 0.9333333333333333 and parameters: {'n_estimators': 100, 'max_depth': 20, 'gamma': 0.6718205850237038, 'subsample': 0.9059511955902053, 'colsample_bytree': 0.9633413076219371}. Best is trial 5 with value: 0.9833333333333334.
[I 2026-04-09 22:38:14,297] Trial 7 finished with value: 0.8833333333333334 and parameters: {'n_estimators': 10, 'max_depth': 30, 'gamma': 0.8165284487704038, 'subsample': 0.5255714015506736, 'colsample_bytree': 0.594333867896554}. Best is trial 5 with value: 0.9833333333333334.
[I 2026-04-09 22:38:14,360] Trial 8 finished with value: 0.95 and parameters: {'n_estimators': 100, 'max_depth': 20, 'gamma': 0.6251497693480509, 'subsample': 0.9696496759824258, 'colsample_bytree': 0.9717700410079397}. Best is trial 5 with value: 0.9833333333333334.
[I 2026-04-09 22:38:14,420] Trial 9 finished with value: 0.9666666666666668 and parameters: {'n_estimators': 40, 'max_depth': 30, 'gamma': 0.9649927737686168, 'subsample': 0.6857563076640036, 'colsample_bytree': 0.5061847058001788}. Best is trial 5 with value: 0.9833333333333334.
[I 2026-04-09 22:38:14,495] Trial 10 finished with value: 0.9333333333333333 and parameters: {'n_estimators': 40, 'max_depth': 5, 'gamma': 0.17962098877423716, 'subsample': 0.8185311023645913, 'colsample_bytree': 0.7898330861721071}. Best is trial 5 with value: 0.9833333333333334.
[I 2026-04-09 22:38:14,558] Trial 11 finished with value: 0.9333333333333333 and parameters: {'n_estimators': 40, 'max_depth': 5, 'gamma': 0.48596480023844024, 'subsample': 0.8008577629494058, 'colsample_bytree': 0.702161796405997}. Best is trial 5 with value: 0.9833333333333334.
[I 2026-04-09 22:38:14,597] Trial 12 finished with value: 0.9166666666666667 and parameters: {'n_estimators': 40, 'max_depth': 5, 'gamma': 0.7075844085314806, 'subsample': 0.6350278457846134, 'colsample_bytree': 0.7136404265878388}. Best is trial 5 with value: 0.9833333333333334.
[I 2026-04-09 22:38:14,636] Trial 13 finished with value: 0.95 and parameters: {'n_estimators': 40, 'max_depth': 5, 'gamma': 0.5268615503101213, 'subsample': 0.7844515830692418, 'colsample_bytree': 0.5964277392586586}. Best is trial 5 with value: 0.9833333333333334.
[I 2026-04-09 22:38:14,682] Trial 14 finished with value: 0.9166666666666667 and parameters: {'n_estimators': 40, 'max_depth': 5, 'gamma': 0.2409007967230276, 'subsample': 0.615347780324236, 'colsample_bytree': 0.6566276780122275}. Best is trial 5 with value: 0.9833333333333334.
[I 2026-04-09 22:38:14,721] Trial 15 finished with value: 0.9333333333333333 and parameters: {'n_estimators': 40, 'max_depth': 5, 'gamma': 0.9993933231809418, 'subsample': 0.8672886392732249, 'colsample_bytree': 0.8604557310580807}. Best is trial 5 with value: 0.9833333333333334.
[I 2026-04-09 22:38:14,761] Trial 16 finished with value: 0.9 and parameters: {'n_estimators': 40, 'max_depth': 5, 'gamma': 0.5910840220265552, 'subsample': 0.727597663735162, 'colsample_bytree': 0.5594065593048707}. Best is trial 5 with value: 0.9833333333333334.
[I 2026-04-09 22:38:14,801] Trial 17 finished with value: 0.95 and parameters: {'n_estimators': 40, 'max_depth': 5, 'gamma': 0.7280675696012222, 'subsample': 0.6501162750724356, 'colsample_bytree': 0.6495878208796867}. Best is trial 5 with value: 0.9833333333333334.
[I 2026-04-09 22:38:14,839] Trial 18 finished with value: 0.9666666666666668 and parameters: {'n_estimators': 40, 'max_depth': 5, 'gamma': 0.44300954879266374, 'subsample': 0.7574477032743693, 'colsample_bytree': 0.5366375677665303}. Best is trial 5 with value: 0.9833333333333334.
[I 2026-04-09 22:38:14,881] Trial 19 finished with value: 0.9 and parameters: {'n_estimators': 10, 'max_depth': 20, 'gamma': 0.2792048953739036, 'subsample': 0.8551761586817276, 'colsample_bytree': 0.6232759384618629}. Best is trial 5 with value: 0.9833333333333334.
[I 2026-04-09 22:38:14,925] Trial 20 finished with value: 0.9166666666666667 and parameters: {'n_estimators': 40, 'max_depth': 5, 'gamma': 0.5576205484803076, 'subsample': 0.5829627159306838, 'colsample_bytree': 0.7055230346742426}. Best is trial 5 with value: 0.9833333333333334.
[I 2026-04-09 22:38:14,959] Trial 21 finished with value: 0.9333333333333333 and parameters: {'n_estimators': 10, 'max_depth': 30, 'gamma': 0.8016899675313478, 'subsample': 0.5198071376740079, 'colsample_bytree': 0.7871860120176107}. Best is trial 5 with value: 0.9833333333333334.
[I 2026-04-09 22:38:14,988] Trial 22 finished with value: 0.9333333333333333 and parameters: {'n_estimators': 10, 'max_depth': 30, 'gamma': 0.7997559903945286, 'subsample': 0.5056368305063311, 'colsample_bytree': 0.8640687836909875}. Best is trial 5 with value: 0.9833333333333334.
[I 2026-04-09 22:38:15,013] Trial 23 finished with value: 0.9333333333333333 and parameters: {'n_estimators': 10, 'max_depth': 30, 'gamma': 0.8814838734730219, 'subsample': 0.5833783610024017, 'colsample_bytree': 0.8452731860824613}. Best is trial 5 with value: 0.9833333333333334.
[I 2026-04-09 22:38:15,051] Trial 24 finished with value: 0.9333333333333333 and parameters: {'n_estimators': 10, 'max_depth': 30, 'gamma': 0.6684352363577584, 'subsample': 0.6762958913128817, 'colsample_bytree': 0.7587409919812669}. Best is trial 5 with value: 0.9833333333333334.
[I 2026-04-09 22:38:15,089] Trial 25 finished with value: 0.9 and parameters: {'n_estimators': 10, 'max_depth': 30, 'gamma': 0.10419992365893271, 'subsample': 0.5571069721352915, 'colsample_bytree': 0.9306285910624859}. Best is trial 5 with value: 0.9833333333333334.
[I 2026-04-09 22:38:15,137] Trial 26 finished with value: 0.95 and parameters: {'n_estimators': 40, 'max_depth': 5, 'gamma': 0.7515417232791363, 'subsample': 0.7403036612663063, 'colsample_bytree': 0.8192151386576041}. Best is trial 5 with value: 0.9833333333333334.
[I 2026-04-09 22:38:15,166] Trial 27 finished with value: 0.95 and parameters: {'n_estimators': 40, 'max_depth': 5, 'gamma': 0.9096837867444579, 'subsample': 0.6040028194964616, 'colsample_bytree': 0.679014854353707}. Best is trial 5 with value: 0.9833333333333334.
[I 2026-04-09 22:38:15,210] Trial 28 finished with value: 0.9166666666666667 and parameters: {'n_estimators': 100, 'max_depth': 20, 'gamma': 0.6435002915375736, 'subsample': 0.5297779196385388, 'colsample_bytree': 0.7454993367891264}. Best is trial 5 with value: 0.9833333333333334.
[I 2026-04-09 22:38:15,254] Trial 29 finished with value: 0.9333333333333333 and parameters: {'n_estimators': 10, 'max_depth': 30, 'gamma': 0.34512512498628867, 'subsample': 0.6830645697042959, 'colsample_bytree': 0.6173118999764038}. Best is trial 5 with value: 0.9833333333333334.
[I 2026-04-09 22:38:16,571] A new study created in memory with name: rf
[I 2026-04-09 22:38:16,807] Trial 0 finished with value: 0.9 and parameters: {'n_estimators': 189, 'max_depth': 18, 'min_samples_split': 3, 'min_samples_leaf': 10}. Best is trial 0 with value: 0.9.
[I 2026-04-09 22:38:17,254] Trial 1 finished with value: 0.9833333333333334 and parameters: {'n_estimators': 295, 'max_depth': 14, 'min_samples_split': 8, 'min_samples_leaf': 6}. Best is trial 1 with value: 0.9833333333333334.
[I 2026-04-09 22:38:17,562] Trial 2 finished with value: 0.9166666666666666 and parameters: {'n_estimators': 219, 'max_depth': 6, 'min_samples_split': 2, 'min_samples_leaf': 8}. Best is trial 1 with value: 0.9833333333333334.
[I 2026-04-09 22:38:17,916] Trial 3 finished with value: 1.0 and parameters: {'n_estimators': 276, 'max_depth': 5, 'min_samples_split': 9, 'min_samples_leaf': 3}. Best is trial 3 with value: 1.0.
[I 2026-04-09 22:38:18,243] Trial 4 finished with value: 0.9833333333333334 and parameters: {'n_estimators': 266, 'max_depth': 8, 'min_samples_split': 7, 'min_samples_leaf': 6}. Best is trial 3 with value: 1.0.
[I 2026-04-09 22:38:18,661] Trial 5 finished with value: 1.0 and parameters: {'n_estimators': 340, 'max_depth': 7, 'min_samples_split': 4, 'min_samples_leaf': 3}. Best is trial 3 with value: 1.0.
[I 2026-04-09 22:38:18,940] Trial 6 finished with value: 0.9 and parameters: {'n_estimators': 231, 'max_depth': 5, 'min_samples_split': 3, 'min_samples_leaf': 10}. Best is trial 3 with value: 1.0.
[I 2026-04-09 22:38:19,489] Trial 7 finished with value: 1.0 and parameters: {'n_estimators': 485, 'max_depth': 6, 'min_samples_split': 2, 'min_samples_leaf': 3}. Best is trial 3 with value: 1.0.
[I 2026-04-09 22:38:19,939] Trial 8 finished with value: 0.9833333333333334 and parameters: {'n_estimators': 380, 'max_depth': 17, 'min_samples_split': 2, 'min_samples_leaf': 6}. Best is trial 3 with value: 1.0.
[I 2026-04-09 22:38:20,107] Trial 9 finished with value: 0.8666666666666668 and parameters: {'n_estimators': 100, 'max_depth': 12, 'min_samples_split': 7, 'min_samples_leaf': 10}. Best is trial 3 with value: 1.0.
[I 2026-04-09 22:38:20,639] Trial 10 finished with value: 1.0 and parameters: {'n_estimators': 446, 'max_depth': 3, 'min_samples_split': 10, 'min_samples_leaf': 2}. Best is trial 3 with value: 1.0.
[I 2026-04-09 22:38:21,102] Trial 11 finished with value: 1.0 and parameters: {'n_estimators': 364, 'max_depth': 9, 'min_samples_split': 10, 'min_samples_leaf': 4}. Best is trial 3 with value: 1.0.
[I 2026-04-09 22:38:21,553] Trial 12 finished with value: 0.9833333333333334 and parameters: {'n_estimators': 379, 'max_depth': 10, 'min_samples_split': 5, 'min_samples_leaf': 1}. Best is trial 3 with value: 1.0.
[I 2026-04-09 22:38:21,964] Trial 13 finished with value: 1.0 and parameters: {'n_estimators': 321, 'max_depth': 4, 'min_samples_split': 5, 'min_samples_leaf': 4}. Best is trial 3 with value: 1.0.
[I 2026-04-09 22:38:22,177] Trial 14 finished with value: 1.0 and parameters: {'n_estimators': 173, 'max_depth': 7, 'min_samples_split': 5, 'min_samples_leaf': 1}. Best is trial 3 with value: 1.0.
[I 2026-04-09 22:38:22,588] Trial 15 finished with value: 1.0 and parameters: {'n_estimators': 334, 'max_depth': 12, 'min_samples_split': 9, 'min_samples_leaf': 4}. Best is trial 3 with value: 1.0.
[I 2026-04-09 22:38:23,086] Trial 16 finished with value: 1.0 and parameters: {'n_estimators': 419, 'max_depth': 10, 'min_samples_split': 4, 'min_samples_leaf': 3}. Best is trial 3 with value: 1.0.
[I 2026-04-09 22:38:23,428] Trial 17 finished with value: 1.0 and parameters: {'n_estimators': 276, 'max_depth': 3, 'min_samples_split': 7, 'min_samples_leaf': 2}. Best is trial 3 with value: 1.0.
[I 2026-04-09 22:38:23,636] Trial 18 finished with value: 1.0 and parameters: {'n_estimators': 110, 'max_depth': 15, 'min_samples_split': 6, 'min_samples_leaf': 5}. Best is trial 3 with value: 1.0.
[I 2026-04-09 22:38:23,968] Trial 19 finished with value: 0.9333333333333333 and parameters: {'n_estimators': 249, 'max_depth': 8, 'min_samples_split': 9, 'min_samples_leaf': 8}. Best is trial 3 with value: 1.0.
[I 2026-04-09 22:38:24,328] Trial 20 finished with value: 1.0 and parameters: {'n_estimators': 323, 'max_depth': 6, 'min_samples_split': 4, 'min_samples_leaf': 2}. Best is trial 3 with value: 1.0.
[I 2026-04-09 22:38:24,867] Trial 21 finished with value: 1.0 and parameters: {'n_estimators': 498, 'max_depth': 5, 'min_samples_split': 3, 'min_samples_leaf': 3}. Best is trial 3 with value: 1.0.
[I 2026-04-09 22:38:25,416] Trial 22 finished with value: 1.0 and parameters: {'n_estimators': 494, 'max_depth': 20, 'min_samples_split': 4, 'min_samples_leaf': 3}. Best is trial 3 with value: 1.0.
[I 2026-04-09 22:38:25,885] Trial 23 finished with value: 1.0 and parameters: {'n_estimators': 426, 'max_depth': 7, 'min_samples_split': 2, 'min_samples_leaf': 5}. Best is trial 3 with value: 1.0.
[I 2026-04-09 22:38:26,086] Trial 24 finished with value: 0.9833333333333334 and parameters: {'n_estimators': 152, 'max_depth': 5, 'min_samples_split': 6, 'min_samples_leaf': 3}. Best is trial 3 with value: 1.0.
[I 2026-04-09 22:38:26,579] Trial 25 finished with value: 1.0 and parameters: {'n_estimators': 445, 'max_depth': 10, 'min_samples_split': 3, 'min_samples_leaf': 1}. Best is trial 3 with value: 1.0.
[I 2026-04-09 22:38:26,969] Trial 26 finished with value: 1.0 and parameters: {'n_estimators': 352, 'max_depth': 7, 'min_samples_split': 8, 'min_samples_leaf': 4}. Best is trial 3 with value: 1.0.
[I 2026-04-09 22:38:27,384] Trial 27 finished with value: 1.0 and parameters: {'n_estimators': 297, 'max_depth': 4, 'min_samples_split': 4, 'min_samples_leaf': 2}. Best is trial 3 with value: 1.0.
[I 2026-04-09 22:38:27,819] Trial 28 finished with value: 1.0 and parameters: {'n_estimators': 409, 'max_depth': 9, 'min_samples_split': 6, 'min_samples_leaf': 5}. Best is trial 3 with value: 1.0.
[I 2026-04-09 22:38:28,050] Trial 29 finished with value: 1.0 and parameters: {'n_estimators': 197, 'max_depth': 6, 'min_samples_split': 2, 'min_samples_leaf': 3}. Best is trial 3 with value: 1.0.
[I 2026-04-09 22:38:32,147] A new study created in memory with name: mlp
[I 2026-04-09 22:38:32,199] Trial 0 finished with value: 0.7666666666666668 and parameters: {'hidden_layer_sizes': (200,), 'max_iter': 50, 'alpha': 0.001}. Best is trial 0 with value: 0.7666666666666668.
[I 2026-04-09 22:38:32,246] Trial 1 finished with value: 0.7666666666666668 and parameters: {'hidden_layer_sizes': (100,), 'max_iter': 100, 'alpha': 0.0001}. Best is trial 0 with value: 0.7666666666666668.
[I 2026-04-09 22:38:32,314] Trial 2 finished with value: 0.7833333333333334 and parameters: {'hidden_layer_sizes': (100,), 'max_iter': 100, 'alpha': 0.001}. Best is trial 2 with value: 0.7833333333333334.
[I 2026-04-09 22:38:32,361] Trial 3 finished with value: 0.7666666666666668 and parameters: {'hidden_layer_sizes': (200,), 'max_iter': 50, 'alpha': 0.001}. Best is trial 2 with value: 0.7833333333333334.
[I 2026-04-09 22:38:32,418] Trial 4 finished with value: 0.75 and parameters: {'hidden_layer_sizes': (100,), 'max_iter': 100, 'alpha': 0.0001}. Best is trial 2 with value: 0.7833333333333334.
[I 2026-04-09 22:38:32,488] Trial 5 finished with value: 0.7833333333333334 and parameters: {'hidden_layer_sizes': (100,), 'max_iter': 100, 'alpha': 0.001}. Best is trial 2 with value: 0.7833333333333334.
[I 2026-04-09 22:38:32,542] Trial 6 finished with value: 0.7833333333333334 and parameters: {'hidden_layer_sizes': (200,), 'max_iter': 100, 'alpha': 0.001}. Best is trial 2 with value: 0.7833333333333334.
[I 2026-04-09 22:38:32,597] Trial 7 finished with value: 0.8 and parameters: {'hidden_layer_sizes': (200,), 'max_iter': 100, 'alpha': 0.001}. Best is trial 7 with value: 0.8.
[I 2026-04-09 22:38:32,678] Trial 8 finished with value: 0.8166666666666668 and parameters: {'hidden_layer_sizes': (100,), 'max_iter': 100, 'alpha': 0.001}. Best is trial 8 with value: 0.8166666666666668.
[I 2026-04-09 22:38:32,715] Trial 9 finished with value: 0.6833333333333333 and parameters: {'hidden_layer_sizes': (100,), 'max_iter': 50, 'alpha': 0.001}. Best is trial 8 with value: 0.8166666666666668.
[I 2026-04-09 22:38:32,788] Trial 10 finished with value: 0.7000000000000002 and parameters: {'hidden_layer_sizes': (100, 100), 'max_iter': 50, 'alpha': 0.0001}. Best is trial 8 with value: 0.8166666666666668.
[I 2026-04-09 22:38:32,865] Trial 11 finished with value: 0.75 and parameters: {'hidden_layer_sizes': (100, 100), 'max_iter': 100, 'alpha': 0.001}. Best is trial 8 with value: 0.8166666666666668.
[I 2026-04-09 22:38:32,925] Trial 12 finished with value: 0.7833333333333332 and parameters: {'hidden_layer_sizes': (200,), 'max_iter': 100, 'alpha': 0.001}. Best is trial 8 with value: 0.8166666666666668.
