[I 2026-04-09 22:39:59,573] Trial 2 finished with value: 0.8333333333333334 and parameters: {'hidden_layer_sizes': (200,), 'max_iter': 100, 'alpha': 0.0001}. Best is trial 1 with value: 0.8666666666666668.
[I 2026-04-09 22:39:59,624] Trial 3 finished with value: 0.8 and parameters: {'hidden_layer_sizes': (200,), 'max_iter': 50, 'alpha': 0.001}. Best is trial 1 with value: 0.8666666666666668.
[I 2026-04-09 22:39:59,669] Trial 4 finished with value: 0.8333333333333334 and parameters: {'hidden_layer_sizes': (100, 100), 'max_iter': 50, 'alpha': 0.0001}. Best is trial 1 with value: 0.8666666666666668.
[I 2026-04-09 22:39:59,726] Trial 5 finished with value: 0.85 and parameters: {'hidden_layer_sizes': (200,), 'max_iter': 100, 'alpha': 0.0001}. Best is trial 1 with value: 0.8666666666666668.
[I 2026-04-09 22:39:59,803] Trial 6 finished with value: 0.85 and parameters: {'hidden_layer_sizes': (200,), 'max_iter': 100, 'alpha': 0.001}. Best is trial 1 with value: 0.8666666666666668.
[I 2026-04-09 22:39:59,857] Trial 7 finished with value: 0.85 and parameters: {'hidden_layer_sizes': (100,), 'max_iter': 100, 'alpha': 0.001}. Best is trial 1 with value: 0.8666666666666668.
[I 2026-04-09 22:39:59,930] Trial 8 finished with value: 0.8833333333333334 and parameters: {'hidden_layer_sizes': (100, 100), 'max_iter': 100, 'alpha': 0.0001}. Best is trial 8 with value: 0.8833333333333334.
[I 2026-04-09 22:39:59,984] Trial 9 finished with value: 0.8333333333333334 and parameters: {'hidden_layer_sizes': (200,), 'max_iter': 100, 'alpha': 0.0001}. Best is trial 8 with value: 0.8833333333333334.
[I 2026-04-09 22:40:00,028] Trial 10 finished with value: 0.8333333333333334 and parameters: {'hidden_layer_sizes': (100, 100), 'max_iter': 50, 'alpha': 0.0001}. Best is trial 8 with value: 0.8833333333333334.
[I 2026-04-09 22:40:00,103] Trial 11 finished with value: 0.8666666666666668 and parameters: {'hidden_layer_sizes': (100, 100), 'max_iter': 100, 'alpha': 0.001}. Best is trial 8 with value: 0.8833333333333334.
[I 2026-04-09 22:40:00,178] Trial 12 finished with value: 0.8666666666666668 and parameters: {'hidden_layer_sizes': (100, 100), 'max_iter': 100, 'alpha': 0.001}. Best is trial 8 with value: 0.8833333333333334.
[I 2026-04-09 22:40:00,269] Trial 13 finished with value: 0.8666666666666668 and parameters: {'hidden_layer_sizes': (100, 100), 'max_iter': 100, 'alpha': 0.001}. Best is trial 8 with value: 0.8833333333333334.
[I 2026-04-09 22:40:00,315] Trial 14 finished with value: 0.8333333333333334 and parameters: {'hidden_layer_sizes': (100, 100), 'max_iter': 50, 'alpha': 0.0001}. Best is trial 8 with value: 0.8833333333333334.
[I 2026-04-09 22:40:00,391] Trial 15 finished with value: 0.85 and parameters: {'hidden_layer_sizes': (100, 100), 'max_iter': 100, 'alpha': 0.001}. Best is trial 8 with value: 0.8833333333333334.
[I 2026-04-09 22:40:00,437] Trial 16 finished with value: 0.8166666666666668 and parameters: {'hidden_layer_sizes': (100,), 'max_iter': 100, 'alpha': 0.001}. Best is trial 8 with value: 0.8833333333333334.
[I 2026-04-09 22:40:00,536] Trial 17 finished with value: 0.8666666666666668 and parameters: {'hidden_layer_sizes': (100, 100), 'max_iter': 100, 'alpha': 0.0001}. Best is trial 8 with value: 0.8833333333333334.
[I 2026-04-09 22:40:00,584] Trial 18 finished with value: 0.85 and parameters: {'hidden_layer_sizes': (100, 100), 'max_iter': 50, 'alpha': 0.0001}. Best is trial 8 with value: 0.8833333333333334.
[I 2026-04-09 22:40:00,682] Trial 19 finished with value: 0.8666666666666668 and parameters: {'hidden_layer_sizes': (100, 100), 'max_iter': 100, 'alpha': 0.001}. Best is trial 8 with value: 0.8833333333333334.
[I 2026-04-09 22:40:00,751] Trial 20 finished with value: 0.8333333333333333 and parameters: {'hidden_layer_sizes': (100,), 'max_iter': 100, 'alpha': 0.0001}. Best is trial 8 with value: 0.8833333333333334.
[I 2026-04-09 22:40:00,827] Trial 21 finished with value: 0.8666666666666668 and parameters: {'hidden_layer_sizes': (100, 100), 'max_iter': 100, 'alpha': 0.001}. Best is trial 8 with value: 0.8833333333333334.
[I 2026-04-09 22:40:00,891] Trial 22 finished with value: 0.8833333333333334 and parameters: {'hidden_layer_sizes': (100, 100), 'max_iter': 100, 'alpha': 0.001}. Best is trial 8 with value: 0.8833333333333334.
[I 2026-04-09 22:40:00,963] Trial 23 finished with value: 0.8833333333333334 and parameters: {'hidden_layer_sizes': (100, 100), 'max_iter': 100, 'alpha': 0.001}. Best is trial 8 with value: 0.8833333333333334.
[I 2026-04-09 22:40:01,044] Trial 24 finished with value: 0.8833333333333334 and parameters: {'hidden_layer_sizes': (100, 100), 'max_iter': 100, 'alpha': 0.001}. Best is trial 8 with value: 0.8833333333333334.
[I 2026-04-09 22:40:01,124] Trial 25 finished with value: 0.8666666666666668 and parameters: {'hidden_layer_sizes': (100, 100), 'max_iter': 100, 'alpha': 0.001}. Best is trial 8 with value: 0.8833333333333334.
[I 2026-04-09 22:40:01,171] Trial 26 finished with value: 0.8 and parameters: {'hidden_layer_sizes': (100, 100), 'max_iter': 50, 'alpha': 0.001}. Best is trial 8 with value: 0.8833333333333334.
[I 2026-04-09 22:40:01,278] Trial 27 finished with value: 0.8833333333333334 and parameters: {'hidden_layer_sizes': (100, 100), 'max_iter': 100, 'alpha': 0.001}. Best is trial 8 with value: 0.8833333333333334.
[I 2026-04-09 22:40:01,328] Trial 28 finished with value: 0.8 and parameters: {'hidden_layer_sizes': (100,), 'max_iter': 100, 'alpha': 0.0001}. Best is trial 8 with value: 0.8833333333333334.
[I 2026-04-09 22:40:01,408] Trial 29 finished with value: 0.8666666666666668 and parameters: {'hidden_layer_sizes': (100, 100), 'max_iter': 100, 'alpha': 0.0001}. Best is trial 8 with value: 0.8833333333333334.
[I 2026-04-09 22:40:16,260] A new study created in memory with name: naive_bayes
[I 2026-04-09 22:40:16,276] Trial 0 finished with value: 0.8166666666666667 and parameters: {'var_smoothing': 6.10548688762798e-09}. Best is trial 0 with value: 0.8166666666666667.
[I 2026-04-09 22:40:16,289] Trial 1 finished with value: 0.8666666666666666 and parameters: {'var_smoothing': 4.6127467400935034e-10}. Best is trial 1 with value: 0.8666666666666666.
[I 2026-04-09 22:40:16,306] Trial 2 finished with value: 0.8166666666666667 and parameters: {'var_smoothing': 4.389936579400967e-09}. Best is trial 1 with value: 0.8666666666666666.
[I 2026-04-09 22:40:16,320] Trial 3 finished with value: 0.8666666666666666 and parameters: {'var_smoothing': 1.2116948204672054e-10}. Best is trial 1 with value: 0.8666666666666666.
[I 2026-04-09 22:40:16,333] Trial 4 finished with value: 0.8666666666666666 and parameters: {'var_smoothing': 1.6417739478477417e-10}. Best is trial 1 with value: 0.8666666666666666.
[I 2026-04-09 22:40:16,346] Trial 5 finished with value: 0.8666666666666666 and parameters: {'var_smoothing': 1.5491880147236797e-09}. Best is trial 1 with value: 0.8666666666666666.
[I 2026-04-09 22:40:16,359] Trial 6 finished with value: 0.8666666666666666 and parameters: {'var_smoothing': 1.1471883405287265e-09}. Best is trial 1 with value: 0.8666666666666666.
[I 2026-04-09 22:40:16,372] Trial 7 finished with value: 0.8666666666666666 and parameters: {'var_smoothing': 6.88041853492358e-10}. Best is trial 1 with value: 0.8666666666666666.
[I 2026-04-09 22:40:16,387] Trial 8 finished with value: 0.8666666666666666 and parameters: {'var_smoothing': 4.686144741221158e-10}. Best is trial 1 with value: 0.8666666666666666.
[I 2026-04-09 22:40:16,401] Trial 9 finished with value: 0.8666666666666666 and parameters: {'var_smoothing': 1.7580809350683337e-09}. Best is trial 1 with value: 0.8666666666666666.
[I 2026-04-09 22:40:16,420] Trial 10 finished with value: 0.8666666666666666 and parameters: {'var_smoothing': 3.3308482966503767e-10}. Best is trial 1 with value: 0.8666666666666666.
[I 2026-04-09 22:40:16,442] Trial 11 finished with value: 0.8666666666666666 and parameters: {'var_smoothing': 1.1166686882839625e-10}. Best is trial 1 with value: 0.8666666666666666.
[I 2026-04-09 22:40:16,459] Trial 12 finished with value: 0.8666666666666666 and parameters: {'var_smoothing': 1.959077691502477e-10}. Best is trial 1 with value: 0.8666666666666666.
[I 2026-04-09 22:40:16,480] Trial 13 finished with value: 0.8666666666666666 and parameters: {'var_smoothing': 2.855201951677185e-10}. Best is trial 1 with value: 0.8666666666666666.
[I 2026-04-09 22:40:16,499] Trial 14 finished with value: 0.8666666666666666 and parameters: {'var_smoothing': 1.0816035052795259e-10}. Best is trial 1 with value: 0.8666666666666666.
[I 2026-04-09 22:40:16,513] Trial 15 finished with value: 0.8666666666666666 and parameters: {'var_smoothing': 5.270965649538733e-10}. Best is trial 1 with value: 0.8666666666666666.
[I 2026-04-09 22:40:16,529] Trial 16 finished with value: 0.85 and parameters: {'var_smoothing': 2.8673314168324165e-09}. Best is trial 1 with value: 0.8666666666666666.
[I 2026-04-09 22:40:16,544] Trial 17 finished with value: 0.8666666666666666 and parameters: {'var_smoothing': 2.412486610614855e-10}. Best is trial 1 with value: 0.8666666666666666.
[I 2026-04-09 22:40:16,559] Trial 18 finished with value: 0.8666666666666666 and parameters: {'var_smoothing': 8.554049990785486e-10}. Best is trial 1 with value: 0.8666666666666666.
[I 2026-04-09 22:40:16,575] Trial 19 finished with value: 0.8666666666666666 and parameters: {'var_smoothing': 4.3470597135222723e-10}. Best is trial 1 with value: 0.8666666666666666.
[I 2026-04-09 22:40:16,590] Trial 20 finished with value: 0.8666666666666666 and parameters: {'var_smoothing': 1.383879623917316e-10}. Best is trial 1 with value: 0.8666666666666666.
[I 2026-04-09 22:40:16,618] Trial 21 finished with value: 0.8666666666666666 and parameters: {'var_smoothing': 1.681944212517889e-10}. Best is trial 1 with value: 0.8666666666666666.
[I 2026-04-09 22:40:16,633] Trial 22 finished with value: 0.8666666666666666 and parameters: {'var_smoothing': 1.9054383322161712e-10}. Best is trial 1 with value: 0.8666666666666666.
[I 2026-04-09 22:40:16,649] Trial 23 finished with value: 0.8666666666666666 and parameters: {'var_smoothing': 3.1348541885879096e-10}. Best is trial 1 with value: 0.8666666666666666.
[I 2026-04-09 22:40:16,665] Trial 24 finished with value: 0.8666666666666666 and parameters: {'var_smoothing': 1.6156575210011005e-10}. Best is trial 1 with value: 0.8666666666666666.
[I 2026-04-09 22:40:16,680] Trial 25 finished with value: 0.8666666666666666 and parameters: {'var_smoothing': 1.0278424450134888e-10}. Best is trial 1 with value: 0.8666666666666666.
[I 2026-04-09 22:40:16,700] Trial 26 finished with value: 0.8666666666666666 and parameters: {'var_smoothing': 2.2583661887671295e-10}. Best is trial 1 with value: 0.8666666666666666.
[I 2026-04-09 22:40:16,723] Trial 27 finished with value: 0.8666666666666666 and parameters: {'var_smoothing': 3.763003883972871e-10}. Best is trial 1 with value: 0.8666666666666666.
[I 2026-04-09 22:40:16,741] Trial 28 finished with value: 0.8666666666666666 and parameters: {'var_smoothing': 6.151515214642274e-10}. Best is trial 1 with value: 0.8666666666666666.
[I 2026-04-09 22:40:16,760] Trial 29 finished with value: 0.8166666666666667 and parameters: {'var_smoothing': 7.3140472902792484e-09}. Best is trial 1 with value: 0.8666666666666666.
[I 2026-04-09 22:40:17,191] A new study created in memory with name: logreg
[I 2026-04-09 22:40:17,216] Trial 0 finished with value: 0.85 and parameters: {'C': 29.127335430981816, 'penalty': 'l2'}. Best is trial 0 with value: 0.85.
[I 2026-04-09 22:40:17,239] Trial 1 finished with value: 0.7333333333333332 and parameters: {'C': 0.045698192893558344, 'penalty': 'l2'}. Best is trial 0 with value: 0.85.
[I 2026-04-09 22:40:17,262] Trial 2 finished with value: 0.8333333333333334 and parameters: {'C': 12.768668597712947, 'penalty': 'l2'}. Best is trial 0 with value: 0.85.
[I 2026-04-09 22:40:17,274] Trial 3 finished with value: 0.55 and parameters: {'C': 0.0016161554408462638, 'penalty': 'l2'}. Best is trial 0 with value: 0.85.
[I 2026-04-09 22:40:17,287] Trial 4 finished with value: 0.5666666666666667 and parameters: {'C': 0.0034536903703241734, 'penalty': 'l2'}. Best is trial 0 with value: 0.85.
[I 2026-04-09 22:40:17,314] Trial 5 finished with value: 0.8333333333333334 and parameters: {'C': 0.9446269266990148, 'penalty': 'l2'}. Best is trial 0 with value: 0.85.
[I 2026-04-09 22:40:17,344] Trial 6 finished with value: 0.8166666666666667 and parameters: {'C': 0.4457453393648168, 'penalty': 'l2'}. Best is trial 0 with value: 0.85.
[I 2026-04-09 22:40:17,372] Trial 7 finished with value: 0.7833333333333334 and parameters: {'C': 0.12417585037258261, 'penalty': 'l2'}. Best is trial 0 with value: 0.85.
[I 2026-04-09 22:40:17,397] Trial 8 finished with value: 0.7333333333333332 and parameters: {'C': 0.04753781830244093, 'penalty': 'l2'}. Best is trial 0 with value: 0.85.
[I 2026-04-09 22:40:17,421] Trial 9 finished with value: 0.8333333333333334 and parameters: {'C': 1.2959766028194148, 'penalty': 'l2'}. Best is trial 0 with value: 0.85.
[I 2026-04-09 22:40:17,458] Trial 10 finished with value: 0.85 and parameters: {'C': 96.02411422716075, 'penalty': 'l2'}. Best is trial 0 with value: 0.85.
[I 2026-04-09 22:40:17,496] Trial 11 finished with value: 0.8666666666666666 and parameters: {'C': 59.9697718692158, 'penalty': 'l2'}. Best is trial 11 with value: 0.8666666666666666.
[I 2026-04-09 22:40:17,530] Trial 12 finished with value: 0.85 and parameters: {'C': 82.8768656483412, 'penalty': 'l2'}. Best is trial 11 with value: 0.8666666666666666.
