[I 2026-04-09 22:02:34,084] Trial 21 finished with value: 0.85 and parameters: {'var_smoothing': 1.1043065925699652e-09}. Best is trial 0 with value: 0.85.
[I 2026-04-09 22:02:34,100] Trial 22 finished with value: 0.85 and parameters: {'var_smoothing': 7.818254747144452e-09}. Best is trial 0 with value: 0.85.
[I 2026-04-09 22:02:34,126] Trial 23 finished with value: 0.85 and parameters: {'var_smoothing': 4.506881416225629e-09}. Best is trial 0 with value: 0.85.
[I 2026-04-09 22:02:34,146] Trial 24 finished with value: 0.85 and parameters: {'var_smoothing': 8.370195589160265e-10}. Best is trial 0 with value: 0.85.
[I 2026-04-09 22:02:34,174] Trial 25 finished with value: 0.85 and parameters: {'var_smoothing': 1.4246564400615985e-09}. Best is trial 0 with value: 0.85.
[I 2026-04-09 22:02:34,195] Trial 26 finished with value: 0.85 and parameters: {'var_smoothing': 1.055993505169999e-10}. Best is trial 0 with value: 0.85.
[I 2026-04-09 22:02:34,216] Trial 27 finished with value: 0.85 and parameters: {'var_smoothing': 2.338070103551991e-09}. Best is trial 0 with value: 0.85.
[I 2026-04-09 22:02:34,235] Trial 28 finished with value: 0.85 and parameters: {'var_smoothing': 2.9749637796955326e-10}. Best is trial 0 with value: 0.85.
[I 2026-04-09 22:02:34,256] Trial 29 finished with value: 0.85 and parameters: {'var_smoothing': 2.1414596138226606e-10}. Best is trial 0 with value: 0.85.
[I 2026-04-09 22:02:34,683] A new study created in memory with name: logreg
[I 2026-04-09 22:02:34,708] Trial 0 finished with value: 0.725 and parameters: {'C': 0.0011268620922535318, 'penalty': 'l2'}. Best is trial 0 with value: 0.725.
[I 2026-04-09 22:02:34,741] Trial 1 finished with value: 0.9 and parameters: {'C': 0.32312678588710475, 'penalty': 'l2'}. Best is trial 1 with value: 0.9.
[I 2026-04-09 22:02:34,762] Trial 2 finished with value: 0.9 and parameters: {'C': 0.3012079745112611, 'penalty': 'l2'}. Best is trial 1 with value: 0.9.
[I 2026-04-09 22:02:34,787] Trial 3 finished with value: 0.725 and parameters: {'C': 0.004668180550042529, 'penalty': 'l2'}. Best is trial 1 with value: 0.9.
[I 2026-04-09 22:02:34,812] Trial 4 finished with value: 0.725 and parameters: {'C': 0.005135177115384908, 'penalty': 'l2'}. Best is trial 1 with value: 0.9.
[I 2026-04-09 22:02:34,826] Trial 5 finished with value: 0.75 and parameters: {'C': 0.01238207351349697, 'penalty': 'l2'}. Best is trial 1 with value: 0.9.
[I 2026-04-09 22:02:34,849] Trial 6 finished with value: 0.875 and parameters: {'C': 0.12374877330306278, 'penalty': 'l2'}. Best is trial 1 with value: 0.9.
[I 2026-04-09 22:02:34,872] Trial 7 finished with value: 0.775 and parameters: {'C': 0.017398261017749217, 'penalty': 'l2'}. Best is trial 1 with value: 0.9.
[I 2026-04-09 22:02:34,884] Trial 8 finished with value: 0.725 and parameters: {'C': 0.002632074973627294, 'penalty': 'l2'}. Best is trial 1 with value: 0.9.
[I 2026-04-09 22:02:34,897] Trial 9 finished with value: 0.825 and parameters: {'C': 0.053394091359671186, 'penalty': 'l2'}. Best is trial 1 with value: 0.9.
[I 2026-04-09 22:02:34,926] Trial 10 finished with value: 0.975 and parameters: {'C': 9.528231497855979, 'penalty': 'l2'}. Best is trial 10 with value: 0.975.
[I 2026-04-09 22:02:34,954] Trial 11 finished with value: 0.975 and parameters: {'C': 7.996735848918345, 'penalty': 'l2'}. Best is trial 10 with value: 0.975.
[I 2026-04-09 22:02:34,993] Trial 12 finished with value: 0.975 and parameters: {'C': 13.219259054712499, 'penalty': 'l2'}. Best is trial 10 with value: 0.975.
[I 2026-04-09 22:02:35,021] Trial 13 finished with value: 0.975 and parameters: {'C': 26.863859397130152, 'penalty': 'l2'}. Best is trial 10 with value: 0.975.
[I 2026-04-09 22:02:35,037] Trial 14 finished with value: 0.95 and parameters: {'C': 3.348860092546444, 'penalty': 'l2'}. Best is trial 10 with value: 0.975.
[I 2026-04-09 22:02:35,065] Trial 15 finished with value: 0.975 and parameters: {'C': 83.59696663003389, 'penalty': 'l2'}. Best is trial 10 with value: 0.975.
[I 2026-04-09 22:02:35,085] Trial 16 finished with value: 0.925 and parameters: {'C': 2.378218367784641, 'penalty': 'l2'}. Best is trial 10 with value: 0.975.
[I 2026-04-09 22:02:35,116] Trial 17 finished with value: 0.95 and parameters: {'C': 1.3611669029931832, 'penalty': 'l2'}. Best is trial 10 with value: 0.975.
[I 2026-04-09 22:02:35,132] Trial 18 finished with value: 0.975 and parameters: {'C': 8.970951695042046, 'penalty': 'l2'}. Best is trial 10 with value: 0.975.
[I 2026-04-09 22:02:35,157] Trial 19 finished with value: 0.975 and parameters: {'C': 75.06754843290847, 'penalty': 'l2'}. Best is trial 10 with value: 0.975.
[I 2026-04-09 22:02:35,182] Trial 20 finished with value: 0.95 and parameters: {'C': 0.772552512361549, 'penalty': 'l2'}. Best is trial 10 with value: 0.975.
[I 2026-04-09 22:02:35,208] Trial 21 finished with value: 0.975 and parameters: {'C': 9.925501624535258, 'penalty': 'l2'}. Best is trial 10 with value: 0.975.
[I 2026-04-09 22:02:35,229] Trial 22 finished with value: 0.975 and parameters: {'C': 7.866747054562954, 'penalty': 'l2'}. Best is trial 10 with value: 0.975.
[I 2026-04-09 22:02:35,260] Trial 23 finished with value: 0.975 and parameters: {'C': 30.938589524796306, 'penalty': 'l2'}. Best is trial 10 with value: 0.975.
[I 2026-04-09 22:02:35,287] Trial 24 finished with value: 0.975 and parameters: {'C': 19.9233613324794, 'penalty': 'l2'}. Best is trial 10 with value: 0.975.
[I 2026-04-09 22:02:35,309] Trial 25 finished with value: 0.95 and parameters: {'C': 3.5303483545202266, 'penalty': 'l2'}. Best is trial 10 with value: 0.975.
[I 2026-04-09 22:02:35,327] Trial 26 finished with value: 0.925 and parameters: {'C': 0.6190983086885231, 'penalty': 'l2'}. Best is trial 10 with value: 0.975.
[I 2026-04-09 22:02:35,354] Trial 27 finished with value: 0.975 and parameters: {'C': 5.686445686341288, 'penalty': 'l2'}. Best is trial 10 with value: 0.975.
[I 2026-04-09 22:02:35,374] Trial 28 finished with value: 0.975 and parameters: {'C': 34.6968635991215, 'penalty': 'l2'}. Best is trial 10 with value: 0.975.
[I 2026-04-09 22:02:35,389] Trial 29 finished with value: 0.975 and parameters: {'C': 14.346765874078546, 'penalty': 'l2'}. Best is trial 10 with value: 0.975.
[I 2026-04-09 22:02:36,417] A new study created in memory with name: knn
[I 2026-04-09 22:02:36,432] Trial 0 finished with value: 0.95 and parameters: {'n_neighbors': 3, 'leaf_size': 30, 'p': 1}. Best is trial 0 with value: 0.95.
[I 2026-04-09 22:02:36,457] Trial 1 finished with value: 0.9 and parameters: {'n_neighbors': 4, 'leaf_size': 24, 'p': 1}. Best is trial 0 with value: 0.95.
[I 2026-04-09 22:02:36,473] Trial 2 finished with value: 0.925 and parameters: {'n_neighbors': 3, 'leaf_size': 27, 'p': 2}. Best is trial 0 with value: 0.95.
[I 2026-04-09 22:02:36,498] Trial 3 finished with value: 0.85 and parameters: {'n_neighbors': 10, 'leaf_size': 20, 'p': 1}. Best is trial 0 with value: 0.95.
[I 2026-04-09 22:02:36,534] Trial 4 finished with value: 0.775 and parameters: {'n_neighbors': 10, 'leaf_size': 34, 'p': 2}. Best is trial 0 with value: 0.95.
[I 2026-04-09 22:02:36,548] Trial 5 finished with value: 0.775 and parameters: {'n_neighbors': 6, 'leaf_size': 34, 'p': 1}. Best is trial 0 with value: 0.95.
[I 2026-04-09 22:02:36,562] Trial 6 finished with value: 0.85 and parameters: {'n_neighbors': 10, 'leaf_size': 36, 'p': 1}. Best is trial 0 with value: 0.95.
[I 2026-04-09 22:02:36,587] Trial 7 finished with value: 0.825 and parameters: {'n_neighbors': 7, 'leaf_size': 39, 'p': 2}. Best is trial 0 with value: 0.95.
[I 2026-04-09 22:02:36,600] Trial 8 finished with value: 0.775 and parameters: {'n_neighbors': 10, 'leaf_size': 23, 'p': 2}. Best is trial 0 with value: 0.95.
[I 2026-04-09 22:02:36,623] Trial 9 finished with value: 0.775 and parameters: {'n_neighbors': 10, 'leaf_size': 35, 'p': 2}. Best is trial 0 with value: 0.95.
[I 2026-04-09 22:02:36,654] Trial 10 finished with value: 0.925 and parameters: {'n_neighbors': 5, 'leaf_size': 30, 'p': 1}. Best is trial 0 with value: 0.95.
[I 2026-04-09 22:02:36,683] Trial 11 finished with value: 0.925 and parameters: {'n_neighbors': 3, 'leaf_size': 28, 'p': 2}. Best is trial 0 with value: 0.95.
[I 2026-04-09 22:02:36,703] Trial 12 finished with value: 0.925 and parameters: {'n_neighbors': 3, 'leaf_size': 28, 'p': 2}. Best is trial 0 with value: 0.95.
[I 2026-04-09 22:02:36,723] Trial 13 finished with value: 0.9 and parameters: {'n_neighbors': 4, 'leaf_size': 26, 'p': 1}. Best is trial 0 with value: 0.95.
[I 2026-04-09 22:02:36,744] Trial 14 finished with value: 0.825 and parameters: {'n_neighbors': 8, 'leaf_size': 30, 'p': 1}. Best is trial 0 with value: 0.95.
[I 2026-04-09 22:02:36,778] Trial 15 finished with value: 0.9 and parameters: {'n_neighbors': 5, 'leaf_size': 31, 'p': 2}. Best is trial 0 with value: 0.95.
[I 2026-04-09 22:02:36,821] Trial 16 finished with value: 0.95 and parameters: {'n_neighbors': 3, 'leaf_size': 25, 'p': 1}. Best is trial 0 with value: 0.95.
[I 2026-04-09 22:02:36,851] Trial 17 finished with value: 0.9 and parameters: {'n_neighbors': 4, 'leaf_size': 20, 'p': 1}. Best is trial 0 with value: 0.95.
[I 2026-04-09 22:02:36,889] Trial 18 finished with value: 0.825 and parameters: {'n_neighbors': 8, 'leaf_size': 24, 'p': 1}. Best is trial 0 with value: 0.95.
[I 2026-04-09 22:02:36,914] Trial 19 finished with value: 0.925 and parameters: {'n_neighbors': 5, 'leaf_size': 32, 'p': 1}. Best is trial 0 with value: 0.95.
[I 2026-04-09 22:02:36,939] Trial 20 finished with value: 0.775 and parameters: {'n_neighbors': 6, 'leaf_size': 22, 'p': 1}. Best is trial 0 with value: 0.95.
[I 2026-04-09 22:02:36,964] Trial 21 finished with value: 0.925 and parameters: {'n_neighbors': 3, 'leaf_size': 27, 'p': 2}. Best is trial 0 with value: 0.95.
[I 2026-04-09 22:02:36,989] Trial 22 finished with value: 0.95 and parameters: {'n_neighbors': 3, 'leaf_size': 26, 'p': 1}. Best is trial 0 with value: 0.95.
[I 2026-04-09 22:02:37,022] Trial 23 finished with value: 0.9 and parameters: {'n_neighbors': 4, 'leaf_size': 25, 'p': 1}. Best is trial 0 with value: 0.95.
[I 2026-04-09 22:02:37,053] Trial 24 finished with value: 0.95 and parameters: {'n_neighbors': 3, 'leaf_size': 29, 'p': 1}. Best is trial 0 with value: 0.95.
[I 2026-04-09 22:02:37,073] Trial 25 finished with value: 0.9 and parameters: {'n_neighbors': 4, 'leaf_size': 22, 'p': 1}. Best is trial 0 with value: 0.95.
[I 2026-04-09 22:02:37,093] Trial 26 finished with value: 0.925 and parameters: {'n_neighbors': 5, 'leaf_size': 32, 'p': 1}. Best is trial 0 with value: 0.95.
[I 2026-04-09 22:02:37,113] Trial 27 finished with value: 0.95 and parameters: {'n_neighbors': 3, 'leaf_size': 26, 'p': 1}. Best is trial 0 with value: 0.95.
[I 2026-04-09 22:02:37,144] Trial 28 finished with value: 0.9 and parameters: {'n_neighbors': 4, 'leaf_size': 25, 'p': 1}. Best is trial 0 with value: 0.95.
[I 2026-04-09 22:02:37,166] Trial 29 finished with value: 0.9 and parameters: {'n_neighbors': 4, 'leaf_size': 23, 'p': 1}. Best is trial 0 with value: 0.95.
[I 2026-04-09 22:02:38,595] A new study created in memory with name: xgb
[I 2026-04-09 22:02:38,620] Trial 0 finished with value: 0.875 and parameters: {'n_estimators': 40, 'max_depth': 30, 'gamma': 0.47665736245940726, 'subsample': 0.6240505842067796, 'colsample_bytree': 0.542029825582675}. Best is trial 0 with value: 0.875.
[I 2026-04-09 22:02:38,658] Trial 1 finished with value: 0.925 and parameters: {'n_estimators': 100, 'max_depth': 5, 'gamma': 0.6154838340124683, 'subsample': 0.9490035591125747, 'colsample_bytree': 0.8334494864598183}. Best is trial 1 with value: 0.925.
[I 2026-04-09 22:02:38,686] Trial 2 finished with value: 0.95 and parameters: {'n_estimators': 40, 'max_depth': 20, 'gamma': 0.9464719685739904, 'subsample': 0.9018698850061588, 'colsample_bytree': 0.9916796241121663}. Best is trial 2 with value: 0.95.
[I 2026-04-09 22:02:38,736] Trial 3 finished with value: 0.875 and parameters: {'n_estimators': 100, 'max_depth': 30, 'gamma': 0.26698751824101463, 'subsample': 0.6215578376567042, 'colsample_bytree': 0.9367004215505623}. Best is trial 2 with value: 0.95.
[I 2026-04-09 22:02:38,754] Trial 4 finished with value: 0.9 and parameters: {'n_estimators': 10, 'max_depth': 20, 'gamma': 0.5301766121845122, 'subsample': 0.7177777323831729, 'colsample_bytree': 0.9352041482132656}. Best is trial 2 with value: 0.95.
[I 2026-04-09 22:02:38,789] Trial 5 finished with value: 0.9 and parameters: {'n_estimators': 100, 'max_depth': 5, 'gamma': 0.6742485862456464, 'subsample': 0.7308488312353485, 'colsample_bytree': 0.5265297122426965}. Best is trial 2 with value: 0.95.
[I 2026-04-09 22:02:38,827] Trial 6 finished with value: 0.9 and parameters: {'n_estimators': 100, 'max_depth': 30, 'gamma': 0.5360486096375219, 'subsample': 0.8488681925618888, 'colsample_bytree': 0.900578215847843}. Best is trial 2 with value: 0.95.
[I 2026-04-09 22:02:38,853] Trial 7 finished with value: 0.85 and parameters: {'n_estimators': 40, 'max_depth': 5, 'gamma': 0.4997010655396419, 'subsample': 0.7490698051808964, 'colsample_bytree': 0.7071731623998108}. Best is trial 2 with value: 0.95.
[I 2026-04-09 22:02:38,880] Trial 8 finished with value: 0.9 and parameters: {'n_estimators': 100, 'max_depth': 5, 'gamma': 0.5449029446194361, 'subsample': 0.7150234071055932, 'colsample_bytree': 0.8673829085180849}. Best is trial 2 with value: 0.95.
[I 2026-04-09 22:02:38,918] Trial 9 finished with value: 0.875 and parameters: {'n_estimators': 100, 'max_depth': 30, 'gamma': 0.5427360453562716, 'subsample': 0.5915763668266103, 'colsample_bytree': 0.5546552575823498}. Best is trial 2 with value: 0.95.
[I 2026-04-09 22:02:38,960] Trial 10 finished with value: 0.95 and parameters: {'n_estimators': 40, 'max_depth': 20, 'gamma': 0.9826501807376451, 'subsample': 0.9718667956684921, 'colsample_bytree': 0.7360206878180331}. Best is trial 2 with value: 0.95.
[I 2026-04-09 22:02:39,003] Trial 11 finished with value: 0.95 and parameters: {'n_estimators': 40, 'max_depth': 20, 'gamma': 0.9969371986194453, 'subsample': 0.9683640491533567, 'colsample_bytree': 0.7184864299304776}. Best is trial 2 with value: 0.95.
[I 2026-04-09 22:02:39,043] Trial 12 finished with value: 0.95 and parameters: {'n_estimators': 40, 'max_depth': 20, 'gamma': 0.9932138756758018, 'subsample': 0.8645145786576923, 'colsample_bytree': 0.794056759839404}. Best is trial 2 with value: 0.95.
[I 2026-04-09 22:02:39,104] Trial 13 finished with value: 0.95 and parameters: {'n_estimators': 40, 'max_depth': 20, 'gamma': 0.8300589454083154, 'subsample': 0.8834871958005932, 'colsample_bytree': 0.9950828234089331}. Best is trial 2 with value: 0.95.
[I 2026-04-09 22:02:39,141] Trial 14 finished with value: 0.9 and parameters: {'n_estimators': 10, 'max_depth': 20, 'gamma': 0.8615258758853145, 'subsample': 0.9899457651138078, 'colsample_bytree': 0.6455799745642841}. Best is trial 2 with value: 0.95.
[I 2026-04-09 22:02:39,179] Trial 15 finished with value: 0.9 and parameters: {'n_estimators': 40, 'max_depth': 20, 'gamma': 0.7804219605572124, 'subsample': 0.9096114237502423, 'colsample_bytree': 0.6459869877941459}. Best is trial 2 with value: 0.95.
[I 2026-04-09 22:02:39,216] Trial 16 finished with value: 0.9 and parameters: {'n_estimators': 40, 'max_depth': 20, 'gamma': 0.16076549150089864, 'subsample': 0.807178876267405, 'colsample_bytree': 0.7748590654804866}. Best is trial 2 with value: 0.95.
[I 2026-04-09 22:02:39,253] Trial 17 finished with value: 0.825 and parameters: {'n_estimators': 10, 'max_depth': 20, 'gamma': 0.8943834633762394, 'subsample': 0.5106683207593217, 'colsample_bytree': 0.666457585440774}. Best is trial 2 with value: 0.95.
[I 2026-04-09 22:02:39,289] Trial 18 finished with value: 0.925 and parameters: {'n_estimators': 40, 'max_depth': 20, 'gamma': 0.6990795558045364, 'subsample': 0.8101193725702428, 'colsample_bytree': 0.8253857819778567}. Best is trial 2 with value: 0.95.
[I 2026-04-09 22:02:39,327] Trial 19 finished with value: 0.9 and parameters: {'n_estimators': 40, 'max_depth': 20, 'gamma': 0.3300641220400294, 'subsample': 0.9403882815883362, 'colsample_bytree': 0.5859911117342961}. Best is trial 2 with value: 0.95.
[I 2026-04-09 22:02:39,368] Trial 20 finished with value: 0.925 and parameters: {'n_estimators': 40, 'max_depth': 20, 'gamma': 0.9249609733033286, 'subsample': 0.8036293559271132, 'colsample_bytree': 0.7543637316641242}. Best is trial 2 with value: 0.95.
[I 2026-04-09 22:02:39,419] Trial 21 finished with value: 0.925 and parameters: {'n_estimators': 40, 'max_depth': 20, 'gamma': 0.9586569792955356, 'subsample': 0.9791455411325513, 'colsample_bytree': 0.6913424618872773}. Best is trial 2 with value: 0.95.
[I 2026-04-09 22:02:39,468] Trial 22 finished with value: 0.925 and parameters: {'n_estimators': 40, 'max_depth': 20, 'gamma': 0.9982357981867418, 'subsample': 0.9124500409291733, 'colsample_bytree': 0.7243493244062045}. Best is trial 2 with value: 0.95.
[I 2026-04-09 22:02:39,509] Trial 23 finished with value: 0.875 and parameters: {'n_estimators': 40, 'max_depth': 20, 'gamma': 0.7710746323971369, 'subsample': 0.9882535369231709, 'colsample_bytree': 0.6237138777441559}. Best is trial 2 with value: 0.95.
[I 2026-04-09 22:02:39,543] Trial 24 finished with value: 0.95 and parameters: {'n_estimators': 40, 'max_depth': 20, 'gamma': 0.8208656983648459, 'subsample': 0.9378511767700072, 'colsample_bytree': 0.7429301669920229}. Best is trial 2 with value: 0.95.
[I 2026-04-09 22:02:39,580] Trial 25 finished with value: 0.925 and parameters: {'n_estimators': 10, 'max_depth': 20, 'gamma': 0.9247648375419458, 'subsample': 0.8925520621648786, 'colsample_bytree': 0.8032207915302951}. Best is trial 2 with value: 0.95.
[I 2026-04-09 22:02:39,619] Trial 26 finished with value: 0.95 and parameters: {'n_estimators': 40, 'max_depth': 20, 'gamma': 0.8906328926912024, 'subsample': 0.8465514899347274, 'colsample_bytree': 0.9828171916561902}. Best is trial 2 with value: 0.95.
[I 2026-04-09 22:02:39,660] Trial 27 finished with value: 0.95 and parameters: {'n_estimators': 40, 'max_depth': 20, 'gamma': 0.7586811327585983, 'subsample': 0.9608891651075275, 'colsample_bytree': 0.8578277979065685}. Best is trial 2 with value: 0.95.
[I 2026-04-09 22:02:39,704] Trial 28 finished with value: 0.925 and parameters: {'n_estimators': 40, 'max_depth': 5, 'gamma': 0.4081359272503368, 'subsample': 0.9394069802306731, 'colsample_bytree': 0.6883376446817646}. Best is trial 2 with value: 0.95.
[I 2026-04-09 22:02:39,742] Trial 29 finished with value: 0.875 and parameters: {'n_estimators': 40, 'max_depth': 30, 'gamma': 0.6843964930691707, 'subsample': 0.6692731299073966, 'colsample_bytree': 0.5918032020537313}. Best is trial 2 with value: 0.95.
[I 2026-04-09 22:02:40,718] A new study created in memory with name: rf
[I 2026-04-09 22:02:40,884] Trial 0 finished with value: 0.95 and parameters: {'n_estimators': 104, 'max_depth': 12, 'min_samples_split': 6, 'min_samples_leaf': 2}. Best is trial 0 with value: 0.95.
[I 2026-04-09 22:02:41,081] Trial 1 finished with value: 0.95 and parameters: {'n_estimators': 156, 'max_depth': 6, 'min_samples_split': 5, 'min_samples_leaf': 3}. Best is trial 0 with value: 0.95.
[I 2026-04-09 22:02:41,267] Trial 2 finished with value: 0.775 and parameters: {'n_estimators': 133, 'max_depth': 9, 'min_samples_split': 3, 'min_samples_leaf': 9}. Best is trial 0 with value: 0.95.
[I 2026-04-09 22:02:41,822] Trial 3 finished with value: 0.85 and parameters: {'n_estimators': 481, 'max_depth': 3, 'min_samples_split': 8, 'min_samples_leaf': 6}. Best is trial 0 with value: 0.95.
[I 2026-04-09 22:02:42,353] Trial 4 finished with value: 0.8 and parameters: {'n_estimators': 460, 'max_depth': 15, 'min_samples_split': 6, 'min_samples_leaf': 8}. Best is trial 0 with value: 0.95.
[I 2026-04-09 22:02:42,662] Trial 5 finished with value: 0.875 and parameters: {'n_estimators': 254, 'max_depth': 15, 'min_samples_split': 9, 'min_samples_leaf': 5}. Best is trial 0 with value: 0.95.
[I 2026-04-09 22:02:43,195] Trial 6 finished with value: 0.95 and parameters: {'n_estimators': 477, 'max_depth': 17, 'min_samples_split': 10, 'min_samples_leaf': 2}. Best is trial 0 with value: 0.95.
[I 2026-04-09 22:02:43,545] Trial 7 finished with value: 0.85 and parameters: {'n_estimators': 308, 'max_depth': 20, 'min_samples_split': 7, 'min_samples_leaf': 9}. Best is trial 0 with value: 0.95.
[I 2026-04-09 22:02:44,088] Trial 8 finished with value: 0.825 and parameters: {'n_estimators': 489, 'max_depth': 6, 'min_samples_split': 4, 'min_samples_leaf': 9}. Best is trial 0 with value: 0.95.
[I 2026-04-09 22:02:44,588] Trial 9 finished with value: 0.825 and parameters: {'n_estimators': 463, 'max_depth': 16, 'min_samples_split': 5, 'min_samples_leaf': 5}. Best is trial 0 with value: 0.95.
[I 2026-04-09 22:02:44,888] Trial 10 finished with value: 0.95 and parameters: {'n_estimators': 233, 'max_depth': 11, 'min_samples_split': 2, 'min_samples_leaf': 1}. Best is trial 0 with value: 0.95.
[I 2026-04-09 22:02:45,070] Trial 11 finished with value: 0.95 and parameters: {'n_estimators': 100, 'max_depth': 8, 'min_samples_split': 6, 'min_samples_leaf': 3}. Best is trial 0 with value: 0.95.
[I 2026-04-09 22:02:45,294] Trial 12 finished with value: 0.95 and parameters: {'n_estimators': 172, 'max_depth': 12, 'min_samples_split': 5, 'min_samples_leaf': 3}. Best is trial 0 with value: 0.95.
[I 2026-04-09 22:02:45,546] Trial 13 finished with value: 0.95 and parameters: {'n_estimators': 194, 'max_depth': 3, 'min_samples_split': 7, 'min_samples_leaf': 3}. Best is trial 0 with value: 0.95.
[I 2026-04-09 22:02:45,983] Trial 14 finished with value: 0.95 and parameters: {'n_estimators': 339, 'max_depth': 12, 'min_samples_split': 4, 'min_samples_leaf': 1}. Best is trial 0 with value: 0.95.
[I 2026-04-09 22:02:46,203] Trial 15 finished with value: 0.95 and parameters: {'n_estimators': 161, 'max_depth': 6, 'min_samples_split': 5, 'min_samples_leaf': 4}. Best is trial 0 with value: 0.95.
