[I 2026-04-09 20:32:47,927] Trial 0 finished with value: 1.0 and parameters: {'n_neighbors': 9, 'leaf_size': 40, 'p': 1}. Best is trial 0 with value: 1.0.
[I 2026-04-09 20:32:47,941] Trial 1 finished with value: 1.0 and parameters: {'n_neighbors': 4, 'leaf_size': 20, 'p': 1}. Best is trial 0 with value: 1.0.
[I 2026-04-09 20:32:47,955] Trial 2 finished with value: 1.0 and parameters: {'n_neighbors': 7, 'leaf_size': 30, 'p': 1}. Best is trial 0 with value: 1.0.
[I 2026-04-09 20:32:47,980] Trial 3 finished with value: 1.0 and parameters: {'n_neighbors': 9, 'leaf_size': 34, 'p': 1}. Best is trial 0 with value: 1.0.
[I 2026-04-09 20:32:47,994] Trial 4 finished with value: 1.0 and parameters: {'n_neighbors': 5, 'leaf_size': 40, 'p': 1}. Best is trial 0 with value: 1.0.
[I 2026-04-09 20:32:48,008] Trial 5 finished with value: 1.0 and parameters: {'n_neighbors': 3, 'leaf_size': 40, 'p': 2}. Best is trial 0 with value: 1.0.
[I 2026-04-09 20:32:48,031] Trial 6 finished with value: 1.0 and parameters: {'n_neighbors': 3, 'leaf_size': 24, 'p': 2}. Best is trial 0 with value: 1.0.
[I 2026-04-09 20:32:48,051] Trial 7 finished with value: 1.0 and parameters: {'n_neighbors': 5, 'leaf_size': 40, 'p': 2}. Best is trial 0 with value: 1.0.
[I 2026-04-09 20:32:48,065] Trial 8 finished with value: 1.0 and parameters: {'n_neighbors': 6, 'leaf_size': 36, 'p': 1}. Best is trial 0 with value: 1.0.
[I 2026-04-09 20:32:48,079] Trial 9 finished with value: 1.0 and parameters: {'n_neighbors': 6, 'leaf_size': 25, 'p': 1}. Best is trial 0 with value: 1.0.
[I 2026-04-09 20:32:48,132] Trial 10 finished with value: 1.0 and parameters: {'n_neighbors': 10, 'leaf_size': 32, 'p': 2}. Best is trial 0 with value: 1.0.
[I 2026-04-09 20:32:48,187] Trial 11 finished with value: 1.0 and parameters: {'n_neighbors': 8, 'leaf_size': 21, 'p': 1}. Best is trial 0 with value: 1.0.
[I 2026-04-09 20:32:48,221] Trial 12 finished with value: 1.0 and parameters: {'n_neighbors': 10, 'leaf_size': 27, 'p': 1}. Best is trial 0 with value: 1.0.
[I 2026-04-09 20:32:48,246] Trial 13 finished with value: 1.0 and parameters: {'n_neighbors': 4, 'leaf_size': 20, 'p': 1}. Best is trial 0 with value: 1.0.
[I 2026-04-09 20:32:48,291] Trial 14 finished with value: 1.0 and parameters: {'n_neighbors': 8, 'leaf_size': 36, 'p': 1}. Best is trial 0 with value: 1.0.
[I 2026-04-09 20:32:48,372] Trial 15 finished with value: 1.0 and parameters: {'n_neighbors': 8, 'leaf_size': 28, 'p': 1}. Best is trial 0 with value: 1.0.
[I 2026-04-09 20:32:48,394] Trial 16 finished with value: 1.0 and parameters: {'n_neighbors': 4, 'leaf_size': 22, 'p': 1}. Best is trial 0 with value: 1.0.
[I 2026-04-09 20:32:48,434] Trial 17 finished with value: 1.0 and parameters: {'n_neighbors': 7, 'leaf_size': 31, 'p': 1}. Best is trial 0 with value: 1.0.
[I 2026-04-09 20:32:48,495] Trial 18 finished with value: 1.0 and parameters: {'n_neighbors': 9, 'leaf_size': 37, 'p': 2}. Best is trial 0 with value: 1.0.
[I 2026-04-09 20:32:48,515] Trial 19 finished with value: 1.0 and parameters: {'n_neighbors': 5, 'leaf_size': 24, 'p': 1}. Best is trial 0 with value: 1.0.
[I 2026-04-09 20:32:48,567] Trial 20 finished with value: 1.0 and parameters: {'n_neighbors': 9, 'leaf_size': 28, 'p': 1}. Best is trial 0 with value: 1.0.
[I 2026-04-09 20:32:48,599] Trial 21 finished with value: 1.0 and parameters: {'n_neighbors': 7, 'leaf_size': 34, 'p': 1}. Best is trial 0 with value: 1.0.
[I 2026-04-09 20:32:48,628] Trial 22 finished with value: 1.0 and parameters: {'n_neighbors': 7, 'leaf_size': 30, 'p': 1}. Best is trial 0 with value: 1.0.
[I 2026-04-09 20:32:48,670] Trial 23 finished with value: 1.0 and parameters: {'n_neighbors': 6, 'leaf_size': 26, 'p': 1}. Best is trial 0 with value: 1.0.
[I 2026-04-09 20:32:48,701] Trial 24 finished with value: 1.0 and parameters: {'n_neighbors': 4, 'leaf_size': 30, 'p': 1}. Best is trial 0 with value: 1.0.
[I 2026-04-09 20:32:48,728] Trial 25 finished with value: 1.0 and parameters: {'n_neighbors': 8, 'leaf_size': 38, 'p': 1}. Best is trial 0 with value: 1.0.
[I 2026-04-09 20:32:48,775] Trial 26 finished with value: 1.0 and parameters: {'n_neighbors': 9, 'leaf_size': 33, 'p': 2}. Best is trial 0 with value: 1.0.
[I 2026-04-09 20:32:48,802] Trial 27 finished with value: 1.0 and parameters: {'n_neighbors': 10, 'leaf_size': 22, 'p': 1}. Best is trial 0 with value: 1.0.
[I 2026-04-09 20:32:48,823] Trial 28 finished with value: 1.0 and parameters: {'n_neighbors': 7, 'leaf_size': 29, 'p': 1}. Best is trial 0 with value: 1.0.
[I 2026-04-09 20:32:48,847] Trial 29 finished with value: 1.0 and parameters: {'n_neighbors': 9, 'leaf_size': 34, 'p': 1}. Best is trial 0 with value: 1.0.
[I 2026-04-09 20:32:50,320] A new study created in memory with name: xgb
[I 2026-04-09 20:32:50,347] Trial 0 finished with value: 0.85 and parameters: {'n_estimators': 40, 'max_depth': 5, 'gamma': 0.4874219364632415, 'subsample': 0.7011756800186824, 'colsample_bytree': 0.7613373356762848}. Best is trial 0 with value: 0.85.
[I 2026-04-09 20:32:50,375] Trial 1 finished with value: 0.9 and parameters: {'n_estimators': 40, 'max_depth': 5, 'gamma': 0.483482593428573, 'subsample': 0.6445375140090439, 'colsample_bytree': 0.9869276206002231}. Best is trial 1 with value: 0.9.
[I 2026-04-09 20:32:50,403] Trial 2 finished with value: 0.85 and parameters: {'n_estimators': 10, 'max_depth': 5, 'gamma': 0.16384856027517886, 'subsample': 0.6123849694840227, 'colsample_bytree': 0.6968174574718025}. Best is trial 1 with value: 0.9.
[I 2026-04-09 20:32:50,441] Trial 3 finished with value: 0.95 and parameters: {'n_estimators': 100, 'max_depth': 30, 'gamma': 0.7877441182293641, 'subsample': 0.9694019566553859, 'colsample_bytree': 0.6598448982335139}. Best is trial 3 with value: 0.95.
[I 2026-04-09 20:32:50,469] Trial 4 finished with value: 0.95 and parameters: {'n_estimators': 100, 'max_depth': 5, 'gamma': 0.816017102586079, 'subsample': 0.5160040782128984, 'colsample_bytree': 0.7277239110529665}. Best is trial 3 with value: 0.95.
[I 2026-04-09 20:32:50,504] Trial 5 finished with value: 0.95 and parameters: {'n_estimators': 40, 'max_depth': 20, 'gamma': 0.6643500821697236, 'subsample': 0.6076588997363731, 'colsample_bytree': 0.5754850538287481}. Best is trial 3 with value: 0.95.
[I 2026-04-09 20:32:50,530] Trial 6 finished with value: 0.9 and parameters: {'n_estimators': 100, 'max_depth': 20, 'gamma': 0.6361752212866232, 'subsample': 0.8309913561372338, 'colsample_bytree': 0.7552902276266351}. Best is trial 3 with value: 0.95.
[I 2026-04-09 20:32:50,554] Trial 7 finished with value: 0.85 and parameters: {'n_estimators': 10, 'max_depth': 5, 'gamma': 0.5767347850317142, 'subsample': 0.7995431264700696, 'colsample_bytree': 0.8604622333437917}. Best is trial 3 with value: 0.95.
[I 2026-04-09 20:32:50,579] Trial 8 finished with value: 0.9 and parameters: {'n_estimators': 100, 'max_depth': 20, 'gamma': 0.8470554948938058, 'subsample': 0.860339005739911, 'colsample_bytree': 0.9331308414408237}. Best is trial 3 with value: 0.95.
[I 2026-04-09 20:32:50,604] Trial 9 finished with value: 0.9 and parameters: {'n_estimators': 100, 'max_depth': 30, 'gamma': 0.574951454577921, 'subsample': 0.9696020680119358, 'colsample_bytree': 0.8616917074936369}. Best is trial 3 with value: 0.95.
[I 2026-04-09 20:32:50,645] Trial 10 finished with value: 0.95 and parameters: {'n_estimators': 100, 'max_depth': 30, 'gamma': 0.28560655311535255, 'subsample': 0.9867662938167729, 'colsample_bytree': 0.525322130410742}. Best is trial 3 with value: 0.95.
[I 2026-04-09 20:32:50,687] Trial 11 finished with value: 1.0 and parameters: {'n_estimators': 100, 'max_depth': 30, 'gamma': 0.9894607367239925, 'subsample': 0.5005044321862977, 'colsample_bytree': 0.6505130838547347}. Best is trial 11 with value: 1.0.
[I 2026-04-09 20:32:50,739] Trial 12 finished with value: 1.0 and parameters: {'n_estimators': 100, 'max_depth': 30, 'gamma': 0.9738892144312379, 'subsample': 0.5050474732620708, 'colsample_bytree': 0.6360376775952165}. Best is trial 11 with value: 1.0.
[I 2026-04-09 20:32:50,774] Trial 13 finished with value: 1.0 and parameters: {'n_estimators': 100, 'max_depth': 30, 'gamma': 0.9982095084895902, 'subsample': 0.5375720165286183, 'colsample_bytree': 0.6142919061269972}. Best is trial 11 with value: 1.0.
[I 2026-04-09 20:32:50,812] Trial 14 finished with value: 0.95 and parameters: {'n_estimators': 100, 'max_depth': 30, 'gamma': 0.9949020640345525, 'subsample': 0.5184253133615004, 'colsample_bytree': 0.622574876066467}. Best is trial 11 with value: 1.0.
[I 2026-04-09 20:32:50,849] Trial 15 finished with value: 0.95 and parameters: {'n_estimators': 10, 'max_depth': 30, 'gamma': 0.9059892001578245, 'subsample': 0.5812750019243521, 'colsample_bytree': 0.5243188817490174}. Best is trial 11 with value: 1.0.
[I 2026-04-09 20:32:50,884] Trial 16 finished with value: 0.9 and parameters: {'n_estimators': 100, 'max_depth': 30, 'gamma': 0.776293615873358, 'subsample': 0.6824735614002172, 'colsample_bytree': 0.815520200290577}. Best is trial 11 with value: 1.0.
[I 2026-04-09 20:32:50,922] Trial 17 finished with value: 0.95 and parameters: {'n_estimators': 100, 'max_depth': 30, 'gamma': 0.9155355268434409, 'subsample': 0.7372665199107078, 'colsample_bytree': 0.679123015932519}. Best is trial 11 with value: 1.0.
[I 2026-04-09 20:32:50,962] Trial 18 finished with value: 1.0 and parameters: {'n_estimators': 40, 'max_depth': 30, 'gamma': 0.7163215526204849, 'subsample': 0.5517763086716185, 'colsample_bytree': 0.5775747818919971}. Best is trial 11 with value: 1.0.
[I 2026-04-09 20:32:50,998] Trial 19 finished with value: 1.0 and parameters: {'n_estimators': 10, 'max_depth': 30, 'gamma': 0.3738626899073505, 'subsample': 0.6519571817604637, 'colsample_bytree': 0.6319725061725031}. Best is trial 11 with value: 1.0.
[I 2026-04-09 20:32:51,032] Trial 20 finished with value: 0.95 and parameters: {'n_estimators': 100, 'max_depth': 20, 'gamma': 0.9021660915032604, 'subsample': 0.5049283881400235, 'colsample_bytree': 0.5764015993179317}. Best is trial 11 with value: 1.0.
[I 2026-04-09 20:32:51,070] Trial 21 finished with value: 1.0 and parameters: {'n_estimators': 100, 'max_depth': 30, 'gamma': 0.9918975454888538, 'subsample': 0.5599746348246193, 'colsample_bytree': 0.6079849407033175}. Best is trial 11 with value: 1.0.
[I 2026-04-09 20:32:51,106] Trial 22 finished with value: 1.0 and parameters: {'n_estimators': 100, 'max_depth': 30, 'gamma': 0.9771214825247369, 'subsample': 0.5496540235613311, 'colsample_bytree': 0.6976366808304919}. Best is trial 11 with value: 1.0.
[I 2026-04-09 20:32:51,146] Trial 23 finished with value: 0.95 and parameters: {'n_estimators': 100, 'max_depth': 30, 'gamma': 0.890993966315615, 'subsample': 0.5989468405622079, 'colsample_bytree': 0.646675162523979}. Best is trial 11 with value: 1.0.
[I 2026-04-09 20:32:51,180] Trial 24 finished with value: 0.95 and parameters: {'n_estimators': 100, 'max_depth': 30, 'gamma': 0.7211695769753127, 'subsample': 0.5045672056744321, 'colsample_bytree': 0.5087614737374659}. Best is trial 11 with value: 1.0.
[I 2026-04-09 20:32:51,213] Trial 25 finished with value: 1.0 and parameters: {'n_estimators': 100, 'max_depth': 30, 'gamma': 0.9541417008920258, 'subsample': 0.5533490273900394, 'colsample_bytree': 0.5917979152818841}. Best is trial 11 with value: 1.0.
[I 2026-04-09 20:32:51,246] Trial 26 finished with value: 1.0 and parameters: {'n_estimators': 100, 'max_depth': 30, 'gamma': 0.8492397513287091, 'subsample': 0.6416688419082204, 'colsample_bytree': 0.7228820768976273}. Best is trial 11 with value: 1.0.
[I 2026-04-09 20:32:51,278] Trial 27 finished with value: 0.95 and parameters: {'n_estimators': 100, 'max_depth': 30, 'gamma': 0.7517701095433191, 'subsample': 0.8882024153266558, 'colsample_bytree': 0.5501640903616144}. Best is trial 11 with value: 1.0.
[I 2026-04-09 20:32:51,311] Trial 28 finished with value: 1.0 and parameters: {'n_estimators': 10, 'max_depth': 20, 'gamma': 0.9284141104403522, 'subsample': 0.7642082995921053, 'colsample_bytree': 0.6537581925776571}. Best is trial 11 with value: 1.0.
[I 2026-04-09 20:32:51,351] Trial 29 finished with value: 0.9 and parameters: {'n_estimators': 40, 'max_depth': 30, 'gamma': 0.46145435863314443, 'subsample': 0.6851864564812483, 'colsample_bytree': 0.790465766610629}. Best is trial 11 with value: 1.0.
[I 2026-04-09 20:32:52,399] A new study created in memory with name: rf
[I 2026-04-09 20:32:52,893] Trial 0 finished with value: 1.0 and parameters: {'n_estimators': 450, 'max_depth': 20, 'min_samples_split': 9, 'min_samples_leaf': 6}. Best is trial 0 with value: 1.0.
[I 2026-04-09 20:32:53,133] Trial 1 finished with value: 1.0 and parameters: {'n_estimators': 193, 'max_depth': 3, 'min_samples_split': 5, 'min_samples_leaf': 5}. Best is trial 0 with value: 1.0.
[I 2026-04-09 20:32:53,483] Trial 2 finished with value: 1.0 and parameters: {'n_estimators': 309, 'max_depth': 11, 'min_samples_split': 6, 'min_samples_leaf': 6}. Best is trial 0 with value: 1.0.
[I 2026-04-09 20:32:53,952] Trial 3 finished with value: 1.0 and parameters: {'n_estimators': 405, 'max_depth': 15, 'min_samples_split': 7, 'min_samples_leaf': 5}. Best is trial 0 with value: 1.0.
[I 2026-04-09 20:32:54,189] Trial 4 finished with value: 0.95 and parameters: {'n_estimators': 215, 'max_depth': 20, 'min_samples_split': 5, 'min_samples_leaf': 3}. Best is trial 0 with value: 1.0.
[I 2026-04-09 20:32:54,369] Trial 5 finished with value: 1.0 and parameters: {'n_estimators': 126, 'max_depth': 20, 'min_samples_split': 3, 'min_samples_leaf': 4}. Best is trial 0 with value: 1.0.
[I 2026-04-09 20:32:54,547] Trial 6 finished with value: 0.5 and parameters: {'n_estimators': 128, 'max_depth': 7, 'min_samples_split': 5, 'min_samples_leaf': 9}. Best is trial 0 with value: 1.0.
[I 2026-04-09 20:32:54,826] Trial 7 finished with value: 0.95 and parameters: {'n_estimators': 238, 'max_depth': 20, 'min_samples_split': 2, 'min_samples_leaf': 4}. Best is trial 0 with value: 1.0.
[I 2026-04-09 20:32:55,109] Trial 8 finished with value: 1.0 and parameters: {'n_estimators': 252, 'max_depth': 16, 'min_samples_split': 10, 'min_samples_leaf': 4}. Best is trial 0 with value: 1.0.
[I 2026-04-09 20:32:55,436] Trial 9 finished with value: 0.5 and parameters: {'n_estimators': 273, 'max_depth': 7, 'min_samples_split': 9, 'min_samples_leaf': 7}. Best is trial 0 with value: 1.0.
[I 2026-04-09 20:32:56,069] Trial 10 finished with value: 0.5 and parameters: {'n_estimators': 498, 'max_depth': 15, 'min_samples_split': 8, 'min_samples_leaf': 10}. Best is trial 0 with value: 1.0.
[I 2026-04-09 20:32:56,530] Trial 11 finished with value: 1.0 and parameters: {'n_estimators': 380, 'max_depth': 4, 'min_samples_split': 4, 'min_samples_leaf': 1}. Best is trial 0 with value: 1.0.
[I 2026-04-09 20:32:57,129] Trial 12 finished with value: 0.5 and parameters: {'n_estimators': 498, 'max_depth': 3, 'min_samples_split': 7, 'min_samples_leaf': 7}. Best is trial 0 with value: 1.0.
[I 2026-04-09 20:32:57,607] Trial 13 finished with value: 0.5 and parameters: {'n_estimators': 362, 'max_depth': 11, 'min_samples_split': 10, 'min_samples_leaf': 8}. Best is trial 0 with value: 1.0.
[I 2026-04-09 20:32:57,860] Trial 14 finished with value: 1.0 and parameters: {'n_estimators': 185, 'max_depth': 6, 'min_samples_split': 8, 'min_samples_leaf': 1}. Best is trial 0 with value: 1.0.
[I 2026-04-09 20:32:58,378] Trial 15 finished with value: 1.0 and parameters: {'n_estimators': 436, 'max_depth': 9, 'min_samples_split': 5, 'min_samples_leaf': 6}. Best is trial 0 with value: 1.0.
[I 2026-04-09 20:32:58,750] Trial 16 finished with value: 1.0 and parameters: {'n_estimators': 320, 'max_depth': 17, 'min_samples_split': 7, 'min_samples_leaf': 3}. Best is trial 0 with value: 1.0.
[I 2026-04-09 20:32:58,993] Trial 17 finished with value: 0.6 and parameters: {'n_estimators': 177, 'max_depth': 12, 'min_samples_split': 3, 'min_samples_leaf': 7}. Best is trial 0 with value: 1.0.
[I 2026-04-09 20:32:59,509] Trial 18 finished with value: 1.0 and parameters: {'n_estimators': 460, 'max_depth': 13, 'min_samples_split': 9, 'min_samples_leaf': 5}. Best is trial 0 with value: 1.0.
[I 2026-04-09 20:32:59,731] Trial 19 finished with value: 1.0 and parameters: {'n_estimators': 158, 'max_depth': 18, 'min_samples_split': 6, 'min_samples_leaf': 2}. Best is trial 0 with value: 1.0.
[I 2026-04-09 20:33:00,122] Trial 20 finished with value: 0.5 and parameters: {'n_estimators': 334, 'max_depth': 9, 'min_samples_split': 4, 'min_samples_leaf': 8}. Best is trial 0 with value: 1.0.
[I 2026-04-09 20:33:00,550] Trial 21 finished with value: 1.0 and parameters: {'n_estimators': 304, 'max_depth': 10, 'min_samples_split': 6, 'min_samples_leaf': 6}. Best is trial 0 with value: 1.0.
[I 2026-04-09 20:33:00,910] Trial 22 finished with value: 1.0 and parameters: {'n_estimators': 270, 'max_depth': 13, 'min_samples_split': 6, 'min_samples_leaf': 6}. Best is trial 0 with value: 1.0.
[I 2026-04-09 20:33:01,171] Trial 23 finished with value: 1.0 and parameters: {'n_estimators': 211, 'max_depth': 4, 'min_samples_split': 4, 'min_samples_leaf': 5}. Best is trial 0 with value: 1.0.
[I 2026-04-09 20:33:01,585] Trial 24 finished with value: 0.5 and parameters: {'n_estimators': 349, 'max_depth': 6, 'min_samples_split': 8, 'min_samples_leaf': 8}. Best is trial 0 with value: 1.0.
[I 2026-04-09 20:33:02,081] Trial 25 finished with value: 1.0 and parameters: {'n_estimators': 423, 'max_depth': 18, 'min_samples_split': 5, 'min_samples_leaf': 6}. Best is trial 0 with value: 1.0.
[I 2026-04-09 20:33:02,573] Trial 26 finished with value: 0.5 and parameters: {'n_estimators': 390, 'max_depth': 8, 'min_samples_split': 7, 'min_samples_leaf': 7}. Best is trial 0 with value: 1.0.
[I 2026-04-09 20:33:02,934] Trial 27 finished with value: 1.0 and parameters: {'n_estimators': 290, 'max_depth': 14, 'min_samples_split': 9, 'min_samples_leaf': 5}. Best is trial 0 with value: 1.0.
[I 2026-04-09 20:33:03,537] Trial 28 finished with value: 0.95 and parameters: {'n_estimators': 462, 'max_depth': 11, 'min_samples_split': 6, 'min_samples_leaf': 4}. Best is trial 0 with value: 1.0.
[I 2026-04-09 20:33:03,717] Trial 29 finished with value: 1.0 and parameters: {'n_estimators': 103, 'max_depth': 5, 'min_samples_split': 6, 'min_samples_leaf': 5}. Best is trial 0 with value: 1.0.
[I 2026-04-09 20:33:07,556] A new study created in memory with name: mlp
[I 2026-04-09 20:33:07,601] Trial 0 finished with value: 1.0 and parameters: {'hidden_layer_sizes': (200,), 'max_iter': 50, 'alpha': 0.001}. Best is trial 0 with value: 1.0.
[I 2026-04-09 20:33:07,635] Trial 1 finished with value: 1.0 and parameters: {'hidden_layer_sizes': (200,), 'max_iter': 50, 'alpha': 0.0001}. Best is trial 0 with value: 1.0.
[I 2026-04-09 20:33:07,671] Trial 2 finished with value: 1.0 and parameters: {'hidden_layer_sizes': (100,), 'max_iter': 50, 'alpha': 0.0001}. Best is trial 0 with value: 1.0.
[I 2026-04-09 20:33:07,728] Trial 3 finished with value: 1.0 and parameters: {'hidden_layer_sizes': (100,), 'max_iter': 100, 'alpha': 0.001}. Best is trial 0 with value: 1.0.
[I 2026-04-09 20:33:07,792] Trial 4 finished with value: 1.0 and parameters: {'hidden_layer_sizes': (200,), 'max_iter': 100, 'alpha': 0.001}. Best is trial 0 with value: 1.0.
[I 2026-04-09 20:33:07,828] Trial 5 finished with value: 1.0 and parameters: {'hidden_layer_sizes': (200,), 'max_iter': 50, 'alpha': 0.001}. Best is trial 0 with value: 1.0.
[I 2026-04-09 20:33:07,885] Trial 6 finished with value: 1.0 and parameters: {'hidden_layer_sizes': (100,), 'max_iter': 100, 'alpha': 0.0001}. Best is trial 0 with value: 1.0.
[I 2026-04-09 20:33:07,929] Trial 7 finished with value: 1.0 and parameters: {'hidden_layer_sizes': (100, 100), 'max_iter': 50, 'alpha': 0.0001}. Best is trial 0 with value: 1.0.
[I 2026-04-09 20:33:08,005] Trial 8 finished with value: 1.0 and parameters: {'hidden_layer_sizes': (100, 100), 'max_iter': 100, 'alpha': 0.0001}. Best is trial 0 with value: 1.0.
[I 2026-04-09 20:33:08,039] Trial 9 finished with value: 1.0 and parameters: {'hidden_layer_sizes': (100,), 'max_iter': 50, 'alpha': 0.001}. Best is trial 0 with value: 1.0.
[I 2026-04-09 20:33:08,077] Trial 10 finished with value: 1.0 and parameters: {'hidden_layer_sizes': (200,), 'max_iter': 50, 'alpha': 0.001}. Best is trial 0 with value: 1.0.
[I 2026-04-09 20:33:08,113] Trial 11 finished with value: 1.0 and parameters: {'hidden_layer_sizes': (200,), 'max_iter': 50, 'alpha': 0.0001}. Best is trial 0 with value: 1.0.
[I 2026-04-09 20:33:08,150] Trial 12 finished with value: 1.0 and parameters: {'hidden_layer_sizes': (200,), 'max_iter': 50, 'alpha': 0.0001}. Best is trial 0 with value: 1.0.
[I 2026-04-09 20:33:08,186] Trial 13 finished with value: 1.0 and parameters: {'hidden_layer_sizes': (200,), 'max_iter': 50, 'alpha': 0.001}. Best is trial 0 with value: 1.0.
[I 2026-04-09 20:33:08,223] Trial 14 finished with value: 1.0 and parameters: {'hidden_layer_sizes': (200,), 'max_iter': 50, 'alpha': 0.001}. Best is trial 0 with value: 1.0.
[I 2026-04-09 20:33:08,259] Trial 15 finished with value: 1.0 and parameters: {'hidden_layer_sizes': (200,), 'max_iter': 50, 'alpha': 0.0001}. Best is trial 0 with value: 1.0.
[I 2026-04-09 20:33:08,304] Trial 16 finished with value: 1.0 and parameters: {'hidden_layer_sizes': (100, 100), 'max_iter': 50, 'alpha': 0.0001}. Best is trial 0 with value: 1.0.
[I 2026-04-09 20:33:08,343] Trial 17 finished with value: 1.0 and parameters: {'hidden_layer_sizes': (200,), 'max_iter': 50, 'alpha': 0.001}. Best is trial 0 with value: 1.0.
[I 2026-04-09 20:33:08,387] Trial 18 finished with value: 1.0 and parameters: {'hidden_layer_sizes': (200,), 'max_iter': 100, 'alpha': 0.0001}. Best is trial 0 with value: 1.0.
[I 2026-04-09 20:33:08,432] Trial 19 finished with value: 1.0 and parameters: {'hidden_layer_sizes': (100, 100), 'max_iter': 50, 'alpha': 0.001}. Best is trial 0 with value: 1.0.
