[I 2026-04-09 19:33:41,305] Trial 4 finished with value: 0.75 and parameters: {'var_smoothing': 9.480306482679771e-10}. Best is trial 0 with value: 0.75.
[I 2026-04-09 19:33:43,955] Trial 5 finished with value: 0.75 and parameters: {'var_smoothing': 1.6729683536668864e-09}. Best is trial 0 with value: 0.75.
[I 2026-04-09 19:33:46,719] Trial 6 finished with value: 0.75 and parameters: {'var_smoothing': 3.402637726935598e-09}. Best is trial 0 with value: 0.75.
[I 2026-04-09 19:33:49,356] Trial 7 finished with value: 0.75 and parameters: {'var_smoothing': 1.0885189040847657e-09}. Best is trial 0 with value: 0.75.
[I 2026-04-09 19:33:51,886] Trial 8 finished with value: 0.75 and parameters: {'var_smoothing': 3.922843686541149e-10}. Best is trial 0 with value: 0.75.
[I 2026-04-09 19:33:54,472] Trial 9 finished with value: 0.75 and parameters: {'var_smoothing': 2.3737908819373785e-10}. Best is trial 0 with value: 0.75.
[I 2026-04-09 19:33:57,029] Trial 10 finished with value: 0.75 and parameters: {'var_smoothing': 1.005826617097841e-10}. Best is trial 0 with value: 0.75.
[I 2026-04-09 19:33:59,540] Trial 11 finished with value: 0.75 and parameters: {'var_smoothing': 8.246040091550826e-09}. Best is trial 0 with value: 0.75.
[I 2026-04-09 19:34:01,964] Trial 12 finished with value: 0.75 and parameters: {'var_smoothing': 5.714429769091136e-10}. Best is trial 0 with value: 0.75.
[I 2026-04-09 19:34:01,982] Trial 13 finished with value: 0.75 and parameters: {'var_smoothing': 3.0046394488828834e-09}. Best is trial 0 with value: 0.75.
[I 2026-04-09 19:34:02,005] Trial 14 finished with value: 0.75 and parameters: {'var_smoothing': 1.0161521526134228e-10}. Best is trial 0 with value: 0.75.
[I 2026-04-09 19:34:02,034] Trial 15 finished with value: 0.75 and parameters: {'var_smoothing': 3.455011319435438e-09}. Best is trial 0 with value: 0.75.
[I 2026-04-09 19:34:02,051] Trial 16 finished with value: 0.75 and parameters: {'var_smoothing': 2.2038800241203009e-10}. Best is trial 0 with value: 0.75.
[I 2026-04-09 19:34:02,066] Trial 17 finished with value: 0.75 and parameters: {'var_smoothing': 1.8515987176145925e-09}. Best is trial 0 with value: 0.75.
[I 2026-04-09 19:34:02,086] Trial 18 finished with value: 0.75 and parameters: {'var_smoothing': 5.024285700153026e-10}. Best is trial 0 with value: 0.75.
[I 2026-04-09 19:34:02,104] Trial 19 finished with value: 0.75 and parameters: {'var_smoothing': 4.958025424412893e-09}. Best is trial 0 with value: 0.75.
[I 2026-04-09 19:34:02,130] Trial 20 finished with value: 0.75 and parameters: {'var_smoothing': 8.344000526157384e-10}. Best is trial 0 with value: 0.75.
[I 2026-04-09 19:34:02,148] Trial 21 finished with value: 0.75 and parameters: {'var_smoothing': 2.46080689865309e-10}. Best is trial 0 with value: 0.75.
[I 2026-04-09 19:34:02,173] Trial 22 finished with value: 0.75 and parameters: {'var_smoothing': 1.4445108350594728e-10}. Best is trial 0 with value: 0.75.
[I 2026-04-09 19:34:04,710] Trial 23 finished with value: 0.75 and parameters: {'var_smoothing': 3.3715577896606737e-10}. Best is trial 0 with value: 0.75.
[I 2026-04-09 19:34:04,744] Trial 24 finished with value: 0.75 and parameters: {'var_smoothing': 1.572466431855027e-10}. Best is trial 0 with value: 0.75.
[I 2026-04-09 19:34:04,760] Trial 25 finished with value: 0.75 and parameters: {'var_smoothing': 7.281746293576245e-10}. Best is trial 0 with value: 0.75.
[I 2026-04-09 19:34:04,778] Trial 26 finished with value: 0.75 and parameters: {'var_smoothing': 3.386254640873244e-10}. Best is trial 0 with value: 0.75.
[I 2026-04-09 19:34:04,795] Trial 27 finished with value: 0.75 and parameters: {'var_smoothing': 1.3918180959975328e-09}. Best is trial 0 with value: 0.75.
[I 2026-04-09 19:34:04,816] Trial 28 finished with value: 0.75 and parameters: {'var_smoothing': 2.3715836084533434e-09}. Best is trial 0 with value: 0.75.
[I 2026-04-09 19:34:04,844] Trial 29 finished with value: 0.75 and parameters: {'var_smoothing': 9.477075781575649e-09}. Best is trial 0 with value: 0.75.
[I 2026-04-09 19:34:06,056] A new study created in memory with name: logreg
[I 2026-04-09 19:34:06,109] Trial 0 finished with value: 0.45 and parameters: {'C': 0.012881482725481003, 'penalty': 'l2'}. Best is trial 0 with value: 0.45.
[I 2026-04-09 19:34:06,173] Trial 1 finished with value: 0.7 and parameters: {'C': 22.576755560681583, 'penalty': 'l2'}. Best is trial 1 with value: 0.7.
[I 2026-04-09 19:34:06,229] Trial 2 finished with value: 0.45 and parameters: {'C': 0.010804278656839932, 'penalty': 'l2'}. Best is trial 1 with value: 0.7.
[I 2026-04-09 19:34:06,299] Trial 3 finished with value: 0.7 and parameters: {'C': 39.17910760336117, 'penalty': 'l2'}. Best is trial 1 with value: 0.7.
[I 2026-04-09 19:34:06,364] Trial 4 finished with value: 0.55 and parameters: {'C': 0.2767298094062571, 'penalty': 'l2'}. Best is trial 1 with value: 0.7.
[I 2026-04-09 19:34:06,434] Trial 5 finished with value: 0.65 and parameters: {'C': 1.1447728330837224, 'penalty': 'l2'}. Best is trial 1 with value: 0.7.
[I 2026-04-09 19:34:06,489] Trial 6 finished with value: 0.65 and parameters: {'C': 6.753661388238877, 'penalty': 'l2'}. Best is trial 1 with value: 0.7.
[I 2026-04-09 19:34:06,543] Trial 7 finished with value: 0.55 and parameters: {'C': 0.39092184460352974, 'penalty': 'l2'}. Best is trial 1 with value: 0.7.
[I 2026-04-09 19:34:06,599] Trial 8 finished with value: 0.4 and parameters: {'C': 0.03047912590082646, 'penalty': 'l2'}. Best is trial 1 with value: 0.7.
[I 2026-04-09 19:34:06,654] Trial 9 finished with value: 0.45 and parameters: {'C': 0.008681727362499118, 'penalty': 'l2'}. Best is trial 1 with value: 0.7.
[I 2026-04-09 19:34:06,714] Trial 10 finished with value: 0.65 and parameters: {'C': 90.29867735508974, 'penalty': 'l2'}. Best is trial 1 with value: 0.7.
[I 2026-04-09 19:34:06,783] Trial 11 finished with value: 0.7 and parameters: {'C': 65.31936101889447, 'penalty': 'l2'}. Best is trial 1 with value: 0.7.
[I 2026-04-09 19:34:06,821] Trial 12 finished with value: 0.65 and parameters: {'C': 10.276946066829701, 'penalty': 'l2'}. Best is trial 1 with value: 0.7.
[I 2026-04-09 19:34:06,860] Trial 13 finished with value: 0.65 and parameters: {'C': 11.979406337571666, 'penalty': 'l2'}. Best is trial 1 with value: 0.7.
[I 2026-04-09 19:34:06,888] Trial 14 finished with value: 0.7 and parameters: {'C': 3.103885131392604, 'penalty': 'l2'}. Best is trial 1 with value: 0.7.
[I 2026-04-09 19:34:06,928] Trial 15 finished with value: 0.7 and parameters: {'C': 27.368605040072197, 'penalty': 'l2'}. Best is trial 1 with value: 0.7.
[I 2026-04-09 19:34:06,963] Trial 16 finished with value: 0.55 and parameters: {'C': 0.13344077328067044, 'penalty': 'l2'}. Best is trial 1 with value: 0.7.
[I 2026-04-09 19:34:06,982] Trial 17 finished with value: 0.4 and parameters: {'C': 0.0021318879744765045, 'penalty': 'l2'}. Best is trial 1 with value: 0.7.
[I 2026-04-09 19:34:07,009] Trial 18 finished with value: 0.65 and parameters: {'C': 1.8056426094216929, 'penalty': 'l2'}. Best is trial 1 with value: 0.7.
[I 2026-04-09 19:34:07,039] Trial 19 finished with value: 0.7 and parameters: {'C': 30.717532996538623, 'penalty': 'l2'}. Best is trial 1 with value: 0.7.
[I 2026-04-09 19:34:07,075] Trial 20 finished with value: 0.7 and parameters: {'C': 26.828467218463196, 'penalty': 'l2'}. Best is trial 1 with value: 0.7.
[I 2026-04-09 19:34:07,104] Trial 21 finished with value: 0.7 and parameters: {'C': 67.77201940492935, 'penalty': 'l2'}. Best is trial 1 with value: 0.7.
[I 2026-04-09 19:34:07,135] Trial 22 finished with value: 0.65 and parameters: {'C': 75.26172959249878, 'penalty': 'l2'}. Best is trial 1 with value: 0.7.
[I 2026-04-09 19:34:07,163] Trial 23 finished with value: 0.7 and parameters: {'C': 4.666378619443708, 'penalty': 'l2'}. Best is trial 1 with value: 0.7.
[I 2026-04-09 19:34:07,202] Trial 24 finished with value: 0.7 and parameters: {'C': 19.07757092251054, 'penalty': 'l2'}. Best is trial 1 with value: 0.7.
[I 2026-04-09 19:34:07,233] Trial 25 finished with value: 0.65 and parameters: {'C': 0.6913574043968617, 'penalty': 'l2'}. Best is trial 1 with value: 0.7.
[I 2026-04-09 19:34:07,270] Trial 26 finished with value: 0.7 and parameters: {'C': 56.7308368250939, 'penalty': 'l2'}. Best is trial 1 with value: 0.7.
[I 2026-04-09 19:34:07,315] Trial 27 finished with value: 0.7 and parameters: {'C': 2.974485306847972, 'penalty': 'l2'}. Best is trial 1 with value: 0.7.
[I 2026-04-09 19:34:07,356] Trial 28 finished with value: 0.65 and parameters: {'C': 13.01325914575239, 'penalty': 'l2'}. Best is trial 1 with value: 0.7.
[I 2026-04-09 19:34:07,395] Trial 29 finished with value: 0.7 and parameters: {'C': 31.584772796679857, 'penalty': 'l2'}. Best is trial 1 with value: 0.7.
[I 2026-04-09 19:34:08,542] A new study created in memory with name: knn
[I 2026-04-09 19:34:08,586] Trial 0 finished with value: 0.65 and parameters: {'n_neighbors': 4, 'leaf_size': 38, 'p': 2}. Best is trial 0 with value: 0.65.
[I 2026-04-09 19:34:08,619] Trial 1 finished with value: 0.45 and parameters: {'n_neighbors': 6, 'leaf_size': 32, 'p': 1}. Best is trial 0 with value: 0.65.
[I 2026-04-09 19:34:08,654] Trial 2 finished with value: 0.6 and parameters: {'n_neighbors': 5, 'leaf_size': 23, 'p': 2}. Best is trial 0 with value: 0.65.
[I 2026-04-09 19:34:08,688] Trial 3 finished with value: 0.45 and parameters: {'n_neighbors': 6, 'leaf_size': 23, 'p': 1}. Best is trial 0 with value: 0.65.
[I 2026-04-09 19:34:08,732] Trial 4 finished with value: 0.45 and parameters: {'n_neighbors': 6, 'leaf_size': 26, 'p': 1}. Best is trial 0 with value: 0.65.
[I 2026-04-09 19:34:08,778] Trial 5 finished with value: 0.6 and parameters: {'n_neighbors': 7, 'leaf_size': 25, 'p': 1}. Best is trial 0 with value: 0.65.
[I 2026-04-09 19:34:08,814] Trial 6 finished with value: 0.6 and parameters: {'n_neighbors': 5, 'leaf_size': 23, 'p': 2}. Best is trial 0 with value: 0.65.
[I 2026-04-09 19:34:08,885] Trial 7 finished with value: 0.55 and parameters: {'n_neighbors': 10, 'leaf_size': 23, 'p': 2}. Best is trial 0 with value: 0.65.
[I 2026-04-09 19:34:08,952] Trial 8 finished with value: 0.55 and parameters: {'n_neighbors': 8, 'leaf_size': 36, 'p': 2}. Best is trial 0 with value: 0.65.
[I 2026-04-09 19:34:08,996] Trial 9 finished with value: 0.6 and parameters: {'n_neighbors': 3, 'leaf_size': 30, 'p': 2}. Best is trial 0 with value: 0.65.
[I 2026-04-09 19:34:09,038] Trial 10 finished with value: 0.6 and parameters: {'n_neighbors': 3, 'leaf_size': 40, 'p': 2}. Best is trial 0 with value: 0.65.
[I 2026-04-09 19:34:09,116] Trial 11 finished with value: 0.65 and parameters: {'n_neighbors': 4, 'leaf_size': 20, 'p': 2}. Best is trial 0 with value: 0.65.
[I 2026-04-09 19:34:09,149] Trial 12 finished with value: 0.65 and parameters: {'n_neighbors': 4, 'leaf_size': 35, 'p': 2}. Best is trial 0 with value: 0.65.
[I 2026-04-09 19:34:09,171] Trial 13 finished with value: 0.65 and parameters: {'n_neighbors': 4, 'leaf_size': 20, 'p': 2}. Best is trial 0 with value: 0.65.
[I 2026-04-09 19:34:09,191] Trial 14 finished with value: 0.65 and parameters: {'n_neighbors': 4, 'leaf_size': 39, 'p': 2}. Best is trial 0 with value: 0.65.
[I 2026-04-09 19:34:09,242] Trial 15 finished with value: 0.55 and parameters: {'n_neighbors': 8, 'leaf_size': 29, 'p': 2}. Best is trial 0 with value: 0.65.
[I 2026-04-09 19:34:09,261] Trial 16 finished with value: 0.6 and parameters: {'n_neighbors': 3, 'leaf_size': 35, 'p': 2}. Best is trial 0 with value: 0.65.
[I 2026-04-09 19:34:09,281] Trial 17 finished with value: 0.6 and parameters: {'n_neighbors': 5, 'leaf_size': 32, 'p': 2}. Best is trial 0 with value: 0.65.
[I 2026-04-09 19:34:09,327] Trial 18 finished with value: 0.5 and parameters: {'n_neighbors': 10, 'leaf_size': 37, 'p': 1}. Best is trial 0 with value: 0.65.
[I 2026-04-09 19:34:09,348] Trial 19 finished with value: 0.65 and parameters: {'n_neighbors': 4, 'leaf_size': 20, 'p': 2}. Best is trial 0 with value: 0.65.
[I 2026-04-09 19:34:09,390] Trial 20 finished with value: 0.5 and parameters: {'n_neighbors': 7, 'leaf_size': 27, 'p': 2}. Best is trial 0 with value: 0.65.
[I 2026-04-09 19:34:09,412] Trial 21 finished with value: 0.65 and parameters: {'n_neighbors': 4, 'leaf_size': 34, 'p': 2}. Best is trial 0 with value: 0.65.
[I 2026-04-09 19:34:09,438] Trial 22 finished with value: 0.6 and parameters: {'n_neighbors': 5, 'leaf_size': 38, 'p': 2}. Best is trial 0 with value: 0.65.
[I 2026-04-09 19:34:09,462] Trial 23 finished with value: 0.6 and parameters: {'n_neighbors': 3, 'leaf_size': 34, 'p': 2}. Best is trial 0 with value: 0.65.
[I 2026-04-09 19:34:09,485] Trial 24 finished with value: 0.65 and parameters: {'n_neighbors': 4, 'leaf_size': 32, 'p': 2}. Best is trial 0 with value: 0.65.
[I 2026-04-09 19:34:09,515] Trial 25 finished with value: 0.6 and parameters: {'n_neighbors': 5, 'leaf_size': 37, 'p': 2}. Best is trial 0 with value: 0.65.
[I 2026-04-09 19:34:09,538] Trial 26 finished with value: 0.65 and parameters: {'n_neighbors': 4, 'leaf_size': 40, 'p': 1}. Best is trial 0 with value: 0.65.
[I 2026-04-09 19:34:09,562] Trial 27 finished with value: 0.6 and parameters: {'n_neighbors': 3, 'leaf_size': 33, 'p': 2}. Best is trial 0 with value: 0.65.
[I 2026-04-09 19:34:09,648] Trial 28 finished with value: 0.4 and parameters: {'n_neighbors': 9, 'leaf_size': 29, 'p': 2}. Best is trial 0 with value: 0.65.
[I 2026-04-09 19:34:09,673] Trial 29 finished with value: 0.45 and parameters: {'n_neighbors': 6, 'leaf_size': 36, 'p': 1}. Best is trial 0 with value: 0.65.
[I 2026-04-09 19:34:11,036] A new study created in memory with name: xgb
[I 2026-04-09 19:34:11,076] Trial 0 finished with value: 0.85 and parameters: {'n_estimators': 40, 'max_depth': 5, 'gamma': 0.789317070832284, 'subsample': 0.7592089939364717, 'colsample_bytree': 0.648400250788111}. Best is trial 0 with value: 0.85.
[I 2026-04-09 19:34:11,137] Trial 1 finished with value: 0.8 and parameters: {'n_estimators': 100, 'max_depth': 30, 'gamma': 0.34667781579300216, 'subsample': 0.7071175095405257, 'colsample_bytree': 0.6480399663668239}. Best is trial 0 with value: 0.85.
[I 2026-04-09 19:34:11,193] Trial 2 finished with value: 0.55 and parameters: {'n_estimators': 10, 'max_depth': 20, 'gamma': 0.3948075529198607, 'subsample': 0.5720821503267102, 'colsample_bytree': 0.5828064306006338}. Best is trial 0 with value: 0.85.
[I 2026-04-09 19:34:11,240] Trial 3 finished with value: 0.55 and parameters: {'n_estimators': 10, 'max_depth': 30, 'gamma': 0.8015631269999768, 'subsample': 0.5114665462195407, 'colsample_bytree': 0.788831429064878}. Best is trial 0 with value: 0.85.
[I 2026-04-09 19:34:11,297] Trial 4 finished with value: 0.85 and parameters: {'n_estimators': 100, 'max_depth': 5, 'gamma': 0.8834347783013348, 'subsample': 0.961374806972835, 'colsample_bytree': 0.5011071062662218}. Best is trial 0 with value: 0.85.
[I 2026-04-09 19:34:11,354] Trial 5 finished with value: 0.85 and parameters: {'n_estimators': 40, 'max_depth': 5, 'gamma': 0.5364379674896123, 'subsample': 0.5145557818363589, 'colsample_bytree': 0.5432628442011025}. Best is trial 0 with value: 0.85.
[I 2026-04-09 19:34:11,409] Trial 6 finished with value: 0.7 and parameters: {'n_estimators': 100, 'max_depth': 20, 'gamma': 0.6718205850237038, 'subsample': 0.9059511955902053, 'colsample_bytree': 0.9633413076219371}. Best is trial 0 with value: 0.85.
[I 2026-04-09 19:34:11,468] Trial 7 finished with value: 0.5 and parameters: {'n_estimators': 10, 'max_depth': 30, 'gamma': 0.8165284487704038, 'subsample': 0.5255714015506736, 'colsample_bytree': 0.594333867896554}. Best is trial 0 with value: 0.85.
[I 2026-04-09 19:34:11,513] Trial 8 finished with value: 0.7 and parameters: {'n_estimators': 100, 'max_depth': 20, 'gamma': 0.6251497693480509, 'subsample': 0.9696496759824258, 'colsample_bytree': 0.9717700410079397}. Best is trial 0 with value: 0.85.
[I 2026-04-09 19:34:11,558] Trial 9 finished with value: 0.75 and parameters: {'n_estimators': 40, 'max_depth': 30, 'gamma': 0.9649927737686168, 'subsample': 0.6857563076640036, 'colsample_bytree': 0.5061847058001788}. Best is trial 0 with value: 0.85.
[I 2026-04-09 19:34:11,625] Trial 10 finished with value: 0.9 and parameters: {'n_estimators': 40, 'max_depth': 5, 'gamma': 0.17962098877423716, 'subsample': 0.8225184540606401, 'colsample_bytree': 0.7743115296703093}. Best is trial 10 with value: 0.9.
[I 2026-04-09 19:34:11,691] Trial 11 finished with value: 0.85 and parameters: {'n_estimators': 40, 'max_depth': 5, 'gamma': 0.1591775883705288, 'subsample': 0.8659440041902515, 'colsample_bytree': 0.753037009977186}. Best is trial 10 with value: 0.9.
[I 2026-04-09 19:34:11,725] Trial 12 finished with value: 0.85 and parameters: {'n_estimators': 40, 'max_depth': 5, 'gamma': 0.18274672203297868, 'subsample': 0.8194324318494828, 'colsample_bytree': 0.8473585438230584}. Best is trial 10 with value: 0.9.
[I 2026-04-09 19:34:11,755] Trial 13 finished with value: 0.85 and parameters: {'n_estimators': 40, 'max_depth': 5, 'gamma': 0.39436609392647465, 'subsample': 0.7815087681503187, 'colsample_bytree': 0.6909245311334314}. Best is trial 10 with value: 0.9.
[I 2026-04-09 19:34:11,792] Trial 14 finished with value: 0.8 and parameters: {'n_estimators': 40, 'max_depth': 5, 'gamma': 0.5207480648169491, 'subsample': 0.6448589907155011, 'colsample_bytree': 0.8799196506926996}. Best is trial 10 with value: 0.9.
[I 2026-04-09 19:34:11,832] Trial 15 finished with value: 0.85 and parameters: {'n_estimators': 40, 'max_depth': 5, 'gamma': 0.7169419571973225, 'subsample': 0.7660120474669279, 'colsample_bytree': 0.6877103829957787}. Best is trial 10 with value: 0.9.
[I 2026-04-09 19:34:11,859] Trial 16 finished with value: 0.7 and parameters: {'n_estimators': 40, 'max_depth': 5, 'gamma': 0.28348273058911083, 'subsample': 0.8416098991941052, 'colsample_bytree': 0.8206715089380927}. Best is trial 10 with value: 0.9.
[I 2026-04-09 19:34:11,887] Trial 17 finished with value: 0.85 and parameters: {'n_estimators': 40, 'max_depth': 5, 'gamma': 0.4823152355002448, 'subsample': 0.7198544311435996, 'colsample_bytree': 0.7109611479294711}. Best is trial 10 with value: 0.9.
[I 2026-04-09 19:34:11,916] Trial 18 finished with value: 0.65 and parameters: {'n_estimators': 40, 'max_depth': 5, 'gamma': 0.9913860986584816, 'subsample': 0.6384554924358864, 'colsample_bytree': 0.6271428698415437}. Best is trial 10 with value: 0.9.
[I 2026-04-09 19:34:11,944] Trial 19 finished with value: 0.7 and parameters: {'n_estimators': 10, 'max_depth': 20, 'gamma': 0.10151970633894503, 'subsample': 0.8978769083076443, 'colsample_bytree': 0.9003852468330709}. Best is trial 10 with value: 0.9.
[I 2026-04-09 19:34:11,981] Trial 20 finished with value: 0.85 and parameters: {'n_estimators': 40, 'max_depth': 5, 'gamma': 0.7443224639465783, 'subsample': 0.799652807544549, 'colsample_bytree': 0.7561140561716253}. Best is trial 10 with value: 0.9.
[I 2026-04-09 19:34:12,014] Trial 21 finished with value: 0.65 and parameters: {'n_estimators': 100, 'max_depth': 5, 'gamma': 0.8860397150736409, 'subsample': 0.9838309308823413, 'colsample_bytree': 0.5359705013485815}. Best is trial 10 with value: 0.9.
[I 2026-04-09 19:34:12,046] Trial 22 finished with value: 0.75 and parameters: {'n_estimators': 100, 'max_depth': 5, 'gamma': 0.8808927211239763, 'subsample': 0.9398857811081716, 'colsample_bytree': 0.6554304664934572}. Best is trial 10 with value: 0.9.
[I 2026-04-09 19:34:12,080] Trial 23 finished with value: 0.85 and parameters: {'n_estimators': 100, 'max_depth': 5, 'gamma': 0.6218245475224664, 'subsample': 0.8723503456771105, 'colsample_bytree': 0.5927682210455196}. Best is trial 10 with value: 0.9.
[I 2026-04-09 19:34:12,124] Trial 24 finished with value: 0.75 and parameters: {'n_estimators': 100, 'max_depth': 5, 'gamma': 0.8975313582549539, 'subsample': 0.7385118149002167, 'colsample_bytree': 0.7236816952042269}. Best is trial 10 with value: 0.9.
[I 2026-04-09 19:34:12,180] Trial 25 finished with value: 0.8 and parameters: {'n_estimators': 100, 'max_depth': 5, 'gamma': 0.8002617737033024, 'subsample': 0.827692368578661, 'colsample_bytree': 0.5003713444390301}. Best is trial 10 with value: 0.9.
[I 2026-04-09 19:34:12,214] Trial 26 finished with value: 0.75 and parameters: {'n_estimators': 40, 'max_depth': 5, 'gamma': 0.2657992938296229, 'subsample': 0.9426044966100396, 'colsample_bytree': 0.7842766851213552}. Best is trial 10 with value: 0.9.
[I 2026-04-09 19:34:12,240] Trial 27 finished with value: 0.7 and parameters: {'n_estimators': 40, 'max_depth': 5, 'gamma': 0.6231436853350002, 'subsample': 0.6697766014382108, 'colsample_bytree': 0.5569587036961177}. Best is trial 10 with value: 0.9.
[I 2026-04-09 19:34:12,265] Trial 28 finished with value: 0.7 and parameters: {'n_estimators': 10, 'max_depth': 30, 'gamma': 0.4584787168332466, 'subsample': 0.9987048615397089, 'colsample_bytree': 0.6280257105774175}. Best is trial 10 with value: 0.9.
[I 2026-04-09 19:34:12,304] Trial 29 finished with value: 0.85 and parameters: {'n_estimators': 100, 'max_depth': 20, 'gamma': 0.9246942986133484, 'subsample': 0.7581074298861372, 'colsample_bytree': 0.6594980855197857}. Best is trial 10 with value: 0.9.
[I 2026-04-09 19:34:13,239] A new study created in memory with name: rf
[I 2026-04-09 19:34:13,536] Trial 0 finished with value: 0.5 and parameters: {'n_estimators': 189, 'max_depth': 18, 'min_samples_split': 3, 'min_samples_leaf': 10}. Best is trial 0 with value: 0.5.
[I 2026-04-09 19:34:13,896] Trial 1 finished with value: 0.7 and parameters: {'n_estimators': 295, 'max_depth': 14, 'min_samples_split': 8, 'min_samples_leaf': 6}. Best is trial 1 with value: 0.7.
[I 2026-04-09 19:34:14,192] Trial 2 finished with value: 0.5 and parameters: {'n_estimators': 219, 'max_depth': 6, 'min_samples_split': 2, 'min_samples_leaf': 8}. Best is trial 1 with value: 0.7.
