[I 2026-04-07 03:16:49,342] Trial 29 finished with value: 0.725 and parameters: {'hidden_layer_sizes': (200,), 'max_iter': 50, 'alpha': 0.0001}. Best is trial 16 with value: 0.775.
[I 2026-04-07 03:29:38,939] A new study created in memory with name: naive_bayes
Parámetros guardados en checkpoint_paysim_Doriginal_I_sin_full/ag/IPC_20/best_models_ag_seed_8_space_original/naive_bayes_best_params.json


>>> Optuna tuning logreg metodo ag IPC 20 seed 8


Parámetros guardados en checkpoint_paysim_Doriginal_I_sin_full/ag/IPC_20/best_models_ag_seed_8_space_original/logreg_best_params.json


>>> Optuna tuning knn metodo ag IPC 20 seed 8


Parámetros guardados en checkpoint_paysim_Doriginal_I_sin_full/ag/IPC_20/best_models_ag_seed_8_space_original/knn_best_params.json


>>> Optuna tuning xgb metodo ag IPC 20 seed 8


Parámetros guardados en checkpoint_paysim_Doriginal_I_sin_full/ag/IPC_20/best_models_ag_seed_8_space_original/xgb_best_params.json


>>> Optuna tuning rf metodo ag IPC 20 seed 8


Parámetros guardados en checkpoint_paysim_Doriginal_I_sin_full/ag/IPC_20/best_models_ag_seed_8_space_original/rf_best_params.json


>>> Optuna tuning mlp metodo ag IPC 20 seed 8


Parámetros guardados en checkpoint_paysim_Doriginal_I_sin_full/ag/IPC_20/best_models_ag_seed_8_space_original/mlp_best_params.json


>>> Optuna tuning naive_bayes metodo k_center IPC 20 seed 8


Parámetros guardados en checkpoint_paysim_Doriginal_I_sin_full/k_center/IPC_20/best_models_k_center_seed_8_space_original/naive_bayes_best_params.json


>>> Optuna tuning logreg metodo k_center IPC 20 seed 8


Parámetros guardados en checkpoint_paysim_Doriginal_I_sin_full/k_center/IPC_20/best_models_k_center_seed_8_space_original/logreg_best_params.json


>>> Optuna tuning knn metodo k_center IPC 20 seed 8


Parámetros guardados en checkpoint_paysim_Doriginal_I_sin_full/k_center/IPC_20/best_models_k_center_seed_8_space_original/knn_best_params.json


>>> Optuna tuning xgb metodo k_center IPC 20 seed 8


Parámetros guardados en checkpoint_paysim_Doriginal_I_sin_full/k_center/IPC_20/best_models_k_center_seed_8_space_original/xgb_best_params.json


>>> Optuna tuning rf metodo k_center IPC 20 seed 8


Parámetros guardados en checkpoint_paysim_Doriginal_I_sin_full/k_center/IPC_20/best_models_k_center_seed_8_space_original/rf_best_params.json


>>> Optuna tuning mlp metodo k_center IPC 20 seed 8


Parámetros guardados en checkpoint_paysim_Doriginal_I_sin_full/k_center/IPC_20/best_models_k_center_seed_8_space_original/mlp_best_params.json


>>> Optuna tuning naive_bayes metodo lc IPC 20 seed 8


Parámetros guardados en checkpoint_paysim_Doriginal_I_sin_full/lc/IPC_20/best_models_lc_seed_8_space_original/naive_bayes_best_params.json


>>> Optuna tuning logreg metodo lc IPC 20 seed 8


Parámetros guardados en checkpoint_paysim_Doriginal_I_sin_full/lc/IPC_20/best_models_lc_seed_8_space_original/logreg_best_params.json


>>> Optuna tuning knn metodo lc IPC 20 seed 8


Parámetros guardados en checkpoint_paysim_Doriginal_I_sin_full/lc/IPC_20/best_models_lc_seed_8_space_original/knn_best_params.json


>>> Optuna tuning xgb metodo lc IPC 20 seed 8


Parámetros guardados en checkpoint_paysim_Doriginal_I_sin_full/lc/IPC_20/best_models_lc_seed_8_space_original/xgb_best_params.json


>>> Optuna tuning rf metodo lc IPC 20 seed 8


Parámetros guardados en checkpoint_paysim_Doriginal_I_sin_full/lc/IPC_20/best_models_lc_seed_8_space_original/rf_best_params.json


>>> Optuna tuning mlp metodo lc IPC 20 seed 8


Parámetros guardados en checkpoint_paysim_Doriginal_I_sin_full/lc/IPC_20/best_models_lc_seed_8_space_original/mlp_best_params.json


>>> Optuna tuning naive_bayes metodo random IPC 20 seed 9


Parámetros guardados en checkpoint_paysim_Doriginal_I_sin_full/random/IPC_20/best_models_random_seed_9_space_original/naive_bayes_best_params.json


>>> Optuna tuning logreg metodo random IPC 20 seed 9


Parámetros guardados en checkpoint_paysim_Doriginal_I_sin_full/random/IPC_20/best_models_random_seed_9_space_original/logreg_best_params.json


>>> Optuna tuning knn metodo random IPC 20 seed 9


Parámetros guardados en checkpoint_paysim_Doriginal_I_sin_full/random/IPC_20/best_models_random_seed_9_space_original/knn_best_params.json


>>> Optuna tuning xgb metodo random IPC 20 seed 9


Parámetros guardados en checkpoint_paysim_Doriginal_I_sin_full/random/IPC_20/best_models_random_seed_9_space_original/xgb_best_params.json


>>> Optuna tuning rf metodo random IPC 20 seed 9


Parámetros guardados en checkpoint_paysim_Doriginal_I_sin_full/random/IPC_20/best_models_random_seed_9_space_original/rf_best_params.json


>>> Optuna tuning mlp metodo random IPC 20 seed 9


Parámetros guardados en checkpoint_paysim_Doriginal_I_sin_full/random/IPC_20/best_models_random_seed_9_space_original/mlp_best_params.json


>>> Optuna tuning naive_bayes metodo k-means IPC 20 seed 9


Parámetros guardados en checkpoint_paysim_Doriginal_I_sin_full/k-means/IPC_20/best_models_k-means_seed_9_space_original/naive_bayes_best_params.json


>>> Optuna tuning logreg metodo k-means IPC 20 seed 9


Parámetros guardados en checkpoint_paysim_Doriginal_I_sin_full/k-means/IPC_20/best_models_k-means_seed_9_space_original/logreg_best_params.json


>>> Optuna tuning knn metodo k-means IPC 20 seed 9


Parámetros guardados en checkpoint_paysim_Doriginal_I_sin_full/k-means/IPC_20/best_models_k-means_seed_9_space_original/knn_best_params.json


>>> Optuna tuning xgb metodo k-means IPC 20 seed 9


Parámetros guardados en checkpoint_paysim_Doriginal_I_sin_full/k-means/IPC_20/best_models_k-means_seed_9_space_original/xgb_best_params.json


>>> Optuna tuning rf metodo k-means IPC 20 seed 9


Parámetros guardados en checkpoint_paysim_Doriginal_I_sin_full/k-means/IPC_20/best_models_k-means_seed_9_space_original/rf_best_params.json


>>> Optuna tuning mlp metodo k-means IPC 20 seed 9


Parámetros guardados en checkpoint_paysim_Doriginal_I_sin_full/k-means/IPC_20/best_models_k-means_seed_9_space_original/mlp_best_params.json


>>> Optuna tuning naive_bayes metodo ag IPC 20 seed 9


[I 2026-04-07 03:29:41,460] Trial 0 finished with value: 0.75 and parameters: {'var_smoothing': 1.0489343501429862e-10}. Best is trial 0 with value: 0.75.
[I 2026-04-07 03:29:43,811] Trial 1 finished with value: 0.75 and parameters: {'var_smoothing': 1.0086701860885373e-09}. Best is trial 0 with value: 0.75.
[I 2026-04-07 03:29:46,114] Trial 2 finished with value: 0.75 and parameters: {'var_smoothing': 9.807235097598006e-10}. Best is trial 0 with value: 0.75.
[I 2026-04-07 03:29:48,361] Trial 3 finished with value: 0.75 and parameters: {'var_smoothing': 1.8520770828517824e-10}. Best is trial 0 with value: 0.75.
[I 2026-04-07 03:29:50,544] Trial 4 finished with value: 0.75 and parameters: {'var_smoothing': 1.9240757716714087e-10}. Best is trial 0 with value: 0.75.
[I 2026-04-07 03:29:52,906] Trial 5 finished with value: 0.75 and parameters: {'var_smoothing': 2.736007926537145e-10}. Best is trial 0 with value: 0.75.
[I 2026-04-07 03:29:55,216] Trial 6 finished with value: 0.75 and parameters: {'var_smoothing': 6.87094324185739e-10}. Best is trial 0 with value: 0.75.
[I 2026-04-07 03:29:57,477] Trial 7 finished with value: 0.75 and parameters: {'var_smoothing': 3.134745855231349e-10}. Best is trial 0 with value: 0.75.
[I 2026-04-07 03:29:59,766] Trial 8 finished with value: 0.75 and parameters: {'var_smoothing': 1.4727170077821783e-10}. Best is trial 0 with value: 0.75.
[I 2026-04-07 03:30:02,145] Trial 9 finished with value: 0.75 and parameters: {'var_smoothing': 4.909048017047017e-10}. Best is trial 0 with value: 0.75.
[I 2026-04-07 03:30:04,432] Trial 10 finished with value: 0.75 and parameters: {'var_smoothing': 4.226228455594519e-09}. Best is trial 0 with value: 0.75.
[I 2026-04-07 03:30:06,723] Trial 11 finished with value: 0.75 and parameters: {'var_smoothing': 2.8481546791169343e-09}. Best is trial 0 with value: 0.75.
[I 2026-04-07 03:30:08,988] Trial 12 finished with value: 0.75 and parameters: {'var_smoothing': 1.9032336526904254e-09}. Best is trial 0 with value: 0.75.
[I 2026-04-07 03:30:09,020] Trial 13 finished with value: 0.75 and parameters: {'var_smoothing': 1.6192707465333408e-09}. Best is trial 0 with value: 0.75.
[I 2026-04-07 03:30:09,050] Trial 14 finished with value: 0.75 and parameters: {'var_smoothing': 1.0137193502251743e-10}. Best is trial 0 with value: 0.75.
[I 2026-04-07 03:30:09,071] Trial 15 finished with value: 0.775 and parameters: {'var_smoothing': 7.233291262560306e-09}. Best is trial 15 with value: 0.775.
[I 2026-04-07 03:30:09,099] Trial 16 finished with value: 0.775 and parameters: {'var_smoothing': 6.742702215147285e-09}. Best is trial 15 with value: 0.775.
[I 2026-04-07 03:30:09,118] Trial 17 finished with value: 0.775 and parameters: {'var_smoothing': 9.720981228427497e-09}. Best is trial 15 with value: 0.775.
[I 2026-04-07 03:30:09,136] Trial 18 finished with value: 0.775 and parameters: {'var_smoothing': 7.472332636775175e-09}. Best is trial 15 with value: 0.775.
[I 2026-04-07 03:30:09,153] Trial 19 finished with value: 0.775 and parameters: {'var_smoothing': 5.017728637933625e-09}. Best is trial 15 with value: 0.775.
[I 2026-04-07 03:30:09,179] Trial 20 finished with value: 0.775 and parameters: {'var_smoothing': 5.34803924562496e-09}. Best is trial 15 with value: 0.775.
[I 2026-04-07 03:30:09,197] Trial 21 finished with value: 0.775 and parameters: {'var_smoothing': 9.828640293411178e-09}. Best is trial 15 with value: 0.775.
[I 2026-04-07 03:30:09,225] Trial 22 finished with value: 0.775 and parameters: {'var_smoothing': 9.805277861928164e-09}. Best is trial 15 with value: 0.775.
[I 2026-04-07 03:30:09,245] Trial 23 finished with value: 0.75 and parameters: {'var_smoothing': 2.540261078363701e-09}. Best is trial 15 with value: 0.775.
[I 2026-04-07 03:30:09,275] Trial 24 finished with value: 0.775 and parameters: {'var_smoothing': 6.028360370976461e-09}. Best is trial 15 with value: 0.775.
[I 2026-04-07 03:30:09,293] Trial 25 finished with value: 0.75 and parameters: {'var_smoothing': 3.67409152438394e-09}. Best is trial 15 with value: 0.775.
[I 2026-04-07 03:30:09,309] Trial 26 finished with value: 0.775 and parameters: {'var_smoothing': 7.607732858016337e-09}. Best is trial 15 with value: 0.775.
[I 2026-04-07 03:30:09,329] Trial 27 finished with value: 0.75 and parameters: {'var_smoothing': 3.2435439854167717e-09}. Best is trial 15 with value: 0.775.
[I 2026-04-07 03:30:09,349] Trial 28 finished with value: 0.775 and parameters: {'var_smoothing': 6.852763323189915e-09}. Best is trial 15 with value: 0.775.
[I 2026-04-07 03:30:09,369] Trial 29 finished with value: 0.75 and parameters: {'var_smoothing': 1.9405221365990356e-09}. Best is trial 15 with value: 0.775.
[I 2026-04-07 03:30:10,356] A new study created in memory with name: logreg
[I 2026-04-07 03:30:10,402] Trial 0 finished with value: 0.375 and parameters: {'C': 0.0011268620922535318, 'penalty': 'l2'}. Best is trial 0 with value: 0.375.
[I 2026-04-07 03:30:10,447] Trial 1 finished with value: 0.8 and parameters: {'C': 0.32312678588710475, 'penalty': 'l2'}. Best is trial 1 with value: 0.8.
[I 2026-04-07 03:30:10,511] Trial 2 finished with value: 0.8 and parameters: {'C': 0.3012079745112611, 'penalty': 'l2'}. Best is trial 1 with value: 0.8.
[I 2026-04-07 03:30:10,557] Trial 3 finished with value: 0.475 and parameters: {'C': 0.004668180550042529, 'penalty': 'l2'}. Best is trial 1 with value: 0.8.
[I 2026-04-07 03:30:10,614] Trial 4 finished with value: 0.475 and parameters: {'C': 0.005135177115384908, 'penalty': 'l2'}. Best is trial 1 with value: 0.8.
[I 2026-04-07 03:30:10,670] Trial 5 finished with value: 0.675 and parameters: {'C': 0.01238207351349697, 'penalty': 'l2'}. Best is trial 1 with value: 0.8.
[I 2026-04-07 03:30:10,725] Trial 6 finished with value: 0.8 and parameters: {'C': 0.12374877330306278, 'penalty': 'l2'}. Best is trial 1 with value: 0.8.
[I 2026-04-07 03:30:10,781] Trial 7 finished with value: 0.75 and parameters: {'C': 0.017398261017749217, 'penalty': 'l2'}. Best is trial 1 with value: 0.8.
[I 2026-04-07 03:30:10,838] Trial 8 finished with value: 0.4 and parameters: {'C': 0.002632074973627294, 'penalty': 'l2'}. Best is trial 1 with value: 0.8.
[I 2026-04-07 03:30:10,896] Trial 9 finished with value: 0.775 and parameters: {'C': 0.053394091359671186, 'penalty': 'l2'}. Best is trial 1 with value: 0.8.
[I 2026-04-07 03:30:10,962] Trial 10 finished with value: 0.85 and parameters: {'C': 9.528231497855979, 'penalty': 'l2'}. Best is trial 10 with value: 0.85.
[I 2026-04-07 03:30:11,012] Trial 11 finished with value: 0.85 and parameters: {'C': 7.996735848918345, 'penalty': 'l2'}. Best is trial 10 with value: 0.85.
[I 2026-04-07 03:30:11,054] Trial 12 finished with value: 0.85 and parameters: {'C': 13.219259054712499, 'penalty': 'l2'}. Best is trial 10 with value: 0.85.
[I 2026-04-07 03:30:11,084] Trial 13 finished with value: 0.85 and parameters: {'C': 26.863859397130152, 'penalty': 'l2'}. Best is trial 10 with value: 0.85.
[I 2026-04-07 03:30:11,115] Trial 14 finished with value: 0.825 and parameters: {'C': 3.348860092546444, 'penalty': 'l2'}. Best is trial 10 with value: 0.85.
[I 2026-04-07 03:30:11,146] Trial 15 finished with value: 0.875 and parameters: {'C': 83.59696663003389, 'penalty': 'l2'}. Best is trial 15 with value: 0.875.
[I 2026-04-07 03:30:11,175] Trial 16 finished with value: 0.875 and parameters: {'C': 51.199333954244096, 'penalty': 'l2'}. Best is trial 15 with value: 0.875.
[I 2026-04-07 03:30:11,217] Trial 17 finished with value: 0.875 and parameters: {'C': 93.21241058023189, 'penalty': 'l2'}. Best is trial 15 with value: 0.875.
[I 2026-04-07 03:30:11,257] Trial 18 finished with value: 0.8 and parameters: {'C': 2.265034798996436, 'penalty': 'l2'}. Best is trial 15 with value: 0.875.
[I 2026-04-07 03:30:11,287] Trial 19 finished with value: 0.875 and parameters: {'C': 78.84668145446476, 'penalty': 'l2'}. Best is trial 15 with value: 0.875.
[I 2026-04-07 03:30:11,312] Trial 20 finished with value: 0.8 and parameters: {'C': 1.3247594538970922, 'penalty': 'l2'}. Best is trial 15 with value: 0.875.
[I 2026-04-07 03:30:11,349] Trial 21 finished with value: 0.875 and parameters: {'C': 95.77156425069562, 'penalty': 'l2'}. Best is trial 15 with value: 0.875.
[I 2026-04-07 03:30:11,377] Trial 22 finished with value: 0.875 and parameters: {'C': 42.02717608550491, 'penalty': 'l2'}. Best is trial 15 with value: 0.875.
[I 2026-04-07 03:30:11,414] Trial 23 finished with value: 0.85 and parameters: {'C': 29.79733733855651, 'penalty': 'l2'}. Best is trial 15 with value: 0.875.
[I 2026-04-07 03:30:11,445] Trial 24 finished with value: 0.875 and parameters: {'C': 85.51274398754222, 'penalty': 'l2'}. Best is trial 15 with value: 0.875.
[I 2026-04-07 03:30:11,476] Trial 25 finished with value: 0.85 and parameters: {'C': 23.959947188590032, 'penalty': 'l2'}. Best is trial 15 with value: 0.875.
[I 2026-04-07 03:30:11,501] Trial 26 finished with value: 0.825 and parameters: {'C': 4.738526834319239, 'penalty': 'l2'}. Best is trial 15 with value: 0.875.
[I 2026-04-07 03:30:11,527] Trial 27 finished with value: 0.8 and parameters: {'C': 1.027401941739839, 'penalty': 'l2'}. Best is trial 15 with value: 0.875.
[I 2026-04-07 03:30:11,552] Trial 28 finished with value: 0.875 and parameters: {'C': 48.50312350139278, 'penalty': 'l2'}. Best is trial 15 with value: 0.875.
[I 2026-04-07 03:30:11,588] Trial 29 finished with value: 0.85 and parameters: {'C': 13.320763688759858, 'penalty': 'l2'}. Best is trial 15 with value: 0.875.
[I 2026-04-07 03:30:12,528] A new study created in memory with name: knn
[I 2026-04-07 03:30:12,568] Trial 0 finished with value: 0.65 and parameters: {'n_neighbors': 3, 'leaf_size': 30, 'p': 1}. Best is trial 0 with value: 0.65.
[I 2026-04-07 03:30:12,616] Trial 1 finished with value: 0.7 and parameters: {'n_neighbors': 4, 'leaf_size': 24, 'p': 1}. Best is trial 1 with value: 0.7.
[I 2026-04-07 03:30:12,664] Trial 2 finished with value: 0.625 and parameters: {'n_neighbors': 3, 'leaf_size': 27, 'p': 2}. Best is trial 1 with value: 0.7.
[I 2026-04-07 03:30:12,709] Trial 3 finished with value: 0.65 and parameters: {'n_neighbors': 10, 'leaf_size': 20, 'p': 1}. Best is trial 1 with value: 0.7.
[I 2026-04-07 03:30:12,755] Trial 4 finished with value: 0.625 and parameters: {'n_neighbors': 10, 'leaf_size': 34, 'p': 2}. Best is trial 1 with value: 0.7.
[I 2026-04-07 03:30:12,800] Trial 5 finished with value: 0.75 and parameters: {'n_neighbors': 6, 'leaf_size': 34, 'p': 1}. Best is trial 5 with value: 0.75.
[I 2026-04-07 03:30:12,836] Trial 6 finished with value: 0.65 and parameters: {'n_neighbors': 10, 'leaf_size': 36, 'p': 1}. Best is trial 5 with value: 0.75.
[I 2026-04-07 03:30:12,874] Trial 7 finished with value: 0.6 and parameters: {'n_neighbors': 7, 'leaf_size': 39, 'p': 2}. Best is trial 5 with value: 0.75.
[I 2026-04-07 03:30:12,923] Trial 8 finished with value: 0.625 and parameters: {'n_neighbors': 10, 'leaf_size': 23, 'p': 2}. Best is trial 5 with value: 0.75.
[I 2026-04-07 03:30:12,972] Trial 9 finished with value: 0.625 and parameters: {'n_neighbors': 10, 'leaf_size': 35, 'p': 2}. Best is trial 5 with value: 0.75.
[I 2026-04-07 03:30:13,027] Trial 10 finished with value: 0.75 and parameters: {'n_neighbors': 6, 'leaf_size': 31, 'p': 1}. Best is trial 5 with value: 0.75.
[I 2026-04-07 03:30:13,093] Trial 11 finished with value: 0.75 and parameters: {'n_neighbors': 6, 'leaf_size': 31, 'p': 1}. Best is trial 5 with value: 0.75.
[I 2026-04-07 03:30:13,117] Trial 12 finished with value: 0.75 and parameters: {'n_neighbors': 6, 'leaf_size': 31, 'p': 1}. Best is trial 5 with value: 0.75.
[I 2026-04-07 03:30:13,150] Trial 13 finished with value: 0.675 and parameters: {'n_neighbors': 8, 'leaf_size': 39, 'p': 1}. Best is trial 5 with value: 0.75.
[I 2026-04-07 03:30:13,184] Trial 14 finished with value: 0.75 and parameters: {'n_neighbors': 5, 'leaf_size': 28, 'p': 1}. Best is trial 5 with value: 0.75.
[I 2026-04-07 03:30:13,209] Trial 15 finished with value: 0.675 and parameters: {'n_neighbors': 8, 'leaf_size': 33, 'p': 1}. Best is trial 5 with value: 0.75.
[I 2026-04-07 03:30:13,235] Trial 16 finished with value: 0.75 and parameters: {'n_neighbors': 5, 'leaf_size': 36, 'p': 1}. Best is trial 5 with value: 0.75.
[I 2026-04-07 03:30:13,269] Trial 17 finished with value: 0.725 and parameters: {'n_neighbors': 7, 'leaf_size': 27, 'p': 1}. Best is trial 5 with value: 0.75.
[I 2026-04-07 03:30:13,293] Trial 18 finished with value: 0.75 and parameters: {'n_neighbors': 5, 'leaf_size': 33, 'p': 1}. Best is trial 5 with value: 0.75.
[I 2026-04-07 03:30:13,316] Trial 19 finished with value: 0.675 and parameters: {'n_neighbors': 8, 'leaf_size': 37, 'p': 1}. Best is trial 5 with value: 0.75.
[I 2026-04-07 03:30:13,341] Trial 20 finished with value: 0.7 and parameters: {'n_neighbors': 4, 'leaf_size': 29, 'p': 1}. Best is trial 5 with value: 0.75.
[I 2026-04-07 03:30:13,375] Trial 21 finished with value: 0.75 and parameters: {'n_neighbors': 6, 'leaf_size': 32, 'p': 1}. Best is trial 5 with value: 0.75.
[I 2026-04-07 03:30:13,412] Trial 22 finished with value: 0.75 and parameters: {'n_neighbors': 6, 'leaf_size': 31, 'p': 1}. Best is trial 5 with value: 0.75.
[I 2026-04-07 03:30:13,436] Trial 23 finished with value: 0.725 and parameters: {'n_neighbors': 7, 'leaf_size': 26, 'p': 1}. Best is trial 5 with value: 0.75.
[I 2026-04-07 03:30:13,461] Trial 24 finished with value: 0.75 and parameters: {'n_neighbors': 6, 'leaf_size': 30, 'p': 1}. Best is trial 5 with value: 0.75.
[I 2026-04-07 03:30:13,485] Trial 25 finished with value: 0.75 and parameters: {'n_neighbors': 5, 'leaf_size': 34, 'p': 1}. Best is trial 5 with value: 0.75.
[I 2026-04-07 03:30:13,519] Trial 26 finished with value: 0.7 and parameters: {'n_neighbors': 4, 'leaf_size': 32, 'p': 2}. Best is trial 5 with value: 0.75.
[I 2026-04-07 03:30:13,545] Trial 27 finished with value: 0.725 and parameters: {'n_neighbors': 7, 'leaf_size': 38, 'p': 1}. Best is trial 5 with value: 0.75.
[I 2026-04-07 03:30:13,568] Trial 28 finished with value: 0.675 and parameters: {'n_neighbors': 9, 'leaf_size': 29, 'p': 1}. Best is trial 5 with value: 0.75.
[I 2026-04-07 03:30:13,593] Trial 29 finished with value: 0.75 and parameters: {'n_neighbors': 6, 'leaf_size': 30, 'p': 1}. Best is trial 5 with value: 0.75.
[I 2026-04-07 03:30:15,068] A new study created in memory with name: xgb
[I 2026-04-07 03:30:15,125] Trial 0 finished with value: 0.95 and parameters: {'n_estimators': 40, 'max_depth': 30, 'gamma': 0.47665736245940726, 'subsample': 0.6240505842067796, 'colsample_bytree': 0.542029825582675}. Best is trial 0 with value: 0.95.
[I 2026-04-07 03:30:15,174] Trial 1 finished with value: 1.0 and parameters: {'n_estimators': 100, 'max_depth': 5, 'gamma': 0.6154838340124683, 'subsample': 0.9490035591125747, 'colsample_bytree': 0.8334494864598183}. Best is trial 1 with value: 1.0.
[I 2026-04-07 03:30:15,222] Trial 2 finished with value: 0.975 and parameters: {'n_estimators': 40, 'max_depth': 20, 'gamma': 0.9464719685739904, 'subsample': 0.9018698850061588, 'colsample_bytree': 0.9916796241121663}. Best is trial 1 with value: 1.0.
[I 2026-04-07 03:30:15,282] Trial 3 finished with value: 0.975 and parameters: {'n_estimators': 100, 'max_depth': 30, 'gamma': 0.26698751824101463, 'subsample': 0.6215578376567042, 'colsample_bytree': 0.9367004215505623}. Best is trial 1 with value: 1.0.
[I 2026-04-07 03:30:15,340] Trial 4 finished with value: 0.9 and parameters: {'n_estimators': 10, 'max_depth': 20, 'gamma': 0.5301766121845122, 'subsample': 0.7177777323831729, 'colsample_bytree': 0.9352041482132656}. Best is trial 1 with value: 1.0.
[I 2026-04-07 03:30:15,388] Trial 5 finished with value: 0.95 and parameters: {'n_estimators': 100, 'max_depth': 5, 'gamma': 0.6742485862456464, 'subsample': 0.7308488312353485, 'colsample_bytree': 0.5265297122426965}. Best is trial 1 with value: 1.0.
