[I 2026-04-07 01:19:07,773] Trial 22 finished with value: 0.5 and parameters: {'n_estimators': 338, 'max_depth': 10, 'min_samples_split': 8, 'min_samples_leaf': 7}. Best is trial 16 with value: 0.95.
[I 2026-04-07 01:19:08,291] Trial 23 finished with value: 0.5 and parameters: {'n_estimators': 459, 'max_depth': 8, 'min_samples_split': 7, 'min_samples_leaf': 7}. Best is trial 16 with value: 0.95.
[I 2026-04-07 01:19:08,719] Trial 24 finished with value: 0.9 and parameters: {'n_estimators': 403, 'max_depth': 11, 'min_samples_split': 10, 'min_samples_leaf': 4}. Best is trial 16 with value: 0.95.
[I 2026-04-07 01:19:09,270] Trial 25 finished with value: 0.95 and parameters: {'n_estimators': 492, 'max_depth': 6, 'min_samples_split': 9, 'min_samples_leaf': 6}. Best is trial 16 with value: 0.95.
[I 2026-04-07 01:19:09,829] Trial 26 finished with value: 0.95 and parameters: {'n_estimators': 500, 'max_depth': 3, 'min_samples_split': 6, 'min_samples_leaf': 6}. Best is trial 16 with value: 0.95.
[I 2026-04-07 01:19:10,336] Trial 27 finished with value: 0.9 and parameters: {'n_estimators': 453, 'max_depth': 5, 'min_samples_split': 4, 'min_samples_leaf': 5}. Best is trial 16 with value: 0.95.
[I 2026-04-07 01:19:10,711] Trial 28 finished with value: 0.65 and parameters: {'n_estimators': 335, 'max_depth': 16, 'min_samples_split': 6, 'min_samples_leaf': 7}. Best is trial 16 with value: 0.95.
[I 2026-04-07 01:19:11,119] Trial 29 finished with value: 0.95 and parameters: {'n_estimators': 382, 'max_depth': 18, 'min_samples_split': 8, 'min_samples_leaf': 6}. Best is trial 16 with value: 0.95.
[I 2026-04-07 01:19:14,746] A new study created in memory with name: mlp
[I 2026-04-07 01:19:14,801] Trial 0 finished with value: 0.75 and parameters: {'hidden_layer_sizes': (100,), 'max_iter': 100, 'alpha': 0.0001}. Best is trial 0 with value: 0.75.
[I 2026-04-07 01:19:14,889] Trial 1 finished with value: 0.9 and parameters: {'hidden_layer_sizes': (100, 100), 'max_iter': 100, 'alpha': 0.001}. Best is trial 1 with value: 0.9.
[I 2026-04-07 01:19:14,956] Trial 2 finished with value: 0.8 and parameters: {'hidden_layer_sizes': (200,), 'max_iter': 100, 'alpha': 0.0001}. Best is trial 1 with value: 0.9.
[I 2026-04-07 01:19:15,002] Trial 3 finished with value: 0.7 and parameters: {'hidden_layer_sizes': (200,), 'max_iter': 50, 'alpha': 0.001}. Best is trial 1 with value: 0.9.
[I 2026-04-07 01:19:15,059] Trial 4 finished with value: 0.85 and parameters: {'hidden_layer_sizes': (100, 100), 'max_iter': 50, 'alpha': 0.0001}. Best is trial 1 with value: 0.9.
[I 2026-04-07 01:19:15,125] Trial 5 finished with value: 0.8 and parameters: {'hidden_layer_sizes': (200,), 'max_iter': 100, 'alpha': 0.0001}. Best is trial 1 with value: 0.9.
[I 2026-04-07 01:19:15,171] Trial 6 finished with value: 0.8 and parameters: {'hidden_layer_sizes': (200,), 'max_iter': 100, 'alpha': 0.001}. Best is trial 1 with value: 0.9.
[I 2026-04-07 01:19:15,216] Trial 7 finished with value: 0.7 and parameters: {'hidden_layer_sizes': (100,), 'max_iter': 100, 'alpha': 0.001}. Best is trial 1 with value: 0.9.
[I 2026-04-07 01:19:15,282] Trial 8 finished with value: 0.9 and parameters: {'hidden_layer_sizes': (100, 100), 'max_iter': 100, 'alpha': 0.0001}. Best is trial 1 with value: 0.9.
[I 2026-04-07 01:19:15,326] Trial 9 finished with value: 0.8 and parameters: {'hidden_layer_sizes': (200,), 'max_iter': 100, 'alpha': 0.0001}. Best is trial 1 with value: 0.9.
[I 2026-04-07 01:19:15,375] Trial 10 finished with value: 0.85 and parameters: {'hidden_layer_sizes': (100, 100), 'max_iter': 50, 'alpha': 0.001}. Best is trial 1 with value: 0.9.
[I 2026-04-07 01:19:15,441] Trial 11 finished with value: 0.9 and parameters: {'hidden_layer_sizes': (100, 100), 'max_iter': 100, 'alpha': 0.001}. Best is trial 1 with value: 0.9.
[I 2026-04-07 01:19:15,510] Trial 12 finished with value: 0.75 and parameters: {'hidden_layer_sizes': (100, 100), 'max_iter': 100, 'alpha': 0.001}. Best is trial 1 with value: 0.9.
[I 2026-04-07 01:19:15,579] Trial 13 finished with value: 0.85 and parameters: {'hidden_layer_sizes': (100, 100), 'max_iter': 100, 'alpha': 0.0001}. Best is trial 1 with value: 0.9.
[I 2026-04-07 01:19:15,626] Trial 14 finished with value: 0.7 and parameters: {'hidden_layer_sizes': (100, 100), 'max_iter': 50, 'alpha': 0.0001}. Best is trial 1 with value: 0.9.
[I 2026-04-07 01:19:15,695] Trial 15 finished with value: 0.8 and parameters: {'hidden_layer_sizes': (100, 100), 'max_iter': 100, 'alpha': 0.001}. Best is trial 1 with value: 0.9.
[I 2026-04-07 01:19:15,744] Trial 16 finished with value: 0.8 and parameters: {'hidden_layer_sizes': (100,), 'max_iter': 100, 'alpha': 0.001}. Best is trial 1 with value: 0.9.
[I 2026-04-07 01:19:15,802] Trial 17 finished with value: 0.9 and parameters: {'hidden_layer_sizes': (100, 100), 'max_iter': 100, 'alpha': 0.0001}. Best is trial 1 with value: 0.9.
[I 2026-04-07 01:19:15,850] Trial 18 finished with value: 0.7 and parameters: {'hidden_layer_sizes': (100, 100), 'max_iter': 50, 'alpha': 0.0001}. Best is trial 1 with value: 0.9.
[I 2026-04-07 01:19:15,916] Trial 19 finished with value: 0.75 and parameters: {'hidden_layer_sizes': (100, 100), 'max_iter': 100, 'alpha': 0.001}. Best is trial 1 with value: 0.9.
[I 2026-04-07 01:19:15,964] Trial 20 finished with value: 0.6 and parameters: {'hidden_layer_sizes': (100,), 'max_iter': 100, 'alpha': 0.0001}. Best is trial 1 with value: 0.9.
[I 2026-04-07 01:19:16,029] Trial 21 finished with value: 0.85 and parameters: {'hidden_layer_sizes': (100, 100), 'max_iter': 100, 'alpha': 0.001}. Best is trial 1 with value: 0.9.
[I 2026-04-07 01:19:16,087] Trial 22 finished with value: 0.85 and parameters: {'hidden_layer_sizes': (100, 100), 'max_iter': 100, 'alpha': 0.001}. Best is trial 1 with value: 0.9.
[I 2026-04-07 01:19:16,146] Trial 23 finished with value: 0.8 and parameters: {'hidden_layer_sizes': (100, 100), 'max_iter': 100, 'alpha': 0.001}. Best is trial 1 with value: 0.9.
[I 2026-04-07 01:19:16,224] Trial 24 finished with value: 0.85 and parameters: {'hidden_layer_sizes': (100, 100), 'max_iter': 100, 'alpha': 0.001}. Best is trial 1 with value: 0.9.
[I 2026-04-07 01:19:16,293] Trial 25 finished with value: 0.75 and parameters: {'hidden_layer_sizes': (100, 100), 'max_iter': 100, 'alpha': 0.001}. Best is trial 1 with value: 0.9.
[I 2026-04-07 01:19:16,341] Trial 26 finished with value: 0.8 and parameters: {'hidden_layer_sizes': (100, 100), 'max_iter': 50, 'alpha': 0.001}. Best is trial 1 with value: 0.9.
[I 2026-04-07 01:19:16,409] Trial 27 finished with value: 0.85 and parameters: {'hidden_layer_sizes': (100, 100), 'max_iter': 100, 'alpha': 0.001}. Best is trial 1 with value: 0.9.
[I 2026-04-07 01:19:16,458] Trial 28 finished with value: 0.75 and parameters: {'hidden_layer_sizes': (100,), 'max_iter': 100, 'alpha': 0.0001}. Best is trial 1 with value: 0.9.
[I 2026-04-07 01:19:16,546] Trial 29 finished with value: 0.8 and parameters: {'hidden_layer_sizes': (100, 100), 'max_iter': 100, 'alpha': 0.0001}. Best is trial 1 with value: 0.9.
[I 2026-04-07 01:19:24,431] A new study created in memory with name: naive_bayes
[I 2026-04-07 01:19:24,446] Trial 0 finished with value: 1.0 and parameters: {'var_smoothing': 6.10548688762798e-09}. Best is trial 0 with value: 1.0.
[I 2026-04-07 01:19:24,460] Trial 1 finished with value: 1.0 and parameters: {'var_smoothing': 4.6127467400935034e-10}. Best is trial 0 with value: 1.0.
[I 2026-04-07 01:19:24,473] Trial 2 finished with value: 1.0 and parameters: {'var_smoothing': 4.389936579400967e-09}. Best is trial 0 with value: 1.0.
[I 2026-04-07 01:19:24,486] Trial 3 finished with value: 1.0 and parameters: {'var_smoothing': 1.2116948204672054e-10}. Best is trial 0 with value: 1.0.
[I 2026-04-07 01:19:24,499] Trial 4 finished with value: 1.0 and parameters: {'var_smoothing': 1.6417739478477417e-10}. Best is trial 0 with value: 1.0.
[I 2026-04-07 01:19:24,513] Trial 5 finished with value: 1.0 and parameters: {'var_smoothing': 1.5491880147236797e-09}. Best is trial 0 with value: 1.0.
[I 2026-04-07 01:19:24,526] Trial 6 finished with value: 1.0 and parameters: {'var_smoothing': 1.1471883405287265e-09}. Best is trial 0 with value: 1.0.
[I 2026-04-07 01:19:24,540] Trial 7 finished with value: 1.0 and parameters: {'var_smoothing': 6.88041853492358e-10}. Best is trial 0 with value: 1.0.
[I 2026-04-07 01:19:24,553] Trial 8 finished with value: 1.0 and parameters: {'var_smoothing': 4.686144741221158e-10}. Best is trial 0 with value: 1.0.
[I 2026-04-07 01:19:24,566] Trial 9 finished with value: 1.0 and parameters: {'var_smoothing': 1.7580809350683337e-09}. Best is trial 0 with value: 1.0.
[I 2026-04-07 01:19:24,583] Trial 10 finished with value: 1.0 and parameters: {'var_smoothing': 9.83902635509218e-09}. Best is trial 0 with value: 1.0.
[I 2026-04-07 01:19:24,604] Trial 11 finished with value: 1.0 and parameters: {'var_smoothing': 2.660399871603373e-10}. Best is trial 0 with value: 1.0.
[I 2026-04-07 01:19:24,624] Trial 12 finished with value: 1.0 and parameters: {'var_smoothing': 9.276268851540963e-09}. Best is trial 0 with value: 1.0.
[I 2026-04-07 01:19:24,644] Trial 13 finished with value: 1.0 and parameters: {'var_smoothing': 2.9844010685221692e-09}. Best is trial 0 with value: 1.0.
[I 2026-04-07 01:19:24,663] Trial 14 finished with value: 1.0 and parameters: {'var_smoothing': 3.8923309717334116e-10}. Best is trial 0 with value: 1.0.
[I 2026-04-07 01:19:24,683] Trial 15 finished with value: 1.0 and parameters: {'var_smoothing': 3.85461066627204e-09}. Best is trial 0 with value: 1.0.
[I 2026-04-07 01:19:24,703] Trial 16 finished with value: 1.0 and parameters: {'var_smoothing': 7.120907275009211e-10}. Best is trial 0 with value: 1.0.
[I 2026-04-07 01:19:24,722] Trial 17 finished with value: 1.0 and parameters: {'var_smoothing': 2.412486610614855e-10}. Best is trial 0 with value: 1.0.
[I 2026-04-07 01:19:24,741] Trial 18 finished with value: 1.0 and parameters: {'var_smoothing': 2.3580860166954074e-09}. Best is trial 0 with value: 1.0.
[I 2026-04-07 01:19:24,761] Trial 19 finished with value: 1.0 and parameters: {'var_smoothing': 5.846846875339535e-09}. Best is trial 0 with value: 1.0.
[I 2026-04-07 01:19:24,780] Trial 20 finished with value: 1.0 and parameters: {'var_smoothing': 1.0486521320383776e-09}. Best is trial 0 with value: 1.0.
[I 2026-04-07 01:19:24,799] Trial 21 finished with value: 1.0 and parameters: {'var_smoothing': 4.9491450263339475e-09}. Best is trial 0 with value: 1.0.
[I 2026-04-07 01:19:24,818] Trial 22 finished with value: 1.0 and parameters: {'var_smoothing': 6.667992141406306e-09}. Best is trial 0 with value: 1.0.
[I 2026-04-07 01:19:24,837] Trial 23 finished with value: 1.0 and parameters: {'var_smoothing': 3.2795712712135213e-09}. Best is trial 0 with value: 1.0.
[I 2026-04-07 01:19:24,854] Trial 24 finished with value: 1.0 and parameters: {'var_smoothing': 6.403538416287158e-10}. Best is trial 0 with value: 1.0.
[I 2026-04-07 01:19:24,871] Trial 25 finished with value: 1.0 and parameters: {'var_smoothing': 2.1589819023851477e-09}. Best is trial 0 with value: 1.0.
[I 2026-04-07 01:19:24,890] Trial 26 finished with value: 1.0 and parameters: {'var_smoothing': 3.912617821024548e-09}. Best is trial 0 with value: 1.0.
[I 2026-04-07 01:19:24,906] Trial 27 finished with value: 1.0 and parameters: {'var_smoothing': 7.162139101012446e-09}. Best is trial 0 with value: 1.0.
[I 2026-04-07 01:19:24,922] Trial 28 finished with value: 1.0 and parameters: {'var_smoothing': 1.3883316815746274e-09}. Best is trial 0 with value: 1.0.
[I 2026-04-07 01:19:24,950] Trial 29 finished with value: 1.0 and parameters: {'var_smoothing': 4.1751754503046387e-10}. Best is trial 0 with value: 1.0.
[I 2026-04-07 01:19:25,874] A new study created in memory with name: logreg
[I 2026-04-07 01:19:25,898] Trial 0 finished with value: 1.0 and parameters: {'C': 29.127335430981816, 'penalty': 'l2'}. Best is trial 0 with value: 1.0.
[I 2026-04-07 01:19:25,913] Trial 1 finished with value: 1.0 and parameters: {'C': 0.045698192893558344, 'penalty': 'l2'}. Best is trial 0 with value: 1.0.
[I 2026-04-07 01:19:25,936] Trial 2 finished with value: 1.0 and parameters: {'C': 12.768668597712947, 'penalty': 'l2'}. Best is trial 0 with value: 1.0.
[I 2026-04-07 01:19:25,971] Trial 3 finished with value: 1.0 and parameters: {'C': 0.0016161554408462638, 'penalty': 'l2'}. Best is trial 0 with value: 1.0.
[I 2026-04-07 01:19:25,996] Trial 4 finished with value: 1.0 and parameters: {'C': 0.0034536903703241734, 'penalty': 'l2'}. Best is trial 0 with value: 1.0.
[I 2026-04-07 01:19:26,020] Trial 5 finished with value: 1.0 and parameters: {'C': 0.9446269266990148, 'penalty': 'l2'}. Best is trial 0 with value: 1.0.
[I 2026-04-07 01:19:26,044] Trial 6 finished with value: 1.0 and parameters: {'C': 0.4457453393648168, 'penalty': 'l2'}. Best is trial 0 with value: 1.0.
[I 2026-04-07 01:19:26,069] Trial 7 finished with value: 1.0 and parameters: {'C': 0.12417585037258261, 'penalty': 'l2'}. Best is trial 0 with value: 1.0.
[I 2026-04-07 01:19:26,082] Trial 8 finished with value: 1.0 and parameters: {'C': 0.04753781830244093, 'penalty': 'l2'}. Best is trial 0 with value: 1.0.
[I 2026-04-07 01:19:26,095] Trial 9 finished with value: 1.0 and parameters: {'C': 1.2959766028194148, 'penalty': 'l2'}. Best is trial 0 with value: 1.0.
[I 2026-04-07 01:19:26,123] Trial 10 finished with value: 1.0 and parameters: {'C': 96.02411422716075, 'penalty': 'l2'}. Best is trial 0 with value: 1.0.
[I 2026-04-07 01:19:26,154] Trial 11 finished with value: 1.0 and parameters: {'C': 0.011544291794950012, 'penalty': 'l2'}. Best is trial 0 with value: 1.0.
[I 2026-04-07 01:19:26,175] Trial 12 finished with value: 1.0 and parameters: {'C': 82.8768656483412, 'penalty': 'l2'}. Best is trial 0 with value: 1.0.
[I 2026-04-07 01:19:26,194] Trial 13 finished with value: 1.0 and parameters: {'C': 4.865673542589085, 'penalty': 'l2'}. Best is trial 0 with value: 1.0.
[I 2026-04-07 01:19:26,211] Trial 14 finished with value: 1.0 and parameters: {'C': 0.029889896070841086, 'penalty': 'l2'}. Best is trial 0 with value: 1.0.
[I 2026-04-07 01:19:26,231] Trial 15 finished with value: 1.0 and parameters: {'C': 9.224679733476327, 'penalty': 'l2'}. Best is trial 0 with value: 1.0.
[I 2026-04-07 01:19:26,261] Trial 16 finished with value: 1.0 and parameters: {'C': 0.13531262729274382, 'penalty': 'l2'}. Best is trial 0 with value: 1.0.
[I 2026-04-07 01:19:26,281] Trial 17 finished with value: 1.0 and parameters: {'C': 0.009039871959471408, 'penalty': 'l2'}. Best is trial 0 with value: 1.0.
[I 2026-04-07 01:19:26,311] Trial 18 finished with value: 1.0 and parameters: {'C': 2.7002197370561327, 'penalty': 'l2'}. Best is trial 0 with value: 1.0.
[I 2026-04-07 01:19:26,333] Trial 19 finished with value: 1.0 and parameters: {'C': 26.139922781749494, 'penalty': 'l2'}. Best is trial 0 with value: 1.0.
[I 2026-04-07 01:19:26,360] Trial 20 finished with value: 1.0 and parameters: {'C': 0.35610544182754233, 'penalty': 'l2'}. Best is trial 0 with value: 1.0.
[I 2026-04-07 01:19:26,391] Trial 21 finished with value: 1.0 and parameters: {'C': 17.23159388726856, 'penalty': 'l2'}. Best is trial 0 with value: 1.0.
[I 2026-04-07 01:19:26,420] Trial 22 finished with value: 1.0 and parameters: {'C': 36.30677704642794, 'penalty': 'l2'}. Best is trial 0 with value: 1.0.
[I 2026-04-07 01:19:26,447] Trial 23 finished with value: 1.0 and parameters: {'C': 6.159460626909738, 'penalty': 'l2'}. Best is trial 0 with value: 1.0.
[I 2026-04-07 01:19:26,479] Trial 24 finished with value: 1.0 and parameters: {'C': 0.10376479878444198, 'penalty': 'l2'}. Best is trial 0 with value: 1.0.
[I 2026-04-07 01:19:26,501] Trial 25 finished with value: 1.0 and parameters: {'C': 2.1658207225154067, 'penalty': 'l2'}. Best is trial 0 with value: 1.0.
[I 2026-04-07 01:19:26,518] Trial 26 finished with value: 1.0 and parameters: {'C': 9.57565679061974, 'penalty': 'l2'}. Best is trial 0 with value: 1.0.
[I 2026-04-07 01:19:26,544] Trial 27 finished with value: 1.0 and parameters: {'C': 43.41170855949338, 'penalty': 'l2'}. Best is trial 0 with value: 1.0.
[I 2026-04-07 01:19:26,564] Trial 28 finished with value: 1.0 and parameters: {'C': 0.7181796348031952, 'penalty': 'l2'}. Best is trial 0 with value: 1.0.
[I 2026-04-07 01:19:26,595] Trial 29 finished with value: 1.0 and parameters: {'C': 0.03561941853498694, 'penalty': 'l2'}. Best is trial 0 with value: 1.0.
[I 2026-04-07 01:19:26,949] A new study created in memory with name: knn
[I 2026-04-07 01:19:26,983] Trial 0 finished with value: 1.0 and parameters: {'n_neighbors': 10, 'leaf_size': 26, 'p': 1}. Best is trial 0 with value: 1.0.
[I 2026-04-07 01:19:26,997] Trial 1 finished with value: 1.0 and parameters: {'n_neighbors': 3, 'leaf_size': 32, 'p': 1}. Best is trial 0 with value: 1.0.
[I 2026-04-07 01:19:27,022] Trial 2 finished with value: 1.0 and parameters: {'n_neighbors': 5, 'leaf_size': 33, 'p': 2}. Best is trial 0 with value: 1.0.
[I 2026-04-07 01:19:27,036] Trial 3 finished with value: 1.0 and parameters: {'n_neighbors': 7, 'leaf_size': 32, 'p': 2}. Best is trial 0 with value: 1.0.
[I 2026-04-07 01:19:27,070] Trial 4 finished with value: 1.0 and parameters: {'n_neighbors': 9, 'leaf_size': 28, 'p': 1}. Best is trial 0 with value: 1.0.
[I 2026-04-07 01:19:27,084] Trial 5 finished with value: 1.0 and parameters: {'n_neighbors': 3, 'leaf_size': 35, 'p': 1}. Best is trial 0 with value: 1.0.
[I 2026-04-07 01:19:27,118] Trial 6 finished with value: 1.0 and parameters: {'n_neighbors': 8, 'leaf_size': 31, 'p': 2}. Best is trial 0 with value: 1.0.
[I 2026-04-07 01:19:27,147] Trial 7 finished with value: 1.0 and parameters: {'n_neighbors': 6, 'leaf_size': 24, 'p': 2}. Best is trial 0 with value: 1.0.
[I 2026-04-07 01:19:27,172] Trial 8 finished with value: 1.0 and parameters: {'n_neighbors': 5, 'leaf_size': 34, 'p': 2}. Best is trial 0 with value: 1.0.
[I 2026-04-07 01:19:27,207] Trial 9 finished with value: 1.0 and parameters: {'n_neighbors': 10, 'leaf_size': 27, 'p': 2}. Best is trial 0 with value: 1.0.
[I 2026-04-07 01:19:27,232] Trial 10 finished with value: 1.0 and parameters: {'n_neighbors': 10, 'leaf_size': 40, 'p': 1}. Best is trial 0 with value: 1.0.
[I 2026-04-07 01:19:27,254] Trial 11 finished with value: 1.0 and parameters: {'n_neighbors': 3, 'leaf_size': 22, 'p': 1}. Best is trial 0 with value: 1.0.
[I 2026-04-07 01:19:27,290] Trial 12 finished with value: 1.0 and parameters: {'n_neighbors': 4, 'leaf_size': 26, 'p': 1}. Best is trial 0 with value: 1.0.
[I 2026-04-07 01:19:27,333] Trial 13 finished with value: 1.0 and parameters: {'n_neighbors': 8, 'leaf_size': 20, 'p': 1}. Best is trial 0 with value: 1.0.
[I 2026-04-07 01:19:27,359] Trial 14 finished with value: 1.0 and parameters: {'n_neighbors': 6, 'leaf_size': 38, 'p': 1}. Best is trial 0 with value: 1.0.
[I 2026-04-07 01:19:27,412] Trial 15 finished with value: 1.0 and parameters: {'n_neighbors': 8, 'leaf_size': 29, 'p': 1}. Best is trial 0 with value: 1.0.
[I 2026-04-07 01:19:27,447] Trial 16 finished with value: 1.0 and parameters: {'n_neighbors': 4, 'leaf_size': 24, 'p': 1}. Best is trial 0 with value: 1.0.
[I 2026-04-07 01:19:27,470] Trial 17 finished with value: 1.0 and parameters: {'n_neighbors': 7, 'leaf_size': 37, 'p': 1}. Best is trial 0 with value: 1.0.
[I 2026-04-07 01:19:27,511] Trial 18 finished with value: 1.0 and parameters: {'n_neighbors': 9, 'leaf_size': 25, 'p': 1}. Best is trial 0 with value: 1.0.
[I 2026-04-07 01:19:27,545] Trial 19 finished with value: 1.0 and parameters: {'n_neighbors': 5, 'leaf_size': 30, 'p': 1}. Best is trial 0 with value: 1.0.
[I 2026-04-07 01:19:27,572] Trial 20 finished with value: 1.0 and parameters: {'n_neighbors': 4, 'leaf_size': 22, 'p': 1}. Best is trial 0 with value: 1.0.
[I 2026-04-07 01:19:27,598] Trial 21 finished with value: 1.0 and parameters: {'n_neighbors': 5, 'leaf_size': 33, 'p': 2}. Best is trial 0 with value: 1.0.
[I 2026-04-07 01:19:27,624] Trial 22 finished with value: 1.0 and parameters: {'n_neighbors': 3, 'leaf_size': 30, 'p': 2}. Best is trial 0 with value: 1.0.
[I 2026-04-07 01:19:27,651] Trial 23 finished with value: 1.0 and parameters: {'n_neighbors': 4, 'leaf_size': 35, 'p': 2}. Best is trial 0 with value: 1.0.
[I 2026-04-07 01:19:27,687] Trial 24 finished with value: 1.0 and parameters: {'n_neighbors': 6, 'leaf_size': 32, 'p': 2}. Best is trial 0 with value: 1.0.
[I 2026-04-07 01:19:27,711] Trial 25 finished with value: 1.0 and parameters: {'n_neighbors': 5, 'leaf_size': 28, 'p': 1}. Best is trial 0 with value: 1.0.
[I 2026-04-07 01:19:27,734] Trial 26 finished with value: 1.0 and parameters: {'n_neighbors': 7, 'leaf_size': 37, 'p': 2}. Best is trial 0 with value: 1.0.
[I 2026-04-07 01:19:27,757] Trial 27 finished with value: 1.0 and parameters: {'n_neighbors': 3, 'leaf_size': 34, 'p': 1}. Best is trial 0 with value: 1.0.
[I 2026-04-07 01:19:27,783] Trial 28 finished with value: 1.0 and parameters: {'n_neighbors': 9, 'leaf_size': 29, 'p': 2}. Best is trial 0 with value: 1.0.
[I 2026-04-07 01:19:27,819] Trial 29 finished with value: 1.0 and parameters: {'n_neighbors': 7, 'leaf_size': 32, 'p': 2}. Best is trial 0 with value: 1.0.
[I 2026-04-07 01:19:28,204] A new study created in memory with name: xgb
[I 2026-04-07 01:19:28,229] Trial 0 finished with value: 0.95 and parameters: {'n_estimators': 10, 'max_depth': 30, 'gamma': 0.5768356259735394, 'subsample': 0.7094037142783272, 'colsample_bytree': 0.6677039246366646}. Best is trial 0 with value: 0.95.
[I 2026-04-07 01:19:28,267] Trial 1 finished with value: 0.95 and parameters: {'n_estimators': 100, 'max_depth': 30, 'gamma': 0.9912018442360747, 'subsample': 0.9099290984609207, 'colsample_bytree': 0.7066004674080903}. Best is trial 0 with value: 0.95.
