[I 2026-04-09 20:13:16,832] Trial 11 finished with value: 0.75 and parameters: {'n_estimators': 40, 'max_depth': 5, 'gamma': 0.2522501431013463, 'subsample': 0.682912074669807, 'colsample_bytree': 0.719094254519013}. Best is trial 2 with value: 0.75.
[I 2026-04-09 20:13:16,866] Trial 12 finished with value: 0.75 and parameters: {'n_estimators': 10, 'max_depth': 5, 'gamma': 0.13643188046913968, 'subsample': 0.7012264673126989, 'colsample_bytree': 0.6455308100865761}. Best is trial 2 with value: 0.75.
[I 2026-04-09 20:13:16,898] Trial 13 finished with value: 0.75 and parameters: {'n_estimators': 10, 'max_depth': 5, 'gamma': 0.2761461774347163, 'subsample': 0.6046995562734875, 'colsample_bytree': 0.6707438718310352}. Best is trial 2 with value: 0.75.
[I 2026-04-09 20:13:16,931] Trial 14 finished with value: 0.7 and parameters: {'n_estimators': 40, 'max_depth': 30, 'gamma': 0.29946218783114176, 'subsample': 0.7291262581965972, 'colsample_bytree': 0.819586526755822}. Best is trial 2 with value: 0.75.
[I 2026-04-09 20:13:16,963] Trial 15 finished with value: 0.85 and parameters: {'n_estimators': 10, 'max_depth': 5, 'gamma': 0.27793591993322675, 'subsample': 0.6394025004506145, 'colsample_bytree': 0.588636158114704}. Best is trial 15 with value: 0.85.
[I 2026-04-09 20:13:17,002] Trial 16 finished with value: 0.75 and parameters: {'n_estimators': 10, 'max_depth': 5, 'gamma': 0.3948172633490876, 'subsample': 0.5870677280036923, 'colsample_bytree': 0.5697943728687622}. Best is trial 15 with value: 0.85.
[I 2026-04-09 20:13:17,041] Trial 17 finished with value: 0.75 and parameters: {'n_estimators': 10, 'max_depth': 5, 'gamma': 0.17594279924799697, 'subsample': 0.7724470549553977, 'colsample_bytree': 0.607762226829365}. Best is trial 15 with value: 0.85.
[I 2026-04-09 20:13:17,078] Trial 18 finished with value: 0.75 and parameters: {'n_estimators': 10, 'max_depth': 30, 'gamma': 0.3722944677543593, 'subsample': 0.5608795958914213, 'colsample_bytree': 0.5153110969415753}. Best is trial 15 with value: 0.85.
[I 2026-04-09 20:13:17,129] Trial 19 finished with value: 0.7 and parameters: {'n_estimators': 10, 'max_depth': 20, 'gamma': 0.3740057811231263, 'subsample': 0.6280217161448107, 'colsample_bytree': 0.6901666697090526}. Best is trial 15 with value: 0.85.
[I 2026-04-09 20:13:17,156] Trial 20 finished with value: 0.7 and parameters: {'n_estimators': 10, 'max_depth': 5, 'gamma': 0.22113478950670754, 'subsample': 0.6643307218206755, 'colsample_bytree': 0.6063873566599434}. Best is trial 15 with value: 0.85.
[I 2026-04-09 20:13:17,191] Trial 21 finished with value: 0.75 and parameters: {'n_estimators': 40, 'max_depth': 5, 'gamma': 0.24910799928401292, 'subsample': 0.699782887269753, 'colsample_bytree': 0.7204797702741481}. Best is trial 15 with value: 0.85.
[I 2026-04-09 20:13:17,225] Trial 22 finished with value: 0.7 and parameters: {'n_estimators': 40, 'max_depth': 5, 'gamma': 0.31129667980399794, 'subsample': 0.6674069070269513, 'colsample_bytree': 0.7833261069251533}. Best is trial 15 with value: 0.85.
[I 2026-04-09 20:13:17,267] Trial 23 finished with value: 0.75 and parameters: {'n_estimators': 10, 'max_depth': 5, 'gamma': 0.9953182577057711, 'subsample': 0.5593513619344718, 'colsample_bytree': 0.6280101956918077}. Best is trial 15 with value: 0.85.
[I 2026-04-09 20:13:17,308] Trial 24 finished with value: 0.75 and parameters: {'n_estimators': 40, 'max_depth': 5, 'gamma': 0.18656056820828693, 'subsample': 0.5676010331577934, 'colsample_bytree': 0.6961879448940724}. Best is trial 15 with value: 0.85.
[I 2026-04-09 20:13:17,342] Trial 25 finished with value: 0.6 and parameters: {'n_estimators': 10, 'max_depth': 5, 'gamma': 0.10764373246258885, 'subsample': 0.7556353558236583, 'colsample_bytree': 0.7946087335472604}. Best is trial 15 with value: 0.85.
[I 2026-04-09 20:13:17,382] Trial 26 finished with value: 0.75 and parameters: {'n_estimators': 40, 'max_depth': 5, 'gamma': 0.4473843285547392, 'subsample': 0.6549546542252497, 'colsample_bytree': 0.5734541859369409}. Best is trial 15 with value: 0.85.
[I 2026-04-09 20:13:17,427] Trial 27 finished with value: 0.65 and parameters: {'n_estimators': 10, 'max_depth': 5, 'gamma': 0.3432426298311827, 'subsample': 0.8882024153266558, 'colsample_bytree': 0.7166985287736235}. Best is trial 15 with value: 0.85.
[I 2026-04-09 20:13:17,461] Trial 28 finished with value: 0.65 and parameters: {'n_estimators': 10, 'max_depth': 20, 'gamma': 0.229847916344218, 'subsample': 0.7106640196779326, 'colsample_bytree': 0.8316747458515387}. Best is trial 15 with value: 0.85.
[I 2026-04-09 20:13:17,500] Trial 29 finished with value: 0.7 and parameters: {'n_estimators': 40, 'max_depth': 30, 'gamma': 0.4253024531057803, 'subsample': 0.67071986964209, 'colsample_bytree': 0.7518864925326253}. Best is trial 15 with value: 0.85.
[I 2026-04-09 20:13:17,897] A new study created in memory with name: rf
[I 2026-04-09 20:13:18,395] Trial 0 finished with value: 0.75 and parameters: {'n_estimators': 450, 'max_depth': 20, 'min_samples_split': 9, 'min_samples_leaf': 6}. Best is trial 0 with value: 0.75.
[I 2026-04-09 20:13:18,620] Trial 1 finished with value: 0.7 and parameters: {'n_estimators': 193, 'max_depth': 3, 'min_samples_split': 5, 'min_samples_leaf': 5}. Best is trial 0 with value: 0.75.
[I 2026-04-09 20:13:19,028] Trial 2 finished with value: 0.65 and parameters: {'n_estimators': 309, 'max_depth': 11, 'min_samples_split': 6, 'min_samples_leaf': 6}. Best is trial 0 with value: 0.75.
[I 2026-04-09 20:13:19,474] Trial 3 finished with value: 0.65 and parameters: {'n_estimators': 405, 'max_depth': 15, 'min_samples_split': 7, 'min_samples_leaf': 5}. Best is trial 0 with value: 0.75.
[I 2026-04-09 20:13:19,758] Trial 4 finished with value: 0.75 and parameters: {'n_estimators': 215, 'max_depth': 20, 'min_samples_split': 5, 'min_samples_leaf': 3}. Best is trial 0 with value: 0.75.
[I 2026-04-09 20:13:19,916] Trial 5 finished with value: 0.75 and parameters: {'n_estimators': 126, 'max_depth': 20, 'min_samples_split': 3, 'min_samples_leaf': 4}. Best is trial 0 with value: 0.75.
[I 2026-04-09 20:13:20,071] Trial 6 finished with value: 0.5 and parameters: {'n_estimators': 128, 'max_depth': 7, 'min_samples_split': 5, 'min_samples_leaf': 9}. Best is trial 0 with value: 0.75.
[I 2026-04-09 20:13:20,367] Trial 7 finished with value: 0.75 and parameters: {'n_estimators': 238, 'max_depth': 20, 'min_samples_split': 2, 'min_samples_leaf': 4}. Best is trial 0 with value: 0.75.
[I 2026-04-09 20:13:20,661] Trial 8 finished with value: 0.65 and parameters: {'n_estimators': 252, 'max_depth': 16, 'min_samples_split': 10, 'min_samples_leaf': 4}. Best is trial 0 with value: 0.75.
[I 2026-04-09 20:13:20,988] Trial 9 finished with value: 0.5 and parameters: {'n_estimators': 273, 'max_depth': 7, 'min_samples_split': 9, 'min_samples_leaf': 7}. Best is trial 0 with value: 0.75.
[I 2026-04-09 20:13:21,559] Trial 10 finished with value: 0.5 and parameters: {'n_estimators': 498, 'max_depth': 15, 'min_samples_split': 8, 'min_samples_leaf': 10}. Best is trial 0 with value: 0.75.
[I 2026-04-09 20:13:21,983] Trial 11 finished with value: 0.85 and parameters: {'n_estimators': 363, 'max_depth': 18, 'min_samples_split': 4, 'min_samples_leaf': 1}. Best is trial 11 with value: 0.85.
[I 2026-04-09 20:13:22,439] Trial 12 finished with value: 0.85 and parameters: {'n_estimators': 384, 'max_depth': 17, 'min_samples_split': 3, 'min_samples_leaf': 1}. Best is trial 11 with value: 0.85.
[I 2026-04-09 20:13:22,887] Trial 13 finished with value: 0.85 and parameters: {'n_estimators': 362, 'max_depth': 17, 'min_samples_split': 3, 'min_samples_leaf': 1}. Best is trial 11 with value: 0.85.
[I 2026-04-09 20:13:23,357] Trial 14 finished with value: 0.85 and parameters: {'n_estimators': 361, 'max_depth': 12, 'min_samples_split': 3, 'min_samples_leaf': 1}. Best is trial 11 with value: 0.85.
[I 2026-04-09 20:13:23,804] Trial 15 finished with value: 0.75 and parameters: {'n_estimators': 327, 'max_depth': 12, 'min_samples_split': 4, 'min_samples_leaf': 2}. Best is trial 11 with value: 0.85.
[I 2026-04-09 20:13:24,347] Trial 16 finished with value: 0.8 and parameters: {'n_estimators': 419, 'max_depth': 17, 'min_samples_split': 2, 'min_samples_leaf': 2}. Best is trial 11 with value: 0.85.
[I 2026-04-09 20:13:24,809] Trial 17 finished with value: 0.8 and parameters: {'n_estimators': 357, 'max_depth': 18, 'min_samples_split': 4, 'min_samples_leaf': 2}. Best is trial 11 with value: 0.85.
[I 2026-04-09 20:13:25,324] Trial 18 finished with value: 0.85 and parameters: {'n_estimators': 471, 'max_depth': 14, 'min_samples_split': 4, 'min_samples_leaf': 1}. Best is trial 11 with value: 0.85.
[I 2026-04-09 20:13:25,823] Trial 19 finished with value: 0.75 and parameters: {'n_estimators': 407, 'max_depth': 18, 'min_samples_split': 6, 'min_samples_leaf': 3}. Best is trial 11 with value: 0.85.
[I 2026-04-09 20:13:26,258] Trial 20 finished with value: 0.5 and parameters: {'n_estimators': 332, 'max_depth': 13, 'min_samples_split': 2, 'min_samples_leaf': 8}. Best is trial 11 with value: 0.85.
[I 2026-04-09 20:13:26,691] Trial 21 finished with value: 0.8 and parameters: {'n_estimators': 377, 'max_depth': 18, 'min_samples_split': 3, 'min_samples_leaf': 1}. Best is trial 11 with value: 0.85.
[I 2026-04-09 20:13:27,203] Trial 22 finished with value: 0.85 and parameters: {'n_estimators': 434, 'max_depth': 9, 'min_samples_split': 3, 'min_samples_leaf': 1}. Best is trial 11 with value: 0.85.
[I 2026-04-09 20:13:27,578] Trial 23 finished with value: 0.75 and parameters: {'n_estimators': 294, 'max_depth': 16, 'min_samples_split': 4, 'min_samples_leaf': 3}. Best is trial 11 with value: 0.85.
[I 2026-04-09 20:13:28,008] Trial 24 finished with value: 0.8 and parameters: {'n_estimators': 386, 'max_depth': 18, 'min_samples_split': 3, 'min_samples_leaf': 2}. Best is trial 11 with value: 0.85.
[I 2026-04-09 20:13:28,448] Trial 25 finished with value: 0.85 and parameters: {'n_estimators': 350, 'max_depth': 16, 'min_samples_split': 2, 'min_samples_leaf': 1}. Best is trial 11 with value: 0.85.
[I 2026-04-09 20:13:28,810] Trial 26 finished with value: 0.75 and parameters: {'n_estimators': 300, 'max_depth': 14, 'min_samples_split': 5, 'min_samples_leaf': 3}. Best is trial 11 with value: 0.85.
[I 2026-04-09 20:13:29,275] Trial 27 finished with value: 0.8 and parameters: {'n_estimators': 385, 'max_depth': 10, 'min_samples_split': 6, 'min_samples_leaf': 2}. Best is trial 11 with value: 0.85.
[I 2026-04-09 20:13:29,809] Trial 28 finished with value: 0.85 and parameters: {'n_estimators': 462, 'max_depth': 17, 'min_samples_split': 4, 'min_samples_leaf': 1}. Best is trial 11 with value: 0.85.
[I 2026-04-09 20:13:30,209] Trial 29 finished with value: 0.8 and parameters: {'n_estimators': 335, 'max_depth': 19, 'min_samples_split': 3, 'min_samples_leaf': 2}. Best is trial 11 with value: 0.85.
[I 2026-04-09 20:13:34,969] A new study created in memory with name: mlp
[I 2026-04-09 20:13:35,004] Trial 0 finished with value: 0.85 and parameters: {'hidden_layer_sizes': (200,), 'max_iter': 50, 'alpha': 0.001}. Best is trial 0 with value: 0.85.
[I 2026-04-09 20:13:35,067] Trial 1 finished with value: 0.85 and parameters: {'hidden_layer_sizes': (200,), 'max_iter': 50, 'alpha': 0.0001}. Best is trial 0 with value: 0.85.
[I 2026-04-09 20:13:35,103] Trial 2 finished with value: 0.8 and parameters: {'hidden_layer_sizes': (100,), 'max_iter': 50, 'alpha': 0.0001}. Best is trial 0 with value: 0.85.
[I 2026-04-09 20:13:35,167] Trial 3 finished with value: 0.85 and parameters: {'hidden_layer_sizes': (100,), 'max_iter': 100, 'alpha': 0.001}. Best is trial 0 with value: 0.85.
[I 2026-04-09 20:13:35,221] Trial 4 finished with value: 0.9 and parameters: {'hidden_layer_sizes': (200,), 'max_iter': 100, 'alpha': 0.001}. Best is trial 4 with value: 0.9.
[I 2026-04-09 20:13:35,255] Trial 5 finished with value: 0.85 and parameters: {'hidden_layer_sizes': (200,), 'max_iter': 50, 'alpha': 0.001}. Best is trial 4 with value: 0.9.
[I 2026-04-09 20:13:35,308] Trial 6 finished with value: 0.9 and parameters: {'hidden_layer_sizes': (100,), 'max_iter': 100, 'alpha': 0.0001}. Best is trial 4 with value: 0.9.
[I 2026-04-09 20:13:35,354] Trial 7 finished with value: 0.9 and parameters: {'hidden_layer_sizes': (100, 100), 'max_iter': 50, 'alpha': 0.0001}. Best is trial 4 with value: 0.9.
[I 2026-04-09 20:13:35,430] Trial 8 finished with value: 0.95 and parameters: {'hidden_layer_sizes': (100, 100), 'max_iter': 100, 'alpha': 0.0001}. Best is trial 8 with value: 0.95.
[I 2026-04-09 20:13:35,464] Trial 9 finished with value: 0.85 and parameters: {'hidden_layer_sizes': (100,), 'max_iter': 50, 'alpha': 0.001}. Best is trial 8 with value: 0.95.
[I 2026-04-09 20:13:35,543] Trial 10 finished with value: 0.9 and parameters: {'hidden_layer_sizes': (100, 100), 'max_iter': 100, 'alpha': 0.0001}. Best is trial 8 with value: 0.95.
[I 2026-04-09 20:13:35,632] Trial 11 finished with value: 0.9 and parameters: {'hidden_layer_sizes': (100, 100), 'max_iter': 100, 'alpha': 0.001}. Best is trial 8 with value: 0.95.
[I 2026-04-09 20:13:35,713] Trial 12 finished with value: 0.95 and parameters: {'hidden_layer_sizes': (100, 100), 'max_iter': 100, 'alpha': 0.0001}. Best is trial 8 with value: 0.95.
[I 2026-04-09 20:13:35,780] Trial 13 finished with value: 0.9 and parameters: {'hidden_layer_sizes': (100, 100), 'max_iter': 100, 'alpha': 0.0001}. Best is trial 8 with value: 0.95.
[I 2026-04-09 20:13:35,855] Trial 14 finished with value: 0.9 and parameters: {'hidden_layer_sizes': (100, 100), 'max_iter': 100, 'alpha': 0.0001}. Best is trial 8 with value: 0.95.
[I 2026-04-09 20:13:35,924] Trial 15 finished with value: 0.95 and parameters: {'hidden_layer_sizes': (100, 100), 'max_iter': 100, 'alpha': 0.0001}. Best is trial 8 with value: 0.95.
[I 2026-04-09 20:13:36,002] Trial 16 finished with value: 0.95 and parameters: {'hidden_layer_sizes': (100, 100), 'max_iter': 100, 'alpha': 0.0001}. Best is trial 8 with value: 0.95.
[I 2026-04-09 20:13:36,071] Trial 17 finished with value: 0.95 and parameters: {'hidden_layer_sizes': (100, 100), 'max_iter': 100, 'alpha': 0.0001}. Best is trial 8 with value: 0.95.
[I 2026-04-09 20:13:36,155] Trial 18 finished with value: 0.8 and parameters: {'hidden_layer_sizes': (100, 100), 'max_iter': 100, 'alpha': 0.0001}. Best is trial 8 with value: 0.95.
[I 2026-04-09 20:13:36,221] Trial 19 finished with value: 0.85 and parameters: {'hidden_layer_sizes': (100, 100), 'max_iter': 100, 'alpha': 0.0001}. Best is trial 8 with value: 0.95.
[I 2026-04-09 20:13:36,296] Trial 20 finished with value: 0.95 and parameters: {'hidden_layer_sizes': (100, 100), 'max_iter': 100, 'alpha': 0.0001}. Best is trial 8 with value: 0.95.
[I 2026-04-09 20:13:36,365] Trial 21 finished with value: 0.85 and parameters: {'hidden_layer_sizes': (100, 100), 'max_iter': 100, 'alpha': 0.0001}. Best is trial 8 with value: 0.95.
[I 2026-04-09 20:13:36,437] Trial 22 finished with value: 0.95 and parameters: {'hidden_layer_sizes': (100, 100), 'max_iter': 100, 'alpha': 0.0001}. Best is trial 8 with value: 0.95.
[I 2026-04-09 20:13:36,506] Trial 23 finished with value: 0.95 and parameters: {'hidden_layer_sizes': (100, 100), 'max_iter': 100, 'alpha': 0.0001}. Best is trial 8 with value: 0.95.
[I 2026-04-09 20:13:36,582] Trial 24 finished with value: 0.95 and parameters: {'hidden_layer_sizes': (100, 100), 'max_iter': 100, 'alpha': 0.0001}. Best is trial 8 with value: 0.95.
[I 2026-04-09 20:13:36,657] Trial 25 finished with value: 0.95 and parameters: {'hidden_layer_sizes': (100, 100), 'max_iter': 100, 'alpha': 0.0001}. Best is trial 8 with value: 0.95.
[I 2026-04-09 20:13:36,744] Trial 26 finished with value: 0.9 and parameters: {'hidden_layer_sizes': (100, 100), 'max_iter': 100, 'alpha': 0.0001}. Best is trial 8 with value: 0.95.
[I 2026-04-09 20:13:36,833] Trial 27 finished with value: 0.95 and parameters: {'hidden_layer_sizes': (100, 100), 'max_iter': 100, 'alpha': 0.0001}. Best is trial 8 with value: 0.95.
[I 2026-04-09 20:13:36,877] Trial 28 finished with value: 0.9 and parameters: {'hidden_layer_sizes': (200,), 'max_iter': 100, 'alpha': 0.0001}. Best is trial 8 with value: 0.95.
[I 2026-04-09 20:13:36,923] Trial 29 finished with value: 0.8 and parameters: {'hidden_layer_sizes': (100,), 'max_iter': 50, 'alpha': 0.001}. Best is trial 8 with value: 0.95.
[I 2026-04-09 20:13:44,867] A new study created in memory with name: naive_bayes
[I 2026-04-09 20:13:44,882] Trial 0 finished with value: 0.85 and parameters: {'var_smoothing': 5.582886587978182e-09}. Best is trial 0 with value: 0.85.
[I 2026-04-09 20:13:44,897] Trial 1 finished with value: 0.85 and parameters: {'var_smoothing': 8.651299071518215e-09}. Best is trial 0 with value: 0.85.
[I 2026-04-09 20:13:44,921] Trial 2 finished with value: 0.85 and parameters: {'var_smoothing': 5.475062490474489e-09}. Best is trial 0 with value: 0.85.
[I 2026-04-09 20:13:44,933] Trial 3 finished with value: 0.85 and parameters: {'var_smoothing': 1.1526869678723134e-09}. Best is trial 0 with value: 0.85.
[I 2026-04-09 20:13:44,946] Trial 4 finished with value: 0.85 and parameters: {'var_smoothing': 2.920496270341785e-10}. Best is trial 0 with value: 0.85.
[I 2026-04-09 20:13:44,959] Trial 5 finished with value: 0.85 and parameters: {'var_smoothing': 1.0538956417705805e-10}. Best is trial 0 with value: 0.85.
[I 2026-04-09 20:13:44,971] Trial 6 finished with value: 0.85 and parameters: {'var_smoothing': 7.260016982331591e-10}. Best is trial 0 with value: 0.85.
[I 2026-04-09 20:13:44,984] Trial 7 finished with value: 0.85 and parameters: {'var_smoothing': 6.378267364653917e-10}. Best is trial 0 with value: 0.85.
[I 2026-04-09 20:13:45,007] Trial 8 finished with value: 0.85 and parameters: {'var_smoothing': 1.1100673847791952e-09}. Best is trial 0 with value: 0.85.
[I 2026-04-09 20:13:45,019] Trial 9 finished with value: 0.85 and parameters: {'var_smoothing': 9.052813879088377e-10}. Best is trial 0 with value: 0.85.
[I 2026-04-09 20:13:45,037] Trial 10 finished with value: 0.85 and parameters: {'var_smoothing': 3.20543606083287e-09}. Best is trial 0 with value: 0.85.
[I 2026-04-09 20:13:45,064] Trial 11 finished with value: 0.85 and parameters: {'var_smoothing': 8.433965140342417e-09}. Best is trial 0 with value: 0.85.
[I 2026-04-09 20:13:45,081] Trial 12 finished with value: 0.85 and parameters: {'var_smoothing': 2.860874278982245e-09}. Best is trial 0 with value: 0.85.
[I 2026-04-09 20:13:45,097] Trial 13 finished with value: 0.85 and parameters: {'var_smoothing': 9.270349036178526e-09}. Best is trial 0 with value: 0.85.
[I 2026-04-09 20:13:45,117] Trial 14 finished with value: 0.85 and parameters: {'var_smoothing': 3.13069447640915e-09}. Best is trial 0 with value: 0.85.
[I 2026-04-09 20:13:45,137] Trial 15 finished with value: 0.85 and parameters: {'var_smoothing': 5.223604886811285e-09}. Best is trial 0 with value: 0.85.
[I 2026-04-09 20:13:45,155] Trial 16 finished with value: 0.85 and parameters: {'var_smoothing': 2.0295724993447026e-09}. Best is trial 0 with value: 0.85.
[I 2026-04-09 20:13:45,170] Trial 17 finished with value: 0.85 and parameters: {'var_smoothing': 5.880433102756661e-09}. Best is trial 0 with value: 0.85.
[I 2026-04-09 20:13:45,187] Trial 18 finished with value: 0.85 and parameters: {'var_smoothing': 1.6980964875204416e-09}. Best is trial 0 with value: 0.85.
[I 2026-04-09 20:13:45,207] Trial 19 finished with value: 0.85 and parameters: {'var_smoothing': 4.2955625192244405e-09}. Best is trial 0 with value: 0.85.
[I 2026-04-09 20:13:45,226] Trial 20 finished with value: 0.85 and parameters: {'var_smoothing': 9.833771947222685e-09}. Best is trial 0 with value: 0.85.
[I 2026-04-09 20:13:45,242] Trial 21 finished with value: 0.85 and parameters: {'var_smoothing': 6.0482464086364635e-09}. Best is trial 0 with value: 0.85.
[I 2026-04-09 20:13:45,262] Trial 22 finished with value: 0.85 and parameters: {'var_smoothing': 4.537628481410357e-09}. Best is trial 0 with value: 0.85.
[I 2026-04-09 20:13:45,283] Trial 23 finished with value: 0.85 and parameters: {'var_smoothing': 6.750528289210463e-09}. Best is trial 0 with value: 0.85.
[I 2026-04-09 20:13:45,303] Trial 24 finished with value: 0.85 and parameters: {'var_smoothing': 2.2780337647355764e-09}. Best is trial 0 with value: 0.85.
[I 2026-04-09 20:13:45,323] Trial 25 finished with value: 0.85 and parameters: {'var_smoothing': 3.986918574074946e-09}. Best is trial 0 with value: 0.85.
[I 2026-04-09 20:13:45,343] Trial 26 finished with value: 0.85 and parameters: {'var_smoothing': 1.7707565248297843e-09}. Best is trial 0 with value: 0.85.
[I 2026-04-09 20:13:45,362] Trial 27 finished with value: 0.85 and parameters: {'var_smoothing': 6.732492847962814e-09}. Best is trial 0 with value: 0.85.
[I 2026-04-09 20:13:45,378] Trial 28 finished with value: 0.85 and parameters: {'var_smoothing': 3.8684773890893174e-10}. Best is trial 0 with value: 0.85.
[I 2026-04-09 20:13:45,393] Trial 29 finished with value: 0.85 and parameters: {'var_smoothing': 1.5480090897085013e-09}. Best is trial 0 with value: 0.85.
[I 2026-04-09 20:13:46,337] A new study created in memory with name: logreg
[I 2026-04-09 20:13:46,360] Trial 0 finished with value: 0.8 and parameters: {'C': 23.288794782471303, 'penalty': 'l2'}. Best is trial 0 with value: 0.8.
[I 2026-04-09 20:13:46,382] Trial 1 finished with value: 0.8 and parameters: {'C': 69.61507800412923, 'penalty': 'l2'}. Best is trial 0 with value: 0.8.
[I 2026-04-09 20:13:46,415] Trial 2 finished with value: 0.8 and parameters: {'C': 22.180569925473442, 'penalty': 'l2'}. Best is trial 0 with value: 0.8.
[I 2026-04-09 20:13:46,437] Trial 3 finished with value: 0.75 and parameters: {'C': 0.4511058486037652, 'penalty': 'l2'}. Best is trial 0 with value: 0.8.
[I 2026-04-09 20:13:46,460] Trial 4 finished with value: 0.35 and parameters: {'C': 0.014576110093994574, 'penalty': 'l2'}. Best is trial 0 with value: 0.8.
