[I 2026-04-09 21:08:41,473] Trial 7 finished with value: 0.875 and parameters: {'n_estimators': 10, 'max_depth': 30, 'gamma': 0.8165284487704038, 'subsample': 0.5255714015506736, 'colsample_bytree': 0.594333867896554}. Best is trial 1 with value: 0.9.
[I 2026-04-09 21:08:41,519] Trial 8 finished with value: 0.9 and parameters: {'n_estimators': 100, 'max_depth': 20, 'gamma': 0.6251497693480509, 'subsample': 0.9696496759824258, 'colsample_bytree': 0.9717700410079397}. Best is trial 1 with value: 0.9.
[I 2026-04-09 21:08:41,566] Trial 9 finished with value: 0.95 and parameters: {'n_estimators': 40, 'max_depth': 30, 'gamma': 0.9649927737686168, 'subsample': 0.6857563076640036, 'colsample_bytree': 0.5061847058001788}. Best is trial 9 with value: 0.95.
[I 2026-04-09 21:08:41,635] Trial 10 finished with value: 0.925 and parameters: {'n_estimators': 40, 'max_depth': 30, 'gamma': 0.9862249721904246, 'subsample': 0.685188884228765, 'colsample_bytree': 0.7898330861721071}. Best is trial 9 with value: 0.95.
[I 2026-04-09 21:08:41,689] Trial 11 finished with value: 0.925 and parameters: {'n_estimators': 40, 'max_depth': 30, 'gamma': 0.9966856929320722, 'subsample': 0.6737856969803389, 'colsample_bytree': 0.8097265243812746}. Best is trial 9 with value: 0.95.
[I 2026-04-09 21:08:41,727] Trial 12 finished with value: 0.925 and parameters: {'n_estimators': 40, 'max_depth': 30, 'gamma': 0.9791504846693918, 'subsample': 0.798599775993503, 'colsample_bytree': 0.8595367734947966}. Best is trial 9 with value: 0.95.
[I 2026-04-09 21:08:41,782] Trial 13 finished with value: 0.9 and parameters: {'n_estimators': 40, 'max_depth': 30, 'gamma': 0.15813912455139084, 'subsample': 0.6109744065191631, 'colsample_bytree': 0.6913522837428786}. Best is trial 9 with value: 0.95.
[I 2026-04-09 21:08:41,825] Trial 14 finished with value: 0.9 and parameters: {'n_estimators': 40, 'max_depth': 30, 'gamma': 0.9133130175365703, 'subsample': 0.8246119800394437, 'colsample_bytree': 0.8911802812134388}. Best is trial 9 with value: 0.95.
[I 2026-04-09 21:08:41,862] Trial 15 finished with value: 0.925 and parameters: {'n_estimators': 40, 'max_depth': 30, 'gamma': 0.7104828085275712, 'subsample': 0.662801388410788, 'colsample_bytree': 0.7227029601296806}. Best is trial 9 with value: 0.95.
[I 2026-04-09 21:08:41,897] Trial 16 finished with value: 0.9 and parameters: {'n_estimators': 40, 'max_depth': 30, 'gamma': 0.9938779032665188, 'subsample': 0.6134919979769761, 'colsample_bytree': 0.8810094054474}. Best is trial 9 with value: 0.95.
[I 2026-04-09 21:08:41,932] Trial 17 finished with value: 0.95 and parameters: {'n_estimators': 40, 'max_depth': 30, 'gamma': 0.5292554389847856, 'subsample': 0.741913118130876, 'colsample_bytree': 0.778756778442348}. Best is trial 9 with value: 0.95.
[I 2026-04-09 21:08:41,971] Trial 18 finished with value: 0.875 and parameters: {'n_estimators': 40, 'max_depth': 20, 'gamma': 0.44300954879266374, 'subsample': 0.8419580584863391, 'colsample_bytree': 0.7241612051208073}. Best is trial 9 with value: 0.95.
[I 2026-04-09 21:08:42,004] Trial 19 finished with value: 0.825 and parameters: {'n_estimators': 10, 'max_depth': 5, 'gamma': 0.2539342351500548, 'subsample': 0.7423034483989784, 'colsample_bytree': 0.6501992096700886}. Best is trial 9 with value: 0.95.
[I 2026-04-09 21:08:42,037] Trial 20 finished with value: 0.925 and parameters: {'n_estimators': 40, 'max_depth': 30, 'gamma': 0.536708642322815, 'subsample': 0.767480933423545, 'colsample_bytree': 0.8203270832519107}. Best is trial 9 with value: 0.95.
[I 2026-04-09 21:08:42,081] Trial 21 finished with value: 0.925 and parameters: {'n_estimators': 40, 'max_depth': 30, 'gamma': 0.6071869502876905, 'subsample': 0.6949447566209175, 'colsample_bytree': 0.7725216593179544}. Best is trial 9 with value: 0.95.
[I 2026-04-09 21:08:42,130] Trial 22 finished with value: 0.925 and parameters: {'n_estimators': 40, 'max_depth': 30, 'gamma': 0.8924917255929916, 'subsample': 0.6244894518791958, 'colsample_bytree': 0.7441217232319499}. Best is trial 9 with value: 0.95.
[I 2026-04-09 21:08:42,161] Trial 23 finished with value: 0.95 and parameters: {'n_estimators': 40, 'max_depth': 30, 'gamma': 0.7443216569809239, 'subsample': 0.7344937904081121, 'colsample_bytree': 0.8377101531443852}. Best is trial 9 with value: 0.95.
[I 2026-04-09 21:08:42,196] Trial 24 finished with value: 0.925 and parameters: {'n_estimators': 40, 'max_depth': 30, 'gamma': 0.7167681148277982, 'subsample': 0.885284120110087, 'colsample_bytree': 0.8376296429573252}. Best is trial 9 with value: 0.95.
[I 2026-04-09 21:08:42,230] Trial 25 finished with value: 0.925 and parameters: {'n_estimators': 40, 'max_depth': 30, 'gamma': 0.45278867724881056, 'subsample': 0.7288758562841386, 'colsample_bytree': 0.9231297263663304}. Best is trial 9 with value: 0.95.
[I 2026-04-09 21:08:42,261] Trial 26 finished with value: 0.9 and parameters: {'n_estimators': 40, 'max_depth': 30, 'gamma': 0.5743804337942131, 'subsample': 0.7841005021425508, 'colsample_bytree': 0.9292589094088384}. Best is trial 9 with value: 0.95.
[I 2026-04-09 21:08:42,302] Trial 27 finished with value: 0.9 and parameters: {'n_estimators': 40, 'max_depth': 30, 'gamma': 0.7525998627594301, 'subsample': 0.8477213712231103, 'colsample_bytree': 0.6896927295447834}. Best is trial 9 with value: 0.95.
[I 2026-04-09 21:08:42,339] Trial 28 finished with value: 0.85 and parameters: {'n_estimators': 10, 'max_depth': 5, 'gamma': 0.5025549772731923, 'subsample': 0.6628396852515863, 'colsample_bytree': 0.847304558045766}. Best is trial 9 with value: 0.95.
[I 2026-04-09 21:08:42,395] Trial 29 finished with value: 0.925 and parameters: {'n_estimators': 100, 'max_depth': 20, 'gamma': 0.8217551497979794, 'subsample': 0.7275808550926965, 'colsample_bytree': 0.6226418860067738}. Best is trial 9 with value: 0.95.
[I 2026-04-09 21:08:43,478] A new study created in memory with name: rf
[I 2026-04-09 21:08:43,749] Trial 0 finished with value: 0.8 and parameters: {'n_estimators': 189, 'max_depth': 18, 'min_samples_split': 3, 'min_samples_leaf': 10}. Best is trial 0 with value: 0.8.
[I 2026-04-09 21:08:44,169] Trial 1 finished with value: 0.8 and parameters: {'n_estimators': 295, 'max_depth': 14, 'min_samples_split': 8, 'min_samples_leaf': 6}. Best is trial 0 with value: 0.8.
[I 2026-04-09 21:08:44,488] Trial 2 finished with value: 0.8 and parameters: {'n_estimators': 219, 'max_depth': 6, 'min_samples_split': 2, 'min_samples_leaf': 8}. Best is trial 0 with value: 0.8.
[I 2026-04-09 21:08:44,852] Trial 3 finished with value: 0.95 and parameters: {'n_estimators': 276, 'max_depth': 5, 'min_samples_split': 9, 'min_samples_leaf': 3}. Best is trial 3 with value: 0.95.
[I 2026-04-09 21:08:45,189] Trial 4 finished with value: 0.9 and parameters: {'n_estimators': 266, 'max_depth': 8, 'min_samples_split': 7, 'min_samples_leaf': 6}. Best is trial 3 with value: 0.95.
[I 2026-04-09 21:08:45,668] Trial 5 finished with value: 0.925 and parameters: {'n_estimators': 340, 'max_depth': 7, 'min_samples_split': 4, 'min_samples_leaf': 3}. Best is trial 3 with value: 0.95.
[I 2026-04-09 21:08:45,955] Trial 6 finished with value: 0.825 and parameters: {'n_estimators': 231, 'max_depth': 5, 'min_samples_split': 3, 'min_samples_leaf': 10}. Best is trial 3 with value: 0.95.
[I 2026-04-09 21:08:46,545] Trial 7 finished with value: 0.925 and parameters: {'n_estimators': 485, 'max_depth': 6, 'min_samples_split': 2, 'min_samples_leaf': 3}. Best is trial 3 with value: 0.95.
[I 2026-04-09 21:08:46,965] Trial 8 finished with value: 0.875 and parameters: {'n_estimators': 380, 'max_depth': 17, 'min_samples_split': 2, 'min_samples_leaf': 6}. Best is trial 3 with value: 0.95.
[I 2026-04-09 21:08:47,112] Trial 9 finished with value: 0.825 and parameters: {'n_estimators': 100, 'max_depth': 12, 'min_samples_split': 7, 'min_samples_leaf': 10}. Best is trial 3 with value: 0.95.
[I 2026-04-09 21:08:47,686] Trial 10 finished with value: 0.9 and parameters: {'n_estimators': 446, 'max_depth': 3, 'min_samples_split': 10, 'min_samples_leaf': 2}. Best is trial 3 with value: 0.95.
[I 2026-04-09 21:08:48,146] Trial 11 finished with value: 0.925 and parameters: {'n_estimators': 364, 'max_depth': 9, 'min_samples_split': 10, 'min_samples_leaf': 4}. Best is trial 3 with value: 0.95.
[I 2026-04-09 21:08:48,575] Trial 12 finished with value: 0.95 and parameters: {'n_estimators': 379, 'max_depth': 10, 'min_samples_split': 5, 'min_samples_leaf': 1}. Best is trial 3 with value: 0.95.
[I 2026-04-09 21:08:49,080] Trial 13 finished with value: 0.925 and parameters: {'n_estimators': 406, 'max_depth': 11, 'min_samples_split': 5, 'min_samples_leaf': 1}. Best is trial 3 with value: 0.95.
[I 2026-04-09 21:08:49,496] Trial 14 finished with value: 0.925 and parameters: {'n_estimators': 331, 'max_depth': 10, 'min_samples_split': 6, 'min_samples_leaf': 1}. Best is trial 3 with value: 0.95.
[I 2026-04-09 21:08:49,792] Trial 15 finished with value: 0.875 and parameters: {'n_estimators': 170, 'max_depth': 3, 'min_samples_split': 9, 'min_samples_leaf': 4}. Best is trial 3 with value: 0.95.
[I 2026-04-09 21:08:50,184] Trial 16 finished with value: 0.925 and parameters: {'n_estimators': 285, 'max_depth': 14, 'min_samples_split': 5, 'min_samples_leaf': 2}. Best is trial 3 with value: 0.95.
[I 2026-04-09 21:08:50,711] Trial 17 finished with value: 0.9 and parameters: {'n_estimators': 416, 'max_depth': 13, 'min_samples_split': 8, 'min_samples_leaf': 4}. Best is trial 3 with value: 0.95.
[I 2026-04-09 21:08:51,304] Trial 18 finished with value: 0.925 and parameters: {'n_estimators': 488, 'max_depth': 16, 'min_samples_split': 6, 'min_samples_leaf': 2}. Best is trial 3 with value: 0.95.
[I 2026-04-09 21:08:51,691] Trial 19 finished with value: 0.9 and parameters: {'n_estimators': 319, 'max_depth': 4, 'min_samples_split': 5, 'min_samples_leaf': 1}. Best is trial 3 with value: 0.95.
[I 2026-04-09 21:08:52,084] Trial 20 finished with value: 0.925 and parameters: {'n_estimators': 257, 'max_depth': 9, 'min_samples_split': 8, 'min_samples_leaf': 3}. Best is trial 3 with value: 0.95.
[I 2026-04-09 21:08:52,614] Trial 21 finished with value: 0.95 and parameters: {'n_estimators': 335, 'max_depth': 7, 'min_samples_split': 4, 'min_samples_leaf': 3}. Best is trial 3 with value: 0.95.
[I 2026-04-09 21:08:53,093] Trial 22 finished with value: 0.925 and parameters: {'n_estimators': 362, 'max_depth': 20, 'min_samples_split': 4, 'min_samples_leaf': 5}. Best is trial 3 with value: 0.95.
[I 2026-04-09 21:08:53,705] Trial 23 finished with value: 0.95 and parameters: {'n_estimators': 434, 'max_depth': 7, 'min_samples_split': 4, 'min_samples_leaf': 2}. Best is trial 3 with value: 0.95.
[I 2026-04-09 21:08:54,136] Trial 24 finished with value: 0.925 and parameters: {'n_estimators': 388, 'max_depth': 5, 'min_samples_split': 7, 'min_samples_leaf': 5}. Best is trial 3 with value: 0.95.
[I 2026-04-09 21:08:54,527] Trial 25 finished with value: 0.875 and parameters: {'n_estimators': 311, 'max_depth': 10, 'min_samples_split': 5, 'min_samples_leaf': 3}. Best is trial 3 with value: 0.95.
[I 2026-04-09 21:08:54,969] Trial 26 finished with value: 0.95 and parameters: {'n_estimators': 348, 'max_depth': 8, 'min_samples_split': 6, 'min_samples_leaf': 1}. Best is trial 3 with value: 0.95.
[I 2026-04-09 21:08:55,304] Trial 27 finished with value: 0.85 and parameters: {'n_estimators': 262, 'max_depth': 6, 'min_samples_split': 3, 'min_samples_leaf': 7}. Best is trial 3 with value: 0.95.
[I 2026-04-09 21:08:55,817] Trial 28 finished with value: 0.925 and parameters: {'n_estimators': 446, 'max_depth': 8, 'min_samples_split': 9, 'min_samples_leaf': 4}. Best is trial 3 with value: 0.95.
[I 2026-04-09 21:08:56,041] Trial 29 finished with value: 0.925 and parameters: {'n_estimators': 158, 'max_depth': 11, 'min_samples_split': 4, 'min_samples_leaf': 2}. Best is trial 3 with value: 0.95.
[I 2026-04-09 21:08:59,868] A new study created in memory with name: mlp
[I 2026-04-09 21:08:59,913] Trial 0 finished with value: 0.75 and parameters: {'hidden_layer_sizes': (200,), 'max_iter': 50, 'alpha': 0.001}. Best is trial 0 with value: 0.75.
[I 2026-04-09 21:08:59,977] Trial 1 finished with value: 0.75 and parameters: {'hidden_layer_sizes': (100,), 'max_iter': 100, 'alpha': 0.0001}. Best is trial 0 with value: 0.75.
[I 2026-04-09 21:09:00,044] Trial 2 finished with value: 0.8 and parameters: {'hidden_layer_sizes': (100,), 'max_iter': 100, 'alpha': 0.001}. Best is trial 2 with value: 0.8.
[I 2026-04-09 21:09:00,090] Trial 3 finished with value: 0.75 and parameters: {'hidden_layer_sizes': (200,), 'max_iter': 50, 'alpha': 0.001}. Best is trial 2 with value: 0.8.
[I 2026-04-09 21:09:00,165] Trial 4 finished with value: 0.775 and parameters: {'hidden_layer_sizes': (100,), 'max_iter': 100, 'alpha': 0.0001}. Best is trial 2 with value: 0.8.
[I 2026-04-09 21:09:00,240] Trial 5 finished with value: 0.775 and parameters: {'hidden_layer_sizes': (100,), 'max_iter': 100, 'alpha': 0.001}. Best is trial 2 with value: 0.8.
[I 2026-04-09 21:09:00,295] Trial 6 finished with value: 0.7 and parameters: {'hidden_layer_sizes': (200,), 'max_iter': 100, 'alpha': 0.001}. Best is trial 2 with value: 0.8.
[I 2026-04-09 21:09:00,358] Trial 7 finished with value: 0.75 and parameters: {'hidden_layer_sizes': (200,), 'max_iter': 100, 'alpha': 0.001}. Best is trial 2 with value: 0.8.
[I 2026-04-09 21:09:00,412] Trial 8 finished with value: 0.75 and parameters: {'hidden_layer_sizes': (100,), 'max_iter': 100, 'alpha': 0.001}. Best is trial 2 with value: 0.8.
[I 2026-04-09 21:09:00,455] Trial 9 finished with value: 0.625 and parameters: {'hidden_layer_sizes': (100,), 'max_iter': 50, 'alpha': 0.001}. Best is trial 2 with value: 0.8.
[I 2026-04-09 21:09:00,510] Trial 10 finished with value: 0.6 and parameters: {'hidden_layer_sizes': (100, 100), 'max_iter': 50, 'alpha': 0.0001}. Best is trial 2 with value: 0.8.
[I 2026-04-09 21:09:00,574] Trial 11 finished with value: 0.75 and parameters: {'hidden_layer_sizes': (100,), 'max_iter': 100, 'alpha': 0.0001}. Best is trial 2 with value: 0.8.
[I 2026-04-09 21:09:00,653] Trial 12 finished with value: 0.725 and parameters: {'hidden_layer_sizes': (100, 100), 'max_iter': 100, 'alpha': 0.0001}. Best is trial 2 with value: 0.8.
[I 2026-04-09 21:09:00,720] Trial 13 finished with value: 0.75 and parameters: {'hidden_layer_sizes': (100,), 'max_iter': 100, 'alpha': 0.0001}. Best is trial 2 with value: 0.8.
[I 2026-04-09 21:09:00,778] Trial 14 finished with value: 0.7 and parameters: {'hidden_layer_sizes': (100,), 'max_iter': 100, 'alpha': 0.0001}. Best is trial 2 with value: 0.8.
[I 2026-04-09 21:09:00,836] Trial 15 finished with value: 0.725 and parameters: {'hidden_layer_sizes': (100,), 'max_iter': 100, 'alpha': 0.0001}. Best is trial 2 with value: 0.8.
[I 2026-04-09 21:09:00,916] Trial 16 finished with value: 0.7 and parameters: {'hidden_layer_sizes': (100, 100), 'max_iter': 100, 'alpha': 0.001}. Best is trial 2 with value: 0.8.
[I 2026-04-09 21:09:00,982] Trial 17 finished with value: 0.65 and parameters: {'hidden_layer_sizes': (100,), 'max_iter': 100, 'alpha': 0.0001}. Best is trial 2 with value: 0.8.
[I 2026-04-09 21:09:01,017] Trial 18 finished with value: 0.725 and parameters: {'hidden_layer_sizes': (100,), 'max_iter': 50, 'alpha': 0.001}. Best is trial 2 with value: 0.8.
[I 2026-04-09 21:09:01,094] Trial 19 finished with value: 0.7 and parameters: {'hidden_layer_sizes': (100, 100), 'max_iter': 100, 'alpha': 0.0001}. Best is trial 2 with value: 0.8.
[I 2026-04-09 21:09:01,143] Trial 20 finished with value: 0.725 and parameters: {'hidden_layer_sizes': (100,), 'max_iter': 100, 'alpha': 0.0001}. Best is trial 2 with value: 0.8.
[I 2026-04-09 21:09:01,199] Trial 21 finished with value: 0.75 and parameters: {'hidden_layer_sizes': (100,), 'max_iter': 100, 'alpha': 0.001}. Best is trial 2 with value: 0.8.
[I 2026-04-09 21:09:01,269] Trial 22 finished with value: 0.75 and parameters: {'hidden_layer_sizes': (100,), 'max_iter': 100, 'alpha': 0.001}. Best is trial 2 with value: 0.8.
[I 2026-04-09 21:09:01,343] Trial 23 finished with value: 0.775 and parameters: {'hidden_layer_sizes': (100,), 'max_iter': 100, 'alpha': 0.001}. Best is trial 2 with value: 0.8.
[I 2026-04-09 21:09:01,389] Trial 24 finished with value: 0.725 and parameters: {'hidden_layer_sizes': (100,), 'max_iter': 100, 'alpha': 0.001}. Best is trial 2 with value: 0.8.
[I 2026-04-09 21:09:01,434] Trial 25 finished with value: 0.725 and parameters: {'hidden_layer_sizes': (100,), 'max_iter': 100, 'alpha': 0.001}. Best is trial 2 with value: 0.8.
[I 2026-04-09 21:09:01,471] Trial 26 finished with value: 0.575 and parameters: {'hidden_layer_sizes': (100,), 'max_iter': 50, 'alpha': 0.001}. Best is trial 2 with value: 0.8.
[I 2026-04-09 21:09:01,541] Trial 27 finished with value: 0.725 and parameters: {'hidden_layer_sizes': (100,), 'max_iter': 100, 'alpha': 0.001}. Best is trial 2 with value: 0.8.
[I 2026-04-09 21:09:01,614] Trial 28 finished with value: 0.75 and parameters: {'hidden_layer_sizes': (200,), 'max_iter': 100, 'alpha': 0.0001}. Best is trial 2 with value: 0.8.
[I 2026-04-09 21:09:01,664] Trial 29 finished with value: 0.65 and parameters: {'hidden_layer_sizes': (100, 100), 'max_iter': 50, 'alpha': 0.001}. Best is trial 2 with value: 0.8.
[I 2026-04-09 21:09:07,085] A new study created in memory with name: naive_bayes
[I 2026-04-09 21:09:07,111] Trial 0 finished with value: 0.875 and parameters: {'var_smoothing': 2.7796258518939306e-10}. Best is trial 0 with value: 0.875.
[I 2026-04-09 21:09:07,123] Trial 1 finished with value: 0.9 and parameters: {'var_smoothing': 5.513972710118387e-09}. Best is trial 1 with value: 0.9.
[I 2026-04-09 21:09:07,135] Trial 2 finished with value: 0.875 and parameters: {'var_smoothing': 2.590826381512706e-10}. Best is trial 1 with value: 0.9.
[I 2026-04-09 21:09:07,147] Trial 3 finished with value: 0.9 and parameters: {'var_smoothing': 6.874194498027403e-09}. Best is trial 1 with value: 0.9.
[I 2026-04-09 21:09:07,160] Trial 4 finished with value: 0.875 and parameters: {'var_smoothing': 9.480306482679771e-10}. Best is trial 1 with value: 0.9.
[I 2026-04-09 21:09:07,172] Trial 5 finished with value: 0.875 and parameters: {'var_smoothing': 1.6729683536668864e-09}. Best is trial 1 with value: 0.9.
[I 2026-04-09 21:09:07,185] Trial 6 finished with value: 0.9 and parameters: {'var_smoothing': 3.402637726935598e-09}. Best is trial 1 with value: 0.9.
[I 2026-04-09 21:09:07,198] Trial 7 finished with value: 0.875 and parameters: {'var_smoothing': 1.0885189040847657e-09}. Best is trial 1 with value: 0.9.
[I 2026-04-09 21:09:07,212] Trial 8 finished with value: 0.875 and parameters: {'var_smoothing': 3.922843686541149e-10}. Best is trial 1 with value: 0.9.
[I 2026-04-09 21:09:07,226] Trial 9 finished with value: 0.875 and parameters: {'var_smoothing': 2.3737908819373785e-10}. Best is trial 1 with value: 0.9.
[I 2026-04-09 21:09:07,245] Trial 10 finished with value: 0.9 and parameters: {'var_smoothing': 9.60002923549188e-09}. Best is trial 1 with value: 0.9.
[I 2026-04-09 21:09:07,261] Trial 11 finished with value: 0.9 and parameters: {'var_smoothing': 8.433673252661673e-09}. Best is trial 1 with value: 0.9.
[I 2026-04-09 21:09:07,278] Trial 12 finished with value: 0.9 and parameters: {'var_smoothing': 4.024812294478599e-09}. Best is trial 1 with value: 0.9.
[I 2026-04-09 21:09:07,297] Trial 13 finished with value: 0.9 and parameters: {'var_smoothing': 4.279313644924201e-09}. Best is trial 1 with value: 0.9.
[I 2026-04-09 21:09:07,314] Trial 14 finished with value: 0.9 and parameters: {'var_smoothing': 2.4932294963389457e-09}. Best is trial 1 with value: 0.9.
[I 2026-04-09 21:09:07,331] Trial 15 finished with value: 0.9 and parameters: {'var_smoothing': 5.955264632939075e-09}. Best is trial 1 with value: 0.9.
[I 2026-04-09 21:09:07,349] Trial 16 finished with value: 0.875 and parameters: {'var_smoothing': 7.081339561602681e-10}. Best is trial 1 with value: 0.9.
[I 2026-04-09 21:09:07,365] Trial 17 finished with value: 0.9 and parameters: {'var_smoothing': 1.3536480186984407e-10}. Best is trial 1 with value: 0.9.
[I 2026-04-09 21:09:07,380] Trial 18 finished with value: 0.875 and parameters: {'var_smoothing': 2.007486890366191e-09}. Best is trial 1 with value: 0.9.
[I 2026-04-09 21:09:07,398] Trial 19 finished with value: 0.9 and parameters: {'var_smoothing': 6.236695396324013e-09}. Best is trial 1 with value: 0.9.
[I 2026-04-09 21:09:07,424] Trial 20 finished with value: 0.9 and parameters: {'var_smoothing': 5.907970857655839e-09}. Best is trial 1 with value: 0.9.
[I 2026-04-09 21:09:07,448] Trial 21 finished with value: 0.9 and parameters: {'var_smoothing': 3.3663471625524356e-09}. Best is trial 1 with value: 0.9.
[I 2026-04-09 21:09:07,469] Trial 22 finished with value: 0.9 and parameters: {'var_smoothing': 3.393012603068126e-09}. Best is trial 1 with value: 0.9.
[I 2026-04-09 21:09:07,485] Trial 23 finished with value: 0.875 and parameters: {'var_smoothing': 1.6173671126907978e-09}. Best is trial 1 with value: 0.9.
[I 2026-04-09 21:09:07,502] Trial 24 finished with value: 0.9 and parameters: {'var_smoothing': 2.658635430037449e-09}. Best is trial 1 with value: 0.9.
[I 2026-04-09 21:09:07,520] Trial 25 finished with value: 0.9 and parameters: {'var_smoothing': 4.931938953599623e-09}. Best is trial 1 with value: 0.9.
[I 2026-04-09 21:09:07,536] Trial 26 finished with value: 0.9 and parameters: {'var_smoothing': 7.971272868348794e-09}. Best is trial 1 with value: 0.9.
[I 2026-04-09 21:09:07,563] Trial 27 finished with value: 0.9 and parameters: {'var_smoothing': 9.626757055494807e-09}. Best is trial 1 with value: 0.9.
[I 2026-04-09 21:09:07,589] Trial 28 finished with value: 0.9 and parameters: {'var_smoothing': 2.892605714238917e-09}. Best is trial 1 with value: 0.9.
