[I 2026-04-09 20:12:47,256] Trial 11 finished with value: 1.0 and parameters: {'C': 15.514850032264519, 'penalty': 'l2'}. Best is trial 0 with value: 1.0.
[I 2026-04-09 20:12:47,283] Trial 12 finished with value: 1.0 and parameters: {'C': 3.8533453410664578, 'penalty': 'l2'}. Best is trial 0 with value: 1.0.
[I 2026-04-09 20:12:47,310] Trial 13 finished with value: 1.0 and parameters: {'C': 0.04053444936620892, 'penalty': 'l2'}. Best is trial 0 with value: 1.0.
[I 2026-04-09 20:12:47,336] Trial 14 finished with value: 1.0 and parameters: {'C': 3.6189108554787492, 'penalty': 'l2'}. Best is trial 0 with value: 1.0.
[I 2026-04-09 20:12:47,364] Trial 15 finished with value: 1.0 and parameters: {'C': 76.85235596180026, 'penalty': 'l2'}. Best is trial 0 with value: 1.0.
[I 2026-04-09 20:12:47,383] Trial 16 finished with value: 1.0 and parameters: {'C': 0.012579852256827942, 'penalty': 'l2'}. Best is trial 0 with value: 1.0.
[I 2026-04-09 20:12:47,400] Trial 17 finished with value: 1.0 and parameters: {'C': 0.0010299038925161348, 'penalty': 'l2'}. Best is trial 0 with value: 1.0.
[I 2026-04-09 20:12:47,416] Trial 18 finished with value: 1.0 and parameters: {'C': 0.059497234598840446, 'penalty': 'l2'}. Best is trial 0 with value: 1.0.
[I 2026-04-09 20:12:47,434] Trial 19 finished with value: 1.0 and parameters: {'C': 1.326095734760134, 'penalty': 'l2'}. Best is trial 0 with value: 1.0.
[I 2026-04-09 20:12:47,459] Trial 20 finished with value: 1.0 and parameters: {'C': 20.37422894544439, 'penalty': 'l2'}. Best is trial 0 with value: 1.0.
[I 2026-04-09 20:12:47,488] Trial 21 finished with value: 1.0 and parameters: {'C': 0.09630987969657057, 'penalty': 'l2'}. Best is trial 0 with value: 1.0.
[I 2026-04-09 20:12:47,520] Trial 22 finished with value: 1.0 and parameters: {'C': 0.007221035226805926, 'penalty': 'l2'}. Best is trial 0 with value: 1.0.
[I 2026-04-09 20:12:47,537] Trial 23 finished with value: 1.0 and parameters: {'C': 0.1168231874682798, 'penalty': 'l2'}. Best is trial 0 with value: 1.0.
[I 2026-04-09 20:12:47,564] Trial 24 finished with value: 1.0 and parameters: {'C': 1.07327131370564, 'penalty': 'l2'}. Best is trial 0 with value: 1.0.
[I 2026-04-09 20:12:47,586] Trial 25 finished with value: 1.0 and parameters: {'C': 22.030149283850154, 'penalty': 'l2'}. Best is trial 0 with value: 1.0.
[I 2026-04-09 20:12:47,614] Trial 26 finished with value: 1.0 and parameters: {'C': 0.001031036222242501, 'penalty': 'l2'}. Best is trial 0 with value: 1.0.
[I 2026-04-09 20:12:47,634] Trial 27 finished with value: 1.0 and parameters: {'C': 8.329961743648088, 'penalty': 'l2'}. Best is trial 0 with value: 1.0.
[I 2026-04-09 20:12:47,651] Trial 28 finished with value: 1.0 and parameters: {'C': 0.18460133021462113, 'penalty': 'l2'}. Best is trial 0 with value: 1.0.
[I 2026-04-09 20:12:47,672] Trial 29 finished with value: 1.0 and parameters: {'C': 1.4482571960680461, 'penalty': 'l2'}. Best is trial 0 with value: 1.0.
[I 2026-04-09 20:12:48,580] A new study created in memory with name: knn
[I 2026-04-09 20:12:48,603] Trial 0 finished with value: 1.0 and parameters: {'n_neighbors': 3, 'leaf_size': 36, 'p': 2}. Best is trial 0 with value: 1.0.
[I 2026-04-09 20:12:48,636] Trial 1 finished with value: 1.0 and parameters: {'n_neighbors': 10, 'leaf_size': 31, 'p': 1}. Best is trial 0 with value: 1.0.
[I 2026-04-09 20:12:48,658] Trial 2 finished with value: 1.0 and parameters: {'n_neighbors': 5, 'leaf_size': 30, 'p': 2}. Best is trial 0 with value: 1.0.
[I 2026-04-09 20:12:48,671] Trial 3 finished with value: 1.0 and parameters: {'n_neighbors': 6, 'leaf_size': 21, 'p': 2}. Best is trial 0 with value: 1.0.
[I 2026-04-09 20:12:48,685] Trial 4 finished with value: 1.0 and parameters: {'n_neighbors': 4, 'leaf_size': 29, 'p': 1}. Best is trial 0 with value: 1.0.
[I 2026-04-09 20:12:48,708] Trial 5 finished with value: 1.0 and parameters: {'n_neighbors': 7, 'leaf_size': 39, 'p': 2}. Best is trial 0 with value: 1.0.
[I 2026-04-09 20:12:48,743] Trial 6 finished with value: 1.0 and parameters: {'n_neighbors': 10, 'leaf_size': 22, 'p': 2}. Best is trial 0 with value: 1.0.
[I 2026-04-09 20:12:48,777] Trial 7 finished with value: 1.0 and parameters: {'n_neighbors': 8, 'leaf_size': 29, 'p': 2}. Best is trial 0 with value: 1.0.
[I 2026-04-09 20:12:48,790] Trial 8 finished with value: 1.0 and parameters: {'n_neighbors': 5, 'leaf_size': 30, 'p': 2}. Best is trial 0 with value: 1.0.
[I 2026-04-09 20:12:48,825] Trial 9 finished with value: 1.0 and parameters: {'n_neighbors': 9, 'leaf_size': 26, 'p': 1}. Best is trial 0 with value: 1.0.
[I 2026-04-09 20:12:48,849] Trial 10 finished with value: 1.0 and parameters: {'n_neighbors': 4, 'leaf_size': 38, 'p': 1}. Best is trial 0 with value: 1.0.
[I 2026-04-09 20:12:48,871] Trial 11 finished with value: 1.0 and parameters: {'n_neighbors': 3, 'leaf_size': 35, 'p': 1}. Best is trial 0 with value: 1.0.
[I 2026-04-09 20:12:48,915] Trial 12 finished with value: 1.0 and parameters: {'n_neighbors': 10, 'leaf_size': 34, 'p': 1}. Best is trial 0 with value: 1.0.
[I 2026-04-09 20:12:48,936] Trial 13 finished with value: 1.0 and parameters: {'n_neighbors': 8, 'leaf_size': 33, 'p': 1}. Best is trial 0 with value: 1.0.
[I 2026-04-09 20:12:48,966] Trial 14 finished with value: 1.0 and parameters: {'n_neighbors': 3, 'leaf_size': 36, 'p': 2}. Best is trial 0 with value: 1.0.
[I 2026-04-09 20:12:48,992] Trial 15 finished with value: 1.0 and parameters: {'n_neighbors': 7, 'leaf_size': 25, 'p': 1}. Best is trial 0 with value: 1.0.
[I 2026-04-09 20:12:49,019] Trial 16 finished with value: 1.0 and parameters: {'n_neighbors': 6, 'leaf_size': 32, 'p': 1}. Best is trial 0 with value: 1.0.
[I 2026-04-09 20:12:49,062] Trial 17 finished with value: 1.0 and parameters: {'n_neighbors': 9, 'leaf_size': 40, 'p': 2}. Best is trial 0 with value: 1.0.
[I 2026-04-09 20:12:49,106] Trial 18 finished with value: 1.0 and parameters: {'n_neighbors': 8, 'leaf_size': 36, 'p': 1}. Best is trial 0 with value: 1.0.
[I 2026-04-09 20:12:49,134] Trial 19 finished with value: 1.0 and parameters: {'n_neighbors': 5, 'leaf_size': 27, 'p': 2}. Best is trial 0 with value: 1.0.
[I 2026-04-09 20:12:49,181] Trial 20 finished with value: 1.0 and parameters: {'n_neighbors': 9, 'leaf_size': 32, 'p': 2}. Best is trial 0 with value: 1.0.
[I 2026-04-09 20:12:49,208] Trial 21 finished with value: 1.0 and parameters: {'n_neighbors': 4, 'leaf_size': 31, 'p': 2}. Best is trial 0 with value: 1.0.
[I 2026-04-09 20:12:49,240] Trial 22 finished with value: 1.0 and parameters: {'n_neighbors': 5, 'leaf_size': 28, 'p': 2}. Best is trial 0 with value: 1.0.
[I 2026-04-09 20:12:49,260] Trial 23 finished with value: 1.0 and parameters: {'n_neighbors': 3, 'leaf_size': 23, 'p': 2}. Best is trial 0 with value: 1.0.
[I 2026-04-09 20:12:49,280] Trial 24 finished with value: 1.0 and parameters: {'n_neighbors': 4, 'leaf_size': 37, 'p': 2}. Best is trial 0 with value: 1.0.
[I 2026-04-09 20:12:49,304] Trial 25 finished with value: 1.0 and parameters: {'n_neighbors': 6, 'leaf_size': 34, 'p': 2}. Best is trial 0 with value: 1.0.
[I 2026-04-09 20:12:49,328] Trial 26 finished with value: 1.0 and parameters: {'n_neighbors': 5, 'leaf_size': 24, 'p': 1}. Best is trial 0 with value: 1.0.
[I 2026-04-09 20:12:49,353] Trial 27 finished with value: 1.0 and parameters: {'n_neighbors': 7, 'leaf_size': 31, 'p': 2}. Best is trial 0 with value: 1.0.
[I 2026-04-09 20:12:49,376] Trial 28 finished with value: 1.0 and parameters: {'n_neighbors': 3, 'leaf_size': 28, 'p': 1}. Best is trial 0 with value: 1.0.
[I 2026-04-09 20:12:49,398] Trial 29 finished with value: 1.0 and parameters: {'n_neighbors': 6, 'leaf_size': 33, 'p': 2}. Best is trial 0 with value: 1.0.
[I 2026-04-09 20:12:50,582] A new study created in memory with name: xgb
[I 2026-04-09 20:12:50,608] Trial 0 finished with value: 1.0 and parameters: {'n_estimators': 40, 'max_depth': 20, 'gamma': 0.5510084172939441, 'subsample': 0.5360255666798808, 'colsample_bytree': 0.6342194900509356}. Best is trial 0 with value: 1.0.
[I 2026-04-09 20:12:50,633] Trial 1 finished with value: 0.95 and parameters: {'n_estimators': 100, 'max_depth': 5, 'gamma': 0.9186341749476523, 'subsample': 0.6066926767899578, 'colsample_bytree': 0.7260619809088416}. Best is trial 0 with value: 1.0.
[I 2026-04-09 20:12:50,648] Trial 2 finished with value: 0.85 and parameters: {'n_estimators': 10, 'max_depth': 5, 'gamma': 0.9182155373980582, 'subsample': 0.566584722879625, 'colsample_bytree': 0.761706290336883}. Best is trial 0 with value: 1.0.
[I 2026-04-09 20:12:50,674] Trial 3 finished with value: 0.9 and parameters: {'n_estimators': 10, 'max_depth': 20, 'gamma': 0.5296610393664296, 'subsample': 0.6829451928902965, 'colsample_bytree': 0.9189589971546304}. Best is trial 0 with value: 1.0.
[I 2026-04-09 20:12:50,702] Trial 4 finished with value: 0.9 and parameters: {'n_estimators': 10, 'max_depth': 20, 'gamma': 0.6916595165017824, 'subsample': 0.6851755414940176, 'colsample_bytree': 0.7295464889457157}. Best is trial 0 with value: 1.0.
[I 2026-04-09 20:12:50,728] Trial 5 finished with value: 0.95 and parameters: {'n_estimators': 100, 'max_depth': 20, 'gamma': 0.48380821541644814, 'subsample': 0.8171899343169193, 'colsample_bytree': 0.7614531005141727}. Best is trial 0 with value: 1.0.
[I 2026-04-09 20:12:50,756] Trial 6 finished with value: 1.0 and parameters: {'n_estimators': 10, 'max_depth': 5, 'gamma': 0.9599214907026333, 'subsample': 0.8414569271877088, 'colsample_bytree': 0.5265643453364788}. Best is trial 0 with value: 1.0.
[I 2026-04-09 20:12:50,783] Trial 7 finished with value: 0.95 and parameters: {'n_estimators': 40, 'max_depth': 5, 'gamma': 0.5250915966595621, 'subsample': 0.9207383574491986, 'colsample_bytree': 0.565555321173957}. Best is trial 0 with value: 1.0.
[I 2026-04-09 20:12:50,819] Trial 8 finished with value: 1.0 and parameters: {'n_estimators': 100, 'max_depth': 5, 'gamma': 0.3919835527051987, 'subsample': 0.6502094521590198, 'colsample_bytree': 0.5827507002328938}. Best is trial 0 with value: 1.0.
[I 2026-04-09 20:12:50,845] Trial 9 finished with value: 0.95 and parameters: {'n_estimators': 100, 'max_depth': 5, 'gamma': 0.8003922413895069, 'subsample': 0.9436444759263674, 'colsample_bytree': 0.8374593849333938}. Best is trial 0 with value: 1.0.
[I 2026-04-09 20:12:50,882] Trial 10 finished with value: 0.95 and parameters: {'n_estimators': 40, 'max_depth': 30, 'gamma': 0.13445536345660636, 'subsample': 0.5091072311743174, 'colsample_bytree': 0.633084257063925}. Best is trial 0 with value: 1.0.
[I 2026-04-09 20:12:50,921] Trial 11 finished with value: 0.95 and parameters: {'n_estimators': 40, 'max_depth': 30, 'gamma': 0.2681645700627216, 'subsample': 0.8224040653107334, 'colsample_bytree': 0.5098915698016058}. Best is trial 0 with value: 1.0.
[I 2026-04-09 20:12:50,953] Trial 12 finished with value: 0.95 and parameters: {'n_estimators': 10, 'max_depth': 20, 'gamma': 0.7081376218947077, 'subsample': 0.793226924550463, 'colsample_bytree': 0.6641358496000705}. Best is trial 0 with value: 1.0.
[I 2026-04-09 20:12:50,991] Trial 13 finished with value: 0.95 and parameters: {'n_estimators': 40, 'max_depth': 20, 'gamma': 0.7299867618183176, 'subsample': 0.8753135133311697, 'colsample_bytree': 0.5319346091336222}. Best is trial 0 with value: 1.0.
[I 2026-04-09 20:12:51,031] Trial 14 finished with value: 1.0 and parameters: {'n_estimators': 10, 'max_depth': 30, 'gamma': 0.9859960175490131, 'subsample': 0.7471728524172776, 'colsample_bytree': 0.6401886642689073}. Best is trial 0 with value: 1.0.
[I 2026-04-09 20:12:51,065] Trial 15 finished with value: 0.95 and parameters: {'n_estimators': 40, 'max_depth': 5, 'gamma': 0.34245865808272824, 'subsample': 0.7310379906297132, 'colsample_bytree': 0.5959692991191545}. Best is trial 0 with value: 1.0.
[I 2026-04-09 20:12:51,101] Trial 16 finished with value: 0.95 and parameters: {'n_estimators': 40, 'max_depth': 20, 'gamma': 0.6442801326865493, 'subsample': 0.9860552723135777, 'colsample_bytree': 0.9928973939225177}. Best is trial 0 with value: 1.0.
[I 2026-04-09 20:12:51,139] Trial 17 finished with value: 0.95 and parameters: {'n_estimators': 10, 'max_depth': 5, 'gamma': 0.11107712890687138, 'subsample': 0.5211595709192519, 'colsample_bytree': 0.6742119142218679}. Best is trial 0 with value: 1.0.
[I 2026-04-09 20:12:51,176] Trial 18 finished with value: 0.95 and parameters: {'n_estimators': 40, 'max_depth': 20, 'gamma': 0.8281626908847342, 'subsample': 0.8728462499337589, 'colsample_bytree': 0.5028732448871562}. Best is trial 0 with value: 1.0.
[I 2026-04-09 20:12:51,214] Trial 19 finished with value: 0.85 and parameters: {'n_estimators': 10, 'max_depth': 30, 'gamma': 0.6223954336002551, 'subsample': 0.5946027623236063, 'colsample_bytree': 0.5570362096013061}. Best is trial 0 with value: 1.0.
[I 2026-04-09 20:12:51,246] Trial 20 finished with value: 0.9 and parameters: {'n_estimators': 40, 'max_depth': 20, 'gamma': 0.41923695668365285, 'subsample': 0.7832824106486092, 'colsample_bytree': 0.8354036119935299}. Best is trial 0 with value: 1.0.
[I 2026-04-09 20:12:51,285] Trial 21 finished with value: 1.0 and parameters: {'n_estimators': 100, 'max_depth': 5, 'gamma': 0.275254765719957, 'subsample': 0.625231458443803, 'colsample_bytree': 0.6040440447438005}. Best is trial 0 with value: 1.0.
[I 2026-04-09 20:12:51,321] Trial 22 finished with value: 0.95 and parameters: {'n_estimators': 100, 'max_depth': 5, 'gamma': 0.4177155887682774, 'subsample': 0.6602138444515246, 'colsample_bytree': 0.580441382188788}. Best is trial 0 with value: 1.0.
[I 2026-04-09 20:12:51,362] Trial 23 finished with value: 1.0 and parameters: {'n_estimators': 100, 'max_depth': 5, 'gamma': 0.3542476642230541, 'subsample': 0.5591121203349271, 'colsample_bytree': 0.7015473137807959}. Best is trial 0 with value: 1.0.
[I 2026-04-09 20:12:51,395] Trial 24 finished with value: 1.0 and parameters: {'n_estimators': 100, 'max_depth': 5, 'gamma': 0.23644515723911833, 'subsample': 0.6418455720972118, 'colsample_bytree': 0.6223885232638884}. Best is trial 0 with value: 1.0.
[I 2026-04-09 20:12:51,428] Trial 25 finished with value: 1.0 and parameters: {'n_estimators': 100, 'max_depth': 5, 'gamma': 0.5691225856082266, 'subsample': 0.5478142084208221, 'colsample_bytree': 0.5489373544824226}. Best is trial 0 with value: 1.0.
[I 2026-04-09 20:12:51,467] Trial 26 finished with value: 0.95 and parameters: {'n_estimators': 10, 'max_depth': 5, 'gamma': 0.4490165880355643, 'subsample': 0.7236101729836375, 'colsample_bytree': 0.6757228911690063}. Best is trial 0 with value: 1.0.
[I 2026-04-09 20:12:51,509] Trial 27 finished with value: 0.95 and parameters: {'n_estimators': 10, 'max_depth': 5, 'gamma': 0.7860392575112167, 'subsample': 0.6983291439613485, 'colsample_bytree': 0.5351384779399999}. Best is trial 0 with value: 1.0.
[I 2026-04-09 20:12:51,548] Trial 28 finished with value: 0.95 and parameters: {'n_estimators': 40, 'max_depth': 30, 'gamma': 0.19316509885321811, 'subsample': 0.5931890254312837, 'colsample_bytree': 0.5859798508184331}. Best is trial 0 with value: 1.0.
[I 2026-04-09 20:12:51,590] Trial 29 finished with value: 0.95 and parameters: {'n_estimators': 100, 'max_depth': 20, 'gamma': 0.8894052414317896, 'subsample': 0.8704624347361024, 'colsample_bytree': 0.8149971753055966}. Best is trial 0 with value: 1.0.
[I 2026-04-09 20:12:52,599] A new study created in memory with name: rf
[I 2026-04-09 20:12:52,785] Trial 0 finished with value: 0.5 and parameters: {'n_estimators': 130, 'max_depth': 17, 'min_samples_split': 5, 'min_samples_leaf': 8}. Best is trial 0 with value: 0.5.
[I 2026-04-09 20:12:53,340] Trial 1 finished with value: 1.0 and parameters: {'n_estimators': 492, 'max_depth': 12, 'min_samples_split': 6, 'min_samples_leaf': 1}. Best is trial 1 with value: 1.0.
[I 2026-04-09 20:12:53,616] Trial 2 finished with value: 0.5 and parameters: {'n_estimators': 207, 'max_depth': 11, 'min_samples_split': 8, 'min_samples_leaf': 9}. Best is trial 1 with value: 1.0.
[I 2026-04-09 20:12:53,935] Trial 3 finished with value: 0.5 and parameters: {'n_estimators': 252, 'max_depth': 4, 'min_samples_split': 4, 'min_samples_leaf': 10}. Best is trial 1 with value: 1.0.
[I 2026-04-09 20:12:54,174] Trial 4 finished with value: 1.0 and parameters: {'n_estimators': 185, 'max_depth': 11, 'min_samples_split': 10, 'min_samples_leaf': 1}. Best is trial 1 with value: 1.0.
[I 2026-04-09 20:12:54,594] Trial 5 finished with value: 1.0 and parameters: {'n_estimators': 340, 'max_depth': 20, 'min_samples_split': 4, 'min_samples_leaf': 6}. Best is trial 1 with value: 1.0.
[I 2026-04-09 20:12:55,163] Trial 6 finished with value: 0.5 and parameters: {'n_estimators': 464, 'max_depth': 5, 'min_samples_split': 6, 'min_samples_leaf': 8}. Best is trial 1 with value: 1.0.
[I 2026-04-09 20:12:55,614] Trial 7 finished with value: 1.0 and parameters: {'n_estimators': 368, 'max_depth': 11, 'min_samples_split': 3, 'min_samples_leaf': 5}. Best is trial 1 with value: 1.0.
[I 2026-04-09 20:12:55,916] Trial 8 finished with value: 0.5 and parameters: {'n_estimators': 249, 'max_depth': 11, 'min_samples_split': 5, 'min_samples_leaf': 9}. Best is trial 1 with value: 1.0.
[I 2026-04-09 20:12:56,357] Trial 9 finished with value: 0.95 and parameters: {'n_estimators': 408, 'max_depth': 8, 'min_samples_split': 7, 'min_samples_leaf': 3}. Best is trial 1 with value: 1.0.
[I 2026-04-09 20:12:56,883] Trial 10 finished with value: 1.0 and parameters: {'n_estimators': 479, 'max_depth': 15, 'min_samples_split': 2, 'min_samples_leaf': 1}. Best is trial 1 with value: 1.0.
[I 2026-04-09 20:12:57,067] Trial 11 finished with value: 1.0 and parameters: {'n_estimators': 124, 'max_depth': 15, 'min_samples_split': 10, 'min_samples_leaf': 1}. Best is trial 1 with value: 1.0.
[I 2026-04-09 20:12:57,335] Trial 12 finished with value: 1.0 and parameters: {'n_estimators': 180, 'max_depth': 7, 'min_samples_split': 10, 'min_samples_leaf': 3}. Best is trial 1 with value: 1.0.
[I 2026-04-09 20:12:57,683] Trial 13 finished with value: 1.0 and parameters: {'n_estimators': 300, 'max_depth': 14, 'min_samples_split': 8, 'min_samples_leaf': 3}. Best is trial 1 with value: 1.0.
[I 2026-04-09 20:12:58,157] Trial 14 finished with value: 1.0 and parameters: {'n_estimators': 424, 'max_depth': 8, 'min_samples_split': 8, 'min_samples_leaf': 1}. Best is trial 1 with value: 1.0.
[I 2026-04-09 20:12:58,430] Trial 15 finished with value: 1.0 and parameters: {'n_estimators': 191, 'max_depth': 12, 'min_samples_split': 9, 'min_samples_leaf': 5}. Best is trial 1 with value: 1.0.
[I 2026-04-09 20:12:58,809] Trial 16 finished with value: 1.0 and parameters: {'n_estimators': 295, 'max_depth': 18, 'min_samples_split': 6, 'min_samples_leaf': 2}. Best is trial 1 with value: 1.0.
[I 2026-04-09 20:12:59,273] Trial 17 finished with value: 1.0 and parameters: {'n_estimators': 380, 'max_depth': 13, 'min_samples_split': 7, 'min_samples_leaf': 4}. Best is trial 1 with value: 1.0.
[I 2026-04-09 20:12:59,563] Trial 18 finished with value: 1.0 and parameters: {'n_estimators': 242, 'max_depth': 9, 'min_samples_split': 9, 'min_samples_leaf': 2}. Best is trial 1 with value: 1.0.
[I 2026-04-09 20:12:59,783] Trial 19 finished with value: 1.0 and parameters: {'n_estimators': 160, 'max_depth': 6, 'min_samples_split': 7, 'min_samples_leaf': 6}. Best is trial 1 with value: 1.0.
[I 2026-04-09 20:13:00,169] Trial 20 finished with value: 1.0 and parameters: {'n_estimators': 330, 'max_depth': 3, 'min_samples_split': 5, 'min_samples_leaf': 2}. Best is trial 1 with value: 1.0.
[I 2026-04-09 20:13:00,621] Trial 21 finished with value: 1.0 and parameters: {'n_estimators': 347, 'max_depth': 20, 'min_samples_split': 4, 'min_samples_leaf': 6}. Best is trial 1 with value: 1.0.
[I 2026-04-09 20:13:01,215] Trial 22 finished with value: 0.95 and parameters: {'n_estimators': 447, 'max_depth': 20, 'min_samples_split': 2, 'min_samples_leaf': 4}. Best is trial 1 with value: 1.0.
[I 2026-04-09 20:13:01,805] Trial 23 finished with value: 0.5 and parameters: {'n_estimators': 493, 'max_depth': 18, 'min_samples_split': 3, 'min_samples_leaf': 7}. Best is trial 1 with value: 1.0.
[I 2026-04-09 20:13:02,200] Trial 24 finished with value: 0.95 and parameters: {'n_estimators': 296, 'max_depth': 9, 'min_samples_split': 4, 'min_samples_leaf': 4}. Best is trial 1 with value: 1.0.
[I 2026-04-09 20:13:02,691] Trial 25 finished with value: 0.7 and parameters: {'n_estimators': 411, 'max_depth': 16, 'min_samples_split': 6, 'min_samples_leaf': 7}. Best is trial 1 with value: 1.0.
[I 2026-04-09 20:13:03,003] Trial 26 finished with value: 1.0 and parameters: {'n_estimators': 221, 'max_depth': 13, 'min_samples_split': 3, 'min_samples_leaf': 2}. Best is trial 1 with value: 1.0.
[I 2026-04-09 20:13:03,239] Trial 27 finished with value: 1.0 and parameters: {'n_estimators': 153, 'max_depth': 10, 'min_samples_split': 5, 'min_samples_leaf': 1}. Best is trial 1 with value: 1.0.
[I 2026-04-09 20:13:03,395] Trial 28 finished with value: 0.95 and parameters: {'n_estimators': 105, 'max_depth': 13, 'min_samples_split': 9, 'min_samples_leaf': 5}. Best is trial 1 with value: 1.0.
[I 2026-04-09 20:13:03,731] Trial 29 finished with value: 0.6 and parameters: {'n_estimators': 274, 'max_depth': 17, 'min_samples_split': 7, 'min_samples_leaf': 7}. Best is trial 1 with value: 1.0.
[I 2026-04-09 20:13:08,095] A new study created in memory with name: mlp
[I 2026-04-09 20:13:08,156] Trial 0 finished with value: 1.0 and parameters: {'hidden_layer_sizes': (200,), 'max_iter': 100, 'alpha': 0.0001}. Best is trial 0 with value: 1.0.
[I 2026-04-09 20:13:08,210] Trial 1 finished with value: 1.0 and parameters: {'hidden_layer_sizes': (100, 100), 'max_iter': 100, 'alpha': 0.0001}. Best is trial 0 with value: 1.0.
[I 2026-04-09 20:13:08,277] Trial 2 finished with value: 1.0 and parameters: {'hidden_layer_sizes': (200,), 'max_iter': 100, 'alpha': 0.001}. Best is trial 0 with value: 1.0.
