[I 2026-04-09 21:44:35,714] Trial 1 finished with value: 0.975 and parameters: {'n_estimators': 100, 'max_depth': 5, 'gamma': 0.9186341749476523, 'subsample': 0.6066926767899578, 'colsample_bytree': 0.7260619809088416}. Best is trial 0 with value: 0.975.
[I 2026-04-09 21:44:35,742] Trial 2 finished with value: 0.975 and parameters: {'n_estimators': 10, 'max_depth': 5, 'gamma': 0.9182155373980582, 'subsample': 0.566584722879625, 'colsample_bytree': 0.761706290336883}. Best is trial 0 with value: 0.975.
[I 2026-04-09 21:44:35,769] Trial 3 finished with value: 0.975 and parameters: {'n_estimators': 10, 'max_depth': 20, 'gamma': 0.5296610393664296, 'subsample': 0.6829451928902965, 'colsample_bytree': 0.9189589971546304}. Best is trial 0 with value: 0.975.
[I 2026-04-09 21:44:35,794] Trial 4 finished with value: 0.975 and parameters: {'n_estimators': 10, 'max_depth': 20, 'gamma': 0.6916595165017824, 'subsample': 0.6851755414940176, 'colsample_bytree': 0.7295464889457157}. Best is trial 0 with value: 0.975.
[I 2026-04-09 21:44:35,818] Trial 5 finished with value: 0.975 and parameters: {'n_estimators': 100, 'max_depth': 20, 'gamma': 0.48380821541644814, 'subsample': 0.8171899343169193, 'colsample_bytree': 0.7614531005141727}. Best is trial 0 with value: 0.975.
[I 2026-04-09 21:44:35,842] Trial 6 finished with value: 0.975 and parameters: {'n_estimators': 10, 'max_depth': 5, 'gamma': 0.9599214907026333, 'subsample': 0.8414569271877088, 'colsample_bytree': 0.5265643453364788}. Best is trial 0 with value: 0.975.
[I 2026-04-09 21:44:35,869] Trial 7 finished with value: 0.975 and parameters: {'n_estimators': 40, 'max_depth': 5, 'gamma': 0.5250915966595621, 'subsample': 0.9207383574491986, 'colsample_bytree': 0.565555321173957}. Best is trial 0 with value: 0.975.
[I 2026-04-09 21:44:35,897] Trial 8 finished with value: 1.0 and parameters: {'n_estimators': 100, 'max_depth': 5, 'gamma': 0.3919835527051987, 'subsample': 0.6502094521590198, 'colsample_bytree': 0.5827507002328938}. Best is trial 8 with value: 1.0.
[I 2026-04-09 21:44:35,925] Trial 9 finished with value: 0.975 and parameters: {'n_estimators': 100, 'max_depth': 5, 'gamma': 0.8003922413895069, 'subsample': 0.9436444759263674, 'colsample_bytree': 0.8374593849333938}. Best is trial 8 with value: 1.0.
[I 2026-04-09 21:44:35,960] Trial 10 finished with value: 1.0 and parameters: {'n_estimators': 100, 'max_depth': 30, 'gamma': 0.13445536345660636, 'subsample': 0.7476805901551955, 'colsample_bytree': 0.6248970054409114}. Best is trial 8 with value: 1.0.
[I 2026-04-09 21:44:35,993] Trial 11 finished with value: 1.0 and parameters: {'n_estimators': 100, 'max_depth': 30, 'gamma': 0.10446661927675699, 'subsample': 0.7301327038899156, 'colsample_bytree': 0.6242216426747456}. Best is trial 8 with value: 1.0.
[I 2026-04-09 21:44:36,033] Trial 12 finished with value: 0.975 and parameters: {'n_estimators': 100, 'max_depth': 30, 'gamma': 0.14185969212968175, 'subsample': 0.6413584085235382, 'colsample_bytree': 0.6321882957627458}. Best is trial 8 with value: 1.0.
[I 2026-04-09 21:44:36,068] Trial 13 finished with value: 0.975 and parameters: {'n_estimators': 100, 'max_depth': 30, 'gamma': 0.2940530462207287, 'subsample': 0.8019186970411778, 'colsample_bytree': 0.5870164251513028}. Best is trial 8 with value: 1.0.
[I 2026-04-09 21:44:36,119] Trial 14 finished with value: 1.0 and parameters: {'n_estimators': 100, 'max_depth': 30, 'gamma': 0.30171423612469206, 'subsample': 0.7482734941828143, 'colsample_bytree': 0.5029247437275957}. Best is trial 8 with value: 1.0.
[I 2026-04-09 21:44:36,154] Trial 15 finished with value: 0.975 and parameters: {'n_estimators': 100, 'max_depth': 30, 'gamma': 0.2971731557179943, 'subsample': 0.5136875763367752, 'colsample_bytree': 0.6871585773740464}. Best is trial 8 with value: 1.0.
[I 2026-04-09 21:44:36,192] Trial 16 finished with value: 0.975 and parameters: {'n_estimators': 40, 'max_depth': 5, 'gamma': 0.3920014867324031, 'subsample': 0.6446403232759388, 'colsample_bytree': 0.9928973939225177}. Best is trial 8 with value: 1.0.
[I 2026-04-09 21:44:36,230] Trial 17 finished with value: 0.975 and parameters: {'n_estimators': 100, 'max_depth': 30, 'gamma': 0.21789874089489547, 'subsample': 0.8554091824812715, 'colsample_bytree': 0.6742119142218679}. Best is trial 8 with value: 1.0.
[I 2026-04-09 21:44:36,270] Trial 18 finished with value: 0.975 and parameters: {'n_estimators': 100, 'max_depth': 5, 'gamma': 0.4161671499706137, 'subsample': 0.7714560484745161, 'colsample_bytree': 0.5517828870091157}. Best is trial 8 with value: 1.0.
[I 2026-04-09 21:44:36,311] Trial 19 finished with value: 0.975 and parameters: {'n_estimators': 40, 'max_depth': 30, 'gamma': 0.6672929392846038, 'subsample': 0.7058677902940477, 'colsample_bytree': 0.821719767844121}. Best is trial 8 with value: 1.0.
[I 2026-04-09 21:44:36,348] Trial 20 finished with value: 0.975 and parameters: {'n_estimators': 100, 'max_depth': 30, 'gamma': 0.2012035003396748, 'subsample': 0.9961764358499778, 'colsample_bytree': 0.5909320667218542}. Best is trial 8 with value: 1.0.
[I 2026-04-09 21:44:36,386] Trial 21 finished with value: 1.0 and parameters: {'n_estimators': 100, 'max_depth': 30, 'gamma': 0.11987919896877305, 'subsample': 0.7364692119415158, 'colsample_bytree': 0.6227932583032116}. Best is trial 8 with value: 1.0.
[I 2026-04-09 21:44:36,424] Trial 22 finished with value: 0.95 and parameters: {'n_estimators': 100, 'max_depth': 30, 'gamma': 0.22044100102299685, 'subsample': 0.6139348779916635, 'colsample_bytree': 0.6728592631570088}. Best is trial 8 with value: 1.0.
[I 2026-04-09 21:44:36,457] Trial 23 finished with value: 1.0 and parameters: {'n_estimators': 100, 'max_depth': 30, 'gamma': 0.10278176245750642, 'subsample': 0.7348340371305935, 'colsample_bytree': 0.6123932038625418}. Best is trial 8 with value: 1.0.
[I 2026-04-09 21:44:36,495] Trial 24 finished with value: 1.0 and parameters: {'n_estimators': 100, 'max_depth': 30, 'gamma': 0.36640526082018554, 'subsample': 0.6662417698402398, 'colsample_bytree': 0.5566418840532259}. Best is trial 8 with value: 1.0.
[I 2026-04-09 21:44:36,534] Trial 25 finished with value: 0.975 and parameters: {'n_estimators': 100, 'max_depth': 5, 'gamma': 0.17697960128008175, 'subsample': 0.583496664208107, 'colsample_bytree': 0.6620600152013829}. Best is trial 8 with value: 1.0.
[I 2026-04-09 21:44:36,578] Trial 26 finished with value: 0.975 and parameters: {'n_estimators': 100, 'max_depth': 30, 'gamma': 0.2626872123152875, 'subsample': 0.7759909773098492, 'colsample_bytree': 0.7091843773932633}. Best is trial 8 with value: 1.0.
[I 2026-04-09 21:44:36,628] Trial 27 finished with value: 0.975 and parameters: {'n_estimators': 100, 'max_depth': 30, 'gamma': 0.34461411178684265, 'subsample': 0.7085583015130753, 'colsample_bytree': 0.7937552560850832}. Best is trial 8 with value: 1.0.
[I 2026-04-09 21:44:36,662] Trial 28 finished with value: 0.975 and parameters: {'n_estimators': 10, 'max_depth': 20, 'gamma': 0.44123518190339084, 'subsample': 0.8608600110812525, 'colsample_bytree': 0.5053746138822339}. Best is trial 8 with value: 1.0.
[I 2026-04-09 21:44:36,708] Trial 29 finished with value: 0.975 and parameters: {'n_estimators': 40, 'max_depth': 5, 'gamma': 0.6537685405380681, 'subsample': 0.5372506539122821, 'colsample_bytree': 0.6460106568305164}. Best is trial 8 with value: 1.0.
[I 2026-04-09 21:44:37,837] A new study created in memory with name: rf
[I 2026-04-09 21:44:38,010] Trial 0 finished with value: 0.975 and parameters: {'n_estimators': 130, 'max_depth': 17, 'min_samples_split': 5, 'min_samples_leaf': 8}. Best is trial 0 with value: 0.975.
[I 2026-04-09 21:44:38,554] Trial 1 finished with value: 0.975 and parameters: {'n_estimators': 492, 'max_depth': 12, 'min_samples_split': 6, 'min_samples_leaf': 1}. Best is trial 0 with value: 0.975.
[I 2026-04-09 21:44:38,770] Trial 2 finished with value: 0.975 and parameters: {'n_estimators': 207, 'max_depth': 11, 'min_samples_split': 8, 'min_samples_leaf': 9}. Best is trial 0 with value: 0.975.
[I 2026-04-09 21:44:39,056] Trial 3 finished with value: 0.975 and parameters: {'n_estimators': 252, 'max_depth': 4, 'min_samples_split': 4, 'min_samples_leaf': 10}. Best is trial 0 with value: 0.975.
[I 2026-04-09 21:44:39,283] Trial 4 finished with value: 0.975 and parameters: {'n_estimators': 185, 'max_depth': 11, 'min_samples_split': 10, 'min_samples_leaf': 1}. Best is trial 0 with value: 0.975.
[I 2026-04-09 21:44:39,692] Trial 5 finished with value: 0.975 and parameters: {'n_estimators': 340, 'max_depth': 20, 'min_samples_split': 4, 'min_samples_leaf': 6}. Best is trial 0 with value: 0.975.
[I 2026-04-09 21:44:40,188] Trial 6 finished with value: 0.975 and parameters: {'n_estimators': 464, 'max_depth': 5, 'min_samples_split': 6, 'min_samples_leaf': 8}. Best is trial 0 with value: 0.975.
[I 2026-04-09 21:44:40,631] Trial 7 finished with value: 0.975 and parameters: {'n_estimators': 368, 'max_depth': 11, 'min_samples_split': 3, 'min_samples_leaf': 5}. Best is trial 0 with value: 0.975.
[I 2026-04-09 21:44:40,932] Trial 8 finished with value: 0.975 and parameters: {'n_estimators': 249, 'max_depth': 11, 'min_samples_split': 5, 'min_samples_leaf': 9}. Best is trial 0 with value: 0.975.
[I 2026-04-09 21:44:41,393] Trial 9 finished with value: 0.975 and parameters: {'n_estimators': 408, 'max_depth': 8, 'min_samples_split': 7, 'min_samples_leaf': 3}. Best is trial 0 with value: 0.975.
[I 2026-04-09 21:44:41,622] Trial 10 finished with value: 0.975 and parameters: {'n_estimators': 156, 'max_depth': 19, 'min_samples_split': 2, 'min_samples_leaf': 7}. Best is trial 0 with value: 0.975.
[I 2026-04-09 21:44:42,134] Trial 11 finished with value: 0.975 and parameters: {'n_estimators': 456, 'max_depth': 16, 'min_samples_split': 8, 'min_samples_leaf': 4}. Best is trial 0 with value: 0.975.
[I 2026-04-09 21:44:42,702] Trial 12 finished with value: 0.975 and parameters: {'n_estimators': 499, 'max_depth': 15, 'min_samples_split': 6, 'min_samples_leaf': 2}. Best is trial 0 with value: 0.975.
[I 2026-04-09 21:44:42,877] Trial 13 finished with value: 0.975 and parameters: {'n_estimators': 100, 'max_depth': 16, 'min_samples_split': 5, 'min_samples_leaf': 6}. Best is trial 0 with value: 0.975.
[I 2026-04-09 21:44:43,256] Trial 14 finished with value: 0.975 and parameters: {'n_estimators': 282, 'max_depth': 14, 'min_samples_split': 8, 'min_samples_leaf': 4}. Best is trial 0 with value: 0.975.
[I 2026-04-09 21:44:43,428] Trial 15 finished with value: 0.975 and parameters: {'n_estimators': 103, 'max_depth': 18, 'min_samples_split': 10, 'min_samples_leaf': 1}. Best is trial 0 with value: 0.975.
[I 2026-04-09 21:44:43,836] Trial 16 finished with value: 0.975 and parameters: {'n_estimators': 381, 'max_depth': 8, 'min_samples_split': 5, 'min_samples_leaf': 7}. Best is trial 0 with value: 0.975.
[I 2026-04-09 21:44:44,222] Trial 17 finished with value: 0.975 and parameters: {'n_estimators': 306, 'max_depth': 13, 'min_samples_split': 7, 'min_samples_leaf': 8}. Best is trial 0 with value: 0.975.
[I 2026-04-09 21:44:44,716] Trial 18 finished with value: 0.975 and parameters: {'n_estimators': 430, 'max_depth': 8, 'min_samples_split': 2, 'min_samples_leaf': 3}. Best is trial 0 with value: 0.975.
[I 2026-04-09 21:44:44,931] Trial 19 finished with value: 0.975 and parameters: {'n_estimators': 151, 'max_depth': 18, 'min_samples_split': 4, 'min_samples_leaf': 10}. Best is trial 0 with value: 0.975.
[I 2026-04-09 21:44:45,360] Trial 20 finished with value: 0.975 and parameters: {'n_estimators': 326, 'max_depth': 13, 'min_samples_split': 7, 'min_samples_leaf': 7}. Best is trial 0 with value: 0.975.
[I 2026-04-09 21:44:45,656] Trial 21 finished with value: 0.95 and parameters: {'n_estimators': 221, 'max_depth': 9, 'min_samples_split': 9, 'min_samples_leaf': 9}. Best is trial 0 with value: 0.975.
[I 2026-04-09 21:44:45,896] Trial 22 finished with value: 0.975 and parameters: {'n_estimators': 192, 'max_depth': 6, 'min_samples_split': 6, 'min_samples_leaf': 8}. Best is trial 0 with value: 0.975.
[I 2026-04-09 21:44:46,095] Trial 23 finished with value: 0.975 and parameters: {'n_estimators': 143, 'max_depth': 10, 'min_samples_split': 8, 'min_samples_leaf': 9}. Best is trial 0 with value: 0.975.
[I 2026-04-09 21:44:46,375] Trial 24 finished with value: 0.975 and parameters: {'n_estimators': 202, 'max_depth': 14, 'min_samples_split': 9, 'min_samples_leaf': 5}. Best is trial 0 with value: 0.975.
[I 2026-04-09 21:44:46,556] Trial 25 finished with value: 1.0 and parameters: {'n_estimators': 132, 'max_depth': 17, 'min_samples_split': 7, 'min_samples_leaf': 10}. Best is trial 25 with value: 1.0.
[I 2026-04-09 21:44:46,915] Trial 26 finished with value: 0.975 and parameters: {'n_estimators': 270, 'max_depth': 17, 'min_samples_split': 5, 'min_samples_leaf': 10}. Best is trial 25 with value: 1.0.
[I 2026-04-09 21:44:47,126] Trial 27 finished with value: 0.975 and parameters: {'n_estimators': 143, 'max_depth': 20, 'min_samples_split': 6, 'min_samples_leaf': 10}. Best is trial 25 with value: 1.0.
[I 2026-04-09 21:44:47,347] Trial 28 finished with value: 0.975 and parameters: {'n_estimators': 171, 'max_depth': 17, 'min_samples_split': 7, 'min_samples_leaf': 2}. Best is trial 25 with value: 1.0.
[I 2026-04-09 21:44:47,649] Trial 29 finished with value: 0.975 and parameters: {'n_estimators': 228, 'max_depth': 13, 'min_samples_split': 3, 'min_samples_leaf': 8}. Best is trial 25 with value: 1.0.
[I 2026-04-09 21:44:49,540] A new study created in memory with name: mlp
[I 2026-04-09 21:44:49,605] Trial 0 finished with value: 0.95 and parameters: {'hidden_layer_sizes': (200,), 'max_iter': 100, 'alpha': 0.0001}. Best is trial 0 with value: 0.95.
[I 2026-04-09 21:44:49,699] Trial 1 finished with value: 0.95 and parameters: {'hidden_layer_sizes': (100, 100), 'max_iter': 100, 'alpha': 0.0001}. Best is trial 0 with value: 0.95.
[I 2026-04-09 21:44:49,753] Trial 2 finished with value: 0.95 and parameters: {'hidden_layer_sizes': (200,), 'max_iter': 100, 'alpha': 0.001}. Best is trial 0 with value: 0.95.
[I 2026-04-09 21:44:49,786] Trial 3 finished with value: 0.975 and parameters: {'hidden_layer_sizes': (100,), 'max_iter': 50, 'alpha': 0.001}. Best is trial 3 with value: 0.975.
[I 2026-04-09 21:44:49,819] Trial 4 finished with value: 0.95 and parameters: {'hidden_layer_sizes': (100,), 'max_iter': 50, 'alpha': 0.0001}. Best is trial 3 with value: 0.975.
[I 2026-04-09 21:44:49,852] Trial 5 finished with value: 0.975 and parameters: {'hidden_layer_sizes': (100,), 'max_iter': 50, 'alpha': 0.0001}. Best is trial 3 with value: 0.975.
[I 2026-04-09 21:44:49,897] Trial 6 finished with value: 0.95 and parameters: {'hidden_layer_sizes': (100,), 'max_iter': 50, 'alpha': 0.0001}. Best is trial 3 with value: 0.975.
[I 2026-04-09 21:44:49,933] Trial 7 finished with value: 0.975 and parameters: {'hidden_layer_sizes': (100,), 'max_iter': 50, 'alpha': 0.0001}. Best is trial 3 with value: 0.975.
[I 2026-04-09 21:44:49,994] Trial 8 finished with value: 0.95 and parameters: {'hidden_layer_sizes': (200,), 'max_iter': 100, 'alpha': 0.0001}. Best is trial 3 with value: 0.975.
[I 2026-04-09 21:44:50,043] Trial 9 finished with value: 0.95 and parameters: {'hidden_layer_sizes': (200,), 'max_iter': 50, 'alpha': 0.0001}. Best is trial 3 with value: 0.975.
[I 2026-04-09 21:44:50,091] Trial 10 finished with value: 0.95 and parameters: {'hidden_layer_sizes': (100, 100), 'max_iter': 50, 'alpha': 0.001}. Best is trial 3 with value: 0.975.
[I 2026-04-09 21:44:50,130] Trial 11 finished with value: 0.975 and parameters: {'hidden_layer_sizes': (100,), 'max_iter': 50, 'alpha': 0.001}. Best is trial 3 with value: 0.975.
[I 2026-04-09 21:44:50,170] Trial 12 finished with value: 0.975 and parameters: {'hidden_layer_sizes': (100,), 'max_iter': 50, 'alpha': 0.001}. Best is trial 3 with value: 0.975.
[I 2026-04-09 21:44:50,227] Trial 13 finished with value: 0.975 and parameters: {'hidden_layer_sizes': (100,), 'max_iter': 50, 'alpha': 0.001}. Best is trial 3 with value: 0.975.
[I 2026-04-09 21:44:50,265] Trial 14 finished with value: 0.975 and parameters: {'hidden_layer_sizes': (100,), 'max_iter': 50, 'alpha': 0.001}. Best is trial 3 with value: 0.975.
[I 2026-04-09 21:44:50,300] Trial 15 finished with value: 0.95 and parameters: {'hidden_layer_sizes': (100,), 'max_iter': 50, 'alpha': 0.001}. Best is trial 3 with value: 0.975.
[I 2026-04-09 21:44:50,346] Trial 16 finished with value: 0.95 and parameters: {'hidden_layer_sizes': (100, 100), 'max_iter': 50, 'alpha': 0.0001}. Best is trial 3 with value: 0.975.
[I 2026-04-09 21:44:50,383] Trial 17 finished with value: 0.975 and parameters: {'hidden_layer_sizes': (100,), 'max_iter': 50, 'alpha': 0.001}. Best is trial 3 with value: 0.975.
[I 2026-04-09 21:44:50,440] Trial 18 finished with value: 0.975 and parameters: {'hidden_layer_sizes': (100,), 'max_iter': 100, 'alpha': 0.0001}. Best is trial 3 with value: 0.975.
[I 2026-04-09 21:44:50,495] Trial 19 finished with value: 0.95 and parameters: {'hidden_layer_sizes': (100, 100), 'max_iter': 50, 'alpha': 0.001}. Best is trial 3 with value: 0.975.
[I 2026-04-09 21:44:50,536] Trial 20 finished with value: 0.95 and parameters: {'hidden_layer_sizes': (100,), 'max_iter': 50, 'alpha': 0.001}. Best is trial 3 with value: 0.975.
[I 2026-04-09 21:44:50,575] Trial 21 finished with value: 0.95 and parameters: {'hidden_layer_sizes': (100,), 'max_iter': 50, 'alpha': 0.0001}. Best is trial 3 with value: 0.975.
[I 2026-04-09 21:44:50,614] Trial 22 finished with value: 0.95 and parameters: {'hidden_layer_sizes': (100,), 'max_iter': 50, 'alpha': 0.0001}. Best is trial 3 with value: 0.975.
[I 2026-04-09 21:44:50,654] Trial 23 finished with value: 0.975 and parameters: {'hidden_layer_sizes': (100,), 'max_iter': 50, 'alpha': 0.0001}. Best is trial 3 with value: 0.975.
[I 2026-04-09 21:44:50,692] Trial 24 finished with value: 0.95 and parameters: {'hidden_layer_sizes': (100,), 'max_iter': 50, 'alpha': 0.0001}. Best is trial 3 with value: 0.975.
[I 2026-04-09 21:44:50,736] Trial 25 finished with value: 0.95 and parameters: {'hidden_layer_sizes': (100,), 'max_iter': 50, 'alpha': 0.0001}. Best is trial 3 with value: 0.975.
[I 2026-04-09 21:44:50,784] Trial 26 finished with value: 0.95 and parameters: {'hidden_layer_sizes': (100,), 'max_iter': 100, 'alpha': 0.0001}. Best is trial 3 with value: 0.975.
[I 2026-04-09 21:44:50,817] Trial 27 finished with value: 0.95 and parameters: {'hidden_layer_sizes': (100,), 'max_iter': 50, 'alpha': 0.0001}. Best is trial 3 with value: 0.975.
[I 2026-04-09 21:44:50,862] Trial 28 finished with value: 0.95 and parameters: {'hidden_layer_sizes': (100, 100), 'max_iter': 50, 'alpha': 0.001}. Best is trial 3 with value: 0.975.
[I 2026-04-09 21:44:50,919] Trial 29 finished with value: 0.95 and parameters: {'hidden_layer_sizes': (200,), 'max_iter': 100, 'alpha': 0.0001}. Best is trial 3 with value: 0.975.
[I 2026-04-09 21:44:51,845] A new study created in memory with name: naive_bayes
[I 2026-04-09 21:44:51,860] Trial 0 finished with value: 0.875 and parameters: {'var_smoothing': 5.582886587978182e-09}. Best is trial 0 with value: 0.875.
[I 2026-04-09 21:44:51,874] Trial 1 finished with value: 0.875 and parameters: {'var_smoothing': 8.651299071518215e-09}. Best is trial 0 with value: 0.875.
[I 2026-04-09 21:44:51,887] Trial 2 finished with value: 0.875 and parameters: {'var_smoothing': 5.475062490474489e-09}. Best is trial 0 with value: 0.875.
[I 2026-04-09 21:44:51,900] Trial 3 finished with value: 0.875 and parameters: {'var_smoothing': 1.1526869678723134e-09}. Best is trial 0 with value: 0.875.
[I 2026-04-09 21:44:51,914] Trial 4 finished with value: 0.875 and parameters: {'var_smoothing': 2.920496270341785e-10}. Best is trial 0 with value: 0.875.
[I 2026-04-09 21:44:51,927] Trial 5 finished with value: 0.875 and parameters: {'var_smoothing': 1.0538956417705805e-10}. Best is trial 0 with value: 0.875.
[I 2026-04-09 21:44:51,941] Trial 6 finished with value: 0.875 and parameters: {'var_smoothing': 7.260016982331591e-10}. Best is trial 0 with value: 0.875.
[I 2026-04-09 21:44:51,954] Trial 7 finished with value: 0.875 and parameters: {'var_smoothing': 6.378267364653917e-10}. Best is trial 0 with value: 0.875.
[I 2026-04-09 21:44:51,967] Trial 8 finished with value: 0.875 and parameters: {'var_smoothing': 1.1100673847791952e-09}. Best is trial 0 with value: 0.875.
[I 2026-04-09 21:44:51,981] Trial 9 finished with value: 0.875 and parameters: {'var_smoothing': 9.052813879088377e-10}. Best is trial 0 with value: 0.875.
[I 2026-04-09 21:44:52,009] Trial 10 finished with value: 0.875 and parameters: {'var_smoothing': 3.20543606083287e-09}. Best is trial 0 with value: 0.875.
[I 2026-04-09 21:44:52,029] Trial 11 finished with value: 0.875 and parameters: {'var_smoothing': 8.433965140342417e-09}. Best is trial 0 with value: 0.875.
[I 2026-04-09 21:44:52,049] Trial 12 finished with value: 0.875 and parameters: {'var_smoothing': 2.860874278982245e-09}. Best is trial 0 with value: 0.875.
[I 2026-04-09 21:44:52,077] Trial 13 finished with value: 0.875 and parameters: {'var_smoothing': 9.270349036178526e-09}. Best is trial 0 with value: 0.875.
[I 2026-04-09 21:44:52,095] Trial 14 finished with value: 0.875 and parameters: {'var_smoothing': 3.13069447640915e-09}. Best is trial 0 with value: 0.875.
[I 2026-04-09 21:44:52,112] Trial 15 finished with value: 0.875 and parameters: {'var_smoothing': 5.223604886811285e-09}. Best is trial 0 with value: 0.875.
[I 2026-04-09 21:44:52,128] Trial 16 finished with value: 0.875 and parameters: {'var_smoothing': 2.0295724993447026e-09}. Best is trial 0 with value: 0.875.
[I 2026-04-09 21:44:52,143] Trial 17 finished with value: 0.875 and parameters: {'var_smoothing': 5.880433102756661e-09}. Best is trial 0 with value: 0.875.
[I 2026-04-09 21:44:52,159] Trial 18 finished with value: 0.875 and parameters: {'var_smoothing': 1.6980964875204416e-09}. Best is trial 0 with value: 0.875.
