[I 2026-04-09 19:15:11,144] Trial 0 finished with value: 0.9 and parameters: {'n_estimators': 40, 'max_depth': 5, 'gamma': 0.789317070832284, 'subsample': 0.7592089939364717, 'colsample_bytree': 0.648400250788111}. Best is trial 0 with value: 0.9.
[I 2026-04-09 19:15:11,168] Trial 1 finished with value: 0.85 and parameters: {'n_estimators': 100, 'max_depth': 30, 'gamma': 0.34667781579300216, 'subsample': 0.7071175095405257, 'colsample_bytree': 0.6480399663668239}. Best is trial 0 with value: 0.9.
[I 2026-04-09 19:15:11,186] Trial 2 finished with value: 0.9 and parameters: {'n_estimators': 10, 'max_depth': 20, 'gamma': 0.3948075529198607, 'subsample': 0.5720821503267102, 'colsample_bytree': 0.5828064306006338}. Best is trial 0 with value: 0.9.
[I 2026-04-09 19:15:11,211] Trial 3 finished with value: 0.9 and parameters: {'n_estimators': 10, 'max_depth': 30, 'gamma': 0.8015631269999768, 'subsample': 0.5114665462195407, 'colsample_bytree': 0.788831429064878}. Best is trial 0 with value: 0.9.
[I 2026-04-09 19:15:11,245] Trial 4 finished with value: 0.9 and parameters: {'n_estimators': 100, 'max_depth': 5, 'gamma': 0.8834347783013348, 'subsample': 0.961374806972835, 'colsample_bytree': 0.5011071062662218}. Best is trial 0 with value: 0.9.
[I 2026-04-09 19:15:11,273] Trial 5 finished with value: 1.0 and parameters: {'n_estimators': 40, 'max_depth': 5, 'gamma': 0.5364379674896123, 'subsample': 0.5145557818363589, 'colsample_bytree': 0.5432628442011025}. Best is trial 5 with value: 1.0.
[I 2026-04-09 19:15:11,305] Trial 6 finished with value: 0.9 and parameters: {'n_estimators': 100, 'max_depth': 20, 'gamma': 0.6718205850237038, 'subsample': 0.9059511955902053, 'colsample_bytree': 0.9633413076219371}. Best is trial 5 with value: 1.0.
[I 2026-04-09 19:15:11,332] Trial 7 finished with value: 0.85 and parameters: {'n_estimators': 10, 'max_depth': 30, 'gamma': 0.8165284487704038, 'subsample': 0.5255714015506736, 'colsample_bytree': 0.594333867896554}. Best is trial 5 with value: 1.0.
[I 2026-04-09 19:15:11,360] Trial 8 finished with value: 0.95 and parameters: {'n_estimators': 100, 'max_depth': 20, 'gamma': 0.6251497693480509, 'subsample': 0.9696496759824258, 'colsample_bytree': 0.9717700410079397}. Best is trial 5 with value: 1.0.
[I 2026-04-09 19:15:11,385] Trial 9 finished with value: 0.85 and parameters: {'n_estimators': 40, 'max_depth': 30, 'gamma': 0.9649927737686168, 'subsample': 0.6857563076640036, 'colsample_bytree': 0.5061847058001788}. Best is trial 5 with value: 1.0.
[I 2026-04-09 19:15:11,427] Trial 10 finished with value: 0.85 and parameters: {'n_estimators': 40, 'max_depth': 5, 'gamma': 0.17962098877423716, 'subsample': 0.8185311023645913, 'colsample_bytree': 0.7898330861721071}. Best is trial 5 with value: 1.0.
[I 2026-04-09 19:15:11,466] Trial 11 finished with value: 0.85 and parameters: {'n_estimators': 40, 'max_depth': 20, 'gamma': 0.5304178328780275, 'subsample': 0.6388052294316233, 'colsample_bytree': 0.9523787574342063}. Best is trial 5 with value: 1.0.
[I 2026-04-09 19:15:11,515] Trial 12 finished with value: 0.85 and parameters: {'n_estimators': 100, 'max_depth': 5, 'gamma': 0.5696439826398885, 'subsample': 0.8552352886814291, 'colsample_bytree': 0.8613659655163468}. Best is trial 5 with value: 1.0.
[I 2026-04-09 19:15:11,556] Trial 13 finished with value: 0.95 and parameters: {'n_estimators': 40, 'max_depth': 20, 'gamma': 0.6143565345460473, 'subsample': 0.9982774069433007, 'colsample_bytree': 0.8739399509582558}. Best is trial 5 with value: 1.0.
[I 2026-04-09 19:15:11,596] Trial 14 finished with value: 0.8 and parameters: {'n_estimators': 100, 'max_depth': 20, 'gamma': 0.4856975542205138, 'subsample': 0.6261700290644392, 'colsample_bytree': 0.7221120520809101}. Best is trial 5 with value: 1.0.
[I 2026-04-09 19:15:11,654] Trial 15 finished with value: 0.85 and parameters: {'n_estimators': 100, 'max_depth': 5, 'gamma': 0.6879849342040444, 'subsample': 0.8060973220299602, 'colsample_bytree': 0.8984734844460647}. Best is trial 5 with value: 1.0.
[I 2026-04-09 19:15:11,690] Trial 16 finished with value: 0.9 and parameters: {'n_estimators': 40, 'max_depth': 20, 'gamma': 0.28348273058911083, 'subsample': 0.9030781308369584, 'colsample_bytree': 0.7130873994589939}. Best is trial 5 with value: 1.0.
[I 2026-04-09 19:15:11,727] Trial 17 finished with value: 0.8 and parameters: {'n_estimators': 40, 'max_depth': 5, 'gamma': 0.4542223897838519, 'subsample': 0.741913118130876, 'colsample_bytree': 0.9950595795464995}. Best is trial 5 with value: 1.0.
[I 2026-04-09 19:15:11,764] Trial 18 finished with value: 0.85 and parameters: {'n_estimators': 100, 'max_depth': 5, 'gamma': 0.13456748759891074, 'subsample': 0.5940239072130228, 'colsample_bytree': 0.8226995476368899}. Best is trial 5 with value: 1.0.
[I 2026-04-09 19:15:11,796] Trial 19 finished with value: 0.9 and parameters: {'n_estimators': 10, 'max_depth': 20, 'gamma': 0.6904432602114849, 'subsample': 0.9069538572199282, 'colsample_bytree': 0.6676053359201292}. Best is trial 5 with value: 1.0.
[I 2026-04-09 19:15:11,831] Trial 20 finished with value: 0.8 and parameters: {'n_estimators': 100, 'max_depth': 20, 'gamma': 0.4103955284940396, 'subsample': 0.6807657686349444, 'colsample_bytree': 0.5475478628406834}. Best is trial 5 with value: 1.0.
[I 2026-04-09 19:15:11,868] Trial 21 finished with value: 0.95 and parameters: {'n_estimators': 40, 'max_depth': 20, 'gamma': 0.6065161766804955, 'subsample': 0.9920151345142506, 'colsample_bytree': 0.9097895987343033}. Best is trial 5 with value: 1.0.
[I 2026-04-09 19:15:11,908] Trial 22 finished with value: 0.95 and parameters: {'n_estimators': 40, 'max_depth': 20, 'gamma': 0.6237577915926255, 'subsample': 0.9918848736641267, 'colsample_bytree': 0.8840854929827522}. Best is trial 5 with value: 1.0.
[I 2026-04-09 19:15:11,953] Trial 23 finished with value: 0.95 and parameters: {'n_estimators': 40, 'max_depth': 20, 'gamma': 0.5154061868503079, 'subsample': 0.9621933440722102, 'colsample_bytree': 0.9415847836686517}. Best is trial 5 with value: 1.0.
[I 2026-04-09 19:15:11,986] Trial 24 finished with value: 0.9 and parameters: {'n_estimators': 40, 'max_depth': 20, 'gamma': 0.7214412597069495, 'subsample': 0.9398762152542861, 'colsample_bytree': 0.846021050642203}. Best is trial 5 with value: 1.0.
[I 2026-04-09 19:15:12,020] Trial 25 finished with value: 0.85 and parameters: {'n_estimators': 40, 'max_depth': 5, 'gamma': 0.5961545578844439, 'subsample': 0.8637059622575762, 'colsample_bytree': 0.9902457748336942}. Best is trial 5 with value: 1.0.
[I 2026-04-09 19:15:12,059] Trial 26 finished with value: 0.85 and parameters: {'n_estimators': 40, 'max_depth': 20, 'gamma': 0.2657992938296229, 'subsample': 0.7973156954301797, 'colsample_bytree': 0.9182969387072324}. Best is trial 5 with value: 1.0.
[I 2026-04-09 19:15:12,097] Trial 27 finished with value: 0.9 and parameters: {'n_estimators': 40, 'max_depth': 20, 'gamma': 0.45141229547874595, 'subsample': 0.8540581555803297, 'colsample_bytree': 0.7756105231694411}. Best is trial 5 with value: 1.0.
[I 2026-04-09 19:15:12,139] Trial 28 finished with value: 0.9 and parameters: {'n_estimators': 10, 'max_depth': 30, 'gamma': 0.5636122126240967, 'subsample': 0.9353024533023344, 'colsample_bytree': 0.8342529287966802}. Best is trial 5 with value: 1.0.
[I 2026-04-09 19:15:12,183] Trial 29 finished with value: 0.9 and parameters: {'n_estimators': 100, 'max_depth': 5, 'gamma': 0.7500802665223197, 'subsample': 0.9999642605065616, 'colsample_bytree': 0.6664605245411273}. Best is trial 5 with value: 1.0.
[I 2026-04-09 19:15:13,235] A new study created in memory with name: rf
[I 2026-04-09 19:15:13,440] Trial 0 finished with value: 0.5 and parameters: {'n_estimators': 189, 'max_depth': 18, 'min_samples_split': 3, 'min_samples_leaf': 10}. Best is trial 0 with value: 0.5.
[I 2026-04-09 19:15:13,765] Trial 1 finished with value: 0.8 and parameters: {'n_estimators': 295, 'max_depth': 14, 'min_samples_split': 8, 'min_samples_leaf': 6}. Best is trial 1 with value: 0.8.
[I 2026-04-09 19:15:14,011] Trial 2 finished with value: 0.5 and parameters: {'n_estimators': 219, 'max_depth': 6, 'min_samples_split': 2, 'min_samples_leaf': 8}. Best is trial 1 with value: 0.8.
[I 2026-04-09 19:15:14,338] Trial 3 finished with value: 0.95 and parameters: {'n_estimators': 276, 'max_depth': 5, 'min_samples_split': 9, 'min_samples_leaf': 3}. Best is trial 3 with value: 0.95.
[I 2026-04-09 19:15:14,645] Trial 4 finished with value: 0.75 and parameters: {'n_estimators': 266, 'max_depth': 8, 'min_samples_split': 7, 'min_samples_leaf': 6}. Best is trial 3 with value: 0.95.
[I 2026-04-09 19:15:15,078] Trial 5 finished with value: 0.9 and parameters: {'n_estimators': 340, 'max_depth': 7, 'min_samples_split': 4, 'min_samples_leaf': 3}. Best is trial 3 with value: 0.95.
[I 2026-04-09 19:15:15,327] Trial 6 finished with value: 0.5 and parameters: {'n_estimators': 231, 'max_depth': 5, 'min_samples_split': 3, 'min_samples_leaf': 10}. Best is trial 3 with value: 0.95.
[I 2026-04-09 19:15:15,850] Trial 7 finished with value: 0.95 and parameters: {'n_estimators': 485, 'max_depth': 6, 'min_samples_split': 2, 'min_samples_leaf': 3}. Best is trial 3 with value: 0.95.
[I 2026-04-09 19:15:16,287] Trial 8 finished with value: 0.8 and parameters: {'n_estimators': 380, 'max_depth': 17, 'min_samples_split': 2, 'min_samples_leaf': 6}. Best is trial 3 with value: 0.95.
[I 2026-04-09 19:15:16,452] Trial 9 finished with value: 0.5 and parameters: {'n_estimators': 100, 'max_depth': 12, 'min_samples_split': 7, 'min_samples_leaf': 10}. Best is trial 3 with value: 0.95.
[I 2026-04-09 19:15:16,963] Trial 10 finished with value: 0.9 and parameters: {'n_estimators': 446, 'max_depth': 3, 'min_samples_split': 10, 'min_samples_leaf': 2}. Best is trial 3 with value: 0.95.
[I 2026-04-09 19:15:17,546] Trial 11 finished with value: 0.9 and parameters: {'n_estimators': 498, 'max_depth': 10, 'min_samples_split': 10, 'min_samples_leaf': 4}. Best is trial 3 with value: 0.95.
[I 2026-04-09 19:15:17,986] Trial 12 finished with value: 0.95 and parameters: {'n_estimators': 387, 'max_depth': 3, 'min_samples_split': 5, 'min_samples_leaf': 1}. Best is trial 3 with value: 0.95.
[I 2026-04-09 19:15:18,483] Trial 13 finished with value: 0.95 and parameters: {'n_estimators': 422, 'max_depth': 9, 'min_samples_split': 9, 'min_samples_leaf': 4}. Best is trial 3 with value: 0.95.
[I 2026-04-09 19:15:18,900] Trial 14 finished with value: 0.95 and parameters: {'n_estimators': 331, 'max_depth': 5, 'min_samples_split': 6, 'min_samples_leaf': 1}. Best is trial 3 with value: 0.95.
[I 2026-04-09 19:15:19,154] Trial 15 finished with value: 0.95 and parameters: {'n_estimators': 167, 'max_depth': 12, 'min_samples_split': 5, 'min_samples_leaf': 4}. Best is trial 3 with value: 0.95.
[I 2026-04-09 19:15:19,810] Trial 16 finished with value: 0.9 and parameters: {'n_estimators': 496, 'max_depth': 15, 'min_samples_split': 8, 'min_samples_leaf': 3}. Best is trial 3 with value: 0.95.
[I 2026-04-09 19:15:20,166] Trial 17 finished with value: 0.95 and parameters: {'n_estimators': 270, 'max_depth': 10, 'min_samples_split': 6, 'min_samples_leaf': 2}. Best is trial 3 with value: 0.95.
[I 2026-04-09 19:15:20,596] Trial 18 finished with value: 0.9 and parameters: {'n_estimators': 343, 'max_depth': 4, 'min_samples_split': 9, 'min_samples_leaf': 5}. Best is trial 3 with value: 0.95.
[I 2026-04-09 19:15:21,106] Trial 19 finished with value: 0.5 and parameters: {'n_estimators': 451, 'max_depth': 6, 'min_samples_split': 4, 'min_samples_leaf': 8}. Best is trial 3 with value: 0.95.
[I 2026-04-09 19:15:21,335] Trial 20 finished with value: 0.95 and parameters: {'n_estimators': 131, 'max_depth': 8, 'min_samples_split': 7, 'min_samples_leaf': 2}. Best is trial 3 with value: 0.95.
[I 2026-04-09 19:15:21,779] Trial 21 finished with value: 0.95 and parameters: {'n_estimators': 384, 'max_depth': 3, 'min_samples_split': 5, 'min_samples_leaf': 1}. Best is trial 3 with value: 0.95.
[I 2026-04-09 19:15:22,263] Trial 22 finished with value: 0.95 and parameters: {'n_estimators': 402, 'max_depth': 20, 'min_samples_split': 3, 'min_samples_leaf': 1}. Best is trial 3 with value: 0.95.
[I 2026-04-09 19:15:22,784] Trial 23 finished with value: 0.9 and parameters: {'n_estimators': 462, 'max_depth': 3, 'min_samples_split': 5, 'min_samples_leaf': 3}. Best is trial 3 with value: 0.95.
[I 2026-04-09 19:15:23,221] Trial 24 finished with value: 0.9 and parameters: {'n_estimators': 368, 'max_depth': 5, 'min_samples_split': 4, 'min_samples_leaf': 2}. Best is trial 3 with value: 0.95.
[I 2026-04-09 19:15:23,591] Trial 25 finished with value: 0.95 and parameters: {'n_estimators': 305, 'max_depth': 7, 'min_samples_split': 8, 'min_samples_leaf': 5}. Best is trial 3 with value: 0.95.
[I 2026-04-09 19:15:24,103] Trial 26 finished with value: 0.95 and parameters: {'n_estimators': 419, 'max_depth': 4, 'min_samples_split': 2, 'min_samples_leaf': 3}. Best is trial 3 with value: 0.95.
[I 2026-04-09 19:15:24,427] Trial 27 finished with value: 0.95 and parameters: {'n_estimators': 262, 'max_depth': 6, 'min_samples_split': 6, 'min_samples_leaf': 1}. Best is trial 3 with value: 0.95.
[I 2026-04-09 19:15:24,980] Trial 28 finished with value: 0.9 and parameters: {'n_estimators': 469, 'max_depth': 4, 'min_samples_split': 9, 'min_samples_leaf': 4}. Best is trial 3 with value: 0.95.
[I 2026-04-09 19:15:25,241] Trial 29 finished with value: 0.9 and parameters: {'n_estimators': 196, 'max_depth': 10, 'min_samples_split': 3, 'min_samples_leaf': 2}. Best is trial 3 with value: 0.95.
[I 2026-04-09 19:15:28,383] A new study created in memory with name: mlp
[I 2026-04-09 19:15:28,421] Trial 0 finished with value: 0.75 and parameters: {'hidden_layer_sizes': (200,), 'max_iter': 50, 'alpha': 0.001}. Best is trial 0 with value: 0.75.
[I 2026-04-09 19:15:28,474] Trial 1 finished with value: 0.7 and parameters: {'hidden_layer_sizes': (100,), 'max_iter': 100, 'alpha': 0.0001}. Best is trial 0 with value: 0.75.
[I 2026-04-09 19:15:28,518] Trial 2 finished with value: 0.7 and parameters: {'hidden_layer_sizes': (100,), 'max_iter': 100, 'alpha': 0.001}. Best is trial 0 with value: 0.75.
[I 2026-04-09 19:15:28,552] Trial 3 finished with value: 0.7 and parameters: {'hidden_layer_sizes': (200,), 'max_iter': 50, 'alpha': 0.001}. Best is trial 0 with value: 0.75.
[I 2026-04-09 19:15:28,616] Trial 4 finished with value: 0.75 and parameters: {'hidden_layer_sizes': (100,), 'max_iter': 100, 'alpha': 0.0001}. Best is trial 0 with value: 0.75.
[I 2026-04-09 19:15:28,688] Trial 5 finished with value: 0.8 and parameters: {'hidden_layer_sizes': (100,), 'max_iter': 100, 'alpha': 0.001}. Best is trial 5 with value: 0.8.
[I 2026-04-09 19:15:28,733] Trial 6 finished with value: 0.75 and parameters: {'hidden_layer_sizes': (200,), 'max_iter': 100, 'alpha': 0.001}. Best is trial 5 with value: 0.8.
[I 2026-04-09 19:15:28,788] Trial 7 finished with value: 0.65 and parameters: {'hidden_layer_sizes': (200,), 'max_iter': 100, 'alpha': 0.001}. Best is trial 5 with value: 0.8.
[I 2026-04-09 19:15:28,842] Trial 8 finished with value: 0.7 and parameters: {'hidden_layer_sizes': (100,), 'max_iter': 100, 'alpha': 0.001}. Best is trial 5 with value: 0.8.
[I 2026-04-09 19:15:28,879] Trial 9 finished with value: 0.65 and parameters: {'hidden_layer_sizes': (100,), 'max_iter': 50, 'alpha': 0.001}. Best is trial 5 with value: 0.8.
[I 2026-04-09 19:15:28,914] Trial 10 finished with value: 0.65 and parameters: {'hidden_layer_sizes': (100, 100), 'max_iter': 50, 'alpha': 0.0001}. Best is trial 5 with value: 0.8.
[I 2026-04-09 19:15:28,958] Trial 11 finished with value: 0.65 and parameters: {'hidden_layer_sizes': (100, 100), 'max_iter': 50, 'alpha': 0.001}. Best is trial 5 with value: 0.8.
[I 2026-04-09 19:15:28,993] Trial 12 finished with value: 0.65 and parameters: {'hidden_layer_sizes': (200,), 'max_iter': 50, 'alpha': 0.001}. Best is trial 5 with value: 0.8.
[I 2026-04-09 19:15:29,027] Trial 13 finished with value: 0.65 and parameters: {'hidden_layer_sizes': (200,), 'max_iter': 50, 'alpha': 0.001}. Best is trial 5 with value: 0.8.
[I 2026-04-09 19:15:29,090] Trial 14 finished with value: 0.7 and parameters: {'hidden_layer_sizes': (100, 100), 'max_iter': 100, 'alpha': 0.0001}. Best is trial 5 with value: 0.8.
[I 2026-04-09 19:15:29,127] Trial 15 finished with value: 0.65 and parameters: {'hidden_layer_sizes': (100,), 'max_iter': 50, 'alpha': 0.001}. Best is trial 5 with value: 0.8.
[I 2026-04-09 19:15:29,175] Trial 16 finished with value: 0.65 and parameters: {'hidden_layer_sizes': (200,), 'max_iter': 100, 'alpha': 0.001}. Best is trial 5 with value: 0.8.
[I 2026-04-09 19:15:29,224] Trial 17 finished with value: 0.75 and parameters: {'hidden_layer_sizes': (200,), 'max_iter': 50, 'alpha': 0.001}. Best is trial 5 with value: 0.8.
[I 2026-04-09 19:15:29,282] Trial 18 finished with value: 0.65 and parameters: {'hidden_layer_sizes': (100,), 'max_iter': 100, 'alpha': 0.0001}. Best is trial 5 with value: 0.8.
[I 2026-04-09 19:15:29,318] Trial 19 finished with value: 0.6 and parameters: {'hidden_layer_sizes': (100, 100), 'max_iter': 50, 'alpha': 0.001}. Best is trial 5 with value: 0.8.
[I 2026-04-09 19:15:29,368] Trial 20 finished with value: 0.7 and parameters: {'hidden_layer_sizes': (200,), 'max_iter': 100, 'alpha': 0.001}. Best is trial 5 with value: 0.8.
[I 2026-04-09 19:15:29,405] Trial 21 finished with value: 0.7 and parameters: {'hidden_layer_sizes': (100,), 'max_iter': 100, 'alpha': 0.0001}. Best is trial 5 with value: 0.8.
[I 2026-04-09 19:15:29,450] Trial 22 finished with value: 0.75 and parameters: {'hidden_layer_sizes': (100,), 'max_iter': 100, 'alpha': 0.0001}. Best is trial 5 with value: 0.8.
[I 2026-04-09 19:15:29,494] Trial 23 finished with value: 0.75 and parameters: {'hidden_layer_sizes': (100,), 'max_iter': 100, 'alpha': 0.0001}. Best is trial 5 with value: 0.8.
[I 2026-04-09 19:15:29,543] Trial 24 finished with value: 0.7 and parameters: {'hidden_layer_sizes': (100,), 'max_iter': 100, 'alpha': 0.0001}. Best is trial 5 with value: 0.8.
[I 2026-04-09 19:15:29,598] Trial 25 finished with value: 0.65 and parameters: {'hidden_layer_sizes': (100,), 'max_iter': 100, 'alpha': 0.0001}. Best is trial 5 with value: 0.8.
[I 2026-04-09 19:15:29,638] Trial 26 finished with value: 0.65 and parameters: {'hidden_layer_sizes': (100,), 'max_iter': 50, 'alpha': 0.0001}. Best is trial 5 with value: 0.8.
[I 2026-04-09 19:15:29,686] Trial 27 finished with value: 0.65 and parameters: {'hidden_layer_sizes': (100,), 'max_iter': 100, 'alpha': 0.001}. Best is trial 5 with value: 0.8.
[I 2026-04-09 19:15:29,732] Trial 28 finished with value: 0.7 and parameters: {'hidden_layer_sizes': (100, 100), 'max_iter': 50, 'alpha': 0.0001}. Best is trial 5 with value: 0.8.
[I 2026-04-09 19:15:29,776] Trial 29 finished with value: 0.65 and parameters: {'hidden_layer_sizes': (200,), 'max_iter': 100, 'alpha': 0.0001}. Best is trial 5 with value: 0.8.
[I 2026-04-09 19:33:27,800] A new study created in memory with name: naive_bayes
Parámetros guardados en checkpoint_paysim_Doriginal_I/random/IPC_10/best_models_random_seed_5_space_original/naive_bayes_best_params.json


>>> Optuna tuning logreg metodo random IPC 10 seed 5


Parámetros guardados en checkpoint_paysim_Doriginal_I/random/IPC_10/best_models_random_seed_5_space_original/logreg_best_params.json


>>> Optuna tuning knn metodo random IPC 10 seed 5


Parámetros guardados en checkpoint_paysim_Doriginal_I/random/IPC_10/best_models_random_seed_5_space_original/knn_best_params.json


>>> Optuna tuning xgb metodo random IPC 10 seed 5


Parámetros guardados en checkpoint_paysim_Doriginal_I/random/IPC_10/best_models_random_seed_5_space_original/xgb_best_params.json


>>> Optuna tuning rf metodo random IPC 10 seed 5


Parámetros guardados en checkpoint_paysim_Doriginal_I/random/IPC_10/best_models_random_seed_5_space_original/rf_best_params.json


>>> Optuna tuning mlp metodo random IPC 10 seed 5


Parámetros guardados en checkpoint_paysim_Doriginal_I/random/IPC_10/best_models_random_seed_5_space_original/mlp_best_params.json


>>> Optuna tuning naive_bayes metodo k-means IPC 10 seed 5


Parámetros guardados en checkpoint_paysim_Doriginal_I/k-means/IPC_10/best_models_k-means_seed_5_space_original/naive_bayes_best_params.json


>>> Optuna tuning logreg metodo k-means IPC 10 seed 5


Parámetros guardados en checkpoint_paysim_Doriginal_I/k-means/IPC_10/best_models_k-means_seed_5_space_original/logreg_best_params.json


>>> Optuna tuning knn metodo k-means IPC 10 seed 5


Parámetros guardados en checkpoint_paysim_Doriginal_I/k-means/IPC_10/best_models_k-means_seed_5_space_original/knn_best_params.json


>>> Optuna tuning xgb metodo k-means IPC 10 seed 5


Parámetros guardados en checkpoint_paysim_Doriginal_I/k-means/IPC_10/best_models_k-means_seed_5_space_original/xgb_best_params.json


>>> Optuna tuning rf metodo k-means IPC 10 seed 5


Parámetros guardados en checkpoint_paysim_Doriginal_I/k-means/IPC_10/best_models_k-means_seed_5_space_original/rf_best_params.json


>>> Optuna tuning mlp metodo k-means IPC 10 seed 5


Parámetros guardados en checkpoint_paysim_Doriginal_I/k-means/IPC_10/best_models_k-means_seed_5_space_original/mlp_best_params.json


>>> Optuna tuning naive_bayes metodo ag IPC 10 seed 5


[I 2026-04-09 19:33:30,812] Trial 0 finished with value: 0.75 and parameters: {'var_smoothing': 2.7796258518939306e-10}. Best is trial 0 with value: 0.75.
[I 2026-04-09 19:33:33,343] Trial 1 finished with value: 0.75 and parameters: {'var_smoothing': 5.513972710118387e-09}. Best is trial 0 with value: 0.75.
[I 2026-04-09 19:33:36,123] Trial 2 finished with value: 0.75 and parameters: {'var_smoothing': 2.590826381512706e-10}. Best is trial 0 with value: 0.75.
[I 2026-04-09 19:33:38,764] Trial 3 finished with value: 0.75 and parameters: {'var_smoothing': 6.874194498027403e-09}. Best is trial 0 with value: 0.75.
