[I 2026-04-07 01:02:54,995] Trial 14 finished with value: 0.8 and parameters: {'C': 0.004204976475301702, 'penalty': 'l2'}. Best is trial 0 with value: 0.85.
[I 2026-04-07 01:02:55,026] Trial 15 finished with value: 0.85 and parameters: {'C': 0.08940155280126451, 'penalty': 'l2'}. Best is trial 0 with value: 0.85.
[I 2026-04-07 01:02:55,057] Trial 16 finished with value: 0.85 and parameters: {'C': 0.006546178987596756, 'penalty': 'l2'}. Best is trial 0 with value: 0.85.
[I 2026-04-07 01:02:55,087] Trial 17 finished with value: 0.7 and parameters: {'C': 1.4752552821847151, 'penalty': 'l2'}. Best is trial 0 with value: 0.85.
[I 2026-04-07 01:02:55,113] Trial 18 finished with value: 0.85 and parameters: {'C': 0.02888779259712015, 'penalty': 'l2'}. Best is trial 0 with value: 0.85.
[I 2026-04-07 01:02:55,133] Trial 19 finished with value: 0.8 and parameters: {'C': 0.002520448080692226, 'penalty': 'l2'}. Best is trial 0 with value: 0.85.
[I 2026-04-07 01:02:55,152] Trial 20 finished with value: 0.85 and parameters: {'C': 0.12777586739131547, 'penalty': 'l2'}. Best is trial 0 with value: 0.85.
[I 2026-04-07 01:02:55,182] Trial 21 finished with value: 0.85 and parameters: {'C': 0.3544625185515465, 'penalty': 'l2'}. Best is trial 0 with value: 0.85.
[I 2026-04-07 01:02:55,208] Trial 22 finished with value: 0.85 and parameters: {'C': 0.011098586823166496, 'penalty': 'l2'}. Best is trial 0 with value: 0.85.
[I 2026-04-07 01:02:55,234] Trial 23 finished with value: 0.7 and parameters: {'C': 1.298341606957116, 'penalty': 'l2'}. Best is trial 0 with value: 0.85.
[I 2026-04-07 01:02:55,274] Trial 24 finished with value: 0.7 and parameters: {'C': 4.412682870894855, 'penalty': 'l2'}. Best is trial 0 with value: 0.85.
[I 2026-04-07 01:02:55,295] Trial 25 finished with value: 0.85 and parameters: {'C': 0.1656127889351, 'penalty': 'l2'}. Best is trial 0 with value: 0.85.
[I 2026-04-07 01:02:55,323] Trial 26 finished with value: 0.85 and parameters: {'C': 0.05093856596881973, 'penalty': 'l2'}. Best is trial 0 with value: 0.85.
[I 2026-04-07 01:02:55,351] Trial 27 finished with value: 0.85 and parameters: {'C': 0.015056548147890033, 'penalty': 'l2'}. Best is trial 0 with value: 0.85.
[I 2026-04-07 01:02:55,369] Trial 28 finished with value: 0.8 and parameters: {'C': 0.0030790213740075375, 'penalty': 'l2'}. Best is trial 0 with value: 0.85.
[I 2026-04-07 01:02:55,406] Trial 29 finished with value: 0.7 and parameters: {'C': 87.43511457459678, 'penalty': 'l2'}. Best is trial 0 with value: 0.85.
[I 2026-04-07 01:02:56,287] A new study created in memory with name: knn
[I 2026-04-07 01:02:56,301] Trial 0 finished with value: 0.8 and parameters: {'n_neighbors': 4, 'leaf_size': 38, 'p': 2}. Best is trial 0 with value: 0.8.
[I 2026-04-07 01:02:56,315] Trial 1 finished with value: 0.8 and parameters: {'n_neighbors': 6, 'leaf_size': 32, 'p': 1}. Best is trial 0 with value: 0.8.
[I 2026-04-07 01:02:56,328] Trial 2 finished with value: 0.8 and parameters: {'n_neighbors': 5, 'leaf_size': 23, 'p': 2}. Best is trial 0 with value: 0.8.
[I 2026-04-07 01:02:56,342] Trial 3 finished with value: 0.8 and parameters: {'n_neighbors': 6, 'leaf_size': 23, 'p': 1}. Best is trial 0 with value: 0.8.
[I 2026-04-07 01:02:56,356] Trial 4 finished with value: 0.8 and parameters: {'n_neighbors': 6, 'leaf_size': 26, 'p': 1}. Best is trial 0 with value: 0.8.
[I 2026-04-07 01:02:56,380] Trial 5 finished with value: 0.75 and parameters: {'n_neighbors': 7, 'leaf_size': 25, 'p': 1}. Best is trial 0 with value: 0.8.
[I 2026-04-07 01:02:56,394] Trial 6 finished with value: 0.8 and parameters: {'n_neighbors': 5, 'leaf_size': 23, 'p': 2}. Best is trial 0 with value: 0.8.
[I 2026-04-07 01:02:56,427] Trial 7 finished with value: 0.75 and parameters: {'n_neighbors': 10, 'leaf_size': 23, 'p': 2}. Best is trial 0 with value: 0.8.
[I 2026-04-07 01:02:56,472] Trial 8 finished with value: 0.8 and parameters: {'n_neighbors': 8, 'leaf_size': 36, 'p': 2}. Best is trial 0 with value: 0.8.
[I 2026-04-07 01:02:56,498] Trial 9 finished with value: 0.8 and parameters: {'n_neighbors': 3, 'leaf_size': 30, 'p': 2}. Best is trial 0 with value: 0.8.
[I 2026-04-07 01:02:56,531] Trial 10 finished with value: 0.8 and parameters: {'n_neighbors': 3, 'leaf_size': 40, 'p': 2}. Best is trial 0 with value: 0.8.
[I 2026-04-07 01:02:56,554] Trial 11 finished with value: 0.8 and parameters: {'n_neighbors': 4, 'leaf_size': 35, 'p': 1}. Best is trial 0 with value: 0.8.
[I 2026-04-07 01:02:56,600] Trial 12 finished with value: 0.8 and parameters: {'n_neighbors': 8, 'leaf_size': 33, 'p': 1}. Best is trial 0 with value: 0.8.
[I 2026-04-07 01:02:56,637] Trial 13 finished with value: 0.8 and parameters: {'n_neighbors': 4, 'leaf_size': 40, 'p': 1}. Best is trial 0 with value: 0.8.
[I 2026-04-07 01:02:56,662] Trial 14 finished with value: 0.8 and parameters: {'n_neighbors': 5, 'leaf_size': 30, 'p': 2}. Best is trial 0 with value: 0.8.
[I 2026-04-07 01:02:56,687] Trial 15 finished with value: 0.75 and parameters: {'n_neighbors': 7, 'leaf_size': 37, 'p': 1}. Best is trial 0 with value: 0.8.
[I 2026-04-07 01:02:56,728] Trial 16 finished with value: 0.75 and parameters: {'n_neighbors': 10, 'leaf_size': 31, 'p': 2}. Best is trial 0 with value: 0.8.
[I 2026-04-07 01:02:56,754] Trial 17 finished with value: 0.8 and parameters: {'n_neighbors': 4, 'leaf_size': 38, 'p': 1}. Best is trial 0 with value: 0.8.
[I 2026-04-07 01:02:56,797] Trial 18 finished with value: 0.8 and parameters: {'n_neighbors': 8, 'leaf_size': 34, 'p': 2}. Best is trial 0 with value: 0.8.
[I 2026-04-07 01:02:56,820] Trial 19 finished with value: 0.8 and parameters: {'n_neighbors': 6, 'leaf_size': 28, 'p': 1}. Best is trial 0 with value: 0.8.
[I 2026-04-07 01:02:56,843] Trial 20 finished with value: 0.7 and parameters: {'n_neighbors': 9, 'leaf_size': 32, 'p': 1}. Best is trial 0 with value: 0.8.
[I 2026-04-07 01:02:56,878] Trial 21 finished with value: 0.8 and parameters: {'n_neighbors': 5, 'leaf_size': 20, 'p': 2}. Best is trial 0 with value: 0.8.
[I 2026-04-07 01:02:56,913] Trial 22 finished with value: 0.8 and parameters: {'n_neighbors': 5, 'leaf_size': 27, 'p': 2}. Best is trial 0 with value: 0.8.
[I 2026-04-07 01:02:56,947] Trial 23 finished with value: 0.8 and parameters: {'n_neighbors': 4, 'leaf_size': 28, 'p': 2}. Best is trial 0 with value: 0.8.
[I 2026-04-07 01:02:56,975] Trial 24 finished with value: 0.8 and parameters: {'n_neighbors': 3, 'leaf_size': 21, 'p': 2}. Best is trial 0 with value: 0.8.
[I 2026-04-07 01:02:56,999] Trial 25 finished with value: 0.8 and parameters: {'n_neighbors': 6, 'leaf_size': 38, 'p': 2}. Best is trial 0 with value: 0.8.
[I 2026-04-07 01:02:57,024] Trial 26 finished with value: 0.8 and parameters: {'n_neighbors': 5, 'leaf_size': 34, 'p': 2}. Best is trial 0 with value: 0.8.
[I 2026-04-07 01:02:57,051] Trial 27 finished with value: 0.8 and parameters: {'n_neighbors': 7, 'leaf_size': 32, 'p': 2}. Best is trial 0 with value: 0.8.
[I 2026-04-07 01:02:57,074] Trial 28 finished with value: 0.8 and parameters: {'n_neighbors': 4, 'leaf_size': 25, 'p': 1}. Best is trial 0 with value: 0.8.
[I 2026-04-07 01:02:57,100] Trial 29 finished with value: 0.8 and parameters: {'n_neighbors': 6, 'leaf_size': 29, 'p': 1}. Best is trial 0 with value: 0.8.
[I 2026-04-07 01:02:58,211] A new study created in memory with name: xgb
[I 2026-04-07 01:02:58,237] Trial 0 finished with value: 0.85 and parameters: {'n_estimators': 40, 'max_depth': 5, 'gamma': 0.789317070832284, 'subsample': 0.7592089939364717, 'colsample_bytree': 0.648400250788111}. Best is trial 0 with value: 0.85.
[I 2026-04-07 01:02:58,275] Trial 1 finished with value: 0.9 and parameters: {'n_estimators': 100, 'max_depth': 30, 'gamma': 0.34667781579300216, 'subsample': 0.7071175095405257, 'colsample_bytree': 0.6480399663668239}. Best is trial 1 with value: 0.9.
[I 2026-04-07 01:02:58,303] Trial 2 finished with value: 0.8 and parameters: {'n_estimators': 10, 'max_depth': 20, 'gamma': 0.3948075529198607, 'subsample': 0.5720821503267102, 'colsample_bytree': 0.5828064306006338}. Best is trial 1 with value: 0.9.
[I 2026-04-07 01:02:58,330] Trial 3 finished with value: 0.9 and parameters: {'n_estimators': 10, 'max_depth': 30, 'gamma': 0.8015631269999768, 'subsample': 0.5114665462195407, 'colsample_bytree': 0.788831429064878}. Best is trial 1 with value: 0.9.
[I 2026-04-07 01:02:58,367] Trial 4 finished with value: 0.9 and parameters: {'n_estimators': 100, 'max_depth': 5, 'gamma': 0.8834347783013348, 'subsample': 0.961374806972835, 'colsample_bytree': 0.5011071062662218}. Best is trial 1 with value: 0.9.
[I 2026-04-07 01:02:58,394] Trial 5 finished with value: 0.9 and parameters: {'n_estimators': 40, 'max_depth': 5, 'gamma': 0.5364379674896123, 'subsample': 0.5145557818363589, 'colsample_bytree': 0.5432628442011025}. Best is trial 1 with value: 0.9.
[I 2026-04-07 01:02:58,433] Trial 6 finished with value: 0.9 and parameters: {'n_estimators': 100, 'max_depth': 20, 'gamma': 0.6718205850237038, 'subsample': 0.9059511955902053, 'colsample_bytree': 0.9633413076219371}. Best is trial 1 with value: 0.9.
[I 2026-04-07 01:02:58,461] Trial 7 finished with value: 0.8 and parameters: {'n_estimators': 10, 'max_depth': 30, 'gamma': 0.8165284487704038, 'subsample': 0.5255714015506736, 'colsample_bytree': 0.594333867896554}. Best is trial 1 with value: 0.9.
[I 2026-04-07 01:02:58,489] Trial 8 finished with value: 0.9 and parameters: {'n_estimators': 100, 'max_depth': 20, 'gamma': 0.6251497693480509, 'subsample': 0.9696496759824258, 'colsample_bytree': 0.9717700410079397}. Best is trial 1 with value: 0.9.
[I 2026-04-07 01:02:58,516] Trial 9 finished with value: 0.9 and parameters: {'n_estimators': 40, 'max_depth': 30, 'gamma': 0.9649927737686168, 'subsample': 0.6857563076640036, 'colsample_bytree': 0.5061847058001788}. Best is trial 1 with value: 0.9.
[I 2026-04-07 01:02:58,563] Trial 10 finished with value: 0.9 and parameters: {'n_estimators': 100, 'max_depth': 30, 'gamma': 0.14652420766939808, 'subsample': 0.7882149445367822, 'colsample_bytree': 0.774073623852926}. Best is trial 1 with value: 0.9.
[I 2026-04-07 01:02:58,602] Trial 11 finished with value: 0.9 and parameters: {'n_estimators': 10, 'max_depth': 30, 'gamma': 0.3599371982830902, 'subsample': 0.6388052294316233, 'colsample_bytree': 0.7624958078002945}. Best is trial 1 with value: 0.9.
[I 2026-04-07 01:02:58,638] Trial 12 finished with value: 0.9 and parameters: {'n_estimators': 10, 'max_depth': 30, 'gamma': 0.18613625008087603, 'subsample': 0.827111805098505, 'colsample_bytree': 0.8587660483806303}. Best is trial 1 with value: 0.9.
[I 2026-04-07 01:02:58,677] Trial 13 finished with value: 0.9 and parameters: {'n_estimators': 100, 'max_depth': 30, 'gamma': 0.41200615369190285, 'subsample': 0.6505081011674809, 'colsample_bytree': 0.6906467854543743}. Best is trial 1 with value: 0.9.
[I 2026-04-07 01:02:58,710] Trial 14 finished with value: 0.9 and parameters: {'n_estimators': 10, 'max_depth': 30, 'gamma': 0.2409007967230276, 'subsample': 0.7124568316506958, 'colsample_bytree': 0.8043403901152875}. Best is trial 1 with value: 0.9.
[I 2026-04-07 01:02:58,748] Trial 15 finished with value: 0.85 and parameters: {'n_estimators': 100, 'max_depth': 30, 'gamma': 0.5549594265687077, 'subsample': 0.5876565548196034, 'colsample_bytree': 0.6877103829957787}. Best is trial 1 with value: 0.9.
[I 2026-04-07 01:02:58,788] Trial 16 finished with value: 0.9 and parameters: {'n_estimators': 10, 'max_depth': 30, 'gamma': 0.28348273058911083, 'subsample': 0.8524812066713607, 'colsample_bytree': 0.8627430864016015}. Best is trial 1 with value: 0.9.
[I 2026-04-07 01:02:58,826] Trial 17 finished with value: 0.9 and parameters: {'n_estimators': 100, 'max_depth': 30, 'gamma': 0.7280675696012222, 'subsample': 0.5912342011283165, 'colsample_bytree': 0.7094222586313255}. Best is trial 1 with value: 0.9.
[I 2026-04-07 01:02:58,865] Trial 18 finished with value: 0.9 and parameters: {'n_estimators': 10, 'max_depth': 20, 'gamma': 0.4963494240624494, 'subsample': 0.7137413762074579, 'colsample_bytree': 0.846446412956568}. Best is trial 1 with value: 0.9.
[I 2026-04-07 01:02:58,902] Trial 19 finished with value: 0.85 and parameters: {'n_estimators': 40, 'max_depth': 5, 'gamma': 0.9836028138821922, 'subsample': 0.6385018241519915, 'colsample_bytree': 0.6307828469140474}. Best is trial 1 with value: 0.9.
[I 2026-04-07 01:02:58,941] Trial 20 finished with value: 0.9 and parameters: {'n_estimators': 100, 'max_depth': 30, 'gamma': 0.45877778302962907, 'subsample': 0.8750071176083247, 'colsample_bytree': 0.9172906235380884}. Best is trial 1 with value: 0.9.
[I 2026-04-07 01:02:58,978] Trial 21 finished with value: 0.9 and parameters: {'n_estimators': 100, 'max_depth': 5, 'gamma': 0.8860397150736409, 'subsample': 0.9838309308823413, 'colsample_bytree': 0.5078040578333631}. Best is trial 1 with value: 0.9.
[I 2026-04-07 01:02:59,027] Trial 22 finished with value: 0.9 and parameters: {'n_estimators': 100, 'max_depth': 5, 'gamma': 0.8807499017560616, 'subsample': 0.9223466501394705, 'colsample_bytree': 0.7313431755998676}. Best is trial 1 with value: 0.9.
[I 2026-04-07 01:02:59,065] Trial 23 finished with value: 0.85 and parameters: {'n_estimators': 100, 'max_depth': 5, 'gamma': 0.7494532712822737, 'subsample': 0.7978559669538499, 'colsample_bytree': 0.6502216415495798}. Best is trial 1 with value: 0.9.
[I 2026-04-07 01:02:59,102] Trial 24 finished with value: 0.85 and parameters: {'n_estimators': 100, 'max_depth': 5, 'gamma': 0.8714569967306977, 'subsample': 0.7443781186383074, 'colsample_bytree': 0.574547642760475}. Best is trial 1 with value: 0.9.
[I 2026-04-07 01:02:59,142] Trial 25 finished with value: 0.9 and parameters: {'n_estimators': 10, 'max_depth': 5, 'gamma': 0.5997550141378573, 'subsample': 0.5534542003973405, 'colsample_bytree': 0.7967496726712495}. Best is trial 1 with value: 0.9.
[I 2026-04-07 01:02:59,179] Trial 26 finished with value: 0.85 and parameters: {'n_estimators': 100, 'max_depth': 30, 'gamma': 0.31755066166863544, 'subsample': 0.9445706150672625, 'colsample_bytree': 0.5502718003741928}. Best is trial 1 with value: 0.9.
[I 2026-04-07 01:02:59,228] Trial 27 finished with value: 0.85 and parameters: {'n_estimators': 100, 'max_depth': 5, 'gamma': 0.6976072007411938, 'subsample': 0.5007300819980594, 'colsample_bytree': 0.6212938715697865}. Best is trial 1 with value: 0.9.
[I 2026-04-07 01:02:59,267] Trial 28 finished with value: 0.9 and parameters: {'n_estimators': 40, 'max_depth': 20, 'gamma': 0.8166091489973988, 'subsample': 0.9987048615397089, 'colsample_bytree': 0.9040333679001957}. Best is trial 1 with value: 0.9.
[I 2026-04-07 01:02:59,305] Trial 29 finished with value: 0.85 and parameters: {'n_estimators': 10, 'max_depth': 30, 'gamma': 0.9434195493974739, 'subsample': 0.758911989053303, 'colsample_bytree': 0.6649844052617593}. Best is trial 1 with value: 0.9.
[I 2026-04-07 01:03:00,209] A new study created in memory with name: rf
[I 2026-04-07 01:03:00,414] Trial 0 finished with value: 0.5 and parameters: {'n_estimators': 189, 'max_depth': 18, 'min_samples_split': 3, 'min_samples_leaf': 10}. Best is trial 0 with value: 0.5.
[I 2026-04-07 01:03:00,764] Trial 1 finished with value: 0.95 and parameters: {'n_estimators': 295, 'max_depth': 14, 'min_samples_split': 8, 'min_samples_leaf': 6}. Best is trial 1 with value: 0.95.
[I 2026-04-07 01:03:01,002] Trial 2 finished with value: 0.5 and parameters: {'n_estimators': 219, 'max_depth': 6, 'min_samples_split': 2, 'min_samples_leaf': 8}. Best is trial 1 with value: 0.95.
[I 2026-04-07 01:03:01,341] Trial 3 finished with value: 0.85 and parameters: {'n_estimators': 276, 'max_depth': 5, 'min_samples_split': 9, 'min_samples_leaf': 3}. Best is trial 1 with value: 0.95.
[I 2026-04-07 01:03:01,619] Trial 4 finished with value: 0.9 and parameters: {'n_estimators': 266, 'max_depth': 8, 'min_samples_split': 7, 'min_samples_leaf': 6}. Best is trial 1 with value: 0.95.
[I 2026-04-07 01:03:01,957] Trial 5 finished with value: 0.9 and parameters: {'n_estimators': 340, 'max_depth': 7, 'min_samples_split': 4, 'min_samples_leaf': 3}. Best is trial 1 with value: 0.95.
[I 2026-04-07 01:03:02,233] Trial 6 finished with value: 0.5 and parameters: {'n_estimators': 231, 'max_depth': 5, 'min_samples_split': 3, 'min_samples_leaf': 10}. Best is trial 1 with value: 0.95.
[I 2026-04-07 01:03:02,743] Trial 7 finished with value: 0.9 and parameters: {'n_estimators': 485, 'max_depth': 6, 'min_samples_split': 2, 'min_samples_leaf': 3}. Best is trial 1 with value: 0.95.
[I 2026-04-07 01:03:03,175] Trial 8 finished with value: 0.8 and parameters: {'n_estimators': 380, 'max_depth': 17, 'min_samples_split': 2, 'min_samples_leaf': 6}. Best is trial 1 with value: 0.95.
[I 2026-04-07 01:03:03,343] Trial 9 finished with value: 0.5 and parameters: {'n_estimators': 100, 'max_depth': 12, 'min_samples_split': 7, 'min_samples_leaf': 10}. Best is trial 1 with value: 0.95.
[I 2026-04-07 01:03:03,838] Trial 10 finished with value: 0.8 and parameters: {'n_estimators': 446, 'max_depth': 13, 'min_samples_split': 10, 'min_samples_leaf': 5}. Best is trial 1 with value: 0.95.
[I 2026-04-07 01:03:04,241] Trial 11 finished with value: 1.0 and parameters: {'n_estimators': 305, 'max_depth': 10, 'min_samples_split': 7, 'min_samples_leaf': 6}. Best is trial 11 with value: 1.0.
[I 2026-04-07 01:03:04,648] Trial 12 finished with value: 0.5 and parameters: {'n_estimators': 351, 'max_depth': 14, 'min_samples_split': 8, 'min_samples_leaf': 7}. Best is trial 11 with value: 1.0.
[I 2026-04-07 01:03:05,083] Trial 13 finished with value: 0.85 and parameters: {'n_estimators': 406, 'max_depth': 10, 'min_samples_split': 5, 'min_samples_leaf': 1}. Best is trial 11 with value: 1.0.
[I 2026-04-07 01:03:05,418] Trial 14 finished with value: 0.5 and parameters: {'n_estimators': 313, 'max_depth': 15, 'min_samples_split': 6, 'min_samples_leaf': 8}. Best is trial 11 with value: 1.0.
[I 2026-04-07 01:03:05,635] Trial 15 finished with value: 0.8 and parameters: {'n_estimators': 153, 'max_depth': 20, 'min_samples_split': 8, 'min_samples_leaf': 5}. Best is trial 11 with value: 1.0.
[I 2026-04-07 01:03:06,032] Trial 16 finished with value: 0.9 and parameters: {'n_estimators': 302, 'max_depth': 10, 'min_samples_split': 10, 'min_samples_leaf': 4}. Best is trial 11 with value: 1.0.
[I 2026-04-07 01:03:06,333] Trial 17 finished with value: 0.5 and parameters: {'n_estimators': 250, 'max_depth': 10, 'min_samples_split': 6, 'min_samples_leaf': 8}. Best is trial 11 with value: 1.0.
[I 2026-04-07 01:03:06,817] Trial 18 finished with value: 0.5 and parameters: {'n_estimators': 409, 'max_depth': 16, 'min_samples_split': 8, 'min_samples_leaf': 7}. Best is trial 11 with value: 1.0.
[I 2026-04-07 01:03:07,192] Trial 19 finished with value: 0.9 and parameters: {'n_estimators': 343, 'max_depth': 9, 'min_samples_split': 7, 'min_samples_leaf': 1}. Best is trial 11 with value: 1.0.
[I 2026-04-07 01:03:07,435] Trial 20 finished with value: 0.9 and parameters: {'n_estimators': 181, 'max_depth': 3, 'min_samples_split': 9, 'min_samples_leaf': 4}. Best is trial 11 with value: 1.0.
[I 2026-04-07 01:03:07,782] Trial 21 finished with value: 0.8 and parameters: {'n_estimators': 279, 'max_depth': 8, 'min_samples_split': 7, 'min_samples_leaf': 6}. Best is trial 11 with value: 1.0.
[I 2026-04-07 01:03:08,150] Trial 22 finished with value: 0.5 and parameters: {'n_estimators': 257, 'max_depth': 12, 'min_samples_split': 5, 'min_samples_leaf': 7}. Best is trial 11 with value: 1.0.
[I 2026-04-07 01:03:08,495] Trial 23 finished with value: 0.8 and parameters: {'n_estimators': 315, 'max_depth': 11, 'min_samples_split': 7, 'min_samples_leaf': 6}. Best is trial 11 with value: 1.0.
[I 2026-04-07 01:03:08,769] Trial 24 finished with value: 0.8 and parameters: {'n_estimators': 217, 'max_depth': 14, 'min_samples_split': 9, 'min_samples_leaf': 5}. Best is trial 11 with value: 1.0.
[I 2026-04-07 01:03:09,073] Trial 25 finished with value: 0.5 and parameters: {'n_estimators': 281, 'max_depth': 8, 'min_samples_split': 5, 'min_samples_leaf': 9}. Best is trial 11 with value: 1.0.
[I 2026-04-07 01:03:09,518] Trial 26 finished with value: 0.85 and parameters: {'n_estimators': 380, 'max_depth': 3, 'min_samples_split': 8, 'min_samples_leaf': 4}. Best is trial 11 with value: 1.0.
[I 2026-04-07 01:03:09,936] Trial 27 finished with value: 0.5 and parameters: {'n_estimators': 332, 'max_depth': 13, 'min_samples_split': 6, 'min_samples_leaf': 7}. Best is trial 11 with value: 1.0.
[I 2026-04-07 01:03:10,235] Trial 28 finished with value: 0.85 and parameters: {'n_estimators': 256, 'max_depth': 11, 'min_samples_split': 7, 'min_samples_leaf': 6}. Best is trial 11 with value: 1.0.
[I 2026-04-07 01:03:10,480] Trial 29 finished with value: 0.9 and parameters: {'n_estimators': 185, 'max_depth': 18, 'min_samples_split': 9, 'min_samples_leaf': 5}. Best is trial 11 with value: 1.0.
[I 2026-04-07 01:03:13,659] A new study created in memory with name: mlp
[I 2026-04-07 01:03:13,704] Trial 0 finished with value: 0.65 and parameters: {'hidden_layer_sizes': (200,), 'max_iter': 50, 'alpha': 0.001}. Best is trial 0 with value: 0.65.
[I 2026-04-07 01:03:13,760] Trial 1 finished with value: 0.65 and parameters: {'hidden_layer_sizes': (100,), 'max_iter': 100, 'alpha': 0.0001}. Best is trial 0 with value: 0.65.
[I 2026-04-07 01:03:13,816] Trial 2 finished with value: 0.7 and parameters: {'hidden_layer_sizes': (100,), 'max_iter': 100, 'alpha': 0.001}. Best is trial 2 with value: 0.7.
[I 2026-04-07 01:03:13,861] Trial 3 finished with value: 0.75 and parameters: {'hidden_layer_sizes': (200,), 'max_iter': 50, 'alpha': 0.001}. Best is trial 3 with value: 0.75.
[I 2026-04-07 01:03:13,907] Trial 4 finished with value: 0.7 and parameters: {'hidden_layer_sizes': (100,), 'max_iter': 100, 'alpha': 0.0001}. Best is trial 3 with value: 0.75.
