[I 2026-04-07 02:22:24,570] Trial 6 finished with value: 0.9 and parameters: {'n_estimators': 100, 'max_depth': 20, 'gamma': 0.6718205850237038, 'subsample': 0.9059511955902053, 'colsample_bytree': 0.9633413076219371}. Best is trial 1 with value: 0.9.
[I 2026-04-07 02:22:24,618] Trial 7 finished with value: 0.875 and parameters: {'n_estimators': 10, 'max_depth': 30, 'gamma': 0.8165284487704038, 'subsample': 0.5255714015506736, 'colsample_bytree': 0.594333867896554}. Best is trial 1 with value: 0.9.
[I 2026-04-07 02:22:24,666] Trial 8 finished with value: 0.9 and parameters: {'n_estimators': 100, 'max_depth': 20, 'gamma': 0.6251497693480509, 'subsample': 0.9696496759824258, 'colsample_bytree': 0.9717700410079397}. Best is trial 1 with value: 0.9.
[I 2026-04-07 02:22:24,724] Trial 9 finished with value: 0.95 and parameters: {'n_estimators': 40, 'max_depth': 30, 'gamma': 0.9649927737686168, 'subsample': 0.6857563076640036, 'colsample_bytree': 0.5061847058001788}. Best is trial 9 with value: 0.95.
[I 2026-04-07 02:22:24,785] Trial 10 finished with value: 0.925 and parameters: {'n_estimators': 40, 'max_depth': 30, 'gamma': 0.9862249721904246, 'subsample': 0.685188884228765, 'colsample_bytree': 0.7898330861721071}. Best is trial 9 with value: 0.95.
[I 2026-04-07 02:22:24,843] Trial 11 finished with value: 0.925 and parameters: {'n_estimators': 40, 'max_depth': 30, 'gamma': 0.9966856929320722, 'subsample': 0.6737856969803389, 'colsample_bytree': 0.8097265243812746}. Best is trial 9 with value: 0.95.
[I 2026-04-07 02:22:24,884] Trial 12 finished with value: 0.925 and parameters: {'n_estimators': 40, 'max_depth': 30, 'gamma': 0.9791504846693918, 'subsample': 0.798599775993503, 'colsample_bytree': 0.8595367734947966}. Best is trial 9 with value: 0.95.
[I 2026-04-07 02:22:24,920] Trial 13 finished with value: 0.9 and parameters: {'n_estimators': 40, 'max_depth': 30, 'gamma': 0.15813912455139084, 'subsample': 0.6109744065191631, 'colsample_bytree': 0.6913522837428786}. Best is trial 9 with value: 0.95.
[I 2026-04-07 02:22:24,958] Trial 14 finished with value: 0.9 and parameters: {'n_estimators': 40, 'max_depth': 30, 'gamma': 0.9133130175365703, 'subsample': 0.8246119800394437, 'colsample_bytree': 0.8911802812134388}. Best is trial 9 with value: 0.95.
[I 2026-04-07 02:22:24,997] Trial 15 finished with value: 0.925 and parameters: {'n_estimators': 40, 'max_depth': 30, 'gamma': 0.7104828085275712, 'subsample': 0.662801388410788, 'colsample_bytree': 0.7227029601296806}. Best is trial 9 with value: 0.95.
[I 2026-04-07 02:22:25,036] Trial 16 finished with value: 0.9 and parameters: {'n_estimators': 40, 'max_depth': 30, 'gamma': 0.9938779032665188, 'subsample': 0.6134919979769761, 'colsample_bytree': 0.8810094054474}. Best is trial 9 with value: 0.95.
[I 2026-04-07 02:22:25,072] Trial 17 finished with value: 0.95 and parameters: {'n_estimators': 40, 'max_depth': 30, 'gamma': 0.5292554389847856, 'subsample': 0.741913118130876, 'colsample_bytree': 0.778756778442348}. Best is trial 9 with value: 0.95.
[I 2026-04-07 02:22:25,111] Trial 18 finished with value: 0.875 and parameters: {'n_estimators': 40, 'max_depth': 20, 'gamma': 0.44300954879266374, 'subsample': 0.8419580584863391, 'colsample_bytree': 0.7241612051208073}. Best is trial 9 with value: 0.95.
[I 2026-04-07 02:22:25,152] Trial 19 finished with value: 0.825 and parameters: {'n_estimators': 10, 'max_depth': 5, 'gamma': 0.2539342351500548, 'subsample': 0.7423034483989784, 'colsample_bytree': 0.6501992096700886}. Best is trial 9 with value: 0.95.
[I 2026-04-07 02:22:25,190] Trial 20 finished with value: 0.925 and parameters: {'n_estimators': 40, 'max_depth': 30, 'gamma': 0.536708642322815, 'subsample': 0.767480933423545, 'colsample_bytree': 0.8203270832519107}. Best is trial 9 with value: 0.95.
[I 2026-04-07 02:22:25,228] Trial 21 finished with value: 0.925 and parameters: {'n_estimators': 40, 'max_depth': 30, 'gamma': 0.6071869502876905, 'subsample': 0.6949447566209175, 'colsample_bytree': 0.7725216593179544}. Best is trial 9 with value: 0.95.
[I 2026-04-07 02:22:25,268] Trial 22 finished with value: 0.925 and parameters: {'n_estimators': 40, 'max_depth': 30, 'gamma': 0.8924917255929916, 'subsample': 0.6244894518791958, 'colsample_bytree': 0.7441217232319499}. Best is trial 9 with value: 0.95.
[I 2026-04-07 02:22:25,306] Trial 23 finished with value: 0.95 and parameters: {'n_estimators': 40, 'max_depth': 30, 'gamma': 0.7443216569809239, 'subsample': 0.7344937904081121, 'colsample_bytree': 0.8377101531443852}. Best is trial 9 with value: 0.95.
[I 2026-04-07 02:22:25,343] Trial 24 finished with value: 0.925 and parameters: {'n_estimators': 40, 'max_depth': 30, 'gamma': 0.7167681148277982, 'subsample': 0.885284120110087, 'colsample_bytree': 0.8376296429573252}. Best is trial 9 with value: 0.95.
[I 2026-04-07 02:22:25,383] Trial 25 finished with value: 0.925 and parameters: {'n_estimators': 40, 'max_depth': 30, 'gamma': 0.45278867724881056, 'subsample': 0.7288758562841386, 'colsample_bytree': 0.9231297263663304}. Best is trial 9 with value: 0.95.
[I 2026-04-07 02:22:25,422] Trial 26 finished with value: 0.9 and parameters: {'n_estimators': 40, 'max_depth': 30, 'gamma': 0.5743804337942131, 'subsample': 0.7841005021425508, 'colsample_bytree': 0.9292589094088384}. Best is trial 9 with value: 0.95.
[I 2026-04-07 02:22:25,461] Trial 27 finished with value: 0.9 and parameters: {'n_estimators': 40, 'max_depth': 30, 'gamma': 0.7525998627594301, 'subsample': 0.8477213712231103, 'colsample_bytree': 0.6896927295447834}. Best is trial 9 with value: 0.95.
[I 2026-04-07 02:22:25,499] Trial 28 finished with value: 0.85 and parameters: {'n_estimators': 10, 'max_depth': 5, 'gamma': 0.5025549772731923, 'subsample': 0.6628396852515863, 'colsample_bytree': 0.847304558045766}. Best is trial 9 with value: 0.95.
[I 2026-04-07 02:22:25,548] Trial 29 finished with value: 0.925 and parameters: {'n_estimators': 100, 'max_depth': 20, 'gamma': 0.8217551497979794, 'subsample': 0.7275808550926965, 'colsample_bytree': 0.6226418860067738}. Best is trial 9 with value: 0.95.
[I 2026-04-07 02:22:26,459] A new study created in memory with name: rf
[I 2026-04-07 02:22:26,686] Trial 0 finished with value: 0.775 and parameters: {'n_estimators': 189, 'max_depth': 18, 'min_samples_split': 3, 'min_samples_leaf': 10}. Best is trial 0 with value: 0.775.
[I 2026-04-07 02:22:27,035] Trial 1 finished with value: 0.9 and parameters: {'n_estimators': 295, 'max_depth': 14, 'min_samples_split': 8, 'min_samples_leaf': 6}. Best is trial 1 with value: 0.9.
[I 2026-04-07 02:22:27,312] Trial 2 finished with value: 0.825 and parameters: {'n_estimators': 219, 'max_depth': 6, 'min_samples_split': 2, 'min_samples_leaf': 8}. Best is trial 1 with value: 0.9.
[I 2026-04-07 02:22:27,622] Trial 3 finished with value: 0.9 and parameters: {'n_estimators': 276, 'max_depth': 5, 'min_samples_split': 9, 'min_samples_leaf': 3}. Best is trial 1 with value: 0.9.
[I 2026-04-07 02:22:27,964] Trial 4 finished with value: 0.9 and parameters: {'n_estimators': 266, 'max_depth': 8, 'min_samples_split': 7, 'min_samples_leaf': 6}. Best is trial 1 with value: 0.9.
[I 2026-04-07 02:22:28,331] Trial 5 finished with value: 0.925 and parameters: {'n_estimators': 340, 'max_depth': 7, 'min_samples_split': 4, 'min_samples_leaf': 3}. Best is trial 5 with value: 0.925.
[I 2026-04-07 02:22:28,590] Trial 6 finished with value: 0.725 and parameters: {'n_estimators': 231, 'max_depth': 5, 'min_samples_split': 3, 'min_samples_leaf': 10}. Best is trial 5 with value: 0.925.
[I 2026-04-07 02:22:29,110] Trial 7 finished with value: 0.925 and parameters: {'n_estimators': 485, 'max_depth': 6, 'min_samples_split': 2, 'min_samples_leaf': 3}. Best is trial 5 with value: 0.925.
[I 2026-04-07 02:22:29,549] Trial 8 finished with value: 0.9 and parameters: {'n_estimators': 380, 'max_depth': 17, 'min_samples_split': 2, 'min_samples_leaf': 6}. Best is trial 5 with value: 0.925.
[I 2026-04-07 02:22:29,698] Trial 9 finished with value: 0.775 and parameters: {'n_estimators': 100, 'max_depth': 12, 'min_samples_split': 7, 'min_samples_leaf': 10}. Best is trial 5 with value: 0.925.
[I 2026-04-07 02:22:30,162] Trial 10 finished with value: 0.925 and parameters: {'n_estimators': 384, 'max_depth': 10, 'min_samples_split': 5, 'min_samples_leaf': 2}. Best is trial 5 with value: 0.925.
[I 2026-04-07 02:22:30,723] Trial 11 finished with value: 0.875 and parameters: {'n_estimators': 498, 'max_depth': 8, 'min_samples_split': 5, 'min_samples_leaf': 4}. Best is trial 5 with value: 0.925.
[I 2026-04-07 02:22:31,280] Trial 12 finished with value: 0.925 and parameters: {'n_estimators': 489, 'max_depth': 3, 'min_samples_split': 4, 'min_samples_leaf': 1}. Best is trial 5 with value: 0.925.
[I 2026-04-07 02:22:31,746] Trial 13 finished with value: 0.95 and parameters: {'n_estimators': 406, 'max_depth': 9, 'min_samples_split': 4, 'min_samples_leaf': 4}. Best is trial 13 with value: 0.95.
[I 2026-04-07 02:22:32,172] Trial 14 finished with value: 0.9 and parameters: {'n_estimators': 378, 'max_depth': 11, 'min_samples_split': 5, 'min_samples_leaf': 4}. Best is trial 13 with value: 0.95.
[I 2026-04-07 02:22:32,639] Trial 15 finished with value: 0.9 and parameters: {'n_estimators': 419, 'max_depth': 14, 'min_samples_split': 4, 'min_samples_leaf': 4}. Best is trial 13 with value: 0.95.
[I 2026-04-07 02:22:33,055] Trial 16 finished with value: 0.95 and parameters: {'n_estimators': 335, 'max_depth': 9, 'min_samples_split': 10, 'min_samples_leaf': 1}. Best is trial 13 with value: 0.95.
[I 2026-04-07 02:22:33,540] Trial 17 finished with value: 0.925 and parameters: {'n_estimators': 443, 'max_depth': 9, 'min_samples_split': 10, 'min_samples_leaf': 1}. Best is trial 13 with value: 0.95.
[I 2026-04-07 02:22:33,927] Trial 18 finished with value: 0.825 and parameters: {'n_estimators': 334, 'max_depth': 13, 'min_samples_split': 10, 'min_samples_leaf': 8}. Best is trial 13 with value: 0.95.
[I 2026-04-07 02:22:34,434] Trial 19 finished with value: 0.9 and parameters: {'n_estimators': 431, 'max_depth': 15, 'min_samples_split': 6, 'min_samples_leaf': 2}. Best is trial 13 with value: 0.95.
[I 2026-04-07 02:22:34,821] Trial 20 finished with value: 0.95 and parameters: {'n_estimators': 345, 'max_depth': 3, 'min_samples_split': 8, 'min_samples_leaf': 5}. Best is trial 13 with value: 0.95.
[I 2026-04-07 02:22:35,178] Trial 21 finished with value: 0.825 and parameters: {'n_estimators': 331, 'max_depth': 3, 'min_samples_split': 9, 'min_samples_leaf': 5}. Best is trial 13 with value: 0.95.
[I 2026-04-07 02:22:35,612] Trial 22 finished with value: 0.875 and parameters: {'n_estimators': 350, 'max_depth': 20, 'min_samples_split': 8, 'min_samples_leaf': 7}. Best is trial 13 with value: 0.95.
[I 2026-04-07 02:22:36,070] Trial 23 finished with value: 0.875 and parameters: {'n_estimators': 404, 'max_depth': 10, 'min_samples_split': 9, 'min_samples_leaf': 5}. Best is trial 13 with value: 0.95.
[I 2026-04-07 02:22:36,477] Trial 24 finished with value: 0.925 and parameters: {'n_estimators': 307, 'max_depth': 4, 'min_samples_split': 8, 'min_samples_leaf': 2}. Best is trial 13 with value: 0.95.
[I 2026-04-07 02:22:36,894] Trial 25 finished with value: 0.925 and parameters: {'n_estimators': 363, 'max_depth': 8, 'min_samples_split': 7, 'min_samples_leaf': 7}. Best is trial 13 with value: 0.95.
[I 2026-04-07 02:22:37,400] Trial 26 finished with value: 0.825 and parameters: {'n_estimators': 456, 'max_depth': 11, 'min_samples_split': 10, 'min_samples_leaf': 5}. Best is trial 13 with value: 0.95.
[I 2026-04-07 02:22:37,839] Trial 27 finished with value: 0.925 and parameters: {'n_estimators': 406, 'max_depth': 9, 'min_samples_split': 6, 'min_samples_leaf': 1}. Best is trial 13 with value: 0.95.
[I 2026-04-07 02:22:38,175] Trial 28 finished with value: 0.875 and parameters: {'n_estimators': 304, 'max_depth': 7, 'min_samples_split': 9, 'min_samples_leaf': 4}. Best is trial 13 with value: 0.95.
[I 2026-04-07 02:22:38,350] Trial 29 finished with value: 0.925 and parameters: {'n_estimators': 142, 'max_depth': 16, 'min_samples_split': 3, 'min_samples_leaf': 3}. Best is trial 13 with value: 0.95.
[I 2026-04-07 02:22:43,439] A new study created in memory with name: mlp
[I 2026-04-07 02:22:43,483] Trial 0 finished with value: 0.725 and parameters: {'hidden_layer_sizes': (200,), 'max_iter': 50, 'alpha': 0.001}. Best is trial 0 with value: 0.725.
[I 2026-04-07 02:22:43,548] Trial 1 finished with value: 0.75 and parameters: {'hidden_layer_sizes': (100,), 'max_iter': 100, 'alpha': 0.0001}. Best is trial 1 with value: 0.75.
[I 2026-04-07 02:22:43,594] Trial 2 finished with value: 0.8 and parameters: {'hidden_layer_sizes': (100,), 'max_iter': 100, 'alpha': 0.001}. Best is trial 2 with value: 0.8.
[I 2026-04-07 02:22:43,630] Trial 3 finished with value: 0.7 and parameters: {'hidden_layer_sizes': (200,), 'max_iter': 50, 'alpha': 0.001}. Best is trial 2 with value: 0.8.
[I 2026-04-07 02:22:43,686] Trial 4 finished with value: 0.7 and parameters: {'hidden_layer_sizes': (100,), 'max_iter': 100, 'alpha': 0.0001}. Best is trial 2 with value: 0.8.
[I 2026-04-07 02:22:43,752] Trial 5 finished with value: 0.775 and parameters: {'hidden_layer_sizes': (100,), 'max_iter': 100, 'alpha': 0.001}. Best is trial 2 with value: 0.8.
[I 2026-04-07 02:22:43,828] Trial 6 finished with value: 0.775 and parameters: {'hidden_layer_sizes': (200,), 'max_iter': 100, 'alpha': 0.001}. Best is trial 2 with value: 0.8.
[I 2026-04-07 02:22:43,884] Trial 7 finished with value: 0.775 and parameters: {'hidden_layer_sizes': (200,), 'max_iter': 100, 'alpha': 0.001}. Best is trial 2 with value: 0.8.
[I 2026-04-07 02:22:43,940] Trial 8 finished with value: 0.7 and parameters: {'hidden_layer_sizes': (100,), 'max_iter': 100, 'alpha': 0.001}. Best is trial 2 with value: 0.8.
[I 2026-04-07 02:22:43,976] Trial 9 finished with value: 0.65 and parameters: {'hidden_layer_sizes': (100,), 'max_iter': 50, 'alpha': 0.001}. Best is trial 2 with value: 0.8.
[I 2026-04-07 02:22:44,023] Trial 10 finished with value: 0.675 and parameters: {'hidden_layer_sizes': (100, 100), 'max_iter': 50, 'alpha': 0.0001}. Best is trial 2 with value: 0.8.
[I 2026-04-07 02:22:44,071] Trial 11 finished with value: 0.775 and parameters: {'hidden_layer_sizes': (100,), 'max_iter': 100, 'alpha': 0.001}. Best is trial 2 with value: 0.8.
[I 2026-04-07 02:22:44,137] Trial 12 finished with value: 0.7 and parameters: {'hidden_layer_sizes': (100, 100), 'max_iter': 100, 'alpha': 0.001}. Best is trial 2 with value: 0.8.
[I 2026-04-07 02:22:44,204] Trial 13 finished with value: 0.75 and parameters: {'hidden_layer_sizes': (100,), 'max_iter': 100, 'alpha': 0.001}. Best is trial 2 with value: 0.8.
[I 2026-04-07 02:22:44,275] Trial 14 finished with value: 0.775 and parameters: {'hidden_layer_sizes': (100,), 'max_iter': 100, 'alpha': 0.0001}. Best is trial 2 with value: 0.8.
[I 2026-04-07 02:22:44,324] Trial 15 finished with value: 0.775 and parameters: {'hidden_layer_sizes': (100,), 'max_iter': 100, 'alpha': 0.001}. Best is trial 2 with value: 0.8.
[I 2026-04-07 02:22:44,393] Trial 16 finished with value: 0.725 and parameters: {'hidden_layer_sizes': (100, 100), 'max_iter': 100, 'alpha': 0.001}. Best is trial 2 with value: 0.8.
[I 2026-04-07 02:22:44,442] Trial 17 finished with value: 0.725 and parameters: {'hidden_layer_sizes': (100,), 'max_iter': 100, 'alpha': 0.001}. Best is trial 2 with value: 0.8.
[I 2026-04-07 02:22:44,481] Trial 18 finished with value: 0.625 and parameters: {'hidden_layer_sizes': (100,), 'max_iter': 50, 'alpha': 0.0001}. Best is trial 2 with value: 0.8.
[I 2026-04-07 02:22:44,560] Trial 19 finished with value: 0.7 and parameters: {'hidden_layer_sizes': (100, 100), 'max_iter': 100, 'alpha': 0.001}. Best is trial 2 with value: 0.8.
[I 2026-04-07 02:22:44,606] Trial 20 finished with value: 0.6 and parameters: {'hidden_layer_sizes': (100,), 'max_iter': 100, 'alpha': 0.001}. Best is trial 2 with value: 0.8.
[I 2026-04-07 02:22:44,663] Trial 21 finished with value: 0.75 and parameters: {'hidden_layer_sizes': (200,), 'max_iter': 100, 'alpha': 0.001}. Best is trial 2 with value: 0.8.
[I 2026-04-07 02:22:44,719] Trial 22 finished with value: 0.8 and parameters: {'hidden_layer_sizes': (200,), 'max_iter': 100, 'alpha': 0.001}. Best is trial 2 with value: 0.8.
[I 2026-04-07 02:22:44,777] Trial 23 finished with value: 0.8 and parameters: {'hidden_layer_sizes': (200,), 'max_iter': 100, 'alpha': 0.001}. Best is trial 2 with value: 0.8.
[I 2026-04-07 02:22:44,834] Trial 24 finished with value: 0.775 and parameters: {'hidden_layer_sizes': (200,), 'max_iter': 100, 'alpha': 0.001}. Best is trial 2 with value: 0.8.
[I 2026-04-07 02:22:44,902] Trial 25 finished with value: 0.8 and parameters: {'hidden_layer_sizes': (200,), 'max_iter': 100, 'alpha': 0.001}. Best is trial 2 with value: 0.8.
[I 2026-04-07 02:22:44,950] Trial 26 finished with value: 0.725 and parameters: {'hidden_layer_sizes': (200,), 'max_iter': 50, 'alpha': 0.0001}. Best is trial 2 with value: 0.8.
[I 2026-04-07 02:22:44,998] Trial 27 finished with value: 0.775 and parameters: {'hidden_layer_sizes': (200,), 'max_iter': 100, 'alpha': 0.001}. Best is trial 2 with value: 0.8.
[I 2026-04-07 02:22:45,056] Trial 28 finished with value: 0.825 and parameters: {'hidden_layer_sizes': (200,), 'max_iter': 100, 'alpha': 0.001}. Best is trial 28 with value: 0.825.
[I 2026-04-07 02:22:45,094] Trial 29 finished with value: 0.7 and parameters: {'hidden_layer_sizes': (200,), 'max_iter': 50, 'alpha': 0.001}. Best is trial 28 with value: 0.825.
[I 2026-04-07 02:22:49,968] A new study created in memory with name: naive_bayes
[I 2026-04-07 02:22:49,983] Trial 0 finished with value: 0.875 and parameters: {'var_smoothing': 2.7796258518939306e-10}. Best is trial 0 with value: 0.875.
[I 2026-04-07 02:22:49,995] Trial 1 finished with value: 0.9 and parameters: {'var_smoothing': 5.513972710118387e-09}. Best is trial 1 with value: 0.9.
[I 2026-04-07 02:22:50,007] Trial 2 finished with value: 0.875 and parameters: {'var_smoothing': 2.590826381512706e-10}. Best is trial 1 with value: 0.9.
[I 2026-04-07 02:22:50,020] Trial 3 finished with value: 0.9 and parameters: {'var_smoothing': 6.874194498027403e-09}. Best is trial 1 with value: 0.9.
[I 2026-04-07 02:22:50,033] Trial 4 finished with value: 0.875 and parameters: {'var_smoothing': 9.480306482679771e-10}. Best is trial 1 with value: 0.9.
[I 2026-04-07 02:22:50,046] Trial 5 finished with value: 0.875 and parameters: {'var_smoothing': 1.6729683536668864e-09}. Best is trial 1 with value: 0.9.
[I 2026-04-07 02:22:50,059] Trial 6 finished with value: 0.9 and parameters: {'var_smoothing': 3.402637726935598e-09}. Best is trial 1 with value: 0.9.
[I 2026-04-07 02:22:50,073] Trial 7 finished with value: 0.875 and parameters: {'var_smoothing': 1.0885189040847657e-09}. Best is trial 1 with value: 0.9.
[I 2026-04-07 02:22:50,086] Trial 8 finished with value: 0.875 and parameters: {'var_smoothing': 3.922843686541149e-10}. Best is trial 1 with value: 0.9.
[I 2026-04-07 02:22:50,100] Trial 9 finished with value: 0.875 and parameters: {'var_smoothing': 2.3737908819373785e-10}. Best is trial 1 with value: 0.9.
[I 2026-04-07 02:22:50,125] Trial 10 finished with value: 0.9 and parameters: {'var_smoothing': 9.60002923549188e-09}. Best is trial 1 with value: 0.9.
[I 2026-04-07 02:22:50,145] Trial 11 finished with value: 0.9 and parameters: {'var_smoothing': 8.433673252661673e-09}. Best is trial 1 with value: 0.9.
[I 2026-04-07 02:22:50,161] Trial 12 finished with value: 0.9 and parameters: {'var_smoothing': 4.024812294478599e-09}. Best is trial 1 with value: 0.9.
[I 2026-04-07 02:22:50,180] Trial 13 finished with value: 0.9 and parameters: {'var_smoothing': 4.279313644924201e-09}. Best is trial 1 with value: 0.9.
[I 2026-04-07 02:22:50,200] Trial 14 finished with value: 0.9 and parameters: {'var_smoothing': 2.4932294963389457e-09}. Best is trial 1 with value: 0.9.
[I 2026-04-07 02:22:50,220] Trial 15 finished with value: 0.9 and parameters: {'var_smoothing': 5.955264632939075e-09}. Best is trial 1 with value: 0.9.
[I 2026-04-07 02:22:50,238] Trial 16 finished with value: 0.875 and parameters: {'var_smoothing': 7.081339561602681e-10}. Best is trial 1 with value: 0.9.
[I 2026-04-07 02:22:50,268] Trial 17 finished with value: 0.9 and parameters: {'var_smoothing': 1.3536480186984407e-10}. Best is trial 1 with value: 0.9.
[I 2026-04-07 02:22:50,288] Trial 18 finished with value: 0.875 and parameters: {'var_smoothing': 2.007486890366191e-09}. Best is trial 1 with value: 0.9.
[I 2026-04-07 02:22:50,308] Trial 19 finished with value: 0.9 and parameters: {'var_smoothing': 6.236695396324013e-09}. Best is trial 1 with value: 0.9.
[I 2026-04-07 02:22:50,324] Trial 20 finished with value: 0.9 and parameters: {'var_smoothing': 5.907970857655839e-09}. Best is trial 1 with value: 0.9.
[I 2026-04-07 02:22:50,343] Trial 21 finished with value: 0.9 and parameters: {'var_smoothing': 3.3663471625524356e-09}. Best is trial 1 with value: 0.9.
[I 2026-04-07 02:22:50,360] Trial 22 finished with value: 0.9 and parameters: {'var_smoothing': 3.393012603068126e-09}. Best is trial 1 with value: 0.9.
[I 2026-04-07 02:22:50,379] Trial 23 finished with value: 0.875 and parameters: {'var_smoothing': 1.6173671126907978e-09}. Best is trial 1 with value: 0.9.
[I 2026-04-07 02:22:50,395] Trial 24 finished with value: 0.9 and parameters: {'var_smoothing': 2.658635430037449e-09}. Best is trial 1 with value: 0.9.
[I 2026-04-07 02:22:50,411] Trial 25 finished with value: 0.9 and parameters: {'var_smoothing': 4.931938953599623e-09}. Best is trial 1 with value: 0.9.
[I 2026-04-07 02:22:50,427] Trial 26 finished with value: 0.9 and parameters: {'var_smoothing': 7.971272868348794e-09}. Best is trial 1 with value: 0.9.
[I 2026-04-07 02:22:50,444] Trial 27 finished with value: 0.9 and parameters: {'var_smoothing': 9.626757055494807e-09}. Best is trial 1 with value: 0.9.
