[I 2026-04-07 01:51:22,253] Trial 24 finished with value: 0.8 and parameters: {'var_smoothing': 8.370195589160265e-10}. Best is trial 0 with value: 0.8.
[I 2026-04-07 01:51:22,283] Trial 25 finished with value: 0.8 and parameters: {'var_smoothing': 1.4246564400615985e-09}. Best is trial 0 with value: 0.8.
[I 2026-04-07 01:51:22,304] Trial 26 finished with value: 0.8 and parameters: {'var_smoothing': 1.055993505169999e-10}. Best is trial 0 with value: 0.8.
[I 2026-04-07 01:51:22,324] Trial 27 finished with value: 0.8 and parameters: {'var_smoothing': 2.338070103551991e-09}. Best is trial 0 with value: 0.8.
[I 2026-04-07 01:51:22,356] Trial 28 finished with value: 0.8 and parameters: {'var_smoothing': 2.9749637796955326e-10}. Best is trial 0 with value: 0.8.
[I 2026-04-07 01:51:22,378] Trial 29 finished with value: 0.8 and parameters: {'var_smoothing': 2.1414596138226606e-10}. Best is trial 0 with value: 0.8.
[I 2026-04-07 01:51:23,325] A new study created in memory with name: logreg
[I 2026-04-07 01:51:23,339] Trial 0 finished with value: 0.8 and parameters: {'C': 0.0011268620922535318, 'penalty': 'l2'}. Best is trial 0 with value: 0.8.
[I 2026-04-07 01:51:23,354] Trial 1 finished with value: 0.8 and parameters: {'C': 0.32312678588710475, 'penalty': 'l2'}. Best is trial 0 with value: 0.8.
[I 2026-04-07 01:51:23,367] Trial 2 finished with value: 0.8 and parameters: {'C': 0.3012079745112611, 'penalty': 'l2'}. Best is trial 0 with value: 0.8.
[I 2026-04-07 01:51:23,392] Trial 3 finished with value: 0.8 and parameters: {'C': 0.004668180550042529, 'penalty': 'l2'}. Best is trial 0 with value: 0.8.
[I 2026-04-07 01:51:23,417] Trial 4 finished with value: 0.8 and parameters: {'C': 0.005135177115384908, 'penalty': 'l2'}. Best is trial 0 with value: 0.8.
[I 2026-04-07 01:51:23,431] Trial 5 finished with value: 0.8 and parameters: {'C': 0.01238207351349697, 'penalty': 'l2'}. Best is trial 0 with value: 0.8.
[I 2026-04-07 01:51:23,446] Trial 6 finished with value: 0.8 and parameters: {'C': 0.12374877330306278, 'penalty': 'l2'}. Best is trial 0 with value: 0.8.
[I 2026-04-07 01:51:23,469] Trial 7 finished with value: 0.8 and parameters: {'C': 0.017398261017749217, 'penalty': 'l2'}. Best is trial 0 with value: 0.8.
[I 2026-04-07 01:51:23,484] Trial 8 finished with value: 0.8 and parameters: {'C': 0.002632074973627294, 'penalty': 'l2'}. Best is trial 0 with value: 0.8.
[I 2026-04-07 01:51:23,507] Trial 9 finished with value: 0.8 and parameters: {'C': 0.053394091359671186, 'penalty': 'l2'}. Best is trial 0 with value: 0.8.
[I 2026-04-07 01:51:23,536] Trial 10 finished with value: 0.8 and parameters: {'C': 11.611342204749677, 'penalty': 'l2'}. Best is trial 0 with value: 0.8.
[I 2026-04-07 01:51:23,555] Trial 11 finished with value: 0.8 and parameters: {'C': 4.3292127493856185, 'penalty': 'l2'}. Best is trial 0 with value: 0.8.
[I 2026-04-07 01:51:23,570] Trial 12 finished with value: 0.85 and parameters: {'C': 1.5802662705953956, 'penalty': 'l2'}. Best is trial 12 with value: 0.85.
[I 2026-04-07 01:51:23,589] Trial 13 finished with value: 0.85 and parameters: {'C': 1.8863407648739927, 'penalty': 'l2'}. Best is trial 12 with value: 0.85.
[I 2026-04-07 01:51:23,617] Trial 14 finished with value: 0.85 and parameters: {'C': 1.7472983107436952, 'penalty': 'l2'}. Best is trial 12 with value: 0.85.
[I 2026-04-07 01:51:23,637] Trial 15 finished with value: 0.85 and parameters: {'C': 71.47689015313512, 'penalty': 'l2'}. Best is trial 12 with value: 0.85.
[I 2026-04-07 01:51:23,667] Trial 16 finished with value: 0.85 and parameters: {'C': 1.4083771768362925, 'penalty': 'l2'}. Best is trial 12 with value: 0.85.
[I 2026-04-07 01:51:23,685] Trial 17 finished with value: 0.8 and parameters: {'C': 18.915673815240908, 'penalty': 'l2'}. Best is trial 12 with value: 0.85.
[I 2026-04-07 01:51:23,700] Trial 18 finished with value: 0.8 and parameters: {'C': 0.7528512503281357, 'penalty': 'l2'}. Best is trial 12 with value: 0.85.
[I 2026-04-07 01:51:23,731] Trial 19 finished with value: 0.8 and parameters: {'C': 6.524840838148973, 'penalty': 'l2'}. Best is trial 12 with value: 0.85.
[I 2026-04-07 01:51:23,760] Trial 20 finished with value: 0.85 and parameters: {'C': 45.91241675093172, 'penalty': 'l2'}. Best is trial 12 with value: 0.85.
[I 2026-04-07 01:51:23,791] Trial 21 finished with value: 0.85 and parameters: {'C': 2.1105059655309604, 'penalty': 'l2'}. Best is trial 12 with value: 0.85.
[I 2026-04-07 01:51:23,820] Trial 22 finished with value: 0.75 and parameters: {'C': 0.9119254586220832, 'penalty': 'l2'}. Best is trial 12 with value: 0.85.
[I 2026-04-07 01:51:23,840] Trial 23 finished with value: 0.85 and parameters: {'C': 2.8651414985875574, 'penalty': 'l2'}. Best is trial 12 with value: 0.85.
[I 2026-04-07 01:51:23,857] Trial 24 finished with value: 0.8 and parameters: {'C': 0.3864455068024903, 'penalty': 'l2'}. Best is trial 12 with value: 0.85.
[I 2026-04-07 01:51:23,878] Trial 25 finished with value: 0.8 and parameters: {'C': 19.731717269647746, 'penalty': 'l2'}. Best is trial 12 with value: 0.85.
[I 2026-04-07 01:51:23,895] Trial 26 finished with value: 0.8 and parameters: {'C': 0.1239660920403493, 'penalty': 'l2'}. Best is trial 12 with value: 0.85.
[I 2026-04-07 01:51:23,911] Trial 27 finished with value: 0.8 and parameters: {'C': 6.758630176922332, 'penalty': 'l2'}. Best is trial 12 with value: 0.85.
[I 2026-04-07 01:51:23,927] Trial 28 finished with value: 0.8 and parameters: {'C': 0.7455350473521568, 'penalty': 'l2'}. Best is trial 12 with value: 0.85.
[I 2026-04-07 01:51:23,944] Trial 29 finished with value: 0.85 and parameters: {'C': 2.0769010068950764, 'penalty': 'l2'}. Best is trial 12 with value: 0.85.
[I 2026-04-07 01:51:24,823] A new study created in memory with name: knn
[I 2026-04-07 01:51:24,847] Trial 0 finished with value: 0.8 and parameters: {'n_neighbors': 3, 'leaf_size': 30, 'p': 1}. Best is trial 0 with value: 0.8.
[I 2026-04-07 01:51:24,861] Trial 1 finished with value: 0.8 and parameters: {'n_neighbors': 4, 'leaf_size': 24, 'p': 1}. Best is trial 0 with value: 0.8.
[I 2026-04-07 01:51:24,875] Trial 2 finished with value: 0.75 and parameters: {'n_neighbors': 3, 'leaf_size': 27, 'p': 2}. Best is trial 0 with value: 0.8.
[I 2026-04-07 01:51:24,888] Trial 3 finished with value: 0.6 and parameters: {'n_neighbors': 10, 'leaf_size': 20, 'p': 1}. Best is trial 0 with value: 0.8.
[I 2026-04-07 01:51:24,932] Trial 4 finished with value: 0.6 and parameters: {'n_neighbors': 10, 'leaf_size': 34, 'p': 2}. Best is trial 0 with value: 0.8.
[I 2026-04-07 01:51:24,947] Trial 5 finished with value: 0.65 and parameters: {'n_neighbors': 6, 'leaf_size': 34, 'p': 1}. Best is trial 0 with value: 0.8.
[I 2026-04-07 01:51:24,960] Trial 6 finished with value: 0.6 and parameters: {'n_neighbors': 10, 'leaf_size': 36, 'p': 1}. Best is trial 0 with value: 0.8.
[I 2026-04-07 01:51:24,974] Trial 7 finished with value: 0.75 and parameters: {'n_neighbors': 7, 'leaf_size': 39, 'p': 2}. Best is trial 0 with value: 0.8.
[I 2026-04-07 01:51:24,987] Trial 8 finished with value: 0.6 and parameters: {'n_neighbors': 10, 'leaf_size': 23, 'p': 2}. Best is trial 0 with value: 0.8.
[I 2026-04-07 01:51:25,001] Trial 9 finished with value: 0.6 and parameters: {'n_neighbors': 10, 'leaf_size': 35, 'p': 2}. Best is trial 0 with value: 0.8.
[I 2026-04-07 01:51:25,025] Trial 10 finished with value: 0.8 and parameters: {'n_neighbors': 5, 'leaf_size': 30, 'p': 1}. Best is trial 0 with value: 0.8.
[I 2026-04-07 01:51:25,057] Trial 11 finished with value: 0.8 and parameters: {'n_neighbors': 3, 'leaf_size': 26, 'p': 1}. Best is trial 0 with value: 0.8.
[I 2026-04-07 01:51:25,081] Trial 12 finished with value: 0.8 and parameters: {'n_neighbors': 4, 'leaf_size': 29, 'p': 1}. Best is trial 0 with value: 0.8.
[I 2026-04-07 01:51:25,107] Trial 13 finished with value: 0.8 and parameters: {'n_neighbors': 5, 'leaf_size': 24, 'p': 1}. Best is trial 0 with value: 0.8.
[I 2026-04-07 01:51:25,148] Trial 14 finished with value: 0.65 and parameters: {'n_neighbors': 8, 'leaf_size': 20, 'p': 1}. Best is trial 0 with value: 0.8.
[I 2026-04-07 01:51:25,168] Trial 15 finished with value: 0.8 and parameters: {'n_neighbors': 4, 'leaf_size': 32, 'p': 1}. Best is trial 0 with value: 0.8.
[I 2026-04-07 01:51:25,187] Trial 16 finished with value: 0.8 and parameters: {'n_neighbors': 4, 'leaf_size': 27, 'p': 1}. Best is trial 0 with value: 0.8.
[I 2026-04-07 01:51:25,212] Trial 17 finished with value: 0.8 and parameters: {'n_neighbors': 3, 'leaf_size': 23, 'p': 1}. Best is trial 0 with value: 0.8.
[I 2026-04-07 01:51:25,234] Trial 18 finished with value: 0.8 and parameters: {'n_neighbors': 5, 'leaf_size': 31, 'p': 1}. Best is trial 0 with value: 0.8.
[I 2026-04-07 01:51:25,267] Trial 19 finished with value: 0.65 and parameters: {'n_neighbors': 6, 'leaf_size': 40, 'p': 1}. Best is trial 0 with value: 0.8.
[I 2026-04-07 01:51:25,292] Trial 20 finished with value: 0.65 and parameters: {'n_neighbors': 8, 'leaf_size': 25, 'p': 1}. Best is trial 0 with value: 0.8.
[I 2026-04-07 01:51:25,316] Trial 21 finished with value: 0.8 and parameters: {'n_neighbors': 5, 'leaf_size': 29, 'p': 1}. Best is trial 0 with value: 0.8.
[I 2026-04-07 01:51:25,343] Trial 22 finished with value: 0.8 and parameters: {'n_neighbors': 4, 'leaf_size': 32, 'p': 1}. Best is trial 0 with value: 0.8.
[I 2026-04-07 01:51:25,369] Trial 23 finished with value: 0.8 and parameters: {'n_neighbors': 5, 'leaf_size': 30, 'p': 1}. Best is trial 0 with value: 0.8.
[I 2026-04-07 01:51:25,402] Trial 24 finished with value: 0.8 and parameters: {'n_neighbors': 3, 'leaf_size': 28, 'p': 1}. Best is trial 0 with value: 0.8.
[I 2026-04-07 01:51:25,427] Trial 25 finished with value: 0.8 and parameters: {'n_neighbors': 4, 'leaf_size': 37, 'p': 1}. Best is trial 0 with value: 0.8.
[I 2026-04-07 01:51:25,456] Trial 26 finished with value: 0.7 and parameters: {'n_neighbors': 6, 'leaf_size': 22, 'p': 2}. Best is trial 0 with value: 0.8.
[I 2026-04-07 01:51:25,483] Trial 27 finished with value: 0.8 and parameters: {'n_neighbors': 3, 'leaf_size': 33, 'p': 1}. Best is trial 0 with value: 0.8.
[I 2026-04-07 01:51:25,508] Trial 28 finished with value: 0.8 and parameters: {'n_neighbors': 5, 'leaf_size': 31, 'p': 1}. Best is trial 0 with value: 0.8.
[I 2026-04-07 01:51:25,533] Trial 29 finished with value: 0.75 and parameters: {'n_neighbors': 3, 'leaf_size': 27, 'p': 2}. Best is trial 0 with value: 0.8.
[I 2026-04-07 01:51:26,314] A new study created in memory with name: xgb
[I 2026-04-07 01:51:26,339] Trial 0 finished with value: 0.75 and parameters: {'n_estimators': 40, 'max_depth': 30, 'gamma': 0.47665736245940726, 'subsample': 0.6240505842067796, 'colsample_bytree': 0.542029825582675}. Best is trial 0 with value: 0.75.
[I 2026-04-07 01:51:26,364] Trial 1 finished with value: 0.8 and parameters: {'n_estimators': 100, 'max_depth': 5, 'gamma': 0.6154838340124683, 'subsample': 0.9490035591125747, 'colsample_bytree': 0.8334494864598183}. Best is trial 1 with value: 0.8.
[I 2026-04-07 01:51:26,388] Trial 2 finished with value: 0.8 and parameters: {'n_estimators': 40, 'max_depth': 20, 'gamma': 0.9464719685739904, 'subsample': 0.9018698850061588, 'colsample_bytree': 0.9916796241121663}. Best is trial 1 with value: 0.8.
[I 2026-04-07 01:51:26,415] Trial 3 finished with value: 0.75 and parameters: {'n_estimators': 100, 'max_depth': 30, 'gamma': 0.26698751824101463, 'subsample': 0.6215578376567042, 'colsample_bytree': 0.9367004215505623}. Best is trial 1 with value: 0.8.
[I 2026-04-07 01:51:26,443] Trial 4 finished with value: 0.75 and parameters: {'n_estimators': 10, 'max_depth': 20, 'gamma': 0.5301766121845122, 'subsample': 0.7177777323831729, 'colsample_bytree': 0.9352041482132656}. Best is trial 1 with value: 0.8.
[I 2026-04-07 01:51:26,481] Trial 5 finished with value: 0.75 and parameters: {'n_estimators': 100, 'max_depth': 5, 'gamma': 0.6742485862456464, 'subsample': 0.7308488312353485, 'colsample_bytree': 0.5265297122426965}. Best is trial 1 with value: 0.8.
[I 2026-04-07 01:51:26,510] Trial 6 finished with value: 0.75 and parameters: {'n_estimators': 100, 'max_depth': 30, 'gamma': 0.5360486096375219, 'subsample': 0.8488681925618888, 'colsample_bytree': 0.900578215847843}. Best is trial 1 with value: 0.8.
[I 2026-04-07 01:51:26,536] Trial 7 finished with value: 0.75 and parameters: {'n_estimators': 40, 'max_depth': 5, 'gamma': 0.4997010655396419, 'subsample': 0.7490698051808964, 'colsample_bytree': 0.7071731623998108}. Best is trial 1 with value: 0.8.
[I 2026-04-07 01:51:26,573] Trial 8 finished with value: 0.75 and parameters: {'n_estimators': 100, 'max_depth': 5, 'gamma': 0.5449029446194361, 'subsample': 0.7150234071055932, 'colsample_bytree': 0.8673829085180849}. Best is trial 1 with value: 0.8.
[I 2026-04-07 01:51:26,611] Trial 9 finished with value: 0.75 and parameters: {'n_estimators': 100, 'max_depth': 30, 'gamma': 0.5427360453562716, 'subsample': 0.5915763668266103, 'colsample_bytree': 0.5546552575823498}. Best is trial 1 with value: 0.8.
[I 2026-04-07 01:51:26,652] Trial 10 finished with value: 0.8 and parameters: {'n_estimators': 10, 'max_depth': 5, 'gamma': 0.8166697644905587, 'subsample': 0.9751404785189386, 'colsample_bytree': 0.7735093231652352}. Best is trial 1 with value: 0.8.
[I 2026-04-07 01:51:26,690] Trial 11 finished with value: 0.8 and parameters: {'n_estimators': 40, 'max_depth': 20, 'gamma': 0.9952092548004167, 'subsample': 0.9683640491533567, 'colsample_bytree': 0.9928642741558296}. Best is trial 1 with value: 0.8.
[I 2026-04-07 01:51:26,729] Trial 12 finished with value: 0.8 and parameters: {'n_estimators': 40, 'max_depth': 20, 'gamma': 0.983676481207403, 'subsample': 0.8829122845088755, 'colsample_bytree': 0.8106211752102093}. Best is trial 1 with value: 0.8.
[I 2026-04-07 01:51:26,767] Trial 13 finished with value: 0.75 and parameters: {'n_estimators': 40, 'max_depth': 20, 'gamma': 0.7737308083294776, 'subsample': 0.8662188927972414, 'colsample_bytree': 0.6888666758338158}. Best is trial 1 with value: 0.8.
[I 2026-04-07 01:51:26,805] Trial 14 finished with value: 0.8 and parameters: {'n_estimators': 10, 'max_depth': 5, 'gamma': 0.1118487397978592, 'subsample': 0.9176618187802201, 'colsample_bytree': 0.9990482924374496}. Best is trial 1 with value: 0.8.
[I 2026-04-07 01:51:26,839] Trial 15 finished with value: 0.75 and parameters: {'n_estimators': 100, 'max_depth': 20, 'gamma': 0.35329466441380575, 'subsample': 0.8113467514466688, 'colsample_bytree': 0.6287210900307332}. Best is trial 1 with value: 0.8.
[I 2026-04-07 01:51:26,883] Trial 16 finished with value: 0.8 and parameters: {'n_estimators': 40, 'max_depth': 20, 'gamma': 0.8711731685749494, 'subsample': 0.9299586176132004, 'colsample_bytree': 0.8521946304308765}. Best is trial 1 with value: 0.8.
[I 2026-04-07 01:51:26,929] Trial 17 finished with value: 0.7 and parameters: {'n_estimators': 40, 'max_depth': 5, 'gamma': 0.6705158501934413, 'subsample': 0.5106683207593217, 'colsample_bytree': 0.8053972925571781}. Best is trial 1 with value: 0.8.
[I 2026-04-07 01:51:26,977] Trial 18 finished with value: 0.7 and parameters: {'n_estimators': 100, 'max_depth': 5, 'gamma': 0.689753787686795, 'subsample': 0.8049201703641657, 'colsample_bytree': 0.7117948538295535}. Best is trial 1 with value: 0.8.
[I 2026-04-07 01:51:27,017] Trial 19 finished with value: 0.75 and parameters: {'n_estimators': 10, 'max_depth': 20, 'gamma': 0.345799187122584, 'subsample': 0.9961618760618361, 'colsample_bytree': 0.9337408564510504}. Best is trial 1 with value: 0.8.
[I 2026-04-07 01:51:27,053] Trial 20 finished with value: 0.8 and parameters: {'n_estimators': 100, 'max_depth': 5, 'gamma': 0.9029288546781351, 'subsample': 0.9296868016499862, 'colsample_bytree': 0.6318047672535471}. Best is trial 1 with value: 0.8.
[I 2026-04-07 01:51:27,085] Trial 21 finished with value: 0.8 and parameters: {'n_estimators': 10, 'max_depth': 5, 'gamma': 0.8033722610069298, 'subsample': 0.9878737925966076, 'colsample_bytree': 0.7656671026670714}. Best is trial 1 with value: 0.8.
[I 2026-04-07 01:51:27,117] Trial 22 finished with value: 0.8 and parameters: {'n_estimators': 10, 'max_depth': 5, 'gamma': 0.7472159918260739, 'subsample': 0.9474840416276918, 'colsample_bytree': 0.7800118302458898}. Best is trial 1 with value: 0.8.
[I 2026-04-07 01:51:27,149] Trial 23 finished with value: 0.8 and parameters: {'n_estimators': 10, 'max_depth': 5, 'gamma': 0.8599623182644632, 'subsample': 0.8950917226882316, 'colsample_bytree': 0.8414695291124904}. Best is trial 1 with value: 0.8.
[I 2026-04-07 01:51:27,182] Trial 24 finished with value: 0.8 and parameters: {'n_estimators': 10, 'max_depth': 5, 'gamma': 0.9309814203118746, 'subsample': 0.8325076081361049, 'colsample_bytree': 0.7360362540782053}. Best is trial 1 with value: 0.8.
[I 2026-04-07 01:51:27,215] Trial 25 finished with value: 0.65 and parameters: {'n_estimators': 10, 'max_depth': 20, 'gamma': 0.6386893268760231, 'subsample': 0.7855122421671693, 'colsample_bytree': 0.6731849288716123}. Best is trial 1 with value: 0.8.
[I 2026-04-07 01:51:27,252] Trial 26 finished with value: 0.75 and parameters: {'n_estimators': 40, 'max_depth': 5, 'gamma': 0.8141760703829045, 'subsample': 0.960541819239865, 'colsample_bytree': 0.8982304431885406}. Best is trial 1 with value: 0.8.
[I 2026-04-07 01:51:27,290] Trial 27 finished with value: 0.8 and parameters: {'n_estimators': 40, 'max_depth': 5, 'gamma': 0.6082592880484764, 'subsample': 0.9014024039579159, 'colsample_bytree': 0.8038415895446213}. Best is trial 1 with value: 0.8.
[I 2026-04-07 01:51:27,327] Trial 28 finished with value: 0.8 and parameters: {'n_estimators': 10, 'max_depth': 30, 'gamma': 0.9299487981226623, 'subsample': 0.9901858329638357, 'colsample_bytree': 0.9712114314913961}. Best is trial 1 with value: 0.8.
[I 2026-04-07 01:51:27,366] Trial 29 finished with value: 0.75 and parameters: {'n_estimators': 100, 'max_depth': 20, 'gamma': 0.43221739260733416, 'subsample': 0.8617942892642231, 'colsample_bytree': 0.8869180081614105}. Best is trial 1 with value: 0.8.
[I 2026-04-07 01:51:28,292] A new study created in memory with name: rf
[I 2026-04-07 01:51:28,406] Trial 0 finished with value: 0.8 and parameters: {'n_estimators': 104, 'max_depth': 12, 'min_samples_split': 6, 'min_samples_leaf': 2}. Best is trial 0 with value: 0.8.
[I 2026-04-07 01:51:28,591] Trial 1 finished with value: 0.8 and parameters: {'n_estimators': 156, 'max_depth': 6, 'min_samples_split': 5, 'min_samples_leaf': 3}. Best is trial 0 with value: 0.8.
[I 2026-04-07 01:51:28,749] Trial 2 finished with value: 0.5 and parameters: {'n_estimators': 133, 'max_depth': 9, 'min_samples_split': 3, 'min_samples_leaf': 9}. Best is trial 0 with value: 0.8.
[I 2026-04-07 01:51:29,250] Trial 3 finished with value: 0.8 and parameters: {'n_estimators': 481, 'max_depth': 3, 'min_samples_split': 8, 'min_samples_leaf': 6}. Best is trial 0 with value: 0.8.
[I 2026-04-07 01:51:29,729] Trial 4 finished with value: 0.5 and parameters: {'n_estimators': 460, 'max_depth': 15, 'min_samples_split': 6, 'min_samples_leaf': 8}. Best is trial 0 with value: 0.8.
[I 2026-04-07 01:51:30,006] Trial 5 finished with value: 0.8 and parameters: {'n_estimators': 254, 'max_depth': 15, 'min_samples_split': 9, 'min_samples_leaf': 5}. Best is trial 0 with value: 0.8.
[I 2026-04-07 01:51:30,488] Trial 6 finished with value: 0.8 and parameters: {'n_estimators': 477, 'max_depth': 17, 'min_samples_split': 10, 'min_samples_leaf': 2}. Best is trial 0 with value: 0.8.
[I 2026-04-07 01:51:30,837] Trial 7 finished with value: 0.5 and parameters: {'n_estimators': 308, 'max_depth': 20, 'min_samples_split': 7, 'min_samples_leaf': 9}. Best is trial 0 with value: 0.8.
[I 2026-04-07 01:51:31,375] Trial 8 finished with value: 0.5 and parameters: {'n_estimators': 489, 'max_depth': 6, 'min_samples_split': 4, 'min_samples_leaf': 9}. Best is trial 0 with value: 0.8.
[I 2026-04-07 01:51:31,897] Trial 9 finished with value: 0.8 and parameters: {'n_estimators': 463, 'max_depth': 16, 'min_samples_split': 5, 'min_samples_leaf': 5}. Best is trial 0 with value: 0.8.
[I 2026-04-07 01:51:32,209] Trial 10 finished with value: 0.8 and parameters: {'n_estimators': 233, 'max_depth': 11, 'min_samples_split': 2, 'min_samples_leaf': 1}. Best is trial 0 with value: 0.8.
[I 2026-04-07 01:51:32,381] Trial 11 finished with value: 0.8 and parameters: {'n_estimators': 100, 'max_depth': 8, 'min_samples_split': 6, 'min_samples_leaf': 3}. Best is trial 0 with value: 0.8.
[I 2026-04-07 01:51:32,633] Trial 12 finished with value: 0.8 and parameters: {'n_estimators': 172, 'max_depth': 12, 'min_samples_split': 5, 'min_samples_leaf': 3}. Best is trial 0 with value: 0.8.
[I 2026-04-07 01:51:32,855] Trial 13 finished with value: 0.8 and parameters: {'n_estimators': 194, 'max_depth': 3, 'min_samples_split': 7, 'min_samples_leaf': 3}. Best is trial 0 with value: 0.8.
[I 2026-04-07 01:51:33,229] Trial 14 finished with value: 0.8 and parameters: {'n_estimators': 339, 'max_depth': 12, 'min_samples_split': 4, 'min_samples_leaf': 1}. Best is trial 0 with value: 0.8.
[I 2026-04-07 01:51:33,431] Trial 15 finished with value: 0.8 and parameters: {'n_estimators': 161, 'max_depth': 6, 'min_samples_split': 5, 'min_samples_leaf': 4}. Best is trial 0 with value: 0.8.
[I 2026-04-07 01:51:33,569] Trial 16 finished with value: 0.5 and parameters: {'n_estimators': 104, 'max_depth': 9, 'min_samples_split': 7, 'min_samples_leaf': 7}. Best is trial 0 with value: 0.8.
[I 2026-04-07 01:51:33,982] Trial 17 finished with value: 0.8 and parameters: {'n_estimators': 359, 'max_depth': 5, 'min_samples_split': 2, 'min_samples_leaf': 2}. Best is trial 0 with value: 0.8.
[I 2026-04-07 01:51:34,249] Trial 18 finished with value: 0.8 and parameters: {'n_estimators': 222, 'max_depth': 10, 'min_samples_split': 4, 'min_samples_leaf': 4}. Best is trial 0 with value: 0.8.
