[I 2026-04-07 03:49:27,388] Trial 29 finished with value: 0.7499999999999999 and parameters: {'hidden_layer_sizes': (100,), 'max_iter': 50, 'alpha': 0.0001}. Best is trial 21 with value: 0.8166666666666667.
[I 2026-04-07 04:03:45,124] A new study created in memory with name: naive_bayes
Parámetros guardados en checkpoint_paysim_Doriginal_I_sin_full/ag/IPC_30/best_models_ag_seed_5_space_original/naive_bayes_best_params.json


>>> Optuna tuning logreg metodo ag IPC 30 seed 5


Parámetros guardados en checkpoint_paysim_Doriginal_I_sin_full/ag/IPC_30/best_models_ag_seed_5_space_original/logreg_best_params.json


>>> Optuna tuning knn metodo ag IPC 30 seed 5


Parámetros guardados en checkpoint_paysim_Doriginal_I_sin_full/ag/IPC_30/best_models_ag_seed_5_space_original/knn_best_params.json


>>> Optuna tuning xgb metodo ag IPC 30 seed 5


Parámetros guardados en checkpoint_paysim_Doriginal_I_sin_full/ag/IPC_30/best_models_ag_seed_5_space_original/xgb_best_params.json


>>> Optuna tuning rf metodo ag IPC 30 seed 5


Parámetros guardados en checkpoint_paysim_Doriginal_I_sin_full/ag/IPC_30/best_models_ag_seed_5_space_original/rf_best_params.json


>>> Optuna tuning mlp metodo ag IPC 30 seed 5


Parámetros guardados en checkpoint_paysim_Doriginal_I_sin_full/ag/IPC_30/best_models_ag_seed_5_space_original/mlp_best_params.json


>>> Optuna tuning naive_bayes metodo k_center IPC 30 seed 5


Parámetros guardados en checkpoint_paysim_Doriginal_I_sin_full/k_center/IPC_30/best_models_k_center_seed_5_space_original/naive_bayes_best_params.json


>>> Optuna tuning logreg metodo k_center IPC 30 seed 5


Parámetros guardados en checkpoint_paysim_Doriginal_I_sin_full/k_center/IPC_30/best_models_k_center_seed_5_space_original/logreg_best_params.json


>>> Optuna tuning knn metodo k_center IPC 30 seed 5


Parámetros guardados en checkpoint_paysim_Doriginal_I_sin_full/k_center/IPC_30/best_models_k_center_seed_5_space_original/knn_best_params.json


>>> Optuna tuning xgb metodo k_center IPC 30 seed 5


Parámetros guardados en checkpoint_paysim_Doriginal_I_sin_full/k_center/IPC_30/best_models_k_center_seed_5_space_original/xgb_best_params.json


>>> Optuna tuning rf metodo k_center IPC 30 seed 5


Parámetros guardados en checkpoint_paysim_Doriginal_I_sin_full/k_center/IPC_30/best_models_k_center_seed_5_space_original/rf_best_params.json


>>> Optuna tuning mlp metodo k_center IPC 30 seed 5


Parámetros guardados en checkpoint_paysim_Doriginal_I_sin_full/k_center/IPC_30/best_models_k_center_seed_5_space_original/mlp_best_params.json


>>> Optuna tuning naive_bayes metodo lc IPC 30 seed 5


Parámetros guardados en checkpoint_paysim_Doriginal_I_sin_full/lc/IPC_30/best_models_lc_seed_5_space_original/naive_bayes_best_params.json


>>> Optuna tuning logreg metodo lc IPC 30 seed 5


Parámetros guardados en checkpoint_paysim_Doriginal_I_sin_full/lc/IPC_30/best_models_lc_seed_5_space_original/logreg_best_params.json


>>> Optuna tuning knn metodo lc IPC 30 seed 5


Parámetros guardados en checkpoint_paysim_Doriginal_I_sin_full/lc/IPC_30/best_models_lc_seed_5_space_original/knn_best_params.json


>>> Optuna tuning xgb metodo lc IPC 30 seed 5


Parámetros guardados en checkpoint_paysim_Doriginal_I_sin_full/lc/IPC_30/best_models_lc_seed_5_space_original/xgb_best_params.json


>>> Optuna tuning rf metodo lc IPC 30 seed 5


Parámetros guardados en checkpoint_paysim_Doriginal_I_sin_full/lc/IPC_30/best_models_lc_seed_5_space_original/rf_best_params.json


>>> Optuna tuning mlp metodo lc IPC 30 seed 5


Parámetros guardados en checkpoint_paysim_Doriginal_I_sin_full/lc/IPC_30/best_models_lc_seed_5_space_original/mlp_best_params.json


>>> Optuna tuning naive_bayes metodo random IPC 30 seed 6


Parámetros guardados en checkpoint_paysim_Doriginal_I_sin_full/random/IPC_30/best_models_random_seed_6_space_original/naive_bayes_best_params.json


>>> Optuna tuning logreg metodo random IPC 30 seed 6


Parámetros guardados en checkpoint_paysim_Doriginal_I_sin_full/random/IPC_30/best_models_random_seed_6_space_original/logreg_best_params.json


>>> Optuna tuning knn metodo random IPC 30 seed 6


Parámetros guardados en checkpoint_paysim_Doriginal_I_sin_full/random/IPC_30/best_models_random_seed_6_space_original/knn_best_params.json


>>> Optuna tuning xgb metodo random IPC 30 seed 6


Parámetros guardados en checkpoint_paysim_Doriginal_I_sin_full/random/IPC_30/best_models_random_seed_6_space_original/xgb_best_params.json


>>> Optuna tuning rf metodo random IPC 30 seed 6


Parámetros guardados en checkpoint_paysim_Doriginal_I_sin_full/random/IPC_30/best_models_random_seed_6_space_original/rf_best_params.json


>>> Optuna tuning mlp metodo random IPC 30 seed 6


Parámetros guardados en checkpoint_paysim_Doriginal_I_sin_full/random/IPC_30/best_models_random_seed_6_space_original/mlp_best_params.json


>>> Optuna tuning naive_bayes metodo k-means IPC 30 seed 6


Parámetros guardados en checkpoint_paysim_Doriginal_I_sin_full/k-means/IPC_30/best_models_k-means_seed_6_space_original/naive_bayes_best_params.json


>>> Optuna tuning logreg metodo k-means IPC 30 seed 6


Parámetros guardados en checkpoint_paysim_Doriginal_I_sin_full/k-means/IPC_30/best_models_k-means_seed_6_space_original/logreg_best_params.json


>>> Optuna tuning knn metodo k-means IPC 30 seed 6


Parámetros guardados en checkpoint_paysim_Doriginal_I_sin_full/k-means/IPC_30/best_models_k-means_seed_6_space_original/knn_best_params.json


>>> Optuna tuning xgb metodo k-means IPC 30 seed 6


Parámetros guardados en checkpoint_paysim_Doriginal_I_sin_full/k-means/IPC_30/best_models_k-means_seed_6_space_original/xgb_best_params.json


>>> Optuna tuning rf metodo k-means IPC 30 seed 6


Parámetros guardados en checkpoint_paysim_Doriginal_I_sin_full/k-means/IPC_30/best_models_k-means_seed_6_space_original/rf_best_params.json


>>> Optuna tuning mlp metodo k-means IPC 30 seed 6


Parámetros guardados en checkpoint_paysim_Doriginal_I_sin_full/k-means/IPC_30/best_models_k-means_seed_6_space_original/mlp_best_params.json


>>> Optuna tuning naive_bayes metodo ag IPC 30 seed 6


[I 2026-04-07 04:03:47,624] Trial 0 finished with value: 0.7999999999999999 and parameters: {'var_smoothing': 6.10548688762798e-09}. Best is trial 0 with value: 0.7999999999999999.
[I 2026-04-07 04:03:49,901] Trial 1 finished with value: 0.8166666666666667 and parameters: {'var_smoothing': 4.6127467400935034e-10}. Best is trial 1 with value: 0.8166666666666667.
[I 2026-04-07 04:03:52,219] Trial 2 finished with value: 0.7999999999999999 and parameters: {'var_smoothing': 4.389936579400967e-09}. Best is trial 1 with value: 0.8166666666666667.
[I 2026-04-07 04:03:54,512] Trial 3 finished with value: 0.8166666666666667 and parameters: {'var_smoothing': 1.2116948204672054e-10}. Best is trial 1 with value: 0.8166666666666667.
[I 2026-04-07 04:03:56,760] Trial 4 finished with value: 0.8166666666666667 and parameters: {'var_smoothing': 1.6417739478477417e-10}. Best is trial 1 with value: 0.8166666666666667.
[I 2026-04-07 04:03:59,052] Trial 5 finished with value: 0.8166666666666667 and parameters: {'var_smoothing': 1.5491880147236797e-09}. Best is trial 1 with value: 0.8166666666666667.
[I 2026-04-07 04:04:01,346] Trial 6 finished with value: 0.8166666666666667 and parameters: {'var_smoothing': 1.1471883405287265e-09}. Best is trial 1 with value: 0.8166666666666667.
[I 2026-04-07 04:04:03,612] Trial 7 finished with value: 0.8166666666666667 and parameters: {'var_smoothing': 6.88041853492358e-10}. Best is trial 1 with value: 0.8166666666666667.
[I 2026-04-07 04:04:05,907] Trial 8 finished with value: 0.8166666666666667 and parameters: {'var_smoothing': 4.686144741221158e-10}. Best is trial 1 with value: 0.8166666666666667.
[I 2026-04-07 04:04:08,149] Trial 9 finished with value: 0.8166666666666667 and parameters: {'var_smoothing': 1.7580809350683337e-09}. Best is trial 1 with value: 0.8166666666666667.
[I 2026-04-07 04:04:10,450] Trial 10 finished with value: 0.8166666666666667 and parameters: {'var_smoothing': 3.3308482966503767e-10}. Best is trial 1 with value: 0.8166666666666667.
[I 2026-04-07 04:04:12,748] Trial 11 finished with value: 0.8166666666666667 and parameters: {'var_smoothing': 1.1166686882839625e-10}. Best is trial 1 with value: 0.8166666666666667.
[I 2026-04-07 04:04:15,019] Trial 12 finished with value: 0.8166666666666667 and parameters: {'var_smoothing': 1.959077691502477e-10}. Best is trial 1 with value: 0.8166666666666667.
[I 2026-04-07 04:04:15,039] Trial 13 finished with value: 0.8166666666666667 and parameters: {'var_smoothing': 2.855201951677185e-10}. Best is trial 1 with value: 0.8166666666666667.
[I 2026-04-07 04:04:15,056] Trial 14 finished with value: 0.8166666666666667 and parameters: {'var_smoothing': 1.0816035052795259e-10}. Best is trial 1 with value: 0.8166666666666667.
[I 2026-04-07 04:04:15,073] Trial 15 finished with value: 0.8166666666666667 and parameters: {'var_smoothing': 5.270965649538733e-10}. Best is trial 1 with value: 0.8166666666666667.
[I 2026-04-07 04:04:15,093] Trial 16 finished with value: 0.7999999999999999 and parameters: {'var_smoothing': 2.8673314168324165e-09}. Best is trial 1 with value: 0.8166666666666667.
[I 2026-04-07 04:04:15,134] Trial 17 finished with value: 0.8166666666666667 and parameters: {'var_smoothing': 2.412486610614855e-10}. Best is trial 1 with value: 0.8166666666666667.
[I 2026-04-07 04:04:15,155] Trial 18 finished with value: 0.8166666666666667 and parameters: {'var_smoothing': 8.554049990785486e-10}. Best is trial 1 with value: 0.8166666666666667.
