[I 2026-04-07 01:36:42,230] Trial 29 finished with value: 0.7 and parameters: {'hidden_layer_sizes': (100,), 'max_iter': 50, 'alpha': 0.0001}. Best is trial 11 with value: 0.75.
[I 2026-04-07 01:49:30,042] A new study created in memory with name: naive_bayes
Parámetros guardados en checkpoint_paysim_Doriginal_I_sin_full/ag/IPC_10/best_models_ag_seed_7_space_original/naive_bayes_best_params.json


>>> Optuna tuning logreg metodo ag IPC 10 seed 7


Parámetros guardados en checkpoint_paysim_Doriginal_I_sin_full/ag/IPC_10/best_models_ag_seed_7_space_original/logreg_best_params.json


>>> Optuna tuning knn metodo ag IPC 10 seed 7


Parámetros guardados en checkpoint_paysim_Doriginal_I_sin_full/ag/IPC_10/best_models_ag_seed_7_space_original/knn_best_params.json


>>> Optuna tuning xgb metodo ag IPC 10 seed 7


Parámetros guardados en checkpoint_paysim_Doriginal_I_sin_full/ag/IPC_10/best_models_ag_seed_7_space_original/xgb_best_params.json


>>> Optuna tuning rf metodo ag IPC 10 seed 7


Parámetros guardados en checkpoint_paysim_Doriginal_I_sin_full/ag/IPC_10/best_models_ag_seed_7_space_original/rf_best_params.json


>>> Optuna tuning mlp metodo ag IPC 10 seed 7


Parámetros guardados en checkpoint_paysim_Doriginal_I_sin_full/ag/IPC_10/best_models_ag_seed_7_space_original/mlp_best_params.json


>>> Optuna tuning naive_bayes metodo k_center IPC 10 seed 7


Parámetros guardados en checkpoint_paysim_Doriginal_I_sin_full/k_center/IPC_10/best_models_k_center_seed_7_space_original/naive_bayes_best_params.json


>>> Optuna tuning logreg metodo k_center IPC 10 seed 7


Parámetros guardados en checkpoint_paysim_Doriginal_I_sin_full/k_center/IPC_10/best_models_k_center_seed_7_space_original/logreg_best_params.json


>>> Optuna tuning knn metodo k_center IPC 10 seed 7


Parámetros guardados en checkpoint_paysim_Doriginal_I_sin_full/k_center/IPC_10/best_models_k_center_seed_7_space_original/knn_best_params.json


>>> Optuna tuning xgb metodo k_center IPC 10 seed 7


Parámetros guardados en checkpoint_paysim_Doriginal_I_sin_full/k_center/IPC_10/best_models_k_center_seed_7_space_original/xgb_best_params.json


>>> Optuna tuning rf metodo k_center IPC 10 seed 7


Parámetros guardados en checkpoint_paysim_Doriginal_I_sin_full/k_center/IPC_10/best_models_k_center_seed_7_space_original/rf_best_params.json


>>> Optuna tuning mlp metodo k_center IPC 10 seed 7


Parámetros guardados en checkpoint_paysim_Doriginal_I_sin_full/k_center/IPC_10/best_models_k_center_seed_7_space_original/mlp_best_params.json


>>> Optuna tuning naive_bayes metodo lc IPC 10 seed 7


Parámetros guardados en checkpoint_paysim_Doriginal_I_sin_full/lc/IPC_10/best_models_lc_seed_7_space_original/naive_bayes_best_params.json


>>> Optuna tuning logreg metodo lc IPC 10 seed 7


Parámetros guardados en checkpoint_paysim_Doriginal_I_sin_full/lc/IPC_10/best_models_lc_seed_7_space_original/logreg_best_params.json


>>> Optuna tuning knn metodo lc IPC 10 seed 7


Parámetros guardados en checkpoint_paysim_Doriginal_I_sin_full/lc/IPC_10/best_models_lc_seed_7_space_original/knn_best_params.json


>>> Optuna tuning xgb metodo lc IPC 10 seed 7


Parámetros guardados en checkpoint_paysim_Doriginal_I_sin_full/lc/IPC_10/best_models_lc_seed_7_space_original/xgb_best_params.json


>>> Optuna tuning rf metodo lc IPC 10 seed 7


Parámetros guardados en checkpoint_paysim_Doriginal_I_sin_full/lc/IPC_10/best_models_lc_seed_7_space_original/rf_best_params.json


>>> Optuna tuning mlp metodo lc IPC 10 seed 7


Parámetros guardados en checkpoint_paysim_Doriginal_I_sin_full/lc/IPC_10/best_models_lc_seed_7_space_original/mlp_best_params.json


>>> Optuna tuning naive_bayes metodo random IPC 10 seed 8


Parámetros guardados en checkpoint_paysim_Doriginal_I_sin_full/random/IPC_10/best_models_random_seed_8_space_original/naive_bayes_best_params.json


>>> Optuna tuning logreg metodo random IPC 10 seed 8


Parámetros guardados en checkpoint_paysim_Doriginal_I_sin_full/random/IPC_10/best_models_random_seed_8_space_original/logreg_best_params.json


>>> Optuna tuning knn metodo random IPC 10 seed 8


Parámetros guardados en checkpoint_paysim_Doriginal_I_sin_full/random/IPC_10/best_models_random_seed_8_space_original/knn_best_params.json


>>> Optuna tuning xgb metodo random IPC 10 seed 8


Parámetros guardados en checkpoint_paysim_Doriginal_I_sin_full/random/IPC_10/best_models_random_seed_8_space_original/xgb_best_params.json


>>> Optuna tuning rf metodo random IPC 10 seed 8


Parámetros guardados en checkpoint_paysim_Doriginal_I_sin_full/random/IPC_10/best_models_random_seed_8_space_original/rf_best_params.json


>>> Optuna tuning mlp metodo random IPC 10 seed 8


Parámetros guardados en checkpoint_paysim_Doriginal_I_sin_full/random/IPC_10/best_models_random_seed_8_space_original/mlp_best_params.json


>>> Optuna tuning naive_bayes metodo k-means IPC 10 seed 8


Parámetros guardados en checkpoint_paysim_Doriginal_I_sin_full/k-means/IPC_10/best_models_k-means_seed_8_space_original/naive_bayes_best_params.json


>>> Optuna tuning logreg metodo k-means IPC 10 seed 8


Parámetros guardados en checkpoint_paysim_Doriginal_I_sin_full/k-means/IPC_10/best_models_k-means_seed_8_space_original/logreg_best_params.json


>>> Optuna tuning knn metodo k-means IPC 10 seed 8


Parámetros guardados en checkpoint_paysim_Doriginal_I_sin_full/k-means/IPC_10/best_models_k-means_seed_8_space_original/knn_best_params.json


>>> Optuna tuning xgb metodo k-means IPC 10 seed 8


Parámetros guardados en checkpoint_paysim_Doriginal_I_sin_full/k-means/IPC_10/best_models_k-means_seed_8_space_original/xgb_best_params.json


>>> Optuna tuning rf metodo k-means IPC 10 seed 8


Parámetros guardados en checkpoint_paysim_Doriginal_I_sin_full/k-means/IPC_10/best_models_k-means_seed_8_space_original/rf_best_params.json


>>> Optuna tuning mlp metodo k-means IPC 10 seed 8


Parámetros guardados en checkpoint_paysim_Doriginal_I_sin_full/k-means/IPC_10/best_models_k-means_seed_8_space_original/mlp_best_params.json


>>> Optuna tuning naive_bayes metodo ag IPC 10 seed 8


[I 2026-04-07 01:49:32,524] Trial 0 finished with value: 0.85 and parameters: {'var_smoothing': 5.582886587978182e-09}. Best is trial 0 with value: 0.85.
[I 2026-04-07 01:49:34,808] Trial 1 finished with value: 0.85 and parameters: {'var_smoothing': 8.651299071518215e-09}. Best is trial 0 with value: 0.85.
[I 2026-04-07 01:49:37,109] Trial 2 finished with value: 0.85 and parameters: {'var_smoothing': 5.475062490474489e-09}. Best is trial 0 with value: 0.85.
[I 2026-04-07 01:49:39,392] Trial 3 finished with value: 0.85 and parameters: {'var_smoothing': 1.1526869678723134e-09}. Best is trial 0 with value: 0.85.
[I 2026-04-07 01:49:41,797] Trial 4 finished with value: 0.85 and parameters: {'var_smoothing': 2.920496270341785e-10}. Best is trial 0 with value: 0.85.
[I 2026-04-07 01:49:44,197] Trial 5 finished with value: 0.85 and parameters: {'var_smoothing': 1.0538956417705805e-10}. Best is trial 0 with value: 0.85.
[I 2026-04-07 01:49:46,501] Trial 6 finished with value: 0.85 and parameters: {'var_smoothing': 7.260016982331591e-10}. Best is trial 0 with value: 0.85.
[I 2026-04-07 01:49:48,805] Trial 7 finished with value: 0.85 and parameters: {'var_smoothing': 6.378267364653917e-10}. Best is trial 0 with value: 0.85.
[I 2026-04-07 01:49:51,070] Trial 8 finished with value: 0.85 and parameters: {'var_smoothing': 1.1100673847791952e-09}. Best is trial 0 with value: 0.85.
[I 2026-04-07 01:49:53,585] Trial 9 finished with value: 0.85 and parameters: {'var_smoothing': 9.052813879088377e-10}. Best is trial 0 with value: 0.85.
[I 2026-04-07 01:49:55,932] Trial 10 finished with value: 0.85 and parameters: {'var_smoothing': 3.20543606083287e-09}. Best is trial 0 with value: 0.85.
[I 2026-04-07 01:49:58,251] Trial 11 finished with value: 0.85 and parameters: {'var_smoothing': 8.433965140342417e-09}. Best is trial 0 with value: 0.85.
[I 2026-04-07 01:50:00,561] Trial 12 finished with value: 0.85 and parameters: {'var_smoothing': 2.860874278982245e-09}. Best is trial 0 with value: 0.85.
[I 2026-04-07 01:50:00,589] Trial 13 finished with value: 0.85 and parameters: {'var_smoothing': 9.270349036178526e-09}. Best is trial 0 with value: 0.85.
[I 2026-04-07 01:50:00,618] Trial 14 finished with value: 0.85 and parameters: {'var_smoothing': 3.13069447640915e-09}. Best is trial 0 with value: 0.85.
[I 2026-04-07 01:50:00,648] Trial 15 finished with value: 0.85 and parameters: {'var_smoothing': 5.223604886811285e-09}. Best is trial 0 with value: 0.85.
[I 2026-04-07 01:50:00,665] Trial 16 finished with value: 0.85 and parameters: {'var_smoothing': 2.0295724993447026e-09}. Best is trial 0 with value: 0.85.
[I 2026-04-07 01:50:00,692] Trial 17 finished with value: 0.85 and parameters: {'var_smoothing': 5.880433102756661e-09}. Best is trial 0 with value: 0.85.
[I 2026-04-07 01:50:00,712] Trial 18 finished with value: 0.85 and parameters: {'var_smoothing': 1.6980964875204416e-09}. Best is trial 0 with value: 0.85.
[I 2026-04-07 01:50:00,740] Trial 19 finished with value: 0.85 and parameters: {'var_smoothing': 4.2955625192244405e-09}. Best is trial 0 with value: 0.85.
[I 2026-04-07 01:50:00,769] Trial 20 finished with value: 0.85 and parameters: {'var_smoothing': 9.833771947222685e-09}. Best is trial 0 with value: 0.85.
[I 2026-04-07 01:50:00,786] Trial 21 finished with value: 0.85 and parameters: {'var_smoothing': 6.0482464086364635e-09}. Best is trial 0 with value: 0.85.
[I 2026-04-07 01:50:00,814] Trial 22 finished with value: 0.85 and parameters: {'var_smoothing': 4.537628481410357e-09}. Best is trial 0 with value: 0.85.
[I 2026-04-07 01:50:00,835] Trial 23 finished with value: 0.85 and parameters: {'var_smoothing': 6.750528289210463e-09}. Best is trial 0 with value: 0.85.
[I 2026-04-07 01:50:00,856] Trial 24 finished with value: 0.85 and parameters: {'var_smoothing': 2.2780337647355764e-09}. Best is trial 0 with value: 0.85.
[I 2026-04-07 01:50:00,876] Trial 25 finished with value: 0.85 and parameters: {'var_smoothing': 3.986918574074946e-09}. Best is trial 0 with value: 0.85.
[I 2026-04-07 01:50:00,895] Trial 26 finished with value: 0.85 and parameters: {'var_smoothing': 1.7707565248297843e-09}. Best is trial 0 with value: 0.85.
[I 2026-04-07 01:50:00,912] Trial 27 finished with value: 0.85 and parameters: {'var_smoothing': 6.732492847962814e-09}. Best is trial 0 with value: 0.85.
[I 2026-04-07 01:50:00,929] Trial 28 finished with value: 0.85 and parameters: {'var_smoothing': 3.8684773890893174e-10}. Best is trial 0 with value: 0.85.
[I 2026-04-07 01:50:00,945] Trial 29 finished with value: 0.85 and parameters: {'var_smoothing': 1.5480090897085013e-09}. Best is trial 0 with value: 0.85.
[I 2026-04-07 01:50:01,973] A new study created in memory with name: logreg
[I 2026-04-07 01:50:02,048] Trial 0 finished with value: 0.75 and parameters: {'C': 23.288794782471303, 'penalty': 'l2'}. Best is trial 0 with value: 0.75.
[I 2026-04-07 01:50:02,139] Trial 1 finished with value: 0.8 and parameters: {'C': 69.61507800412923, 'penalty': 'l2'}. Best is trial 1 with value: 0.8.
[I 2026-04-07 01:50:02,193] Trial 2 finished with value: 0.75 and parameters: {'C': 22.180569925473442, 'penalty': 'l2'}. Best is trial 1 with value: 0.8.
[I 2026-04-07 01:50:02,253] Trial 3 finished with value: 0.7 and parameters: {'C': 0.4511058486037652, 'penalty': 'l2'}. Best is trial 1 with value: 0.8.
[I 2026-04-07 01:50:02,337] Trial 4 finished with value: 0.35 and parameters: {'C': 0.014576110093994574, 'penalty': 'l2'}. Best is trial 1 with value: 0.8.
[I 2026-04-07 01:50:02,390] Trial 5 finished with value: 0.2 and parameters: {'C': 0.0011402340906886685, 'penalty': 'l2'}. Best is trial 1 with value: 0.8.
[I 2026-04-07 01:50:02,453] Trial 6 finished with value: 0.65 and parameters: {'C': 0.14201822862985758, 'penalty': 'l2'}. Best is trial 1 with value: 0.8.
[I 2026-04-07 01:50:02,506] Trial 7 finished with value: 0.6 and parameters: {'C': 0.1027440782219989, 'penalty': 'l2'}. Best is trial 1 with value: 0.8.
[I 2026-04-07 01:50:02,550] Trial 8 finished with value: 0.7 and parameters: {'C': 0.41055690122086846, 'penalty': 'l2'}. Best is trial 1 with value: 0.8.
[I 2026-04-07 01:50:02,606] Trial 9 finished with value: 0.7 and parameters: {'C': 0.24658064201770763, 'penalty': 'l2'}. Best is trial 1 with value: 0.8.
[I 2026-04-07 01:50:02,667] Trial 10 finished with value: 0.85 and parameters: {'C': 92.46141821928147, 'penalty': 'l2'}. Best is trial 10 with value: 0.85.
[I 2026-04-07 01:50:02,717] Trial 11 finished with value: 0.75 and parameters: {'C': 65.87674766828499, 'penalty': 'l2'}. Best is trial 10 with value: 0.85.
[I 2026-04-07 01:50:02,747] Trial 12 finished with value: 0.8 and parameters: {'C': 3.835078223030007, 'penalty': 'l2'}. Best is trial 10 with value: 0.85.
[I 2026-04-07 01:50:02,772] Trial 13 finished with value: 0.75 and parameters: {'C': 5.213385184611433, 'penalty': 'l2'}. Best is trial 10 with value: 0.85.
[I 2026-04-07 01:50:02,798] Trial 14 finished with value: 0.85 and parameters: {'C': 86.3055046696311, 'penalty': 'l2'}. Best is trial 10 with value: 0.85.
[I 2026-04-07 01:50:02,823] Trial 15 finished with value: 0.75 and parameters: {'C': 2.8264842748944012, 'penalty': 'l2'}. Best is trial 10 with value: 0.85.
[I 2026-04-07 01:50:02,849] Trial 16 finished with value: 0.75 and parameters: {'C': 23.89627620103215, 'penalty': 'l2'}. Best is trial 10 with value: 0.85.
[I 2026-04-07 01:50:02,874] Trial 17 finished with value: 0.85 and parameters: {'C': 92.85698360324538, 'penalty': 'l2'}. Best is trial 10 with value: 0.85.
[I 2026-04-07 01:50:02,899] Trial 18 finished with value: 0.75 and parameters: {'C': 1.3878291846773438, 'penalty': 'l2'}. Best is trial 10 with value: 0.85.
[I 2026-04-07 01:50:02,924] Trial 19 finished with value: 0.75 and parameters: {'C': 9.147627292903197, 'penalty': 'l2'}. Best is trial 10 with value: 0.85.
[I 2026-04-07 01:50:02,940] Trial 20 finished with value: 0.4 and parameters: {'C': 0.019135351676616195, 'penalty': 'l2'}. Best is trial 10 with value: 0.85.
[I 2026-04-07 01:50:02,965] Trial 21 finished with value: 0.85 and parameters: {'C': 87.6362816184103, 'penalty': 'l2'}. Best is trial 10 with value: 0.85.
[I 2026-04-07 01:50:02,991] Trial 22 finished with value: 0.8 and parameters: {'C': 16.32689644745648, 'penalty': 'l2'}. Best is trial 10 with value: 0.85.
[I 2026-04-07 01:50:03,015] Trial 23 finished with value: 0.75 and parameters: {'C': 37.14386873887575, 'penalty': 'l2'}. Best is trial 10 with value: 0.85.
[I 2026-04-07 01:50:03,040] Trial 24 finished with value: 0.85 and parameters: {'C': 88.18096286646517, 'penalty': 'l2'}. Best is trial 10 with value: 0.85.
[I 2026-04-07 01:50:03,066] Trial 25 finished with value: 0.75 and parameters: {'C': 9.490772059969443, 'penalty': 'l2'}. Best is trial 10 with value: 0.85.
[I 2026-04-07 01:50:03,094] Trial 26 finished with value: 0.75 and parameters: {'C': 0.9702079172124886, 'penalty': 'l2'}. Best is trial 10 with value: 0.85.
[I 2026-04-07 01:50:03,134] Trial 27 finished with value: 0.75 and parameters: {'C': 46.53396739292405, 'penalty': 'l2'}. Best is trial 10 with value: 0.85.
[I 2026-04-07 01:50:03,164] Trial 28 finished with value: 0.75 and parameters: {'C': 9.292558963528046, 'penalty': 'l2'}. Best is trial 10 with value: 0.85.
[I 2026-04-07 01:50:03,194] Trial 29 finished with value: 0.75 and parameters: {'C': 30.523641612353295, 'penalty': 'l2'}. Best is trial 10 with value: 0.85.
[I 2026-04-07 01:50:04,217] A new study created in memory with name: knn
[I 2026-04-07 01:50:04,291] Trial 0 finished with value: 0.5 and parameters: {'n_neighbors': 9, 'leaf_size': 40, 'p': 1}. Best is trial 0 with value: 0.5.
[I 2026-04-07 01:50:04,337] Trial 1 finished with value: 0.65 and parameters: {'n_neighbors': 4, 'leaf_size': 20, 'p': 1}. Best is trial 1 with value: 0.65.
[I 2026-04-07 01:50:04,393] Trial 2 finished with value: 0.5 and parameters: {'n_neighbors': 7, 'leaf_size': 30, 'p': 1}. Best is trial 1 with value: 0.65.
[I 2026-04-07 01:50:04,449] Trial 3 finished with value: 0.5 and parameters: {'n_neighbors': 9, 'leaf_size': 34, 'p': 1}. Best is trial 1 with value: 0.65.
[I 2026-04-07 01:50:04,495] Trial 4 finished with value: 0.55 and parameters: {'n_neighbors': 5, 'leaf_size': 40, 'p': 1}. Best is trial 1 with value: 0.65.
[I 2026-04-07 01:50:04,531] Trial 5 finished with value: 0.65 and parameters: {'n_neighbors': 3, 'leaf_size': 40, 'p': 2}. Best is trial 1 with value: 0.65.
[I 2026-04-07 01:50:04,576] Trial 6 finished with value: 0.65 and parameters: {'n_neighbors': 3, 'leaf_size': 24, 'p': 2}. Best is trial 1 with value: 0.65.
[I 2026-04-07 01:50:04,611] Trial 7 finished with value: 0.6 and parameters: {'n_neighbors': 5, 'leaf_size': 40, 'p': 2}. Best is trial 1 with value: 0.65.
[I 2026-04-07 01:50:04,646] Trial 8 finished with value: 0.6 and parameters: {'n_neighbors': 6, 'leaf_size': 36, 'p': 1}. Best is trial 1 with value: 0.65.
[I 2026-04-07 01:50:04,692] Trial 9 finished with value: 0.6 and parameters: {'n_neighbors': 6, 'leaf_size': 25, 'p': 1}. Best is trial 1 with value: 0.65.
[I 2026-04-07 01:50:04,738] Trial 10 finished with value: 0.65 and parameters: {'n_neighbors': 4, 'leaf_size': 22, 'p': 2}. Best is trial 1 with value: 0.65.
[I 2026-04-07 01:50:04,793] Trial 11 finished with value: 0.65 and parameters: {'n_neighbors': 3, 'leaf_size': 29, 'p': 2}. Best is trial 1 with value: 0.65.
[I 2026-04-07 01:50:04,818] Trial 12 finished with value: 0.65 and parameters: {'n_neighbors': 3, 'leaf_size': 20, 'p': 2}. Best is trial 1 with value: 0.65.
[I 2026-04-07 01:50:04,850] Trial 13 finished with value: 0.65 and parameters: {'n_neighbors': 4, 'leaf_size': 28, 'p': 2}. Best is trial 1 with value: 0.65.
[I 2026-04-07 01:50:04,876] Trial 14 finished with value: 0.65 and parameters: {'n_neighbors': 4, 'leaf_size': 34, 'p': 1}. Best is trial 1 with value: 0.65.
[I 2026-04-07 01:50:04,909] Trial 15 finished with value: 0.6 and parameters: {'n_neighbors': 7, 'leaf_size': 36, 'p': 2}. Best is trial 1 with value: 0.65.
[I 2026-04-07 01:50:04,933] Trial 16 finished with value: 0.6 and parameters: {'n_neighbors': 5, 'leaf_size': 26, 'p': 2}. Best is trial 1 with value: 0.65.
[I 2026-04-07 01:50:04,975] Trial 17 finished with value: 0.55 and parameters: {'n_neighbors': 8, 'leaf_size': 32, 'p': 1}. Best is trial 1 with value: 0.65.
[I 2026-04-07 01:50:04,999] Trial 18 finished with value: 0.65 and parameters: {'n_neighbors': 4, 'leaf_size': 37, 'p': 2}. Best is trial 1 with value: 0.65.
[I 2026-04-07 01:50:05,022] Trial 19 finished with value: 0.6 and parameters: {'n_neighbors': 3, 'leaf_size': 20, 'p': 1}. Best is trial 1 with value: 0.65.
[I 2026-04-07 01:50:05,055] Trial 20 finished with value: 0.55 and parameters: {'n_neighbors': 5, 'leaf_size': 31, 'p': 1}. Best is trial 1 with value: 0.65.
[I 2026-04-07 01:50:05,081] Trial 21 finished with value: 0.65 and parameters: {'n_neighbors': 3, 'leaf_size': 23, 'p': 2}. Best is trial 1 with value: 0.65.
[I 2026-04-07 01:50:05,117] Trial 22 finished with value: 0.65 and parameters: {'n_neighbors': 3, 'leaf_size': 23, 'p': 2}. Best is trial 1 with value: 0.65.
[I 2026-04-07 01:50:05,173] Trial 23 finished with value: 0.55 and parameters: {'n_neighbors': 10, 'leaf_size': 26, 'p': 2}. Best is trial 1 with value: 0.65.
[I 2026-04-07 01:50:05,208] Trial 24 finished with value: 0.65 and parameters: {'n_neighbors': 4, 'leaf_size': 22, 'p': 2}. Best is trial 1 with value: 0.65.
[I 2026-04-07 01:50:05,233] Trial 25 finished with value: 0.65 and parameters: {'n_neighbors': 3, 'leaf_size': 24, 'p': 2}. Best is trial 1 with value: 0.65.
[I 2026-04-07 01:50:05,258] Trial 26 finished with value: 0.65 and parameters: {'n_neighbors': 4, 'leaf_size': 27, 'p': 2}. Best is trial 1 with value: 0.65.
[I 2026-04-07 01:50:05,279] Trial 27 finished with value: 0.65 and parameters: {'n_neighbors': 6, 'leaf_size': 21, 'p': 2}. Best is trial 1 with value: 0.65.
[I 2026-04-07 01:50:05,305] Trial 28 finished with value: 0.6 and parameters: {'n_neighbors': 3, 'leaf_size': 24, 'p': 1}. Best is trial 1 with value: 0.65.
[I 2026-04-07 01:50:05,326] Trial 29 finished with value: 0.55 and parameters: {'n_neighbors': 5, 'leaf_size': 20, 'p': 1}. Best is trial 1 with value: 0.65.
[I 2026-04-07 01:50:06,564] A new study created in memory with name: xgb
[I 2026-04-07 01:50:06,620] Trial 0 finished with value: 0.75 and parameters: {'n_estimators': 40, 'max_depth': 5, 'gamma': 0.4874219364632415, 'subsample': 0.7011756800186824, 'colsample_bytree': 0.7613373356762848}. Best is trial 0 with value: 0.75.
[I 2026-04-07 01:50:06,679] Trial 1 finished with value: 0.8 and parameters: {'n_estimators': 40, 'max_depth': 5, 'gamma': 0.483482593428573, 'subsample': 0.6445375140090439, 'colsample_bytree': 0.9869276206002231}. Best is trial 1 with value: 0.8.
[I 2026-04-07 01:50:06,728] Trial 2 finished with value: 0.75 and parameters: {'n_estimators': 10, 'max_depth': 5, 'gamma': 0.16384856027517886, 'subsample': 0.6123849694840227, 'colsample_bytree': 0.6968174574718025}. Best is trial 1 with value: 0.8.
[I 2026-04-07 01:50:06,796] Trial 3 finished with value: 0.75 and parameters: {'n_estimators': 100, 'max_depth': 30, 'gamma': 0.7877441182293641, 'subsample': 0.9694019566553859, 'colsample_bytree': 0.6598448982335139}. Best is trial 1 with value: 0.8.
[I 2026-04-07 01:50:06,864] Trial 4 finished with value: 0.8 and parameters: {'n_estimators': 100, 'max_depth': 5, 'gamma': 0.816017102586079, 'subsample': 0.5160040782128984, 'colsample_bytree': 0.7277239110529665}. Best is trial 1 with value: 0.8.
[I 2026-04-07 01:50:06,910] Trial 5 finished with value: 0.75 and parameters: {'n_estimators': 40, 'max_depth': 20, 'gamma': 0.6643500821697236, 'subsample': 0.6076588997363731, 'colsample_bytree': 0.5754850538287481}. Best is trial 1 with value: 0.8.
