[I 2026-04-09 21:27:34,700] Trial 1 finished with value: 0.975 and parameters: {'n_estimators': 100, 'max_depth': 30, 'gamma': 0.9912018442360747, 'subsample': 0.9099290984609207, 'colsample_bytree': 0.7066004674080903}. Best is trial 0 with value: 0.975.
[I 2026-04-09 21:27:34,724] Trial 2 finished with value: 1.0 and parameters: {'n_estimators': 10, 'max_depth': 20, 'gamma': 0.7382185757030506, 'subsample': 0.7704684271512641, 'colsample_bytree': 0.5624120871903049}. Best is trial 2 with value: 1.0.
[I 2026-04-09 21:27:34,748] Trial 3 finished with value: 0.975 and parameters: {'n_estimators': 10, 'max_depth': 20, 'gamma': 0.7041784887453524, 'subsample': 0.7995029565695583, 'colsample_bytree': 0.8586660727777565}. Best is trial 2 with value: 1.0.
[I 2026-04-09 21:27:34,772] Trial 4 finished with value: 0.975 and parameters: {'n_estimators': 10, 'max_depth': 20, 'gamma': 0.46549701645255037, 'subsample': 0.9946899241400011, 'colsample_bytree': 0.725249640372583}. Best is trial 2 with value: 1.0.
[I 2026-04-09 21:27:34,799] Trial 5 finished with value: 0.975 and parameters: {'n_estimators': 40, 'max_depth': 20, 'gamma': 0.3554734452019276, 'subsample': 0.5947710951851903, 'colsample_bytree': 0.7356254823676576}. Best is trial 2 with value: 1.0.
[I 2026-04-09 21:27:34,822] Trial 6 finished with value: 0.975 and parameters: {'n_estimators': 40, 'max_depth': 20, 'gamma': 0.8967376717636345, 'subsample': 0.988276510203839, 'colsample_bytree': 0.9184542964535913}. Best is trial 2 with value: 1.0.
[I 2026-04-09 21:27:34,851] Trial 7 finished with value: 0.975 and parameters: {'n_estimators': 40, 'max_depth': 30, 'gamma': 0.7149068474388774, 'subsample': 0.5696358027454862, 'colsample_bytree': 0.8514125286992056}. Best is trial 2 with value: 1.0.
[I 2026-04-09 21:27:34,876] Trial 8 finished with value: 1.0 and parameters: {'n_estimators': 100, 'max_depth': 30, 'gamma': 0.2471398756881566, 'subsample': 0.8241126205332553, 'colsample_bytree': 0.6258070715852391}. Best is trial 2 with value: 1.0.
[I 2026-04-09 21:27:34,900] Trial 9 finished with value: 0.975 and parameters: {'n_estimators': 40, 'max_depth': 30, 'gamma': 0.8599846034069103, 'subsample': 0.8019332783535529, 'colsample_bytree': 0.7936068454878676}. Best is trial 2 with value: 1.0.
[I 2026-04-09 21:27:34,933] Trial 10 finished with value: 1.0 and parameters: {'n_estimators': 10, 'max_depth': 5, 'gamma': 0.11132541504315885, 'subsample': 0.676251899486003, 'colsample_bytree': 0.5127475876854589}. Best is trial 2 with value: 1.0.
[I 2026-04-09 21:27:34,972] Trial 11 finished with value: 1.0 and parameters: {'n_estimators': 100, 'max_depth': 5, 'gamma': 0.18690472049939755, 'subsample': 0.8491972473387666, 'colsample_bytree': 0.5773932789558922}. Best is trial 2 with value: 1.0.
[I 2026-04-09 21:27:35,036] Trial 12 finished with value: 1.0 and parameters: {'n_estimators': 100, 'max_depth': 30, 'gamma': 0.3273879186161104, 'subsample': 0.8836130003663432, 'colsample_bytree': 0.6018330028638902}. Best is trial 2 with value: 1.0.
[I 2026-04-09 21:27:35,089] Trial 13 finished with value: 1.0 and parameters: {'n_estimators': 100, 'max_depth': 20, 'gamma': 0.6311557959742791, 'subsample': 0.7441364419941842, 'colsample_bytree': 0.602495191779791}. Best is trial 2 with value: 1.0.
[I 2026-04-09 21:27:35,140] Trial 14 finished with value: 0.975 and parameters: {'n_estimators': 100, 'max_depth': 5, 'gamma': 0.4592327922803828, 'subsample': 0.6421390529591685, 'colsample_bytree': 0.5013541727082262}. Best is trial 2 with value: 1.0.
[I 2026-04-09 21:27:35,175] Trial 15 finished with value: 0.975 and parameters: {'n_estimators': 10, 'max_depth': 20, 'gamma': 0.2832409836034423, 'subsample': 0.5126758315622729, 'colsample_bytree': 0.6683713429667351}. Best is trial 2 with value: 1.0.
[I 2026-04-09 21:27:35,204] Trial 16 finished with value: 1.0 and parameters: {'n_estimators': 10, 'max_depth': 30, 'gamma': 0.7605096233409349, 'subsample': 0.784103538396215, 'colsample_bytree': 0.5710570474529844}. Best is trial 2 with value: 1.0.
[I 2026-04-09 21:27:35,244] Trial 17 finished with value: 0.975 and parameters: {'n_estimators': 100, 'max_depth': 30, 'gamma': 0.4606149120715663, 'subsample': 0.8554588769209791, 'colsample_bytree': 0.9933840889987662}. Best is trial 2 with value: 1.0.
[I 2026-04-09 21:27:35,283] Trial 18 finished with value: 0.975 and parameters: {'n_estimators': 100, 'max_depth': 20, 'gamma': 0.22204603961718666, 'subsample': 0.9150648738044472, 'colsample_bytree': 0.6532994909286872}. Best is trial 2 with value: 1.0.
[I 2026-04-09 21:27:35,325] Trial 19 finished with value: 1.0 and parameters: {'n_estimators': 10, 'max_depth': 5, 'gamma': 0.8066173901708182, 'subsample': 0.7335816818616474, 'colsample_bytree': 0.5567402515267004}. Best is trial 2 with value: 1.0.
[I 2026-04-09 21:27:35,365] Trial 20 finished with value: 0.975 and parameters: {'n_estimators': 100, 'max_depth': 30, 'gamma': 0.6397877373108088, 'subsample': 0.6744541272659402, 'colsample_bytree': 0.7723977728913606}. Best is trial 2 with value: 1.0.
[I 2026-04-09 21:27:35,402] Trial 21 finished with value: 1.0 and parameters: {'n_estimators': 10, 'max_depth': 5, 'gamma': 0.10884944353746728, 'subsample': 0.67038573773377, 'colsample_bytree': 0.5027055973706281}. Best is trial 2 with value: 1.0.
[I 2026-04-09 21:27:35,443] Trial 22 finished with value: 0.95 and parameters: {'n_estimators': 10, 'max_depth': 5, 'gamma': 0.10092895285646053, 'subsample': 0.7758178272271127, 'colsample_bytree': 0.531375547923503}. Best is trial 2 with value: 1.0.
[I 2026-04-09 21:27:35,486] Trial 23 finished with value: 0.975 and parameters: {'n_estimators': 10, 'max_depth': 5, 'gamma': 0.2061036983160042, 'subsample': 0.8300259947552874, 'colsample_bytree': 0.6243448177833367}. Best is trial 2 with value: 1.0.
[I 2026-04-09 21:27:35,527] Trial 24 finished with value: 1.0 and parameters: {'n_estimators': 10, 'max_depth': 5, 'gamma': 0.1663626032705326, 'subsample': 0.616492581161188, 'colsample_bytree': 0.5327854505460985}. Best is trial 2 with value: 1.0.
[I 2026-04-09 21:27:35,569] Trial 25 finished with value: 0.975 and parameters: {'n_estimators': 10, 'max_depth': 5, 'gamma': 0.39629697350183657, 'subsample': 0.6949046222448587, 'colsample_bytree': 0.6458285361555025}. Best is trial 2 with value: 1.0.
[I 2026-04-09 21:27:35,597] Trial 26 finished with value: 0.975 and parameters: {'n_estimators': 10, 'max_depth': 20, 'gamma': 0.26752042745897964, 'subsample': 0.7189437303965918, 'colsample_bytree': 0.5404026995820872}. Best is trial 2 with value: 1.0.
[I 2026-04-09 21:27:35,637] Trial 27 finished with value: 0.975 and parameters: {'n_estimators': 10, 'max_depth': 5, 'gamma': 0.5229865964102105, 'subsample': 0.7639596604697698, 'colsample_bytree': 0.6059256276232006}. Best is trial 2 with value: 1.0.
[I 2026-04-09 21:27:35,674] Trial 28 finished with value: 1.0 and parameters: {'n_estimators': 40, 'max_depth': 30, 'gamma': 0.13772209185529574, 'subsample': 0.937524446709028, 'colsample_bytree': 0.5832116118851376}. Best is trial 2 with value: 1.0.
[I 2026-04-09 21:27:35,708] Trial 29 finished with value: 0.975 and parameters: {'n_estimators': 100, 'max_depth': 20, 'gamma': 0.5581758051883761, 'subsample': 0.8213607931326516, 'colsample_bytree': 0.6734547809992187}. Best is trial 2 with value: 1.0.
[I 2026-04-09 21:27:36,055] A new study created in memory with name: rf
[I 2026-04-09 21:27:36,595] Trial 0 finished with value: 0.975 and parameters: {'n_estimators': 458, 'max_depth': 8, 'min_samples_split': 9, 'min_samples_leaf': 1}. Best is trial 0 with value: 0.975.
[I 2026-04-09 21:27:36,790] Trial 1 finished with value: 0.975 and parameters: {'n_estimators': 143, 'max_depth': 13, 'min_samples_split': 6, 'min_samples_leaf': 5}. Best is trial 0 with value: 0.975.
[I 2026-04-09 21:27:37,078] Trial 2 finished with value: 0.975 and parameters: {'n_estimators': 234, 'max_depth': 14, 'min_samples_split': 5, 'min_samples_leaf': 8}. Best is trial 0 with value: 0.975.
[I 2026-04-09 21:27:37,426] Trial 3 finished with value: 0.975 and parameters: {'n_estimators': 307, 'max_depth': 13, 'min_samples_split': 7, 'min_samples_leaf': 10}. Best is trial 0 with value: 0.975.
[I 2026-04-09 21:27:37,890] Trial 4 finished with value: 0.975 and parameters: {'n_estimators': 428, 'max_depth': 10, 'min_samples_split': 9, 'min_samples_leaf': 9}. Best is trial 0 with value: 0.975.
[I 2026-04-09 21:27:38,066] Trial 5 finished with value: 0.975 and parameters: {'n_estimators': 121, 'max_depth': 15, 'min_samples_split': 9, 'min_samples_leaf': 8}. Best is trial 0 with value: 0.975.
[I 2026-04-09 21:27:38,477] Trial 6 finished with value: 0.975 and parameters: {'n_estimators': 384, 'max_depth': 12, 'min_samples_split': 3, 'min_samples_leaf': 10}. Best is trial 0 with value: 0.975.
[I 2026-04-09 21:27:38,755] Trial 7 finished with value: 0.975 and parameters: {'n_estimators': 261, 'max_depth': 6, 'min_samples_split': 8, 'min_samples_leaf': 10}. Best is trial 0 with value: 0.975.
[I 2026-04-09 21:27:39,069] Trial 8 finished with value: 0.975 and parameters: {'n_estimators': 202, 'max_depth': 15, 'min_samples_split': 7, 'min_samples_leaf': 8}. Best is trial 0 with value: 0.975.
[I 2026-04-09 21:27:39,580] Trial 9 finished with value: 0.975 and parameters: {'n_estimators': 475, 'max_depth': 9, 'min_samples_split': 4, 'min_samples_leaf': 5}. Best is trial 0 with value: 0.975.
[I 2026-04-09 21:27:39,980] Trial 10 finished with value: 0.975 and parameters: {'n_estimators': 352, 'max_depth': 20, 'min_samples_split': 10, 'min_samples_leaf': 1}. Best is trial 0 with value: 0.975.
[I 2026-04-09 21:27:40,137] Trial 11 finished with value: 0.975 and parameters: {'n_estimators': 110, 'max_depth': 4, 'min_samples_split': 6, 'min_samples_leaf': 1}. Best is trial 0 with value: 0.975.
[I 2026-04-09 21:27:40,696] Trial 12 finished with value: 0.975 and parameters: {'n_estimators': 489, 'max_depth': 7, 'min_samples_split': 2, 'min_samples_leaf': 4}. Best is trial 0 with value: 0.975.
[I 2026-04-09 21:27:40,981] Trial 13 finished with value: 0.975 and parameters: {'n_estimators': 201, 'max_depth': 18, 'min_samples_split': 5, 'min_samples_leaf': 3}. Best is trial 0 with value: 0.975.
[I 2026-04-09 21:27:41,215] Trial 14 finished with value: 0.975 and parameters: {'n_estimators': 157, 'max_depth': 9, 'min_samples_split': 7, 'min_samples_leaf': 6}. Best is trial 0 with value: 0.975.
[I 2026-04-09 21:27:41,666] Trial 15 finished with value: 0.975 and parameters: {'n_estimators': 308, 'max_depth': 3, 'min_samples_split': 10, 'min_samples_leaf': 3}. Best is trial 0 with value: 0.975.
[I 2026-04-09 21:27:42,148] Trial 16 finished with value: 0.975 and parameters: {'n_estimators': 423, 'max_depth': 17, 'min_samples_split': 6, 'min_samples_leaf': 6}. Best is trial 0 with value: 0.975.
[I 2026-04-09 21:27:42,588] Trial 17 finished with value: 0.975 and parameters: {'n_estimators': 339, 'max_depth': 11, 'min_samples_split': 8, 'min_samples_leaf': 2}. Best is trial 0 with value: 0.975.
[I 2026-04-09 21:27:42,959] Trial 18 finished with value: 0.975 and parameters: {'n_estimators': 264, 'max_depth': 7, 'min_samples_split': 5, 'min_samples_leaf': 5}. Best is trial 0 with value: 0.975.
[I 2026-04-09 21:27:43,573] Trial 19 finished with value: 0.975 and parameters: {'n_estimators': 433, 'max_depth': 6, 'min_samples_split': 8, 'min_samples_leaf': 3}. Best is trial 0 with value: 0.975.
[I 2026-04-09 21:27:43,856] Trial 20 finished with value: 0.975 and parameters: {'n_estimators': 167, 'max_depth': 11, 'min_samples_split': 4, 'min_samples_leaf': 2}. Best is trial 0 with value: 0.975.
[I 2026-04-09 21:27:44,152] Trial 21 finished with value: 0.95 and parameters: {'n_estimators': 239, 'max_depth': 14, 'min_samples_split': 5, 'min_samples_leaf': 7}. Best is trial 0 with value: 0.975.
[I 2026-04-09 21:27:44,434] Trial 22 finished with value: 0.975 and parameters: {'n_estimators': 220, 'max_depth': 16, 'min_samples_split': 4, 'min_samples_leaf': 7}. Best is trial 0 with value: 0.975.
[I 2026-04-09 21:27:44,706] Trial 23 finished with value: 0.975 and parameters: {'n_estimators': 164, 'max_depth': 13, 'min_samples_split': 6, 'min_samples_leaf': 4}. Best is trial 0 with value: 0.975.
[I 2026-04-09 21:27:44,891] Trial 24 finished with value: 0.975 and parameters: {'n_estimators': 138, 'max_depth': 8, 'min_samples_split': 5, 'min_samples_leaf': 8}. Best is trial 0 with value: 0.975.
[I 2026-04-09 21:27:45,255] Trial 25 finished with value: 1.0 and parameters: {'n_estimators': 279, 'max_depth': 12, 'min_samples_split': 6, 'min_samples_leaf': 7}. Best is trial 25 with value: 1.0.
[I 2026-04-09 21:27:45,738] Trial 26 finished with value: 0.975 and parameters: {'n_estimators': 386, 'max_depth': 12, 'min_samples_split': 7, 'min_samples_leaf': 7}. Best is trial 25 with value: 1.0.
[I 2026-04-09 21:27:46,085] Trial 27 finished with value: 0.975 and parameters: {'n_estimators': 285, 'max_depth': 10, 'min_samples_split': 9, 'min_samples_leaf': 4}. Best is trial 25 with value: 1.0.
[I 2026-04-09 21:27:46,514] Trial 28 finished with value: 1.0 and parameters: {'n_estimators': 357, 'max_depth': 5, 'min_samples_split': 6, 'min_samples_leaf': 6}. Best is trial 25 with value: 1.0.
[I 2026-04-09 21:27:47,055] Trial 29 finished with value: 0.975 and parameters: {'n_estimators': 456, 'max_depth': 5, 'min_samples_split': 6, 'min_samples_leaf': 6}. Best is trial 25 with value: 1.0.
[I 2026-04-09 21:27:50,105] A new study created in memory with name: mlp
[I 2026-04-09 21:27:50,163] Trial 0 finished with value: 0.95 and parameters: {'hidden_layer_sizes': (100,), 'max_iter': 100, 'alpha': 0.0001}. Best is trial 0 with value: 0.95.
[I 2026-04-09 21:27:50,249] Trial 1 finished with value: 0.95 and parameters: {'hidden_layer_sizes': (100, 100), 'max_iter': 100, 'alpha': 0.001}. Best is trial 0 with value: 0.95.
[I 2026-04-09 21:27:50,307] Trial 2 finished with value: 0.95 and parameters: {'hidden_layer_sizes': (200,), 'max_iter': 100, 'alpha': 0.0001}. Best is trial 0 with value: 0.95.
[I 2026-04-09 21:27:50,367] Trial 3 finished with value: 0.95 and parameters: {'hidden_layer_sizes': (200,), 'max_iter': 50, 'alpha': 0.001}. Best is trial 0 with value: 0.95.
[I 2026-04-09 21:27:50,424] Trial 4 finished with value: 0.95 and parameters: {'hidden_layer_sizes': (100, 100), 'max_iter': 50, 'alpha': 0.0001}. Best is trial 0 with value: 0.95.
[I 2026-04-09 21:27:50,482] Trial 5 finished with value: 0.95 and parameters: {'hidden_layer_sizes': (200,), 'max_iter': 100, 'alpha': 0.0001}. Best is trial 0 with value: 0.95.
[I 2026-04-09 21:27:50,536] Trial 6 finished with value: 0.95 and parameters: {'hidden_layer_sizes': (200,), 'max_iter': 100, 'alpha': 0.001}. Best is trial 0 with value: 0.95.
[I 2026-04-09 21:27:50,598] Trial 7 finished with value: 0.95 and parameters: {'hidden_layer_sizes': (100,), 'max_iter': 100, 'alpha': 0.001}. Best is trial 0 with value: 0.95.
[I 2026-04-09 21:27:50,682] Trial 8 finished with value: 0.95 and parameters: {'hidden_layer_sizes': (100, 100), 'max_iter': 100, 'alpha': 0.0001}. Best is trial 0 with value: 0.95.
[I 2026-04-09 21:27:50,749] Trial 9 finished with value: 0.95 and parameters: {'hidden_layer_sizes': (200,), 'max_iter': 100, 'alpha': 0.0001}. Best is trial 0 with value: 0.95.
[I 2026-04-09 21:27:50,798] Trial 10 finished with value: 0.975 and parameters: {'hidden_layer_sizes': (100,), 'max_iter': 50, 'alpha': 0.0001}. Best is trial 10 with value: 0.975.
[I 2026-04-09 21:27:50,837] Trial 11 finished with value: 0.95 and parameters: {'hidden_layer_sizes': (100,), 'max_iter': 50, 'alpha': 0.0001}. Best is trial 10 with value: 0.975.
[I 2026-04-09 21:27:50,874] Trial 12 finished with value: 0.975 and parameters: {'hidden_layer_sizes': (100,), 'max_iter': 50, 'alpha': 0.0001}. Best is trial 10 with value: 0.975.
[I 2026-04-09 21:27:50,923] Trial 13 finished with value: 0.95 and parameters: {'hidden_layer_sizes': (100,), 'max_iter': 50, 'alpha': 0.0001}. Best is trial 10 with value: 0.975.
[I 2026-04-09 21:27:50,972] Trial 14 finished with value: 0.975 and parameters: {'hidden_layer_sizes': (100,), 'max_iter': 50, 'alpha': 0.0001}. Best is trial 10 with value: 0.975.
[I 2026-04-09 21:27:51,021] Trial 15 finished with value: 0.975 and parameters: {'hidden_layer_sizes': (100,), 'max_iter': 50, 'alpha': 0.0001}. Best is trial 10 with value: 0.975.
[I 2026-04-09 21:27:51,058] Trial 16 finished with value: 0.975 and parameters: {'hidden_layer_sizes': (100,), 'max_iter': 50, 'alpha': 0.0001}. Best is trial 10 with value: 0.975.
[I 2026-04-09 21:27:51,095] Trial 17 finished with value: 0.95 and parameters: {'hidden_layer_sizes': (100,), 'max_iter': 50, 'alpha': 0.0001}. Best is trial 10 with value: 0.975.
[I 2026-04-09 21:27:51,133] Trial 18 finished with value: 0.975 and parameters: {'hidden_layer_sizes': (100,), 'max_iter': 50, 'alpha': 0.001}. Best is trial 10 with value: 0.975.
[I 2026-04-09 21:27:51,169] Trial 19 finished with value: 0.95 and parameters: {'hidden_layer_sizes': (100,), 'max_iter': 50, 'alpha': 0.0001}. Best is trial 10 with value: 0.975.
[I 2026-04-09 21:27:51,225] Trial 20 finished with value: 0.95 and parameters: {'hidden_layer_sizes': (100, 100), 'max_iter': 50, 'alpha': 0.0001}. Best is trial 10 with value: 0.975.
[I 2026-04-09 21:27:51,262] Trial 21 finished with value: 0.975 and parameters: {'hidden_layer_sizes': (100,), 'max_iter': 50, 'alpha': 0.0001}. Best is trial 10 with value: 0.975.
[I 2026-04-09 21:27:51,297] Trial 22 finished with value: 0.975 and parameters: {'hidden_layer_sizes': (100,), 'max_iter': 50, 'alpha': 0.0001}. Best is trial 10 with value: 0.975.
[I 2026-04-09 21:27:51,334] Trial 23 finished with value: 0.95 and parameters: {'hidden_layer_sizes': (100,), 'max_iter': 50, 'alpha': 0.0001}. Best is trial 10 with value: 0.975.
[I 2026-04-09 21:27:51,370] Trial 24 finished with value: 0.95 and parameters: {'hidden_layer_sizes': (100,), 'max_iter': 50, 'alpha': 0.0001}. Best is trial 10 with value: 0.975.
[I 2026-04-09 21:27:51,408] Trial 25 finished with value: 0.95 and parameters: {'hidden_layer_sizes': (100,), 'max_iter': 50, 'alpha': 0.0001}. Best is trial 10 with value: 0.975.
[I 2026-04-09 21:27:51,449] Trial 26 finished with value: 0.95 and parameters: {'hidden_layer_sizes': (100,), 'max_iter': 50, 'alpha': 0.001}. Best is trial 10 with value: 0.975.
[I 2026-04-09 21:27:51,501] Trial 27 finished with value: 0.975 and parameters: {'hidden_layer_sizes': (100,), 'max_iter': 50, 'alpha': 0.0001}. Best is trial 10 with value: 0.975.
[I 2026-04-09 21:27:51,547] Trial 28 finished with value: 0.95 and parameters: {'hidden_layer_sizes': (100, 100), 'max_iter': 50, 'alpha': 0.0001}. Best is trial 10 with value: 0.975.
[I 2026-04-09 21:27:51,582] Trial 29 finished with value: 0.95 and parameters: {'hidden_layer_sizes': (100,), 'max_iter': 50, 'alpha': 0.0001}. Best is trial 10 with value: 0.975.
[I 2026-04-09 21:27:53,208] A new study created in memory with name: naive_bayes
[I 2026-04-09 21:27:53,223] Trial 0 finished with value: 0.775 and parameters: {'var_smoothing': 1.4210736239935712e-10}. Best is trial 0 with value: 0.775.
[I 2026-04-09 21:27:53,237] Trial 1 finished with value: 0.775 and parameters: {'var_smoothing': 3.629422978396398e-09}. Best is trial 0 with value: 0.775.
[I 2026-04-09 21:27:53,250] Trial 2 finished with value: 0.775 and parameters: {'var_smoothing': 7.530407234027127e-10}. Best is trial 0 with value: 0.775.
[I 2026-04-09 21:27:53,263] Trial 3 finished with value: 0.775 and parameters: {'var_smoothing': 2.7985325053380072e-09}. Best is trial 0 with value: 0.775.
[I 2026-04-09 21:27:53,276] Trial 4 finished with value: 0.775 and parameters: {'var_smoothing': 9.036058293737187e-09}. Best is trial 0 with value: 0.775.
[I 2026-04-09 21:27:53,289] Trial 5 finished with value: 0.775 and parameters: {'var_smoothing': 1.1939653980558784e-09}. Best is trial 0 with value: 0.775.
[I 2026-04-09 21:27:53,302] Trial 6 finished with value: 0.775 and parameters: {'var_smoothing': 1.005173261185167e-09}. Best is trial 0 with value: 0.775.
[I 2026-04-09 21:27:53,315] Trial 7 finished with value: 0.775 and parameters: {'var_smoothing': 1.393484899105757e-10}. Best is trial 0 with value: 0.775.
[I 2026-04-09 21:27:53,329] Trial 8 finished with value: 0.775 and parameters: {'var_smoothing': 3.4425317961147986e-10}. Best is trial 0 with value: 0.775.
[I 2026-04-09 21:27:53,346] Trial 9 finished with value: 0.775 and parameters: {'var_smoothing': 9.994590426751933e-10}. Best is trial 0 with value: 0.775.
[I 2026-04-09 21:27:53,373] Trial 10 finished with value: 0.775 and parameters: {'var_smoothing': 1.9079938112167212e-10}. Best is trial 0 with value: 0.775.
[I 2026-04-09 21:27:53,391] Trial 11 finished with value: 0.775 and parameters: {'var_smoothing': 4.7456863630433305e-09}. Best is trial 0 with value: 0.775.
[I 2026-04-09 21:27:53,407] Trial 12 finished with value: 0.775 and parameters: {'var_smoothing': 2.7185365295481096e-09}. Best is trial 0 with value: 0.775.
[I 2026-04-09 21:27:53,425] Trial 13 finished with value: 0.775 and parameters: {'var_smoothing': 4.3967291332584714e-10}. Best is trial 0 with value: 0.775.
[I 2026-04-09 21:27:53,442] Trial 14 finished with value: 0.775 and parameters: {'var_smoothing': 2.6511307931162972e-09}. Best is trial 0 with value: 0.775.
[I 2026-04-09 21:27:53,457] Trial 15 finished with value: 0.775 and parameters: {'var_smoothing': 9.000422035369052e-09}. Best is trial 0 with value: 0.775.
[I 2026-04-09 21:27:53,474] Trial 16 finished with value: 0.775 and parameters: {'var_smoothing': 2.75340575769171e-10}. Best is trial 0 with value: 0.775.
[I 2026-04-09 21:27:53,490] Trial 17 finished with value: 0.775 and parameters: {'var_smoothing': 1.0118559267516465e-10}. Best is trial 0 with value: 0.775.
[I 2026-04-09 21:27:53,507] Trial 18 finished with value: 0.775 and parameters: {'var_smoothing': 5.126237368588495e-10}. Best is trial 0 with value: 0.775.
