[I 2026-04-07 03:48:48,736] Trial 3 finished with value: 0.8 and parameters: {'hidden_layer_sizes': (200,), 'max_iter': 50, 'alpha': 0.001}. Best is trial 1 with value: 0.8666666666666668.
[I 2026-04-07 03:48:48,792] Trial 4 finished with value: 0.8333333333333334 and parameters: {'hidden_layer_sizes': (100, 100), 'max_iter': 50, 'alpha': 0.0001}. Best is trial 1 with value: 0.8666666666666668.
[I 2026-04-07 03:48:48,879] Trial 5 finished with value: 0.85 and parameters: {'hidden_layer_sizes': (200,), 'max_iter': 100, 'alpha': 0.0001}. Best is trial 1 with value: 0.8666666666666668.
[I 2026-04-07 03:48:48,955] Trial 6 finished with value: 0.85 and parameters: {'hidden_layer_sizes': (200,), 'max_iter': 100, 'alpha': 0.001}. Best is trial 1 with value: 0.8666666666666668.
[I 2026-04-07 03:48:49,012] Trial 7 finished with value: 0.8 and parameters: {'hidden_layer_sizes': (100,), 'max_iter': 100, 'alpha': 0.001}. Best is trial 1 with value: 0.8666666666666668.
[I 2026-04-07 03:48:49,089] Trial 8 finished with value: 0.8666666666666668 and parameters: {'hidden_layer_sizes': (100, 100), 'max_iter': 100, 'alpha': 0.0001}. Best is trial 1 with value: 0.8666666666666668.
[I 2026-04-07 03:48:49,146] Trial 9 finished with value: 0.85 and parameters: {'hidden_layer_sizes': (200,), 'max_iter': 100, 'alpha': 0.0001}. Best is trial 1 with value: 0.8666666666666668.
[I 2026-04-07 03:48:49,215] Trial 10 finished with value: 0.8333333333333334 and parameters: {'hidden_layer_sizes': (100, 100), 'max_iter': 50, 'alpha': 0.001}. Best is trial 1 with value: 0.8666666666666668.
[I 2026-04-07 03:48:49,293] Trial 11 finished with value: 0.8833333333333334 and parameters: {'hidden_layer_sizes': (100, 100), 'max_iter': 100, 'alpha': 0.001}. Best is trial 11 with value: 0.8833333333333334.
[I 2026-04-07 03:48:49,378] Trial 12 finished with value: 0.8833333333333334 and parameters: {'hidden_layer_sizes': (100, 100), 'max_iter': 100, 'alpha': 0.001}. Best is trial 11 with value: 0.8833333333333334.
[I 2026-04-07 03:48:49,457] Trial 13 finished with value: 0.8666666666666668 and parameters: {'hidden_layer_sizes': (100, 100), 'max_iter': 100, 'alpha': 0.001}. Best is trial 11 with value: 0.8833333333333334.
[I 2026-04-07 03:48:49,517] Trial 14 finished with value: 0.8 and parameters: {'hidden_layer_sizes': (100, 100), 'max_iter': 50, 'alpha': 0.001}. Best is trial 11 with value: 0.8833333333333334.
[I 2026-04-07 03:48:49,585] Trial 15 finished with value: 0.8666666666666668 and parameters: {'hidden_layer_sizes': (100, 100), 'max_iter': 100, 'alpha': 0.001}. Best is trial 11 with value: 0.8833333333333334.
[I 2026-04-07 03:48:49,644] Trial 16 finished with value: 0.8166666666666668 and parameters: {'hidden_layer_sizes': (100,), 'max_iter': 100, 'alpha': 0.001}. Best is trial 11 with value: 0.8833333333333334.
[I 2026-04-07 03:48:49,723] Trial 17 finished with value: 0.8833333333333334 and parameters: {'hidden_layer_sizes': (100, 100), 'max_iter': 100, 'alpha': 0.001}. Best is trial 11 with value: 0.8833333333333334.
[I 2026-04-07 03:48:49,782] Trial 18 finished with value: 0.8166666666666668 and parameters: {'hidden_layer_sizes': (100, 100), 'max_iter': 50, 'alpha': 0.001}. Best is trial 11 with value: 0.8833333333333334.
[I 2026-04-07 03:48:49,870] Trial 19 finished with value: 0.8833333333333334 and parameters: {'hidden_layer_sizes': (100, 100), 'max_iter': 100, 'alpha': 0.001}. Best is trial 11 with value: 0.8833333333333334.
[I 2026-04-07 03:48:49,929] Trial 20 finished with value: 0.8166666666666668 and parameters: {'hidden_layer_sizes': (100,), 'max_iter': 100, 'alpha': 0.001}. Best is trial 11 with value: 0.8833333333333334.
[I 2026-04-07 03:48:50,014] Trial 21 finished with value: 0.8666666666666668 and parameters: {'hidden_layer_sizes': (100, 100), 'max_iter': 100, 'alpha': 0.001}. Best is trial 11 with value: 0.8833333333333334.
[I 2026-04-07 03:48:50,099] Trial 22 finished with value: 0.8833333333333334 and parameters: {'hidden_layer_sizes': (100, 100), 'max_iter': 100, 'alpha': 0.001}. Best is trial 11 with value: 0.8833333333333334.
[I 2026-04-07 03:48:50,187] Trial 23 finished with value: 0.8666666666666668 and parameters: {'hidden_layer_sizes': (100, 100), 'max_iter': 100, 'alpha': 0.001}. Best is trial 11 with value: 0.8833333333333334.
[I 2026-04-07 03:48:50,286] Trial 24 finished with value: 0.8666666666666668 and parameters: {'hidden_layer_sizes': (100, 100), 'max_iter': 100, 'alpha': 0.001}. Best is trial 11 with value: 0.8833333333333334.
[I 2026-04-07 03:48:50,365] Trial 25 finished with value: 0.8833333333333334 and parameters: {'hidden_layer_sizes': (100, 100), 'max_iter': 100, 'alpha': 0.001}. Best is trial 11 with value: 0.8833333333333334.
[I 2026-04-07 03:48:50,424] Trial 26 finished with value: 0.8166666666666668 and parameters: {'hidden_layer_sizes': (100, 100), 'max_iter': 50, 'alpha': 0.001}. Best is trial 11 with value: 0.8833333333333334.
[I 2026-04-07 03:48:50,533] Trial 27 finished with value: 0.8833333333333334 and parameters: {'hidden_layer_sizes': (100, 100), 'max_iter': 100, 'alpha': 0.001}. Best is trial 11 with value: 0.8833333333333334.
[I 2026-04-07 03:48:50,582] Trial 28 finished with value: 0.8333333333333334 and parameters: {'hidden_layer_sizes': (100,), 'max_iter': 100, 'alpha': 0.001}. Best is trial 11 with value: 0.8833333333333334.
[I 2026-04-07 03:48:50,681] Trial 29 finished with value: 0.85 and parameters: {'hidden_layer_sizes': (100, 100), 'max_iter': 100, 'alpha': 0.0001}. Best is trial 11 with value: 0.8833333333333334.
[I 2026-04-07 03:49:03,752] A new study created in memory with name: naive_bayes
[I 2026-04-07 03:49:03,776] Trial 0 finished with value: 0.8166666666666667 and parameters: {'var_smoothing': 6.10548688762798e-09}. Best is trial 0 with value: 0.8166666666666667.
[I 2026-04-07 03:49:03,789] Trial 1 finished with value: 0.8666666666666666 and parameters: {'var_smoothing': 4.6127467400935034e-10}. Best is trial 1 with value: 0.8666666666666666.
[I 2026-04-07 03:49:03,801] Trial 2 finished with value: 0.8166666666666667 and parameters: {'var_smoothing': 4.389936579400967e-09}. Best is trial 1 with value: 0.8666666666666666.
[I 2026-04-07 03:49:03,813] Trial 3 finished with value: 0.8666666666666666 and parameters: {'var_smoothing': 1.2116948204672054e-10}. Best is trial 1 with value: 0.8666666666666666.
[I 2026-04-07 03:49:03,826] Trial 4 finished with value: 0.8666666666666666 and parameters: {'var_smoothing': 1.6417739478477417e-10}. Best is trial 1 with value: 0.8666666666666666.
[I 2026-04-07 03:49:03,838] Trial 5 finished with value: 0.8666666666666666 and parameters: {'var_smoothing': 1.5491880147236797e-09}. Best is trial 1 with value: 0.8666666666666666.
[I 2026-04-07 03:49:03,850] Trial 6 finished with value: 0.8666666666666666 and parameters: {'var_smoothing': 1.1471883405287265e-09}. Best is trial 1 with value: 0.8666666666666666.
[I 2026-04-07 03:49:03,862] Trial 7 finished with value: 0.8666666666666666 and parameters: {'var_smoothing': 6.88041853492358e-10}. Best is trial 1 with value: 0.8666666666666666.
[I 2026-04-07 03:49:03,875] Trial 8 finished with value: 0.8666666666666666 and parameters: {'var_smoothing': 4.686144741221158e-10}. Best is trial 1 with value: 0.8666666666666666.
[I 2026-04-07 03:49:03,887] Trial 9 finished with value: 0.8666666666666666 and parameters: {'var_smoothing': 1.7580809350683337e-09}. Best is trial 1 with value: 0.8666666666666666.
[I 2026-04-07 03:49:03,904] Trial 10 finished with value: 0.8666666666666666 and parameters: {'var_smoothing': 3.3308482966503767e-10}. Best is trial 1 with value: 0.8666666666666666.
[I 2026-04-07 03:49:03,918] Trial 11 finished with value: 0.8666666666666666 and parameters: {'var_smoothing': 1.1166686882839625e-10}. Best is trial 1 with value: 0.8666666666666666.
[I 2026-04-07 03:49:03,933] Trial 12 finished with value: 0.8666666666666666 and parameters: {'var_smoothing': 1.959077691502477e-10}. Best is trial 1 with value: 0.8666666666666666.
[I 2026-04-07 03:49:03,948] Trial 13 finished with value: 0.8666666666666666 and parameters: {'var_smoothing': 2.855201951677185e-10}. Best is trial 1 with value: 0.8666666666666666.
[I 2026-04-07 03:49:03,963] Trial 14 finished with value: 0.8666666666666666 and parameters: {'var_smoothing': 1.0816035052795259e-10}. Best is trial 1 with value: 0.8666666666666666.
[I 2026-04-07 03:49:03,980] Trial 15 finished with value: 0.8666666666666666 and parameters: {'var_smoothing': 5.270965649538733e-10}. Best is trial 1 with value: 0.8666666666666666.
[I 2026-04-07 03:49:03,999] Trial 16 finished with value: 0.85 and parameters: {'var_smoothing': 2.8673314168324165e-09}. Best is trial 1 with value: 0.8666666666666666.
[I 2026-04-07 03:49:04,019] Trial 17 finished with value: 0.8666666666666666 and parameters: {'var_smoothing': 2.412486610614855e-10}. Best is trial 1 with value: 0.8666666666666666.
[I 2026-04-07 03:49:04,039] Trial 18 finished with value: 0.8666666666666666 and parameters: {'var_smoothing': 8.554049990785486e-10}. Best is trial 1 with value: 0.8666666666666666.
[I 2026-04-07 03:49:04,059] Trial 19 finished with value: 0.8666666666666666 and parameters: {'var_smoothing': 4.3470597135222723e-10}. Best is trial 1 with value: 0.8666666666666666.
[I 2026-04-07 03:49:04,079] Trial 20 finished with value: 0.8666666666666666 and parameters: {'var_smoothing': 1.383879623917316e-10}. Best is trial 1 with value: 0.8666666666666666.
[I 2026-04-07 03:49:04,097] Trial 21 finished with value: 0.8666666666666666 and parameters: {'var_smoothing': 1.681944212517889e-10}. Best is trial 1 with value: 0.8666666666666666.
[I 2026-04-07 03:49:04,117] Trial 22 finished with value: 0.8666666666666666 and parameters: {'var_smoothing': 1.9054383322161712e-10}. Best is trial 1 with value: 0.8666666666666666.
[I 2026-04-07 03:49:04,137] Trial 23 finished with value: 0.8666666666666666 and parameters: {'var_smoothing': 3.1348541885879096e-10}. Best is trial 1 with value: 0.8666666666666666.
[I 2026-04-07 03:49:04,157] Trial 24 finished with value: 0.8666666666666666 and parameters: {'var_smoothing': 1.6156575210011005e-10}. Best is trial 1 with value: 0.8666666666666666.
[I 2026-04-07 03:49:04,173] Trial 25 finished with value: 0.8666666666666666 and parameters: {'var_smoothing': 1.0278424450134888e-10}. Best is trial 1 with value: 0.8666666666666666.
[I 2026-04-07 03:49:04,190] Trial 26 finished with value: 0.8666666666666666 and parameters: {'var_smoothing': 2.2583661887671295e-10}. Best is trial 1 with value: 0.8666666666666666.
[I 2026-04-07 03:49:04,219] Trial 27 finished with value: 0.8666666666666666 and parameters: {'var_smoothing': 3.763003883972871e-10}. Best is trial 1 with value: 0.8666666666666666.
[I 2026-04-07 03:49:04,239] Trial 28 finished with value: 0.8666666666666666 and parameters: {'var_smoothing': 6.151515214642274e-10}. Best is trial 1 with value: 0.8666666666666666.
[I 2026-04-07 03:49:04,255] Trial 29 finished with value: 0.8166666666666667 and parameters: {'var_smoothing': 7.3140472902792484e-09}. Best is trial 1 with value: 0.8666666666666666.
[I 2026-04-07 03:49:04,683] A new study created in memory with name: logreg
[I 2026-04-07 03:49:04,719] Trial 0 finished with value: 0.85 and parameters: {'C': 29.127335430981816, 'penalty': 'l2'}. Best is trial 0 with value: 0.85.
[I 2026-04-07 03:49:04,744] Trial 1 finished with value: 0.7333333333333332 and parameters: {'C': 0.045698192893558344, 'penalty': 'l2'}. Best is trial 0 with value: 0.85.
[I 2026-04-07 03:49:04,779] Trial 2 finished with value: 0.8333333333333334 and parameters: {'C': 12.768668597712947, 'penalty': 'l2'}. Best is trial 0 with value: 0.85.
[I 2026-04-07 03:49:04,804] Trial 3 finished with value: 0.55 and parameters: {'C': 0.0016161554408462638, 'penalty': 'l2'}. Best is trial 0 with value: 0.85.
[I 2026-04-07 03:49:04,829] Trial 4 finished with value: 0.5666666666666667 and parameters: {'C': 0.0034536903703241734, 'penalty': 'l2'}. Best is trial 0 with value: 0.85.
[I 2026-04-07 03:49:04,854] Trial 5 finished with value: 0.8333333333333334 and parameters: {'C': 0.9446269266990148, 'penalty': 'l2'}. Best is trial 0 with value: 0.85.
[I 2026-04-07 03:49:04,878] Trial 6 finished with value: 0.8166666666666667 and parameters: {'C': 0.4457453393648168, 'penalty': 'l2'}. Best is trial 0 with value: 0.85.
[I 2026-04-07 03:49:04,903] Trial 7 finished with value: 0.7833333333333334 and parameters: {'C': 0.12417585037258261, 'penalty': 'l2'}. Best is trial 0 with value: 0.85.
[I 2026-04-07 03:49:04,928] Trial 8 finished with value: 0.7333333333333332 and parameters: {'C': 0.04753781830244093, 'penalty': 'l2'}. Best is trial 0 with value: 0.85.
[I 2026-04-07 03:49:04,951] Trial 9 finished with value: 0.8333333333333334 and parameters: {'C': 1.2959766028194148, 'penalty': 'l2'}. Best is trial 0 with value: 0.85.
[I 2026-04-07 03:49:04,980] Trial 10 finished with value: 0.85 and parameters: {'C': 96.02411422716075, 'penalty': 'l2'}. Best is trial 0 with value: 0.85.
[I 2026-04-07 03:49:05,021] Trial 11 finished with value: 0.8666666666666666 and parameters: {'C': 59.9697718692158, 'penalty': 'l2'}. Best is trial 11 with value: 0.8666666666666666.
[I 2026-04-07 03:49:05,051] Trial 12 finished with value: 0.85 and parameters: {'C': 82.8768656483412, 'penalty': 'l2'}. Best is trial 11 with value: 0.8666666666666666.
[I 2026-04-07 03:49:05,092] Trial 13 finished with value: 0.85 and parameters: {'C': 7.779900499185373, 'penalty': 'l2'}. Best is trial 11 with value: 0.8666666666666666.
[I 2026-04-07 03:49:05,132] Trial 14 finished with value: 0.8333333333333334 and parameters: {'C': 15.269005508150352, 'penalty': 'l2'}. Best is trial 11 with value: 0.8666666666666666.
[I 2026-04-07 03:49:05,173] Trial 15 finished with value: 0.8166666666666668 and parameters: {'C': 4.379059793024635, 'penalty': 'l2'}. Best is trial 11 with value: 0.8666666666666666.
[I 2026-04-07 03:49:05,203] Trial 16 finished with value: 0.85 and parameters: {'C': 39.590112118606015, 'penalty': 'l2'}. Best is trial 11 with value: 0.8666666666666666.
[I 2026-04-07 03:49:05,230] Trial 17 finished with value: 0.8333333333333334 and parameters: {'C': 2.0413817698391985, 'penalty': 'l2'}. Best is trial 11 with value: 0.8666666666666666.
[I 2026-04-07 03:49:05,260] Trial 18 finished with value: 0.85 and parameters: {'C': 27.82667547558054, 'penalty': 'l2'}. Best is trial 11 with value: 0.8666666666666666.
[I 2026-04-07 03:49:05,291] Trial 19 finished with value: 0.8166666666666668 and parameters: {'C': 3.91885675632116, 'penalty': 'l2'}. Best is trial 11 with value: 0.8666666666666666.
[I 2026-04-07 03:49:05,332] Trial 20 finished with value: 0.85 and parameters: {'C': 33.19039993786443, 'penalty': 'l2'}. Best is trial 11 with value: 0.8666666666666666.
[I 2026-04-07 03:49:05,374] Trial 21 finished with value: 0.85 and parameters: {'C': 85.65392706499286, 'penalty': 'l2'}. Best is trial 11 with value: 0.8666666666666666.
[I 2026-04-07 03:49:05,419] Trial 22 finished with value: 0.85 and parameters: {'C': 42.30262051702193, 'penalty': 'l2'}. Best is trial 11 with value: 0.8666666666666666.
[I 2026-04-07 03:49:05,457] Trial 23 finished with value: 0.85 and parameters: {'C': 81.43326318659324, 'penalty': 'l2'}. Best is trial 11 with value: 0.8666666666666666.
[I 2026-04-07 03:49:05,487] Trial 24 finished with value: 0.8333333333333334 and parameters: {'C': 13.563942896742137, 'penalty': 'l2'}. Best is trial 11 with value: 0.8666666666666666.
[I 2026-04-07 03:49:05,516] Trial 25 finished with value: 0.85 and parameters: {'C': 6.7256392046949065, 'penalty': 'l2'}. Best is trial 11 with value: 0.8666666666666666.
[I 2026-04-07 03:49:05,557] Trial 26 finished with value: 0.85 and parameters: {'C': 22.282113496820354, 'penalty': 'l2'}. Best is trial 11 with value: 0.8666666666666666.
[I 2026-04-07 03:49:05,587] Trial 27 finished with value: 0.85 and parameters: {'C': 88.549186190554, 'penalty': 'l2'}. Best is trial 11 with value: 0.8666666666666666.
[I 2026-04-07 03:49:05,625] Trial 28 finished with value: 0.8166666666666668 and parameters: {'C': 2.896745800037313, 'penalty': 'l2'}. Best is trial 11 with value: 0.8666666666666666.
[I 2026-04-07 03:49:05,655] Trial 29 finished with value: 0.8166666666666667 and parameters: {'C': 0.34763826881473164, 'penalty': 'l2'}. Best is trial 11 with value: 0.8666666666666666.
[I 2026-04-07 03:49:06,029] A new study created in memory with name: knn
[I 2026-04-07 03:49:06,048] Trial 0 finished with value: 0.7500000000000002 and parameters: {'n_neighbors': 10, 'leaf_size': 26, 'p': 1}. Best is trial 0 with value: 0.7500000000000002.
[I 2026-04-07 03:49:06,061] Trial 1 finished with value: 0.65 and parameters: {'n_neighbors': 3, 'leaf_size': 32, 'p': 1}. Best is trial 0 with value: 0.7500000000000002.
[I 2026-04-07 03:49:06,074] Trial 2 finished with value: 0.7166666666666668 and parameters: {'n_neighbors': 5, 'leaf_size': 33, 'p': 2}. Best is trial 0 with value: 0.7500000000000002.
[I 2026-04-07 03:49:06,087] Trial 3 finished with value: 0.7 and parameters: {'n_neighbors': 7, 'leaf_size': 32, 'p': 2}. Best is trial 0 with value: 0.7500000000000002.
[I 2026-04-07 03:49:06,099] Trial 4 finished with value: 0.7166666666666666 and parameters: {'n_neighbors': 9, 'leaf_size': 28, 'p': 1}. Best is trial 0 with value: 0.7500000000000002.
[I 2026-04-07 03:49:06,112] Trial 5 finished with value: 0.65 and parameters: {'n_neighbors': 3, 'leaf_size': 35, 'p': 1}. Best is trial 0 with value: 0.7500000000000002.
[I 2026-04-07 03:49:06,125] Trial 6 finished with value: 0.6833333333333332 and parameters: {'n_neighbors': 8, 'leaf_size': 31, 'p': 2}. Best is trial 0 with value: 0.7500000000000002.
[I 2026-04-07 03:49:06,143] Trial 7 finished with value: 0.7333333333333334 and parameters: {'n_neighbors': 6, 'leaf_size': 24, 'p': 2}. Best is trial 0 with value: 0.7500000000000002.
[I 2026-04-07 03:49:06,158] Trial 8 finished with value: 0.7166666666666668 and parameters: {'n_neighbors': 5, 'leaf_size': 34, 'p': 2}. Best is trial 0 with value: 0.7500000000000002.
[I 2026-04-07 03:49:06,172] Trial 9 finished with value: 0.7 and parameters: {'n_neighbors': 10, 'leaf_size': 27, 'p': 2}. Best is trial 0 with value: 0.7500000000000002.
[I 2026-04-07 03:49:06,196] Trial 10 finished with value: 0.7500000000000002 and parameters: {'n_neighbors': 10, 'leaf_size': 40, 'p': 1}. Best is trial 0 with value: 0.7500000000000002.
[I 2026-04-07 03:49:06,219] Trial 11 finished with value: 0.7500000000000002 and parameters: {'n_neighbors': 10, 'leaf_size': 39, 'p': 1}. Best is trial 0 with value: 0.7500000000000002.
[I 2026-04-07 03:49:06,241] Trial 12 finished with value: 0.7166666666666666 and parameters: {'n_neighbors': 9, 'leaf_size': 20, 'p': 1}. Best is trial 0 with value: 0.7500000000000002.
[I 2026-04-07 03:49:06,263] Trial 13 finished with value: 0.7833333333333334 and parameters: {'n_neighbors': 8, 'leaf_size': 38, 'p': 1}. Best is trial 13 with value: 0.7833333333333334.
[I 2026-04-07 03:49:06,286] Trial 14 finished with value: 0.7833333333333334 and parameters: {'n_neighbors': 8, 'leaf_size': 25, 'p': 1}. Best is trial 13 with value: 0.7833333333333334.
[I 2026-04-07 03:49:06,312] Trial 15 finished with value: 0.7666666666666668 and parameters: {'n_neighbors': 7, 'leaf_size': 22, 'p': 1}. Best is trial 13 with value: 0.7833333333333334.
[I 2026-04-07 03:49:06,334] Trial 16 finished with value: 0.7833333333333334 and parameters: {'n_neighbors': 8, 'leaf_size': 37, 'p': 1}. Best is trial 13 with value: 0.7833333333333334.
[I 2026-04-07 03:49:06,358] Trial 17 finished with value: 0.7833333333333334 and parameters: {'n_neighbors': 8, 'leaf_size': 24, 'p': 1}. Best is trial 13 with value: 0.7833333333333334.
[I 2026-04-07 03:49:06,382] Trial 18 finished with value: 0.7500000000000002 and parameters: {'n_neighbors': 6, 'leaf_size': 28, 'p': 1}. Best is trial 13 with value: 0.7833333333333334.
[I 2026-04-07 03:49:06,404] Trial 19 finished with value: 0.7166666666666666 and parameters: {'n_neighbors': 9, 'leaf_size': 37, 'p': 1}. Best is trial 13 with value: 0.7833333333333334.
[I 2026-04-07 03:49:06,441] Trial 20 finished with value: 0.7666666666666668 and parameters: {'n_neighbors': 7, 'leaf_size': 29, 'p': 1}. Best is trial 13 with value: 0.7833333333333334.
[I 2026-04-07 03:49:06,480] Trial 21 finished with value: 0.7833333333333334 and parameters: {'n_neighbors': 8, 'leaf_size': 37, 'p': 1}. Best is trial 13 with value: 0.7833333333333334.
[I 2026-04-07 03:49:06,507] Trial 22 finished with value: 0.7833333333333334 and parameters: {'n_neighbors': 8, 'leaf_size': 37, 'p': 1}. Best is trial 13 with value: 0.7833333333333334.
[I 2026-04-07 03:49:06,533] Trial 23 finished with value: 0.7166666666666666 and parameters: {'n_neighbors': 9, 'leaf_size': 39, 'p': 1}. Best is trial 13 with value: 0.7833333333333334.
[I 2026-04-07 03:49:06,560] Trial 24 finished with value: 0.7833333333333334 and parameters: {'n_neighbors': 8, 'leaf_size': 25, 'p': 1}. Best is trial 13 with value: 0.7833333333333334.
[I 2026-04-07 03:49:06,584] Trial 25 finished with value: 0.7666666666666668 and parameters: {'n_neighbors': 7, 'leaf_size': 35, 'p': 1}. Best is trial 13 with value: 0.7833333333333334.
[I 2026-04-07 03:49:06,611] Trial 26 finished with value: 0.7500000000000002 and parameters: {'n_neighbors': 6, 'leaf_size': 36, 'p': 1}. Best is trial 13 with value: 0.7833333333333334.
[I 2026-04-07 03:49:06,644] Trial 27 finished with value: 0.7166666666666666 and parameters: {'n_neighbors': 9, 'leaf_size': 30, 'p': 1}. Best is trial 13 with value: 0.7833333333333334.
[I 2026-04-07 03:49:06,680] Trial 28 finished with value: 0.7166666666666667 and parameters: {'n_neighbors': 5, 'leaf_size': 40, 'p': 1}. Best is trial 13 with value: 0.7833333333333334.
