[I 2026-04-09 20:13:08,317] Trial 3 finished with value: 1.0 and parameters: {'hidden_layer_sizes': (100,), 'max_iter': 50, 'alpha': 0.001}. Best is trial 0 with value: 1.0.
[I 2026-04-09 20:13:08,353] Trial 4 finished with value: 1.0 and parameters: {'hidden_layer_sizes': (100,), 'max_iter': 50, 'alpha': 0.0001}. Best is trial 0 with value: 1.0.
[I 2026-04-09 20:13:08,391] Trial 5 finished with value: 1.0 and parameters: {'hidden_layer_sizes': (100,), 'max_iter': 50, 'alpha': 0.0001}. Best is trial 0 with value: 1.0.
[I 2026-04-09 20:13:08,421] Trial 6 finished with value: 1.0 and parameters: {'hidden_layer_sizes': (100,), 'max_iter': 50, 'alpha': 0.0001}. Best is trial 0 with value: 1.0.
[I 2026-04-09 20:13:08,463] Trial 7 finished with value: 1.0 and parameters: {'hidden_layer_sizes': (100,), 'max_iter': 50, 'alpha': 0.0001}. Best is trial 0 with value: 1.0.
[I 2026-04-09 20:13:08,507] Trial 8 finished with value: 1.0 and parameters: {'hidden_layer_sizes': (200,), 'max_iter': 100, 'alpha': 0.0001}. Best is trial 0 with value: 1.0.
[I 2026-04-09 20:13:08,539] Trial 9 finished with value: 1.0 and parameters: {'hidden_layer_sizes': (200,), 'max_iter': 50, 'alpha': 0.0001}. Best is trial 0 with value: 1.0.
[I 2026-04-09 20:13:08,614] Trial 10 finished with value: 1.0 and parameters: {'hidden_layer_sizes': (100, 100), 'max_iter': 100, 'alpha': 0.001}. Best is trial 0 with value: 1.0.
[I 2026-04-09 20:13:08,669] Trial 11 finished with value: 1.0 and parameters: {'hidden_layer_sizes': (100, 100), 'max_iter': 100, 'alpha': 0.0001}. Best is trial 0 with value: 1.0.
[I 2026-04-09 20:13:08,724] Trial 12 finished with value: 1.0 and parameters: {'hidden_layer_sizes': (100, 100), 'max_iter': 100, 'alpha': 0.0001}. Best is trial 0 with value: 1.0.
[I 2026-04-09 20:13:08,792] Trial 13 finished with value: 1.0 and parameters: {'hidden_layer_sizes': (100, 100), 'max_iter': 100, 'alpha': 0.0001}. Best is trial 0 with value: 1.0.
[I 2026-04-09 20:13:08,860] Trial 14 finished with value: 1.0 and parameters: {'hidden_layer_sizes': (200,), 'max_iter': 100, 'alpha': 0.001}. Best is trial 0 with value: 1.0.
[I 2026-04-09 20:13:08,918] Trial 15 finished with value: 1.0 and parameters: {'hidden_layer_sizes': (100, 100), 'max_iter': 100, 'alpha': 0.0001}. Best is trial 0 with value: 1.0.
[I 2026-04-09 20:13:08,963] Trial 16 finished with value: 1.0 and parameters: {'hidden_layer_sizes': (200,), 'max_iter': 100, 'alpha': 0.0001}. Best is trial 0 with value: 1.0.
[I 2026-04-09 20:13:09,008] Trial 17 finished with value: 1.0 and parameters: {'hidden_layer_sizes': (100, 100), 'max_iter': 100, 'alpha': 0.0001}. Best is trial 0 with value: 1.0.
[I 2026-04-09 20:13:09,053] Trial 18 finished with value: 1.0 and parameters: {'hidden_layer_sizes': (200,), 'max_iter': 100, 'alpha': 0.001}. Best is trial 0 with value: 1.0.
[I 2026-04-09 20:13:09,117] Trial 19 finished with value: 1.0 and parameters: {'hidden_layer_sizes': (200,), 'max_iter': 100, 'alpha': 0.0001}. Best is trial 0 with value: 1.0.
[I 2026-04-09 20:13:09,177] Trial 20 finished with value: 1.0 and parameters: {'hidden_layer_sizes': (100, 100), 'max_iter': 100, 'alpha': 0.0001}. Best is trial 0 with value: 1.0.
[I 2026-04-09 20:13:09,224] Trial 21 finished with value: 1.0 and parameters: {'hidden_layer_sizes': (200,), 'max_iter': 100, 'alpha': 0.001}. Best is trial 0 with value: 1.0.
[I 2026-04-09 20:13:09,278] Trial 22 finished with value: 1.0 and parameters: {'hidden_layer_sizes': (200,), 'max_iter': 100, 'alpha': 0.001}. Best is trial 0 with value: 1.0.
[I 2026-04-09 20:13:09,325] Trial 23 finished with value: 1.0 and parameters: {'hidden_layer_sizes': (200,), 'max_iter': 100, 'alpha': 0.001}. Best is trial 0 with value: 1.0.
[I 2026-04-09 20:13:09,370] Trial 24 finished with value: 1.0 and parameters: {'hidden_layer_sizes': (200,), 'max_iter': 100, 'alpha': 0.001}. Best is trial 0 with value: 1.0.
[I 2026-04-09 20:13:09,414] Trial 25 finished with value: 1.0 and parameters: {'hidden_layer_sizes': (200,), 'max_iter': 100, 'alpha': 0.001}. Best is trial 0 with value: 1.0.
[I 2026-04-09 20:13:09,473] Trial 26 finished with value: 1.0 and parameters: {'hidden_layer_sizes': (100, 100), 'max_iter': 100, 'alpha': 0.001}. Best is trial 0 with value: 1.0.
[I 2026-04-09 20:13:09,533] Trial 27 finished with value: 1.0 and parameters: {'hidden_layer_sizes': (200,), 'max_iter': 100, 'alpha': 0.0001}. Best is trial 0 with value: 1.0.
[I 2026-04-09 20:13:09,584] Trial 28 finished with value: 1.0 and parameters: {'hidden_layer_sizes': (200,), 'max_iter': 100, 'alpha': 0.001}. Best is trial 0 with value: 1.0.
[I 2026-04-09 20:13:09,625] Trial 29 finished with value: 1.0 and parameters: {'hidden_layer_sizes': (100, 100), 'max_iter': 50, 'alpha': 0.001}. Best is trial 0 with value: 1.0.
[I 2026-04-09 20:13:10,987] A new study created in memory with name: naive_bayes
[I 2026-04-09 20:13:11,001] Trial 0 finished with value: 0.95 and parameters: {'var_smoothing': 5.582886587978182e-09}. Best is trial 0 with value: 0.95.
[I 2026-04-09 20:13:11,015] Trial 1 finished with value: 0.95 and parameters: {'var_smoothing': 8.651299071518215e-09}. Best is trial 0 with value: 0.95.
[I 2026-04-09 20:13:11,028] Trial 2 finished with value: 0.95 and parameters: {'var_smoothing': 5.475062490474489e-09}. Best is trial 0 with value: 0.95.
[I 2026-04-09 20:13:11,042] Trial 3 finished with value: 0.95 and parameters: {'var_smoothing': 1.1526869678723134e-09}. Best is trial 0 with value: 0.95.
[I 2026-04-09 20:13:11,056] Trial 4 finished with value: 0.95 and parameters: {'var_smoothing': 2.920496270341785e-10}. Best is trial 0 with value: 0.95.
[I 2026-04-09 20:13:11,070] Trial 5 finished with value: 0.95 and parameters: {'var_smoothing': 1.0538956417705805e-10}. Best is trial 0 with value: 0.95.
[I 2026-04-09 20:13:11,083] Trial 6 finished with value: 0.95 and parameters: {'var_smoothing': 7.260016982331591e-10}. Best is trial 0 with value: 0.95.
[I 2026-04-09 20:13:11,098] Trial 7 finished with value: 0.95 and parameters: {'var_smoothing': 6.378267364653917e-10}. Best is trial 0 with value: 0.95.
[I 2026-04-09 20:13:11,111] Trial 8 finished with value: 0.95 and parameters: {'var_smoothing': 1.1100673847791952e-09}. Best is trial 0 with value: 0.95.
[I 2026-04-09 20:13:11,135] Trial 9 finished with value: 0.95 and parameters: {'var_smoothing': 9.052813879088377e-10}. Best is trial 0 with value: 0.95.
[I 2026-04-09 20:13:11,153] Trial 10 finished with value: 0.95 and parameters: {'var_smoothing': 3.20543606083287e-09}. Best is trial 0 with value: 0.95.
[I 2026-04-09 20:13:11,169] Trial 11 finished with value: 0.95 and parameters: {'var_smoothing': 8.433965140342417e-09}. Best is trial 0 with value: 0.95.
[I 2026-04-09 20:13:11,187] Trial 12 finished with value: 0.95 and parameters: {'var_smoothing': 2.860874278982245e-09}. Best is trial 0 with value: 0.95.
[I 2026-04-09 20:13:11,202] Trial 13 finished with value: 0.95 and parameters: {'var_smoothing': 9.270349036178526e-09}. Best is trial 0 with value: 0.95.
[I 2026-04-09 20:13:11,217] Trial 14 finished with value: 0.95 and parameters: {'var_smoothing': 3.13069447640915e-09}. Best is trial 0 with value: 0.95.
[I 2026-04-09 20:13:11,234] Trial 15 finished with value: 0.95 and parameters: {'var_smoothing': 5.223604886811285e-09}. Best is trial 0 with value: 0.95.
[I 2026-04-09 20:13:11,248] Trial 16 finished with value: 0.95 and parameters: {'var_smoothing': 2.0295724993447026e-09}. Best is trial 0 with value: 0.95.
[I 2026-04-09 20:13:11,263] Trial 17 finished with value: 0.95 and parameters: {'var_smoothing': 5.880433102756661e-09}. Best is trial 0 with value: 0.95.
[I 2026-04-09 20:13:11,281] Trial 18 finished with value: 0.95 and parameters: {'var_smoothing': 1.6980964875204416e-09}. Best is trial 0 with value: 0.95.
[I 2026-04-09 20:13:11,300] Trial 19 finished with value: 0.95 and parameters: {'var_smoothing': 4.2955625192244405e-09}. Best is trial 0 with value: 0.95.
[I 2026-04-09 20:13:11,317] Trial 20 finished with value: 0.95 and parameters: {'var_smoothing': 9.833771947222685e-09}. Best is trial 0 with value: 0.95.
[I 2026-04-09 20:13:11,337] Trial 21 finished with value: 0.95 and parameters: {'var_smoothing': 6.0482464086364635e-09}. Best is trial 0 with value: 0.95.
[I 2026-04-09 20:13:11,356] Trial 22 finished with value: 0.95 and parameters: {'var_smoothing': 4.537628481410357e-09}. Best is trial 0 with value: 0.95.
[I 2026-04-09 20:13:11,376] Trial 23 finished with value: 0.95 and parameters: {'var_smoothing': 6.750528289210463e-09}. Best is trial 0 with value: 0.95.
[I 2026-04-09 20:13:11,396] Trial 24 finished with value: 0.95 and parameters: {'var_smoothing': 2.2780337647355764e-09}. Best is trial 0 with value: 0.95.
[I 2026-04-09 20:13:11,416] Trial 25 finished with value: 0.95 and parameters: {'var_smoothing': 3.986918574074946e-09}. Best is trial 0 with value: 0.95.
[I 2026-04-09 20:13:11,438] Trial 26 finished with value: 0.95 and parameters: {'var_smoothing': 1.7707565248297843e-09}. Best is trial 0 with value: 0.95.
[I 2026-04-09 20:13:11,453] Trial 27 finished with value: 0.95 and parameters: {'var_smoothing': 6.732492847962814e-09}. Best is trial 0 with value: 0.95.
[I 2026-04-09 20:13:11,469] Trial 28 finished with value: 0.95 and parameters: {'var_smoothing': 3.8684773890893174e-10}. Best is trial 0 with value: 0.95.
[I 2026-04-09 20:13:11,486] Trial 29 finished with value: 0.95 and parameters: {'var_smoothing': 1.5480090897085013e-09}. Best is trial 0 with value: 0.95.
[I 2026-04-09 20:13:12,452] A new study created in memory with name: logreg
[I 2026-04-09 20:13:12,476] Trial 0 finished with value: 0.95 and parameters: {'C': 23.288794782471303, 'penalty': 'l2'}. Best is trial 0 with value: 0.95.
[I 2026-04-09 20:13:12,499] Trial 1 finished with value: 0.8 and parameters: {'C': 69.61507800412923, 'penalty': 'l2'}. Best is trial 0 with value: 0.95.
[I 2026-04-09 20:13:12,523] Trial 2 finished with value: 0.95 and parameters: {'C': 22.180569925473442, 'penalty': 'l2'}. Best is trial 0 with value: 0.95.
[I 2026-04-09 20:13:12,547] Trial 3 finished with value: 0.85 and parameters: {'C': 0.4511058486037652, 'penalty': 'l2'}. Best is trial 0 with value: 0.95.
[I 2026-04-09 20:13:12,571] Trial 4 finished with value: 0.7 and parameters: {'C': 0.014576110093994574, 'penalty': 'l2'}. Best is trial 0 with value: 0.95.
[I 2026-04-09 20:13:12,583] Trial 5 finished with value: 0.7 and parameters: {'C': 0.0011402340906886685, 'penalty': 'l2'}. Best is trial 0 with value: 0.95.
[I 2026-04-09 20:13:12,595] Trial 6 finished with value: 0.85 and parameters: {'C': 0.14201822862985758, 'penalty': 'l2'}. Best is trial 0 with value: 0.95.
[I 2026-04-09 20:13:12,610] Trial 7 finished with value: 0.8 and parameters: {'C': 0.1027440782219989, 'penalty': 'l2'}. Best is trial 0 with value: 0.95.
[I 2026-04-09 20:13:12,625] Trial 8 finished with value: 0.85 and parameters: {'C': 0.41055690122086846, 'penalty': 'l2'}. Best is trial 0 with value: 0.95.
[I 2026-04-09 20:13:12,651] Trial 9 finished with value: 0.85 and parameters: {'C': 0.24658064201770763, 'penalty': 'l2'}. Best is trial 0 with value: 0.95.
[I 2026-04-09 20:13:12,680] Trial 10 finished with value: 0.95 and parameters: {'C': 5.817250906722227, 'penalty': 'l2'}. Best is trial 0 with value: 0.95.
[I 2026-04-09 20:13:12,712] Trial 11 finished with value: 0.8 and parameters: {'C': 71.43440875634786, 'penalty': 'l2'}. Best is trial 0 with value: 0.95.
[I 2026-04-09 20:13:12,741] Trial 12 finished with value: 0.95 and parameters: {'C': 6.825317160972618, 'penalty': 'l2'}. Best is trial 0 with value: 0.95.
[I 2026-04-09 20:13:12,761] Trial 13 finished with value: 0.95 and parameters: {'C': 7.664984358018366, 'penalty': 'l2'}. Best is trial 0 with value: 0.95.
[I 2026-04-09 20:13:12,778] Trial 14 finished with value: 0.95 and parameters: {'C': 18.245642710813158, 'penalty': 'l2'}. Best is trial 0 with value: 0.95.
[I 2026-04-09 20:13:12,808] Trial 15 finished with value: 0.9 and parameters: {'C': 1.4876611996375217, 'penalty': 'l2'}. Best is trial 0 with value: 0.95.
[I 2026-04-09 20:13:12,828] Trial 16 finished with value: 0.9 and parameters: {'C': 1.9403923574834812, 'penalty': 'l2'}. Best is trial 0 with value: 0.95.
[I 2026-04-09 20:13:12,858] Trial 17 finished with value: 0.95 and parameters: {'C': 26.80373716573969, 'penalty': 'l2'}. Best is trial 0 with value: 0.95.
[I 2026-04-09 20:13:12,877] Trial 18 finished with value: 0.9 and parameters: {'C': 1.8306377404156253, 'penalty': 'l2'}. Best is trial 0 with value: 0.95.
[I 2026-04-09 20:13:12,898] Trial 19 finished with value: 0.75 and parameters: {'C': 0.03793093083482863, 'penalty': 'l2'}. Best is trial 0 with value: 0.95.
[I 2026-04-09 20:13:12,926] Trial 20 finished with value: 0.95 and parameters: {'C': 21.838935298940108, 'penalty': 'l2'}. Best is trial 0 with value: 0.95.
[I 2026-04-09 20:13:12,941] Trial 21 finished with value: 0.95 and parameters: {'C': 5.9265212676348415, 'penalty': 'l2'}. Best is trial 0 with value: 0.95.
[I 2026-04-09 20:13:12,957] Trial 22 finished with value: 0.8 and parameters: {'C': 78.1099519510049, 'penalty': 'l2'}. Best is trial 0 with value: 0.95.
[I 2026-04-09 20:13:12,974] Trial 23 finished with value: 0.9 and parameters: {'C': 4.016494317765493, 'penalty': 'l2'}. Best is trial 0 with value: 0.95.
[I 2026-04-09 20:13:13,002] Trial 24 finished with value: 0.95 and parameters: {'C': 25.888824657129828, 'penalty': 'l2'}. Best is trial 0 with value: 0.95.
[I 2026-04-09 20:13:13,032] Trial 25 finished with value: 0.95 and parameters: {'C': 12.49783598404351, 'penalty': 'l2'}. Best is trial 0 with value: 0.95.
[I 2026-04-09 20:13:13,053] Trial 26 finished with value: 0.9 and parameters: {'C': 3.1897785697681873, 'penalty': 'l2'}. Best is trial 0 with value: 0.95.
[I 2026-04-09 20:13:13,082] Trial 27 finished with value: 0.9 and parameters: {'C': 1.034924441783129, 'penalty': 'l2'}. Best is trial 0 with value: 0.95.
[I 2026-04-09 20:13:13,110] Trial 28 finished with value: 0.85 and parameters: {'C': 50.97766510497664, 'penalty': 'l2'}. Best is trial 0 with value: 0.95.
[I 2026-04-09 20:13:13,130] Trial 29 finished with value: 0.85 and parameters: {'C': 43.534855052673144, 'penalty': 'l2'}. Best is trial 0 with value: 0.95.
[I 2026-04-09 20:13:14,088] A new study created in memory with name: knn
[I 2026-04-09 20:13:14,102] Trial 0 finished with value: 0.65 and parameters: {'n_neighbors': 9, 'leaf_size': 40, 'p': 1}. Best is trial 0 with value: 0.65.
[I 2026-04-09 20:13:14,115] Trial 1 finished with value: 0.75 and parameters: {'n_neighbors': 4, 'leaf_size': 20, 'p': 1}. Best is trial 1 with value: 0.75.
[I 2026-04-09 20:13:14,129] Trial 2 finished with value: 0.75 and parameters: {'n_neighbors': 7, 'leaf_size': 30, 'p': 1}. Best is trial 1 with value: 0.75.
[I 2026-04-09 20:13:14,143] Trial 3 finished with value: 0.65 and parameters: {'n_neighbors': 9, 'leaf_size': 34, 'p': 1}. Best is trial 1 with value: 0.75.
[I 2026-04-09 20:13:14,156] Trial 4 finished with value: 0.8 and parameters: {'n_neighbors': 5, 'leaf_size': 40, 'p': 1}. Best is trial 4 with value: 0.8.
[I 2026-04-09 20:13:14,171] Trial 5 finished with value: 0.8 and parameters: {'n_neighbors': 3, 'leaf_size': 40, 'p': 2}. Best is trial 4 with value: 0.8.
[I 2026-04-09 20:13:14,186] Trial 6 finished with value: 0.8 and parameters: {'n_neighbors': 3, 'leaf_size': 24, 'p': 2}. Best is trial 4 with value: 0.8.
[I 2026-04-09 20:13:14,211] Trial 7 finished with value: 0.8 and parameters: {'n_neighbors': 5, 'leaf_size': 40, 'p': 2}. Best is trial 4 with value: 0.8.
[I 2026-04-09 20:13:14,225] Trial 8 finished with value: 0.7 and parameters: {'n_neighbors': 6, 'leaf_size': 36, 'p': 1}. Best is trial 4 with value: 0.8.
[I 2026-04-09 20:13:14,241] Trial 9 finished with value: 0.7 and parameters: {'n_neighbors': 6, 'leaf_size': 25, 'p': 1}. Best is trial 4 with value: 0.8.
[I 2026-04-09 20:13:14,282] Trial 10 finished with value: 0.65 and parameters: {'n_neighbors': 7, 'leaf_size': 32, 'p': 2}. Best is trial 4 with value: 0.8.
[I 2026-04-09 20:13:14,316] Trial 11 finished with value: 0.8 and parameters: {'n_neighbors': 3, 'leaf_size': 37, 'p': 2}. Best is trial 4 with value: 0.8.
[I 2026-04-09 20:13:14,336] Trial 12 finished with value: 0.7 and parameters: {'n_neighbors': 4, 'leaf_size': 38, 'p': 2}. Best is trial 4 with value: 0.8.
[I 2026-04-09 20:13:14,355] Trial 13 finished with value: 0.8 and parameters: {'n_neighbors': 5, 'leaf_size': 30, 'p': 2}. Best is trial 4 with value: 0.8.
[I 2026-04-09 20:13:14,386] Trial 14 finished with value: 0.75 and parameters: {'n_neighbors': 4, 'leaf_size': 35, 'p': 1}. Best is trial 4 with value: 0.8.
[I 2026-04-09 20:13:14,408] Trial 15 finished with value: 0.8 and parameters: {'n_neighbors': 3, 'leaf_size': 39, 'p': 2}. Best is trial 4 with value: 0.8.
[I 2026-04-09 20:13:14,457] Trial 16 finished with value: 0.8 and parameters: {'n_neighbors': 5, 'leaf_size': 33, 'p': 2}. Best is trial 4 with value: 0.8.
[I 2026-04-09 20:13:14,498] Trial 17 finished with value: 0.65 and parameters: {'n_neighbors': 8, 'leaf_size': 26, 'p': 1}. Best is trial 4 with value: 0.8.
[I 2026-04-09 20:13:14,524] Trial 18 finished with value: 0.7 and parameters: {'n_neighbors': 4, 'leaf_size': 28, 'p': 2}. Best is trial 4 with value: 0.8.
[I 2026-04-09 20:13:14,551] Trial 19 finished with value: 0.8 and parameters: {'n_neighbors': 5, 'leaf_size': 37, 'p': 1}. Best is trial 4 with value: 0.8.
[I 2026-04-09 20:13:14,578] Trial 20 finished with value: 0.8 and parameters: {'n_neighbors': 3, 'leaf_size': 20, 'p': 1}. Best is trial 4 with value: 0.8.
[I 2026-04-09 20:13:14,615] Trial 21 finished with value: 0.8 and parameters: {'n_neighbors': 3, 'leaf_size': 23, 'p': 2}. Best is trial 4 with value: 0.8.
[I 2026-04-09 20:13:14,665] Trial 22 finished with value: 0.55 and parameters: {'n_neighbors': 10, 'leaf_size': 23, 'p': 2}. Best is trial 4 with value: 0.8.
[I 2026-04-09 20:13:14,689] Trial 23 finished with value: 0.7 and parameters: {'n_neighbors': 4, 'leaf_size': 30, 'p': 2}. Best is trial 4 with value: 0.8.
[I 2026-04-09 20:13:14,716] Trial 24 finished with value: 0.8 and parameters: {'n_neighbors': 3, 'leaf_size': 28, 'p': 2}. Best is trial 4 with value: 0.8.
[I 2026-04-09 20:13:14,749] Trial 25 finished with value: 0.65 and parameters: {'n_neighbors': 6, 'leaf_size': 38, 'p': 2}. Best is trial 4 with value: 0.8.
[I 2026-04-09 20:13:14,773] Trial 26 finished with value: 0.7 and parameters: {'n_neighbors': 4, 'leaf_size': 32, 'p': 2}. Best is trial 4 with value: 0.8.
[I 2026-04-09 20:13:14,794] Trial 27 finished with value: 0.8 and parameters: {'n_neighbors': 3, 'leaf_size': 22, 'p': 2}. Best is trial 4 with value: 0.8.
[I 2026-04-09 20:13:14,829] Trial 28 finished with value: 0.8 and parameters: {'n_neighbors': 5, 'leaf_size': 25, 'p': 1}. Best is trial 4 with value: 0.8.
[I 2026-04-09 20:13:14,886] Trial 29 finished with value: 0.65 and parameters: {'n_neighbors': 8, 'leaf_size': 39, 'p': 1}. Best is trial 4 with value: 0.8.
[I 2026-04-09 20:13:16,478] A new study created in memory with name: xgb
[I 2026-04-09 20:13:16,503] Trial 0 finished with value: 0.7 and parameters: {'n_estimators': 40, 'max_depth': 5, 'gamma': 0.4874219364632415, 'subsample': 0.7011756800186824, 'colsample_bytree': 0.7613373356762848}. Best is trial 0 with value: 0.7.
[I 2026-04-09 20:13:16,538] Trial 1 finished with value: 0.7 and parameters: {'n_estimators': 40, 'max_depth': 5, 'gamma': 0.483482593428573, 'subsample': 0.6445375140090439, 'colsample_bytree': 0.9869276206002231}. Best is trial 0 with value: 0.7.
[I 2026-04-09 20:13:16,553] Trial 2 finished with value: 0.75 and parameters: {'n_estimators': 10, 'max_depth': 5, 'gamma': 0.16384856027517886, 'subsample': 0.6123849694840227, 'colsample_bytree': 0.6968174574718025}. Best is trial 2 with value: 0.75.
[I 2026-04-09 20:13:16,577] Trial 3 finished with value: 0.5 and parameters: {'n_estimators': 100, 'max_depth': 30, 'gamma': 0.7877441182293641, 'subsample': 0.9694019566553859, 'colsample_bytree': 0.6598448982335139}. Best is trial 2 with value: 0.75.
[I 2026-04-09 20:13:16,600] Trial 4 finished with value: 0.7 and parameters: {'n_estimators': 100, 'max_depth': 5, 'gamma': 0.816017102586079, 'subsample': 0.5160040782128984, 'colsample_bytree': 0.7277239110529665}. Best is trial 2 with value: 0.75.
[I 2026-04-09 20:13:16,645] Trial 5 finished with value: 0.7 and parameters: {'n_estimators': 40, 'max_depth': 20, 'gamma': 0.6643500821697236, 'subsample': 0.6076588997363731, 'colsample_bytree': 0.5754850538287481}. Best is trial 2 with value: 0.75.
[I 2026-04-09 20:13:16,680] Trial 6 finished with value: 0.65 and parameters: {'n_estimators': 100, 'max_depth': 20, 'gamma': 0.6361752212866232, 'subsample': 0.8309913561372338, 'colsample_bytree': 0.7552902276266351}. Best is trial 2 with value: 0.75.
[I 2026-04-09 20:13:16,704] Trial 7 finished with value: 0.55 and parameters: {'n_estimators': 10, 'max_depth': 5, 'gamma': 0.5767347850317142, 'subsample': 0.7995431264700696, 'colsample_bytree': 0.8604622333437917}. Best is trial 2 with value: 0.75.
[I 2026-04-09 20:13:16,727] Trial 8 finished with value: 0.55 and parameters: {'n_estimators': 100, 'max_depth': 20, 'gamma': 0.8470554948938058, 'subsample': 0.860339005739911, 'colsample_bytree': 0.9331308414408237}. Best is trial 2 with value: 0.75.
[I 2026-04-09 20:13:16,752] Trial 9 finished with value: 0.55 and parameters: {'n_estimators': 100, 'max_depth': 30, 'gamma': 0.574951454577921, 'subsample': 0.9696020680119358, 'colsample_bytree': 0.8616917074936369}. Best is trial 2 with value: 0.75.
[I 2026-04-09 20:13:16,792] Trial 10 finished with value: 0.65 and parameters: {'n_estimators': 10, 'max_depth': 5, 'gamma': 0.11769208758613511, 'subsample': 0.5220288164053076, 'colsample_bytree': 0.525322130410742}. Best is trial 2 with value: 0.75.
