[I 2026-04-07 01:20:45,201] Trial 29 finished with value: 0.55 and parameters: {'hidden_layer_sizes': (100,), 'max_iter': 50, 'alpha': 0.0001}. Best is trial 22 with value: 0.75.
[I 2026-04-07 01:33:56,731] A new study created in memory with name: naive_bayes
Parámetros guardados en checkpoint_paysim_Doriginal_I_sin_full/ag/IPC_10/best_models_ag_seed_6_space_original/naive_bayes_best_params.json


>>> Optuna tuning logreg metodo ag IPC 10 seed 6


Parámetros guardados en checkpoint_paysim_Doriginal_I_sin_full/ag/IPC_10/best_models_ag_seed_6_space_original/logreg_best_params.json


>>> Optuna tuning knn metodo ag IPC 10 seed 6


Parámetros guardados en checkpoint_paysim_Doriginal_I_sin_full/ag/IPC_10/best_models_ag_seed_6_space_original/knn_best_params.json


>>> Optuna tuning xgb metodo ag IPC 10 seed 6


Parámetros guardados en checkpoint_paysim_Doriginal_I_sin_full/ag/IPC_10/best_models_ag_seed_6_space_original/xgb_best_params.json


>>> Optuna tuning rf metodo ag IPC 10 seed 6


Parámetros guardados en checkpoint_paysim_Doriginal_I_sin_full/ag/IPC_10/best_models_ag_seed_6_space_original/rf_best_params.json


>>> Optuna tuning mlp metodo ag IPC 10 seed 6


Parámetros guardados en checkpoint_paysim_Doriginal_I_sin_full/ag/IPC_10/best_models_ag_seed_6_space_original/mlp_best_params.json


>>> Optuna tuning naive_bayes metodo k_center IPC 10 seed 6


Parámetros guardados en checkpoint_paysim_Doriginal_I_sin_full/k_center/IPC_10/best_models_k_center_seed_6_space_original/naive_bayes_best_params.json


>>> Optuna tuning logreg metodo k_center IPC 10 seed 6


Parámetros guardados en checkpoint_paysim_Doriginal_I_sin_full/k_center/IPC_10/best_models_k_center_seed_6_space_original/logreg_best_params.json


>>> Optuna tuning knn metodo k_center IPC 10 seed 6


Parámetros guardados en checkpoint_paysim_Doriginal_I_sin_full/k_center/IPC_10/best_models_k_center_seed_6_space_original/knn_best_params.json


>>> Optuna tuning xgb metodo k_center IPC 10 seed 6


Parámetros guardados en checkpoint_paysim_Doriginal_I_sin_full/k_center/IPC_10/best_models_k_center_seed_6_space_original/xgb_best_params.json


>>> Optuna tuning rf metodo k_center IPC 10 seed 6


Parámetros guardados en checkpoint_paysim_Doriginal_I_sin_full/k_center/IPC_10/best_models_k_center_seed_6_space_original/rf_best_params.json


>>> Optuna tuning mlp metodo k_center IPC 10 seed 6


Parámetros guardados en checkpoint_paysim_Doriginal_I_sin_full/k_center/IPC_10/best_models_k_center_seed_6_space_original/mlp_best_params.json


>>> Optuna tuning naive_bayes metodo lc IPC 10 seed 6


Parámetros guardados en checkpoint_paysim_Doriginal_I_sin_full/lc/IPC_10/best_models_lc_seed_6_space_original/naive_bayes_best_params.json


>>> Optuna tuning logreg metodo lc IPC 10 seed 6


Parámetros guardados en checkpoint_paysim_Doriginal_I_sin_full/lc/IPC_10/best_models_lc_seed_6_space_original/logreg_best_params.json


>>> Optuna tuning knn metodo lc IPC 10 seed 6


Parámetros guardados en checkpoint_paysim_Doriginal_I_sin_full/lc/IPC_10/best_models_lc_seed_6_space_original/knn_best_params.json


>>> Optuna tuning xgb metodo lc IPC 10 seed 6


Parámetros guardados en checkpoint_paysim_Doriginal_I_sin_full/lc/IPC_10/best_models_lc_seed_6_space_original/xgb_best_params.json


>>> Optuna tuning rf metodo lc IPC 10 seed 6


Parámetros guardados en checkpoint_paysim_Doriginal_I_sin_full/lc/IPC_10/best_models_lc_seed_6_space_original/rf_best_params.json


>>> Optuna tuning mlp metodo lc IPC 10 seed 6


Parámetros guardados en checkpoint_paysim_Doriginal_I_sin_full/lc/IPC_10/best_models_lc_seed_6_space_original/mlp_best_params.json


>>> Optuna tuning naive_bayes metodo random IPC 10 seed 7


Parámetros guardados en checkpoint_paysim_Doriginal_I_sin_full/random/IPC_10/best_models_random_seed_7_space_original/naive_bayes_best_params.json


>>> Optuna tuning logreg metodo random IPC 10 seed 7


Parámetros guardados en checkpoint_paysim_Doriginal_I_sin_full/random/IPC_10/best_models_random_seed_7_space_original/logreg_best_params.json


>>> Optuna tuning knn metodo random IPC 10 seed 7


Parámetros guardados en checkpoint_paysim_Doriginal_I_sin_full/random/IPC_10/best_models_random_seed_7_space_original/knn_best_params.json


>>> Optuna tuning xgb metodo random IPC 10 seed 7


Parámetros guardados en checkpoint_paysim_Doriginal_I_sin_full/random/IPC_10/best_models_random_seed_7_space_original/xgb_best_params.json


>>> Optuna tuning rf metodo random IPC 10 seed 7


Parámetros guardados en checkpoint_paysim_Doriginal_I_sin_full/random/IPC_10/best_models_random_seed_7_space_original/rf_best_params.json


>>> Optuna tuning mlp metodo random IPC 10 seed 7


Parámetros guardados en checkpoint_paysim_Doriginal_I_sin_full/random/IPC_10/best_models_random_seed_7_space_original/mlp_best_params.json


>>> Optuna tuning naive_bayes metodo k-means IPC 10 seed 7


Parámetros guardados en checkpoint_paysim_Doriginal_I_sin_full/k-means/IPC_10/best_models_k-means_seed_7_space_original/naive_bayes_best_params.json


>>> Optuna tuning logreg metodo k-means IPC 10 seed 7


Parámetros guardados en checkpoint_paysim_Doriginal_I_sin_full/k-means/IPC_10/best_models_k-means_seed_7_space_original/logreg_best_params.json


>>> Optuna tuning knn metodo k-means IPC 10 seed 7


Parámetros guardados en checkpoint_paysim_Doriginal_I_sin_full/k-means/IPC_10/best_models_k-means_seed_7_space_original/knn_best_params.json


>>> Optuna tuning xgb metodo k-means IPC 10 seed 7


Parámetros guardados en checkpoint_paysim_Doriginal_I_sin_full/k-means/IPC_10/best_models_k-means_seed_7_space_original/xgb_best_params.json


>>> Optuna tuning rf metodo k-means IPC 10 seed 7


Parámetros guardados en checkpoint_paysim_Doriginal_I_sin_full/k-means/IPC_10/best_models_k-means_seed_7_space_original/rf_best_params.json


>>> Optuna tuning mlp metodo k-means IPC 10 seed 7


Parámetros guardados en checkpoint_paysim_Doriginal_I_sin_full/k-means/IPC_10/best_models_k-means_seed_7_space_original/mlp_best_params.json


>>> Optuna tuning naive_bayes metodo ag IPC 10 seed 7


[I 2026-04-07 01:33:59,217] Trial 0 finished with value: 0.75 and parameters: {'var_smoothing': 1.4210736239935712e-10}. Best is trial 0 with value: 0.75.
[I 2026-04-07 01:34:01,569] Trial 1 finished with value: 0.75 and parameters: {'var_smoothing': 3.629422978396398e-09}. Best is trial 0 with value: 0.75.
[I 2026-04-07 01:34:03,868] Trial 2 finished with value: 0.75 and parameters: {'var_smoothing': 7.530407234027127e-10}. Best is trial 0 with value: 0.75.
[I 2026-04-07 01:34:06,196] Trial 3 finished with value: 0.75 and parameters: {'var_smoothing': 2.7985325053380072e-09}. Best is trial 0 with value: 0.75.
[I 2026-04-07 01:34:08,680] Trial 4 finished with value: 0.75 and parameters: {'var_smoothing': 9.036058293737187e-09}. Best is trial 0 with value: 0.75.
[I 2026-04-07 01:34:10,947] Trial 5 finished with value: 0.75 and parameters: {'var_smoothing': 1.1939653980558784e-09}. Best is trial 0 with value: 0.75.
[I 2026-04-07 01:34:13,207] Trial 6 finished with value: 0.75 and parameters: {'var_smoothing': 1.005173261185167e-09}. Best is trial 0 with value: 0.75.
[I 2026-04-07 01:34:15,515] Trial 7 finished with value: 0.75 and parameters: {'var_smoothing': 1.393484899105757e-10}. Best is trial 0 with value: 0.75.
[I 2026-04-07 01:34:17,771] Trial 8 finished with value: 0.75 and parameters: {'var_smoothing': 3.4425317961147986e-10}. Best is trial 0 with value: 0.75.
[I 2026-04-07 01:34:20,009] Trial 9 finished with value: 0.75 and parameters: {'var_smoothing': 9.994590426751933e-10}. Best is trial 0 with value: 0.75.
[I 2026-04-07 01:34:22,341] Trial 10 finished with value: 0.75 and parameters: {'var_smoothing': 1.9079938112167212e-10}. Best is trial 0 with value: 0.75.
[I 2026-04-07 01:34:24,600] Trial 11 finished with value: 0.75 and parameters: {'var_smoothing': 4.7456863630433305e-09}. Best is trial 0 with value: 0.75.
[I 2026-04-07 01:34:26,873] Trial 12 finished with value: 0.75 and parameters: {'var_smoothing': 2.7185365295481096e-09}. Best is trial 0 with value: 0.75.
[I 2026-04-07 01:34:26,894] Trial 13 finished with value: 0.75 and parameters: {'var_smoothing': 4.3967291332584714e-10}. Best is trial 0 with value: 0.75.
[I 2026-04-07 01:34:26,923] Trial 14 finished with value: 0.75 and parameters: {'var_smoothing': 2.6511307931162972e-09}. Best is trial 0 with value: 0.75.
[I 2026-04-07 01:34:26,943] Trial 15 finished with value: 0.75 and parameters: {'var_smoothing': 9.000422035369052e-09}. Best is trial 0 with value: 0.75.
[I 2026-04-07 01:34:26,971] Trial 16 finished with value: 0.75 and parameters: {'var_smoothing': 2.75340575769171e-10}. Best is trial 0 with value: 0.75.
[I 2026-04-07 01:34:26,989] Trial 17 finished with value: 0.75 and parameters: {'var_smoothing': 1.0118559267516465e-10}. Best is trial 0 with value: 0.75.
[I 2026-04-07 01:34:27,004] Trial 18 finished with value: 0.75 and parameters: {'var_smoothing': 5.126237368588495e-10}. Best is trial 0 with value: 0.75.
[I 2026-04-07 01:34:27,022] Trial 19 finished with value: 0.75 and parameters: {'var_smoothing': 1.7743118427439911e-09}. Best is trial 0 with value: 0.75.
[I 2026-04-07 01:34:27,038] Trial 20 finished with value: 0.75 and parameters: {'var_smoothing': 5.29215399120128e-09}. Best is trial 0 with value: 0.75.
[I 2026-04-07 01:34:27,054] Trial 21 finished with value: 0.75 and parameters: {'var_smoothing': 6.215389304971454e-10}. Best is trial 0 with value: 0.75.
[I 2026-04-07 01:34:27,081] Trial 22 finished with value: 0.75 and parameters: {'var_smoothing': 2.205158371956595e-10}. Best is trial 0 with value: 0.75.
[I 2026-04-07 01:34:27,112] Trial 23 finished with value: 0.75 and parameters: {'var_smoothing': 6.714468189294179e-10}. Best is trial 0 with value: 0.75.
[I 2026-04-07 01:34:27,142] Trial 24 finished with value: 0.75 and parameters: {'var_smoothing': 1.6303611152529254e-09}. Best is trial 0 with value: 0.75.
[I 2026-04-07 01:34:27,162] Trial 25 finished with value: 0.75 and parameters: {'var_smoothing': 5.460180203252778e-09}. Best is trial 0 with value: 0.75.
[I 2026-04-07 01:34:27,181] Trial 26 finished with value: 0.75 and parameters: {'var_smoothing': 1.0123007748054653e-10}. Best is trial 0 with value: 0.75.
[I 2026-04-07 01:34:27,201] Trial 27 finished with value: 0.75 and parameters: {'var_smoothing': 3.7004726843827016e-09}. Best is trial 0 with value: 0.75.
[I 2026-04-07 01:34:27,217] Trial 28 finished with value: 0.75 and parameters: {'var_smoothing': 8.062949328123723e-10}. Best is trial 0 with value: 0.75.
[I 2026-04-07 01:34:27,238] Trial 29 finished with value: 0.75 and parameters: {'var_smoothing': 1.8379694059711336e-09}. Best is trial 0 with value: 0.75.
[I 2026-04-07 01:34:28,308] A new study created in memory with name: logreg
[I 2026-04-07 01:34:28,363] Trial 0 finished with value: 0.3 and parameters: {'C': 0.002407362254570802, 'penalty': 'l2'}. Best is trial 0 with value: 0.3.
[I 2026-04-07 01:34:28,429] Trial 1 finished with value: 0.75 and parameters: {'C': 7.935859334260497, 'penalty': 'l2'}. Best is trial 1 with value: 0.75.
[I 2026-04-07 01:34:28,484] Trial 2 finished with value: 0.65 and parameters: {'C': 0.15561310098067915, 'penalty': 'l2'}. Best is trial 1 with value: 0.75.
[I 2026-04-07 01:34:28,550] Trial 3 finished with value: 0.75 and parameters: {'C': 4.143104515916128, 'penalty': 'l2'}. Best is trial 1 with value: 0.75.
[I 2026-04-07 01:34:28,616] Trial 4 finished with value: 0.7 and parameters: {'C': 77.61533923098803, 'penalty': 'l2'}. Best is trial 1 with value: 0.75.
[I 2026-04-07 01:34:28,672] Trial 5 finished with value: 0.75 and parameters: {'C': 0.49258292359934785, 'penalty': 'l2'}. Best is trial 1 with value: 0.75.
[I 2026-04-07 01:34:28,718] Trial 6 finished with value: 0.65 and parameters: {'C': 0.320333470047146, 'penalty': 'l2'}. Best is trial 1 with value: 0.75.
[I 2026-04-07 01:34:28,764] Trial 7 finished with value: 0.3 and parameters: {'C': 0.002292216671132896, 'penalty': 'l2'}. Best is trial 1 with value: 0.75.
[I 2026-04-07 01:34:28,830] Trial 8 finished with value: 0.45 and parameters: {'C': 0.0219884643872214, 'penalty': 'l2'}. Best is trial 1 with value: 0.75.
[I 2026-04-07 01:34:28,887] Trial 9 finished with value: 0.65 and parameters: {'C': 0.31580027519646636, 'penalty': 'l2'}. Best is trial 1 with value: 0.75.
[I 2026-04-07 01:34:28,960] Trial 10 finished with value: 0.7 and parameters: {'C': 47.045226746887316, 'penalty': 'l2'}. Best is trial 1 with value: 0.75.
[I 2026-04-07 01:34:29,021] Trial 11 finished with value: 0.75 and parameters: {'C': 6.839277165794106, 'penalty': 'l2'}. Best is trial 1 with value: 0.75.
[I 2026-04-07 01:34:29,051] Trial 12 finished with value: 0.75 and parameters: {'C': 5.370275252082627, 'penalty': 'l2'}. Best is trial 1 with value: 0.75.
[I 2026-04-07 01:34:29,092] Trial 13 finished with value: 0.75 and parameters: {'C': 4.530730528990401, 'penalty': 'l2'}. Best is trial 1 with value: 0.75.
[I 2026-04-07 01:34:29,123] Trial 14 finished with value: 0.7 and parameters: {'C': 15.961422628848593, 'penalty': 'l2'}. Best is trial 1 with value: 0.75.
[I 2026-04-07 01:34:29,164] Trial 15 finished with value: 0.75 and parameters: {'C': 1.6271854345698875, 'penalty': 'l2'}. Best is trial 1 with value: 0.75.
[I 2026-04-07 01:34:29,194] Trial 16 finished with value: 0.75 and parameters: {'C': 1.8118670271657522, 'penalty': 'l2'}. Best is trial 1 with value: 0.75.
[I 2026-04-07 01:34:29,226] Trial 17 finished with value: 0.7 and parameters: {'C': 25.035357564636254, 'penalty': 'l2'}. Best is trial 1 with value: 0.75.
[I 2026-04-07 01:34:29,254] Trial 18 finished with value: 0.5 and parameters: {'C': 0.059497234598840446, 'penalty': 'l2'}. Best is trial 1 with value: 0.75.
[I 2026-04-07 01:34:29,284] Trial 19 finished with value: 0.7 and parameters: {'C': 1.4421025470950777, 'penalty': 'l2'}. Best is trial 1 with value: 0.75.
[I 2026-04-07 01:34:29,323] Trial 20 finished with value: 0.7 and parameters: {'C': 20.37422894544439, 'penalty': 'l2'}. Best is trial 1 with value: 0.75.
[I 2026-04-07 01:34:29,348] Trial 21 finished with value: 0.75 and parameters: {'C': 0.6573188936023628, 'penalty': 'l2'}. Best is trial 1 with value: 0.75.
[I 2026-04-07 01:34:29,374] Trial 22 finished with value: 0.45 and parameters: {'C': 0.021310951493045408, 'penalty': 'l2'}. Best is trial 1 with value: 0.75.
[I 2026-04-07 01:34:29,412] Trial 23 finished with value: 0.75 and parameters: {'C': 7.667358088181722, 'penalty': 'l2'}. Best is trial 1 with value: 0.75.
[I 2026-04-07 01:34:29,443] Trial 24 finished with value: 0.75 and parameters: {'C': 0.948725609168146, 'penalty': 'l2'}. Best is trial 1 with value: 0.75.
[I 2026-04-07 01:34:29,474] Trial 25 finished with value: 0.75 and parameters: {'C': 3.036142682269954, 'penalty': 'l2'}. Best is trial 1 with value: 0.75.
[I 2026-04-07 01:34:29,503] Trial 26 finished with value: 0.6 and parameters: {'C': 0.11535341795012381, 'penalty': 'l2'}. Best is trial 1 with value: 0.75.
[I 2026-04-07 01:34:29,530] Trial 27 finished with value: 0.75 and parameters: {'C': 0.591165601714122, 'penalty': 'l2'}. Best is trial 1 with value: 0.75.
[I 2026-04-07 01:34:29,569] Trial 28 finished with value: 0.7 and parameters: {'C': 11.876976963767161, 'penalty': 'l2'}. Best is trial 1 with value: 0.75.
[I 2026-04-07 01:34:29,604] Trial 29 finished with value: 0.3 and parameters: {'C': 0.011104103350344362, 'penalty': 'l2'}. Best is trial 1 with value: 0.75.
[I 2026-04-07 01:34:30,573] A new study created in memory with name: knn
[I 2026-04-07 01:34:30,608] Trial 0 finished with value: 0.7 and parameters: {'n_neighbors': 3, 'leaf_size': 36, 'p': 2}. Best is trial 0 with value: 0.7.
[I 2026-04-07 01:34:30,662] Trial 1 finished with value: 0.5 and parameters: {'n_neighbors': 10, 'leaf_size': 31, 'p': 1}. Best is trial 0 with value: 0.7.
[I 2026-04-07 01:34:30,698] Trial 2 finished with value: 0.7 and parameters: {'n_neighbors': 5, 'leaf_size': 30, 'p': 2}. Best is trial 0 with value: 0.7.
[I 2026-04-07 01:34:30,745] Trial 3 finished with value: 0.65 and parameters: {'n_neighbors': 6, 'leaf_size': 21, 'p': 2}. Best is trial 0 with value: 0.7.
[I 2026-04-07 01:34:30,791] Trial 4 finished with value: 0.75 and parameters: {'n_neighbors': 4, 'leaf_size': 29, 'p': 1}. Best is trial 4 with value: 0.75.
[I 2026-04-07 01:34:30,836] Trial 5 finished with value: 0.65 and parameters: {'n_neighbors': 7, 'leaf_size': 39, 'p': 2}. Best is trial 4 with value: 0.75.
[I 2026-04-07 01:34:30,901] Trial 6 finished with value: 0.55 and parameters: {'n_neighbors': 10, 'leaf_size': 22, 'p': 2}. Best is trial 4 with value: 0.75.
[I 2026-04-07 01:34:30,957] Trial 7 finished with value: 0.5 and parameters: {'n_neighbors': 8, 'leaf_size': 29, 'p': 2}. Best is trial 4 with value: 0.75.
[I 2026-04-07 01:34:31,002] Trial 8 finished with value: 0.7 and parameters: {'n_neighbors': 5, 'leaf_size': 30, 'p': 2}. Best is trial 4 with value: 0.75.
[I 2026-04-07 01:34:31,069] Trial 9 finished with value: 0.5 and parameters: {'n_neighbors': 9, 'leaf_size': 26, 'p': 1}. Best is trial 4 with value: 0.75.
[I 2026-04-07 01:34:31,125] Trial 10 finished with value: 0.75 and parameters: {'n_neighbors': 4, 'leaf_size': 34, 'p': 1}. Best is trial 4 with value: 0.75.
[I 2026-04-07 01:34:31,170] Trial 11 finished with value: 0.65 and parameters: {'n_neighbors': 3, 'leaf_size': 35, 'p': 1}. Best is trial 4 with value: 0.75.
[I 2026-04-07 01:34:31,206] Trial 12 finished with value: 0.75 and parameters: {'n_neighbors': 4, 'leaf_size': 35, 'p': 1}. Best is trial 4 with value: 0.75.
[I 2026-04-07 01:34:31,240] Trial 13 finished with value: 0.6 and parameters: {'n_neighbors': 5, 'leaf_size': 25, 'p': 1}. Best is trial 4 with value: 0.75.
[I 2026-04-07 01:34:31,265] Trial 14 finished with value: 0.75 and parameters: {'n_neighbors': 4, 'leaf_size': 32, 'p': 1}. Best is trial 4 with value: 0.75.
[I 2026-04-07 01:34:31,287] Trial 15 finished with value: 0.65 and parameters: {'n_neighbors': 6, 'leaf_size': 40, 'p': 1}. Best is trial 4 with value: 0.75.
[I 2026-04-07 01:34:31,310] Trial 16 finished with value: 0.75 and parameters: {'n_neighbors': 4, 'leaf_size': 26, 'p': 1}. Best is trial 4 with value: 0.75.
[I 2026-04-07 01:34:31,343] Trial 17 finished with value: 0.65 and parameters: {'n_neighbors': 3, 'leaf_size': 33, 'p': 1}. Best is trial 4 with value: 0.75.
[I 2026-04-07 01:34:31,367] Trial 18 finished with value: 0.65 and parameters: {'n_neighbors': 7, 'leaf_size': 28, 'p': 1}. Best is trial 4 with value: 0.75.
[I 2026-04-07 01:34:31,402] Trial 19 finished with value: 0.75 and parameters: {'n_neighbors': 4, 'leaf_size': 38, 'p': 1}. Best is trial 4 with value: 0.75.
[I 2026-04-07 01:34:31,426] Trial 20 finished with value: 0.6 and parameters: {'n_neighbors': 5, 'leaf_size': 33, 'p': 1}. Best is trial 4 with value: 0.75.
[I 2026-04-07 01:34:31,452] Trial 21 finished with value: 0.75 and parameters: {'n_neighbors': 4, 'leaf_size': 35, 'p': 1}. Best is trial 4 with value: 0.75.
[I 2026-04-07 01:34:31,479] Trial 22 finished with value: 0.65 and parameters: {'n_neighbors': 3, 'leaf_size': 37, 'p': 1}. Best is trial 4 with value: 0.75.
[I 2026-04-07 01:34:31,501] Trial 23 finished with value: 0.75 and parameters: {'n_neighbors': 4, 'leaf_size': 34, 'p': 1}. Best is trial 4 with value: 0.75.
[I 2026-04-07 01:34:31,526] Trial 24 finished with value: 0.65 and parameters: {'n_neighbors': 6, 'leaf_size': 28, 'p': 1}. Best is trial 4 with value: 0.75.
[I 2026-04-07 01:34:31,562] Trial 25 finished with value: 0.6 and parameters: {'n_neighbors': 5, 'leaf_size': 37, 'p': 1}. Best is trial 4 with value: 0.75.
[I 2026-04-07 01:34:31,585] Trial 26 finished with value: 0.75 and parameters: {'n_neighbors': 4, 'leaf_size': 33, 'p': 1}. Best is trial 4 with value: 0.75.
[I 2026-04-07 01:34:31,617] Trial 27 finished with value: 0.65 and parameters: {'n_neighbors': 3, 'leaf_size': 31, 'p': 1}. Best is trial 4 with value: 0.75.
[I 2026-04-07 01:34:31,651] Trial 28 finished with value: 0.65 and parameters: {'n_neighbors': 6, 'leaf_size': 23, 'p': 1}. Best is trial 4 with value: 0.75.
[I 2026-04-07 01:34:31,676] Trial 29 finished with value: 0.65 and parameters: {'n_neighbors': 3, 'leaf_size': 36, 'p': 1}. Best is trial 4 with value: 0.75.
[I 2026-04-07 01:34:32,883] A new study created in memory with name: xgb
[I 2026-04-07 01:34:32,929] Trial 0 finished with value: 0.85 and parameters: {'n_estimators': 40, 'max_depth': 20, 'gamma': 0.5510084172939441, 'subsample': 0.5360255666798808, 'colsample_bytree': 0.6342194900509356}. Best is trial 0 with value: 0.85.
[I 2026-04-07 01:34:32,997] Trial 1 finished with value: 0.75 and parameters: {'n_estimators': 100, 'max_depth': 5, 'gamma': 0.9186341749476523, 'subsample': 0.6066926767899578, 'colsample_bytree': 0.7260619809088416}. Best is trial 0 with value: 0.85.
[I 2026-04-07 01:34:33,045] Trial 2 finished with value: 0.65 and parameters: {'n_estimators': 10, 'max_depth': 5, 'gamma': 0.9182155373980582, 'subsample': 0.566584722879625, 'colsample_bytree': 0.761706290336883}. Best is trial 0 with value: 0.85.
[I 2026-04-07 01:34:33,092] Trial 3 finished with value: 0.7 and parameters: {'n_estimators': 10, 'max_depth': 20, 'gamma': 0.5296610393664296, 'subsample': 0.6829451928902965, 'colsample_bytree': 0.9189589971546304}. Best is trial 0 with value: 0.85.
[I 2026-04-07 01:34:33,151] Trial 4 finished with value: 0.55 and parameters: {'n_estimators': 10, 'max_depth': 20, 'gamma': 0.6916595165017824, 'subsample': 0.6851755414940176, 'colsample_bytree': 0.7295464889457157}. Best is trial 0 with value: 0.85.
[I 2026-04-07 01:34:33,199] Trial 5 finished with value: 0.8 and parameters: {'n_estimators': 100, 'max_depth': 20, 'gamma': 0.48380821541644814, 'subsample': 0.8171899343169193, 'colsample_bytree': 0.7614531005141727}. Best is trial 0 with value: 0.85.
