[I 2026-04-09 21:44:52,179] Trial 19 finished with value: 0.875 and parameters: {'var_smoothing': 4.2955625192244405e-09}. Best is trial 0 with value: 0.875.
[I 2026-04-09 21:44:52,194] Trial 20 finished with value: 0.875 and parameters: {'var_smoothing': 9.833771947222685e-09}. Best is trial 0 with value: 0.875.
[I 2026-04-09 21:44:52,209] Trial 21 finished with value: 0.875 and parameters: {'var_smoothing': 6.0482464086364635e-09}. Best is trial 0 with value: 0.875.
[I 2026-04-09 21:44:52,225] Trial 22 finished with value: 0.875 and parameters: {'var_smoothing': 4.537628481410357e-09}. Best is trial 0 with value: 0.875.
[I 2026-04-09 21:44:52,242] Trial 23 finished with value: 0.875 and parameters: {'var_smoothing': 6.750528289210463e-09}. Best is trial 0 with value: 0.875.
[I 2026-04-09 21:44:52,262] Trial 24 finished with value: 0.875 and parameters: {'var_smoothing': 2.2780337647355764e-09}. Best is trial 0 with value: 0.875.
[I 2026-04-09 21:44:52,284] Trial 25 finished with value: 0.875 and parameters: {'var_smoothing': 3.986918574074946e-09}. Best is trial 0 with value: 0.875.
[I 2026-04-09 21:44:52,304] Trial 26 finished with value: 0.875 and parameters: {'var_smoothing': 1.7707565248297843e-09}. Best is trial 0 with value: 0.875.
[I 2026-04-09 21:44:52,336] Trial 27 finished with value: 0.875 and parameters: {'var_smoothing': 6.732492847962814e-09}. Best is trial 0 with value: 0.875.
[I 2026-04-09 21:44:52,366] Trial 28 finished with value: 0.875 and parameters: {'var_smoothing': 3.8684773890893174e-10}. Best is trial 0 with value: 0.875.
[I 2026-04-09 21:44:52,386] Trial 29 finished with value: 0.875 and parameters: {'var_smoothing': 1.5480090897085013e-09}. Best is trial 0 with value: 0.875.
[I 2026-04-09 21:44:53,326] A new study created in memory with name: logreg
[I 2026-04-09 21:44:53,350] Trial 0 finished with value: 0.875 and parameters: {'C': 23.288794782471303, 'penalty': 'l2'}. Best is trial 0 with value: 0.875.
[I 2026-04-09 21:44:53,373] Trial 1 finished with value: 0.825 and parameters: {'C': 69.61507800412923, 'penalty': 'l2'}. Best is trial 0 with value: 0.875.
[I 2026-04-09 21:44:53,397] Trial 2 finished with value: 0.875 and parameters: {'C': 22.180569925473442, 'penalty': 'l2'}. Best is trial 0 with value: 0.875.
[I 2026-04-09 21:44:53,423] Trial 3 finished with value: 0.9 and parameters: {'C': 0.4511058486037652, 'penalty': 'l2'}. Best is trial 3 with value: 0.9.
[I 2026-04-09 21:44:53,448] Trial 4 finished with value: 0.725 and parameters: {'C': 0.014576110093994574, 'penalty': 'l2'}. Best is trial 3 with value: 0.9.
[I 2026-04-09 21:44:53,463] Trial 5 finished with value: 0.7 and parameters: {'C': 0.0011402340906886685, 'penalty': 'l2'}. Best is trial 3 with value: 0.9.
[I 2026-04-09 21:44:53,478] Trial 6 finished with value: 0.8 and parameters: {'C': 0.14201822862985758, 'penalty': 'l2'}. Best is trial 3 with value: 0.9.
[I 2026-04-09 21:44:53,490] Trial 7 finished with value: 0.825 and parameters: {'C': 0.1027440782219989, 'penalty': 'l2'}. Best is trial 3 with value: 0.9.
[I 2026-04-09 21:44:53,516] Trial 8 finished with value: 0.9 and parameters: {'C': 0.41055690122086846, 'penalty': 'l2'}. Best is trial 3 with value: 0.9.
[I 2026-04-09 21:44:53,531] Trial 9 finished with value: 0.875 and parameters: {'C': 0.24658064201770763, 'penalty': 'l2'}. Best is trial 3 with value: 0.9.
[I 2026-04-09 21:44:53,562] Trial 10 finished with value: 0.925 and parameters: {'C': 4.054933242818742, 'penalty': 'l2'}. Best is trial 10 with value: 0.925.
[I 2026-04-09 21:44:53,589] Trial 11 finished with value: 0.925 and parameters: {'C': 2.424283921187051, 'penalty': 'l2'}. Best is trial 10 with value: 0.925.
[I 2026-04-09 21:44:53,619] Trial 12 finished with value: 0.925 and parameters: {'C': 3.3338085915997806, 'penalty': 'l2'}. Best is trial 10 with value: 0.925.
[I 2026-04-09 21:44:53,635] Trial 13 finished with value: 0.925 and parameters: {'C': 3.035435412892837, 'penalty': 'l2'}. Best is trial 10 with value: 0.925.
[I 2026-04-09 21:44:53,652] Trial 14 finished with value: 0.925 and parameters: {'C': 2.49514782691891, 'penalty': 'l2'}. Best is trial 10 with value: 0.925.
[I 2026-04-09 21:44:53,680] Trial 15 finished with value: 0.925 and parameters: {'C': 6.7547907928106605, 'penalty': 'l2'}. Best is trial 10 with value: 0.925.
[I 2026-04-09 21:44:53,701] Trial 16 finished with value: 0.9 and parameters: {'C': 1.0238788669512997, 'penalty': 'l2'}. Best is trial 10 with value: 0.925.
[I 2026-04-09 21:44:53,719] Trial 17 finished with value: 0.825 and parameters: {'C': 0.04484986573212862, 'penalty': 'l2'}. Best is trial 10 with value: 0.925.
[I 2026-04-09 21:44:53,740] Trial 18 finished with value: 0.925 and parameters: {'C': 10.309371404845017, 'penalty': 'l2'}. Best is trial 10 with value: 0.925.
[I 2026-04-09 21:44:53,761] Trial 19 finished with value: 0.925 and parameters: {'C': 1.210494226333449, 'penalty': 'l2'}. Best is trial 10 with value: 0.925.
[I 2026-04-09 21:44:53,782] Trial 20 finished with value: 0.85 and parameters: {'C': 95.89596440448501, 'penalty': 'l2'}. Best is trial 10 with value: 0.925.
[I 2026-04-09 21:44:53,813] Trial 21 finished with value: 0.925 and parameters: {'C': 4.687586440804636, 'penalty': 'l2'}. Best is trial 10 with value: 0.925.
[I 2026-04-09 21:44:53,834] Trial 22 finished with value: 0.9 and parameters: {'C': 0.8433526279528014, 'penalty': 'l2'}. Best is trial 10 with value: 0.925.
[I 2026-04-09 21:44:53,853] Trial 23 finished with value: 0.925 and parameters: {'C': 14.310816217518772, 'penalty': 'l2'}. Best is trial 10 with value: 0.925.
[I 2026-04-09 21:44:53,879] Trial 24 finished with value: 0.925 and parameters: {'C': 2.47685391214756, 'penalty': 'l2'}. Best is trial 10 with value: 0.925.
[I 2026-04-09 21:44:53,907] Trial 25 finished with value: 0.925 and parameters: {'C': 1.5873468661826968, 'penalty': 'l2'}. Best is trial 10 with value: 0.925.
[I 2026-04-09 21:44:53,929] Trial 26 finished with value: 0.85 and parameters: {'C': 46.1260985961504, 'penalty': 'l2'}. Best is trial 10 with value: 0.925.
[I 2026-04-09 21:44:53,950] Trial 27 finished with value: 0.925 and parameters: {'C': 6.846473180842146, 'penalty': 'l2'}. Best is trial 10 with value: 0.925.
[I 2026-04-09 21:44:53,978] Trial 28 finished with value: 0.875 and parameters: {'C': 30.07903938394384, 'penalty': 'l2'}. Best is trial 10 with value: 0.925.
[I 2026-04-09 21:44:53,996] Trial 29 finished with value: 0.9 and parameters: {'C': 16.728633912250334, 'penalty': 'l2'}. Best is trial 10 with value: 0.925.
[I 2026-04-09 21:44:54,972] A new study created in memory with name: knn
[I 2026-04-09 21:44:54,987] Trial 0 finished with value: 0.925 and parameters: {'n_neighbors': 9, 'leaf_size': 40, 'p': 1}. Best is trial 0 with value: 0.925.
[I 2026-04-09 21:44:55,001] Trial 1 finished with value: 0.875 and parameters: {'n_neighbors': 4, 'leaf_size': 20, 'p': 1}. Best is trial 0 with value: 0.925.
[I 2026-04-09 21:44:55,025] Trial 2 finished with value: 0.95 and parameters: {'n_neighbors': 7, 'leaf_size': 30, 'p': 1}. Best is trial 2 with value: 0.95.
[I 2026-04-09 21:44:55,039] Trial 3 finished with value: 0.925 and parameters: {'n_neighbors': 9, 'leaf_size': 34, 'p': 1}. Best is trial 2 with value: 0.95.
[I 2026-04-09 21:44:55,063] Trial 4 finished with value: 0.875 and parameters: {'n_neighbors': 5, 'leaf_size': 40, 'p': 1}. Best is trial 2 with value: 0.95.
[I 2026-04-09 21:44:55,086] Trial 5 finished with value: 0.9 and parameters: {'n_neighbors': 3, 'leaf_size': 40, 'p': 2}. Best is trial 2 with value: 0.95.
[I 2026-04-09 21:44:55,114] Trial 6 finished with value: 0.9 and parameters: {'n_neighbors': 3, 'leaf_size': 24, 'p': 2}. Best is trial 2 with value: 0.95.
[I 2026-04-09 21:44:55,127] Trial 7 finished with value: 0.925 and parameters: {'n_neighbors': 5, 'leaf_size': 40, 'p': 2}. Best is trial 2 with value: 0.95.
[I 2026-04-09 21:44:55,142] Trial 8 finished with value: 0.9 and parameters: {'n_neighbors': 6, 'leaf_size': 36, 'p': 1}. Best is trial 2 with value: 0.95.
[I 2026-04-09 21:44:55,173] Trial 9 finished with value: 0.9 and parameters: {'n_neighbors': 6, 'leaf_size': 25, 'p': 1}. Best is trial 2 with value: 0.95.
[I 2026-04-09 21:44:55,195] Trial 10 finished with value: 0.725 and parameters: {'n_neighbors': 8, 'leaf_size': 30, 'p': 2}. Best is trial 2 with value: 0.95.
[I 2026-04-09 21:44:55,218] Trial 11 finished with value: 0.825 and parameters: {'n_neighbors': 10, 'leaf_size': 30, 'p': 1}. Best is trial 2 with value: 0.95.
[I 2026-04-09 21:44:55,244] Trial 12 finished with value: 0.875 and parameters: {'n_neighbors': 8, 'leaf_size': 34, 'p': 1}. Best is trial 2 with value: 0.95.
[I 2026-04-09 21:44:55,282] Trial 13 finished with value: 0.875 and parameters: {'n_neighbors': 8, 'leaf_size': 27, 'p': 1}. Best is trial 2 with value: 0.95.
[I 2026-04-09 21:44:55,307] Trial 14 finished with value: 0.825 and parameters: {'n_neighbors': 10, 'leaf_size': 33, 'p': 1}. Best is trial 2 with value: 0.95.
[I 2026-04-09 21:44:55,328] Trial 15 finished with value: 0.95 and parameters: {'n_neighbors': 7, 'leaf_size': 37, 'p': 1}. Best is trial 2 with value: 0.95.
[I 2026-04-09 21:44:55,347] Trial 16 finished with value: 0.95 and parameters: {'n_neighbors': 7, 'leaf_size': 37, 'p': 1}. Best is trial 2 with value: 0.95.
[I 2026-04-09 21:44:55,367] Trial 17 finished with value: 0.95 and parameters: {'n_neighbors': 7, 'leaf_size': 32, 'p': 1}. Best is trial 2 with value: 0.95.
[I 2026-04-09 21:44:55,407] Trial 18 finished with value: 0.925 and parameters: {'n_neighbors': 5, 'leaf_size': 28, 'p': 2}. Best is trial 2 with value: 0.95.
[I 2026-04-09 21:44:55,436] Trial 19 finished with value: 0.95 and parameters: {'n_neighbors': 7, 'leaf_size': 36, 'p': 1}. Best is trial 2 with value: 0.95.
[I 2026-04-09 21:44:55,455] Trial 20 finished with value: 0.9 and parameters: {'n_neighbors': 6, 'leaf_size': 31, 'p': 1}. Best is trial 2 with value: 0.95.
[I 2026-04-09 21:44:55,476] Trial 21 finished with value: 0.95 and parameters: {'n_neighbors': 7, 'leaf_size': 37, 'p': 1}. Best is trial 2 with value: 0.95.
[I 2026-04-09 21:44:55,496] Trial 22 finished with value: 0.95 and parameters: {'n_neighbors': 7, 'leaf_size': 37, 'p': 1}. Best is trial 2 with value: 0.95.
[I 2026-04-09 21:44:55,516] Trial 23 finished with value: 0.875 and parameters: {'n_neighbors': 8, 'leaf_size': 38, 'p': 1}. Best is trial 2 with value: 0.95.
[I 2026-04-09 21:44:55,536] Trial 24 finished with value: 0.925 and parameters: {'n_neighbors': 9, 'leaf_size': 28, 'p': 1}. Best is trial 2 with value: 0.95.
[I 2026-04-09 21:44:55,562] Trial 25 finished with value: 0.9 and parameters: {'n_neighbors': 6, 'leaf_size': 35, 'p': 1}. Best is trial 2 with value: 0.95.
[I 2026-04-09 21:44:55,582] Trial 26 finished with value: 0.85 and parameters: {'n_neighbors': 7, 'leaf_size': 38, 'p': 2}. Best is trial 2 with value: 0.95.
[I 2026-04-09 21:44:55,602] Trial 27 finished with value: 0.875 and parameters: {'n_neighbors': 8, 'leaf_size': 32, 'p': 1}. Best is trial 2 with value: 0.95.
[I 2026-04-09 21:44:55,629] Trial 28 finished with value: 0.875 and parameters: {'n_neighbors': 5, 'leaf_size': 25, 'p': 1}. Best is trial 2 with value: 0.95.
[I 2026-04-09 21:44:55,660] Trial 29 finished with value: 0.925 and parameters: {'n_neighbors': 9, 'leaf_size': 21, 'p': 1}. Best is trial 2 with value: 0.95.
[I 2026-04-09 21:44:57,249] A new study created in memory with name: xgb
[I 2026-04-09 21:44:57,275] Trial 0 finished with value: 0.85 and parameters: {'n_estimators': 40, 'max_depth': 5, 'gamma': 0.4874219364632415, 'subsample': 0.7011756800186824, 'colsample_bytree': 0.7613373356762848}. Best is trial 0 with value: 0.85.
[I 2026-04-09 21:44:57,302] Trial 1 finished with value: 0.825 and parameters: {'n_estimators': 40, 'max_depth': 5, 'gamma': 0.483482593428573, 'subsample': 0.6445375140090439, 'colsample_bytree': 0.9869276206002231}. Best is trial 0 with value: 0.85.
[I 2026-04-09 21:44:57,326] Trial 2 finished with value: 0.85 and parameters: {'n_estimators': 10, 'max_depth': 5, 'gamma': 0.16384856027517886, 'subsample': 0.6123849694840227, 'colsample_bytree': 0.6968174574718025}. Best is trial 0 with value: 0.85.
[I 2026-04-09 21:44:57,364] Trial 3 finished with value: 0.85 and parameters: {'n_estimators': 100, 'max_depth': 30, 'gamma': 0.7877441182293641, 'subsample': 0.9694019566553859, 'colsample_bytree': 0.6598448982335139}. Best is trial 0 with value: 0.85.
[I 2026-04-09 21:44:57,395] Trial 4 finished with value: 0.85 and parameters: {'n_estimators': 100, 'max_depth': 5, 'gamma': 0.816017102586079, 'subsample': 0.5160040782128984, 'colsample_bytree': 0.7277239110529665}. Best is trial 0 with value: 0.85.
[I 2026-04-09 21:44:57,420] Trial 5 finished with value: 0.85 and parameters: {'n_estimators': 40, 'max_depth': 20, 'gamma': 0.6643500821697236, 'subsample': 0.6076588997363731, 'colsample_bytree': 0.5754850538287481}. Best is trial 0 with value: 0.85.
[I 2026-04-09 21:44:57,446] Trial 6 finished with value: 0.9 and parameters: {'n_estimators': 100, 'max_depth': 20, 'gamma': 0.6361752212866232, 'subsample': 0.8309913561372338, 'colsample_bytree': 0.7552902276266351}. Best is trial 6 with value: 0.9.
[I 2026-04-09 21:44:57,483] Trial 7 finished with value: 0.85 and parameters: {'n_estimators': 10, 'max_depth': 5, 'gamma': 0.5767347850317142, 'subsample': 0.7995431264700696, 'colsample_bytree': 0.8604622333437917}. Best is trial 6 with value: 0.9.
[I 2026-04-09 21:44:57,512] Trial 8 finished with value: 0.9 and parameters: {'n_estimators': 100, 'max_depth': 20, 'gamma': 0.8470554948938058, 'subsample': 0.860339005739911, 'colsample_bytree': 0.9331308414408237}. Best is trial 6 with value: 0.9.
[I 2026-04-09 21:44:57,540] Trial 9 finished with value: 0.85 and parameters: {'n_estimators': 100, 'max_depth': 30, 'gamma': 0.574951454577921, 'subsample': 0.9696020680119358, 'colsample_bytree': 0.8616917074936369}. Best is trial 6 with value: 0.9.
[I 2026-04-09 21:44:57,600] Trial 10 finished with value: 0.875 and parameters: {'n_estimators': 100, 'max_depth': 20, 'gamma': 0.25114105728599195, 'subsample': 0.8583909470234251, 'colsample_bytree': 0.525322130410742}. Best is trial 6 with value: 0.9.
[I 2026-04-09 21:44:57,639] Trial 11 finished with value: 0.875 and parameters: {'n_estimators': 100, 'max_depth': 20, 'gamma': 0.9894607367239925, 'subsample': 0.863147693610025, 'colsample_bytree': 0.9375796568686313}. Best is trial 6 with value: 0.9.
[I 2026-04-09 21:44:57,677] Trial 12 finished with value: 0.85 and parameters: {'n_estimators': 100, 'max_depth': 20, 'gamma': 0.9738892144312379, 'subsample': 0.8680239223949097, 'colsample_bytree': 0.8187555423574219}. Best is trial 6 with value: 0.9.
[I 2026-04-09 21:44:57,721] Trial 13 finished with value: 0.85 and parameters: {'n_estimators': 100, 'max_depth': 20, 'gamma': 0.7867003674951019, 'subsample': 0.7837535856799976, 'colsample_bytree': 0.9258611474560662}. Best is trial 6 with value: 0.9.
[I 2026-04-09 21:44:57,754] Trial 14 finished with value: 0.85 and parameters: {'n_estimators': 100, 'max_depth': 20, 'gamma': 0.355001213837357, 'subsample': 0.9125321808155427, 'colsample_bytree': 0.616717843840092}. Best is trial 6 with value: 0.9.
[I 2026-04-09 21:44:57,796] Trial 15 finished with value: 0.85 and parameters: {'n_estimators': 10, 'max_depth': 20, 'gamma': 0.6938593553614454, 'subsample': 0.7299555463674827, 'colsample_bytree': 0.7870594445157879}. Best is trial 6 with value: 0.9.
[I 2026-04-09 21:44:57,836] Trial 16 finished with value: 0.875 and parameters: {'n_estimators': 100, 'max_depth': 20, 'gamma': 0.8967965190973898, 'subsample': 0.80722021557935, 'colsample_bytree': 0.9991430074353944}. Best is trial 6 with value: 0.9.
[I 2026-04-09 21:44:57,875] Trial 17 finished with value: 0.85 and parameters: {'n_estimators': 100, 'max_depth': 30, 'gamma': 0.6874874786922699, 'subsample': 0.9164181059630803, 'colsample_bytree': 0.8836898591693393}. Best is trial 6 with value: 0.9.
[I 2026-04-09 21:44:57,915] Trial 18 finished with value: 0.875 and parameters: {'n_estimators': 40, 'max_depth': 20, 'gamma': 0.3764728029733731, 'subsample': 0.6985755793017012, 'colsample_bytree': 0.8156447549239789}. Best is trial 6 with value: 0.9.
[I 2026-04-09 21:44:57,947] Trial 19 finished with value: 0.85 and parameters: {'n_estimators': 10, 'max_depth': 20, 'gamma': 0.8802703000906548, 'subsample': 0.9138249981567055, 'colsample_bytree': 0.6783578641100002}. Best is trial 6 with value: 0.9.
[I 2026-04-09 21:44:57,990] Trial 20 finished with value: 0.85 and parameters: {'n_estimators': 100, 'max_depth': 30, 'gamma': 0.6480904800567417, 'subsample': 0.7594572613428268, 'colsample_bytree': 0.9279284606468476}. Best is trial 6 with value: 0.9.
[I 2026-04-09 21:44:58,034] Trial 21 finished with value: 0.85 and parameters: {'n_estimators': 100, 'max_depth': 20, 'gamma': 0.16716357858780567, 'subsample': 0.8449806212793994, 'colsample_bytree': 0.5014450687433561}. Best is trial 6 with value: 0.9.
[I 2026-04-09 21:44:58,068] Trial 22 finished with value: 0.85 and parameters: {'n_estimators': 100, 'max_depth': 20, 'gamma': 0.2872936455918978, 'subsample': 0.8311456823822255, 'colsample_bytree': 0.5228744510929926}. Best is trial 6 with value: 0.9.
[I 2026-04-09 21:44:58,108] Trial 23 finished with value: 0.8 and parameters: {'n_estimators': 100, 'max_depth': 20, 'gamma': 0.27622742849400844, 'subsample': 0.8887078261878121, 'colsample_bytree': 0.5695409365134005}. Best is trial 6 with value: 0.9.
[I 2026-04-09 21:44:58,151] Trial 24 finished with value: 0.875 and parameters: {'n_estimators': 100, 'max_depth': 20, 'gamma': 0.47882428847843295, 'subsample': 0.9964837447201369, 'colsample_bytree': 0.6291086455266599}. Best is trial 6 with value: 0.9.
[I 2026-04-09 21:44:58,186] Trial 25 finished with value: 0.85 and parameters: {'n_estimators': 100, 'max_depth': 20, 'gamma': 0.10764373246258885, 'subsample': 0.8253562215501795, 'colsample_bytree': 0.731890337128147}. Best is trial 6 with value: 0.9.
[I 2026-04-09 21:44:58,233] Trial 26 finished with value: 0.85 and parameters: {'n_estimators': 100, 'max_depth': 20, 'gamma': 0.7377792618747204, 'subsample': 0.7636688287122886, 'colsample_bytree': 0.5793241320754156}. Best is trial 6 with value: 0.9.
[I 2026-04-09 21:44:58,266] Trial 27 finished with value: 0.875 and parameters: {'n_estimators': 100, 'max_depth': 20, 'gamma': 0.8969221179532245, 'subsample': 0.9390108694352729, 'colsample_bytree': 0.7831797163885641}. Best is trial 6 with value: 0.9.
[I 2026-04-09 21:44:58,299] Trial 28 finished with value: 0.875 and parameters: {'n_estimators': 10, 'max_depth': 30, 'gamma': 0.3826242952193075, 'subsample': 0.857463599784849, 'colsample_bytree': 0.7075561768046938}. Best is trial 6 with value: 0.9.
[I 2026-04-09 21:44:58,332] Trial 29 finished with value: 0.875 and parameters: {'n_estimators': 40, 'max_depth': 20, 'gamma': 0.5230486801457019, 'subsample': 0.7380936228229911, 'colsample_bytree': 0.7601662614184044}. Best is trial 6 with value: 0.9.
[I 2026-04-09 21:44:58,792] A new study created in memory with name: rf
[I 2026-04-09 21:44:59,310] Trial 0 finished with value: 0.85 and parameters: {'n_estimators': 450, 'max_depth': 20, 'min_samples_split': 9, 'min_samples_leaf': 6}. Best is trial 0 with value: 0.85.
[I 2026-04-09 21:44:59,546] Trial 1 finished with value: 0.85 and parameters: {'n_estimators': 193, 'max_depth': 3, 'min_samples_split': 5, 'min_samples_leaf': 5}. Best is trial 0 with value: 0.85.
[I 2026-04-09 21:44:59,947] Trial 2 finished with value: 0.825 and parameters: {'n_estimators': 309, 'max_depth': 11, 'min_samples_split': 6, 'min_samples_leaf': 6}. Best is trial 0 with value: 0.85.
[I 2026-04-09 21:45:00,385] Trial 3 finished with value: 0.875 and parameters: {'n_estimators': 405, 'max_depth': 15, 'min_samples_split': 7, 'min_samples_leaf': 5}. Best is trial 3 with value: 0.875.
[I 2026-04-09 21:45:00,667] Trial 4 finished with value: 0.875 and parameters: {'n_estimators': 215, 'max_depth': 20, 'min_samples_split': 5, 'min_samples_leaf': 3}. Best is trial 3 with value: 0.875.
[I 2026-04-09 21:45:00,844] Trial 5 finished with value: 0.925 and parameters: {'n_estimators': 126, 'max_depth': 20, 'min_samples_split': 3, 'min_samples_leaf': 4}. Best is trial 5 with value: 0.925.
[I 2026-04-09 21:45:01,010] Trial 6 finished with value: 0.775 and parameters: {'n_estimators': 128, 'max_depth': 7, 'min_samples_split': 5, 'min_samples_leaf': 9}. Best is trial 5 with value: 0.925.
[I 2026-04-09 21:45:01,288] Trial 7 finished with value: 0.9 and parameters: {'n_estimators': 238, 'max_depth': 20, 'min_samples_split': 2, 'min_samples_leaf': 4}. Best is trial 5 with value: 0.925.
[I 2026-04-09 21:45:01,627] Trial 8 finished with value: 0.9 and parameters: {'n_estimators': 252, 'max_depth': 16, 'min_samples_split': 10, 'min_samples_leaf': 4}. Best is trial 5 with value: 0.925.
[I 2026-04-09 21:45:01,978] Trial 9 finished with value: 0.8 and parameters: {'n_estimators': 273, 'max_depth': 7, 'min_samples_split': 9, 'min_samples_leaf': 7}. Best is trial 5 with value: 0.925.
[I 2026-04-09 21:45:02,127] Trial 10 finished with value: 0.95 and parameters: {'n_estimators': 106, 'max_depth': 15, 'min_samples_split': 2, 'min_samples_leaf': 1}. Best is trial 10 with value: 0.95.
[I 2026-04-09 21:45:02,306] Trial 11 finished with value: 0.925 and parameters: {'n_estimators': 120, 'max_depth': 15, 'min_samples_split': 2, 'min_samples_leaf': 1}. Best is trial 10 with value: 0.95.
[I 2026-04-09 21:45:02,471] Trial 12 finished with value: 0.95 and parameters: {'n_estimators': 100, 'max_depth': 17, 'min_samples_split': 3, 'min_samples_leaf': 1}. Best is trial 10 with value: 0.95.
[I 2026-04-09 21:45:02,715] Trial 13 finished with value: 0.95 and parameters: {'n_estimators': 171, 'max_depth': 13, 'min_samples_split': 3, 'min_samples_leaf': 1}. Best is trial 10 with value: 0.95.
