[I 2026-04-07 00:45:04,187] A new study created in memory with name: naive_bayes
Corriendo el pipeline de destilación con la siguiente configuración:
No se encontraron caracteres extranos en la columna target
Datos de train y test guardados en data/paysim


>>> Optuna tuning naive_bayes metodo random IPC 10 seed 5


[I 2026-04-07 00:45:06,725] Trial 0 finished with value: 0.8 and parameters: {'var_smoothing': 2.7796258518939306e-10}. Best is trial 0 with value: 0.8.
[I 2026-04-07 00:45:09,014] Trial 1 finished with value: 0.8 and parameters: {'var_smoothing': 5.513972710118387e-09}. Best is trial 0 with value: 0.8.
[I 2026-04-07 00:45:11,338] Trial 2 finished with value: 0.8 and parameters: {'var_smoothing': 2.590826381512706e-10}. Best is trial 0 with value: 0.8.
[I 2026-04-07 00:45:13,682] Trial 3 finished with value: 0.8 and parameters: {'var_smoothing': 6.874194498027403e-09}. Best is trial 0 with value: 0.8.
[I 2026-04-07 00:45:16,063] Trial 4 finished with value: 0.8 and parameters: {'var_smoothing': 9.480306482679771e-10}. Best is trial 0 with value: 0.8.
[I 2026-04-07 00:45:18,447] Trial 5 finished with value: 0.8 and parameters: {'var_smoothing': 1.6729683536668864e-09}. Best is trial 0 with value: 0.8.
[I 2026-04-07 00:45:20,923] Trial 6 finished with value: 0.8 and parameters: {'var_smoothing': 3.402637726935598e-09}. Best is trial 0 with value: 0.8.
[I 2026-04-07 00:45:23,299] Trial 7 finished with value: 0.8 and parameters: {'var_smoothing': 1.0885189040847657e-09}. Best is trial 0 with value: 0.8.
[I 2026-04-07 00:45:25,654] Trial 8 finished with value: 0.8 and parameters: {'var_smoothing': 3.922843686541149e-10}. Best is trial 0 with value: 0.8.
[I 2026-04-07 00:45:27,995] Trial 9 finished with value: 0.8 and parameters: {'var_smoothing': 2.3737908819373785e-10}. Best is trial 0 with value: 0.8.
[I 2026-04-07 00:45:30,294] Trial 10 finished with value: 0.8 and parameters: {'var_smoothing': 1.005826617097841e-10}. Best is trial 0 with value: 0.8.
[I 2026-04-07 00:45:32,715] Trial 11 finished with value: 0.8 and parameters: {'var_smoothing': 8.246040091550826e-09}. Best is trial 0 with value: 0.8.
[I 2026-04-07 00:45:35,035] Trial 12 finished with value: 0.8 and parameters: {'var_smoothing': 5.714429769091136e-10}. Best is trial 0 with value: 0.8.
[I 2026-04-07 00:45:35,067] Trial 13 finished with value: 0.8 and parameters: {'var_smoothing': 3.0046394488828834e-09}. Best is trial 0 with value: 0.8.
[I 2026-04-07 00:45:35,096] Trial 14 finished with value: 0.8 and parameters: {'var_smoothing': 1.0161521526134228e-10}. Best is trial 0 with value: 0.8.
[I 2026-04-07 00:45:35,125] Trial 15 finished with value: 0.8 and parameters: {'var_smoothing': 3.455011319435438e-09}. Best is trial 0 with value: 0.8.
[I 2026-04-07 00:45:35,144] Trial 16 finished with value: 0.8 and parameters: {'var_smoothing': 2.2038800241203009e-10}. Best is trial 0 with value: 0.8.
[I 2026-04-07 00:45:35,172] Trial 17 finished with value: 0.8 and parameters: {'var_smoothing': 1.8515987176145925e-09}. Best is trial 0 with value: 0.8.
[I 2026-04-07 00:45:35,191] Trial 18 finished with value: 0.8 and parameters: {'var_smoothing': 5.024285700153026e-10}. Best is trial 0 with value: 0.8.
[I 2026-04-07 00:45:35,209] Trial 19 finished with value: 0.8 and parameters: {'var_smoothing': 4.958025424412893e-09}. Best is trial 0 with value: 0.8.
[I 2026-04-07 00:45:35,225] Trial 20 finished with value: 0.8 and parameters: {'var_smoothing': 8.344000526157384e-10}. Best is trial 0 with value: 0.8.
[I 2026-04-07 00:45:35,255] Trial 21 finished with value: 0.8 and parameters: {'var_smoothing': 2.46080689865309e-10}. Best is trial 0 with value: 0.8.
[I 2026-04-07 00:45:35,272] Trial 22 finished with value: 0.8 and parameters: {'var_smoothing': 1.4445108350594728e-10}. Best is trial 0 with value: 0.8.
[I 2026-04-07 00:45:35,289] Trial 23 finished with value: 0.8 and parameters: {'var_smoothing': 3.3715577896606737e-10}. Best is trial 0 with value: 0.8.
[I 2026-04-07 00:45:35,307] Trial 24 finished with value: 0.8 and parameters: {'var_smoothing': 1.572466431855027e-10}. Best is trial 0 with value: 0.8.
[I 2026-04-07 00:45:35,323] Trial 25 finished with value: 0.8 and parameters: {'var_smoothing': 7.281746293576245e-10}. Best is trial 0 with value: 0.8.
[I 2026-04-07 00:45:35,342] Trial 26 finished with value: 0.8 and parameters: {'var_smoothing': 3.386254640873244e-10}. Best is trial 0 with value: 0.8.
[I 2026-04-07 00:45:35,361] Trial 27 finished with value: 0.8 and parameters: {'var_smoothing': 1.3918180959975328e-09}. Best is trial 0 with value: 0.8.
[I 2026-04-07 00:45:35,381] Trial 28 finished with value: 0.8 and parameters: {'var_smoothing': 2.3715836084533434e-09}. Best is trial 0 with value: 0.8.
[I 2026-04-07 00:45:35,400] Trial 29 finished with value: 0.8 and parameters: {'var_smoothing': 9.477075781575649e-09}. Best is trial 0 with value: 0.8.
[I 2026-04-07 00:45:36,732] A new study created in memory with name: logreg
[I 2026-04-07 00:45:36,787] Trial 0 finished with value: 0.75 and parameters: {'C': 0.012881482725481003, 'penalty': 'l2'}. Best is trial 0 with value: 0.75.
[I 2026-04-07 00:45:36,842] Trial 1 finished with value: 0.65 and parameters: {'C': 22.576755560681583, 'penalty': 'l2'}. Best is trial 0 with value: 0.75.
[I 2026-04-07 00:45:36,887] Trial 2 finished with value: 0.75 and parameters: {'C': 0.010804278656839932, 'penalty': 'l2'}. Best is trial 0 with value: 0.75.
[I 2026-04-07 00:45:36,943] Trial 3 finished with value: 0.65 and parameters: {'C': 39.17910760336117, 'penalty': 'l2'}. Best is trial 0 with value: 0.75.
[I 2026-04-07 00:45:36,998] Trial 4 finished with value: 0.7 and parameters: {'C': 0.2767298094062571, 'penalty': 'l2'}. Best is trial 0 with value: 0.75.
[I 2026-04-07 00:45:37,052] Trial 5 finished with value: 0.7 and parameters: {'C': 1.1447728330837224, 'penalty': 'l2'}. Best is trial 0 with value: 0.75.
[I 2026-04-07 00:45:37,108] Trial 6 finished with value: 0.7 and parameters: {'C': 6.753661388238877, 'penalty': 'l2'}. Best is trial 0 with value: 0.75.
[I 2026-04-07 00:45:37,163] Trial 7 finished with value: 0.7 and parameters: {'C': 0.39092184460352974, 'penalty': 'l2'}. Best is trial 0 with value: 0.75.
[I 2026-04-07 00:45:37,228] Trial 8 finished with value: 0.75 and parameters: {'C': 0.03047912590082646, 'penalty': 'l2'}. Best is trial 0 with value: 0.75.
[I 2026-04-07 00:45:37,293] Trial 9 finished with value: 0.75 and parameters: {'C': 0.008681727362499118, 'penalty': 'l2'}. Best is trial 0 with value: 0.75.
[I 2026-04-07 00:45:37,354] Trial 10 finished with value: 0.75 and parameters: {'C': 0.0010146302597657177, 'penalty': 'l2'}. Best is trial 0 with value: 0.75.
[I 2026-04-07 00:45:37,415] Trial 11 finished with value: 0.75 and parameters: {'C': 0.0199662686693303, 'penalty': 'l2'}. Best is trial 0 with value: 0.75.
[I 2026-04-07 00:45:37,445] Trial 12 finished with value: 0.75 and parameters: {'C': 0.0016346313516918368, 'penalty': 'l2'}. Best is trial 0 with value: 0.75.
[I 2026-04-07 00:45:37,475] Trial 13 finished with value: 0.75 and parameters: {'C': 0.0714333727973949, 'penalty': 'l2'}. Best is trial 0 with value: 0.75.
[I 2026-04-07 00:45:37,506] Trial 14 finished with value: 0.75 and parameters: {'C': 0.004204976475301702, 'penalty': 'l2'}. Best is trial 0 with value: 0.75.
[I 2026-04-07 00:45:37,525] Trial 15 finished with value: 0.75 and parameters: {'C': 0.08940155280126451, 'penalty': 'l2'}. Best is trial 0 with value: 0.75.
[I 2026-04-07 00:45:37,555] Trial 16 finished with value: 0.75 and parameters: {'C': 0.006546178987596756, 'penalty': 'l2'}. Best is trial 0 with value: 0.75.
[I 2026-04-07 00:45:37,585] Trial 17 finished with value: 0.7 and parameters: {'C': 1.4752552821847151, 'penalty': 'l2'}. Best is trial 0 with value: 0.75.
[I 2026-04-07 00:45:37,605] Trial 18 finished with value: 0.75 and parameters: {'C': 0.02888779259712015, 'penalty': 'l2'}. Best is trial 0 with value: 0.75.
[I 2026-04-07 00:45:37,632] Trial 19 finished with value: 0.75 and parameters: {'C': 0.002520448080692226, 'penalty': 'l2'}. Best is trial 0 with value: 0.75.
[I 2026-04-07 00:45:37,662] Trial 20 finished with value: 0.75 and parameters: {'C': 0.12777586739131547, 'penalty': 'l2'}. Best is trial 0 with value: 0.75.
[I 2026-04-07 00:45:37,682] Trial 21 finished with value: 0.75 and parameters: {'C': 0.014671089509319783, 'penalty': 'l2'}. Best is trial 0 with value: 0.75.
[I 2026-04-07 00:45:37,709] Trial 22 finished with value: 0.75 and parameters: {'C': 0.033406716041377155, 'penalty': 'l2'}. Best is trial 0 with value: 0.75.
[I 2026-04-07 00:45:37,729] Trial 23 finished with value: 0.8 and parameters: {'C': 0.04788740550767761, 'penalty': 'l2'}. Best is trial 23 with value: 0.8.
[I 2026-04-07 00:45:37,749] Trial 24 finished with value: 0.75 and parameters: {'C': 0.008121190121541534, 'penalty': 'l2'}. Best is trial 23 with value: 0.8.
[I 2026-04-07 00:45:37,766] Trial 25 finished with value: 0.75 and parameters: {'C': 0.22676591255833065, 'penalty': 'l2'}. Best is trial 23 with value: 0.8.
[I 2026-04-07 00:45:37,785] Trial 26 finished with value: 0.8 and parameters: {'C': 0.05093856596881973, 'penalty': 'l2'}. Best is trial 23 with value: 0.8.
[I 2026-04-07 00:45:37,815] Trial 27 finished with value: 0.7 and parameters: {'C': 0.8441552132991365, 'penalty': 'l2'}. Best is trial 23 with value: 0.8.
[I 2026-04-07 00:45:37,836] Trial 28 finished with value: 0.8 and parameters: {'C': 0.0490949569337747, 'penalty': 'l2'}. Best is trial 23 with value: 0.8.
[I 2026-04-07 00:45:37,856] Trial 29 finished with value: 0.8 and parameters: {'C': 0.0590987366865318, 'penalty': 'l2'}. Best is trial 23 with value: 0.8.
[I 2026-04-07 00:45:38,798] A new study created in memory with name: knn
[I 2026-04-07 00:45:38,831] Trial 0 finished with value: 0.75 and parameters: {'n_neighbors': 4, 'leaf_size': 38, 'p': 2}. Best is trial 0 with value: 0.75.
[I 2026-04-07 00:45:38,875] Trial 1 finished with value: 0.7 and parameters: {'n_neighbors': 6, 'leaf_size': 32, 'p': 1}. Best is trial 0 with value: 0.75.
[I 2026-04-07 00:45:38,920] Trial 2 finished with value: 0.7 and parameters: {'n_neighbors': 5, 'leaf_size': 23, 'p': 2}. Best is trial 0 with value: 0.75.
[I 2026-04-07 00:45:38,965] Trial 3 finished with value: 0.7 and parameters: {'n_neighbors': 6, 'leaf_size': 23, 'p': 1}. Best is trial 0 with value: 0.75.
[I 2026-04-07 00:45:39,010] Trial 4 finished with value: 0.7 and parameters: {'n_neighbors': 6, 'leaf_size': 26, 'p': 1}. Best is trial 0 with value: 0.75.
[I 2026-04-07 00:45:39,045] Trial 5 finished with value: 0.65 and parameters: {'n_neighbors': 7, 'leaf_size': 25, 'p': 1}. Best is trial 0 with value: 0.75.
[I 2026-04-07 00:45:39,090] Trial 6 finished with value: 0.7 and parameters: {'n_neighbors': 5, 'leaf_size': 23, 'p': 2}. Best is trial 0 with value: 0.75.
[I 2026-04-07 00:45:39,145] Trial 7 finished with value: 0.75 and parameters: {'n_neighbors': 10, 'leaf_size': 23, 'p': 2}. Best is trial 0 with value: 0.75.
[I 2026-04-07 00:45:39,221] Trial 8 finished with value: 0.75 and parameters: {'n_neighbors': 8, 'leaf_size': 36, 'p': 2}. Best is trial 0 with value: 0.75.
[I 2026-04-07 00:45:39,266] Trial 9 finished with value: 0.65 and parameters: {'n_neighbors': 3, 'leaf_size': 30, 'p': 2}. Best is trial 0 with value: 0.75.
[I 2026-04-07 00:45:39,322] Trial 10 finished with value: 0.65 and parameters: {'n_neighbors': 3, 'leaf_size': 40, 'p': 2}. Best is trial 0 with value: 0.75.
[I 2026-04-07 00:45:39,391] Trial 11 finished with value: 0.75 and parameters: {'n_neighbors': 10, 'leaf_size': 20, 'p': 2}. Best is trial 0 with value: 0.75.
[I 2026-04-07 00:45:39,446] Trial 12 finished with value: 0.75 and parameters: {'n_neighbors': 10, 'leaf_size': 35, 'p': 2}. Best is trial 0 with value: 0.75.
[I 2026-04-07 00:45:39,492] Trial 13 finished with value: 0.75 and parameters: {'n_neighbors': 8, 'leaf_size': 40, 'p': 2}. Best is trial 0 with value: 0.75.
[I 2026-04-07 00:45:39,529] Trial 14 finished with value: 0.75 and parameters: {'n_neighbors': 4, 'leaf_size': 28, 'p': 2}. Best is trial 0 with value: 0.75.
[I 2026-04-07 00:45:39,576] Trial 15 finished with value: 0.65 and parameters: {'n_neighbors': 9, 'leaf_size': 34, 'p': 2}. Best is trial 0 with value: 0.75.
[I 2026-04-07 00:45:39,601] Trial 16 finished with value: 0.75 and parameters: {'n_neighbors': 4, 'leaf_size': 38, 'p': 2}. Best is trial 0 with value: 0.75.
[I 2026-04-07 00:45:39,644] Trial 17 finished with value: 0.75 and parameters: {'n_neighbors': 8, 'leaf_size': 20, 'p': 2}. Best is trial 0 with value: 0.75.
[I 2026-04-07 00:45:39,691] Trial 18 finished with value: 0.7 and parameters: {'n_neighbors': 9, 'leaf_size': 31, 'p': 1}. Best is trial 0 with value: 0.75.
[I 2026-04-07 00:45:39,714] Trial 19 finished with value: 0.75 and parameters: {'n_neighbors': 7, 'leaf_size': 28, 'p': 2}. Best is trial 0 with value: 0.75.
[I 2026-04-07 00:45:39,737] Trial 20 finished with value: 0.75 and parameters: {'n_neighbors': 4, 'leaf_size': 33, 'p': 2}. Best is trial 0 with value: 0.75.
[I 2026-04-07 00:45:39,784] Trial 21 finished with value: 0.65 and parameters: {'n_neighbors': 9, 'leaf_size': 37, 'p': 2}. Best is trial 0 with value: 0.75.
[I 2026-04-07 00:45:39,842] Trial 22 finished with value: 0.75 and parameters: {'n_neighbors': 8, 'leaf_size': 36, 'p': 2}. Best is trial 0 with value: 0.75.
[I 2026-04-07 00:45:39,889] Trial 23 finished with value: 0.75 and parameters: {'n_neighbors': 10, 'leaf_size': 38, 'p': 2}. Best is trial 0 with value: 0.75.
[I 2026-04-07 00:45:39,916] Trial 24 finished with value: 0.65 and parameters: {'n_neighbors': 9, 'leaf_size': 35, 'p': 2}. Best is trial 0 with value: 0.75.
[I 2026-04-07 00:45:39,938] Trial 25 finished with value: 0.75 and parameters: {'n_neighbors': 7, 'leaf_size': 39, 'p': 2}. Best is trial 0 with value: 0.75.
[I 2026-04-07 00:45:39,982] Trial 26 finished with value: 0.75 and parameters: {'n_neighbors': 8, 'leaf_size': 30, 'p': 1}. Best is trial 0 with value: 0.75.
[I 2026-04-07 00:45:40,018] Trial 27 finished with value: 0.7 and parameters: {'n_neighbors': 5, 'leaf_size': 37, 'p': 2}. Best is trial 0 with value: 0.75.
[I 2026-04-07 00:45:40,063] Trial 28 finished with value: 0.75 and parameters: {'n_neighbors': 10, 'leaf_size': 33, 'p': 2}. Best is trial 0 with value: 0.75.
[I 2026-04-07 00:45:40,089] Trial 29 finished with value: 0.65 and parameters: {'n_neighbors': 7, 'leaf_size': 27, 'p': 1}. Best is trial 0 with value: 0.75.
[I 2026-04-07 00:45:41,365] A new study created in memory with name: xgb
[I 2026-04-07 00:45:41,410] Trial 0 finished with value: 0.7 and parameters: {'n_estimators': 40, 'max_depth': 5, 'gamma': 0.789317070832284, 'subsample': 0.7592089939364717, 'colsample_bytree': 0.648400250788111}. Best is trial 0 with value: 0.7.
[I 2026-04-07 00:45:41,458] Trial 1 finished with value: 0.65 and parameters: {'n_estimators': 100, 'max_depth': 30, 'gamma': 0.34667781579300216, 'subsample': 0.7071175095405257, 'colsample_bytree': 0.6480399663668239}. Best is trial 0 with value: 0.7.
[I 2026-04-07 00:45:41,506] Trial 2 finished with value: 0.8 and parameters: {'n_estimators': 10, 'max_depth': 20, 'gamma': 0.3948075529198607, 'subsample': 0.5720821503267102, 'colsample_bytree': 0.5828064306006338}. Best is trial 2 with value: 0.8.
[I 2026-04-07 00:45:41,550] Trial 3 finished with value: 0.8 and parameters: {'n_estimators': 10, 'max_depth': 30, 'gamma': 0.8015631269999768, 'subsample': 0.5114665462195407, 'colsample_bytree': 0.788831429064878}. Best is trial 2 with value: 0.8.
[I 2026-04-07 00:45:41,599] Trial 4 finished with value: 0.8 and parameters: {'n_estimators': 100, 'max_depth': 5, 'gamma': 0.8834347783013348, 'subsample': 0.961374806972835, 'colsample_bytree': 0.5011071062662218}. Best is trial 2 with value: 0.8.
[I 2026-04-07 00:45:41,646] Trial 5 finished with value: 0.75 and parameters: {'n_estimators': 40, 'max_depth': 5, 'gamma': 0.5364379674896123, 'subsample': 0.5145557818363589, 'colsample_bytree': 0.5432628442011025}. Best is trial 2 with value: 0.8.
[I 2026-04-07 00:45:41,705] Trial 6 finished with value: 0.75 and parameters: {'n_estimators': 100, 'max_depth': 20, 'gamma': 0.6718205850237038, 'subsample': 0.9059511955902053, 'colsample_bytree': 0.9633413076219371}. Best is trial 2 with value: 0.8.
[I 2026-04-07 00:45:41,764] Trial 7 finished with value: 0.75 and parameters: {'n_estimators': 10, 'max_depth': 30, 'gamma': 0.8165284487704038, 'subsample': 0.5255714015506736, 'colsample_bytree': 0.594333867896554}. Best is trial 2 with value: 0.8.
[I 2026-04-07 00:45:41,811] Trial 8 finished with value: 0.75 and parameters: {'n_estimators': 100, 'max_depth': 20, 'gamma': 0.6251497693480509, 'subsample': 0.9696496759824258, 'colsample_bytree': 0.9717700410079397}. Best is trial 2 with value: 0.8.
[I 2026-04-07 00:45:41,870] Trial 9 finished with value: 0.65 and parameters: {'n_estimators': 40, 'max_depth': 30, 'gamma': 0.9649927737686168, 'subsample': 0.6857563076640036, 'colsample_bytree': 0.5061847058001788}. Best is trial 2 with value: 0.8.
[I 2026-04-07 00:45:41,932] Trial 10 finished with value: 0.65 and parameters: {'n_estimators': 10, 'max_depth': 20, 'gamma': 0.15482815647859693, 'subsample': 0.6132127088663918, 'colsample_bytree': 0.767362544653007}. Best is trial 2 with value: 0.8.
[I 2026-04-07 00:45:42,001] Trial 11 finished with value: 0.75 and parameters: {'n_estimators': 10, 'max_depth': 20, 'gamma': 0.41368793588449687, 'subsample': 0.5991596377711633, 'colsample_bytree': 0.8088974055287642}. Best is trial 2 with value: 0.8.
[I 2026-04-07 00:45:42,038] Trial 12 finished with value: 0.75 and parameters: {'n_estimators': 10, 'max_depth': 30, 'gamma': 0.28240418702901515, 'subsample': 0.594703211798125, 'colsample_bytree': 0.8587660483806303}. Best is trial 2 with value: 0.8.
[I 2026-04-07 00:45:42,075] Trial 13 finished with value: 0.7 and parameters: {'n_estimators': 10, 'max_depth': 20, 'gamma': 0.49205318920874896, 'subsample': 0.8141939990252245, 'colsample_bytree': 0.6756539706444223}. Best is trial 2 with value: 0.8.
[I 2026-04-07 00:45:42,126] Trial 14 finished with value: 0.7 and parameters: {'n_estimators': 10, 'max_depth': 30, 'gamma': 0.6877982579025952, 'subsample': 0.5133361270951041, 'colsample_bytree': 0.890473732797316}. Best is trial 2 with value: 0.8.
[I 2026-04-07 00:45:42,166] Trial 15 finished with value: 0.75 and parameters: {'n_estimators': 10, 'max_depth': 20, 'gamma': 0.12225147656691177, 'subsample': 0.642451318782916, 'colsample_bytree': 0.7227029601296806}. Best is trial 2 with value: 0.8.
[I 2026-04-07 00:45:42,203] Trial 16 finished with value: 0.9 and parameters: {'n_estimators': 10, 'max_depth': 30, 'gamma': 0.28348273058911083, 'subsample': 0.5638180394945186, 'colsample_bytree': 0.7189059298337382}. Best is trial 16 with value: 0.9.
[I 2026-04-07 00:45:42,241] Trial 17 finished with value: 0.7 and parameters: {'n_estimators': 10, 'max_depth': 30, 'gamma': 0.25536931977591026, 'subsample': 0.7960200786362753, 'colsample_bytree': 0.5992566886922797}. Best is trial 16 with value: 0.9.
[I 2026-04-07 00:45:42,278] Trial 18 finished with value: 0.75 and parameters: {'n_estimators': 10, 'max_depth': 20, 'gamma': 0.4239671941975407, 'subsample': 0.5744890644031984, 'colsample_bytree': 0.709466648062509}. Best is trial 16 with value: 0.9.
[I 2026-04-07 00:45:42,316] Trial 19 finished with value: 0.8 and parameters: {'n_estimators': 40, 'max_depth': 5, 'gamma': 0.22171314957013494, 'subsample': 0.6393986970317591, 'colsample_bytree': 0.5872010817245444}. Best is trial 16 with value: 0.9.
[I 2026-04-07 00:45:42,354] Trial 20 finished with value: 0.8 and parameters: {'n_estimators': 10, 'max_depth': 30, 'gamma': 0.4095789718934539, 'subsample': 0.7038535542211739, 'colsample_bytree': 0.7030541319249886}. Best is trial 16 with value: 0.9.
[I 2026-04-07 00:45:42,390] Trial 21 finished with value: 0.85 and parameters: {'n_estimators': 10, 'max_depth': 30, 'gamma': 0.3372014993308184, 'subsample': 0.5541813701066924, 'colsample_bytree': 0.7871860120176107}. Best is trial 16 with value: 0.9.
[I 2026-04-07 00:45:42,427] Trial 22 finished with value: 0.8 and parameters: {'n_estimators': 10, 'max_depth': 30, 'gamma': 0.3700912845103654, 'subsample': 0.5667070588456706, 'colsample_bytree': 0.8451956604315944}. Best is trial 16 with value: 0.9.
[I 2026-04-07 00:45:42,465] Trial 23 finished with value: 0.85 and parameters: {'n_estimators': 10, 'max_depth': 30, 'gamma': 0.3166898902352614, 'subsample': 0.5574072907646014, 'colsample_bytree': 0.7452771234570561}. Best is trial 16 with value: 0.9.
[I 2026-04-07 00:45:42,502] Trial 24 finished with value: 0.7 and parameters: {'n_estimators': 10, 'max_depth': 30, 'gamma': 0.30521025266713026, 'subsample': 0.6481743941353858, 'colsample_bytree': 0.7521921710405429}. Best is trial 16 with value: 0.9.
[I 2026-04-07 00:45:42,544] Trial 25 finished with value: 0.85 and parameters: {'n_estimators': 10, 'max_depth': 30, 'gamma': 0.18958031320465893, 'subsample': 0.5527938919570626, 'colsample_bytree': 0.8276558430516796}. Best is trial 16 with value: 0.9.
[I 2026-04-07 00:45:42,583] Trial 26 finished with value: 0.65 and parameters: {'n_estimators': 10, 'max_depth': 30, 'gamma': 0.47180445766184986, 'subsample': 0.6692707130175016, 'colsample_bytree': 0.7435161397276326}. Best is trial 16 with value: 0.9.
[I 2026-04-07 00:45:42,621] Trial 27 finished with value: 0.7 and parameters: {'n_estimators': 10, 'max_depth': 30, 'gamma': 0.11173994892898303, 'subsample': 0.7364781384879924, 'colsample_bytree': 0.9107863508855307}. Best is trial 16 with value: 0.9.
[I 2026-04-07 00:45:42,658] Trial 28 finished with value: 0.65 and parameters: {'n_estimators': 40, 'max_depth': 30, 'gamma': 0.3133995406827549, 'subsample': 0.5423683578727785, 'colsample_bytree': 0.7768256404358661}. Best is trial 16 with value: 0.9.
