[I 2026-04-09 20:13:46,484] Trial 5 finished with value: 0.3 and parameters: {'C': 0.0011402340906886685, 'penalty': 'l2'}. Best is trial 0 with value: 0.8.
[I 2026-04-09 20:13:46,521] Trial 6 finished with value: 0.7 and parameters: {'C': 0.14201822862985758, 'penalty': 'l2'}. Best is trial 0 with value: 0.8.
[I 2026-04-09 20:13:46,544] Trial 7 finished with value: 0.65 and parameters: {'C': 0.1027440782219989, 'penalty': 'l2'}. Best is trial 0 with value: 0.8.
[I 2026-04-09 20:13:46,566] Trial 8 finished with value: 0.75 and parameters: {'C': 0.41055690122086846, 'penalty': 'l2'}. Best is trial 0 with value: 0.8.
[I 2026-04-09 20:13:46,590] Trial 9 finished with value: 0.7 and parameters: {'C': 0.24658064201770763, 'penalty': 'l2'}. Best is trial 0 with value: 0.8.
[I 2026-04-09 20:13:46,627] Trial 10 finished with value: 0.75 and parameters: {'C': 5.817250906722227, 'penalty': 'l2'}. Best is trial 0 with value: 0.8.
[I 2026-04-09 20:13:46,667] Trial 11 finished with value: 0.8 and parameters: {'C': 65.32501288941612, 'penalty': 'l2'}. Best is trial 0 with value: 0.8.
[I 2026-04-09 20:13:46,693] Trial 12 finished with value: 0.75 and parameters: {'C': 4.377709439924529, 'penalty': 'l2'}. Best is trial 0 with value: 0.8.
[I 2026-04-09 20:13:46,718] Trial 13 finished with value: 0.8 and parameters: {'C': 82.7447055757053, 'penalty': 'l2'}. Best is trial 0 with value: 0.8.
[I 2026-04-09 20:13:46,753] Trial 14 finished with value: 0.75 and parameters: {'C': 5.484053936900719, 'penalty': 'l2'}. Best is trial 0 with value: 0.8.
[I 2026-04-09 20:13:46,789] Trial 15 finished with value: 0.8 and parameters: {'C': 19.720857672047558, 'penalty': 'l2'}. Best is trial 0 with value: 0.8.
[I 2026-04-09 20:13:46,819] Trial 16 finished with value: 0.75 and parameters: {'C': 1.8557156226210034, 'penalty': 'l2'}. Best is trial 0 with value: 0.8.
[I 2026-04-09 20:13:46,853] Trial 17 finished with value: 0.8 and parameters: {'C': 26.516932569464544, 'penalty': 'l2'}. Best is trial 0 with value: 0.8.
[I 2026-04-09 20:13:46,881] Trial 18 finished with value: 0.75 and parameters: {'C': 1.188244763655516, 'penalty': 'l2'}. Best is trial 0 with value: 0.8.
[I 2026-04-09 20:13:46,907] Trial 19 finished with value: 0.75 and parameters: {'C': 12.093447142589671, 'penalty': 'l2'}. Best is trial 0 with value: 0.8.
[I 2026-04-09 20:13:46,944] Trial 20 finished with value: 0.8 and parameters: {'C': 95.89596440448501, 'penalty': 'l2'}. Best is trial 0 with value: 0.8.
[I 2026-04-09 20:13:46,977] Trial 21 finished with value: 0.8 and parameters: {'C': 28.44943793229338, 'penalty': 'l2'}. Best is trial 0 with value: 0.8.
[I 2026-04-09 20:13:47,007] Trial 22 finished with value: 0.75 and parameters: {'C': 13.869868316172683, 'penalty': 'l2'}. Best is trial 0 with value: 0.8.
[I 2026-04-09 20:13:47,046] Trial 23 finished with value: 0.8 and parameters: {'C': 37.440738291089126, 'penalty': 'l2'}. Best is trial 0 with value: 0.8.
[I 2026-04-09 20:13:47,075] Trial 24 finished with value: 0.75 and parameters: {'C': 2.47685391214756, 'penalty': 'l2'}. Best is trial 0 with value: 0.8.
[I 2026-04-09 20:13:47,103] Trial 25 finished with value: 0.75 and parameters: {'C': 10.036757127704108, 'penalty': 'l2'}. Best is trial 0 with value: 0.8.
[I 2026-04-09 20:13:47,137] Trial 26 finished with value: 0.75 and parameters: {'C': 1.3194627280974967, 'penalty': 'l2'}. Best is trial 0 with value: 0.8.
[I 2026-04-09 20:13:47,174] Trial 27 finished with value: 0.8 and parameters: {'C': 37.191162355747906, 'penalty': 'l2'}. Best is trial 0 with value: 0.8.
[I 2026-04-09 20:13:47,200] Trial 28 finished with value: 0.6 and parameters: {'C': 0.029434059060519695, 'penalty': 'l2'}. Best is trial 0 with value: 0.8.
[I 2026-04-09 20:13:47,227] Trial 29 finished with value: 0.75 and parameters: {'C': 0.9428308103218245, 'penalty': 'l2'}. Best is trial 0 with value: 0.8.
[I 2026-04-09 20:13:47,646] A new study created in memory with name: knn
[I 2026-04-09 20:13:47,680] Trial 0 finished with value: 0.6 and parameters: {'n_neighbors': 9, 'leaf_size': 40, 'p': 1}. Best is trial 0 with value: 0.6.
[I 2026-04-09 20:13:47,693] Trial 1 finished with value: 0.75 and parameters: {'n_neighbors': 4, 'leaf_size': 20, 'p': 1}. Best is trial 1 with value: 0.75.
[I 2026-04-09 20:13:47,716] Trial 2 finished with value: 0.65 and parameters: {'n_neighbors': 7, 'leaf_size': 30, 'p': 1}. Best is trial 1 with value: 0.75.
[I 2026-04-09 20:13:47,729] Trial 3 finished with value: 0.6 and parameters: {'n_neighbors': 9, 'leaf_size': 34, 'p': 1}. Best is trial 1 with value: 0.75.
[I 2026-04-09 20:13:47,754] Trial 4 finished with value: 0.7 and parameters: {'n_neighbors': 5, 'leaf_size': 40, 'p': 1}. Best is trial 1 with value: 0.75.
[I 2026-04-09 20:13:47,779] Trial 5 finished with value: 0.7 and parameters: {'n_neighbors': 3, 'leaf_size': 40, 'p': 2}. Best is trial 1 with value: 0.75.
[I 2026-04-09 20:13:47,792] Trial 6 finished with value: 0.7 and parameters: {'n_neighbors': 3, 'leaf_size': 24, 'p': 2}. Best is trial 1 with value: 0.75.
[I 2026-04-09 20:13:47,815] Trial 7 finished with value: 0.6 and parameters: {'n_neighbors': 5, 'leaf_size': 40, 'p': 2}. Best is trial 1 with value: 0.75.
[I 2026-04-09 20:13:47,838] Trial 8 finished with value: 0.7 and parameters: {'n_neighbors': 6, 'leaf_size': 36, 'p': 1}. Best is trial 1 with value: 0.75.
[I 2026-04-09 20:13:47,854] Trial 9 finished with value: 0.7 and parameters: {'n_neighbors': 6, 'leaf_size': 25, 'p': 1}. Best is trial 1 with value: 0.75.
[I 2026-04-09 20:13:47,874] Trial 10 finished with value: 0.75 and parameters: {'n_neighbors': 4, 'leaf_size': 22, 'p': 2}. Best is trial 1 with value: 0.75.
[I 2026-04-09 20:13:47,893] Trial 11 finished with value: 0.75 and parameters: {'n_neighbors': 4, 'leaf_size': 20, 'p': 2}. Best is trial 1 with value: 0.75.
[I 2026-04-09 20:13:47,915] Trial 12 finished with value: 0.75 and parameters: {'n_neighbors': 4, 'leaf_size': 20, 'p': 2}. Best is trial 1 with value: 0.75.
[I 2026-04-09 20:13:47,940] Trial 13 finished with value: 0.7 and parameters: {'n_neighbors': 7, 'leaf_size': 24, 'p': 2}. Best is trial 1 with value: 0.75.
[I 2026-04-09 20:13:47,960] Trial 14 finished with value: 0.75 and parameters: {'n_neighbors': 4, 'leaf_size': 27, 'p': 1}. Best is trial 1 with value: 0.75.
[I 2026-04-09 20:13:47,981] Trial 15 finished with value: 0.6 and parameters: {'n_neighbors': 5, 'leaf_size': 22, 'p': 2}. Best is trial 1 with value: 0.75.
[I 2026-04-09 20:13:48,005] Trial 16 finished with value: 0.7 and parameters: {'n_neighbors': 8, 'leaf_size': 28, 'p': 2}. Best is trial 1 with value: 0.75.
[I 2026-04-09 20:13:48,031] Trial 17 finished with value: 0.65 and parameters: {'n_neighbors': 3, 'leaf_size': 23, 'p': 1}. Best is trial 1 with value: 0.75.
[I 2026-04-09 20:13:48,053] Trial 18 finished with value: 0.75 and parameters: {'n_neighbors': 4, 'leaf_size': 21, 'p': 2}. Best is trial 1 with value: 0.75.
[I 2026-04-09 20:13:48,073] Trial 19 finished with value: 0.7 and parameters: {'n_neighbors': 5, 'leaf_size': 26, 'p': 1}. Best is trial 1 with value: 0.75.
[I 2026-04-09 20:13:48,106] Trial 20 finished with value: 0.7 and parameters: {'n_neighbors': 6, 'leaf_size': 30, 'p': 1}. Best is trial 1 with value: 0.75.
[I 2026-04-09 20:13:48,139] Trial 21 finished with value: 0.75 and parameters: {'n_neighbors': 4, 'leaf_size': 20, 'p': 2}. Best is trial 1 with value: 0.75.
[I 2026-04-09 20:13:48,163] Trial 22 finished with value: 0.7 and parameters: {'n_neighbors': 3, 'leaf_size': 22, 'p': 2}. Best is trial 1 with value: 0.75.
[I 2026-04-09 20:13:48,197] Trial 23 finished with value: 0.7 and parameters: {'n_neighbors': 10, 'leaf_size': 20, 'p': 2}. Best is trial 1 with value: 0.75.
[I 2026-04-09 20:13:48,231] Trial 24 finished with value: 0.75 and parameters: {'n_neighbors': 4, 'leaf_size': 22, 'p': 2}. Best is trial 1 with value: 0.75.
[I 2026-04-09 20:13:48,254] Trial 25 finished with value: 0.6 and parameters: {'n_neighbors': 5, 'leaf_size': 33, 'p': 2}. Best is trial 1 with value: 0.75.
[I 2026-04-09 20:13:48,277] Trial 26 finished with value: 0.75 and parameters: {'n_neighbors': 4, 'leaf_size': 24, 'p': 2}. Best is trial 1 with value: 0.75.
[I 2026-04-09 20:13:48,312] Trial 27 finished with value: 0.7 and parameters: {'n_neighbors': 3, 'leaf_size': 28, 'p': 2}. Best is trial 1 with value: 0.75.
[I 2026-04-09 20:13:48,340] Trial 28 finished with value: 0.7 and parameters: {'n_neighbors': 6, 'leaf_size': 21, 'p': 1}. Best is trial 1 with value: 0.75.
[I 2026-04-09 20:13:48,384] Trial 29 finished with value: 0.7 and parameters: {'n_neighbors': 5, 'leaf_size': 26, 'p': 1}. Best is trial 1 with value: 0.75.
[I 2026-04-09 20:13:49,121] A new study created in memory with name: xgb
[I 2026-04-09 20:13:49,147] Trial 0 finished with value: 0.9 and parameters: {'n_estimators': 40, 'max_depth': 5, 'gamma': 0.4874219364632415, 'subsample': 0.7011756800186824, 'colsample_bytree': 0.7613373356762848}. Best is trial 0 with value: 0.9.
[I 2026-04-09 20:13:49,171] Trial 1 finished with value: 0.85 and parameters: {'n_estimators': 40, 'max_depth': 5, 'gamma': 0.483482593428573, 'subsample': 0.6445375140090439, 'colsample_bytree': 0.9869276206002231}. Best is trial 0 with value: 0.9.
[I 2026-04-09 20:13:49,196] Trial 2 finished with value: 0.75 and parameters: {'n_estimators': 10, 'max_depth': 5, 'gamma': 0.16384856027517886, 'subsample': 0.6123849694840227, 'colsample_bytree': 0.6968174574718025}. Best is trial 0 with value: 0.9.
[I 2026-04-09 20:13:49,221] Trial 3 finished with value: 0.9 and parameters: {'n_estimators': 100, 'max_depth': 30, 'gamma': 0.7877441182293641, 'subsample': 0.9694019566553859, 'colsample_bytree': 0.6598448982335139}. Best is trial 0 with value: 0.9.
[I 2026-04-09 20:13:49,256] Trial 4 finished with value: 0.7 and parameters: {'n_estimators': 100, 'max_depth': 5, 'gamma': 0.816017102586079, 'subsample': 0.5160040782128984, 'colsample_bytree': 0.7277239110529665}. Best is trial 0 with value: 0.9.
[I 2026-04-09 20:13:49,281] Trial 5 finished with value: 0.8 and parameters: {'n_estimators': 40, 'max_depth': 20, 'gamma': 0.6643500821697236, 'subsample': 0.6076588997363731, 'colsample_bytree': 0.5754850538287481}. Best is trial 0 with value: 0.9.
[I 2026-04-09 20:13:49,310] Trial 6 finished with value: 0.85 and parameters: {'n_estimators': 100, 'max_depth': 20, 'gamma': 0.6361752212866232, 'subsample': 0.8309913561372338, 'colsample_bytree': 0.7552902276266351}. Best is trial 0 with value: 0.9.
[I 2026-04-09 20:13:49,339] Trial 7 finished with value: 0.9 and parameters: {'n_estimators': 10, 'max_depth': 5, 'gamma': 0.5767347850317142, 'subsample': 0.7995431264700696, 'colsample_bytree': 0.8604622333437917}. Best is trial 0 with value: 0.9.
[I 2026-04-09 20:13:49,366] Trial 8 finished with value: 0.9 and parameters: {'n_estimators': 100, 'max_depth': 20, 'gamma': 0.8470554948938058, 'subsample': 0.860339005739911, 'colsample_bytree': 0.9331308414408237}. Best is trial 0 with value: 0.9.
[I 2026-04-09 20:13:49,391] Trial 9 finished with value: 0.85 and parameters: {'n_estimators': 100, 'max_depth': 30, 'gamma': 0.574951454577921, 'subsample': 0.9696020680119358, 'colsample_bytree': 0.8616917074936369}. Best is trial 0 with value: 0.9.
[I 2026-04-09 20:13:49,431] Trial 10 finished with value: 0.8 and parameters: {'n_estimators': 40, 'max_depth': 5, 'gamma': 0.32359117507032664, 'subsample': 0.7187470692461426, 'colsample_bytree': 0.525322130410742}. Best is trial 0 with value: 0.9.
[I 2026-04-09 20:13:49,470] Trial 11 finished with value: 0.9 and parameters: {'n_estimators': 40, 'max_depth': 30, 'gamma': 0.9894607367239925, 'subsample': 0.9936863886710298, 'colsample_bytree': 0.6406422464679155}. Best is trial 0 with value: 0.9.
[I 2026-04-09 20:13:49,516] Trial 12 finished with value: 0.9 and parameters: {'n_estimators': 100, 'max_depth': 30, 'gamma': 0.41000154180441223, 'subsample': 0.9102642083410418, 'colsample_bytree': 0.7966826645246926}. Best is trial 0 with value: 0.9.
[I 2026-04-09 20:13:49,557] Trial 13 finished with value: 0.9 and parameters: {'n_estimators': 40, 'max_depth': 30, 'gamma': 0.7634508869434558, 'subsample': 0.7218695238410973, 'colsample_bytree': 0.617081554997877}. Best is trial 0 with value: 0.9.
[I 2026-04-09 20:13:49,601] Trial 14 finished with value: 0.75 and parameters: {'n_estimators': 10, 'max_depth': 30, 'gamma': 0.267735008048098, 'subsample': 0.7662531841385003, 'colsample_bytree': 0.6617151461249409}. Best is trial 0 with value: 0.9.
[I 2026-04-09 20:13:49,635] Trial 15 finished with value: 0.95 and parameters: {'n_estimators': 100, 'max_depth': 5, 'gamma': 0.9580012573419359, 'subsample': 0.8937959292425878, 'colsample_bytree': 0.8088384913613275}. Best is trial 15 with value: 0.95.
[I 2026-04-09 20:13:49,676] Trial 16 finished with value: 0.95 and parameters: {'n_estimators': 40, 'max_depth': 5, 'gamma': 0.9979921611734516, 'subsample': 0.9020081022924192, 'colsample_bytree': 0.8148006758179317}. Best is trial 15 with value: 0.95.
[I 2026-04-09 20:13:49,709] Trial 17 finished with value: 0.95 and parameters: {'n_estimators': 100, 'max_depth': 5, 'gamma': 0.9584207182666064, 'subsample': 0.89479851650684, 'colsample_bytree': 0.8337506056991114}. Best is trial 15 with value: 0.95.
[I 2026-04-09 20:13:49,747] Trial 18 finished with value: 0.95 and parameters: {'n_estimators': 40, 'max_depth': 5, 'gamma': 0.8979347996686083, 'subsample': 0.9237700225767305, 'colsample_bytree': 0.9229389280974605}. Best is trial 15 with value: 0.95.
[I 2026-04-09 20:13:49,776] Trial 19 finished with value: 0.85 and parameters: {'n_estimators': 10, 'max_depth': 5, 'gamma': 0.7142916344303836, 'subsample': 0.8365609293378498, 'colsample_bytree': 0.9125781889769587}. Best is trial 15 with value: 0.95.
[I 2026-04-09 20:13:49,810] Trial 20 finished with value: 0.9 and parameters: {'n_estimators': 100, 'max_depth': 5, 'gamma': 0.911339610592857, 'subsample': 0.8845097831209527, 'colsample_bytree': 0.8036232713861481}. Best is trial 15 with value: 0.95.
[I 2026-04-09 20:13:49,846] Trial 21 finished with value: 0.95 and parameters: {'n_estimators': 100, 'max_depth': 5, 'gamma': 0.990293330400457, 'subsample': 0.9201267288911499, 'colsample_bytree': 0.8437508955702298}. Best is trial 15 with value: 0.95.
[I 2026-04-09 20:13:49,892] Trial 22 finished with value: 0.9 and parameters: {'n_estimators': 100, 'max_depth': 5, 'gamma': 0.9358313630630728, 'subsample': 0.808416555385731, 'colsample_bytree': 0.8115468427649607}. Best is trial 15 with value: 0.95.
[I 2026-04-09 20:13:49,928] Trial 23 finished with value: 0.95 and parameters: {'n_estimators': 100, 'max_depth': 5, 'gamma': 0.8821083556648117, 'subsample': 0.8904557533420165, 'colsample_bytree': 0.8628768139233337}. Best is trial 15 with value: 0.95.
[I 2026-04-09 20:13:49,965] Trial 24 finished with value: 0.95 and parameters: {'n_estimators': 100, 'max_depth': 5, 'gamma': 0.9835167483233981, 'subsample': 0.9266123964982078, 'colsample_bytree': 0.7247116233101744}. Best is trial 15 with value: 0.95.
[I 2026-04-09 20:13:50,005] Trial 25 finished with value: 0.8 and parameters: {'n_estimators': 40, 'max_depth': 20, 'gamma': 0.7371154829941028, 'subsample': 0.7721195398470228, 'colsample_bytree': 0.7914875290019925}. Best is trial 15 with value: 0.95.
[I 2026-04-09 20:13:50,045] Trial 26 finished with value: 0.9 and parameters: {'n_estimators': 100, 'max_depth': 5, 'gamma': 0.8458228931319864, 'subsample': 0.8665087845639469, 'colsample_bytree': 0.8934640287334401}. Best is trial 15 with value: 0.95.
[I 2026-04-09 20:13:50,094] Trial 27 finished with value: 0.9 and parameters: {'n_estimators': 100, 'max_depth': 5, 'gamma': 0.9257952215601297, 'subsample': 0.9640652181130611, 'colsample_bytree': 0.8381928865147459}. Best is trial 15 with value: 0.95.
[I 2026-04-09 20:13:50,128] Trial 28 finished with value: 0.9 and parameters: {'n_estimators': 10, 'max_depth': 5, 'gamma': 0.8287200981368599, 'subsample': 0.8518963476160328, 'colsample_bytree': 0.9785628459471547}. Best is trial 15 with value: 0.95.
[I 2026-04-09 20:13:50,168] Trial 29 finished with value: 0.95 and parameters: {'n_estimators': 40, 'max_depth': 5, 'gamma': 0.6899779664341557, 'subsample': 0.9412356054830912, 'colsample_bytree': 0.7668561222659883}. Best is trial 15 with value: 0.95.
[I 2026-04-09 20:13:51,217] A new study created in memory with name: rf
[I 2026-04-09 20:13:51,760] Trial 0 finished with value: 0.8 and parameters: {'n_estimators': 450, 'max_depth': 20, 'min_samples_split': 9, 'min_samples_leaf': 6}. Best is trial 0 with value: 0.8.
[I 2026-04-09 20:13:51,979] Trial 1 finished with value: 0.8 and parameters: {'n_estimators': 193, 'max_depth': 3, 'min_samples_split': 5, 'min_samples_leaf': 5}. Best is trial 0 with value: 0.8.
[I 2026-04-09 20:13:52,348] Trial 2 finished with value: 0.75 and parameters: {'n_estimators': 309, 'max_depth': 11, 'min_samples_split': 6, 'min_samples_leaf': 6}. Best is trial 0 with value: 0.8.
[I 2026-04-09 20:13:52,797] Trial 3 finished with value: 0.85 and parameters: {'n_estimators': 405, 'max_depth': 15, 'min_samples_split': 7, 'min_samples_leaf': 5}. Best is trial 3 with value: 0.85.
[I 2026-04-09 20:13:53,054] Trial 4 finished with value: 0.85 and parameters: {'n_estimators': 215, 'max_depth': 20, 'min_samples_split': 5, 'min_samples_leaf': 3}. Best is trial 3 with value: 0.85.
[I 2026-04-09 20:13:53,202] Trial 5 finished with value: 0.85 and parameters: {'n_estimators': 126, 'max_depth': 20, 'min_samples_split': 3, 'min_samples_leaf': 4}. Best is trial 3 with value: 0.85.
[I 2026-04-09 20:13:53,387] Trial 6 finished with value: 0.5 and parameters: {'n_estimators': 128, 'max_depth': 7, 'min_samples_split': 5, 'min_samples_leaf': 9}. Best is trial 3 with value: 0.85.
[I 2026-04-09 20:13:53,647] Trial 7 finished with value: 0.85 and parameters: {'n_estimators': 238, 'max_depth': 20, 'min_samples_split': 2, 'min_samples_leaf': 4}. Best is trial 3 with value: 0.85.
[I 2026-04-09 20:13:53,959] Trial 8 finished with value: 0.85 and parameters: {'n_estimators': 252, 'max_depth': 16, 'min_samples_split': 10, 'min_samples_leaf': 4}. Best is trial 3 with value: 0.85.
[I 2026-04-09 20:13:54,279] Trial 9 finished with value: 0.5 and parameters: {'n_estimators': 273, 'max_depth': 7, 'min_samples_split': 9, 'min_samples_leaf': 7}. Best is trial 3 with value: 0.85.
[I 2026-04-09 20:13:54,781] Trial 10 finished with value: 0.85 and parameters: {'n_estimators': 456, 'max_depth': 14, 'min_samples_split': 7, 'min_samples_leaf': 1}. Best is trial 3 with value: 0.85.
[I 2026-04-09 20:13:55,231] Trial 11 finished with value: 0.85 and parameters: {'n_estimators': 363, 'max_depth': 16, 'min_samples_split': 7, 'min_samples_leaf': 1}. Best is trial 3 with value: 0.85.
[I 2026-04-09 20:13:55,681] Trial 12 finished with value: 0.85 and parameters: {'n_estimators': 377, 'max_depth': 16, 'min_samples_split': 4, 'min_samples_leaf': 2}. Best is trial 3 with value: 0.85.
[I 2026-04-09 20:13:56,157] Trial 13 finished with value: 0.9 and parameters: {'n_estimators': 373, 'max_depth': 13, 'min_samples_split': 7, 'min_samples_leaf': 3}. Best is trial 13 with value: 0.9.
[I 2026-04-09 20:13:56,627] Trial 14 finished with value: 0.5 and parameters: {'n_estimators': 390, 'max_depth': 11, 'min_samples_split': 8, 'min_samples_leaf': 8}. Best is trial 13 with value: 0.9.
[I 2026-04-09 20:13:57,077] Trial 15 finished with value: 0.85 and parameters: {'n_estimators': 327, 'max_depth': 13, 'min_samples_split': 7, 'min_samples_leaf': 3}. Best is trial 13 with value: 0.9.
[I 2026-04-09 20:13:57,628] Trial 16 finished with value: 0.5 and parameters: {'n_estimators': 419, 'max_depth': 9, 'min_samples_split': 8, 'min_samples_leaf': 10}. Best is trial 13 with value: 0.9.
[I 2026-04-09 20:13:58,230] Trial 17 finished with value: 0.8 and parameters: {'n_estimators': 500, 'max_depth': 14, 'min_samples_split': 6, 'min_samples_leaf': 5}. Best is trial 13 with value: 0.9.
[I 2026-04-09 20:13:58,621] Trial 18 finished with value: 0.5 and parameters: {'n_estimators': 345, 'max_depth': 17, 'min_samples_split': 8, 'min_samples_leaf': 7}. Best is trial 13 with value: 0.9.
[I 2026-04-09 20:13:59,118] Trial 19 finished with value: 0.85 and parameters: {'n_estimators': 412, 'max_depth': 12, 'min_samples_split': 10, 'min_samples_leaf': 3}. Best is trial 13 with value: 0.9.
[I 2026-04-09 20:13:59,670] Trial 20 finished with value: 0.85 and parameters: {'n_estimators': 489, 'max_depth': 18, 'min_samples_split': 4, 'min_samples_leaf': 2}. Best is trial 13 with value: 0.9.
[I 2026-04-09 20:13:59,967] Trial 21 finished with value: 0.9 and parameters: {'n_estimators': 189, 'max_depth': 18, 'min_samples_split': 5, 'min_samples_leaf': 3}. Best is trial 13 with value: 0.9.
[I 2026-04-09 20:14:00,192] Trial 22 finished with value: 0.9 and parameters: {'n_estimators': 168, 'max_depth': 18, 'min_samples_split': 6, 'min_samples_leaf': 2}. Best is trial 13 with value: 0.9.
[I 2026-04-09 20:14:00,423] Trial 23 finished with value: 0.85 and parameters: {'n_estimators': 164, 'max_depth': 18, 'min_samples_split': 4, 'min_samples_leaf': 2}. Best is trial 13 with value: 0.9.
[I 2026-04-09 20:14:00,666] Trial 24 finished with value: 0.85 and parameters: {'n_estimators': 175, 'max_depth': 18, 'min_samples_split': 6, 'min_samples_leaf': 1}. Best is trial 13 with value: 0.9.
[I 2026-04-09 20:14:00,988] Trial 25 finished with value: 0.85 and parameters: {'n_estimators': 276, 'max_depth': 9, 'min_samples_split': 5, 'min_samples_leaf': 3}. Best is trial 13 with value: 0.9.
[I 2026-04-09 20:14:01,129] Trial 26 finished with value: 0.85 and parameters: {'n_estimators': 109, 'max_depth': 3, 'min_samples_split': 6, 'min_samples_leaf': 2}. Best is trial 13 with value: 0.9.
[I 2026-04-09 20:14:01,353] Trial 27 finished with value: 0.8 and parameters: {'n_estimators': 154, 'max_depth': 18, 'min_samples_split': 3, 'min_samples_leaf': 4}. Best is trial 13 with value: 0.9.
