[I 2026-04-07 01:19:48,718] Trial 22 finished with value: 0.65 and parameters: {'var_smoothing': 2.205158371956595e-10}. Best is trial 0 with value: 0.65.
[I 2026-04-07 01:19:48,735] Trial 23 finished with value: 0.65 and parameters: {'var_smoothing': 6.714468189294179e-10}. Best is trial 0 with value: 0.65.
[I 2026-04-07 01:19:48,754] Trial 24 finished with value: 0.65 and parameters: {'var_smoothing': 1.6303611152529254e-09}. Best is trial 0 with value: 0.65.
[I 2026-04-07 01:19:48,772] Trial 25 finished with value: 0.65 and parameters: {'var_smoothing': 5.460180203252778e-09}. Best is trial 0 with value: 0.65.
[I 2026-04-07 01:19:48,789] Trial 26 finished with value: 0.65 and parameters: {'var_smoothing': 1.0123007748054653e-10}. Best is trial 0 with value: 0.65.
[I 2026-04-07 01:19:48,809] Trial 27 finished with value: 0.65 and parameters: {'var_smoothing': 3.7004726843827016e-09}. Best is trial 0 with value: 0.65.
[I 2026-04-07 01:19:48,827] Trial 28 finished with value: 0.65 and parameters: {'var_smoothing': 8.062949328123723e-10}. Best is trial 0 with value: 0.65.
[I 2026-04-07 01:19:48,844] Trial 29 finished with value: 0.65 and parameters: {'var_smoothing': 1.8379694059711336e-09}. Best is trial 0 with value: 0.65.
[I 2026-04-07 01:19:49,262] A new study created in memory with name: logreg
[I 2026-04-07 01:19:49,275] Trial 0 finished with value: 0.65 and parameters: {'C': 0.002407362254570802, 'penalty': 'l2'}. Best is trial 0 with value: 0.65.
[I 2026-04-07 01:19:49,299] Trial 1 finished with value: 0.65 and parameters: {'C': 7.935859334260497, 'penalty': 'l2'}. Best is trial 0 with value: 0.65.
[I 2026-04-07 01:19:49,314] Trial 2 finished with value: 0.65 and parameters: {'C': 0.15561310098067915, 'penalty': 'l2'}. Best is trial 0 with value: 0.65.
[I 2026-04-07 01:19:49,328] Trial 3 finished with value: 0.7 and parameters: {'C': 4.143104515916128, 'penalty': 'l2'}. Best is trial 3 with value: 0.7.
[I 2026-04-07 01:19:49,351] Trial 4 finished with value: 0.65 and parameters: {'C': 77.61533923098803, 'penalty': 'l2'}. Best is trial 3 with value: 0.7.
[I 2026-04-07 01:19:49,374] Trial 5 finished with value: 0.7 and parameters: {'C': 0.49258292359934785, 'penalty': 'l2'}. Best is trial 3 with value: 0.7.
[I 2026-04-07 01:19:49,389] Trial 6 finished with value: 0.7 and parameters: {'C': 0.320333470047146, 'penalty': 'l2'}. Best is trial 3 with value: 0.7.
[I 2026-04-07 01:19:49,412] Trial 7 finished with value: 0.65 and parameters: {'C': 0.002292216671132896, 'penalty': 'l2'}. Best is trial 3 with value: 0.7.
[I 2026-04-07 01:19:49,437] Trial 8 finished with value: 0.65 and parameters: {'C': 0.0219884643872214, 'penalty': 'l2'}. Best is trial 3 with value: 0.7.
[I 2026-04-07 01:19:49,462] Trial 9 finished with value: 0.7 and parameters: {'C': 0.31580027519646636, 'penalty': 'l2'}. Best is trial 3 with value: 0.7.
[I 2026-04-07 01:19:49,491] Trial 10 finished with value: 0.7 and parameters: {'C': 5.171200565940961, 'penalty': 'l2'}. Best is trial 3 with value: 0.7.
[I 2026-04-07 01:19:49,521] Trial 11 finished with value: 0.7 and parameters: {'C': 2.677719799756526, 'penalty': 'l2'}. Best is trial 3 with value: 0.7.
[I 2026-04-07 01:19:49,551] Trial 12 finished with value: 0.65 and parameters: {'C': 47.62586614327871, 'penalty': 'l2'}. Best is trial 3 with value: 0.7.
[I 2026-04-07 01:19:49,572] Trial 13 finished with value: 0.75 and parameters: {'C': 0.58957885012784, 'penalty': 'l2'}. Best is trial 13 with value: 0.75.
[I 2026-04-07 01:19:49,593] Trial 14 finished with value: 0.65 and parameters: {'C': 0.03728878420522916, 'penalty': 'l2'}. Best is trial 13 with value: 0.75.
[I 2026-04-07 01:19:49,610] Trial 15 finished with value: 0.75 and parameters: {'C': 1.4723399995118878, 'penalty': 'l2'}. Best is trial 13 with value: 0.75.
[I 2026-04-07 01:19:49,629] Trial 16 finished with value: 0.75 and parameters: {'C': 0.9928381189049601, 'penalty': 'l2'}. Best is trial 13 with value: 0.75.
[I 2026-04-07 01:19:49,658] Trial 17 finished with value: 0.65 and parameters: {'C': 0.06455059652992597, 'penalty': 'l2'}. Best is trial 13 with value: 0.75.
[I 2026-04-07 01:19:49,688] Trial 18 finished with value: 0.65 and parameters: {'C': 19.552607945211893, 'penalty': 'l2'}. Best is trial 13 with value: 0.75.
[I 2026-04-07 01:19:49,708] Trial 19 finished with value: 0.75 and parameters: {'C': 1.3244990069642, 'penalty': 'l2'}. Best is trial 13 with value: 0.75.
[I 2026-04-07 01:19:49,729] Trial 20 finished with value: 0.65 and parameters: {'C': 0.010189844557248341, 'penalty': 'l2'}. Best is trial 13 with value: 0.75.
[I 2026-04-07 01:19:49,760] Trial 21 finished with value: 0.75 and parameters: {'C': 1.0002420265016092, 'penalty': 'l2'}. Best is trial 13 with value: 0.75.
[I 2026-04-07 01:19:49,791] Trial 22 finished with value: 0.75 and parameters: {'C': 1.226186956102049, 'penalty': 'l2'}. Best is trial 13 with value: 0.75.
[I 2026-04-07 01:19:49,821] Trial 23 finished with value: 0.65 and parameters: {'C': 0.11961680970376345, 'penalty': 'l2'}. Best is trial 13 with value: 0.75.
[I 2026-04-07 01:19:49,850] Trial 24 finished with value: 0.65 and parameters: {'C': 10.74652127843564, 'penalty': 'l2'}. Best is trial 13 with value: 0.75.
[I 2026-04-07 01:19:49,878] Trial 25 finished with value: 0.7 and parameters: {'C': 1.993698458797641, 'penalty': 'l2'}. Best is trial 13 with value: 0.75.
[I 2026-04-07 01:19:49,896] Trial 26 finished with value: 0.8 and parameters: {'C': 0.7262346370047663, 'penalty': 'l2'}. Best is trial 26 with value: 0.8.
[I 2026-04-07 01:19:49,913] Trial 27 finished with value: 0.7 and parameters: {'C': 0.44940371836275583, 'penalty': 'l2'}. Best is trial 26 with value: 0.8.
[I 2026-04-07 01:19:49,933] Trial 28 finished with value: 0.65 and parameters: {'C': 0.1598814715337595, 'penalty': 'l2'}. Best is trial 26 with value: 0.8.
[I 2026-04-07 01:19:49,953] Trial 29 finished with value: 0.65 and parameters: {'C': 0.011104103350344362, 'penalty': 'l2'}. Best is trial 26 with value: 0.8.
[I 2026-04-07 01:19:50,775] A new study created in memory with name: knn
[I 2026-04-07 01:19:50,789] Trial 0 finished with value: 0.6 and parameters: {'n_neighbors': 3, 'leaf_size': 36, 'p': 2}. Best is trial 0 with value: 0.6.
[I 2026-04-07 01:19:50,803] Trial 1 finished with value: 0.6 and parameters: {'n_neighbors': 10, 'leaf_size': 31, 'p': 1}. Best is trial 0 with value: 0.6.
[I 2026-04-07 01:19:50,818] Trial 2 finished with value: 0.65 and parameters: {'n_neighbors': 5, 'leaf_size': 30, 'p': 2}. Best is trial 2 with value: 0.65.
[I 2026-04-07 01:19:50,831] Trial 3 finished with value: 0.65 and parameters: {'n_neighbors': 6, 'leaf_size': 21, 'p': 2}. Best is trial 2 with value: 0.65.
[I 2026-04-07 01:19:50,846] Trial 4 finished with value: 0.7 and parameters: {'n_neighbors': 4, 'leaf_size': 29, 'p': 1}. Best is trial 4 with value: 0.7.
[I 2026-04-07 01:19:50,869] Trial 5 finished with value: 0.65 and parameters: {'n_neighbors': 7, 'leaf_size': 39, 'p': 2}. Best is trial 4 with value: 0.7.
[I 2026-04-07 01:19:50,884] Trial 6 finished with value: 0.5 and parameters: {'n_neighbors': 10, 'leaf_size': 22, 'p': 2}. Best is trial 4 with value: 0.7.
[I 2026-04-07 01:19:50,918] Trial 7 finished with value: 0.5 and parameters: {'n_neighbors': 8, 'leaf_size': 29, 'p': 2}. Best is trial 4 with value: 0.7.
[I 2026-04-07 01:19:50,932] Trial 8 finished with value: 0.65 and parameters: {'n_neighbors': 5, 'leaf_size': 30, 'p': 2}. Best is trial 4 with value: 0.7.
[I 2026-04-07 01:19:50,946] Trial 9 finished with value: 0.6 and parameters: {'n_neighbors': 9, 'leaf_size': 26, 'p': 1}. Best is trial 4 with value: 0.7.
[I 2026-04-07 01:19:50,972] Trial 10 finished with value: 0.7 and parameters: {'n_neighbors': 4, 'leaf_size': 34, 'p': 1}. Best is trial 4 with value: 0.7.
[I 2026-04-07 01:19:51,004] Trial 11 finished with value: 0.7 and parameters: {'n_neighbors': 3, 'leaf_size': 35, 'p': 1}. Best is trial 4 with value: 0.7.
[I 2026-04-07 01:19:51,031] Trial 12 finished with value: 0.7 and parameters: {'n_neighbors': 4, 'leaf_size': 35, 'p': 1}. Best is trial 4 with value: 0.7.
[I 2026-04-07 01:19:51,056] Trial 13 finished with value: 0.7 and parameters: {'n_neighbors': 5, 'leaf_size': 25, 'p': 1}. Best is trial 4 with value: 0.7.
[I 2026-04-07 01:19:51,088] Trial 14 finished with value: 0.7 and parameters: {'n_neighbors': 4, 'leaf_size': 32, 'p': 1}. Best is trial 4 with value: 0.7.
[I 2026-04-07 01:19:51,115] Trial 15 finished with value: 0.65 and parameters: {'n_neighbors': 6, 'leaf_size': 40, 'p': 1}. Best is trial 4 with value: 0.7.
[I 2026-04-07 01:19:51,150] Trial 16 finished with value: 0.7 and parameters: {'n_neighbors': 4, 'leaf_size': 26, 'p': 1}. Best is trial 4 with value: 0.7.
[I 2026-04-07 01:19:51,174] Trial 17 finished with value: 0.7 and parameters: {'n_neighbors': 3, 'leaf_size': 33, 'p': 1}. Best is trial 4 with value: 0.7.
[I 2026-04-07 01:19:51,216] Trial 18 finished with value: 0.65 and parameters: {'n_neighbors': 7, 'leaf_size': 28, 'p': 1}. Best is trial 4 with value: 0.7.
[I 2026-04-07 01:19:51,251] Trial 19 finished with value: 0.7 and parameters: {'n_neighbors': 4, 'leaf_size': 38, 'p': 1}. Best is trial 4 with value: 0.7.
[I 2026-04-07 01:19:51,286] Trial 20 finished with value: 0.7 and parameters: {'n_neighbors': 5, 'leaf_size': 33, 'p': 1}. Best is trial 4 with value: 0.7.
[I 2026-04-07 01:19:51,307] Trial 21 finished with value: 0.7 and parameters: {'n_neighbors': 3, 'leaf_size': 35, 'p': 1}. Best is trial 4 with value: 0.7.
[I 2026-04-07 01:19:51,332] Trial 22 finished with value: 0.7 and parameters: {'n_neighbors': 3, 'leaf_size': 37, 'p': 1}. Best is trial 4 with value: 0.7.
[I 2026-04-07 01:19:51,359] Trial 23 finished with value: 0.7 and parameters: {'n_neighbors': 4, 'leaf_size': 34, 'p': 1}. Best is trial 4 with value: 0.7.
[I 2026-04-07 01:19:51,379] Trial 24 finished with value: 0.7 and parameters: {'n_neighbors': 3, 'leaf_size': 28, 'p': 1}. Best is trial 4 with value: 0.7.
[I 2026-04-07 01:19:51,402] Trial 25 finished with value: 0.65 and parameters: {'n_neighbors': 6, 'leaf_size': 37, 'p': 1}. Best is trial 4 with value: 0.7.
[I 2026-04-07 01:19:51,435] Trial 26 finished with value: 0.7 and parameters: {'n_neighbors': 4, 'leaf_size': 33, 'p': 1}. Best is trial 4 with value: 0.7.
[I 2026-04-07 01:19:51,456] Trial 27 finished with value: 0.7 and parameters: {'n_neighbors': 5, 'leaf_size': 31, 'p': 1}. Best is trial 4 with value: 0.7.
[I 2026-04-07 01:19:51,477] Trial 28 finished with value: 0.7 and parameters: {'n_neighbors': 3, 'leaf_size': 23, 'p': 1}. Best is trial 4 with value: 0.7.
[I 2026-04-07 01:19:51,514] Trial 29 finished with value: 0.7 and parameters: {'n_neighbors': 3, 'leaf_size': 36, 'p': 1}. Best is trial 4 with value: 0.7.
[I 2026-04-07 01:19:52,699] A new study created in memory with name: xgb
[I 2026-04-07 01:19:52,724] Trial 0 finished with value: 0.7 and parameters: {'n_estimators': 40, 'max_depth': 20, 'gamma': 0.5510084172939441, 'subsample': 0.5360255666798808, 'colsample_bytree': 0.6342194900509356}. Best is trial 0 with value: 0.7.
[I 2026-04-07 01:19:52,760] Trial 1 finished with value: 0.75 and parameters: {'n_estimators': 100, 'max_depth': 5, 'gamma': 0.9186341749476523, 'subsample': 0.6066926767899578, 'colsample_bytree': 0.7260619809088416}. Best is trial 1 with value: 0.75.
[I 2026-04-07 01:19:52,787] Trial 2 finished with value: 0.85 and parameters: {'n_estimators': 10, 'max_depth': 5, 'gamma': 0.9182155373980582, 'subsample': 0.566584722879625, 'colsample_bytree': 0.761706290336883}. Best is trial 2 with value: 0.85.
[I 2026-04-07 01:19:52,812] Trial 3 finished with value: 0.8 and parameters: {'n_estimators': 10, 'max_depth': 20, 'gamma': 0.5296610393664296, 'subsample': 0.6829451928902965, 'colsample_bytree': 0.9189589971546304}. Best is trial 2 with value: 0.85.
[I 2026-04-07 01:19:52,840] Trial 4 finished with value: 0.75 and parameters: {'n_estimators': 10, 'max_depth': 20, 'gamma': 0.6916595165017824, 'subsample': 0.6851755414940176, 'colsample_bytree': 0.7295464889457157}. Best is trial 2 with value: 0.85.
[I 2026-04-07 01:19:52,867] Trial 5 finished with value: 0.75 and parameters: {'n_estimators': 100, 'max_depth': 20, 'gamma': 0.48380821541644814, 'subsample': 0.8171899343169193, 'colsample_bytree': 0.7614531005141727}. Best is trial 2 with value: 0.85.
[I 2026-04-07 01:19:52,895] Trial 6 finished with value: 0.7 and parameters: {'n_estimators': 10, 'max_depth': 5, 'gamma': 0.9599214907026333, 'subsample': 0.8414569271877088, 'colsample_bytree': 0.5265643453364788}. Best is trial 2 with value: 0.85.
[I 2026-04-07 01:19:52,923] Trial 7 finished with value: 0.65 and parameters: {'n_estimators': 40, 'max_depth': 5, 'gamma': 0.5250915966595621, 'subsample': 0.9207383574491986, 'colsample_bytree': 0.565555321173957}. Best is trial 2 with value: 0.85.
[I 2026-04-07 01:19:52,951] Trial 8 finished with value: 0.6 and parameters: {'n_estimators': 100, 'max_depth': 5, 'gamma': 0.3919835527051987, 'subsample': 0.6502094521590198, 'colsample_bytree': 0.5827507002328938}. Best is trial 2 with value: 0.85.
[I 2026-04-07 01:19:52,987] Trial 9 finished with value: 0.85 and parameters: {'n_estimators': 100, 'max_depth': 5, 'gamma': 0.8003922413895069, 'subsample': 0.9436444759263674, 'colsample_bytree': 0.8374593849333938}. Best is trial 2 with value: 0.85.
[I 2026-04-07 01:19:53,025] Trial 10 finished with value: 0.8 and parameters: {'n_estimators': 10, 'max_depth': 30, 'gamma': 0.13445536345660636, 'subsample': 0.5093732893332106, 'colsample_bytree': 0.9446716873952172}. Best is trial 2 with value: 0.85.
[I 2026-04-07 01:19:53,075] Trial 11 finished with value: 0.85 and parameters: {'n_estimators': 100, 'max_depth': 5, 'gamma': 0.7973258675578638, 'subsample': 0.9975012941469545, 'colsample_bytree': 0.8284009408831569}. Best is trial 2 with value: 0.85.
[I 2026-04-07 01:19:53,113] Trial 12 finished with value: 0.8 and parameters: {'n_estimators': 10, 'max_depth': 30, 'gamma': 0.8162937565898568, 'subsample': 0.7791226929282568, 'colsample_bytree': 0.8373150317004258}. Best is trial 2 with value: 0.85.
[I 2026-04-07 01:19:53,160] Trial 13 finished with value: 0.75 and parameters: {'n_estimators': 100, 'max_depth': 5, 'gamma': 0.7222665074777375, 'subsample': 0.903662638894088, 'colsample_bytree': 0.8466378816712838}. Best is trial 2 with value: 0.85.
[I 2026-04-07 01:19:53,201] Trial 14 finished with value: 0.75 and parameters: {'n_estimators': 40, 'max_depth': 5, 'gamma': 0.9827880836965861, 'subsample': 0.5853397433144834, 'colsample_bytree': 0.9874668619375437}. Best is trial 2 with value: 0.85.
[I 2026-04-07 01:19:53,239] Trial 15 finished with value: 0.7 and parameters: {'n_estimators': 10, 'max_depth': 5, 'gamma': 0.8555229449177569, 'subsample': 0.7310379906297132, 'colsample_bytree': 0.6886243309927691}. Best is trial 2 with value: 0.85.
[I 2026-04-07 01:19:53,285] Trial 16 finished with value: 0.8 and parameters: {'n_estimators': 100, 'max_depth': 30, 'gamma': 0.6956076160159175, 'subsample': 0.9927464016372195, 'colsample_bytree': 0.7911114916594286}. Best is trial 2 with value: 0.85.
[I 2026-04-07 01:19:53,323] Trial 17 finished with value: 0.85 and parameters: {'n_estimators': 10, 'max_depth': 5, 'gamma': 0.6381060055434689, 'subsample': 0.8948694786412588, 'colsample_bytree': 0.9004754685694134}. Best is trial 2 with value: 0.85.
[I 2026-04-07 01:19:53,373] Trial 18 finished with value: 0.7 and parameters: {'n_estimators': 100, 'max_depth': 5, 'gamma': 0.8756133637951633, 'subsample': 0.7456057834626373, 'colsample_bytree': 0.659884978687783}. Best is trial 2 with value: 0.85.
[I 2026-04-07 01:19:53,410] Trial 19 finished with value: 0.75 and parameters: {'n_estimators': 40, 'max_depth': 30, 'gamma': 0.3174139674775436, 'subsample': 0.5870742322962426, 'colsample_bytree': 0.8894977629705323}. Best is trial 2 with value: 0.85.
[I 2026-04-07 01:19:53,448] Trial 20 finished with value: 0.8 and parameters: {'n_estimators': 100, 'max_depth': 5, 'gamma': 0.8140985818876745, 'subsample': 0.8508024106435205, 'colsample_bytree': 0.7990668665480016}. Best is trial 2 with value: 0.85.
[I 2026-04-07 01:19:53,489] Trial 21 finished with value: 0.85 and parameters: {'n_estimators': 100, 'max_depth': 5, 'gamma': 0.7648450081567107, 'subsample': 0.9870631976260437, 'colsample_bytree': 0.8485706756567496}. Best is trial 2 with value: 0.85.
[I 2026-04-07 01:19:53,536] Trial 22 finished with value: 0.8 and parameters: {'n_estimators': 100, 'max_depth': 5, 'gamma': 0.6347311878966835, 'subsample': 0.9479471303304208, 'colsample_bytree': 0.8037146190732115}. Best is trial 2 with value: 0.85.
[I 2026-04-07 01:19:53,574] Trial 23 finished with value: 0.85 and parameters: {'n_estimators': 100, 'max_depth': 5, 'gamma': 0.9966280433084561, 'subsample': 0.9536430698961532, 'colsample_bytree': 0.7595355306122075}. Best is trial 2 with value: 0.85.
[I 2026-04-07 01:19:53,612] Trial 24 finished with value: 0.8 and parameters: {'n_estimators': 100, 'max_depth': 5, 'gamma': 0.8947275598921893, 'subsample': 0.8655615399418883, 'colsample_bytree': 0.8585320242646308}. Best is trial 2 with value: 0.85.
[I 2026-04-07 01:19:53,652] Trial 25 finished with value: 0.65 and parameters: {'n_estimators': 10, 'max_depth': 5, 'gamma': 0.7607375268843221, 'subsample': 0.7931594294937967, 'colsample_bytree': 0.6959021177365818}. Best is trial 2 with value: 0.85.
[I 2026-04-07 01:19:53,693] Trial 26 finished with value: 0.85 and parameters: {'n_estimators': 100, 'max_depth': 5, 'gamma': 0.8198294697417566, 'subsample': 0.9635937638804533, 'colsample_bytree': 0.9635544941992971}. Best is trial 2 with value: 0.85.
[I 2026-04-07 01:19:53,744] Trial 27 finished with value: 0.85 and parameters: {'n_estimators': 100, 'max_depth': 5, 'gamma': 0.9223686272486273, 'subsample': 0.9990626500812925, 'colsample_bytree': 0.8167699099313922}. Best is trial 2 with value: 0.85.
[I 2026-04-07 01:19:53,783] Trial 28 finished with value: 0.8 and parameters: {'n_estimators': 40, 'max_depth': 30, 'gamma': 0.6112584951300768, 'subsample': 0.9341352600713329, 'colsample_bytree': 0.8797669896043536}. Best is trial 2 with value: 0.85.
[I 2026-04-07 01:19:53,822] Trial 29 finished with value: 0.7 and parameters: {'n_estimators': 10, 'max_depth': 20, 'gamma': 0.7464515809376144, 'subsample': 0.5200443880593639, 'colsample_bytree': 0.7645521070143793}. Best is trial 2 with value: 0.85.
[I 2026-04-07 01:19:54,662] A new study created in memory with name: rf
[I 2026-04-07 01:19:54,827] Trial 0 finished with value: 0.5 and parameters: {'n_estimators': 130, 'max_depth': 17, 'min_samples_split': 5, 'min_samples_leaf': 8}. Best is trial 0 with value: 0.5.
[I 2026-04-07 01:19:55,326] Trial 1 finished with value: 0.85 and parameters: {'n_estimators': 492, 'max_depth': 12, 'min_samples_split': 6, 'min_samples_leaf': 1}. Best is trial 1 with value: 0.85.
[I 2026-04-07 01:19:55,551] Trial 2 finished with value: 0.5 and parameters: {'n_estimators': 207, 'max_depth': 11, 'min_samples_split': 8, 'min_samples_leaf': 9}. Best is trial 1 with value: 0.85.
[I 2026-04-07 01:19:55,819] Trial 3 finished with value: 0.5 and parameters: {'n_estimators': 252, 'max_depth': 4, 'min_samples_split': 4, 'min_samples_leaf': 10}. Best is trial 1 with value: 0.85.
[I 2026-04-07 01:19:56,067] Trial 4 finished with value: 0.75 and parameters: {'n_estimators': 185, 'max_depth': 11, 'min_samples_split': 10, 'min_samples_leaf': 1}. Best is trial 1 with value: 0.85.
[I 2026-04-07 01:19:56,446] Trial 5 finished with value: 0.5 and parameters: {'n_estimators': 340, 'max_depth': 20, 'min_samples_split': 4, 'min_samples_leaf': 6}. Best is trial 1 with value: 0.85.
[I 2026-04-07 01:19:56,915] Trial 6 finished with value: 0.5 and parameters: {'n_estimators': 464, 'max_depth': 5, 'min_samples_split': 6, 'min_samples_leaf': 8}. Best is trial 1 with value: 0.85.
[I 2026-04-07 01:19:57,294] Trial 7 finished with value: 0.7 and parameters: {'n_estimators': 368, 'max_depth': 11, 'min_samples_split': 3, 'min_samples_leaf': 5}. Best is trial 1 with value: 0.85.
[I 2026-04-07 01:19:57,602] Trial 8 finished with value: 0.5 and parameters: {'n_estimators': 249, 'max_depth': 11, 'min_samples_split': 5, 'min_samples_leaf': 9}. Best is trial 1 with value: 0.85.
[I 2026-04-07 01:19:58,063] Trial 9 finished with value: 0.8 and parameters: {'n_estimators': 408, 'max_depth': 8, 'min_samples_split': 7, 'min_samples_leaf': 3}. Best is trial 1 with value: 0.85.
[I 2026-04-07 01:19:58,599] Trial 10 finished with value: 0.9 and parameters: {'n_estimators': 479, 'max_depth': 15, 'min_samples_split': 2, 'min_samples_leaf': 1}. Best is trial 10 with value: 0.9.
[I 2026-04-07 01:19:59,125] Trial 11 finished with value: 0.85 and parameters: {'n_estimators': 476, 'max_depth': 15, 'min_samples_split': 2, 'min_samples_leaf': 1}. Best is trial 10 with value: 0.9.
[I 2026-04-07 01:19:59,650] Trial 12 finished with value: 0.7 and parameters: {'n_estimators': 499, 'max_depth': 15, 'min_samples_split': 9, 'min_samples_leaf': 3}. Best is trial 10 with value: 0.9.
[I 2026-04-07 01:20:00,164] Trial 13 finished with value: 0.8 and parameters: {'n_estimators': 431, 'max_depth': 15, 'min_samples_split': 2, 'min_samples_leaf': 3}. Best is trial 10 with value: 0.9.
[I 2026-04-07 01:20:00,588] Trial 14 finished with value: 0.9 and parameters: {'n_estimators': 402, 'max_depth': 18, 'min_samples_split': 7, 'min_samples_leaf': 1}. Best is trial 10 with value: 0.9.
[I 2026-04-07 01:20:00,981] Trial 15 finished with value: 0.7 and parameters: {'n_estimators': 382, 'max_depth': 20, 'min_samples_split': 8, 'min_samples_leaf': 5}. Best is trial 10 with value: 0.9.
[I 2026-04-07 01:20:01,332] Trial 16 finished with value: 0.9 and parameters: {'n_estimators': 324, 'max_depth': 18, 'min_samples_split': 7, 'min_samples_leaf': 2}. Best is trial 10 with value: 0.9.
