[I 2026-04-09 22:39:35,460] Trial 26 finished with value: 0.8833333333333332 and parameters: {'C': 0.002444255569500567, 'penalty': 'l2'}. Best is trial 3 with value: 0.8833333333333332.
[I 2026-04-09 22:39:35,478] Trial 27 finished with value: 0.8666666666666666 and parameters: {'C': 0.012084881279039622, 'penalty': 'l2'}. Best is trial 3 with value: 0.8833333333333332.
[I 2026-04-09 22:39:35,496] Trial 28 finished with value: 0.8666666666666666 and parameters: {'C': 0.005020387602117918, 'penalty': 'l2'}. Best is trial 3 with value: 0.8833333333333332.
[I 2026-04-09 22:39:35,528] Trial 29 finished with value: 0.85 and parameters: {'C': 45.75034886101285, 'penalty': 'l2'}. Best is trial 3 with value: 0.8833333333333332.
[I 2026-04-09 22:39:36,451] A new study created in memory with name: knn
[I 2026-04-09 22:39:36,466] Trial 0 finished with value: 0.8166666666666667 and parameters: {'n_neighbors': 10, 'leaf_size': 26, 'p': 1}. Best is trial 0 with value: 0.8166666666666667.
[I 2026-04-09 22:39:36,481] Trial 1 finished with value: 0.8666666666666666 and parameters: {'n_neighbors': 3, 'leaf_size': 32, 'p': 1}. Best is trial 1 with value: 0.8666666666666666.
[I 2026-04-09 22:39:36,495] Trial 2 finished with value: 0.8666666666666668 and parameters: {'n_neighbors': 5, 'leaf_size': 33, 'p': 2}. Best is trial 2 with value: 0.8666666666666668.
[I 2026-04-09 22:39:36,510] Trial 3 finished with value: 0.8333333333333334 and parameters: {'n_neighbors': 7, 'leaf_size': 32, 'p': 2}. Best is trial 2 with value: 0.8666666666666668.
[I 2026-04-09 22:39:36,524] Trial 4 finished with value: 0.85 and parameters: {'n_neighbors': 9, 'leaf_size': 28, 'p': 1}. Best is trial 2 with value: 0.8666666666666668.
[I 2026-04-09 22:39:36,539] Trial 5 finished with value: 0.8666666666666666 and parameters: {'n_neighbors': 3, 'leaf_size': 35, 'p': 1}. Best is trial 2 with value: 0.8666666666666668.
[I 2026-04-09 22:39:36,553] Trial 6 finished with value: 0.8166666666666667 and parameters: {'n_neighbors': 8, 'leaf_size': 31, 'p': 2}. Best is trial 2 with value: 0.8666666666666668.
[I 2026-04-09 22:39:36,578] Trial 7 finished with value: 0.85 and parameters: {'n_neighbors': 6, 'leaf_size': 24, 'p': 2}. Best is trial 2 with value: 0.8666666666666668.
[I 2026-04-09 22:39:36,604] Trial 8 finished with value: 0.8666666666666668 and parameters: {'n_neighbors': 5, 'leaf_size': 34, 'p': 2}. Best is trial 2 with value: 0.8666666666666668.
[I 2026-04-09 22:39:36,630] Trial 9 finished with value: 0.8166666666666668 and parameters: {'n_neighbors': 10, 'leaf_size': 27, 'p': 2}. Best is trial 2 with value: 0.8666666666666668.
[I 2026-04-09 22:39:36,670] Trial 10 finished with value: 0.8666666666666668 and parameters: {'n_neighbors': 5, 'leaf_size': 40, 'p': 2}. Best is trial 2 with value: 0.8666666666666668.
[I 2026-04-09 22:39:36,699] Trial 11 finished with value: 0.8666666666666668 and parameters: {'n_neighbors': 5, 'leaf_size': 37, 'p': 2}. Best is trial 2 with value: 0.8666666666666668.
[I 2026-04-09 22:39:36,724] Trial 12 finished with value: 0.8666666666666668 and parameters: {'n_neighbors': 5, 'leaf_size': 35, 'p': 2}. Best is trial 2 with value: 0.8666666666666668.
[I 2026-04-09 22:39:36,757] Trial 13 finished with value: 0.8333333333333334 and parameters: {'n_neighbors': 4, 'leaf_size': 21, 'p': 2}. Best is trial 2 with value: 0.8666666666666668.
[I 2026-04-09 22:39:36,779] Trial 14 finished with value: 0.8333333333333334 and parameters: {'n_neighbors': 7, 'leaf_size': 35, 'p': 2}. Best is trial 2 with value: 0.8666666666666668.
[I 2026-04-09 22:39:36,804] Trial 15 finished with value: 0.85 and parameters: {'n_neighbors': 6, 'leaf_size': 39, 'p': 2}. Best is trial 2 with value: 0.8666666666666668.
[I 2026-04-09 22:39:36,826] Trial 16 finished with value: 0.8333333333333334 and parameters: {'n_neighbors': 4, 'leaf_size': 30, 'p': 2}. Best is trial 2 with value: 0.8666666666666668.
[I 2026-04-09 22:39:36,849] Trial 17 finished with value: 0.8333333333333334 and parameters: {'n_neighbors': 4, 'leaf_size': 33, 'p': 2}. Best is trial 2 with value: 0.8666666666666668.
[I 2026-04-09 22:39:36,873] Trial 18 finished with value: 0.85 and parameters: {'n_neighbors': 6, 'leaf_size': 37, 'p': 1}. Best is trial 2 with value: 0.8666666666666668.
[I 2026-04-09 22:39:36,906] Trial 19 finished with value: 0.8166666666666667 and parameters: {'n_neighbors': 8, 'leaf_size': 29, 'p': 2}. Best is trial 2 with value: 0.8666666666666668.
[I 2026-04-09 22:39:36,940] Trial 20 finished with value: 0.8666666666666668 and parameters: {'n_neighbors': 5, 'leaf_size': 34, 'p': 2}. Best is trial 2 with value: 0.8666666666666668.
[I 2026-04-09 22:39:36,964] Trial 21 finished with value: 0.8666666666666668 and parameters: {'n_neighbors': 5, 'leaf_size': 40, 'p': 2}. Best is trial 2 with value: 0.8666666666666668.
[I 2026-04-09 22:39:36,988] Trial 22 finished with value: 0.8333333333333334 and parameters: {'n_neighbors': 4, 'leaf_size': 38, 'p': 2}. Best is trial 2 with value: 0.8666666666666668.
[I 2026-04-09 22:39:37,012] Trial 23 finished with value: 0.8666666666666668 and parameters: {'n_neighbors': 5, 'leaf_size': 37, 'p': 2}. Best is trial 2 with value: 0.8666666666666668.
[I 2026-04-09 22:39:37,035] Trial 24 finished with value: 0.85 and parameters: {'n_neighbors': 6, 'leaf_size': 40, 'p': 2}. Best is trial 2 with value: 0.8666666666666668.
[I 2026-04-09 22:39:37,059] Trial 25 finished with value: 0.8333333333333334 and parameters: {'n_neighbors': 7, 'leaf_size': 34, 'p': 2}. Best is trial 2 with value: 0.8666666666666668.
[I 2026-04-09 22:39:37,093] Trial 26 finished with value: 0.8666666666666666 and parameters: {'n_neighbors': 3, 'leaf_size': 36, 'p': 1}. Best is trial 2 with value: 0.8666666666666668.
[I 2026-04-09 22:39:37,121] Trial 27 finished with value: 0.8333333333333334 and parameters: {'n_neighbors': 4, 'leaf_size': 30, 'p': 2}. Best is trial 2 with value: 0.8666666666666668.
[I 2026-04-09 22:39:37,141] Trial 28 finished with value: 0.8666666666666668 and parameters: {'n_neighbors': 5, 'leaf_size': 25, 'p': 2}. Best is trial 2 with value: 0.8666666666666668.
[I 2026-04-09 22:39:37,172] Trial 29 finished with value: 0.85 and parameters: {'n_neighbors': 6, 'leaf_size': 33, 'p': 1}. Best is trial 2 with value: 0.8666666666666668.
[I 2026-04-09 22:39:38,212] A new study created in memory with name: xgb
[I 2026-04-09 22:39:38,228] Trial 0 finished with value: 0.8833333333333334 and parameters: {'n_estimators': 10, 'max_depth': 30, 'gamma': 0.5768356259735394, 'subsample': 0.7094037142783272, 'colsample_bytree': 0.6677039246366646}. Best is trial 0 with value: 0.8833333333333334.
[I 2026-04-09 22:39:38,265] Trial 1 finished with value: 0.9 and parameters: {'n_estimators': 100, 'max_depth': 30, 'gamma': 0.9912018442360747, 'subsample': 0.9099290984609207, 'colsample_bytree': 0.7066004674080903}. Best is trial 1 with value: 0.9.
[I 2026-04-09 22:39:38,293] Trial 2 finished with value: 0.9 and parameters: {'n_estimators': 10, 'max_depth': 20, 'gamma': 0.7382185757030506, 'subsample': 0.7704684271512641, 'colsample_bytree': 0.5624120871903049}. Best is trial 1 with value: 0.9.
[I 2026-04-09 22:39:38,326] Trial 3 finished with value: 0.9166666666666667 and parameters: {'n_estimators': 10, 'max_depth': 20, 'gamma': 0.7041784887453524, 'subsample': 0.7995029565695583, 'colsample_bytree': 0.8586660727777565}. Best is trial 3 with value: 0.9166666666666667.
[I 2026-04-09 22:39:38,353] Trial 4 finished with value: 0.8833333333333334 and parameters: {'n_estimators': 10, 'max_depth': 20, 'gamma': 0.46549701645255037, 'subsample': 0.9946899241400011, 'colsample_bytree': 0.725249640372583}. Best is trial 3 with value: 0.9166666666666667.
[I 2026-04-09 22:39:38,381] Trial 5 finished with value: 0.9166666666666666 and parameters: {'n_estimators': 40, 'max_depth': 20, 'gamma': 0.3554734452019276, 'subsample': 0.5947710951851903, 'colsample_bytree': 0.7356254823676576}. Best is trial 3 with value: 0.9166666666666667.
[I 2026-04-09 22:39:38,409] Trial 6 finished with value: 0.9 and parameters: {'n_estimators': 40, 'max_depth': 20, 'gamma': 0.8967376717636345, 'subsample': 0.988276510203839, 'colsample_bytree': 0.9184542964535913}. Best is trial 3 with value: 0.9166666666666667.
[I 2026-04-09 22:39:38,434] Trial 7 finished with value: 0.9 and parameters: {'n_estimators': 40, 'max_depth': 30, 'gamma': 0.7149068474388774, 'subsample': 0.5696358027454862, 'colsample_bytree': 0.8514125286992056}. Best is trial 3 with value: 0.9166666666666667.
[I 2026-04-09 22:39:38,458] Trial 8 finished with value: 0.9 and parameters: {'n_estimators': 100, 'max_depth': 30, 'gamma': 0.2471398756881566, 'subsample': 0.8241126205332553, 'colsample_bytree': 0.6258070715852391}. Best is trial 3 with value: 0.9166666666666667.
[I 2026-04-09 22:39:38,486] Trial 9 finished with value: 0.9333333333333333 and parameters: {'n_estimators': 40, 'max_depth': 30, 'gamma': 0.8599846034069103, 'subsample': 0.8019332783535529, 'colsample_bytree': 0.7936068454878676}. Best is trial 9 with value: 0.9333333333333333.
[I 2026-04-09 22:39:38,528] Trial 10 finished with value: 0.9333333333333333 and parameters: {'n_estimators': 40, 'max_depth': 5, 'gamma': 0.11132541504315885, 'subsample': 0.6678536562380861, 'colsample_bytree': 0.827775633581437}. Best is trial 9 with value: 0.9333333333333333.
[I 2026-04-09 22:39:38,579] Trial 11 finished with value: 0.9 and parameters: {'n_estimators': 40, 'max_depth': 5, 'gamma': 0.10542275268999206, 'subsample': 0.6934425513611702, 'colsample_bytree': 0.8200056558713823}. Best is trial 9 with value: 0.9333333333333333.
[I 2026-04-09 22:39:38,623] Trial 12 finished with value: 0.9 and parameters: {'n_estimators': 40, 'max_depth': 5, 'gamma': 0.11747018931448144, 'subsample': 0.6479501128566727, 'colsample_bytree': 0.9715083346653923}. Best is trial 9 with value: 0.9333333333333333.
[I 2026-04-09 22:39:38,657] Trial 13 finished with value: 0.9333333333333333 and parameters: {'n_estimators': 40, 'max_depth': 5, 'gamma': 0.5147644224249304, 'subsample': 0.5146749793878775, 'colsample_bytree': 0.815479657978966}. Best is trial 9 with value: 0.9333333333333333.
[I 2026-04-09 22:39:38,693] Trial 14 finished with value: 0.9 and parameters: {'n_estimators': 40, 'max_depth': 5, 'gamma': 0.8505855306258969, 'subsample': 0.8940181087620663, 'colsample_bytree': 0.7935079073326674}. Best is trial 9 with value: 0.9333333333333333.
[I 2026-04-09 22:39:38,733] Trial 15 finished with value: 0.9166666666666667 and parameters: {'n_estimators': 40, 'max_depth': 30, 'gamma': 0.3123348648554734, 'subsample': 0.8617371858864757, 'colsample_bytree': 0.8991452348097799}. Best is trial 9 with value: 0.9333333333333333.
[I 2026-04-09 22:39:38,772] Trial 16 finished with value: 0.9166666666666667 and parameters: {'n_estimators': 100, 'max_depth': 5, 'gamma': 0.5883567252446563, 'subsample': 0.7299865629963544, 'colsample_bytree': 0.7753342344522991}. Best is trial 9 with value: 0.9333333333333333.
[I 2026-04-09 22:39:38,807] Trial 17 finished with value: 0.9333333333333333 and parameters: {'n_estimators': 40, 'max_depth': 30, 'gamma': 0.44716807537131986, 'subsample': 0.6496840196702229, 'colsample_bytree': 0.9933840889987662}. Best is trial 9 with value: 0.9333333333333333.
[I 2026-04-09 22:39:38,847] Trial 18 finished with value: 0.9333333333333333 and parameters: {'n_estimators': 40, 'max_depth': 5, 'gamma': 0.22248859791163994, 'subsample': 0.6606971034639896, 'colsample_bytree': 0.5347678930792725}. Best is trial 9 with value: 0.9333333333333333.
[I 2026-04-09 22:39:38,892] Trial 19 finished with value: 0.9 and parameters: {'n_estimators': 100, 'max_depth': 30, 'gamma': 0.8270021172643363, 'subsample': 0.7605775166055634, 'colsample_bytree': 0.9273566326851956}. Best is trial 9 with value: 0.9333333333333333.
[I 2026-04-09 22:39:38,929] Trial 20 finished with value: 0.9333333333333333 and parameters: {'n_estimators': 40, 'max_depth': 5, 'gamma': 0.9786014664999018, 'subsample': 0.5986417794213313, 'colsample_bytree': 0.625451558700182}. Best is trial 9 with value: 0.9333333333333333.
[I 2026-04-09 22:39:38,967] Trial 21 finished with value: 0.9166666666666667 and parameters: {'n_estimators': 40, 'max_depth': 5, 'gamma': 0.4863782103948723, 'subsample': 0.8205632147884967, 'colsample_bytree': 0.8315455122805191}. Best is trial 9 with value: 0.9333333333333333.
[I 2026-04-09 22:39:39,001] Trial 22 finished with value: 0.9333333333333333 and parameters: {'n_estimators': 40, 'max_depth': 5, 'gamma': 0.6317664800391161, 'subsample': 0.5018525262135348, 'colsample_bytree': 0.7654646454076024}. Best is trial 9 with value: 0.9333333333333333.
[I 2026-04-09 22:39:39,039] Trial 23 finished with value: 0.9 and parameters: {'n_estimators': 40, 'max_depth': 5, 'gamma': 0.38220642369200325, 'subsample': 0.5053246695901766, 'colsample_bytree': 0.8784061164714093}. Best is trial 9 with value: 0.9333333333333333.
[I 2026-04-09 22:39:39,076] Trial 24 finished with value: 0.9 and parameters: {'n_estimators': 40, 'max_depth': 5, 'gamma': 0.1973048952808616, 'subsample': 0.5510797952049619, 'colsample_bytree': 0.7934128475665114}. Best is trial 9 with value: 0.9333333333333333.
[I 2026-04-09 22:39:39,116] Trial 25 finished with value: 0.9166666666666667 and parameters: {'n_estimators': 40, 'max_depth': 5, 'gamma': 0.7798197551781508, 'subsample': 0.6175061423626792, 'colsample_bytree': 0.8179427571571236}. Best is trial 9 with value: 0.9333333333333333.
[I 2026-04-09 22:39:39,158] Trial 26 finished with value: 0.9166666666666667 and parameters: {'n_estimators': 40, 'max_depth': 30, 'gamma': 0.6345973056950355, 'subsample': 0.5349752376206088, 'colsample_bytree': 0.6888547195763509}. Best is trial 9 with value: 0.9333333333333333.
[I 2026-04-09 22:39:39,192] Trial 27 finished with value: 0.9166666666666666 and parameters: {'n_estimators': 40, 'max_depth': 5, 'gamma': 0.5229865964102105, 'subsample': 0.690497492622766, 'colsample_bytree': 0.9568234265210173}. Best is trial 9 with value: 0.9333333333333333.
[I 2026-04-09 22:39:39,227] Trial 28 finished with value: 0.9166666666666666 and parameters: {'n_estimators': 100, 'max_depth': 5, 'gamma': 0.39349146602692087, 'subsample': 0.9290018575366001, 'colsample_bytree': 0.7429093431965318}. Best is trial 9 with value: 0.9333333333333333.
[I 2026-04-09 22:39:39,269] Trial 29 finished with value: 0.8666666666666668 and parameters: {'n_estimators': 10, 'max_depth': 30, 'gamma': 0.897873867684085, 'subsample': 0.7198154761090511, 'colsample_bytree': 0.6582099684671862}. Best is trial 9 with value: 0.9333333333333333.
[I 2026-04-09 22:39:40,182] A new study created in memory with name: rf
[I 2026-04-09 22:39:40,681] Trial 0 finished with value: 0.9166666666666666 and parameters: {'n_estimators': 458, 'max_depth': 8, 'min_samples_split': 9, 'min_samples_leaf': 1}. Best is trial 0 with value: 0.9166666666666666.
[I 2026-04-09 22:39:40,879] Trial 1 finished with value: 0.9 and parameters: {'n_estimators': 143, 'max_depth': 13, 'min_samples_split': 6, 'min_samples_leaf': 5}. Best is trial 0 with value: 0.9166666666666666.
[I 2026-04-09 22:39:41,140] Trial 2 finished with value: 0.8833333333333332 and parameters: {'n_estimators': 234, 'max_depth': 14, 'min_samples_split': 5, 'min_samples_leaf': 8}. Best is trial 0 with value: 0.9166666666666666.
[I 2026-04-09 22:39:41,480] Trial 3 finished with value: 0.8 and parameters: {'n_estimators': 307, 'max_depth': 13, 'min_samples_split': 7, 'min_samples_leaf': 10}. Best is trial 0 with value: 0.9166666666666666.
[I 2026-04-09 22:39:41,940] Trial 4 finished with value: 0.8833333333333334 and parameters: {'n_estimators': 428, 'max_depth': 10, 'min_samples_split': 9, 'min_samples_leaf': 9}. Best is trial 0 with value: 0.9166666666666666.
[I 2026-04-09 22:39:42,130] Trial 5 finished with value: 0.8666666666666666 and parameters: {'n_estimators': 121, 'max_depth': 15, 'min_samples_split': 9, 'min_samples_leaf': 8}. Best is trial 0 with value: 0.9166666666666666.
[I 2026-04-09 22:39:42,539] Trial 6 finished with value: 0.85 and parameters: {'n_estimators': 384, 'max_depth': 12, 'min_samples_split': 3, 'min_samples_leaf': 10}. Best is trial 0 with value: 0.9166666666666666.
[I 2026-04-09 22:39:42,848] Trial 7 finished with value: 0.8166666666666668 and parameters: {'n_estimators': 261, 'max_depth': 6, 'min_samples_split': 8, 'min_samples_leaf': 10}. Best is trial 0 with value: 0.9166666666666666.
[I 2026-04-09 22:39:43,075] Trial 8 finished with value: 0.8666666666666666 and parameters: {'n_estimators': 202, 'max_depth': 15, 'min_samples_split': 7, 'min_samples_leaf': 8}. Best is trial 0 with value: 0.9166666666666666.
[I 2026-04-09 22:39:43,594] Trial 9 finished with value: 0.9 and parameters: {'n_estimators': 475, 'max_depth': 9, 'min_samples_split': 4, 'min_samples_leaf': 5}. Best is trial 0 with value: 0.9166666666666666.
[I 2026-04-09 22:39:44,022] Trial 10 finished with value: 0.9166666666666666 and parameters: {'n_estimators': 352, 'max_depth': 20, 'min_samples_split': 10, 'min_samples_leaf': 1}. Best is trial 0 with value: 0.9166666666666666.
[I 2026-04-09 22:39:44,444] Trial 11 finished with value: 0.9166666666666666 and parameters: {'n_estimators': 363, 'max_depth': 20, 'min_samples_split': 10, 'min_samples_leaf': 1}. Best is trial 0 with value: 0.9166666666666666.
[I 2026-04-09 22:39:44,986] Trial 12 finished with value: 0.9166666666666666 and parameters: {'n_estimators': 489, 'max_depth': 4, 'min_samples_split': 10, 'min_samples_leaf': 1}. Best is trial 0 with value: 0.9166666666666666.
[I 2026-04-09 22:39:45,391] Trial 13 finished with value: 0.9166666666666666 and parameters: {'n_estimators': 351, 'max_depth': 20, 'min_samples_split': 10, 'min_samples_leaf': 3}. Best is trial 0 with value: 0.9166666666666666.
[I 2026-04-09 22:39:45,876] Trial 14 finished with value: 0.9166666666666666 and parameters: {'n_estimators': 426, 'max_depth': 7, 'min_samples_split': 8, 'min_samples_leaf': 3}. Best is trial 0 with value: 0.9166666666666666.
[I 2026-04-09 22:39:46,242] Trial 15 finished with value: 0.9166666666666666 and parameters: {'n_estimators': 314, 'max_depth': 17, 'min_samples_split': 8, 'min_samples_leaf': 3}. Best is trial 0 with value: 0.9166666666666666.
[I 2026-04-09 22:39:46,712] Trial 16 finished with value: 0.9166666666666666 and parameters: {'n_estimators': 421, 'max_depth': 9, 'min_samples_split': 9, 'min_samples_leaf': 2}. Best is trial 0 with value: 0.9166666666666666.
[I 2026-04-09 22:39:47,262] Trial 17 finished with value: 0.9166666666666666 and parameters: {'n_estimators': 468, 'max_depth': 3, 'min_samples_split': 2, 'min_samples_leaf': 6}. Best is trial 0 with value: 0.9166666666666666.
[I 2026-04-09 22:39:47,698] Trial 18 finished with value: 0.9166666666666666 and parameters: {'n_estimators': 379, 'max_depth': 17, 'min_samples_split': 7, 'min_samples_leaf': 2}. Best is trial 0 with value: 0.9166666666666666.
[I 2026-04-09 22:39:48,046] Trial 19 finished with value: 0.9166666666666666 and parameters: {'n_estimators': 279, 'max_depth': 6, 'min_samples_split': 6, 'min_samples_leaf': 6}. Best is trial 0 with value: 0.9166666666666666.
[I 2026-04-09 22:39:48,467] Trial 20 finished with value: 0.9166666666666666 and parameters: {'n_estimators': 343, 'max_depth': 11, 'min_samples_split': 9, 'min_samples_leaf': 4}. Best is trial 0 with value: 0.9166666666666666.
[I 2026-04-09 22:39:48,920] Trial 21 finished with value: 0.9166666666666666 and parameters: {'n_estimators': 387, 'max_depth': 20, 'min_samples_split': 10, 'min_samples_leaf': 1}. Best is trial 0 with value: 0.9166666666666666.
[I 2026-04-09 22:39:49,356] Trial 22 finished with value: 0.9166666666666666 and parameters: {'n_estimators': 350, 'max_depth': 18, 'min_samples_split': 10, 'min_samples_leaf': 1}. Best is trial 0 with value: 0.9166666666666666.
[I 2026-04-09 22:39:49,876] Trial 23 finished with value: 0.9166666666666666 and parameters: {'n_estimators': 438, 'max_depth': 19, 'min_samples_split': 10, 'min_samples_leaf': 2}. Best is trial 0 with value: 0.9166666666666666.
[I 2026-04-09 22:39:50,350] Trial 24 finished with value: 0.9166666666666666 and parameters: {'n_estimators': 396, 'max_depth': 17, 'min_samples_split': 9, 'min_samples_leaf': 1}. Best is trial 0 with value: 0.9166666666666666.
[I 2026-04-09 22:39:50,725] Trial 25 finished with value: 0.9166666666666666 and parameters: {'n_estimators': 326, 'max_depth': 19, 'min_samples_split': 8, 'min_samples_leaf': 2}. Best is trial 0 with value: 0.9166666666666666.
[I 2026-04-09 22:39:51,248] Trial 26 finished with value: 0.9166666666666666 and parameters: {'n_estimators': 455, 'max_depth': 8, 'min_samples_split': 10, 'min_samples_leaf': 4}. Best is trial 0 with value: 0.9166666666666666.
[I 2026-04-09 22:39:51,570] Trial 27 finished with value: 0.9166666666666666 and parameters: {'n_estimators': 274, 'max_depth': 15, 'min_samples_split': 9, 'min_samples_leaf': 1}. Best is trial 0 with value: 0.9166666666666666.
[I 2026-04-09 22:39:51,873] Trial 28 finished with value: 0.9166666666666666 and parameters: {'n_estimators': 231, 'max_depth': 5, 'min_samples_split': 5, 'min_samples_leaf': 4}. Best is trial 0 with value: 0.9166666666666666.
[I 2026-04-09 22:39:52,442] Trial 29 finished with value: 0.9166666666666666 and parameters: {'n_estimators': 500, 'max_depth': 18, 'min_samples_split': 8, 'min_samples_leaf': 3}. Best is trial 0 with value: 0.9166666666666666.
[I 2026-04-09 22:39:59,359] A new study created in memory with name: mlp
[I 2026-04-09 22:39:59,420] Trial 0 finished with value: 0.8166666666666668 and parameters: {'hidden_layer_sizes': (100,), 'max_iter': 100, 'alpha': 0.0001}. Best is trial 0 with value: 0.8166666666666668.
[I 2026-04-09 22:39:59,506] Trial 1 finished with value: 0.8666666666666668 and parameters: {'hidden_layer_sizes': (100, 100), 'max_iter': 100, 'alpha': 0.001}. Best is trial 1 with value: 0.8666666666666668.
