[I 2026-04-07 03:16:01,095] Trial 19 finished with value: 0.85 and parameters: {'var_smoothing': 8.419551297505738e-10}. Best is trial 0 with value: 0.85.
[I 2026-04-07 03:16:01,113] Trial 20 finished with value: 0.85 and parameters: {'var_smoothing': 2.608399883647147e-09}. Best is trial 0 with value: 0.85.
[I 2026-04-07 03:16:01,130] Trial 21 finished with value: 0.85 and parameters: {'var_smoothing': 1.1043065925699652e-09}. Best is trial 0 with value: 0.85.
[I 2026-04-07 03:16:01,151] Trial 22 finished with value: 0.85 and parameters: {'var_smoothing': 7.818254747144452e-09}. Best is trial 0 with value: 0.85.
[I 2026-04-07 03:16:01,169] Trial 23 finished with value: 0.85 and parameters: {'var_smoothing': 4.506881416225629e-09}. Best is trial 0 with value: 0.85.
[I 2026-04-07 03:16:01,189] Trial 24 finished with value: 0.85 and parameters: {'var_smoothing': 8.370195589160265e-10}. Best is trial 0 with value: 0.85.
[I 2026-04-07 03:16:01,205] Trial 25 finished with value: 0.85 and parameters: {'var_smoothing': 1.4246564400615985e-09}. Best is trial 0 with value: 0.85.
[I 2026-04-07 03:16:01,225] Trial 26 finished with value: 0.85 and parameters: {'var_smoothing': 1.055993505169999e-10}. Best is trial 0 with value: 0.85.
[I 2026-04-07 03:16:01,245] Trial 27 finished with value: 0.85 and parameters: {'var_smoothing': 2.338070103551991e-09}. Best is trial 0 with value: 0.85.
[I 2026-04-07 03:16:01,265] Trial 28 finished with value: 0.85 and parameters: {'var_smoothing': 2.9749637796955326e-10}. Best is trial 0 with value: 0.85.
[I 2026-04-07 03:16:01,283] Trial 29 finished with value: 0.85 and parameters: {'var_smoothing': 2.1414596138226606e-10}. Best is trial 0 with value: 0.85.
[I 2026-04-07 03:16:02,196] A new study created in memory with name: logreg
[I 2026-04-07 03:16:02,221] Trial 0 finished with value: 0.725 and parameters: {'C': 0.0011268620922535318, 'penalty': 'l2'}. Best is trial 0 with value: 0.725.
[I 2026-04-07 03:16:02,236] Trial 1 finished with value: 0.9 and parameters: {'C': 0.32312678588710475, 'penalty': 'l2'}. Best is trial 1 with value: 0.9.
[I 2026-04-07 03:16:02,249] Trial 2 finished with value: 0.9 and parameters: {'C': 0.3012079745112611, 'penalty': 'l2'}. Best is trial 1 with value: 0.9.
[I 2026-04-07 03:16:02,263] Trial 3 finished with value: 0.725 and parameters: {'C': 0.004668180550042529, 'penalty': 'l2'}. Best is trial 1 with value: 0.9.
[I 2026-04-07 03:16:02,286] Trial 4 finished with value: 0.725 and parameters: {'C': 0.005135177115384908, 'penalty': 'l2'}. Best is trial 1 with value: 0.9.
[I 2026-04-07 03:16:02,301] Trial 5 finished with value: 0.75 and parameters: {'C': 0.01238207351349697, 'penalty': 'l2'}. Best is trial 1 with value: 0.9.
[I 2026-04-07 03:16:02,314] Trial 6 finished with value: 0.875 and parameters: {'C': 0.12374877330306278, 'penalty': 'l2'}. Best is trial 1 with value: 0.9.
[I 2026-04-07 03:16:02,338] Trial 7 finished with value: 0.775 and parameters: {'C': 0.017398261017749217, 'penalty': 'l2'}. Best is trial 1 with value: 0.9.
[I 2026-04-07 03:16:02,363] Trial 8 finished with value: 0.725 and parameters: {'C': 0.002632074973627294, 'penalty': 'l2'}. Best is trial 1 with value: 0.9.
[I 2026-04-07 03:16:02,387] Trial 9 finished with value: 0.825 and parameters: {'C': 0.053394091359671186, 'penalty': 'l2'}. Best is trial 1 with value: 0.9.
[I 2026-04-07 03:16:02,419] Trial 10 finished with value: 0.975 and parameters: {'C': 9.528231497855979, 'penalty': 'l2'}. Best is trial 10 with value: 0.975.
[I 2026-04-07 03:16:02,449] Trial 11 finished with value: 0.975 and parameters: {'C': 7.996735848918345, 'penalty': 'l2'}. Best is trial 10 with value: 0.975.
[I 2026-04-07 03:16:02,470] Trial 12 finished with value: 0.975 and parameters: {'C': 13.219259054712499, 'penalty': 'l2'}. Best is trial 10 with value: 0.975.
[I 2026-04-07 03:16:02,501] Trial 13 finished with value: 0.975 and parameters: {'C': 26.863859397130152, 'penalty': 'l2'}. Best is trial 10 with value: 0.975.
[I 2026-04-07 03:16:02,531] Trial 14 finished with value: 0.95 and parameters: {'C': 3.348860092546444, 'penalty': 'l2'}. Best is trial 10 with value: 0.975.
[I 2026-04-07 03:16:02,561] Trial 15 finished with value: 0.975 and parameters: {'C': 83.59696663003389, 'penalty': 'l2'}. Best is trial 10 with value: 0.975.
[I 2026-04-07 03:16:02,591] Trial 16 finished with value: 0.925 and parameters: {'C': 2.378218367784641, 'penalty': 'l2'}. Best is trial 10 with value: 0.975.
[I 2026-04-07 03:16:02,609] Trial 17 finished with value: 0.95 and parameters: {'C': 1.3611669029931832, 'penalty': 'l2'}. Best is trial 10 with value: 0.975.
[I 2026-04-07 03:16:02,625] Trial 18 finished with value: 0.975 and parameters: {'C': 8.970951695042046, 'penalty': 'l2'}. Best is trial 10 with value: 0.975.
[I 2026-04-07 03:16:02,651] Trial 19 finished with value: 0.975 and parameters: {'C': 75.06754843290847, 'penalty': 'l2'}. Best is trial 10 with value: 0.975.
[I 2026-04-07 03:16:02,672] Trial 20 finished with value: 0.95 and parameters: {'C': 0.772552512361549, 'penalty': 'l2'}. Best is trial 10 with value: 0.975.
[I 2026-04-07 03:16:02,700] Trial 21 finished with value: 0.975 and parameters: {'C': 9.925501624535258, 'penalty': 'l2'}. Best is trial 10 with value: 0.975.
[I 2026-04-07 03:16:02,731] Trial 22 finished with value: 0.975 and parameters: {'C': 7.866747054562954, 'penalty': 'l2'}. Best is trial 10 with value: 0.975.
[I 2026-04-07 03:16:02,761] Trial 23 finished with value: 0.975 and parameters: {'C': 30.938589524796306, 'penalty': 'l2'}. Best is trial 10 with value: 0.975.
[I 2026-04-07 03:16:02,781] Trial 24 finished with value: 0.975 and parameters: {'C': 19.9233613324794, 'penalty': 'l2'}. Best is trial 10 with value: 0.975.
[I 2026-04-07 03:16:02,799] Trial 25 finished with value: 0.95 and parameters: {'C': 3.5303483545202266, 'penalty': 'l2'}. Best is trial 10 with value: 0.975.
[I 2026-04-07 03:16:02,828] Trial 26 finished with value: 0.925 and parameters: {'C': 0.6190983086885231, 'penalty': 'l2'}. Best is trial 10 with value: 0.975.
[I 2026-04-07 03:16:02,848] Trial 27 finished with value: 0.975 and parameters: {'C': 5.686445686341288, 'penalty': 'l2'}. Best is trial 10 with value: 0.975.
[I 2026-04-07 03:16:02,879] Trial 28 finished with value: 0.975 and parameters: {'C': 34.6968635991215, 'penalty': 'l2'}. Best is trial 10 with value: 0.975.
[I 2026-04-07 03:16:02,899] Trial 29 finished with value: 0.975 and parameters: {'C': 14.346765874078546, 'penalty': 'l2'}. Best is trial 10 with value: 0.975.
[I 2026-04-07 03:16:03,292] A new study created in memory with name: knn
[I 2026-04-07 03:16:03,307] Trial 0 finished with value: 0.95 and parameters: {'n_neighbors': 3, 'leaf_size': 30, 'p': 1}. Best is trial 0 with value: 0.95.
[I 2026-04-07 03:16:03,320] Trial 1 finished with value: 0.9 and parameters: {'n_neighbors': 4, 'leaf_size': 24, 'p': 1}. Best is trial 0 with value: 0.95.
[I 2026-04-07 03:16:03,335] Trial 2 finished with value: 0.925 and parameters: {'n_neighbors': 3, 'leaf_size': 27, 'p': 2}. Best is trial 0 with value: 0.95.
[I 2026-04-07 03:16:03,349] Trial 3 finished with value: 0.85 and parameters: {'n_neighbors': 10, 'leaf_size': 20, 'p': 1}. Best is trial 0 with value: 0.95.
[I 2026-04-07 03:16:03,363] Trial 4 finished with value: 0.775 and parameters: {'n_neighbors': 10, 'leaf_size': 34, 'p': 2}. Best is trial 0 with value: 0.95.
[I 2026-04-07 03:16:03,377] Trial 5 finished with value: 0.775 and parameters: {'n_neighbors': 6, 'leaf_size': 34, 'p': 1}. Best is trial 0 with value: 0.95.
[I 2026-04-07 03:16:03,392] Trial 6 finished with value: 0.85 and parameters: {'n_neighbors': 10, 'leaf_size': 36, 'p': 1}. Best is trial 0 with value: 0.95.
[I 2026-04-07 03:16:03,407] Trial 7 finished with value: 0.825 and parameters: {'n_neighbors': 7, 'leaf_size': 39, 'p': 2}. Best is trial 0 with value: 0.95.
[I 2026-04-07 03:16:03,422] Trial 8 finished with value: 0.775 and parameters: {'n_neighbors': 10, 'leaf_size': 23, 'p': 2}. Best is trial 0 with value: 0.95.
[I 2026-04-07 03:16:03,446] Trial 9 finished with value: 0.775 and parameters: {'n_neighbors': 10, 'leaf_size': 35, 'p': 2}. Best is trial 0 with value: 0.95.
[I 2026-04-07 03:16:03,480] Trial 10 finished with value: 0.925 and parameters: {'n_neighbors': 5, 'leaf_size': 30, 'p': 1}. Best is trial 0 with value: 0.95.
[I 2026-04-07 03:16:03,504] Trial 11 finished with value: 0.925 and parameters: {'n_neighbors': 3, 'leaf_size': 28, 'p': 2}. Best is trial 0 with value: 0.95.
[I 2026-04-07 03:16:03,530] Trial 12 finished with value: 0.925 and parameters: {'n_neighbors': 3, 'leaf_size': 28, 'p': 2}. Best is trial 0 with value: 0.95.
[I 2026-04-07 03:16:03,558] Trial 13 finished with value: 0.9 and parameters: {'n_neighbors': 4, 'leaf_size': 26, 'p': 1}. Best is trial 0 with value: 0.95.
[I 2026-04-07 03:16:03,581] Trial 14 finished with value: 0.825 and parameters: {'n_neighbors': 8, 'leaf_size': 30, 'p': 1}. Best is trial 0 with value: 0.95.
[I 2026-04-07 03:16:03,604] Trial 15 finished with value: 0.9 and parameters: {'n_neighbors': 5, 'leaf_size': 31, 'p': 2}. Best is trial 0 with value: 0.95.
[I 2026-04-07 03:16:03,637] Trial 16 finished with value: 0.95 and parameters: {'n_neighbors': 3, 'leaf_size': 25, 'p': 1}. Best is trial 0 with value: 0.95.
[I 2026-04-07 03:16:03,663] Trial 17 finished with value: 0.9 and parameters: {'n_neighbors': 4, 'leaf_size': 20, 'p': 1}. Best is trial 0 with value: 0.95.
[I 2026-04-07 03:16:03,688] Trial 18 finished with value: 0.825 and parameters: {'n_neighbors': 8, 'leaf_size': 24, 'p': 1}. Best is trial 0 with value: 0.95.
[I 2026-04-07 03:16:03,710] Trial 19 finished with value: 0.925 and parameters: {'n_neighbors': 5, 'leaf_size': 32, 'p': 1}. Best is trial 0 with value: 0.95.
[I 2026-04-07 03:16:03,734] Trial 20 finished with value: 0.775 and parameters: {'n_neighbors': 6, 'leaf_size': 22, 'p': 1}. Best is trial 0 with value: 0.95.
[I 2026-04-07 03:16:03,769] Trial 21 finished with value: 0.925 and parameters: {'n_neighbors': 3, 'leaf_size': 27, 'p': 2}. Best is trial 0 with value: 0.95.
[I 2026-04-07 03:16:03,793] Trial 22 finished with value: 0.95 and parameters: {'n_neighbors': 3, 'leaf_size': 26, 'p': 1}. Best is trial 0 with value: 0.95.
[I 2026-04-07 03:16:03,816] Trial 23 finished with value: 0.9 and parameters: {'n_neighbors': 4, 'leaf_size': 25, 'p': 1}. Best is trial 0 with value: 0.95.
[I 2026-04-07 03:16:03,838] Trial 24 finished with value: 0.95 and parameters: {'n_neighbors': 3, 'leaf_size': 29, 'p': 1}. Best is trial 0 with value: 0.95.
[I 2026-04-07 03:16:03,861] Trial 25 finished with value: 0.9 and parameters: {'n_neighbors': 4, 'leaf_size': 22, 'p': 1}. Best is trial 0 with value: 0.95.
[I 2026-04-07 03:16:03,883] Trial 26 finished with value: 0.925 and parameters: {'n_neighbors': 5, 'leaf_size': 32, 'p': 1}. Best is trial 0 with value: 0.95.
[I 2026-04-07 03:16:03,906] Trial 27 finished with value: 0.95 and parameters: {'n_neighbors': 3, 'leaf_size': 26, 'p': 1}. Best is trial 0 with value: 0.95.
[I 2026-04-07 03:16:03,932] Trial 28 finished with value: 0.9 and parameters: {'n_neighbors': 4, 'leaf_size': 25, 'p': 1}. Best is trial 0 with value: 0.95.
[I 2026-04-07 03:16:03,965] Trial 29 finished with value: 0.9 and parameters: {'n_neighbors': 4, 'leaf_size': 23, 'p': 1}. Best is trial 0 with value: 0.95.
[I 2026-04-07 03:16:04,784] A new study created in memory with name: xgb
[I 2026-04-07 03:16:04,810] Trial 0 finished with value: 0.875 and parameters: {'n_estimators': 40, 'max_depth': 30, 'gamma': 0.47665736245940726, 'subsample': 0.6240505842067796, 'colsample_bytree': 0.542029825582675}. Best is trial 0 with value: 0.875.
[I 2026-04-07 03:16:04,838] Trial 1 finished with value: 0.925 and parameters: {'n_estimators': 100, 'max_depth': 5, 'gamma': 0.6154838340124683, 'subsample': 0.9490035591125747, 'colsample_bytree': 0.8334494864598183}. Best is trial 1 with value: 0.925.
[I 2026-04-07 03:16:04,867] Trial 2 finished with value: 0.95 and parameters: {'n_estimators': 40, 'max_depth': 20, 'gamma': 0.9464719685739904, 'subsample': 0.9018698850061588, 'colsample_bytree': 0.9916796241121663}. Best is trial 2 with value: 0.95.
[I 2026-04-07 03:16:04,904] Trial 3 finished with value: 0.875 and parameters: {'n_estimators': 100, 'max_depth': 30, 'gamma': 0.26698751824101463, 'subsample': 0.6215578376567042, 'colsample_bytree': 0.9367004215505623}. Best is trial 2 with value: 0.95.
[I 2026-04-07 03:16:04,932] Trial 4 finished with value: 0.9 and parameters: {'n_estimators': 10, 'max_depth': 20, 'gamma': 0.5301766121845122, 'subsample': 0.7177777323831729, 'colsample_bytree': 0.9352041482132656}. Best is trial 2 with value: 0.95.
[I 2026-04-07 03:16:04,988] Trial 5 finished with value: 0.9 and parameters: {'n_estimators': 100, 'max_depth': 5, 'gamma': 0.6742485862456464, 'subsample': 0.7308488312353485, 'colsample_bytree': 0.5265297122426965}. Best is trial 2 with value: 0.95.
[I 2026-04-07 03:16:05,015] Trial 6 finished with value: 0.9 and parameters: {'n_estimators': 100, 'max_depth': 30, 'gamma': 0.5360486096375219, 'subsample': 0.8488681925618888, 'colsample_bytree': 0.900578215847843}. Best is trial 2 with value: 0.95.
[I 2026-04-07 03:16:05,042] Trial 7 finished with value: 0.85 and parameters: {'n_estimators': 40, 'max_depth': 5, 'gamma': 0.4997010655396419, 'subsample': 0.7490698051808964, 'colsample_bytree': 0.7071731623998108}. Best is trial 2 with value: 0.95.
[I 2026-04-07 03:16:05,070] Trial 8 finished with value: 0.9 and parameters: {'n_estimators': 100, 'max_depth': 5, 'gamma': 0.5449029446194361, 'subsample': 0.7150234071055932, 'colsample_bytree': 0.8673829085180849}. Best is trial 2 with value: 0.95.
[I 2026-04-07 03:16:05,098] Trial 9 finished with value: 0.875 and parameters: {'n_estimators': 100, 'max_depth': 30, 'gamma': 0.5427360453562716, 'subsample': 0.5915763668266103, 'colsample_bytree': 0.5546552575823498}. Best is trial 2 with value: 0.95.
[I 2026-04-07 03:16:05,134] Trial 10 finished with value: 0.95 and parameters: {'n_estimators': 40, 'max_depth': 20, 'gamma': 0.9826501807376451, 'subsample': 0.9718667956684921, 'colsample_bytree': 0.7360206878180331}. Best is trial 2 with value: 0.95.
[I 2026-04-07 03:16:05,172] Trial 11 finished with value: 0.95 and parameters: {'n_estimators': 40, 'max_depth': 20, 'gamma': 0.9969371986194453, 'subsample': 0.9683640491533567, 'colsample_bytree': 0.7184864299304776}. Best is trial 2 with value: 0.95.
[I 2026-04-07 03:16:05,208] Trial 12 finished with value: 0.95 and parameters: {'n_estimators': 40, 'max_depth': 20, 'gamma': 0.9932138756758018, 'subsample': 0.8645145786576923, 'colsample_bytree': 0.794056759839404}. Best is trial 2 with value: 0.95.
[I 2026-04-07 03:16:05,249] Trial 13 finished with value: 0.95 and parameters: {'n_estimators': 40, 'max_depth': 20, 'gamma': 0.8300589454083154, 'subsample': 0.8834871958005932, 'colsample_bytree': 0.9950828234089331}. Best is trial 2 with value: 0.95.
[I 2026-04-07 03:16:05,289] Trial 14 finished with value: 0.9 and parameters: {'n_estimators': 10, 'max_depth': 20, 'gamma': 0.8615258758853145, 'subsample': 0.9899457651138078, 'colsample_bytree': 0.6455799745642841}. Best is trial 2 with value: 0.95.
[I 2026-04-07 03:16:05,328] Trial 15 finished with value: 0.9 and parameters: {'n_estimators': 40, 'max_depth': 20, 'gamma': 0.7804219605572124, 'subsample': 0.9096114237502423, 'colsample_bytree': 0.6459869877941459}. Best is trial 2 with value: 0.95.
[I 2026-04-07 03:16:05,367] Trial 16 finished with value: 0.9 and parameters: {'n_estimators': 40, 'max_depth': 20, 'gamma': 0.16076549150089864, 'subsample': 0.807178876267405, 'colsample_bytree': 0.7748590654804866}. Best is trial 2 with value: 0.95.
[I 2026-04-07 03:16:05,404] Trial 17 finished with value: 0.825 and parameters: {'n_estimators': 10, 'max_depth': 20, 'gamma': 0.8943834633762394, 'subsample': 0.5106683207593217, 'colsample_bytree': 0.666457585440774}. Best is trial 2 with value: 0.95.
[I 2026-04-07 03:16:05,442] Trial 18 finished with value: 0.925 and parameters: {'n_estimators': 40, 'max_depth': 20, 'gamma': 0.6990795558045364, 'subsample': 0.8101193725702428, 'colsample_bytree': 0.8253857819778567}. Best is trial 2 with value: 0.95.
[I 2026-04-07 03:16:05,481] Trial 19 finished with value: 0.9 and parameters: {'n_estimators': 40, 'max_depth': 20, 'gamma': 0.3300641220400294, 'subsample': 0.9403882815883362, 'colsample_bytree': 0.5859911117342961}. Best is trial 2 with value: 0.95.
[I 2026-04-07 03:16:05,521] Trial 20 finished with value: 0.925 and parameters: {'n_estimators': 40, 'max_depth': 20, 'gamma': 0.9249609733033286, 'subsample': 0.8036293559271132, 'colsample_bytree': 0.7543637316641242}. Best is trial 2 with value: 0.95.
[I 2026-04-07 03:16:05,560] Trial 21 finished with value: 0.925 and parameters: {'n_estimators': 40, 'max_depth': 20, 'gamma': 0.9586569792955356, 'subsample': 0.9791455411325513, 'colsample_bytree': 0.6913424618872773}. Best is trial 2 with value: 0.95.
[I 2026-04-07 03:16:05,598] Trial 22 finished with value: 0.925 and parameters: {'n_estimators': 40, 'max_depth': 20, 'gamma': 0.9982357981867418, 'subsample': 0.9124500409291733, 'colsample_bytree': 0.7243493244062045}. Best is trial 2 with value: 0.95.
[I 2026-04-07 03:16:05,635] Trial 23 finished with value: 0.875 and parameters: {'n_estimators': 40, 'max_depth': 20, 'gamma': 0.7710746323971369, 'subsample': 0.9882535369231709, 'colsample_bytree': 0.6237138777441559}. Best is trial 2 with value: 0.95.
[I 2026-04-07 03:16:05,671] Trial 24 finished with value: 0.95 and parameters: {'n_estimators': 40, 'max_depth': 20, 'gamma': 0.8208656983648459, 'subsample': 0.9378511767700072, 'colsample_bytree': 0.7429301669920229}. Best is trial 2 with value: 0.95.
[I 2026-04-07 03:16:05,708] Trial 25 finished with value: 0.925 and parameters: {'n_estimators': 10, 'max_depth': 20, 'gamma': 0.9247648375419458, 'subsample': 0.8925520621648786, 'colsample_bytree': 0.8032207915302951}. Best is trial 2 with value: 0.95.
[I 2026-04-07 03:16:05,745] Trial 26 finished with value: 0.95 and parameters: {'n_estimators': 40, 'max_depth': 20, 'gamma': 0.8906328926912024, 'subsample': 0.8465514899347274, 'colsample_bytree': 0.9828171916561902}. Best is trial 2 with value: 0.95.
[I 2026-04-07 03:16:05,784] Trial 27 finished with value: 0.95 and parameters: {'n_estimators': 40, 'max_depth': 20, 'gamma': 0.7586811327585983, 'subsample': 0.9608891651075275, 'colsample_bytree': 0.8578277979065685}. Best is trial 2 with value: 0.95.
[I 2026-04-07 03:16:05,824] Trial 28 finished with value: 0.925 and parameters: {'n_estimators': 40, 'max_depth': 5, 'gamma': 0.4081359272503368, 'subsample': 0.9394069802306731, 'colsample_bytree': 0.6883376446817646}. Best is trial 2 with value: 0.95.
[I 2026-04-07 03:16:05,863] Trial 29 finished with value: 0.875 and parameters: {'n_estimators': 40, 'max_depth': 30, 'gamma': 0.6843964930691707, 'subsample': 0.6692731299073966, 'colsample_bytree': 0.5918032020537313}. Best is trial 2 with value: 0.95.
[I 2026-04-07 03:16:06,694] A new study created in memory with name: rf
[I 2026-04-07 03:16:06,861] Trial 0 finished with value: 0.95 and parameters: {'n_estimators': 104, 'max_depth': 12, 'min_samples_split': 6, 'min_samples_leaf': 2}. Best is trial 0 with value: 0.95.
[I 2026-04-07 03:16:07,039] Trial 1 finished with value: 0.95 and parameters: {'n_estimators': 156, 'max_depth': 6, 'min_samples_split': 5, 'min_samples_leaf': 3}. Best is trial 0 with value: 0.95.
[I 2026-04-07 03:16:07,216] Trial 2 finished with value: 0.85 and parameters: {'n_estimators': 133, 'max_depth': 9, 'min_samples_split': 3, 'min_samples_leaf': 9}. Best is trial 0 with value: 0.95.
[I 2026-04-07 03:16:07,706] Trial 3 finished with value: 0.85 and parameters: {'n_estimators': 481, 'max_depth': 3, 'min_samples_split': 8, 'min_samples_leaf': 6}. Best is trial 0 with value: 0.95.
[I 2026-04-07 03:16:08,177] Trial 4 finished with value: 0.825 and parameters: {'n_estimators': 460, 'max_depth': 15, 'min_samples_split': 6, 'min_samples_leaf': 8}. Best is trial 0 with value: 0.95.
[I 2026-04-07 03:16:08,445] Trial 5 finished with value: 0.875 and parameters: {'n_estimators': 254, 'max_depth': 15, 'min_samples_split': 9, 'min_samples_leaf': 5}. Best is trial 0 with value: 0.95.
[I 2026-04-07 03:16:08,936] Trial 6 finished with value: 0.95 and parameters: {'n_estimators': 477, 'max_depth': 17, 'min_samples_split': 10, 'min_samples_leaf': 2}. Best is trial 0 with value: 0.95.
[I 2026-04-07 03:16:09,297] Trial 7 finished with value: 0.8 and parameters: {'n_estimators': 308, 'max_depth': 20, 'min_samples_split': 7, 'min_samples_leaf': 9}. Best is trial 0 with value: 0.95.
[I 2026-04-07 03:16:09,831] Trial 8 finished with value: 0.825 and parameters: {'n_estimators': 489, 'max_depth': 6, 'min_samples_split': 4, 'min_samples_leaf': 9}. Best is trial 0 with value: 0.95.
[I 2026-04-07 03:16:10,312] Trial 9 finished with value: 0.85 and parameters: {'n_estimators': 463, 'max_depth': 16, 'min_samples_split': 5, 'min_samples_leaf': 5}. Best is trial 0 with value: 0.95.
[I 2026-04-07 03:16:10,647] Trial 10 finished with value: 0.95 and parameters: {'n_estimators': 233, 'max_depth': 11, 'min_samples_split': 2, 'min_samples_leaf': 1}. Best is trial 0 with value: 0.95.
[I 2026-04-07 03:16:10,799] Trial 11 finished with value: 0.925 and parameters: {'n_estimators': 100, 'max_depth': 8, 'min_samples_split': 6, 'min_samples_leaf': 3}. Best is trial 0 with value: 0.95.
[I 2026-04-07 03:16:11,022] Trial 12 finished with value: 0.95 and parameters: {'n_estimators': 172, 'max_depth': 12, 'min_samples_split': 5, 'min_samples_leaf': 3}. Best is trial 0 with value: 0.95.
[I 2026-04-07 03:16:11,266] Trial 13 finished with value: 0.95 and parameters: {'n_estimators': 194, 'max_depth': 3, 'min_samples_split': 7, 'min_samples_leaf': 3}. Best is trial 0 with value: 0.95.
