[I 2026-04-07 01:04:35,370] Trial 29 finished with value: 0.65 and parameters: {'hidden_layer_sizes': (100,), 'max_iter': 50, 'alpha': 0.001}. Best is trial 11 with value: 0.7.
[I 2026-04-07 01:17:59,470] A new study created in memory with name: naive_bayes
Parámetros guardados en checkpoint_paysim_Doriginal_I_sin_full/ag/IPC_10/best_models_ag_seed_5_space_original/naive_bayes_best_params.json


>>> Optuna tuning logreg metodo ag IPC 10 seed 5


Parámetros guardados en checkpoint_paysim_Doriginal_I_sin_full/ag/IPC_10/best_models_ag_seed_5_space_original/logreg_best_params.json


>>> Optuna tuning knn metodo ag IPC 10 seed 5


Parámetros guardados en checkpoint_paysim_Doriginal_I_sin_full/ag/IPC_10/best_models_ag_seed_5_space_original/knn_best_params.json


>>> Optuna tuning xgb metodo ag IPC 10 seed 5


Parámetros guardados en checkpoint_paysim_Doriginal_I_sin_full/ag/IPC_10/best_models_ag_seed_5_space_original/xgb_best_params.json


>>> Optuna tuning rf metodo ag IPC 10 seed 5


Parámetros guardados en checkpoint_paysim_Doriginal_I_sin_full/ag/IPC_10/best_models_ag_seed_5_space_original/rf_best_params.json


>>> Optuna tuning mlp metodo ag IPC 10 seed 5


Parámetros guardados en checkpoint_paysim_Doriginal_I_sin_full/ag/IPC_10/best_models_ag_seed_5_space_original/mlp_best_params.json


>>> Optuna tuning naive_bayes metodo k_center IPC 10 seed 5


Parámetros guardados en checkpoint_paysim_Doriginal_I_sin_full/k_center/IPC_10/best_models_k_center_seed_5_space_original/naive_bayes_best_params.json


>>> Optuna tuning logreg metodo k_center IPC 10 seed 5


Parámetros guardados en checkpoint_paysim_Doriginal_I_sin_full/k_center/IPC_10/best_models_k_center_seed_5_space_original/logreg_best_params.json


>>> Optuna tuning knn metodo k_center IPC 10 seed 5


Parámetros guardados en checkpoint_paysim_Doriginal_I_sin_full/k_center/IPC_10/best_models_k_center_seed_5_space_original/knn_best_params.json


>>> Optuna tuning xgb metodo k_center IPC 10 seed 5


Parámetros guardados en checkpoint_paysim_Doriginal_I_sin_full/k_center/IPC_10/best_models_k_center_seed_5_space_original/xgb_best_params.json


>>> Optuna tuning rf metodo k_center IPC 10 seed 5


Parámetros guardados en checkpoint_paysim_Doriginal_I_sin_full/k_center/IPC_10/best_models_k_center_seed_5_space_original/rf_best_params.json


>>> Optuna tuning mlp metodo k_center IPC 10 seed 5


Parámetros guardados en checkpoint_paysim_Doriginal_I_sin_full/k_center/IPC_10/best_models_k_center_seed_5_space_original/mlp_best_params.json


>>> Optuna tuning naive_bayes metodo lc IPC 10 seed 5


Parámetros guardados en checkpoint_paysim_Doriginal_I_sin_full/lc/IPC_10/best_models_lc_seed_5_space_original/naive_bayes_best_params.json


>>> Optuna tuning logreg metodo lc IPC 10 seed 5


Parámetros guardados en checkpoint_paysim_Doriginal_I_sin_full/lc/IPC_10/best_models_lc_seed_5_space_original/logreg_best_params.json


>>> Optuna tuning knn metodo lc IPC 10 seed 5


Parámetros guardados en checkpoint_paysim_Doriginal_I_sin_full/lc/IPC_10/best_models_lc_seed_5_space_original/knn_best_params.json


>>> Optuna tuning xgb metodo lc IPC 10 seed 5


Parámetros guardados en checkpoint_paysim_Doriginal_I_sin_full/lc/IPC_10/best_models_lc_seed_5_space_original/xgb_best_params.json


>>> Optuna tuning rf metodo lc IPC 10 seed 5


Parámetros guardados en checkpoint_paysim_Doriginal_I_sin_full/lc/IPC_10/best_models_lc_seed_5_space_original/rf_best_params.json


>>> Optuna tuning mlp metodo lc IPC 10 seed 5


Parámetros guardados en checkpoint_paysim_Doriginal_I_sin_full/lc/IPC_10/best_models_lc_seed_5_space_original/mlp_best_params.json


>>> Optuna tuning naive_bayes metodo random IPC 10 seed 6


Parámetros guardados en checkpoint_paysim_Doriginal_I_sin_full/random/IPC_10/best_models_random_seed_6_space_original/naive_bayes_best_params.json


>>> Optuna tuning logreg metodo random IPC 10 seed 6


Parámetros guardados en checkpoint_paysim_Doriginal_I_sin_full/random/IPC_10/best_models_random_seed_6_space_original/logreg_best_params.json


>>> Optuna tuning knn metodo random IPC 10 seed 6


Parámetros guardados en checkpoint_paysim_Doriginal_I_sin_full/random/IPC_10/best_models_random_seed_6_space_original/knn_best_params.json


>>> Optuna tuning xgb metodo random IPC 10 seed 6


Parámetros guardados en checkpoint_paysim_Doriginal_I_sin_full/random/IPC_10/best_models_random_seed_6_space_original/xgb_best_params.json


>>> Optuna tuning rf metodo random IPC 10 seed 6


Parámetros guardados en checkpoint_paysim_Doriginal_I_sin_full/random/IPC_10/best_models_random_seed_6_space_original/rf_best_params.json


>>> Optuna tuning mlp metodo random IPC 10 seed 6


Parámetros guardados en checkpoint_paysim_Doriginal_I_sin_full/random/IPC_10/best_models_random_seed_6_space_original/mlp_best_params.json


>>> Optuna tuning naive_bayes metodo k-means IPC 10 seed 6


Parámetros guardados en checkpoint_paysim_Doriginal_I_sin_full/k-means/IPC_10/best_models_k-means_seed_6_space_original/naive_bayes_best_params.json


>>> Optuna tuning logreg metodo k-means IPC 10 seed 6


Parámetros guardados en checkpoint_paysim_Doriginal_I_sin_full/k-means/IPC_10/best_models_k-means_seed_6_space_original/logreg_best_params.json


>>> Optuna tuning knn metodo k-means IPC 10 seed 6


Parámetros guardados en checkpoint_paysim_Doriginal_I_sin_full/k-means/IPC_10/best_models_k-means_seed_6_space_original/knn_best_params.json


>>> Optuna tuning xgb metodo k-means IPC 10 seed 6


Parámetros guardados en checkpoint_paysim_Doriginal_I_sin_full/k-means/IPC_10/best_models_k-means_seed_6_space_original/xgb_best_params.json


>>> Optuna tuning rf metodo k-means IPC 10 seed 6


Parámetros guardados en checkpoint_paysim_Doriginal_I_sin_full/k-means/IPC_10/best_models_k-means_seed_6_space_original/rf_best_params.json


>>> Optuna tuning mlp metodo k-means IPC 10 seed 6


Parámetros guardados en checkpoint_paysim_Doriginal_I_sin_full/k-means/IPC_10/best_models_k-means_seed_6_space_original/mlp_best_params.json


>>> Optuna tuning naive_bayes metodo ag IPC 10 seed 6


[I 2026-04-07 01:18:01,938] Trial 0 finished with value: 0.85 and parameters: {'var_smoothing': 6.10548688762798e-09}. Best is trial 0 with value: 0.85.
[I 2026-04-07 01:18:04,265] Trial 1 finished with value: 0.85 and parameters: {'var_smoothing': 4.6127467400935034e-10}. Best is trial 0 with value: 0.85.
[I 2026-04-07 01:18:06,523] Trial 2 finished with value: 0.85 and parameters: {'var_smoothing': 4.389936579400967e-09}. Best is trial 0 with value: 0.85.
[I 2026-04-07 01:18:08,808] Trial 3 finished with value: 0.85 and parameters: {'var_smoothing': 1.2116948204672054e-10}. Best is trial 0 with value: 0.85.
[I 2026-04-07 01:18:11,099] Trial 4 finished with value: 0.85 and parameters: {'var_smoothing': 1.6417739478477417e-10}. Best is trial 0 with value: 0.85.
[I 2026-04-07 01:18:13,356] Trial 5 finished with value: 0.85 and parameters: {'var_smoothing': 1.5491880147236797e-09}. Best is trial 0 with value: 0.85.
[I 2026-04-07 01:18:15,707] Trial 6 finished with value: 0.85 and parameters: {'var_smoothing': 1.1471883405287265e-09}. Best is trial 0 with value: 0.85.
[I 2026-04-07 01:18:18,033] Trial 7 finished with value: 0.85 and parameters: {'var_smoothing': 6.88041853492358e-10}. Best is trial 0 with value: 0.85.
[I 2026-04-07 01:18:20,387] Trial 8 finished with value: 0.85 and parameters: {'var_smoothing': 4.686144741221158e-10}. Best is trial 0 with value: 0.85.
[I 2026-04-07 01:18:22,700] Trial 9 finished with value: 0.85 and parameters: {'var_smoothing': 1.7580809350683337e-09}. Best is trial 0 with value: 0.85.
[I 2026-04-07 01:18:24,995] Trial 10 finished with value: 0.85 and parameters: {'var_smoothing': 9.83902635509218e-09}. Best is trial 0 with value: 0.85.
[I 2026-04-07 01:18:27,264] Trial 11 finished with value: 0.85 and parameters: {'var_smoothing': 2.660399871603373e-10}. Best is trial 0 with value: 0.85.
[I 2026-04-07 01:18:29,586] Trial 12 finished with value: 0.85 and parameters: {'var_smoothing': 9.276268851540963e-09}. Best is trial 0 with value: 0.85.
[I 2026-04-07 01:18:29,605] Trial 13 finished with value: 0.85 and parameters: {'var_smoothing': 2.9844010685221692e-09}. Best is trial 0 with value: 0.85.
[I 2026-04-07 01:18:29,623] Trial 14 finished with value: 0.85 and parameters: {'var_smoothing': 3.8923309717334116e-10}. Best is trial 0 with value: 0.85.
[I 2026-04-07 01:18:29,639] Trial 15 finished with value: 0.85 and parameters: {'var_smoothing': 3.85461066627204e-09}. Best is trial 0 with value: 0.85.
[I 2026-04-07 01:18:29,655] Trial 16 finished with value: 0.85 and parameters: {'var_smoothing': 7.120907275009211e-10}. Best is trial 0 with value: 0.85.
[I 2026-04-07 01:18:29,679] Trial 17 finished with value: 0.85 and parameters: {'var_smoothing': 2.412486610614855e-10}. Best is trial 0 with value: 0.85.
[I 2026-04-07 01:18:29,695] Trial 18 finished with value: 0.85 and parameters: {'var_smoothing': 2.3580860166954074e-09}. Best is trial 0 with value: 0.85.
[I 2026-04-07 01:18:29,721] Trial 19 finished with value: 0.85 and parameters: {'var_smoothing': 5.846846875339535e-09}. Best is trial 0 with value: 0.85.
[I 2026-04-07 01:18:29,751] Trial 20 finished with value: 0.85 and parameters: {'var_smoothing': 1.0486521320383776e-09}. Best is trial 0 with value: 0.85.
[I 2026-04-07 01:18:29,769] Trial 21 finished with value: 0.85 and parameters: {'var_smoothing': 4.9491450263339475e-09}. Best is trial 0 with value: 0.85.
[I 2026-04-07 01:18:29,796] Trial 22 finished with value: 0.85 and parameters: {'var_smoothing': 6.667992141406306e-09}. Best is trial 0 with value: 0.85.
[I 2026-04-07 01:18:29,816] Trial 23 finished with value: 0.85 and parameters: {'var_smoothing': 3.2795712712135213e-09}. Best is trial 0 with value: 0.85.
[I 2026-04-07 01:18:29,836] Trial 24 finished with value: 0.85 and parameters: {'var_smoothing': 6.403538416287158e-10}. Best is trial 0 with value: 0.85.
[I 2026-04-07 01:18:29,856] Trial 25 finished with value: 0.85 and parameters: {'var_smoothing': 2.1589819023851477e-09}. Best is trial 0 with value: 0.85.
[I 2026-04-07 01:18:29,876] Trial 26 finished with value: 0.85 and parameters: {'var_smoothing': 3.912617821024548e-09}. Best is trial 0 with value: 0.85.
[I 2026-04-07 01:18:29,896] Trial 27 finished with value: 0.85 and parameters: {'var_smoothing': 7.162139101012446e-09}. Best is trial 0 with value: 0.85.
[I 2026-04-07 01:18:29,916] Trial 28 finished with value: 0.85 and parameters: {'var_smoothing': 1.3883316815746274e-09}. Best is trial 0 with value: 0.85.
[I 2026-04-07 01:18:29,934] Trial 29 finished with value: 0.85 and parameters: {'var_smoothing': 4.1751754503046387e-10}. Best is trial 0 with value: 0.85.
[I 2026-04-07 01:18:30,947] A new study created in memory with name: logreg
[I 2026-04-07 01:18:31,011] Trial 0 finished with value: 0.8 and parameters: {'C': 29.127335430981816, 'penalty': 'l2'}. Best is trial 0 with value: 0.8.
[I 2026-04-07 01:18:31,066] Trial 1 finished with value: 0.45 and parameters: {'C': 0.045698192893558344, 'penalty': 'l2'}. Best is trial 0 with value: 0.8.
[I 2026-04-07 01:18:31,132] Trial 2 finished with value: 0.8 and parameters: {'C': 12.768668597712947, 'penalty': 'l2'}. Best is trial 0 with value: 0.8.
[I 2026-04-07 01:18:31,177] Trial 3 finished with value: 0.3 and parameters: {'C': 0.0016161554408462638, 'penalty': 'l2'}. Best is trial 0 with value: 0.8.
[I 2026-04-07 01:18:31,232] Trial 4 finished with value: 0.4 and parameters: {'C': 0.0034536903703241734, 'penalty': 'l2'}. Best is trial 0 with value: 0.8.
[I 2026-04-07 01:18:31,278] Trial 5 finished with value: 0.6 and parameters: {'C': 0.9446269266990148, 'penalty': 'l2'}. Best is trial 0 with value: 0.8.
[I 2026-04-07 01:18:31,333] Trial 6 finished with value: 0.6 and parameters: {'C': 0.4457453393648168, 'penalty': 'l2'}. Best is trial 0 with value: 0.8.
[I 2026-04-07 01:18:31,408] Trial 7 finished with value: 0.55 and parameters: {'C': 0.12417585037258261, 'penalty': 'l2'}. Best is trial 0 with value: 0.8.
[I 2026-04-07 01:18:31,453] Trial 8 finished with value: 0.45 and parameters: {'C': 0.04753781830244093, 'penalty': 'l2'}. Best is trial 0 with value: 0.8.
[I 2026-04-07 01:18:31,508] Trial 9 finished with value: 0.65 and parameters: {'C': 1.2959766028194148, 'penalty': 'l2'}. Best is trial 0 with value: 0.8.
[I 2026-04-07 01:18:31,570] Trial 10 finished with value: 0.75 and parameters: {'C': 96.02411422716075, 'penalty': 'l2'}. Best is trial 0 with value: 0.8.
[I 2026-04-07 01:18:31,630] Trial 11 finished with value: 0.8 and parameters: {'C': 39.69400400084221, 'penalty': 'l2'}. Best is trial 0 with value: 0.8.
[I 2026-04-07 01:18:31,661] Trial 12 finished with value: 0.75 and parameters: {'C': 8.225959882391543, 'penalty': 'l2'}. Best is trial 0 with value: 0.8.
[I 2026-04-07 01:18:31,701] Trial 13 finished with value: 0.7 and parameters: {'C': 7.754794499748217, 'penalty': 'l2'}. Best is trial 0 with value: 0.8.
[I 2026-04-07 01:18:31,731] Trial 14 finished with value: 0.7 and parameters: {'C': 6.4805921259058685, 'penalty': 'l2'}. Best is trial 0 with value: 0.8.
[I 2026-04-07 01:18:31,758] Trial 15 finished with value: 0.8 and parameters: {'C': 20.46019149655531, 'penalty': 'l2'}. Best is trial 0 with value: 0.8.
[I 2026-04-07 01:18:31,786] Trial 16 finished with value: 0.7 and parameters: {'C': 2.6712006191102677, 'penalty': 'l2'}. Best is trial 0 with value: 0.8.
[I 2026-04-07 01:18:31,822] Trial 17 finished with value: 0.8 and parameters: {'C': 66.57016988037816, 'penalty': 'l2'}. Best is trial 0 with value: 0.8.
[I 2026-04-07 01:18:31,847] Trial 18 finished with value: 0.8 and parameters: {'C': 20.549499653203245, 'penalty': 'l2'}. Best is trial 0 with value: 0.8.
[I 2026-04-07 01:18:31,878] Trial 19 finished with value: 0.75 and parameters: {'C': 3.4848224841762354, 'penalty': 'l2'}. Best is trial 0 with value: 0.8.
[I 2026-04-07 01:18:31,909] Trial 20 finished with value: 0.8 and parameters: {'C': 21.043901013446362, 'penalty': 'l2'}. Best is trial 0 with value: 0.8.
[I 2026-04-07 01:18:31,939] Trial 21 finished with value: 0.8 and parameters: {'C': 46.686185044093016, 'penalty': 'l2'}. Best is trial 0 with value: 0.8.
[I 2026-04-07 01:18:31,964] Trial 22 finished with value: 0.8 and parameters: {'C': 35.61069157883236, 'penalty': 'l2'}. Best is trial 0 with value: 0.8.
[I 2026-04-07 01:18:31,995] Trial 23 finished with value: 0.8 and parameters: {'C': 10.664489316128229, 'penalty': 'l2'}. Best is trial 0 with value: 0.8.
[I 2026-04-07 01:18:32,023] Trial 24 finished with value: 0.75 and parameters: {'C': 3.8285763847284042, 'penalty': 'l2'}. Best is trial 0 with value: 0.8.
[I 2026-04-07 01:18:32,049] Trial 25 finished with value: 0.65 and parameters: {'C': 1.405691902774332, 'penalty': 'l2'}. Best is trial 0 with value: 0.8.
[I 2026-04-07 01:18:32,089] Trial 26 finished with value: 0.8 and parameters: {'C': 34.960496087082184, 'penalty': 'l2'}. Best is trial 0 with value: 0.8.
[I 2026-04-07 01:18:32,119] Trial 27 finished with value: 0.6 and parameters: {'C': 0.3579259276997438, 'penalty': 'l2'}. Best is trial 0 with value: 0.8.
[I 2026-04-07 01:18:32,148] Trial 28 finished with value: 0.8 and parameters: {'C': 17.182542197158575, 'penalty': 'l2'}. Best is trial 0 with value: 0.8.
[I 2026-04-07 01:18:32,179] Trial 29 finished with value: 0.75 and parameters: {'C': 82.01914459360079, 'penalty': 'l2'}. Best is trial 0 with value: 0.8.
[I 2026-04-07 01:18:33,112] A new study created in memory with name: knn
[I 2026-04-07 01:18:33,176] Trial 0 finished with value: 0.45 and parameters: {'n_neighbors': 10, 'leaf_size': 26, 'p': 1}. Best is trial 0 with value: 0.45.
[I 2026-04-07 01:18:33,232] Trial 1 finished with value: 0.6 and parameters: {'n_neighbors': 3, 'leaf_size': 32, 'p': 1}. Best is trial 1 with value: 0.6.
[I 2026-04-07 01:18:33,279] Trial 2 finished with value: 0.7 and parameters: {'n_neighbors': 5, 'leaf_size': 33, 'p': 2}. Best is trial 2 with value: 0.7.
[I 2026-04-07 01:18:33,325] Trial 3 finished with value: 0.5 and parameters: {'n_neighbors': 7, 'leaf_size': 32, 'p': 2}. Best is trial 2 with value: 0.7.
[I 2026-04-07 01:18:33,392] Trial 4 finished with value: 0.5 and parameters: {'n_neighbors': 9, 'leaf_size': 28, 'p': 1}. Best is trial 2 with value: 0.7.
[I 2026-04-07 01:18:33,427] Trial 5 finished with value: 0.6 and parameters: {'n_neighbors': 3, 'leaf_size': 35, 'p': 1}. Best is trial 2 with value: 0.7.
[I 2026-04-07 01:18:33,493] Trial 6 finished with value: 0.6 and parameters: {'n_neighbors': 8, 'leaf_size': 31, 'p': 2}. Best is trial 2 with value: 0.7.
[I 2026-04-07 01:18:33,539] Trial 7 finished with value: 0.6 and parameters: {'n_neighbors': 6, 'leaf_size': 24, 'p': 2}. Best is trial 2 with value: 0.7.
[I 2026-04-07 01:18:33,586] Trial 8 finished with value: 0.7 and parameters: {'n_neighbors': 5, 'leaf_size': 34, 'p': 2}. Best is trial 2 with value: 0.7.
[I 2026-04-07 01:18:33,653] Trial 9 finished with value: 0.5 and parameters: {'n_neighbors': 10, 'leaf_size': 27, 'p': 2}. Best is trial 2 with value: 0.7.
[I 2026-04-07 01:18:33,708] Trial 10 finished with value: 0.7 and parameters: {'n_neighbors': 5, 'leaf_size': 40, 'p': 2}. Best is trial 2 with value: 0.7.
[I 2026-04-07 01:18:33,763] Trial 11 finished with value: 0.7 and parameters: {'n_neighbors': 5, 'leaf_size': 37, 'p': 2}. Best is trial 2 with value: 0.7.
[I 2026-04-07 01:18:33,798] Trial 12 finished with value: 0.7 and parameters: {'n_neighbors': 5, 'leaf_size': 35, 'p': 2}. Best is trial 2 with value: 0.7.
[I 2026-04-07 01:18:33,831] Trial 13 finished with value: 0.6 and parameters: {'n_neighbors': 4, 'leaf_size': 21, 'p': 2}. Best is trial 2 with value: 0.7.
[I 2026-04-07 01:18:33,853] Trial 14 finished with value: 0.5 and parameters: {'n_neighbors': 7, 'leaf_size': 35, 'p': 2}. Best is trial 2 with value: 0.7.
[I 2026-04-07 01:18:33,876] Trial 15 finished with value: 0.6 and parameters: {'n_neighbors': 6, 'leaf_size': 39, 'p': 2}. Best is trial 2 with value: 0.7.
[I 2026-04-07 01:18:33,898] Trial 16 finished with value: 0.6 and parameters: {'n_neighbors': 4, 'leaf_size': 30, 'p': 2}. Best is trial 2 with value: 0.7.
[I 2026-04-07 01:18:33,924] Trial 17 finished with value: 0.6 and parameters: {'n_neighbors': 4, 'leaf_size': 33, 'p': 2}. Best is trial 2 with value: 0.7.
[I 2026-04-07 01:18:33,947] Trial 18 finished with value: 0.55 and parameters: {'n_neighbors': 6, 'leaf_size': 37, 'p': 1}. Best is trial 2 with value: 0.7.
[I 2026-04-07 01:18:33,990] Trial 19 finished with value: 0.6 and parameters: {'n_neighbors': 8, 'leaf_size': 29, 'p': 2}. Best is trial 2 with value: 0.7.
[I 2026-04-07 01:18:34,016] Trial 20 finished with value: 0.7 and parameters: {'n_neighbors': 5, 'leaf_size': 34, 'p': 2}. Best is trial 2 with value: 0.7.
[I 2026-04-07 01:18:34,053] Trial 21 finished with value: 0.7 and parameters: {'n_neighbors': 5, 'leaf_size': 40, 'p': 2}. Best is trial 2 with value: 0.7.
[I 2026-04-07 01:18:34,077] Trial 22 finished with value: 0.6 and parameters: {'n_neighbors': 4, 'leaf_size': 38, 'p': 2}. Best is trial 2 with value: 0.7.
[I 2026-04-07 01:18:34,112] Trial 23 finished with value: 0.7 and parameters: {'n_neighbors': 5, 'leaf_size': 37, 'p': 2}. Best is trial 2 with value: 0.7.
[I 2026-04-07 01:18:34,139] Trial 24 finished with value: 0.6 and parameters: {'n_neighbors': 6, 'leaf_size': 40, 'p': 2}. Best is trial 2 with value: 0.7.
[I 2026-04-07 01:18:34,161] Trial 25 finished with value: 0.5 and parameters: {'n_neighbors': 7, 'leaf_size': 34, 'p': 2}. Best is trial 2 with value: 0.7.
[I 2026-04-07 01:18:34,184] Trial 26 finished with value: 0.6 and parameters: {'n_neighbors': 3, 'leaf_size': 36, 'p': 1}. Best is trial 2 with value: 0.7.
[I 2026-04-07 01:18:34,211] Trial 27 finished with value: 0.6 and parameters: {'n_neighbors': 4, 'leaf_size': 30, 'p': 2}. Best is trial 2 with value: 0.7.
[I 2026-04-07 01:18:34,244] Trial 28 finished with value: 0.7 and parameters: {'n_neighbors': 5, 'leaf_size': 25, 'p': 2}. Best is trial 2 with value: 0.7.
[I 2026-04-07 01:18:34,269] Trial 29 finished with value: 0.55 and parameters: {'n_neighbors': 6, 'leaf_size': 33, 'p': 1}. Best is trial 2 with value: 0.7.
[I 2026-04-07 01:18:35,451] A new study created in memory with name: xgb
[I 2026-04-07 01:18:35,496] Trial 0 finished with value: 0.65 and parameters: {'n_estimators': 10, 'max_depth': 30, 'gamma': 0.5768356259735394, 'subsample': 0.7094037142783272, 'colsample_bytree': 0.6677039246366646}. Best is trial 0 with value: 0.65.
[I 2026-04-07 01:18:35,544] Trial 1 finished with value: 0.75 and parameters: {'n_estimators': 100, 'max_depth': 30, 'gamma': 0.9912018442360747, 'subsample': 0.9099290984609207, 'colsample_bytree': 0.7066004674080903}. Best is trial 1 with value: 0.75.
[I 2026-04-07 01:18:35,602] Trial 2 finished with value: 0.75 and parameters: {'n_estimators': 10, 'max_depth': 20, 'gamma': 0.7382185757030506, 'subsample': 0.7704684271512641, 'colsample_bytree': 0.5624120871903049}. Best is trial 1 with value: 0.75.
[I 2026-04-07 01:18:35,649] Trial 3 finished with value: 0.8 and parameters: {'n_estimators': 10, 'max_depth': 20, 'gamma': 0.7041784887453524, 'subsample': 0.7995029565695583, 'colsample_bytree': 0.8586660727777565}. Best is trial 3 with value: 0.8.
[I 2026-04-07 01:18:35,697] Trial 4 finished with value: 0.75 and parameters: {'n_estimators': 10, 'max_depth': 20, 'gamma': 0.46549701645255037, 'subsample': 0.9946899241400011, 'colsample_bytree': 0.725249640372583}. Best is trial 3 with value: 0.8.
[I 2026-04-07 01:18:35,756] Trial 5 finished with value: 0.85 and parameters: {'n_estimators': 40, 'max_depth': 20, 'gamma': 0.3554734452019276, 'subsample': 0.5947710951851903, 'colsample_bytree': 0.7356254823676576}. Best is trial 5 with value: 0.85.
