[I 2026-04-09 20:33:38,872] Trial 25 finished with value: 0.75 and parameters: {'C': 0.15244483044682586, 'penalty': 'l2'}. Best is trial 1 with value: 0.8.
[I 2026-04-09 20:33:38,887] Trial 26 finished with value: 0.55 and parameters: {'C': 0.030754473134260486, 'penalty': 'l2'}. Best is trial 1 with value: 0.8.
[I 2026-04-09 20:33:38,913] Trial 27 finished with value: 0.75 and parameters: {'C': 2.741580885130437, 'penalty': 'l2'}. Best is trial 1 with value: 0.8.
[I 2026-04-09 20:33:38,949] Trial 28 finished with value: 0.8 and parameters: {'C': 18.875447517708498, 'penalty': 'l2'}. Best is trial 1 with value: 0.8.
[I 2026-04-09 20:33:38,974] Trial 29 finished with value: 0.75 and parameters: {'C': 0.5455001229928915, 'penalty': 'l2'}. Best is trial 1 with value: 0.8.
[I 2026-04-09 20:33:39,449] A new study created in memory with name: knn
[I 2026-04-09 20:33:39,464] Trial 0 finished with value: 0.7 and parameters: {'n_neighbors': 3, 'leaf_size': 30, 'p': 1}. Best is trial 0 with value: 0.7.
[I 2026-04-09 20:33:39,477] Trial 1 finished with value: 0.75 and parameters: {'n_neighbors': 4, 'leaf_size': 24, 'p': 1}. Best is trial 1 with value: 0.75.
[I 2026-04-09 20:33:39,489] Trial 2 finished with value: 0.65 and parameters: {'n_neighbors': 3, 'leaf_size': 27, 'p': 2}. Best is trial 1 with value: 0.75.
[I 2026-04-09 20:33:39,512] Trial 3 finished with value: 0.65 and parameters: {'n_neighbors': 10, 'leaf_size': 20, 'p': 1}. Best is trial 1 with value: 0.75.
[I 2026-04-09 20:33:39,525] Trial 4 finished with value: 0.65 and parameters: {'n_neighbors': 10, 'leaf_size': 34, 'p': 2}. Best is trial 1 with value: 0.75.
[I 2026-04-09 20:33:39,539] Trial 5 finished with value: 0.75 and parameters: {'n_neighbors': 6, 'leaf_size': 34, 'p': 1}. Best is trial 1 with value: 0.75.
[I 2026-04-09 20:33:39,574] Trial 6 finished with value: 0.65 and parameters: {'n_neighbors': 10, 'leaf_size': 36, 'p': 1}. Best is trial 1 with value: 0.75.
[I 2026-04-09 20:33:39,596] Trial 7 finished with value: 0.6 and parameters: {'n_neighbors': 7, 'leaf_size': 39, 'p': 2}. Best is trial 1 with value: 0.75.
[I 2026-04-09 20:33:39,629] Trial 8 finished with value: 0.65 and parameters: {'n_neighbors': 10, 'leaf_size': 23, 'p': 2}. Best is trial 1 with value: 0.75.
[I 2026-04-09 20:33:39,663] Trial 9 finished with value: 0.65 and parameters: {'n_neighbors': 10, 'leaf_size': 35, 'p': 2}. Best is trial 1 with value: 0.75.
[I 2026-04-09 20:33:39,694] Trial 10 finished with value: 0.65 and parameters: {'n_neighbors': 5, 'leaf_size': 26, 'p': 1}. Best is trial 1 with value: 0.75.
[I 2026-04-09 20:33:39,718] Trial 11 finished with value: 0.75 and parameters: {'n_neighbors': 6, 'leaf_size': 31, 'p': 1}. Best is trial 1 with value: 0.75.
[I 2026-04-09 20:33:39,750] Trial 12 finished with value: 0.65 and parameters: {'n_neighbors': 5, 'leaf_size': 26, 'p': 1}. Best is trial 1 with value: 0.75.
[I 2026-04-09 20:33:39,784] Trial 13 finished with value: 0.65 and parameters: {'n_neighbors': 8, 'leaf_size': 20, 'p': 1}. Best is trial 1 with value: 0.75.
[I 2026-04-09 20:33:39,810] Trial 14 finished with value: 0.75 and parameters: {'n_neighbors': 4, 'leaf_size': 40, 'p': 1}. Best is trial 1 with value: 0.75.
[I 2026-04-09 20:33:39,847] Trial 15 finished with value: 0.65 and parameters: {'n_neighbors': 7, 'leaf_size': 31, 'p': 1}. Best is trial 1 with value: 0.75.
[I 2026-04-09 20:33:39,873] Trial 16 finished with value: 0.65 and parameters: {'n_neighbors': 5, 'leaf_size': 28, 'p': 1}. Best is trial 1 with value: 0.75.
[I 2026-04-09 20:33:39,904] Trial 17 finished with value: 0.75 and parameters: {'n_neighbors': 4, 'leaf_size': 23, 'p': 1}. Best is trial 1 with value: 0.75.
[I 2026-04-09 20:33:39,935] Trial 18 finished with value: 0.65 and parameters: {'n_neighbors': 8, 'leaf_size': 33, 'p': 1}. Best is trial 1 with value: 0.75.
[I 2026-04-09 20:33:39,955] Trial 19 finished with value: 0.75 and parameters: {'n_neighbors': 6, 'leaf_size': 23, 'p': 1}. Best is trial 1 with value: 0.75.
[I 2026-04-09 20:33:39,979] Trial 20 finished with value: 0.75 and parameters: {'n_neighbors': 4, 'leaf_size': 38, 'p': 1}. Best is trial 1 with value: 0.75.
[I 2026-04-09 20:33:40,002] Trial 21 finished with value: 0.75 and parameters: {'n_neighbors': 6, 'leaf_size': 31, 'p': 1}. Best is trial 1 with value: 0.75.
[I 2026-04-09 20:33:40,029] Trial 22 finished with value: 0.75 and parameters: {'n_neighbors': 6, 'leaf_size': 32, 'p': 1}. Best is trial 1 with value: 0.75.
[I 2026-04-09 20:33:40,050] Trial 23 finished with value: 0.65 and parameters: {'n_neighbors': 8, 'leaf_size': 29, 'p': 1}. Best is trial 1 with value: 0.75.
[I 2026-04-09 20:33:40,069] Trial 24 finished with value: 0.65 and parameters: {'n_neighbors': 7, 'leaf_size': 37, 'p': 1}. Best is trial 1 with value: 0.75.
[I 2026-04-09 20:33:40,090] Trial 25 finished with value: 0.65 and parameters: {'n_neighbors': 5, 'leaf_size': 33, 'p': 1}. Best is trial 1 with value: 0.75.
[I 2026-04-09 20:33:40,110] Trial 26 finished with value: 0.7 and parameters: {'n_neighbors': 4, 'leaf_size': 25, 'p': 2}. Best is trial 1 with value: 0.75.
[I 2026-04-09 20:33:40,130] Trial 27 finished with value: 0.75 and parameters: {'n_neighbors': 6, 'leaf_size': 29, 'p': 1}. Best is trial 1 with value: 0.75.
[I 2026-04-09 20:33:40,150] Trial 28 finished with value: 0.6 and parameters: {'n_neighbors': 9, 'leaf_size': 35, 'p': 1}. Best is trial 1 with value: 0.75.
[I 2026-04-09 20:33:40,175] Trial 29 finished with value: 0.7 and parameters: {'n_neighbors': 3, 'leaf_size': 30, 'p': 1}. Best is trial 1 with value: 0.75.
[I 2026-04-09 20:33:40,878] A new study created in memory with name: xgb
[I 2026-04-09 20:33:40,904] Trial 0 finished with value: 0.85 and parameters: {'n_estimators': 40, 'max_depth': 30, 'gamma': 0.47665736245940726, 'subsample': 0.6240505842067796, 'colsample_bytree': 0.542029825582675}. Best is trial 0 with value: 0.85.
[I 2026-04-09 20:33:40,938] Trial 1 finished with value: 0.9 and parameters: {'n_estimators': 100, 'max_depth': 5, 'gamma': 0.6154838340124683, 'subsample': 0.9490035591125747, 'colsample_bytree': 0.8334494864598183}. Best is trial 1 with value: 0.9.
[I 2026-04-09 20:33:40,962] Trial 2 finished with value: 0.9 and parameters: {'n_estimators': 40, 'max_depth': 20, 'gamma': 0.9464719685739904, 'subsample': 0.9018698850061588, 'colsample_bytree': 0.9916796241121663}. Best is trial 1 with value: 0.9.
[I 2026-04-09 20:33:41,000] Trial 3 finished with value: 0.85 and parameters: {'n_estimators': 100, 'max_depth': 30, 'gamma': 0.26698751824101463, 'subsample': 0.6215578376567042, 'colsample_bytree': 0.9367004215505623}. Best is trial 1 with value: 0.9.
[I 2026-04-09 20:33:41,014] Trial 4 finished with value: 0.9 and parameters: {'n_estimators': 10, 'max_depth': 20, 'gamma': 0.5301766121845122, 'subsample': 0.7177777323831729, 'colsample_bytree': 0.9352041482132656}. Best is trial 1 with value: 0.9.
[I 2026-04-09 20:33:41,038] Trial 5 finished with value: 0.9 and parameters: {'n_estimators': 100, 'max_depth': 5, 'gamma': 0.6742485862456464, 'subsample': 0.7308488312353485, 'colsample_bytree': 0.5265297122426965}. Best is trial 1 with value: 0.9.
[I 2026-04-09 20:33:41,062] Trial 6 finished with value: 0.9 and parameters: {'n_estimators': 100, 'max_depth': 30, 'gamma': 0.5360486096375219, 'subsample': 0.8488681925618888, 'colsample_bytree': 0.900578215847843}. Best is trial 1 with value: 0.9.
[I 2026-04-09 20:33:41,086] Trial 7 finished with value: 0.9 and parameters: {'n_estimators': 40, 'max_depth': 5, 'gamma': 0.4997010655396419, 'subsample': 0.7490698051808964, 'colsample_bytree': 0.7071731623998108}. Best is trial 1 with value: 0.9.
[I 2026-04-09 20:33:41,110] Trial 8 finished with value: 0.9 and parameters: {'n_estimators': 100, 'max_depth': 5, 'gamma': 0.5449029446194361, 'subsample': 0.7150234071055932, 'colsample_bytree': 0.8673829085180849}. Best is trial 1 with value: 0.9.
[I 2026-04-09 20:33:41,138] Trial 9 finished with value: 0.85 and parameters: {'n_estimators': 100, 'max_depth': 30, 'gamma': 0.5427360453562716, 'subsample': 0.5915763668266103, 'colsample_bytree': 0.5546552575823498}. Best is trial 1 with value: 0.9.
[I 2026-04-09 20:33:41,173] Trial 10 finished with value: 0.9 and parameters: {'n_estimators': 10, 'max_depth': 5, 'gamma': 0.8166697644905587, 'subsample': 0.9751404785189386, 'colsample_bytree': 0.7735093231652352}. Best is trial 1 with value: 0.9.
[I 2026-04-09 20:33:41,212] Trial 11 finished with value: 0.9 and parameters: {'n_estimators': 40, 'max_depth': 20, 'gamma': 0.9952092548004167, 'subsample': 0.9683640491533567, 'colsample_bytree': 0.9928642741558296}. Best is trial 1 with value: 0.9.
[I 2026-04-09 20:33:41,259] Trial 12 finished with value: 0.9 and parameters: {'n_estimators': 40, 'max_depth': 20, 'gamma': 0.983676481207403, 'subsample': 0.8829122845088755, 'colsample_bytree': 0.8106211752102093}. Best is trial 1 with value: 0.9.
[I 2026-04-09 20:33:41,299] Trial 13 finished with value: 0.9 and parameters: {'n_estimators': 40, 'max_depth': 20, 'gamma': 0.7737308083294776, 'subsample': 0.8662188927972414, 'colsample_bytree': 0.6888666758338158}. Best is trial 1 with value: 0.9.
[I 2026-04-09 20:33:41,340] Trial 14 finished with value: 0.9 and parameters: {'n_estimators': 10, 'max_depth': 5, 'gamma': 0.1118487397978592, 'subsample': 0.9176618187802201, 'colsample_bytree': 0.9990482924374496}. Best is trial 1 with value: 0.9.
[I 2026-04-09 20:33:41,377] Trial 15 finished with value: 0.9 and parameters: {'n_estimators': 100, 'max_depth': 20, 'gamma': 0.35329466441380575, 'subsample': 0.8113467514466688, 'colsample_bytree': 0.6287210900307332}. Best is trial 1 with value: 0.9.
[I 2026-04-09 20:33:41,411] Trial 16 finished with value: 0.9 and parameters: {'n_estimators': 40, 'max_depth': 20, 'gamma': 0.8711731685749494, 'subsample': 0.9299586176132004, 'colsample_bytree': 0.8521946304308765}. Best is trial 1 with value: 0.9.
[I 2026-04-09 20:33:41,456] Trial 17 finished with value: 0.85 and parameters: {'n_estimators': 40, 'max_depth': 5, 'gamma': 0.6705158501934413, 'subsample': 0.5106683207593217, 'colsample_bytree': 0.8053972925571781}. Best is trial 1 with value: 0.9.
[I 2026-04-09 20:33:41,493] Trial 18 finished with value: 0.9 and parameters: {'n_estimators': 100, 'max_depth': 5, 'gamma': 0.689753787686795, 'subsample': 0.8049201703641657, 'colsample_bytree': 0.7117948538295535}. Best is trial 1 with value: 0.9.
[I 2026-04-09 20:33:41,534] Trial 19 finished with value: 0.9 and parameters: {'n_estimators': 10, 'max_depth': 20, 'gamma': 0.345799187122584, 'subsample': 0.9961618760618361, 'colsample_bytree': 0.9337408564510504}. Best is trial 1 with value: 0.9.
[I 2026-04-09 20:33:41,571] Trial 20 finished with value: 0.9 and parameters: {'n_estimators': 100, 'max_depth': 5, 'gamma': 0.9029288546781351, 'subsample': 0.9296868016499862, 'colsample_bytree': 0.6318047672535471}. Best is trial 1 with value: 0.9.
[I 2026-04-09 20:33:41,597] Trial 21 finished with value: 0.9 and parameters: {'n_estimators': 10, 'max_depth': 20, 'gamma': 0.4318748197124024, 'subsample': 0.6836666414799497, 'colsample_bytree': 0.948090332817957}. Best is trial 1 with value: 0.9.
[I 2026-04-09 20:33:41,630] Trial 22 finished with value: 0.9 and parameters: {'n_estimators': 10, 'max_depth': 20, 'gamma': 0.6234387494858354, 'subsample': 0.8107012746183727, 'colsample_bytree': 0.8755576170349215}. Best is trial 1 with value: 0.9.
[I 2026-04-09 20:33:41,665] Trial 23 finished with value: 0.9 and parameters: {'n_estimators': 10, 'max_depth': 20, 'gamma': 0.7615985410831257, 'subsample': 0.6753207267511862, 'colsample_bytree': 0.9597127580831468}. Best is trial 1 with value: 0.9.
[I 2026-04-09 20:33:41,708] Trial 24 finished with value: 0.9 and parameters: {'n_estimators': 10, 'max_depth': 20, 'gamma': 0.620024109373913, 'subsample': 0.901783000999739, 'colsample_bytree': 0.9067841358359109}. Best is trial 1 with value: 0.9.
[I 2026-04-09 20:33:41,742] Trial 25 finished with value: 0.9 and parameters: {'n_estimators': 10, 'max_depth': 20, 'gamma': 0.18211867200955006, 'subsample': 0.7855122421671693, 'colsample_bytree': 0.8073907080274871}. Best is trial 1 with value: 0.9.
[I 2026-04-09 20:33:41,778] Trial 26 finished with value: 0.9 and parameters: {'n_estimators': 40, 'max_depth': 20, 'gamma': 0.43184818751930426, 'subsample': 0.8458565022780015, 'colsample_bytree': 0.8350346622947111}. Best is trial 1 with value: 0.9.
[I 2026-04-09 20:33:41,812] Trial 27 finished with value: 0.9 and parameters: {'n_estimators': 40, 'max_depth': 20, 'gamma': 0.35256761013081395, 'subsample': 0.9567225452317786, 'colsample_bytree': 0.8984163688624082}. Best is trial 1 with value: 0.9.
[I 2026-04-09 20:33:41,847] Trial 28 finished with value: 0.9 and parameters: {'n_estimators': 10, 'max_depth': 30, 'gamma': 0.6028009606370539, 'subsample': 0.7605846525430492, 'colsample_bytree': 0.9713570710760516}. Best is trial 1 with value: 0.9.
[I 2026-04-09 20:33:41,892] Trial 29 finished with value: 0.85 and parameters: {'n_estimators': 100, 'max_depth': 5, 'gamma': 0.4426891488526665, 'subsample': 0.5722451379012694, 'colsample_bytree': 0.9183249054542861}. Best is trial 1 with value: 0.9.
[I 2026-04-09 20:33:42,330] A new study created in memory with name: rf
[I 2026-04-09 20:33:42,507] Trial 0 finished with value: 0.9 and parameters: {'n_estimators': 104, 'max_depth': 12, 'min_samples_split': 6, 'min_samples_leaf': 2}. Best is trial 0 with value: 0.9.
[I 2026-04-09 20:33:42,696] Trial 1 finished with value: 0.8 and parameters: {'n_estimators': 156, 'max_depth': 6, 'min_samples_split': 5, 'min_samples_leaf': 3}. Best is trial 0 with value: 0.9.
[I 2026-04-09 20:33:42,863] Trial 2 finished with value: 0.5 and parameters: {'n_estimators': 133, 'max_depth': 9, 'min_samples_split': 3, 'min_samples_leaf': 9}. Best is trial 0 with value: 0.9.
[I 2026-04-09 20:33:43,427] Trial 3 finished with value: 0.7 and parameters: {'n_estimators': 481, 'max_depth': 3, 'min_samples_split': 8, 'min_samples_leaf': 6}. Best is trial 0 with value: 0.9.
[I 2026-04-09 20:33:44,064] Trial 4 finished with value: 0.5 and parameters: {'n_estimators': 460, 'max_depth': 15, 'min_samples_split': 6, 'min_samples_leaf': 8}. Best is trial 0 with value: 0.9.
[I 2026-04-09 20:33:44,361] Trial 5 finished with value: 0.75 and parameters: {'n_estimators': 254, 'max_depth': 15, 'min_samples_split': 9, 'min_samples_leaf': 5}. Best is trial 0 with value: 0.9.
[I 2026-04-09 20:33:44,884] Trial 6 finished with value: 0.85 and parameters: {'n_estimators': 477, 'max_depth': 17, 'min_samples_split': 10, 'min_samples_leaf': 2}. Best is trial 0 with value: 0.9.
[I 2026-04-09 20:33:45,261] Trial 7 finished with value: 0.5 and parameters: {'n_estimators': 308, 'max_depth': 20, 'min_samples_split': 7, 'min_samples_leaf': 9}. Best is trial 0 with value: 0.9.
[I 2026-04-09 20:33:45,906] Trial 8 finished with value: 0.5 and parameters: {'n_estimators': 489, 'max_depth': 6, 'min_samples_split': 4, 'min_samples_leaf': 9}. Best is trial 0 with value: 0.9.
[I 2026-04-09 20:33:46,547] Trial 9 finished with value: 0.75 and parameters: {'n_estimators': 463, 'max_depth': 16, 'min_samples_split': 5, 'min_samples_leaf': 5}. Best is trial 0 with value: 0.9.
[I 2026-04-09 20:33:46,834] Trial 10 finished with value: 0.9 and parameters: {'n_estimators': 233, 'max_depth': 11, 'min_samples_split': 2, 'min_samples_leaf': 1}. Best is trial 0 with value: 0.9.
[I 2026-04-09 20:33:47,115] Trial 11 finished with value: 0.9 and parameters: {'n_estimators': 233, 'max_depth': 11, 'min_samples_split': 2, 'min_samples_leaf': 1}. Best is trial 0 with value: 0.9.
[I 2026-04-09 20:33:47,554] Trial 12 finished with value: 0.8 and parameters: {'n_estimators': 369, 'max_depth': 11, 'min_samples_split': 2, 'min_samples_leaf': 3}. Best is trial 0 with value: 0.9.
[I 2026-04-09 20:33:47,744] Trial 13 finished with value: 0.85 and parameters: {'n_estimators': 101, 'max_depth': 13, 'min_samples_split': 4, 'min_samples_leaf': 1}. Best is trial 0 with value: 0.9.
[I 2026-04-09 20:33:47,983] Trial 14 finished with value: 0.8 and parameters: {'n_estimators': 179, 'max_depth': 8, 'min_samples_split': 7, 'min_samples_leaf': 3}. Best is trial 0 with value: 0.9.
[I 2026-04-09 20:33:48,271] Trial 15 finished with value: 0.9 and parameters: {'n_estimators': 208, 'max_depth': 13, 'min_samples_split': 3, 'min_samples_leaf': 1}. Best is trial 0 with value: 0.9.
[I 2026-04-09 20:33:48,636] Trial 16 finished with value: 0.75 and parameters: {'n_estimators': 297, 'max_depth': 9, 'min_samples_split': 6, 'min_samples_leaf': 4}. Best is trial 0 with value: 0.9.
[I 2026-04-09 20:33:49,091] Trial 17 finished with value: 0.5 and parameters: {'n_estimators': 359, 'max_depth': 13, 'min_samples_split': 8, 'min_samples_leaf': 7}. Best is trial 0 with value: 0.9.
[I 2026-04-09 20:33:49,260] Trial 18 finished with value: 0.85 and parameters: {'n_estimators': 115, 'max_depth': 18, 'min_samples_split': 4, 'min_samples_leaf': 2}. Best is trial 0 with value: 0.9.
[I 2026-04-09 20:33:49,515] Trial 19 finished with value: 0.85 and parameters: {'n_estimators': 203, 'max_depth': 7, 'min_samples_split': 10, 'min_samples_leaf': 2}. Best is trial 0 with value: 0.9.
[I 2026-04-09 20:33:49,884] Trial 20 finished with value: 0.8 and parameters: {'n_estimators': 276, 'max_depth': 3, 'min_samples_split': 3, 'min_samples_leaf': 4}. Best is trial 0 with value: 0.9.
[I 2026-04-09 20:33:50,205] Trial 21 finished with value: 0.9 and parameters: {'n_estimators': 236, 'max_depth': 11, 'min_samples_split': 2, 'min_samples_leaf': 1}. Best is trial 0 with value: 0.9.
[I 2026-04-09 20:33:50,645] Trial 22 finished with value: 0.9 and parameters: {'n_estimators': 344, 'max_depth': 11, 'min_samples_split': 2, 'min_samples_leaf': 1}. Best is trial 0 with value: 0.9.
[I 2026-04-09 20:33:50,979] Trial 23 finished with value: 0.85 and parameters: {'n_estimators': 219, 'max_depth': 10, 'min_samples_split': 2, 'min_samples_leaf': 2}. Best is trial 0 with value: 0.9.
[I 2026-04-09 20:33:51,230] Trial 24 finished with value: 0.75 and parameters: {'n_estimators': 166, 'max_depth': 13, 'min_samples_split': 5, 'min_samples_leaf': 4}. Best is trial 0 with value: 0.9.
[I 2026-04-09 20:33:51,548] Trial 25 finished with value: 0.9 and parameters: {'n_estimators': 260, 'max_depth': 14, 'min_samples_split': 3, 'min_samples_leaf': 1}. Best is trial 0 with value: 0.9.
[I 2026-04-09 20:33:52,083] Trial 26 finished with value: 0.85 and parameters: {'n_estimators': 417, 'max_depth': 12, 'min_samples_split': 4, 'min_samples_leaf': 3}. Best is trial 0 with value: 0.9.
[I 2026-04-09 20:33:52,276] Trial 27 finished with value: 0.85 and parameters: {'n_estimators': 144, 'max_depth': 9, 'min_samples_split': 7, 'min_samples_leaf': 2}. Best is trial 0 with value: 0.9.
[I 2026-04-09 20:33:52,513] Trial 28 finished with value: 0.5 and parameters: {'n_estimators': 179, 'max_depth': 10, 'min_samples_split': 3, 'min_samples_leaf': 10}. Best is trial 0 with value: 0.9.
[I 2026-04-09 20:33:52,904] Trial 29 finished with value: 0.85 and parameters: {'n_estimators': 318, 'max_depth': 5, 'min_samples_split': 5, 'min_samples_leaf': 3}. Best is trial 0 with value: 0.9.
[I 2026-04-09 20:33:54,231] A new study created in memory with name: mlp
[I 2026-04-09 20:33:54,285] Trial 0 finished with value: 0.65 and parameters: {'hidden_layer_sizes': (200,), 'max_iter': 100, 'alpha': 0.001}. Best is trial 0 with value: 0.65.
[I 2026-04-09 20:33:54,361] Trial 1 finished with value: 0.65 and parameters: {'hidden_layer_sizes': (100, 100), 'max_iter': 100, 'alpha': 0.0001}. Best is trial 0 with value: 0.65.
[I 2026-04-09 20:33:54,417] Trial 2 finished with value: 0.65 and parameters: {'hidden_layer_sizes': (100, 100), 'max_iter': 50, 'alpha': 0.0001}. Best is trial 0 with value: 0.65.
[I 2026-04-09 20:33:54,451] Trial 3 finished with value: 0.7 and parameters: {'hidden_layer_sizes': (200,), 'max_iter': 50, 'alpha': 0.0001}. Best is trial 3 with value: 0.7.
[I 2026-04-09 20:33:54,517] Trial 4 finished with value: 0.65 and parameters: {'hidden_layer_sizes': (200,), 'max_iter': 100, 'alpha': 0.001}. Best is trial 3 with value: 0.7.
[I 2026-04-09 20:33:54,563] Trial 5 finished with value: 0.7 and parameters: {'hidden_layer_sizes': (200,), 'max_iter': 100, 'alpha': 0.0001}. Best is trial 3 with value: 0.7.
[I 2026-04-09 20:33:54,628] Trial 6 finished with value: 0.6 and parameters: {'hidden_layer_sizes': (100, 100), 'max_iter': 100, 'alpha': 0.001}. Best is trial 3 with value: 0.7.
[I 2026-04-09 20:33:54,674] Trial 7 finished with value: 0.65 and parameters: {'hidden_layer_sizes': (200,), 'max_iter': 50, 'alpha': 0.001}. Best is trial 3 with value: 0.7.
[I 2026-04-09 20:33:54,722] Trial 8 finished with value: 0.65 and parameters: {'hidden_layer_sizes': (100,), 'max_iter': 100, 'alpha': 0.001}. Best is trial 3 with value: 0.7.
[I 2026-04-09 20:33:54,770] Trial 9 finished with value: 0.65 and parameters: {'hidden_layer_sizes': (200,), 'max_iter': 50, 'alpha': 0.001}. Best is trial 3 with value: 0.7.
[I 2026-04-09 20:33:54,807] Trial 10 finished with value: 0.65 and parameters: {'hidden_layer_sizes': (100,), 'max_iter': 50, 'alpha': 0.0001}. Best is trial 3 with value: 0.7.
[I 2026-04-09 20:33:54,845] Trial 11 finished with value: 0.65 and parameters: {'hidden_layer_sizes': (200,), 'max_iter': 50, 'alpha': 0.0001}. Best is trial 3 with value: 0.7.
[I 2026-04-09 20:33:54,881] Trial 12 finished with value: 0.7 and parameters: {'hidden_layer_sizes': (200,), 'max_iter': 50, 'alpha': 0.0001}. Best is trial 3 with value: 0.7.
[I 2026-04-09 20:33:54,949] Trial 13 finished with value: 0.7 and parameters: {'hidden_layer_sizes': (200,), 'max_iter': 100, 'alpha': 0.0001}. Best is trial 3 with value: 0.7.
[I 2026-04-09 20:33:54,995] Trial 14 finished with value: 0.65 and parameters: {'hidden_layer_sizes': (200,), 'max_iter': 100, 'alpha': 0.0001}. Best is trial 3 with value: 0.7.
