[I 2026-04-07 02:08:28,636] Trial 29 finished with value: 0.65 and parameters: {'hidden_layer_sizes': (100,), 'max_iter': 50, 'alpha': 0.001}. Best is trial 7 with value: 0.8.
[I 2026-04-07 02:21:48,114] A new study created in memory with name: naive_bayes
Parámetros guardados en checkpoint_paysim_Doriginal_I_sin_full/ag/IPC_10/best_models_ag_seed_9_space_original/naive_bayes_best_params.json


>>> Optuna tuning logreg metodo ag IPC 10 seed 9


Parámetros guardados en checkpoint_paysim_Doriginal_I_sin_full/ag/IPC_10/best_models_ag_seed_9_space_original/logreg_best_params.json


>>> Optuna tuning knn metodo ag IPC 10 seed 9


Parámetros guardados en checkpoint_paysim_Doriginal_I_sin_full/ag/IPC_10/best_models_ag_seed_9_space_original/knn_best_params.json


>>> Optuna tuning xgb metodo ag IPC 10 seed 9


Parámetros guardados en checkpoint_paysim_Doriginal_I_sin_full/ag/IPC_10/best_models_ag_seed_9_space_original/xgb_best_params.json


>>> Optuna tuning rf metodo ag IPC 10 seed 9


Parámetros guardados en checkpoint_paysim_Doriginal_I_sin_full/ag/IPC_10/best_models_ag_seed_9_space_original/rf_best_params.json


>>> Optuna tuning mlp metodo ag IPC 10 seed 9


Parámetros guardados en checkpoint_paysim_Doriginal_I_sin_full/ag/IPC_10/best_models_ag_seed_9_space_original/mlp_best_params.json


>>> Optuna tuning naive_bayes metodo k_center IPC 10 seed 9


Parámetros guardados en checkpoint_paysim_Doriginal_I_sin_full/k_center/IPC_10/best_models_k_center_seed_9_space_original/naive_bayes_best_params.json


>>> Optuna tuning logreg metodo k_center IPC 10 seed 9


Parámetros guardados en checkpoint_paysim_Doriginal_I_sin_full/k_center/IPC_10/best_models_k_center_seed_9_space_original/logreg_best_params.json


>>> Optuna tuning knn metodo k_center IPC 10 seed 9


Parámetros guardados en checkpoint_paysim_Doriginal_I_sin_full/k_center/IPC_10/best_models_k_center_seed_9_space_original/knn_best_params.json


>>> Optuna tuning xgb metodo k_center IPC 10 seed 9


Parámetros guardados en checkpoint_paysim_Doriginal_I_sin_full/k_center/IPC_10/best_models_k_center_seed_9_space_original/xgb_best_params.json


>>> Optuna tuning rf metodo k_center IPC 10 seed 9


Parámetros guardados en checkpoint_paysim_Doriginal_I_sin_full/k_center/IPC_10/best_models_k_center_seed_9_space_original/rf_best_params.json


>>> Optuna tuning mlp metodo k_center IPC 10 seed 9


Parámetros guardados en checkpoint_paysim_Doriginal_I_sin_full/k_center/IPC_10/best_models_k_center_seed_9_space_original/mlp_best_params.json


>>> Optuna tuning naive_bayes metodo lc IPC 10 seed 9


Parámetros guardados en checkpoint_paysim_Doriginal_I_sin_full/lc/IPC_10/best_models_lc_seed_9_space_original/naive_bayes_best_params.json


>>> Optuna tuning logreg metodo lc IPC 10 seed 9


Parámetros guardados en checkpoint_paysim_Doriginal_I_sin_full/lc/IPC_10/best_models_lc_seed_9_space_original/logreg_best_params.json


>>> Optuna tuning knn metodo lc IPC 10 seed 9


Parámetros guardados en checkpoint_paysim_Doriginal_I_sin_full/lc/IPC_10/best_models_lc_seed_9_space_original/knn_best_params.json


>>> Optuna tuning xgb metodo lc IPC 10 seed 9


Parámetros guardados en checkpoint_paysim_Doriginal_I_sin_full/lc/IPC_10/best_models_lc_seed_9_space_original/xgb_best_params.json


>>> Optuna tuning rf metodo lc IPC 10 seed 9


Parámetros guardados en checkpoint_paysim_Doriginal_I_sin_full/lc/IPC_10/best_models_lc_seed_9_space_original/rf_best_params.json


>>> Optuna tuning mlp metodo lc IPC 10 seed 9


Parámetros guardados en checkpoint_paysim_Doriginal_I_sin_full/lc/IPC_10/best_models_lc_seed_9_space_original/mlp_best_params.json


>>> Optuna tuning naive_bayes metodo random IPC 20 seed 5


Parámetros guardados en checkpoint_paysim_Doriginal_I_sin_full/random/IPC_20/best_models_random_seed_5_space_original/naive_bayes_best_params.json


>>> Optuna tuning logreg metodo random IPC 20 seed 5


Parámetros guardados en checkpoint_paysim_Doriginal_I_sin_full/random/IPC_20/best_models_random_seed_5_space_original/logreg_best_params.json


>>> Optuna tuning knn metodo random IPC 20 seed 5


Parámetros guardados en checkpoint_paysim_Doriginal_I_sin_full/random/IPC_20/best_models_random_seed_5_space_original/knn_best_params.json


>>> Optuna tuning xgb metodo random IPC 20 seed 5


Parámetros guardados en checkpoint_paysim_Doriginal_I_sin_full/random/IPC_20/best_models_random_seed_5_space_original/xgb_best_params.json


>>> Optuna tuning rf metodo random IPC 20 seed 5


Parámetros guardados en checkpoint_paysim_Doriginal_I_sin_full/random/IPC_20/best_models_random_seed_5_space_original/rf_best_params.json


>>> Optuna tuning mlp metodo random IPC 20 seed 5


Parámetros guardados en checkpoint_paysim_Doriginal_I_sin_full/random/IPC_20/best_models_random_seed_5_space_original/mlp_best_params.json


>>> Optuna tuning naive_bayes metodo k-means IPC 20 seed 5


Parámetros guardados en checkpoint_paysim_Doriginal_I_sin_full/k-means/IPC_20/best_models_k-means_seed_5_space_original/naive_bayes_best_params.json


>>> Optuna tuning logreg metodo k-means IPC 20 seed 5


Parámetros guardados en checkpoint_paysim_Doriginal_I_sin_full/k-means/IPC_20/best_models_k-means_seed_5_space_original/logreg_best_params.json


>>> Optuna tuning knn metodo k-means IPC 20 seed 5


Parámetros guardados en checkpoint_paysim_Doriginal_I_sin_full/k-means/IPC_20/best_models_k-means_seed_5_space_original/knn_best_params.json


>>> Optuna tuning xgb metodo k-means IPC 20 seed 5


Parámetros guardados en checkpoint_paysim_Doriginal_I_sin_full/k-means/IPC_20/best_models_k-means_seed_5_space_original/xgb_best_params.json


>>> Optuna tuning rf metodo k-means IPC 20 seed 5


Parámetros guardados en checkpoint_paysim_Doriginal_I_sin_full/k-means/IPC_20/best_models_k-means_seed_5_space_original/rf_best_params.json


>>> Optuna tuning mlp metodo k-means IPC 20 seed 5


Parámetros guardados en checkpoint_paysim_Doriginal_I_sin_full/k-means/IPC_20/best_models_k-means_seed_5_space_original/mlp_best_params.json


>>> Optuna tuning naive_bayes metodo ag IPC 20 seed 5


[I 2026-04-07 02:21:50,615] Trial 0 finished with value: 0.8 and parameters: {'var_smoothing': 2.7796258518939306e-10}. Best is trial 0 with value: 0.8.
[I 2026-04-07 02:21:52,911] Trial 1 finished with value: 0.8 and parameters: {'var_smoothing': 5.513972710118387e-09}. Best is trial 0 with value: 0.8.
[I 2026-04-07 02:21:55,185] Trial 2 finished with value: 0.8 and parameters: {'var_smoothing': 2.590826381512706e-10}. Best is trial 0 with value: 0.8.
[I 2026-04-07 02:21:57,485] Trial 3 finished with value: 0.8 and parameters: {'var_smoothing': 6.874194498027403e-09}. Best is trial 0 with value: 0.8.
[I 2026-04-07 02:21:59,764] Trial 4 finished with value: 0.8 and parameters: {'var_smoothing': 9.480306482679771e-10}. Best is trial 0 with value: 0.8.
[I 2026-04-07 02:22:02,062] Trial 5 finished with value: 0.8 and parameters: {'var_smoothing': 1.6729683536668864e-09}. Best is trial 0 with value: 0.8.
[I 2026-04-07 02:22:04,420] Trial 6 finished with value: 0.8 and parameters: {'var_smoothing': 3.402637726935598e-09}. Best is trial 0 with value: 0.8.
[I 2026-04-07 02:22:06,687] Trial 7 finished with value: 0.8 and parameters: {'var_smoothing': 1.0885189040847657e-09}. Best is trial 0 with value: 0.8.
[I 2026-04-07 02:22:08,933] Trial 8 finished with value: 0.8 and parameters: {'var_smoothing': 3.922843686541149e-10}. Best is trial 0 with value: 0.8.
[I 2026-04-07 02:22:11,199] Trial 9 finished with value: 0.8 and parameters: {'var_smoothing': 2.3737908819373785e-10}. Best is trial 0 with value: 0.8.
[I 2026-04-07 02:22:13,449] Trial 10 finished with value: 0.8 and parameters: {'var_smoothing': 1.005826617097841e-10}. Best is trial 0 with value: 0.8.
[I 2026-04-07 02:22:15,731] Trial 11 finished with value: 0.8 and parameters: {'var_smoothing': 8.246040091550826e-09}. Best is trial 0 with value: 0.8.
[I 2026-04-07 02:22:18,032] Trial 12 finished with value: 0.8 and parameters: {'var_smoothing': 5.714429769091136e-10}. Best is trial 0 with value: 0.8.
[I 2026-04-07 02:22:18,053] Trial 13 finished with value: 0.8 and parameters: {'var_smoothing': 3.0046394488828834e-09}. Best is trial 0 with value: 0.8.
[I 2026-04-07 02:22:18,071] Trial 14 finished with value: 0.8 and parameters: {'var_smoothing': 1.0161521526134228e-10}. Best is trial 0 with value: 0.8.
[I 2026-04-07 02:22:18,087] Trial 15 finished with value: 0.8 and parameters: {'var_smoothing': 3.455011319435438e-09}. Best is trial 0 with value: 0.8.
[I 2026-04-07 02:22:18,104] Trial 16 finished with value: 0.8 and parameters: {'var_smoothing': 2.2038800241203009e-10}. Best is trial 0 with value: 0.8.
[I 2026-04-07 02:22:18,121] Trial 17 finished with value: 0.8 and parameters: {'var_smoothing': 1.8515987176145925e-09}. Best is trial 0 with value: 0.8.
[I 2026-04-07 02:22:18,140] Trial 18 finished with value: 0.8 and parameters: {'var_smoothing': 5.024285700153026e-10}. Best is trial 0 with value: 0.8.
[I 2026-04-07 02:22:18,160] Trial 19 finished with value: 0.8 and parameters: {'var_smoothing': 4.958025424412893e-09}. Best is trial 0 with value: 0.8.
[I 2026-04-07 02:22:18,180] Trial 20 finished with value: 0.8 and parameters: {'var_smoothing': 8.344000526157384e-10}. Best is trial 0 with value: 0.8.
[I 2026-04-07 02:22:18,200] Trial 21 finished with value: 0.8 and parameters: {'var_smoothing': 2.46080689865309e-10}. Best is trial 0 with value: 0.8.
[I 2026-04-07 02:22:18,229] Trial 22 finished with value: 0.8 and parameters: {'var_smoothing': 1.4445108350594728e-10}. Best is trial 0 with value: 0.8.
[I 2026-04-07 02:22:18,249] Trial 23 finished with value: 0.8 and parameters: {'var_smoothing': 3.3715577896606737e-10}. Best is trial 0 with value: 0.8.
[I 2026-04-07 02:22:18,277] Trial 24 finished with value: 0.8 and parameters: {'var_smoothing': 1.572466431855027e-10}. Best is trial 0 with value: 0.8.
[I 2026-04-07 02:22:18,297] Trial 25 finished with value: 0.8 and parameters: {'var_smoothing': 7.281746293576245e-10}. Best is trial 0 with value: 0.8.
[I 2026-04-07 02:22:18,317] Trial 26 finished with value: 0.8 and parameters: {'var_smoothing': 3.386254640873244e-10}. Best is trial 0 with value: 0.8.
[I 2026-04-07 02:22:18,334] Trial 27 finished with value: 0.8 and parameters: {'var_smoothing': 1.3918180959975328e-09}. Best is trial 0 with value: 0.8.
[I 2026-04-07 02:22:18,353] Trial 28 finished with value: 0.8 and parameters: {'var_smoothing': 2.3715836084533434e-09}. Best is trial 0 with value: 0.8.
[I 2026-04-07 02:22:18,370] Trial 29 finished with value: 0.8 and parameters: {'var_smoothing': 9.477075781575649e-09}. Best is trial 0 with value: 0.8.
[I 2026-04-07 02:22:19,422] A new study created in memory with name: logreg
[I 2026-04-07 02:22:19,476] Trial 0 finished with value: 0.675 and parameters: {'C': 0.012881482725481003, 'penalty': 'l2'}. Best is trial 0 with value: 0.675.
[I 2026-04-07 02:22:19,543] Trial 1 finished with value: 0.825 and parameters: {'C': 22.576755560681583, 'penalty': 'l2'}. Best is trial 1 with value: 0.825.
[I 2026-04-07 02:22:19,599] Trial 2 finished with value: 0.65 and parameters: {'C': 0.010804278656839932, 'penalty': 'l2'}. Best is trial 1 with value: 0.825.
[I 2026-04-07 02:22:19,675] Trial 3 finished with value: 0.85 and parameters: {'C': 39.17910760336117, 'penalty': 'l2'}. Best is trial 3 with value: 0.85.
[I 2026-04-07 02:22:19,741] Trial 4 finished with value: 0.75 and parameters: {'C': 0.2767298094062571, 'penalty': 'l2'}. Best is trial 3 with value: 0.85.
[I 2026-04-07 02:22:19,796] Trial 5 finished with value: 0.775 and parameters: {'C': 1.1447728330837224, 'penalty': 'l2'}. Best is trial 3 with value: 0.85.
[I 2026-04-07 02:22:19,852] Trial 6 finished with value: 0.825 and parameters: {'C': 6.753661388238877, 'penalty': 'l2'}. Best is trial 3 with value: 0.85.
[I 2026-04-07 02:22:19,918] Trial 7 finished with value: 0.8 and parameters: {'C': 0.39092184460352974, 'penalty': 'l2'}. Best is trial 3 with value: 0.85.
[I 2026-04-07 02:22:19,984] Trial 8 finished with value: 0.65 and parameters: {'C': 0.03047912590082646, 'penalty': 'l2'}. Best is trial 3 with value: 0.85.
[I 2026-04-07 02:22:20,030] Trial 9 finished with value: 0.65 and parameters: {'C': 0.008681727362499118, 'penalty': 'l2'}. Best is trial 3 with value: 0.85.
[I 2026-04-07 02:22:20,100] Trial 10 finished with value: 0.825 and parameters: {'C': 90.53423376703687, 'penalty': 'l2'}. Best is trial 3 with value: 0.85.
[I 2026-04-07 02:22:20,161] Trial 11 finished with value: 0.825 and parameters: {'C': 65.31936101889447, 'penalty': 'l2'}. Best is trial 3 with value: 0.85.
[I 2026-04-07 02:22:20,202] Trial 12 finished with value: 0.825 and parameters: {'C': 10.276946066829701, 'penalty': 'l2'}. Best is trial 3 with value: 0.85.
[I 2026-04-07 02:22:20,242] Trial 13 finished with value: 0.825 and parameters: {'C': 11.979406337571666, 'penalty': 'l2'}. Best is trial 3 with value: 0.85.
[I 2026-04-07 02:22:20,283] Trial 14 finished with value: 0.825 and parameters: {'C': 3.103885131392604, 'penalty': 'l2'}. Best is trial 3 with value: 0.85.
[I 2026-04-07 02:22:20,323] Trial 15 finished with value: 0.85 and parameters: {'C': 27.368605040072197, 'penalty': 'l2'}. Best is trial 3 with value: 0.85.
[I 2026-04-07 02:22:20,353] Trial 16 finished with value: 0.7 and parameters: {'C': 0.07618760741256281, 'penalty': 'l2'}. Best is trial 3 with value: 0.85.
[I 2026-04-07 02:22:20,372] Trial 17 finished with value: 0.65 and parameters: {'C': 0.0021318879744765045, 'penalty': 'l2'}. Best is trial 3 with value: 0.85.
[I 2026-04-07 02:22:20,412] Trial 18 finished with value: 0.85 and parameters: {'C': 35.13679165462017, 'penalty': 'l2'}. Best is trial 3 with value: 0.85.
[I 2026-04-07 02:22:20,443] Trial 19 finished with value: 0.825 and parameters: {'C': 2.0746474586643378, 'penalty': 'l2'}. Best is trial 3 with value: 0.85.
[I 2026-04-07 02:22:20,474] Trial 20 finished with value: 0.775 and parameters: {'C': 0.5590453164443604, 'penalty': 'l2'}. Best is trial 3 with value: 0.85.
[I 2026-04-07 02:22:20,515] Trial 21 finished with value: 0.85 and parameters: {'C': 31.142976000686367, 'penalty': 'l2'}. Best is trial 3 with value: 0.85.
[I 2026-04-07 02:22:20,546] Trial 22 finished with value: 0.85 and parameters: {'C': 39.87421504949424, 'penalty': 'l2'}. Best is trial 3 with value: 0.85.
[I 2026-04-07 02:22:20,578] Trial 23 finished with value: 0.825 and parameters: {'C': 4.666378619443708, 'penalty': 'l2'}. Best is trial 3 with value: 0.85.
[I 2026-04-07 02:22:20,609] Trial 24 finished with value: 0.825 and parameters: {'C': 17.745461742691646, 'penalty': 'l2'}. Best is trial 3 with value: 0.85.
[I 2026-04-07 02:22:20,642] Trial 25 finished with value: 0.775 and parameters: {'C': 1.441584860715412, 'penalty': 'l2'}. Best is trial 3 with value: 0.85.
[I 2026-04-07 02:22:20,693] Trial 26 finished with value: 0.825 and parameters: {'C': 77.46819567724835, 'penalty': 'l2'}. Best is trial 3 with value: 0.85.
[I 2026-04-07 02:22:20,732] Trial 27 finished with value: 0.85 and parameters: {'C': 29.989285251859062, 'penalty': 'l2'}. Best is trial 3 with value: 0.85.
[I 2026-04-07 02:22:20,772] Trial 28 finished with value: 0.825 and parameters: {'C': 8.401789230775623, 'penalty': 'l2'}. Best is trial 3 with value: 0.85.
[I 2026-04-07 02:22:20,811] Trial 29 finished with value: 0.825 and parameters: {'C': 4.174255583118119, 'penalty': 'l2'}. Best is trial 3 with value: 0.85.
[I 2026-04-07 02:22:21,746] A new study created in memory with name: knn
[I 2026-04-07 02:22:21,791] Trial 0 finished with value: 0.6 and parameters: {'n_neighbors': 4, 'leaf_size': 38, 'p': 2}. Best is trial 0 with value: 0.6.
[I 2026-04-07 02:22:21,834] Trial 1 finished with value: 0.625 and parameters: {'n_neighbors': 6, 'leaf_size': 32, 'p': 1}. Best is trial 1 with value: 0.625.
[I 2026-04-07 02:22:21,877] Trial 2 finished with value: 0.525 and parameters: {'n_neighbors': 5, 'leaf_size': 23, 'p': 2}. Best is trial 1 with value: 0.625.
[I 2026-04-07 02:22:21,921] Trial 3 finished with value: 0.625 and parameters: {'n_neighbors': 6, 'leaf_size': 23, 'p': 1}. Best is trial 1 with value: 0.625.
[I 2026-04-07 02:22:21,976] Trial 4 finished with value: 0.625 and parameters: {'n_neighbors': 6, 'leaf_size': 26, 'p': 1}. Best is trial 1 with value: 0.625.
[I 2026-04-07 02:22:22,012] Trial 5 finished with value: 0.65 and parameters: {'n_neighbors': 7, 'leaf_size': 25, 'p': 1}. Best is trial 5 with value: 0.65.
[I 2026-04-07 02:22:22,049] Trial 6 finished with value: 0.525 and parameters: {'n_neighbors': 5, 'leaf_size': 23, 'p': 2}. Best is trial 5 with value: 0.65.
[I 2026-04-07 02:22:22,106] Trial 7 finished with value: 0.6 and parameters: {'n_neighbors': 10, 'leaf_size': 23, 'p': 2}. Best is trial 5 with value: 0.65.
[I 2026-04-07 02:22:22,153] Trial 8 finished with value: 0.55 and parameters: {'n_neighbors': 8, 'leaf_size': 36, 'p': 2}. Best is trial 5 with value: 0.65.
[I 2026-04-07 02:22:22,201] Trial 9 finished with value: 0.575 and parameters: {'n_neighbors': 3, 'leaf_size': 30, 'p': 2}. Best is trial 5 with value: 0.65.
[I 2026-04-07 02:22:22,257] Trial 10 finished with value: 0.6 and parameters: {'n_neighbors': 8, 'leaf_size': 29, 'p': 1}. Best is trial 5 with value: 0.65.
[I 2026-04-07 02:22:22,301] Trial 11 finished with value: 0.6 and parameters: {'n_neighbors': 8, 'leaf_size': 32, 'p': 1}. Best is trial 5 with value: 0.65.
[I 2026-04-07 02:22:22,327] Trial 12 finished with value: 0.65 and parameters: {'n_neighbors': 7, 'leaf_size': 33, 'p': 1}. Best is trial 5 with value: 0.65.
[I 2026-04-07 02:22:22,347] Trial 13 finished with value: 0.525 and parameters: {'n_neighbors': 9, 'leaf_size': 27, 'p': 1}. Best is trial 5 with value: 0.65.
[I 2026-04-07 02:22:22,369] Trial 14 finished with value: 0.65 and parameters: {'n_neighbors': 7, 'leaf_size': 35, 'p': 1}. Best is trial 5 with value: 0.65.
[I 2026-04-07 02:22:22,392] Trial 15 finished with value: 0.65 and parameters: {'n_neighbors': 7, 'leaf_size': 27, 'p': 1}. Best is trial 5 with value: 0.65.
[I 2026-04-07 02:22:22,417] Trial 16 finished with value: 0.525 and parameters: {'n_neighbors': 10, 'leaf_size': 40, 'p': 1}. Best is trial 5 with value: 0.65.
[I 2026-04-07 02:22:22,440] Trial 17 finished with value: 0.525 and parameters: {'n_neighbors': 9, 'leaf_size': 20, 'p': 1}. Best is trial 5 with value: 0.65.
[I 2026-04-07 02:22:22,464] Trial 18 finished with value: 0.65 and parameters: {'n_neighbors': 7, 'leaf_size': 33, 'p': 1}. Best is trial 5 with value: 0.65.
[I 2026-04-07 02:22:22,491] Trial 19 finished with value: 0.7 and parameters: {'n_neighbors': 5, 'leaf_size': 34, 'p': 1}. Best is trial 19 with value: 0.7.
[I 2026-04-07 02:22:22,522] Trial 20 finished with value: 0.675 and parameters: {'n_neighbors': 4, 'leaf_size': 25, 'p': 1}. Best is trial 19 with value: 0.7.
[I 2026-04-07 02:22:22,550] Trial 21 finished with value: 0.675 and parameters: {'n_neighbors': 4, 'leaf_size': 25, 'p': 1}. Best is trial 19 with value: 0.7.
[I 2026-04-07 02:22:22,585] Trial 22 finished with value: 0.55 and parameters: {'n_neighbors': 3, 'leaf_size': 20, 'p': 1}. Best is trial 19 with value: 0.7.
[I 2026-04-07 02:22:22,610] Trial 23 finished with value: 0.675 and parameters: {'n_neighbors': 4, 'leaf_size': 28, 'p': 1}. Best is trial 19 with value: 0.7.
[I 2026-04-07 02:22:22,637] Trial 24 finished with value: 0.675 and parameters: {'n_neighbors': 4, 'leaf_size': 30, 'p': 1}. Best is trial 19 with value: 0.7.
[I 2026-04-07 02:22:22,660] Trial 25 finished with value: 0.7 and parameters: {'n_neighbors': 5, 'leaf_size': 25, 'p': 1}. Best is trial 19 with value: 0.7.
[I 2026-04-07 02:22:22,685] Trial 26 finished with value: 0.7 and parameters: {'n_neighbors': 5, 'leaf_size': 35, 'p': 1}. Best is trial 19 with value: 0.7.
[I 2026-04-07 02:22:22,712] Trial 27 finished with value: 0.7 and parameters: {'n_neighbors': 5, 'leaf_size': 36, 'p': 1}. Best is trial 19 with value: 0.7.
[I 2026-04-07 02:22:22,740] Trial 28 finished with value: 0.7 and parameters: {'n_neighbors': 5, 'leaf_size': 35, 'p': 1}. Best is trial 19 with value: 0.7.
[I 2026-04-07 02:22:22,764] Trial 29 finished with value: 0.525 and parameters: {'n_neighbors': 5, 'leaf_size': 39, 'p': 2}. Best is trial 19 with value: 0.7.
[I 2026-04-07 02:22:24,202] A new study created in memory with name: xgb
[I 2026-04-07 02:22:24,247] Trial 0 finished with value: 0.875 and parameters: {'n_estimators': 40, 'max_depth': 5, 'gamma': 0.789317070832284, 'subsample': 0.7592089939364717, 'colsample_bytree': 0.648400250788111}. Best is trial 0 with value: 0.875.
[I 2026-04-07 02:22:24,296] Trial 1 finished with value: 0.9 and parameters: {'n_estimators': 100, 'max_depth': 30, 'gamma': 0.34667781579300216, 'subsample': 0.7071175095405257, 'colsample_bytree': 0.6480399663668239}. Best is trial 1 with value: 0.9.
[I 2026-04-07 02:22:24,345] Trial 2 finished with value: 0.8 and parameters: {'n_estimators': 10, 'max_depth': 20, 'gamma': 0.3948075529198607, 'subsample': 0.5720821503267102, 'colsample_bytree': 0.5828064306006338}. Best is trial 1 with value: 0.9.
[I 2026-04-07 02:22:24,402] Trial 3 finished with value: 0.775 and parameters: {'n_estimators': 10, 'max_depth': 30, 'gamma': 0.8015631269999768, 'subsample': 0.5114665462195407, 'colsample_bytree': 0.788831429064878}. Best is trial 1 with value: 0.9.
[I 2026-04-07 02:22:24,472] Trial 4 finished with value: 0.875 and parameters: {'n_estimators': 100, 'max_depth': 5, 'gamma': 0.8834347783013348, 'subsample': 0.961374806972835, 'colsample_bytree': 0.5011071062662218}. Best is trial 1 with value: 0.9.
[I 2026-04-07 02:22:24,521] Trial 5 finished with value: 0.9 and parameters: {'n_estimators': 40, 'max_depth': 5, 'gamma': 0.5364379674896123, 'subsample': 0.5145557818363589, 'colsample_bytree': 0.5432628442011025}. Best is trial 1 with value: 0.9.
