[I 2026-04-09 21:43:54,138] Trial 28 finished with value: 0.875 and parameters: {'var_smoothing': 8.062949328123723e-10}. Best is trial 0 with value: 0.875.
[I 2026-04-09 21:43:54,158] Trial 29 finished with value: 0.875 and parameters: {'var_smoothing': 1.8379694059711336e-09}. Best is trial 0 with value: 0.875.
[I 2026-04-09 21:43:55,329] A new study created in memory with name: logreg
[I 2026-04-09 21:43:55,357] Trial 0 finished with value: 0.9 and parameters: {'C': 0.002407362254570802, 'penalty': 'l2'}. Best is trial 0 with value: 0.9.
[I 2026-04-09 21:43:55,392] Trial 1 finished with value: 0.875 and parameters: {'C': 7.935859334260497, 'penalty': 'l2'}. Best is trial 0 with value: 0.9.
[I 2026-04-09 21:43:55,416] Trial 2 finished with value: 0.9 and parameters: {'C': 0.15561310098067915, 'penalty': 'l2'}. Best is trial 0 with value: 0.9.
[I 2026-04-09 21:43:55,451] Trial 3 finished with value: 0.9 and parameters: {'C': 4.143104515916128, 'penalty': 'l2'}. Best is trial 0 with value: 0.9.
[I 2026-04-09 21:43:55,486] Trial 4 finished with value: 0.875 and parameters: {'C': 77.61533923098803, 'penalty': 'l2'}. Best is trial 0 with value: 0.9.
[I 2026-04-09 21:43:55,513] Trial 5 finished with value: 0.9 and parameters: {'C': 0.49258292359934785, 'penalty': 'l2'}. Best is trial 0 with value: 0.9.
[I 2026-04-09 21:43:55,537] Trial 6 finished with value: 0.9 and parameters: {'C': 0.320333470047146, 'penalty': 'l2'}. Best is trial 0 with value: 0.9.
[I 2026-04-09 21:43:55,552] Trial 7 finished with value: 0.9 and parameters: {'C': 0.002292216671132896, 'penalty': 'l2'}. Best is trial 0 with value: 0.9.
[I 2026-04-09 21:43:55,576] Trial 8 finished with value: 0.9 and parameters: {'C': 0.0219884643872214, 'penalty': 'l2'}. Best is trial 0 with value: 0.9.
[I 2026-04-09 21:43:55,601] Trial 9 finished with value: 0.9 and parameters: {'C': 0.31580027519646636, 'penalty': 'l2'}. Best is trial 0 with value: 0.9.
[I 2026-04-09 21:43:55,631] Trial 10 finished with value: 0.9 and parameters: {'C': 0.005028545732690317, 'penalty': 'l2'}. Best is trial 0 with value: 0.9.
[I 2026-04-09 21:43:55,661] Trial 11 finished with value: 0.9 and parameters: {'C': 0.026261189016144066, 'penalty': 'l2'}. Best is trial 0 with value: 0.9.
[I 2026-04-09 21:43:55,690] Trial 12 finished with value: 0.9 and parameters: {'C': 0.032720925899226566, 'penalty': 'l2'}. Best is trial 0 with value: 0.9.
[I 2026-04-09 21:43:55,706] Trial 13 finished with value: 0.9 and parameters: {'C': 0.0012058459158709746, 'penalty': 'l2'}. Best is trial 0 with value: 0.9.
[I 2026-04-09 21:43:55,735] Trial 14 finished with value: 0.9 and parameters: {'C': 0.060263154209045634, 'penalty': 'l2'}. Best is trial 0 with value: 0.9.
[I 2026-04-09 21:43:55,755] Trial 15 finished with value: 0.9 and parameters: {'C': 0.0066245692110027754, 'penalty': 'l2'}. Best is trial 0 with value: 0.9.
[I 2026-04-09 21:43:55,781] Trial 16 finished with value: 0.9 and parameters: {'C': 3.111877236012151, 'penalty': 'l2'}. Best is trial 0 with value: 0.9.
[I 2026-04-09 21:43:55,808] Trial 17 finished with value: 0.9 and parameters: {'C': 0.10391491819178174, 'penalty': 'l2'}. Best is trial 0 with value: 0.9.
[I 2026-04-09 21:43:55,835] Trial 18 finished with value: 0.9 and parameters: {'C': 0.007066712767922748, 'penalty': 'l2'}. Best is trial 0 with value: 0.9.
[I 2026-04-09 21:43:55,873] Trial 19 finished with value: 0.9 and parameters: {'C': 1.0958635289496592, 'penalty': 'l2'}. Best is trial 0 with value: 0.9.
[I 2026-04-09 21:43:55,921] Trial 20 finished with value: 0.875 and parameters: {'C': 35.235409478110505, 'penalty': 'l2'}. Best is trial 0 with value: 0.9.
[I 2026-04-09 21:43:55,959] Trial 21 finished with value: 0.875 and parameters: {'C': 7.337540529395967, 'penalty': 'l2'}. Best is trial 0 with value: 0.9.
[I 2026-04-09 21:43:55,986] Trial 22 finished with value: 0.9 and parameters: {'C': 2.3907950273083336, 'penalty': 'l2'}. Best is trial 0 with value: 0.9.
[I 2026-04-09 21:43:56,032] Trial 23 finished with value: 0.875 and parameters: {'C': 17.721686128721803, 'penalty': 'l2'}. Best is trial 0 with value: 0.9.
[I 2026-04-09 21:43:56,065] Trial 24 finished with value: 0.9 and parameters: {'C': 0.9799791857330158, 'penalty': 'l2'}. Best is trial 0 with value: 0.9.
[I 2026-04-09 21:43:56,107] Trial 25 finished with value: 0.9 and parameters: {'C': 3.6092407807809064, 'penalty': 'l2'}. Best is trial 0 with value: 0.9.
[I 2026-04-09 21:43:56,134] Trial 26 finished with value: 0.9 and parameters: {'C': 0.18785300042181724, 'penalty': 'l2'}. Best is trial 0 with value: 0.9.
[I 2026-04-09 21:43:56,170] Trial 27 finished with value: 0.9 and parameters: {'C': 0.014691549333726862, 'penalty': 'l2'}. Best is trial 0 with value: 0.9.
[I 2026-04-09 21:43:56,200] Trial 28 finished with value: 0.9 and parameters: {'C': 0.08709873190604325, 'penalty': 'l2'}. Best is trial 0 with value: 0.9.
[I 2026-04-09 21:43:56,238] Trial 29 finished with value: 0.875 and parameters: {'C': 12.184796361157394, 'penalty': 'l2'}. Best is trial 0 with value: 0.9.
[I 2026-04-09 21:43:57,464] A new study created in memory with name: knn
[I 2026-04-09 21:43:57,494] Trial 0 finished with value: 0.9 and parameters: {'n_neighbors': 3, 'leaf_size': 36, 'p': 2}. Best is trial 0 with value: 0.9.
[I 2026-04-09 21:43:57,518] Trial 1 finished with value: 0.875 and parameters: {'n_neighbors': 10, 'leaf_size': 31, 'p': 1}. Best is trial 0 with value: 0.9.
[I 2026-04-09 21:43:57,532] Trial 2 finished with value: 0.9 and parameters: {'n_neighbors': 5, 'leaf_size': 30, 'p': 2}. Best is trial 0 with value: 0.9.
[I 2026-04-09 21:43:57,544] Trial 3 finished with value: 0.9 and parameters: {'n_neighbors': 6, 'leaf_size': 21, 'p': 2}. Best is trial 0 with value: 0.9.
[I 2026-04-09 21:43:57,567] Trial 4 finished with value: 0.9 and parameters: {'n_neighbors': 4, 'leaf_size': 29, 'p': 1}. Best is trial 0 with value: 0.9.
[I 2026-04-09 21:43:57,590] Trial 5 finished with value: 0.875 and parameters: {'n_neighbors': 7, 'leaf_size': 39, 'p': 2}. Best is trial 0 with value: 0.9.
[I 2026-04-09 21:43:57,614] Trial 6 finished with value: 0.85 and parameters: {'n_neighbors': 10, 'leaf_size': 22, 'p': 2}. Best is trial 0 with value: 0.9.
[I 2026-04-09 21:43:57,629] Trial 7 finished with value: 0.875 and parameters: {'n_neighbors': 8, 'leaf_size': 29, 'p': 2}. Best is trial 0 with value: 0.9.
[I 2026-04-09 21:43:57,642] Trial 8 finished with value: 0.9 and parameters: {'n_neighbors': 5, 'leaf_size': 30, 'p': 2}. Best is trial 0 with value: 0.9.
[I 2026-04-09 21:43:57,654] Trial 9 finished with value: 0.875 and parameters: {'n_neighbors': 9, 'leaf_size': 26, 'p': 1}. Best is trial 0 with value: 0.9.
[I 2026-04-09 21:43:57,677] Trial 10 finished with value: 0.9 and parameters: {'n_neighbors': 4, 'leaf_size': 38, 'p': 1}. Best is trial 0 with value: 0.9.
[I 2026-04-09 21:43:57,699] Trial 11 finished with value: 0.9 and parameters: {'n_neighbors': 3, 'leaf_size': 34, 'p': 2}. Best is trial 0 with value: 0.9.
[I 2026-04-09 21:43:57,730] Trial 12 finished with value: 0.9 and parameters: {'n_neighbors': 3, 'leaf_size': 35, 'p': 2}. Best is trial 0 with value: 0.9.
[I 2026-04-09 21:43:57,761] Trial 13 finished with value: 0.9 and parameters: {'n_neighbors': 5, 'leaf_size': 36, 'p': 2}. Best is trial 0 with value: 0.9.
[I 2026-04-09 21:43:57,785] Trial 14 finished with value: 0.9 and parameters: {'n_neighbors': 5, 'leaf_size': 26, 'p': 2}. Best is trial 0 with value: 0.9.
[I 2026-04-09 21:43:57,807] Trial 15 finished with value: 0.9 and parameters: {'n_neighbors': 3, 'leaf_size': 33, 'p': 2}. Best is trial 0 with value: 0.9.
[I 2026-04-09 21:43:57,831] Trial 16 finished with value: 0.9 and parameters: {'n_neighbors': 6, 'leaf_size': 40, 'p': 2}. Best is trial 0 with value: 0.9.
[I 2026-04-09 21:43:57,855] Trial 17 finished with value: 0.9 and parameters: {'n_neighbors': 4, 'leaf_size': 27, 'p': 2}. Best is trial 0 with value: 0.9.
[I 2026-04-09 21:43:57,891] Trial 18 finished with value: 0.9 and parameters: {'n_neighbors': 7, 'leaf_size': 32, 'p': 1}. Best is trial 0 with value: 0.9.
[I 2026-04-09 21:43:57,912] Trial 19 finished with value: 0.9 and parameters: {'n_neighbors': 4, 'leaf_size': 37, 'p': 2}. Best is trial 0 with value: 0.9.
[I 2026-04-09 21:43:57,932] Trial 20 finished with value: 0.9 and parameters: {'n_neighbors': 5, 'leaf_size': 24, 'p': 2}. Best is trial 0 with value: 0.9.
[I 2026-04-09 21:43:57,958] Trial 21 finished with value: 0.9 and parameters: {'n_neighbors': 6, 'leaf_size': 20, 'p': 2}. Best is trial 0 with value: 0.9.
[I 2026-04-09 21:43:57,983] Trial 22 finished with value: 0.9 and parameters: {'n_neighbors': 6, 'leaf_size': 22, 'p': 2}. Best is trial 0 with value: 0.9.
[I 2026-04-09 21:43:58,010] Trial 23 finished with value: 0.875 and parameters: {'n_neighbors': 8, 'leaf_size': 20, 'p': 2}. Best is trial 0 with value: 0.9.
[I 2026-04-09 21:43:58,039] Trial 24 finished with value: 0.875 and parameters: {'n_neighbors': 7, 'leaf_size': 24, 'p': 2}. Best is trial 0 with value: 0.9.
[I 2026-04-09 21:43:58,070] Trial 25 finished with value: 0.9 and parameters: {'n_neighbors': 6, 'leaf_size': 28, 'p': 2}. Best is trial 0 with value: 0.9.
[I 2026-04-09 21:43:58,104] Trial 26 finished with value: 0.9 and parameters: {'n_neighbors': 5, 'leaf_size': 34, 'p': 1}. Best is trial 0 with value: 0.9.
[I 2026-04-09 21:43:58,145] Trial 27 finished with value: 0.9 and parameters: {'n_neighbors': 3, 'leaf_size': 24, 'p': 2}. Best is trial 0 with value: 0.9.
[I 2026-04-09 21:43:58,180] Trial 28 finished with value: 0.875 and parameters: {'n_neighbors': 8, 'leaf_size': 32, 'p': 2}. Best is trial 0 with value: 0.9.
[I 2026-04-09 21:43:58,201] Trial 29 finished with value: 0.9 and parameters: {'n_neighbors': 4, 'leaf_size': 30, 'p': 1}. Best is trial 0 with value: 0.9.
[I 2026-04-09 21:43:59,564] A new study created in memory with name: xgb
[I 2026-04-09 21:43:59,603] Trial 0 finished with value: 0.9 and parameters: {'n_estimators': 40, 'max_depth': 20, 'gamma': 0.5510084172939441, 'subsample': 0.5360255666798808, 'colsample_bytree': 0.6342194900509356}. Best is trial 0 with value: 0.9.
[I 2026-04-09 21:43:59,631] Trial 1 finished with value: 0.875 and parameters: {'n_estimators': 100, 'max_depth': 5, 'gamma': 0.9186341749476523, 'subsample': 0.6066926767899578, 'colsample_bytree': 0.7260619809088416}. Best is trial 0 with value: 0.9.
[I 2026-04-09 21:43:59,659] Trial 2 finished with value: 0.9 and parameters: {'n_estimators': 10, 'max_depth': 5, 'gamma': 0.9182155373980582, 'subsample': 0.566584722879625, 'colsample_bytree': 0.761706290336883}. Best is trial 0 with value: 0.9.
[I 2026-04-09 21:43:59,686] Trial 3 finished with value: 0.85 and parameters: {'n_estimators': 10, 'max_depth': 20, 'gamma': 0.5296610393664296, 'subsample': 0.6829451928902965, 'colsample_bytree': 0.9189589971546304}. Best is trial 0 with value: 0.9.
[I 2026-04-09 21:43:59,712] Trial 4 finished with value: 0.875 and parameters: {'n_estimators': 10, 'max_depth': 20, 'gamma': 0.6916595165017824, 'subsample': 0.6851755414940176, 'colsample_bytree': 0.7295464889457157}. Best is trial 0 with value: 0.9.
[I 2026-04-09 21:43:59,747] Trial 5 finished with value: 0.875 and parameters: {'n_estimators': 100, 'max_depth': 20, 'gamma': 0.48380821541644814, 'subsample': 0.8171899343169193, 'colsample_bytree': 0.7614531005141727}. Best is trial 0 with value: 0.9.
[I 2026-04-09 21:43:59,773] Trial 6 finished with value: 0.875 and parameters: {'n_estimators': 10, 'max_depth': 5, 'gamma': 0.9599214907026333, 'subsample': 0.8414569271877088, 'colsample_bytree': 0.5265643453364788}. Best is trial 0 with value: 0.9.
[I 2026-04-09 21:43:59,800] Trial 7 finished with value: 0.875 and parameters: {'n_estimators': 40, 'max_depth': 5, 'gamma': 0.5250915966595621, 'subsample': 0.9207383574491986, 'colsample_bytree': 0.565555321173957}. Best is trial 0 with value: 0.9.
[I 2026-04-09 21:43:59,824] Trial 8 finished with value: 0.875 and parameters: {'n_estimators': 100, 'max_depth': 5, 'gamma': 0.3919835527051987, 'subsample': 0.6502094521590198, 'colsample_bytree': 0.5827507002328938}. Best is trial 0 with value: 0.9.
[I 2026-04-09 21:43:59,848] Trial 9 finished with value: 0.875 and parameters: {'n_estimators': 100, 'max_depth': 5, 'gamma': 0.8003922413895069, 'subsample': 0.9436444759263674, 'colsample_bytree': 0.8374593849333938}. Best is trial 0 with value: 0.9.
[I 2026-04-09 21:43:59,881] Trial 10 finished with value: 0.875 and parameters: {'n_estimators': 40, 'max_depth': 30, 'gamma': 0.13445536345660636, 'subsample': 0.5091072311743174, 'colsample_bytree': 0.633084257063925}. Best is trial 0 with value: 0.9.
[I 2026-04-09 21:43:59,915] Trial 11 finished with value: 0.875 and parameters: {'n_estimators': 40, 'max_depth': 30, 'gamma': 0.2681645700627216, 'subsample': 0.5149217080986768, 'colsample_bytree': 0.6573928964995871}. Best is trial 0 with value: 0.9.
[I 2026-04-09 21:43:59,954] Trial 12 finished with value: 0.9 and parameters: {'n_estimators': 10, 'max_depth': 20, 'gamma': 0.7081376218947077, 'subsample': 0.5800576653454524, 'colsample_bytree': 0.9833112921049016}. Best is trial 0 with value: 0.9.
[I 2026-04-09 21:43:59,991] Trial 13 finished with value: 0.875 and parameters: {'n_estimators': 40, 'max_depth': 20, 'gamma': 0.7361150977900042, 'subsample': 0.5689890579461889, 'colsample_bytree': 0.8091740729727609}. Best is trial 0 with value: 0.9.
[I 2026-04-09 21:44:00,014] Trial 14 finished with value: 0.875 and parameters: {'n_estimators': 10, 'max_depth': 30, 'gamma': 0.8482768549156741, 'subsample': 0.7522334370573833, 'colsample_bytree': 0.6857845495827785}. Best is trial 0 with value: 0.9.
[I 2026-04-09 21:44:00,052] Trial 15 finished with value: 0.9 and parameters: {'n_estimators': 40, 'max_depth': 5, 'gamma': 0.6285436107550151, 'subsample': 0.5051076021006287, 'colsample_bytree': 0.8486242019519444}. Best is trial 0 with value: 0.9.
[I 2026-04-09 21:44:00,093] Trial 16 finished with value: 0.875 and parameters: {'n_estimators': 40, 'max_depth': 20, 'gamma': 0.3851209698407902, 'subsample': 0.7419182861985638, 'colsample_bytree': 0.6193736325200182}. Best is trial 0 with value: 0.9.
[I 2026-04-09 21:44:00,131] Trial 17 finished with value: 0.9 and parameters: {'n_estimators': 10, 'max_depth': 5, 'gamma': 0.11224461077351439, 'subsample': 0.6002132644393778, 'colsample_bytree': 0.7644858281307861}. Best is trial 0 with value: 0.9.
[I 2026-04-09 21:44:00,171] Trial 18 finished with value: 0.9 and parameters: {'n_estimators': 40, 'max_depth': 20, 'gamma': 0.8613527117299435, 'subsample': 0.5555755157512686, 'colsample_bytree': 0.5028732448871562}. Best is trial 0 with value: 0.9.
[I 2026-04-09 21:44:00,199] Trial 19 finished with value: 0.875 and parameters: {'n_estimators': 10, 'max_depth': 30, 'gamma': 0.9936397074228487, 'subsample': 0.6401832072889282, 'colsample_bytree': 0.9015884723384824}. Best is trial 0 with value: 0.9.
[I 2026-04-09 21:44:00,239] Trial 20 finished with value: 0.875 and parameters: {'n_estimators': 40, 'max_depth': 20, 'gamma': 0.31091928305702765, 'subsample': 0.9961764358499778, 'colsample_bytree': 0.6926839754836145}. Best is trial 0 with value: 0.9.
[I 2026-04-09 21:44:00,276] Trial 21 finished with value: 0.9 and parameters: {'n_estimators': 10, 'max_depth': 20, 'gamma': 0.6195452809630355, 'subsample': 0.5540357345287864, 'colsample_bytree': 0.9768856625730987}. Best is trial 0 with value: 0.9.
[I 2026-04-09 21:44:00,309] Trial 22 finished with value: 0.9 and parameters: {'n_estimators': 10, 'max_depth': 20, 'gamma': 0.7537489786631186, 'subsample': 0.5939264608989, 'colsample_bytree': 0.9829596762384148}. Best is trial 0 with value: 0.9.
[I 2026-04-09 21:44:00,343] Trial 23 finished with value: 0.875 and parameters: {'n_estimators': 10, 'max_depth': 20, 'gamma': 0.639242869967399, 'subsample': 0.6531268664937016, 'colsample_bytree': 0.8974511902654375}. Best is trial 0 with value: 0.9.
[I 2026-04-09 21:44:00,372] Trial 24 finished with value: 0.9 and parameters: {'n_estimators': 10, 'max_depth': 20, 'gamma': 0.8839719247309459, 'subsample': 0.552278932626887, 'colsample_bytree': 0.820791814029228}. Best is trial 0 with value: 0.9.
[I 2026-04-09 21:44:00,411] Trial 25 finished with value: 0.875 and parameters: {'n_estimators': 10, 'max_depth': 5, 'gamma': 0.4484332199542706, 'subsample': 0.73563531046231, 'colsample_bytree': 0.9496505625895282}. Best is trial 0 with value: 0.9.
[I 2026-04-09 21:44:00,444] Trial 26 finished with value: 0.9 and parameters: {'n_estimators': 10, 'max_depth': 20, 'gamma': 0.5930575805952721, 'subsample': 0.6230862067063511, 'colsample_bytree': 0.6092823780505192}. Best is trial 0 with value: 0.9.
[I 2026-04-09 21:44:00,478] Trial 27 finished with value: 0.85 and parameters: {'n_estimators': 10, 'max_depth': 20, 'gamma': 0.7121173971030703, 'subsample': 0.6855901383108852, 'colsample_bytree': 0.872363209509363}. Best is trial 0 with value: 0.9.
[I 2026-04-09 21:44:00,517] Trial 28 finished with value: 0.875 and parameters: {'n_estimators': 100, 'max_depth': 30, 'gamma': 0.8345435070610585, 'subsample': 0.5370341607779843, 'colsample_bytree': 0.8049307381719952}. Best is trial 0 with value: 0.9.
[I 2026-04-09 21:44:00,552] Trial 29 finished with value: 0.875 and parameters: {'n_estimators': 40, 'max_depth': 5, 'gamma': 0.9293196527147587, 'subsample': 0.58810958396491, 'colsample_bytree': 0.6980332431594081}. Best is trial 0 with value: 0.9.
[I 2026-04-09 21:44:01,579] A new study created in memory with name: rf
[I 2026-04-09 21:44:01,775] Trial 0 finished with value: 0.9 and parameters: {'n_estimators': 130, 'max_depth': 17, 'min_samples_split': 5, 'min_samples_leaf': 8}. Best is trial 0 with value: 0.9.
[I 2026-04-09 21:44:02,358] Trial 1 finished with value: 0.875 and parameters: {'n_estimators': 492, 'max_depth': 12, 'min_samples_split': 6, 'min_samples_leaf': 1}. Best is trial 0 with value: 0.9.
[I 2026-04-09 21:44:02,640] Trial 2 finished with value: 0.9 and parameters: {'n_estimators': 207, 'max_depth': 11, 'min_samples_split': 8, 'min_samples_leaf': 9}. Best is trial 0 with value: 0.9.
[I 2026-04-09 21:44:02,960] Trial 3 finished with value: 0.9 and parameters: {'n_estimators': 252, 'max_depth': 4, 'min_samples_split': 4, 'min_samples_leaf': 10}. Best is trial 0 with value: 0.9.
[I 2026-04-09 21:44:03,222] Trial 4 finished with value: 0.875 and parameters: {'n_estimators': 185, 'max_depth': 11, 'min_samples_split': 10, 'min_samples_leaf': 1}. Best is trial 0 with value: 0.9.
[I 2026-04-09 21:44:03,611] Trial 5 finished with value: 0.9 and parameters: {'n_estimators': 340, 'max_depth': 20, 'min_samples_split': 4, 'min_samples_leaf': 6}. Best is trial 0 with value: 0.9.
[I 2026-04-09 21:44:04,194] Trial 6 finished with value: 0.925 and parameters: {'n_estimators': 464, 'max_depth': 5, 'min_samples_split': 6, 'min_samples_leaf': 8}. Best is trial 6 with value: 0.925.
[I 2026-04-09 21:44:04,621] Trial 7 finished with value: 0.9 and parameters: {'n_estimators': 368, 'max_depth': 11, 'min_samples_split': 3, 'min_samples_leaf': 5}. Best is trial 6 with value: 0.925.
[I 2026-04-09 21:44:05,011] Trial 8 finished with value: 0.9 and parameters: {'n_estimators': 249, 'max_depth': 11, 'min_samples_split': 5, 'min_samples_leaf': 9}. Best is trial 6 with value: 0.925.
[I 2026-04-09 21:44:05,523] Trial 9 finished with value: 0.875 and parameters: {'n_estimators': 408, 'max_depth': 8, 'min_samples_split': 7, 'min_samples_leaf': 3}. Best is trial 6 with value: 0.925.
[I 2026-04-09 21:44:06,197] Trial 10 finished with value: 0.925 and parameters: {'n_estimators': 479, 'max_depth': 3, 'min_samples_split': 2, 'min_samples_leaf': 7}. Best is trial 6 with value: 0.925.
[I 2026-04-09 21:44:06,772] Trial 11 finished with value: 0.925 and parameters: {'n_estimators': 469, 'max_depth': 3, 'min_samples_split': 2, 'min_samples_leaf': 7}. Best is trial 6 with value: 0.925.
[I 2026-04-09 21:44:07,270] Trial 12 finished with value: 0.925 and parameters: {'n_estimators': 422, 'max_depth': 6, 'min_samples_split': 9, 'min_samples_leaf': 5}. Best is trial 6 with value: 0.925.
[I 2026-04-09 21:44:07,762] Trial 13 finished with value: 0.925 and parameters: {'n_estimators': 446, 'max_depth': 7, 'min_samples_split': 2, 'min_samples_leaf': 7}. Best is trial 6 with value: 0.925.
[I 2026-04-09 21:44:08,199] Trial 14 finished with value: 0.9 and parameters: {'n_estimators': 369, 'max_depth': 5, 'min_samples_split': 7, 'min_samples_leaf': 7}. Best is trial 6 with value: 0.925.
[I 2026-04-09 21:44:08,828] Trial 15 finished with value: 0.875 and parameters: {'n_estimators': 496, 'max_depth': 3, 'min_samples_split': 3, 'min_samples_leaf': 4}. Best is trial 6 with value: 0.925.
[I 2026-04-09 21:44:09,217] Trial 16 finished with value: 0.9 and parameters: {'n_estimators': 313, 'max_depth': 8, 'min_samples_split': 6, 'min_samples_leaf': 10}. Best is trial 6 with value: 0.925.
[I 2026-04-09 21:44:09,734] Trial 17 finished with value: 0.9 and parameters: {'n_estimators': 405, 'max_depth': 14, 'min_samples_split': 10, 'min_samples_leaf': 8}. Best is trial 6 with value: 0.925.
[I 2026-04-09 21:44:10,239] Trial 18 finished with value: 0.9 and parameters: {'n_estimators': 445, 'max_depth': 5, 'min_samples_split': 8, 'min_samples_leaf': 6}. Best is trial 6 with value: 0.925.
[I 2026-04-09 21:44:10,770] Trial 19 finished with value: 0.9 and parameters: {'n_estimators': 372, 'max_depth': 9, 'min_samples_split': 4, 'min_samples_leaf': 3}. Best is trial 6 with value: 0.925.
[I 2026-04-09 21:44:11,130] Trial 20 finished with value: 0.925 and parameters: {'n_estimators': 278, 'max_depth': 14, 'min_samples_split': 3, 'min_samples_leaf': 8}. Best is trial 6 with value: 0.925.
[I 2026-04-09 21:44:11,691] Trial 21 finished with value: 0.9 and parameters: {'n_estimators': 470, 'max_depth': 3, 'min_samples_split': 2, 'min_samples_leaf': 7}. Best is trial 6 with value: 0.925.
