[I 2026-04-07 02:43:38,639] Trial 29 finished with value: 0.95 and parameters: {'n_neighbors': 3, 'leaf_size': 32, 'p': 1}. Best is trial 0 with value: 0.975.
[I 2026-04-07 02:43:39,645] A new study created in memory with name: xgb
[I 2026-04-07 02:43:39,681] Trial 0 finished with value: 0.975 and parameters: {'n_estimators': 10, 'max_depth': 30, 'gamma': 0.5768356259735394, 'subsample': 0.7094037142783272, 'colsample_bytree': 0.6677039246366646}. Best is trial 0 with value: 0.975.
[I 2026-04-07 02:43:39,719] Trial 1 finished with value: 0.975 and parameters: {'n_estimators': 100, 'max_depth': 30, 'gamma': 0.9912018442360747, 'subsample': 0.9099290984609207, 'colsample_bytree': 0.7066004674080903}. Best is trial 0 with value: 0.975.
[I 2026-04-07 02:43:39,746] Trial 2 finished with value: 1.0 and parameters: {'n_estimators': 10, 'max_depth': 20, 'gamma': 0.7382185757030506, 'subsample': 0.7704684271512641, 'colsample_bytree': 0.5624120871903049}. Best is trial 2 with value: 1.0.
[I 2026-04-07 02:43:39,773] Trial 3 finished with value: 0.975 and parameters: {'n_estimators': 10, 'max_depth': 20, 'gamma': 0.7041784887453524, 'subsample': 0.7995029565695583, 'colsample_bytree': 0.8586660727777565}. Best is trial 2 with value: 1.0.
[I 2026-04-07 02:43:39,802] Trial 4 finished with value: 0.975 and parameters: {'n_estimators': 10, 'max_depth': 20, 'gamma': 0.46549701645255037, 'subsample': 0.9946899241400011, 'colsample_bytree': 0.725249640372583}. Best is trial 2 with value: 1.0.
[I 2026-04-07 02:43:39,830] Trial 5 finished with value: 0.975 and parameters: {'n_estimators': 40, 'max_depth': 20, 'gamma': 0.3554734452019276, 'subsample': 0.5947710951851903, 'colsample_bytree': 0.7356254823676576}. Best is trial 2 with value: 1.0.
[I 2026-04-07 02:43:39,858] Trial 6 finished with value: 0.975 and parameters: {'n_estimators': 40, 'max_depth': 20, 'gamma': 0.8967376717636345, 'subsample': 0.988276510203839, 'colsample_bytree': 0.9184542964535913}. Best is trial 2 with value: 1.0.
[I 2026-04-07 02:43:39,886] Trial 7 finished with value: 0.975 and parameters: {'n_estimators': 40, 'max_depth': 30, 'gamma': 0.7149068474388774, 'subsample': 0.5696358027454862, 'colsample_bytree': 0.8514125286992056}. Best is trial 2 with value: 1.0.
[I 2026-04-07 02:43:39,924] Trial 8 finished with value: 1.0 and parameters: {'n_estimators': 100, 'max_depth': 30, 'gamma': 0.2471398756881566, 'subsample': 0.8241126205332553, 'colsample_bytree': 0.6258070715852391}. Best is trial 2 with value: 1.0.
[I 2026-04-07 02:43:39,951] Trial 9 finished with value: 0.975 and parameters: {'n_estimators': 40, 'max_depth': 30, 'gamma': 0.8599846034069103, 'subsample': 0.8019332783535529, 'colsample_bytree': 0.7936068454878676}. Best is trial 2 with value: 1.0.
[I 2026-04-07 02:43:39,986] Trial 10 finished with value: 1.0 and parameters: {'n_estimators': 10, 'max_depth': 5, 'gamma': 0.11132541504315885, 'subsample': 0.676251899486003, 'colsample_bytree': 0.5127475876854589}. Best is trial 2 with value: 1.0.
[I 2026-04-07 02:43:40,023] Trial 11 finished with value: 1.0 and parameters: {'n_estimators': 100, 'max_depth': 5, 'gamma': 0.18690472049939755, 'subsample': 0.8491972473387666, 'colsample_bytree': 0.5773932789558922}. Best is trial 2 with value: 1.0.
[I 2026-04-07 02:43:40,062] Trial 12 finished with value: 1.0 and parameters: {'n_estimators': 100, 'max_depth': 30, 'gamma': 0.3273879186161104, 'subsample': 0.8836130003663432, 'colsample_bytree': 0.6018330028638902}. Best is trial 2 with value: 1.0.
[I 2026-04-07 02:43:40,101] Trial 13 finished with value: 1.0 and parameters: {'n_estimators': 100, 'max_depth': 20, 'gamma': 0.6311557959742791, 'subsample': 0.7441364419941842, 'colsample_bytree': 0.602495191779791}. Best is trial 2 with value: 1.0.
[I 2026-04-07 02:43:40,149] Trial 14 finished with value: 0.975 and parameters: {'n_estimators': 100, 'max_depth': 5, 'gamma': 0.4592327922803828, 'subsample': 0.6421390529591685, 'colsample_bytree': 0.5013541727082262}. Best is trial 2 with value: 1.0.
[I 2026-04-07 02:43:40,189] Trial 15 finished with value: 0.975 and parameters: {'n_estimators': 10, 'max_depth': 20, 'gamma': 0.2832409836034423, 'subsample': 0.5126758315622729, 'colsample_bytree': 0.6683713429667351}. Best is trial 2 with value: 1.0.
[I 2026-04-07 02:43:40,229] Trial 16 finished with value: 1.0 and parameters: {'n_estimators': 10, 'max_depth': 30, 'gamma': 0.7605096233409349, 'subsample': 0.784103538396215, 'colsample_bytree': 0.5710570474529844}. Best is trial 2 with value: 1.0.
[I 2026-04-07 02:43:40,266] Trial 17 finished with value: 0.975 and parameters: {'n_estimators': 100, 'max_depth': 30, 'gamma': 0.4606149120715663, 'subsample': 0.8554588769209791, 'colsample_bytree': 0.9933840889987662}. Best is trial 2 with value: 1.0.
[I 2026-04-07 02:43:40,306] Trial 18 finished with value: 0.975 and parameters: {'n_estimators': 100, 'max_depth': 20, 'gamma': 0.22204603961718666, 'subsample': 0.9150648738044472, 'colsample_bytree': 0.6532994909286872}. Best is trial 2 with value: 1.0.
[I 2026-04-07 02:43:40,346] Trial 19 finished with value: 1.0 and parameters: {'n_estimators': 10, 'max_depth': 5, 'gamma': 0.8066173901708182, 'subsample': 0.7335816818616474, 'colsample_bytree': 0.5567402515267004}. Best is trial 2 with value: 1.0.
[I 2026-04-07 02:43:40,396] Trial 20 finished with value: 0.975 and parameters: {'n_estimators': 100, 'max_depth': 30, 'gamma': 0.6397877373108088, 'subsample': 0.6744541272659402, 'colsample_bytree': 0.7723977728913606}. Best is trial 2 with value: 1.0.
[I 2026-04-07 02:43:40,437] Trial 21 finished with value: 1.0 and parameters: {'n_estimators': 10, 'max_depth': 5, 'gamma': 0.10884944353746728, 'subsample': 0.67038573773377, 'colsample_bytree': 0.5027055973706281}. Best is trial 2 with value: 1.0.
[I 2026-04-07 02:43:40,475] Trial 22 finished with value: 0.95 and parameters: {'n_estimators': 10, 'max_depth': 5, 'gamma': 0.10092895285646053, 'subsample': 0.7758178272271127, 'colsample_bytree': 0.531375547923503}. Best is trial 2 with value: 1.0.
[I 2026-04-07 02:43:40,516] Trial 23 finished with value: 0.975 and parameters: {'n_estimators': 10, 'max_depth': 5, 'gamma': 0.2061036983160042, 'subsample': 0.8300259947552874, 'colsample_bytree': 0.6243448177833367}. Best is trial 2 with value: 1.0.
[I 2026-04-07 02:43:40,554] Trial 24 finished with value: 1.0 and parameters: {'n_estimators': 10, 'max_depth': 5, 'gamma': 0.1663626032705326, 'subsample': 0.616492581161188, 'colsample_bytree': 0.5327854505460985}. Best is trial 2 with value: 1.0.
[I 2026-04-07 02:43:40,592] Trial 25 finished with value: 0.975 and parameters: {'n_estimators': 10, 'max_depth': 5, 'gamma': 0.39629697350183657, 'subsample': 0.6949046222448587, 'colsample_bytree': 0.6458285361555025}. Best is trial 2 with value: 1.0.
[I 2026-04-07 02:43:40,630] Trial 26 finished with value: 0.975 and parameters: {'n_estimators': 10, 'max_depth': 20, 'gamma': 0.26752042745897964, 'subsample': 0.7189437303965918, 'colsample_bytree': 0.5404026995820872}. Best is trial 2 with value: 1.0.
[I 2026-04-07 02:43:40,670] Trial 27 finished with value: 0.975 and parameters: {'n_estimators': 10, 'max_depth': 5, 'gamma': 0.5229865964102105, 'subsample': 0.7639596604697698, 'colsample_bytree': 0.6059256276232006}. Best is trial 2 with value: 1.0.
[I 2026-04-07 02:43:40,708] Trial 28 finished with value: 1.0 and parameters: {'n_estimators': 40, 'max_depth': 30, 'gamma': 0.13772209185529574, 'subsample': 0.937524446709028, 'colsample_bytree': 0.5832116118851376}. Best is trial 2 with value: 1.0.
[I 2026-04-07 02:43:40,745] Trial 29 finished with value: 0.975 and parameters: {'n_estimators': 100, 'max_depth': 20, 'gamma': 0.5581758051883761, 'subsample': 0.8213607931326516, 'colsample_bytree': 0.6734547809992187}. Best is trial 2 with value: 1.0.
[I 2026-04-07 02:43:41,563] A new study created in memory with name: rf
[I 2026-04-07 02:43:42,021] Trial 0 finished with value: 0.975 and parameters: {'n_estimators': 458, 'max_depth': 8, 'min_samples_split': 9, 'min_samples_leaf': 1}. Best is trial 0 with value: 0.975.
[I 2026-04-07 02:43:42,216] Trial 1 finished with value: 1.0 and parameters: {'n_estimators': 143, 'max_depth': 13, 'min_samples_split': 6, 'min_samples_leaf': 5}. Best is trial 1 with value: 1.0.
[I 2026-04-07 02:43:42,505] Trial 2 finished with value: 1.0 and parameters: {'n_estimators': 234, 'max_depth': 14, 'min_samples_split': 5, 'min_samples_leaf': 8}. Best is trial 1 with value: 1.0.
[I 2026-04-07 02:43:42,823] Trial 3 finished with value: 0.975 and parameters: {'n_estimators': 307, 'max_depth': 13, 'min_samples_split': 7, 'min_samples_leaf': 10}. Best is trial 1 with value: 1.0.
[I 2026-04-07 02:43:43,244] Trial 4 finished with value: 0.975 and parameters: {'n_estimators': 428, 'max_depth': 10, 'min_samples_split': 9, 'min_samples_leaf': 9}. Best is trial 1 with value: 1.0.
[I 2026-04-07 02:43:43,381] Trial 5 finished with value: 1.0 and parameters: {'n_estimators': 121, 'max_depth': 15, 'min_samples_split': 9, 'min_samples_leaf': 8}. Best is trial 1 with value: 1.0.
[I 2026-04-07 02:43:43,782] Trial 6 finished with value: 0.975 and parameters: {'n_estimators': 384, 'max_depth': 12, 'min_samples_split': 3, 'min_samples_leaf': 10}. Best is trial 1 with value: 1.0.
[I 2026-04-07 02:43:44,050] Trial 7 finished with value: 0.95 and parameters: {'n_estimators': 261, 'max_depth': 6, 'min_samples_split': 8, 'min_samples_leaf': 10}. Best is trial 1 with value: 1.0.
[I 2026-04-07 02:43:44,316] Trial 8 finished with value: 1.0 and parameters: {'n_estimators': 202, 'max_depth': 15, 'min_samples_split': 7, 'min_samples_leaf': 8}. Best is trial 1 with value: 1.0.
[I 2026-04-07 02:43:44,796] Trial 9 finished with value: 1.0 and parameters: {'n_estimators': 475, 'max_depth': 9, 'min_samples_split': 4, 'min_samples_leaf': 5}. Best is trial 1 with value: 1.0.
[I 2026-04-07 02:43:45,019] Trial 10 finished with value: 0.975 and parameters: {'n_estimators': 135, 'max_depth': 20, 'min_samples_split': 2, 'min_samples_leaf': 4}. Best is trial 1 with value: 1.0.
[I 2026-04-07 02:43:45,304] Trial 11 finished with value: 0.975 and parameters: {'n_estimators': 213, 'max_depth': 18, 'min_samples_split': 5, 'min_samples_leaf': 6}. Best is trial 1 with value: 1.0.
[I 2026-04-07 02:43:45,578] Trial 12 finished with value: 0.975 and parameters: {'n_estimators': 183, 'max_depth': 16, 'min_samples_split': 5, 'min_samples_leaf': 3}. Best is trial 1 with value: 1.0.
[I 2026-04-07 02:43:45,902] Trial 13 finished with value: 0.975 and parameters: {'n_estimators': 303, 'max_depth': 3, 'min_samples_split': 6, 'min_samples_leaf': 7}. Best is trial 1 with value: 1.0.
[I 2026-04-07 02:43:46,205] Trial 14 finished with value: 0.975 and parameters: {'n_estimators': 252, 'max_depth': 13, 'min_samples_split': 5, 'min_samples_leaf': 6}. Best is trial 1 with value: 1.0.
[I 2026-04-07 02:43:46,398] Trial 15 finished with value: 0.975 and parameters: {'n_estimators': 157, 'max_depth': 17, 'min_samples_split': 6, 'min_samples_leaf': 3}. Best is trial 1 with value: 1.0.
[I 2026-04-07 02:43:46,580] Trial 16 finished with value: 0.95 and parameters: {'n_estimators': 101, 'max_depth': 11, 'min_samples_split': 4, 'min_samples_leaf': 7}. Best is trial 1 with value: 1.0.
[I 2026-04-07 02:43:46,945] Trial 17 finished with value: 0.975 and parameters: {'n_estimators': 339, 'max_depth': 14, 'min_samples_split': 7, 'min_samples_leaf': 5}. Best is trial 1 with value: 1.0.
[I 2026-04-07 02:43:47,259] Trial 18 finished with value: 0.975 and parameters: {'n_estimators': 247, 'max_depth': 19, 'min_samples_split': 3, 'min_samples_leaf': 1}. Best is trial 1 with value: 1.0.
[I 2026-04-07 02:43:47,448] Trial 19 finished with value: 0.975 and parameters: {'n_estimators': 171, 'max_depth': 7, 'min_samples_split': 10, 'min_samples_leaf': 7}. Best is trial 1 with value: 1.0.
[I 2026-04-07 02:43:47,708] Trial 20 finished with value: 0.975 and parameters: {'n_estimators': 228, 'max_depth': 5, 'min_samples_split': 4, 'min_samples_leaf': 4}. Best is trial 1 with value: 1.0.
[I 2026-04-07 02:43:47,879] Trial 21 finished with value: 0.975 and parameters: {'n_estimators': 106, 'max_depth': 15, 'min_samples_split': 6, 'min_samples_leaf': 8}. Best is trial 1 with value: 1.0.
[I 2026-04-07 02:43:48,038] Trial 22 finished with value: 0.975 and parameters: {'n_estimators': 138, 'max_depth': 11, 'min_samples_split': 8, 'min_samples_leaf': 8}. Best is trial 1 with value: 1.0.
[I 2026-04-07 02:43:48,186] Trial 23 finished with value: 0.975 and parameters: {'n_estimators': 129, 'max_depth': 16, 'min_samples_split': 10, 'min_samples_leaf': 9}. Best is trial 1 with value: 1.0.
[I 2026-04-07 02:43:48,403] Trial 24 finished with value: 1.0 and parameters: {'n_estimators': 186, 'max_depth': 13, 'min_samples_split': 8, 'min_samples_leaf': 6}. Best is trial 1 with value: 1.0.
[I 2026-04-07 02:43:48,710] Trial 25 finished with value: 0.975 and parameters: {'n_estimators': 279, 'max_depth': 17, 'min_samples_split': 5, 'min_samples_leaf': 9}. Best is trial 1 with value: 1.0.
[I 2026-04-07 02:43:48,946] Trial 26 finished with value: 1.0 and parameters: {'n_estimators': 148, 'max_depth': 14, 'min_samples_split': 7, 'min_samples_leaf': 7}. Best is trial 1 with value: 1.0.
[I 2026-04-07 02:43:49,112] Trial 27 finished with value: 1.0 and parameters: {'n_estimators': 104, 'max_depth': 12, 'min_samples_split': 6, 'min_samples_leaf': 4}. Best is trial 1 with value: 1.0.
[I 2026-04-07 02:43:49,405] Trial 28 finished with value: 0.95 and parameters: {'n_estimators': 222, 'max_depth': 10, 'min_samples_split': 9, 'min_samples_leaf': 8}. Best is trial 1 with value: 1.0.
[I 2026-04-07 02:43:49,609] Trial 29 finished with value: 0.975 and parameters: {'n_estimators': 168, 'max_depth': 15, 'min_samples_split': 9, 'min_samples_leaf': 1}. Best is trial 1 with value: 1.0.
[I 2026-04-07 02:43:51,528] A new study created in memory with name: mlp
[I 2026-04-07 02:43:51,593] Trial 0 finished with value: 0.95 and parameters: {'hidden_layer_sizes': (100,), 'max_iter': 100, 'alpha': 0.0001}. Best is trial 0 with value: 0.95.
[I 2026-04-07 02:43:51,659] Trial 1 finished with value: 0.95 and parameters: {'hidden_layer_sizes': (100, 100), 'max_iter': 100, 'alpha': 0.001}. Best is trial 0 with value: 0.95.
[I 2026-04-07 02:43:51,716] Trial 2 finished with value: 0.95 and parameters: {'hidden_layer_sizes': (200,), 'max_iter': 100, 'alpha': 0.0001}. Best is trial 0 with value: 0.95.
[I 2026-04-07 02:43:51,763] Trial 3 finished with value: 0.95 and parameters: {'hidden_layer_sizes': (200,), 'max_iter': 50, 'alpha': 0.001}. Best is trial 0 with value: 0.95.
[I 2026-04-07 02:43:51,819] Trial 4 finished with value: 0.95 and parameters: {'hidden_layer_sizes': (100, 100), 'max_iter': 50, 'alpha': 0.0001}. Best is trial 0 with value: 0.95.
[I 2026-04-07 02:43:51,885] Trial 5 finished with value: 0.95 and parameters: {'hidden_layer_sizes': (200,), 'max_iter': 100, 'alpha': 0.0001}. Best is trial 0 with value: 0.95.
[I 2026-04-07 02:43:51,929] Trial 6 finished with value: 0.95 and parameters: {'hidden_layer_sizes': (200,), 'max_iter': 100, 'alpha': 0.001}. Best is trial 0 with value: 0.95.
[I 2026-04-07 02:43:51,975] Trial 7 finished with value: 0.95 and parameters: {'hidden_layer_sizes': (100,), 'max_iter': 100, 'alpha': 0.001}. Best is trial 0 with value: 0.95.
[I 2026-04-07 02:43:52,042] Trial 8 finished with value: 0.95 and parameters: {'hidden_layer_sizes': (100, 100), 'max_iter': 100, 'alpha': 0.0001}. Best is trial 0 with value: 0.95.
[I 2026-04-07 02:43:52,088] Trial 9 finished with value: 0.95 and parameters: {'hidden_layer_sizes': (200,), 'max_iter': 100, 'alpha': 0.0001}. Best is trial 0 with value: 0.95.
[I 2026-04-07 02:43:52,134] Trial 10 finished with value: 1.0 and parameters: {'hidden_layer_sizes': (100,), 'max_iter': 50, 'alpha': 0.0001}. Best is trial 10 with value: 1.0.
[I 2026-04-07 02:43:52,172] Trial 11 finished with value: 0.95 and parameters: {'hidden_layer_sizes': (100,), 'max_iter': 50, 'alpha': 0.0001}. Best is trial 10 with value: 1.0.
[I 2026-04-07 02:43:52,221] Trial 12 finished with value: 0.975 and parameters: {'hidden_layer_sizes': (100,), 'max_iter': 50, 'alpha': 0.0001}. Best is trial 10 with value: 1.0.
[I 2026-04-07 02:43:52,260] Trial 13 finished with value: 0.95 and parameters: {'hidden_layer_sizes': (100,), 'max_iter': 50, 'alpha': 0.0001}. Best is trial 10 with value: 1.0.
[I 2026-04-07 02:43:52,297] Trial 14 finished with value: 0.95 and parameters: {'hidden_layer_sizes': (100,), 'max_iter': 50, 'alpha': 0.0001}. Best is trial 10 with value: 1.0.
[I 2026-04-07 02:43:52,335] Trial 15 finished with value: 0.95 and parameters: {'hidden_layer_sizes': (100,), 'max_iter': 50, 'alpha': 0.0001}. Best is trial 10 with value: 1.0.
[I 2026-04-07 02:43:52,374] Trial 16 finished with value: 0.975 and parameters: {'hidden_layer_sizes': (100,), 'max_iter': 50, 'alpha': 0.0001}. Best is trial 10 with value: 1.0.
[I 2026-04-07 02:43:52,413] Trial 17 finished with value: 0.95 and parameters: {'hidden_layer_sizes': (100,), 'max_iter': 50, 'alpha': 0.0001}. Best is trial 10 with value: 1.0.
[I 2026-04-07 02:43:52,447] Trial 18 finished with value: 0.975 and parameters: {'hidden_layer_sizes': (100,), 'max_iter': 50, 'alpha': 0.001}. Best is trial 10 with value: 1.0.
[I 2026-04-07 02:43:52,492] Trial 19 finished with value: 0.95 and parameters: {'hidden_layer_sizes': (100,), 'max_iter': 50, 'alpha': 0.0001}. Best is trial 10 with value: 1.0.
[I 2026-04-07 02:43:52,532] Trial 20 finished with value: 0.95 and parameters: {'hidden_layer_sizes': (100, 100), 'max_iter': 50, 'alpha': 0.0001}. Best is trial 10 with value: 1.0.
[I 2026-04-07 02:43:52,567] Trial 21 finished with value: 0.975 and parameters: {'hidden_layer_sizes': (100,), 'max_iter': 50, 'alpha': 0.0001}. Best is trial 10 with value: 1.0.
[I 2026-04-07 02:43:52,613] Trial 22 finished with value: 0.95 and parameters: {'hidden_layer_sizes': (100,), 'max_iter': 50, 'alpha': 0.0001}. Best is trial 10 with value: 1.0.
[I 2026-04-07 02:43:52,659] Trial 23 finished with value: 0.95 and parameters: {'hidden_layer_sizes': (100,), 'max_iter': 50, 'alpha': 0.0001}. Best is trial 10 with value: 1.0.
[I 2026-04-07 02:43:52,698] Trial 24 finished with value: 0.95 and parameters: {'hidden_layer_sizes': (100,), 'max_iter': 50, 'alpha': 0.0001}. Best is trial 10 with value: 1.0.
[I 2026-04-07 02:43:52,733] Trial 25 finished with value: 0.95 and parameters: {'hidden_layer_sizes': (100,), 'max_iter': 50, 'alpha': 0.0001}. Best is trial 10 with value: 1.0.
[I 2026-04-07 02:43:52,768] Trial 26 finished with value: 0.95 and parameters: {'hidden_layer_sizes': (100,), 'max_iter': 50, 'alpha': 0.001}. Best is trial 10 with value: 1.0.
[I 2026-04-07 02:43:52,806] Trial 27 finished with value: 0.975 and parameters: {'hidden_layer_sizes': (100,), 'max_iter': 50, 'alpha': 0.0001}. Best is trial 10 with value: 1.0.
[I 2026-04-07 02:43:52,865] Trial 28 finished with value: 0.95 and parameters: {'hidden_layer_sizes': (100, 100), 'max_iter': 50, 'alpha': 0.0001}. Best is trial 10 with value: 1.0.
[I 2026-04-07 02:43:52,903] Trial 29 finished with value: 0.95 and parameters: {'hidden_layer_sizes': (100,), 'max_iter': 50, 'alpha': 0.0001}. Best is trial 10 with value: 1.0.
[I 2026-04-07 02:43:54,235] A new study created in memory with name: naive_bayes
[I 2026-04-07 02:43:54,249] Trial 0 finished with value: 0.775 and parameters: {'var_smoothing': 1.4210736239935712e-10}. Best is trial 0 with value: 0.775.
[I 2026-04-07 02:43:54,261] Trial 1 finished with value: 0.775 and parameters: {'var_smoothing': 3.629422978396398e-09}. Best is trial 0 with value: 0.775.
[I 2026-04-07 02:43:54,273] Trial 2 finished with value: 0.775 and parameters: {'var_smoothing': 7.530407234027127e-10}. Best is trial 0 with value: 0.775.
[I 2026-04-07 02:43:54,285] Trial 3 finished with value: 0.775 and parameters: {'var_smoothing': 2.7985325053380072e-09}. Best is trial 0 with value: 0.775.
[I 2026-04-07 02:43:54,298] Trial 4 finished with value: 0.775 and parameters: {'var_smoothing': 9.036058293737187e-09}. Best is trial 0 with value: 0.775.
[I 2026-04-07 02:43:54,312] Trial 5 finished with value: 0.775 and parameters: {'var_smoothing': 1.1939653980558784e-09}. Best is trial 0 with value: 0.775.
[I 2026-04-07 02:43:54,324] Trial 6 finished with value: 0.775 and parameters: {'var_smoothing': 1.005173261185167e-09}. Best is trial 0 with value: 0.775.
[I 2026-04-07 02:43:54,337] Trial 7 finished with value: 0.775 and parameters: {'var_smoothing': 1.393484899105757e-10}. Best is trial 0 with value: 0.775.
[I 2026-04-07 02:43:54,350] Trial 8 finished with value: 0.775 and parameters: {'var_smoothing': 3.4425317961147986e-10}. Best is trial 0 with value: 0.775.
[I 2026-04-07 02:43:54,363] Trial 9 finished with value: 0.775 and parameters: {'var_smoothing': 9.994590426751933e-10}. Best is trial 0 with value: 0.775.
[I 2026-04-07 02:43:54,380] Trial 10 finished with value: 0.775 and parameters: {'var_smoothing': 1.9079938112167212e-10}. Best is trial 0 with value: 0.775.
[I 2026-04-07 02:43:54,401] Trial 11 finished with value: 0.775 and parameters: {'var_smoothing': 4.7456863630433305e-09}. Best is trial 0 with value: 0.775.
[I 2026-04-07 02:43:54,421] Trial 12 finished with value: 0.775 and parameters: {'var_smoothing': 2.7185365295481096e-09}. Best is trial 0 with value: 0.775.
[I 2026-04-07 02:43:54,441] Trial 13 finished with value: 0.775 and parameters: {'var_smoothing': 4.3967291332584714e-10}. Best is trial 0 with value: 0.775.
[I 2026-04-07 02:43:54,460] Trial 14 finished with value: 0.775 and parameters: {'var_smoothing': 2.6511307931162972e-09}. Best is trial 0 with value: 0.775.
[I 2026-04-07 02:43:54,480] Trial 15 finished with value: 0.775 and parameters: {'var_smoothing': 9.000422035369052e-09}. Best is trial 0 with value: 0.775.
