[I 2026-04-07 01:36:04,906] Trial 17 finished with value: 0.5 and parameters: {'n_estimators': 498, 'max_depth': 14, 'min_samples_split': 4, 'min_samples_leaf': 10}. Best is trial 10 with value: 0.85.
[I 2026-04-07 01:36:05,394] Trial 18 finished with value: 0.8 and parameters: {'n_estimators': 426, 'max_depth': 17, 'min_samples_split': 6, 'min_samples_leaf': 2}. Best is trial 10 with value: 0.85.
[I 2026-04-07 01:36:05,799] Trial 19 finished with value: 0.8 and parameters: {'n_estimators': 353, 'max_depth': 13, 'min_samples_split': 3, 'min_samples_leaf': 3}. Best is trial 10 with value: 0.85.
[I 2026-04-07 01:36:06,174] Trial 20 finished with value: 0.5 and parameters: {'n_estimators': 308, 'max_depth': 10, 'min_samples_split': 8, 'min_samples_leaf': 8}. Best is trial 10 with value: 0.85.
[I 2026-04-07 01:36:06,597] Trial 21 finished with value: 0.85 and parameters: {'n_estimators': 371, 'max_depth': 18, 'min_samples_split': 3, 'min_samples_leaf': 1}. Best is trial 10 with value: 0.85.
[I 2026-04-07 01:36:06,994] Trial 22 finished with value: 0.8 and parameters: {'n_estimators': 336, 'max_depth': 15, 'min_samples_split': 3, 'min_samples_leaf': 1}. Best is trial 10 with value: 0.85.
[I 2026-04-07 01:36:07,429] Trial 23 finished with value: 0.75 and parameters: {'n_estimators': 411, 'max_depth': 14, 'min_samples_split': 4, 'min_samples_leaf': 3}. Best is trial 10 with value: 0.85.
[I 2026-04-07 01:36:07,779] Trial 24 finished with value: 0.8 and parameters: {'n_estimators': 282, 'max_depth': 18, 'min_samples_split': 2, 'min_samples_leaf': 2}. Best is trial 10 with value: 0.85.
[I 2026-04-07 01:36:08,227] Trial 25 finished with value: 0.8 and parameters: {'n_estimators': 372, 'max_depth': 16, 'min_samples_split': 5, 'min_samples_leaf': 1}. Best is trial 10 with value: 0.85.
[I 2026-04-07 01:36:08,735] Trial 26 finished with value: 0.75 and parameters: {'n_estimators': 431, 'max_depth': 14, 'min_samples_split': 6, 'min_samples_leaf': 3}. Best is trial 10 with value: 0.85.
[I 2026-04-07 01:36:09,182] Trial 27 finished with value: 0.8 and parameters: {'n_estimators': 379, 'max_depth': 8, 'min_samples_split': 3, 'min_samples_leaf': 2}. Best is trial 10 with value: 0.85.
[I 2026-04-07 01:36:09,498] Trial 28 finished with value: 0.8 and parameters: {'n_estimators': 278, 'max_depth': 18, 'min_samples_split': 4, 'min_samples_leaf': 1}. Best is trial 10 with value: 0.85.
[I 2026-04-07 01:36:10,065] Trial 29 finished with value: 0.85 and parameters: {'n_estimators': 452, 'max_depth': 13, 'min_samples_split': 2, 'min_samples_leaf': 2}. Best is trial 10 with value: 0.85.
[I 2026-04-07 01:36:14,417] A new study created in memory with name: mlp
[I 2026-04-07 01:36:14,462] Trial 0 finished with value: 0.85 and parameters: {'hidden_layer_sizes': (200,), 'max_iter': 50, 'alpha': 0.001}. Best is trial 0 with value: 0.85.
[I 2026-04-07 01:36:14,503] Trial 1 finished with value: 0.85 and parameters: {'hidden_layer_sizes': (200,), 'max_iter': 50, 'alpha': 0.0001}. Best is trial 0 with value: 0.85.
[I 2026-04-07 01:36:14,549] Trial 2 finished with value: 0.8 and parameters: {'hidden_layer_sizes': (100,), 'max_iter': 50, 'alpha': 0.0001}. Best is trial 0 with value: 0.85.
[I 2026-04-07 01:36:14,595] Trial 3 finished with value: 0.9 and parameters: {'hidden_layer_sizes': (100,), 'max_iter': 100, 'alpha': 0.001}. Best is trial 3 with value: 0.9.
[I 2026-04-07 01:36:14,641] Trial 4 finished with value: 0.9 and parameters: {'hidden_layer_sizes': (200,), 'max_iter': 100, 'alpha': 0.001}. Best is trial 3 with value: 0.9.
[I 2026-04-07 01:36:14,687] Trial 5 finished with value: 0.8 and parameters: {'hidden_layer_sizes': (200,), 'max_iter': 50, 'alpha': 0.001}. Best is trial 3 with value: 0.9.
[I 2026-04-07 01:36:14,733] Trial 6 finished with value: 0.85 and parameters: {'hidden_layer_sizes': (100,), 'max_iter': 100, 'alpha': 0.0001}. Best is trial 3 with value: 0.9.
[I 2026-04-07 01:36:14,779] Trial 7 finished with value: 0.85 and parameters: {'hidden_layer_sizes': (100, 100), 'max_iter': 50, 'alpha': 0.0001}. Best is trial 3 with value: 0.9.
[I 2026-04-07 01:36:14,845] Trial 8 finished with value: 0.95 and parameters: {'hidden_layer_sizes': (100, 100), 'max_iter': 100, 'alpha': 0.0001}. Best is trial 8 with value: 0.95.
[I 2026-04-07 01:36:14,880] Trial 9 finished with value: 0.85 and parameters: {'hidden_layer_sizes': (100,), 'max_iter': 50, 'alpha': 0.001}. Best is trial 8 with value: 0.95.
[I 2026-04-07 01:36:14,949] Trial 10 finished with value: 0.95 and parameters: {'hidden_layer_sizes': (100, 100), 'max_iter': 100, 'alpha': 0.0001}. Best is trial 8 with value: 0.95.
[I 2026-04-07 01:36:15,017] Trial 11 finished with value: 0.9 and parameters: {'hidden_layer_sizes': (100, 100), 'max_iter': 100, 'alpha': 0.0001}. Best is trial 8 with value: 0.95.
[I 2026-04-07 01:36:15,085] Trial 12 finished with value: 0.95 and parameters: {'hidden_layer_sizes': (100, 100), 'max_iter': 100, 'alpha': 0.0001}. Best is trial 8 with value: 0.95.
[I 2026-04-07 01:36:15,174] Trial 13 finished with value: 0.9 and parameters: {'hidden_layer_sizes': (100, 100), 'max_iter': 100, 'alpha': 0.0001}. Best is trial 8 with value: 0.95.
[I 2026-04-07 01:36:15,264] Trial 14 finished with value: 0.9 and parameters: {'hidden_layer_sizes': (100, 100), 'max_iter': 100, 'alpha': 0.0001}. Best is trial 8 with value: 0.95.
[I 2026-04-07 01:36:15,343] Trial 15 finished with value: 0.95 and parameters: {'hidden_layer_sizes': (100, 100), 'max_iter': 100, 'alpha': 0.0001}. Best is trial 8 with value: 0.95.
[I 2026-04-07 01:36:15,411] Trial 16 finished with value: 0.9 and parameters: {'hidden_layer_sizes': (100, 100), 'max_iter': 100, 'alpha': 0.0001}. Best is trial 8 with value: 0.95.
[I 2026-04-07 01:36:15,475] Trial 17 finished with value: 0.9 and parameters: {'hidden_layer_sizes': (100, 100), 'max_iter': 100, 'alpha': 0.0001}. Best is trial 8 with value: 0.95.
[I 2026-04-07 01:36:15,529] Trial 18 finished with value: 0.9 and parameters: {'hidden_layer_sizes': (100, 100), 'max_iter': 100, 'alpha': 0.0001}. Best is trial 8 with value: 0.95.
[I 2026-04-07 01:36:15,624] Trial 19 finished with value: 0.9 and parameters: {'hidden_layer_sizes': (100, 100), 'max_iter': 100, 'alpha': 0.0001}. Best is trial 8 with value: 0.95.
[I 2026-04-07 01:36:15,710] Trial 20 finished with value: 0.9 and parameters: {'hidden_layer_sizes': (100, 100), 'max_iter': 100, 'alpha': 0.0001}. Best is trial 8 with value: 0.95.
[I 2026-04-07 01:36:15,776] Trial 21 finished with value: 0.95 and parameters: {'hidden_layer_sizes': (100, 100), 'max_iter': 100, 'alpha': 0.0001}. Best is trial 8 with value: 0.95.
[I 2026-04-07 01:36:15,845] Trial 22 finished with value: 0.95 and parameters: {'hidden_layer_sizes': (100, 100), 'max_iter': 100, 'alpha': 0.0001}. Best is trial 8 with value: 0.95.
[I 2026-04-07 01:36:15,903] Trial 23 finished with value: 0.95 and parameters: {'hidden_layer_sizes': (100, 100), 'max_iter': 100, 'alpha': 0.0001}. Best is trial 8 with value: 0.95.
[I 2026-04-07 01:36:15,982] Trial 24 finished with value: 0.85 and parameters: {'hidden_layer_sizes': (100, 100), 'max_iter': 100, 'alpha': 0.0001}. Best is trial 8 with value: 0.95.
[I 2026-04-07 01:36:16,062] Trial 25 finished with value: 0.9 and parameters: {'hidden_layer_sizes': (100, 100), 'max_iter': 100, 'alpha': 0.0001}. Best is trial 8 with value: 0.95.
[I 2026-04-07 01:36:16,141] Trial 26 finished with value: 0.85 and parameters: {'hidden_layer_sizes': (100, 100), 'max_iter': 100, 'alpha': 0.001}. Best is trial 8 with value: 0.95.
[I 2026-04-07 01:36:16,210] Trial 27 finished with value: 0.85 and parameters: {'hidden_layer_sizes': (100, 100), 'max_iter': 100, 'alpha': 0.0001}. Best is trial 8 with value: 0.95.
[I 2026-04-07 01:36:16,279] Trial 28 finished with value: 0.95 and parameters: {'hidden_layer_sizes': (200,), 'max_iter': 100, 'alpha': 0.0001}. Best is trial 8 with value: 0.95.
[I 2026-04-07 01:36:16,329] Trial 29 finished with value: 0.85 and parameters: {'hidden_layer_sizes': (100,), 'max_iter': 50, 'alpha': 0.001}. Best is trial 8 with value: 0.95.
[I 2026-04-07 01:36:22,905] A new study created in memory with name: naive_bayes
[I 2026-04-07 01:36:22,918] Trial 0 finished with value: 0.85 and parameters: {'var_smoothing': 5.582886587978182e-09}. Best is trial 0 with value: 0.85.
[I 2026-04-07 01:36:22,930] Trial 1 finished with value: 0.85 and parameters: {'var_smoothing': 8.651299071518215e-09}. Best is trial 0 with value: 0.85.
[I 2026-04-07 01:36:22,942] Trial 2 finished with value: 0.85 and parameters: {'var_smoothing': 5.475062490474489e-09}. Best is trial 0 with value: 0.85.
[I 2026-04-07 01:36:22,954] Trial 3 finished with value: 0.85 and parameters: {'var_smoothing': 1.1526869678723134e-09}. Best is trial 0 with value: 0.85.
[I 2026-04-07 01:36:22,966] Trial 4 finished with value: 0.85 and parameters: {'var_smoothing': 2.920496270341785e-10}. Best is trial 0 with value: 0.85.
[I 2026-04-07 01:36:22,978] Trial 5 finished with value: 0.85 and parameters: {'var_smoothing': 1.0538956417705805e-10}. Best is trial 0 with value: 0.85.
[I 2026-04-07 01:36:22,993] Trial 6 finished with value: 0.85 and parameters: {'var_smoothing': 7.260016982331591e-10}. Best is trial 0 with value: 0.85.
[I 2026-04-07 01:36:23,005] Trial 7 finished with value: 0.85 and parameters: {'var_smoothing': 6.378267364653917e-10}. Best is trial 0 with value: 0.85.
[I 2026-04-07 01:36:23,018] Trial 8 finished with value: 0.85 and parameters: {'var_smoothing': 1.1100673847791952e-09}. Best is trial 0 with value: 0.85.
[I 2026-04-07 01:36:23,031] Trial 9 finished with value: 0.85 and parameters: {'var_smoothing': 9.052813879088377e-10}. Best is trial 0 with value: 0.85.
[I 2026-04-07 01:36:23,048] Trial 10 finished with value: 0.85 and parameters: {'var_smoothing': 3.20543606083287e-09}. Best is trial 0 with value: 0.85.
[I 2026-04-07 01:36:23,067] Trial 11 finished with value: 0.85 and parameters: {'var_smoothing': 8.433965140342417e-09}. Best is trial 0 with value: 0.85.
[I 2026-04-07 01:36:23,086] Trial 12 finished with value: 0.85 and parameters: {'var_smoothing': 2.860874278982245e-09}. Best is trial 0 with value: 0.85.
[I 2026-04-07 01:36:23,107] Trial 13 finished with value: 0.85 and parameters: {'var_smoothing': 9.270349036178526e-09}. Best is trial 0 with value: 0.85.
[I 2026-04-07 01:36:23,122] Trial 14 finished with value: 0.85 and parameters: {'var_smoothing': 3.13069447640915e-09}. Best is trial 0 with value: 0.85.
[I 2026-04-07 01:36:23,138] Trial 15 finished with value: 0.85 and parameters: {'var_smoothing': 5.223604886811285e-09}. Best is trial 0 with value: 0.85.
[I 2026-04-07 01:36:23,157] Trial 16 finished with value: 0.85 and parameters: {'var_smoothing': 2.0295724993447026e-09}. Best is trial 0 with value: 0.85.
[I 2026-04-07 01:36:23,175] Trial 17 finished with value: 0.85 and parameters: {'var_smoothing': 5.880433102756661e-09}. Best is trial 0 with value: 0.85.
[I 2026-04-07 01:36:23,195] Trial 18 finished with value: 0.85 and parameters: {'var_smoothing': 1.6980964875204416e-09}. Best is trial 0 with value: 0.85.
[I 2026-04-07 01:36:23,226] Trial 19 finished with value: 0.85 and parameters: {'var_smoothing': 4.2955625192244405e-09}. Best is trial 0 with value: 0.85.
[I 2026-04-07 01:36:23,244] Trial 20 finished with value: 0.85 and parameters: {'var_smoothing': 9.833771947222685e-09}. Best is trial 0 with value: 0.85.
[I 2026-04-07 01:36:23,274] Trial 21 finished with value: 0.85 and parameters: {'var_smoothing': 6.0482464086364635e-09}. Best is trial 0 with value: 0.85.
[I 2026-04-07 01:36:23,294] Trial 22 finished with value: 0.85 and parameters: {'var_smoothing': 4.537628481410357e-09}. Best is trial 0 with value: 0.85.
[I 2026-04-07 01:36:23,313] Trial 23 finished with value: 0.85 and parameters: {'var_smoothing': 6.750528289210463e-09}. Best is trial 0 with value: 0.85.
[I 2026-04-07 01:36:23,333] Trial 24 finished with value: 0.85 and parameters: {'var_smoothing': 2.2780337647355764e-09}. Best is trial 0 with value: 0.85.
[I 2026-04-07 01:36:23,360] Trial 25 finished with value: 0.85 and parameters: {'var_smoothing': 3.986918574074946e-09}. Best is trial 0 with value: 0.85.
[I 2026-04-07 01:36:23,379] Trial 26 finished with value: 0.85 and parameters: {'var_smoothing': 1.7707565248297843e-09}. Best is trial 0 with value: 0.85.
[I 2026-04-07 01:36:23,398] Trial 27 finished with value: 0.85 and parameters: {'var_smoothing': 6.732492847962814e-09}. Best is trial 0 with value: 0.85.
[I 2026-04-07 01:36:23,415] Trial 28 finished with value: 0.85 and parameters: {'var_smoothing': 3.8684773890893174e-10}. Best is trial 0 with value: 0.85.
[I 2026-04-07 01:36:23,434] Trial 29 finished with value: 0.85 and parameters: {'var_smoothing': 1.5480090897085013e-09}. Best is trial 0 with value: 0.85.
[I 2026-04-07 01:36:24,319] A new study created in memory with name: logreg
[I 2026-04-07 01:36:24,343] Trial 0 finished with value: 0.8 and parameters: {'C': 23.288794782471303, 'penalty': 'l2'}. Best is trial 0 with value: 0.8.
[I 2026-04-07 01:36:24,378] Trial 1 finished with value: 0.8 and parameters: {'C': 69.61507800412923, 'penalty': 'l2'}. Best is trial 0 with value: 0.8.
[I 2026-04-07 01:36:24,423] Trial 2 finished with value: 0.8 and parameters: {'C': 22.180569925473442, 'penalty': 'l2'}. Best is trial 0 with value: 0.8.
[I 2026-04-07 01:36:24,447] Trial 3 finished with value: 0.75 and parameters: {'C': 0.4511058486037652, 'penalty': 'l2'}. Best is trial 0 with value: 0.8.
[I 2026-04-07 01:36:24,472] Trial 4 finished with value: 0.35 and parameters: {'C': 0.014576110093994574, 'penalty': 'l2'}. Best is trial 0 with value: 0.8.
[I 2026-04-07 01:36:24,497] Trial 5 finished with value: 0.3 and parameters: {'C': 0.0011402340906886685, 'penalty': 'l2'}. Best is trial 0 with value: 0.8.
[I 2026-04-07 01:36:24,522] Trial 6 finished with value: 0.7 and parameters: {'C': 0.14201822862985758, 'penalty': 'l2'}. Best is trial 0 with value: 0.8.
[I 2026-04-07 01:36:24,546] Trial 7 finished with value: 0.65 and parameters: {'C': 0.1027440782219989, 'penalty': 'l2'}. Best is trial 0 with value: 0.8.
[I 2026-04-07 01:36:24,571] Trial 8 finished with value: 0.75 and parameters: {'C': 0.41055690122086846, 'penalty': 'l2'}. Best is trial 0 with value: 0.8.
[I 2026-04-07 01:36:24,596] Trial 9 finished with value: 0.7 and parameters: {'C': 0.24658064201770763, 'penalty': 'l2'}. Best is trial 0 with value: 0.8.
[I 2026-04-07 01:36:24,627] Trial 10 finished with value: 0.75 and parameters: {'C': 5.817250906722227, 'penalty': 'l2'}. Best is trial 0 with value: 0.8.
[I 2026-04-07 01:36:24,668] Trial 11 finished with value: 0.8 and parameters: {'C': 65.32501288941612, 'penalty': 'l2'}. Best is trial 0 with value: 0.8.
[I 2026-04-07 01:36:24,698] Trial 12 finished with value: 0.75 and parameters: {'C': 4.377709439924529, 'penalty': 'l2'}. Best is trial 0 with value: 0.8.
[I 2026-04-07 01:36:24,727] Trial 13 finished with value: 0.8 and parameters: {'C': 82.7447055757053, 'penalty': 'l2'}. Best is trial 0 with value: 0.8.
[I 2026-04-07 01:36:24,767] Trial 14 finished with value: 0.75 and parameters: {'C': 5.484053936900719, 'penalty': 'l2'}. Best is trial 0 with value: 0.8.
[I 2026-04-07 01:36:24,795] Trial 15 finished with value: 0.8 and parameters: {'C': 19.720857672047558, 'penalty': 'l2'}. Best is trial 0 with value: 0.8.
[I 2026-04-07 01:36:24,823] Trial 16 finished with value: 0.75 and parameters: {'C': 1.8557156226210034, 'penalty': 'l2'}. Best is trial 0 with value: 0.8.
[I 2026-04-07 01:36:24,851] Trial 17 finished with value: 0.8 and parameters: {'C': 26.516932569464544, 'penalty': 'l2'}. Best is trial 0 with value: 0.8.
[I 2026-04-07 01:36:24,879] Trial 18 finished with value: 0.75 and parameters: {'C': 1.188244763655516, 'penalty': 'l2'}. Best is trial 0 with value: 0.8.
[I 2026-04-07 01:36:24,918] Trial 19 finished with value: 0.75 and parameters: {'C': 12.093447142589671, 'penalty': 'l2'}. Best is trial 0 with value: 0.8.
[I 2026-04-07 01:36:24,948] Trial 20 finished with value: 0.8 and parameters: {'C': 95.89596440448501, 'penalty': 'l2'}. Best is trial 0 with value: 0.8.
[I 2026-04-07 01:36:24,979] Trial 21 finished with value: 0.8 and parameters: {'C': 28.44943793229338, 'penalty': 'l2'}. Best is trial 0 with value: 0.8.
[I 2026-04-07 01:36:25,018] Trial 22 finished with value: 0.75 and parameters: {'C': 13.869868316172683, 'penalty': 'l2'}. Best is trial 0 with value: 0.8.
[I 2026-04-07 01:36:25,046] Trial 23 finished with value: 0.8 and parameters: {'C': 37.440738291089126, 'penalty': 'l2'}. Best is trial 0 with value: 0.8.
[I 2026-04-07 01:36:25,087] Trial 24 finished with value: 0.75 and parameters: {'C': 2.47685391214756, 'penalty': 'l2'}. Best is trial 0 with value: 0.8.
[I 2026-04-07 01:36:25,117] Trial 25 finished with value: 0.75 and parameters: {'C': 10.036757127704108, 'penalty': 'l2'}. Best is trial 0 with value: 0.8.
[I 2026-04-07 01:36:25,147] Trial 26 finished with value: 0.75 and parameters: {'C': 1.3194627280974967, 'penalty': 'l2'}. Best is trial 0 with value: 0.8.
[I 2026-04-07 01:36:25,186] Trial 27 finished with value: 0.8 and parameters: {'C': 37.191162355747906, 'penalty': 'l2'}. Best is trial 0 with value: 0.8.
[I 2026-04-07 01:36:25,216] Trial 28 finished with value: 0.6 and parameters: {'C': 0.029434059060519695, 'penalty': 'l2'}. Best is trial 0 with value: 0.8.
[I 2026-04-07 01:36:25,247] Trial 29 finished with value: 0.75 and parameters: {'C': 0.9428308103218245, 'penalty': 'l2'}. Best is trial 0 with value: 0.8.
[I 2026-04-07 01:36:25,601] A new study created in memory with name: knn
[I 2026-04-07 01:36:25,625] Trial 0 finished with value: 0.6 and parameters: {'n_neighbors': 9, 'leaf_size': 40, 'p': 1}. Best is trial 0 with value: 0.6.
[I 2026-04-07 01:36:25,640] Trial 1 finished with value: 0.75 and parameters: {'n_neighbors': 4, 'leaf_size': 20, 'p': 1}. Best is trial 1 with value: 0.75.
[I 2026-04-07 01:36:25,653] Trial 2 finished with value: 0.65 and parameters: {'n_neighbors': 7, 'leaf_size': 30, 'p': 1}. Best is trial 1 with value: 0.75.
[I 2026-04-07 01:36:25,667] Trial 3 finished with value: 0.6 and parameters: {'n_neighbors': 9, 'leaf_size': 34, 'p': 1}. Best is trial 1 with value: 0.75.
[I 2026-04-07 01:36:25,692] Trial 4 finished with value: 0.7 and parameters: {'n_neighbors': 5, 'leaf_size': 40, 'p': 1}. Best is trial 1 with value: 0.75.
[I 2026-04-07 01:36:25,707] Trial 5 finished with value: 0.7 and parameters: {'n_neighbors': 3, 'leaf_size': 40, 'p': 2}. Best is trial 1 with value: 0.75.
[I 2026-04-07 01:36:25,721] Trial 6 finished with value: 0.7 and parameters: {'n_neighbors': 3, 'leaf_size': 24, 'p': 2}. Best is trial 1 with value: 0.75.
[I 2026-04-07 01:36:25,735] Trial 7 finished with value: 0.6 and parameters: {'n_neighbors': 5, 'leaf_size': 40, 'p': 2}. Best is trial 1 with value: 0.75.
[I 2026-04-07 01:36:25,759] Trial 8 finished with value: 0.7 and parameters: {'n_neighbors': 6, 'leaf_size': 36, 'p': 1}. Best is trial 1 with value: 0.75.
[I 2026-04-07 01:36:25,774] Trial 9 finished with value: 0.7 and parameters: {'n_neighbors': 6, 'leaf_size': 25, 'p': 1}. Best is trial 1 with value: 0.75.
[I 2026-04-07 01:36:25,800] Trial 10 finished with value: 0.75 and parameters: {'n_neighbors': 4, 'leaf_size': 22, 'p': 2}. Best is trial 1 with value: 0.75.
[I 2026-04-07 01:36:25,836] Trial 11 finished with value: 0.75 and parameters: {'n_neighbors': 4, 'leaf_size': 20, 'p': 2}. Best is trial 1 with value: 0.75.
[I 2026-04-07 01:36:25,860] Trial 12 finished with value: 0.75 and parameters: {'n_neighbors': 4, 'leaf_size': 20, 'p': 2}. Best is trial 1 with value: 0.75.
[I 2026-04-07 01:36:25,886] Trial 13 finished with value: 0.7 and parameters: {'n_neighbors': 7, 'leaf_size': 24, 'p': 2}. Best is trial 1 with value: 0.75.
[I 2026-04-07 01:36:25,908] Trial 14 finished with value: 0.75 and parameters: {'n_neighbors': 4, 'leaf_size': 27, 'p': 1}. Best is trial 1 with value: 0.75.
[I 2026-04-07 01:36:25,930] Trial 15 finished with value: 0.6 and parameters: {'n_neighbors': 5, 'leaf_size': 22, 'p': 2}. Best is trial 1 with value: 0.75.
[I 2026-04-07 01:36:25,955] Trial 16 finished with value: 0.7 and parameters: {'n_neighbors': 8, 'leaf_size': 28, 'p': 2}. Best is trial 1 with value: 0.75.
[I 2026-04-07 01:36:25,978] Trial 17 finished with value: 0.65 and parameters: {'n_neighbors': 3, 'leaf_size': 23, 'p': 1}. Best is trial 1 with value: 0.75.
[I 2026-04-07 01:36:26,003] Trial 18 finished with value: 0.75 and parameters: {'n_neighbors': 4, 'leaf_size': 21, 'p': 2}. Best is trial 1 with value: 0.75.
[I 2026-04-07 01:36:26,025] Trial 19 finished with value: 0.7 and parameters: {'n_neighbors': 5, 'leaf_size': 26, 'p': 1}. Best is trial 1 with value: 0.75.
[I 2026-04-07 01:36:26,049] Trial 20 finished with value: 0.7 and parameters: {'n_neighbors': 6, 'leaf_size': 30, 'p': 1}. Best is trial 1 with value: 0.75.
[I 2026-04-07 01:36:26,083] Trial 21 finished with value: 0.75 and parameters: {'n_neighbors': 4, 'leaf_size': 20, 'p': 2}. Best is trial 1 with value: 0.75.
[I 2026-04-07 01:36:26,109] Trial 22 finished with value: 0.7 and parameters: {'n_neighbors': 3, 'leaf_size': 22, 'p': 2}. Best is trial 1 with value: 0.75.
[I 2026-04-07 01:36:26,132] Trial 23 finished with value: 0.7 and parameters: {'n_neighbors': 10, 'leaf_size': 20, 'p': 2}. Best is trial 1 with value: 0.75.
[I 2026-04-07 01:36:26,169] Trial 24 finished with value: 0.75 and parameters: {'n_neighbors': 4, 'leaf_size': 22, 'p': 2}. Best is trial 1 with value: 0.75.
[I 2026-04-07 01:36:26,196] Trial 25 finished with value: 0.6 and parameters: {'n_neighbors': 5, 'leaf_size': 33, 'p': 2}. Best is trial 1 with value: 0.75.
[I 2026-04-07 01:36:26,221] Trial 26 finished with value: 0.75 and parameters: {'n_neighbors': 4, 'leaf_size': 24, 'p': 2}. Best is trial 1 with value: 0.75.
