[I 2026-04-09 21:09:44,201] Trial 1 finished with value: 0.95 and parameters: {'n_estimators': 100, 'max_depth': 30, 'gamma': 0.34667781579300216, 'subsample': 0.7071175095405257, 'colsample_bytree': 0.6480399663668239}. Best is trial 0 with value: 0.95.
[I 2026-04-09 21:09:44,230] Trial 2 finished with value: 0.95 and parameters: {'n_estimators': 10, 'max_depth': 20, 'gamma': 0.3948075529198607, 'subsample': 0.5720821503267102, 'colsample_bytree': 0.5828064306006338}. Best is trial 0 with value: 0.95.
[I 2026-04-09 21:09:44,258] Trial 3 finished with value: 0.95 and parameters: {'n_estimators': 10, 'max_depth': 30, 'gamma': 0.8015631269999768, 'subsample': 0.5114665462195407, 'colsample_bytree': 0.788831429064878}. Best is trial 0 with value: 0.95.
[I 2026-04-09 21:09:44,296] Trial 4 finished with value: 0.925 and parameters: {'n_estimators': 100, 'max_depth': 5, 'gamma': 0.8834347783013348, 'subsample': 0.961374806972835, 'colsample_bytree': 0.5011071062662218}. Best is trial 0 with value: 0.95.
[I 2026-04-09 21:09:44,322] Trial 5 finished with value: 0.95 and parameters: {'n_estimators': 40, 'max_depth': 5, 'gamma': 0.5364379674896123, 'subsample': 0.5145557818363589, 'colsample_bytree': 0.5432628442011025}. Best is trial 0 with value: 0.95.
[I 2026-04-09 21:09:44,349] Trial 6 finished with value: 0.95 and parameters: {'n_estimators': 100, 'max_depth': 20, 'gamma': 0.6718205850237038, 'subsample': 0.9059511955902053, 'colsample_bytree': 0.9633413076219371}. Best is trial 0 with value: 0.95.
[I 2026-04-09 21:09:44,377] Trial 7 finished with value: 0.95 and parameters: {'n_estimators': 10, 'max_depth': 30, 'gamma': 0.8165284487704038, 'subsample': 0.5255714015506736, 'colsample_bytree': 0.594333867896554}. Best is trial 0 with value: 0.95.
[I 2026-04-09 21:09:44,406] Trial 8 finished with value: 0.95 and parameters: {'n_estimators': 100, 'max_depth': 20, 'gamma': 0.6251497693480509, 'subsample': 0.9696496759824258, 'colsample_bytree': 0.9717700410079397}. Best is trial 0 with value: 0.95.
[I 2026-04-09 21:09:44,433] Trial 9 finished with value: 0.95 and parameters: {'n_estimators': 40, 'max_depth': 30, 'gamma': 0.9649927737686168, 'subsample': 0.6857563076640036, 'colsample_bytree': 0.5061847058001788}. Best is trial 0 with value: 0.95.
[I 2026-04-09 21:09:44,493] Trial 10 finished with value: 0.95 and parameters: {'n_estimators': 40, 'max_depth': 5, 'gamma': 0.17962098877423716, 'subsample': 0.8225184540606401, 'colsample_bytree': 0.7743115296703093}. Best is trial 0 with value: 0.95.
[I 2026-04-09 21:09:44,529] Trial 11 finished with value: 0.925 and parameters: {'n_estimators': 40, 'max_depth': 5, 'gamma': 0.284144177802935, 'subsample': 0.7137332854536631, 'colsample_bytree': 0.6815498556783907}. Best is trial 0 with value: 0.95.
[I 2026-04-09 21:09:44,579] Trial 12 finished with value: 0.95 and parameters: {'n_estimators': 100, 'max_depth': 30, 'gamma': 0.4460361445163697, 'subsample': 0.6425328048515475, 'colsample_bytree': 0.679730053828248}. Best is trial 0 with value: 0.95.
[I 2026-04-09 21:09:44,603] Trial 13 finished with value: 0.95 and parameters: {'n_estimators': 40, 'max_depth': 5, 'gamma': 0.15813912455139084, 'subsample': 0.7844515830692418, 'colsample_bytree': 0.6758652093499296}. Best is trial 0 with value: 0.95.
[I 2026-04-09 21:09:44,636] Trial 14 finished with value: 0.95 and parameters: {'n_estimators': 100, 'max_depth': 30, 'gamma': 0.6918007402171132, 'subsample': 0.8431105857116872, 'colsample_bytree': 0.8216506181347186}. Best is trial 0 with value: 0.95.
[I 2026-04-09 21:09:44,676] Trial 15 finished with value: 0.95 and parameters: {'n_estimators': 100, 'max_depth': 30, 'gamma': 0.349760846204061, 'subsample': 0.6341284233145288, 'colsample_bytree': 0.8604557310580807}. Best is trial 0 with value: 0.95.
[I 2026-04-09 21:09:44,713] Trial 16 finished with value: 0.95 and parameters: {'n_estimators': 40, 'max_depth': 5, 'gamma': 0.5201464803795712, 'subsample': 0.7450819645371771, 'colsample_bytree': 0.6198858180831269}. Best is trial 0 with value: 0.95.
[I 2026-04-09 21:09:44,755] Trial 17 finished with value: 0.95 and parameters: {'n_estimators': 40, 'max_depth': 30, 'gamma': 0.24898809859426368, 'subsample': 0.8794206962560682, 'colsample_bytree': 0.7109611479294711}. Best is trial 0 with value: 0.95.
[I 2026-04-09 21:09:44,799] Trial 18 finished with value: 0.95 and parameters: {'n_estimators': 100, 'max_depth': 5, 'gamma': 0.9913860986584816, 'subsample': 0.7789286533284532, 'colsample_bytree': 0.6271428698415437}. Best is trial 0 with value: 0.95.
[I 2026-04-09 21:09:44,831] Trial 19 finished with value: 0.95 and parameters: {'n_estimators': 10, 'max_depth': 20, 'gamma': 0.1024661458044199, 'subsample': 0.6385018241519915, 'colsample_bytree': 0.7256286391121816}. Best is trial 0 with value: 0.95.
[I 2026-04-09 21:09:44,865] Trial 20 finished with value: 0.95 and parameters: {'n_estimators': 100, 'max_depth': 5, 'gamma': 0.7591732860443527, 'subsample': 0.690163639384909, 'colsample_bytree': 0.8803558534234343}. Best is trial 0 with value: 0.95.
[I 2026-04-09 21:09:44,902] Trial 21 finished with value: 0.95 and parameters: {'n_estimators': 10, 'max_depth': 20, 'gamma': 0.4114206146200162, 'subsample': 0.5787348283873678, 'colsample_bytree': 0.5799921299120425}. Best is trial 0 with value: 0.95.
[I 2026-04-09 21:09:44,942] Trial 22 finished with value: 0.95 and parameters: {'n_estimators': 10, 'max_depth': 20, 'gamma': 0.44013563993373117, 'subsample': 0.5884642358257253, 'colsample_bytree': 0.6396439334383429}. Best is trial 0 with value: 0.95.
[I 2026-04-09 21:09:44,975] Trial 23 finished with value: 0.95 and parameters: {'n_estimators': 10, 'max_depth': 20, 'gamma': 0.3640526720769539, 'subsample': 0.7376906145275179, 'colsample_bytree': 0.5646376443736348}. Best is trial 0 with value: 0.95.
[I 2026-04-09 21:09:45,008] Trial 24 finished with value: 0.95 and parameters: {'n_estimators': 10, 'max_depth': 20, 'gamma': 0.5836653771261503, 'subsample': 0.587601911862339, 'colsample_bytree': 0.6342116043678898}. Best is trial 0 with value: 0.95.
[I 2026-04-09 21:09:45,041] Trial 25 finished with value: 0.95 and parameters: {'n_estimators': 10, 'max_depth': 20, 'gamma': 0.2694330931240215, 'subsample': 0.7985250050147175, 'colsample_bytree': 0.5457868258232631}. Best is trial 0 with value: 0.95.
[I 2026-04-09 21:09:45,082] Trial 26 finished with value: 0.95 and parameters: {'n_estimators': 40, 'max_depth': 30, 'gamma': 0.4991027872300632, 'subsample': 0.6747096314819956, 'colsample_bytree': 0.6637128467472857}. Best is trial 0 with value: 0.95.
[I 2026-04-09 21:09:45,121] Trial 27 finished with value: 0.95 and parameters: {'n_estimators': 10, 'max_depth': 30, 'gamma': 0.3373658061926824, 'subsample': 0.5707029938448864, 'colsample_bytree': 0.7221935867931729}. Best is trial 0 with value: 0.95.
[I 2026-04-09 21:09:45,158] Trial 28 finished with value: 0.95 and parameters: {'n_estimators': 40, 'max_depth': 5, 'gamma': 0.4632819913832272, 'subsample': 0.8708901507233173, 'colsample_bytree': 0.5968207877364301}. Best is trial 0 with value: 0.95.
[I 2026-04-09 21:09:45,198] Trial 29 finished with value: 0.95 and parameters: {'n_estimators': 100, 'max_depth': 20, 'gamma': 0.8972464177448476, 'subsample': 0.723868436480241, 'colsample_bytree': 0.7508709108163548}. Best is trial 0 with value: 0.95.
[I 2026-04-09 21:09:46,067] A new study created in memory with name: rf
[I 2026-04-09 21:09:46,324] Trial 0 finished with value: 0.95 and parameters: {'n_estimators': 189, 'max_depth': 18, 'min_samples_split': 3, 'min_samples_leaf': 10}. Best is trial 0 with value: 0.95.
[I 2026-04-09 21:09:46,651] Trial 1 finished with value: 0.975 and parameters: {'n_estimators': 295, 'max_depth': 14, 'min_samples_split': 8, 'min_samples_leaf': 6}. Best is trial 1 with value: 0.975.
[I 2026-04-09 21:09:46,927] Trial 2 finished with value: 0.975 and parameters: {'n_estimators': 219, 'max_depth': 6, 'min_samples_split': 2, 'min_samples_leaf': 8}. Best is trial 1 with value: 0.975.
[I 2026-04-09 21:09:47,234] Trial 3 finished with value: 0.975 and parameters: {'n_estimators': 276, 'max_depth': 5, 'min_samples_split': 9, 'min_samples_leaf': 3}. Best is trial 1 with value: 0.975.
[I 2026-04-09 21:09:47,561] Trial 4 finished with value: 0.975 and parameters: {'n_estimators': 266, 'max_depth': 8, 'min_samples_split': 7, 'min_samples_leaf': 6}. Best is trial 1 with value: 0.975.
[I 2026-04-09 21:09:47,937] Trial 5 finished with value: 0.975 and parameters: {'n_estimators': 340, 'max_depth': 7, 'min_samples_split': 4, 'min_samples_leaf': 3}. Best is trial 1 with value: 0.975.
[I 2026-04-09 21:09:48,204] Trial 6 finished with value: 0.95 and parameters: {'n_estimators': 231, 'max_depth': 5, 'min_samples_split': 3, 'min_samples_leaf': 10}. Best is trial 1 with value: 0.975.
[I 2026-04-09 21:09:48,736] Trial 7 finished with value: 0.975 and parameters: {'n_estimators': 485, 'max_depth': 6, 'min_samples_split': 2, 'min_samples_leaf': 3}. Best is trial 1 with value: 0.975.
[I 2026-04-09 21:09:49,156] Trial 8 finished with value: 0.95 and parameters: {'n_estimators': 380, 'max_depth': 17, 'min_samples_split': 2, 'min_samples_leaf': 6}. Best is trial 1 with value: 0.975.
[I 2026-04-09 21:09:49,284] Trial 9 finished with value: 0.925 and parameters: {'n_estimators': 100, 'max_depth': 12, 'min_samples_split': 7, 'min_samples_leaf': 10}. Best is trial 1 with value: 0.975.
[I 2026-04-09 21:09:49,761] Trial 10 finished with value: 0.975 and parameters: {'n_estimators': 446, 'max_depth': 13, 'min_samples_split': 10, 'min_samples_leaf': 5}. Best is trial 1 with value: 0.975.
[I 2026-04-09 21:09:49,994] Trial 11 finished with value: 0.925 and parameters: {'n_estimators': 175, 'max_depth': 15, 'min_samples_split': 5, 'min_samples_leaf': 8}. Best is trial 1 with value: 0.975.
[I 2026-04-09 21:09:50,401] Trial 12 finished with value: 0.975 and parameters: {'n_estimators': 342, 'max_depth': 10, 'min_samples_split': 8, 'min_samples_leaf': 8}. Best is trial 1 with value: 0.975.
[I 2026-04-09 21:09:50,595] Trial 13 finished with value: 0.975 and parameters: {'n_estimators': 152, 'max_depth': 10, 'min_samples_split': 6, 'min_samples_leaf': 1}. Best is trial 1 with value: 0.975.
[I 2026-04-09 21:09:50,876] Trial 14 finished with value: 0.95 and parameters: {'n_estimators': 222, 'max_depth': 20, 'min_samples_split': 5, 'min_samples_leaf': 8}. Best is trial 1 with value: 0.975.
[I 2026-04-09 21:09:51,292] Trial 15 finished with value: 0.95 and parameters: {'n_estimators': 308, 'max_depth': 3, 'min_samples_split': 10, 'min_samples_leaf': 7}. Best is trial 1 with value: 0.975.
[I 2026-04-09 21:09:51,773] Trial 16 finished with value: 0.975 and parameters: {'n_estimators': 405, 'max_depth': 14, 'min_samples_split': 8, 'min_samples_leaf': 5}. Best is trial 1 with value: 0.975.
[I 2026-04-09 21:09:52,081] Trial 17 finished with value: 0.95 and parameters: {'n_estimators': 245, 'max_depth': 10, 'min_samples_split': 6, 'min_samples_leaf': 7}. Best is trial 1 with value: 0.975.
[I 2026-04-09 21:09:52,530] Trial 18 finished with value: 0.975 and parameters: {'n_estimators': 310, 'max_depth': 16, 'min_samples_split': 8, 'min_samples_leaf': 4}. Best is trial 1 with value: 0.975.
[I 2026-04-09 21:09:52,735] Trial 19 finished with value: 0.95 and parameters: {'n_estimators': 127, 'max_depth': 3, 'min_samples_split': 4, 'min_samples_leaf': 9}. Best is trial 1 with value: 0.975.
[I 2026-04-09 21:09:53,019] Trial 20 finished with value: 0.975 and parameters: {'n_estimators': 203, 'max_depth': 8, 'min_samples_split': 9, 'min_samples_leaf': 1}. Best is trial 1 with value: 0.975.
[I 2026-04-09 21:09:53,367] Trial 21 finished with value: 0.95 and parameters: {'n_estimators': 279, 'max_depth': 5, 'min_samples_split': 9, 'min_samples_leaf': 3}. Best is trial 1 with value: 0.975.
[I 2026-04-09 21:09:53,692] Trial 22 finished with value: 0.975 and parameters: {'n_estimators': 269, 'max_depth': 4, 'min_samples_split': 9, 'min_samples_leaf': 4}. Best is trial 1 with value: 0.975.
[I 2026-04-09 21:09:54,123] Trial 23 finished with value: 0.975 and parameters: {'n_estimators': 342, 'max_depth': 8, 'min_samples_split': 7, 'min_samples_leaf': 7}. Best is trial 1 with value: 0.975.
[I 2026-04-09 21:09:54,453] Trial 24 finished with value: 0.975 and parameters: {'n_estimators': 247, 'max_depth': 11, 'min_samples_split': 10, 'min_samples_leaf': 4}. Best is trial 1 with value: 0.975.
[I 2026-04-09 21:09:54,864] Trial 25 finished with value: 0.95 and parameters: {'n_estimators': 296, 'max_depth': 6, 'min_samples_split': 8, 'min_samples_leaf': 6}. Best is trial 1 with value: 0.975.
[I 2026-04-09 21:09:55,227] Trial 26 finished with value: 0.975 and parameters: {'n_estimators': 212, 'max_depth': 13, 'min_samples_split': 9, 'min_samples_leaf': 9}. Best is trial 1 with value: 0.975.
[I 2026-04-09 21:09:55,647] Trial 27 finished with value: 0.95 and parameters: {'n_estimators': 373, 'max_depth': 9, 'min_samples_split': 7, 'min_samples_leaf': 2}. Best is trial 1 with value: 0.975.
[I 2026-04-09 21:09:56,016] Trial 28 finished with value: 0.975 and parameters: {'n_estimators': 327, 'max_depth': 5, 'min_samples_split': 6, 'min_samples_leaf': 5}. Best is trial 1 with value: 0.975.
[I 2026-04-09 21:09:56,263] Trial 29 finished with value: 0.975 and parameters: {'n_estimators': 173, 'max_depth': 18, 'min_samples_split': 3, 'min_samples_leaf': 2}. Best is trial 1 with value: 0.975.
[I 2026-04-09 21:09:59,400] A new study created in memory with name: mlp
[I 2026-04-09 21:09:59,445] Trial 0 finished with value: 0.95 and parameters: {'hidden_layer_sizes': (200,), 'max_iter': 50, 'alpha': 0.001}. Best is trial 0 with value: 0.95.
[I 2026-04-09 21:09:59,513] Trial 1 finished with value: 0.95 and parameters: {'hidden_layer_sizes': (100,), 'max_iter': 100, 'alpha': 0.0001}. Best is trial 0 with value: 0.95.
[I 2026-04-09 21:09:59,570] Trial 2 finished with value: 0.95 and parameters: {'hidden_layer_sizes': (100,), 'max_iter': 100, 'alpha': 0.001}. Best is trial 0 with value: 0.95.
[I 2026-04-09 21:09:59,616] Trial 3 finished with value: 0.95 and parameters: {'hidden_layer_sizes': (200,), 'max_iter': 50, 'alpha': 0.001}. Best is trial 0 with value: 0.95.
[I 2026-04-09 21:09:59,670] Trial 4 finished with value: 0.95 and parameters: {'hidden_layer_sizes': (100,), 'max_iter': 100, 'alpha': 0.0001}. Best is trial 0 with value: 0.95.
[I 2026-04-09 21:09:59,722] Trial 5 finished with value: 0.95 and parameters: {'hidden_layer_sizes': (100,), 'max_iter': 100, 'alpha': 0.001}. Best is trial 0 with value: 0.95.
[I 2026-04-09 21:09:59,778] Trial 6 finished with value: 0.95 and parameters: {'hidden_layer_sizes': (200,), 'max_iter': 100, 'alpha': 0.001}. Best is trial 0 with value: 0.95.
[I 2026-04-09 21:09:59,833] Trial 7 finished with value: 0.95 and parameters: {'hidden_layer_sizes': (200,), 'max_iter': 100, 'alpha': 0.001}. Best is trial 0 with value: 0.95.
[I 2026-04-09 21:09:59,879] Trial 8 finished with value: 0.95 and parameters: {'hidden_layer_sizes': (100,), 'max_iter': 100, 'alpha': 0.001}. Best is trial 0 with value: 0.95.
[I 2026-04-09 21:09:59,915] Trial 9 finished with value: 0.975 and parameters: {'hidden_layer_sizes': (100,), 'max_iter': 50, 'alpha': 0.001}. Best is trial 9 with value: 0.975.
[I 2026-04-09 21:09:59,965] Trial 10 finished with value: 0.95 and parameters: {'hidden_layer_sizes': (100, 100), 'max_iter': 50, 'alpha': 0.0001}. Best is trial 9 with value: 0.975.
[I 2026-04-09 21:10:00,011] Trial 11 finished with value: 0.95 and parameters: {'hidden_layer_sizes': (100, 100), 'max_iter': 50, 'alpha': 0.001}. Best is trial 9 with value: 0.975.
[I 2026-04-09 21:10:00,049] Trial 12 finished with value: 0.95 and parameters: {'hidden_layer_sizes': (200,), 'max_iter': 50, 'alpha': 0.001}. Best is trial 9 with value: 0.975.
[I 2026-04-09 21:10:00,087] Trial 13 finished with value: 0.95 and parameters: {'hidden_layer_sizes': (200,), 'max_iter': 50, 'alpha': 0.001}. Best is trial 9 with value: 0.975.
[I 2026-04-09 21:10:00,147] Trial 14 finished with value: 0.95 and parameters: {'hidden_layer_sizes': (100, 100), 'max_iter': 50, 'alpha': 0.0001}. Best is trial 9 with value: 0.975.
[I 2026-04-09 21:10:00,182] Trial 15 finished with value: 0.95 and parameters: {'hidden_layer_sizes': (100,), 'max_iter': 50, 'alpha': 0.001}. Best is trial 9 with value: 0.975.
[I 2026-04-09 21:10:00,216] Trial 16 finished with value: 0.95 and parameters: {'hidden_layer_sizes': (200,), 'max_iter': 50, 'alpha': 0.001}. Best is trial 9 with value: 0.975.
[I 2026-04-09 21:10:00,250] Trial 17 finished with value: 0.95 and parameters: {'hidden_layer_sizes': (200,), 'max_iter': 50, 'alpha': 0.001}. Best is trial 9 with value: 0.975.
[I 2026-04-09 21:10:00,285] Trial 18 finished with value: 0.975 and parameters: {'hidden_layer_sizes': (100,), 'max_iter': 50, 'alpha': 0.0001}. Best is trial 9 with value: 0.975.
[I 2026-04-09 21:10:00,324] Trial 19 finished with value: 0.95 and parameters: {'hidden_layer_sizes': (100,), 'max_iter': 50, 'alpha': 0.0001}. Best is trial 9 with value: 0.975.
[I 2026-04-09 21:10:00,362] Trial 20 finished with value: 0.975 and parameters: {'hidden_layer_sizes': (100,), 'max_iter': 50, 'alpha': 0.0001}. Best is trial 9 with value: 0.975.
[I 2026-04-09 21:10:00,399] Trial 21 finished with value: 0.975 and parameters: {'hidden_layer_sizes': (100,), 'max_iter': 50, 'alpha': 0.0001}. Best is trial 9 with value: 0.975.
[I 2026-04-09 21:10:00,437] Trial 22 finished with value: 0.975 and parameters: {'hidden_layer_sizes': (100,), 'max_iter': 50, 'alpha': 0.0001}. Best is trial 9 with value: 0.975.
[I 2026-04-09 21:10:00,475] Trial 23 finished with value: 0.95 and parameters: {'hidden_layer_sizes': (100,), 'max_iter': 50, 'alpha': 0.0001}. Best is trial 9 with value: 0.975.
[I 2026-04-09 21:10:00,515] Trial 24 finished with value: 0.95 and parameters: {'hidden_layer_sizes': (100,), 'max_iter': 50, 'alpha': 0.0001}. Best is trial 9 with value: 0.975.
[I 2026-04-09 21:10:00,559] Trial 25 finished with value: 0.95 and parameters: {'hidden_layer_sizes': (100,), 'max_iter': 50, 'alpha': 0.0001}. Best is trial 9 with value: 0.975.
[I 2026-04-09 21:10:00,593] Trial 26 finished with value: 0.95 and parameters: {'hidden_layer_sizes': (100,), 'max_iter': 50, 'alpha': 0.0001}. Best is trial 9 with value: 0.975.
[I 2026-04-09 21:10:00,663] Trial 27 finished with value: 0.95 and parameters: {'hidden_layer_sizes': (100, 100), 'max_iter': 50, 'alpha': 0.0001}. Best is trial 9 with value: 0.975.
[I 2026-04-09 21:10:00,699] Trial 28 finished with value: 0.975 and parameters: {'hidden_layer_sizes': (100,), 'max_iter': 50, 'alpha': 0.0001}. Best is trial 9 with value: 0.975.
[I 2026-04-09 21:10:00,733] Trial 29 finished with value: 0.95 and parameters: {'hidden_layer_sizes': (100,), 'max_iter': 50, 'alpha': 0.0001}. Best is trial 9 with value: 0.975.
[I 2026-04-09 21:10:02,199] A new study created in memory with name: naive_bayes
[I 2026-04-09 21:10:02,214] Trial 0 finished with value: 0.725 and parameters: {'var_smoothing': 6.10548688762798e-09}. Best is trial 0 with value: 0.725.
[I 2026-04-09 21:10:02,239] Trial 1 finished with value: 0.725 and parameters: {'var_smoothing': 4.6127467400935034e-10}. Best is trial 0 with value: 0.725.
[I 2026-04-09 21:10:02,252] Trial 2 finished with value: 0.725 and parameters: {'var_smoothing': 4.389936579400967e-09}. Best is trial 0 with value: 0.725.
[I 2026-04-09 21:10:02,264] Trial 3 finished with value: 0.725 and parameters: {'var_smoothing': 1.2116948204672054e-10}. Best is trial 0 with value: 0.725.
[I 2026-04-09 21:10:02,276] Trial 4 finished with value: 0.725 and parameters: {'var_smoothing': 1.6417739478477417e-10}. Best is trial 0 with value: 0.725.
[I 2026-04-09 21:10:02,288] Trial 5 finished with value: 0.725 and parameters: {'var_smoothing': 1.5491880147236797e-09}. Best is trial 0 with value: 0.725.
[I 2026-04-09 21:10:02,300] Trial 6 finished with value: 0.725 and parameters: {'var_smoothing': 1.1471883405287265e-09}. Best is trial 0 with value: 0.725.
[I 2026-04-09 21:10:02,312] Trial 7 finished with value: 0.725 and parameters: {'var_smoothing': 6.88041853492358e-10}. Best is trial 0 with value: 0.725.
[I 2026-04-09 21:10:02,324] Trial 8 finished with value: 0.725 and parameters: {'var_smoothing': 4.686144741221158e-10}. Best is trial 0 with value: 0.725.
[I 2026-04-09 21:10:02,337] Trial 9 finished with value: 0.725 and parameters: {'var_smoothing': 1.7580809350683337e-09}. Best is trial 0 with value: 0.725.
[I 2026-04-09 21:10:02,363] Trial 10 finished with value: 0.725 and parameters: {'var_smoothing': 9.83902635509218e-09}. Best is trial 0 with value: 0.725.
[I 2026-04-09 21:10:02,381] Trial 11 finished with value: 0.725 and parameters: {'var_smoothing': 2.660399871603373e-10}. Best is trial 0 with value: 0.725.
[I 2026-04-09 21:10:02,399] Trial 12 finished with value: 0.725 and parameters: {'var_smoothing': 9.276268851540963e-09}. Best is trial 0 with value: 0.725.
[I 2026-04-09 21:10:02,417] Trial 13 finished with value: 0.725 and parameters: {'var_smoothing': 2.9844010685221692e-09}. Best is trial 0 with value: 0.725.
[I 2026-04-09 21:10:02,446] Trial 14 finished with value: 0.725 and parameters: {'var_smoothing': 3.8923309717334116e-10}. Best is trial 0 with value: 0.725.
[I 2026-04-09 21:10:02,466] Trial 15 finished with value: 0.725 and parameters: {'var_smoothing': 3.85461066627204e-09}. Best is trial 0 with value: 0.725.
[I 2026-04-09 21:10:02,486] Trial 16 finished with value: 0.725 and parameters: {'var_smoothing': 7.120907275009211e-10}. Best is trial 0 with value: 0.725.
[I 2026-04-09 21:10:02,505] Trial 17 finished with value: 0.725 and parameters: {'var_smoothing': 2.412486610614855e-10}. Best is trial 0 with value: 0.725.
[I 2026-04-09 21:10:02,525] Trial 18 finished with value: 0.725 and parameters: {'var_smoothing': 2.3580860166954074e-09}. Best is trial 0 with value: 0.725.
