[I 2026-04-09 19:54:04,462] Trial 15 finished with value: 0.85 and parameters: {'var_smoothing': 9.000422035369052e-09}. Best is trial 0 with value: 0.85.
[I 2026-04-09 19:54:04,479] Trial 16 finished with value: 0.85 and parameters: {'var_smoothing': 2.75340575769171e-10}. Best is trial 0 with value: 0.85.
[I 2026-04-09 19:54:04,510] Trial 17 finished with value: 0.85 and parameters: {'var_smoothing': 1.0118559267516465e-10}. Best is trial 0 with value: 0.85.
[I 2026-04-09 19:54:04,527] Trial 18 finished with value: 0.85 and parameters: {'var_smoothing': 5.126237368588495e-10}. Best is trial 0 with value: 0.85.
[I 2026-04-09 19:54:04,554] Trial 19 finished with value: 0.85 and parameters: {'var_smoothing': 1.7743118427439911e-09}. Best is trial 0 with value: 0.85.
[I 2026-04-09 19:54:04,571] Trial 20 finished with value: 0.85 and parameters: {'var_smoothing': 5.29215399120128e-09}. Best is trial 0 with value: 0.85.
[I 2026-04-09 19:54:04,587] Trial 21 finished with value: 0.85 and parameters: {'var_smoothing': 6.215389304971454e-10}. Best is trial 0 with value: 0.85.
[I 2026-04-09 19:54:04,604] Trial 22 finished with value: 0.85 and parameters: {'var_smoothing': 2.205158371956595e-10}. Best is trial 0 with value: 0.85.
[I 2026-04-09 19:54:04,621] Trial 23 finished with value: 0.85 and parameters: {'var_smoothing': 6.714468189294179e-10}. Best is trial 0 with value: 0.85.
[I 2026-04-09 19:54:04,638] Trial 24 finished with value: 0.85 and parameters: {'var_smoothing': 1.6303611152529254e-09}. Best is trial 0 with value: 0.85.
[I 2026-04-09 19:54:04,653] Trial 25 finished with value: 0.85 and parameters: {'var_smoothing': 5.460180203252778e-09}. Best is trial 0 with value: 0.85.
[I 2026-04-09 19:54:04,668] Trial 26 finished with value: 0.85 and parameters: {'var_smoothing': 1.0123007748054653e-10}. Best is trial 0 with value: 0.85.
[I 2026-04-09 19:54:04,684] Trial 27 finished with value: 0.85 and parameters: {'var_smoothing': 3.7004726843827016e-09}. Best is trial 0 with value: 0.85.
[I 2026-04-09 19:54:04,699] Trial 28 finished with value: 0.85 and parameters: {'var_smoothing': 8.062949328123723e-10}. Best is trial 0 with value: 0.85.
[I 2026-04-09 19:54:04,716] Trial 29 finished with value: 0.85 and parameters: {'var_smoothing': 1.8379694059711336e-09}. Best is trial 0 with value: 0.85.
[I 2026-04-09 19:54:05,167] A new study created in memory with name: logreg
[I 2026-04-09 19:54:05,180] Trial 0 finished with value: 0.45 and parameters: {'C': 0.002407362254570802, 'penalty': 'l2'}. Best is trial 0 with value: 0.45.
[I 2026-04-09 19:54:05,203] Trial 1 finished with value: 0.6 and parameters: {'C': 7.935859334260497, 'penalty': 'l2'}. Best is trial 1 with value: 0.6.
[I 2026-04-09 19:54:05,226] Trial 2 finished with value: 0.4 and parameters: {'C': 0.15561310098067915, 'penalty': 'l2'}. Best is trial 1 with value: 0.6.
[I 2026-04-09 19:54:05,251] Trial 3 finished with value: 0.55 and parameters: {'C': 4.143104515916128, 'penalty': 'l2'}. Best is trial 1 with value: 0.6.
[I 2026-04-09 19:54:05,276] Trial 4 finished with value: 0.6 and parameters: {'C': 77.61533923098803, 'penalty': 'l2'}. Best is trial 1 with value: 0.6.
[I 2026-04-09 19:54:05,299] Trial 5 finished with value: 0.45 and parameters: {'C': 0.49258292359934785, 'penalty': 'l2'}. Best is trial 1 with value: 0.6.
[I 2026-04-09 19:54:05,323] Trial 6 finished with value: 0.4 and parameters: {'C': 0.320333470047146, 'penalty': 'l2'}. Best is trial 1 with value: 0.6.
[I 2026-04-09 19:54:05,348] Trial 7 finished with value: 0.45 and parameters: {'C': 0.002292216671132896, 'penalty': 'l2'}. Best is trial 1 with value: 0.6.
[I 2026-04-09 19:54:05,372] Trial 8 finished with value: 0.4 and parameters: {'C': 0.0219884643872214, 'penalty': 'l2'}. Best is trial 1 with value: 0.6.
[I 2026-04-09 19:54:05,396] Trial 9 finished with value: 0.4 and parameters: {'C': 0.31580027519646636, 'penalty': 'l2'}. Best is trial 1 with value: 0.6.
[I 2026-04-09 19:54:05,425] Trial 10 finished with value: 0.6 and parameters: {'C': 47.045226746887316, 'penalty': 'l2'}. Best is trial 1 with value: 0.6.
[I 2026-04-09 19:54:05,453] Trial 11 finished with value: 0.6 and parameters: {'C': 64.69271142141261, 'penalty': 'l2'}. Best is trial 1 with value: 0.6.
[I 2026-04-09 19:54:05,494] Trial 12 finished with value: 0.6 and parameters: {'C': 9.818422820991712, 'penalty': 'l2'}. Best is trial 1 with value: 0.6.
[I 2026-04-09 19:54:05,524] Trial 13 finished with value: 0.55 and parameters: {'C': 4.4447623889287895, 'penalty': 'l2'}. Best is trial 1 with value: 0.6.
[I 2026-04-09 19:54:05,560] Trial 14 finished with value: 0.6 and parameters: {'C': 17.57410878157983, 'penalty': 'l2'}. Best is trial 1 with value: 0.6.
[I 2026-04-09 19:54:05,602] Trial 15 finished with value: 0.6 and parameters: {'C': 88.49633768223259, 'penalty': 'l2'}. Best is trial 1 with value: 0.6.
[I 2026-04-09 19:54:05,631] Trial 16 finished with value: 0.5 and parameters: {'C': 1.398986312674365, 'penalty': 'l2'}. Best is trial 1 with value: 0.6.
[I 2026-04-09 19:54:05,660] Trial 17 finished with value: 0.6 and parameters: {'C': 23.933077693402467, 'penalty': 'l2'}. Best is trial 1 with value: 0.6.
[I 2026-04-09 19:54:05,688] Trial 18 finished with value: 0.55 and parameters: {'C': 2.6414612553183954, 'penalty': 'l2'}. Best is trial 1 with value: 0.6.
[I 2026-04-09 19:54:05,718] Trial 19 finished with value: 0.4 and parameters: {'C': 0.05383296887712903, 'penalty': 'l2'}. Best is trial 1 with value: 0.6.
[I 2026-04-09 19:54:05,749] Trial 20 finished with value: 0.6 and parameters: {'C': 11.65410839851717, 'penalty': 'l2'}. Best is trial 1 with value: 0.6.
[I 2026-04-09 19:54:05,780] Trial 21 finished with value: 0.6 and parameters: {'C': 28.521515526170607, 'penalty': 'l2'}. Best is trial 1 with value: 0.6.
[I 2026-04-09 19:54:05,813] Trial 22 finished with value: 0.6 and parameters: {'C': 54.556358997468486, 'penalty': 'l2'}. Best is trial 1 with value: 0.6.
[I 2026-04-09 19:54:05,845] Trial 23 finished with value: 0.6 and parameters: {'C': 97.13727099452079, 'penalty': 'l2'}. Best is trial 1 with value: 0.6.
[I 2026-04-09 19:54:05,894] Trial 24 finished with value: 0.55 and parameters: {'C': 7.6212897950191, 'penalty': 'l2'}. Best is trial 1 with value: 0.6.
[I 2026-04-09 19:54:05,923] Trial 25 finished with value: 0.5 and parameters: {'C': 1.3218065552313396, 'penalty': 'l2'}. Best is trial 1 with value: 0.6.
[I 2026-04-09 19:54:05,949] Trial 26 finished with value: 0.6 and parameters: {'C': 26.730209765862764, 'penalty': 'l2'}. Best is trial 1 with value: 0.6.
[I 2026-04-09 19:54:05,975] Trial 27 finished with value: 0.6 and parameters: {'C': 39.24344103822993, 'penalty': 'l2'}. Best is trial 1 with value: 0.6.
[I 2026-04-09 19:54:06,000] Trial 28 finished with value: 0.5 and parameters: {'C': 1.3948043560282801, 'penalty': 'l2'}. Best is trial 1 with value: 0.6.
[I 2026-04-09 19:54:06,025] Trial 29 finished with value: 0.45 and parameters: {'C': 0.011104103350344362, 'penalty': 'l2'}. Best is trial 1 with value: 0.6.
[I 2026-04-09 19:54:06,405] A new study created in memory with name: knn
[I 2026-04-09 19:54:06,418] Trial 0 finished with value: 0.6 and parameters: {'n_neighbors': 3, 'leaf_size': 36, 'p': 2}. Best is trial 0 with value: 0.6.
[I 2026-04-09 19:54:06,444] Trial 1 finished with value: 0.65 and parameters: {'n_neighbors': 10, 'leaf_size': 31, 'p': 1}. Best is trial 1 with value: 0.65.
[I 2026-04-09 19:54:06,466] Trial 2 finished with value: 0.75 and parameters: {'n_neighbors': 5, 'leaf_size': 30, 'p': 2}. Best is trial 2 with value: 0.75.
[I 2026-04-09 19:54:06,500] Trial 3 finished with value: 0.55 and parameters: {'n_neighbors': 6, 'leaf_size': 21, 'p': 2}. Best is trial 2 with value: 0.75.
[I 2026-04-09 19:54:06,531] Trial 4 finished with value: 0.7 and parameters: {'n_neighbors': 4, 'leaf_size': 29, 'p': 1}. Best is trial 2 with value: 0.75.
[I 2026-04-09 19:54:06,545] Trial 5 finished with value: 0.6 and parameters: {'n_neighbors': 7, 'leaf_size': 39, 'p': 2}. Best is trial 2 with value: 0.75.
[I 2026-04-09 19:54:06,558] Trial 6 finished with value: 0.65 and parameters: {'n_neighbors': 10, 'leaf_size': 22, 'p': 2}. Best is trial 2 with value: 0.75.
[I 2026-04-09 19:54:06,571] Trial 7 finished with value: 0.65 and parameters: {'n_neighbors': 8, 'leaf_size': 29, 'p': 2}. Best is trial 2 with value: 0.75.
[I 2026-04-09 19:54:06,594] Trial 8 finished with value: 0.75 and parameters: {'n_neighbors': 5, 'leaf_size': 30, 'p': 2}. Best is trial 2 with value: 0.75.
[I 2026-04-09 19:54:06,628] Trial 9 finished with value: 0.55 and parameters: {'n_neighbors': 9, 'leaf_size': 26, 'p': 1}. Best is trial 2 with value: 0.75.
[I 2026-04-09 19:54:06,663] Trial 10 finished with value: 0.6 and parameters: {'n_neighbors': 5, 'leaf_size': 35, 'p': 1}. Best is trial 2 with value: 0.75.
[I 2026-04-09 19:54:06,699] Trial 11 finished with value: 0.75 and parameters: {'n_neighbors': 5, 'leaf_size': 32, 'p': 2}. Best is trial 2 with value: 0.75.
[I 2026-04-09 19:54:06,723] Trial 12 finished with value: 0.55 and parameters: {'n_neighbors': 6, 'leaf_size': 26, 'p': 2}. Best is trial 2 with value: 0.75.
[I 2026-04-09 19:54:06,748] Trial 13 finished with value: 0.6 and parameters: {'n_neighbors': 3, 'leaf_size': 33, 'p': 2}. Best is trial 2 with value: 0.75.
[I 2026-04-09 19:54:06,785] Trial 14 finished with value: 0.75 and parameters: {'n_neighbors': 5, 'leaf_size': 26, 'p': 2}. Best is trial 2 with value: 0.75.
[I 2026-04-09 19:54:06,811] Trial 15 finished with value: 0.6 and parameters: {'n_neighbors': 7, 'leaf_size': 28, 'p': 2}. Best is trial 2 with value: 0.75.
[I 2026-04-09 19:54:06,834] Trial 16 finished with value: 0.6 and parameters: {'n_neighbors': 4, 'leaf_size': 24, 'p': 2}. Best is trial 2 with value: 0.75.
[I 2026-04-09 19:54:06,867] Trial 17 finished with value: 0.6 and parameters: {'n_neighbors': 4, 'leaf_size': 35, 'p': 2}. Best is trial 2 with value: 0.75.
[I 2026-04-09 19:54:06,890] Trial 18 finished with value: 0.65 and parameters: {'n_neighbors': 6, 'leaf_size': 39, 'p': 1}. Best is trial 2 with value: 0.75.
[I 2026-04-09 19:54:06,913] Trial 19 finished with value: 0.75 and parameters: {'n_neighbors': 5, 'leaf_size': 33, 'p': 2}. Best is trial 2 with value: 0.75.
[I 2026-04-09 19:54:06,933] Trial 20 finished with value: 0.65 and parameters: {'n_neighbors': 8, 'leaf_size': 30, 'p': 2}. Best is trial 2 with value: 0.75.
[I 2026-04-09 19:54:06,953] Trial 21 finished with value: 0.75 and parameters: {'n_neighbors': 5, 'leaf_size': 32, 'p': 2}. Best is trial 2 with value: 0.75.
[I 2026-04-09 19:54:06,983] Trial 22 finished with value: 0.6 and parameters: {'n_neighbors': 4, 'leaf_size': 28, 'p': 2}. Best is trial 2 with value: 0.75.
[I 2026-04-09 19:54:07,013] Trial 23 finished with value: 0.75 and parameters: {'n_neighbors': 5, 'leaf_size': 31, 'p': 2}. Best is trial 2 with value: 0.75.
[I 2026-04-09 19:54:07,033] Trial 24 finished with value: 0.55 and parameters: {'n_neighbors': 6, 'leaf_size': 33, 'p': 2}. Best is trial 2 with value: 0.75.
[I 2026-04-09 19:54:07,052] Trial 25 finished with value: 0.6 and parameters: {'n_neighbors': 7, 'leaf_size': 37, 'p': 2}. Best is trial 2 with value: 0.75.
[I 2026-04-09 19:54:07,072] Trial 26 finished with value: 0.6 and parameters: {'n_neighbors': 3, 'leaf_size': 27, 'p': 1}. Best is trial 2 with value: 0.75.
[I 2026-04-09 19:54:07,105] Trial 27 finished with value: 0.6 and parameters: {'n_neighbors': 4, 'leaf_size': 31, 'p': 2}. Best is trial 2 with value: 0.75.
[I 2026-04-09 19:54:07,131] Trial 28 finished with value: 0.75 and parameters: {'n_neighbors': 5, 'leaf_size': 34, 'p': 2}. Best is trial 2 with value: 0.75.
[I 2026-04-09 19:54:07,151] Trial 29 finished with value: 0.6 and parameters: {'n_neighbors': 3, 'leaf_size': 37, 'p': 2}. Best is trial 2 with value: 0.75.
[I 2026-04-09 19:54:08,394] A new study created in memory with name: xgb
[I 2026-04-09 19:54:08,419] Trial 0 finished with value: 0.65 and parameters: {'n_estimators': 40, 'max_depth': 20, 'gamma': 0.5510084172939441, 'subsample': 0.5360255666798808, 'colsample_bytree': 0.6342194900509356}. Best is trial 0 with value: 0.65.
[I 2026-04-09 19:54:08,442] Trial 1 finished with value: 0.75 and parameters: {'n_estimators': 100, 'max_depth': 5, 'gamma': 0.9186341749476523, 'subsample': 0.6066926767899578, 'colsample_bytree': 0.7260619809088416}. Best is trial 1 with value: 0.75.
[I 2026-04-09 19:54:08,466] Trial 2 finished with value: 0.75 and parameters: {'n_estimators': 10, 'max_depth': 5, 'gamma': 0.9182155373980582, 'subsample': 0.566584722879625, 'colsample_bytree': 0.761706290336883}. Best is trial 1 with value: 0.75.
[I 2026-04-09 19:54:08,490] Trial 3 finished with value: 0.8 and parameters: {'n_estimators': 10, 'max_depth': 20, 'gamma': 0.5296610393664296, 'subsample': 0.6829451928902965, 'colsample_bytree': 0.9189589971546304}. Best is trial 3 with value: 0.8.
[I 2026-04-09 19:54:08,516] Trial 4 finished with value: 0.8 and parameters: {'n_estimators': 10, 'max_depth': 20, 'gamma': 0.6916595165017824, 'subsample': 0.6851755414940176, 'colsample_bytree': 0.7295464889457157}. Best is trial 3 with value: 0.8.
[I 2026-04-09 19:54:08,562] Trial 5 finished with value: 0.85 and parameters: {'n_estimators': 100, 'max_depth': 20, 'gamma': 0.48380821541644814, 'subsample': 0.8171899343169193, 'colsample_bytree': 0.7614531005141727}. Best is trial 5 with value: 0.85.
[I 2026-04-09 19:54:08,590] Trial 6 finished with value: 0.75 and parameters: {'n_estimators': 10, 'max_depth': 5, 'gamma': 0.9599214907026333, 'subsample': 0.8414569271877088, 'colsample_bytree': 0.5265643453364788}. Best is trial 5 with value: 0.85.
[I 2026-04-09 19:54:08,617] Trial 7 finished with value: 0.9 and parameters: {'n_estimators': 40, 'max_depth': 5, 'gamma': 0.5250915966595621, 'subsample': 0.9207383574491986, 'colsample_bytree': 0.565555321173957}. Best is trial 7 with value: 0.9.
[I 2026-04-09 19:54:08,653] Trial 8 finished with value: 0.8 and parameters: {'n_estimators': 100, 'max_depth': 5, 'gamma': 0.3919835527051987, 'subsample': 0.6502094521590198, 'colsample_bytree': 0.5827507002328938}. Best is trial 7 with value: 0.9.
[I 2026-04-09 19:54:08,683] Trial 9 finished with value: 0.85 and parameters: {'n_estimators': 100, 'max_depth': 5, 'gamma': 0.8003922413895069, 'subsample': 0.9436444759263674, 'colsample_bytree': 0.8374593849333938}. Best is trial 7 with value: 0.9.
[I 2026-04-09 19:54:08,717] Trial 10 finished with value: 0.8 and parameters: {'n_estimators': 40, 'max_depth': 30, 'gamma': 0.13445536345660636, 'subsample': 0.9723430481889797, 'colsample_bytree': 0.633084257063925}. Best is trial 7 with value: 0.9.
[I 2026-04-09 19:54:08,750] Trial 11 finished with value: 0.8 and parameters: {'n_estimators': 40, 'max_depth': 30, 'gamma': 0.29122209644860947, 'subsample': 0.8188646581459366, 'colsample_bytree': 0.9774686326953157}. Best is trial 7 with value: 0.9.
[I 2026-04-09 19:54:08,783] Trial 12 finished with value: 0.9 and parameters: {'n_estimators': 100, 'max_depth': 20, 'gamma': 0.5302436012858868, 'subsample': 0.8274957261680288, 'colsample_bytree': 0.8216935759750329}. Best is trial 7 with value: 0.9.
[I 2026-04-09 19:54:08,820] Trial 13 finished with value: 0.85 and parameters: {'n_estimators': 40, 'max_depth': 20, 'gamma': 0.6672673875689135, 'subsample': 0.8967093502540442, 'colsample_bytree': 0.8570657729774062}. Best is trial 7 with value: 0.9.
[I 2026-04-09 19:54:08,856] Trial 14 finished with value: 0.75 and parameters: {'n_estimators': 100, 'max_depth': 30, 'gamma': 0.2956484745467342, 'subsample': 0.7548219616082751, 'colsample_bytree': 0.5203243143080639}. Best is trial 7 with value: 0.9.
[I 2026-04-09 19:54:08,894] Trial 15 finished with value: 0.85 and parameters: {'n_estimators': 40, 'max_depth': 20, 'gamma': 0.6030958066159449, 'subsample': 0.8863466383392214, 'colsample_bytree': 0.8349808489410186}. Best is trial 7 with value: 0.9.
[I 2026-04-09 19:54:08,933] Trial 16 finished with value: 0.85 and parameters: {'n_estimators': 40, 'max_depth': 5, 'gamma': 0.4268406770146353, 'subsample': 0.7496145592653335, 'colsample_bytree': 0.6685414339857216}. Best is trial 7 with value: 0.9.
[I 2026-04-09 19:54:08,984] Trial 17 finished with value: 0.85 and parameters: {'n_estimators': 100, 'max_depth': 5, 'gamma': 0.732850465131513, 'subsample': 0.9296530975021543, 'colsample_bytree': 0.8903229522831735}. Best is trial 7 with value: 0.9.
[I 2026-04-09 19:54:09,023] Trial 18 finished with value: 0.85 and parameters: {'n_estimators': 40, 'max_depth': 20, 'gamma': 0.3442180682462322, 'subsample': 0.7535488758514397, 'colsample_bytree': 0.5809143325892787}. Best is trial 7 with value: 0.9.
[I 2026-04-09 19:54:09,064] Trial 19 finished with value: 0.75 and parameters: {'n_estimators': 100, 'max_depth': 30, 'gamma': 0.20065175090087745, 'subsample': 0.989643356823858, 'colsample_bytree': 0.7952090882556578}. Best is trial 7 with value: 0.9.
[I 2026-04-09 19:54:09,099] Trial 20 finished with value: 0.8 and parameters: {'n_estimators': 100, 'max_depth': 5, 'gamma': 0.8140985818876745, 'subsample': 0.8497868423288564, 'colsample_bytree': 0.993732088431507}. Best is trial 7 with value: 0.9.
[I 2026-04-09 19:54:09,136] Trial 21 finished with value: 0.85 and parameters: {'n_estimators': 100, 'max_depth': 20, 'gamma': 0.4701321537360458, 'subsample': 0.7997487645835286, 'colsample_bytree': 0.7776737398927711}. Best is trial 7 with value: 0.9.
[I 2026-04-09 19:54:09,171] Trial 22 finished with value: 0.9 and parameters: {'n_estimators': 100, 'max_depth': 20, 'gamma': 0.5288304756453105, 'subsample': 0.8799517103095824, 'colsample_bytree': 0.7084977371665454}. Best is trial 7 with value: 0.9.
[I 2026-04-09 19:54:09,210] Trial 23 finished with value: 0.9 and parameters: {'n_estimators': 100, 'max_depth': 20, 'gamma': 0.6110339066554709, 'subsample': 0.8850367912865502, 'colsample_bytree': 0.6895476939342716}. Best is trial 7 with value: 0.9.
[I 2026-04-09 19:54:09,270] Trial 24 finished with value: 0.8 and parameters: {'n_estimators': 100, 'max_depth': 20, 'gamma': 0.5953890908763974, 'subsample': 0.9363950543739628, 'colsample_bytree': 0.5953161573220942}. Best is trial 7 with value: 0.9.
[I 2026-04-09 19:54:09,305] Trial 25 finished with value: 0.9 and parameters: {'n_estimators': 40, 'max_depth': 20, 'gamma': 0.5184323959097752, 'subsample': 0.7834332549244135, 'colsample_bytree': 0.690306834787924}. Best is trial 7 with value: 0.9.
[I 2026-04-09 19:54:09,340] Trial 26 finished with value: 0.8 and parameters: {'n_estimators': 100, 'max_depth': 20, 'gamma': 0.3717501162711626, 'subsample': 0.8641017854156624, 'colsample_bytree': 0.9236274691042361}. Best is trial 7 with value: 0.9.
[I 2026-04-09 19:54:09,390] Trial 27 finished with value: 0.9 and parameters: {'n_estimators': 100, 'max_depth': 20, 'gamma': 0.4474170780270952, 'subsample': 0.9092078863507199, 'colsample_bytree': 0.5567240499514761}. Best is trial 7 with value: 0.9.
[I 2026-04-09 19:54:09,414] Trial 28 finished with value: 0.85 and parameters: {'n_estimators': 10, 'max_depth': 30, 'gamma': 0.6570142873795742, 'subsample': 0.9649624970618229, 'colsample_bytree': 0.6348815579278877}. Best is trial 7 with value: 0.9.
[I 2026-04-09 19:54:09,452] Trial 29 finished with value: 0.85 and parameters: {'n_estimators': 40, 'max_depth': 5, 'gamma': 0.5354719115291572, 'subsample': 0.8589405126603881, 'colsample_bytree': 0.8060483385037686}. Best is trial 7 with value: 0.9.
[I 2026-04-09 19:54:10,580] A new study created in memory with name: rf
[I 2026-04-09 19:54:10,776] Trial 0 finished with value: 0.5 and parameters: {'n_estimators': 130, 'max_depth': 17, 'min_samples_split': 5, 'min_samples_leaf': 8}. Best is trial 0 with value: 0.5.
[I 2026-04-09 19:54:11,313] Trial 1 finished with value: 0.9 and parameters: {'n_estimators': 492, 'max_depth': 12, 'min_samples_split': 6, 'min_samples_leaf': 1}. Best is trial 1 with value: 0.9.
[I 2026-04-09 19:54:11,539] Trial 2 finished with value: 0.5 and parameters: {'n_estimators': 207, 'max_depth': 11, 'min_samples_split': 8, 'min_samples_leaf': 9}. Best is trial 1 with value: 0.9.
[I 2026-04-09 19:54:11,815] Trial 3 finished with value: 0.5 and parameters: {'n_estimators': 252, 'max_depth': 4, 'min_samples_split': 4, 'min_samples_leaf': 10}. Best is trial 1 with value: 0.9.
[I 2026-04-09 19:54:12,039] Trial 4 finished with value: 0.85 and parameters: {'n_estimators': 185, 'max_depth': 11, 'min_samples_split': 10, 'min_samples_leaf': 1}. Best is trial 1 with value: 0.9.
[I 2026-04-09 19:54:12,385] Trial 5 finished with value: 0.8 and parameters: {'n_estimators': 340, 'max_depth': 20, 'min_samples_split': 4, 'min_samples_leaf': 6}. Best is trial 1 with value: 0.9.
[I 2026-04-09 19:54:12,912] Trial 6 finished with value: 0.5 and parameters: {'n_estimators': 464, 'max_depth': 5, 'min_samples_split': 6, 'min_samples_leaf': 8}. Best is trial 1 with value: 0.9.
[I 2026-04-09 19:54:13,321] Trial 7 finished with value: 0.8 and parameters: {'n_estimators': 368, 'max_depth': 11, 'min_samples_split': 3, 'min_samples_leaf': 5}. Best is trial 1 with value: 0.9.
[I 2026-04-09 19:54:13,606] Trial 8 finished with value: 0.5 and parameters: {'n_estimators': 249, 'max_depth': 11, 'min_samples_split': 5, 'min_samples_leaf': 9}. Best is trial 1 with value: 0.9.
[I 2026-04-09 19:54:14,045] Trial 9 finished with value: 0.85 and parameters: {'n_estimators': 408, 'max_depth': 8, 'min_samples_split': 7, 'min_samples_leaf': 3}. Best is trial 1 with value: 0.9.
[I 2026-04-09 19:54:14,609] Trial 10 finished with value: 0.9 and parameters: {'n_estimators': 479, 'max_depth': 15, 'min_samples_split': 2, 'min_samples_leaf': 1}. Best is trial 1 with value: 0.9.
[I 2026-04-09 19:54:15,133] Trial 11 finished with value: 0.9 and parameters: {'n_estimators': 476, 'max_depth': 15, 'min_samples_split': 2, 'min_samples_leaf': 1}. Best is trial 1 with value: 0.9.
