[I 2026-04-09 19:52:36,774] Trial 1 finished with value: 0.9 and parameters: {'n_estimators': 100, 'max_depth': 30, 'gamma': 0.9912018442360747, 'subsample': 0.9099290984609207, 'colsample_bytree': 0.7066004674080903}. Best is trial 0 with value: 0.9.
[I 2026-04-09 19:52:36,801] Trial 2 finished with value: 0.9 and parameters: {'n_estimators': 10, 'max_depth': 20, 'gamma': 0.7382185757030506, 'subsample': 0.7704684271512641, 'colsample_bytree': 0.5624120871903049}. Best is trial 0 with value: 0.9.
[I 2026-04-09 19:52:36,829] Trial 3 finished with value: 0.9 and parameters: {'n_estimators': 10, 'max_depth': 20, 'gamma': 0.7041784887453524, 'subsample': 0.7995029565695583, 'colsample_bytree': 0.8586660727777565}. Best is trial 0 with value: 0.9.
[I 2026-04-09 19:52:36,856] Trial 4 finished with value: 0.85 and parameters: {'n_estimators': 10, 'max_depth': 20, 'gamma': 0.46549701645255037, 'subsample': 0.9946899241400011, 'colsample_bytree': 0.725249640372583}. Best is trial 0 with value: 0.9.
[I 2026-04-09 19:52:36,910] Trial 5 finished with value: 0.95 and parameters: {'n_estimators': 40, 'max_depth': 20, 'gamma': 0.3554734452019276, 'subsample': 0.5947710951851903, 'colsample_bytree': 0.7356254823676576}. Best is trial 5 with value: 0.95.
[I 2026-04-09 19:52:36,936] Trial 6 finished with value: 0.85 and parameters: {'n_estimators': 40, 'max_depth': 20, 'gamma': 0.8967376717636345, 'subsample': 0.988276510203839, 'colsample_bytree': 0.9184542964535913}. Best is trial 5 with value: 0.95.
[I 2026-04-09 19:52:36,961] Trial 7 finished with value: 0.9 and parameters: {'n_estimators': 40, 'max_depth': 30, 'gamma': 0.7149068474388774, 'subsample': 0.5696358027454862, 'colsample_bytree': 0.8514125286992056}. Best is trial 5 with value: 0.95.
[I 2026-04-09 19:52:36,998] Trial 8 finished with value: 0.9 and parameters: {'n_estimators': 100, 'max_depth': 30, 'gamma': 0.2471398756881566, 'subsample': 0.8241126205332553, 'colsample_bytree': 0.6258070715852391}. Best is trial 5 with value: 0.95.
[I 2026-04-09 19:52:37,025] Trial 9 finished with value: 0.9 and parameters: {'n_estimators': 40, 'max_depth': 30, 'gamma': 0.8599846034069103, 'subsample': 0.8019332783535529, 'colsample_bytree': 0.7936068454878676}. Best is trial 5 with value: 0.95.
[I 2026-04-09 19:52:37,064] Trial 10 finished with value: 0.95 and parameters: {'n_estimators': 40, 'max_depth': 5, 'gamma': 0.11132541504315885, 'subsample': 0.5064520294339674, 'colsample_bytree': 0.5354388651065751}. Best is trial 5 with value: 0.95.
[I 2026-04-09 19:52:37,102] Trial 11 finished with value: 0.9 and parameters: {'n_estimators': 40, 'max_depth': 5, 'gamma': 0.10320183957643626, 'subsample': 0.5083591729011359, 'colsample_bytree': 0.5367783702744849}. Best is trial 5 with value: 0.95.
[I 2026-04-09 19:52:37,142] Trial 12 finished with value: 0.9 and parameters: {'n_estimators': 40, 'max_depth': 5, 'gamma': 0.3273879186161104, 'subsample': 0.6388721583525279, 'colsample_bytree': 0.9715083346653923}. Best is trial 5 with value: 0.95.
[I 2026-04-09 19:52:37,176] Trial 13 finished with value: 0.9 and parameters: {'n_estimators': 40, 'max_depth': 5, 'gamma': 0.11701644856579113, 'subsample': 0.5146749793878775, 'colsample_bytree': 0.5538859681272363}. Best is trial 5 with value: 0.95.
[I 2026-04-09 19:52:37,213] Trial 14 finished with value: 0.9 and parameters: {'n_estimators': 40, 'max_depth': 5, 'gamma': 0.3351931893847545, 'subsample': 0.6180115760776673, 'colsample_bytree': 0.5013541727082262}. Best is trial 5 with value: 0.95.
[I 2026-04-09 19:52:37,251] Trial 15 finished with value: 0.9 and parameters: {'n_estimators': 40, 'max_depth': 20, 'gamma': 0.2298167850595741, 'subsample': 0.6801252019512238, 'colsample_bytree': 0.6130029833726239}. Best is trial 5 with value: 0.95.
[I 2026-04-09 19:52:37,307] Trial 16 finished with value: 0.9 and parameters: {'n_estimators': 100, 'max_depth': 5, 'gamma': 0.4616351915039345, 'subsample': 0.5711850033174981, 'colsample_bytree': 0.7741954202356167}. Best is trial 5 with value: 0.95.
[I 2026-04-09 19:52:37,347] Trial 17 finished with value: 0.9 and parameters: {'n_estimators': 40, 'max_depth': 5, 'gamma': 0.25576311910058147, 'subsample': 0.5729315819025618, 'colsample_bytree': 0.6239963720299045}. Best is trial 5 with value: 0.95.
[I 2026-04-09 19:52:37,389] Trial 18 finished with value: 0.9 and parameters: {'n_estimators': 40, 'max_depth': 20, 'gamma': 0.42136136473785685, 'subsample': 0.5047630791493846, 'colsample_bytree': 0.8268250237333261}. Best is trial 5 with value: 0.95.
[I 2026-04-09 19:52:37,425] Trial 19 finished with value: 0.9 and parameters: {'n_estimators': 100, 'max_depth': 5, 'gamma': 0.581452269020325, 'subsample': 0.6342385505944843, 'colsample_bytree': 0.6783050903330117}. Best is trial 5 with value: 0.95.
[I 2026-04-09 19:52:37,472] Trial 20 finished with value: 0.85 and parameters: {'n_estimators': 40, 'max_depth': 20, 'gamma': 0.19575463104456936, 'subsample': 0.6922586780996044, 'colsample_bytree': 0.9933865983974712}. Best is trial 5 with value: 0.95.
[I 2026-04-09 19:52:37,514] Trial 21 finished with value: 0.9 and parameters: {'n_estimators': 10, 'max_depth': 30, 'gamma': 0.5755042660343768, 'subsample': 0.7156344768093291, 'colsample_bytree': 0.6729617823753513}. Best is trial 5 with value: 0.95.
[I 2026-04-09 19:52:37,547] Trial 22 finished with value: 0.9 and parameters: {'n_estimators': 10, 'max_depth': 30, 'gamma': 0.36435771914997445, 'subsample': 0.5673808889604807, 'colsample_bytree': 0.7559545700688048}. Best is trial 5 with value: 0.95.
[I 2026-04-09 19:52:37,591] Trial 23 finished with value: 0.9 and parameters: {'n_estimators': 10, 'max_depth': 30, 'gamma': 0.6309901541109671, 'subsample': 0.7313039513719127, 'colsample_bytree': 0.5960093352116378}. Best is trial 5 with value: 0.95.
[I 2026-04-09 19:52:37,625] Trial 24 finished with value: 0.95 and parameters: {'n_estimators': 10, 'max_depth': 30, 'gamma': 0.5096095072164681, 'subsample': 0.6093164413627504, 'colsample_bytree': 0.6683268325613098}. Best is trial 5 with value: 0.95.
[I 2026-04-09 19:52:37,648] Trial 25 finished with value: 0.95 and parameters: {'n_estimators': 10, 'max_depth': 5, 'gamma': 0.4974181257293162, 'subsample': 0.6070873636730343, 'colsample_bytree': 0.7018229307538336}. Best is trial 5 with value: 0.95.
[I 2026-04-09 19:52:37,682] Trial 26 finished with value: 0.9 and parameters: {'n_estimators': 40, 'max_depth': 20, 'gamma': 0.38569674472158944, 'subsample': 0.5418027759715739, 'colsample_bytree': 0.7401421859478842}. Best is trial 5 with value: 0.95.
[I 2026-04-09 19:52:37,719] Trial 27 finished with value: 0.9 and parameters: {'n_estimators': 100, 'max_depth': 20, 'gamma': 0.17226674818302729, 'subsample': 0.6646772707316266, 'colsample_bytree': 0.5038031600582225}. Best is trial 5 with value: 0.95.
[I 2026-04-09 19:52:37,752] Trial 28 finished with value: 0.95 and parameters: {'n_estimators': 40, 'max_depth': 5, 'gamma': 0.2823960037150531, 'subsample': 0.5978220212104736, 'colsample_bytree': 0.5882485782548165}. Best is trial 5 with value: 0.95.
[I 2026-04-09 19:52:37,783] Trial 29 finished with value: 0.9 and parameters: {'n_estimators': 10, 'max_depth': 30, 'gamma': 0.5148047232605026, 'subsample': 0.6558276860184507, 'colsample_bytree': 0.6530837479604651}. Best is trial 5 with value: 0.95.
[I 2026-04-09 19:52:38,771] A new study created in memory with name: rf
[I 2026-04-09 19:52:39,279] Trial 0 finished with value: 0.9 and parameters: {'n_estimators': 458, 'max_depth': 8, 'min_samples_split': 9, 'min_samples_leaf': 1}. Best is trial 0 with value: 0.9.
[I 2026-04-09 19:52:39,447] Trial 1 finished with value: 0.9 and parameters: {'n_estimators': 143, 'max_depth': 13, 'min_samples_split': 6, 'min_samples_leaf': 5}. Best is trial 0 with value: 0.9.
[I 2026-04-09 19:52:39,746] Trial 2 finished with value: 0.5 and parameters: {'n_estimators': 234, 'max_depth': 14, 'min_samples_split': 5, 'min_samples_leaf': 8}. Best is trial 0 with value: 0.9.
[I 2026-04-09 19:52:40,126] Trial 3 finished with value: 0.5 and parameters: {'n_estimators': 307, 'max_depth': 13, 'min_samples_split': 7, 'min_samples_leaf': 10}. Best is trial 0 with value: 0.9.
[I 2026-04-09 19:52:40,576] Trial 4 finished with value: 0.5 and parameters: {'n_estimators': 428, 'max_depth': 10, 'min_samples_split': 9, 'min_samples_leaf': 9}. Best is trial 0 with value: 0.9.
[I 2026-04-09 19:52:40,741] Trial 5 finished with value: 0.5 and parameters: {'n_estimators': 121, 'max_depth': 15, 'min_samples_split': 9, 'min_samples_leaf': 8}. Best is trial 0 with value: 0.9.
[I 2026-04-09 19:52:41,141] Trial 6 finished with value: 0.5 and parameters: {'n_estimators': 384, 'max_depth': 12, 'min_samples_split': 3, 'min_samples_leaf': 10}. Best is trial 0 with value: 0.9.
[I 2026-04-09 19:52:41,459] Trial 7 finished with value: 0.5 and parameters: {'n_estimators': 261, 'max_depth': 6, 'min_samples_split': 8, 'min_samples_leaf': 10}. Best is trial 0 with value: 0.9.
[I 2026-04-09 19:52:41,715] Trial 8 finished with value: 0.5 and parameters: {'n_estimators': 202, 'max_depth': 15, 'min_samples_split': 7, 'min_samples_leaf': 8}. Best is trial 0 with value: 0.9.
[I 2026-04-09 19:52:42,245] Trial 9 finished with value: 0.9 and parameters: {'n_estimators': 475, 'max_depth': 9, 'min_samples_split': 4, 'min_samples_leaf': 5}. Best is trial 0 with value: 0.9.
[I 2026-04-09 19:52:42,683] Trial 10 finished with value: 0.9 and parameters: {'n_estimators': 352, 'max_depth': 20, 'min_samples_split': 10, 'min_samples_leaf': 1}. Best is trial 0 with value: 0.9.
[I 2026-04-09 19:52:42,841] Trial 11 finished with value: 0.9 and parameters: {'n_estimators': 110, 'max_depth': 4, 'min_samples_split': 6, 'min_samples_leaf': 1}. Best is trial 0 with value: 0.9.
[I 2026-04-09 19:52:43,446] Trial 12 finished with value: 0.9 and parameters: {'n_estimators': 489, 'max_depth': 7, 'min_samples_split': 2, 'min_samples_leaf': 4}. Best is trial 0 with value: 0.9.
[I 2026-04-09 19:52:43,758] Trial 13 finished with value: 0.9 and parameters: {'n_estimators': 201, 'max_depth': 18, 'min_samples_split': 5, 'min_samples_leaf': 3}. Best is trial 0 with value: 0.9.
[I 2026-04-09 19:52:43,978] Trial 14 finished with value: 0.85 and parameters: {'n_estimators': 157, 'max_depth': 9, 'min_samples_split': 7, 'min_samples_leaf': 6}. Best is trial 0 with value: 0.9.
[I 2026-04-09 19:52:44,374] Trial 15 finished with value: 0.9 and parameters: {'n_estimators': 308, 'max_depth': 3, 'min_samples_split': 10, 'min_samples_leaf': 3}. Best is trial 0 with value: 0.9.
[I 2026-04-09 19:52:44,907] Trial 16 finished with value: 0.95 and parameters: {'n_estimators': 423, 'max_depth': 17, 'min_samples_split': 6, 'min_samples_leaf': 6}. Best is trial 16 with value: 0.95.
[I 2026-04-09 19:52:45,412] Trial 17 finished with value: 0.6 and parameters: {'n_estimators': 426, 'max_depth': 17, 'min_samples_split': 8, 'min_samples_leaf': 7}. Best is trial 16 with value: 0.95.
[I 2026-04-09 19:52:45,939] Trial 18 finished with value: 0.9 and parameters: {'n_estimators': 435, 'max_depth': 20, 'min_samples_split': 5, 'min_samples_leaf': 2}. Best is trial 16 with value: 0.95.
[I 2026-04-09 19:52:46,372] Trial 19 finished with value: 0.95 and parameters: {'n_estimators': 362, 'max_depth': 6, 'min_samples_split': 8, 'min_samples_leaf': 6}. Best is trial 16 with value: 0.95.
[I 2026-04-09 19:52:46,785] Trial 20 finished with value: 0.95 and parameters: {'n_estimators': 366, 'max_depth': 5, 'min_samples_split': 8, 'min_samples_leaf': 6}. Best is trial 16 with value: 0.95.
[I 2026-04-09 19:52:47,211] Trial 21 finished with value: 0.9 and parameters: {'n_estimators': 363, 'max_depth': 5, 'min_samples_split': 8, 'min_samples_leaf': 6}. Best is trial 16 with value: 0.95.
[I 2026-04-09 19:52:47,642] Trial 22 finished with value: 0.6 and parameters: {'n_estimators': 386, 'max_depth': 6, 'min_samples_split': 7, 'min_samples_leaf': 7}. Best is trial 16 with value: 0.95.
[I 2026-04-09 19:52:48,038] Trial 23 finished with value: 0.9 and parameters: {'n_estimators': 339, 'max_depth': 3, 'min_samples_split': 8, 'min_samples_leaf': 6}. Best is trial 16 with value: 0.95.
[I 2026-04-09 19:52:48,518] Trial 24 finished with value: 0.9 and parameters: {'n_estimators': 407, 'max_depth': 11, 'min_samples_split': 6, 'min_samples_leaf': 4}. Best is trial 16 with value: 0.95.
[I 2026-04-09 19:52:48,901] Trial 25 finished with value: 0.55 and parameters: {'n_estimators': 323, 'max_depth': 5, 'min_samples_split': 4, 'min_samples_leaf': 7}. Best is trial 16 with value: 0.95.
[I 2026-04-09 19:52:49,220] Trial 26 finished with value: 0.9 and parameters: {'n_estimators': 268, 'max_depth': 17, 'min_samples_split': 9, 'min_samples_leaf': 4}. Best is trial 16 with value: 0.95.
[I 2026-04-09 19:52:49,689] Trial 27 finished with value: 0.9 and parameters: {'n_estimators': 389, 'max_depth': 7, 'min_samples_split': 6, 'min_samples_leaf': 5}. Best is trial 16 with value: 0.95.
[I 2026-04-09 19:52:50,010] Trial 28 finished with value: 0.5 and parameters: {'n_estimators': 282, 'max_depth': 11, 'min_samples_split': 7, 'min_samples_leaf': 7}. Best is trial 16 with value: 0.95.
[I 2026-04-09 19:52:50,564] Trial 29 finished with value: 0.9 and parameters: {'n_estimators': 456, 'max_depth': 8, 'min_samples_split': 10, 'min_samples_leaf': 6}. Best is trial 16 with value: 0.95.
[I 2026-04-09 19:52:54,401] A new study created in memory with name: mlp
[I 2026-04-09 19:52:54,466] Trial 0 finished with value: 0.9 and parameters: {'hidden_layer_sizes': (100,), 'max_iter': 100, 'alpha': 0.0001}. Best is trial 0 with value: 0.9.
[I 2026-04-09 19:52:54,544] Trial 1 finished with value: 0.75 and parameters: {'hidden_layer_sizes': (100, 100), 'max_iter': 100, 'alpha': 0.001}. Best is trial 0 with value: 0.9.
[I 2026-04-09 19:52:54,600] Trial 2 finished with value: 0.7 and parameters: {'hidden_layer_sizes': (200,), 'max_iter': 100, 'alpha': 0.0001}. Best is trial 0 with value: 0.9.
[I 2026-04-09 19:52:54,634] Trial 3 finished with value: 0.6 and parameters: {'hidden_layer_sizes': (200,), 'max_iter': 50, 'alpha': 0.001}. Best is trial 0 with value: 0.9.
[I 2026-04-09 19:52:54,678] Trial 4 finished with value: 0.85 and parameters: {'hidden_layer_sizes': (100, 100), 'max_iter': 50, 'alpha': 0.0001}. Best is trial 0 with value: 0.9.
[I 2026-04-09 19:52:54,723] Trial 5 finished with value: 0.9 and parameters: {'hidden_layer_sizes': (200,), 'max_iter': 100, 'alpha': 0.0001}. Best is trial 0 with value: 0.9.
[I 2026-04-09 19:52:54,782] Trial 6 finished with value: 0.7 and parameters: {'hidden_layer_sizes': (200,), 'max_iter': 100, 'alpha': 0.001}. Best is trial 0 with value: 0.9.
[I 2026-04-09 19:52:54,828] Trial 7 finished with value: 0.8 and parameters: {'hidden_layer_sizes': (100,), 'max_iter': 100, 'alpha': 0.001}. Best is trial 0 with value: 0.9.
[I 2026-04-09 19:52:54,893] Trial 8 finished with value: 0.75 and parameters: {'hidden_layer_sizes': (100, 100), 'max_iter': 100, 'alpha': 0.0001}. Best is trial 0 with value: 0.9.
[I 2026-04-09 19:52:54,940] Trial 9 finished with value: 0.8 and parameters: {'hidden_layer_sizes': (200,), 'max_iter': 100, 'alpha': 0.0001}. Best is trial 0 with value: 0.9.
[I 2026-04-09 19:52:54,968] Trial 10 finished with value: 0.65 and parameters: {'hidden_layer_sizes': (100,), 'max_iter': 50, 'alpha': 0.0001}. Best is trial 0 with value: 0.9.
[I 2026-04-09 19:52:55,027] Trial 11 finished with value: 0.8 and parameters: {'hidden_layer_sizes': (100,), 'max_iter': 100, 'alpha': 0.0001}. Best is trial 0 with value: 0.9.
[I 2026-04-09 19:52:55,104] Trial 12 finished with value: 0.8 and parameters: {'hidden_layer_sizes': (100,), 'max_iter': 100, 'alpha': 0.0001}. Best is trial 0 with value: 0.9.
[I 2026-04-09 19:52:55,163] Trial 13 finished with value: 0.9 and parameters: {'hidden_layer_sizes': (200,), 'max_iter': 100, 'alpha': 0.0001}. Best is trial 0 with value: 0.9.
[I 2026-04-09 19:52:55,209] Trial 14 finished with value: 0.9 and parameters: {'hidden_layer_sizes': (100,), 'max_iter': 50, 'alpha': 0.0001}. Best is trial 0 with value: 0.9.
[I 2026-04-09 19:52:55,262] Trial 15 finished with value: 0.9 and parameters: {'hidden_layer_sizes': (200,), 'max_iter': 100, 'alpha': 0.0001}. Best is trial 0 with value: 0.9.
[I 2026-04-09 19:52:55,308] Trial 16 finished with value: 0.8 and parameters: {'hidden_layer_sizes': (100,), 'max_iter': 100, 'alpha': 0.0001}. Best is trial 0 with value: 0.9.
[I 2026-04-09 19:52:55,352] Trial 17 finished with value: 0.85 and parameters: {'hidden_layer_sizes': (100,), 'max_iter': 100, 'alpha': 0.0001}. Best is trial 0 with value: 0.9.
[I 2026-04-09 19:52:55,389] Trial 18 finished with value: 0.75 and parameters: {'hidden_layer_sizes': (200,), 'max_iter': 50, 'alpha': 0.001}. Best is trial 0 with value: 0.9.
[I 2026-04-09 19:52:55,458] Trial 19 finished with value: 0.8 and parameters: {'hidden_layer_sizes': (100, 100), 'max_iter': 100, 'alpha': 0.0001}. Best is trial 0 with value: 0.9.
[I 2026-04-09 19:52:55,493] Trial 20 finished with value: 0.7 and parameters: {'hidden_layer_sizes': (100,), 'max_iter': 100, 'alpha': 0.0001}. Best is trial 0 with value: 0.9.
[I 2026-04-09 19:52:55,539] Trial 21 finished with value: 0.85 and parameters: {'hidden_layer_sizes': (200,), 'max_iter': 100, 'alpha': 0.0001}. Best is trial 0 with value: 0.9.
[I 2026-04-09 19:52:55,584] Trial 22 finished with value: 0.8 and parameters: {'hidden_layer_sizes': (200,), 'max_iter': 100, 'alpha': 0.0001}. Best is trial 0 with value: 0.9.
[I 2026-04-09 19:52:55,638] Trial 23 finished with value: 0.9 and parameters: {'hidden_layer_sizes': (200,), 'max_iter': 100, 'alpha': 0.0001}. Best is trial 0 with value: 0.9.
[I 2026-04-09 19:52:55,687] Trial 24 finished with value: 0.75 and parameters: {'hidden_layer_sizes': (200,), 'max_iter': 100, 'alpha': 0.0001}. Best is trial 0 with value: 0.9.
[I 2026-04-09 19:52:55,736] Trial 25 finished with value: 0.7 and parameters: {'hidden_layer_sizes': (200,), 'max_iter': 100, 'alpha': 0.0001}. Best is trial 0 with value: 0.9.
[I 2026-04-09 19:52:55,771] Trial 26 finished with value: 0.85 and parameters: {'hidden_layer_sizes': (200,), 'max_iter': 50, 'alpha': 0.001}. Best is trial 0 with value: 0.9.
[I 2026-04-09 19:52:55,836] Trial 27 finished with value: 0.8 and parameters: {'hidden_layer_sizes': (200,), 'max_iter': 100, 'alpha': 0.0001}. Best is trial 0 with value: 0.9.
[I 2026-04-09 19:52:55,901] Trial 28 finished with value: 0.9 and parameters: {'hidden_layer_sizes': (100, 100), 'max_iter': 100, 'alpha': 0.0001}. Best is trial 0 with value: 0.9.
[I 2026-04-09 19:52:55,947] Trial 29 finished with value: 0.8 and parameters: {'hidden_layer_sizes': (100,), 'max_iter': 100, 'alpha': 0.001}. Best is trial 0 with value: 0.9.
[I 2026-04-09 19:53:04,997] A new study created in memory with name: naive_bayes
[I 2026-04-09 19:53:05,011] Trial 0 finished with value: 1.0 and parameters: {'var_smoothing': 6.10548688762798e-09}. Best is trial 0 with value: 1.0.
[I 2026-04-09 19:53:05,034] Trial 1 finished with value: 1.0 and parameters: {'var_smoothing': 4.6127467400935034e-10}. Best is trial 0 with value: 1.0.
[I 2026-04-09 19:53:05,048] Trial 2 finished with value: 1.0 and parameters: {'var_smoothing': 4.389936579400967e-09}. Best is trial 0 with value: 1.0.
[I 2026-04-09 19:53:05,061] Trial 3 finished with value: 1.0 and parameters: {'var_smoothing': 1.2116948204672054e-10}. Best is trial 0 with value: 1.0.
[I 2026-04-09 19:53:05,077] Trial 4 finished with value: 1.0 and parameters: {'var_smoothing': 1.6417739478477417e-10}. Best is trial 0 with value: 1.0.
[I 2026-04-09 19:53:05,090] Trial 5 finished with value: 1.0 and parameters: {'var_smoothing': 1.5491880147236797e-09}. Best is trial 0 with value: 1.0.
[I 2026-04-09 19:53:05,102] Trial 6 finished with value: 1.0 and parameters: {'var_smoothing': 1.1471883405287265e-09}. Best is trial 0 with value: 1.0.
[I 2026-04-09 19:53:05,114] Trial 7 finished with value: 1.0 and parameters: {'var_smoothing': 6.88041853492358e-10}. Best is trial 0 with value: 1.0.
[I 2026-04-09 19:53:05,127] Trial 8 finished with value: 1.0 and parameters: {'var_smoothing': 4.686144741221158e-10}. Best is trial 0 with value: 1.0.
[I 2026-04-09 19:53:05,151] Trial 9 finished with value: 1.0 and parameters: {'var_smoothing': 1.7580809350683337e-09}. Best is trial 0 with value: 1.0.
[I 2026-04-09 19:53:05,172] Trial 10 finished with value: 1.0 and parameters: {'var_smoothing': 9.83902635509218e-09}. Best is trial 0 with value: 1.0.
[I 2026-04-09 19:53:05,192] Trial 11 finished with value: 1.0 and parameters: {'var_smoothing': 2.660399871603373e-10}. Best is trial 0 with value: 1.0.
[I 2026-04-09 19:53:05,213] Trial 12 finished with value: 1.0 and parameters: {'var_smoothing': 9.276268851540963e-09}. Best is trial 0 with value: 1.0.
[I 2026-04-09 19:53:05,233] Trial 13 finished with value: 1.0 and parameters: {'var_smoothing': 2.9844010685221692e-09}. Best is trial 0 with value: 1.0.
[I 2026-04-09 19:53:05,253] Trial 14 finished with value: 1.0 and parameters: {'var_smoothing': 3.8923309717334116e-10}. Best is trial 0 with value: 1.0.
[I 2026-04-09 19:53:05,271] Trial 15 finished with value: 1.0 and parameters: {'var_smoothing': 3.85461066627204e-09}. Best is trial 0 with value: 1.0.
[I 2026-04-09 19:53:05,300] Trial 16 finished with value: 1.0 and parameters: {'var_smoothing': 7.120907275009211e-10}. Best is trial 0 with value: 1.0.
[I 2026-04-09 19:53:05,320] Trial 17 finished with value: 1.0 and parameters: {'var_smoothing': 2.412486610614855e-10}. Best is trial 0 with value: 1.0.
[I 2026-04-09 19:53:05,337] Trial 18 finished with value: 1.0 and parameters: {'var_smoothing': 2.3580860166954074e-09}. Best is trial 0 with value: 1.0.
[I 2026-04-09 19:53:05,354] Trial 19 finished with value: 1.0 and parameters: {'var_smoothing': 5.846846875339535e-09}. Best is trial 0 with value: 1.0.
