[I 2026-04-07 03:15:39,446] Trial 1 finished with value: 0.975 and parameters: {'n_estimators': 40, 'max_depth': 5, 'gamma': 0.483482593428573, 'subsample': 0.6445375140090439, 'colsample_bytree': 0.9869276206002231}. Best is trial 0 with value: 0.975.
[I 2026-04-07 03:15:39,474] Trial 2 finished with value: 0.975 and parameters: {'n_estimators': 10, 'max_depth': 5, 'gamma': 0.16384856027517886, 'subsample': 0.6123849694840227, 'colsample_bytree': 0.6968174574718025}. Best is trial 0 with value: 0.975.
[I 2026-04-07 03:15:39,511] Trial 3 finished with value: 0.975 and parameters: {'n_estimators': 100, 'max_depth': 30, 'gamma': 0.7877441182293641, 'subsample': 0.9694019566553859, 'colsample_bytree': 0.6598448982335139}. Best is trial 0 with value: 0.975.
[I 2026-04-07 03:15:39,548] Trial 4 finished with value: 0.95 and parameters: {'n_estimators': 100, 'max_depth': 5, 'gamma': 0.816017102586079, 'subsample': 0.5160040782128984, 'colsample_bytree': 0.7277239110529665}. Best is trial 0 with value: 0.975.
[I 2026-04-07 03:15:39,576] Trial 5 finished with value: 1.0 and parameters: {'n_estimators': 40, 'max_depth': 20, 'gamma': 0.6643500821697236, 'subsample': 0.6076588997363731, 'colsample_bytree': 0.5754850538287481}. Best is trial 5 with value: 1.0.
[I 2026-04-07 03:15:39,605] Trial 6 finished with value: 0.975 and parameters: {'n_estimators': 100, 'max_depth': 20, 'gamma': 0.6361752212866232, 'subsample': 0.8309913561372338, 'colsample_bytree': 0.7552902276266351}. Best is trial 5 with value: 1.0.
[I 2026-04-07 03:15:39,633] Trial 7 finished with value: 0.975 and parameters: {'n_estimators': 10, 'max_depth': 5, 'gamma': 0.5767347850317142, 'subsample': 0.7995431264700696, 'colsample_bytree': 0.8604622333437917}. Best is trial 5 with value: 1.0.
[I 2026-04-07 03:15:39,660] Trial 8 finished with value: 0.975 and parameters: {'n_estimators': 100, 'max_depth': 20, 'gamma': 0.8470554948938058, 'subsample': 0.860339005739911, 'colsample_bytree': 0.9331308414408237}. Best is trial 5 with value: 1.0.
[I 2026-04-07 03:15:39,695] Trial 9 finished with value: 0.975 and parameters: {'n_estimators': 100, 'max_depth': 30, 'gamma': 0.574951454577921, 'subsample': 0.9696020680119358, 'colsample_bytree': 0.8616917074936369}. Best is trial 5 with value: 1.0.
[I 2026-04-07 03:15:39,733] Trial 10 finished with value: 1.0 and parameters: {'n_estimators': 40, 'max_depth': 20, 'gamma': 0.25114105728599195, 'subsample': 0.5214379676091062, 'colsample_bytree': 0.525322130410742}. Best is trial 5 with value: 1.0.
[I 2026-04-07 03:15:39,773] Trial 11 finished with value: 1.0 and parameters: {'n_estimators': 40, 'max_depth': 20, 'gamma': 0.21368860746262652, 'subsample': 0.5005044321862977, 'colsample_bytree': 0.5002186372900964}. Best is trial 5 with value: 1.0.
[I 2026-04-07 03:15:39,813] Trial 12 finished with value: 1.0 and parameters: {'n_estimators': 40, 'max_depth': 20, 'gamma': 0.3724367138266351, 'subsample': 0.5843861231229354, 'colsample_bytree': 0.5014253861391043}. Best is trial 5 with value: 1.0.
[I 2026-04-07 03:15:39,854] Trial 13 finished with value: 1.0 and parameters: {'n_estimators': 40, 'max_depth': 20, 'gamma': 0.9905794525670395, 'subsample': 0.7001928624187627, 'colsample_bytree': 0.5971152275202863}. Best is trial 5 with value: 1.0.
[I 2026-04-07 03:15:39,893] Trial 14 finished with value: 1.0 and parameters: {'n_estimators': 40, 'max_depth': 20, 'gamma': 0.30850617665566116, 'subsample': 0.5615428825175578, 'colsample_bytree': 0.584561517835785}. Best is trial 5 with value: 1.0.
[I 2026-04-07 03:15:39,933] Trial 15 finished with value: 1.0 and parameters: {'n_estimators': 40, 'max_depth': 20, 'gamma': 0.6938593553614454, 'subsample': 0.7099780090488994, 'colsample_bytree': 0.588636158114704}. Best is trial 5 with value: 1.0.
[I 2026-04-07 03:15:39,971] Trial 16 finished with value: 0.975 and parameters: {'n_estimators': 40, 'max_depth': 20, 'gamma': 0.3770799032721925, 'subsample': 0.6495137554350281, 'colsample_bytree': 0.5537419566014269}. Best is trial 5 with value: 1.0.
[I 2026-04-07 03:15:40,010] Trial 17 finished with value: 0.975 and parameters: {'n_estimators': 10, 'max_depth': 30, 'gamma': 0.2640349745999577, 'subsample': 0.5505103401715226, 'colsample_bytree': 0.6608932906276479}. Best is trial 5 with value: 1.0.
[I 2026-04-07 03:15:40,048] Trial 18 finished with value: 0.975 and parameters: {'n_estimators': 40, 'max_depth': 20, 'gamma': 0.11370467688387698, 'subsample': 0.7729224387280469, 'colsample_bytree': 0.6350199416197077}. Best is trial 5 with value: 1.0.
[I 2026-04-07 03:15:40,089] Trial 19 finished with value: 1.0 and parameters: {'n_estimators': 40, 'max_depth': 20, 'gamma': 0.7175940499966846, 'subsample': 0.6190009288495012, 'colsample_bytree': 0.539189683878303}. Best is trial 5 with value: 1.0.
[I 2026-04-07 03:15:40,126] Trial 20 finished with value: 0.975 and parameters: {'n_estimators': 10, 'max_depth': 30, 'gamma': 0.45191156479677563, 'subsample': 0.5333986681785308, 'colsample_bytree': 0.5422835862743823}. Best is trial 5 with value: 1.0.
[I 2026-04-07 03:15:40,163] Trial 21 finished with value: 1.0 and parameters: {'n_estimators': 40, 'max_depth': 20, 'gamma': 0.18410723768097287, 'subsample': 0.5008784431391149, 'colsample_bytree': 0.5006069943643109}. Best is trial 5 with value: 1.0.
[I 2026-04-07 03:15:40,201] Trial 22 finished with value: 0.975 and parameters: {'n_estimators': 40, 'max_depth': 20, 'gamma': 0.22388946604602966, 'subsample': 0.5902361207862624, 'colsample_bytree': 0.6181457695190727}. Best is trial 5 with value: 1.0.
[I 2026-04-07 03:15:40,236] Trial 23 finished with value: 0.975 and parameters: {'n_estimators': 40, 'max_depth': 20, 'gamma': 0.3110381419178314, 'subsample': 0.5467278264504964, 'colsample_bytree': 0.5031509012890096}. Best is trial 5 with value: 1.0.
[I 2026-04-07 03:15:40,277] Trial 24 finished with value: 0.975 and parameters: {'n_estimators': 40, 'max_depth': 20, 'gamma': 0.40157389081235556, 'subsample': 0.5052256725376244, 'colsample_bytree': 0.5557506920422095}. Best is trial 5 with value: 1.0.
[I 2026-04-07 03:15:40,315] Trial 25 finished with value: 0.975 and parameters: {'n_estimators': 40, 'max_depth': 20, 'gamma': 0.10764373246258885, 'subsample': 0.6566685059832287, 'colsample_bytree': 0.7941267046635376}. Best is trial 5 with value: 1.0.
[I 2026-04-07 03:15:40,354] Trial 26 finished with value: 1.0 and parameters: {'n_estimators': 40, 'max_depth': 20, 'gamma': 0.913215019992025, 'subsample': 0.5750563681585728, 'colsample_bytree': 0.5402384127365952}. Best is trial 5 with value: 1.0.
[I 2026-04-07 03:15:40,392] Trial 27 finished with value: 0.975 and parameters: {'n_estimators': 40, 'max_depth': 20, 'gamma': 0.28459734411813015, 'subsample': 0.8882024153266558, 'colsample_bytree': 0.6718046244985726}. Best is trial 5 with value: 1.0.
[I 2026-04-07 03:15:40,430] Trial 28 finished with value: 1.0 and parameters: {'n_estimators': 10, 'max_depth': 20, 'gamma': 0.7091002325490413, 'subsample': 0.5377145598290077, 'colsample_bytree': 0.5731497384585287}. Best is trial 5 with value: 1.0.
[I 2026-04-07 03:15:40,469] Trial 29 finished with value: 1.0 and parameters: {'n_estimators': 40, 'max_depth': 30, 'gamma': 0.49968468111656317, 'subsample': 0.6961823767578152, 'colsample_bytree': 0.6078912495796693}. Best is trial 5 with value: 1.0.
[I 2026-04-07 03:15:41,293] A new study created in memory with name: rf
[I 2026-04-07 03:15:41,743] Trial 0 finished with value: 0.975 and parameters: {'n_estimators': 450, 'max_depth': 20, 'min_samples_split': 9, 'min_samples_leaf': 6}. Best is trial 0 with value: 0.975.
[I 2026-04-07 03:15:41,993] Trial 1 finished with value: 0.975 and parameters: {'n_estimators': 193, 'max_depth': 3, 'min_samples_split': 5, 'min_samples_leaf': 5}. Best is trial 0 with value: 0.975.
[I 2026-04-07 03:15:42,311] Trial 2 finished with value: 0.975 and parameters: {'n_estimators': 309, 'max_depth': 11, 'min_samples_split': 6, 'min_samples_leaf': 6}. Best is trial 0 with value: 0.975.
[I 2026-04-07 03:15:42,740] Trial 3 finished with value: 0.975 and parameters: {'n_estimators': 405, 'max_depth': 15, 'min_samples_split': 7, 'min_samples_leaf': 5}. Best is trial 0 with value: 0.975.
[I 2026-04-07 03:15:42,996] Trial 4 finished with value: 0.975 and parameters: {'n_estimators': 215, 'max_depth': 20, 'min_samples_split': 5, 'min_samples_leaf': 3}. Best is trial 0 with value: 0.975.
[I 2026-04-07 03:15:43,181] Trial 5 finished with value: 0.975 and parameters: {'n_estimators': 126, 'max_depth': 20, 'min_samples_split': 3, 'min_samples_leaf': 4}. Best is trial 0 with value: 0.975.
[I 2026-04-07 03:15:43,329] Trial 6 finished with value: 0.975 and parameters: {'n_estimators': 128, 'max_depth': 7, 'min_samples_split': 5, 'min_samples_leaf': 9}. Best is trial 0 with value: 0.975.
[I 2026-04-07 03:15:43,578] Trial 7 finished with value: 0.975 and parameters: {'n_estimators': 238, 'max_depth': 20, 'min_samples_split': 2, 'min_samples_leaf': 4}. Best is trial 0 with value: 0.975.
[I 2026-04-07 03:15:43,836] Trial 8 finished with value: 0.975 and parameters: {'n_estimators': 252, 'max_depth': 16, 'min_samples_split': 10, 'min_samples_leaf': 4}. Best is trial 0 with value: 0.975.
[I 2026-04-07 03:15:44,123] Trial 9 finished with value: 0.975 and parameters: {'n_estimators': 273, 'max_depth': 7, 'min_samples_split': 9, 'min_samples_leaf': 7}. Best is trial 0 with value: 0.975.
[I 2026-04-07 03:15:44,674] Trial 10 finished with value: 0.975 and parameters: {'n_estimators': 498, 'max_depth': 15, 'min_samples_split': 8, 'min_samples_leaf': 10}. Best is trial 0 with value: 0.975.
[I 2026-04-07 03:15:45,120] Trial 11 finished with value: 0.975 and parameters: {'n_estimators': 380, 'max_depth': 4, 'min_samples_split': 4, 'min_samples_leaf': 1}. Best is trial 0 with value: 0.975.
[I 2026-04-07 03:15:45,676] Trial 12 finished with value: 1.0 and parameters: {'n_estimators': 498, 'max_depth': 3, 'min_samples_split': 7, 'min_samples_leaf': 7}. Best is trial 12 with value: 1.0.
[I 2026-04-07 03:15:46,212] Trial 13 finished with value: 0.975 and parameters: {'n_estimators': 489, 'max_depth': 11, 'min_samples_split': 8, 'min_samples_leaf': 8}. Best is trial 12 with value: 1.0.
[I 2026-04-07 03:15:46,707] Trial 14 finished with value: 0.975 and parameters: {'n_estimators': 430, 'max_depth': 6, 'min_samples_split': 10, 'min_samples_leaf': 7}. Best is trial 12 with value: 1.0.
[I 2026-04-07 03:15:47,134] Trial 15 finished with value: 0.975 and parameters: {'n_estimators': 346, 'max_depth': 9, 'min_samples_split': 7, 'min_samples_leaf': 7}. Best is trial 12 with value: 1.0.
[I 2026-04-07 03:15:47,639] Trial 16 finished with value: 0.975 and parameters: {'n_estimators': 439, 'max_depth': 17, 'min_samples_split': 8, 'min_samples_leaf': 9}. Best is trial 12 with value: 1.0.
[I 2026-04-07 03:15:48,144] Trial 17 finished with value: 0.975 and parameters: {'n_estimators': 454, 'max_depth': 12, 'min_samples_split': 9, 'min_samples_leaf': 2}. Best is trial 12 with value: 1.0.
[I 2026-04-07 03:15:48,544] Trial 18 finished with value: 1.0 and parameters: {'n_estimators': 338, 'max_depth': 13, 'min_samples_split': 7, 'min_samples_leaf': 6}. Best is trial 12 with value: 1.0.
[I 2026-04-07 03:15:48,899] Trial 19 finished with value: 0.975 and parameters: {'n_estimators': 321, 'max_depth': 12, 'min_samples_split': 6, 'min_samples_leaf': 8}. Best is trial 12 with value: 1.0.
[I 2026-04-07 03:15:49,293] Trial 20 finished with value: 0.975 and parameters: {'n_estimators': 369, 'max_depth': 9, 'min_samples_split': 7, 'min_samples_leaf': 8}. Best is trial 12 with value: 1.0.
[I 2026-04-07 03:15:49,819] Trial 21 finished with value: 0.975 and parameters: {'n_estimators': 465, 'max_depth': 18, 'min_samples_split': 9, 'min_samples_leaf': 6}. Best is trial 12 with value: 1.0.
[I 2026-04-07 03:15:50,282] Trial 22 finished with value: 0.975 and parameters: {'n_estimators': 402, 'max_depth': 14, 'min_samples_split': 7, 'min_samples_leaf': 6}. Best is trial 12 with value: 1.0.
[I 2026-04-07 03:15:50,808] Trial 23 finished with value: 0.975 and parameters: {'n_estimators': 476, 'max_depth': 18, 'min_samples_split': 8, 'min_samples_leaf': 5}. Best is trial 12 with value: 1.0.
[I 2026-04-07 03:15:51,295] Trial 24 finished with value: 0.975 and parameters: {'n_estimators': 417, 'max_depth': 13, 'min_samples_split': 6, 'min_samples_leaf': 7}. Best is trial 12 with value: 1.0.
[I 2026-04-07 03:15:51,741] Trial 25 finished with value: 0.975 and parameters: {'n_estimators': 370, 'max_depth': 9, 'min_samples_split': 9, 'min_samples_leaf': 6}. Best is trial 12 with value: 1.0.
[I 2026-04-07 03:15:52,149] Trial 26 finished with value: 0.975 and parameters: {'n_estimators': 335, 'max_depth': 4, 'min_samples_split': 10, 'min_samples_leaf': 3}. Best is trial 12 with value: 1.0.
[I 2026-04-07 03:15:52,656] Trial 27 finished with value: 0.975 and parameters: {'n_estimators': 451, 'max_depth': 18, 'min_samples_split': 7, 'min_samples_leaf': 9}. Best is trial 12 with value: 1.0.
[I 2026-04-07 03:15:53,012] Trial 28 finished with value: 0.975 and parameters: {'n_estimators': 287, 'max_depth': 10, 'min_samples_split': 8, 'min_samples_leaf': 5}. Best is trial 12 with value: 1.0.
[I 2026-04-07 03:15:53,267] Trial 29 finished with value: 0.975 and parameters: {'n_estimators': 161, 'max_depth': 3, 'min_samples_split': 4, 'min_samples_leaf': 7}. Best is trial 12 with value: 1.0.
[I 2026-04-07 03:15:57,885] A new study created in memory with name: mlp
[I 2026-04-07 03:15:57,931] Trial 0 finished with value: 0.95 and parameters: {'hidden_layer_sizes': (200,), 'max_iter': 50, 'alpha': 0.001}. Best is trial 0 with value: 0.95.
[I 2026-04-07 03:15:57,977] Trial 1 finished with value: 0.95 and parameters: {'hidden_layer_sizes': (200,), 'max_iter': 50, 'alpha': 0.0001}. Best is trial 0 with value: 0.95.
[I 2026-04-07 03:15:58,024] Trial 2 finished with value: 0.975 and parameters: {'hidden_layer_sizes': (100,), 'max_iter': 50, 'alpha': 0.0001}. Best is trial 2 with value: 0.975.
[I 2026-04-07 03:15:58,093] Trial 3 finished with value: 0.95 and parameters: {'hidden_layer_sizes': (100,), 'max_iter': 100, 'alpha': 0.001}. Best is trial 2 with value: 0.975.
[I 2026-04-07 03:15:58,170] Trial 4 finished with value: 0.95 and parameters: {'hidden_layer_sizes': (200,), 'max_iter': 100, 'alpha': 0.001}. Best is trial 2 with value: 0.975.
[I 2026-04-07 03:15:58,216] Trial 5 finished with value: 0.95 and parameters: {'hidden_layer_sizes': (200,), 'max_iter': 50, 'alpha': 0.001}. Best is trial 2 with value: 0.975.
[I 2026-04-07 03:15:58,262] Trial 6 finished with value: 0.95 and parameters: {'hidden_layer_sizes': (100,), 'max_iter': 100, 'alpha': 0.0001}. Best is trial 2 with value: 0.975.
[I 2026-04-07 03:15:58,309] Trial 7 finished with value: 0.95 and parameters: {'hidden_layer_sizes': (100, 100), 'max_iter': 50, 'alpha': 0.0001}. Best is trial 2 with value: 0.975.
[I 2026-04-07 03:15:58,375] Trial 8 finished with value: 0.95 and parameters: {'hidden_layer_sizes': (100, 100), 'max_iter': 100, 'alpha': 0.0001}. Best is trial 2 with value: 0.975.
[I 2026-04-07 03:15:58,411] Trial 9 finished with value: 0.975 and parameters: {'hidden_layer_sizes': (100,), 'max_iter': 50, 'alpha': 0.001}. Best is trial 2 with value: 0.975.
[I 2026-04-07 03:15:58,450] Trial 10 finished with value: 0.975 and parameters: {'hidden_layer_sizes': (100,), 'max_iter': 50, 'alpha': 0.0001}. Best is trial 2 with value: 0.975.
[I 2026-04-07 03:15:58,489] Trial 11 finished with value: 0.95 and parameters: {'hidden_layer_sizes': (100,), 'max_iter': 50, 'alpha': 0.001}. Best is trial 2 with value: 0.975.
[I 2026-04-07 03:15:58,527] Trial 12 finished with value: 0.95 and parameters: {'hidden_layer_sizes': (100,), 'max_iter': 50, 'alpha': 0.0001}. Best is trial 2 with value: 0.975.
[I 2026-04-07 03:15:58,578] Trial 13 finished with value: 0.95 and parameters: {'hidden_layer_sizes': (100,), 'max_iter': 50, 'alpha': 0.001}. Best is trial 2 with value: 0.975.
[I 2026-04-07 03:15:58,627] Trial 14 finished with value: 0.975 and parameters: {'hidden_layer_sizes': (100,), 'max_iter': 50, 'alpha': 0.001}. Best is trial 2 with value: 0.975.
[I 2026-04-07 03:15:58,667] Trial 15 finished with value: 0.95 and parameters: {'hidden_layer_sizes': (100,), 'max_iter': 50, 'alpha': 0.0001}. Best is trial 2 with value: 0.975.
[I 2026-04-07 03:15:58,727] Trial 16 finished with value: 0.95 and parameters: {'hidden_layer_sizes': (100, 100), 'max_iter': 50, 'alpha': 0.001}. Best is trial 2 with value: 0.975.
[I 2026-04-07 03:15:58,767] Trial 17 finished with value: 0.95 and parameters: {'hidden_layer_sizes': (100,), 'max_iter': 50, 'alpha': 0.0001}. Best is trial 2 with value: 0.975.
[I 2026-04-07 03:15:58,816] Trial 18 finished with value: 0.95 and parameters: {'hidden_layer_sizes': (100,), 'max_iter': 100, 'alpha': 0.001}. Best is trial 2 with value: 0.975.
[I 2026-04-07 03:15:58,875] Trial 19 finished with value: 0.95 and parameters: {'hidden_layer_sizes': (100, 100), 'max_iter': 50, 'alpha': 0.0001}. Best is trial 2 with value: 0.975.
[I 2026-04-07 03:15:58,911] Trial 20 finished with value: 0.95 and parameters: {'hidden_layer_sizes': (100,), 'max_iter': 50, 'alpha': 0.0001}. Best is trial 2 with value: 0.975.
[I 2026-04-07 03:15:58,949] Trial 21 finished with value: 0.975 and parameters: {'hidden_layer_sizes': (100,), 'max_iter': 50, 'alpha': 0.0001}. Best is trial 2 with value: 0.975.
[I 2026-04-07 03:15:58,988] Trial 22 finished with value: 0.975 and parameters: {'hidden_layer_sizes': (100,), 'max_iter': 50, 'alpha': 0.0001}. Best is trial 2 with value: 0.975.
[I 2026-04-07 03:15:59,025] Trial 23 finished with value: 0.95 and parameters: {'hidden_layer_sizes': (100,), 'max_iter': 50, 'alpha': 0.0001}. Best is trial 2 with value: 0.975.
[I 2026-04-07 03:15:59,064] Trial 24 finished with value: 0.95 and parameters: {'hidden_layer_sizes': (100,), 'max_iter': 50, 'alpha': 0.0001}. Best is trial 2 with value: 0.975.
[I 2026-04-07 03:15:59,114] Trial 25 finished with value: 0.95 and parameters: {'hidden_layer_sizes': (100,), 'max_iter': 50, 'alpha': 0.0001}. Best is trial 2 with value: 0.975.
[I 2026-04-07 03:15:59,174] Trial 26 finished with value: 0.95 and parameters: {'hidden_layer_sizes': (100,), 'max_iter': 100, 'alpha': 0.001}. Best is trial 2 with value: 0.975.
[I 2026-04-07 03:15:59,214] Trial 27 finished with value: 0.975 and parameters: {'hidden_layer_sizes': (100,), 'max_iter': 50, 'alpha': 0.0001}. Best is trial 2 with value: 0.975.
[I 2026-04-07 03:15:59,253] Trial 28 finished with value: 0.95 and parameters: {'hidden_layer_sizes': (200,), 'max_iter': 50, 'alpha': 0.001}. Best is trial 2 with value: 0.975.
[I 2026-04-07 03:15:59,313] Trial 29 finished with value: 0.975 and parameters: {'hidden_layer_sizes': (100, 100), 'max_iter': 50, 'alpha': 0.001}. Best is trial 2 with value: 0.975.
[I 2026-04-07 03:16:00,768] A new study created in memory with name: naive_bayes
[I 2026-04-07 03:16:00,782] Trial 0 finished with value: 0.85 and parameters: {'var_smoothing': 1.0489343501429862e-10}. Best is trial 0 with value: 0.85.
[I 2026-04-07 03:16:00,796] Trial 1 finished with value: 0.85 and parameters: {'var_smoothing': 1.0086701860885373e-09}. Best is trial 0 with value: 0.85.
[I 2026-04-07 03:16:00,809] Trial 2 finished with value: 0.85 and parameters: {'var_smoothing': 9.807235097598006e-10}. Best is trial 0 with value: 0.85.
[I 2026-04-07 03:16:00,823] Trial 3 finished with value: 0.85 and parameters: {'var_smoothing': 1.8520770828517824e-10}. Best is trial 0 with value: 0.85.
[I 2026-04-07 03:16:00,836] Trial 4 finished with value: 0.85 and parameters: {'var_smoothing': 1.9240757716714087e-10}. Best is trial 0 with value: 0.85.
[I 2026-04-07 03:16:00,850] Trial 5 finished with value: 0.85 and parameters: {'var_smoothing': 2.736007926537145e-10}. Best is trial 0 with value: 0.85.
[I 2026-04-07 03:16:00,864] Trial 6 finished with value: 0.85 and parameters: {'var_smoothing': 6.87094324185739e-10}. Best is trial 0 with value: 0.85.
[I 2026-04-07 03:16:00,878] Trial 7 finished with value: 0.85 and parameters: {'var_smoothing': 3.134745855231349e-10}. Best is trial 0 with value: 0.85.
[I 2026-04-07 03:16:00,890] Trial 8 finished with value: 0.85 and parameters: {'var_smoothing': 1.4727170077821783e-10}. Best is trial 0 with value: 0.85.
[I 2026-04-07 03:16:00,904] Trial 9 finished with value: 0.85 and parameters: {'var_smoothing': 4.909048017047017e-10}. Best is trial 0 with value: 0.85.
[I 2026-04-07 03:16:00,921] Trial 10 finished with value: 0.85 and parameters: {'var_smoothing': 4.226228455594519e-09}. Best is trial 0 with value: 0.85.
[I 2026-04-07 03:16:00,938] Trial 11 finished with value: 0.85 and parameters: {'var_smoothing': 2.8481546791169343e-09}. Best is trial 0 with value: 0.85.
[I 2026-04-07 03:16:00,965] Trial 12 finished with value: 0.85 and parameters: {'var_smoothing': 1.9032336526904254e-09}. Best is trial 0 with value: 0.85.
[I 2026-04-07 03:16:00,984] Trial 13 finished with value: 0.85 and parameters: {'var_smoothing': 1.6192707465333408e-09}. Best is trial 0 with value: 0.85.
[I 2026-04-07 03:16:01,003] Trial 14 finished with value: 0.85 and parameters: {'var_smoothing': 1.0137193502251743e-10}. Best is trial 0 with value: 0.85.
[I 2026-04-07 03:16:01,022] Trial 15 finished with value: 0.85 and parameters: {'var_smoothing': 7.233291262560306e-09}. Best is trial 0 with value: 0.85.
[I 2026-04-07 03:16:01,041] Trial 16 finished with value: 0.85 and parameters: {'var_smoothing': 5.636880428096003e-10}. Best is trial 0 with value: 0.85.
[I 2026-04-07 03:16:01,060] Trial 17 finished with value: 0.85 and parameters: {'var_smoothing': 1.2682382630515742e-09}. Best is trial 0 with value: 0.85.
[I 2026-04-07 03:16:01,078] Trial 18 finished with value: 0.85 and parameters: {'var_smoothing': 3.934685686653308e-10}. Best is trial 0 with value: 0.85.
