[I 2026-04-09 19:35:09,659] Trial 29 finished with value: 0.95 and parameters: {'n_estimators': 40, 'max_depth': 5, 'gamma': 0.8318229767067172, 'subsample': 0.7080718550904449, 'colsample_bytree': 0.6491758912410686}. Best is trial 0 with value: 1.0.
[I 2026-04-09 19:35:10,610] A new study created in memory with name: rf
[I 2026-04-09 19:35:10,837] Trial 0 finished with value: 0.5 and parameters: {'n_estimators': 189, 'max_depth': 18, 'min_samples_split': 3, 'min_samples_leaf': 10}. Best is trial 0 with value: 0.5.
[I 2026-04-09 19:35:11,167] Trial 1 finished with value: 1.0 and parameters: {'n_estimators': 295, 'max_depth': 14, 'min_samples_split': 8, 'min_samples_leaf': 6}. Best is trial 1 with value: 1.0.
[I 2026-04-09 19:35:11,414] Trial 2 finished with value: 0.5 and parameters: {'n_estimators': 219, 'max_depth': 6, 'min_samples_split': 2, 'min_samples_leaf': 8}. Best is trial 1 with value: 1.0.
[I 2026-04-09 19:35:11,742] Trial 3 finished with value: 1.0 and parameters: {'n_estimators': 276, 'max_depth': 5, 'min_samples_split': 9, 'min_samples_leaf': 3}. Best is trial 1 with value: 1.0.
[I 2026-04-09 19:35:12,058] Trial 4 finished with value: 1.0 and parameters: {'n_estimators': 266, 'max_depth': 8, 'min_samples_split': 7, 'min_samples_leaf': 6}. Best is trial 1 with value: 1.0.
[I 2026-04-09 19:35:12,449] Trial 5 finished with value: 0.95 and parameters: {'n_estimators': 340, 'max_depth': 7, 'min_samples_split': 4, 'min_samples_leaf': 3}. Best is trial 1 with value: 1.0.
[I 2026-04-09 19:35:12,771] Trial 6 finished with value: 0.5 and parameters: {'n_estimators': 231, 'max_depth': 5, 'min_samples_split': 3, 'min_samples_leaf': 10}. Best is trial 1 with value: 1.0.
[I 2026-04-09 19:35:13,301] Trial 7 finished with value: 1.0 and parameters: {'n_estimators': 485, 'max_depth': 6, 'min_samples_split': 2, 'min_samples_leaf': 3}. Best is trial 1 with value: 1.0.
[I 2026-04-09 19:35:13,730] Trial 8 finished with value: 0.95 and parameters: {'n_estimators': 380, 'max_depth': 17, 'min_samples_split': 2, 'min_samples_leaf': 6}. Best is trial 1 with value: 1.0.
[I 2026-04-09 19:35:13,866] Trial 9 finished with value: 0.5 and parameters: {'n_estimators': 100, 'max_depth': 12, 'min_samples_split': 7, 'min_samples_leaf': 10}. Best is trial 1 with value: 1.0.
[I 2026-04-09 19:35:14,392] Trial 10 finished with value: 1.0 and parameters: {'n_estimators': 446, 'max_depth': 13, 'min_samples_split': 10, 'min_samples_leaf': 5}. Best is trial 1 with value: 1.0.
[I 2026-04-09 19:35:14,786] Trial 11 finished with value: 0.95 and parameters: {'n_estimators': 314, 'max_depth': 15, 'min_samples_split': 10, 'min_samples_leaf': 1}. Best is trial 1 with value: 1.0.
[I 2026-04-09 19:35:15,287] Trial 12 finished with value: 1.0 and parameters: {'n_estimators': 390, 'max_depth': 3, 'min_samples_split': 8, 'min_samples_leaf': 3}. Best is trial 1 with value: 1.0.
[I 2026-04-09 19:35:15,628] Trial 13 finished with value: 1.0 and parameters: {'n_estimators': 284, 'max_depth': 10, 'min_samples_split': 9, 'min_samples_leaf': 5}. Best is trial 1 with value: 1.0.
[I 2026-04-09 19:35:15,884] Trial 14 finished with value: 1.0 and parameters: {'n_estimators': 187, 'max_depth': 20, 'min_samples_split': 5, 'min_samples_leaf': 1}. Best is trial 1 with value: 1.0.
[I 2026-04-09 19:35:16,105] Trial 15 finished with value: 0.45 and parameters: {'n_estimators': 136, 'max_depth': 9, 'min_samples_split': 8, 'min_samples_leaf': 7}. Best is trial 1 with value: 1.0.
[I 2026-04-09 19:35:16,539] Trial 16 finished with value: 0.95 and parameters: {'n_estimators': 344, 'max_depth': 14, 'min_samples_split': 6, 'min_samples_leaf': 4}. Best is trial 1 with value: 1.0.
[I 2026-04-09 19:35:16,870] Trial 17 finished with value: 0.5 and parameters: {'n_estimators': 262, 'max_depth': 11, 'min_samples_split': 9, 'min_samples_leaf': 8}. Best is trial 1 with value: 1.0.
[I 2026-04-09 19:35:17,342] Trial 18 finished with value: 1.0 and parameters: {'n_estimators': 409, 'max_depth': 3, 'min_samples_split': 8, 'min_samples_leaf': 2}. Best is trial 1 with value: 1.0.
[I 2026-04-09 19:35:17,743] Trial 19 finished with value: 0.95 and parameters: {'n_estimators': 318, 'max_depth': 16, 'min_samples_split': 6, 'min_samples_leaf': 4}. Best is trial 1 with value: 1.0.
[I 2026-04-09 19:35:17,990] Trial 20 finished with value: 0.5 and parameters: {'n_estimators': 163, 'max_depth': 19, 'min_samples_split': 9, 'min_samples_leaf': 7}. Best is trial 1 with value: 1.0.
[I 2026-04-09 19:35:18,364] Trial 21 finished with value: 1.0 and parameters: {'n_estimators': 259, 'max_depth': 9, 'min_samples_split': 7, 'min_samples_leaf': 6}. Best is trial 1 with value: 1.0.
[I 2026-04-09 19:35:18,794] Trial 22 finished with value: 0.5 and parameters: {'n_estimators': 287, 'max_depth': 8, 'min_samples_split': 7, 'min_samples_leaf': 7}. Best is trial 1 with value: 1.0.
[I 2026-04-09 19:35:19,160] Trial 23 finished with value: 1.0 and parameters: {'n_estimators': 237, 'max_depth': 5, 'min_samples_split': 8, 'min_samples_leaf': 4}. Best is trial 1 with value: 1.0.
[I 2026-04-09 19:35:19,608] Trial 24 finished with value: 1.0 and parameters: {'n_estimators': 350, 'max_depth': 11, 'min_samples_split': 9, 'min_samples_leaf': 5}. Best is trial 1 with value: 1.0.
[I 2026-04-09 19:35:19,950] Trial 25 finished with value: 0.5 and parameters: {'n_estimators': 268, 'max_depth': 4, 'min_samples_split': 6, 'min_samples_leaf': 8}. Best is trial 1 with value: 1.0.
[I 2026-04-09 19:35:20,315] Trial 26 finished with value: 1.0 and parameters: {'n_estimators': 304, 'max_depth': 8, 'min_samples_split': 10, 'min_samples_leaf': 6}. Best is trial 1 with value: 1.0.
[I 2026-04-09 19:35:20,574] Trial 27 finished with value: 1.0 and parameters: {'n_estimators': 206, 'max_depth': 14, 'min_samples_split': 7, 'min_samples_leaf': 2}. Best is trial 1 with value: 1.0.
[I 2026-04-09 19:35:20,880] Trial 28 finished with value: 0.5 and parameters: {'n_estimators': 246, 'max_depth': 7, 'min_samples_split': 5, 'min_samples_leaf': 9}. Best is trial 1 with value: 1.0.
[I 2026-04-09 19:35:21,164] Trial 29 finished with value: 0.95 and parameters: {'n_estimators': 193, 'max_depth': 12, 'min_samples_split': 8, 'min_samples_leaf': 6}. Best is trial 1 with value: 1.0.
[I 2026-04-09 19:35:23,935] A new study created in memory with name: mlp
[I 2026-04-09 19:35:23,969] Trial 0 finished with value: 1.0 and parameters: {'hidden_layer_sizes': (200,), 'max_iter': 50, 'alpha': 0.001}. Best is trial 0 with value: 1.0.
[I 2026-04-09 19:35:24,032] Trial 1 finished with value: 1.0 and parameters: {'hidden_layer_sizes': (100,), 'max_iter': 100, 'alpha': 0.0001}. Best is trial 0 with value: 1.0.
[I 2026-04-09 19:35:24,079] Trial 2 finished with value: 1.0 and parameters: {'hidden_layer_sizes': (100,), 'max_iter': 100, 'alpha': 0.001}. Best is trial 0 with value: 1.0.
[I 2026-04-09 19:35:24,116] Trial 3 finished with value: 1.0 and parameters: {'hidden_layer_sizes': (200,), 'max_iter': 50, 'alpha': 0.001}. Best is trial 0 with value: 1.0.
[I 2026-04-09 19:35:24,175] Trial 4 finished with value: 1.0 and parameters: {'hidden_layer_sizes': (100,), 'max_iter': 100, 'alpha': 0.0001}. Best is trial 0 with value: 1.0.
[I 2026-04-09 19:35:24,220] Trial 5 finished with value: 1.0 and parameters: {'hidden_layer_sizes': (100,), 'max_iter': 100, 'alpha': 0.001}. Best is trial 0 with value: 1.0.
[I 2026-04-09 19:35:24,265] Trial 6 finished with value: 1.0 and parameters: {'hidden_layer_sizes': (200,), 'max_iter': 100, 'alpha': 0.001}. Best is trial 0 with value: 1.0.
[I 2026-04-09 19:35:24,321] Trial 7 finished with value: 1.0 and parameters: {'hidden_layer_sizes': (200,), 'max_iter': 100, 'alpha': 0.001}. Best is trial 0 with value: 1.0.
[I 2026-04-09 19:35:24,366] Trial 8 finished with value: 1.0 and parameters: {'hidden_layer_sizes': (100,), 'max_iter': 100, 'alpha': 0.001}. Best is trial 0 with value: 1.0.
[I 2026-04-09 19:35:24,406] Trial 9 finished with value: 1.0 and parameters: {'hidden_layer_sizes': (100,), 'max_iter': 50, 'alpha': 0.001}. Best is trial 0 with value: 1.0.
[I 2026-04-09 19:35:24,448] Trial 10 finished with value: 1.0 and parameters: {'hidden_layer_sizes': (100, 100), 'max_iter': 50, 'alpha': 0.0001}. Best is trial 0 with value: 1.0.
[I 2026-04-09 19:35:24,494] Trial 11 finished with value: 1.0 and parameters: {'hidden_layer_sizes': (100, 100), 'max_iter': 50, 'alpha': 0.0001}. Best is trial 0 with value: 1.0.
[I 2026-04-09 19:35:24,528] Trial 12 finished with value: 1.0 and parameters: {'hidden_layer_sizes': (200,), 'max_iter': 50, 'alpha': 0.0001}. Best is trial 0 with value: 1.0.
[I 2026-04-09 19:35:24,566] Trial 13 finished with value: 1.0 and parameters: {'hidden_layer_sizes': (200,), 'max_iter': 50, 'alpha': 0.0001}. Best is trial 0 with value: 1.0.
[I 2026-04-09 19:35:24,633] Trial 14 finished with value: 1.0 and parameters: {'hidden_layer_sizes': (100, 100), 'max_iter': 100, 'alpha': 0.0001}. Best is trial 0 with value: 1.0.
[I 2026-04-09 19:35:24,677] Trial 15 finished with value: 1.0 and parameters: {'hidden_layer_sizes': (100,), 'max_iter': 50, 'alpha': 0.0001}. Best is trial 0 with value: 1.0.
[I 2026-04-09 19:35:24,733] Trial 16 finished with value: 1.0 and parameters: {'hidden_layer_sizes': (200,), 'max_iter': 100, 'alpha': 0.001}. Best is trial 0 with value: 1.0.
[I 2026-04-09 19:35:24,768] Trial 17 finished with value: 1.0 and parameters: {'hidden_layer_sizes': (200,), 'max_iter': 50, 'alpha': 0.0001}. Best is trial 0 with value: 1.0.
[I 2026-04-09 19:35:24,813] Trial 18 finished with value: 1.0 and parameters: {'hidden_layer_sizes': (100,), 'max_iter': 100, 'alpha': 0.001}. Best is trial 0 with value: 1.0.
[I 2026-04-09 19:35:24,858] Trial 19 finished with value: 1.0 and parameters: {'hidden_layer_sizes': (100, 100), 'max_iter': 50, 'alpha': 0.0001}. Best is trial 0 with value: 1.0.
[I 2026-04-09 19:35:24,905] Trial 20 finished with value: 1.0 and parameters: {'hidden_layer_sizes': (200,), 'max_iter': 100, 'alpha': 0.0001}. Best is trial 0 with value: 1.0.
[I 2026-04-09 19:35:24,941] Trial 21 finished with value: 1.0 and parameters: {'hidden_layer_sizes': (100,), 'max_iter': 100, 'alpha': 0.001}. Best is trial 0 with value: 1.0.
[I 2026-04-09 19:35:24,985] Trial 22 finished with value: 1.0 and parameters: {'hidden_layer_sizes': (100,), 'max_iter': 100, 'alpha': 0.001}. Best is trial 0 with value: 1.0.
[I 2026-04-09 19:35:25,031] Trial 23 finished with value: 1.0 and parameters: {'hidden_layer_sizes': (100,), 'max_iter': 100, 'alpha': 0.001}. Best is trial 0 with value: 1.0.
[I 2026-04-09 19:35:25,075] Trial 24 finished with value: 1.0 and parameters: {'hidden_layer_sizes': (100,), 'max_iter': 100, 'alpha': 0.001}. Best is trial 0 with value: 1.0.
[I 2026-04-09 19:35:25,119] Trial 25 finished with value: 1.0 and parameters: {'hidden_layer_sizes': (100,), 'max_iter': 100, 'alpha': 0.001}. Best is trial 0 with value: 1.0.
[I 2026-04-09 19:35:25,156] Trial 26 finished with value: 1.0 and parameters: {'hidden_layer_sizes': (100,), 'max_iter': 50, 'alpha': 0.001}. Best is trial 0 with value: 1.0.
[I 2026-04-09 19:35:25,212] Trial 27 finished with value: 1.0 and parameters: {'hidden_layer_sizes': (100,), 'max_iter': 100, 'alpha': 0.001}. Best is trial 0 with value: 1.0.
[I 2026-04-09 19:35:25,257] Trial 28 finished with value: 1.0 and parameters: {'hidden_layer_sizes': (100, 100), 'max_iter': 50, 'alpha': 0.0001}. Best is trial 0 with value: 1.0.
[I 2026-04-09 19:35:25,296] Trial 29 finished with value: 1.0 and parameters: {'hidden_layer_sizes': (200,), 'max_iter': 50, 'alpha': 0.001}. Best is trial 0 with value: 1.0.
[I 2026-04-09 19:35:27,035] A new study created in memory with name: naive_bayes
[I 2026-04-09 19:35:27,049] Trial 0 finished with value: 0.85 and parameters: {'var_smoothing': 6.10548688762798e-09}. Best is trial 0 with value: 0.85.
[I 2026-04-09 19:35:27,061] Trial 1 finished with value: 0.85 and parameters: {'var_smoothing': 4.6127467400935034e-10}. Best is trial 0 with value: 0.85.
[I 2026-04-09 19:35:27,073] Trial 2 finished with value: 0.85 and parameters: {'var_smoothing': 4.389936579400967e-09}. Best is trial 0 with value: 0.85.
[I 2026-04-09 19:35:27,085] Trial 3 finished with value: 0.85 and parameters: {'var_smoothing': 1.2116948204672054e-10}. Best is trial 0 with value: 0.85.
[I 2026-04-09 19:35:27,097] Trial 4 finished with value: 0.85 and parameters: {'var_smoothing': 1.6417739478477417e-10}. Best is trial 0 with value: 0.85.
[I 2026-04-09 19:35:27,111] Trial 5 finished with value: 0.85 and parameters: {'var_smoothing': 1.5491880147236797e-09}. Best is trial 0 with value: 0.85.
[I 2026-04-09 19:35:27,124] Trial 6 finished with value: 0.85 and parameters: {'var_smoothing': 1.1471883405287265e-09}. Best is trial 0 with value: 0.85.
[I 2026-04-09 19:35:27,137] Trial 7 finished with value: 0.85 and parameters: {'var_smoothing': 6.88041853492358e-10}. Best is trial 0 with value: 0.85.
[I 2026-04-09 19:35:27,150] Trial 8 finished with value: 0.85 and parameters: {'var_smoothing': 4.686144741221158e-10}. Best is trial 0 with value: 0.85.
[I 2026-04-09 19:35:27,165] Trial 9 finished with value: 0.85 and parameters: {'var_smoothing': 1.7580809350683337e-09}. Best is trial 0 with value: 0.85.
[I 2026-04-09 19:35:27,180] Trial 10 finished with value: 0.85 and parameters: {'var_smoothing': 9.83902635509218e-09}. Best is trial 0 with value: 0.85.
[I 2026-04-09 19:35:27,197] Trial 11 finished with value: 0.85 and parameters: {'var_smoothing': 2.660399871603373e-10}. Best is trial 0 with value: 0.85.
[I 2026-04-09 19:35:27,213] Trial 12 finished with value: 0.85 and parameters: {'var_smoothing': 9.276268851540963e-09}. Best is trial 0 with value: 0.85.
[I 2026-04-09 19:35:27,233] Trial 13 finished with value: 0.85 and parameters: {'var_smoothing': 2.9844010685221692e-09}. Best is trial 0 with value: 0.85.
[I 2026-04-09 19:35:27,252] Trial 14 finished with value: 0.85 and parameters: {'var_smoothing': 3.8923309717334116e-10}. Best is trial 0 with value: 0.85.
[I 2026-04-09 19:35:27,271] Trial 15 finished with value: 0.85 and parameters: {'var_smoothing': 3.85461066627204e-09}. Best is trial 0 with value: 0.85.
[I 2026-04-09 19:35:27,288] Trial 16 finished with value: 0.85 and parameters: {'var_smoothing': 7.120907275009211e-10}. Best is trial 0 with value: 0.85.
[I 2026-04-09 19:35:27,305] Trial 17 finished with value: 0.85 and parameters: {'var_smoothing': 2.412486610614855e-10}. Best is trial 0 with value: 0.85.
[I 2026-04-09 19:35:27,323] Trial 18 finished with value: 0.85 and parameters: {'var_smoothing': 2.3580860166954074e-09}. Best is trial 0 with value: 0.85.
[I 2026-04-09 19:35:27,338] Trial 19 finished with value: 0.85 and parameters: {'var_smoothing': 5.846846875339535e-09}. Best is trial 0 with value: 0.85.
[I 2026-04-09 19:35:27,354] Trial 20 finished with value: 0.85 and parameters: {'var_smoothing': 1.0486521320383776e-09}. Best is trial 0 with value: 0.85.
[I 2026-04-09 19:35:27,371] Trial 21 finished with value: 0.85 and parameters: {'var_smoothing': 4.9491450263339475e-09}. Best is trial 0 with value: 0.85.
[I 2026-04-09 19:35:27,388] Trial 22 finished with value: 0.85 and parameters: {'var_smoothing': 6.667992141406306e-09}. Best is trial 0 with value: 0.85.
[I 2026-04-09 19:35:27,406] Trial 23 finished with value: 0.85 and parameters: {'var_smoothing': 3.2795712712135213e-09}. Best is trial 0 with value: 0.85.
[I 2026-04-09 19:35:27,423] Trial 24 finished with value: 0.85 and parameters: {'var_smoothing': 6.403538416287158e-10}. Best is trial 0 with value: 0.85.
[I 2026-04-09 19:35:27,439] Trial 25 finished with value: 0.85 and parameters: {'var_smoothing': 2.1589819023851477e-09}. Best is trial 0 with value: 0.85.
[I 2026-04-09 19:35:27,470] Trial 26 finished with value: 0.85 and parameters: {'var_smoothing': 3.912617821024548e-09}. Best is trial 0 with value: 0.85.
[I 2026-04-09 19:35:27,486] Trial 27 finished with value: 0.85 and parameters: {'var_smoothing': 7.162139101012446e-09}. Best is trial 0 with value: 0.85.
[I 2026-04-09 19:35:27,501] Trial 28 finished with value: 0.85 and parameters: {'var_smoothing': 1.3883316815746274e-09}. Best is trial 0 with value: 0.85.
[I 2026-04-09 19:35:27,516] Trial 29 finished with value: 0.85 and parameters: {'var_smoothing': 4.1751754503046387e-10}. Best is trial 0 with value: 0.85.
[I 2026-04-09 19:35:27,945] A new study created in memory with name: logreg
[I 2026-04-09 19:35:27,968] Trial 0 finished with value: 0.85 and parameters: {'C': 29.127335430981816, 'penalty': 'l2'}. Best is trial 0 with value: 0.85.
[I 2026-04-09 19:35:27,982] Trial 1 finished with value: 0.9 and parameters: {'C': 0.045698192893558344, 'penalty': 'l2'}. Best is trial 1 with value: 0.9.
[I 2026-04-09 19:35:27,997] Trial 2 finished with value: 0.85 and parameters: {'C': 12.768668597712947, 'penalty': 'l2'}. Best is trial 1 with value: 0.9.
[I 2026-04-09 19:35:28,011] Trial 3 finished with value: 0.85 and parameters: {'C': 0.0016161554408462638, 'penalty': 'l2'}. Best is trial 1 with value: 0.9.
[I 2026-04-09 19:35:28,025] Trial 4 finished with value: 0.85 and parameters: {'C': 0.0034536903703241734, 'penalty': 'l2'}. Best is trial 1 with value: 0.9.
[I 2026-04-09 19:35:28,038] Trial 5 finished with value: 0.9 and parameters: {'C': 0.9446269266990148, 'penalty': 'l2'}. Best is trial 1 with value: 0.9.
[I 2026-04-09 19:35:28,054] Trial 6 finished with value: 0.9 and parameters: {'C': 0.4457453393648168, 'penalty': 'l2'}. Best is trial 1 with value: 0.9.
[I 2026-04-09 19:35:28,067] Trial 7 finished with value: 0.9 and parameters: {'C': 0.12417585037258261, 'penalty': 'l2'}. Best is trial 1 with value: 0.9.
[I 2026-04-09 19:35:28,080] Trial 8 finished with value: 0.9 and parameters: {'C': 0.04753781830244093, 'penalty': 'l2'}. Best is trial 1 with value: 0.9.
[I 2026-04-09 19:35:28,094] Trial 9 finished with value: 0.9 and parameters: {'C': 1.2959766028194148, 'penalty': 'l2'}. Best is trial 1 with value: 0.9.
[I 2026-04-09 19:35:28,112] Trial 10 finished with value: 0.9 and parameters: {'C': 0.02024823315667757, 'penalty': 'l2'}. Best is trial 1 with value: 0.9.
[I 2026-04-09 19:35:28,129] Trial 11 finished with value: 0.95 and parameters: {'C': 2.8441114546918036, 'penalty': 'l2'}. Best is trial 11 with value: 0.95.
[I 2026-04-09 19:35:28,146] Trial 12 finished with value: 0.9 and parameters: {'C': 4.6034039150728, 'penalty': 'l2'}. Best is trial 11 with value: 0.95.
[I 2026-04-09 19:35:28,162] Trial 13 finished with value: 0.85 and parameters: {'C': 0.013489217693486674, 'penalty': 'l2'}. Best is trial 11 with value: 0.95.
[I 2026-04-09 19:35:28,192] Trial 14 finished with value: 0.95 and parameters: {'C': 3.1185832471126442, 'penalty': 'l2'}. Best is trial 11 with value: 0.95.
[I 2026-04-09 19:35:28,215] Trial 15 finished with value: 0.85 and parameters: {'C': 96.32399363633401, 'penalty': 'l2'}. Best is trial 11 with value: 0.95.
[I 2026-04-09 19:35:28,243] Trial 16 finished with value: 0.95 and parameters: {'C': 3.3453127768416167, 'penalty': 'l2'}. Best is trial 11 with value: 0.95.
[I 2026-04-09 19:35:28,261] Trial 17 finished with value: 0.9 and parameters: {'C': 6.860908448590343, 'penalty': 'l2'}. Best is trial 11 with value: 0.95.
[I 2026-04-09 19:35:28,292] Trial 18 finished with value: 0.9 and parameters: {'C': 0.2949216371956599, 'penalty': 'l2'}. Best is trial 11 with value: 0.95.
[I 2026-04-09 19:35:28,310] Trial 19 finished with value: 0.85 and parameters: {'C': 26.139922781749494, 'penalty': 'l2'}. Best is trial 11 with value: 0.95.
[I 2026-04-09 19:35:28,325] Trial 20 finished with value: 0.95 and parameters: {'C': 2.2425485626676624, 'penalty': 'l2'}. Best is trial 11 with value: 0.95.
[I 2026-04-09 19:35:28,340] Trial 21 finished with value: 0.95 and parameters: {'C': 2.596884593435572, 'penalty': 'l2'}. Best is trial 11 with value: 0.95.
[I 2026-04-09 19:35:28,355] Trial 22 finished with value: 0.9 and parameters: {'C': 0.6888205285436597, 'penalty': 'l2'}. Best is trial 11 with value: 0.95.
[I 2026-04-09 19:35:28,380] Trial 23 finished with value: 0.9 and parameters: {'C': 9.891326055316744, 'penalty': 'l2'}. Best is trial 11 with value: 0.95.
[I 2026-04-09 19:35:28,395] Trial 24 finished with value: 0.9 and parameters: {'C': 0.16467226004650867, 'penalty': 'l2'}. Best is trial 11 with value: 0.95.
[I 2026-04-09 19:35:28,410] Trial 25 finished with value: 0.95 and parameters: {'C': 3.272976030768821, 'penalty': 'l2'}. Best is trial 11 with value: 0.95.
[I 2026-04-09 19:35:28,425] Trial 26 finished with value: 0.85 and parameters: {'C': 37.996715138250615, 'penalty': 'l2'}. Best is trial 11 with value: 0.95.
[I 2026-04-09 19:35:28,441] Trial 27 finished with value: 0.9 and parameters: {'C': 1.3642265078884173, 'penalty': 'l2'}. Best is trial 11 with value: 0.95.
[I 2026-04-09 19:35:28,459] Trial 28 finished with value: 0.85 and parameters: {'C': 10.226624627817504, 'penalty': 'l2'}. Best is trial 11 with value: 0.95.
[I 2026-04-09 19:35:28,473] Trial 29 finished with value: 0.85 and parameters: {'C': 24.51395283358618, 'penalty': 'l2'}. Best is trial 11 with value: 0.95.
[I 2026-04-09 19:35:29,491] A new study created in memory with name: knn
[I 2026-04-09 19:35:29,508] Trial 0 finished with value: 0.75 and parameters: {'n_neighbors': 10, 'leaf_size': 26, 'p': 1}. Best is trial 0 with value: 0.75.
[I 2026-04-09 19:35:29,521] Trial 1 finished with value: 0.85 and parameters: {'n_neighbors': 3, 'leaf_size': 32, 'p': 1}. Best is trial 1 with value: 0.85.
[I 2026-04-09 19:35:29,534] Trial 2 finished with value: 0.9 and parameters: {'n_neighbors': 5, 'leaf_size': 33, 'p': 2}. Best is trial 2 with value: 0.9.
[I 2026-04-09 19:35:29,547] Trial 3 finished with value: 0.85 and parameters: {'n_neighbors': 7, 'leaf_size': 32, 'p': 2}. Best is trial 2 with value: 0.9.
[I 2026-04-09 19:35:29,590] Trial 4 finished with value: 0.85 and parameters: {'n_neighbors': 9, 'leaf_size': 28, 'p': 1}. Best is trial 2 with value: 0.9.
