[I 2026-04-09 22:01:16,232] Trial 7 finished with value: 0.975 and parameters: {'n_estimators': 10, 'max_depth': 5, 'gamma': 0.5767347850317142, 'subsample': 0.7995431264700696, 'colsample_bytree': 0.8604622333437917}. Best is trial 5 with value: 1.0.
[I 2026-04-09 22:01:16,292] Trial 8 finished with value: 0.925 and parameters: {'n_estimators': 100, 'max_depth': 20, 'gamma': 0.8470554948938058, 'subsample': 0.860339005739911, 'colsample_bytree': 0.9331308414408237}. Best is trial 5 with value: 1.0.
[I 2026-04-09 22:01:16,350] Trial 9 finished with value: 0.975 and parameters: {'n_estimators': 100, 'max_depth': 30, 'gamma': 0.574951454577921, 'subsample': 0.9696020680119358, 'colsample_bytree': 0.8616917074936369}. Best is trial 5 with value: 1.0.
[I 2026-04-09 22:01:16,421] Trial 10 finished with value: 0.975 and parameters: {'n_estimators': 40, 'max_depth': 20, 'gamma': 0.25114105728599195, 'subsample': 0.5214379676091062, 'colsample_bytree': 0.525322130410742}. Best is trial 5 with value: 1.0.
[I 2026-04-09 22:01:16,490] Trial 11 finished with value: 0.975 and parameters: {'n_estimators': 40, 'max_depth': 20, 'gamma': 0.9894607367239925, 'subsample': 0.5005044321862977, 'colsample_bytree': 0.5322903435419324}. Best is trial 5 with value: 1.0.
[I 2026-04-09 22:01:16,534] Trial 12 finished with value: 0.975 and parameters: {'n_estimators': 100, 'max_depth': 5, 'gamma': 0.7523532051549551, 'subsample': 0.5843861231229354, 'colsample_bytree': 0.6068862373075697}. Best is trial 5 with value: 1.0.
[I 2026-04-09 22:01:16,564] Trial 13 finished with value: 1.0 and parameters: {'n_estimators': 40, 'max_depth': 20, 'gamma': 0.9809367317589455, 'subsample': 0.697195733007174, 'colsample_bytree': 0.5805796057328212}. Best is trial 5 with value: 1.0.
[I 2026-04-09 22:01:16,603] Trial 14 finished with value: 0.95 and parameters: {'n_estimators': 40, 'max_depth': 20, 'gamma': 0.9807826061174751, 'subsample': 0.7116764531924085, 'colsample_bytree': 0.5987958441843751}. Best is trial 5 with value: 1.0.
[I 2026-04-09 22:01:16,635] Trial 15 finished with value: 0.95 and parameters: {'n_estimators': 40, 'max_depth': 20, 'gamma': 0.32063761133384977, 'subsample': 0.6693852739094144, 'colsample_bytree': 0.6059512118506298}. Best is trial 5 with value: 1.0.
[I 2026-04-09 22:01:16,668] Trial 16 finished with value: 0.925 and parameters: {'n_estimators': 40, 'max_depth': 20, 'gamma': 0.67736141539639, 'subsample': 0.7606889779211421, 'colsample_bytree': 0.512561439261462}. Best is trial 5 with value: 1.0.
[I 2026-04-09 22:01:16,701] Trial 17 finished with value: 0.975 and parameters: {'n_estimators': 40, 'max_depth': 20, 'gamma': 0.8930735616246096, 'subsample': 0.5864917635156981, 'colsample_bytree': 0.6548115093554578}. Best is trial 5 with value: 1.0.
[I 2026-04-09 22:01:16,735] Trial 18 finished with value: 0.95 and parameters: {'n_estimators': 10, 'max_depth': 30, 'gamma': 0.421371034665886, 'subsample': 0.8902649886973554, 'colsample_bytree': 0.5674267989388845}. Best is trial 5 with value: 1.0.
[I 2026-04-09 22:01:16,778] Trial 19 finished with value: 0.95 and parameters: {'n_estimators': 40, 'max_depth': 20, 'gamma': 0.709208600718435, 'subsample': 0.7515829068834461, 'colsample_bytree': 0.6783890340050219}. Best is trial 5 with value: 1.0.
[I 2026-04-09 22:01:16,812] Trial 20 finished with value: 0.95 and parameters: {'n_estimators': 40, 'max_depth': 20, 'gamma': 0.8985963293551661, 'subsample': 0.5622761200922171, 'colsample_bytree': 0.8170017724155414}. Best is trial 5 with value: 1.0.
[I 2026-04-09 22:01:16,856] Trial 21 finished with value: 1.0 and parameters: {'n_estimators': 100, 'max_depth': 5, 'gamma': 0.8211163101598202, 'subsample': 0.5509999220364407, 'colsample_bytree': 0.7209387905370135}. Best is trial 5 with value: 1.0.
[I 2026-04-09 22:01:16,893] Trial 22 finished with value: 1.0 and parameters: {'n_estimators': 100, 'max_depth': 5, 'gamma': 0.9316945482969685, 'subsample': 0.629453112508587, 'colsample_bytree': 0.5762803846304247}. Best is trial 5 with value: 1.0.
[I 2026-04-09 22:01:16,931] Trial 23 finished with value: 0.875 and parameters: {'n_estimators': 10, 'max_depth': 30, 'gamma': 0.7263888069457896, 'subsample': 0.6757336016194423, 'colsample_bytree': 0.6250770489434143}. Best is trial 5 with value: 1.0.
[I 2026-04-09 22:01:16,970] Trial 24 finished with value: 0.95 and parameters: {'n_estimators': 40, 'max_depth': 20, 'gamma': 0.8493289389535783, 'subsample': 0.5472323331252409, 'colsample_bytree': 0.7839500096983872}. Best is trial 5 with value: 1.0.
[I 2026-04-09 22:01:17,019] Trial 25 finished with value: 1.0 and parameters: {'n_estimators': 100, 'max_depth': 5, 'gamma': 0.6237174955124991, 'subsample': 0.6063324105200728, 'colsample_bytree': 0.5550086405560128}. Best is trial 5 with value: 1.0.
[I 2026-04-09 22:01:17,061] Trial 26 finished with value: 0.975 and parameters: {'n_estimators': 40, 'max_depth': 20, 'gamma': 0.7754443551048769, 'subsample': 0.7067357274044767, 'colsample_bytree': 0.7228820768976273}. Best is trial 5 with value: 1.0.
[I 2026-04-09 22:01:17,122] Trial 27 finished with value: 0.95 and parameters: {'n_estimators': 40, 'max_depth': 20, 'gamma': 0.9367866845874265, 'subsample': 0.5548672831587178, 'colsample_bytree': 0.6412838610223918}. Best is trial 5 with value: 1.0.
[I 2026-04-09 22:01:17,166] Trial 28 finished with value: 0.875 and parameters: {'n_estimators': 10, 'max_depth': 30, 'gamma': 0.8484365121741861, 'subsample': 0.6451347514193712, 'colsample_bytree': 0.8029888899725937}. Best is trial 5 with value: 1.0.
[I 2026-04-09 22:01:17,205] Trial 29 finished with value: 1.0 and parameters: {'n_estimators': 100, 'max_depth': 5, 'gamma': 0.49968468111656317, 'subsample': 0.6770066730367019, 'colsample_bytree': 0.6861673827621801}. Best is trial 5 with value: 1.0.
[I 2026-04-09 22:01:18,183] A new study created in memory with name: rf
[I 2026-04-09 22:01:18,712] Trial 0 finished with value: 0.975 and parameters: {'n_estimators': 450, 'max_depth': 20, 'min_samples_split': 9, 'min_samples_leaf': 6}. Best is trial 0 with value: 0.975.
[I 2026-04-09 22:01:18,970] Trial 1 finished with value: 1.0 and parameters: {'n_estimators': 193, 'max_depth': 3, 'min_samples_split': 5, 'min_samples_leaf': 5}. Best is trial 1 with value: 1.0.
[I 2026-04-09 22:01:19,351] Trial 2 finished with value: 0.975 and parameters: {'n_estimators': 309, 'max_depth': 11, 'min_samples_split': 6, 'min_samples_leaf': 6}. Best is trial 1 with value: 1.0.
[I 2026-04-09 22:01:19,841] Trial 3 finished with value: 0.975 and parameters: {'n_estimators': 405, 'max_depth': 15, 'min_samples_split': 7, 'min_samples_leaf': 5}. Best is trial 1 with value: 1.0.
[I 2026-04-09 22:01:20,152] Trial 4 finished with value: 0.975 and parameters: {'n_estimators': 215, 'max_depth': 20, 'min_samples_split': 5, 'min_samples_leaf': 3}. Best is trial 1 with value: 1.0.
[I 2026-04-09 22:01:20,333] Trial 5 finished with value: 1.0 and parameters: {'n_estimators': 126, 'max_depth': 20, 'min_samples_split': 3, 'min_samples_leaf': 4}. Best is trial 1 with value: 1.0.
[I 2026-04-09 22:01:20,536] Trial 6 finished with value: 0.85 and parameters: {'n_estimators': 128, 'max_depth': 7, 'min_samples_split': 5, 'min_samples_leaf': 9}. Best is trial 1 with value: 1.0.
[I 2026-04-09 22:01:20,835] Trial 7 finished with value: 1.0 and parameters: {'n_estimators': 238, 'max_depth': 20, 'min_samples_split': 2, 'min_samples_leaf': 4}. Best is trial 1 with value: 1.0.
[I 2026-04-09 22:01:21,194] Trial 8 finished with value: 1.0 and parameters: {'n_estimators': 252, 'max_depth': 16, 'min_samples_split': 10, 'min_samples_leaf': 4}. Best is trial 1 with value: 1.0.
[I 2026-04-09 22:01:21,572] Trial 9 finished with value: 0.9 and parameters: {'n_estimators': 273, 'max_depth': 7, 'min_samples_split': 9, 'min_samples_leaf': 7}. Best is trial 1 with value: 1.0.
[I 2026-04-09 22:01:22,039] Trial 10 finished with value: 0.975 and parameters: {'n_estimators': 340, 'max_depth': 4, 'min_samples_split': 4, 'min_samples_leaf': 1}. Best is trial 1 with value: 1.0.
[I 2026-04-09 22:01:22,307] Trial 11 finished with value: 1.0 and parameters: {'n_estimators': 120, 'max_depth': 3, 'min_samples_split': 2, 'min_samples_leaf': 2}. Best is trial 1 with value: 1.0.
[I 2026-04-09 22:01:22,587] Trial 12 finished with value: 0.9 and parameters: {'n_estimators': 170, 'max_depth': 12, 'min_samples_split': 3, 'min_samples_leaf': 8}. Best is trial 1 with value: 1.0.
[I 2026-04-09 22:01:22,855] Trial 13 finished with value: 0.825 and parameters: {'n_estimators': 182, 'max_depth': 9, 'min_samples_split': 4, 'min_samples_leaf': 10}. Best is trial 1 with value: 1.0.
[I 2026-04-09 22:01:23,012] Trial 14 finished with value: 0.975 and parameters: {'n_estimators': 113, 'max_depth': 16, 'min_samples_split': 7, 'min_samples_leaf': 4}. Best is trial 1 with value: 1.0.
[I 2026-04-09 22:01:23,248] Trial 15 finished with value: 1.0 and parameters: {'n_estimators': 175, 'max_depth': 14, 'min_samples_split': 3, 'min_samples_leaf': 2}. Best is trial 1 with value: 1.0.
[I 2026-04-09 22:01:23,686] Trial 16 finished with value: 1.0 and parameters: {'n_estimators': 358, 'max_depth': 6, 'min_samples_split': 6, 'min_samples_leaf': 5}. Best is trial 1 with value: 1.0.
[I 2026-04-09 22:01:23,993] Trial 17 finished with value: 0.9 and parameters: {'n_estimators': 206, 'max_depth': 18, 'min_samples_split': 4, 'min_samples_leaf': 7}. Best is trial 1 with value: 1.0.
[I 2026-04-09 22:01:24,239] Trial 18 finished with value: 1.0 and parameters: {'n_estimators': 140, 'max_depth': 10, 'min_samples_split': 3, 'min_samples_leaf': 3}. Best is trial 1 with value: 1.0.
[I 2026-04-09 22:01:24,841] Trial 19 finished with value: 0.95 and parameters: {'n_estimators': 495, 'max_depth': 13, 'min_samples_split': 5, 'min_samples_leaf': 7}. Best is trial 1 with value: 1.0.
[I 2026-04-09 22:01:25,100] Trial 20 finished with value: 1.0 and parameters: {'n_estimators': 161, 'max_depth': 5, 'min_samples_split': 7, 'min_samples_leaf': 3}. Best is trial 1 with value: 1.0.
[I 2026-04-09 22:01:25,399] Trial 21 finished with value: 1.0 and parameters: {'n_estimators': 236, 'max_depth': 18, 'min_samples_split': 2, 'min_samples_leaf': 4}. Best is trial 1 with value: 1.0.
[I 2026-04-09 22:01:25,685] Trial 22 finished with value: 1.0 and parameters: {'n_estimators': 216, 'max_depth': 18, 'min_samples_split': 2, 'min_samples_leaf': 5}. Best is trial 1 with value: 1.0.
[I 2026-04-09 22:01:26,038] Trial 23 finished with value: 1.0 and parameters: {'n_estimators': 293, 'max_depth': 20, 'min_samples_split': 3, 'min_samples_leaf': 4}. Best is trial 1 with value: 1.0.
[I 2026-04-09 22:01:26,401] Trial 24 finished with value: 0.975 and parameters: {'n_estimators': 260, 'max_depth': 17, 'min_samples_split': 2, 'min_samples_leaf': 6}. Best is trial 1 with value: 1.0.
[I 2026-04-09 22:01:26,682] Trial 25 finished with value: 1.0 and parameters: {'n_estimators': 200, 'max_depth': 9, 'min_samples_split': 4, 'min_samples_leaf': 2}. Best is trial 1 with value: 1.0.
[I 2026-04-09 22:01:26,859] Trial 26 finished with value: 1.0 and parameters: {'n_estimators': 104, 'max_depth': 19, 'min_samples_split': 3, 'min_samples_leaf': 5}. Best is trial 1 with value: 1.0.
[I 2026-04-09 22:01:27,111] Trial 27 finished with value: 1.0 and parameters: {'n_estimators': 149, 'max_depth': 14, 'min_samples_split': 5, 'min_samples_leaf': 3}. Best is trial 1 with value: 1.0.
[I 2026-04-09 22:01:27,435] Trial 28 finished with value: 1.0 and parameters: {'n_estimators': 234, 'max_depth': 16, 'min_samples_split': 2, 'min_samples_leaf': 4}. Best is trial 1 with value: 1.0.
[I 2026-04-09 22:01:27,862] Trial 29 finished with value: 0.975 and parameters: {'n_estimators': 323, 'max_depth': 20, 'min_samples_split': 6, 'min_samples_leaf': 6}. Best is trial 1 with value: 1.0.
[I 2026-04-09 22:01:30,840] A new study created in memory with name: mlp
[I 2026-04-09 22:01:30,897] Trial 0 finished with value: 0.775 and parameters: {'hidden_layer_sizes': (200,), 'max_iter': 50, 'alpha': 0.001}. Best is trial 0 with value: 0.775.
[I 2026-04-09 22:01:30,945] Trial 1 finished with value: 0.8 and parameters: {'hidden_layer_sizes': (200,), 'max_iter': 50, 'alpha': 0.0001}. Best is trial 1 with value: 0.8.
[I 2026-04-09 22:01:30,992] Trial 2 finished with value: 0.75 and parameters: {'hidden_layer_sizes': (100,), 'max_iter': 50, 'alpha': 0.0001}. Best is trial 1 with value: 0.8.
[I 2026-04-09 22:01:31,051] Trial 3 finished with value: 0.8 and parameters: {'hidden_layer_sizes': (100,), 'max_iter': 100, 'alpha': 0.001}. Best is trial 1 with value: 0.8.
[I 2026-04-09 22:01:31,125] Trial 4 finished with value: 0.8 and parameters: {'hidden_layer_sizes': (200,), 'max_iter': 100, 'alpha': 0.001}. Best is trial 1 with value: 0.8.
[I 2026-04-09 22:01:31,173] Trial 5 finished with value: 0.8 and parameters: {'hidden_layer_sizes': (200,), 'max_iter': 50, 'alpha': 0.001}. Best is trial 1 with value: 0.8.
[I 2026-04-09 22:01:31,241] Trial 6 finished with value: 0.775 and parameters: {'hidden_layer_sizes': (100,), 'max_iter': 100, 'alpha': 0.0001}. Best is trial 1 with value: 0.8.
[I 2026-04-09 22:01:31,288] Trial 7 finished with value: 0.7 and parameters: {'hidden_layer_sizes': (100, 100), 'max_iter': 50, 'alpha': 0.0001}. Best is trial 1 with value: 0.8.
[I 2026-04-09 22:01:31,386] Trial 8 finished with value: 0.75 and parameters: {'hidden_layer_sizes': (100, 100), 'max_iter': 100, 'alpha': 0.0001}. Best is trial 1 with value: 0.8.
[I 2026-04-09 22:01:31,422] Trial 9 finished with value: 0.75 and parameters: {'hidden_layer_sizes': (100,), 'max_iter': 50, 'alpha': 0.001}. Best is trial 1 with value: 0.8.
[I 2026-04-09 22:01:31,471] Trial 10 finished with value: 0.75 and parameters: {'hidden_layer_sizes': (200,), 'max_iter': 50, 'alpha': 0.0001}. Best is trial 1 with value: 0.8.
[I 2026-04-09 22:01:31,530] Trial 11 finished with value: 0.8 and parameters: {'hidden_layer_sizes': (100,), 'max_iter': 100, 'alpha': 0.001}. Best is trial 1 with value: 0.8.
[I 2026-04-09 22:01:31,599] Trial 12 finished with value: 0.775 and parameters: {'hidden_layer_sizes': (200,), 'max_iter': 100, 'alpha': 0.0001}. Best is trial 1 with value: 0.8.
[I 2026-04-09 22:01:31,654] Trial 13 finished with value: 0.825 and parameters: {'hidden_layer_sizes': (100,), 'max_iter': 100, 'alpha': 0.001}. Best is trial 13 with value: 0.825.
[I 2026-04-09 22:01:31,703] Trial 14 finished with value: 0.75 and parameters: {'hidden_layer_sizes': (100, 100), 'max_iter': 50, 'alpha': 0.001}. Best is trial 13 with value: 0.825.
[I 2026-04-09 22:01:31,760] Trial 15 finished with value: 0.775 and parameters: {'hidden_layer_sizes': (100,), 'max_iter': 100, 'alpha': 0.0001}. Best is trial 13 with value: 0.825.
[I 2026-04-09 22:01:31,826] Trial 16 finished with value: 0.85 and parameters: {'hidden_layer_sizes': (200,), 'max_iter': 50, 'alpha': 0.001}. Best is trial 16 with value: 0.85.
[I 2026-04-09 22:01:31,895] Trial 17 finished with value: 0.775 and parameters: {'hidden_layer_sizes': (200,), 'max_iter': 100, 'alpha': 0.001}. Best is trial 16 with value: 0.85.
[I 2026-04-09 22:01:31,951] Trial 18 finished with value: 0.8 and parameters: {'hidden_layer_sizes': (100,), 'max_iter': 100, 'alpha': 0.001}. Best is trial 16 with value: 0.85.
[I 2026-04-09 22:01:31,996] Trial 19 finished with value: 0.775 and parameters: {'hidden_layer_sizes': (100, 100), 'max_iter': 50, 'alpha': 0.001}. Best is trial 16 with value: 0.85.
[I 2026-04-09 22:01:32,033] Trial 20 finished with value: 0.75 and parameters: {'hidden_layer_sizes': (200,), 'max_iter': 50, 'alpha': 0.001}. Best is trial 16 with value: 0.85.
[I 2026-04-09 22:01:32,085] Trial 21 finished with value: 0.775 and parameters: {'hidden_layer_sizes': (200,), 'max_iter': 50, 'alpha': 0.0001}. Best is trial 16 with value: 0.85.
[I 2026-04-09 22:01:32,121] Trial 22 finished with value: 0.8 and parameters: {'hidden_layer_sizes': (200,), 'max_iter': 50, 'alpha': 0.001}. Best is trial 16 with value: 0.85.
[I 2026-04-09 22:01:32,161] Trial 23 finished with value: 0.8 and parameters: {'hidden_layer_sizes': (200,), 'max_iter': 50, 'alpha': 0.0001}. Best is trial 16 with value: 0.85.
[I 2026-04-09 22:01:32,200] Trial 24 finished with value: 0.825 and parameters: {'hidden_layer_sizes': (200,), 'max_iter': 50, 'alpha': 0.001}. Best is trial 16 with value: 0.85.
[I 2026-04-09 22:01:32,234] Trial 25 finished with value: 0.85 and parameters: {'hidden_layer_sizes': (100,), 'max_iter': 50, 'alpha': 0.001}. Best is trial 16 with value: 0.85.
[I 2026-04-09 22:01:32,293] Trial 26 finished with value: 0.8 and parameters: {'hidden_layer_sizes': (100,), 'max_iter': 100, 'alpha': 0.001}. Best is trial 16 with value: 0.85.
[I 2026-04-09 22:01:32,330] Trial 27 finished with value: 0.8 and parameters: {'hidden_layer_sizes': (100,), 'max_iter': 50, 'alpha': 0.001}. Best is trial 16 with value: 0.85.
[I 2026-04-09 22:01:32,387] Trial 28 finished with value: 0.75 and parameters: {'hidden_layer_sizes': (100,), 'max_iter': 100, 'alpha': 0.001}. Best is trial 16 with value: 0.85.
[I 2026-04-09 22:01:32,435] Trial 29 finished with value: 0.7 and parameters: {'hidden_layer_sizes': (100,), 'max_iter': 50, 'alpha': 0.001}. Best is trial 16 with value: 0.85.
[I 2026-04-09 22:01:38,265] A new study created in memory with name: naive_bayes
[I 2026-04-09 22:01:38,283] Trial 0 finished with value: 0.9 and parameters: {'var_smoothing': 5.582886587978182e-09}. Best is trial 0 with value: 0.9.
[I 2026-04-09 22:01:38,300] Trial 1 finished with value: 0.9 and parameters: {'var_smoothing': 8.651299071518215e-09}. Best is trial 0 with value: 0.9.
[I 2026-04-09 22:01:38,313] Trial 2 finished with value: 0.9 and parameters: {'var_smoothing': 5.475062490474489e-09}. Best is trial 0 with value: 0.9.
[I 2026-04-09 22:01:38,327] Trial 3 finished with value: 0.9 and parameters: {'var_smoothing': 1.1526869678723134e-09}. Best is trial 0 with value: 0.9.
[I 2026-04-09 22:01:38,341] Trial 4 finished with value: 0.9 and parameters: {'var_smoothing': 2.920496270341785e-10}. Best is trial 0 with value: 0.9.
[I 2026-04-09 22:01:38,357] Trial 5 finished with value: 0.9 and parameters: {'var_smoothing': 1.0538956417705805e-10}. Best is trial 0 with value: 0.9.
[I 2026-04-09 22:01:38,373] Trial 6 finished with value: 0.9 and parameters: {'var_smoothing': 7.260016982331591e-10}. Best is trial 0 with value: 0.9.
[I 2026-04-09 22:01:38,388] Trial 7 finished with value: 0.9 and parameters: {'var_smoothing': 6.378267364653917e-10}. Best is trial 0 with value: 0.9.
[I 2026-04-09 22:01:38,403] Trial 8 finished with value: 0.9 and parameters: {'var_smoothing': 1.1100673847791952e-09}. Best is trial 0 with value: 0.9.
[I 2026-04-09 22:01:38,416] Trial 9 finished with value: 0.9 and parameters: {'var_smoothing': 9.052813879088377e-10}. Best is trial 0 with value: 0.9.
[I 2026-04-09 22:01:38,434] Trial 10 finished with value: 0.9 and parameters: {'var_smoothing': 3.20543606083287e-09}. Best is trial 0 with value: 0.9.
[I 2026-04-09 22:01:38,481] Trial 11 finished with value: 0.9 and parameters: {'var_smoothing': 8.433965140342417e-09}. Best is trial 0 with value: 0.9.
[I 2026-04-09 22:01:38,499] Trial 12 finished with value: 0.9 and parameters: {'var_smoothing': 2.860874278982245e-09}. Best is trial 0 with value: 0.9.
[I 2026-04-09 22:01:38,517] Trial 13 finished with value: 0.9 and parameters: {'var_smoothing': 9.270349036178526e-09}. Best is trial 0 with value: 0.9.
[I 2026-04-09 22:01:38,533] Trial 14 finished with value: 0.9 and parameters: {'var_smoothing': 3.13069447640915e-09}. Best is trial 0 with value: 0.9.
[I 2026-04-09 22:01:38,564] Trial 15 finished with value: 0.9 and parameters: {'var_smoothing': 5.223604886811285e-09}. Best is trial 0 with value: 0.9.
[I 2026-04-09 22:01:38,587] Trial 16 finished with value: 0.9 and parameters: {'var_smoothing': 2.0295724993447026e-09}. Best is trial 0 with value: 0.9.
[I 2026-04-09 22:01:38,606] Trial 17 finished with value: 0.9 and parameters: {'var_smoothing': 5.880433102756661e-09}. Best is trial 0 with value: 0.9.
[I 2026-04-09 22:01:38,633] Trial 18 finished with value: 0.9 and parameters: {'var_smoothing': 1.6980964875204416e-09}. Best is trial 0 with value: 0.9.
[I 2026-04-09 22:01:38,651] Trial 19 finished with value: 0.9 and parameters: {'var_smoothing': 4.2955625192244405e-09}. Best is trial 0 with value: 0.9.
[I 2026-04-09 22:01:38,670] Trial 20 finished with value: 0.9 and parameters: {'var_smoothing': 9.833771947222685e-09}. Best is trial 0 with value: 0.9.
[I 2026-04-09 22:01:38,697] Trial 21 finished with value: 0.9 and parameters: {'var_smoothing': 6.0482464086364635e-09}. Best is trial 0 with value: 0.9.
[I 2026-04-09 22:01:38,716] Trial 22 finished with value: 0.9 and parameters: {'var_smoothing': 4.537628481410357e-09}. Best is trial 0 with value: 0.9.
[I 2026-04-09 22:01:38,744] Trial 23 finished with value: 0.9 and parameters: {'var_smoothing': 6.750528289210463e-09}. Best is trial 0 with value: 0.9.
[I 2026-04-09 22:01:38,760] Trial 24 finished with value: 0.9 and parameters: {'var_smoothing': 2.2780337647355764e-09}. Best is trial 0 with value: 0.9.
[I 2026-04-09 22:01:38,775] Trial 25 finished with value: 0.9 and parameters: {'var_smoothing': 3.986918574074946e-09}. Best is trial 0 with value: 0.9.
[I 2026-04-09 22:01:38,796] Trial 26 finished with value: 0.9 and parameters: {'var_smoothing': 1.7707565248297843e-09}. Best is trial 0 with value: 0.9.
[I 2026-04-09 22:01:38,829] Trial 27 finished with value: 0.9 and parameters: {'var_smoothing': 6.732492847962814e-09}. Best is trial 0 with value: 0.9.
[I 2026-04-09 22:01:38,870] Trial 28 finished with value: 0.9 and parameters: {'var_smoothing': 3.8684773890893174e-10}. Best is trial 0 with value: 0.9.
[I 2026-04-09 22:01:38,907] Trial 29 finished with value: 0.9 and parameters: {'var_smoothing': 1.5480090897085013e-09}. Best is trial 0 with value: 0.9.
[I 2026-04-09 22:01:40,018] A new study created in memory with name: logreg
