[I 2026-04-07 02:22:50,460] Trial 28 finished with value: 0.9 and parameters: {'var_smoothing': 2.892605714238917e-09}. Best is trial 1 with value: 0.9.
[I 2026-04-07 02:22:50,476] Trial 29 finished with value: 0.9 and parameters: {'var_smoothing': 6.707683148984032e-09}. Best is trial 1 with value: 0.9.
[I 2026-04-07 02:22:51,421] A new study created in memory with name: logreg
[I 2026-04-07 02:22:51,445] Trial 0 finished with value: 0.9 and parameters: {'C': 0.012881482725481003, 'penalty': 'l2'}. Best is trial 0 with value: 0.9.
[I 2026-04-07 02:22:51,480] Trial 1 finished with value: 0.925 and parameters: {'C': 22.576755560681583, 'penalty': 'l2'}. Best is trial 1 with value: 0.925.
[I 2026-04-07 02:22:51,506] Trial 2 finished with value: 0.9 and parameters: {'C': 0.010804278656839932, 'penalty': 'l2'}. Best is trial 1 with value: 0.925.
[I 2026-04-07 02:22:51,541] Trial 3 finished with value: 0.925 and parameters: {'C': 39.17910760336117, 'penalty': 'l2'}. Best is trial 1 with value: 0.925.
[I 2026-04-07 02:22:51,566] Trial 4 finished with value: 0.9 and parameters: {'C': 0.2767298094062571, 'penalty': 'l2'}. Best is trial 1 with value: 0.925.
[I 2026-04-07 02:22:51,591] Trial 5 finished with value: 0.9 and parameters: {'C': 1.1447728330837224, 'penalty': 'l2'}. Best is trial 1 with value: 0.925.
[I 2026-04-07 02:22:51,614] Trial 6 finished with value: 0.925 and parameters: {'C': 6.753661388238877, 'penalty': 'l2'}. Best is trial 1 with value: 0.925.
[I 2026-04-07 02:22:51,638] Trial 7 finished with value: 0.9 and parameters: {'C': 0.39092184460352974, 'penalty': 'l2'}. Best is trial 1 with value: 0.925.
[I 2026-04-07 02:22:51,663] Trial 8 finished with value: 0.9 and parameters: {'C': 0.03047912590082646, 'penalty': 'l2'}. Best is trial 1 with value: 0.925.
[I 2026-04-07 02:22:51,688] Trial 9 finished with value: 0.9 and parameters: {'C': 0.008681727362499118, 'penalty': 'l2'}. Best is trial 1 with value: 0.925.
[I 2026-04-07 02:22:51,726] Trial 10 finished with value: 0.925 and parameters: {'C': 90.29867735508974, 'penalty': 'l2'}. Best is trial 1 with value: 0.925.
[I 2026-04-07 02:22:51,776] Trial 11 finished with value: 0.925 and parameters: {'C': 65.31936101889447, 'penalty': 'l2'}. Best is trial 1 with value: 0.925.
[I 2026-04-07 02:22:51,816] Trial 12 finished with value: 0.925 and parameters: {'C': 10.276946066829701, 'penalty': 'l2'}. Best is trial 1 with value: 0.925.
[I 2026-04-07 02:22:51,857] Trial 13 finished with value: 0.925 and parameters: {'C': 11.979406337571666, 'penalty': 'l2'}. Best is trial 1 with value: 0.925.
[I 2026-04-07 02:22:51,882] Trial 14 finished with value: 0.925 and parameters: {'C': 3.103885131392604, 'penalty': 'l2'}. Best is trial 1 with value: 0.925.
[I 2026-04-07 02:22:51,918] Trial 15 finished with value: 0.925 and parameters: {'C': 27.368605040072197, 'penalty': 'l2'}. Best is trial 1 with value: 0.925.
[I 2026-04-07 02:22:51,958] Trial 16 finished with value: 0.9 and parameters: {'C': 0.13344077328067044, 'penalty': 'l2'}. Best is trial 1 with value: 0.925.
[I 2026-04-07 02:22:51,987] Trial 17 finished with value: 0.9 and parameters: {'C': 0.0021318879744765045, 'penalty': 'l2'}. Best is trial 1 with value: 0.925.
[I 2026-04-07 02:22:52,018] Trial 18 finished with value: 0.9 and parameters: {'C': 1.8056426094216929, 'penalty': 'l2'}. Best is trial 1 with value: 0.925.
[I 2026-04-07 02:22:52,056] Trial 19 finished with value: 0.925 and parameters: {'C': 30.717532996538623, 'penalty': 'l2'}. Best is trial 1 with value: 0.925.
[I 2026-04-07 02:22:52,095] Trial 20 finished with value: 0.925 and parameters: {'C': 26.828467218463196, 'penalty': 'l2'}. Best is trial 1 with value: 0.925.
[I 2026-04-07 02:22:52,133] Trial 21 finished with value: 0.925 and parameters: {'C': 6.575022661419543, 'penalty': 'l2'}. Best is trial 1 with value: 0.925.
[I 2026-04-07 02:22:52,173] Trial 22 finished with value: 0.925 and parameters: {'C': 6.706002052218645, 'penalty': 'l2'}. Best is trial 1 with value: 0.925.
[I 2026-04-07 02:22:52,213] Trial 23 finished with value: 0.9 and parameters: {'C': 1.0520140014393538, 'penalty': 'l2'}. Best is trial 1 with value: 0.925.
[I 2026-04-07 02:22:52,243] Trial 24 finished with value: 0.925 and parameters: {'C': 3.6445756570030685, 'penalty': 'l2'}. Best is trial 1 with value: 0.925.
[I 2026-04-07 02:22:52,284] Trial 25 finished with value: 0.925 and parameters: {'C': 17.082216857428726, 'penalty': 'l2'}. Best is trial 1 with value: 0.925.
[I 2026-04-07 02:22:52,325] Trial 26 finished with value: 0.925 and parameters: {'C': 56.7308368250939, 'penalty': 'l2'}. Best is trial 1 with value: 0.925.
[I 2026-04-07 02:22:52,376] Trial 27 finished with value: 0.925 and parameters: {'C': 90.92850063115274, 'penalty': 'l2'}. Best is trial 1 with value: 0.925.
[I 2026-04-07 02:22:52,401] Trial 28 finished with value: 0.925 and parameters: {'C': 4.5001096867475, 'penalty': 'l2'}. Best is trial 1 with value: 0.925.
[I 2026-04-07 02:22:52,442] Trial 29 finished with value: 0.925 and parameters: {'C': 36.84947876004624, 'penalty': 'l2'}. Best is trial 1 with value: 0.925.
[I 2026-04-07 02:22:53,300] A new study created in memory with name: knn
[I 2026-04-07 02:22:53,315] Trial 0 finished with value: 0.9 and parameters: {'n_neighbors': 4, 'leaf_size': 38, 'p': 2}. Best is trial 0 with value: 0.9.
[I 2026-04-07 02:22:53,339] Trial 1 finished with value: 0.9 and parameters: {'n_neighbors': 6, 'leaf_size': 32, 'p': 1}. Best is trial 0 with value: 0.9.
[I 2026-04-07 02:22:53,353] Trial 2 finished with value: 0.9 and parameters: {'n_neighbors': 5, 'leaf_size': 23, 'p': 2}. Best is trial 0 with value: 0.9.
[I 2026-04-07 02:22:53,367] Trial 3 finished with value: 0.9 and parameters: {'n_neighbors': 6, 'leaf_size': 23, 'p': 1}. Best is trial 0 with value: 0.9.
[I 2026-04-07 02:22:53,380] Trial 4 finished with value: 0.9 and parameters: {'n_neighbors': 6, 'leaf_size': 26, 'p': 1}. Best is trial 0 with value: 0.9.
[I 2026-04-07 02:22:53,396] Trial 5 finished with value: 0.85 and parameters: {'n_neighbors': 7, 'leaf_size': 25, 'p': 1}. Best is trial 0 with value: 0.9.
[I 2026-04-07 02:22:53,411] Trial 6 finished with value: 0.9 and parameters: {'n_neighbors': 5, 'leaf_size': 23, 'p': 2}. Best is trial 0 with value: 0.9.
[I 2026-04-07 02:22:53,424] Trial 7 finished with value: 0.85 and parameters: {'n_neighbors': 10, 'leaf_size': 23, 'p': 2}. Best is trial 0 with value: 0.9.
[I 2026-04-07 02:22:53,449] Trial 8 finished with value: 0.875 and parameters: {'n_neighbors': 8, 'leaf_size': 36, 'p': 2}. Best is trial 0 with value: 0.9.
[I 2026-04-07 02:22:53,474] Trial 9 finished with value: 0.9 and parameters: {'n_neighbors': 3, 'leaf_size': 30, 'p': 2}. Best is trial 0 with value: 0.9.
[I 2026-04-07 02:22:53,509] Trial 10 finished with value: 0.9 and parameters: {'n_neighbors': 3, 'leaf_size': 40, 'p': 2}. Best is trial 0 with value: 0.9.
[I 2026-04-07 02:22:53,534] Trial 11 finished with value: 0.9 and parameters: {'n_neighbors': 4, 'leaf_size': 35, 'p': 1}. Best is trial 0 with value: 0.9.
[I 2026-04-07 02:22:53,555] Trial 12 finished with value: 0.875 and parameters: {'n_neighbors': 8, 'leaf_size': 33, 'p': 1}. Best is trial 0 with value: 0.9.
[I 2026-04-07 02:22:53,580] Trial 13 finished with value: 0.9 and parameters: {'n_neighbors': 4, 'leaf_size': 40, 'p': 1}. Best is trial 0 with value: 0.9.
[I 2026-04-07 02:22:53,606] Trial 14 finished with value: 0.9 and parameters: {'n_neighbors': 5, 'leaf_size': 30, 'p': 2}. Best is trial 0 with value: 0.9.
[I 2026-04-07 02:22:53,631] Trial 15 finished with value: 0.85 and parameters: {'n_neighbors': 7, 'leaf_size': 37, 'p': 1}. Best is trial 0 with value: 0.9.
[I 2026-04-07 02:22:53,658] Trial 16 finished with value: 0.85 and parameters: {'n_neighbors': 10, 'leaf_size': 31, 'p': 2}. Best is trial 0 with value: 0.9.
[I 2026-04-07 02:22:53,682] Trial 17 finished with value: 0.9 and parameters: {'n_neighbors': 4, 'leaf_size': 38, 'p': 1}. Best is trial 0 with value: 0.9.
[I 2026-04-07 02:22:53,714] Trial 18 finished with value: 0.875 and parameters: {'n_neighbors': 8, 'leaf_size': 34, 'p': 2}. Best is trial 0 with value: 0.9.
[I 2026-04-07 02:22:53,738] Trial 19 finished with value: 0.9 and parameters: {'n_neighbors': 6, 'leaf_size': 28, 'p': 1}. Best is trial 0 with value: 0.9.
[I 2026-04-07 02:22:53,774] Trial 20 finished with value: 0.85 and parameters: {'n_neighbors': 9, 'leaf_size': 32, 'p': 1}. Best is trial 0 with value: 0.9.
[I 2026-04-07 02:22:53,798] Trial 21 finished with value: 0.9 and parameters: {'n_neighbors': 5, 'leaf_size': 20, 'p': 2}. Best is trial 0 with value: 0.9.
[I 2026-04-07 02:22:53,825] Trial 22 finished with value: 0.9 and parameters: {'n_neighbors': 5, 'leaf_size': 27, 'p': 2}. Best is trial 0 with value: 0.9.
[I 2026-04-07 02:22:53,851] Trial 23 finished with value: 0.9 and parameters: {'n_neighbors': 4, 'leaf_size': 28, 'p': 2}. Best is trial 0 with value: 0.9.
[I 2026-04-07 02:22:53,874] Trial 24 finished with value: 0.9 and parameters: {'n_neighbors': 3, 'leaf_size': 21, 'p': 2}. Best is trial 0 with value: 0.9.
[I 2026-04-07 02:22:53,900] Trial 25 finished with value: 0.9 and parameters: {'n_neighbors': 6, 'leaf_size': 38, 'p': 2}. Best is trial 0 with value: 0.9.
[I 2026-04-07 02:22:53,927] Trial 26 finished with value: 0.9 and parameters: {'n_neighbors': 5, 'leaf_size': 34, 'p': 2}. Best is trial 0 with value: 0.9.
[I 2026-04-07 02:22:53,951] Trial 27 finished with value: 0.875 and parameters: {'n_neighbors': 7, 'leaf_size': 32, 'p': 2}. Best is trial 0 with value: 0.9.
[I 2026-04-07 02:22:53,977] Trial 28 finished with value: 0.9 and parameters: {'n_neighbors': 4, 'leaf_size': 25, 'p': 1}. Best is trial 0 with value: 0.9.
[I 2026-04-07 02:22:54,004] Trial 29 finished with value: 0.9 and parameters: {'n_neighbors': 6, 'leaf_size': 29, 'p': 1}. Best is trial 0 with value: 0.9.
[I 2026-04-07 02:22:55,311] A new study created in memory with name: xgb
[I 2026-04-07 02:22:55,337] Trial 0 finished with value: 0.925 and parameters: {'n_estimators': 40, 'max_depth': 5, 'gamma': 0.789317070832284, 'subsample': 0.7592089939364717, 'colsample_bytree': 0.648400250788111}. Best is trial 0 with value: 0.925.
[I 2026-04-07 02:22:55,364] Trial 1 finished with value: 0.925 and parameters: {'n_estimators': 100, 'max_depth': 30, 'gamma': 0.34667781579300216, 'subsample': 0.7071175095405257, 'colsample_bytree': 0.6480399663668239}. Best is trial 0 with value: 0.925.
[I 2026-04-07 02:22:55,392] Trial 2 finished with value: 0.925 and parameters: {'n_estimators': 10, 'max_depth': 20, 'gamma': 0.3948075529198607, 'subsample': 0.5720821503267102, 'colsample_bytree': 0.5828064306006338}. Best is trial 0 with value: 0.925.
[I 2026-04-07 02:22:55,419] Trial 3 finished with value: 0.95 and parameters: {'n_estimators': 10, 'max_depth': 30, 'gamma': 0.8015631269999768, 'subsample': 0.5114665462195407, 'colsample_bytree': 0.788831429064878}. Best is trial 3 with value: 0.95.
[I 2026-04-07 02:22:55,457] Trial 4 finished with value: 0.95 and parameters: {'n_estimators': 100, 'max_depth': 5, 'gamma': 0.8834347783013348, 'subsample': 0.961374806972835, 'colsample_bytree': 0.5011071062662218}. Best is trial 3 with value: 0.95.
[I 2026-04-07 02:22:55,484] Trial 5 finished with value: 0.95 and parameters: {'n_estimators': 40, 'max_depth': 5, 'gamma': 0.5364379674896123, 'subsample': 0.5145557818363589, 'colsample_bytree': 0.5432628442011025}. Best is trial 3 with value: 0.95.
[I 2026-04-07 02:22:55,512] Trial 6 finished with value: 0.95 and parameters: {'n_estimators': 100, 'max_depth': 20, 'gamma': 0.6718205850237038, 'subsample': 0.9059511955902053, 'colsample_bytree': 0.9633413076219371}. Best is trial 3 with value: 0.95.
[I 2026-04-07 02:22:55,541] Trial 7 finished with value: 0.95 and parameters: {'n_estimators': 10, 'max_depth': 30, 'gamma': 0.8165284487704038, 'subsample': 0.5255714015506736, 'colsample_bytree': 0.594333867896554}. Best is trial 3 with value: 0.95.
[I 2026-04-07 02:22:55,568] Trial 8 finished with value: 0.925 and parameters: {'n_estimators': 100, 'max_depth': 20, 'gamma': 0.6251497693480509, 'subsample': 0.9696496759824258, 'colsample_bytree': 0.9717700410079397}. Best is trial 3 with value: 0.95.
[I 2026-04-07 02:22:55,596] Trial 9 finished with value: 0.925 and parameters: {'n_estimators': 40, 'max_depth': 30, 'gamma': 0.9649927737686168, 'subsample': 0.6857563076640036, 'colsample_bytree': 0.5061847058001788}. Best is trial 3 with value: 0.95.
[I 2026-04-07 02:22:55,634] Trial 10 finished with value: 0.925 and parameters: {'n_estimators': 10, 'max_depth': 30, 'gamma': 0.17962098877423716, 'subsample': 0.8185311023645913, 'colsample_bytree': 0.8181024979210034}. Best is trial 3 with value: 0.95.
[I 2026-04-07 02:22:55,669] Trial 11 finished with value: 0.925 and parameters: {'n_estimators': 10, 'max_depth': 5, 'gamma': 0.9966856929320722, 'subsample': 0.6388052294316233, 'colsample_bytree': 0.7636923459089393}. Best is trial 3 with value: 0.95.
[I 2026-04-07 02:22:55,706] Trial 12 finished with value: 0.95 and parameters: {'n_estimators': 100, 'max_depth': 5, 'gamma': 0.8186695876511884, 'subsample': 0.856379053866111, 'colsample_bytree': 0.8598621156140489}. Best is trial 3 with value: 0.95.
[I 2026-04-07 02:22:55,744] Trial 13 finished with value: 0.95 and parameters: {'n_estimators': 10, 'max_depth': 30, 'gamma': 0.872453478195811, 'subsample': 0.9982710370462082, 'colsample_bytree': 0.7091691483255377}. Best is trial 3 with value: 0.95.
[I 2026-04-07 02:22:55,781] Trial 14 finished with value: 0.925 and parameters: {'n_estimators': 100, 'max_depth': 5, 'gamma': 0.6918541336166965, 'subsample': 0.6304809553711774, 'colsample_bytree': 0.875793439624903}. Best is trial 3 with value: 0.95.
[I 2026-04-07 02:22:55,826] Trial 15 finished with value: 0.925 and parameters: {'n_estimators': 100, 'max_depth': 30, 'gamma': 0.5549594265687077, 'subsample': 0.8073597141906825, 'colsample_bytree': 0.7312478776171427}. Best is trial 3 with value: 0.95.
[I 2026-04-07 02:22:55,875] Trial 16 finished with value: 0.95 and parameters: {'n_estimators': 10, 'max_depth': 5, 'gamma': 0.8952292710008275, 'subsample': 0.9159943330969399, 'colsample_bytree': 0.806063940954327}. Best is trial 3 with value: 0.95.
[I 2026-04-07 02:22:55,913] Trial 17 finished with value: 0.925 and parameters: {'n_estimators': 10, 'max_depth': 30, 'gamma': 0.7280675696012222, 'subsample': 0.5829346204727992, 'colsample_bytree': 0.9081685044011909}. Best is trial 3 with value: 0.95.
[I 2026-04-07 02:22:55,963] Trial 18 finished with value: 0.925 and parameters: {'n_estimators': 100, 'max_depth': 5, 'gamma': 0.920582875980118, 'subsample': 0.7517151869199391, 'colsample_bytree': 0.6754307430192054}. Best is trial 3 with value: 0.95.
[I 2026-04-07 02:22:56,000] Trial 19 finished with value: 0.925 and parameters: {'n_estimators': 40, 'max_depth': 20, 'gamma': 0.5132914415394083, 'subsample': 0.9082444906593934, 'colsample_bytree': 0.8037124669950328}. Best is trial 3 with value: 0.95.
[I 2026-04-07 02:22:56,041] Trial 20 finished with value: 0.95 and parameters: {'n_estimators': 100, 'max_depth': 30, 'gamma': 0.7609682624310442, 'subsample': 0.6867146940692633, 'colsample_bytree': 0.770179603101154}. Best is trial 3 with value: 0.95.
[I 2026-04-07 02:22:56,081] Trial 21 finished with value: 0.925 and parameters: {'n_estimators': 40, 'max_depth': 5, 'gamma': 0.5684201180934404, 'subsample': 0.5032329928111994, 'colsample_bytree': 0.5126344348983555}. Best is trial 3 with value: 0.95.
[I 2026-04-07 02:22:56,121] Trial 22 finished with value: 0.925 and parameters: {'n_estimators': 40, 'max_depth': 5, 'gamma': 0.4394436313935422, 'subsample': 0.5848600703993574, 'colsample_bytree': 0.5669818954429469}. Best is trial 3 with value: 0.95.
[I 2026-04-07 02:22:56,158] Trial 23 finished with value: 0.95 and parameters: {'n_estimators': 40, 'max_depth': 5, 'gamma': 0.2966986918533232, 'subsample': 0.5415154049975884, 'colsample_bytree': 0.5181221493835536}. Best is trial 3 with value: 0.95.
[I 2026-04-07 02:22:56,196] Trial 24 finished with value: 0.925 and parameters: {'n_estimators': 40, 'max_depth': 5, 'gamma': 0.4681786213092828, 'subsample': 0.618877655030211, 'colsample_bytree': 0.5557367935983116}. Best is trial 3 with value: 0.95.
[I 2026-04-07 02:22:56,244] Trial 25 finished with value: 0.925 and parameters: {'n_estimators': 40, 'max_depth': 5, 'gamma': 0.5882211906920883, 'subsample': 0.502109784920222, 'colsample_bytree': 0.6223847468052348}. Best is trial 3 with value: 0.95.
[I 2026-04-07 02:22:56,282] Trial 26 finished with value: 0.925 and parameters: {'n_estimators': 10, 'max_depth': 5, 'gamma': 0.6409515402608029, 'subsample': 0.5601004582790781, 'colsample_bytree': 0.6937682926992983}. Best is trial 3 with value: 0.95.
[I 2026-04-07 02:22:56,320] Trial 27 finished with value: 0.925 and parameters: {'n_estimators': 40, 'max_depth': 5, 'gamma': 0.8522806398360707, 'subsample': 0.7990946478919629, 'colsample_bytree': 0.5597929018402668}. Best is trial 3 with value: 0.95.
[I 2026-04-07 02:22:56,359] Trial 28 finished with value: 0.925 and parameters: {'n_estimators': 10, 'max_depth': 20, 'gamma': 0.22696566661900475, 'subsample': 0.6601962230009764, 'colsample_bytree': 0.6111965696441772}. Best is trial 3 with value: 0.95.
[I 2026-04-07 02:22:56,408] Trial 29 finished with value: 0.925 and parameters: {'n_estimators': 100, 'max_depth': 30, 'gamma': 0.7513333158781902, 'subsample': 0.7277156924474775, 'colsample_bytree': 0.6544917722609221}. Best is trial 3 with value: 0.95.
[I 2026-04-07 02:22:57,289] A new study created in memory with name: rf
[I 2026-04-07 02:22:57,485] Trial 0 finished with value: 0.9 and parameters: {'n_estimators': 189, 'max_depth': 18, 'min_samples_split': 3, 'min_samples_leaf': 10}. Best is trial 0 with value: 0.9.
[I 2026-04-07 02:22:57,792] Trial 1 finished with value: 0.95 and parameters: {'n_estimators': 295, 'max_depth': 14, 'min_samples_split': 8, 'min_samples_leaf': 6}. Best is trial 1 with value: 0.95.
[I 2026-04-07 02:22:58,027] Trial 2 finished with value: 0.95 and parameters: {'n_estimators': 219, 'max_depth': 6, 'min_samples_split': 2, 'min_samples_leaf': 8}. Best is trial 1 with value: 0.95.
[I 2026-04-07 02:22:58,316] Trial 3 finished with value: 0.95 and parameters: {'n_estimators': 276, 'max_depth': 5, 'min_samples_split': 9, 'min_samples_leaf': 3}. Best is trial 1 with value: 0.95.
[I 2026-04-07 02:22:58,599] Trial 4 finished with value: 0.95 and parameters: {'n_estimators': 266, 'max_depth': 8, 'min_samples_split': 7, 'min_samples_leaf': 6}. Best is trial 1 with value: 0.95.
[I 2026-04-07 02:22:58,990] Trial 5 finished with value: 0.95 and parameters: {'n_estimators': 340, 'max_depth': 7, 'min_samples_split': 4, 'min_samples_leaf': 3}. Best is trial 1 with value: 0.95.
[I 2026-04-07 02:22:59,241] Trial 6 finished with value: 0.95 and parameters: {'n_estimators': 231, 'max_depth': 5, 'min_samples_split': 3, 'min_samples_leaf': 10}. Best is trial 1 with value: 0.95.
[I 2026-04-07 02:22:59,743] Trial 7 finished with value: 0.95 and parameters: {'n_estimators': 485, 'max_depth': 6, 'min_samples_split': 2, 'min_samples_leaf': 3}. Best is trial 1 with value: 0.95.
[I 2026-04-07 02:23:00,143] Trial 8 finished with value: 0.95 and parameters: {'n_estimators': 380, 'max_depth': 17, 'min_samples_split': 2, 'min_samples_leaf': 6}. Best is trial 1 with value: 0.95.
[I 2026-04-07 02:23:00,291] Trial 9 finished with value: 0.9 and parameters: {'n_estimators': 100, 'max_depth': 12, 'min_samples_split': 7, 'min_samples_leaf': 10}. Best is trial 1 with value: 0.95.
[I 2026-04-07 02:23:00,780] Trial 10 finished with value: 0.95 and parameters: {'n_estimators': 446, 'max_depth': 13, 'min_samples_split': 10, 'min_samples_leaf': 5}. Best is trial 1 with value: 0.95.
[I 2026-04-07 02:23:01,023] Trial 11 finished with value: 0.95 and parameters: {'n_estimators': 175, 'max_depth': 15, 'min_samples_split': 5, 'min_samples_leaf': 8}. Best is trial 1 with value: 0.95.
[I 2026-04-07 02:23:01,397] Trial 12 finished with value: 0.95 and parameters: {'n_estimators': 342, 'max_depth': 10, 'min_samples_split': 8, 'min_samples_leaf': 8}. Best is trial 1 with value: 0.95.
[I 2026-04-07 02:23:01,585] Trial 13 finished with value: 0.925 and parameters: {'n_estimators': 152, 'max_depth': 10, 'min_samples_split': 6, 'min_samples_leaf': 1}. Best is trial 1 with value: 0.95.
[I 2026-04-07 02:23:01,824] Trial 14 finished with value: 0.9 and parameters: {'n_estimators': 222, 'max_depth': 20, 'min_samples_split': 5, 'min_samples_leaf': 8}. Best is trial 1 with value: 0.95.
[I 2026-04-07 02:23:02,178] Trial 15 finished with value: 0.95 and parameters: {'n_estimators': 308, 'max_depth': 3, 'min_samples_split': 10, 'min_samples_leaf': 7}. Best is trial 1 with value: 0.95.
[I 2026-04-07 02:23:02,600] Trial 16 finished with value: 0.95 and parameters: {'n_estimators': 405, 'max_depth': 14, 'min_samples_split': 8, 'min_samples_leaf': 5}. Best is trial 1 with value: 0.95.
[I 2026-04-07 02:23:02,869] Trial 17 finished with value: 0.875 and parameters: {'n_estimators': 245, 'max_depth': 10, 'min_samples_split': 6, 'min_samples_leaf': 7}. Best is trial 1 with value: 0.95.
[I 2026-04-07 02:23:03,244] Trial 18 finished with value: 0.95 and parameters: {'n_estimators': 310, 'max_depth': 16, 'min_samples_split': 8, 'min_samples_leaf': 4}. Best is trial 1 with value: 0.95.
[I 2026-04-07 02:23:03,439] Trial 19 finished with value: 0.95 and parameters: {'n_estimators': 127, 'max_depth': 3, 'min_samples_split': 4, 'min_samples_leaf': 9}. Best is trial 1 with value: 0.95.
[I 2026-04-07 02:23:03,724] Trial 20 finished with value: 0.925 and parameters: {'n_estimators': 203, 'max_depth': 8, 'min_samples_split': 9, 'min_samples_leaf': 1}. Best is trial 1 with value: 0.95.
