[I 2026-04-07 00:45:42,695] Trial 29 finished with value: 0.6 and parameters: {'n_estimators': 100, 'max_depth': 5, 'gamma': 0.22773466329650413, 'subsample': 0.756043130261801, 'colsample_bytree': 0.6544917722609221}. Best is trial 16 with value: 0.9.
[I 2026-04-07 00:45:43,551] A new study created in memory with name: rf
[I 2026-04-07 00:45:43,787] Trial 0 finished with value: 0.5 and parameters: {'n_estimators': 189, 'max_depth': 18, 'min_samples_split': 3, 'min_samples_leaf': 10}. Best is trial 0 with value: 0.5.
[I 2026-04-07 00:45:44,146] Trial 1 finished with value: 0.6 and parameters: {'n_estimators': 295, 'max_depth': 14, 'min_samples_split': 8, 'min_samples_leaf': 6}. Best is trial 1 with value: 0.6.
[I 2026-04-07 00:45:44,416] Trial 2 finished with value: 0.5 and parameters: {'n_estimators': 219, 'max_depth': 6, 'min_samples_split': 2, 'min_samples_leaf': 8}. Best is trial 1 with value: 0.6.
[I 2026-04-07 00:45:44,724] Trial 3 finished with value: 0.75 and parameters: {'n_estimators': 276, 'max_depth': 5, 'min_samples_split': 9, 'min_samples_leaf': 3}. Best is trial 3 with value: 0.75.
[I 2026-04-07 00:45:45,033] Trial 4 finished with value: 0.65 and parameters: {'n_estimators': 266, 'max_depth': 8, 'min_samples_split': 7, 'min_samples_leaf': 6}. Best is trial 3 with value: 0.75.
[I 2026-04-07 00:45:45,395] Trial 5 finished with value: 0.7 and parameters: {'n_estimators': 340, 'max_depth': 7, 'min_samples_split': 4, 'min_samples_leaf': 3}. Best is trial 3 with value: 0.75.
[I 2026-04-07 00:45:45,674] Trial 6 finished with value: 0.5 and parameters: {'n_estimators': 231, 'max_depth': 5, 'min_samples_split': 3, 'min_samples_leaf': 10}. Best is trial 3 with value: 0.75.
[I 2026-04-07 00:45:46,175] Trial 7 finished with value: 0.7 and parameters: {'n_estimators': 485, 'max_depth': 6, 'min_samples_split': 2, 'min_samples_leaf': 3}. Best is trial 3 with value: 0.75.
[I 2026-04-07 00:45:46,614] Trial 8 finished with value: 0.65 and parameters: {'n_estimators': 380, 'max_depth': 17, 'min_samples_split': 2, 'min_samples_leaf': 6}. Best is trial 3 with value: 0.75.
[I 2026-04-07 00:45:46,751] Trial 9 finished with value: 0.5 and parameters: {'n_estimators': 100, 'max_depth': 12, 'min_samples_split': 7, 'min_samples_leaf': 10}. Best is trial 3 with value: 0.75.
[I 2026-04-07 00:45:47,257] Trial 10 finished with value: 0.75 and parameters: {'n_estimators': 446, 'max_depth': 3, 'min_samples_split': 10, 'min_samples_leaf': 2}. Best is trial 3 with value: 0.75.
[I 2026-04-07 00:45:47,731] Trial 11 finished with value: 0.8 and parameters: {'n_estimators': 436, 'max_depth': 3, 'min_samples_split': 10, 'min_samples_leaf': 1}. Best is trial 11 with value: 0.8.
[I 2026-04-07 00:45:48,186] Trial 12 finished with value: 0.75 and parameters: {'n_estimators': 387, 'max_depth': 3, 'min_samples_split': 10, 'min_samples_leaf': 1}. Best is trial 11 with value: 0.8.
[I 2026-04-07 00:45:48,626] Trial 13 finished with value: 0.8 and parameters: {'n_estimators': 424, 'max_depth': 9, 'min_samples_split': 9, 'min_samples_leaf': 4}. Best is trial 11 with value: 0.8.
[I 2026-04-07 00:45:49,132] Trial 14 finished with value: 0.8 and parameters: {'n_estimators': 424, 'max_depth': 10, 'min_samples_split': 9, 'min_samples_leaf': 4}. Best is trial 11 with value: 0.8.
[I 2026-04-07 00:45:49,688] Trial 15 finished with value: 0.7 and parameters: {'n_estimators': 494, 'max_depth': 10, 'min_samples_split': 6, 'min_samples_leaf': 1}. Best is trial 11 with value: 0.8.
[I 2026-04-07 00:45:50,070] Trial 16 finished with value: 0.75 and parameters: {'n_estimators': 355, 'max_depth': 15, 'min_samples_split': 9, 'min_samples_leaf': 5}. Best is trial 11 with value: 0.8.
[I 2026-04-07 00:45:50,522] Trial 17 finished with value: 0.5 and parameters: {'n_estimators': 434, 'max_depth': 9, 'min_samples_split': 5, 'min_samples_leaf': 8}. Best is trial 11 with value: 0.8.
[I 2026-04-07 00:45:50,956] Trial 18 finished with value: 0.8 and parameters: {'n_estimators': 409, 'max_depth': 12, 'min_samples_split': 8, 'min_samples_leaf': 4}. Best is trial 11 with value: 0.8.
[I 2026-04-07 00:45:51,361] Trial 19 finished with value: 0.75 and parameters: {'n_estimators': 332, 'max_depth': 14, 'min_samples_split': 10, 'min_samples_leaf': 2}. Best is trial 11 with value: 0.8.
[I 2026-04-07 00:45:51,878] Trial 20 finished with value: 0.75 and parameters: {'n_estimators': 469, 'max_depth': 3, 'min_samples_split': 8, 'min_samples_leaf': 1}. Best is trial 11 with value: 0.8.
[I 2026-04-07 00:45:52,353] Trial 21 finished with value: 0.75 and parameters: {'n_estimators': 421, 'max_depth': 10, 'min_samples_split': 9, 'min_samples_leaf': 4}. Best is trial 11 with value: 0.8.
[I 2026-04-07 00:45:52,801] Trial 22 finished with value: 0.8 and parameters: {'n_estimators': 392, 'max_depth': 20, 'min_samples_split': 9, 'min_samples_leaf': 5}. Best is trial 11 with value: 0.8.
[I 2026-04-07 00:45:53,337] Trial 23 finished with value: 0.8 and parameters: {'n_estimators': 453, 'max_depth': 11, 'min_samples_split': 10, 'min_samples_leaf': 4}. Best is trial 11 with value: 0.8.
[I 2026-04-07 00:45:53,762] Trial 24 finished with value: 0.55 and parameters: {'n_estimators': 360, 'max_depth': 8, 'min_samples_split': 7, 'min_samples_leaf': 7}. Best is trial 11 with value: 0.8.
[I 2026-04-07 00:45:54,271] Trial 25 finished with value: 0.7 and parameters: {'n_estimators': 425, 'max_depth': 11, 'min_samples_split': 8, 'min_samples_leaf': 2}. Best is trial 11 with value: 0.8.
[I 2026-04-07 00:45:54,655] Trial 26 finished with value: 0.75 and parameters: {'n_estimators': 325, 'max_depth': 9, 'min_samples_split': 6, 'min_samples_leaf': 4}. Best is trial 11 with value: 0.8.
[I 2026-04-07 00:45:55,172] Trial 27 finished with value: 0.8 and parameters: {'n_estimators': 469, 'max_depth': 13, 'min_samples_split': 9, 'min_samples_leaf': 5}. Best is trial 11 with value: 0.8.
[I 2026-04-07 00:45:55,630] Trial 28 finished with value: 0.75 and parameters: {'n_estimators': 393, 'max_depth': 5, 'min_samples_split': 10, 'min_samples_leaf': 3}. Best is trial 11 with value: 0.8.
[I 2026-04-07 00:45:55,854] Trial 29 finished with value: 0.75 and parameters: {'n_estimators': 142, 'max_depth': 16, 'min_samples_split': 9, 'min_samples_leaf': 2}. Best is trial 11 with value: 0.8.
[I 2026-04-07 00:46:00,543] A new study created in memory with name: mlp
[I 2026-04-07 00:46:00,578] Trial 0 finished with value: 0.65 and parameters: {'hidden_layer_sizes': (200,), 'max_iter': 50, 'alpha': 0.001}. Best is trial 0 with value: 0.65.
[I 2026-04-07 00:46:00,638] Trial 1 finished with value: 0.75 and parameters: {'hidden_layer_sizes': (100,), 'max_iter': 100, 'alpha': 0.0001}. Best is trial 1 with value: 0.75.
[I 2026-04-07 00:46:00,703] Trial 2 finished with value: 0.65 and parameters: {'hidden_layer_sizes': (100,), 'max_iter': 100, 'alpha': 0.001}. Best is trial 1 with value: 0.75.
[I 2026-04-07 00:46:00,749] Trial 3 finished with value: 0.65 and parameters: {'hidden_layer_sizes': (200,), 'max_iter': 50, 'alpha': 0.001}. Best is trial 1 with value: 0.75.
[I 2026-04-07 00:46:00,815] Trial 4 finished with value: 0.65 and parameters: {'hidden_layer_sizes': (100,), 'max_iter': 100, 'alpha': 0.0001}. Best is trial 1 with value: 0.75.
[I 2026-04-07 00:46:00,861] Trial 5 finished with value: 0.7 and parameters: {'hidden_layer_sizes': (100,), 'max_iter': 100, 'alpha': 0.001}. Best is trial 1 with value: 0.75.
[I 2026-04-07 00:46:00,918] Trial 6 finished with value: 0.7 and parameters: {'hidden_layer_sizes': (200,), 'max_iter': 100, 'alpha': 0.001}. Best is trial 1 with value: 0.75.
[I 2026-04-07 00:46:00,974] Trial 7 finished with value: 0.7 and parameters: {'hidden_layer_sizes': (200,), 'max_iter': 100, 'alpha': 0.001}. Best is trial 1 with value: 0.75.
[I 2026-04-07 00:46:01,031] Trial 8 finished with value: 0.7 and parameters: {'hidden_layer_sizes': (100,), 'max_iter': 100, 'alpha': 0.001}. Best is trial 1 with value: 0.75.
[I 2026-04-07 00:46:01,066] Trial 9 finished with value: 0.75 and parameters: {'hidden_layer_sizes': (100,), 'max_iter': 50, 'alpha': 0.001}. Best is trial 1 with value: 0.75.
[I 2026-04-07 00:46:01,110] Trial 10 finished with value: 0.7 and parameters: {'hidden_layer_sizes': (100, 100), 'max_iter': 50, 'alpha': 0.0001}. Best is trial 1 with value: 0.75.
[I 2026-04-07 00:46:01,144] Trial 11 finished with value: 0.65 and parameters: {'hidden_layer_sizes': (100,), 'max_iter': 50, 'alpha': 0.0001}. Best is trial 1 with value: 0.75.
[I 2026-04-07 00:46:01,191] Trial 12 finished with value: 0.7 and parameters: {'hidden_layer_sizes': (100, 100), 'max_iter': 50, 'alpha': 0.0001}. Best is trial 1 with value: 0.75.
[I 2026-04-07 00:46:01,239] Trial 13 finished with value: 0.65 and parameters: {'hidden_layer_sizes': (100,), 'max_iter': 50, 'alpha': 0.0001}. Best is trial 1 with value: 0.75.
[I 2026-04-07 00:46:01,297] Trial 14 finished with value: 0.7 and parameters: {'hidden_layer_sizes': (100,), 'max_iter': 100, 'alpha': 0.0001}. Best is trial 1 with value: 0.75.
[I 2026-04-07 00:46:01,335] Trial 15 finished with value: 0.75 and parameters: {'hidden_layer_sizes': (100,), 'max_iter': 50, 'alpha': 0.0001}. Best is trial 1 with value: 0.75.
[I 2026-04-07 00:46:01,380] Trial 16 finished with value: 0.65 and parameters: {'hidden_layer_sizes': (100, 100), 'max_iter': 50, 'alpha': 0.0001}. Best is trial 1 with value: 0.75.
[I 2026-04-07 00:46:01,433] Trial 17 finished with value: 0.65 and parameters: {'hidden_layer_sizes': (100,), 'max_iter': 100, 'alpha': 0.001}. Best is trial 1 with value: 0.75.
[I 2026-04-07 00:46:01,480] Trial 18 finished with value: 0.65 and parameters: {'hidden_layer_sizes': (100,), 'max_iter': 100, 'alpha': 0.0001}. Best is trial 1 with value: 0.75.
[I 2026-04-07 00:46:01,524] Trial 19 finished with value: 0.65 and parameters: {'hidden_layer_sizes': (100, 100), 'max_iter': 50, 'alpha': 0.001}. Best is trial 1 with value: 0.75.
[I 2026-04-07 00:46:01,569] Trial 20 finished with value: 0.65 and parameters: {'hidden_layer_sizes': (100,), 'max_iter': 100, 'alpha': 0.001}. Best is trial 1 with value: 0.75.
[I 2026-04-07 00:46:01,607] Trial 21 finished with value: 0.75 and parameters: {'hidden_layer_sizes': (100,), 'max_iter': 50, 'alpha': 0.0001}. Best is trial 1 with value: 0.75.
[I 2026-04-07 00:46:01,644] Trial 22 finished with value: 0.65 and parameters: {'hidden_layer_sizes': (100,), 'max_iter': 50, 'alpha': 0.0001}. Best is trial 1 with value: 0.75.
[I 2026-04-07 00:46:01,678] Trial 23 finished with value: 0.65 and parameters: {'hidden_layer_sizes': (100,), 'max_iter': 50, 'alpha': 0.0001}. Best is trial 1 with value: 0.75.
[I 2026-04-07 00:46:01,712] Trial 24 finished with value: 0.7 and parameters: {'hidden_layer_sizes': (100,), 'max_iter': 50, 'alpha': 0.0001}. Best is trial 1 with value: 0.75.
[I 2026-04-07 00:46:01,750] Trial 25 finished with value: 0.7 and parameters: {'hidden_layer_sizes': (100,), 'max_iter': 50, 'alpha': 0.0001}. Best is trial 1 with value: 0.75.
[I 2026-04-07 00:46:01,788] Trial 26 finished with value: 0.8 and parameters: {'hidden_layer_sizes': (100,), 'max_iter': 50, 'alpha': 0.0001}. Best is trial 26 with value: 0.8.
[I 2026-04-07 00:46:01,827] Trial 27 finished with value: 0.7 and parameters: {'hidden_layer_sizes': (100,), 'max_iter': 50, 'alpha': 0.0001}. Best is trial 26 with value: 0.8.
[I 2026-04-07 00:46:01,875] Trial 28 finished with value: 0.65 and parameters: {'hidden_layer_sizes': (200,), 'max_iter': 100, 'alpha': 0.001}. Best is trial 26 with value: 0.8.
[I 2026-04-07 00:46:01,921] Trial 29 finished with value: 0.65 and parameters: {'hidden_layer_sizes': (100, 100), 'max_iter': 50, 'alpha': 0.001}. Best is trial 26 with value: 0.8.
[I 2026-04-07 00:46:12,552] A new study created in memory with name: naive_bayes
[I 2026-04-07 00:46:12,565] Trial 0 finished with value: 0.85 and parameters: {'var_smoothing': 2.7796258518939306e-10}. Best is trial 0 with value: 0.85.
[I 2026-04-07 00:46:12,577] Trial 1 finished with value: 0.85 and parameters: {'var_smoothing': 5.513972710118387e-09}. Best is trial 0 with value: 0.85.
[I 2026-04-07 00:46:12,589] Trial 2 finished with value: 0.85 and parameters: {'var_smoothing': 2.590826381512706e-10}. Best is trial 0 with value: 0.85.
[I 2026-04-07 00:46:12,602] Trial 3 finished with value: 0.85 and parameters: {'var_smoothing': 6.874194498027403e-09}. Best is trial 0 with value: 0.85.
[I 2026-04-07 00:46:12,615] Trial 4 finished with value: 0.85 and parameters: {'var_smoothing': 9.480306482679771e-10}. Best is trial 0 with value: 0.85.
[I 2026-04-07 00:46:12,627] Trial 5 finished with value: 0.85 and parameters: {'var_smoothing': 1.6729683536668864e-09}. Best is trial 0 with value: 0.85.
[I 2026-04-07 00:46:12,640] Trial 6 finished with value: 0.85 and parameters: {'var_smoothing': 3.402637726935598e-09}. Best is trial 0 with value: 0.85.
[I 2026-04-07 00:46:12,652] Trial 7 finished with value: 0.85 and parameters: {'var_smoothing': 1.0885189040847657e-09}. Best is trial 0 with value: 0.85.
[I 2026-04-07 00:46:12,665] Trial 8 finished with value: 0.85 and parameters: {'var_smoothing': 3.922843686541149e-10}. Best is trial 0 with value: 0.85.
[I 2026-04-07 00:46:12,677] Trial 9 finished with value: 0.85 and parameters: {'var_smoothing': 2.3737908819373785e-10}. Best is trial 0 with value: 0.85.
[I 2026-04-07 00:46:12,697] Trial 10 finished with value: 0.85 and parameters: {'var_smoothing': 1.005826617097841e-10}. Best is trial 0 with value: 0.85.
[I 2026-04-07 00:46:12,716] Trial 11 finished with value: 0.85 and parameters: {'var_smoothing': 8.246040091550826e-09}. Best is trial 0 with value: 0.85.
[I 2026-04-07 00:46:12,733] Trial 12 finished with value: 0.85 and parameters: {'var_smoothing': 5.714429769091136e-10}. Best is trial 0 with value: 0.85.
[I 2026-04-07 00:46:12,753] Trial 13 finished with value: 0.85 and parameters: {'var_smoothing': 3.0046394488828834e-09}. Best is trial 0 with value: 0.85.
[I 2026-04-07 00:46:12,782] Trial 14 finished with value: 0.85 and parameters: {'var_smoothing': 1.0161521526134228e-10}. Best is trial 0 with value: 0.85.
[I 2026-04-07 00:46:12,811] Trial 15 finished with value: 0.85 and parameters: {'var_smoothing': 3.455011319435438e-09}. Best is trial 0 with value: 0.85.
[I 2026-04-07 00:46:12,828] Trial 16 finished with value: 0.85 and parameters: {'var_smoothing': 2.2038800241203009e-10}. Best is trial 0 with value: 0.85.
[I 2026-04-07 00:46:12,845] Trial 17 finished with value: 0.85 and parameters: {'var_smoothing': 1.8515987176145925e-09}. Best is trial 0 with value: 0.85.
[I 2026-04-07 00:46:12,863] Trial 18 finished with value: 0.85 and parameters: {'var_smoothing': 5.024285700153026e-10}. Best is trial 0 with value: 0.85.
[I 2026-04-07 00:46:12,883] Trial 19 finished with value: 0.85 and parameters: {'var_smoothing': 4.958025424412893e-09}. Best is trial 0 with value: 0.85.
[I 2026-04-07 00:46:12,902] Trial 20 finished with value: 0.85 and parameters: {'var_smoothing': 8.344000526157384e-10}. Best is trial 0 with value: 0.85.
[I 2026-04-07 00:46:12,933] Trial 21 finished with value: 0.85 and parameters: {'var_smoothing': 2.46080689865309e-10}. Best is trial 0 with value: 0.85.
[I 2026-04-07 00:46:12,953] Trial 22 finished with value: 0.85 and parameters: {'var_smoothing': 1.4445108350594728e-10}. Best is trial 0 with value: 0.85.
[I 2026-04-07 00:46:12,972] Trial 23 finished with value: 0.85 and parameters: {'var_smoothing': 3.3715577896606737e-10}. Best is trial 0 with value: 0.85.
[I 2026-04-07 00:46:12,999] Trial 24 finished with value: 0.85 and parameters: {'var_smoothing': 1.572466431855027e-10}. Best is trial 0 with value: 0.85.
[I 2026-04-07 00:46:13,018] Trial 25 finished with value: 0.85 and parameters: {'var_smoothing': 7.281746293576245e-10}. Best is trial 0 with value: 0.85.
[I 2026-04-07 00:46:13,037] Trial 26 finished with value: 0.85 and parameters: {'var_smoothing': 3.386254640873244e-10}. Best is trial 0 with value: 0.85.
[I 2026-04-07 00:46:13,056] Trial 27 finished with value: 0.85 and parameters: {'var_smoothing': 1.3918180959975328e-09}. Best is trial 0 with value: 0.85.
[I 2026-04-07 00:46:13,075] Trial 28 finished with value: 0.85 and parameters: {'var_smoothing': 2.3715836084533434e-09}. Best is trial 0 with value: 0.85.
[I 2026-04-07 00:46:13,095] Trial 29 finished with value: 0.85 and parameters: {'var_smoothing': 9.477075781575649e-09}. Best is trial 0 with value: 0.85.
[I 2026-04-07 00:46:14,027] A new study created in memory with name: logreg
[I 2026-04-07 00:46:14,051] Trial 0 finished with value: 0.2 and parameters: {'C': 0.012881482725481003, 'penalty': 'l2'}. Best is trial 0 with value: 0.2.
[I 2026-04-07 00:46:14,083] Trial 1 finished with value: 0.7 and parameters: {'C': 22.576755560681583, 'penalty': 'l2'}. Best is trial 1 with value: 0.7.
[I 2026-04-07 00:46:14,105] Trial 2 finished with value: 0.2 and parameters: {'C': 0.010804278656839932, 'penalty': 'l2'}. Best is trial 1 with value: 0.7.
[I 2026-04-07 00:46:14,137] Trial 3 finished with value: 0.7 and parameters: {'C': 39.17910760336117, 'penalty': 'l2'}. Best is trial 1 with value: 0.7.
[I 2026-04-07 00:46:14,160] Trial 4 finished with value: 0.6 and parameters: {'C': 0.2767298094062571, 'penalty': 'l2'}. Best is trial 1 with value: 0.7.
[I 2026-04-07 00:46:14,184] Trial 5 finished with value: 0.65 and parameters: {'C': 1.1447728330837224, 'penalty': 'l2'}. Best is trial 1 with value: 0.7.
[I 2026-04-07 00:46:14,209] Trial 6 finished with value: 0.65 and parameters: {'C': 6.753661388238877, 'penalty': 'l2'}. Best is trial 1 with value: 0.7.
[I 2026-04-07 00:46:14,234] Trial 7 finished with value: 0.6 and parameters: {'C': 0.39092184460352974, 'penalty': 'l2'}. Best is trial 1 with value: 0.7.
[I 2026-04-07 00:46:14,259] Trial 8 finished with value: 0.45 and parameters: {'C': 0.03047912590082646, 'penalty': 'l2'}. Best is trial 1 with value: 0.7.
[I 2026-04-07 00:46:14,283] Trial 9 finished with value: 0.2 and parameters: {'C': 0.008681727362499118, 'penalty': 'l2'}. Best is trial 1 with value: 0.7.
[I 2026-04-07 00:46:14,309] Trial 10 finished with value: 0.75 and parameters: {'C': 90.29867735508974, 'penalty': 'l2'}. Best is trial 10 with value: 0.75.
[I 2026-04-07 00:46:14,345] Trial 11 finished with value: 0.75 and parameters: {'C': 65.31936101889447, 'penalty': 'l2'}. Best is trial 10 with value: 0.75.
[I 2026-04-07 00:46:14,380] Trial 12 finished with value: 0.75 and parameters: {'C': 83.84419935947768, 'penalty': 'l2'}. Best is trial 10 with value: 0.75.
[I 2026-04-07 00:46:14,407] Trial 13 finished with value: 0.65 and parameters: {'C': 5.398303237479397, 'penalty': 'l2'}. Best is trial 10 with value: 0.75.
[I 2026-04-07 00:46:14,431] Trial 14 finished with value: 0.2 and parameters: {'C': 0.0010229884923599638, 'penalty': 'l2'}. Best is trial 10 with value: 0.75.
[I 2026-04-07 00:46:14,456] Trial 15 finished with value: 0.65 and parameters: {'C': 7.291351299862254, 'penalty': 'l2'}. Best is trial 10 with value: 0.75.
[I 2026-04-07 00:46:14,491] Trial 16 finished with value: 0.75 and parameters: {'C': 81.71759326546615, 'penalty': 'l2'}. Best is trial 10 with value: 0.75.
[I 2026-04-07 00:46:14,516] Trial 17 finished with value: 0.65 and parameters: {'C': 1.38961128706446, 'penalty': 'l2'}. Best is trial 10 with value: 0.75.
[I 2026-04-07 00:46:14,541] Trial 18 finished with value: 0.7 and parameters: {'C': 13.392844950926891, 'penalty': 'l2'}. Best is trial 10 with value: 0.75.
[I 2026-04-07 00:46:14,566] Trial 19 finished with value: 0.65 and parameters: {'C': 2.1631939541914624, 'penalty': 'l2'}. Best is trial 10 with value: 0.75.
[I 2026-04-07 00:46:14,581] Trial 20 finished with value: 0.55 and parameters: {'C': 0.0723450305209305, 'penalty': 'l2'}. Best is trial 10 with value: 0.75.
[I 2026-04-07 00:46:14,606] Trial 21 finished with value: 0.75 and parameters: {'C': 69.90296593556943, 'penalty': 'l2'}. Best is trial 10 with value: 0.75.
[I 2026-04-07 00:46:14,642] Trial 22 finished with value: 0.7 and parameters: {'C': 29.69980182904865, 'penalty': 'l2'}. Best is trial 10 with value: 0.75.
[I 2026-04-07 00:46:14,667] Trial 23 finished with value: 0.75 and parameters: {'C': 78.47180878362126, 'penalty': 'l2'}. Best is trial 10 with value: 0.75.
[I 2026-04-07 00:46:14,692] Trial 24 finished with value: 0.7 and parameters: {'C': 17.33761008559665, 'penalty': 'l2'}. Best is trial 10 with value: 0.75.
[I 2026-04-07 00:46:14,717] Trial 25 finished with value: 0.65 and parameters: {'C': 3.325507771267633, 'penalty': 'l2'}. Best is trial 10 with value: 0.75.
[I 2026-04-07 00:46:14,742] Trial 26 finished with value: 0.7 and parameters: {'C': 37.45365885082905, 'penalty': 'l2'}. Best is trial 10 with value: 0.75.
[I 2026-04-07 00:46:14,777] Trial 27 finished with value: 0.75 and parameters: {'C': 85.24338876706314, 'penalty': 'l2'}. Best is trial 10 with value: 0.75.
[I 2026-04-07 00:46:14,802] Trial 28 finished with value: 0.7 and parameters: {'C': 14.451193479788197, 'penalty': 'l2'}. Best is trial 10 with value: 0.75.
[I 2026-04-07 00:46:14,827] Trial 29 finished with value: 0.6 and parameters: {'C': 0.5511681301396717, 'penalty': 'l2'}. Best is trial 10 with value: 0.75.
[I 2026-04-07 00:46:15,699] A new study created in memory with name: knn
[I 2026-04-07 00:46:15,713] Trial 0 finished with value: 0.75 and parameters: {'n_neighbors': 4, 'leaf_size': 38, 'p': 2}. Best is trial 0 with value: 0.75.
[I 2026-04-07 00:46:15,728] Trial 1 finished with value: 0.65 and parameters: {'n_neighbors': 6, 'leaf_size': 32, 'p': 1}. Best is trial 0 with value: 0.75.
[I 2026-04-07 00:46:15,741] Trial 2 finished with value: 0.7 and parameters: {'n_neighbors': 5, 'leaf_size': 23, 'p': 2}. Best is trial 0 with value: 0.75.
[I 2026-04-07 00:46:15,755] Trial 3 finished with value: 0.65 and parameters: {'n_neighbors': 6, 'leaf_size': 23, 'p': 1}. Best is trial 0 with value: 0.75.
