[I 2026-04-09 22:01:54,696] Trial 23 finished with value: 0.875 and parameters: {'n_estimators': 344, 'max_depth': 8, 'min_samples_split': 4, 'min_samples_leaf': 7}. Best is trial 6 with value: 0.95.
[I 2026-04-09 22:01:55,090] Trial 24 finished with value: 0.925 and parameters: {'n_estimators': 285, 'max_depth': 6, 'min_samples_split': 3, 'min_samples_leaf': 8}. Best is trial 6 with value: 0.95.
[I 2026-04-09 22:01:55,429] Trial 25 finished with value: 0.875 and parameters: {'n_estimators': 231, 'max_depth': 9, 'min_samples_split': 5, 'min_samples_leaf': 6}. Best is trial 6 with value: 0.95.
[I 2026-04-09 22:01:55,652] Trial 26 finished with value: 0.875 and parameters: {'n_estimators': 174, 'max_depth': 5, 'min_samples_split': 6, 'min_samples_leaf': 9}. Best is trial 6 with value: 0.95.
[I 2026-04-09 22:01:55,880] Trial 27 finished with value: 0.925 and parameters: {'n_estimators': 129, 'max_depth': 11, 'min_samples_split': 4, 'min_samples_leaf': 10}. Best is trial 6 with value: 0.95.
[I 2026-04-09 22:01:56,280] Trial 28 finished with value: 0.875 and parameters: {'n_estimators': 316, 'max_depth': 7, 'min_samples_split': 2, 'min_samples_leaf': 7}. Best is trial 6 with value: 0.95.
[I 2026-04-09 22:01:56,804] Trial 29 finished with value: 0.9 and parameters: {'n_estimators': 431, 'max_depth': 4, 'min_samples_split': 9, 'min_samples_leaf': 6}. Best is trial 6 with value: 0.95.
[I 2026-04-09 22:01:58,654] A new study created in memory with name: mlp
[I 2026-04-09 22:01:58,699] Trial 0 finished with value: 0.925 and parameters: {'hidden_layer_sizes': (200,), 'max_iter': 50, 'alpha': 0.001}. Best is trial 0 with value: 0.925.
[I 2026-04-09 22:01:58,748] Trial 1 finished with value: 0.75 and parameters: {'hidden_layer_sizes': (200,), 'max_iter': 50, 'alpha': 0.0001}. Best is trial 0 with value: 0.925.
[I 2026-04-09 22:01:58,796] Trial 2 finished with value: 0.8 and parameters: {'hidden_layer_sizes': (100,), 'max_iter': 50, 'alpha': 0.0001}. Best is trial 0 with value: 0.925.
[I 2026-04-09 22:01:58,853] Trial 3 finished with value: 0.825 and parameters: {'hidden_layer_sizes': (100,), 'max_iter': 100, 'alpha': 0.001}. Best is trial 0 with value: 0.925.
[I 2026-04-09 22:01:58,907] Trial 4 finished with value: 0.875 and parameters: {'hidden_layer_sizes': (200,), 'max_iter': 100, 'alpha': 0.001}. Best is trial 0 with value: 0.925.
[I 2026-04-09 22:01:58,950] Trial 5 finished with value: 0.9 and parameters: {'hidden_layer_sizes': (200,), 'max_iter': 50, 'alpha': 0.001}. Best is trial 0 with value: 0.925.
[I 2026-04-09 22:01:59,013] Trial 6 finished with value: 0.9 and parameters: {'hidden_layer_sizes': (100,), 'max_iter': 100, 'alpha': 0.0001}. Best is trial 0 with value: 0.925.
[I 2026-04-09 22:01:59,067] Trial 7 finished with value: 0.9 and parameters: {'hidden_layer_sizes': (100, 100), 'max_iter': 50, 'alpha': 0.0001}. Best is trial 0 with value: 0.925.
[I 2026-04-09 22:01:59,143] Trial 8 finished with value: 0.85 and parameters: {'hidden_layer_sizes': (100, 100), 'max_iter': 100, 'alpha': 0.0001}. Best is trial 0 with value: 0.925.
[I 2026-04-09 22:01:59,177] Trial 9 finished with value: 0.85 and parameters: {'hidden_layer_sizes': (100,), 'max_iter': 50, 'alpha': 0.001}. Best is trial 0 with value: 0.925.
[I 2026-04-09 22:01:59,217] Trial 10 finished with value: 0.85 and parameters: {'hidden_layer_sizes': (200,), 'max_iter': 50, 'alpha': 0.001}. Best is trial 0 with value: 0.925.
[I 2026-04-09 22:01:59,253] Trial 11 finished with value: 0.8 and parameters: {'hidden_layer_sizes': (200,), 'max_iter': 50, 'alpha': 0.001}. Best is trial 0 with value: 0.925.
[I 2026-04-09 22:01:59,292] Trial 12 finished with value: 0.9 and parameters: {'hidden_layer_sizes': (200,), 'max_iter': 50, 'alpha': 0.001}. Best is trial 0 with value: 0.925.
[I 2026-04-09 22:01:59,340] Trial 13 finished with value: 0.875 and parameters: {'hidden_layer_sizes': (200,), 'max_iter': 50, 'alpha': 0.001}. Best is trial 0 with value: 0.925.
[I 2026-04-09 22:01:59,386] Trial 14 finished with value: 0.825 and parameters: {'hidden_layer_sizes': (200,), 'max_iter': 50, 'alpha': 0.001}. Best is trial 0 with value: 0.925.
[I 2026-04-09 22:01:59,444] Trial 15 finished with value: 0.825 and parameters: {'hidden_layer_sizes': (200,), 'max_iter': 50, 'alpha': 0.001}. Best is trial 0 with value: 0.925.
[I 2026-04-09 22:01:59,491] Trial 16 finished with value: 0.775 and parameters: {'hidden_layer_sizes': (100, 100), 'max_iter': 50, 'alpha': 0.001}. Best is trial 0 with value: 0.925.
[I 2026-04-09 22:01:59,527] Trial 17 finished with value: 0.825 and parameters: {'hidden_layer_sizes': (200,), 'max_iter': 50, 'alpha': 0.001}. Best is trial 0 with value: 0.925.
[I 2026-04-09 22:01:59,575] Trial 18 finished with value: 0.85 and parameters: {'hidden_layer_sizes': (200,), 'max_iter': 100, 'alpha': 0.001}. Best is trial 0 with value: 0.925.
[I 2026-04-09 22:01:59,632] Trial 19 finished with value: 0.825 and parameters: {'hidden_layer_sizes': (100, 100), 'max_iter': 50, 'alpha': 0.001}. Best is trial 0 with value: 0.925.
[I 2026-04-09 22:01:59,668] Trial 20 finished with value: 0.875 and parameters: {'hidden_layer_sizes': (200,), 'max_iter': 50, 'alpha': 0.001}. Best is trial 0 with value: 0.925.
[I 2026-04-09 22:01:59,712] Trial 21 finished with value: 0.875 and parameters: {'hidden_layer_sizes': (100,), 'max_iter': 100, 'alpha': 0.0001}. Best is trial 0 with value: 0.925.
[I 2026-04-09 22:01:59,759] Trial 22 finished with value: 0.8 and parameters: {'hidden_layer_sizes': (100,), 'max_iter': 100, 'alpha': 0.0001}. Best is trial 0 with value: 0.925.
[I 2026-04-09 22:01:59,828] Trial 23 finished with value: 0.775 and parameters: {'hidden_layer_sizes': (100,), 'max_iter': 100, 'alpha': 0.0001}. Best is trial 0 with value: 0.925.
[I 2026-04-09 22:01:59,880] Trial 24 finished with value: 0.825 and parameters: {'hidden_layer_sizes': (100,), 'max_iter': 100, 'alpha': 0.0001}. Best is trial 0 with value: 0.925.
[I 2026-04-09 22:01:59,943] Trial 25 finished with value: 0.9 and parameters: {'hidden_layer_sizes': (100,), 'max_iter': 100, 'alpha': 0.0001}. Best is trial 0 with value: 0.925.
[I 2026-04-09 22:02:00,002] Trial 26 finished with value: 0.925 and parameters: {'hidden_layer_sizes': (200,), 'max_iter': 100, 'alpha': 0.0001}. Best is trial 0 with value: 0.925.
[I 2026-04-09 22:02:00,048] Trial 27 finished with value: 0.9 and parameters: {'hidden_layer_sizes': (200,), 'max_iter': 50, 'alpha': 0.001}. Best is trial 0 with value: 0.925.
[I 2026-04-09 22:02:00,112] Trial 28 finished with value: 0.925 and parameters: {'hidden_layer_sizes': (200,), 'max_iter': 100, 'alpha': 0.0001}. Best is trial 0 with value: 0.925.
[I 2026-04-09 22:02:00,158] Trial 29 finished with value: 0.825 and parameters: {'hidden_layer_sizes': (200,), 'max_iter': 100, 'alpha': 0.0001}. Best is trial 0 with value: 0.925.
[I 2026-04-09 22:02:09,811] A new study created in memory with name: naive_bayes
[I 2026-04-09 22:02:09,827] Trial 0 finished with value: 1.0 and parameters: {'var_smoothing': 5.582886587978182e-09}. Best is trial 0 with value: 1.0.
[I 2026-04-09 22:02:09,845] Trial 1 finished with value: 1.0 and parameters: {'var_smoothing': 8.651299071518215e-09}. Best is trial 0 with value: 1.0.
[I 2026-04-09 22:02:09,858] Trial 2 finished with value: 1.0 and parameters: {'var_smoothing': 5.475062490474489e-09}. Best is trial 0 with value: 1.0.
[I 2026-04-09 22:02:09,871] Trial 3 finished with value: 1.0 and parameters: {'var_smoothing': 1.1526869678723134e-09}. Best is trial 0 with value: 1.0.
[I 2026-04-09 22:02:09,883] Trial 4 finished with value: 1.0 and parameters: {'var_smoothing': 2.920496270341785e-10}. Best is trial 0 with value: 1.0.
[I 2026-04-09 22:02:09,896] Trial 5 finished with value: 1.0 and parameters: {'var_smoothing': 1.0538956417705805e-10}. Best is trial 0 with value: 1.0.
[I 2026-04-09 22:02:09,909] Trial 6 finished with value: 1.0 and parameters: {'var_smoothing': 7.260016982331591e-10}. Best is trial 0 with value: 1.0.
[I 2026-04-09 22:02:09,922] Trial 7 finished with value: 1.0 and parameters: {'var_smoothing': 6.378267364653917e-10}. Best is trial 0 with value: 1.0.
[I 2026-04-09 22:02:09,935] Trial 8 finished with value: 1.0 and parameters: {'var_smoothing': 1.1100673847791952e-09}. Best is trial 0 with value: 1.0.
[I 2026-04-09 22:02:09,948] Trial 9 finished with value: 1.0 and parameters: {'var_smoothing': 9.052813879088377e-10}. Best is trial 0 with value: 1.0.
[I 2026-04-09 22:02:09,966] Trial 10 finished with value: 1.0 and parameters: {'var_smoothing': 3.20543606083287e-09}. Best is trial 0 with value: 1.0.
[I 2026-04-09 22:02:09,982] Trial 11 finished with value: 1.0 and parameters: {'var_smoothing': 8.433965140342417e-09}. Best is trial 0 with value: 1.0.
[I 2026-04-09 22:02:10,001] Trial 12 finished with value: 1.0 and parameters: {'var_smoothing': 2.860874278982245e-09}. Best is trial 0 with value: 1.0.
[I 2026-04-09 22:02:10,020] Trial 13 finished with value: 1.0 and parameters: {'var_smoothing': 9.270349036178526e-09}. Best is trial 0 with value: 1.0.
[I 2026-04-09 22:02:10,037] Trial 14 finished with value: 1.0 and parameters: {'var_smoothing': 3.13069447640915e-09}. Best is trial 0 with value: 1.0.
[I 2026-04-09 22:02:10,053] Trial 15 finished with value: 1.0 and parameters: {'var_smoothing': 5.223604886811285e-09}. Best is trial 0 with value: 1.0.
[I 2026-04-09 22:02:10,078] Trial 16 finished with value: 1.0 and parameters: {'var_smoothing': 2.0295724993447026e-09}. Best is trial 0 with value: 1.0.
[I 2026-04-09 22:02:10,094] Trial 17 finished with value: 1.0 and parameters: {'var_smoothing': 5.880433102756661e-09}. Best is trial 0 with value: 1.0.
[I 2026-04-09 22:02:10,115] Trial 18 finished with value: 1.0 and parameters: {'var_smoothing': 1.6980964875204416e-09}. Best is trial 0 with value: 1.0.
[I 2026-04-09 22:02:10,130] Trial 19 finished with value: 1.0 and parameters: {'var_smoothing': 4.2955625192244405e-09}. Best is trial 0 with value: 1.0.
[I 2026-04-09 22:02:10,146] Trial 20 finished with value: 1.0 and parameters: {'var_smoothing': 9.833771947222685e-09}. Best is trial 0 with value: 1.0.
[I 2026-04-09 22:02:10,163] Trial 21 finished with value: 1.0 and parameters: {'var_smoothing': 6.0482464086364635e-09}. Best is trial 0 with value: 1.0.
[I 2026-04-09 22:02:10,181] Trial 22 finished with value: 1.0 and parameters: {'var_smoothing': 4.537628481410357e-09}. Best is trial 0 with value: 1.0.
[I 2026-04-09 22:02:10,201] Trial 23 finished with value: 1.0 and parameters: {'var_smoothing': 6.750528289210463e-09}. Best is trial 0 with value: 1.0.
[I 2026-04-09 22:02:10,216] Trial 24 finished with value: 1.0 and parameters: {'var_smoothing': 2.2780337647355764e-09}. Best is trial 0 with value: 1.0.
[I 2026-04-09 22:02:10,231] Trial 25 finished with value: 1.0 and parameters: {'var_smoothing': 3.986918574074946e-09}. Best is trial 0 with value: 1.0.
[I 2026-04-09 22:02:10,246] Trial 26 finished with value: 1.0 and parameters: {'var_smoothing': 1.7707565248297843e-09}. Best is trial 0 with value: 1.0.
[I 2026-04-09 22:02:10,267] Trial 27 finished with value: 1.0 and parameters: {'var_smoothing': 6.732492847962814e-09}. Best is trial 0 with value: 1.0.
[I 2026-04-09 22:02:10,283] Trial 28 finished with value: 1.0 and parameters: {'var_smoothing': 3.8684773890893174e-10}. Best is trial 0 with value: 1.0.
[I 2026-04-09 22:02:10,309] Trial 29 finished with value: 1.0 and parameters: {'var_smoothing': 1.5480090897085013e-09}. Best is trial 0 with value: 1.0.
[I 2026-04-09 22:02:11,285] A new study created in memory with name: logreg
[I 2026-04-09 22:02:11,310] Trial 0 finished with value: 0.95 and parameters: {'C': 23.288794782471303, 'penalty': 'l2'}. Best is trial 0 with value: 0.95.
[I 2026-04-09 22:02:11,322] Trial 1 finished with value: 0.95 and parameters: {'C': 69.61507800412923, 'penalty': 'l2'}. Best is trial 0 with value: 0.95.
[I 2026-04-09 22:02:11,345] Trial 2 finished with value: 0.95 and parameters: {'C': 22.180569925473442, 'penalty': 'l2'}. Best is trial 0 with value: 0.95.
[I 2026-04-09 22:02:11,357] Trial 3 finished with value: 0.975 and parameters: {'C': 0.4511058486037652, 'penalty': 'l2'}. Best is trial 3 with value: 0.975.
[I 2026-04-09 22:02:11,381] Trial 4 finished with value: 0.975 and parameters: {'C': 0.014576110093994574, 'penalty': 'l2'}. Best is trial 3 with value: 0.975.
[I 2026-04-09 22:02:11,395] Trial 5 finished with value: 0.975 and parameters: {'C': 0.0011402340906886685, 'penalty': 'l2'}. Best is trial 3 with value: 0.975.
[I 2026-04-09 22:02:11,419] Trial 6 finished with value: 0.975 and parameters: {'C': 0.14201822862985758, 'penalty': 'l2'}. Best is trial 3 with value: 0.975.
[I 2026-04-09 22:02:11,454] Trial 7 finished with value: 0.975 and parameters: {'C': 0.1027440782219989, 'penalty': 'l2'}. Best is trial 3 with value: 0.975.
[I 2026-04-09 22:02:11,478] Trial 8 finished with value: 0.975 and parameters: {'C': 0.41055690122086846, 'penalty': 'l2'}. Best is trial 3 with value: 0.975.
[I 2026-04-09 22:02:11,519] Trial 9 finished with value: 0.975 and parameters: {'C': 0.24658064201770763, 'penalty': 'l2'}. Best is trial 3 with value: 0.975.
[I 2026-04-09 22:02:11,547] Trial 10 finished with value: 0.95 and parameters: {'C': 4.054933242818742, 'penalty': 'l2'}. Best is trial 3 with value: 0.975.
[I 2026-04-09 22:02:11,577] Trial 11 finished with value: 0.975 and parameters: {'C': 0.003961934681150152, 'penalty': 'l2'}. Best is trial 3 with value: 0.975.
[I 2026-04-09 22:02:11,594] Trial 12 finished with value: 0.975 and parameters: {'C': 0.019388131770559862, 'penalty': 'l2'}. Best is trial 3 with value: 0.975.
[I 2026-04-09 22:02:11,612] Trial 13 finished with value: 0.95 and parameters: {'C': 2.016824464087347, 'penalty': 'l2'}. Best is trial 3 with value: 0.975.
[I 2026-04-09 22:02:11,629] Trial 14 finished with value: 0.975 and parameters: {'C': 0.01877168954008985, 'penalty': 'l2'}. Best is trial 3 with value: 0.975.
[I 2026-04-09 22:02:11,649] Trial 15 finished with value: 0.975 and parameters: {'C': 0.024182934845654317, 'penalty': 'l2'}. Best is trial 3 with value: 0.975.
[I 2026-04-09 22:02:11,667] Trial 16 finished with value: 0.95 and parameters: {'C': 1.8311875464949172, 'penalty': 'l2'}. Best is trial 3 with value: 0.975.
[I 2026-04-09 22:02:11,685] Trial 17 finished with value: 0.975 and parameters: {'C': 0.0042815732142654096, 'penalty': 'l2'}. Best is trial 3 with value: 0.975.
[I 2026-04-09 22:02:11,713] Trial 18 finished with value: 0.95 and parameters: {'C': 0.6434528380001633, 'penalty': 'l2'}. Best is trial 3 with value: 0.975.
[I 2026-04-09 22:02:11,739] Trial 19 finished with value: 0.975 and parameters: {'C': 0.06568247903797426, 'penalty': 'l2'}. Best is trial 3 with value: 0.975.
[I 2026-04-09 22:02:11,756] Trial 20 finished with value: 0.975 and parameters: {'C': 0.0041592064934631405, 'penalty': 'l2'}. Best is trial 3 with value: 0.975.
[I 2026-04-09 22:02:11,772] Trial 21 finished with value: 0.975 and parameters: {'C': 0.002280408610299063, 'penalty': 'l2'}. Best is trial 3 with value: 0.975.
[I 2026-04-09 22:02:11,803] Trial 22 finished with value: 0.975 and parameters: {'C': 0.0011002325137104653, 'penalty': 'l2'}. Best is trial 3 with value: 0.975.
[I 2026-04-09 22:02:11,835] Trial 23 finished with value: 0.975 and parameters: {'C': 0.009183049624154345, 'penalty': 'l2'}. Best is trial 3 with value: 0.975.
[I 2026-04-09 22:02:11,851] Trial 24 finished with value: 0.975 and parameters: {'C': 0.001025926544258175, 'penalty': 'l2'}. Best is trial 3 with value: 0.975.
[I 2026-04-09 22:02:11,877] Trial 25 finished with value: 0.975 and parameters: {'C': 0.027403892983194244, 'penalty': 'l2'}. Best is trial 3 with value: 0.975.
[I 2026-04-09 22:02:11,899] Trial 26 finished with value: 0.975 and parameters: {'C': 0.05368785735200754, 'penalty': 'l2'}. Best is trial 3 with value: 0.975.
[I 2026-04-09 22:02:11,918] Trial 27 finished with value: 0.975 and parameters: {'C': 0.00949844441862479, 'penalty': 'l2'}. Best is trial 3 with value: 0.975.
[I 2026-04-09 22:02:11,944] Trial 28 finished with value: 0.95 and parameters: {'C': 0.7834665389626608, 'penalty': 'l2'}. Best is trial 3 with value: 0.975.
[I 2026-04-09 22:02:11,960] Trial 29 finished with value: 0.95 and parameters: {'C': 7.737265414933293, 'penalty': 'l2'}. Best is trial 3 with value: 0.975.
[I 2026-04-09 22:02:12,909] A new study created in memory with name: knn
[I 2026-04-09 22:02:12,934] Trial 0 finished with value: 0.975 and parameters: {'n_neighbors': 9, 'leaf_size': 40, 'p': 1}. Best is trial 0 with value: 0.975.
[I 2026-04-09 22:02:12,947] Trial 1 finished with value: 0.95 and parameters: {'n_neighbors': 4, 'leaf_size': 20, 'p': 1}. Best is trial 0 with value: 0.975.
[I 2026-04-09 22:02:12,960] Trial 2 finished with value: 0.95 and parameters: {'n_neighbors': 7, 'leaf_size': 30, 'p': 1}. Best is trial 0 with value: 0.975.
[I 2026-04-09 22:02:12,975] Trial 3 finished with value: 0.975 and parameters: {'n_neighbors': 9, 'leaf_size': 34, 'p': 1}. Best is trial 0 with value: 0.975.
[I 2026-04-09 22:02:12,990] Trial 4 finished with value: 0.95 and parameters: {'n_neighbors': 5, 'leaf_size': 40, 'p': 1}. Best is trial 0 with value: 0.975.
[I 2026-04-09 22:02:13,016] Trial 5 finished with value: 0.975 and parameters: {'n_neighbors': 3, 'leaf_size': 40, 'p': 2}. Best is trial 0 with value: 0.975.
[I 2026-04-09 22:02:13,031] Trial 6 finished with value: 0.975 and parameters: {'n_neighbors': 3, 'leaf_size': 24, 'p': 2}. Best is trial 0 with value: 0.975.
[I 2026-04-09 22:02:13,055] Trial 7 finished with value: 0.975 and parameters: {'n_neighbors': 5, 'leaf_size': 40, 'p': 2}. Best is trial 0 with value: 0.975.
[I 2026-04-09 22:02:13,070] Trial 8 finished with value: 0.975 and parameters: {'n_neighbors': 6, 'leaf_size': 36, 'p': 1}. Best is trial 0 with value: 0.975.
[I 2026-04-09 22:02:13,095] Trial 9 finished with value: 0.975 and parameters: {'n_neighbors': 6, 'leaf_size': 25, 'p': 1}. Best is trial 0 with value: 0.975.
[I 2026-04-09 22:02:13,136] Trial 10 finished with value: 0.975 and parameters: {'n_neighbors': 10, 'leaf_size': 32, 'p': 2}. Best is trial 0 with value: 0.975.
[I 2026-04-09 22:02:13,171] Trial 11 finished with value: 0.975 and parameters: {'n_neighbors': 9, 'leaf_size': 35, 'p': 1}. Best is trial 0 with value: 0.975.
[I 2026-04-09 22:02:13,196] Trial 12 finished with value: 0.975 and parameters: {'n_neighbors': 8, 'leaf_size': 35, 'p': 1}. Best is trial 0 with value: 0.975.
[I 2026-04-09 22:02:13,232] Trial 13 finished with value: 0.975 and parameters: {'n_neighbors': 10, 'leaf_size': 31, 'p': 1}. Best is trial 0 with value: 0.975.
[I 2026-04-09 22:02:13,258] Trial 14 finished with value: 0.975 and parameters: {'n_neighbors': 8, 'leaf_size': 37, 'p': 1}. Best is trial 0 with value: 0.975.
[I 2026-04-09 22:02:13,281] Trial 15 finished with value: 0.975 and parameters: {'n_neighbors': 9, 'leaf_size': 28, 'p': 1}. Best is trial 0 with value: 0.975.
[I 2026-04-09 22:02:13,307] Trial 16 finished with value: 0.975 and parameters: {'n_neighbors': 8, 'leaf_size': 34, 'p': 1}. Best is trial 0 with value: 0.975.
[I 2026-04-09 22:02:13,329] Trial 17 finished with value: 0.975 and parameters: {'n_neighbors': 9, 'leaf_size': 38, 'p': 1}. Best is trial 0 with value: 0.975.
[I 2026-04-09 22:02:13,364] Trial 18 finished with value: 0.975 and parameters: {'n_neighbors': 7, 'leaf_size': 33, 'p': 2}. Best is trial 0 with value: 0.975.
[I 2026-04-09 22:02:13,407] Trial 19 finished with value: 0.975 and parameters: {'n_neighbors': 10, 'leaf_size': 28, 'p': 1}. Best is trial 0 with value: 0.975.
[I 2026-04-09 22:02:13,434] Trial 20 finished with value: 0.975 and parameters: {'n_neighbors': 9, 'leaf_size': 38, 'p': 1}. Best is trial 0 with value: 0.975.
[I 2026-04-09 22:02:13,459] Trial 21 finished with value: 0.975 and parameters: {'n_neighbors': 3, 'leaf_size': 40, 'p': 2}. Best is trial 0 with value: 0.975.
[I 2026-04-09 22:02:13,485] Trial 22 finished with value: 0.975 and parameters: {'n_neighbors': 4, 'leaf_size': 38, 'p': 2}. Best is trial 0 with value: 0.975.
[I 2026-04-09 22:02:13,510] Trial 23 finished with value: 0.975 and parameters: {'n_neighbors': 7, 'leaf_size': 37, 'p': 2}. Best is trial 0 with value: 0.975.
[I 2026-04-09 22:02:13,542] Trial 24 finished with value: 0.975 and parameters: {'n_neighbors': 8, 'leaf_size': 40, 'p': 2}. Best is trial 0 with value: 0.975.
[I 2026-04-09 22:02:13,570] Trial 25 finished with value: 0.975 and parameters: {'n_neighbors': 5, 'leaf_size': 34, 'p': 2}. Best is trial 0 with value: 0.975.
[I 2026-04-09 22:02:13,598] Trial 26 finished with value: 0.975 and parameters: {'n_neighbors': 4, 'leaf_size': 38, 'p': 2}. Best is trial 0 with value: 0.975.
[I 2026-04-09 22:02:13,621] Trial 27 finished with value: 0.975 and parameters: {'n_neighbors': 10, 'leaf_size': 36, 'p': 1}. Best is trial 0 with value: 0.975.
[I 2026-04-09 22:02:13,647] Trial 28 finished with value: 0.975 and parameters: {'n_neighbors': 6, 'leaf_size': 29, 'p': 2}. Best is trial 0 with value: 0.975.
[I 2026-04-09 22:02:13,668] Trial 29 finished with value: 0.95 and parameters: {'n_neighbors': 4, 'leaf_size': 20, 'p': 1}. Best is trial 0 with value: 0.975.
[I 2026-04-09 22:02:15,347] A new study created in memory with name: xgb
[I 2026-04-09 22:02:15,394] Trial 0 finished with value: 0.975 and parameters: {'n_estimators': 40, 'max_depth': 5, 'gamma': 0.4874219364632415, 'subsample': 0.7011756800186824, 'colsample_bytree': 0.7613373356762848}. Best is trial 0 with value: 0.975.
[I 2026-04-09 22:02:15,422] Trial 1 finished with value: 0.975 and parameters: {'n_estimators': 40, 'max_depth': 5, 'gamma': 0.483482593428573, 'subsample': 0.6445375140090439, 'colsample_bytree': 0.9869276206002231}. Best is trial 0 with value: 0.975.
