[I 2026-04-09 21:26:25,442] Trial 7 finished with value: 0.925 and parameters: {'n_estimators': 40, 'max_depth': 30, 'gamma': 0.7149068474388774, 'subsample': 0.5696358027454862, 'colsample_bytree': 0.8514125286992056}. Best is trial 1 with value: 0.975.
[I 2026-04-09 21:26:25,497] Trial 8 finished with value: 0.9 and parameters: {'n_estimators': 100, 'max_depth': 30, 'gamma': 0.2471398756881566, 'subsample': 0.8241126205332553, 'colsample_bytree': 0.6258070715852391}. Best is trial 1 with value: 0.975.
[I 2026-04-09 21:26:25,553] Trial 9 finished with value: 0.975 and parameters: {'n_estimators': 40, 'max_depth': 30, 'gamma': 0.8599846034069103, 'subsample': 0.8019332783535529, 'colsample_bytree': 0.7936068454878676}. Best is trial 1 with value: 0.975.
[I 2026-04-09 21:26:25,611] Trial 10 finished with value: 0.95 and parameters: {'n_estimators': 100, 'max_depth': 5, 'gamma': 0.985518481083803, 'subsample': 0.8995678910481815, 'colsample_bytree': 0.5289314784806454}. Best is trial 1 with value: 0.975.
[I 2026-04-09 21:26:25,685] Trial 11 finished with value: 0.925 and parameters: {'n_estimators': 100, 'max_depth': 5, 'gamma': 0.2586790003980305, 'subsample': 0.5282246615033291, 'colsample_bytree': 0.723495033178611}. Best is trial 1 with value: 0.975.
[I 2026-04-09 21:26:25,729] Trial 12 finished with value: 0.9 and parameters: {'n_estimators': 100, 'max_depth': 30, 'gamma': 0.41550147001765914, 'subsample': 0.6487293432552963, 'colsample_bytree': 0.6417865530708933}. Best is trial 1 with value: 0.975.
[I 2026-04-09 21:26:25,765] Trial 13 finished with value: 0.925 and parameters: {'n_estimators': 40, 'max_depth': 20, 'gamma': 0.11701644856579113, 'subsample': 0.6284132225006196, 'colsample_bytree': 0.7843797188943729}. Best is trial 1 with value: 0.975.
[I 2026-04-09 21:26:25,805] Trial 14 finished with value: 0.95 and parameters: {'n_estimators': 100, 'max_depth': 5, 'gamma': 0.34565109058554067, 'subsample': 0.8940181087620663, 'colsample_bytree': 0.9627298158693121}. Best is trial 1 with value: 0.975.
[I 2026-04-09 21:26:25,839] Trial 15 finished with value: 0.9 and parameters: {'n_estimators': 40, 'max_depth': 30, 'gamma': 0.5848638284161247, 'subsample': 0.7102037453089012, 'colsample_bytree': 0.6901830775312008}. Best is trial 1 with value: 0.975.
[I 2026-04-09 21:26:25,872] Trial 16 finished with value: 0.925 and parameters: {'n_estimators': 100, 'max_depth': 20, 'gamma': 0.13021008877294932, 'subsample': 0.9183524469036154, 'colsample_bytree': 0.5974822131475583}. Best is trial 1 with value: 0.975.
[I 2026-04-09 21:26:25,908] Trial 17 finished with value: 0.925 and parameters: {'n_estimators': 40, 'max_depth': 30, 'gamma': 0.472564925427133, 'subsample': 0.5053007952589881, 'colsample_bytree': 0.7886671781183852}. Best is trial 1 with value: 0.975.
[I 2026-04-09 21:26:25,952] Trial 18 finished with value: 0.975 and parameters: {'n_estimators': 100, 'max_depth': 20, 'gamma': 0.31432524140584395, 'subsample': 0.6324602064631307, 'colsample_bytree': 0.8536200639294146}. Best is trial 1 with value: 0.975.
[I 2026-04-09 21:26:25,991] Trial 19 finished with value: 0.925 and parameters: {'n_estimators': 40, 'max_depth': 5, 'gamma': 0.6313653438994521, 'subsample': 0.5834951129485146, 'colsample_bytree': 0.7389971566876179}. Best is trial 1 with value: 0.975.
[I 2026-04-09 21:26:26,043] Trial 20 finished with value: 1.0 and parameters: {'n_estimators': 100, 'max_depth': 20, 'gamma': 0.8206763510358825, 'subsample': 0.8473563217091524, 'colsample_bytree': 0.6873329385136036}. Best is trial 20 with value: 1.0.
[I 2026-04-09 21:26:26,090] Trial 21 finished with value: 1.0 and parameters: {'n_estimators': 100, 'max_depth': 20, 'gamma': 0.9704315711921414, 'subsample': 0.8530593072618015, 'colsample_bytree': 0.6885813430791445}. Best is trial 20 with value: 1.0.
[I 2026-04-09 21:26:26,142] Trial 22 finished with value: 1.0 and parameters: {'n_estimators': 100, 'max_depth': 20, 'gamma': 0.9736933094603699, 'subsample': 0.8592839072914171, 'colsample_bytree': 0.6850334214528087}. Best is trial 20 with value: 1.0.
[I 2026-04-09 21:26:26,206] Trial 23 finished with value: 0.925 and parameters: {'n_estimators': 100, 'max_depth': 20, 'gamma': 0.8539732994893707, 'subsample': 0.8539207632958774, 'colsample_bytree': 0.6088826426448454}. Best is trial 20 with value: 1.0.
[I 2026-04-09 21:26:26,252] Trial 24 finished with value: 0.975 and parameters: {'n_estimators': 100, 'max_depth': 20, 'gamma': 0.9315908521622439, 'subsample': 0.8431481176060228, 'colsample_bytree': 0.6631043612390076}. Best is trial 20 with value: 1.0.
[I 2026-04-09 21:26:26,292] Trial 25 finished with value: 1.0 and parameters: {'n_estimators': 100, 'max_depth': 20, 'gamma': 0.8040407259058489, 'subsample': 0.9555025640505692, 'colsample_bytree': 0.558202647607771}. Best is trial 20 with value: 1.0.
[I 2026-04-09 21:26:26,331] Trial 26 finished with value: 0.95 and parameters: {'n_estimators': 100, 'max_depth': 20, 'gamma': 0.8037985045996735, 'subsample': 0.7407840484771276, 'colsample_bytree': 0.6789838358073463}. Best is trial 20 with value: 1.0.
[I 2026-04-09 21:26:26,370] Trial 27 finished with value: 0.975 and parameters: {'n_estimators': 100, 'max_depth': 20, 'gamma': 0.9261191408847208, 'subsample': 0.884547464283235, 'colsample_bytree': 0.771477394508009}. Best is trial 20 with value: 1.0.
[I 2026-04-09 21:26:26,412] Trial 28 finished with value: 1.0 and parameters: {'n_estimators': 100, 'max_depth': 20, 'gamma': 0.7916399292492509, 'subsample': 0.9537282170574309, 'colsample_bytree': 0.5882485782548165}. Best is trial 20 with value: 1.0.
[I 2026-04-09 21:26:26,446] Trial 29 finished with value: 0.9 and parameters: {'n_estimators': 10, 'max_depth': 20, 'gamma': 0.9789711029112098, 'subsample': 0.7496226299092197, 'colsample_bytree': 0.6632606702415547}. Best is trial 20 with value: 1.0.
[I 2026-04-09 21:26:27,594] A new study created in memory with name: rf
[I 2026-04-09 21:26:28,106] Trial 0 finished with value: 0.975 and parameters: {'n_estimators': 458, 'max_depth': 8, 'min_samples_split': 9, 'min_samples_leaf': 1}. Best is trial 0 with value: 0.975.
[I 2026-04-09 21:26:28,322] Trial 1 finished with value: 0.95 and parameters: {'n_estimators': 143, 'max_depth': 13, 'min_samples_split': 6, 'min_samples_leaf': 5}. Best is trial 0 with value: 0.975.
[I 2026-04-09 21:26:28,620] Trial 2 finished with value: 0.825 and parameters: {'n_estimators': 234, 'max_depth': 14, 'min_samples_split': 5, 'min_samples_leaf': 8}. Best is trial 0 with value: 0.975.
[I 2026-04-09 21:26:29,018] Trial 3 finished with value: 0.8 and parameters: {'n_estimators': 307, 'max_depth': 13, 'min_samples_split': 7, 'min_samples_leaf': 10}. Best is trial 0 with value: 0.975.
[I 2026-04-09 21:26:29,568] Trial 4 finished with value: 0.8 and parameters: {'n_estimators': 428, 'max_depth': 10, 'min_samples_split': 9, 'min_samples_leaf': 9}. Best is trial 0 with value: 0.975.
[I 2026-04-09 21:26:29,735] Trial 5 finished with value: 0.875 and parameters: {'n_estimators': 121, 'max_depth': 15, 'min_samples_split': 9, 'min_samples_leaf': 8}. Best is trial 0 with value: 0.975.
[I 2026-04-09 21:26:30,202] Trial 6 finished with value: 0.75 and parameters: {'n_estimators': 384, 'max_depth': 12, 'min_samples_split': 3, 'min_samples_leaf': 10}. Best is trial 0 with value: 0.975.
[I 2026-04-09 21:26:30,520] Trial 7 finished with value: 0.825 and parameters: {'n_estimators': 261, 'max_depth': 6, 'min_samples_split': 8, 'min_samples_leaf': 10}. Best is trial 0 with value: 0.975.
[I 2026-04-09 21:26:30,767] Trial 8 finished with value: 0.85 and parameters: {'n_estimators': 202, 'max_depth': 15, 'min_samples_split': 7, 'min_samples_leaf': 8}. Best is trial 0 with value: 0.975.
[I 2026-04-09 21:26:31,305] Trial 9 finished with value: 0.975 and parameters: {'n_estimators': 475, 'max_depth': 9, 'min_samples_split': 4, 'min_samples_leaf': 5}. Best is trial 0 with value: 0.975.
[I 2026-04-09 21:26:31,770] Trial 10 finished with value: 0.975 and parameters: {'n_estimators': 352, 'max_depth': 20, 'min_samples_split': 10, 'min_samples_leaf': 1}. Best is trial 0 with value: 0.975.
[I 2026-04-09 21:26:32,414] Trial 11 finished with value: 1.0 and parameters: {'n_estimators': 487, 'max_depth': 5, 'min_samples_split': 3, 'min_samples_leaf': 1}. Best is trial 11 with value: 1.0.
[I 2026-04-09 21:26:33,043] Trial 12 finished with value: 1.0 and parameters: {'n_estimators': 493, 'max_depth': 4, 'min_samples_split': 2, 'min_samples_leaf': 1}. Best is trial 11 with value: 1.0.
[I 2026-04-09 21:26:33,484] Trial 13 finished with value: 0.975 and parameters: {'n_estimators': 405, 'max_depth': 3, 'min_samples_split': 2, 'min_samples_leaf': 3}. Best is trial 11 with value: 1.0.
[I 2026-04-09 21:26:34,101] Trial 14 finished with value: 0.975 and parameters: {'n_estimators': 483, 'max_depth': 3, 'min_samples_split': 2, 'min_samples_leaf': 3}. Best is trial 11 with value: 1.0.
[I 2026-04-09 21:26:34,613] Trial 15 finished with value: 0.975 and parameters: {'n_estimators': 338, 'max_depth': 6, 'min_samples_split': 4, 'min_samples_leaf': 3}. Best is trial 11 with value: 1.0.
[I 2026-04-09 21:26:35,217] Trial 16 finished with value: 0.975 and parameters: {'n_estimators': 498, 'max_depth': 6, 'min_samples_split': 3, 'min_samples_leaf': 2}. Best is trial 11 with value: 1.0.
[I 2026-04-09 21:26:35,737] Trial 17 finished with value: 0.9 and parameters: {'n_estimators': 437, 'max_depth': 4, 'min_samples_split': 3, 'min_samples_leaf': 6}. Best is trial 11 with value: 1.0.
[I 2026-04-09 21:26:36,184] Trial 18 finished with value: 1.0 and parameters: {'n_estimators': 379, 'max_depth': 5, 'min_samples_split': 5, 'min_samples_leaf': 2}. Best is trial 11 with value: 1.0.
[I 2026-04-09 21:26:36,679] Trial 19 finished with value: 0.9 and parameters: {'n_estimators': 432, 'max_depth': 8, 'min_samples_split': 2, 'min_samples_leaf': 6}. Best is trial 11 with value: 1.0.
[I 2026-04-09 21:26:37,225] Trial 20 finished with value: 0.975 and parameters: {'n_estimators': 498, 'max_depth': 17, 'min_samples_split': 4, 'min_samples_leaf': 4}. Best is trial 11 with value: 1.0.
[I 2026-04-09 21:26:37,695] Trial 21 finished with value: 1.0 and parameters: {'n_estimators': 383, 'max_depth': 6, 'min_samples_split': 5, 'min_samples_leaf': 1}. Best is trial 11 with value: 1.0.
[I 2026-04-09 21:26:38,103] Trial 22 finished with value: 0.975 and parameters: {'n_estimators': 357, 'max_depth': 5, 'min_samples_split': 5, 'min_samples_leaf': 2}. Best is trial 11 with value: 1.0.
[I 2026-04-09 21:26:38,636] Trial 23 finished with value: 1.0 and parameters: {'n_estimators': 447, 'max_depth': 4, 'min_samples_split': 3, 'min_samples_leaf': 2}. Best is trial 11 with value: 1.0.
[I 2026-04-09 21:26:39,145] Trial 24 finished with value: 1.0 and parameters: {'n_estimators': 404, 'max_depth': 8, 'min_samples_split': 2, 'min_samples_leaf': 1}. Best is trial 11 with value: 1.0.
[I 2026-04-09 21:26:39,600] Trial 25 finished with value: 0.975 and parameters: {'n_estimators': 300, 'max_depth': 10, 'min_samples_split': 6, 'min_samples_leaf': 2}. Best is trial 11 with value: 1.0.
[I 2026-04-09 21:26:40,168] Trial 26 finished with value: 0.975 and parameters: {'n_estimators': 459, 'max_depth': 5, 'min_samples_split': 4, 'min_samples_leaf': 4}. Best is trial 11 with value: 1.0.
[I 2026-04-09 21:26:40,538] Trial 27 finished with value: 1.0 and parameters: {'n_estimators': 317, 'max_depth': 7, 'min_samples_split': 3, 'min_samples_leaf': 1}. Best is trial 11 with value: 1.0.
[I 2026-04-09 21:26:41,029] Trial 28 finished with value: 0.975 and parameters: {'n_estimators': 402, 'max_depth': 3, 'min_samples_split': 6, 'min_samples_leaf': 4}. Best is trial 11 with value: 1.0.
[I 2026-04-09 21:26:41,592] Trial 29 finished with value: 0.975 and parameters: {'n_estimators': 460, 'max_depth': 10, 'min_samples_split': 5, 'min_samples_leaf': 2}. Best is trial 11 with value: 1.0.
[I 2026-04-09 21:26:48,277] A new study created in memory with name: mlp
[I 2026-04-09 21:26:48,345] Trial 0 finished with value: 0.8 and parameters: {'hidden_layer_sizes': (100,), 'max_iter': 100, 'alpha': 0.0001}. Best is trial 0 with value: 0.8.
[I 2026-04-09 21:26:48,452] Trial 1 finished with value: 0.775 and parameters: {'hidden_layer_sizes': (100, 100), 'max_iter': 100, 'alpha': 0.001}. Best is trial 0 with value: 0.8.
[I 2026-04-09 21:26:48,529] Trial 2 finished with value: 0.8 and parameters: {'hidden_layer_sizes': (200,), 'max_iter': 100, 'alpha': 0.0001}. Best is trial 0 with value: 0.8.
[I 2026-04-09 21:26:48,574] Trial 3 finished with value: 0.8 and parameters: {'hidden_layer_sizes': (200,), 'max_iter': 50, 'alpha': 0.001}. Best is trial 0 with value: 0.8.
[I 2026-04-09 21:26:48,636] Trial 4 finished with value: 0.8 and parameters: {'hidden_layer_sizes': (100, 100), 'max_iter': 50, 'alpha': 0.0001}. Best is trial 0 with value: 0.8.
[I 2026-04-09 21:26:48,705] Trial 5 finished with value: 0.8 and parameters: {'hidden_layer_sizes': (200,), 'max_iter': 100, 'alpha': 0.0001}. Best is trial 0 with value: 0.8.
[I 2026-04-09 21:26:48,771] Trial 6 finished with value: 0.8 and parameters: {'hidden_layer_sizes': (200,), 'max_iter': 100, 'alpha': 0.001}. Best is trial 0 with value: 0.8.
[I 2026-04-09 21:26:48,829] Trial 7 finished with value: 0.775 and parameters: {'hidden_layer_sizes': (100,), 'max_iter': 100, 'alpha': 0.001}. Best is trial 0 with value: 0.8.
[I 2026-04-09 21:26:48,918] Trial 8 finished with value: 0.8 and parameters: {'hidden_layer_sizes': (100, 100), 'max_iter': 100, 'alpha': 0.0001}. Best is trial 0 with value: 0.8.
[I 2026-04-09 21:26:48,999] Trial 9 finished with value: 0.8 and parameters: {'hidden_layer_sizes': (200,), 'max_iter': 100, 'alpha': 0.0001}. Best is trial 0 with value: 0.8.
[I 2026-04-09 21:26:49,042] Trial 10 finished with value: 0.675 and parameters: {'hidden_layer_sizes': (100,), 'max_iter': 50, 'alpha': 0.0001}. Best is trial 0 with value: 0.8.
[I 2026-04-09 21:26:49,123] Trial 11 finished with value: 0.775 and parameters: {'hidden_layer_sizes': (100,), 'max_iter': 100, 'alpha': 0.0001}. Best is trial 0 with value: 0.8.
[I 2026-04-09 21:26:49,184] Trial 12 finished with value: 0.8 and parameters: {'hidden_layer_sizes': (100,), 'max_iter': 100, 'alpha': 0.0001}. Best is trial 0 with value: 0.8.
[I 2026-04-09 21:26:49,244] Trial 13 finished with value: 0.8 and parameters: {'hidden_layer_sizes': (200,), 'max_iter': 100, 'alpha': 0.0001}. Best is trial 0 with value: 0.8.
[I 2026-04-09 21:26:49,281] Trial 14 finished with value: 0.75 and parameters: {'hidden_layer_sizes': (100,), 'max_iter': 50, 'alpha': 0.0001}. Best is trial 0 with value: 0.8.
[I 2026-04-09 21:26:49,349] Trial 15 finished with value: 0.8 and parameters: {'hidden_layer_sizes': (200,), 'max_iter': 100, 'alpha': 0.0001}. Best is trial 0 with value: 0.8.
[I 2026-04-09 21:26:49,406] Trial 16 finished with value: 0.775 and parameters: {'hidden_layer_sizes': (100,), 'max_iter': 100, 'alpha': 0.0001}. Best is trial 0 with value: 0.8.
[I 2026-04-09 21:26:49,466] Trial 17 finished with value: 0.8 and parameters: {'hidden_layer_sizes': (100,), 'max_iter': 100, 'alpha': 0.0001}. Best is trial 0 with value: 0.8.
[I 2026-04-09 21:26:49,506] Trial 18 finished with value: 0.775 and parameters: {'hidden_layer_sizes': (200,), 'max_iter': 50, 'alpha': 0.001}. Best is trial 0 with value: 0.8.
[I 2026-04-09 21:26:49,573] Trial 19 finished with value: 0.75 and parameters: {'hidden_layer_sizes': (100, 100), 'max_iter': 100, 'alpha': 0.0001}. Best is trial 0 with value: 0.8.
[I 2026-04-09 21:26:49,629] Trial 20 finished with value: 0.775 and parameters: {'hidden_layer_sizes': (100,), 'max_iter': 100, 'alpha': 0.0001}. Best is trial 0 with value: 0.8.
[I 2026-04-09 21:26:49,667] Trial 21 finished with value: 0.8 and parameters: {'hidden_layer_sizes': (200,), 'max_iter': 50, 'alpha': 0.001}. Best is trial 0 with value: 0.8.
[I 2026-04-09 21:26:49,717] Trial 22 finished with value: 0.775 and parameters: {'hidden_layer_sizes': (200,), 'max_iter': 50, 'alpha': 0.001}. Best is trial 0 with value: 0.8.
[I 2026-04-09 21:26:49,753] Trial 23 finished with value: 0.8 and parameters: {'hidden_layer_sizes': (200,), 'max_iter': 50, 'alpha': 0.001}. Best is trial 0 with value: 0.8.
[I 2026-04-09 21:26:49,802] Trial 24 finished with value: 0.8 and parameters: {'hidden_layer_sizes': (200,), 'max_iter': 50, 'alpha': 0.001}. Best is trial 0 with value: 0.8.
[I 2026-04-09 21:26:49,852] Trial 25 finished with value: 0.85 and parameters: {'hidden_layer_sizes': (200,), 'max_iter': 50, 'alpha': 0.001}. Best is trial 25 with value: 0.85.
[I 2026-04-09 21:26:49,900] Trial 26 finished with value: 0.775 and parameters: {'hidden_layer_sizes': (200,), 'max_iter': 50, 'alpha': 0.001}. Best is trial 25 with value: 0.85.
[I 2026-04-09 21:26:49,967] Trial 27 finished with value: 0.8 and parameters: {'hidden_layer_sizes': (200,), 'max_iter': 100, 'alpha': 0.0001}. Best is trial 25 with value: 0.85.
[I 2026-04-09 21:26:50,026] Trial 28 finished with value: 0.8 and parameters: {'hidden_layer_sizes': (100, 100), 'max_iter': 50, 'alpha': 0.001}. Best is trial 25 with value: 0.85.
[I 2026-04-09 21:26:50,089] Trial 29 finished with value: 0.825 and parameters: {'hidden_layer_sizes': (100,), 'max_iter': 100, 'alpha': 0.001}. Best is trial 25 with value: 0.85.
[I 2026-04-09 21:26:55,733] A new study created in memory with name: naive_bayes
[I 2026-04-09 21:26:55,747] Trial 0 finished with value: 0.95 and parameters: {'var_smoothing': 6.10548688762798e-09}. Best is trial 0 with value: 0.95.
[I 2026-04-09 21:26:55,759] Trial 1 finished with value: 0.925 and parameters: {'var_smoothing': 4.6127467400935034e-10}. Best is trial 0 with value: 0.95.
[I 2026-04-09 21:26:55,771] Trial 2 finished with value: 0.95 and parameters: {'var_smoothing': 4.389936579400967e-09}. Best is trial 0 with value: 0.95.
[I 2026-04-09 21:26:55,784] Trial 3 finished with value: 0.925 and parameters: {'var_smoothing': 1.2116948204672054e-10}. Best is trial 0 with value: 0.95.
[I 2026-04-09 21:26:55,802] Trial 4 finished with value: 0.925 and parameters: {'var_smoothing': 1.6417739478477417e-10}. Best is trial 0 with value: 0.95.
[I 2026-04-09 21:26:55,816] Trial 5 finished with value: 0.95 and parameters: {'var_smoothing': 1.5491880147236797e-09}. Best is trial 0 with value: 0.95.
[I 2026-04-09 21:26:55,828] Trial 6 finished with value: 0.95 and parameters: {'var_smoothing': 1.1471883405287265e-09}. Best is trial 0 with value: 0.95.
[I 2026-04-09 21:26:55,841] Trial 7 finished with value: 0.925 and parameters: {'var_smoothing': 6.88041853492358e-10}. Best is trial 0 with value: 0.95.
[I 2026-04-09 21:26:55,853] Trial 8 finished with value: 0.925 and parameters: {'var_smoothing': 4.686144741221158e-10}. Best is trial 0 with value: 0.95.
[I 2026-04-09 21:26:55,869] Trial 9 finished with value: 0.95 and parameters: {'var_smoothing': 1.7580809350683337e-09}. Best is trial 0 with value: 0.95.
[I 2026-04-09 21:26:55,888] Trial 10 finished with value: 0.95 and parameters: {'var_smoothing': 9.83902635509218e-09}. Best is trial 0 with value: 0.95.
[I 2026-04-09 21:26:55,903] Trial 11 finished with value: 0.95 and parameters: {'var_smoothing': 6.91018960086788e-09}. Best is trial 0 with value: 0.95.
[I 2026-04-09 21:26:55,928] Trial 12 finished with value: 0.95 and parameters: {'var_smoothing': 3.681922431884921e-09}. Best is trial 0 with value: 0.95.
[I 2026-04-09 21:26:55,943] Trial 13 finished with value: 0.95 and parameters: {'var_smoothing': 3.5960698381419725e-09}. Best is trial 0 with value: 0.95.
[I 2026-04-09 21:26:55,958] Trial 14 finished with value: 0.95 and parameters: {'var_smoothing': 3.3469241907304184e-09}. Best is trial 0 with value: 0.95.
[I 2026-04-09 21:26:55,974] Trial 15 finished with value: 0.95 and parameters: {'var_smoothing': 5.301074132926346e-09}. Best is trial 0 with value: 0.95.
[I 2026-04-09 21:26:55,994] Trial 16 finished with value: 0.95 and parameters: {'var_smoothing': 2.347916255848939e-09}. Best is trial 0 with value: 0.95.
[I 2026-04-09 21:26:56,014] Trial 17 finished with value: 0.95 and parameters: {'var_smoothing': 8.497904890171005e-09}. Best is trial 0 with value: 0.95.
[I 2026-04-09 21:26:56,031] Trial 18 finished with value: 0.95 and parameters: {'var_smoothing': 5.310317656318349e-09}. Best is trial 0 with value: 0.95.
[I 2026-04-09 21:26:56,048] Trial 19 finished with value: 0.95 and parameters: {'var_smoothing': 2.6113931710140704e-09}. Best is trial 0 with value: 0.95.
[I 2026-04-09 21:26:56,065] Trial 20 finished with value: 0.95 and parameters: {'var_smoothing': 5.361057930102072e-09}. Best is trial 0 with value: 0.95.
[I 2026-04-09 21:26:56,086] Trial 21 finished with value: 0.95 and parameters: {'var_smoothing': 1.3811408295898886e-09}. Best is trial 0 with value: 0.95.
[I 2026-04-09 21:26:56,103] Trial 22 finished with value: 0.95 and parameters: {'var_smoothing': 1.835078530630161e-09}. Best is trial 0 with value: 0.95.
[I 2026-04-09 21:26:56,122] Trial 23 finished with value: 0.925 and parameters: {'var_smoothing': 7.406163186851343e-10}. Best is trial 0 with value: 0.95.
[I 2026-04-09 21:26:56,146] Trial 24 finished with value: 0.95 and parameters: {'var_smoothing': 4.125726730798879e-09}. Best is trial 0 with value: 0.95.
[I 2026-04-09 21:26:56,162] Trial 25 finished with value: 0.95 and parameters: {'var_smoothing': 2.2163805343177648e-09}. Best is trial 0 with value: 0.95.
[I 2026-04-09 21:26:56,179] Trial 26 finished with value: 0.95 and parameters: {'var_smoothing': 6.940094875845877e-09}. Best is trial 0 with value: 0.95.
[I 2026-04-09 21:26:56,200] Trial 27 finished with value: 0.925 and parameters: {'var_smoothing': 3.303527530967123e-10}. Best is trial 0 with value: 0.95.
[I 2026-04-09 21:26:56,222] Trial 28 finished with value: 0.925 and parameters: {'var_smoothing': 9.263886676914726e-10}. Best is trial 0 with value: 0.95.
