[I 2026-04-07 01:19:28,294] Trial 2 finished with value: 0.95 and parameters: {'n_estimators': 10, 'max_depth': 20, 'gamma': 0.7382185757030506, 'subsample': 0.7704684271512641, 'colsample_bytree': 0.5624120871903049}. Best is trial 0 with value: 0.95.
[I 2026-04-07 01:19:28,321] Trial 3 finished with value: 0.95 and parameters: {'n_estimators': 10, 'max_depth': 20, 'gamma': 0.7041784887453524, 'subsample': 0.7995029565695583, 'colsample_bytree': 0.8586660727777565}. Best is trial 0 with value: 0.95.
[I 2026-04-07 01:19:28,348] Trial 4 finished with value: 0.95 and parameters: {'n_estimators': 10, 'max_depth': 20, 'gamma': 0.46549701645255037, 'subsample': 0.9946899241400011, 'colsample_bytree': 0.725249640372583}. Best is trial 0 with value: 0.95.
[I 2026-04-07 01:19:28,375] Trial 5 finished with value: 0.95 and parameters: {'n_estimators': 40, 'max_depth': 20, 'gamma': 0.3554734452019276, 'subsample': 0.5947710951851903, 'colsample_bytree': 0.7356254823676576}. Best is trial 0 with value: 0.95.
[I 2026-04-07 01:19:28,403] Trial 6 finished with value: 0.95 and parameters: {'n_estimators': 40, 'max_depth': 20, 'gamma': 0.8967376717636345, 'subsample': 0.988276510203839, 'colsample_bytree': 0.9184542964535913}. Best is trial 0 with value: 0.95.
[I 2026-04-07 01:19:28,430] Trial 7 finished with value: 0.95 and parameters: {'n_estimators': 40, 'max_depth': 30, 'gamma': 0.7149068474388774, 'subsample': 0.5696358027454862, 'colsample_bytree': 0.8514125286992056}. Best is trial 0 with value: 0.95.
[I 2026-04-07 01:19:28,467] Trial 8 finished with value: 0.95 and parameters: {'n_estimators': 100, 'max_depth': 30, 'gamma': 0.2471398756881566, 'subsample': 0.8241126205332553, 'colsample_bytree': 0.6258070715852391}. Best is trial 0 with value: 0.95.
[I 2026-04-07 01:19:28,494] Trial 9 finished with value: 0.95 and parameters: {'n_estimators': 40, 'max_depth': 30, 'gamma': 0.8599846034069103, 'subsample': 0.8019332783535529, 'colsample_bytree': 0.7936068454878676}. Best is trial 0 with value: 0.95.
[I 2026-04-07 01:19:28,532] Trial 10 finished with value: 0.95 and parameters: {'n_estimators': 10, 'max_depth': 5, 'gamma': 0.11132541504315885, 'subsample': 0.6518824205184826, 'colsample_bytree': 0.5222467176724002}. Best is trial 0 with value: 0.95.
[I 2026-04-07 01:19:28,579] Trial 11 finished with value: 0.95 and parameters: {'n_estimators': 100, 'max_depth': 30, 'gamma': 0.9681903397412062, 'subsample': 0.8909531909241379, 'colsample_bytree': 0.6608770902048942}. Best is trial 0 with value: 0.95.
[I 2026-04-07 01:19:28,617] Trial 12 finished with value: 0.95 and parameters: {'n_estimators': 100, 'max_depth': 30, 'gamma': 0.5299926855017165, 'subsample': 0.6848009387186493, 'colsample_bytree': 0.651791846963555}. Best is trial 0 with value: 0.95.
[I 2026-04-07 01:19:28,654] Trial 13 finished with value: 0.95 and parameters: {'n_estimators': 100, 'max_depth': 5, 'gamma': 0.626711129198294, 'subsample': 0.7001853800090055, 'colsample_bytree': 0.712752570473077}. Best is trial 0 with value: 0.95.
[I 2026-04-07 01:19:28,703] Trial 14 finished with value: 0.95 and parameters: {'n_estimators': 100, 'max_depth': 30, 'gamma': 0.4000023985818805, 'subsample': 0.8940181087620663, 'colsample_bytree': 0.596389989619073}. Best is trial 0 with value: 0.95.
[I 2026-04-07 01:19:28,741] Trial 15 finished with value: 0.95 and parameters: {'n_estimators': 10, 'max_depth': 30, 'gamma': 0.8361750979473885, 'subsample': 0.5052985200248541, 'colsample_bytree': 0.9888939439492501}. Best is trial 0 with value: 0.95.
[I 2026-04-07 01:19:28,778] Trial 16 finished with value: 0.95 and parameters: {'n_estimators': 10, 'max_depth': 5, 'gamma': 0.991314742891843, 'subsample': 0.8787287422282001, 'colsample_bytree': 0.7917736739504313}. Best is trial 0 with value: 0.95.
[I 2026-04-07 01:19:28,816] Trial 17 finished with value: 0.95 and parameters: {'n_estimators': 100, 'max_depth': 30, 'gamma': 0.5818209581005225, 'subsample': 0.7369637418182623, 'colsample_bytree': 0.5064839807832304}. Best is trial 0 with value: 0.95.
[I 2026-04-07 01:19:28,853] Trial 18 finished with value: 0.95 and parameters: {'n_estimators': 100, 'max_depth': 30, 'gamma': 0.25368366843950607, 'subsample': 0.9349024637789001, 'colsample_bytree': 0.6735042672265268}. Best is trial 0 with value: 0.95.
[I 2026-04-07 01:19:28,892] Trial 19 finished with value: 0.95 and parameters: {'n_estimators': 10, 'max_depth': 30, 'gamma': 0.7930613875242585, 'subsample': 0.6342385505944843, 'colsample_bytree': 0.7858104741672305}. Best is trial 0 with value: 0.95.
[I 2026-04-07 01:19:28,930] Trial 20 finished with value: 0.95 and parameters: {'n_estimators': 100, 'max_depth': 5, 'gamma': 0.6397877373108088, 'subsample': 0.7313679690001857, 'colsample_bytree': 0.5848642489980329}. Best is trial 0 with value: 0.95.
[I 2026-04-07 01:19:28,966] Trial 21 finished with value: 0.95 and parameters: {'n_estimators': 10, 'max_depth': 20, 'gamma': 0.7690811247027735, 'subsample': 0.7800195833881419, 'colsample_bytree': 0.6030862483626268}. Best is trial 0 with value: 0.95.
[I 2026-04-07 01:19:29,005] Trial 22 finished with value: 0.95 and parameters: {'n_estimators': 10, 'max_depth': 20, 'gamma': 0.5116035986306421, 'subsample': 0.8354262785070001, 'colsample_bytree': 0.5516591717675228}. Best is trial 0 with value: 0.95.
[I 2026-04-07 01:19:29,046] Trial 23 finished with value: 0.95 and parameters: {'n_estimators': 10, 'max_depth': 20, 'gamma': 0.9045285750179193, 'subsample': 0.9344021068516876, 'colsample_bytree': 0.6862749161754073}. Best is trial 0 with value: 0.95.
[I 2026-04-07 01:19:29,082] Trial 24 finished with value: 0.95 and parameters: {'n_estimators': 10, 'max_depth': 30, 'gamma': 0.6877453009733242, 'subsample': 0.7490674693549982, 'colsample_bytree': 0.5649751610154615}. Best is trial 0 with value: 0.95.
[I 2026-04-07 01:19:29,121] Trial 25 finished with value: 0.95 and parameters: {'n_estimators': 10, 'max_depth': 20, 'gamma': 0.7798197551781508, 'subsample': 0.8487825922342104, 'colsample_bytree': 0.6322894661279336}. Best is trial 0 with value: 0.95.
[I 2026-04-07 01:19:29,159] Trial 26 finished with value: 0.95 and parameters: {'n_estimators': 10, 'max_depth': 30, 'gamma': 0.4450679259218169, 'subsample': 0.7687845598212872, 'colsample_bytree': 0.6957485573604266}. Best is trial 0 with value: 0.95.
[I 2026-04-07 01:19:29,197] Trial 27 finished with value: 0.95 and parameters: {'n_estimators': 10, 'max_depth': 30, 'gamma': 0.5881334220928116, 'subsample': 0.6935440331517346, 'colsample_bytree': 0.7552801880410026}. Best is trial 0 with value: 0.95.
[I 2026-04-07 01:19:29,245] Trial 28 finished with value: 0.95 and parameters: {'n_estimators': 40, 'max_depth': 5, 'gamma': 0.9449231636634244, 'subsample': 0.9389509016319153, 'colsample_bytree': 0.5393349364245235}. Best is trial 0 with value: 0.95.
[I 2026-04-07 01:19:29,286] Trial 29 finished with value: 0.95 and parameters: {'n_estimators': 100, 'max_depth': 20, 'gamma': 0.6694224841587507, 'subsample': 0.6316552057778516, 'colsample_bytree': 0.8398260418743217}. Best is trial 0 with value: 0.95.
[I 2026-04-07 01:19:30,090] A new study created in memory with name: rf
[I 2026-04-07 01:19:30,547] Trial 0 finished with value: 1.0 and parameters: {'n_estimators': 458, 'max_depth': 8, 'min_samples_split': 9, 'min_samples_leaf': 1}. Best is trial 0 with value: 1.0.
[I 2026-04-07 01:19:30,745] Trial 1 finished with value: 1.0 and parameters: {'n_estimators': 143, 'max_depth': 13, 'min_samples_split': 6, 'min_samples_leaf': 5}. Best is trial 0 with value: 1.0.
[I 2026-04-07 01:19:30,983] Trial 2 finished with value: 0.5 and parameters: {'n_estimators': 234, 'max_depth': 14, 'min_samples_split': 5, 'min_samples_leaf': 8}. Best is trial 0 with value: 1.0.
[I 2026-04-07 01:19:31,352] Trial 3 finished with value: 0.5 and parameters: {'n_estimators': 307, 'max_depth': 13, 'min_samples_split': 7, 'min_samples_leaf': 10}. Best is trial 0 with value: 1.0.
[I 2026-04-07 01:19:31,788] Trial 4 finished with value: 0.5 and parameters: {'n_estimators': 428, 'max_depth': 10, 'min_samples_split': 9, 'min_samples_leaf': 9}. Best is trial 0 with value: 1.0.
[I 2026-04-07 01:19:31,925] Trial 5 finished with value: 0.5 and parameters: {'n_estimators': 121, 'max_depth': 15, 'min_samples_split': 9, 'min_samples_leaf': 8}. Best is trial 0 with value: 1.0.
[I 2026-04-07 01:19:32,324] Trial 6 finished with value: 0.5 and parameters: {'n_estimators': 384, 'max_depth': 12, 'min_samples_split': 3, 'min_samples_leaf': 10}. Best is trial 0 with value: 1.0.
[I 2026-04-07 01:19:32,591] Trial 7 finished with value: 0.5 and parameters: {'n_estimators': 261, 'max_depth': 6, 'min_samples_split': 8, 'min_samples_leaf': 10}. Best is trial 0 with value: 1.0.
[I 2026-04-07 01:19:32,810] Trial 8 finished with value: 0.5 and parameters: {'n_estimators': 202, 'max_depth': 15, 'min_samples_split': 7, 'min_samples_leaf': 8}. Best is trial 0 with value: 1.0.
[I 2026-04-07 01:19:33,280] Trial 9 finished with value: 1.0 and parameters: {'n_estimators': 475, 'max_depth': 9, 'min_samples_split': 4, 'min_samples_leaf': 5}. Best is trial 0 with value: 1.0.
[I 2026-04-07 01:19:33,693] Trial 10 finished with value: 1.0 and parameters: {'n_estimators': 352, 'max_depth': 20, 'min_samples_split': 10, 'min_samples_leaf': 1}. Best is trial 0 with value: 1.0.
[I 2026-04-07 01:19:33,834] Trial 11 finished with value: 0.95 and parameters: {'n_estimators': 110, 'max_depth': 4, 'min_samples_split': 6, 'min_samples_leaf': 1}. Best is trial 0 with value: 1.0.
[I 2026-04-07 01:19:34,419] Trial 12 finished with value: 0.95 and parameters: {'n_estimators': 489, 'max_depth': 7, 'min_samples_split': 2, 'min_samples_leaf': 4}. Best is trial 0 with value: 1.0.
[I 2026-04-07 01:19:34,653] Trial 13 finished with value: 1.0 and parameters: {'n_estimators': 201, 'max_depth': 18, 'min_samples_split': 5, 'min_samples_leaf': 3}. Best is trial 0 with value: 1.0.
[I 2026-04-07 01:19:34,878] Trial 14 finished with value: 0.95 and parameters: {'n_estimators': 157, 'max_depth': 9, 'min_samples_split': 7, 'min_samples_leaf': 6}. Best is trial 0 with value: 1.0.
[I 2026-04-07 01:19:35,253] Trial 15 finished with value: 0.95 and parameters: {'n_estimators': 308, 'max_depth': 3, 'min_samples_split': 10, 'min_samples_leaf': 3}. Best is trial 0 with value: 1.0.
[I 2026-04-07 01:19:35,750] Trial 16 finished with value: 1.0 and parameters: {'n_estimators': 423, 'max_depth': 17, 'min_samples_split': 6, 'min_samples_leaf': 6}. Best is trial 0 with value: 1.0.
[I 2026-04-07 01:19:36,113] Trial 17 finished with value: 1.0 and parameters: {'n_estimators': 339, 'max_depth': 11, 'min_samples_split': 8, 'min_samples_leaf': 2}. Best is trial 0 with value: 1.0.
[I 2026-04-07 01:19:36,467] Trial 18 finished with value: 1.0 and parameters: {'n_estimators': 264, 'max_depth': 7, 'min_samples_split': 5, 'min_samples_leaf': 5}. Best is trial 0 with value: 1.0.
[I 2026-04-07 01:19:36,918] Trial 19 finished with value: 1.0 and parameters: {'n_estimators': 433, 'max_depth': 6, 'min_samples_split': 8, 'min_samples_leaf': 3}. Best is trial 0 with value: 1.0.
[I 2026-04-07 01:19:37,131] Trial 20 finished with value: 0.95 and parameters: {'n_estimators': 167, 'max_depth': 11, 'min_samples_split': 4, 'min_samples_leaf': 2}. Best is trial 0 with value: 1.0.
[I 2026-04-07 01:19:37,677] Trial 21 finished with value: 1.0 and parameters: {'n_estimators': 487, 'max_depth': 9, 'min_samples_split': 4, 'min_samples_leaf': 5}. Best is trial 0 with value: 1.0.
[I 2026-04-07 01:19:38,204] Trial 22 finished with value: 0.5 and parameters: {'n_estimators': 466, 'max_depth': 8, 'min_samples_split': 3, 'min_samples_leaf': 7}. Best is trial 0 with value: 1.0.
[I 2026-04-07 01:19:38,646] Trial 23 finished with value: 0.95 and parameters: {'n_estimators': 383, 'max_depth': 5, 'min_samples_split': 4, 'min_samples_leaf': 4}. Best is trial 0 with value: 1.0.
[I 2026-04-07 01:19:39,144] Trial 24 finished with value: 0.95 and parameters: {'n_estimators': 462, 'max_depth': 12, 'min_samples_split': 6, 'min_samples_leaf': 4}. Best is trial 0 with value: 1.0.
[I 2026-04-07 01:19:39,583] Trial 25 finished with value: 0.65 and parameters: {'n_estimators': 398, 'max_depth': 9, 'min_samples_split': 2, 'min_samples_leaf': 7}. Best is trial 0 with value: 1.0.
[I 2026-04-07 01:19:40,131] Trial 26 finished with value: 1.0 and parameters: {'n_estimators': 500, 'max_depth': 10, 'min_samples_split': 3, 'min_samples_leaf': 5}. Best is trial 0 with value: 1.0.
[I 2026-04-07 01:19:40,621] Trial 27 finished with value: 1.0 and parameters: {'n_estimators': 446, 'max_depth': 13, 'min_samples_split': 9, 'min_samples_leaf': 2}. Best is trial 0 with value: 1.0.
[I 2026-04-07 01:19:41,019] Trial 28 finished with value: 1.0 and parameters: {'n_estimators': 346, 'max_depth': 16, 'min_samples_split': 6, 'min_samples_leaf': 6}. Best is trial 0 with value: 1.0.
[I 2026-04-07 01:19:41,304] Trial 29 finished with value: 0.7 and parameters: {'n_estimators': 259, 'max_depth': 14, 'min_samples_split': 5, 'min_samples_leaf': 7}. Best is trial 0 with value: 1.0.
[I 2026-04-07 01:19:45,386] A new study created in memory with name: mlp
[I 2026-04-07 01:19:45,451] Trial 0 finished with value: 1.0 and parameters: {'hidden_layer_sizes': (100,), 'max_iter': 100, 'alpha': 0.0001}. Best is trial 0 with value: 1.0.
[I 2026-04-07 01:19:45,517] Trial 1 finished with value: 1.0 and parameters: {'hidden_layer_sizes': (100, 100), 'max_iter': 100, 'alpha': 0.001}. Best is trial 0 with value: 1.0.
[I 2026-04-07 01:19:45,583] Trial 2 finished with value: 1.0 and parameters: {'hidden_layer_sizes': (200,), 'max_iter': 100, 'alpha': 0.0001}. Best is trial 0 with value: 1.0.
[I 2026-04-07 01:19:45,628] Trial 3 finished with value: 1.0 and parameters: {'hidden_layer_sizes': (200,), 'max_iter': 50, 'alpha': 0.001}. Best is trial 0 with value: 1.0.
[I 2026-04-07 01:19:45,674] Trial 4 finished with value: 1.0 and parameters: {'hidden_layer_sizes': (100, 100), 'max_iter': 50, 'alpha': 0.0001}. Best is trial 0 with value: 1.0.
[I 2026-04-07 01:19:45,719] Trial 5 finished with value: 1.0 and parameters: {'hidden_layer_sizes': (200,), 'max_iter': 100, 'alpha': 0.0001}. Best is trial 0 with value: 1.0.
[I 2026-04-07 01:19:45,764] Trial 6 finished with value: 1.0 and parameters: {'hidden_layer_sizes': (200,), 'max_iter': 100, 'alpha': 0.001}. Best is trial 0 with value: 1.0.
[I 2026-04-07 01:19:45,830] Trial 7 finished with value: 1.0 and parameters: {'hidden_layer_sizes': (100,), 'max_iter': 100, 'alpha': 0.001}. Best is trial 0 with value: 1.0.
[I 2026-04-07 01:19:45,886] Trial 8 finished with value: 1.0 and parameters: {'hidden_layer_sizes': (100, 100), 'max_iter': 100, 'alpha': 0.0001}. Best is trial 0 with value: 1.0.
[I 2026-04-07 01:19:45,931] Trial 9 finished with value: 1.0 and parameters: {'hidden_layer_sizes': (200,), 'max_iter': 100, 'alpha': 0.0001}. Best is trial 0 with value: 1.0.
[I 2026-04-07 01:19:45,969] Trial 10 finished with value: 1.0 and parameters: {'hidden_layer_sizes': (100,), 'max_iter': 50, 'alpha': 0.0001}. Best is trial 0 with value: 1.0.
[I 2026-04-07 01:19:46,016] Trial 11 finished with value: 1.0 and parameters: {'hidden_layer_sizes': (100,), 'max_iter': 100, 'alpha': 0.001}. Best is trial 0 with value: 1.0.
[I 2026-04-07 01:19:46,075] Trial 12 finished with value: 1.0 and parameters: {'hidden_layer_sizes': (100, 100), 'max_iter': 100, 'alpha': 0.001}. Best is trial 0 with value: 1.0.
[I 2026-04-07 01:19:46,142] Trial 13 finished with value: 1.0 and parameters: {'hidden_layer_sizes': (100,), 'max_iter': 100, 'alpha': 0.001}. Best is trial 0 with value: 1.0.
[I 2026-04-07 01:19:46,189] Trial 14 finished with value: 1.0 and parameters: {'hidden_layer_sizes': (100, 100), 'max_iter': 50, 'alpha': 0.0001}. Best is trial 0 with value: 1.0.
[I 2026-04-07 01:19:46,237] Trial 15 finished with value: 1.0 and parameters: {'hidden_layer_sizes': (100,), 'max_iter': 100, 'alpha': 0.001}. Best is trial 0 with value: 1.0.
[I 2026-04-07 01:19:46,294] Trial 16 finished with value: 1.0 and parameters: {'hidden_layer_sizes': (100, 100), 'max_iter': 100, 'alpha': 0.001}. Best is trial 0 with value: 1.0.
[I 2026-04-07 01:19:46,342] Trial 17 finished with value: 1.0 and parameters: {'hidden_layer_sizes': (100, 100), 'max_iter': 100, 'alpha': 0.0001}. Best is trial 0 with value: 1.0.
[I 2026-04-07 01:19:46,380] Trial 18 finished with value: 1.0 and parameters: {'hidden_layer_sizes': (100,), 'max_iter': 50, 'alpha': 0.0001}. Best is trial 0 with value: 1.0.
[I 2026-04-07 01:19:46,439] Trial 19 finished with value: 1.0 and parameters: {'hidden_layer_sizes': (100, 100), 'max_iter': 100, 'alpha': 0.001}. Best is trial 0 with value: 1.0.
[I 2026-04-07 01:19:46,497] Trial 20 finished with value: 1.0 and parameters: {'hidden_layer_sizes': (100,), 'max_iter': 100, 'alpha': 0.0001}. Best is trial 0 with value: 1.0.
[I 2026-04-07 01:19:46,545] Trial 21 finished with value: 1.0 and parameters: {'hidden_layer_sizes': (200,), 'max_iter': 100, 'alpha': 0.0001}. Best is trial 0 with value: 1.0.
[I 2026-04-07 01:19:46,592] Trial 22 finished with value: 1.0 and parameters: {'hidden_layer_sizes': (200,), 'max_iter': 100, 'alpha': 0.0001}. Best is trial 0 with value: 1.0.
[I 2026-04-07 01:19:46,640] Trial 23 finished with value: 1.0 and parameters: {'hidden_layer_sizes': (200,), 'max_iter': 100, 'alpha': 0.0001}. Best is trial 0 with value: 1.0.
[I 2026-04-07 01:19:46,696] Trial 24 finished with value: 1.0 and parameters: {'hidden_layer_sizes': (100, 100), 'max_iter': 100, 'alpha': 0.0001}. Best is trial 0 with value: 1.0.
[I 2026-04-07 01:19:46,744] Trial 25 finished with value: 1.0 and parameters: {'hidden_layer_sizes': (100,), 'max_iter': 100, 'alpha': 0.0001}. Best is trial 0 with value: 1.0.
[I 2026-04-07 01:19:46,783] Trial 26 finished with value: 1.0 and parameters: {'hidden_layer_sizes': (200,), 'max_iter': 50, 'alpha': 0.001}. Best is trial 0 with value: 1.0.
[I 2026-04-07 01:19:46,852] Trial 27 finished with value: 1.0 and parameters: {'hidden_layer_sizes': (100, 100), 'max_iter': 100, 'alpha': 0.0001}. Best is trial 0 with value: 1.0.
[I 2026-04-07 01:19:46,900] Trial 28 finished with value: 1.0 and parameters: {'hidden_layer_sizes': (100,), 'max_iter': 100, 'alpha': 0.001}. Best is trial 0 with value: 1.0.
[I 2026-04-07 01:19:46,937] Trial 29 finished with value: 1.0 and parameters: {'hidden_layer_sizes': (200,), 'max_iter': 50, 'alpha': 0.001}. Best is trial 0 with value: 1.0.
[I 2026-04-07 01:19:48,352] A new study created in memory with name: naive_bayes
[I 2026-04-07 01:19:48,365] Trial 0 finished with value: 0.65 and parameters: {'var_smoothing': 1.4210736239935712e-10}. Best is trial 0 with value: 0.65.
[I 2026-04-07 01:19:48,378] Trial 1 finished with value: 0.65 and parameters: {'var_smoothing': 3.629422978396398e-09}. Best is trial 0 with value: 0.65.
[I 2026-04-07 01:19:48,391] Trial 2 finished with value: 0.65 and parameters: {'var_smoothing': 7.530407234027127e-10}. Best is trial 0 with value: 0.65.
[I 2026-04-07 01:19:48,405] Trial 3 finished with value: 0.65 and parameters: {'var_smoothing': 2.7985325053380072e-09}. Best is trial 0 with value: 0.65.
[I 2026-04-07 01:19:48,418] Trial 4 finished with value: 0.65 and parameters: {'var_smoothing': 9.036058293737187e-09}. Best is trial 0 with value: 0.65.
[I 2026-04-07 01:19:48,430] Trial 5 finished with value: 0.65 and parameters: {'var_smoothing': 1.1939653980558784e-09}. Best is trial 0 with value: 0.65.
[I 2026-04-07 01:19:48,443] Trial 6 finished with value: 0.65 and parameters: {'var_smoothing': 1.005173261185167e-09}. Best is trial 0 with value: 0.65.
[I 2026-04-07 01:19:48,457] Trial 7 finished with value: 0.65 and parameters: {'var_smoothing': 1.393484899105757e-10}. Best is trial 0 with value: 0.65.
[I 2026-04-07 01:19:48,470] Trial 8 finished with value: 0.65 and parameters: {'var_smoothing': 3.4425317961147986e-10}. Best is trial 0 with value: 0.65.
[I 2026-04-07 01:19:48,484] Trial 9 finished with value: 0.65 and parameters: {'var_smoothing': 9.994590426751933e-10}. Best is trial 0 with value: 0.65.
[I 2026-04-07 01:19:48,501] Trial 10 finished with value: 0.65 and parameters: {'var_smoothing': 1.9079938112167212e-10}. Best is trial 0 with value: 0.65.
[I 2026-04-07 01:19:48,519] Trial 11 finished with value: 0.65 and parameters: {'var_smoothing': 4.7456863630433305e-09}. Best is trial 0 with value: 0.65.
[I 2026-04-07 01:19:48,538] Trial 12 finished with value: 0.65 and parameters: {'var_smoothing': 2.7185365295481096e-09}. Best is trial 0 with value: 0.65.
[I 2026-04-07 01:19:48,555] Trial 13 finished with value: 0.65 and parameters: {'var_smoothing': 4.3967291332584714e-10}. Best is trial 0 with value: 0.65.
[I 2026-04-07 01:19:48,572] Trial 14 finished with value: 0.65 and parameters: {'var_smoothing': 2.6511307931162972e-09}. Best is trial 0 with value: 0.65.
[I 2026-04-07 01:19:48,591] Trial 15 finished with value: 0.65 and parameters: {'var_smoothing': 9.000422035369052e-09}. Best is trial 0 with value: 0.65.
[I 2026-04-07 01:19:48,610] Trial 16 finished with value: 0.65 and parameters: {'var_smoothing': 2.75340575769171e-10}. Best is trial 0 with value: 0.65.
[I 2026-04-07 01:19:48,626] Trial 17 finished with value: 0.65 and parameters: {'var_smoothing': 1.0118559267516465e-10}. Best is trial 0 with value: 0.65.
[I 2026-04-07 01:19:48,643] Trial 18 finished with value: 0.65 and parameters: {'var_smoothing': 5.126237368588495e-10}. Best is trial 0 with value: 0.65.
[I 2026-04-07 01:19:48,659] Trial 19 finished with value: 0.65 and parameters: {'var_smoothing': 1.7743118427439911e-09}. Best is trial 0 with value: 0.65.
[I 2026-04-07 01:19:48,679] Trial 20 finished with value: 0.65 and parameters: {'var_smoothing': 5.29215399120128e-09}. Best is trial 0 with value: 0.65.
[I 2026-04-07 01:19:48,699] Trial 21 finished with value: 0.65 and parameters: {'var_smoothing': 6.215389304971454e-10}. Best is trial 0 with value: 0.65.
