[I 2026-04-09 19:35:59,309] Trial 26 finished with value: 0.8 and parameters: {'n_estimators': 10, 'max_depth': 20, 'gamma': 0.2668496399470992, 'subsample': 0.7873170367264963, 'colsample_bytree': 0.7162290681029179}. Best is trial 1 with value: 0.9.
[I 2026-04-09 19:35:59,346] Trial 27 finished with value: 0.85 and parameters: {'n_estimators': 10, 'max_depth': 20, 'gamma': 0.642813085813598, 'subsample': 0.9268486135727017, 'colsample_bytree': 0.8992441948828467}. Best is trial 1 with value: 0.9.
[I 2026-04-09 19:35:59,385] Trial 28 finished with value: 0.9 and parameters: {'n_estimators': 40, 'max_depth': 5, 'gamma': 0.7796964169109649, 'subsample': 0.9644317499519974, 'colsample_bytree': 0.5882485782548165}. Best is trial 1 with value: 0.9.
[I 2026-04-09 19:35:59,434] Trial 29 finished with value: 0.9 and parameters: {'n_estimators': 100, 'max_depth': 30, 'gamma': 0.5650678118143855, 'subsample': 0.7198154761090511, 'colsample_bytree': 0.7001374151216279}. Best is trial 1 with value: 0.9.
[I 2026-04-09 19:36:00,402] A new study created in memory with name: rf
[I 2026-04-09 19:36:00,881] Trial 0 finished with value: 0.95 and parameters: {'n_estimators': 458, 'max_depth': 8, 'min_samples_split': 9, 'min_samples_leaf': 1}. Best is trial 0 with value: 0.95.
[I 2026-04-09 19:36:01,067] Trial 1 finished with value: 0.9 and parameters: {'n_estimators': 143, 'max_depth': 13, 'min_samples_split': 6, 'min_samples_leaf': 5}. Best is trial 0 with value: 0.95.
[I 2026-04-09 19:36:01,364] Trial 2 finished with value: 0.5 and parameters: {'n_estimators': 234, 'max_depth': 14, 'min_samples_split': 5, 'min_samples_leaf': 8}. Best is trial 0 with value: 0.95.
[I 2026-04-09 19:36:01,700] Trial 3 finished with value: 0.5 and parameters: {'n_estimators': 307, 'max_depth': 13, 'min_samples_split': 7, 'min_samples_leaf': 10}. Best is trial 0 with value: 0.95.
[I 2026-04-09 19:36:02,198] Trial 4 finished with value: 0.5 and parameters: {'n_estimators': 428, 'max_depth': 10, 'min_samples_split': 9, 'min_samples_leaf': 9}. Best is trial 0 with value: 0.95.
[I 2026-04-09 19:36:02,353] Trial 5 finished with value: 0.5 and parameters: {'n_estimators': 121, 'max_depth': 15, 'min_samples_split': 9, 'min_samples_leaf': 8}. Best is trial 0 with value: 0.95.
[I 2026-04-09 19:36:02,767] Trial 6 finished with value: 0.5 and parameters: {'n_estimators': 384, 'max_depth': 12, 'min_samples_split': 3, 'min_samples_leaf': 10}. Best is trial 0 with value: 0.95.
[I 2026-04-09 19:36:03,090] Trial 7 finished with value: 0.5 and parameters: {'n_estimators': 261, 'max_depth': 6, 'min_samples_split': 8, 'min_samples_leaf': 10}. Best is trial 0 with value: 0.95.
[I 2026-04-09 19:36:03,361] Trial 8 finished with value: 0.5 and parameters: {'n_estimators': 202, 'max_depth': 15, 'min_samples_split': 7, 'min_samples_leaf': 8}. Best is trial 0 with value: 0.95.
[I 2026-04-09 19:36:03,889] Trial 9 finished with value: 0.85 and parameters: {'n_estimators': 475, 'max_depth': 9, 'min_samples_split': 4, 'min_samples_leaf': 5}. Best is trial 0 with value: 0.95.
[I 2026-04-09 19:36:04,337] Trial 10 finished with value: 0.95 and parameters: {'n_estimators': 352, 'max_depth': 20, 'min_samples_split': 10, 'min_samples_leaf': 1}. Best is trial 0 with value: 0.95.
[I 2026-04-09 19:36:04,784] Trial 11 finished with value: 0.95 and parameters: {'n_estimators': 363, 'max_depth': 20, 'min_samples_split': 10, 'min_samples_leaf': 1}. Best is trial 0 with value: 0.95.
[I 2026-04-09 19:36:05,316] Trial 12 finished with value: 0.95 and parameters: {'n_estimators': 489, 'max_depth': 4, 'min_samples_split': 10, 'min_samples_leaf': 1}. Best is trial 0 with value: 0.95.
[I 2026-04-09 19:36:05,733] Trial 13 finished with value: 0.95 and parameters: {'n_estimators': 351, 'max_depth': 20, 'min_samples_split': 10, 'min_samples_leaf': 3}. Best is trial 0 with value: 0.95.
[I 2026-04-09 19:36:06,189] Trial 14 finished with value: 0.95 and parameters: {'n_estimators': 426, 'max_depth': 7, 'min_samples_split': 8, 'min_samples_leaf': 3}. Best is trial 0 with value: 0.95.
[I 2026-04-09 19:36:06,566] Trial 15 finished with value: 0.95 and parameters: {'n_estimators': 314, 'max_depth': 17, 'min_samples_split': 8, 'min_samples_leaf': 3}. Best is trial 0 with value: 0.95.
[I 2026-04-09 19:36:07,050] Trial 16 finished with value: 0.95 and parameters: {'n_estimators': 421, 'max_depth': 9, 'min_samples_split': 9, 'min_samples_leaf': 2}. Best is trial 0 with value: 0.95.
[I 2026-04-09 19:36:07,571] Trial 17 finished with value: 0.85 and parameters: {'n_estimators': 468, 'max_depth': 3, 'min_samples_split': 2, 'min_samples_leaf': 6}. Best is trial 0 with value: 0.95.
[I 2026-04-09 19:36:07,994] Trial 18 finished with value: 0.95 and parameters: {'n_estimators': 379, 'max_depth': 17, 'min_samples_split': 7, 'min_samples_leaf': 2}. Best is trial 0 with value: 0.95.
[I 2026-04-09 19:36:08,336] Trial 19 finished with value: 0.8 and parameters: {'n_estimators': 279, 'max_depth': 6, 'min_samples_split': 6, 'min_samples_leaf': 6}. Best is trial 0 with value: 0.95.
[I 2026-04-09 19:36:08,743] Trial 20 finished with value: 0.95 and parameters: {'n_estimators': 343, 'max_depth': 11, 'min_samples_split': 9, 'min_samples_leaf': 4}. Best is trial 0 with value: 0.95.
[I 2026-04-09 19:36:09,208] Trial 21 finished with value: 0.95 and parameters: {'n_estimators': 387, 'max_depth': 20, 'min_samples_split': 10, 'min_samples_leaf': 1}. Best is trial 0 with value: 0.95.
[I 2026-04-09 19:36:09,629] Trial 22 finished with value: 0.95 and parameters: {'n_estimators': 350, 'max_depth': 18, 'min_samples_split': 10, 'min_samples_leaf': 1}. Best is trial 0 with value: 0.95.
[I 2026-04-09 19:36:10,174] Trial 23 finished with value: 0.95 and parameters: {'n_estimators': 438, 'max_depth': 19, 'min_samples_split': 10, 'min_samples_leaf': 2}. Best is trial 0 with value: 0.95.
[I 2026-04-09 19:36:10,646] Trial 24 finished with value: 0.95 and parameters: {'n_estimators': 396, 'max_depth': 17, 'min_samples_split': 9, 'min_samples_leaf': 1}. Best is trial 0 with value: 0.95.
[I 2026-04-09 19:36:11,059] Trial 25 finished with value: 0.95 and parameters: {'n_estimators': 326, 'max_depth': 19, 'min_samples_split': 8, 'min_samples_leaf': 2}. Best is trial 0 with value: 0.95.
[I 2026-04-09 19:36:11,553] Trial 26 finished with value: 0.95 and parameters: {'n_estimators': 455, 'max_depth': 8, 'min_samples_split': 10, 'min_samples_leaf': 4}. Best is trial 0 with value: 0.95.
[I 2026-04-09 19:36:11,852] Trial 27 finished with value: 0.95 and parameters: {'n_estimators': 274, 'max_depth': 15, 'min_samples_split': 9, 'min_samples_leaf': 1}. Best is trial 0 with value: 0.95.
[I 2026-04-09 19:36:12,146] Trial 28 finished with value: 0.95 and parameters: {'n_estimators': 231, 'max_depth': 5, 'min_samples_split': 5, 'min_samples_leaf': 4}. Best is trial 0 with value: 0.95.
[I 2026-04-09 19:36:12,770] Trial 29 finished with value: 0.95 and parameters: {'n_estimators': 500, 'max_depth': 18, 'min_samples_split': 8, 'min_samples_leaf': 3}. Best is trial 0 with value: 0.95.
[I 2026-04-09 19:36:16,876] A new study created in memory with name: mlp
[I 2026-04-09 19:36:16,918] Trial 0 finished with value: 0.6 and parameters: {'hidden_layer_sizes': (100,), 'max_iter': 100, 'alpha': 0.0001}. Best is trial 0 with value: 0.6.
[I 2026-04-09 19:36:16,992] Trial 1 finished with value: 0.5 and parameters: {'hidden_layer_sizes': (100, 100), 'max_iter': 100, 'alpha': 0.001}. Best is trial 0 with value: 0.6.
[I 2026-04-09 19:36:17,051] Trial 2 finished with value: 0.6 and parameters: {'hidden_layer_sizes': (200,), 'max_iter': 100, 'alpha': 0.0001}. Best is trial 0 with value: 0.6.
[I 2026-04-09 19:36:17,087] Trial 3 finished with value: 0.7 and parameters: {'hidden_layer_sizes': (200,), 'max_iter': 50, 'alpha': 0.001}. Best is trial 3 with value: 0.7.
[I 2026-04-09 19:36:17,133] Trial 4 finished with value: 0.55 and parameters: {'hidden_layer_sizes': (100, 100), 'max_iter': 50, 'alpha': 0.0001}. Best is trial 3 with value: 0.7.
[I 2026-04-09 19:36:17,196] Trial 5 finished with value: 0.55 and parameters: {'hidden_layer_sizes': (200,), 'max_iter': 100, 'alpha': 0.0001}. Best is trial 3 with value: 0.7.
[I 2026-04-09 19:36:17,262] Trial 6 finished with value: 0.6 and parameters: {'hidden_layer_sizes': (200,), 'max_iter': 100, 'alpha': 0.001}. Best is trial 3 with value: 0.7.
[I 2026-04-09 19:36:17,308] Trial 7 finished with value: 0.65 and parameters: {'hidden_layer_sizes': (100,), 'max_iter': 100, 'alpha': 0.001}. Best is trial 3 with value: 0.7.
[I 2026-04-09 19:36:17,375] Trial 8 finished with value: 0.55 and parameters: {'hidden_layer_sizes': (100, 100), 'max_iter': 100, 'alpha': 0.0001}. Best is trial 3 with value: 0.7.
[I 2026-04-09 19:36:17,426] Trial 9 finished with value: 0.6 and parameters: {'hidden_layer_sizes': (200,), 'max_iter': 100, 'alpha': 0.0001}. Best is trial 3 with value: 0.7.
[I 2026-04-09 19:36:17,473] Trial 10 finished with value: 0.7 and parameters: {'hidden_layer_sizes': (200,), 'max_iter': 50, 'alpha': 0.001}. Best is trial 3 with value: 0.7.
[I 2026-04-09 19:36:17,512] Trial 11 finished with value: 0.7 and parameters: {'hidden_layer_sizes': (200,), 'max_iter': 50, 'alpha': 0.001}. Best is trial 3 with value: 0.7.
[I 2026-04-09 19:36:17,547] Trial 12 finished with value: 0.65 and parameters: {'hidden_layer_sizes': (200,), 'max_iter': 50, 'alpha': 0.001}. Best is trial 3 with value: 0.7.
[I 2026-04-09 19:36:17,581] Trial 13 finished with value: 0.6 and parameters: {'hidden_layer_sizes': (200,), 'max_iter': 50, 'alpha': 0.001}. Best is trial 3 with value: 0.7.
[I 2026-04-09 19:36:17,643] Trial 14 finished with value: 0.75 and parameters: {'hidden_layer_sizes': (200,), 'max_iter': 50, 'alpha': 0.001}. Best is trial 14 with value: 0.75.
[I 2026-04-09 19:36:17,681] Trial 15 finished with value: 0.7 and parameters: {'hidden_layer_sizes': (100,), 'max_iter': 50, 'alpha': 0.001}. Best is trial 14 with value: 0.75.
[I 2026-04-09 19:36:17,718] Trial 16 finished with value: 0.65 and parameters: {'hidden_layer_sizes': (200,), 'max_iter': 50, 'alpha': 0.001}. Best is trial 14 with value: 0.75.
[I 2026-04-09 19:36:17,759] Trial 17 finished with value: 0.7 and parameters: {'hidden_layer_sizes': (200,), 'max_iter': 50, 'alpha': 0.001}. Best is trial 14 with value: 0.75.
[I 2026-04-09 19:36:17,796] Trial 18 finished with value: 0.55 and parameters: {'hidden_layer_sizes': (100,), 'max_iter': 50, 'alpha': 0.001}. Best is trial 14 with value: 0.75.
[I 2026-04-09 19:36:17,833] Trial 19 finished with value: 0.55 and parameters: {'hidden_layer_sizes': (100, 100), 'max_iter': 50, 'alpha': 0.001}. Best is trial 14 with value: 0.75.
[I 2026-04-09 19:36:17,867] Trial 20 finished with value: 0.65 and parameters: {'hidden_layer_sizes': (200,), 'max_iter': 50, 'alpha': 0.001}. Best is trial 14 with value: 0.75.
[I 2026-04-09 19:36:17,902] Trial 21 finished with value: 0.6 and parameters: {'hidden_layer_sizes': (200,), 'max_iter': 50, 'alpha': 0.001}. Best is trial 14 with value: 0.75.
[I 2026-04-09 19:36:17,936] Trial 22 finished with value: 0.75 and parameters: {'hidden_layer_sizes': (200,), 'max_iter': 50, 'alpha': 0.001}. Best is trial 14 with value: 0.75.
[I 2026-04-09 19:36:18,008] Trial 23 finished with value: 0.65 and parameters: {'hidden_layer_sizes': (200,), 'max_iter': 50, 'alpha': 0.001}. Best is trial 14 with value: 0.75.
[I 2026-04-09 19:36:18,045] Trial 24 finished with value: 0.7 and parameters: {'hidden_layer_sizes': (200,), 'max_iter': 50, 'alpha': 0.001}. Best is trial 14 with value: 0.75.
[I 2026-04-09 19:36:18,101] Trial 25 finished with value: 0.65 and parameters: {'hidden_layer_sizes': (200,), 'max_iter': 50, 'alpha': 0.001}. Best is trial 14 with value: 0.75.
[I 2026-04-09 19:36:18,136] Trial 26 finished with value: 0.6 and parameters: {'hidden_layer_sizes': (200,), 'max_iter': 50, 'alpha': 0.001}. Best is trial 14 with value: 0.75.
[I 2026-04-09 19:36:18,171] Trial 27 finished with value: 0.65 and parameters: {'hidden_layer_sizes': (200,), 'max_iter': 50, 'alpha': 0.001}. Best is trial 14 with value: 0.75.
[I 2026-04-09 19:36:18,219] Trial 28 finished with value: 0.55 and parameters: {'hidden_layer_sizes': (100, 100), 'max_iter': 50, 'alpha': 0.001}. Best is trial 14 with value: 0.75.
[I 2026-04-09 19:36:18,269] Trial 29 finished with value: 0.6 and parameters: {'hidden_layer_sizes': (100,), 'max_iter': 50, 'alpha': 0.0001}. Best is trial 14 with value: 0.75.
[I 2026-04-09 19:51:27,314] A new study created in memory with name: naive_bayes
Parámetros guardados en checkpoint_paysim_Doriginal_I/ag/IPC_10/best_models_ag_seed_5_space_original/naive_bayes_best_params.json


>>> Optuna tuning logreg metodo ag IPC 10 seed 5


Parámetros guardados en checkpoint_paysim_Doriginal_I/ag/IPC_10/best_models_ag_seed_5_space_original/logreg_best_params.json


>>> Optuna tuning knn metodo ag IPC 10 seed 5


Parámetros guardados en checkpoint_paysim_Doriginal_I/ag/IPC_10/best_models_ag_seed_5_space_original/knn_best_params.json


>>> Optuna tuning xgb metodo ag IPC 10 seed 5


Parámetros guardados en checkpoint_paysim_Doriginal_I/ag/IPC_10/best_models_ag_seed_5_space_original/xgb_best_params.json


>>> Optuna tuning rf metodo ag IPC 10 seed 5


Parámetros guardados en checkpoint_paysim_Doriginal_I/ag/IPC_10/best_models_ag_seed_5_space_original/rf_best_params.json


>>> Optuna tuning mlp metodo ag IPC 10 seed 5


Parámetros guardados en checkpoint_paysim_Doriginal_I/ag/IPC_10/best_models_ag_seed_5_space_original/mlp_best_params.json


>>> Optuna tuning naive_bayes metodo k_center IPC 10 seed 5


Parámetros guardados en checkpoint_paysim_Doriginal_I/k_center/IPC_10/best_models_k_center_seed_5_space_original/naive_bayes_best_params.json


>>> Optuna tuning logreg metodo k_center IPC 10 seed 5


Parámetros guardados en checkpoint_paysim_Doriginal_I/k_center/IPC_10/best_models_k_center_seed_5_space_original/logreg_best_params.json


>>> Optuna tuning knn metodo k_center IPC 10 seed 5


Parámetros guardados en checkpoint_paysim_Doriginal_I/k_center/IPC_10/best_models_k_center_seed_5_space_original/knn_best_params.json


>>> Optuna tuning xgb metodo k_center IPC 10 seed 5


Parámetros guardados en checkpoint_paysim_Doriginal_I/k_center/IPC_10/best_models_k_center_seed_5_space_original/xgb_best_params.json


>>> Optuna tuning rf metodo k_center IPC 10 seed 5


Parámetros guardados en checkpoint_paysim_Doriginal_I/k_center/IPC_10/best_models_k_center_seed_5_space_original/rf_best_params.json


>>> Optuna tuning mlp metodo k_center IPC 10 seed 5


Parámetros guardados en checkpoint_paysim_Doriginal_I/k_center/IPC_10/best_models_k_center_seed_5_space_original/mlp_best_params.json


>>> Optuna tuning naive_bayes metodo lc IPC 10 seed 5


Parámetros guardados en checkpoint_paysim_Doriginal_I/lc/IPC_10/best_models_lc_seed_5_space_original/naive_bayes_best_params.json


>>> Optuna tuning logreg metodo lc IPC 10 seed 5


Parámetros guardados en checkpoint_paysim_Doriginal_I/lc/IPC_10/best_models_lc_seed_5_space_original/logreg_best_params.json


>>> Optuna tuning knn metodo lc IPC 10 seed 5


Parámetros guardados en checkpoint_paysim_Doriginal_I/lc/IPC_10/best_models_lc_seed_5_space_original/knn_best_params.json


>>> Optuna tuning xgb metodo lc IPC 10 seed 5


Parámetros guardados en checkpoint_paysim_Doriginal_I/lc/IPC_10/best_models_lc_seed_5_space_original/xgb_best_params.json


>>> Optuna tuning rf metodo lc IPC 10 seed 5


Parámetros guardados en checkpoint_paysim_Doriginal_I/lc/IPC_10/best_models_lc_seed_5_space_original/rf_best_params.json


>>> Optuna tuning mlp metodo lc IPC 10 seed 5


Parámetros guardados en checkpoint_paysim_Doriginal_I/lc/IPC_10/best_models_lc_seed_5_space_original/mlp_best_params.json


>>> Optuna tuning naive_bayes metodo random IPC 10 seed 6


Parámetros guardados en checkpoint_paysim_Doriginal_I/random/IPC_10/best_models_random_seed_6_space_original/naive_bayes_best_params.json


>>> Optuna tuning logreg metodo random IPC 10 seed 6


Parámetros guardados en checkpoint_paysim_Doriginal_I/random/IPC_10/best_models_random_seed_6_space_original/logreg_best_params.json


>>> Optuna tuning knn metodo random IPC 10 seed 6


Parámetros guardados en checkpoint_paysim_Doriginal_I/random/IPC_10/best_models_random_seed_6_space_original/knn_best_params.json


>>> Optuna tuning xgb metodo random IPC 10 seed 6


Parámetros guardados en checkpoint_paysim_Doriginal_I/random/IPC_10/best_models_random_seed_6_space_original/xgb_best_params.json


>>> Optuna tuning rf metodo random IPC 10 seed 6


Parámetros guardados en checkpoint_paysim_Doriginal_I/random/IPC_10/best_models_random_seed_6_space_original/rf_best_params.json


>>> Optuna tuning mlp metodo random IPC 10 seed 6


Parámetros guardados en checkpoint_paysim_Doriginal_I/random/IPC_10/best_models_random_seed_6_space_original/mlp_best_params.json


>>> Optuna tuning naive_bayes metodo k-means IPC 10 seed 6


Parámetros guardados en checkpoint_paysim_Doriginal_I/k-means/IPC_10/best_models_k-means_seed_6_space_original/naive_bayes_best_params.json


>>> Optuna tuning logreg metodo k-means IPC 10 seed 6


Parámetros guardados en checkpoint_paysim_Doriginal_I/k-means/IPC_10/best_models_k-means_seed_6_space_original/logreg_best_params.json


>>> Optuna tuning knn metodo k-means IPC 10 seed 6


Parámetros guardados en checkpoint_paysim_Doriginal_I/k-means/IPC_10/best_models_k-means_seed_6_space_original/knn_best_params.json


>>> Optuna tuning xgb metodo k-means IPC 10 seed 6


Parámetros guardados en checkpoint_paysim_Doriginal_I/k-means/IPC_10/best_models_k-means_seed_6_space_original/xgb_best_params.json


>>> Optuna tuning rf metodo k-means IPC 10 seed 6


Parámetros guardados en checkpoint_paysim_Doriginal_I/k-means/IPC_10/best_models_k-means_seed_6_space_original/rf_best_params.json


>>> Optuna tuning mlp metodo k-means IPC 10 seed 6


Parámetros guardados en checkpoint_paysim_Doriginal_I/k-means/IPC_10/best_models_k-means_seed_6_space_original/mlp_best_params.json


>>> Optuna tuning naive_bayes metodo ag IPC 10 seed 6


[I 2026-04-09 19:51:30,227] Trial 0 finished with value: 0.85 and parameters: {'var_smoothing': 6.10548688762798e-09}. Best is trial 0 with value: 0.85.
[I 2026-04-09 19:51:32,829] Trial 1 finished with value: 0.85 and parameters: {'var_smoothing': 4.6127467400935034e-10}. Best is trial 0 with value: 0.85.
[I 2026-04-09 19:51:35,462] Trial 2 finished with value: 0.85 and parameters: {'var_smoothing': 4.389936579400967e-09}. Best is trial 0 with value: 0.85.
[I 2026-04-09 19:51:37,990] Trial 3 finished with value: 0.85 and parameters: {'var_smoothing': 1.2116948204672054e-10}. Best is trial 0 with value: 0.85.
[I 2026-04-09 19:51:40,559] Trial 4 finished with value: 0.85 and parameters: {'var_smoothing': 1.6417739478477417e-10}. Best is trial 0 with value: 0.85.
[I 2026-04-09 19:51:43,078] Trial 5 finished with value: 0.85 and parameters: {'var_smoothing': 1.5491880147236797e-09}. Best is trial 0 with value: 0.85.
[I 2026-04-09 19:51:45,492] Trial 6 finished with value: 0.85 and parameters: {'var_smoothing': 1.1471883405287265e-09}. Best is trial 0 with value: 0.85.
[I 2026-04-09 19:51:48,015] Trial 7 finished with value: 0.85 and parameters: {'var_smoothing': 6.88041853492358e-10}. Best is trial 0 with value: 0.85.
[I 2026-04-09 19:51:50,794] Trial 8 finished with value: 0.85 and parameters: {'var_smoothing': 4.686144741221158e-10}. Best is trial 0 with value: 0.85.
[I 2026-04-09 19:51:53,268] Trial 9 finished with value: 0.85 and parameters: {'var_smoothing': 1.7580809350683337e-09}. Best is trial 0 with value: 0.85.
[I 2026-04-09 19:51:55,746] Trial 10 finished with value: 0.85 and parameters: {'var_smoothing': 9.83902635509218e-09}. Best is trial 0 with value: 0.85.
[I 2026-04-09 19:51:58,285] Trial 11 finished with value: 0.85 and parameters: {'var_smoothing': 2.660399871603373e-10}. Best is trial 0 with value: 0.85.
[I 2026-04-09 19:52:00,782] Trial 12 finished with value: 0.85 and parameters: {'var_smoothing': 9.276268851540963e-09}. Best is trial 0 with value: 0.85.
[I 2026-04-09 19:52:00,798] Trial 13 finished with value: 0.85 and parameters: {'var_smoothing': 2.9844010685221692e-09}. Best is trial 0 with value: 0.85.
[I 2026-04-09 19:52:00,813] Trial 14 finished with value: 0.85 and parameters: {'var_smoothing': 3.8923309717334116e-10}. Best is trial 0 with value: 0.85.
[I 2026-04-09 19:52:00,838] Trial 15 finished with value: 0.85 and parameters: {'var_smoothing': 3.85461066627204e-09}. Best is trial 0 with value: 0.85.
[I 2026-04-09 19:52:00,857] Trial 16 finished with value: 0.85 and parameters: {'var_smoothing': 7.120907275009211e-10}. Best is trial 0 with value: 0.85.
[I 2026-04-09 19:52:00,876] Trial 17 finished with value: 0.85 and parameters: {'var_smoothing': 2.412486610614855e-10}. Best is trial 0 with value: 0.85.
[I 2026-04-09 19:52:00,907] Trial 18 finished with value: 0.85 and parameters: {'var_smoothing': 2.3580860166954074e-09}. Best is trial 0 with value: 0.85.
[I 2026-04-09 19:52:00,936] Trial 19 finished with value: 0.85 and parameters: {'var_smoothing': 5.846846875339535e-09}. Best is trial 0 with value: 0.85.
[I 2026-04-09 19:52:00,952] Trial 20 finished with value: 0.85 and parameters: {'var_smoothing': 1.0486521320383776e-09}. Best is trial 0 with value: 0.85.
[I 2026-04-09 19:52:00,967] Trial 21 finished with value: 0.85 and parameters: {'var_smoothing': 4.9491450263339475e-09}. Best is trial 0 with value: 0.85.
[I 2026-04-09 19:52:00,995] Trial 22 finished with value: 0.85 and parameters: {'var_smoothing': 6.667992141406306e-09}. Best is trial 0 with value: 0.85.
[I 2026-04-09 19:52:01,016] Trial 23 finished with value: 0.85 and parameters: {'var_smoothing': 3.2795712712135213e-09}. Best is trial 0 with value: 0.85.
[I 2026-04-09 19:52:01,046] Trial 24 finished with value: 0.85 and parameters: {'var_smoothing': 6.403538416287158e-10}. Best is trial 0 with value: 0.85.
