[I 2026-04-07 02:59:04,800] Trial 20 finished with value: 0.725 and parameters: {'n_neighbors': 4, 'leaf_size': 33, 'p': 1}. Best is trial 4 with value: 0.775.
[I 2026-04-07 02:59:04,825] Trial 21 finished with value: 0.775 and parameters: {'n_neighbors': 5, 'leaf_size': 28, 'p': 1}. Best is trial 4 with value: 0.775.
[I 2026-04-07 02:59:04,859] Trial 22 finished with value: 0.775 and parameters: {'n_neighbors': 5, 'leaf_size': 26, 'p': 1}. Best is trial 4 with value: 0.775.
[I 2026-04-07 02:59:04,883] Trial 23 finished with value: 0.725 and parameters: {'n_neighbors': 6, 'leaf_size': 27, 'p': 1}. Best is trial 4 with value: 0.775.
[I 2026-04-07 02:59:04,906] Trial 24 finished with value: 0.725 and parameters: {'n_neighbors': 7, 'leaf_size': 30, 'p': 1}. Best is trial 4 with value: 0.775.
[I 2026-04-07 02:59:04,931] Trial 25 finished with value: 0.7 and parameters: {'n_neighbors': 10, 'leaf_size': 23, 'p': 1}. Best is trial 4 with value: 0.775.
[I 2026-04-07 02:59:04,965] Trial 26 finished with value: 0.625 and parameters: {'n_neighbors': 3, 'leaf_size': 38, 'p': 2}. Best is trial 4 with value: 0.775.
[I 2026-04-07 02:59:05,000] Trial 27 finished with value: 0.725 and parameters: {'n_neighbors': 4, 'leaf_size': 30, 'p': 1}. Best is trial 4 with value: 0.775.
[I 2026-04-07 02:59:05,038] Trial 28 finished with value: 0.775 and parameters: {'n_neighbors': 5, 'leaf_size': 26, 'p': 1}. Best is trial 4 with value: 0.775.
[I 2026-04-07 02:59:05,075] Trial 29 finished with value: 0.725 and parameters: {'n_neighbors': 6, 'leaf_size': 29, 'p': 1}. Best is trial 4 with value: 0.775.
[I 2026-04-07 02:59:06,002] A new study created in memory with name: xgb
[I 2026-04-07 02:59:06,028] Trial 0 finished with value: 0.925 and parameters: {'n_estimators': 40, 'max_depth': 5, 'gamma': 0.4874219364632415, 'subsample': 0.7011756800186824, 'colsample_bytree': 0.7613373356762848}. Best is trial 0 with value: 0.925.
[I 2026-04-07 02:59:06,054] Trial 1 finished with value: 0.925 and parameters: {'n_estimators': 40, 'max_depth': 5, 'gamma': 0.483482593428573, 'subsample': 0.6445375140090439, 'colsample_bytree': 0.9869276206002231}. Best is trial 0 with value: 0.925.
[I 2026-04-07 02:59:06,081] Trial 2 finished with value: 0.875 and parameters: {'n_estimators': 10, 'max_depth': 5, 'gamma': 0.16384856027517886, 'subsample': 0.6123849694840227, 'colsample_bytree': 0.6968174574718025}. Best is trial 0 with value: 0.925.
[I 2026-04-07 02:59:06,108] Trial 3 finished with value: 0.9 and parameters: {'n_estimators': 100, 'max_depth': 30, 'gamma': 0.7877441182293641, 'subsample': 0.9694019566553859, 'colsample_bytree': 0.6598448982335139}. Best is trial 0 with value: 0.925.
[I 2026-04-07 02:59:06,146] Trial 4 finished with value: 0.925 and parameters: {'n_estimators': 100, 'max_depth': 5, 'gamma': 0.816017102586079, 'subsample': 0.5160040782128984, 'colsample_bytree': 0.7277239110529665}. Best is trial 0 with value: 0.925.
[I 2026-04-07 02:59:06,175] Trial 5 finished with value: 0.925 and parameters: {'n_estimators': 40, 'max_depth': 20, 'gamma': 0.6643500821697236, 'subsample': 0.6076588997363731, 'colsample_bytree': 0.5754850538287481}. Best is trial 0 with value: 0.925.
[I 2026-04-07 02:59:06,203] Trial 6 finished with value: 0.925 and parameters: {'n_estimators': 100, 'max_depth': 20, 'gamma': 0.6361752212866232, 'subsample': 0.8309913561372338, 'colsample_bytree': 0.7552902276266351}. Best is trial 0 with value: 0.925.
[I 2026-04-07 02:59:06,231] Trial 7 finished with value: 0.875 and parameters: {'n_estimators': 10, 'max_depth': 5, 'gamma': 0.5767347850317142, 'subsample': 0.7995431264700696, 'colsample_bytree': 0.8604622333437917}. Best is trial 0 with value: 0.925.
[I 2026-04-07 02:59:06,258] Trial 8 finished with value: 0.9 and parameters: {'n_estimators': 100, 'max_depth': 20, 'gamma': 0.8470554948938058, 'subsample': 0.860339005739911, 'colsample_bytree': 0.9331308414408237}. Best is trial 0 with value: 0.925.
[I 2026-04-07 02:59:06,296] Trial 9 finished with value: 0.95 and parameters: {'n_estimators': 100, 'max_depth': 30, 'gamma': 0.574951454577921, 'subsample': 0.9696020680119358, 'colsample_bytree': 0.8616917074936369}. Best is trial 9 with value: 0.95.
[I 2026-04-07 02:59:06,345] Trial 10 finished with value: 0.95 and parameters: {'n_estimators': 100, 'max_depth': 30, 'gamma': 0.3031965108359528, 'subsample': 0.9867662938167729, 'colsample_bytree': 0.8705730853367221}. Best is trial 9 with value: 0.95.
[I 2026-04-07 02:59:06,393] Trial 11 finished with value: 0.95 and parameters: {'n_estimators': 100, 'max_depth': 30, 'gamma': 0.27102116632122686, 'subsample': 0.9970430299951059, 'colsample_bytree': 0.8729415274174688}. Best is trial 9 with value: 0.95.
[I 2026-04-07 02:59:06,443] Trial 12 finished with value: 0.925 and parameters: {'n_estimators': 100, 'max_depth': 30, 'gamma': 0.3724367138266351, 'subsample': 0.9127309980958199, 'colsample_bytree': 0.8393900392125123}. Best is trial 9 with value: 0.95.
[I 2026-04-07 02:59:06,492] Trial 13 finished with value: 0.9 and parameters: {'n_estimators': 100, 'max_depth': 30, 'gamma': 0.9818533464865756, 'subsample': 0.9152474308751175, 'colsample_bytree': 0.8081984527629102}. Best is trial 9 with value: 0.95.
[I 2026-04-07 02:59:06,540] Trial 14 finished with value: 0.925 and parameters: {'n_estimators': 100, 'max_depth': 30, 'gamma': 0.355001213837357, 'subsample': 0.921689714688123, 'colsample_bytree': 0.926326131476787}. Best is trial 9 with value: 0.95.
[I 2026-04-07 02:59:06,578] Trial 15 finished with value: 0.975 and parameters: {'n_estimators': 10, 'max_depth': 30, 'gamma': 0.1432454541128089, 'subsample': 0.9992255075221156, 'colsample_bytree': 0.9284442236433965}. Best is trial 15 with value: 0.975.
[I 2026-04-07 02:59:06,615] Trial 16 finished with value: 0.8 and parameters: {'n_estimators': 10, 'max_depth': 30, 'gamma': 0.1579128379827675, 'subsample': 0.7602255216256825, 'colsample_bytree': 0.9995561000374329}. Best is trial 15 with value: 0.975.
[I 2026-04-07 02:59:06,654] Trial 17 finished with value: 0.9 and parameters: {'n_estimators': 10, 'max_depth': 30, 'gamma': 0.4815377659923027, 'subsample': 0.8701592322488441, 'colsample_bytree': 0.9190190643041887}. Best is trial 15 with value: 0.975.
[I 2026-04-07 02:59:06,694] Trial 18 finished with value: 0.975 and parameters: {'n_estimators': 10, 'max_depth': 30, 'gamma': 0.11272490939922243, 'subsample': 0.9538507305516595, 'colsample_bytree': 0.7997877489315555}. Best is trial 15 with value: 0.975.
[I 2026-04-07 02:59:06,733] Trial 19 finished with value: 0.925 and parameters: {'n_estimators': 10, 'max_depth': 30, 'gamma': 0.10781935933702626, 'subsample': 0.7745526913536138, 'colsample_bytree': 0.6319725061725031}. Best is trial 15 with value: 0.975.
[I 2026-04-07 02:59:06,772] Trial 20 finished with value: 0.825 and parameters: {'n_estimators': 10, 'max_depth': 20, 'gamma': 0.2236823175965051, 'subsample': 0.9227344605666863, 'colsample_bytree': 0.5127669996644397}. Best is trial 15 with value: 0.975.
[I 2026-04-07 02:59:06,813] Trial 21 finished with value: 0.975 and parameters: {'n_estimators': 10, 'max_depth': 30, 'gamma': 0.4176626332818417, 'subsample': 0.9535165410645332, 'colsample_bytree': 0.7992822297744102}. Best is trial 15 with value: 0.975.
[I 2026-04-07 02:59:06,851] Trial 22 finished with value: 0.95 and parameters: {'n_estimators': 10, 'max_depth': 30, 'gamma': 0.10599684764766712, 'subsample': 0.8801008270703261, 'colsample_bytree': 0.8004362160458138}. Best is trial 15 with value: 0.975.
[I 2026-04-07 02:59:06,889] Trial 23 finished with value: 0.975 and parameters: {'n_estimators': 10, 'max_depth': 30, 'gamma': 0.22484706403722549, 'subsample': 0.9473085397228849, 'colsample_bytree': 0.802021951011521}. Best is trial 15 with value: 0.975.
[I 2026-04-07 02:59:06,928] Trial 24 finished with value: 0.875 and parameters: {'n_estimators': 10, 'max_depth': 30, 'gamma': 0.37317858426416317, 'subsample': 0.9964837447201369, 'colsample_bytree': 0.7205452702112339}. Best is trial 15 with value: 0.975.
[I 2026-04-07 02:59:06,967] Trial 25 finished with value: 0.9 and parameters: {'n_estimators': 10, 'max_depth': 30, 'gamma': 0.19766394175091473, 'subsample': 0.8106575008914884, 'colsample_bytree': 0.9536962534032176}. Best is trial 15 with value: 0.975.
[I 2026-04-07 02:59:07,009] Trial 26 finished with value: 0.875 and parameters: {'n_estimators': 10, 'max_depth': 30, 'gamma': 0.3129604639547341, 'subsample': 0.7005385285891614, 'colsample_bytree': 0.8968420681286635}. Best is trial 15 with value: 0.975.
[I 2026-04-07 02:59:07,049] Trial 27 finished with value: 0.975 and parameters: {'n_estimators': 10, 'max_depth': 30, 'gamma': 0.4291946713432062, 'subsample': 0.9390108694352729, 'colsample_bytree': 0.8173097199036187}. Best is trial 15 with value: 0.975.
[I 2026-04-07 02:59:07,089] Trial 28 finished with value: 0.825 and parameters: {'n_estimators': 10, 'max_depth': 20, 'gamma': 0.24683456239530227, 'subsample': 0.886301265513961, 'colsample_bytree': 0.6653459121905486}. Best is trial 15 with value: 0.975.
[I 2026-04-07 02:59:07,128] Trial 29 finished with value: 0.975 and parameters: {'n_estimators': 40, 'max_depth': 30, 'gamma': 0.43268644920528376, 'subsample': 0.7277191905103468, 'colsample_bytree': 0.7771672252830444}. Best is trial 15 with value: 0.975.
[I 2026-04-07 02:59:07,459] A new study created in memory with name: rf
[I 2026-04-07 02:59:07,927] Trial 0 finished with value: 0.875 and parameters: {'n_estimators': 450, 'max_depth': 20, 'min_samples_split': 9, 'min_samples_leaf': 6}. Best is trial 0 with value: 0.875.
[I 2026-04-07 02:59:08,133] Trial 1 finished with value: 0.9 and parameters: {'n_estimators': 193, 'max_depth': 3, 'min_samples_split': 5, 'min_samples_leaf': 5}. Best is trial 1 with value: 0.9.
[I 2026-04-07 02:59:08,451] Trial 2 finished with value: 0.875 and parameters: {'n_estimators': 309, 'max_depth': 11, 'min_samples_split': 6, 'min_samples_leaf': 6}. Best is trial 1 with value: 0.9.
[I 2026-04-07 02:59:08,900] Trial 3 finished with value: 0.875 and parameters: {'n_estimators': 405, 'max_depth': 15, 'min_samples_split': 7, 'min_samples_leaf': 5}. Best is trial 1 with value: 0.9.
[I 2026-04-07 02:59:09,169] Trial 4 finished with value: 0.925 and parameters: {'n_estimators': 215, 'max_depth': 20, 'min_samples_split': 5, 'min_samples_leaf': 3}. Best is trial 4 with value: 0.925.
[I 2026-04-07 02:59:09,348] Trial 5 finished with value: 0.925 and parameters: {'n_estimators': 126, 'max_depth': 20, 'min_samples_split': 3, 'min_samples_leaf': 4}. Best is trial 4 with value: 0.925.
[I 2026-04-07 02:59:09,493] Trial 6 finished with value: 0.775 and parameters: {'n_estimators': 128, 'max_depth': 7, 'min_samples_split': 5, 'min_samples_leaf': 9}. Best is trial 4 with value: 0.925.
[I 2026-04-07 02:59:09,751] Trial 7 finished with value: 0.9 and parameters: {'n_estimators': 238, 'max_depth': 20, 'min_samples_split': 2, 'min_samples_leaf': 4}. Best is trial 4 with value: 0.925.
[I 2026-04-07 02:59:10,020] Trial 8 finished with value: 0.9 and parameters: {'n_estimators': 252, 'max_depth': 16, 'min_samples_split': 10, 'min_samples_leaf': 4}. Best is trial 4 with value: 0.925.
[I 2026-04-07 02:59:10,318] Trial 9 finished with value: 0.85 and parameters: {'n_estimators': 273, 'max_depth': 7, 'min_samples_split': 9, 'min_samples_leaf': 7}. Best is trial 4 with value: 0.925.
[I 2026-04-07 02:59:10,734] Trial 10 finished with value: 1.0 and parameters: {'n_estimators': 340, 'max_depth': 15, 'min_samples_split': 4, 'min_samples_leaf': 1}. Best is trial 10 with value: 1.0.
[I 2026-04-07 02:59:11,122] Trial 11 finished with value: 1.0 and parameters: {'n_estimators': 351, 'max_depth': 15, 'min_samples_split': 4, 'min_samples_leaf': 1}. Best is trial 10 with value: 1.0.
[I 2026-04-07 02:59:11,528] Trial 12 finished with value: 1.0 and parameters: {'n_estimators': 363, 'max_depth': 15, 'min_samples_split': 3, 'min_samples_leaf': 1}. Best is trial 10 with value: 1.0.
[I 2026-04-07 02:59:11,943] Trial 13 finished with value: 1.0 and parameters: {'n_estimators': 348, 'max_depth': 12, 'min_samples_split': 4, 'min_samples_leaf': 1}. Best is trial 10 with value: 1.0.
[I 2026-04-07 02:59:12,458] Trial 14 finished with value: 0.925 and parameters: {'n_estimators': 474, 'max_depth': 12, 'min_samples_split': 7, 'min_samples_leaf': 2}. Best is trial 10 with value: 1.0.
[I 2026-04-07 02:59:12,872] Trial 15 finished with value: 0.925 and parameters: {'n_estimators': 390, 'max_depth': 17, 'min_samples_split': 2, 'min_samples_leaf': 2}. Best is trial 10 with value: 1.0.
[I 2026-04-07 02:59:13,279] Trial 16 finished with value: 1.0 and parameters: {'n_estimators': 320, 'max_depth': 10, 'min_samples_split': 4, 'min_samples_leaf': 1}. Best is trial 10 with value: 1.0.
[I 2026-04-07 02:59:13,829] Trial 17 finished with value: 0.75 and parameters: {'n_estimators': 498, 'max_depth': 14, 'min_samples_split': 4, 'min_samples_leaf': 10}. Best is trial 10 with value: 1.0.
[I 2026-04-07 02:59:14,314] Trial 18 finished with value: 0.925 and parameters: {'n_estimators': 426, 'max_depth': 17, 'min_samples_split': 6, 'min_samples_leaf': 2}. Best is trial 10 with value: 1.0.
[I 2026-04-07 02:59:14,740] Trial 19 finished with value: 0.925 and parameters: {'n_estimators': 353, 'max_depth': 13, 'min_samples_split': 3, 'min_samples_leaf': 3}. Best is trial 10 with value: 1.0.
[I 2026-04-07 02:59:15,106] Trial 20 finished with value: 0.85 and parameters: {'n_estimators': 308, 'max_depth': 10, 'min_samples_split': 8, 'min_samples_leaf': 8}. Best is trial 10 with value: 1.0.
[I 2026-04-07 02:59:15,530] Trial 21 finished with value: 1.0 and parameters: {'n_estimators': 371, 'max_depth': 18, 'min_samples_split': 3, 'min_samples_leaf': 1}. Best is trial 10 with value: 1.0.
[I 2026-04-07 02:59:15,935] Trial 22 finished with value: 0.975 and parameters: {'n_estimators': 336, 'max_depth': 15, 'min_samples_split': 3, 'min_samples_leaf': 1}. Best is trial 10 with value: 1.0.
[I 2026-04-07 02:59:16,413] Trial 23 finished with value: 0.95 and parameters: {'n_estimators': 411, 'max_depth': 14, 'min_samples_split': 4, 'min_samples_leaf': 3}. Best is trial 10 with value: 1.0.
[I 2026-04-07 02:59:16,727] Trial 24 finished with value: 0.95 and parameters: {'n_estimators': 282, 'max_depth': 18, 'min_samples_split': 2, 'min_samples_leaf': 2}. Best is trial 10 with value: 1.0.
[I 2026-04-07 02:59:17,134] Trial 25 finished with value: 1.0 and parameters: {'n_estimators': 372, 'max_depth': 16, 'min_samples_split': 5, 'min_samples_leaf': 1}. Best is trial 10 with value: 1.0.
[I 2026-04-07 02:59:17,591] Trial 26 finished with value: 0.925 and parameters: {'n_estimators': 431, 'max_depth': 14, 'min_samples_split': 6, 'min_samples_leaf': 3}. Best is trial 10 with value: 1.0.
[I 2026-04-07 02:59:18,008] Trial 27 finished with value: 0.95 and parameters: {'n_estimators': 379, 'max_depth': 8, 'min_samples_split': 3, 'min_samples_leaf': 2}. Best is trial 10 with value: 1.0.
[I 2026-04-07 02:59:18,344] Trial 28 finished with value: 1.0 and parameters: {'n_estimators': 278, 'max_depth': 18, 'min_samples_split': 4, 'min_samples_leaf': 1}. Best is trial 10 with value: 1.0.
[I 2026-04-07 02:59:18,831] Trial 29 finished with value: 0.975 and parameters: {'n_estimators': 452, 'max_depth': 13, 'min_samples_split': 2, 'min_samples_leaf': 2}. Best is trial 10 with value: 1.0.
[I 2026-04-07 02:59:22,814] A new study created in memory with name: mlp
[I 2026-04-07 02:59:22,862] Trial 0 finished with value: 0.8 and parameters: {'hidden_layer_sizes': (200,), 'max_iter': 50, 'alpha': 0.001}. Best is trial 0 with value: 0.8.
[I 2026-04-07 02:59:22,909] Trial 1 finished with value: 0.85 and parameters: {'hidden_layer_sizes': (200,), 'max_iter': 50, 'alpha': 0.0001}. Best is trial 1 with value: 0.85.
[I 2026-04-07 02:59:22,955] Trial 2 finished with value: 0.775 and parameters: {'hidden_layer_sizes': (100,), 'max_iter': 50, 'alpha': 0.0001}. Best is trial 1 with value: 0.85.
[I 2026-04-07 02:59:23,021] Trial 3 finished with value: 0.8 and parameters: {'hidden_layer_sizes': (100,), 'max_iter': 100, 'alpha': 0.001}. Best is trial 1 with value: 0.85.
[I 2026-04-07 02:59:23,078] Trial 4 finished with value: 0.775 and parameters: {'hidden_layer_sizes': (200,), 'max_iter': 100, 'alpha': 0.001}. Best is trial 1 with value: 0.85.
[I 2026-04-07 02:59:23,114] Trial 5 finished with value: 0.75 and parameters: {'hidden_layer_sizes': (200,), 'max_iter': 50, 'alpha': 0.001}. Best is trial 1 with value: 0.85.
[I 2026-04-07 02:59:23,182] Trial 6 finished with value: 0.825 and parameters: {'hidden_layer_sizes': (100,), 'max_iter': 100, 'alpha': 0.0001}. Best is trial 1 with value: 0.85.
[I 2026-04-07 02:59:23,229] Trial 7 finished with value: 0.775 and parameters: {'hidden_layer_sizes': (100, 100), 'max_iter': 50, 'alpha': 0.0001}. Best is trial 1 with value: 0.85.
[I 2026-04-07 02:59:23,307] Trial 8 finished with value: 0.75 and parameters: {'hidden_layer_sizes': (100, 100), 'max_iter': 100, 'alpha': 0.0001}. Best is trial 1 with value: 0.85.
[I 2026-04-07 02:59:23,344] Trial 9 finished with value: 0.725 and parameters: {'hidden_layer_sizes': (100,), 'max_iter': 50, 'alpha': 0.001}. Best is trial 1 with value: 0.85.
[I 2026-04-07 02:59:23,383] Trial 10 finished with value: 0.775 and parameters: {'hidden_layer_sizes': (200,), 'max_iter': 50, 'alpha': 0.0001}. Best is trial 1 with value: 0.85.
[I 2026-04-07 02:59:23,433] Trial 11 finished with value: 0.8 and parameters: {'hidden_layer_sizes': (100,), 'max_iter': 100, 'alpha': 0.0001}. Best is trial 1 with value: 0.85.
[I 2026-04-07 02:59:23,492] Trial 12 finished with value: 0.825 and parameters: {'hidden_layer_sizes': (200,), 'max_iter': 100, 'alpha': 0.0001}. Best is trial 1 with value: 0.85.
[I 2026-04-07 02:59:23,551] Trial 13 finished with value: 0.8 and parameters: {'hidden_layer_sizes': (100,), 'max_iter': 100, 'alpha': 0.0001}. Best is trial 1 with value: 0.85.
[I 2026-04-07 02:59:23,610] Trial 14 finished with value: 0.825 and parameters: {'hidden_layer_sizes': (100, 100), 'max_iter': 50, 'alpha': 0.0001}. Best is trial 1 with value: 0.85.
[I 2026-04-07 02:59:23,668] Trial 15 finished with value: 0.825 and parameters: {'hidden_layer_sizes': (200,), 'max_iter': 100, 'alpha': 0.0001}. Best is trial 1 with value: 0.85.
[I 2026-04-07 02:59:23,706] Trial 16 finished with value: 0.65 and parameters: {'hidden_layer_sizes': (100,), 'max_iter': 50, 'alpha': 0.0001}. Best is trial 1 with value: 0.85.
[I 2026-04-07 02:59:23,755] Trial 17 finished with value: 0.85 and parameters: {'hidden_layer_sizes': (200,), 'max_iter': 100, 'alpha': 0.0001}. Best is trial 1 with value: 0.85.
[I 2026-04-07 02:59:23,814] Trial 18 finished with value: 0.85 and parameters: {'hidden_layer_sizes': (200,), 'max_iter': 100, 'alpha': 0.0001}. Best is trial 1 with value: 0.85.
[I 2026-04-07 02:59:23,864] Trial 19 finished with value: 0.8 and parameters: {'hidden_layer_sizes': (200,), 'max_iter': 50, 'alpha': 0.0001}. Best is trial 1 with value: 0.85.
[I 2026-04-07 02:59:23,914] Trial 20 finished with value: 0.85 and parameters: {'hidden_layer_sizes': (200,), 'max_iter': 100, 'alpha': 0.0001}. Best is trial 1 with value: 0.85.
[I 2026-04-07 02:59:23,959] Trial 21 finished with value: 0.875 and parameters: {'hidden_layer_sizes': (200,), 'max_iter': 100, 'alpha': 0.0001}. Best is trial 21 with value: 0.875.
[I 2026-04-07 02:59:24,025] Trial 22 finished with value: 0.825 and parameters: {'hidden_layer_sizes': (200,), 'max_iter': 100, 'alpha': 0.0001}. Best is trial 21 with value: 0.875.
[I 2026-04-07 02:59:24,079] Trial 23 finished with value: 0.825 and parameters: {'hidden_layer_sizes': (200,), 'max_iter': 100, 'alpha': 0.0001}. Best is trial 21 with value: 0.875.
[I 2026-04-07 02:59:24,123] Trial 24 finished with value: 0.8 and parameters: {'hidden_layer_sizes': (200,), 'max_iter': 100, 'alpha': 0.0001}. Best is trial 21 with value: 0.875.
[I 2026-04-07 02:59:24,168] Trial 25 finished with value: 0.825 and parameters: {'hidden_layer_sizes': (200,), 'max_iter': 100, 'alpha': 0.0001}. Best is trial 21 with value: 0.875.
[I 2026-04-07 02:59:24,222] Trial 26 finished with value: 0.8 and parameters: {'hidden_layer_sizes': (100, 100), 'max_iter': 50, 'alpha': 0.001}. Best is trial 21 with value: 0.875.
[I 2026-04-07 02:59:24,278] Trial 27 finished with value: 0.85 and parameters: {'hidden_layer_sizes': (200,), 'max_iter': 100, 'alpha': 0.0001}. Best is trial 21 with value: 0.875.
[I 2026-04-07 02:59:24,317] Trial 28 finished with value: 0.75 and parameters: {'hidden_layer_sizes': (200,), 'max_iter': 50, 'alpha': 0.0001}. Best is trial 21 with value: 0.875.
