[I 2026-04-07 02:57:49,680] Trial 19 finished with value: 0.9 and parameters: {'n_estimators': 258, 'max_depth': 20, 'min_samples_split': 2, 'min_samples_leaf': 7}. Best is trial 7 with value: 0.925.
[I 2026-04-07 02:57:49,904] Trial 20 finished with value: 0.875 and parameters: {'n_estimators': 180, 'max_depth': 16, 'min_samples_split': 3, 'min_samples_leaf': 3}. Best is trial 7 with value: 0.925.
[I 2026-04-07 02:57:50,047] Trial 21 finished with value: 0.925 and parameters: {'n_estimators': 101, 'max_depth': 18, 'min_samples_split': 5, 'min_samples_leaf': 8}. Best is trial 7 with value: 0.925.
[I 2026-04-07 02:57:50,231] Trial 22 finished with value: 0.925 and parameters: {'n_estimators': 100, 'max_depth': 18, 'min_samples_split': 4, 'min_samples_leaf': 8}. Best is trial 7 with value: 0.925.
[I 2026-04-07 02:57:50,449] Trial 23 finished with value: 0.9 and parameters: {'n_estimators': 147, 'max_depth': 19, 'min_samples_split': 5, 'min_samples_leaf': 10}. Best is trial 7 with value: 0.925.
[I 2026-04-07 02:57:50,693] Trial 24 finished with value: 0.9 and parameters: {'n_estimators': 212, 'max_depth': 13, 'min_samples_split': 7, 'min_samples_leaf': 6}. Best is trial 7 with value: 0.925.
[I 2026-04-07 02:57:50,921] Trial 25 finished with value: 0.925 and parameters: {'n_estimators': 160, 'max_depth': 9, 'min_samples_split': 4, 'min_samples_leaf': 9}. Best is trial 7 with value: 0.925.
[I 2026-04-07 02:57:51,382] Trial 26 finished with value: 0.925 and parameters: {'n_estimators': 433, 'max_depth': 16, 'min_samples_split': 6, 'min_samples_leaf': 7}. Best is trial 7 with value: 0.925.
[I 2026-04-07 02:57:51,752] Trial 27 finished with value: 0.925 and parameters: {'n_estimators': 328, 'max_depth': 14, 'min_samples_split': 3, 'min_samples_leaf': 5}. Best is trial 7 with value: 0.925.
[I 2026-04-07 02:57:52,162] Trial 28 finished with value: 0.9 and parameters: {'n_estimators': 385, 'max_depth': 19, 'min_samples_split': 10, 'min_samples_leaf': 4}. Best is trial 7 with value: 0.925.
[I 2026-04-07 02:57:52,318] Trial 29 finished with value: 0.925 and parameters: {'n_estimators': 118, 'max_depth': 17, 'min_samples_split': 5, 'min_samples_leaf': 8}. Best is trial 7 with value: 0.925.
[I 2026-04-07 02:57:56,273] A new study created in memory with name: mlp
[I 2026-04-07 02:57:56,330] Trial 0 finished with value: 0.8 and parameters: {'hidden_layer_sizes': (200,), 'max_iter': 100, 'alpha': 0.0001}. Best is trial 0 with value: 0.8.
[I 2026-04-07 02:57:56,427] Trial 1 finished with value: 0.9 and parameters: {'hidden_layer_sizes': (100, 100), 'max_iter': 100, 'alpha': 0.0001}. Best is trial 1 with value: 0.9.
[I 2026-04-07 02:57:56,483] Trial 2 finished with value: 0.8 and parameters: {'hidden_layer_sizes': (200,), 'max_iter': 100, 'alpha': 0.001}. Best is trial 1 with value: 0.9.
[I 2026-04-07 02:57:56,518] Trial 3 finished with value: 0.8 and parameters: {'hidden_layer_sizes': (100,), 'max_iter': 50, 'alpha': 0.001}. Best is trial 1 with value: 0.9.
[I 2026-04-07 02:57:56,554] Trial 4 finished with value: 0.85 and parameters: {'hidden_layer_sizes': (100,), 'max_iter': 50, 'alpha': 0.0001}. Best is trial 1 with value: 0.9.
[I 2026-04-07 02:57:56,599] Trial 5 finished with value: 0.85 and parameters: {'hidden_layer_sizes': (100,), 'max_iter': 50, 'alpha': 0.0001}. Best is trial 1 with value: 0.9.
[I 2026-04-07 02:57:56,635] Trial 6 finished with value: 0.825 and parameters: {'hidden_layer_sizes': (100,), 'max_iter': 50, 'alpha': 0.0001}. Best is trial 1 with value: 0.9.
[I 2026-04-07 02:57:56,679] Trial 7 finished with value: 0.85 and parameters: {'hidden_layer_sizes': (100,), 'max_iter': 50, 'alpha': 0.0001}. Best is trial 1 with value: 0.9.
[I 2026-04-07 02:57:56,735] Trial 8 finished with value: 0.825 and parameters: {'hidden_layer_sizes': (200,), 'max_iter': 100, 'alpha': 0.0001}. Best is trial 1 with value: 0.9.
[I 2026-04-07 02:57:56,771] Trial 9 finished with value: 0.85 and parameters: {'hidden_layer_sizes': (200,), 'max_iter': 50, 'alpha': 0.0001}. Best is trial 1 with value: 0.9.
[I 2026-04-07 02:57:56,838] Trial 10 finished with value: 0.825 and parameters: {'hidden_layer_sizes': (100, 100), 'max_iter': 100, 'alpha': 0.001}. Best is trial 1 with value: 0.9.
[I 2026-04-07 02:57:56,906] Trial 11 finished with value: 0.825 and parameters: {'hidden_layer_sizes': (100, 100), 'max_iter': 100, 'alpha': 0.0001}. Best is trial 1 with value: 0.9.
[I 2026-04-07 02:57:56,962] Trial 12 finished with value: 0.9 and parameters: {'hidden_layer_sizes': (100, 100), 'max_iter': 50, 'alpha': 0.0001}. Best is trial 1 with value: 0.9.
[I 2026-04-07 02:57:57,061] Trial 13 finished with value: 0.9 and parameters: {'hidden_layer_sizes': (100, 100), 'max_iter': 100, 'alpha': 0.0001}. Best is trial 1 with value: 0.9.
[I 2026-04-07 02:57:57,109] Trial 14 finished with value: 0.775 and parameters: {'hidden_layer_sizes': (100, 100), 'max_iter': 50, 'alpha': 0.001}. Best is trial 1 with value: 0.9.
[I 2026-04-07 02:57:57,188] Trial 15 finished with value: 0.825 and parameters: {'hidden_layer_sizes': (100, 100), 'max_iter': 100, 'alpha': 0.0001}. Best is trial 1 with value: 0.9.
[I 2026-04-07 02:57:57,252] Trial 16 finished with value: 0.825 and parameters: {'hidden_layer_sizes': (100, 100), 'max_iter': 100, 'alpha': 0.0001}. Best is trial 1 with value: 0.9.
[I 2026-04-07 02:57:57,296] Trial 17 finished with value: 0.725 and parameters: {'hidden_layer_sizes': (100, 100), 'max_iter': 50, 'alpha': 0.0001}. Best is trial 1 with value: 0.9.
[I 2026-04-07 02:57:57,353] Trial 18 finished with value: 0.85 and parameters: {'hidden_layer_sizes': (100, 100), 'max_iter': 50, 'alpha': 0.001}. Best is trial 1 with value: 0.9.
[I 2026-04-07 02:57:57,422] Trial 19 finished with value: 0.875 and parameters: {'hidden_layer_sizes': (100, 100), 'max_iter': 100, 'alpha': 0.0001}. Best is trial 1 with value: 0.9.
[I 2026-04-07 02:57:57,501] Trial 20 finished with value: 0.925 and parameters: {'hidden_layer_sizes': (100, 100), 'max_iter': 100, 'alpha': 0.0001}. Best is trial 20 with value: 0.925.
[I 2026-04-07 02:57:57,569] Trial 21 finished with value: 0.825 and parameters: {'hidden_layer_sizes': (100, 100), 'max_iter': 100, 'alpha': 0.0001}. Best is trial 20 with value: 0.925.
[I 2026-04-07 02:57:57,637] Trial 22 finished with value: 0.875 and parameters: {'hidden_layer_sizes': (100, 100), 'max_iter': 100, 'alpha': 0.0001}. Best is trial 20 with value: 0.925.
[I 2026-04-07 02:57:57,705] Trial 23 finished with value: 0.85 and parameters: {'hidden_layer_sizes': (100, 100), 'max_iter': 100, 'alpha': 0.0001}. Best is trial 20 with value: 0.925.
[I 2026-04-07 02:57:57,763] Trial 24 finished with value: 0.725 and parameters: {'hidden_layer_sizes': (100, 100), 'max_iter': 100, 'alpha': 0.0001}. Best is trial 20 with value: 0.925.
[I 2026-04-07 02:57:57,828] Trial 25 finished with value: 0.95 and parameters: {'hidden_layer_sizes': (100, 100), 'max_iter': 100, 'alpha': 0.0001}. Best is trial 25 with value: 0.95.
[I 2026-04-07 02:57:57,896] Trial 26 finished with value: 0.85 and parameters: {'hidden_layer_sizes': (100, 100), 'max_iter': 100, 'alpha': 0.001}. Best is trial 25 with value: 0.95.
[I 2026-04-07 02:57:57,965] Trial 27 finished with value: 0.925 and parameters: {'hidden_layer_sizes': (100, 100), 'max_iter': 100, 'alpha': 0.0001}. Best is trial 25 with value: 0.95.
[I 2026-04-07 02:57:58,034] Trial 28 finished with value: 0.9 and parameters: {'hidden_layer_sizes': (200,), 'max_iter': 100, 'alpha': 0.0001}. Best is trial 25 with value: 0.95.
[I 2026-04-07 02:57:58,133] Trial 29 finished with value: 0.875 and parameters: {'hidden_layer_sizes': (100, 100), 'max_iter': 100, 'alpha': 0.0001}. Best is trial 25 with value: 0.95.
[I 2026-04-07 02:58:05,990] A new study created in memory with name: naive_bayes
[I 2026-04-07 02:58:06,004] Trial 0 finished with value: 1.0 and parameters: {'var_smoothing': 1.4210736239935712e-10}. Best is trial 0 with value: 1.0.
[I 2026-04-07 02:58:06,017] Trial 1 finished with value: 1.0 and parameters: {'var_smoothing': 3.629422978396398e-09}. Best is trial 0 with value: 1.0.
[I 2026-04-07 02:58:06,030] Trial 2 finished with value: 1.0 and parameters: {'var_smoothing': 7.530407234027127e-10}. Best is trial 0 with value: 1.0.
[I 2026-04-07 02:58:06,044] Trial 3 finished with value: 1.0 and parameters: {'var_smoothing': 2.7985325053380072e-09}. Best is trial 0 with value: 1.0.
[I 2026-04-07 02:58:06,057] Trial 4 finished with value: 1.0 and parameters: {'var_smoothing': 9.036058293737187e-09}. Best is trial 0 with value: 1.0.
[I 2026-04-07 02:58:06,071] Trial 5 finished with value: 1.0 and parameters: {'var_smoothing': 1.1939653980558784e-09}. Best is trial 0 with value: 1.0.
[I 2026-04-07 02:58:06,084] Trial 6 finished with value: 1.0 and parameters: {'var_smoothing': 1.005173261185167e-09}. Best is trial 0 with value: 1.0.
[I 2026-04-07 02:58:06,098] Trial 7 finished with value: 1.0 and parameters: {'var_smoothing': 1.393484899105757e-10}. Best is trial 0 with value: 1.0.
[I 2026-04-07 02:58:06,112] Trial 8 finished with value: 1.0 and parameters: {'var_smoothing': 3.4425317961147986e-10}. Best is trial 0 with value: 1.0.
[I 2026-04-07 02:58:06,135] Trial 9 finished with value: 1.0 and parameters: {'var_smoothing': 9.994590426751933e-10}. Best is trial 0 with value: 1.0.
[I 2026-04-07 02:58:06,156] Trial 10 finished with value: 1.0 and parameters: {'var_smoothing': 1.9079938112167212e-10}. Best is trial 0 with value: 1.0.
[I 2026-04-07 02:58:06,174] Trial 11 finished with value: 1.0 and parameters: {'var_smoothing': 4.7456863630433305e-09}. Best is trial 0 with value: 1.0.
[I 2026-04-07 02:58:06,194] Trial 12 finished with value: 1.0 and parameters: {'var_smoothing': 2.7185365295481096e-09}. Best is trial 0 with value: 1.0.
[I 2026-04-07 02:58:06,213] Trial 13 finished with value: 1.0 and parameters: {'var_smoothing': 4.3967291332584714e-10}. Best is trial 0 with value: 1.0.
[I 2026-04-07 02:58:06,232] Trial 14 finished with value: 1.0 and parameters: {'var_smoothing': 2.6511307931162972e-09}. Best is trial 0 with value: 1.0.
[I 2026-04-07 02:58:06,250] Trial 15 finished with value: 1.0 and parameters: {'var_smoothing': 9.000422035369052e-09}. Best is trial 0 with value: 1.0.
[I 2026-04-07 02:58:06,267] Trial 16 finished with value: 1.0 and parameters: {'var_smoothing': 2.75340575769171e-10}. Best is trial 0 with value: 1.0.
[I 2026-04-07 02:58:06,285] Trial 17 finished with value: 1.0 and parameters: {'var_smoothing': 1.0118559267516465e-10}. Best is trial 0 with value: 1.0.
[I 2026-04-07 02:58:06,305] Trial 18 finished with value: 1.0 and parameters: {'var_smoothing': 5.126237368588495e-10}. Best is trial 0 with value: 1.0.
[I 2026-04-07 02:58:06,325] Trial 19 finished with value: 1.0 and parameters: {'var_smoothing': 1.7743118427439911e-09}. Best is trial 0 with value: 1.0.
[I 2026-04-07 02:58:06,345] Trial 20 finished with value: 1.0 and parameters: {'var_smoothing': 5.29215399120128e-09}. Best is trial 0 with value: 1.0.
[I 2026-04-07 02:58:06,363] Trial 21 finished with value: 1.0 and parameters: {'var_smoothing': 6.215389304971454e-10}. Best is trial 0 with value: 1.0.
[I 2026-04-07 02:58:06,384] Trial 22 finished with value: 1.0 and parameters: {'var_smoothing': 2.205158371956595e-10}. Best is trial 0 with value: 1.0.
[I 2026-04-07 02:58:06,403] Trial 23 finished with value: 1.0 and parameters: {'var_smoothing': 6.714468189294179e-10}. Best is trial 0 with value: 1.0.
[I 2026-04-07 02:58:06,424] Trial 24 finished with value: 1.0 and parameters: {'var_smoothing': 1.6303611152529254e-09}. Best is trial 0 with value: 1.0.
[I 2026-04-07 02:58:06,444] Trial 25 finished with value: 1.0 and parameters: {'var_smoothing': 5.460180203252778e-09}. Best is trial 0 with value: 1.0.
[I 2026-04-07 02:58:06,463] Trial 26 finished with value: 1.0 and parameters: {'var_smoothing': 1.0123007748054653e-10}. Best is trial 0 with value: 1.0.
[I 2026-04-07 02:58:06,480] Trial 27 finished with value: 1.0 and parameters: {'var_smoothing': 3.7004726843827016e-09}. Best is trial 0 with value: 1.0.
[I 2026-04-07 02:58:06,500] Trial 28 finished with value: 1.0 and parameters: {'var_smoothing': 8.062949328123723e-10}. Best is trial 0 with value: 1.0.
[I 2026-04-07 02:58:06,519] Trial 29 finished with value: 1.0 and parameters: {'var_smoothing': 1.8379694059711336e-09}. Best is trial 0 with value: 1.0.
[I 2026-04-07 02:58:07,438] A new study created in memory with name: logreg
[I 2026-04-07 02:58:07,463] Trial 0 finished with value: 0.975 and parameters: {'C': 0.002407362254570802, 'penalty': 'l2'}. Best is trial 0 with value: 0.975.
[I 2026-04-07 02:58:07,486] Trial 1 finished with value: 0.95 and parameters: {'C': 7.935859334260497, 'penalty': 'l2'}. Best is trial 0 with value: 0.975.
[I 2026-04-07 02:58:07,510] Trial 2 finished with value: 0.975 and parameters: {'C': 0.15561310098067915, 'penalty': 'l2'}. Best is trial 0 with value: 0.975.
[I 2026-04-07 02:58:07,533] Trial 3 finished with value: 0.95 and parameters: {'C': 4.143104515916128, 'penalty': 'l2'}. Best is trial 0 with value: 0.975.
[I 2026-04-07 02:58:07,556] Trial 4 finished with value: 0.95 and parameters: {'C': 77.61533923098803, 'penalty': 'l2'}. Best is trial 0 with value: 0.975.
[I 2026-04-07 02:58:07,579] Trial 5 finished with value: 0.95 and parameters: {'C': 0.49258292359934785, 'penalty': 'l2'}. Best is trial 0 with value: 0.975.
[I 2026-04-07 02:58:07,603] Trial 6 finished with value: 0.975 and parameters: {'C': 0.320333470047146, 'penalty': 'l2'}. Best is trial 0 with value: 0.975.
[I 2026-04-07 02:58:07,616] Trial 7 finished with value: 0.975 and parameters: {'C': 0.002292216671132896, 'penalty': 'l2'}. Best is trial 0 with value: 0.975.
[I 2026-04-07 02:58:07,640] Trial 8 finished with value: 0.975 and parameters: {'C': 0.0219884643872214, 'penalty': 'l2'}. Best is trial 0 with value: 0.975.
[I 2026-04-07 02:58:07,665] Trial 9 finished with value: 0.975 and parameters: {'C': 0.31580027519646636, 'penalty': 'l2'}. Best is trial 0 with value: 0.975.
[I 2026-04-07 02:58:07,696] Trial 10 finished with value: 0.975 and parameters: {'C': 0.005028545732690317, 'penalty': 'l2'}. Best is trial 0 with value: 0.975.
[I 2026-04-07 02:58:07,716] Trial 11 finished with value: 0.975 and parameters: {'C': 0.026261189016144066, 'penalty': 'l2'}. Best is trial 0 with value: 0.975.
[I 2026-04-07 02:58:07,745] Trial 12 finished with value: 0.975 and parameters: {'C': 0.032720925899226566, 'penalty': 'l2'}. Best is trial 0 with value: 0.975.
[I 2026-04-07 02:58:07,775] Trial 13 finished with value: 0.975 and parameters: {'C': 0.0012058459158709746, 'penalty': 'l2'}. Best is trial 0 with value: 0.975.
[I 2026-04-07 02:58:07,806] Trial 14 finished with value: 0.975 and parameters: {'C': 0.060263154209045634, 'penalty': 'l2'}. Best is trial 0 with value: 0.975.
[I 2026-04-07 02:58:07,834] Trial 15 finished with value: 0.975 and parameters: {'C': 0.0066245692110027754, 'penalty': 'l2'}. Best is trial 0 with value: 0.975.
[I 2026-04-07 02:58:07,865] Trial 16 finished with value: 0.95 and parameters: {'C': 3.111877236012151, 'penalty': 'l2'}. Best is trial 0 with value: 0.975.
[I 2026-04-07 02:58:07,895] Trial 17 finished with value: 0.975 and parameters: {'C': 0.10391491819178174, 'penalty': 'l2'}. Best is trial 0 with value: 0.975.
[I 2026-04-07 02:58:07,923] Trial 18 finished with value: 0.975 and parameters: {'C': 0.007066712767922748, 'penalty': 'l2'}. Best is trial 0 with value: 0.975.
[I 2026-04-07 02:58:07,941] Trial 19 finished with value: 0.95 and parameters: {'C': 1.0958635289496592, 'penalty': 'l2'}. Best is trial 0 with value: 0.975.
[I 2026-04-07 02:58:07,958] Trial 20 finished with value: 0.95 and parameters: {'C': 35.235409478110505, 'penalty': 'l2'}. Best is trial 0 with value: 0.975.
[I 2026-04-07 02:58:07,989] Trial 21 finished with value: 0.975 and parameters: {'C': 0.34318841420522805, 'penalty': 'l2'}. Best is trial 0 with value: 0.975.
[I 2026-04-07 02:58:08,020] Trial 22 finished with value: 0.975 and parameters: {'C': 0.09241610004375722, 'penalty': 'l2'}. Best is trial 0 with value: 0.975.
[I 2026-04-07 02:58:08,051] Trial 23 finished with value: 0.95 and parameters: {'C': 1.2153722353806007, 'penalty': 'l2'}. Best is trial 0 with value: 0.975.
[I 2026-04-07 02:58:08,072] Trial 24 finished with value: 0.975 and parameters: {'C': 0.16765356042954166, 'penalty': 'l2'}. Best is trial 0 with value: 0.975.
[I 2026-04-07 02:58:08,091] Trial 25 finished with value: 0.975 and parameters: {'C': 0.011059443234474, 'penalty': 'l2'}. Best is trial 0 with value: 0.975.
[I 2026-04-07 02:58:08,119] Trial 26 finished with value: 0.95 and parameters: {'C': 0.729240751366005, 'penalty': 'l2'}. Best is trial 0 with value: 0.975.
[I 2026-04-07 02:58:08,139] Trial 27 finished with value: 0.95 and parameters: {'C': 12.416075703888504, 'penalty': 'l2'}. Best is trial 0 with value: 0.975.
[I 2026-04-07 02:58:08,158] Trial 28 finished with value: 0.95 and parameters: {'C': 1.7619034568278662, 'penalty': 'l2'}. Best is trial 0 with value: 0.975.
[I 2026-04-07 02:58:08,189] Trial 29 finished with value: 0.975 and parameters: {'C': 0.2274622674811134, 'penalty': 'l2'}. Best is trial 0 with value: 0.975.
[I 2026-04-07 02:58:09,088] A new study created in memory with name: knn
[I 2026-04-07 02:58:09,103] Trial 0 finished with value: 0.975 and parameters: {'n_neighbors': 3, 'leaf_size': 36, 'p': 2}. Best is trial 0 with value: 0.975.
[I 2026-04-07 02:58:09,117] Trial 1 finished with value: 0.975 and parameters: {'n_neighbors': 10, 'leaf_size': 31, 'p': 1}. Best is trial 0 with value: 0.975.
[I 2026-04-07 02:58:09,132] Trial 2 finished with value: 0.975 and parameters: {'n_neighbors': 5, 'leaf_size': 30, 'p': 2}. Best is trial 0 with value: 0.975.
[I 2026-04-07 02:58:09,146] Trial 3 finished with value: 0.975 and parameters: {'n_neighbors': 6, 'leaf_size': 21, 'p': 2}. Best is trial 0 with value: 0.975.
[I 2026-04-07 02:58:09,159] Trial 4 finished with value: 0.975 and parameters: {'n_neighbors': 4, 'leaf_size': 29, 'p': 1}. Best is trial 0 with value: 0.975.
[I 2026-04-07 02:58:09,179] Trial 5 finished with value: 0.975 and parameters: {'n_neighbors': 7, 'leaf_size': 39, 'p': 2}. Best is trial 0 with value: 0.975.
[I 2026-04-07 02:58:09,193] Trial 6 finished with value: 0.975 and parameters: {'n_neighbors': 10, 'leaf_size': 22, 'p': 2}. Best is trial 0 with value: 0.975.
[I 2026-04-07 02:58:09,207] Trial 7 finished with value: 0.975 and parameters: {'n_neighbors': 8, 'leaf_size': 29, 'p': 2}. Best is trial 0 with value: 0.975.
[I 2026-04-07 02:58:09,230] Trial 8 finished with value: 0.975 and parameters: {'n_neighbors': 5, 'leaf_size': 30, 'p': 2}. Best is trial 0 with value: 0.975.
[I 2026-04-07 02:58:09,255] Trial 9 finished with value: 0.975 and parameters: {'n_neighbors': 9, 'leaf_size': 26, 'p': 1}. Best is trial 0 with value: 0.975.
[I 2026-04-07 02:58:09,279] Trial 10 finished with value: 0.975 and parameters: {'n_neighbors': 4, 'leaf_size': 38, 'p': 1}. Best is trial 0 with value: 0.975.
[I 2026-04-07 02:58:09,314] Trial 11 finished with value: 0.95 and parameters: {'n_neighbors': 3, 'leaf_size': 35, 'p': 1}. Best is trial 0 with value: 0.975.
[I 2026-04-07 02:58:09,350] Trial 12 finished with value: 0.975 and parameters: {'n_neighbors': 10, 'leaf_size': 34, 'p': 1}. Best is trial 0 with value: 0.975.
[I 2026-04-07 02:58:09,385] Trial 13 finished with value: 0.975 and parameters: {'n_neighbors': 8, 'leaf_size': 33, 'p': 1}. Best is trial 0 with value: 0.975.
[I 2026-04-07 02:58:09,421] Trial 14 finished with value: 0.975 and parameters: {'n_neighbors': 3, 'leaf_size': 36, 'p': 2}. Best is trial 0 with value: 0.975.
[I 2026-04-07 02:58:09,457] Trial 15 finished with value: 0.975 and parameters: {'n_neighbors': 7, 'leaf_size': 25, 'p': 1}. Best is trial 0 with value: 0.975.
[I 2026-04-07 02:58:09,481] Trial 16 finished with value: 0.975 and parameters: {'n_neighbors': 6, 'leaf_size': 32, 'p': 1}. Best is trial 0 with value: 0.975.
[I 2026-04-07 02:58:09,503] Trial 17 finished with value: 0.975 and parameters: {'n_neighbors': 9, 'leaf_size': 40, 'p': 2}. Best is trial 0 with value: 0.975.
[I 2026-04-07 02:58:09,526] Trial 18 finished with value: 0.975 and parameters: {'n_neighbors': 8, 'leaf_size': 36, 'p': 1}. Best is trial 0 with value: 0.975.
[I 2026-04-07 02:58:09,548] Trial 19 finished with value: 0.975 and parameters: {'n_neighbors': 5, 'leaf_size': 27, 'p': 2}. Best is trial 0 with value: 0.975.
[I 2026-04-07 02:58:09,571] Trial 20 finished with value: 0.975 and parameters: {'n_neighbors': 9, 'leaf_size': 32, 'p': 2}. Best is trial 0 with value: 0.975.
[I 2026-04-07 02:58:09,604] Trial 21 finished with value: 0.975 and parameters: {'n_neighbors': 4, 'leaf_size': 31, 'p': 2}. Best is trial 0 with value: 0.975.
[I 2026-04-07 02:58:09,627] Trial 22 finished with value: 0.975 and parameters: {'n_neighbors': 5, 'leaf_size': 28, 'p': 2}. Best is trial 0 with value: 0.975.
[I 2026-04-07 02:58:09,651] Trial 23 finished with value: 0.975 and parameters: {'n_neighbors': 3, 'leaf_size': 23, 'p': 2}. Best is trial 0 with value: 0.975.
[I 2026-04-07 02:58:09,674] Trial 24 finished with value: 0.975 and parameters: {'n_neighbors': 4, 'leaf_size': 37, 'p': 2}. Best is trial 0 with value: 0.975.
[I 2026-04-07 02:58:09,711] Trial 25 finished with value: 0.975 and parameters: {'n_neighbors': 6, 'leaf_size': 34, 'p': 2}. Best is trial 0 with value: 0.975.
[I 2026-04-07 02:58:09,747] Trial 26 finished with value: 0.95 and parameters: {'n_neighbors': 5, 'leaf_size': 24, 'p': 1}. Best is trial 0 with value: 0.975.
[I 2026-04-07 02:58:09,772] Trial 27 finished with value: 0.975 and parameters: {'n_neighbors': 7, 'leaf_size': 31, 'p': 2}. Best is trial 0 with value: 0.975.
[I 2026-04-07 02:58:09,809] Trial 28 finished with value: 0.95 and parameters: {'n_neighbors': 3, 'leaf_size': 28, 'p': 1}. Best is trial 0 with value: 0.975.
