[I 2026-04-07 03:16:11,635] Trial 14 finished with value: 0.95 and parameters: {'n_estimators': 339, 'max_depth': 12, 'min_samples_split': 4, 'min_samples_leaf': 1}. Best is trial 0 with value: 0.95.
[I 2026-04-07 03:16:11,868] Trial 15 finished with value: 0.925 and parameters: {'n_estimators': 161, 'max_depth': 6, 'min_samples_split': 5, 'min_samples_leaf': 4}. Best is trial 0 with value: 0.95.
[I 2026-04-07 03:16:12,010] Trial 16 finished with value: 0.85 and parameters: {'n_estimators': 104, 'max_depth': 9, 'min_samples_split': 7, 'min_samples_leaf': 7}. Best is trial 0 with value: 0.95.
[I 2026-04-07 03:16:12,395] Trial 17 finished with value: 0.95 and parameters: {'n_estimators': 359, 'max_depth': 5, 'min_samples_split': 2, 'min_samples_leaf': 2}. Best is trial 0 with value: 0.95.
[I 2026-04-07 03:16:12,649] Trial 18 finished with value: 0.875 and parameters: {'n_estimators': 222, 'max_depth': 10, 'min_samples_split': 4, 'min_samples_leaf': 4}. Best is trial 0 with value: 0.95.
[I 2026-04-07 03:16:13,125] Trial 19 finished with value: 0.95 and parameters: {'n_estimators': 405, 'max_depth': 13, 'min_samples_split': 6, 'min_samples_leaf': 2}. Best is trial 0 with value: 0.95.
[I 2026-04-07 03:16:13,339] Trial 20 finished with value: 0.925 and parameters: {'n_estimators': 144, 'max_depth': 8, 'min_samples_split': 8, 'min_samples_leaf': 4}. Best is trial 0 with value: 0.95.
[I 2026-04-07 03:16:13,647] Trial 21 finished with value: 0.95 and parameters: {'n_estimators': 269, 'max_depth': 19, 'min_samples_split': 9, 'min_samples_leaf': 2}. Best is trial 0 with value: 0.95.
[I 2026-04-07 03:16:14,097] Trial 22 finished with value: 0.95 and parameters: {'n_estimators': 415, 'max_depth': 17, 'min_samples_split': 10, 'min_samples_leaf': 1}. Best is trial 0 with value: 0.95.
[I 2026-04-07 03:16:14,352] Trial 23 finished with value: 0.95 and parameters: {'n_estimators': 187, 'max_depth': 14, 'min_samples_split': 10, 'min_samples_leaf': 2}. Best is trial 0 with value: 0.95.
[I 2026-04-07 03:16:14,536] Trial 24 finished with value: 0.95 and parameters: {'n_estimators': 132, 'max_depth': 18, 'min_samples_split': 8, 'min_samples_leaf': 3}. Best is trial 0 with value: 0.95.
[I 2026-04-07 03:16:14,862] Trial 25 finished with value: 0.95 and parameters: {'n_estimators': 295, 'max_depth': 13, 'min_samples_split': 5, 'min_samples_leaf': 1}. Best is trial 0 with value: 0.95.
[I 2026-04-07 03:16:15,309] Trial 26 finished with value: 0.825 and parameters: {'n_estimators': 400, 'max_depth': 17, 'min_samples_split': 3, 'min_samples_leaf': 6}. Best is trial 0 with value: 0.95.
[I 2026-04-07 03:16:15,564] Trial 27 finished with value: 0.9 and parameters: {'n_estimators': 216, 'max_depth': 5, 'min_samples_split': 6, 'min_samples_leaf': 4}. Best is trial 0 with value: 0.95.
[I 2026-04-07 03:16:15,983] Trial 28 finished with value: 0.95 and parameters: {'n_estimators': 377, 'max_depth': 20, 'min_samples_split': 7, 'min_samples_leaf': 2}. Best is trial 0 with value: 0.95.
[I 2026-04-07 03:16:16,147] Trial 29 finished with value: 0.825 and parameters: {'n_estimators': 127, 'max_depth': 10, 'min_samples_split': 3, 'min_samples_leaf': 10}. Best is trial 0 with value: 0.95.
[I 2026-04-07 03:16:18,201] A new study created in memory with name: mlp
[I 2026-04-07 03:16:18,267] Trial 0 finished with value: 0.975 and parameters: {'hidden_layer_sizes': (200,), 'max_iter': 100, 'alpha': 0.001}. Best is trial 0 with value: 0.975.
[I 2026-04-07 03:16:18,355] Trial 1 finished with value: 0.975 and parameters: {'hidden_layer_sizes': (100, 100), 'max_iter': 100, 'alpha': 0.0001}. Best is trial 0 with value: 0.975.
[I 2026-04-07 03:16:18,413] Trial 2 finished with value: 0.975 and parameters: {'hidden_layer_sizes': (100, 100), 'max_iter': 50, 'alpha': 0.0001}. Best is trial 0 with value: 0.975.
[I 2026-04-07 03:16:18,458] Trial 3 finished with value: 0.9 and parameters: {'hidden_layer_sizes': (200,), 'max_iter': 50, 'alpha': 0.0001}. Best is trial 0 with value: 0.975.
[I 2026-04-07 03:16:18,514] Trial 4 finished with value: 0.975 and parameters: {'hidden_layer_sizes': (200,), 'max_iter': 100, 'alpha': 0.001}. Best is trial 0 with value: 0.975.
[I 2026-04-07 03:16:18,570] Trial 5 finished with value: 0.975 and parameters: {'hidden_layer_sizes': (200,), 'max_iter': 100, 'alpha': 0.0001}. Best is trial 0 with value: 0.975.
[I 2026-04-07 03:16:18,636] Trial 6 finished with value: 0.975 and parameters: {'hidden_layer_sizes': (100, 100), 'max_iter': 100, 'alpha': 0.001}. Best is trial 0 with value: 0.975.
[I 2026-04-07 03:16:18,671] Trial 7 finished with value: 0.875 and parameters: {'hidden_layer_sizes': (200,), 'max_iter': 50, 'alpha': 0.001}. Best is trial 0 with value: 0.975.
[I 2026-04-07 03:16:18,716] Trial 8 finished with value: 0.95 and parameters: {'hidden_layer_sizes': (100,), 'max_iter': 100, 'alpha': 0.001}. Best is trial 0 with value: 0.975.
[I 2026-04-07 03:16:18,752] Trial 9 finished with value: 0.925 and parameters: {'hidden_layer_sizes': (200,), 'max_iter': 50, 'alpha': 0.001}. Best is trial 0 with value: 0.975.
[I 2026-04-07 03:16:18,801] Trial 10 finished with value: 0.9 and parameters: {'hidden_layer_sizes': (100,), 'max_iter': 100, 'alpha': 0.001}. Best is trial 0 with value: 0.975.
[I 2026-04-07 03:16:18,870] Trial 11 finished with value: 0.975 and parameters: {'hidden_layer_sizes': (100, 100), 'max_iter': 100, 'alpha': 0.0001}. Best is trial 0 with value: 0.975.
[I 2026-04-07 03:16:18,938] Trial 12 finished with value: 0.975 and parameters: {'hidden_layer_sizes': (100, 100), 'max_iter': 100, 'alpha': 0.0001}. Best is trial 0 with value: 0.975.
[I 2026-04-07 03:16:19,027] Trial 13 finished with value: 0.975 and parameters: {'hidden_layer_sizes': (100, 100), 'max_iter': 100, 'alpha': 0.0001}. Best is trial 0 with value: 0.975.
[I 2026-04-07 03:16:19,074] Trial 14 finished with value: 0.925 and parameters: {'hidden_layer_sizes': (100,), 'max_iter': 100, 'alpha': 0.001}. Best is trial 0 with value: 0.975.
[I 2026-04-07 03:16:19,142] Trial 15 finished with value: 0.975 and parameters: {'hidden_layer_sizes': (200,), 'max_iter': 100, 'alpha': 0.0001}. Best is trial 0 with value: 0.975.
[I 2026-04-07 03:16:19,231] Trial 16 finished with value: 0.975 and parameters: {'hidden_layer_sizes': (100, 100), 'max_iter': 100, 'alpha': 0.001}. Best is trial 0 with value: 0.975.
[I 2026-04-07 03:16:19,298] Trial 17 finished with value: 0.975 and parameters: {'hidden_layer_sizes': (200,), 'max_iter': 100, 'alpha': 0.0001}. Best is trial 0 with value: 0.975.
[I 2026-04-07 03:16:19,355] Trial 18 finished with value: 0.925 and parameters: {'hidden_layer_sizes': (100, 100), 'max_iter': 50, 'alpha': 0.0001}. Best is trial 0 with value: 0.975.
[I 2026-04-07 03:16:19,403] Trial 19 finished with value: 0.95 and parameters: {'hidden_layer_sizes': (100,), 'max_iter': 100, 'alpha': 0.001}. Best is trial 0 with value: 0.975.
[I 2026-04-07 03:16:19,482] Trial 20 finished with value: 0.975 and parameters: {'hidden_layer_sizes': (100, 100), 'max_iter': 100, 'alpha': 0.001}. Best is trial 0 with value: 0.975.
[I 2026-04-07 03:16:19,529] Trial 21 finished with value: 0.975 and parameters: {'hidden_layer_sizes': (100, 100), 'max_iter': 50, 'alpha': 0.0001}. Best is trial 0 with value: 0.975.
[I 2026-04-07 03:16:19,577] Trial 22 finished with value: 0.95 and parameters: {'hidden_layer_sizes': (100, 100), 'max_iter': 50, 'alpha': 0.0001}. Best is trial 0 with value: 0.975.
[I 2026-04-07 03:16:19,624] Trial 23 finished with value: 0.95 and parameters: {'hidden_layer_sizes': (100, 100), 'max_iter': 50, 'alpha': 0.0001}. Best is trial 0 with value: 0.975.
[I 2026-04-07 03:16:19,672] Trial 24 finished with value: 0.95 and parameters: {'hidden_layer_sizes': (100, 100), 'max_iter': 50, 'alpha': 0.0001}. Best is trial 0 with value: 0.975.
[I 2026-04-07 03:16:19,718] Trial 25 finished with value: 0.925 and parameters: {'hidden_layer_sizes': (200,), 'max_iter': 50, 'alpha': 0.0001}. Best is trial 0 with value: 0.975.
[I 2026-04-07 03:16:19,767] Trial 26 finished with value: 0.975 and parameters: {'hidden_layer_sizes': (100, 100), 'max_iter': 50, 'alpha': 0.0001}. Best is trial 0 with value: 0.975.
[I 2026-04-07 03:16:19,835] Trial 27 finished with value: 0.975 and parameters: {'hidden_layer_sizes': (100, 100), 'max_iter': 100, 'alpha': 0.0001}. Best is trial 0 with value: 0.975.
[I 2026-04-07 03:16:19,872] Trial 28 finished with value: 0.9 and parameters: {'hidden_layer_sizes': (100,), 'max_iter': 50, 'alpha': 0.001}. Best is trial 0 with value: 0.975.
[I 2026-04-07 03:16:19,919] Trial 29 finished with value: 0.9 and parameters: {'hidden_layer_sizes': (200,), 'max_iter': 50, 'alpha': 0.0001}. Best is trial 0 with value: 0.975.
[I 2026-04-07 03:16:29,332] A new study created in memory with name: naive_bayes
[I 2026-04-07 03:16:29,346] Trial 0 finished with value: 0.825 and parameters: {'var_smoothing': 1.0489343501429862e-10}. Best is trial 0 with value: 0.825.
[I 2026-04-07 03:16:29,359] Trial 1 finished with value: 0.825 and parameters: {'var_smoothing': 1.0086701860885373e-09}. Best is trial 0 with value: 0.825.
[I 2026-04-07 03:16:29,371] Trial 2 finished with value: 0.825 and parameters: {'var_smoothing': 9.807235097598006e-10}. Best is trial 0 with value: 0.825.
[I 2026-04-07 03:16:29,383] Trial 3 finished with value: 0.825 and parameters: {'var_smoothing': 1.8520770828517824e-10}. Best is trial 0 with value: 0.825.
[I 2026-04-07 03:16:29,395] Trial 4 finished with value: 0.825 and parameters: {'var_smoothing': 1.9240757716714087e-10}. Best is trial 0 with value: 0.825.
[I 2026-04-07 03:16:29,407] Trial 5 finished with value: 0.825 and parameters: {'var_smoothing': 2.736007926537145e-10}. Best is trial 0 with value: 0.825.
[I 2026-04-07 03:16:29,419] Trial 6 finished with value: 0.825 and parameters: {'var_smoothing': 6.87094324185739e-10}. Best is trial 0 with value: 0.825.
[I 2026-04-07 03:16:29,431] Trial 7 finished with value: 0.825 and parameters: {'var_smoothing': 3.134745855231349e-10}. Best is trial 0 with value: 0.825.
[I 2026-04-07 03:16:29,443] Trial 8 finished with value: 0.825 and parameters: {'var_smoothing': 1.4727170077821783e-10}. Best is trial 0 with value: 0.825.
[I 2026-04-07 03:16:29,455] Trial 9 finished with value: 0.825 and parameters: {'var_smoothing': 4.909048017047017e-10}. Best is trial 0 with value: 0.825.
[I 2026-04-07 03:16:29,476] Trial 10 finished with value: 0.825 and parameters: {'var_smoothing': 4.226228455594519e-09}. Best is trial 0 with value: 0.825.
[I 2026-04-07 03:16:29,493] Trial 11 finished with value: 0.825 and parameters: {'var_smoothing': 2.8481546791169343e-09}. Best is trial 0 with value: 0.825.
[I 2026-04-07 03:16:29,512] Trial 12 finished with value: 0.825 and parameters: {'var_smoothing': 1.9032336526904254e-09}. Best is trial 0 with value: 0.825.
[I 2026-04-07 03:16:29,532] Trial 13 finished with value: 0.825 and parameters: {'var_smoothing': 1.6192707465333408e-09}. Best is trial 0 with value: 0.825.
[I 2026-04-07 03:16:29,552] Trial 14 finished with value: 0.825 and parameters: {'var_smoothing': 1.0137193502251743e-10}. Best is trial 0 with value: 0.825.
[I 2026-04-07 03:16:29,572] Trial 15 finished with value: 0.825 and parameters: {'var_smoothing': 7.233291262560306e-09}. Best is trial 0 with value: 0.825.
[I 2026-04-07 03:16:29,591] Trial 16 finished with value: 0.825 and parameters: {'var_smoothing': 5.636880428096003e-10}. Best is trial 0 with value: 0.825.
[I 2026-04-07 03:16:29,611] Trial 17 finished with value: 0.825 and parameters: {'var_smoothing': 1.2682382630515742e-09}. Best is trial 0 with value: 0.825.
[I 2026-04-07 03:16:29,631] Trial 18 finished with value: 0.825 and parameters: {'var_smoothing': 3.934685686653308e-10}. Best is trial 0 with value: 0.825.
[I 2026-04-07 03:16:29,651] Trial 19 finished with value: 0.825 and parameters: {'var_smoothing': 8.419551297505738e-10}. Best is trial 0 with value: 0.825.
[I 2026-04-07 03:16:29,671] Trial 20 finished with value: 0.825 and parameters: {'var_smoothing': 2.608399883647147e-09}. Best is trial 0 with value: 0.825.
[I 2026-04-07 03:16:29,691] Trial 21 finished with value: 0.825 and parameters: {'var_smoothing': 1.1043065925699652e-09}. Best is trial 0 with value: 0.825.
[I 2026-04-07 03:16:29,711] Trial 22 finished with value: 0.825 and parameters: {'var_smoothing': 7.818254747144452e-09}. Best is trial 0 with value: 0.825.
[I 2026-04-07 03:16:29,730] Trial 23 finished with value: 0.825 and parameters: {'var_smoothing': 4.506881416225629e-09}. Best is trial 0 with value: 0.825.
[I 2026-04-07 03:16:29,746] Trial 24 finished with value: 0.825 and parameters: {'var_smoothing': 8.370195589160265e-10}. Best is trial 0 with value: 0.825.
[I 2026-04-07 03:16:29,766] Trial 25 finished with value: 0.825 and parameters: {'var_smoothing': 1.4246564400615985e-09}. Best is trial 0 with value: 0.825.
[I 2026-04-07 03:16:29,786] Trial 26 finished with value: 0.825 and parameters: {'var_smoothing': 1.055993505169999e-10}. Best is trial 0 with value: 0.825.
[I 2026-04-07 03:16:29,806] Trial 27 finished with value: 0.825 and parameters: {'var_smoothing': 2.338070103551991e-09}. Best is trial 0 with value: 0.825.
[I 2026-04-07 03:16:29,826] Trial 28 finished with value: 0.825 and parameters: {'var_smoothing': 2.9749637796955326e-10}. Best is trial 0 with value: 0.825.
[I 2026-04-07 03:16:29,846] Trial 29 finished with value: 0.825 and parameters: {'var_smoothing': 2.1414596138226606e-10}. Best is trial 0 with value: 0.825.
[I 2026-04-07 03:16:30,727] A new study created in memory with name: logreg
[I 2026-04-07 03:16:30,752] Trial 0 finished with value: 0.525 and parameters: {'C': 0.0011268620922535318, 'penalty': 'l2'}. Best is trial 0 with value: 0.525.
[I 2026-04-07 03:16:30,777] Trial 1 finished with value: 0.7 and parameters: {'C': 0.32312678588710475, 'penalty': 'l2'}. Best is trial 1 with value: 0.7.
[I 2026-04-07 03:16:30,801] Trial 2 finished with value: 0.675 and parameters: {'C': 0.3012079745112611, 'penalty': 'l2'}. Best is trial 1 with value: 0.7.
[I 2026-04-07 03:16:30,826] Trial 3 finished with value: 0.525 and parameters: {'C': 0.004668180550042529, 'penalty': 'l2'}. Best is trial 1 with value: 0.7.
[I 2026-04-07 03:16:30,851] Trial 4 finished with value: 0.525 and parameters: {'C': 0.005135177115384908, 'penalty': 'l2'}. Best is trial 1 with value: 0.7.
[I 2026-04-07 03:16:30,875] Trial 5 finished with value: 0.575 and parameters: {'C': 0.01238207351349697, 'penalty': 'l2'}. Best is trial 1 with value: 0.7.
[I 2026-04-07 03:16:30,900] Trial 6 finished with value: 0.675 and parameters: {'C': 0.12374877330306278, 'penalty': 'l2'}. Best is trial 1 with value: 0.7.
[I 2026-04-07 03:16:30,925] Trial 7 finished with value: 0.6 and parameters: {'C': 0.017398261017749217, 'penalty': 'l2'}. Best is trial 1 with value: 0.7.
[I 2026-04-07 03:16:30,950] Trial 8 finished with value: 0.525 and parameters: {'C': 0.002632074973627294, 'penalty': 'l2'}. Best is trial 1 with value: 0.7.
[I 2026-04-07 03:16:30,975] Trial 9 finished with value: 0.65 and parameters: {'C': 0.053394091359671186, 'penalty': 'l2'}. Best is trial 1 with value: 0.7.
[I 2026-04-07 03:16:31,016] Trial 10 finished with value: 0.8 and parameters: {'C': 9.528231497855979, 'penalty': 'l2'}. Best is trial 10 with value: 0.8.
[I 2026-04-07 03:16:31,057] Trial 11 finished with value: 0.8 and parameters: {'C': 7.996735848918345, 'penalty': 'l2'}. Best is trial 10 with value: 0.8.
[I 2026-04-07 03:16:31,097] Trial 12 finished with value: 0.8 and parameters: {'C': 13.219259054712499, 'penalty': 'l2'}. Best is trial 10 with value: 0.8.
[I 2026-04-07 03:16:31,127] Trial 13 finished with value: 0.8 and parameters: {'C': 26.863859397130152, 'penalty': 'l2'}. Best is trial 10 with value: 0.8.
[I 2026-04-07 03:16:31,157] Trial 14 finished with value: 0.825 and parameters: {'C': 3.348860092546444, 'penalty': 'l2'}. Best is trial 14 with value: 0.825.
[I 2026-04-07 03:16:31,183] Trial 15 finished with value: 0.775 and parameters: {'C': 2.1123813253870143, 'penalty': 'l2'}. Best is trial 14 with value: 0.825.
[I 2026-04-07 03:16:31,221] Trial 16 finished with value: 0.775 and parameters: {'C': 2.1851868019213594, 'penalty': 'l2'}. Best is trial 14 with value: 0.825.
[I 2026-04-07 03:16:31,247] Trial 17 finished with value: 0.775 and parameters: {'C': 88.11535653233194, 'penalty': 'l2'}. Best is trial 14 with value: 0.825.
[I 2026-04-07 03:16:31,272] Trial 18 finished with value: 0.775 and parameters: {'C': 2.1230965603112737, 'penalty': 'l2'}. Best is trial 14 with value: 0.825.
[I 2026-04-07 03:16:31,298] Trial 19 finished with value: 0.7 and parameters: {'C': 0.8423859395784308, 'penalty': 'l2'}. Best is trial 14 with value: 0.825.
[I 2026-04-07 03:16:31,333] Trial 20 finished with value: 0.8 and parameters: {'C': 60.17522795677281, 'penalty': 'l2'}. Best is trial 14 with value: 0.825.
[I 2026-04-07 03:16:31,368] Trial 21 finished with value: 0.8 and parameters: {'C': 8.615297115608497, 'penalty': 'l2'}. Best is trial 14 with value: 0.825.
[I 2026-04-07 03:16:31,394] Trial 22 finished with value: 0.8 and parameters: {'C': 8.790079521322024, 'penalty': 'l2'}. Best is trial 14 with value: 0.825.
[I 2026-04-07 03:16:31,429] Trial 23 finished with value: 0.8 and parameters: {'C': 4.791080936623676, 'penalty': 'l2'}. Best is trial 14 with value: 0.825.
[I 2026-04-07 03:16:31,454] Trial 24 finished with value: 0.725 and parameters: {'C': 1.0761393534742492, 'penalty': 'l2'}. Best is trial 14 with value: 0.825.
[I 2026-04-07 03:16:31,479] Trial 25 finished with value: 0.8 and parameters: {'C': 26.0664628111202, 'penalty': 'l2'}. Best is trial 14 with value: 0.825.
[I 2026-04-07 03:16:31,504] Trial 26 finished with value: 0.8 and parameters: {'C': 28.311577251401342, 'penalty': 'l2'}. Best is trial 14 with value: 0.825.
[I 2026-04-07 03:16:31,531] Trial 27 finished with value: 0.8 and parameters: {'C': 4.928391265750752, 'penalty': 'l2'}. Best is trial 14 with value: 0.825.
[I 2026-04-07 03:16:31,558] Trial 28 finished with value: 0.7 and parameters: {'C': 0.4059655605735224, 'penalty': 'l2'}. Best is trial 14 with value: 0.825.
[I 2026-04-07 03:16:31,586] Trial 29 finished with value: 0.8 and parameters: {'C': 4.798523668342455, 'penalty': 'l2'}. Best is trial 14 with value: 0.825.
[I 2026-04-07 03:16:31,962] A new study created in memory with name: knn
[I 2026-04-07 03:16:31,987] Trial 0 finished with value: 0.6 and parameters: {'n_neighbors': 3, 'leaf_size': 30, 'p': 1}. Best is trial 0 with value: 0.6.
[I 2026-04-07 03:16:32,001] Trial 1 finished with value: 0.7 and parameters: {'n_neighbors': 4, 'leaf_size': 24, 'p': 1}. Best is trial 1 with value: 0.7.
[I 2026-04-07 03:16:32,015] Trial 2 finished with value: 0.675 and parameters: {'n_neighbors': 3, 'leaf_size': 27, 'p': 2}. Best is trial 1 with value: 0.7.
[I 2026-04-07 03:16:32,030] Trial 3 finished with value: 0.65 and parameters: {'n_neighbors': 10, 'leaf_size': 20, 'p': 1}. Best is trial 1 with value: 0.7.
[I 2026-04-07 03:16:32,043] Trial 4 finished with value: 0.675 and parameters: {'n_neighbors': 10, 'leaf_size': 34, 'p': 2}. Best is trial 1 with value: 0.7.
[I 2026-04-07 03:16:32,058] Trial 5 finished with value: 0.75 and parameters: {'n_neighbors': 6, 'leaf_size': 34, 'p': 1}. Best is trial 5 with value: 0.75.
[I 2026-04-07 03:16:32,071] Trial 6 finished with value: 0.65 and parameters: {'n_neighbors': 10, 'leaf_size': 36, 'p': 1}. Best is trial 5 with value: 0.75.
[I 2026-04-07 03:16:32,085] Trial 7 finished with value: 0.725 and parameters: {'n_neighbors': 7, 'leaf_size': 39, 'p': 2}. Best is trial 5 with value: 0.75.
[I 2026-04-07 03:16:32,100] Trial 8 finished with value: 0.675 and parameters: {'n_neighbors': 10, 'leaf_size': 23, 'p': 2}. Best is trial 5 with value: 0.75.
[I 2026-04-07 03:16:32,114] Trial 9 finished with value: 0.675 and parameters: {'n_neighbors': 10, 'leaf_size': 35, 'p': 2}. Best is trial 5 with value: 0.75.
[I 2026-04-07 03:16:32,146] Trial 10 finished with value: 0.75 and parameters: {'n_neighbors': 6, 'leaf_size': 31, 'p': 1}. Best is trial 5 with value: 0.75.
[I 2026-04-07 03:16:32,183] Trial 11 finished with value: 0.75 and parameters: {'n_neighbors': 6, 'leaf_size': 31, 'p': 1}. Best is trial 5 with value: 0.75.
[I 2026-04-07 03:16:32,207] Trial 12 finished with value: 0.75 and parameters: {'n_neighbors': 6, 'leaf_size': 31, 'p': 1}. Best is trial 5 with value: 0.75.
[I 2026-04-07 03:16:32,231] Trial 13 finished with value: 0.675 and parameters: {'n_neighbors': 8, 'leaf_size': 39, 'p': 1}. Best is trial 5 with value: 0.75.
[I 2026-04-07 03:16:32,266] Trial 14 finished with value: 0.625 and parameters: {'n_neighbors': 5, 'leaf_size': 28, 'p': 1}. Best is trial 5 with value: 0.75.
[I 2026-04-07 03:16:32,290] Trial 15 finished with value: 0.675 and parameters: {'n_neighbors': 8, 'leaf_size': 33, 'p': 1}. Best is trial 5 with value: 0.75.
[I 2026-04-07 03:16:32,324] Trial 16 finished with value: 0.625 and parameters: {'n_neighbors': 5, 'leaf_size': 36, 'p': 1}. Best is trial 5 with value: 0.75.
[I 2026-04-07 03:16:32,351] Trial 17 finished with value: 0.7 and parameters: {'n_neighbors': 7, 'leaf_size': 27, 'p': 1}. Best is trial 5 with value: 0.75.
[I 2026-04-07 03:16:32,373] Trial 18 finished with value: 0.625 and parameters: {'n_neighbors': 5, 'leaf_size': 33, 'p': 1}. Best is trial 5 with value: 0.75.
[I 2026-04-07 03:16:32,399] Trial 19 finished with value: 0.675 and parameters: {'n_neighbors': 8, 'leaf_size': 37, 'p': 1}. Best is trial 5 with value: 0.75.
[I 2026-04-07 03:16:32,424] Trial 20 finished with value: 0.7 and parameters: {'n_neighbors': 4, 'leaf_size': 29, 'p': 1}. Best is trial 5 with value: 0.75.
[I 2026-04-07 03:16:32,447] Trial 21 finished with value: 0.75 and parameters: {'n_neighbors': 6, 'leaf_size': 32, 'p': 1}. Best is trial 5 with value: 0.75.
