[I 2026-04-09 21:28:40,942] Trial 23 finished with value: 0.7 and parameters: {'n_neighbors': 5, 'leaf_size': 38, 'p': 2}. Best is trial 3 with value: 0.725.
[I 2026-04-09 21:28:40,964] Trial 24 finished with value: 0.725 and parameters: {'n_neighbors': 6, 'leaf_size': 34, 'p': 2}. Best is trial 3 with value: 0.725.
[I 2026-04-09 21:28:40,991] Trial 25 finished with value: 0.725 and parameters: {'n_neighbors': 9, 'leaf_size': 32, 'p': 2}. Best is trial 3 with value: 0.725.
[I 2026-04-09 21:28:41,014] Trial 26 finished with value: 0.725 and parameters: {'n_neighbors': 7, 'leaf_size': 28, 'p': 1}. Best is trial 3 with value: 0.725.
[I 2026-04-09 21:28:41,045] Trial 27 finished with value: 0.7 and parameters: {'n_neighbors': 4, 'leaf_size': 24, 'p': 2}. Best is trial 3 with value: 0.725.
[I 2026-04-09 21:28:41,066] Trial 28 finished with value: 0.625 and parameters: {'n_neighbors': 3, 'leaf_size': 38, 'p': 1}. Best is trial 3 with value: 0.725.
[I 2026-04-09 21:28:41,088] Trial 29 finished with value: 0.575 and parameters: {'n_neighbors': 3, 'leaf_size': 36, 'p': 2}. Best is trial 3 with value: 0.725.
[I 2026-04-09 21:28:42,539] A new study created in memory with name: xgb
[I 2026-04-09 21:28:42,565] Trial 0 finished with value: 0.9 and parameters: {'n_estimators': 40, 'max_depth': 20, 'gamma': 0.5510084172939441, 'subsample': 0.5360255666798808, 'colsample_bytree': 0.6342194900509356}. Best is trial 0 with value: 0.9.
[I 2026-04-09 21:28:42,594] Trial 1 finished with value: 0.925 and parameters: {'n_estimators': 100, 'max_depth': 5, 'gamma': 0.9186341749476523, 'subsample': 0.6066926767899578, 'colsample_bytree': 0.7260619809088416}. Best is trial 1 with value: 0.925.
[I 2026-04-09 21:28:42,620] Trial 2 finished with value: 0.875 and parameters: {'n_estimators': 10, 'max_depth': 5, 'gamma': 0.9182155373980582, 'subsample': 0.566584722879625, 'colsample_bytree': 0.761706290336883}. Best is trial 1 with value: 0.925.
[I 2026-04-09 21:28:42,638] Trial 3 finished with value: 0.875 and parameters: {'n_estimators': 10, 'max_depth': 20, 'gamma': 0.5296610393664296, 'subsample': 0.6829451928902965, 'colsample_bytree': 0.9189589971546304}. Best is trial 1 with value: 0.925.
[I 2026-04-09 21:28:42,664] Trial 4 finished with value: 0.925 and parameters: {'n_estimators': 10, 'max_depth': 20, 'gamma': 0.6916595165017824, 'subsample': 0.6851755414940176, 'colsample_bytree': 0.7295464889457157}. Best is trial 1 with value: 0.925.
[I 2026-04-09 21:28:42,702] Trial 5 finished with value: 0.925 and parameters: {'n_estimators': 100, 'max_depth': 20, 'gamma': 0.48380821541644814, 'subsample': 0.8171899343169193, 'colsample_bytree': 0.7614531005141727}. Best is trial 1 with value: 0.925.
[I 2026-04-09 21:28:42,730] Trial 6 finished with value: 0.925 and parameters: {'n_estimators': 10, 'max_depth': 5, 'gamma': 0.9599214907026333, 'subsample': 0.8414569271877088, 'colsample_bytree': 0.5265643453364788}. Best is trial 1 with value: 0.925.
[I 2026-04-09 21:28:42,759] Trial 7 finished with value: 0.95 and parameters: {'n_estimators': 40, 'max_depth': 5, 'gamma': 0.5250915966595621, 'subsample': 0.9207383574491986, 'colsample_bytree': 0.565555321173957}. Best is trial 7 with value: 0.95.
[I 2026-04-09 21:28:42,807] Trial 8 finished with value: 0.925 and parameters: {'n_estimators': 100, 'max_depth': 5, 'gamma': 0.3919835527051987, 'subsample': 0.6502094521590198, 'colsample_bytree': 0.5827507002328938}. Best is trial 7 with value: 0.95.
[I 2026-04-09 21:28:42,854] Trial 9 finished with value: 0.925 and parameters: {'n_estimators': 100, 'max_depth': 5, 'gamma': 0.8003922413895069, 'subsample': 0.9436444759263674, 'colsample_bytree': 0.8374593849333938}. Best is trial 7 with value: 0.95.
[I 2026-04-09 21:28:42,890] Trial 10 finished with value: 0.95 and parameters: {'n_estimators': 40, 'max_depth': 30, 'gamma': 0.13445536345660636, 'subsample': 0.9723430481889797, 'colsample_bytree': 0.633084257063925}. Best is trial 7 with value: 0.95.
[I 2026-04-09 21:28:42,929] Trial 11 finished with value: 0.925 and parameters: {'n_estimators': 40, 'max_depth': 30, 'gamma': 0.10560996171482256, 'subsample': 0.998456915754227, 'colsample_bytree': 0.6314763873450907}. Best is trial 7 with value: 0.95.
[I 2026-04-09 21:28:42,980] Trial 12 finished with value: 1.0 and parameters: {'n_estimators': 40, 'max_depth': 30, 'gamma': 0.10024531719635998, 'subsample': 0.8961237565758147, 'colsample_bytree': 0.525231624509259}. Best is trial 12 with value: 1.0.
[I 2026-04-09 21:28:43,019] Trial 13 finished with value: 0.95 and parameters: {'n_estimators': 40, 'max_depth': 30, 'gamma': 0.26969270907557097, 'subsample': 0.8914389626693116, 'colsample_bytree': 0.5316814940757651}. Best is trial 12 with value: 1.0.
[I 2026-04-09 21:28:43,057] Trial 14 finished with value: 0.95 and parameters: {'n_estimators': 40, 'max_depth': 30, 'gamma': 0.2837596316313001, 'subsample': 0.7687308198414462, 'colsample_bytree': 0.501264858773002}. Best is trial 12 with value: 1.0.
[I 2026-04-09 21:28:43,098] Trial 15 finished with value: 0.95 and parameters: {'n_estimators': 40, 'max_depth': 30, 'gamma': 0.6984096750085321, 'subsample': 0.9089534769382448, 'colsample_bytree': 0.582348514569498}. Best is trial 12 with value: 1.0.
[I 2026-04-09 21:28:43,136] Trial 16 finished with value: 0.95 and parameters: {'n_estimators': 40, 'max_depth': 5, 'gamma': 0.2602894101312718, 'subsample': 0.8387410586383838, 'colsample_bytree': 0.9928973939225177}. Best is trial 12 with value: 1.0.
[I 2026-04-09 21:28:43,182] Trial 17 finished with value: 0.95 and parameters: {'n_estimators': 40, 'max_depth': 30, 'gamma': 0.41087524211284976, 'subsample': 0.7580544673715732, 'colsample_bytree': 0.6742119142218679}. Best is trial 12 with value: 1.0.
[I 2026-04-09 21:28:43,224] Trial 18 finished with value: 0.9 and parameters: {'n_estimators': 40, 'max_depth': 5, 'gamma': 0.6378760698821151, 'subsample': 0.8827694478694146, 'colsample_bytree': 0.5715970967573843}. Best is trial 12 with value: 1.0.
[I 2026-04-09 21:28:43,261] Trial 19 finished with value: 0.975 and parameters: {'n_estimators': 40, 'max_depth': 30, 'gamma': 0.20065175090087745, 'subsample': 0.9333401218907584, 'colsample_bytree': 0.5566332707096058}. Best is trial 12 with value: 1.0.
[I 2026-04-09 21:28:43,297] Trial 20 finished with value: 0.925 and parameters: {'n_estimators': 40, 'max_depth': 30, 'gamma': 0.19512817276664424, 'subsample': 0.7989036504182256, 'colsample_bytree': 0.8316386565693066}. Best is trial 12 with value: 1.0.
[I 2026-04-09 21:28:43,343] Trial 21 finished with value: 1.0 and parameters: {'n_estimators': 40, 'max_depth': 30, 'gamma': 0.36734023682777894, 'subsample': 0.9357301203289151, 'colsample_bytree': 0.553129963916654}. Best is trial 12 with value: 1.0.
[I 2026-04-09 21:28:43,390] Trial 22 finished with value: 0.925 and parameters: {'n_estimators': 40, 'max_depth': 30, 'gamma': 0.33196253049375524, 'subsample': 0.9673603865290226, 'colsample_bytree': 0.6754890096229709}. Best is trial 12 with value: 1.0.
[I 2026-04-09 21:28:43,435] Trial 23 finished with value: 0.95 and parameters: {'n_estimators': 40, 'max_depth': 30, 'gamma': 0.18407991993344255, 'subsample': 0.8522960570811111, 'colsample_bytree': 0.5015221761012845}. Best is trial 12 with value: 1.0.
[I 2026-04-09 21:28:43,476] Trial 24 finished with value: 0.975 and parameters: {'n_estimators': 40, 'max_depth': 30, 'gamma': 0.20346415695539616, 'subsample': 0.942624645522202, 'colsample_bytree': 0.6106735095677543}. Best is trial 12 with value: 1.0.
[I 2026-04-09 21:28:43,516] Trial 25 finished with value: 1.0 and parameters: {'n_estimators': 40, 'max_depth': 30, 'gamma': 0.36943074279663213, 'subsample': 0.9977399990261633, 'colsample_bytree': 0.5385435210136569}. Best is trial 12 with value: 1.0.
[I 2026-04-09 21:28:43,565] Trial 26 finished with value: 0.925 and parameters: {'n_estimators': 40, 'max_depth': 30, 'gamma': 0.3846654697805429, 'subsample': 0.9871424719816138, 'colsample_bytree': 0.6810224864832864}. Best is trial 12 with value: 1.0.
[I 2026-04-09 21:28:43,605] Trial 27 finished with value: 0.95 and parameters: {'n_estimators': 40, 'max_depth': 30, 'gamma': 0.4474170780270952, 'subsample': 0.8745499055135971, 'colsample_bytree': 0.5366380361564171}. Best is trial 12 with value: 1.0.
[I 2026-04-09 21:28:43,646] Trial 28 finished with value: 0.875 and parameters: {'n_estimators': 10, 'max_depth': 30, 'gamma': 0.339829134353965, 'subsample': 0.9444252681386693, 'colsample_bytree': 0.6064047880163355}. Best is trial 12 with value: 1.0.
[I 2026-04-09 21:28:43,690] Trial 29 finished with value: 0.925 and parameters: {'n_estimators': 100, 'max_depth': 20, 'gamma': 0.5797658249997626, 'subsample': 0.8005267043369162, 'colsample_bytree': 0.6583096634609913}. Best is trial 12 with value: 1.0.
[I 2026-04-09 21:28:44,184] A new study created in memory with name: rf
[I 2026-04-09 21:28:44,394] Trial 0 finished with value: 0.925 and parameters: {'n_estimators': 130, 'max_depth': 17, 'min_samples_split': 5, 'min_samples_leaf': 8}. Best is trial 0 with value: 0.925.
[I 2026-04-09 21:28:45,040] Trial 1 finished with value: 0.95 and parameters: {'n_estimators': 492, 'max_depth': 12, 'min_samples_split': 6, 'min_samples_leaf': 1}. Best is trial 1 with value: 0.95.
[I 2026-04-09 21:28:45,332] Trial 2 finished with value: 0.95 and parameters: {'n_estimators': 207, 'max_depth': 11, 'min_samples_split': 8, 'min_samples_leaf': 9}. Best is trial 1 with value: 0.95.
[I 2026-04-09 21:28:45,620] Trial 3 finished with value: 0.95 and parameters: {'n_estimators': 252, 'max_depth': 4, 'min_samples_split': 4, 'min_samples_leaf': 10}. Best is trial 1 with value: 0.95.
[I 2026-04-09 21:28:45,868] Trial 4 finished with value: 0.95 and parameters: {'n_estimators': 185, 'max_depth': 11, 'min_samples_split': 10, 'min_samples_leaf': 1}. Best is trial 1 with value: 0.95.
[I 2026-04-09 21:28:46,298] Trial 5 finished with value: 0.925 and parameters: {'n_estimators': 340, 'max_depth': 20, 'min_samples_split': 4, 'min_samples_leaf': 6}. Best is trial 1 with value: 0.95.
[I 2026-04-09 21:28:46,828] Trial 6 finished with value: 0.925 and parameters: {'n_estimators': 464, 'max_depth': 5, 'min_samples_split': 6, 'min_samples_leaf': 8}. Best is trial 1 with value: 0.95.
[I 2026-04-09 21:28:47,277] Trial 7 finished with value: 0.95 and parameters: {'n_estimators': 368, 'max_depth': 11, 'min_samples_split': 3, 'min_samples_leaf': 5}. Best is trial 1 with value: 0.95.
[I 2026-04-09 21:28:47,564] Trial 8 finished with value: 0.95 and parameters: {'n_estimators': 249, 'max_depth': 11, 'min_samples_split': 5, 'min_samples_leaf': 9}. Best is trial 1 with value: 0.95.
[I 2026-04-09 21:28:48,054] Trial 9 finished with value: 0.95 and parameters: {'n_estimators': 408, 'max_depth': 8, 'min_samples_split': 7, 'min_samples_leaf': 3}. Best is trial 1 with value: 0.95.
[I 2026-04-09 21:28:48,607] Trial 10 finished with value: 0.95 and parameters: {'n_estimators': 479, 'max_depth': 15, 'min_samples_split': 2, 'min_samples_leaf': 1}. Best is trial 1 with value: 0.95.
[I 2026-04-09 21:28:48,968] Trial 11 finished with value: 0.95 and parameters: {'n_estimators': 268, 'max_depth': 15, 'min_samples_split': 8, 'min_samples_leaf': 5}. Best is trial 1 with value: 0.95.
[I 2026-04-09 21:28:49,201] Trial 12 finished with value: 0.95 and parameters: {'n_estimators': 180, 'max_depth': 7, 'min_samples_split': 9, 'min_samples_leaf': 3}. Best is trial 1 with value: 0.95.
[I 2026-04-09 21:28:49,383] Trial 13 finished with value: 0.925 and parameters: {'n_estimators': 100, 'max_depth': 14, 'min_samples_split': 7, 'min_samples_leaf': 7}. Best is trial 1 with value: 0.95.
[I 2026-04-09 21:28:49,777] Trial 14 finished with value: 0.95 and parameters: {'n_estimators': 325, 'max_depth': 8, 'min_samples_split': 8, 'min_samples_leaf': 3}. Best is trial 1 with value: 0.95.
[I 2026-04-09 21:28:50,246] Trial 15 finished with value: 0.9 and parameters: {'n_estimators': 410, 'max_depth': 12, 'min_samples_split': 10, 'min_samples_leaf': 10}. Best is trial 1 with value: 0.95.
[I 2026-04-09 21:28:50,526] Trial 16 finished with value: 0.95 and parameters: {'n_estimators': 183, 'max_depth': 18, 'min_samples_split': 7, 'min_samples_leaf': 4}. Best is trial 1 with value: 0.95.
[I 2026-04-09 21:28:50,902] Trial 17 finished with value: 0.925 and parameters: {'n_estimators': 285, 'max_depth': 13, 'min_samples_split': 6, 'min_samples_leaf': 7}. Best is trial 1 with value: 0.95.
[I 2026-04-09 21:28:51,214] Trial 18 finished with value: 0.95 and parameters: {'n_estimators': 227, 'max_depth': 9, 'min_samples_split': 8, 'min_samples_leaf': 2}. Best is trial 1 with value: 0.95.
[I 2026-04-09 21:28:51,690] Trial 19 finished with value: 0.925 and parameters: {'n_estimators': 426, 'max_depth': 6, 'min_samples_split': 9, 'min_samples_leaf': 6}. Best is trial 1 with value: 0.95.
[I 2026-04-09 21:28:52,145] Trial 20 finished with value: 0.95 and parameters: {'n_estimators': 370, 'max_depth': 3, 'min_samples_split': 5, 'min_samples_leaf': 9}. Best is trial 1 with value: 0.95.
[I 2026-04-09 21:28:52,477] Trial 21 finished with value: 0.9 and parameters: {'n_estimators': 227, 'max_depth': 3, 'min_samples_split': 4, 'min_samples_leaf': 10}. Best is trial 1 with value: 0.95.
[I 2026-04-09 21:28:52,921] Trial 22 finished with value: 0.925 and parameters: {'n_estimators': 306, 'max_depth': 10, 'min_samples_split': 2, 'min_samples_leaf': 9}. Best is trial 1 with value: 0.95.
[I 2026-04-09 21:28:53,195] Trial 23 finished with value: 0.9 and parameters: {'n_estimators': 220, 'max_depth': 5, 'min_samples_split': 4, 'min_samples_leaf': 10}. Best is trial 1 with value: 0.95.
[I 2026-04-09 21:28:53,448] Trial 24 finished with value: 0.925 and parameters: {'n_estimators': 159, 'max_depth': 13, 'min_samples_split': 3, 'min_samples_leaf': 8}. Best is trial 1 with value: 0.95.
[I 2026-04-09 21:28:53,756] Trial 25 finished with value: 0.95 and parameters: {'n_estimators': 265, 'max_depth': 17, 'min_samples_split': 6, 'min_samples_leaf': 7}. Best is trial 1 with value: 0.95.
[I 2026-04-09 21:28:54,015] Trial 26 finished with value: 0.95 and parameters: {'n_estimators': 204, 'max_depth': 9, 'min_samples_split': 6, 'min_samples_leaf': 9}. Best is trial 1 with value: 0.95.
[I 2026-04-09 21:28:54,262] Trial 27 finished with value: 0.95 and parameters: {'n_estimators': 146, 'max_depth': 5, 'min_samples_split': 3, 'min_samples_leaf': 4}. Best is trial 1 with value: 0.95.
[I 2026-04-09 21:28:54,654] Trial 28 finished with value: 0.9 and parameters: {'n_estimators': 296, 'max_depth': 15, 'min_samples_split': 9, 'min_samples_leaf': 10}. Best is trial 1 with value: 0.95.
[I 2026-04-09 21:28:54,884] Trial 29 finished with value: 0.95 and parameters: {'n_estimators': 118, 'max_depth': 19, 'min_samples_split': 5, 'min_samples_leaf': 8}. Best is trial 1 with value: 0.95.
[I 2026-04-09 21:29:00,367] A new study created in memory with name: mlp
[I 2026-04-09 21:29:00,442] Trial 0 finished with value: 0.75 and parameters: {'hidden_layer_sizes': (200,), 'max_iter': 100, 'alpha': 0.0001}. Best is trial 0 with value: 0.75.
[I 2026-04-09 21:29:00,536] Trial 1 finished with value: 0.65 and parameters: {'hidden_layer_sizes': (100, 100), 'max_iter': 100, 'alpha': 0.0001}. Best is trial 0 with value: 0.75.
[I 2026-04-09 21:29:00,589] Trial 2 finished with value: 0.7 and parameters: {'hidden_layer_sizes': (200,), 'max_iter': 100, 'alpha': 0.001}. Best is trial 0 with value: 0.75.
[I 2026-04-09 21:29:00,623] Trial 3 finished with value: 0.675 and parameters: {'hidden_layer_sizes': (100,), 'max_iter': 50, 'alpha': 0.001}. Best is trial 0 with value: 0.75.
[I 2026-04-09 21:29:00,661] Trial 4 finished with value: 0.725 and parameters: {'hidden_layer_sizes': (100,), 'max_iter': 50, 'alpha': 0.0001}. Best is trial 0 with value: 0.75.
[I 2026-04-09 21:29:00,713] Trial 5 finished with value: 0.725 and parameters: {'hidden_layer_sizes': (100,), 'max_iter': 50, 'alpha': 0.0001}. Best is trial 0 with value: 0.75.
[I 2026-04-09 21:29:00,748] Trial 6 finished with value: 0.7 and parameters: {'hidden_layer_sizes': (100,), 'max_iter': 50, 'alpha': 0.0001}. Best is trial 0 with value: 0.75.
[I 2026-04-09 21:29:00,785] Trial 7 finished with value: 0.725 and parameters: {'hidden_layer_sizes': (100,), 'max_iter': 50, 'alpha': 0.0001}. Best is trial 0 with value: 0.75.
[I 2026-04-09 21:29:00,850] Trial 8 finished with value: 0.75 and parameters: {'hidden_layer_sizes': (200,), 'max_iter': 100, 'alpha': 0.0001}. Best is trial 0 with value: 0.75.
[I 2026-04-09 21:29:00,897] Trial 9 finished with value: 0.775 and parameters: {'hidden_layer_sizes': (200,), 'max_iter': 50, 'alpha': 0.0001}. Best is trial 9 with value: 0.775.
[I 2026-04-09 21:29:00,947] Trial 10 finished with value: 0.675 and parameters: {'hidden_layer_sizes': (100, 100), 'max_iter': 50, 'alpha': 0.001}. Best is trial 9 with value: 0.775.
[I 2026-04-09 21:29:01,006] Trial 11 finished with value: 0.7 and parameters: {'hidden_layer_sizes': (200,), 'max_iter': 100, 'alpha': 0.0001}. Best is trial 9 with value: 0.775.
[I 2026-04-09 21:29:01,065] Trial 12 finished with value: 0.775 and parameters: {'hidden_layer_sizes': (200,), 'max_iter': 100, 'alpha': 0.0001}. Best is trial 9 with value: 0.775.
[I 2026-04-09 21:29:01,133] Trial 13 finished with value: 0.75 and parameters: {'hidden_layer_sizes': (200,), 'max_iter': 100, 'alpha': 0.0001}. Best is trial 9 with value: 0.775.
[I 2026-04-09 21:29:01,192] Trial 14 finished with value: 0.775 and parameters: {'hidden_layer_sizes': (200,), 'max_iter': 100, 'alpha': 0.001}. Best is trial 9 with value: 0.775.
[I 2026-04-09 21:29:01,230] Trial 15 finished with value: 0.775 and parameters: {'hidden_layer_sizes': (200,), 'max_iter': 50, 'alpha': 0.0001}. Best is trial 9 with value: 0.775.
[I 2026-04-09 21:29:01,299] Trial 16 finished with value: 0.725 and parameters: {'hidden_layer_sizes': (200,), 'max_iter': 100, 'alpha': 0.0001}. Best is trial 9 with value: 0.775.
[I 2026-04-09 21:29:01,348] Trial 17 finished with value: 0.775 and parameters: {'hidden_layer_sizes': (100, 100), 'max_iter': 50, 'alpha': 0.0001}. Best is trial 9 with value: 0.775.
[I 2026-04-09 21:29:01,395] Trial 18 finished with value: 0.75 and parameters: {'hidden_layer_sizes': (200,), 'max_iter': 50, 'alpha': 0.001}. Best is trial 9 with value: 0.775.
[I 2026-04-09 21:29:01,460] Trial 19 finished with value: 0.725 and parameters: {'hidden_layer_sizes': (200,), 'max_iter': 100, 'alpha': 0.0001}. Best is trial 9 with value: 0.775.
[I 2026-04-09 21:29:01,506] Trial 20 finished with value: 0.725 and parameters: {'hidden_layer_sizes': (100, 100), 'max_iter': 50, 'alpha': 0.0001}. Best is trial 9 with value: 0.775.
[I 2026-04-09 21:29:01,564] Trial 21 finished with value: 0.75 and parameters: {'hidden_layer_sizes': (200,), 'max_iter': 100, 'alpha': 0.001}. Best is trial 9 with value: 0.775.
[I 2026-04-09 21:29:01,621] Trial 22 finished with value: 0.7 and parameters: {'hidden_layer_sizes': (200,), 'max_iter': 100, 'alpha': 0.001}. Best is trial 9 with value: 0.775.
[I 2026-04-09 21:29:01,688] Trial 23 finished with value: 0.725 and parameters: {'hidden_layer_sizes': (200,), 'max_iter': 100, 'alpha': 0.001}. Best is trial 9 with value: 0.775.
[I 2026-04-09 21:29:01,760] Trial 24 finished with value: 0.725 and parameters: {'hidden_layer_sizes': (200,), 'max_iter': 100, 'alpha': 0.001}. Best is trial 9 with value: 0.775.
[I 2026-04-09 21:29:01,826] Trial 25 finished with value: 0.775 and parameters: {'hidden_layer_sizes': (200,), 'max_iter': 100, 'alpha': 0.001}. Best is trial 9 with value: 0.775.
[I 2026-04-09 21:29:01,899] Trial 26 finished with value: 0.7 and parameters: {'hidden_layer_sizes': (200,), 'max_iter': 100, 'alpha': 0.001}. Best is trial 9 with value: 0.775.
[I 2026-04-09 21:29:01,969] Trial 27 finished with value: 0.675 and parameters: {'hidden_layer_sizes': (200,), 'max_iter': 100, 'alpha': 0.0001}. Best is trial 9 with value: 0.775.
[I 2026-04-09 21:29:02,018] Trial 28 finished with value: 0.725 and parameters: {'hidden_layer_sizes': (100, 100), 'max_iter': 50, 'alpha': 0.001}. Best is trial 9 with value: 0.775.
