[I 2026-04-09 20:11:41,280] Trial 17 finished with value: 0.7 and parameters: {'C': 25.035357564636254, 'penalty': 'l2'}. Best is trial 1 with value: 0.75.
[I 2026-04-09 20:11:41,311] Trial 18 finished with value: 0.5 and parameters: {'C': 0.059497234598840446, 'penalty': 'l2'}. Best is trial 1 with value: 0.75.
[I 2026-04-09 20:11:41,342] Trial 19 finished with value: 0.7 and parameters: {'C': 1.4421025470950777, 'penalty': 'l2'}. Best is trial 1 with value: 0.75.
[I 2026-04-09 20:11:41,376] Trial 20 finished with value: 0.7 and parameters: {'C': 20.37422894544439, 'penalty': 'l2'}. Best is trial 1 with value: 0.75.
[I 2026-04-09 20:11:41,405] Trial 21 finished with value: 0.75 and parameters: {'C': 0.6573188936023628, 'penalty': 'l2'}. Best is trial 1 with value: 0.75.
[I 2026-04-09 20:11:41,423] Trial 22 finished with value: 0.45 and parameters: {'C': 0.021310951493045408, 'penalty': 'l2'}. Best is trial 1 with value: 0.75.
[I 2026-04-09 20:11:41,450] Trial 23 finished with value: 0.75 and parameters: {'C': 7.667358088181722, 'penalty': 'l2'}. Best is trial 1 with value: 0.75.
[I 2026-04-09 20:11:41,477] Trial 24 finished with value: 0.75 and parameters: {'C': 0.948725609168146, 'penalty': 'l2'}. Best is trial 1 with value: 0.75.
[I 2026-04-09 20:11:41,515] Trial 25 finished with value: 0.75 and parameters: {'C': 3.036142682269954, 'penalty': 'l2'}. Best is trial 1 with value: 0.75.
[I 2026-04-09 20:11:41,546] Trial 26 finished with value: 0.6 and parameters: {'C': 0.11535341795012381, 'penalty': 'l2'}. Best is trial 1 with value: 0.75.
[I 2026-04-09 20:11:41,572] Trial 27 finished with value: 0.75 and parameters: {'C': 0.591165601714122, 'penalty': 'l2'}. Best is trial 1 with value: 0.75.
[I 2026-04-09 20:11:41,608] Trial 28 finished with value: 0.7 and parameters: {'C': 11.876976963767161, 'penalty': 'l2'}. Best is trial 1 with value: 0.75.
[I 2026-04-09 20:11:41,635] Trial 29 finished with value: 0.3 and parameters: {'C': 0.011104103350344362, 'penalty': 'l2'}. Best is trial 1 with value: 0.75.
[I 2026-04-09 20:11:42,753] A new study created in memory with name: knn
[I 2026-04-09 20:11:42,787] Trial 0 finished with value: 0.7 and parameters: {'n_neighbors': 3, 'leaf_size': 36, 'p': 2}. Best is trial 0 with value: 0.7.
[I 2026-04-09 20:11:42,863] Trial 1 finished with value: 0.5 and parameters: {'n_neighbors': 10, 'leaf_size': 31, 'p': 1}. Best is trial 0 with value: 0.7.
[I 2026-04-09 20:11:42,907] Trial 2 finished with value: 0.7 and parameters: {'n_neighbors': 5, 'leaf_size': 30, 'p': 2}. Best is trial 0 with value: 0.7.
[I 2026-04-09 20:11:42,955] Trial 3 finished with value: 0.65 and parameters: {'n_neighbors': 6, 'leaf_size': 21, 'p': 2}. Best is trial 0 with value: 0.7.
[I 2026-04-09 20:11:43,000] Trial 4 finished with value: 0.75 and parameters: {'n_neighbors': 4, 'leaf_size': 29, 'p': 1}. Best is trial 4 with value: 0.75.
[I 2026-04-09 20:11:43,034] Trial 5 finished with value: 0.65 and parameters: {'n_neighbors': 7, 'leaf_size': 39, 'p': 2}. Best is trial 4 with value: 0.75.
[I 2026-04-09 20:11:43,088] Trial 6 finished with value: 0.55 and parameters: {'n_neighbors': 10, 'leaf_size': 22, 'p': 2}. Best is trial 4 with value: 0.75.
[I 2026-04-09 20:11:43,145] Trial 7 finished with value: 0.5 and parameters: {'n_neighbors': 8, 'leaf_size': 29, 'p': 2}. Best is trial 4 with value: 0.75.
[I 2026-04-09 20:11:43,178] Trial 8 finished with value: 0.7 and parameters: {'n_neighbors': 5, 'leaf_size': 30, 'p': 2}. Best is trial 4 with value: 0.75.
[I 2026-04-09 20:11:43,244] Trial 9 finished with value: 0.5 and parameters: {'n_neighbors': 9, 'leaf_size': 26, 'p': 1}. Best is trial 4 with value: 0.75.
[I 2026-04-09 20:11:43,301] Trial 10 finished with value: 0.75 and parameters: {'n_neighbors': 4, 'leaf_size': 34, 'p': 1}. Best is trial 4 with value: 0.75.
[I 2026-04-09 20:11:43,347] Trial 11 finished with value: 0.65 and parameters: {'n_neighbors': 3, 'leaf_size': 35, 'p': 1}. Best is trial 4 with value: 0.75.
[I 2026-04-09 20:11:43,373] Trial 12 finished with value: 0.75 and parameters: {'n_neighbors': 4, 'leaf_size': 35, 'p': 1}. Best is trial 4 with value: 0.75.
[I 2026-04-09 20:11:43,397] Trial 13 finished with value: 0.6 and parameters: {'n_neighbors': 5, 'leaf_size': 25, 'p': 1}. Best is trial 4 with value: 0.75.
[I 2026-04-09 20:11:43,425] Trial 14 finished with value: 0.75 and parameters: {'n_neighbors': 4, 'leaf_size': 32, 'p': 1}. Best is trial 4 with value: 0.75.
[I 2026-04-09 20:11:43,463] Trial 15 finished with value: 0.65 and parameters: {'n_neighbors': 6, 'leaf_size': 40, 'p': 1}. Best is trial 4 with value: 0.75.
[I 2026-04-09 20:11:43,489] Trial 16 finished with value: 0.75 and parameters: {'n_neighbors': 4, 'leaf_size': 26, 'p': 1}. Best is trial 4 with value: 0.75.
[I 2026-04-09 20:11:43,516] Trial 17 finished with value: 0.65 and parameters: {'n_neighbors': 3, 'leaf_size': 33, 'p': 1}. Best is trial 4 with value: 0.75.
[I 2026-04-09 20:11:43,540] Trial 18 finished with value: 0.65 and parameters: {'n_neighbors': 7, 'leaf_size': 28, 'p': 1}. Best is trial 4 with value: 0.75.
[I 2026-04-09 20:11:43,567] Trial 19 finished with value: 0.75 and parameters: {'n_neighbors': 4, 'leaf_size': 38, 'p': 1}. Best is trial 4 with value: 0.75.
[I 2026-04-09 20:11:43,604] Trial 20 finished with value: 0.6 and parameters: {'n_neighbors': 5, 'leaf_size': 33, 'p': 1}. Best is trial 4 with value: 0.75.
[I 2026-04-09 20:11:43,640] Trial 21 finished with value: 0.75 and parameters: {'n_neighbors': 4, 'leaf_size': 35, 'p': 1}. Best is trial 4 with value: 0.75.
[I 2026-04-09 20:11:43,665] Trial 22 finished with value: 0.65 and parameters: {'n_neighbors': 3, 'leaf_size': 37, 'p': 1}. Best is trial 4 with value: 0.75.
[I 2026-04-09 20:11:43,685] Trial 23 finished with value: 0.75 and parameters: {'n_neighbors': 4, 'leaf_size': 34, 'p': 1}. Best is trial 4 with value: 0.75.
[I 2026-04-09 20:11:43,705] Trial 24 finished with value: 0.65 and parameters: {'n_neighbors': 6, 'leaf_size': 28, 'p': 1}. Best is trial 4 with value: 0.75.
[I 2026-04-09 20:11:43,746] Trial 25 finished with value: 0.6 and parameters: {'n_neighbors': 5, 'leaf_size': 37, 'p': 1}. Best is trial 4 with value: 0.75.
[I 2026-04-09 20:11:43,766] Trial 26 finished with value: 0.75 and parameters: {'n_neighbors': 4, 'leaf_size': 33, 'p': 1}. Best is trial 4 with value: 0.75.
[I 2026-04-09 20:11:43,786] Trial 27 finished with value: 0.65 and parameters: {'n_neighbors': 3, 'leaf_size': 31, 'p': 1}. Best is trial 4 with value: 0.75.
[I 2026-04-09 20:11:43,813] Trial 28 finished with value: 0.65 and parameters: {'n_neighbors': 6, 'leaf_size': 23, 'p': 1}. Best is trial 4 with value: 0.75.
[I 2026-04-09 20:11:43,841] Trial 29 finished with value: 0.65 and parameters: {'n_neighbors': 3, 'leaf_size': 36, 'p': 1}. Best is trial 4 with value: 0.75.
[I 2026-04-09 20:11:45,237] A new study created in memory with name: xgb
[I 2026-04-09 20:11:45,282] Trial 0 finished with value: 0.85 and parameters: {'n_estimators': 40, 'max_depth': 20, 'gamma': 0.5510084172939441, 'subsample': 0.5360255666798808, 'colsample_bytree': 0.6342194900509356}. Best is trial 0 with value: 0.85.
[I 2026-04-09 20:11:45,331] Trial 1 finished with value: 0.75 and parameters: {'n_estimators': 100, 'max_depth': 5, 'gamma': 0.9186341749476523, 'subsample': 0.6066926767899578, 'colsample_bytree': 0.7260619809088416}. Best is trial 0 with value: 0.85.
[I 2026-04-09 20:11:45,380] Trial 2 finished with value: 0.65 and parameters: {'n_estimators': 10, 'max_depth': 5, 'gamma': 0.9182155373980582, 'subsample': 0.566584722879625, 'colsample_bytree': 0.761706290336883}. Best is trial 0 with value: 0.85.
[I 2026-04-09 20:11:45,428] Trial 3 finished with value: 0.7 and parameters: {'n_estimators': 10, 'max_depth': 20, 'gamma': 0.5296610393664296, 'subsample': 0.6829451928902965, 'colsample_bytree': 0.9189589971546304}. Best is trial 0 with value: 0.85.
[I 2026-04-09 20:11:45,477] Trial 4 finished with value: 0.55 and parameters: {'n_estimators': 10, 'max_depth': 20, 'gamma': 0.6916595165017824, 'subsample': 0.6851755414940176, 'colsample_bytree': 0.7295464889457157}. Best is trial 0 with value: 0.85.
[I 2026-04-09 20:11:45,524] Trial 5 finished with value: 0.8 and parameters: {'n_estimators': 100, 'max_depth': 20, 'gamma': 0.48380821541644814, 'subsample': 0.8171899343169193, 'colsample_bytree': 0.7614531005141727}. Best is trial 0 with value: 0.85.
[I 2026-04-09 20:11:45,577] Trial 6 finished with value: 0.65 and parameters: {'n_estimators': 10, 'max_depth': 5, 'gamma': 0.9599214907026333, 'subsample': 0.8414569271877088, 'colsample_bytree': 0.5265643453364788}. Best is trial 0 with value: 0.85.
[I 2026-04-09 20:11:45,626] Trial 7 finished with value: 0.75 and parameters: {'n_estimators': 40, 'max_depth': 5, 'gamma': 0.5250915966595621, 'subsample': 0.9207383574491986, 'colsample_bytree': 0.565555321173957}. Best is trial 0 with value: 0.85.
[I 2026-04-09 20:11:45,685] Trial 8 finished with value: 0.8 and parameters: {'n_estimators': 100, 'max_depth': 5, 'gamma': 0.3919835527051987, 'subsample': 0.6502094521590198, 'colsample_bytree': 0.5827507002328938}. Best is trial 0 with value: 0.85.
[I 2026-04-09 20:11:45,743] Trial 9 finished with value: 0.75 and parameters: {'n_estimators': 100, 'max_depth': 5, 'gamma': 0.8003922413895069, 'subsample': 0.9436444759263674, 'colsample_bytree': 0.8374593849333938}. Best is trial 0 with value: 0.85.
[I 2026-04-09 20:11:45,800] Trial 10 finished with value: 0.75 and parameters: {'n_estimators': 40, 'max_depth': 30, 'gamma': 0.13445536345660636, 'subsample': 0.5091072311743174, 'colsample_bytree': 0.633084257063925}. Best is trial 0 with value: 0.85.
[I 2026-04-09 20:11:45,863] Trial 11 finished with value: 0.8 and parameters: {'n_estimators': 40, 'max_depth': 20, 'gamma': 0.3416119195877882, 'subsample': 0.8032378575286591, 'colsample_bytree': 0.6573928964995871}. Best is trial 0 with value: 0.85.
[I 2026-04-09 20:11:45,902] Trial 12 finished with value: 0.85 and parameters: {'n_estimators': 100, 'max_depth': 20, 'gamma': 0.671614618524887, 'subsample': 0.7706343257995896, 'colsample_bytree': 0.9832554187319302}. Best is trial 0 with value: 0.85.
[I 2026-04-09 20:11:45,942] Trial 13 finished with value: 0.7 and parameters: {'n_estimators': 40, 'max_depth': 20, 'gamma': 0.6713063815565589, 'subsample': 0.726623482617412, 'colsample_bytree': 0.9760439870304926}. Best is trial 0 with value: 0.85.
[I 2026-04-09 20:11:45,975] Trial 14 finished with value: 0.8 and parameters: {'n_estimators': 100, 'max_depth': 30, 'gamma': 0.6765315750188922, 'subsample': 0.759653433955163, 'colsample_bytree': 0.8521421317490833}. Best is trial 0 with value: 0.85.
[I 2026-04-09 20:11:46,008] Trial 15 finished with value: 0.8 and parameters: {'n_estimators': 40, 'max_depth': 20, 'gamma': 0.25464628459886485, 'subsample': 0.5076754451841359, 'colsample_bytree': 0.6607085817117869}. Best is trial 0 with value: 0.85.
[I 2026-04-09 20:11:46,058] Trial 16 finished with value: 0.65 and parameters: {'n_estimators': 40, 'max_depth': 20, 'gamma': 0.7712707609117337, 'subsample': 0.8750407229015051, 'colsample_bytree': 0.9928973939225177}. Best is trial 0 with value: 0.85.
[I 2026-04-09 20:11:46,107] Trial 17 finished with value: 0.85 and parameters: {'n_estimators': 100, 'max_depth': 20, 'gamma': 0.587730660758486, 'subsample': 0.7390981226352564, 'colsample_bytree': 0.8482257063274528}. Best is trial 0 with value: 0.85.
[I 2026-04-09 20:11:46,156] Trial 18 finished with value: 0.6 and parameters: {'n_estimators': 40, 'max_depth': 30, 'gamma': 0.38901025512264975, 'subsample': 0.5853126599343683, 'colsample_bytree': 0.5028732448871562}. Best is trial 0 with value: 0.85.
[I 2026-04-09 20:11:46,197] Trial 19 finished with value: 0.65 and parameters: {'n_estimators': 100, 'max_depth': 20, 'gamma': 0.8264228686085578, 'subsample': 0.6355046248743939, 'colsample_bytree': 0.9191998529362314}. Best is trial 0 with value: 0.85.
[I 2026-04-09 20:11:46,241] Trial 20 finished with value: 0.7 and parameters: {'n_estimators': 100, 'max_depth': 20, 'gamma': 0.6109763514654842, 'subsample': 0.9961764358499778, 'colsample_bytree': 0.6926839754836145}. Best is trial 0 with value: 0.85.
[I 2026-04-09 20:11:46,283] Trial 21 finished with value: 0.8 and parameters: {'n_estimators': 100, 'max_depth': 20, 'gamma': 0.5970937319788981, 'subsample': 0.7550711821714994, 'colsample_bytree': 0.8186757121775334}. Best is trial 0 with value: 0.85.
[I 2026-04-09 20:11:46,335] Trial 22 finished with value: 0.8 and parameters: {'n_estimators': 100, 'max_depth': 20, 'gamma': 0.4718073015504124, 'subsample': 0.7148177132387187, 'colsample_bytree': 0.9051285525129849}. Best is trial 0 with value: 0.85.
[I 2026-04-09 20:11:46,374] Trial 23 finished with value: 0.8 and parameters: {'n_estimators': 100, 'max_depth': 20, 'gamma': 0.7267305037146095, 'subsample': 0.7952564516133582, 'colsample_bytree': 0.8707455901853991}. Best is trial 0 with value: 0.85.
[I 2026-04-09 20:11:46,413] Trial 24 finished with value: 0.75 and parameters: {'n_estimators': 100, 'max_depth': 20, 'gamma': 0.5909375133013811, 'subsample': 0.8796382632096215, 'colsample_bytree': 0.9567691924583632}. Best is trial 0 with value: 0.85.
[I 2026-04-09 20:11:46,449] Trial 25 finished with value: 0.8 and parameters: {'n_estimators': 40, 'max_depth': 30, 'gamma': 0.4392014298784071, 'subsample': 0.7692197793317946, 'colsample_bytree': 0.7924825748244255}. Best is trial 0 with value: 0.85.
[I 2026-04-09 20:11:46,494] Trial 26 finished with value: 0.85 and parameters: {'n_estimators': 100, 'max_depth': 20, 'gamma': 0.6261048062731465, 'subsample': 0.5498888024521582, 'colsample_bytree': 0.6092823780505192}. Best is trial 0 with value: 0.85.
[I 2026-04-09 20:11:46,528] Trial 27 finished with value: 0.75 and parameters: {'n_estimators': 100, 'max_depth': 20, 'gamma': 0.8446388496397383, 'subsample': 0.6747179532202701, 'colsample_bytree': 0.879263038971401}. Best is trial 0 with value: 0.85.
[I 2026-04-09 20:11:46,567] Trial 28 finished with value: 0.6 and parameters: {'n_estimators': 10, 'max_depth': 20, 'gamma': 0.2986173940559827, 'subsample': 0.628615778191862, 'colsample_bytree': 0.7901015116329908}. Best is trial 0 with value: 0.85.
[I 2026-04-09 20:11:46,605] Trial 29 finished with value: 0.8 and parameters: {'n_estimators': 40, 'max_depth': 30, 'gamma': 0.7430231974962253, 'subsample': 0.7185095536718663, 'colsample_bytree': 0.6980332431594081}. Best is trial 0 with value: 0.85.
[I 2026-04-09 20:11:47,630] A new study created in memory with name: rf
[I 2026-04-09 20:11:47,817] Trial 0 finished with value: 0.5 and parameters: {'n_estimators': 130, 'max_depth': 17, 'min_samples_split': 5, 'min_samples_leaf': 8}. Best is trial 0 with value: 0.5.
[I 2026-04-09 20:11:48,464] Trial 1 finished with value: 0.8 and parameters: {'n_estimators': 492, 'max_depth': 12, 'min_samples_split': 6, 'min_samples_leaf': 1}. Best is trial 1 with value: 0.8.
[I 2026-04-09 20:11:48,720] Trial 2 finished with value: 0.5 and parameters: {'n_estimators': 207, 'max_depth': 11, 'min_samples_split': 8, 'min_samples_leaf': 9}. Best is trial 1 with value: 0.8.
[I 2026-04-09 20:11:49,076] Trial 3 finished with value: 0.5 and parameters: {'n_estimators': 252, 'max_depth': 4, 'min_samples_split': 4, 'min_samples_leaf': 10}. Best is trial 1 with value: 0.8.
[I 2026-04-09 20:11:49,326] Trial 4 finished with value: 0.8 and parameters: {'n_estimators': 185, 'max_depth': 11, 'min_samples_split': 10, 'min_samples_leaf': 1}. Best is trial 1 with value: 0.8.
[I 2026-04-09 20:11:49,743] Trial 5 finished with value: 0.8 and parameters: {'n_estimators': 340, 'max_depth': 20, 'min_samples_split': 4, 'min_samples_leaf': 6}. Best is trial 1 with value: 0.8.
[I 2026-04-09 20:11:50,252] Trial 6 finished with value: 0.5 and parameters: {'n_estimators': 464, 'max_depth': 5, 'min_samples_split': 6, 'min_samples_leaf': 8}. Best is trial 1 with value: 0.8.
[I 2026-04-09 20:11:50,687] Trial 7 finished with value: 0.8 and parameters: {'n_estimators': 368, 'max_depth': 11, 'min_samples_split': 3, 'min_samples_leaf': 5}. Best is trial 1 with value: 0.8.
[I 2026-04-09 20:11:51,017] Trial 8 finished with value: 0.5 and parameters: {'n_estimators': 249, 'max_depth': 11, 'min_samples_split': 5, 'min_samples_leaf': 9}. Best is trial 1 with value: 0.8.
[I 2026-04-09 20:11:51,517] Trial 9 finished with value: 0.8 and parameters: {'n_estimators': 408, 'max_depth': 8, 'min_samples_split': 7, 'min_samples_leaf': 3}. Best is trial 1 with value: 0.8.
[I 2026-04-09 20:11:52,093] Trial 10 finished with value: 0.85 and parameters: {'n_estimators': 479, 'max_depth': 15, 'min_samples_split': 2, 'min_samples_leaf': 1}. Best is trial 10 with value: 0.85.
[I 2026-04-09 20:11:52,696] Trial 11 finished with value: 0.85 and parameters: {'n_estimators': 476, 'max_depth': 15, 'min_samples_split': 2, 'min_samples_leaf': 1}. Best is trial 10 with value: 0.85.
[I 2026-04-09 20:11:53,195] Trial 12 finished with value: 0.85 and parameters: {'n_estimators': 415, 'max_depth': 16, 'min_samples_split': 2, 'min_samples_leaf': 3}. Best is trial 10 with value: 0.85.
[I 2026-04-09 20:11:53,733] Trial 13 finished with value: 0.85 and parameters: {'n_estimators': 446, 'max_depth': 15, 'min_samples_split': 2, 'min_samples_leaf': 3}. Best is trial 10 with value: 0.85.
[I 2026-04-09 20:11:54,305] Trial 14 finished with value: 0.95 and parameters: {'n_estimators': 495, 'max_depth': 20, 'min_samples_split': 2, 'min_samples_leaf': 1}. Best is trial 14 with value: 0.95.
[I 2026-04-09 20:11:54,706] Trial 15 finished with value: 0.8 and parameters: {'n_estimators': 322, 'max_depth': 20, 'min_samples_split': 3, 'min_samples_leaf': 5}. Best is trial 14 with value: 0.95.
[I 2026-04-09 20:11:55,142] Trial 16 finished with value: 0.95 and parameters: {'n_estimators': 386, 'max_depth': 18, 'min_samples_split': 3, 'min_samples_leaf': 2}. Best is trial 14 with value: 0.95.
[I 2026-04-09 20:11:55,597] Trial 17 finished with value: 0.8 and parameters: {'n_estimators': 390, 'max_depth': 18, 'min_samples_split': 4, 'min_samples_leaf': 3}. Best is trial 14 with value: 0.95.
[I 2026-04-09 20:11:55,951] Trial 18 finished with value: 0.85 and parameters: {'n_estimators': 283, 'max_depth': 18, 'min_samples_split': 3, 'min_samples_leaf': 2}. Best is trial 14 with value: 0.95.
[I 2026-04-09 20:11:56,381] Trial 19 finished with value: 0.85 and parameters: {'n_estimators': 356, 'max_depth': 20, 'min_samples_split': 9, 'min_samples_leaf': 4}. Best is trial 14 with value: 0.95.
[I 2026-04-09 20:11:57,015] Trial 20 finished with value: 0.8 and parameters: {'n_estimators': 438, 'max_depth': 13, 'min_samples_split': 5, 'min_samples_leaf': 6}. Best is trial 14 with value: 0.95.
[I 2026-04-09 20:11:57,608] Trial 21 finished with value: 0.8 and parameters: {'n_estimators': 442, 'max_depth': 18, 'min_samples_split': 2, 'min_samples_leaf': 2}. Best is trial 14 with value: 0.95.
[I 2026-04-09 20:11:58,209] Trial 22 finished with value: 0.85 and parameters: {'n_estimators': 497, 'max_depth': 14, 'min_samples_split': 3, 'min_samples_leaf': 2}. Best is trial 14 with value: 0.95.
[I 2026-04-09 20:11:58,755] Trial 23 finished with value: 0.85 and parameters: {'n_estimators': 392, 'max_depth': 17, 'min_samples_split': 2, 'min_samples_leaf': 1}. Best is trial 14 with value: 0.95.
[I 2026-04-09 20:11:59,286] Trial 24 finished with value: 0.85 and parameters: {'n_estimators': 430, 'max_depth': 19, 'min_samples_split': 3, 'min_samples_leaf': 2}. Best is trial 14 with value: 0.95.
[I 2026-04-09 20:11:59,825] Trial 25 finished with value: 0.8 and parameters: {'n_estimators': 465, 'max_depth': 16, 'min_samples_split': 4, 'min_samples_leaf': 4}. Best is trial 14 with value: 0.95.
[I 2026-04-09 20:12:00,208] Trial 26 finished with value: 0.85 and parameters: {'n_estimators': 310, 'max_depth': 9, 'min_samples_split': 2, 'min_samples_leaf': 1}. Best is trial 14 with value: 0.95.
[I 2026-04-09 20:12:00,676] Trial 27 finished with value: 0.8 and parameters: {'n_estimators': 377, 'max_depth': 14, 'min_samples_split': 3, 'min_samples_leaf': 4}. Best is trial 14 with value: 0.95.
[I 2026-04-09 20:12:01,235] Trial 28 finished with value: 0.85 and parameters: {'n_estimators': 472, 'max_depth': 19, 'min_samples_split': 4, 'min_samples_leaf': 2}. Best is trial 14 with value: 0.95.
[I 2026-04-09 20:12:01,459] Trial 29 finished with value: 0.95 and parameters: {'n_estimators': 118, 'max_depth': 17, 'min_samples_split': 5, 'min_samples_leaf': 1}. Best is trial 14 with value: 0.95.
[I 2026-04-09 20:12:07,290] A new study created in memory with name: mlp
[I 2026-04-09 20:12:07,355] Trial 0 finished with value: 0.6 and parameters: {'hidden_layer_sizes': (200,), 'max_iter': 100, 'alpha': 0.0001}. Best is trial 0 with value: 0.6.
[I 2026-04-09 20:12:07,450] Trial 1 finished with value: 0.6 and parameters: {'hidden_layer_sizes': (100, 100), 'max_iter': 100, 'alpha': 0.0001}. Best is trial 0 with value: 0.6.
[I 2026-04-09 20:12:07,537] Trial 2 finished with value: 0.7 and parameters: {'hidden_layer_sizes': (200,), 'max_iter': 100, 'alpha': 0.001}. Best is trial 2 with value: 0.7.
[I 2026-04-09 20:12:07,582] Trial 3 finished with value: 0.6 and parameters: {'hidden_layer_sizes': (100,), 'max_iter': 50, 'alpha': 0.001}. Best is trial 2 with value: 0.7.
[I 2026-04-09 20:12:07,618] Trial 4 finished with value: 0.7 and parameters: {'hidden_layer_sizes': (100,), 'max_iter': 50, 'alpha': 0.0001}. Best is trial 2 with value: 0.7.
[I 2026-04-09 20:12:07,663] Trial 5 finished with value: 0.7 and parameters: {'hidden_layer_sizes': (100,), 'max_iter': 50, 'alpha': 0.0001}. Best is trial 2 with value: 0.7.
[I 2026-04-09 20:12:07,700] Trial 6 finished with value: 0.55 and parameters: {'hidden_layer_sizes': (100,), 'max_iter': 50, 'alpha': 0.0001}. Best is trial 2 with value: 0.7.
