[I 2026-04-07 02:42:39,104] Trial 5 finished with value: 0.975 and parameters: {'n_estimators': 40, 'max_depth': 20, 'gamma': 0.3554734452019276, 'subsample': 0.5947710951851903, 'colsample_bytree': 0.7356254823676576}. Best is trial 1 with value: 0.975.
[I 2026-04-07 02:42:39,152] Trial 6 finished with value: 0.95 and parameters: {'n_estimators': 40, 'max_depth': 20, 'gamma': 0.8967376717636345, 'subsample': 0.988276510203839, 'colsample_bytree': 0.9184542964535913}. Best is trial 1 with value: 0.975.
[I 2026-04-07 02:42:39,201] Trial 7 finished with value: 0.925 and parameters: {'n_estimators': 40, 'max_depth': 30, 'gamma': 0.7149068474388774, 'subsample': 0.5696358027454862, 'colsample_bytree': 0.8514125286992056}. Best is trial 1 with value: 0.975.
[I 2026-04-07 02:42:39,250] Trial 8 finished with value: 0.9 and parameters: {'n_estimators': 100, 'max_depth': 30, 'gamma': 0.2471398756881566, 'subsample': 0.8241126205332553, 'colsample_bytree': 0.6258070715852391}. Best is trial 1 with value: 0.975.
[I 2026-04-07 02:42:39,309] Trial 9 finished with value: 0.975 and parameters: {'n_estimators': 40, 'max_depth': 30, 'gamma': 0.8599846034069103, 'subsample': 0.8019332783535529, 'colsample_bytree': 0.7936068454878676}. Best is trial 1 with value: 0.975.
[I 2026-04-07 02:42:39,379] Trial 10 finished with value: 0.95 and parameters: {'n_estimators': 100, 'max_depth': 5, 'gamma': 0.985518481083803, 'subsample': 0.8995678910481815, 'colsample_bytree': 0.5289314784806454}. Best is trial 1 with value: 0.975.
[I 2026-04-07 02:42:39,439] Trial 11 finished with value: 0.925 and parameters: {'n_estimators': 100, 'max_depth': 5, 'gamma': 0.2586790003980305, 'subsample': 0.5282246615033291, 'colsample_bytree': 0.723495033178611}. Best is trial 1 with value: 0.975.
[I 2026-04-07 02:42:39,478] Trial 12 finished with value: 0.9 and parameters: {'n_estimators': 100, 'max_depth': 30, 'gamma': 0.41550147001765914, 'subsample': 0.6487293432552963, 'colsample_bytree': 0.6417865530708933}. Best is trial 1 with value: 0.975.
[I 2026-04-07 02:42:39,517] Trial 13 finished with value: 0.925 and parameters: {'n_estimators': 40, 'max_depth': 20, 'gamma': 0.11701644856579113, 'subsample': 0.6284132225006196, 'colsample_bytree': 0.7843797188943729}. Best is trial 1 with value: 0.975.
[I 2026-04-07 02:42:39,567] Trial 14 finished with value: 0.95 and parameters: {'n_estimators': 100, 'max_depth': 5, 'gamma': 0.34565109058554067, 'subsample': 0.8940181087620663, 'colsample_bytree': 0.9627298158693121}. Best is trial 1 with value: 0.975.
[I 2026-04-07 02:42:39,606] Trial 15 finished with value: 0.9 and parameters: {'n_estimators': 40, 'max_depth': 30, 'gamma': 0.5848638284161247, 'subsample': 0.7102037453089012, 'colsample_bytree': 0.6901830775312008}. Best is trial 1 with value: 0.975.
[I 2026-04-07 02:42:39,644] Trial 16 finished with value: 0.925 and parameters: {'n_estimators': 100, 'max_depth': 20, 'gamma': 0.13021008877294932, 'subsample': 0.9183524469036154, 'colsample_bytree': 0.5974822131475583}. Best is trial 1 with value: 0.975.
[I 2026-04-07 02:42:39,683] Trial 17 finished with value: 0.925 and parameters: {'n_estimators': 40, 'max_depth': 30, 'gamma': 0.472564925427133, 'subsample': 0.5053007952589881, 'colsample_bytree': 0.7886671781183852}. Best is trial 1 with value: 0.975.
[I 2026-04-07 02:42:39,722] Trial 18 finished with value: 0.975 and parameters: {'n_estimators': 100, 'max_depth': 20, 'gamma': 0.31432524140584395, 'subsample': 0.6324602064631307, 'colsample_bytree': 0.8536200639294146}. Best is trial 1 with value: 0.975.
[I 2026-04-07 02:42:39,759] Trial 19 finished with value: 0.925 and parameters: {'n_estimators': 40, 'max_depth': 5, 'gamma': 0.6313653438994521, 'subsample': 0.5834951129485146, 'colsample_bytree': 0.7389971566876179}. Best is trial 1 with value: 0.975.
[I 2026-04-07 02:42:39,806] Trial 20 finished with value: 1.0 and parameters: {'n_estimators': 100, 'max_depth': 20, 'gamma': 0.8206763510358825, 'subsample': 0.8473563217091524, 'colsample_bytree': 0.6873329385136036}. Best is trial 20 with value: 1.0.
[I 2026-04-07 02:42:39,846] Trial 21 finished with value: 1.0 and parameters: {'n_estimators': 100, 'max_depth': 20, 'gamma': 0.9704315711921414, 'subsample': 0.8530593072618015, 'colsample_bytree': 0.6885813430791445}. Best is trial 20 with value: 1.0.
[I 2026-04-07 02:42:39,895] Trial 22 finished with value: 1.0 and parameters: {'n_estimators': 100, 'max_depth': 20, 'gamma': 0.9736933094603699, 'subsample': 0.8592839072914171, 'colsample_bytree': 0.6850334214528087}. Best is trial 20 with value: 1.0.
[I 2026-04-07 02:42:39,944] Trial 23 finished with value: 0.925 and parameters: {'n_estimators': 100, 'max_depth': 20, 'gamma': 0.8539732994893707, 'subsample': 0.8539207632958774, 'colsample_bytree': 0.6088826426448454}. Best is trial 20 with value: 1.0.
[I 2026-04-07 02:42:39,984] Trial 24 finished with value: 0.975 and parameters: {'n_estimators': 100, 'max_depth': 20, 'gamma': 0.9315908521622439, 'subsample': 0.8431481176060228, 'colsample_bytree': 0.6631043612390076}. Best is trial 20 with value: 1.0.
[I 2026-04-07 02:42:40,025] Trial 25 finished with value: 1.0 and parameters: {'n_estimators': 100, 'max_depth': 20, 'gamma': 0.8040407259058489, 'subsample': 0.9555025640505692, 'colsample_bytree': 0.558202647607771}. Best is trial 20 with value: 1.0.
[I 2026-04-07 02:42:40,075] Trial 26 finished with value: 0.95 and parameters: {'n_estimators': 100, 'max_depth': 20, 'gamma': 0.8037985045996735, 'subsample': 0.7407840484771276, 'colsample_bytree': 0.6789838358073463}. Best is trial 20 with value: 1.0.
[I 2026-04-07 02:42:40,123] Trial 27 finished with value: 0.975 and parameters: {'n_estimators': 100, 'max_depth': 20, 'gamma': 0.9261191408847208, 'subsample': 0.884547464283235, 'colsample_bytree': 0.771477394508009}. Best is trial 20 with value: 1.0.
[I 2026-04-07 02:42:40,173] Trial 28 finished with value: 1.0 and parameters: {'n_estimators': 100, 'max_depth': 20, 'gamma': 0.7916399292492509, 'subsample': 0.9537282170574309, 'colsample_bytree': 0.5882485782548165}. Best is trial 20 with value: 1.0.
[I 2026-04-07 02:42:40,215] Trial 29 finished with value: 0.9 and parameters: {'n_estimators': 10, 'max_depth': 20, 'gamma': 0.9789711029112098, 'subsample': 0.7496226299092197, 'colsample_bytree': 0.6632606702415547}. Best is trial 20 with value: 1.0.
[I 2026-04-07 02:42:41,087] A new study created in memory with name: rf
[I 2026-04-07 02:42:41,566] Trial 0 finished with value: 1.0 and parameters: {'n_estimators': 458, 'max_depth': 8, 'min_samples_split': 9, 'min_samples_leaf': 1}. Best is trial 0 with value: 1.0.
[I 2026-04-07 02:42:41,794] Trial 1 finished with value: 0.9 and parameters: {'n_estimators': 143, 'max_depth': 13, 'min_samples_split': 6, 'min_samples_leaf': 5}. Best is trial 0 with value: 1.0.
[I 2026-04-07 02:42:42,096] Trial 2 finished with value: 0.875 and parameters: {'n_estimators': 234, 'max_depth': 14, 'min_samples_split': 5, 'min_samples_leaf': 8}. Best is trial 0 with value: 1.0.
[I 2026-04-07 02:42:42,424] Trial 3 finished with value: 0.8 and parameters: {'n_estimators': 307, 'max_depth': 13, 'min_samples_split': 7, 'min_samples_leaf': 10}. Best is trial 0 with value: 1.0.
[I 2026-04-07 02:42:42,892] Trial 4 finished with value: 0.8 and parameters: {'n_estimators': 428, 'max_depth': 10, 'min_samples_split': 9, 'min_samples_leaf': 9}. Best is trial 0 with value: 1.0.
[I 2026-04-07 02:42:43,047] Trial 5 finished with value: 0.9 and parameters: {'n_estimators': 121, 'max_depth': 15, 'min_samples_split': 9, 'min_samples_leaf': 8}. Best is trial 0 with value: 1.0.
[I 2026-04-07 02:42:43,456] Trial 6 finished with value: 0.825 and parameters: {'n_estimators': 384, 'max_depth': 12, 'min_samples_split': 3, 'min_samples_leaf': 10}. Best is trial 0 with value: 1.0.
[I 2026-04-07 02:42:43,745] Trial 7 finished with value: 0.825 and parameters: {'n_estimators': 261, 'max_depth': 6, 'min_samples_split': 8, 'min_samples_leaf': 10}. Best is trial 0 with value: 1.0.
[I 2026-04-07 02:42:44,017] Trial 8 finished with value: 0.9 and parameters: {'n_estimators': 202, 'max_depth': 15, 'min_samples_split': 7, 'min_samples_leaf': 8}. Best is trial 0 with value: 1.0.
[I 2026-04-07 02:42:44,537] Trial 9 finished with value: 0.925 and parameters: {'n_estimators': 475, 'max_depth': 9, 'min_samples_split': 4, 'min_samples_leaf': 5}. Best is trial 0 with value: 1.0.
[I 2026-04-07 02:42:44,971] Trial 10 finished with value: 1.0 and parameters: {'n_estimators': 352, 'max_depth': 20, 'min_samples_split': 10, 'min_samples_leaf': 1}. Best is trial 0 with value: 1.0.
[I 2026-04-07 02:42:45,389] Trial 11 finished with value: 0.975 and parameters: {'n_estimators': 363, 'max_depth': 20, 'min_samples_split': 10, 'min_samples_leaf': 1}. Best is trial 0 with value: 1.0.
[I 2026-04-07 02:42:45,908] Trial 12 finished with value: 0.975 and parameters: {'n_estimators': 489, 'max_depth': 4, 'min_samples_split': 10, 'min_samples_leaf': 1}. Best is trial 0 with value: 1.0.
[I 2026-04-07 02:42:46,326] Trial 13 finished with value: 0.975 and parameters: {'n_estimators': 351, 'max_depth': 20, 'min_samples_split': 10, 'min_samples_leaf': 3}. Best is trial 0 with value: 1.0.
[I 2026-04-07 02:42:46,812] Trial 14 finished with value: 0.975 and parameters: {'n_estimators': 426, 'max_depth': 7, 'min_samples_split': 8, 'min_samples_leaf': 3}. Best is trial 0 with value: 1.0.
[I 2026-04-07 02:42:47,141] Trial 15 finished with value: 0.95 and parameters: {'n_estimators': 314, 'max_depth': 17, 'min_samples_split': 8, 'min_samples_leaf': 3}. Best is trial 0 with value: 1.0.
[I 2026-04-07 02:42:47,626] Trial 16 finished with value: 0.975 and parameters: {'n_estimators': 421, 'max_depth': 9, 'min_samples_split': 9, 'min_samples_leaf': 2}. Best is trial 0 with value: 1.0.
[I 2026-04-07 02:42:48,151] Trial 17 finished with value: 0.875 and parameters: {'n_estimators': 468, 'max_depth': 3, 'min_samples_split': 2, 'min_samples_leaf': 6}. Best is trial 0 with value: 1.0.
[I 2026-04-07 02:42:48,609] Trial 18 finished with value: 0.975 and parameters: {'n_estimators': 379, 'max_depth': 17, 'min_samples_split': 7, 'min_samples_leaf': 2}. Best is trial 0 with value: 1.0.
[I 2026-04-07 02:42:48,924] Trial 19 finished with value: 0.925 and parameters: {'n_estimators': 279, 'max_depth': 6, 'min_samples_split': 6, 'min_samples_leaf': 6}. Best is trial 0 with value: 1.0.
[I 2026-04-07 02:42:49,290] Trial 20 finished with value: 0.975 and parameters: {'n_estimators': 343, 'max_depth': 11, 'min_samples_split': 9, 'min_samples_leaf': 4}. Best is trial 0 with value: 1.0.
[I 2026-04-07 02:42:49,730] Trial 21 finished with value: 0.975 and parameters: {'n_estimators': 387, 'max_depth': 20, 'min_samples_split': 10, 'min_samples_leaf': 1}. Best is trial 0 with value: 1.0.
[I 2026-04-07 02:42:50,104] Trial 22 finished with value: 0.975 and parameters: {'n_estimators': 350, 'max_depth': 18, 'min_samples_split': 10, 'min_samples_leaf': 1}. Best is trial 0 with value: 1.0.
[I 2026-04-07 02:42:50,595] Trial 23 finished with value: 1.0 and parameters: {'n_estimators': 438, 'max_depth': 19, 'min_samples_split': 10, 'min_samples_leaf': 2}. Best is trial 0 with value: 1.0.
[I 2026-04-07 02:42:51,102] Trial 24 finished with value: 0.975 and parameters: {'n_estimators': 450, 'max_depth': 18, 'min_samples_split': 9, 'min_samples_leaf': 2}. Best is trial 0 with value: 1.0.
[I 2026-04-07 02:42:51,519] Trial 25 finished with value: 1.0 and parameters: {'n_estimators': 406, 'max_depth': 18, 'min_samples_split': 8, 'min_samples_leaf': 2}. Best is trial 0 with value: 1.0.
[I 2026-04-07 02:42:52,033] Trial 26 finished with value: 0.95 and parameters: {'n_estimators': 500, 'max_depth': 8, 'min_samples_split': 10, 'min_samples_leaf': 4}. Best is trial 0 with value: 1.0.
[I 2026-04-07 02:42:52,500] Trial 27 finished with value: 0.975 and parameters: {'n_estimators': 437, 'max_depth': 19, 'min_samples_split': 9, 'min_samples_leaf': 1}. Best is trial 0 with value: 1.0.
[I 2026-04-07 02:42:53,018] Trial 28 finished with value: 0.975 and parameters: {'n_estimators': 455, 'max_depth': 16, 'min_samples_split': 5, 'min_samples_leaf': 4}. Best is trial 0 with value: 1.0.
[I 2026-04-07 02:42:53,273] Trial 29 finished with value: 0.975 and parameters: {'n_estimators': 183, 'max_depth': 11, 'min_samples_split': 8, 'min_samples_leaf': 3}. Best is trial 0 with value: 1.0.
[I 2026-04-07 02:42:58,923] A new study created in memory with name: mlp
[I 2026-04-07 02:42:58,990] Trial 0 finished with value: 0.8 and parameters: {'hidden_layer_sizes': (100,), 'max_iter': 100, 'alpha': 0.0001}. Best is trial 0 with value: 0.8.
[I 2026-04-07 02:42:59,076] Trial 1 finished with value: 0.8 and parameters: {'hidden_layer_sizes': (100, 100), 'max_iter': 100, 'alpha': 0.001}. Best is trial 0 with value: 0.8.
[I 2026-04-07 02:42:59,141] Trial 2 finished with value: 0.825 and parameters: {'hidden_layer_sizes': (200,), 'max_iter': 100, 'alpha': 0.0001}. Best is trial 2 with value: 0.825.
[I 2026-04-07 02:42:59,189] Trial 3 finished with value: 0.8 and parameters: {'hidden_layer_sizes': (200,), 'max_iter': 50, 'alpha': 0.001}. Best is trial 2 with value: 0.825.
[I 2026-04-07 02:42:59,236] Trial 4 finished with value: 0.775 and parameters: {'hidden_layer_sizes': (100, 100), 'max_iter': 50, 'alpha': 0.0001}. Best is trial 2 with value: 0.825.
[I 2026-04-07 02:42:59,292] Trial 5 finished with value: 0.8 and parameters: {'hidden_layer_sizes': (200,), 'max_iter': 100, 'alpha': 0.0001}. Best is trial 2 with value: 0.825.
[I 2026-04-07 02:42:59,349] Trial 6 finished with value: 0.8 and parameters: {'hidden_layer_sizes': (200,), 'max_iter': 100, 'alpha': 0.001}. Best is trial 2 with value: 0.825.
[I 2026-04-07 02:42:59,395] Trial 7 finished with value: 0.825 and parameters: {'hidden_layer_sizes': (100,), 'max_iter': 100, 'alpha': 0.001}. Best is trial 2 with value: 0.825.
[I 2026-04-07 02:42:59,462] Trial 8 finished with value: 0.775 and parameters: {'hidden_layer_sizes': (100, 100), 'max_iter': 100, 'alpha': 0.0001}. Best is trial 2 with value: 0.825.
[I 2026-04-07 02:42:59,516] Trial 9 finished with value: 0.8 and parameters: {'hidden_layer_sizes': (200,), 'max_iter': 100, 'alpha': 0.0001}. Best is trial 2 with value: 0.825.
[I 2026-04-07 02:42:59,555] Trial 10 finished with value: 0.8 and parameters: {'hidden_layer_sizes': (200,), 'max_iter': 50, 'alpha': 0.0001}. Best is trial 2 with value: 0.825.
[I 2026-04-07 02:42:59,603] Trial 11 finished with value: 0.8 and parameters: {'hidden_layer_sizes': (100,), 'max_iter': 100, 'alpha': 0.001}. Best is trial 2 with value: 0.825.
[I 2026-04-07 02:42:59,662] Trial 12 finished with value: 0.775 and parameters: {'hidden_layer_sizes': (100,), 'max_iter': 100, 'alpha': 0.001}. Best is trial 2 with value: 0.825.
[I 2026-04-07 02:42:59,733] Trial 13 finished with value: 0.825 and parameters: {'hidden_layer_sizes': (100,), 'max_iter': 100, 'alpha': 0.001}. Best is trial 2 with value: 0.825.
[I 2026-04-07 02:42:59,773] Trial 14 finished with value: 0.825 and parameters: {'hidden_layer_sizes': (100,), 'max_iter': 50, 'alpha': 0.0001}. Best is trial 2 with value: 0.825.
[I 2026-04-07 02:42:59,821] Trial 15 finished with value: 0.8 and parameters: {'hidden_layer_sizes': (200,), 'max_iter': 100, 'alpha': 0.001}. Best is trial 2 with value: 0.825.
[I 2026-04-07 02:42:59,880] Trial 16 finished with value: 0.775 and parameters: {'hidden_layer_sizes': (100,), 'max_iter': 100, 'alpha': 0.001}. Best is trial 2 with value: 0.825.
[I 2026-04-07 02:42:59,928] Trial 17 finished with value: 0.825 and parameters: {'hidden_layer_sizes': (100,), 'max_iter': 100, 'alpha': 0.0001}. Best is trial 2 with value: 0.825.
[I 2026-04-07 02:42:59,966] Trial 18 finished with value: 0.775 and parameters: {'hidden_layer_sizes': (200,), 'max_iter': 50, 'alpha': 0.0001}. Best is trial 2 with value: 0.825.
[I 2026-04-07 02:43:00,055] Trial 19 finished with value: 0.825 and parameters: {'hidden_layer_sizes': (100, 100), 'max_iter': 100, 'alpha': 0.001}. Best is trial 2 with value: 0.825.
[I 2026-04-07 02:43:00,103] Trial 20 finished with value: 0.775 and parameters: {'hidden_layer_sizes': (100,), 'max_iter': 100, 'alpha': 0.0001}. Best is trial 2 with value: 0.825.
[I 2026-04-07 02:43:00,151] Trial 21 finished with value: 0.825 and parameters: {'hidden_layer_sizes': (100,), 'max_iter': 100, 'alpha': 0.001}. Best is trial 2 with value: 0.825.
[I 2026-04-07 02:43:00,199] Trial 22 finished with value: 0.825 and parameters: {'hidden_layer_sizes': (100,), 'max_iter': 100, 'alpha': 0.001}. Best is trial 2 with value: 0.825.
[I 2026-04-07 02:43:00,248] Trial 23 finished with value: 0.8 and parameters: {'hidden_layer_sizes': (100,), 'max_iter': 100, 'alpha': 0.001}. Best is trial 2 with value: 0.825.
[I 2026-04-07 02:43:00,296] Trial 24 finished with value: 0.8 and parameters: {'hidden_layer_sizes': (100,), 'max_iter': 100, 'alpha': 0.001}. Best is trial 2 with value: 0.825.
[I 2026-04-07 02:43:00,344] Trial 25 finished with value: 0.825 and parameters: {'hidden_layer_sizes': (200,), 'max_iter': 100, 'alpha': 0.001}. Best is trial 2 with value: 0.825.
[I 2026-04-07 02:43:00,393] Trial 26 finished with value: 0.8 and parameters: {'hidden_layer_sizes': (100,), 'max_iter': 50, 'alpha': 0.001}. Best is trial 2 with value: 0.825.
[I 2026-04-07 02:43:00,441] Trial 27 finished with value: 0.825 and parameters: {'hidden_layer_sizes': (100,), 'max_iter': 100, 'alpha': 0.001}. Best is trial 2 with value: 0.825.
[I 2026-04-07 02:43:00,520] Trial 28 finished with value: 0.775 and parameters: {'hidden_layer_sizes': (100, 100), 'max_iter': 100, 'alpha': 0.0001}. Best is trial 2 with value: 0.825.
[I 2026-04-07 02:43:00,599] Trial 29 finished with value: 0.8 and parameters: {'hidden_layer_sizes': (200,), 'max_iter': 100, 'alpha': 0.0001}. Best is trial 2 with value: 0.825.
[I 2026-04-07 02:43:05,789] A new study created in memory with name: naive_bayes
[I 2026-04-07 02:43:05,807] Trial 0 finished with value: 0.95 and parameters: {'var_smoothing': 6.10548688762798e-09}. Best is trial 0 with value: 0.95.
[I 2026-04-07 02:43:05,820] Trial 1 finished with value: 0.925 and parameters: {'var_smoothing': 4.6127467400935034e-10}. Best is trial 0 with value: 0.95.
[I 2026-04-07 02:43:05,832] Trial 2 finished with value: 0.95 and parameters: {'var_smoothing': 4.389936579400967e-09}. Best is trial 0 with value: 0.95.
[I 2026-04-07 02:43:05,845] Trial 3 finished with value: 0.925 and parameters: {'var_smoothing': 1.2116948204672054e-10}. Best is trial 0 with value: 0.95.
[I 2026-04-07 02:43:05,858] Trial 4 finished with value: 0.925 and parameters: {'var_smoothing': 1.6417739478477417e-10}. Best is trial 0 with value: 0.95.
[I 2026-04-07 02:43:05,871] Trial 5 finished with value: 0.95 and parameters: {'var_smoothing': 1.5491880147236797e-09}. Best is trial 0 with value: 0.95.
[I 2026-04-07 02:43:05,884] Trial 6 finished with value: 0.95 and parameters: {'var_smoothing': 1.1471883405287265e-09}. Best is trial 0 with value: 0.95.
[I 2026-04-07 02:43:05,897] Trial 7 finished with value: 0.925 and parameters: {'var_smoothing': 6.88041853492358e-10}. Best is trial 0 with value: 0.95.
[I 2026-04-07 02:43:05,910] Trial 8 finished with value: 0.925 and parameters: {'var_smoothing': 4.686144741221158e-10}. Best is trial 0 with value: 0.95.
[I 2026-04-07 02:43:05,923] Trial 9 finished with value: 0.95 and parameters: {'var_smoothing': 1.7580809350683337e-09}. Best is trial 0 with value: 0.95.
[I 2026-04-07 02:43:05,940] Trial 10 finished with value: 0.95 and parameters: {'var_smoothing': 9.83902635509218e-09}. Best is trial 0 with value: 0.95.
[I 2026-04-07 02:43:05,970] Trial 11 finished with value: 0.95 and parameters: {'var_smoothing': 6.91018960086788e-09}. Best is trial 0 with value: 0.95.
[I 2026-04-07 02:43:06,000] Trial 12 finished with value: 0.95 and parameters: {'var_smoothing': 3.681922431884921e-09}. Best is trial 0 with value: 0.95.
[I 2026-04-07 02:43:06,019] Trial 13 finished with value: 0.95 and parameters: {'var_smoothing': 3.5960698381419725e-09}. Best is trial 0 with value: 0.95.
[I 2026-04-07 02:43:06,038] Trial 14 finished with value: 0.95 and parameters: {'var_smoothing': 3.3469241907304184e-09}. Best is trial 0 with value: 0.95.
[I 2026-04-07 02:43:06,057] Trial 15 finished with value: 0.95 and parameters: {'var_smoothing': 5.301074132926346e-09}. Best is trial 0 with value: 0.95.
[I 2026-04-07 02:43:06,077] Trial 16 finished with value: 0.95 and parameters: {'var_smoothing': 2.347916255848939e-09}. Best is trial 0 with value: 0.95.
[I 2026-04-07 02:43:06,096] Trial 17 finished with value: 0.95 and parameters: {'var_smoothing': 8.497904890171005e-09}. Best is trial 0 with value: 0.95.
[I 2026-04-07 02:43:06,116] Trial 18 finished with value: 0.95 and parameters: {'var_smoothing': 5.310317656318349e-09}. Best is trial 0 with value: 0.95.
[I 2026-04-07 02:43:06,133] Trial 19 finished with value: 0.95 and parameters: {'var_smoothing': 2.6113931710140704e-09}. Best is trial 0 with value: 0.95.
[I 2026-04-07 02:43:06,153] Trial 20 finished with value: 0.95 and parameters: {'var_smoothing': 5.361057930102072e-09}. Best is trial 0 with value: 0.95.
[I 2026-04-07 02:43:06,173] Trial 21 finished with value: 0.95 and parameters: {'var_smoothing': 1.3811408295898886e-09}. Best is trial 0 with value: 0.95.
[I 2026-04-07 02:43:06,190] Trial 22 finished with value: 0.95 and parameters: {'var_smoothing': 1.835078530630161e-09}. Best is trial 0 with value: 0.95.
[I 2026-04-07 02:43:06,210] Trial 23 finished with value: 0.925 and parameters: {'var_smoothing': 7.406163186851343e-10}. Best is trial 0 with value: 0.95.
[I 2026-04-07 02:43:06,230] Trial 24 finished with value: 0.95 and parameters: {'var_smoothing': 4.125726730798879e-09}. Best is trial 0 with value: 0.95.
[I 2026-04-07 02:43:06,249] Trial 25 finished with value: 0.95 and parameters: {'var_smoothing': 2.2163805343177648e-09}. Best is trial 0 with value: 0.95.
