[I 2026-04-07 03:15:17,277] Trial 21 finished with value: 0.925 and parameters: {'n_estimators': 470, 'max_depth': 15, 'min_samples_split': 8, 'min_samples_leaf': 10}. Best is trial 0 with value: 0.925.
[I 2026-04-07 03:15:17,785] Trial 22 finished with value: 0.9 and parameters: {'n_estimators': 429, 'max_depth': 14, 'min_samples_split': 9, 'min_samples_leaf': 10}. Best is trial 0 with value: 0.925.
[I 2026-04-07 03:15:18,284] Trial 23 finished with value: 0.925 and parameters: {'n_estimators': 475, 'max_depth': 17, 'min_samples_split': 8, 'min_samples_leaf': 9}. Best is trial 0 with value: 0.925.
[I 2026-04-07 03:15:18,844] Trial 24 finished with value: 0.875 and parameters: {'n_estimators': 497, 'max_depth': 18, 'min_samples_split': 6, 'min_samples_leaf': 6}. Best is trial 0 with value: 0.925.
[I 2026-04-07 03:15:19,312] Trial 25 finished with value: 0.9 and parameters: {'n_estimators': 407, 'max_depth': 9, 'min_samples_split': 10, 'min_samples_leaf': 8}. Best is trial 0 with value: 0.925.
[I 2026-04-07 03:15:19,812] Trial 26 finished with value: 0.875 and parameters: {'n_estimators': 441, 'max_depth': 13, 'min_samples_split': 8, 'min_samples_leaf': 5}. Best is trial 0 with value: 0.925.
[I 2026-04-07 03:15:20,168] Trial 27 finished with value: 0.9 and parameters: {'n_estimators': 281, 'max_depth': 5, 'min_samples_split': 9, 'min_samples_leaf': 3}. Best is trial 0 with value: 0.925.
[I 2026-04-07 03:15:20,587] Trial 28 finished with value: 0.9 and parameters: {'n_estimators': 359, 'max_depth': 18, 'min_samples_split': 7, 'min_samples_leaf': 9}. Best is trial 0 with value: 0.925.
[I 2026-04-07 03:15:20,773] Trial 29 finished with value: 0.875 and parameters: {'n_estimators': 103, 'max_depth': 10, 'min_samples_split': 4, 'min_samples_leaf': 6}. Best is trial 0 with value: 0.925.
[I 2026-04-07 03:15:25,327] A new study created in memory with name: mlp
[I 2026-04-07 03:15:25,364] Trial 0 finished with value: 0.875 and parameters: {'hidden_layer_sizes': (200,), 'max_iter': 50, 'alpha': 0.001}. Best is trial 0 with value: 0.875.
[I 2026-04-07 03:15:25,403] Trial 1 finished with value: 0.9 and parameters: {'hidden_layer_sizes': (200,), 'max_iter': 50, 'alpha': 0.0001}. Best is trial 1 with value: 0.9.
[I 2026-04-07 03:15:25,440] Trial 2 finished with value: 0.9 and parameters: {'hidden_layer_sizes': (100,), 'max_iter': 50, 'alpha': 0.0001}. Best is trial 1 with value: 0.9.
[I 2026-04-07 03:15:25,486] Trial 3 finished with value: 0.9 and parameters: {'hidden_layer_sizes': (100,), 'max_iter': 100, 'alpha': 0.001}. Best is trial 1 with value: 0.9.
[I 2026-04-07 03:15:25,552] Trial 4 finished with value: 0.9 and parameters: {'hidden_layer_sizes': (200,), 'max_iter': 100, 'alpha': 0.001}. Best is trial 1 with value: 0.9.
[I 2026-04-07 03:15:25,597] Trial 5 finished with value: 0.875 and parameters: {'hidden_layer_sizes': (200,), 'max_iter': 50, 'alpha': 0.001}. Best is trial 1 with value: 0.9.
[I 2026-04-07 03:15:25,653] Trial 6 finished with value: 0.85 and parameters: {'hidden_layer_sizes': (100,), 'max_iter': 100, 'alpha': 0.0001}. Best is trial 1 with value: 0.9.
[I 2026-04-07 03:15:25,699] Trial 7 finished with value: 0.9 and parameters: {'hidden_layer_sizes': (100, 100), 'max_iter': 50, 'alpha': 0.0001}. Best is trial 1 with value: 0.9.
[I 2026-04-07 03:15:25,765] Trial 8 finished with value: 0.9 and parameters: {'hidden_layer_sizes': (100, 100), 'max_iter': 100, 'alpha': 0.0001}. Best is trial 1 with value: 0.9.
[I 2026-04-07 03:15:25,801] Trial 9 finished with value: 0.85 and parameters: {'hidden_layer_sizes': (100,), 'max_iter': 50, 'alpha': 0.001}. Best is trial 1 with value: 0.9.
[I 2026-04-07 03:15:25,840] Trial 10 finished with value: 0.875 and parameters: {'hidden_layer_sizes': (200,), 'max_iter': 50, 'alpha': 0.0001}. Best is trial 1 with value: 0.9.
[I 2026-04-07 03:15:25,878] Trial 11 finished with value: 0.85 and parameters: {'hidden_layer_sizes': (100,), 'max_iter': 50, 'alpha': 0.0001}. Best is trial 1 with value: 0.9.
[I 2026-04-07 03:15:25,926] Trial 12 finished with value: 0.825 and parameters: {'hidden_layer_sizes': (200,), 'max_iter': 50, 'alpha': 0.0001}. Best is trial 1 with value: 0.9.
[I 2026-04-07 03:15:25,964] Trial 13 finished with value: 0.825 and parameters: {'hidden_layer_sizes': (100,), 'max_iter': 50, 'alpha': 0.0001}. Best is trial 1 with value: 0.9.
[I 2026-04-07 03:15:26,014] Trial 14 finished with value: 0.9 and parameters: {'hidden_layer_sizes': (100, 100), 'max_iter': 50, 'alpha': 0.0001}. Best is trial 1 with value: 0.9.
[I 2026-04-07 03:15:26,062] Trial 15 finished with value: 0.925 and parameters: {'hidden_layer_sizes': (200,), 'max_iter': 50, 'alpha': 0.0001}. Best is trial 15 with value: 0.925.
[I 2026-04-07 03:15:26,109] Trial 16 finished with value: 0.875 and parameters: {'hidden_layer_sizes': (200,), 'max_iter': 50, 'alpha': 0.0001}. Best is trial 15 with value: 0.925.
[I 2026-04-07 03:15:26,158] Trial 17 finished with value: 0.925 and parameters: {'hidden_layer_sizes': (200,), 'max_iter': 50, 'alpha': 0.0001}. Best is trial 15 with value: 0.925.
[I 2026-04-07 03:15:26,208] Trial 18 finished with value: 0.85 and parameters: {'hidden_layer_sizes': (200,), 'max_iter': 100, 'alpha': 0.0001}. Best is trial 15 with value: 0.925.
[I 2026-04-07 03:15:26,244] Trial 19 finished with value: 0.85 and parameters: {'hidden_layer_sizes': (200,), 'max_iter': 50, 'alpha': 0.0001}. Best is trial 15 with value: 0.925.
[I 2026-04-07 03:15:26,282] Trial 20 finished with value: 0.825 and parameters: {'hidden_layer_sizes': (200,), 'max_iter': 50, 'alpha': 0.0001}. Best is trial 15 with value: 0.925.
[I 2026-04-07 03:15:26,321] Trial 21 finished with value: 0.825 and parameters: {'hidden_layer_sizes': (200,), 'max_iter': 50, 'alpha': 0.0001}. Best is trial 15 with value: 0.925.
[I 2026-04-07 03:15:26,359] Trial 22 finished with value: 0.85 and parameters: {'hidden_layer_sizes': (200,), 'max_iter': 50, 'alpha': 0.0001}. Best is trial 15 with value: 0.925.
[I 2026-04-07 03:15:26,398] Trial 23 finished with value: 0.775 and parameters: {'hidden_layer_sizes': (200,), 'max_iter': 50, 'alpha': 0.0001}. Best is trial 15 with value: 0.925.
[I 2026-04-07 03:15:26,435] Trial 24 finished with value: 0.875 and parameters: {'hidden_layer_sizes': (200,), 'max_iter': 50, 'alpha': 0.0001}. Best is trial 15 with value: 0.925.
[I 2026-04-07 03:15:26,494] Trial 25 finished with value: 0.9 and parameters: {'hidden_layer_sizes': (100, 100), 'max_iter': 50, 'alpha': 0.0001}. Best is trial 15 with value: 0.925.
[I 2026-04-07 03:15:26,552] Trial 26 finished with value: 0.925 and parameters: {'hidden_layer_sizes': (200,), 'max_iter': 100, 'alpha': 0.001}. Best is trial 15 with value: 0.925.
[I 2026-04-07 03:15:26,621] Trial 27 finished with value: 0.925 and parameters: {'hidden_layer_sizes': (200,), 'max_iter': 100, 'alpha': 0.001}. Best is trial 15 with value: 0.925.
[I 2026-04-07 03:15:26,689] Trial 28 finished with value: 0.925 and parameters: {'hidden_layer_sizes': (200,), 'max_iter': 100, 'alpha': 0.001}. Best is trial 15 with value: 0.925.
[I 2026-04-07 03:15:26,758] Trial 29 finished with value: 0.925 and parameters: {'hidden_layer_sizes': (200,), 'max_iter': 100, 'alpha': 0.001}. Best is trial 15 with value: 0.925.
[I 2026-04-07 03:15:34,159] A new study created in memory with name: naive_bayes
[I 2026-04-07 03:15:34,174] Trial 0 finished with value: 1.0 and parameters: {'var_smoothing': 5.582886587978182e-09}. Best is trial 0 with value: 1.0.
[I 2026-04-07 03:15:34,186] Trial 1 finished with value: 1.0 and parameters: {'var_smoothing': 8.651299071518215e-09}. Best is trial 0 with value: 1.0.
[I 2026-04-07 03:15:34,198] Trial 2 finished with value: 1.0 and parameters: {'var_smoothing': 5.475062490474489e-09}. Best is trial 0 with value: 1.0.
[I 2026-04-07 03:15:34,221] Trial 3 finished with value: 1.0 and parameters: {'var_smoothing': 1.1526869678723134e-09}. Best is trial 0 with value: 1.0.
[I 2026-04-07 03:15:34,243] Trial 4 finished with value: 1.0 and parameters: {'var_smoothing': 2.920496270341785e-10}. Best is trial 0 with value: 1.0.
[I 2026-04-07 03:15:34,256] Trial 5 finished with value: 1.0 and parameters: {'var_smoothing': 1.0538956417705805e-10}. Best is trial 0 with value: 1.0.
[I 2026-04-07 03:15:34,269] Trial 6 finished with value: 1.0 and parameters: {'var_smoothing': 7.260016982331591e-10}. Best is trial 0 with value: 1.0.
[I 2026-04-07 03:15:34,283] Trial 7 finished with value: 1.0 and parameters: {'var_smoothing': 6.378267364653917e-10}. Best is trial 0 with value: 1.0.
[I 2026-04-07 03:15:34,297] Trial 8 finished with value: 1.0 and parameters: {'var_smoothing': 1.1100673847791952e-09}. Best is trial 0 with value: 1.0.
[I 2026-04-07 03:15:34,310] Trial 9 finished with value: 1.0 and parameters: {'var_smoothing': 9.052813879088377e-10}. Best is trial 0 with value: 1.0.
[I 2026-04-07 03:15:34,331] Trial 10 finished with value: 1.0 and parameters: {'var_smoothing': 3.20543606083287e-09}. Best is trial 0 with value: 1.0.
[I 2026-04-07 03:15:34,351] Trial 11 finished with value: 1.0 and parameters: {'var_smoothing': 8.433965140342417e-09}. Best is trial 0 with value: 1.0.
[I 2026-04-07 03:15:34,370] Trial 12 finished with value: 1.0 and parameters: {'var_smoothing': 2.860874278982245e-09}. Best is trial 0 with value: 1.0.
[I 2026-04-07 03:15:34,390] Trial 13 finished with value: 1.0 and parameters: {'var_smoothing': 9.270349036178526e-09}. Best is trial 0 with value: 1.0.
[I 2026-04-07 03:15:34,408] Trial 14 finished with value: 1.0 and parameters: {'var_smoothing': 3.13069447640915e-09}. Best is trial 0 with value: 1.0.
[I 2026-04-07 03:15:34,428] Trial 15 finished with value: 1.0 and parameters: {'var_smoothing': 5.223604886811285e-09}. Best is trial 0 with value: 1.0.
[I 2026-04-07 03:15:34,447] Trial 16 finished with value: 1.0 and parameters: {'var_smoothing': 2.0295724993447026e-09}. Best is trial 0 with value: 1.0.
[I 2026-04-07 03:15:34,467] Trial 17 finished with value: 1.0 and parameters: {'var_smoothing': 5.880433102756661e-09}. Best is trial 0 with value: 1.0.
[I 2026-04-07 03:15:34,487] Trial 18 finished with value: 1.0 and parameters: {'var_smoothing': 1.6980964875204416e-09}. Best is trial 0 with value: 1.0.
[I 2026-04-07 03:15:34,503] Trial 19 finished with value: 1.0 and parameters: {'var_smoothing': 4.2955625192244405e-09}. Best is trial 0 with value: 1.0.
[I 2026-04-07 03:15:34,533] Trial 20 finished with value: 1.0 and parameters: {'var_smoothing': 9.833771947222685e-09}. Best is trial 0 with value: 1.0.
[I 2026-04-07 03:15:34,563] Trial 21 finished with value: 1.0 and parameters: {'var_smoothing': 6.0482464086364635e-09}. Best is trial 0 with value: 1.0.
[I 2026-04-07 03:15:34,581] Trial 22 finished with value: 1.0 and parameters: {'var_smoothing': 4.537628481410357e-09}. Best is trial 0 with value: 1.0.
[I 2026-04-07 03:15:34,598] Trial 23 finished with value: 1.0 and parameters: {'var_smoothing': 6.750528289210463e-09}. Best is trial 0 with value: 1.0.
[I 2026-04-07 03:15:34,618] Trial 24 finished with value: 1.0 and parameters: {'var_smoothing': 2.2780337647355764e-09}. Best is trial 0 with value: 1.0.
[I 2026-04-07 03:15:34,637] Trial 25 finished with value: 1.0 and parameters: {'var_smoothing': 3.986918574074946e-09}. Best is trial 0 with value: 1.0.
[I 2026-04-07 03:15:34,657] Trial 26 finished with value: 1.0 and parameters: {'var_smoothing': 1.7707565248297843e-09}. Best is trial 0 with value: 1.0.
[I 2026-04-07 03:15:34,677] Trial 27 finished with value: 1.0 and parameters: {'var_smoothing': 6.732492847962814e-09}. Best is trial 0 with value: 1.0.
[I 2026-04-07 03:15:34,697] Trial 28 finished with value: 1.0 and parameters: {'var_smoothing': 3.8684773890893174e-10}. Best is trial 0 with value: 1.0.
[I 2026-04-07 03:15:34,717] Trial 29 finished with value: 1.0 and parameters: {'var_smoothing': 1.5480090897085013e-09}. Best is trial 0 with value: 1.0.
[I 2026-04-07 03:15:35,617] A new study created in memory with name: logreg
[I 2026-04-07 03:15:35,642] Trial 0 finished with value: 0.95 and parameters: {'C': 23.288794782471303, 'penalty': 'l2'}. Best is trial 0 with value: 0.95.
[I 2026-04-07 03:15:35,667] Trial 1 finished with value: 0.95 and parameters: {'C': 69.61507800412923, 'penalty': 'l2'}. Best is trial 0 with value: 0.95.
[I 2026-04-07 03:15:35,692] Trial 2 finished with value: 0.95 and parameters: {'C': 22.180569925473442, 'penalty': 'l2'}. Best is trial 0 with value: 0.95.
[I 2026-04-07 03:15:35,715] Trial 3 finished with value: 0.975 and parameters: {'C': 0.4511058486037652, 'penalty': 'l2'}. Best is trial 3 with value: 0.975.
[I 2026-04-07 03:15:35,740] Trial 4 finished with value: 0.975 and parameters: {'C': 0.014576110093994574, 'penalty': 'l2'}. Best is trial 3 with value: 0.975.
[I 2026-04-07 03:15:35,765] Trial 5 finished with value: 0.975 and parameters: {'C': 0.0011402340906886685, 'penalty': 'l2'}. Best is trial 3 with value: 0.975.
[I 2026-04-07 03:15:35,791] Trial 6 finished with value: 0.975 and parameters: {'C': 0.14201822862985758, 'penalty': 'l2'}. Best is trial 3 with value: 0.975.
[I 2026-04-07 03:15:35,816] Trial 7 finished with value: 0.975 and parameters: {'C': 0.1027440782219989, 'penalty': 'l2'}. Best is trial 3 with value: 0.975.
[I 2026-04-07 03:15:35,841] Trial 8 finished with value: 0.975 and parameters: {'C': 0.41055690122086846, 'penalty': 'l2'}. Best is trial 3 with value: 0.975.
[I 2026-04-07 03:15:35,866] Trial 9 finished with value: 0.975 and parameters: {'C': 0.24658064201770763, 'penalty': 'l2'}. Best is trial 3 with value: 0.975.
[I 2026-04-07 03:15:35,885] Trial 10 finished with value: 0.95 and parameters: {'C': 4.054933242818742, 'penalty': 'l2'}. Best is trial 3 with value: 0.975.
[I 2026-04-07 03:15:35,902] Trial 11 finished with value: 0.975 and parameters: {'C': 0.003961934681150152, 'penalty': 'l2'}. Best is trial 3 with value: 0.975.
[I 2026-04-07 03:15:35,923] Trial 12 finished with value: 0.975 and parameters: {'C': 0.019388131770559862, 'penalty': 'l2'}. Best is trial 3 with value: 0.975.
[I 2026-04-07 03:15:35,951] Trial 13 finished with value: 0.95 and parameters: {'C': 2.016824464087347, 'penalty': 'l2'}. Best is trial 3 with value: 0.975.
[I 2026-04-07 03:15:35,971] Trial 14 finished with value: 0.975 and parameters: {'C': 0.01877168954008985, 'penalty': 'l2'}. Best is trial 3 with value: 0.975.
[I 2026-04-07 03:15:35,999] Trial 15 finished with value: 0.975 and parameters: {'C': 0.024182934845654317, 'penalty': 'l2'}. Best is trial 3 with value: 0.975.
[I 2026-04-07 03:15:36,019] Trial 16 finished with value: 0.95 and parameters: {'C': 1.8311875464949172, 'penalty': 'l2'}. Best is trial 3 with value: 0.975.
[I 2026-04-07 03:15:36,050] Trial 17 finished with value: 0.975 and parameters: {'C': 0.0042815732142654096, 'penalty': 'l2'}. Best is trial 3 with value: 0.975.
[I 2026-04-07 03:15:36,079] Trial 18 finished with value: 0.95 and parameters: {'C': 0.6434528380001633, 'penalty': 'l2'}. Best is trial 3 with value: 0.975.
[I 2026-04-07 03:15:36,107] Trial 19 finished with value: 0.975 and parameters: {'C': 0.06568247903797426, 'penalty': 'l2'}. Best is trial 3 with value: 0.975.
[I 2026-04-07 03:15:36,125] Trial 20 finished with value: 0.975 and parameters: {'C': 0.0041592064934631405, 'penalty': 'l2'}. Best is trial 3 with value: 0.975.
[I 2026-04-07 03:15:36,153] Trial 21 finished with value: 0.975 and parameters: {'C': 0.002280408610299063, 'penalty': 'l2'}. Best is trial 3 with value: 0.975.
[I 2026-04-07 03:15:36,184] Trial 22 finished with value: 0.975 and parameters: {'C': 0.0011002325137104653, 'penalty': 'l2'}. Best is trial 3 with value: 0.975.
[I 2026-04-07 03:15:36,204] Trial 23 finished with value: 0.975 and parameters: {'C': 0.009183049624154345, 'penalty': 'l2'}. Best is trial 3 with value: 0.975.
[I 2026-04-07 03:15:36,236] Trial 24 finished with value: 0.975 and parameters: {'C': 0.001025926544258175, 'penalty': 'l2'}. Best is trial 3 with value: 0.975.
[I 2026-04-07 03:15:36,253] Trial 25 finished with value: 0.975 and parameters: {'C': 0.027403892983194244, 'penalty': 'l2'}. Best is trial 3 with value: 0.975.
[I 2026-04-07 03:15:36,280] Trial 26 finished with value: 0.975 and parameters: {'C': 0.05368785735200754, 'penalty': 'l2'}. Best is trial 3 with value: 0.975.
[I 2026-04-07 03:15:36,298] Trial 27 finished with value: 0.975 and parameters: {'C': 0.00949844441862479, 'penalty': 'l2'}. Best is trial 3 with value: 0.975.
[I 2026-04-07 03:15:36,315] Trial 28 finished with value: 0.95 and parameters: {'C': 0.7834665389626608, 'penalty': 'l2'}. Best is trial 3 with value: 0.975.
[I 2026-04-07 03:15:36,342] Trial 29 finished with value: 0.95 and parameters: {'C': 7.737265414933293, 'penalty': 'l2'}. Best is trial 3 with value: 0.975.
[I 2026-04-07 03:15:37,197] A new study created in memory with name: knn
[I 2026-04-07 03:15:37,221] Trial 0 finished with value: 0.975 and parameters: {'n_neighbors': 9, 'leaf_size': 40, 'p': 1}. Best is trial 0 with value: 0.975.
[I 2026-04-07 03:15:37,245] Trial 1 finished with value: 0.95 and parameters: {'n_neighbors': 4, 'leaf_size': 20, 'p': 1}. Best is trial 0 with value: 0.975.
[I 2026-04-07 03:15:37,270] Trial 2 finished with value: 0.95 and parameters: {'n_neighbors': 7, 'leaf_size': 30, 'p': 1}. Best is trial 0 with value: 0.975.
[I 2026-04-07 03:15:37,296] Trial 3 finished with value: 0.975 and parameters: {'n_neighbors': 9, 'leaf_size': 34, 'p': 1}. Best is trial 0 with value: 0.975.
[I 2026-04-07 03:15:37,321] Trial 4 finished with value: 0.95 and parameters: {'n_neighbors': 5, 'leaf_size': 40, 'p': 1}. Best is trial 0 with value: 0.975.
[I 2026-04-07 03:15:37,336] Trial 5 finished with value: 0.975 and parameters: {'n_neighbors': 3, 'leaf_size': 40, 'p': 2}. Best is trial 0 with value: 0.975.
[I 2026-04-07 03:15:37,350] Trial 6 finished with value: 0.975 and parameters: {'n_neighbors': 3, 'leaf_size': 24, 'p': 2}. Best is trial 0 with value: 0.975.
[I 2026-04-07 03:15:37,365] Trial 7 finished with value: 0.975 and parameters: {'n_neighbors': 5, 'leaf_size': 40, 'p': 2}. Best is trial 0 with value: 0.975.
[I 2026-04-07 03:15:37,389] Trial 8 finished with value: 0.975 and parameters: {'n_neighbors': 6, 'leaf_size': 36, 'p': 1}. Best is trial 0 with value: 0.975.
[I 2026-04-07 03:15:37,404] Trial 9 finished with value: 0.975 and parameters: {'n_neighbors': 6, 'leaf_size': 25, 'p': 1}. Best is trial 0 with value: 0.975.
[I 2026-04-07 03:15:37,431] Trial 10 finished with value: 0.975 and parameters: {'n_neighbors': 10, 'leaf_size': 32, 'p': 2}. Best is trial 0 with value: 0.975.
[I 2026-04-07 03:15:37,456] Trial 11 finished with value: 0.975 and parameters: {'n_neighbors': 9, 'leaf_size': 35, 'p': 1}. Best is trial 0 with value: 0.975.
[I 2026-04-07 03:15:37,490] Trial 12 finished with value: 0.975 and parameters: {'n_neighbors': 8, 'leaf_size': 35, 'p': 1}. Best is trial 0 with value: 0.975.
[I 2026-04-07 03:15:37,514] Trial 13 finished with value: 0.975 and parameters: {'n_neighbors': 10, 'leaf_size': 31, 'p': 1}. Best is trial 0 with value: 0.975.
[I 2026-04-07 03:15:37,539] Trial 14 finished with value: 0.975 and parameters: {'n_neighbors': 8, 'leaf_size': 37, 'p': 1}. Best is trial 0 with value: 0.975.
[I 2026-04-07 03:15:37,582] Trial 15 finished with value: 0.975 and parameters: {'n_neighbors': 9, 'leaf_size': 28, 'p': 1}. Best is trial 0 with value: 0.975.
[I 2026-04-07 03:15:37,606] Trial 16 finished with value: 0.975 and parameters: {'n_neighbors': 8, 'leaf_size': 34, 'p': 1}. Best is trial 0 with value: 0.975.
[I 2026-04-07 03:15:37,640] Trial 17 finished with value: 0.975 and parameters: {'n_neighbors': 9, 'leaf_size': 38, 'p': 1}. Best is trial 0 with value: 0.975.
[I 2026-04-07 03:15:37,665] Trial 18 finished with value: 0.975 and parameters: {'n_neighbors': 7, 'leaf_size': 33, 'p': 2}. Best is trial 0 with value: 0.975.
[I 2026-04-07 03:15:37,697] Trial 19 finished with value: 0.975 and parameters: {'n_neighbors': 10, 'leaf_size': 28, 'p': 1}. Best is trial 0 with value: 0.975.
[I 2026-04-07 03:15:37,720] Trial 20 finished with value: 0.975 and parameters: {'n_neighbors': 9, 'leaf_size': 38, 'p': 1}. Best is trial 0 with value: 0.975.
[I 2026-04-07 03:15:37,756] Trial 21 finished with value: 0.975 and parameters: {'n_neighbors': 3, 'leaf_size': 40, 'p': 2}. Best is trial 0 with value: 0.975.
[I 2026-04-07 03:15:37,781] Trial 22 finished with value: 0.975 and parameters: {'n_neighbors': 4, 'leaf_size': 38, 'p': 2}. Best is trial 0 with value: 0.975.
[I 2026-04-07 03:15:37,805] Trial 23 finished with value: 0.975 and parameters: {'n_neighbors': 7, 'leaf_size': 37, 'p': 2}. Best is trial 0 with value: 0.975.
[I 2026-04-07 03:15:37,832] Trial 24 finished with value: 0.975 and parameters: {'n_neighbors': 8, 'leaf_size': 40, 'p': 2}. Best is trial 0 with value: 0.975.
[I 2026-04-07 03:15:37,864] Trial 25 finished with value: 0.975 and parameters: {'n_neighbors': 5, 'leaf_size': 34, 'p': 2}. Best is trial 0 with value: 0.975.
[I 2026-04-07 03:15:37,890] Trial 26 finished with value: 0.975 and parameters: {'n_neighbors': 4, 'leaf_size': 38, 'p': 2}. Best is trial 0 with value: 0.975.
[I 2026-04-07 03:15:37,914] Trial 27 finished with value: 0.975 and parameters: {'n_neighbors': 10, 'leaf_size': 36, 'p': 1}. Best is trial 0 with value: 0.975.
[I 2026-04-07 03:15:37,941] Trial 28 finished with value: 0.975 and parameters: {'n_neighbors': 6, 'leaf_size': 29, 'p': 2}. Best is trial 0 with value: 0.975.
[I 2026-04-07 03:15:37,964] Trial 29 finished with value: 0.95 and parameters: {'n_neighbors': 4, 'leaf_size': 20, 'p': 1}. Best is trial 0 with value: 0.975.
[I 2026-04-07 03:15:39,393] A new study created in memory with name: xgb
[I 2026-04-07 03:15:39,419] Trial 0 finished with value: 0.975 and parameters: {'n_estimators': 40, 'max_depth': 5, 'gamma': 0.4874219364632415, 'subsample': 0.7011756800186824, 'colsample_bytree': 0.7613373356762848}. Best is trial 0 with value: 0.975.
