[I 2026-04-07 01:34:33,257] Trial 6 finished with value: 0.65 and parameters: {'n_estimators': 10, 'max_depth': 5, 'gamma': 0.9599214907026333, 'subsample': 0.8414569271877088, 'colsample_bytree': 0.5265643453364788}. Best is trial 0 with value: 0.85.
[I 2026-04-07 01:34:33,306] Trial 7 finished with value: 0.75 and parameters: {'n_estimators': 40, 'max_depth': 5, 'gamma': 0.5250915966595621, 'subsample': 0.9207383574491986, 'colsample_bytree': 0.565555321173957}. Best is trial 0 with value: 0.85.
[I 2026-04-07 01:34:33,359] Trial 8 finished with value: 0.8 and parameters: {'n_estimators': 100, 'max_depth': 5, 'gamma': 0.3919835527051987, 'subsample': 0.6502094521590198, 'colsample_bytree': 0.5827507002328938}. Best is trial 0 with value: 0.85.
[I 2026-04-07 01:34:33,417] Trial 9 finished with value: 0.75 and parameters: {'n_estimators': 100, 'max_depth': 5, 'gamma': 0.8003922413895069, 'subsample': 0.9436444759263674, 'colsample_bytree': 0.8374593849333938}. Best is trial 0 with value: 0.85.
[I 2026-04-07 01:34:33,471] Trial 10 finished with value: 0.75 and parameters: {'n_estimators': 40, 'max_depth': 30, 'gamma': 0.13445536345660636, 'subsample': 0.5091072311743174, 'colsample_bytree': 0.633084257063925}. Best is trial 0 with value: 0.85.
[I 2026-04-07 01:34:33,528] Trial 11 finished with value: 0.8 and parameters: {'n_estimators': 40, 'max_depth': 20, 'gamma': 0.3416119195877882, 'subsample': 0.8032378575286591, 'colsample_bytree': 0.6573928964995871}. Best is trial 0 with value: 0.85.
[I 2026-04-07 01:34:33,566] Trial 12 finished with value: 0.85 and parameters: {'n_estimators': 100, 'max_depth': 20, 'gamma': 0.671614618524887, 'subsample': 0.7706343257995896, 'colsample_bytree': 0.9832554187319302}. Best is trial 0 with value: 0.85.
[I 2026-04-07 01:34:33,604] Trial 13 finished with value: 0.7 and parameters: {'n_estimators': 40, 'max_depth': 20, 'gamma': 0.6713063815565589, 'subsample': 0.726623482617412, 'colsample_bytree': 0.9760439870304926}. Best is trial 0 with value: 0.85.
[I 2026-04-07 01:34:33,644] Trial 14 finished with value: 0.8 and parameters: {'n_estimators': 100, 'max_depth': 30, 'gamma': 0.6765315750188922, 'subsample': 0.759653433955163, 'colsample_bytree': 0.8521421317490833}. Best is trial 0 with value: 0.85.
[I 2026-04-07 01:34:33,696] Trial 15 finished with value: 0.8 and parameters: {'n_estimators': 40, 'max_depth': 20, 'gamma': 0.25464628459886485, 'subsample': 0.5076754451841359, 'colsample_bytree': 0.6607085817117869}. Best is trial 0 with value: 0.85.
[I 2026-04-07 01:34:33,734] Trial 16 finished with value: 0.65 and parameters: {'n_estimators': 40, 'max_depth': 20, 'gamma': 0.7712707609117337, 'subsample': 0.8750407229015051, 'colsample_bytree': 0.9928973939225177}. Best is trial 0 with value: 0.85.
[I 2026-04-07 01:34:33,771] Trial 17 finished with value: 0.85 and parameters: {'n_estimators': 100, 'max_depth': 20, 'gamma': 0.587730660758486, 'subsample': 0.7390981226352564, 'colsample_bytree': 0.8482257063274528}. Best is trial 0 with value: 0.85.
[I 2026-04-07 01:34:33,809] Trial 18 finished with value: 0.6 and parameters: {'n_estimators': 40, 'max_depth': 30, 'gamma': 0.38901025512264975, 'subsample': 0.5853126599343683, 'colsample_bytree': 0.5028732448871562}. Best is trial 0 with value: 0.85.
[I 2026-04-07 01:34:33,848] Trial 19 finished with value: 0.65 and parameters: {'n_estimators': 100, 'max_depth': 20, 'gamma': 0.8264228686085578, 'subsample': 0.6355046248743939, 'colsample_bytree': 0.9191998529362314}. Best is trial 0 with value: 0.85.
[I 2026-04-07 01:34:33,897] Trial 20 finished with value: 0.7 and parameters: {'n_estimators': 100, 'max_depth': 20, 'gamma': 0.6109763514654842, 'subsample': 0.9961764358499778, 'colsample_bytree': 0.6926839754836145}. Best is trial 0 with value: 0.85.
[I 2026-04-07 01:34:33,936] Trial 21 finished with value: 0.8 and parameters: {'n_estimators': 100, 'max_depth': 20, 'gamma': 0.5970937319788981, 'subsample': 0.7550711821714994, 'colsample_bytree': 0.8186757121775334}. Best is trial 0 with value: 0.85.
[I 2026-04-07 01:34:33,974] Trial 22 finished with value: 0.8 and parameters: {'n_estimators': 100, 'max_depth': 20, 'gamma': 0.4718073015504124, 'subsample': 0.7148177132387187, 'colsample_bytree': 0.9051285525129849}. Best is trial 0 with value: 0.85.
[I 2026-04-07 01:34:34,019] Trial 23 finished with value: 0.8 and parameters: {'n_estimators': 100, 'max_depth': 20, 'gamma': 0.7267305037146095, 'subsample': 0.7952564516133582, 'colsample_bytree': 0.8707455901853991}. Best is trial 0 with value: 0.85.
[I 2026-04-07 01:34:34,058] Trial 24 finished with value: 0.75 and parameters: {'n_estimators': 100, 'max_depth': 20, 'gamma': 0.5909375133013811, 'subsample': 0.8796382632096215, 'colsample_bytree': 0.9567691924583632}. Best is trial 0 with value: 0.85.
[I 2026-04-07 01:34:34,098] Trial 25 finished with value: 0.8 and parameters: {'n_estimators': 40, 'max_depth': 30, 'gamma': 0.4392014298784071, 'subsample': 0.7692197793317946, 'colsample_bytree': 0.7924825748244255}. Best is trial 0 with value: 0.85.
[I 2026-04-07 01:34:34,148] Trial 26 finished with value: 0.85 and parameters: {'n_estimators': 100, 'max_depth': 20, 'gamma': 0.6261048062731465, 'subsample': 0.5498888024521582, 'colsample_bytree': 0.6092823780505192}. Best is trial 0 with value: 0.85.
[I 2026-04-07 01:34:34,191] Trial 27 finished with value: 0.75 and parameters: {'n_estimators': 100, 'max_depth': 20, 'gamma': 0.8446388496397383, 'subsample': 0.6747179532202701, 'colsample_bytree': 0.879263038971401}. Best is trial 0 with value: 0.85.
[I 2026-04-07 01:34:34,230] Trial 28 finished with value: 0.6 and parameters: {'n_estimators': 10, 'max_depth': 20, 'gamma': 0.2986173940559827, 'subsample': 0.628615778191862, 'colsample_bytree': 0.7901015116329908}. Best is trial 0 with value: 0.85.
[I 2026-04-07 01:34:34,270] Trial 29 finished with value: 0.8 and parameters: {'n_estimators': 40, 'max_depth': 30, 'gamma': 0.7430231974962253, 'subsample': 0.7185095536718663, 'colsample_bytree': 0.6980332431594081}. Best is trial 0 with value: 0.85.
[I 2026-04-07 01:34:35,129] A new study created in memory with name: rf
[I 2026-04-07 01:34:35,285] Trial 0 finished with value: 0.5 and parameters: {'n_estimators': 130, 'max_depth': 17, 'min_samples_split': 5, 'min_samples_leaf': 8}. Best is trial 0 with value: 0.5.
[I 2026-04-07 01:34:35,805] Trial 1 finished with value: 0.85 and parameters: {'n_estimators': 492, 'max_depth': 12, 'min_samples_split': 6, 'min_samples_leaf': 1}. Best is trial 1 with value: 0.85.
[I 2026-04-07 01:34:36,051] Trial 2 finished with value: 0.5 and parameters: {'n_estimators': 207, 'max_depth': 11, 'min_samples_split': 8, 'min_samples_leaf': 9}. Best is trial 1 with value: 0.85.
[I 2026-04-07 01:34:36,340] Trial 3 finished with value: 0.5 and parameters: {'n_estimators': 252, 'max_depth': 4, 'min_samples_split': 4, 'min_samples_leaf': 10}. Best is trial 1 with value: 0.85.
[I 2026-04-07 01:34:36,589] Trial 4 finished with value: 0.8 and parameters: {'n_estimators': 185, 'max_depth': 11, 'min_samples_split': 10, 'min_samples_leaf': 1}. Best is trial 1 with value: 0.85.
[I 2026-04-07 01:34:36,958] Trial 5 finished with value: 0.8 and parameters: {'n_estimators': 340, 'max_depth': 20, 'min_samples_split': 4, 'min_samples_leaf': 6}. Best is trial 1 with value: 0.85.
[I 2026-04-07 01:34:37,440] Trial 6 finished with value: 0.5 and parameters: {'n_estimators': 464, 'max_depth': 5, 'min_samples_split': 6, 'min_samples_leaf': 8}. Best is trial 1 with value: 0.85.
[I 2026-04-07 01:34:37,840] Trial 7 finished with value: 0.8 and parameters: {'n_estimators': 368, 'max_depth': 11, 'min_samples_split': 3, 'min_samples_leaf': 5}. Best is trial 1 with value: 0.85.
[I 2026-04-07 01:34:38,149] Trial 8 finished with value: 0.5 and parameters: {'n_estimators': 249, 'max_depth': 11, 'min_samples_split': 5, 'min_samples_leaf': 9}. Best is trial 1 with value: 0.85.
[I 2026-04-07 01:34:38,569] Trial 9 finished with value: 0.8 and parameters: {'n_estimators': 408, 'max_depth': 8, 'min_samples_split': 7, 'min_samples_leaf': 3}. Best is trial 1 with value: 0.85.
[I 2026-04-07 01:34:39,083] Trial 10 finished with value: 0.9 and parameters: {'n_estimators': 479, 'max_depth': 15, 'min_samples_split': 2, 'min_samples_leaf': 1}. Best is trial 10 with value: 0.9.
[I 2026-04-07 01:34:39,600] Trial 11 finished with value: 0.85 and parameters: {'n_estimators': 476, 'max_depth': 15, 'min_samples_split': 2, 'min_samples_leaf': 1}. Best is trial 10 with value: 0.9.
[I 2026-04-07 01:34:40,145] Trial 12 finished with value: 0.8 and parameters: {'n_estimators': 499, 'max_depth': 15, 'min_samples_split': 9, 'min_samples_leaf': 3}. Best is trial 10 with value: 0.9.
[I 2026-04-07 01:34:40,597] Trial 13 finished with value: 0.9 and parameters: {'n_estimators': 431, 'max_depth': 15, 'min_samples_split': 2, 'min_samples_leaf': 3}. Best is trial 10 with value: 0.9.
[I 2026-04-07 01:34:41,059] Trial 14 finished with value: 0.9 and parameters: {'n_estimators': 413, 'max_depth': 18, 'min_samples_split': 2, 'min_samples_leaf': 3}. Best is trial 10 with value: 0.9.
[I 2026-04-07 01:34:41,554] Trial 15 finished with value: 0.8 and parameters: {'n_estimators': 424, 'max_depth': 14, 'min_samples_split': 2, 'min_samples_leaf': 4}. Best is trial 10 with value: 0.9.
[I 2026-04-07 01:34:41,943] Trial 16 finished with value: 0.9 and parameters: {'n_estimators': 316, 'max_depth': 18, 'min_samples_split': 3, 'min_samples_leaf': 2}. Best is trial 10 with value: 0.9.
[I 2026-04-07 01:34:42,348] Trial 17 finished with value: 0.75 and parameters: {'n_estimators': 367, 'max_depth': 7, 'min_samples_split': 3, 'min_samples_leaf': 5}. Best is trial 10 with value: 0.9.
[I 2026-04-07 01:34:42,852] Trial 18 finished with value: 0.85 and parameters: {'n_estimators': 444, 'max_depth': 14, 'min_samples_split': 4, 'min_samples_leaf': 2}. Best is trial 10 with value: 0.9.
[I 2026-04-07 01:34:43,308] Trial 19 finished with value: 0.75 and parameters: {'n_estimators': 390, 'max_depth': 20, 'min_samples_split': 2, 'min_samples_leaf': 6}. Best is trial 10 with value: 0.9.
[I 2026-04-07 01:34:43,643] Trial 20 finished with value: 0.8 and parameters: {'n_estimators': 299, 'max_depth': 16, 'min_samples_split': 3, 'min_samples_leaf': 4}. Best is trial 10 with value: 0.9.
[I 2026-04-07 01:34:44,151] Trial 21 finished with value: 0.8 and parameters: {'n_estimators': 436, 'max_depth': 18, 'min_samples_split': 2, 'min_samples_leaf': 3}. Best is trial 10 with value: 0.9.
[I 2026-04-07 01:34:44,655] Trial 22 finished with value: 0.85 and parameters: {'n_estimators': 447, 'max_depth': 18, 'min_samples_split': 2, 'min_samples_leaf': 2}. Best is trial 10 with value: 0.9.
[I 2026-04-07 01:34:45,116] Trial 23 finished with value: 0.8 and parameters: {'n_estimators': 397, 'max_depth': 13, 'min_samples_split': 3, 'min_samples_leaf': 4}. Best is trial 10 with value: 0.9.
[I 2026-04-07 01:34:45,509] Trial 24 finished with value: 0.85 and parameters: {'n_estimators': 357, 'max_depth': 16, 'min_samples_split': 5, 'min_samples_leaf': 2}. Best is trial 10 with value: 0.9.
[I 2026-04-07 01:34:45,996] Trial 25 finished with value: 0.8 and parameters: {'n_estimators': 469, 'max_depth': 9, 'min_samples_split': 4, 'min_samples_leaf': 3}. Best is trial 10 with value: 0.9.
[I 2026-04-07 01:34:46,473] Trial 26 finished with value: 0.8 and parameters: {'n_estimators': 413, 'max_depth': 19, 'min_samples_split': 2, 'min_samples_leaf': 1}. Best is trial 10 with value: 0.9.
[I 2026-04-07 01:34:46,834] Trial 27 finished with value: 0.8 and parameters: {'n_estimators': 321, 'max_depth': 16, 'min_samples_split': 3, 'min_samples_leaf': 4}. Best is trial 10 with value: 0.9.
[I 2026-04-07 01:34:47,170] Trial 28 finished with value: 0.9 and parameters: {'n_estimators': 280, 'max_depth': 13, 'min_samples_split': 4, 'min_samples_leaf': 2}. Best is trial 10 with value: 0.9.
[I 2026-04-07 01:34:47,346] Trial 29 finished with value: 0.5 and parameters: {'n_estimators': 118, 'max_depth': 17, 'min_samples_split': 7, 'min_samples_leaf': 7}. Best is trial 10 with value: 0.9.
[I 2026-04-07 01:34:52,844] A new study created in memory with name: mlp
[I 2026-04-07 01:34:52,920] Trial 0 finished with value: 0.65 and parameters: {'hidden_layer_sizes': (200,), 'max_iter': 100, 'alpha': 0.0001}. Best is trial 0 with value: 0.65.
[I 2026-04-07 01:34:52,986] Trial 1 finished with value: 0.65 and parameters: {'hidden_layer_sizes': (100, 100), 'max_iter': 100, 'alpha': 0.0001}. Best is trial 0 with value: 0.65.
[I 2026-04-07 01:34:53,039] Trial 2 finished with value: 0.65 and parameters: {'hidden_layer_sizes': (200,), 'max_iter': 100, 'alpha': 0.001}. Best is trial 0 with value: 0.65.
[I 2026-04-07 01:34:53,085] Trial 3 finished with value: 0.65 and parameters: {'hidden_layer_sizes': (100,), 'max_iter': 50, 'alpha': 0.001}. Best is trial 0 with value: 0.65.
[I 2026-04-07 01:34:53,121] Trial 4 finished with value: 0.65 and parameters: {'hidden_layer_sizes': (100,), 'max_iter': 50, 'alpha': 0.0001}. Best is trial 0 with value: 0.65.
[I 2026-04-07 01:34:53,157] Trial 5 finished with value: 0.65 and parameters: {'hidden_layer_sizes': (100,), 'max_iter': 50, 'alpha': 0.0001}. Best is trial 0 with value: 0.65.
[I 2026-04-07 01:34:53,193] Trial 6 finished with value: 0.65 and parameters: {'hidden_layer_sizes': (100,), 'max_iter': 50, 'alpha': 0.0001}. Best is trial 0 with value: 0.65.
[I 2026-04-07 01:34:53,228] Trial 7 finished with value: 0.65 and parameters: {'hidden_layer_sizes': (100,), 'max_iter': 50, 'alpha': 0.0001}. Best is trial 0 with value: 0.65.
[I 2026-04-07 01:34:53,284] Trial 8 finished with value: 0.7 and parameters: {'hidden_layer_sizes': (200,), 'max_iter': 100, 'alpha': 0.0001}. Best is trial 8 with value: 0.7.
[I 2026-04-07 01:34:53,320] Trial 9 finished with value: 0.65 and parameters: {'hidden_layer_sizes': (200,), 'max_iter': 50, 'alpha': 0.0001}. Best is trial 8 with value: 0.7.
[I 2026-04-07 01:34:53,388] Trial 10 finished with value: 0.55 and parameters: {'hidden_layer_sizes': (100, 100), 'max_iter': 100, 'alpha': 0.001}. Best is trial 8 with value: 0.7.
[I 2026-04-07 01:34:53,447] Trial 11 finished with value: 0.7 and parameters: {'hidden_layer_sizes': (200,), 'max_iter': 100, 'alpha': 0.0001}. Best is trial 8 with value: 0.7.
[I 2026-04-07 01:34:53,495] Trial 12 finished with value: 0.65 and parameters: {'hidden_layer_sizes': (200,), 'max_iter': 100, 'alpha': 0.0001}. Best is trial 8 with value: 0.7.
[I 2026-04-07 01:34:53,559] Trial 13 finished with value: 0.7 and parameters: {'hidden_layer_sizes': (200,), 'max_iter': 100, 'alpha': 0.0001}. Best is trial 8 with value: 0.7.
[I 2026-04-07 01:34:53,604] Trial 14 finished with value: 0.65 and parameters: {'hidden_layer_sizes': (200,), 'max_iter': 100, 'alpha': 0.001}. Best is trial 8 with value: 0.7.
[I 2026-04-07 01:34:53,658] Trial 15 finished with value: 0.65 and parameters: {'hidden_layer_sizes': (200,), 'max_iter': 100, 'alpha': 0.0001}. Best is trial 8 with value: 0.7.
[I 2026-04-07 01:34:53,702] Trial 16 finished with value: 0.7 and parameters: {'hidden_layer_sizes': (200,), 'max_iter': 100, 'alpha': 0.0001}. Best is trial 8 with value: 0.7.
[I 2026-04-07 01:34:53,766] Trial 17 finished with value: 0.6 and parameters: {'hidden_layer_sizes': (100, 100), 'max_iter': 100, 'alpha': 0.0001}. Best is trial 8 with value: 0.7.
[I 2026-04-07 01:34:53,811] Trial 18 finished with value: 0.75 and parameters: {'hidden_layer_sizes': (200,), 'max_iter': 100, 'alpha': 0.001}. Best is trial 18 with value: 0.75.
[I 2026-04-07 01:34:53,865] Trial 19 finished with value: 0.7 and parameters: {'hidden_layer_sizes': (200,), 'max_iter': 100, 'alpha': 0.001}. Best is trial 18 with value: 0.75.
[I 2026-04-07 01:34:53,919] Trial 20 finished with value: 0.65 and parameters: {'hidden_layer_sizes': (100, 100), 'max_iter': 100, 'alpha': 0.001}. Best is trial 18 with value: 0.75.
[I 2026-04-07 01:34:53,964] Trial 21 finished with value: 0.7 and parameters: {'hidden_layer_sizes': (200,), 'max_iter': 100, 'alpha': 0.001}. Best is trial 18 with value: 0.75.
[I 2026-04-07 01:34:54,018] Trial 22 finished with value: 0.7 and parameters: {'hidden_layer_sizes': (200,), 'max_iter': 100, 'alpha': 0.001}. Best is trial 18 with value: 0.75.
[I 2026-04-07 01:34:54,067] Trial 23 finished with value: 0.65 and parameters: {'hidden_layer_sizes': (200,), 'max_iter': 100, 'alpha': 0.001}. Best is trial 18 with value: 0.75.
[I 2026-04-07 01:34:54,125] Trial 24 finished with value: 0.65 and parameters: {'hidden_layer_sizes': (200,), 'max_iter': 100, 'alpha': 0.0001}. Best is trial 18 with value: 0.75.
[I 2026-04-07 01:34:54,183] Trial 25 finished with value: 0.65 and parameters: {'hidden_layer_sizes': (200,), 'max_iter': 100, 'alpha': 0.0001}. Best is trial 18 with value: 0.75.
[I 2026-04-07 01:34:54,242] Trial 26 finished with value: 0.65 and parameters: {'hidden_layer_sizes': (200,), 'max_iter': 100, 'alpha': 0.001}. Best is trial 18 with value: 0.75.
[I 2026-04-07 01:34:54,310] Trial 27 finished with value: 0.65 and parameters: {'hidden_layer_sizes': (200,), 'max_iter': 100, 'alpha': 0.0001}. Best is trial 18 with value: 0.75.
[I 2026-04-07 01:34:54,379] Trial 28 finished with value: 0.65 and parameters: {'hidden_layer_sizes': (100, 100), 'max_iter': 100, 'alpha': 0.001}. Best is trial 18 with value: 0.75.
[I 2026-04-07 01:34:54,448] Trial 29 finished with value: 0.7 and parameters: {'hidden_layer_sizes': (200,), 'max_iter': 100, 'alpha': 0.0001}. Best is trial 18 with value: 0.75.
[I 2026-04-07 01:34:57,613] A new study created in memory with name: naive_bayes
[I 2026-04-07 01:34:57,626] Trial 0 finished with value: 0.85 and parameters: {'var_smoothing': 1.4210736239935712e-10}. Best is trial 0 with value: 0.85.
[I 2026-04-07 01:34:57,638] Trial 1 finished with value: 0.85 and parameters: {'var_smoothing': 3.629422978396398e-09}. Best is trial 0 with value: 0.85.
[I 2026-04-07 01:34:57,650] Trial 2 finished with value: 0.85 and parameters: {'var_smoothing': 7.530407234027127e-10}. Best is trial 0 with value: 0.85.
[I 2026-04-07 01:34:57,663] Trial 3 finished with value: 0.85 and parameters: {'var_smoothing': 2.7985325053380072e-09}. Best is trial 0 with value: 0.85.
[I 2026-04-07 01:34:57,676] Trial 4 finished with value: 0.85 and parameters: {'var_smoothing': 9.036058293737187e-09}. Best is trial 0 with value: 0.85.
[I 2026-04-07 01:34:57,689] Trial 5 finished with value: 0.9 and parameters: {'var_smoothing': 1.1939653980558784e-09}. Best is trial 5 with value: 0.9.
[I 2026-04-07 01:34:57,702] Trial 6 finished with value: 0.9 and parameters: {'var_smoothing': 1.005173261185167e-09}. Best is trial 5 with value: 0.9.
[I 2026-04-07 01:34:57,715] Trial 7 finished with value: 0.85 and parameters: {'var_smoothing': 1.393484899105757e-10}. Best is trial 5 with value: 0.9.
[I 2026-04-07 01:34:57,729] Trial 8 finished with value: 0.85 and parameters: {'var_smoothing': 3.4425317961147986e-10}. Best is trial 5 with value: 0.9.
[I 2026-04-07 01:34:57,742] Trial 9 finished with value: 0.9 and parameters: {'var_smoothing': 9.994590426751933e-10}. Best is trial 5 with value: 0.9.
[I 2026-04-07 01:34:57,763] Trial 10 finished with value: 0.85 and parameters: {'var_smoothing': 2.6558027013727582e-09}. Best is trial 5 with value: 0.9.
[I 2026-04-07 01:34:57,783] Trial 11 finished with value: 0.85 and parameters: {'var_smoothing': 4.0376639828395885e-10}. Best is trial 5 with value: 0.9.
[I 2026-04-07 01:34:57,803] Trial 12 finished with value: 0.9 and parameters: {'var_smoothing': 1.3926361825788071e-09}. Best is trial 5 with value: 0.9.
[I 2026-04-07 01:34:57,821] Trial 13 finished with value: 0.85 and parameters: {'var_smoothing': 5.245545360927967e-10}. Best is trial 5 with value: 0.9.
[I 2026-04-07 01:34:57,840] Trial 14 finished with value: 0.9 and parameters: {'var_smoothing': 1.6679890633051785e-09}. Best is trial 5 with value: 0.9.
[I 2026-04-07 01:34:57,860] Trial 15 finished with value: 0.85 and parameters: {'var_smoothing': 6.453558298370279e-09}. Best is trial 5 with value: 0.9.
[I 2026-04-07 01:34:57,880] Trial 16 finished with value: 0.85 and parameters: {'var_smoothing': 2.5551741841698553e-10}. Best is trial 5 with value: 0.9.
[I 2026-04-07 01:34:57,900] Trial 17 finished with value: 0.9 and parameters: {'var_smoothing': 1.709897411395323e-09}. Best is trial 5 with value: 0.9.
[I 2026-04-07 01:34:57,920] Trial 18 finished with value: 0.85 and parameters: {'var_smoothing': 6.988160926385217e-10}. Best is trial 5 with value: 0.9.
[I 2026-04-07 01:34:57,940] Trial 19 finished with value: 0.9 and parameters: {'var_smoothing': 1.12310647284153e-09}. Best is trial 5 with value: 0.9.
[I 2026-04-07 01:34:57,959] Trial 20 finished with value: 0.85 and parameters: {'var_smoothing': 5.29215399120128e-09}. Best is trial 5 with value: 0.9.
[I 2026-04-07 01:34:57,975] Trial 21 finished with value: 0.9 and parameters: {'var_smoothing': 8.581245994142901e-10}. Best is trial 5 with value: 0.9.
[I 2026-04-07 01:34:57,992] Trial 22 finished with value: 0.85 and parameters: {'var_smoothing': 2.140220574212311e-09}. Best is trial 5 with value: 0.9.
[I 2026-04-07 01:34:58,010] Trial 23 finished with value: 0.9 and parameters: {'var_smoothing': 1.1883828905760288e-09}. Best is trial 5 with value: 0.9.
[I 2026-04-07 01:34:58,057] Trial 24 finished with value: 0.85 and parameters: {'var_smoothing': 5.957682566842479e-10}. Best is trial 5 with value: 0.9.
[I 2026-04-07 01:34:58,075] Trial 25 finished with value: 0.85 and parameters: {'var_smoothing': 2.2011498139819583e-10}. Best is trial 5 with value: 0.9.
[I 2026-04-07 01:34:58,091] Trial 26 finished with value: 0.9 and parameters: {'var_smoothing': 9.029327077635262e-10}. Best is trial 5 with value: 0.9.
[I 2026-04-07 01:34:58,108] Trial 27 finished with value: 0.85 and parameters: {'var_smoothing': 4.089654380397723e-10}. Best is trial 5 with value: 0.9.
