[I 2026-04-07 03:47:25,398] Trial 11 finished with value: 0.7 and parameters: {'hidden_layer_sizes': (100, 100), 'max_iter': 50, 'alpha': 0.0001}. Best is trial 1 with value: 0.8.
[I 2026-04-07 03:47:25,446] Trial 12 finished with value: 0.7666666666666668 and parameters: {'hidden_layer_sizes': (200,), 'max_iter': 50, 'alpha': 0.0001}. Best is trial 1 with value: 0.8.
[I 2026-04-07 03:47:25,496] Trial 13 finished with value: 0.7666666666666668 and parameters: {'hidden_layer_sizes': (200,), 'max_iter': 50, 'alpha': 0.0001}. Best is trial 1 with value: 0.8.
[I 2026-04-07 03:47:25,575] Trial 14 finished with value: 0.7166666666666666 and parameters: {'hidden_layer_sizes': (100, 100), 'max_iter': 100, 'alpha': 0.0001}. Best is trial 1 with value: 0.8.
[I 2026-04-07 03:47:25,612] Trial 15 finished with value: 0.7333333333333334 and parameters: {'hidden_layer_sizes': (100,), 'max_iter': 50, 'alpha': 0.0001}. Best is trial 1 with value: 0.8.
[I 2026-04-07 03:47:25,671] Trial 16 finished with value: 0.8 and parameters: {'hidden_layer_sizes': (200,), 'max_iter': 100, 'alpha': 0.001}. Best is trial 1 with value: 0.8.
[I 2026-04-07 03:47:25,748] Trial 17 finished with value: 0.7833333333333334 and parameters: {'hidden_layer_sizes': (200,), 'max_iter': 100, 'alpha': 0.0001}. Best is trial 1 with value: 0.8.
[I 2026-04-07 03:47:25,805] Trial 18 finished with value: 0.7833333333333334 and parameters: {'hidden_layer_sizes': (100,), 'max_iter': 100, 'alpha': 0.0001}. Best is trial 1 with value: 0.8.
[I 2026-04-07 03:47:25,874] Trial 19 finished with value: 0.7833333333333334 and parameters: {'hidden_layer_sizes': (100, 100), 'max_iter': 100, 'alpha': 0.001}. Best is trial 1 with value: 0.8.
[I 2026-04-07 03:47:25,923] Trial 20 finished with value: 0.8 and parameters: {'hidden_layer_sizes': (100,), 'max_iter': 100, 'alpha': 0.001}. Best is trial 1 with value: 0.8.
[I 2026-04-07 03:47:25,971] Trial 21 finished with value: 0.7833333333333334 and parameters: {'hidden_layer_sizes': (100,), 'max_iter': 100, 'alpha': 0.001}. Best is trial 1 with value: 0.8.
[I 2026-04-07 03:47:26,017] Trial 22 finished with value: 0.7833333333333334 and parameters: {'hidden_layer_sizes': (100,), 'max_iter': 100, 'alpha': 0.001}. Best is trial 1 with value: 0.8.
[I 2026-04-07 03:47:26,066] Trial 23 finished with value: 0.7833333333333334 and parameters: {'hidden_layer_sizes': (100,), 'max_iter': 100, 'alpha': 0.001}. Best is trial 1 with value: 0.8.
[I 2026-04-07 03:47:26,113] Trial 24 finished with value: 0.8 and parameters: {'hidden_layer_sizes': (100,), 'max_iter': 100, 'alpha': 0.001}. Best is trial 1 with value: 0.8.
[I 2026-04-07 03:47:26,172] Trial 25 finished with value: 0.8 and parameters: {'hidden_layer_sizes': (200,), 'max_iter': 100, 'alpha': 0.001}. Best is trial 1 with value: 0.8.
[I 2026-04-07 03:47:26,240] Trial 26 finished with value: 0.7833333333333334 and parameters: {'hidden_layer_sizes': (100,), 'max_iter': 100, 'alpha': 0.0001}. Best is trial 1 with value: 0.8.
[I 2026-04-07 03:47:26,297] Trial 27 finished with value: 0.75 and parameters: {'hidden_layer_sizes': (100,), 'max_iter': 100, 'alpha': 0.001}. Best is trial 1 with value: 0.8.
[I 2026-04-07 03:47:26,375] Trial 28 finished with value: 0.6833333333333333 and parameters: {'hidden_layer_sizes': (100, 100), 'max_iter': 100, 'alpha': 0.0001}. Best is trial 1 with value: 0.8.
[I 2026-04-07 03:47:26,434] Trial 29 finished with value: 0.7833333333333334 and parameters: {'hidden_layer_sizes': (200,), 'max_iter': 100, 'alpha': 0.001}. Best is trial 1 with value: 0.8.
[I 2026-04-07 03:47:33,382] A new study created in memory with name: naive_bayes
[I 2026-04-07 03:47:33,400] Trial 0 finished with value: 0.8833333333333334 and parameters: {'var_smoothing': 2.7796258518939306e-10}. Best is trial 0 with value: 0.8833333333333334.
[I 2026-04-07 03:47:33,412] Trial 1 finished with value: 0.8833333333333334 and parameters: {'var_smoothing': 5.513972710118387e-09}. Best is trial 0 with value: 0.8833333333333334.
[I 2026-04-07 03:47:33,425] Trial 2 finished with value: 0.8833333333333334 and parameters: {'var_smoothing': 2.590826381512706e-10}. Best is trial 0 with value: 0.8833333333333334.
[I 2026-04-07 03:47:33,439] Trial 3 finished with value: 0.8833333333333334 and parameters: {'var_smoothing': 6.874194498027403e-09}. Best is trial 0 with value: 0.8833333333333334.
[I 2026-04-07 03:47:33,452] Trial 4 finished with value: 0.8833333333333334 and parameters: {'var_smoothing': 9.480306482679771e-10}. Best is trial 0 with value: 0.8833333333333334.
[I 2026-04-07 03:47:33,466] Trial 5 finished with value: 0.8833333333333334 and parameters: {'var_smoothing': 1.6729683536668864e-09}. Best is trial 0 with value: 0.8833333333333334.
[I 2026-04-07 03:47:33,480] Trial 6 finished with value: 0.8833333333333334 and parameters: {'var_smoothing': 3.402637726935598e-09}. Best is trial 0 with value: 0.8833333333333334.
[I 2026-04-07 03:47:33,504] Trial 7 finished with value: 0.8833333333333334 and parameters: {'var_smoothing': 1.0885189040847657e-09}. Best is trial 0 with value: 0.8833333333333334.
[I 2026-04-07 03:47:33,518] Trial 8 finished with value: 0.8833333333333334 and parameters: {'var_smoothing': 3.922843686541149e-10}. Best is trial 0 with value: 0.8833333333333334.
[I 2026-04-07 03:47:33,531] Trial 9 finished with value: 0.8833333333333334 and parameters: {'var_smoothing': 2.3737908819373785e-10}. Best is trial 0 with value: 0.8833333333333334.
[I 2026-04-07 03:47:33,553] Trial 10 finished with value: 0.8833333333333334 and parameters: {'var_smoothing': 1.005826617097841e-10}. Best is trial 0 with value: 0.8833333333333334.
[I 2026-04-07 03:47:33,574] Trial 11 finished with value: 0.8833333333333334 and parameters: {'var_smoothing': 8.246040091550826e-09}. Best is trial 0 with value: 0.8833333333333334.
[I 2026-04-07 03:47:33,594] Trial 12 finished with value: 0.8833333333333334 and parameters: {'var_smoothing': 5.714429769091136e-10}. Best is trial 0 with value: 0.8833333333333334.
[I 2026-04-07 03:47:33,613] Trial 13 finished with value: 0.8833333333333334 and parameters: {'var_smoothing': 3.0046394488828834e-09}. Best is trial 0 with value: 0.8833333333333334.
[I 2026-04-07 03:47:33,633] Trial 14 finished with value: 0.8833333333333334 and parameters: {'var_smoothing': 1.0161521526134228e-10}. Best is trial 0 with value: 0.8833333333333334.
[I 2026-04-07 03:47:33,663] Trial 15 finished with value: 0.8833333333333334 and parameters: {'var_smoothing': 3.455011319435438e-09}. Best is trial 0 with value: 0.8833333333333334.
[I 2026-04-07 03:47:33,681] Trial 16 finished with value: 0.8833333333333334 and parameters: {'var_smoothing': 2.2038800241203009e-10}. Best is trial 0 with value: 0.8833333333333334.
[I 2026-04-07 03:47:33,698] Trial 17 finished with value: 0.8833333333333334 and parameters: {'var_smoothing': 1.8515987176145925e-09}. Best is trial 0 with value: 0.8833333333333334.
[I 2026-04-07 03:47:33,717] Trial 18 finished with value: 0.8833333333333334 and parameters: {'var_smoothing': 5.024285700153026e-10}. Best is trial 0 with value: 0.8833333333333334.
[I 2026-04-07 03:47:33,738] Trial 19 finished with value: 0.8833333333333334 and parameters: {'var_smoothing': 4.958025424412893e-09}. Best is trial 0 with value: 0.8833333333333334.
[I 2026-04-07 03:47:33,758] Trial 20 finished with value: 0.8833333333333334 and parameters: {'var_smoothing': 8.344000526157384e-10}. Best is trial 0 with value: 0.8833333333333334.
[I 2026-04-07 03:47:33,778] Trial 21 finished with value: 0.8833333333333334 and parameters: {'var_smoothing': 2.46080689865309e-10}. Best is trial 0 with value: 0.8833333333333334.
[I 2026-04-07 03:47:33,798] Trial 22 finished with value: 0.8833333333333334 and parameters: {'var_smoothing': 1.4445108350594728e-10}. Best is trial 0 with value: 0.8833333333333334.
[I 2026-04-07 03:47:33,817] Trial 23 finished with value: 0.8833333333333334 and parameters: {'var_smoothing': 3.3715577896606737e-10}. Best is trial 0 with value: 0.8833333333333334.
[I 2026-04-07 03:47:33,836] Trial 24 finished with value: 0.8833333333333334 and parameters: {'var_smoothing': 1.572466431855027e-10}. Best is trial 0 with value: 0.8833333333333334.
[I 2026-04-07 03:47:33,856] Trial 25 finished with value: 0.8833333333333334 and parameters: {'var_smoothing': 7.281746293576245e-10}. Best is trial 0 with value: 0.8833333333333334.
[I 2026-04-07 03:47:33,873] Trial 26 finished with value: 0.8833333333333334 and parameters: {'var_smoothing': 3.386254640873244e-10}. Best is trial 0 with value: 0.8833333333333334.
[I 2026-04-07 03:47:33,892] Trial 27 finished with value: 0.8833333333333334 and parameters: {'var_smoothing': 1.3918180959975328e-09}. Best is trial 0 with value: 0.8833333333333334.
[I 2026-04-07 03:47:33,912] Trial 28 finished with value: 0.8833333333333334 and parameters: {'var_smoothing': 2.3715836084533434e-09}. Best is trial 0 with value: 0.8833333333333334.
[I 2026-04-07 03:47:33,931] Trial 29 finished with value: 0.8833333333333334 and parameters: {'var_smoothing': 9.477075781575649e-09}. Best is trial 0 with value: 0.8833333333333334.
[I 2026-04-07 03:47:34,853] A new study created in memory with name: logreg
[I 2026-04-07 03:47:34,880] Trial 0 finished with value: 0.9 and parameters: {'C': 0.012881482725481003, 'penalty': 'l2'}. Best is trial 0 with value: 0.9.
[I 2026-04-07 03:47:34,915] Trial 1 finished with value: 0.9166666666666667 and parameters: {'C': 22.576755560681583, 'penalty': 'l2'}. Best is trial 1 with value: 0.9166666666666667.
[I 2026-04-07 03:47:34,940] Trial 2 finished with value: 0.9 and parameters: {'C': 0.010804278656839932, 'penalty': 'l2'}. Best is trial 1 with value: 0.9166666666666667.
[I 2026-04-07 03:47:34,985] Trial 3 finished with value: 0.9166666666666667 and parameters: {'C': 39.17910760336117, 'penalty': 'l2'}. Best is trial 1 with value: 0.9166666666666667.
[I 2026-04-07 03:47:35,011] Trial 4 finished with value: 0.9333333333333333 and parameters: {'C': 0.2767298094062571, 'penalty': 'l2'}. Best is trial 4 with value: 0.9333333333333333.
[I 2026-04-07 03:47:35,035] Trial 5 finished with value: 0.9166666666666667 and parameters: {'C': 1.1447728330837224, 'penalty': 'l2'}. Best is trial 4 with value: 0.9333333333333333.
[I 2026-04-07 03:47:35,071] Trial 6 finished with value: 0.9166666666666667 and parameters: {'C': 6.753661388238877, 'penalty': 'l2'}. Best is trial 4 with value: 0.9333333333333333.
[I 2026-04-07 03:47:35,106] Trial 7 finished with value: 0.9333333333333333 and parameters: {'C': 0.39092184460352974, 'penalty': 'l2'}. Best is trial 4 with value: 0.9333333333333333.
[I 2026-04-07 03:47:35,131] Trial 8 finished with value: 0.9 and parameters: {'C': 0.03047912590082646, 'penalty': 'l2'}. Best is trial 4 with value: 0.9333333333333333.
[I 2026-04-07 03:47:35,156] Trial 9 finished with value: 0.9 and parameters: {'C': 0.008681727362499118, 'penalty': 'l2'}. Best is trial 4 with value: 0.9333333333333333.
[I 2026-04-07 03:47:35,187] Trial 10 finished with value: 0.9 and parameters: {'C': 0.0010280973566261366, 'penalty': 'l2'}. Best is trial 4 with value: 0.9333333333333333.
[I 2026-04-07 03:47:35,216] Trial 11 finished with value: 0.9333333333333333 and parameters: {'C': 0.3118800496489818, 'penalty': 'l2'}. Best is trial 4 with value: 0.9333333333333333.
[I 2026-04-07 03:47:35,247] Trial 12 finished with value: 0.9333333333333333 and parameters: {'C': 0.2684851615473274, 'penalty': 'l2'}. Best is trial 4 with value: 0.9333333333333333.
[I 2026-04-07 03:47:35,278] Trial 13 finished with value: 0.9166666666666667 and parameters: {'C': 1.9607181420133295, 'penalty': 'l2'}. Best is trial 4 with value: 0.9333333333333333.
[I 2026-04-07 03:47:35,308] Trial 14 finished with value: 0.9333333333333333 and parameters: {'C': 0.16390978333490486, 'penalty': 'l2'}. Best is trial 4 with value: 0.9333333333333333.
[I 2026-04-07 03:47:35,340] Trial 15 finished with value: 0.9 and parameters: {'C': 0.06347378847282453, 'penalty': 'l2'}. Best is trial 4 with value: 0.9333333333333333.
[I 2026-04-07 03:47:35,379] Trial 16 finished with value: 0.9166666666666667 and parameters: {'C': 1.3823946603972208, 'penalty': 'l2'}. Best is trial 4 with value: 0.9333333333333333.
[I 2026-04-07 03:47:35,419] Trial 17 finished with value: 0.9166666666666667 and parameters: {'C': 5.56361091727818, 'penalty': 'l2'}. Best is trial 4 with value: 0.9333333333333333.
[I 2026-04-07 03:47:35,450] Trial 18 finished with value: 0.9 and parameters: {'C': 0.06143095665081865, 'penalty': 'l2'}. Best is trial 4 with value: 0.9333333333333333.
[I 2026-04-07 03:47:35,480] Trial 19 finished with value: 0.9166666666666667 and parameters: {'C': 0.6898116597599002, 'penalty': 'l2'}. Best is trial 4 with value: 0.9333333333333333.
[I 2026-04-07 03:47:35,511] Trial 20 finished with value: 0.9166666666666667 and parameters: {'C': 6.211902263865773, 'penalty': 'l2'}. Best is trial 4 with value: 0.9333333333333333.
[I 2026-04-07 03:47:35,539] Trial 21 finished with value: 0.9333333333333333 and parameters: {'C': 0.33305030862683077, 'penalty': 'l2'}. Best is trial 4 with value: 0.9333333333333333.
[I 2026-04-07 03:47:35,569] Trial 22 finished with value: 0.9333333333333333 and parameters: {'C': 0.1656398901554858, 'penalty': 'l2'}. Best is trial 4 with value: 0.9333333333333333.
[I 2026-04-07 03:47:35,609] Trial 23 finished with value: 0.9333333333333333 and parameters: {'C': 0.4568948080080639, 'penalty': 'l2'}. Best is trial 4 with value: 0.9333333333333333.
[I 2026-04-07 03:47:35,640] Trial 24 finished with value: 0.9 and parameters: {'C': 0.07123305444559629, 'penalty': 'l2'}. Best is trial 4 with value: 0.9333333333333333.
[I 2026-04-07 03:47:35,681] Trial 25 finished with value: 0.9166666666666667 and parameters: {'C': 2.7827047500700512, 'penalty': 'l2'}. Best is trial 4 with value: 0.9333333333333333.
[I 2026-04-07 03:47:35,711] Trial 26 finished with value: 0.9166666666666667 and parameters: {'C': 0.11028021877507446, 'penalty': 'l2'}. Best is trial 4 with value: 0.9333333333333333.
[I 2026-04-07 03:47:35,742] Trial 27 finished with value: 0.9 and parameters: {'C': 0.026190793553221556, 'penalty': 'l2'}. Best is trial 4 with value: 0.9333333333333333.
[I 2026-04-07 03:47:35,774] Trial 28 finished with value: 0.9 and parameters: {'C': 0.0032268201239805186, 'penalty': 'l2'}. Best is trial 4 with value: 0.9333333333333333.
[I 2026-04-07 03:47:35,802] Trial 29 finished with value: 0.9166666666666667 and parameters: {'C': 0.7355326926899626, 'penalty': 'l2'}. Best is trial 4 with value: 0.9333333333333333.
[I 2026-04-07 03:47:36,719] A new study created in memory with name: knn
[I 2026-04-07 03:47:36,737] Trial 0 finished with value: 0.9166666666666667 and parameters: {'n_neighbors': 4, 'leaf_size': 38, 'p': 2}. Best is trial 0 with value: 0.9166666666666667.
[I 2026-04-07 03:47:36,751] Trial 1 finished with value: 0.9166666666666667 and parameters: {'n_neighbors': 6, 'leaf_size': 32, 'p': 1}. Best is trial 0 with value: 0.9166666666666667.
[I 2026-04-07 03:47:36,766] Trial 2 finished with value: 0.9 and parameters: {'n_neighbors': 5, 'leaf_size': 23, 'p': 2}. Best is trial 0 with value: 0.9166666666666667.
[I 2026-04-07 03:47:36,781] Trial 3 finished with value: 0.9166666666666667 and parameters: {'n_neighbors': 6, 'leaf_size': 23, 'p': 1}. Best is trial 0 with value: 0.9166666666666667.
[I 2026-04-07 03:47:36,805] Trial 4 finished with value: 0.9166666666666667 and parameters: {'n_neighbors': 6, 'leaf_size': 26, 'p': 1}. Best is trial 0 with value: 0.9166666666666667.
[I 2026-04-07 03:47:36,830] Trial 5 finished with value: 0.9 and parameters: {'n_neighbors': 7, 'leaf_size': 25, 'p': 1}. Best is trial 0 with value: 0.9166666666666667.
[I 2026-04-07 03:47:36,856] Trial 6 finished with value: 0.9 and parameters: {'n_neighbors': 5, 'leaf_size': 23, 'p': 2}. Best is trial 0 with value: 0.9166666666666667.
[I 2026-04-07 03:47:36,880] Trial 7 finished with value: 0.9 and parameters: {'n_neighbors': 10, 'leaf_size': 23, 'p': 2}. Best is trial 0 with value: 0.9166666666666667.
[I 2026-04-07 03:47:36,895] Trial 8 finished with value: 0.9 and parameters: {'n_neighbors': 8, 'leaf_size': 36, 'p': 2}. Best is trial 0 with value: 0.9166666666666667.
[I 2026-04-07 03:47:36,910] Trial 9 finished with value: 0.9 and parameters: {'n_neighbors': 3, 'leaf_size': 30, 'p': 2}. Best is trial 0 with value: 0.9166666666666667.
[I 2026-04-07 03:47:36,934] Trial 10 finished with value: 0.9 and parameters: {'n_neighbors': 3, 'leaf_size': 40, 'p': 2}. Best is trial 0 with value: 0.9166666666666667.
[I 2026-04-07 03:47:36,957] Trial 11 finished with value: 0.9166666666666667 and parameters: {'n_neighbors': 4, 'leaf_size': 35, 'p': 1}. Best is trial 0 with value: 0.9166666666666667.
[I 2026-04-07 03:47:36,990] Trial 12 finished with value: 0.9 and parameters: {'n_neighbors': 8, 'leaf_size': 33, 'p': 1}. Best is trial 0 with value: 0.9166666666666667.
[I 2026-04-07 03:47:37,016] Trial 13 finished with value: 0.9166666666666667 and parameters: {'n_neighbors': 4, 'leaf_size': 40, 'p': 1}. Best is trial 0 with value: 0.9166666666666667.
[I 2026-04-07 03:47:37,048] Trial 14 finished with value: 0.9 and parameters: {'n_neighbors': 5, 'leaf_size': 30, 'p': 2}. Best is trial 0 with value: 0.9166666666666667.
[I 2026-04-07 03:47:37,073] Trial 15 finished with value: 0.9 and parameters: {'n_neighbors': 7, 'leaf_size': 37, 'p': 1}. Best is trial 0 with value: 0.9166666666666667.
[I 2026-04-07 03:47:37,095] Trial 16 finished with value: 0.9 and parameters: {'n_neighbors': 10, 'leaf_size': 31, 'p': 2}. Best is trial 0 with value: 0.9166666666666667.
[I 2026-04-07 03:47:37,117] Trial 17 finished with value: 0.9166666666666667 and parameters: {'n_neighbors': 4, 'leaf_size': 38, 'p': 1}. Best is trial 0 with value: 0.9166666666666667.
[I 2026-04-07 03:47:37,141] Trial 18 finished with value: 0.9 and parameters: {'n_neighbors': 8, 'leaf_size': 34, 'p': 2}. Best is trial 0 with value: 0.9166666666666667.
[I 2026-04-07 03:47:37,173] Trial 19 finished with value: 0.9166666666666667 and parameters: {'n_neighbors': 6, 'leaf_size': 28, 'p': 1}. Best is trial 0 with value: 0.9166666666666667.
[I 2026-04-07 03:47:37,199] Trial 20 finished with value: 0.8833333333333334 and parameters: {'n_neighbors': 9, 'leaf_size': 32, 'p': 1}. Best is trial 0 with value: 0.9166666666666667.
[I 2026-04-07 03:47:37,225] Trial 21 finished with value: 0.9166666666666667 and parameters: {'n_neighbors': 6, 'leaf_size': 20, 'p': 1}. Best is trial 0 with value: 0.9166666666666667.
[I 2026-04-07 03:47:37,248] Trial 22 finished with value: 0.9 and parameters: {'n_neighbors': 5, 'leaf_size': 27, 'p': 1}. Best is trial 0 with value: 0.9166666666666667.
[I 2026-04-07 03:47:37,274] Trial 23 finished with value: 0.9 and parameters: {'n_neighbors': 7, 'leaf_size': 28, 'p': 1}. Best is trial 0 with value: 0.9166666666666667.
[I 2026-04-07 03:47:37,297] Trial 24 finished with value: 0.9166666666666667 and parameters: {'n_neighbors': 6, 'leaf_size': 21, 'p': 1}. Best is trial 0 with value: 0.9166666666666667.
[I 2026-04-07 03:47:37,322] Trial 25 finished with value: 0.9166666666666667 and parameters: {'n_neighbors': 4, 'leaf_size': 38, 'p': 1}. Best is trial 0 with value: 0.9166666666666667.
[I 2026-04-07 03:47:37,346] Trial 26 finished with value: 0.9 and parameters: {'n_neighbors': 3, 'leaf_size': 34, 'p': 2}. Best is trial 0 with value: 0.9166666666666667.
[I 2026-04-07 03:47:37,370] Trial 27 finished with value: 0.9 and parameters: {'n_neighbors': 5, 'leaf_size': 32, 'p': 1}. Best is trial 0 with value: 0.9166666666666667.
[I 2026-04-07 03:47:37,394] Trial 28 finished with value: 0.9 and parameters: {'n_neighbors': 7, 'leaf_size': 25, 'p': 2}. Best is trial 0 with value: 0.9166666666666667.
[I 2026-04-07 03:47:37,428] Trial 29 finished with value: 0.9 and parameters: {'n_neighbors': 5, 'leaf_size': 29, 'p': 2}. Best is trial 0 with value: 0.9166666666666667.
[I 2026-04-07 03:47:38,847] A new study created in memory with name: xgb
[I 2026-04-07 03:47:38,873] Trial 0 finished with value: 0.9166666666666667 and parameters: {'n_estimators': 40, 'max_depth': 5, 'gamma': 0.789317070832284, 'subsample': 0.7592089939364717, 'colsample_bytree': 0.648400250788111}. Best is trial 0 with value: 0.9166666666666667.
[I 2026-04-07 03:47:38,911] Trial 1 finished with value: 0.9166666666666667 and parameters: {'n_estimators': 100, 'max_depth': 30, 'gamma': 0.34667781579300216, 'subsample': 0.7071175095405257, 'colsample_bytree': 0.6480399663668239}. Best is trial 0 with value: 0.9166666666666667.
[I 2026-04-07 03:47:38,939] Trial 2 finished with value: 0.9333333333333333 and parameters: {'n_estimators': 10, 'max_depth': 20, 'gamma': 0.3948075529198607, 'subsample': 0.5720821503267102, 'colsample_bytree': 0.5828064306006338}. Best is trial 2 with value: 0.9333333333333333.
[I 2026-04-07 03:47:38,967] Trial 3 finished with value: 0.9333333333333333 and parameters: {'n_estimators': 10, 'max_depth': 30, 'gamma': 0.8015631269999768, 'subsample': 0.5114665462195407, 'colsample_bytree': 0.788831429064878}. Best is trial 2 with value: 0.9333333333333333.
[I 2026-04-07 03:47:38,995] Trial 4 finished with value: 0.95 and parameters: {'n_estimators': 100, 'max_depth': 5, 'gamma': 0.8834347783013348, 'subsample': 0.961374806972835, 'colsample_bytree': 0.5011071062662218}. Best is trial 4 with value: 0.95.
[I 2026-04-07 03:47:39,022] Trial 5 finished with value: 0.95 and parameters: {'n_estimators': 40, 'max_depth': 5, 'gamma': 0.5364379674896123, 'subsample': 0.5145557818363589, 'colsample_bytree': 0.5432628442011025}. Best is trial 4 with value: 0.95.
[I 2026-04-07 03:47:39,059] Trial 6 finished with value: 0.9166666666666667 and parameters: {'n_estimators': 100, 'max_depth': 20, 'gamma': 0.6718205850237038, 'subsample': 0.9059511955902053, 'colsample_bytree': 0.9633413076219371}. Best is trial 4 with value: 0.95.
