[I 2026-04-07 02:58:29,887] Trial 16 finished with value: 0.875 and parameters: {'var_smoothing': 2.0295724993447026e-09}. Best is trial 0 with value: 0.875.
[I 2026-04-07 02:58:29,905] Trial 17 finished with value: 0.875 and parameters: {'var_smoothing': 5.880433102756661e-09}. Best is trial 0 with value: 0.875.
[I 2026-04-07 02:58:29,925] Trial 18 finished with value: 0.875 and parameters: {'var_smoothing': 1.6980964875204416e-09}. Best is trial 0 with value: 0.875.
[I 2026-04-07 02:58:29,945] Trial 19 finished with value: 0.875 and parameters: {'var_smoothing': 4.2955625192244405e-09}. Best is trial 0 with value: 0.875.
[I 2026-04-07 02:58:29,964] Trial 20 finished with value: 0.875 and parameters: {'var_smoothing': 9.833771947222685e-09}. Best is trial 0 with value: 0.875.
[I 2026-04-07 02:58:29,984] Trial 21 finished with value: 0.875 and parameters: {'var_smoothing': 6.0482464086364635e-09}. Best is trial 0 with value: 0.875.
[I 2026-04-07 02:58:30,002] Trial 22 finished with value: 0.875 and parameters: {'var_smoothing': 4.537628481410357e-09}. Best is trial 0 with value: 0.875.
[I 2026-04-07 02:58:30,023] Trial 23 finished with value: 0.875 and parameters: {'var_smoothing': 6.750528289210463e-09}. Best is trial 0 with value: 0.875.
[I 2026-04-07 02:58:30,042] Trial 24 finished with value: 0.875 and parameters: {'var_smoothing': 2.2780337647355764e-09}. Best is trial 0 with value: 0.875.
[I 2026-04-07 02:58:30,061] Trial 25 finished with value: 0.875 and parameters: {'var_smoothing': 3.986918574074946e-09}. Best is trial 0 with value: 0.875.
[I 2026-04-07 02:58:30,080] Trial 26 finished with value: 0.875 and parameters: {'var_smoothing': 1.7707565248297843e-09}. Best is trial 0 with value: 0.875.
[I 2026-04-07 02:58:30,100] Trial 27 finished with value: 0.875 and parameters: {'var_smoothing': 6.732492847962814e-09}. Best is trial 0 with value: 0.875.
[I 2026-04-07 02:58:30,120] Trial 28 finished with value: 0.875 and parameters: {'var_smoothing': 3.8684773890893174e-10}. Best is trial 0 with value: 0.875.
[I 2026-04-07 02:58:30,140] Trial 29 finished with value: 0.875 and parameters: {'var_smoothing': 1.5480090897085013e-09}. Best is trial 0 with value: 0.875.
[I 2026-04-07 02:58:31,050] A new study created in memory with name: logreg
[I 2026-04-07 02:58:31,074] Trial 0 finished with value: 0.875 and parameters: {'C': 23.288794782471303, 'penalty': 'l2'}. Best is trial 0 with value: 0.875.
[I 2026-04-07 02:58:31,100] Trial 1 finished with value: 0.825 and parameters: {'C': 69.61507800412923, 'penalty': 'l2'}. Best is trial 0 with value: 0.875.
[I 2026-04-07 02:58:31,125] Trial 2 finished with value: 0.875 and parameters: {'C': 22.180569925473442, 'penalty': 'l2'}. Best is trial 0 with value: 0.875.
[I 2026-04-07 02:58:31,150] Trial 3 finished with value: 0.9 and parameters: {'C': 0.4511058486037652, 'penalty': 'l2'}. Best is trial 3 with value: 0.9.
[I 2026-04-07 02:58:31,165] Trial 4 finished with value: 0.725 and parameters: {'C': 0.014576110093994574, 'penalty': 'l2'}. Best is trial 3 with value: 0.9.
[I 2026-04-07 02:58:31,178] Trial 5 finished with value: 0.7 and parameters: {'C': 0.0011402340906886685, 'penalty': 'l2'}. Best is trial 3 with value: 0.9.
[I 2026-04-07 02:58:31,202] Trial 6 finished with value: 0.8 and parameters: {'C': 0.14201822862985758, 'penalty': 'l2'}. Best is trial 3 with value: 0.9.
[I 2026-04-07 02:58:31,226] Trial 7 finished with value: 0.825 and parameters: {'C': 0.1027440782219989, 'penalty': 'l2'}. Best is trial 3 with value: 0.9.
[I 2026-04-07 02:58:31,241] Trial 8 finished with value: 0.9 and parameters: {'C': 0.41055690122086846, 'penalty': 'l2'}. Best is trial 3 with value: 0.9.
[I 2026-04-07 02:58:31,256] Trial 9 finished with value: 0.875 and parameters: {'C': 0.24658064201770763, 'penalty': 'l2'}. Best is trial 3 with value: 0.9.
[I 2026-04-07 02:58:31,284] Trial 10 finished with value: 0.925 and parameters: {'C': 4.054933242818742, 'penalty': 'l2'}. Best is trial 10 with value: 0.925.
[I 2026-04-07 02:58:31,304] Trial 11 finished with value: 0.925 and parameters: {'C': 2.424283921187051, 'penalty': 'l2'}. Best is trial 10 with value: 0.925.
[I 2026-04-07 02:58:31,321] Trial 12 finished with value: 0.925 and parameters: {'C': 3.3338085915997806, 'penalty': 'l2'}. Best is trial 10 with value: 0.925.
[I 2026-04-07 02:58:31,351] Trial 13 finished with value: 0.925 and parameters: {'C': 3.035435412892837, 'penalty': 'l2'}. Best is trial 10 with value: 0.925.
[I 2026-04-07 02:58:31,380] Trial 14 finished with value: 0.925 and parameters: {'C': 2.49514782691891, 'penalty': 'l2'}. Best is trial 10 with value: 0.925.
[I 2026-04-07 02:58:31,397] Trial 15 finished with value: 0.925 and parameters: {'C': 6.7547907928106605, 'penalty': 'l2'}. Best is trial 10 with value: 0.925.
[I 2026-04-07 02:58:31,424] Trial 16 finished with value: 0.9 and parameters: {'C': 1.0238788669512997, 'penalty': 'l2'}. Best is trial 10 with value: 0.925.
[I 2026-04-07 02:58:31,445] Trial 17 finished with value: 0.825 and parameters: {'C': 0.04484986573212862, 'penalty': 'l2'}. Best is trial 10 with value: 0.925.
[I 2026-04-07 02:58:31,471] Trial 18 finished with value: 0.925 and parameters: {'C': 10.309371404845017, 'penalty': 'l2'}. Best is trial 10 with value: 0.925.
[I 2026-04-07 02:58:31,488] Trial 19 finished with value: 0.925 and parameters: {'C': 1.210494226333449, 'penalty': 'l2'}. Best is trial 10 with value: 0.925.
[I 2026-04-07 02:58:31,514] Trial 20 finished with value: 0.85 and parameters: {'C': 95.89596440448501, 'penalty': 'l2'}. Best is trial 10 with value: 0.925.
[I 2026-04-07 02:58:31,542] Trial 21 finished with value: 0.925 and parameters: {'C': 4.687586440804636, 'penalty': 'l2'}. Best is trial 10 with value: 0.925.
[I 2026-04-07 02:58:31,562] Trial 22 finished with value: 0.9 and parameters: {'C': 0.8433526279528014, 'penalty': 'l2'}. Best is trial 10 with value: 0.925.
[I 2026-04-07 02:58:31,592] Trial 23 finished with value: 0.925 and parameters: {'C': 14.310816217518772, 'penalty': 'l2'}. Best is trial 10 with value: 0.925.
[I 2026-04-07 02:58:31,619] Trial 24 finished with value: 0.925 and parameters: {'C': 2.47685391214756, 'penalty': 'l2'}. Best is trial 10 with value: 0.925.
[I 2026-04-07 02:58:31,638] Trial 25 finished with value: 0.925 and parameters: {'C': 1.5873468661826968, 'penalty': 'l2'}. Best is trial 10 with value: 0.925.
[I 2026-04-07 02:58:31,666] Trial 26 finished with value: 0.85 and parameters: {'C': 46.1260985961504, 'penalty': 'l2'}. Best is trial 10 with value: 0.925.
[I 2026-04-07 02:58:31,696] Trial 27 finished with value: 0.925 and parameters: {'C': 6.846473180842146, 'penalty': 'l2'}. Best is trial 10 with value: 0.925.
[I 2026-04-07 02:58:31,717] Trial 28 finished with value: 0.875 and parameters: {'C': 30.07903938394384, 'penalty': 'l2'}. Best is trial 10 with value: 0.925.
[I 2026-04-07 02:58:31,735] Trial 29 finished with value: 0.9 and parameters: {'C': 16.728633912250334, 'penalty': 'l2'}. Best is trial 10 with value: 0.925.
[I 2026-04-07 02:58:32,112] A new study created in memory with name: knn
[I 2026-04-07 02:58:32,126] Trial 0 finished with value: 0.925 and parameters: {'n_neighbors': 9, 'leaf_size': 40, 'p': 1}. Best is trial 0 with value: 0.925.
[I 2026-04-07 02:58:32,138] Trial 1 finished with value: 0.875 and parameters: {'n_neighbors': 4, 'leaf_size': 20, 'p': 1}. Best is trial 0 with value: 0.925.
[I 2026-04-07 02:58:32,161] Trial 2 finished with value: 0.95 and parameters: {'n_neighbors': 7, 'leaf_size': 30, 'p': 1}. Best is trial 2 with value: 0.95.
[I 2026-04-07 02:58:32,173] Trial 3 finished with value: 0.925 and parameters: {'n_neighbors': 9, 'leaf_size': 34, 'p': 1}. Best is trial 2 with value: 0.95.
[I 2026-04-07 02:58:32,185] Trial 4 finished with value: 0.875 and parameters: {'n_neighbors': 5, 'leaf_size': 40, 'p': 1}. Best is trial 2 with value: 0.95.
[I 2026-04-07 02:58:32,198] Trial 5 finished with value: 0.9 and parameters: {'n_neighbors': 3, 'leaf_size': 40, 'p': 2}. Best is trial 2 with value: 0.95.
[I 2026-04-07 02:58:32,220] Trial 6 finished with value: 0.9 and parameters: {'n_neighbors': 3, 'leaf_size': 24, 'p': 2}. Best is trial 2 with value: 0.95.
[I 2026-04-07 02:58:32,233] Trial 7 finished with value: 0.925 and parameters: {'n_neighbors': 5, 'leaf_size': 40, 'p': 2}. Best is trial 2 with value: 0.95.
[I 2026-04-07 02:58:32,255] Trial 8 finished with value: 0.9 and parameters: {'n_neighbors': 6, 'leaf_size': 36, 'p': 1}. Best is trial 2 with value: 0.95.
[I 2026-04-07 02:58:32,278] Trial 9 finished with value: 0.9 and parameters: {'n_neighbors': 6, 'leaf_size': 25, 'p': 1}. Best is trial 2 with value: 0.95.
[I 2026-04-07 02:58:32,302] Trial 10 finished with value: 0.725 and parameters: {'n_neighbors': 8, 'leaf_size': 30, 'p': 2}. Best is trial 2 with value: 0.95.
[I 2026-04-07 02:58:32,327] Trial 11 finished with value: 0.825 and parameters: {'n_neighbors': 10, 'leaf_size': 30, 'p': 1}. Best is trial 2 with value: 0.95.
[I 2026-04-07 02:58:32,349] Trial 12 finished with value: 0.875 and parameters: {'n_neighbors': 8, 'leaf_size': 34, 'p': 1}. Best is trial 2 with value: 0.95.
[I 2026-04-07 02:58:32,383] Trial 13 finished with value: 0.875 and parameters: {'n_neighbors': 8, 'leaf_size': 27, 'p': 1}. Best is trial 2 with value: 0.95.
[I 2026-04-07 02:58:32,417] Trial 14 finished with value: 0.825 and parameters: {'n_neighbors': 10, 'leaf_size': 33, 'p': 1}. Best is trial 2 with value: 0.95.
[I 2026-04-07 02:58:32,454] Trial 15 finished with value: 0.95 and parameters: {'n_neighbors': 7, 'leaf_size': 37, 'p': 1}. Best is trial 2 with value: 0.95.
[I 2026-04-07 02:58:32,488] Trial 16 finished with value: 0.95 and parameters: {'n_neighbors': 7, 'leaf_size': 37, 'p': 1}. Best is trial 2 with value: 0.95.
[I 2026-04-07 02:58:32,512] Trial 17 finished with value: 0.95 and parameters: {'n_neighbors': 7, 'leaf_size': 32, 'p': 1}. Best is trial 2 with value: 0.95.
[I 2026-04-07 02:58:32,549] Trial 18 finished with value: 0.925 and parameters: {'n_neighbors': 5, 'leaf_size': 28, 'p': 2}. Best is trial 2 with value: 0.95.
[I 2026-04-07 02:58:32,574] Trial 19 finished with value: 0.95 and parameters: {'n_neighbors': 7, 'leaf_size': 36, 'p': 1}. Best is trial 2 with value: 0.95.
[I 2026-04-07 02:58:32,600] Trial 20 finished with value: 0.9 and parameters: {'n_neighbors': 6, 'leaf_size': 31, 'p': 1}. Best is trial 2 with value: 0.95.
[I 2026-04-07 02:58:32,637] Trial 21 finished with value: 0.95 and parameters: {'n_neighbors': 7, 'leaf_size': 37, 'p': 1}. Best is trial 2 with value: 0.95.
[I 2026-04-07 02:58:32,674] Trial 22 finished with value: 0.95 and parameters: {'n_neighbors': 7, 'leaf_size': 37, 'p': 1}. Best is trial 2 with value: 0.95.
[I 2026-04-07 02:58:32,699] Trial 23 finished with value: 0.875 and parameters: {'n_neighbors': 8, 'leaf_size': 38, 'p': 1}. Best is trial 2 with value: 0.95.
[I 2026-04-07 02:58:32,733] Trial 24 finished with value: 0.925 and parameters: {'n_neighbors': 9, 'leaf_size': 28, 'p': 1}. Best is trial 2 with value: 0.95.
[I 2026-04-07 02:58:32,768] Trial 25 finished with value: 0.9 and parameters: {'n_neighbors': 6, 'leaf_size': 35, 'p': 1}. Best is trial 2 with value: 0.95.
[I 2026-04-07 02:58:32,794] Trial 26 finished with value: 0.85 and parameters: {'n_neighbors': 7, 'leaf_size': 38, 'p': 2}. Best is trial 2 with value: 0.95.
[I 2026-04-07 02:58:32,828] Trial 27 finished with value: 0.875 and parameters: {'n_neighbors': 8, 'leaf_size': 32, 'p': 1}. Best is trial 2 with value: 0.95.
[I 2026-04-07 02:58:32,853] Trial 28 finished with value: 0.875 and parameters: {'n_neighbors': 5, 'leaf_size': 25, 'p': 1}. Best is trial 2 with value: 0.95.
[I 2026-04-07 02:58:32,890] Trial 29 finished with value: 0.925 and parameters: {'n_neighbors': 9, 'leaf_size': 21, 'p': 1}. Best is trial 2 with value: 0.95.
[I 2026-04-07 02:58:34,339] A new study created in memory with name: xgb
[I 2026-04-07 02:58:34,365] Trial 0 finished with value: 0.85 and parameters: {'n_estimators': 40, 'max_depth': 5, 'gamma': 0.4874219364632415, 'subsample': 0.7011756800186824, 'colsample_bytree': 0.7613373356762848}. Best is trial 0 with value: 0.85.
[I 2026-04-07 02:58:34,393] Trial 1 finished with value: 0.825 and parameters: {'n_estimators': 40, 'max_depth': 5, 'gamma': 0.483482593428573, 'subsample': 0.6445375140090439, 'colsample_bytree': 0.9869276206002231}. Best is trial 0 with value: 0.85.
[I 2026-04-07 02:58:34,420] Trial 2 finished with value: 0.85 and parameters: {'n_estimators': 10, 'max_depth': 5, 'gamma': 0.16384856027517886, 'subsample': 0.6123849694840227, 'colsample_bytree': 0.6968174574718025}. Best is trial 0 with value: 0.85.
[I 2026-04-07 02:58:34,458] Trial 3 finished with value: 0.85 and parameters: {'n_estimators': 100, 'max_depth': 30, 'gamma': 0.7877441182293641, 'subsample': 0.9694019566553859, 'colsample_bytree': 0.6598448982335139}. Best is trial 0 with value: 0.85.
[I 2026-04-07 02:58:34,496] Trial 4 finished with value: 0.85 and parameters: {'n_estimators': 100, 'max_depth': 5, 'gamma': 0.816017102586079, 'subsample': 0.5160040782128984, 'colsample_bytree': 0.7277239110529665}. Best is trial 0 with value: 0.85.
[I 2026-04-07 02:58:34,523] Trial 5 finished with value: 0.85 and parameters: {'n_estimators': 40, 'max_depth': 20, 'gamma': 0.6643500821697236, 'subsample': 0.6076588997363731, 'colsample_bytree': 0.5754850538287481}. Best is trial 0 with value: 0.85.
[I 2026-04-07 02:58:34,561] Trial 6 finished with value: 0.9 and parameters: {'n_estimators': 100, 'max_depth': 20, 'gamma': 0.6361752212866232, 'subsample': 0.8309913561372338, 'colsample_bytree': 0.7552902276266351}. Best is trial 6 with value: 0.9.
[I 2026-04-07 02:58:34,588] Trial 7 finished with value: 0.85 and parameters: {'n_estimators': 10, 'max_depth': 5, 'gamma': 0.5767347850317142, 'subsample': 0.7995431264700696, 'colsample_bytree': 0.8604622333437917}. Best is trial 6 with value: 0.9.
[I 2026-04-07 02:58:34,626] Trial 8 finished with value: 0.9 and parameters: {'n_estimators': 100, 'max_depth': 20, 'gamma': 0.8470554948938058, 'subsample': 0.860339005739911, 'colsample_bytree': 0.9331308414408237}. Best is trial 6 with value: 0.9.
[I 2026-04-07 02:58:34,664] Trial 9 finished with value: 0.85 and parameters: {'n_estimators': 100, 'max_depth': 30, 'gamma': 0.574951454577921, 'subsample': 0.9696020680119358, 'colsample_bytree': 0.8616917074936369}. Best is trial 6 with value: 0.9.
[I 2026-04-07 02:58:34,704] Trial 10 finished with value: 0.875 and parameters: {'n_estimators': 100, 'max_depth': 20, 'gamma': 0.25114105728599195, 'subsample': 0.8583909470234251, 'colsample_bytree': 0.525322130410742}. Best is trial 6 with value: 0.9.
[I 2026-04-07 02:58:34,754] Trial 11 finished with value: 0.875 and parameters: {'n_estimators': 100, 'max_depth': 20, 'gamma': 0.9894607367239925, 'subsample': 0.863147693610025, 'colsample_bytree': 0.9375796568686313}. Best is trial 6 with value: 0.9.
[I 2026-04-07 02:58:34,800] Trial 12 finished with value: 0.85 and parameters: {'n_estimators': 100, 'max_depth': 20, 'gamma': 0.9738892144312379, 'subsample': 0.8680239223949097, 'colsample_bytree': 0.8187555423574219}. Best is trial 6 with value: 0.9.
[I 2026-04-07 02:58:34,850] Trial 13 finished with value: 0.85 and parameters: {'n_estimators': 100, 'max_depth': 20, 'gamma': 0.7867003674951019, 'subsample': 0.7837535856799976, 'colsample_bytree': 0.9258611474560662}. Best is trial 6 with value: 0.9.
[I 2026-04-07 02:58:34,886] Trial 14 finished with value: 0.85 and parameters: {'n_estimators': 100, 'max_depth': 20, 'gamma': 0.355001213837357, 'subsample': 0.9125321808155427, 'colsample_bytree': 0.616717843840092}. Best is trial 6 with value: 0.9.
[I 2026-04-07 02:58:34,925] Trial 15 finished with value: 0.85 and parameters: {'n_estimators': 10, 'max_depth': 20, 'gamma': 0.6938593553614454, 'subsample': 0.7299555463674827, 'colsample_bytree': 0.7870594445157879}. Best is trial 6 with value: 0.9.
[I 2026-04-07 02:58:34,972] Trial 16 finished with value: 0.875 and parameters: {'n_estimators': 100, 'max_depth': 20, 'gamma': 0.8967965190973898, 'subsample': 0.80722021557935, 'colsample_bytree': 0.9991430074353944}. Best is trial 6 with value: 0.9.
[I 2026-04-07 02:58:35,022] Trial 17 finished with value: 0.85 and parameters: {'n_estimators': 100, 'max_depth': 30, 'gamma': 0.6874874786922699, 'subsample': 0.9164181059630803, 'colsample_bytree': 0.8836898591693393}. Best is trial 6 with value: 0.9.
[I 2026-04-07 02:58:35,061] Trial 18 finished with value: 0.875 and parameters: {'n_estimators': 40, 'max_depth': 20, 'gamma': 0.3764728029733731, 'subsample': 0.6985755793017012, 'colsample_bytree': 0.8156447549239789}. Best is trial 6 with value: 0.9.
[I 2026-04-07 02:58:35,100] Trial 19 finished with value: 0.85 and parameters: {'n_estimators': 10, 'max_depth': 20, 'gamma': 0.8802703000906548, 'subsample': 0.9138249981567055, 'colsample_bytree': 0.6783578641100002}. Best is trial 6 with value: 0.9.
[I 2026-04-07 02:58:35,150] Trial 20 finished with value: 0.85 and parameters: {'n_estimators': 100, 'max_depth': 30, 'gamma': 0.6480904800567417, 'subsample': 0.7594572613428268, 'colsample_bytree': 0.9279284606468476}. Best is trial 6 with value: 0.9.
[I 2026-04-07 02:58:35,199] Trial 21 finished with value: 0.85 and parameters: {'n_estimators': 100, 'max_depth': 20, 'gamma': 0.16716357858780567, 'subsample': 0.8449806212793994, 'colsample_bytree': 0.5014450687433561}. Best is trial 6 with value: 0.9.
[I 2026-04-07 02:58:35,247] Trial 22 finished with value: 0.85 and parameters: {'n_estimators': 100, 'max_depth': 20, 'gamma': 0.2872936455918978, 'subsample': 0.8311456823822255, 'colsample_bytree': 0.5228744510929926}. Best is trial 6 with value: 0.9.
[I 2026-04-07 02:58:35,285] Trial 23 finished with value: 0.8 and parameters: {'n_estimators': 100, 'max_depth': 20, 'gamma': 0.27622742849400844, 'subsample': 0.8887078261878121, 'colsample_bytree': 0.5695409365134005}. Best is trial 6 with value: 0.9.
[I 2026-04-07 02:58:35,333] Trial 24 finished with value: 0.875 and parameters: {'n_estimators': 100, 'max_depth': 20, 'gamma': 0.47882428847843295, 'subsample': 0.9964837447201369, 'colsample_bytree': 0.6291086455266599}. Best is trial 6 with value: 0.9.
[I 2026-04-07 02:58:35,380] Trial 25 finished with value: 0.85 and parameters: {'n_estimators': 100, 'max_depth': 20, 'gamma': 0.10764373246258885, 'subsample': 0.8253562215501795, 'colsample_bytree': 0.731890337128147}. Best is trial 6 with value: 0.9.
[I 2026-04-07 02:58:35,428] Trial 26 finished with value: 0.85 and parameters: {'n_estimators': 100, 'max_depth': 20, 'gamma': 0.7377792618747204, 'subsample': 0.7636688287122886, 'colsample_bytree': 0.5793241320754156}. Best is trial 6 with value: 0.9.
[I 2026-04-07 02:58:35,466] Trial 27 finished with value: 0.875 and parameters: {'n_estimators': 100, 'max_depth': 20, 'gamma': 0.8969221179532245, 'subsample': 0.9390108694352729, 'colsample_bytree': 0.7831797163885641}. Best is trial 6 with value: 0.9.
[I 2026-04-07 02:58:35,505] Trial 28 finished with value: 0.875 and parameters: {'n_estimators': 10, 'max_depth': 30, 'gamma': 0.3826242952193075, 'subsample': 0.857463599784849, 'colsample_bytree': 0.7075561768046938}. Best is trial 6 with value: 0.9.
[I 2026-04-07 02:58:35,543] Trial 29 finished with value: 0.875 and parameters: {'n_estimators': 40, 'max_depth': 20, 'gamma': 0.5230486801457019, 'subsample': 0.7380936228229911, 'colsample_bytree': 0.7601662614184044}. Best is trial 6 with value: 0.9.
[I 2026-04-07 02:58:36,390] A new study created in memory with name: rf
[I 2026-04-07 02:58:36,890] Trial 0 finished with value: 0.8 and parameters: {'n_estimators': 450, 'max_depth': 20, 'min_samples_split': 9, 'min_samples_leaf': 6}. Best is trial 0 with value: 0.8.
[I 2026-04-07 02:58:37,119] Trial 1 finished with value: 0.825 and parameters: {'n_estimators': 193, 'max_depth': 3, 'min_samples_split': 5, 'min_samples_leaf': 5}. Best is trial 1 with value: 0.825.
[I 2026-04-07 02:58:37,448] Trial 2 finished with value: 0.825 and parameters: {'n_estimators': 309, 'max_depth': 11, 'min_samples_split': 6, 'min_samples_leaf': 6}. Best is trial 1 with value: 0.825.
[I 2026-04-07 02:58:37,890] Trial 3 finished with value: 0.875 and parameters: {'n_estimators': 405, 'max_depth': 15, 'min_samples_split': 7, 'min_samples_leaf': 5}. Best is trial 3 with value: 0.875.
[I 2026-04-07 02:58:38,119] Trial 4 finished with value: 0.9 and parameters: {'n_estimators': 215, 'max_depth': 20, 'min_samples_split': 5, 'min_samples_leaf': 3}. Best is trial 4 with value: 0.9.
[I 2026-04-07 02:58:38,266] Trial 5 finished with value: 0.9 and parameters: {'n_estimators': 126, 'max_depth': 20, 'min_samples_split': 3, 'min_samples_leaf': 4}. Best is trial 4 with value: 0.9.
[I 2026-04-07 02:58:38,431] Trial 6 finished with value: 0.8 and parameters: {'n_estimators': 128, 'max_depth': 7, 'min_samples_split': 5, 'min_samples_leaf': 9}. Best is trial 4 with value: 0.9.
[I 2026-04-07 02:58:38,736] Trial 7 finished with value: 0.9 and parameters: {'n_estimators': 238, 'max_depth': 20, 'min_samples_split': 2, 'min_samples_leaf': 4}. Best is trial 4 with value: 0.9.
[I 2026-04-07 02:58:39,042] Trial 8 finished with value: 0.9 and parameters: {'n_estimators': 252, 'max_depth': 16, 'min_samples_split': 10, 'min_samples_leaf': 4}. Best is trial 4 with value: 0.9.
[I 2026-04-07 02:58:39,322] Trial 9 finished with value: 0.8 and parameters: {'n_estimators': 273, 'max_depth': 7, 'min_samples_split': 9, 'min_samples_leaf': 7}. Best is trial 4 with value: 0.9.
[I 2026-04-07 02:58:39,708] Trial 10 finished with value: 0.95 and parameters: {'n_estimators': 340, 'max_depth': 15, 'min_samples_split': 4, 'min_samples_leaf': 1}. Best is trial 10 with value: 0.95.
[I 2026-04-07 02:58:40,094] Trial 11 finished with value: 0.95 and parameters: {'n_estimators': 351, 'max_depth': 15, 'min_samples_split': 4, 'min_samples_leaf': 1}. Best is trial 10 with value: 0.95.
