[I 2026-04-09 22:20:27,379] Trial 0 finished with value: 0.7666666666666668 and parameters: {'n_neighbors': 4, 'leaf_size': 38, 'p': 2}. Best is trial 0 with value: 0.7666666666666668.
[I 2026-04-09 22:20:27,391] Trial 1 finished with value: 0.7833333333333334 and parameters: {'n_neighbors': 6, 'leaf_size': 32, 'p': 1}. Best is trial 1 with value: 0.7833333333333334.
[I 2026-04-09 22:20:27,405] Trial 2 finished with value: 0.7666666666666668 and parameters: {'n_neighbors': 5, 'leaf_size': 23, 'p': 2}. Best is trial 1 with value: 0.7833333333333334.
[I 2026-04-09 22:20:27,421] Trial 3 finished with value: 0.7833333333333334 and parameters: {'n_neighbors': 6, 'leaf_size': 23, 'p': 1}. Best is trial 1 with value: 0.7833333333333334.
[I 2026-04-09 22:20:27,444] Trial 4 finished with value: 0.7833333333333334 and parameters: {'n_neighbors': 6, 'leaf_size': 26, 'p': 1}. Best is trial 1 with value: 0.7833333333333334.
[I 2026-04-09 22:20:27,458] Trial 5 finished with value: 0.8333333333333334 and parameters: {'n_neighbors': 7, 'leaf_size': 25, 'p': 1}. Best is trial 5 with value: 0.8333333333333334.
[I 2026-04-09 22:20:27,472] Trial 6 finished with value: 0.7666666666666668 and parameters: {'n_neighbors': 5, 'leaf_size': 23, 'p': 2}. Best is trial 5 with value: 0.8333333333333334.
[I 2026-04-09 22:20:27,486] Trial 7 finished with value: 0.7166666666666666 and parameters: {'n_neighbors': 10, 'leaf_size': 23, 'p': 2}. Best is trial 5 with value: 0.8333333333333334.
[I 2026-04-09 22:20:27,501] Trial 8 finished with value: 0.75 and parameters: {'n_neighbors': 8, 'leaf_size': 36, 'p': 2}. Best is trial 5 with value: 0.8333333333333334.
[I 2026-04-09 22:20:27,525] Trial 9 finished with value: 0.7 and parameters: {'n_neighbors': 3, 'leaf_size': 30, 'p': 2}. Best is trial 5 with value: 0.8333333333333334.
[I 2026-04-09 22:20:27,562] Trial 10 finished with value: 0.8166666666666667 and parameters: {'n_neighbors': 8, 'leaf_size': 29, 'p': 1}. Best is trial 5 with value: 0.8333333333333334.
[I 2026-04-09 22:20:27,589] Trial 11 finished with value: 0.8166666666666667 and parameters: {'n_neighbors': 8, 'leaf_size': 29, 'p': 1}. Best is trial 5 with value: 0.8333333333333334.
[I 2026-04-09 22:20:27,616] Trial 12 finished with value: 0.8166666666666667 and parameters: {'n_neighbors': 8, 'leaf_size': 27, 'p': 1}. Best is trial 5 with value: 0.8333333333333334.
[I 2026-04-09 22:20:27,641] Trial 13 finished with value: 0.8166666666666667 and parameters: {'n_neighbors': 9, 'leaf_size': 33, 'p': 1}. Best is trial 5 with value: 0.8333333333333334.
[I 2026-04-09 22:20:27,674] Trial 14 finished with value: 0.8333333333333334 and parameters: {'n_neighbors': 7, 'leaf_size': 27, 'p': 1}. Best is trial 5 with value: 0.8333333333333334.
[I 2026-04-09 22:20:27,699] Trial 15 finished with value: 0.8333333333333334 and parameters: {'n_neighbors': 7, 'leaf_size': 26, 'p': 1}. Best is trial 5 with value: 0.8333333333333334.
[I 2026-04-09 22:20:27,723] Trial 16 finished with value: 0.8333333333333334 and parameters: {'n_neighbors': 7, 'leaf_size': 21, 'p': 1}. Best is trial 5 with value: 0.8333333333333334.
[I 2026-04-09 22:20:27,746] Trial 17 finished with value: 0.8 and parameters: {'n_neighbors': 10, 'leaf_size': 20, 'p': 1}. Best is trial 5 with value: 0.8333333333333334.
[I 2026-04-09 22:20:27,782] Trial 18 finished with value: 0.8 and parameters: {'n_neighbors': 5, 'leaf_size': 33, 'p': 1}. Best is trial 5 with value: 0.8333333333333334.
[I 2026-04-09 22:20:27,815] Trial 19 finished with value: 0.8166666666666667 and parameters: {'n_neighbors': 9, 'leaf_size': 27, 'p': 1}. Best is trial 5 with value: 0.8333333333333334.
[I 2026-04-09 22:20:27,840] Trial 20 finished with value: 0.8333333333333334 and parameters: {'n_neighbors': 7, 'leaf_size': 25, 'p': 1}. Best is trial 5 with value: 0.8333333333333334.
[I 2026-04-09 22:20:27,864] Trial 21 finished with value: 0.8333333333333334 and parameters: {'n_neighbors': 7, 'leaf_size': 25, 'p': 1}. Best is trial 5 with value: 0.8333333333333334.
[I 2026-04-09 22:20:27,888] Trial 22 finished with value: 0.8333333333333334 and parameters: {'n_neighbors': 7, 'leaf_size': 28, 'p': 1}. Best is trial 5 with value: 0.8333333333333334.
[I 2026-04-09 22:20:27,914] Trial 23 finished with value: 0.8166666666666667 and parameters: {'n_neighbors': 9, 'leaf_size': 31, 'p': 1}. Best is trial 5 with value: 0.8333333333333334.
[I 2026-04-09 22:20:27,939] Trial 24 finished with value: 0.7833333333333334 and parameters: {'n_neighbors': 6, 'leaf_size': 25, 'p': 1}. Best is trial 5 with value: 0.8333333333333334.
[I 2026-04-09 22:20:27,967] Trial 25 finished with value: 0.8333333333333334 and parameters: {'n_neighbors': 7, 'leaf_size': 27, 'p': 1}. Best is trial 5 with value: 0.8333333333333334.
[I 2026-04-09 22:20:27,991] Trial 26 finished with value: 0.8166666666666667 and parameters: {'n_neighbors': 8, 'leaf_size': 21, 'p': 1}. Best is trial 5 with value: 0.8333333333333334.
[I 2026-04-09 22:20:28,027] Trial 27 finished with value: 0.8 and parameters: {'n_neighbors': 5, 'leaf_size': 25, 'p': 1}. Best is trial 5 with value: 0.8333333333333334.
[I 2026-04-09 22:20:28,052] Trial 28 finished with value: 0.7833333333333334 and parameters: {'n_neighbors': 6, 'leaf_size': 29, 'p': 1}. Best is trial 5 with value: 0.8333333333333334.
[I 2026-04-09 22:20:28,078] Trial 29 finished with value: 0.7666666666666668 and parameters: {'n_neighbors': 4, 'leaf_size': 40, 'p': 2}. Best is trial 5 with value: 0.8333333333333334.
[I 2026-04-09 22:20:29,417] A new study created in memory with name: xgb
[I 2026-04-09 22:20:29,443] Trial 0 finished with value: 0.9666666666666666 and parameters: {'n_estimators': 40, 'max_depth': 5, 'gamma': 0.789317070832284, 'subsample': 0.7592089939364717, 'colsample_bytree': 0.648400250788111}. Best is trial 0 with value: 0.9666666666666666.
[I 2026-04-09 22:20:29,482] Trial 1 finished with value: 0.9666666666666666 and parameters: {'n_estimators': 100, 'max_depth': 30, 'gamma': 0.34667781579300216, 'subsample': 0.7071175095405257, 'colsample_bytree': 0.6480399663668239}. Best is trial 0 with value: 0.9666666666666666.
[I 2026-04-09 22:20:29,510] Trial 2 finished with value: 0.95 and parameters: {'n_estimators': 10, 'max_depth': 20, 'gamma': 0.3948075529198607, 'subsample': 0.5720821503267102, 'colsample_bytree': 0.5828064306006338}. Best is trial 0 with value: 0.9666666666666666.
[I 2026-04-09 22:20:29,539] Trial 3 finished with value: 0.95 and parameters: {'n_estimators': 10, 'max_depth': 30, 'gamma': 0.8015631269999768, 'subsample': 0.5114665462195407, 'colsample_bytree': 0.788831429064878}. Best is trial 0 with value: 0.9666666666666666.
[I 2026-04-09 22:20:29,567] Trial 4 finished with value: 0.9666666666666666 and parameters: {'n_estimators': 100, 'max_depth': 5, 'gamma': 0.8834347783013348, 'subsample': 0.961374806972835, 'colsample_bytree': 0.5011071062662218}. Best is trial 0 with value: 0.9666666666666666.
[I 2026-04-09 22:20:29,595] Trial 5 finished with value: 0.9666666666666666 and parameters: {'n_estimators': 40, 'max_depth': 5, 'gamma': 0.5364379674896123, 'subsample': 0.5145557818363589, 'colsample_bytree': 0.5432628442011025}. Best is trial 0 with value: 0.9666666666666666.
[I 2026-04-09 22:20:29,632] Trial 6 finished with value: 0.9666666666666666 and parameters: {'n_estimators': 100, 'max_depth': 20, 'gamma': 0.6718205850237038, 'subsample': 0.9059511955902053, 'colsample_bytree': 0.9633413076219371}. Best is trial 0 with value: 0.9666666666666666.
[I 2026-04-09 22:20:29,661] Trial 7 finished with value: 0.95 and parameters: {'n_estimators': 10, 'max_depth': 30, 'gamma': 0.8165284487704038, 'subsample': 0.5255714015506736, 'colsample_bytree': 0.594333867896554}. Best is trial 0 with value: 0.9666666666666666.
[I 2026-04-09 22:20:29,689] Trial 8 finished with value: 0.9666666666666666 and parameters: {'n_estimators': 100, 'max_depth': 20, 'gamma': 0.6251497693480509, 'subsample': 0.9696496759824258, 'colsample_bytree': 0.9717700410079397}. Best is trial 0 with value: 0.9666666666666666.
[I 2026-04-09 22:20:29,716] Trial 9 finished with value: 0.9666666666666666 and parameters: {'n_estimators': 40, 'max_depth': 30, 'gamma': 0.9649927737686168, 'subsample': 0.6857563076640036, 'colsample_bytree': 0.5061847058001788}. Best is trial 0 with value: 0.9666666666666666.
[I 2026-04-09 22:20:29,752] Trial 10 finished with value: 0.9666666666666666 and parameters: {'n_estimators': 40, 'max_depth': 5, 'gamma': 0.17962098877423716, 'subsample': 0.8225184540606401, 'colsample_bytree': 0.7743115296703093}. Best is trial 0 with value: 0.9666666666666666.
[I 2026-04-09 22:20:29,795] Trial 11 finished with value: 0.9666666666666666 and parameters: {'n_estimators': 40, 'max_depth': 5, 'gamma': 0.284144177802935, 'subsample': 0.7137332854536631, 'colsample_bytree': 0.6815498556783907}. Best is trial 0 with value: 0.9666666666666666.
[I 2026-04-09 22:20:29,834] Trial 12 finished with value: 0.9666666666666666 and parameters: {'n_estimators': 100, 'max_depth': 30, 'gamma': 0.4460361445163697, 'subsample': 0.6425328048515475, 'colsample_bytree': 0.679730053828248}. Best is trial 0 with value: 0.9666666666666666.
[I 2026-04-09 22:20:29,873] Trial 13 finished with value: 0.9666666666666666 and parameters: {'n_estimators': 40, 'max_depth': 5, 'gamma': 0.15813912455139084, 'subsample': 0.7844515830692418, 'colsample_bytree': 0.6758652093499296}. Best is trial 0 with value: 0.9666666666666666.
[I 2026-04-09 22:20:29,912] Trial 14 finished with value: 0.9666666666666666 and parameters: {'n_estimators': 100, 'max_depth': 30, 'gamma': 0.6918007402171132, 'subsample': 0.8431105857116872, 'colsample_bytree': 0.8216506181347186}. Best is trial 0 with value: 0.9666666666666666.
[I 2026-04-09 22:20:29,950] Trial 15 finished with value: 0.9666666666666666 and parameters: {'n_estimators': 100, 'max_depth': 30, 'gamma': 0.349760846204061, 'subsample': 0.6341284233145288, 'colsample_bytree': 0.8604557310580807}. Best is trial 0 with value: 0.9666666666666666.
[I 2026-04-09 22:20:29,995] Trial 16 finished with value: 0.9666666666666666 and parameters: {'n_estimators': 40, 'max_depth': 5, 'gamma': 0.5201464803795712, 'subsample': 0.7450819645371771, 'colsample_bytree': 0.6198858180831269}. Best is trial 0 with value: 0.9666666666666666.
[I 2026-04-09 22:20:30,029] Trial 17 finished with value: 0.9666666666666666 and parameters: {'n_estimators': 40, 'max_depth': 30, 'gamma': 0.24898809859426368, 'subsample': 0.8794206962560682, 'colsample_bytree': 0.7109611479294711}. Best is trial 0 with value: 0.9666666666666666.
[I 2026-04-09 22:20:30,062] Trial 18 finished with value: 0.9666666666666666 and parameters: {'n_estimators': 100, 'max_depth': 5, 'gamma': 0.9913860986584816, 'subsample': 0.7789286533284532, 'colsample_bytree': 0.6271428698415437}. Best is trial 0 with value: 0.9666666666666666.
[I 2026-04-09 22:20:30,093] Trial 19 finished with value: 0.95 and parameters: {'n_estimators': 10, 'max_depth': 20, 'gamma': 0.1024661458044199, 'subsample': 0.6385018241519915, 'colsample_bytree': 0.7256286391121816}. Best is trial 0 with value: 0.9666666666666666.
[I 2026-04-09 22:20:30,139] Trial 20 finished with value: 0.9666666666666666 and parameters: {'n_estimators': 100, 'max_depth': 5, 'gamma': 0.7591732860443527, 'subsample': 0.690163639384909, 'colsample_bytree': 0.8803558534234343}. Best is trial 0 with value: 0.9666666666666666.
[I 2026-04-09 22:20:30,190] Trial 21 finished with value: 0.9666666666666666 and parameters: {'n_estimators': 100, 'max_depth': 5, 'gamma': 0.8981403947458704, 'subsample': 0.9838309308823413, 'colsample_bytree': 0.5078040578333631}. Best is trial 0 with value: 0.9666666666666666.
[I 2026-04-09 22:20:30,237] Trial 22 finished with value: 0.9666666666666666 and parameters: {'n_estimators': 100, 'max_depth': 5, 'gamma': 0.8808927211239763, 'subsample': 0.9248467623616837, 'colsample_bytree': 0.5669818954429469}. Best is trial 0 with value: 0.9666666666666666.
[I 2026-04-09 22:20:30,272] Trial 23 finished with value: 0.9666666666666666 and parameters: {'n_estimators': 100, 'max_depth': 5, 'gamma': 0.6079077014452581, 'subsample': 0.8265511453623737, 'colsample_bytree': 0.6294375903235043}. Best is trial 0 with value: 0.9666666666666666.
[I 2026-04-09 22:20:30,307] Trial 24 finished with value: 0.9666666666666666 and parameters: {'n_estimators': 100, 'max_depth': 5, 'gamma': 0.7317312562547039, 'subsample': 0.752393242302102, 'colsample_bytree': 0.5404851804257818}. Best is trial 0 with value: 0.9666666666666666.
[I 2026-04-09 22:20:30,346] Trial 25 finished with value: 0.9666666666666666 and parameters: {'n_estimators': 40, 'max_depth': 30, 'gamma': 0.8450881868198733, 'subsample': 0.5883938220001491, 'colsample_bytree': 0.6506365650695458}. Best is trial 0 with value: 0.9666666666666666.
[I 2026-04-09 22:20:30,391] Trial 26 finished with value: 0.9666666666666666 and parameters: {'n_estimators': 100, 'max_depth': 5, 'gamma': 0.4716537747796622, 'subsample': 0.9587736501222557, 'colsample_bytree': 0.7405047040670925}. Best is trial 0 with value: 0.9666666666666666.
[I 2026-04-09 22:20:30,424] Trial 27 finished with value: 0.9666666666666666 and parameters: {'n_estimators': 100, 'max_depth': 5, 'gamma': 0.9331854551821752, 'subsample': 0.8639794643036683, 'colsample_bytree': 0.5473570631774235}. Best is trial 0 with value: 0.9666666666666666.
[I 2026-04-09 22:20:30,468] Trial 28 finished with value: 0.9666666666666666 and parameters: {'n_estimators': 10, 'max_depth': 20, 'gamma': 0.3133995406827549, 'subsample': 0.7814761682492076, 'colsample_bytree': 0.7052199827910534}. Best is trial 0 with value: 0.9666666666666666.
[I 2026-04-09 22:20:30,502] Trial 29 finished with value: 0.9666666666666666 and parameters: {'n_estimators': 40, 'max_depth': 30, 'gamma': 0.37328927285040886, 'subsample': 0.5705611108710953, 'colsample_bytree': 0.5908487847839511}. Best is trial 0 with value: 0.9666666666666666.
[I 2026-04-09 22:20:30,882] A new study created in memory with name: rf
[I 2026-04-09 22:20:31,112] Trial 0 finished with value: 0.8833333333333332 and parameters: {'n_estimators': 189, 'max_depth': 18, 'min_samples_split': 3, 'min_samples_leaf': 10}. Best is trial 0 with value: 0.8833333333333332.
[I 2026-04-09 22:20:31,481] Trial 1 finished with value: 0.9666666666666666 and parameters: {'n_estimators': 295, 'max_depth': 14, 'min_samples_split': 8, 'min_samples_leaf': 6}. Best is trial 1 with value: 0.9666666666666666.
[I 2026-04-09 22:20:31,771] Trial 2 finished with value: 0.9333333333333333 and parameters: {'n_estimators': 219, 'max_depth': 6, 'min_samples_split': 2, 'min_samples_leaf': 8}. Best is trial 1 with value: 0.9666666666666666.
[I 2026-04-09 22:20:32,098] Trial 3 finished with value: 0.9833333333333334 and parameters: {'n_estimators': 276, 'max_depth': 5, 'min_samples_split': 9, 'min_samples_leaf': 3}. Best is trial 3 with value: 0.9833333333333334.
[I 2026-04-09 22:20:32,477] Trial 4 finished with value: 0.9666666666666666 and parameters: {'n_estimators': 266, 'max_depth': 8, 'min_samples_split': 7, 'min_samples_leaf': 6}. Best is trial 3 with value: 0.9833333333333334.
[I 2026-04-09 22:20:32,941] Trial 5 finished with value: 0.9833333333333334 and parameters: {'n_estimators': 340, 'max_depth': 7, 'min_samples_split': 4, 'min_samples_leaf': 3}. Best is trial 3 with value: 0.9833333333333334.
[I 2026-04-09 22:20:33,265] Trial 6 finished with value: 0.9 and parameters: {'n_estimators': 231, 'max_depth': 5, 'min_samples_split': 3, 'min_samples_leaf': 10}. Best is trial 3 with value: 0.9833333333333334.
[I 2026-04-09 22:20:33,797] Trial 7 finished with value: 1.0 and parameters: {'n_estimators': 485, 'max_depth': 6, 'min_samples_split': 2, 'min_samples_leaf': 3}. Best is trial 7 with value: 1.0.
[I 2026-04-09 22:20:34,246] Trial 8 finished with value: 0.9666666666666666 and parameters: {'n_estimators': 380, 'max_depth': 17, 'min_samples_split': 2, 'min_samples_leaf': 6}. Best is trial 7 with value: 1.0.
[I 2026-04-09 22:20:34,396] Trial 9 finished with value: 0.9166666666666666 and parameters: {'n_estimators': 100, 'max_depth': 12, 'min_samples_split': 7, 'min_samples_leaf': 10}. Best is trial 7 with value: 1.0.
[I 2026-04-09 22:20:35,147] Trial 10 finished with value: 1.0 and parameters: {'n_estimators': 497, 'max_depth': 3, 'min_samples_split': 5, 'min_samples_leaf': 2}. Best is trial 7 with value: 1.0.
[I 2026-04-09 22:20:35,844] Trial 11 finished with value: 1.0 and parameters: {'n_estimators': 499, 'max_depth': 3, 'min_samples_split': 5, 'min_samples_leaf': 1}. Best is trial 7 with value: 1.0.
[I 2026-04-09 22:20:36,451] Trial 12 finished with value: 1.0 and parameters: {'n_estimators': 493, 'max_depth': 9, 'min_samples_split': 5, 'min_samples_leaf': 2}. Best is trial 7 with value: 1.0.
[I 2026-04-09 22:20:36,919] Trial 13 finished with value: 0.9833333333333334 and parameters: {'n_estimators': 421, 'max_depth': 4, 'min_samples_split': 10, 'min_samples_leaf': 4}. Best is trial 7 with value: 1.0.
[I 2026-04-09 22:20:37,434] Trial 14 finished with value: 1.0 and parameters: {'n_estimators': 436, 'max_depth': 10, 'min_samples_split': 5, 'min_samples_leaf': 1}. Best is trial 7 with value: 1.0.
[I 2026-04-09 22:20:38,036] Trial 15 finished with value: 0.9833333333333334 and parameters: {'n_estimators': 442, 'max_depth': 3, 'min_samples_split': 6, 'min_samples_leaf': 4}. Best is trial 7 with value: 1.0.
[I 2026-04-09 22:20:38,448] Trial 16 finished with value: 1.0 and parameters: {'n_estimators': 375, 'max_depth': 11, 'min_samples_split': 3, 'min_samples_leaf': 4}. Best is trial 7 with value: 1.0.
[I 2026-04-09 22:20:39,036] Trial 17 finished with value: 1.0 and parameters: {'n_estimators': 464, 'max_depth': 14, 'min_samples_split': 4, 'min_samples_leaf': 2}. Best is trial 7 with value: 1.0.
[I 2026-04-09 22:20:39,496] Trial 18 finished with value: 0.9666666666666668 and parameters: {'n_estimators': 391, 'max_depth': 7, 'min_samples_split': 6, 'min_samples_leaf': 5}. Best is trial 7 with value: 1.0.
[I 2026-04-09 22:20:40,012] Trial 19 finished with value: 1.0 and parameters: {'n_estimators': 468, 'max_depth': 3, 'min_samples_split': 4, 'min_samples_leaf': 2}. Best is trial 7 with value: 1.0.
[I 2026-04-09 22:20:40,411] Trial 20 finished with value: 1.0 and parameters: {'n_estimators': 331, 'max_depth': 6, 'min_samples_split': 2, 'min_samples_leaf': 3}. Best is trial 7 with value: 1.0.
[I 2026-04-09 22:20:41,086] Trial 21 finished with value: 1.0 and parameters: {'n_estimators': 500, 'max_depth': 3, 'min_samples_split': 5, 'min_samples_leaf': 1}. Best is trial 7 with value: 1.0.
[I 2026-04-09 22:20:41,682] Trial 22 finished with value: 1.0 and parameters: {'n_estimators': 499, 'max_depth': 4, 'min_samples_split': 7, 'min_samples_leaf': 1}. Best is trial 7 with value: 1.0.
[I 2026-04-09 22:20:42,208] Trial 23 finished with value: 1.0 and parameters: {'n_estimators': 417, 'max_depth': 5, 'min_samples_split': 5, 'min_samples_leaf': 2}. Best is trial 7 with value: 1.0.
[I 2026-04-09 22:20:42,774] Trial 24 finished with value: 1.0 and parameters: {'n_estimators': 458, 'max_depth': 20, 'min_samples_split': 4, 'min_samples_leaf': 1}. Best is trial 7 with value: 1.0.
[I 2026-04-09 22:20:43,276] Trial 25 finished with value: 1.0 and parameters: {'n_estimators': 404, 'max_depth': 7, 'min_samples_split': 6, 'min_samples_leaf': 3}. Best is trial 7 with value: 1.0.
[I 2026-04-09 22:20:43,855] Trial 26 finished with value: 0.9666666666666666 and parameters: {'n_estimators': 474, 'max_depth': 3, 'min_samples_split': 8, 'min_samples_leaf': 5}. Best is trial 7 with value: 1.0.
[I 2026-04-09 22:20:44,323] Trial 27 finished with value: 1.0 and parameters: {'n_estimators': 352, 'max_depth': 9, 'min_samples_split': 3, 'min_samples_leaf': 2}. Best is trial 7 with value: 1.0.
[I 2026-04-09 22:20:44,842] Trial 28 finished with value: 1.0 and parameters: {'n_estimators': 444, 'max_depth': 5, 'min_samples_split': 6, 'min_samples_leaf': 1}. Best is trial 7 with value: 1.0.
[I 2026-04-09 22:20:45,037] Trial 29 finished with value: 0.95 and parameters: {'n_estimators': 142, 'max_depth': 4, 'min_samples_split': 3, 'min_samples_leaf': 7}. Best is trial 7 with value: 1.0.
[I 2026-04-09 22:20:50,846] A new study created in memory with name: mlp
[I 2026-04-09 22:20:50,888] Trial 0 finished with value: 0.7666666666666665 and parameters: {'hidden_layer_sizes': (200,), 'max_iter': 50, 'alpha': 0.001}. Best is trial 0 with value: 0.7666666666666665.
[I 2026-04-09 22:20:50,948] Trial 1 finished with value: 0.7666666666666666 and parameters: {'hidden_layer_sizes': (100,), 'max_iter': 100, 'alpha': 0.0001}. Best is trial 1 with value: 0.7666666666666666.
[I 2026-04-09 22:20:51,015] Trial 2 finished with value: 0.75 and parameters: {'hidden_layer_sizes': (100,), 'max_iter': 100, 'alpha': 0.001}. Best is trial 1 with value: 0.7666666666666666.
[I 2026-04-09 22:20:51,060] Trial 3 finished with value: 0.7666666666666666 and parameters: {'hidden_layer_sizes': (200,), 'max_iter': 50, 'alpha': 0.001}. Best is trial 1 with value: 0.7666666666666666.
[I 2026-04-09 22:20:51,123] Trial 4 finished with value: 0.7500000000000001 and parameters: {'hidden_layer_sizes': (100,), 'max_iter': 100, 'alpha': 0.0001}. Best is trial 1 with value: 0.7666666666666666.
[I 2026-04-09 22:20:51,186] Trial 5 finished with value: 0.8 and parameters: {'hidden_layer_sizes': (100,), 'max_iter': 100, 'alpha': 0.001}. Best is trial 5 with value: 0.8.
[I 2026-04-09 22:20:51,255] Trial 6 finished with value: 0.7833333333333334 and parameters: {'hidden_layer_sizes': (200,), 'max_iter': 100, 'alpha': 0.001}. Best is trial 5 with value: 0.8.
[I 2026-04-09 22:20:51,323] Trial 7 finished with value: 0.7833333333333334 and parameters: {'hidden_layer_sizes': (200,), 'max_iter': 100, 'alpha': 0.001}. Best is trial 5 with value: 0.8.
