[I 2026-04-09 20:12:07,746] Trial 7 finished with value: 0.65 and parameters: {'hidden_layer_sizes': (100,), 'max_iter': 50, 'alpha': 0.0001}. Best is trial 2 with value: 0.7.
[I 2026-04-09 20:12:07,802] Trial 8 finished with value: 0.65 and parameters: {'hidden_layer_sizes': (200,), 'max_iter': 100, 'alpha': 0.0001}. Best is trial 2 with value: 0.7.
[I 2026-04-09 20:12:07,843] Trial 9 finished with value: 0.65 and parameters: {'hidden_layer_sizes': (200,), 'max_iter': 50, 'alpha': 0.0001}. Best is trial 2 with value: 0.7.
[I 2026-04-09 20:12:07,921] Trial 10 finished with value: 0.6 and parameters: {'hidden_layer_sizes': (100, 100), 'max_iter': 100, 'alpha': 0.001}. Best is trial 2 with value: 0.7.
[I 2026-04-09 20:12:07,978] Trial 11 finished with value: 0.6 and parameters: {'hidden_layer_sizes': (200,), 'max_iter': 100, 'alpha': 0.001}. Best is trial 2 with value: 0.7.
[I 2026-04-09 20:12:08,013] Trial 12 finished with value: 0.7 and parameters: {'hidden_layer_sizes': (100,), 'max_iter': 50, 'alpha': 0.001}. Best is trial 2 with value: 0.7.
[I 2026-04-09 20:12:08,079] Trial 13 finished with value: 0.6 and parameters: {'hidden_layer_sizes': (200,), 'max_iter': 100, 'alpha': 0.001}. Best is trial 2 with value: 0.7.
[I 2026-04-09 20:12:08,125] Trial 14 finished with value: 0.6 and parameters: {'hidden_layer_sizes': (100, 100), 'max_iter': 50, 'alpha': 0.001}. Best is trial 2 with value: 0.7.
[I 2026-04-09 20:12:08,191] Trial 15 finished with value: 0.65 and parameters: {'hidden_layer_sizes': (100,), 'max_iter': 100, 'alpha': 0.001}. Best is trial 2 with value: 0.7.
[I 2026-04-09 20:12:08,269] Trial 16 finished with value: 0.65 and parameters: {'hidden_layer_sizes': (200,), 'max_iter': 100, 'alpha': 0.0001}. Best is trial 2 with value: 0.7.
[I 2026-04-09 20:12:08,305] Trial 17 finished with value: 0.75 and parameters: {'hidden_layer_sizes': (100,), 'max_iter': 50, 'alpha': 0.001}. Best is trial 17 with value: 0.75.
[I 2026-04-09 20:12:08,340] Trial 18 finished with value: 0.65 and parameters: {'hidden_layer_sizes': (200,), 'max_iter': 50, 'alpha': 0.001}. Best is trial 17 with value: 0.75.
[I 2026-04-09 20:12:08,418] Trial 19 finished with value: 0.65 and parameters: {'hidden_layer_sizes': (100, 100), 'max_iter': 100, 'alpha': 0.001}. Best is trial 17 with value: 0.75.
[I 2026-04-09 20:12:08,466] Trial 20 finished with value: 0.7 and parameters: {'hidden_layer_sizes': (200,), 'max_iter': 100, 'alpha': 0.001}. Best is trial 17 with value: 0.75.
[I 2026-04-09 20:12:08,514] Trial 21 finished with value: 0.7 and parameters: {'hidden_layer_sizes': (100,), 'max_iter': 50, 'alpha': 0.001}. Best is trial 17 with value: 0.75.
[I 2026-04-09 20:12:08,553] Trial 22 finished with value: 0.65 and parameters: {'hidden_layer_sizes': (100,), 'max_iter': 50, 'alpha': 0.001}. Best is trial 17 with value: 0.75.
[I 2026-04-09 20:12:08,601] Trial 23 finished with value: 0.7 and parameters: {'hidden_layer_sizes': (100,), 'max_iter': 50, 'alpha': 0.0001}. Best is trial 17 with value: 0.75.
[I 2026-04-09 20:12:08,626] Trial 24 finished with value: 0.6 and parameters: {'hidden_layer_sizes': (100,), 'max_iter': 50, 'alpha': 0.001}. Best is trial 17 with value: 0.75.
[I 2026-04-09 20:12:08,662] Trial 25 finished with value: 0.65 and parameters: {'hidden_layer_sizes': (100,), 'max_iter': 50, 'alpha': 0.001}. Best is trial 17 with value: 0.75.
[I 2026-04-09 20:12:08,711] Trial 26 finished with value: 0.65 and parameters: {'hidden_layer_sizes': (100,), 'max_iter': 50, 'alpha': 0.0001}. Best is trial 17 with value: 0.75.
[I 2026-04-09 20:12:08,747] Trial 27 finished with value: 0.75 and parameters: {'hidden_layer_sizes': (100,), 'max_iter': 50, 'alpha': 0.001}. Best is trial 17 with value: 0.75.
[I 2026-04-09 20:12:08,827] Trial 28 finished with value: 0.65 and parameters: {'hidden_layer_sizes': (100, 100), 'max_iter': 100, 'alpha': 0.001}. Best is trial 17 with value: 0.75.
[I 2026-04-09 20:12:08,888] Trial 29 finished with value: 0.65 and parameters: {'hidden_layer_sizes': (200,), 'max_iter': 100, 'alpha': 0.001}. Best is trial 17 with value: 0.75.
[I 2026-04-09 20:12:12,083] A new study created in memory with name: naive_bayes
[I 2026-04-09 20:12:12,097] Trial 0 finished with value: 0.85 and parameters: {'var_smoothing': 1.4210736239935712e-10}. Best is trial 0 with value: 0.85.
[I 2026-04-09 20:12:12,109] Trial 1 finished with value: 0.85 and parameters: {'var_smoothing': 3.629422978396398e-09}. Best is trial 0 with value: 0.85.
[I 2026-04-09 20:12:12,121] Trial 2 finished with value: 0.85 and parameters: {'var_smoothing': 7.530407234027127e-10}. Best is trial 0 with value: 0.85.
[I 2026-04-09 20:12:12,133] Trial 3 finished with value: 0.85 and parameters: {'var_smoothing': 2.7985325053380072e-09}. Best is trial 0 with value: 0.85.
[I 2026-04-09 20:12:12,155] Trial 4 finished with value: 0.85 and parameters: {'var_smoothing': 9.036058293737187e-09}. Best is trial 0 with value: 0.85.
[I 2026-04-09 20:12:12,168] Trial 5 finished with value: 0.9 and parameters: {'var_smoothing': 1.1939653980558784e-09}. Best is trial 5 with value: 0.9.
[I 2026-04-09 20:12:12,180] Trial 6 finished with value: 0.9 and parameters: {'var_smoothing': 1.005173261185167e-09}. Best is trial 5 with value: 0.9.
[I 2026-04-09 20:12:12,194] Trial 7 finished with value: 0.85 and parameters: {'var_smoothing': 1.393484899105757e-10}. Best is trial 5 with value: 0.9.
[I 2026-04-09 20:12:12,207] Trial 8 finished with value: 0.85 and parameters: {'var_smoothing': 3.4425317961147986e-10}. Best is trial 5 with value: 0.9.
[I 2026-04-09 20:12:12,221] Trial 9 finished with value: 0.9 and parameters: {'var_smoothing': 9.994590426751933e-10}. Best is trial 5 with value: 0.9.
[I 2026-04-09 20:12:12,241] Trial 10 finished with value: 0.85 and parameters: {'var_smoothing': 2.6558027013727582e-09}. Best is trial 5 with value: 0.9.
[I 2026-04-09 20:12:12,266] Trial 11 finished with value: 0.85 and parameters: {'var_smoothing': 4.0376639828395885e-10}. Best is trial 5 with value: 0.9.
[I 2026-04-09 20:12:12,283] Trial 12 finished with value: 0.9 and parameters: {'var_smoothing': 1.3926361825788071e-09}. Best is trial 5 with value: 0.9.
[I 2026-04-09 20:12:12,307] Trial 13 finished with value: 0.85 and parameters: {'var_smoothing': 5.245545360927967e-10}. Best is trial 5 with value: 0.9.
[I 2026-04-09 20:12:12,325] Trial 14 finished with value: 0.9 and parameters: {'var_smoothing': 1.6679890633051785e-09}. Best is trial 5 with value: 0.9.
[I 2026-04-09 20:12:12,344] Trial 15 finished with value: 0.85 and parameters: {'var_smoothing': 6.453558298370279e-09}. Best is trial 5 with value: 0.9.
[I 2026-04-09 20:12:12,364] Trial 16 finished with value: 0.85 and parameters: {'var_smoothing': 2.5551741841698553e-10}. Best is trial 5 with value: 0.9.
[I 2026-04-09 20:12:12,383] Trial 17 finished with value: 0.9 and parameters: {'var_smoothing': 1.709897411395323e-09}. Best is trial 5 with value: 0.9.
[I 2026-04-09 20:12:12,403] Trial 18 finished with value: 0.85 and parameters: {'var_smoothing': 6.988160926385217e-10}. Best is trial 5 with value: 0.9.
[I 2026-04-09 20:12:12,423] Trial 19 finished with value: 0.9 and parameters: {'var_smoothing': 1.12310647284153e-09}. Best is trial 5 with value: 0.9.
[I 2026-04-09 20:12:12,460] Trial 20 finished with value: 0.85 and parameters: {'var_smoothing': 5.29215399120128e-09}. Best is trial 5 with value: 0.9.
[I 2026-04-09 20:12:12,479] Trial 21 finished with value: 0.9 and parameters: {'var_smoothing': 8.581245994142901e-10}. Best is trial 5 with value: 0.9.
[I 2026-04-09 20:12:12,496] Trial 22 finished with value: 0.85 and parameters: {'var_smoothing': 2.140220574212311e-09}. Best is trial 5 with value: 0.9.
[I 2026-04-09 20:12:12,512] Trial 23 finished with value: 0.9 and parameters: {'var_smoothing': 1.1883828905760288e-09}. Best is trial 5 with value: 0.9.
[I 2026-04-09 20:12:12,529] Trial 24 finished with value: 0.85 and parameters: {'var_smoothing': 5.957682566842479e-10}. Best is trial 5 with value: 0.9.
[I 2026-04-09 20:12:12,545] Trial 25 finished with value: 0.85 and parameters: {'var_smoothing': 2.2011498139819583e-10}. Best is trial 5 with value: 0.9.
[I 2026-04-09 20:12:12,563] Trial 26 finished with value: 0.9 and parameters: {'var_smoothing': 9.029327077635262e-10}. Best is trial 5 with value: 0.9.
[I 2026-04-09 20:12:12,582] Trial 27 finished with value: 0.85 and parameters: {'var_smoothing': 4.089654380397723e-10}. Best is trial 5 with value: 0.9.
[I 2026-04-09 20:12:12,607] Trial 28 finished with value: 0.85 and parameters: {'var_smoothing': 3.708022859372661e-09}. Best is trial 5 with value: 0.9.
[I 2026-04-09 20:12:12,626] Trial 29 finished with value: 0.9 and parameters: {'var_smoothing': 1.810469691906278e-09}. Best is trial 5 with value: 0.9.
[I 2026-04-09 20:12:13,740] A new study created in memory with name: logreg
[I 2026-04-09 20:12:13,766] Trial 0 finished with value: 0.85 and parameters: {'C': 0.002407362254570802, 'penalty': 'l2'}. Best is trial 0 with value: 0.85.
[I 2026-04-09 20:12:13,830] Trial 1 finished with value: 0.8 and parameters: {'C': 7.935859334260497, 'penalty': 'l2'}. Best is trial 0 with value: 0.85.
[I 2026-04-09 20:12:13,858] Trial 2 finished with value: 0.85 and parameters: {'C': 0.15561310098067915, 'penalty': 'l2'}. Best is trial 0 with value: 0.85.
[I 2026-04-09 20:12:13,882] Trial 3 finished with value: 0.85 and parameters: {'C': 4.143104515916128, 'penalty': 'l2'}. Best is trial 0 with value: 0.85.
[I 2026-04-09 20:12:13,915] Trial 4 finished with value: 0.8 and parameters: {'C': 77.61533923098803, 'penalty': 'l2'}. Best is trial 0 with value: 0.85.
[I 2026-04-09 20:12:13,942] Trial 5 finished with value: 0.85 and parameters: {'C': 0.49258292359934785, 'penalty': 'l2'}. Best is trial 0 with value: 0.85.
[I 2026-04-09 20:12:13,967] Trial 6 finished with value: 0.85 and parameters: {'C': 0.320333470047146, 'penalty': 'l2'}. Best is trial 0 with value: 0.85.
[I 2026-04-09 20:12:13,992] Trial 7 finished with value: 0.85 and parameters: {'C': 0.002292216671132896, 'penalty': 'l2'}. Best is trial 0 with value: 0.85.
[I 2026-04-09 20:12:14,017] Trial 8 finished with value: 0.85 and parameters: {'C': 0.0219884643872214, 'penalty': 'l2'}. Best is trial 0 with value: 0.85.
[I 2026-04-09 20:12:14,043] Trial 9 finished with value: 0.85 and parameters: {'C': 0.31580027519646636, 'penalty': 'l2'}. Best is trial 0 with value: 0.85.
[I 2026-04-09 20:12:14,078] Trial 10 finished with value: 0.85 and parameters: {'C': 0.005028545732690317, 'penalty': 'l2'}. Best is trial 0 with value: 0.85.
[I 2026-04-09 20:12:14,098] Trial 11 finished with value: 0.85 and parameters: {'C': 0.026261189016144066, 'penalty': 'l2'}. Best is trial 0 with value: 0.85.
[I 2026-04-09 20:12:14,116] Trial 12 finished with value: 0.85 and parameters: {'C': 0.032720925899226566, 'penalty': 'l2'}. Best is trial 0 with value: 0.85.
[I 2026-04-09 20:12:14,143] Trial 13 finished with value: 0.85 and parameters: {'C': 0.0012058459158709746, 'penalty': 'l2'}. Best is trial 0 with value: 0.85.
[I 2026-04-09 20:12:14,169] Trial 14 finished with value: 0.85 and parameters: {'C': 0.060263154209045634, 'penalty': 'l2'}. Best is trial 0 with value: 0.85.
[I 2026-04-09 20:12:14,194] Trial 15 finished with value: 0.85 and parameters: {'C': 0.0066245692110027754, 'penalty': 'l2'}. Best is trial 0 with value: 0.85.
[I 2026-04-09 20:12:14,220] Trial 16 finished with value: 0.85 and parameters: {'C': 3.111877236012151, 'penalty': 'l2'}. Best is trial 0 with value: 0.85.
[I 2026-04-09 20:12:14,245] Trial 17 finished with value: 0.85 and parameters: {'C': 0.10391491819178174, 'penalty': 'l2'}. Best is trial 0 with value: 0.85.
[I 2026-04-09 20:12:14,262] Trial 18 finished with value: 0.85 and parameters: {'C': 0.007066712767922748, 'penalty': 'l2'}. Best is trial 0 with value: 0.85.
[I 2026-04-09 20:12:14,288] Trial 19 finished with value: 0.85 and parameters: {'C': 1.0958635289496592, 'penalty': 'l2'}. Best is trial 0 with value: 0.85.
[I 2026-04-09 20:12:14,336] Trial 20 finished with value: 0.8 and parameters: {'C': 35.235409478110505, 'penalty': 'l2'}. Best is trial 0 with value: 0.85.
[I 2026-04-09 20:12:14,367] Trial 21 finished with value: 0.8 and parameters: {'C': 7.337540529395967, 'penalty': 'l2'}. Best is trial 0 with value: 0.85.
[I 2026-04-09 20:12:14,405] Trial 22 finished with value: 0.85 and parameters: {'C': 2.3907950273083336, 'penalty': 'l2'}. Best is trial 0 with value: 0.85.
[I 2026-04-09 20:12:14,433] Trial 23 finished with value: 0.8 and parameters: {'C': 17.721686128721803, 'penalty': 'l2'}. Best is trial 0 with value: 0.85.
[I 2026-04-09 20:12:14,473] Trial 24 finished with value: 0.85 and parameters: {'C': 0.9799791857330158, 'penalty': 'l2'}. Best is trial 0 with value: 0.85.
[I 2026-04-09 20:12:14,502] Trial 25 finished with value: 0.85 and parameters: {'C': 3.6092407807809064, 'penalty': 'l2'}. Best is trial 0 with value: 0.85.
[I 2026-04-09 20:12:14,532] Trial 26 finished with value: 0.85 and parameters: {'C': 0.18785300042181724, 'penalty': 'l2'}. Best is trial 0 with value: 0.85.
[I 2026-04-09 20:12:14,560] Trial 27 finished with value: 0.85 and parameters: {'C': 0.014691549333726862, 'penalty': 'l2'}. Best is trial 0 with value: 0.85.
[I 2026-04-09 20:12:14,585] Trial 28 finished with value: 0.85 and parameters: {'C': 0.08709873190604325, 'penalty': 'l2'}. Best is trial 0 with value: 0.85.
[I 2026-04-09 20:12:14,615] Trial 29 finished with value: 0.8 and parameters: {'C': 12.184796361157394, 'penalty': 'l2'}. Best is trial 0 with value: 0.85.
[I 2026-04-09 20:12:15,594] A new study created in memory with name: knn
[I 2026-04-09 20:12:15,608] Trial 0 finished with value: 0.8 and parameters: {'n_neighbors': 3, 'leaf_size': 36, 'p': 2}. Best is trial 0 with value: 0.8.
[I 2026-04-09 20:12:15,641] Trial 1 finished with value: 0.8 and parameters: {'n_neighbors': 10, 'leaf_size': 31, 'p': 1}. Best is trial 0 with value: 0.8.
[I 2026-04-09 20:12:15,655] Trial 2 finished with value: 0.8 and parameters: {'n_neighbors': 5, 'leaf_size': 30, 'p': 2}. Best is trial 0 with value: 0.8.
[I 2026-04-09 20:12:15,678] Trial 3 finished with value: 0.85 and parameters: {'n_neighbors': 6, 'leaf_size': 21, 'p': 2}. Best is trial 3 with value: 0.85.
[I 2026-04-09 20:12:15,694] Trial 4 finished with value: 0.8 and parameters: {'n_neighbors': 4, 'leaf_size': 29, 'p': 1}. Best is trial 3 with value: 0.85.
[I 2026-04-09 20:12:15,707] Trial 5 finished with value: 0.7 and parameters: {'n_neighbors': 7, 'leaf_size': 39, 'p': 2}. Best is trial 3 with value: 0.85.
[I 2026-04-09 20:12:15,750] Trial 6 finished with value: 0.7 and parameters: {'n_neighbors': 10, 'leaf_size': 22, 'p': 2}. Best is trial 3 with value: 0.85.
[I 2026-04-09 20:12:15,813] Trial 7 finished with value: 0.75 and parameters: {'n_neighbors': 8, 'leaf_size': 29, 'p': 2}. Best is trial 3 with value: 0.85.
[I 2026-04-09 20:12:15,825] Trial 8 finished with value: 0.8 and parameters: {'n_neighbors': 5, 'leaf_size': 30, 'p': 2}. Best is trial 3 with value: 0.85.
[I 2026-04-09 20:12:15,859] Trial 9 finished with value: 0.75 and parameters: {'n_neighbors': 9, 'leaf_size': 26, 'p': 1}. Best is trial 3 with value: 0.85.
[I 2026-04-09 20:12:15,887] Trial 10 finished with value: 0.8 and parameters: {'n_neighbors': 6, 'leaf_size': 20, 'p': 1}. Best is trial 3 with value: 0.85.
[I 2026-04-09 20:12:15,914] Trial 11 finished with value: 0.8 and parameters: {'n_neighbors': 3, 'leaf_size': 37, 'p': 2}. Best is trial 3 with value: 0.85.
[I 2026-04-09 20:12:15,936] Trial 12 finished with value: 0.8 and parameters: {'n_neighbors': 3, 'leaf_size': 35, 'p': 2}. Best is trial 3 with value: 0.85.
[I 2026-04-09 20:12:15,957] Trial 13 finished with value: 0.7 and parameters: {'n_neighbors': 7, 'leaf_size': 24, 'p': 2}. Best is trial 3 with value: 0.85.
[I 2026-04-09 20:12:15,993] Trial 14 finished with value: 0.8 and parameters: {'n_neighbors': 5, 'leaf_size': 34, 'p': 2}. Best is trial 3 with value: 0.85.
[I 2026-04-09 20:12:16,017] Trial 15 finished with value: 0.85 and parameters: {'n_neighbors': 4, 'leaf_size': 40, 'p': 2}. Best is trial 3 with value: 0.85.
[I 2026-04-09 20:12:16,038] Trial 16 finished with value: 0.85 and parameters: {'n_neighbors': 6, 'leaf_size': 39, 'p': 2}. Best is trial 3 with value: 0.85.
[I 2026-04-09 20:12:16,057] Trial 17 finished with value: 0.85 and parameters: {'n_neighbors': 4, 'leaf_size': 26, 'p': 2}. Best is trial 3 with value: 0.85.
[I 2026-04-09 20:12:16,077] Trial 18 finished with value: 0.8 and parameters: {'n_neighbors': 4, 'leaf_size': 33, 'p': 1}. Best is trial 3 with value: 0.85.
[I 2026-04-09 20:12:16,097] Trial 19 finished with value: 0.85 and parameters: {'n_neighbors': 6, 'leaf_size': 20, 'p': 2}. Best is trial 3 with value: 0.85.
[I 2026-04-09 20:12:16,142] Trial 20 finished with value: 0.75 and parameters: {'n_neighbors': 8, 'leaf_size': 26, 'p': 2}. Best is trial 3 with value: 0.85.
[I 2026-04-09 20:12:16,166] Trial 21 finished with value: 0.85 and parameters: {'n_neighbors': 6, 'leaf_size': 40, 'p': 2}. Best is trial 3 with value: 0.85.
[I 2026-04-09 20:12:16,190] Trial 22 finished with value: 0.7 and parameters: {'n_neighbors': 7, 'leaf_size': 38, 'p': 2}. Best is trial 3 with value: 0.85.
[I 2026-04-09 20:12:16,210] Trial 23 finished with value: 0.8 and parameters: {'n_neighbors': 5, 'leaf_size': 40, 'p': 2}. Best is trial 3 with value: 0.85.
[I 2026-04-09 20:12:16,261] Trial 24 finished with value: 0.75 and parameters: {'n_neighbors': 8, 'leaf_size': 32, 'p': 2}. Best is trial 3 with value: 0.85.
[I 2026-04-09 20:12:16,281] Trial 25 finished with value: 0.85 and parameters: {'n_neighbors': 6, 'leaf_size': 38, 'p': 2}. Best is trial 3 with value: 0.85.
[I 2026-04-09 20:12:16,308] Trial 26 finished with value: 0.8 and parameters: {'n_neighbors': 4, 'leaf_size': 36, 'p': 1}. Best is trial 3 with value: 0.85.
[I 2026-04-09 20:12:16,336] Trial 27 finished with value: 0.8 and parameters: {'n_neighbors': 5, 'leaf_size': 23, 'p': 2}. Best is trial 3 with value: 0.85.
[I 2026-04-09 20:12:16,356] Trial 28 finished with value: 0.7 and parameters: {'n_neighbors': 7, 'leaf_size': 28, 'p': 2}. Best is trial 3 with value: 0.85.
[I 2026-04-09 20:12:16,377] Trial 29 finished with value: 0.8 and parameters: {'n_neighbors': 3, 'leaf_size': 36, 'p': 2}. Best is trial 3 with value: 0.85.
[I 2026-04-09 20:12:17,593] A new study created in memory with name: xgb
[I 2026-04-09 20:12:17,618] Trial 0 finished with value: 0.9 and parameters: {'n_estimators': 40, 'max_depth': 20, 'gamma': 0.5510084172939441, 'subsample': 0.5360255666798808, 'colsample_bytree': 0.6342194900509356}. Best is trial 0 with value: 0.9.
[I 2026-04-09 20:12:17,647] Trial 1 finished with value: 0.9 and parameters: {'n_estimators': 100, 'max_depth': 5, 'gamma': 0.9186341749476523, 'subsample': 0.6066926767899578, 'colsample_bytree': 0.7260619809088416}. Best is trial 0 with value: 0.9.
[I 2026-04-09 20:12:17,663] Trial 2 finished with value: 0.95 and parameters: {'n_estimators': 10, 'max_depth': 5, 'gamma': 0.9182155373980582, 'subsample': 0.566584722879625, 'colsample_bytree': 0.761706290336883}. Best is trial 2 with value: 0.95.
[I 2026-04-09 20:12:17,686] Trial 3 finished with value: 0.95 and parameters: {'n_estimators': 10, 'max_depth': 20, 'gamma': 0.5296610393664296, 'subsample': 0.6829451928902965, 'colsample_bytree': 0.9189589971546304}. Best is trial 2 with value: 0.95.
[I 2026-04-09 20:12:17,710] Trial 4 finished with value: 0.9 and parameters: {'n_estimators': 10, 'max_depth': 20, 'gamma': 0.6916595165017824, 'subsample': 0.6851755414940176, 'colsample_bytree': 0.7295464889457157}. Best is trial 2 with value: 0.95.
[I 2026-04-09 20:12:17,733] Trial 5 finished with value: 0.9 and parameters: {'n_estimators': 100, 'max_depth': 20, 'gamma': 0.48380821541644814, 'subsample': 0.8171899343169193, 'colsample_bytree': 0.7614531005141727}. Best is trial 2 with value: 0.95.
[I 2026-04-09 20:12:17,757] Trial 6 finished with value: 0.9 and parameters: {'n_estimators': 10, 'max_depth': 5, 'gamma': 0.9599214907026333, 'subsample': 0.8414569271877088, 'colsample_bytree': 0.5265643453364788}. Best is trial 2 with value: 0.95.
[I 2026-04-09 20:12:17,783] Trial 7 finished with value: 0.9 and parameters: {'n_estimators': 40, 'max_depth': 5, 'gamma': 0.5250915966595621, 'subsample': 0.9207383574491986, 'colsample_bytree': 0.565555321173957}. Best is trial 2 with value: 0.95.
[I 2026-04-09 20:12:17,822] Trial 8 finished with value: 0.9 and parameters: {'n_estimators': 100, 'max_depth': 5, 'gamma': 0.3919835527051987, 'subsample': 0.6502094521590198, 'colsample_bytree': 0.5827507002328938}. Best is trial 2 with value: 0.95.
[I 2026-04-09 20:12:17,859] Trial 9 finished with value: 0.95 and parameters: {'n_estimators': 100, 'max_depth': 5, 'gamma': 0.8003922413895069, 'subsample': 0.9436444759263674, 'colsample_bytree': 0.8374593849333938}. Best is trial 2 with value: 0.95.
[I 2026-04-09 20:12:17,902] Trial 10 finished with value: 0.75 and parameters: {'n_estimators': 10, 'max_depth': 30, 'gamma': 0.13445536345660636, 'subsample': 0.5093732893332106, 'colsample_bytree': 0.9446716873952172}. Best is trial 2 with value: 0.95.
[I 2026-04-09 20:12:17,935] Trial 11 finished with value: 0.95 and parameters: {'n_estimators': 10, 'max_depth': 30, 'gamma': 0.2681645700627216, 'subsample': 0.7301327038899156, 'colsample_bytree': 0.9851280083052829}. Best is trial 2 with value: 0.95.
[I 2026-04-09 20:12:17,968] Trial 12 finished with value: 0.8 and parameters: {'n_estimators': 10, 'max_depth': 20, 'gamma': 0.7081376218947077, 'subsample': 0.5945024135442765, 'colsample_bytree': 0.87794148865418}. Best is trial 2 with value: 0.95.
[I 2026-04-09 20:12:18,006] Trial 13 finished with value: 0.95 and parameters: {'n_estimators': 10, 'max_depth': 20, 'gamma': 0.6672673875689135, 'subsample': 0.7685974854614295, 'colsample_bytree': 0.8466378816712838}. Best is trial 2 with value: 0.95.
