[I 2026-04-09 22:03:27,542] Trial 29 finished with value: 0.75 and parameters: {'hidden_layer_sizes': (100,), 'max_iter': 100, 'alpha': 0.001}. Best is trial 8 with value: 0.8.
[I 2026-04-09 22:17:47,708] A new study created in memory with name: naive_bayes
Parámetros guardados en checkpoint_paysim_Doriginal_I/ag/IPC_20/best_models_ag_seed_8_space_original/naive_bayes_best_params.json


>>> Optuna tuning logreg metodo ag IPC 20 seed 8


Parámetros guardados en checkpoint_paysim_Doriginal_I/ag/IPC_20/best_models_ag_seed_8_space_original/logreg_best_params.json


>>> Optuna tuning knn metodo ag IPC 20 seed 8


Parámetros guardados en checkpoint_paysim_Doriginal_I/ag/IPC_20/best_models_ag_seed_8_space_original/knn_best_params.json


>>> Optuna tuning xgb metodo ag IPC 20 seed 8


Parámetros guardados en checkpoint_paysim_Doriginal_I/ag/IPC_20/best_models_ag_seed_8_space_original/xgb_best_params.json


>>> Optuna tuning rf metodo ag IPC 20 seed 8


Parámetros guardados en checkpoint_paysim_Doriginal_I/ag/IPC_20/best_models_ag_seed_8_space_original/rf_best_params.json


>>> Optuna tuning mlp metodo ag IPC 20 seed 8


Parámetros guardados en checkpoint_paysim_Doriginal_I/ag/IPC_20/best_models_ag_seed_8_space_original/mlp_best_params.json


>>> Optuna tuning naive_bayes metodo k_center IPC 20 seed 8


Parámetros guardados en checkpoint_paysim_Doriginal_I/k_center/IPC_20/best_models_k_center_seed_8_space_original/naive_bayes_best_params.json


>>> Optuna tuning logreg metodo k_center IPC 20 seed 8


Parámetros guardados en checkpoint_paysim_Doriginal_I/k_center/IPC_20/best_models_k_center_seed_8_space_original/logreg_best_params.json


>>> Optuna tuning knn metodo k_center IPC 20 seed 8


Parámetros guardados en checkpoint_paysim_Doriginal_I/k_center/IPC_20/best_models_k_center_seed_8_space_original/knn_best_params.json


>>> Optuna tuning xgb metodo k_center IPC 20 seed 8


Parámetros guardados en checkpoint_paysim_Doriginal_I/k_center/IPC_20/best_models_k_center_seed_8_space_original/xgb_best_params.json


>>> Optuna tuning rf metodo k_center IPC 20 seed 8


Parámetros guardados en checkpoint_paysim_Doriginal_I/k_center/IPC_20/best_models_k_center_seed_8_space_original/rf_best_params.json


>>> Optuna tuning mlp metodo k_center IPC 20 seed 8


Parámetros guardados en checkpoint_paysim_Doriginal_I/k_center/IPC_20/best_models_k_center_seed_8_space_original/mlp_best_params.json


>>> Optuna tuning naive_bayes metodo lc IPC 20 seed 8


Parámetros guardados en checkpoint_paysim_Doriginal_I/lc/IPC_20/best_models_lc_seed_8_space_original/naive_bayes_best_params.json


>>> Optuna tuning logreg metodo lc IPC 20 seed 8


Parámetros guardados en checkpoint_paysim_Doriginal_I/lc/IPC_20/best_models_lc_seed_8_space_original/logreg_best_params.json


>>> Optuna tuning knn metodo lc IPC 20 seed 8


Parámetros guardados en checkpoint_paysim_Doriginal_I/lc/IPC_20/best_models_lc_seed_8_space_original/knn_best_params.json


>>> Optuna tuning xgb metodo lc IPC 20 seed 8


Parámetros guardados en checkpoint_paysim_Doriginal_I/lc/IPC_20/best_models_lc_seed_8_space_original/xgb_best_params.json


>>> Optuna tuning rf metodo lc IPC 20 seed 8


Parámetros guardados en checkpoint_paysim_Doriginal_I/lc/IPC_20/best_models_lc_seed_8_space_original/rf_best_params.json


>>> Optuna tuning mlp metodo lc IPC 20 seed 8


Parámetros guardados en checkpoint_paysim_Doriginal_I/lc/IPC_20/best_models_lc_seed_8_space_original/mlp_best_params.json


>>> Optuna tuning naive_bayes metodo random IPC 20 seed 9


Parámetros guardados en checkpoint_paysim_Doriginal_I/random/IPC_20/best_models_random_seed_9_space_original/naive_bayes_best_params.json


>>> Optuna tuning logreg metodo random IPC 20 seed 9


Parámetros guardados en checkpoint_paysim_Doriginal_I/random/IPC_20/best_models_random_seed_9_space_original/logreg_best_params.json


>>> Optuna tuning knn metodo random IPC 20 seed 9


Parámetros guardados en checkpoint_paysim_Doriginal_I/random/IPC_20/best_models_random_seed_9_space_original/knn_best_params.json


>>> Optuna tuning xgb metodo random IPC 20 seed 9


Parámetros guardados en checkpoint_paysim_Doriginal_I/random/IPC_20/best_models_random_seed_9_space_original/xgb_best_params.json


>>> Optuna tuning rf metodo random IPC 20 seed 9


Parámetros guardados en checkpoint_paysim_Doriginal_I/random/IPC_20/best_models_random_seed_9_space_original/rf_best_params.json


>>> Optuna tuning mlp metodo random IPC 20 seed 9


Parámetros guardados en checkpoint_paysim_Doriginal_I/random/IPC_20/best_models_random_seed_9_space_original/mlp_best_params.json


>>> Optuna tuning naive_bayes metodo k-means IPC 20 seed 9


Parámetros guardados en checkpoint_paysim_Doriginal_I/k-means/IPC_20/best_models_k-means_seed_9_space_original/naive_bayes_best_params.json


>>> Optuna tuning logreg metodo k-means IPC 20 seed 9


Parámetros guardados en checkpoint_paysim_Doriginal_I/k-means/IPC_20/best_models_k-means_seed_9_space_original/logreg_best_params.json


>>> Optuna tuning knn metodo k-means IPC 20 seed 9


Parámetros guardados en checkpoint_paysim_Doriginal_I/k-means/IPC_20/best_models_k-means_seed_9_space_original/knn_best_params.json


>>> Optuna tuning xgb metodo k-means IPC 20 seed 9


Parámetros guardados en checkpoint_paysim_Doriginal_I/k-means/IPC_20/best_models_k-means_seed_9_space_original/xgb_best_params.json


>>> Optuna tuning rf metodo k-means IPC 20 seed 9


Parámetros guardados en checkpoint_paysim_Doriginal_I/k-means/IPC_20/best_models_k-means_seed_9_space_original/rf_best_params.json


>>> Optuna tuning mlp metodo k-means IPC 20 seed 9


Parámetros guardados en checkpoint_paysim_Doriginal_I/k-means/IPC_20/best_models_k-means_seed_9_space_original/mlp_best_params.json


>>> Optuna tuning naive_bayes metodo ag IPC 20 seed 9


[I 2026-04-09 22:17:50,603] Trial 0 finished with value: 0.75 and parameters: {'var_smoothing': 1.0489343501429862e-10}. Best is trial 0 with value: 0.75.
[I 2026-04-09 22:17:53,163] Trial 1 finished with value: 0.75 and parameters: {'var_smoothing': 1.0086701860885373e-09}. Best is trial 0 with value: 0.75.
[I 2026-04-09 22:17:55,659] Trial 2 finished with value: 0.75 and parameters: {'var_smoothing': 9.807235097598006e-10}. Best is trial 0 with value: 0.75.
[I 2026-04-09 22:17:58,223] Trial 3 finished with value: 0.75 and parameters: {'var_smoothing': 1.8520770828517824e-10}. Best is trial 0 with value: 0.75.
[I 2026-04-09 22:18:00,982] Trial 4 finished with value: 0.75 and parameters: {'var_smoothing': 1.9240757716714087e-10}. Best is trial 0 with value: 0.75.
[I 2026-04-09 22:18:03,568] Trial 5 finished with value: 0.75 and parameters: {'var_smoothing': 2.736007926537145e-10}. Best is trial 0 with value: 0.75.
[I 2026-04-09 22:18:06,094] Trial 6 finished with value: 0.75 and parameters: {'var_smoothing': 6.87094324185739e-10}. Best is trial 0 with value: 0.75.
[I 2026-04-09 22:18:08,657] Trial 7 finished with value: 0.75 and parameters: {'var_smoothing': 3.134745855231349e-10}. Best is trial 0 with value: 0.75.
[I 2026-04-09 22:18:11,147] Trial 8 finished with value: 0.75 and parameters: {'var_smoothing': 1.4727170077821783e-10}. Best is trial 0 with value: 0.75.
[I 2026-04-09 22:18:13,709] Trial 9 finished with value: 0.75 and parameters: {'var_smoothing': 4.909048017047017e-10}. Best is trial 0 with value: 0.75.
[I 2026-04-09 22:18:16,450] Trial 10 finished with value: 0.75 and parameters: {'var_smoothing': 4.226228455594519e-09}. Best is trial 0 with value: 0.75.
[I 2026-04-09 22:18:18,967] Trial 11 finished with value: 0.75 and parameters: {'var_smoothing': 2.8481546791169343e-09}. Best is trial 0 with value: 0.75.
[I 2026-04-09 22:18:21,456] Trial 12 finished with value: 0.75 and parameters: {'var_smoothing': 1.9032336526904254e-09}. Best is trial 0 with value: 0.75.
[I 2026-04-09 22:18:21,478] Trial 13 finished with value: 0.75 and parameters: {'var_smoothing': 1.6192707465333408e-09}. Best is trial 0 with value: 0.75.
[I 2026-04-09 22:18:21,509] Trial 14 finished with value: 0.75 and parameters: {'var_smoothing': 1.0137193502251743e-10}. Best is trial 0 with value: 0.75.
[I 2026-04-09 22:18:21,528] Trial 15 finished with value: 0.775 and parameters: {'var_smoothing': 7.233291262560306e-09}. Best is trial 15 with value: 0.775.
[I 2026-04-09 22:18:21,545] Trial 16 finished with value: 0.775 and parameters: {'var_smoothing': 6.742702215147285e-09}. Best is trial 15 with value: 0.775.
[I 2026-04-09 22:18:21,578] Trial 17 finished with value: 0.775 and parameters: {'var_smoothing': 9.720981228427497e-09}. Best is trial 15 with value: 0.775.
[I 2026-04-09 22:18:21,599] Trial 18 finished with value: 0.775 and parameters: {'var_smoothing': 7.472332636775175e-09}. Best is trial 15 with value: 0.775.
[I 2026-04-09 22:18:21,619] Trial 19 finished with value: 0.775 and parameters: {'var_smoothing': 5.017728637933625e-09}. Best is trial 15 with value: 0.775.
[I 2026-04-09 22:18:21,638] Trial 20 finished with value: 0.775 and parameters: {'var_smoothing': 5.34803924562496e-09}. Best is trial 15 with value: 0.775.
[I 2026-04-09 22:18:21,658] Trial 21 finished with value: 0.775 and parameters: {'var_smoothing': 9.828640293411178e-09}. Best is trial 15 with value: 0.775.
[I 2026-04-09 22:18:21,675] Trial 22 finished with value: 0.775 and parameters: {'var_smoothing': 9.805277861928164e-09}. Best is trial 15 with value: 0.775.
[I 2026-04-09 22:18:21,704] Trial 23 finished with value: 0.75 and parameters: {'var_smoothing': 2.540261078363701e-09}. Best is trial 15 with value: 0.775.
[I 2026-04-09 22:18:21,727] Trial 24 finished with value: 0.775 and parameters: {'var_smoothing': 6.028360370976461e-09}. Best is trial 15 with value: 0.775.
[I 2026-04-09 22:18:21,747] Trial 25 finished with value: 0.75 and parameters: {'var_smoothing': 3.67409152438394e-09}. Best is trial 15 with value: 0.775.
[I 2026-04-09 22:18:21,764] Trial 26 finished with value: 0.775 and parameters: {'var_smoothing': 7.607732858016337e-09}. Best is trial 15 with value: 0.775.
[I 2026-04-09 22:18:21,793] Trial 27 finished with value: 0.75 and parameters: {'var_smoothing': 3.2435439854167717e-09}. Best is trial 15 with value: 0.775.
[I 2026-04-09 22:18:21,809] Trial 28 finished with value: 0.775 and parameters: {'var_smoothing': 6.852763323189915e-09}. Best is trial 15 with value: 0.775.
[I 2026-04-09 22:18:21,824] Trial 29 finished with value: 0.75 and parameters: {'var_smoothing': 1.9405221365990356e-09}. Best is trial 15 with value: 0.775.
[I 2026-04-09 22:18:23,029] A new study created in memory with name: logreg
[I 2026-04-09 22:18:23,084] Trial 0 finished with value: 0.375 and parameters: {'C': 0.0011268620922535318, 'penalty': 'l2'}. Best is trial 0 with value: 0.375.
[I 2026-04-09 22:18:23,138] Trial 1 finished with value: 0.8 and parameters: {'C': 0.32312678588710475, 'penalty': 'l2'}. Best is trial 1 with value: 0.8.
[I 2026-04-09 22:18:23,189] Trial 2 finished with value: 0.8 and parameters: {'C': 0.3012079745112611, 'penalty': 'l2'}. Best is trial 1 with value: 0.8.
[I 2026-04-09 22:18:23,268] Trial 3 finished with value: 0.475 and parameters: {'C': 0.004668180550042529, 'penalty': 'l2'}. Best is trial 1 with value: 0.8.
[I 2026-04-09 22:18:23,323] Trial 4 finished with value: 0.475 and parameters: {'C': 0.005135177115384908, 'penalty': 'l2'}. Best is trial 1 with value: 0.8.
[I 2026-04-09 22:18:23,368] Trial 5 finished with value: 0.675 and parameters: {'C': 0.01238207351349697, 'penalty': 'l2'}. Best is trial 1 with value: 0.8.
[I 2026-04-09 22:18:23,422] Trial 6 finished with value: 0.8 and parameters: {'C': 0.12374877330306278, 'penalty': 'l2'}. Best is trial 1 with value: 0.8.
[I 2026-04-09 22:18:23,477] Trial 7 finished with value: 0.75 and parameters: {'C': 0.017398261017749217, 'penalty': 'l2'}. Best is trial 1 with value: 0.8.
[I 2026-04-09 22:18:23,553] Trial 8 finished with value: 0.4 and parameters: {'C': 0.002632074973627294, 'penalty': 'l2'}. Best is trial 1 with value: 0.8.
[I 2026-04-09 22:18:23,605] Trial 9 finished with value: 0.775 and parameters: {'C': 0.053394091359671186, 'penalty': 'l2'}. Best is trial 1 with value: 0.8.
[I 2026-04-09 22:18:23,664] Trial 10 finished with value: 0.85 and parameters: {'C': 9.528231497855979, 'penalty': 'l2'}. Best is trial 10 with value: 0.85.
[I 2026-04-09 22:18:23,727] Trial 11 finished with value: 0.85 and parameters: {'C': 7.996735848918345, 'penalty': 'l2'}. Best is trial 10 with value: 0.85.
[I 2026-04-09 22:18:23,761] Trial 12 finished with value: 0.85 and parameters: {'C': 13.219259054712499, 'penalty': 'l2'}. Best is trial 10 with value: 0.85.
[I 2026-04-09 22:18:23,792] Trial 13 finished with value: 0.85 and parameters: {'C': 26.863859397130152, 'penalty': 'l2'}. Best is trial 10 with value: 0.85.
[I 2026-04-09 22:18:23,827] Trial 14 finished with value: 0.825 and parameters: {'C': 3.348860092546444, 'penalty': 'l2'}. Best is trial 10 with value: 0.85.
[I 2026-04-09 22:18:23,866] Trial 15 finished with value: 0.875 and parameters: {'C': 83.59696663003389, 'penalty': 'l2'}. Best is trial 15 with value: 0.875.
[I 2026-04-09 22:18:23,896] Trial 16 finished with value: 0.875 and parameters: {'C': 51.199333954244096, 'penalty': 'l2'}. Best is trial 15 with value: 0.875.
[I 2026-04-09 22:18:23,924] Trial 17 finished with value: 0.875 and parameters: {'C': 93.21241058023189, 'penalty': 'l2'}. Best is trial 15 with value: 0.875.
[I 2026-04-09 22:18:23,956] Trial 18 finished with value: 0.8 and parameters: {'C': 2.265034798996436, 'penalty': 'l2'}. Best is trial 15 with value: 0.875.
[I 2026-04-09 22:18:23,986] Trial 19 finished with value: 0.875 and parameters: {'C': 78.84668145446476, 'penalty': 'l2'}. Best is trial 15 with value: 0.875.
[I 2026-04-09 22:18:24,018] Trial 20 finished with value: 0.8 and parameters: {'C': 1.3247594538970922, 'penalty': 'l2'}. Best is trial 15 with value: 0.875.
[I 2026-04-09 22:18:24,047] Trial 21 finished with value: 0.875 and parameters: {'C': 95.77156425069562, 'penalty': 'l2'}. Best is trial 15 with value: 0.875.
[I 2026-04-09 22:18:24,078] Trial 22 finished with value: 0.875 and parameters: {'C': 42.02717608550491, 'penalty': 'l2'}. Best is trial 15 with value: 0.875.
[I 2026-04-09 22:18:24,119] Trial 23 finished with value: 0.85 and parameters: {'C': 29.79733733855651, 'penalty': 'l2'}. Best is trial 15 with value: 0.875.
[I 2026-04-09 22:18:24,144] Trial 24 finished with value: 0.875 and parameters: {'C': 85.51274398754222, 'penalty': 'l2'}. Best is trial 15 with value: 0.875.
[I 2026-04-09 22:18:24,170] Trial 25 finished with value: 0.85 and parameters: {'C': 23.959947188590032, 'penalty': 'l2'}. Best is trial 15 with value: 0.875.
[I 2026-04-09 22:18:24,197] Trial 26 finished with value: 0.825 and parameters: {'C': 4.738526834319239, 'penalty': 'l2'}. Best is trial 15 with value: 0.875.
[I 2026-04-09 22:18:24,225] Trial 27 finished with value: 0.8 and parameters: {'C': 1.027401941739839, 'penalty': 'l2'}. Best is trial 15 with value: 0.875.
[I 2026-04-09 22:18:24,259] Trial 28 finished with value: 0.875 and parameters: {'C': 48.50312350139278, 'penalty': 'l2'}. Best is trial 15 with value: 0.875.
[I 2026-04-09 22:18:24,288] Trial 29 finished with value: 0.85 and parameters: {'C': 13.320763688759858, 'penalty': 'l2'}. Best is trial 15 with value: 0.875.
[I 2026-04-09 22:18:25,382] A new study created in memory with name: knn
[I 2026-04-09 22:18:25,431] Trial 0 finished with value: 0.65 and parameters: {'n_neighbors': 3, 'leaf_size': 30, 'p': 1}. Best is trial 0 with value: 0.65.
[I 2026-04-09 22:18:25,487] Trial 1 finished with value: 0.7 and parameters: {'n_neighbors': 4, 'leaf_size': 24, 'p': 1}. Best is trial 1 with value: 0.7.
[I 2026-04-09 22:18:25,522] Trial 2 finished with value: 0.625 and parameters: {'n_neighbors': 3, 'leaf_size': 27, 'p': 2}. Best is trial 1 with value: 0.7.
[I 2026-04-09 22:18:25,568] Trial 3 finished with value: 0.65 and parameters: {'n_neighbors': 10, 'leaf_size': 20, 'p': 1}. Best is trial 1 with value: 0.7.
[I 2026-04-09 22:18:25,614] Trial 4 finished with value: 0.625 and parameters: {'n_neighbors': 10, 'leaf_size': 34, 'p': 2}. Best is trial 1 with value: 0.7.
[I 2026-04-09 22:18:25,679] Trial 5 finished with value: 0.75 and parameters: {'n_neighbors': 6, 'leaf_size': 34, 'p': 1}. Best is trial 5 with value: 0.75.
[I 2026-04-09 22:18:25,725] Trial 6 finished with value: 0.65 and parameters: {'n_neighbors': 10, 'leaf_size': 36, 'p': 1}. Best is trial 5 with value: 0.75.
[I 2026-04-09 22:18:25,759] Trial 7 finished with value: 0.6 and parameters: {'n_neighbors': 7, 'leaf_size': 39, 'p': 2}. Best is trial 5 with value: 0.75.
[I 2026-04-09 22:18:25,793] Trial 8 finished with value: 0.625 and parameters: {'n_neighbors': 10, 'leaf_size': 23, 'p': 2}. Best is trial 5 with value: 0.75.
[I 2026-04-09 22:18:25,840] Trial 9 finished with value: 0.625 and parameters: {'n_neighbors': 10, 'leaf_size': 35, 'p': 2}. Best is trial 5 with value: 0.75.
[I 2026-04-09 22:18:25,888] Trial 10 finished with value: 0.75 and parameters: {'n_neighbors': 6, 'leaf_size': 31, 'p': 1}. Best is trial 5 with value: 0.75.
[I 2026-04-09 22:18:25,946] Trial 11 finished with value: 0.75 and parameters: {'n_neighbors': 6, 'leaf_size': 31, 'p': 1}. Best is trial 5 with value: 0.75.
[I 2026-04-09 22:18:25,971] Trial 12 finished with value: 0.75 and parameters: {'n_neighbors': 6, 'leaf_size': 31, 'p': 1}. Best is trial 5 with value: 0.75.
[I 2026-04-09 22:18:25,996] Trial 13 finished with value: 0.675 and parameters: {'n_neighbors': 8, 'leaf_size': 39, 'p': 1}. Best is trial 5 with value: 0.75.
[I 2026-04-09 22:18:26,034] Trial 14 finished with value: 0.75 and parameters: {'n_neighbors': 5, 'leaf_size': 28, 'p': 1}. Best is trial 5 with value: 0.75.
[I 2026-04-09 22:18:26,059] Trial 15 finished with value: 0.675 and parameters: {'n_neighbors': 8, 'leaf_size': 33, 'p': 1}. Best is trial 5 with value: 0.75.
[I 2026-04-09 22:18:26,083] Trial 16 finished with value: 0.75 and parameters: {'n_neighbors': 5, 'leaf_size': 36, 'p': 1}. Best is trial 5 with value: 0.75.
[I 2026-04-09 22:18:26,130] Trial 17 finished with value: 0.725 and parameters: {'n_neighbors': 7, 'leaf_size': 27, 'p': 1}. Best is trial 5 with value: 0.75.
[I 2026-04-09 22:18:26,178] Trial 18 finished with value: 0.75 and parameters: {'n_neighbors': 5, 'leaf_size': 33, 'p': 1}. Best is trial 5 with value: 0.75.
[I 2026-04-09 22:18:26,202] Trial 19 finished with value: 0.675 and parameters: {'n_neighbors': 8, 'leaf_size': 37, 'p': 1}. Best is trial 5 with value: 0.75.
[I 2026-04-09 22:18:26,254] Trial 20 finished with value: 0.7 and parameters: {'n_neighbors': 4, 'leaf_size': 29, 'p': 1}. Best is trial 5 with value: 0.75.
[I 2026-04-09 22:18:26,285] Trial 21 finished with value: 0.75 and parameters: {'n_neighbors': 6, 'leaf_size': 32, 'p': 1}. Best is trial 5 with value: 0.75.
[I 2026-04-09 22:18:26,315] Trial 22 finished with value: 0.75 and parameters: {'n_neighbors': 6, 'leaf_size': 31, 'p': 1}. Best is trial 5 with value: 0.75.
[I 2026-04-09 22:18:26,340] Trial 23 finished with value: 0.725 and parameters: {'n_neighbors': 7, 'leaf_size': 26, 'p': 1}. Best is trial 5 with value: 0.75.
[I 2026-04-09 22:18:26,366] Trial 24 finished with value: 0.75 and parameters: {'n_neighbors': 6, 'leaf_size': 30, 'p': 1}. Best is trial 5 with value: 0.75.
[I 2026-04-09 22:18:26,391] Trial 25 finished with value: 0.75 and parameters: {'n_neighbors': 5, 'leaf_size': 34, 'p': 1}. Best is trial 5 with value: 0.75.
[I 2026-04-09 22:18:26,415] Trial 26 finished with value: 0.7 and parameters: {'n_neighbors': 4, 'leaf_size': 32, 'p': 2}. Best is trial 5 with value: 0.75.
[I 2026-04-09 22:18:26,453] Trial 27 finished with value: 0.725 and parameters: {'n_neighbors': 7, 'leaf_size': 38, 'p': 1}. Best is trial 5 with value: 0.75.
[I 2026-04-09 22:18:26,478] Trial 28 finished with value: 0.675 and parameters: {'n_neighbors': 9, 'leaf_size': 29, 'p': 1}. Best is trial 5 with value: 0.75.
[I 2026-04-09 22:18:26,502] Trial 29 finished with value: 0.75 and parameters: {'n_neighbors': 6, 'leaf_size': 30, 'p': 1}. Best is trial 5 with value: 0.75.
[I 2026-04-09 22:18:28,183] A new study created in memory with name: xgb
[I 2026-04-09 22:18:28,239] Trial 0 finished with value: 0.95 and parameters: {'n_estimators': 40, 'max_depth': 30, 'gamma': 0.47665736245940726, 'subsample': 0.6240505842067796, 'colsample_bytree': 0.542029825582675}. Best is trial 0 with value: 0.95.
[I 2026-04-09 22:18:28,315] Trial 1 finished with value: 1.0 and parameters: {'n_estimators': 100, 'max_depth': 5, 'gamma': 0.6154838340124683, 'subsample': 0.9490035591125747, 'colsample_bytree': 0.8334494864598183}. Best is trial 1 with value: 1.0.
[I 2026-04-09 22:18:28,363] Trial 2 finished with value: 0.975 and parameters: {'n_estimators': 40, 'max_depth': 20, 'gamma': 0.9464719685739904, 'subsample': 0.9018698850061588, 'colsample_bytree': 0.9916796241121663}. Best is trial 1 with value: 1.0.
[I 2026-04-09 22:18:28,430] Trial 3 finished with value: 0.975 and parameters: {'n_estimators': 100, 'max_depth': 30, 'gamma': 0.26698751824101463, 'subsample': 0.6215578376567042, 'colsample_bytree': 0.9367004215505623}. Best is trial 1 with value: 1.0.
[I 2026-04-09 22:18:28,490] Trial 4 finished with value: 0.9 and parameters: {'n_estimators': 10, 'max_depth': 20, 'gamma': 0.5301766121845122, 'subsample': 0.7177777323831729, 'colsample_bytree': 0.9352041482132656}. Best is trial 1 with value: 1.0.
[I 2026-04-09 22:18:28,549] Trial 5 finished with value: 0.95 and parameters: {'n_estimators': 100, 'max_depth': 5, 'gamma': 0.6742485862456464, 'subsample': 0.7308488312353485, 'colsample_bytree': 0.5265297122426965}. Best is trial 1 with value: 1.0.
[I 2026-04-09 22:18:28,619] Trial 6 finished with value: 0.975 and parameters: {'n_estimators': 100, 'max_depth': 30, 'gamma': 0.5360486096375219, 'subsample': 0.8488681925618888, 'colsample_bytree': 0.900578215847843}. Best is trial 1 with value: 1.0.
