[I 2026-04-07 02:06:23,327] Trial 6 finished with value: 0.7 and parameters: {'n_estimators': 100, 'max_depth': 30, 'gamma': 0.5360486096375219, 'subsample': 0.8488681925618888, 'colsample_bytree': 0.900578215847843}. Best is trial 3 with value: 0.8.
[I 2026-04-07 02:06:23,378] Trial 7 finished with value: 0.75 and parameters: {'n_estimators': 40, 'max_depth': 5, 'gamma': 0.4997010655396419, 'subsample': 0.7490698051808964, 'colsample_bytree': 0.7071731623998108}. Best is trial 3 with value: 0.8.
[I 2026-04-07 02:06:23,426] Trial 8 finished with value: 0.75 and parameters: {'n_estimators': 100, 'max_depth': 5, 'gamma': 0.5449029446194361, 'subsample': 0.7150234071055932, 'colsample_bytree': 0.8673829085180849}. Best is trial 3 with value: 0.8.
[I 2026-04-07 02:06:23,484] Trial 9 finished with value: 0.85 and parameters: {'n_estimators': 100, 'max_depth': 30, 'gamma': 0.5427360453562716, 'subsample': 0.5915763668266103, 'colsample_bytree': 0.5546552575823498}. Best is trial 9 with value: 0.85.
[I 2026-04-07 02:06:23,543] Trial 10 finished with value: 0.8 and parameters: {'n_estimators': 10, 'max_depth': 30, 'gamma': 0.16095138250336488, 'subsample': 0.5151349927917164, 'colsample_bytree': 0.6399757283243361}. Best is trial 9 with value: 0.85.
[I 2026-04-07 02:06:23,602] Trial 11 finished with value: 0.85 and parameters: {'n_estimators': 100, 'max_depth': 30, 'gamma': 0.22088566034658008, 'subsample': 0.5769489857009565, 'colsample_bytree': 0.7801355547052821}. Best is trial 9 with value: 0.85.
[I 2026-04-07 02:06:23,650] Trial 12 finished with value: 0.75 and parameters: {'n_estimators': 100, 'max_depth': 30, 'gamma': 0.3096764043322102, 'subsample': 0.503294259488436, 'colsample_bytree': 0.7667487389226841}. Best is trial 9 with value: 0.85.
[I 2026-04-07 02:06:23,688] Trial 13 finished with value: 0.75 and parameters: {'n_estimators': 100, 'max_depth': 30, 'gamma': 0.7717777674365137, 'subsample': 0.5977310477870281, 'colsample_bytree': 0.6248841863782957}. Best is trial 9 with value: 0.85.
[I 2026-04-07 02:06:23,729] Trial 14 finished with value: 0.9 and parameters: {'n_estimators': 100, 'max_depth': 30, 'gamma': 0.1118487397978592, 'subsample': 0.5730914351255075, 'colsample_bytree': 0.7690450103005926}. Best is trial 14 with value: 0.9.
[I 2026-04-07 02:06:23,766] Trial 15 finished with value: 0.7 and parameters: {'n_estimators': 10, 'max_depth': 30, 'gamma': 0.3755530625802548, 'subsample': 0.6680028126105368, 'colsample_bytree': 0.6736349126093942}. Best is trial 14 with value: 0.9.
[I 2026-04-07 02:06:23,805] Trial 16 finished with value: 0.9 and parameters: {'n_estimators': 100, 'max_depth': 20, 'gamma': 0.1189336020129329, 'subsample': 0.8076248321653429, 'colsample_bytree': 0.608115178226705}. Best is trial 14 with value: 0.9.
[I 2026-04-07 02:06:23,845] Trial 17 finished with value: 0.7 and parameters: {'n_estimators': 100, 'max_depth': 20, 'gamma': 0.11215363543929269, 'subsample': 0.8238459271139825, 'colsample_bytree': 0.5984279274268804}. Best is trial 14 with value: 0.9.
[I 2026-04-07 02:06:23,886] Trial 18 finished with value: 0.65 and parameters: {'n_estimators': 10, 'max_depth': 20, 'gamma': 0.36263234997658744, 'subsample': 0.8101193725702428, 'colsample_bytree': 0.7117948538295535}. Best is trial 14 with value: 0.9.
[I 2026-04-07 02:06:23,923] Trial 19 finished with value: 0.75 and parameters: {'n_estimators': 40, 'max_depth': 20, 'gamma': 0.11018821541837544, 'subsample': 0.7882128435221221, 'colsample_bytree': 0.8108063883172848}. Best is trial 14 with value: 0.9.
[I 2026-04-07 02:06:23,972] Trial 20 finished with value: 0.7 and parameters: {'n_estimators': 100, 'max_depth': 20, 'gamma': 0.19735710169889198, 'subsample': 0.8691288011187466, 'colsample_bytree': 0.7368618148527704}. Best is trial 14 with value: 0.9.
[I 2026-04-07 02:06:24,011] Trial 21 finished with value: 0.8 and parameters: {'n_estimators': 100, 'max_depth': 30, 'gamma': 0.8683886533071236, 'subsample': 0.5619054206064565, 'colsample_bytree': 0.5698317159442056}. Best is trial 14 with value: 0.9.
[I 2026-04-07 02:06:24,050] Trial 22 finished with value: 0.7 and parameters: {'n_estimators': 100, 'max_depth': 30, 'gamma': 0.42253915728824865, 'subsample': 0.669242869158204, 'colsample_bytree': 0.5158186982277837}. Best is trial 14 with value: 0.9.
[I 2026-04-07 02:06:24,087] Trial 23 finished with value: 0.7 and parameters: {'n_estimators': 100, 'max_depth': 20, 'gamma': 0.29666214597784935, 'subsample': 0.6650721049037658, 'colsample_bytree': 0.6682308667858442}. Best is trial 14 with value: 0.9.
[I 2026-04-07 02:06:24,126] Trial 24 finished with value: 0.85 and parameters: {'n_estimators': 100, 'max_depth': 30, 'gamma': 0.7193125520677128, 'subsample': 0.5470010170813773, 'colsample_bytree': 0.5783989071982105}. Best is trial 14 with value: 0.9.
[I 2026-04-07 02:06:24,164] Trial 25 finished with value: 0.65 and parameters: {'n_estimators': 100, 'max_depth': 20, 'gamma': 0.23074344644750291, 'subsample': 0.9288578995444242, 'colsample_bytree': 0.6199188776917093}. Best is trial 14 with value: 0.9.
[I 2026-04-07 02:06:24,202] Trial 26 finished with value: 0.7 and parameters: {'n_estimators': 100, 'max_depth': 30, 'gamma': 0.8237566384492458, 'subsample': 0.7890142212091552, 'colsample_bytree': 0.5583001098064937}. Best is trial 14 with value: 0.9.
[I 2026-04-07 02:06:24,242] Trial 27 finished with value: 0.8 and parameters: {'n_estimators': 100, 'max_depth': 30, 'gamma': 0.6238136826220585, 'subsample': 0.6373835057430413, 'colsample_bytree': 0.5084270022046335}. Best is trial 14 with value: 0.9.
[I 2026-04-07 02:06:24,279] Trial 28 finished with value: 0.85 and parameters: {'n_estimators': 40, 'max_depth': 5, 'gamma': 0.15922533791252885, 'subsample': 0.5390253021759642, 'colsample_bytree': 0.6755770021000587}. Best is trial 14 with value: 0.9.
[I 2026-04-07 02:06:24,318] Trial 29 finished with value: 0.65 and parameters: {'n_estimators': 10, 'max_depth': 20, 'gamma': 0.4419004765265916, 'subsample': 0.609105132968854, 'colsample_bytree': 0.8178493031853614}. Best is trial 14 with value: 0.9.
[I 2026-04-07 02:06:25,261] A new study created in memory with name: rf
[I 2026-04-07 02:06:25,407] Trial 0 finished with value: 0.8 and parameters: {'n_estimators': 104, 'max_depth': 12, 'min_samples_split': 6, 'min_samples_leaf': 2}. Best is trial 0 with value: 0.8.
[I 2026-04-07 02:06:25,605] Trial 1 finished with value: 0.8 and parameters: {'n_estimators': 156, 'max_depth': 6, 'min_samples_split': 5, 'min_samples_leaf': 3}. Best is trial 0 with value: 0.8.
[I 2026-04-07 02:06:25,793] Trial 2 finished with value: 0.5 and parameters: {'n_estimators': 133, 'max_depth': 9, 'min_samples_split': 3, 'min_samples_leaf': 9}. Best is trial 0 with value: 0.8.
[I 2026-04-07 02:06:26,294] Trial 3 finished with value: 0.85 and parameters: {'n_estimators': 481, 'max_depth': 3, 'min_samples_split': 8, 'min_samples_leaf': 6}. Best is trial 3 with value: 0.85.
[I 2026-04-07 02:06:26,815] Trial 4 finished with value: 0.5 and parameters: {'n_estimators': 460, 'max_depth': 15, 'min_samples_split': 6, 'min_samples_leaf': 8}. Best is trial 3 with value: 0.85.
[I 2026-04-07 02:06:27,094] Trial 5 finished with value: 0.85 and parameters: {'n_estimators': 254, 'max_depth': 15, 'min_samples_split': 9, 'min_samples_leaf': 5}. Best is trial 3 with value: 0.85.
[I 2026-04-07 02:06:27,581] Trial 6 finished with value: 0.8 and parameters: {'n_estimators': 477, 'max_depth': 17, 'min_samples_split': 10, 'min_samples_leaf': 2}. Best is trial 3 with value: 0.85.
[I 2026-04-07 02:06:27,908] Trial 7 finished with value: 0.5 and parameters: {'n_estimators': 308, 'max_depth': 20, 'min_samples_split': 7, 'min_samples_leaf': 9}. Best is trial 3 with value: 0.85.
[I 2026-04-07 02:06:28,420] Trial 8 finished with value: 0.5 and parameters: {'n_estimators': 489, 'max_depth': 6, 'min_samples_split': 4, 'min_samples_leaf': 9}. Best is trial 3 with value: 0.85.
[I 2026-04-07 02:06:28,891] Trial 9 finished with value: 0.85 and parameters: {'n_estimators': 463, 'max_depth': 16, 'min_samples_split': 5, 'min_samples_leaf': 5}. Best is trial 3 with value: 0.85.
[I 2026-04-07 02:06:29,346] Trial 10 finished with value: 0.5 and parameters: {'n_estimators': 373, 'max_depth': 3, 'min_samples_split': 8, 'min_samples_leaf': 7}. Best is trial 3 with value: 0.85.
[I 2026-04-07 02:06:29,653] Trial 11 finished with value: 0.85 and parameters: {'n_estimators': 224, 'max_depth': 12, 'min_samples_split': 9, 'min_samples_leaf': 5}. Best is trial 3 with value: 0.85.
[I 2026-04-07 02:06:29,978] Trial 12 finished with value: 0.85 and parameters: {'n_estimators': 266, 'max_depth': 9, 'min_samples_split': 10, 'min_samples_leaf': 6}. Best is trial 3 with value: 0.85.
[I 2026-04-07 02:06:30,452] Trial 13 finished with value: 0.7 and parameters: {'n_estimators': 371, 'max_depth': 3, 'min_samples_split': 8, 'min_samples_leaf': 4}. Best is trial 3 with value: 0.85.
[I 2026-04-07 02:06:30,900] Trial 14 finished with value: 0.5 and parameters: {'n_estimators': 382, 'max_depth': 14, 'min_samples_split': 8, 'min_samples_leaf': 7}. Best is trial 3 with value: 0.85.
[I 2026-04-07 02:06:31,131] Trial 15 finished with value: 0.85 and parameters: {'n_estimators': 199, 'max_depth': 19, 'min_samples_split': 9, 'min_samples_leaf': 4}. Best is trial 3 with value: 0.85.
[I 2026-04-07 02:06:31,537] Trial 16 finished with value: 0.75 and parameters: {'n_estimators': 320, 'max_depth': 9, 'min_samples_split': 2, 'min_samples_leaf': 6}. Best is trial 3 with value: 0.85.
[I 2026-04-07 02:06:31,811] Trial 17 finished with value: 0.85 and parameters: {'n_estimators': 242, 'max_depth': 18, 'min_samples_split': 7, 'min_samples_leaf': 4}. Best is trial 3 with value: 0.85.
[I 2026-04-07 02:06:32,318] Trial 18 finished with value: 0.6 and parameters: {'n_estimators': 417, 'max_depth': 5, 'min_samples_split': 9, 'min_samples_leaf': 7}. Best is trial 3 with value: 0.85.
[I 2026-04-07 02:06:32,623] Trial 19 finished with value: 0.75 and parameters: {'n_estimators': 274, 'max_depth': 14, 'min_samples_split': 7, 'min_samples_leaf': 1}. Best is trial 3 with value: 0.85.
[I 2026-04-07 02:06:32,829] Trial 20 finished with value: 0.8 and parameters: {'n_estimators': 181, 'max_depth': 11, 'min_samples_split': 10, 'min_samples_leaf': 6}. Best is trial 3 with value: 0.85.
[I 2026-04-07 02:06:33,306] Trial 21 finished with value: 0.9 and parameters: {'n_estimators': 422, 'max_depth': 16, 'min_samples_split': 5, 'min_samples_leaf': 5}. Best is trial 21 with value: 0.9.
[I 2026-04-07 02:06:33,798] Trial 22 finished with value: 0.85 and parameters: {'n_estimators': 423, 'max_depth': 17, 'min_samples_split': 5, 'min_samples_leaf': 5}. Best is trial 21 with value: 0.9.
[I 2026-04-07 02:06:34,271] Trial 23 finished with value: 0.8 and parameters: {'n_estimators': 412, 'max_depth': 14, 'min_samples_split': 4, 'min_samples_leaf': 3}. Best is trial 21 with value: 0.9.
[I 2026-04-07 02:06:34,667] Trial 24 finished with value: 0.5 and parameters: {'n_estimators': 340, 'max_depth': 11, 'min_samples_split': 8, 'min_samples_leaf': 8}. Best is trial 21 with value: 0.9.
[I 2026-04-07 02:06:35,194] Trial 25 finished with value: 0.85 and parameters: {'n_estimators': 450, 'max_depth': 15, 'min_samples_split': 7, 'min_samples_leaf': 5}. Best is trial 21 with value: 0.9.
[I 2026-04-07 02:06:35,580] Trial 26 finished with value: 0.85 and parameters: {'n_estimators': 352, 'max_depth': 13, 'min_samples_split': 9, 'min_samples_leaf': 4}. Best is trial 21 with value: 0.9.
[I 2026-04-07 02:06:35,926] Trial 27 finished with value: 0.5 and parameters: {'n_estimators': 281, 'max_depth': 16, 'min_samples_split': 4, 'min_samples_leaf': 10}. Best is trial 21 with value: 0.9.
[I 2026-04-07 02:06:36,464] Trial 28 finished with value: 0.85 and parameters: {'n_estimators': 492, 'max_depth': 18, 'min_samples_split': 6, 'min_samples_leaf': 6}. Best is trial 21 with value: 0.9.
[I 2026-04-07 02:06:36,639] Trial 29 finished with value: 0.9 and parameters: {'n_estimators': 104, 'max_depth': 12, 'min_samples_split': 6, 'min_samples_leaf': 3}. Best is trial 21 with value: 0.9.
[I 2026-04-07 02:06:40,815] A new study created in memory with name: mlp
[I 2026-04-07 02:06:40,881] Trial 0 finished with value: 0.65 and parameters: {'hidden_layer_sizes': (200,), 'max_iter': 100, 'alpha': 0.001}. Best is trial 0 with value: 0.65.
[I 2026-04-07 02:06:40,968] Trial 1 finished with value: 0.65 and parameters: {'hidden_layer_sizes': (100, 100), 'max_iter': 100, 'alpha': 0.0001}. Best is trial 0 with value: 0.65.
[I 2026-04-07 02:06:41,015] Trial 2 finished with value: 0.65 and parameters: {'hidden_layer_sizes': (100, 100), 'max_iter': 50, 'alpha': 0.0001}. Best is trial 0 with value: 0.65.
[I 2026-04-07 02:06:41,061] Trial 3 finished with value: 0.6 and parameters: {'hidden_layer_sizes': (200,), 'max_iter': 50, 'alpha': 0.0001}. Best is trial 0 with value: 0.65.
[I 2026-04-07 02:06:41,116] Trial 4 finished with value: 0.65 and parameters: {'hidden_layer_sizes': (200,), 'max_iter': 100, 'alpha': 0.001}. Best is trial 0 with value: 0.65.
[I 2026-04-07 02:06:41,172] Trial 5 finished with value: 0.65 and parameters: {'hidden_layer_sizes': (200,), 'max_iter': 100, 'alpha': 0.0001}. Best is trial 0 with value: 0.65.
[I 2026-04-07 02:06:41,259] Trial 6 finished with value: 0.75 and parameters: {'hidden_layer_sizes': (100, 100), 'max_iter': 100, 'alpha': 0.001}. Best is trial 6 with value: 0.75.
[I 2026-04-07 02:06:41,294] Trial 7 finished with value: 0.55 and parameters: {'hidden_layer_sizes': (200,), 'max_iter': 50, 'alpha': 0.001}. Best is trial 6 with value: 0.75.
[I 2026-04-07 02:06:41,339] Trial 8 finished with value: 0.65 and parameters: {'hidden_layer_sizes': (100,), 'max_iter': 100, 'alpha': 0.001}. Best is trial 6 with value: 0.75.
[I 2026-04-07 02:06:41,383] Trial 9 finished with value: 0.6 and parameters: {'hidden_layer_sizes': (200,), 'max_iter': 50, 'alpha': 0.001}. Best is trial 6 with value: 0.75.
[I 2026-04-07 02:06:41,453] Trial 10 finished with value: 0.65 and parameters: {'hidden_layer_sizes': (100, 100), 'max_iter': 100, 'alpha': 0.001}. Best is trial 6 with value: 0.75.
[I 2026-04-07 02:06:41,508] Trial 11 finished with value: 0.6 and parameters: {'hidden_layer_sizes': (100,), 'max_iter': 100, 'alpha': 0.001}. Best is trial 6 with value: 0.75.
[I 2026-04-07 02:06:41,576] Trial 12 finished with value: 0.7 and parameters: {'hidden_layer_sizes': (100, 100), 'max_iter': 100, 'alpha': 0.001}. Best is trial 6 with value: 0.75.
[I 2026-04-07 02:06:41,644] Trial 13 finished with value: 0.65 and parameters: {'hidden_layer_sizes': (100, 100), 'max_iter': 100, 'alpha': 0.001}. Best is trial 6 with value: 0.75.
[I 2026-04-07 02:06:41,733] Trial 14 finished with value: 0.7 and parameters: {'hidden_layer_sizes': (100, 100), 'max_iter': 100, 'alpha': 0.001}. Best is trial 6 with value: 0.75.
[I 2026-04-07 02:06:41,801] Trial 15 finished with value: 0.7 and parameters: {'hidden_layer_sizes': (100, 100), 'max_iter': 100, 'alpha': 0.001}. Best is trial 6 with value: 0.75.
[I 2026-04-07 02:06:41,869] Trial 16 finished with value: 0.7 and parameters: {'hidden_layer_sizes': (100, 100), 'max_iter': 100, 'alpha': 0.001}. Best is trial 6 with value: 0.75.
[I 2026-04-07 02:06:41,928] Trial 17 finished with value: 0.65 and parameters: {'hidden_layer_sizes': (100,), 'max_iter': 100, 'alpha': 0.001}. Best is trial 6 with value: 0.75.
[I 2026-04-07 02:06:41,975] Trial 18 finished with value: 0.65 and parameters: {'hidden_layer_sizes': (100, 100), 'max_iter': 50, 'alpha': 0.0001}. Best is trial 6 with value: 0.75.
[I 2026-04-07 02:06:42,060] Trial 19 finished with value: 0.65 and parameters: {'hidden_layer_sizes': (100, 100), 'max_iter': 100, 'alpha': 0.001}. Best is trial 6 with value: 0.75.
[I 2026-04-07 02:06:42,124] Trial 20 finished with value: 0.75 and parameters: {'hidden_layer_sizes': (100, 100), 'max_iter': 100, 'alpha': 0.001}. Best is trial 6 with value: 0.75.
[I 2026-04-07 02:06:42,189] Trial 21 finished with value: 0.7 and parameters: {'hidden_layer_sizes': (100, 100), 'max_iter': 100, 'alpha': 0.001}. Best is trial 6 with value: 0.75.
[I 2026-04-07 02:06:42,258] Trial 22 finished with value: 0.7 and parameters: {'hidden_layer_sizes': (100, 100), 'max_iter': 100, 'alpha': 0.001}. Best is trial 6 with value: 0.75.
[I 2026-04-07 02:06:42,327] Trial 23 finished with value: 0.75 and parameters: {'hidden_layer_sizes': (100, 100), 'max_iter': 100, 'alpha': 0.001}. Best is trial 6 with value: 0.75.
[I 2026-04-07 02:06:42,393] Trial 24 finished with value: 0.7 and parameters: {'hidden_layer_sizes': (100, 100), 'max_iter': 100, 'alpha': 0.001}. Best is trial 6 with value: 0.75.
[I 2026-04-07 02:06:42,441] Trial 25 finished with value: 0.65 and parameters: {'hidden_layer_sizes': (100,), 'max_iter': 100, 'alpha': 0.001}. Best is trial 6 with value: 0.75.
[I 2026-04-07 02:06:42,499] Trial 26 finished with value: 0.65 and parameters: {'hidden_layer_sizes': (100, 100), 'max_iter': 50, 'alpha': 0.0001}. Best is trial 6 with value: 0.75.
[I 2026-04-07 02:06:42,568] Trial 27 finished with value: 0.7 and parameters: {'hidden_layer_sizes': (100, 100), 'max_iter': 100, 'alpha': 0.001}. Best is trial 6 with value: 0.75.
[I 2026-04-07 02:06:42,637] Trial 28 finished with value: 0.7 and parameters: {'hidden_layer_sizes': (100, 100), 'max_iter': 100, 'alpha': 0.001}. Best is trial 6 with value: 0.75.
[I 2026-04-07 02:06:42,685] Trial 29 finished with value: 0.65 and parameters: {'hidden_layer_sizes': (100,), 'max_iter': 100, 'alpha': 0.001}. Best is trial 6 with value: 0.75.
[I 2026-04-07 02:06:46,175] A new study created in memory with name: naive_bayes
[I 2026-04-07 02:06:46,190] Trial 0 finished with value: 0.9 and parameters: {'var_smoothing': 1.0489343501429862e-10}. Best is trial 0 with value: 0.9.
[I 2026-04-07 02:06:46,206] Trial 1 finished with value: 0.9 and parameters: {'var_smoothing': 1.0086701860885373e-09}. Best is trial 0 with value: 0.9.
[I 2026-04-07 02:06:46,222] Trial 2 finished with value: 0.9 and parameters: {'var_smoothing': 9.807235097598006e-10}. Best is trial 0 with value: 0.9.
[I 2026-04-07 02:06:46,238] Trial 3 finished with value: 0.9 and parameters: {'var_smoothing': 1.8520770828517824e-10}. Best is trial 0 with value: 0.9.
[I 2026-04-07 02:06:46,255] Trial 4 finished with value: 0.9 and parameters: {'var_smoothing': 1.9240757716714087e-10}. Best is trial 0 with value: 0.9.
[I 2026-04-07 02:06:46,271] Trial 5 finished with value: 0.9 and parameters: {'var_smoothing': 2.736007926537145e-10}. Best is trial 0 with value: 0.9.
[I 2026-04-07 02:06:46,287] Trial 6 finished with value: 0.9 and parameters: {'var_smoothing': 6.87094324185739e-10}. Best is trial 0 with value: 0.9.
[I 2026-04-07 02:06:46,303] Trial 7 finished with value: 0.9 and parameters: {'var_smoothing': 3.134745855231349e-10}. Best is trial 0 with value: 0.9.
[I 2026-04-07 02:06:46,318] Trial 8 finished with value: 0.9 and parameters: {'var_smoothing': 1.4727170077821783e-10}. Best is trial 0 with value: 0.9.
[I 2026-04-07 02:06:46,334] Trial 9 finished with value: 0.9 and parameters: {'var_smoothing': 4.909048017047017e-10}. Best is trial 0 with value: 0.9.
[I 2026-04-07 02:06:46,355] Trial 10 finished with value: 0.9 and parameters: {'var_smoothing': 4.226228455594519e-09}. Best is trial 0 with value: 0.9.
[I 2026-04-07 02:06:46,375] Trial 11 finished with value: 0.9 and parameters: {'var_smoothing': 2.8481546791169343e-09}. Best is trial 0 with value: 0.9.
[I 2026-04-07 02:06:46,396] Trial 12 finished with value: 0.9 and parameters: {'var_smoothing': 1.9032336526904254e-09}. Best is trial 0 with value: 0.9.
[I 2026-04-07 02:06:46,415] Trial 13 finished with value: 0.9 and parameters: {'var_smoothing': 1.6192707465333408e-09}. Best is trial 0 with value: 0.9.
[I 2026-04-07 02:06:46,434] Trial 14 finished with value: 0.9 and parameters: {'var_smoothing': 1.0137193502251743e-10}. Best is trial 0 with value: 0.9.
[I 2026-04-07 02:06:46,454] Trial 15 finished with value: 0.9 and parameters: {'var_smoothing': 7.233291262560306e-09}. Best is trial 0 with value: 0.9.
[I 2026-04-07 02:06:46,484] Trial 16 finished with value: 0.9 and parameters: {'var_smoothing': 5.636880428096003e-10}. Best is trial 0 with value: 0.9.
[I 2026-04-07 02:06:46,514] Trial 17 finished with value: 0.9 and parameters: {'var_smoothing': 1.2682382630515742e-09}. Best is trial 0 with value: 0.9.
[I 2026-04-07 02:06:46,532] Trial 18 finished with value: 0.9 and parameters: {'var_smoothing': 3.934685686653308e-10}. Best is trial 0 with value: 0.9.
[I 2026-04-07 02:06:46,548] Trial 19 finished with value: 0.9 and parameters: {'var_smoothing': 8.419551297505738e-10}. Best is trial 0 with value: 0.9.
[I 2026-04-07 02:06:46,568] Trial 20 finished with value: 0.9 and parameters: {'var_smoothing': 2.608399883647147e-09}. Best is trial 0 with value: 0.9.
[I 2026-04-07 02:06:46,598] Trial 21 finished with value: 0.9 and parameters: {'var_smoothing': 1.1043065925699652e-09}. Best is trial 0 with value: 0.9.
[I 2026-04-07 02:06:46,628] Trial 22 finished with value: 0.9 and parameters: {'var_smoothing': 7.818254747144452e-09}. Best is trial 0 with value: 0.9.
[I 2026-04-07 02:06:46,648] Trial 23 finished with value: 0.9 and parameters: {'var_smoothing': 4.506881416225629e-09}. Best is trial 0 with value: 0.9.
[I 2026-04-07 02:06:46,668] Trial 24 finished with value: 0.9 and parameters: {'var_smoothing': 8.370195589160265e-10}. Best is trial 0 with value: 0.9.
[I 2026-04-07 02:06:46,698] Trial 25 finished with value: 0.9 and parameters: {'var_smoothing': 1.4246564400615985e-09}. Best is trial 0 with value: 0.9.
[I 2026-04-07 02:06:46,716] Trial 26 finished with value: 0.9 and parameters: {'var_smoothing': 1.055993505169999e-10}. Best is trial 0 with value: 0.9.
[I 2026-04-07 02:06:46,733] Trial 27 finished with value: 0.9 and parameters: {'var_smoothing': 2.338070103551991e-09}. Best is trial 0 with value: 0.9.
