[I 2026-04-09 21:29:02,086] Trial 29 finished with value: 0.725 and parameters: {'hidden_layer_sizes': (200,), 'max_iter': 100, 'alpha': 0.0001}. Best is trial 9 with value: 0.775.
[I 2026-04-09 21:42:43,915] A new study created in memory with name: naive_bayes
Parámetros guardados en checkpoint_paysim_Doriginal_I/ag/IPC_20/best_models_ag_seed_6_space_original/naive_bayes_best_params.json


>>> Optuna tuning logreg metodo ag IPC 20 seed 6


Parámetros guardados en checkpoint_paysim_Doriginal_I/ag/IPC_20/best_models_ag_seed_6_space_original/logreg_best_params.json


>>> Optuna tuning knn metodo ag IPC 20 seed 6


Parámetros guardados en checkpoint_paysim_Doriginal_I/ag/IPC_20/best_models_ag_seed_6_space_original/knn_best_params.json


>>> Optuna tuning xgb metodo ag IPC 20 seed 6


Parámetros guardados en checkpoint_paysim_Doriginal_I/ag/IPC_20/best_models_ag_seed_6_space_original/xgb_best_params.json


>>> Optuna tuning rf metodo ag IPC 20 seed 6


Parámetros guardados en checkpoint_paysim_Doriginal_I/ag/IPC_20/best_models_ag_seed_6_space_original/rf_best_params.json


>>> Optuna tuning mlp metodo ag IPC 20 seed 6


Parámetros guardados en checkpoint_paysim_Doriginal_I/ag/IPC_20/best_models_ag_seed_6_space_original/mlp_best_params.json


>>> Optuna tuning naive_bayes metodo k_center IPC 20 seed 6


Parámetros guardados en checkpoint_paysim_Doriginal_I/k_center/IPC_20/best_models_k_center_seed_6_space_original/naive_bayes_best_params.json


>>> Optuna tuning logreg metodo k_center IPC 20 seed 6


Parámetros guardados en checkpoint_paysim_Doriginal_I/k_center/IPC_20/best_models_k_center_seed_6_space_original/logreg_best_params.json


>>> Optuna tuning knn metodo k_center IPC 20 seed 6


Parámetros guardados en checkpoint_paysim_Doriginal_I/k_center/IPC_20/best_models_k_center_seed_6_space_original/knn_best_params.json


>>> Optuna tuning xgb metodo k_center IPC 20 seed 6


Parámetros guardados en checkpoint_paysim_Doriginal_I/k_center/IPC_20/best_models_k_center_seed_6_space_original/xgb_best_params.json


>>> Optuna tuning rf metodo k_center IPC 20 seed 6


Parámetros guardados en checkpoint_paysim_Doriginal_I/k_center/IPC_20/best_models_k_center_seed_6_space_original/rf_best_params.json


>>> Optuna tuning mlp metodo k_center IPC 20 seed 6


Parámetros guardados en checkpoint_paysim_Doriginal_I/k_center/IPC_20/best_models_k_center_seed_6_space_original/mlp_best_params.json


>>> Optuna tuning naive_bayes metodo lc IPC 20 seed 6


Parámetros guardados en checkpoint_paysim_Doriginal_I/lc/IPC_20/best_models_lc_seed_6_space_original/naive_bayes_best_params.json


>>> Optuna tuning logreg metodo lc IPC 20 seed 6


Parámetros guardados en checkpoint_paysim_Doriginal_I/lc/IPC_20/best_models_lc_seed_6_space_original/logreg_best_params.json


>>> Optuna tuning knn metodo lc IPC 20 seed 6


Parámetros guardados en checkpoint_paysim_Doriginal_I/lc/IPC_20/best_models_lc_seed_6_space_original/knn_best_params.json


>>> Optuna tuning xgb metodo lc IPC 20 seed 6


Parámetros guardados en checkpoint_paysim_Doriginal_I/lc/IPC_20/best_models_lc_seed_6_space_original/xgb_best_params.json


>>> Optuna tuning rf metodo lc IPC 20 seed 6


Parámetros guardados en checkpoint_paysim_Doriginal_I/lc/IPC_20/best_models_lc_seed_6_space_original/rf_best_params.json


>>> Optuna tuning mlp metodo lc IPC 20 seed 6


Parámetros guardados en checkpoint_paysim_Doriginal_I/lc/IPC_20/best_models_lc_seed_6_space_original/mlp_best_params.json


>>> Optuna tuning naive_bayes metodo random IPC 20 seed 7


Parámetros guardados en checkpoint_paysim_Doriginal_I/random/IPC_20/best_models_random_seed_7_space_original/naive_bayes_best_params.json


>>> Optuna tuning logreg metodo random IPC 20 seed 7


Parámetros guardados en checkpoint_paysim_Doriginal_I/random/IPC_20/best_models_random_seed_7_space_original/logreg_best_params.json


>>> Optuna tuning knn metodo random IPC 20 seed 7


Parámetros guardados en checkpoint_paysim_Doriginal_I/random/IPC_20/best_models_random_seed_7_space_original/knn_best_params.json


>>> Optuna tuning xgb metodo random IPC 20 seed 7


Parámetros guardados en checkpoint_paysim_Doriginal_I/random/IPC_20/best_models_random_seed_7_space_original/xgb_best_params.json


>>> Optuna tuning rf metodo random IPC 20 seed 7


Parámetros guardados en checkpoint_paysim_Doriginal_I/random/IPC_20/best_models_random_seed_7_space_original/rf_best_params.json


>>> Optuna tuning mlp metodo random IPC 20 seed 7


Parámetros guardados en checkpoint_paysim_Doriginal_I/random/IPC_20/best_models_random_seed_7_space_original/mlp_best_params.json


>>> Optuna tuning naive_bayes metodo k-means IPC 20 seed 7


Parámetros guardados en checkpoint_paysim_Doriginal_I/k-means/IPC_20/best_models_k-means_seed_7_space_original/naive_bayes_best_params.json


>>> Optuna tuning logreg metodo k-means IPC 20 seed 7


Parámetros guardados en checkpoint_paysim_Doriginal_I/k-means/IPC_20/best_models_k-means_seed_7_space_original/logreg_best_params.json


>>> Optuna tuning knn metodo k-means IPC 20 seed 7


Parámetros guardados en checkpoint_paysim_Doriginal_I/k-means/IPC_20/best_models_k-means_seed_7_space_original/knn_best_params.json


>>> Optuna tuning xgb metodo k-means IPC 20 seed 7


Parámetros guardados en checkpoint_paysim_Doriginal_I/k-means/IPC_20/best_models_k-means_seed_7_space_original/xgb_best_params.json


>>> Optuna tuning rf metodo k-means IPC 20 seed 7


Parámetros guardados en checkpoint_paysim_Doriginal_I/k-means/IPC_20/best_models_k-means_seed_7_space_original/rf_best_params.json


>>> Optuna tuning mlp metodo k-means IPC 20 seed 7


Parámetros guardados en checkpoint_paysim_Doriginal_I/k-means/IPC_20/best_models_k-means_seed_7_space_original/mlp_best_params.json


>>> Optuna tuning naive_bayes metodo ag IPC 20 seed 7


[I 2026-04-09 21:42:46,758] Trial 0 finished with value: 0.875 and parameters: {'var_smoothing': 1.4210736239935712e-10}. Best is trial 0 with value: 0.875.
[I 2026-04-09 21:42:49,224] Trial 1 finished with value: 0.875 and parameters: {'var_smoothing': 3.629422978396398e-09}. Best is trial 0 with value: 0.875.
[I 2026-04-09 21:42:51,789] Trial 2 finished with value: 0.875 and parameters: {'var_smoothing': 7.530407234027127e-10}. Best is trial 0 with value: 0.875.
[I 2026-04-09 21:42:54,259] Trial 3 finished with value: 0.875 and parameters: {'var_smoothing': 2.7985325053380072e-09}. Best is trial 0 with value: 0.875.
[I 2026-04-09 21:42:56,721] Trial 4 finished with value: 0.875 and parameters: {'var_smoothing': 9.036058293737187e-09}. Best is trial 0 with value: 0.875.
[I 2026-04-09 21:42:59,187] Trial 5 finished with value: 0.875 and parameters: {'var_smoothing': 1.1939653980558784e-09}. Best is trial 0 with value: 0.875.
[I 2026-04-09 21:43:01,761] Trial 6 finished with value: 0.875 and parameters: {'var_smoothing': 1.005173261185167e-09}. Best is trial 0 with value: 0.875.
[I 2026-04-09 21:43:04,294] Trial 7 finished with value: 0.875 and parameters: {'var_smoothing': 1.393484899105757e-10}. Best is trial 0 with value: 0.875.
[I 2026-04-09 21:43:06,856] Trial 8 finished with value: 0.875 and parameters: {'var_smoothing': 3.4425317961147986e-10}. Best is trial 0 with value: 0.875.
[I 2026-04-09 21:43:09,446] Trial 9 finished with value: 0.875 and parameters: {'var_smoothing': 9.994590426751933e-10}. Best is trial 0 with value: 0.875.
[I 2026-04-09 21:43:11,900] Trial 10 finished with value: 0.875 and parameters: {'var_smoothing': 1.9079938112167212e-10}. Best is trial 0 with value: 0.875.
[I 2026-04-09 21:43:14,407] Trial 11 finished with value: 0.875 and parameters: {'var_smoothing': 4.7456863630433305e-09}. Best is trial 0 with value: 0.875.
[I 2026-04-09 21:43:17,024] Trial 12 finished with value: 0.875 and parameters: {'var_smoothing': 2.7185365295481096e-09}. Best is trial 0 with value: 0.875.
[I 2026-04-09 21:43:17,043] Trial 13 finished with value: 0.875 and parameters: {'var_smoothing': 4.3967291332584714e-10}. Best is trial 0 with value: 0.875.
[I 2026-04-09 21:43:17,059] Trial 14 finished with value: 0.875 and parameters: {'var_smoothing': 2.6511307931162972e-09}. Best is trial 0 with value: 0.875.
[I 2026-04-09 21:43:17,079] Trial 15 finished with value: 0.875 and parameters: {'var_smoothing': 9.000422035369052e-09}. Best is trial 0 with value: 0.875.
[I 2026-04-09 21:43:17,096] Trial 16 finished with value: 0.875 and parameters: {'var_smoothing': 2.75340575769171e-10}. Best is trial 0 with value: 0.875.
[I 2026-04-09 21:43:17,126] Trial 17 finished with value: 0.875 and parameters: {'var_smoothing': 1.0118559267516465e-10}. Best is trial 0 with value: 0.875.
[I 2026-04-09 21:43:17,157] Trial 18 finished with value: 0.875 and parameters: {'var_smoothing': 5.126237368588495e-10}. Best is trial 0 with value: 0.875.
[I 2026-04-09 21:43:17,174] Trial 19 finished with value: 0.875 and parameters: {'var_smoothing': 1.7743118427439911e-09}. Best is trial 0 with value: 0.875.
[I 2026-04-09 21:43:17,199] Trial 20 finished with value: 0.875 and parameters: {'var_smoothing': 5.29215399120128e-09}. Best is trial 0 with value: 0.875.
[I 2026-04-09 21:43:17,214] Trial 21 finished with value: 0.875 and parameters: {'var_smoothing': 6.215389304971454e-10}. Best is trial 0 with value: 0.875.
[I 2026-04-09 21:43:17,230] Trial 22 finished with value: 0.875 and parameters: {'var_smoothing': 2.205158371956595e-10}. Best is trial 0 with value: 0.875.
[I 2026-04-09 21:43:17,251] Trial 23 finished with value: 0.875 and parameters: {'var_smoothing': 6.714468189294179e-10}. Best is trial 0 with value: 0.875.
[I 2026-04-09 21:43:17,271] Trial 24 finished with value: 0.875 and parameters: {'var_smoothing': 1.6303611152529254e-09}. Best is trial 0 with value: 0.875.
[I 2026-04-09 21:43:17,290] Trial 25 finished with value: 0.875 and parameters: {'var_smoothing': 5.460180203252778e-09}. Best is trial 0 with value: 0.875.
[I 2026-04-09 21:43:17,308] Trial 26 finished with value: 0.875 and parameters: {'var_smoothing': 1.0123007748054653e-10}. Best is trial 0 with value: 0.875.
[I 2026-04-09 21:43:17,327] Trial 27 finished with value: 0.875 and parameters: {'var_smoothing': 3.7004726843827016e-09}. Best is trial 0 with value: 0.875.
[I 2026-04-09 21:43:17,346] Trial 28 finished with value: 0.875 and parameters: {'var_smoothing': 8.062949328123723e-10}. Best is trial 0 with value: 0.875.
[I 2026-04-09 21:43:17,361] Trial 29 finished with value: 0.875 and parameters: {'var_smoothing': 1.8379694059711336e-09}. Best is trial 0 with value: 0.875.
[I 2026-04-09 21:43:18,572] A new study created in memory with name: logreg
[I 2026-04-09 21:43:18,624] Trial 0 finished with value: 0.575 and parameters: {'C': 0.002407362254570802, 'penalty': 'l2'}. Best is trial 0 with value: 0.575.
[I 2026-04-09 21:43:18,691] Trial 1 finished with value: 0.825 and parameters: {'C': 7.935859334260497, 'penalty': 'l2'}. Best is trial 1 with value: 0.825.
[I 2026-04-09 21:43:18,749] Trial 2 finished with value: 0.825 and parameters: {'C': 0.15561310098067915, 'penalty': 'l2'}. Best is trial 1 with value: 0.825.
[I 2026-04-09 21:43:18,806] Trial 3 finished with value: 0.825 and parameters: {'C': 4.143104515916128, 'penalty': 'l2'}. Best is trial 1 with value: 0.825.
[I 2026-04-09 21:43:18,863] Trial 4 finished with value: 0.8 and parameters: {'C': 77.61533923098803, 'penalty': 'l2'}. Best is trial 1 with value: 0.825.
[I 2026-04-09 21:43:18,917] Trial 5 finished with value: 0.825 and parameters: {'C': 0.49258292359934785, 'penalty': 'l2'}. Best is trial 1 with value: 0.825.
[I 2026-04-09 21:43:18,974] Trial 6 finished with value: 0.825 and parameters: {'C': 0.320333470047146, 'penalty': 'l2'}. Best is trial 1 with value: 0.825.
[I 2026-04-09 21:43:19,032] Trial 7 finished with value: 0.575 and parameters: {'C': 0.002292216671132896, 'penalty': 'l2'}. Best is trial 1 with value: 0.825.
[I 2026-04-09 21:43:19,078] Trial 8 finished with value: 0.725 and parameters: {'C': 0.0219884643872214, 'penalty': 'l2'}. Best is trial 1 with value: 0.825.
[I 2026-04-09 21:43:19,136] Trial 9 finished with value: 0.825 and parameters: {'C': 0.31580027519646636, 'penalty': 'l2'}. Best is trial 1 with value: 0.825.
[I 2026-04-09 21:43:19,200] Trial 10 finished with value: 0.8 and parameters: {'C': 47.045226746887316, 'penalty': 'l2'}. Best is trial 1 with value: 0.825.
[I 2026-04-09 21:43:19,262] Trial 11 finished with value: 0.825 and parameters: {'C': 4.633527611292567, 'penalty': 'l2'}. Best is trial 1 with value: 0.825.
[I 2026-04-09 21:43:19,295] Trial 12 finished with value: 0.725 and parameters: {'C': 0.025585296655532393, 'penalty': 'l2'}. Best is trial 1 with value: 0.825.
[I 2026-04-09 21:43:19,322] Trial 13 finished with value: 0.825 and parameters: {'C': 4.4447623889287895, 'penalty': 'l2'}. Best is trial 1 with value: 0.825.
[I 2026-04-09 21:43:19,350] Trial 14 finished with value: 0.725 and parameters: {'C': 0.03859499117364653, 'penalty': 'l2'}. Best is trial 1 with value: 0.825.
[I 2026-04-09 21:43:19,384] Trial 15 finished with value: 0.8 and parameters: {'C': 1.243574620710053, 'penalty': 'l2'}. Best is trial 1 with value: 0.825.
[I 2026-04-09 21:43:19,414] Trial 16 finished with value: 0.8 and parameters: {'C': 13.281071643732659, 'penalty': 'l2'}. Best is trial 1 with value: 0.825.
[I 2026-04-09 21:43:19,450] Trial 17 finished with value: 0.825 and parameters: {'C': 0.10391491819178174, 'penalty': 'l2'}. Best is trial 1 with value: 0.825.
[I 2026-04-09 21:43:19,491] Trial 18 finished with value: 0.8 and parameters: {'C': 17.945604345898534, 'penalty': 'l2'}. Best is trial 1 with value: 0.825.
[I 2026-04-09 21:43:19,525] Trial 19 finished with value: 0.8 and parameters: {'C': 1.4842153446858102, 'penalty': 'l2'}. Best is trial 1 with value: 0.825.
[I 2026-04-09 21:43:19,555] Trial 20 finished with value: 0.775 and parameters: {'C': 0.07279057533839559, 'penalty': 'l2'}. Best is trial 1 with value: 0.825.
[I 2026-04-09 21:43:19,585] Trial 21 finished with value: 0.825 and parameters: {'C': 3.862840980301555, 'penalty': 'l2'}. Best is trial 1 with value: 0.825.
[I 2026-04-09 21:43:19,612] Trial 22 finished with value: 0.8 and parameters: {'C': 21.51552482483977, 'penalty': 'l2'}. Best is trial 1 with value: 0.825.
[I 2026-04-09 21:43:19,640] Trial 23 finished with value: 0.8 and parameters: {'C': 1.276445563834392, 'penalty': 'l2'}. Best is trial 1 with value: 0.825.
[I 2026-04-09 21:43:19,670] Trial 24 finished with value: 0.825 and parameters: {'C': 10.271628143311172, 'penalty': 'l2'}. Best is trial 1 with value: 0.825.
[I 2026-04-09 21:43:19,702] Trial 25 finished with value: 0.6 and parameters: {'C': 0.0064818210668435025, 'penalty': 'l2'}. Best is trial 1 with value: 0.825.
[I 2026-04-09 21:43:19,731] Trial 26 finished with value: 0.825 and parameters: {'C': 0.18785300042181724, 'penalty': 'l2'}. Best is trial 1 with value: 0.825.
[I 2026-04-09 21:43:19,762] Trial 27 finished with value: 0.8 and parameters: {'C': 1.13503256739139, 'penalty': 'l2'}. Best is trial 1 with value: 0.825.
[I 2026-04-09 21:43:19,787] Trial 28 finished with value: 0.8 and parameters: {'C': 2.475463785536476, 'penalty': 'l2'}. Best is trial 1 with value: 0.825.
[I 2026-04-09 21:43:19,814] Trial 29 finished with value: 0.625 and parameters: {'C': 0.011104103350344362, 'penalty': 'l2'}. Best is trial 1 with value: 0.825.
[I 2026-04-09 21:43:20,815] A new study created in memory with name: knn
[I 2026-04-09 21:43:20,861] Trial 0 finished with value: 0.6 and parameters: {'n_neighbors': 3, 'leaf_size': 36, 'p': 2}. Best is trial 0 with value: 0.6.
[I 2026-04-09 21:43:20,905] Trial 1 finished with value: 0.725 and parameters: {'n_neighbors': 10, 'leaf_size': 31, 'p': 1}. Best is trial 1 with value: 0.725.
[I 2026-04-09 21:43:20,949] Trial 2 finished with value: 0.7 and parameters: {'n_neighbors': 5, 'leaf_size': 30, 'p': 2}. Best is trial 1 with value: 0.725.
[I 2026-04-09 21:43:20,997] Trial 3 finished with value: 0.675 and parameters: {'n_neighbors': 6, 'leaf_size': 21, 'p': 2}. Best is trial 1 with value: 0.725.
[I 2026-04-09 21:43:21,033] Trial 4 finished with value: 0.675 and parameters: {'n_neighbors': 4, 'leaf_size': 29, 'p': 1}. Best is trial 1 with value: 0.725.
[I 2026-04-09 21:43:21,068] Trial 5 finished with value: 0.75 and parameters: {'n_neighbors': 7, 'leaf_size': 39, 'p': 2}. Best is trial 5 with value: 0.75.
[I 2026-04-09 21:43:21,112] Trial 6 finished with value: 0.65 and parameters: {'n_neighbors': 10, 'leaf_size': 22, 'p': 2}. Best is trial 5 with value: 0.75.
[I 2026-04-09 21:43:21,155] Trial 7 finished with value: 0.675 and parameters: {'n_neighbors': 8, 'leaf_size': 29, 'p': 2}. Best is trial 5 with value: 0.75.
[I 2026-04-09 21:43:21,190] Trial 8 finished with value: 0.7 and parameters: {'n_neighbors': 5, 'leaf_size': 30, 'p': 2}. Best is trial 5 with value: 0.75.
[I 2026-04-09 21:43:21,240] Trial 9 finished with value: 0.7 and parameters: {'n_neighbors': 9, 'leaf_size': 26, 'p': 1}. Best is trial 5 with value: 0.75.
[I 2026-04-09 21:43:21,310] Trial 10 finished with value: 0.725 and parameters: {'n_neighbors': 7, 'leaf_size': 39, 'p': 1}. Best is trial 5 with value: 0.75.
[I 2026-04-09 21:43:21,363] Trial 11 finished with value: 0.725 and parameters: {'n_neighbors': 10, 'leaf_size': 35, 'p': 1}. Best is trial 5 with value: 0.75.
[I 2026-04-09 21:43:21,384] Trial 12 finished with value: 0.725 and parameters: {'n_neighbors': 8, 'leaf_size': 40, 'p': 1}. Best is trial 5 with value: 0.75.
[I 2026-04-09 21:43:21,403] Trial 13 finished with value: 0.725 and parameters: {'n_neighbors': 7, 'leaf_size': 34, 'p': 1}. Best is trial 5 with value: 0.75.
[I 2026-04-09 21:43:21,423] Trial 14 finished with value: 0.675 and parameters: {'n_neighbors': 9, 'leaf_size': 26, 'p': 2}. Best is trial 5 with value: 0.75.
[I 2026-04-09 21:43:21,453] Trial 15 finished with value: 0.725 and parameters: {'n_neighbors': 8, 'leaf_size': 33, 'p': 1}. Best is trial 5 with value: 0.75.
[I 2026-04-09 21:43:21,475] Trial 16 finished with value: 0.675 and parameters: {'n_neighbors': 6, 'leaf_size': 37, 'p': 1}. Best is trial 5 with value: 0.75.
[I 2026-04-09 21:43:21,496] Trial 17 finished with value: 0.675 and parameters: {'n_neighbors': 9, 'leaf_size': 32, 'p': 2}. Best is trial 5 with value: 0.75.
[I 2026-04-09 21:43:21,521] Trial 18 finished with value: 0.65 and parameters: {'n_neighbors': 10, 'leaf_size': 25, 'p': 2}. Best is trial 5 with value: 0.75.
[I 2026-04-09 21:43:21,545] Trial 19 finished with value: 0.675 and parameters: {'n_neighbors': 3, 'leaf_size': 37, 'p': 1}. Best is trial 5 with value: 0.75.
[I 2026-04-09 21:43:21,566] Trial 20 finished with value: 0.7 and parameters: {'n_neighbors': 5, 'leaf_size': 24, 'p': 2}. Best is trial 5 with value: 0.75.
[I 2026-04-09 21:43:21,591] Trial 21 finished with value: 0.725 and parameters: {'n_neighbors': 7, 'leaf_size': 40, 'p': 1}. Best is trial 5 with value: 0.75.
[I 2026-04-09 21:43:21,611] Trial 22 finished with value: 0.725 and parameters: {'n_neighbors': 7, 'leaf_size': 38, 'p': 1}. Best is trial 5 with value: 0.75.
[I 2026-04-09 21:43:21,631] Trial 23 finished with value: 0.675 and parameters: {'n_neighbors': 6, 'leaf_size': 39, 'p': 1}. Best is trial 5 with value: 0.75.
[I 2026-04-09 21:43:21,651] Trial 24 finished with value: 0.725 and parameters: {'n_neighbors': 8, 'leaf_size': 32, 'p': 1}. Best is trial 5 with value: 0.75.
[I 2026-04-09 21:43:21,674] Trial 25 finished with value: 0.725 and parameters: {'n_neighbors': 7, 'leaf_size': 38, 'p': 1}. Best is trial 5 with value: 0.75.
[I 2026-04-09 21:43:21,694] Trial 26 finished with value: 0.7 and parameters: {'n_neighbors': 9, 'leaf_size': 35, 'p': 1}. Best is trial 5 with value: 0.75.
[I 2026-04-09 21:43:21,715] Trial 27 finished with value: 0.675 and parameters: {'n_neighbors': 4, 'leaf_size': 28, 'p': 1}. Best is trial 5 with value: 0.75.
[I 2026-04-09 21:43:21,736] Trial 28 finished with value: 0.675 and parameters: {'n_neighbors': 6, 'leaf_size': 40, 'p': 2}. Best is trial 5 with value: 0.75.
[I 2026-04-09 21:43:21,760] Trial 29 finished with value: 0.675 and parameters: {'n_neighbors': 8, 'leaf_size': 37, 'p': 2}. Best is trial 5 with value: 0.75.
[I 2026-04-09 21:43:23,395] A new study created in memory with name: xgb
[I 2026-04-09 21:43:23,452] Trial 0 finished with value: 0.925 and parameters: {'n_estimators': 40, 'max_depth': 20, 'gamma': 0.5510084172939441, 'subsample': 0.5360255666798808, 'colsample_bytree': 0.6342194900509356}. Best is trial 0 with value: 0.925.
[I 2026-04-09 21:43:23,501] Trial 1 finished with value: 0.95 and parameters: {'n_estimators': 100, 'max_depth': 5, 'gamma': 0.9186341749476523, 'subsample': 0.6066926767899578, 'colsample_bytree': 0.7260619809088416}. Best is trial 1 with value: 0.95.
[I 2026-04-09 21:43:23,536] Trial 2 finished with value: 0.85 and parameters: {'n_estimators': 10, 'max_depth': 5, 'gamma': 0.9182155373980582, 'subsample': 0.566584722879625, 'colsample_bytree': 0.761706290336883}. Best is trial 1 with value: 0.95.
[I 2026-04-09 21:43:23,582] Trial 3 finished with value: 0.875 and parameters: {'n_estimators': 10, 'max_depth': 20, 'gamma': 0.5296610393664296, 'subsample': 0.6829451928902965, 'colsample_bytree': 0.9189589971546304}. Best is trial 1 with value: 0.95.
[I 2026-04-09 21:43:23,629] Trial 4 finished with value: 0.825 and parameters: {'n_estimators': 10, 'max_depth': 20, 'gamma': 0.6916595165017824, 'subsample': 0.6851755414940176, 'colsample_bytree': 0.7295464889457157}. Best is trial 1 with value: 0.95.
[I 2026-04-09 21:43:23,678] Trial 5 finished with value: 0.925 and parameters: {'n_estimators': 100, 'max_depth': 20, 'gamma': 0.48380821541644814, 'subsample': 0.8171899343169193, 'colsample_bytree': 0.7614531005141727}. Best is trial 1 with value: 0.95.
[I 2026-04-09 21:43:23,726] Trial 6 finished with value: 0.875 and parameters: {'n_estimators': 10, 'max_depth': 5, 'gamma': 0.9599214907026333, 'subsample': 0.8414569271877088, 'colsample_bytree': 0.5265643453364788}. Best is trial 1 with value: 0.95.
