[I 2026-04-07 01:04:06,202] Trial 0 finished with value: 0.85 and parameters: {'hidden_layer_sizes': (100,), 'max_iter': 100, 'alpha': 0.0001}. Best is trial 0 with value: 0.85.
[I 2026-04-07 01:04:06,278] Trial 1 finished with value: 0.85 and parameters: {'hidden_layer_sizes': (100, 100), 'max_iter': 100, 'alpha': 0.001}. Best is trial 0 with value: 0.85.
[I 2026-04-07 01:04:06,334] Trial 2 finished with value: 0.9 and parameters: {'hidden_layer_sizes': (200,), 'max_iter': 100, 'alpha': 0.0001}. Best is trial 2 with value: 0.9.
[I 2026-04-07 01:04:06,379] Trial 3 finished with value: 0.85 and parameters: {'hidden_layer_sizes': (200,), 'max_iter': 50, 'alpha': 0.001}. Best is trial 2 with value: 0.9.
[I 2026-04-07 01:04:06,435] Trial 4 finished with value: 0.85 and parameters: {'hidden_layer_sizes': (100, 100), 'max_iter': 50, 'alpha': 0.0001}. Best is trial 2 with value: 0.9.
[I 2026-04-07 01:04:06,480] Trial 5 finished with value: 0.9 and parameters: {'hidden_layer_sizes': (200,), 'max_iter': 100, 'alpha': 0.0001}. Best is trial 2 with value: 0.9.
[I 2026-04-07 01:04:06,526] Trial 6 finished with value: 0.9 and parameters: {'hidden_layer_sizes': (200,), 'max_iter': 100, 'alpha': 0.001}. Best is trial 2 with value: 0.9.
[I 2026-04-07 01:04:06,572] Trial 7 finished with value: 0.9 and parameters: {'hidden_layer_sizes': (100,), 'max_iter': 100, 'alpha': 0.001}. Best is trial 2 with value: 0.9.
[I 2026-04-07 01:04:06,638] Trial 8 finished with value: 0.9 and parameters: {'hidden_layer_sizes': (100, 100), 'max_iter': 100, 'alpha': 0.0001}. Best is trial 2 with value: 0.9.
[I 2026-04-07 01:04:06,683] Trial 9 finished with value: 0.9 and parameters: {'hidden_layer_sizes': (200,), 'max_iter': 100, 'alpha': 0.0001}. Best is trial 2 with value: 0.9.
[I 2026-04-07 01:04:06,729] Trial 10 finished with value: 0.9 and parameters: {'hidden_layer_sizes': (200,), 'max_iter': 50, 'alpha': 0.0001}. Best is trial 2 with value: 0.9.
[I 2026-04-07 01:04:06,777] Trial 11 finished with value: 0.9 and parameters: {'hidden_layer_sizes': (200,), 'max_iter': 100, 'alpha': 0.0001}. Best is trial 2 with value: 0.9.
[I 2026-04-07 01:04:06,825] Trial 12 finished with value: 0.95 and parameters: {'hidden_layer_sizes': (200,), 'max_iter': 100, 'alpha': 0.0001}. Best is trial 12 with value: 0.95.
[I 2026-04-07 01:04:06,893] Trial 13 finished with value: 0.95 and parameters: {'hidden_layer_sizes': (200,), 'max_iter': 100, 'alpha': 0.0001}. Best is trial 12 with value: 0.95.
[I 2026-04-07 01:04:06,930] Trial 14 finished with value: 0.9 and parameters: {'hidden_layer_sizes': (200,), 'max_iter': 50, 'alpha': 0.0001}. Best is trial 12 with value: 0.95.
[I 2026-04-07 01:04:06,989] Trial 15 finished with value: 0.9 and parameters: {'hidden_layer_sizes': (100,), 'max_iter': 100, 'alpha': 0.0001}. Best is trial 12 with value: 0.95.
[I 2026-04-07 01:04:07,057] Trial 16 finished with value: 0.9 and parameters: {'hidden_layer_sizes': (200,), 'max_iter': 100, 'alpha': 0.0001}. Best is trial 12 with value: 0.95.
[I 2026-04-07 01:04:07,105] Trial 17 finished with value: 0.9 and parameters: {'hidden_layer_sizes': (200,), 'max_iter': 100, 'alpha': 0.0001}. Best is trial 12 with value: 0.95.
[I 2026-04-07 01:04:07,143] Trial 18 finished with value: 0.85 and parameters: {'hidden_layer_sizes': (100,), 'max_iter': 50, 'alpha': 0.001}. Best is trial 12 with value: 0.95.
[I 2026-04-07 01:04:07,199] Trial 19 finished with value: 0.85 and parameters: {'hidden_layer_sizes': (100, 100), 'max_iter': 100, 'alpha': 0.0001}. Best is trial 12 with value: 0.95.
[I 2026-04-07 01:04:07,248] Trial 20 finished with value: 0.9 and parameters: {'hidden_layer_sizes': (200,), 'max_iter': 100, 'alpha': 0.0001}. Best is trial 12 with value: 0.95.
[I 2026-04-07 01:04:07,307] Trial 21 finished with value: 0.95 and parameters: {'hidden_layer_sizes': (200,), 'max_iter': 100, 'alpha': 0.0001}. Best is trial 12 with value: 0.95.
[I 2026-04-07 01:04:07,354] Trial 22 finished with value: 0.95 and parameters: {'hidden_layer_sizes': (200,), 'max_iter': 100, 'alpha': 0.0001}. Best is trial 12 with value: 0.95.
[I 2026-04-07 01:04:07,399] Trial 23 finished with value: 0.95 and parameters: {'hidden_layer_sizes': (200,), 'max_iter': 100, 'alpha': 0.0001}. Best is trial 12 with value: 0.95.
[I 2026-04-07 01:04:07,443] Trial 24 finished with value: 0.9 and parameters: {'hidden_layer_sizes': (200,), 'max_iter': 100, 'alpha': 0.0001}. Best is trial 12 with value: 0.95.
[I 2026-04-07 01:04:07,502] Trial 25 finished with value: 0.9 and parameters: {'hidden_layer_sizes': (200,), 'max_iter': 100, 'alpha': 0.0001}. Best is trial 12 with value: 0.95.
[I 2026-04-07 01:04:07,540] Trial 26 finished with value: 0.9 and parameters: {'hidden_layer_sizes': (200,), 'max_iter': 50, 'alpha': 0.001}. Best is trial 12 with value: 0.95.
[I 2026-04-07 01:04:07,588] Trial 27 finished with value: 0.9 and parameters: {'hidden_layer_sizes': (200,), 'max_iter': 100, 'alpha': 0.0001}. Best is trial 12 with value: 0.95.
[I 2026-04-07 01:04:07,657] Trial 28 finished with value: 0.85 and parameters: {'hidden_layer_sizes': (100, 100), 'max_iter': 100, 'alpha': 0.0001}. Best is trial 12 with value: 0.95.
[I 2026-04-07 01:04:07,715] Trial 29 finished with value: 0.9 and parameters: {'hidden_layer_sizes': (100,), 'max_iter': 100, 'alpha': 0.0001}. Best is trial 12 with value: 0.95.
[I 2026-04-07 01:04:12,653] A new study created in memory with name: naive_bayes
[I 2026-04-07 01:04:12,667] Trial 0 finished with value: 0.85 and parameters: {'var_smoothing': 6.10548688762798e-09}. Best is trial 0 with value: 0.85.
[I 2026-04-07 01:04:12,679] Trial 1 finished with value: 0.85 and parameters: {'var_smoothing': 4.6127467400935034e-10}. Best is trial 0 with value: 0.85.
[I 2026-04-07 01:04:12,694] Trial 2 finished with value: 0.85 and parameters: {'var_smoothing': 4.389936579400967e-09}. Best is trial 0 with value: 0.85.
[I 2026-04-07 01:04:12,707] Trial 3 finished with value: 0.85 and parameters: {'var_smoothing': 1.2116948204672054e-10}. Best is trial 0 with value: 0.85.
[I 2026-04-07 01:04:12,721] Trial 4 finished with value: 0.85 and parameters: {'var_smoothing': 1.6417739478477417e-10}. Best is trial 0 with value: 0.85.
[I 2026-04-07 01:04:12,734] Trial 5 finished with value: 0.85 and parameters: {'var_smoothing': 1.5491880147236797e-09}. Best is trial 0 with value: 0.85.
[I 2026-04-07 01:04:12,746] Trial 6 finished with value: 0.85 and parameters: {'var_smoothing': 1.1471883405287265e-09}. Best is trial 0 with value: 0.85.
[I 2026-04-07 01:04:12,769] Trial 7 finished with value: 0.85 and parameters: {'var_smoothing': 6.88041853492358e-10}. Best is trial 0 with value: 0.85.
[I 2026-04-07 01:04:12,783] Trial 8 finished with value: 0.85 and parameters: {'var_smoothing': 4.686144741221158e-10}. Best is trial 0 with value: 0.85.
[I 2026-04-07 01:04:12,796] Trial 9 finished with value: 0.85 and parameters: {'var_smoothing': 1.7580809350683337e-09}. Best is trial 0 with value: 0.85.
[I 2026-04-07 01:04:12,817] Trial 10 finished with value: 0.8 and parameters: {'var_smoothing': 9.83902635509218e-09}. Best is trial 0 with value: 0.85.
[I 2026-04-07 01:04:12,837] Trial 11 finished with value: 0.85 and parameters: {'var_smoothing': 2.660399871603373e-10}. Best is trial 0 with value: 0.85.
[I 2026-04-07 01:04:12,856] Trial 12 finished with value: 0.8 and parameters: {'var_smoothing': 9.276268851540963e-09}. Best is trial 0 with value: 0.85.
[I 2026-04-07 01:04:12,877] Trial 13 finished with value: 0.85 and parameters: {'var_smoothing': 2.9844010685221692e-09}. Best is trial 0 with value: 0.85.
[I 2026-04-07 01:04:12,895] Trial 14 finished with value: 0.85 and parameters: {'var_smoothing': 3.8923309717334116e-10}. Best is trial 0 with value: 0.85.
[I 2026-04-07 01:04:12,915] Trial 15 finished with value: 0.85 and parameters: {'var_smoothing': 3.85461066627204e-09}. Best is trial 0 with value: 0.85.
[I 2026-04-07 01:04:12,936] Trial 16 finished with value: 0.85 and parameters: {'var_smoothing': 7.120907275009211e-10}. Best is trial 0 with value: 0.85.
[I 2026-04-07 01:04:12,955] Trial 17 finished with value: 0.85 and parameters: {'var_smoothing': 2.412486610614855e-10}. Best is trial 0 with value: 0.85.
[I 2026-04-07 01:04:12,972] Trial 18 finished with value: 0.85 and parameters: {'var_smoothing': 2.3580860166954074e-09}. Best is trial 0 with value: 0.85.
[I 2026-04-07 01:04:12,992] Trial 19 finished with value: 0.85 and parameters: {'var_smoothing': 5.846846875339535e-09}. Best is trial 0 with value: 0.85.
[I 2026-04-07 01:04:13,013] Trial 20 finished with value: 0.85 and parameters: {'var_smoothing': 1.0486521320383776e-09}. Best is trial 0 with value: 0.85.
[I 2026-04-07 01:04:13,033] Trial 21 finished with value: 0.85 and parameters: {'var_smoothing': 4.9491450263339475e-09}. Best is trial 0 with value: 0.85.
[I 2026-04-07 01:04:13,053] Trial 22 finished with value: 0.85 and parameters: {'var_smoothing': 6.667992141406306e-09}. Best is trial 0 with value: 0.85.
[I 2026-04-07 01:04:13,074] Trial 23 finished with value: 0.85 and parameters: {'var_smoothing': 3.2795712712135213e-09}. Best is trial 0 with value: 0.85.
[I 2026-04-07 01:04:13,092] Trial 24 finished with value: 0.85 and parameters: {'var_smoothing': 6.403538416287158e-10}. Best is trial 0 with value: 0.85.
[I 2026-04-07 01:04:13,109] Trial 25 finished with value: 0.85 and parameters: {'var_smoothing': 2.1589819023851477e-09}. Best is trial 0 with value: 0.85.
[I 2026-04-07 01:04:13,129] Trial 26 finished with value: 0.85 and parameters: {'var_smoothing': 3.912617821024548e-09}. Best is trial 0 with value: 0.85.
[I 2026-04-07 01:04:13,149] Trial 27 finished with value: 0.85 and parameters: {'var_smoothing': 7.162139101012446e-09}. Best is trial 0 with value: 0.85.
[I 2026-04-07 01:04:13,169] Trial 28 finished with value: 0.85 and parameters: {'var_smoothing': 1.3883316815746274e-09}. Best is trial 0 with value: 0.85.
[I 2026-04-07 01:04:13,200] Trial 29 finished with value: 0.85 and parameters: {'var_smoothing': 4.1751754503046387e-10}. Best is trial 0 with value: 0.85.
[I 2026-04-07 01:04:14,108] A new study created in memory with name: logreg
[I 2026-04-07 01:04:14,142] Trial 0 finished with value: 0.75 and parameters: {'C': 29.127335430981816, 'penalty': 'l2'}. Best is trial 0 with value: 0.75.
[I 2026-04-07 01:04:14,166] Trial 1 finished with value: 0.5 and parameters: {'C': 0.045698192893558344, 'penalty': 'l2'}. Best is trial 0 with value: 0.75.
[I 2026-04-07 01:04:14,201] Trial 2 finished with value: 0.65 and parameters: {'C': 12.768668597712947, 'penalty': 'l2'}. Best is trial 0 with value: 0.75.
[I 2026-04-07 01:04:14,227] Trial 3 finished with value: 0.4 and parameters: {'C': 0.0016161554408462638, 'penalty': 'l2'}. Best is trial 0 with value: 0.75.
[I 2026-04-07 01:04:14,252] Trial 4 finished with value: 0.4 and parameters: {'C': 0.0034536903703241734, 'penalty': 'l2'}. Best is trial 0 with value: 0.75.
[I 2026-04-07 01:04:14,277] Trial 5 finished with value: 0.7 and parameters: {'C': 0.9446269266990148, 'penalty': 'l2'}. Best is trial 0 with value: 0.75.
[I 2026-04-07 01:04:14,301] Trial 6 finished with value: 0.6 and parameters: {'C': 0.4457453393648168, 'penalty': 'l2'}. Best is trial 0 with value: 0.75.
[I 2026-04-07 01:04:14,326] Trial 7 finished with value: 0.5 and parameters: {'C': 0.12417585037258261, 'penalty': 'l2'}. Best is trial 0 with value: 0.75.
[I 2026-04-07 01:04:14,351] Trial 8 finished with value: 0.5 and parameters: {'C': 0.04753781830244093, 'penalty': 'l2'}. Best is trial 0 with value: 0.75.
[I 2026-04-07 01:04:14,387] Trial 9 finished with value: 0.7 and parameters: {'C': 1.2959766028194148, 'penalty': 'l2'}. Best is trial 0 with value: 0.75.
[I 2026-04-07 01:04:14,429] Trial 10 finished with value: 0.7 and parameters: {'C': 96.02411422716075, 'penalty': 'l2'}. Best is trial 0 with value: 0.75.
[I 2026-04-07 01:04:14,459] Trial 11 finished with value: 0.7 and parameters: {'C': 3.2883107534732585, 'penalty': 'l2'}. Best is trial 0 with value: 0.75.
[I 2026-04-07 01:04:14,497] Trial 12 finished with value: 0.7 and parameters: {'C': 85.5080171220481, 'penalty': 'l2'}. Best is trial 0 with value: 0.75.
[I 2026-04-07 01:04:14,528] Trial 13 finished with value: 0.75 and parameters: {'C': 15.876762626429434, 'penalty': 'l2'}. Best is trial 0 with value: 0.75.
[I 2026-04-07 01:04:14,555] Trial 14 finished with value: 0.75 and parameters: {'C': 16.680466148605415, 'penalty': 'l2'}. Best is trial 0 with value: 0.75.
[I 2026-04-07 01:04:14,581] Trial 15 finished with value: 0.65 and parameters: {'C': 9.224679733476327, 'penalty': 'l2'}. Best is trial 0 with value: 0.75.
[I 2026-04-07 01:04:14,616] Trial 16 finished with value: 0.75 and parameters: {'C': 39.26576171741553, 'penalty': 'l2'}. Best is trial 0 with value: 0.75.
[I 2026-04-07 01:04:14,641] Trial 17 finished with value: 0.65 and parameters: {'C': 4.4373732573995435, 'penalty': 'l2'}. Best is trial 0 with value: 0.75.
[I 2026-04-07 01:04:14,666] Trial 18 finished with value: 0.75 and parameters: {'C': 27.82667547558054, 'penalty': 'l2'}. Best is trial 0 with value: 0.75.
[I 2026-04-07 01:04:14,691] Trial 19 finished with value: 0.7 and parameters: {'C': 3.4848224841762354, 'penalty': 'l2'}. Best is trial 0 with value: 0.75.
[I 2026-04-07 01:04:14,706] Trial 20 finished with value: 0.45 and parameters: {'C': 0.01331022211241145, 'penalty': 'l2'}. Best is trial 0 with value: 0.75.
[I 2026-04-07 01:04:14,731] Trial 21 finished with value: 0.75 and parameters: {'C': 18.9113624323461, 'penalty': 'l2'}. Best is trial 0 with value: 0.75.
[I 2026-04-07 01:04:14,758] Trial 22 finished with value: 0.65 and parameters: {'C': 7.168088818476638, 'penalty': 'l2'}. Best is trial 0 with value: 0.75.
[I 2026-04-07 01:04:14,797] Trial 23 finished with value: 0.75 and parameters: {'C': 32.4940386532973, 'penalty': 'l2'}. Best is trial 0 with value: 0.75.
[I 2026-04-07 01:04:14,828] Trial 24 finished with value: 0.7 and parameters: {'C': 1.1598737783595736, 'penalty': 'l2'}. Best is trial 0 with value: 0.75.
[I 2026-04-07 01:04:14,858] Trial 25 finished with value: 0.75 and parameters: {'C': 52.061116702978254, 'penalty': 'l2'}. Best is trial 0 with value: 0.75.
[I 2026-04-07 01:04:14,889] Trial 26 finished with value: 0.7 and parameters: {'C': 2.243236532320601, 'penalty': 'l2'}. Best is trial 0 with value: 0.75.
[I 2026-04-07 01:04:14,909] Trial 27 finished with value: 0.6 and parameters: {'C': 0.3579259276997438, 'penalty': 'l2'}. Best is trial 0 with value: 0.75.
[I 2026-04-07 01:04:14,940] Trial 28 finished with value: 0.65 and parameters: {'C': 12.03995835411735, 'penalty': 'l2'}. Best is trial 0 with value: 0.75.
[I 2026-04-07 01:04:14,969] Trial 29 finished with value: 0.6 and parameters: {'C': 0.15143178881519073, 'penalty': 'l2'}. Best is trial 0 with value: 0.75.
[I 2026-04-07 01:04:15,365] A new study created in memory with name: knn
[I 2026-04-07 01:04:15,380] Trial 0 finished with value: 0.6 and parameters: {'n_neighbors': 10, 'leaf_size': 26, 'p': 1}. Best is trial 0 with value: 0.6.
[I 2026-04-07 01:04:15,392] Trial 1 finished with value: 0.7 and parameters: {'n_neighbors': 3, 'leaf_size': 32, 'p': 1}. Best is trial 1 with value: 0.7.
[I 2026-04-07 01:04:15,406] Trial 2 finished with value: 0.65 and parameters: {'n_neighbors': 5, 'leaf_size': 33, 'p': 2}. Best is trial 1 with value: 0.7.
[I 2026-04-07 01:04:15,419] Trial 3 finished with value: 0.6 and parameters: {'n_neighbors': 7, 'leaf_size': 32, 'p': 2}. Best is trial 1 with value: 0.7.
[I 2026-04-07 01:04:15,452] Trial 4 finished with value: 0.5 and parameters: {'n_neighbors': 9, 'leaf_size': 28, 'p': 1}. Best is trial 1 with value: 0.7.
[I 2026-04-07 01:04:15,467] Trial 5 finished with value: 0.7 and parameters: {'n_neighbors': 3, 'leaf_size': 35, 'p': 1}. Best is trial 1 with value: 0.7.
[I 2026-04-07 01:04:15,491] Trial 6 finished with value: 0.65 and parameters: {'n_neighbors': 8, 'leaf_size': 31, 'p': 2}. Best is trial 1 with value: 0.7.
[I 2026-04-07 01:04:15,506] Trial 7 finished with value: 0.6 and parameters: {'n_neighbors': 6, 'leaf_size': 24, 'p': 2}. Best is trial 1 with value: 0.7.
[I 2026-04-07 01:04:15,521] Trial 8 finished with value: 0.65 and parameters: {'n_neighbors': 5, 'leaf_size': 34, 'p': 2}. Best is trial 1 with value: 0.7.
[I 2026-04-07 01:04:15,537] Trial 9 finished with value: 0.6 and parameters: {'n_neighbors': 10, 'leaf_size': 27, 'p': 2}. Best is trial 1 with value: 0.7.
[I 2026-04-07 01:04:15,561] Trial 10 finished with value: 0.7 and parameters: {'n_neighbors': 3, 'leaf_size': 40, 'p': 1}. Best is trial 1 with value: 0.7.
[I 2026-04-07 01:04:15,597] Trial 11 finished with value: 0.7 and parameters: {'n_neighbors': 3, 'leaf_size': 38, 'p': 1}. Best is trial 1 with value: 0.7.
[I 2026-04-07 01:04:15,624] Trial 12 finished with value: 0.7 and parameters: {'n_neighbors': 4, 'leaf_size': 36, 'p': 1}. Best is trial 1 with value: 0.7.
[I 2026-04-07 01:04:15,646] Trial 13 finished with value: 0.7 and parameters: {'n_neighbors': 3, 'leaf_size': 20, 'p': 1}. Best is trial 1 with value: 0.7.
[I 2026-04-07 01:04:15,670] Trial 14 finished with value: 0.7 and parameters: {'n_neighbors': 4, 'leaf_size': 36, 'p': 1}. Best is trial 1 with value: 0.7.
[I 2026-04-07 01:04:15,695] Trial 15 finished with value: 0.7 and parameters: {'n_neighbors': 5, 'leaf_size': 29, 'p': 1}. Best is trial 1 with value: 0.7.
[I 2026-04-07 01:04:15,717] Trial 16 finished with value: 0.7 and parameters: {'n_neighbors': 4, 'leaf_size': 35, 'p': 1}. Best is trial 1 with value: 0.7.
[I 2026-04-07 01:04:15,752] Trial 17 finished with value: 0.7 and parameters: {'n_neighbors': 6, 'leaf_size': 40, 'p': 1}. Best is trial 1 with value: 0.7.
[I 2026-04-07 01:04:15,778] Trial 18 finished with value: 0.65 and parameters: {'n_neighbors': 7, 'leaf_size': 30, 'p': 1}. Best is trial 1 with value: 0.7.
[I 2026-04-07 01:04:15,814] Trial 19 finished with value: 0.7 and parameters: {'n_neighbors': 3, 'leaf_size': 38, 'p': 1}. Best is trial 1 with value: 0.7.
[I 2026-04-07 01:04:15,838] Trial 20 finished with value: 0.7 and parameters: {'n_neighbors': 4, 'leaf_size': 23, 'p': 1}. Best is trial 1 with value: 0.7.
[I 2026-04-07 01:04:15,861] Trial 21 finished with value: 0.7 and parameters: {'n_neighbors': 3, 'leaf_size': 40, 'p': 1}. Best is trial 1 with value: 0.7.
[I 2026-04-07 01:04:15,896] Trial 22 finished with value: 0.7 and parameters: {'n_neighbors': 3, 'leaf_size': 38, 'p': 1}. Best is trial 1 with value: 0.7.
[I 2026-04-07 01:04:15,926] Trial 23 finished with value: 0.7 and parameters: {'n_neighbors': 4, 'leaf_size': 33, 'p': 1}. Best is trial 1 with value: 0.7.
[I 2026-04-07 01:04:15,964] Trial 24 finished with value: 0.7 and parameters: {'n_neighbors': 5, 'leaf_size': 37, 'p': 1}. Best is trial 1 with value: 0.7.
[I 2026-04-07 01:04:16,000] Trial 25 finished with value: 0.7 and parameters: {'n_neighbors': 3, 'leaf_size': 40, 'p': 1}. Best is trial 1 with value: 0.7.
[I 2026-04-07 01:04:16,039] Trial 26 finished with value: 0.7 and parameters: {'n_neighbors': 4, 'leaf_size': 34, 'p': 1}. Best is trial 1 with value: 0.7.
[I 2026-04-07 01:04:16,066] Trial 27 finished with value: 0.7 and parameters: {'n_neighbors': 3, 'leaf_size': 31, 'p': 1}. Best is trial 1 with value: 0.7.
[I 2026-04-07 01:04:16,092] Trial 28 finished with value: 0.7 and parameters: {'n_neighbors': 6, 'leaf_size': 35, 'p': 1}. Best is trial 1 with value: 0.7.
[I 2026-04-07 01:04:16,128] Trial 29 finished with value: 0.7 and parameters: {'n_neighbors': 5, 'leaf_size': 25, 'p': 1}. Best is trial 1 with value: 0.7.
[I 2026-04-07 01:04:16,821] A new study created in memory with name: xgb
[I 2026-04-07 01:04:16,847] Trial 0 finished with value: 0.8 and parameters: {'n_estimators': 10, 'max_depth': 30, 'gamma': 0.5768356259735394, 'subsample': 0.7094037142783272, 'colsample_bytree': 0.6677039246366646}. Best is trial 0 with value: 0.8.
[I 2026-04-07 01:04:16,883] Trial 1 finished with value: 0.9 and parameters: {'n_estimators': 100, 'max_depth': 30, 'gamma': 0.9912018442360747, 'subsample': 0.9099290984609207, 'colsample_bytree': 0.7066004674080903}. Best is trial 1 with value: 0.9.
[I 2026-04-07 01:04:16,909] Trial 2 finished with value: 0.85 and parameters: {'n_estimators': 10, 'max_depth': 20, 'gamma': 0.7382185757030506, 'subsample': 0.7704684271512641, 'colsample_bytree': 0.5624120871903049}. Best is trial 1 with value: 0.9.
[I 2026-04-07 01:04:16,936] Trial 3 finished with value: 0.9 and parameters: {'n_estimators': 10, 'max_depth': 20, 'gamma': 0.7041784887453524, 'subsample': 0.7995029565695583, 'colsample_bytree': 0.8586660727777565}. Best is trial 1 with value: 0.9.
[I 2026-04-07 01:04:16,963] Trial 4 finished with value: 0.9 and parameters: {'n_estimators': 10, 'max_depth': 20, 'gamma': 0.46549701645255037, 'subsample': 0.9946899241400011, 'colsample_bytree': 0.725249640372583}. Best is trial 1 with value: 0.9.
[I 2026-04-07 01:04:16,991] Trial 5 finished with value: 0.85 and parameters: {'n_estimators': 40, 'max_depth': 20, 'gamma': 0.3554734452019276, 'subsample': 0.5947710951851903, 'colsample_bytree': 0.7356254823676576}. Best is trial 1 with value: 0.9.
[I 2026-04-07 01:04:17,028] Trial 6 finished with value: 0.9 and parameters: {'n_estimators': 40, 'max_depth': 20, 'gamma': 0.8967376717636345, 'subsample': 0.988276510203839, 'colsample_bytree': 0.9184542964535913}. Best is trial 1 with value: 0.9.
[I 2026-04-07 01:04:17,056] Trial 7 finished with value: 0.85 and parameters: {'n_estimators': 40, 'max_depth': 30, 'gamma': 0.7149068474388774, 'subsample': 0.5696358027454862, 'colsample_bytree': 0.8514125286992056}. Best is trial 1 with value: 0.9.
[I 2026-04-07 01:04:17,093] Trial 8 finished with value: 0.9 and parameters: {'n_estimators': 100, 'max_depth': 30, 'gamma': 0.2471398756881566, 'subsample': 0.8241126205332553, 'colsample_bytree': 0.6258070715852391}. Best is trial 1 with value: 0.9.
