[I 2026-04-07 01:03:13,955] Trial 5 finished with value: 0.7 and parameters: {'hidden_layer_sizes': (100,), 'max_iter': 100, 'alpha': 0.001}. Best is trial 3 with value: 0.75.
[I 2026-04-07 01:03:14,009] Trial 6 finished with value: 0.7 and parameters: {'hidden_layer_sizes': (200,), 'max_iter': 100, 'alpha': 0.001}. Best is trial 3 with value: 0.75.
[I 2026-04-07 01:03:14,053] Trial 7 finished with value: 0.7 and parameters: {'hidden_layer_sizes': (200,), 'max_iter': 100, 'alpha': 0.001}. Best is trial 3 with value: 0.75.
[I 2026-04-07 01:03:14,097] Trial 8 finished with value: 0.7 and parameters: {'hidden_layer_sizes': (100,), 'max_iter': 100, 'alpha': 0.001}. Best is trial 3 with value: 0.75.
[I 2026-04-07 01:03:14,133] Trial 9 finished with value: 0.65 and parameters: {'hidden_layer_sizes': (100,), 'max_iter': 50, 'alpha': 0.001}. Best is trial 3 with value: 0.75.
[I 2026-04-07 01:03:14,182] Trial 10 finished with value: 0.65 and parameters: {'hidden_layer_sizes': (100, 100), 'max_iter': 50, 'alpha': 0.0001}. Best is trial 3 with value: 0.75.
[I 2026-04-07 01:03:14,231] Trial 11 finished with value: 0.75 and parameters: {'hidden_layer_sizes': (100, 100), 'max_iter': 50, 'alpha': 0.001}. Best is trial 3 with value: 0.75.
[I 2026-04-07 01:03:14,278] Trial 12 finished with value: 0.6 and parameters: {'hidden_layer_sizes': (100, 100), 'max_iter': 50, 'alpha': 0.001}. Best is trial 3 with value: 0.75.
[I 2026-04-07 01:03:14,334] Trial 13 finished with value: 0.75 and parameters: {'hidden_layer_sizes': (100, 100), 'max_iter': 50, 'alpha': 0.001}. Best is trial 3 with value: 0.75.
[I 2026-04-07 01:03:14,378] Trial 14 finished with value: 0.75 and parameters: {'hidden_layer_sizes': (100, 100), 'max_iter': 50, 'alpha': 0.0001}. Best is trial 3 with value: 0.75.
[I 2026-04-07 01:03:14,419] Trial 15 finished with value: 0.75 and parameters: {'hidden_layer_sizes': (200,), 'max_iter': 50, 'alpha': 0.001}. Best is trial 3 with value: 0.75.
[I 2026-04-07 01:03:14,481] Trial 16 finished with value: 0.7 and parameters: {'hidden_layer_sizes': (100, 100), 'max_iter': 50, 'alpha': 0.001}. Best is trial 3 with value: 0.75.
[I 2026-04-07 01:03:14,530] Trial 17 finished with value: 0.7 and parameters: {'hidden_layer_sizes': (200,), 'max_iter': 50, 'alpha': 0.001}. Best is trial 3 with value: 0.75.
[I 2026-04-07 01:03:14,587] Trial 18 finished with value: 0.65 and parameters: {'hidden_layer_sizes': (100, 100), 'max_iter': 50, 'alpha': 0.0001}. Best is trial 3 with value: 0.75.
[I 2026-04-07 01:03:14,622] Trial 19 finished with value: 0.6 and parameters: {'hidden_layer_sizes': (200,), 'max_iter': 50, 'alpha': 0.001}. Best is trial 3 with value: 0.75.
[I 2026-04-07 01:03:14,663] Trial 20 finished with value: 0.75 and parameters: {'hidden_layer_sizes': (100, 100), 'max_iter': 50, 'alpha': 0.001}. Best is trial 3 with value: 0.75.
[I 2026-04-07 01:03:14,724] Trial 21 finished with value: 0.65 and parameters: {'hidden_layer_sizes': (100, 100), 'max_iter': 50, 'alpha': 0.001}. Best is trial 3 with value: 0.75.
[I 2026-04-07 01:03:14,779] Trial 22 finished with value: 0.75 and parameters: {'hidden_layer_sizes': (100, 100), 'max_iter': 50, 'alpha': 0.001}. Best is trial 3 with value: 0.75.
[I 2026-04-07 01:03:14,813] Trial 23 finished with value: 0.75 and parameters: {'hidden_layer_sizes': (100, 100), 'max_iter': 50, 'alpha': 0.001}. Best is trial 3 with value: 0.75.
[I 2026-04-07 01:03:14,858] Trial 24 finished with value: 0.75 and parameters: {'hidden_layer_sizes': (100, 100), 'max_iter': 50, 'alpha': 0.001}. Best is trial 3 with value: 0.75.
[I 2026-04-07 01:03:14,893] Trial 25 finished with value: 0.65 and parameters: {'hidden_layer_sizes': (200,), 'max_iter': 50, 'alpha': 0.001}. Best is trial 3 with value: 0.75.
[I 2026-04-07 01:03:14,937] Trial 26 finished with value: 0.75 and parameters: {'hidden_layer_sizes': (100, 100), 'max_iter': 50, 'alpha': 0.0001}. Best is trial 3 with value: 0.75.
[I 2026-04-07 01:03:14,975] Trial 27 finished with value: 0.65 and parameters: {'hidden_layer_sizes': (200,), 'max_iter': 50, 'alpha': 0.001}. Best is trial 3 with value: 0.75.
[I 2026-04-07 01:03:15,022] Trial 28 finished with value: 0.7 and parameters: {'hidden_layer_sizes': (100, 100), 'max_iter': 50, 'alpha': 0.001}. Best is trial 3 with value: 0.75.
[I 2026-04-07 01:03:15,061] Trial 29 finished with value: 0.7 and parameters: {'hidden_layer_sizes': (200,), 'max_iter': 50, 'alpha': 0.001}. Best is trial 3 with value: 0.75.
[I 2026-04-07 01:03:23,021] A new study created in memory with name: naive_bayes
[I 2026-04-07 01:03:23,035] Trial 0 finished with value: 1.0 and parameters: {'var_smoothing': 2.7796258518939306e-10}. Best is trial 0 with value: 1.0.
[I 2026-04-07 01:03:23,047] Trial 1 finished with value: 1.0 and parameters: {'var_smoothing': 5.513972710118387e-09}. Best is trial 0 with value: 1.0.
[I 2026-04-07 01:03:23,059] Trial 2 finished with value: 1.0 and parameters: {'var_smoothing': 2.590826381512706e-10}. Best is trial 0 with value: 1.0.
[I 2026-04-07 01:03:23,071] Trial 3 finished with value: 1.0 and parameters: {'var_smoothing': 6.874194498027403e-09}. Best is trial 0 with value: 1.0.
[I 2026-04-07 01:03:23,083] Trial 4 finished with value: 1.0 and parameters: {'var_smoothing': 9.480306482679771e-10}. Best is trial 0 with value: 1.0.
[I 2026-04-07 01:03:23,095] Trial 5 finished with value: 1.0 and parameters: {'var_smoothing': 1.6729683536668864e-09}. Best is trial 0 with value: 1.0.
[I 2026-04-07 01:03:23,107] Trial 6 finished with value: 1.0 and parameters: {'var_smoothing': 3.402637726935598e-09}. Best is trial 0 with value: 1.0.
[I 2026-04-07 01:03:23,119] Trial 7 finished with value: 1.0 and parameters: {'var_smoothing': 1.0885189040847657e-09}. Best is trial 0 with value: 1.0.
[I 2026-04-07 01:03:23,131] Trial 8 finished with value: 1.0 and parameters: {'var_smoothing': 3.922843686541149e-10}. Best is trial 0 with value: 1.0.
[I 2026-04-07 01:03:23,145] Trial 9 finished with value: 1.0 and parameters: {'var_smoothing': 2.3737908819373785e-10}. Best is trial 0 with value: 1.0.
[I 2026-04-07 01:03:23,162] Trial 10 finished with value: 1.0 and parameters: {'var_smoothing': 1.005826617097841e-10}. Best is trial 0 with value: 1.0.
[I 2026-04-07 01:03:23,179] Trial 11 finished with value: 1.0 and parameters: {'var_smoothing': 8.246040091550826e-09}. Best is trial 0 with value: 1.0.
[I 2026-04-07 01:03:23,196] Trial 12 finished with value: 1.0 and parameters: {'var_smoothing': 5.714429769091136e-10}. Best is trial 0 with value: 1.0.
[I 2026-04-07 01:03:23,216] Trial 13 finished with value: 1.0 and parameters: {'var_smoothing': 3.0046394488828834e-09}. Best is trial 0 with value: 1.0.
[I 2026-04-07 01:03:23,235] Trial 14 finished with value: 1.0 and parameters: {'var_smoothing': 1.0161521526134228e-10}. Best is trial 0 with value: 1.0.
[I 2026-04-07 01:03:23,255] Trial 15 finished with value: 1.0 and parameters: {'var_smoothing': 3.455011319435438e-09}. Best is trial 0 with value: 1.0.
[I 2026-04-07 01:03:23,273] Trial 16 finished with value: 1.0 and parameters: {'var_smoothing': 2.2038800241203009e-10}. Best is trial 0 with value: 1.0.
[I 2026-04-07 01:03:23,290] Trial 17 finished with value: 1.0 and parameters: {'var_smoothing': 1.8515987176145925e-09}. Best is trial 0 with value: 1.0.
[I 2026-04-07 01:03:23,307] Trial 18 finished with value: 1.0 and parameters: {'var_smoothing': 5.024285700153026e-10}. Best is trial 0 with value: 1.0.
[I 2026-04-07 01:03:23,327] Trial 19 finished with value: 1.0 and parameters: {'var_smoothing': 4.958025424412893e-09}. Best is trial 0 with value: 1.0.
[I 2026-04-07 01:03:23,343] Trial 20 finished with value: 1.0 and parameters: {'var_smoothing': 8.344000526157384e-10}. Best is trial 0 with value: 1.0.
[I 2026-04-07 01:03:23,362] Trial 21 finished with value: 1.0 and parameters: {'var_smoothing': 2.46080689865309e-10}. Best is trial 0 with value: 1.0.
[I 2026-04-07 01:03:23,381] Trial 22 finished with value: 1.0 and parameters: {'var_smoothing': 1.4445108350594728e-10}. Best is trial 0 with value: 1.0.
[I 2026-04-07 01:03:23,410] Trial 23 finished with value: 1.0 and parameters: {'var_smoothing': 3.3715577896606737e-10}. Best is trial 0 with value: 1.0.
[I 2026-04-07 01:03:23,428] Trial 24 finished with value: 1.0 and parameters: {'var_smoothing': 1.572466431855027e-10}. Best is trial 0 with value: 1.0.
[I 2026-04-07 01:03:23,444] Trial 25 finished with value: 1.0 and parameters: {'var_smoothing': 7.281746293576245e-10}. Best is trial 0 with value: 1.0.
[I 2026-04-07 01:03:23,464] Trial 26 finished with value: 1.0 and parameters: {'var_smoothing': 3.386254640873244e-10}. Best is trial 0 with value: 1.0.
[I 2026-04-07 01:03:23,483] Trial 27 finished with value: 1.0 and parameters: {'var_smoothing': 1.3918180959975328e-09}. Best is trial 0 with value: 1.0.
[I 2026-04-07 01:03:23,503] Trial 28 finished with value: 1.0 and parameters: {'var_smoothing': 2.3715836084533434e-09}. Best is trial 0 with value: 1.0.
[I 2026-04-07 01:03:23,523] Trial 29 finished with value: 1.0 and parameters: {'var_smoothing': 9.477075781575649e-09}. Best is trial 0 with value: 1.0.
[I 2026-04-07 01:03:24,400] A new study created in memory with name: logreg
[I 2026-04-07 01:03:24,424] Trial 0 finished with value: 1.0 and parameters: {'C': 0.012881482725481003, 'penalty': 'l2'}. Best is trial 0 with value: 1.0.
[I 2026-04-07 01:03:24,449] Trial 1 finished with value: 1.0 and parameters: {'C': 22.576755560681583, 'penalty': 'l2'}. Best is trial 0 with value: 1.0.
[I 2026-04-07 01:03:24,473] Trial 2 finished with value: 1.0 and parameters: {'C': 0.010804278656839932, 'penalty': 'l2'}. Best is trial 0 with value: 1.0.
[I 2026-04-07 01:03:24,507] Trial 3 finished with value: 1.0 and parameters: {'C': 39.17910760336117, 'penalty': 'l2'}. Best is trial 0 with value: 1.0.
[I 2026-04-07 01:03:24,532] Trial 4 finished with value: 1.0 and parameters: {'C': 0.2767298094062571, 'penalty': 'l2'}. Best is trial 0 with value: 1.0.
[I 2026-04-07 01:03:24,556] Trial 5 finished with value: 1.0 and parameters: {'C': 1.1447728330837224, 'penalty': 'l2'}. Best is trial 0 with value: 1.0.
[I 2026-04-07 01:03:24,581] Trial 6 finished with value: 1.0 and parameters: {'C': 6.753661388238877, 'penalty': 'l2'}. Best is trial 0 with value: 1.0.
[I 2026-04-07 01:03:24,606] Trial 7 finished with value: 1.0 and parameters: {'C': 0.39092184460352974, 'penalty': 'l2'}. Best is trial 0 with value: 1.0.
[I 2026-04-07 01:03:24,630] Trial 8 finished with value: 1.0 and parameters: {'C': 0.03047912590082646, 'penalty': 'l2'}. Best is trial 0 with value: 1.0.
[I 2026-04-07 01:03:24,655] Trial 9 finished with value: 1.0 and parameters: {'C': 0.008681727362499118, 'penalty': 'l2'}. Best is trial 0 with value: 1.0.
[I 2026-04-07 01:03:24,673] Trial 10 finished with value: 1.0 and parameters: {'C': 0.0010146302597657177, 'penalty': 'l2'}. Best is trial 0 with value: 1.0.
[I 2026-04-07 01:03:24,700] Trial 11 finished with value: 1.0 and parameters: {'C': 61.74667908323206, 'penalty': 'l2'}. Best is trial 0 with value: 1.0.
[I 2026-04-07 01:03:24,731] Trial 12 finished with value: 1.0 and parameters: {'C': 0.07806066539229185, 'penalty': 'l2'}. Best is trial 0 with value: 1.0.
[I 2026-04-07 01:03:24,762] Trial 13 finished with value: 1.0 and parameters: {'C': 4.948583609511714, 'penalty': 'l2'}. Best is trial 0 with value: 1.0.
[I 2026-04-07 01:03:24,782] Trial 14 finished with value: 1.0 and parameters: {'C': 0.001040870868316403, 'penalty': 'l2'}. Best is trial 0 with value: 1.0.
[I 2026-04-07 01:03:24,811] Trial 15 finished with value: 1.0 and parameters: {'C': 7.01655100276303, 'penalty': 'l2'}. Best is trial 0 with value: 1.0.
[I 2026-04-07 01:03:24,842] Trial 16 finished with value: 1.0 and parameters: {'C': 0.007210574547652081, 'penalty': 'l2'}. Best is trial 0 with value: 1.0.
[I 2026-04-07 01:03:24,870] Trial 17 finished with value: 1.0 and parameters: {'C': 1.4752552821847151, 'penalty': 'l2'}. Best is trial 0 with value: 1.0.
[I 2026-04-07 01:03:24,901] Trial 18 finished with value: 1.0 and parameters: {'C': 0.05658298018503892, 'penalty': 'l2'}. Best is trial 0 with value: 1.0.
[I 2026-04-07 01:03:24,921] Trial 19 finished with value: 1.0 and parameters: {'C': 17.308995845007956, 'penalty': 'l2'}. Best is trial 0 with value: 1.0.
[I 2026-04-07 01:03:24,951] Trial 20 finished with value: 1.0 and parameters: {'C': 0.20111099144358968, 'penalty': 'l2'}. Best is trial 0 with value: 1.0.
[I 2026-04-07 01:03:24,981] Trial 21 finished with value: 1.0 and parameters: {'C': 0.009499348899473984, 'penalty': 'l2'}. Best is trial 0 with value: 1.0.
[I 2026-04-07 01:03:24,999] Trial 22 finished with value: 1.0 and parameters: {'C': 0.002507852613523972, 'penalty': 'l2'}. Best is trial 0 with value: 1.0.
[I 2026-04-07 01:03:25,017] Trial 23 finished with value: 1.0 and parameters: {'C': 0.020872598541866766, 'penalty': 'l2'}. Best is trial 0 with value: 1.0.
[I 2026-04-07 01:03:25,032] Trial 24 finished with value: 1.0 and parameters: {'C': 0.003100655081970181, 'penalty': 'l2'}. Best is trial 0 with value: 1.0.
[I 2026-04-07 01:03:25,051] Trial 25 finished with value: 1.0 and parameters: {'C': 0.14308327055214404, 'penalty': 'l2'}. Best is trial 0 with value: 1.0.
[I 2026-04-07 01:03:25,068] Trial 26 finished with value: 1.0 and parameters: {'C': 0.021100805440807256, 'penalty': 'l2'}. Best is trial 0 with value: 1.0.
[I 2026-04-07 01:03:25,098] Trial 27 finished with value: 1.0 and parameters: {'C': 0.7226969084565785, 'penalty': 'l2'}. Best is trial 0 with value: 1.0.
[I 2026-04-07 01:03:25,126] Trial 28 finished with value: 1.0 and parameters: {'C': 2.7390256543997475, 'penalty': 'l2'}. Best is trial 0 with value: 1.0.
[I 2026-04-07 01:03:25,147] Trial 29 finished with value: 1.0 and parameters: {'C': 87.43511457459678, 'penalty': 'l2'}. Best is trial 0 with value: 1.0.
[I 2026-04-07 01:03:26,004] A new study created in memory with name: knn
[I 2026-04-07 01:03:26,018] Trial 0 finished with value: 1.0 and parameters: {'n_neighbors': 4, 'leaf_size': 38, 'p': 2}. Best is trial 0 with value: 1.0.
[I 2026-04-07 01:03:26,030] Trial 1 finished with value: 1.0 and parameters: {'n_neighbors': 6, 'leaf_size': 32, 'p': 1}. Best is trial 0 with value: 1.0.
[I 2026-04-07 01:03:26,042] Trial 2 finished with value: 1.0 and parameters: {'n_neighbors': 5, 'leaf_size': 23, 'p': 2}. Best is trial 0 with value: 1.0.
[I 2026-04-07 01:03:26,055] Trial 3 finished with value: 1.0 and parameters: {'n_neighbors': 6, 'leaf_size': 23, 'p': 1}. Best is trial 0 with value: 1.0.
[I 2026-04-07 01:03:26,067] Trial 4 finished with value: 1.0 and parameters: {'n_neighbors': 6, 'leaf_size': 26, 'p': 1}. Best is trial 0 with value: 1.0.
[I 2026-04-07 01:03:26,079] Trial 5 finished with value: 1.0 and parameters: {'n_neighbors': 7, 'leaf_size': 25, 'p': 1}. Best is trial 0 with value: 1.0.
[I 2026-04-07 01:03:26,101] Trial 6 finished with value: 1.0 and parameters: {'n_neighbors': 5, 'leaf_size': 23, 'p': 2}. Best is trial 0 with value: 1.0.
[I 2026-04-07 01:03:26,134] Trial 7 finished with value: 1.0 and parameters: {'n_neighbors': 10, 'leaf_size': 23, 'p': 2}. Best is trial 0 with value: 1.0.
[I 2026-04-07 01:03:26,166] Trial 8 finished with value: 1.0 and parameters: {'n_neighbors': 8, 'leaf_size': 36, 'p': 2}. Best is trial 0 with value: 1.0.
[I 2026-04-07 01:03:26,179] Trial 9 finished with value: 1.0 and parameters: {'n_neighbors': 3, 'leaf_size': 30, 'p': 2}. Best is trial 0 with value: 1.0.
[I 2026-04-07 01:03:26,198] Trial 10 finished with value: 1.0 and parameters: {'n_neighbors': 3, 'leaf_size': 40, 'p': 2}. Best is trial 0 with value: 1.0.
[I 2026-04-07 01:03:26,217] Trial 11 finished with value: 1.0 and parameters: {'n_neighbors': 4, 'leaf_size': 35, 'p': 1}. Best is trial 0 with value: 1.0.
[I 2026-04-07 01:03:26,266] Trial 12 finished with value: 1.0 and parameters: {'n_neighbors': 8, 'leaf_size': 33, 'p': 1}. Best is trial 0 with value: 1.0.
[I 2026-04-07 01:03:26,285] Trial 13 finished with value: 1.0 and parameters: {'n_neighbors': 4, 'leaf_size': 40, 'p': 1}. Best is trial 0 with value: 1.0.
[I 2026-04-07 01:03:26,314] Trial 14 finished with value: 1.0 and parameters: {'n_neighbors': 5, 'leaf_size': 30, 'p': 2}. Best is trial 0 with value: 1.0.
[I 2026-04-07 01:03:26,333] Trial 15 finished with value: 1.0 and parameters: {'n_neighbors': 7, 'leaf_size': 37, 'p': 1}. Best is trial 0 with value: 1.0.
[I 2026-04-07 01:03:26,372] Trial 16 finished with value: 1.0 and parameters: {'n_neighbors': 10, 'leaf_size': 31, 'p': 2}. Best is trial 0 with value: 1.0.
[I 2026-04-07 01:03:26,391] Trial 17 finished with value: 1.0 and parameters: {'n_neighbors': 4, 'leaf_size': 38, 'p': 1}. Best is trial 0 with value: 1.0.
[I 2026-04-07 01:03:26,430] Trial 18 finished with value: 1.0 and parameters: {'n_neighbors': 8, 'leaf_size': 34, 'p': 2}. Best is trial 0 with value: 1.0.
[I 2026-04-07 01:03:26,469] Trial 19 finished with value: 1.0 and parameters: {'n_neighbors': 6, 'leaf_size': 28, 'p': 1}. Best is trial 0 with value: 1.0.
[I 2026-04-07 01:03:26,488] Trial 20 finished with value: 1.0 and parameters: {'n_neighbors': 9, 'leaf_size': 32, 'p': 1}. Best is trial 0 with value: 1.0.
[I 2026-04-07 01:03:26,509] Trial 21 finished with value: 1.0 and parameters: {'n_neighbors': 5, 'leaf_size': 20, 'p': 2}. Best is trial 0 with value: 1.0.
[I 2026-04-07 01:03:26,528] Trial 22 finished with value: 1.0 and parameters: {'n_neighbors': 5, 'leaf_size': 27, 'p': 2}. Best is trial 0 with value: 1.0.
[I 2026-04-07 01:03:26,548] Trial 23 finished with value: 1.0 and parameters: {'n_neighbors': 4, 'leaf_size': 28, 'p': 2}. Best is trial 0 with value: 1.0.
[I 2026-04-07 01:03:26,568] Trial 24 finished with value: 1.0 and parameters: {'n_neighbors': 3, 'leaf_size': 21, 'p': 2}. Best is trial 0 with value: 1.0.
[I 2026-04-07 01:03:26,592] Trial 25 finished with value: 1.0 and parameters: {'n_neighbors': 6, 'leaf_size': 38, 'p': 2}. Best is trial 0 with value: 1.0.
[I 2026-04-07 01:03:26,617] Trial 26 finished with value: 1.0 and parameters: {'n_neighbors': 5, 'leaf_size': 34, 'p': 2}. Best is trial 0 with value: 1.0.
[I 2026-04-07 01:03:26,640] Trial 27 finished with value: 1.0 and parameters: {'n_neighbors': 7, 'leaf_size': 32, 'p': 2}. Best is trial 0 with value: 1.0.
[I 2026-04-07 01:03:26,677] Trial 28 finished with value: 1.0 and parameters: {'n_neighbors': 4, 'leaf_size': 25, 'p': 1}. Best is trial 0 with value: 1.0.
[I 2026-04-07 01:03:26,702] Trial 29 finished with value: 1.0 and parameters: {'n_neighbors': 6, 'leaf_size': 29, 'p': 1}. Best is trial 0 with value: 1.0.
[I 2026-04-07 01:03:27,841] A new study created in memory with name: xgb
[I 2026-04-07 01:03:27,867] Trial 0 finished with value: 1.0 and parameters: {'n_estimators': 40, 'max_depth': 5, 'gamma': 0.789317070832284, 'subsample': 0.7592089939364717, 'colsample_bytree': 0.648400250788111}. Best is trial 0 with value: 1.0.
[I 2026-04-07 01:03:27,914] Trial 1 finished with value: 0.95 and parameters: {'n_estimators': 100, 'max_depth': 30, 'gamma': 0.34667781579300216, 'subsample': 0.7071175095405257, 'colsample_bytree': 0.6480399663668239}. Best is trial 0 with value: 1.0.
[I 2026-04-07 01:03:27,942] Trial 2 finished with value: 0.95 and parameters: {'n_estimators': 10, 'max_depth': 20, 'gamma': 0.3948075529198607, 'subsample': 0.5720821503267102, 'colsample_bytree': 0.5828064306006338}. Best is trial 0 with value: 1.0.
[I 2026-04-07 01:03:27,968] Trial 3 finished with value: 0.95 and parameters: {'n_estimators': 10, 'max_depth': 30, 'gamma': 0.8015631269999768, 'subsample': 0.5114665462195407, 'colsample_bytree': 0.788831429064878}. Best is trial 0 with value: 1.0.
[I 2026-04-07 01:03:28,006] Trial 4 finished with value: 0.95 and parameters: {'n_estimators': 100, 'max_depth': 5, 'gamma': 0.8834347783013348, 'subsample': 0.961374806972835, 'colsample_bytree': 0.5011071062662218}. Best is trial 0 with value: 1.0.
[I 2026-04-07 01:03:28,033] Trial 5 finished with value: 0.95 and parameters: {'n_estimators': 40, 'max_depth': 5, 'gamma': 0.5364379674896123, 'subsample': 0.5145557818363589, 'colsample_bytree': 0.5432628442011025}. Best is trial 0 with value: 1.0.
[I 2026-04-07 01:03:28,061] Trial 6 finished with value: 0.95 and parameters: {'n_estimators': 100, 'max_depth': 20, 'gamma': 0.6718205850237038, 'subsample': 0.9059511955902053, 'colsample_bytree': 0.9633413076219371}. Best is trial 0 with value: 1.0.
[I 2026-04-07 01:03:28,088] Trial 7 finished with value: 0.95 and parameters: {'n_estimators': 10, 'max_depth': 30, 'gamma': 0.8165284487704038, 'subsample': 0.5255714015506736, 'colsample_bytree': 0.594333867896554}. Best is trial 0 with value: 1.0.
[I 2026-04-07 01:03:28,126] Trial 8 finished with value: 0.95 and parameters: {'n_estimators': 100, 'max_depth': 20, 'gamma': 0.6251497693480509, 'subsample': 0.9696496759824258, 'colsample_bytree': 0.9717700410079397}. Best is trial 0 with value: 1.0.
[I 2026-04-07 01:03:28,153] Trial 9 finished with value: 0.95 and parameters: {'n_estimators': 40, 'max_depth': 30, 'gamma': 0.9649927737686168, 'subsample': 0.6857563076640036, 'colsample_bytree': 0.5061847058001788}. Best is trial 0 with value: 1.0.
[I 2026-04-07 01:03:28,190] Trial 10 finished with value: 0.95 and parameters: {'n_estimators': 40, 'max_depth': 5, 'gamma': 0.17962098877423716, 'subsample': 0.8225184540606401, 'colsample_bytree': 0.7743115296703093}. Best is trial 0 with value: 1.0.
[I 2026-04-07 01:03:28,226] Trial 11 finished with value: 0.95 and parameters: {'n_estimators': 40, 'max_depth': 5, 'gamma': 0.284144177802935, 'subsample': 0.7137332854536631, 'colsample_bytree': 0.6815498556783907}. Best is trial 0 with value: 1.0.
[I 2026-04-07 01:03:28,263] Trial 12 finished with value: 0.95 and parameters: {'n_estimators': 100, 'max_depth': 30, 'gamma': 0.4460361445163697, 'subsample': 0.6425328048515475, 'colsample_bytree': 0.679730053828248}. Best is trial 0 with value: 1.0.
