[I 2026-04-09 22:39:20,919] Trial 4 finished with value: 0.9833333333333334 and parameters: {'n_estimators': 266, 'max_depth': 8, 'min_samples_split': 7, 'min_samples_leaf': 6}. Best is trial 0 with value: 1.0.
[I 2026-04-09 22:39:21,319] Trial 5 finished with value: 0.9833333333333334 and parameters: {'n_estimators': 340, 'max_depth': 7, 'min_samples_split': 4, 'min_samples_leaf': 3}. Best is trial 0 with value: 1.0.
[I 2026-04-09 22:39:21,589] Trial 6 finished with value: 1.0 and parameters: {'n_estimators': 231, 'max_depth': 5, 'min_samples_split': 3, 'min_samples_leaf': 10}. Best is trial 0 with value: 1.0.
[I 2026-04-09 22:39:22,103] Trial 7 finished with value: 1.0 and parameters: {'n_estimators': 485, 'max_depth': 6, 'min_samples_split': 2, 'min_samples_leaf': 3}. Best is trial 0 with value: 1.0.
[I 2026-04-09 22:39:22,490] Trial 8 finished with value: 1.0 and parameters: {'n_estimators': 380, 'max_depth': 17, 'min_samples_split': 2, 'min_samples_leaf': 6}. Best is trial 0 with value: 1.0.
[I 2026-04-09 22:39:22,637] Trial 9 finished with value: 1.0 and parameters: {'n_estimators': 100, 'max_depth': 12, 'min_samples_split': 7, 'min_samples_leaf': 10}. Best is trial 0 with value: 1.0.
[I 2026-04-09 22:39:22,812] Trial 10 finished with value: 0.9833333333333334 and parameters: {'n_estimators': 110, 'max_depth': 20, 'min_samples_split': 5, 'min_samples_leaf': 8}. Best is trial 0 with value: 1.0.
[I 2026-04-09 22:39:23,061] Trial 11 finished with value: 1.0 and parameters: {'n_estimators': 175, 'max_depth': 14, 'min_samples_split': 10, 'min_samples_leaf': 1}. Best is trial 0 with value: 1.0.
[I 2026-04-09 22:39:23,507] Trial 12 finished with value: 1.0 and parameters: {'n_estimators': 396, 'max_depth': 16, 'min_samples_split': 8, 'min_samples_leaf': 8}. Best is trial 0 with value: 1.0.
[I 2026-04-09 22:39:23,738] Trial 13 finished with value: 0.9833333333333334 and parameters: {'n_estimators': 159, 'max_depth': 20, 'min_samples_split': 6, 'min_samples_leaf': 5}. Best is trial 0 with value: 1.0.
[I 2026-04-09 22:39:24,111] Trial 14 finished with value: 1.0 and parameters: {'n_estimators': 316, 'max_depth': 10, 'min_samples_split': 5, 'min_samples_leaf': 9}. Best is trial 0 with value: 1.0.
[I 2026-04-09 22:39:24,394] Trial 15 finished with value: 1.0 and parameters: {'n_estimators': 202, 'max_depth': 17, 'min_samples_split': 8, 'min_samples_leaf': 5}. Best is trial 0 with value: 1.0.
[I 2026-04-09 22:39:24,874] Trial 16 finished with value: 1.0 and parameters: {'n_estimators': 444, 'max_depth': 14, 'min_samples_split': 10, 'min_samples_leaf': 7}. Best is trial 0 with value: 1.0.
[I 2026-04-09 22:39:25,177] Trial 17 finished with value: 0.9833333333333334 and parameters: {'n_estimators': 252, 'max_depth': 14, 'min_samples_split': 4, 'min_samples_leaf': 1}. Best is trial 0 with value: 1.0.
[I 2026-04-09 22:39:25,580] Trial 18 finished with value: 1.0 and parameters: {'n_estimators': 353, 'max_depth': 18, 'min_samples_split': 6, 'min_samples_leaf': 4}. Best is trial 0 with value: 1.0.
[I 2026-04-09 22:39:25,791] Trial 19 finished with value: 1.0 and parameters: {'n_estimators': 156, 'max_depth': 11, 'min_samples_split': 9, 'min_samples_leaf': 7}. Best is trial 0 with value: 1.0.
[I 2026-04-09 22:39:26,121] Trial 20 finished with value: 1.0 and parameters: {'n_estimators': 285, 'max_depth': 3, 'min_samples_split': 4, 'min_samples_leaf': 9}. Best is trial 0 with value: 1.0.
[I 2026-04-09 22:39:26,377] Trial 21 finished with value: 0.9833333333333334 and parameters: {'n_estimators': 209, 'max_depth': 9, 'min_samples_split': 3, 'min_samples_leaf': 8}. Best is trial 0 with value: 1.0.
[I 2026-04-09 22:39:26,653] Trial 22 finished with value: 1.0 and parameters: {'n_estimators': 211, 'max_depth': 12, 'min_samples_split': 2, 'min_samples_leaf': 9}. Best is trial 0 with value: 1.0.
[I 2026-04-09 22:39:26,986] Trial 23 finished with value: 1.0 and parameters: {'n_estimators': 309, 'max_depth': 15, 'min_samples_split': 3, 'min_samples_leaf': 7}. Best is trial 0 with value: 1.0.
[I 2026-04-09 22:39:27,314] Trial 24 finished with value: 1.0 and parameters: {'n_estimators': 246, 'max_depth': 19, 'min_samples_split': 5, 'min_samples_leaf': 10}. Best is trial 0 with value: 1.0.
[I 2026-04-09 22:39:27,528] Trial 25 finished with value: 1.0 and parameters: {'n_estimators': 179, 'max_depth': 13, 'min_samples_split': 3, 'min_samples_leaf': 9}. Best is trial 0 with value: 1.0.
[I 2026-04-09 22:39:27,691] Trial 26 finished with value: 0.9833333333333334 and parameters: {'n_estimators': 123, 'max_depth': 3, 'min_samples_split': 7, 'min_samples_leaf': 8}. Best is trial 0 with value: 1.0.
[I 2026-04-09 22:39:27,957] Trial 27 finished with value: 1.0 and parameters: {'n_estimators': 224, 'max_depth': 16, 'min_samples_split': 2, 'min_samples_leaf': 6}. Best is trial 0 with value: 1.0.
[I 2026-04-09 22:39:28,173] Trial 28 finished with value: 1.0 and parameters: {'n_estimators': 140, 'max_depth': 10, 'min_samples_split': 8, 'min_samples_leaf': 7}. Best is trial 0 with value: 1.0.
[I 2026-04-09 22:39:28,498] Trial 29 finished with value: 0.9833333333333334 and parameters: {'n_estimators': 283, 'max_depth': 18, 'min_samples_split': 9, 'min_samples_leaf': 4}. Best is trial 0 with value: 1.0.
[I 2026-04-09 22:39:30,851] A new study created in memory with name: mlp
[I 2026-04-09 22:39:30,896] Trial 0 finished with value: 0.9666666666666668 and parameters: {'hidden_layer_sizes': (200,), 'max_iter': 50, 'alpha': 0.001}. Best is trial 0 with value: 0.9666666666666668.
[I 2026-04-09 22:39:30,955] Trial 1 finished with value: 0.9833333333333334 and parameters: {'hidden_layer_sizes': (100,), 'max_iter': 100, 'alpha': 0.0001}. Best is trial 1 with value: 0.9833333333333334.
[I 2026-04-09 22:39:31,023] Trial 2 finished with value: 0.9666666666666668 and parameters: {'hidden_layer_sizes': (100,), 'max_iter': 100, 'alpha': 0.001}. Best is trial 1 with value: 0.9833333333333334.
[I 2026-04-09 22:39:31,069] Trial 3 finished with value: 0.9666666666666668 and parameters: {'hidden_layer_sizes': (200,), 'max_iter': 50, 'alpha': 0.001}. Best is trial 1 with value: 0.9833333333333334.
[I 2026-04-09 22:39:31,133] Trial 4 finished with value: 0.9666666666666668 and parameters: {'hidden_layer_sizes': (100,), 'max_iter': 100, 'alpha': 0.0001}. Best is trial 1 with value: 0.9833333333333334.
[I 2026-04-09 22:39:31,177] Trial 5 finished with value: 0.9666666666666668 and parameters: {'hidden_layer_sizes': (100,), 'max_iter': 100, 'alpha': 0.001}. Best is trial 1 with value: 0.9833333333333334.
[I 2026-04-09 22:39:31,231] Trial 6 finished with value: 0.9666666666666668 and parameters: {'hidden_layer_sizes': (200,), 'max_iter': 100, 'alpha': 0.001}. Best is trial 1 with value: 0.9833333333333334.
[I 2026-04-09 22:39:31,298] Trial 7 finished with value: 0.9666666666666668 and parameters: {'hidden_layer_sizes': (200,), 'max_iter': 100, 'alpha': 0.001}. Best is trial 1 with value: 0.9833333333333334.
[I 2026-04-09 22:39:31,344] Trial 8 finished with value: 0.9666666666666668 and parameters: {'hidden_layer_sizes': (100,), 'max_iter': 100, 'alpha': 0.001}. Best is trial 1 with value: 0.9833333333333334.
[I 2026-04-09 22:39:31,391] Trial 9 finished with value: 0.9666666666666668 and parameters: {'hidden_layer_sizes': (100,), 'max_iter': 50, 'alpha': 0.001}. Best is trial 1 with value: 0.9833333333333334.
[I 2026-04-09 22:39:31,439] Trial 10 finished with value: 0.9666666666666668 and parameters: {'hidden_layer_sizes': (100, 100), 'max_iter': 50, 'alpha': 0.0001}. Best is trial 1 with value: 0.9833333333333334.
[I 2026-04-09 22:39:31,498] Trial 11 finished with value: 0.9666666666666668 and parameters: {'hidden_layer_sizes': (100, 100), 'max_iter': 50, 'alpha': 0.0001}. Best is trial 1 with value: 0.9833333333333334.
[I 2026-04-09 22:39:31,556] Trial 12 finished with value: 0.9666666666666668 and parameters: {'hidden_layer_sizes': (200,), 'max_iter': 50, 'alpha': 0.0001}. Best is trial 1 with value: 0.9833333333333334.
[I 2026-04-09 22:39:31,602] Trial 13 finished with value: 0.9666666666666668 and parameters: {'hidden_layer_sizes': (200,), 'max_iter': 50, 'alpha': 0.0001}. Best is trial 1 with value: 0.9833333333333334.
[I 2026-04-09 22:39:31,677] Trial 14 finished with value: 0.9666666666666668 and parameters: {'hidden_layer_sizes': (100, 100), 'max_iter': 100, 'alpha': 0.0001}. Best is trial 1 with value: 0.9833333333333334.
[I 2026-04-09 22:39:31,713] Trial 15 finished with value: 0.9833333333333334 and parameters: {'hidden_layer_sizes': (100,), 'max_iter': 50, 'alpha': 0.0001}. Best is trial 1 with value: 0.9833333333333334.
[I 2026-04-09 22:39:31,758] Trial 16 finished with value: 0.9666666666666668 and parameters: {'hidden_layer_sizes': (100,), 'max_iter': 50, 'alpha': 0.0001}. Best is trial 1 with value: 0.9833333333333334.
[I 2026-04-09 22:39:31,802] Trial 17 finished with value: 0.9666666666666668 and parameters: {'hidden_layer_sizes': (100,), 'max_iter': 100, 'alpha': 0.0001}. Best is trial 1 with value: 0.9833333333333334.
[I 2026-04-09 22:39:31,846] Trial 18 finished with value: 0.9833333333333334 and parameters: {'hidden_layer_sizes': (100,), 'max_iter': 100, 'alpha': 0.0001}. Best is trial 1 with value: 0.9833333333333334.
[I 2026-04-09 22:39:31,871] Trial 19 finished with value: 0.9833333333333334 and parameters: {'hidden_layer_sizes': (100,), 'max_iter': 50, 'alpha': 0.0001}. Best is trial 1 with value: 0.9833333333333334.
[I 2026-04-09 22:39:31,916] Trial 20 finished with value: 0.9833333333333334 and parameters: {'hidden_layer_sizes': (100,), 'max_iter': 100, 'alpha': 0.0001}. Best is trial 1 with value: 0.9833333333333334.
[I 2026-04-09 22:39:31,965] Trial 21 finished with value: 0.9666666666666668 and parameters: {'hidden_layer_sizes': (100,), 'max_iter': 100, 'alpha': 0.0001}. Best is trial 1 with value: 0.9833333333333334.
[I 2026-04-09 22:39:32,014] Trial 22 finished with value: 0.9833333333333334 and parameters: {'hidden_layer_sizes': (100,), 'max_iter': 100, 'alpha': 0.0001}. Best is trial 1 with value: 0.9833333333333334.
[I 2026-04-09 22:39:32,062] Trial 23 finished with value: 0.9666666666666668 and parameters: {'hidden_layer_sizes': (100,), 'max_iter': 100, 'alpha': 0.0001}. Best is trial 1 with value: 0.9833333333333334.
[I 2026-04-09 22:39:32,107] Trial 24 finished with value: 0.9666666666666668 and parameters: {'hidden_layer_sizes': (100,), 'max_iter': 100, 'alpha': 0.0001}. Best is trial 1 with value: 0.9833333333333334.
[I 2026-04-09 22:39:32,196] Trial 25 finished with value: 0.9833333333333334 and parameters: {'hidden_layer_sizes': (100, 100), 'max_iter': 100, 'alpha': 0.0001}. Best is trial 1 with value: 0.9833333333333334.
[I 2026-04-09 22:39:32,249] Trial 26 finished with value: 0.9833333333333334 and parameters: {'hidden_layer_sizes': (100,), 'max_iter': 50, 'alpha': 0.0001}. Best is trial 1 with value: 0.9833333333333334.
[I 2026-04-09 22:39:32,308] Trial 27 finished with value: 0.9666666666666668 and parameters: {'hidden_layer_sizes': (100,), 'max_iter': 100, 'alpha': 0.0001}. Best is trial 1 with value: 0.9833333333333334.
[I 2026-04-09 22:39:32,357] Trial 28 finished with value: 0.9666666666666668 and parameters: {'hidden_layer_sizes': (100,), 'max_iter': 50, 'alpha': 0.0001}. Best is trial 1 with value: 0.9833333333333334.
[I 2026-04-09 22:39:32,414] Trial 29 finished with value: 0.9666666666666668 and parameters: {'hidden_layer_sizes': (100, 100), 'max_iter': 50, 'alpha': 0.0001}. Best is trial 1 with value: 0.9833333333333334.
[I 2026-04-09 22:39:33,932] A new study created in memory with name: naive_bayes
[I 2026-04-09 22:39:33,947] Trial 0 finished with value: 0.7166666666666666 and parameters: {'var_smoothing': 6.10548688762798e-09}. Best is trial 0 with value: 0.7166666666666666.
[I 2026-04-09 22:39:33,961] Trial 1 finished with value: 0.7166666666666666 and parameters: {'var_smoothing': 4.6127467400935034e-10}. Best is trial 0 with value: 0.7166666666666666.
[I 2026-04-09 22:39:33,974] Trial 2 finished with value: 0.7166666666666666 and parameters: {'var_smoothing': 4.389936579400967e-09}. Best is trial 0 with value: 0.7166666666666666.
[I 2026-04-09 22:39:33,988] Trial 3 finished with value: 0.7166666666666666 and parameters: {'var_smoothing': 1.2116948204672054e-10}. Best is trial 0 with value: 0.7166666666666666.
[I 2026-04-09 22:39:34,001] Trial 4 finished with value: 0.7166666666666666 and parameters: {'var_smoothing': 1.6417739478477417e-10}. Best is trial 0 with value: 0.7166666666666666.
[I 2026-04-09 22:39:34,026] Trial 5 finished with value: 0.7166666666666666 and parameters: {'var_smoothing': 1.5491880147236797e-09}. Best is trial 0 with value: 0.7166666666666666.
[I 2026-04-09 22:39:34,040] Trial 6 finished with value: 0.7166666666666666 and parameters: {'var_smoothing': 1.1471883405287265e-09}. Best is trial 0 with value: 0.7166666666666666.
[I 2026-04-09 22:39:34,054] Trial 7 finished with value: 0.7166666666666666 and parameters: {'var_smoothing': 6.88041853492358e-10}. Best is trial 0 with value: 0.7166666666666666.
[I 2026-04-09 22:39:34,078] Trial 8 finished with value: 0.7166666666666666 and parameters: {'var_smoothing': 4.686144741221158e-10}. Best is trial 0 with value: 0.7166666666666666.
[I 2026-04-09 22:39:34,090] Trial 9 finished with value: 0.7166666666666666 and parameters: {'var_smoothing': 1.7580809350683337e-09}. Best is trial 0 with value: 0.7166666666666666.
[I 2026-04-09 22:39:34,108] Trial 10 finished with value: 0.7166666666666666 and parameters: {'var_smoothing': 9.83902635509218e-09}. Best is trial 0 with value: 0.7166666666666666.
[I 2026-04-09 22:39:34,125] Trial 11 finished with value: 0.7166666666666666 and parameters: {'var_smoothing': 2.660399871603373e-10}. Best is trial 0 with value: 0.7166666666666666.
[I 2026-04-09 22:39:34,142] Trial 12 finished with value: 0.7166666666666666 and parameters: {'var_smoothing': 9.276268851540963e-09}. Best is trial 0 with value: 0.7166666666666666.
[I 2026-04-09 22:39:34,159] Trial 13 finished with value: 0.7166666666666666 and parameters: {'var_smoothing': 2.9844010685221692e-09}. Best is trial 0 with value: 0.7166666666666666.
[I 2026-04-09 22:39:34,176] Trial 14 finished with value: 0.7166666666666666 and parameters: {'var_smoothing': 3.8923309717334116e-10}. Best is trial 0 with value: 0.7166666666666666.
[I 2026-04-09 22:39:34,194] Trial 15 finished with value: 0.7166666666666666 and parameters: {'var_smoothing': 3.85461066627204e-09}. Best is trial 0 with value: 0.7166666666666666.
[I 2026-04-09 22:39:34,212] Trial 16 finished with value: 0.7166666666666666 and parameters: {'var_smoothing': 7.120907275009211e-10}. Best is trial 0 with value: 0.7166666666666666.
[I 2026-04-09 22:39:34,227] Trial 17 finished with value: 0.7166666666666666 and parameters: {'var_smoothing': 2.412486610614855e-10}. Best is trial 0 with value: 0.7166666666666666.
[I 2026-04-09 22:39:34,242] Trial 18 finished with value: 0.7166666666666666 and parameters: {'var_smoothing': 2.3580860166954074e-09}. Best is trial 0 with value: 0.7166666666666666.
[I 2026-04-09 22:39:34,270] Trial 19 finished with value: 0.7166666666666666 and parameters: {'var_smoothing': 5.846846875339535e-09}. Best is trial 0 with value: 0.7166666666666666.
[I 2026-04-09 22:39:34,288] Trial 20 finished with value: 0.7166666666666666 and parameters: {'var_smoothing': 1.0486521320383776e-09}. Best is trial 0 with value: 0.7166666666666666.
[I 2026-04-09 22:39:34,306] Trial 21 finished with value: 0.7166666666666666 and parameters: {'var_smoothing': 4.9491450263339475e-09}. Best is trial 0 with value: 0.7166666666666666.
[I 2026-04-09 22:39:34,334] Trial 22 finished with value: 0.7166666666666666 and parameters: {'var_smoothing': 6.667992141406306e-09}. Best is trial 0 with value: 0.7166666666666666.
[I 2026-04-09 22:39:34,352] Trial 23 finished with value: 0.7166666666666666 and parameters: {'var_smoothing': 3.2795712712135213e-09}. Best is trial 0 with value: 0.7166666666666666.
[I 2026-04-09 22:39:34,373] Trial 24 finished with value: 0.7166666666666666 and parameters: {'var_smoothing': 6.403538416287158e-10}. Best is trial 0 with value: 0.7166666666666666.
[I 2026-04-09 22:39:34,392] Trial 25 finished with value: 0.7166666666666666 and parameters: {'var_smoothing': 2.1589819023851477e-09}. Best is trial 0 with value: 0.7166666666666666.
[I 2026-04-09 22:39:34,409] Trial 26 finished with value: 0.7166666666666666 and parameters: {'var_smoothing': 3.912617821024548e-09}. Best is trial 0 with value: 0.7166666666666666.
[I 2026-04-09 22:39:34,426] Trial 27 finished with value: 0.7166666666666666 and parameters: {'var_smoothing': 7.162139101012446e-09}. Best is trial 0 with value: 0.7166666666666666.
[I 2026-04-09 22:39:34,445] Trial 28 finished with value: 0.7166666666666666 and parameters: {'var_smoothing': 1.3883316815746274e-09}. Best is trial 0 with value: 0.7166666666666666.
[I 2026-04-09 22:39:34,466] Trial 29 finished with value: 0.7166666666666666 and parameters: {'var_smoothing': 4.1751754503046387e-10}. Best is trial 0 with value: 0.7166666666666666.
[I 2026-04-09 22:39:34,898] A new study created in memory with name: logreg
[I 2026-04-09 22:39:34,923] Trial 0 finished with value: 0.8333333333333334 and parameters: {'C': 29.127335430981816, 'penalty': 'l2'}. Best is trial 0 with value: 0.8333333333333334.
[I 2026-04-09 22:39:34,938] Trial 1 finished with value: 0.85 and parameters: {'C': 0.045698192893558344, 'penalty': 'l2'}. Best is trial 1 with value: 0.85.
[I 2026-04-09 22:39:34,963] Trial 2 finished with value: 0.8166666666666667 and parameters: {'C': 12.768668597712947, 'penalty': 'l2'}. Best is trial 1 with value: 0.85.
[I 2026-04-09 22:39:34,988] Trial 3 finished with value: 0.8833333333333332 and parameters: {'C': 0.0016161554408462638, 'penalty': 'l2'}. Best is trial 3 with value: 0.8833333333333332.
[I 2026-04-09 22:39:35,003] Trial 4 finished with value: 0.8833333333333332 and parameters: {'C': 0.0034536903703241734, 'penalty': 'l2'}. Best is trial 3 with value: 0.8833333333333332.
[I 2026-04-09 22:39:35,028] Trial 5 finished with value: 0.8166666666666668 and parameters: {'C': 0.9446269266990148, 'penalty': 'l2'}. Best is trial 3 with value: 0.8833333333333332.
[I 2026-04-09 22:39:35,044] Trial 6 finished with value: 0.8166666666666667 and parameters: {'C': 0.4457453393648168, 'penalty': 'l2'}. Best is trial 3 with value: 0.8833333333333332.
[I 2026-04-09 22:39:35,058] Trial 7 finished with value: 0.8333333333333334 and parameters: {'C': 0.12417585037258261, 'penalty': 'l2'}. Best is trial 3 with value: 0.8833333333333332.
[I 2026-04-09 22:39:35,071] Trial 8 finished with value: 0.85 and parameters: {'C': 0.04753781830244093, 'penalty': 'l2'}. Best is trial 3 with value: 0.8833333333333332.
[I 2026-04-09 22:39:35,095] Trial 9 finished with value: 0.8166666666666668 and parameters: {'C': 1.2959766028194148, 'penalty': 'l2'}. Best is trial 3 with value: 0.8833333333333332.
[I 2026-04-09 22:39:35,116] Trial 10 finished with value: 0.8833333333333332 and parameters: {'C': 0.0027493237597083523, 'penalty': 'l2'}. Best is trial 3 with value: 0.8833333333333332.
[I 2026-04-09 22:39:35,137] Trial 11 finished with value: 0.8666666666666666 and parameters: {'C': 0.001163038906231015, 'penalty': 'l2'}. Best is trial 3 with value: 0.8833333333333332.
[I 2026-04-09 22:39:35,155] Trial 12 finished with value: 0.8833333333333332 and parameters: {'C': 0.007783068576282983, 'penalty': 'l2'}. Best is trial 3 with value: 0.8833333333333332.
[I 2026-04-09 22:39:35,176] Trial 13 finished with value: 0.8833333333333332 and parameters: {'C': 0.007826977189925246, 'penalty': 'l2'}. Best is trial 3 with value: 0.8833333333333332.
[I 2026-04-09 22:39:35,207] Trial 14 finished with value: 0.8833333333333332 and parameters: {'C': 0.006703097597967292, 'penalty': 'l2'}. Best is trial 3 with value: 0.8833333333333332.
[I 2026-04-09 22:39:35,227] Trial 15 finished with value: 0.8833333333333332 and parameters: {'C': 0.0014396872245738463, 'penalty': 'l2'}. Best is trial 3 with value: 0.8833333333333332.
[I 2026-04-09 22:39:35,246] Trial 16 finished with value: 0.85 and parameters: {'C': 0.02174123480745058, 'penalty': 'l2'}. Best is trial 3 with value: 0.8833333333333332.
[I 2026-04-09 22:39:35,266] Trial 17 finished with value: 0.8 and parameters: {'C': 2.6707606129231554, 'penalty': 'l2'}. Best is trial 3 with value: 0.8833333333333332.
[I 2026-04-09 22:39:35,282] Trial 18 finished with value: 0.8166666666666667 and parameters: {'C': 0.19777568673071788, 'penalty': 'l2'}. Best is trial 3 with value: 0.8833333333333332.
[I 2026-04-09 22:39:35,302] Trial 19 finished with value: 0.8666666666666666 and parameters: {'C': 0.004185363988350308, 'penalty': 'l2'}. Best is trial 3 with value: 0.8833333333333332.
[I 2026-04-09 22:39:35,332] Trial 20 finished with value: 0.85 and parameters: {'C': 0.02268058333319783, 'penalty': 'l2'}. Best is trial 3 with value: 0.8833333333333332.
[I 2026-04-09 22:39:35,364] Trial 21 finished with value: 0.8833333333333332 and parameters: {'C': 0.00272312932094622, 'penalty': 'l2'}. Best is trial 3 with value: 0.8833333333333332.
[I 2026-04-09 22:39:35,385] Trial 22 finished with value: 0.8666666666666666 and parameters: {'C': 0.0012504220035156409, 'penalty': 'l2'}. Best is trial 3 with value: 0.8833333333333332.
[I 2026-04-09 22:39:35,403] Trial 23 finished with value: 0.8666666666666666 and parameters: {'C': 0.016234459717134334, 'penalty': 'l2'}. Best is trial 3 with value: 0.8833333333333332.
[I 2026-04-09 22:39:35,420] Trial 24 finished with value: 0.8833333333333332 and parameters: {'C': 0.0029914855857246375, 'penalty': 'l2'}. Best is trial 3 with value: 0.8833333333333332.
[I 2026-04-09 22:39:35,440] Trial 25 finished with value: 0.8333333333333334 and parameters: {'C': 0.09582199171799277, 'penalty': 'l2'}. Best is trial 3 with value: 0.8833333333333332.
