[I 2026-04-07 02:23:51,346] Trial 14 finished with value: 0.875 and parameters: {'n_estimators': 148, 'max_depth': 17, 'min_samples_split': 6, 'min_samples_leaf': 2}. Best is trial 1 with value: 0.925.
[I 2026-04-07 02:23:51,617] Trial 15 finished with value: 0.925 and parameters: {'n_estimators': 196, 'max_depth': 17, 'min_samples_split': 4, 'min_samples_leaf': 6}. Best is trial 1 with value: 0.925.
[I 2026-04-07 02:23:51,749] Trial 16 finished with value: 0.875 and parameters: {'n_estimators': 101, 'max_depth': 18, 'min_samples_split': 10, 'min_samples_leaf': 4}. Best is trial 1 with value: 0.925.
[I 2026-04-07 02:23:52,041] Trial 17 finished with value: 0.9 and parameters: {'n_estimators': 254, 'max_depth': 4, 'min_samples_split': 3, 'min_samples_leaf': 5}. Best is trial 1 with value: 0.925.
[I 2026-04-07 02:23:52,446] Trial 18 finished with value: 0.9 and parameters: {'n_estimators': 352, 'max_depth': 11, 'min_samples_split': 6, 'min_samples_leaf': 3}. Best is trial 1 with value: 0.925.
[I 2026-04-07 02:23:52,667] Trial 19 finished with value: 0.8 and parameters: {'n_estimators': 160, 'max_depth': 7, 'min_samples_split': 4, 'min_samples_leaf': 7}. Best is trial 1 with value: 0.925.
[I 2026-04-07 02:23:52,937] Trial 20 finished with value: 0.925 and parameters: {'n_estimators': 211, 'max_depth': 16, 'min_samples_split': 7, 'min_samples_leaf': 4}. Best is trial 1 with value: 0.925.
[I 2026-04-07 02:23:53,291] Trial 21 finished with value: 0.9 and parameters: {'n_estimators': 319, 'max_depth': 3, 'min_samples_split': 2, 'min_samples_leaf': 6}. Best is trial 1 with value: 0.925.
[I 2026-04-07 02:23:53,595] Trial 22 finished with value: 0.9 and parameters: {'n_estimators': 277, 'max_depth': 6, 'min_samples_split': 2, 'min_samples_leaf': 6}. Best is trial 1 with value: 0.925.
[I 2026-04-07 02:23:53,993] Trial 23 finished with value: 0.825 and parameters: {'n_estimators': 338, 'max_depth': 20, 'min_samples_split': 3, 'min_samples_leaf': 7}. Best is trial 1 with value: 0.925.
[I 2026-04-07 02:23:54,441] Trial 24 finished with value: 0.9 and parameters: {'n_estimators': 378, 'max_depth': 12, 'min_samples_split': 3, 'min_samples_leaf': 5}. Best is trial 1 with value: 0.925.
[I 2026-04-07 02:23:54,678] Trial 25 finished with value: 0.9 and parameters: {'n_estimators': 146, 'max_depth': 10, 'min_samples_split': 5, 'min_samples_leaf': 3}. Best is trial 1 with value: 0.925.
[I 2026-04-07 02:23:55,035] Trial 26 finished with value: 0.825 and parameters: {'n_estimators': 289, 'max_depth': 5, 'min_samples_split': 2, 'min_samples_leaf': 7}. Best is trial 1 with value: 0.925.
[I 2026-04-07 02:23:55,278] Trial 27 finished with value: 0.9 and parameters: {'n_estimators': 184, 'max_depth': 8, 'min_samples_split': 4, 'min_samples_leaf': 4}. Best is trial 1 with value: 0.925.
[I 2026-04-07 02:23:55,544] Trial 28 finished with value: 0.925 and parameters: {'n_estimators': 232, 'max_depth': 14, 'min_samples_split': 6, 'min_samples_leaf': 2}. Best is trial 1 with value: 0.925.
[I 2026-04-07 02:23:56,022] Trial 29 finished with value: 0.9 and parameters: {'n_estimators': 428, 'max_depth': 3, 'min_samples_split': 10, 'min_samples_leaf': 1}. Best is trial 1 with value: 0.925.
[I 2026-04-07 02:23:58,407] A new study created in memory with name: mlp
[I 2026-04-07 02:23:58,452] Trial 0 finished with value: 0.8 and parameters: {'hidden_layer_sizes': (100,), 'max_iter': 100, 'alpha': 0.0001}. Best is trial 0 with value: 0.8.
[I 2026-04-07 02:23:58,551] Trial 1 finished with value: 0.9 and parameters: {'hidden_layer_sizes': (100, 100), 'max_iter': 100, 'alpha': 0.001}. Best is trial 1 with value: 0.9.
[I 2026-04-07 02:23:58,618] Trial 2 finished with value: 0.8 and parameters: {'hidden_layer_sizes': (200,), 'max_iter': 100, 'alpha': 0.0001}. Best is trial 1 with value: 0.9.
[I 2026-04-07 02:23:58,654] Trial 3 finished with value: 0.8 and parameters: {'hidden_layer_sizes': (200,), 'max_iter': 50, 'alpha': 0.001}. Best is trial 1 with value: 0.9.
[I 2026-04-07 02:23:58,710] Trial 4 finished with value: 0.85 and parameters: {'hidden_layer_sizes': (100, 100), 'max_iter': 50, 'alpha': 0.0001}. Best is trial 1 with value: 0.9.
[I 2026-04-07 02:23:58,765] Trial 5 finished with value: 0.825 and parameters: {'hidden_layer_sizes': (200,), 'max_iter': 100, 'alpha': 0.0001}. Best is trial 1 with value: 0.9.
[I 2026-04-07 02:23:58,822] Trial 6 finished with value: 0.8 and parameters: {'hidden_layer_sizes': (200,), 'max_iter': 100, 'alpha': 0.001}. Best is trial 1 with value: 0.9.
[I 2026-04-07 02:23:58,867] Trial 7 finished with value: 0.8 and parameters: {'hidden_layer_sizes': (100,), 'max_iter': 100, 'alpha': 0.001}. Best is trial 1 with value: 0.9.
[I 2026-04-07 02:23:58,933] Trial 8 finished with value: 0.9 and parameters: {'hidden_layer_sizes': (100, 100), 'max_iter': 100, 'alpha': 0.0001}. Best is trial 1 with value: 0.9.
[I 2026-04-07 02:23:58,996] Trial 9 finished with value: 0.85 and parameters: {'hidden_layer_sizes': (200,), 'max_iter': 100, 'alpha': 0.0001}. Best is trial 1 with value: 0.9.
[I 2026-04-07 02:23:59,045] Trial 10 finished with value: 0.85 and parameters: {'hidden_layer_sizes': (100, 100), 'max_iter': 50, 'alpha': 0.001}. Best is trial 1 with value: 0.9.
[I 2026-04-07 02:23:59,112] Trial 11 finished with value: 0.925 and parameters: {'hidden_layer_sizes': (100, 100), 'max_iter': 100, 'alpha': 0.001}. Best is trial 11 with value: 0.925.
[I 2026-04-07 02:23:59,181] Trial 12 finished with value: 0.925 and parameters: {'hidden_layer_sizes': (100, 100), 'max_iter': 100, 'alpha': 0.001}. Best is trial 11 with value: 0.925.
[I 2026-04-07 02:23:59,249] Trial 13 finished with value: 0.9 and parameters: {'hidden_layer_sizes': (100, 100), 'max_iter': 100, 'alpha': 0.001}. Best is trial 11 with value: 0.925.
[I 2026-04-07 02:23:59,298] Trial 14 finished with value: 0.875 and parameters: {'hidden_layer_sizes': (100, 100), 'max_iter': 50, 'alpha': 0.001}. Best is trial 11 with value: 0.925.
[I 2026-04-07 02:23:59,376] Trial 15 finished with value: 0.925 and parameters: {'hidden_layer_sizes': (100, 100), 'max_iter': 100, 'alpha': 0.001}. Best is trial 11 with value: 0.925.
[I 2026-04-07 02:23:59,435] Trial 16 finished with value: 0.8 and parameters: {'hidden_layer_sizes': (100,), 'max_iter': 100, 'alpha': 0.001}. Best is trial 11 with value: 0.925.
[I 2026-04-07 02:23:59,523] Trial 17 finished with value: 0.9 and parameters: {'hidden_layer_sizes': (100, 100), 'max_iter': 100, 'alpha': 0.001}. Best is trial 11 with value: 0.925.
[I 2026-04-07 02:23:59,571] Trial 18 finished with value: 0.85 and parameters: {'hidden_layer_sizes': (100, 100), 'max_iter': 50, 'alpha': 0.001}. Best is trial 11 with value: 0.925.
[I 2026-04-07 02:23:59,639] Trial 19 finished with value: 0.925 and parameters: {'hidden_layer_sizes': (100, 100), 'max_iter': 100, 'alpha': 0.001}. Best is trial 11 with value: 0.925.
[I 2026-04-07 02:23:59,697] Trial 20 finished with value: 0.825 and parameters: {'hidden_layer_sizes': (100,), 'max_iter': 100, 'alpha': 0.001}. Best is trial 11 with value: 0.925.
[I 2026-04-07 02:23:59,766] Trial 21 finished with value: 0.925 and parameters: {'hidden_layer_sizes': (100, 100), 'max_iter': 100, 'alpha': 0.001}. Best is trial 11 with value: 0.925.
[I 2026-04-07 02:23:59,835] Trial 22 finished with value: 0.9 and parameters: {'hidden_layer_sizes': (100, 100), 'max_iter': 100, 'alpha': 0.001}. Best is trial 11 with value: 0.925.
[I 2026-04-07 02:23:59,904] Trial 23 finished with value: 0.9 and parameters: {'hidden_layer_sizes': (100, 100), 'max_iter': 100, 'alpha': 0.001}. Best is trial 11 with value: 0.925.
[I 2026-04-07 02:23:59,973] Trial 24 finished with value: 0.925 and parameters: {'hidden_layer_sizes': (100, 100), 'max_iter': 100, 'alpha': 0.001}. Best is trial 11 with value: 0.925.
[I 2026-04-07 02:24:00,051] Trial 25 finished with value: 0.9 and parameters: {'hidden_layer_sizes': (100, 100), 'max_iter': 100, 'alpha': 0.001}. Best is trial 11 with value: 0.925.
[I 2026-04-07 02:24:00,099] Trial 26 finished with value: 0.85 and parameters: {'hidden_layer_sizes': (100, 100), 'max_iter': 50, 'alpha': 0.001}. Best is trial 11 with value: 0.925.
[I 2026-04-07 02:24:00,168] Trial 27 finished with value: 0.925 and parameters: {'hidden_layer_sizes': (100, 100), 'max_iter': 100, 'alpha': 0.001}. Best is trial 11 with value: 0.925.
[I 2026-04-07 02:24:00,226] Trial 28 finished with value: 0.8 and parameters: {'hidden_layer_sizes': (100,), 'max_iter': 100, 'alpha': 0.001}. Best is trial 11 with value: 0.925.
[I 2026-04-07 02:24:00,325] Trial 29 finished with value: 0.9 and parameters: {'hidden_layer_sizes': (100, 100), 'max_iter': 100, 'alpha': 0.0001}. Best is trial 11 with value: 0.925.
[I 2026-04-07 02:24:12,712] A new study created in memory with name: naive_bayes
[I 2026-04-07 02:24:12,727] Trial 0 finished with value: 0.825 and parameters: {'var_smoothing': 6.10548688762798e-09}. Best is trial 0 with value: 0.825.
[I 2026-04-07 02:24:12,739] Trial 1 finished with value: 0.875 and parameters: {'var_smoothing': 4.6127467400935034e-10}. Best is trial 1 with value: 0.875.
[I 2026-04-07 02:24:12,752] Trial 2 finished with value: 0.825 and parameters: {'var_smoothing': 4.389936579400967e-09}. Best is trial 1 with value: 0.875.
[I 2026-04-07 02:24:12,766] Trial 3 finished with value: 0.875 and parameters: {'var_smoothing': 1.2116948204672054e-10}. Best is trial 1 with value: 0.875.
[I 2026-04-07 02:24:12,778] Trial 4 finished with value: 0.875 and parameters: {'var_smoothing': 1.6417739478477417e-10}. Best is trial 1 with value: 0.875.
[I 2026-04-07 02:24:12,792] Trial 5 finished with value: 0.875 and parameters: {'var_smoothing': 1.5491880147236797e-09}. Best is trial 1 with value: 0.875.
[I 2026-04-07 02:24:12,805] Trial 6 finished with value: 0.875 and parameters: {'var_smoothing': 1.1471883405287265e-09}. Best is trial 1 with value: 0.875.
[I 2026-04-07 02:24:12,819] Trial 7 finished with value: 0.875 and parameters: {'var_smoothing': 6.88041853492358e-10}. Best is trial 1 with value: 0.875.
[I 2026-04-07 02:24:12,833] Trial 8 finished with value: 0.875 and parameters: {'var_smoothing': 4.686144741221158e-10}. Best is trial 1 with value: 0.875.
[I 2026-04-07 02:24:12,846] Trial 9 finished with value: 0.875 and parameters: {'var_smoothing': 1.7580809350683337e-09}. Best is trial 1 with value: 0.875.
[I 2026-04-07 02:24:12,866] Trial 10 finished with value: 0.875 and parameters: {'var_smoothing': 3.3308482966503767e-10}. Best is trial 1 with value: 0.875.
[I 2026-04-07 02:24:12,886] Trial 11 finished with value: 0.875 and parameters: {'var_smoothing': 1.1166686882839625e-10}. Best is trial 1 with value: 0.875.
[I 2026-04-07 02:24:12,905] Trial 12 finished with value: 0.875 and parameters: {'var_smoothing': 1.959077691502477e-10}. Best is trial 1 with value: 0.875.
[I 2026-04-07 02:24:12,925] Trial 13 finished with value: 0.875 and parameters: {'var_smoothing': 2.855201951677185e-10}. Best is trial 1 with value: 0.875.
[I 2026-04-07 02:24:12,945] Trial 14 finished with value: 0.875 and parameters: {'var_smoothing': 1.0816035052795259e-10}. Best is trial 1 with value: 0.875.
[I 2026-04-07 02:24:12,965] Trial 15 finished with value: 0.875 and parameters: {'var_smoothing': 5.270965649538733e-10}. Best is trial 1 with value: 0.875.
[I 2026-04-07 02:24:12,985] Trial 16 finished with value: 0.85 and parameters: {'var_smoothing': 2.8673314168324165e-09}. Best is trial 1 with value: 0.875.
[I 2026-04-07 02:24:13,005] Trial 17 finished with value: 0.875 and parameters: {'var_smoothing': 2.412486610614855e-10}. Best is trial 1 with value: 0.875.
[I 2026-04-07 02:24:13,025] Trial 18 finished with value: 0.875 and parameters: {'var_smoothing': 8.554049990785486e-10}. Best is trial 1 with value: 0.875.
[I 2026-04-07 02:24:13,041] Trial 19 finished with value: 0.875 and parameters: {'var_smoothing': 4.3470597135222723e-10}. Best is trial 1 with value: 0.875.
[I 2026-04-07 02:24:13,061] Trial 20 finished with value: 0.875 and parameters: {'var_smoothing': 1.383879623917316e-10}. Best is trial 1 with value: 0.875.
[I 2026-04-07 02:24:13,091] Trial 21 finished with value: 0.875 and parameters: {'var_smoothing': 1.681944212517889e-10}. Best is trial 1 with value: 0.875.
[I 2026-04-07 02:24:13,112] Trial 22 finished with value: 0.875 and parameters: {'var_smoothing': 1.9054383322161712e-10}. Best is trial 1 with value: 0.875.
[I 2026-04-07 02:24:13,133] Trial 23 finished with value: 0.875 and parameters: {'var_smoothing': 3.1348541885879096e-10}. Best is trial 1 with value: 0.875.
[I 2026-04-07 02:24:13,153] Trial 24 finished with value: 0.875 and parameters: {'var_smoothing': 1.6156575210011005e-10}. Best is trial 1 with value: 0.875.
[I 2026-04-07 02:24:13,173] Trial 25 finished with value: 0.875 and parameters: {'var_smoothing': 1.0278424450134888e-10}. Best is trial 1 with value: 0.875.
[I 2026-04-07 02:24:13,192] Trial 26 finished with value: 0.875 and parameters: {'var_smoothing': 2.2583661887671295e-10}. Best is trial 1 with value: 0.875.
[I 2026-04-07 02:24:13,211] Trial 27 finished with value: 0.875 and parameters: {'var_smoothing': 3.763003883972871e-10}. Best is trial 1 with value: 0.875.
[I 2026-04-07 02:24:13,227] Trial 28 finished with value: 0.875 and parameters: {'var_smoothing': 6.151515214642274e-10}. Best is trial 1 with value: 0.875.
[I 2026-04-07 02:24:13,244] Trial 29 finished with value: 0.825 and parameters: {'var_smoothing': 7.3140472902792484e-09}. Best is trial 1 with value: 0.875.
[I 2026-04-07 02:24:13,676] A new study created in memory with name: logreg
[I 2026-04-07 02:24:13,711] Trial 0 finished with value: 0.85 and parameters: {'C': 29.127335430981816, 'penalty': 'l2'}. Best is trial 0 with value: 0.85.
[I 2026-04-07 02:24:13,735] Trial 1 finished with value: 0.725 and parameters: {'C': 0.045698192893558344, 'penalty': 'l2'}. Best is trial 0 with value: 0.85.
[I 2026-04-07 02:24:13,769] Trial 2 finished with value: 0.825 and parameters: {'C': 12.768668597712947, 'penalty': 'l2'}. Best is trial 0 with value: 0.85.
[I 2026-04-07 02:24:13,794] Trial 3 finished with value: 0.6 and parameters: {'C': 0.0016161554408462638, 'penalty': 'l2'}. Best is trial 0 with value: 0.85.
[I 2026-04-07 02:24:13,818] Trial 4 finished with value: 0.625 and parameters: {'C': 0.0034536903703241734, 'penalty': 'l2'}. Best is trial 0 with value: 0.85.
[I 2026-04-07 02:24:13,843] Trial 5 finished with value: 0.8 and parameters: {'C': 0.9446269266990148, 'penalty': 'l2'}. Best is trial 0 with value: 0.85.
[I 2026-04-07 02:24:13,868] Trial 6 finished with value: 0.775 and parameters: {'C': 0.4457453393648168, 'penalty': 'l2'}. Best is trial 0 with value: 0.85.
[I 2026-04-07 02:24:13,893] Trial 7 finished with value: 0.75 and parameters: {'C': 0.12417585037258261, 'penalty': 'l2'}. Best is trial 0 with value: 0.85.
[I 2026-04-07 02:24:13,918] Trial 8 finished with value: 0.725 and parameters: {'C': 0.04753781830244093, 'penalty': 'l2'}. Best is trial 0 with value: 0.85.
[I 2026-04-07 02:24:13,943] Trial 9 finished with value: 0.8 and parameters: {'C': 1.2959766028194148, 'penalty': 'l2'}. Best is trial 0 with value: 0.85.
[I 2026-04-07 02:24:13,972] Trial 10 finished with value: 0.9 and parameters: {'C': 96.02411422716075, 'penalty': 'l2'}. Best is trial 10 with value: 0.9.
[I 2026-04-07 02:24:14,002] Trial 11 finished with value: 0.875 and parameters: {'C': 59.9697718692158, 'penalty': 'l2'}. Best is trial 10 with value: 0.9.
[I 2026-04-07 02:24:14,033] Trial 12 finished with value: 0.9 and parameters: {'C': 90.64427434136057, 'penalty': 'l2'}. Best is trial 10 with value: 0.9.
[I 2026-04-07 02:24:14,063] Trial 13 finished with value: 0.85 and parameters: {'C': 4.865673542589085, 'penalty': 'l2'}. Best is trial 10 with value: 0.9.
[I 2026-04-07 02:24:14,104] Trial 14 finished with value: 0.875 and parameters: {'C': 75.70410205106715, 'penalty': 'l2'}. Best is trial 10 with value: 0.9.
[I 2026-04-07 02:24:14,144] Trial 15 finished with value: 0.85 and parameters: {'C': 5.688581282613607, 'penalty': 'l2'}. Best is trial 10 with value: 0.9.
[I 2026-04-07 02:24:14,184] Trial 16 finished with value: 0.9 and parameters: {'C': 99.34988889502058, 'penalty': 'l2'}. Best is trial 10 with value: 0.9.
[I 2026-04-07 02:24:14,212] Trial 17 finished with value: 0.825 and parameters: {'C': 10.935454173038586, 'penalty': 'l2'}. Best is trial 10 with value: 0.9.
[I 2026-04-07 02:24:14,249] Trial 18 finished with value: 0.8 and parameters: {'C': 2.3984951721258567, 'penalty': 'l2'}. Best is trial 10 with value: 0.9.
[I 2026-04-07 02:24:14,298] Trial 19 finished with value: 0.85 and parameters: {'C': 24.475416886024465, 'penalty': 'l2'}. Best is trial 10 with value: 0.9.
[I 2026-04-07 02:24:14,327] Trial 20 finished with value: 0.6 and parameters: {'C': 0.007738902525453759, 'penalty': 'l2'}. Best is trial 10 with value: 0.9.
[I 2026-04-07 02:24:14,355] Trial 21 finished with value: 0.9 and parameters: {'C': 87.83425020623808, 'penalty': 'l2'}. Best is trial 10 with value: 0.9.
[I 2026-04-07 02:24:14,387] Trial 22 finished with value: 0.85 and parameters: {'C': 30.62033180862645, 'penalty': 'l2'}. Best is trial 10 with value: 0.9.
[I 2026-04-07 02:24:14,428] Trial 23 finished with value: 0.825 and parameters: {'C': 14.016093523305857, 'penalty': 'l2'}. Best is trial 10 with value: 0.9.
[I 2026-04-07 02:24:14,459] Trial 24 finished with value: 0.875 and parameters: {'C': 46.28342093519046, 'penalty': 'l2'}. Best is trial 10 with value: 0.9.
[I 2026-04-07 02:24:14,488] Trial 25 finished with value: 0.85 and parameters: {'C': 5.412098248457018, 'penalty': 'l2'}. Best is trial 10 with value: 0.9.
[I 2026-04-07 02:24:14,520] Trial 26 finished with value: 0.9 and parameters: {'C': 82.15550634121692, 'penalty': 'l2'}. Best is trial 10 with value: 0.9.
[I 2026-04-07 02:24:14,561] Trial 27 finished with value: 0.825 and parameters: {'C': 18.596073624223223, 'penalty': 'l2'}. Best is trial 10 with value: 0.9.
[I 2026-04-07 02:24:14,591] Trial 28 finished with value: 0.825 and parameters: {'C': 3.944419632187665, 'penalty': 'l2'}. Best is trial 10 with value: 0.9.
[I 2026-04-07 02:24:14,631] Trial 29 finished with value: 0.85 and parameters: {'C': 33.0236865396223, 'penalty': 'l2'}. Best is trial 10 with value: 0.9.
[I 2026-04-07 02:24:15,545] A new study created in memory with name: knn
[I 2026-04-07 02:24:15,560] Trial 0 finished with value: 0.7 and parameters: {'n_neighbors': 10, 'leaf_size': 26, 'p': 1}. Best is trial 0 with value: 0.7.
[I 2026-04-07 02:24:15,575] Trial 1 finished with value: 0.725 and parameters: {'n_neighbors': 3, 'leaf_size': 32, 'p': 1}. Best is trial 1 with value: 0.725.
[I 2026-04-07 02:24:15,588] Trial 2 finished with value: 0.675 and parameters: {'n_neighbors': 5, 'leaf_size': 33, 'p': 2}. Best is trial 1 with value: 0.725.
[I 2026-04-07 02:24:15,602] Trial 3 finished with value: 0.725 and parameters: {'n_neighbors': 7, 'leaf_size': 32, 'p': 2}. Best is trial 1 with value: 0.725.
[I 2026-04-07 02:24:15,615] Trial 4 finished with value: 0.725 and parameters: {'n_neighbors': 9, 'leaf_size': 28, 'p': 1}. Best is trial 1 with value: 0.725.
[I 2026-04-07 02:24:15,629] Trial 5 finished with value: 0.725 and parameters: {'n_neighbors': 3, 'leaf_size': 35, 'p': 1}. Best is trial 1 with value: 0.725.
[I 2026-04-07 02:24:15,644] Trial 6 finished with value: 0.7 and parameters: {'n_neighbors': 8, 'leaf_size': 31, 'p': 2}. Best is trial 1 with value: 0.725.
[I 2026-04-07 02:24:15,659] Trial 7 finished with value: 0.7 and parameters: {'n_neighbors': 6, 'leaf_size': 24, 'p': 2}. Best is trial 1 with value: 0.725.
[I 2026-04-07 02:24:15,672] Trial 8 finished with value: 0.675 and parameters: {'n_neighbors': 5, 'leaf_size': 34, 'p': 2}. Best is trial 1 with value: 0.725.
[I 2026-04-07 02:24:15,687] Trial 9 finished with value: 0.7 and parameters: {'n_neighbors': 10, 'leaf_size': 27, 'p': 2}. Best is trial 1 with value: 0.725.
[I 2026-04-07 02:24:15,710] Trial 10 finished with value: 0.725 and parameters: {'n_neighbors': 3, 'leaf_size': 40, 'p': 1}. Best is trial 1 with value: 0.725.
[I 2026-04-07 02:24:15,744] Trial 11 finished with value: 0.725 and parameters: {'n_neighbors': 7, 'leaf_size': 38, 'p': 1}. Best is trial 1 with value: 0.725.
[I 2026-04-07 02:24:15,771] Trial 12 finished with value: 0.675 and parameters: {'n_neighbors': 5, 'leaf_size': 21, 'p': 2}. Best is trial 1 with value: 0.725.
[I 2026-04-07 02:24:15,793] Trial 13 finished with value: 0.725 and parameters: {'n_neighbors': 7, 'leaf_size': 31, 'p': 1}. Best is trial 1 with value: 0.725.
[I 2026-04-07 02:24:15,817] Trial 14 finished with value: 0.725 and parameters: {'n_neighbors': 8, 'leaf_size': 36, 'p': 1}. Best is trial 1 with value: 0.725.
[I 2026-04-07 02:24:15,840] Trial 15 finished with value: 0.7 and parameters: {'n_neighbors': 4, 'leaf_size': 29, 'p': 2}. Best is trial 1 with value: 0.725.
[I 2026-04-07 02:24:15,866] Trial 16 finished with value: 0.7 and parameters: {'n_neighbors': 6, 'leaf_size': 31, 'p': 2}. Best is trial 1 with value: 0.725.
[I 2026-04-07 02:24:15,890] Trial 17 finished with value: 0.725 and parameters: {'n_neighbors': 8, 'leaf_size': 37, 'p': 1}. Best is trial 1 with value: 0.725.
[I 2026-04-07 02:24:15,923] Trial 18 finished with value: 0.8 and parameters: {'n_neighbors': 4, 'leaf_size': 33, 'p': 1}. Best is trial 18 with value: 0.8.
[I 2026-04-07 02:24:15,956] Trial 19 finished with value: 0.8 and parameters: {'n_neighbors': 4, 'leaf_size': 25, 'p': 1}. Best is trial 18 with value: 0.8.
[I 2026-04-07 02:24:15,981] Trial 20 finished with value: 0.8 and parameters: {'n_neighbors': 4, 'leaf_size': 20, 'p': 1}. Best is trial 18 with value: 0.8.
[I 2026-04-07 02:24:16,006] Trial 21 finished with value: 0.8 and parameters: {'n_neighbors': 4, 'leaf_size': 20, 'p': 1}. Best is trial 18 with value: 0.8.
[I 2026-04-07 02:24:16,029] Trial 22 finished with value: 0.8 and parameters: {'n_neighbors': 4, 'leaf_size': 23, 'p': 1}. Best is trial 18 with value: 0.8.
