[I 2026-04-09 20:50:25,026] Trial 11 finished with value: 0.9 and parameters: {'n_estimators': 100, 'max_depth': 8, 'min_samples_split': 6, 'min_samples_leaf': 3}. Best is trial 0 with value: 0.95.
[I 2026-04-09 20:50:25,245] Trial 12 finished with value: 0.95 and parameters: {'n_estimators': 172, 'max_depth': 12, 'min_samples_split': 5, 'min_samples_leaf': 3}. Best is trial 0 with value: 0.95.
[I 2026-04-09 20:50:25,502] Trial 13 finished with value: 0.9 and parameters: {'n_estimators': 194, 'max_depth': 3, 'min_samples_split': 7, 'min_samples_leaf': 3}. Best is trial 0 with value: 0.95.
[I 2026-04-09 20:50:25,937] Trial 14 finished with value: 0.95 and parameters: {'n_estimators': 339, 'max_depth': 12, 'min_samples_split': 4, 'min_samples_leaf': 1}. Best is trial 0 with value: 0.95.
[I 2026-04-09 20:50:26,201] Trial 15 finished with value: 0.9 and parameters: {'n_estimators': 161, 'max_depth': 6, 'min_samples_split': 5, 'min_samples_leaf': 4}. Best is trial 0 with value: 0.95.
[I 2026-04-09 20:50:26,407] Trial 16 finished with value: 0.5 and parameters: {'n_estimators': 104, 'max_depth': 9, 'min_samples_split': 7, 'min_samples_leaf': 7}. Best is trial 0 with value: 0.95.
[I 2026-04-09 20:50:26,874] Trial 17 finished with value: 0.9 and parameters: {'n_estimators': 359, 'max_depth': 5, 'min_samples_split': 2, 'min_samples_leaf': 2}. Best is trial 0 with value: 0.95.
[I 2026-04-09 20:50:27,230] Trial 18 finished with value: 0.9 and parameters: {'n_estimators': 222, 'max_depth': 10, 'min_samples_split': 4, 'min_samples_leaf': 4}. Best is trial 0 with value: 0.95.
[I 2026-04-09 20:50:27,737] Trial 19 finished with value: 0.9 and parameters: {'n_estimators': 405, 'max_depth': 13, 'min_samples_split': 6, 'min_samples_leaf': 2}. Best is trial 0 with value: 0.95.
[I 2026-04-09 20:50:27,982] Trial 20 finished with value: 0.9 and parameters: {'n_estimators': 144, 'max_depth': 8, 'min_samples_split': 8, 'min_samples_leaf': 4}. Best is trial 0 with value: 0.95.
[I 2026-04-09 20:50:28,344] Trial 21 finished with value: 0.95 and parameters: {'n_estimators': 269, 'max_depth': 19, 'min_samples_split': 9, 'min_samples_leaf': 2}. Best is trial 0 with value: 0.95.
[I 2026-04-09 20:50:28,827] Trial 22 finished with value: 0.95 and parameters: {'n_estimators': 415, 'max_depth': 17, 'min_samples_split': 10, 'min_samples_leaf': 1}. Best is trial 0 with value: 0.95.
[I 2026-04-09 20:50:29,066] Trial 23 finished with value: 0.9 and parameters: {'n_estimators': 187, 'max_depth': 14, 'min_samples_split': 10, 'min_samples_leaf': 2}. Best is trial 0 with value: 0.95.
[I 2026-04-09 20:50:29,273] Trial 24 finished with value: 0.9 and parameters: {'n_estimators': 132, 'max_depth': 18, 'min_samples_split': 8, 'min_samples_leaf': 3}. Best is trial 0 with value: 0.95.
[I 2026-04-09 20:50:29,658] Trial 25 finished with value: 0.95 and parameters: {'n_estimators': 295, 'max_depth': 13, 'min_samples_split': 5, 'min_samples_leaf': 1}. Best is trial 0 with value: 0.95.
[I 2026-04-09 20:50:30,149] Trial 26 finished with value: 0.95 and parameters: {'n_estimators': 400, 'max_depth': 17, 'min_samples_split': 3, 'min_samples_leaf': 6}. Best is trial 0 with value: 0.95.
[I 2026-04-09 20:50:30,447] Trial 27 finished with value: 0.9 and parameters: {'n_estimators': 216, 'max_depth': 5, 'min_samples_split': 6, 'min_samples_leaf': 4}. Best is trial 0 with value: 0.95.
[I 2026-04-09 20:50:30,902] Trial 28 finished with value: 0.95 and parameters: {'n_estimators': 377, 'max_depth': 20, 'min_samples_split': 7, 'min_samples_leaf': 2}. Best is trial 0 with value: 0.95.
[I 2026-04-09 20:50:31,102] Trial 29 finished with value: 0.5 and parameters: {'n_estimators': 127, 'max_depth': 10, 'min_samples_split': 3, 'min_samples_leaf': 10}. Best is trial 0 with value: 0.95.
[I 2026-04-09 20:50:32,846] A new study created in memory with name: mlp
[I 2026-04-09 20:50:32,902] Trial 0 finished with value: 0.8 and parameters: {'hidden_layer_sizes': (200,), 'max_iter': 100, 'alpha': 0.001}. Best is trial 0 with value: 0.8.
[I 2026-04-09 20:50:32,987] Trial 1 finished with value: 0.85 and parameters: {'hidden_layer_sizes': (100, 100), 'max_iter': 100, 'alpha': 0.0001}. Best is trial 1 with value: 0.85.
[I 2026-04-09 20:50:33,031] Trial 2 finished with value: 0.75 and parameters: {'hidden_layer_sizes': (100, 100), 'max_iter': 50, 'alpha': 0.0001}. Best is trial 1 with value: 0.85.
[I 2026-04-09 20:50:33,076] Trial 3 finished with value: 0.55 and parameters: {'hidden_layer_sizes': (200,), 'max_iter': 50, 'alpha': 0.0001}. Best is trial 1 with value: 0.85.
[I 2026-04-09 20:50:33,143] Trial 4 finished with value: 0.75 and parameters: {'hidden_layer_sizes': (200,), 'max_iter': 100, 'alpha': 0.001}. Best is trial 1 with value: 0.85.
[I 2026-04-09 20:50:33,199] Trial 5 finished with value: 0.9 and parameters: {'hidden_layer_sizes': (200,), 'max_iter': 100, 'alpha': 0.0001}. Best is trial 5 with value: 0.9.
[I 2026-04-09 20:50:33,276] Trial 6 finished with value: 0.75 and parameters: {'hidden_layer_sizes': (100, 100), 'max_iter': 100, 'alpha': 0.001}. Best is trial 5 with value: 0.9.
[I 2026-04-09 20:50:33,311] Trial 7 finished with value: 0.8 and parameters: {'hidden_layer_sizes': (200,), 'max_iter': 50, 'alpha': 0.001}. Best is trial 5 with value: 0.9.
[I 2026-04-09 20:50:33,356] Trial 8 finished with value: 0.75 and parameters: {'hidden_layer_sizes': (100,), 'max_iter': 100, 'alpha': 0.001}. Best is trial 5 with value: 0.9.
[I 2026-04-09 20:50:33,393] Trial 9 finished with value: 0.75 and parameters: {'hidden_layer_sizes': (200,), 'max_iter': 50, 'alpha': 0.001}. Best is trial 5 with value: 0.9.
[I 2026-04-09 20:50:33,443] Trial 10 finished with value: 0.75 and parameters: {'hidden_layer_sizes': (100,), 'max_iter': 100, 'alpha': 0.0001}. Best is trial 5 with value: 0.9.
[I 2026-04-09 20:50:33,523] Trial 11 finished with value: 0.75 and parameters: {'hidden_layer_sizes': (100, 100), 'max_iter': 100, 'alpha': 0.0001}. Best is trial 5 with value: 0.9.
[I 2026-04-09 20:50:33,591] Trial 12 finished with value: 0.8 and parameters: {'hidden_layer_sizes': (100, 100), 'max_iter': 100, 'alpha': 0.0001}. Best is trial 5 with value: 0.9.
[I 2026-04-09 20:50:33,661] Trial 13 finished with value: 0.7 and parameters: {'hidden_layer_sizes': (100, 100), 'max_iter': 100, 'alpha': 0.0001}. Best is trial 5 with value: 0.9.
[I 2026-04-09 20:50:33,719] Trial 14 finished with value: 0.65 and parameters: {'hidden_layer_sizes': (100,), 'max_iter': 100, 'alpha': 0.0001}. Best is trial 5 with value: 0.9.
[I 2026-04-09 20:50:33,776] Trial 15 finished with value: 0.8 and parameters: {'hidden_layer_sizes': (200,), 'max_iter': 100, 'alpha': 0.0001}. Best is trial 5 with value: 0.9.
[I 2026-04-09 20:50:33,856] Trial 16 finished with value: 0.8 and parameters: {'hidden_layer_sizes': (100, 100), 'max_iter': 100, 'alpha': 0.0001}. Best is trial 5 with value: 0.9.
[I 2026-04-09 20:50:33,922] Trial 17 finished with value: 0.8 and parameters: {'hidden_layer_sizes': (200,), 'max_iter': 100, 'alpha': 0.0001}. Best is trial 5 with value: 0.9.
[I 2026-04-09 20:50:33,966] Trial 18 finished with value: 0.75 and parameters: {'hidden_layer_sizes': (100, 100), 'max_iter': 50, 'alpha': 0.0001}. Best is trial 5 with value: 0.9.
[I 2026-04-09 20:50:34,017] Trial 19 finished with value: 0.8 and parameters: {'hidden_layer_sizes': (100,), 'max_iter': 100, 'alpha': 0.0001}. Best is trial 5 with value: 0.9.
[I 2026-04-09 20:50:34,088] Trial 20 finished with value: 0.75 and parameters: {'hidden_layer_sizes': (100, 100), 'max_iter': 100, 'alpha': 0.0001}. Best is trial 5 with value: 0.9.
[I 2026-04-09 20:50:34,136] Trial 21 finished with value: 0.75 and parameters: {'hidden_layer_sizes': (200,), 'max_iter': 100, 'alpha': 0.001}. Best is trial 5 with value: 0.9.
[I 2026-04-09 20:50:34,203] Trial 22 finished with value: 0.75 and parameters: {'hidden_layer_sizes': (200,), 'max_iter': 100, 'alpha': 0.001}. Best is trial 5 with value: 0.9.
[I 2026-04-09 20:50:34,273] Trial 23 finished with value: 0.85 and parameters: {'hidden_layer_sizes': (200,), 'max_iter': 100, 'alpha': 0.001}. Best is trial 5 with value: 0.9.
[I 2026-04-09 20:50:34,318] Trial 24 finished with value: 0.75 and parameters: {'hidden_layer_sizes': (200,), 'max_iter': 100, 'alpha': 0.001}. Best is trial 5 with value: 0.9.
[I 2026-04-09 20:50:34,378] Trial 25 finished with value: 0.8 and parameters: {'hidden_layer_sizes': (200,), 'max_iter': 100, 'alpha': 0.0001}. Best is trial 5 with value: 0.9.
[I 2026-04-09 20:50:34,413] Trial 26 finished with value: 0.75 and parameters: {'hidden_layer_sizes': (200,), 'max_iter': 50, 'alpha': 0.001}. Best is trial 5 with value: 0.9.
[I 2026-04-09 20:50:34,481] Trial 27 finished with value: 0.85 and parameters: {'hidden_layer_sizes': (200,), 'max_iter': 100, 'alpha': 0.0001}. Best is trial 5 with value: 0.9.
[I 2026-04-09 20:50:34,528] Trial 28 finished with value: 0.85 and parameters: {'hidden_layer_sizes': (100,), 'max_iter': 100, 'alpha': 0.001}. Best is trial 5 with value: 0.9.
[I 2026-04-09 20:50:34,608] Trial 29 finished with value: 0.8 and parameters: {'hidden_layer_sizes': (100, 100), 'max_iter': 100, 'alpha': 0.001}. Best is trial 5 with value: 0.9.
[I 2026-04-09 20:50:43,329] A new study created in memory with name: naive_bayes
[I 2026-04-09 20:50:43,344] Trial 0 finished with value: 1.0 and parameters: {'var_smoothing': 1.0489343501429862e-10}. Best is trial 0 with value: 1.0.
[I 2026-04-09 20:50:43,357] Trial 1 finished with value: 1.0 and parameters: {'var_smoothing': 1.0086701860885373e-09}. Best is trial 0 with value: 1.0.
[I 2026-04-09 20:50:43,371] Trial 2 finished with value: 1.0 and parameters: {'var_smoothing': 9.807235097598006e-10}. Best is trial 0 with value: 1.0.
[I 2026-04-09 20:50:43,384] Trial 3 finished with value: 1.0 and parameters: {'var_smoothing': 1.8520770828517824e-10}. Best is trial 0 with value: 1.0.
[I 2026-04-09 20:50:43,398] Trial 4 finished with value: 1.0 and parameters: {'var_smoothing': 1.9240757716714087e-10}. Best is trial 0 with value: 1.0.
[I 2026-04-09 20:50:43,411] Trial 5 finished with value: 1.0 and parameters: {'var_smoothing': 2.736007926537145e-10}. Best is trial 0 with value: 1.0.
[I 2026-04-09 20:50:43,423] Trial 6 finished with value: 1.0 and parameters: {'var_smoothing': 6.87094324185739e-10}. Best is trial 0 with value: 1.0.
[I 2026-04-09 20:50:43,435] Trial 7 finished with value: 1.0 and parameters: {'var_smoothing': 3.134745855231349e-10}. Best is trial 0 with value: 1.0.
[I 2026-04-09 20:50:43,447] Trial 8 finished with value: 1.0 and parameters: {'var_smoothing': 1.4727170077821783e-10}. Best is trial 0 with value: 1.0.
[I 2026-04-09 20:50:43,459] Trial 9 finished with value: 1.0 and parameters: {'var_smoothing': 4.909048017047017e-10}. Best is trial 0 with value: 1.0.
[I 2026-04-09 20:50:43,475] Trial 10 finished with value: 1.0 and parameters: {'var_smoothing': 4.226228455594519e-09}. Best is trial 0 with value: 1.0.
[I 2026-04-09 20:50:43,492] Trial 11 finished with value: 1.0 and parameters: {'var_smoothing': 2.8481546791169343e-09}. Best is trial 0 with value: 1.0.
[I 2026-04-09 20:50:43,512] Trial 12 finished with value: 1.0 and parameters: {'var_smoothing': 1.9032336526904254e-09}. Best is trial 0 with value: 1.0.
[I 2026-04-09 20:50:43,528] Trial 13 finished with value: 1.0 and parameters: {'var_smoothing': 1.6192707465333408e-09}. Best is trial 0 with value: 1.0.
[I 2026-04-09 20:50:43,549] Trial 14 finished with value: 1.0 and parameters: {'var_smoothing': 1.0137193502251743e-10}. Best is trial 0 with value: 1.0.
[I 2026-04-09 20:50:43,568] Trial 15 finished with value: 1.0 and parameters: {'var_smoothing': 7.233291262560306e-09}. Best is trial 0 with value: 1.0.
[I 2026-04-09 20:50:43,589] Trial 16 finished with value: 1.0 and parameters: {'var_smoothing': 5.636880428096003e-10}. Best is trial 0 with value: 1.0.
[I 2026-04-09 20:50:43,606] Trial 17 finished with value: 1.0 and parameters: {'var_smoothing': 1.2682382630515742e-09}. Best is trial 0 with value: 1.0.
[I 2026-04-09 20:50:43,623] Trial 18 finished with value: 1.0 and parameters: {'var_smoothing': 3.934685686653308e-10}. Best is trial 0 with value: 1.0.
[I 2026-04-09 20:50:43,641] Trial 19 finished with value: 1.0 and parameters: {'var_smoothing': 8.419551297505738e-10}. Best is trial 0 with value: 1.0.
[I 2026-04-09 20:50:43,658] Trial 20 finished with value: 1.0 and parameters: {'var_smoothing': 2.608399883647147e-09}. Best is trial 0 with value: 1.0.
[I 2026-04-09 20:50:43,674] Trial 21 finished with value: 1.0 and parameters: {'var_smoothing': 1.1043065925699652e-09}. Best is trial 0 with value: 1.0.
[I 2026-04-09 20:50:43,691] Trial 22 finished with value: 1.0 and parameters: {'var_smoothing': 7.818254747144452e-09}. Best is trial 0 with value: 1.0.
[I 2026-04-09 20:50:43,706] Trial 23 finished with value: 1.0 and parameters: {'var_smoothing': 4.506881416225629e-09}. Best is trial 0 with value: 1.0.
[I 2026-04-09 20:50:43,733] Trial 24 finished with value: 1.0 and parameters: {'var_smoothing': 8.370195589160265e-10}. Best is trial 0 with value: 1.0.
[I 2026-04-09 20:50:43,756] Trial 25 finished with value: 1.0 and parameters: {'var_smoothing': 1.4246564400615985e-09}. Best is trial 0 with value: 1.0.
[I 2026-04-09 20:50:43,775] Trial 26 finished with value: 1.0 and parameters: {'var_smoothing': 1.055993505169999e-10}. Best is trial 0 with value: 1.0.
[I 2026-04-09 20:50:43,792] Trial 27 finished with value: 1.0 and parameters: {'var_smoothing': 2.338070103551991e-09}. Best is trial 0 with value: 1.0.
[I 2026-04-09 20:50:43,810] Trial 28 finished with value: 1.0 and parameters: {'var_smoothing': 2.9749637796955326e-10}. Best is trial 0 with value: 1.0.
[I 2026-04-09 20:50:43,840] Trial 29 finished with value: 1.0 and parameters: {'var_smoothing': 2.1414596138226606e-10}. Best is trial 0 with value: 1.0.
[I 2026-04-09 20:50:44,890] A new study created in memory with name: logreg
[I 2026-04-09 20:50:44,904] Trial 0 finished with value: 1.0 and parameters: {'C': 0.0011268620922535318, 'penalty': 'l2'}. Best is trial 0 with value: 1.0.
[I 2026-04-09 20:50:44,916] Trial 1 finished with value: 1.0 and parameters: {'C': 0.32312678588710475, 'penalty': 'l2'}. Best is trial 0 with value: 1.0.
[I 2026-04-09 20:50:44,939] Trial 2 finished with value: 1.0 and parameters: {'C': 0.3012079745112611, 'penalty': 'l2'}. Best is trial 0 with value: 1.0.
[I 2026-04-09 20:50:44,951] Trial 3 finished with value: 1.0 and parameters: {'C': 0.004668180550042529, 'penalty': 'l2'}. Best is trial 0 with value: 1.0.
[I 2026-04-09 20:50:44,974] Trial 4 finished with value: 1.0 and parameters: {'C': 0.005135177115384908, 'penalty': 'l2'}. Best is trial 0 with value: 1.0.
[I 2026-04-09 20:50:44,999] Trial 5 finished with value: 1.0 and parameters: {'C': 0.01238207351349697, 'penalty': 'l2'}. Best is trial 0 with value: 1.0.
[I 2026-04-09 20:50:45,024] Trial 6 finished with value: 1.0 and parameters: {'C': 0.12374877330306278, 'penalty': 'l2'}. Best is trial 0 with value: 1.0.
[I 2026-04-09 20:50:45,049] Trial 7 finished with value: 1.0 and parameters: {'C': 0.017398261017749217, 'penalty': 'l2'}. Best is trial 0 with value: 1.0.
[I 2026-04-09 20:50:45,074] Trial 8 finished with value: 1.0 and parameters: {'C': 0.002632074973627294, 'penalty': 'l2'}. Best is trial 0 with value: 1.0.
[I 2026-04-09 20:50:45,098] Trial 9 finished with value: 1.0 and parameters: {'C': 0.053394091359671186, 'penalty': 'l2'}. Best is trial 0 with value: 1.0.
[I 2026-04-09 20:50:45,124] Trial 10 finished with value: 1.0 and parameters: {'C': 11.611342204749677, 'penalty': 'l2'}. Best is trial 0 with value: 1.0.
[I 2026-04-09 20:50:45,146] Trial 11 finished with value: 1.0 and parameters: {'C': 4.3292127493856185, 'penalty': 'l2'}. Best is trial 0 with value: 1.0.
[I 2026-04-09 20:50:45,169] Trial 12 finished with value: 1.0 and parameters: {'C': 1.5802662705953956, 'penalty': 'l2'}. Best is trial 0 with value: 1.0.
[I 2026-04-09 20:50:45,185] Trial 13 finished with value: 1.0 and parameters: {'C': 1.055112273963652, 'penalty': 'l2'}. Best is trial 0 with value: 1.0.
[I 2026-04-09 20:50:45,201] Trial 14 finished with value: 1.0 and parameters: {'C': 0.0010346520947120835, 'penalty': 'l2'}. Best is trial 0 with value: 1.0.
[I 2026-04-09 20:50:45,217] Trial 15 finished with value: 1.0 and parameters: {'C': 44.49793762384799, 'penalty': 'l2'}. Best is trial 0 with value: 1.0.
[I 2026-04-09 20:50:45,244] Trial 16 finished with value: 1.0 and parameters: {'C': 0.07543919686422959, 'penalty': 'l2'}. Best is trial 0 with value: 1.0.
[I 2026-04-09 20:50:45,273] Trial 17 finished with value: 1.0 and parameters: {'C': 0.5727988396708396, 'penalty': 'l2'}. Best is trial 0 with value: 1.0.
[I 2026-04-09 20:50:45,304] Trial 18 finished with value: 1.0 and parameters: {'C': 0.030709667456339317, 'penalty': 'l2'}. Best is trial 0 with value: 1.0.
[I 2026-04-09 20:50:45,323] Trial 19 finished with value: 1.0 and parameters: {'C': 0.20569435262940663, 'penalty': 'l2'}. Best is trial 0 with value: 1.0.
[I 2026-04-09 20:50:45,339] Trial 20 finished with value: 1.0 and parameters: {'C': 3.4748449465651854, 'penalty': 'l2'}. Best is trial 0 with value: 1.0.
[I 2026-04-09 20:50:45,365] Trial 21 finished with value: 1.0 and parameters: {'C': 0.40525106247507264, 'penalty': 'l2'}. Best is trial 0 with value: 1.0.
[I 2026-04-09 20:50:45,393] Trial 22 finished with value: 1.0 and parameters: {'C': 54.04736719428917, 'penalty': 'l2'}. Best is trial 0 with value: 1.0.
[I 2026-04-09 20:50:45,434] Trial 23 finished with value: 1.0 and parameters: {'C': 13.636104725962543, 'penalty': 'l2'}. Best is trial 0 with value: 1.0.
[I 2026-04-09 20:50:45,458] Trial 24 finished with value: 1.0 and parameters: {'C': 0.2026931238868972, 'penalty': 'l2'}. Best is trial 0 with value: 1.0.
[I 2026-04-09 20:50:45,474] Trial 25 finished with value: 1.0 and parameters: {'C': 0.7660821867425266, 'penalty': 'l2'}. Best is trial 0 with value: 1.0.
[I 2026-04-09 20:50:45,502] Trial 26 finished with value: 1.0 and parameters: {'C': 0.001145916882319131, 'penalty': 'l2'}. Best is trial 0 with value: 1.0.
[I 2026-04-09 20:50:45,521] Trial 27 finished with value: 1.0 and parameters: {'C': 2.643283967037698, 'penalty': 'l2'}. Best is trial 0 with value: 1.0.
[I 2026-04-09 20:50:45,552] Trial 28 finished with value: 1.0 and parameters: {'C': 0.015265260024563953, 'penalty': 'l2'}. Best is trial 0 with value: 1.0.
[I 2026-04-09 20:50:45,583] Trial 29 finished with value: 1.0 and parameters: {'C': 0.006710806568251291, 'penalty': 'l2'}. Best is trial 0 with value: 1.0.
[I 2026-04-09 20:50:46,579] A new study created in memory with name: knn
[I 2026-04-09 20:50:46,596] Trial 0 finished with value: 1.0 and parameters: {'n_neighbors': 3, 'leaf_size': 30, 'p': 1}. Best is trial 0 with value: 1.0.
[I 2026-04-09 20:50:46,609] Trial 1 finished with value: 1.0 and parameters: {'n_neighbors': 4, 'leaf_size': 24, 'p': 1}. Best is trial 0 with value: 1.0.
[I 2026-04-09 20:50:46,622] Trial 2 finished with value: 1.0 and parameters: {'n_neighbors': 3, 'leaf_size': 27, 'p': 2}. Best is trial 0 with value: 1.0.
[I 2026-04-09 20:50:46,635] Trial 3 finished with value: 1.0 and parameters: {'n_neighbors': 10, 'leaf_size': 20, 'p': 1}. Best is trial 0 with value: 1.0.
[I 2026-04-09 20:50:46,670] Trial 4 finished with value: 1.0 and parameters: {'n_neighbors': 10, 'leaf_size': 34, 'p': 2}. Best is trial 0 with value: 1.0.
[I 2026-04-09 20:50:46,685] Trial 5 finished with value: 1.0 and parameters: {'n_neighbors': 6, 'leaf_size': 34, 'p': 1}. Best is trial 0 with value: 1.0.
[I 2026-04-09 20:50:46,698] Trial 6 finished with value: 1.0 and parameters: {'n_neighbors': 10, 'leaf_size': 36, 'p': 1}. Best is trial 0 with value: 1.0.
[I 2026-04-09 20:50:46,711] Trial 7 finished with value: 1.0 and parameters: {'n_neighbors': 7, 'leaf_size': 39, 'p': 2}. Best is trial 0 with value: 1.0.
[I 2026-04-09 20:50:46,726] Trial 8 finished with value: 1.0 and parameters: {'n_neighbors': 10, 'leaf_size': 23, 'p': 2}. Best is trial 0 with value: 1.0.
[I 2026-04-09 20:50:46,761] Trial 9 finished with value: 1.0 and parameters: {'n_neighbors': 10, 'leaf_size': 35, 'p': 2}. Best is trial 0 with value: 1.0.
[I 2026-04-09 20:50:46,782] Trial 10 finished with value: 1.0 and parameters: {'n_neighbors': 5, 'leaf_size': 30, 'p': 1}. Best is trial 0 with value: 1.0.
[I 2026-04-09 20:50:46,806] Trial 11 finished with value: 1.0 and parameters: {'n_neighbors': 3, 'leaf_size': 26, 'p': 1}. Best is trial 0 with value: 1.0.
[I 2026-04-09 20:50:46,828] Trial 12 finished with value: 1.0 and parameters: {'n_neighbors': 4, 'leaf_size': 29, 'p': 1}. Best is trial 0 with value: 1.0.
[I 2026-04-09 20:50:46,863] Trial 13 finished with value: 1.0 and parameters: {'n_neighbors': 5, 'leaf_size': 24, 'p': 1}. Best is trial 0 with value: 1.0.
[I 2026-04-09 20:50:46,887] Trial 14 finished with value: 1.0 and parameters: {'n_neighbors': 8, 'leaf_size': 20, 'p': 1}. Best is trial 0 with value: 1.0.
[I 2026-04-09 20:50:46,909] Trial 15 finished with value: 1.0 and parameters: {'n_neighbors': 4, 'leaf_size': 32, 'p': 1}. Best is trial 0 with value: 1.0.
[I 2026-04-09 20:50:46,929] Trial 16 finished with value: 1.0 and parameters: {'n_neighbors': 4, 'leaf_size': 27, 'p': 1}. Best is trial 0 with value: 1.0.
[I 2026-04-09 20:50:46,953] Trial 17 finished with value: 1.0 and parameters: {'n_neighbors': 3, 'leaf_size': 23, 'p': 1}. Best is trial 0 with value: 1.0.
[I 2026-04-09 20:50:46,976] Trial 18 finished with value: 1.0 and parameters: {'n_neighbors': 5, 'leaf_size': 31, 'p': 1}. Best is trial 0 with value: 1.0.
[I 2026-04-09 20:50:47,001] Trial 19 finished with value: 1.0 and parameters: {'n_neighbors': 6, 'leaf_size': 40, 'p': 1}. Best is trial 0 with value: 1.0.
[I 2026-04-09 20:50:47,024] Trial 20 finished with value: 1.0 and parameters: {'n_neighbors': 8, 'leaf_size': 25, 'p': 1}. Best is trial 0 with value: 1.0.
