[I 2026-04-07 01:52:06,786] Trial 29 finished with value: 0.6 and parameters: {'hidden_layer_sizes': (100, 100), 'max_iter': 50, 'alpha': 0.001}. Best is trial 3 with value: 0.7.
[I 2026-04-07 02:05:46,841] A new study created in memory with name: naive_bayes
Parámetros guardados en checkpoint_paysim_Doriginal_I_sin_full/ag/IPC_10/best_models_ag_seed_8_space_original/naive_bayes_best_params.json


>>> Optuna tuning logreg metodo ag IPC 10 seed 8


Parámetros guardados en checkpoint_paysim_Doriginal_I_sin_full/ag/IPC_10/best_models_ag_seed_8_space_original/logreg_best_params.json


>>> Optuna tuning knn metodo ag IPC 10 seed 8


Parámetros guardados en checkpoint_paysim_Doriginal_I_sin_full/ag/IPC_10/best_models_ag_seed_8_space_original/knn_best_params.json


>>> Optuna tuning xgb metodo ag IPC 10 seed 8


Parámetros guardados en checkpoint_paysim_Doriginal_I_sin_full/ag/IPC_10/best_models_ag_seed_8_space_original/xgb_best_params.json


>>> Optuna tuning rf metodo ag IPC 10 seed 8


Parámetros guardados en checkpoint_paysim_Doriginal_I_sin_full/ag/IPC_10/best_models_ag_seed_8_space_original/rf_best_params.json


>>> Optuna tuning mlp metodo ag IPC 10 seed 8


Parámetros guardados en checkpoint_paysim_Doriginal_I_sin_full/ag/IPC_10/best_models_ag_seed_8_space_original/mlp_best_params.json


>>> Optuna tuning naive_bayes metodo k_center IPC 10 seed 8


Parámetros guardados en checkpoint_paysim_Doriginal_I_sin_full/k_center/IPC_10/best_models_k_center_seed_8_space_original/naive_bayes_best_params.json


>>> Optuna tuning logreg metodo k_center IPC 10 seed 8


Parámetros guardados en checkpoint_paysim_Doriginal_I_sin_full/k_center/IPC_10/best_models_k_center_seed_8_space_original/logreg_best_params.json


>>> Optuna tuning knn metodo k_center IPC 10 seed 8


Parámetros guardados en checkpoint_paysim_Doriginal_I_sin_full/k_center/IPC_10/best_models_k_center_seed_8_space_original/knn_best_params.json


>>> Optuna tuning xgb metodo k_center IPC 10 seed 8


Parámetros guardados en checkpoint_paysim_Doriginal_I_sin_full/k_center/IPC_10/best_models_k_center_seed_8_space_original/xgb_best_params.json


>>> Optuna tuning rf metodo k_center IPC 10 seed 8


Parámetros guardados en checkpoint_paysim_Doriginal_I_sin_full/k_center/IPC_10/best_models_k_center_seed_8_space_original/rf_best_params.json


>>> Optuna tuning mlp metodo k_center IPC 10 seed 8


Parámetros guardados en checkpoint_paysim_Doriginal_I_sin_full/k_center/IPC_10/best_models_k_center_seed_8_space_original/mlp_best_params.json


>>> Optuna tuning naive_bayes metodo lc IPC 10 seed 8


Parámetros guardados en checkpoint_paysim_Doriginal_I_sin_full/lc/IPC_10/best_models_lc_seed_8_space_original/naive_bayes_best_params.json


>>> Optuna tuning logreg metodo lc IPC 10 seed 8


Parámetros guardados en checkpoint_paysim_Doriginal_I_sin_full/lc/IPC_10/best_models_lc_seed_8_space_original/logreg_best_params.json


>>> Optuna tuning knn metodo lc IPC 10 seed 8


Parámetros guardados en checkpoint_paysim_Doriginal_I_sin_full/lc/IPC_10/best_models_lc_seed_8_space_original/knn_best_params.json


>>> Optuna tuning xgb metodo lc IPC 10 seed 8


Parámetros guardados en checkpoint_paysim_Doriginal_I_sin_full/lc/IPC_10/best_models_lc_seed_8_space_original/xgb_best_params.json


>>> Optuna tuning rf metodo lc IPC 10 seed 8


Parámetros guardados en checkpoint_paysim_Doriginal_I_sin_full/lc/IPC_10/best_models_lc_seed_8_space_original/rf_best_params.json


>>> Optuna tuning mlp metodo lc IPC 10 seed 8


Parámetros guardados en checkpoint_paysim_Doriginal_I_sin_full/lc/IPC_10/best_models_lc_seed_8_space_original/mlp_best_params.json


>>> Optuna tuning naive_bayes metodo random IPC 10 seed 9


Parámetros guardados en checkpoint_paysim_Doriginal_I_sin_full/random/IPC_10/best_models_random_seed_9_space_original/naive_bayes_best_params.json


>>> Optuna tuning logreg metodo random IPC 10 seed 9


Parámetros guardados en checkpoint_paysim_Doriginal_I_sin_full/random/IPC_10/best_models_random_seed_9_space_original/logreg_best_params.json


>>> Optuna tuning knn metodo random IPC 10 seed 9


Parámetros guardados en checkpoint_paysim_Doriginal_I_sin_full/random/IPC_10/best_models_random_seed_9_space_original/knn_best_params.json


>>> Optuna tuning xgb metodo random IPC 10 seed 9


Parámetros guardados en checkpoint_paysim_Doriginal_I_sin_full/random/IPC_10/best_models_random_seed_9_space_original/xgb_best_params.json


>>> Optuna tuning rf metodo random IPC 10 seed 9


Parámetros guardados en checkpoint_paysim_Doriginal_I_sin_full/random/IPC_10/best_models_random_seed_9_space_original/rf_best_params.json


>>> Optuna tuning mlp metodo random IPC 10 seed 9


Parámetros guardados en checkpoint_paysim_Doriginal_I_sin_full/random/IPC_10/best_models_random_seed_9_space_original/mlp_best_params.json


>>> Optuna tuning naive_bayes metodo k-means IPC 10 seed 9


Parámetros guardados en checkpoint_paysim_Doriginal_I_sin_full/k-means/IPC_10/best_models_k-means_seed_9_space_original/naive_bayes_best_params.json


>>> Optuna tuning logreg metodo k-means IPC 10 seed 9


Parámetros guardados en checkpoint_paysim_Doriginal_I_sin_full/k-means/IPC_10/best_models_k-means_seed_9_space_original/logreg_best_params.json


>>> Optuna tuning knn metodo k-means IPC 10 seed 9


Parámetros guardados en checkpoint_paysim_Doriginal_I_sin_full/k-means/IPC_10/best_models_k-means_seed_9_space_original/knn_best_params.json


>>> Optuna tuning xgb metodo k-means IPC 10 seed 9


Parámetros guardados en checkpoint_paysim_Doriginal_I_sin_full/k-means/IPC_10/best_models_k-means_seed_9_space_original/xgb_best_params.json


>>> Optuna tuning rf metodo k-means IPC 10 seed 9


Parámetros guardados en checkpoint_paysim_Doriginal_I_sin_full/k-means/IPC_10/best_models_k-means_seed_9_space_original/rf_best_params.json


>>> Optuna tuning mlp metodo k-means IPC 10 seed 9


Parámetros guardados en checkpoint_paysim_Doriginal_I_sin_full/k-means/IPC_10/best_models_k-means_seed_9_space_original/mlp_best_params.json


>>> Optuna tuning naive_bayes metodo ag IPC 10 seed 9


[I 2026-04-07 02:05:49,354] Trial 0 finished with value: 0.7 and parameters: {'var_smoothing': 1.0489343501429862e-10}. Best is trial 0 with value: 0.7.
[I 2026-04-07 02:05:51,737] Trial 1 finished with value: 0.7 and parameters: {'var_smoothing': 1.0086701860885373e-09}. Best is trial 0 with value: 0.7.
[I 2026-04-07 02:05:54,107] Trial 2 finished with value: 0.7 and parameters: {'var_smoothing': 9.807235097598006e-10}. Best is trial 0 with value: 0.7.
[I 2026-04-07 02:05:56,382] Trial 3 finished with value: 0.7 and parameters: {'var_smoothing': 1.8520770828517824e-10}. Best is trial 0 with value: 0.7.
[I 2026-04-07 02:05:58,667] Trial 4 finished with value: 0.7 and parameters: {'var_smoothing': 1.9240757716714087e-10}. Best is trial 0 with value: 0.7.
[I 2026-04-07 02:06:00,966] Trial 5 finished with value: 0.7 and parameters: {'var_smoothing': 2.736007926537145e-10}. Best is trial 0 with value: 0.7.
[I 2026-04-07 02:06:03,352] Trial 6 finished with value: 0.7 and parameters: {'var_smoothing': 6.87094324185739e-10}. Best is trial 0 with value: 0.7.
[I 2026-04-07 02:06:05,645] Trial 7 finished with value: 0.7 and parameters: {'var_smoothing': 3.134745855231349e-10}. Best is trial 0 with value: 0.7.
[I 2026-04-07 02:06:07,961] Trial 8 finished with value: 0.7 and parameters: {'var_smoothing': 1.4727170077821783e-10}. Best is trial 0 with value: 0.7.
[I 2026-04-07 02:06:10,225] Trial 9 finished with value: 0.7 and parameters: {'var_smoothing': 4.909048017047017e-10}. Best is trial 0 with value: 0.7.
[I 2026-04-07 02:06:12,517] Trial 10 finished with value: 0.7 and parameters: {'var_smoothing': 4.226228455594519e-09}. Best is trial 0 with value: 0.7.
[I 2026-04-07 02:06:14,790] Trial 11 finished with value: 0.7 and parameters: {'var_smoothing': 2.8481546791169343e-09}. Best is trial 0 with value: 0.7.
[I 2026-04-07 02:06:17,069] Trial 12 finished with value: 0.7 and parameters: {'var_smoothing': 1.9032336526904254e-09}. Best is trial 0 with value: 0.7.
[I 2026-04-07 02:06:17,090] Trial 13 finished with value: 0.7 and parameters: {'var_smoothing': 1.6192707465333408e-09}. Best is trial 0 with value: 0.7.
[I 2026-04-07 02:06:17,109] Trial 14 finished with value: 0.7 and parameters: {'var_smoothing': 1.0137193502251743e-10}. Best is trial 0 with value: 0.7.
[I 2026-04-07 02:06:17,139] Trial 15 finished with value: 0.7 and parameters: {'var_smoothing': 7.233291262560306e-09}. Best is trial 0 with value: 0.7.
[I 2026-04-07 02:06:17,169] Trial 16 finished with value: 0.7 and parameters: {'var_smoothing': 5.636880428096003e-10}. Best is trial 0 with value: 0.7.
[I 2026-04-07 02:06:17,199] Trial 17 finished with value: 0.7 and parameters: {'var_smoothing': 1.2682382630515742e-09}. Best is trial 0 with value: 0.7.
[I 2026-04-07 02:06:17,227] Trial 18 finished with value: 0.7 and parameters: {'var_smoothing': 3.934685686653308e-10}. Best is trial 0 with value: 0.7.
[I 2026-04-07 02:06:17,257] Trial 19 finished with value: 0.7 and parameters: {'var_smoothing': 8.419551297505738e-10}. Best is trial 0 with value: 0.7.
[I 2026-04-07 02:06:17,287] Trial 20 finished with value: 0.7 and parameters: {'var_smoothing': 2.608399883647147e-09}. Best is trial 0 with value: 0.7.
[I 2026-04-07 02:06:17,315] Trial 21 finished with value: 0.7 and parameters: {'var_smoothing': 1.1043065925699652e-09}. Best is trial 0 with value: 0.7.
[I 2026-04-07 02:06:17,344] Trial 22 finished with value: 0.7 and parameters: {'var_smoothing': 7.818254747144452e-09}. Best is trial 0 with value: 0.7.
[I 2026-04-07 02:06:17,374] Trial 23 finished with value: 0.7 and parameters: {'var_smoothing': 4.506881416225629e-09}. Best is trial 0 with value: 0.7.
[I 2026-04-07 02:06:17,422] Trial 24 finished with value: 0.7 and parameters: {'var_smoothing': 8.370195589160265e-10}. Best is trial 0 with value: 0.7.
[I 2026-04-07 02:06:17,441] Trial 25 finished with value: 0.7 and parameters: {'var_smoothing': 1.4246564400615985e-09}. Best is trial 0 with value: 0.7.
[I 2026-04-07 02:06:17,461] Trial 26 finished with value: 0.7 and parameters: {'var_smoothing': 1.055993505169999e-10}. Best is trial 0 with value: 0.7.
[I 2026-04-07 02:06:17,480] Trial 27 finished with value: 0.7 and parameters: {'var_smoothing': 2.338070103551991e-09}. Best is trial 0 with value: 0.7.
[I 2026-04-07 02:06:17,510] Trial 28 finished with value: 0.7 and parameters: {'var_smoothing': 2.9749637796955326e-10}. Best is trial 0 with value: 0.7.
[I 2026-04-07 02:06:17,530] Trial 29 finished with value: 0.7 and parameters: {'var_smoothing': 2.1414596138226606e-10}. Best is trial 0 with value: 0.7.
[I 2026-04-07 02:06:18,530] A new study created in memory with name: logreg
[I 2026-04-07 02:06:18,584] Trial 0 finished with value: 0.25 and parameters: {'C': 0.0011268620922535318, 'penalty': 'l2'}. Best is trial 0 with value: 0.25.
[I 2026-04-07 02:06:18,639] Trial 1 finished with value: 0.6 and parameters: {'C': 0.32312678588710475, 'penalty': 'l2'}. Best is trial 1 with value: 0.6.
[I 2026-04-07 02:06:18,694] Trial 2 finished with value: 0.6 and parameters: {'C': 0.3012079745112611, 'penalty': 'l2'}. Best is trial 1 with value: 0.6.
[I 2026-04-07 02:06:18,749] Trial 3 finished with value: 0.3 and parameters: {'C': 0.004668180550042529, 'penalty': 'l2'}. Best is trial 1 with value: 0.6.
[I 2026-04-07 02:06:18,804] Trial 4 finished with value: 0.3 and parameters: {'C': 0.005135177115384908, 'penalty': 'l2'}. Best is trial 1 with value: 0.6.
[I 2026-04-07 02:06:18,860] Trial 5 finished with value: 0.25 and parameters: {'C': 0.01238207351349697, 'penalty': 'l2'}. Best is trial 1 with value: 0.6.
[I 2026-04-07 02:06:18,907] Trial 6 finished with value: 0.5 and parameters: {'C': 0.12374877330306278, 'penalty': 'l2'}. Best is trial 1 with value: 0.6.
[I 2026-04-07 02:06:18,952] Trial 7 finished with value: 0.25 and parameters: {'C': 0.017398261017749217, 'penalty': 'l2'}. Best is trial 1 with value: 0.6.
[I 2026-04-07 02:06:18,999] Trial 8 finished with value: 0.25 and parameters: {'C': 0.002632074973627294, 'penalty': 'l2'}. Best is trial 1 with value: 0.6.
[I 2026-04-07 02:06:19,054] Trial 9 finished with value: 0.4 and parameters: {'C': 0.053394091359671186, 'penalty': 'l2'}. Best is trial 1 with value: 0.6.
[I 2026-04-07 02:06:19,115] Trial 10 finished with value: 0.65 and parameters: {'C': 9.528231497855979, 'penalty': 'l2'}. Best is trial 10 with value: 0.65.
[I 2026-04-07 02:06:19,176] Trial 11 finished with value: 0.6 and parameters: {'C': 7.996735848918345, 'penalty': 'l2'}. Best is trial 10 with value: 0.65.
[I 2026-04-07 02:06:19,216] Trial 12 finished with value: 0.65 and parameters: {'C': 5.977010062666191, 'penalty': 'l2'}. Best is trial 10 with value: 0.65.
[I 2026-04-07 02:06:19,257] Trial 13 finished with value: 0.75 and parameters: {'C': 48.68563429593437, 'penalty': 'l2'}. Best is trial 13 with value: 0.75.
[I 2026-04-07 02:06:19,297] Trial 14 finished with value: 0.75 and parameters: {'C': 55.628500619581246, 'penalty': 'l2'}. Best is trial 13 with value: 0.75.
[I 2026-04-07 02:06:19,334] Trial 15 finished with value: 0.75 and parameters: {'C': 91.3031815039148, 'penalty': 'l2'}. Best is trial 13 with value: 0.75.
[I 2026-04-07 02:06:19,372] Trial 16 finished with value: 0.75 and parameters: {'C': 47.6113832019009, 'penalty': 'l2'}. Best is trial 13 with value: 0.75.
[I 2026-04-07 02:06:19,401] Trial 17 finished with value: 0.6 and parameters: {'C': 1.5928780251380492, 'penalty': 'l2'}. Best is trial 13 with value: 0.75.
[I 2026-04-07 02:06:19,442] Trial 18 finished with value: 0.75 and parameters: {'C': 26.035970390265447, 'penalty': 'l2'}. Best is trial 13 with value: 0.75.
[I 2026-04-07 02:06:19,470] Trial 19 finished with value: 0.65 and parameters: {'C': 2.2398974482264493, 'penalty': 'l2'}. Best is trial 13 with value: 0.75.
[I 2026-04-07 02:06:19,509] Trial 20 finished with value: 0.75 and parameters: {'C': 22.354939059540442, 'penalty': 'l2'}. Best is trial 13 with value: 0.75.
[I 2026-04-07 02:06:19,550] Trial 21 finished with value: 0.75 and parameters: {'C': 97.48954321075954, 'penalty': 'l2'}. Best is trial 13 with value: 0.75.
[I 2026-04-07 02:06:19,591] Trial 22 finished with value: 0.75 and parameters: {'C': 91.68147668941648, 'penalty': 'l2'}. Best is trial 13 with value: 0.75.
[I 2026-04-07 02:06:19,629] Trial 23 finished with value: 0.7 and parameters: {'C': 20.498397658674214, 'penalty': 'l2'}. Best is trial 13 with value: 0.75.
[I 2026-04-07 02:06:19,659] Trial 24 finished with value: 0.65 and parameters: {'C': 3.0416852771618967, 'penalty': 'l2'}. Best is trial 13 with value: 0.75.
[I 2026-04-07 02:06:19,689] Trial 25 finished with value: 0.75 and parameters: {'C': 43.18414871370705, 'penalty': 'l2'}. Best is trial 13 with value: 0.75.
[I 2026-04-07 02:06:19,718] Trial 26 finished with value: 0.6 and parameters: {'C': 1.0029968987122477, 'penalty': 'l2'}. Best is trial 13 with value: 0.75.
[I 2026-04-07 02:06:19,756] Trial 27 finished with value: 0.7 and parameters: {'C': 12.570504560508471, 'penalty': 'l2'}. Best is trial 13 with value: 0.75.
[I 2026-04-07 02:06:19,788] Trial 28 finished with value: 0.75 and parameters: {'C': 49.36814602488874, 'penalty': 'l2'}. Best is trial 13 with value: 0.75.
[I 2026-04-07 02:06:19,819] Trial 29 finished with value: 0.65 and parameters: {'C': 5.775306414117265, 'penalty': 'l2'}. Best is trial 13 with value: 0.75.
[I 2026-04-07 02:06:20,748] A new study created in memory with name: knn
[I 2026-04-07 02:06:20,783] Trial 0 finished with value: 0.8 and parameters: {'n_neighbors': 3, 'leaf_size': 30, 'p': 1}. Best is trial 0 with value: 0.8.
[I 2026-04-07 02:06:20,818] Trial 1 finished with value: 0.65 and parameters: {'n_neighbors': 4, 'leaf_size': 24, 'p': 1}. Best is trial 0 with value: 0.8.
[I 2026-04-07 02:06:20,854] Trial 2 finished with value: 0.7 and parameters: {'n_neighbors': 3, 'leaf_size': 27, 'p': 2}. Best is trial 0 with value: 0.8.
[I 2026-04-07 02:06:20,929] Trial 3 finished with value: 0.45 and parameters: {'n_neighbors': 10, 'leaf_size': 20, 'p': 1}. Best is trial 0 with value: 0.8.
[I 2026-04-07 02:06:20,995] Trial 4 finished with value: 0.45 and parameters: {'n_neighbors': 10, 'leaf_size': 34, 'p': 2}. Best is trial 0 with value: 0.8.
[I 2026-04-07 02:06:21,028] Trial 5 finished with value: 0.5 and parameters: {'n_neighbors': 6, 'leaf_size': 34, 'p': 1}. Best is trial 0 with value: 0.8.
[I 2026-04-07 02:06:21,084] Trial 6 finished with value: 0.45 and parameters: {'n_neighbors': 10, 'leaf_size': 36, 'p': 1}. Best is trial 0 with value: 0.8.
[I 2026-04-07 02:06:21,120] Trial 7 finished with value: 0.6 and parameters: {'n_neighbors': 7, 'leaf_size': 39, 'p': 2}. Best is trial 0 with value: 0.8.
[I 2026-04-07 02:06:21,176] Trial 8 finished with value: 0.45 and parameters: {'n_neighbors': 10, 'leaf_size': 23, 'p': 2}. Best is trial 0 with value: 0.8.
[I 2026-04-07 02:06:21,243] Trial 9 finished with value: 0.45 and parameters: {'n_neighbors': 10, 'leaf_size': 35, 'p': 2}. Best is trial 0 with value: 0.8.
[I 2026-04-07 02:06:21,288] Trial 10 finished with value: 0.6 and parameters: {'n_neighbors': 5, 'leaf_size': 30, 'p': 1}. Best is trial 0 with value: 0.8.
[I 2026-04-07 02:06:21,354] Trial 11 finished with value: 0.7 and parameters: {'n_neighbors': 3, 'leaf_size': 28, 'p': 2}. Best is trial 0 with value: 0.8.
[I 2026-04-07 02:06:21,380] Trial 12 finished with value: 0.7 and parameters: {'n_neighbors': 3, 'leaf_size': 28, 'p': 2}. Best is trial 0 with value: 0.8.
[I 2026-04-07 02:06:21,403] Trial 13 finished with value: 0.65 and parameters: {'n_neighbors': 4, 'leaf_size': 26, 'p': 1}. Best is trial 0 with value: 0.8.
[I 2026-04-07 02:06:21,446] Trial 14 finished with value: 0.5 and parameters: {'n_neighbors': 8, 'leaf_size': 30, 'p': 1}. Best is trial 0 with value: 0.8.
[I 2026-04-07 02:06:21,471] Trial 15 finished with value: 0.5 and parameters: {'n_neighbors': 5, 'leaf_size': 31, 'p': 2}. Best is trial 0 with value: 0.8.
[I 2026-04-07 02:06:21,494] Trial 16 finished with value: 0.8 and parameters: {'n_neighbors': 3, 'leaf_size': 25, 'p': 1}. Best is trial 0 with value: 0.8.
[I 2026-04-07 02:06:21,519] Trial 17 finished with value: 0.65 and parameters: {'n_neighbors': 4, 'leaf_size': 20, 'p': 1}. Best is trial 0 with value: 0.8.
[I 2026-04-07 02:06:21,562] Trial 18 finished with value: 0.5 and parameters: {'n_neighbors': 8, 'leaf_size': 24, 'p': 1}. Best is trial 0 with value: 0.8.
[I 2026-04-07 02:06:21,587] Trial 19 finished with value: 0.6 and parameters: {'n_neighbors': 5, 'leaf_size': 32, 'p': 1}. Best is trial 0 with value: 0.8.
[I 2026-04-07 02:06:21,612] Trial 20 finished with value: 0.5 and parameters: {'n_neighbors': 6, 'leaf_size': 22, 'p': 1}. Best is trial 0 with value: 0.8.
[I 2026-04-07 02:06:21,645] Trial 21 finished with value: 0.7 and parameters: {'n_neighbors': 3, 'leaf_size': 27, 'p': 2}. Best is trial 0 with value: 0.8.
[I 2026-04-07 02:06:21,670] Trial 22 finished with value: 0.8 and parameters: {'n_neighbors': 3, 'leaf_size': 26, 'p': 1}. Best is trial 0 with value: 0.8.
[I 2026-04-07 02:06:21,691] Trial 23 finished with value: 0.65 and parameters: {'n_neighbors': 4, 'leaf_size': 25, 'p': 1}. Best is trial 0 with value: 0.8.
[I 2026-04-07 02:06:21,716] Trial 24 finished with value: 0.8 and parameters: {'n_neighbors': 3, 'leaf_size': 29, 'p': 1}. Best is trial 0 with value: 0.8.
[I 2026-04-07 02:06:21,753] Trial 25 finished with value: 0.65 and parameters: {'n_neighbors': 4, 'leaf_size': 22, 'p': 1}. Best is trial 0 with value: 0.8.
[I 2026-04-07 02:06:21,778] Trial 26 finished with value: 0.6 and parameters: {'n_neighbors': 5, 'leaf_size': 32, 'p': 1}. Best is trial 0 with value: 0.8.
[I 2026-04-07 02:06:21,802] Trial 27 finished with value: 0.8 and parameters: {'n_neighbors': 3, 'leaf_size': 26, 'p': 1}. Best is trial 0 with value: 0.8.
[I 2026-04-07 02:06:21,826] Trial 28 finished with value: 0.65 and parameters: {'n_neighbors': 4, 'leaf_size': 25, 'p': 1}. Best is trial 0 with value: 0.8.
[I 2026-04-07 02:06:21,849] Trial 29 finished with value: 0.65 and parameters: {'n_neighbors': 4, 'leaf_size': 23, 'p': 1}. Best is trial 0 with value: 0.8.
[I 2026-04-07 02:06:22,994] A new study created in memory with name: xgb
[I 2026-04-07 02:06:23,040] Trial 0 finished with value: 0.75 and parameters: {'n_estimators': 40, 'max_depth': 30, 'gamma': 0.47665736245940726, 'subsample': 0.6240505842067796, 'colsample_bytree': 0.542029825582675}. Best is trial 0 with value: 0.75.
[I 2026-04-07 02:06:23,089] Trial 1 finished with value: 0.7 and parameters: {'n_estimators': 100, 'max_depth': 5, 'gamma': 0.6154838340124683, 'subsample': 0.9490035591125747, 'colsample_bytree': 0.8334494864598183}. Best is trial 0 with value: 0.75.
[I 2026-04-07 02:06:23,137] Trial 2 finished with value: 0.7 and parameters: {'n_estimators': 40, 'max_depth': 20, 'gamma': 0.9464719685739904, 'subsample': 0.9018698850061588, 'colsample_bytree': 0.9916796241121663}. Best is trial 0 with value: 0.75.
[I 2026-04-07 02:06:23,185] Trial 3 finished with value: 0.8 and parameters: {'n_estimators': 100, 'max_depth': 30, 'gamma': 0.26698751824101463, 'subsample': 0.6215578376567042, 'colsample_bytree': 0.9367004215505623}. Best is trial 3 with value: 0.8.
[I 2026-04-07 02:06:23,234] Trial 4 finished with value: 0.6 and parameters: {'n_estimators': 10, 'max_depth': 20, 'gamma': 0.5301766121845122, 'subsample': 0.7177777323831729, 'colsample_bytree': 0.9352041482132656}. Best is trial 3 with value: 0.8.
[I 2026-04-07 02:06:23,280] Trial 5 finished with value: 0.65 and parameters: {'n_estimators': 100, 'max_depth': 5, 'gamma': 0.6742485862456464, 'subsample': 0.7308488312353485, 'colsample_bytree': 0.5265297122426965}. Best is trial 3 with value: 0.8.
