[I 2026-04-07 03:31:09,628] Trial 0 finished with value: 1.0 and parameters: {'n_estimators': 40, 'max_depth': 30, 'gamma': 0.47665736245940726, 'subsample': 0.6240505842067796, 'colsample_bytree': 0.542029825582675}. Best is trial 0 with value: 1.0.
[I 2026-04-07 03:31:09,665] Trial 1 finished with value: 0.975 and parameters: {'n_estimators': 100, 'max_depth': 5, 'gamma': 0.6154838340124683, 'subsample': 0.9490035591125747, 'colsample_bytree': 0.8334494864598183}. Best is trial 0 with value: 1.0.
[I 2026-04-07 03:31:09,693] Trial 2 finished with value: 0.975 and parameters: {'n_estimators': 40, 'max_depth': 20, 'gamma': 0.9464719685739904, 'subsample': 0.9018698850061588, 'colsample_bytree': 0.9916796241121663}. Best is trial 0 with value: 1.0.
[I 2026-04-07 03:31:09,732] Trial 3 finished with value: 0.975 and parameters: {'n_estimators': 100, 'max_depth': 30, 'gamma': 0.26698751824101463, 'subsample': 0.6215578376567042, 'colsample_bytree': 0.9367004215505623}. Best is trial 0 with value: 1.0.
[I 2026-04-07 03:31:09,758] Trial 4 finished with value: 0.975 and parameters: {'n_estimators': 10, 'max_depth': 20, 'gamma': 0.5301766121845122, 'subsample': 0.7177777323831729, 'colsample_bytree': 0.9352041482132656}. Best is trial 0 with value: 1.0.
[I 2026-04-07 03:31:09,797] Trial 5 finished with value: 0.975 and parameters: {'n_estimators': 100, 'max_depth': 5, 'gamma': 0.6742485862456464, 'subsample': 0.7308488312353485, 'colsample_bytree': 0.5265297122426965}. Best is trial 0 with value: 1.0.
[I 2026-04-07 03:31:09,825] Trial 6 finished with value: 0.975 and parameters: {'n_estimators': 100, 'max_depth': 30, 'gamma': 0.5360486096375219, 'subsample': 0.8488681925618888, 'colsample_bytree': 0.900578215847843}. Best is trial 0 with value: 1.0.
[I 2026-04-07 03:31:09,853] Trial 7 finished with value: 0.975 and parameters: {'n_estimators': 40, 'max_depth': 5, 'gamma': 0.4997010655396419, 'subsample': 0.7490698051808964, 'colsample_bytree': 0.7071731623998108}. Best is trial 0 with value: 1.0.
[I 2026-04-07 03:31:09,881] Trial 8 finished with value: 0.975 and parameters: {'n_estimators': 100, 'max_depth': 5, 'gamma': 0.5449029446194361, 'subsample': 0.7150234071055932, 'colsample_bytree': 0.8673829085180849}. Best is trial 0 with value: 1.0.
[I 2026-04-07 03:31:09,919] Trial 9 finished with value: 1.0 and parameters: {'n_estimators': 100, 'max_depth': 30, 'gamma': 0.5427360453562716, 'subsample': 0.5915763668266103, 'colsample_bytree': 0.5546552575823498}. Best is trial 0 with value: 1.0.
[I 2026-04-07 03:31:09,958] Trial 10 finished with value: 0.975 and parameters: {'n_estimators': 40, 'max_depth': 30, 'gamma': 0.14684638844211245, 'subsample': 0.5183047662344111, 'colsample_bytree': 0.6399757283243361}. Best is trial 0 with value: 1.0.
[I 2026-04-07 03:31:09,996] Trial 11 finished with value: 0.975 and parameters: {'n_estimators': 10, 'max_depth': 30, 'gamma': 0.35559631077992754, 'subsample': 0.5778325548493182, 'colsample_bytree': 0.5209972491752309}. Best is trial 0 with value: 1.0.
[I 2026-04-07 03:31:10,034] Trial 12 finished with value: 0.925 and parameters: {'n_estimators': 40, 'max_depth': 30, 'gamma': 0.7487633273197036, 'subsample': 0.6285225132048311, 'colsample_bytree': 0.6191610878190528}. Best is trial 0 with value: 1.0.
[I 2026-04-07 03:31:10,075] Trial 13 finished with value: 0.975 and parameters: {'n_estimators': 40, 'max_depth': 30, 'gamma': 0.38522296453657995, 'subsample': 0.5599588245887153, 'colsample_bytree': 0.607851042715609}. Best is trial 0 with value: 1.0.
[I 2026-04-07 03:31:10,114] Trial 14 finished with value: 0.975 and parameters: {'n_estimators': 10, 'max_depth': 30, 'gamma': 0.8628532328890084, 'subsample': 0.6589163560813598, 'colsample_bytree': 0.7460541835805523}. Best is trial 0 with value: 1.0.
[I 2026-04-07 03:31:10,161] Trial 15 finished with value: 0.975 and parameters: {'n_estimators': 100, 'max_depth': 30, 'gamma': 0.38969224415259074, 'subsample': 0.5045428885199653, 'colsample_bytree': 0.500748915199604}. Best is trial 0 with value: 1.0.
[I 2026-04-07 03:31:10,201] Trial 16 finished with value: 1.0 and parameters: {'n_estimators': 40, 'max_depth': 20, 'gamma': 0.7393262466379021, 'subsample': 0.8163598626430406, 'colsample_bytree': 0.5731310106909974}. Best is trial 0 with value: 1.0.
[I 2026-04-07 03:31:10,240] Trial 17 finished with value: 1.0 and parameters: {'n_estimators': 100, 'max_depth': 30, 'gamma': 0.21281037598751668, 'subsample': 0.6526306963640736, 'colsample_bytree': 0.6774827124040914}. Best is trial 0 with value: 1.0.
[I 2026-04-07 03:31:10,279] Trial 18 finished with value: 0.95 and parameters: {'n_estimators': 40, 'max_depth': 30, 'gamma': 0.45147577338129674, 'subsample': 0.5739604640225491, 'colsample_bytree': 0.8003733146910607}. Best is trial 0 with value: 1.0.
[I 2026-04-07 03:31:10,317] Trial 19 finished with value: 0.95 and parameters: {'n_estimators': 10, 'max_depth': 20, 'gamma': 0.6419976920344059, 'subsample': 0.6774123822826127, 'colsample_bytree': 0.5650245419309528}. Best is trial 0 with value: 1.0.
[I 2026-04-07 03:31:10,354] Trial 20 finished with value: 0.975 and parameters: {'n_estimators': 40, 'max_depth': 30, 'gamma': 0.8337524315834635, 'subsample': 0.7888679374142473, 'colsample_bytree': 0.6697244688175872}. Best is trial 0 with value: 1.0.
[I 2026-04-07 03:31:10,395] Trial 21 finished with value: 1.0 and parameters: {'n_estimators': 40, 'max_depth': 20, 'gamma': 0.732756868203885, 'subsample': 0.8100747876740996, 'colsample_bytree': 0.5643071452988423}. Best is trial 0 with value: 1.0.
[I 2026-04-07 03:31:10,434] Trial 22 finished with value: 1.0 and parameters: {'n_estimators': 40, 'max_depth': 20, 'gamma': 0.7678809067288576, 'subsample': 0.8682395517346451, 'colsample_bytree': 0.5716738888467446}. Best is trial 0 with value: 1.0.
[I 2026-04-07 03:31:10,472] Trial 23 finished with value: 0.975 and parameters: {'n_estimators': 40, 'max_depth': 20, 'gamma': 0.5997229234588459, 'subsample': 0.7982221084131379, 'colsample_bytree': 0.5782883491192311}. Best is trial 0 with value: 1.0.
[I 2026-04-07 03:31:10,511] Trial 24 finished with value: 1.0 and parameters: {'n_estimators': 40, 'max_depth': 20, 'gamma': 0.4473094058378999, 'subsample': 0.6043801519875717, 'colsample_bytree': 0.5329028270608154}. Best is trial 0 with value: 1.0.
[I 2026-04-07 03:31:10,560] Trial 25 finished with value: 0.95 and parameters: {'n_estimators': 100, 'max_depth': 20, 'gamma': 0.6943535078619028, 'subsample': 0.6877683116762093, 'colsample_bytree': 0.6473829477022424}. Best is trial 0 with value: 1.0.
[I 2026-04-07 03:31:10,609] Trial 26 finished with value: 0.975 and parameters: {'n_estimators': 40, 'max_depth': 30, 'gamma': 0.9787735665409254, 'subsample': 0.5308779264066809, 'colsample_bytree': 0.7192891624681221}. Best is trial 0 with value: 1.0.
[I 2026-04-07 03:31:10,647] Trial 27 finished with value: 0.975 and parameters: {'n_estimators': 40, 'max_depth': 30, 'gamma': 0.31047506524478874, 'subsample': 0.7831867823119794, 'colsample_bytree': 0.6003032471294235}. Best is trial 0 with value: 1.0.
[I 2026-04-07 03:31:10,686] Trial 28 finished with value: 0.95 and parameters: {'n_estimators': 10, 'max_depth': 5, 'gamma': 0.8411304168579701, 'subsample': 0.839236849488735, 'colsample_bytree': 0.539850181295785}. Best is trial 0 with value: 1.0.
[I 2026-04-07 03:31:10,725] Trial 29 finished with value: 1.0 and parameters: {'n_estimators': 100, 'max_depth': 20, 'gamma': 0.4550036222644432, 'subsample': 0.9539525485989067, 'colsample_bytree': 0.6052484966097155}. Best is trial 0 with value: 1.0.
[I 2026-04-07 03:31:11,613] A new study created in memory with name: rf
[I 2026-04-07 03:31:11,759] Trial 0 finished with value: 0.975 and parameters: {'n_estimators': 104, 'max_depth': 12, 'min_samples_split': 6, 'min_samples_leaf': 2}. Best is trial 0 with value: 0.975.
[I 2026-04-07 03:31:11,923] Trial 1 finished with value: 0.975 and parameters: {'n_estimators': 156, 'max_depth': 6, 'min_samples_split': 5, 'min_samples_leaf': 3}. Best is trial 0 with value: 0.975.
[I 2026-04-07 03:31:12,091] Trial 2 finished with value: 0.975 and parameters: {'n_estimators': 133, 'max_depth': 9, 'min_samples_split': 3, 'min_samples_leaf': 9}. Best is trial 0 with value: 0.975.
[I 2026-04-07 03:31:12,572] Trial 3 finished with value: 0.975 and parameters: {'n_estimators': 481, 'max_depth': 3, 'min_samples_split': 8, 'min_samples_leaf': 6}. Best is trial 0 with value: 0.975.
[I 2026-04-07 03:31:13,035] Trial 4 finished with value: 0.975 and parameters: {'n_estimators': 460, 'max_depth': 15, 'min_samples_split': 6, 'min_samples_leaf': 8}. Best is trial 0 with value: 0.975.
[I 2026-04-07 03:31:13,314] Trial 5 finished with value: 0.975 and parameters: {'n_estimators': 254, 'max_depth': 15, 'min_samples_split': 9, 'min_samples_leaf': 5}. Best is trial 0 with value: 0.975.
[I 2026-04-07 03:31:13,805] Trial 6 finished with value: 0.975 and parameters: {'n_estimators': 477, 'max_depth': 17, 'min_samples_split': 10, 'min_samples_leaf': 2}. Best is trial 0 with value: 0.975.
[I 2026-04-07 03:31:14,123] Trial 7 finished with value: 0.975 and parameters: {'n_estimators': 308, 'max_depth': 20, 'min_samples_split': 7, 'min_samples_leaf': 9}. Best is trial 0 with value: 0.975.
[I 2026-04-07 03:31:14,633] Trial 8 finished with value: 0.975 and parameters: {'n_estimators': 489, 'max_depth': 6, 'min_samples_split': 4, 'min_samples_leaf': 9}. Best is trial 0 with value: 0.975.
[I 2026-04-07 03:31:15,113] Trial 9 finished with value: 0.975 and parameters: {'n_estimators': 463, 'max_depth': 16, 'min_samples_split': 5, 'min_samples_leaf': 5}. Best is trial 0 with value: 0.975.
[I 2026-04-07 03:31:15,416] Trial 10 finished with value: 0.975 and parameters: {'n_estimators': 233, 'max_depth': 11, 'min_samples_split': 2, 'min_samples_leaf': 1}. Best is trial 0 with value: 0.975.
[I 2026-04-07 03:31:15,558] Trial 11 finished with value: 0.975 and parameters: {'n_estimators': 100, 'max_depth': 8, 'min_samples_split': 6, 'min_samples_leaf': 3}. Best is trial 0 with value: 0.975.
[I 2026-04-07 03:31:15,790] Trial 12 finished with value: 0.95 and parameters: {'n_estimators': 172, 'max_depth': 12, 'min_samples_split': 5, 'min_samples_leaf': 3}. Best is trial 0 with value: 0.975.
[I 2026-04-07 03:31:16,022] Trial 13 finished with value: 0.975 and parameters: {'n_estimators': 194, 'max_depth': 3, 'min_samples_split': 7, 'min_samples_leaf': 3}. Best is trial 0 with value: 0.975.
[I 2026-04-07 03:31:16,385] Trial 14 finished with value: 0.975 and parameters: {'n_estimators': 339, 'max_depth': 12, 'min_samples_split': 4, 'min_samples_leaf': 1}. Best is trial 0 with value: 0.975.
[I 2026-04-07 03:31:16,608] Trial 15 finished with value: 0.975 and parameters: {'n_estimators': 161, 'max_depth': 6, 'min_samples_split': 5, 'min_samples_leaf': 4}. Best is trial 0 with value: 0.975.
[I 2026-04-07 03:31:16,781] Trial 16 finished with value: 0.975 and parameters: {'n_estimators': 104, 'max_depth': 9, 'min_samples_split': 7, 'min_samples_leaf': 7}. Best is trial 0 with value: 0.975.
[I 2026-04-07 03:31:17,164] Trial 17 finished with value: 0.975 and parameters: {'n_estimators': 359, 'max_depth': 5, 'min_samples_split': 2, 'min_samples_leaf': 2}. Best is trial 0 with value: 0.975.
[I 2026-04-07 03:31:17,418] Trial 18 finished with value: 0.975 and parameters: {'n_estimators': 222, 'max_depth': 10, 'min_samples_split': 4, 'min_samples_leaf': 4}. Best is trial 0 with value: 0.975.
[I 2026-04-07 03:31:17,884] Trial 19 finished with value: 0.975 and parameters: {'n_estimators': 405, 'max_depth': 13, 'min_samples_split': 6, 'min_samples_leaf': 2}. Best is trial 0 with value: 0.975.
[I 2026-04-07 03:31:18,094] Trial 20 finished with value: 0.975 and parameters: {'n_estimators': 144, 'max_depth': 8, 'min_samples_split': 8, 'min_samples_leaf': 4}. Best is trial 0 with value: 0.975.
[I 2026-04-07 03:31:18,301] Trial 21 finished with value: 0.975 and parameters: {'n_estimators': 137, 'max_depth': 7, 'min_samples_split': 3, 'min_samples_leaf': 7}. Best is trial 0 with value: 0.975.
[I 2026-04-07 03:31:18,468] Trial 22 finished with value: 0.975 and parameters: {'n_estimators': 125, 'max_depth': 9, 'min_samples_split': 3, 'min_samples_leaf': 10}. Best is trial 0 with value: 0.975.
[I 2026-04-07 03:31:18,729] Trial 23 finished with value: 0.975 and parameters: {'n_estimators': 188, 'max_depth': 10, 'min_samples_split': 3, 'min_samples_leaf': 6}. Best is trial 0 with value: 0.975.
[I 2026-04-07 03:31:19,058] Trial 24 finished with value: 0.975 and parameters: {'n_estimators': 271, 'max_depth': 5, 'min_samples_split': 5, 'min_samples_leaf': 10}. Best is trial 0 with value: 0.975.
[I 2026-04-07 03:31:19,305] Trial 25 finished with value: 0.975 and parameters: {'n_estimators': 212, 'max_depth': 13, 'min_samples_split': 4, 'min_samples_leaf': 1}. Best is trial 0 with value: 0.975.
[I 2026-04-07 03:31:19,500] Trial 26 finished with value: 0.975 and parameters: {'n_estimators': 155, 'max_depth': 4, 'min_samples_split': 3, 'min_samples_leaf': 3}. Best is trial 0 with value: 0.975.
[I 2026-04-07 03:31:19,669] Trial 27 finished with value: 0.975 and parameters: {'n_estimators': 122, 'max_depth': 7, 'min_samples_split': 2, 'min_samples_leaf': 7}. Best is trial 0 with value: 0.975.
[I 2026-04-07 03:31:19,888] Trial 28 finished with value: 0.975 and parameters: {'n_estimators': 182, 'max_depth': 10, 'min_samples_split': 6, 'min_samples_leaf': 2}. Best is trial 0 with value: 0.975.
[I 2026-04-07 03:31:20,243] Trial 29 finished with value: 0.975 and parameters: {'n_estimators': 282, 'max_depth': 14, 'min_samples_split': 8, 'min_samples_leaf': 6}. Best is trial 0 with value: 0.975.
[I 2026-04-07 03:31:21,395] A new study created in memory with name: mlp
[I 2026-04-07 03:31:21,450] Trial 0 finished with value: 0.95 and parameters: {'hidden_layer_sizes': (200,), 'max_iter': 100, 'alpha': 0.001}. Best is trial 0 with value: 0.95.
[I 2026-04-07 03:31:21,516] Trial 1 finished with value: 0.95 and parameters: {'hidden_layer_sizes': (100, 100), 'max_iter': 100, 'alpha': 0.0001}. Best is trial 0 with value: 0.95.
[I 2026-04-07 03:31:21,562] Trial 2 finished with value: 0.95 and parameters: {'hidden_layer_sizes': (100, 100), 'max_iter': 50, 'alpha': 0.0001}. Best is trial 0 with value: 0.95.
[I 2026-04-07 03:31:21,598] Trial 3 finished with value: 0.975 and parameters: {'hidden_layer_sizes': (200,), 'max_iter': 50, 'alpha': 0.0001}. Best is trial 3 with value: 0.975.
[I 2026-04-07 03:31:21,654] Trial 4 finished with value: 0.95 and parameters: {'hidden_layer_sizes': (200,), 'max_iter': 100, 'alpha': 0.001}. Best is trial 3 with value: 0.975.
[I 2026-04-07 03:31:21,720] Trial 5 finished with value: 0.95 and parameters: {'hidden_layer_sizes': (200,), 'max_iter': 100, 'alpha': 0.0001}. Best is trial 3 with value: 0.975.
[I 2026-04-07 03:31:21,787] Trial 6 finished with value: 0.95 and parameters: {'hidden_layer_sizes': (100, 100), 'max_iter': 100, 'alpha': 0.001}. Best is trial 3 with value: 0.975.
[I 2026-04-07 03:31:21,822] Trial 7 finished with value: 0.95 and parameters: {'hidden_layer_sizes': (200,), 'max_iter': 50, 'alpha': 0.001}. Best is trial 3 with value: 0.975.
[I 2026-04-07 03:31:21,869] Trial 8 finished with value: 0.95 and parameters: {'hidden_layer_sizes': (100,), 'max_iter': 100, 'alpha': 0.001}. Best is trial 3 with value: 0.975.
[I 2026-04-07 03:31:21,915] Trial 9 finished with value: 0.95 and parameters: {'hidden_layer_sizes': (200,), 'max_iter': 50, 'alpha': 0.001}. Best is trial 3 with value: 0.975.
[I 2026-04-07 03:31:21,953] Trial 10 finished with value: 1.0 and parameters: {'hidden_layer_sizes': (100,), 'max_iter': 50, 'alpha': 0.0001}. Best is trial 10 with value: 1.0.
[I 2026-04-07 03:31:21,991] Trial 11 finished with value: 0.975 and parameters: {'hidden_layer_sizes': (100,), 'max_iter': 50, 'alpha': 0.0001}. Best is trial 10 with value: 1.0.
[I 2026-04-07 03:31:22,039] Trial 12 finished with value: 0.95 and parameters: {'hidden_layer_sizes': (100,), 'max_iter': 50, 'alpha': 0.0001}. Best is trial 10 with value: 1.0.
[I 2026-04-07 03:31:22,077] Trial 13 finished with value: 0.95 and parameters: {'hidden_layer_sizes': (100,), 'max_iter': 50, 'alpha': 0.0001}. Best is trial 10 with value: 1.0.
[I 2026-04-07 03:31:22,115] Trial 14 finished with value: 0.95 and parameters: {'hidden_layer_sizes': (100,), 'max_iter': 50, 'alpha': 0.0001}. Best is trial 10 with value: 1.0.
[I 2026-04-07 03:31:22,153] Trial 15 finished with value: 0.975 and parameters: {'hidden_layer_sizes': (200,), 'max_iter': 50, 'alpha': 0.0001}. Best is trial 10 with value: 1.0.
[I 2026-04-07 03:31:22,191] Trial 16 finished with value: 0.975 and parameters: {'hidden_layer_sizes': (100,), 'max_iter': 50, 'alpha': 0.0001}. Best is trial 10 with value: 1.0.
[I 2026-04-07 03:31:22,229] Trial 17 finished with value: 0.95 and parameters: {'hidden_layer_sizes': (100,), 'max_iter': 50, 'alpha': 0.0001}. Best is trial 10 with value: 1.0.
[I 2026-04-07 03:31:22,268] Trial 18 finished with value: 0.95 and parameters: {'hidden_layer_sizes': (200,), 'max_iter': 50, 'alpha': 0.0001}. Best is trial 10 with value: 1.0.
[I 2026-04-07 03:31:22,306] Trial 19 finished with value: 0.95 and parameters: {'hidden_layer_sizes': (100, 100), 'max_iter': 50, 'alpha': 0.0001}. Best is trial 10 with value: 1.0.
[I 2026-04-07 03:31:22,343] Trial 20 finished with value: 0.95 and parameters: {'hidden_layer_sizes': (200,), 'max_iter': 50, 'alpha': 0.0001}. Best is trial 10 with value: 1.0.
[I 2026-04-07 03:31:22,378] Trial 21 finished with value: 0.95 and parameters: {'hidden_layer_sizes': (100,), 'max_iter': 50, 'alpha': 0.0001}. Best is trial 10 with value: 1.0.
[I 2026-04-07 03:31:22,422] Trial 22 finished with value: 0.975 and parameters: {'hidden_layer_sizes': (100,), 'max_iter': 50, 'alpha': 0.0001}. Best is trial 10 with value: 1.0.
[I 2026-04-07 03:31:22,456] Trial 23 finished with value: 0.95 and parameters: {'hidden_layer_sizes': (100,), 'max_iter': 50, 'alpha': 0.0001}. Best is trial 10 with value: 1.0.
[I 2026-04-07 03:31:22,490] Trial 24 finished with value: 0.95 and parameters: {'hidden_layer_sizes': (100,), 'max_iter': 50, 'alpha': 0.0001}. Best is trial 10 with value: 1.0.
[I 2026-04-07 03:31:22,524] Trial 25 finished with value: 0.975 and parameters: {'hidden_layer_sizes': (100,), 'max_iter': 50, 'alpha': 0.0001}. Best is trial 10 with value: 1.0.
[I 2026-04-07 03:31:22,558] Trial 26 finished with value: 0.975 and parameters: {'hidden_layer_sizes': (100,), 'max_iter': 50, 'alpha': 0.0001}. Best is trial 10 with value: 1.0.
[I 2026-04-07 03:31:22,593] Trial 27 finished with value: 0.975 and parameters: {'hidden_layer_sizes': (100,), 'max_iter': 50, 'alpha': 0.0001}. Best is trial 10 with value: 1.0.
[I 2026-04-07 03:31:22,640] Trial 28 finished with value: 0.95 and parameters: {'hidden_layer_sizes': (100, 100), 'max_iter': 50, 'alpha': 0.0001}. Best is trial 10 with value: 1.0.
[I 2026-04-07 03:31:22,698] Trial 29 finished with value: 0.95 and parameters: {'hidden_layer_sizes': (200,), 'max_iter': 100, 'alpha': 0.001}. Best is trial 10 with value: 1.0.
[I 2026-04-07 03:31:24,061] A new study created in memory with name: naive_bayes
[I 2026-04-07 03:31:24,075] Trial 0 finished with value: 0.75 and parameters: {'var_smoothing': 2.7796258518939306e-10}. Best is trial 0 with value: 0.75.
[I 2026-04-07 03:31:24,090] Trial 1 finished with value: 0.75 and parameters: {'var_smoothing': 5.513972710118387e-09}. Best is trial 0 with value: 0.75.
[I 2026-04-07 03:31:24,106] Trial 2 finished with value: 0.75 and parameters: {'var_smoothing': 2.590826381512706e-10}. Best is trial 0 with value: 0.75.
[I 2026-04-07 03:31:24,122] Trial 3 finished with value: 0.75 and parameters: {'var_smoothing': 6.874194498027403e-09}. Best is trial 0 with value: 0.75.
[I 2026-04-07 03:31:24,138] Trial 4 finished with value: 0.75 and parameters: {'var_smoothing': 9.480306482679771e-10}. Best is trial 0 with value: 0.75.
[I 2026-04-07 03:31:24,154] Trial 5 finished with value: 0.75 and parameters: {'var_smoothing': 1.6729683536668864e-09}. Best is trial 0 with value: 0.75.
[I 2026-04-07 03:31:24,170] Trial 6 finished with value: 0.75 and parameters: {'var_smoothing': 3.402637726935598e-09}. Best is trial 0 with value: 0.75.
[I 2026-04-07 03:31:24,185] Trial 7 finished with value: 0.75 and parameters: {'var_smoothing': 1.0885189040847657e-09}. Best is trial 0 with value: 0.75.
[I 2026-04-07 03:31:24,201] Trial 8 finished with value: 0.75 and parameters: {'var_smoothing': 3.922843686541149e-10}. Best is trial 0 with value: 0.75.
[I 2026-04-07 03:31:24,217] Trial 9 finished with value: 0.75 and parameters: {'var_smoothing': 2.3737908819373785e-10}. Best is trial 0 with value: 0.75.
[I 2026-04-07 03:31:24,238] Trial 10 finished with value: 0.75 and parameters: {'var_smoothing': 1.005826617097841e-10}. Best is trial 0 with value: 0.75.
[I 2026-04-07 03:31:24,259] Trial 11 finished with value: 0.75 and parameters: {'var_smoothing': 8.246040091550826e-09}. Best is trial 0 with value: 0.75.
[I 2026-04-07 03:31:24,279] Trial 12 finished with value: 0.75 and parameters: {'var_smoothing': 5.714429769091136e-10}. Best is trial 0 with value: 0.75.
[I 2026-04-07 03:31:24,303] Trial 13 finished with value: 0.75 and parameters: {'var_smoothing': 3.0046394488828834e-09}. Best is trial 0 with value: 0.75.
[I 2026-04-07 03:31:24,324] Trial 14 finished with value: 0.75 and parameters: {'var_smoothing': 1.0161521526134228e-10}. Best is trial 0 with value: 0.75.
[I 2026-04-07 03:31:24,345] Trial 15 finished with value: 0.75 and parameters: {'var_smoothing': 3.455011319435438e-09}. Best is trial 0 with value: 0.75.
[I 2026-04-07 03:31:24,364] Trial 16 finished with value: 0.75 and parameters: {'var_smoothing': 2.2038800241203009e-10}. Best is trial 0 with value: 0.75.
