[I 2026-04-07 01:18:52,936] Trial 28 finished with value: 0.9 and parameters: {'var_smoothing': 3.967543625062895e-09}. Best is trial 0 with value: 0.9.
[I 2026-04-07 01:18:52,955] Trial 29 finished with value: 0.9 and parameters: {'var_smoothing': 6.64586076142141e-09}. Best is trial 0 with value: 0.9.
[I 2026-04-07 01:18:53,860] A new study created in memory with name: logreg
[I 2026-04-07 01:18:53,894] Trial 0 finished with value: 0.85 and parameters: {'C': 29.127335430981816, 'penalty': 'l2'}. Best is trial 0 with value: 0.85.
[I 2026-04-07 01:18:53,919] Trial 1 finished with value: 0.85 and parameters: {'C': 0.045698192893558344, 'penalty': 'l2'}. Best is trial 0 with value: 0.85.
[I 2026-04-07 01:18:53,944] Trial 2 finished with value: 0.85 and parameters: {'C': 12.768668597712947, 'penalty': 'l2'}. Best is trial 0 with value: 0.85.
[I 2026-04-07 01:18:53,968] Trial 3 finished with value: 0.85 and parameters: {'C': 0.0016161554408462638, 'penalty': 'l2'}. Best is trial 0 with value: 0.85.
[I 2026-04-07 01:18:53,993] Trial 4 finished with value: 0.85 and parameters: {'C': 0.0034536903703241734, 'penalty': 'l2'}. Best is trial 0 with value: 0.85.
[I 2026-04-07 01:18:54,017] Trial 5 finished with value: 0.75 and parameters: {'C': 0.9446269266990148, 'penalty': 'l2'}. Best is trial 0 with value: 0.85.
[I 2026-04-07 01:18:54,042] Trial 6 finished with value: 0.8 and parameters: {'C': 0.4457453393648168, 'penalty': 'l2'}. Best is trial 0 with value: 0.85.
[I 2026-04-07 01:18:54,066] Trial 7 finished with value: 0.85 and parameters: {'C': 0.12417585037258261, 'penalty': 'l2'}. Best is trial 0 with value: 0.85.
[I 2026-04-07 01:18:54,089] Trial 8 finished with value: 0.85 and parameters: {'C': 0.04753781830244093, 'penalty': 'l2'}. Best is trial 0 with value: 0.85.
[I 2026-04-07 01:18:54,114] Trial 9 finished with value: 0.75 and parameters: {'C': 1.2959766028194148, 'penalty': 'l2'}. Best is trial 0 with value: 0.85.
[I 2026-04-07 01:18:54,154] Trial 10 finished with value: 0.8 and parameters: {'C': 96.02411422716075, 'penalty': 'l2'}. Best is trial 0 with value: 0.85.
[I 2026-04-07 01:18:54,183] Trial 11 finished with value: 0.85 and parameters: {'C': 0.011544291794950012, 'penalty': 'l2'}. Best is trial 0 with value: 0.85.
[I 2026-04-07 01:18:54,223] Trial 12 finished with value: 0.8 and parameters: {'C': 82.8768656483412, 'penalty': 'l2'}. Best is trial 0 with value: 0.85.
[I 2026-04-07 01:18:54,251] Trial 13 finished with value: 0.85 and parameters: {'C': 4.865673542589085, 'penalty': 'l2'}. Best is trial 0 with value: 0.85.
[I 2026-04-07 01:18:54,282] Trial 14 finished with value: 0.85 and parameters: {'C': 0.029889896070841086, 'penalty': 'l2'}. Best is trial 0 with value: 0.85.
[I 2026-04-07 01:18:54,322] Trial 15 finished with value: 0.85 and parameters: {'C': 9.224679733476327, 'penalty': 'l2'}. Best is trial 0 with value: 0.85.
[I 2026-04-07 01:18:54,353] Trial 16 finished with value: 0.8 and parameters: {'C': 0.13531262729274382, 'penalty': 'l2'}. Best is trial 0 with value: 0.85.
[I 2026-04-07 01:18:54,372] Trial 17 finished with value: 0.85 and parameters: {'C': 0.009039871959471408, 'penalty': 'l2'}. Best is trial 0 with value: 0.85.
[I 2026-04-07 01:18:54,402] Trial 18 finished with value: 0.75 and parameters: {'C': 2.7002197370561327, 'penalty': 'l2'}. Best is trial 0 with value: 0.85.
[I 2026-04-07 01:18:54,433] Trial 19 finished with value: 0.85 and parameters: {'C': 26.139922781749494, 'penalty': 'l2'}. Best is trial 0 with value: 0.85.
[I 2026-04-07 01:18:54,463] Trial 20 finished with value: 0.8 and parameters: {'C': 0.35610544182754233, 'penalty': 'l2'}. Best is trial 0 with value: 0.85.
[I 2026-04-07 01:18:54,511] Trial 21 finished with value: 0.85 and parameters: {'C': 17.23159388726856, 'penalty': 'l2'}. Best is trial 0 with value: 0.85.
[I 2026-04-07 01:18:54,542] Trial 22 finished with value: 0.8 and parameters: {'C': 36.30677704642794, 'penalty': 'l2'}. Best is trial 0 with value: 0.85.
[I 2026-04-07 01:18:54,571] Trial 23 finished with value: 0.85 and parameters: {'C': 6.159460626909738, 'penalty': 'l2'}. Best is trial 0 with value: 0.85.
[I 2026-04-07 01:18:54,602] Trial 24 finished with value: 0.85 and parameters: {'C': 0.10376479878444198, 'penalty': 'l2'}. Best is trial 0 with value: 0.85.
[I 2026-04-07 01:18:54,632] Trial 25 finished with value: 0.75 and parameters: {'C': 2.1658207225154067, 'penalty': 'l2'}. Best is trial 0 with value: 0.85.
[I 2026-04-07 01:18:54,673] Trial 26 finished with value: 0.85 and parameters: {'C': 9.57565679061974, 'penalty': 'l2'}. Best is trial 0 with value: 0.85.
[I 2026-04-07 01:18:54,713] Trial 27 finished with value: 0.8 and parameters: {'C': 43.41170855949338, 'penalty': 'l2'}. Best is trial 0 with value: 0.85.
[I 2026-04-07 01:18:54,745] Trial 28 finished with value: 0.75 and parameters: {'C': 0.7181796348031952, 'penalty': 'l2'}. Best is trial 0 with value: 0.85.
[I 2026-04-07 01:18:54,772] Trial 29 finished with value: 0.85 and parameters: {'C': 0.03561941853498694, 'penalty': 'l2'}. Best is trial 0 with value: 0.85.
[I 2026-04-07 01:18:55,704] A new study created in memory with name: knn
[I 2026-04-07 01:18:55,738] Trial 0 finished with value: 0.8 and parameters: {'n_neighbors': 10, 'leaf_size': 26, 'p': 1}. Best is trial 0 with value: 0.8.
[I 2026-04-07 01:18:55,763] Trial 1 finished with value: 0.8 and parameters: {'n_neighbors': 3, 'leaf_size': 32, 'p': 1}. Best is trial 0 with value: 0.8.
[I 2026-04-07 01:18:55,778] Trial 2 finished with value: 0.85 and parameters: {'n_neighbors': 5, 'leaf_size': 33, 'p': 2}. Best is trial 2 with value: 0.85.
[I 2026-04-07 01:18:55,791] Trial 3 finished with value: 0.8 and parameters: {'n_neighbors': 7, 'leaf_size': 32, 'p': 2}. Best is trial 2 with value: 0.85.
[I 2026-04-07 01:18:55,826] Trial 4 finished with value: 0.8 and parameters: {'n_neighbors': 9, 'leaf_size': 28, 'p': 1}. Best is trial 2 with value: 0.85.
[I 2026-04-07 01:18:55,841] Trial 5 finished with value: 0.8 and parameters: {'n_neighbors': 3, 'leaf_size': 35, 'p': 1}. Best is trial 2 with value: 0.85.
[I 2026-04-07 01:18:55,876] Trial 6 finished with value: 0.85 and parameters: {'n_neighbors': 8, 'leaf_size': 31, 'p': 2}. Best is trial 2 with value: 0.85.
[I 2026-04-07 01:18:55,891] Trial 7 finished with value: 0.85 and parameters: {'n_neighbors': 6, 'leaf_size': 24, 'p': 2}. Best is trial 2 with value: 0.85.
[I 2026-04-07 01:18:55,906] Trial 8 finished with value: 0.85 and parameters: {'n_neighbors': 5, 'leaf_size': 34, 'p': 2}. Best is trial 2 with value: 0.85.
[I 2026-04-07 01:18:55,951] Trial 9 finished with value: 0.8 and parameters: {'n_neighbors': 10, 'leaf_size': 27, 'p': 2}. Best is trial 2 with value: 0.85.
[I 2026-04-07 01:18:55,976] Trial 10 finished with value: 0.85 and parameters: {'n_neighbors': 5, 'leaf_size': 40, 'p': 2}. Best is trial 2 with value: 0.85.
[I 2026-04-07 01:18:56,020] Trial 11 finished with value: 0.85 and parameters: {'n_neighbors': 8, 'leaf_size': 37, 'p': 2}. Best is trial 2 with value: 0.85.
[I 2026-04-07 01:18:56,057] Trial 12 finished with value: 0.8 and parameters: {'n_neighbors': 7, 'leaf_size': 21, 'p': 2}. Best is trial 2 with value: 0.85.
[I 2026-04-07 01:18:56,084] Trial 13 finished with value: 0.85 and parameters: {'n_neighbors': 5, 'leaf_size': 31, 'p': 2}. Best is trial 2 with value: 0.85.
[I 2026-04-07 01:18:56,131] Trial 14 finished with value: 0.85 and parameters: {'n_neighbors': 8, 'leaf_size': 37, 'p': 2}. Best is trial 2 with value: 0.85.
[I 2026-04-07 01:18:56,156] Trial 15 finished with value: 0.85 and parameters: {'n_neighbors': 4, 'leaf_size': 28, 'p': 2}. Best is trial 2 with value: 0.85.
[I 2026-04-07 01:18:56,178] Trial 16 finished with value: 0.85 and parameters: {'n_neighbors': 6, 'leaf_size': 30, 'p': 2}. Best is trial 2 with value: 0.85.
[I 2026-04-07 01:18:56,201] Trial 17 finished with value: 0.85 and parameters: {'n_neighbors': 8, 'leaf_size': 34, 'p': 2}. Best is trial 2 with value: 0.85.
[I 2026-04-07 01:18:56,225] Trial 18 finished with value: 0.85 and parameters: {'n_neighbors': 4, 'leaf_size': 40, 'p': 1}. Best is trial 2 with value: 0.85.
[I 2026-04-07 01:18:56,268] Trial 19 finished with value: 0.75 and parameters: {'n_neighbors': 9, 'leaf_size': 23, 'p': 2}. Best is trial 2 with value: 0.85.
[I 2026-04-07 01:18:56,303] Trial 20 finished with value: 0.85 and parameters: {'n_neighbors': 6, 'leaf_size': 29, 'p': 2}. Best is trial 2 with value: 0.85.
[I 2026-04-07 01:18:56,337] Trial 21 finished with value: 0.85 and parameters: {'n_neighbors': 6, 'leaf_size': 26, 'p': 2}. Best is trial 2 with value: 0.85.
[I 2026-04-07 01:18:56,361] Trial 22 finished with value: 0.8 and parameters: {'n_neighbors': 7, 'leaf_size': 25, 'p': 2}. Best is trial 2 with value: 0.85.
[I 2026-04-07 01:18:56,384] Trial 23 finished with value: 0.85 and parameters: {'n_neighbors': 4, 'leaf_size': 20, 'p': 2}. Best is trial 2 with value: 0.85.
[I 2026-04-07 01:18:56,422] Trial 24 finished with value: 0.85 and parameters: {'n_neighbors': 5, 'leaf_size': 23, 'p': 2}. Best is trial 2 with value: 0.85.
[I 2026-04-07 01:18:56,458] Trial 25 finished with value: 0.85 and parameters: {'n_neighbors': 6, 'leaf_size': 32, 'p': 2}. Best is trial 2 with value: 0.85.
[I 2026-04-07 01:18:56,484] Trial 26 finished with value: 0.75 and parameters: {'n_neighbors': 7, 'leaf_size': 36, 'p': 1}. Best is trial 2 with value: 0.85.
[I 2026-04-07 01:18:56,528] Trial 27 finished with value: 0.75 and parameters: {'n_neighbors': 9, 'leaf_size': 30, 'p': 2}. Best is trial 2 with value: 0.85.
[I 2026-04-07 01:18:56,574] Trial 28 finished with value: 0.85 and parameters: {'n_neighbors': 8, 'leaf_size': 24, 'p': 2}. Best is trial 2 with value: 0.85.
[I 2026-04-07 01:18:56,620] Trial 29 finished with value: 0.8 and parameters: {'n_neighbors': 10, 'leaf_size': 34, 'p': 1}. Best is trial 2 with value: 0.85.
[I 2026-04-07 01:18:57,785] A new study created in memory with name: xgb
[I 2026-04-07 01:18:57,811] Trial 0 finished with value: 0.9 and parameters: {'n_estimators': 10, 'max_depth': 30, 'gamma': 0.5768356259735394, 'subsample': 0.7094037142783272, 'colsample_bytree': 0.6677039246366646}. Best is trial 0 with value: 0.9.
[I 2026-04-07 01:18:57,837] Trial 1 finished with value: 0.9 and parameters: {'n_estimators': 100, 'max_depth': 30, 'gamma': 0.9912018442360747, 'subsample': 0.9099290984609207, 'colsample_bytree': 0.7066004674080903}. Best is trial 0 with value: 0.9.
[I 2026-04-07 01:18:57,864] Trial 2 finished with value: 0.9 and parameters: {'n_estimators': 10, 'max_depth': 20, 'gamma': 0.7382185757030506, 'subsample': 0.7704684271512641, 'colsample_bytree': 0.5624120871903049}. Best is trial 0 with value: 0.9.
[I 2026-04-07 01:18:57,892] Trial 3 finished with value: 0.9 and parameters: {'n_estimators': 10, 'max_depth': 20, 'gamma': 0.7041784887453524, 'subsample': 0.7995029565695583, 'colsample_bytree': 0.8586660727777565}. Best is trial 0 with value: 0.9.
[I 2026-04-07 01:18:57,920] Trial 4 finished with value: 0.85 and parameters: {'n_estimators': 10, 'max_depth': 20, 'gamma': 0.46549701645255037, 'subsample': 0.9946899241400011, 'colsample_bytree': 0.725249640372583}. Best is trial 0 with value: 0.9.
[I 2026-04-07 01:18:57,947] Trial 5 finished with value: 0.95 and parameters: {'n_estimators': 40, 'max_depth': 20, 'gamma': 0.3554734452019276, 'subsample': 0.5947710951851903, 'colsample_bytree': 0.7356254823676576}. Best is trial 5 with value: 0.95.
[I 2026-04-07 01:18:57,974] Trial 6 finished with value: 0.85 and parameters: {'n_estimators': 40, 'max_depth': 20, 'gamma': 0.8967376717636345, 'subsample': 0.988276510203839, 'colsample_bytree': 0.9184542964535913}. Best is trial 5 with value: 0.95.
[I 2026-04-07 01:18:58,003] Trial 7 finished with value: 0.9 and parameters: {'n_estimators': 40, 'max_depth': 30, 'gamma': 0.7149068474388774, 'subsample': 0.5696358027454862, 'colsample_bytree': 0.8514125286992056}. Best is trial 5 with value: 0.95.
[I 2026-04-07 01:18:58,040] Trial 8 finished with value: 0.9 and parameters: {'n_estimators': 100, 'max_depth': 30, 'gamma': 0.2471398756881566, 'subsample': 0.8241126205332553, 'colsample_bytree': 0.6258070715852391}. Best is trial 5 with value: 0.95.
[I 2026-04-07 01:18:58,068] Trial 9 finished with value: 0.9 and parameters: {'n_estimators': 40, 'max_depth': 30, 'gamma': 0.8599846034069103, 'subsample': 0.8019332783535529, 'colsample_bytree': 0.7936068454878676}. Best is trial 5 with value: 0.95.
[I 2026-04-07 01:18:58,108] Trial 10 finished with value: 0.95 and parameters: {'n_estimators': 40, 'max_depth': 5, 'gamma': 0.11132541504315885, 'subsample': 0.5064520294339674, 'colsample_bytree': 0.5354388651065751}. Best is trial 5 with value: 0.95.
[I 2026-04-07 01:18:58,148] Trial 11 finished with value: 0.9 and parameters: {'n_estimators': 40, 'max_depth': 5, 'gamma': 0.10320183957643626, 'subsample': 0.5083591729011359, 'colsample_bytree': 0.5367783702744849}. Best is trial 5 with value: 0.95.
[I 2026-04-07 01:18:58,185] Trial 12 finished with value: 0.9 and parameters: {'n_estimators': 40, 'max_depth': 5, 'gamma': 0.3273879186161104, 'subsample': 0.6388721583525279, 'colsample_bytree': 0.9715083346653923}. Best is trial 5 with value: 0.95.
[I 2026-04-07 01:18:58,222] Trial 13 finished with value: 0.9 and parameters: {'n_estimators': 40, 'max_depth': 5, 'gamma': 0.11701644856579113, 'subsample': 0.5146749793878775, 'colsample_bytree': 0.5538859681272363}. Best is trial 5 with value: 0.95.
[I 2026-04-07 01:18:58,258] Trial 14 finished with value: 0.9 and parameters: {'n_estimators': 40, 'max_depth': 5, 'gamma': 0.3351931893847545, 'subsample': 0.6180115760776673, 'colsample_bytree': 0.5013541727082262}. Best is trial 5 with value: 0.95.
[I 2026-04-07 01:18:58,297] Trial 15 finished with value: 0.9 and parameters: {'n_estimators': 40, 'max_depth': 20, 'gamma': 0.2298167850595741, 'subsample': 0.6801252019512238, 'colsample_bytree': 0.6130029833726239}. Best is trial 5 with value: 0.95.
[I 2026-04-07 01:18:58,346] Trial 16 finished with value: 0.9 and parameters: {'n_estimators': 100, 'max_depth': 5, 'gamma': 0.4616351915039345, 'subsample': 0.5711850033174981, 'colsample_bytree': 0.7741954202356167}. Best is trial 5 with value: 0.95.
[I 2026-04-07 01:18:58,385] Trial 17 finished with value: 0.9 and parameters: {'n_estimators': 40, 'max_depth': 5, 'gamma': 0.25576311910058147, 'subsample': 0.5729315819025618, 'colsample_bytree': 0.6239963720299045}. Best is trial 5 with value: 0.95.
[I 2026-04-07 01:18:58,424] Trial 18 finished with value: 0.9 and parameters: {'n_estimators': 40, 'max_depth': 20, 'gamma': 0.42136136473785685, 'subsample': 0.5047630791493846, 'colsample_bytree': 0.8268250237333261}. Best is trial 5 with value: 0.95.
[I 2026-04-07 01:18:58,474] Trial 19 finished with value: 0.9 and parameters: {'n_estimators': 100, 'max_depth': 5, 'gamma': 0.581452269020325, 'subsample': 0.6342385505944843, 'colsample_bytree': 0.6783050903330117}. Best is trial 5 with value: 0.95.
[I 2026-04-07 01:18:58,522] Trial 20 finished with value: 0.85 and parameters: {'n_estimators': 40, 'max_depth': 20, 'gamma': 0.19575463104456936, 'subsample': 0.6922586780996044, 'colsample_bytree': 0.9933865983974712}. Best is trial 5 with value: 0.95.
[I 2026-04-07 01:18:58,559] Trial 21 finished with value: 0.9 and parameters: {'n_estimators': 10, 'max_depth': 30, 'gamma': 0.5755042660343768, 'subsample': 0.7156344768093291, 'colsample_bytree': 0.6729617823753513}. Best is trial 5 with value: 0.95.
[I 2026-04-07 01:18:58,597] Trial 22 finished with value: 0.9 and parameters: {'n_estimators': 10, 'max_depth': 30, 'gamma': 0.36435771914997445, 'subsample': 0.5673808889604807, 'colsample_bytree': 0.7559545700688048}. Best is trial 5 with value: 0.95.
[I 2026-04-07 01:18:58,634] Trial 23 finished with value: 0.9 and parameters: {'n_estimators': 10, 'max_depth': 30, 'gamma': 0.6309901541109671, 'subsample': 0.7313039513719127, 'colsample_bytree': 0.5960093352116378}. Best is trial 5 with value: 0.95.
[I 2026-04-07 01:18:58,673] Trial 24 finished with value: 0.95 and parameters: {'n_estimators': 10, 'max_depth': 30, 'gamma': 0.5096095072164681, 'subsample': 0.6093164413627504, 'colsample_bytree': 0.6683268325613098}. Best is trial 5 with value: 0.95.
[I 2026-04-07 01:18:58,710] Trial 25 finished with value: 0.95 and parameters: {'n_estimators': 10, 'max_depth': 5, 'gamma': 0.4974181257293162, 'subsample': 0.6070873636730343, 'colsample_bytree': 0.7018229307538336}. Best is trial 5 with value: 0.95.
[I 2026-04-07 01:18:58,748] Trial 26 finished with value: 0.9 and parameters: {'n_estimators': 40, 'max_depth': 20, 'gamma': 0.38569674472158944, 'subsample': 0.5418027759715739, 'colsample_bytree': 0.7401421859478842}. Best is trial 5 with value: 0.95.
[I 2026-04-07 01:18:58,799] Trial 27 finished with value: 0.9 and parameters: {'n_estimators': 100, 'max_depth': 20, 'gamma': 0.17226674818302729, 'subsample': 0.6646772707316266, 'colsample_bytree': 0.5038031600582225}. Best is trial 5 with value: 0.95.
[I 2026-04-07 01:18:58,837] Trial 28 finished with value: 0.95 and parameters: {'n_estimators': 40, 'max_depth': 5, 'gamma': 0.2823960037150531, 'subsample': 0.5978220212104736, 'colsample_bytree': 0.5882485782548165}. Best is trial 5 with value: 0.95.
[I 2026-04-07 01:18:58,875] Trial 29 finished with value: 0.9 and parameters: {'n_estimators': 10, 'max_depth': 30, 'gamma': 0.5148047232605026, 'subsample': 0.6558276860184507, 'colsample_bytree': 0.6530837479604651}. Best is trial 5 with value: 0.95.
[I 2026-04-07 01:18:59,695] A new study created in memory with name: rf
[I 2026-04-07 01:19:00,154] Trial 0 finished with value: 0.9 and parameters: {'n_estimators': 458, 'max_depth': 8, 'min_samples_split': 9, 'min_samples_leaf': 1}. Best is trial 0 with value: 0.9.
[I 2026-04-07 01:19:00,319] Trial 1 finished with value: 0.9 and parameters: {'n_estimators': 143, 'max_depth': 13, 'min_samples_split': 6, 'min_samples_leaf': 5}. Best is trial 0 with value: 0.9.
[I 2026-04-07 01:19:00,564] Trial 2 finished with value: 0.5 and parameters: {'n_estimators': 234, 'max_depth': 14, 'min_samples_split': 5, 'min_samples_leaf': 8}. Best is trial 0 with value: 0.9.
[I 2026-04-07 01:19:00,881] Trial 3 finished with value: 0.5 and parameters: {'n_estimators': 307, 'max_depth': 13, 'min_samples_split': 7, 'min_samples_leaf': 10}. Best is trial 0 with value: 0.9.
[I 2026-04-07 01:19:01,320] Trial 4 finished with value: 0.5 and parameters: {'n_estimators': 428, 'max_depth': 10, 'min_samples_split': 9, 'min_samples_leaf': 9}. Best is trial 0 with value: 0.9.
[I 2026-04-07 01:19:01,457] Trial 5 finished with value: 0.5 and parameters: {'n_estimators': 121, 'max_depth': 15, 'min_samples_split': 9, 'min_samples_leaf': 8}. Best is trial 0 with value: 0.9.
[I 2026-04-07 01:19:01,887] Trial 6 finished with value: 0.5 and parameters: {'n_estimators': 384, 'max_depth': 12, 'min_samples_split': 3, 'min_samples_leaf': 10}. Best is trial 0 with value: 0.9.
[I 2026-04-07 01:19:02,155] Trial 7 finished with value: 0.5 and parameters: {'n_estimators': 261, 'max_depth': 6, 'min_samples_split': 8, 'min_samples_leaf': 10}. Best is trial 0 with value: 0.9.
[I 2026-04-07 01:19:02,382] Trial 8 finished with value: 0.5 and parameters: {'n_estimators': 202, 'max_depth': 15, 'min_samples_split': 7, 'min_samples_leaf': 8}. Best is trial 0 with value: 0.9.
[I 2026-04-07 01:19:02,893] Trial 9 finished with value: 0.9 and parameters: {'n_estimators': 475, 'max_depth': 9, 'min_samples_split': 4, 'min_samples_leaf': 5}. Best is trial 0 with value: 0.9.
[I 2026-04-07 01:19:03,278] Trial 10 finished with value: 0.9 and parameters: {'n_estimators': 352, 'max_depth': 20, 'min_samples_split': 10, 'min_samples_leaf': 1}. Best is trial 0 with value: 0.9.
[I 2026-04-07 01:19:03,430] Trial 11 finished with value: 0.9 and parameters: {'n_estimators': 110, 'max_depth': 4, 'min_samples_split': 6, 'min_samples_leaf': 1}. Best is trial 0 with value: 0.9.
[I 2026-04-07 01:19:03,984] Trial 12 finished with value: 0.9 and parameters: {'n_estimators': 489, 'max_depth': 7, 'min_samples_split': 2, 'min_samples_leaf': 4}. Best is trial 0 with value: 0.9.
[I 2026-04-07 01:19:04,227] Trial 13 finished with value: 0.9 and parameters: {'n_estimators': 201, 'max_depth': 18, 'min_samples_split': 5, 'min_samples_leaf': 3}. Best is trial 0 with value: 0.9.
[I 2026-04-07 01:19:04,420] Trial 14 finished with value: 0.75 and parameters: {'n_estimators': 157, 'max_depth': 9, 'min_samples_split': 7, 'min_samples_leaf': 6}. Best is trial 0 with value: 0.9.
[I 2026-04-07 01:19:04,754] Trial 15 finished with value: 0.9 and parameters: {'n_estimators': 308, 'max_depth': 3, 'min_samples_split': 10, 'min_samples_leaf': 3}. Best is trial 0 with value: 0.9.
[I 2026-04-07 01:19:05,241] Trial 16 finished with value: 0.95 and parameters: {'n_estimators': 423, 'max_depth': 17, 'min_samples_split': 6, 'min_samples_leaf': 6}. Best is trial 16 with value: 0.95.
[I 2026-04-07 01:19:05,686] Trial 17 finished with value: 0.55 and parameters: {'n_estimators': 426, 'max_depth': 17, 'min_samples_split': 8, 'min_samples_leaf': 7}. Best is trial 16 with value: 0.95.
[I 2026-04-07 01:19:06,152] Trial 18 finished with value: 0.9 and parameters: {'n_estimators': 435, 'max_depth': 20, 'min_samples_split': 5, 'min_samples_leaf': 2}. Best is trial 16 with value: 0.95.
[I 2026-04-07 01:19:06,563] Trial 19 finished with value: 0.95 and parameters: {'n_estimators': 362, 'max_depth': 6, 'min_samples_split': 8, 'min_samples_leaf': 6}. Best is trial 16 with value: 0.95.
[I 2026-04-07 01:19:06,949] Trial 20 finished with value: 0.9 and parameters: {'n_estimators': 366, 'max_depth': 5, 'min_samples_split': 8, 'min_samples_leaf': 6}. Best is trial 16 with value: 0.95.
[I 2026-04-07 01:19:07,375] Trial 21 finished with value: 0.9 and parameters: {'n_estimators': 400, 'max_depth': 7, 'min_samples_split': 9, 'min_samples_leaf': 4}. Best is trial 16 with value: 0.95.
