[I 2026-04-09 19:54:15,718] Trial 12 finished with value: 0.85 and parameters: {'n_estimators': 499, 'max_depth': 15, 'min_samples_split': 9, 'min_samples_leaf': 3}. Best is trial 1 with value: 0.9.
[I 2026-04-09 19:54:16,200] Trial 13 finished with value: 0.85 and parameters: {'n_estimators': 431, 'max_depth': 15, 'min_samples_split': 2, 'min_samples_leaf': 3}. Best is trial 1 with value: 0.9.
[I 2026-04-09 19:54:16,695] Trial 14 finished with value: 0.9 and parameters: {'n_estimators': 402, 'max_depth': 18, 'min_samples_split': 7, 'min_samples_leaf': 1}. Best is trial 1 with value: 0.9.
[I 2026-04-09 19:54:17,100] Trial 15 finished with value: 0.7 and parameters: {'n_estimators': 322, 'max_depth': 8, 'min_samples_split': 3, 'min_samples_leaf': 5}. Best is trial 1 with value: 0.9.
[I 2026-04-09 19:54:17,691] Trial 16 finished with value: 0.85 and parameters: {'n_estimators': 450, 'max_depth': 14, 'min_samples_split': 6, 'min_samples_leaf': 2}. Best is trial 1 with value: 0.9.
[I 2026-04-09 19:54:18,212] Trial 17 finished with value: 0.85 and parameters: {'n_estimators': 374, 'max_depth': 7, 'min_samples_split': 10, 'min_samples_leaf': 4}. Best is trial 1 with value: 0.9.
[I 2026-04-09 19:54:18,885] Trial 18 finished with value: 0.9 and parameters: {'n_estimators': 492, 'max_depth': 13, 'min_samples_split': 8, 'min_samples_leaf': 2}. Best is trial 1 with value: 0.9.
[I 2026-04-09 19:54:19,238] Trial 19 finished with value: 0.8 and parameters: {'n_estimators': 280, 'max_depth': 17, 'min_samples_split': 4, 'min_samples_leaf': 6}. Best is trial 1 with value: 0.9.
[I 2026-04-09 19:54:19,767] Trial 20 finished with value: 0.9 and parameters: {'n_estimators': 442, 'max_depth': 13, 'min_samples_split': 3, 'min_samples_leaf': 2}. Best is trial 1 with value: 0.9.
[I 2026-04-09 19:54:20,319] Trial 21 finished with value: 0.9 and parameters: {'n_estimators': 479, 'max_depth': 16, 'min_samples_split': 2, 'min_samples_leaf': 1}. Best is trial 1 with value: 0.9.
[I 2026-04-09 19:54:20,785] Trial 22 finished with value: 0.9 and parameters: {'n_estimators': 412, 'max_depth': 19, 'min_samples_split': 2, 'min_samples_leaf': 1}. Best is trial 1 with value: 0.9.
[I 2026-04-09 19:54:21,309] Trial 23 finished with value: 0.85 and parameters: {'n_estimators': 467, 'max_depth': 13, 'min_samples_split': 3, 'min_samples_leaf': 2}. Best is trial 1 with value: 0.9.
[I 2026-04-09 19:54:21,726] Trial 24 finished with value: 0.8 and parameters: {'n_estimators': 378, 'max_depth': 15, 'min_samples_split': 5, 'min_samples_leaf': 4}. Best is trial 1 with value: 0.9.
[I 2026-04-09 19:54:22,230] Trial 25 finished with value: 0.9 and parameters: {'n_estimators': 438, 'max_depth': 9, 'min_samples_split': 2, 'min_samples_leaf': 1}. Best is trial 1 with value: 0.9.
[I 2026-04-09 19:54:22,781] Trial 26 finished with value: 0.85 and parameters: {'n_estimators': 494, 'max_depth': 13, 'min_samples_split': 4, 'min_samples_leaf': 3}. Best is trial 1 with value: 0.9.
[I 2026-04-09 19:54:23,209] Trial 27 finished with value: 0.9 and parameters: {'n_estimators': 336, 'max_depth': 17, 'min_samples_split': 6, 'min_samples_leaf': 2}. Best is trial 1 with value: 0.9.
[I 2026-04-09 19:54:23,369] Trial 28 finished with value: 0.85 and parameters: {'n_estimators': 105, 'max_depth': 10, 'min_samples_split': 3, 'min_samples_leaf': 4}. Best is trial 1 with value: 0.9.
[I 2026-04-09 19:54:23,940] Trial 29 finished with value: 0.85 and parameters: {'n_estimators': 463, 'max_depth': 17, 'min_samples_split': 2, 'min_samples_leaf': 1}. Best is trial 1 with value: 0.9.
[I 2026-04-09 19:54:29,494] A new study created in memory with name: mlp
[I 2026-04-09 19:54:29,548] Trial 0 finished with value: 0.6 and parameters: {'hidden_layer_sizes': (200,), 'max_iter': 100, 'alpha': 0.0001}. Best is trial 0 with value: 0.6.
[I 2026-04-09 19:54:29,635] Trial 1 finished with value: 0.6 and parameters: {'hidden_layer_sizes': (100, 100), 'max_iter': 100, 'alpha': 0.0001}. Best is trial 0 with value: 0.6.
[I 2026-04-09 19:54:29,689] Trial 2 finished with value: 0.6 and parameters: {'hidden_layer_sizes': (200,), 'max_iter': 100, 'alpha': 0.001}. Best is trial 0 with value: 0.6.
[I 2026-04-09 19:54:29,725] Trial 3 finished with value: 0.55 and parameters: {'hidden_layer_sizes': (100,), 'max_iter': 50, 'alpha': 0.001}. Best is trial 0 with value: 0.6.
[I 2026-04-09 19:54:29,760] Trial 4 finished with value: 0.65 and parameters: {'hidden_layer_sizes': (100,), 'max_iter': 50, 'alpha': 0.0001}. Best is trial 4 with value: 0.65.
[I 2026-04-09 19:54:29,793] Trial 5 finished with value: 0.5 and parameters: {'hidden_layer_sizes': (100,), 'max_iter': 50, 'alpha': 0.0001}. Best is trial 4 with value: 0.65.
[I 2026-04-09 19:54:29,842] Trial 6 finished with value: 0.75 and parameters: {'hidden_layer_sizes': (100,), 'max_iter': 50, 'alpha': 0.0001}. Best is trial 6 with value: 0.75.
[I 2026-04-09 19:54:29,880] Trial 7 finished with value: 0.5 and parameters: {'hidden_layer_sizes': (100,), 'max_iter': 50, 'alpha': 0.0001}. Best is trial 6 with value: 0.75.
[I 2026-04-09 19:54:29,935] Trial 8 finished with value: 0.6 and parameters: {'hidden_layer_sizes': (200,), 'max_iter': 100, 'alpha': 0.0001}. Best is trial 6 with value: 0.75.
[I 2026-04-09 19:54:29,970] Trial 9 finished with value: 0.65 and parameters: {'hidden_layer_sizes': (200,), 'max_iter': 50, 'alpha': 0.0001}. Best is trial 6 with value: 0.75.
[I 2026-04-09 19:54:30,048] Trial 10 finished with value: 0.65 and parameters: {'hidden_layer_sizes': (100, 100), 'max_iter': 50, 'alpha': 0.001}. Best is trial 6 with value: 0.75.
[I 2026-04-09 19:54:30,075] Trial 11 finished with value: 0.8 and parameters: {'hidden_layer_sizes': (100,), 'max_iter': 50, 'alpha': 0.0001}. Best is trial 11 with value: 0.8.
[I 2026-04-09 19:54:30,107] Trial 12 finished with value: 0.6 and parameters: {'hidden_layer_sizes': (100,), 'max_iter': 50, 'alpha': 0.0001}. Best is trial 11 with value: 0.8.
[I 2026-04-09 19:54:30,142] Trial 13 finished with value: 0.65 and parameters: {'hidden_layer_sizes': (100,), 'max_iter': 50, 'alpha': 0.0001}. Best is trial 11 with value: 0.8.
[I 2026-04-09 19:54:30,181] Trial 14 finished with value: 0.5 and parameters: {'hidden_layer_sizes': (100,), 'max_iter': 50, 'alpha': 0.001}. Best is trial 11 with value: 0.8.
[I 2026-04-09 19:54:30,229] Trial 15 finished with value: 0.65 and parameters: {'hidden_layer_sizes': (100,), 'max_iter': 50, 'alpha': 0.0001}. Best is trial 11 with value: 0.8.
[I 2026-04-09 19:54:30,276] Trial 16 finished with value: 0.65 and parameters: {'hidden_layer_sizes': (100, 100), 'max_iter': 50, 'alpha': 0.0001}. Best is trial 11 with value: 0.8.
[I 2026-04-09 19:54:30,316] Trial 17 finished with value: 0.65 and parameters: {'hidden_layer_sizes': (100,), 'max_iter': 50, 'alpha': 0.0001}. Best is trial 11 with value: 0.8.
[I 2026-04-09 19:54:30,376] Trial 18 finished with value: 0.6 and parameters: {'hidden_layer_sizes': (100,), 'max_iter': 100, 'alpha': 0.001}. Best is trial 11 with value: 0.8.
[I 2026-04-09 19:54:30,427] Trial 19 finished with value: 0.65 and parameters: {'hidden_layer_sizes': (100, 100), 'max_iter': 50, 'alpha': 0.0001}. Best is trial 11 with value: 0.8.
[I 2026-04-09 19:54:30,467] Trial 20 finished with value: 0.65 and parameters: {'hidden_layer_sizes': (100,), 'max_iter': 50, 'alpha': 0.0001}. Best is trial 11 with value: 0.8.
[I 2026-04-09 19:54:30,504] Trial 21 finished with value: 0.55 and parameters: {'hidden_layer_sizes': (100,), 'max_iter': 50, 'alpha': 0.0001}. Best is trial 11 with value: 0.8.
[I 2026-04-09 19:54:30,540] Trial 22 finished with value: 0.6 and parameters: {'hidden_layer_sizes': (100,), 'max_iter': 50, 'alpha': 0.0001}. Best is trial 11 with value: 0.8.
[I 2026-04-09 19:54:30,578] Trial 23 finished with value: 0.55 and parameters: {'hidden_layer_sizes': (100,), 'max_iter': 50, 'alpha': 0.0001}. Best is trial 11 with value: 0.8.
[I 2026-04-09 19:54:30,620] Trial 24 finished with value: 0.75 and parameters: {'hidden_layer_sizes': (100,), 'max_iter': 50, 'alpha': 0.0001}. Best is trial 11 with value: 0.8.
[I 2026-04-09 19:54:30,660] Trial 25 finished with value: 0.65 and parameters: {'hidden_layer_sizes': (100,), 'max_iter': 50, 'alpha': 0.0001}. Best is trial 11 with value: 0.8.
[I 2026-04-09 19:54:30,712] Trial 26 finished with value: 0.7 and parameters: {'hidden_layer_sizes': (100,), 'max_iter': 100, 'alpha': 0.001}. Best is trial 11 with value: 0.8.
[I 2026-04-09 19:54:30,748] Trial 27 finished with value: 0.6 and parameters: {'hidden_layer_sizes': (100,), 'max_iter': 50, 'alpha': 0.0001}. Best is trial 11 with value: 0.8.
[I 2026-04-09 19:54:30,793] Trial 28 finished with value: 0.6 and parameters: {'hidden_layer_sizes': (100, 100), 'max_iter': 50, 'alpha': 0.0001}. Best is trial 11 with value: 0.8.
[I 2026-04-09 19:54:30,840] Trial 29 finished with value: 0.6 and parameters: {'hidden_layer_sizes': (200,), 'max_iter': 100, 'alpha': 0.0001}. Best is trial 11 with value: 0.8.
[I 2026-04-09 20:11:02,957] A new study created in memory with name: naive_bayes
Parámetros guardados en checkpoint_paysim_Doriginal_I/ag/IPC_10/best_models_ag_seed_6_space_original/naive_bayes_best_params.json


>>> Optuna tuning logreg metodo ag IPC 10 seed 6


Parámetros guardados en checkpoint_paysim_Doriginal_I/ag/IPC_10/best_models_ag_seed_6_space_original/logreg_best_params.json


>>> Optuna tuning knn metodo ag IPC 10 seed 6


Parámetros guardados en checkpoint_paysim_Doriginal_I/ag/IPC_10/best_models_ag_seed_6_space_original/knn_best_params.json


>>> Optuna tuning xgb metodo ag IPC 10 seed 6


Parámetros guardados en checkpoint_paysim_Doriginal_I/ag/IPC_10/best_models_ag_seed_6_space_original/xgb_best_params.json


>>> Optuna tuning rf metodo ag IPC 10 seed 6


Parámetros guardados en checkpoint_paysim_Doriginal_I/ag/IPC_10/best_models_ag_seed_6_space_original/rf_best_params.json


>>> Optuna tuning mlp metodo ag IPC 10 seed 6


Parámetros guardados en checkpoint_paysim_Doriginal_I/ag/IPC_10/best_models_ag_seed_6_space_original/mlp_best_params.json


>>> Optuna tuning naive_bayes metodo k_center IPC 10 seed 6


Parámetros guardados en checkpoint_paysim_Doriginal_I/k_center/IPC_10/best_models_k_center_seed_6_space_original/naive_bayes_best_params.json


>>> Optuna tuning logreg metodo k_center IPC 10 seed 6


Parámetros guardados en checkpoint_paysim_Doriginal_I/k_center/IPC_10/best_models_k_center_seed_6_space_original/logreg_best_params.json


>>> Optuna tuning knn metodo k_center IPC 10 seed 6


Parámetros guardados en checkpoint_paysim_Doriginal_I/k_center/IPC_10/best_models_k_center_seed_6_space_original/knn_best_params.json


>>> Optuna tuning xgb metodo k_center IPC 10 seed 6


Parámetros guardados en checkpoint_paysim_Doriginal_I/k_center/IPC_10/best_models_k_center_seed_6_space_original/xgb_best_params.json


>>> Optuna tuning rf metodo k_center IPC 10 seed 6


Parámetros guardados en checkpoint_paysim_Doriginal_I/k_center/IPC_10/best_models_k_center_seed_6_space_original/rf_best_params.json


>>> Optuna tuning mlp metodo k_center IPC 10 seed 6


Parámetros guardados en checkpoint_paysim_Doriginal_I/k_center/IPC_10/best_models_k_center_seed_6_space_original/mlp_best_params.json


>>> Optuna tuning naive_bayes metodo lc IPC 10 seed 6


Parámetros guardados en checkpoint_paysim_Doriginal_I/lc/IPC_10/best_models_lc_seed_6_space_original/naive_bayes_best_params.json


>>> Optuna tuning logreg metodo lc IPC 10 seed 6


Parámetros guardados en checkpoint_paysim_Doriginal_I/lc/IPC_10/best_models_lc_seed_6_space_original/logreg_best_params.json


>>> Optuna tuning knn metodo lc IPC 10 seed 6


Parámetros guardados en checkpoint_paysim_Doriginal_I/lc/IPC_10/best_models_lc_seed_6_space_original/knn_best_params.json


>>> Optuna tuning xgb metodo lc IPC 10 seed 6


Parámetros guardados en checkpoint_paysim_Doriginal_I/lc/IPC_10/best_models_lc_seed_6_space_original/xgb_best_params.json


>>> Optuna tuning rf metodo lc IPC 10 seed 6


Parámetros guardados en checkpoint_paysim_Doriginal_I/lc/IPC_10/best_models_lc_seed_6_space_original/rf_best_params.json


>>> Optuna tuning mlp metodo lc IPC 10 seed 6


Parámetros guardados en checkpoint_paysim_Doriginal_I/lc/IPC_10/best_models_lc_seed_6_space_original/mlp_best_params.json


>>> Optuna tuning naive_bayes metodo random IPC 10 seed 7


Parámetros guardados en checkpoint_paysim_Doriginal_I/random/IPC_10/best_models_random_seed_7_space_original/naive_bayes_best_params.json


>>> Optuna tuning logreg metodo random IPC 10 seed 7


Parámetros guardados en checkpoint_paysim_Doriginal_I/random/IPC_10/best_models_random_seed_7_space_original/logreg_best_params.json


>>> Optuna tuning knn metodo random IPC 10 seed 7


Parámetros guardados en checkpoint_paysim_Doriginal_I/random/IPC_10/best_models_random_seed_7_space_original/knn_best_params.json


>>> Optuna tuning xgb metodo random IPC 10 seed 7


Parámetros guardados en checkpoint_paysim_Doriginal_I/random/IPC_10/best_models_random_seed_7_space_original/xgb_best_params.json


>>> Optuna tuning rf metodo random IPC 10 seed 7


Parámetros guardados en checkpoint_paysim_Doriginal_I/random/IPC_10/best_models_random_seed_7_space_original/rf_best_params.json


>>> Optuna tuning mlp metodo random IPC 10 seed 7


Parámetros guardados en checkpoint_paysim_Doriginal_I/random/IPC_10/best_models_random_seed_7_space_original/mlp_best_params.json


>>> Optuna tuning naive_bayes metodo k-means IPC 10 seed 7


Parámetros guardados en checkpoint_paysim_Doriginal_I/k-means/IPC_10/best_models_k-means_seed_7_space_original/naive_bayes_best_params.json


>>> Optuna tuning logreg metodo k-means IPC 10 seed 7


Parámetros guardados en checkpoint_paysim_Doriginal_I/k-means/IPC_10/best_models_k-means_seed_7_space_original/logreg_best_params.json


>>> Optuna tuning knn metodo k-means IPC 10 seed 7


Parámetros guardados en checkpoint_paysim_Doriginal_I/k-means/IPC_10/best_models_k-means_seed_7_space_original/knn_best_params.json


>>> Optuna tuning xgb metodo k-means IPC 10 seed 7


Parámetros guardados en checkpoint_paysim_Doriginal_I/k-means/IPC_10/best_models_k-means_seed_7_space_original/xgb_best_params.json


>>> Optuna tuning rf metodo k-means IPC 10 seed 7


Parámetros guardados en checkpoint_paysim_Doriginal_I/k-means/IPC_10/best_models_k-means_seed_7_space_original/rf_best_params.json


>>> Optuna tuning mlp metodo k-means IPC 10 seed 7


Parámetros guardados en checkpoint_paysim_Doriginal_I/k-means/IPC_10/best_models_k-means_seed_7_space_original/mlp_best_params.json


>>> Optuna tuning naive_bayes metodo ag IPC 10 seed 7


[I 2026-04-09 20:11:05,738] Trial 0 finished with value: 0.75 and parameters: {'var_smoothing': 1.4210736239935712e-10}. Best is trial 0 with value: 0.75.
[I 2026-04-09 20:11:08,590] Trial 1 finished with value: 0.75 and parameters: {'var_smoothing': 3.629422978396398e-09}. Best is trial 0 with value: 0.75.
[I 2026-04-09 20:11:11,126] Trial 2 finished with value: 0.75 and parameters: {'var_smoothing': 7.530407234027127e-10}. Best is trial 0 with value: 0.75.
[I 2026-04-09 20:11:13,707] Trial 3 finished with value: 0.75 and parameters: {'var_smoothing': 2.7985325053380072e-09}. Best is trial 0 with value: 0.75.
[I 2026-04-09 20:11:16,236] Trial 4 finished with value: 0.75 and parameters: {'var_smoothing': 9.036058293737187e-09}. Best is trial 0 with value: 0.75.
[I 2026-04-09 20:11:18,746] Trial 5 finished with value: 0.75 and parameters: {'var_smoothing': 1.1939653980558784e-09}. Best is trial 0 with value: 0.75.
[I 2026-04-09 20:11:21,188] Trial 6 finished with value: 0.75 and parameters: {'var_smoothing': 1.005173261185167e-09}. Best is trial 0 with value: 0.75.
[I 2026-04-09 20:11:23,755] Trial 7 finished with value: 0.75 and parameters: {'var_smoothing': 1.393484899105757e-10}. Best is trial 0 with value: 0.75.
[I 2026-04-09 20:11:26,418] Trial 8 finished with value: 0.75 and parameters: {'var_smoothing': 3.4425317961147986e-10}. Best is trial 0 with value: 0.75.
[I 2026-04-09 20:11:28,887] Trial 9 finished with value: 0.75 and parameters: {'var_smoothing': 9.994590426751933e-10}. Best is trial 0 with value: 0.75.
[I 2026-04-09 20:11:31,359] Trial 10 finished with value: 0.75 and parameters: {'var_smoothing': 1.9079938112167212e-10}. Best is trial 0 with value: 0.75.
[I 2026-04-09 20:11:33,844] Trial 11 finished with value: 0.75 and parameters: {'var_smoothing': 4.7456863630433305e-09}. Best is trial 0 with value: 0.75.
[I 2026-04-09 20:11:36,345] Trial 12 finished with value: 0.75 and parameters: {'var_smoothing': 2.7185365295481096e-09}. Best is trial 0 with value: 0.75.
[I 2026-04-09 20:11:36,390] Trial 13 finished with value: 0.75 and parameters: {'var_smoothing': 4.3967291332584714e-10}. Best is trial 0 with value: 0.75.
[I 2026-04-09 20:11:36,420] Trial 14 finished with value: 0.75 and parameters: {'var_smoothing': 2.6511307931162972e-09}. Best is trial 0 with value: 0.75.
[I 2026-04-09 20:11:36,450] Trial 15 finished with value: 0.75 and parameters: {'var_smoothing': 9.000422035369052e-09}. Best is trial 0 with value: 0.75.
[I 2026-04-09 20:11:38,856] Trial 16 finished with value: 0.75 and parameters: {'var_smoothing': 2.75340575769171e-10}. Best is trial 0 with value: 0.75.
[I 2026-04-09 20:11:38,890] Trial 17 finished with value: 0.75 and parameters: {'var_smoothing': 1.0118559267516465e-10}. Best is trial 0 with value: 0.75.
[I 2026-04-09 20:11:38,919] Trial 18 finished with value: 0.75 and parameters: {'var_smoothing': 5.126237368588495e-10}. Best is trial 0 with value: 0.75.
[I 2026-04-09 20:11:38,935] Trial 19 finished with value: 0.75 and parameters: {'var_smoothing': 1.7743118427439911e-09}. Best is trial 0 with value: 0.75.
[I 2026-04-09 20:11:38,952] Trial 20 finished with value: 0.75 and parameters: {'var_smoothing': 5.29215399120128e-09}. Best is trial 0 with value: 0.75.
[I 2026-04-09 20:11:38,979] Trial 21 finished with value: 0.75 and parameters: {'var_smoothing': 6.215389304971454e-10}. Best is trial 0 with value: 0.75.
[I 2026-04-09 20:11:38,999] Trial 22 finished with value: 0.75 and parameters: {'var_smoothing': 2.205158371956595e-10}. Best is trial 0 with value: 0.75.
[I 2026-04-09 20:11:39,018] Trial 23 finished with value: 0.75 and parameters: {'var_smoothing': 6.714468189294179e-10}. Best is trial 0 with value: 0.75.
[I 2026-04-09 20:11:39,037] Trial 24 finished with value: 0.75 and parameters: {'var_smoothing': 1.6303611152529254e-09}. Best is trial 0 with value: 0.75.
[I 2026-04-09 20:11:39,066] Trial 25 finished with value: 0.75 and parameters: {'var_smoothing': 5.460180203252778e-09}. Best is trial 0 with value: 0.75.
[I 2026-04-09 20:11:39,085] Trial 26 finished with value: 0.75 and parameters: {'var_smoothing': 1.0123007748054653e-10}. Best is trial 0 with value: 0.75.
[I 2026-04-09 20:11:39,102] Trial 27 finished with value: 0.75 and parameters: {'var_smoothing': 3.7004726843827016e-09}. Best is trial 0 with value: 0.75.
[I 2026-04-09 20:11:39,120] Trial 28 finished with value: 0.75 and parameters: {'var_smoothing': 8.062949328123723e-10}. Best is trial 0 with value: 0.75.
[I 2026-04-09 20:11:39,140] Trial 29 finished with value: 0.75 and parameters: {'var_smoothing': 1.8379694059711336e-09}. Best is trial 0 with value: 0.75.
[I 2026-04-09 20:11:40,368] A new study created in memory with name: logreg
[I 2026-04-09 20:11:40,423] Trial 0 finished with value: 0.3 and parameters: {'C': 0.002407362254570802, 'penalty': 'l2'}. Best is trial 0 with value: 0.3.
[I 2026-04-09 20:11:40,490] Trial 1 finished with value: 0.75 and parameters: {'C': 7.935859334260497, 'penalty': 'l2'}. Best is trial 1 with value: 0.75.
[I 2026-04-09 20:11:40,543] Trial 2 finished with value: 0.65 and parameters: {'C': 0.15561310098067915, 'penalty': 'l2'}. Best is trial 1 with value: 0.75.
[I 2026-04-09 20:11:40,608] Trial 3 finished with value: 0.75 and parameters: {'C': 4.143104515916128, 'penalty': 'l2'}. Best is trial 1 with value: 0.75.
[I 2026-04-09 20:11:40,652] Trial 4 finished with value: 0.7 and parameters: {'C': 77.61533923098803, 'penalty': 'l2'}. Best is trial 1 with value: 0.75.
[I 2026-04-09 20:11:40,708] Trial 5 finished with value: 0.75 and parameters: {'C': 0.49258292359934785, 'penalty': 'l2'}. Best is trial 1 with value: 0.75.
[I 2026-04-09 20:11:40,765] Trial 6 finished with value: 0.65 and parameters: {'C': 0.320333470047146, 'penalty': 'l2'}. Best is trial 1 with value: 0.75.
[I 2026-04-09 20:11:40,822] Trial 7 finished with value: 0.3 and parameters: {'C': 0.002292216671132896, 'penalty': 'l2'}. Best is trial 1 with value: 0.75.
[I 2026-04-09 20:11:40,882] Trial 8 finished with value: 0.45 and parameters: {'C': 0.0219884643872214, 'penalty': 'l2'}. Best is trial 1 with value: 0.75.
[I 2026-04-09 20:11:40,929] Trial 9 finished with value: 0.65 and parameters: {'C': 0.31580027519646636, 'penalty': 'l2'}. Best is trial 1 with value: 0.75.
[I 2026-04-09 20:11:41,007] Trial 10 finished with value: 0.7 and parameters: {'C': 47.045226746887316, 'penalty': 'l2'}. Best is trial 1 with value: 0.75.
[I 2026-04-09 20:11:41,070] Trial 11 finished with value: 0.75 and parameters: {'C': 6.839277165794106, 'penalty': 'l2'}. Best is trial 1 with value: 0.75.
[I 2026-04-09 20:11:41,121] Trial 12 finished with value: 0.75 and parameters: {'C': 5.370275252082627, 'penalty': 'l2'}. Best is trial 1 with value: 0.75.
[I 2026-04-09 20:11:41,152] Trial 13 finished with value: 0.75 and parameters: {'C': 4.530730528990401, 'penalty': 'l2'}. Best is trial 1 with value: 0.75.
[I 2026-04-09 20:11:41,191] Trial 14 finished with value: 0.7 and parameters: {'C': 15.961422628848593, 'penalty': 'l2'}. Best is trial 1 with value: 0.75.
[I 2026-04-09 20:11:41,221] Trial 15 finished with value: 0.75 and parameters: {'C': 1.6271854345698875, 'penalty': 'l2'}. Best is trial 1 with value: 0.75.
[I 2026-04-09 20:11:41,252] Trial 16 finished with value: 0.75 and parameters: {'C': 1.8118670271657522, 'penalty': 'l2'}. Best is trial 1 with value: 0.75.
