[I 2026-04-09 22:01:40,052] Trial 0 finished with value: 0.85 and parameters: {'C': 23.288794782471303, 'penalty': 'l2'}. Best is trial 0 with value: 0.85.
[I 2026-04-09 22:01:40,099] Trial 1 finished with value: 0.85 and parameters: {'C': 69.61507800412923, 'penalty': 'l2'}. Best is trial 0 with value: 0.85.
[I 2026-04-09 22:01:40,134] Trial 2 finished with value: 0.85 and parameters: {'C': 22.180569925473442, 'penalty': 'l2'}. Best is trial 0 with value: 0.85.
[I 2026-04-09 22:01:40,167] Trial 3 finished with value: 0.925 and parameters: {'C': 0.4511058486037652, 'penalty': 'l2'}. Best is trial 3 with value: 0.925.
[I 2026-04-09 22:01:40,200] Trial 4 finished with value: 0.9 and parameters: {'C': 0.014576110093994574, 'penalty': 'l2'}. Best is trial 3 with value: 0.925.
[I 2026-04-09 22:01:40,222] Trial 5 finished with value: 0.9 and parameters: {'C': 0.0011402340906886685, 'penalty': 'l2'}. Best is trial 3 with value: 0.925.
[I 2026-04-09 22:01:40,245] Trial 6 finished with value: 0.9 and parameters: {'C': 0.14201822862985758, 'penalty': 'l2'}. Best is trial 3 with value: 0.925.
[I 2026-04-09 22:01:40,283] Trial 7 finished with value: 0.9 and parameters: {'C': 0.1027440782219989, 'penalty': 'l2'}. Best is trial 3 with value: 0.925.
[I 2026-04-09 22:01:40,311] Trial 8 finished with value: 0.925 and parameters: {'C': 0.41055690122086846, 'penalty': 'l2'}. Best is trial 3 with value: 0.925.
[I 2026-04-09 22:01:40,345] Trial 9 finished with value: 0.9 and parameters: {'C': 0.24658064201770763, 'penalty': 'l2'}. Best is trial 3 with value: 0.925.
[I 2026-04-09 22:01:40,395] Trial 10 finished with value: 0.9 and parameters: {'C': 4.054933242818742, 'penalty': 'l2'}. Best is trial 3 with value: 0.925.
[I 2026-04-09 22:01:40,427] Trial 11 finished with value: 0.9 and parameters: {'C': 1.8807017576613405, 'penalty': 'l2'}. Best is trial 3 with value: 0.925.
[I 2026-04-09 22:01:40,453] Trial 12 finished with value: 0.9 and parameters: {'C': 1.4570518307574591, 'penalty': 'l2'}. Best is trial 3 with value: 0.925.
[I 2026-04-09 22:01:40,481] Trial 13 finished with value: 0.9 and parameters: {'C': 0.03186626865416396, 'penalty': 'l2'}. Best is trial 3 with value: 0.925.
[I 2026-04-09 22:01:40,508] Trial 14 finished with value: 0.9 and parameters: {'C': 1.2084617023256528, 'penalty': 'l2'}. Best is trial 3 with value: 0.925.
[I 2026-04-09 22:01:40,533] Trial 15 finished with value: 0.9 and parameters: {'C': 0.010332693560302569, 'penalty': 'l2'}. Best is trial 3 with value: 0.925.
[I 2026-04-09 22:01:40,560] Trial 16 finished with value: 0.925 and parameters: {'C': 0.6376464780071301, 'penalty': 'l2'}. Best is trial 3 with value: 0.925.
[I 2026-04-09 22:01:40,587] Trial 17 finished with value: 0.875 and parameters: {'C': 6.368737661000687, 'penalty': 'l2'}. Best is trial 3 with value: 0.925.
[I 2026-04-09 22:01:40,613] Trial 18 finished with value: 0.9 and parameters: {'C': 0.05391598791767315, 'penalty': 'l2'}. Best is trial 3 with value: 0.925.
[I 2026-04-09 22:01:40,628] Trial 19 finished with value: 0.9 and parameters: {'C': 0.0023784429524492043, 'penalty': 'l2'}. Best is trial 3 with value: 0.925.
[I 2026-04-09 22:01:40,654] Trial 20 finished with value: 0.925 and parameters: {'C': 0.3529652626243836, 'penalty': 'l2'}. Best is trial 3 with value: 0.925.
[I 2026-04-09 22:01:40,684] Trial 21 finished with value: 0.925 and parameters: {'C': 0.5305753405726402, 'penalty': 'l2'}. Best is trial 3 with value: 0.925.
[I 2026-04-09 22:01:40,725] Trial 22 finished with value: 0.925 and parameters: {'C': 0.6301578298964108, 'penalty': 'l2'}. Best is trial 3 with value: 0.925.
[I 2026-04-09 22:01:40,766] Trial 23 finished with value: 0.9 and parameters: {'C': 4.707594304943674, 'penalty': 'l2'}. Best is trial 3 with value: 0.925.
[I 2026-04-09 22:01:40,793] Trial 24 finished with value: 0.9 and parameters: {'C': 0.1370977996745685, 'penalty': 'l2'}. Best is trial 3 with value: 0.925.
[I 2026-04-09 22:01:40,827] Trial 25 finished with value: 0.925 and parameters: {'C': 0.7642172600199678, 'penalty': 'l2'}. Best is trial 3 with value: 0.925.
[I 2026-04-09 22:01:40,863] Trial 26 finished with value: 0.9 and parameters: {'C': 2.47844873329679, 'penalty': 'l2'}. Best is trial 3 with value: 0.925.
[I 2026-04-09 22:01:40,888] Trial 27 finished with value: 0.9 and parameters: {'C': 0.05586475654256145, 'penalty': 'l2'}. Best is trial 3 with value: 0.925.
[I 2026-04-09 22:01:40,923] Trial 28 finished with value: 0.85 and parameters: {'C': 9.129774765424306, 'penalty': 'l2'}. Best is trial 3 with value: 0.925.
[I 2026-04-09 22:01:40,960] Trial 29 finished with value: 0.9 and parameters: {'C': 0.22820651096571878, 'penalty': 'l2'}. Best is trial 3 with value: 0.925.
[I 2026-04-09 22:01:41,944] A new study created in memory with name: knn
[I 2026-04-09 22:01:41,960] Trial 0 finished with value: 0.85 and parameters: {'n_neighbors': 9, 'leaf_size': 40, 'p': 1}. Best is trial 0 with value: 0.85.
[I 2026-04-09 22:01:41,975] Trial 1 finished with value: 0.9 and parameters: {'n_neighbors': 4, 'leaf_size': 20, 'p': 1}. Best is trial 1 with value: 0.9.
[I 2026-04-09 22:01:42,002] Trial 2 finished with value: 0.875 and parameters: {'n_neighbors': 7, 'leaf_size': 30, 'p': 1}. Best is trial 1 with value: 0.9.
[I 2026-04-09 22:01:42,018] Trial 3 finished with value: 0.85 and parameters: {'n_neighbors': 9, 'leaf_size': 34, 'p': 1}. Best is trial 1 with value: 0.9.
[I 2026-04-09 22:01:42,032] Trial 4 finished with value: 0.9 and parameters: {'n_neighbors': 5, 'leaf_size': 40, 'p': 1}. Best is trial 1 with value: 0.9.
[I 2026-04-09 22:01:42,047] Trial 5 finished with value: 0.9 and parameters: {'n_neighbors': 3, 'leaf_size': 40, 'p': 2}. Best is trial 1 with value: 0.9.
[I 2026-04-09 22:01:42,060] Trial 6 finished with value: 0.9 and parameters: {'n_neighbors': 3, 'leaf_size': 24, 'p': 2}. Best is trial 1 with value: 0.9.
[I 2026-04-09 22:01:42,075] Trial 7 finished with value: 0.9 and parameters: {'n_neighbors': 5, 'leaf_size': 40, 'p': 2}. Best is trial 1 with value: 0.9.
[I 2026-04-09 22:01:42,089] Trial 8 finished with value: 0.9 and parameters: {'n_neighbors': 6, 'leaf_size': 36, 'p': 1}. Best is trial 1 with value: 0.9.
[I 2026-04-09 22:01:42,105] Trial 9 finished with value: 0.9 and parameters: {'n_neighbors': 6, 'leaf_size': 25, 'p': 1}. Best is trial 1 with value: 0.9.
[I 2026-04-09 22:01:42,143] Trial 10 finished with value: 0.9 and parameters: {'n_neighbors': 4, 'leaf_size': 22, 'p': 2}. Best is trial 1 with value: 0.9.
[I 2026-04-09 22:01:42,166] Trial 11 finished with value: 0.9 and parameters: {'n_neighbors': 5, 'leaf_size': 29, 'p': 1}. Best is trial 1 with value: 0.9.
[I 2026-04-09 22:01:42,204] Trial 12 finished with value: 0.875 and parameters: {'n_neighbors': 7, 'leaf_size': 20, 'p': 1}. Best is trial 1 with value: 0.9.
[I 2026-04-09 22:01:42,225] Trial 13 finished with value: 0.9 and parameters: {'n_neighbors': 4, 'leaf_size': 28, 'p': 1}. Best is trial 1 with value: 0.9.
[I 2026-04-09 22:01:42,244] Trial 14 finished with value: 0.9 and parameters: {'n_neighbors': 5, 'leaf_size': 34, 'p': 1}. Best is trial 1 with value: 0.9.
[I 2026-04-09 22:01:42,274] Trial 15 finished with value: 0.9 and parameters: {'n_neighbors': 4, 'leaf_size': 36, 'p': 1}. Best is trial 1 with value: 0.9.
[I 2026-04-09 22:01:42,304] Trial 16 finished with value: 0.875 and parameters: {'n_neighbors': 8, 'leaf_size': 26, 'p': 1}. Best is trial 1 with value: 0.9.
[I 2026-04-09 22:01:42,330] Trial 17 finished with value: 0.9 and parameters: {'n_neighbors': 3, 'leaf_size': 32, 'p': 1}. Best is trial 1 with value: 0.9.
[I 2026-04-09 22:01:42,357] Trial 18 finished with value: 0.9 and parameters: {'n_neighbors': 5, 'leaf_size': 37, 'p': 2}. Best is trial 1 with value: 0.9.
[I 2026-04-09 22:01:42,392] Trial 19 finished with value: 0.9 and parameters: {'n_neighbors': 6, 'leaf_size': 20, 'p': 1}. Best is trial 1 with value: 0.9.
[I 2026-04-09 22:01:42,436] Trial 20 finished with value: 0.9 and parameters: {'n_neighbors': 4, 'leaf_size': 31, 'p': 1}. Best is trial 1 with value: 0.9.
[I 2026-04-09 22:01:42,460] Trial 21 finished with value: 0.9 and parameters: {'n_neighbors': 3, 'leaf_size': 38, 'p': 2}. Best is trial 1 with value: 0.9.
[I 2026-04-09 22:01:42,485] Trial 22 finished with value: 0.9 and parameters: {'n_neighbors': 3, 'leaf_size': 39, 'p': 2}. Best is trial 1 with value: 0.9.
[I 2026-04-09 22:01:42,507] Trial 23 finished with value: 0.9 and parameters: {'n_neighbors': 4, 'leaf_size': 34, 'p': 2}. Best is trial 1 with value: 0.9.
[I 2026-04-09 22:01:42,536] Trial 24 finished with value: 0.9 and parameters: {'n_neighbors': 5, 'leaf_size': 27, 'p': 2}. Best is trial 1 with value: 0.9.
[I 2026-04-09 22:01:42,567] Trial 25 finished with value: 0.85 and parameters: {'n_neighbors': 10, 'leaf_size': 23, 'p': 2}. Best is trial 1 with value: 0.9.
[I 2026-04-09 22:01:42,587] Trial 26 finished with value: 0.9 and parameters: {'n_neighbors': 3, 'leaf_size': 38, 'p': 2}. Best is trial 1 with value: 0.9.
[I 2026-04-09 22:01:42,608] Trial 27 finished with value: 0.9 and parameters: {'n_neighbors': 4, 'leaf_size': 32, 'p': 1}. Best is trial 1 with value: 0.9.
[I 2026-04-09 22:01:42,644] Trial 28 finished with value: 0.9 and parameters: {'n_neighbors': 6, 'leaf_size': 36, 'p': 2}. Best is trial 1 with value: 0.9.
[I 2026-04-09 22:01:42,682] Trial 29 finished with value: 0.9 and parameters: {'n_neighbors': 3, 'leaf_size': 40, 'p': 1}. Best is trial 1 with value: 0.9.
[I 2026-04-09 22:01:44,067] A new study created in memory with name: xgb
[I 2026-04-09 22:01:44,108] Trial 0 finished with value: 0.925 and parameters: {'n_estimators': 40, 'max_depth': 5, 'gamma': 0.4874219364632415, 'subsample': 0.7011756800186824, 'colsample_bytree': 0.7613373356762848}. Best is trial 0 with value: 0.925.
[I 2026-04-09 22:01:44,148] Trial 1 finished with value: 0.875 and parameters: {'n_estimators': 40, 'max_depth': 5, 'gamma': 0.483482593428573, 'subsample': 0.6445375140090439, 'colsample_bytree': 0.9869276206002231}. Best is trial 0 with value: 0.925.
[I 2026-04-09 22:01:44,175] Trial 2 finished with value: 0.9 and parameters: {'n_estimators': 10, 'max_depth': 5, 'gamma': 0.16384856027517886, 'subsample': 0.6123849694840227, 'colsample_bytree': 0.6968174574718025}. Best is trial 0 with value: 0.925.
[I 2026-04-09 22:01:44,213] Trial 3 finished with value: 0.9 and parameters: {'n_estimators': 100, 'max_depth': 30, 'gamma': 0.7877441182293641, 'subsample': 0.9694019566553859, 'colsample_bytree': 0.6598448982335139}. Best is trial 0 with value: 0.925.
[I 2026-04-09 22:01:44,239] Trial 4 finished with value: 0.875 and parameters: {'n_estimators': 100, 'max_depth': 5, 'gamma': 0.816017102586079, 'subsample': 0.5160040782128984, 'colsample_bytree': 0.7277239110529665}. Best is trial 0 with value: 0.925.
[I 2026-04-09 22:01:44,264] Trial 5 finished with value: 0.925 and parameters: {'n_estimators': 40, 'max_depth': 20, 'gamma': 0.6643500821697236, 'subsample': 0.6076588997363731, 'colsample_bytree': 0.5754850538287481}. Best is trial 0 with value: 0.925.
[I 2026-04-09 22:01:44,288] Trial 6 finished with value: 0.925 and parameters: {'n_estimators': 100, 'max_depth': 20, 'gamma': 0.6361752212866232, 'subsample': 0.8309913561372338, 'colsample_bytree': 0.7552902276266351}. Best is trial 0 with value: 0.925.
[I 2026-04-09 22:01:44,314] Trial 7 finished with value: 0.9 and parameters: {'n_estimators': 10, 'max_depth': 5, 'gamma': 0.5767347850317142, 'subsample': 0.7995431264700696, 'colsample_bytree': 0.8604622333437917}. Best is trial 0 with value: 0.925.
[I 2026-04-09 22:01:44,344] Trial 8 finished with value: 0.9 and parameters: {'n_estimators': 100, 'max_depth': 20, 'gamma': 0.8470554948938058, 'subsample': 0.860339005739911, 'colsample_bytree': 0.9331308414408237}. Best is trial 0 with value: 0.925.
[I 2026-04-09 22:01:44,383] Trial 9 finished with value: 0.9 and parameters: {'n_estimators': 100, 'max_depth': 30, 'gamma': 0.574951454577921, 'subsample': 0.9696020680119358, 'colsample_bytree': 0.8616917074936369}. Best is trial 0 with value: 0.925.
[I 2026-04-09 22:01:44,424] Trial 10 finished with value: 0.925 and parameters: {'n_estimators': 40, 'max_depth': 5, 'gamma': 0.32359117507032664, 'subsample': 0.7187470692461426, 'colsample_bytree': 0.525322130410742}. Best is trial 0 with value: 0.925.
[I 2026-04-09 22:01:44,466] Trial 11 finished with value: 0.925 and parameters: {'n_estimators': 40, 'max_depth': 20, 'gamma': 0.9894607367239925, 'subsample': 0.6597204633273567, 'colsample_bytree': 0.5003733334951512}. Best is trial 0 with value: 0.925.
[I 2026-04-09 22:01:44,506] Trial 12 finished with value: 0.9 and parameters: {'n_estimators': 40, 'max_depth': 20, 'gamma': 0.41000154180441223, 'subsample': 0.5221260374365414, 'colsample_bytree': 0.6059552660769121}. Best is trial 0 with value: 0.925.
[I 2026-04-09 22:01:44,546] Trial 13 finished with value: 0.9 and parameters: {'n_estimators': 40, 'max_depth': 20, 'gamma': 0.6895371696896289, 'subsample': 0.5899231091666304, 'colsample_bytree': 0.794118502272729}. Best is trial 0 with value: 0.925.
[I 2026-04-09 22:01:44,585] Trial 14 finished with value: 0.9 and parameters: {'n_estimators': 40, 'max_depth': 30, 'gamma': 0.2924047423339543, 'subsample': 0.7330410505016057, 'colsample_bytree': 0.5986755448671446}. Best is trial 0 with value: 0.925.
[I 2026-04-09 22:01:44,637] Trial 15 finished with value: 0.9 and parameters: {'n_estimators': 40, 'max_depth': 5, 'gamma': 0.4677647810752753, 'subsample': 0.6787654707824742, 'colsample_bytree': 0.8088384913613275}. Best is trial 0 with value: 0.925.
[I 2026-04-09 22:01:44,671] Trial 16 finished with value: 0.925 and parameters: {'n_estimators': 40, 'max_depth': 20, 'gamma': 0.7178556815839279, 'subsample': 0.5912238628675461, 'colsample_bytree': 0.6360449640348629}. Best is trial 0 with value: 0.925.
[I 2026-04-09 22:01:44,694] Trial 17 finished with value: 0.9 and parameters: {'n_estimators': 10, 'max_depth': 5, 'gamma': 0.9512217626904751, 'subsample': 0.7682008623427712, 'colsample_bytree': 0.5531795736898902}. Best is trial 0 with value: 0.925.
[I 2026-04-09 22:01:44,735] Trial 18 finished with value: 0.9 and parameters: {'n_estimators': 40, 'max_depth': 20, 'gamma': 0.34805432491824284, 'subsample': 0.8902649886973554, 'colsample_bytree': 0.6894026474124628}. Best is trial 0 with value: 0.925.
[I 2026-04-09 22:01:44,776] Trial 19 finished with value: 0.9 and parameters: {'n_estimators': 40, 'max_depth': 30, 'gamma': 0.2432008850124665, 'subsample': 0.5543025257043815, 'colsample_bytree': 0.5794202711104519}. Best is trial 0 with value: 0.925.
[I 2026-04-09 22:01:44,815] Trial 20 finished with value: 0.9 and parameters: {'n_estimators': 10, 'max_depth': 5, 'gamma': 0.11546680719474106, 'subsample': 0.6980108842642145, 'colsample_bytree': 0.7690668378475198}. Best is trial 0 with value: 0.925.
[I 2026-04-09 22:01:44,857] Trial 21 finished with value: 0.9 and parameters: {'n_estimators': 100, 'max_depth': 20, 'gamma': 0.6565273463842607, 'subsample': 0.8216381157716757, 'colsample_bytree': 0.7297342099598343}. Best is trial 0 with value: 0.925.
[I 2026-04-09 22:01:44,894] Trial 22 finished with value: 0.9 and parameters: {'n_estimators': 100, 'max_depth': 20, 'gamma': 0.6210422444090196, 'subsample': 0.8801008270703261, 'colsample_bytree': 0.8268059938080891}. Best is trial 0 with value: 0.925.
[I 2026-04-09 22:01:44,941] Trial 23 finished with value: 0.9 and parameters: {'n_estimators': 100, 'max_depth': 20, 'gamma': 0.5164163171986188, 'subsample': 0.7721980603713922, 'colsample_bytree': 0.7447452050426853}. Best is trial 0 with value: 0.925.
[I 2026-04-09 22:01:44,986] Trial 24 finished with value: 0.925 and parameters: {'n_estimators': 40, 'max_depth': 20, 'gamma': 0.7450475281901004, 'subsample': 0.9266123964982078, 'colsample_bytree': 0.9035409308634177}. Best is trial 0 with value: 0.925.
[I 2026-04-09 22:01:45,036] Trial 25 finished with value: 0.9 and parameters: {'n_estimators': 100, 'max_depth': 20, 'gamma': 0.4184077672097172, 'subsample': 0.837310154927249, 'colsample_bytree': 0.6858033338946494}. Best is trial 0 with value: 0.925.
[I 2026-04-09 22:01:45,077] Trial 26 finished with value: 0.9 and parameters: {'n_estimators': 40, 'max_depth': 20, 'gamma': 0.6127674515701991, 'subsample': 0.6313726974810525, 'colsample_bytree': 0.7623355769741964}. Best is trial 0 with value: 0.925.
[I 2026-04-09 22:01:45,136] Trial 27 finished with value: 0.9 and parameters: {'n_estimators': 100, 'max_depth': 20, 'gamma': 0.8735267672647165, 'subsample': 0.7543385885137449, 'colsample_bytree': 0.6412838610223918}. Best is trial 0 with value: 0.925.
[I 2026-04-09 22:01:45,175] Trial 28 finished with value: 0.925 and parameters: {'n_estimators': 10, 'max_depth': 30, 'gamma': 0.5432055653187391, 'subsample': 0.7098028101768485, 'colsample_bytree': 0.8462741059817613}. Best is trial 0 with value: 0.925.
[I 2026-04-09 22:01:45,209] Trial 29 finished with value: 0.9 and parameters: {'n_estimators': 40, 'max_depth': 5, 'gamma': 0.47225286292058244, 'subsample': 0.6645060822612482, 'colsample_bytree': 0.9342604911553476}. Best is trial 0 with value: 0.925.
[I 2026-04-09 22:01:46,344] A new study created in memory with name: rf
[I 2026-04-09 22:01:46,890] Trial 0 finished with value: 0.9 and parameters: {'n_estimators': 450, 'max_depth': 20, 'min_samples_split': 9, 'min_samples_leaf': 6}. Best is trial 0 with value: 0.9.
[I 2026-04-09 22:01:47,238] Trial 1 finished with value: 0.875 and parameters: {'n_estimators': 193, 'max_depth': 3, 'min_samples_split': 5, 'min_samples_leaf': 5}. Best is trial 0 with value: 0.9.
[I 2026-04-09 22:01:47,606] Trial 2 finished with value: 0.875 and parameters: {'n_estimators': 309, 'max_depth': 11, 'min_samples_split': 6, 'min_samples_leaf': 6}. Best is trial 0 with value: 0.9.
[I 2026-04-09 22:01:48,155] Trial 3 finished with value: 0.9 and parameters: {'n_estimators': 405, 'max_depth': 15, 'min_samples_split': 7, 'min_samples_leaf': 5}. Best is trial 0 with value: 0.9.
[I 2026-04-09 22:01:48,433] Trial 4 finished with value: 0.875 and parameters: {'n_estimators': 215, 'max_depth': 20, 'min_samples_split': 5, 'min_samples_leaf': 3}. Best is trial 0 with value: 0.9.
[I 2026-04-09 22:01:48,609] Trial 5 finished with value: 0.875 and parameters: {'n_estimators': 126, 'max_depth': 20, 'min_samples_split': 3, 'min_samples_leaf': 4}. Best is trial 0 with value: 0.9.
[I 2026-04-09 22:01:48,796] Trial 6 finished with value: 0.95 and parameters: {'n_estimators': 128, 'max_depth': 7, 'min_samples_split': 5, 'min_samples_leaf': 9}. Best is trial 6 with value: 0.95.
[I 2026-04-09 22:01:49,132] Trial 7 finished with value: 0.875 and parameters: {'n_estimators': 238, 'max_depth': 20, 'min_samples_split': 2, 'min_samples_leaf': 4}. Best is trial 6 with value: 0.95.
[I 2026-04-09 22:01:49,420] Trial 8 finished with value: 0.9 and parameters: {'n_estimators': 252, 'max_depth': 16, 'min_samples_split': 10, 'min_samples_leaf': 4}. Best is trial 6 with value: 0.95.
[I 2026-04-09 22:01:49,733] Trial 9 finished with value: 0.925 and parameters: {'n_estimators': 273, 'max_depth': 7, 'min_samples_split': 9, 'min_samples_leaf': 7}. Best is trial 6 with value: 0.95.
[I 2026-04-09 22:01:49,912] Trial 10 finished with value: 0.9 and parameters: {'n_estimators': 106, 'max_depth': 8, 'min_samples_split': 4, 'min_samples_leaf': 10}. Best is trial 6 with value: 0.95.
[I 2026-04-09 22:01:50,341] Trial 11 finished with value: 0.9 and parameters: {'n_estimators': 346, 'max_depth': 6, 'min_samples_split': 8, 'min_samples_leaf': 9}. Best is trial 6 with value: 0.95.
[I 2026-04-09 22:01:50,599] Trial 12 finished with value: 0.925 and parameters: {'n_estimators': 168, 'max_depth': 7, 'min_samples_split': 7, 'min_samples_leaf': 8}. Best is trial 6 with value: 0.95.
[I 2026-04-09 22:01:51,015] Trial 13 finished with value: 0.875 and parameters: {'n_estimators': 361, 'max_depth': 10, 'min_samples_split': 10, 'min_samples_leaf': 8}. Best is trial 6 with value: 0.95.
[I 2026-04-09 22:01:51,384] Trial 14 finished with value: 0.9 and parameters: {'n_estimators': 278, 'max_depth': 4, 'min_samples_split': 8, 'min_samples_leaf': 1}. Best is trial 6 with value: 0.95.
[I 2026-04-09 22:01:51,595] Trial 15 finished with value: 0.9 and parameters: {'n_estimators': 154, 'max_depth': 9, 'min_samples_split': 5, 'min_samples_leaf': 7}. Best is trial 6 with value: 0.95.
[I 2026-04-09 22:01:52,013] Trial 16 finished with value: 0.925 and parameters: {'n_estimators': 314, 'max_depth': 13, 'min_samples_split': 7, 'min_samples_leaf': 10}. Best is trial 6 with value: 0.95.
[I 2026-04-09 22:01:52,554] Trial 17 finished with value: 0.9 and parameters: {'n_estimators': 487, 'max_depth': 5, 'min_samples_split': 4, 'min_samples_leaf': 8}. Best is trial 6 with value: 0.95.
[I 2026-04-09 22:01:53,063] Trial 18 finished with value: 0.925 and parameters: {'n_estimators': 396, 'max_depth': 13, 'min_samples_split': 9, 'min_samples_leaf': 7}. Best is trial 6 with value: 0.95.
[I 2026-04-09 22:01:53,277] Trial 19 finished with value: 0.925 and parameters: {'n_estimators': 158, 'max_depth': 7, 'min_samples_split': 6, 'min_samples_leaf': 9}. Best is trial 6 with value: 0.95.
[I 2026-04-09 22:01:53,601] Trial 20 finished with value: 0.95 and parameters: {'n_estimators': 269, 'max_depth': 5, 'min_samples_split': 3, 'min_samples_leaf': 7}. Best is trial 6 with value: 0.95.
[I 2026-04-09 22:01:53,970] Trial 21 finished with value: 0.925 and parameters: {'n_estimators': 261, 'max_depth': 3, 'min_samples_split': 2, 'min_samples_leaf': 7}. Best is trial 6 with value: 0.95.
[I 2026-04-09 22:01:54,264] Trial 22 finished with value: 0.875 and parameters: {'n_estimators': 212, 'max_depth': 5, 'min_samples_split': 3, 'min_samples_leaf': 9}. Best is trial 6 with value: 0.95.
