[I 2026-04-09 21:10:13,818] Trial 14 finished with value: 0.9 and parameters: {'n_estimators': 337, 'max_depth': 9, 'min_samples_split': 4, 'min_samples_leaf': 6}. Best is trial 9 with value: 0.925.
[I 2026-04-09 21:10:14,336] Trial 15 finished with value: 0.925 and parameters: {'n_estimators': 441, 'max_depth': 7, 'min_samples_split': 2, 'min_samples_leaf': 3}. Best is trial 9 with value: 0.925.
[I 2026-04-09 21:10:14,823] Trial 16 finished with value: 0.9 and parameters: {'n_estimators': 406, 'max_depth': 6, 'min_samples_split': 2, 'min_samples_leaf': 3}. Best is trial 9 with value: 0.925.
[I 2026-04-09 21:10:15,262] Trial 17 finished with value: 0.875 and parameters: {'n_estimators': 342, 'max_depth': 3, 'min_samples_split': 3, 'min_samples_leaf': 6}. Best is trial 9 with value: 0.925.
[I 2026-04-09 21:10:15,795] Trial 18 finished with value: 0.9 and parameters: {'n_estimators': 459, 'max_depth': 10, 'min_samples_split': 3, 'min_samples_leaf': 3}. Best is trial 9 with value: 0.925.
[I 2026-04-09 21:10:16,304] Trial 19 finished with value: 0.925 and parameters: {'n_estimators': 457, 'max_depth': 18, 'min_samples_split': 2, 'min_samples_leaf': 5}. Best is trial 9 with value: 0.925.
[I 2026-04-09 21:10:16,711] Trial 20 finished with value: 0.925 and parameters: {'n_estimators': 346, 'max_depth': 7, 'min_samples_split': 4, 'min_samples_leaf': 4}. Best is trial 9 with value: 0.925.
[I 2026-04-09 21:10:17,213] Trial 21 finished with value: 0.925 and parameters: {'n_estimators': 460, 'max_depth': 18, 'min_samples_split': 2, 'min_samples_leaf': 5}. Best is trial 9 with value: 0.925.
[I 2026-04-09 21:10:17,734] Trial 22 finished with value: 0.825 and parameters: {'n_estimators': 446, 'max_depth': 17, 'min_samples_split': 3, 'min_samples_leaf': 7}. Best is trial 9 with value: 0.925.
[I 2026-04-09 21:10:18,334] Trial 23 finished with value: 0.875 and parameters: {'n_estimators': 495, 'max_depth': 11, 'min_samples_split': 2, 'min_samples_leaf': 4}. Best is trial 9 with value: 0.925.
[I 2026-04-09 21:10:18,779] Trial 24 finished with value: 0.925 and parameters: {'n_estimators': 389, 'max_depth': 20, 'min_samples_split': 5, 'min_samples_leaf': 2}. Best is trial 9 with value: 0.925.
[I 2026-04-09 21:10:19,271] Trial 25 finished with value: 0.925 and parameters: {'n_estimators': 428, 'max_depth': 17, 'min_samples_split': 4, 'min_samples_leaf': 5}. Best is trial 9 with value: 0.925.
[I 2026-04-09 21:10:19,815] Trial 26 finished with value: 0.925 and parameters: {'n_estimators': 469, 'max_depth': 9, 'min_samples_split': 3, 'min_samples_leaf': 6}. Best is trial 9 with value: 0.925.
[I 2026-04-09 21:10:20,268] Trial 27 finished with value: 0.925 and parameters: {'n_estimators': 367, 'max_depth': 5, 'min_samples_split': 2, 'min_samples_leaf': 2}. Best is trial 9 with value: 0.925.
[I 2026-04-09 21:10:20,627] Trial 28 finished with value: 0.825 and parameters: {'n_estimators': 285, 'max_depth': 11, 'min_samples_split': 3, 'min_samples_leaf': 7}. Best is trial 9 with value: 0.925.
[I 2026-04-09 21:10:21,120] Trial 29 finished with value: 0.9 and parameters: {'n_estimators': 444, 'max_depth': 7, 'min_samples_split': 6, 'min_samples_leaf': 4}. Best is trial 9 with value: 0.925.
[I 2026-04-09 21:10:27,449] A new study created in memory with name: mlp
[I 2026-04-09 21:10:27,494] Trial 0 finished with value: 0.8 and parameters: {'hidden_layer_sizes': (100,), 'max_iter': 100, 'alpha': 0.0001}. Best is trial 0 with value: 0.8.
[I 2026-04-09 21:10:27,591] Trial 1 finished with value: 0.925 and parameters: {'hidden_layer_sizes': (100, 100), 'max_iter': 100, 'alpha': 0.001}. Best is trial 1 with value: 0.925.
[I 2026-04-09 21:10:27,661] Trial 2 finished with value: 0.825 and parameters: {'hidden_layer_sizes': (200,), 'max_iter': 100, 'alpha': 0.0001}. Best is trial 1 with value: 0.925.
[I 2026-04-09 21:10:27,705] Trial 3 finished with value: 0.825 and parameters: {'hidden_layer_sizes': (200,), 'max_iter': 50, 'alpha': 0.001}. Best is trial 1 with value: 0.925.
[I 2026-04-09 21:10:27,758] Trial 4 finished with value: 0.875 and parameters: {'hidden_layer_sizes': (100, 100), 'max_iter': 50, 'alpha': 0.0001}. Best is trial 1 with value: 0.925.
[I 2026-04-09 21:10:27,823] Trial 5 finished with value: 0.8 and parameters: {'hidden_layer_sizes': (200,), 'max_iter': 100, 'alpha': 0.0001}. Best is trial 1 with value: 0.925.
[I 2026-04-09 21:10:27,882] Trial 6 finished with value: 0.85 and parameters: {'hidden_layer_sizes': (200,), 'max_iter': 100, 'alpha': 0.001}. Best is trial 1 with value: 0.925.
[I 2026-04-09 21:10:27,938] Trial 7 finished with value: 0.825 and parameters: {'hidden_layer_sizes': (100,), 'max_iter': 100, 'alpha': 0.001}. Best is trial 1 with value: 0.925.
[I 2026-04-09 21:10:28,035] Trial 8 finished with value: 0.925 and parameters: {'hidden_layer_sizes': (100, 100), 'max_iter': 100, 'alpha': 0.0001}. Best is trial 1 with value: 0.925.
[I 2026-04-09 21:10:28,101] Trial 9 finished with value: 0.825 and parameters: {'hidden_layer_sizes': (200,), 'max_iter': 100, 'alpha': 0.0001}. Best is trial 1 with value: 0.925.
[I 2026-04-09 21:10:28,152] Trial 10 finished with value: 0.875 and parameters: {'hidden_layer_sizes': (100, 100), 'max_iter': 50, 'alpha': 0.001}. Best is trial 1 with value: 0.925.
[I 2026-04-09 21:10:28,225] Trial 11 finished with value: 0.9 and parameters: {'hidden_layer_sizes': (100, 100), 'max_iter': 100, 'alpha': 0.001}. Best is trial 1 with value: 0.925.
[I 2026-04-09 21:10:28,313] Trial 12 finished with value: 0.925 and parameters: {'hidden_layer_sizes': (100, 100), 'max_iter': 100, 'alpha': 0.001}. Best is trial 1 with value: 0.925.
[I 2026-04-09 21:10:28,399] Trial 13 finished with value: 0.925 and parameters: {'hidden_layer_sizes': (100, 100), 'max_iter': 100, 'alpha': 0.0001}. Best is trial 1 with value: 0.925.
[I 2026-04-09 21:10:28,458] Trial 14 finished with value: 0.825 and parameters: {'hidden_layer_sizes': (100, 100), 'max_iter': 50, 'alpha': 0.0001}. Best is trial 1 with value: 0.925.
[I 2026-04-09 21:10:28,533] Trial 15 finished with value: 0.925 and parameters: {'hidden_layer_sizes': (100, 100), 'max_iter': 100, 'alpha': 0.001}. Best is trial 1 with value: 0.925.
[I 2026-04-09 21:10:28,598] Trial 16 finished with value: 0.8 and parameters: {'hidden_layer_sizes': (100,), 'max_iter': 100, 'alpha': 0.001}. Best is trial 1 with value: 0.925.
[I 2026-04-09 21:10:28,678] Trial 17 finished with value: 0.925 and parameters: {'hidden_layer_sizes': (100, 100), 'max_iter': 100, 'alpha': 0.0001}. Best is trial 1 with value: 0.925.
[I 2026-04-09 21:10:28,724] Trial 18 finished with value: 0.85 and parameters: {'hidden_layer_sizes': (100, 100), 'max_iter': 50, 'alpha': 0.0001}. Best is trial 1 with value: 0.925.
[I 2026-04-09 21:10:28,811] Trial 19 finished with value: 0.9 and parameters: {'hidden_layer_sizes': (100, 100), 'max_iter': 100, 'alpha': 0.001}. Best is trial 1 with value: 0.925.
[I 2026-04-09 21:10:28,859] Trial 20 finished with value: 0.825 and parameters: {'hidden_layer_sizes': (100,), 'max_iter': 100, 'alpha': 0.0001}. Best is trial 1 with value: 0.925.
[I 2026-04-09 21:10:28,936] Trial 21 finished with value: 0.925 and parameters: {'hidden_layer_sizes': (100, 100), 'max_iter': 100, 'alpha': 0.001}. Best is trial 1 with value: 0.925.
[I 2026-04-09 21:10:29,007] Trial 22 finished with value: 0.9 and parameters: {'hidden_layer_sizes': (100, 100), 'max_iter': 100, 'alpha': 0.001}. Best is trial 1 with value: 0.925.
[I 2026-04-09 21:10:29,074] Trial 23 finished with value: 0.925 and parameters: {'hidden_layer_sizes': (100, 100), 'max_iter': 100, 'alpha': 0.001}. Best is trial 1 with value: 0.925.
[I 2026-04-09 21:10:29,151] Trial 24 finished with value: 0.925 and parameters: {'hidden_layer_sizes': (100, 100), 'max_iter': 100, 'alpha': 0.001}. Best is trial 1 with value: 0.925.
[I 2026-04-09 21:10:29,275] Trial 25 finished with value: 0.9 and parameters: {'hidden_layer_sizes': (100, 100), 'max_iter': 100, 'alpha': 0.001}. Best is trial 1 with value: 0.925.
[I 2026-04-09 21:10:29,321] Trial 26 finished with value: 0.875 and parameters: {'hidden_layer_sizes': (100, 100), 'max_iter': 50, 'alpha': 0.001}. Best is trial 1 with value: 0.925.
[I 2026-04-09 21:10:29,387] Trial 27 finished with value: 0.9 and parameters: {'hidden_layer_sizes': (100, 100), 'max_iter': 100, 'alpha': 0.001}. Best is trial 1 with value: 0.925.
[I 2026-04-09 21:10:29,445] Trial 28 finished with value: 0.825 and parameters: {'hidden_layer_sizes': (100,), 'max_iter': 100, 'alpha': 0.0001}. Best is trial 1 with value: 0.925.
[I 2026-04-09 21:10:29,525] Trial 29 finished with value: 0.925 and parameters: {'hidden_layer_sizes': (100, 100), 'max_iter': 100, 'alpha': 0.0001}. Best is trial 1 with value: 0.925.
[I 2026-04-09 21:10:43,293] A new study created in memory with name: naive_bayes
[I 2026-04-09 21:10:43,308] Trial 0 finished with value: 0.825 and parameters: {'var_smoothing': 6.10548688762798e-09}. Best is trial 0 with value: 0.825.
[I 2026-04-09 21:10:43,332] Trial 1 finished with value: 0.875 and parameters: {'var_smoothing': 4.6127467400935034e-10}. Best is trial 1 with value: 0.875.
[I 2026-04-09 21:10:43,346] Trial 2 finished with value: 0.825 and parameters: {'var_smoothing': 4.389936579400967e-09}. Best is trial 1 with value: 0.875.
[I 2026-04-09 21:10:43,359] Trial 3 finished with value: 0.875 and parameters: {'var_smoothing': 1.2116948204672054e-10}. Best is trial 1 with value: 0.875.
[I 2026-04-09 21:10:43,372] Trial 4 finished with value: 0.875 and parameters: {'var_smoothing': 1.6417739478477417e-10}. Best is trial 1 with value: 0.875.
[I 2026-04-09 21:10:43,387] Trial 5 finished with value: 0.875 and parameters: {'var_smoothing': 1.5491880147236797e-09}. Best is trial 1 with value: 0.875.
[I 2026-04-09 21:10:43,401] Trial 6 finished with value: 0.875 and parameters: {'var_smoothing': 1.1471883405287265e-09}. Best is trial 1 with value: 0.875.
[I 2026-04-09 21:10:43,414] Trial 7 finished with value: 0.875 and parameters: {'var_smoothing': 6.88041853492358e-10}. Best is trial 1 with value: 0.875.
[I 2026-04-09 21:10:43,427] Trial 8 finished with value: 0.875 and parameters: {'var_smoothing': 4.686144741221158e-10}. Best is trial 1 with value: 0.875.
[I 2026-04-09 21:10:43,441] Trial 9 finished with value: 0.875 and parameters: {'var_smoothing': 1.7580809350683337e-09}. Best is trial 1 with value: 0.875.
[I 2026-04-09 21:10:43,457] Trial 10 finished with value: 0.875 and parameters: {'var_smoothing': 3.3308482966503767e-10}. Best is trial 1 with value: 0.875.
[I 2026-04-09 21:10:43,477] Trial 11 finished with value: 0.875 and parameters: {'var_smoothing': 1.1166686882839625e-10}. Best is trial 1 with value: 0.875.
[I 2026-04-09 21:10:43,498] Trial 12 finished with value: 0.875 and parameters: {'var_smoothing': 1.959077691502477e-10}. Best is trial 1 with value: 0.875.
[I 2026-04-09 21:10:43,518] Trial 13 finished with value: 0.875 and parameters: {'var_smoothing': 2.855201951677185e-10}. Best is trial 1 with value: 0.875.
[I 2026-04-09 21:10:43,536] Trial 14 finished with value: 0.875 and parameters: {'var_smoothing': 1.0816035052795259e-10}. Best is trial 1 with value: 0.875.
[I 2026-04-09 21:10:43,568] Trial 15 finished with value: 0.875 and parameters: {'var_smoothing': 5.270965649538733e-10}. Best is trial 1 with value: 0.875.
[I 2026-04-09 21:10:43,588] Trial 16 finished with value: 0.85 and parameters: {'var_smoothing': 2.8673314168324165e-09}. Best is trial 1 with value: 0.875.
[I 2026-04-09 21:10:43,607] Trial 17 finished with value: 0.875 and parameters: {'var_smoothing': 2.412486610614855e-10}. Best is trial 1 with value: 0.875.
[I 2026-04-09 21:10:43,635] Trial 18 finished with value: 0.875 and parameters: {'var_smoothing': 8.554049990785486e-10}. Best is trial 1 with value: 0.875.
[I 2026-04-09 21:10:43,650] Trial 19 finished with value: 0.875 and parameters: {'var_smoothing': 4.3470597135222723e-10}. Best is trial 1 with value: 0.875.
[I 2026-04-09 21:10:43,665] Trial 20 finished with value: 0.875 and parameters: {'var_smoothing': 1.383879623917316e-10}. Best is trial 1 with value: 0.875.
[I 2026-04-09 21:10:43,680] Trial 21 finished with value: 0.875 and parameters: {'var_smoothing': 1.681944212517889e-10}. Best is trial 1 with value: 0.875.
[I 2026-04-09 21:10:43,699] Trial 22 finished with value: 0.875 and parameters: {'var_smoothing': 1.9054383322161712e-10}. Best is trial 1 with value: 0.875.
[I 2026-04-09 21:10:43,720] Trial 23 finished with value: 0.875 and parameters: {'var_smoothing': 3.1348541885879096e-10}. Best is trial 1 with value: 0.875.
[I 2026-04-09 21:10:43,739] Trial 24 finished with value: 0.875 and parameters: {'var_smoothing': 1.6156575210011005e-10}. Best is trial 1 with value: 0.875.
[I 2026-04-09 21:10:43,757] Trial 25 finished with value: 0.875 and parameters: {'var_smoothing': 1.0278424450134888e-10}. Best is trial 1 with value: 0.875.
[I 2026-04-09 21:10:43,777] Trial 26 finished with value: 0.875 and parameters: {'var_smoothing': 2.2583661887671295e-10}. Best is trial 1 with value: 0.875.
[I 2026-04-09 21:10:43,794] Trial 27 finished with value: 0.875 and parameters: {'var_smoothing': 3.763003883972871e-10}. Best is trial 1 with value: 0.875.
[I 2026-04-09 21:10:43,815] Trial 28 finished with value: 0.875 and parameters: {'var_smoothing': 6.151515214642274e-10}. Best is trial 1 with value: 0.875.
[I 2026-04-09 21:10:43,835] Trial 29 finished with value: 0.825 and parameters: {'var_smoothing': 7.3140472902792484e-09}. Best is trial 1 with value: 0.875.
[I 2026-04-09 21:10:44,761] A new study created in memory with name: logreg
[I 2026-04-09 21:10:44,795] Trial 0 finished with value: 0.85 and parameters: {'C': 29.127335430981816, 'penalty': 'l2'}. Best is trial 0 with value: 0.85.
[I 2026-04-09 21:10:44,810] Trial 1 finished with value: 0.725 and parameters: {'C': 0.045698192893558344, 'penalty': 'l2'}. Best is trial 0 with value: 0.85.
[I 2026-04-09 21:10:44,843] Trial 2 finished with value: 0.825 and parameters: {'C': 12.768668597712947, 'penalty': 'l2'}. Best is trial 0 with value: 0.85.
[I 2026-04-09 21:10:44,868] Trial 3 finished with value: 0.6 and parameters: {'C': 0.0016161554408462638, 'penalty': 'l2'}. Best is trial 0 with value: 0.85.
[I 2026-04-09 21:10:44,892] Trial 4 finished with value: 0.625 and parameters: {'C': 0.0034536903703241734, 'penalty': 'l2'}. Best is trial 0 with value: 0.85.
[I 2026-04-09 21:10:44,917] Trial 5 finished with value: 0.8 and parameters: {'C': 0.9446269266990148, 'penalty': 'l2'}. Best is trial 0 with value: 0.85.
[I 2026-04-09 21:10:44,941] Trial 6 finished with value: 0.775 and parameters: {'C': 0.4457453393648168, 'penalty': 'l2'}. Best is trial 0 with value: 0.85.
[I 2026-04-09 21:10:44,965] Trial 7 finished with value: 0.75 and parameters: {'C': 0.12417585037258261, 'penalty': 'l2'}. Best is trial 0 with value: 0.85.
[I 2026-04-09 21:10:44,990] Trial 8 finished with value: 0.725 and parameters: {'C': 0.04753781830244093, 'penalty': 'l2'}. Best is trial 0 with value: 0.85.
[I 2026-04-09 21:10:45,018] Trial 9 finished with value: 0.8 and parameters: {'C': 1.2959766028194148, 'penalty': 'l2'}. Best is trial 0 with value: 0.85.
[I 2026-04-09 21:10:45,048] Trial 10 finished with value: 0.9 and parameters: {'C': 96.02411422716075, 'penalty': 'l2'}. Best is trial 10 with value: 0.9.
[I 2026-04-09 21:10:45,084] Trial 11 finished with value: 0.875 and parameters: {'C': 59.9697718692158, 'penalty': 'l2'}. Best is trial 10 with value: 0.9.
[I 2026-04-09 21:10:45,115] Trial 12 finished with value: 0.9 and parameters: {'C': 90.64427434136057, 'penalty': 'l2'}. Best is trial 10 with value: 0.9.
[I 2026-04-09 21:10:45,146] Trial 13 finished with value: 0.85 and parameters: {'C': 4.865673542589085, 'penalty': 'l2'}. Best is trial 10 with value: 0.9.
[I 2026-04-09 21:10:45,176] Trial 14 finished with value: 0.875 and parameters: {'C': 75.70410205106715, 'penalty': 'l2'}. Best is trial 10 with value: 0.9.
[I 2026-04-09 21:10:45,210] Trial 15 finished with value: 0.85 and parameters: {'C': 5.688581282613607, 'penalty': 'l2'}. Best is trial 10 with value: 0.9.
[I 2026-04-09 21:10:45,251] Trial 16 finished with value: 0.9 and parameters: {'C': 99.34988889502058, 'penalty': 'l2'}. Best is trial 10 with value: 0.9.
[I 2026-04-09 21:10:45,283] Trial 17 finished with value: 0.825 and parameters: {'C': 10.935454173038586, 'penalty': 'l2'}. Best is trial 10 with value: 0.9.
[I 2026-04-09 21:10:45,311] Trial 18 finished with value: 0.8 and parameters: {'C': 2.3984951721258567, 'penalty': 'l2'}. Best is trial 10 with value: 0.9.
[I 2026-04-09 21:10:45,350] Trial 19 finished with value: 0.85 and parameters: {'C': 24.475416886024465, 'penalty': 'l2'}. Best is trial 10 with value: 0.9.
[I 2026-04-09 21:10:45,371] Trial 20 finished with value: 0.6 and parameters: {'C': 0.007738902525453759, 'penalty': 'l2'}. Best is trial 10 with value: 0.9.
[I 2026-04-09 21:10:45,401] Trial 21 finished with value: 0.9 and parameters: {'C': 87.83425020623808, 'penalty': 'l2'}. Best is trial 10 with value: 0.9.
[I 2026-04-09 21:10:45,439] Trial 22 finished with value: 0.85 and parameters: {'C': 30.62033180862645, 'penalty': 'l2'}. Best is trial 10 with value: 0.9.
[I 2026-04-09 21:10:45,464] Trial 23 finished with value: 0.825 and parameters: {'C': 14.016093523305857, 'penalty': 'l2'}. Best is trial 10 with value: 0.9.
[I 2026-04-09 21:10:45,500] Trial 24 finished with value: 0.875 and parameters: {'C': 46.28342093519046, 'penalty': 'l2'}. Best is trial 10 with value: 0.9.
[I 2026-04-09 21:10:45,532] Trial 25 finished with value: 0.85 and parameters: {'C': 5.412098248457018, 'penalty': 'l2'}. Best is trial 10 with value: 0.9.
[I 2026-04-09 21:10:45,561] Trial 26 finished with value: 0.9 and parameters: {'C': 82.15550634121692, 'penalty': 'l2'}. Best is trial 10 with value: 0.9.
[I 2026-04-09 21:10:45,586] Trial 27 finished with value: 0.825 and parameters: {'C': 18.596073624223223, 'penalty': 'l2'}. Best is trial 10 with value: 0.9.
[I 2026-04-09 21:10:45,612] Trial 28 finished with value: 0.825 and parameters: {'C': 3.944419632187665, 'penalty': 'l2'}. Best is trial 10 with value: 0.9.
[I 2026-04-09 21:10:45,653] Trial 29 finished with value: 0.85 and parameters: {'C': 33.0236865396223, 'penalty': 'l2'}. Best is trial 10 with value: 0.9.
[I 2026-04-09 21:10:46,023] A new study created in memory with name: knn
[I 2026-04-09 21:10:46,037] Trial 0 finished with value: 0.7 and parameters: {'n_neighbors': 10, 'leaf_size': 26, 'p': 1}. Best is trial 0 with value: 0.7.
[I 2026-04-09 21:10:46,050] Trial 1 finished with value: 0.725 and parameters: {'n_neighbors': 3, 'leaf_size': 32, 'p': 1}. Best is trial 1 with value: 0.725.
[I 2026-04-09 21:10:46,065] Trial 2 finished with value: 0.675 and parameters: {'n_neighbors': 5, 'leaf_size': 33, 'p': 2}. Best is trial 1 with value: 0.725.
[I 2026-04-09 21:10:46,079] Trial 3 finished with value: 0.725 and parameters: {'n_neighbors': 7, 'leaf_size': 32, 'p': 2}. Best is trial 1 with value: 0.725.
[I 2026-04-09 21:10:46,094] Trial 4 finished with value: 0.725 and parameters: {'n_neighbors': 9, 'leaf_size': 28, 'p': 1}. Best is trial 1 with value: 0.725.
[I 2026-04-09 21:10:46,111] Trial 5 finished with value: 0.725 and parameters: {'n_neighbors': 3, 'leaf_size': 35, 'p': 1}. Best is trial 1 with value: 0.725.
[I 2026-04-09 21:10:46,136] Trial 6 finished with value: 0.7 and parameters: {'n_neighbors': 8, 'leaf_size': 31, 'p': 2}. Best is trial 1 with value: 0.725.
[I 2026-04-09 21:10:46,160] Trial 7 finished with value: 0.7 and parameters: {'n_neighbors': 6, 'leaf_size': 24, 'p': 2}. Best is trial 1 with value: 0.725.
[I 2026-04-09 21:10:46,173] Trial 8 finished with value: 0.675 and parameters: {'n_neighbors': 5, 'leaf_size': 34, 'p': 2}. Best is trial 1 with value: 0.725.
[I 2026-04-09 21:10:46,186] Trial 9 finished with value: 0.7 and parameters: {'n_neighbors': 10, 'leaf_size': 27, 'p': 2}. Best is trial 1 with value: 0.725.
[I 2026-04-09 21:10:46,213] Trial 10 finished with value: 0.725 and parameters: {'n_neighbors': 3, 'leaf_size': 40, 'p': 1}. Best is trial 1 with value: 0.725.
[I 2026-04-09 21:10:46,250] Trial 11 finished with value: 0.725 and parameters: {'n_neighbors': 7, 'leaf_size': 38, 'p': 1}. Best is trial 1 with value: 0.725.
[I 2026-04-09 21:10:46,286] Trial 12 finished with value: 0.675 and parameters: {'n_neighbors': 5, 'leaf_size': 21, 'p': 2}. Best is trial 1 with value: 0.725.
[I 2026-04-09 21:10:46,313] Trial 13 finished with value: 0.725 and parameters: {'n_neighbors': 7, 'leaf_size': 31, 'p': 1}. Best is trial 1 with value: 0.725.
[I 2026-04-09 21:10:46,336] Trial 14 finished with value: 0.725 and parameters: {'n_neighbors': 8, 'leaf_size': 36, 'p': 1}. Best is trial 1 with value: 0.725.
[I 2026-04-09 21:10:46,363] Trial 15 finished with value: 0.7 and parameters: {'n_neighbors': 4, 'leaf_size': 29, 'p': 2}. Best is trial 1 with value: 0.725.
[I 2026-04-09 21:10:46,389] Trial 16 finished with value: 0.7 and parameters: {'n_neighbors': 6, 'leaf_size': 31, 'p': 2}. Best is trial 1 with value: 0.725.
[I 2026-04-09 21:10:46,421] Trial 17 finished with value: 0.725 and parameters: {'n_neighbors': 8, 'leaf_size': 37, 'p': 1}. Best is trial 1 with value: 0.725.
[I 2026-04-09 21:10:46,456] Trial 18 finished with value: 0.8 and parameters: {'n_neighbors': 4, 'leaf_size': 33, 'p': 1}. Best is trial 18 with value: 0.8.
[I 2026-04-09 21:10:46,481] Trial 19 finished with value: 0.8 and parameters: {'n_neighbors': 4, 'leaf_size': 25, 'p': 1}. Best is trial 18 with value: 0.8.
[I 2026-04-09 21:10:46,503] Trial 20 finished with value: 0.8 and parameters: {'n_neighbors': 4, 'leaf_size': 20, 'p': 1}. Best is trial 18 with value: 0.8.
[I 2026-04-09 21:10:46,529] Trial 21 finished with value: 0.8 and parameters: {'n_neighbors': 4, 'leaf_size': 20, 'p': 1}. Best is trial 18 with value: 0.8.
