[I 2026-04-07 01:35:32,731] Trial 2 finished with value: 0.85 and parameters: {'n_estimators': 10, 'max_depth': 5, 'gamma': 0.9182155373980582, 'subsample': 0.566584722879625, 'colsample_bytree': 0.761706290336883}. Best is trial 0 with value: 1.0.
[I 2026-04-07 01:35:32,759] Trial 3 finished with value: 0.9 and parameters: {'n_estimators': 10, 'max_depth': 20, 'gamma': 0.5296610393664296, 'subsample': 0.6829451928902965, 'colsample_bytree': 0.9189589971546304}. Best is trial 0 with value: 1.0.
[I 2026-04-07 01:35:32,787] Trial 4 finished with value: 0.9 and parameters: {'n_estimators': 10, 'max_depth': 20, 'gamma': 0.6916595165017824, 'subsample': 0.6851755414940176, 'colsample_bytree': 0.7295464889457157}. Best is trial 0 with value: 1.0.
[I 2026-04-07 01:35:32,825] Trial 5 finished with value: 0.95 and parameters: {'n_estimators': 100, 'max_depth': 20, 'gamma': 0.48380821541644814, 'subsample': 0.8171899343169193, 'colsample_bytree': 0.7614531005141727}. Best is trial 0 with value: 1.0.
[I 2026-04-07 01:35:32,853] Trial 6 finished with value: 1.0 and parameters: {'n_estimators': 10, 'max_depth': 5, 'gamma': 0.9599214907026333, 'subsample': 0.8414569271877088, 'colsample_bytree': 0.5265643453364788}. Best is trial 0 with value: 1.0.
[I 2026-04-07 01:35:32,880] Trial 7 finished with value: 0.95 and parameters: {'n_estimators': 40, 'max_depth': 5, 'gamma': 0.5250915966595621, 'subsample': 0.9207383574491986, 'colsample_bytree': 0.565555321173957}. Best is trial 0 with value: 1.0.
[I 2026-04-07 01:35:32,908] Trial 8 finished with value: 1.0 and parameters: {'n_estimators': 100, 'max_depth': 5, 'gamma': 0.3919835527051987, 'subsample': 0.6502094521590198, 'colsample_bytree': 0.5827507002328938}. Best is trial 0 with value: 1.0.
[I 2026-04-07 01:35:32,935] Trial 9 finished with value: 0.95 and parameters: {'n_estimators': 100, 'max_depth': 5, 'gamma': 0.8003922413895069, 'subsample': 0.9436444759263674, 'colsample_bytree': 0.8374593849333938}. Best is trial 0 with value: 1.0.
[I 2026-04-07 01:35:32,974] Trial 10 finished with value: 0.95 and parameters: {'n_estimators': 40, 'max_depth': 30, 'gamma': 0.13445536345660636, 'subsample': 0.5091072311743174, 'colsample_bytree': 0.633084257063925}. Best is trial 0 with value: 1.0.
[I 2026-04-07 01:35:33,011] Trial 11 finished with value: 0.95 and parameters: {'n_estimators': 40, 'max_depth': 30, 'gamma': 0.2681645700627216, 'subsample': 0.8224040653107334, 'colsample_bytree': 0.5098915698016058}. Best is trial 0 with value: 1.0.
[I 2026-04-07 01:35:33,049] Trial 12 finished with value: 0.95 and parameters: {'n_estimators': 10, 'max_depth': 20, 'gamma': 0.7081376218947077, 'subsample': 0.793226924550463, 'colsample_bytree': 0.6641358496000705}. Best is trial 0 with value: 1.0.
[I 2026-04-07 01:35:33,088] Trial 13 finished with value: 0.95 and parameters: {'n_estimators': 40, 'max_depth': 20, 'gamma': 0.7299867618183176, 'subsample': 0.8753135133311697, 'colsample_bytree': 0.5319346091336222}. Best is trial 0 with value: 1.0.
[I 2026-04-07 01:35:33,128] Trial 14 finished with value: 1.0 and parameters: {'n_estimators': 10, 'max_depth': 30, 'gamma': 0.9859960175490131, 'subsample': 0.7471728524172776, 'colsample_bytree': 0.6401886642689073}. Best is trial 0 with value: 1.0.
[I 2026-04-07 01:35:33,166] Trial 15 finished with value: 0.95 and parameters: {'n_estimators': 40, 'max_depth': 5, 'gamma': 0.34245865808272824, 'subsample': 0.7310379906297132, 'colsample_bytree': 0.5959692991191545}. Best is trial 0 with value: 1.0.
[I 2026-04-07 01:35:33,205] Trial 16 finished with value: 0.95 and parameters: {'n_estimators': 40, 'max_depth': 20, 'gamma': 0.6442801326865493, 'subsample': 0.9860552723135777, 'colsample_bytree': 0.9928973939225177}. Best is trial 0 with value: 1.0.
[I 2026-04-07 01:35:33,241] Trial 17 finished with value: 0.95 and parameters: {'n_estimators': 10, 'max_depth': 5, 'gamma': 0.11107712890687138, 'subsample': 0.5211595709192519, 'colsample_bytree': 0.6742119142218679}. Best is trial 0 with value: 1.0.
[I 2026-04-07 01:35:33,281] Trial 18 finished with value: 0.95 and parameters: {'n_estimators': 40, 'max_depth': 20, 'gamma': 0.8281626908847342, 'subsample': 0.8728462499337589, 'colsample_bytree': 0.5028732448871562}. Best is trial 0 with value: 1.0.
[I 2026-04-07 01:35:33,318] Trial 19 finished with value: 0.85 and parameters: {'n_estimators': 10, 'max_depth': 30, 'gamma': 0.6223954336002551, 'subsample': 0.5946027623236063, 'colsample_bytree': 0.5570362096013061}. Best is trial 0 with value: 1.0.
[I 2026-04-07 01:35:33,357] Trial 20 finished with value: 0.9 and parameters: {'n_estimators': 40, 'max_depth': 20, 'gamma': 0.41923695668365285, 'subsample': 0.7832824106486092, 'colsample_bytree': 0.8354036119935299}. Best is trial 0 with value: 1.0.
[I 2026-04-07 01:35:33,395] Trial 21 finished with value: 1.0 and parameters: {'n_estimators': 100, 'max_depth': 5, 'gamma': 0.275254765719957, 'subsample': 0.625231458443803, 'colsample_bytree': 0.6040440447438005}. Best is trial 0 with value: 1.0.
[I 2026-04-07 01:35:33,434] Trial 22 finished with value: 0.95 and parameters: {'n_estimators': 100, 'max_depth': 5, 'gamma': 0.4177155887682774, 'subsample': 0.6602138444515246, 'colsample_bytree': 0.580441382188788}. Best is trial 0 with value: 1.0.
[I 2026-04-07 01:35:33,471] Trial 23 finished with value: 1.0 and parameters: {'n_estimators': 100, 'max_depth': 5, 'gamma': 0.3542476642230541, 'subsample': 0.5591121203349271, 'colsample_bytree': 0.7015473137807959}. Best is trial 0 with value: 1.0.
[I 2026-04-07 01:35:33,520] Trial 24 finished with value: 1.0 and parameters: {'n_estimators': 100, 'max_depth': 5, 'gamma': 0.23644515723911833, 'subsample': 0.6418455720972118, 'colsample_bytree': 0.6223885232638884}. Best is trial 0 with value: 1.0.
[I 2026-04-07 01:35:33,558] Trial 25 finished with value: 1.0 and parameters: {'n_estimators': 100, 'max_depth': 5, 'gamma': 0.5691225856082266, 'subsample': 0.5478142084208221, 'colsample_bytree': 0.5489373544824226}. Best is trial 0 with value: 1.0.
[I 2026-04-07 01:35:33,598] Trial 26 finished with value: 0.95 and parameters: {'n_estimators': 10, 'max_depth': 5, 'gamma': 0.4490165880355643, 'subsample': 0.7236101729836375, 'colsample_bytree': 0.6757228911690063}. Best is trial 0 with value: 1.0.
[I 2026-04-07 01:35:33,635] Trial 27 finished with value: 0.95 and parameters: {'n_estimators': 10, 'max_depth': 5, 'gamma': 0.7860392575112167, 'subsample': 0.6983291439613485, 'colsample_bytree': 0.5351384779399999}. Best is trial 0 with value: 1.0.
[I 2026-04-07 01:35:33,674] Trial 28 finished with value: 0.95 and parameters: {'n_estimators': 40, 'max_depth': 30, 'gamma': 0.19316509885321811, 'subsample': 0.5931890254312837, 'colsample_bytree': 0.5859798508184331}. Best is trial 0 with value: 1.0.
[I 2026-04-07 01:35:33,713] Trial 29 finished with value: 0.95 and parameters: {'n_estimators': 100, 'max_depth': 20, 'gamma': 0.8894052414317896, 'subsample': 0.8704624347361024, 'colsample_bytree': 0.8149971753055966}. Best is trial 0 with value: 1.0.
[I 2026-04-07 01:35:34,586] A new study created in memory with name: rf
[I 2026-04-07 01:35:34,782] Trial 0 finished with value: 0.5 and parameters: {'n_estimators': 130, 'max_depth': 17, 'min_samples_split': 5, 'min_samples_leaf': 8}. Best is trial 0 with value: 0.5.
[I 2026-04-07 01:35:35,272] Trial 1 finished with value: 1.0 and parameters: {'n_estimators': 492, 'max_depth': 12, 'min_samples_split': 6, 'min_samples_leaf': 1}. Best is trial 1 with value: 1.0.
[I 2026-04-07 01:35:35,500] Trial 2 finished with value: 0.5 and parameters: {'n_estimators': 207, 'max_depth': 11, 'min_samples_split': 8, 'min_samples_leaf': 9}. Best is trial 1 with value: 1.0.
[I 2026-04-07 01:35:35,770] Trial 3 finished with value: 0.5 and parameters: {'n_estimators': 252, 'max_depth': 4, 'min_samples_split': 4, 'min_samples_leaf': 10}. Best is trial 1 with value: 1.0.
[I 2026-04-07 01:35:35,978] Trial 4 finished with value: 1.0 and parameters: {'n_estimators': 185, 'max_depth': 11, 'min_samples_split': 10, 'min_samples_leaf': 1}. Best is trial 1 with value: 1.0.
[I 2026-04-07 01:35:36,328] Trial 5 finished with value: 1.0 and parameters: {'n_estimators': 340, 'max_depth': 20, 'min_samples_split': 4, 'min_samples_leaf': 6}. Best is trial 1 with value: 1.0.
[I 2026-04-07 01:35:36,850] Trial 6 finished with value: 0.5 and parameters: {'n_estimators': 464, 'max_depth': 5, 'min_samples_split': 6, 'min_samples_leaf': 8}. Best is trial 1 with value: 1.0.
[I 2026-04-07 01:35:37,219] Trial 7 finished with value: 1.0 and parameters: {'n_estimators': 368, 'max_depth': 11, 'min_samples_split': 3, 'min_samples_leaf': 5}. Best is trial 1 with value: 1.0.
[I 2026-04-07 01:35:37,529] Trial 8 finished with value: 0.5 and parameters: {'n_estimators': 249, 'max_depth': 11, 'min_samples_split': 5, 'min_samples_leaf': 9}. Best is trial 1 with value: 1.0.
[I 2026-04-07 01:35:37,990] Trial 9 finished with value: 1.0 and parameters: {'n_estimators': 408, 'max_depth': 8, 'min_samples_split': 7, 'min_samples_leaf': 3}. Best is trial 1 with value: 1.0.
[I 2026-04-07 01:35:38,505] Trial 10 finished with value: 0.95 and parameters: {'n_estimators': 479, 'max_depth': 15, 'min_samples_split': 2, 'min_samples_leaf': 1}. Best is trial 1 with value: 1.0.
[I 2026-04-07 01:35:38,707] Trial 11 finished with value: 1.0 and parameters: {'n_estimators': 124, 'max_depth': 15, 'min_samples_split': 10, 'min_samples_leaf': 1}. Best is trial 1 with value: 1.0.
[I 2026-04-07 01:35:38,931] Trial 12 finished with value: 0.95 and parameters: {'n_estimators': 180, 'max_depth': 7, 'min_samples_split': 10, 'min_samples_leaf': 3}. Best is trial 1 with value: 1.0.
[I 2026-04-07 01:35:39,265] Trial 13 finished with value: 1.0 and parameters: {'n_estimators': 300, 'max_depth': 14, 'min_samples_split': 8, 'min_samples_leaf': 3}. Best is trial 1 with value: 1.0.
[I 2026-04-07 01:35:39,706] Trial 14 finished with value: 1.0 and parameters: {'n_estimators': 424, 'max_depth': 8, 'min_samples_split': 8, 'min_samples_leaf': 1}. Best is trial 1 with value: 1.0.
[I 2026-04-07 01:35:39,972] Trial 15 finished with value: 1.0 and parameters: {'n_estimators': 191, 'max_depth': 12, 'min_samples_split': 9, 'min_samples_leaf': 5}. Best is trial 1 with value: 1.0.
[I 2026-04-07 01:35:40,300] Trial 16 finished with value: 1.0 and parameters: {'n_estimators': 295, 'max_depth': 18, 'min_samples_split': 6, 'min_samples_leaf': 2}. Best is trial 1 with value: 1.0.
[I 2026-04-07 01:35:40,735] Trial 17 finished with value: 0.95 and parameters: {'n_estimators': 380, 'max_depth': 13, 'min_samples_split': 7, 'min_samples_leaf': 4}. Best is trial 1 with value: 1.0.
[I 2026-04-07 01:35:41,110] Trial 18 finished with value: 0.95 and parameters: {'n_estimators': 242, 'max_depth': 9, 'min_samples_split': 9, 'min_samples_leaf': 2}. Best is trial 1 with value: 1.0.
[I 2026-04-07 01:35:41,309] Trial 19 finished with value: 1.0 and parameters: {'n_estimators': 160, 'max_depth': 6, 'min_samples_split': 7, 'min_samples_leaf': 6}. Best is trial 1 with value: 1.0.
[I 2026-04-07 01:35:41,689] Trial 20 finished with value: 0.95 and parameters: {'n_estimators': 330, 'max_depth': 3, 'min_samples_split': 5, 'min_samples_leaf': 2}. Best is trial 1 with value: 1.0.
[I 2026-04-07 01:35:42,064] Trial 21 finished with value: 0.95 and parameters: {'n_estimators': 347, 'max_depth': 20, 'min_samples_split': 4, 'min_samples_leaf': 6}. Best is trial 1 with value: 1.0.
[I 2026-04-07 01:35:42,561] Trial 22 finished with value: 1.0 and parameters: {'n_estimators': 447, 'max_depth': 20, 'min_samples_split': 2, 'min_samples_leaf': 4}. Best is trial 1 with value: 1.0.
[I 2026-04-07 01:35:43,097] Trial 23 finished with value: 0.6 and parameters: {'n_estimators': 493, 'max_depth': 18, 'min_samples_split': 3, 'min_samples_leaf': 7}. Best is trial 1 with value: 1.0.
[I 2026-04-07 01:35:43,464] Trial 24 finished with value: 0.95 and parameters: {'n_estimators': 296, 'max_depth': 9, 'min_samples_split': 4, 'min_samples_leaf': 4}. Best is trial 1 with value: 1.0.
[I 2026-04-07 01:35:43,941] Trial 25 finished with value: 0.75 and parameters: {'n_estimators': 411, 'max_depth': 16, 'min_samples_split': 6, 'min_samples_leaf': 7}. Best is trial 1 with value: 1.0.
[I 2026-04-07 01:35:44,219] Trial 26 finished with value: 1.0 and parameters: {'n_estimators': 221, 'max_depth': 13, 'min_samples_split': 3, 'min_samples_leaf': 2}. Best is trial 1 with value: 1.0.
[I 2026-04-07 01:35:44,446] Trial 27 finished with value: 1.0 and parameters: {'n_estimators': 153, 'max_depth': 10, 'min_samples_split': 5, 'min_samples_leaf': 1}. Best is trial 1 with value: 1.0.
[I 2026-04-07 01:35:44,612] Trial 28 finished with value: 1.0 and parameters: {'n_estimators': 105, 'max_depth': 13, 'min_samples_split': 9, 'min_samples_leaf': 5}. Best is trial 1 with value: 1.0.
[I 2026-04-07 01:35:44,959] Trial 29 finished with value: 0.5 and parameters: {'n_estimators': 274, 'max_depth': 17, 'min_samples_split': 7, 'min_samples_leaf': 7}. Best is trial 1 with value: 1.0.
[I 2026-04-07 01:35:49,306] A new study created in memory with name: mlp
[I 2026-04-07 01:35:49,371] Trial 0 finished with value: 1.0 and parameters: {'hidden_layer_sizes': (200,), 'max_iter': 100, 'alpha': 0.0001}. Best is trial 0 with value: 1.0.
[I 2026-04-07 01:35:49,436] Trial 1 finished with value: 1.0 and parameters: {'hidden_layer_sizes': (100, 100), 'max_iter': 100, 'alpha': 0.0001}. Best is trial 0 with value: 1.0.
[I 2026-04-07 01:35:49,502] Trial 2 finished with value: 1.0 and parameters: {'hidden_layer_sizes': (200,), 'max_iter': 100, 'alpha': 0.001}. Best is trial 0 with value: 1.0.
[I 2026-04-07 01:35:49,548] Trial 3 finished with value: 1.0 and parameters: {'hidden_layer_sizes': (100,), 'max_iter': 50, 'alpha': 0.001}. Best is trial 0 with value: 1.0.
[I 2026-04-07 01:35:49,584] Trial 4 finished with value: 1.0 and parameters: {'hidden_layer_sizes': (100,), 'max_iter': 50, 'alpha': 0.0001}. Best is trial 0 with value: 1.0.
[I 2026-04-07 01:35:49,619] Trial 5 finished with value: 1.0 and parameters: {'hidden_layer_sizes': (100,), 'max_iter': 50, 'alpha': 0.0001}. Best is trial 0 with value: 1.0.
[I 2026-04-07 01:35:49,655] Trial 6 finished with value: 1.0 and parameters: {'hidden_layer_sizes': (100,), 'max_iter': 50, 'alpha': 0.0001}. Best is trial 0 with value: 1.0.
[I 2026-04-07 01:35:49,691] Trial 7 finished with value: 1.0 and parameters: {'hidden_layer_sizes': (100,), 'max_iter': 50, 'alpha': 0.0001}. Best is trial 0 with value: 1.0.
[I 2026-04-07 01:35:49,736] Trial 8 finished with value: 1.0 and parameters: {'hidden_layer_sizes': (200,), 'max_iter': 100, 'alpha': 0.0001}. Best is trial 0 with value: 1.0.
[I 2026-04-07 01:35:49,772] Trial 9 finished with value: 1.0 and parameters: {'hidden_layer_sizes': (200,), 'max_iter': 50, 'alpha': 0.0001}. Best is trial 0 with value: 1.0.
[I 2026-04-07 01:35:49,820] Trial 10 finished with value: 1.0 and parameters: {'hidden_layer_sizes': (100, 100), 'max_iter': 100, 'alpha': 0.001}. Best is trial 0 with value: 1.0.
[I 2026-04-07 01:35:49,868] Trial 11 finished with value: 1.0 and parameters: {'hidden_layer_sizes': (100, 100), 'max_iter': 100, 'alpha': 0.0001}. Best is trial 0 with value: 1.0.
[I 2026-04-07 01:35:49,926] Trial 12 finished with value: 1.0 and parameters: {'hidden_layer_sizes': (100, 100), 'max_iter': 100, 'alpha': 0.0001}. Best is trial 0 with value: 1.0.
[I 2026-04-07 01:35:49,995] Trial 13 finished with value: 1.0 and parameters: {'hidden_layer_sizes': (100, 100), 'max_iter': 100, 'alpha': 0.0001}. Best is trial 0 with value: 1.0.
[I 2026-04-07 01:35:50,043] Trial 14 finished with value: 1.0 and parameters: {'hidden_layer_sizes': (200,), 'max_iter': 100, 'alpha': 0.001}. Best is trial 0 with value: 1.0.
[I 2026-04-07 01:35:50,101] Trial 15 finished with value: 1.0 and parameters: {'hidden_layer_sizes': (100, 100), 'max_iter': 100, 'alpha': 0.0001}. Best is trial 0 with value: 1.0.
[I 2026-04-07 01:35:50,168] Trial 16 finished with value: 1.0 and parameters: {'hidden_layer_sizes': (200,), 'max_iter': 100, 'alpha': 0.0001}. Best is trial 0 with value: 1.0.
[I 2026-04-07 01:35:50,226] Trial 17 finished with value: 1.0 and parameters: {'hidden_layer_sizes': (100, 100), 'max_iter': 100, 'alpha': 0.0001}. Best is trial 0 with value: 1.0.
[I 2026-04-07 01:35:50,283] Trial 18 finished with value: 1.0 and parameters: {'hidden_layer_sizes': (200,), 'max_iter': 100, 'alpha': 0.001}. Best is trial 0 with value: 1.0.
[I 2026-04-07 01:35:50,331] Trial 19 finished with value: 1.0 and parameters: {'hidden_layer_sizes': (200,), 'max_iter': 100, 'alpha': 0.0001}. Best is trial 0 with value: 1.0.
[I 2026-04-07 01:35:50,389] Trial 20 finished with value: 1.0 and parameters: {'hidden_layer_sizes': (100, 100), 'max_iter': 100, 'alpha': 0.0001}. Best is trial 0 with value: 1.0.
[I 2026-04-07 01:35:50,448] Trial 21 finished with value: 1.0 and parameters: {'hidden_layer_sizes': (200,), 'max_iter': 100, 'alpha': 0.001}. Best is trial 0 with value: 1.0.
[I 2026-04-07 01:35:50,506] Trial 22 finished with value: 1.0 and parameters: {'hidden_layer_sizes': (200,), 'max_iter': 100, 'alpha': 0.001}. Best is trial 0 with value: 1.0.
[I 2026-04-07 01:35:50,553] Trial 23 finished with value: 1.0 and parameters: {'hidden_layer_sizes': (200,), 'max_iter': 100, 'alpha': 0.001}. Best is trial 0 with value: 1.0.
[I 2026-04-07 01:35:50,601] Trial 24 finished with value: 1.0 and parameters: {'hidden_layer_sizes': (200,), 'max_iter': 100, 'alpha': 0.001}. Best is trial 0 with value: 1.0.
[I 2026-04-07 01:35:50,650] Trial 25 finished with value: 1.0 and parameters: {'hidden_layer_sizes': (200,), 'max_iter': 100, 'alpha': 0.001}. Best is trial 0 with value: 1.0.
[I 2026-04-07 01:35:50,708] Trial 26 finished with value: 1.0 and parameters: {'hidden_layer_sizes': (100, 100), 'max_iter': 100, 'alpha': 0.001}. Best is trial 0 with value: 1.0.
[I 2026-04-07 01:35:50,767] Trial 27 finished with value: 1.0 and parameters: {'hidden_layer_sizes': (200,), 'max_iter': 100, 'alpha': 0.0001}. Best is trial 0 with value: 1.0.
[I 2026-04-07 01:35:50,826] Trial 28 finished with value: 1.0 and parameters: {'hidden_layer_sizes': (200,), 'max_iter': 100, 'alpha': 0.001}. Best is trial 0 with value: 1.0.
[I 2026-04-07 01:35:50,875] Trial 29 finished with value: 1.0 and parameters: {'hidden_layer_sizes': (100, 100), 'max_iter': 50, 'alpha': 0.001}. Best is trial 0 with value: 1.0.
[I 2026-04-07 01:35:52,432] A new study created in memory with name: naive_bayes
[I 2026-04-07 01:35:52,445] Trial 0 finished with value: 0.95 and parameters: {'var_smoothing': 5.582886587978182e-09}. Best is trial 0 with value: 0.95.
[I 2026-04-07 01:35:52,459] Trial 1 finished with value: 0.95 and parameters: {'var_smoothing': 8.651299071518215e-09}. Best is trial 0 with value: 0.95.
[I 2026-04-07 01:35:52,472] Trial 2 finished with value: 0.95 and parameters: {'var_smoothing': 5.475062490474489e-09}. Best is trial 0 with value: 0.95.
[I 2026-04-07 01:35:52,485] Trial 3 finished with value: 0.95 and parameters: {'var_smoothing': 1.1526869678723134e-09}. Best is trial 0 with value: 0.95.
[I 2026-04-07 01:35:52,498] Trial 4 finished with value: 0.95 and parameters: {'var_smoothing': 2.920496270341785e-10}. Best is trial 0 with value: 0.95.
[I 2026-04-07 01:35:52,512] Trial 5 finished with value: 0.95 and parameters: {'var_smoothing': 1.0538956417705805e-10}. Best is trial 0 with value: 0.95.
[I 2026-04-07 01:35:52,526] Trial 6 finished with value: 0.95 and parameters: {'var_smoothing': 7.260016982331591e-10}. Best is trial 0 with value: 0.95.
[I 2026-04-07 01:35:52,539] Trial 7 finished with value: 0.95 and parameters: {'var_smoothing': 6.378267364653917e-10}. Best is trial 0 with value: 0.95.
[I 2026-04-07 01:35:52,553] Trial 8 finished with value: 0.95 and parameters: {'var_smoothing': 1.1100673847791952e-09}. Best is trial 0 with value: 0.95.
[I 2026-04-07 01:35:52,567] Trial 9 finished with value: 0.95 and parameters: {'var_smoothing': 9.052813879088377e-10}. Best is trial 0 with value: 0.95.
[I 2026-04-07 01:35:52,584] Trial 10 finished with value: 0.95 and parameters: {'var_smoothing': 3.20543606083287e-09}. Best is trial 0 with value: 0.95.
[I 2026-04-07 01:35:52,600] Trial 11 finished with value: 0.95 and parameters: {'var_smoothing': 8.433965140342417e-09}. Best is trial 0 with value: 0.95.
[I 2026-04-07 01:35:52,618] Trial 12 finished with value: 0.95 and parameters: {'var_smoothing': 2.860874278982245e-09}. Best is trial 0 with value: 0.95.
[I 2026-04-07 01:35:52,634] Trial 13 finished with value: 0.95 and parameters: {'var_smoothing': 9.270349036178526e-09}. Best is trial 0 with value: 0.95.
[I 2026-04-07 01:35:52,651] Trial 14 finished with value: 0.95 and parameters: {'var_smoothing': 3.13069447640915e-09}. Best is trial 0 with value: 0.95.
[I 2026-04-07 01:35:52,666] Trial 15 finished with value: 0.95 and parameters: {'var_smoothing': 5.223604886811285e-09}. Best is trial 0 with value: 0.95.
[I 2026-04-07 01:35:52,685] Trial 16 finished with value: 0.95 and parameters: {'var_smoothing': 2.0295724993447026e-09}. Best is trial 0 with value: 0.95.
[I 2026-04-07 01:35:52,704] Trial 17 finished with value: 0.95 and parameters: {'var_smoothing': 5.880433102756661e-09}. Best is trial 0 with value: 0.95.
[I 2026-04-07 01:35:52,723] Trial 18 finished with value: 0.95 and parameters: {'var_smoothing': 1.6980964875204416e-09}. Best is trial 0 with value: 0.95.
[I 2026-04-07 01:35:52,742] Trial 19 finished with value: 0.95 and parameters: {'var_smoothing': 4.2955625192244405e-09}. Best is trial 0 with value: 0.95.
[I 2026-04-07 01:35:52,761] Trial 20 finished with value: 0.95 and parameters: {'var_smoothing': 9.833771947222685e-09}. Best is trial 0 with value: 0.95.
[I 2026-04-07 01:35:52,780] Trial 21 finished with value: 0.95 and parameters: {'var_smoothing': 6.0482464086364635e-09}. Best is trial 0 with value: 0.95.
