[I 2026-04-09 19:53:34,074] Trial 27 finished with value: 0.7 and parameters: {'n_neighbors': 5, 'leaf_size': 31, 'p': 1}. Best is trial 4 with value: 0.7.
[I 2026-04-09 19:53:34,094] Trial 28 finished with value: 0.7 and parameters: {'n_neighbors': 3, 'leaf_size': 23, 'p': 1}. Best is trial 4 with value: 0.7.
[I 2026-04-09 19:53:34,124] Trial 29 finished with value: 0.7 and parameters: {'n_neighbors': 3, 'leaf_size': 36, 'p': 1}. Best is trial 4 with value: 0.7.
[I 2026-04-09 19:53:34,837] A new study created in memory with name: xgb
[I 2026-04-09 19:53:34,873] Trial 0 finished with value: 0.7 and parameters: {'n_estimators': 40, 'max_depth': 20, 'gamma': 0.5510084172939441, 'subsample': 0.5360255666798808, 'colsample_bytree': 0.6342194900509356}. Best is trial 0 with value: 0.7.
[I 2026-04-09 19:53:34,899] Trial 1 finished with value: 0.75 and parameters: {'n_estimators': 100, 'max_depth': 5, 'gamma': 0.9186341749476523, 'subsample': 0.6066926767899578, 'colsample_bytree': 0.7260619809088416}. Best is trial 1 with value: 0.75.
[I 2026-04-09 19:53:34,925] Trial 2 finished with value: 0.85 and parameters: {'n_estimators': 10, 'max_depth': 5, 'gamma': 0.9182155373980582, 'subsample': 0.566584722879625, 'colsample_bytree': 0.761706290336883}. Best is trial 2 with value: 0.85.
[I 2026-04-09 19:53:34,951] Trial 3 finished with value: 0.8 and parameters: {'n_estimators': 10, 'max_depth': 20, 'gamma': 0.5296610393664296, 'subsample': 0.6829451928902965, 'colsample_bytree': 0.9189589971546304}. Best is trial 2 with value: 0.85.
[I 2026-04-09 19:53:34,979] Trial 4 finished with value: 0.75 and parameters: {'n_estimators': 10, 'max_depth': 20, 'gamma': 0.6916595165017824, 'subsample': 0.6851755414940176, 'colsample_bytree': 0.7295464889457157}. Best is trial 2 with value: 0.85.
[I 2026-04-09 19:53:35,007] Trial 5 finished with value: 0.75 and parameters: {'n_estimators': 100, 'max_depth': 20, 'gamma': 0.48380821541644814, 'subsample': 0.8171899343169193, 'colsample_bytree': 0.7614531005141727}. Best is trial 2 with value: 0.85.
[I 2026-04-09 19:53:35,035] Trial 6 finished with value: 0.7 and parameters: {'n_estimators': 10, 'max_depth': 5, 'gamma': 0.9599214907026333, 'subsample': 0.8414569271877088, 'colsample_bytree': 0.5265643453364788}. Best is trial 2 with value: 0.85.
[I 2026-04-09 19:53:35,063] Trial 7 finished with value: 0.65 and parameters: {'n_estimators': 40, 'max_depth': 5, 'gamma': 0.5250915966595621, 'subsample': 0.9207383574491986, 'colsample_bytree': 0.565555321173957}. Best is trial 2 with value: 0.85.
[I 2026-04-09 19:53:35,091] Trial 8 finished with value: 0.6 and parameters: {'n_estimators': 100, 'max_depth': 5, 'gamma': 0.3919835527051987, 'subsample': 0.6502094521590198, 'colsample_bytree': 0.5827507002328938}. Best is trial 2 with value: 0.85.
[I 2026-04-09 19:53:35,130] Trial 9 finished with value: 0.85 and parameters: {'n_estimators': 100, 'max_depth': 5, 'gamma': 0.8003922413895069, 'subsample': 0.9436444759263674, 'colsample_bytree': 0.8374593849333938}. Best is trial 2 with value: 0.85.
[I 2026-04-09 19:53:35,162] Trial 10 finished with value: 0.8 and parameters: {'n_estimators': 10, 'max_depth': 30, 'gamma': 0.13445536345660636, 'subsample': 0.5093732893332106, 'colsample_bytree': 0.9446716873952172}. Best is trial 2 with value: 0.85.
[I 2026-04-09 19:53:35,206] Trial 11 finished with value: 0.85 and parameters: {'n_estimators': 100, 'max_depth': 5, 'gamma': 0.7973258675578638, 'subsample': 0.9975012941469545, 'colsample_bytree': 0.8284009408831569}. Best is trial 2 with value: 0.85.
[I 2026-04-09 19:53:35,245] Trial 12 finished with value: 0.8 and parameters: {'n_estimators': 10, 'max_depth': 30, 'gamma': 0.8162937565898568, 'subsample': 0.7791226929282568, 'colsample_bytree': 0.8373150317004258}. Best is trial 2 with value: 0.85.
[I 2026-04-09 19:53:35,285] Trial 13 finished with value: 0.75 and parameters: {'n_estimators': 100, 'max_depth': 5, 'gamma': 0.7222665074777375, 'subsample': 0.903662638894088, 'colsample_bytree': 0.8466378816712838}. Best is trial 2 with value: 0.85.
[I 2026-04-09 19:53:35,326] Trial 14 finished with value: 0.75 and parameters: {'n_estimators': 40, 'max_depth': 5, 'gamma': 0.9827880836965861, 'subsample': 0.5853397433144834, 'colsample_bytree': 0.9874668619375437}. Best is trial 2 with value: 0.85.
[I 2026-04-09 19:53:35,359] Trial 15 finished with value: 0.7 and parameters: {'n_estimators': 10, 'max_depth': 5, 'gamma': 0.8555229449177569, 'subsample': 0.7310379906297132, 'colsample_bytree': 0.6886243309927691}. Best is trial 2 with value: 0.85.
[I 2026-04-09 19:53:35,398] Trial 16 finished with value: 0.8 and parameters: {'n_estimators': 100, 'max_depth': 30, 'gamma': 0.6956076160159175, 'subsample': 0.9927464016372195, 'colsample_bytree': 0.7911114916594286}. Best is trial 2 with value: 0.85.
[I 2026-04-09 19:53:35,442] Trial 17 finished with value: 0.85 and parameters: {'n_estimators': 10, 'max_depth': 5, 'gamma': 0.6381060055434689, 'subsample': 0.8948694786412588, 'colsample_bytree': 0.9004754685694134}. Best is trial 2 with value: 0.85.
[I 2026-04-09 19:53:35,485] Trial 18 finished with value: 0.7 and parameters: {'n_estimators': 100, 'max_depth': 5, 'gamma': 0.8756133637951633, 'subsample': 0.7456057834626373, 'colsample_bytree': 0.659884978687783}. Best is trial 2 with value: 0.85.
[I 2026-04-09 19:53:35,527] Trial 19 finished with value: 0.75 and parameters: {'n_estimators': 40, 'max_depth': 30, 'gamma': 0.3174139674775436, 'subsample': 0.5870742322962426, 'colsample_bytree': 0.8894977629705323}. Best is trial 2 with value: 0.85.
[I 2026-04-09 19:53:35,568] Trial 20 finished with value: 0.8 and parameters: {'n_estimators': 100, 'max_depth': 5, 'gamma': 0.8140985818876745, 'subsample': 0.8508024106435205, 'colsample_bytree': 0.7990668665480016}. Best is trial 2 with value: 0.85.
[I 2026-04-09 19:53:35,625] Trial 21 finished with value: 0.85 and parameters: {'n_estimators': 100, 'max_depth': 5, 'gamma': 0.7648450081567107, 'subsample': 0.9870631976260437, 'colsample_bytree': 0.8485706756567496}. Best is trial 2 with value: 0.85.
[I 2026-04-09 19:53:35,668] Trial 22 finished with value: 0.8 and parameters: {'n_estimators': 100, 'max_depth': 5, 'gamma': 0.6347311878966835, 'subsample': 0.9479471303304208, 'colsample_bytree': 0.8037146190732115}. Best is trial 2 with value: 0.85.
[I 2026-04-09 19:53:35,709] Trial 23 finished with value: 0.85 and parameters: {'n_estimators': 100, 'max_depth': 5, 'gamma': 0.9966280433084561, 'subsample': 0.9536430698961532, 'colsample_bytree': 0.7595355306122075}. Best is trial 2 with value: 0.85.
[I 2026-04-09 19:53:35,743] Trial 24 finished with value: 0.8 and parameters: {'n_estimators': 100, 'max_depth': 5, 'gamma': 0.8947275598921893, 'subsample': 0.8655615399418883, 'colsample_bytree': 0.8585320242646308}. Best is trial 2 with value: 0.85.
[I 2026-04-09 19:53:35,783] Trial 25 finished with value: 0.65 and parameters: {'n_estimators': 10, 'max_depth': 5, 'gamma': 0.7607375268843221, 'subsample': 0.7931594294937967, 'colsample_bytree': 0.6959021177365818}. Best is trial 2 with value: 0.85.
[I 2026-04-09 19:53:35,823] Trial 26 finished with value: 0.85 and parameters: {'n_estimators': 100, 'max_depth': 5, 'gamma': 0.8198294697417566, 'subsample': 0.9635937638804533, 'colsample_bytree': 0.9635544941992971}. Best is trial 2 with value: 0.85.
[I 2026-04-09 19:53:35,865] Trial 27 finished with value: 0.85 and parameters: {'n_estimators': 100, 'max_depth': 5, 'gamma': 0.9223686272486273, 'subsample': 0.9990626500812925, 'colsample_bytree': 0.8167699099313922}. Best is trial 2 with value: 0.85.
[I 2026-04-09 19:53:35,906] Trial 28 finished with value: 0.8 and parameters: {'n_estimators': 40, 'max_depth': 30, 'gamma': 0.6112584951300768, 'subsample': 0.9341352600713329, 'colsample_bytree': 0.8797669896043536}. Best is trial 2 with value: 0.85.
[I 2026-04-09 19:53:35,944] Trial 29 finished with value: 0.7 and parameters: {'n_estimators': 10, 'max_depth': 20, 'gamma': 0.7464515809376144, 'subsample': 0.5200443880593639, 'colsample_bytree': 0.7645521070143793}. Best is trial 2 with value: 0.85.
[I 2026-04-09 19:53:36,310] A new study created in memory with name: rf
[I 2026-04-09 19:53:36,486] Trial 0 finished with value: 0.5 and parameters: {'n_estimators': 130, 'max_depth': 17, 'min_samples_split': 5, 'min_samples_leaf': 8}. Best is trial 0 with value: 0.5.
[I 2026-04-09 19:53:37,016] Trial 1 finished with value: 0.9 and parameters: {'n_estimators': 492, 'max_depth': 12, 'min_samples_split': 6, 'min_samples_leaf': 1}. Best is trial 1 with value: 0.9.
[I 2026-04-09 19:53:37,262] Trial 2 finished with value: 0.5 and parameters: {'n_estimators': 207, 'max_depth': 11, 'min_samples_split': 8, 'min_samples_leaf': 9}. Best is trial 1 with value: 0.9.
[I 2026-04-09 19:53:37,570] Trial 3 finished with value: 0.5 and parameters: {'n_estimators': 252, 'max_depth': 4, 'min_samples_split': 4, 'min_samples_leaf': 10}. Best is trial 1 with value: 0.9.
[I 2026-04-09 19:53:37,785] Trial 4 finished with value: 0.75 and parameters: {'n_estimators': 185, 'max_depth': 11, 'min_samples_split': 10, 'min_samples_leaf': 1}. Best is trial 1 with value: 0.9.
[I 2026-04-09 19:53:38,169] Trial 5 finished with value: 0.55 and parameters: {'n_estimators': 340, 'max_depth': 20, 'min_samples_split': 4, 'min_samples_leaf': 6}. Best is trial 1 with value: 0.9.
[I 2026-04-09 19:53:38,685] Trial 6 finished with value: 0.5 and parameters: {'n_estimators': 464, 'max_depth': 5, 'min_samples_split': 6, 'min_samples_leaf': 8}. Best is trial 1 with value: 0.9.
[I 2026-04-09 19:53:39,062] Trial 7 finished with value: 0.6 and parameters: {'n_estimators': 368, 'max_depth': 11, 'min_samples_split': 3, 'min_samples_leaf': 5}. Best is trial 1 with value: 0.9.
[I 2026-04-09 19:53:39,351] Trial 8 finished with value: 0.5 and parameters: {'n_estimators': 249, 'max_depth': 11, 'min_samples_split': 5, 'min_samples_leaf': 9}. Best is trial 1 with value: 0.9.
[I 2026-04-09 19:53:39,810] Trial 9 finished with value: 0.75 and parameters: {'n_estimators': 408, 'max_depth': 8, 'min_samples_split': 7, 'min_samples_leaf': 3}. Best is trial 1 with value: 0.9.
[I 2026-04-09 19:53:40,553] Trial 10 finished with value: 0.85 and parameters: {'n_estimators': 479, 'max_depth': 15, 'min_samples_split': 2, 'min_samples_leaf': 1}. Best is trial 1 with value: 0.9.
[I 2026-04-09 19:53:41,161] Trial 11 finished with value: 0.9 and parameters: {'n_estimators': 476, 'max_depth': 15, 'min_samples_split': 2, 'min_samples_leaf': 1}. Best is trial 1 with value: 0.9.
[I 2026-04-09 19:53:41,725] Trial 12 finished with value: 0.7 and parameters: {'n_estimators': 499, 'max_depth': 15, 'min_samples_split': 9, 'min_samples_leaf': 3}. Best is trial 1 with value: 0.9.
[I 2026-04-09 19:53:42,234] Trial 13 finished with value: 0.75 and parameters: {'n_estimators': 431, 'max_depth': 15, 'min_samples_split': 2, 'min_samples_leaf': 3}. Best is trial 1 with value: 0.9.
[I 2026-04-09 19:53:42,735] Trial 14 finished with value: 0.9 and parameters: {'n_estimators': 402, 'max_depth': 18, 'min_samples_split': 7, 'min_samples_leaf': 1}. Best is trial 1 with value: 0.9.
[I 2026-04-09 19:53:43,139] Trial 15 finished with value: 0.65 and parameters: {'n_estimators': 322, 'max_depth': 8, 'min_samples_split': 3, 'min_samples_leaf': 5}. Best is trial 1 with value: 0.9.
[I 2026-04-09 19:53:43,674] Trial 16 finished with value: 0.85 and parameters: {'n_estimators': 450, 'max_depth': 14, 'min_samples_split': 6, 'min_samples_leaf': 2}. Best is trial 1 with value: 0.9.
[I 2026-04-09 19:53:44,102] Trial 17 finished with value: 0.75 and parameters: {'n_estimators': 374, 'max_depth': 7, 'min_samples_split': 10, 'min_samples_leaf': 4}. Best is trial 1 with value: 0.9.
[I 2026-04-09 19:53:44,438] Trial 18 finished with value: 0.8 and parameters: {'n_estimators': 294, 'max_depth': 13, 'min_samples_split': 8, 'min_samples_leaf': 2}. Best is trial 1 with value: 0.9.
[I 2026-04-09 19:53:44,987] Trial 19 finished with value: 0.6 and parameters: {'n_estimators': 493, 'max_depth': 17, 'min_samples_split': 4, 'min_samples_leaf': 6}. Best is trial 1 with value: 0.9.
[I 2026-04-09 19:53:45,482] Trial 20 finished with value: 0.85 and parameters: {'n_estimators': 442, 'max_depth': 13, 'min_samples_split': 3, 'min_samples_leaf': 2}. Best is trial 1 with value: 0.9.
[I 2026-04-09 19:53:45,940] Trial 21 finished with value: 0.85 and parameters: {'n_estimators': 397, 'max_depth': 20, 'min_samples_split': 7, 'min_samples_leaf': 1}. Best is trial 1 with value: 0.9.
[I 2026-04-09 19:53:46,443] Trial 22 finished with value: 0.9 and parameters: {'n_estimators': 416, 'max_depth': 18, 'min_samples_split': 7, 'min_samples_leaf': 1}. Best is trial 1 with value: 0.9.
[I 2026-04-09 19:53:46,975] Trial 23 finished with value: 0.8 and parameters: {'n_estimators': 456, 'max_depth': 17, 'min_samples_split': 8, 'min_samples_leaf': 2}. Best is trial 1 with value: 0.9.
[I 2026-04-09 19:53:47,467] Trial 24 finished with value: 0.7 and parameters: {'n_estimators': 378, 'max_depth': 19, 'min_samples_split': 5, 'min_samples_leaf': 4}. Best is trial 1 with value: 0.9.
[I 2026-04-09 19:53:48,063] Trial 25 finished with value: 0.85 and parameters: {'n_estimators': 472, 'max_depth': 13, 'min_samples_split': 6, 'min_samples_leaf': 1}. Best is trial 1 with value: 0.9.
[I 2026-04-09 19:53:48,605] Trial 26 finished with value: 0.7 and parameters: {'n_estimators': 424, 'max_depth': 16, 'min_samples_split': 9, 'min_samples_leaf': 3}. Best is trial 1 with value: 0.9.
[I 2026-04-09 19:53:49,040] Trial 27 finished with value: 0.85 and parameters: {'n_estimators': 336, 'max_depth': 9, 'min_samples_split': 7, 'min_samples_leaf': 2}. Best is trial 1 with value: 0.9.
[I 2026-04-09 19:53:49,612] Trial 28 finished with value: 0.75 and parameters: {'n_estimators': 482, 'max_depth': 19, 'min_samples_split': 9, 'min_samples_leaf': 4}. Best is trial 1 with value: 0.9.
[I 2026-04-09 19:53:49,782] Trial 29 finished with value: 0.8 and parameters: {'n_estimators': 118, 'max_depth': 16, 'min_samples_split': 5, 'min_samples_leaf': 1}. Best is trial 1 with value: 0.9.
[I 2026-04-09 19:53:55,833] A new study created in memory with name: mlp
[I 2026-04-09 19:53:55,877] Trial 0 finished with value: 0.6 and parameters: {'hidden_layer_sizes': (200,), 'max_iter': 100, 'alpha': 0.0001}. Best is trial 0 with value: 0.6.
[I 2026-04-09 19:53:55,957] Trial 1 finished with value: 0.6 and parameters: {'hidden_layer_sizes': (100, 100), 'max_iter': 100, 'alpha': 0.0001}. Best is trial 0 with value: 0.6.
[I 2026-04-09 19:53:56,013] Trial 2 finished with value: 0.6 and parameters: {'hidden_layer_sizes': (200,), 'max_iter': 100, 'alpha': 0.001}. Best is trial 0 with value: 0.6.
[I 2026-04-09 19:53:56,047] Trial 3 finished with value: 0.55 and parameters: {'hidden_layer_sizes': (100,), 'max_iter': 50, 'alpha': 0.001}. Best is trial 0 with value: 0.6.
[I 2026-04-09 19:53:56,080] Trial 4 finished with value: 0.6 and parameters: {'hidden_layer_sizes': (100,), 'max_iter': 50, 'alpha': 0.0001}. Best is trial 0 with value: 0.6.
[I 2026-04-09 19:53:56,114] Trial 5 finished with value: 0.6 and parameters: {'hidden_layer_sizes': (100,), 'max_iter': 50, 'alpha': 0.0001}. Best is trial 0 with value: 0.6.
[I 2026-04-09 19:53:56,149] Trial 6 finished with value: 0.6 and parameters: {'hidden_layer_sizes': (100,), 'max_iter': 50, 'alpha': 0.0001}. Best is trial 0 with value: 0.6.
[I 2026-04-09 19:53:56,186] Trial 7 finished with value: 0.65 and parameters: {'hidden_layer_sizes': (100,), 'max_iter': 50, 'alpha': 0.0001}. Best is trial 7 with value: 0.65.
[I 2026-04-09 19:53:56,242] Trial 8 finished with value: 0.6 and parameters: {'hidden_layer_sizes': (200,), 'max_iter': 100, 'alpha': 0.0001}. Best is trial 7 with value: 0.65.
[I 2026-04-09 19:53:56,294] Trial 9 finished with value: 0.65 and parameters: {'hidden_layer_sizes': (200,), 'max_iter': 50, 'alpha': 0.0001}. Best is trial 7 with value: 0.65.
[I 2026-04-09 19:53:56,341] Trial 10 finished with value: 0.65 and parameters: {'hidden_layer_sizes': (100, 100), 'max_iter': 50, 'alpha': 0.001}. Best is trial 7 with value: 0.65.
[I 2026-04-09 19:53:56,375] Trial 11 finished with value: 0.65 and parameters: {'hidden_layer_sizes': (200,), 'max_iter': 50, 'alpha': 0.0001}. Best is trial 7 with value: 0.65.
[I 2026-04-09 19:53:56,409] Trial 12 finished with value: 0.65 and parameters: {'hidden_layer_sizes': (100,), 'max_iter': 50, 'alpha': 0.0001}. Best is trial 7 with value: 0.65.
[I 2026-04-09 19:53:56,443] Trial 13 finished with value: 0.55 and parameters: {'hidden_layer_sizes': (200,), 'max_iter': 50, 'alpha': 0.0001}. Best is trial 7 with value: 0.65.
[I 2026-04-09 19:53:56,506] Trial 14 finished with value: 0.6 and parameters: {'hidden_layer_sizes': (100, 100), 'max_iter': 50, 'alpha': 0.001}. Best is trial 7 with value: 0.65.
[I 2026-04-09 19:53:56,543] Trial 15 finished with value: 0.7 and parameters: {'hidden_layer_sizes': (100,), 'max_iter': 50, 'alpha': 0.0001}. Best is trial 15 with value: 0.7.
[I 2026-04-09 19:53:56,578] Trial 16 finished with value: 0.6 and parameters: {'hidden_layer_sizes': (100,), 'max_iter': 50, 'alpha': 0.0001}. Best is trial 15 with value: 0.7.
[I 2026-04-09 19:53:56,612] Trial 17 finished with value: 0.7 and parameters: {'hidden_layer_sizes': (100,), 'max_iter': 50, 'alpha': 0.0001}. Best is trial 15 with value: 0.7.
[I 2026-04-09 19:53:56,658] Trial 18 finished with value: 0.6 and parameters: {'hidden_layer_sizes': (100,), 'max_iter': 100, 'alpha': 0.001}. Best is trial 15 with value: 0.7.
[I 2026-04-09 19:53:56,696] Trial 19 finished with value: 0.65 and parameters: {'hidden_layer_sizes': (100,), 'max_iter': 50, 'alpha': 0.0001}. Best is trial 15 with value: 0.7.
[I 2026-04-09 19:53:56,744] Trial 20 finished with value: 0.6 and parameters: {'hidden_layer_sizes': (100,), 'max_iter': 50, 'alpha': 0.0001}. Best is trial 15 with value: 0.7.
[I 2026-04-09 19:53:56,781] Trial 21 finished with value: 0.65 and parameters: {'hidden_layer_sizes': (100,), 'max_iter': 50, 'alpha': 0.0001}. Best is trial 15 with value: 0.7.
[I 2026-04-09 19:53:56,810] Trial 22 finished with value: 0.55 and parameters: {'hidden_layer_sizes': (100,), 'max_iter': 50, 'alpha': 0.0001}. Best is trial 15 with value: 0.7.
[I 2026-04-09 19:53:56,842] Trial 23 finished with value: 0.65 and parameters: {'hidden_layer_sizes': (100,), 'max_iter': 50, 'alpha': 0.0001}. Best is trial 15 with value: 0.7.
[I 2026-04-09 19:53:56,878] Trial 24 finished with value: 0.75 and parameters: {'hidden_layer_sizes': (100,), 'max_iter': 50, 'alpha': 0.0001}. Best is trial 24 with value: 0.75.
[I 2026-04-09 19:53:56,938] Trial 25 finished with value: 0.65 and parameters: {'hidden_layer_sizes': (100, 100), 'max_iter': 50, 'alpha': 0.0001}. Best is trial 24 with value: 0.75.
[I 2026-04-09 19:53:56,995] Trial 26 finished with value: 0.6 and parameters: {'hidden_layer_sizes': (100,), 'max_iter': 100, 'alpha': 0.001}. Best is trial 24 with value: 0.75.
[I 2026-04-09 19:53:57,030] Trial 27 finished with value: 0.6 and parameters: {'hidden_layer_sizes': (100,), 'max_iter': 50, 'alpha': 0.0001}. Best is trial 24 with value: 0.75.
[I 2026-04-09 19:53:57,064] Trial 28 finished with value: 0.6 and parameters: {'hidden_layer_sizes': (100,), 'max_iter': 50, 'alpha': 0.0001}. Best is trial 24 with value: 0.75.
[I 2026-04-09 19:53:57,150] Trial 29 finished with value: 0.65 and parameters: {'hidden_layer_sizes': (100, 100), 'max_iter': 100, 'alpha': 0.0001}. Best is trial 24 with value: 0.75.
[I 2026-04-09 19:54:04,203] A new study created in memory with name: naive_bayes
[I 2026-04-09 19:54:04,216] Trial 0 finished with value: 0.85 and parameters: {'var_smoothing': 1.4210736239935712e-10}. Best is trial 0 with value: 0.85.
[I 2026-04-09 19:54:04,231] Trial 1 finished with value: 0.85 and parameters: {'var_smoothing': 3.629422978396398e-09}. Best is trial 0 with value: 0.85.
[I 2026-04-09 19:54:04,257] Trial 2 finished with value: 0.85 and parameters: {'var_smoothing': 7.530407234027127e-10}. Best is trial 0 with value: 0.85.
[I 2026-04-09 19:54:04,273] Trial 3 finished with value: 0.85 and parameters: {'var_smoothing': 2.7985325053380072e-09}. Best is trial 0 with value: 0.85.
[I 2026-04-09 19:54:04,289] Trial 4 finished with value: 0.85 and parameters: {'var_smoothing': 9.036058293737187e-09}. Best is trial 0 with value: 0.85.
[I 2026-04-09 19:54:04,304] Trial 5 finished with value: 0.85 and parameters: {'var_smoothing': 1.1939653980558784e-09}. Best is trial 0 with value: 0.85.
[I 2026-04-09 19:54:04,317] Trial 6 finished with value: 0.85 and parameters: {'var_smoothing': 1.005173261185167e-09}. Best is trial 0 with value: 0.85.
[I 2026-04-09 19:54:04,330] Trial 7 finished with value: 0.85 and parameters: {'var_smoothing': 1.393484899105757e-10}. Best is trial 0 with value: 0.85.
[I 2026-04-09 19:54:04,344] Trial 8 finished with value: 0.85 and parameters: {'var_smoothing': 3.4425317961147986e-10}. Best is trial 0 with value: 0.85.
[I 2026-04-09 19:54:04,357] Trial 9 finished with value: 0.85 and parameters: {'var_smoothing': 9.994590426751933e-10}. Best is trial 0 with value: 0.85.
[I 2026-04-09 19:54:04,374] Trial 10 finished with value: 0.85 and parameters: {'var_smoothing': 1.9079938112167212e-10}. Best is trial 0 with value: 0.85.
[I 2026-04-09 19:54:04,391] Trial 11 finished with value: 0.85 and parameters: {'var_smoothing': 4.7456863630433305e-09}. Best is trial 0 with value: 0.85.
[I 2026-04-09 19:54:04,410] Trial 12 finished with value: 0.85 and parameters: {'var_smoothing': 2.7185365295481096e-09}. Best is trial 0 with value: 0.85.
[I 2026-04-09 19:54:04,428] Trial 13 finished with value: 0.85 and parameters: {'var_smoothing': 4.3967291332584714e-10}. Best is trial 0 with value: 0.85.
[I 2026-04-09 19:54:04,443] Trial 14 finished with value: 0.85 and parameters: {'var_smoothing': 2.6511307931162972e-09}. Best is trial 0 with value: 0.85.
