[I 2026-04-07 02:07:51,562] Trial 16 finished with value: 0.875 and parameters: {'n_estimators': 192, 'max_depth': 14, 'min_samples_split': 8, 'min_samples_leaf': 4}. Best is trial 2 with value: 0.9.
[I 2026-04-07 02:07:51,927] Trial 17 finished with value: 0.825 and parameters: {'n_estimators': 291, 'max_depth': 3, 'min_samples_split': 6, 'min_samples_leaf': 7}. Best is trial 2 with value: 0.9.
[I 2026-04-07 02:07:52,328] Trial 18 finished with value: 0.875 and parameters: {'n_estimators': 372, 'max_depth': 6, 'min_samples_split': 9, 'min_samples_leaf': 4}. Best is trial 2 with value: 0.9.
[I 2026-04-07 02:07:52,809] Trial 19 finished with value: 0.875 and parameters: {'n_estimators': 451, 'max_depth': 13, 'min_samples_split': 4, 'min_samples_leaf': 2}. Best is trial 2 with value: 0.9.
[I 2026-04-07 02:07:53,067] Trial 20 finished with value: 0.85 and parameters: {'n_estimators': 201, 'max_depth': 8, 'min_samples_split': 7, 'min_samples_leaf': 5}. Best is trial 2 with value: 0.9.
[I 2026-04-07 02:07:53,345] Trial 21 finished with value: 0.825 and parameters: {'n_estimators': 240, 'max_depth': 5, 'min_samples_split': 3, 'min_samples_leaf': 9}. Best is trial 2 with value: 0.9.
[I 2026-04-07 02:07:53,638] Trial 22 finished with value: 0.825 and parameters: {'n_estimators': 266, 'max_depth': 5, 'min_samples_split': 3, 'min_samples_leaf': 9}. Best is trial 2 with value: 0.9.
[I 2026-04-07 02:07:53,864] Trial 23 finished with value: 0.825 and parameters: {'n_estimators': 167, 'max_depth': 4, 'min_samples_split': 2, 'min_samples_leaf': 9}. Best is trial 2 with value: 0.9.
[I 2026-04-07 02:07:54,140] Trial 24 finished with value: 0.825 and parameters: {'n_estimators': 223, 'max_depth': 20, 'min_samples_split': 4, 'min_samples_leaf': 10}. Best is trial 2 with value: 0.9.
[I 2026-04-07 02:07:54,508] Trial 25 finished with value: 0.825 and parameters: {'n_estimators': 333, 'max_depth': 7, 'min_samples_split': 5, 'min_samples_leaf': 7}. Best is trial 2 with value: 0.9.
[I 2026-04-07 02:07:54,664] Trial 26 finished with value: 0.825 and parameters: {'n_estimators': 123, 'max_depth': 9, 'min_samples_split': 2, 'min_samples_leaf': 7}. Best is trial 2 with value: 0.9.
[I 2026-04-07 02:07:55,006] Trial 27 finished with value: 0.825 and parameters: {'n_estimators': 288, 'max_depth': 7, 'min_samples_split': 3, 'min_samples_leaf': 9}. Best is trial 2 with value: 0.9.
[I 2026-04-07 02:07:55,324] Trial 28 finished with value: 0.875 and parameters: {'n_estimators': 242, 'max_depth': 4, 'min_samples_split': 4, 'min_samples_leaf': 5}. Best is trial 2 with value: 0.9.
[I 2026-04-07 02:07:55,526] Trial 29 finished with value: 0.85 and parameters: {'n_estimators': 174, 'max_depth': 16, 'min_samples_split': 3, 'min_samples_leaf': 10}. Best is trial 2 with value: 0.9.
[I 2026-04-07 02:07:58,362] A new study created in memory with name: mlp
[I 2026-04-07 02:07:58,412] Trial 0 finished with value: 0.875 and parameters: {'hidden_layer_sizes': (200,), 'max_iter': 50, 'alpha': 0.001}. Best is trial 0 with value: 0.875.
[I 2026-04-07 02:07:58,479] Trial 1 finished with value: 0.825 and parameters: {'hidden_layer_sizes': (100,), 'max_iter': 100, 'alpha': 0.0001}. Best is trial 0 with value: 0.875.
[I 2026-04-07 02:07:58,545] Trial 2 finished with value: 0.825 and parameters: {'hidden_layer_sizes': (100,), 'max_iter': 100, 'alpha': 0.001}. Best is trial 0 with value: 0.875.
[I 2026-04-07 02:07:58,590] Trial 3 finished with value: 0.825 and parameters: {'hidden_layer_sizes': (200,), 'max_iter': 50, 'alpha': 0.001}. Best is trial 0 with value: 0.875.
[I 2026-04-07 02:07:58,636] Trial 4 finished with value: 0.85 and parameters: {'hidden_layer_sizes': (100,), 'max_iter': 100, 'alpha': 0.0001}. Best is trial 0 with value: 0.875.
[I 2026-04-07 02:07:58,682] Trial 5 finished with value: 0.85 and parameters: {'hidden_layer_sizes': (100,), 'max_iter': 100, 'alpha': 0.001}. Best is trial 0 with value: 0.875.
[I 2026-04-07 02:07:58,737] Trial 6 finished with value: 0.8 and parameters: {'hidden_layer_sizes': (200,), 'max_iter': 100, 'alpha': 0.001}. Best is trial 0 with value: 0.875.
[I 2026-04-07 02:07:58,793] Trial 7 finished with value: 0.8 and parameters: {'hidden_layer_sizes': (200,), 'max_iter': 100, 'alpha': 0.001}. Best is trial 0 with value: 0.875.
[I 2026-04-07 02:07:58,839] Trial 8 finished with value: 0.85 and parameters: {'hidden_layer_sizes': (100,), 'max_iter': 100, 'alpha': 0.001}. Best is trial 0 with value: 0.875.
[I 2026-04-07 02:07:58,875] Trial 9 finished with value: 0.85 and parameters: {'hidden_layer_sizes': (100,), 'max_iter': 50, 'alpha': 0.001}. Best is trial 0 with value: 0.875.
[I 2026-04-07 02:07:58,924] Trial 10 finished with value: 0.825 and parameters: {'hidden_layer_sizes': (100, 100), 'max_iter': 50, 'alpha': 0.0001}. Best is trial 0 with value: 0.875.
[I 2026-04-07 02:07:58,972] Trial 11 finished with value: 0.825 and parameters: {'hidden_layer_sizes': (100, 100), 'max_iter': 50, 'alpha': 0.0001}. Best is trial 0 with value: 0.875.
[I 2026-04-07 02:07:59,010] Trial 12 finished with value: 0.85 and parameters: {'hidden_layer_sizes': (200,), 'max_iter': 50, 'alpha': 0.0001}. Best is trial 0 with value: 0.875.
[I 2026-04-07 02:07:59,058] Trial 13 finished with value: 0.85 and parameters: {'hidden_layer_sizes': (200,), 'max_iter': 50, 'alpha': 0.0001}. Best is trial 0 with value: 0.875.
[I 2026-04-07 02:07:59,157] Trial 14 finished with value: 0.775 and parameters: {'hidden_layer_sizes': (100, 100), 'max_iter': 100, 'alpha': 0.0001}. Best is trial 0 with value: 0.875.
[I 2026-04-07 02:07:59,205] Trial 15 finished with value: 0.85 and parameters: {'hidden_layer_sizes': (100,), 'max_iter': 50, 'alpha': 0.0001}. Best is trial 0 with value: 0.875.
[I 2026-04-07 02:07:59,263] Trial 16 finished with value: 0.825 and parameters: {'hidden_layer_sizes': (200,), 'max_iter': 100, 'alpha': 0.001}. Best is trial 0 with value: 0.875.
[I 2026-04-07 02:07:59,302] Trial 17 finished with value: 0.875 and parameters: {'hidden_layer_sizes': (200,), 'max_iter': 50, 'alpha': 0.0001}. Best is trial 0 with value: 0.875.
[I 2026-04-07 02:07:59,340] Trial 18 finished with value: 0.85 and parameters: {'hidden_layer_sizes': (200,), 'max_iter': 50, 'alpha': 0.001}. Best is trial 0 with value: 0.875.
[I 2026-04-07 02:07:59,378] Trial 19 finished with value: 0.85 and parameters: {'hidden_layer_sizes': (200,), 'max_iter': 50, 'alpha': 0.0001}. Best is trial 0 with value: 0.875.
[I 2026-04-07 02:07:59,422] Trial 20 finished with value: 0.875 and parameters: {'hidden_layer_sizes': (200,), 'max_iter': 50, 'alpha': 0.0001}. Best is trial 0 with value: 0.875.
[I 2026-04-07 02:07:59,460] Trial 21 finished with value: 0.8 and parameters: {'hidden_layer_sizes': (200,), 'max_iter': 50, 'alpha': 0.0001}. Best is trial 0 with value: 0.875.
[I 2026-04-07 02:07:59,499] Trial 22 finished with value: 0.825 and parameters: {'hidden_layer_sizes': (200,), 'max_iter': 50, 'alpha': 0.0001}. Best is trial 0 with value: 0.875.
[I 2026-04-07 02:07:59,536] Trial 23 finished with value: 0.85 and parameters: {'hidden_layer_sizes': (200,), 'max_iter': 50, 'alpha': 0.0001}. Best is trial 0 with value: 0.875.
[I 2026-04-07 02:07:59,572] Trial 24 finished with value: 0.85 and parameters: {'hidden_layer_sizes': (200,), 'max_iter': 50, 'alpha': 0.0001}. Best is trial 0 with value: 0.875.
[I 2026-04-07 02:07:59,610] Trial 25 finished with value: 0.875 and parameters: {'hidden_layer_sizes': (200,), 'max_iter': 50, 'alpha': 0.0001}. Best is trial 0 with value: 0.875.
[I 2026-04-07 02:07:59,658] Trial 26 finished with value: 0.8 and parameters: {'hidden_layer_sizes': (100, 100), 'max_iter': 50, 'alpha': 0.001}. Best is trial 0 with value: 0.875.
[I 2026-04-07 02:07:59,693] Trial 27 finished with value: 0.85 and parameters: {'hidden_layer_sizes': (200,), 'max_iter': 50, 'alpha': 0.0001}. Best is trial 0 with value: 0.875.
[I 2026-04-07 02:07:59,731] Trial 28 finished with value: 0.85 and parameters: {'hidden_layer_sizes': (200,), 'max_iter': 50, 'alpha': 0.001}. Best is trial 0 with value: 0.875.
[I 2026-04-07 02:07:59,780] Trial 29 finished with value: 0.875 and parameters: {'hidden_layer_sizes': (200,), 'max_iter': 50, 'alpha': 0.0001}. Best is trial 0 with value: 0.875.
[I 2026-04-07 02:08:07,177] A new study created in memory with name: naive_bayes
[I 2026-04-07 02:08:07,191] Trial 0 finished with value: 0.85 and parameters: {'var_smoothing': 2.7796258518939306e-10}. Best is trial 0 with value: 0.85.
[I 2026-04-07 02:08:07,205] Trial 1 finished with value: 0.85 and parameters: {'var_smoothing': 5.513972710118387e-09}. Best is trial 0 with value: 0.85.
[I 2026-04-07 02:08:07,218] Trial 2 finished with value: 0.85 and parameters: {'var_smoothing': 2.590826381512706e-10}. Best is trial 0 with value: 0.85.
[I 2026-04-07 02:08:07,232] Trial 3 finished with value: 0.85 and parameters: {'var_smoothing': 6.874194498027403e-09}. Best is trial 0 with value: 0.85.
[I 2026-04-07 02:08:07,245] Trial 4 finished with value: 0.85 and parameters: {'var_smoothing': 9.480306482679771e-10}. Best is trial 0 with value: 0.85.
[I 2026-04-07 02:08:07,259] Trial 5 finished with value: 0.85 and parameters: {'var_smoothing': 1.6729683536668864e-09}. Best is trial 0 with value: 0.85.
[I 2026-04-07 02:08:07,272] Trial 6 finished with value: 0.85 and parameters: {'var_smoothing': 3.402637726935598e-09}. Best is trial 0 with value: 0.85.
[I 2026-04-07 02:08:07,286] Trial 7 finished with value: 0.85 and parameters: {'var_smoothing': 1.0885189040847657e-09}. Best is trial 0 with value: 0.85.
[I 2026-04-07 02:08:07,298] Trial 8 finished with value: 0.85 and parameters: {'var_smoothing': 3.922843686541149e-10}. Best is trial 0 with value: 0.85.
[I 2026-04-07 02:08:07,312] Trial 9 finished with value: 0.85 and parameters: {'var_smoothing': 2.3737908819373785e-10}. Best is trial 0 with value: 0.85.
[I 2026-04-07 02:08:07,329] Trial 10 finished with value: 0.85 and parameters: {'var_smoothing': 1.005826617097841e-10}. Best is trial 0 with value: 0.85.
[I 2026-04-07 02:08:07,346] Trial 11 finished with value: 0.85 and parameters: {'var_smoothing': 8.246040091550826e-09}. Best is trial 0 with value: 0.85.
[I 2026-04-07 02:08:07,362] Trial 12 finished with value: 0.85 and parameters: {'var_smoothing': 5.714429769091136e-10}. Best is trial 0 with value: 0.85.
[I 2026-04-07 02:08:07,394] Trial 13 finished with value: 0.85 and parameters: {'var_smoothing': 3.0046394488828834e-09}. Best is trial 0 with value: 0.85.
[I 2026-04-07 02:08:07,415] Trial 14 finished with value: 0.85 and parameters: {'var_smoothing': 1.0161521526134228e-10}. Best is trial 0 with value: 0.85.
[I 2026-04-07 02:08:07,435] Trial 15 finished with value: 0.85 and parameters: {'var_smoothing': 3.455011319435438e-09}. Best is trial 0 with value: 0.85.
[I 2026-04-07 02:08:07,454] Trial 16 finished with value: 0.85 and parameters: {'var_smoothing': 2.2038800241203009e-10}. Best is trial 0 with value: 0.85.
[I 2026-04-07 02:08:07,483] Trial 17 finished with value: 0.85 and parameters: {'var_smoothing': 1.8515987176145925e-09}. Best is trial 0 with value: 0.85.
[I 2026-04-07 02:08:07,498] Trial 18 finished with value: 0.85 and parameters: {'var_smoothing': 5.024285700153026e-10}. Best is trial 0 with value: 0.85.
[I 2026-04-07 02:08:07,513] Trial 19 finished with value: 0.85 and parameters: {'var_smoothing': 4.958025424412893e-09}. Best is trial 0 with value: 0.85.
[I 2026-04-07 02:08:07,538] Trial 20 finished with value: 0.85 and parameters: {'var_smoothing': 8.344000526157384e-10}. Best is trial 0 with value: 0.85.
[I 2026-04-07 02:08:07,553] Trial 21 finished with value: 0.85 and parameters: {'var_smoothing': 2.46080689865309e-10}. Best is trial 0 with value: 0.85.
[I 2026-04-07 02:08:07,568] Trial 22 finished with value: 0.85 and parameters: {'var_smoothing': 1.4445108350594728e-10}. Best is trial 0 with value: 0.85.
[I 2026-04-07 02:08:07,583] Trial 23 finished with value: 0.85 and parameters: {'var_smoothing': 3.3715577896606737e-10}. Best is trial 0 with value: 0.85.
[I 2026-04-07 02:08:07,598] Trial 24 finished with value: 0.85 and parameters: {'var_smoothing': 1.572466431855027e-10}. Best is trial 0 with value: 0.85.
[I 2026-04-07 02:08:07,617] Trial 25 finished with value: 0.85 and parameters: {'var_smoothing': 7.281746293576245e-10}. Best is trial 0 with value: 0.85.
[I 2026-04-07 02:08:07,638] Trial 26 finished with value: 0.85 and parameters: {'var_smoothing': 3.386254640873244e-10}. Best is trial 0 with value: 0.85.
[I 2026-04-07 02:08:07,658] Trial 27 finished with value: 0.85 and parameters: {'var_smoothing': 1.3918180959975328e-09}. Best is trial 0 with value: 0.85.
[I 2026-04-07 02:08:07,674] Trial 28 finished with value: 0.85 and parameters: {'var_smoothing': 2.3715836084533434e-09}. Best is trial 0 with value: 0.85.
[I 2026-04-07 02:08:07,694] Trial 29 finished with value: 0.85 and parameters: {'var_smoothing': 9.477075781575649e-09}. Best is trial 0 with value: 0.85.
[I 2026-04-07 02:08:08,122] A new study created in memory with name: logreg
[I 2026-04-07 02:08:08,147] Trial 0 finished with value: 0.45 and parameters: {'C': 0.012881482725481003, 'penalty': 'l2'}. Best is trial 0 with value: 0.45.
[I 2026-04-07 02:08:08,182] Trial 1 finished with value: 0.8 and parameters: {'C': 22.576755560681583, 'penalty': 'l2'}. Best is trial 1 with value: 0.8.
[I 2026-04-07 02:08:08,207] Trial 2 finished with value: 0.425 and parameters: {'C': 0.010804278656839932, 'penalty': 'l2'}. Best is trial 1 with value: 0.8.
[I 2026-04-07 02:08:08,242] Trial 3 finished with value: 0.85 and parameters: {'C': 39.17910760336117, 'penalty': 'l2'}. Best is trial 3 with value: 0.85.
[I 2026-04-07 02:08:08,267] Trial 4 finished with value: 0.725 and parameters: {'C': 0.2767298094062571, 'penalty': 'l2'}. Best is trial 3 with value: 0.85.
[I 2026-04-07 02:08:08,291] Trial 5 finished with value: 0.775 and parameters: {'C': 1.1447728330837224, 'penalty': 'l2'}. Best is trial 3 with value: 0.85.
[I 2026-04-07 02:08:08,326] Trial 6 finished with value: 0.775 and parameters: {'C': 6.753661388238877, 'penalty': 'l2'}. Best is trial 3 with value: 0.85.
[I 2026-04-07 02:08:08,351] Trial 7 finished with value: 0.75 and parameters: {'C': 0.39092184460352974, 'penalty': 'l2'}. Best is trial 3 with value: 0.85.
[I 2026-04-07 02:08:08,376] Trial 8 finished with value: 0.5 and parameters: {'C': 0.03047912590082646, 'penalty': 'l2'}. Best is trial 3 with value: 0.85.
[I 2026-04-07 02:08:08,402] Trial 9 finished with value: 0.425 and parameters: {'C': 0.008681727362499118, 'penalty': 'l2'}. Best is trial 3 with value: 0.85.
[I 2026-04-07 02:08:08,432] Trial 10 finished with value: 0.85 and parameters: {'C': 90.53423376703687, 'penalty': 'l2'}. Best is trial 3 with value: 0.85.
[I 2026-04-07 02:08:08,473] Trial 11 finished with value: 0.85 and parameters: {'C': 65.85626465792753, 'penalty': 'l2'}. Best is trial 3 with value: 0.85.
[I 2026-04-07 02:08:08,504] Trial 12 finished with value: 0.85 and parameters: {'C': 90.92882941338803, 'penalty': 'l2'}. Best is trial 3 with value: 0.85.
[I 2026-04-07 02:08:08,545] Trial 13 finished with value: 0.775 and parameters: {'C': 6.454369525264757, 'penalty': 'l2'}. Best is trial 3 with value: 0.85.
[I 2026-04-07 02:08:08,575] Trial 14 finished with value: 0.775 and parameters: {'C': 8.814272600940622, 'penalty': 'l2'}. Best is trial 3 with value: 0.85.
[I 2026-04-07 02:08:08,606] Trial 15 finished with value: 0.775 and parameters: {'C': 1.319509508235996, 'penalty': 'l2'}. Best is trial 3 with value: 0.85.
[I 2026-04-07 02:08:08,636] Trial 16 finished with value: 0.85 and parameters: {'C': 35.01896955105082, 'penalty': 'l2'}. Best is trial 3 with value: 0.85.
[I 2026-04-07 02:08:08,667] Trial 17 finished with value: 0.325 and parameters: {'C': 0.0021318879744765045, 'penalty': 'l2'}. Best is trial 3 with value: 0.85.
[I 2026-04-07 02:08:08,695] Trial 18 finished with value: 0.75 and parameters: {'C': 2.7921111731769734, 'penalty': 'l2'}. Best is trial 3 with value: 0.85.
[I 2026-04-07 02:08:08,734] Trial 19 finished with value: 0.8 and parameters: {'C': 20.208764626769568, 'penalty': 'l2'}. Best is trial 3 with value: 0.85.
[I 2026-04-07 02:08:08,764] Trial 20 finished with value: 0.675 and parameters: {'C': 0.1771820995658428, 'penalty': 'l2'}. Best is trial 3 with value: 0.85.
[I 2026-04-07 02:08:08,795] Trial 21 finished with value: 0.85 and parameters: {'C': 67.84497176989684, 'penalty': 'l2'}. Best is trial 3 with value: 0.85.
[I 2026-04-07 02:08:08,833] Trial 22 finished with value: 0.85 and parameters: {'C': 81.02308406195549, 'penalty': 'l2'}. Best is trial 3 with value: 0.85.
[I 2026-04-07 02:08:08,869] Trial 23 finished with value: 0.8 and parameters: {'C': 21.172435505017333, 'penalty': 'l2'}. Best is trial 3 with value: 0.85.
[I 2026-04-07 02:08:08,904] Trial 24 finished with value: 0.85 and parameters: {'C': 42.64134529928132, 'penalty': 'l2'}. Best is trial 3 with value: 0.85.
[I 2026-04-07 02:08:08,935] Trial 25 finished with value: 0.8 and parameters: {'C': 11.256067459741208, 'penalty': 'l2'}. Best is trial 3 with value: 0.85.
[I 2026-04-07 02:08:08,966] Trial 26 finished with value: 0.75 and parameters: {'C': 3.000366840413488, 'penalty': 'l2'}. Best is trial 3 with value: 0.85.
[I 2026-04-07 02:08:08,996] Trial 27 finished with value: 0.85 and parameters: {'C': 93.2948386032698, 'penalty': 'l2'}. Best is trial 3 with value: 0.85.
[I 2026-04-07 02:08:09,015] Trial 28 finished with value: 0.6 and parameters: {'C': 0.0761732938830414, 'penalty': 'l2'}. Best is trial 3 with value: 0.85.
[I 2026-04-07 02:08:09,043] Trial 29 finished with value: 0.825 and parameters: {'C': 31.82657920161197, 'penalty': 'l2'}. Best is trial 3 with value: 0.85.
[I 2026-04-07 02:08:09,880] A new study created in memory with name: knn
[I 2026-04-07 02:08:09,894] Trial 0 finished with value: 0.625 and parameters: {'n_neighbors': 4, 'leaf_size': 38, 'p': 2}. Best is trial 0 with value: 0.625.
[I 2026-04-07 02:08:09,908] Trial 1 finished with value: 0.7 and parameters: {'n_neighbors': 6, 'leaf_size': 32, 'p': 1}. Best is trial 1 with value: 0.7.
[I 2026-04-07 02:08:09,921] Trial 2 finished with value: 0.55 and parameters: {'n_neighbors': 5, 'leaf_size': 23, 'p': 2}. Best is trial 1 with value: 0.7.
[I 2026-04-07 02:08:09,936] Trial 3 finished with value: 0.7 and parameters: {'n_neighbors': 6, 'leaf_size': 23, 'p': 1}. Best is trial 1 with value: 0.7.
[I 2026-04-07 02:08:09,948] Trial 4 finished with value: 0.7 and parameters: {'n_neighbors': 6, 'leaf_size': 26, 'p': 1}. Best is trial 1 with value: 0.7.
[I 2026-04-07 02:08:09,963] Trial 5 finished with value: 0.625 and parameters: {'n_neighbors': 7, 'leaf_size': 25, 'p': 1}. Best is trial 1 with value: 0.7.
[I 2026-04-07 02:08:09,977] Trial 6 finished with value: 0.55 and parameters: {'n_neighbors': 5, 'leaf_size': 23, 'p': 2}. Best is trial 1 with value: 0.7.
[I 2026-04-07 02:08:09,991] Trial 7 finished with value: 0.7 and parameters: {'n_neighbors': 10, 'leaf_size': 23, 'p': 2}. Best is trial 1 with value: 0.7.
[I 2026-04-07 02:08:10,014] Trial 8 finished with value: 0.65 and parameters: {'n_neighbors': 8, 'leaf_size': 36, 'p': 2}. Best is trial 1 with value: 0.7.
[I 2026-04-07 02:08:10,029] Trial 9 finished with value: 0.575 and parameters: {'n_neighbors': 3, 'leaf_size': 30, 'p': 2}. Best is trial 1 with value: 0.7.
[I 2026-04-07 02:08:10,050] Trial 10 finished with value: 0.775 and parameters: {'n_neighbors': 9, 'leaf_size': 33, 'p': 1}. Best is trial 10 with value: 0.775.
[I 2026-04-07 02:08:10,077] Trial 11 finished with value: 0.775 and parameters: {'n_neighbors': 9, 'leaf_size': 32, 'p': 1}. Best is trial 10 with value: 0.775.
[I 2026-04-07 02:08:10,113] Trial 12 finished with value: 0.725 and parameters: {'n_neighbors': 10, 'leaf_size': 34, 'p': 1}. Best is trial 10 with value: 0.775.
[I 2026-04-07 02:08:10,137] Trial 13 finished with value: 0.775 and parameters: {'n_neighbors': 9, 'leaf_size': 40, 'p': 1}. Best is trial 10 with value: 0.775.
[I 2026-04-07 02:08:10,161] Trial 14 finished with value: 0.675 and parameters: {'n_neighbors': 8, 'leaf_size': 29, 'p': 1}. Best is trial 10 with value: 0.775.
[I 2026-04-07 02:08:10,187] Trial 15 finished with value: 0.775 and parameters: {'n_neighbors': 9, 'leaf_size': 33, 'p': 1}. Best is trial 10 with value: 0.775.
[I 2026-04-07 02:08:10,209] Trial 16 finished with value: 0.675 and parameters: {'n_neighbors': 8, 'leaf_size': 29, 'p': 1}. Best is trial 10 with value: 0.775.
[I 2026-04-07 02:08:10,233] Trial 17 finished with value: 0.775 and parameters: {'n_neighbors': 9, 'leaf_size': 36, 'p': 1}. Best is trial 10 with value: 0.775.
[I 2026-04-07 02:08:10,254] Trial 18 finished with value: 0.725 and parameters: {'n_neighbors': 10, 'leaf_size': 32, 'p': 1}. Best is trial 10 with value: 0.775.
[I 2026-04-07 02:08:10,280] Trial 19 finished with value: 0.625 and parameters: {'n_neighbors': 7, 'leaf_size': 27, 'p': 1}. Best is trial 10 with value: 0.775.
[I 2026-04-07 02:08:10,303] Trial 20 finished with value: 0.775 and parameters: {'n_neighbors': 9, 'leaf_size': 35, 'p': 1}. Best is trial 10 with value: 0.775.
[I 2026-04-07 02:08:10,328] Trial 21 finished with value: 0.775 and parameters: {'n_neighbors': 9, 'leaf_size': 39, 'p': 1}. Best is trial 10 with value: 0.775.
[I 2026-04-07 02:08:10,351] Trial 22 finished with value: 0.675 and parameters: {'n_neighbors': 8, 'leaf_size': 40, 'p': 1}. Best is trial 10 with value: 0.775.
[I 2026-04-07 02:08:10,374] Trial 23 finished with value: 0.725 and parameters: {'n_neighbors': 10, 'leaf_size': 37, 'p': 1}. Best is trial 10 with value: 0.775.
[I 2026-04-07 02:08:10,395] Trial 24 finished with value: 0.775 and parameters: {'n_neighbors': 9, 'leaf_size': 31, 'p': 1}. Best is trial 10 with value: 0.775.
[I 2026-04-07 02:08:10,432] Trial 25 finished with value: 0.625 and parameters: {'n_neighbors': 7, 'leaf_size': 35, 'p': 1}. Best is trial 10 with value: 0.775.
