[I 2026-04-08 14:50:57,400] Trial 15 finished with value: 0.8927688150701167 and parameters: {'n_estimators': 40, 'max_depth': 30, 'gamma': 0.8340837525508865, 'subsample': 0.6743630658697559, 'colsample_bytree': 0.7663097543268004}. Best is trial 7 with value: 0.9250065788413124.
[I 2026-04-08 14:52:07,447] Trial 16 finished with value: 0.9168688737289781 and parameters: {'n_estimators': 100, 'max_depth': 30, 'gamma': 0.3388699394658611, 'subsample': 0.6485105913834289, 'colsample_bytree': 0.8909812525781751}. Best is trial 7 with value: 0.9250065788413124.
[I 2026-04-08 14:53:15,236] Trial 17 finished with value: 0.919855884243557 and parameters: {'n_estimators': 100, 'max_depth': 30, 'gamma': 0.6250469422031631, 'subsample': 0.7387756358514367, 'colsample_bytree': 0.7647868302837872}. Best is trial 7 with value: 0.9250065788413124.
[I 2026-04-08 14:53:48,990] Trial 18 finished with value: 0.9033826382927245 and parameters: {'n_estimators': 40, 'max_depth': 30, 'gamma': 0.10007214202551606, 'subsample': 0.6227744138779785, 'colsample_bytree': 0.5115545752111084}. Best is trial 7 with value: 0.9250065788413124.
[I 2026-04-08 14:54:01,279] Trial 19 finished with value: 0.8368545409411245 and parameters: {'n_estimators': 10, 'max_depth': 5, 'gamma': 0.362430921150557, 'subsample': 0.7843404061484943, 'colsample_bytree': 0.632585819633184}. Best is trial 7 with value: 0.9250065788413124.
[I 2026-04-08 14:55:04,881] Trial 20 finished with value: 0.918505966534784 and parameters: {'n_estimators': 100, 'max_depth': 30, 'gamma': 0.8762953056707461, 'subsample': 0.8469781378249974, 'colsample_bytree': 0.7453595446683776}. Best is trial 7 with value: 0.9250065788413124.
[I 2026-04-08 14:56:17,475] Trial 21 finished with value: 0.9024459969237724 and parameters: {'n_estimators': 100, 'max_depth': 30, 'gamma': 0.6180679920916354, 'subsample': 0.7245123209650374, 'colsample_bytree': 0.781792086495795}. Best is trial 7 with value: 0.9250065788413124.
[I 2026-04-08 14:57:26,138] Trial 22 finished with value: 0.9181649856483398 and parameters: {'n_estimators': 100, 'max_depth': 30, 'gamma': 0.6868772137577408, 'subsample': 0.7522298319281439, 'colsample_bytree': 0.7293947274405126}. Best is trial 7 with value: 0.9250065788413124.
[I 2026-04-08 14:58:37,354] Trial 23 finished with value: 0.916047318092776 and parameters: {'n_estimators': 100, 'max_depth': 30, 'gamma': 0.529787239702497, 'subsample': 0.613487397632676, 'colsample_bytree': 0.8566667208660013}. Best is trial 7 with value: 0.9250065788413124.
[I 2026-04-08 14:59:46,149] Trial 24 finished with value: 0.9160619815952298 and parameters: {'n_estimators': 100, 'max_depth': 30, 'gamma': 0.8368516686159599, 'subsample': 0.7386583814256411, 'colsample_bytree': 0.7899250789305378}. Best is trial 7 with value: 0.9250065788413124.
[I 2026-04-08 15:00:56,870] Trial 25 finished with value: 0.9191694362109466 and parameters: {'n_estimators': 100, 'max_depth': 30, 'gamma': 0.4414912896477089, 'subsample': 0.6991142582979183, 'colsample_bytree': 0.758450750181765}. Best is trial 7 with value: 0.9250065788413124.
[I 2026-04-08 15:02:01,063] Trial 26 finished with value: 0.922359273332215 and parameters: {'n_estimators': 100, 'max_depth': 30, 'gamma': 0.6139991672201989, 'subsample': 0.7663006057457531, 'colsample_bytree': 0.8625771556622353}. Best is trial 7 with value: 0.9250065788413124.
[I 2026-04-08 15:03:04,058] Trial 27 finished with value: 0.9135601337014304 and parameters: {'n_estimators': 100, 'max_depth': 30, 'gamma': 0.9056263732500216, 'subsample': 0.9808213615138068, 'colsample_bytree': 0.8616043956167929}. Best is trial 7 with value: 0.9250065788413124.
[I 2026-04-08 15:03:26,228] Trial 28 finished with value: 0.8072789291876621 and parameters: {'n_estimators': 40, 'max_depth': 5, 'gamma': 0.8102323778465068, 'subsample': 0.9386322677065696, 'colsample_bytree': 0.9293627461924647}. Best is trial 7 with value: 0.9250065788413124.
[I 2026-04-08 15:03:42,531] Trial 29 finished with value: 0.8260330485944347 and parameters: {'n_estimators': 10, 'max_depth': 20, 'gamma': 0.572261755007677, 'subsample': 0.8390566598628867, 'colsample_bytree': 0.9603974740886819}. Best is trial 7 with value: 0.9250065788413124.
[I 2026-04-08 15:05:10,691] A new study created in memory with name: rf
Parámetros guardados en checkpoint_paysim_Doriginal_I/Full-data/IPC_0/best_models_Full-data_seed_0_space_original/xgb_best_params.json


>>> Optuna tuning rf metodo Full-data IPC 0 seed 0


[I 2026-04-08 15:45:45,183] Trial 0 finished with value: 0.9825611996951282 and parameters: {'n_estimators': 320, 'max_depth': 15, 'min_samples_split': 7, 'min_samples_leaf': 6}. Best is trial 0 with value: 0.9825611996951282.
[I 2026-04-08 16:18:52,690] Trial 1 finished with value: 0.9858077881764242 and parameters: {'n_estimators': 269, 'max_depth': 14, 'min_samples_split': 5, 'min_samples_leaf': 9}. Best is trial 1 with value: 0.9858077881764242.
[I 2026-04-08 17:13:52,638] Trial 2 finished with value: 0.9860344256768105 and parameters: {'n_estimators': 486, 'max_depth': 9, 'min_samples_split': 9, 'min_samples_leaf': 6}. Best is trial 2 with value: 0.9860344256768105.
[I 2026-04-08 17:54:46,548] Trial 3 finished with value: 0.9537169216129626 and parameters: {'n_estimators': 327, 'max_depth': 19, 'min_samples_split': 2, 'min_samples_leaf': 1}. Best is trial 2 with value: 0.9860344256768105.
[I 2026-04-08 18:08:23,766] Trial 4 finished with value: 0.9772452825895241 and parameters: {'n_estimators': 108, 'max_depth': 17, 'min_samples_split': 9, 'min_samples_leaf': 9}. Best is trial 2 with value: 0.9860344256768105.
[I 2026-04-08 19:09:53,139] Trial 5 finished with value: 0.9755495626503258 and parameters: {'n_estimators': 492, 'max_depth': 17, 'min_samples_split': 6, 'min_samples_leaf': 8}. Best is trial 2 with value: 0.9860344256768105.
[I 2026-04-08 19:27:52,853] Trial 6 finished with value: 0.9855555930793164 and parameters: {'n_estimators': 147, 'max_depth': 14, 'min_samples_split': 3, 'min_samples_leaf': 10}. Best is trial 2 with value: 0.9860344256768105.
[I 2026-04-08 20:03:48,728] Trial 7 finished with value: 0.9874167506719228 and parameters: {'n_estimators': 309, 'max_depth': 10, 'min_samples_split': 4, 'min_samples_leaf': 8}. Best is trial 7 with value: 0.9874167506719228.
[I 2026-04-08 20:38:22,228] Trial 8 finished with value: 0.9869000913532556 and parameters: {'n_estimators': 282, 'max_depth': 13, 'min_samples_split': 2, 'min_samples_leaf': 7}. Best is trial 7 with value: 0.9874167506719228.
[I 2026-04-08 21:20:46,706] Trial 9 finished with value: 0.9850671695072638 and parameters: {'n_estimators': 345, 'max_depth': 14, 'min_samples_split': 10, 'min_samples_leaf': 7}. Best is trial 7 with value: 0.9874167506719228.
[I 2026-04-08 21:46:45,940] Trial 10 finished with value: 0.9534151923124814 and parameters: {'n_estimators': 407, 'max_depth': 3, 'min_samples_split': 4, 'min_samples_leaf': 3}. Best is trial 7 with value: 0.9874167506719228.
[I 2026-04-08 22:12:33,407] Trial 11 finished with value: 0.9855523632954218 and parameters: {'n_estimators': 223, 'max_depth': 9, 'min_samples_split': 2, 'min_samples_leaf': 5}. Best is trial 7 with value: 0.9874167506719228.
[I 2026-04-08 22:39:16,074] Trial 12 finished with value: 0.9873292354564273 and parameters: {'n_estimators': 222, 'max_depth': 10, 'min_samples_split': 4, 'min_samples_leaf': 4}. Best is trial 7 with value: 0.9874167506719228.
[I 2026-04-08 23:03:15,075] Trial 13 finished with value: 0.9859688789574801 and parameters: {'n_estimators': 202, 'max_depth': 9, 'min_samples_split': 4, 'min_samples_leaf': 4}. Best is trial 7 with value: 0.9874167506719228.
[I 2026-04-08 23:40:08,752] Trial 14 finished with value: 0.9653099574627928 and parameters: {'n_estimators': 390, 'max_depth': 5, 'min_samples_split': 6, 'min_samples_leaf': 2}. Best is trial 7 with value: 0.9874167506719228.
[I 2026-04-09 00:09:02,615] Trial 15 finished with value: 0.9878553120575969 and parameters: {'n_estimators': 231, 'max_depth': 11, 'min_samples_split': 4, 'min_samples_leaf': 5}. Best is trial 15 with value: 0.9878553120575969.
[I 2026-04-09 00:30:58,918] Trial 16 finished with value: 0.9709536207675417 and parameters: {'n_estimators': 182, 'max_depth': 6, 'min_samples_split': 5, 'min_samples_leaf': 5}. Best is trial 15 with value: 0.9878553120575969.
[I 2026-04-09 01:29:34,329] Trial 17 finished with value: 0.9876095549356465 and parameters: {'n_estimators': 251, 'max_depth': 11, 'min_samples_split': 7, 'min_samples_leaf': 7}. Best is trial 15 with value: 0.9878553120575969.
[I 2026-04-09 02:23:37,654] Trial 18 finished with value: 0.9875529507716176 and parameters: {'n_estimators': 246, 'max_depth': 12, 'min_samples_split': 7, 'min_samples_leaf': 4}. Best is trial 15 with value: 0.9878553120575969.
[I 2026-04-09 02:54:38,116] Trial 19 finished with value: 0.9747576168399718 and parameters: {'n_estimators': 158, 'max_depth': 7, 'min_samples_split': 7, 'min_samples_leaf': 7}. Best is trial 15 with value: 0.9878553120575969.
[I 2026-04-09 03:17:44,125] Trial 20 finished with value: 0.9871707782862874 and parameters: {'n_estimators': 103, 'max_depth': 11, 'min_samples_split': 8, 'min_samples_leaf': 3}. Best is trial 15 with value: 0.9878553120575969.
[I 2026-04-09 04:14:56,994] Trial 21 finished with value: 0.9871182490868879 and parameters: {'n_estimators': 250, 'max_depth': 12, 'min_samples_split': 7, 'min_samples_leaf': 4}. Best is trial 15 with value: 0.9878553120575969.
[I 2026-04-09 05:11:54,218] Trial 22 finished with value: 0.987205536293072 and parameters: {'n_estimators': 248, 'max_depth': 12, 'min_samples_split': 8, 'min_samples_leaf': 5}. Best is trial 15 with value: 0.9878553120575969.
[I 2026-04-09 05:47:46,947] Trial 23 finished with value: 0.9753582540589469 and parameters: {'n_estimators': 184, 'max_depth': 7, 'min_samples_split': 5, 'min_samples_leaf': 3}. Best is trial 15 with value: 0.9878553120575969.
[I 2026-04-09 07:12:46,683] Trial 24 finished with value: 0.9878210441776532 and parameters: {'n_estimators': 376, 'max_depth': 11, 'min_samples_split': 6, 'min_samples_leaf': 6}. Best is trial 15 with value: 0.9878553120575969.
[I 2026-04-09 08:37:41,618] Trial 25 finished with value: 0.9791762456258665 and parameters: {'n_estimators': 373, 'max_depth': 16, 'min_samples_split': 6, 'min_samples_leaf': 6}. Best is trial 15 with value: 0.9878553120575969.
[I 2026-04-09 10:05:41,985] Trial 26 finished with value: 0.9803822808838492 and parameters: {'n_estimators': 427, 'max_depth': 8, 'min_samples_split': 3, 'min_samples_leaf': 8}. Best is trial 15 with value: 0.9878553120575969.
[I 2026-04-09 11:47:06,902] Trial 27 finished with value: 0.9877765431743335 and parameters: {'n_estimators': 453, 'max_depth': 11, 'min_samples_split': 8, 'min_samples_leaf': 7}. Best is trial 15 with value: 0.9878553120575969.
[I 2026-04-09 13:28:31,675] Trial 28 finished with value: 0.9877515696817897 and parameters: {'n_estimators': 457, 'max_depth': 10, 'min_samples_split': 8, 'min_samples_leaf': 6}. Best is trial 15 with value: 0.9878553120575969.
[I 2026-04-09 14:52:26,080] Trial 29 finished with value: 0.9869051475616357 and parameters: {'n_estimators': 429, 'max_depth': 13, 'min_samples_split': 9, 'min_samples_leaf': 6}. Best is trial 15 with value: 0.9878553120575969.
[I 2026-04-09 16:04:59,019] A new study created in memory with name: mlp
Parámetros guardados en checkpoint_paysim_Doriginal_I/Full-data/IPC_0/best_models_Full-data_seed_0_space_original/rf_best_params.json


>>> Optuna tuning mlp metodo Full-data IPC 0 seed 0


[I 2026-04-09 16:09:46,230] Trial 0 finished with value: 0.8295344676739965 and parameters: {'hidden_layer_sizes': (200,), 'max_iter': 50, 'alpha': 0.0001}. Best is trial 0 with value: 0.8295344676739965.
[I 2026-04-09 16:13:37,136] Trial 1 finished with value: 0.7876055788555997 and parameters: {'hidden_layer_sizes': (200,), 'max_iter': 50, 'alpha': 0.001}. Best is trial 0 with value: 0.8295344676739965.
[I 2026-04-09 16:17:33,289] Trial 2 finished with value: 0.7964598761764969 and parameters: {'hidden_layer_sizes': (200,), 'max_iter': 50, 'alpha': 0.001}. Best is trial 0 with value: 0.8295344676739965.
[I 2026-04-09 16:20:21,727] Trial 3 finished with value: 0.7841544656763222 and parameters: {'hidden_layer_sizes': (100,), 'max_iter': 100, 'alpha': 0.001}. Best is trial 0 with value: 0.8295344676739965.
[I 2026-04-09 16:23:38,365] Trial 4 finished with value: 0.843181181112428 and parameters: {'hidden_layer_sizes': (100,), 'max_iter': 50, 'alpha': 0.0001}. Best is trial 4 with value: 0.843181181112428.
[I 2026-04-09 16:26:27,784] Trial 5 finished with value: 0.8010518670688835 and parameters: {'hidden_layer_sizes': (100,), 'max_iter': 50, 'alpha': 0.001}. Best is trial 4 with value: 0.843181181112428.
[I 2026-04-09 16:29:16,103] Trial 6 finished with value: 0.7947656767432993 and parameters: {'hidden_layer_sizes': (100,), 'max_iter': 50, 'alpha': 0.001}. Best is trial 4 with value: 0.843181181112428.
[I 2026-04-09 16:34:08,667] Trial 7 finished with value: 0.8395288862051711 and parameters: {'hidden_layer_sizes': (200,), 'max_iter': 50, 'alpha': 0.0001}. Best is trial 4 with value: 0.843181181112428.
[I 2026-04-09 16:36:55,354] Trial 8 finished with value: 0.7784040384018658 and parameters: {'hidden_layer_sizes': (100,), 'max_iter': 50, 'alpha': 0.001}. Best is trial 4 with value: 0.843181181112428.
[I 2026-04-09 16:43:45,619] Trial 9 finished with value: 0.8540708214150833 and parameters: {'hidden_layer_sizes': (100, 100), 'max_iter': 50, 'alpha': 0.0001}. Best is trial 9 with value: 0.8540708214150833.
[I 2026-04-09 16:50:31,023] Trial 10 finished with value: 0.8519180486677833 and parameters: {'hidden_layer_sizes': (100, 100), 'max_iter': 100, 'alpha': 0.0001}. Best is trial 9 with value: 0.8540708214150833.
[I 2026-04-09 16:57:23,319] Trial 11 finished with value: 0.8589481484640205 and parameters: {'hidden_layer_sizes': (100, 100), 'max_iter': 100, 'alpha': 0.0001}. Best is trial 11 with value: 0.8589481484640205.
[I 2026-04-09 17:04:18,975] Trial 12 finished with value: 0.8470506477285108 and parameters: {'hidden_layer_sizes': (100, 100), 'max_iter': 100, 'alpha': 0.0001}. Best is trial 11 with value: 0.8589481484640205.
[I 2026-04-09 17:10:48,409] Trial 13 finished with value: 0.8542192627530383 and parameters: {'hidden_layer_sizes': (100, 100), 'max_iter': 100, 'alpha': 0.0001}. Best is trial 11 with value: 0.8589481484640205.
[I 2026-04-09 17:19:13,871] Trial 14 finished with value: 0.8474561545426326 and parameters: {'hidden_layer_sizes': (100, 100), 'max_iter': 100, 'alpha': 0.0001}. Best is trial 11 with value: 0.8589481484640205.
[I 2026-04-09 17:25:57,403] Trial 15 finished with value: 0.8554919563089909 and parameters: {'hidden_layer_sizes': (100, 100), 'max_iter': 100, 'alpha': 0.0001}. Best is trial 11 with value: 0.8589481484640205.
[I 2026-04-09 17:32:50,731] Trial 16 finished with value: 0.8479944904664676 and parameters: {'hidden_layer_sizes': (100, 100), 'max_iter': 100, 'alpha': 0.0001}. Best is trial 11 with value: 0.8589481484640205.
[I 2026-04-09 17:39:17,757] Trial 17 finished with value: 0.8550446944271712 and parameters: {'hidden_layer_sizes': (100, 100), 'max_iter': 100, 'alpha': 0.0001}. Best is trial 11 with value: 0.8589481484640205.
[I 2026-04-09 17:45:39,861] Trial 18 finished with value: 0.8460324304344571 and parameters: {'hidden_layer_sizes': (100, 100), 'max_iter': 100, 'alpha': 0.0001}. Best is trial 11 with value: 0.8589481484640205.
[I 2026-04-09 17:54:20,202] Trial 19 finished with value: 0.8551587524016195 and parameters: {'hidden_layer_sizes': (100, 100), 'max_iter': 100, 'alpha': 0.0001}. Best is trial 11 with value: 0.8589481484640205.
[I 2026-04-09 18:02:35,420] Trial 20 finished with value: 0.8395514223272237 and parameters: {'hidden_layer_sizes': (100, 100), 'max_iter': 100, 'alpha': 0.0001}. Best is trial 11 with value: 0.8589481484640205.
[I 2026-04-09 18:09:32,360] Trial 21 finished with value: 0.8504320332028115 and parameters: {'hidden_layer_sizes': (100, 100), 'max_iter': 100, 'alpha': 0.0001}. Best is trial 11 with value: 0.8589481484640205.
[I 2026-04-09 18:16:10,097] Trial 22 finished with value: 0.8499542258021393 and parameters: {'hidden_layer_sizes': (100, 100), 'max_iter': 100, 'alpha': 0.0001}. Best is trial 11 with value: 0.8589481484640205.
[I 2026-04-09 18:22:52,503] Trial 23 finished with value: 0.8638137924565331 and parameters: {'hidden_layer_sizes': (100, 100), 'max_iter': 100, 'alpha': 0.0001}. Best is trial 23 with value: 0.8638137924565331.
[I 2026-04-09 18:29:18,541] Trial 24 finished with value: 0.8531670337336387 and parameters: {'hidden_layer_sizes': (100, 100), 'max_iter': 100, 'alpha': 0.0001}. Best is trial 23 with value: 0.8638137924565331.
[I 2026-04-09 18:35:39,085] Trial 25 finished with value: 0.8354242670842762 and parameters: {'hidden_layer_sizes': (100, 100), 'max_iter': 100, 'alpha': 0.0001}. Best is trial 23 with value: 0.8638137924565331.
[I 2026-04-09 18:42:05,372] Trial 26 finished with value: 0.8477029947054435 and parameters: {'hidden_layer_sizes': (100, 100), 'max_iter': 100, 'alpha': 0.0001}. Best is trial 23 with value: 0.8638137924565331.
[I 2026-04-09 18:48:07,800] Trial 27 finished with value: 0.8556183300640624 and parameters: {'hidden_layer_sizes': (100, 100), 'max_iter': 100, 'alpha': 0.0001}. Best is trial 23 with value: 0.8638137924565331.
[I 2026-04-09 18:52:28,630] Trial 28 finished with value: 0.8316918578656936 and parameters: {'hidden_layer_sizes': (200,), 'max_iter': 100, 'alpha': 0.0001}. Best is trial 23 with value: 0.8638137924565331.
[I 2026-04-09 18:59:36,561] Trial 29 finished with value: 0.8423166588304983 and parameters: {'hidden_layer_sizes': (100, 100), 'max_iter': 100, 'alpha': 0.0001}. Best is trial 23 with value: 0.8638137924565331.
[I 2026-04-09 19:13:59,235] A new study created in memory with name: naive_bayes
Parámetros guardados en checkpoint_paysim_Doriginal_I/Full-data/IPC_0/best_models_Full-data_seed_0_space_original/mlp_best_params.json



----------------FINALIZO-------------





>>> Optuna tuning naive_bayes metodo random IPC 10 seed 5


[I 2026-04-09 19:13:59,551] Trial 0 finished with value: 0.8 and parameters: {'var_smoothing': 2.7796258518939306e-10}. Best is trial 0 with value: 0.8.
[I 2026-04-09 19:14:01,997] Trial 1 finished with value: 0.8 and parameters: {'var_smoothing': 5.513972710118387e-09}. Best is trial 0 with value: 0.8.
[I 2026-04-09 19:14:04,505] Trial 2 finished with value: 0.8 and parameters: {'var_smoothing': 2.590826381512706e-10}. Best is trial 0 with value: 0.8.
[I 2026-04-09 19:14:06,878] Trial 3 finished with value: 0.8 and parameters: {'var_smoothing': 6.874194498027403e-09}. Best is trial 0 with value: 0.8.
[I 2026-04-09 19:14:09,316] Trial 4 finished with value: 0.8 and parameters: {'var_smoothing': 9.480306482679771e-10}. Best is trial 0 with value: 0.8.
[I 2026-04-09 19:14:11,939] Trial 5 finished with value: 0.8 and parameters: {'var_smoothing': 1.6729683536668864e-09}. Best is trial 0 with value: 0.8.
[I 2026-04-09 19:14:14,422] Trial 6 finished with value: 0.8 and parameters: {'var_smoothing': 3.402637726935598e-09}. Best is trial 0 with value: 0.8.
[I 2026-04-09 19:14:16,852] Trial 7 finished with value: 0.8 and parameters: {'var_smoothing': 1.0885189040847657e-09}. Best is trial 0 with value: 0.8.
[I 2026-04-09 19:14:19,319] Trial 8 finished with value: 0.8 and parameters: {'var_smoothing': 3.922843686541149e-10}. Best is trial 0 with value: 0.8.
[I 2026-04-09 19:14:21,836] Trial 9 finished with value: 0.8 and parameters: {'var_smoothing': 2.3737908819373785e-10}. Best is trial 0 with value: 0.8.
[I 2026-04-09 19:14:24,286] Trial 10 finished with value: 0.8 and parameters: {'var_smoothing': 1.005826617097841e-10}. Best is trial 0 with value: 0.8.
[I 2026-04-09 19:14:26,613] Trial 11 finished with value: 0.8 and parameters: {'var_smoothing': 8.246040091550826e-09}. Best is trial 0 with value: 0.8.
[I 2026-04-09 19:14:29,079] Trial 12 finished with value: 0.8 and parameters: {'var_smoothing': 5.714429769091136e-10}. Best is trial 0 with value: 0.8.
[I 2026-04-09 19:14:31,489] Trial 13 finished with value: 0.8 and parameters: {'var_smoothing': 3.0046394488828834e-09}. Best is trial 0 with value: 0.8.
[I 2026-04-09 19:14:31,505] Trial 14 finished with value: 0.8 and parameters: {'var_smoothing': 1.0161521526134228e-10}. Best is trial 0 with value: 0.8.
[I 2026-04-09 19:14:31,522] Trial 15 finished with value: 0.8 and parameters: {'var_smoothing': 3.455011319435438e-09}. Best is trial 0 with value: 0.8.
[I 2026-04-09 19:14:31,545] Trial 16 finished with value: 0.8 and parameters: {'var_smoothing': 2.2038800241203009e-10}. Best is trial 0 with value: 0.8.
[I 2026-04-09 19:14:31,564] Trial 17 finished with value: 0.8 and parameters: {'var_smoothing': 1.8515987176145925e-09}. Best is trial 0 with value: 0.8.
[I 2026-04-09 19:14:31,581] Trial 18 finished with value: 0.8 and parameters: {'var_smoothing': 5.024285700153026e-10}. Best is trial 0 with value: 0.8.
[I 2026-04-09 19:14:31,597] Trial 19 finished with value: 0.8 and parameters: {'var_smoothing': 4.958025424412893e-09}. Best is trial 0 with value: 0.8.
[I 2026-04-09 19:14:31,632] Trial 20 finished with value: 0.8 and parameters: {'var_smoothing': 8.344000526157384e-10}. Best is trial 0 with value: 0.8.
[I 2026-04-09 19:14:31,657] Trial 21 finished with value: 0.8 and parameters: {'var_smoothing': 2.46080689865309e-10}. Best is trial 0 with value: 0.8.
[I 2026-04-09 19:14:31,672] Trial 22 finished with value: 0.8 and parameters: {'var_smoothing': 1.4445108350594728e-10}. Best is trial 0 with value: 0.8.
[I 2026-04-09 19:14:31,697] Trial 23 finished with value: 0.8 and parameters: {'var_smoothing': 3.3715577896606737e-10}. Best is trial 0 with value: 0.8.
