[I 2026-04-07 03:32:17,340] Trial 5 finished with value: 0.7833333333333332 and parameters: {'hidden_layer_sizes': (100,), 'max_iter': 100, 'alpha': 0.001}. Best is trial 5 with value: 0.7833333333333332.
[I 2026-04-07 03:32:17,396] Trial 6 finished with value: 0.7833333333333334 and parameters: {'hidden_layer_sizes': (200,), 'max_iter': 100, 'alpha': 0.001}. Best is trial 6 with value: 0.7833333333333334.
[I 2026-04-07 03:32:17,453] Trial 7 finished with value: 0.7666666666666666 and parameters: {'hidden_layer_sizes': (200,), 'max_iter': 100, 'alpha': 0.001}. Best is trial 6 with value: 0.7833333333333334.
[I 2026-04-07 03:32:17,499] Trial 8 finished with value: 0.8 and parameters: {'hidden_layer_sizes': (100,), 'max_iter': 100, 'alpha': 0.001}. Best is trial 8 with value: 0.8.
[I 2026-04-07 03:32:17,544] Trial 9 finished with value: 0.75 and parameters: {'hidden_layer_sizes': (100,), 'max_iter': 50, 'alpha': 0.001}. Best is trial 8 with value: 0.8.
[I 2026-04-07 03:32:17,603] Trial 10 finished with value: 0.75 and parameters: {'hidden_layer_sizes': (100, 100), 'max_iter': 50, 'alpha': 0.0001}. Best is trial 8 with value: 0.8.
[I 2026-04-07 03:32:17,682] Trial 11 finished with value: 0.7666666666666666 and parameters: {'hidden_layer_sizes': (100, 100), 'max_iter': 100, 'alpha': 0.001}. Best is trial 8 with value: 0.8.
[I 2026-04-07 03:32:17,740] Trial 12 finished with value: 0.7666666666666666 and parameters: {'hidden_layer_sizes': (200,), 'max_iter': 100, 'alpha': 0.001}. Best is trial 8 with value: 0.8.
[I 2026-04-07 03:32:17,818] Trial 13 finished with value: 0.75 and parameters: {'hidden_layer_sizes': (200,), 'max_iter': 100, 'alpha': 0.001}. Best is trial 8 with value: 0.8.
[I 2026-04-07 03:32:17,907] Trial 14 finished with value: 0.8 and parameters: {'hidden_layer_sizes': (100, 100), 'max_iter': 100, 'alpha': 0.0001}. Best is trial 8 with value: 0.8.
[I 2026-04-07 03:32:17,992] Trial 15 finished with value: 0.8 and parameters: {'hidden_layer_sizes': (100, 100), 'max_iter': 100, 'alpha': 0.0001}. Best is trial 8 with value: 0.8.
[I 2026-04-07 03:32:18,067] Trial 16 finished with value: 0.8 and parameters: {'hidden_layer_sizes': (100, 100), 'max_iter': 100, 'alpha': 0.0001}. Best is trial 8 with value: 0.8.
[I 2026-04-07 03:32:18,142] Trial 17 finished with value: 0.7833333333333332 and parameters: {'hidden_layer_sizes': (100, 100), 'max_iter': 100, 'alpha': 0.0001}. Best is trial 8 with value: 0.8.
[I 2026-04-07 03:32:18,191] Trial 18 finished with value: 0.7333333333333334 and parameters: {'hidden_layer_sizes': (100, 100), 'max_iter': 50, 'alpha': 0.0001}. Best is trial 8 with value: 0.8.
[I 2026-04-07 03:32:18,251] Trial 19 finished with value: 0.75 and parameters: {'hidden_layer_sizes': (100,), 'max_iter': 100, 'alpha': 0.0001}. Best is trial 8 with value: 0.8.
[I 2026-04-07 03:32:18,340] Trial 20 finished with value: 0.8 and parameters: {'hidden_layer_sizes': (100, 100), 'max_iter': 100, 'alpha': 0.0001}. Best is trial 8 with value: 0.8.
[I 2026-04-07 03:32:18,408] Trial 21 finished with value: 0.7499999999999999 and parameters: {'hidden_layer_sizes': (100, 100), 'max_iter': 100, 'alpha': 0.0001}. Best is trial 8 with value: 0.8.
[I 2026-04-07 03:32:18,507] Trial 22 finished with value: 0.7833333333333334 and parameters: {'hidden_layer_sizes': (100, 100), 'max_iter': 100, 'alpha': 0.0001}. Best is trial 8 with value: 0.8.
[I 2026-04-07 03:32:18,576] Trial 23 finished with value: 0.8 and parameters: {'hidden_layer_sizes': (100, 100), 'max_iter': 100, 'alpha': 0.0001}. Best is trial 8 with value: 0.8.
[I 2026-04-07 03:32:18,641] Trial 24 finished with value: 0.8166666666666667 and parameters: {'hidden_layer_sizes': (100, 100), 'max_iter': 100, 'alpha': 0.0001}. Best is trial 24 with value: 0.8166666666666667.
[I 2026-04-07 03:32:18,685] Trial 25 finished with value: 0.7666666666666666 and parameters: {'hidden_layer_sizes': (100,), 'max_iter': 100, 'alpha': 0.0001}. Best is trial 24 with value: 0.8166666666666667.
[I 2026-04-07 03:32:18,739] Trial 26 finished with value: 0.7833333333333334 and parameters: {'hidden_layer_sizes': (100, 100), 'max_iter': 50, 'alpha': 0.0001}. Best is trial 24 with value: 0.8166666666666667.
[I 2026-04-07 03:32:18,794] Trial 27 finished with value: 0.75 and parameters: {'hidden_layer_sizes': (100,), 'max_iter': 100, 'alpha': 0.0001}. Best is trial 24 with value: 0.8166666666666667.
[I 2026-04-07 03:32:18,873] Trial 28 finished with value: 0.75 and parameters: {'hidden_layer_sizes': (100, 100), 'max_iter': 100, 'alpha': 0.001}. Best is trial 24 with value: 0.8166666666666667.
[I 2026-04-07 03:32:18,911] Trial 29 finished with value: 0.7833333333333334 and parameters: {'hidden_layer_sizes': (100,), 'max_iter': 50, 'alpha': 0.001}. Best is trial 24 with value: 0.8166666666666667.
[I 2026-04-07 03:46:31,876] A new study created in memory with name: naive_bayes
Parámetros guardados en checkpoint_paysim_Doriginal_I_sin_full/ag/IPC_20/best_models_ag_seed_9_space_original/naive_bayes_best_params.json


>>> Optuna tuning logreg metodo ag IPC 20 seed 9


Parámetros guardados en checkpoint_paysim_Doriginal_I_sin_full/ag/IPC_20/best_models_ag_seed_9_space_original/logreg_best_params.json


>>> Optuna tuning knn metodo ag IPC 20 seed 9


Parámetros guardados en checkpoint_paysim_Doriginal_I_sin_full/ag/IPC_20/best_models_ag_seed_9_space_original/knn_best_params.json


>>> Optuna tuning xgb metodo ag IPC 20 seed 9


Parámetros guardados en checkpoint_paysim_Doriginal_I_sin_full/ag/IPC_20/best_models_ag_seed_9_space_original/xgb_best_params.json


>>> Optuna tuning rf metodo ag IPC 20 seed 9


Parámetros guardados en checkpoint_paysim_Doriginal_I_sin_full/ag/IPC_20/best_models_ag_seed_9_space_original/rf_best_params.json


>>> Optuna tuning mlp metodo ag IPC 20 seed 9


Parámetros guardados en checkpoint_paysim_Doriginal_I_sin_full/ag/IPC_20/best_models_ag_seed_9_space_original/mlp_best_params.json


>>> Optuna tuning naive_bayes metodo k_center IPC 20 seed 9


Parámetros guardados en checkpoint_paysim_Doriginal_I_sin_full/k_center/IPC_20/best_models_k_center_seed_9_space_original/naive_bayes_best_params.json


>>> Optuna tuning logreg metodo k_center IPC 20 seed 9


Parámetros guardados en checkpoint_paysim_Doriginal_I_sin_full/k_center/IPC_20/best_models_k_center_seed_9_space_original/logreg_best_params.json


>>> Optuna tuning knn metodo k_center IPC 20 seed 9


Parámetros guardados en checkpoint_paysim_Doriginal_I_sin_full/k_center/IPC_20/best_models_k_center_seed_9_space_original/knn_best_params.json


>>> Optuna tuning xgb metodo k_center IPC 20 seed 9


Parámetros guardados en checkpoint_paysim_Doriginal_I_sin_full/k_center/IPC_20/best_models_k_center_seed_9_space_original/xgb_best_params.json


>>> Optuna tuning rf metodo k_center IPC 20 seed 9


Parámetros guardados en checkpoint_paysim_Doriginal_I_sin_full/k_center/IPC_20/best_models_k_center_seed_9_space_original/rf_best_params.json


>>> Optuna tuning mlp metodo k_center IPC 20 seed 9


Parámetros guardados en checkpoint_paysim_Doriginal_I_sin_full/k_center/IPC_20/best_models_k_center_seed_9_space_original/mlp_best_params.json


>>> Optuna tuning naive_bayes metodo lc IPC 20 seed 9


Parámetros guardados en checkpoint_paysim_Doriginal_I_sin_full/lc/IPC_20/best_models_lc_seed_9_space_original/naive_bayes_best_params.json


>>> Optuna tuning logreg metodo lc IPC 20 seed 9


Parámetros guardados en checkpoint_paysim_Doriginal_I_sin_full/lc/IPC_20/best_models_lc_seed_9_space_original/logreg_best_params.json


>>> Optuna tuning knn metodo lc IPC 20 seed 9


Parámetros guardados en checkpoint_paysim_Doriginal_I_sin_full/lc/IPC_20/best_models_lc_seed_9_space_original/knn_best_params.json


>>> Optuna tuning xgb metodo lc IPC 20 seed 9


Parámetros guardados en checkpoint_paysim_Doriginal_I_sin_full/lc/IPC_20/best_models_lc_seed_9_space_original/xgb_best_params.json


>>> Optuna tuning rf metodo lc IPC 20 seed 9


Parámetros guardados en checkpoint_paysim_Doriginal_I_sin_full/lc/IPC_20/best_models_lc_seed_9_space_original/rf_best_params.json


>>> Optuna tuning mlp metodo lc IPC 20 seed 9


Parámetros guardados en checkpoint_paysim_Doriginal_I_sin_full/lc/IPC_20/best_models_lc_seed_9_space_original/mlp_best_params.json


>>> Optuna tuning naive_bayes metodo random IPC 30 seed 5


Parámetros guardados en checkpoint_paysim_Doriginal_I_sin_full/random/IPC_30/best_models_random_seed_5_space_original/naive_bayes_best_params.json


>>> Optuna tuning logreg metodo random IPC 30 seed 5


Parámetros guardados en checkpoint_paysim_Doriginal_I_sin_full/random/IPC_30/best_models_random_seed_5_space_original/logreg_best_params.json


>>> Optuna tuning knn metodo random IPC 30 seed 5


Parámetros guardados en checkpoint_paysim_Doriginal_I_sin_full/random/IPC_30/best_models_random_seed_5_space_original/knn_best_params.json


>>> Optuna tuning xgb metodo random IPC 30 seed 5


Parámetros guardados en checkpoint_paysim_Doriginal_I_sin_full/random/IPC_30/best_models_random_seed_5_space_original/xgb_best_params.json


>>> Optuna tuning rf metodo random IPC 30 seed 5


Parámetros guardados en checkpoint_paysim_Doriginal_I_sin_full/random/IPC_30/best_models_random_seed_5_space_original/rf_best_params.json


>>> Optuna tuning mlp metodo random IPC 30 seed 5


Parámetros guardados en checkpoint_paysim_Doriginal_I_sin_full/random/IPC_30/best_models_random_seed_5_space_original/mlp_best_params.json


>>> Optuna tuning naive_bayes metodo k-means IPC 30 seed 5


Parámetros guardados en checkpoint_paysim_Doriginal_I_sin_full/k-means/IPC_30/best_models_k-means_seed_5_space_original/naive_bayes_best_params.json


>>> Optuna tuning logreg metodo k-means IPC 30 seed 5


Parámetros guardados en checkpoint_paysim_Doriginal_I_sin_full/k-means/IPC_30/best_models_k-means_seed_5_space_original/logreg_best_params.json


>>> Optuna tuning knn metodo k-means IPC 30 seed 5


Parámetros guardados en checkpoint_paysim_Doriginal_I_sin_full/k-means/IPC_30/best_models_k-means_seed_5_space_original/knn_best_params.json


>>> Optuna tuning xgb metodo k-means IPC 30 seed 5


Parámetros guardados en checkpoint_paysim_Doriginal_I_sin_full/k-means/IPC_30/best_models_k-means_seed_5_space_original/xgb_best_params.json


>>> Optuna tuning rf metodo k-means IPC 30 seed 5


Parámetros guardados en checkpoint_paysim_Doriginal_I_sin_full/k-means/IPC_30/best_models_k-means_seed_5_space_original/rf_best_params.json


>>> Optuna tuning mlp metodo k-means IPC 30 seed 5


Parámetros guardados en checkpoint_paysim_Doriginal_I_sin_full/k-means/IPC_30/best_models_k-means_seed_5_space_original/mlp_best_params.json


>>> Optuna tuning naive_bayes metodo ag IPC 30 seed 5


[I 2026-04-07 03:46:34,265] Trial 0 finished with value: 0.8166666666666667 and parameters: {'var_smoothing': 2.7796258518939306e-10}. Best is trial 0 with value: 0.8166666666666667.
[I 2026-04-07 03:46:36,467] Trial 1 finished with value: 0.8166666666666667 and parameters: {'var_smoothing': 5.513972710118387e-09}. Best is trial 0 with value: 0.8166666666666667.
[I 2026-04-07 03:46:38,715] Trial 2 finished with value: 0.8166666666666667 and parameters: {'var_smoothing': 2.590826381512706e-10}. Best is trial 0 with value: 0.8166666666666667.
[I 2026-04-07 03:46:40,960] Trial 3 finished with value: 0.8166666666666667 and parameters: {'var_smoothing': 6.874194498027403e-09}. Best is trial 0 with value: 0.8166666666666667.
[I 2026-04-07 03:46:43,268] Trial 4 finished with value: 0.8166666666666667 and parameters: {'var_smoothing': 9.480306482679771e-10}. Best is trial 0 with value: 0.8166666666666667.
[I 2026-04-07 03:46:45,534] Trial 5 finished with value: 0.8166666666666667 and parameters: {'var_smoothing': 1.6729683536668864e-09}. Best is trial 0 with value: 0.8166666666666667.
[I 2026-04-07 03:46:47,876] Trial 6 finished with value: 0.8166666666666667 and parameters: {'var_smoothing': 3.402637726935598e-09}. Best is trial 0 with value: 0.8166666666666667.
[I 2026-04-07 03:46:50,171] Trial 7 finished with value: 0.8166666666666667 and parameters: {'var_smoothing': 1.0885189040847657e-09}. Best is trial 0 with value: 0.8166666666666667.
[I 2026-04-07 03:46:52,432] Trial 8 finished with value: 0.8166666666666667 and parameters: {'var_smoothing': 3.922843686541149e-10}. Best is trial 0 with value: 0.8166666666666667.
[I 2026-04-07 03:46:54,798] Trial 9 finished with value: 0.8166666666666667 and parameters: {'var_smoothing': 2.3737908819373785e-10}. Best is trial 0 with value: 0.8166666666666667.
[I 2026-04-07 03:46:57,108] Trial 10 finished with value: 0.8166666666666667 and parameters: {'var_smoothing': 1.005826617097841e-10}. Best is trial 0 with value: 0.8166666666666667.
[I 2026-04-07 03:46:59,448] Trial 11 finished with value: 0.8166666666666667 and parameters: {'var_smoothing': 8.246040091550826e-09}. Best is trial 0 with value: 0.8166666666666667.
[I 2026-04-07 03:47:01,746] Trial 12 finished with value: 0.8166666666666667 and parameters: {'var_smoothing': 5.714429769091136e-10}. Best is trial 0 with value: 0.8166666666666667.
[I 2026-04-07 03:47:01,765] Trial 13 finished with value: 0.8166666666666667 and parameters: {'var_smoothing': 3.0046394488828834e-09}. Best is trial 0 with value: 0.8166666666666667.
[I 2026-04-07 03:47:01,787] Trial 14 finished with value: 0.8166666666666667 and parameters: {'var_smoothing': 1.0161521526134228e-10}. Best is trial 0 with value: 0.8166666666666667.
[I 2026-04-07 03:47:01,805] Trial 15 finished with value: 0.8166666666666667 and parameters: {'var_smoothing': 3.455011319435438e-09}. Best is trial 0 with value: 0.8166666666666667.
[I 2026-04-07 03:47:01,822] Trial 16 finished with value: 0.8166666666666667 and parameters: {'var_smoothing': 2.2038800241203009e-10}. Best is trial 0 with value: 0.8166666666666667.
[I 2026-04-07 03:47:01,842] Trial 17 finished with value: 0.8166666666666667 and parameters: {'var_smoothing': 1.8515987176145925e-09}. Best is trial 0 with value: 0.8166666666666667.
[I 2026-04-07 03:47:01,873] Trial 18 finished with value: 0.8166666666666667 and parameters: {'var_smoothing': 5.024285700153026e-10}. Best is trial 0 with value: 0.8166666666666667.
[I 2026-04-07 03:47:01,893] Trial 19 finished with value: 0.8166666666666667 and parameters: {'var_smoothing': 4.958025424412893e-09}. Best is trial 0 with value: 0.8166666666666667.
[I 2026-04-07 03:47:01,913] Trial 20 finished with value: 0.8166666666666667 and parameters: {'var_smoothing': 8.344000526157384e-10}. Best is trial 0 with value: 0.8166666666666667.
[I 2026-04-07 03:47:01,932] Trial 21 finished with value: 0.8166666666666667 and parameters: {'var_smoothing': 2.46080689865309e-10}. Best is trial 0 with value: 0.8166666666666667.
[I 2026-04-07 03:47:01,962] Trial 22 finished with value: 0.8166666666666667 and parameters: {'var_smoothing': 1.4445108350594728e-10}. Best is trial 0 with value: 0.8166666666666667.
[I 2026-04-07 03:47:01,981] Trial 23 finished with value: 0.8166666666666667 and parameters: {'var_smoothing': 3.3715577896606737e-10}. Best is trial 0 with value: 0.8166666666666667.
[I 2026-04-07 03:47:02,010] Trial 24 finished with value: 0.8166666666666667 and parameters: {'var_smoothing': 1.572466431855027e-10}. Best is trial 0 with value: 0.8166666666666667.
[I 2026-04-07 03:47:02,030] Trial 25 finished with value: 0.8166666666666667 and parameters: {'var_smoothing': 7.281746293576245e-10}. Best is trial 0 with value: 0.8166666666666667.
[I 2026-04-07 03:47:02,048] Trial 26 finished with value: 0.8166666666666667 and parameters: {'var_smoothing': 3.386254640873244e-10}. Best is trial 0 with value: 0.8166666666666667.
[I 2026-04-07 03:47:02,064] Trial 27 finished with value: 0.8166666666666667 and parameters: {'var_smoothing': 1.3918180959975328e-09}. Best is trial 0 with value: 0.8166666666666667.
[I 2026-04-07 03:47:02,084] Trial 28 finished with value: 0.8166666666666667 and parameters: {'var_smoothing': 2.3715836084533434e-09}. Best is trial 0 with value: 0.8166666666666667.
[I 2026-04-07 03:47:02,104] Trial 29 finished with value: 0.8166666666666667 and parameters: {'var_smoothing': 9.477075781575649e-09}. Best is trial 0 with value: 0.8166666666666667.
[I 2026-04-07 03:47:03,224] A new study created in memory with name: logreg
[I 2026-04-07 03:47:03,279] Trial 0 finished with value: 0.6166666666666666 and parameters: {'C': 0.012881482725481003, 'penalty': 'l2'}. Best is trial 0 with value: 0.6166666666666666.
[I 2026-04-07 03:47:03,346] Trial 1 finished with value: 0.85 and parameters: {'C': 22.576755560681583, 'penalty': 'l2'}. Best is trial 1 with value: 0.85.
[I 2026-04-07 03:47:03,392] Trial 2 finished with value: 0.5833333333333334 and parameters: {'C': 0.010804278656839932, 'penalty': 'l2'}. Best is trial 1 with value: 0.85.
[I 2026-04-07 03:47:03,457] Trial 3 finished with value: 0.8666666666666666 and parameters: {'C': 39.17910760336117, 'penalty': 'l2'}. Best is trial 3 with value: 0.8666666666666666.
[I 2026-04-07 03:47:03,503] Trial 4 finished with value: 0.8 and parameters: {'C': 0.2767298094062571, 'penalty': 'l2'}. Best is trial 3 with value: 0.8666666666666666.
[I 2026-04-07 03:47:03,550] Trial 5 finished with value: 0.85 and parameters: {'C': 1.1447728330837224, 'penalty': 'l2'}. Best is trial 3 with value: 0.8666666666666666.
[I 2026-04-07 03:47:03,614] Trial 6 finished with value: 0.8166666666666668 and parameters: {'C': 6.753661388238877, 'penalty': 'l2'}. Best is trial 3 with value: 0.8666666666666666.
[I 2026-04-07 03:47:03,669] Trial 7 finished with value: 0.8166666666666668 and parameters: {'C': 0.39092184460352974, 'penalty': 'l2'}. Best is trial 3 with value: 0.8666666666666666.
[I 2026-04-07 03:47:03,725] Trial 8 finished with value: 0.6833333333333333 and parameters: {'C': 0.03047912590082646, 'penalty': 'l2'}. Best is trial 3 with value: 0.8666666666666666.
[I 2026-04-07 03:47:03,780] Trial 9 finished with value: 0.5999999999999999 and parameters: {'C': 0.008681727362499118, 'penalty': 'l2'}. Best is trial 3 with value: 0.8666666666666666.
[I 2026-04-07 03:47:03,841] Trial 10 finished with value: 0.8666666666666666 and parameters: {'C': 90.53423376703687, 'penalty': 'l2'}. Best is trial 3 with value: 0.8666666666666666.
[I 2026-04-07 03:47:03,902] Trial 11 finished with value: 0.8666666666666666 and parameters: {'C': 65.85626465792753, 'penalty': 'l2'}. Best is trial 3 with value: 0.8666666666666666.
[I 2026-04-07 03:47:03,942] Trial 12 finished with value: 0.8666666666666666 and parameters: {'C': 90.92882941338803, 'penalty': 'l2'}. Best is trial 3 with value: 0.8666666666666666.
[I 2026-04-07 03:47:03,983] Trial 13 finished with value: 0.8166666666666668 and parameters: {'C': 6.454369525264757, 'penalty': 'l2'}. Best is trial 3 with value: 0.8666666666666666.
[I 2026-04-07 03:47:04,008] Trial 14 finished with value: 0.8333333333333334 and parameters: {'C': 8.814272600940622, 'penalty': 'l2'}. Best is trial 3 with value: 0.8666666666666666.
[I 2026-04-07 03:47:04,034] Trial 15 finished with value: 0.8333333333333334 and parameters: {'C': 1.319509508235996, 'penalty': 'l2'}. Best is trial 3 with value: 0.8666666666666666.
[I 2026-04-07 03:47:04,069] Trial 16 finished with value: 0.8666666666666666 and parameters: {'C': 35.01896955105082, 'penalty': 'l2'}. Best is trial 3 with value: 0.8666666666666666.
[I 2026-04-07 03:47:04,094] Trial 17 finished with value: 0.5 and parameters: {'C': 0.0021318879744765045, 'penalty': 'l2'}. Best is trial 3 with value: 0.8666666666666666.
[I 2026-04-07 03:47:04,119] Trial 18 finished with value: 0.8333333333333334 and parameters: {'C': 2.7921111731769734, 'penalty': 'l2'}. Best is trial 3 with value: 0.8666666666666666.
[I 2026-04-07 03:47:04,166] Trial 19 finished with value: 0.85 and parameters: {'C': 20.208764626769568, 'penalty': 'l2'}. Best is trial 3 with value: 0.8666666666666666.
[I 2026-04-07 03:47:04,206] Trial 20 finished with value: 0.8 and parameters: {'C': 0.1771820995658428, 'penalty': 'l2'}. Best is trial 3 with value: 0.8666666666666666.
[I 2026-04-07 03:47:04,246] Trial 21 finished with value: 0.8666666666666666 and parameters: {'C': 67.84497176989684, 'penalty': 'l2'}. Best is trial 3 with value: 0.8666666666666666.
[I 2026-04-07 03:47:04,288] Trial 22 finished with value: 0.8666666666666666 and parameters: {'C': 81.02308406195549, 'penalty': 'l2'}. Best is trial 3 with value: 0.8666666666666666.
[I 2026-04-07 03:47:04,326] Trial 23 finished with value: 0.85 and parameters: {'C': 21.172435505017333, 'penalty': 'l2'}. Best is trial 3 with value: 0.8666666666666666.
[I 2026-04-07 03:47:04,356] Trial 24 finished with value: 0.8666666666666666 and parameters: {'C': 42.64134529928132, 'penalty': 'l2'}. Best is trial 3 with value: 0.8666666666666666.
[I 2026-04-07 03:47:04,397] Trial 25 finished with value: 0.85 and parameters: {'C': 11.256067459741208, 'penalty': 'l2'}. Best is trial 3 with value: 0.8666666666666666.
[I 2026-04-07 03:47:04,426] Trial 26 finished with value: 0.8333333333333334 and parameters: {'C': 3.000366840413488, 'penalty': 'l2'}. Best is trial 3 with value: 0.8666666666666666.
[I 2026-04-07 03:47:04,455] Trial 27 finished with value: 0.8666666666666666 and parameters: {'C': 93.2948386032698, 'penalty': 'l2'}. Best is trial 3 with value: 0.8666666666666666.
[I 2026-04-07 03:47:04,487] Trial 28 finished with value: 0.7833333333333334 and parameters: {'C': 0.0761732938830414, 'penalty': 'l2'}. Best is trial 3 with value: 0.8666666666666666.
[I 2026-04-07 03:47:04,528] Trial 29 finished with value: 0.85 and parameters: {'C': 31.82657920161197, 'penalty': 'l2'}. Best is trial 3 with value: 0.8666666666666666.
[I 2026-04-07 03:47:05,453] A new study created in memory with name: knn
[I 2026-04-07 03:47:05,488] Trial 0 finished with value: 0.7333333333333333 and parameters: {'n_neighbors': 4, 'leaf_size': 38, 'p': 2}. Best is trial 0 with value: 0.7333333333333333.
