[I 2026-04-07 02:07:24,746] Trial 2 finished with value: 0.95 and parameters: {'n_estimators': 40, 'max_depth': 20, 'gamma': 0.9464719685739904, 'subsample': 0.9018698850061588, 'colsample_bytree': 0.9916796241121663}. Best is trial 0 with value: 1.0.
[I 2026-04-07 02:07:24,783] Trial 3 finished with value: 0.95 and parameters: {'n_estimators': 100, 'max_depth': 30, 'gamma': 0.26698751824101463, 'subsample': 0.6215578376567042, 'colsample_bytree': 0.9367004215505623}. Best is trial 0 with value: 1.0.
[I 2026-04-07 02:07:24,810] Trial 4 finished with value: 0.95 and parameters: {'n_estimators': 10, 'max_depth': 20, 'gamma': 0.5301766121845122, 'subsample': 0.7177777323831729, 'colsample_bytree': 0.9352041482132656}. Best is trial 0 with value: 1.0.
[I 2026-04-07 02:07:24,847] Trial 5 finished with value: 0.95 and parameters: {'n_estimators': 100, 'max_depth': 5, 'gamma': 0.6742485862456464, 'subsample': 0.7308488312353485, 'colsample_bytree': 0.5265297122426965}. Best is trial 0 with value: 1.0.
[I 2026-04-07 02:07:24,875] Trial 6 finished with value: 0.95 and parameters: {'n_estimators': 100, 'max_depth': 30, 'gamma': 0.5360486096375219, 'subsample': 0.8488681925618888, 'colsample_bytree': 0.900578215847843}. Best is trial 0 with value: 1.0.
[I 2026-04-07 02:07:24,902] Trial 7 finished with value: 1.0 and parameters: {'n_estimators': 40, 'max_depth': 5, 'gamma': 0.4997010655396419, 'subsample': 0.7490698051808964, 'colsample_bytree': 0.7071731623998108}. Best is trial 0 with value: 1.0.
[I 2026-04-07 02:07:24,929] Trial 8 finished with value: 0.95 and parameters: {'n_estimators': 100, 'max_depth': 5, 'gamma': 0.5449029446194361, 'subsample': 0.7150234071055932, 'colsample_bytree': 0.8673829085180849}. Best is trial 0 with value: 1.0.
[I 2026-04-07 02:07:24,956] Trial 9 finished with value: 0.95 and parameters: {'n_estimators': 100, 'max_depth': 30, 'gamma': 0.5427360453562716, 'subsample': 0.5915763668266103, 'colsample_bytree': 0.5546552575823498}. Best is trial 0 with value: 1.0.
[I 2026-04-07 02:07:25,004] Trial 10 finished with value: 1.0 and parameters: {'n_estimators': 40, 'max_depth': 30, 'gamma': 0.14684638844211245, 'subsample': 0.5183047662344111, 'colsample_bytree': 0.6399757283243361}. Best is trial 0 with value: 1.0.
[I 2026-04-07 02:07:25,043] Trial 11 finished with value: 0.95 and parameters: {'n_estimators': 40, 'max_depth': 5, 'gamma': 0.3636390544526132, 'subsample': 0.8054305408612227, 'colsample_bytree': 0.708779028268002}. Best is trial 0 with value: 1.0.
[I 2026-04-07 02:07:25,080] Trial 12 finished with value: 1.0 and parameters: {'n_estimators': 40, 'max_depth': 30, 'gamma': 0.7487633273197036, 'subsample': 0.6474067209535633, 'colsample_bytree': 0.6321863083844438}. Best is trial 0 with value: 1.0.
[I 2026-04-07 02:07:25,118] Trial 13 finished with value: 0.95 and parameters: {'n_estimators': 40, 'max_depth': 5, 'gamma': 0.3507723726564195, 'subsample': 0.7963743709622455, 'colsample_bytree': 0.774665187620459}. Best is trial 0 with value: 1.0.
[I 2026-04-07 02:07:25,156] Trial 14 finished with value: 0.9 and parameters: {'n_estimators': 10, 'max_depth': 20, 'gamma': 0.41351931076872145, 'subsample': 0.5496104989333248, 'colsample_bytree': 0.61545905196428}. Best is trial 0 with value: 1.0.
[I 2026-04-07 02:07:25,196] Trial 15 finished with value: 0.95 and parameters: {'n_estimators': 40, 'max_depth': 30, 'gamma': 0.7804219605572124, 'subsample': 0.6732093733372994, 'colsample_bytree': 0.7155253883752144}. Best is trial 0 with value: 1.0.
[I 2026-04-07 02:07:25,236] Trial 16 finished with value: 0.95 and parameters: {'n_estimators': 40, 'max_depth': 5, 'gamma': 0.1971240587712514, 'subsample': 0.7865035098662503, 'colsample_bytree': 0.506573445234963}. Best is trial 0 with value: 1.0.
[I 2026-04-07 02:07:25,274] Trial 17 finished with value: 1.0 and parameters: {'n_estimators': 40, 'max_depth': 5, 'gamma': 0.43716986489552745, 'subsample': 0.591050774060242, 'colsample_bytree': 0.7750011501505286}. Best is trial 0 with value: 1.0.
[I 2026-04-07 02:07:25,311] Trial 18 finished with value: 1.0 and parameters: {'n_estimators': 10, 'max_depth': 30, 'gamma': 0.29624705228050296, 'subsample': 0.6739503119236959, 'colsample_bytree': 0.5895085920073285}. Best is trial 0 with value: 1.0.
[I 2026-04-07 02:07:25,349] Trial 19 finished with value: 0.95 and parameters: {'n_estimators': 40, 'max_depth': 20, 'gamma': 0.8484091708840186, 'subsample': 0.5022813940379721, 'colsample_bytree': 0.7097341675902225}. Best is trial 0 with value: 1.0.
[I 2026-04-07 02:07:25,388] Trial 20 finished with value: 0.95 and parameters: {'n_estimators': 40, 'max_depth': 30, 'gamma': 0.6521726999788839, 'subsample': 0.8598211984650851, 'colsample_bytree': 0.6662949926145049}. Best is trial 0 with value: 1.0.
[I 2026-04-07 02:07:25,424] Trial 21 finished with value: 0.95 and parameters: {'n_estimators': 40, 'max_depth': 30, 'gamma': 0.10512315596977312, 'subsample': 0.5050988682653508, 'colsample_bytree': 0.572231691802514}. Best is trial 0 with value: 1.0.
[I 2026-04-07 02:07:25,462] Trial 22 finished with value: 1.0 and parameters: {'n_estimators': 40, 'max_depth': 30, 'gamma': 0.11542805202492856, 'subsample': 0.556386491372078, 'colsample_bytree': 0.6704631492562921}. Best is trial 0 with value: 1.0.
[I 2026-04-07 02:07:25,500] Trial 23 finished with value: 1.0 and parameters: {'n_estimators': 40, 'max_depth': 30, 'gamma': 0.45428956209993054, 'subsample': 0.5497588943188588, 'colsample_bytree': 0.650023991096761}. Best is trial 0 with value: 1.0.
[I 2026-04-07 02:07:25,539] Trial 24 finished with value: 0.95 and parameters: {'n_estimators': 40, 'max_depth': 30, 'gamma': 0.21823106714669427, 'subsample': 0.6091989531976671, 'colsample_bytree': 0.5883255925912214}. Best is trial 0 with value: 1.0.
[I 2026-04-07 02:07:25,577] Trial 25 finished with value: 0.95 and parameters: {'n_estimators': 10, 'max_depth': 5, 'gamma': 0.4663766948912322, 'subsample': 0.6853694026268409, 'colsample_bytree': 0.7517835178681788}. Best is trial 0 with value: 1.0.
[I 2026-04-07 02:07:25,617] Trial 26 finished with value: 1.0 and parameters: {'n_estimators': 40, 'max_depth': 30, 'gamma': 0.18343563428384324, 'subsample': 0.6374844457619235, 'colsample_bytree': 0.5428670544627212}. Best is trial 0 with value: 1.0.
[I 2026-04-07 02:07:25,655] Trial 27 finished with value: 0.95 and parameters: {'n_estimators': 40, 'max_depth': 30, 'gamma': 0.33886385672513597, 'subsample': 0.7548439694958107, 'colsample_bytree': 0.6058112293053861}. Best is trial 0 with value: 1.0.
[I 2026-04-07 02:07:25,694] Trial 28 finished with value: 0.95 and parameters: {'n_estimators': 40, 'max_depth': 20, 'gamma': 0.619293113542426, 'subsample': 0.5698093467187935, 'colsample_bytree': 0.8160701074598457}. Best is trial 0 with value: 1.0.
[I 2026-04-07 02:07:25,735] Trial 29 finished with value: 0.95 and parameters: {'n_estimators': 10, 'max_depth': 5, 'gamma': 0.9502856681365417, 'subsample': 0.9539525485989067, 'colsample_bytree': 0.6760785102727805}. Best is trial 0 with value: 1.0.
[I 2026-04-07 02:07:26,582] A new study created in memory with name: rf
[I 2026-04-07 02:07:26,757] Trial 0 finished with value: 1.0 and parameters: {'n_estimators': 104, 'max_depth': 12, 'min_samples_split': 6, 'min_samples_leaf': 2}. Best is trial 0 with value: 1.0.
[I 2026-04-07 02:07:26,935] Trial 1 finished with value: 1.0 and parameters: {'n_estimators': 156, 'max_depth': 6, 'min_samples_split': 5, 'min_samples_leaf': 3}. Best is trial 0 with value: 1.0.
[I 2026-04-07 02:07:27,092] Trial 2 finished with value: 0.5 and parameters: {'n_estimators': 133, 'max_depth': 9, 'min_samples_split': 3, 'min_samples_leaf': 9}. Best is trial 0 with value: 1.0.
[I 2026-04-07 02:07:27,594] Trial 3 finished with value: 1.0 and parameters: {'n_estimators': 481, 'max_depth': 3, 'min_samples_split': 8, 'min_samples_leaf': 6}. Best is trial 0 with value: 1.0.
[I 2026-04-07 02:07:28,055] Trial 4 finished with value: 0.5 and parameters: {'n_estimators': 460, 'max_depth': 15, 'min_samples_split': 6, 'min_samples_leaf': 8}. Best is trial 0 with value: 1.0.
[I 2026-04-07 02:07:28,344] Trial 5 finished with value: 1.0 and parameters: {'n_estimators': 254, 'max_depth': 15, 'min_samples_split': 9, 'min_samples_leaf': 5}. Best is trial 0 with value: 1.0.
[I 2026-04-07 02:07:28,824] Trial 6 finished with value: 1.0 and parameters: {'n_estimators': 477, 'max_depth': 17, 'min_samples_split': 10, 'min_samples_leaf': 2}. Best is trial 0 with value: 1.0.
[I 2026-04-07 02:07:29,162] Trial 7 finished with value: 0.5 and parameters: {'n_estimators': 308, 'max_depth': 20, 'min_samples_split': 7, 'min_samples_leaf': 9}. Best is trial 0 with value: 1.0.
[I 2026-04-07 02:07:29,710] Trial 8 finished with value: 0.5 and parameters: {'n_estimators': 489, 'max_depth': 6, 'min_samples_split': 4, 'min_samples_leaf': 9}. Best is trial 0 with value: 1.0.
[I 2026-04-07 02:07:30,211] Trial 9 finished with value: 0.95 and parameters: {'n_estimators': 463, 'max_depth': 16, 'min_samples_split': 5, 'min_samples_leaf': 5}. Best is trial 0 with value: 1.0.
[I 2026-04-07 02:07:30,484] Trial 10 finished with value: 1.0 and parameters: {'n_estimators': 233, 'max_depth': 11, 'min_samples_split': 2, 'min_samples_leaf': 1}. Best is trial 0 with value: 1.0.
[I 2026-04-07 02:07:30,636] Trial 11 finished with value: 1.0 and parameters: {'n_estimators': 100, 'max_depth': 8, 'min_samples_split': 6, 'min_samples_leaf': 3}. Best is trial 0 with value: 1.0.
[I 2026-04-07 02:07:30,848] Trial 12 finished with value: 1.0 and parameters: {'n_estimators': 172, 'max_depth': 12, 'min_samples_split': 5, 'min_samples_leaf': 3}. Best is trial 0 with value: 1.0.
[I 2026-04-07 02:07:31,082] Trial 13 finished with value: 1.0 and parameters: {'n_estimators': 194, 'max_depth': 3, 'min_samples_split': 7, 'min_samples_leaf': 3}. Best is trial 0 with value: 1.0.
[I 2026-04-07 02:07:31,509] Trial 14 finished with value: 1.0 and parameters: {'n_estimators': 339, 'max_depth': 12, 'min_samples_split': 4, 'min_samples_leaf': 1}. Best is trial 0 with value: 1.0.
[I 2026-04-07 02:07:31,744] Trial 15 finished with value: 1.0 and parameters: {'n_estimators': 161, 'max_depth': 6, 'min_samples_split': 5, 'min_samples_leaf': 4}. Best is trial 0 with value: 1.0.
[I 2026-04-07 02:07:31,917] Trial 16 finished with value: 0.5 and parameters: {'n_estimators': 104, 'max_depth': 9, 'min_samples_split': 7, 'min_samples_leaf': 7}. Best is trial 0 with value: 1.0.
[I 2026-04-07 02:07:32,361] Trial 17 finished with value: 1.0 and parameters: {'n_estimators': 359, 'max_depth': 5, 'min_samples_split': 2, 'min_samples_leaf': 2}. Best is trial 0 with value: 1.0.
[I 2026-04-07 02:07:32,635] Trial 18 finished with value: 1.0 and parameters: {'n_estimators': 222, 'max_depth': 10, 'min_samples_split': 4, 'min_samples_leaf': 4}. Best is trial 0 with value: 1.0.
[I 2026-04-07 02:07:33,071] Trial 19 finished with value: 1.0 and parameters: {'n_estimators': 405, 'max_depth': 13, 'min_samples_split': 6, 'min_samples_leaf': 2}. Best is trial 0 with value: 1.0.
[I 2026-04-07 02:07:33,283] Trial 20 finished with value: 1.0 and parameters: {'n_estimators': 144, 'max_depth': 8, 'min_samples_split': 8, 'min_samples_leaf': 4}. Best is trial 0 with value: 1.0.
[I 2026-04-07 02:07:33,629] Trial 21 finished with value: 1.0 and parameters: {'n_estimators': 269, 'max_depth': 3, 'min_samples_split': 8, 'min_samples_leaf': 6}. Best is trial 0 with value: 1.0.
[I 2026-04-07 02:07:34,117] Trial 22 finished with value: 1.0 and parameters: {'n_estimators': 415, 'max_depth': 5, 'min_samples_split': 8, 'min_samples_leaf': 6}. Best is trial 0 with value: 1.0.
[I 2026-04-07 02:07:34,371] Trial 23 finished with value: 0.5 and parameters: {'n_estimators': 187, 'max_depth': 3, 'min_samples_split': 10, 'min_samples_leaf': 7}. Best is trial 0 with value: 1.0.
[I 2026-04-07 02:07:34,536] Trial 24 finished with value: 0.5 and parameters: {'n_estimators': 132, 'max_depth': 7, 'min_samples_split': 9, 'min_samples_leaf': 7}. Best is trial 0 with value: 1.0.
[I 2026-04-07 02:07:34,863] Trial 25 finished with value: 1.0 and parameters: {'n_estimators': 295, 'max_depth': 4, 'min_samples_split': 7, 'min_samples_leaf': 5}. Best is trial 0 with value: 1.0.
[I 2026-04-07 02:07:35,299] Trial 26 finished with value: 1.0 and parameters: {'n_estimators': 399, 'max_depth': 14, 'min_samples_split': 5, 'min_samples_leaf': 1}. Best is trial 0 with value: 1.0.
[I 2026-04-07 02:07:35,566] Trial 27 finished with value: 1.0 and parameters: {'n_estimators': 216, 'max_depth': 5, 'min_samples_split': 9, 'min_samples_leaf': 3}. Best is trial 0 with value: 1.0.
[I 2026-04-07 02:07:36,001] Trial 28 finished with value: 0.5 and parameters: {'n_estimators': 377, 'max_depth': 19, 'min_samples_split': 3, 'min_samples_leaf': 10}. Best is trial 0 with value: 1.0.
[I 2026-04-07 02:07:36,197] Trial 29 finished with value: 0.95 and parameters: {'n_estimators': 127, 'max_depth': 10, 'min_samples_split': 6, 'min_samples_leaf': 4}. Best is trial 0 with value: 1.0.
[I 2026-04-07 02:07:37,708] A new study created in memory with name: mlp
[I 2026-04-07 02:07:37,762] Trial 0 finished with value: 1.0 and parameters: {'hidden_layer_sizes': (200,), 'max_iter': 100, 'alpha': 0.001}. Best is trial 0 with value: 1.0.
[I 2026-04-07 02:07:37,810] Trial 1 finished with value: 1.0 and parameters: {'hidden_layer_sizes': (100, 100), 'max_iter': 100, 'alpha': 0.0001}. Best is trial 0 with value: 1.0.
[I 2026-04-07 02:07:37,856] Trial 2 finished with value: 1.0 and parameters: {'hidden_layer_sizes': (100, 100), 'max_iter': 50, 'alpha': 0.0001}. Best is trial 0 with value: 1.0.
[I 2026-04-07 02:07:37,891] Trial 3 finished with value: 1.0 and parameters: {'hidden_layer_sizes': (200,), 'max_iter': 50, 'alpha': 0.0001}. Best is trial 0 with value: 1.0.
[I 2026-04-07 02:07:37,938] Trial 4 finished with value: 1.0 and parameters: {'hidden_layer_sizes': (200,), 'max_iter': 100, 'alpha': 0.001}. Best is trial 0 with value: 1.0.
[I 2026-04-07 02:07:37,984] Trial 5 finished with value: 1.0 and parameters: {'hidden_layer_sizes': (200,), 'max_iter': 100, 'alpha': 0.0001}. Best is trial 0 with value: 1.0.
[I 2026-04-07 02:07:38,030] Trial 6 finished with value: 1.0 and parameters: {'hidden_layer_sizes': (100, 100), 'max_iter': 100, 'alpha': 0.001}. Best is trial 0 with value: 1.0.
[I 2026-04-07 02:07:38,066] Trial 7 finished with value: 1.0 and parameters: {'hidden_layer_sizes': (200,), 'max_iter': 50, 'alpha': 0.001}. Best is trial 0 with value: 1.0.
[I 2026-04-07 02:07:38,112] Trial 8 finished with value: 1.0 and parameters: {'hidden_layer_sizes': (100,), 'max_iter': 100, 'alpha': 0.001}. Best is trial 0 with value: 1.0.
[I 2026-04-07 02:07:38,157] Trial 9 finished with value: 1.0 and parameters: {'hidden_layer_sizes': (200,), 'max_iter': 50, 'alpha': 0.001}. Best is trial 0 with value: 1.0.
[I 2026-04-07 02:07:38,206] Trial 10 finished with value: 1.0 and parameters: {'hidden_layer_sizes': (100,), 'max_iter': 100, 'alpha': 0.001}. Best is trial 0 with value: 1.0.
[I 2026-04-07 02:07:38,253] Trial 11 finished with value: 1.0 and parameters: {'hidden_layer_sizes': (100, 100), 'max_iter': 100, 'alpha': 0.0001}. Best is trial 0 with value: 1.0.
[I 2026-04-07 02:07:38,297] Trial 12 finished with value: 1.0 and parameters: {'hidden_layer_sizes': (100, 100), 'max_iter': 100, 'alpha': 0.0001}. Best is trial 0 with value: 1.0.
[I 2026-04-07 02:07:38,357] Trial 13 finished with value: 1.0 and parameters: {'hidden_layer_sizes': (100, 100), 'max_iter': 100, 'alpha': 0.0001}. Best is trial 0 with value: 1.0.
[I 2026-04-07 02:07:38,417] Trial 14 finished with value: 1.0 and parameters: {'hidden_layer_sizes': (100,), 'max_iter': 100, 'alpha': 0.001}. Best is trial 0 with value: 1.0.
[I 2026-04-07 02:07:38,464] Trial 15 finished with value: 1.0 and parameters: {'hidden_layer_sizes': (200,), 'max_iter': 100, 'alpha': 0.0001}. Best is trial 0 with value: 1.0.
[I 2026-04-07 02:07:38,533] Trial 16 finished with value: 1.0 and parameters: {'hidden_layer_sizes': (100, 100), 'max_iter': 100, 'alpha': 0.001}. Best is trial 0 with value: 1.0.
[I 2026-04-07 02:07:38,601] Trial 17 finished with value: 1.0 and parameters: {'hidden_layer_sizes': (200,), 'max_iter': 100, 'alpha': 0.0001}. Best is trial 0 with value: 1.0.
[I 2026-04-07 02:07:38,649] Trial 18 finished with value: 1.0 and parameters: {'hidden_layer_sizes': (100, 100), 'max_iter': 50, 'alpha': 0.0001}. Best is trial 0 with value: 1.0.
[I 2026-04-07 02:07:38,697] Trial 19 finished with value: 1.0 and parameters: {'hidden_layer_sizes': (100,), 'max_iter': 100, 'alpha': 0.001}. Best is trial 0 with value: 1.0.
[I 2026-04-07 02:07:38,744] Trial 20 finished with value: 1.0 and parameters: {'hidden_layer_sizes': (100, 100), 'max_iter': 100, 'alpha': 0.001}. Best is trial 0 with value: 1.0.
[I 2026-04-07 02:07:38,793] Trial 21 finished with value: 1.0 and parameters: {'hidden_layer_sizes': (100, 100), 'max_iter': 50, 'alpha': 0.0001}. Best is trial 0 with value: 1.0.
[I 2026-04-07 02:07:38,843] Trial 22 finished with value: 1.0 and parameters: {'hidden_layer_sizes': (100, 100), 'max_iter': 50, 'alpha': 0.0001}. Best is trial 0 with value: 1.0.
[I 2026-04-07 02:07:38,891] Trial 23 finished with value: 1.0 and parameters: {'hidden_layer_sizes': (100, 100), 'max_iter': 50, 'alpha': 0.0001}. Best is trial 0 with value: 1.0.
[I 2026-04-07 02:07:38,930] Trial 24 finished with value: 1.0 and parameters: {'hidden_layer_sizes': (100, 100), 'max_iter': 50, 'alpha': 0.0001}. Best is trial 0 with value: 1.0.
[I 2026-04-07 02:07:38,969] Trial 25 finished with value: 1.0 and parameters: {'hidden_layer_sizes': (200,), 'max_iter': 50, 'alpha': 0.0001}. Best is trial 0 with value: 1.0.
[I 2026-04-07 02:07:39,008] Trial 26 finished with value: 1.0 and parameters: {'hidden_layer_sizes': (100, 100), 'max_iter': 50, 'alpha': 0.0001}. Best is trial 0 with value: 1.0.
[I 2026-04-07 02:07:39,053] Trial 27 finished with value: 1.0 and parameters: {'hidden_layer_sizes': (100, 100), 'max_iter': 100, 'alpha': 0.0001}. Best is trial 0 with value: 1.0.
[I 2026-04-07 02:07:39,092] Trial 28 finished with value: 1.0 and parameters: {'hidden_layer_sizes': (100,), 'max_iter': 50, 'alpha': 0.001}. Best is trial 0 with value: 1.0.
[I 2026-04-07 02:07:39,140] Trial 29 finished with value: 1.0 and parameters: {'hidden_layer_sizes': (200,), 'max_iter': 50, 'alpha': 0.0001}. Best is trial 0 with value: 1.0.
[I 2026-04-07 02:07:40,162] A new study created in memory with name: naive_bayes
[I 2026-04-07 02:07:40,175] Trial 0 finished with value: 0.85 and parameters: {'var_smoothing': 2.7796258518939306e-10}. Best is trial 0 with value: 0.85.
[I 2026-04-07 02:07:40,189] Trial 1 finished with value: 0.825 and parameters: {'var_smoothing': 5.513972710118387e-09}. Best is trial 0 with value: 0.85.
[I 2026-04-07 02:07:40,202] Trial 2 finished with value: 0.85 and parameters: {'var_smoothing': 2.590826381512706e-10}. Best is trial 0 with value: 0.85.
[I 2026-04-07 02:07:40,216] Trial 3 finished with value: 0.825 and parameters: {'var_smoothing': 6.874194498027403e-09}. Best is trial 0 with value: 0.85.
[I 2026-04-07 02:07:40,230] Trial 4 finished with value: 0.85 and parameters: {'var_smoothing': 9.480306482679771e-10}. Best is trial 0 with value: 0.85.
[I 2026-04-07 02:07:40,243] Trial 5 finished with value: 0.85 and parameters: {'var_smoothing': 1.6729683536668864e-09}. Best is trial 0 with value: 0.85.
[I 2026-04-07 02:07:40,257] Trial 6 finished with value: 0.85 and parameters: {'var_smoothing': 3.402637726935598e-09}. Best is trial 0 with value: 0.85.
[I 2026-04-07 02:07:40,271] Trial 7 finished with value: 0.85 and parameters: {'var_smoothing': 1.0885189040847657e-09}. Best is trial 0 with value: 0.85.
[I 2026-04-07 02:07:40,284] Trial 8 finished with value: 0.85 and parameters: {'var_smoothing': 3.922843686541149e-10}. Best is trial 0 with value: 0.85.
[I 2026-04-07 02:07:40,298] Trial 9 finished with value: 0.85 and parameters: {'var_smoothing': 2.3737908819373785e-10}. Best is trial 0 with value: 0.85.
[I 2026-04-07 02:07:40,315] Trial 10 finished with value: 0.85 and parameters: {'var_smoothing': 1.005826617097841e-10}. Best is trial 0 with value: 0.85.
[I 2026-04-07 02:07:40,331] Trial 11 finished with value: 0.85 and parameters: {'var_smoothing': 3.312216866073848e-10}. Best is trial 0 with value: 0.85.
[I 2026-04-07 02:07:40,349] Trial 12 finished with value: 0.85 and parameters: {'var_smoothing': 1.2172167771986835e-10}. Best is trial 0 with value: 0.85.
[I 2026-04-07 02:07:40,365] Trial 13 finished with value: 0.85 and parameters: {'var_smoothing': 5.515189795389604e-10}. Best is trial 0 with value: 0.85.
[I 2026-04-07 02:07:40,385] Trial 14 finished with value: 0.85 and parameters: {'var_smoothing': 1.7762554693505666e-10}. Best is trial 0 with value: 0.85.
[I 2026-04-07 02:07:40,404] Trial 15 finished with value: 0.85 and parameters: {'var_smoothing': 6.033065283503477e-10}. Best is trial 0 with value: 0.85.
[I 2026-04-07 02:07:40,423] Trial 16 finished with value: 0.85 and parameters: {'var_smoothing': 2.120289439649898e-10}. Best is trial 0 with value: 0.85.
[I 2026-04-07 02:07:40,442] Trial 17 finished with value: 0.85 and parameters: {'var_smoothing': 1.8515987176145925e-09}. Best is trial 0 with value: 0.85.
[I 2026-04-07 02:07:40,462] Trial 18 finished with value: 0.85 and parameters: {'var_smoothing': 3.8395978776692195e-10}. Best is trial 0 with value: 0.85.
[I 2026-04-07 02:07:40,478] Trial 19 finished with value: 0.85 and parameters: {'var_smoothing': 1.4474084452509485e-10}. Best is trial 0 with value: 0.85.
[I 2026-04-07 02:07:40,493] Trial 20 finished with value: 0.85 and parameters: {'var_smoothing': 6.959523972304726e-10}. Best is trial 0 with value: 0.85.
[I 2026-04-07 02:07:40,511] Trial 21 finished with value: 0.85 and parameters: {'var_smoothing': 1.0467142279900214e-09}. Best is trial 0 with value: 0.85.
