[I 2026-04-07 01:04:17,121] Trial 9 finished with value: 0.9 and parameters: {'n_estimators': 40, 'max_depth': 30, 'gamma': 0.8599846034069103, 'subsample': 0.8019332783535529, 'colsample_bytree': 0.7936068454878676}. Best is trial 1 with value: 0.9.
[I 2026-04-07 01:04:17,158] Trial 10 finished with value: 0.9 and parameters: {'n_estimators': 100, 'max_depth': 5, 'gamma': 0.985518481083803, 'subsample': 0.8995678910481815, 'colsample_bytree': 0.5289314784806454}. Best is trial 1 with value: 0.9.
[I 2026-04-07 01:04:17,194] Trial 11 finished with value: 0.85 and parameters: {'n_estimators': 100, 'max_depth': 5, 'gamma': 0.6541073301265188, 'subsample': 0.8920930480425775, 'colsample_bytree': 0.9417304300325259}. Best is trial 1 with value: 0.9.
[I 2026-04-07 01:04:17,243] Trial 12 finished with value: 0.9 and parameters: {'n_estimators': 100, 'max_depth': 30, 'gamma': 0.11747018931448144, 'subsample': 0.6887411303961014, 'colsample_bytree': 0.8098443365698906}. Best is trial 1 with value: 0.9.
[I 2026-04-07 01:04:17,280] Trial 13 finished with value: 0.85 and parameters: {'n_estimators': 10, 'max_depth': 20, 'gamma': 0.8412538347414713, 'subsample': 0.8925611734832668, 'colsample_bytree': 0.9871680623974519}. Best is trial 1 with value: 0.9.
[I 2026-04-07 01:04:17,327] Trial 14 finished with value: 0.9 and parameters: {'n_estimators': 100, 'max_depth': 5, 'gamma': 0.9659112342705818, 'subsample': 0.8461254169696438, 'colsample_bytree': 0.8668628705554593}. Best is trial 1 with value: 0.9.
[I 2026-04-07 01:04:17,364] Trial 15 finished with value: 0.8 and parameters: {'n_estimators': 10, 'max_depth': 30, 'gamma': 0.47255805958028635, 'subsample': 0.6465083094649902, 'colsample_bytree': 0.6694632982744902}. Best is trial 1 with value: 0.9.
[I 2026-04-07 01:04:17,404] Trial 16 finished with value: 0.85 and parameters: {'n_estimators': 10, 'max_depth': 20, 'gamma': 0.7461853787905023, 'subsample': 0.9368087475156379, 'colsample_bytree': 0.7934666123110111}. Best is trial 1 with value: 0.9.
[I 2026-04-07 01:04:17,454] Trial 17 finished with value: 0.85 and parameters: {'n_estimators': 100, 'max_depth': 30, 'gamma': 0.5818209581005225, 'subsample': 0.5053007952589881, 'colsample_bytree': 0.6059836019469489}. Best is trial 1 with value: 0.9.
[I 2026-04-07 01:04:17,491] Trial 18 finished with value: 0.85 and parameters: {'n_estimators': 100, 'max_depth': 20, 'gamma': 0.8102317850451917, 'subsample': 0.75564025339754, 'colsample_bytree': 0.7022619691485179}. Best is trial 1 with value: 0.9.
[I 2026-04-07 01:04:17,529] Trial 19 finished with value: 0.9 and parameters: {'n_estimators': 10, 'max_depth': 5, 'gamma': 0.6459743075644228, 'subsample': 0.843120324979256, 'colsample_bytree': 0.875058619134271}. Best is trial 1 with value: 0.9.
[I 2026-04-07 01:04:17,568] Trial 20 finished with value: 0.8 and parameters: {'n_estimators': 100, 'max_depth': 20, 'gamma': 0.9294714567167406, 'subsample': 0.7010061433783861, 'colsample_bytree': 0.7629512091408188}. Best is trial 1 with value: 0.9.
[I 2026-04-07 01:04:17,608] Trial 21 finished with value: 0.9 and parameters: {'n_estimators': 10, 'max_depth': 20, 'gamma': 0.46673765673281126, 'subsample': 0.9951968533918449, 'colsample_bytree': 0.7305051622596759}. Best is trial 1 with value: 0.9.
[I 2026-04-07 01:04:17,646] Trial 22 finished with value: 0.9 and parameters: {'n_estimators': 10, 'max_depth': 20, 'gamma': 0.43885902902454527, 'subsample': 0.9445915273882318, 'colsample_bytree': 0.680041952369651}. Best is trial 1 with value: 0.9.
[I 2026-04-07 01:04:17,684] Trial 23 finished with value: 0.85 and parameters: {'n_estimators': 10, 'max_depth': 20, 'gamma': 0.34433142874156997, 'subsample': 0.9424979222170546, 'colsample_bytree': 0.8303094747068667}. Best is trial 1 with value: 0.9.
[I 2026-04-07 01:04:17,724] Trial 24 finished with value: 0.85 and parameters: {'n_estimators': 10, 'max_depth': 20, 'gamma': 0.5115407560411797, 'subsample': 0.8725028557623793, 'colsample_bytree': 0.7704000916515646}. Best is trial 1 with value: 0.9.
[I 2026-04-07 01:04:17,764] Trial 25 finished with value: 0.9 and parameters: {'n_estimators': 10, 'max_depth': 30, 'gamma': 0.40207611210678407, 'subsample': 0.9769570191214575, 'colsample_bytree': 0.6333480467207808}. Best is trial 1 with value: 0.9.
[I 2026-04-07 01:04:17,802] Trial 26 finished with value: 0.8 and parameters: {'n_estimators': 10, 'max_depth': 20, 'gamma': 0.2668496399470992, 'subsample': 0.7873170367264963, 'colsample_bytree': 0.7162290681029179}. Best is trial 1 with value: 0.9.
[I 2026-04-07 01:04:17,841] Trial 27 finished with value: 0.85 and parameters: {'n_estimators': 10, 'max_depth': 20, 'gamma': 0.642813085813598, 'subsample': 0.9268486135727017, 'colsample_bytree': 0.8992441948828467}. Best is trial 1 with value: 0.9.
[I 2026-04-07 01:04:17,880] Trial 28 finished with value: 0.9 and parameters: {'n_estimators': 40, 'max_depth': 5, 'gamma': 0.7796964169109649, 'subsample': 0.9644317499519974, 'colsample_bytree': 0.5882485782548165}. Best is trial 1 with value: 0.9.
[I 2026-04-07 01:04:17,928] Trial 29 finished with value: 0.9 and parameters: {'n_estimators': 100, 'max_depth': 30, 'gamma': 0.5650678118143855, 'subsample': 0.7198154761090511, 'colsample_bytree': 0.7001374151216279}. Best is trial 1 with value: 0.9.
[I 2026-04-07 01:04:18,328] A new study created in memory with name: rf
[I 2026-04-07 01:04:18,786] Trial 0 finished with value: 0.95 and parameters: {'n_estimators': 458, 'max_depth': 8, 'min_samples_split': 9, 'min_samples_leaf': 1}. Best is trial 0 with value: 0.95.
[I 2026-04-07 01:04:18,974] Trial 1 finished with value: 0.9 and parameters: {'n_estimators': 143, 'max_depth': 13, 'min_samples_split': 6, 'min_samples_leaf': 5}. Best is trial 0 with value: 0.95.
[I 2026-04-07 01:04:19,253] Trial 2 finished with value: 0.5 and parameters: {'n_estimators': 234, 'max_depth': 14, 'min_samples_split': 5, 'min_samples_leaf': 8}. Best is trial 0 with value: 0.95.
[I 2026-04-07 01:04:19,562] Trial 3 finished with value: 0.5 and parameters: {'n_estimators': 307, 'max_depth': 13, 'min_samples_split': 7, 'min_samples_leaf': 10}. Best is trial 0 with value: 0.95.
[I 2026-04-07 01:04:19,991] Trial 4 finished with value: 0.5 and parameters: {'n_estimators': 428, 'max_depth': 10, 'min_samples_split': 9, 'min_samples_leaf': 9}. Best is trial 0 with value: 0.95.
[I 2026-04-07 01:04:20,138] Trial 5 finished with value: 0.5 and parameters: {'n_estimators': 121, 'max_depth': 15, 'min_samples_split': 9, 'min_samples_leaf': 8}. Best is trial 0 with value: 0.95.
[I 2026-04-07 01:04:20,595] Trial 6 finished with value: 0.5 and parameters: {'n_estimators': 384, 'max_depth': 12, 'min_samples_split': 3, 'min_samples_leaf': 10}. Best is trial 0 with value: 0.95.
[I 2026-04-07 01:04:20,863] Trial 7 finished with value: 0.5 and parameters: {'n_estimators': 261, 'max_depth': 6, 'min_samples_split': 8, 'min_samples_leaf': 10}. Best is trial 0 with value: 0.95.
[I 2026-04-07 01:04:21,068] Trial 8 finished with value: 0.5 and parameters: {'n_estimators': 202, 'max_depth': 15, 'min_samples_split': 7, 'min_samples_leaf': 8}. Best is trial 0 with value: 0.95.
[I 2026-04-07 01:04:21,578] Trial 9 finished with value: 0.9 and parameters: {'n_estimators': 475, 'max_depth': 9, 'min_samples_split': 4, 'min_samples_leaf': 5}. Best is trial 0 with value: 0.95.
[I 2026-04-07 01:04:21,958] Trial 10 finished with value: 0.95 and parameters: {'n_estimators': 352, 'max_depth': 20, 'min_samples_split': 10, 'min_samples_leaf': 1}. Best is trial 0 with value: 0.95.
[I 2026-04-07 01:04:22,337] Trial 11 finished with value: 0.95 and parameters: {'n_estimators': 363, 'max_depth': 20, 'min_samples_split': 10, 'min_samples_leaf': 1}. Best is trial 0 with value: 0.95.
[I 2026-04-07 01:04:22,891] Trial 12 finished with value: 0.95 and parameters: {'n_estimators': 489, 'max_depth': 4, 'min_samples_split': 10, 'min_samples_leaf': 1}. Best is trial 0 with value: 0.95.
[I 2026-04-07 01:04:23,275] Trial 13 finished with value: 0.95 and parameters: {'n_estimators': 351, 'max_depth': 20, 'min_samples_split': 10, 'min_samples_leaf': 3}. Best is trial 0 with value: 0.95.
[I 2026-04-07 01:04:23,722] Trial 14 finished with value: 0.95 and parameters: {'n_estimators': 426, 'max_depth': 7, 'min_samples_split': 8, 'min_samples_leaf': 3}. Best is trial 0 with value: 0.95.
[I 2026-04-07 01:04:24,105] Trial 15 finished with value: 0.95 and parameters: {'n_estimators': 314, 'max_depth': 17, 'min_samples_split': 8, 'min_samples_leaf': 3}. Best is trial 0 with value: 0.95.
[I 2026-04-07 01:04:24,580] Trial 16 finished with value: 0.95 and parameters: {'n_estimators': 421, 'max_depth': 9, 'min_samples_split': 9, 'min_samples_leaf': 2}. Best is trial 0 with value: 0.95.
[I 2026-04-07 01:04:25,056] Trial 17 finished with value: 0.85 and parameters: {'n_estimators': 468, 'max_depth': 3, 'min_samples_split': 2, 'min_samples_leaf': 6}. Best is trial 0 with value: 0.95.
[I 2026-04-07 01:04:25,495] Trial 18 finished with value: 0.95 and parameters: {'n_estimators': 379, 'max_depth': 17, 'min_samples_split': 7, 'min_samples_leaf': 2}. Best is trial 0 with value: 0.95.
[I 2026-04-07 01:04:25,801] Trial 19 finished with value: 0.85 and parameters: {'n_estimators': 279, 'max_depth': 6, 'min_samples_split': 6, 'min_samples_leaf': 6}. Best is trial 0 with value: 0.95.
[I 2026-04-07 01:04:26,182] Trial 20 finished with value: 0.95 and parameters: {'n_estimators': 343, 'max_depth': 11, 'min_samples_split': 9, 'min_samples_leaf': 4}. Best is trial 0 with value: 0.95.
[I 2026-04-07 01:04:26,630] Trial 21 finished with value: 0.95 and parameters: {'n_estimators': 387, 'max_depth': 20, 'min_samples_split': 10, 'min_samples_leaf': 1}. Best is trial 0 with value: 0.95.
[I 2026-04-07 01:04:27,033] Trial 22 finished with value: 0.95 and parameters: {'n_estimators': 350, 'max_depth': 18, 'min_samples_split': 10, 'min_samples_leaf': 1}. Best is trial 0 with value: 0.95.
[I 2026-04-07 01:04:27,511] Trial 23 finished with value: 0.95 and parameters: {'n_estimators': 438, 'max_depth': 19, 'min_samples_split': 10, 'min_samples_leaf': 2}. Best is trial 0 with value: 0.95.
[I 2026-04-07 01:04:27,970] Trial 24 finished with value: 0.95 and parameters: {'n_estimators': 396, 'max_depth': 17, 'min_samples_split': 9, 'min_samples_leaf': 1}. Best is trial 0 with value: 0.95.
[I 2026-04-07 01:04:28,317] Trial 25 finished with value: 0.95 and parameters: {'n_estimators': 326, 'max_depth': 19, 'min_samples_split': 8, 'min_samples_leaf': 2}. Best is trial 0 with value: 0.95.
[I 2026-04-07 01:04:28,863] Trial 26 finished with value: 0.95 and parameters: {'n_estimators': 455, 'max_depth': 8, 'min_samples_split': 10, 'min_samples_leaf': 4}. Best is trial 0 with value: 0.95.
[I 2026-04-07 01:04:29,171] Trial 27 finished with value: 0.95 and parameters: {'n_estimators': 274, 'max_depth': 15, 'min_samples_split': 9, 'min_samples_leaf': 1}. Best is trial 0 with value: 0.95.
[I 2026-04-07 01:04:29,431] Trial 28 finished with value: 0.95 and parameters: {'n_estimators': 231, 'max_depth': 5, 'min_samples_split': 5, 'min_samples_leaf': 4}. Best is trial 0 with value: 0.95.
[I 2026-04-07 01:04:29,939] Trial 29 finished with value: 0.95 and parameters: {'n_estimators': 500, 'max_depth': 18, 'min_samples_split': 8, 'min_samples_leaf': 3}. Best is trial 0 with value: 0.95.
[I 2026-04-07 01:04:34,012] A new study created in memory with name: mlp
[I 2026-04-07 01:04:34,068] Trial 0 finished with value: 0.65 and parameters: {'hidden_layer_sizes': (100,), 'max_iter': 100, 'alpha': 0.0001}. Best is trial 0 with value: 0.65.
[I 2026-04-07 01:04:34,154] Trial 1 finished with value: 0.5 and parameters: {'hidden_layer_sizes': (100, 100), 'max_iter': 100, 'alpha': 0.001}. Best is trial 0 with value: 0.65.
[I 2026-04-07 01:04:34,221] Trial 2 finished with value: 0.6 and parameters: {'hidden_layer_sizes': (200,), 'max_iter': 100, 'alpha': 0.0001}. Best is trial 0 with value: 0.65.
[I 2026-04-07 01:04:34,257] Trial 3 finished with value: 0.65 and parameters: {'hidden_layer_sizes': (200,), 'max_iter': 50, 'alpha': 0.001}. Best is trial 0 with value: 0.65.
[I 2026-04-07 01:04:34,312] Trial 4 finished with value: 0.55 and parameters: {'hidden_layer_sizes': (100, 100), 'max_iter': 50, 'alpha': 0.0001}. Best is trial 0 with value: 0.65.
[I 2026-04-07 01:04:34,358] Trial 5 finished with value: 0.6 and parameters: {'hidden_layer_sizes': (200,), 'max_iter': 100, 'alpha': 0.0001}. Best is trial 0 with value: 0.65.
[I 2026-04-07 01:04:34,404] Trial 6 finished with value: 0.55 and parameters: {'hidden_layer_sizes': (200,), 'max_iter': 100, 'alpha': 0.001}. Best is trial 0 with value: 0.65.
[I 2026-04-07 01:04:34,450] Trial 7 finished with value: 0.6 and parameters: {'hidden_layer_sizes': (100,), 'max_iter': 100, 'alpha': 0.001}. Best is trial 0 with value: 0.65.
[I 2026-04-07 01:04:34,516] Trial 8 finished with value: 0.5 and parameters: {'hidden_layer_sizes': (100, 100), 'max_iter': 100, 'alpha': 0.0001}. Best is trial 0 with value: 0.65.
[I 2026-04-07 01:04:34,582] Trial 9 finished with value: 0.6 and parameters: {'hidden_layer_sizes': (200,), 'max_iter': 100, 'alpha': 0.0001}. Best is trial 0 with value: 0.65.
[I 2026-04-07 01:04:34,621] Trial 10 finished with value: 0.65 and parameters: {'hidden_layer_sizes': (100,), 'max_iter': 50, 'alpha': 0.0001}. Best is trial 0 with value: 0.65.
[I 2026-04-07 01:04:34,659] Trial 11 finished with value: 0.7 and parameters: {'hidden_layer_sizes': (100,), 'max_iter': 50, 'alpha': 0.001}. Best is trial 11 with value: 0.7.
[I 2026-04-07 01:04:34,697] Trial 12 finished with value: 0.6 and parameters: {'hidden_layer_sizes': (100,), 'max_iter': 50, 'alpha': 0.001}. Best is trial 11 with value: 0.7.
[I 2026-04-07 01:04:34,744] Trial 13 finished with value: 0.7 and parameters: {'hidden_layer_sizes': (100,), 'max_iter': 50, 'alpha': 0.001}. Best is trial 11 with value: 0.7.
[I 2026-04-07 01:04:34,782] Trial 14 finished with value: 0.6 and parameters: {'hidden_layer_sizes': (100,), 'max_iter': 50, 'alpha': 0.001}. Best is trial 11 with value: 0.7.
[I 2026-04-07 01:04:34,821] Trial 15 finished with value: 0.7 and parameters: {'hidden_layer_sizes': (100,), 'max_iter': 50, 'alpha': 0.001}. Best is trial 11 with value: 0.7.
[I 2026-04-07 01:04:34,858] Trial 16 finished with value: 0.55 and parameters: {'hidden_layer_sizes': (100,), 'max_iter': 50, 'alpha': 0.001}. Best is trial 11 with value: 0.7.
[I 2026-04-07 01:04:34,894] Trial 17 finished with value: 0.55 and parameters: {'hidden_layer_sizes': (100,), 'max_iter': 50, 'alpha': 0.001}. Best is trial 11 with value: 0.7.
[I 2026-04-07 01:04:34,932] Trial 18 finished with value: 0.6 and parameters: {'hidden_layer_sizes': (100,), 'max_iter': 50, 'alpha': 0.001}. Best is trial 11 with value: 0.7.
[I 2026-04-07 01:04:34,970] Trial 19 finished with value: 0.6 and parameters: {'hidden_layer_sizes': (100,), 'max_iter': 50, 'alpha': 0.001}. Best is trial 11 with value: 0.7.
[I 2026-04-07 01:04:35,018] Trial 20 finished with value: 0.55 and parameters: {'hidden_layer_sizes': (100, 100), 'max_iter': 50, 'alpha': 0.001}. Best is trial 11 with value: 0.7.
[I 2026-04-07 01:04:35,056] Trial 21 finished with value: 0.65 and parameters: {'hidden_layer_sizes': (100,), 'max_iter': 50, 'alpha': 0.001}. Best is trial 11 with value: 0.7.
[I 2026-04-07 01:04:35,090] Trial 22 finished with value: 0.6 and parameters: {'hidden_layer_sizes': (100,), 'max_iter': 50, 'alpha': 0.001}. Best is trial 11 with value: 0.7.
[I 2026-04-07 01:04:35,125] Trial 23 finished with value: 0.65 and parameters: {'hidden_layer_sizes': (100,), 'max_iter': 50, 'alpha': 0.001}. Best is trial 11 with value: 0.7.
[I 2026-04-07 01:04:35,159] Trial 24 finished with value: 0.6 and parameters: {'hidden_layer_sizes': (100,), 'max_iter': 50, 'alpha': 0.001}. Best is trial 11 with value: 0.7.
[I 2026-04-07 01:04:35,194] Trial 25 finished with value: 0.7 and parameters: {'hidden_layer_sizes': (100,), 'max_iter': 50, 'alpha': 0.001}. Best is trial 11 with value: 0.7.
[I 2026-04-07 01:04:35,243] Trial 26 finished with value: 0.65 and parameters: {'hidden_layer_sizes': (100,), 'max_iter': 50, 'alpha': 0.001}. Best is trial 11 with value: 0.7.
[I 2026-04-07 01:04:35,282] Trial 27 finished with value: 0.65 and parameters: {'hidden_layer_sizes': (100,), 'max_iter': 50, 'alpha': 0.001}. Best is trial 11 with value: 0.7.
[I 2026-04-07 01:04:35,331] Trial 28 finished with value: 0.55 and parameters: {'hidden_layer_sizes': (100, 100), 'max_iter': 50, 'alpha': 0.001}. Best is trial 11 with value: 0.7.
