[I 2026-04-07 03:30:34,957] Trial 27 finished with value: 0.925 and parameters: {'var_smoothing': 2.338070103551991e-09}. Best is trial 0 with value: 0.925.
[I 2026-04-07 03:30:34,987] Trial 28 finished with value: 0.925 and parameters: {'var_smoothing': 2.9749637796955326e-10}. Best is trial 0 with value: 0.925.
[I 2026-04-07 03:30:35,007] Trial 29 finished with value: 0.925 and parameters: {'var_smoothing': 2.1414596138226606e-10}. Best is trial 0 with value: 0.925.
[I 2026-04-07 03:30:35,931] A new study created in memory with name: logreg
[I 2026-04-07 03:30:35,955] Trial 0 finished with value: 0.9 and parameters: {'C': 0.0011268620922535318, 'penalty': 'l2'}. Best is trial 0 with value: 0.9.
[I 2026-04-07 03:30:35,980] Trial 1 finished with value: 0.9 and parameters: {'C': 0.32312678588710475, 'penalty': 'l2'}. Best is trial 0 with value: 0.9.
[I 2026-04-07 03:30:36,005] Trial 2 finished with value: 0.9 and parameters: {'C': 0.3012079745112611, 'penalty': 'l2'}. Best is trial 0 with value: 0.9.
[I 2026-04-07 03:30:36,030] Trial 3 finished with value: 0.9 and parameters: {'C': 0.004668180550042529, 'penalty': 'l2'}. Best is trial 0 with value: 0.9.
[I 2026-04-07 03:30:36,055] Trial 4 finished with value: 0.9 and parameters: {'C': 0.005135177115384908, 'penalty': 'l2'}. Best is trial 0 with value: 0.9.
[I 2026-04-07 03:30:36,080] Trial 5 finished with value: 0.9 and parameters: {'C': 0.01238207351349697, 'penalty': 'l2'}. Best is trial 0 with value: 0.9.
[I 2026-04-07 03:30:36,105] Trial 6 finished with value: 0.9 and parameters: {'C': 0.12374877330306278, 'penalty': 'l2'}. Best is trial 0 with value: 0.9.
[I 2026-04-07 03:30:36,130] Trial 7 finished with value: 0.9 and parameters: {'C': 0.017398261017749217, 'penalty': 'l2'}. Best is trial 0 with value: 0.9.
[I 2026-04-07 03:30:36,155] Trial 8 finished with value: 0.9 and parameters: {'C': 0.002632074973627294, 'penalty': 'l2'}. Best is trial 0 with value: 0.9.
[I 2026-04-07 03:30:36,181] Trial 9 finished with value: 0.9 and parameters: {'C': 0.053394091359671186, 'penalty': 'l2'}. Best is trial 0 with value: 0.9.
[I 2026-04-07 03:30:36,222] Trial 10 finished with value: 0.925 and parameters: {'C': 11.611342204749677, 'penalty': 'l2'}. Best is trial 10 with value: 0.925.
[I 2026-04-07 03:30:36,262] Trial 11 finished with value: 0.925 and parameters: {'C': 15.202957700179246, 'penalty': 'l2'}. Best is trial 10 with value: 0.925.
[I 2026-04-07 03:30:36,302] Trial 12 finished with value: 0.9 and parameters: {'C': 19.51781064476914, 'penalty': 'l2'}. Best is trial 10 with value: 0.925.
[I 2026-04-07 03:30:36,342] Trial 13 finished with value: 0.9 and parameters: {'C': 42.650409134494865, 'penalty': 'l2'}. Best is trial 10 with value: 0.925.
[I 2026-04-07 03:30:36,371] Trial 14 finished with value: 0.925 and parameters: {'C': 4.789736340269423, 'penalty': 'l2'}. Best is trial 10 with value: 0.925.
[I 2026-04-07 03:30:36,400] Trial 15 finished with value: 0.925 and parameters: {'C': 3.4666106415955507, 'penalty': 'l2'}. Best is trial 10 with value: 0.925.
[I 2026-04-07 03:30:36,431] Trial 16 finished with value: 0.925 and parameters: {'C': 3.421957681069141, 'penalty': 'l2'}. Best is trial 10 with value: 0.925.
[I 2026-04-07 03:30:36,471] Trial 17 finished with value: 0.9 and parameters: {'C': 93.49225711107523, 'penalty': 'l2'}. Best is trial 10 with value: 0.925.
[I 2026-04-07 03:30:36,500] Trial 18 finished with value: 0.925 and parameters: {'C': 12.132387067992815, 'penalty': 'l2'}. Best is trial 10 with value: 0.925.
[I 2026-04-07 03:30:36,525] Trial 19 finished with value: 0.925 and parameters: {'C': 1.0311001090880758, 'penalty': 'l2'}. Best is trial 10 with value: 0.925.
[I 2026-04-07 03:30:36,551] Trial 20 finished with value: 0.925 and parameters: {'C': 1.626402886634035, 'penalty': 'l2'}. Best is trial 10 with value: 0.925.
[I 2026-04-07 03:30:36,586] Trial 21 finished with value: 0.925 and parameters: {'C': 9.788809691114766, 'penalty': 'l2'}. Best is trial 10 with value: 0.925.
[I 2026-04-07 03:30:36,628] Trial 22 finished with value: 0.925 and parameters: {'C': 5.090964773880287, 'penalty': 'l2'}. Best is trial 10 with value: 0.925.
[I 2026-04-07 03:30:36,669] Trial 23 finished with value: 0.9 and parameters: {'C': 42.06397580927247, 'penalty': 'l2'}. Best is trial 10 with value: 0.925.
[I 2026-04-07 03:30:36,699] Trial 24 finished with value: 0.925 and parameters: {'C': 1.1190451443245666, 'penalty': 'l2'}. Best is trial 10 with value: 0.925.
[I 2026-04-07 03:30:36,730] Trial 25 finished with value: 0.9 and parameters: {'C': 21.192169706514, 'penalty': 'l2'}. Best is trial 10 with value: 0.925.
[I 2026-04-07 03:30:36,765] Trial 26 finished with value: 0.9 and parameters: {'C': 69.30230781837194, 'penalty': 'l2'}. Best is trial 10 with value: 0.925.
[I 2026-04-07 03:30:36,791] Trial 27 finished with value: 0.925 and parameters: {'C': 6.517661114086855, 'penalty': 'l2'}. Best is trial 10 with value: 0.925.
[I 2026-04-07 03:30:36,816] Trial 28 finished with value: 0.925 and parameters: {'C': 2.4751195236369186, 'penalty': 'l2'}. Best is trial 10 with value: 0.925.
[I 2026-04-07 03:30:36,841] Trial 29 finished with value: 0.9 and parameters: {'C': 0.5392066298130341, 'penalty': 'l2'}. Best is trial 10 with value: 0.925.
[I 2026-04-07 03:30:37,684] A new study created in memory with name: knn
[I 2026-04-07 03:30:37,699] Trial 0 finished with value: 0.9 and parameters: {'n_neighbors': 3, 'leaf_size': 30, 'p': 1}. Best is trial 0 with value: 0.9.
[I 2026-04-07 03:30:37,714] Trial 1 finished with value: 0.9 and parameters: {'n_neighbors': 4, 'leaf_size': 24, 'p': 1}. Best is trial 0 with value: 0.9.
[I 2026-04-07 03:30:37,726] Trial 2 finished with value: 0.9 and parameters: {'n_neighbors': 3, 'leaf_size': 27, 'p': 2}. Best is trial 0 with value: 0.9.
[I 2026-04-07 03:30:37,750] Trial 3 finished with value: 0.875 and parameters: {'n_neighbors': 10, 'leaf_size': 20, 'p': 1}. Best is trial 0 with value: 0.9.
[I 2026-04-07 03:30:37,775] Trial 4 finished with value: 0.85 and parameters: {'n_neighbors': 10, 'leaf_size': 34, 'p': 2}. Best is trial 0 with value: 0.9.
[I 2026-04-07 03:30:37,800] Trial 5 finished with value: 0.9 and parameters: {'n_neighbors': 6, 'leaf_size': 34, 'p': 1}. Best is trial 0 with value: 0.9.
[I 2026-04-07 03:30:37,825] Trial 6 finished with value: 0.875 and parameters: {'n_neighbors': 10, 'leaf_size': 36, 'p': 1}. Best is trial 0 with value: 0.9.
[I 2026-04-07 03:30:37,840] Trial 7 finished with value: 0.85 and parameters: {'n_neighbors': 7, 'leaf_size': 39, 'p': 2}. Best is trial 0 with value: 0.9.
[I 2026-04-07 03:30:37,854] Trial 8 finished with value: 0.85 and parameters: {'n_neighbors': 10, 'leaf_size': 23, 'p': 2}. Best is trial 0 with value: 0.9.
[I 2026-04-07 03:30:37,867] Trial 9 finished with value: 0.85 and parameters: {'n_neighbors': 10, 'leaf_size': 35, 'p': 2}. Best is trial 0 with value: 0.9.
[I 2026-04-07 03:30:37,890] Trial 10 finished with value: 0.9 and parameters: {'n_neighbors': 5, 'leaf_size': 30, 'p': 1}. Best is trial 0 with value: 0.9.
[I 2026-04-07 03:30:37,913] Trial 11 finished with value: 0.9 and parameters: {'n_neighbors': 3, 'leaf_size': 26, 'p': 1}. Best is trial 0 with value: 0.9.
[I 2026-04-07 03:30:37,938] Trial 12 finished with value: 0.9 and parameters: {'n_neighbors': 4, 'leaf_size': 29, 'p': 1}. Best is trial 0 with value: 0.9.
[I 2026-04-07 03:30:37,972] Trial 13 finished with value: 0.9 and parameters: {'n_neighbors': 5, 'leaf_size': 24, 'p': 1}. Best is trial 0 with value: 0.9.
[I 2026-04-07 03:30:37,999] Trial 14 finished with value: 0.9 and parameters: {'n_neighbors': 8, 'leaf_size': 20, 'p': 1}. Best is trial 0 with value: 0.9.
[I 2026-04-07 03:30:38,021] Trial 15 finished with value: 0.9 and parameters: {'n_neighbors': 4, 'leaf_size': 32, 'p': 1}. Best is trial 0 with value: 0.9.
[I 2026-04-07 03:30:38,055] Trial 16 finished with value: 0.9 and parameters: {'n_neighbors': 4, 'leaf_size': 27, 'p': 1}. Best is trial 0 with value: 0.9.
[I 2026-04-07 03:30:38,089] Trial 17 finished with value: 0.9 and parameters: {'n_neighbors': 3, 'leaf_size': 23, 'p': 1}. Best is trial 0 with value: 0.9.
[I 2026-04-07 03:30:38,125] Trial 18 finished with value: 0.9 and parameters: {'n_neighbors': 5, 'leaf_size': 31, 'p': 1}. Best is trial 0 with value: 0.9.
[I 2026-04-07 03:30:38,159] Trial 19 finished with value: 0.9 and parameters: {'n_neighbors': 6, 'leaf_size': 40, 'p': 1}. Best is trial 0 with value: 0.9.
[I 2026-04-07 03:30:38,182] Trial 20 finished with value: 0.9 and parameters: {'n_neighbors': 8, 'leaf_size': 25, 'p': 1}. Best is trial 0 with value: 0.9.
[I 2026-04-07 03:30:38,216] Trial 21 finished with value: 0.9 and parameters: {'n_neighbors': 3, 'leaf_size': 28, 'p': 2}. Best is trial 0 with value: 0.9.
[I 2026-04-07 03:30:38,241] Trial 22 finished with value: 0.9 and parameters: {'n_neighbors': 3, 'leaf_size': 22, 'p': 2}. Best is trial 0 with value: 0.9.
[I 2026-04-07 03:30:38,265] Trial 23 finished with value: 0.9 and parameters: {'n_neighbors': 4, 'leaf_size': 26, 'p': 2}. Best is trial 0 with value: 0.9.
[I 2026-04-07 03:30:38,289] Trial 24 finished with value: 0.9 and parameters: {'n_neighbors': 3, 'leaf_size': 28, 'p': 2}. Best is trial 0 with value: 0.9.
[I 2026-04-07 03:30:38,314] Trial 25 finished with value: 0.9 and parameters: {'n_neighbors': 4, 'leaf_size': 32, 'p': 2}. Best is trial 0 with value: 0.9.
[I 2026-04-07 03:30:38,349] Trial 26 finished with value: 0.9 and parameters: {'n_neighbors': 5, 'leaf_size': 29, 'p': 2}. Best is trial 0 with value: 0.9.
[I 2026-04-07 03:30:38,376] Trial 27 finished with value: 0.9 and parameters: {'n_neighbors': 3, 'leaf_size': 25, 'p': 1}. Best is trial 0 with value: 0.9.
[I 2026-04-07 03:30:38,398] Trial 28 finished with value: 0.9 and parameters: {'n_neighbors': 4, 'leaf_size': 27, 'p': 2}. Best is trial 0 with value: 0.9.
[I 2026-04-07 03:30:38,421] Trial 29 finished with value: 0.9 and parameters: {'n_neighbors': 6, 'leaf_size': 21, 'p': 1}. Best is trial 0 with value: 0.9.
[I 2026-04-07 03:30:39,646] A new study created in memory with name: xgb
[I 2026-04-07 03:30:39,672] Trial 0 finished with value: 0.95 and parameters: {'n_estimators': 40, 'max_depth': 30, 'gamma': 0.47665736245940726, 'subsample': 0.6240505842067796, 'colsample_bytree': 0.542029825582675}. Best is trial 0 with value: 0.95.
[I 2026-04-07 03:30:39,708] Trial 1 finished with value: 0.95 and parameters: {'n_estimators': 100, 'max_depth': 5, 'gamma': 0.6154838340124683, 'subsample': 0.9490035591125747, 'colsample_bytree': 0.8334494864598183}. Best is trial 0 with value: 0.95.
[I 2026-04-07 03:30:39,735] Trial 2 finished with value: 0.95 and parameters: {'n_estimators': 40, 'max_depth': 20, 'gamma': 0.9464719685739904, 'subsample': 0.9018698850061588, 'colsample_bytree': 0.9916796241121663}. Best is trial 0 with value: 0.95.
[I 2026-04-07 03:30:39,771] Trial 3 finished with value: 0.925 and parameters: {'n_estimators': 100, 'max_depth': 30, 'gamma': 0.26698751824101463, 'subsample': 0.6215578376567042, 'colsample_bytree': 0.9367004215505623}. Best is trial 0 with value: 0.95.
[I 2026-04-07 03:30:39,797] Trial 4 finished with value: 0.95 and parameters: {'n_estimators': 10, 'max_depth': 20, 'gamma': 0.5301766121845122, 'subsample': 0.7177777323831729, 'colsample_bytree': 0.9352041482132656}. Best is trial 0 with value: 0.95.
[I 2026-04-07 03:30:39,825] Trial 5 finished with value: 0.925 and parameters: {'n_estimators': 100, 'max_depth': 5, 'gamma': 0.6742485862456464, 'subsample': 0.7308488312353485, 'colsample_bytree': 0.5265297122426965}. Best is trial 0 with value: 0.95.
[I 2026-04-07 03:30:39,852] Trial 6 finished with value: 0.925 and parameters: {'n_estimators': 100, 'max_depth': 30, 'gamma': 0.5360486096375219, 'subsample': 0.8488681925618888, 'colsample_bytree': 0.900578215847843}. Best is trial 0 with value: 0.95.
[I 2026-04-07 03:30:39,880] Trial 7 finished with value: 0.95 and parameters: {'n_estimators': 40, 'max_depth': 5, 'gamma': 0.4997010655396419, 'subsample': 0.7490698051808964, 'colsample_bytree': 0.7071731623998108}. Best is trial 0 with value: 0.95.
[I 2026-04-07 03:30:39,918] Trial 8 finished with value: 0.925 and parameters: {'n_estimators': 100, 'max_depth': 5, 'gamma': 0.5449029446194361, 'subsample': 0.7150234071055932, 'colsample_bytree': 0.8673829085180849}. Best is trial 0 with value: 0.95.
[I 2026-04-07 03:30:39,946] Trial 9 finished with value: 0.95 and parameters: {'n_estimators': 100, 'max_depth': 30, 'gamma': 0.5427360453562716, 'subsample': 0.5915763668266103, 'colsample_bytree': 0.5546552575823498}. Best is trial 0 with value: 0.95.
[I 2026-04-07 03:30:39,985] Trial 10 finished with value: 0.95 and parameters: {'n_estimators': 40, 'max_depth': 30, 'gamma': 0.14684638844211245, 'subsample': 0.5183047662344111, 'colsample_bytree': 0.6399757283243361}. Best is trial 0 with value: 0.95.
[I 2026-04-07 03:30:40,033] Trial 11 finished with value: 0.95 and parameters: {'n_estimators': 10, 'max_depth': 5, 'gamma': 0.7404734538708532, 'subsample': 0.9683640491533567, 'colsample_bytree': 0.791290368973991}. Best is trial 0 with value: 0.95.
[I 2026-04-07 03:30:40,073] Trial 12 finished with value: 0.95 and parameters: {'n_estimators': 40, 'max_depth': 30, 'gamma': 0.33003106543330485, 'subsample': 0.837351019418467, 'colsample_bytree': 0.8016486854551674}. Best is trial 0 with value: 0.95.
[I 2026-04-07 03:30:40,114] Trial 13 finished with value: 0.95 and parameters: {'n_estimators': 40, 'max_depth': 5, 'gamma': 0.7493472740896592, 'subsample': 0.6284003687490249, 'colsample_bytree': 0.6619906998059255}. Best is trial 0 with value: 0.95.
[I 2026-04-07 03:30:40,152] Trial 14 finished with value: 0.925 and parameters: {'n_estimators': 10, 'max_depth': 20, 'gamma': 0.3809802685803019, 'subsample': 0.9899457651138078, 'colsample_bytree': 0.5959354756466476}. Best is trial 0 with value: 0.95.
[I 2026-04-07 03:30:40,191] Trial 15 finished with value: 0.95 and parameters: {'n_estimators': 100, 'max_depth': 30, 'gamma': 0.9943112714517324, 'subsample': 0.8200359995329215, 'colsample_bytree': 0.7284824247049743}. Best is trial 0 with value: 0.95.
[I 2026-04-07 03:30:40,230] Trial 16 finished with value: 0.925 and parameters: {'n_estimators': 40, 'max_depth': 5, 'gamma': 0.6648730456079014, 'subsample': 0.5265430700079919, 'colsample_bytree': 0.8225676920784882}. Best is trial 0 with value: 0.95.
[I 2026-04-07 03:30:40,271] Trial 17 finished with value: 0.95 and parameters: {'n_estimators': 100, 'max_depth': 5, 'gamma': 0.41547611635775555, 'subsample': 0.6518240843907721, 'colsample_bytree': 0.5068086515296648}. Best is trial 0 with value: 0.95.
[I 2026-04-07 03:30:40,309] Trial 18 finished with value: 0.95 and parameters: {'n_estimators': 40, 'max_depth': 30, 'gamma': 0.7925179805378093, 'subsample': 0.9180923362841127, 'colsample_bytree': 0.6573173889505894}. Best is trial 0 with value: 0.95.
[I 2026-04-07 03:30:40,347] Trial 19 finished with value: 0.95 and parameters: {'n_estimators': 10, 'max_depth': 20, 'gamma': 0.8484091708840186, 'subsample': 0.6752045869249022, 'colsample_bytree': 0.7651203651494868}. Best is trial 0 with value: 0.95.
[I 2026-04-07 03:30:40,384] Trial 20 finished with value: 0.925 and parameters: {'n_estimators': 40, 'max_depth': 30, 'gamma': 0.6498309549927597, 'subsample': 0.7888679374142473, 'colsample_bytree': 0.8592552998008142}. Best is trial 0 with value: 0.95.
[I 2026-04-07 03:30:40,422] Trial 21 finished with value: 0.95 and parameters: {'n_estimators': 40, 'max_depth': 20, 'gamma': 0.9224833808115213, 'subsample': 0.907726321748267, 'colsample_bytree': 0.991811029277949}. Best is trial 0 with value: 0.95.
[I 2026-04-07 03:30:40,460] Trial 22 finished with value: 0.925 and parameters: {'n_estimators': 40, 'max_depth': 20, 'gamma': 0.2522143597351267, 'subsample': 0.8993960847725873, 'colsample_bytree': 0.97846034880731}. Best is trial 0 with value: 0.95.
[I 2026-04-07 03:30:40,501] Trial 23 finished with value: 0.925 and parameters: {'n_estimators': 40, 'max_depth': 20, 'gamma': 0.4192326662590322, 'subsample': 0.9438496634428782, 'colsample_bytree': 0.8511404282671045}. Best is trial 0 with value: 0.95.
[I 2026-04-07 03:30:40,541] Trial 24 finished with value: 0.925 and parameters: {'n_estimators': 40, 'max_depth': 20, 'gamma': 0.9070154313790706, 'subsample': 0.8709502969651824, 'colsample_bytree': 0.593959043632211}. Best is trial 0 with value: 0.95.
[I 2026-04-07 03:30:40,591] Trial 25 finished with value: 0.925 and parameters: {'n_estimators': 100, 'max_depth': 20, 'gamma': 0.6005168462473008, 'subsample': 0.5686027666375084, 'colsample_bytree': 0.920206448802743}. Best is trial 0 with value: 0.95.
[I 2026-04-07 03:30:40,630] Trial 26 finished with value: 0.95 and parameters: {'n_estimators': 40, 'max_depth': 5, 'gamma': 0.4590600199155305, 'subsample': 0.7890142212091552, 'colsample_bytree': 0.6978865374096721}. Best is trial 0 with value: 0.95.
[I 2026-04-07 03:30:40,668] Trial 27 finished with value: 0.925 and parameters: {'n_estimators': 40, 'max_depth': 5, 'gamma': 0.1495926832334486, 'subsample': 0.9486485992226238, 'colsample_bytree': 0.7565589188962993}. Best is trial 0 with value: 0.95.
[I 2026-04-07 03:30:40,708] Trial 28 finished with value: 0.95 and parameters: {'n_estimators': 10, 'max_depth': 30, 'gamma': 0.9872479321279979, 'subsample': 0.8816978528639977, 'colsample_bytree': 0.9722594412047804}. Best is trial 0 with value: 0.95.
[I 2026-04-07 03:30:40,747] Trial 29 finished with value: 0.925 and parameters: {'n_estimators': 100, 'max_depth': 20, 'gamma': 0.26270274024487045, 'subsample': 0.6892710113302492, 'colsample_bytree': 0.8930451319107932}. Best is trial 0 with value: 0.95.
[I 2026-04-07 03:30:41,681] A new study created in memory with name: rf
[I 2026-04-07 03:30:41,799] Trial 0 finished with value: 0.9 and parameters: {'n_estimators': 104, 'max_depth': 12, 'min_samples_split': 6, 'min_samples_leaf': 2}. Best is trial 0 with value: 0.9.
[I 2026-04-07 03:30:42,016] Trial 1 finished with value: 0.925 and parameters: {'n_estimators': 156, 'max_depth': 6, 'min_samples_split': 5, 'min_samples_leaf': 3}. Best is trial 1 with value: 0.925.
[I 2026-04-07 03:30:42,173] Trial 2 finished with value: 0.925 and parameters: {'n_estimators': 133, 'max_depth': 9, 'min_samples_split': 3, 'min_samples_leaf': 9}. Best is trial 1 with value: 0.925.
[I 2026-04-07 03:30:42,686] Trial 3 finished with value: 0.9 and parameters: {'n_estimators': 481, 'max_depth': 3, 'min_samples_split': 8, 'min_samples_leaf': 6}. Best is trial 1 with value: 0.925.
[I 2026-04-07 03:30:43,149] Trial 4 finished with value: 0.925 and parameters: {'n_estimators': 460, 'max_depth': 15, 'min_samples_split': 6, 'min_samples_leaf': 8}. Best is trial 1 with value: 0.925.
[I 2026-04-07 03:30:43,421] Trial 5 finished with value: 0.925 and parameters: {'n_estimators': 254, 'max_depth': 15, 'min_samples_split': 9, 'min_samples_leaf': 5}. Best is trial 1 with value: 0.925.
[I 2026-04-07 03:30:43,894] Trial 6 finished with value: 0.925 and parameters: {'n_estimators': 477, 'max_depth': 17, 'min_samples_split': 10, 'min_samples_leaf': 2}. Best is trial 1 with value: 0.925.
[I 2026-04-07 03:30:44,222] Trial 7 finished with value: 0.9 and parameters: {'n_estimators': 308, 'max_depth': 20, 'min_samples_split': 7, 'min_samples_leaf': 9}. Best is trial 1 with value: 0.925.
[I 2026-04-07 03:30:44,714] Trial 8 finished with value: 0.925 and parameters: {'n_estimators': 489, 'max_depth': 6, 'min_samples_split': 4, 'min_samples_leaf': 9}. Best is trial 1 with value: 0.925.
[I 2026-04-07 03:30:45,206] Trial 9 finished with value: 0.925 and parameters: {'n_estimators': 463, 'max_depth': 16, 'min_samples_split': 5, 'min_samples_leaf': 5}. Best is trial 1 with value: 0.925.
[I 2026-04-07 03:30:45,457] Trial 10 finished with value: 0.95 and parameters: {'n_estimators': 225, 'max_depth': 3, 'min_samples_split': 2, 'min_samples_leaf': 1}. Best is trial 10 with value: 0.95.
[I 2026-04-07 03:30:45,728] Trial 11 finished with value: 0.925 and parameters: {'n_estimators': 203, 'max_depth': 3, 'min_samples_split': 2, 'min_samples_leaf': 1}. Best is trial 10 with value: 0.95.
[I 2026-04-07 03:30:45,971] Trial 12 finished with value: 0.925 and parameters: {'n_estimators': 197, 'max_depth': 7, 'min_samples_split': 2, 'min_samples_leaf': 3}. Best is trial 10 with value: 0.95.
[I 2026-04-07 03:30:46,300] Trial 13 finished with value: 0.925 and parameters: {'n_estimators': 308, 'max_depth': 6, 'min_samples_split': 4, 'min_samples_leaf': 3}. Best is trial 10 with value: 0.95.
[I 2026-04-07 03:30:46,705] Trial 14 finished with value: 0.95 and parameters: {'n_estimators': 374, 'max_depth': 11, 'min_samples_split': 4, 'min_samples_leaf': 1}. Best is trial 10 with value: 0.95.
[I 2026-04-07 03:30:47,120] Trial 15 finished with value: 0.95 and parameters: {'n_estimators': 381, 'max_depth': 11, 'min_samples_split': 3, 'min_samples_leaf': 1}. Best is trial 10 with value: 0.95.
[I 2026-04-07 03:30:47,513] Trial 16 finished with value: 0.925 and parameters: {'n_estimators': 380, 'max_depth': 12, 'min_samples_split': 3, 'min_samples_leaf': 4}. Best is trial 10 with value: 0.95.
[I 2026-04-07 03:30:47,930] Trial 17 finished with value: 0.925 and parameters: {'n_estimators': 359, 'max_depth': 9, 'min_samples_split': 2, 'min_samples_leaf': 7}. Best is trial 10 with value: 0.95.
[I 2026-04-07 03:30:48,232] Trial 18 finished with value: 0.925 and parameters: {'n_estimators': 269, 'max_depth': 19, 'min_samples_split': 4, 'min_samples_leaf': 1}. Best is trial 10 with value: 0.95.
[I 2026-04-07 03:30:48,730] Trial 19 finished with value: 0.925 and parameters: {'n_estimators': 427, 'max_depth': 9, 'min_samples_split': 5, 'min_samples_leaf': 2}. Best is trial 10 with value: 0.95.
