[I 2026-04-09 20:51:43,139] Trial 14 finished with value: 0.675 and parameters: {'n_neighbors': 8, 'leaf_size': 29, 'p': 1}. Best is trial 10 with value: 0.775.
[I 2026-04-09 20:51:43,166] Trial 15 finished with value: 0.775 and parameters: {'n_neighbors': 9, 'leaf_size': 33, 'p': 1}. Best is trial 10 with value: 0.775.
[I 2026-04-09 20:51:43,193] Trial 16 finished with value: 0.675 and parameters: {'n_neighbors': 8, 'leaf_size': 29, 'p': 1}. Best is trial 10 with value: 0.775.
[I 2026-04-09 20:51:43,218] Trial 17 finished with value: 0.775 and parameters: {'n_neighbors': 9, 'leaf_size': 36, 'p': 1}. Best is trial 10 with value: 0.775.
[I 2026-04-09 20:51:43,243] Trial 18 finished with value: 0.725 and parameters: {'n_neighbors': 10, 'leaf_size': 32, 'p': 1}. Best is trial 10 with value: 0.775.
[I 2026-04-09 20:51:43,268] Trial 19 finished with value: 0.625 and parameters: {'n_neighbors': 7, 'leaf_size': 27, 'p': 1}. Best is trial 10 with value: 0.775.
[I 2026-04-09 20:51:43,291] Trial 20 finished with value: 0.775 and parameters: {'n_neighbors': 9, 'leaf_size': 35, 'p': 1}. Best is trial 10 with value: 0.775.
[I 2026-04-09 20:51:43,314] Trial 21 finished with value: 0.775 and parameters: {'n_neighbors': 9, 'leaf_size': 39, 'p': 1}. Best is trial 10 with value: 0.775.
[I 2026-04-09 20:51:43,347] Trial 22 finished with value: 0.675 and parameters: {'n_neighbors': 8, 'leaf_size': 40, 'p': 1}. Best is trial 10 with value: 0.775.
[I 2026-04-09 20:51:43,380] Trial 23 finished with value: 0.725 and parameters: {'n_neighbors': 10, 'leaf_size': 37, 'p': 1}. Best is trial 10 with value: 0.775.
[I 2026-04-09 20:51:43,405] Trial 24 finished with value: 0.775 and parameters: {'n_neighbors': 9, 'leaf_size': 31, 'p': 1}. Best is trial 10 with value: 0.775.
[I 2026-04-09 20:51:43,428] Trial 25 finished with value: 0.625 and parameters: {'n_neighbors': 7, 'leaf_size': 35, 'p': 1}. Best is trial 10 with value: 0.775.
[I 2026-04-09 20:51:43,457] Trial 26 finished with value: 0.675 and parameters: {'n_neighbors': 8, 'leaf_size': 40, 'p': 1}. Best is trial 10 with value: 0.775.
[I 2026-04-09 20:51:43,479] Trial 27 finished with value: 0.775 and parameters: {'n_neighbors': 9, 'leaf_size': 21, 'p': 1}. Best is trial 10 with value: 0.775.
[I 2026-04-09 20:51:43,504] Trial 28 finished with value: 0.725 and parameters: {'n_neighbors': 10, 'leaf_size': 28, 'p': 1}. Best is trial 10 with value: 0.775.
[I 2026-04-09 20:51:43,530] Trial 29 finished with value: 0.65 and parameters: {'n_neighbors': 8, 'leaf_size': 38, 'p': 2}. Best is trial 10 with value: 0.775.
[I 2026-04-09 20:51:45,236] A new study created in memory with name: xgb
[I 2026-04-09 20:51:45,261] Trial 0 finished with value: 0.95 and parameters: {'n_estimators': 40, 'max_depth': 5, 'gamma': 0.789317070832284, 'subsample': 0.7592089939364717, 'colsample_bytree': 0.648400250788111}. Best is trial 0 with value: 0.95.
[I 2026-04-09 20:51:45,285] Trial 1 finished with value: 0.95 and parameters: {'n_estimators': 100, 'max_depth': 30, 'gamma': 0.34667781579300216, 'subsample': 0.7071175095405257, 'colsample_bytree': 0.6480399663668239}. Best is trial 0 with value: 0.95.
[I 2026-04-09 20:51:45,311] Trial 2 finished with value: 0.95 and parameters: {'n_estimators': 10, 'max_depth': 20, 'gamma': 0.3948075529198607, 'subsample': 0.5720821503267102, 'colsample_bytree': 0.5828064306006338}. Best is trial 0 with value: 0.95.
[I 2026-04-09 20:51:45,336] Trial 3 finished with value: 0.9 and parameters: {'n_estimators': 10, 'max_depth': 30, 'gamma': 0.8015631269999768, 'subsample': 0.5114665462195407, 'colsample_bytree': 0.788831429064878}. Best is trial 0 with value: 0.95.
[I 2026-04-09 20:51:45,374] Trial 4 finished with value: 0.95 and parameters: {'n_estimators': 100, 'max_depth': 5, 'gamma': 0.8834347783013348, 'subsample': 0.961374806972835, 'colsample_bytree': 0.5011071062662218}. Best is trial 0 with value: 0.95.
[I 2026-04-09 20:51:45,402] Trial 5 finished with value: 0.975 and parameters: {'n_estimators': 40, 'max_depth': 5, 'gamma': 0.5364379674896123, 'subsample': 0.5145557818363589, 'colsample_bytree': 0.5432628442011025}. Best is trial 5 with value: 0.975.
[I 2026-04-09 20:51:45,449] Trial 6 finished with value: 0.95 and parameters: {'n_estimators': 100, 'max_depth': 20, 'gamma': 0.6718205850237038, 'subsample': 0.9059511955902053, 'colsample_bytree': 0.9633413076219371}. Best is trial 5 with value: 0.975.
[I 2026-04-09 20:51:45,475] Trial 7 finished with value: 0.875 and parameters: {'n_estimators': 10, 'max_depth': 30, 'gamma': 0.8165284487704038, 'subsample': 0.5255714015506736, 'colsample_bytree': 0.594333867896554}. Best is trial 5 with value: 0.975.
[I 2026-04-09 20:51:45,511] Trial 8 finished with value: 0.975 and parameters: {'n_estimators': 100, 'max_depth': 20, 'gamma': 0.6251497693480509, 'subsample': 0.9696496759824258, 'colsample_bytree': 0.9717700410079397}. Best is trial 5 with value: 0.975.
[I 2026-04-09 20:51:45,538] Trial 9 finished with value: 0.95 and parameters: {'n_estimators': 40, 'max_depth': 30, 'gamma': 0.9649927737686168, 'subsample': 0.6857563076640036, 'colsample_bytree': 0.5061847058001788}. Best is trial 5 with value: 0.975.
[I 2026-04-09 20:51:45,575] Trial 10 finished with value: 0.975 and parameters: {'n_estimators': 40, 'max_depth': 5, 'gamma': 0.17962098877423716, 'subsample': 0.8185311023645913, 'colsample_bytree': 0.7898330861721071}. Best is trial 5 with value: 0.975.
[I 2026-04-09 20:51:45,614] Trial 11 finished with value: 0.975 and parameters: {'n_estimators': 40, 'max_depth': 20, 'gamma': 0.5304178328780275, 'subsample': 0.6388052294316233, 'colsample_bytree': 0.9523787574342063}. Best is trial 5 with value: 0.975.
[I 2026-04-09 20:51:45,664] Trial 12 finished with value: 0.95 and parameters: {'n_estimators': 100, 'max_depth': 5, 'gamma': 0.5696439826398885, 'subsample': 0.8552352886814291, 'colsample_bytree': 0.8613659655163468}. Best is trial 5 with value: 0.975.
[I 2026-04-09 20:51:45,700] Trial 13 finished with value: 0.975 and parameters: {'n_estimators': 40, 'max_depth': 20, 'gamma': 0.6143565345460473, 'subsample': 0.9982774069433007, 'colsample_bytree': 0.8739399509582558}. Best is trial 5 with value: 0.975.
[I 2026-04-09 20:51:45,735] Trial 14 finished with value: 0.95 and parameters: {'n_estimators': 100, 'max_depth': 20, 'gamma': 0.4856975542205138, 'subsample': 0.6261700290644392, 'colsample_bytree': 0.7221120520809101}. Best is trial 5 with value: 0.975.
[I 2026-04-09 20:51:45,789] Trial 15 finished with value: 0.975 and parameters: {'n_estimators': 100, 'max_depth': 5, 'gamma': 0.6879849342040444, 'subsample': 0.8060973220299602, 'colsample_bytree': 0.8984734844460647}. Best is trial 5 with value: 0.975.
[I 2026-04-09 20:51:45,832] Trial 16 finished with value: 0.95 and parameters: {'n_estimators': 40, 'max_depth': 20, 'gamma': 0.28348273058911083, 'subsample': 0.9030781308369584, 'colsample_bytree': 0.7130873994589939}. Best is trial 5 with value: 0.975.
[I 2026-04-09 20:51:45,870] Trial 17 finished with value: 0.95 and parameters: {'n_estimators': 40, 'max_depth': 5, 'gamma': 0.4542223897838519, 'subsample': 0.741913118130876, 'colsample_bytree': 0.9950595795464995}. Best is trial 5 with value: 0.975.
[I 2026-04-09 20:51:45,909] Trial 18 finished with value: 0.975 and parameters: {'n_estimators': 100, 'max_depth': 5, 'gamma': 0.13456748759891074, 'subsample': 0.5940239072130228, 'colsample_bytree': 0.8226995476368899}. Best is trial 5 with value: 0.975.
[I 2026-04-09 20:51:45,948] Trial 19 finished with value: 0.925 and parameters: {'n_estimators': 10, 'max_depth': 20, 'gamma': 0.6904432602114849, 'subsample': 0.9069538572199282, 'colsample_bytree': 0.6676053359201292}. Best is trial 5 with value: 0.975.
[I 2026-04-09 20:51:45,998] Trial 20 finished with value: 0.975 and parameters: {'n_estimators': 100, 'max_depth': 20, 'gamma': 0.4103955284940396, 'subsample': 0.6807657686349444, 'colsample_bytree': 0.5475478628406834}. Best is trial 5 with value: 0.975.
[I 2026-04-09 20:51:46,037] Trial 21 finished with value: 0.975 and parameters: {'n_estimators': 40, 'max_depth': 5, 'gamma': 0.16135202655290554, 'subsample': 0.8170629429498005, 'colsample_bytree': 0.7804661746880159}. Best is trial 5 with value: 0.975.
[I 2026-04-09 20:51:46,073] Trial 22 finished with value: 0.975 and parameters: {'n_estimators': 40, 'max_depth': 5, 'gamma': 0.23513256918201086, 'subsample': 0.8464729758264193, 'colsample_bytree': 0.9210969012189604}. Best is trial 5 with value: 0.975.
[I 2026-04-09 20:51:46,118] Trial 23 finished with value: 0.95 and parameters: {'n_estimators': 40, 'max_depth': 5, 'gamma': 0.26137261208403306, 'subsample': 0.7812348814402996, 'colsample_bytree': 0.8377101531443852}. Best is trial 5 with value: 0.975.
[I 2026-04-09 20:51:46,153] Trial 24 finished with value: 0.975 and parameters: {'n_estimators': 40, 'max_depth': 5, 'gamma': 0.6183895611424425, 'subsample': 0.9643786275981885, 'colsample_bytree': 0.7515689392884972}. Best is trial 5 with value: 0.975.
[I 2026-04-09 20:51:46,191] Trial 25 finished with value: 0.95 and parameters: {'n_estimators': 40, 'max_depth': 5, 'gamma': 0.10417658860730901, 'subsample': 0.8658593923260336, 'colsample_bytree': 0.6926171988507626}. Best is trial 5 with value: 0.975.
[I 2026-04-09 20:51:46,231] Trial 26 finished with value: 0.975 and parameters: {'n_estimators': 40, 'max_depth': 5, 'gamma': 0.31755066166863544, 'subsample': 0.940852199611219, 'colsample_bytree': 0.6081116796783379}. Best is trial 5 with value: 0.975.
[I 2026-04-09 20:51:46,282] Trial 27 finished with value: 0.95 and parameters: {'n_estimators': 40, 'max_depth': 5, 'gamma': 0.5328903108498302, 'subsample': 0.7229414883458571, 'colsample_bytree': 0.8077422924694495}. Best is trial 5 with value: 0.975.
[I 2026-04-09 20:51:46,316] Trial 28 finished with value: 0.975 and parameters: {'n_estimators': 10, 'max_depth': 30, 'gamma': 0.20956332582862824, 'subsample': 0.9987048615397089, 'colsample_bytree': 0.7522637211890435}. Best is trial 5 with value: 0.975.
[I 2026-04-09 20:51:46,361] Trial 29 finished with value: 0.95 and parameters: {'n_estimators': 100, 'max_depth': 20, 'gamma': 0.7500802665223197, 'subsample': 0.7615417681382642, 'colsample_bytree': 0.6414944071563041}. Best is trial 5 with value: 0.975.
[I 2026-04-09 20:51:46,838] A new study created in memory with name: rf
[I 2026-04-09 20:51:47,087] Trial 0 finished with value: 0.875 and parameters: {'n_estimators': 189, 'max_depth': 18, 'min_samples_split': 3, 'min_samples_leaf': 10}. Best is trial 0 with value: 0.875.
[I 2026-04-09 20:51:47,405] Trial 1 finished with value: 0.95 and parameters: {'n_estimators': 295, 'max_depth': 14, 'min_samples_split': 8, 'min_samples_leaf': 6}. Best is trial 1 with value: 0.95.
[I 2026-04-09 20:51:47,717] Trial 2 finished with value: 0.9 and parameters: {'n_estimators': 219, 'max_depth': 6, 'min_samples_split': 2, 'min_samples_leaf': 8}. Best is trial 1 with value: 0.95.
[I 2026-04-09 20:51:48,044] Trial 3 finished with value: 1.0 and parameters: {'n_estimators': 276, 'max_depth': 5, 'min_samples_split': 9, 'min_samples_leaf': 3}. Best is trial 3 with value: 1.0.
[I 2026-04-09 20:51:48,371] Trial 4 finished with value: 0.95 and parameters: {'n_estimators': 266, 'max_depth': 8, 'min_samples_split': 7, 'min_samples_leaf': 6}. Best is trial 3 with value: 1.0.
[I 2026-04-09 20:51:48,778] Trial 5 finished with value: 1.0 and parameters: {'n_estimators': 340, 'max_depth': 7, 'min_samples_split': 4, 'min_samples_leaf': 3}. Best is trial 3 with value: 1.0.
[I 2026-04-09 20:51:49,058] Trial 6 finished with value: 0.9 and parameters: {'n_estimators': 231, 'max_depth': 5, 'min_samples_split': 3, 'min_samples_leaf': 10}. Best is trial 3 with value: 1.0.
[I 2026-04-09 20:51:49,607] Trial 7 finished with value: 1.0 and parameters: {'n_estimators': 485, 'max_depth': 6, 'min_samples_split': 2, 'min_samples_leaf': 3}. Best is trial 3 with value: 1.0.
[I 2026-04-09 20:51:50,039] Trial 8 finished with value: 0.95 and parameters: {'n_estimators': 380, 'max_depth': 17, 'min_samples_split': 2, 'min_samples_leaf': 6}. Best is trial 3 with value: 1.0.
[I 2026-04-09 20:51:50,196] Trial 9 finished with value: 0.9 and parameters: {'n_estimators': 100, 'max_depth': 12, 'min_samples_split': 7, 'min_samples_leaf': 10}. Best is trial 3 with value: 1.0.
[I 2026-04-09 20:51:50,721] Trial 10 finished with value: 1.0 and parameters: {'n_estimators': 446, 'max_depth': 3, 'min_samples_split': 10, 'min_samples_leaf': 2}. Best is trial 3 with value: 1.0.
[I 2026-04-09 20:51:51,190] Trial 11 finished with value: 1.0 and parameters: {'n_estimators': 364, 'max_depth': 9, 'min_samples_split': 10, 'min_samples_leaf': 4}. Best is trial 3 with value: 1.0.
[I 2026-04-09 20:51:51,619] Trial 12 finished with value: 1.0 and parameters: {'n_estimators': 379, 'max_depth': 10, 'min_samples_split': 5, 'min_samples_leaf': 1}. Best is trial 3 with value: 1.0.
[I 2026-04-09 20:51:52,025] Trial 13 finished with value: 1.0 and parameters: {'n_estimators': 321, 'max_depth': 4, 'min_samples_split': 5, 'min_samples_leaf': 4}. Best is trial 3 with value: 1.0.
[I 2026-04-09 20:51:52,287] Trial 14 finished with value: 0.975 and parameters: {'n_estimators': 173, 'max_depth': 7, 'min_samples_split': 5, 'min_samples_leaf': 1}. Best is trial 3 with value: 1.0.
[I 2026-04-09 20:51:52,708] Trial 15 finished with value: 1.0 and parameters: {'n_estimators': 334, 'max_depth': 12, 'min_samples_split': 9, 'min_samples_leaf': 4}. Best is trial 3 with value: 1.0.
[I 2026-04-09 20:51:53,251] Trial 16 finished with value: 1.0 and parameters: {'n_estimators': 419, 'max_depth': 10, 'min_samples_split': 4, 'min_samples_leaf': 3}. Best is trial 3 with value: 1.0.
[I 2026-04-09 20:51:53,650] Trial 17 finished with value: 1.0 and parameters: {'n_estimators': 276, 'max_depth': 3, 'min_samples_split': 7, 'min_samples_leaf': 2}. Best is trial 3 with value: 1.0.
[I 2026-04-09 20:51:53,837] Trial 18 finished with value: 1.0 and parameters: {'n_estimators': 110, 'max_depth': 15, 'min_samples_split': 6, 'min_samples_leaf': 5}. Best is trial 3 with value: 1.0.
[I 2026-04-09 20:51:54,173] Trial 19 finished with value: 0.9 and parameters: {'n_estimators': 249, 'max_depth': 8, 'min_samples_split': 9, 'min_samples_leaf': 8}. Best is trial 3 with value: 1.0.
[I 2026-04-09 20:51:54,561] Trial 20 finished with value: 1.0 and parameters: {'n_estimators': 323, 'max_depth': 6, 'min_samples_split': 4, 'min_samples_leaf': 2}. Best is trial 3 with value: 1.0.
[I 2026-04-09 20:51:55,124] Trial 21 finished with value: 1.0 and parameters: {'n_estimators': 498, 'max_depth': 5, 'min_samples_split': 3, 'min_samples_leaf': 3}. Best is trial 3 with value: 1.0.
[I 2026-04-09 20:51:55,696] Trial 22 finished with value: 1.0 and parameters: {'n_estimators': 494, 'max_depth': 20, 'min_samples_split': 4, 'min_samples_leaf': 3}. Best is trial 3 with value: 1.0.
[I 2026-04-09 20:51:56,229] Trial 23 finished with value: 1.0 and parameters: {'n_estimators': 426, 'max_depth': 7, 'min_samples_split': 2, 'min_samples_leaf': 5}. Best is trial 3 with value: 1.0.
[I 2026-04-09 20:51:56,440] Trial 24 finished with value: 1.0 and parameters: {'n_estimators': 152, 'max_depth': 5, 'min_samples_split': 6, 'min_samples_leaf': 3}. Best is trial 3 with value: 1.0.
[I 2026-04-09 20:51:57,013] Trial 25 finished with value: 1.0 and parameters: {'n_estimators': 445, 'max_depth': 10, 'min_samples_split': 3, 'min_samples_leaf': 1}. Best is trial 3 with value: 1.0.
[I 2026-04-09 20:51:57,436] Trial 26 finished with value: 1.0 and parameters: {'n_estimators': 352, 'max_depth': 7, 'min_samples_split': 8, 'min_samples_leaf': 4}. Best is trial 3 with value: 1.0.
[I 2026-04-09 20:51:57,790] Trial 27 finished with value: 1.0 and parameters: {'n_estimators': 297, 'max_depth': 4, 'min_samples_split': 4, 'min_samples_leaf': 2}. Best is trial 3 with value: 1.0.
[I 2026-04-09 20:51:58,259] Trial 28 finished with value: 0.95 and parameters: {'n_estimators': 409, 'max_depth': 9, 'min_samples_split': 6, 'min_samples_leaf': 5}. Best is trial 3 with value: 1.0.
[I 2026-04-09 20:51:58,518] Trial 29 finished with value: 1.0 and parameters: {'n_estimators': 197, 'max_depth': 6, 'min_samples_split': 2, 'min_samples_leaf': 3}. Best is trial 3 with value: 1.0.
[I 2026-04-09 20:52:02,127] A new study created in memory with name: mlp
[I 2026-04-09 20:52:02,172] Trial 0 finished with value: 0.75 and parameters: {'hidden_layer_sizes': (200,), 'max_iter': 50, 'alpha': 0.001}. Best is trial 0 with value: 0.75.
[I 2026-04-09 20:52:02,228] Trial 1 finished with value: 0.7 and parameters: {'hidden_layer_sizes': (100,), 'max_iter': 100, 'alpha': 0.0001}. Best is trial 0 with value: 0.75.
[I 2026-04-09 20:52:02,295] Trial 2 finished with value: 0.725 and parameters: {'hidden_layer_sizes': (100,), 'max_iter': 100, 'alpha': 0.001}. Best is trial 0 with value: 0.75.
[I 2026-04-09 20:52:02,351] Trial 3 finished with value: 0.725 and parameters: {'hidden_layer_sizes': (200,), 'max_iter': 50, 'alpha': 0.001}. Best is trial 0 with value: 0.75.
[I 2026-04-09 20:52:02,407] Trial 4 finished with value: 0.75 and parameters: {'hidden_layer_sizes': (100,), 'max_iter': 100, 'alpha': 0.0001}. Best is trial 0 with value: 0.75.
[I 2026-04-09 20:52:02,464] Trial 5 finished with value: 0.775 and parameters: {'hidden_layer_sizes': (100,), 'max_iter': 100, 'alpha': 0.001}. Best is trial 5 with value: 0.775.
[I 2026-04-09 20:52:02,520] Trial 6 finished with value: 0.775 and parameters: {'hidden_layer_sizes': (200,), 'max_iter': 100, 'alpha': 0.001}. Best is trial 5 with value: 0.775.
[I 2026-04-09 20:52:02,577] Trial 7 finished with value: 0.75 and parameters: {'hidden_layer_sizes': (200,), 'max_iter': 100, 'alpha': 0.001}. Best is trial 5 with value: 0.775.
[I 2026-04-09 20:52:02,641] Trial 8 finished with value: 0.725 and parameters: {'hidden_layer_sizes': (100,), 'max_iter': 100, 'alpha': 0.001}. Best is trial 5 with value: 0.775.
[I 2026-04-09 20:52:02,682] Trial 9 finished with value: 0.675 and parameters: {'hidden_layer_sizes': (100,), 'max_iter': 50, 'alpha': 0.001}. Best is trial 5 with value: 0.775.
[I 2026-04-09 20:52:02,742] Trial 10 finished with value: 0.675 and parameters: {'hidden_layer_sizes': (100, 100), 'max_iter': 50, 'alpha': 0.0001}. Best is trial 5 with value: 0.775.
[I 2026-04-09 20:52:02,819] Trial 11 finished with value: 0.75 and parameters: {'hidden_layer_sizes': (100, 100), 'max_iter': 100, 'alpha': 0.001}. Best is trial 5 with value: 0.775.
[I 2026-04-09 20:52:02,887] Trial 12 finished with value: 0.775 and parameters: {'hidden_layer_sizes': (200,), 'max_iter': 100, 'alpha': 0.001}. Best is trial 5 with value: 0.775.
[I 2026-04-09 20:52:02,952] Trial 13 finished with value: 0.775 and parameters: {'hidden_layer_sizes': (200,), 'max_iter': 100, 'alpha': 0.001}. Best is trial 5 with value: 0.775.
[I 2026-04-09 20:52:03,027] Trial 14 finished with value: 0.775 and parameters: {'hidden_layer_sizes': (100, 100), 'max_iter': 100, 'alpha': 0.0001}. Best is trial 5 with value: 0.775.
[I 2026-04-09 20:52:03,098] Trial 15 finished with value: 0.75 and parameters: {'hidden_layer_sizes': (100,), 'max_iter': 100, 'alpha': 0.001}. Best is trial 5 with value: 0.775.
[I 2026-04-09 20:52:03,177] Trial 16 finished with value: 0.8 and parameters: {'hidden_layer_sizes': (200,), 'max_iter': 100, 'alpha': 0.001}. Best is trial 16 with value: 0.8.
[I 2026-04-09 20:52:03,237] Trial 17 finished with value: 0.75 and parameters: {'hidden_layer_sizes': (200,), 'max_iter': 100, 'alpha': 0.001}. Best is trial 16 with value: 0.8.
[I 2026-04-09 20:52:03,276] Trial 18 finished with value: 0.75 and parameters: {'hidden_layer_sizes': (100,), 'max_iter': 50, 'alpha': 0.0001}. Best is trial 16 with value: 0.8.
[I 2026-04-09 20:52:03,379] Trial 19 finished with value: 0.75 and parameters: {'hidden_layer_sizes': (100, 100), 'max_iter': 100, 'alpha': 0.001}. Best is trial 16 with value: 0.8.
[I 2026-04-09 20:52:03,430] Trial 20 finished with value: 0.725 and parameters: {'hidden_layer_sizes': (100,), 'max_iter': 100, 'alpha': 0.001}. Best is trial 16 with value: 0.8.
[I 2026-04-09 20:52:03,496] Trial 21 finished with value: 0.725 and parameters: {'hidden_layer_sizes': (200,), 'max_iter': 100, 'alpha': 0.001}. Best is trial 16 with value: 0.8.
[I 2026-04-09 20:52:03,566] Trial 22 finished with value: 0.775 and parameters: {'hidden_layer_sizes': (200,), 'max_iter': 100, 'alpha': 0.001}. Best is trial 16 with value: 0.8.
[I 2026-04-09 20:52:03,637] Trial 23 finished with value: 0.775 and parameters: {'hidden_layer_sizes': (200,), 'max_iter': 100, 'alpha': 0.001}. Best is trial 16 with value: 0.8.
[I 2026-04-09 20:52:03,705] Trial 24 finished with value: 0.775 and parameters: {'hidden_layer_sizes': (200,), 'max_iter': 100, 'alpha': 0.001}. Best is trial 16 with value: 0.8.
[I 2026-04-09 20:52:03,769] Trial 25 finished with value: 0.775 and parameters: {'hidden_layer_sizes': (200,), 'max_iter': 100, 'alpha': 0.001}. Best is trial 16 with value: 0.8.
[I 2026-04-09 20:52:03,809] Trial 26 finished with value: 0.775 and parameters: {'hidden_layer_sizes': (200,), 'max_iter': 50, 'alpha': 0.0001}. Best is trial 16 with value: 0.8.
[I 2026-04-09 20:52:03,870] Trial 27 finished with value: 0.775 and parameters: {'hidden_layer_sizes': (200,), 'max_iter': 100, 'alpha': 0.001}. Best is trial 16 with value: 0.8.
[I 2026-04-09 20:52:03,966] Trial 28 finished with value: 0.7 and parameters: {'hidden_layer_sizes': (100, 100), 'max_iter': 100, 'alpha': 0.001}. Best is trial 16 with value: 0.8.
