[I 2026-04-09 21:09:23,113] Trial 22 finished with value: 0.95 and parameters: {'n_estimators': 269, 'max_depth': 4, 'min_samples_split': 9, 'min_samples_leaf': 4}. Best is trial 1 with value: 0.95.
[I 2026-04-09 21:09:23,558] Trial 23 finished with value: 0.925 and parameters: {'n_estimators': 342, 'max_depth': 8, 'min_samples_split': 7, 'min_samples_leaf': 7}. Best is trial 1 with value: 0.95.
[I 2026-04-09 21:09:23,888] Trial 24 finished with value: 0.95 and parameters: {'n_estimators': 247, 'max_depth': 11, 'min_samples_split': 10, 'min_samples_leaf': 4}. Best is trial 1 with value: 0.95.
[I 2026-04-09 21:09:24,241] Trial 25 finished with value: 0.95 and parameters: {'n_estimators': 296, 'max_depth': 6, 'min_samples_split': 8, 'min_samples_leaf': 6}. Best is trial 1 with value: 0.95.
[I 2026-04-09 21:09:24,522] Trial 26 finished with value: 0.925 and parameters: {'n_estimators': 212, 'max_depth': 13, 'min_samples_split': 9, 'min_samples_leaf': 9}. Best is trial 1 with value: 0.95.
[I 2026-04-09 21:09:24,984] Trial 27 finished with value: 0.95 and parameters: {'n_estimators': 373, 'max_depth': 9, 'min_samples_split': 7, 'min_samples_leaf': 2}. Best is trial 1 with value: 0.95.
[I 2026-04-09 21:09:25,393] Trial 28 finished with value: 0.95 and parameters: {'n_estimators': 327, 'max_depth': 5, 'min_samples_split': 6, 'min_samples_leaf': 5}. Best is trial 1 with value: 0.95.
[I 2026-04-09 21:09:25,726] Trial 29 finished with value: 0.925 and parameters: {'n_estimators': 173, 'max_depth': 18, 'min_samples_split': 3, 'min_samples_leaf': 2}. Best is trial 1 with value: 0.95.
[I 2026-04-09 21:09:29,165] A new study created in memory with name: mlp
[I 2026-04-09 21:09:29,200] Trial 0 finished with value: 0.825 and parameters: {'hidden_layer_sizes': (200,), 'max_iter': 50, 'alpha': 0.001}. Best is trial 0 with value: 0.825.
[I 2026-04-09 21:09:29,269] Trial 1 finished with value: 0.925 and parameters: {'hidden_layer_sizes': (100,), 'max_iter': 100, 'alpha': 0.0001}. Best is trial 1 with value: 0.925.
[I 2026-04-09 21:09:29,325] Trial 2 finished with value: 0.85 and parameters: {'hidden_layer_sizes': (100,), 'max_iter': 100, 'alpha': 0.001}. Best is trial 1 with value: 0.925.
[I 2026-04-09 21:09:29,358] Trial 3 finished with value: 0.75 and parameters: {'hidden_layer_sizes': (200,), 'max_iter': 50, 'alpha': 0.001}. Best is trial 1 with value: 0.925.
[I 2026-04-09 21:09:29,425] Trial 4 finished with value: 0.925 and parameters: {'hidden_layer_sizes': (100,), 'max_iter': 100, 'alpha': 0.0001}. Best is trial 1 with value: 0.925.
[I 2026-04-09 21:09:29,468] Trial 5 finished with value: 0.75 and parameters: {'hidden_layer_sizes': (100,), 'max_iter': 100, 'alpha': 0.001}. Best is trial 1 with value: 0.925.
[I 2026-04-09 21:09:29,521] Trial 6 finished with value: 0.8 and parameters: {'hidden_layer_sizes': (200,), 'max_iter': 100, 'alpha': 0.001}. Best is trial 1 with value: 0.925.
[I 2026-04-09 21:09:29,578] Trial 7 finished with value: 0.85 and parameters: {'hidden_layer_sizes': (200,), 'max_iter': 100, 'alpha': 0.001}. Best is trial 1 with value: 0.925.
[I 2026-04-09 21:09:29,622] Trial 8 finished with value: 0.875 and parameters: {'hidden_layer_sizes': (100,), 'max_iter': 100, 'alpha': 0.001}. Best is trial 1 with value: 0.925.
[I 2026-04-09 21:09:29,655] Trial 9 finished with value: 0.825 and parameters: {'hidden_layer_sizes': (100,), 'max_iter': 50, 'alpha': 0.001}. Best is trial 1 with value: 0.925.
[I 2026-04-09 21:09:29,700] Trial 10 finished with value: 0.9 and parameters: {'hidden_layer_sizes': (100, 100), 'max_iter': 50, 'alpha': 0.0001}. Best is trial 1 with value: 0.925.
[I 2026-04-09 21:09:29,776] Trial 11 finished with value: 0.85 and parameters: {'hidden_layer_sizes': (100,), 'max_iter': 100, 'alpha': 0.0001}. Best is trial 1 with value: 0.925.
[I 2026-04-09 21:09:29,849] Trial 12 finished with value: 0.9 and parameters: {'hidden_layer_sizes': (100, 100), 'max_iter': 100, 'alpha': 0.0001}. Best is trial 1 with value: 0.925.
[I 2026-04-09 21:09:29,903] Trial 13 finished with value: 0.875 and parameters: {'hidden_layer_sizes': (100,), 'max_iter': 100, 'alpha': 0.0001}. Best is trial 1 with value: 0.925.
[I 2026-04-09 21:09:29,958] Trial 14 finished with value: 0.925 and parameters: {'hidden_layer_sizes': (100,), 'max_iter': 100, 'alpha': 0.0001}. Best is trial 1 with value: 0.925.
[I 2026-04-09 21:09:30,004] Trial 15 finished with value: 0.8 and parameters: {'hidden_layer_sizes': (100,), 'max_iter': 100, 'alpha': 0.0001}. Best is trial 1 with value: 0.925.
[I 2026-04-09 21:09:30,059] Trial 16 finished with value: 0.875 and parameters: {'hidden_layer_sizes': (100, 100), 'max_iter': 100, 'alpha': 0.0001}. Best is trial 1 with value: 0.925.
[I 2026-04-09 21:09:30,103] Trial 17 finished with value: 0.675 and parameters: {'hidden_layer_sizes': (100,), 'max_iter': 100, 'alpha': 0.0001}. Best is trial 1 with value: 0.925.
[I 2026-04-09 21:09:30,137] Trial 18 finished with value: 0.825 and parameters: {'hidden_layer_sizes': (100,), 'max_iter': 50, 'alpha': 0.0001}. Best is trial 1 with value: 0.925.
[I 2026-04-09 21:09:30,207] Trial 19 finished with value: 0.9 and parameters: {'hidden_layer_sizes': (100, 100), 'max_iter': 100, 'alpha': 0.0001}. Best is trial 1 with value: 0.925.
[I 2026-04-09 21:09:30,257] Trial 20 finished with value: 0.925 and parameters: {'hidden_layer_sizes': (100,), 'max_iter': 100, 'alpha': 0.0001}. Best is trial 1 with value: 0.925.
[I 2026-04-09 21:09:30,314] Trial 21 finished with value: 0.875 and parameters: {'hidden_layer_sizes': (100,), 'max_iter': 100, 'alpha': 0.0001}. Best is trial 1 with value: 0.925.
[I 2026-04-09 21:09:30,365] Trial 22 finished with value: 0.875 and parameters: {'hidden_layer_sizes': (100,), 'max_iter': 100, 'alpha': 0.0001}. Best is trial 1 with value: 0.925.
[I 2026-04-09 21:09:30,413] Trial 23 finished with value: 0.825 and parameters: {'hidden_layer_sizes': (100,), 'max_iter': 100, 'alpha': 0.0001}. Best is trial 1 with value: 0.925.
[I 2026-04-09 21:09:30,473] Trial 24 finished with value: 0.825 and parameters: {'hidden_layer_sizes': (100,), 'max_iter': 100, 'alpha': 0.0001}. Best is trial 1 with value: 0.925.
[I 2026-04-09 21:09:30,529] Trial 25 finished with value: 0.925 and parameters: {'hidden_layer_sizes': (100,), 'max_iter': 100, 'alpha': 0.0001}. Best is trial 1 with value: 0.925.
[I 2026-04-09 21:09:30,573] Trial 26 finished with value: 0.9 and parameters: {'hidden_layer_sizes': (100,), 'max_iter': 50, 'alpha': 0.0001}. Best is trial 1 with value: 0.925.
[I 2026-04-09 21:09:30,644] Trial 27 finished with value: 0.925 and parameters: {'hidden_layer_sizes': (100,), 'max_iter': 100, 'alpha': 0.0001}. Best is trial 1 with value: 0.925.
[I 2026-04-09 21:09:30,707] Trial 28 finished with value: 0.85 and parameters: {'hidden_layer_sizes': (200,), 'max_iter': 100, 'alpha': 0.0001}. Best is trial 1 with value: 0.925.
[I 2026-04-09 21:09:30,748] Trial 29 finished with value: 0.775 and parameters: {'hidden_layer_sizes': (100, 100), 'max_iter': 50, 'alpha': 0.0001}. Best is trial 1 with value: 0.925.
[I 2026-04-09 21:09:39,586] A new study created in memory with name: naive_bayes
[I 2026-04-09 21:09:39,600] Trial 0 finished with value: 1.0 and parameters: {'var_smoothing': 2.7796258518939306e-10}. Best is trial 0 with value: 1.0.
[I 2026-04-09 21:09:39,612] Trial 1 finished with value: 1.0 and parameters: {'var_smoothing': 5.513972710118387e-09}. Best is trial 0 with value: 1.0.
[I 2026-04-09 21:09:39,635] Trial 2 finished with value: 1.0 and parameters: {'var_smoothing': 2.590826381512706e-10}. Best is trial 0 with value: 1.0.
[I 2026-04-09 21:09:39,647] Trial 3 finished with value: 1.0 and parameters: {'var_smoothing': 6.874194498027403e-09}. Best is trial 0 with value: 1.0.
[I 2026-04-09 21:09:39,659] Trial 4 finished with value: 1.0 and parameters: {'var_smoothing': 9.480306482679771e-10}. Best is trial 0 with value: 1.0.
[I 2026-04-09 21:09:39,671] Trial 5 finished with value: 1.0 and parameters: {'var_smoothing': 1.6729683536668864e-09}. Best is trial 0 with value: 1.0.
[I 2026-04-09 21:09:39,683] Trial 6 finished with value: 1.0 and parameters: {'var_smoothing': 3.402637726935598e-09}. Best is trial 0 with value: 1.0.
[I 2026-04-09 21:09:39,695] Trial 7 finished with value: 1.0 and parameters: {'var_smoothing': 1.0885189040847657e-09}. Best is trial 0 with value: 1.0.
[I 2026-04-09 21:09:39,707] Trial 8 finished with value: 1.0 and parameters: {'var_smoothing': 3.922843686541149e-10}. Best is trial 0 with value: 1.0.
[I 2026-04-09 21:09:39,719] Trial 9 finished with value: 1.0 and parameters: {'var_smoothing': 2.3737908819373785e-10}. Best is trial 0 with value: 1.0.
[I 2026-04-09 21:09:39,735] Trial 10 finished with value: 1.0 and parameters: {'var_smoothing': 1.005826617097841e-10}. Best is trial 0 with value: 1.0.
[I 2026-04-09 21:09:39,750] Trial 11 finished with value: 1.0 and parameters: {'var_smoothing': 8.246040091550826e-09}. Best is trial 0 with value: 1.0.
[I 2026-04-09 21:09:39,765] Trial 12 finished with value: 1.0 and parameters: {'var_smoothing': 5.714429769091136e-10}. Best is trial 0 with value: 1.0.
[I 2026-04-09 21:09:39,784] Trial 13 finished with value: 1.0 and parameters: {'var_smoothing': 3.0046394488828834e-09}. Best is trial 0 with value: 1.0.
[I 2026-04-09 21:09:39,816] Trial 14 finished with value: 1.0 and parameters: {'var_smoothing': 1.0161521526134228e-10}. Best is trial 0 with value: 1.0.
[I 2026-04-09 21:09:39,835] Trial 15 finished with value: 1.0 and parameters: {'var_smoothing': 3.455011319435438e-09}. Best is trial 0 with value: 1.0.
[I 2026-04-09 21:09:39,855] Trial 16 finished with value: 1.0 and parameters: {'var_smoothing': 2.2038800241203009e-10}. Best is trial 0 with value: 1.0.
[I 2026-04-09 21:09:39,879] Trial 17 finished with value: 1.0 and parameters: {'var_smoothing': 1.8515987176145925e-09}. Best is trial 0 with value: 1.0.
[I 2026-04-09 21:09:39,894] Trial 18 finished with value: 1.0 and parameters: {'var_smoothing': 5.024285700153026e-10}. Best is trial 0 with value: 1.0.
[I 2026-04-09 21:09:39,909] Trial 19 finished with value: 1.0 and parameters: {'var_smoothing': 4.958025424412893e-09}. Best is trial 0 with value: 1.0.
[I 2026-04-09 21:09:39,934] Trial 20 finished with value: 1.0 and parameters: {'var_smoothing': 8.344000526157384e-10}. Best is trial 0 with value: 1.0.
[I 2026-04-09 21:09:39,949] Trial 21 finished with value: 1.0 and parameters: {'var_smoothing': 2.46080689865309e-10}. Best is trial 0 with value: 1.0.
[I 2026-04-09 21:09:39,966] Trial 22 finished with value: 1.0 and parameters: {'var_smoothing': 1.4445108350594728e-10}. Best is trial 0 with value: 1.0.
[I 2026-04-09 21:09:40,010] Trial 23 finished with value: 1.0 and parameters: {'var_smoothing': 3.3715577896606737e-10}. Best is trial 0 with value: 1.0.
[I 2026-04-09 21:09:40,028] Trial 24 finished with value: 1.0 and parameters: {'var_smoothing': 1.572466431855027e-10}. Best is trial 0 with value: 1.0.
[I 2026-04-09 21:09:40,046] Trial 25 finished with value: 1.0 and parameters: {'var_smoothing': 7.281746293576245e-10}. Best is trial 0 with value: 1.0.
[I 2026-04-09 21:09:40,075] Trial 26 finished with value: 1.0 and parameters: {'var_smoothing': 3.386254640873244e-10}. Best is trial 0 with value: 1.0.
[I 2026-04-09 21:09:40,106] Trial 27 finished with value: 1.0 and parameters: {'var_smoothing': 1.3918180959975328e-09}. Best is trial 0 with value: 1.0.
[I 2026-04-09 21:09:40,124] Trial 28 finished with value: 1.0 and parameters: {'var_smoothing': 2.3715836084533434e-09}. Best is trial 0 with value: 1.0.
[I 2026-04-09 21:09:40,142] Trial 29 finished with value: 1.0 and parameters: {'var_smoothing': 9.477075781575649e-09}. Best is trial 0 with value: 1.0.
[I 2026-04-09 21:09:41,145] A new study created in memory with name: logreg
[I 2026-04-09 21:09:41,169] Trial 0 finished with value: 0.975 and parameters: {'C': 0.012881482725481003, 'penalty': 'l2'}. Best is trial 0 with value: 0.975.
[I 2026-04-09 21:09:41,181] Trial 1 finished with value: 0.95 and parameters: {'C': 22.576755560681583, 'penalty': 'l2'}. Best is trial 0 with value: 0.975.
[I 2026-04-09 21:09:41,205] Trial 2 finished with value: 0.975 and parameters: {'C': 0.010804278656839932, 'penalty': 'l2'}. Best is trial 0 with value: 0.975.
[I 2026-04-09 21:09:41,219] Trial 3 finished with value: 0.95 and parameters: {'C': 39.17910760336117, 'penalty': 'l2'}. Best is trial 0 with value: 0.975.
[I 2026-04-09 21:09:41,231] Trial 4 finished with value: 0.975 and parameters: {'C': 0.2767298094062571, 'penalty': 'l2'}. Best is trial 0 with value: 0.975.
[I 2026-04-09 21:09:41,245] Trial 5 finished with value: 0.95 and parameters: {'C': 1.1447728330837224, 'penalty': 'l2'}. Best is trial 0 with value: 0.975.
[I 2026-04-09 21:09:41,270] Trial 6 finished with value: 0.95 and parameters: {'C': 6.753661388238877, 'penalty': 'l2'}. Best is trial 0 with value: 0.975.
[I 2026-04-09 21:09:41,285] Trial 7 finished with value: 0.975 and parameters: {'C': 0.39092184460352974, 'penalty': 'l2'}. Best is trial 0 with value: 0.975.
[I 2026-04-09 21:09:41,300] Trial 8 finished with value: 0.975 and parameters: {'C': 0.03047912590082646, 'penalty': 'l2'}. Best is trial 0 with value: 0.975.
[I 2026-04-09 21:09:41,314] Trial 9 finished with value: 0.975 and parameters: {'C': 0.008681727362499118, 'penalty': 'l2'}. Best is trial 0 with value: 0.975.
[I 2026-04-09 21:09:41,347] Trial 10 finished with value: 0.975 and parameters: {'C': 0.0010146302597657177, 'penalty': 'l2'}. Best is trial 0 with value: 0.975.
[I 2026-04-09 21:09:41,365] Trial 11 finished with value: 0.975 and parameters: {'C': 0.0199662686693303, 'penalty': 'l2'}. Best is trial 0 with value: 0.975.
[I 2026-04-09 21:09:41,382] Trial 12 finished with value: 0.975 and parameters: {'C': 0.0016346313516918368, 'penalty': 'l2'}. Best is trial 0 with value: 0.975.
[I 2026-04-09 21:09:41,399] Trial 13 finished with value: 0.975 and parameters: {'C': 0.0714333727973949, 'penalty': 'l2'}. Best is trial 0 with value: 0.975.
[I 2026-04-09 21:09:41,426] Trial 14 finished with value: 0.975 and parameters: {'C': 0.004204976475301702, 'penalty': 'l2'}. Best is trial 0 with value: 0.975.
[I 2026-04-09 21:09:41,454] Trial 15 finished with value: 0.975 and parameters: {'C': 0.08940155280126451, 'penalty': 'l2'}. Best is trial 0 with value: 0.975.
[I 2026-04-09 21:09:41,471] Trial 16 finished with value: 0.975 and parameters: {'C': 0.006546178987596756, 'penalty': 'l2'}. Best is trial 0 with value: 0.975.
[I 2026-04-09 21:09:41,487] Trial 17 finished with value: 0.95 and parameters: {'C': 1.4752552821847151, 'penalty': 'l2'}. Best is trial 0 with value: 0.975.
[I 2026-04-09 21:09:41,504] Trial 18 finished with value: 0.975 and parameters: {'C': 0.02888779259712015, 'penalty': 'l2'}. Best is trial 0 with value: 0.975.
[I 2026-04-09 21:09:41,524] Trial 19 finished with value: 0.975 and parameters: {'C': 0.002520448080692226, 'penalty': 'l2'}. Best is trial 0 with value: 0.975.
[I 2026-04-09 21:09:41,539] Trial 20 finished with value: 0.975 and parameters: {'C': 0.12777586739131547, 'penalty': 'l2'}. Best is trial 0 with value: 0.975.
[I 2026-04-09 21:09:41,554] Trial 21 finished with value: 0.975 and parameters: {'C': 0.3544625185515465, 'penalty': 'l2'}. Best is trial 0 with value: 0.975.
[I 2026-04-09 21:09:41,580] Trial 22 finished with value: 0.975 and parameters: {'C': 0.011098586823166496, 'penalty': 'l2'}. Best is trial 0 with value: 0.975.
[I 2026-04-09 21:09:41,595] Trial 23 finished with value: 0.95 and parameters: {'C': 1.298341606957116, 'penalty': 'l2'}. Best is trial 0 with value: 0.975.
[I 2026-04-09 21:09:41,620] Trial 24 finished with value: 0.95 and parameters: {'C': 4.412682870894855, 'penalty': 'l2'}. Best is trial 0 with value: 0.975.
[I 2026-04-09 21:09:41,635] Trial 25 finished with value: 0.975 and parameters: {'C': 0.1656127889351, 'penalty': 'l2'}. Best is trial 0 with value: 0.975.
[I 2026-04-09 21:09:41,671] Trial 26 finished with value: 0.975 and parameters: {'C': 0.05093856596881973, 'penalty': 'l2'}. Best is trial 0 with value: 0.975.
[I 2026-04-09 21:09:41,688] Trial 27 finished with value: 0.975 and parameters: {'C': 0.015056548147890033, 'penalty': 'l2'}. Best is trial 0 with value: 0.975.
[I 2026-04-09 21:09:41,707] Trial 28 finished with value: 0.975 and parameters: {'C': 0.0030790213740075375, 'penalty': 'l2'}. Best is trial 0 with value: 0.975.
[I 2026-04-09 21:09:41,734] Trial 29 finished with value: 0.95 and parameters: {'C': 87.43511457459678, 'penalty': 'l2'}. Best is trial 0 with value: 0.975.
[I 2026-04-09 21:09:42,688] A new study created in memory with name: knn
[I 2026-04-09 21:09:42,702] Trial 0 finished with value: 0.975 and parameters: {'n_neighbors': 4, 'leaf_size': 38, 'p': 2}. Best is trial 0 with value: 0.975.
[I 2026-04-09 21:09:42,715] Trial 1 finished with value: 0.975 and parameters: {'n_neighbors': 6, 'leaf_size': 32, 'p': 1}. Best is trial 0 with value: 0.975.
[I 2026-04-09 21:09:42,727] Trial 2 finished with value: 0.975 and parameters: {'n_neighbors': 5, 'leaf_size': 23, 'p': 2}. Best is trial 0 with value: 0.975.
[I 2026-04-09 21:09:42,740] Trial 3 finished with value: 0.975 and parameters: {'n_neighbors': 6, 'leaf_size': 23, 'p': 1}. Best is trial 0 with value: 0.975.
[I 2026-04-09 21:09:42,752] Trial 4 finished with value: 0.975 and parameters: {'n_neighbors': 6, 'leaf_size': 26, 'p': 1}. Best is trial 0 with value: 0.975.
[I 2026-04-09 21:09:42,768] Trial 5 finished with value: 0.975 and parameters: {'n_neighbors': 7, 'leaf_size': 25, 'p': 1}. Best is trial 0 with value: 0.975.
[I 2026-04-09 21:09:42,785] Trial 6 finished with value: 0.975 and parameters: {'n_neighbors': 5, 'leaf_size': 23, 'p': 2}. Best is trial 0 with value: 0.975.
[I 2026-04-09 21:09:42,806] Trial 7 finished with value: 0.975 and parameters: {'n_neighbors': 10, 'leaf_size': 23, 'p': 2}. Best is trial 0 with value: 0.975.
[I 2026-04-09 21:09:42,821] Trial 8 finished with value: 0.975 and parameters: {'n_neighbors': 8, 'leaf_size': 36, 'p': 2}. Best is trial 0 with value: 0.975.
[I 2026-04-09 21:09:42,836] Trial 9 finished with value: 0.975 and parameters: {'n_neighbors': 3, 'leaf_size': 30, 'p': 2}. Best is trial 0 with value: 0.975.
[I 2026-04-09 21:09:42,859] Trial 10 finished with value: 0.975 and parameters: {'n_neighbors': 3, 'leaf_size': 40, 'p': 2}. Best is trial 0 with value: 0.975.
[I 2026-04-09 21:09:42,880] Trial 11 finished with value: 0.975 and parameters: {'n_neighbors': 4, 'leaf_size': 35, 'p': 1}. Best is trial 0 with value: 0.975.
[I 2026-04-09 21:09:42,899] Trial 12 finished with value: 0.975 and parameters: {'n_neighbors': 8, 'leaf_size': 33, 'p': 1}. Best is trial 0 with value: 0.975.
[I 2026-04-09 21:09:42,919] Trial 13 finished with value: 0.975 and parameters: {'n_neighbors': 4, 'leaf_size': 40, 'p': 1}. Best is trial 0 with value: 0.975.
[I 2026-04-09 21:09:42,944] Trial 14 finished with value: 0.975 and parameters: {'n_neighbors': 5, 'leaf_size': 30, 'p': 2}. Best is trial 0 with value: 0.975.
[I 2026-04-09 21:09:42,965] Trial 15 finished with value: 0.975 and parameters: {'n_neighbors': 7, 'leaf_size': 37, 'p': 1}. Best is trial 0 with value: 0.975.
[I 2026-04-09 21:09:43,015] Trial 16 finished with value: 0.975 and parameters: {'n_neighbors': 10, 'leaf_size': 31, 'p': 2}. Best is trial 0 with value: 0.975.
[I 2026-04-09 21:09:43,043] Trial 17 finished with value: 0.975 and parameters: {'n_neighbors': 4, 'leaf_size': 38, 'p': 1}. Best is trial 0 with value: 0.975.
[I 2026-04-09 21:09:43,066] Trial 18 finished with value: 0.975 and parameters: {'n_neighbors': 8, 'leaf_size': 34, 'p': 2}. Best is trial 0 with value: 0.975.
[I 2026-04-09 21:09:43,086] Trial 19 finished with value: 0.975 and parameters: {'n_neighbors': 6, 'leaf_size': 28, 'p': 1}. Best is trial 0 with value: 0.975.
[I 2026-04-09 21:09:43,108] Trial 20 finished with value: 0.975 and parameters: {'n_neighbors': 9, 'leaf_size': 32, 'p': 1}. Best is trial 0 with value: 0.975.
[I 2026-04-09 21:09:43,132] Trial 21 finished with value: 0.975 and parameters: {'n_neighbors': 5, 'leaf_size': 20, 'p': 2}. Best is trial 0 with value: 0.975.
[I 2026-04-09 21:09:43,167] Trial 22 finished with value: 0.975 and parameters: {'n_neighbors': 5, 'leaf_size': 27, 'p': 2}. Best is trial 0 with value: 0.975.
[I 2026-04-09 21:09:43,201] Trial 23 finished with value: 0.975 and parameters: {'n_neighbors': 4, 'leaf_size': 28, 'p': 2}. Best is trial 0 with value: 0.975.
[I 2026-04-09 21:09:43,228] Trial 24 finished with value: 0.975 and parameters: {'n_neighbors': 3, 'leaf_size': 21, 'p': 2}. Best is trial 0 with value: 0.975.
[I 2026-04-09 21:09:43,248] Trial 25 finished with value: 0.975 and parameters: {'n_neighbors': 6, 'leaf_size': 38, 'p': 2}. Best is trial 0 with value: 0.975.
[I 2026-04-09 21:09:43,269] Trial 26 finished with value: 0.975 and parameters: {'n_neighbors': 5, 'leaf_size': 34, 'p': 2}. Best is trial 0 with value: 0.975.
[I 2026-04-09 21:09:43,289] Trial 27 finished with value: 0.975 and parameters: {'n_neighbors': 7, 'leaf_size': 32, 'p': 2}. Best is trial 0 with value: 0.975.
[I 2026-04-09 21:09:43,310] Trial 28 finished with value: 0.975 and parameters: {'n_neighbors': 4, 'leaf_size': 25, 'p': 1}. Best is trial 0 with value: 0.975.
[I 2026-04-09 21:09:43,330] Trial 29 finished with value: 0.975 and parameters: {'n_neighbors': 6, 'leaf_size': 29, 'p': 1}. Best is trial 0 with value: 0.975.
[I 2026-04-09 21:09:44,147] A new study created in memory with name: xgb
[I 2026-04-09 21:09:44,173] Trial 0 finished with value: 0.95 and parameters: {'n_estimators': 40, 'max_depth': 5, 'gamma': 0.789317070832284, 'subsample': 0.7592089939364717, 'colsample_bytree': 0.648400250788111}. Best is trial 0 with value: 0.95.
