[I 2026-04-07 02:44:05,105] Trial 12 finished with value: 0.95 and parameters: {'n_estimators': 499, 'max_depth': 15, 'min_samples_split': 9, 'min_samples_leaf': 3}. Best is trial 10 with value: 0.975.
[I 2026-04-07 02:44:05,591] Trial 13 finished with value: 0.95 and parameters: {'n_estimators': 431, 'max_depth': 15, 'min_samples_split': 2, 'min_samples_leaf': 3}. Best is trial 10 with value: 0.975.
[I 2026-04-07 02:44:06,045] Trial 14 finished with value: 0.95 and parameters: {'n_estimators': 402, 'max_depth': 18, 'min_samples_split': 7, 'min_samples_leaf': 1}. Best is trial 10 with value: 0.975.
[I 2026-04-07 02:44:06,425] Trial 15 finished with value: 0.875 and parameters: {'n_estimators': 322, 'max_depth': 8, 'min_samples_split': 3, 'min_samples_leaf': 5}. Best is trial 10 with value: 0.975.
[I 2026-04-07 02:44:06,891] Trial 16 finished with value: 0.95 and parameters: {'n_estimators': 450, 'max_depth': 14, 'min_samples_split': 6, 'min_samples_leaf': 2}. Best is trial 10 with value: 0.975.
[I 2026-04-07 02:44:07,312] Trial 17 finished with value: 0.925 and parameters: {'n_estimators': 374, 'max_depth': 7, 'min_samples_split': 10, 'min_samples_leaf': 4}. Best is trial 10 with value: 0.975.
[I 2026-04-07 02:44:07,875] Trial 18 finished with value: 0.95 and parameters: {'n_estimators': 492, 'max_depth': 13, 'min_samples_split': 8, 'min_samples_leaf': 2}. Best is trial 10 with value: 0.975.
[I 2026-04-07 02:44:08,208] Trial 19 finished with value: 0.775 and parameters: {'n_estimators': 280, 'max_depth': 17, 'min_samples_split': 4, 'min_samples_leaf': 6}. Best is trial 10 with value: 0.975.
[I 2026-04-07 02:44:08,703] Trial 20 finished with value: 0.95 and parameters: {'n_estimators': 442, 'max_depth': 13, 'min_samples_split': 3, 'min_samples_leaf': 2}. Best is trial 10 with value: 0.975.
[I 2026-04-07 02:44:08,900] Trial 21 finished with value: 0.95 and parameters: {'n_estimators': 114, 'max_depth': 10, 'min_samples_split': 10, 'min_samples_leaf': 1}. Best is trial 10 with value: 0.975.
[I 2026-04-07 02:44:09,113] Trial 22 finished with value: 0.95 and parameters: {'n_estimators': 183, 'max_depth': 9, 'min_samples_split': 9, 'min_samples_leaf': 1}. Best is trial 10 with value: 0.975.
[I 2026-04-07 02:44:09,356] Trial 23 finished with value: 0.95 and parameters: {'n_estimators': 169, 'max_depth': 13, 'min_samples_split': 7, 'min_samples_leaf': 2}. Best is trial 10 with value: 0.975.
[I 2026-04-07 02:44:09,625] Trial 24 finished with value: 0.95 and parameters: {'n_estimators': 223, 'max_depth': 12, 'min_samples_split': 5, 'min_samples_leaf': 4}. Best is trial 10 with value: 0.975.
[I 2026-04-07 02:44:09,940] Trial 25 finished with value: 0.95 and parameters: {'n_estimators': 286, 'max_depth': 6, 'min_samples_split': 9, 'min_samples_leaf': 1}. Best is trial 10 with value: 0.975.
[I 2026-04-07 02:44:10,125] Trial 26 finished with value: 0.95 and parameters: {'n_estimators': 152, 'max_depth': 16, 'min_samples_split': 6, 'min_samples_leaf': 3}. Best is trial 10 with value: 0.975.
[I 2026-04-07 02:44:10,578] Trial 27 finished with value: 0.95 and parameters: {'n_estimators': 415, 'max_depth': 20, 'min_samples_split': 8, 'min_samples_leaf': 2}. Best is trial 10 with value: 0.975.
[I 2026-04-07 02:44:10,975] Trial 28 finished with value: 0.9 and parameters: {'n_estimators': 379, 'max_depth': 9, 'min_samples_split': 10, 'min_samples_leaf': 4}. Best is trial 10 with value: 0.975.
[I 2026-04-07 02:44:11,180] Trial 29 finished with value: 0.95 and parameters: {'n_estimators': 132, 'max_depth': 12, 'min_samples_split': 5, 'min_samples_leaf': 1}. Best is trial 10 with value: 0.975.
[I 2026-04-07 02:44:17,935] A new study created in memory with name: mlp
[I 2026-04-07 02:44:18,010] Trial 0 finished with value: 0.875 and parameters: {'hidden_layer_sizes': (200,), 'max_iter': 100, 'alpha': 0.0001}. Best is trial 0 with value: 0.875.
[I 2026-04-07 02:44:18,112] Trial 1 finished with value: 0.825 and parameters: {'hidden_layer_sizes': (100, 100), 'max_iter': 100, 'alpha': 0.0001}. Best is trial 0 with value: 0.875.
[I 2026-04-07 02:44:18,180] Trial 2 finished with value: 0.875 and parameters: {'hidden_layer_sizes': (200,), 'max_iter': 100, 'alpha': 0.001}. Best is trial 0 with value: 0.875.
[I 2026-04-07 02:44:18,216] Trial 3 finished with value: 0.85 and parameters: {'hidden_layer_sizes': (100,), 'max_iter': 50, 'alpha': 0.001}. Best is trial 0 with value: 0.875.
[I 2026-04-07 02:44:18,252] Trial 4 finished with value: 0.8 and parameters: {'hidden_layer_sizes': (100,), 'max_iter': 50, 'alpha': 0.0001}. Best is trial 0 with value: 0.875.
[I 2026-04-07 02:44:18,287] Trial 5 finished with value: 0.8 and parameters: {'hidden_layer_sizes': (100,), 'max_iter': 50, 'alpha': 0.0001}. Best is trial 0 with value: 0.875.
[I 2026-04-07 02:44:18,323] Trial 6 finished with value: 0.775 and parameters: {'hidden_layer_sizes': (100,), 'max_iter': 50, 'alpha': 0.0001}. Best is trial 0 with value: 0.875.
[I 2026-04-07 02:44:18,369] Trial 7 finished with value: 0.775 and parameters: {'hidden_layer_sizes': (100,), 'max_iter': 50, 'alpha': 0.0001}. Best is trial 0 with value: 0.875.
[I 2026-04-07 02:44:18,425] Trial 8 finished with value: 0.875 and parameters: {'hidden_layer_sizes': (200,), 'max_iter': 100, 'alpha': 0.0001}. Best is trial 0 with value: 0.875.
[I 2026-04-07 02:44:18,461] Trial 9 finished with value: 0.85 and parameters: {'hidden_layer_sizes': (200,), 'max_iter': 50, 'alpha': 0.0001}. Best is trial 0 with value: 0.875.
[I 2026-04-07 02:44:18,529] Trial 10 finished with value: 0.825 and parameters: {'hidden_layer_sizes': (100, 100), 'max_iter': 100, 'alpha': 0.001}. Best is trial 0 with value: 0.875.
[I 2026-04-07 02:44:18,588] Trial 11 finished with value: 0.875 and parameters: {'hidden_layer_sizes': (200,), 'max_iter': 100, 'alpha': 0.001}. Best is trial 0 with value: 0.875.
[I 2026-04-07 02:44:18,646] Trial 12 finished with value: 0.875 and parameters: {'hidden_layer_sizes': (200,), 'max_iter': 100, 'alpha': 0.001}. Best is trial 0 with value: 0.875.
[I 2026-04-07 02:44:18,714] Trial 13 finished with value: 0.85 and parameters: {'hidden_layer_sizes': (200,), 'max_iter': 100, 'alpha': 0.001}. Best is trial 0 with value: 0.875.
[I 2026-04-07 02:44:18,782] Trial 14 finished with value: 0.875 and parameters: {'hidden_layer_sizes': (200,), 'max_iter': 100, 'alpha': 0.001}. Best is trial 0 with value: 0.875.
[I 2026-04-07 02:44:18,840] Trial 15 finished with value: 0.875 and parameters: {'hidden_layer_sizes': (200,), 'max_iter': 100, 'alpha': 0.001}. Best is trial 0 with value: 0.875.
[I 2026-04-07 02:44:18,888] Trial 16 finished with value: 0.875 and parameters: {'hidden_layer_sizes': (200,), 'max_iter': 100, 'alpha': 0.0001}. Best is trial 0 with value: 0.875.
[I 2026-04-07 02:44:18,956] Trial 17 finished with value: 0.825 and parameters: {'hidden_layer_sizes': (100, 100), 'max_iter': 100, 'alpha': 0.001}. Best is trial 0 with value: 0.875.
[I 2026-04-07 02:44:19,025] Trial 18 finished with value: 0.875 and parameters: {'hidden_layer_sizes': (200,), 'max_iter': 100, 'alpha': 0.001}. Best is trial 0 with value: 0.875.
[I 2026-04-07 02:44:19,094] Trial 19 finished with value: 0.85 and parameters: {'hidden_layer_sizes': (200,), 'max_iter': 100, 'alpha': 0.0001}. Best is trial 0 with value: 0.875.
[I 2026-04-07 02:44:19,163] Trial 20 finished with value: 0.825 and parameters: {'hidden_layer_sizes': (100, 100), 'max_iter': 100, 'alpha': 0.001}. Best is trial 0 with value: 0.875.
[I 2026-04-07 02:44:19,221] Trial 21 finished with value: 0.875 and parameters: {'hidden_layer_sizes': (200,), 'max_iter': 100, 'alpha': 0.0001}. Best is trial 0 with value: 0.875.
[I 2026-04-07 02:44:19,269] Trial 22 finished with value: 0.875 and parameters: {'hidden_layer_sizes': (200,), 'max_iter': 100, 'alpha': 0.0001}. Best is trial 0 with value: 0.875.
[I 2026-04-07 02:44:19,327] Trial 23 finished with value: 0.875 and parameters: {'hidden_layer_sizes': (200,), 'max_iter': 100, 'alpha': 0.0001}. Best is trial 0 with value: 0.875.
[I 2026-04-07 02:44:19,386] Trial 24 finished with value: 0.875 and parameters: {'hidden_layer_sizes': (200,), 'max_iter': 100, 'alpha': 0.0001}. Best is trial 0 with value: 0.875.
[I 2026-04-07 02:44:19,454] Trial 25 finished with value: 0.875 and parameters: {'hidden_layer_sizes': (200,), 'max_iter': 100, 'alpha': 0.0001}. Best is trial 0 with value: 0.875.
[I 2026-04-07 02:44:19,522] Trial 26 finished with value: 0.875 and parameters: {'hidden_layer_sizes': (200,), 'max_iter': 100, 'alpha': 0.0001}. Best is trial 0 with value: 0.875.
[I 2026-04-07 02:44:19,580] Trial 27 finished with value: 0.875 and parameters: {'hidden_layer_sizes': (200,), 'max_iter': 100, 'alpha': 0.0001}. Best is trial 0 with value: 0.875.
[I 2026-04-07 02:44:19,669] Trial 28 finished with value: 0.825 and parameters: {'hidden_layer_sizes': (100, 100), 'max_iter': 100, 'alpha': 0.001}. Best is trial 0 with value: 0.875.
[I 2026-04-07 02:44:19,727] Trial 29 finished with value: 0.875 and parameters: {'hidden_layer_sizes': (200,), 'max_iter': 100, 'alpha': 0.0001}. Best is trial 0 with value: 0.875.
[I 2026-04-07 02:44:32,741] A new study created in memory with name: naive_bayes
[I 2026-04-07 02:44:32,756] Trial 0 finished with value: 0.85 and parameters: {'var_smoothing': 1.4210736239935712e-10}. Best is trial 0 with value: 0.85.
[I 2026-04-07 02:44:32,769] Trial 1 finished with value: 0.85 and parameters: {'var_smoothing': 3.629422978396398e-09}. Best is trial 0 with value: 0.85.
[I 2026-04-07 02:44:32,783] Trial 2 finished with value: 0.85 and parameters: {'var_smoothing': 7.530407234027127e-10}. Best is trial 0 with value: 0.85.
[I 2026-04-07 02:44:32,796] Trial 3 finished with value: 0.85 and parameters: {'var_smoothing': 2.7985325053380072e-09}. Best is trial 0 with value: 0.85.
[I 2026-04-07 02:44:32,810] Trial 4 finished with value: 0.85 and parameters: {'var_smoothing': 9.036058293737187e-09}. Best is trial 0 with value: 0.85.
[I 2026-04-07 02:44:32,823] Trial 5 finished with value: 0.85 and parameters: {'var_smoothing': 1.1939653980558784e-09}. Best is trial 0 with value: 0.85.
[I 2026-04-07 02:44:32,837] Trial 6 finished with value: 0.85 and parameters: {'var_smoothing': 1.005173261185167e-09}. Best is trial 0 with value: 0.85.
[I 2026-04-07 02:44:32,850] Trial 7 finished with value: 0.85 and parameters: {'var_smoothing': 1.393484899105757e-10}. Best is trial 0 with value: 0.85.
[I 2026-04-07 02:44:32,864] Trial 8 finished with value: 0.85 and parameters: {'var_smoothing': 3.4425317961147986e-10}. Best is trial 0 with value: 0.85.
[I 2026-04-07 02:44:32,878] Trial 9 finished with value: 0.85 and parameters: {'var_smoothing': 9.994590426751933e-10}. Best is trial 0 with value: 0.85.
[I 2026-04-07 02:44:32,896] Trial 10 finished with value: 0.85 and parameters: {'var_smoothing': 1.9079938112167212e-10}. Best is trial 0 with value: 0.85.
[I 2026-04-07 02:44:32,915] Trial 11 finished with value: 0.85 and parameters: {'var_smoothing': 4.7456863630433305e-09}. Best is trial 0 with value: 0.85.
[I 2026-04-07 02:44:32,934] Trial 12 finished with value: 0.85 and parameters: {'var_smoothing': 2.7185365295481096e-09}. Best is trial 0 with value: 0.85.
[I 2026-04-07 02:44:32,955] Trial 13 finished with value: 0.85 and parameters: {'var_smoothing': 4.3967291332584714e-10}. Best is trial 0 with value: 0.85.
[I 2026-04-07 02:44:32,974] Trial 14 finished with value: 0.85 and parameters: {'var_smoothing': 2.6511307931162972e-09}. Best is trial 0 with value: 0.85.
[I 2026-04-07 02:44:32,993] Trial 15 finished with value: 0.85 and parameters: {'var_smoothing': 9.000422035369052e-09}. Best is trial 0 with value: 0.85.
[I 2026-04-07 02:44:33,013] Trial 16 finished with value: 0.85 and parameters: {'var_smoothing': 2.75340575769171e-10}. Best is trial 0 with value: 0.85.
[I 2026-04-07 02:44:33,032] Trial 17 finished with value: 0.85 and parameters: {'var_smoothing': 1.0118559267516465e-10}. Best is trial 0 with value: 0.85.
[I 2026-04-07 02:44:33,052] Trial 18 finished with value: 0.85 and parameters: {'var_smoothing': 5.126237368588495e-10}. Best is trial 0 with value: 0.85.
[I 2026-04-07 02:44:33,071] Trial 19 finished with value: 0.85 and parameters: {'var_smoothing': 1.7743118427439911e-09}. Best is trial 0 with value: 0.85.
[I 2026-04-07 02:44:33,091] Trial 20 finished with value: 0.85 and parameters: {'var_smoothing': 5.29215399120128e-09}. Best is trial 0 with value: 0.85.
[I 2026-04-07 02:44:33,112] Trial 21 finished with value: 0.85 and parameters: {'var_smoothing': 6.215389304971454e-10}. Best is trial 0 with value: 0.85.
[I 2026-04-07 02:44:33,132] Trial 22 finished with value: 0.85 and parameters: {'var_smoothing': 2.205158371956595e-10}. Best is trial 0 with value: 0.85.
[I 2026-04-07 02:44:33,153] Trial 23 finished with value: 0.85 and parameters: {'var_smoothing': 6.714468189294179e-10}. Best is trial 0 with value: 0.85.
[I 2026-04-07 02:44:33,173] Trial 24 finished with value: 0.85 and parameters: {'var_smoothing': 1.6303611152529254e-09}. Best is trial 0 with value: 0.85.
[I 2026-04-07 02:44:33,193] Trial 25 finished with value: 0.85 and parameters: {'var_smoothing': 5.460180203252778e-09}. Best is trial 0 with value: 0.85.
[I 2026-04-07 02:44:33,214] Trial 26 finished with value: 0.85 and parameters: {'var_smoothing': 1.0123007748054653e-10}. Best is trial 0 with value: 0.85.
[I 2026-04-07 02:44:33,234] Trial 27 finished with value: 0.85 and parameters: {'var_smoothing': 3.7004726843827016e-09}. Best is trial 0 with value: 0.85.
[I 2026-04-07 02:44:33,253] Trial 28 finished with value: 0.85 and parameters: {'var_smoothing': 8.062949328123723e-10}. Best is trial 0 with value: 0.85.
[I 2026-04-07 02:44:33,273] Trial 29 finished with value: 0.85 and parameters: {'var_smoothing': 1.8379694059711336e-09}. Best is trial 0 with value: 0.85.
[I 2026-04-07 02:44:34,165] A new study created in memory with name: logreg
[I 2026-04-07 02:44:34,189] Trial 0 finished with value: 0.475 and parameters: {'C': 0.002407362254570802, 'penalty': 'l2'}. Best is trial 0 with value: 0.475.
[I 2026-04-07 02:44:34,215] Trial 1 finished with value: 0.85 and parameters: {'C': 7.935859334260497, 'penalty': 'l2'}. Best is trial 1 with value: 0.85.
[I 2026-04-07 02:44:34,239] Trial 2 finished with value: 0.725 and parameters: {'C': 0.15561310098067915, 'penalty': 'l2'}. Best is trial 1 with value: 0.85.
[I 2026-04-07 02:44:34,274] Trial 3 finished with value: 0.85 and parameters: {'C': 4.143104515916128, 'penalty': 'l2'}. Best is trial 1 with value: 0.85.
[I 2026-04-07 02:44:34,299] Trial 4 finished with value: 0.9 and parameters: {'C': 77.61533923098803, 'penalty': 'l2'}. Best is trial 4 with value: 0.9.
[I 2026-04-07 02:44:34,324] Trial 5 finished with value: 0.8 and parameters: {'C': 0.49258292359934785, 'penalty': 'l2'}. Best is trial 4 with value: 0.9.
[I 2026-04-07 02:44:34,349] Trial 6 finished with value: 0.75 and parameters: {'C': 0.320333470047146, 'penalty': 'l2'}. Best is trial 4 with value: 0.9.
[I 2026-04-07 02:44:34,374] Trial 7 finished with value: 0.475 and parameters: {'C': 0.002292216671132896, 'penalty': 'l2'}. Best is trial 4 with value: 0.9.
[I 2026-04-07 02:44:34,399] Trial 8 finished with value: 0.6 and parameters: {'C': 0.0219884643872214, 'penalty': 'l2'}. Best is trial 4 with value: 0.9.
[I 2026-04-07 02:44:34,424] Trial 9 finished with value: 0.75 and parameters: {'C': 0.31580027519646636, 'penalty': 'l2'}. Best is trial 4 with value: 0.9.
[I 2026-04-07 02:44:34,465] Trial 10 finished with value: 0.9 and parameters: {'C': 53.54776778233864, 'penalty': 'l2'}. Best is trial 4 with value: 0.9.
[I 2026-04-07 02:44:34,495] Trial 11 finished with value: 0.9 and parameters: {'C': 47.207028224457765, 'penalty': 'l2'}. Best is trial 4 with value: 0.9.
[I 2026-04-07 02:44:34,526] Trial 12 finished with value: 0.9 and parameters: {'C': 84.28882143282867, 'penalty': 'l2'}. Best is trial 4 with value: 0.9.
[I 2026-04-07 02:44:34,566] Trial 13 finished with value: 0.875 and parameters: {'C': 12.634985691735606, 'penalty': 'l2'}. Best is trial 4 with value: 0.9.
[I 2026-04-07 02:44:34,594] Trial 14 finished with value: 0.85 and parameters: {'C': 3.1158784985469734, 'penalty': 'l2'}. Best is trial 4 with value: 0.9.
[I 2026-04-07 02:44:34,624] Trial 15 finished with value: 0.875 and parameters: {'C': 22.300760773709367, 'penalty': 'l2'}. Best is trial 4 with value: 0.9.
[I 2026-04-07 02:44:34,655] Trial 16 finished with value: 0.85 and parameters: {'C': 2.3157702229693666, 'penalty': 'l2'}. Best is trial 4 with value: 0.9.
[I 2026-04-07 02:44:34,683] Trial 17 finished with value: 0.9 and parameters: {'C': 81.1514814361005, 'penalty': 'l2'}. Best is trial 4 with value: 0.9.
[I 2026-04-07 02:44:34,712] Trial 18 finished with value: 0.875 and parameters: {'C': 25.793206421718693, 'penalty': 'l2'}. Best is trial 4 with value: 0.9.
[I 2026-04-07 02:44:34,743] Trial 19 finished with value: 0.85 and parameters: {'C': 1.3224661232204953, 'penalty': 'l2'}. Best is trial 4 with value: 0.9.
[I 2026-04-07 02:44:34,771] Trial 20 finished with value: 0.85 and parameters: {'C': 7.093684305018916, 'penalty': 'l2'}. Best is trial 4 with value: 0.9.
[I 2026-04-07 02:44:34,812] Trial 21 finished with value: 0.9 and parameters: {'C': 54.283151619052504, 'penalty': 'l2'}. Best is trial 4 with value: 0.9.
[I 2026-04-07 02:44:34,843] Trial 22 finished with value: 0.875 and parameters: {'C': 30.71574397679842, 'penalty': 'l2'}. Best is trial 4 with value: 0.9.
[I 2026-04-07 02:44:34,871] Trial 23 finished with value: 0.9 and parameters: {'C': 94.89031025322143, 'penalty': 'l2'}. Best is trial 4 with value: 0.9.
[I 2026-04-07 02:44:34,902] Trial 24 finished with value: 0.875 and parameters: {'C': 16.988258477775165, 'penalty': 'l2'}. Best is trial 4 with value: 0.9.
[I 2026-04-07 02:44:34,942] Trial 25 finished with value: 0.925 and parameters: {'C': 41.97315515015298, 'penalty': 'l2'}. Best is trial 25 with value: 0.925.
[I 2026-04-07 02:44:34,973] Trial 26 finished with value: 0.675 and parameters: {'C': 0.052544312115176656, 'penalty': 'l2'}. Best is trial 25 with value: 0.925.
[I 2026-04-07 02:44:35,003] Trial 27 finished with value: 0.85 and parameters: {'C': 1.4173773439094262, 'penalty': 'l2'}. Best is trial 25 with value: 0.925.
[I 2026-04-07 02:44:35,034] Trial 28 finished with value: 0.85 and parameters: {'C': 8.372516403641324, 'penalty': 'l2'}. Best is trial 25 with value: 0.925.
[I 2026-04-07 02:44:35,055] Trial 29 finished with value: 0.6 and parameters: {'C': 0.011104103350344362, 'penalty': 'l2'}. Best is trial 25 with value: 0.925.
[I 2026-04-07 02:44:35,425] A new study created in memory with name: knn
[I 2026-04-07 02:44:35,440] Trial 0 finished with value: 0.575 and parameters: {'n_neighbors': 3, 'leaf_size': 36, 'p': 2}. Best is trial 0 with value: 0.575.
[I 2026-04-07 02:44:35,452] Trial 1 finished with value: 0.7 and parameters: {'n_neighbors': 10, 'leaf_size': 31, 'p': 1}. Best is trial 1 with value: 0.7.
[I 2026-04-07 02:44:35,465] Trial 2 finished with value: 0.7 and parameters: {'n_neighbors': 5, 'leaf_size': 30, 'p': 2}. Best is trial 1 with value: 0.7.
[I 2026-04-07 02:44:35,488] Trial 3 finished with value: 0.725 and parameters: {'n_neighbors': 6, 'leaf_size': 21, 'p': 2}. Best is trial 3 with value: 0.725.
[I 2026-04-07 02:44:35,500] Trial 4 finished with value: 0.725 and parameters: {'n_neighbors': 4, 'leaf_size': 29, 'p': 1}. Best is trial 3 with value: 0.725.
[I 2026-04-07 02:44:35,513] Trial 5 finished with value: 0.725 and parameters: {'n_neighbors': 7, 'leaf_size': 39, 'p': 2}. Best is trial 3 with value: 0.725.
[I 2026-04-07 02:44:35,538] Trial 6 finished with value: 0.725 and parameters: {'n_neighbors': 10, 'leaf_size': 22, 'p': 2}. Best is trial 3 with value: 0.725.
[I 2026-04-07 02:44:35,564] Trial 7 finished with value: 0.725 and parameters: {'n_neighbors': 8, 'leaf_size': 29, 'p': 2}. Best is trial 3 with value: 0.725.
[I 2026-04-07 02:44:35,589] Trial 8 finished with value: 0.7 and parameters: {'n_neighbors': 5, 'leaf_size': 30, 'p': 2}. Best is trial 3 with value: 0.725.
[I 2026-04-07 02:44:35,604] Trial 9 finished with value: 0.7 and parameters: {'n_neighbors': 9, 'leaf_size': 26, 'p': 1}. Best is trial 3 with value: 0.725.
[I 2026-04-07 02:44:35,629] Trial 10 finished with value: 0.7 and parameters: {'n_neighbors': 6, 'leaf_size': 20, 'p': 1}. Best is trial 3 with value: 0.725.
[I 2026-04-07 02:44:35,662] Trial 11 finished with value: 0.625 and parameters: {'n_neighbors': 3, 'leaf_size': 24, 'p': 1}. Best is trial 3 with value: 0.725.
[I 2026-04-07 02:44:35,693] Trial 12 finished with value: 0.725 and parameters: {'n_neighbors': 5, 'leaf_size': 35, 'p': 1}. Best is trial 3 with value: 0.725.
[I 2026-04-07 02:44:35,725] Trial 13 finished with value: 0.725 and parameters: {'n_neighbors': 4, 'leaf_size': 26, 'p': 1}. Best is trial 3 with value: 0.725.
[I 2026-04-07 02:44:35,748] Trial 14 finished with value: 0.725 and parameters: {'n_neighbors': 7, 'leaf_size': 20, 'p': 2}. Best is trial 3 with value: 0.725.
[I 2026-04-07 02:44:35,780] Trial 15 finished with value: 0.7 and parameters: {'n_neighbors': 6, 'leaf_size': 33, 'p': 1}. Best is trial 3 with value: 0.725.
[I 2026-04-07 02:44:35,812] Trial 16 finished with value: 0.725 and parameters: {'n_neighbors': 4, 'leaf_size': 26, 'p': 1}. Best is trial 3 with value: 0.725.
[I 2026-04-07 02:44:35,835] Trial 17 finished with value: 0.7 and parameters: {'n_neighbors': 4, 'leaf_size': 40, 'p': 2}. Best is trial 3 with value: 0.725.
[I 2026-04-07 02:44:35,857] Trial 18 finished with value: 0.7 and parameters: {'n_neighbors': 6, 'leaf_size': 23, 'p': 1}. Best is trial 3 with value: 0.725.
[I 2026-04-07 02:44:35,892] Trial 19 finished with value: 0.725 and parameters: {'n_neighbors': 7, 'leaf_size': 28, 'p': 2}. Best is trial 3 with value: 0.725.
