[I 2026-04-07 01:18:35,804] Trial 6 finished with value: 0.7 and parameters: {'n_estimators': 40, 'max_depth': 20, 'gamma': 0.8967376717636345, 'subsample': 0.988276510203839, 'colsample_bytree': 0.9184542964535913}. Best is trial 5 with value: 0.85.
[I 2026-04-07 01:18:35,852] Trial 7 finished with value: 0.75 and parameters: {'n_estimators': 40, 'max_depth': 30, 'gamma': 0.7149068474388774, 'subsample': 0.5696358027454862, 'colsample_bytree': 0.8514125286992056}. Best is trial 5 with value: 0.85.
[I 2026-04-07 01:18:35,900] Trial 8 finished with value: 0.75 and parameters: {'n_estimators': 100, 'max_depth': 30, 'gamma': 0.2471398756881566, 'subsample': 0.8241126205332553, 'colsample_bytree': 0.6258070715852391}. Best is trial 5 with value: 0.85.
[I 2026-04-07 01:18:35,948] Trial 9 finished with value: 0.75 and parameters: {'n_estimators': 40, 'max_depth': 30, 'gamma': 0.8599846034069103, 'subsample': 0.8019332783535529, 'colsample_bytree': 0.7936068454878676}. Best is trial 5 with value: 0.85.
[I 2026-04-07 01:18:36,006] Trial 10 finished with value: 0.85 and parameters: {'n_estimators': 40, 'max_depth': 5, 'gamma': 0.11132541504315885, 'subsample': 0.5064520294339674, 'colsample_bytree': 0.5354388651065751}. Best is trial 5 with value: 0.85.
[I 2026-04-07 01:18:36,072] Trial 11 finished with value: 0.75 and parameters: {'n_estimators': 40, 'max_depth': 5, 'gamma': 0.10320183957643626, 'subsample': 0.5083591729011359, 'colsample_bytree': 0.5367783702744849}. Best is trial 5 with value: 0.85.
[I 2026-04-07 01:18:36,110] Trial 12 finished with value: 0.75 and parameters: {'n_estimators': 40, 'max_depth': 5, 'gamma': 0.3273879186161104, 'subsample': 0.6388721583525279, 'colsample_bytree': 0.9715083346653923}. Best is trial 5 with value: 0.85.
[I 2026-04-07 01:18:36,148] Trial 13 finished with value: 0.75 and parameters: {'n_estimators': 40, 'max_depth': 5, 'gamma': 0.11701644856579113, 'subsample': 0.5146749793878775, 'colsample_bytree': 0.5538859681272363}. Best is trial 5 with value: 0.85.
[I 2026-04-07 01:18:36,186] Trial 14 finished with value: 0.85 and parameters: {'n_estimators': 40, 'max_depth': 5, 'gamma': 0.3351931893847545, 'subsample': 0.6180115760776673, 'colsample_bytree': 0.5013541727082262}. Best is trial 5 with value: 0.85.
[I 2026-04-07 01:18:36,223] Trial 15 finished with value: 0.75 and parameters: {'n_estimators': 40, 'max_depth': 20, 'gamma': 0.2298167850595741, 'subsample': 0.6801252019512238, 'colsample_bytree': 0.6130029833726239}. Best is trial 5 with value: 0.85.
[I 2026-04-07 01:18:36,269] Trial 16 finished with value: 0.8 and parameters: {'n_estimators': 100, 'max_depth': 5, 'gamma': 0.4616351915039345, 'subsample': 0.5711850033174981, 'colsample_bytree': 0.7741954202356167}. Best is trial 5 with value: 0.85.
[I 2026-04-07 01:18:36,308] Trial 17 finished with value: 0.85 and parameters: {'n_estimators': 40, 'max_depth': 5, 'gamma': 0.25576311910058147, 'subsample': 0.5729315819025618, 'colsample_bytree': 0.6239963720299045}. Best is trial 5 with value: 0.85.
[I 2026-04-07 01:18:36,346] Trial 18 finished with value: 0.8 and parameters: {'n_estimators': 40, 'max_depth': 20, 'gamma': 0.42136136473785685, 'subsample': 0.5047630791493846, 'colsample_bytree': 0.8268250237333261}. Best is trial 5 with value: 0.85.
[I 2026-04-07 01:18:36,384] Trial 19 finished with value: 0.8 and parameters: {'n_estimators': 100, 'max_depth': 5, 'gamma': 0.581452269020325, 'subsample': 0.6342385505944843, 'colsample_bytree': 0.6783050903330117}. Best is trial 5 with value: 0.85.
[I 2026-04-07 01:18:36,421] Trial 20 finished with value: 0.85 and parameters: {'n_estimators': 40, 'max_depth': 20, 'gamma': 0.19575463104456936, 'subsample': 0.6922586780996044, 'colsample_bytree': 0.9933865983974712}. Best is trial 5 with value: 0.85.
[I 2026-04-07 01:18:36,462] Trial 21 finished with value: 0.8 and parameters: {'n_estimators': 40, 'max_depth': 5, 'gamma': 0.36056328870398724, 'subsample': 0.6332746198902854, 'colsample_bytree': 0.5024668906129904}. Best is trial 5 with value: 0.85.
[I 2026-04-07 01:18:36,501] Trial 22 finished with value: 0.85 and parameters: {'n_estimators': 40, 'max_depth': 5, 'gamma': 0.3386255538659804, 'subsample': 0.5913449039619768, 'colsample_bytree': 0.5028547723759751}. Best is trial 5 with value: 0.85.
[I 2026-04-07 01:18:36,544] Trial 23 finished with value: 0.8 and parameters: {'n_estimators': 40, 'max_depth': 5, 'gamma': 0.1646226317050326, 'subsample': 0.5576943325406625, 'colsample_bytree': 0.5915686839761691}. Best is trial 5 with value: 0.85.
[I 2026-04-07 01:18:36,582] Trial 24 finished with value: 0.9 and parameters: {'n_estimators': 40, 'max_depth': 5, 'gamma': 0.3025658579338787, 'subsample': 0.6087683304447871, 'colsample_bytree': 0.6538955237795787}. Best is trial 24 with value: 0.9.
[I 2026-04-07 01:18:36,621] Trial 25 finished with value: 0.75 and parameters: {'n_estimators': 40, 'max_depth': 5, 'gamma': 0.27750630456729614, 'subsample': 0.5508493653288788, 'colsample_bytree': 0.6727535617961865}. Best is trial 24 with value: 0.9.
[I 2026-04-07 01:18:36,658] Trial 26 finished with value: 0.8 and parameters: {'n_estimators': 40, 'max_depth': 20, 'gamma': 0.5085881170877973, 'subsample': 0.6679903721975884, 'colsample_bytree': 0.7457841551276273}. Best is trial 24 with value: 0.9.
[I 2026-04-07 01:18:36,697] Trial 27 finished with value: 0.75 and parameters: {'n_estimators': 40, 'max_depth': 5, 'gamma': 0.40038627237820507, 'subsample': 0.7229143023904495, 'colsample_bytree': 0.6655985578943431}. Best is trial 24 with value: 0.9.
[I 2026-04-07 01:18:36,740] Trial 28 finished with value: 0.85 and parameters: {'n_estimators': 100, 'max_depth': 5, 'gamma': 0.1578310948151929, 'subsample': 0.5977153653904579, 'colsample_bytree': 0.5882485782548165}. Best is trial 24 with value: 0.9.
[I 2026-04-07 01:18:36,780] Trial 29 finished with value: 0.65 and parameters: {'n_estimators': 10, 'max_depth': 20, 'gamma': 0.5356168513240307, 'subsample': 0.7230150089090422, 'colsample_bytree': 0.7070078857156875}. Best is trial 24 with value: 0.9.
[I 2026-04-07 01:18:37,699] A new study created in memory with name: rf
[I 2026-04-07 01:18:38,187] Trial 0 finished with value: 0.9 and parameters: {'n_estimators': 458, 'max_depth': 8, 'min_samples_split': 9, 'min_samples_leaf': 1}. Best is trial 0 with value: 0.9.
[I 2026-04-07 01:18:38,376] Trial 1 finished with value: 0.95 and parameters: {'n_estimators': 143, 'max_depth': 13, 'min_samples_split': 6, 'min_samples_leaf': 5}. Best is trial 1 with value: 0.95.
[I 2026-04-07 01:18:38,644] Trial 2 finished with value: 0.5 and parameters: {'n_estimators': 234, 'max_depth': 14, 'min_samples_split': 5, 'min_samples_leaf': 8}. Best is trial 1 with value: 0.95.
[I 2026-04-07 01:18:38,972] Trial 3 finished with value: 0.5 and parameters: {'n_estimators': 307, 'max_depth': 13, 'min_samples_split': 7, 'min_samples_leaf': 10}. Best is trial 1 with value: 0.95.
[I 2026-04-07 01:18:39,452] Trial 4 finished with value: 0.5 and parameters: {'n_estimators': 428, 'max_depth': 10, 'min_samples_split': 9, 'min_samples_leaf': 9}. Best is trial 1 with value: 0.95.
[I 2026-04-07 01:18:39,609] Trial 5 finished with value: 0.5 and parameters: {'n_estimators': 121, 'max_depth': 15, 'min_samples_split': 9, 'min_samples_leaf': 8}. Best is trial 1 with value: 0.95.
[I 2026-04-07 01:18:40,048] Trial 6 finished with value: 0.5 and parameters: {'n_estimators': 384, 'max_depth': 12, 'min_samples_split': 3, 'min_samples_leaf': 10}. Best is trial 1 with value: 0.95.
[I 2026-04-07 01:18:40,346] Trial 7 finished with value: 0.5 and parameters: {'n_estimators': 261, 'max_depth': 6, 'min_samples_split': 8, 'min_samples_leaf': 10}. Best is trial 1 with value: 0.95.
[I 2026-04-07 01:18:40,583] Trial 8 finished with value: 0.5 and parameters: {'n_estimators': 202, 'max_depth': 15, 'min_samples_split': 7, 'min_samples_leaf': 8}. Best is trial 1 with value: 0.95.
[I 2026-04-07 01:18:41,084] Trial 9 finished with value: 0.9 and parameters: {'n_estimators': 475, 'max_depth': 9, 'min_samples_split': 4, 'min_samples_leaf': 5}. Best is trial 1 with value: 0.95.
[I 2026-04-07 01:18:41,316] Trial 10 finished with value: 0.95 and parameters: {'n_estimators': 135, 'max_depth': 20, 'min_samples_split': 2, 'min_samples_leaf': 4}. Best is trial 1 with value: 0.95.
[I 2026-04-07 01:18:41,519] Trial 11 finished with value: 0.9 and parameters: {'n_estimators': 107, 'max_depth': 20, 'min_samples_split': 2, 'min_samples_leaf': 4}. Best is trial 1 with value: 0.95.
[I 2026-04-07 01:18:41,732] Trial 12 finished with value: 0.95 and parameters: {'n_estimators': 168, 'max_depth': 19, 'min_samples_split': 5, 'min_samples_leaf': 3}. Best is trial 1 with value: 0.95.
[I 2026-04-07 01:18:42,116] Trial 13 finished with value: 0.8 and parameters: {'n_estimators': 318, 'max_depth': 3, 'min_samples_split': 2, 'min_samples_leaf': 6}. Best is trial 1 with value: 0.95.
[I 2026-04-07 01:18:42,349] Trial 14 finished with value: 0.9 and parameters: {'n_estimators': 148, 'max_depth': 17, 'min_samples_split': 6, 'min_samples_leaf': 2}. Best is trial 1 with value: 0.95.
[I 2026-04-07 01:18:42,642] Trial 15 finished with value: 0.85 and parameters: {'n_estimators': 196, 'max_depth': 17, 'min_samples_split': 4, 'min_samples_leaf': 6}. Best is trial 1 with value: 0.95.
[I 2026-04-07 01:18:42,776] Trial 16 finished with value: 0.9 and parameters: {'n_estimators': 101, 'max_depth': 18, 'min_samples_split': 10, 'min_samples_leaf': 4}. Best is trial 1 with value: 0.95.
[I 2026-04-07 01:18:43,099] Trial 17 finished with value: 0.95 and parameters: {'n_estimators': 254, 'max_depth': 4, 'min_samples_split': 3, 'min_samples_leaf': 5}. Best is trial 1 with value: 0.95.
[I 2026-04-07 01:18:43,473] Trial 18 finished with value: 0.95 and parameters: {'n_estimators': 352, 'max_depth': 11, 'min_samples_split': 6, 'min_samples_leaf': 3}. Best is trial 1 with value: 0.95.
[I 2026-04-07 01:18:43,709] Trial 19 finished with value: 0.55 and parameters: {'n_estimators': 160, 'max_depth': 7, 'min_samples_split': 4, 'min_samples_leaf': 7}. Best is trial 1 with value: 0.95.
[I 2026-04-07 01:18:43,961] Trial 20 finished with value: 0.9 and parameters: {'n_estimators': 211, 'max_depth': 16, 'min_samples_split': 7, 'min_samples_leaf': 4}. Best is trial 1 with value: 0.95.
[I 2026-04-07 01:18:44,137] Trial 21 finished with value: 0.85 and parameters: {'n_estimators': 149, 'max_depth': 20, 'min_samples_split': 5, 'min_samples_leaf': 3}. Best is trial 1 with value: 0.95.
[I 2026-04-07 01:18:44,361] Trial 22 finished with value: 0.9 and parameters: {'n_estimators': 182, 'max_depth': 19, 'min_samples_split': 5, 'min_samples_leaf': 2}. Best is trial 1 with value: 0.95.
[I 2026-04-07 01:18:44,543] Trial 23 finished with value: 0.85 and parameters: {'n_estimators': 150, 'max_depth': 18, 'min_samples_split': 3, 'min_samples_leaf': 3}. Best is trial 1 with value: 0.95.
[I 2026-04-07 01:18:44,858] Trial 24 finished with value: 0.9 and parameters: {'n_estimators': 231, 'max_depth': 20, 'min_samples_split': 6, 'min_samples_leaf': 5}. Best is trial 1 with value: 0.95.
[I 2026-04-07 01:18:45,195] Trial 25 finished with value: 0.95 and parameters: {'n_estimators': 276, 'max_depth': 18, 'min_samples_split': 5, 'min_samples_leaf': 1}. Best is trial 1 with value: 0.95.
[I 2026-04-07 01:18:45,450] Trial 26 finished with value: 0.85 and parameters: {'n_estimators': 175, 'max_depth': 13, 'min_samples_split': 2, 'min_samples_leaf': 4}. Best is trial 1 with value: 0.95.
[I 2026-04-07 01:18:45,602] Trial 27 finished with value: 0.9 and parameters: {'n_estimators': 119, 'max_depth': 16, 'min_samples_split': 8, 'min_samples_leaf': 2}. Best is trial 1 with value: 0.95.
[I 2026-04-07 01:18:45,767] Trial 28 finished with value: 0.6 and parameters: {'n_estimators': 128, 'max_depth': 19, 'min_samples_split': 4, 'min_samples_leaf': 6}. Best is trial 1 with value: 0.95.
[I 2026-04-07 01:18:46,022] Trial 29 finished with value: 0.9 and parameters: {'n_estimators': 216, 'max_depth': 9, 'min_samples_split': 6, 'min_samples_leaf': 1}. Best is trial 1 with value: 0.95.
[I 2026-04-07 01:18:47,983] A new study created in memory with name: mlp
[I 2026-04-07 01:18:48,028] Trial 0 finished with value: 0.6 and parameters: {'hidden_layer_sizes': (100,), 'max_iter': 100, 'alpha': 0.0001}. Best is trial 0 with value: 0.6.
[I 2026-04-07 01:18:48,114] Trial 1 finished with value: 0.5 and parameters: {'hidden_layer_sizes': (100, 100), 'max_iter': 100, 'alpha': 0.001}. Best is trial 0 with value: 0.6.
[I 2026-04-07 01:18:48,170] Trial 2 finished with value: 0.6 and parameters: {'hidden_layer_sizes': (200,), 'max_iter': 100, 'alpha': 0.0001}. Best is trial 0 with value: 0.6.
[I 2026-04-07 01:18:48,226] Trial 3 finished with value: 0.55 and parameters: {'hidden_layer_sizes': (200,), 'max_iter': 50, 'alpha': 0.001}. Best is trial 0 with value: 0.6.
[I 2026-04-07 01:18:48,271] Trial 4 finished with value: 0.55 and parameters: {'hidden_layer_sizes': (100, 100), 'max_iter': 50, 'alpha': 0.0001}. Best is trial 0 with value: 0.6.
[I 2026-04-07 01:18:48,327] Trial 5 finished with value: 0.5 and parameters: {'hidden_layer_sizes': (200,), 'max_iter': 100, 'alpha': 0.0001}. Best is trial 0 with value: 0.6.
[I 2026-04-07 01:18:48,382] Trial 6 finished with value: 0.5 and parameters: {'hidden_layer_sizes': (200,), 'max_iter': 100, 'alpha': 0.001}. Best is trial 0 with value: 0.6.
[I 2026-04-07 01:18:48,427] Trial 7 finished with value: 0.6 and parameters: {'hidden_layer_sizes': (100,), 'max_iter': 100, 'alpha': 0.001}. Best is trial 0 with value: 0.6.
[I 2026-04-07 01:18:48,493] Trial 8 finished with value: 0.5 and parameters: {'hidden_layer_sizes': (100, 100), 'max_iter': 100, 'alpha': 0.0001}. Best is trial 0 with value: 0.6.
[I 2026-04-07 01:18:48,549] Trial 9 finished with value: 0.5 and parameters: {'hidden_layer_sizes': (200,), 'max_iter': 100, 'alpha': 0.0001}. Best is trial 0 with value: 0.6.
[I 2026-04-07 01:18:48,587] Trial 10 finished with value: 0.5 and parameters: {'hidden_layer_sizes': (100,), 'max_iter': 50, 'alpha': 0.0001}. Best is trial 0 with value: 0.6.
[I 2026-04-07 01:18:48,636] Trial 11 finished with value: 0.6 and parameters: {'hidden_layer_sizes': (100,), 'max_iter': 100, 'alpha': 0.0001}. Best is trial 0 with value: 0.6.
[I 2026-04-07 01:18:48,684] Trial 12 finished with value: 0.55 and parameters: {'hidden_layer_sizes': (100,), 'max_iter': 100, 'alpha': 0.0001}. Best is trial 0 with value: 0.6.
[I 2026-04-07 01:18:48,742] Trial 13 finished with value: 0.55 and parameters: {'hidden_layer_sizes': (200,), 'max_iter': 100, 'alpha': 0.0001}. Best is trial 0 with value: 0.6.
[I 2026-04-07 01:18:48,780] Trial 14 finished with value: 0.65 and parameters: {'hidden_layer_sizes': (100,), 'max_iter': 50, 'alpha': 0.0001}. Best is trial 14 with value: 0.65.
[I 2026-04-07 01:18:48,818] Trial 15 finished with value: 0.5 and parameters: {'hidden_layer_sizes': (100,), 'max_iter': 50, 'alpha': 0.0001}. Best is trial 14 with value: 0.65.
[I 2026-04-07 01:18:48,866] Trial 16 finished with value: 0.55 and parameters: {'hidden_layer_sizes': (100,), 'max_iter': 50, 'alpha': 0.0001}. Best is trial 14 with value: 0.65.
[I 2026-04-07 01:18:48,904] Trial 17 finished with value: 0.7 and parameters: {'hidden_layer_sizes': (100,), 'max_iter': 50, 'alpha': 0.0001}. Best is trial 17 with value: 0.7.
[I 2026-04-07 01:18:48,941] Trial 18 finished with value: 0.7 and parameters: {'hidden_layer_sizes': (100,), 'max_iter': 50, 'alpha': 0.001}. Best is trial 17 with value: 0.7.
[I 2026-04-07 01:18:48,979] Trial 19 finished with value: 0.55 and parameters: {'hidden_layer_sizes': (100,), 'max_iter': 50, 'alpha': 0.001}. Best is trial 17 with value: 0.7.
[I 2026-04-07 01:18:49,017] Trial 20 finished with value: 0.55 and parameters: {'hidden_layer_sizes': (100,), 'max_iter': 50, 'alpha': 0.001}. Best is trial 17 with value: 0.7.
[I 2026-04-07 01:18:49,045] Trial 21 finished with value: 0.55 and parameters: {'hidden_layer_sizes': (100,), 'max_iter': 50, 'alpha': 0.001}. Best is trial 17 with value: 0.7.
[I 2026-04-07 01:18:49,103] Trial 22 finished with value: 0.65 and parameters: {'hidden_layer_sizes': (100,), 'max_iter': 50, 'alpha': 0.001}. Best is trial 17 with value: 0.7.
[I 2026-04-07 01:18:49,141] Trial 23 finished with value: 0.6 and parameters: {'hidden_layer_sizes': (100,), 'max_iter': 50, 'alpha': 0.001}. Best is trial 17 with value: 0.7.
[I 2026-04-07 01:18:49,179] Trial 24 finished with value: 0.6 and parameters: {'hidden_layer_sizes': (100,), 'max_iter': 50, 'alpha': 0.0001}. Best is trial 17 with value: 0.7.
[I 2026-04-07 01:18:49,225] Trial 25 finished with value: 0.5 and parameters: {'hidden_layer_sizes': (100, 100), 'max_iter': 50, 'alpha': 0.0001}. Best is trial 17 with value: 0.7.
[I 2026-04-07 01:18:49,259] Trial 26 finished with value: 0.45 and parameters: {'hidden_layer_sizes': (100,), 'max_iter': 50, 'alpha': 0.001}. Best is trial 17 with value: 0.7.
[I 2026-04-07 01:18:49,293] Trial 27 finished with value: 0.6 and parameters: {'hidden_layer_sizes': (100,), 'max_iter': 50, 'alpha': 0.0001}. Best is trial 17 with value: 0.7.
[I 2026-04-07 01:18:49,342] Trial 28 finished with value: 0.55 and parameters: {'hidden_layer_sizes': (100,), 'max_iter': 50, 'alpha': 0.001}. Best is trial 17 with value: 0.7.
[I 2026-04-07 01:18:49,380] Trial 29 finished with value: 0.6 and parameters: {'hidden_layer_sizes': (100,), 'max_iter': 50, 'alpha': 0.0001}. Best is trial 17 with value: 0.7.
[I 2026-04-07 01:18:52,398] A new study created in memory with name: naive_bayes
[I 2026-04-07 01:18:52,412] Trial 0 finished with value: 0.9 and parameters: {'var_smoothing': 6.10548688762798e-09}. Best is trial 0 with value: 0.9.
[I 2026-04-07 01:18:52,425] Trial 1 finished with value: 0.85 and parameters: {'var_smoothing': 4.6127467400935034e-10}. Best is trial 0 with value: 0.9.
[I 2026-04-07 01:18:52,447] Trial 2 finished with value: 0.9 and parameters: {'var_smoothing': 4.389936579400967e-09}. Best is trial 0 with value: 0.9.
[I 2026-04-07 01:18:52,461] Trial 3 finished with value: 0.85 and parameters: {'var_smoothing': 1.2116948204672054e-10}. Best is trial 0 with value: 0.9.
[I 2026-04-07 01:18:52,484] Trial 4 finished with value: 0.85 and parameters: {'var_smoothing': 1.6417739478477417e-10}. Best is trial 0 with value: 0.9.
[I 2026-04-07 01:18:52,497] Trial 5 finished with value: 0.85 and parameters: {'var_smoothing': 1.5491880147236797e-09}. Best is trial 0 with value: 0.9.
[I 2026-04-07 01:18:52,510] Trial 6 finished with value: 0.85 and parameters: {'var_smoothing': 1.1471883405287265e-09}. Best is trial 0 with value: 0.9.
[I 2026-04-07 01:18:52,524] Trial 7 finished with value: 0.85 and parameters: {'var_smoothing': 6.88041853492358e-10}. Best is trial 0 with value: 0.9.
[I 2026-04-07 01:18:52,536] Trial 8 finished with value: 0.85 and parameters: {'var_smoothing': 4.686144741221158e-10}. Best is trial 0 with value: 0.9.
[I 2026-04-07 01:18:52,550] Trial 9 finished with value: 0.85 and parameters: {'var_smoothing': 1.7580809350683337e-09}. Best is trial 0 with value: 0.9.
[I 2026-04-07 01:18:52,570] Trial 10 finished with value: 0.9 and parameters: {'var_smoothing': 9.83902635509218e-09}. Best is trial 0 with value: 0.9.
[I 2026-04-07 01:18:52,600] Trial 11 finished with value: 0.9 and parameters: {'var_smoothing': 6.91018960086788e-09}. Best is trial 0 with value: 0.9.
[I 2026-04-07 01:18:52,619] Trial 12 finished with value: 0.9 and parameters: {'var_smoothing': 3.681922431884921e-09}. Best is trial 0 with value: 0.9.
[I 2026-04-07 01:18:52,639] Trial 13 finished with value: 0.9 and parameters: {'var_smoothing': 3.5960698381419725e-09}. Best is trial 0 with value: 0.9.
[I 2026-04-07 01:18:52,659] Trial 14 finished with value: 0.9 and parameters: {'var_smoothing': 3.3469241907304184e-09}. Best is trial 0 with value: 0.9.
[I 2026-04-07 01:18:52,677] Trial 15 finished with value: 0.9 and parameters: {'var_smoothing': 5.301074132926346e-09}. Best is trial 0 with value: 0.9.
[I 2026-04-07 01:18:52,706] Trial 16 finished with value: 0.85 and parameters: {'var_smoothing': 2.347916255848939e-09}. Best is trial 0 with value: 0.9.
[I 2026-04-07 01:18:52,725] Trial 17 finished with value: 0.9 and parameters: {'var_smoothing': 8.497904890171005e-09}. Best is trial 0 with value: 0.9.
[I 2026-04-07 01:18:52,744] Trial 18 finished with value: 0.9 and parameters: {'var_smoothing': 5.310317656318349e-09}. Best is trial 0 with value: 0.9.
[I 2026-04-07 01:18:52,763] Trial 19 finished with value: 0.85 and parameters: {'var_smoothing': 2.6113931710140704e-09}. Best is trial 0 with value: 0.9.
[I 2026-04-07 01:18:52,782] Trial 20 finished with value: 0.9 and parameters: {'var_smoothing': 5.361057930102072e-09}. Best is trial 0 with value: 0.9.
[I 2026-04-07 01:18:52,811] Trial 21 finished with value: 0.9 and parameters: {'var_smoothing': 9.488688810093246e-09}. Best is trial 0 with value: 0.9.
[I 2026-04-07 01:18:52,826] Trial 22 finished with value: 0.9 and parameters: {'var_smoothing': 6.667992141406306e-09}. Best is trial 0 with value: 0.9.
[I 2026-04-07 01:18:52,842] Trial 23 finished with value: 0.9 and parameters: {'var_smoothing': 8.526929663624374e-09}. Best is trial 0 with value: 0.9.
[I 2026-04-07 01:18:52,859] Trial 24 finished with value: 0.9 and parameters: {'var_smoothing': 4.551377624044693e-09}. Best is trial 0 with value: 0.9.
[I 2026-04-07 01:18:52,877] Trial 25 finished with value: 0.85 and parameters: {'var_smoothing': 2.29028363628677e-09}. Best is trial 0 with value: 0.9.
[I 2026-04-07 01:18:52,897] Trial 26 finished with value: 0.9 and parameters: {'var_smoothing': 9.235675215595716e-09}. Best is trial 0 with value: 0.9.
[I 2026-04-07 01:18:52,916] Trial 27 finished with value: 0.85 and parameters: {'var_smoothing': 1.0507932242818069e-09}. Best is trial 0 with value: 0.9.
