[I 2026-04-07 03:49:06,716] Trial 29 finished with value: 0.7833333333333334 and parameters: {'n_neighbors': 8, 'leaf_size': 22, 'p': 1}. Best is trial 13 with value: 0.7833333333333334.
[I 2026-04-07 03:49:07,943] A new study created in memory with name: xgb
[I 2026-04-07 03:49:07,969] Trial 0 finished with value: 1.0 and parameters: {'n_estimators': 10, 'max_depth': 30, 'gamma': 0.5768356259735394, 'subsample': 0.7094037142783272, 'colsample_bytree': 0.6677039246366646}. Best is trial 0 with value: 1.0.
[I 2026-04-07 03:49:08,006] Trial 1 finished with value: 1.0 and parameters: {'n_estimators': 100, 'max_depth': 30, 'gamma': 0.9912018442360747, 'subsample': 0.9099290984609207, 'colsample_bytree': 0.7066004674080903}. Best is trial 0 with value: 1.0.
[I 2026-04-07 03:49:08,034] Trial 2 finished with value: 1.0 and parameters: {'n_estimators': 10, 'max_depth': 20, 'gamma': 0.7382185757030506, 'subsample': 0.7704684271512641, 'colsample_bytree': 0.5624120871903049}. Best is trial 0 with value: 1.0.
[I 2026-04-07 03:49:08,061] Trial 3 finished with value: 1.0 and parameters: {'n_estimators': 10, 'max_depth': 20, 'gamma': 0.7041784887453524, 'subsample': 0.7995029565695583, 'colsample_bytree': 0.8586660727777565}. Best is trial 0 with value: 1.0.
[I 2026-04-07 03:49:08,089] Trial 4 finished with value: 1.0 and parameters: {'n_estimators': 10, 'max_depth': 20, 'gamma': 0.46549701645255037, 'subsample': 0.9946899241400011, 'colsample_bytree': 0.725249640372583}. Best is trial 0 with value: 1.0.
[I 2026-04-07 03:49:08,120] Trial 5 finished with value: 1.0 and parameters: {'n_estimators': 40, 'max_depth': 20, 'gamma': 0.3554734452019276, 'subsample': 0.5947710951851903, 'colsample_bytree': 0.7356254823676576}. Best is trial 0 with value: 1.0.
[I 2026-04-07 03:49:08,148] Trial 6 finished with value: 1.0 and parameters: {'n_estimators': 40, 'max_depth': 20, 'gamma': 0.8967376717636345, 'subsample': 0.988276510203839, 'colsample_bytree': 0.9184542964535913}. Best is trial 0 with value: 1.0.
[I 2026-04-07 03:49:08,176] Trial 7 finished with value: 1.0 and parameters: {'n_estimators': 40, 'max_depth': 30, 'gamma': 0.7149068474388774, 'subsample': 0.5696358027454862, 'colsample_bytree': 0.8514125286992056}. Best is trial 0 with value: 1.0.
[I 2026-04-07 03:49:08,214] Trial 8 finished with value: 1.0 and parameters: {'n_estimators': 100, 'max_depth': 30, 'gamma': 0.2471398756881566, 'subsample': 0.8241126205332553, 'colsample_bytree': 0.6258070715852391}. Best is trial 0 with value: 1.0.
[I 2026-04-07 03:49:08,242] Trial 9 finished with value: 1.0 and parameters: {'n_estimators': 40, 'max_depth': 30, 'gamma': 0.8599846034069103, 'subsample': 0.8019332783535529, 'colsample_bytree': 0.7936068454878676}. Best is trial 0 with value: 1.0.
[I 2026-04-07 03:49:08,281] Trial 10 finished with value: 1.0 and parameters: {'n_estimators': 10, 'max_depth': 5, 'gamma': 0.11132541504315885, 'subsample': 0.6518824205184826, 'colsample_bytree': 0.5222467176724002}. Best is trial 0 with value: 1.0.
[I 2026-04-07 03:49:08,329] Trial 11 finished with value: 1.0 and parameters: {'n_estimators': 100, 'max_depth': 30, 'gamma': 0.9681903397412062, 'subsample': 0.8909531909241379, 'colsample_bytree': 0.6608770902048942}. Best is trial 0 with value: 1.0.
[I 2026-04-07 03:49:08,376] Trial 12 finished with value: 1.0 and parameters: {'n_estimators': 100, 'max_depth': 30, 'gamma': 0.5299926855017165, 'subsample': 0.6848009387186493, 'colsample_bytree': 0.651791846963555}. Best is trial 0 with value: 1.0.
[I 2026-04-07 03:49:08,424] Trial 13 finished with value: 1.0 and parameters: {'n_estimators': 100, 'max_depth': 5, 'gamma': 0.626711129198294, 'subsample': 0.7001853800090055, 'colsample_bytree': 0.712752570473077}. Best is trial 0 with value: 1.0.
[I 2026-04-07 03:49:08,472] Trial 14 finished with value: 1.0 and parameters: {'n_estimators': 100, 'max_depth': 30, 'gamma': 0.4000023985818805, 'subsample': 0.8940181087620663, 'colsample_bytree': 0.596389989619073}. Best is trial 0 with value: 1.0.
[I 2026-04-07 03:49:08,509] Trial 15 finished with value: 1.0 and parameters: {'n_estimators': 10, 'max_depth': 30, 'gamma': 0.8361750979473885, 'subsample': 0.5052985200248541, 'colsample_bytree': 0.9888939439492501}. Best is trial 0 with value: 1.0.
[I 2026-04-07 03:49:08,548] Trial 16 finished with value: 1.0 and parameters: {'n_estimators': 10, 'max_depth': 5, 'gamma': 0.991314742891843, 'subsample': 0.8787287422282001, 'colsample_bytree': 0.7917736739504313}. Best is trial 0 with value: 1.0.
[I 2026-04-07 03:49:08,597] Trial 17 finished with value: 1.0 and parameters: {'n_estimators': 100, 'max_depth': 30, 'gamma': 0.5818209581005225, 'subsample': 0.7369637418182623, 'colsample_bytree': 0.5064839807832304}. Best is trial 0 with value: 1.0.
[I 2026-04-07 03:49:08,646] Trial 18 finished with value: 1.0 and parameters: {'n_estimators': 100, 'max_depth': 30, 'gamma': 0.25368366843950607, 'subsample': 0.9349024637789001, 'colsample_bytree': 0.6735042672265268}. Best is trial 0 with value: 1.0.
[I 2026-04-07 03:49:08,683] Trial 19 finished with value: 0.9833333333333334 and parameters: {'n_estimators': 10, 'max_depth': 30, 'gamma': 0.7930613875242585, 'subsample': 0.6342385505944843, 'colsample_bytree': 0.7858104741672305}. Best is trial 0 with value: 1.0.
[I 2026-04-07 03:49:08,722] Trial 20 finished with value: 1.0 and parameters: {'n_estimators': 100, 'max_depth': 5, 'gamma': 0.6397877373108088, 'subsample': 0.7313679690001857, 'colsample_bytree': 0.5848642489980329}. Best is trial 0 with value: 1.0.
[I 2026-04-07 03:49:08,765] Trial 21 finished with value: 1.0 and parameters: {'n_estimators': 10, 'max_depth': 20, 'gamma': 0.7690811247027735, 'subsample': 0.7800195833881419, 'colsample_bytree': 0.6030862483626268}. Best is trial 0 with value: 1.0.
[I 2026-04-07 03:49:08,804] Trial 22 finished with value: 1.0 and parameters: {'n_estimators': 10, 'max_depth': 20, 'gamma': 0.5116035986306421, 'subsample': 0.8354262785070001, 'colsample_bytree': 0.5516591717675228}. Best is trial 0 with value: 1.0.
[I 2026-04-07 03:49:08,861] Trial 23 finished with value: 1.0 and parameters: {'n_estimators': 10, 'max_depth': 20, 'gamma': 0.9045285750179193, 'subsample': 0.9344021068516876, 'colsample_bytree': 0.6862749161754073}. Best is trial 0 with value: 1.0.
[I 2026-04-07 03:49:08,899] Trial 24 finished with value: 1.0 and parameters: {'n_estimators': 10, 'max_depth': 30, 'gamma': 0.6877453009733242, 'subsample': 0.7490674693549982, 'colsample_bytree': 0.5649751610154615}. Best is trial 0 with value: 1.0.
[I 2026-04-07 03:49:08,952] Trial 25 finished with value: 1.0 and parameters: {'n_estimators': 10, 'max_depth': 20, 'gamma': 0.7798197551781508, 'subsample': 0.8487825922342104, 'colsample_bytree': 0.6322894661279336}. Best is trial 0 with value: 1.0.
[I 2026-04-07 03:49:08,990] Trial 26 finished with value: 1.0 and parameters: {'n_estimators': 10, 'max_depth': 30, 'gamma': 0.4450679259218169, 'subsample': 0.7687845598212872, 'colsample_bytree': 0.6957485573604266}. Best is trial 0 with value: 1.0.
[I 2026-04-07 03:49:09,031] Trial 27 finished with value: 1.0 and parameters: {'n_estimators': 10, 'max_depth': 30, 'gamma': 0.5881334220928116, 'subsample': 0.6935440331517346, 'colsample_bytree': 0.7552801880410026}. Best is trial 0 with value: 1.0.
[I 2026-04-07 03:49:09,069] Trial 28 finished with value: 1.0 and parameters: {'n_estimators': 40, 'max_depth': 5, 'gamma': 0.9449231636634244, 'subsample': 0.9389509016319153, 'colsample_bytree': 0.5393349364245235}. Best is trial 0 with value: 1.0.
[I 2026-04-07 03:49:09,118] Trial 29 finished with value: 1.0 and parameters: {'n_estimators': 100, 'max_depth': 20, 'gamma': 0.6694224841587507, 'subsample': 0.6316552057778516, 'colsample_bytree': 0.8398260418743217}. Best is trial 0 with value: 1.0.
[I 2026-04-07 03:49:09,924] A new study created in memory with name: rf
[I 2026-04-07 03:49:10,453] Trial 0 finished with value: 1.0 and parameters: {'n_estimators': 458, 'max_depth': 8, 'min_samples_split': 9, 'min_samples_leaf': 1}. Best is trial 0 with value: 1.0.
[I 2026-04-07 03:49:10,656] Trial 1 finished with value: 1.0 and parameters: {'n_estimators': 143, 'max_depth': 13, 'min_samples_split': 6, 'min_samples_leaf': 5}. Best is trial 0 with value: 1.0.
[I 2026-04-07 03:49:10,957] Trial 2 finished with value: 1.0 and parameters: {'n_estimators': 234, 'max_depth': 14, 'min_samples_split': 5, 'min_samples_leaf': 8}. Best is trial 0 with value: 1.0.
[I 2026-04-07 03:49:11,318] Trial 3 finished with value: 0.95 and parameters: {'n_estimators': 307, 'max_depth': 13, 'min_samples_split': 7, 'min_samples_leaf': 10}. Best is trial 0 with value: 1.0.
[I 2026-04-07 03:49:11,839] Trial 4 finished with value: 1.0 and parameters: {'n_estimators': 428, 'max_depth': 10, 'min_samples_split': 9, 'min_samples_leaf': 9}. Best is trial 0 with value: 1.0.
[I 2026-04-07 03:49:11,997] Trial 5 finished with value: 1.0 and parameters: {'n_estimators': 121, 'max_depth': 15, 'min_samples_split': 9, 'min_samples_leaf': 8}. Best is trial 0 with value: 1.0.
[I 2026-04-07 03:49:12,438] Trial 6 finished with value: 0.95 and parameters: {'n_estimators': 384, 'max_depth': 12, 'min_samples_split': 3, 'min_samples_leaf': 10}. Best is trial 0 with value: 1.0.
[I 2026-04-07 03:49:12,717] Trial 7 finished with value: 0.95 and parameters: {'n_estimators': 261, 'max_depth': 6, 'min_samples_split': 8, 'min_samples_leaf': 10}. Best is trial 0 with value: 1.0.
[I 2026-04-07 03:49:12,944] Trial 8 finished with value: 1.0 and parameters: {'n_estimators': 202, 'max_depth': 15, 'min_samples_split': 7, 'min_samples_leaf': 8}. Best is trial 0 with value: 1.0.
[I 2026-04-07 03:49:13,452] Trial 9 finished with value: 1.0 and parameters: {'n_estimators': 475, 'max_depth': 9, 'min_samples_split': 4, 'min_samples_leaf': 5}. Best is trial 0 with value: 1.0.
[I 2026-04-07 03:49:13,895] Trial 10 finished with value: 1.0 and parameters: {'n_estimators': 352, 'max_depth': 20, 'min_samples_split': 10, 'min_samples_leaf': 1}. Best is trial 0 with value: 1.0.
[I 2026-04-07 03:49:14,082] Trial 11 finished with value: 1.0 and parameters: {'n_estimators': 110, 'max_depth': 4, 'min_samples_split': 6, 'min_samples_leaf': 1}. Best is trial 0 with value: 1.0.
[I 2026-04-07 03:49:14,597] Trial 12 finished with value: 1.0 and parameters: {'n_estimators': 489, 'max_depth': 7, 'min_samples_split': 2, 'min_samples_leaf': 4}. Best is trial 0 with value: 1.0.
[I 2026-04-07 03:49:14,842] Trial 13 finished with value: 1.0 and parameters: {'n_estimators': 201, 'max_depth': 18, 'min_samples_split': 5, 'min_samples_leaf': 3}. Best is trial 0 with value: 1.0.
[I 2026-04-07 03:49:15,070] Trial 14 finished with value: 1.0 and parameters: {'n_estimators': 157, 'max_depth': 9, 'min_samples_split': 7, 'min_samples_leaf': 6}. Best is trial 0 with value: 1.0.
[I 2026-04-07 03:49:15,426] Trial 15 finished with value: 1.0 and parameters: {'n_estimators': 308, 'max_depth': 3, 'min_samples_split': 10, 'min_samples_leaf': 3}. Best is trial 0 with value: 1.0.
[I 2026-04-07 03:49:15,885] Trial 16 finished with value: 1.0 and parameters: {'n_estimators': 423, 'max_depth': 17, 'min_samples_split': 6, 'min_samples_leaf': 6}. Best is trial 0 with value: 1.0.
[I 2026-04-07 03:49:16,260] Trial 17 finished with value: 1.0 and parameters: {'n_estimators': 339, 'max_depth': 11, 'min_samples_split': 8, 'min_samples_leaf': 2}. Best is trial 0 with value: 1.0.
[I 2026-04-07 03:49:16,555] Trial 18 finished with value: 1.0 and parameters: {'n_estimators': 264, 'max_depth': 7, 'min_samples_split': 5, 'min_samples_leaf': 5}. Best is trial 0 with value: 1.0.
[I 2026-04-07 03:49:17,061] Trial 19 finished with value: 1.0 and parameters: {'n_estimators': 433, 'max_depth': 6, 'min_samples_split': 8, 'min_samples_leaf': 3}. Best is trial 0 with value: 1.0.
[I 2026-04-07 03:49:17,274] Trial 20 finished with value: 1.0 and parameters: {'n_estimators': 167, 'max_depth': 11, 'min_samples_split': 4, 'min_samples_leaf': 2}. Best is trial 0 with value: 1.0.
[I 2026-04-07 03:49:17,552] Trial 21 finished with value: 1.0 and parameters: {'n_estimators': 239, 'max_depth': 14, 'min_samples_split': 5, 'min_samples_leaf': 7}. Best is trial 0 with value: 1.0.
[I 2026-04-07 03:49:17,847] Trial 22 finished with value: 1.0 and parameters: {'n_estimators': 220, 'max_depth': 16, 'min_samples_split': 4, 'min_samples_leaf': 7}. Best is trial 0 with value: 1.0.
[I 2026-04-07 03:49:18,097] Trial 23 finished with value: 1.0 and parameters: {'n_estimators': 164, 'max_depth': 13, 'min_samples_split': 6, 'min_samples_leaf': 4}. Best is trial 0 with value: 1.0.
[I 2026-04-07 03:49:18,311] Trial 24 finished with value: 1.0 and parameters: {'n_estimators': 138, 'max_depth': 8, 'min_samples_split': 5, 'min_samples_leaf': 8}. Best is trial 0 with value: 1.0.
[I 2026-04-07 03:49:18,629] Trial 25 finished with value: 1.0 and parameters: {'n_estimators': 279, 'max_depth': 12, 'min_samples_split': 6, 'min_samples_leaf': 7}. Best is trial 0 with value: 1.0.
[I 2026-04-07 03:49:18,883] Trial 26 finished with value: 0.95 and parameters: {'n_estimators': 181, 'max_depth': 18, 'min_samples_split': 3, 'min_samples_leaf': 9}. Best is trial 0 with value: 1.0.
[I 2026-04-07 03:49:19,167] Trial 27 finished with value: 1.0 and parameters: {'n_estimators': 234, 'max_depth': 10, 'min_samples_split': 9, 'min_samples_leaf': 4}. Best is trial 0 with value: 1.0.
[I 2026-04-07 03:49:19,599] Trial 28 finished with value: 1.0 and parameters: {'n_estimators': 375, 'max_depth': 14, 'min_samples_split': 7, 'min_samples_leaf': 6}. Best is trial 0 with value: 1.0.
[I 2026-04-07 03:49:20,091] Trial 29 finished with value: 1.0 and parameters: {'n_estimators': 456, 'max_depth': 14, 'min_samples_split': 7, 'min_samples_leaf': 2}. Best is trial 0 with value: 1.0.
[I 2026-04-07 03:49:25,911] A new study created in memory with name: mlp
[I 2026-04-07 03:49:25,979] Trial 0 finished with value: 0.75 and parameters: {'hidden_layer_sizes': (100,), 'max_iter': 100, 'alpha': 0.0001}. Best is trial 0 with value: 0.75.
[I 2026-04-07 03:49:26,078] Trial 1 finished with value: 0.75 and parameters: {'hidden_layer_sizes': (100, 100), 'max_iter': 100, 'alpha': 0.001}. Best is trial 0 with value: 0.75.
[I 2026-04-07 03:49:26,145] Trial 2 finished with value: 0.7666666666666668 and parameters: {'hidden_layer_sizes': (200,), 'max_iter': 100, 'alpha': 0.0001}. Best is trial 2 with value: 0.7666666666666668.
[I 2026-04-07 03:49:26,182] Trial 3 finished with value: 0.8 and parameters: {'hidden_layer_sizes': (200,), 'max_iter': 50, 'alpha': 0.001}. Best is trial 3 with value: 0.8.
[I 2026-04-07 03:49:26,228] Trial 4 finished with value: 0.7500000000000001 and parameters: {'hidden_layer_sizes': (100, 100), 'max_iter': 50, 'alpha': 0.0001}. Best is trial 3 with value: 0.8.
[I 2026-04-07 03:49:26,283] Trial 5 finished with value: 0.75 and parameters: {'hidden_layer_sizes': (200,), 'max_iter': 100, 'alpha': 0.0001}. Best is trial 3 with value: 0.8.
[I 2026-04-07 03:49:26,341] Trial 6 finished with value: 0.75 and parameters: {'hidden_layer_sizes': (200,), 'max_iter': 100, 'alpha': 0.001}. Best is trial 3 with value: 0.8.
[I 2026-04-07 03:49:26,388] Trial 7 finished with value: 0.75 and parameters: {'hidden_layer_sizes': (100,), 'max_iter': 100, 'alpha': 0.001}. Best is trial 3 with value: 0.8.
[I 2026-04-07 03:49:26,465] Trial 8 finished with value: 0.7166666666666668 and parameters: {'hidden_layer_sizes': (100, 100), 'max_iter': 100, 'alpha': 0.0001}. Best is trial 3 with value: 0.8.
[I 2026-04-07 03:49:26,532] Trial 9 finished with value: 0.75 and parameters: {'hidden_layer_sizes': (200,), 'max_iter': 100, 'alpha': 0.0001}. Best is trial 3 with value: 0.8.
[I 2026-04-07 03:49:26,581] Trial 10 finished with value: 0.7666666666666668 and parameters: {'hidden_layer_sizes': (200,), 'max_iter': 50, 'alpha': 0.001}. Best is trial 3 with value: 0.8.
[I 2026-04-07 03:49:26,630] Trial 11 finished with value: 0.7833333333333334 and parameters: {'hidden_layer_sizes': (200,), 'max_iter': 50, 'alpha': 0.001}. Best is trial 3 with value: 0.8.
[I 2026-04-07 03:49:26,669] Trial 12 finished with value: 0.7666666666666667 and parameters: {'hidden_layer_sizes': (200,), 'max_iter': 50, 'alpha': 0.001}. Best is trial 3 with value: 0.8.
[I 2026-04-07 03:49:26,719] Trial 13 finished with value: 0.7833333333333334 and parameters: {'hidden_layer_sizes': (200,), 'max_iter': 50, 'alpha': 0.001}. Best is trial 3 with value: 0.8.
[I 2026-04-07 03:49:26,766] Trial 14 finished with value: 0.7666666666666667 and parameters: {'hidden_layer_sizes': (200,), 'max_iter': 50, 'alpha': 0.001}. Best is trial 3 with value: 0.8.
[I 2026-04-07 03:49:26,804] Trial 15 finished with value: 0.75 and parameters: {'hidden_layer_sizes': (100,), 'max_iter': 50, 'alpha': 0.001}. Best is trial 3 with value: 0.8.
[I 2026-04-07 03:49:26,844] Trial 16 finished with value: 0.8 and parameters: {'hidden_layer_sizes': (200,), 'max_iter': 50, 'alpha': 0.001}. Best is trial 3 with value: 0.8.
[I 2026-04-07 03:49:26,882] Trial 17 finished with value: 0.8 and parameters: {'hidden_layer_sizes': (200,), 'max_iter': 50, 'alpha': 0.001}. Best is trial 3 with value: 0.8.
[I 2026-04-07 03:49:26,921] Trial 18 finished with value: 0.7 and parameters: {'hidden_layer_sizes': (100,), 'max_iter': 50, 'alpha': 0.001}. Best is trial 3 with value: 0.8.
[I 2026-04-07 03:49:26,970] Trial 19 finished with value: 0.75 and parameters: {'hidden_layer_sizes': (100, 100), 'max_iter': 50, 'alpha': 0.001}. Best is trial 3 with value: 0.8.
[I 2026-04-07 03:49:27,009] Trial 20 finished with value: 0.7833333333333334 and parameters: {'hidden_layer_sizes': (200,), 'max_iter': 50, 'alpha': 0.001}. Best is trial 3 with value: 0.8.
[I 2026-04-07 03:49:27,048] Trial 21 finished with value: 0.8166666666666667 and parameters: {'hidden_layer_sizes': (200,), 'max_iter': 50, 'alpha': 0.001}. Best is trial 21 with value: 0.8166666666666667.
[I 2026-04-07 03:49:27,087] Trial 22 finished with value: 0.75 and parameters: {'hidden_layer_sizes': (200,), 'max_iter': 50, 'alpha': 0.001}. Best is trial 21 with value: 0.8166666666666667.
[I 2026-04-07 03:49:27,124] Trial 23 finished with value: 0.7666666666666668 and parameters: {'hidden_layer_sizes': (200,), 'max_iter': 50, 'alpha': 0.001}. Best is trial 21 with value: 0.8166666666666667.
[I 2026-04-07 03:49:27,163] Trial 24 finished with value: 0.7666666666666668 and parameters: {'hidden_layer_sizes': (200,), 'max_iter': 50, 'alpha': 0.001}. Best is trial 21 with value: 0.8166666666666667.
[I 2026-04-07 03:49:27,211] Trial 25 finished with value: 0.7666666666666667 and parameters: {'hidden_layer_sizes': (200,), 'max_iter': 50, 'alpha': 0.001}. Best is trial 21 with value: 0.8166666666666667.
[I 2026-04-07 03:49:27,260] Trial 26 finished with value: 0.7833333333333334 and parameters: {'hidden_layer_sizes': (200,), 'max_iter': 50, 'alpha': 0.001}. Best is trial 21 with value: 0.8166666666666667.
[I 2026-04-07 03:49:27,299] Trial 27 finished with value: 0.8166666666666667 and parameters: {'hidden_layer_sizes': (200,), 'max_iter': 50, 'alpha': 0.001}. Best is trial 21 with value: 0.8166666666666667.
[I 2026-04-07 03:49:27,349] Trial 28 finished with value: 0.7000000000000001 and parameters: {'hidden_layer_sizes': (100, 100), 'max_iter': 50, 'alpha': 0.001}. Best is trial 21 with value: 0.8166666666666667.
