[I 2026-04-09 21:10:46,554] Trial 22 finished with value: 0.8 and parameters: {'n_neighbors': 4, 'leaf_size': 23, 'p': 1}. Best is trial 18 with value: 0.8.
[I 2026-04-09 21:10:46,579] Trial 23 finished with value: 0.8 and parameters: {'n_neighbors': 4, 'leaf_size': 24, 'p': 1}. Best is trial 18 with value: 0.8.
[I 2026-04-09 21:10:46,605] Trial 24 finished with value: 0.725 and parameters: {'n_neighbors': 5, 'leaf_size': 22, 'p': 1}. Best is trial 18 with value: 0.8.
[I 2026-04-09 21:10:46,632] Trial 25 finished with value: 0.725 and parameters: {'n_neighbors': 3, 'leaf_size': 20, 'p': 1}. Best is trial 18 with value: 0.8.
[I 2026-04-09 21:10:46,655] Trial 26 finished with value: 0.8 and parameters: {'n_neighbors': 4, 'leaf_size': 24, 'p': 1}. Best is trial 18 with value: 0.8.
[I 2026-04-09 21:10:46,693] Trial 27 finished with value: 0.7 and parameters: {'n_neighbors': 6, 'leaf_size': 26, 'p': 1}. Best is trial 18 with value: 0.8.
[I 2026-04-09 21:10:46,715] Trial 28 finished with value: 0.725 and parameters: {'n_neighbors': 5, 'leaf_size': 29, 'p': 1}. Best is trial 18 with value: 0.8.
[I 2026-04-09 21:10:46,736] Trial 29 finished with value: 0.8 and parameters: {'n_neighbors': 4, 'leaf_size': 26, 'p': 1}. Best is trial 18 with value: 0.8.
[I 2026-04-09 21:10:48,092] A new study created in memory with name: xgb
[I 2026-04-09 21:10:48,118] Trial 0 finished with value: 0.925 and parameters: {'n_estimators': 10, 'max_depth': 30, 'gamma': 0.5768356259735394, 'subsample': 0.7094037142783272, 'colsample_bytree': 0.6677039246366646}. Best is trial 0 with value: 0.925.
[I 2026-04-09 21:10:48,143] Trial 1 finished with value: 0.95 and parameters: {'n_estimators': 100, 'max_depth': 30, 'gamma': 0.9912018442360747, 'subsample': 0.9099290984609207, 'colsample_bytree': 0.7066004674080903}. Best is trial 1 with value: 0.95.
[I 2026-04-09 21:10:48,171] Trial 2 finished with value: 0.925 and parameters: {'n_estimators': 10, 'max_depth': 20, 'gamma': 0.7382185757030506, 'subsample': 0.7704684271512641, 'colsample_bytree': 0.5624120871903049}. Best is trial 1 with value: 0.95.
[I 2026-04-09 21:10:48,212] Trial 3 finished with value: 0.925 and parameters: {'n_estimators': 10, 'max_depth': 20, 'gamma': 0.7041784887453524, 'subsample': 0.7995029565695583, 'colsample_bytree': 0.8586660727777565}. Best is trial 1 with value: 0.95.
[I 2026-04-09 21:10:48,241] Trial 4 finished with value: 0.95 and parameters: {'n_estimators': 10, 'max_depth': 20, 'gamma': 0.46549701645255037, 'subsample': 0.9946899241400011, 'colsample_bytree': 0.725249640372583}. Best is trial 1 with value: 0.95.
[I 2026-04-09 21:10:48,270] Trial 5 finished with value: 0.925 and parameters: {'n_estimators': 40, 'max_depth': 20, 'gamma': 0.3554734452019276, 'subsample': 0.5947710951851903, 'colsample_bytree': 0.7356254823676576}. Best is trial 1 with value: 0.95.
[I 2026-04-09 21:10:48,296] Trial 6 finished with value: 0.95 and parameters: {'n_estimators': 40, 'max_depth': 20, 'gamma': 0.8967376717636345, 'subsample': 0.988276510203839, 'colsample_bytree': 0.9184542964535913}. Best is trial 1 with value: 0.95.
[I 2026-04-09 21:10:48,322] Trial 7 finished with value: 0.9 and parameters: {'n_estimators': 40, 'max_depth': 30, 'gamma': 0.7149068474388774, 'subsample': 0.5696358027454862, 'colsample_bytree': 0.8514125286992056}. Best is trial 1 with value: 0.95.
[I 2026-04-09 21:10:48,359] Trial 8 finished with value: 0.95 and parameters: {'n_estimators': 100, 'max_depth': 30, 'gamma': 0.2471398756881566, 'subsample': 0.8241126205332553, 'colsample_bytree': 0.6258070715852391}. Best is trial 1 with value: 0.95.
[I 2026-04-09 21:10:48,398] Trial 9 finished with value: 0.95 and parameters: {'n_estimators': 40, 'max_depth': 30, 'gamma': 0.8599846034069103, 'subsample': 0.8019332783535529, 'colsample_bytree': 0.7936068454878676}. Best is trial 1 with value: 0.95.
[I 2026-04-09 21:10:48,448] Trial 10 finished with value: 0.925 and parameters: {'n_estimators': 100, 'max_depth': 5, 'gamma': 0.985518481083803, 'subsample': 0.8995678910481815, 'colsample_bytree': 0.5289314784806454}. Best is trial 1 with value: 0.95.
[I 2026-04-09 21:10:48,487] Trial 11 finished with value: 0.95 and parameters: {'n_estimators': 100, 'max_depth': 5, 'gamma': 0.40966526279690063, 'subsample': 0.9912642884135212, 'colsample_bytree': 0.7130874746489031}. Best is trial 1 with value: 0.95.
[I 2026-04-09 21:10:48,526] Trial 12 finished with value: 0.925 and parameters: {'n_estimators': 100, 'max_depth': 30, 'gamma': 0.11747018931448144, 'subsample': 0.9066897108137899, 'colsample_bytree': 0.6339534905975921}. Best is trial 1 with value: 0.95.
[I 2026-04-09 21:10:48,558] Trial 13 finished with value: 0.95 and parameters: {'n_estimators': 10, 'max_depth': 20, 'gamma': 0.5487257677049135, 'subsample': 0.9001515525252808, 'colsample_bytree': 0.7780777350584777}. Best is trial 1 with value: 0.95.
[I 2026-04-09 21:10:48,605] Trial 14 finished with value: 0.925 and parameters: {'n_estimators': 100, 'max_depth': 5, 'gamma': 0.47463712168020167, 'subsample': 0.6658807753897364, 'colsample_bytree': 0.9627298158693121}. Best is trial 1 with value: 0.95.
[I 2026-04-09 21:10:48,639] Trial 15 finished with value: 0.95 and parameters: {'n_estimators': 10, 'max_depth': 30, 'gamma': 0.2969731135951171, 'subsample': 0.9489302907455017, 'colsample_bytree': 0.6901830775312008}. Best is trial 1 with value: 0.95.
[I 2026-04-09 21:10:48,673] Trial 16 finished with value: 0.95 and parameters: {'n_estimators': 10, 'max_depth': 20, 'gamma': 0.5883567252446563, 'subsample': 0.853898248948181, 'colsample_bytree': 0.5903761082891221}. Best is trial 1 with value: 0.95.
[I 2026-04-09 21:10:48,727] Trial 17 finished with value: 0.925 and parameters: {'n_estimators': 100, 'max_depth': 30, 'gamma': 0.22189015382940566, 'subsample': 0.5053007952589881, 'colsample_bytree': 0.8206450560248096}. Best is trial 1 with value: 0.95.
[I 2026-04-09 21:10:48,764] Trial 18 finished with value: 0.95 and parameters: {'n_estimators': 100, 'max_depth': 20, 'gamma': 0.8045232978285917, 'subsample': 0.9639959905381882, 'colsample_bytree': 0.7348136711873586}. Best is trial 1 with value: 0.95.
[I 2026-04-09 21:10:48,805] Trial 19 finished with value: 0.95 and parameters: {'n_estimators': 10, 'max_depth': 5, 'gamma': 0.4691286526126799, 'subsample': 0.8754057261860848, 'colsample_bytree': 0.6582802021476128}. Best is trial 1 with value: 0.95.
[I 2026-04-09 21:10:48,846] Trial 20 finished with value: 0.95 and parameters: {'n_estimators': 100, 'max_depth': 20, 'gamma': 0.9786014664999018, 'subsample': 0.9335157751696048, 'colsample_bytree': 0.8971930367860007}. Best is trial 1 with value: 0.95.
[I 2026-04-09 21:10:48,891] Trial 21 finished with value: 0.95 and parameters: {'n_estimators': 40, 'max_depth': 20, 'gamma': 0.8751749814745121, 'subsample': 0.9947334503608439, 'colsample_bytree': 0.9990590479428829}. Best is trial 1 with value: 0.95.
[I 2026-04-09 21:10:48,934] Trial 22 finished with value: 0.95 and parameters: {'n_estimators': 40, 'max_depth': 20, 'gamma': 0.9218040169315626, 'subsample': 0.9939460882778872, 'colsample_bytree': 0.91661597101511}. Best is trial 1 with value: 0.95.
[I 2026-04-09 21:10:48,980] Trial 23 finished with value: 0.95 and parameters: {'n_estimators': 40, 'max_depth': 20, 'gamma': 0.8031073608680608, 'subsample': 0.940266258725632, 'colsample_bytree': 0.7753245222767595}. Best is trial 1 with value: 0.95.
[I 2026-04-09 21:10:49,020] Trial 24 finished with value: 0.95 and parameters: {'n_estimators': 40, 'max_depth': 20, 'gamma': 0.639704795923825, 'subsample': 0.8431481176060228, 'colsample_bytree': 0.6967499788497125}. Best is trial 1 with value: 0.95.
[I 2026-04-09 21:10:49,064] Trial 25 finished with value: 0.95 and parameters: {'n_estimators': 40, 'max_depth': 30, 'gamma': 0.9120470008843172, 'subsample': 0.9371316364957207, 'colsample_bytree': 0.8203278548308155}. Best is trial 1 with value: 0.95.
[I 2026-04-09 21:10:49,092] Trial 26 finished with value: 0.925 and parameters: {'n_estimators': 10, 'max_depth': 20, 'gamma': 0.9908708259348349, 'subsample': 0.7165959283827233, 'colsample_bytree': 0.7537301545795233}. Best is trial 1 with value: 0.95.
[I 2026-04-09 21:10:49,120] Trial 27 finished with value: 0.95 and parameters: {'n_estimators': 40, 'max_depth': 20, 'gamma': 0.7911562536385679, 'subsample': 0.9726732693326483, 'colsample_bytree': 0.8992441948828467}. Best is trial 1 with value: 0.95.
[I 2026-04-09 21:10:49,154] Trial 28 finished with value: 0.95 and parameters: {'n_estimators': 100, 'max_depth': 5, 'gamma': 0.6401818070047431, 'subsample': 0.8797646134570887, 'colsample_bytree': 0.9362078061069877}. Best is trial 1 with value: 0.95.
[I 2026-04-09 21:10:49,194] Trial 29 finished with value: 0.95 and parameters: {'n_estimators': 10, 'max_depth': 30, 'gamma': 0.5077216095251524, 'subsample': 0.9265804463281888, 'colsample_bytree': 0.6677542379790797}. Best is trial 1 with value: 0.95.
[I 2026-04-09 21:10:49,667] A new study created in memory with name: rf
[I 2026-04-09 21:10:50,177] Trial 0 finished with value: 0.95 and parameters: {'n_estimators': 458, 'max_depth': 8, 'min_samples_split': 9, 'min_samples_leaf': 1}. Best is trial 0 with value: 0.95.
[I 2026-04-09 21:10:50,378] Trial 1 finished with value: 0.925 and parameters: {'n_estimators': 143, 'max_depth': 13, 'min_samples_split': 6, 'min_samples_leaf': 5}. Best is trial 0 with value: 0.95.
[I 2026-04-09 21:10:50,649] Trial 2 finished with value: 0.9 and parameters: {'n_estimators': 234, 'max_depth': 14, 'min_samples_split': 5, 'min_samples_leaf': 8}. Best is trial 0 with value: 0.95.
[I 2026-04-09 21:10:51,008] Trial 3 finished with value: 0.775 and parameters: {'n_estimators': 307, 'max_depth': 13, 'min_samples_split': 7, 'min_samples_leaf': 10}. Best is trial 0 with value: 0.95.
[I 2026-04-09 21:10:51,462] Trial 4 finished with value: 0.825 and parameters: {'n_estimators': 428, 'max_depth': 10, 'min_samples_split': 9, 'min_samples_leaf': 9}. Best is trial 0 with value: 0.95.
[I 2026-04-09 21:10:51,620] Trial 5 finished with value: 0.85 and parameters: {'n_estimators': 121, 'max_depth': 15, 'min_samples_split': 9, 'min_samples_leaf': 8}. Best is trial 0 with value: 0.95.
[I 2026-04-09 21:10:52,040] Trial 6 finished with value: 0.8 and parameters: {'n_estimators': 384, 'max_depth': 12, 'min_samples_split': 3, 'min_samples_leaf': 10}. Best is trial 0 with value: 0.95.
[I 2026-04-09 21:10:52,357] Trial 7 finished with value: 0.825 and parameters: {'n_estimators': 261, 'max_depth': 6, 'min_samples_split': 8, 'min_samples_leaf': 10}. Best is trial 0 with value: 0.95.
[I 2026-04-09 21:10:52,573] Trial 8 finished with value: 0.875 and parameters: {'n_estimators': 202, 'max_depth': 15, 'min_samples_split': 7, 'min_samples_leaf': 8}. Best is trial 0 with value: 0.95.
[I 2026-04-09 21:10:53,102] Trial 9 finished with value: 0.95 and parameters: {'n_estimators': 475, 'max_depth': 9, 'min_samples_split': 4, 'min_samples_leaf': 5}. Best is trial 0 with value: 0.95.
[I 2026-04-09 21:10:53,507] Trial 10 finished with value: 0.95 and parameters: {'n_estimators': 352, 'max_depth': 20, 'min_samples_split': 10, 'min_samples_leaf': 1}. Best is trial 0 with value: 0.95.
[I 2026-04-09 21:10:54,092] Trial 11 finished with value: 0.95 and parameters: {'n_estimators': 487, 'max_depth': 5, 'min_samples_split': 3, 'min_samples_leaf': 1}. Best is trial 0 with value: 0.95.
[I 2026-04-09 21:10:54,645] Trial 12 finished with value: 0.95 and parameters: {'n_estimators': 492, 'max_depth': 8, 'min_samples_split': 4, 'min_samples_leaf': 4}. Best is trial 0 with value: 0.95.
[I 2026-04-09 21:10:55,127] Trial 13 finished with value: 0.95 and parameters: {'n_estimators': 422, 'max_depth': 3, 'min_samples_split': 5, 'min_samples_leaf': 3}. Best is trial 0 with value: 0.95.
[I 2026-04-09 21:10:55,695] Trial 14 finished with value: 0.95 and parameters: {'n_estimators': 432, 'max_depth': 9, 'min_samples_split': 2, 'min_samples_leaf': 6}. Best is trial 0 with value: 0.95.
[I 2026-04-09 21:10:56,132] Trial 15 finished with value: 0.95 and parameters: {'n_estimators': 341, 'max_depth': 7, 'min_samples_split': 5, 'min_samples_leaf': 3}. Best is trial 0 with value: 0.95.
[I 2026-04-09 21:10:56,757] Trial 16 finished with value: 0.925 and parameters: {'n_estimators': 498, 'max_depth': 18, 'min_samples_split': 10, 'min_samples_leaf': 6}. Best is trial 0 with value: 0.95.
[I 2026-04-09 21:10:57,347] Trial 17 finished with value: 0.95 and parameters: {'n_estimators': 453, 'max_depth': 11, 'min_samples_split': 7, 'min_samples_leaf': 2}. Best is trial 0 with value: 0.95.
[I 2026-04-09 21:10:57,813] Trial 18 finished with value: 0.95 and parameters: {'n_estimators': 385, 'max_depth': 4, 'min_samples_split': 2, 'min_samples_leaf': 5}. Best is trial 0 with value: 0.95.
[I 2026-04-09 21:10:58,274] Trial 19 finished with value: 0.95 and parameters: {'n_estimators': 385, 'max_depth': 8, 'min_samples_split': 4, 'min_samples_leaf': 3}. Best is trial 0 with value: 0.95.
[I 2026-04-09 21:10:58,827] Trial 20 finished with value: 0.95 and parameters: {'n_estimators': 460, 'max_depth': 10, 'min_samples_split': 6, 'min_samples_leaf': 2}. Best is trial 0 with value: 0.95.
[I 2026-04-09 21:10:59,255] Trial 21 finished with value: 0.95 and parameters: {'n_estimators': 338, 'max_depth': 20, 'min_samples_split': 10, 'min_samples_leaf': 1}. Best is trial 0 with value: 0.95.
[I 2026-04-09 21:10:59,673] Trial 22 finished with value: 0.95 and parameters: {'n_estimators': 344, 'max_depth': 17, 'min_samples_split': 9, 'min_samples_leaf': 1}. Best is trial 0 with value: 0.95.
[I 2026-04-09 21:11:00,165] Trial 23 finished with value: 0.95 and parameters: {'n_estimators': 397, 'max_depth': 20, 'min_samples_split': 10, 'min_samples_leaf': 2}. Best is trial 0 with value: 0.95.
[I 2026-04-09 21:11:00,706] Trial 24 finished with value: 0.95 and parameters: {'n_estimators': 471, 'max_depth': 6, 'min_samples_split': 8, 'min_samples_leaf': 4}. Best is trial 0 with value: 0.95.
[I 2026-04-09 21:11:01,086] Trial 25 finished with value: 0.9 and parameters: {'n_estimators': 300, 'max_depth': 9, 'min_samples_split': 8, 'min_samples_leaf': 7}. Best is trial 0 with value: 0.95.
[I 2026-04-09 21:11:01,632] Trial 26 finished with value: 0.95 and parameters: {'n_estimators': 416, 'max_depth': 18, 'min_samples_split': 9, 'min_samples_leaf': 4}. Best is trial 0 with value: 0.95.
[I 2026-04-09 21:11:02,092] Trial 27 finished with value: 0.95 and parameters: {'n_estimators': 361, 'max_depth': 11, 'min_samples_split': 10, 'min_samples_leaf': 2}. Best is trial 0 with value: 0.95.
[I 2026-04-09 21:11:02,689] Trial 28 finished with value: 0.95 and parameters: {'n_estimators': 454, 'max_depth': 7, 'min_samples_split': 4, 'min_samples_leaf': 1}. Best is trial 0 with value: 0.95.
[I 2026-04-09 21:11:02,951] Trial 29 finished with value: 0.95 and parameters: {'n_estimators': 178, 'max_depth': 16, 'min_samples_split': 6, 'min_samples_leaf': 5}. Best is trial 0 with value: 0.95.
[I 2026-04-09 21:11:08,453] A new study created in memory with name: mlp
[I 2026-04-09 21:11:08,507] Trial 0 finished with value: 0.675 and parameters: {'hidden_layer_sizes': (100,), 'max_iter': 100, 'alpha': 0.0001}. Best is trial 0 with value: 0.675.
[I 2026-04-09 21:11:08,601] Trial 1 finished with value: 0.75 and parameters: {'hidden_layer_sizes': (100, 100), 'max_iter': 100, 'alpha': 0.001}. Best is trial 1 with value: 0.75.
[I 2026-04-09 21:11:08,666] Trial 2 finished with value: 0.725 and parameters: {'hidden_layer_sizes': (200,), 'max_iter': 100, 'alpha': 0.0001}. Best is trial 1 with value: 0.75.
[I 2026-04-09 21:11:08,700] Trial 3 finished with value: 0.8 and parameters: {'hidden_layer_sizes': (200,), 'max_iter': 50, 'alpha': 0.001}. Best is trial 3 with value: 0.8.
[I 2026-04-09 21:11:08,753] Trial 4 finished with value: 0.675 and parameters: {'hidden_layer_sizes': (100, 100), 'max_iter': 50, 'alpha': 0.0001}. Best is trial 3 with value: 0.8.
[I 2026-04-09 21:11:08,819] Trial 5 finished with value: 0.75 and parameters: {'hidden_layer_sizes': (200,), 'max_iter': 100, 'alpha': 0.0001}. Best is trial 3 with value: 0.8.
[I 2026-04-09 21:11:08,891] Trial 6 finished with value: 0.725 and parameters: {'hidden_layer_sizes': (200,), 'max_iter': 100, 'alpha': 0.001}. Best is trial 3 with value: 0.8.
[I 2026-04-09 21:11:08,947] Trial 7 finished with value: 0.775 and parameters: {'hidden_layer_sizes': (100,), 'max_iter': 100, 'alpha': 0.001}. Best is trial 3 with value: 0.8.
[I 2026-04-09 21:11:09,042] Trial 8 finished with value: 0.725 and parameters: {'hidden_layer_sizes': (100, 100), 'max_iter': 100, 'alpha': 0.0001}. Best is trial 3 with value: 0.8.
[I 2026-04-09 21:11:09,098] Trial 9 finished with value: 0.725 and parameters: {'hidden_layer_sizes': (200,), 'max_iter': 100, 'alpha': 0.0001}. Best is trial 3 with value: 0.8.
[I 2026-04-09 21:11:09,134] Trial 10 finished with value: 0.775 and parameters: {'hidden_layer_sizes': (200,), 'max_iter': 50, 'alpha': 0.001}. Best is trial 3 with value: 0.8.
[I 2026-04-09 21:11:09,170] Trial 11 finished with value: 0.775 and parameters: {'hidden_layer_sizes': (100,), 'max_iter': 50, 'alpha': 0.001}. Best is trial 3 with value: 0.8.
[I 2026-04-09 21:11:09,207] Trial 12 finished with value: 0.7 and parameters: {'hidden_layer_sizes': (100,), 'max_iter': 50, 'alpha': 0.001}. Best is trial 3 with value: 0.8.
[I 2026-04-09 21:11:09,257] Trial 13 finished with value: 0.725 and parameters: {'hidden_layer_sizes': (100,), 'max_iter': 50, 'alpha': 0.001}. Best is trial 3 with value: 0.8.
[I 2026-04-09 21:11:09,297] Trial 14 finished with value: 0.725 and parameters: {'hidden_layer_sizes': (100,), 'max_iter': 50, 'alpha': 0.001}. Best is trial 3 with value: 0.8.
[I 2026-04-09 21:11:09,351] Trial 15 finished with value: 0.775 and parameters: {'hidden_layer_sizes': (200,), 'max_iter': 50, 'alpha': 0.001}. Best is trial 3 with value: 0.8.
[I 2026-04-09 21:11:09,409] Trial 16 finished with value: 0.725 and parameters: {'hidden_layer_sizes': (100,), 'max_iter': 100, 'alpha': 0.001}. Best is trial 3 with value: 0.8.
[I 2026-04-09 21:11:09,459] Trial 17 finished with value: 0.725 and parameters: {'hidden_layer_sizes': (100,), 'max_iter': 50, 'alpha': 0.001}. Best is trial 3 with value: 0.8.
[I 2026-04-09 21:11:09,508] Trial 18 finished with value: 0.775 and parameters: {'hidden_layer_sizes': (200,), 'max_iter': 50, 'alpha': 0.001}. Best is trial 3 with value: 0.8.
[I 2026-04-09 21:11:09,588] Trial 19 finished with value: 0.775 and parameters: {'hidden_layer_sizes': (100, 100), 'max_iter': 100, 'alpha': 0.001}. Best is trial 3 with value: 0.8.
[I 2026-04-09 21:11:09,623] Trial 20 finished with value: 0.775 and parameters: {'hidden_layer_sizes': (100,), 'max_iter': 50, 'alpha': 0.001}. Best is trial 3 with value: 0.8.
[I 2026-04-09 21:11:09,668] Trial 21 finished with value: 0.775 and parameters: {'hidden_layer_sizes': (200,), 'max_iter': 50, 'alpha': 0.001}. Best is trial 3 with value: 0.8.
[I 2026-04-09 21:11:09,707] Trial 22 finished with value: 0.725 and parameters: {'hidden_layer_sizes': (200,), 'max_iter': 50, 'alpha': 0.001}. Best is trial 3 with value: 0.8.
[I 2026-04-09 21:11:09,751] Trial 23 finished with value: 0.75 and parameters: {'hidden_layer_sizes': (200,), 'max_iter': 50, 'alpha': 0.001}. Best is trial 3 with value: 0.8.
[I 2026-04-09 21:11:09,796] Trial 24 finished with value: 0.75 and parameters: {'hidden_layer_sizes': (200,), 'max_iter': 50, 'alpha': 0.001}. Best is trial 3 with value: 0.8.
[I 2026-04-09 21:11:09,844] Trial 25 finished with value: 0.775 and parameters: {'hidden_layer_sizes': (200,), 'max_iter': 50, 'alpha': 0.001}. Best is trial 3 with value: 0.8.
[I 2026-04-09 21:11:09,901] Trial 26 finished with value: 0.725 and parameters: {'hidden_layer_sizes': (200,), 'max_iter': 100, 'alpha': 0.001}. Best is trial 3 with value: 0.8.
[I 2026-04-09 21:11:09,936] Trial 27 finished with value: 0.75 and parameters: {'hidden_layer_sizes': (200,), 'max_iter': 50, 'alpha': 0.001}. Best is trial 3 with value: 0.8.
[I 2026-04-09 21:11:10,026] Trial 28 finished with value: 0.725 and parameters: {'hidden_layer_sizes': (100, 100), 'max_iter': 100, 'alpha': 0.001}. Best is trial 3 with value: 0.8.
