[I 2026-04-07 03:48:09,303] Trial 3 finished with value: 1.0 and parameters: {'n_estimators': 276, 'max_depth': 5, 'min_samples_split': 9, 'min_samples_leaf': 3}. Best is trial 1 with value: 1.0.
[I 2026-04-07 03:48:09,593] Trial 4 finished with value: 1.0 and parameters: {'n_estimators': 266, 'max_depth': 8, 'min_samples_split': 7, 'min_samples_leaf': 6}. Best is trial 1 with value: 1.0.
[I 2026-04-07 03:48:09,942] Trial 5 finished with value: 1.0 and parameters: {'n_estimators': 340, 'max_depth': 7, 'min_samples_split': 4, 'min_samples_leaf': 3}. Best is trial 1 with value: 1.0.
[I 2026-04-07 03:48:10,201] Trial 6 finished with value: 1.0 and parameters: {'n_estimators': 231, 'max_depth': 5, 'min_samples_split': 3, 'min_samples_leaf': 10}. Best is trial 1 with value: 1.0.
[I 2026-04-07 03:48:10,694] Trial 7 finished with value: 1.0 and parameters: {'n_estimators': 485, 'max_depth': 6, 'min_samples_split': 2, 'min_samples_leaf': 3}. Best is trial 1 with value: 1.0.
[I 2026-04-07 03:48:11,095] Trial 8 finished with value: 0.9833333333333334 and parameters: {'n_estimators': 380, 'max_depth': 17, 'min_samples_split': 2, 'min_samples_leaf': 6}. Best is trial 1 with value: 1.0.
[I 2026-04-07 03:48:11,254] Trial 9 finished with value: 1.0 and parameters: {'n_estimators': 100, 'max_depth': 12, 'min_samples_split': 7, 'min_samples_leaf': 10}. Best is trial 1 with value: 1.0.
[I 2026-04-07 03:48:11,718] Trial 10 finished with value: 1.0 and parameters: {'n_estimators': 446, 'max_depth': 13, 'min_samples_split': 10, 'min_samples_leaf': 5}. Best is trial 1 with value: 1.0.
[I 2026-04-07 03:48:12,065] Trial 11 finished with value: 1.0 and parameters: {'n_estimators': 314, 'max_depth': 15, 'min_samples_split': 10, 'min_samples_leaf': 1}. Best is trial 1 with value: 1.0.
[I 2026-04-07 03:48:12,520] Trial 12 finished with value: 1.0 and parameters: {'n_estimators': 390, 'max_depth': 3, 'min_samples_split': 8, 'min_samples_leaf': 3}. Best is trial 1 with value: 1.0.
[I 2026-04-07 03:48:12,880] Trial 13 finished with value: 0.9833333333333334 and parameters: {'n_estimators': 284, 'max_depth': 10, 'min_samples_split': 9, 'min_samples_leaf': 5}. Best is trial 1 with value: 1.0.
[I 2026-04-07 03:48:13,143] Trial 14 finished with value: 1.0 and parameters: {'n_estimators': 187, 'max_depth': 20, 'min_samples_split': 5, 'min_samples_leaf': 1}. Best is trial 1 with value: 1.0.
[I 2026-04-07 03:48:13,344] Trial 15 finished with value: 1.0 and parameters: {'n_estimators': 136, 'max_depth': 9, 'min_samples_split': 8, 'min_samples_leaf': 7}. Best is trial 1 with value: 1.0.
[I 2026-04-07 03:48:13,739] Trial 16 finished with value: 0.9833333333333334 and parameters: {'n_estimators': 344, 'max_depth': 14, 'min_samples_split': 6, 'min_samples_leaf': 4}. Best is trial 1 with value: 1.0.
[I 2026-04-07 03:48:14,076] Trial 17 finished with value: 1.0 and parameters: {'n_estimators': 262, 'max_depth': 11, 'min_samples_split': 9, 'min_samples_leaf': 8}. Best is trial 1 with value: 1.0.
[I 2026-04-07 03:48:14,542] Trial 18 finished with value: 1.0 and parameters: {'n_estimators': 409, 'max_depth': 3, 'min_samples_split': 8, 'min_samples_leaf': 2}. Best is trial 1 with value: 1.0.
[I 2026-04-07 03:48:14,926] Trial 19 finished with value: 1.0 and parameters: {'n_estimators': 318, 'max_depth': 16, 'min_samples_split': 6, 'min_samples_leaf': 4}. Best is trial 1 with value: 1.0.
[I 2026-04-07 03:48:15,172] Trial 20 finished with value: 1.0 and parameters: {'n_estimators': 163, 'max_depth': 19, 'min_samples_split': 9, 'min_samples_leaf': 7}. Best is trial 1 with value: 1.0.
[I 2026-04-07 03:48:15,469] Trial 21 finished with value: 1.0 and parameters: {'n_estimators': 259, 'max_depth': 9, 'min_samples_split': 7, 'min_samples_leaf': 6}. Best is trial 1 with value: 1.0.
[I 2026-04-07 03:48:15,827] Trial 22 finished with value: 1.0 and parameters: {'n_estimators': 287, 'max_depth': 8, 'min_samples_split': 7, 'min_samples_leaf': 7}. Best is trial 1 with value: 1.0.
[I 2026-04-07 03:48:16,102] Trial 23 finished with value: 1.0 and parameters: {'n_estimators': 237, 'max_depth': 5, 'min_samples_split': 8, 'min_samples_leaf': 4}. Best is trial 1 with value: 1.0.
[I 2026-04-07 03:48:16,523] Trial 24 finished with value: 1.0 and parameters: {'n_estimators': 350, 'max_depth': 11, 'min_samples_split': 9, 'min_samples_leaf': 5}. Best is trial 1 with value: 1.0.
[I 2026-04-07 03:48:16,869] Trial 25 finished with value: 1.0 and parameters: {'n_estimators': 268, 'max_depth': 4, 'min_samples_split': 6, 'min_samples_leaf': 8}. Best is trial 1 with value: 1.0.
[I 2026-04-07 03:48:17,234] Trial 26 finished with value: 1.0 and parameters: {'n_estimators': 304, 'max_depth': 8, 'min_samples_split': 10, 'min_samples_leaf': 6}. Best is trial 1 with value: 1.0.
[I 2026-04-07 03:48:17,512] Trial 27 finished with value: 1.0 and parameters: {'n_estimators': 206, 'max_depth': 14, 'min_samples_split': 7, 'min_samples_leaf': 2}. Best is trial 1 with value: 1.0.
[I 2026-04-07 03:48:17,826] Trial 28 finished with value: 1.0 and parameters: {'n_estimators': 246, 'max_depth': 7, 'min_samples_split': 5, 'min_samples_leaf': 9}. Best is trial 1 with value: 1.0.
[I 2026-04-07 03:48:18,051] Trial 29 finished with value: 1.0 and parameters: {'n_estimators': 193, 'max_depth': 12, 'min_samples_split': 8, 'min_samples_leaf': 6}. Best is trial 1 with value: 1.0.
[I 2026-04-07 03:48:21,132] A new study created in memory with name: mlp
[I 2026-04-07 03:48:21,178] Trial 0 finished with value: 0.9666666666666668 and parameters: {'hidden_layer_sizes': (200,), 'max_iter': 50, 'alpha': 0.001}. Best is trial 0 with value: 0.9666666666666668.
[I 2026-04-07 03:48:21,246] Trial 1 finished with value: 0.9666666666666668 and parameters: {'hidden_layer_sizes': (100,), 'max_iter': 100, 'alpha': 0.0001}. Best is trial 0 with value: 0.9666666666666668.
[I 2026-04-07 03:48:21,319] Trial 2 finished with value: 0.9666666666666668 and parameters: {'hidden_layer_sizes': (100,), 'max_iter': 100, 'alpha': 0.001}. Best is trial 0 with value: 0.9666666666666668.
[I 2026-04-07 03:48:21,381] Trial 3 finished with value: 0.9833333333333334 and parameters: {'hidden_layer_sizes': (200,), 'max_iter': 50, 'alpha': 0.001}. Best is trial 3 with value: 0.9833333333333334.
[I 2026-04-07 03:48:21,487] Trial 4 finished with value: 0.9666666666666668 and parameters: {'hidden_layer_sizes': (100,), 'max_iter': 100, 'alpha': 0.0001}. Best is trial 3 with value: 0.9833333333333334.
[I 2026-04-07 03:48:21,541] Trial 5 finished with value: 0.9666666666666668 and parameters: {'hidden_layer_sizes': (100,), 'max_iter': 100, 'alpha': 0.001}. Best is trial 3 with value: 0.9833333333333334.
[I 2026-04-07 03:48:21,617] Trial 6 finished with value: 0.9666666666666668 and parameters: {'hidden_layer_sizes': (200,), 'max_iter': 100, 'alpha': 0.001}. Best is trial 3 with value: 0.9833333333333334.
[I 2026-04-07 03:48:21,685] Trial 7 finished with value: 0.9666666666666668 and parameters: {'hidden_layer_sizes': (200,), 'max_iter': 100, 'alpha': 0.001}. Best is trial 3 with value: 0.9833333333333334.
[I 2026-04-07 03:48:21,740] Trial 8 finished with value: 0.9666666666666668 and parameters: {'hidden_layer_sizes': (100,), 'max_iter': 100, 'alpha': 0.001}. Best is trial 3 with value: 0.9833333333333334.
[I 2026-04-07 03:48:21,778] Trial 9 finished with value: 0.9833333333333334 and parameters: {'hidden_layer_sizes': (100,), 'max_iter': 50, 'alpha': 0.001}. Best is trial 3 with value: 0.9833333333333334.
[I 2026-04-07 03:48:21,838] Trial 10 finished with value: 0.9666666666666668 and parameters: {'hidden_layer_sizes': (100, 100), 'max_iter': 50, 'alpha': 0.0001}. Best is trial 3 with value: 0.9833333333333334.
[I 2026-04-07 03:48:21,898] Trial 11 finished with value: 0.9666666666666668 and parameters: {'hidden_layer_sizes': (100, 100), 'max_iter': 50, 'alpha': 0.001}. Best is trial 3 with value: 0.9833333333333334.
[I 2026-04-07 03:48:21,949] Trial 12 finished with value: 0.9666666666666668 and parameters: {'hidden_layer_sizes': (200,), 'max_iter': 50, 'alpha': 0.001}. Best is trial 3 with value: 0.9833333333333334.
[I 2026-04-07 03:48:21,998] Trial 13 finished with value: 0.9666666666666668 and parameters: {'hidden_layer_sizes': (200,), 'max_iter': 50, 'alpha': 0.001}. Best is trial 3 with value: 0.9833333333333334.
[I 2026-04-07 03:48:22,057] Trial 14 finished with value: 0.9666666666666668 and parameters: {'hidden_layer_sizes': (100, 100), 'max_iter': 50, 'alpha': 0.0001}. Best is trial 3 with value: 0.9833333333333334.
[I 2026-04-07 03:48:22,095] Trial 15 finished with value: 1.0 and parameters: {'hidden_layer_sizes': (100,), 'max_iter': 50, 'alpha': 0.001}. Best is trial 15 with value: 1.0.
[I 2026-04-07 03:48:22,134] Trial 16 finished with value: 0.9666666666666668 and parameters: {'hidden_layer_sizes': (200,), 'max_iter': 50, 'alpha': 0.001}. Best is trial 15 with value: 1.0.
[I 2026-04-07 03:48:22,183] Trial 17 finished with value: 0.9666666666666668 and parameters: {'hidden_layer_sizes': (200,), 'max_iter': 50, 'alpha': 0.001}. Best is trial 15 with value: 1.0.
[I 2026-04-07 03:48:22,221] Trial 18 finished with value: 0.9666666666666668 and parameters: {'hidden_layer_sizes': (100,), 'max_iter': 50, 'alpha': 0.0001}. Best is trial 15 with value: 1.0.
[I 2026-04-07 03:48:22,279] Trial 19 finished with value: 0.9666666666666668 and parameters: {'hidden_layer_sizes': (100, 100), 'max_iter': 50, 'alpha': 0.001}. Best is trial 15 with value: 1.0.
[I 2026-04-07 03:48:22,314] Trial 20 finished with value: 0.9666666666666668 and parameters: {'hidden_layer_sizes': (100,), 'max_iter': 50, 'alpha': 0.001}. Best is trial 15 with value: 1.0.
[I 2026-04-07 03:48:22,359] Trial 21 finished with value: 0.9666666666666668 and parameters: {'hidden_layer_sizes': (100,), 'max_iter': 50, 'alpha': 0.001}. Best is trial 15 with value: 1.0.
[I 2026-04-07 03:48:22,408] Trial 22 finished with value: 0.9666666666666668 and parameters: {'hidden_layer_sizes': (100,), 'max_iter': 50, 'alpha': 0.001}. Best is trial 15 with value: 1.0.
[I 2026-04-07 03:48:22,456] Trial 23 finished with value: 0.9666666666666668 and parameters: {'hidden_layer_sizes': (100,), 'max_iter': 50, 'alpha': 0.001}. Best is trial 15 with value: 1.0.
[I 2026-04-07 03:48:22,491] Trial 24 finished with value: 1.0 and parameters: {'hidden_layer_sizes': (100,), 'max_iter': 50, 'alpha': 0.001}. Best is trial 15 with value: 1.0.
[I 2026-04-07 03:48:22,536] Trial 25 finished with value: 0.9666666666666668 and parameters: {'hidden_layer_sizes': (200,), 'max_iter': 50, 'alpha': 0.001}. Best is trial 15 with value: 1.0.
[I 2026-04-07 03:48:22,575] Trial 26 finished with value: 0.9833333333333334 and parameters: {'hidden_layer_sizes': (100,), 'max_iter': 50, 'alpha': 0.0001}. Best is trial 15 with value: 1.0.
[I 2026-04-07 03:48:22,624] Trial 27 finished with value: 0.9666666666666668 and parameters: {'hidden_layer_sizes': (100,), 'max_iter': 50, 'alpha': 0.001}. Best is trial 15 with value: 1.0.
[I 2026-04-07 03:48:22,683] Trial 28 finished with value: 0.9666666666666668 and parameters: {'hidden_layer_sizes': (100, 100), 'max_iter': 50, 'alpha': 0.001}. Best is trial 15 with value: 1.0.
[I 2026-04-07 03:48:22,732] Trial 29 finished with value: 0.9666666666666668 and parameters: {'hidden_layer_sizes': (200,), 'max_iter': 50, 'alpha': 0.001}. Best is trial 15 with value: 1.0.
[I 2026-04-07 03:48:24,109] A new study created in memory with name: naive_bayes
[I 2026-04-07 03:48:24,123] Trial 0 finished with value: 0.7166666666666666 and parameters: {'var_smoothing': 6.10548688762798e-09}. Best is trial 0 with value: 0.7166666666666666.
[I 2026-04-07 03:48:24,136] Trial 1 finished with value: 0.7166666666666666 and parameters: {'var_smoothing': 4.6127467400935034e-10}. Best is trial 0 with value: 0.7166666666666666.
[I 2026-04-07 03:48:24,150] Trial 2 finished with value: 0.7166666666666666 and parameters: {'var_smoothing': 4.389936579400967e-09}. Best is trial 0 with value: 0.7166666666666666.
[I 2026-04-07 03:48:24,162] Trial 3 finished with value: 0.7166666666666666 and parameters: {'var_smoothing': 1.2116948204672054e-10}. Best is trial 0 with value: 0.7166666666666666.
[I 2026-04-07 03:48:24,175] Trial 4 finished with value: 0.7166666666666666 and parameters: {'var_smoothing': 1.6417739478477417e-10}. Best is trial 0 with value: 0.7166666666666666.
[I 2026-04-07 03:48:24,189] Trial 5 finished with value: 0.7166666666666666 and parameters: {'var_smoothing': 1.5491880147236797e-09}. Best is trial 0 with value: 0.7166666666666666.
[I 2026-04-07 03:48:24,202] Trial 6 finished with value: 0.7166666666666666 and parameters: {'var_smoothing': 1.1471883405287265e-09}. Best is trial 0 with value: 0.7166666666666666.
[I 2026-04-07 03:48:24,216] Trial 7 finished with value: 0.7166666666666666 and parameters: {'var_smoothing': 6.88041853492358e-10}. Best is trial 0 with value: 0.7166666666666666.
[I 2026-04-07 03:48:24,239] Trial 8 finished with value: 0.7166666666666666 and parameters: {'var_smoothing': 4.686144741221158e-10}. Best is trial 0 with value: 0.7166666666666666.
[I 2026-04-07 03:48:24,253] Trial 9 finished with value: 0.7166666666666666 and parameters: {'var_smoothing': 1.7580809350683337e-09}. Best is trial 0 with value: 0.7166666666666666.
[I 2026-04-07 03:48:24,275] Trial 10 finished with value: 0.7166666666666666 and parameters: {'var_smoothing': 9.83902635509218e-09}. Best is trial 0 with value: 0.7166666666666666.
[I 2026-04-07 03:48:24,295] Trial 11 finished with value: 0.7166666666666666 and parameters: {'var_smoothing': 2.660399871603373e-10}. Best is trial 0 with value: 0.7166666666666666.
[I 2026-04-07 03:48:24,314] Trial 12 finished with value: 0.7166666666666666 and parameters: {'var_smoothing': 9.276268851540963e-09}. Best is trial 0 with value: 0.7166666666666666.
[I 2026-04-07 03:48:24,333] Trial 13 finished with value: 0.7166666666666666 and parameters: {'var_smoothing': 2.9844010685221692e-09}. Best is trial 0 with value: 0.7166666666666666.
[I 2026-04-07 03:48:24,349] Trial 14 finished with value: 0.7166666666666666 and parameters: {'var_smoothing': 3.8923309717334116e-10}. Best is trial 0 with value: 0.7166666666666666.
[I 2026-04-07 03:48:24,365] Trial 15 finished with value: 0.7166666666666666 and parameters: {'var_smoothing': 3.85461066627204e-09}. Best is trial 0 with value: 0.7166666666666666.
[I 2026-04-07 03:48:24,382] Trial 16 finished with value: 0.7166666666666666 and parameters: {'var_smoothing': 7.120907275009211e-10}. Best is trial 0 with value: 0.7166666666666666.
[I 2026-04-07 03:48:24,398] Trial 17 finished with value: 0.7166666666666666 and parameters: {'var_smoothing': 2.412486610614855e-10}. Best is trial 0 with value: 0.7166666666666666.
[I 2026-04-07 03:48:24,416] Trial 18 finished with value: 0.7166666666666666 and parameters: {'var_smoothing': 2.3580860166954074e-09}. Best is trial 0 with value: 0.7166666666666666.
[I 2026-04-07 03:48:24,432] Trial 19 finished with value: 0.7166666666666666 and parameters: {'var_smoothing': 5.846846875339535e-09}. Best is trial 0 with value: 0.7166666666666666.
[I 2026-04-07 03:48:24,450] Trial 20 finished with value: 0.7166666666666666 and parameters: {'var_smoothing': 1.0486521320383776e-09}. Best is trial 0 with value: 0.7166666666666666.
[I 2026-04-07 03:48:24,471] Trial 21 finished with value: 0.7166666666666666 and parameters: {'var_smoothing': 4.9491450263339475e-09}. Best is trial 0 with value: 0.7166666666666666.
[I 2026-04-07 03:48:24,492] Trial 22 finished with value: 0.7166666666666666 and parameters: {'var_smoothing': 6.667992141406306e-09}. Best is trial 0 with value: 0.7166666666666666.
[I 2026-04-07 03:48:24,512] Trial 23 finished with value: 0.7166666666666666 and parameters: {'var_smoothing': 3.2795712712135213e-09}. Best is trial 0 with value: 0.7166666666666666.
[I 2026-04-07 03:48:24,533] Trial 24 finished with value: 0.7166666666666666 and parameters: {'var_smoothing': 6.403538416287158e-10}. Best is trial 0 with value: 0.7166666666666666.
[I 2026-04-07 03:48:24,553] Trial 25 finished with value: 0.7166666666666666 and parameters: {'var_smoothing': 2.1589819023851477e-09}. Best is trial 0 with value: 0.7166666666666666.
[I 2026-04-07 03:48:24,570] Trial 26 finished with value: 0.7166666666666666 and parameters: {'var_smoothing': 3.912617821024548e-09}. Best is trial 0 with value: 0.7166666666666666.
[I 2026-04-07 03:48:24,587] Trial 27 finished with value: 0.7166666666666666 and parameters: {'var_smoothing': 7.162139101012446e-09}. Best is trial 0 with value: 0.7166666666666666.
[I 2026-04-07 03:48:24,608] Trial 28 finished with value: 0.7166666666666666 and parameters: {'var_smoothing': 1.3883316815746274e-09}. Best is trial 0 with value: 0.7166666666666666.
[I 2026-04-07 03:48:24,628] Trial 29 finished with value: 0.7166666666666666 and parameters: {'var_smoothing': 4.1751754503046387e-10}. Best is trial 0 with value: 0.7166666666666666.
[I 2026-04-07 03:48:25,536] A new study created in memory with name: logreg
[I 2026-04-07 03:48:25,562] Trial 0 finished with value: 0.8333333333333334 and parameters: {'C': 29.127335430981816, 'penalty': 'l2'}. Best is trial 0 with value: 0.8333333333333334.
[I 2026-04-07 03:48:25,588] Trial 1 finished with value: 0.85 and parameters: {'C': 0.045698192893558344, 'penalty': 'l2'}. Best is trial 1 with value: 0.85.
[I 2026-04-07 03:48:25,614] Trial 2 finished with value: 0.8166666666666667 and parameters: {'C': 12.768668597712947, 'penalty': 'l2'}. Best is trial 1 with value: 0.85.
[I 2026-04-07 03:48:25,640] Trial 3 finished with value: 0.8833333333333332 and parameters: {'C': 0.0016161554408462638, 'penalty': 'l2'}. Best is trial 3 with value: 0.8833333333333332.
[I 2026-04-07 03:48:25,664] Trial 4 finished with value: 0.8833333333333332 and parameters: {'C': 0.0034536903703241734, 'penalty': 'l2'}. Best is trial 3 with value: 0.8833333333333332.
[I 2026-04-07 03:48:25,689] Trial 5 finished with value: 0.8166666666666668 and parameters: {'C': 0.9446269266990148, 'penalty': 'l2'}. Best is trial 3 with value: 0.8833333333333332.
[I 2026-04-07 03:48:25,714] Trial 6 finished with value: 0.8166666666666667 and parameters: {'C': 0.4457453393648168, 'penalty': 'l2'}. Best is trial 3 with value: 0.8833333333333332.
[I 2026-04-07 03:48:25,739] Trial 7 finished with value: 0.8333333333333334 and parameters: {'C': 0.12417585037258261, 'penalty': 'l2'}. Best is trial 3 with value: 0.8833333333333332.
[I 2026-04-07 03:48:25,764] Trial 8 finished with value: 0.85 and parameters: {'C': 0.04753781830244093, 'penalty': 'l2'}. Best is trial 3 with value: 0.8833333333333332.
[I 2026-04-07 03:48:25,778] Trial 9 finished with value: 0.8166666666666668 and parameters: {'C': 1.2959766028194148, 'penalty': 'l2'}. Best is trial 3 with value: 0.8833333333333332.
[I 2026-04-07 03:48:25,806] Trial 10 finished with value: 0.8833333333333332 and parameters: {'C': 0.0027493237597083523, 'penalty': 'l2'}. Best is trial 3 with value: 0.8833333333333332.
[I 2026-04-07 03:48:25,836] Trial 11 finished with value: 0.8666666666666666 and parameters: {'C': 0.001163038906231015, 'penalty': 'l2'}. Best is trial 3 with value: 0.8833333333333332.
[I 2026-04-07 03:48:25,856] Trial 12 finished with value: 0.8833333333333332 and parameters: {'C': 0.007783068576282983, 'penalty': 'l2'}. Best is trial 3 with value: 0.8833333333333332.
[I 2026-04-07 03:48:25,885] Trial 13 finished with value: 0.8833333333333332 and parameters: {'C': 0.007826977189925246, 'penalty': 'l2'}. Best is trial 3 with value: 0.8833333333333332.
[I 2026-04-07 03:48:25,904] Trial 14 finished with value: 0.8833333333333332 and parameters: {'C': 0.006703097597967292, 'penalty': 'l2'}. Best is trial 3 with value: 0.8833333333333332.
[I 2026-04-07 03:48:25,933] Trial 15 finished with value: 0.8833333333333332 and parameters: {'C': 0.0014396872245738463, 'penalty': 'l2'}. Best is trial 3 with value: 0.8833333333333332.
[I 2026-04-07 03:48:25,964] Trial 16 finished with value: 0.85 and parameters: {'C': 0.02174123480745058, 'penalty': 'l2'}. Best is trial 3 with value: 0.8833333333333332.
[I 2026-04-07 03:48:25,991] Trial 17 finished with value: 0.8 and parameters: {'C': 2.6707606129231554, 'penalty': 'l2'}. Best is trial 3 with value: 0.8833333333333332.
[I 2026-04-07 03:48:26,017] Trial 18 finished with value: 0.8166666666666667 and parameters: {'C': 0.19777568673071788, 'penalty': 'l2'}. Best is trial 3 with value: 0.8833333333333332.
[I 2026-04-07 03:48:26,042] Trial 19 finished with value: 0.8666666666666666 and parameters: {'C': 0.004185363988350308, 'penalty': 'l2'}. Best is trial 3 with value: 0.8833333333333332.
[I 2026-04-07 03:48:26,068] Trial 20 finished with value: 0.85 and parameters: {'C': 0.02268058333319783, 'penalty': 'l2'}. Best is trial 3 with value: 0.8833333333333332.
[I 2026-04-07 03:48:26,090] Trial 21 finished with value: 0.8833333333333332 and parameters: {'C': 0.00272312932094622, 'penalty': 'l2'}. Best is trial 3 with value: 0.8833333333333332.
[I 2026-04-07 03:48:26,108] Trial 22 finished with value: 0.8666666666666666 and parameters: {'C': 0.0012504220035156409, 'penalty': 'l2'}. Best is trial 3 with value: 0.8833333333333332.
[I 2026-04-07 03:48:26,136] Trial 23 finished with value: 0.8666666666666666 and parameters: {'C': 0.016234459717134334, 'penalty': 'l2'}. Best is trial 3 with value: 0.8833333333333332.
[I 2026-04-07 03:48:26,157] Trial 24 finished with value: 0.8833333333333332 and parameters: {'C': 0.0029914855857246375, 'penalty': 'l2'}. Best is trial 3 with value: 0.8833333333333332.
[I 2026-04-07 03:48:26,174] Trial 25 finished with value: 0.8333333333333334 and parameters: {'C': 0.09582199171799277, 'penalty': 'l2'}. Best is trial 3 with value: 0.8833333333333332.
[I 2026-04-07 03:48:26,193] Trial 26 finished with value: 0.8833333333333332 and parameters: {'C': 0.002444255569500567, 'penalty': 'l2'}. Best is trial 3 with value: 0.8833333333333332.
