[I 2026-04-07 02:44:52,411] Trial 29 finished with value: 0.725 and parameters: {'hidden_layer_sizes': (200,), 'max_iter': 50, 'alpha': 0.0001}. Best is trial 9 with value: 0.775.
[I 2026-04-07 02:56:31,643] A new study created in memory with name: naive_bayes
Parámetros guardados en checkpoint_paysim_Doriginal_I_sin_full/ag/IPC_20/best_models_ag_seed_6_space_original/naive_bayes_best_params.json


>>> Optuna tuning logreg metodo ag IPC 20 seed 6


Parámetros guardados en checkpoint_paysim_Doriginal_I_sin_full/ag/IPC_20/best_models_ag_seed_6_space_original/logreg_best_params.json


>>> Optuna tuning knn metodo ag IPC 20 seed 6


Parámetros guardados en checkpoint_paysim_Doriginal_I_sin_full/ag/IPC_20/best_models_ag_seed_6_space_original/knn_best_params.json


>>> Optuna tuning xgb metodo ag IPC 20 seed 6


Parámetros guardados en checkpoint_paysim_Doriginal_I_sin_full/ag/IPC_20/best_models_ag_seed_6_space_original/xgb_best_params.json


>>> Optuna tuning rf metodo ag IPC 20 seed 6


Parámetros guardados en checkpoint_paysim_Doriginal_I_sin_full/ag/IPC_20/best_models_ag_seed_6_space_original/rf_best_params.json


>>> Optuna tuning mlp metodo ag IPC 20 seed 6


Parámetros guardados en checkpoint_paysim_Doriginal_I_sin_full/ag/IPC_20/best_models_ag_seed_6_space_original/mlp_best_params.json


>>> Optuna tuning naive_bayes metodo k_center IPC 20 seed 6


Parámetros guardados en checkpoint_paysim_Doriginal_I_sin_full/k_center/IPC_20/best_models_k_center_seed_6_space_original/naive_bayes_best_params.json


>>> Optuna tuning logreg metodo k_center IPC 20 seed 6


Parámetros guardados en checkpoint_paysim_Doriginal_I_sin_full/k_center/IPC_20/best_models_k_center_seed_6_space_original/logreg_best_params.json


>>> Optuna tuning knn metodo k_center IPC 20 seed 6


Parámetros guardados en checkpoint_paysim_Doriginal_I_sin_full/k_center/IPC_20/best_models_k_center_seed_6_space_original/knn_best_params.json


>>> Optuna tuning xgb metodo k_center IPC 20 seed 6


Parámetros guardados en checkpoint_paysim_Doriginal_I_sin_full/k_center/IPC_20/best_models_k_center_seed_6_space_original/xgb_best_params.json


>>> Optuna tuning rf metodo k_center IPC 20 seed 6


Parámetros guardados en checkpoint_paysim_Doriginal_I_sin_full/k_center/IPC_20/best_models_k_center_seed_6_space_original/rf_best_params.json


>>> Optuna tuning mlp metodo k_center IPC 20 seed 6


Parámetros guardados en checkpoint_paysim_Doriginal_I_sin_full/k_center/IPC_20/best_models_k_center_seed_6_space_original/mlp_best_params.json


>>> Optuna tuning naive_bayes metodo lc IPC 20 seed 6


Parámetros guardados en checkpoint_paysim_Doriginal_I_sin_full/lc/IPC_20/best_models_lc_seed_6_space_original/naive_bayes_best_params.json


>>> Optuna tuning logreg metodo lc IPC 20 seed 6


Parámetros guardados en checkpoint_paysim_Doriginal_I_sin_full/lc/IPC_20/best_models_lc_seed_6_space_original/logreg_best_params.json


>>> Optuna tuning knn metodo lc IPC 20 seed 6


Parámetros guardados en checkpoint_paysim_Doriginal_I_sin_full/lc/IPC_20/best_models_lc_seed_6_space_original/knn_best_params.json


>>> Optuna tuning xgb metodo lc IPC 20 seed 6


Parámetros guardados en checkpoint_paysim_Doriginal_I_sin_full/lc/IPC_20/best_models_lc_seed_6_space_original/xgb_best_params.json


>>> Optuna tuning rf metodo lc IPC 20 seed 6


Parámetros guardados en checkpoint_paysim_Doriginal_I_sin_full/lc/IPC_20/best_models_lc_seed_6_space_original/rf_best_params.json


>>> Optuna tuning mlp metodo lc IPC 20 seed 6


Parámetros guardados en checkpoint_paysim_Doriginal_I_sin_full/lc/IPC_20/best_models_lc_seed_6_space_original/mlp_best_params.json


>>> Optuna tuning naive_bayes metodo random IPC 20 seed 7


Parámetros guardados en checkpoint_paysim_Doriginal_I_sin_full/random/IPC_20/best_models_random_seed_7_space_original/naive_bayes_best_params.json


>>> Optuna tuning logreg metodo random IPC 20 seed 7


Parámetros guardados en checkpoint_paysim_Doriginal_I_sin_full/random/IPC_20/best_models_random_seed_7_space_original/logreg_best_params.json


>>> Optuna tuning knn metodo random IPC 20 seed 7


Parámetros guardados en checkpoint_paysim_Doriginal_I_sin_full/random/IPC_20/best_models_random_seed_7_space_original/knn_best_params.json


>>> Optuna tuning xgb metodo random IPC 20 seed 7


Parámetros guardados en checkpoint_paysim_Doriginal_I_sin_full/random/IPC_20/best_models_random_seed_7_space_original/xgb_best_params.json


>>> Optuna tuning rf metodo random IPC 20 seed 7


Parámetros guardados en checkpoint_paysim_Doriginal_I_sin_full/random/IPC_20/best_models_random_seed_7_space_original/rf_best_params.json


>>> Optuna tuning mlp metodo random IPC 20 seed 7


Parámetros guardados en checkpoint_paysim_Doriginal_I_sin_full/random/IPC_20/best_models_random_seed_7_space_original/mlp_best_params.json


>>> Optuna tuning naive_bayes metodo k-means IPC 20 seed 7


Parámetros guardados en checkpoint_paysim_Doriginal_I_sin_full/k-means/IPC_20/best_models_k-means_seed_7_space_original/naive_bayes_best_params.json


>>> Optuna tuning logreg metodo k-means IPC 20 seed 7


Parámetros guardados en checkpoint_paysim_Doriginal_I_sin_full/k-means/IPC_20/best_models_k-means_seed_7_space_original/logreg_best_params.json


>>> Optuna tuning knn metodo k-means IPC 20 seed 7


Parámetros guardados en checkpoint_paysim_Doriginal_I_sin_full/k-means/IPC_20/best_models_k-means_seed_7_space_original/knn_best_params.json


>>> Optuna tuning xgb metodo k-means IPC 20 seed 7


Parámetros guardados en checkpoint_paysim_Doriginal_I_sin_full/k-means/IPC_20/best_models_k-means_seed_7_space_original/xgb_best_params.json


>>> Optuna tuning rf metodo k-means IPC 20 seed 7


Parámetros guardados en checkpoint_paysim_Doriginal_I_sin_full/k-means/IPC_20/best_models_k-means_seed_7_space_original/rf_best_params.json


>>> Optuna tuning mlp metodo k-means IPC 20 seed 7


Parámetros guardados en checkpoint_paysim_Doriginal_I_sin_full/k-means/IPC_20/best_models_k-means_seed_7_space_original/mlp_best_params.json


>>> Optuna tuning naive_bayes metodo ag IPC 20 seed 7


[I 2026-04-07 02:56:34,176] Trial 0 finished with value: 0.875 and parameters: {'var_smoothing': 1.4210736239935712e-10}. Best is trial 0 with value: 0.875.
[I 2026-04-07 02:56:36,454] Trial 1 finished with value: 0.875 and parameters: {'var_smoothing': 3.629422978396398e-09}. Best is trial 0 with value: 0.875.
[I 2026-04-07 02:56:38,751] Trial 2 finished with value: 0.875 and parameters: {'var_smoothing': 7.530407234027127e-10}. Best is trial 0 with value: 0.875.
[I 2026-04-07 02:56:41,013] Trial 3 finished with value: 0.875 and parameters: {'var_smoothing': 2.7985325053380072e-09}. Best is trial 0 with value: 0.875.
[I 2026-04-07 02:56:43,208] Trial 4 finished with value: 0.875 and parameters: {'var_smoothing': 9.036058293737187e-09}. Best is trial 0 with value: 0.875.
[I 2026-04-07 02:56:45,400] Trial 5 finished with value: 0.875 and parameters: {'var_smoothing': 1.1939653980558784e-09}. Best is trial 0 with value: 0.875.
[I 2026-04-07 02:56:47,715] Trial 6 finished with value: 0.875 and parameters: {'var_smoothing': 1.005173261185167e-09}. Best is trial 0 with value: 0.875.
[I 2026-04-07 02:56:50,012] Trial 7 finished with value: 0.875 and parameters: {'var_smoothing': 1.393484899105757e-10}. Best is trial 0 with value: 0.875.
[I 2026-04-07 02:56:52,298] Trial 8 finished with value: 0.875 and parameters: {'var_smoothing': 3.4425317961147986e-10}. Best is trial 0 with value: 0.875.
[I 2026-04-07 02:56:54,592] Trial 9 finished with value: 0.875 and parameters: {'var_smoothing': 9.994590426751933e-10}. Best is trial 0 with value: 0.875.
[I 2026-04-07 02:56:56,888] Trial 10 finished with value: 0.875 and parameters: {'var_smoothing': 1.9079938112167212e-10}. Best is trial 0 with value: 0.875.
[I 2026-04-07 02:56:59,168] Trial 11 finished with value: 0.875 and parameters: {'var_smoothing': 4.7456863630433305e-09}. Best is trial 0 with value: 0.875.
[I 2026-04-07 02:57:01,424] Trial 12 finished with value: 0.875 and parameters: {'var_smoothing': 2.7185365295481096e-09}. Best is trial 0 with value: 0.875.
[I 2026-04-07 02:57:01,445] Trial 13 finished with value: 0.875 and parameters: {'var_smoothing': 4.3967291332584714e-10}. Best is trial 0 with value: 0.875.
[I 2026-04-07 02:57:01,463] Trial 14 finished with value: 0.875 and parameters: {'var_smoothing': 2.6511307931162972e-09}. Best is trial 0 with value: 0.875.
[I 2026-04-07 02:57:01,482] Trial 15 finished with value: 0.875 and parameters: {'var_smoothing': 9.000422035369052e-09}. Best is trial 0 with value: 0.875.
[I 2026-04-07 02:57:01,511] Trial 16 finished with value: 0.875 and parameters: {'var_smoothing': 2.75340575769171e-10}. Best is trial 0 with value: 0.875.
[I 2026-04-07 02:57:01,528] Trial 17 finished with value: 0.875 and parameters: {'var_smoothing': 1.0118559267516465e-10}. Best is trial 0 with value: 0.875.
[I 2026-04-07 02:57:01,555] Trial 18 finished with value: 0.875 and parameters: {'var_smoothing': 5.126237368588495e-10}. Best is trial 0 with value: 0.875.
[I 2026-04-07 02:57:01,572] Trial 19 finished with value: 0.875 and parameters: {'var_smoothing': 1.7743118427439911e-09}. Best is trial 0 with value: 0.875.
[I 2026-04-07 02:57:01,589] Trial 20 finished with value: 0.875 and parameters: {'var_smoothing': 5.29215399120128e-09}. Best is trial 0 with value: 0.875.
[I 2026-04-07 02:57:01,619] Trial 21 finished with value: 0.875 and parameters: {'var_smoothing': 6.215389304971454e-10}. Best is trial 0 with value: 0.875.
[I 2026-04-07 02:57:01,650] Trial 22 finished with value: 0.875 and parameters: {'var_smoothing': 2.205158371956595e-10}. Best is trial 0 with value: 0.875.
[I 2026-04-07 02:57:01,681] Trial 23 finished with value: 0.875 and parameters: {'var_smoothing': 6.714468189294179e-10}. Best is trial 0 with value: 0.875.
[I 2026-04-07 02:57:01,701] Trial 24 finished with value: 0.875 and parameters: {'var_smoothing': 1.6303611152529254e-09}. Best is trial 0 with value: 0.875.
[I 2026-04-07 02:57:01,719] Trial 25 finished with value: 0.875 and parameters: {'var_smoothing': 5.460180203252778e-09}. Best is trial 0 with value: 0.875.
[I 2026-04-07 02:57:01,736] Trial 26 finished with value: 0.875 and parameters: {'var_smoothing': 1.0123007748054653e-10}. Best is trial 0 with value: 0.875.
[I 2026-04-07 02:57:01,753] Trial 27 finished with value: 0.875 and parameters: {'var_smoothing': 3.7004726843827016e-09}. Best is trial 0 with value: 0.875.
[I 2026-04-07 02:57:01,771] Trial 28 finished with value: 0.875 and parameters: {'var_smoothing': 8.062949328123723e-10}. Best is trial 0 with value: 0.875.
[I 2026-04-07 02:57:01,791] Trial 29 finished with value: 0.875 and parameters: {'var_smoothing': 1.8379694059711336e-09}. Best is trial 0 with value: 0.875.
[I 2026-04-07 02:57:02,789] A new study created in memory with name: logreg
[I 2026-04-07 02:57:02,843] Trial 0 finished with value: 0.575 and parameters: {'C': 0.002407362254570802, 'penalty': 'l2'}. Best is trial 0 with value: 0.575.
[I 2026-04-07 02:57:02,898] Trial 1 finished with value: 0.825 and parameters: {'C': 7.935859334260497, 'penalty': 'l2'}. Best is trial 1 with value: 0.825.
[I 2026-04-07 02:57:02,954] Trial 2 finished with value: 0.825 and parameters: {'C': 0.15561310098067915, 'penalty': 'l2'}. Best is trial 1 with value: 0.825.
[I 2026-04-07 02:57:03,019] Trial 3 finished with value: 0.825 and parameters: {'C': 4.143104515916128, 'penalty': 'l2'}. Best is trial 1 with value: 0.825.
[I 2026-04-07 02:57:03,084] Trial 4 finished with value: 0.8 and parameters: {'C': 77.61533923098803, 'penalty': 'l2'}. Best is trial 1 with value: 0.825.
[I 2026-04-07 02:57:03,139] Trial 5 finished with value: 0.825 and parameters: {'C': 0.49258292359934785, 'penalty': 'l2'}. Best is trial 1 with value: 0.825.
[I 2026-04-07 02:57:03,195] Trial 6 finished with value: 0.825 and parameters: {'C': 0.320333470047146, 'penalty': 'l2'}. Best is trial 1 with value: 0.825.
[I 2026-04-07 02:57:03,242] Trial 7 finished with value: 0.575 and parameters: {'C': 0.002292216671132896, 'penalty': 'l2'}. Best is trial 1 with value: 0.825.
[I 2026-04-07 02:57:03,299] Trial 8 finished with value: 0.725 and parameters: {'C': 0.0219884643872214, 'penalty': 'l2'}. Best is trial 1 with value: 0.825.
[I 2026-04-07 02:57:03,356] Trial 9 finished with value: 0.825 and parameters: {'C': 0.31580027519646636, 'penalty': 'l2'}. Best is trial 1 with value: 0.825.
[I 2026-04-07 02:57:03,418] Trial 10 finished with value: 0.8 and parameters: {'C': 47.045226746887316, 'penalty': 'l2'}. Best is trial 1 with value: 0.825.
[I 2026-04-07 02:57:03,489] Trial 11 finished with value: 0.825 and parameters: {'C': 4.633527611292567, 'penalty': 'l2'}. Best is trial 1 with value: 0.825.
[I 2026-04-07 02:57:03,520] Trial 12 finished with value: 0.725 and parameters: {'C': 0.025585296655532393, 'penalty': 'l2'}. Best is trial 1 with value: 0.825.
[I 2026-04-07 02:57:03,560] Trial 13 finished with value: 0.825 and parameters: {'C': 4.4447623889287895, 'penalty': 'l2'}. Best is trial 1 with value: 0.825.
[I 2026-04-07 02:57:03,591] Trial 14 finished with value: 0.725 and parameters: {'C': 0.03859499117364653, 'penalty': 'l2'}. Best is trial 1 with value: 0.825.
[I 2026-04-07 02:57:03,623] Trial 15 finished with value: 0.8 and parameters: {'C': 1.243574620710053, 'penalty': 'l2'}. Best is trial 1 with value: 0.825.
[I 2026-04-07 02:57:03,662] Trial 16 finished with value: 0.8 and parameters: {'C': 13.281071643732659, 'penalty': 'l2'}. Best is trial 1 with value: 0.825.
[I 2026-04-07 02:57:03,693] Trial 17 finished with value: 0.825 and parameters: {'C': 0.10391491819178174, 'penalty': 'l2'}. Best is trial 1 with value: 0.825.
[I 2026-04-07 02:57:03,724] Trial 18 finished with value: 0.8 and parameters: {'C': 17.945604345898534, 'penalty': 'l2'}. Best is trial 1 with value: 0.825.
[I 2026-04-07 02:57:03,755] Trial 19 finished with value: 0.8 and parameters: {'C': 1.4842153446858102, 'penalty': 'l2'}. Best is trial 1 with value: 0.825.
[I 2026-04-07 02:57:03,784] Trial 20 finished with value: 0.775 and parameters: {'C': 0.07279057533839559, 'penalty': 'l2'}. Best is trial 1 with value: 0.825.
[I 2026-04-07 02:57:03,816] Trial 21 finished with value: 0.825 and parameters: {'C': 3.862840980301555, 'penalty': 'l2'}. Best is trial 1 with value: 0.825.
[I 2026-04-07 02:57:03,851] Trial 22 finished with value: 0.8 and parameters: {'C': 21.51552482483977, 'penalty': 'l2'}. Best is trial 1 with value: 0.825.
[I 2026-04-07 02:57:03,882] Trial 23 finished with value: 0.8 and parameters: {'C': 1.276445563834392, 'penalty': 'l2'}. Best is trial 1 with value: 0.825.
[I 2026-04-07 02:57:03,924] Trial 24 finished with value: 0.825 and parameters: {'C': 10.271628143311172, 'penalty': 'l2'}. Best is trial 1 with value: 0.825.
[I 2026-04-07 02:57:03,958] Trial 25 finished with value: 0.6 and parameters: {'C': 0.0064818210668435025, 'penalty': 'l2'}. Best is trial 1 with value: 0.825.
[I 2026-04-07 02:57:03,988] Trial 26 finished with value: 0.825 and parameters: {'C': 0.18785300042181724, 'penalty': 'l2'}. Best is trial 1 with value: 0.825.
[I 2026-04-07 02:57:04,019] Trial 27 finished with value: 0.8 and parameters: {'C': 1.13503256739139, 'penalty': 'l2'}. Best is trial 1 with value: 0.825.
[I 2026-04-07 02:57:04,057] Trial 28 finished with value: 0.8 and parameters: {'C': 2.475463785536476, 'penalty': 'l2'}. Best is trial 1 with value: 0.825.
[I 2026-04-07 02:57:04,088] Trial 29 finished with value: 0.625 and parameters: {'C': 0.011104103350344362, 'penalty': 'l2'}. Best is trial 1 with value: 0.825.
[I 2026-04-07 02:57:05,046] A new study created in memory with name: knn
[I 2026-04-07 02:57:05,081] Trial 0 finished with value: 0.6 and parameters: {'n_neighbors': 3, 'leaf_size': 36, 'p': 2}. Best is trial 0 with value: 0.6.
[I 2026-04-07 02:57:05,114] Trial 1 finished with value: 0.725 and parameters: {'n_neighbors': 10, 'leaf_size': 31, 'p': 1}. Best is trial 1 with value: 0.725.
[I 2026-04-07 02:57:05,157] Trial 2 finished with value: 0.7 and parameters: {'n_neighbors': 5, 'leaf_size': 30, 'p': 2}. Best is trial 1 with value: 0.725.
[I 2026-04-07 02:57:05,199] Trial 3 finished with value: 0.675 and parameters: {'n_neighbors': 6, 'leaf_size': 21, 'p': 2}. Best is trial 1 with value: 0.725.
[I 2026-04-07 02:57:05,232] Trial 4 finished with value: 0.675 and parameters: {'n_neighbors': 4, 'leaf_size': 29, 'p': 1}. Best is trial 1 with value: 0.725.
[I 2026-04-07 02:57:05,276] Trial 5 finished with value: 0.75 and parameters: {'n_neighbors': 7, 'leaf_size': 39, 'p': 2}. Best is trial 5 with value: 0.75.
[I 2026-04-07 02:57:05,322] Trial 6 finished with value: 0.65 and parameters: {'n_neighbors': 10, 'leaf_size': 22, 'p': 2}. Best is trial 5 with value: 0.75.
[I 2026-04-07 02:57:05,357] Trial 7 finished with value: 0.675 and parameters: {'n_neighbors': 8, 'leaf_size': 29, 'p': 2}. Best is trial 5 with value: 0.75.
[I 2026-04-07 02:57:05,402] Trial 8 finished with value: 0.7 and parameters: {'n_neighbors': 5, 'leaf_size': 30, 'p': 2}. Best is trial 5 with value: 0.75.
[I 2026-04-07 02:57:05,458] Trial 9 finished with value: 0.7 and parameters: {'n_neighbors': 9, 'leaf_size': 26, 'p': 1}. Best is trial 5 with value: 0.75.
[I 2026-04-07 02:57:05,514] Trial 10 finished with value: 0.725 and parameters: {'n_neighbors': 7, 'leaf_size': 39, 'p': 1}. Best is trial 5 with value: 0.75.
[I 2026-04-07 02:57:05,558] Trial 11 finished with value: 0.725 and parameters: {'n_neighbors': 10, 'leaf_size': 35, 'p': 1}. Best is trial 5 with value: 0.75.
[I 2026-04-07 02:57:05,583] Trial 12 finished with value: 0.725 and parameters: {'n_neighbors': 8, 'leaf_size': 40, 'p': 1}. Best is trial 5 with value: 0.75.
[I 2026-04-07 02:57:05,605] Trial 13 finished with value: 0.725 and parameters: {'n_neighbors': 7, 'leaf_size': 34, 'p': 1}. Best is trial 5 with value: 0.75.
[I 2026-04-07 02:57:05,639] Trial 14 finished with value: 0.675 and parameters: {'n_neighbors': 9, 'leaf_size': 26, 'p': 2}. Best is trial 5 with value: 0.75.
[I 2026-04-07 02:57:05,673] Trial 15 finished with value: 0.725 and parameters: {'n_neighbors': 8, 'leaf_size': 33, 'p': 1}. Best is trial 5 with value: 0.75.
[I 2026-04-07 02:57:05,697] Trial 16 finished with value: 0.675 and parameters: {'n_neighbors': 6, 'leaf_size': 37, 'p': 1}. Best is trial 5 with value: 0.75.
[I 2026-04-07 02:57:05,719] Trial 17 finished with value: 0.675 and parameters: {'n_neighbors': 9, 'leaf_size': 32, 'p': 2}. Best is trial 5 with value: 0.75.
[I 2026-04-07 02:57:05,754] Trial 18 finished with value: 0.65 and parameters: {'n_neighbors': 10, 'leaf_size': 25, 'p': 2}. Best is trial 5 with value: 0.75.
[I 2026-04-07 02:57:05,778] Trial 19 finished with value: 0.675 and parameters: {'n_neighbors': 3, 'leaf_size': 37, 'p': 1}. Best is trial 5 with value: 0.75.
[I 2026-04-07 02:57:05,812] Trial 20 finished with value: 0.7 and parameters: {'n_neighbors': 5, 'leaf_size': 24, 'p': 2}. Best is trial 5 with value: 0.75.
[I 2026-04-07 02:57:05,839] Trial 21 finished with value: 0.725 and parameters: {'n_neighbors': 7, 'leaf_size': 40, 'p': 1}. Best is trial 5 with value: 0.75.
[I 2026-04-07 02:57:05,873] Trial 22 finished with value: 0.725 and parameters: {'n_neighbors': 7, 'leaf_size': 38, 'p': 1}. Best is trial 5 with value: 0.75.
[I 2026-04-07 02:57:05,898] Trial 23 finished with value: 0.675 and parameters: {'n_neighbors': 6, 'leaf_size': 39, 'p': 1}. Best is trial 5 with value: 0.75.
[I 2026-04-07 02:57:05,924] Trial 24 finished with value: 0.725 and parameters: {'n_neighbors': 8, 'leaf_size': 32, 'p': 1}. Best is trial 5 with value: 0.75.
[I 2026-04-07 02:57:05,947] Trial 25 finished with value: 0.725 and parameters: {'n_neighbors': 7, 'leaf_size': 38, 'p': 1}. Best is trial 5 with value: 0.75.
[I 2026-04-07 02:57:05,973] Trial 26 finished with value: 0.7 and parameters: {'n_neighbors': 9, 'leaf_size': 35, 'p': 1}. Best is trial 5 with value: 0.75.
[I 2026-04-07 02:57:06,010] Trial 27 finished with value: 0.675 and parameters: {'n_neighbors': 4, 'leaf_size': 28, 'p': 1}. Best is trial 5 with value: 0.75.
[I 2026-04-07 02:57:06,047] Trial 28 finished with value: 0.675 and parameters: {'n_neighbors': 6, 'leaf_size': 40, 'p': 2}. Best is trial 5 with value: 0.75.
[I 2026-04-07 02:57:06,073] Trial 29 finished with value: 0.675 and parameters: {'n_neighbors': 8, 'leaf_size': 37, 'p': 2}. Best is trial 5 with value: 0.75.
[I 2026-04-07 02:57:07,530] A new study created in memory with name: xgb
[I 2026-04-07 02:57:07,577] Trial 0 finished with value: 0.925 and parameters: {'n_estimators': 40, 'max_depth': 20, 'gamma': 0.5510084172939441, 'subsample': 0.5360255666798808, 'colsample_bytree': 0.6342194900509356}. Best is trial 0 with value: 0.925.
[I 2026-04-07 02:57:07,624] Trial 1 finished with value: 0.95 and parameters: {'n_estimators': 100, 'max_depth': 5, 'gamma': 0.9186341749476523, 'subsample': 0.6066926767899578, 'colsample_bytree': 0.7260619809088416}. Best is trial 1 with value: 0.95.
[I 2026-04-07 02:57:07,672] Trial 2 finished with value: 0.85 and parameters: {'n_estimators': 10, 'max_depth': 5, 'gamma': 0.9182155373980582, 'subsample': 0.566584722879625, 'colsample_bytree': 0.761706290336883}. Best is trial 1 with value: 0.95.
[I 2026-04-07 02:57:07,720] Trial 3 finished with value: 0.875 and parameters: {'n_estimators': 10, 'max_depth': 20, 'gamma': 0.5296610393664296, 'subsample': 0.6829451928902965, 'colsample_bytree': 0.9189589971546304}. Best is trial 1 with value: 0.95.
[I 2026-04-07 02:57:07,778] Trial 4 finished with value: 0.825 and parameters: {'n_estimators': 10, 'max_depth': 20, 'gamma': 0.6916595165017824, 'subsample': 0.6851755414940176, 'colsample_bytree': 0.7295464889457157}. Best is trial 1 with value: 0.95.
