[I 2026-04-09 20:50:13,036] Trial 14 finished with value: 0.9 and parameters: {'var_smoothing': 1.0137193502251743e-10}. Best is trial 0 with value: 0.9.
[I 2026-04-09 20:50:13,053] Trial 15 finished with value: 0.9 and parameters: {'var_smoothing': 7.233291262560306e-09}. Best is trial 0 with value: 0.9.
[I 2026-04-09 20:50:13,072] Trial 16 finished with value: 0.9 and parameters: {'var_smoothing': 5.636880428096003e-10}. Best is trial 0 with value: 0.9.
[I 2026-04-09 20:50:13,092] Trial 17 finished with value: 0.9 and parameters: {'var_smoothing': 1.2682382630515742e-09}. Best is trial 0 with value: 0.9.
[I 2026-04-09 20:50:13,109] Trial 18 finished with value: 0.9 and parameters: {'var_smoothing': 3.934685686653308e-10}. Best is trial 0 with value: 0.9.
[I 2026-04-09 20:50:13,126] Trial 19 finished with value: 0.9 and parameters: {'var_smoothing': 8.419551297505738e-10}. Best is trial 0 with value: 0.9.
[I 2026-04-09 20:50:13,143] Trial 20 finished with value: 0.9 and parameters: {'var_smoothing': 2.608399883647147e-09}. Best is trial 0 with value: 0.9.
[I 2026-04-09 20:50:13,161] Trial 21 finished with value: 0.9 and parameters: {'var_smoothing': 1.1043065925699652e-09}. Best is trial 0 with value: 0.9.
[I 2026-04-09 20:50:13,190] Trial 22 finished with value: 0.9 and parameters: {'var_smoothing': 7.818254747144452e-09}. Best is trial 0 with value: 0.9.
[I 2026-04-09 20:50:13,208] Trial 23 finished with value: 0.9 and parameters: {'var_smoothing': 4.506881416225629e-09}. Best is trial 0 with value: 0.9.
[I 2026-04-09 20:50:13,226] Trial 24 finished with value: 0.9 and parameters: {'var_smoothing': 8.370195589160265e-10}. Best is trial 0 with value: 0.9.
[I 2026-04-09 20:50:13,242] Trial 25 finished with value: 0.9 and parameters: {'var_smoothing': 1.4246564400615985e-09}. Best is trial 0 with value: 0.9.
[I 2026-04-09 20:50:13,256] Trial 26 finished with value: 0.9 and parameters: {'var_smoothing': 1.055993505169999e-10}. Best is trial 0 with value: 0.9.
[I 2026-04-09 20:50:13,271] Trial 27 finished with value: 0.9 and parameters: {'var_smoothing': 2.338070103551991e-09}. Best is trial 0 with value: 0.9.
[I 2026-04-09 20:50:13,287] Trial 28 finished with value: 0.9 and parameters: {'var_smoothing': 2.9749637796955326e-10}. Best is trial 0 with value: 0.9.
[I 2026-04-09 20:50:13,307] Trial 29 finished with value: 0.9 and parameters: {'var_smoothing': 2.1414596138226606e-10}. Best is trial 0 with value: 0.9.
[I 2026-04-09 20:50:14,444] A new study created in memory with name: logreg
[I 2026-04-09 20:50:14,458] Trial 0 finished with value: 0.85 and parameters: {'C': 0.0011268620922535318, 'penalty': 'l2'}. Best is trial 0 with value: 0.85.
[I 2026-04-09 20:50:14,483] Trial 1 finished with value: 0.85 and parameters: {'C': 0.32312678588710475, 'penalty': 'l2'}. Best is trial 0 with value: 0.85.
[I 2026-04-09 20:50:14,508] Trial 2 finished with value: 0.85 and parameters: {'C': 0.3012079745112611, 'penalty': 'l2'}. Best is trial 0 with value: 0.85.
[I 2026-04-09 20:50:14,545] Trial 3 finished with value: 0.85 and parameters: {'C': 0.004668180550042529, 'penalty': 'l2'}. Best is trial 0 with value: 0.85.
[I 2026-04-09 20:50:14,568] Trial 4 finished with value: 0.85 and parameters: {'C': 0.005135177115384908, 'penalty': 'l2'}. Best is trial 0 with value: 0.85.
[I 2026-04-09 20:50:14,593] Trial 5 finished with value: 0.85 and parameters: {'C': 0.01238207351349697, 'penalty': 'l2'}. Best is trial 0 with value: 0.85.
[I 2026-04-09 20:50:14,619] Trial 6 finished with value: 0.85 and parameters: {'C': 0.12374877330306278, 'penalty': 'l2'}. Best is trial 0 with value: 0.85.
[I 2026-04-09 20:50:14,634] Trial 7 finished with value: 0.85 and parameters: {'C': 0.017398261017749217, 'penalty': 'l2'}. Best is trial 0 with value: 0.85.
[I 2026-04-09 20:50:14,659] Trial 8 finished with value: 0.85 and parameters: {'C': 0.002632074973627294, 'penalty': 'l2'}. Best is trial 0 with value: 0.85.
[I 2026-04-09 20:50:14,684] Trial 9 finished with value: 0.85 and parameters: {'C': 0.053394091359671186, 'penalty': 'l2'}. Best is trial 0 with value: 0.85.
[I 2026-04-09 20:50:14,712] Trial 10 finished with value: 0.9 and parameters: {'C': 11.611342204749677, 'penalty': 'l2'}. Best is trial 10 with value: 0.9.
[I 2026-04-09 20:50:14,740] Trial 11 finished with value: 0.9 and parameters: {'C': 15.202957700179246, 'penalty': 'l2'}. Best is trial 10 with value: 0.9.
[I 2026-04-09 20:50:14,780] Trial 12 finished with value: 0.9 and parameters: {'C': 19.51781064476914, 'penalty': 'l2'}. Best is trial 10 with value: 0.9.
[I 2026-04-09 20:50:14,810] Trial 13 finished with value: 0.9 and parameters: {'C': 42.650409134494865, 'penalty': 'l2'}. Best is trial 10 with value: 0.9.
[I 2026-04-09 20:50:14,839] Trial 14 finished with value: 0.9 and parameters: {'C': 4.789736340269423, 'penalty': 'l2'}. Best is trial 10 with value: 0.9.
[I 2026-04-09 20:50:14,867] Trial 15 finished with value: 0.9 and parameters: {'C': 3.4666106415955507, 'penalty': 'l2'}. Best is trial 10 with value: 0.9.
[I 2026-04-09 20:50:14,897] Trial 16 finished with value: 0.9 and parameters: {'C': 3.421957681069141, 'penalty': 'l2'}. Best is trial 10 with value: 0.9.
[I 2026-04-09 20:50:14,925] Trial 17 finished with value: 0.85 and parameters: {'C': 93.49225711107523, 'penalty': 'l2'}. Best is trial 10 with value: 0.9.
[I 2026-04-09 20:50:14,976] Trial 18 finished with value: 0.9 and parameters: {'C': 12.132387067992815, 'penalty': 'l2'}. Best is trial 10 with value: 0.9.
[I 2026-04-09 20:50:15,016] Trial 19 finished with value: 0.9 and parameters: {'C': 1.0311001090880758, 'penalty': 'l2'}. Best is trial 10 with value: 0.9.
[I 2026-04-09 20:50:15,043] Trial 20 finished with value: 0.9 and parameters: {'C': 1.626402886634035, 'penalty': 'l2'}. Best is trial 10 with value: 0.9.
[I 2026-04-09 20:50:15,070] Trial 21 finished with value: 0.9 and parameters: {'C': 16.637620688934046, 'penalty': 'l2'}. Best is trial 10 with value: 0.9.
[I 2026-04-09 20:50:15,100] Trial 22 finished with value: 0.9 and parameters: {'C': 24.865614975831264, 'penalty': 'l2'}. Best is trial 10 with value: 0.9.
[I 2026-04-09 20:50:15,141] Trial 23 finished with value: 0.85 and parameters: {'C': 88.87233987498091, 'penalty': 'l2'}. Best is trial 10 with value: 0.9.
[I 2026-04-09 20:50:15,181] Trial 24 finished with value: 0.9 and parameters: {'C': 9.221898435024201, 'penalty': 'l2'}. Best is trial 10 with value: 0.9.
[I 2026-04-09 20:50:15,242] Trial 25 finished with value: 0.9 and parameters: {'C': 34.5714456266292, 'penalty': 'l2'}. Best is trial 10 with value: 0.9.
[I 2026-04-09 20:50:15,279] Trial 26 finished with value: 0.9 and parameters: {'C': 1.3746200743400954, 'penalty': 'l2'}. Best is trial 10 with value: 0.9.
[I 2026-04-09 20:50:15,307] Trial 27 finished with value: 0.9 and parameters: {'C': 8.381273266821157, 'penalty': 'l2'}. Best is trial 10 with value: 0.9.
[I 2026-04-09 20:50:15,343] Trial 28 finished with value: 0.9 and parameters: {'C': 45.749105673449684, 'penalty': 'l2'}. Best is trial 10 with value: 0.9.
[I 2026-04-09 20:50:15,369] Trial 29 finished with value: 0.85 and parameters: {'C': 0.5397363998629904, 'penalty': 'l2'}. Best is trial 10 with value: 0.9.
[I 2026-04-09 20:50:16,352] A new study created in memory with name: knn
[I 2026-04-09 20:50:16,367] Trial 0 finished with value: 0.8 and parameters: {'n_neighbors': 3, 'leaf_size': 30, 'p': 1}. Best is trial 0 with value: 0.8.
[I 2026-04-09 20:50:16,381] Trial 1 finished with value: 0.85 and parameters: {'n_neighbors': 4, 'leaf_size': 24, 'p': 1}. Best is trial 1 with value: 0.85.
[I 2026-04-09 20:50:16,395] Trial 2 finished with value: 0.8 and parameters: {'n_neighbors': 3, 'leaf_size': 27, 'p': 2}. Best is trial 1 with value: 0.85.
[I 2026-04-09 20:50:16,428] Trial 3 finished with value: 0.85 and parameters: {'n_neighbors': 10, 'leaf_size': 20, 'p': 1}. Best is trial 1 with value: 0.85.
[I 2026-04-09 20:50:16,494] Trial 4 finished with value: 0.75 and parameters: {'n_neighbors': 10, 'leaf_size': 34, 'p': 2}. Best is trial 1 with value: 0.85.
[I 2026-04-09 20:50:16,519] Trial 5 finished with value: 0.85 and parameters: {'n_neighbors': 6, 'leaf_size': 34, 'p': 1}. Best is trial 1 with value: 0.85.
[I 2026-04-09 20:50:16,574] Trial 6 finished with value: 0.85 and parameters: {'n_neighbors': 10, 'leaf_size': 36, 'p': 1}. Best is trial 1 with value: 0.85.
[I 2026-04-09 20:50:16,587] Trial 7 finished with value: 0.75 and parameters: {'n_neighbors': 7, 'leaf_size': 39, 'p': 2}. Best is trial 1 with value: 0.85.
[I 2026-04-09 20:50:16,620] Trial 8 finished with value: 0.75 and parameters: {'n_neighbors': 10, 'leaf_size': 23, 'p': 2}. Best is trial 1 with value: 0.85.
[I 2026-04-09 20:50:16,657] Trial 9 finished with value: 0.75 and parameters: {'n_neighbors': 10, 'leaf_size': 35, 'p': 2}. Best is trial 1 with value: 0.85.
[I 2026-04-09 20:50:16,680] Trial 10 finished with value: 0.85 and parameters: {'n_neighbors': 5, 'leaf_size': 26, 'p': 1}. Best is trial 1 with value: 0.85.
[I 2026-04-09 20:50:16,722] Trial 11 finished with value: 0.85 and parameters: {'n_neighbors': 8, 'leaf_size': 20, 'p': 1}. Best is trial 1 with value: 0.85.
[I 2026-04-09 20:50:16,744] Trial 12 finished with value: 0.85 and parameters: {'n_neighbors': 5, 'leaf_size': 20, 'p': 1}. Best is trial 1 with value: 0.85.
[I 2026-04-09 20:50:16,802] Trial 13 finished with value: 0.85 and parameters: {'n_neighbors': 8, 'leaf_size': 23, 'p': 1}. Best is trial 1 with value: 0.85.
[I 2026-04-09 20:50:16,829] Trial 14 finished with value: 0.85 and parameters: {'n_neighbors': 4, 'leaf_size': 24, 'p': 1}. Best is trial 1 with value: 0.85.
[I 2026-04-09 20:50:16,872] Trial 15 finished with value: 0.85 and parameters: {'n_neighbors': 8, 'leaf_size': 29, 'p': 1}. Best is trial 1 with value: 0.85.
[I 2026-04-09 20:50:16,900] Trial 16 finished with value: 0.85 and parameters: {'n_neighbors': 6, 'leaf_size': 21, 'p': 1}. Best is trial 1 with value: 0.85.
[I 2026-04-09 20:50:16,965] Trial 17 finished with value: 0.75 and parameters: {'n_neighbors': 9, 'leaf_size': 26, 'p': 1}. Best is trial 1 with value: 0.85.
[I 2026-04-09 20:50:16,996] Trial 18 finished with value: 0.85 and parameters: {'n_neighbors': 4, 'leaf_size': 22, 'p': 1}. Best is trial 1 with value: 0.85.
[I 2026-04-09 20:50:17,019] Trial 19 finished with value: 0.8 and parameters: {'n_neighbors': 7, 'leaf_size': 25, 'p': 1}. Best is trial 1 with value: 0.85.
[I 2026-04-09 20:50:17,050] Trial 20 finished with value: 0.85 and parameters: {'n_neighbors': 5, 'leaf_size': 28, 'p': 1}. Best is trial 1 with value: 0.85.
[I 2026-04-09 20:50:17,074] Trial 21 finished with value: 0.85 and parameters: {'n_neighbors': 6, 'leaf_size': 32, 'p': 1}. Best is trial 1 with value: 0.85.
[I 2026-04-09 20:50:17,096] Trial 22 finished with value: 0.85 and parameters: {'n_neighbors': 4, 'leaf_size': 32, 'p': 1}. Best is trial 1 with value: 0.85.
[I 2026-04-09 20:50:17,123] Trial 23 finished with value: 0.85 and parameters: {'n_neighbors': 6, 'leaf_size': 38, 'p': 1}. Best is trial 1 with value: 0.85.
[I 2026-04-09 20:50:17,149] Trial 24 finished with value: 0.75 and parameters: {'n_neighbors': 9, 'leaf_size': 31, 'p': 1}. Best is trial 1 with value: 0.85.
[I 2026-04-09 20:50:17,178] Trial 25 finished with value: 0.8 and parameters: {'n_neighbors': 7, 'leaf_size': 37, 'p': 1}. Best is trial 1 with value: 0.85.
[I 2026-04-09 20:50:17,204] Trial 26 finished with value: 0.8 and parameters: {'n_neighbors': 5, 'leaf_size': 34, 'p': 2}. Best is trial 1 with value: 0.85.
[I 2026-04-09 20:50:17,276] Trial 27 finished with value: 0.75 and parameters: {'n_neighbors': 9, 'leaf_size': 40, 'p': 1}. Best is trial 1 with value: 0.85.
[I 2026-04-09 20:50:17,299] Trial 28 finished with value: 0.85 and parameters: {'n_neighbors': 4, 'leaf_size': 21, 'p': 1}. Best is trial 1 with value: 0.85.
[I 2026-04-09 20:50:17,321] Trial 29 finished with value: 0.8 and parameters: {'n_neighbors': 3, 'leaf_size': 30, 'p': 1}. Best is trial 1 with value: 0.85.
[I 2026-04-09 20:50:18,530] A new study created in memory with name: xgb
[I 2026-04-09 20:50:18,566] Trial 0 finished with value: 0.95 and parameters: {'n_estimators': 40, 'max_depth': 30, 'gamma': 0.47665736245940726, 'subsample': 0.6240505842067796, 'colsample_bytree': 0.542029825582675}. Best is trial 0 with value: 0.95.
[I 2026-04-09 20:50:18,604] Trial 1 finished with value: 0.95 and parameters: {'n_estimators': 100, 'max_depth': 5, 'gamma': 0.6154838340124683, 'subsample': 0.9490035591125747, 'colsample_bytree': 0.8334494864598183}. Best is trial 0 with value: 0.95.
[I 2026-04-09 20:50:18,631] Trial 2 finished with value: 0.95 and parameters: {'n_estimators': 40, 'max_depth': 20, 'gamma': 0.9464719685739904, 'subsample': 0.9018698850061588, 'colsample_bytree': 0.9916796241121663}. Best is trial 0 with value: 0.95.
[I 2026-04-09 20:50:18,657] Trial 3 finished with value: 0.95 and parameters: {'n_estimators': 100, 'max_depth': 30, 'gamma': 0.26698751824101463, 'subsample': 0.6215578376567042, 'colsample_bytree': 0.9367004215505623}. Best is trial 0 with value: 0.95.
[I 2026-04-09 20:50:18,682] Trial 4 finished with value: 1.0 and parameters: {'n_estimators': 10, 'max_depth': 20, 'gamma': 0.5301766121845122, 'subsample': 0.7177777323831729, 'colsample_bytree': 0.9352041482132656}. Best is trial 4 with value: 1.0.
[I 2026-04-09 20:50:18,706] Trial 5 finished with value: 0.95 and parameters: {'n_estimators': 100, 'max_depth': 5, 'gamma': 0.6742485862456464, 'subsample': 0.7308488312353485, 'colsample_bytree': 0.5265297122426965}. Best is trial 4 with value: 1.0.
[I 2026-04-09 20:50:18,741] Trial 6 finished with value: 0.95 and parameters: {'n_estimators': 100, 'max_depth': 30, 'gamma': 0.5360486096375219, 'subsample': 0.8488681925618888, 'colsample_bytree': 0.900578215847843}. Best is trial 4 with value: 1.0.
[I 2026-04-09 20:50:18,769] Trial 7 finished with value: 0.95 and parameters: {'n_estimators': 40, 'max_depth': 5, 'gamma': 0.4997010655396419, 'subsample': 0.7490698051808964, 'colsample_bytree': 0.7071731623998108}. Best is trial 4 with value: 1.0.
[I 2026-04-09 20:50:18,797] Trial 8 finished with value: 0.95 and parameters: {'n_estimators': 100, 'max_depth': 5, 'gamma': 0.5449029446194361, 'subsample': 0.7150234071055932, 'colsample_bytree': 0.8673829085180849}. Best is trial 4 with value: 1.0.
[I 2026-04-09 20:50:18,836] Trial 9 finished with value: 0.95 and parameters: {'n_estimators': 100, 'max_depth': 30, 'gamma': 0.5427360453562716, 'subsample': 0.5915763668266103, 'colsample_bytree': 0.5546552575823498}. Best is trial 4 with value: 1.0.
[I 2026-04-09 20:50:18,880] Trial 10 finished with value: 0.95 and parameters: {'n_estimators': 10, 'max_depth': 20, 'gamma': 0.15794856228634757, 'subsample': 0.5337248241058775, 'colsample_bytree': 0.732204974892271}. Best is trial 4 with value: 1.0.
[I 2026-04-09 20:50:18,909] Trial 11 finished with value: 0.9 and parameters: {'n_estimators': 10, 'max_depth': 20, 'gamma': 0.34562197963292524, 'subsample': 0.6547390785789793, 'colsample_bytree': 0.6361085000764973}. Best is trial 4 with value: 1.0.
[I 2026-04-09 20:50:18,937] Trial 12 finished with value: 0.95 and parameters: {'n_estimators': 10, 'max_depth': 30, 'gamma': 0.7487633273197036, 'subsample': 0.8189975118962511, 'colsample_bytree': 0.7941110199539757}. Best is trial 4 with value: 1.0.
[I 2026-04-09 20:50:18,971] Trial 13 finished with value: 0.95 and parameters: {'n_estimators': 40, 'max_depth': 20, 'gamma': 0.374981980294008, 'subsample': 0.6789858494470087, 'colsample_bytree': 0.6248841863782957}. Best is trial 4 with value: 1.0.
[I 2026-04-09 20:50:19,007] Trial 14 finished with value: 0.9 and parameters: {'n_estimators': 40, 'max_depth': 30, 'gamma': 0.8628532328890084, 'subsample': 0.5357174567102159, 'colsample_bytree': 0.643726643926565}. Best is trial 4 with value: 1.0.
[I 2026-04-09 20:50:19,046] Trial 15 finished with value: 0.95 and parameters: {'n_estimators': 10, 'max_depth': 20, 'gamma': 0.3794166816610742, 'subsample': 0.8113467514466688, 'colsample_bytree': 0.9936707100558857}. Best is trial 4 with value: 1.0.
[I 2026-04-09 20:50:19,088] Trial 16 finished with value: 0.95 and parameters: {'n_estimators': 40, 'max_depth': 20, 'gamma': 0.7393262466379021, 'subsample': 0.5869365748538335, 'colsample_bytree': 0.8021745138449754}. Best is trial 4 with value: 1.0.
[I 2026-04-09 20:50:19,131] Trial 17 finished with value: 0.95 and parameters: {'n_estimators': 10, 'max_depth': 30, 'gamma': 0.43716986489552745, 'subsample': 0.6948200365899053, 'colsample_bytree': 0.587661442330996}. Best is trial 4 with value: 1.0.
[I 2026-04-09 20:50:19,168] Trial 18 finished with value: 0.9 and parameters: {'n_estimators': 10, 'max_depth': 30, 'gamma': 0.2090290985030871, 'subsample': 0.79567451263255, 'colsample_bytree': 0.6951399833147834}. Best is trial 4 with value: 1.0.
[I 2026-04-09 20:50:19,201] Trial 19 finished with value: 0.95 and parameters: {'n_estimators': 40, 'max_depth': 20, 'gamma': 0.6431123617520531, 'subsample': 0.5022814882177064, 'colsample_bytree': 0.9326372105414104}. Best is trial 4 with value: 1.0.
[I 2026-04-09 20:50:19,245] Trial 20 finished with value: 0.95 and parameters: {'n_estimators': 40, 'max_depth': 30, 'gamma': 0.4609882507141105, 'subsample': 0.6379235651905135, 'colsample_bytree': 0.5076990839408192}. Best is trial 4 with value: 1.0.
[I 2026-04-09 20:50:19,279] Trial 21 finished with value: 0.95 and parameters: {'n_estimators': 100, 'max_depth': 5, 'gamma': 0.6323241865456053, 'subsample': 0.7827818160280692, 'colsample_bytree': 0.8343464249604546}. Best is trial 4 with value: 1.0.
[I 2026-04-09 20:50:19,312] Trial 22 finished with value: 0.95 and parameters: {'n_estimators': 100, 'max_depth': 5, 'gamma': 0.6234387494858354, 'subsample': 0.9709215131745996, 'colsample_bytree': 0.7832800881525825}. Best is trial 4 with value: 1.0.
[I 2026-04-09 20:50:19,347] Trial 23 finished with value: 0.95 and parameters: {'n_estimators': 10, 'max_depth': 5, 'gamma': 0.7877593277798747, 'subsample': 0.956862338391978, 'colsample_bytree': 0.8710877998503785}. Best is trial 4 with value: 1.0.
[I 2026-04-09 20:50:19,380] Trial 24 finished with value: 0.95 and parameters: {'n_estimators': 10, 'max_depth': 5, 'gamma': 0.28455432717277784, 'subsample': 0.880786437496109, 'colsample_bytree': 0.9444187432203508}. Best is trial 4 with value: 1.0.
[I 2026-04-09 20:50:19,414] Trial 25 finished with value: 0.95 and parameters: {'n_estimators': 100, 'max_depth': 5, 'gamma': 0.5923737785766625, 'subsample': 0.9288578995444242, 'colsample_bytree': 0.8503510234363421}. Best is trial 4 with value: 1.0.
[I 2026-04-09 20:50:19,454] Trial 26 finished with value: 0.95 and parameters: {'n_estimators': 40, 'max_depth': 20, 'gamma': 0.43184818751930426, 'subsample': 0.762556028637971, 'colsample_bytree': 0.7613773854298609}. Best is trial 4 with value: 1.0.
[I 2026-04-09 20:50:19,494] Trial 27 finished with value: 0.95 and parameters: {'n_estimators': 40, 'max_depth': 5, 'gamma': 0.7014514495255629, 'subsample': 0.5923026165533214, 'colsample_bytree': 0.8300020433102442}. Best is trial 4 with value: 1.0.
[I 2026-04-09 20:50:19,545] Trial 28 finished with value: 0.95 and parameters: {'n_estimators': 100, 'max_depth': 30, 'gamma': 0.8165933274018637, 'subsample': 0.6733357792037838, 'colsample_bytree': 0.8988894943744428}. Best is trial 4 with value: 1.0.
[I 2026-04-09 20:50:19,599] Trial 29 finished with value: 0.95 and parameters: {'n_estimators': 10, 'max_depth': 20, 'gamma': 0.9502856681365417, 'subsample': 0.8588808949831918, 'colsample_bytree': 0.970237622172615}. Best is trial 4 with value: 1.0.
[I 2026-04-09 20:50:20,602] A new study created in memory with name: rf
[I 2026-04-09 20:50:20,758] Trial 0 finished with value: 0.95 and parameters: {'n_estimators': 104, 'max_depth': 12, 'min_samples_split': 6, 'min_samples_leaf': 2}. Best is trial 0 with value: 0.95.
[I 2026-04-09 20:50:20,935] Trial 1 finished with value: 0.95 and parameters: {'n_estimators': 156, 'max_depth': 6, 'min_samples_split': 5, 'min_samples_leaf': 3}. Best is trial 0 with value: 0.95.
[I 2026-04-09 20:50:21,132] Trial 2 finished with value: 0.5 and parameters: {'n_estimators': 133, 'max_depth': 9, 'min_samples_split': 3, 'min_samples_leaf': 9}. Best is trial 0 with value: 0.95.
[I 2026-04-09 20:50:21,661] Trial 3 finished with value: 0.85 and parameters: {'n_estimators': 481, 'max_depth': 3, 'min_samples_split': 8, 'min_samples_leaf': 6}. Best is trial 0 with value: 0.95.
[I 2026-04-09 20:50:22,177] Trial 4 finished with value: 0.5 and parameters: {'n_estimators': 460, 'max_depth': 15, 'min_samples_split': 6, 'min_samples_leaf': 8}. Best is trial 0 with value: 0.95.
[I 2026-04-09 20:50:22,510] Trial 5 finished with value: 0.9 and parameters: {'n_estimators': 254, 'max_depth': 15, 'min_samples_split': 9, 'min_samples_leaf': 5}. Best is trial 0 with value: 0.95.
[I 2026-04-09 20:50:23,068] Trial 6 finished with value: 0.95 and parameters: {'n_estimators': 477, 'max_depth': 17, 'min_samples_split': 10, 'min_samples_leaf': 2}. Best is trial 0 with value: 0.95.
[I 2026-04-09 20:50:23,458] Trial 7 finished with value: 0.5 and parameters: {'n_estimators': 308, 'max_depth': 20, 'min_samples_split': 7, 'min_samples_leaf': 9}. Best is trial 0 with value: 0.95.
[I 2026-04-09 20:50:24,004] Trial 8 finished with value: 0.5 and parameters: {'n_estimators': 489, 'max_depth': 6, 'min_samples_split': 4, 'min_samples_leaf': 9}. Best is trial 0 with value: 0.95.
[I 2026-04-09 20:50:24,505] Trial 9 finished with value: 0.9 and parameters: {'n_estimators': 463, 'max_depth': 16, 'min_samples_split': 5, 'min_samples_leaf': 5}. Best is trial 0 with value: 0.95.
[I 2026-04-09 20:50:24,841] Trial 10 finished with value: 0.9 and parameters: {'n_estimators': 233, 'max_depth': 11, 'min_samples_split': 2, 'min_samples_leaf': 1}. Best is trial 0 with value: 0.95.
