[I 2026-04-07 01:51:34,715] Trial 19 finished with value: 0.8 and parameters: {'n_estimators': 405, 'max_depth': 13, 'min_samples_split': 6, 'min_samples_leaf': 2}. Best is trial 0 with value: 0.8.
[I 2026-04-07 01:51:34,921] Trial 20 finished with value: 0.8 and parameters: {'n_estimators': 144, 'max_depth': 8, 'min_samples_split': 8, 'min_samples_leaf': 4}. Best is trial 0 with value: 0.8.
[I 2026-04-07 01:51:35,215] Trial 21 finished with value: 0.7 and parameters: {'n_estimators': 269, 'max_depth': 3, 'min_samples_split': 8, 'min_samples_leaf': 6}. Best is trial 0 with value: 0.8.
[I 2026-04-07 01:51:35,707] Trial 22 finished with value: 0.75 and parameters: {'n_estimators': 415, 'max_depth': 5, 'min_samples_split': 8, 'min_samples_leaf': 6}. Best is trial 0 with value: 0.8.
[I 2026-04-07 01:51:35,964] Trial 23 finished with value: 0.5 and parameters: {'n_estimators': 187, 'max_depth': 3, 'min_samples_split': 10, 'min_samples_leaf': 7}. Best is trial 0 with value: 0.8.
[I 2026-04-07 01:51:36,158] Trial 24 finished with value: 0.6 and parameters: {'n_estimators': 132, 'max_depth': 7, 'min_samples_split': 9, 'min_samples_leaf': 7}. Best is trial 0 with value: 0.8.
[I 2026-04-07 01:51:36,509] Trial 25 finished with value: 0.8 and parameters: {'n_estimators': 295, 'max_depth': 4, 'min_samples_split': 7, 'min_samples_leaf': 5}. Best is trial 0 with value: 0.8.
[I 2026-04-07 01:51:36,966] Trial 26 finished with value: 0.8 and parameters: {'n_estimators': 399, 'max_depth': 14, 'min_samples_split': 5, 'min_samples_leaf': 1}. Best is trial 0 with value: 0.8.
[I 2026-04-07 01:51:37,240] Trial 27 finished with value: 0.8 and parameters: {'n_estimators': 216, 'max_depth': 5, 'min_samples_split': 9, 'min_samples_leaf': 3}. Best is trial 0 with value: 0.8.
[I 2026-04-07 01:51:37,635] Trial 28 finished with value: 0.5 and parameters: {'n_estimators': 377, 'max_depth': 19, 'min_samples_split': 3, 'min_samples_leaf': 10}. Best is trial 0 with value: 0.8.
[I 2026-04-07 01:51:37,808] Trial 29 finished with value: 0.8 and parameters: {'n_estimators': 127, 'max_depth': 10, 'min_samples_split': 6, 'min_samples_leaf': 4}. Best is trial 0 with value: 0.8.
[I 2026-04-07 01:51:39,225] A new study created in memory with name: mlp
[I 2026-04-07 01:51:39,281] Trial 0 finished with value: 0.8 and parameters: {'hidden_layer_sizes': (200,), 'max_iter': 100, 'alpha': 0.001}. Best is trial 0 with value: 0.8.
[I 2026-04-07 01:51:39,367] Trial 1 finished with value: 0.8 and parameters: {'hidden_layer_sizes': (100, 100), 'max_iter': 100, 'alpha': 0.0001}. Best is trial 0 with value: 0.8.
[I 2026-04-07 01:51:39,413] Trial 2 finished with value: 0.95 and parameters: {'hidden_layer_sizes': (100, 100), 'max_iter': 50, 'alpha': 0.0001}. Best is trial 2 with value: 0.95.
[I 2026-04-07 01:51:39,449] Trial 3 finished with value: 0.8 and parameters: {'hidden_layer_sizes': (200,), 'max_iter': 50, 'alpha': 0.0001}. Best is trial 2 with value: 0.95.
[I 2026-04-07 01:51:39,504] Trial 4 finished with value: 0.85 and parameters: {'hidden_layer_sizes': (200,), 'max_iter': 100, 'alpha': 0.001}. Best is trial 2 with value: 0.95.
[I 2026-04-07 01:51:39,560] Trial 5 finished with value: 0.8 and parameters: {'hidden_layer_sizes': (200,), 'max_iter': 100, 'alpha': 0.0001}. Best is trial 2 with value: 0.95.
[I 2026-04-07 01:51:39,636] Trial 6 finished with value: 0.9 and parameters: {'hidden_layer_sizes': (100, 100), 'max_iter': 100, 'alpha': 0.001}. Best is trial 2 with value: 0.95.
[I 2026-04-07 01:51:39,682] Trial 7 finished with value: 0.8 and parameters: {'hidden_layer_sizes': (200,), 'max_iter': 50, 'alpha': 0.001}. Best is trial 2 with value: 0.95.
[I 2026-04-07 01:51:39,728] Trial 8 finished with value: 0.85 and parameters: {'hidden_layer_sizes': (100,), 'max_iter': 100, 'alpha': 0.001}. Best is trial 2 with value: 0.95.
[I 2026-04-07 01:51:39,773] Trial 9 finished with value: 0.75 and parameters: {'hidden_layer_sizes': (200,), 'max_iter': 50, 'alpha': 0.001}. Best is trial 2 with value: 0.95.
[I 2026-04-07 01:51:39,819] Trial 10 finished with value: 0.85 and parameters: {'hidden_layer_sizes': (100, 100), 'max_iter': 50, 'alpha': 0.0001}. Best is trial 2 with value: 0.95.
[I 2026-04-07 01:51:39,863] Trial 11 finished with value: 0.9 and parameters: {'hidden_layer_sizes': (100, 100), 'max_iter': 50, 'alpha': 0.0001}. Best is trial 2 with value: 0.95.
[I 2026-04-07 01:51:39,912] Trial 12 finished with value: 0.85 and parameters: {'hidden_layer_sizes': (100, 100), 'max_iter': 50, 'alpha': 0.001}. Best is trial 2 with value: 0.95.
[I 2026-04-07 01:51:39,990] Trial 13 finished with value: 0.85 and parameters: {'hidden_layer_sizes': (100, 100), 'max_iter': 100, 'alpha': 0.0001}. Best is trial 2 with value: 0.95.
[I 2026-04-07 01:51:40,044] Trial 14 finished with value: 0.9 and parameters: {'hidden_layer_sizes': (100,), 'max_iter': 100, 'alpha': 0.001}. Best is trial 2 with value: 0.95.
[I 2026-04-07 01:51:40,092] Trial 15 finished with value: 0.9 and parameters: {'hidden_layer_sizes': (100, 100), 'max_iter': 50, 'alpha': 0.0001}. Best is trial 2 with value: 0.95.
[I 2026-04-07 01:51:40,160] Trial 16 finished with value: 0.8 and parameters: {'hidden_layer_sizes': (100, 100), 'max_iter': 100, 'alpha': 0.0001}. Best is trial 2 with value: 0.95.
[I 2026-04-07 01:51:40,205] Trial 17 finished with value: 0.85 and parameters: {'hidden_layer_sizes': (100, 100), 'max_iter': 50, 'alpha': 0.001}. Best is trial 2 with value: 0.95.
[I 2026-04-07 01:51:40,259] Trial 18 finished with value: 0.8 and parameters: {'hidden_layer_sizes': (100,), 'max_iter': 100, 'alpha': 0.0001}. Best is trial 2 with value: 0.95.
[I 2026-04-07 01:51:40,303] Trial 19 finished with value: 0.85 and parameters: {'hidden_layer_sizes': (100, 100), 'max_iter': 50, 'alpha': 0.001}. Best is trial 2 with value: 0.95.
[I 2026-04-07 01:51:40,371] Trial 20 finished with value: 0.85 and parameters: {'hidden_layer_sizes': (100, 100), 'max_iter': 100, 'alpha': 0.001}. Best is trial 2 with value: 0.95.
[I 2026-04-07 01:51:40,409] Trial 21 finished with value: 0.85 and parameters: {'hidden_layer_sizes': (100, 100), 'max_iter': 50, 'alpha': 0.0001}. Best is trial 2 with value: 0.95.
[I 2026-04-07 01:51:40,464] Trial 22 finished with value: 0.95 and parameters: {'hidden_layer_sizes': (100, 100), 'max_iter': 50, 'alpha': 0.0001}. Best is trial 2 with value: 0.95.
[I 2026-04-07 01:51:40,518] Trial 23 finished with value: 0.9 and parameters: {'hidden_layer_sizes': (100, 100), 'max_iter': 50, 'alpha': 0.0001}. Best is trial 2 with value: 0.95.
[I 2026-04-07 01:51:40,562] Trial 24 finished with value: 0.95 and parameters: {'hidden_layer_sizes': (100, 100), 'max_iter': 50, 'alpha': 0.0001}. Best is trial 2 with value: 0.95.
[I 2026-04-07 01:51:40,596] Trial 25 finished with value: 0.9 and parameters: {'hidden_layer_sizes': (100,), 'max_iter': 50, 'alpha': 0.0001}. Best is trial 2 with value: 0.95.
[I 2026-04-07 01:51:40,634] Trial 26 finished with value: 0.9 and parameters: {'hidden_layer_sizes': (100, 100), 'max_iter': 50, 'alpha': 0.0001}. Best is trial 2 with value: 0.95.
[I 2026-04-07 01:51:40,692] Trial 27 finished with value: 0.9 and parameters: {'hidden_layer_sizes': (100, 100), 'max_iter': 50, 'alpha': 0.0001}. Best is trial 2 with value: 0.95.
[I 2026-04-07 01:51:40,741] Trial 28 finished with value: 0.95 and parameters: {'hidden_layer_sizes': (100, 100), 'max_iter': 50, 'alpha': 0.0001}. Best is trial 2 with value: 0.95.
[I 2026-04-07 01:51:40,779] Trial 29 finished with value: 0.8 and parameters: {'hidden_layer_sizes': (100,), 'max_iter': 50, 'alpha': 0.0001}. Best is trial 2 with value: 0.95.
[I 2026-04-07 01:51:46,333] A new study created in memory with name: naive_bayes
[I 2026-04-07 01:51:46,346] Trial 0 finished with value: 0.85 and parameters: {'var_smoothing': 1.0489343501429862e-10}. Best is trial 0 with value: 0.85.
[I 2026-04-07 01:51:46,359] Trial 1 finished with value: 0.85 and parameters: {'var_smoothing': 1.0086701860885373e-09}. Best is trial 0 with value: 0.85.
[I 2026-04-07 01:51:46,372] Trial 2 finished with value: 0.85 and parameters: {'var_smoothing': 9.807235097598006e-10}. Best is trial 0 with value: 0.85.
[I 2026-04-07 01:51:46,386] Trial 3 finished with value: 0.85 and parameters: {'var_smoothing': 1.8520770828517824e-10}. Best is trial 0 with value: 0.85.
[I 2026-04-07 01:51:46,398] Trial 4 finished with value: 0.85 and parameters: {'var_smoothing': 1.9240757716714087e-10}. Best is trial 0 with value: 0.85.
[I 2026-04-07 01:51:46,412] Trial 5 finished with value: 0.85 and parameters: {'var_smoothing': 2.736007926537145e-10}. Best is trial 0 with value: 0.85.
[I 2026-04-07 01:51:46,425] Trial 6 finished with value: 0.85 and parameters: {'var_smoothing': 6.87094324185739e-10}. Best is trial 0 with value: 0.85.
[I 2026-04-07 01:51:46,437] Trial 7 finished with value: 0.85 and parameters: {'var_smoothing': 3.134745855231349e-10}. Best is trial 0 with value: 0.85.
[I 2026-04-07 01:51:46,451] Trial 8 finished with value: 0.85 and parameters: {'var_smoothing': 1.4727170077821783e-10}. Best is trial 0 with value: 0.85.
[I 2026-04-07 01:51:46,464] Trial 9 finished with value: 0.85 and parameters: {'var_smoothing': 4.909048017047017e-10}. Best is trial 0 with value: 0.85.
[I 2026-04-07 01:51:46,483] Trial 10 finished with value: 0.85 and parameters: {'var_smoothing': 4.226228455594519e-09}. Best is trial 0 with value: 0.85.
[I 2026-04-07 01:51:46,503] Trial 11 finished with value: 0.85 and parameters: {'var_smoothing': 2.8481546791169343e-09}. Best is trial 0 with value: 0.85.
[I 2026-04-07 01:51:46,521] Trial 12 finished with value: 0.85 and parameters: {'var_smoothing': 1.9032336526904254e-09}. Best is trial 0 with value: 0.85.
[I 2026-04-07 01:51:46,541] Trial 13 finished with value: 0.85 and parameters: {'var_smoothing': 1.6192707465333408e-09}. Best is trial 0 with value: 0.85.
[I 2026-04-07 01:51:46,557] Trial 14 finished with value: 0.85 and parameters: {'var_smoothing': 1.0137193502251743e-10}. Best is trial 0 with value: 0.85.
[I 2026-04-07 01:51:46,576] Trial 15 finished with value: 0.85 and parameters: {'var_smoothing': 7.233291262560306e-09}. Best is trial 0 with value: 0.85.
[I 2026-04-07 01:51:46,596] Trial 16 finished with value: 0.85 and parameters: {'var_smoothing': 5.636880428096003e-10}. Best is trial 0 with value: 0.85.
[I 2026-04-07 01:51:46,616] Trial 17 finished with value: 0.85 and parameters: {'var_smoothing': 1.2682382630515742e-09}. Best is trial 0 with value: 0.85.
[I 2026-04-07 01:51:46,634] Trial 18 finished with value: 0.85 and parameters: {'var_smoothing': 3.934685686653308e-10}. Best is trial 0 with value: 0.85.
[I 2026-04-07 01:51:46,650] Trial 19 finished with value: 0.85 and parameters: {'var_smoothing': 8.419551297505738e-10}. Best is trial 0 with value: 0.85.
[I 2026-04-07 01:51:46,667] Trial 20 finished with value: 0.85 and parameters: {'var_smoothing': 2.608399883647147e-09}. Best is trial 0 with value: 0.85.
[I 2026-04-07 01:51:46,687] Trial 21 finished with value: 0.85 and parameters: {'var_smoothing': 1.1043065925699652e-09}. Best is trial 0 with value: 0.85.
[I 2026-04-07 01:51:46,707] Trial 22 finished with value: 0.85 and parameters: {'var_smoothing': 7.818254747144452e-09}. Best is trial 0 with value: 0.85.
[I 2026-04-07 01:51:46,727] Trial 23 finished with value: 0.85 and parameters: {'var_smoothing': 4.506881416225629e-09}. Best is trial 0 with value: 0.85.
[I 2026-04-07 01:51:46,745] Trial 24 finished with value: 0.85 and parameters: {'var_smoothing': 8.370195589160265e-10}. Best is trial 0 with value: 0.85.
[I 2026-04-07 01:51:46,775] Trial 25 finished with value: 0.85 and parameters: {'var_smoothing': 1.4246564400615985e-09}. Best is trial 0 with value: 0.85.
[I 2026-04-07 01:51:46,793] Trial 26 finished with value: 0.85 and parameters: {'var_smoothing': 1.055993505169999e-10}. Best is trial 0 with value: 0.85.
[I 2026-04-07 01:51:46,813] Trial 27 finished with value: 0.85 and parameters: {'var_smoothing': 2.338070103551991e-09}. Best is trial 0 with value: 0.85.
[I 2026-04-07 01:51:46,833] Trial 28 finished with value: 0.85 and parameters: {'var_smoothing': 2.9749637796955326e-10}. Best is trial 0 with value: 0.85.
[I 2026-04-07 01:51:46,853] Trial 29 finished with value: 0.85 and parameters: {'var_smoothing': 2.1414596138226606e-10}. Best is trial 0 with value: 0.85.
[I 2026-04-07 01:51:47,757] A new study created in memory with name: logreg
[I 2026-04-07 01:51:47,781] Trial 0 finished with value: 0.35 and parameters: {'C': 0.0011268620922535318, 'penalty': 'l2'}. Best is trial 0 with value: 0.35.
[I 2026-04-07 01:51:47,806] Trial 1 finished with value: 0.8 and parameters: {'C': 0.32312678588710475, 'penalty': 'l2'}. Best is trial 1 with value: 0.8.
[I 2026-04-07 01:51:47,831] Trial 2 finished with value: 0.8 and parameters: {'C': 0.3012079745112611, 'penalty': 'l2'}. Best is trial 1 with value: 0.8.
[I 2026-04-07 01:51:47,856] Trial 3 finished with value: 0.35 and parameters: {'C': 0.004668180550042529, 'penalty': 'l2'}. Best is trial 1 with value: 0.8.
[I 2026-04-07 01:51:47,881] Trial 4 finished with value: 0.4 and parameters: {'C': 0.005135177115384908, 'penalty': 'l2'}. Best is trial 1 with value: 0.8.
[I 2026-04-07 01:51:47,906] Trial 5 finished with value: 0.4 and parameters: {'C': 0.01238207351349697, 'penalty': 'l2'}. Best is trial 1 with value: 0.8.
[I 2026-04-07 01:51:47,931] Trial 6 finished with value: 0.75 and parameters: {'C': 0.12374877330306278, 'penalty': 'l2'}. Best is trial 1 with value: 0.8.
[I 2026-04-07 01:51:47,956] Trial 7 finished with value: 0.45 and parameters: {'C': 0.017398261017749217, 'penalty': 'l2'}. Best is trial 1 with value: 0.8.
[I 2026-04-07 01:51:47,981] Trial 8 finished with value: 0.35 and parameters: {'C': 0.002632074973627294, 'penalty': 'l2'}. Best is trial 1 with value: 0.8.
[I 2026-04-07 01:51:48,007] Trial 9 finished with value: 0.7 and parameters: {'C': 0.053394091359671186, 'penalty': 'l2'}. Best is trial 1 with value: 0.8.
[I 2026-04-07 01:51:48,035] Trial 10 finished with value: 0.8 and parameters: {'C': 9.528231497855979, 'penalty': 'l2'}. Best is trial 1 with value: 0.8.
[I 2026-04-07 01:51:48,063] Trial 11 finished with value: 0.75 and parameters: {'C': 1.6062566172635413, 'penalty': 'l2'}. Best is trial 1 with value: 0.8.
[I 2026-04-07 01:51:48,091] Trial 12 finished with value: 0.75 and parameters: {'C': 1.2874726910568237, 'penalty': 'l2'}. Best is trial 1 with value: 0.8.
[I 2026-04-07 01:51:48,122] Trial 13 finished with value: 0.75 and parameters: {'C': 0.5733701729424704, 'penalty': 'l2'}. Best is trial 1 with value: 0.8.
[I 2026-04-07 01:51:48,161] Trial 14 finished with value: 0.8 and parameters: {'C': 15.120040276017736, 'penalty': 'l2'}. Best is trial 1 with value: 0.8.
[I 2026-04-07 01:51:48,186] Trial 15 finished with value: 0.75 and parameters: {'C': 0.2522645130130629, 'penalty': 'l2'}. Best is trial 1 with value: 0.8.
[I 2026-04-07 01:51:48,211] Trial 16 finished with value: 0.7 and parameters: {'C': 3.7693006462440435, 'penalty': 'l2'}. Best is trial 1 with value: 0.8.
[I 2026-04-07 01:51:48,246] Trial 17 finished with value: 0.75 and parameters: {'C': 63.26611529542456, 'penalty': 'l2'}. Best is trial 1 with value: 0.8.
[I 2026-04-07 01:51:48,271] Trial 18 finished with value: 0.7 and parameters: {'C': 0.06992661290805088, 'penalty': 'l2'}. Best is trial 1 with value: 0.8.
[I 2026-04-07 01:51:48,297] Trial 19 finished with value: 0.8 and parameters: {'C': 0.3569380717309879, 'penalty': 'l2'}. Best is trial 1 with value: 0.8.
[I 2026-04-07 01:51:48,328] Trial 20 finished with value: 0.75 and parameters: {'C': 0.92082403872318, 'penalty': 'l2'}. Best is trial 1 with value: 0.8.
[I 2026-04-07 01:51:48,359] Trial 21 finished with value: 0.75 and parameters: {'C': 7.370496741999159, 'penalty': 'l2'}. Best is trial 1 with value: 0.8.
[I 2026-04-07 01:51:48,401] Trial 22 finished with value: 0.75 and parameters: {'C': 68.84714773816962, 'penalty': 'l2'}. Best is trial 1 with value: 0.8.
[I 2026-04-07 01:51:48,441] Trial 23 finished with value: 0.8 and parameters: {'C': 21.17544155139348, 'penalty': 'l2'}. Best is trial 1 with value: 0.8.
[I 2026-04-07 01:51:48,471] Trial 24 finished with value: 0.7 and parameters: {'C': 3.570264481144129, 'penalty': 'l2'}. Best is trial 1 with value: 0.8.
[I 2026-04-07 01:51:48,502] Trial 25 finished with value: 0.75 and parameters: {'C': 0.15244483044682586, 'penalty': 'l2'}. Best is trial 1 with value: 0.8.
[I 2026-04-07 01:51:48,533] Trial 26 finished with value: 0.55 and parameters: {'C': 0.030754473134260486, 'penalty': 'l2'}. Best is trial 1 with value: 0.8.
[I 2026-04-07 01:51:48,564] Trial 27 finished with value: 0.75 and parameters: {'C': 2.741580885130437, 'penalty': 'l2'}. Best is trial 1 with value: 0.8.
[I 2026-04-07 01:51:48,605] Trial 28 finished with value: 0.8 and parameters: {'C': 18.875447517708498, 'penalty': 'l2'}. Best is trial 1 with value: 0.8.
[I 2026-04-07 01:51:48,635] Trial 29 finished with value: 0.75 and parameters: {'C': 0.5455001229928915, 'penalty': 'l2'}. Best is trial 1 with value: 0.8.
[I 2026-04-07 01:51:49,013] A new study created in memory with name: knn
[I 2026-04-07 01:51:49,027] Trial 0 finished with value: 0.7 and parameters: {'n_neighbors': 3, 'leaf_size': 30, 'p': 1}. Best is trial 0 with value: 0.7.
[I 2026-04-07 01:51:49,050] Trial 1 finished with value: 0.75 and parameters: {'n_neighbors': 4, 'leaf_size': 24, 'p': 1}. Best is trial 1 with value: 0.75.
[I 2026-04-07 01:51:49,063] Trial 2 finished with value: 0.65 and parameters: {'n_neighbors': 3, 'leaf_size': 27, 'p': 2}. Best is trial 1 with value: 0.75.
[I 2026-04-07 01:51:49,075] Trial 3 finished with value: 0.65 and parameters: {'n_neighbors': 10, 'leaf_size': 20, 'p': 1}. Best is trial 1 with value: 0.75.
[I 2026-04-07 01:51:49,108] Trial 4 finished with value: 0.65 and parameters: {'n_neighbors': 10, 'leaf_size': 34, 'p': 2}. Best is trial 1 with value: 0.75.
[I 2026-04-07 01:51:49,120] Trial 5 finished with value: 0.75 and parameters: {'n_neighbors': 6, 'leaf_size': 34, 'p': 1}. Best is trial 1 with value: 0.75.
[I 2026-04-07 01:51:49,133] Trial 6 finished with value: 0.65 and parameters: {'n_neighbors': 10, 'leaf_size': 36, 'p': 1}. Best is trial 1 with value: 0.75.
[I 2026-04-07 01:51:49,145] Trial 7 finished with value: 0.6 and parameters: {'n_neighbors': 7, 'leaf_size': 39, 'p': 2}. Best is trial 1 with value: 0.75.
[I 2026-04-07 01:51:49,158] Trial 8 finished with value: 0.65 and parameters: {'n_neighbors': 10, 'leaf_size': 23, 'p': 2}. Best is trial 1 with value: 0.75.
[I 2026-04-07 01:51:49,170] Trial 9 finished with value: 0.65 and parameters: {'n_neighbors': 10, 'leaf_size': 35, 'p': 2}. Best is trial 1 with value: 0.75.
[I 2026-04-07 01:51:49,190] Trial 10 finished with value: 0.65 and parameters: {'n_neighbors': 5, 'leaf_size': 26, 'p': 1}. Best is trial 1 with value: 0.75.
[I 2026-04-07 01:51:49,209] Trial 11 finished with value: 0.75 and parameters: {'n_neighbors': 6, 'leaf_size': 31, 'p': 1}. Best is trial 1 with value: 0.75.
[I 2026-04-07 01:51:49,228] Trial 12 finished with value: 0.65 and parameters: {'n_neighbors': 5, 'leaf_size': 26, 'p': 1}. Best is trial 1 with value: 0.75.
[I 2026-04-07 01:51:49,248] Trial 13 finished with value: 0.65 and parameters: {'n_neighbors': 8, 'leaf_size': 20, 'p': 1}. Best is trial 1 with value: 0.75.
[I 2026-04-07 01:51:49,287] Trial 14 finished with value: 0.75 and parameters: {'n_neighbors': 4, 'leaf_size': 40, 'p': 1}. Best is trial 1 with value: 0.75.
[I 2026-04-07 01:51:49,317] Trial 15 finished with value: 0.65 and parameters: {'n_neighbors': 7, 'leaf_size': 31, 'p': 1}. Best is trial 1 with value: 0.75.
[I 2026-04-07 01:51:49,338] Trial 16 finished with value: 0.65 and parameters: {'n_neighbors': 5, 'leaf_size': 28, 'p': 1}. Best is trial 1 with value: 0.75.
[I 2026-04-07 01:51:49,357] Trial 17 finished with value: 0.75 and parameters: {'n_neighbors': 4, 'leaf_size': 23, 'p': 1}. Best is trial 1 with value: 0.75.
[I 2026-04-07 01:51:49,377] Trial 18 finished with value: 0.65 and parameters: {'n_neighbors': 8, 'leaf_size': 33, 'p': 1}. Best is trial 1 with value: 0.75.
[I 2026-04-07 01:51:49,396] Trial 19 finished with value: 0.75 and parameters: {'n_neighbors': 6, 'leaf_size': 23, 'p': 1}. Best is trial 1 with value: 0.75.
[I 2026-04-07 01:51:49,425] Trial 20 finished with value: 0.75 and parameters: {'n_neighbors': 4, 'leaf_size': 38, 'p': 1}. Best is trial 1 with value: 0.75.
[I 2026-04-07 01:51:49,446] Trial 21 finished with value: 0.75 and parameters: {'n_neighbors': 6, 'leaf_size': 31, 'p': 1}. Best is trial 1 with value: 0.75.
[I 2026-04-07 01:51:49,466] Trial 22 finished with value: 0.75 and parameters: {'n_neighbors': 6, 'leaf_size': 32, 'p': 1}. Best is trial 1 with value: 0.75.
[I 2026-04-07 01:51:49,512] Trial 23 finished with value: 0.65 and parameters: {'n_neighbors': 8, 'leaf_size': 29, 'p': 1}. Best is trial 1 with value: 0.75.
[I 2026-04-07 01:51:49,550] Trial 24 finished with value: 0.65 and parameters: {'n_neighbors': 7, 'leaf_size': 37, 'p': 1}. Best is trial 1 with value: 0.75.
[I 2026-04-07 01:51:49,576] Trial 25 finished with value: 0.65 and parameters: {'n_neighbors': 5, 'leaf_size': 33, 'p': 1}. Best is trial 1 with value: 0.75.
[I 2026-04-07 01:51:49,614] Trial 26 finished with value: 0.7 and parameters: {'n_neighbors': 4, 'leaf_size': 25, 'p': 2}. Best is trial 1 with value: 0.75.
[I 2026-04-07 01:51:49,650] Trial 27 finished with value: 0.75 and parameters: {'n_neighbors': 6, 'leaf_size': 29, 'p': 1}. Best is trial 1 with value: 0.75.
[I 2026-04-07 01:51:49,674] Trial 28 finished with value: 0.6 and parameters: {'n_neighbors': 9, 'leaf_size': 35, 'p': 1}. Best is trial 1 with value: 0.75.
[I 2026-04-07 01:51:49,697] Trial 29 finished with value: 0.7 and parameters: {'n_neighbors': 3, 'leaf_size': 30, 'p': 1}. Best is trial 1 with value: 0.75.
[I 2026-04-07 01:51:50,372] A new study created in memory with name: xgb
