[I 2026-04-07 01:02:32,520] Trial 16 finished with value: 0.7 and parameters: {'n_estimators': 40, 'max_depth': 5, 'gamma': 0.28348273058911083, 'subsample': 0.8416098991941052, 'colsample_bytree': 0.8206715089380927}. Best is trial 10 with value: 0.9.
[I 2026-04-07 01:02:32,558] Trial 17 finished with value: 0.85 and parameters: {'n_estimators': 40, 'max_depth': 5, 'gamma': 0.4823152355002448, 'subsample': 0.7198544311435996, 'colsample_bytree': 0.7109611479294711}. Best is trial 10 with value: 0.9.
[I 2026-04-07 01:02:32,595] Trial 18 finished with value: 0.65 and parameters: {'n_estimators': 40, 'max_depth': 5, 'gamma': 0.9913860986584816, 'subsample': 0.6384554924358864, 'colsample_bytree': 0.6271428698415437}. Best is trial 10 with value: 0.9.
[I 2026-04-07 01:02:32,635] Trial 19 finished with value: 0.7 and parameters: {'n_estimators': 10, 'max_depth': 20, 'gamma': 0.10151970633894503, 'subsample': 0.8978769083076443, 'colsample_bytree': 0.9003852468330709}. Best is trial 10 with value: 0.9.
[I 2026-04-07 01:02:32,673] Trial 20 finished with value: 0.85 and parameters: {'n_estimators': 40, 'max_depth': 5, 'gamma': 0.7443224639465783, 'subsample': 0.799652807544549, 'colsample_bytree': 0.7561140561716253}. Best is trial 10 with value: 0.9.
[I 2026-04-07 01:02:32,712] Trial 21 finished with value: 0.65 and parameters: {'n_estimators': 100, 'max_depth': 5, 'gamma': 0.8860397150736409, 'subsample': 0.9838309308823413, 'colsample_bytree': 0.5359705013485815}. Best is trial 10 with value: 0.9.
[I 2026-04-07 01:02:32,751] Trial 22 finished with value: 0.75 and parameters: {'n_estimators': 100, 'max_depth': 5, 'gamma': 0.8808927211239763, 'subsample': 0.9398857811081716, 'colsample_bytree': 0.6554304664934572}. Best is trial 10 with value: 0.9.
[I 2026-04-07 01:02:32,795] Trial 23 finished with value: 0.85 and parameters: {'n_estimators': 100, 'max_depth': 5, 'gamma': 0.6218245475224664, 'subsample': 0.8723503456771105, 'colsample_bytree': 0.5927682210455196}. Best is trial 10 with value: 0.9.
[I 2026-04-07 01:02:32,835] Trial 24 finished with value: 0.75 and parameters: {'n_estimators': 100, 'max_depth': 5, 'gamma': 0.8975313582549539, 'subsample': 0.7385118149002167, 'colsample_bytree': 0.7236816952042269}. Best is trial 10 with value: 0.9.
[I 2026-04-07 01:02:32,871] Trial 25 finished with value: 0.8 and parameters: {'n_estimators': 100, 'max_depth': 5, 'gamma': 0.8002617737033024, 'subsample': 0.827692368578661, 'colsample_bytree': 0.5003713444390301}. Best is trial 10 with value: 0.9.
[I 2026-04-07 01:02:32,909] Trial 26 finished with value: 0.75 and parameters: {'n_estimators': 40, 'max_depth': 5, 'gamma': 0.2657992938296229, 'subsample': 0.9426044966100396, 'colsample_bytree': 0.7842766851213552}. Best is trial 10 with value: 0.9.
[I 2026-04-07 01:02:32,949] Trial 27 finished with value: 0.7 and parameters: {'n_estimators': 40, 'max_depth': 5, 'gamma': 0.6231436853350002, 'subsample': 0.6697766014382108, 'colsample_bytree': 0.5569587036961177}. Best is trial 10 with value: 0.9.
[I 2026-04-07 01:02:32,990] Trial 28 finished with value: 0.7 and parameters: {'n_estimators': 10, 'max_depth': 30, 'gamma': 0.4584787168332466, 'subsample': 0.9987048615397089, 'colsample_bytree': 0.6280257105774175}. Best is trial 10 with value: 0.9.
[I 2026-04-07 01:02:33,029] Trial 29 finished with value: 0.85 and parameters: {'n_estimators': 100, 'max_depth': 20, 'gamma': 0.9246942986133484, 'subsample': 0.7581074298861372, 'colsample_bytree': 0.6594980855197857}. Best is trial 10 with value: 0.9.
[I 2026-04-07 01:02:33,916] A new study created in memory with name: rf
[I 2026-04-07 01:02:34,143] Trial 0 finished with value: 0.5 and parameters: {'n_estimators': 189, 'max_depth': 18, 'min_samples_split': 3, 'min_samples_leaf': 10}. Best is trial 0 with value: 0.5.
[I 2026-04-07 01:02:34,502] Trial 1 finished with value: 0.7 and parameters: {'n_estimators': 295, 'max_depth': 14, 'min_samples_split': 8, 'min_samples_leaf': 6}. Best is trial 1 with value: 0.7.
[I 2026-04-07 01:02:34,801] Trial 2 finished with value: 0.5 and parameters: {'n_estimators': 219, 'max_depth': 6, 'min_samples_split': 2, 'min_samples_leaf': 8}. Best is trial 1 with value: 0.7.
[I 2026-04-07 01:02:35,121] Trial 3 finished with value: 0.9 and parameters: {'n_estimators': 276, 'max_depth': 5, 'min_samples_split': 9, 'min_samples_leaf': 3}. Best is trial 3 with value: 0.9.
[I 2026-04-07 01:02:35,471] Trial 4 finished with value: 0.8 and parameters: {'n_estimators': 266, 'max_depth': 8, 'min_samples_split': 7, 'min_samples_leaf': 6}. Best is trial 3 with value: 0.9.
[I 2026-04-07 01:02:35,881] Trial 5 finished with value: 0.9 and parameters: {'n_estimators': 340, 'max_depth': 7, 'min_samples_split': 4, 'min_samples_leaf': 3}. Best is trial 3 with value: 0.9.
[I 2026-04-07 01:02:36,140] Trial 6 finished with value: 0.5 and parameters: {'n_estimators': 231, 'max_depth': 5, 'min_samples_split': 3, 'min_samples_leaf': 10}. Best is trial 3 with value: 0.9.
[I 2026-04-07 01:02:36,641] Trial 7 finished with value: 0.9 and parameters: {'n_estimators': 485, 'max_depth': 6, 'min_samples_split': 2, 'min_samples_leaf': 3}. Best is trial 3 with value: 0.9.
[I 2026-04-07 01:02:37,051] Trial 8 finished with value: 0.7 and parameters: {'n_estimators': 380, 'max_depth': 17, 'min_samples_split': 2, 'min_samples_leaf': 6}. Best is trial 3 with value: 0.9.
[I 2026-04-07 01:02:37,229] Trial 9 finished with value: 0.5 and parameters: {'n_estimators': 100, 'max_depth': 12, 'min_samples_split': 7, 'min_samples_leaf': 10}. Best is trial 3 with value: 0.9.
[I 2026-04-07 01:02:37,738] Trial 10 finished with value: 0.9 and parameters: {'n_estimators': 446, 'max_depth': 3, 'min_samples_split': 10, 'min_samples_leaf': 2}. Best is trial 3 with value: 0.9.
[I 2026-04-07 01:02:38,129] Trial 11 finished with value: 0.9 and parameters: {'n_estimators': 364, 'max_depth': 9, 'min_samples_split': 10, 'min_samples_leaf': 4}. Best is trial 3 with value: 0.9.
[I 2026-04-07 01:02:38,534] Trial 12 finished with value: 0.85 and parameters: {'n_estimators': 379, 'max_depth': 10, 'min_samples_split': 5, 'min_samples_leaf': 1}. Best is trial 3 with value: 0.9.
[I 2026-04-07 01:02:38,953] Trial 13 finished with value: 0.9 and parameters: {'n_estimators': 321, 'max_depth': 4, 'min_samples_split': 5, 'min_samples_leaf': 4}. Best is trial 3 with value: 0.9.
[I 2026-04-07 01:02:39,195] Trial 14 finished with value: 0.8 and parameters: {'n_estimators': 173, 'max_depth': 7, 'min_samples_split': 5, 'min_samples_leaf': 1}. Best is trial 3 with value: 0.9.
[I 2026-04-07 01:02:39,590] Trial 15 finished with value: 0.85 and parameters: {'n_estimators': 334, 'max_depth': 12, 'min_samples_split': 9, 'min_samples_leaf': 4}. Best is trial 3 with value: 0.9.
[I 2026-04-07 01:02:40,016] Trial 16 finished with value: 0.9 and parameters: {'n_estimators': 419, 'max_depth': 10, 'min_samples_split': 4, 'min_samples_leaf': 3}. Best is trial 3 with value: 0.9.
[I 2026-04-07 01:02:40,361] Trial 17 finished with value: 0.9 and parameters: {'n_estimators': 276, 'max_depth': 3, 'min_samples_split': 7, 'min_samples_leaf': 2}. Best is trial 3 with value: 0.9.
[I 2026-04-07 01:02:40,502] Trial 18 finished with value: 0.8 and parameters: {'n_estimators': 110, 'max_depth': 15, 'min_samples_split': 6, 'min_samples_leaf': 5}. Best is trial 3 with value: 0.9.
[I 2026-04-07 01:02:40,828] Trial 19 finished with value: 0.5 and parameters: {'n_estimators': 249, 'max_depth': 8, 'min_samples_split': 9, 'min_samples_leaf': 8}. Best is trial 3 with value: 0.9.
[I 2026-04-07 01:02:41,225] Trial 20 finished with value: 0.9 and parameters: {'n_estimators': 323, 'max_depth': 6, 'min_samples_split': 4, 'min_samples_leaf': 2}. Best is trial 3 with value: 0.9.
[I 2026-04-07 01:02:41,791] Trial 21 finished with value: 0.9 and parameters: {'n_estimators': 498, 'max_depth': 5, 'min_samples_split': 3, 'min_samples_leaf': 3}. Best is trial 3 with value: 0.9.
[I 2026-04-07 01:02:42,297] Trial 22 finished with value: 0.9 and parameters: {'n_estimators': 494, 'max_depth': 20, 'min_samples_split': 4, 'min_samples_leaf': 3}. Best is trial 3 with value: 0.9.
[I 2026-04-07 01:02:42,784] Trial 23 finished with value: 0.85 and parameters: {'n_estimators': 426, 'max_depth': 7, 'min_samples_split': 2, 'min_samples_leaf': 5}. Best is trial 3 with value: 0.9.
[I 2026-04-07 01:02:42,988] Trial 24 finished with value: 0.9 and parameters: {'n_estimators': 152, 'max_depth': 5, 'min_samples_split': 6, 'min_samples_leaf': 3}. Best is trial 3 with value: 0.9.
[I 2026-04-07 01:02:43,496] Trial 25 finished with value: 0.85 and parameters: {'n_estimators': 445, 'max_depth': 10, 'min_samples_split': 3, 'min_samples_leaf': 1}. Best is trial 3 with value: 0.9.
[I 2026-04-07 01:02:43,891] Trial 26 finished with value: 0.85 and parameters: {'n_estimators': 352, 'max_depth': 7, 'min_samples_split': 8, 'min_samples_leaf': 4}. Best is trial 3 with value: 0.9.
[I 2026-04-07 01:02:44,279] Trial 27 finished with value: 0.9 and parameters: {'n_estimators': 297, 'max_depth': 4, 'min_samples_split': 4, 'min_samples_leaf': 2}. Best is trial 3 with value: 0.9.
[I 2026-04-07 01:02:44,780] Trial 28 finished with value: 0.8 and parameters: {'n_estimators': 409, 'max_depth': 9, 'min_samples_split': 6, 'min_samples_leaf': 5}. Best is trial 3 with value: 0.9.
[I 2026-04-07 01:02:45,055] Trial 29 finished with value: 0.9 and parameters: {'n_estimators': 197, 'max_depth': 6, 'min_samples_split': 2, 'min_samples_leaf': 3}. Best is trial 3 with value: 0.9.
[I 2026-04-07 01:02:48,542] A new study created in memory with name: mlp
[I 2026-04-07 01:02:48,590] Trial 0 finished with value: 0.7 and parameters: {'hidden_layer_sizes': (200,), 'max_iter': 50, 'alpha': 0.001}. Best is trial 0 with value: 0.7.
[I 2026-04-07 01:02:48,655] Trial 1 finished with value: 0.65 and parameters: {'hidden_layer_sizes': (100,), 'max_iter': 100, 'alpha': 0.0001}. Best is trial 0 with value: 0.7.
[I 2026-04-07 01:02:48,702] Trial 2 finished with value: 0.6 and parameters: {'hidden_layer_sizes': (100,), 'max_iter': 100, 'alpha': 0.001}. Best is trial 0 with value: 0.7.
[I 2026-04-07 01:02:48,748] Trial 3 finished with value: 0.6 and parameters: {'hidden_layer_sizes': (200,), 'max_iter': 50, 'alpha': 0.001}. Best is trial 0 with value: 0.7.
[I 2026-04-07 01:02:48,795] Trial 4 finished with value: 0.7 and parameters: {'hidden_layer_sizes': (100,), 'max_iter': 100, 'alpha': 0.0001}. Best is trial 0 with value: 0.7.
[I 2026-04-07 01:02:48,851] Trial 5 finished with value: 0.6 and parameters: {'hidden_layer_sizes': (100,), 'max_iter': 100, 'alpha': 0.001}. Best is trial 0 with value: 0.7.
[I 2026-04-07 01:02:48,896] Trial 6 finished with value: 0.55 and parameters: {'hidden_layer_sizes': (200,), 'max_iter': 100, 'alpha': 0.001}. Best is trial 0 with value: 0.7.
[I 2026-04-07 01:02:48,952] Trial 7 finished with value: 0.65 and parameters: {'hidden_layer_sizes': (200,), 'max_iter': 100, 'alpha': 0.001}. Best is trial 0 with value: 0.7.
[I 2026-04-07 01:02:49,007] Trial 8 finished with value: 0.6 and parameters: {'hidden_layer_sizes': (100,), 'max_iter': 100, 'alpha': 0.001}. Best is trial 0 with value: 0.7.
[I 2026-04-07 01:02:49,043] Trial 9 finished with value: 0.65 and parameters: {'hidden_layer_sizes': (100,), 'max_iter': 50, 'alpha': 0.001}. Best is trial 0 with value: 0.7.
[I 2026-04-07 01:02:49,090] Trial 10 finished with value: 0.55 and parameters: {'hidden_layer_sizes': (100, 100), 'max_iter': 50, 'alpha': 0.0001}. Best is trial 0 with value: 0.7.
[I 2026-04-07 01:02:49,137] Trial 11 finished with value: 0.55 and parameters: {'hidden_layer_sizes': (100, 100), 'max_iter': 50, 'alpha': 0.0001}. Best is trial 0 with value: 0.7.
[I 2026-04-07 01:02:49,175] Trial 12 finished with value: 0.7 and parameters: {'hidden_layer_sizes': (200,), 'max_iter': 50, 'alpha': 0.0001}. Best is trial 0 with value: 0.7.
[I 2026-04-07 01:02:49,223] Trial 13 finished with value: 0.65 and parameters: {'hidden_layer_sizes': (200,), 'max_iter': 50, 'alpha': 0.0001}. Best is trial 0 with value: 0.7.
[I 2026-04-07 01:02:49,309] Trial 14 finished with value: 0.55 and parameters: {'hidden_layer_sizes': (100, 100), 'max_iter': 100, 'alpha': 0.0001}. Best is trial 0 with value: 0.7.
[I 2026-04-07 01:02:49,346] Trial 15 finished with value: 0.7 and parameters: {'hidden_layer_sizes': (100,), 'max_iter': 50, 'alpha': 0.0001}. Best is trial 0 with value: 0.7.
[I 2026-04-07 01:02:49,400] Trial 16 finished with value: 0.6 and parameters: {'hidden_layer_sizes': (200,), 'max_iter': 100, 'alpha': 0.001}. Best is trial 0 with value: 0.7.
[I 2026-04-07 01:02:49,434] Trial 17 finished with value: 0.65 and parameters: {'hidden_layer_sizes': (200,), 'max_iter': 50, 'alpha': 0.0001}. Best is trial 0 with value: 0.7.
[I 2026-04-07 01:02:49,492] Trial 18 finished with value: 0.6 and parameters: {'hidden_layer_sizes': (100,), 'max_iter': 100, 'alpha': 0.001}. Best is trial 0 with value: 0.7.
[I 2026-04-07 01:02:49,527] Trial 19 finished with value: 0.55 and parameters: {'hidden_layer_sizes': (100, 100), 'max_iter': 50, 'alpha': 0.0001}. Best is trial 0 with value: 0.7.
[I 2026-04-07 01:02:49,576] Trial 20 finished with value: 0.6 and parameters: {'hidden_layer_sizes': (200,), 'max_iter': 100, 'alpha': 0.0001}. Best is trial 0 with value: 0.7.
[I 2026-04-07 01:02:49,614] Trial 21 finished with value: 0.65 and parameters: {'hidden_layer_sizes': (200,), 'max_iter': 50, 'alpha': 0.0001}. Best is trial 0 with value: 0.7.
[I 2026-04-07 01:02:49,652] Trial 22 finished with value: 0.6 and parameters: {'hidden_layer_sizes': (200,), 'max_iter': 50, 'alpha': 0.0001}. Best is trial 0 with value: 0.7.
[I 2026-04-07 01:02:49,690] Trial 23 finished with value: 0.7 and parameters: {'hidden_layer_sizes': (200,), 'max_iter': 50, 'alpha': 0.0001}. Best is trial 0 with value: 0.7.
[I 2026-04-07 01:02:49,726] Trial 24 finished with value: 0.7 and parameters: {'hidden_layer_sizes': (200,), 'max_iter': 50, 'alpha': 0.0001}. Best is trial 0 with value: 0.7.
[I 2026-04-07 01:02:49,760] Trial 25 finished with value: 0.75 and parameters: {'hidden_layer_sizes': (100,), 'max_iter': 50, 'alpha': 0.0001}. Best is trial 25 with value: 0.75.
[I 2026-04-07 01:02:49,797] Trial 26 finished with value: 0.6 and parameters: {'hidden_layer_sizes': (100,), 'max_iter': 50, 'alpha': 0.001}. Best is trial 25 with value: 0.75.
[I 2026-04-07 01:02:49,845] Trial 27 finished with value: 0.6 and parameters: {'hidden_layer_sizes': (100,), 'max_iter': 50, 'alpha': 0.0001}. Best is trial 25 with value: 0.75.
[I 2026-04-07 01:02:49,893] Trial 28 finished with value: 0.7 and parameters: {'hidden_layer_sizes': (100,), 'max_iter': 100, 'alpha': 0.001}. Best is trial 25 with value: 0.75.
[I 2026-04-07 01:02:49,962] Trial 29 finished with value: 0.65 and parameters: {'hidden_layer_sizes': (100,), 'max_iter': 100, 'alpha': 0.0001}. Best is trial 25 with value: 0.75.
[I 2026-04-07 01:02:53,013] A new study created in memory with name: naive_bayes
[I 2026-04-07 01:02:53,037] Trial 0 finished with value: 0.85 and parameters: {'var_smoothing': 2.7796258518939306e-10}. Best is trial 0 with value: 0.85.
[I 2026-04-07 01:02:53,049] Trial 1 finished with value: 0.9 and parameters: {'var_smoothing': 5.513972710118387e-09}. Best is trial 1 with value: 0.9.
[I 2026-04-07 01:02:53,061] Trial 2 finished with value: 0.85 and parameters: {'var_smoothing': 2.590826381512706e-10}. Best is trial 1 with value: 0.9.
[I 2026-04-07 01:02:53,073] Trial 3 finished with value: 0.9 and parameters: {'var_smoothing': 6.874194498027403e-09}. Best is trial 1 with value: 0.9.
[I 2026-04-07 01:02:53,085] Trial 4 finished with value: 0.85 and parameters: {'var_smoothing': 9.480306482679771e-10}. Best is trial 1 with value: 0.9.
[I 2026-04-07 01:02:53,097] Trial 5 finished with value: 0.85 and parameters: {'var_smoothing': 1.6729683536668864e-09}. Best is trial 1 with value: 0.9.
[I 2026-04-07 01:02:53,109] Trial 6 finished with value: 0.85 and parameters: {'var_smoothing': 3.402637726935598e-09}. Best is trial 1 with value: 0.9.
[I 2026-04-07 01:02:53,121] Trial 7 finished with value: 0.85 and parameters: {'var_smoothing': 1.0885189040847657e-09}. Best is trial 1 with value: 0.9.
[I 2026-04-07 01:02:53,133] Trial 8 finished with value: 0.85 and parameters: {'var_smoothing': 3.922843686541149e-10}. Best is trial 1 with value: 0.9.
[I 2026-04-07 01:02:53,147] Trial 9 finished with value: 0.85 and parameters: {'var_smoothing': 2.3737908819373785e-10}. Best is trial 1 with value: 0.9.
[I 2026-04-07 01:02:53,167] Trial 10 finished with value: 0.9 and parameters: {'var_smoothing': 9.60002923549188e-09}. Best is trial 1 with value: 0.9.
[I 2026-04-07 01:02:53,187] Trial 11 finished with value: 0.9 and parameters: {'var_smoothing': 8.433673252661673e-09}. Best is trial 1 with value: 0.9.
[I 2026-04-07 01:02:53,205] Trial 12 finished with value: 0.85 and parameters: {'var_smoothing': 4.024812294478599e-09}. Best is trial 1 with value: 0.9.
[I 2026-04-07 01:02:53,224] Trial 13 finished with value: 0.85 and parameters: {'var_smoothing': 4.279313644924201e-09}. Best is trial 1 with value: 0.9.
[I 2026-04-07 01:02:53,243] Trial 14 finished with value: 0.85 and parameters: {'var_smoothing': 2.4932294963389457e-09}. Best is trial 1 with value: 0.9.
[I 2026-04-07 01:02:53,263] Trial 15 finished with value: 0.9 and parameters: {'var_smoothing': 5.955264632939075e-09}. Best is trial 1 with value: 0.9.
[I 2026-04-07 01:02:53,280] Trial 16 finished with value: 0.85 and parameters: {'var_smoothing': 7.081339561602681e-10}. Best is trial 1 with value: 0.9.
[I 2026-04-07 01:02:53,300] Trial 17 finished with value: 0.85 and parameters: {'var_smoothing': 1.3536480186984407e-10}. Best is trial 1 with value: 0.9.
[I 2026-04-07 01:02:53,320] Trial 18 finished with value: 0.85 and parameters: {'var_smoothing': 2.007486890366191e-09}. Best is trial 1 with value: 0.9.
[I 2026-04-07 01:02:53,336] Trial 19 finished with value: 0.9 and parameters: {'var_smoothing': 6.236695396324013e-09}. Best is trial 1 with value: 0.9.
[I 2026-04-07 01:02:53,353] Trial 20 finished with value: 0.9 and parameters: {'var_smoothing': 5.907970857655839e-09}. Best is trial 1 with value: 0.9.
[I 2026-04-07 01:02:53,370] Trial 21 finished with value: 0.9 and parameters: {'var_smoothing': 8.695102325393218e-09}. Best is trial 1 with value: 0.9.
[I 2026-04-07 01:02:53,401] Trial 22 finished with value: 0.9 and parameters: {'var_smoothing': 8.925440883747612e-09}. Best is trial 1 with value: 0.9.
[I 2026-04-07 01:02:53,443] Trial 23 finished with value: 0.85 and parameters: {'var_smoothing': 2.9348910876154208e-09}. Best is trial 1 with value: 0.9.
[I 2026-04-07 01:02:53,460] Trial 24 finished with value: 0.9 and parameters: {'var_smoothing': 9.80412094510194e-09}. Best is trial 1 with value: 0.9.
[I 2026-04-07 01:02:53,476] Trial 25 finished with value: 0.9 and parameters: {'var_smoothing': 4.931938953599623e-09}. Best is trial 1 with value: 0.9.
[I 2026-04-07 01:02:53,496] Trial 26 finished with value: 0.85 and parameters: {'var_smoothing': 1.5067042610089413e-09}. Best is trial 1 with value: 0.9.
[I 2026-04-07 01:02:53,516] Trial 27 finished with value: 0.9 and parameters: {'var_smoothing': 6.8403161542540305e-09}. Best is trial 1 with value: 0.9.
[I 2026-04-07 01:02:53,536] Trial 28 finished with value: 0.85 and parameters: {'var_smoothing': 3.1140874881146876e-09}. Best is trial 1 with value: 0.9.
[I 2026-04-07 01:02:53,555] Trial 29 finished with value: 0.9 and parameters: {'var_smoothing': 4.8422436147715006e-09}. Best is trial 1 with value: 0.9.
[I 2026-04-07 01:02:54,555] A new study created in memory with name: logreg
[I 2026-04-07 01:02:54,579] Trial 0 finished with value: 0.85 and parameters: {'C': 0.012881482725481003, 'penalty': 'l2'}. Best is trial 0 with value: 0.85.
[I 2026-04-07 01:02:54,613] Trial 1 finished with value: 0.7 and parameters: {'C': 22.576755560681583, 'penalty': 'l2'}. Best is trial 0 with value: 0.85.
[I 2026-04-07 01:02:54,638] Trial 2 finished with value: 0.85 and parameters: {'C': 0.010804278656839932, 'penalty': 'l2'}. Best is trial 0 with value: 0.85.
[I 2026-04-07 01:02:54,673] Trial 3 finished with value: 0.7 and parameters: {'C': 39.17910760336117, 'penalty': 'l2'}. Best is trial 0 with value: 0.85.
[I 2026-04-07 01:02:54,698] Trial 4 finished with value: 0.85 and parameters: {'C': 0.2767298094062571, 'penalty': 'l2'}. Best is trial 0 with value: 0.85.
[I 2026-04-07 01:02:54,731] Trial 5 finished with value: 0.7 and parameters: {'C': 1.1447728330837224, 'penalty': 'l2'}. Best is trial 0 with value: 0.85.
[I 2026-04-07 01:02:54,767] Trial 6 finished with value: 0.7 and parameters: {'C': 6.753661388238877, 'penalty': 'l2'}. Best is trial 0 with value: 0.85.
[I 2026-04-07 01:02:54,791] Trial 7 finished with value: 0.85 and parameters: {'C': 0.39092184460352974, 'penalty': 'l2'}. Best is trial 0 with value: 0.85.
[I 2026-04-07 01:02:54,816] Trial 8 finished with value: 0.85 and parameters: {'C': 0.03047912590082646, 'penalty': 'l2'}. Best is trial 0 with value: 0.85.
[I 2026-04-07 01:02:54,841] Trial 9 finished with value: 0.85 and parameters: {'C': 0.008681727362499118, 'penalty': 'l2'}. Best is trial 0 with value: 0.85.
[I 2026-04-07 01:02:54,872] Trial 10 finished with value: 0.8 and parameters: {'C': 0.0010146302597657177, 'penalty': 'l2'}. Best is trial 0 with value: 0.85.
[I 2026-04-07 01:02:54,904] Trial 11 finished with value: 0.85 and parameters: {'C': 0.0199662686693303, 'penalty': 'l2'}. Best is trial 0 with value: 0.85.
[I 2026-04-07 01:02:54,934] Trial 12 finished with value: 0.8 and parameters: {'C': 0.0016346313516918368, 'penalty': 'l2'}. Best is trial 0 with value: 0.85.
[I 2026-04-07 01:02:54,965] Trial 13 finished with value: 0.85 and parameters: {'C': 0.0714333727973949, 'penalty': 'l2'}. Best is trial 0 with value: 0.85.
