[I 2026-04-07 03:48:01,574] Trial 19 finished with value: 1.0 and parameters: {'var_smoothing': 4.958025424412893e-09}. Best is trial 0 with value: 1.0.
[I 2026-04-07 03:48:01,595] Trial 20 finished with value: 1.0 and parameters: {'var_smoothing': 8.344000526157384e-10}. Best is trial 0 with value: 1.0.
[I 2026-04-07 03:48:01,613] Trial 21 finished with value: 1.0 and parameters: {'var_smoothing': 2.46080689865309e-10}. Best is trial 0 with value: 1.0.
[I 2026-04-07 03:48:01,634] Trial 22 finished with value: 1.0 and parameters: {'var_smoothing': 1.4445108350594728e-10}. Best is trial 0 with value: 1.0.
[I 2026-04-07 03:48:01,654] Trial 23 finished with value: 1.0 and parameters: {'var_smoothing': 3.3715577896606737e-10}. Best is trial 0 with value: 1.0.
[I 2026-04-07 03:48:01,674] Trial 24 finished with value: 1.0 and parameters: {'var_smoothing': 1.572466431855027e-10}. Best is trial 0 with value: 1.0.
[I 2026-04-07 03:48:01,693] Trial 25 finished with value: 1.0 and parameters: {'var_smoothing': 7.281746293576245e-10}. Best is trial 0 with value: 1.0.
[I 2026-04-07 03:48:01,713] Trial 26 finished with value: 1.0 and parameters: {'var_smoothing': 3.386254640873244e-10}. Best is trial 0 with value: 1.0.
[I 2026-04-07 03:48:01,731] Trial 27 finished with value: 1.0 and parameters: {'var_smoothing': 1.3918180959975328e-09}. Best is trial 0 with value: 1.0.
[I 2026-04-07 03:48:01,748] Trial 28 finished with value: 1.0 and parameters: {'var_smoothing': 2.3715836084533434e-09}. Best is trial 0 with value: 1.0.
[I 2026-04-07 03:48:01,765] Trial 29 finished with value: 1.0 and parameters: {'var_smoothing': 9.477075781575649e-09}. Best is trial 0 with value: 1.0.
[I 2026-04-07 03:48:02,658] A new study created in memory with name: logreg
[I 2026-04-07 03:48:02,684] Trial 0 finished with value: 0.9833333333333334 and parameters: {'C': 0.012881482725481003, 'penalty': 'l2'}. Best is trial 0 with value: 0.9833333333333334.
[I 2026-04-07 03:48:02,709] Trial 1 finished with value: 0.9666666666666668 and parameters: {'C': 22.576755560681583, 'penalty': 'l2'}. Best is trial 0 with value: 0.9833333333333334.
[I 2026-04-07 03:48:02,724] Trial 2 finished with value: 0.9833333333333334 and parameters: {'C': 0.010804278656839932, 'penalty': 'l2'}. Best is trial 0 with value: 0.9833333333333334.
[I 2026-04-07 03:48:02,749] Trial 3 finished with value: 0.9666666666666668 and parameters: {'C': 39.17910760336117, 'penalty': 'l2'}. Best is trial 0 with value: 0.9833333333333334.
[I 2026-04-07 03:48:02,776] Trial 4 finished with value: 0.9666666666666668 and parameters: {'C': 0.2767298094062571, 'penalty': 'l2'}. Best is trial 0 with value: 0.9833333333333334.
[I 2026-04-07 03:48:02,801] Trial 5 finished with value: 0.9666666666666668 and parameters: {'C': 1.1447728330837224, 'penalty': 'l2'}. Best is trial 0 with value: 0.9833333333333334.
[I 2026-04-07 03:48:02,826] Trial 6 finished with value: 0.9666666666666668 and parameters: {'C': 6.753661388238877, 'penalty': 'l2'}. Best is trial 0 with value: 0.9833333333333334.
[I 2026-04-07 03:48:02,841] Trial 7 finished with value: 0.9666666666666668 and parameters: {'C': 0.39092184460352974, 'penalty': 'l2'}. Best is trial 0 with value: 0.9833333333333334.
[I 2026-04-07 03:48:02,855] Trial 8 finished with value: 0.9833333333333334 and parameters: {'C': 0.03047912590082646, 'penalty': 'l2'}. Best is trial 0 with value: 0.9833333333333334.
[I 2026-04-07 03:48:02,880] Trial 9 finished with value: 0.9833333333333334 and parameters: {'C': 0.008681727362499118, 'penalty': 'l2'}. Best is trial 0 with value: 0.9833333333333334.
[I 2026-04-07 03:48:02,908] Trial 10 finished with value: 0.9833333333333334 and parameters: {'C': 0.0010146302597657177, 'penalty': 'l2'}. Best is trial 0 with value: 0.9833333333333334.
[I 2026-04-07 03:48:02,939] Trial 11 finished with value: 0.9833333333333334 and parameters: {'C': 0.0199662686693303, 'penalty': 'l2'}. Best is trial 0 with value: 0.9833333333333334.
[I 2026-04-07 03:48:02,960] Trial 12 finished with value: 0.9833333333333334 and parameters: {'C': 0.0016346313516918368, 'penalty': 'l2'}. Best is trial 0 with value: 0.9833333333333334.
[I 2026-04-07 03:48:02,989] Trial 13 finished with value: 0.9833333333333334 and parameters: {'C': 0.0714333727973949, 'penalty': 'l2'}. Best is trial 0 with value: 0.9833333333333334.
[I 2026-04-07 03:48:03,008] Trial 14 finished with value: 0.9833333333333334 and parameters: {'C': 0.004204976475301702, 'penalty': 'l2'}. Best is trial 0 with value: 0.9833333333333334.
[I 2026-04-07 03:48:03,038] Trial 15 finished with value: 0.9833333333333334 and parameters: {'C': 0.08940155280126451, 'penalty': 'l2'}. Best is trial 0 with value: 0.9833333333333334.
[I 2026-04-07 03:48:03,067] Trial 16 finished with value: 0.9833333333333334 and parameters: {'C': 0.006546178987596756, 'penalty': 'l2'}. Best is trial 0 with value: 0.9833333333333334.
[I 2026-04-07 03:48:03,097] Trial 17 finished with value: 0.9666666666666668 and parameters: {'C': 1.4752552821847151, 'penalty': 'l2'}. Best is trial 0 with value: 0.9833333333333334.
[I 2026-04-07 03:48:03,127] Trial 18 finished with value: 0.9833333333333334 and parameters: {'C': 0.02888779259712015, 'penalty': 'l2'}. Best is trial 0 with value: 0.9833333333333334.
[I 2026-04-07 03:48:03,147] Trial 19 finished with value: 0.9833333333333334 and parameters: {'C': 0.002520448080692226, 'penalty': 'l2'}. Best is trial 0 with value: 0.9833333333333334.
[I 2026-04-07 03:48:03,178] Trial 20 finished with value: 0.9833333333333334 and parameters: {'C': 0.12777586739131547, 'penalty': 'l2'}. Best is trial 0 with value: 0.9833333333333334.
[I 2026-04-07 03:48:03,208] Trial 21 finished with value: 0.9833333333333334 and parameters: {'C': 0.014671089509319783, 'penalty': 'l2'}. Best is trial 0 with value: 0.9833333333333334.
[I 2026-04-07 03:48:03,240] Trial 22 finished with value: 0.9833333333333334 and parameters: {'C': 0.033406716041377155, 'penalty': 'l2'}. Best is trial 0 with value: 0.9833333333333334.
[I 2026-04-07 03:48:03,261] Trial 23 finished with value: 0.9833333333333334 and parameters: {'C': 0.04788740550767761, 'penalty': 'l2'}. Best is trial 0 with value: 0.9833333333333334.
[I 2026-04-07 03:48:03,290] Trial 24 finished with value: 0.9833333333333334 and parameters: {'C': 0.008847897019704513, 'penalty': 'l2'}. Best is trial 0 with value: 0.9833333333333334.
[I 2026-04-07 03:48:03,319] Trial 25 finished with value: 0.9666666666666668 and parameters: {'C': 0.22676591255833065, 'penalty': 'l2'}. Best is trial 0 with value: 0.9833333333333334.
[I 2026-04-07 03:48:03,340] Trial 26 finished with value: 0.9833333333333334 and parameters: {'C': 0.004430896979270487, 'penalty': 'l2'}. Best is trial 0 with value: 0.9833333333333334.
[I 2026-04-07 03:48:03,372] Trial 27 finished with value: 0.9833333333333334 and parameters: {'C': 0.015056548147890033, 'penalty': 'l2'}. Best is trial 0 with value: 0.9833333333333334.
[I 2026-04-07 03:48:03,390] Trial 28 finished with value: 0.9666666666666668 and parameters: {'C': 0.6144804613612883, 'penalty': 'l2'}. Best is trial 0 with value: 0.9833333333333334.
[I 2026-04-07 03:48:03,418] Trial 29 finished with value: 0.9666666666666668 and parameters: {'C': 87.43511457459678, 'penalty': 'l2'}. Best is trial 0 with value: 0.9833333333333334.
[I 2026-04-07 03:48:04,272] A new study created in memory with name: knn
[I 2026-04-07 03:48:04,287] Trial 0 finished with value: 0.9666666666666668 and parameters: {'n_neighbors': 4, 'leaf_size': 38, 'p': 2}. Best is trial 0 with value: 0.9666666666666668.
[I 2026-04-07 03:48:04,300] Trial 1 finished with value: 0.9666666666666668 and parameters: {'n_neighbors': 6, 'leaf_size': 32, 'p': 1}. Best is trial 0 with value: 0.9666666666666668.
[I 2026-04-07 03:48:04,323] Trial 2 finished with value: 0.9666666666666668 and parameters: {'n_neighbors': 5, 'leaf_size': 23, 'p': 2}. Best is trial 0 with value: 0.9666666666666668.
[I 2026-04-07 03:48:04,335] Trial 3 finished with value: 0.9666666666666668 and parameters: {'n_neighbors': 6, 'leaf_size': 23, 'p': 1}. Best is trial 0 with value: 0.9666666666666668.
[I 2026-04-07 03:48:04,347] Trial 4 finished with value: 0.9666666666666668 and parameters: {'n_neighbors': 6, 'leaf_size': 26, 'p': 1}. Best is trial 0 with value: 0.9666666666666668.
[I 2026-04-07 03:48:04,360] Trial 5 finished with value: 0.9833333333333334 and parameters: {'n_neighbors': 7, 'leaf_size': 25, 'p': 1}. Best is trial 5 with value: 0.9833333333333334.
[I 2026-04-07 03:48:04,382] Trial 6 finished with value: 0.9666666666666668 and parameters: {'n_neighbors': 5, 'leaf_size': 23, 'p': 2}. Best is trial 5 with value: 0.9833333333333334.
[I 2026-04-07 03:48:04,395] Trial 7 finished with value: 0.9833333333333334 and parameters: {'n_neighbors': 10, 'leaf_size': 23, 'p': 2}. Best is trial 5 with value: 0.9833333333333334.
[I 2026-04-07 03:48:04,407] Trial 8 finished with value: 0.9666666666666668 and parameters: {'n_neighbors': 8, 'leaf_size': 36, 'p': 2}. Best is trial 5 with value: 0.9833333333333334.
[I 2026-04-07 03:48:04,431] Trial 9 finished with value: 0.9666666666666668 and parameters: {'n_neighbors': 3, 'leaf_size': 30, 'p': 2}. Best is trial 5 with value: 0.9833333333333334.
[I 2026-04-07 03:48:04,465] Trial 10 finished with value: 0.9666666666666668 and parameters: {'n_neighbors': 8, 'leaf_size': 29, 'p': 1}. Best is trial 5 with value: 0.9833333333333334.
[I 2026-04-07 03:48:04,501] Trial 11 finished with value: 0.9833333333333334 and parameters: {'n_neighbors': 10, 'leaf_size': 20, 'p': 1}. Best is trial 5 with value: 0.9833333333333334.
[I 2026-04-07 03:48:04,537] Trial 12 finished with value: 0.9833333333333334 and parameters: {'n_neighbors': 10, 'leaf_size': 27, 'p': 1}. Best is trial 5 with value: 0.9833333333333334.
[I 2026-04-07 03:48:04,574] Trial 13 finished with value: 0.9666666666666668 and parameters: {'n_neighbors': 8, 'leaf_size': 20, 'p': 2}. Best is trial 5 with value: 0.9833333333333334.
[I 2026-04-07 03:48:04,608] Trial 14 finished with value: 0.9666666666666668 and parameters: {'n_neighbors': 9, 'leaf_size': 25, 'p': 2}. Best is trial 5 with value: 0.9833333333333334.
[I 2026-04-07 03:48:04,643] Trial 15 finished with value: 0.9833333333333334 and parameters: {'n_neighbors': 7, 'leaf_size': 33, 'p': 1}. Best is trial 5 with value: 0.9833333333333334.
[I 2026-04-07 03:48:04,668] Trial 16 finished with value: 0.9833333333333334 and parameters: {'n_neighbors': 9, 'leaf_size': 27, 'p': 1}. Best is trial 5 with value: 0.9833333333333334.
[I 2026-04-07 03:48:04,691] Trial 17 finished with value: 0.9666666666666668 and parameters: {'n_neighbors': 7, 'leaf_size': 22, 'p': 2}. Best is trial 5 with value: 0.9833333333333334.
[I 2026-04-07 03:48:04,726] Trial 18 finished with value: 0.9833333333333334 and parameters: {'n_neighbors': 9, 'leaf_size': 25, 'p': 1}. Best is trial 5 with value: 0.9833333333333334.
[I 2026-04-07 03:48:04,750] Trial 19 finished with value: 0.9833333333333334 and parameters: {'n_neighbors': 10, 'leaf_size': 30, 'p': 2}. Best is trial 5 with value: 0.9833333333333334.
[I 2026-04-07 03:48:04,774] Trial 20 finished with value: 0.9666666666666668 and parameters: {'n_neighbors': 3, 'leaf_size': 40, 'p': 2}. Best is trial 5 with value: 0.9833333333333334.
[I 2026-04-07 03:48:04,797] Trial 21 finished with value: 0.9833333333333334 and parameters: {'n_neighbors': 10, 'leaf_size': 20, 'p': 1}. Best is trial 5 with value: 0.9833333333333334.
[I 2026-04-07 03:48:04,820] Trial 22 finished with value: 0.9833333333333334 and parameters: {'n_neighbors': 9, 'leaf_size': 21, 'p': 1}. Best is trial 5 with value: 0.9833333333333334.
[I 2026-04-07 03:48:04,847] Trial 23 finished with value: 0.9833333333333334 and parameters: {'n_neighbors': 10, 'leaf_size': 24, 'p': 1}. Best is trial 5 with value: 0.9833333333333334.
[I 2026-04-07 03:48:04,880] Trial 24 finished with value: 0.9666666666666668 and parameters: {'n_neighbors': 8, 'leaf_size': 21, 'p': 1}. Best is trial 5 with value: 0.9833333333333334.
[I 2026-04-07 03:48:04,906] Trial 25 finished with value: 0.9833333333333334 and parameters: {'n_neighbors': 9, 'leaf_size': 27, 'p': 1}. Best is trial 5 with value: 0.9833333333333334.
[I 2026-04-07 03:48:04,939] Trial 26 finished with value: 0.9833333333333334 and parameters: {'n_neighbors': 7, 'leaf_size': 22, 'p': 1}. Best is trial 5 with value: 0.9833333333333334.
[I 2026-04-07 03:48:04,965] Trial 27 finished with value: 0.9833333333333334 and parameters: {'n_neighbors': 10, 'leaf_size': 25, 'p': 1}. Best is trial 5 with value: 0.9833333333333334.
[I 2026-04-07 03:48:04,991] Trial 28 finished with value: 0.9666666666666668 and parameters: {'n_neighbors': 9, 'leaf_size': 21, 'p': 2}. Best is trial 5 with value: 0.9833333333333334.
[I 2026-04-07 03:48:05,015] Trial 29 finished with value: 0.9666666666666668 and parameters: {'n_neighbors': 4, 'leaf_size': 28, 'p': 2}. Best is trial 5 with value: 0.9833333333333334.
[I 2026-04-07 03:48:06,700] A new study created in memory with name: xgb
[I 2026-04-07 03:48:06,727] Trial 0 finished with value: 0.9833333333333334 and parameters: {'n_estimators': 40, 'max_depth': 5, 'gamma': 0.789317070832284, 'subsample': 0.7592089939364717, 'colsample_bytree': 0.648400250788111}. Best is trial 0 with value: 0.9833333333333334.
[I 2026-04-07 03:48:06,765] Trial 1 finished with value: 0.9833333333333334 and parameters: {'n_estimators': 100, 'max_depth': 30, 'gamma': 0.34667781579300216, 'subsample': 0.7071175095405257, 'colsample_bytree': 0.6480399663668239}. Best is trial 0 with value: 0.9833333333333334.
[I 2026-04-07 03:48:06,793] Trial 2 finished with value: 0.9833333333333334 and parameters: {'n_estimators': 10, 'max_depth': 20, 'gamma': 0.3948075529198607, 'subsample': 0.5720821503267102, 'colsample_bytree': 0.5828064306006338}. Best is trial 0 with value: 0.9833333333333334.
[I 2026-04-07 03:48:06,821] Trial 3 finished with value: 0.9333333333333333 and parameters: {'n_estimators': 10, 'max_depth': 30, 'gamma': 0.8015631269999768, 'subsample': 0.5114665462195407, 'colsample_bytree': 0.788831429064878}. Best is trial 0 with value: 0.9833333333333334.
[I 2026-04-07 03:48:06,859] Trial 4 finished with value: 0.9833333333333334 and parameters: {'n_estimators': 100, 'max_depth': 5, 'gamma': 0.8834347783013348, 'subsample': 0.961374806972835, 'colsample_bytree': 0.5011071062662218}. Best is trial 0 with value: 0.9833333333333334.
[I 2026-04-07 03:48:06,886] Trial 5 finished with value: 0.9833333333333334 and parameters: {'n_estimators': 40, 'max_depth': 5, 'gamma': 0.5364379674896123, 'subsample': 0.5145557818363589, 'colsample_bytree': 0.5432628442011025}. Best is trial 0 with value: 0.9833333333333334.
[I 2026-04-07 03:48:06,925] Trial 6 finished with value: 0.9833333333333334 and parameters: {'n_estimators': 100, 'max_depth': 20, 'gamma': 0.6718205850237038, 'subsample': 0.9059511955902053, 'colsample_bytree': 0.9633413076219371}. Best is trial 0 with value: 0.9833333333333334.
[I 2026-04-07 03:48:06,954] Trial 7 finished with value: 0.9666666666666668 and parameters: {'n_estimators': 10, 'max_depth': 30, 'gamma': 0.8165284487704038, 'subsample': 0.5255714015506736, 'colsample_bytree': 0.594333867896554}. Best is trial 0 with value: 0.9833333333333334.
[I 2026-04-07 03:48:06,991] Trial 8 finished with value: 0.9833333333333334 and parameters: {'n_estimators': 100, 'max_depth': 20, 'gamma': 0.6251497693480509, 'subsample': 0.9696496759824258, 'colsample_bytree': 0.9717700410079397}. Best is trial 0 with value: 0.9833333333333334.
[I 2026-04-07 03:48:07,019] Trial 9 finished with value: 0.9833333333333334 and parameters: {'n_estimators': 40, 'max_depth': 30, 'gamma': 0.9649927737686168, 'subsample': 0.6857563076640036, 'colsample_bytree': 0.5061847058001788}. Best is trial 0 with value: 0.9833333333333334.
[I 2026-04-07 03:48:07,058] Trial 10 finished with value: 0.9833333333333334 and parameters: {'n_estimators': 40, 'max_depth': 5, 'gamma': 0.17962098877423716, 'subsample': 0.8225184540606401, 'colsample_bytree': 0.7743115296703093}. Best is trial 0 with value: 0.9833333333333334.
[I 2026-04-07 03:48:07,094] Trial 11 finished with value: 0.9833333333333334 and parameters: {'n_estimators': 40, 'max_depth': 5, 'gamma': 0.284144177802935, 'subsample': 0.7137332854536631, 'colsample_bytree': 0.6815498556783907}. Best is trial 0 with value: 0.9833333333333334.
[I 2026-04-07 03:48:07,133] Trial 12 finished with value: 0.9833333333333334 and parameters: {'n_estimators': 100, 'max_depth': 30, 'gamma': 0.4460361445163697, 'subsample': 0.6425328048515475, 'colsample_bytree': 0.679730053828248}. Best is trial 0 with value: 0.9833333333333334.
[I 2026-04-07 03:48:07,174] Trial 13 finished with value: 0.9833333333333334 and parameters: {'n_estimators': 40, 'max_depth': 5, 'gamma': 0.15813912455139084, 'subsample': 0.7844515830692418, 'colsample_bytree': 0.6758652093499296}. Best is trial 0 with value: 0.9833333333333334.
[I 2026-04-07 03:48:07,211] Trial 14 finished with value: 0.9833333333333334 and parameters: {'n_estimators': 100, 'max_depth': 30, 'gamma': 0.6918007402171132, 'subsample': 0.8431105857116872, 'colsample_bytree': 0.8216506181347186}. Best is trial 0 with value: 0.9833333333333334.
[I 2026-04-07 03:48:07,260] Trial 15 finished with value: 0.9333333333333333 and parameters: {'n_estimators': 100, 'max_depth': 30, 'gamma': 0.349760846204061, 'subsample': 0.6341284233145288, 'colsample_bytree': 0.8604557310580807}. Best is trial 0 with value: 0.9833333333333334.
[I 2026-04-07 03:48:07,300] Trial 16 finished with value: 1.0 and parameters: {'n_estimators': 40, 'max_depth': 5, 'gamma': 0.5201464803795712, 'subsample': 0.7450819645371771, 'colsample_bytree': 0.6198858180831269}. Best is trial 16 with value: 1.0.
[I 2026-04-07 03:48:07,338] Trial 17 finished with value: 0.9833333333333334 and parameters: {'n_estimators': 40, 'max_depth': 5, 'gamma': 0.5292554389847856, 'subsample': 0.867462799188033, 'colsample_bytree': 0.7191040775672578}. Best is trial 16 with value: 1.0.
[I 2026-04-07 03:48:07,376] Trial 18 finished with value: 0.9833333333333334 and parameters: {'n_estimators': 40, 'max_depth': 5, 'gamma': 0.7740016574905875, 'subsample': 0.7756151396882981, 'colsample_bytree': 0.6271428698415437}. Best is trial 16 with value: 1.0.
[I 2026-04-07 03:48:07,414] Trial 19 finished with value: 1.0 and parameters: {'n_estimators': 40, 'max_depth': 5, 'gamma': 0.6019257490340076, 'subsample': 0.7487931599912829, 'colsample_bytree': 0.5855885045199378}. Best is trial 16 with value: 1.0.
[I 2026-04-07 03:48:07,452] Trial 20 finished with value: 1.0 and parameters: {'n_estimators': 40, 'max_depth': 5, 'gamma': 0.45877778302962907, 'subsample': 0.671733895455941, 'colsample_bytree': 0.5793929747445181}. Best is trial 16 with value: 1.0.
[I 2026-04-07 03:48:07,490] Trial 21 finished with value: 1.0 and parameters: {'n_estimators': 40, 'max_depth': 5, 'gamma': 0.46955622471793784, 'subsample': 0.6448026478151693, 'colsample_bytree': 0.5677494235519027}. Best is trial 16 with value: 1.0.
[I 2026-04-07 03:48:07,530] Trial 22 finished with value: 0.9833333333333334 and parameters: {'n_estimators': 40, 'max_depth': 5, 'gamma': 0.5839251160612692, 'subsample': 0.7246780811810959, 'colsample_bytree': 0.6017568956831886}. Best is trial 16 with value: 1.0.
[I 2026-04-07 03:48:07,567] Trial 23 finished with value: 1.0 and parameters: {'n_estimators': 40, 'max_depth': 5, 'gamma': 0.4921297525540081, 'subsample': 0.6596296761048634, 'colsample_bytree': 0.5362129818261767}. Best is trial 16 with value: 1.0.
[I 2026-04-07 03:48:07,616] Trial 24 finished with value: 0.9833333333333334 and parameters: {'n_estimators': 40, 'max_depth': 5, 'gamma': 0.6158918766506378, 'subsample': 0.597697410683113, 'colsample_bytree': 0.7257048287456705}. Best is trial 16 with value: 1.0.
[I 2026-04-07 03:48:07,657] Trial 25 finished with value: 0.9833333333333334 and parameters: {'n_estimators': 40, 'max_depth': 5, 'gamma': 0.7213404652993597, 'subsample': 0.8049447587190858, 'colsample_bytree': 0.6188257792513032}. Best is trial 16 with value: 1.0.
[I 2026-04-07 03:48:07,697] Trial 26 finished with value: 1.0 and parameters: {'n_estimators': 10, 'max_depth': 20, 'gamma': 0.2657992938296229, 'subsample': 0.7268066231052462, 'colsample_bytree': 0.5553955495212823}. Best is trial 16 with value: 1.0.
[I 2026-04-07 03:48:07,738] Trial 27 finished with value: 0.95 and parameters: {'n_estimators': 40, 'max_depth': 5, 'gamma': 0.4146940231798557, 'subsample': 0.6787176284374209, 'colsample_bytree': 0.9107863508855307}. Best is trial 16 with value: 1.0.
[I 2026-04-07 03:48:07,775] Trial 28 finished with value: 0.9666666666666668 and parameters: {'n_estimators': 40, 'max_depth': 5, 'gamma': 0.5683261008381103, 'subsample': 0.5867754443174658, 'colsample_bytree': 0.7142403021763848}. Best is trial 16 with value: 1.0.
[I 2026-04-07 03:48:07,813] Trial 29 finished with value: 0.9833333333333334 and parameters: {'n_estimators': 40, 'max_depth': 5, 'gamma': 0.4988181784341517, 'subsample': 0.744604392935839, 'colsample_bytree': 0.649798923783777}. Best is trial 16 with value: 1.0.
[I 2026-04-07 03:48:08,200] A new study created in memory with name: rf
[I 2026-04-07 03:48:08,448] Trial 0 finished with value: 0.9833333333333334 and parameters: {'n_estimators': 189, 'max_depth': 18, 'min_samples_split': 3, 'min_samples_leaf': 10}. Best is trial 0 with value: 0.9833333333333334.
[I 2026-04-07 03:48:08,759] Trial 1 finished with value: 1.0 and parameters: {'n_estimators': 295, 'max_depth': 14, 'min_samples_split': 8, 'min_samples_leaf': 6}. Best is trial 1 with value: 1.0.
[I 2026-04-07 03:48:09,017] Trial 2 finished with value: 0.9833333333333334 and parameters: {'n_estimators': 219, 'max_depth': 6, 'min_samples_split': 2, 'min_samples_leaf': 8}. Best is trial 1 with value: 1.0.
