[I 2026-04-09 20:12:18,039] Trial 14 finished with value: 0.75 and parameters: {'n_estimators': 10, 'max_depth': 30, 'gamma': 0.8638118873132399, 'subsample': 0.5867731863793822, 'colsample_bytree': 0.9116176446429273}. Best is trial 2 with value: 0.95.
[I 2026-04-09 20:12:18,071] Trial 15 finished with value: 0.9 and parameters: {'n_estimators': 10, 'max_depth': 5, 'gamma': 0.34245865808272824, 'subsample': 0.6853853974215207, 'colsample_bytree': 0.7994478384469224}. Best is trial 2 with value: 0.95.
[I 2026-04-09 20:12:18,103] Trial 16 finished with value: 0.8 and parameters: {'n_estimators': 40, 'max_depth': 20, 'gamma': 0.6155574431685773, 'subsample': 0.5638627174863092, 'colsample_bytree': 0.665659864377243}. Best is trial 2 with value: 0.95.
[I 2026-04-09 20:12:18,139] Trial 17 finished with value: 0.85 and parameters: {'n_estimators': 10, 'max_depth': 5, 'gamma': 0.4362584906090935, 'subsample': 0.6299113336342124, 'colsample_bytree': 0.6742119142218679}. Best is trial 2 with value: 0.95.
[I 2026-04-09 20:12:18,172] Trial 18 finished with value: 0.95 and parameters: {'n_estimators': 10, 'max_depth': 20, 'gamma': 0.8003799817750314, 'subsample': 0.7310864301208693, 'colsample_bytree': 0.9773325401332591}. Best is trial 2 with value: 0.95.
[I 2026-04-09 20:12:18,213] Trial 19 finished with value: 0.95 and parameters: {'n_estimators': 40, 'max_depth': 30, 'gamma': 0.20065175090087745, 'subsample': 0.5011191823417127, 'colsample_bytree': 0.7964391159195342}. Best is trial 2 with value: 0.95.
[I 2026-04-09 20:12:18,255] Trial 20 finished with value: 0.95 and parameters: {'n_estimators': 10, 'max_depth': 5, 'gamma': 0.7842868196913424, 'subsample': 0.9961764358499778, 'colsample_bytree': 0.8997114857290034}. Best is trial 2 with value: 0.95.
[I 2026-04-09 20:12:18,289] Trial 21 finished with value: 0.95 and parameters: {'n_estimators': 100, 'max_depth': 5, 'gamma': 0.996227049017897, 'subsample': 0.8871672735096147, 'colsample_bytree': 0.8375237126242164}. Best is trial 2 with value: 0.95.
[I 2026-04-09 20:12:18,328] Trial 22 finished with value: 0.95 and parameters: {'n_estimators': 100, 'max_depth': 5, 'gamma': 0.8326119401418121, 'subsample': 0.9911835888808611, 'colsample_bytree': 0.8334902135875409}. Best is trial 2 with value: 0.95.
[I 2026-04-09 20:12:18,364] Trial 23 finished with value: 0.95 and parameters: {'n_estimators': 100, 'max_depth': 5, 'gamma': 0.7483449595926549, 'subsample': 0.7762556954062565, 'colsample_bytree': 0.779070240844385}. Best is trial 2 with value: 0.95.
[I 2026-04-09 20:12:18,398] Trial 24 finished with value: 0.95 and parameters: {'n_estimators': 100, 'max_depth': 5, 'gamma': 0.6078063279754501, 'subsample': 0.6742183263010528, 'colsample_bytree': 0.9436111846981746}. Best is trial 2 with value: 0.95.
[I 2026-04-09 20:12:18,438] Trial 25 finished with value: 0.95 and parameters: {'n_estimators': 100, 'max_depth': 20, 'gamma': 0.9101845732459525, 'subsample': 0.9450374719211164, 'colsample_bytree': 0.8623066379980309}. Best is trial 2 with value: 0.95.
[I 2026-04-09 20:12:18,477] Trial 26 finished with value: 0.9 and parameters: {'n_estimators': 10, 'max_depth': 5, 'gamma': 0.8729945486320908, 'subsample': 0.8205817829026849, 'colsample_bytree': 0.7157438238215587}. Best is trial 2 with value: 0.95.
[I 2026-04-09 20:12:18,507] Trial 27 finished with value: 0.95 and parameters: {'n_estimators': 10, 'max_depth': 5, 'gamma': 0.6484056356128787, 'subsample': 0.7173251092439266, 'colsample_bytree': 0.8167699099313922}. Best is trial 2 with value: 0.95.
[I 2026-04-09 20:12:18,547] Trial 28 finished with value: 0.95 and parameters: {'n_estimators': 40, 'max_depth': 30, 'gamma': 0.5503934728363062, 'subsample': 0.8641006736061034, 'colsample_bytree': 0.8797669896043536}. Best is trial 2 with value: 0.95.
[I 2026-04-09 20:12:18,592] Trial 29 finished with value: 0.95 and parameters: {'n_estimators': 100, 'max_depth': 20, 'gamma': 0.7401877772470956, 'subsample': 0.5494495455076933, 'colsample_bytree': 0.9218395542586384}. Best is trial 2 with value: 0.95.
[I 2026-04-09 20:12:19,547] A new study created in memory with name: rf
[I 2026-04-09 20:12:19,692] Trial 0 finished with value: 0.5 and parameters: {'n_estimators': 130, 'max_depth': 17, 'min_samples_split': 5, 'min_samples_leaf': 8}. Best is trial 0 with value: 0.5.
[I 2026-04-09 20:12:20,235] Trial 1 finished with value: 0.85 and parameters: {'n_estimators': 492, 'max_depth': 12, 'min_samples_split': 6, 'min_samples_leaf': 1}. Best is trial 1 with value: 0.85.
[I 2026-04-09 20:12:20,503] Trial 2 finished with value: 0.5 and parameters: {'n_estimators': 207, 'max_depth': 11, 'min_samples_split': 8, 'min_samples_leaf': 9}. Best is trial 1 with value: 0.85.
[I 2026-04-09 20:12:20,810] Trial 3 finished with value: 0.5 and parameters: {'n_estimators': 252, 'max_depth': 4, 'min_samples_split': 4, 'min_samples_leaf': 10}. Best is trial 1 with value: 0.85.
[I 2026-04-09 20:12:21,037] Trial 4 finished with value: 0.85 and parameters: {'n_estimators': 185, 'max_depth': 11, 'min_samples_split': 10, 'min_samples_leaf': 1}. Best is trial 1 with value: 0.85.
[I 2026-04-09 20:12:21,491] Trial 5 finished with value: 0.8 and parameters: {'n_estimators': 340, 'max_depth': 20, 'min_samples_split': 4, 'min_samples_leaf': 6}. Best is trial 1 with value: 0.85.
[I 2026-04-09 20:12:22,012] Trial 6 finished with value: 0.5 and parameters: {'n_estimators': 464, 'max_depth': 5, 'min_samples_split': 6, 'min_samples_leaf': 8}. Best is trial 1 with value: 0.85.
[I 2026-04-09 20:12:22,464] Trial 7 finished with value: 0.95 and parameters: {'n_estimators': 368, 'max_depth': 11, 'min_samples_split': 3, 'min_samples_leaf': 5}. Best is trial 7 with value: 0.95.
[I 2026-04-09 20:12:22,793] Trial 8 finished with value: 0.5 and parameters: {'n_estimators': 249, 'max_depth': 11, 'min_samples_split': 5, 'min_samples_leaf': 9}. Best is trial 7 with value: 0.95.
[I 2026-04-09 20:12:23,263] Trial 9 finished with value: 0.9 and parameters: {'n_estimators': 408, 'max_depth': 8, 'min_samples_split': 7, 'min_samples_leaf': 3}. Best is trial 7 with value: 0.95.
[I 2026-04-09 20:12:23,667] Trial 10 finished with value: 0.9 and parameters: {'n_estimators': 351, 'max_depth': 15, 'min_samples_split': 2, 'min_samples_leaf': 5}. Best is trial 7 with value: 0.95.
[I 2026-04-09 20:12:24,144] Trial 11 finished with value: 0.9 and parameters: {'n_estimators': 406, 'max_depth': 7, 'min_samples_split': 2, 'min_samples_leaf': 4}. Best is trial 7 with value: 0.95.
[I 2026-04-09 20:12:24,656] Trial 12 finished with value: 0.85 and parameters: {'n_estimators': 416, 'max_depth': 8, 'min_samples_split': 9, 'min_samples_leaf': 3}. Best is trial 7 with value: 0.95.
[I 2026-04-09 20:12:25,106] Trial 13 finished with value: 0.9 and parameters: {'n_estimators': 379, 'max_depth': 8, 'min_samples_split': 7, 'min_samples_leaf': 3}. Best is trial 7 with value: 0.95.
[I 2026-04-09 20:12:25,490] Trial 14 finished with value: 0.85 and parameters: {'n_estimators': 300, 'max_depth': 14, 'min_samples_split': 3, 'min_samples_leaf': 6}. Best is trial 7 with value: 0.95.
[I 2026-04-09 20:12:26,030] Trial 15 finished with value: 0.9 and parameters: {'n_estimators': 452, 'max_depth': 6, 'min_samples_split': 8, 'min_samples_leaf': 3}. Best is trial 7 with value: 0.95.
[I 2026-04-09 20:12:26,409] Trial 16 finished with value: 0.95 and parameters: {'n_estimators': 305, 'max_depth': 3, 'min_samples_split': 7, 'min_samples_leaf': 5}. Best is trial 7 with value: 0.95.
[I 2026-04-09 20:12:26,799] Trial 17 finished with value: 0.9 and parameters: {'n_estimators': 304, 'max_depth': 3, 'min_samples_split': 4, 'min_samples_leaf': 5}. Best is trial 7 with value: 0.95.
[I 2026-04-09 20:12:27,179] Trial 18 finished with value: 0.55 and parameters: {'n_estimators': 317, 'max_depth': 19, 'min_samples_split': 7, 'min_samples_leaf': 7}. Best is trial 7 with value: 0.95.
[I 2026-04-09 20:12:27,525] Trial 19 finished with value: 0.95 and parameters: {'n_estimators': 266, 'max_depth': 15, 'min_samples_split': 3, 'min_samples_leaf': 4}. Best is trial 7 with value: 0.95.
[I 2026-04-09 20:12:27,978] Trial 20 finished with value: 0.6 and parameters: {'n_estimators': 374, 'max_depth': 13, 'min_samples_split': 10, 'min_samples_leaf': 7}. Best is trial 7 with value: 0.95.
[I 2026-04-09 20:12:28,278] Trial 21 finished with value: 0.95 and parameters: {'n_estimators': 243, 'max_depth': 17, 'min_samples_split': 3, 'min_samples_leaf': 4}. Best is trial 7 with value: 0.95.
[I 2026-04-09 20:12:28,594] Trial 22 finished with value: 0.9 and parameters: {'n_estimators': 265, 'max_depth': 17, 'min_samples_split': 3, 'min_samples_leaf': 4}. Best is trial 7 with value: 0.95.
[I 2026-04-09 20:12:28,971] Trial 23 finished with value: 0.9 and parameters: {'n_estimators': 284, 'max_depth': 10, 'min_samples_split': 5, 'min_samples_leaf': 5}. Best is trial 7 with value: 0.95.
[I 2026-04-09 20:12:29,263] Trial 24 finished with value: 0.9 and parameters: {'n_estimators': 212, 'max_depth': 15, 'min_samples_split': 2, 'min_samples_leaf': 2}. Best is trial 7 with value: 0.95.
[I 2026-04-09 20:12:29,650] Trial 25 finished with value: 0.9 and parameters: {'n_estimators': 336, 'max_depth': 9, 'min_samples_split': 3, 'min_samples_leaf': 6}. Best is trial 7 with value: 0.95.
[I 2026-04-09 20:12:29,810] Trial 26 finished with value: 0.8 and parameters: {'n_estimators': 107, 'max_depth': 15, 'min_samples_split': 6, 'min_samples_leaf': 4}. Best is trial 7 with value: 0.95.
[I 2026-04-09 20:12:30,024] Trial 27 finished with value: 0.5 and parameters: {'n_estimators': 163, 'max_depth': 13, 'min_samples_split': 8, 'min_samples_leaf': 7}. Best is trial 7 with value: 0.95.
[I 2026-04-09 20:12:30,475] Trial 28 finished with value: 0.85 and parameters: {'n_estimators': 369, 'max_depth': 3, 'min_samples_split': 4, 'min_samples_leaf': 2}. Best is trial 7 with value: 0.95.
[I 2026-04-09 20:12:30,811] Trial 29 finished with value: 0.9 and parameters: {'n_estimators': 277, 'max_depth': 17, 'min_samples_split': 5, 'min_samples_leaf': 5}. Best is trial 7 with value: 0.95.
[I 2026-04-09 20:12:34,439] A new study created in memory with name: mlp
[I 2026-04-09 20:12:34,493] Trial 0 finished with value: 0.7 and parameters: {'hidden_layer_sizes': (200,), 'max_iter': 100, 'alpha': 0.0001}. Best is trial 0 with value: 0.7.
[I 2026-04-09 20:12:34,573] Trial 1 finished with value: 0.8 and parameters: {'hidden_layer_sizes': (100, 100), 'max_iter': 100, 'alpha': 0.0001}. Best is trial 1 with value: 0.8.
[I 2026-04-09 20:12:34,622] Trial 2 finished with value: 0.85 and parameters: {'hidden_layer_sizes': (200,), 'max_iter': 100, 'alpha': 0.001}. Best is trial 2 with value: 0.85.
[I 2026-04-09 20:12:34,657] Trial 3 finished with value: 0.7 and parameters: {'hidden_layer_sizes': (100,), 'max_iter': 50, 'alpha': 0.001}. Best is trial 2 with value: 0.85.
[I 2026-04-09 20:12:34,694] Trial 4 finished with value: 0.6 and parameters: {'hidden_layer_sizes': (100,), 'max_iter': 50, 'alpha': 0.0001}. Best is trial 2 with value: 0.85.
[I 2026-04-09 20:12:34,730] Trial 5 finished with value: 0.65 and parameters: {'hidden_layer_sizes': (100,), 'max_iter': 50, 'alpha': 0.0001}. Best is trial 2 with value: 0.85.
[I 2026-04-09 20:12:34,768] Trial 6 finished with value: 0.6 and parameters: {'hidden_layer_sizes': (100,), 'max_iter': 50, 'alpha': 0.0001}. Best is trial 2 with value: 0.85.
[I 2026-04-09 20:12:34,802] Trial 7 finished with value: 0.85 and parameters: {'hidden_layer_sizes': (100,), 'max_iter': 50, 'alpha': 0.0001}. Best is trial 2 with value: 0.85.
[I 2026-04-09 20:12:34,858] Trial 8 finished with value: 0.75 and parameters: {'hidden_layer_sizes': (200,), 'max_iter': 100, 'alpha': 0.0001}. Best is trial 2 with value: 0.85.
[I 2026-04-09 20:12:34,886] Trial 9 finished with value: 0.7 and parameters: {'hidden_layer_sizes': (200,), 'max_iter': 50, 'alpha': 0.0001}. Best is trial 2 with value: 0.85.
[I 2026-04-09 20:12:34,951] Trial 10 finished with value: 0.75 and parameters: {'hidden_layer_sizes': (100, 100), 'max_iter': 100, 'alpha': 0.001}. Best is trial 2 with value: 0.85.
[I 2026-04-09 20:12:35,006] Trial 11 finished with value: 0.7 and parameters: {'hidden_layer_sizes': (200,), 'max_iter': 100, 'alpha': 0.001}. Best is trial 2 with value: 0.85.
[I 2026-04-09 20:12:35,045] Trial 12 finished with value: 0.6 and parameters: {'hidden_layer_sizes': (100,), 'max_iter': 50, 'alpha': 0.001}. Best is trial 2 with value: 0.85.
[I 2026-04-09 20:12:35,089] Trial 13 finished with value: 0.65 and parameters: {'hidden_layer_sizes': (200,), 'max_iter': 100, 'alpha': 0.001}. Best is trial 2 with value: 0.85.
[I 2026-04-09 20:12:35,136] Trial 14 finished with value: 0.75 and parameters: {'hidden_layer_sizes': (100, 100), 'max_iter': 50, 'alpha': 0.001}. Best is trial 2 with value: 0.85.
[I 2026-04-09 20:12:35,197] Trial 15 finished with value: 0.85 and parameters: {'hidden_layer_sizes': (100,), 'max_iter': 100, 'alpha': 0.001}. Best is trial 2 with value: 0.85.
[I 2026-04-09 20:12:35,254] Trial 16 finished with value: 0.7 and parameters: {'hidden_layer_sizes': (200,), 'max_iter': 100, 'alpha': 0.0001}. Best is trial 2 with value: 0.85.
[I 2026-04-09 20:12:35,299] Trial 17 finished with value: 0.65 and parameters: {'hidden_layer_sizes': (100,), 'max_iter': 50, 'alpha': 0.001}. Best is trial 2 with value: 0.85.
[I 2026-04-09 20:12:35,335] Trial 18 finished with value: 0.7 and parameters: {'hidden_layer_sizes': (200,), 'max_iter': 50, 'alpha': 0.0001}. Best is trial 2 with value: 0.85.
[I 2026-04-09 20:12:35,412] Trial 19 finished with value: 0.85 and parameters: {'hidden_layer_sizes': (100, 100), 'max_iter': 100, 'alpha': 0.001}. Best is trial 2 with value: 0.85.
[I 2026-04-09 20:12:35,466] Trial 20 finished with value: 0.75 and parameters: {'hidden_layer_sizes': (200,), 'max_iter': 100, 'alpha': 0.001}. Best is trial 2 with value: 0.85.
[I 2026-04-09 20:12:35,516] Trial 21 finished with value: 0.7 and parameters: {'hidden_layer_sizes': (100,), 'max_iter': 100, 'alpha': 0.001}. Best is trial 2 with value: 0.85.
[I 2026-04-09 20:12:35,568] Trial 22 finished with value: 0.8 and parameters: {'hidden_layer_sizes': (100,), 'max_iter': 100, 'alpha': 0.001}. Best is trial 2 with value: 0.85.
[I 2026-04-09 20:12:35,628] Trial 23 finished with value: 0.65 and parameters: {'hidden_layer_sizes': (100,), 'max_iter': 100, 'alpha': 0.001}. Best is trial 2 with value: 0.85.
[I 2026-04-09 20:12:35,679] Trial 24 finished with value: 0.7 and parameters: {'hidden_layer_sizes': (100,), 'max_iter': 100, 'alpha': 0.001}. Best is trial 2 with value: 0.85.
[I 2026-04-09 20:12:35,732] Trial 25 finished with value: 0.85 and parameters: {'hidden_layer_sizes': (100,), 'max_iter': 100, 'alpha': 0.001}. Best is trial 2 with value: 0.85.
[I 2026-04-09 20:12:35,766] Trial 26 finished with value: 0.7 and parameters: {'hidden_layer_sizes': (100,), 'max_iter': 50, 'alpha': 0.0001}. Best is trial 2 with value: 0.85.
[I 2026-04-09 20:12:35,813] Trial 27 finished with value: 0.85 and parameters: {'hidden_layer_sizes': (100,), 'max_iter': 100, 'alpha': 0.001}. Best is trial 2 with value: 0.85.
[I 2026-04-09 20:12:35,863] Trial 28 finished with value: 0.8 and parameters: {'hidden_layer_sizes': (100, 100), 'max_iter': 50, 'alpha': 0.0001}. Best is trial 2 with value: 0.85.
[I 2026-04-09 20:12:35,921] Trial 29 finished with value: 0.85 and parameters: {'hidden_layer_sizes': (200,), 'max_iter': 100, 'alpha': 0.0001}. Best is trial 2 with value: 0.85.
[I 2026-04-09 20:12:45,280] A new study created in memory with name: naive_bayes
[I 2026-04-09 20:12:45,305] Trial 0 finished with value: 1.0 and parameters: {'var_smoothing': 1.4210736239935712e-10}. Best is trial 0 with value: 1.0.
[I 2026-04-09 20:12:45,317] Trial 1 finished with value: 1.0 and parameters: {'var_smoothing': 3.629422978396398e-09}. Best is trial 0 with value: 1.0.
[I 2026-04-09 20:12:45,329] Trial 2 finished with value: 1.0 and parameters: {'var_smoothing': 7.530407234027127e-10}. Best is trial 0 with value: 1.0.
[I 2026-04-09 20:12:45,341] Trial 3 finished with value: 1.0 and parameters: {'var_smoothing': 2.7985325053380072e-09}. Best is trial 0 with value: 1.0.
[I 2026-04-09 20:12:45,353] Trial 4 finished with value: 1.0 and parameters: {'var_smoothing': 9.036058293737187e-09}. Best is trial 0 with value: 1.0.
[I 2026-04-09 20:12:45,365] Trial 5 finished with value: 1.0 and parameters: {'var_smoothing': 1.1939653980558784e-09}. Best is trial 0 with value: 1.0.
[I 2026-04-09 20:12:45,377] Trial 6 finished with value: 1.0 and parameters: {'var_smoothing': 1.005173261185167e-09}. Best is trial 0 with value: 1.0.
[I 2026-04-09 20:12:45,389] Trial 7 finished with value: 1.0 and parameters: {'var_smoothing': 1.393484899105757e-10}. Best is trial 0 with value: 1.0.
[I 2026-04-09 20:12:45,432] Trial 8 finished with value: 1.0 and parameters: {'var_smoothing': 3.4425317961147986e-10}. Best is trial 0 with value: 1.0.
[I 2026-04-09 20:12:45,445] Trial 9 finished with value: 1.0 and parameters: {'var_smoothing': 9.994590426751933e-10}. Best is trial 0 with value: 1.0.
[I 2026-04-09 20:12:45,462] Trial 10 finished with value: 1.0 and parameters: {'var_smoothing': 1.9079938112167212e-10}. Best is trial 0 with value: 1.0.
[I 2026-04-09 20:12:45,478] Trial 11 finished with value: 1.0 and parameters: {'var_smoothing': 4.7456863630433305e-09}. Best is trial 0 with value: 1.0.
[I 2026-04-09 20:12:45,498] Trial 12 finished with value: 1.0 and parameters: {'var_smoothing': 2.7185365295481096e-09}. Best is trial 0 with value: 1.0.
[I 2026-04-09 20:12:45,521] Trial 13 finished with value: 1.0 and parameters: {'var_smoothing': 4.3967291332584714e-10}. Best is trial 0 with value: 1.0.
[I 2026-04-09 20:12:45,538] Trial 14 finished with value: 1.0 and parameters: {'var_smoothing': 2.6511307931162972e-09}. Best is trial 0 with value: 1.0.
[I 2026-04-09 20:12:45,554] Trial 15 finished with value: 1.0 and parameters: {'var_smoothing': 9.000422035369052e-09}. Best is trial 0 with value: 1.0.
[I 2026-04-09 20:12:45,570] Trial 16 finished with value: 1.0 and parameters: {'var_smoothing': 2.75340575769171e-10}. Best is trial 0 with value: 1.0.
[I 2026-04-09 20:12:45,595] Trial 17 finished with value: 1.0 and parameters: {'var_smoothing': 1.0118559267516465e-10}. Best is trial 0 with value: 1.0.
[I 2026-04-09 20:12:45,610] Trial 18 finished with value: 1.0 and parameters: {'var_smoothing': 5.126237368588495e-10}. Best is trial 0 with value: 1.0.
[I 2026-04-09 20:12:45,625] Trial 19 finished with value: 1.0 and parameters: {'var_smoothing': 1.7743118427439911e-09}. Best is trial 0 with value: 1.0.
[I 2026-04-09 20:12:45,643] Trial 20 finished with value: 1.0 and parameters: {'var_smoothing': 5.29215399120128e-09}. Best is trial 0 with value: 1.0.
[I 2026-04-09 20:12:45,671] Trial 21 finished with value: 1.0 and parameters: {'var_smoothing': 6.215389304971454e-10}. Best is trial 0 with value: 1.0.
[I 2026-04-09 20:12:45,691] Trial 22 finished with value: 1.0 and parameters: {'var_smoothing': 2.205158371956595e-10}. Best is trial 0 with value: 1.0.
[I 2026-04-09 20:12:45,709] Trial 23 finished with value: 1.0 and parameters: {'var_smoothing': 6.714468189294179e-10}. Best is trial 0 with value: 1.0.
[I 2026-04-09 20:12:45,724] Trial 24 finished with value: 1.0 and parameters: {'var_smoothing': 1.6303611152529254e-09}. Best is trial 0 with value: 1.0.
[I 2026-04-09 20:12:45,738] Trial 25 finished with value: 1.0 and parameters: {'var_smoothing': 5.460180203252778e-09}. Best is trial 0 with value: 1.0.
[I 2026-04-09 20:12:45,753] Trial 26 finished with value: 1.0 and parameters: {'var_smoothing': 1.0123007748054653e-10}. Best is trial 0 with value: 1.0.
[I 2026-04-09 20:12:45,768] Trial 27 finished with value: 1.0 and parameters: {'var_smoothing': 3.7004726843827016e-09}. Best is trial 0 with value: 1.0.
[I 2026-04-09 20:12:45,783] Trial 28 finished with value: 1.0 and parameters: {'var_smoothing': 8.062949328123723e-10}. Best is trial 0 with value: 1.0.
[I 2026-04-09 20:12:45,798] Trial 29 finished with value: 1.0 and parameters: {'var_smoothing': 1.8379694059711336e-09}. Best is trial 0 with value: 1.0.
[I 2026-04-09 20:12:46,964] A new study created in memory with name: logreg
[I 2026-04-09 20:12:46,978] Trial 0 finished with value: 1.0 and parameters: {'C': 0.002407362254570802, 'penalty': 'l2'}. Best is trial 0 with value: 1.0.
[I 2026-04-09 20:12:47,006] Trial 1 finished with value: 1.0 and parameters: {'C': 7.935859334260497, 'penalty': 'l2'}. Best is trial 0 with value: 1.0.
[I 2026-04-09 20:12:47,031] Trial 2 finished with value: 1.0 and parameters: {'C': 0.15561310098067915, 'penalty': 'l2'}. Best is trial 0 with value: 1.0.
[I 2026-04-09 20:12:47,055] Trial 3 finished with value: 1.0 and parameters: {'C': 4.143104515916128, 'penalty': 'l2'}. Best is trial 0 with value: 1.0.
[I 2026-04-09 20:12:47,080] Trial 4 finished with value: 1.0 and parameters: {'C': 77.61533923098803, 'penalty': 'l2'}. Best is trial 0 with value: 1.0.
[I 2026-04-09 20:12:47,104] Trial 5 finished with value: 1.0 and parameters: {'C': 0.49258292359934785, 'penalty': 'l2'}. Best is trial 0 with value: 1.0.
[I 2026-04-09 20:12:47,140] Trial 6 finished with value: 1.0 and parameters: {'C': 0.320333470047146, 'penalty': 'l2'}. Best is trial 0 with value: 1.0.
[I 2026-04-09 20:12:47,166] Trial 7 finished with value: 1.0 and parameters: {'C': 0.002292216671132896, 'penalty': 'l2'}. Best is trial 0 with value: 1.0.
[I 2026-04-09 20:12:47,183] Trial 8 finished with value: 1.0 and parameters: {'C': 0.0219884643872214, 'penalty': 'l2'}. Best is trial 0 with value: 1.0.
[I 2026-04-09 20:12:47,209] Trial 9 finished with value: 1.0 and parameters: {'C': 0.31580027519646636, 'penalty': 'l2'}. Best is trial 0 with value: 1.0.
[I 2026-04-09 20:12:47,229] Trial 10 finished with value: 1.0 and parameters: {'C': 0.005028545732690317, 'penalty': 'l2'}. Best is trial 0 with value: 1.0.
