[I 2026-04-07 01:50:41,556] Trial 22 finished with value: 0.95 and parameters: {'n_estimators': 396, 'max_depth': 14, 'min_samples_split': 8, 'min_samples_leaf': 5}. Best is trial 0 with value: 0.95.
[I 2026-04-07 01:50:42,024] Trial 23 finished with value: 0.9 and parameters: {'n_estimators': 437, 'max_depth': 17, 'min_samples_split': 6, 'min_samples_leaf': 6}. Best is trial 0 with value: 0.95.
[I 2026-04-07 01:50:42,535] Trial 24 finished with value: 0.95 and parameters: {'n_estimators': 464, 'max_depth': 18, 'min_samples_split': 9, 'min_samples_leaf': 3}. Best is trial 0 with value: 0.95.
[I 2026-04-07 01:50:42,954] Trial 25 finished with value: 0.95 and parameters: {'n_estimators': 342, 'max_depth': 9, 'min_samples_split': 7, 'min_samples_leaf': 5}. Best is trial 0 with value: 0.95.
[I 2026-04-07 01:50:43,297] Trial 26 finished with value: 0.95 and parameters: {'n_estimators': 273, 'max_depth': 13, 'min_samples_split': 8, 'min_samples_leaf': 4}. Best is trial 0 with value: 0.95.
[I 2026-04-07 01:50:43,761] Trial 27 finished with value: 0.95 and parameters: {'n_estimators': 425, 'max_depth': 5, 'min_samples_split': 4, 'min_samples_leaf': 6}. Best is trial 0 with value: 0.95.
[I 2026-04-07 01:50:44,185] Trial 28 finished with value: 0.5 and parameters: {'n_estimators': 359, 'max_depth': 18, 'min_samples_split': 6, 'min_samples_leaf': 8}. Best is trial 0 with value: 0.95.
[I 2026-04-07 01:50:44,549] Trial 29 finished with value: 0.55 and parameters: {'n_estimators': 303, 'max_depth': 10, 'min_samples_split': 10, 'min_samples_leaf': 7}. Best is trial 0 with value: 0.95.
[I 2026-04-07 01:50:48,739] A new study created in memory with name: mlp
[I 2026-04-07 01:50:48,774] Trial 0 finished with value: 0.7 and parameters: {'hidden_layer_sizes': (200,), 'max_iter': 50, 'alpha': 0.001}. Best is trial 0 with value: 0.7.
[I 2026-04-07 01:50:48,810] Trial 1 finished with value: 0.65 and parameters: {'hidden_layer_sizes': (200,), 'max_iter': 50, 'alpha': 0.0001}. Best is trial 0 with value: 0.7.
[I 2026-04-07 01:50:48,845] Trial 2 finished with value: 0.65 and parameters: {'hidden_layer_sizes': (100,), 'max_iter': 50, 'alpha': 0.0001}. Best is trial 0 with value: 0.7.
[I 2026-04-07 01:50:48,901] Trial 3 finished with value: 0.65 and parameters: {'hidden_layer_sizes': (100,), 'max_iter': 100, 'alpha': 0.001}. Best is trial 0 with value: 0.7.
[I 2026-04-07 01:50:48,943] Trial 4 finished with value: 0.8 and parameters: {'hidden_layer_sizes': (200,), 'max_iter': 100, 'alpha': 0.001}. Best is trial 4 with value: 0.8.
[I 2026-04-07 01:50:48,987] Trial 5 finished with value: 0.8 and parameters: {'hidden_layer_sizes': (200,), 'max_iter': 50, 'alpha': 0.001}. Best is trial 4 with value: 0.8.
[I 2026-04-07 01:50:49,032] Trial 6 finished with value: 0.8 and parameters: {'hidden_layer_sizes': (100,), 'max_iter': 100, 'alpha': 0.0001}. Best is trial 4 with value: 0.8.
[I 2026-04-07 01:50:49,077] Trial 7 finished with value: 0.8 and parameters: {'hidden_layer_sizes': (100, 100), 'max_iter': 50, 'alpha': 0.0001}. Best is trial 4 with value: 0.8.
[I 2026-04-07 01:50:49,142] Trial 8 finished with value: 0.8 and parameters: {'hidden_layer_sizes': (100, 100), 'max_iter': 100, 'alpha': 0.0001}. Best is trial 4 with value: 0.8.
[I 2026-04-07 01:50:49,177] Trial 9 finished with value: 0.7 and parameters: {'hidden_layer_sizes': (100,), 'max_iter': 50, 'alpha': 0.001}. Best is trial 4 with value: 0.8.
[I 2026-04-07 01:50:49,233] Trial 10 finished with value: 0.85 and parameters: {'hidden_layer_sizes': (200,), 'max_iter': 100, 'alpha': 0.001}. Best is trial 10 with value: 0.85.
[I 2026-04-07 01:50:49,288] Trial 11 finished with value: 0.8 and parameters: {'hidden_layer_sizes': (200,), 'max_iter': 100, 'alpha': 0.001}. Best is trial 10 with value: 0.85.
[I 2026-04-07 01:50:49,343] Trial 12 finished with value: 0.8 and parameters: {'hidden_layer_sizes': (200,), 'max_iter': 100, 'alpha': 0.001}. Best is trial 10 with value: 0.85.
[I 2026-04-07 01:50:49,401] Trial 13 finished with value: 0.75 and parameters: {'hidden_layer_sizes': (200,), 'max_iter': 100, 'alpha': 0.001}. Best is trial 10 with value: 0.85.
[I 2026-04-07 01:50:49,449] Trial 14 finished with value: 0.65 and parameters: {'hidden_layer_sizes': (200,), 'max_iter': 100, 'alpha': 0.001}. Best is trial 10 with value: 0.85.
[I 2026-04-07 01:50:49,503] Trial 15 finished with value: 0.8 and parameters: {'hidden_layer_sizes': (200,), 'max_iter': 100, 'alpha': 0.001}. Best is trial 10 with value: 0.85.
[I 2026-04-07 01:50:49,568] Trial 16 finished with value: 0.75 and parameters: {'hidden_layer_sizes': (100, 100), 'max_iter': 100, 'alpha': 0.001}. Best is trial 10 with value: 0.85.
[I 2026-04-07 01:50:49,612] Trial 17 finished with value: 0.8 and parameters: {'hidden_layer_sizes': (200,), 'max_iter': 100, 'alpha': 0.001}. Best is trial 10 with value: 0.85.
[I 2026-04-07 01:50:49,656] Trial 18 finished with value: 0.7 and parameters: {'hidden_layer_sizes': (200,), 'max_iter': 100, 'alpha': 0.001}. Best is trial 10 with value: 0.85.
[I 2026-04-07 01:50:49,722] Trial 19 finished with value: 0.75 and parameters: {'hidden_layer_sizes': (100, 100), 'max_iter': 100, 'alpha': 0.001}. Best is trial 10 with value: 0.85.
[I 2026-04-07 01:50:49,767] Trial 20 finished with value: 0.8 and parameters: {'hidden_layer_sizes': (200,), 'max_iter': 100, 'alpha': 0.001}. Best is trial 10 with value: 0.85.
[I 2026-04-07 01:50:49,805] Trial 21 finished with value: 0.7 and parameters: {'hidden_layer_sizes': (200,), 'max_iter': 50, 'alpha': 0.001}. Best is trial 10 with value: 0.85.
[I 2026-04-07 01:50:49,843] Trial 22 finished with value: 0.8 and parameters: {'hidden_layer_sizes': (200,), 'max_iter': 50, 'alpha': 0.001}. Best is trial 10 with value: 0.85.
[I 2026-04-07 01:50:49,881] Trial 23 finished with value: 0.75 and parameters: {'hidden_layer_sizes': (200,), 'max_iter': 50, 'alpha': 0.001}. Best is trial 10 with value: 0.85.
[I 2026-04-07 01:50:49,925] Trial 24 finished with value: 0.75 and parameters: {'hidden_layer_sizes': (200,), 'max_iter': 50, 'alpha': 0.001}. Best is trial 10 with value: 0.85.
[I 2026-04-07 01:50:49,979] Trial 25 finished with value: 0.75 and parameters: {'hidden_layer_sizes': (200,), 'max_iter': 100, 'alpha': 0.001}. Best is trial 10 with value: 0.85.
[I 2026-04-07 01:50:50,014] Trial 26 finished with value: 0.7 and parameters: {'hidden_layer_sizes': (200,), 'max_iter': 50, 'alpha': 0.0001}. Best is trial 10 with value: 0.85.
[I 2026-04-07 01:50:50,061] Trial 27 finished with value: 0.75 and parameters: {'hidden_layer_sizes': (200,), 'max_iter': 100, 'alpha': 0.001}. Best is trial 10 with value: 0.85.
[I 2026-04-07 01:50:50,111] Trial 28 finished with value: 0.8 and parameters: {'hidden_layer_sizes': (100, 100), 'max_iter': 50, 'alpha': 0.001}. Best is trial 10 with value: 0.85.
[I 2026-04-07 01:50:50,149] Trial 29 finished with value: 0.75 and parameters: {'hidden_layer_sizes': (100,), 'max_iter': 50, 'alpha': 0.001}. Best is trial 10 with value: 0.85.
[I 2026-04-07 01:50:58,111] A new study created in memory with name: naive_bayes
[I 2026-04-07 01:50:58,125] Trial 0 finished with value: 1.0 and parameters: {'var_smoothing': 5.582886587978182e-09}. Best is trial 0 with value: 1.0.
[I 2026-04-07 01:50:58,137] Trial 1 finished with value: 1.0 and parameters: {'var_smoothing': 8.651299071518215e-09}. Best is trial 0 with value: 1.0.
[I 2026-04-07 01:50:58,149] Trial 2 finished with value: 1.0 and parameters: {'var_smoothing': 5.475062490474489e-09}. Best is trial 0 with value: 1.0.
[I 2026-04-07 01:50:58,161] Trial 3 finished with value: 1.0 and parameters: {'var_smoothing': 1.1526869678723134e-09}. Best is trial 0 with value: 1.0.
[I 2026-04-07 01:50:58,173] Trial 4 finished with value: 1.0 and parameters: {'var_smoothing': 2.920496270341785e-10}. Best is trial 0 with value: 1.0.
[I 2026-04-07 01:50:58,195] Trial 5 finished with value: 1.0 and parameters: {'var_smoothing': 1.0538956417705805e-10}. Best is trial 0 with value: 1.0.
[I 2026-04-07 01:50:58,207] Trial 6 finished with value: 1.0 and parameters: {'var_smoothing': 7.260016982331591e-10}. Best is trial 0 with value: 1.0.
[I 2026-04-07 01:50:58,219] Trial 7 finished with value: 1.0 and parameters: {'var_smoothing': 6.378267364653917e-10}. Best is trial 0 with value: 1.0.
[I 2026-04-07 01:50:58,231] Trial 8 finished with value: 1.0 and parameters: {'var_smoothing': 1.1100673847791952e-09}. Best is trial 0 with value: 1.0.
[I 2026-04-07 01:50:58,243] Trial 9 finished with value: 1.0 and parameters: {'var_smoothing': 9.052813879088377e-10}. Best is trial 0 with value: 1.0.
[I 2026-04-07 01:50:58,260] Trial 10 finished with value: 1.0 and parameters: {'var_smoothing': 3.20543606083287e-09}. Best is trial 0 with value: 1.0.
[I 2026-04-07 01:50:58,276] Trial 11 finished with value: 1.0 and parameters: {'var_smoothing': 8.433965140342417e-09}. Best is trial 0 with value: 1.0.
[I 2026-04-07 01:50:58,293] Trial 12 finished with value: 1.0 and parameters: {'var_smoothing': 2.860874278982245e-09}. Best is trial 0 with value: 1.0.
[I 2026-04-07 01:50:58,322] Trial 13 finished with value: 1.0 and parameters: {'var_smoothing': 9.270349036178526e-09}. Best is trial 0 with value: 1.0.
[I 2026-04-07 01:50:58,341] Trial 14 finished with value: 1.0 and parameters: {'var_smoothing': 3.13069447640915e-09}. Best is trial 0 with value: 1.0.
[I 2026-04-07 01:50:58,360] Trial 15 finished with value: 1.0 and parameters: {'var_smoothing': 5.223604886811285e-09}. Best is trial 0 with value: 1.0.
[I 2026-04-07 01:50:58,380] Trial 16 finished with value: 1.0 and parameters: {'var_smoothing': 2.0295724993447026e-09}. Best is trial 0 with value: 1.0.
[I 2026-04-07 01:50:58,400] Trial 17 finished with value: 1.0 and parameters: {'var_smoothing': 5.880433102756661e-09}. Best is trial 0 with value: 1.0.
[I 2026-04-07 01:50:58,418] Trial 18 finished with value: 1.0 and parameters: {'var_smoothing': 1.6980964875204416e-09}. Best is trial 0 with value: 1.0.
[I 2026-04-07 01:50:58,434] Trial 19 finished with value: 1.0 and parameters: {'var_smoothing': 4.2955625192244405e-09}. Best is trial 0 with value: 1.0.
[I 2026-04-07 01:50:58,454] Trial 20 finished with value: 1.0 and parameters: {'var_smoothing': 9.833771947222685e-09}. Best is trial 0 with value: 1.0.
[I 2026-04-07 01:50:58,484] Trial 21 finished with value: 1.0 and parameters: {'var_smoothing': 6.0482464086364635e-09}. Best is trial 0 with value: 1.0.
[I 2026-04-07 01:50:58,504] Trial 22 finished with value: 1.0 and parameters: {'var_smoothing': 4.537628481410357e-09}. Best is trial 0 with value: 1.0.
[I 2026-04-07 01:50:58,523] Trial 23 finished with value: 1.0 and parameters: {'var_smoothing': 6.750528289210463e-09}. Best is trial 0 with value: 1.0.
[I 2026-04-07 01:50:58,540] Trial 24 finished with value: 1.0 and parameters: {'var_smoothing': 2.2780337647355764e-09}. Best is trial 0 with value: 1.0.
[I 2026-04-07 01:50:58,560] Trial 25 finished with value: 1.0 and parameters: {'var_smoothing': 3.986918574074946e-09}. Best is trial 0 with value: 1.0.
[I 2026-04-07 01:50:58,578] Trial 26 finished with value: 1.0 and parameters: {'var_smoothing': 1.7707565248297843e-09}. Best is trial 0 with value: 1.0.
[I 2026-04-07 01:50:58,605] Trial 27 finished with value: 1.0 and parameters: {'var_smoothing': 6.732492847962814e-09}. Best is trial 0 with value: 1.0.
[I 2026-04-07 01:50:58,624] Trial 28 finished with value: 1.0 and parameters: {'var_smoothing': 3.8684773890893174e-10}. Best is trial 0 with value: 1.0.
[I 2026-04-07 01:50:58,641] Trial 29 finished with value: 1.0 and parameters: {'var_smoothing': 1.5480090897085013e-09}. Best is trial 0 with value: 1.0.
[I 2026-04-07 01:50:59,550] A new study created in memory with name: logreg
[I 2026-04-07 01:50:59,574] Trial 0 finished with value: 1.0 and parameters: {'C': 23.288794782471303, 'penalty': 'l2'}. Best is trial 0 with value: 1.0.
[I 2026-04-07 01:50:59,596] Trial 1 finished with value: 1.0 and parameters: {'C': 69.61507800412923, 'penalty': 'l2'}. Best is trial 0 with value: 1.0.
[I 2026-04-07 01:50:59,619] Trial 2 finished with value: 1.0 and parameters: {'C': 22.180569925473442, 'penalty': 'l2'}. Best is trial 0 with value: 1.0.
[I 2026-04-07 01:50:59,633] Trial 3 finished with value: 1.0 and parameters: {'C': 0.4511058486037652, 'penalty': 'l2'}. Best is trial 0 with value: 1.0.
[I 2026-04-07 01:50:59,646] Trial 4 finished with value: 1.0 and parameters: {'C': 0.014576110093994574, 'penalty': 'l2'}. Best is trial 0 with value: 1.0.
[I 2026-04-07 01:50:59,669] Trial 5 finished with value: 1.0 and parameters: {'C': 0.0011402340906886685, 'penalty': 'l2'}. Best is trial 0 with value: 1.0.
[I 2026-04-07 01:50:59,694] Trial 6 finished with value: 1.0 and parameters: {'C': 0.14201822862985758, 'penalty': 'l2'}. Best is trial 0 with value: 1.0.
[I 2026-04-07 01:50:59,708] Trial 7 finished with value: 1.0 and parameters: {'C': 0.1027440782219989, 'penalty': 'l2'}. Best is trial 0 with value: 1.0.
[I 2026-04-07 01:50:59,732] Trial 8 finished with value: 1.0 and parameters: {'C': 0.41055690122086846, 'penalty': 'l2'}. Best is trial 0 with value: 1.0.
[I 2026-04-07 01:50:59,758] Trial 9 finished with value: 1.0 and parameters: {'C': 0.24658064201770763, 'penalty': 'l2'}. Best is trial 0 with value: 1.0.
[I 2026-04-07 01:50:59,786] Trial 10 finished with value: 1.0 and parameters: {'C': 5.817250906722227, 'penalty': 'l2'}. Best is trial 0 with value: 1.0.
[I 2026-04-07 01:50:59,815] Trial 11 finished with value: 1.0 and parameters: {'C': 65.32501288941612, 'penalty': 'l2'}. Best is trial 0 with value: 1.0.
[I 2026-04-07 01:50:59,845] Trial 12 finished with value: 1.0 and parameters: {'C': 4.377709439924529, 'penalty': 'l2'}. Best is trial 0 with value: 1.0.
[I 2026-04-07 01:50:59,863] Trial 13 finished with value: 1.0 and parameters: {'C': 82.7447055757053, 'penalty': 'l2'}. Best is trial 0 with value: 1.0.
[I 2026-04-07 01:50:59,881] Trial 14 finished with value: 1.0 and parameters: {'C': 5.484053936900719, 'penalty': 'l2'}. Best is trial 0 with value: 1.0.
[I 2026-04-07 01:50:59,901] Trial 15 finished with value: 1.0 and parameters: {'C': 19.720857672047558, 'penalty': 'l2'}. Best is trial 0 with value: 1.0.
[I 2026-04-07 01:50:59,921] Trial 16 finished with value: 1.0 and parameters: {'C': 1.8557156226210034, 'penalty': 'l2'}. Best is trial 0 with value: 1.0.
[I 2026-04-07 01:50:59,950] Trial 17 finished with value: 1.0 and parameters: {'C': 26.516932569464544, 'penalty': 'l2'}. Best is trial 0 with value: 1.0.
[I 2026-04-07 01:50:59,979] Trial 18 finished with value: 1.0 and parameters: {'C': 1.188244763655516, 'penalty': 'l2'}. Best is trial 0 with value: 1.0.
[I 2026-04-07 01:51:00,008] Trial 19 finished with value: 1.0 and parameters: {'C': 12.093447142589671, 'penalty': 'l2'}. Best is trial 0 with value: 1.0.
[I 2026-04-07 01:51:00,034] Trial 20 finished with value: 1.0 and parameters: {'C': 95.89596440448501, 'penalty': 'l2'}. Best is trial 0 with value: 1.0.
[I 2026-04-07 01:51:00,062] Trial 21 finished with value: 1.0 and parameters: {'C': 28.44943793229338, 'penalty': 'l2'}. Best is trial 0 with value: 1.0.
[I 2026-04-07 01:51:00,091] Trial 22 finished with value: 1.0 and parameters: {'C': 13.869868316172683, 'penalty': 'l2'}. Best is trial 0 with value: 1.0.
[I 2026-04-07 01:51:00,109] Trial 23 finished with value: 1.0 and parameters: {'C': 37.440738291089126, 'penalty': 'l2'}. Best is trial 0 with value: 1.0.
[I 2026-04-07 01:51:00,126] Trial 24 finished with value: 1.0 and parameters: {'C': 2.47685391214756, 'penalty': 'l2'}. Best is trial 0 with value: 1.0.
[I 2026-04-07 01:51:00,145] Trial 25 finished with value: 1.0 and parameters: {'C': 10.036757127704108, 'penalty': 'l2'}. Best is trial 0 with value: 1.0.
[I 2026-04-07 01:51:00,165] Trial 26 finished with value: 1.0 and parameters: {'C': 1.3194627280974967, 'penalty': 'l2'}. Best is trial 0 with value: 1.0.
[I 2026-04-07 01:51:00,185] Trial 27 finished with value: 1.0 and parameters: {'C': 37.191162355747906, 'penalty': 'l2'}. Best is trial 0 with value: 1.0.
[I 2026-04-07 01:51:00,216] Trial 28 finished with value: 1.0 and parameters: {'C': 0.029434059060519695, 'penalty': 'l2'}. Best is trial 0 with value: 1.0.
[I 2026-04-07 01:51:00,249] Trial 29 finished with value: 1.0 and parameters: {'C': 0.9428308103218245, 'penalty': 'l2'}. Best is trial 0 with value: 1.0.
[I 2026-04-07 01:51:01,173] A new study created in memory with name: knn
[I 2026-04-07 01:51:01,207] Trial 0 finished with value: 1.0 and parameters: {'n_neighbors': 9, 'leaf_size': 40, 'p': 1}. Best is trial 0 with value: 1.0.
[I 2026-04-07 01:51:01,219] Trial 1 finished with value: 1.0 and parameters: {'n_neighbors': 4, 'leaf_size': 20, 'p': 1}. Best is trial 0 with value: 1.0.
[I 2026-04-07 01:51:01,232] Trial 2 finished with value: 1.0 and parameters: {'n_neighbors': 7, 'leaf_size': 30, 'p': 1}. Best is trial 0 with value: 1.0.
[I 2026-04-07 01:51:01,265] Trial 3 finished with value: 1.0 and parameters: {'n_neighbors': 9, 'leaf_size': 34, 'p': 1}. Best is trial 0 with value: 1.0.
[I 2026-04-07 01:51:01,290] Trial 4 finished with value: 1.0 and parameters: {'n_neighbors': 5, 'leaf_size': 40, 'p': 1}. Best is trial 0 with value: 1.0.
[I 2026-04-07 01:51:01,305] Trial 5 finished with value: 1.0 and parameters: {'n_neighbors': 3, 'leaf_size': 40, 'p': 2}. Best is trial 0 with value: 1.0.
[I 2026-04-07 01:51:01,319] Trial 6 finished with value: 1.0 and parameters: {'n_neighbors': 3, 'leaf_size': 24, 'p': 2}. Best is trial 0 with value: 1.0.
[I 2026-04-07 01:51:01,343] Trial 7 finished with value: 1.0 and parameters: {'n_neighbors': 5, 'leaf_size': 40, 'p': 2}. Best is trial 0 with value: 1.0.
[I 2026-04-07 01:51:01,358] Trial 8 finished with value: 1.0 and parameters: {'n_neighbors': 6, 'leaf_size': 36, 'p': 1}. Best is trial 0 with value: 1.0.
[I 2026-04-07 01:51:01,371] Trial 9 finished with value: 1.0 and parameters: {'n_neighbors': 6, 'leaf_size': 25, 'p': 1}. Best is trial 0 with value: 1.0.
[I 2026-04-07 01:51:01,424] Trial 10 finished with value: 1.0 and parameters: {'n_neighbors': 10, 'leaf_size': 32, 'p': 2}. Best is trial 0 with value: 1.0.
[I 2026-04-07 01:51:01,479] Trial 11 finished with value: 1.0 and parameters: {'n_neighbors': 8, 'leaf_size': 21, 'p': 1}. Best is trial 0 with value: 1.0.
[I 2026-04-07 01:51:01,524] Trial 12 finished with value: 1.0 and parameters: {'n_neighbors': 10, 'leaf_size': 27, 'p': 1}. Best is trial 0 with value: 1.0.
[I 2026-04-07 01:51:01,561] Trial 13 finished with value: 1.0 and parameters: {'n_neighbors': 4, 'leaf_size': 20, 'p': 1}. Best is trial 0 with value: 1.0.
[I 2026-04-07 01:51:01,605] Trial 14 finished with value: 1.0 and parameters: {'n_neighbors': 8, 'leaf_size': 36, 'p': 1}. Best is trial 0 with value: 1.0.
[I 2026-04-07 01:51:01,651] Trial 15 finished with value: 1.0 and parameters: {'n_neighbors': 8, 'leaf_size': 28, 'p': 1}. Best is trial 0 with value: 1.0.
[I 2026-04-07 01:51:01,686] Trial 16 finished with value: 1.0 and parameters: {'n_neighbors': 4, 'leaf_size': 22, 'p': 1}. Best is trial 0 with value: 1.0.
[I 2026-04-07 01:51:01,711] Trial 17 finished with value: 1.0 and parameters: {'n_neighbors': 7, 'leaf_size': 31, 'p': 1}. Best is trial 0 with value: 1.0.
[I 2026-04-07 01:51:01,754] Trial 18 finished with value: 1.0 and parameters: {'n_neighbors': 9, 'leaf_size': 37, 'p': 2}. Best is trial 0 with value: 1.0.
[I 2026-04-07 01:51:01,779] Trial 19 finished with value: 1.0 and parameters: {'n_neighbors': 5, 'leaf_size': 24, 'p': 1}. Best is trial 0 with value: 1.0.
[I 2026-04-07 01:51:01,835] Trial 20 finished with value: 1.0 and parameters: {'n_neighbors': 9, 'leaf_size': 28, 'p': 1}. Best is trial 0 with value: 1.0.
[I 2026-04-07 01:51:01,869] Trial 21 finished with value: 1.0 and parameters: {'n_neighbors': 7, 'leaf_size': 34, 'p': 1}. Best is trial 0 with value: 1.0.
[I 2026-04-07 01:51:01,894] Trial 22 finished with value: 1.0 and parameters: {'n_neighbors': 7, 'leaf_size': 30, 'p': 1}. Best is trial 0 with value: 1.0.
[I 2026-04-07 01:51:01,920] Trial 23 finished with value: 1.0 and parameters: {'n_neighbors': 6, 'leaf_size': 26, 'p': 1}. Best is trial 0 with value: 1.0.
[I 2026-04-07 01:51:01,947] Trial 24 finished with value: 1.0 and parameters: {'n_neighbors': 4, 'leaf_size': 30, 'p': 1}. Best is trial 0 with value: 1.0.
[I 2026-04-07 01:51:01,970] Trial 25 finished with value: 1.0 and parameters: {'n_neighbors': 8, 'leaf_size': 38, 'p': 1}. Best is trial 0 with value: 1.0.
[I 2026-04-07 01:51:01,996] Trial 26 finished with value: 1.0 and parameters: {'n_neighbors': 9, 'leaf_size': 33, 'p': 2}. Best is trial 0 with value: 1.0.
[I 2026-04-07 01:51:02,023] Trial 27 finished with value: 1.0 and parameters: {'n_neighbors': 10, 'leaf_size': 22, 'p': 1}. Best is trial 0 with value: 1.0.
[I 2026-04-07 01:51:02,057] Trial 28 finished with value: 1.0 and parameters: {'n_neighbors': 7, 'leaf_size': 29, 'p': 1}. Best is trial 0 with value: 1.0.
[I 2026-04-07 01:51:02,102] Trial 29 finished with value: 1.0 and parameters: {'n_neighbors': 9, 'leaf_size': 34, 'p': 1}. Best is trial 0 with value: 1.0.
[I 2026-04-07 01:51:03,384] A new study created in memory with name: xgb
[I 2026-04-07 01:51:03,410] Trial 0 finished with value: 0.85 and parameters: {'n_estimators': 40, 'max_depth': 5, 'gamma': 0.4874219364632415, 'subsample': 0.7011756800186824, 'colsample_bytree': 0.7613373356762848}. Best is trial 0 with value: 0.85.
[I 2026-04-07 01:51:03,436] Trial 1 finished with value: 0.9 and parameters: {'n_estimators': 40, 'max_depth': 5, 'gamma': 0.483482593428573, 'subsample': 0.6445375140090439, 'colsample_bytree': 0.9869276206002231}. Best is trial 1 with value: 0.9.
[I 2026-04-07 01:51:03,468] Trial 2 finished with value: 0.85 and parameters: {'n_estimators': 10, 'max_depth': 5, 'gamma': 0.16384856027517886, 'subsample': 0.6123849694840227, 'colsample_bytree': 0.6968174574718025}. Best is trial 1 with value: 0.9.
