[I 2026-04-07 02:23:04,055] Trial 21 finished with value: 0.95 and parameters: {'n_estimators': 279, 'max_depth': 5, 'min_samples_split': 9, 'min_samples_leaf': 3}. Best is trial 1 with value: 0.95.
[I 2026-04-07 02:23:04,387] Trial 22 finished with value: 0.95 and parameters: {'n_estimators': 269, 'max_depth': 4, 'min_samples_split': 9, 'min_samples_leaf': 4}. Best is trial 1 with value: 0.95.
[I 2026-04-07 02:23:04,792] Trial 23 finished with value: 0.925 and parameters: {'n_estimators': 342, 'max_depth': 8, 'min_samples_split': 7, 'min_samples_leaf': 7}. Best is trial 1 with value: 0.95.
[I 2026-04-07 02:23:05,078] Trial 24 finished with value: 0.95 and parameters: {'n_estimators': 247, 'max_depth': 11, 'min_samples_split': 10, 'min_samples_leaf': 4}. Best is trial 1 with value: 0.95.
[I 2026-04-07 02:23:05,472] Trial 25 finished with value: 0.95 and parameters: {'n_estimators': 296, 'max_depth': 6, 'min_samples_split': 8, 'min_samples_leaf': 6}. Best is trial 1 with value: 0.95.
[I 2026-04-07 02:23:05,730] Trial 26 finished with value: 0.925 and parameters: {'n_estimators': 212, 'max_depth': 13, 'min_samples_split': 9, 'min_samples_leaf': 9}. Best is trial 1 with value: 0.95.
[I 2026-04-07 02:23:06,126] Trial 27 finished with value: 0.9 and parameters: {'n_estimators': 373, 'max_depth': 9, 'min_samples_split': 7, 'min_samples_leaf': 2}. Best is trial 1 with value: 0.95.
[I 2026-04-07 02:23:06,512] Trial 28 finished with value: 0.95 and parameters: {'n_estimators': 327, 'max_depth': 5, 'min_samples_split': 6, 'min_samples_leaf': 5}. Best is trial 1 with value: 0.95.
[I 2026-04-07 02:23:06,769] Trial 29 finished with value: 0.95 and parameters: {'n_estimators': 173, 'max_depth': 18, 'min_samples_split': 3, 'min_samples_leaf': 2}. Best is trial 1 with value: 0.95.
[I 2026-04-07 02:23:10,073] A new study created in memory with name: mlp
[I 2026-04-07 02:23:10,108] Trial 0 finished with value: 0.925 and parameters: {'hidden_layer_sizes': (200,), 'max_iter': 50, 'alpha': 0.001}. Best is trial 0 with value: 0.925.
[I 2026-04-07 02:23:10,171] Trial 1 finished with value: 0.925 and parameters: {'hidden_layer_sizes': (100,), 'max_iter': 100, 'alpha': 0.0001}. Best is trial 0 with value: 0.925.
[I 2026-04-07 02:23:10,238] Trial 2 finished with value: 0.85 and parameters: {'hidden_layer_sizes': (100,), 'max_iter': 100, 'alpha': 0.001}. Best is trial 0 with value: 0.925.
[I 2026-04-07 02:23:10,284] Trial 3 finished with value: 0.925 and parameters: {'hidden_layer_sizes': (200,), 'max_iter': 50, 'alpha': 0.001}. Best is trial 0 with value: 0.925.
[I 2026-04-07 02:23:10,350] Trial 4 finished with value: 0.875 and parameters: {'hidden_layer_sizes': (100,), 'max_iter': 100, 'alpha': 0.0001}. Best is trial 0 with value: 0.925.
[I 2026-04-07 02:23:10,395] Trial 5 finished with value: 0.9 and parameters: {'hidden_layer_sizes': (100,), 'max_iter': 100, 'alpha': 0.001}. Best is trial 0 with value: 0.925.
[I 2026-04-07 02:23:10,448] Trial 6 finished with value: 0.925 and parameters: {'hidden_layer_sizes': (200,), 'max_iter': 100, 'alpha': 0.001}. Best is trial 0 with value: 0.925.
[I 2026-04-07 02:23:10,524] Trial 7 finished with value: 0.9 and parameters: {'hidden_layer_sizes': (200,), 'max_iter': 100, 'alpha': 0.001}. Best is trial 0 with value: 0.925.
[I 2026-04-07 02:23:10,570] Trial 8 finished with value: 0.9 and parameters: {'hidden_layer_sizes': (100,), 'max_iter': 100, 'alpha': 0.001}. Best is trial 0 with value: 0.925.
[I 2026-04-07 02:23:10,604] Trial 9 finished with value: 0.825 and parameters: {'hidden_layer_sizes': (100,), 'max_iter': 50, 'alpha': 0.001}. Best is trial 0 with value: 0.925.
[I 2026-04-07 02:23:10,652] Trial 10 finished with value: 0.925 and parameters: {'hidden_layer_sizes': (100, 100), 'max_iter': 50, 'alpha': 0.0001}. Best is trial 0 with value: 0.925.
[I 2026-04-07 02:23:10,701] Trial 11 finished with value: 0.85 and parameters: {'hidden_layer_sizes': (100, 100), 'max_iter': 50, 'alpha': 0.0001}. Best is trial 0 with value: 0.925.
[I 2026-04-07 02:23:10,739] Trial 12 finished with value: 0.825 and parameters: {'hidden_layer_sizes': (200,), 'max_iter': 50, 'alpha': 0.0001}. Best is trial 0 with value: 0.925.
[I 2026-04-07 02:23:10,776] Trial 13 finished with value: 0.875 and parameters: {'hidden_layer_sizes': (200,), 'max_iter': 50, 'alpha': 0.0001}. Best is trial 0 with value: 0.925.
[I 2026-04-07 02:23:10,874] Trial 14 finished with value: 0.9 and parameters: {'hidden_layer_sizes': (100, 100), 'max_iter': 100, 'alpha': 0.0001}. Best is trial 0 with value: 0.925.
[I 2026-04-07 02:23:10,922] Trial 15 finished with value: 0.75 and parameters: {'hidden_layer_sizes': (100,), 'max_iter': 50, 'alpha': 0.0001}. Best is trial 0 with value: 0.925.
[I 2026-04-07 02:23:10,971] Trial 16 finished with value: 0.925 and parameters: {'hidden_layer_sizes': (200,), 'max_iter': 100, 'alpha': 0.001}. Best is trial 0 with value: 0.925.
[I 2026-04-07 02:23:11,019] Trial 17 finished with value: 0.875 and parameters: {'hidden_layer_sizes': (200,), 'max_iter': 50, 'alpha': 0.0001}. Best is trial 0 with value: 0.925.
[I 2026-04-07 02:23:11,067] Trial 18 finished with value: 0.925 and parameters: {'hidden_layer_sizes': (100,), 'max_iter': 100, 'alpha': 0.001}. Best is trial 0 with value: 0.925.
[I 2026-04-07 02:23:11,111] Trial 19 finished with value: 0.825 and parameters: {'hidden_layer_sizes': (100, 100), 'max_iter': 50, 'alpha': 0.0001}. Best is trial 0 with value: 0.925.
[I 2026-04-07 02:23:11,176] Trial 20 finished with value: 0.85 and parameters: {'hidden_layer_sizes': (200,), 'max_iter': 100, 'alpha': 0.0001}. Best is trial 0 with value: 0.925.
[I 2026-04-07 02:23:11,210] Trial 21 finished with value: 0.775 and parameters: {'hidden_layer_sizes': (200,), 'max_iter': 50, 'alpha': 0.001}. Best is trial 0 with value: 0.925.
[I 2026-04-07 02:23:11,247] Trial 22 finished with value: 0.8 and parameters: {'hidden_layer_sizes': (200,), 'max_iter': 50, 'alpha': 0.001}. Best is trial 0 with value: 0.925.
[I 2026-04-07 02:23:11,286] Trial 23 finished with value: 0.925 and parameters: {'hidden_layer_sizes': (200,), 'max_iter': 50, 'alpha': 0.001}. Best is trial 0 with value: 0.925.
[I 2026-04-07 02:23:11,324] Trial 24 finished with value: 0.925 and parameters: {'hidden_layer_sizes': (200,), 'max_iter': 50, 'alpha': 0.001}. Best is trial 0 with value: 0.925.
[I 2026-04-07 02:23:11,372] Trial 25 finished with value: 0.925 and parameters: {'hidden_layer_sizes': (100,), 'max_iter': 50, 'alpha': 0.001}. Best is trial 0 with value: 0.925.
[I 2026-04-07 02:23:11,410] Trial 26 finished with value: 0.925 and parameters: {'hidden_layer_sizes': (200,), 'max_iter': 50, 'alpha': 0.001}. Best is trial 0 with value: 0.925.
[I 2026-04-07 02:23:11,456] Trial 27 finished with value: 0.825 and parameters: {'hidden_layer_sizes': (200,), 'max_iter': 50, 'alpha': 0.001}. Best is trial 0 with value: 0.925.
[I 2026-04-07 02:23:11,535] Trial 28 finished with value: 0.9 and parameters: {'hidden_layer_sizes': (100, 100), 'max_iter': 100, 'alpha': 0.0001}. Best is trial 0 with value: 0.925.
[I 2026-04-07 02:23:11,593] Trial 29 finished with value: 0.95 and parameters: {'hidden_layer_sizes': (100,), 'max_iter': 100, 'alpha': 0.001}. Best is trial 29 with value: 0.95.
[I 2026-04-07 02:23:19,169] A new study created in memory with name: naive_bayes
[I 2026-04-07 02:23:19,183] Trial 0 finished with value: 1.0 and parameters: {'var_smoothing': 2.7796258518939306e-10}. Best is trial 0 with value: 1.0.
[I 2026-04-07 02:23:19,195] Trial 1 finished with value: 1.0 and parameters: {'var_smoothing': 5.513972710118387e-09}. Best is trial 0 with value: 1.0.
[I 2026-04-07 02:23:19,208] Trial 2 finished with value: 1.0 and parameters: {'var_smoothing': 2.590826381512706e-10}. Best is trial 0 with value: 1.0.
[I 2026-04-07 02:23:19,222] Trial 3 finished with value: 1.0 and parameters: {'var_smoothing': 6.874194498027403e-09}. Best is trial 0 with value: 1.0.
[I 2026-04-07 02:23:19,235] Trial 4 finished with value: 1.0 and parameters: {'var_smoothing': 9.480306482679771e-10}. Best is trial 0 with value: 1.0.
[I 2026-04-07 02:23:19,248] Trial 5 finished with value: 1.0 and parameters: {'var_smoothing': 1.6729683536668864e-09}. Best is trial 0 with value: 1.0.
[I 2026-04-07 02:23:19,261] Trial 6 finished with value: 1.0 and parameters: {'var_smoothing': 3.402637726935598e-09}. Best is trial 0 with value: 1.0.
[I 2026-04-07 02:23:19,275] Trial 7 finished with value: 1.0 and parameters: {'var_smoothing': 1.0885189040847657e-09}. Best is trial 0 with value: 1.0.
[I 2026-04-07 02:23:19,288] Trial 8 finished with value: 1.0 and parameters: {'var_smoothing': 3.922843686541149e-10}. Best is trial 0 with value: 1.0.
[I 2026-04-07 02:23:19,301] Trial 9 finished with value: 1.0 and parameters: {'var_smoothing': 2.3737908819373785e-10}. Best is trial 0 with value: 1.0.
[I 2026-04-07 02:23:19,321] Trial 10 finished with value: 1.0 and parameters: {'var_smoothing': 1.005826617097841e-10}. Best is trial 0 with value: 1.0.
[I 2026-04-07 02:23:19,341] Trial 11 finished with value: 1.0 and parameters: {'var_smoothing': 8.246040091550826e-09}. Best is trial 0 with value: 1.0.
[I 2026-04-07 02:23:19,361] Trial 12 finished with value: 1.0 and parameters: {'var_smoothing': 5.714429769091136e-10}. Best is trial 0 with value: 1.0.
[I 2026-04-07 02:23:19,379] Trial 13 finished with value: 1.0 and parameters: {'var_smoothing': 3.0046394488828834e-09}. Best is trial 0 with value: 1.0.
[I 2026-04-07 02:23:19,398] Trial 14 finished with value: 1.0 and parameters: {'var_smoothing': 1.0161521526134228e-10}. Best is trial 0 with value: 1.0.
[I 2026-04-07 02:23:19,417] Trial 15 finished with value: 1.0 and parameters: {'var_smoothing': 3.455011319435438e-09}. Best is trial 0 with value: 1.0.
[I 2026-04-07 02:23:19,437] Trial 16 finished with value: 1.0 and parameters: {'var_smoothing': 2.2038800241203009e-10}. Best is trial 0 with value: 1.0.
[I 2026-04-07 02:23:19,457] Trial 17 finished with value: 1.0 and parameters: {'var_smoothing': 1.8515987176145925e-09}. Best is trial 0 with value: 1.0.
[I 2026-04-07 02:23:19,475] Trial 18 finished with value: 1.0 and parameters: {'var_smoothing': 5.024285700153026e-10}. Best is trial 0 with value: 1.0.
[I 2026-04-07 02:23:19,493] Trial 19 finished with value: 1.0 and parameters: {'var_smoothing': 4.958025424412893e-09}. Best is trial 0 with value: 1.0.
[I 2026-04-07 02:23:19,513] Trial 20 finished with value: 1.0 and parameters: {'var_smoothing': 8.344000526157384e-10}. Best is trial 0 with value: 1.0.
[I 2026-04-07 02:23:19,529] Trial 21 finished with value: 1.0 and parameters: {'var_smoothing': 2.46080689865309e-10}. Best is trial 0 with value: 1.0.
[I 2026-04-07 02:23:19,549] Trial 22 finished with value: 1.0 and parameters: {'var_smoothing': 1.4445108350594728e-10}. Best is trial 0 with value: 1.0.
[I 2026-04-07 02:23:19,569] Trial 23 finished with value: 1.0 and parameters: {'var_smoothing': 3.3715577896606737e-10}. Best is trial 0 with value: 1.0.
[I 2026-04-07 02:23:19,588] Trial 24 finished with value: 1.0 and parameters: {'var_smoothing': 1.572466431855027e-10}. Best is trial 0 with value: 1.0.
[I 2026-04-07 02:23:19,608] Trial 25 finished with value: 1.0 and parameters: {'var_smoothing': 7.281746293576245e-10}. Best is trial 0 with value: 1.0.
[I 2026-04-07 02:23:19,628] Trial 26 finished with value: 1.0 and parameters: {'var_smoothing': 3.386254640873244e-10}. Best is trial 0 with value: 1.0.
[I 2026-04-07 02:23:19,647] Trial 27 finished with value: 1.0 and parameters: {'var_smoothing': 1.3918180959975328e-09}. Best is trial 0 with value: 1.0.
[I 2026-04-07 02:23:19,667] Trial 28 finished with value: 1.0 and parameters: {'var_smoothing': 2.3715836084533434e-09}. Best is trial 0 with value: 1.0.
[I 2026-04-07 02:23:19,685] Trial 29 finished with value: 1.0 and parameters: {'var_smoothing': 9.477075781575649e-09}. Best is trial 0 with value: 1.0.
[I 2026-04-07 02:23:20,571] A new study created in memory with name: logreg
[I 2026-04-07 02:23:20,596] Trial 0 finished with value: 0.975 and parameters: {'C': 0.012881482725481003, 'penalty': 'l2'}. Best is trial 0 with value: 0.975.
[I 2026-04-07 02:23:20,620] Trial 1 finished with value: 0.95 and parameters: {'C': 22.576755560681583, 'penalty': 'l2'}. Best is trial 0 with value: 0.975.
[I 2026-04-07 02:23:20,645] Trial 2 finished with value: 0.975 and parameters: {'C': 0.010804278656839932, 'penalty': 'l2'}. Best is trial 0 with value: 0.975.
[I 2026-04-07 02:23:20,671] Trial 3 finished with value: 0.95 and parameters: {'C': 39.17910760336117, 'penalty': 'l2'}. Best is trial 0 with value: 0.975.
[I 2026-04-07 02:23:20,695] Trial 4 finished with value: 0.975 and parameters: {'C': 0.2767298094062571, 'penalty': 'l2'}. Best is trial 0 with value: 0.975.
[I 2026-04-07 02:23:20,709] Trial 5 finished with value: 0.95 and parameters: {'C': 1.1447728330837224, 'penalty': 'l2'}. Best is trial 0 with value: 0.975.
[I 2026-04-07 02:23:20,734] Trial 6 finished with value: 0.95 and parameters: {'C': 6.753661388238877, 'penalty': 'l2'}. Best is trial 0 with value: 0.975.
[I 2026-04-07 02:23:20,748] Trial 7 finished with value: 0.975 and parameters: {'C': 0.39092184460352974, 'penalty': 'l2'}. Best is trial 0 with value: 0.975.
[I 2026-04-07 02:23:20,774] Trial 8 finished with value: 0.975 and parameters: {'C': 0.03047912590082646, 'penalty': 'l2'}. Best is trial 0 with value: 0.975.
[I 2026-04-07 02:23:20,790] Trial 9 finished with value: 0.975 and parameters: {'C': 0.008681727362499118, 'penalty': 'l2'}. Best is trial 0 with value: 0.975.
[I 2026-04-07 02:23:20,820] Trial 10 finished with value: 0.975 and parameters: {'C': 0.0010146302597657177, 'penalty': 'l2'}. Best is trial 0 with value: 0.975.
[I 2026-04-07 02:23:20,839] Trial 11 finished with value: 0.975 and parameters: {'C': 0.0199662686693303, 'penalty': 'l2'}. Best is trial 0 with value: 0.975.
[I 2026-04-07 02:23:20,866] Trial 12 finished with value: 0.975 and parameters: {'C': 0.0016346313516918368, 'penalty': 'l2'}. Best is trial 0 with value: 0.975.
[I 2026-04-07 02:23:20,897] Trial 13 finished with value: 0.975 and parameters: {'C': 0.0714333727973949, 'penalty': 'l2'}. Best is trial 0 with value: 0.975.
[I 2026-04-07 02:23:20,924] Trial 14 finished with value: 0.975 and parameters: {'C': 0.004204976475301702, 'penalty': 'l2'}. Best is trial 0 with value: 0.975.
[I 2026-04-07 02:23:20,954] Trial 15 finished with value: 0.975 and parameters: {'C': 0.08940155280126451, 'penalty': 'l2'}. Best is trial 0 with value: 0.975.
[I 2026-04-07 02:23:20,973] Trial 16 finished with value: 0.975 and parameters: {'C': 0.006546178987596756, 'penalty': 'l2'}. Best is trial 0 with value: 0.975.
[I 2026-04-07 02:23:21,000] Trial 17 finished with value: 0.95 and parameters: {'C': 1.4752552821847151, 'penalty': 'l2'}. Best is trial 0 with value: 0.975.
[I 2026-04-07 02:23:21,021] Trial 18 finished with value: 0.975 and parameters: {'C': 0.02888779259712015, 'penalty': 'l2'}. Best is trial 0 with value: 0.975.
[I 2026-04-07 02:23:21,041] Trial 19 finished with value: 0.975 and parameters: {'C': 0.002520448080692226, 'penalty': 'l2'}. Best is trial 0 with value: 0.975.
[I 2026-04-07 02:23:21,059] Trial 20 finished with value: 0.975 and parameters: {'C': 0.12777586739131547, 'penalty': 'l2'}. Best is trial 0 with value: 0.975.
[I 2026-04-07 02:23:21,077] Trial 21 finished with value: 0.975 and parameters: {'C': 0.3544625185515465, 'penalty': 'l2'}. Best is trial 0 with value: 0.975.
[I 2026-04-07 02:23:21,104] Trial 22 finished with value: 0.975 and parameters: {'C': 0.011098586823166496, 'penalty': 'l2'}. Best is trial 0 with value: 0.975.
[I 2026-04-07 02:23:21,131] Trial 23 finished with value: 0.95 and parameters: {'C': 1.298341606957116, 'penalty': 'l2'}. Best is trial 0 with value: 0.975.
[I 2026-04-07 02:23:21,161] Trial 24 finished with value: 0.95 and parameters: {'C': 4.412682870894855, 'penalty': 'l2'}. Best is trial 0 with value: 0.975.
[I 2026-04-07 02:23:21,191] Trial 25 finished with value: 0.975 and parameters: {'C': 0.1656127889351, 'penalty': 'l2'}. Best is trial 0 with value: 0.975.
[I 2026-04-07 02:23:21,212] Trial 26 finished with value: 0.975 and parameters: {'C': 0.05093856596881973, 'penalty': 'l2'}. Best is trial 0 with value: 0.975.
[I 2026-04-07 02:23:21,231] Trial 27 finished with value: 0.975 and parameters: {'C': 0.015056548147890033, 'penalty': 'l2'}. Best is trial 0 with value: 0.975.
[I 2026-04-07 02:23:21,259] Trial 28 finished with value: 0.975 and parameters: {'C': 0.0030790213740075375, 'penalty': 'l2'}. Best is trial 0 with value: 0.975.
[I 2026-04-07 02:23:21,277] Trial 29 finished with value: 0.95 and parameters: {'C': 87.43511457459678, 'penalty': 'l2'}. Best is trial 0 with value: 0.975.
[I 2026-04-07 02:23:22,125] A new study created in memory with name: knn
[I 2026-04-07 02:23:22,139] Trial 0 finished with value: 0.975 and parameters: {'n_neighbors': 4, 'leaf_size': 38, 'p': 2}. Best is trial 0 with value: 0.975.
[I 2026-04-07 02:23:22,163] Trial 1 finished with value: 0.975 and parameters: {'n_neighbors': 6, 'leaf_size': 32, 'p': 1}. Best is trial 0 with value: 0.975.
[I 2026-04-07 02:23:22,178] Trial 2 finished with value: 0.975 and parameters: {'n_neighbors': 5, 'leaf_size': 23, 'p': 2}. Best is trial 0 with value: 0.975.
[I 2026-04-07 02:23:22,190] Trial 3 finished with value: 0.975 and parameters: {'n_neighbors': 6, 'leaf_size': 23, 'p': 1}. Best is trial 0 with value: 0.975.
[I 2026-04-07 02:23:22,203] Trial 4 finished with value: 0.975 and parameters: {'n_neighbors': 6, 'leaf_size': 26, 'p': 1}. Best is trial 0 with value: 0.975.
[I 2026-04-07 02:23:22,216] Trial 5 finished with value: 0.975 and parameters: {'n_neighbors': 7, 'leaf_size': 25, 'p': 1}. Best is trial 0 with value: 0.975.
[I 2026-04-07 02:23:22,230] Trial 6 finished with value: 0.975 and parameters: {'n_neighbors': 5, 'leaf_size': 23, 'p': 2}. Best is trial 0 with value: 0.975.
[I 2026-04-07 02:23:22,243] Trial 7 finished with value: 0.975 and parameters: {'n_neighbors': 10, 'leaf_size': 23, 'p': 2}. Best is trial 0 with value: 0.975.
[I 2026-04-07 02:23:22,257] Trial 8 finished with value: 0.975 and parameters: {'n_neighbors': 8, 'leaf_size': 36, 'p': 2}. Best is trial 0 with value: 0.975.
[I 2026-04-07 02:23:22,281] Trial 9 finished with value: 0.975 and parameters: {'n_neighbors': 3, 'leaf_size': 30, 'p': 2}. Best is trial 0 with value: 0.975.
[I 2026-04-07 02:23:22,305] Trial 10 finished with value: 0.975 and parameters: {'n_neighbors': 3, 'leaf_size': 40, 'p': 2}. Best is trial 0 with value: 0.975.
[I 2026-04-07 02:23:22,326] Trial 11 finished with value: 0.975 and parameters: {'n_neighbors': 4, 'leaf_size': 35, 'p': 1}. Best is trial 0 with value: 0.975.
[I 2026-04-07 02:23:22,360] Trial 12 finished with value: 0.975 and parameters: {'n_neighbors': 8, 'leaf_size': 33, 'p': 1}. Best is trial 0 with value: 0.975.
[I 2026-04-07 02:23:22,384] Trial 13 finished with value: 0.975 and parameters: {'n_neighbors': 4, 'leaf_size': 40, 'p': 1}. Best is trial 0 with value: 0.975.
[I 2026-04-07 02:23:22,408] Trial 14 finished with value: 0.975 and parameters: {'n_neighbors': 5, 'leaf_size': 30, 'p': 2}. Best is trial 0 with value: 0.975.
[I 2026-04-07 02:23:22,435] Trial 15 finished with value: 0.975 and parameters: {'n_neighbors': 7, 'leaf_size': 37, 'p': 1}. Best is trial 0 with value: 0.975.
[I 2026-04-07 02:23:22,460] Trial 16 finished with value: 0.975 and parameters: {'n_neighbors': 10, 'leaf_size': 31, 'p': 2}. Best is trial 0 with value: 0.975.
[I 2026-04-07 02:23:22,483] Trial 17 finished with value: 0.975 and parameters: {'n_neighbors': 4, 'leaf_size': 38, 'p': 1}. Best is trial 0 with value: 0.975.
[I 2026-04-07 02:23:22,505] Trial 18 finished with value: 0.975 and parameters: {'n_neighbors': 8, 'leaf_size': 34, 'p': 2}. Best is trial 0 with value: 0.975.
[I 2026-04-07 02:23:22,529] Trial 19 finished with value: 0.975 and parameters: {'n_neighbors': 6, 'leaf_size': 28, 'p': 1}. Best is trial 0 with value: 0.975.
[I 2026-04-07 02:23:22,562] Trial 20 finished with value: 0.975 and parameters: {'n_neighbors': 9, 'leaf_size': 32, 'p': 1}. Best is trial 0 with value: 0.975.
[I 2026-04-07 02:23:22,588] Trial 21 finished with value: 0.975 and parameters: {'n_neighbors': 5, 'leaf_size': 20, 'p': 2}. Best is trial 0 with value: 0.975.
[I 2026-04-07 02:23:22,615] Trial 22 finished with value: 0.975 and parameters: {'n_neighbors': 5, 'leaf_size': 27, 'p': 2}. Best is trial 0 with value: 0.975.
[I 2026-04-07 02:23:22,648] Trial 23 finished with value: 0.975 and parameters: {'n_neighbors': 4, 'leaf_size': 28, 'p': 2}. Best is trial 0 with value: 0.975.
[I 2026-04-07 02:23:22,673] Trial 24 finished with value: 0.975 and parameters: {'n_neighbors': 3, 'leaf_size': 21, 'p': 2}. Best is trial 0 with value: 0.975.
[I 2026-04-07 02:23:22,707] Trial 25 finished with value: 0.975 and parameters: {'n_neighbors': 6, 'leaf_size': 38, 'p': 2}. Best is trial 0 with value: 0.975.
[I 2026-04-07 02:23:22,733] Trial 26 finished with value: 0.975 and parameters: {'n_neighbors': 5, 'leaf_size': 34, 'p': 2}. Best is trial 0 with value: 0.975.
[I 2026-04-07 02:23:22,757] Trial 27 finished with value: 0.975 and parameters: {'n_neighbors': 7, 'leaf_size': 32, 'p': 2}. Best is trial 0 with value: 0.975.
[I 2026-04-07 02:23:22,784] Trial 28 finished with value: 0.975 and parameters: {'n_neighbors': 4, 'leaf_size': 25, 'p': 1}. Best is trial 0 with value: 0.975.
[I 2026-04-07 02:23:22,810] Trial 29 finished with value: 0.975 and parameters: {'n_neighbors': 6, 'leaf_size': 29, 'p': 1}. Best is trial 0 with value: 0.975.
[I 2026-04-07 02:23:24,059] A new study created in memory with name: xgb
[I 2026-04-07 02:23:24,085] Trial 0 finished with value: 0.95 and parameters: {'n_estimators': 40, 'max_depth': 5, 'gamma': 0.789317070832284, 'subsample': 0.7592089939364717, 'colsample_bytree': 0.648400250788111}. Best is trial 0 with value: 0.95.
