[I 2026-04-09 19:14:31,718] Trial 24 finished with value: 0.8 and parameters: {'var_smoothing': 1.572466431855027e-10}. Best is trial 0 with value: 0.8.
[I 2026-04-09 19:14:31,744] Trial 25 finished with value: 0.8 and parameters: {'var_smoothing': 7.281746293576245e-10}. Best is trial 0 with value: 0.8.
[I 2026-04-09 19:14:31,769] Trial 26 finished with value: 0.8 and parameters: {'var_smoothing': 3.386254640873244e-10}. Best is trial 0 with value: 0.8.
[I 2026-04-09 19:14:31,784] Trial 27 finished with value: 0.8 and parameters: {'var_smoothing': 1.3918180959975328e-09}. Best is trial 0 with value: 0.8.
[I 2026-04-09 19:14:31,809] Trial 28 finished with value: 0.8 and parameters: {'var_smoothing': 2.3715836084533434e-09}. Best is trial 0 with value: 0.8.
[I 2026-04-09 19:14:31,824] Trial 29 finished with value: 0.8 and parameters: {'var_smoothing': 9.477075781575649e-09}. Best is trial 0 with value: 0.8.
[I 2026-04-09 19:14:32,844] A new study created in memory with name: logreg
[I 2026-04-09 19:14:32,888] Trial 0 finished with value: 0.75 and parameters: {'C': 0.012881482725481003, 'penalty': 'l2'}. Best is trial 0 with value: 0.75.
[I 2026-04-09 19:14:32,930] Trial 1 finished with value: 0.65 and parameters: {'C': 22.576755560681583, 'penalty': 'l2'}. Best is trial 0 with value: 0.75.
[I 2026-04-09 19:14:32,973] Trial 2 finished with value: 0.75 and parameters: {'C': 0.010804278656839932, 'penalty': 'l2'}. Best is trial 0 with value: 0.75.
[I 2026-04-09 19:14:33,036] Trial 3 finished with value: 0.65 and parameters: {'C': 39.17910760336117, 'penalty': 'l2'}. Best is trial 0 with value: 0.75.
[I 2026-04-09 19:14:33,089] Trial 4 finished with value: 0.7 and parameters: {'C': 0.2767298094062571, 'penalty': 'l2'}. Best is trial 0 with value: 0.75.
[I 2026-04-09 19:14:33,143] Trial 5 finished with value: 0.7 and parameters: {'C': 1.1447728330837224, 'penalty': 'l2'}. Best is trial 0 with value: 0.75.
[I 2026-04-09 19:14:33,196] Trial 6 finished with value: 0.7 and parameters: {'C': 6.753661388238877, 'penalty': 'l2'}. Best is trial 0 with value: 0.75.
[I 2026-04-09 19:14:33,246] Trial 7 finished with value: 0.7 and parameters: {'C': 0.39092184460352974, 'penalty': 'l2'}. Best is trial 0 with value: 0.75.
[I 2026-04-09 19:14:33,292] Trial 8 finished with value: 0.75 and parameters: {'C': 0.03047912590082646, 'penalty': 'l2'}. Best is trial 0 with value: 0.75.
[I 2026-04-09 19:14:33,338] Trial 9 finished with value: 0.75 and parameters: {'C': 0.008681727362499118, 'penalty': 'l2'}. Best is trial 0 with value: 0.75.
[I 2026-04-09 19:14:33,397] Trial 10 finished with value: 0.75 and parameters: {'C': 0.0010146302597657177, 'penalty': 'l2'}. Best is trial 0 with value: 0.75.
[I 2026-04-09 19:14:33,447] Trial 11 finished with value: 0.75 and parameters: {'C': 0.0199662686693303, 'penalty': 'l2'}. Best is trial 0 with value: 0.75.
[I 2026-04-09 19:14:33,465] Trial 12 finished with value: 0.75 and parameters: {'C': 0.0016346313516918368, 'penalty': 'l2'}. Best is trial 0 with value: 0.75.
[I 2026-04-09 19:14:33,483] Trial 13 finished with value: 0.75 and parameters: {'C': 0.0714333727973949, 'penalty': 'l2'}. Best is trial 0 with value: 0.75.
[I 2026-04-09 19:14:33,509] Trial 14 finished with value: 0.75 and parameters: {'C': 0.004204976475301702, 'penalty': 'l2'}. Best is trial 0 with value: 0.75.
[I 2026-04-09 19:14:33,535] Trial 15 finished with value: 0.75 and parameters: {'C': 0.08940155280126451, 'penalty': 'l2'}. Best is trial 0 with value: 0.75.
[I 2026-04-09 19:14:33,560] Trial 16 finished with value: 0.75 and parameters: {'C': 0.006546178987596756, 'penalty': 'l2'}. Best is trial 0 with value: 0.75.
[I 2026-04-09 19:14:33,579] Trial 17 finished with value: 0.7 and parameters: {'C': 1.4752552821847151, 'penalty': 'l2'}. Best is trial 0 with value: 0.75.
[I 2026-04-09 19:14:33,597] Trial 18 finished with value: 0.75 and parameters: {'C': 0.02888779259712015, 'penalty': 'l2'}. Best is trial 0 with value: 0.75.
[I 2026-04-09 19:14:33,626] Trial 19 finished with value: 0.75 and parameters: {'C': 0.002520448080692226, 'penalty': 'l2'}. Best is trial 0 with value: 0.75.
[I 2026-04-09 19:14:33,645] Trial 20 finished with value: 0.75 and parameters: {'C': 0.12777586739131547, 'penalty': 'l2'}. Best is trial 0 with value: 0.75.
[I 2026-04-09 19:14:33,662] Trial 21 finished with value: 0.75 and parameters: {'C': 0.014671089509319783, 'penalty': 'l2'}. Best is trial 0 with value: 0.75.
[I 2026-04-09 19:14:33,679] Trial 22 finished with value: 0.75 and parameters: {'C': 0.033406716041377155, 'penalty': 'l2'}. Best is trial 0 with value: 0.75.
[I 2026-04-09 19:14:33,697] Trial 23 finished with value: 0.8 and parameters: {'C': 0.04788740550767761, 'penalty': 'l2'}. Best is trial 23 with value: 0.8.
[I 2026-04-09 19:14:33,714] Trial 24 finished with value: 0.75 and parameters: {'C': 0.008121190121541534, 'penalty': 'l2'}. Best is trial 23 with value: 0.8.
[I 2026-04-09 19:14:33,732] Trial 25 finished with value: 0.75 and parameters: {'C': 0.22676591255833065, 'penalty': 'l2'}. Best is trial 23 with value: 0.8.
[I 2026-04-09 19:14:33,758] Trial 26 finished with value: 0.8 and parameters: {'C': 0.05093856596881973, 'penalty': 'l2'}. Best is trial 23 with value: 0.8.
[I 2026-04-09 19:14:33,780] Trial 27 finished with value: 0.7 and parameters: {'C': 0.8441552132991365, 'penalty': 'l2'}. Best is trial 23 with value: 0.8.
[I 2026-04-09 19:14:33,808] Trial 28 finished with value: 0.8 and parameters: {'C': 0.0490949569337747, 'penalty': 'l2'}. Best is trial 23 with value: 0.8.
[I 2026-04-09 19:14:33,827] Trial 29 finished with value: 0.8 and parameters: {'C': 0.0590987366865318, 'penalty': 'l2'}. Best is trial 23 with value: 0.8.
[I 2026-04-09 19:14:34,814] A new study created in memory with name: knn
[I 2026-04-09 19:14:34,859] Trial 0 finished with value: 0.75 and parameters: {'n_neighbors': 4, 'leaf_size': 38, 'p': 2}. Best is trial 0 with value: 0.75.
[I 2026-04-09 19:14:34,903] Trial 1 finished with value: 0.7 and parameters: {'n_neighbors': 6, 'leaf_size': 32, 'p': 1}. Best is trial 0 with value: 0.75.
[I 2026-04-09 19:14:34,937] Trial 2 finished with value: 0.7 and parameters: {'n_neighbors': 5, 'leaf_size': 23, 'p': 2}. Best is trial 0 with value: 0.75.
[I 2026-04-09 19:14:34,983] Trial 3 finished with value: 0.7 and parameters: {'n_neighbors': 6, 'leaf_size': 23, 'p': 1}. Best is trial 0 with value: 0.75.
[I 2026-04-09 19:14:35,017] Trial 4 finished with value: 0.7 and parameters: {'n_neighbors': 6, 'leaf_size': 26, 'p': 1}. Best is trial 0 with value: 0.75.
[I 2026-04-09 19:14:35,053] Trial 5 finished with value: 0.65 and parameters: {'n_neighbors': 7, 'leaf_size': 25, 'p': 1}. Best is trial 0 with value: 0.75.
[I 2026-04-09 19:14:35,099] Trial 6 finished with value: 0.7 and parameters: {'n_neighbors': 5, 'leaf_size': 23, 'p': 2}. Best is trial 0 with value: 0.75.
[I 2026-04-09 19:14:35,153] Trial 7 finished with value: 0.75 and parameters: {'n_neighbors': 10, 'leaf_size': 23, 'p': 2}. Best is trial 0 with value: 0.75.
[I 2026-04-09 19:14:35,196] Trial 8 finished with value: 0.75 and parameters: {'n_neighbors': 8, 'leaf_size': 36, 'p': 2}. Best is trial 0 with value: 0.75.
[I 2026-04-09 19:14:35,250] Trial 9 finished with value: 0.65 and parameters: {'n_neighbors': 3, 'leaf_size': 30, 'p': 2}. Best is trial 0 with value: 0.75.
[I 2026-04-09 19:14:35,297] Trial 10 finished with value: 0.65 and parameters: {'n_neighbors': 3, 'leaf_size': 40, 'p': 2}. Best is trial 0 with value: 0.75.
[I 2026-04-09 19:14:35,369] Trial 11 finished with value: 0.75 and parameters: {'n_neighbors': 10, 'leaf_size': 20, 'p': 2}. Best is trial 0 with value: 0.75.
[I 2026-04-09 19:14:35,430] Trial 12 finished with value: 0.75 and parameters: {'n_neighbors': 10, 'leaf_size': 35, 'p': 2}. Best is trial 0 with value: 0.75.
[I 2026-04-09 19:14:35,478] Trial 13 finished with value: 0.75 and parameters: {'n_neighbors': 8, 'leaf_size': 40, 'p': 2}. Best is trial 0 with value: 0.75.
[I 2026-04-09 19:14:35,506] Trial 14 finished with value: 0.75 and parameters: {'n_neighbors': 4, 'leaf_size': 28, 'p': 2}. Best is trial 0 with value: 0.75.
[I 2026-04-09 19:14:35,547] Trial 15 finished with value: 0.65 and parameters: {'n_neighbors': 9, 'leaf_size': 34, 'p': 2}. Best is trial 0 with value: 0.75.
[I 2026-04-09 19:14:35,583] Trial 16 finished with value: 0.75 and parameters: {'n_neighbors': 4, 'leaf_size': 38, 'p': 2}. Best is trial 0 with value: 0.75.
[I 2026-04-09 19:14:35,638] Trial 17 finished with value: 0.75 and parameters: {'n_neighbors': 8, 'leaf_size': 20, 'p': 2}. Best is trial 0 with value: 0.75.
[I 2026-04-09 19:14:35,682] Trial 18 finished with value: 0.7 and parameters: {'n_neighbors': 9, 'leaf_size': 31, 'p': 1}. Best is trial 0 with value: 0.75.
[I 2026-04-09 19:14:35,707] Trial 19 finished with value: 0.75 and parameters: {'n_neighbors': 7, 'leaf_size': 28, 'p': 2}. Best is trial 0 with value: 0.75.
[I 2026-04-09 19:14:35,727] Trial 20 finished with value: 0.75 and parameters: {'n_neighbors': 4, 'leaf_size': 33, 'p': 2}. Best is trial 0 with value: 0.75.
[I 2026-04-09 19:14:35,769] Trial 21 finished with value: 0.65 and parameters: {'n_neighbors': 9, 'leaf_size': 37, 'p': 2}. Best is trial 0 with value: 0.75.
[I 2026-04-09 19:14:35,813] Trial 22 finished with value: 0.75 and parameters: {'n_neighbors': 8, 'leaf_size': 36, 'p': 2}. Best is trial 0 with value: 0.75.
[I 2026-04-09 19:14:35,859] Trial 23 finished with value: 0.75 and parameters: {'n_neighbors': 10, 'leaf_size': 38, 'p': 2}. Best is trial 0 with value: 0.75.
[I 2026-04-09 19:14:35,888] Trial 24 finished with value: 0.65 and parameters: {'n_neighbors': 9, 'leaf_size': 35, 'p': 2}. Best is trial 0 with value: 0.75.
[I 2026-04-09 19:14:35,918] Trial 25 finished with value: 0.75 and parameters: {'n_neighbors': 7, 'leaf_size': 39, 'p': 2}. Best is trial 0 with value: 0.75.
[I 2026-04-09 19:14:35,966] Trial 26 finished with value: 0.75 and parameters: {'n_neighbors': 8, 'leaf_size': 30, 'p': 1}. Best is trial 0 with value: 0.75.
[I 2026-04-09 19:14:35,990] Trial 27 finished with value: 0.7 and parameters: {'n_neighbors': 5, 'leaf_size': 37, 'p': 2}. Best is trial 0 with value: 0.75.
[I 2026-04-09 19:14:36,014] Trial 28 finished with value: 0.75 and parameters: {'n_neighbors': 10, 'leaf_size': 33, 'p': 2}. Best is trial 0 with value: 0.75.
[I 2026-04-09 19:14:36,062] Trial 29 finished with value: 0.65 and parameters: {'n_neighbors': 7, 'leaf_size': 27, 'p': 1}. Best is trial 0 with value: 0.75.
[I 2026-04-09 19:14:37,472] A new study created in memory with name: xgb
[I 2026-04-09 19:14:37,517] Trial 0 finished with value: 0.7 and parameters: {'n_estimators': 40, 'max_depth': 5, 'gamma': 0.789317070832284, 'subsample': 0.7592089939364717, 'colsample_bytree': 0.648400250788111}. Best is trial 0 with value: 0.7.
[I 2026-04-09 19:14:37,560] Trial 1 finished with value: 0.65 and parameters: {'n_estimators': 100, 'max_depth': 30, 'gamma': 0.34667781579300216, 'subsample': 0.7071175095405257, 'colsample_bytree': 0.6480399663668239}. Best is trial 0 with value: 0.7.
[I 2026-04-09 19:14:37,604] Trial 2 finished with value: 0.8 and parameters: {'n_estimators': 10, 'max_depth': 20, 'gamma': 0.3948075529198607, 'subsample': 0.5720821503267102, 'colsample_bytree': 0.5828064306006338}. Best is trial 2 with value: 0.8.
[I 2026-04-09 19:14:37,649] Trial 3 finished with value: 0.8 and parameters: {'n_estimators': 10, 'max_depth': 30, 'gamma': 0.8015631269999768, 'subsample': 0.5114665462195407, 'colsample_bytree': 0.788831429064878}. Best is trial 2 with value: 0.8.
[I 2026-04-09 19:14:37,698] Trial 4 finished with value: 0.8 and parameters: {'n_estimators': 100, 'max_depth': 5, 'gamma': 0.8834347783013348, 'subsample': 0.961374806972835, 'colsample_bytree': 0.5011071062662218}. Best is trial 2 with value: 0.8.
[I 2026-04-09 19:14:37,754] Trial 5 finished with value: 0.75 and parameters: {'n_estimators': 40, 'max_depth': 5, 'gamma': 0.5364379674896123, 'subsample': 0.5145557818363589, 'colsample_bytree': 0.5432628442011025}. Best is trial 2 with value: 0.8.
[I 2026-04-09 19:14:37,799] Trial 6 finished with value: 0.75 and parameters: {'n_estimators': 100, 'max_depth': 20, 'gamma': 0.6718205850237038, 'subsample': 0.9059511955902053, 'colsample_bytree': 0.9633413076219371}. Best is trial 2 with value: 0.8.
[I 2026-04-09 19:14:37,834] Trial 7 finished with value: 0.75 and parameters: {'n_estimators': 10, 'max_depth': 30, 'gamma': 0.8165284487704038, 'subsample': 0.5255714015506736, 'colsample_bytree': 0.594333867896554}. Best is trial 2 with value: 0.8.
[I 2026-04-09 19:14:37,888] Trial 8 finished with value: 0.75 and parameters: {'n_estimators': 100, 'max_depth': 20, 'gamma': 0.6251497693480509, 'subsample': 0.9696496759824258, 'colsample_bytree': 0.9717700410079397}. Best is trial 2 with value: 0.8.
[I 2026-04-09 19:14:37,942] Trial 9 finished with value: 0.65 and parameters: {'n_estimators': 40, 'max_depth': 30, 'gamma': 0.9649927737686168, 'subsample': 0.6857563076640036, 'colsample_bytree': 0.5061847058001788}. Best is trial 2 with value: 0.8.
[I 2026-04-09 19:14:38,021] Trial 10 finished with value: 0.65 and parameters: {'n_estimators': 10, 'max_depth': 20, 'gamma': 0.15482815647859693, 'subsample': 0.6132127088663918, 'colsample_bytree': 0.767362544653007}. Best is trial 2 with value: 0.8.
[I 2026-04-09 19:14:38,080] Trial 11 finished with value: 0.75 and parameters: {'n_estimators': 10, 'max_depth': 20, 'gamma': 0.41368793588449687, 'subsample': 0.5991596377711633, 'colsample_bytree': 0.8088974055287642}. Best is trial 2 with value: 0.8.
[I 2026-04-09 19:14:38,118] Trial 12 finished with value: 0.75 and parameters: {'n_estimators': 10, 'max_depth': 30, 'gamma': 0.28240418702901515, 'subsample': 0.594703211798125, 'colsample_bytree': 0.8587660483806303}. Best is trial 2 with value: 0.8.
[I 2026-04-09 19:14:38,158] Trial 13 finished with value: 0.7 and parameters: {'n_estimators': 10, 'max_depth': 20, 'gamma': 0.49205318920874896, 'subsample': 0.8141939990252245, 'colsample_bytree': 0.6756539706444223}. Best is trial 2 with value: 0.8.
[I 2026-04-09 19:14:38,187] Trial 14 finished with value: 0.7 and parameters: {'n_estimators': 10, 'max_depth': 30, 'gamma': 0.6877982579025952, 'subsample': 0.5133361270951041, 'colsample_bytree': 0.890473732797316}. Best is trial 2 with value: 0.8.
[I 2026-04-09 19:14:38,224] Trial 15 finished with value: 0.75 and parameters: {'n_estimators': 10, 'max_depth': 20, 'gamma': 0.12225147656691177, 'subsample': 0.642451318782916, 'colsample_bytree': 0.7227029601296806}. Best is trial 2 with value: 0.8.
[I 2026-04-09 19:14:38,263] Trial 16 finished with value: 0.9 and parameters: {'n_estimators': 10, 'max_depth': 30, 'gamma': 0.28348273058911083, 'subsample': 0.5638180394945186, 'colsample_bytree': 0.7189059298337382}. Best is trial 16 with value: 0.9.
[I 2026-04-09 19:14:38,303] Trial 17 finished with value: 0.7 and parameters: {'n_estimators': 10, 'max_depth': 30, 'gamma': 0.25536931977591026, 'subsample': 0.7960200786362753, 'colsample_bytree': 0.5992566886922797}. Best is trial 16 with value: 0.9.
[I 2026-04-09 19:14:38,338] Trial 18 finished with value: 0.75 and parameters: {'n_estimators': 10, 'max_depth': 20, 'gamma': 0.4239671941975407, 'subsample': 0.5744890644031984, 'colsample_bytree': 0.709466648062509}. Best is trial 16 with value: 0.9.
[I 2026-04-09 19:14:38,379] Trial 19 finished with value: 0.8 and parameters: {'n_estimators': 40, 'max_depth': 5, 'gamma': 0.22171314957013494, 'subsample': 0.6393986970317591, 'colsample_bytree': 0.5872010817245444}. Best is trial 16 with value: 0.9.
[I 2026-04-09 19:14:38,418] Trial 20 finished with value: 0.8 and parameters: {'n_estimators': 10, 'max_depth': 30, 'gamma': 0.4095789718934539, 'subsample': 0.7038535542211739, 'colsample_bytree': 0.7030541319249886}. Best is trial 16 with value: 0.9.
[I 2026-04-09 19:14:38,457] Trial 21 finished with value: 0.85 and parameters: {'n_estimators': 10, 'max_depth': 30, 'gamma': 0.3372014993308184, 'subsample': 0.5541813701066924, 'colsample_bytree': 0.7871860120176107}. Best is trial 16 with value: 0.9.
[I 2026-04-09 19:14:38,495] Trial 22 finished with value: 0.8 and parameters: {'n_estimators': 10, 'max_depth': 30, 'gamma': 0.3700912845103654, 'subsample': 0.5667070588456706, 'colsample_bytree': 0.8451956604315944}. Best is trial 16 with value: 0.9.
[I 2026-04-09 19:14:38,531] Trial 23 finished with value: 0.85 and parameters: {'n_estimators': 10, 'max_depth': 30, 'gamma': 0.3166898902352614, 'subsample': 0.5574072907646014, 'colsample_bytree': 0.7452771234570561}. Best is trial 16 with value: 0.9.
[I 2026-04-09 19:14:38,567] Trial 24 finished with value: 0.7 and parameters: {'n_estimators': 10, 'max_depth': 30, 'gamma': 0.30521025266713026, 'subsample': 0.6481743941353858, 'colsample_bytree': 0.7521921710405429}. Best is trial 16 with value: 0.9.
[I 2026-04-09 19:14:38,600] Trial 25 finished with value: 0.85 and parameters: {'n_estimators': 10, 'max_depth': 30, 'gamma': 0.18958031320465893, 'subsample': 0.5527938919570626, 'colsample_bytree': 0.8276558430516796}. Best is trial 16 with value: 0.9.
[I 2026-04-09 19:14:38,632] Trial 26 finished with value: 0.65 and parameters: {'n_estimators': 10, 'max_depth': 30, 'gamma': 0.47180445766184986, 'subsample': 0.6692707130175016, 'colsample_bytree': 0.7435161397276326}. Best is trial 16 with value: 0.9.
[I 2026-04-09 19:14:38,673] Trial 27 finished with value: 0.7 and parameters: {'n_estimators': 10, 'max_depth': 30, 'gamma': 0.11173994892898303, 'subsample': 0.7364781384879924, 'colsample_bytree': 0.9107863508855307}. Best is trial 16 with value: 0.9.
[I 2026-04-09 19:14:38,714] Trial 28 finished with value: 0.65 and parameters: {'n_estimators': 40, 'max_depth': 30, 'gamma': 0.3133995406827549, 'subsample': 0.5423683578727785, 'colsample_bytree': 0.7768256404358661}. Best is trial 16 with value: 0.9.
[I 2026-04-09 19:14:38,753] Trial 29 finished with value: 0.6 and parameters: {'n_estimators': 100, 'max_depth': 5, 'gamma': 0.22773466329650413, 'subsample': 0.756043130261801, 'colsample_bytree': 0.6544917722609221}. Best is trial 16 with value: 0.9.
[I 2026-04-09 19:14:39,797] A new study created in memory with name: rf
[I 2026-04-09 19:14:40,031] Trial 0 finished with value: 0.5 and parameters: {'n_estimators': 189, 'max_depth': 18, 'min_samples_split': 3, 'min_samples_leaf': 10}. Best is trial 0 with value: 0.5.
[I 2026-04-09 19:14:40,396] Trial 1 finished with value: 0.7 and parameters: {'n_estimators': 295, 'max_depth': 14, 'min_samples_split': 8, 'min_samples_leaf': 6}. Best is trial 1 with value: 0.7.
[I 2026-04-09 19:14:40,692] Trial 2 finished with value: 0.5 and parameters: {'n_estimators': 219, 'max_depth': 6, 'min_samples_split': 2, 'min_samples_leaf': 8}. Best is trial 1 with value: 0.7.
[I 2026-04-09 19:14:41,038] Trial 3 finished with value: 0.75 and parameters: {'n_estimators': 276, 'max_depth': 5, 'min_samples_split': 9, 'min_samples_leaf': 3}. Best is trial 3 with value: 0.75.
[I 2026-04-09 19:14:41,353] Trial 4 finished with value: 0.75 and parameters: {'n_estimators': 266, 'max_depth': 8, 'min_samples_split': 7, 'min_samples_leaf': 6}. Best is trial 3 with value: 0.75.
[I 2026-04-09 19:14:41,768] Trial 5 finished with value: 0.8 and parameters: {'n_estimators': 340, 'max_depth': 7, 'min_samples_split': 4, 'min_samples_leaf': 3}. Best is trial 5 with value: 0.8.
[I 2026-04-09 19:14:42,078] Trial 6 finished with value: 0.5 and parameters: {'n_estimators': 231, 'max_depth': 5, 'min_samples_split': 3, 'min_samples_leaf': 10}. Best is trial 5 with value: 0.8.
[I 2026-04-09 19:14:42,617] Trial 7 finished with value: 0.8 and parameters: {'n_estimators': 485, 'max_depth': 6, 'min_samples_split': 2, 'min_samples_leaf': 3}. Best is trial 5 with value: 0.8.
[I 2026-04-09 19:14:43,045] Trial 8 finished with value: 0.6 and parameters: {'n_estimators': 380, 'max_depth': 17, 'min_samples_split': 2, 'min_samples_leaf': 6}. Best is trial 5 with value: 0.8.
[I 2026-04-09 19:14:43,192] Trial 9 finished with value: 0.5 and parameters: {'n_estimators': 100, 'max_depth': 12, 'min_samples_split': 7, 'min_samples_leaf': 10}. Best is trial 5 with value: 0.8.
[I 2026-04-09 19:14:43,660] Trial 10 finished with value: 0.75 and parameters: {'n_estimators': 384, 'max_depth': 10, 'min_samples_split': 5, 'min_samples_leaf': 2}. Best is trial 5 with value: 0.8.
[I 2026-04-09 19:14:44,250] Trial 11 finished with value: 0.8 and parameters: {'n_estimators': 498, 'max_depth': 8, 'min_samples_split': 5, 'min_samples_leaf': 4}. Best is trial 5 with value: 0.8.
[I 2026-04-09 19:14:44,905] Trial 12 finished with value: 0.75 and parameters: {'n_estimators': 489, 'max_depth': 3, 'min_samples_split': 4, 'min_samples_leaf': 1}. Best is trial 5 with value: 0.8.
[I 2026-04-09 19:14:45,391] Trial 13 finished with value: 0.7 and parameters: {'n_estimators': 406, 'max_depth': 9, 'min_samples_split': 4, 'min_samples_leaf': 4}. Best is trial 5 with value: 0.8.
[I 2026-04-09 19:14:45,934] Trial 14 finished with value: 0.75 and parameters: {'n_estimators': 436, 'max_depth': 13, 'min_samples_split': 2, 'min_samples_leaf': 1}. Best is trial 5 with value: 0.8.
[I 2026-04-09 19:14:46,331] Trial 15 finished with value: 0.75 and parameters: {'n_estimators': 347, 'max_depth': 3, 'min_samples_split': 5, 'min_samples_leaf': 4}. Best is trial 5 with value: 0.8.
[I 2026-04-09 19:14:46,857] Trial 16 finished with value: 0.8 and parameters: {'n_estimators': 445, 'max_depth': 7, 'min_samples_split': 10, 'min_samples_leaf': 3}. Best is trial 5 with value: 0.8.
[I 2026-04-09 19:14:47,283] Trial 17 finished with value: 0.75 and parameters: {'n_estimators': 334, 'max_depth': 11, 'min_samples_split': 3, 'min_samples_leaf': 2}. Best is trial 5 with value: 0.8.
[I 2026-04-09 19:14:47,474] Trial 18 finished with value: 0.75 and parameters: {'n_estimators': 111, 'max_depth': 15, 'min_samples_split': 4, 'min_samples_leaf': 5}. Best is trial 5 with value: 0.8.
