[I 2026-04-09 20:32:08,156] Trial 25 finished with value: 0.7 and parameters: {'hidden_layer_sizes': (200,), 'max_iter': 50, 'alpha': 0.0001}. Best is trial 1 with value: 0.8.
[I 2026-04-09 20:32:08,215] Trial 26 finished with value: 0.7 and parameters: {'hidden_layer_sizes': (200,), 'max_iter': 100, 'alpha': 0.001}. Best is trial 1 with value: 0.8.
[I 2026-04-09 20:32:08,252] Trial 27 finished with value: 0.7 and parameters: {'hidden_layer_sizes': (200,), 'max_iter': 50, 'alpha': 0.0001}. Best is trial 1 with value: 0.8.
[I 2026-04-09 20:32:08,303] Trial 28 finished with value: 0.5 and parameters: {'hidden_layer_sizes': (100, 100), 'max_iter': 50, 'alpha': 0.0001}. Best is trial 1 with value: 0.8.
[I 2026-04-09 20:32:08,342] Trial 29 finished with value: 0.6 and parameters: {'hidden_layer_sizes': (100,), 'max_iter': 50, 'alpha': 0.001}. Best is trial 1 with value: 0.8.
[I 2026-04-09 20:32:11,837] A new study created in memory with name: naive_bayes
[I 2026-04-09 20:32:11,851] Trial 0 finished with value: 0.9 and parameters: {'var_smoothing': 5.582886587978182e-09}. Best is trial 0 with value: 0.9.
[I 2026-04-09 20:32:11,863] Trial 1 finished with value: 0.9 and parameters: {'var_smoothing': 8.651299071518215e-09}. Best is trial 0 with value: 0.9.
[I 2026-04-09 20:32:11,875] Trial 2 finished with value: 0.9 and parameters: {'var_smoothing': 5.475062490474489e-09}. Best is trial 0 with value: 0.9.
[I 2026-04-09 20:32:11,887] Trial 3 finished with value: 0.9 and parameters: {'var_smoothing': 1.1526869678723134e-09}. Best is trial 0 with value: 0.9.
[I 2026-04-09 20:32:11,900] Trial 4 finished with value: 0.9 and parameters: {'var_smoothing': 2.920496270341785e-10}. Best is trial 0 with value: 0.9.
[I 2026-04-09 20:32:11,912] Trial 5 finished with value: 0.9 and parameters: {'var_smoothing': 1.0538956417705805e-10}. Best is trial 0 with value: 0.9.
[I 2026-04-09 20:32:11,924] Trial 6 finished with value: 0.9 and parameters: {'var_smoothing': 7.260016982331591e-10}. Best is trial 0 with value: 0.9.
[I 2026-04-09 20:32:11,936] Trial 7 finished with value: 0.9 and parameters: {'var_smoothing': 6.378267364653917e-10}. Best is trial 0 with value: 0.9.
[I 2026-04-09 20:32:11,948] Trial 8 finished with value: 0.9 and parameters: {'var_smoothing': 1.1100673847791952e-09}. Best is trial 0 with value: 0.9.
[I 2026-04-09 20:32:11,960] Trial 9 finished with value: 0.9 and parameters: {'var_smoothing': 9.052813879088377e-10}. Best is trial 0 with value: 0.9.
[I 2026-04-09 20:32:11,976] Trial 10 finished with value: 0.9 and parameters: {'var_smoothing': 3.20543606083287e-09}. Best is trial 0 with value: 0.9.
[I 2026-04-09 20:32:11,994] Trial 11 finished with value: 0.9 and parameters: {'var_smoothing': 8.433965140342417e-09}. Best is trial 0 with value: 0.9.
[I 2026-04-09 20:32:12,010] Trial 12 finished with value: 0.9 and parameters: {'var_smoothing': 2.860874278982245e-09}. Best is trial 0 with value: 0.9.
[I 2026-04-09 20:32:12,025] Trial 13 finished with value: 0.95 and parameters: {'var_smoothing': 9.270349036178526e-09}. Best is trial 13 with value: 0.95.
[I 2026-04-09 20:32:12,053] Trial 14 finished with value: 0.9 and parameters: {'var_smoothing': 3.052149589456594e-09}. Best is trial 13 with value: 0.95.
[I 2026-04-09 20:32:12,072] Trial 15 finished with value: 0.9 and parameters: {'var_smoothing': 4.55747349777287e-09}. Best is trial 13 with value: 0.95.
[I 2026-04-09 20:32:12,087] Trial 16 finished with value: 0.9 and parameters: {'var_smoothing': 2.1121256583298912e-09}. Best is trial 13 with value: 0.95.
[I 2026-04-09 20:32:12,101] Trial 17 finished with value: 0.95 and parameters: {'var_smoothing': 9.475004282722531e-09}. Best is trial 13 with value: 0.95.
[I 2026-04-09 20:32:12,117] Trial 18 finished with value: 0.95 and parameters: {'var_smoothing': 9.731794657886754e-09}. Best is trial 13 with value: 0.95.
[I 2026-04-09 20:32:12,132] Trial 19 finished with value: 0.9 and parameters: {'var_smoothing': 1.7137382583658845e-09}. Best is trial 13 with value: 0.95.
[I 2026-04-09 20:32:12,146] Trial 20 finished with value: 0.9 and parameters: {'var_smoothing': 3.9411854059511534e-10}. Best is trial 13 with value: 0.95.
[I 2026-04-09 20:32:12,161] Trial 21 finished with value: 0.95 and parameters: {'var_smoothing': 9.770576144905519e-09}. Best is trial 13 with value: 0.95.
[I 2026-04-09 20:32:12,176] Trial 22 finished with value: 0.9 and parameters: {'var_smoothing': 6.0131702193524276e-09}. Best is trial 13 with value: 0.95.
[I 2026-04-09 20:32:12,192] Trial 23 finished with value: 0.9 and parameters: {'var_smoothing': 4.153205629352147e-09}. Best is trial 13 with value: 0.95.
[I 2026-04-09 20:32:12,223] Trial 24 finished with value: 0.9 and parameters: {'var_smoothing': 7.084350947658166e-09}. Best is trial 13 with value: 0.95.
[I 2026-04-09 20:32:12,239] Trial 25 finished with value: 0.95 and parameters: {'var_smoothing': 9.998386322270065e-09}. Best is trial 13 with value: 0.95.
[I 2026-04-09 20:32:12,254] Trial 26 finished with value: 0.9 and parameters: {'var_smoothing': 4.3389230825282434e-09}. Best is trial 13 with value: 0.95.
[I 2026-04-09 20:32:12,279] Trial 27 finished with value: 0.9 and parameters: {'var_smoothing': 1.933087450189043e-09}. Best is trial 13 with value: 0.95.
[I 2026-04-09 20:32:12,295] Trial 28 finished with value: 0.9 and parameters: {'var_smoothing': 6.7700729287750936e-09}. Best is trial 13 with value: 0.95.
[I 2026-04-09 20:32:12,311] Trial 29 finished with value: 0.9 and parameters: {'var_smoothing': 5.962993880313517e-09}. Best is trial 13 with value: 0.95.
[I 2026-04-09 20:32:13,288] A new study created in memory with name: logreg
[I 2026-04-09 20:32:13,323] Trial 0 finished with value: 0.85 and parameters: {'C': 23.288794782471303, 'penalty': 'l2'}. Best is trial 0 with value: 0.85.
[I 2026-04-09 20:32:13,356] Trial 1 finished with value: 0.85 and parameters: {'C': 69.61507800412923, 'penalty': 'l2'}. Best is trial 0 with value: 0.85.
[I 2026-04-09 20:32:13,379] Trial 2 finished with value: 0.85 and parameters: {'C': 22.180569925473442, 'penalty': 'l2'}. Best is trial 0 with value: 0.85.
[I 2026-04-09 20:32:13,401] Trial 3 finished with value: 0.85 and parameters: {'C': 0.4511058486037652, 'penalty': 'l2'}. Best is trial 0 with value: 0.85.
[I 2026-04-09 20:32:13,424] Trial 4 finished with value: 0.85 and parameters: {'C': 0.014576110093994574, 'penalty': 'l2'}. Best is trial 0 with value: 0.85.
[I 2026-04-09 20:32:13,447] Trial 5 finished with value: 0.8 and parameters: {'C': 0.0011402340906886685, 'penalty': 'l2'}. Best is trial 0 with value: 0.85.
[I 2026-04-09 20:32:13,471] Trial 6 finished with value: 0.85 and parameters: {'C': 0.14201822862985758, 'penalty': 'l2'}. Best is trial 0 with value: 0.85.
[I 2026-04-09 20:32:13,493] Trial 7 finished with value: 0.85 and parameters: {'C': 0.1027440782219989, 'penalty': 'l2'}. Best is trial 0 with value: 0.85.
[I 2026-04-09 20:32:13,516] Trial 8 finished with value: 0.85 and parameters: {'C': 0.41055690122086846, 'penalty': 'l2'}. Best is trial 0 with value: 0.85.
[I 2026-04-09 20:32:13,539] Trial 9 finished with value: 0.85 and parameters: {'C': 0.24658064201770763, 'penalty': 'l2'}. Best is trial 0 with value: 0.85.
[I 2026-04-09 20:32:13,576] Trial 10 finished with value: 0.8 and parameters: {'C': 5.817250906722227, 'penalty': 'l2'}. Best is trial 0 with value: 0.85.
[I 2026-04-09 20:32:13,611] Trial 11 finished with value: 0.85 and parameters: {'C': 65.32501288941612, 'penalty': 'l2'}. Best is trial 0 with value: 0.85.
[I 2026-04-09 20:32:13,636] Trial 12 finished with value: 0.8 and parameters: {'C': 4.377709439924529, 'penalty': 'l2'}. Best is trial 0 with value: 0.85.
[I 2026-04-09 20:32:13,676] Trial 13 finished with value: 0.85 and parameters: {'C': 82.7447055757053, 'penalty': 'l2'}. Best is trial 0 with value: 0.85.
[I 2026-04-09 20:32:13,717] Trial 14 finished with value: 0.8 and parameters: {'C': 5.484053936900719, 'penalty': 'l2'}. Best is trial 0 with value: 0.85.
[I 2026-04-09 20:32:13,756] Trial 15 finished with value: 0.85 and parameters: {'C': 19.720857672047558, 'penalty': 'l2'}. Best is trial 0 with value: 0.85.
[I 2026-04-09 20:32:13,783] Trial 16 finished with value: 0.8 and parameters: {'C': 1.8557156226210034, 'penalty': 'l2'}. Best is trial 0 with value: 0.85.
[I 2026-04-09 20:32:13,818] Trial 17 finished with value: 0.85 and parameters: {'C': 26.516932569464544, 'penalty': 'l2'}. Best is trial 0 with value: 0.85.
[I 2026-04-09 20:32:13,847] Trial 18 finished with value: 0.8 and parameters: {'C': 1.188244763655516, 'penalty': 'l2'}. Best is trial 0 with value: 0.85.
[I 2026-04-09 20:32:13,875] Trial 19 finished with value: 0.8 and parameters: {'C': 12.093447142589671, 'penalty': 'l2'}. Best is trial 0 with value: 0.85.
[I 2026-04-09 20:32:13,904] Trial 20 finished with value: 0.85 and parameters: {'C': 95.89596440448501, 'penalty': 'l2'}. Best is trial 0 with value: 0.85.
[I 2026-04-09 20:32:13,943] Trial 21 finished with value: 0.85 and parameters: {'C': 28.44943793229338, 'penalty': 'l2'}. Best is trial 0 with value: 0.85.
[I 2026-04-09 20:32:13,975] Trial 22 finished with value: 0.8 and parameters: {'C': 13.869868316172683, 'penalty': 'l2'}. Best is trial 0 with value: 0.85.
[I 2026-04-09 20:32:14,016] Trial 23 finished with value: 0.85 and parameters: {'C': 37.440738291089126, 'penalty': 'l2'}. Best is trial 0 with value: 0.85.
[I 2026-04-09 20:32:14,047] Trial 24 finished with value: 0.8 and parameters: {'C': 2.47685391214756, 'penalty': 'l2'}. Best is trial 0 with value: 0.85.
[I 2026-04-09 20:32:14,077] Trial 25 finished with value: 0.8 and parameters: {'C': 10.036757127704108, 'penalty': 'l2'}. Best is trial 0 with value: 0.85.
[I 2026-04-09 20:32:14,103] Trial 26 finished with value: 0.8 and parameters: {'C': 1.3194627280974967, 'penalty': 'l2'}. Best is trial 0 with value: 0.85.
[I 2026-04-09 20:32:14,128] Trial 27 finished with value: 0.85 and parameters: {'C': 37.191162355747906, 'penalty': 'l2'}. Best is trial 0 with value: 0.85.
[I 2026-04-09 20:32:14,153] Trial 28 finished with value: 0.85 and parameters: {'C': 0.029434059060519695, 'penalty': 'l2'}. Best is trial 0 with value: 0.85.
[I 2026-04-09 20:32:14,178] Trial 29 finished with value: 0.85 and parameters: {'C': 0.9428308103218245, 'penalty': 'l2'}. Best is trial 0 with value: 0.85.
[I 2026-04-09 20:32:15,141] A new study created in memory with name: knn
[I 2026-04-09 20:32:15,187] Trial 0 finished with value: 0.65 and parameters: {'n_neighbors': 9, 'leaf_size': 40, 'p': 1}. Best is trial 0 with value: 0.65.
[I 2026-04-09 20:32:15,201] Trial 1 finished with value: 0.8 and parameters: {'n_neighbors': 4, 'leaf_size': 20, 'p': 1}. Best is trial 1 with value: 0.8.
[I 2026-04-09 20:32:15,214] Trial 2 finished with value: 0.7 and parameters: {'n_neighbors': 7, 'leaf_size': 30, 'p': 1}. Best is trial 1 with value: 0.8.
[I 2026-04-09 20:32:15,246] Trial 3 finished with value: 0.65 and parameters: {'n_neighbors': 9, 'leaf_size': 34, 'p': 1}. Best is trial 1 with value: 0.8.
[I 2026-04-09 20:32:15,259] Trial 4 finished with value: 0.8 and parameters: {'n_neighbors': 5, 'leaf_size': 40, 'p': 1}. Best is trial 1 with value: 0.8.
[I 2026-04-09 20:32:15,271] Trial 5 finished with value: 0.8 and parameters: {'n_neighbors': 3, 'leaf_size': 40, 'p': 2}. Best is trial 1 with value: 0.8.
[I 2026-04-09 20:32:15,296] Trial 6 finished with value: 0.8 and parameters: {'n_neighbors': 3, 'leaf_size': 24, 'p': 2}. Best is trial 1 with value: 0.8.
[I 2026-04-09 20:32:15,313] Trial 7 finished with value: 0.8 and parameters: {'n_neighbors': 5, 'leaf_size': 40, 'p': 2}. Best is trial 1 with value: 0.8.
[I 2026-04-09 20:32:15,340] Trial 8 finished with value: 0.8 and parameters: {'n_neighbors': 6, 'leaf_size': 36, 'p': 1}. Best is trial 1 with value: 0.8.
[I 2026-04-09 20:32:15,358] Trial 9 finished with value: 0.8 and parameters: {'n_neighbors': 6, 'leaf_size': 25, 'p': 1}. Best is trial 1 with value: 0.8.
[I 2026-04-09 20:32:15,378] Trial 10 finished with value: 0.8 and parameters: {'n_neighbors': 4, 'leaf_size': 22, 'p': 2}. Best is trial 1 with value: 0.8.
[I 2026-04-09 20:32:15,408] Trial 11 finished with value: 0.8 and parameters: {'n_neighbors': 5, 'leaf_size': 29, 'p': 1}. Best is trial 1 with value: 0.8.
[I 2026-04-09 20:32:15,427] Trial 12 finished with value: 0.7 and parameters: {'n_neighbors': 7, 'leaf_size': 20, 'p': 1}. Best is trial 1 with value: 0.8.
[I 2026-04-09 20:32:15,457] Trial 13 finished with value: 0.8 and parameters: {'n_neighbors': 4, 'leaf_size': 28, 'p': 1}. Best is trial 1 with value: 0.8.
[I 2026-04-09 20:32:15,477] Trial 14 finished with value: 0.8 and parameters: {'n_neighbors': 5, 'leaf_size': 34, 'p': 1}. Best is trial 1 with value: 0.8.
[I 2026-04-09 20:32:15,497] Trial 15 finished with value: 0.8 and parameters: {'n_neighbors': 4, 'leaf_size': 36, 'p': 1}. Best is trial 1 with value: 0.8.
[I 2026-04-09 20:32:15,537] Trial 16 finished with value: 0.8 and parameters: {'n_neighbors': 8, 'leaf_size': 26, 'p': 1}. Best is trial 1 with value: 0.8.
[I 2026-04-09 20:32:15,564] Trial 17 finished with value: 0.8 and parameters: {'n_neighbors': 3, 'leaf_size': 32, 'p': 1}. Best is trial 1 with value: 0.8.
[I 2026-04-09 20:32:15,587] Trial 18 finished with value: 0.8 and parameters: {'n_neighbors': 5, 'leaf_size': 37, 'p': 2}. Best is trial 1 with value: 0.8.
[I 2026-04-09 20:32:15,612] Trial 19 finished with value: 0.8 and parameters: {'n_neighbors': 6, 'leaf_size': 20, 'p': 1}. Best is trial 1 with value: 0.8.
[I 2026-04-09 20:32:15,639] Trial 20 finished with value: 0.8 and parameters: {'n_neighbors': 4, 'leaf_size': 31, 'p': 1}. Best is trial 1 with value: 0.8.
[I 2026-04-09 20:32:15,662] Trial 21 finished with value: 0.8 and parameters: {'n_neighbors': 3, 'leaf_size': 38, 'p': 2}. Best is trial 1 with value: 0.8.
[I 2026-04-09 20:32:15,689] Trial 22 finished with value: 0.8 and parameters: {'n_neighbors': 3, 'leaf_size': 39, 'p': 2}. Best is trial 1 with value: 0.8.
[I 2026-04-09 20:32:15,723] Trial 23 finished with value: 0.8 and parameters: {'n_neighbors': 4, 'leaf_size': 34, 'p': 2}. Best is trial 1 with value: 0.8.
[I 2026-04-09 20:32:15,759] Trial 24 finished with value: 0.8 and parameters: {'n_neighbors': 5, 'leaf_size': 27, 'p': 2}. Best is trial 1 with value: 0.8.
[I 2026-04-09 20:32:15,805] Trial 25 finished with value: 0.65 and parameters: {'n_neighbors': 10, 'leaf_size': 23, 'p': 2}. Best is trial 1 with value: 0.8.
[I 2026-04-09 20:32:15,832] Trial 26 finished with value: 0.8 and parameters: {'n_neighbors': 3, 'leaf_size': 38, 'p': 2}. Best is trial 1 with value: 0.8.
[I 2026-04-09 20:32:15,867] Trial 27 finished with value: 0.8 and parameters: {'n_neighbors': 4, 'leaf_size': 32, 'p': 1}. Best is trial 1 with value: 0.8.
[I 2026-04-09 20:32:15,894] Trial 28 finished with value: 0.8 and parameters: {'n_neighbors': 6, 'leaf_size': 36, 'p': 2}. Best is trial 1 with value: 0.8.
[I 2026-04-09 20:32:15,917] Trial 29 finished with value: 0.8 and parameters: {'n_neighbors': 3, 'leaf_size': 40, 'p': 1}. Best is trial 1 with value: 0.8.
[I 2026-04-09 20:32:17,122] A new study created in memory with name: xgb
[I 2026-04-09 20:32:17,148] Trial 0 finished with value: 0.95 and parameters: {'n_estimators': 40, 'max_depth': 5, 'gamma': 0.4874219364632415, 'subsample': 0.7011756800186824, 'colsample_bytree': 0.7613373356762848}. Best is trial 0 with value: 0.95.
[I 2026-04-09 20:32:17,172] Trial 1 finished with value: 0.95 and parameters: {'n_estimators': 40, 'max_depth': 5, 'gamma': 0.483482593428573, 'subsample': 0.6445375140090439, 'colsample_bytree': 0.9869276206002231}. Best is trial 0 with value: 0.95.
[I 2026-04-09 20:32:17,196] Trial 2 finished with value: 0.9 and parameters: {'n_estimators': 10, 'max_depth': 5, 'gamma': 0.16384856027517886, 'subsample': 0.6123849694840227, 'colsample_bytree': 0.6968174574718025}. Best is trial 0 with value: 0.95.
[I 2026-04-09 20:32:17,220] Trial 3 finished with value: 0.95 and parameters: {'n_estimators': 100, 'max_depth': 30, 'gamma': 0.7877441182293641, 'subsample': 0.9694019566553859, 'colsample_bytree': 0.6598448982335139}. Best is trial 0 with value: 0.95.
[I 2026-04-09 20:32:17,244] Trial 4 finished with value: 0.95 and parameters: {'n_estimators': 100, 'max_depth': 5, 'gamma': 0.816017102586079, 'subsample': 0.5160040782128984, 'colsample_bytree': 0.7277239110529665}. Best is trial 0 with value: 0.95.
[I 2026-04-09 20:32:17,283] Trial 5 finished with value: 0.9 and parameters: {'n_estimators': 40, 'max_depth': 20, 'gamma': 0.6643500821697236, 'subsample': 0.6076588997363731, 'colsample_bytree': 0.5754850538287481}. Best is trial 0 with value: 0.95.
[I 2026-04-09 20:32:17,310] Trial 6 finished with value: 0.95 and parameters: {'n_estimators': 100, 'max_depth': 20, 'gamma': 0.6361752212866232, 'subsample': 0.8309913561372338, 'colsample_bytree': 0.7552902276266351}. Best is trial 0 with value: 0.95.
[I 2026-04-09 20:32:17,334] Trial 7 finished with value: 0.95 and parameters: {'n_estimators': 10, 'max_depth': 5, 'gamma': 0.5767347850317142, 'subsample': 0.7995431264700696, 'colsample_bytree': 0.8604622333437917}. Best is trial 0 with value: 0.95.
[I 2026-04-09 20:32:17,361] Trial 8 finished with value: 0.95 and parameters: {'n_estimators': 100, 'max_depth': 20, 'gamma': 0.8470554948938058, 'subsample': 0.860339005739911, 'colsample_bytree': 0.9331308414408237}. Best is trial 0 with value: 0.95.
[I 2026-04-09 20:32:17,398] Trial 9 finished with value: 0.95 and parameters: {'n_estimators': 100, 'max_depth': 30, 'gamma': 0.574951454577921, 'subsample': 0.9696020680119358, 'colsample_bytree': 0.8616917074936369}. Best is trial 0 with value: 0.95.
[I 2026-04-09 20:32:17,438] Trial 10 finished with value: 0.95 and parameters: {'n_estimators': 40, 'max_depth': 5, 'gamma': 0.32359117507032664, 'subsample': 0.7187470692461426, 'colsample_bytree': 0.525322130410742}. Best is trial 0 with value: 0.95.
[I 2026-04-09 20:32:17,476] Trial 11 finished with value: 0.95 and parameters: {'n_estimators': 40, 'max_depth': 5, 'gamma': 0.39731700650079615, 'subsample': 0.6878094296726447, 'colsample_bytree': 0.9375796568686313}. Best is trial 0 with value: 0.95.
[I 2026-04-09 20:32:17,515] Trial 12 finished with value: 0.95 and parameters: {'n_estimators': 40, 'max_depth': 5, 'gamma': 0.41000154180441223, 'subsample': 0.6477129401306144, 'colsample_bytree': 0.8097558498628086}. Best is trial 0 with value: 0.95.
[I 2026-04-09 20:32:17,554] Trial 13 finished with value: 0.95 and parameters: {'n_estimators': 40, 'max_depth': 5, 'gamma': 0.26150609747559517, 'subsample': 0.5535821000234289, 'colsample_bytree': 0.9821455069394369}. Best is trial 0 with value: 0.95.
[I 2026-04-09 20:32:17,594] Trial 14 finished with value: 0.95 and parameters: {'n_estimators': 40, 'max_depth': 30, 'gamma': 0.4863964118199141, 'subsample': 0.7382928405886477, 'colsample_bytree': 0.6248901247831351}. Best is trial 0 with value: 0.95.
[I 2026-04-09 20:32:17,633] Trial 15 finished with value: 0.95 and parameters: {'n_estimators': 40, 'max_depth': 5, 'gamma': 0.4677647810752753, 'subsample': 0.785332734602564, 'colsample_bytree': 0.7949593528127555}. Best is trial 0 with value: 0.95.
[I 2026-04-09 20:32:17,674] Trial 16 finished with value: 0.95 and parameters: {'n_estimators': 40, 'max_depth': 5, 'gamma': 0.9755271975994899, 'subsample': 0.6732560713504361, 'colsample_bytree': 0.9993559109053225}. Best is trial 0 with value: 0.95.
[I 2026-04-09 20:32:17,716] Trial 17 finished with value: 0.95 and parameters: {'n_estimators': 10, 'max_depth': 5, 'gamma': 0.26425755461994255, 'subsample': 0.5828031731686625, 'colsample_bytree': 0.8812463142489181}. Best is trial 0 with value: 0.95.
[I 2026-04-09 20:32:17,752] Trial 18 finished with value: 0.95 and parameters: {'n_estimators': 40, 'max_depth': 30, 'gamma': 0.145515594340198, 'subsample': 0.8902649886973554, 'colsample_bytree': 0.7981854326938762}. Best is trial 0 with value: 0.95.
[I 2026-04-09 20:32:17,784] Trial 19 finished with value: 0.95 and parameters: {'n_estimators': 40, 'max_depth': 20, 'gamma': 0.6499639570434488, 'subsample': 0.7574364824452723, 'colsample_bytree': 0.6319725061725031}. Best is trial 0 with value: 0.95.
[I 2026-04-09 20:32:17,816] Trial 20 finished with value: 0.9 and parameters: {'n_estimators': 10, 'max_depth': 5, 'gamma': 0.735320815306184, 'subsample': 0.5049283881400235, 'colsample_bytree': 0.5127669996644397}. Best is trial 0 with value: 0.95.
[I 2026-04-09 20:32:17,861] Trial 21 finished with value: 0.95 and parameters: {'n_estimators': 100, 'max_depth': 30, 'gamma': 0.9754369633540904, 'subsample': 0.9982165618629552, 'colsample_bytree': 0.6711944288495806}. Best is trial 0 with value: 0.95.
[I 2026-04-09 20:32:17,905] Trial 22 finished with value: 0.9 and parameters: {'n_estimators': 100, 'max_depth': 30, 'gamma': 0.5057379372161054, 'subsample': 0.8889778862977213, 'colsample_bytree': 0.6236545975274392}. Best is trial 0 with value: 0.95.
[I 2026-04-09 20:32:17,937] Trial 23 finished with value: 0.95 and parameters: {'n_estimators': 100, 'max_depth': 30, 'gamma': 0.781397928904852, 'subsample': 0.9397536154034312, 'colsample_bytree': 0.5792043297272338}. Best is trial 0 with value: 0.95.
[I 2026-04-09 20:32:17,970] Trial 24 finished with value: 0.95 and parameters: {'n_estimators': 40, 'max_depth': 30, 'gamma': 0.3961474184369575, 'subsample': 0.6512880896594048, 'colsample_bytree': 0.7473454804842522}. Best is trial 0 with value: 0.95.
[I 2026-04-09 20:32:18,002] Trial 25 finished with value: 0.95 and parameters: {'n_estimators': 100, 'max_depth': 30, 'gamma': 0.7294475120200101, 'subsample': 0.6920234017302274, 'colsample_bytree': 0.6798575875180931}. Best is trial 0 with value: 0.95.
