[I 2025-05-04 17:45:15,806] Trial 9 finished with value: 0.5 and parameters: {'C': 0.03643743139281253, 'gamma': 0.0006200203677164723}. Best is trial 1 with value: 0.5.
/data/home/rtabares/anaconda3/envs/pyth3.12/lib/python3.12/site-packages/sklearn/metrics/_classification.py:2524: UserWarning: y_pred contains classes not in y_true
  warnings.warn("y_pred contains classes not in y_true")
[I 2025-05-04 17:45:15,830] Trial 10 finished with value: 0.2 and parameters: {'C': 35.745293136206676, 'gamma': 0.0016217424317920186}. Best is trial 1 with value: 0.5.
/data/home/rtabares/anaconda3/envs/pyth3.12/lib/python3.12/site-packages/sklearn/metrics/_classification.py:2524: UserWarning: y_pred contains classes not in y_true
  warnings.warn("y_pred contains classes not in y_true")
[I 2025-05-04 17:45:16,467] Trial 11 finished with value: 0.5 and parameters: {'C': 0.010851625255889582, 'gamma': 0.00012938353598705696}. Best is trial 1 with value: 0.5.
/data/home/rtabares/anaconda3/envs/pyth3.12/lib/python3.12/site-packages/sklearn/metrics/_classification.py:2524: UserWarning: y_pred contains classes not in y_true
  warnings.warn("y_pred contains classes not in y_true")
[I 2025-05-04 17:45:16,502] Trial 12 finished with value: 0.5 and parameters: {'C': 4.74106928788949, 'gamma': 0.0002131702054121594}. Best is trial 1 with value: 0.5.
/data/home/rtabares/anaconda3/envs/pyth3.12/lib/python3.12/site-packages/sklearn/metrics/_classification.py:2524: UserWarning: y_pred contains classes not in y_true
  warnings.warn("y_pred contains classes not in y_true")
[I 2025-05-04 17:45:17,153] Trial 13 finished with value: 0.5 and parameters: {'C': 0.09632353334281099, 'gamma': 0.002557724496767398}. Best is trial 1 with value: 0.5.
/data/home/rtabares/anaconda3/envs/pyth3.12/lib/python3.12/site-packages/sklearn/metrics/_classification.py:2524: UserWarning: y_pred contains classes not in y_true
  warnings.warn("y_pred contains classes not in y_true")
[I 2025-05-04 17:45:17,192] Trial 14 finished with value: 0.5 and parameters: {'C': 3.068096919713349, 'gamma': 0.0004563357714773132}. Best is trial 1 with value: 0.5.
/data/home/rtabares/anaconda3/envs/pyth3.12/lib/python3.12/site-packages/sklearn/metrics/_classification.py:2524: UserWarning: y_pred contains classes not in y_true
  warnings.warn("y_pred contains classes not in y_true")
[I 2025-05-04 17:45:17,216] Trial 15 finished with value: 0.5 and parameters: {'C': 0.019538623039684833, 'gamma': 0.0008488697885726318}. Best is trial 1 with value: 0.5.
/data/home/rtabares/anaconda3/envs/pyth3.12/lib/python3.12/site-packages/sklearn/metrics/_classification.py:2524: UserWarning: y_pred contains classes not in y_true
  warnings.warn("y_pred contains classes not in y_true")
[I 2025-05-04 17:45:17,852] Trial 16 finished with value: 0.5 and parameters: {'C': 0.17579519104407218, 'gamma': 0.005201625202643833}. Best is trial 1 with value: 0.5.
/data/home/rtabares/anaconda3/envs/pyth3.12/lib/python3.12/site-packages/sklearn/metrics/_classification.py:2524: UserWarning: y_pred contains classes not in y_true
  warnings.warn("y_pred contains classes not in y_true")
[I 2025-05-04 17:45:17,876] Trial 17 finished with value: 0.5 and parameters: {'C': 2.742022424306509, 'gamma': 0.00010361048592895877}. Best is trial 1 with value: 0.5.
/data/home/rtabares/anaconda3/envs/pyth3.12/lib/python3.12/site-packages/sklearn/metrics/_classification.py:2524: UserWarning: y_pred contains classes not in y_true
  warnings.warn("y_pred contains classes not in y_true")
[I 2025-05-04 17:45:17,900] Trial 18 finished with value: 0.5 and parameters: {'C': 46.421741619549, 'gamma': 0.0003362165872603532}. Best is trial 1 with value: 0.5.
/data/home/rtabares/anaconda3/envs/pyth3.12/lib/python3.12/site-packages/sklearn/metrics/_classification.py:2524: UserWarning: y_pred contains classes not in y_true
  warnings.warn("y_pred contains classes not in y_true")
[I 2025-05-04 17:45:17,923] Trial 19 finished with value: 0.5 and parameters: {'C': 0.02889026962766279, 'gamma': 0.005056032313534729}. Best is trial 1 with value: 0.5.
/data/home/rtabares/anaconda3/envs/pyth3.12/lib/python3.12/site-packages/sklearn/metrics/_classification.py:2524: UserWarning: y_pred contains classes not in y_true
  warnings.warn("y_pred contains classes not in y_true")
[I 2025-05-04 17:45:17,948] Trial 20 finished with value: 0.5 and parameters: {'C': 0.14276677663744955, 'gamma': 0.0011163894205627456}. Best is trial 1 with value: 0.5.
/data/home/rtabares/anaconda3/envs/pyth3.12/lib/python3.12/site-packages/sklearn/metrics/_classification.py:2524: UserWarning: y_pred contains classes not in y_true
  warnings.warn("y_pred contains classes not in y_true")
[I 2025-05-04 17:45:17,971] Trial 21 finished with value: 0.5 and parameters: {'C': 0.04699420574083724, 'gamma': 0.004384594351651848}. Best is trial 1 with value: 0.5.
/data/home/rtabares/anaconda3/envs/pyth3.12/lib/python3.12/site-packages/sklearn/metrics/_classification.py:2524: UserWarning: y_pred contains classes not in y_true
  warnings.warn("y_pred contains classes not in y_true")
[I 2025-05-04 17:45:18,601] Trial 22 finished with value: 0.5 and parameters: {'C': 0.022743411100955204, 'gamma': 0.0018614488117504816}. Best is trial 1 with value: 0.5.
/data/home/rtabares/anaconda3/envs/pyth3.12/lib/python3.12/site-packages/sklearn/metrics/_classification.py:2524: UserWarning: y_pred contains classes not in y_true
  warnings.warn("y_pred contains classes not in y_true")
[I 2025-05-04 17:45:18,626] Trial 23 finished with value: 0.5 and parameters: {'C': 0.010195517326882703, 'gamma': 0.00038737058767875413}. Best is trial 1 with value: 0.5.
/data/home/rtabares/anaconda3/envs/pyth3.12/lib/python3.12/site-packages/sklearn/metrics/_classification.py:2524: UserWarning: y_pred contains classes not in y_true
  warnings.warn("y_pred contains classes not in y_true")
[I 2025-05-04 17:45:19,258] Trial 24 finished with value: 0.5 and parameters: {'C': 0.22046874528123345, 'gamma': 0.008639950713774762}. Best is trial 1 with value: 0.5.
/data/home/rtabares/anaconda3/envs/pyth3.12/lib/python3.12/site-packages/sklearn/metrics/_classification.py:2524: UserWarning: y_pred contains classes not in y_true
  warnings.warn("y_pred contains classes not in y_true")
[I 2025-05-04 17:45:19,285] Trial 25 finished with value: 0.5 and parameters: {'C': 0.0681883233182961, 'gamma': 0.0027748203311630825}. Best is trial 1 with value: 0.5.
/data/home/rtabares/anaconda3/envs/pyth3.12/lib/python3.12/site-packages/sklearn/metrics/_classification.py:2524: UserWarning: y_pred contains classes not in y_true
  warnings.warn("y_pred contains classes not in y_true")
[I 2025-05-04 17:45:19,307] Trial 26 finished with value: 0.4 and parameters: {'C': 10.70036005704514, 'gamma': 0.8308541689381187}. Best is trial 1 with value: 0.5.
/data/home/rtabares/anaconda3/envs/pyth3.12/lib/python3.12/site-packages/sklearn/metrics/_classification.py:2524: UserWarning: y_pred contains classes not in y_true
  warnings.warn("y_pred contains classes not in y_true")
[I 2025-05-04 17:45:19,328] Trial 27 finished with value: 0.5 and parameters: {'C': 1.504819415410972, 'gamma': 0.00028110529925134617}. Best is trial 1 with value: 0.5.
/data/home/rtabares/anaconda3/envs/pyth3.12/lib/python3.12/site-packages/sklearn/metrics/_classification.py:2524: UserWarning: y_pred contains classes not in y_true
  warnings.warn("y_pred contains classes not in y_true")
[I 2025-05-04 17:45:19,353] Trial 28 finished with value: 0.5 and parameters: {'C': 0.01987310966792721, 'gamma': 0.0009405954924917268}. Best is trial 1 with value: 0.5.
/data/home/rtabares/anaconda3/envs/pyth3.12/lib/python3.12/site-packages/sklearn/metrics/_classification.py:2524: UserWarning: y_pred contains classes not in y_true
  warnings.warn("y_pred contains classes not in y_true")
[I 2025-05-04 17:45:19,378] Trial 29 finished with value: 0.5 and parameters: {'C': 0.10551131702092599, 'gamma': 0.028085891325774905}. Best is trial 1 with value: 0.5.
/data/home/rtabares/anaconda3/envs/pyth3.12/lib/python3.12/site-packages/xgboost/core.py:377: FutureWarning: Your system has an old version of glibc (< 2.28). We will stop supporting Linux distros with glibc older than 2.28 after **May 31, 2025**. Please upgrade to a recent Linux distro (with glibc >= 2.28) to use future versions of XGBoost.
Note: You have installed the 'manylinux2014' variant of XGBoost. Certain features such as GPU algorithms or federated learning are not available. To use these features, please upgrade to a recent Linux distro with glibc 2.28+, and install the 'manylinux_2_28' variant.
  warnings.warn(
[I 2025-05-04 17:45:21,212] A new study created in memory with name: logreg
/data/home/rtabares/anaconda3/envs/pyth3.12/lib/python3.12/site-packages/sklearn/metrics/_classification.py:2524: UserWarning: y_pred contains classes not in y_true
  warnings.warn("y_pred contains classes not in y_true")
[I 2025-05-04 17:45:21,236] Trial 0 finished with value: 0.5 and parameters: {'C': 0.12164941464151847, 'penalty': 'l2'}. Best is trial 0 with value: 0.5.
Parámetros guardados en checkpoint_shoppers_Dlatent_Roriginal/craig/best_models_craig_seed_1/svc_best_params.json


>>> Optuna tuning logreg


/data/home/rtabares/anaconda3/envs/pyth3.12/lib/python3.12/site-packages/sklearn/metrics/_classification.py:2524: UserWarning: y_pred contains classes not in y_true
  warnings.warn("y_pred contains classes not in y_true")
[I 2025-05-04 17:45:24,019] Trial 1 finished with value: 0.3 and parameters: {'C': 3.9959722831350617, 'penalty': 'l2'}. Best is trial 0 with value: 0.5.
/data/home/rtabares/anaconda3/envs/pyth3.12/lib/python3.12/site-packages/sklearn/metrics/_classification.py:2524: UserWarning: y_pred contains classes not in y_true
  warnings.warn("y_pred contains classes not in y_true")
[I 2025-05-04 17:45:24,420] Trial 2 finished with value: 0.5 and parameters: {'C': 0.0010013176560941261, 'penalty': 'l2'}. Best is trial 0 with value: 0.5.
/data/home/rtabares/anaconda3/envs/pyth3.12/lib/python3.12/site-packages/sklearn/metrics/_classification.py:2524: UserWarning: y_pred contains classes not in y_true
  warnings.warn("y_pred contains classes not in y_true")
[I 2025-05-04 17:45:24,451] Trial 3 finished with value: 0.5 and parameters: {'C': 0.0324835034508668, 'penalty': 'l2'}. Best is trial 0 with value: 0.5.
/data/home/rtabares/anaconda3/envs/pyth3.12/lib/python3.12/site-packages/sklearn/metrics/_classification.py:2524: UserWarning: y_pred contains classes not in y_true
  warnings.warn("y_pred contains classes not in y_true")
[I 2025-05-04 17:45:24,475] Trial 4 finished with value: 0.5 and parameters: {'C': 0.005417257182767969, 'penalty': 'l2'}. Best is trial 0 with value: 0.5.
/data/home/rtabares/anaconda3/envs/pyth3.12/lib/python3.12/site-packages/sklearn/metrics/_classification.py:2524: UserWarning: y_pred contains classes not in y_true
  warnings.warn("y_pred contains classes not in y_true")
[I 2025-05-04 17:45:24,498] Trial 5 finished with value: 0.5 and parameters: {'C': 0.0028952960233492846, 'penalty': 'l2'}. Best is trial 0 with value: 0.5.
/data/home/rtabares/anaconda3/envs/pyth3.12/lib/python3.12/site-packages/sklearn/metrics/_classification.py:2524: UserWarning: y_pred contains classes not in y_true
  warnings.warn("y_pred contains classes not in y_true")
[I 2025-05-04 17:45:24,511] Trial 6 finished with value: 0.5 and parameters: {'C': 0.008536916958038761, 'penalty': 'l2'}. Best is trial 0 with value: 0.5.
/data/home/rtabares/anaconda3/envs/pyth3.12/lib/python3.12/site-packages/sklearn/metrics/_classification.py:2524: UserWarning: y_pred contains classes not in y_true
  warnings.warn("y_pred contains classes not in y_true")
[I 2025-05-04 17:45:24,523] Trial 7 finished with value: 0.5 and parameters: {'C': 0.053432271255941216, 'penalty': 'l2'}. Best is trial 0 with value: 0.5.
/data/home/rtabares/anaconda3/envs/pyth3.12/lib/python3.12/site-packages/sklearn/metrics/_classification.py:2524: UserWarning: y_pred contains classes not in y_true
  warnings.warn("y_pred contains classes not in y_true")
[I 2025-05-04 17:45:24,536] Trial 8 finished with value: 0.5 and parameters: {'C': 0.09634681692624379, 'penalty': 'l2'}. Best is trial 0 with value: 0.5.
/data/home/rtabares/anaconda3/envs/pyth3.12/lib/python3.12/site-packages/sklearn/metrics/_classification.py:2524: UserWarning: y_pred contains classes not in y_true
  warnings.warn("y_pred contains classes not in y_true")
[I 2025-05-04 17:45:24,550] Trial 9 finished with value: 0.3 and parameters: {'C': 0.4944059287398678, 'penalty': 'l2'}. Best is trial 0 with value: 0.5.
/data/home/rtabares/anaconda3/envs/pyth3.12/lib/python3.12/site-packages/sklearn/metrics/_classification.py:2524: UserWarning: y_pred contains classes not in y_true
  warnings.warn("y_pred contains classes not in y_true")
[I 2025-05-04 17:45:24,578] Trial 10 finished with value: 0.3 and parameters: {'C': 67.90603441874381, 'penalty': 'l2'}. Best is trial 0 with value: 0.5.
/data/home/rtabares/anaconda3/envs/pyth3.12/lib/python3.12/site-packages/sklearn/metrics/_classification.py:2524: UserWarning: y_pred contains classes not in y_true
  warnings.warn("y_pred contains classes not in y_true")
[I 2025-05-04 17:45:24,611] Trial 11 finished with value: 0.3 and parameters: {'C': 1.4008696554237792, 'penalty': 'l2'}. Best is trial 0 with value: 0.5.
/data/home/rtabares/anaconda3/envs/pyth3.12/lib/python3.12/site-packages/sklearn/metrics/_classification.py:2524: UserWarning: y_pred contains classes not in y_true
  warnings.warn("y_pred contains classes not in y_true")
[I 2025-05-04 17:45:25,303] Trial 12 finished with value: 0.5 and parameters: {'C': 0.0011678227725506881, 'penalty': 'l2'}. Best is trial 0 with value: 0.5.
/data/home/rtabares/anaconda3/envs/pyth3.12/lib/python3.12/site-packages/sklearn/metrics/_classification.py:2524: UserWarning: y_pred contains classes not in y_true
  warnings.warn("y_pred contains classes not in y_true")
[I 2025-05-04 17:45:25,335] Trial 13 finished with value: 0.3 and parameters: {'C': 22.603606792007884, 'penalty': 'l2'}. Best is trial 0 with value: 0.5.
/data/home/rtabares/anaconda3/envs/pyth3.12/lib/python3.12/site-packages/sklearn/metrics/_classification.py:2524: UserWarning: y_pred contains classes not in y_true
  warnings.warn("y_pred contains classes not in y_true")
[I 2025-05-04 17:45:25,963] Trial 14 finished with value: 0.5 and parameters: {'C': 0.017925315947946566, 'penalty': 'l2'}. Best is trial 0 with value: 0.5.
/data/home/rtabares/anaconda3/envs/pyth3.12/lib/python3.12/site-packages/sklearn/metrics/_classification.py:2524: UserWarning: y_pred contains classes not in y_true
  warnings.warn("y_pred contains classes not in y_true")
[I 2025-05-04 17:45:25,995] Trial 15 finished with value: 0.5 and parameters: {'C': 0.1462138689121105, 'penalty': 'l2'}. Best is trial 0 with value: 0.5.
/data/home/rtabares/anaconda3/envs/pyth3.12/lib/python3.12/site-packages/sklearn/metrics/_classification.py:2524: UserWarning: y_pred contains classes not in y_true
  warnings.warn("y_pred contains classes not in y_true")
[I 2025-05-04 17:45:26,623] Trial 16 finished with value: 0.3 and parameters: {'C': 7.693806562481864, 'penalty': 'l2'}. Best is trial 0 with value: 0.5.
/data/home/rtabares/anaconda3/envs/pyth3.12/lib/python3.12/site-packages/sklearn/metrics/_classification.py:2524: UserWarning: y_pred contains classes not in y_true
  warnings.warn("y_pred contains classes not in y_true")
[I 2025-05-04 17:45:26,644] Trial 17 finished with value: 0.3 and parameters: {'C': 0.5262323213991917, 'penalty': 'l2'}. Best is trial 0 with value: 0.5.
/data/home/rtabares/anaconda3/envs/pyth3.12/lib/python3.12/site-packages/sklearn/metrics/_classification.py:2524: UserWarning: y_pred contains classes not in y_true
  warnings.warn("y_pred contains classes not in y_true")
[I 2025-05-04 17:45:26,662] Trial 18 finished with value: 0.5 and parameters: {'C': 0.0011146051557063533, 'penalty': 'l2'}. Best is trial 0 with value: 0.5.
/data/home/rtabares/anaconda3/envs/pyth3.12/lib/python3.12/site-packages/sklearn/metrics/_classification.py:2524: UserWarning: y_pred contains classes not in y_true
  warnings.warn("y_pred contains classes not in y_true")
[I 2025-05-04 17:45:26,681] Trial 19 finished with value: 0.5 and parameters: {'C': 0.21739908019028667, 'penalty': 'l2'}. Best is trial 0 with value: 0.5.
/data/home/rtabares/anaconda3/envs/pyth3.12/lib/python3.12/site-packages/sklearn/metrics/_classification.py:2524: UserWarning: y_pred contains classes not in y_true
  warnings.warn("y_pred contains classes not in y_true")
[I 2025-05-04 17:45:26,701] Trial 20 finished with value: 0.5 and parameters: {'C': 0.015237786483690268, 'penalty': 'l2'}. Best is trial 0 with value: 0.5.
/data/home/rtabares/anaconda3/envs/pyth3.12/lib/python3.12/site-packages/sklearn/metrics/_classification.py:2524: UserWarning: y_pred contains classes not in y_true
  warnings.warn("y_pred contains classes not in y_true")
[I 2025-05-04 17:45:26,719] Trial 21 finished with value: 0.5 and parameters: {'C': 0.042704254723834, 'penalty': 'l2'}. Best is trial 0 with value: 0.5.
/data/home/rtabares/anaconda3/envs/pyth3.12/lib/python3.12/site-packages/sklearn/metrics/_classification.py:2524: UserWarning: y_pred contains classes not in y_true
  warnings.warn("y_pred contains classes not in y_true")
[I 2025-05-04 17:45:27,355] Trial 22 finished with value: 0.5 and parameters: {'C': 0.030497012152912735, 'penalty': 'l2'}. Best is trial 0 with value: 0.5.
/data/home/rtabares/anaconda3/envs/pyth3.12/lib/python3.12/site-packages/sklearn/metrics/_classification.py:2524: UserWarning: y_pred contains classes not in y_true
  warnings.warn("y_pred contains classes not in y_true")
[I 2025-05-04 17:45:27,377] Trial 23 finished with value: 0.5 and parameters: {'C': 0.0030523776171017293, 'penalty': 'l2'}. Best is trial 0 with value: 0.5.
/data/home/rtabares/anaconda3/envs/pyth3.12/lib/python3.12/site-packages/sklearn/metrics/_classification.py:2524: UserWarning: y_pred contains classes not in y_true
  warnings.warn("y_pred contains classes not in y_true")
[I 2025-05-04 17:45:27,396] Trial 24 finished with value: 0.3 and parameters: {'C': 1.1391869426495067, 'penalty': 'l2'}. Best is trial 0 with value: 0.5.
/data/home/rtabares/anaconda3/envs/pyth3.12/lib/python3.12/site-packages/sklearn/metrics/_classification.py:2524: UserWarning: y_pred contains classes not in y_true
  warnings.warn("y_pred contains classes not in y_true")
[I 2025-05-04 17:45:28,019] Trial 25 finished with value: 0.5 and parameters: {'C': 0.08814984474798425, 'penalty': 'l2'}. Best is trial 0 with value: 0.5.
/data/home/rtabares/anaconda3/envs/pyth3.12/lib/python3.12/site-packages/sklearn/metrics/_classification.py:2524: UserWarning: y_pred contains classes not in y_true
  warnings.warn("y_pred contains classes not in y_true")
[I 2025-05-04 17:45:28,040] Trial 26 finished with value: 0.5 and parameters: {'C': 0.007829675474359499, 'penalty': 'l2'}. Best is trial 0 with value: 0.5.
/data/home/rtabares/anaconda3/envs/pyth3.12/lib/python3.12/site-packages/sklearn/metrics/_classification.py:2524: UserWarning: y_pred contains classes not in y_true
  warnings.warn("y_pred contains classes not in y_true")
[I 2025-05-04 17:45:28,069] Trial 27 finished with value: 0.5 and parameters: {'C': 0.2963600872680139, 'penalty': 'l2'}. Best is trial 0 with value: 0.5.
/data/home/rtabares/anaconda3/envs/pyth3.12/lib/python3.12/site-packages/sklearn/metrics/_classification.py:2524: UserWarning: y_pred contains classes not in y_true
  warnings.warn("y_pred contains classes not in y_true")
[I 2025-05-04 17:45:28,091] Trial 28 finished with value: 0.5 and parameters: {'C': 0.002966424165557137, 'penalty': 'l2'}. Best is trial 0 with value: 0.5.
/data/home/rtabares/anaconda3/envs/pyth3.12/lib/python3.12/site-packages/sklearn/metrics/_classification.py:2524: UserWarning: y_pred contains classes not in y_true
  warnings.warn("y_pred contains classes not in y_true")
