[I 2025-05-04 17:50:45,104] Trial 3 finished with value: 0.4 and parameters: {'C': 0.06585587677899403, 'gamma': 0.029997417348655162}. Best is trial 0 with value: 0.5.
[I 2025-05-04 17:50:45,117] Trial 4 finished with value: 0.5 and parameters: {'C': 0.15798603319028856, 'gamma': 0.0011676403660687692}. Best is trial 0 with value: 0.5.
[I 2025-05-04 17:50:45,130] Trial 5 finished with value: 0.4 and parameters: {'C': 3.051654279698754, 'gamma': 0.01307881440940144}. Best is trial 0 with value: 0.5.
[I 2025-05-04 17:50:45,144] Trial 6 finished with value: 0.4 and parameters: {'C': 0.034539797048540495, 'gamma': 0.01133215445049292}. Best is trial 0 with value: 0.5.
[I 2025-05-04 17:50:45,158] Trial 7 finished with value: 0.4 and parameters: {'C': 0.05467130776888186, 'gamma': 0.13846518531662885}. Best is trial 0 with value: 0.5.
[I 2025-05-04 17:50:45,171] Trial 8 finished with value: 0.4 and parameters: {'C': 26.055605528320903, 'gamma': 0.009483034914203468}. Best is trial 0 with value: 0.5.
[I 2025-05-04 17:50:45,184] Trial 9 finished with value: 0.5 and parameters: {'C': 24.335817588808105, 'gamma': 0.00020824851253449603}. Best is trial 0 with value: 0.5.
[I 2025-05-04 17:50:45,209] Trial 10 finished with value: 0.5 and parameters: {'C': 5.777493411820231, 'gamma': 0.00011387692581967695}. Best is trial 0 with value: 0.5.
[I 2025-05-04 17:50:45,886] Trial 11 finished with value: 0.5 and parameters: {'C': 1.549207993350783, 'gamma': 0.38609482064593204}. Best is trial 0 with value: 0.5.
[I 2025-05-04 17:50:46,577] Trial 12 finished with value: 0.5 and parameters: {'C': 0.42200756195514116, 'gamma': 0.0006082129786813713}. Best is trial 0 with value: 0.5.
[I 2025-05-04 17:50:46,600] Trial 13 finished with value: 0.5 and parameters: {'C': 4.428298886403992, 'gamma': 0.002937275677771331}. Best is trial 0 with value: 0.5.
[I 2025-05-04 17:50:46,621] Trial 14 finished with value: 0.5 and parameters: {'C': 0.014053355153900821, 'gamma': 0.00044664214666113714}. Best is trial 0 with value: 0.5.
[I 2025-05-04 17:50:46,646] Trial 15 finished with value: 0.4 and parameters: {'C': 80.78963648177103, 'gamma': 0.09264200616561681}. Best is trial 0 with value: 0.5.
[I 2025-05-04 17:50:46,666] Trial 16 finished with value: 0.5 and parameters: {'C': 0.39881841457963957, 'gamma': 0.004205298215919713}. Best is trial 0 with value: 0.5.
[I 2025-05-04 17:50:46,692] Trial 17 finished with value: 0.5 and parameters: {'C': 1.2773625882541284, 'gamma': 0.8379255861279092}. Best is trial 0 with value: 0.5.
[I 2025-05-04 17:50:46,715] Trial 18 finished with value: 0.4 and parameters: {'C': 10.98880947865165, 'gamma': 0.036058877945824665}. Best is trial 0 with value: 0.5.
[I 2025-05-04 17:50:46,736] Trial 19 finished with value: 0.5 and parameters: {'C': 0.1706629073143078, 'gamma': 0.00034327588128230655}. Best is trial 0 with value: 0.5.
[I 2025-05-04 17:50:46,760] Trial 20 finished with value: 0.5 and parameters: {'C': 0.864323921567758, 'gamma': 0.0007748817383445976}. Best is trial 0 with value: 0.5.
[I 2025-05-04 17:50:46,785] Trial 21 finished with value: 0.5 and parameters: {'C': 0.4873487656265072, 'gamma': 0.0017280783614111372}. Best is trial 0 with value: 0.5.
[I 2025-05-04 17:50:46,807] Trial 22 finished with value: 0.5 and parameters: {'C': 0.25262011723240224, 'gamma': 0.003649009309979889}. Best is trial 0 with value: 0.5.
[I 2025-05-04 17:50:46,830] Trial 23 finished with value: 0.5 and parameters: {'C': 1.8268241799836529, 'gamma': 0.00013782980802605352}. Best is trial 0 with value: 0.5.
[I 2025-05-04 17:50:47,461] Trial 24 finished with value: 0.5 and parameters: {'C': 0.736779954573373, 'gamma': 0.0020525178497673973}. Best is trial 0 with value: 0.5.
[I 2025-05-04 17:50:47,486] Trial 25 finished with value: 0.4 and parameters: {'C': 0.12114156635372249, 'gamma': 0.007564778927983074}. Best is trial 0 with value: 0.5.
[I 2025-05-04 17:50:47,507] Trial 26 finished with value: 0.5 and parameters: {'C': 2.4688271285267116, 'gamma': 0.024358619723251495}. Best is trial 0 with value: 0.5.
[I 2025-05-04 17:50:47,528] Trial 27 finished with value: 0.5 and parameters: {'C': 8.288787843709658, 'gamma': 0.00026046825824484063}. Best is trial 0 with value: 0.5.
[I 2025-05-04 17:50:47,549] Trial 28 finished with value: 0.5 and parameters: {'C': 0.776456371457642, 'gamma': 0.0012772907981278543}. Best is trial 0 with value: 0.5.
[I 2025-05-04 17:50:47,573] Trial 29 finished with value: 0.5 and parameters: {'C': 0.08284698903909819, 'gamma': 0.03068144480572699}. Best is trial 0 with value: 0.5.
[I 2025-05-04 17:50:51,119] A new study created in memory with name: logreg
Parámetros guardados en checkpoint_shoppers_Dlatent_Roriginal_ft/craig/best_models_craig_seed_2/svc_best_params.json


>>> Optuna tuning logreg


[I 2025-05-04 17:50:52,459] Trial 0 finished with value: 0.4 and parameters: {'C': 0.15134724182275533, 'penalty': 'l2'}. Best is trial 0 with value: 0.4.
[I 2025-05-04 17:50:52,556] Trial 1 finished with value: 0.4 and parameters: {'C': 0.00134781771168027, 'penalty': 'l2'}. Best is trial 0 with value: 0.4.
[I 2025-05-04 17:50:52,584] Trial 2 finished with value: 0.3 and parameters: {'C': 0.5601603817503298, 'penalty': 'l2'}. Best is trial 0 with value: 0.4.
[I 2025-05-04 17:50:52,597] Trial 3 finished with value: 0.4 and parameters: {'C': 0.15017995265951545, 'penalty': 'l2'}. Best is trial 0 with value: 0.4.
[I 2025-05-04 17:50:52,611] Trial 4 finished with value: 0.4 and parameters: {'C': 0.1264267606498664, 'penalty': 'l2'}. Best is trial 0 with value: 0.4.
[I 2025-05-04 17:50:52,635] Trial 5 finished with value: 0.5 and parameters: {'C': 0.044840877729077515, 'penalty': 'l2'}. Best is trial 5 with value: 0.5.
[I 2025-05-04 17:50:52,660] Trial 6 finished with value: 0.4 and parameters: {'C': 0.010549774340694125, 'penalty': 'l2'}. Best is trial 5 with value: 0.5.
[I 2025-05-04 17:50:52,675] Trial 7 finished with value: 0.4 and parameters: {'C': 1.248403080828608, 'penalty': 'l2'}. Best is trial 5 with value: 0.5.
[I 2025-05-04 17:50:52,688] Trial 8 finished with value: 0.4 and parameters: {'C': 0.03149730300397853, 'penalty': 'l2'}. Best is trial 5 with value: 0.5.
[I 2025-05-04 17:50:52,713] Trial 9 finished with value: 0.4 and parameters: {'C': 0.021584220823040776, 'penalty': 'l2'}. Best is trial 5 with value: 0.5.
[I 2025-05-04 17:50:52,745] Trial 10 finished with value: 0.4 and parameters: {'C': 26.015182919619694, 'penalty': 'l2'}. Best is trial 5 with value: 0.5.
[I 2025-05-04 17:50:53,370] Trial 11 finished with value: 0.4 and parameters: {'C': 4.511414952573581, 'penalty': 'l2'}. Best is trial 5 with value: 0.5.
[I 2025-05-04 17:50:54,118] Trial 12 finished with value: 0.4 and parameters: {'C': 0.0019327107369666828, 'penalty': 'l2'}. Best is trial 5 with value: 0.5.
[I 2025-05-04 17:50:54,140] Trial 13 finished with value: 0.4 and parameters: {'C': 3.1135565951049093, 'penalty': 'l2'}. Best is trial 5 with value: 0.5.
[I 2025-05-04 17:50:54,160] Trial 14 finished with value: 0.5 and parameters: {'C': 0.07696431639227506, 'penalty': 'l2'}. Best is trial 5 with value: 0.5.
[I 2025-05-04 17:50:54,188] Trial 15 finished with value: 0.4 and parameters: {'C': 0.008811600384110566, 'penalty': 'l2'}. Best is trial 5 with value: 0.5.
[I 2025-05-04 17:50:54,217] Trial 16 finished with value: 0.4 and parameters: {'C': 0.033371503182875684, 'penalty': 'l2'}. Best is trial 5 with value: 0.5.
[I 2025-05-04 17:50:54,249] Trial 17 finished with value: 0.3 and parameters: {'C': 0.4746576573369043, 'penalty': 'l2'}. Best is trial 5 with value: 0.5.
[I 2025-05-04 17:50:54,279] Trial 18 finished with value: 0.4 and parameters: {'C': 0.0054662771751374595, 'penalty': 'l2'}. Best is trial 5 with value: 0.5.
[I 2025-05-04 17:50:54,308] Trial 19 finished with value: 0.4 and parameters: {'C': 81.54157114966708, 'penalty': 'l2'}. Best is trial 5 with value: 0.5.
[I 2025-05-04 17:50:54,329] Trial 20 finished with value: 0.5 and parameters: {'C': 0.0573522232836628, 'penalty': 'l2'}. Best is trial 5 with value: 0.5.
[I 2025-05-04 17:50:54,347] Trial 21 finished with value: 0.5 and parameters: {'C': 0.049911982523529436, 'penalty': 'l2'}. Best is trial 5 with value: 0.5.
[I 2025-05-04 17:50:54,378] Trial 22 finished with value: 0.4 and parameters: {'C': 0.08363078486184011, 'penalty': 'l2'}. Best is trial 5 with value: 0.5.
[I 2025-05-04 17:50:55,015] Trial 23 finished with value: 0.3 and parameters: {'C': 0.3239663978508635, 'penalty': 'l2'}. Best is trial 5 with value: 0.5.
[I 2025-05-04 17:50:55,036] Trial 24 finished with value: 0.4 and parameters: {'C': 0.0038271640572995797, 'penalty': 'l2'}. Best is trial 5 with value: 0.5.
[I 2025-05-04 17:50:55,053] Trial 25 finished with value: 0.4 and parameters: {'C': 0.012536651959856272, 'penalty': 'l2'}. Best is trial 5 with value: 0.5.
[I 2025-05-04 17:50:55,072] Trial 26 finished with value: 0.5 and parameters: {'C': 0.058322454968471625, 'penalty': 'l2'}. Best is trial 5 with value: 0.5.
[I 2025-05-04 17:50:55,092] Trial 27 finished with value: 0.4 and parameters: {'C': 1.571322251763477, 'penalty': 'l2'}. Best is trial 5 with value: 0.5.
[I 2025-05-04 17:50:55,112] Trial 28 finished with value: 0.4 and parameters: {'C': 0.019450763434972203, 'penalty': 'l2'}. Best is trial 5 with value: 0.5.
[I 2025-05-04 17:50:55,128] Trial 29 finished with value: 0.3 and parameters: {'C': 0.22309830099328112, 'penalty': 'l2'}. Best is trial 5 with value: 0.5.
[I 2025-05-04 17:50:56,962] A new study created in memory with name: mlp
/data/home/rtabares/anaconda3/envs/pyth3.12/lib/python3.12/site-packages/sklearn/neural_network/_multilayer_perceptron.py:691: ConvergenceWarning: Stochastic Optimizer: Maximum iterations (50) reached and the optimization hasn't converged yet.
  warnings.warn(
/data/home/rtabares/anaconda3/envs/pyth3.12/lib/python3.12/site-packages/sklearn/neural_network/_multilayer_perceptron.py:691: ConvergenceWarning: Stochastic Optimizer: Maximum iterations (50) reached and the optimization hasn't converged yet.
  warnings.warn(
/data/home/rtabares/anaconda3/envs/pyth3.12/lib/python3.12/site-packages/sklearn/neural_network/_multilayer_perceptron.py:691: ConvergenceWarning: Stochastic Optimizer: Maximum iterations (50) reached and the optimization hasn't converged yet.
  warnings.warn(
/data/home/rtabares/anaconda3/envs/pyth3.12/lib/python3.12/site-packages/sklearn/neural_network/_multilayer_perceptron.py:691: ConvergenceWarning: Stochastic Optimizer: Maximum iterations (50) reached and the optimization hasn't converged yet.
  warnings.warn(
/data/home/rtabares/anaconda3/envs/pyth3.12/lib/python3.12/site-packages/sklearn/neural_network/_multilayer_perceptron.py:691: ConvergenceWarning: Stochastic Optimizer: Maximum iterations (50) reached and the optimization hasn't converged yet.
  warnings.warn(
[I 2025-05-04 17:50:57,520] Trial 0 finished with value: 0.6 and parameters: {'hidden_layer_sizes': (100, 100), 'max_iter': 50, 'alpha': 0.0001}. Best is trial 0 with value: 0.6.
Parámetros guardados en checkpoint_shoppers_Dlatent_Roriginal_ft/craig/best_models_craig_seed_2/logreg_best_params.json


>>> Optuna tuning mlp


/data/home/rtabares/anaconda3/envs/pyth3.12/lib/python3.12/site-packages/sklearn/neural_network/_multilayer_perceptron.py:691: ConvergenceWarning: Stochastic Optimizer: Maximum iterations (50) reached and the optimization hasn't converged yet.
  warnings.warn(
/data/home/rtabares/anaconda3/envs/pyth3.12/lib/python3.12/site-packages/sklearn/neural_network/_multilayer_perceptron.py:691: ConvergenceWarning: Stochastic Optimizer: Maximum iterations (50) reached and the optimization hasn't converged yet.
  warnings.warn(
/data/home/rtabares/anaconda3/envs/pyth3.12/lib/python3.12/site-packages/sklearn/neural_network/_multilayer_perceptron.py:691: ConvergenceWarning: Stochastic Optimizer: Maximum iterations (50) reached and the optimization hasn't converged yet.
  warnings.warn(
/data/home/rtabares/anaconda3/envs/pyth3.12/lib/python3.12/site-packages/sklearn/neural_network/_multilayer_perceptron.py:691: ConvergenceWarning: Stochastic Optimizer: Maximum iterations (50) reached and the optimization hasn't converged yet.
  warnings.warn(
/data/home/rtabares/anaconda3/envs/pyth3.12/lib/python3.12/site-packages/sklearn/neural_network/_multilayer_perceptron.py:691: ConvergenceWarning: Stochastic Optimizer: Maximum iterations (50) reached and the optimization hasn't converged yet.
  warnings.warn(
[I 2025-05-04 17:50:59,714] Trial 1 finished with value: 0.3 and parameters: {'hidden_layer_sizes': (100,), 'max_iter': 50, 'alpha': 0.001}. Best is trial 0 with value: 0.6.
/data/home/rtabares/anaconda3/envs/pyth3.12/lib/python3.12/site-packages/sklearn/neural_network/_multilayer_perceptron.py:691: ConvergenceWarning: Stochastic Optimizer: Maximum iterations (100) reached and the optimization hasn't converged yet.
  warnings.warn(
/data/home/rtabares/anaconda3/envs/pyth3.12/lib/python3.12/site-packages/sklearn/neural_network/_multilayer_perceptron.py:691: ConvergenceWarning: Stochastic Optimizer: Maximum iterations (100) reached and the optimization hasn't converged yet.
  warnings.warn(
[I 2025-05-04 17:51:00,000] Trial 2 finished with value: 0.3 and parameters: {'hidden_layer_sizes': (100, 100), 'max_iter': 100, 'alpha': 0.001}. Best is trial 0 with value: 0.6.
/data/home/rtabares/anaconda3/envs/pyth3.12/lib/python3.12/site-packages/sklearn/neural_network/_multilayer_perceptron.py:691: ConvergenceWarning: Stochastic Optimizer: Maximum iterations (100) reached and the optimization hasn't converged yet.
  warnings.warn(
/data/home/rtabares/anaconda3/envs/pyth3.12/lib/python3.12/site-packages/sklearn/neural_network/_multilayer_perceptron.py:691: ConvergenceWarning: Stochastic Optimizer: Maximum iterations (100) reached and the optimization hasn't converged yet.
  warnings.warn(
/data/home/rtabares/anaconda3/envs/pyth3.12/lib/python3.12/site-packages/sklearn/neural_network/_multilayer_perceptron.py:691: ConvergenceWarning: Stochastic Optimizer: Maximum iterations (100) reached and the optimization hasn't converged yet.
  warnings.warn(
/data/home/rtabares/anaconda3/envs/pyth3.12/lib/python3.12/site-packages/sklearn/neural_network/_multilayer_perceptron.py:691: ConvergenceWarning: Stochastic Optimizer: Maximum iterations (100) reached and the optimization hasn't converged yet.
  warnings.warn(
/data/home/rtabares/anaconda3/envs/pyth3.12/lib/python3.12/site-packages/sklearn/neural_network/_multilayer_perceptron.py:691: ConvergenceWarning: Stochastic Optimizer: Maximum iterations (100) reached and the optimization hasn't converged yet.
  warnings.warn(
[I 2025-05-04 17:51:00,059] Trial 3 finished with value: 0.4 and parameters: {'hidden_layer_sizes': (200,), 'max_iter': 100, 'alpha': 0.0001}. Best is trial 0 with value: 0.6.
/data/home/rtabares/anaconda3/envs/pyth3.12/lib/python3.12/site-packages/sklearn/neural_network/_multilayer_perceptron.py:691: ConvergenceWarning: Stochastic Optimizer: Maximum iterations (100) reached and the optimization hasn't converged yet.
  warnings.warn(
/data/home/rtabares/anaconda3/envs/pyth3.12/lib/python3.12/site-packages/sklearn/neural_network/_multilayer_perceptron.py:691: ConvergenceWarning: Stochastic Optimizer: Maximum iterations (100) reached and the optimization hasn't converged yet.
  warnings.warn(
[I 2025-05-04 17:51:00,145] Trial 4 finished with value: 0.3 and parameters: {'hidden_layer_sizes': (100, 100), 'max_iter': 100, 'alpha': 0.001}. Best is trial 0 with value: 0.6.
/data/home/rtabares/anaconda3/envs/pyth3.12/lib/python3.12/site-packages/sklearn/neural_network/_multilayer_perceptron.py:691: ConvergenceWarning: Stochastic Optimizer: Maximum iterations (100) reached and the optimization hasn't converged yet.
  warnings.warn(
/data/home/rtabares/anaconda3/envs/pyth3.12/lib/python3.12/site-packages/sklearn/neural_network/_multilayer_perceptron.py:691: ConvergenceWarning: Stochastic Optimizer: Maximum iterations (100) reached and the optimization hasn't converged yet.
  warnings.warn(
/data/home/rtabares/anaconda3/envs/pyth3.12/lib/python3.12/site-packages/sklearn/neural_network/_multilayer_perceptron.py:691: ConvergenceWarning: Stochastic Optimizer: Maximum iterations (100) reached and the optimization hasn't converged yet.
  warnings.warn(
/data/home/rtabares/anaconda3/envs/pyth3.12/lib/python3.12/site-packages/sklearn/neural_network/_multilayer_perceptron.py:691: ConvergenceWarning: Stochastic Optimizer: Maximum iterations (100) reached and the optimization hasn't converged yet.
  warnings.warn(
/data/home/rtabares/anaconda3/envs/pyth3.12/lib/python3.12/site-packages/sklearn/neural_network/_multilayer_perceptron.py:691: ConvergenceWarning: Stochastic Optimizer: Maximum iterations (100) reached and the optimization hasn't converged yet.
  warnings.warn(
[I 2025-05-04 17:51:00,211] Trial 5 finished with value: 0.4 and parameters: {'hidden_layer_sizes': (200,), 'max_iter': 100, 'alpha': 0.0001}. Best is trial 0 with value: 0.6.
/data/home/rtabares/anaconda3/envs/pyth3.12/lib/python3.12/site-packages/sklearn/neural_network/_multilayer_perceptron.py:691: ConvergenceWarning: Stochastic Optimizer: Maximum iterations (100) reached and the optimization hasn't converged yet.
  warnings.warn(
/data/home/rtabares/anaconda3/envs/pyth3.12/lib/python3.12/site-packages/sklearn/neural_network/_multilayer_perceptron.py:691: ConvergenceWarning: Stochastic Optimizer: Maximum iterations (100) reached and the optimization hasn't converged yet.
  warnings.warn(
/data/home/rtabares/anaconda3/envs/pyth3.12/lib/python3.12/site-packages/sklearn/neural_network/_multilayer_perceptron.py:691: ConvergenceWarning: Stochastic Optimizer: Maximum iterations (100) reached and the optimization hasn't converged yet.
  warnings.warn(
/data/home/rtabares/anaconda3/envs/pyth3.12/lib/python3.12/site-packages/sklearn/neural_network/_multilayer_perceptron.py:691: ConvergenceWarning: Stochastic Optimizer: Maximum iterations (100) reached and the optimization hasn't converged yet.
  warnings.warn(
/data/home/rtabares/anaconda3/envs/pyth3.12/lib/python3.12/site-packages/sklearn/neural_network/_multilayer_perceptron.py:691: ConvergenceWarning: Stochastic Optimizer: Maximum iterations (100) reached and the optimization hasn't converged yet.
  warnings.warn(
[I 2025-05-04 17:51:00,267] Trial 6 finished with value: 0.4 and parameters: {'hidden_layer_sizes': (100,), 'max_iter': 100, 'alpha': 0.0001}. Best is trial 0 with value: 0.6.
/data/home/rtabares/anaconda3/envs/pyth3.12/lib/python3.12/site-packages/sklearn/neural_network/_multilayer_perceptron.py:691: ConvergenceWarning: Stochastic Optimizer: Maximum iterations (100) reached and the optimization hasn't converged yet.
  warnings.warn(
/data/home/rtabares/anaconda3/envs/pyth3.12/lib/python3.12/site-packages/sklearn/neural_network/_multilayer_perceptron.py:691: ConvergenceWarning: Stochastic Optimizer: Maximum iterations (100) reached and the optimization hasn't converged yet.
  warnings.warn(
/data/home/rtabares/anaconda3/envs/pyth3.12/lib/python3.12/site-packages/sklearn/neural_network/_multilayer_perceptron.py:691: ConvergenceWarning: Stochastic Optimizer: Maximum iterations (100) reached and the optimization hasn't converged yet.
  warnings.warn(
/data/home/rtabares/anaconda3/envs/pyth3.12/lib/python3.12/site-packages/sklearn/neural_network/_multilayer_perceptron.py:691: ConvergenceWarning: Stochastic Optimizer: Maximum iterations (100) reached and the optimization hasn't converged yet.
  warnings.warn(
/data/home/rtabares/anaconda3/envs/pyth3.12/lib/python3.12/site-packages/sklearn/neural_network/_multilayer_perceptron.py:691: ConvergenceWarning: Stochastic Optimizer: Maximum iterations (100) reached and the optimization hasn't converged yet.
  warnings.warn(
[I 2025-05-04 17:51:00,314] Trial 7 finished with value: 0.4 and parameters: {'hidden_layer_sizes': (100,), 'max_iter': 100, 'alpha': 0.0001}. Best is trial 0 with value: 0.6.
/data/home/rtabares/anaconda3/envs/pyth3.12/lib/python3.12/site-packages/sklearn/neural_network/_multilayer_perceptron.py:691: ConvergenceWarning: Stochastic Optimizer: Maximum iterations (50) reached and the optimization hasn't converged yet.
  warnings.warn(
/data/home/rtabares/anaconda3/envs/pyth3.12/lib/python3.12/site-packages/sklearn/neural_network/_multilayer_perceptron.py:691: ConvergenceWarning: Stochastic Optimizer: Maximum iterations (50) reached and the optimization hasn't converged yet.
  warnings.warn(
/data/home/rtabares/anaconda3/envs/pyth3.12/lib/python3.12/site-packages/sklearn/neural_network/_multilayer_perceptron.py:691: ConvergenceWarning: Stochastic Optimizer: Maximum iterations (50) reached and the optimization hasn't converged yet.
  warnings.warn(
/data/home/rtabares/anaconda3/envs/pyth3.12/lib/python3.12/site-packages/sklearn/neural_network/_multilayer_perceptron.py:691: ConvergenceWarning: Stochastic Optimizer: Maximum iterations (50) reached and the optimization hasn't converged yet.
  warnings.warn(
/data/home/rtabares/anaconda3/envs/pyth3.12/lib/python3.12/site-packages/sklearn/neural_network/_multilayer_perceptron.py:691: ConvergenceWarning: Stochastic Optimizer: Maximum iterations (50) reached and the optimization hasn't converged yet.
  warnings.warn(
