[I 2025-05-04 17:33:29,162] Trial 29 finished with value: 0.55 and parameters: {'hidden_layer_sizes': (200,), 'max_iter': 50, 'alpha': 0.001}. Best is trial 26 with value: 0.8.
Parámetros guardados en checkpoint_shoppers_Dlatent_Roriginal/random/best_models_random_seed_1/mlp_best_params.json
Categoricas entrenamiento:  7
Datos unicos de y_train:  [False  True]
Datos unicos de y_train luego:  [0 1]
No se creó ClassifierHead (num_classes no proporcionado o <= 0).
  0%|          | 0/3 [00:00<?, ?it/s] 33%|███▎      | 1/3 [00:00<00:00,  2.12it/s]100%|██████████| 3/3 [00:00<00:00,  4.81it/s]
Epoch 001/3000 Train Loss: 3.499479 (MSE:1.494630, CE:2.003834, KLD:0.131598)  Val Loss: 9.151518 (MSE:7.256784, CE:1.838825, KLD:7.245973)
  0%|          | 0/3 [00:00<?, ?it/s] 33%|███▎      | 1/3 [00:00<00:00,  2.08it/s]100%|██████████| 3/3 [00:00<00:00,  4.62it/s]
Epoch 002/3000 Train Loss: 2.666797 (MSE:0.923124, CE:1.741860, KLD:0.234986)  Val Loss: 2.432396 (MSE:0.767541, CE:1.646735, KLD:2.348394)
  0%|          | 0/3 [00:00<?, ?it/s] 33%|███▎      | 1/3 [00:00<00:00,  2.07it/s]100%|██████████| 3/3 [00:00<00:00,  4.63it/s]
Epoch 003/3000 Train Loss: 2.239525 (MSE:0.658863, CE:1.576946, KLD:0.481619)  Val Loss: 3.374607 (MSE:1.898118, CE:1.464555, KLD:1.546794)
  0%|          | 0/3 [00:00<?, ?it/s] 33%|███▎      | 1/3 [00:00<00:00,  2.10it/s]100%|██████████| 3/3 [00:00<00:00,  4.74it/s]
Epoch 004/3000 Train Loss: 1.834905 (MSE:0.466945, CE:1.361546, KLD:0.831364)  Val Loss: 1.758056 (MSE:0.522522, CE:1.223503, KLD:1.559268)
  0%|          | 0/3 [00:00<?, ?it/s] 33%|███▎      | 1/3 [00:00<00:00,  2.12it/s]100%|██████████| 3/3 [00:00<00:00,  4.83it/s]
Epoch 005/3000 Train Loss: 1.485399 (MSE:0.329450, CE:1.146162, KLD:1.268440)  Val Loss: 1.338300 (MSE:0.301013, CE:1.022803, KLD:1.877118)
  0%|          | 0/3 [00:00<?, ?it/s] 33%|███▎      | 1/3 [00:00<00:00,  2.11it/s]100%|██████████| 3/3 [00:00<00:00,  4.70it/s]
Epoch 006/3000 Train Loss: 1.243358 (MSE:0.264023, CE:0.965944, KLD:1.735585)  Val Loss: 1.139464 (MSE:0.264249, CE:0.857987, KLD:2.232984)
  0%|          | 0/3 [00:00<?, ?it/s] 33%|███▎      | 1/3 [00:00<00:00,  2.20it/s]100%|██████████| 3/3 [00:00<00:00,  4.87it/s]
Epoch 007/3000 Train Loss: 1.036358 (MSE:0.218655, CE:0.801018, KLD:2.162503)  Val Loss: 0.895160 (MSE:0.180481, CE:0.694784, KLD:2.578532)
  0%|          | 0/3 [00:00<?, ?it/s] 33%|███▎      | 1/3 [00:00<00:00,  2.08it/s]100%|██████████| 3/3 [00:00<00:00,  4.57it/s]
Epoch 008/3000 Train Loss: 0.846586 (MSE:0.169435, CE:0.657541, KLD:2.541668)  Val Loss: 0.798524 (MSE:0.203842, CE:0.572115, KLD:2.924731)
  0%|          | 0/3 [00:00<?, ?it/s] 33%|███▎      | 1/3 [00:00<00:00,  2.08it/s]100%|██████████| 3/3 [00:00<00:00,  4.63it/s]
Epoch 009/3000 Train Loss: 0.702826 (MSE:0.135809, CE:0.544588, KLD:2.906934)  Val Loss: 0.689154 (MSE:0.190968, CE:0.472972, KLD:3.267927)
  0%|          | 0/3 [00:00<?, ?it/s] 33%|███▎      | 1/3 [00:00<00:00,  2.08it/s]100%|██████████| 3/3 [00:00<00:00,  4.67it/s]
Epoch 010/3000 Train Loss: 0.584961 (MSE:0.108420, CE:0.451350, KLD:3.264805)  Val Loss: 0.552371 (MSE:0.131184, CE:0.393258, KLD:3.619652)
  0%|          | 0/3 [00:00<?, ?it/s] 33%|███▎      | 1/3 [00:00<00:00,  2.13it/s]100%|██████████| 3/3 [00:00<00:00,  4.81it/s]
Epoch 011/3000 Train Loss: 0.490369 (MSE:0.089085, CE:0.373433, KLD:3.609765)  Val Loss: 0.588239 (MSE:0.234934, CE:0.323139, KLD:3.909555)
  0%|          | 0/3 [00:00<?, ?it/s] 33%|███▎      | 1/3 [00:00<00:00,  2.16it/s]100%|██████████| 3/3 [00:00<00:00,  4.76it/s]
Epoch 012/3000 Train Loss: 0.413118 (MSE:0.078555, CE:0.304548, KLD:3.890221)  Val Loss: 0.596216 (MSE:0.287113, CE:0.277315, KLD:4.119838)
  0%|          | 0/3 [00:00<?, ?it/s] 33%|███▎      | 1/3 [00:00<00:00,  2.10it/s]100%|██████████| 3/3 [00:00<00:00,  4.79it/s]
Epoch 013/3000 Train Loss: 0.350060 (MSE:0.067996, CE:0.250346, KLD:4.110670)  Val Loss: 0.317889 (MSE:0.068482, CE:0.216230, KLD:4.299880)
  0%|          | 0/3 [00:00<?, ?it/s] 33%|███▎      | 1/3 [00:00<00:00,  2.13it/s]100%|██████████| 3/3 [00:00<00:00,  4.69it/s]
Epoch 014/3000 Train Loss: 0.297357 (MSE:0.056806, CE:0.207479, KLD:4.286350)  Val Loss: 0.407591 (MSE:0.195647, CE:0.177793, KLD:4.426107)
  0%|          | 0/3 [00:00<?, ?it/s] 33%|███▎      | 1/3 [00:00<00:00,  2.16it/s]100%|██████████| 3/3 [00:00<00:00,  4.73it/s]
Epoch 015/3000 Train Loss: 0.253189 (MSE:0.048833, CE:0.170226, KLD:4.423412)  Val Loss: 0.282556 (MSE:0.099536, CE:0.147921, KLD:4.549031)
  0%|          | 0/3 [00:00<?, ?it/s] 33%|███▎      | 1/3 [00:00<00:00,  2.09it/s]100%|██████████| 3/3 [00:00<00:00,  4.71it/s]
Epoch 016/3000 Train Loss: 0.216219 (MSE:0.041272, CE:0.139916, KLD:4.540254)  Val Loss: 0.211805 (MSE:0.056362, CE:0.119751, KLD:4.625834)
  0%|          | 0/3 [00:00<?, ?it/s] 33%|███▎      | 1/3 [00:00<00:00,  2.09it/s]100%|██████████| 3/3 [00:00<00:00,  4.72it/s]
Epoch 017/3000 Train Loss: 0.184943 (MSE:0.034859, CE:0.114498, KLD:4.612126)  Val Loss: 0.188464 (MSE:0.053034, CE:0.099348, KLD:4.676303)
  0%|          | 0/3 [00:00<?, ?it/s] 33%|███▎      | 1/3 [00:00<00:00,  2.08it/s]100%|██████████| 3/3 [00:00<00:00,  4.70it/s]
Epoch 018/3000 Train Loss: 0.161427 (MSE:0.031494, CE:0.093970, KLD:4.660940)  Val Loss: 0.198056 (MSE:0.080014, CE:0.081679, KLD:4.712876)
  0%|          | 0/3 [00:00<?, ?it/s] 33%|███▎      | 1/3 [00:00<00:00,  2.11it/s]100%|██████████| 3/3 [00:00<00:00,  4.58it/s]
Epoch 019/3000 Train Loss: 0.141968 (MSE:0.029036, CE:0.076647, KLD:4.702717)  Val Loss: 0.175114 (MSE:0.072111, CE:0.066369, KLD:4.747883)
  0%|          | 0/3 [00:00<?, ?it/s] 33%|███▎      | 1/3 [00:00<00:00,  2.18it/s]100%|██████████| 3/3 [00:00<00:00,  4.82it/s]
Epoch 020/3000 Train Loss: 0.127961 (MSE:0.029115, CE:0.062418, KLD:4.721290)  Val Loss: 0.133816 (MSE:0.042293, CE:0.055069, KLD:4.724749)
  0%|          | 0/3 [00:00<?, ?it/s] 33%|███▎      | 1/3 [00:00<00:00,  2.18it/s]100%|██████████| 3/3 [00:00<00:00,  4.89it/s]
Epoch 021/3000 Train Loss: 0.113194 (MSE:0.025763, CE:0.051228, KLD:4.692057)  Val Loss: 0.158715 (MSE:0.076009, CE:0.046542, KLD:4.686975)
  0%|          | 0/3 [00:00<?, ?it/s] 33%|███▎      | 1/3 [00:00<00:00,  2.09it/s]100%|██████████| 3/3 [00:00<00:00,  4.70it/s]
Epoch 022/3000 Train Loss: 0.101580 (MSE:0.022865, CE:0.042799, KLD:4.654854)  Val Loss: 0.109510 (MSE:0.033916, CE:0.039689, KLD:4.653430)
  0%|          | 0/3 [00:00<?, ?it/s] 33%|███▎      | 1/3 [00:00<00:00,  2.09it/s]100%|██████████| 3/3 [00:00<00:00,  4.64it/s]
Epoch 023/3000 Train Loss: 0.093151 (MSE:0.021338, CE:0.036161, KLD:4.620676)  Val Loss: 0.113302 (MSE:0.043406, CE:0.034295, KLD:4.614080)
  0%|          | 0/3 [00:00<?, ?it/s] 33%|███▎      | 1/3 [00:00<00:00,  2.14it/s]100%|██████████| 3/3 [00:00<00:00,  4.82it/s]
Epoch 024/3000 Train Loss: 0.086083 (MSE:0.019772, CE:0.030944, KLD:4.583714)  Val Loss: 0.109754 (MSE:0.044633, CE:0.029784, KLD:4.579988)
  0%|          | 0/3 [00:00<?, ?it/s] 33%|███▎      | 1/3 [00:00<00:00,  2.12it/s]100%|██████████| 3/3 [00:00<00:00,  4.64it/s]
Epoch 025/3000 Train Loss: 0.078929 (MSE:0.017228, CE:0.026571, KLD:4.553072)  Val Loss: 0.120820 (MSE:0.059418, CE:0.026306, KLD:4.548753)
  0%|          | 0/3 [00:00<?, ?it/s] 33%|███▎      | 1/3 [00:00<00:00,  2.06it/s]100%|██████████| 3/3 [00:00<00:00,  4.55it/s]
Epoch 026/3000 Train Loss: 0.073508 (MSE:0.015823, CE:0.022805, KLD:4.520655)  Val Loss: 0.096696 (MSE:0.039447, CE:0.022462, KLD:4.508510)
  0%|          | 0/3 [00:00<?, ?it/s] 33%|███▎      | 1/3 [00:00<00:00,  2.19it/s]100%|██████████| 3/3 [00:00<00:00,  4.37it/s]
Epoch 027/3000 Train Loss: 0.069028 (MSE:0.014802, CE:0.019645, KLD:4.481909)  Val Loss: 0.105399 (MSE:0.051206, CE:0.019702, KLD:4.470180)
  0%|          | 0/3 [00:00<?, ?it/s] 33%|███▎      | 1/3 [00:00<00:01,  1.80it/s]100%|██████████| 3/3 [00:00<00:00,  4.20it/s]
Epoch 028/3000 Train Loss: 0.064714 (MSE:0.013377, CE:0.017077, KLD:4.440275)  Val Loss: 0.107011 (MSE:0.055467, CE:0.017422, KLD:4.422463)
  0%|          | 0/3 [00:00<?, ?it/s] 33%|███▎      | 1/3 [00:00<00:00,  2.09it/s]100%|██████████| 3/3 [00:00<00:00,  4.62it/s]
Epoch 029/3000 Train Loss: 0.061721 (MSE:0.012745, CE:0.015104, KLD:4.390029)  Val Loss: 0.084698 (MSE:0.035237, CE:0.015762, KLD:4.367571)
  0%|          | 0/3 [00:00<?, ?it/s] 33%|███▎      | 1/3 [00:00<00:00,  2.06it/s]100%|██████████| 3/3 [00:00<00:00,  4.56it/s]
Epoch 030/3000 Train Loss: 0.058854 (MSE:0.011858, CE:0.013577, KLD:4.331221)  Val Loss: 0.072853 (MSE:0.024389, CE:0.015253, KLD:4.304420)
  0%|          | 0/3 [00:00<?, ?it/s] 33%|███▎      | 1/3 [00:00<00:00,  2.07it/s]100%|██████████| 3/3 [00:00<00:00,  4.68it/s]
Epoch 031/3000 Train Loss: 0.056556 (MSE:0.011295, CE:0.012315, KLD:4.269950)  Val Loss: 0.094380 (MSE:0.048170, CE:0.013477, KLD:4.242415)
  0%|          | 0/3 [00:00<?, ?it/s] 33%|███▎      | 1/3 [00:00<00:00,  2.16it/s]100%|██████████| 3/3 [00:00<00:00,  4.82it/s]
Epoch 032/3000 Train Loss: 0.054133 (MSE:0.010319, CE:0.011347, KLD:4.207998)  Val Loss: 0.068736 (MSE:0.024281, CE:0.012224, KLD:4.177282)
  0%|          | 0/3 [00:00<?, ?it/s] 33%|███▎      | 1/3 [00:00<00:00,  2.09it/s]100%|██████████| 3/3 [00:00<00:00,  4.59it/s]
Epoch 033/3000 Train Loss: 0.052748 (MSE:0.010226, CE:0.010566, KLD:4.141736)  Val Loss: 0.069770 (MSE:0.025583, CE:0.012493, KLD:4.107802)
  0%|          | 0/3 [00:00<?, ?it/s] 33%|███▎      | 1/3 [00:00<00:00,  2.18it/s]100%|██████████| 3/3 [00:00<00:00,  4.84it/s]
Epoch 034/3000 Train Loss: 0.051277 (MSE:0.009970, CE:0.009882, KLD:4.072796)  Val Loss: 0.085891 (MSE:0.042517, CE:0.012202, KLD:4.040102)
  0%|          | 0/3 [00:00<?, ?it/s] 33%|███▎      | 1/3 [00:00<00:00,  2.09it/s]100%|██████████| 3/3 [00:00<00:00,  4.67it/s]
Epoch 035/3000 Train Loss: 0.049708 (MSE:0.009504, CE:0.009308, KLD:4.004312)  Val Loss: 0.085430 (MSE:0.042936, CE:0.011855, KLD:3.971035)
  0%|          | 0/3 [00:00<?, ?it/s] 33%|███▎      | 1/3 [00:00<00:00,  2.15it/s]100%|██████████| 3/3 [00:00<00:00,  4.78it/s]
Epoch 036/3000 Train Loss: 0.048778 (MSE:0.009581, CE:0.008821, KLD:3.936752)  Val Loss: 0.070026 (MSE:0.030093, CE:0.009783, KLD:3.907723)
  0%|          | 0/3 [00:00<?, ?it/s] 33%|███▎      | 1/3 [00:00<00:00,  2.13it/s]100%|██████████| 3/3 [00:00<00:00,  4.72it/s]
Epoch 037/3000 Train Loss: 0.048102 (MSE:0.009784, CE:0.008441, KLD:3.872161)  Val Loss: 0.072355 (MSE:0.031994, CE:0.010727, KLD:3.840834)
  0%|          | 0/3 [00:00<?, ?it/s] 33%|███▎      | 1/3 [00:00<00:00,  2.22it/s]100%|██████████| 3/3 [00:00<00:00,  4.87it/s]
Epoch 038/3000 Train Loss: 0.047789 (MSE:0.010331, CE:0.008075, KLD:3.808247)  Val Loss: 0.062172 (MSE:0.022537, CE:0.010452, KLD:3.782142)
  0%|          | 0/3 [00:00<?, ?it/s] 33%|███▎      | 1/3 [00:00<00:00,  2.15it/s]100%|██████████| 3/3 [00:00<00:00,  4.80it/s]
Epoch 039/3000 Train Loss: 0.045159 (MSE:0.008480, CE:0.007764, KLD:3.747609)  Val Loss: 0.070486 (MSE:0.032703, CE:0.009038, KLD:3.725590)
  0%|          | 0/3 [00:00<?, ?it/s] 33%|███▎      | 1/3 [00:00<00:00,  2.06it/s]100%|██████████| 3/3 [00:00<00:00,  4.58it/s]
Epoch 040/3000 Train Loss: 0.044852 (MSE:0.008918, CE:0.007444, KLD:3.692427)  Val Loss: 0.068104 (MSE:0.030218, CE:0.009564, KLD:3.670673)
  0%|          | 0/3 [00:00<?, ?it/s] 33%|███▎      | 1/3 [00:00<00:00,  2.17it/s]100%|██████████| 3/3 [00:00<00:00,  4.76it/s]
Epoch 041/3000 Train Loss: 0.043288 (MSE:0.008003, CE:0.007204, KLD:3.639565)  Val Loss: 0.114715 (MSE:0.077348, CE:0.009451, KLD:3.618019)
  0%|          | 0/3 [00:00<?, ?it/s] 33%|███▎      | 1/3 [00:00<00:00,  2.06it/s]100%|██████████| 3/3 [00:00<00:00,  4.54it/s]
Epoch 042/3000 Train Loss: 0.042533 (MSE:0.007897, CE:0.006953, KLD:3.587806)  Val Loss: 0.072307 (MSE:0.035430, CE:0.009329, KLD:3.570332)
  0%|          | 0/3 [00:00<?, ?it/s] 33%|███▎      | 1/3 [00:00<00:00,  2.10it/s]100%|██████████| 3/3 [00:00<00:00,  4.76it/s]
Epoch 043/3000 Train Loss: 0.041907 (MSE:0.007845, CE:0.006746, KLD:3.540389)  Val Loss: 0.065084 (MSE:0.030500, CE:0.007390, KLD:3.524461)
  0%|          | 0/3 [00:00<?, ?it/s] 33%|███▎      | 1/3 [00:00<00:00,  2.13it/s]100%|██████████| 3/3 [00:00<00:00,  4.81it/s]
Epoch 044/3000 Train Loss: 0.040672 (MSE:0.007219, CE:0.006479, KLD:3.495889)  Val Loss: 0.070859 (MSE:0.034691, CE:0.009302, KLD:3.481874)
  0%|          | 0/3 [00:00<?, ?it/s] 33%|███▎      | 1/3 [00:00<00:00,  2.12it/s]100%|██████████| 3/3 [00:00<00:00,  4.76it/s]
Epoch 045/3000 Train Loss: 0.039671 (MSE:0.006767, CE:0.006251, KLD:3.454280)  Val Loss: 0.074501 (MSE:0.039900, CE:0.008047, KLD:3.441584)
  0%|          | 0/3 [00:00<?, ?it/s] 33%|███▎      | 1/3 [00:00<00:00,  2.14it/s]100%|██████████| 3/3 [00:00<00:00,  4.87it/s]
Epoch 046/3000 Train Loss: 0.039219 (MSE:0.006829, CE:0.006045, KLD:3.414366)  Val Loss: 0.059551 (MSE:0.026758, CE:0.006543, KLD:3.402280)
  0%|          | 0/3 [00:00<?, ?it/s] 33%|███▎      | 1/3 [00:00<00:00,  2.05it/s]100%|██████████| 3/3 [00:00<00:00,  4.64it/s]
Epoch 047/3000 Train Loss: 0.038597 (MSE:0.006721, CE:0.005840, KLD:3.374360)  Val Loss: 0.059194 (MSE:0.026650, CE:0.006592, KLD:3.363462)
  0%|          | 0/3 [00:00<?, ?it/s] 33%|███▎      | 1/3 [00:00<00:00,  2.11it/s]100%|██████████| 3/3 [00:00<00:00,  4.60it/s]
Epoch 048/3000 Train Loss: 0.037922 (MSE:0.006535, CE:0.005644, KLD:3.336384)  Val Loss: 0.060343 (MSE:0.027230, CE:0.007457, KLD:3.325137)
  0%|          | 0/3 [00:00<?, ?it/s] 33%|███▎      | 1/3 [00:00<00:00,  2.13it/s]100%|██████████| 3/3 [00:00<00:00,  4.66it/s]
Epoch 049/3000 Train Loss: 0.037457 (MSE:0.006529, CE:0.005482, KLD:3.297880)  Val Loss: 0.065444 (MSE:0.032673, CE:0.007385, KLD:3.290064)
  0%|          | 0/3 [00:00<?, ?it/s] 33%|███▎      | 1/3 [00:00<00:00,  2.22it/s]100%|██████████| 3/3 [00:00<00:00,  4.92it/s]
Epoch 050/3000 Train Loss: 0.037530 (MSE:0.007064, CE:0.005285, KLD:3.263557)  Val Loss: 0.060608 (MSE:0.029726, CE:0.005780, KLD:3.253427)
  0%|          | 0/3 [00:00<?, ?it/s] 33%|███▎      | 1/3 [00:00<00:00,  2.10it/s]100%|██████████| 3/3 [00:00<00:00,  4.55it/s]
Epoch 051/3000 Train Loss: 0.040061 (MSE:0.009992, CE:0.005162, KLD:3.228090)  Val Loss: 0.062623 (MSE:0.031550, CE:0.006214, KLD:3.221861)
  0%|          | 0/3 [00:00<?, ?it/s] 33%|███▎      | 1/3 [00:00<00:00,  2.07it/s]100%|██████████| 3/3 [00:00<00:00,  4.70it/s]
Epoch 052/3000 Train Loss: 0.039215 (MSE:0.009515, CE:0.005054, KLD:3.194232)  Val Loss: 0.059442 (MSE:0.029323, CE:0.005533, KLD:3.186393)
  0%|          | 0/3 [00:00<?, ?it/s] 33%|███▎      | 1/3 [00:00<00:00,  2.08it/s]100%|██████████| 3/3 [00:00<00:00,  4.60it/s]
Epoch 053/3000 Train Loss: 0.036974 (MSE:0.007650, CE:0.004935, KLD:3.161003)  Val Loss: 0.054698 (MSE:0.025045, CE:0.005329, KLD:3.152653)
  0%|          | 0/3 [00:00<?, ?it/s] 33%|███▎      | 1/3 [00:00<00:00,  2.16it/s]100%|██████████| 3/3 [00:00<00:00,  4.82it/s]
Epoch 054/3000 Train Loss: 0.035483 (MSE:0.006557, CE:0.004784, KLD:3.128949)  Val Loss: 0.066461 (MSE:0.035747, CE:0.006629, KLD:3.121688)
  0%|          | 0/3 [00:00<?, ?it/s] 33%|███▎      | 1/3 [00:00<00:00,  2.12it/s]100%|██████████| 3/3 [00:00<00:00,  4.62it/s]
Epoch 055/3000 Train Loss: 0.035614 (MSE:0.007025, CE:0.004684, KLD:3.098169)  Val Loss: 0.054088 (MSE:0.024018, CE:0.006207, KLD:3.092774)
  0%|          | 0/3 [00:00<?, ?it/s] 33%|███▎      | 1/3 [00:00<00:00,  2.19it/s]100%|██████████| 3/3 [00:00<00:00,  4.61it/s]
Epoch 056/3000 Train Loss: 0.034918 (MSE:0.006726, CE:0.004509, KLD:3.069430)  Val Loss: 0.056493 (MSE:0.026754, CE:0.006081, KLD:3.066127)
  0%|          | 0/3 [00:00<?, ?it/s] 33%|███▎      | 1/3 [00:00<00:00,  2.16it/s]100%|██████████| 3/3 [00:00<00:00,  4.80it/s]
Epoch 057/3000 Train Loss: 0.033896 (MSE:0.005975, CE:0.004458, KLD:3.040832)  Val Loss: 0.053314 (MSE:0.025305, CE:0.004570, KLD:3.037811)
  0%|          | 0/3 [00:00<?, ?it/s] 33%|███▎      | 1/3 [00:00<00:00,  2.17it/s]100%|██████████| 3/3 [00:00<00:00,  4.89it/s]
Epoch 058/3000 Train Loss: 0.033268 (MSE:0.005709, CE:0.004313, KLD:3.012937)  Val Loss: 0.053997 (MSE:0.026046, CE:0.004728, KLD:3.009934)
  0%|          | 0/3 [00:00<?, ?it/s] 33%|███▎      | 1/3 [00:00<00:00,  2.04it/s]100%|██████████| 3/3 [00:00<00:00,  4.28it/s]
Epoch 059/3000 Train Loss: 0.032870 (MSE:0.005610, CE:0.004233, KLD:2.984452)  Val Loss: 0.050700 (MSE:0.022280, CE:0.005431, KLD:2.979552)
  0%|          | 0/3 [00:00<?, ?it/s] 33%|███▎      | 1/3 [00:00<00:00,  2.09it/s]100%|██████████| 3/3 [00:00<00:00,  4.68it/s]
Epoch 060/3000 Train Loss: 0.032514 (MSE:0.005638, CE:0.004082, KLD:2.954362)  Val Loss: 0.062400 (MSE:0.034069, CE:0.005572, KLD:2.949677)
  0%|          | 0/3 [00:00<?, ?it/s] 33%|███▎      | 1/3 [00:00<00:00,  2.10it/s]100%|██████████| 3/3 [00:00<00:00,  4.71it/s]
Epoch 061/3000 Train Loss: 0.032119 (MSE:0.005557, CE:0.003988, KLD:2.925625)  Val Loss: 0.053135 (MSE:0.026121, CE:0.004472, KLD:2.921497)
  0%|          | 0/3 [00:00<?, ?it/s] 33%|███▎      | 1/3 [00:00<00:00,  2.06it/s]100%|██████████| 3/3 [00:00<00:00,  4.61it/s]
Epoch 062/3000 Train Loss: 0.031872 (MSE:0.005603, CE:0.003909, KLD:2.897941)  Val Loss: 0.053649 (MSE:0.027061, CE:0.004253, KLD:2.894688)
  0%|          | 0/3 [00:00<?, ?it/s] 33%|███▎      | 1/3 [00:00<00:00,  2.16it/s]100%|██████████| 3/3 [00:00<00:00,  4.86it/s]
Epoch 063/3000 Train Loss: 0.031394 (MSE:0.005423, CE:0.003814, KLD:2.871651)  Val Loss: 0.048280 (MSE:0.022091, CE:0.004043, KLD:2.870257)
  0%|          | 0/3 [00:00<?, ?it/s] 33%|███▎      | 1/3 [00:00<00:00,  2.10it/s]100%|██████████| 3/3 [00:00<00:00,  4.65it/s]
Epoch 064/3000 Train Loss: 0.030962 (MSE:0.005260, CE:0.003732, KLD:2.847441)  Val Loss: 0.051862 (MSE:0.025037, CE:0.004854, KLD:2.847439)
  0%|          | 0/3 [00:00<?, ?it/s] 33%|███▎      | 1/3 [00:00<00:00,  2.16it/s]100%|██████████| 3/3 [00:00<00:00,  4.73it/s]
Epoch 065/3000 Train Loss: 0.030681 (MSE:0.005212, CE:0.003676, KLD:2.824580)  Val Loss: 0.051192 (MSE:0.024078, CE:0.005318, KLD:2.824856)
  0%|          | 0/3 [00:00<?, ?it/s] 33%|███▎      | 1/3 [00:00<00:00,  2.18it/s]100%|██████████| 3/3 [00:00<00:00,  4.93it/s]
Epoch 066/3000 Train Loss: 0.030310 (MSE:0.005115, CE:0.003571, KLD:2.802475)  Val Loss: 0.048959 (MSE:0.022153, CE:0.005178, KLD:2.803203)
  0%|          | 0/3 [00:00<?, ?it/s] 33%|███▎      | 1/3 [00:00<00:00,  2.12it/s]100%|██████████| 3/3 [00:00<00:00,  4.66it/s]
Epoch 067/3000 Train Loss: 0.029908 (MSE:0.004959, CE:0.003497, KLD:2.780300)  Val Loss: 0.048312 (MSE:0.021489, CE:0.005369, KLD:2.780502)
  0%|          | 0/3 [00:00<?, ?it/s] 33%|███▎      | 1/3 [00:00<00:00,  2.10it/s]100%|██████████| 3/3 [00:00<00:00,  4.74it/s]
Epoch 068/3000 Train Loss: 0.029757 (MSE:0.005094, CE:0.003384, KLD:2.757887)  Val Loss: 0.051346 (MSE:0.024073, CE:0.005991, KLD:2.758179)
  0%|          | 0/3 [00:00<?, ?it/s] 33%|███▎      | 1/3 [00:00<00:00,  2.10it/s]100%|██████████| 3/3 [00:00<00:00,  4.68it/s]
Epoch 069/3000 Train Loss: 0.029375 (MSE:0.004909, CE:0.003354, KLD:2.736187)  Val Loss: 0.048231 (MSE:0.021151, CE:0.005962, KLD:2.736934)
  0%|          | 0/3 [00:00<?, ?it/s] 33%|███▎      | 1/3 [00:00<00:00,  2.14it/s]100%|██████████| 3/3 [00:00<00:00,  4.77it/s]
Epoch 070/3000 Train Loss: 0.028986 (MSE:0.004759, CE:0.003277, KLD:2.715292)  Val Loss: 0.049975 (MSE:0.022661, CE:0.006348, KLD:2.717313)
  0%|          | 0/3 [00:00<?, ?it/s] 33%|███▎      | 1/3 [00:00<00:00,  2.10it/s]100%|██████████| 3/3 [00:00<00:00,  4.80it/s]
Epoch 071/3000 Train Loss: 0.029304 (MSE:0.005316, CE:0.003189, KLD:2.695540)  Val Loss: 0.050661 (MSE:0.023874, CE:0.005978, KLD:2.697007)
  0%|          | 0/3 [00:00<?, ?it/s] 33%|███▎      | 1/3 [00:00<00:00,  2.18it/s]100%|██████████| 3/3 [00:00<00:00,  4.85it/s]
Epoch 072/3000 Train Loss: 0.029654 (MSE:0.005851, CE:0.003157, KLD:2.675871)  Val Loss: 0.049136 (MSE:0.021286, CE:0.007178, KLD:2.679171)
  0%|          | 0/3 [00:00<?, ?it/s] 33%|███▎      | 1/3 [00:00<00:00,  2.10it/s]100%|██████████| 3/3 [00:00<00:00,  4.72it/s]
Epoch 073/3000 Train Loss: 0.029551 (MSE:0.005978, CE:0.003074, KLD:2.656684)  Val Loss: 0.048464 (MSE:0.021691, CE:0.006274, KLD:2.656772)
  0%|          | 0/3 [00:00<?, ?it/s] 33%|███▎      | 1/3 [00:00<00:01,  1.29it/s]100%|██████████| 3/3 [00:01<00:00,  2.66it/s]
Epoch 074/3000 Train Loss: 0.028435 (MSE:0.005097, CE:0.003007, KLD:2.634985)  Val Loss: 0.047239 (MSE:0.020687, CE:0.006220, KLD:2.635185)
  0%|          | 0/3 [00:00<?, ?it/s] 33%|███▎      | 1/3 [00:00<00:01,  1.07it/s]100%|██████████| 3/3 [00:01<00:00,  2.18it/s]
Epoch 075/3000 Train Loss: 0.027674 (MSE:0.004529, CE:0.002985, KLD:2.612900)  Val Loss: 0.045769 (MSE:0.018847, CE:0.006759, KLD:2.613293)
  0%|          | 0/3 [00:00<?, ?it/s] 33%|███▎      | 1/3 [00:01<00:02,  1.26s/it]100%|██████████| 3/3 [00:01<00:00,  1.58it/s]
Epoch 076/3000 Train Loss: 0.027686 (MSE:0.004735, CE:0.002954, KLD:2.591736)  Val Loss: 0.048807 (MSE:0.022433, CE:0.006364, KLD:2.593296)
  0%|          | 0/3 [00:00<?, ?it/s] 33%|███▎      | 1/3 [00:00<00:01,  1.59it/s]100%|██████████| 3/3 [00:01<00:00,  2.93it/s]
Epoch 077/3000 Train Loss: 0.027486 (MSE:0.004752, CE:0.002888, KLD:2.572010)  Val Loss: 0.046438 (MSE:0.020653, CE:0.005918, KLD:2.574865)
  0%|          | 0/3 [00:00<?, ?it/s] 33%|███▎      | 1/3 [00:00<00:01,  1.54it/s]100%|██████████| 3/3 [00:00<00:00,  3.07it/s]
Epoch 078/3000 Train Loss: 0.027035 (MSE:0.004499, CE:0.002829, KLD:2.554188)  Val Loss: 0.046190 (MSE:0.020387, CE:0.006072, KLD:2.557290)
  0%|          | 0/3 [00:00<?, ?it/s] 33%|███▎      | 1/3 [00:00<00:01,  1.85it/s]100%|██████████| 3/3 [00:00<00:00,  4.33it/s]
Epoch 079/3000 Train Loss: 0.026927 (MSE:0.004508, CE:0.002840, KLD:2.537600)  Val Loss: 0.046719 (MSE:0.020339, CE:0.006756, KLD:2.543265)
  0%|          | 0/3 [00:00<?, ?it/s] 33%|███▎      | 1/3 [00:00<00:00,  2.15it/s]100%|██████████| 3/3 [00:00<00:00,  4.70