[I 2025-05-04 17:49:20,152] Trial 29 finished with value: 0.9 and parameters: {'hidden_layer_sizes': (200,), 'max_iter': 50, 'alpha': 0.0001}. Best is trial 16 with value: 0.95.
Parámetros guardados en checkpoint_shoppers_Dlatent_Roriginal/random/best_models_random_seed_2/mlp_best_params.json
Categoricas entrenamiento:  7
Datos unicos de y_train:  [False  True]
Datos unicos de y_train luego:  [0 1]
No se creó ClassifierHead (num_classes no proporcionado o <= 0).
  0%|          | 0/3 [00:00<?, ?it/s] 33%|███▎      | 1/3 [00:00<00:00,  2.16it/s]100%|██████████| 3/3 [00:00<00:00,  4.78it/s]
Epoch 001/3000 Train Loss: 3.524495 (MSE:1.439798, CE:2.083809, KLD:0.115077)  Val Loss: 3.222102 (MSE:1.379067, CE:1.841174, KLD:0.241218)
  0%|          | 0/3 [00:00<?, ?it/s] 33%|███▎      | 1/3 [00:00<00:00,  2.56it/s]100%|██████████| 3/3 [00:00<00:00,  5.58it/s]
Epoch 002/3000 Train Loss: 2.703545 (MSE:0.935770, CE:1.765844, KLD:0.250315)  Val Loss: 2.466342 (MSE:0.832954, CE:1.629868, KLD:0.456135)
  0%|          | 0/3 [00:00<?, ?it/s] 33%|███▎      | 1/3 [00:00<00:00,  2.57it/s]100%|██████████| 3/3 [00:00<00:00,  5.59it/s]
Epoch 003/3000 Train Loss: 2.258758 (MSE:0.689512, CE:1.565218, KLD:0.522135)  Val Loss: 2.121668 (MSE:0.671971, CE:1.443719, KLD:0.774776)
  0%|          | 0/3 [00:00<?, ?it/s] 33%|███▎      | 1/3 [00:00<00:00,  2.67it/s]100%|██████████| 3/3 [00:00<00:00,  5.84it/s]
Epoch 004/3000 Train Loss: 1.899634 (MSE:0.512672, CE:1.380307, KLD:0.862495)  Val Loss: 1.769618 (MSE:0.489233, CE:1.271484, KLD:1.153553)
  0%|          | 0/3 [00:00<?, ?it/s] 33%|███▎      | 1/3 [00:00<00:00,  2.47it/s]100%|██████████| 3/3 [00:00<00:00,  5.53it/s]
Epoch 005/3000 Train Loss: 1.571826 (MSE:0.358850, CE:1.203294, KLD:1.254828)  Val Loss: 1.414842 (MSE:0.311216, CE:1.091630, KLD:1.554760)
  0%|          | 0/3 [00:00<?, ?it/s] 33%|███▎      | 1/3 [00:00<00:00,  2.46it/s]100%|██████████| 3/3 [00:00<00:00,  5.42it/s]
Epoch 006/3000 Train Loss: 1.291762 (MSE:0.251694, CE:1.027211, KLD:1.666507)  Val Loss: 1.266355 (MSE:0.339835, CE:0.911242, KLD:1.980012)
  0%|          | 0/3 [00:00<?, ?it/s] 33%|███▎      | 1/3 [00:00<00:00,  2.57it/s]100%|██████████| 3/3 [00:00<00:00,  5.39it/s]
Epoch 007/3000 Train Loss: 1.054072 (MSE:0.187293, CE:0.850557, KLD:2.102361)  Val Loss: 0.930794 (MSE:0.175713, CE:0.736424, KLD:2.418021)
  0%|          | 0/3 [00:00<?, ?it/s] 33%|███▎      | 1/3 [00:00<00:00,  2.43it/s]100%|██████████| 3/3 [00:00<00:00,  5.45it/s]
Epoch 008/3000 Train Loss: 0.854160 (MSE:0.147222, CE:0.687377, KLD:2.535292)  Val Loss: 0.841464 (MSE:0.228205, CE:0.591463, KLD:2.824858)
  0%|          | 0/3 [00:00<?, ?it/s] 33%|███▎      | 1/3 [00:00<00:00,  2.56it/s]100%|██████████| 3/3 [00:00<00:00,  5.60it/s]
Epoch 009/3000 Train Loss: 0.692495 (MSE:0.111523, CE:0.558418, KLD:2.923086)  Val Loss: 0.631955 (MSE:0.124950, CE:0.482575, KLD:3.166226)
  0%|          | 0/3 [00:00<?, ?it/s] 33%|███▎      | 1/3 [00:00<00:00,  2.57it/s]100%|██████████| 3/3 [00:00<00:00,  5.54it/s]
Epoch 010/3000 Train Loss: 0.569649 (MSE:0.079902, CE:0.464651, KLD:3.252592)  Val Loss: 0.534308 (MSE:0.104809, CE:0.402759, KLD:3.465524)
  0%|          | 0/3 [00:00<?, ?it/s] 33%|███▎      | 1/3 [00:00<00:00,  2.54it/s]100%|██████████| 3/3 [00:00<00:00,  5.76it/s]
Epoch 011/3000 Train Loss: 0.476648 (MSE:0.063311, CE:0.386055, KLD:3.535898)  Val Loss: 0.449851 (MSE:0.094045, CE:0.327190, KLD:3.708797)
  0%|          | 0/3 [00:00<?, ?it/s] 33%|███▎      | 1/3 [00:00<00:00,  2.64it/s]100%|██████████| 3/3 [00:00<00:00,  5.88it/s]
Epoch 012/3000 Train Loss: 0.390920 (MSE:0.050891, CE:0.310984, KLD:3.764425)  Val Loss: 0.375132 (MSE:0.080393, CE:0.264708, KLD:3.892142)
  0%|          | 0/3 [00:00<?, ?it/s] 33%|███▎      | 1/3 [00:00<00:00,  2.55it/s]100%|██████████| 3/3 [00:00<00:00,  5.59it/s]
Epoch 013/3000 Train Loss: 0.322311 (MSE:0.042720, CE:0.249274, KLD:3.929268)  Val Loss: 0.317361 (MSE:0.073241, CE:0.213119, KLD:4.018016)
  0%|          | 0/3 [00:00<?, ?it/s] 33%|███▎      | 1/3 [00:00<00:00,  2.60it/s]100%|██████████| 3/3 [00:00<00:00,  5.78it/s]
Epoch 014/3000 Train Loss: 0.265351 (MSE:0.035597, CE:0.198600, KLD:4.037785)  Val Loss: 0.250913 (MSE:0.051278, CE:0.168081, KLD:4.089604)
  0%|          | 0/3 [00:00<?, ?it/s] 33%|███▎      | 1/3 [00:00<00:00,  2.60it/s]100%|██████████| 3/3 [00:00<00:00,  5.88it/s]
Epoch 015/3000 Train Loss: 0.216544 (MSE:0.029754, CE:0.155154, KLD:4.100259)  Val Loss: 0.205000 (MSE:0.043595, CE:0.129562, KLD:4.127011)
  0%|          | 0/3 [00:00<?, ?it/s] 33%|███▎      | 1/3 [00:00<00:00,  2.53it/s]100%|██████████| 3/3 [00:00<00:00,  5.69it/s]
Epoch 016/3000 Train Loss: 0.175458 (MSE:0.025323, CE:0.118279, KLD:4.128662)  Val Loss: 0.180043 (MSE:0.049693, CE:0.098388, KLD:4.142422)
  0%|          | 0/3 [00:00<?, ?it/s] 33%|███▎      | 1/3 [00:00<00:00,  2.07it/s]100%|██████████| 3/3 [00:00<00:00,  4.53it/s]
Epoch 017/3000 Train Loss: 0.142393 (MSE:0.021483, CE:0.088948, KLD:4.142333)  Val Loss: 0.163709 (MSE:0.056777, CE:0.074854, KLD:4.157470)
  0%|          | 0/3 [00:00<?, ?it/s] 33%|███▎      | 1/3 [00:00<00:00,  2.27it/s]100%|██████████| 3/3 [00:00<00:00,  5.12it/s]
Epoch 018/3000 Train Loss: 0.118227 (MSE:0.019033, CE:0.067125, KLD:4.156393)  Val Loss: 0.119953 (MSE:0.030165, CE:0.057605, KLD:4.171101)
  0%|          | 0/3 [00:00<?, ?it/s] 33%|███▎      | 1/3 [00:00<00:00,  2.40it/s]100%|██████████| 3/3 [00:00<00:00,  5.30it/s]
Epoch 019/3000 Train Loss: 0.100651 (MSE:0.017446, CE:0.051033, KLD:4.169738)  Val Loss: 0.118779 (MSE:0.041132, CE:0.045389, KLD:4.180839)
  0%|          | 0/3 [00:00<?, ?it/s] 33%|███▎      | 1/3 [00:00<00:00,  2.34it/s]100%|██████████| 3/3 [00:00<00:00,  5.26it/s]
Epoch 020/3000 Train Loss: 0.088216 (MSE:0.016334, CE:0.039668, KLD:4.175154)  Val Loss: 0.106247 (MSE:0.037581, CE:0.036471, KLD:4.172627)
  0%|          | 0/3 [00:00<?, ?it/s] 33%|███▎      | 1/3 [00:00<00:00,  2.56it/s]100%|██████████| 3/3 [00:00<00:00,  5.59it/s]
Epoch 021/3000 Train Loss: 0.078562 (MSE:0.014927, CE:0.031522, KLD:4.161942)  Val Loss: 0.085249 (MSE:0.023220, CE:0.030022, KLD:4.148217)
  0%|          | 0/3 [00:00<?, ?it/s] 33%|███▎      | 1/3 [00:00<00:00,  2.56it/s]100%|██████████| 3/3 [00:00<00:00,  5.71it/s]
Epoch 022/3000 Train Loss: 0.071028 (MSE:0.013323, CE:0.025816, KLD:4.133034)  Val Loss: 0.079322 (MSE:0.021967, CE:0.025665, KLD:4.107322)
  0%|          | 0/3 [00:00<?, ?it/s] 33%|███▎      | 1/3 [00:00<00:00,  2.34it/s]100%|██████████| 3/3 [00:00<00:00,  5.18it/s]
Epoch 023/3000 Train Loss: 0.065679 (MSE:0.012424, CE:0.021704, KLD:4.089201)  Val Loss: 0.077606 (MSE:0.024370, CE:0.021911, KLD:4.059903)
  0%|          | 0/3 [00:00<?, ?it/s] 33%|███▎      | 1/3 [00:00<00:00,  2.08it/s]100%|██████████| 3/3 [00:00<00:00,  4.72it/s]
Epoch 024/3000 Train Loss: 0.061486 (MSE:0.011590, CE:0.018705, KLD:4.042567)  Val Loss: 0.073080 (MSE:0.022848, CE:0.019244, KLD:4.016121)
  0%|          | 0/3 [00:00<?, ?it/s] 33%|███▎      | 1/3 [00:00<00:00,  2.05it/s]100%|██████████| 3/3 [00:00<00:00,  4.53it/s]
Epoch 025/3000 Train Loss: 0.058142 (MSE:0.010941, CE:0.016332, KLD:4.000906)  Val Loss: 0.084992 (MSE:0.037415, CE:0.016874, KLD:3.979240)
  0%|          | 0/3 [00:00<?, ?it/s] 33%|███▎      | 1/3 [00:00<00:00,  2.06it/s]100%|██████████| 3/3 [00:00<00:00,  4.59it/s]
Epoch 026/3000 Train Loss: 0.055339 (MSE:0.010379, CE:0.014381, KLD:3.963284)  Val Loss: 0.067347 (MSE:0.022058, CE:0.014905, KLD:3.937934)
  0%|          | 0/3 [00:00<?, ?it/s] 33%|███▎      | 1/3 [00:00<00:00,  2.11it/s]100%|██████████| 3/3 [00:00<00:00,  4.74it/s]
Epoch 027/3000 Train Loss: 0.052094 (MSE:0.009067, CE:0.012787, KLD:3.919272)  Val Loss: 0.063469 (MSE:0.020127, CE:0.013336, KLD:3.888899)
  0%|          | 0/3 [00:00<?, ?it/s] 33%|███▎      | 1/3 [00:00<00:00,  2.16it/s]100%|██████████| 3/3 [00:00<00:00,  4.85it/s]
Epoch 028/3000 Train Loss: 0.050427 (MSE:0.009109, CE:0.011459, KLD:3.869860)  Val Loss: 0.064572 (MSE:0.022999, CE:0.011946, KLD:3.839782)
  0%|          | 0/3 [00:00<?, ?it/s] 33%|███▎      | 1/3 [00:00<00:00,  2.63it/s]100%|██████████| 3/3 [00:00<00:00,  5.72it/s]
Epoch 029/3000 Train Loss: 0.047822 (MSE:0.007987, CE:0.010363, KLD:3.819710)  Val Loss: 0.059797 (MSE:0.019846, CE:0.010715, KLD:3.789136)
  0%|          | 0/3 [00:00<?, ?it/s] 33%|███▎      | 1/3 [00:00<00:00,  2.62it/s]100%|██████████| 3/3 [00:00<00:00,  5.75it/s]
Epoch 030/3000 Train Loss: 0.046677 (MSE:0.008236, CE:0.009360, KLD:3.768958)  Val Loss: 0.067181 (MSE:0.028539, CE:0.009804, KLD:3.737602)
  0%|          | 0/3 [00:00<?, ?it/s] 33%|███▎      | 1/3 [00:00<00:00,  2.58it/s]100%|██████████| 3/3 [00:00<00:00,  5.63it/s]
Epoch 031/3000 Train Loss: 0.044782 (MSE:0.007551, CE:0.008558, KLD:3.716238)  Val Loss: 0.066857 (MSE:0.029488, CE:0.008962, KLD:3.681591)
  0%|          | 0/3 [00:00<?, ?it/s] 33%|███▎      | 1/3 [00:00<00:00,  2.63it/s]100%|██████████| 3/3 [00:00<00:00,  5.25it/s]
Epoch 032/3000 Train Loss: 0.043315 (MSE:0.007173, CE:0.007900, KLD:3.660344)  Val Loss: 0.053107 (MSE:0.016920, CE:0.008206, KLD:3.626557)
  0%|          | 0/3 [00:00<?, ?it/s] 33%|███▎      | 1/3 [00:00<00:00,  2.62it/s]100%|██████████| 3/3 [00:00<00:00,  5.75it/s]
Epoch 033/3000 Train Loss: 0.042421 (MSE:0.007283, CE:0.007323, KLD:3.604983)  Val Loss: 0.054339 (MSE:0.019123, CE:0.007670, KLD:3.570160)
  0%|          | 0/3 [00:00<?, ?it/s] 33%|███▎      | 1/3 [00:00<00:00,  2.47it/s]100%|██████████| 3/3 [00:00<00:00,  5.53it/s]
Epoch 034/3000 Train Loss: 0.041155 (MSE:0.006906, CE:0.006864, KLD:3.549327)  Val Loss: 0.049530 (MSE:0.015254, CE:0.007145, KLD:3.516230)
  0%|          | 0/3 [00:00<?, ?it/s] 33%|███▎      | 1/3 [00:00<00:00,  2.49it/s]100%|██████████| 3/3 [00:00<00:00,  5.62it/s]
Epoch 035/3000 Train Loss: 0.039938 (MSE:0.006552, CE:0.006417, KLD:3.495378)  Val Loss: 0.051362 (MSE:0.018021, CE:0.006627, KLD:3.462280)
  0%|          | 0/3 [00:00<?, ?it/s] 33%|███▎      | 1/3 [00:00<00:00,  2.11it/s]100%|██████████| 3/3 [00:00<00:00,  4.65it/s]
Epoch 036/3000 Train Loss: 0.039218 (MSE:0.006574, CE:0.006095, KLD:3.440866)  Val Loss: 0.058206 (MSE:0.025323, CE:0.006584, KLD:3.408526)
  0%|          | 0/3 [00:00<?, ?it/s] 33%|███▎      | 1/3 [00:00<00:00,  2.10it/s]100%|██████████| 3/3 [00:00<00:00,  4.72it/s]
Epoch 037/3000 Train Loss: 0.038259 (MSE:0.006305, CE:0.005819, KLD:3.387145)  Val Loss: 0.051730 (MSE:0.019802, CE:0.006040, KLD:3.355321)
  0%|          | 0/3 [00:00<?, ?it/s] 33%|███▎      | 1/3 [00:00<00:00,  2.64it/s]100%|██████████| 3/3 [00:00<00:00,  5.79it/s]
Epoch 038/3000 Train Loss: 0.037056 (MSE:0.005753, CE:0.005573, KLD:3.334864)  Val Loss: 0.047426 (MSE:0.016182, CE:0.005742, KLD:3.305220)
  0%|          | 0/3 [00:00<?, ?it/s] 33%|███▎      | 1/3 [00:00<00:00,  2.53it/s]100%|██████████| 3/3 [00:00<00:00,  5.35it/s]
Epoch 039/3000 Train Loss: 0.036415 (MSE:0.005768, CE:0.005309, KLD:3.284006)  Val Loss: 0.047867 (MSE:0.017159, CE:0.005603, KLD:3.253688)
  0%|          | 0/3 [00:00<?, ?it/s] 33%|███▎      | 1/3 [00:00<00:00,  2.55it/s]100%|██████████| 3/3 [00:00<00:00,  5.68it/s]
Epoch 040/3000 Train Loss: 0.035564 (MSE:0.005492, CE:0.005126, KLD:3.233117)  Val Loss: 0.046023 (MSE:0.016034, CE:0.005261, KLD:3.204912)
  0%|          | 0/3 [00:00<?, ?it/s] 33%|███▎      | 1/3 [00:00<00:00,  2.66it/s]100%|██████████| 3/3 [00:00<00:00,  5.90it/s]
Epoch 041/3000 Train Loss: 0.034786 (MSE:0.005299, CE:0.004912, KLD:3.184978)  Val Loss: 0.046158 (MSE:0.016776, CE:0.005026, KLD:3.156743)
  0%|          | 0/3 [00:00<?, ?it/s] 33%|███▎      | 1/3 [00:00<00:00,  2.49it/s]100%|██████████| 3/3 [00:00<00:00,  5.61it/s]
Epoch 042/3000 Train Loss: 0.034319 (MSE:0.005377, CE:0.004741, KLD:3.136456)  Val Loss: 0.037434 (MSE:0.008531, CE:0.004912, KLD:3.109397)
  0%|          | 0/3 [00:00<?, ?it/s] 33%|███▎      | 1/3 [00:00<00:00,  2.44it/s]100%|██████████| 3/3 [00:00<00:00,  5.48it/s]
Epoch 043/3000 Train Loss: 0.033738 (MSE:0.005283, CE:0.004614, KLD:3.090006)  Val Loss: 0.044935 (MSE:0.016610, CE:0.004683, KLD:3.064132)
  0%|          | 0/3 [00:00<?, ?it/s] 33%|███▎      | 1/3 [00:00<00:00,  2.47it/s]100%|██████████| 3/3 [00:00<00:00,  5.51it/s]
Epoch 044/3000 Train Loss: 0.032967 (MSE:0.005039, CE:0.004433, KLD:3.045142)  Val Loss: 0.039556 (MSE:0.011710, CE:0.004535, KLD:3.021197)
  0%|          | 0/3 [00:00<?, ?it/s] 33%|███▎      | 1/3 [00:00<00:00,  2.44it/s]100%|██████████| 3/3 [00:00<00:00,  5.33it/s]
Epoch 045/3000 Train Loss: 0.032467 (MSE:0.005032, CE:0.004266, KLD:3.002761)  Val Loss: 0.042061 (MSE:0.014639, CE:0.004425, KLD:2.980455)
  0%|          | 0/3 [00:00<?, ?it/s] 33%|███▎      | 1/3 [00:00<00:00,  2.30it/s]100%|██████████| 3/3 [00:00<00:00,  5.23it/s]
Epoch 046/3000 Train Loss: 0.031889 (MSE:0.004871, CE:0.004159, KLD:2.962600)  Val Loss: 0.039322 (MSE:0.012345, CE:0.004273, KLD:2.942586)
  0%|          | 0/3 [00:00<?, ?it/s] 33%|███▎      | 1/3 [00:00<00:00,  2.72it/s]100%|██████████| 3/3 [00:00<00:00,  5.79it/s]
Epoch 047/3000 Train Loss: 0.031848 (MSE:0.005249, CE:0.004029, KLD:2.925117)  Val Loss: 0.047164 (MSE:0.020544, CE:0.004203, KLD:2.905318)
  0%|          | 0/3 [00:00<?, ?it/s] 33%|███▎      | 1/3 [00:00<00:00,  2.55it/s]100%|██████████| 3/3 [00:00<00:00,  5.28it/s]
Epoch 048/3000 Train Loss: 0.033600 (MSE:0.007425, CE:0.003892, KLD:2.887986)  Val Loss: 0.040311 (MSE:0.014196, CE:0.003970, KLD:2.870095)
  0%|          | 0/3 [00:00<?, ?it/s] 33%|███▎      | 1/3 [00:00<00:00,  2.58it/s]100%|██████████| 3/3 [00:00<00:00,  5.67it/s]
Epoch 049/3000 Train Loss: 0.031971 (MSE:0.006199, CE:0.003761, KLD:2.852809)  Val Loss: 0.041372 (MSE:0.015536, CE:0.003958, KLD:2.835659)
  0%|          | 0/3 [00:00<?, ?it/s] 33%|███▎      | 1/3 [00:00<00:00,  2.64it/s]100%|██████████| 3/3 [00:00<00:00,  5.72it/s]
Epoch 050/3000 Train Loss: 0.031657 (MSE:0.006255, CE:0.003652, KLD:2.818943)  Val Loss: 0.036638 (MSE:0.011225, CE:0.003791, KLD:2.802326)
  0%|          | 0/3 [00:00<?, ?it/s] 33%|███▎      | 1/3 [00:00<00:00,  2.27it/s]100%|██████████| 3/3 [00:00<00:00,  5.13it/s]
Epoch 051/3000 Train Loss: 0.030237 (MSE:0.005201, CE:0.003540, KLD:2.785953)  Val Loss: 0.037957 (MSE:0.012943, CE:0.003645, KLD:2.769494)
  0%|          | 0/3 [00:00<?, ?it/s] 33%|███▎      | 1/3 [00:00<00:00,  2.48it/s]100%|██████████| 3/3 [00:00<00:00,  5.45it/s]
Epoch 052/3000 Train Loss: 0.029553 (MSE:0.004857, CE:0.003452, KLD:2.753264)  Val Loss: 0.035754 (MSE:0.011158, CE:0.003476, KLD:2.737350)
  0%|          | 0/3 [00:00<?, ?it/s] 33%|███▎      | 1/3 [00:00<00:00,  2.46it/s]100%|██████████| 3/3 [00:00<00:00,  5.17it/s]
Epoch 053/3000 Train Loss: 0.029121 (MSE:0.004775, CE:0.003348, KLD:2.721482)  Val Loss: 0.038419 (MSE:0.013788, CE:0.003742, KLD:2.707230)
  0%|          | 0/3 [00:00<?, ?it/s] 33%|███▎      | 1/3 [00:00<00:00,  2.42it/s]100%|██████████| 3/3 [00:00<00:00,  5.40it/s]
Epoch 054/3000 Train Loss: 0.028566 (MSE:0.004549, CE:0.003250, KLD:2.691589)  Val Loss: 0.035828 (MSE:0.011883, CE:0.003289, KLD:2.677184)
  0%|          | 0/3 [00:00<?, ?it/s] 33%|███▎      | 1/3 [00:00<00:00,  2.54it/s]100%|██████████| 3/3 [00:00<00:00,  5.51it/s]
Epoch 055/3000 Train Loss: 0.028001 (MSE:0.004320, CE:0.003148, KLD:2.661189)  Val Loss: 0.034732 (MSE:0.011107, CE:0.003203, KLD:2.646707)
  0%|          | 0/3 [00:00<?, ?it/s] 33%|███▎      | 1/3 [00:00<00:00,  2.67it/s]100%|██████████| 3/3 [00:00<00:00,  5.79it/s]
Epoch 056/3000 Train Loss: 0.027688 (MSE:0.004351, CE:0.003039, KLD:2.630679)  Val Loss: 0.035252 (MSE:0.011990, CE:0.003072, KLD:2.616686)
  0%|          | 0/3 [00:00<?, ?it/s] 33%|███▎      | 1/3 [00:00<00:00,  2.39it/s]100%|██████████| 3/3 [00:00<00:00,  5.42it/s]
Epoch 057/3000 Train Loss: 0.027268 (MSE:0.004239, CE:0.002964, KLD:2.600605)  Val Loss: 0.034841 (MSE:0.011898, CE:0.002972, KLD:2.588280)
  0%|          | 0/3 [00:00<?, ?it/s] 33%|███▎      | 1/3 [00:00<00:00,  2.49it/s]100%|██████████| 3/3 [00:00<00:00,  5.57it/s]
Epoch 058/3000 Train Loss: 0.026797 (MSE:0.004068, CE:0.002877, KLD:2.572868)  Val Loss: 0.038009 (MSE:0.015343, CE:0.002902, KLD:2.561480)
  0%|          | 0/3 [00:00<?, ?it/s] 33%|███▎      | 1/3 [00:00<00:00,  2.47it/s]100%|██████████| 3/3 [00:00<00:00,  5.46it/s]
Epoch 059/3000 Train Loss: 0.026457 (MSE:0.004009, CE:0.002803, KLD:2.546040)  Val Loss: 0.034565 (MSE:0.012171, CE:0.002830, KLD:2.535595)
  0%|          | 0/3 [00:00<?, ?it/s] 33%|███▎      | 1/3 [00:00<00:00,  2.40it/s]100%|██████████| 3/3 [00:00<00:00,  5.11it/s]
Epoch 060/3000 Train Loss: 0.026095 (MSE:0.003909, CE:0.002733, KLD:2.521219)  Val Loss: 0.031646 (MSE:0.009588, CE:0.002669, KLD:2.512903)
  0%|          | 0/3 [00:00<?, ?it/s] 33%|███▎      | 1/3 [00:00<00:00,  2.56it/s]100%|██████████| 3/3 [00:00<00:00,  5.75it/s]
Epoch 061/3000 Train Loss: 0.025863 (MSE:0.003957, CE:0.002626, KLD:2.498715)  Val Loss: 0.030314 (MSE:0.008469, CE:0.002629, KLD:2.490470)
  0%|          | 0/3 [00:00<?, ?it/s] 33%|███▎      | 1/3 [00:00<00:00,  2.48it/s]100%|██████████| 3/3 [00:00<00:00,  5.58it/s]
Epoch 062/3000 Train Loss: 0.025573 (MSE:0.003857, CE:0.002609, KLD:2.476310)  Val Loss: 0.032237 (MSE:0.010681, CE:0.002509, KLD:2.468713)
  0%|          | 0/3 [00:00<?, ?it/s] 33%|███▎      | 1/3 [00:00<00:00,  2.50it/s]100%|██████████| 3/3 [00:00<00:00,  5.36it/s]
Epoch 063/3000 Train Loss: 0.025167 (MSE:0.003737, CE:0.002486, KLD:2.455261)  Val Loss: 0.032626 (MSE:0.011285, CE:0.002445, KLD:2.449075)
  0%|          | 0/3 [00:00<?, ?it/s] 33%|███▎      | 1/3 [00:00<00:00,  2.71it/s]100%|██████████| 3/3 [00:00<00:00,  5.61it/s]
Epoch 064/3000 Train Loss: 0.024928 (MSE:0.003685, CE:0.002450, KLD:2.435684)  Val Loss: 0.031601 (MSE:0.010453, CE:0.002401, KLD:2.429565)
  0%|          | 0/3 [00:00<?, ?it/s] 33%|███▎      | 1/3 [00:00<00:00,  2.63it/s]100%|██████████| 3/3 [00:00<00:00,  5.81it/s]
Epoch 065/3000 Train Loss: 0.024711 (MSE:0.003688, CE:0.002382, KLD:2.416108)  Val Loss: 0.031648 (MSE:0.010674, CE:0.002377, KLD:2.410352)
  0%|          | 0/3 [00:00<?, ?it/s] 33%|███▎      | 1/3 [00:00<00:00,  2.48it/s]100%|██████████| 3/3 [00:00<00:00,  5.47it/s]
Epoch 066/3000 Train Loss: 0.024331 (MSE:0.003528, CE:0.002307, KLD:2.397094)  Val Loss: 0.030918 (MSE:0.010190, CE:0.002283, KLD:2.390572)
  0%|          | 0/3 [00:00<?, ?it/s] 33%|███▎      | 1/3 [00:00<00:00,  2.52it/s]100%|██████████| 3/3 [00:00<00:00,  5.69it/s]
Epoch 067/3000 Train Loss: 0.024151 (MSE:0.003566, CE:0.002245, KLD:2.377007)  Val Loss: 0.030773 (MSE:0.010249, CE:0.002228, KLD:2.371189)
  0%|          | 0/3 [00:00<?, ?it/s] 33%|███▎      | 1/3 [00:00<00:00,  2.45it/s]100%|██████████| 3/3 [00:00<00:00,  5.44it/s]
Epoch 068/3000 Train Loss: 0.023913 (MSE:0.003548, CE:0.002175, KLD:2.357440)  Val Loss: 0.030759 (MSE:0.009926, CE:0.002688, KLD:2.351742)
  0%|          | 0/3 [00:00<?, ?it/s] 33%|███▎      | 1/3 [00:00<00:00,  2.57it/s]100%|██████████| 3/3 [00:00<00:00,  5.77it/s]
Epoch 069/3000 Train Loss: 0.023641 (MSE:0.003455, CE:0.002148, KLD:2.337914)  Val Loss: 0.030370 (MSE:0.010231, CE:0.002147, KLD:2.331835)
  0%|          | 0/3 [00:00<?, ?it/s] 33%|███▎      | 1/3 [00:00<00:00,  2.60it/s]100%|██████████| 3/3 [00:00<00:00,  5.78it/s]
Epoch 070/3000 Train Loss: 0.023359 (MSE:0.003397, CE:0.002074, KLD:2.318285)  Val Loss: 0.028076 (MSE:0.008184, CE:0.002047, KLD:2.312752)
  0%|          | 0/3 [00:00<?, ?it/s] 33%|███▎      | 1/3 [00:00<00:00,  2.32it/s]100%|██████████| 3/3 [00:00<00:00,  4.93it/s]
Epoch 071/3000 Train Loss: 0.023138 (MSE:0.003374, CE:0.002025, KLD:2.299168)  Val Loss: 0.028432 (MSE:0.008761, CE:0.001972, KLD:2.293984)
  0%|          | 0/3 [00:00<?, ?it/s] 33%|███▎      | 1/3 [00:00<00:00,  2.04it/s]100%|██████████| 3/3 [00:00<00:00,  4.68it/s]
Epoch 072/3000 Train Loss: 0.023023 (MSE:0.003392, CE:0.002033, KLD:2.280799)  Val Loss: 0.028395 (MSE:0.008898, CE:0.001926, KLD:2.277375)
  0%|          | 0/3 [00:00<?, ?it/s] 33%|███▎      | 1/3 [00:00<00:00,  2.29it/s]100%|██████████| 3/3 [00:00<00:00,  5.25it/s]
Epoch 073/3000 Train Loss: 0.022743 (MSE:0.003331, CE:0.001941, KLD:2.264336)  Val Loss: 0.027688 (MSE:0.008325, CE:0.001915, KLD:2.261390)
  0%|          | 0/3 [00:00<?, ?it/s] 33%|███▎      | 1/3 [00:00<00:00,  2.48it/s]100%|██████████| 3/3 [00:00<00:00,  5.59it/s]
Epoch 074/3000 Train Loss: 0.022515 (MSE:0.003270, CE:0.001897, KLD:2.248389)  Val Loss: 0.028603 (MSE:0.009410, CE:0.001877, KLD:2.244221)
  0%|          | 0/3 [00:00<?, ?it/s] 33%|███▎      | 1/3 [00:00<00:00,  2.49it/s]100%|██████████| 3/3 [00:00<00:00,  5.52it/s]
Epoch 075/3000 Train Loss: 0.022516 (MSE:0.003416, CE:0.001884, KLD:2.231378)  Val Loss: 0.027029 (MSE:0.008042, CE:0.001790, KLD:2.228814)
  0%|          | 0/3 [00:00<?, ?it/s] 33%|███▎      | 1/3 [00:00<00:00,  2.58it/s]100%|██████████| 3/3 [00:00<00:00,  5.77it/s]
Epoch 076/3000 Train Loss: 0.022118 (MSE:0.003191, CE:0.001827, KLD:2.216177)  Val Loss: 0.027304 (MSE:0.008446, CE:0.001776, KLD:2.213878)
  0%|          | 0/3 [00:00<?, ?it/s] 33%|███▎      | 1/3 [00:00<00:00,  2.71it/s]100%|██████████| 3/3 [00:00<00:00,  5.87it/s]
Epoch 077/3000 Train Loss: 0.022101 (MSE:0.003320, CE:0.001799, KLD:2.201052)  Val Loss: 0.027787 (MSE:0.009138, CE:0.001687, KLD:2.198312)
  0%|          | 0/3 [00:00<?, ?it/s] 33%|███▎      | 1/3 [00:00<00:00,  2.67it/s]100%|██████████| 3/3 [00:00<00:00,  5.78it/s]
Epoch 078/3000 Train Loss: 0.022221 (MSE:0.003617, CE:0.001737, KLD:2.186106)  Val Loss: 0.027084 (MSE:0.008594, CE:0.001646, KLD:2.182980)
  0%|          | 0/3 [00:00<?, ?it/s] 33%|███▎      | 1/3 [00:00<00:00,  2.54it/s]100%|██████████| 3/3 [00:00<00:00,  5.68it/s]
Epoch 079/3000 Train Loss: 0.022334 (MSE:0.003849, CE:0.001736, KLD:2.170710)  Val Loss: 0.027624 (MSE:0.009245, CE:0.001648, KLD:2.168503)
  0%|          | 0/3 [00:00<?, ?it/s] 33%|███▎      | 1/3 [00:00<00:00,  2.56it/s]100%|██████████| 3/3 [00:00<00:00,  5.4