[I 2025-05-04 17:39:44,876] Trial 11 finished with value: 0.9 and parameters: {'n_estimators': 40, 'max_depth': 5, 'gamma': 0.6665038345191073, 'subsample': 0.9371452133191749, 'colsample_bytree': 0.7280327620659187}. Best is trial 0 with value: 0.9.
/data/home/rtabares/anaconda3/envs/pyth3.12/lib/python3.12/site-packages/xgboost/core.py:377: FutureWarning: Your system has an old version of glibc (< 2.28). We will stop supporting Linux distros with glibc older than 2.28 after **May 31, 2025**. Please upgrade to a recent Linux distro (with glibc >= 2.28) to use future versions of XGBoost.
Note: You have installed the 'manylinux2014' variant of XGBoost. Certain features such as GPU algorithms or federated learning are not available. To use these features, please upgrade to a recent Linux distro with glibc 2.28+, and install the 'manylinux_2_28' variant.
  warnings.warn(
[I 2025-05-04 17:39:45,534] Trial 12 finished with value: 0.9 and parameters: {'n_estimators': 40, 'max_depth': 20, 'gamma': 0.9945567099912451, 'subsample': 0.884576896264755, 'colsample_bytree': 0.8475439303432817}. Best is trial 0 with value: 0.9.
[I 2025-05-04 17:39:45,575] Trial 13 finished with value: 0.9 and parameters: {'n_estimators': 40, 'max_depth': 5, 'gamma': 0.3610293084183105, 'subsample': 0.8679298104881813, 'colsample_bytree': 0.6173514653850684}. Best is trial 0 with value: 0.9.
/data/home/rtabares/anaconda3/envs/pyth3.12/lib/python3.12/site-packages/xgboost/core.py:377: FutureWarning: Your system has an old version of glibc (< 2.28). We will stop supporting Linux distros with glibc older than 2.28 after **May 31, 2025**. Please upgrade to a recent Linux distro (with glibc >= 2.28) to use future versions of XGBoost.
Note: You have installed the 'manylinux2014' variant of XGBoost. Certain features such as GPU algorithms or federated learning are not available. To use these features, please upgrade to a recent Linux distro with glibc 2.28+, and install the 'manylinux_2_28' variant.
  warnings.warn(
[I 2025-05-04 17:39:46,239] Trial 14 finished with value: 0.9 and parameters: {'n_estimators': 40, 'max_depth': 30, 'gamma': 0.6954291732671058, 'subsample': 0.867331817141292, 'colsample_bytree': 0.9798895706396813}. Best is trial 0 with value: 0.9.
[I 2025-05-04 17:39:46,288] Trial 15 finished with value: 0.9 and parameters: {'n_estimators': 100, 'max_depth': 20, 'gamma': 0.37022985721530044, 'subsample': 0.987481736058009, 'colsample_bytree': 0.7330475312812272}. Best is trial 0 with value: 0.9.
/data/home/rtabares/anaconda3/envs/pyth3.12/lib/python3.12/site-packages/xgboost/core.py:377: FutureWarning: Your system has an old version of glibc (< 2.28). We will stop supporting Linux distros with glibc older than 2.28 after **May 31, 2025**. Please upgrade to a recent Linux distro (with glibc >= 2.28) to use future versions of XGBoost.
Note: You have installed the 'manylinux2014' variant of XGBoost. Certain features such as GPU algorithms or federated learning are not available. To use these features, please upgrade to a recent Linux distro with glibc 2.28+, and install the 'manylinux_2_28' variant.
  warnings.warn(
[I 2025-05-04 17:39:46,956] Trial 16 finished with value: 0.9 and parameters: {'n_estimators': 40, 'max_depth': 5, 'gamma': 0.45574038667017713, 'subsample': 0.9183953951596949, 'colsample_bytree': 0.6387875480347759}. Best is trial 0 with value: 0.9.
[I 2025-05-04 17:39:46,994] Trial 17 finished with value: 0.9 and parameters: {'n_estimators': 40, 'max_depth': 20, 'gamma': 0.2512162755014062, 'subsample': 0.8203072547174899, 'colsample_bytree': 0.5787929051577233}. Best is trial 0 with value: 0.9.
/data/home/rtabares/anaconda3/envs/pyth3.12/lib/python3.12/site-packages/xgboost/core.py:377: FutureWarning: Your system has an old version of glibc (< 2.28). We will stop supporting Linux distros with glibc older than 2.28 after **May 31, 2025**. Please upgrade to a recent Linux distro (with glibc >= 2.28) to use future versions of XGBoost.
Note: You have installed the 'manylinux2014' variant of XGBoost. Certain features such as GPU algorithms or federated learning are not available. To use these features, please upgrade to a recent Linux distro with glibc 2.28+, and install the 'manylinux_2_28' variant.
  warnings.warn(
[I 2025-05-04 17:39:47,649] Trial 18 finished with value: 0.9 and parameters: {'n_estimators': 100, 'max_depth': 5, 'gamma': 0.10450916142635516, 'subsample': 0.5807309777756933, 'colsample_bytree': 0.8336714539726663}. Best is trial 0 with value: 0.9.
[I 2025-05-04 17:39:47,686] Trial 19 finished with value: 0.9 and parameters: {'n_estimators': 10, 'max_depth': 30, 'gamma': 0.7870681544526525, 'subsample': 0.8268674783978738, 'colsample_bytree': 0.6885476395140673}. Best is trial 0 with value: 0.9.
[I 2025-05-04 17:39:47,735] Trial 20 finished with value: 0.9 and parameters: {'n_estimators': 100, 'max_depth': 20, 'gamma': 0.6800356504782072, 'subsample': 0.9391449638145477, 'colsample_bytree': 0.7779083179017775}. Best is trial 0 with value: 0.9.
[I 2025-05-04 17:39:47,773] Trial 21 finished with value: 0.9 and parameters: {'n_estimators': 10, 'max_depth': 20, 'gamma': 0.2187731666610341, 'subsample': 0.7804047588929528, 'colsample_bytree': 0.6157957954551296}. Best is trial 0 with value: 0.9.
[I 2025-05-04 17:39:47,812] Trial 22 finished with value: 0.9 and parameters: {'n_estimators': 10, 'max_depth': 20, 'gamma': 0.2934991215620866, 'subsample': 0.7229869817363149, 'colsample_bytree': 0.580004482435024}. Best is trial 0 with value: 0.9.
[I 2025-05-04 17:39:47,850] Trial 23 finished with value: 0.9 and parameters: {'n_estimators': 10, 'max_depth': 20, 'gamma': 0.1395874268683348, 'subsample': 0.8576599367910455, 'colsample_bytree': 0.7013727071916958}. Best is trial 0 with value: 0.9.
[I 2025-05-04 17:39:47,889] Trial 24 finished with value: 0.9 and parameters: {'n_estimators': 10, 'max_depth': 20, 'gamma': 0.43946777259292524, 'subsample': 0.9022145998759026, 'colsample_bytree': 0.6560744340137135}. Best is trial 0 with value: 0.9.
[I 2025-05-04 17:39:47,928] Trial 25 finished with value: 0.9 and parameters: {'n_estimators': 10, 'max_depth': 5, 'gamma': 0.3092289217052998, 'subsample': 0.7213715413828853, 'colsample_bytree': 0.7540526210165632}. Best is trial 0 with value: 0.9.
[I 2025-05-04 17:39:47,970] Trial 26 finished with value: 0.9 and parameters: {'n_estimators': 40, 'max_depth': 20, 'gamma': 0.20253095365041196, 'subsample': 0.8343834602834745, 'colsample_bytree': 0.5513346832798542}. Best is trial 0 with value: 0.9.
[I 2025-05-04 17:39:48,008] Trial 27 finished with value: 0.9 and parameters: {'n_estimators': 40, 'max_depth': 20, 'gamma': 0.6054699238668967, 'subsample': 0.7909378595869794, 'colsample_bytree': 0.6100335519829939}. Best is trial 0 with value: 0.9.
[I 2025-05-04 17:39:48,047] Trial 28 finished with value: 0.9 and parameters: {'n_estimators': 10, 'max_depth': 30, 'gamma': 0.9481988272318449, 'subsample': 0.9640615724233614, 'colsample_bytree': 0.6706876344840371}. Best is trial 0 with value: 0.9.
[I 2025-05-04 17:39:48,098] Trial 29 finished with value: 0.9 and parameters: {'n_estimators': 100, 'max_depth': 5, 'gamma': 0.5388709193332581, 'subsample': 0.7667515295731792, 'colsample_bytree': 0.7071904180271216}. Best is trial 0 with value: 0.9.
[I 2025-05-04 17:39:49,957] A new study created in memory with name: rf
[I 2025-05-04 17:39:52,761] Trial 0 finished with value: 0.8 and parameters: {'n_estimators': 274, 'max_depth': 3, 'min_samples_split': 6, 'min_samples_leaf': 5}. Best is trial 0 with value: 0.8.
Parámetros guardados en checkpoint_shoppers_Dlatent_Roriginal_ft/random/best_models_random_seed_2/xgb_best_params.json


>>> Optuna tuning rf


[I 2025-05-04 17:39:53,437] Trial 1 finished with value: 0.5 and parameters: {'n_estimators': 268, 'max_depth': 8, 'min_samples_split': 3, 'min_samples_leaf': 7}. Best is trial 0 with value: 0.8.
[I 2025-05-04 17:39:53,778] Trial 2 finished with value: 0.6 and parameters: {'n_estimators': 220, 'max_depth': 7, 'min_samples_split': 7, 'min_samples_leaf': 6}. Best is trial 0 with value: 0.8.
[I 2025-05-04 17:39:54,036] Trial 3 finished with value: 0.5 and parameters: {'n_estimators': 153, 'max_depth': 12, 'min_samples_split': 3, 'min_samples_leaf': 8}. Best is trial 0 with value: 0.8.
[I 2025-05-04 17:39:54,536] Trial 4 finished with value: 0.7 and parameters: {'n_estimators': 442, 'max_depth': 11, 'min_samples_split': 9, 'min_samples_leaf': 1}. Best is trial 0 with value: 0.8.
[I 2025-05-04 17:39:54,905] Trial 5 finished with value: 0.7 and parameters: {'n_estimators': 302, 'max_depth': 4, 'min_samples_split': 5, 'min_samples_leaf': 1}. Best is trial 0 with value: 0.8.
[I 2025-05-04 17:39:55,168] Trial 6 finished with value: 0.8 and parameters: {'n_estimators': 150, 'max_depth': 13, 'min_samples_split': 4, 'min_samples_leaf': 2}. Best is trial 0 with value: 0.8.
[I 2025-05-04 17:39:55,469] Trial 7 finished with value: 0.85 and parameters: {'n_estimators': 188, 'max_depth': 9, 'min_samples_split': 6, 'min_samples_leaf': 3}. Best is trial 7 with value: 0.85.
[I 2025-05-04 17:39:55,880] Trial 8 finished with value: 0.75 and parameters: {'n_estimators': 356, 'max_depth': 11, 'min_samples_split': 6, 'min_samples_leaf': 4}. Best is trial 7 with value: 0.85.
[I 2025-05-04 17:39:56,352] Trial 9 finished with value: 0.5 and parameters: {'n_estimators': 418, 'max_depth': 13, 'min_samples_split': 3, 'min_samples_leaf': 8}. Best is trial 7 with value: 0.85.
[I 2025-05-04 17:39:56,596] Trial 10 finished with value: 0.8 and parameters: {'n_estimators': 130, 'max_depth': 19, 'min_samples_split': 10, 'min_samples_leaf': 3}. Best is trial 7 with value: 0.85.
[I 2025-05-04 17:39:56,950] Trial 11 finished with value: 0.8 and parameters: {'n_estimators': 235, 'max_depth': 4, 'min_samples_split': 7, 'min_samples_leaf': 5}. Best is trial 7 with value: 0.85.
[I 2025-05-04 17:39:57,315] Trial 12 finished with value: 0.5 and parameters: {'n_estimators': 339, 'max_depth': 17, 'min_samples_split': 8, 'min_samples_leaf': 10}. Best is trial 7 with value: 0.85.
[I 2025-05-04 17:39:58,237] Trial 13 finished with value: 0.8 and parameters: {'n_estimators': 204, 'max_depth': 7, 'min_samples_split': 6, 'min_samples_leaf': 4}. Best is trial 7 with value: 0.85.
[I 2025-05-04 17:39:58,501] Trial 14 finished with value: 0.8 and parameters: {'n_estimators': 188, 'max_depth': 3, 'min_samples_split': 5, 'min_samples_leaf': 3}. Best is trial 7 with value: 0.85.
[I 2025-05-04 17:39:58,820] Trial 15 finished with value: 0.85 and parameters: {'n_estimators': 291, 'max_depth': 9, 'min_samples_split': 8, 'min_samples_leaf': 5}. Best is trial 7 with value: 0.85.
[I 2025-05-04 17:39:59,326] Trial 16 finished with value: 0.75 and parameters: {'n_estimators': 484, 'max_depth': 9, 'min_samples_split': 8, 'min_samples_leaf': 3}. Best is trial 7 with value: 0.85.
[I 2025-05-04 17:39:59,510] Trial 17 finished with value: 0.75 and parameters: {'n_estimators': 104, 'max_depth': 15, 'min_samples_split': 9, 'min_samples_leaf': 6}. Best is trial 7 with value: 0.85.
[I 2025-05-04 17:39:59,906] Trial 18 finished with value: 0.8 and parameters: {'n_estimators': 360, 'max_depth': 9, 'min_samples_split': 8, 'min_samples_leaf': 4}. Best is trial 7 with value: 0.85.
[I 2025-05-04 17:40:00,292] Trial 19 finished with value: 0.75 and parameters: {'n_estimators': 308, 'max_depth': 6, 'min_samples_split': 10, 'min_samples_leaf': 2}. Best is trial 7 with value: 0.85.
[I 2025-05-04 17:40:00,608] Trial 20 finished with value: 0.5 and parameters: {'n_estimators': 247, 'max_depth': 10, 'min_samples_split': 2, 'min_samples_leaf': 7}. Best is trial 7 with value: 0.85.
[I 2025-05-04 17:40:00,924] Trial 21 finished with value: 0.8 and parameters: {'n_estimators': 260, 'max_depth': 6, 'min_samples_split': 6, 'min_samples_leaf': 5}. Best is trial 7 with value: 0.85.
[I 2025-05-04 17:40:01,169] Trial 22 finished with value: 0.9 and parameters: {'n_estimators': 178, 'max_depth': 5, 'min_samples_split': 7, 'min_samples_leaf': 5}. Best is trial 22 with value: 0.9.
[I 2025-05-04 17:40:01,393] Trial 23 finished with value: 0.75 and parameters: {'n_estimators': 179, 'max_depth': 5, 'min_samples_split': 7, 'min_samples_leaf': 4}. Best is trial 22 with value: 0.9.
[I 2025-05-04 17:40:01,639] Trial 24 finished with value: 0.55 and parameters: {'n_estimators': 168, 'max_depth': 8, 'min_samples_split': 5, 'min_samples_leaf': 6}. Best is trial 22 with value: 0.9.
[I 2025-05-04 17:40:01,936] Trial 25 finished with value: 0.65 and parameters: {'n_estimators': 222, 'max_depth': 14, 'min_samples_split': 9, 'min_samples_leaf': 2}. Best is trial 22 with value: 0.9.
[I 2025-05-04 17:40:02,080] Trial 26 finished with value: 0.5 and parameters: {'n_estimators': 112, 'max_depth': 9, 'min_samples_split': 7, 'min_samples_leaf': 7}. Best is trial 22 with value: 0.9.
[I 2025-05-04 17:40:02,506] Trial 27 finished with value: 0.8 and parameters: {'n_estimators': 396, 'max_depth': 6, 'min_samples_split': 8, 'min_samples_leaf': 5}. Best is trial 22 with value: 0.9.
[I 2025-05-04 17:40:02,867] Trial 28 finished with value: 0.65 and parameters: {'n_estimators': 323, 'max_depth': 10, 'min_samples_split': 7, 'min_samples_leaf': 3}. Best is trial 22 with value: 0.9.
[I 2025-05-04 17:40:03,224] Trial 29 finished with value: 0.85 and parameters: {'n_estimators': 282, 'max_depth': 3, 'min_samples_split': 5, 'min_samples_leaf': 5}. Best is trial 22 with value: 0.9.
[I 2025-05-04 17:40:05,360] A new study created in memory with name: svc
[I 2025-05-04 17:40:05,384] Trial 0 finished with value: 0.65 and parameters: {'C': 0.5545996722241048, 'gamma': 0.00012697111322756423}. Best is trial 0 with value: 0.65.
Parámetros guardados en checkpoint_shoppers_Dlatent_Roriginal_ft/random/best_models_random_seed_2/rf_best_params.json


>>> Optuna tuning svc


[I 2025-05-04 17:40:08,229] Trial 1 finished with value: 0.7 and parameters: {'C': 1.579973895360496, 'gamma': 0.005511750757691415}. Best is trial 1 with value: 0.7.
[I 2025-05-04 17:40:08,529] Trial 2 finished with value: 0.65 and parameters: {'C': 0.48025424062174377, 'gamma': 0.002095749079193946}. Best is trial 1 with value: 0.7.
[I 2025-05-04 17:40:08,544] Trial 3 finished with value: 0.8 and parameters: {'C': 0.06585587677899403, 'gamma': 0.029997417348655162}. Best is trial 3 with value: 0.8.
[I 2025-05-04 17:40:08,558] Trial 4 finished with value: 0.65 and parameters: {'C': 0.15798603319028856, 'gamma': 0.0011676403660687692}. Best is trial 3 with value: 0.8.
[I 2025-05-04 17:40:08,572] Trial 5 finished with value: 0.9 and parameters: {'C': 3.051654279698754, 'gamma': 0.01307881440940144}. Best is trial 5 with value: 0.9.
[I 2025-05-04 17:40:08,587] Trial 6 finished with value: 0.7 and parameters: {'C': 0.034539797048540495, 'gamma': 0.01133215445049292}. Best is trial 5 with value: 0.9.
[I 2025-05-04 17:40:08,600] Trial 7 finished with value: 0.85 and parameters: {'C': 0.05467130776888186, 'gamma': 0.13846518531662885}. Best is trial 5 with value: 0.9.
[I 2025-05-04 17:40:08,613] Trial 8 finished with value: 0.9 and parameters: {'C': 26.055605528320903, 'gamma': 0.009483034914203468}. Best is trial 5 with value: 0.9.
[I 2025-05-04 17:40:08,627] Trial 9 finished with value: 0.65 and parameters: {'C': 24.335817588808105, 'gamma': 0.00020824851253449603}. Best is trial 5 with value: 0.9.
[I 2025-05-04 17:40:08,650] Trial 10 finished with value: 0.9 and parameters: {'C': 3.93605688752582, 'gamma': 0.6424272442653438}. Best is trial 5 with value: 0.9.
[I 2025-05-04 17:40:08,676] Trial 11 finished with value: 0.9 and parameters: {'C': 94.53105581256676, 'gamma': 0.04354029466352555}. Best is trial 5 with value: 0.9.
[I 2025-05-04 17:40:09,304] Trial 12 finished with value: 0.75 and parameters: {'C': 7.816956610394551, 'gamma': 0.001273550705289322}. Best is trial 5 with value: 0.9.
[I 2025-05-04 17:40:09,327] Trial 13 finished with value: 0.9 and parameters: {'C': 25.99419641486396, 'gamma': 0.07090885038188904}. Best is trial 5 with value: 0.9.
[I 2025-05-04 17:40:09,964] Trial 14 finished with value: 0.9 and parameters: {'C': 8.56111253589447, 'gamma': 0.010910338585549753}. Best is trial 5 with value: 0.9.
[I 2025-05-04 17:40:09,987] Trial 15 finished with value: 0.9 and parameters: {'C': 80.78963648177103, 'gamma': 0.2950077622875162}. Best is trial 5 with value: 0.9.
[I 2025-05-04 17:40:10,008] Trial 16 finished with value: 0.65 and parameters: {'C': 2.00739364972314, 'gamma': 0.0037717788453029413}. Best is trial 5 with value: 0.9.
[I 2025-05-04 17:40:10,032] Trial 17 finished with value: 0.65 and parameters: {'C': 0.011278738109245848, 'gamma': 0.0004707111247235158}. Best is trial 5 with value: 0.9.
[I 2025-05-04 17:40:10,054] Trial 18 finished with value: 0.9 and parameters: {'C': 23.849652495999457, 'gamma': 0.01766413236411288}. Best is trial 5 with value: 0.9.
[I 2025-05-04 17:40:10,704] Trial 19 finished with value: 0.9 and parameters: {'C': 8.74301253683558, 'gamma': 0.09135014071194893}. Best is trial 5 with value: 0.9.
[I 2025-05-04 17:40:10,727] Trial 20 finished with value: 0.85 and parameters: {'C': 3.6311993535014087, 'gamma': 0.0035734484558604023}. Best is trial 5 with value: 0.9.
[I 2025-05-04 17:40:10,753] Trial 21 finished with value: 0.8 and parameters: {'C': 5.309115073013653, 'gamma': 0.9507232783855046}. Best is trial 5 with value: 0.9.
[I 2025-05-04 17:40:10,775] Trial 22 finished with value: 0.7 and parameters: {'C': 0.6658307194189836, 'gamma': 0.9152893857958077}. Best is trial 5 with value: 0.9.
[I 2025-05-04 17:40:11,407] Trial 23 finished with value: 0.9 and parameters: {'C': 2.5819501607466444, 'gamma': 0.35929499967304446}. Best is trial 5 with value: 0.9.
[I 2025-05-04 17:40:11,431] Trial 24 finished with value: 0.9 and parameters: {'C': 38.751738722540814, 'gamma': 0.023216425588002958}. Best is trial 5 with value: 0.9.
[I 2025-05-04 17:40:12,097] Trial 25 finished with value: 0.9 and parameters: {'C': 1.2483914126209397, 'gamma': 0.23456914404454368}. Best is trial 5 with value: 0.9.
[I 2025-05-04 17:40:12,121] Trial 26 finished with value: 0.65 and parameters: {'C': 11.705918195914737, 'gamma': 0.0005042743694238337}. Best is trial 5 with value: 0.9.
[I 2025-05-04 17:40:12,141] Trial 27 finished with value: 0.85 and parameters: {'C': 0.30618189159078735, 'gamma': 0.0371993414512142}. Best is trial 5 with value: 0.9.
[I 2025-05-04 17:40:12,161] Trial 28 finished with value: 0.9 and parameters: {'C': 3.9345950150988678, 'gamma': 0.006861136937082391}. Best is trial 5 with value: 0.9.
[I 2025-05-04 17:40:12,187] Trial 29 finished with value: 0.65 and parameters: {'C': 18.029778239980185, 'gamma': 0.00013891875919092253}. Best is trial 5 with value: 0.9.
[I 2025-05-04 17:40:13,978] A new study created in memory with name: logreg
[I 2025-05-04 17:40:14,525] Trial 0 finished with value: 0.9 and parameters: {'C': 0.15134724182275533, 'penalty': 'l2'}. Best is trial 0 with value: 0.9.
Parámetros guardados en checkpoint_shoppers_Dlatent_Roriginal_ft/random/best_models_random_seed_2/svc_best_params.json


>>> Optuna tuning logreg


[I 2025-05-04 17:40:16,761] Trial 1 finished with value: 0.9 and parameters: {'C': 0.00134781771168027, 'penalty': 'l2'}. Best is trial 0 with value: 0.9.
[I 2025-05-04 17:40:17,016] Trial 2 finished with value: 0.9 and parameters: {'C': 0.5601603817503298, 'penalty': 'l2'}. Best is trial 0 with value: 0.9.
[I 2025-05-04 17:40:17,044] Trial 3 finished with value: 0.9 and parameters: {'C': 0.15017995265951545, 'penalty': 'l2'}. Best is trial 0 with value: 0.9.
[I 2025-05-04 17:40:17,069] Trial 4 finished with value: 0.9 and parameters: {'C': 0.1264267606498664, 'penalty': 'l2'}. Best is trial 0 with value: 0.9.
[I 2025-05-04 17:40:17,094] Trial 5 finished with value: 0.9 and parameters: {'C': 0.044840877729077515, 'penalty': 'l2'}. Best is trial 0 with value: 0.9.
[I 2025-05-04 17:40:17,119] Trial 6 finished with value: 0.9 and parameters: {'C': 0.010549774340694125, 'penalty': 'l2'}. Best is trial 0 with value: 0.9.
[I 2025-05-04 17:40:17,144] Trial 7 finished with value: 0.9 and parameters: {'C': 1.248403080828608, 'penalty': 'l2'}. Best is trial 0 with value: 0.9.
[I 2025-05-04 17:40:17,169] Trial 8 finished with value: 0.9 and parameters: {'C': 0.03149730300397853, 'penalty': 'l2'}. Best is trial 0 with value: 0.9.
[I 2025-05-04 17:40:17,194] Trial 9 finished with value: 0.9 and parameters: {'C': 0.021584220823040776, 'penalty': 'l2'}. Best is trial 0 with value: 0.9.
[I 2025-05-04 17:40:17,868] Trial 10 finished with value: 0.9 and parameters: {'C': 26.015182919619694, 'penalty': 'l2'}. Best is trial 0 with value: 0.9.
[I 2025-05-04 17:40:17,898] Trial 11 finished with value: 0.9 and parameters: {'C': 0.001176371971117908, 'penalty': 'l2'}. Best is trial 0 with value: 0.9.
[I 2025-05-04 17:40:18,534] Trial 12 finished with value: 0.9 and parameters: {'C': 0.001136550637943971, 'penalty': 'l2'}. Best is trial 0 with value: 0.9.
[I 2025-05-04 17:40:19,172] Trial 13 finished with value: 0.9 and parameters: {'C': 5.05278877551691, 'penalty': 'l2'}. Best is trial 0 with value: 0.9.
[I 2025-05-04 17:40:19,204] Trial 14 finished with value: 0.9 and parameters: {'C': 0.003541755125609463, 'penalty': 'l2'}. Best is trial 0 with value: 0.9.
[I 2025-05-04 17:40:19,235] Trial 15 finished with value: 0.9 and parameters: {'C': 77.6849705676342, 'penalty': 'l2'}. Best is trial 0 with value: 0.9.
[I 2025-05-04 17:40:19,870] Trial 16 finished with value: 0.9 and parameters: {'C': 7.653329043484061, 'penalty': 'l2'}. Best is trial 0 with value: 0.9.
[I 2025-05-04 17:40:19,899] Trial 17 finished with value: 0.9 and parameters: {'C': 1.5362107485579384, 'penalty': 'l2'}. Best is trial 0 with value: 0.9.
[I 2025-05-04 17:40:19,927] Trial 18 finished with value: 0.9 and parameters: {'C': 0.0075523275239011475, 'penalty': 'l2'}. Best is trial 0 with value: 0.9.
