[I 2025-05-04 17:50:19,464] Trial 5 finished with value: 0.7 and parameters: {'n_estimators': 100, 'max_depth': 20, 'gamma': 0.17388543004752233, 'subsample': 0.6831712008375102, 'colsample_bytree': 0.9254252520022508}. Best is trial 0 with value: 0.7.
/data/home/rtabares/anaconda3/envs/pyth3.12/lib/python3.12/site-packages/xgboost/core.py:377: FutureWarning: Your system has an old version of glibc (< 2.28). We will stop supporting Linux distros with glibc older than 2.28 after **May 31, 2025**. Please upgrade to a recent Linux distro (with glibc >= 2.28) to use future versions of XGBoost.
Note: You have installed the 'manylinux2014' variant of XGBoost. Certain features such as GPU algorithms or federated learning are not available. To use these features, please upgrade to a recent Linux distro with glibc 2.28+, and install the 'manylinux_2_28' variant.
  warnings.warn(
[I 2025-05-04 17:50:19,504] Trial 6 finished with value: 0.7 and parameters: {'n_estimators': 10, 'max_depth': 20, 'gamma': 0.8202325160193281, 'subsample': 0.8009085607027338, 'colsample_bytree': 0.8824799302258408}. Best is trial 0 with value: 0.7.
/data/home/rtabares/anaconda3/envs/pyth3.12/lib/python3.12/site-packages/xgboost/core.py:377: FutureWarning: Your system has an old version of glibc (< 2.28). We will stop supporting Linux distros with glibc older than 2.28 after **May 31, 2025**. Please upgrade to a recent Linux distro (with glibc >= 2.28) to use future versions of XGBoost.
Note: You have installed the 'manylinux2014' variant of XGBoost. Certain features such as GPU algorithms or federated learning are not available. To use these features, please upgrade to a recent Linux distro with glibc 2.28+, and install the 'manylinux_2_28' variant.
  warnings.warn(
/data/home/rtabares/anaconda3/envs/pyth3.12/lib/python3.12/site-packages/xgboost/core.py:377: FutureWarning: Your system has an old version of glibc (< 2.28). We will stop supporting Linux distros with glibc older than 2.28 after **May 31, 2025**. Please upgrade to a recent Linux distro (with glibc >= 2.28) to use future versions of XGBoost.
Note: You have installed the 'manylinux2014' variant of XGBoost. Certain features such as GPU algorithms or federated learning are not available. To use these features, please upgrade to a recent Linux distro with glibc 2.28+, and install the 'manylinux_2_28' variant.
  warnings.warn(
[I 2025-05-04 17:50:19,552] Trial 7 finished with value: 0.7 and parameters: {'n_estimators': 100, 'max_depth': 30, 'gamma': 0.4972194274193621, 'subsample': 0.7520002196895763, 'colsample_bytree': 0.6617706587673494}. Best is trial 0 with value: 0.7.
/data/home/rtabares/anaconda3/envs/pyth3.12/lib/python3.12/site-packages/xgboost/core.py:377: FutureWarning: Your system has an old version of glibc (< 2.28). We will stop supporting Linux distros with glibc older than 2.28 after **May 31, 2025**. Please upgrade to a recent Linux distro (with glibc >= 2.28) to use future versions of XGBoost.
Note: You have installed the 'manylinux2014' variant of XGBoost. Certain features such as GPU algorithms or federated learning are not available. To use these features, please upgrade to a recent Linux distro with glibc 2.28+, and install the 'manylinux_2_28' variant.
  warnings.warn(
[I 2025-05-04 17:50:19,600] Trial 8 finished with value: 0.7 and parameters: {'n_estimators': 100, 'max_depth': 5, 'gamma': 0.8176644451293342, 'subsample': 0.6346943987981506, 'colsample_bytree': 0.7913424442645173}. Best is trial 0 with value: 0.7.
/data/home/rtabares/anaconda3/envs/pyth3.12/lib/python3.12/site-packages/xgboost/core.py:377: FutureWarning: Your system has an old version of glibc (< 2.28). We will stop supporting Linux distros with glibc older than 2.28 after **May 31, 2025**. Please upgrade to a recent Linux distro (with glibc >= 2.28) to use future versions of XGBoost.
Note: You have installed the 'manylinux2014' variant of XGBoost. Certain features such as GPU algorithms or federated learning are not available. To use these features, please upgrade to a recent Linux distro with glibc 2.28+, and install the 'manylinux_2_28' variant.
  warnings.warn(
[I 2025-05-04 17:50:19,638] Trial 9 finished with value: 0.7 and parameters: {'n_estimators': 40, 'max_depth': 5, 'gamma': 0.5958801147919773, 'subsample': 0.9864553449374125, 'colsample_bytree': 0.5563881076190358}. Best is trial 0 with value: 0.7.
/data/home/rtabares/anaconda3/envs/pyth3.12/lib/python3.12/site-packages/xgboost/core.py:377: FutureWarning: Your system has an old version of glibc (< 2.28). We will stop supporting Linux distros with glibc older than 2.28 after **May 31, 2025**. Please upgrade to a recent Linux distro (with glibc >= 2.28) to use future versions of XGBoost.
Note: You have installed the 'manylinux2014' variant of XGBoost. Certain features such as GPU algorithms or federated learning are not available. To use these features, please upgrade to a recent Linux distro with glibc 2.28+, and install the 'manylinux_2_28' variant.
  warnings.warn(
/data/home/rtabares/anaconda3/envs/pyth3.12/lib/python3.12/site-packages/xgboost/core.py:377: FutureWarning: Your system has an old version of glibc (< 2.28). We will stop supporting Linux distros with glibc older than 2.28 after **May 31, 2025**. Please upgrade to a recent Linux distro (with glibc >= 2.28) to use future versions of XGBoost.
Note: You have installed the 'manylinux2014' variant of XGBoost. Certain features such as GPU algorithms or federated learning are not available. To use these features, please upgrade to a recent Linux distro with glibc 2.28+, and install the 'manylinux_2_28' variant.
  warnings.warn(
[I 2025-05-04 17:50:19,698] Trial 10 finished with value: 0.6 and parameters: {'n_estimators': 100, 'max_depth': 5, 'gamma': 0.36183218654173566, 'subsample': 0.5045839860594736, 'colsample_bytree': 0.5231921443507855}. Best is trial 0 with value: 0.7.
/data/home/rtabares/anaconda3/envs/pyth3.12/lib/python3.12/site-packages/xgboost/core.py:377: FutureWarning: Your system has an old version of glibc (< 2.28). We will stop supporting Linux distros with glibc older than 2.28 after **May 31, 2025**. Please upgrade to a recent Linux distro (with glibc >= 2.28) to use future versions of XGBoost.
Note: You have installed the 'manylinux2014' variant of XGBoost. Certain features such as GPU algorithms or federated learning are not available. To use these features, please upgrade to a recent Linux distro with glibc 2.28+, and install the 'manylinux_2_28' variant.
  warnings.warn(
[I 2025-05-04 17:50:19,747] Trial 11 finished with value: 0.7 and parameters: {'n_estimators': 10, 'max_depth': 5, 'gamma': 0.12040418783365076, 'subsample': 0.8645184946130349, 'colsample_bytree': 0.616609722561337}. Best is trial 0 with value: 0.7.
/data/home/rtabares/anaconda3/envs/pyth3.12/lib/python3.12/site-packages/xgboost/core.py:377: FutureWarning: Your system has an old version of glibc (< 2.28). We will stop supporting Linux distros with glibc older than 2.28 after **May 31, 2025**. Please upgrade to a recent Linux distro (with glibc >= 2.28) to use future versions of XGBoost.
Note: You have installed the 'manylinux2014' variant of XGBoost. Certain features such as GPU algorithms or federated learning are not available. To use these features, please upgrade to a recent Linux distro with glibc 2.28+, and install the 'manylinux_2_28' variant.
  warnings.warn(
/data/home/rtabares/anaconda3/envs/pyth3.12/lib/python3.12/site-packages/xgboost/core.py:377: FutureWarning: Your system has an old version of glibc (< 2.28). We will stop supporting Linux distros with glibc older than 2.28 after **May 31, 2025**. Please upgrade to a recent Linux distro (with glibc >= 2.28) to use future versions of XGBoost.
Note: You have installed the 'manylinux2014' variant of XGBoost. Certain features such as GPU algorithms or federated learning are not available. To use these features, please upgrade to a recent Linux distro with glibc 2.28+, and install the 'manylinux_2_28' variant.
  warnings.warn(
[I 2025-05-04 17:50:20,402] Trial 12 finished with value: 0.7 and parameters: {'n_estimators': 10, 'max_depth': 20, 'gamma': 0.28737985761810736, 'subsample': 0.8524056269245991, 'colsample_bytree': 0.6075184143110842}. Best is trial 0 with value: 0.7.
/data/home/rtabares/anaconda3/envs/pyth3.12/lib/python3.12/site-packages/xgboost/core.py:377: FutureWarning: Your system has an old version of glibc (< 2.28). We will stop supporting Linux distros with glibc older than 2.28 after **May 31, 2025**. Please upgrade to a recent Linux distro (with glibc >= 2.28) to use future versions of XGBoost.
Note: You have installed the 'manylinux2014' variant of XGBoost. Certain features such as GPU algorithms or federated learning are not available. To use these features, please upgrade to a recent Linux distro with glibc 2.28+, and install the 'manylinux_2_28' variant.
  warnings.warn(
[I 2025-05-04 17:50:21,038] Trial 13 finished with value: 0.7 and parameters: {'n_estimators': 10, 'max_depth': 5, 'gamma': 0.3097600592997787, 'subsample': 0.8341202308212777, 'colsample_bytree': 0.6891473079655696}. Best is trial 0 with value: 0.7.
/data/home/rtabares/anaconda3/envs/pyth3.12/lib/python3.12/site-packages/xgboost/core.py:377: FutureWarning: Your system has an old version of glibc (< 2.28). We will stop supporting Linux distros with glibc older than 2.28 after **May 31, 2025**. Please upgrade to a recent Linux distro (with glibc >= 2.28) to use future versions of XGBoost.
Note: You have installed the 'manylinux2014' variant of XGBoost. Certain features such as GPU algorithms or federated learning are not available. To use these features, please upgrade to a recent Linux distro with glibc 2.28+, and install the 'manylinux_2_28' variant.
  warnings.warn(
[I 2025-05-04 17:50:21,089] Trial 14 finished with value: 0.5 and parameters: {'n_estimators': 40, 'max_depth': 30, 'gamma': 0.4336087395797972, 'subsample': 0.9145162996961929, 'colsample_bytree': 0.5966290333410096}. Best is trial 0 with value: 0.7.
/data/home/rtabares/anaconda3/envs/pyth3.12/lib/python3.12/site-packages/xgboost/core.py:377: FutureWarning: Your system has an old version of glibc (< 2.28). We will stop supporting Linux distros with glibc older than 2.28 after **May 31, 2025**. Please upgrade to a recent Linux distro (with glibc >= 2.28) to use future versions of XGBoost.
Note: You have installed the 'manylinux2014' variant of XGBoost. Certain features such as GPU algorithms or federated learning are not available. To use these features, please upgrade to a recent Linux distro with glibc 2.28+, and install the 'manylinux_2_28' variant.
  warnings.warn(
[I 2025-05-04 17:50:21,722] Trial 15 finished with value: 0.5 and parameters: {'n_estimators': 100, 'max_depth': 20, 'gamma': 0.22073984707376776, 'subsample': 0.5737615886524556, 'colsample_bytree': 0.5200439607703566}. Best is trial 0 with value: 0.7.
/data/home/rtabares/anaconda3/envs/pyth3.12/lib/python3.12/site-packages/xgboost/core.py:377: FutureWarning: Your system has an old version of glibc (< 2.28). We will stop supporting Linux distros with glibc older than 2.28 after **May 31, 2025**. Please upgrade to a recent Linux distro (with glibc >= 2.28) to use future versions of XGBoost.
Note: You have installed the 'manylinux2014' variant of XGBoost. Certain features such as GPU algorithms or federated learning are not available. To use these features, please upgrade to a recent Linux distro with glibc 2.28+, and install the 'manylinux_2_28' variant.
  warnings.warn(
[I 2025-05-04 17:50:22,357] Trial 16 finished with value: 0.7 and parameters: {'n_estimators': 10, 'max_depth': 5, 'gamma': 0.6842108604609217, 'subsample': 0.7846368319478353, 'colsample_bytree': 0.8469964900610822}. Best is trial 0 with value: 0.7.
[I 2025-05-04 17:50:22,394] Trial 17 finished with value: 0.7 and parameters: {'n_estimators': 10, 'max_depth': 20, 'gamma': 0.4142723143006766, 'subsample': 0.7196216134712621, 'colsample_bytree': 0.7339353004068526}. Best is trial 0 with value: 0.7.
[I 2025-05-04 17:50:22,445] Trial 18 finished with value: 0.7 and parameters: {'n_estimators': 100, 'max_depth': 5, 'gamma': 0.10450916142635516, 'subsample': 0.9274089774735678, 'colsample_bytree': 0.6476159132302313}. Best is trial 0 with value: 0.7.
[I 2025-05-04 17:50:22,486] Trial 19 finished with value: 0.5 and parameters: {'n_estimators': 40, 'max_depth': 30, 'gamma': 0.24359283120833075, 'subsample': 0.8824565196610772, 'colsample_bytree': 0.9943207699442902}. Best is trial 0 with value: 0.7.
[I 2025-05-04 17:50:22,535] Trial 20 finished with value: 0.7 and parameters: {'n_estimators': 100, 'max_depth': 20, 'gamma': 0.36827055149920124, 'subsample': 0.7938525057733337, 'colsample_bytree': 0.5757672070787012}. Best is trial 0 with value: 0.7.
[I 2025-05-04 17:50:22,586] Trial 21 finished with value: 0.7 and parameters: {'n_estimators': 100, 'max_depth': 30, 'gamma': 0.6202242787089222, 'subsample': 0.7546529822703169, 'colsample_bytree': 0.6946241268073636}. Best is trial 0 with value: 0.7.
[I 2025-05-04 17:50:22,638] Trial 22 finished with value: 0.7 and parameters: {'n_estimators': 100, 'max_depth': 30, 'gamma': 0.5034884249822752, 'subsample': 0.7124915128757112, 'colsample_bytree': 0.7001656836519335}. Best is trial 0 with value: 0.7.
[I 2025-05-04 17:50:22,687] Trial 23 finished with value: 0.7 and parameters: {'n_estimators': 100, 'max_depth': 30, 'gamma': 0.7155564640102688, 'subsample': 0.8156438316246761, 'colsample_bytree': 0.6534911993171036}. Best is trial 0 with value: 0.7.
[I 2025-05-04 17:50:22,736] Trial 24 finished with value: 0.7 and parameters: {'n_estimators': 100, 'max_depth': 30, 'gamma': 0.2110729084877615, 'subsample': 0.6402819843591847, 'colsample_bytree': 0.6368652359615449}. Best is trial 0 with value: 0.7.
[I 2025-05-04 17:50:22,774] Trial 25 finished with value: 0.7 and parameters: {'n_estimators': 10, 'max_depth': 30, 'gamma': 0.30312802196088995, 'subsample': 0.765502997270194, 'colsample_bytree': 0.5597241043759787}. Best is trial 0 with value: 0.7.
[I 2025-05-04 17:50:22,821] Trial 26 finished with value: 0.7 and parameters: {'n_estimators': 100, 'max_depth': 5, 'gamma': 0.4816589220585368, 'subsample': 0.7066537197501761, 'colsample_bytree': 0.7216530794736388}. Best is trial 0 with value: 0.7.
[I 2025-05-04 17:50:22,873] Trial 27 finished with value: 0.7 and parameters: {'n_estimators': 100, 'max_depth': 30, 'gamma': 0.16175486890542934, 'subsample': 0.8838068333587363, 'colsample_bytree': 0.8038440445363491}. Best is trial 0 with value: 0.7.
[I 2025-05-04 17:50:22,916] Trial 28 finished with value: 0.5 and parameters: {'n_estimators': 40, 'max_depth': 20, 'gamma': 0.38523814443361215, 'subsample': 0.821872796068975, 'colsample_bytree': 0.6785316844517754}. Best is trial 0 with value: 0.7.
[I 2025-05-04 17:50:22,954] Trial 29 finished with value: 0.7 and parameters: {'n_estimators': 10, 'max_depth': 5, 'gamma': 0.7106973865375616, 'subsample': 0.9568007758533748, 'colsample_bytree': 0.7563727628745499}. Best is trial 0 with value: 0.7.
[I 2025-05-04 17:50:26,479] A new study created in memory with name: rf
Parámetros guardados en checkpoint_shoppers_Dlatent_Roriginal_ft/craig/best_models_craig_seed_2/xgb_best_params.json


>>> Optuna tuning rf


[I 2025-05-04 17:50:27,907] Trial 0 finished with value: 0.5 and parameters: {'n_estimators': 274, 'max_depth': 3, 'min_samples_split': 6, 'min_samples_leaf': 5}. Best is trial 0 with value: 0.5.
[I 2025-05-04 17:50:28,303] Trial 1 finished with value: 0.5 and parameters: {'n_estimators': 268, 'max_depth': 8, 'min_samples_split': 3, 'min_samples_leaf': 7}. Best is trial 0 with value: 0.5.
[I 2025-05-04 17:50:28,623] Trial 2 finished with value: 0.5 and parameters: {'n_estimators': 220, 'max_depth': 7, 'min_samples_split': 7, 'min_samples_leaf': 6}. Best is trial 0 with value: 0.5.
[I 2025-05-04 17:50:28,841] Trial 3 finished with value: 0.5 and parameters: {'n_estimators': 153, 'max_depth': 12, 'min_samples_split': 3, 'min_samples_leaf': 8}. Best is trial 0 with value: 0.5.
[I 2025-05-04 17:50:29,343] Trial 4 finished with value: 0.5 and parameters: {'n_estimators': 442, 'max_depth': 11, 'min_samples_split': 9, 'min_samples_leaf': 1}. Best is trial 0 with value: 0.5.
[I 2025-05-04 17:50:29,712] Trial 5 finished with value: 0.6 and parameters: {'n_estimators': 302, 'max_depth': 4, 'min_samples_split': 5, 'min_samples_leaf': 1}. Best is trial 5 with value: 0.6.
[I 2025-05-04 17:50:29,941] Trial 6 finished with value: 0.6 and parameters: {'n_estimators': 150, 'max_depth': 13, 'min_samples_split': 4, 'min_samples_leaf': 2}. Best is trial 5 with value: 0.6.
[I 2025-05-04 17:50:30,189] Trial 7 finished with value: 0.4 and parameters: {'n_estimators': 188, 'max_depth': 9, 'min_samples_split': 6, 'min_samples_leaf': 3}. Best is trial 5 with value: 0.6.
[I 2025-05-04 17:50:30,647] Trial 8 finished with value: 0.5 and parameters: {'n_estimators': 356, 'max_depth': 11, 'min_samples_split': 6, 'min_samples_leaf': 4}. Best is trial 5 with value: 0.6.
[I 2025-05-04 17:50:31,108] Trial 9 finished with value: 0.5 and parameters: {'n_estimators': 418, 'max_depth': 13, 'min_samples_split': 3, 'min_samples_leaf': 8}. Best is trial 5 with value: 0.6.
[I 2025-05-04 17:50:31,524] Trial 10 finished with value: 0.5 and parameters: {'n_estimators': 343, 'max_depth': 18, 'min_samples_split': 10, 'min_samples_leaf': 1}. Best is trial 5 with value: 0.6.
[I 2025-05-04 17:50:32,353] Trial 11 finished with value: 0.5 and parameters: {'n_estimators': 110, 'max_depth': 17, 'min_samples_split': 4, 'min_samples_leaf': 2}. Best is trial 5 with value: 0.6.
[I 2025-05-04 17:50:33,369] Trial 12 finished with value: 0.5 and parameters: {'n_estimators': 339, 'max_depth': 3, 'min_samples_split': 5, 'min_samples_leaf': 3}. Best is trial 5 with value: 0.6.
[I 2025-05-04 17:50:34,277] Trial 13 finished with value: 0.5 and parameters: {'n_estimators': 232, 'max_depth': 15, 'min_samples_split': 2, 'min_samples_leaf': 10}. Best is trial 5 with value: 0.6.
[I 2025-05-04 17:50:34,479] Trial 14 finished with value: 0.5 and parameters: {'n_estimators': 121, 'max_depth': 6, 'min_samples_split': 8, 'min_samples_leaf': 1}. Best is trial 5 with value: 0.6.
[I 2025-05-04 17:50:35,057] Trial 15 finished with value: 0.5 and parameters: {'n_estimators': 486, 'max_depth': 15, 'min_samples_split': 5, 'min_samples_leaf': 3}. Best is trial 5 with value: 0.6.
[I 2025-05-04 17:50:35,432] Trial 16 finished with value: 0.5 and parameters: {'n_estimators': 302, 'max_depth': 20, 'min_samples_split': 4, 'min_samples_leaf': 2}. Best is trial 5 with value: 0.6.
[I 2025-05-04 17:50:35,636] Trial 17 finished with value: 0.5 and parameters: {'n_estimators': 176, 'max_depth': 5, 'min_samples_split': 5, 'min_samples_leaf': 4}. Best is trial 5 with value: 0.6.
[I 2025-05-04 17:50:36,049] Trial 18 finished with value: 0.5 and parameters: {'n_estimators': 378, 'max_depth': 9, 'min_samples_split': 2, 'min_samples_leaf': 2}. Best is trial 5 with value: 0.6.
[I 2025-05-04 17:50:36,363] Trial 19 finished with value: 0.5 and parameters: {'n_estimators': 237, 'max_depth': 14, 'min_samples_split': 7, 'min_samples_leaf': 5}. Best is trial 5 with value: 0.6.
[I 2025-05-04 17:50:36,750] Trial 20 finished with value: 0.5 and parameters: {'n_estimators': 302, 'max_depth': 10, 'min_samples_split': 4, 'min_samples_leaf': 4}. Best is trial 5 with value: 0.6.
[I 2025-05-04 17:50:37,136] Trial 21 finished with value: 0.5 and parameters: {'n_estimators': 276, 'max_depth': 3, 'min_samples_split': 6, 'min_samples_leaf': 6}. Best is trial 5 with value: 0.6.
[I 2025-05-04 17:50:37,381] Trial 22 finished with value: 0.5 and parameters: {'n_estimators': 202, 'max_depth': 5, 'min_samples_split': 7, 'min_samples_leaf': 5}. Best is trial 5 with value: 0.6.
[I 2025-05-04 17:50:37,715] Trial 23 finished with value: 0.5 and parameters: {'n_estimators': 258, 'max_depth': 4, 'min_samples_split': 5, 'min_samples_leaf': 2}. Best is trial 5 with value: 0.6.
[I 2025-05-04 17:50:37,939] Trial 24 finished with value: 0.5 and parameters: {'n_estimators': 151, 'max_depth': 7, 'min_samples_split': 6, 'min_samples_leaf': 1}. Best is trial 5 with value: 0.6.
[I 2025-05-04 17:50:38,402] Trial 25 finished with value: 0.5 and parameters: {'n_estimators': 396, 'max_depth': 3, 'min_samples_split': 4, 'min_samples_leaf': 9}. Best is trial 5 with value: 0.6.
[I 2025-05-04 17:50:38,778] Trial 26 finished with value: 0.5 and parameters: {'n_estimators': 305, 'max_depth': 5, 'min_samples_split': 8, 'min_samples_leaf': 3}. Best is trial 5 with value: 0.6.
[I 2025-05-04 17:50:39,134] Trial 27 finished with value: 0.5 and parameters: {'n_estimators': 327, 'max_depth': 17, 'min_samples_split': 5, 'min_samples_leaf': 5}. Best is trial 5 with value: 0.6.
[I 2025-05-04 17:50:39,350] Trial 28 finished with value: 0.5 and parameters: {'n_estimators': 139, 'max_depth': 13, 'min_samples_split': 7, 'min_samples_leaf': 7}. Best is trial 5 with value: 0.6.
[I 2025-05-04 17:50:39,650] Trial 29 finished with value: 0.5 and parameters: {'n_estimators': 266, 'max_depth': 8, 'min_samples_split': 3, 'min_samples_leaf': 7}. Best is trial 5 with value: 0.6.
[I 2025-05-04 17:50:43,805] A new study created in memory with name: svc
Parámetros guardados en checkpoint_shoppers_Dlatent_Roriginal_ft/craig/best_models_craig_seed_2/rf_best_params.json


>>> Optuna tuning svc


[I 2025-05-04 17:50:44,984] Trial 0 finished with value: 0.5 and parameters: {'C': 0.5545996722241048, 'gamma': 0.00012697111322756423}. Best is trial 0 with value: 0.5.
[I 2025-05-04 17:50:45,074] Trial 1 finished with value: 0.5 and parameters: {'C': 1.579973895360496, 'gamma': 0.005511750757691415}. Best is trial 0 with value: 0.5.
[I 2025-05-04 17:50:45,090] Trial 2 finished with value: 0.5 and parameters: {'C': 0.48025424062174377, 'gamma': 0.002095749079193946}. Best is trial 0 with value: 0.5.
