[I 2025-05-04 17:27:57,819] Trial 27 finished with value: 0.95 and parameters: {'n_estimators': 100, 'max_depth': 30, 'gamma': 0.8402377692476661, 'subsample': 0.9609657358412955, 'colsample_bytree': 0.9987182564820632}. Best is trial 0 with value: 0.95.
[I 2025-05-04 17:27:57,859] Trial 28 finished with value: 0.9 and parameters: {'n_estimators': 40, 'max_depth': 5, 'gamma': 0.5360200718823939, 'subsample': 0.6991338286158001, 'colsample_bytree': 0.6136792537842698}. Best is trial 0 with value: 0.95.
[I 2025-05-04 17:27:57,901] Trial 29 finished with value: 0.9 and parameters: {'n_estimators': 10, 'max_depth': 20, 'gamma': 0.13082670307023422, 'subsample': 0.6232627477258855, 'colsample_bytree': 0.5420220315351698}. Best is trial 0 with value: 0.95.
[I 2025-05-04 17:28:00,969] A new study created in memory with name: rf
Parámetros guardados en checkpoint_shoppers_Dlatent_Roriginal/lc/best_models_lc_seed_0/xgb_best_params.json


>>> Optuna tuning rf


[I 2025-05-04 17:28:03,003] Trial 0 finished with value: 0.85 and parameters: {'n_estimators': 320, 'max_depth': 15, 'min_samples_split': 7, 'min_samples_leaf': 6}. Best is trial 0 with value: 0.85.
[I 2025-05-04 17:28:03,545] Trial 1 finished with value: 0.5 and parameters: {'n_estimators': 269, 'max_depth': 14, 'min_samples_split': 5, 'min_samples_leaf': 9}. Best is trial 0 with value: 0.85.
[I 2025-05-04 17:28:04,088] Trial 2 finished with value: 0.95 and parameters: {'n_estimators': 486, 'max_depth': 9, 'min_samples_split': 9, 'min_samples_leaf': 6}. Best is trial 2 with value: 0.95.
[I 2025-05-04 17:28:04,490] Trial 3 finished with value: 1.0 and parameters: {'n_estimators': 327, 'max_depth': 19, 'min_samples_split': 2, 'min_samples_leaf': 1}. Best is trial 3 with value: 1.0.
[I 2025-05-04 17:28:04,657] Trial 4 finished with value: 0.5 and parameters: {'n_estimators': 108, 'max_depth': 17, 'min_samples_split': 9, 'min_samples_leaf': 9}. Best is trial 3 with value: 1.0.
[I 2025-05-04 17:28:05,219] Trial 5 finished with value: 0.5 and parameters: {'n_estimators': 492, 'max_depth': 17, 'min_samples_split': 6, 'min_samples_leaf': 8}. Best is trial 3 with value: 1.0.
[I 2025-05-04 17:28:05,427] Trial 6 finished with value: 0.5 and parameters: {'n_estimators': 147, 'max_depth': 14, 'min_samples_split': 3, 'min_samples_leaf': 10}. Best is trial 3 with value: 1.0.
[I 2025-05-04 17:28:05,805] Trial 7 finished with value: 0.5 and parameters: {'n_estimators': 309, 'max_depth': 10, 'min_samples_split': 4, 'min_samples_leaf': 8}. Best is trial 3 with value: 1.0.
[I 2025-05-04 17:28:06,195] Trial 8 finished with value: 0.5 and parameters: {'n_estimators': 282, 'max_depth': 13, 'min_samples_split': 2, 'min_samples_leaf': 7}. Best is trial 3 with value: 1.0.
[I 2025-05-04 17:28:06,625] Trial 9 finished with value: 0.5 and parameters: {'n_estimators': 345, 'max_depth': 14, 'min_samples_split': 10, 'min_samples_leaf': 7}. Best is trial 3 with value: 1.0.
[I 2025-05-04 17:28:07,128] Trial 10 finished with value: 1.0 and parameters: {'n_estimators': 407, 'max_depth': 5, 'min_samples_split': 2, 'min_samples_leaf': 1}. Best is trial 3 with value: 1.0.
[I 2025-05-04 17:28:08,252] Trial 11 finished with value: 1.0 and parameters: {'n_estimators': 389, 'max_depth': 4, 'min_samples_split': 2, 'min_samples_leaf': 1}. Best is trial 3 with value: 1.0.
[I 2025-05-04 17:28:09,430] Trial 12 finished with value: 1.0 and parameters: {'n_estimators': 410, 'max_depth': 20, 'min_samples_split': 4, 'min_samples_leaf': 1}. Best is trial 3 with value: 1.0.
[I 2025-05-04 17:28:10,364] Trial 13 finished with value: 1.0 and parameters: {'n_estimators': 233, 'max_depth': 4, 'min_samples_split': 2, 'min_samples_leaf': 3}. Best is trial 3 with value: 1.0.
[I 2025-05-04 17:28:10,844] Trial 14 finished with value: 1.0 and parameters: {'n_estimators': 414, 'max_depth': 8, 'min_samples_split': 4, 'min_samples_leaf': 3}. Best is trial 3 with value: 1.0.
[I 2025-05-04 17:28:11,097] Trial 15 finished with value: 1.0 and parameters: {'n_estimators': 213, 'max_depth': 7, 'min_samples_split': 7, 'min_samples_leaf': 3}. Best is trial 3 with value: 1.0.
[I 2025-05-04 17:28:11,496] Trial 16 finished with value: 1.0 and parameters: {'n_estimators': 368, 'max_depth': 20, 'min_samples_split': 3, 'min_samples_leaf': 4}. Best is trial 3 with value: 1.0.
[I 2025-05-04 17:28:11,972] Trial 17 finished with value: 1.0 and parameters: {'n_estimators': 447, 'max_depth': 6, 'min_samples_split': 3, 'min_samples_leaf': 1}. Best is trial 3 with value: 1.0.
[I 2025-05-04 17:28:12,488] Trial 18 finished with value: 1.0 and parameters: {'n_estimators': 435, 'max_depth': 12, 'min_samples_split': 5, 'min_samples_leaf': 2}. Best is trial 3 with value: 1.0.
[I 2025-05-04 17:28:12,910] Trial 19 finished with value: 1.0 and parameters: {'n_estimators': 352, 'max_depth': 3, 'min_samples_split': 2, 'min_samples_leaf': 4}. Best is trial 3 with value: 1.0.
[I 2025-05-04 17:28:13,200] Trial 20 finished with value: 1.0 and parameters: {'n_estimators': 231, 'max_depth': 11, 'min_samples_split': 5, 'min_samples_leaf': 2}. Best is trial 3 with value: 1.0.
[I 2025-05-04 17:28:13,656] Trial 21 finished with value: 1.0 and parameters: {'n_estimators': 388, 'max_depth': 5, 'min_samples_split': 2, 'min_samples_leaf': 1}. Best is trial 3 with value: 1.0.
[I 2025-05-04 17:28:14,184] Trial 22 finished with value: 1.0 and parameters: {'n_estimators': 448, 'max_depth': 5, 'min_samples_split': 3, 'min_samples_leaf': 2}. Best is trial 3 with value: 1.0.
[I 2025-05-04 17:28:14,612] Trial 23 finished with value: 1.0 and parameters: {'n_estimators': 384, 'max_depth': 8, 'min_samples_split': 2, 'min_samples_leaf': 1}. Best is trial 3 with value: 1.0.
[I 2025-05-04 17:28:14,989] Trial 24 finished with value: 1.0 and parameters: {'n_estimators': 328, 'max_depth': 18, 'min_samples_split': 3, 'min_samples_leaf': 4}. Best is trial 3 with value: 1.0.
[I 2025-05-04 17:28:15,471] Trial 25 finished with value: 1.0 and parameters: {'n_estimators': 402, 'max_depth': 3, 'min_samples_split': 4, 'min_samples_leaf': 2}. Best is trial 3 with value: 1.0.
[I 2025-05-04 17:28:15,839] Trial 26 finished with value: 0.95 and parameters: {'n_estimators': 278, 'max_depth': 6, 'min_samples_split': 2, 'min_samples_leaf': 5}. Best is trial 3 with value: 1.0.
[I 2025-05-04 17:28:16,387] Trial 27 finished with value: 1.0 and parameters: {'n_estimators': 468, 'max_depth': 10, 'min_samples_split': 3, 'min_samples_leaf': 1}. Best is trial 3 with value: 1.0.
[I 2025-05-04 17:28:16,826] Trial 28 finished with value: 1.0 and parameters: {'n_estimators': 363, 'max_depth': 4, 'min_samples_split': 6, 'min_samples_leaf': 2}. Best is trial 3 with value: 1.0.
[I 2025-05-04 17:28:17,201] Trial 29 finished with value: 1.0 and parameters: {'n_estimators': 326, 'max_depth': 7, 'min_samples_split': 7, 'min_samples_leaf': 3}. Best is trial 3 with value: 1.0.
[I 2025-05-04 17:28:21,380] A new study created in memory with name: svc
Parámetros guardados en checkpoint_shoppers_Dlatent_Roriginal/lc/best_models_lc_seed_0/rf_best_params.json


>>> Optuna tuning svc


[I 2025-05-04 17:28:22,487] Trial 0 finished with value: 0.95 and parameters: {'C': 1.5676677195506077, 'gamma': 0.07257005721594278}. Best is trial 0 with value: 0.95.
[I 2025-05-04 17:28:22,602] Trial 1 finished with value: 0.95 and parameters: {'C': 2.57663857461359, 'gamma': 0.01511933646764101}. Best is trial 0 with value: 0.95.
[I 2025-05-04 17:28:22,620] Trial 2 finished with value: 0.95 and parameters: {'C': 0.49501595537331966, 'gamma': 0.03833332156156663}. Best is trial 0 with value: 0.95.
[I 2025-05-04 17:28:22,635] Trial 3 finished with value: 0.7 and parameters: {'C': 0.5627932047415171, 'gamma': 0.36905577292137587}. Best is trial 0 with value: 0.95.
[I 2025-05-04 17:28:22,648] Trial 4 finished with value: 0.95 and parameters: {'C': 71.55682161754872, 'gamma': 0.0034179529120610124}. Best is trial 0 with value: 0.95.
[I 2025-05-04 17:28:22,663] Trial 5 finished with value: 0.95 and parameters: {'C': 14.68588598920087, 'gamma': 0.013049073550362394}. Best is trial 0 with value: 0.95.
[I 2025-05-04 17:28:22,676] Trial 6 finished with value: 0.75 and parameters: {'C': 1.871450068624068, 'gamma': 0.503948959867121}. Best is trial 0 with value: 0.95.
[I 2025-05-04 17:28:22,691] Trial 7 finished with value: 0.9 and parameters: {'C': 0.0192373050965465, 'gamma': 0.00022310905607443037}. Best is trial 0 with value: 0.95.
[I 2025-05-04 17:28:22,704] Trial 8 finished with value: 0.75 and parameters: {'C': 0.012046852412030323, 'gamma': 0.2140323314098606}. Best is trial 0 with value: 0.95.
[I 2025-05-04 17:28:22,719] Trial 9 finished with value: 0.8 and parameters: {'C': 12.960656597279739, 'gamma': 0.3020289640158664}. Best is trial 0 with value: 0.95.
[I 2025-05-04 17:28:22,741] Trial 10 finished with value: 0.95 and parameters: {'C': 0.16426074441272132, 'gamma': 0.0011819854465057523}. Best is trial 0 with value: 0.95.
[I 2025-05-04 17:28:23,391] Trial 11 finished with value: 0.95 and parameters: {'C': 3.467323572029044, 'gamma': 0.05617404484056215}. Best is trial 0 with value: 0.95.
[I 2025-05-04 17:28:24,091] Trial 12 finished with value: 0.95 and parameters: {'C': 0.11125629195861192, 'gamma': 0.03178029616001097}. Best is trial 0 with value: 0.95.
[I 2025-05-04 17:28:24,761] Trial 13 finished with value: 0.95 and parameters: {'C': 5.7742691952534075, 'gamma': 0.00614934041636507}. Best is trial 0 with value: 0.95.
[I 2025-05-04 17:28:24,786] Trial 14 finished with value: 0.95 and parameters: {'C': 65.34811676864918, 'gamma': 0.09381599947348813}. Best is trial 0 with value: 0.95.
[I 2025-05-04 17:28:24,807] Trial 15 finished with value: 0.95 and parameters: {'C': 1.1065911809032312, 'gamma': 0.0018510788404302657}. Best is trial 0 with value: 0.95.
[I 2025-05-04 17:28:24,842] Trial 16 finished with value: 0.95 and parameters: {'C': 0.1906023345857112, 'gamma': 0.01215257411619078}. Best is trial 0 with value: 0.95.
[I 2025-05-04 17:28:24,877] Trial 17 finished with value: 0.65 and parameters: {'C': 11.54145801926214, 'gamma': 0.9263329764161465}. Best is trial 0 with value: 0.95.
[I 2025-05-04 17:28:24,900] Trial 18 finished with value: 0.9 and parameters: {'C': 0.05244739950250245, 'gamma': 0.000548696712467431}. Best is trial 0 with value: 0.95.
[I 2025-05-04 17:28:24,923] Trial 19 finished with value: 0.95 and parameters: {'C': 2.925979134999682, 'gamma': 0.13173443957996878}. Best is trial 0 with value: 0.95.
[I 2025-05-04 17:28:24,959] Trial 20 finished with value: 0.95 and parameters: {'C': 30.97073926052814, 'gamma': 0.022690817654084077}. Best is trial 0 with value: 0.95.
[I 2025-05-04 17:28:24,985] Trial 21 finished with value: 0.95 and parameters: {'C': 0.778289075681305, 'gamma': 0.051179521551352906}. Best is trial 0 with value: 0.95.
[I 2025-05-04 17:28:25,010] Trial 22 finished with value: 0.95 and parameters: {'C': 0.36118808663085855, 'gamma': 0.005501060467210585}. Best is trial 0 with value: 0.95.
[I 2025-05-04 17:28:25,037] Trial 23 finished with value: 0.95 and parameters: {'C': 1.7232310582841521, 'gamma': 0.030004280306222802}. Best is trial 0 with value: 0.95.
[I 2025-05-04 17:28:25,695] Trial 24 finished with value: 0.9 and parameters: {'C': 0.36701104934586737, 'gamma': 0.08170101049606555}. Best is trial 0 with value: 0.95.
[I 2025-05-04 17:28:25,719] Trial 25 finished with value: 0.95 and parameters: {'C': 5.403451015468944, 'gamma': 0.01935439390631312}. Best is trial 0 with value: 0.95.
[I 2025-05-04 17:28:25,745] Trial 26 finished with value: 0.9 and parameters: {'C': 1.2695643006526183, 'gamma': 0.17567718091534587}. Best is trial 0 with value: 0.95.
[I 2025-05-04 17:28:25,774] Trial 27 finished with value: 0.95 and parameters: {'C': 0.04977842653260786, 'gamma': 0.00864727128954787}. Best is trial 0 with value: 0.95.
[I 2025-05-04 17:28:25,800] Trial 28 finished with value: 0.95 and parameters: {'C': 0.43859845797031166, 'gamma': 0.056467475627154075}. Best is trial 0 with value: 0.95.
[I 2025-05-04 17:28:25,827] Trial 29 finished with value: 0.95 and parameters: {'C': 0.813214449629845, 'gamma': 0.002786589835016373}. Best is trial 0 with value: 0.95.
[I 2025-05-04 17:28:30,960] A new study created in memory with name: logreg
Parámetros guardados en checkpoint_shoppers_Dlatent_Roriginal/lc/best_models_lc_seed_0/svc_best_params.json


>>> Optuna tuning logreg


[I 2025-05-04 17:28:31,557] Trial 0 finished with value: 0.95 and parameters: {'C': 0.5547119471592125, 'penalty': 'l2'}. Best is trial 0 with value: 0.95.
[I 2025-05-04 17:28:31,584] Trial 1 finished with value: 0.95 and parameters: {'C': 3.7665768415992953, 'penalty': 'l2'}. Best is trial 0 with value: 0.95.
[I 2025-05-04 17:28:31,609] Trial 2 finished with value: 0.95 and parameters: {'C': 1.032326035197657, 'penalty': 'l2'}. Best is trial 0 with value: 0.95.
[I 2025-05-04 17:28:31,634] Trial 3 finished with value: 0.95 and parameters: {'C': 0.530170934757683, 'penalty': 'l2'}. Best is trial 0 with value: 0.95.
[I 2025-05-04 17:28:31,649] Trial 4 finished with value: 0.95 and parameters: {'C': 0.13130280280658593, 'penalty': 'l2'}. Best is trial 0 with value: 0.95.
[I 2025-05-04 17:28:31,673] Trial 5 finished with value: 0.95 and parameters: {'C': 1.6961746387290997, 'penalty': 'l2'}. Best is trial 0 with value: 0.95.
[I 2025-05-04 17:28:31,698] Trial 6 finished with value: 0.95 and parameters: {'C': 0.15414734761917095, 'penalty': 'l2'}. Best is trial 0 with value: 0.95.
[I 2025-05-04 17:28:31,713] Trial 7 finished with value: 0.95 and parameters: {'C': 28.765041432546976, 'penalty': 'l2'}. Best is trial 0 with value: 0.95.
[I 2025-05-04 17:28:31,726] Trial 8 finished with value: 0.95 and parameters: {'C': 65.81332043291806, 'penalty': 'l2'}. Best is trial 0 with value: 0.95.
[I 2025-05-04 17:28:31,749] Trial 9 finished with value: 0.95 and parameters: {'C': 0.08264328927007726, 'penalty': 'l2'}. Best is trial 0 with value: 0.95.
[I 2025-05-04 17:28:31,771] Trial 10 finished with value: 0.95 and parameters: {'C': 0.002101331318459542, 'penalty': 'l2'}. Best is trial 0 with value: 0.95.
[I 2025-05-04 17:28:32,443] Trial 11 finished with value: 0.95 and parameters: {'C': 4.633367351841861, 'penalty': 'l2'}. Best is trial 0 with value: 0.95.
[I 2025-05-04 17:28:33,151] Trial 12 finished with value: 0.95 and parameters: {'C': 10.055405308640239, 'penalty': 'l2'}. Best is trial 0 with value: 0.95.
[I 2025-05-04 17:28:33,819] Trial 13 finished with value: 0.95 and parameters: {'C': 0.014425984023162081, 'penalty': 'l2'}. Best is trial 0 with value: 0.95.
[I 2025-05-04 17:28:33,852] Trial 14 finished with value: 0.95 and parameters: {'C': 7.846424245061355, 'penalty': 'l2'}. Best is trial 0 with value: 0.95.
[I 2025-05-04 17:28:33,873] Trial 15 finished with value: 0.95 and parameters: {'C': 0.029806594166772525, 'penalty': 'l2'}. Best is trial 0 with value: 0.95.
[I 2025-05-04 17:28:33,893] Trial 16 finished with value: 0.95 and parameters: {'C': 2.0720884860217788, 'penalty': 'l2'}. Best is trial 0 with value: 0.95.
[I 2025-05-04 17:28:33,922] Trial 17 finished with value: 0.95 and parameters: {'C': 0.3861233938158251, 'penalty': 'l2'}. Best is trial 0 with value: 0.95.
[I 2025-05-04 17:28:34,569] Trial 18 finished with value: 0.95 and parameters: {'C': 0.0011621032755888918, 'penalty': 'l2'}. Best is trial 0 with value: 0.95.
[I 2025-05-04 17:28:34,601] Trial 19 finished with value: 0.95 and parameters: {'C': 19.99434203114988, 'penalty': 'l2'}. Best is trial 0 with value: 0.95.
[I 2025-05-04 17:28:34,631] Trial 20 finished with value: 0.95 and parameters: {'C': 0.011597651184764121, 'penalty': 'l2'}. Best is trial 0 with value: 0.95.
[I 2025-05-04 17:28:34,651] Trial 21 finished with value: 0.95 and parameters: {'C': 1.100291514185267, 'penalty': 'l2'}. Best is trial 0 with value: 0.95.
[I 2025-05-04 17:28:34,677] Trial 22 finished with value: 0.95 and parameters: {'C': 0.853564303721541, 'penalty': 'l2'}. Best is trial 0 with value: 0.95.
[I 2025-05-04 17:28:34,707] Trial 23 finished with value: 0.95 and parameters: {'C': 2.5745296139400353, 'penalty': 'l2'}. Best is trial 0 with value: 0.95.
[I 2025-05-04 17:28:34,728] Trial 24 finished with value: 0.95 and parameters: {'C': 0.3864647968234187, 'penalty': 'l2'}. Best is trial 0 with value: 0.95.
[I 2025-05-04 17:28:34,760] Trial 25 finished with value: 0.95 and parameters: {'C': 3.6470576843411724, 'penalty': 'l2'}. Best is trial 0 with value: 0.95.
[I 2025-05-04 17:28:34,791] Trial 26 finished with value: 0.95 and parameters: {'C': 0.06123441009874352, 'penalty': 'l2'}. Best is trial 0 with value: 0.95.
[I 2025-05-04 17:28:34,822] Trial 27 finished with value: 0.95 and parameters: {'C': 0.25979968690531413, 'penalty': 'l2'}. Best is trial 0 with value: 0.95.
[I 2025-05-04 17:28:34,854] Trial 28 finished with value: 0.95 and parameters: {'C': 10.85710515584724, 'penalty': 'l2'}. Best is trial 0 with value: 0.95.
[I 2025-05-04 17:28:34,886] Trial 29 finished with value: 0.95 and parameters: {'C': 0.6131209571120881, 'penalty': 'l2'}. Best is trial 0 with value: 0.95.
[I 2025-05-04 17:28:36,707] A new study created in memory with name: mlp
/data/home/rtabares/anaconda3/envs/pyth3.12/lib/python3.12/site-packages/sklearn/neural_network/_multilayer_perceptron.py:691: ConvergenceWarning: Stochastic Optimizer: Maximum iterations (50) reached and the optimization hasn't converged yet.
  warnings.warn(
/data/home/rtabares/anaconda3/envs/pyth3.12/lib/python3.12/site-packages/sklearn/neural_network/_multilayer_perceptron.py:691: ConvergenceWarning: Stochastic Optimizer: Maximum iterations (50) reached and the optimization hasn't converged yet.
  warnings.warn(
/data/home/rtabares/anaconda3/envs/pyth3.12/lib/python3.12/site-packages/sklearn/neural_network/_multilayer_perceptron.py:691: ConvergenceWarning: Stochastic Optimizer: Maximum iterations (50) reached and the optimization hasn't converged yet.
  warnings.warn(
/data/home/rtabares/anaconda3/envs/pyth3.12/lib/python3.12/site-packages/sklearn/neural_network/_multilayer_perceptron.py:691: ConvergenceWarning: Stochastic Optimizer: Maximum iterations (50) reached and the optimization hasn't converged yet.
  warnings.warn(
/data/home/rtabares/anaconda3/envs/pyth3.12/lib/python3.12/site-packages/sklearn/neural_network/_multilayer_perceptron.py:691: ConvergenceWarning: Stochastic Optimizer: Maximum iterations (50) reached and the optimization hasn't converged yet.
  warnings.warn(
[I 2025-05-04 17:28:37,288] Trial 0 finished with value: 0.95 and parameters: {'hidden_layer_sizes': (200,), 'max_iter': 50, 'alpha': 0.0001}. Best is trial 0 with value: 0.95.
Parámetros guardados en checkpoint_shoppers_Dlatent_Roriginal/lc/best_models_lc_seed_0/logreg_best_params.json


>>> Optuna tuning mlp


/data/home/rtabares/anaconda3/envs/pyth3.12/lib/python3.12/site-packages/sklearn/neural_network/_multilayer_perceptron.py:691: ConvergenceWarning: Stochastic Optimizer: Maximum iterations (50) reached and the optimization hasn't converged yet.
  warnings.warn(
/data/home/rtabares/anaconda3/envs/pyth3.12/lib/python3.12/site-packages/sklearn/neural_network/_multilayer_perceptron.py:691: ConvergenceWarning: Stochastic Optimizer: Maximum iterations (50) reached and the optimization hasn't converged yet.
  warnings.warn(
/data/home/rtabares/anaconda3/envs/pyth3.12/lib/python3.12/site-packages/sklearn/neural_network/_multilayer_perceptron.py:691: ConvergenceWarning: Stochastic Optimizer: Maximum iterations (50) reached and the optimization hasn't converged yet.
  warnings.warn(
/data/home/rtabares/anaconda3/envs/pyth3.12/lib/python3.12/site-packages/sklearn/neural_network/_multilayer_perceptron.py:691: ConvergenceWarning: Stochastic Optimizer: Maximum iterations (50) reached and the optimization hasn't converged yet.
  warnings.warn(
/data/home/rtabares/anaconda3/envs/pyth3.12/lib/python3.12/site-packages/sklearn/neural_network/_multilayer_perceptron.py:691: ConvergenceWarning: Stochastic Optimizer: Maximum iterations (50) reached and the optimization hasn't converged yet.
  warnings.warn(
[I 2025-05-04 17:28:39,473] Trial 1 finished with value: 0.95 and parameters: {'hidden_layer_sizes': (200,), 'max_iter': 50, 'alpha': 0.001}. Best is trial 0 with value: 0.95.
/data/home/rtabares/anaconda3/envs/pyth3.12/lib/python3.12/site-packages/sklearn/neural_network/_multilayer_perceptron.py:691: ConvergenceWarning: Stochastic Optimizer: Maximum iterations (50) reached and the optimization hasn't converged yet.
  warnings.warn(
/data/home/rtabares/anaconda3/envs/pyth3.12/lib/python3.12/site-packages/sklearn/neural_network/_multilayer_perceptron.py:691: ConvergenceWarning: Stochastic Optimizer: Maximum iterations (50) reached and the optimization hasn't converged yet.
  warnings.warn(
/data/home/rtabares/anaconda3/envs/pyth3.12/lib/python3.12/site-packages/sklearn/neural_network/_multilayer_perceptron.py:691: ConvergenceWarning: Stochastic Optimizer: Maximum iterations (50) reached and the optimization hasn't converged yet.
  warnings.warn(
/data/home/rtabares/anaconda3/envs/pyth3.12/lib/python3.12/site-packages/sklearn/neural_network/_multilayer_perceptron.py:691: ConvergenceWarning: Stochastic Optimizer: Maximum iterations (50) reached and the optimization hasn't converged yet.
  warnings.warn(
/data/home/rtabares/anaconda3/envs/pyth3.12/lib/python3.12/site-packages/sklearn/neural_network/_multilayer_perceptron.py:691: ConvergenceWarning: Stochastic Optimizer: Maximum iterations (50) reached and the optimization hasn't converged yet.
  warnings.warn(
