[I 2025-05-05 21:28:46,915] Trial 6 finished with value: 0.9 and parameters: {'n_estimators': 100, 'max_depth': 30, 'gamma': 0.19210098594504327, 'subsample': 0.7070279939097841, 'colsample_bytree': 0.8472000788638725}. Best is trial 0 with value: 0.95.
/data/home/rtabares/anaconda3/envs/pyth3.12/lib/python3.12/site-packages/xgboost/core.py:377: FutureWarning: Your system has an old version of glibc (< 2.28). We will stop supporting Linux distros with glibc older than 2.28 after **May 31, 2025**. Please upgrade to a recent Linux distro (with glibc >= 2.28) to use future versions of XGBoost.
Note: You have installed the 'manylinux2014' variant of XGBoost. Certain features such as GPU algorithms or federated learning are not available. To use these features, please upgrade to a recent Linux distro with glibc 2.28+, and install the 'manylinux_2_28' variant.
  warnings.warn(
/data/home/rtabares/anaconda3/envs/pyth3.12/lib/python3.12/site-packages/xgboost/core.py:377: FutureWarning: Your system has an old version of glibc (< 2.28). We will stop supporting Linux distros with glibc older than 2.28 after **May 31, 2025**. Please upgrade to a recent Linux distro (with glibc >= 2.28) to use future versions of XGBoost.
Note: You have installed the 'manylinux2014' variant of XGBoost. Certain features such as GPU algorithms or federated learning are not available. To use these features, please upgrade to a recent Linux distro with glibc 2.28+, and install the 'manylinux_2_28' variant.
  warnings.warn(
[I 2025-05-05 21:28:46,965] Trial 7 finished with value: 0.95 and parameters: {'n_estimators': 100, 'max_depth': 30, 'gamma': 0.6278995364517936, 'subsample': 0.9517009576439417, 'colsample_bytree': 0.5687373520731187}. Best is trial 0 with value: 0.95.
/data/home/rtabares/anaconda3/envs/pyth3.12/lib/python3.12/site-packages/xgboost/core.py:377: FutureWarning: Your system has an old version of glibc (< 2.28). We will stop supporting Linux distros with glibc older than 2.28 after **May 31, 2025**. Please upgrade to a recent Linux distro (with glibc >= 2.28) to use future versions of XGBoost.
Note: You have installed the 'manylinux2014' variant of XGBoost. Certain features such as GPU algorithms or federated learning are not available. To use these features, please upgrade to a recent Linux distro with glibc 2.28+, and install the 'manylinux_2_28' variant.
  warnings.warn(
/data/home/rtabares/anaconda3/envs/pyth3.12/lib/python3.12/site-packages/xgboost/core.py:377: FutureWarning: Your system has an old version of glibc (< 2.28). We will stop supporting Linux distros with glibc older than 2.28 after **May 31, 2025**. Please upgrade to a recent Linux distro (with glibc >= 2.28) to use future versions of XGBoost.
Note: You have installed the 'manylinux2014' variant of XGBoost. Certain features such as GPU algorithms or federated learning are not available. To use these features, please upgrade to a recent Linux distro with glibc 2.28+, and install the 'manylinux_2_28' variant.
  warnings.warn(
/data/home/rtabares/anaconda3/envs/pyth3.12/lib/python3.12/site-packages/xgboost/core.py:377: FutureWarning: Your system has an old version of glibc (< 2.28). We will stop supporting Linux distros with glibc older than 2.28 after **May 31, 2025**. Please upgrade to a recent Linux distro (with glibc >= 2.28) to use future versions of XGBoost.
Note: You have installed the 'manylinux2014' variant of XGBoost. Certain features such as GPU algorithms or federated learning are not available. To use these features, please upgrade to a recent Linux distro with glibc 2.28+, and install the 'manylinux_2_28' variant.
  warnings.warn(
[I 2025-05-05 21:28:47,014] Trial 8 finished with value: 0.95 and parameters: {'n_estimators': 40, 'max_depth': 20, 'gamma': 0.7757308928225399, 'subsample': 0.8629989926752257, 'colsample_bytree': 0.9416530456029049}. Best is trial 0 with value: 0.95.
[I 2025-05-05 21:28:47,042] Trial 9 finished with value: 0.95 and parameters: {'n_estimators': 40, 'max_depth': 20, 'gamma': 0.968356042433547, 'subsample': 0.831720748909224, 'colsample_bytree': 0.8108478601045609}. Best is trial 0 with value: 0.95.
/data/home/rtabares/anaconda3/envs/pyth3.12/lib/python3.12/site-packages/xgboost/core.py:377: FutureWarning: Your system has an old version of glibc (< 2.28). We will stop supporting Linux distros with glibc older than 2.28 after **May 31, 2025**. Please upgrade to a recent Linux distro (with glibc >= 2.28) to use future versions of XGBoost.
Note: You have installed the 'manylinux2014' variant of XGBoost. Certain features such as GPU algorithms or federated learning are not available. To use these features, please upgrade to a recent Linux distro with glibc 2.28+, and install the 'manylinux_2_28' variant.
  warnings.warn(
/data/home/rtabares/anaconda3/envs/pyth3.12/lib/python3.12/site-packages/xgboost/core.py:377: FutureWarning: Your system has an old version of glibc (< 2.28). We will stop supporting Linux distros with glibc older than 2.28 after **May 31, 2025**. Please upgrade to a recent Linux distro (with glibc >= 2.28) to use future versions of XGBoost.
Note: You have installed the 'manylinux2014' variant of XGBoost. Certain features such as GPU algorithms or federated learning are not available. To use these features, please upgrade to a recent Linux distro with glibc 2.28+, and install the 'manylinux_2_28' variant.
  warnings.warn(
[I 2025-05-05 21:28:47,102] Trial 10 finished with value: 0.75 and parameters: {'n_estimators': 10, 'max_depth': 5, 'gamma': 0.35779329928055814, 'subsample': 0.5350987509859917, 'colsample_bytree': 0.6919746806534345}. Best is trial 0 with value: 0.95.
/data/home/rtabares/anaconda3/envs/pyth3.12/lib/python3.12/site-packages/xgboost/core.py:377: FutureWarning: Your system has an old version of glibc (< 2.28). We will stop supporting Linux distros with glibc older than 2.28 after **May 31, 2025**. Please upgrade to a recent Linux distro (with glibc >= 2.28) to use future versions of XGBoost.
Note: You have installed the 'manylinux2014' variant of XGBoost. Certain features such as GPU algorithms or federated learning are not available. To use these features, please upgrade to a recent Linux distro with glibc 2.28+, and install the 'manylinux_2_28' variant.
  warnings.warn(
/data/home/rtabares/anaconda3/envs/pyth3.12/lib/python3.12/site-packages/xgboost/core.py:377: FutureWarning: Your system has an old version of glibc (< 2.28). We will stop supporting Linux distros with glibc older than 2.28 after **May 31, 2025**. Please upgrade to a recent Linux distro (with glibc >= 2.28) to use future versions of XGBoost.
Note: You have installed the 'manylinux2014' variant of XGBoost. Certain features such as GPU algorithms or federated learning are not available. To use these features, please upgrade to a recent Linux distro with glibc 2.28+, and install the 'manylinux_2_28' variant.
  warnings.warn(
[I 2025-05-05 21:28:47,795] Trial 11 finished with value: 0.9 and parameters: {'n_estimators': 10, 'max_depth': 20, 'gamma': 0.42494746882238776, 'subsample': 0.6833246880949571, 'colsample_bytree': 0.7661538987372662}. Best is trial 0 with value: 0.95.
/data/home/rtabares/anaconda3/envs/pyth3.12/lib/python3.12/site-packages/xgboost/core.py:377: FutureWarning: Your system has an old version of glibc (< 2.28). We will stop supporting Linux distros with glibc older than 2.28 after **May 31, 2025**. Please upgrade to a recent Linux distro (with glibc >= 2.28) to use future versions of XGBoost.
Note: You have installed the 'manylinux2014' variant of XGBoost. Certain features such as GPU algorithms or federated learning are not available. To use these features, please upgrade to a recent Linux distro with glibc 2.28+, and install the 'manylinux_2_28' variant.
  warnings.warn(
[I 2025-05-05 21:28:48,435] Trial 12 finished with value: 0.95 and parameters: {'n_estimators': 100, 'max_depth': 5, 'gamma': 0.17175478420649942, 'subsample': 0.7604630592256484, 'colsample_bytree': 0.8882602412931317}. Best is trial 0 with value: 0.95.
/data/home/rtabares/anaconda3/envs/pyth3.12/lib/python3.12/site-packages/xgboost/core.py:377: FutureWarning: Your system has an old version of glibc (< 2.28). We will stop supporting Linux distros with glibc older than 2.28 after **May 31, 2025**. Please upgrade to a recent Linux distro (with glibc >= 2.28) to use future versions of XGBoost.
Note: You have installed the 'manylinux2014' variant of XGBoost. Certain features such as GPU algorithms or federated learning are not available. To use these features, please upgrade to a recent Linux distro with glibc 2.28+, and install the 'manylinux_2_28' variant.
  warnings.warn(
[I 2025-05-05 21:28:49,074] Trial 13 finished with value: 0.9 and parameters: {'n_estimators': 40, 'max_depth': 5, 'gamma': 0.46968383520201595, 'subsample': 0.6296094462669416, 'colsample_bytree': 0.7447079709368308}. Best is trial 0 with value: 0.95.
[I 2025-05-05 21:28:49,108] Trial 14 finished with value: 0.95 and parameters: {'n_estimators': 10, 'max_depth': 20, 'gamma': 0.7948589777165307, 'subsample': 0.7758821784304792, 'colsample_bytree': 0.7537721595584849}. Best is trial 0 with value: 0.95.
/data/home/rtabares/anaconda3/envs/pyth3.12/lib/python3.12/site-packages/xgboost/core.py:377: FutureWarning: Your system has an old version of glibc (< 2.28). We will stop supporting Linux distros with glibc older than 2.28 after **May 31, 2025**. Please upgrade to a recent Linux distro (with glibc >= 2.28) to use future versions of XGBoost.
Note: You have installed the 'manylinux2014' variant of XGBoost. Certain features such as GPU algorithms or federated learning are not available. To use these features, please upgrade to a recent Linux distro with glibc 2.28+, and install the 'manylinux_2_28' variant.
  warnings.warn(
[I 2025-05-05 21:28:49,753] Trial 15 finished with value: 0.9 and parameters: {'n_estimators': 40, 'max_depth': 20, 'gamma': 0.28194741319909133, 'subsample': 0.5103505624713055, 'colsample_bytree': 0.9845212264211136}. Best is trial 0 with value: 0.95.
[I 2025-05-05 21:28:49,803] Trial 16 finished with value: 0.95 and parameters: {'n_estimators': 100, 'max_depth': 5, 'gamma': 0.5152470639351505, 'subsample': 0.6221453563347079, 'colsample_bytree': 0.6912387691426738}. Best is trial 0 with value: 0.95.
/data/home/rtabares/anaconda3/envs/pyth3.12/lib/python3.12/site-packages/xgboost/core.py:377: FutureWarning: Your system has an old version of glibc (< 2.28). We will stop supporting Linux distros with glibc older than 2.28 after **May 31, 2025**. Please upgrade to a recent Linux distro (with glibc >= 2.28) to use future versions of XGBoost.
Note: You have installed the 'manylinux2014' variant of XGBoost. Certain features such as GPU algorithms or federated learning are not available. To use these features, please upgrade to a recent Linux distro with glibc 2.28+, and install the 'manylinux_2_28' variant.
  warnings.warn(
[I 2025-05-05 21:28:50,449] Trial 17 finished with value: 0.9 and parameters: {'n_estimators': 40, 'max_depth': 20, 'gamma': 0.6582738890715492, 'subsample': 0.7046005930932894, 'colsample_bytree': 0.6115596546084268}. Best is trial 0 with value: 0.95.
[I 2025-05-05 21:28:50,499] Trial 18 finished with value: 0.95 and parameters: {'n_estimators': 100, 'max_depth': 5, 'gamma': 0.26243906447147763, 'subsample': 0.5665088776762035, 'colsample_bytree': 0.8238197091984051}. Best is trial 0 with value: 0.95.
[I 2025-05-05 21:28:50,537] Trial 19 finished with value: 0.95 and parameters: {'n_estimators': 10, 'max_depth': 30, 'gamma': 0.1190389859476221, 'subsample': 0.7973081974695146, 'colsample_bytree': 0.7146927902560363}. Best is trial 0 with value: 0.95.
[I 2025-05-05 21:28:50,579] Trial 20 finished with value: 0.95 and parameters: {'n_estimators': 100, 'max_depth': 5, 'gamma': 0.8103260095787294, 'subsample': 0.6595496651712397, 'colsample_bytree': 0.8887148142078876}. Best is trial 0 with value: 0.95.
[I 2025-05-05 21:28:50,628] Trial 21 finished with value: 0.95 and parameters: {'n_estimators': 100, 'max_depth': 5, 'gamma': 0.9143492422352758, 'subsample': 0.9793831337420338, 'colsample_bytree': 0.5181853808344}. Best is trial 0 with value: 0.95.
[I 2025-05-05 21:28:50,677] Trial 22 finished with value: 0.9 and parameters: {'n_estimators': 100, 'max_depth': 5, 'gamma': 0.8609983917242179, 'subsample': 0.7292739525693447, 'colsample_bytree': 0.5986646573837513}. Best is trial 0 with value: 0.95.
[I 2025-05-05 21:28:50,715] Trial 23 finished with value: 0.95 and parameters: {'n_estimators': 100, 'max_depth': 5, 'gamma': 0.7171792821986984, 'subsample': 0.919722559783699, 'colsample_bytree': 0.7889254432937247}. Best is trial 0 with value: 0.95.
[I 2025-05-05 21:28:50,754] Trial 24 finished with value: 0.9 and parameters: {'n_estimators': 100, 'max_depth': 5, 'gamma': 0.9393964566046923, 'subsample': 0.6577655923385094, 'colsample_bytree': 0.5000238171213811}. Best is trial 0 with value: 0.95.
[I 2025-05-05 21:28:50,793] Trial 25 finished with value: 0.95 and parameters: {'n_estimators': 40, 'max_depth': 20, 'gamma': 0.8680106139470981, 'subsample': 0.8066003320942112, 'colsample_bytree': 0.7197832348669911}. Best is trial 0 with value: 0.95.
[I 2025-05-05 21:28:50,833] Trial 26 finished with value: 0.95 and parameters: {'n_estimators': 100, 'max_depth': 5, 'gamma': 0.5622057053497718, 'subsample': 0.7407388904572767, 'colsample_bytree': 0.6632419326536584}. Best is trial 0 with value: 0.95.
[I 2025-05-05 21:28:50,883] Trial 27 finished with value: 0.9 and parameters: {'n_estimators': 100, 'max_depth': 5, 'gamma': 0.6805708916877345, 'subsample': 0.5890414322342162, 'colsample_bytree': 0.8714675054287138}. Best is trial 0 with value: 0.95.
[I 2025-05-05 21:28:50,924] Trial 28 finished with value: 0.85 and parameters: {'n_estimators': 10, 'max_depth': 30, 'gamma': 0.7714027791588332, 'subsample': 0.6707316538907298, 'colsample_bytree': 0.5748465995028325}. Best is trial 0 with value: 0.95.
[I 2025-05-05 21:28:50,967] Trial 29 finished with value: 0.95 and parameters: {'n_estimators': 40, 'max_depth': 20, 'gamma': 0.5914836650060189, 'subsample': 0.8456769074230993, 'colsample_bytree': 0.6438306844884478}. Best is trial 0 with value: 0.95.
[I 2025-05-05 21:28:55,050] A new study created in memory with name: rf
Parámetros guardados en checkpoint_shoppers_Dlatent_Roriginal_ft_A/k-means/IPC_10/best_models_k-means_seed_1/xgb_best_params.json


>>> Optuna tuning rf metodo k-means IPC 10 seed 1


[I 2025-05-05 21:28:56,318] Trial 0 finished with value: 0.85 and parameters: {'n_estimators': 267, 'max_depth': 15, 'min_samples_split': 2, 'min_samples_leaf': 4}. Best is trial 0 with value: 0.85.
[I 2025-05-05 21:28:56,538] Trial 1 finished with value: 0.85 and parameters: {'n_estimators': 158, 'max_depth': 4, 'min_samples_split': 3, 'min_samples_leaf': 4}. Best is trial 0 with value: 0.85.
[I 2025-05-05 21:28:56,878] Trial 2 finished with value: 0.6 and parameters: {'n_estimators': 259, 'max_depth': 12, 'min_samples_split': 5, 'min_samples_leaf': 7}. Best is trial 0 with value: 0.85.
[I 2025-05-05 21:28:57,157] Trial 3 finished with value: 0.5 and parameters: {'n_estimators': 181, 'max_depth': 18, 'min_samples_split': 2, 'min_samples_leaf': 7}. Best is trial 0 with value: 0.85.
[I 2025-05-05 21:28:57,490] Trial 4 finished with value: 0.85 and parameters: {'n_estimators': 267, 'max_depth': 13, 'min_samples_split': 3, 'min_samples_leaf': 2}. Best is trial 0 with value: 0.85.
[I 2025-05-05 21:28:57,981] Trial 5 finished with value: 0.5 and parameters: {'n_estimators': 421, 'max_depth': 20, 'min_samples_split': 4, 'min_samples_leaf': 7}. Best is trial 0 with value: 0.85.
[I 2025-05-05 21:28:58,503] Trial 6 finished with value: 0.85 and parameters: {'n_estimators': 451, 'max_depth': 19, 'min_samples_split': 2, 'min_samples_leaf': 1}. Best is trial 0 with value: 0.85.
[I 2025-05-05 21:28:58,782] Trial 7 finished with value: 0.85 and parameters: {'n_estimators': 168, 'max_depth': 18, 'min_samples_split': 2, 'min_samples_leaf': 5}. Best is trial 0 with value: 0.85.
[I 2025-05-05 21:28:59,333] Trial 8 finished with value: 0.85 and parameters: {'n_estimators': 484, 'max_depth': 12, 'min_samples_split': 8, 'min_samples_leaf': 4}. Best is trial 0 with value: 0.85.
[I 2025-05-05 21:28:59,764] Trial 9 finished with value: 0.5 and parameters: {'n_estimators': 375, 'max_depth': 18, 'min_samples_split': 2, 'min_samples_leaf': 8}. Best is trial 0 with value: 0.85.
[I 2025-05-05 21:29:00,191] Trial 10 finished with value: 0.5 and parameters: {'n_estimators': 336, 'max_depth': 6, 'min_samples_split': 10, 'min_samples_leaf': 10}. Best is trial 0 with value: 0.85.
[I 2025-05-05 21:29:01,003] Trial 11 finished with value: 0.85 and parameters: {'n_estimators': 106, 'max_depth': 5, 'min_samples_split': 6, 'min_samples_leaf': 3}. Best is trial 0 with value: 0.85.
[I 2025-05-05 21:29:01,917] Trial 12 finished with value: 0.85 and parameters: {'n_estimators': 229, 'max_depth': 8, 'min_samples_split': 4, 'min_samples_leaf': 4}. Best is trial 0 with value: 0.85.
[I 2025-05-05 21:29:02,091] Trial 13 finished with value: 0.85 and parameters: {'n_estimators': 134, 'max_depth': 3, 'min_samples_split': 6, 'min_samples_leaf': 5}. Best is trial 0 with value: 0.85.
[I 2025-05-05 21:29:02,383] Trial 14 finished with value: 0.85 and parameters: {'n_estimators': 209, 'max_depth': 15, 'min_samples_split': 4, 'min_samples_leaf': 3}. Best is trial 0 with value: 0.85.
[I 2025-05-05 21:29:02,768] Trial 15 finished with value: 0.85 and parameters: {'n_estimators': 312, 'max_depth': 9, 'min_samples_split': 7, 'min_samples_leaf': 1}. Best is trial 0 with value: 0.85.
[I 2025-05-05 21:29:03,144] Trial 16 finished with value: 0.85 and parameters: {'n_estimators': 352, 'max_depth': 15, 'min_samples_split': 3, 'min_samples_leaf': 6}. Best is trial 0 with value: 0.85.
[I 2025-05-05 21:29:03,490] Trial 17 finished with value: 0.85 and parameters: {'n_estimators': 266, 'max_depth': 15, 'min_samples_split': 3, 'min_samples_leaf': 3}. Best is trial 0 with value: 0.85.
[I 2025-05-05 21:29:03,674] Trial 18 finished with value: 0.85 and parameters: {'n_estimators': 152, 'max_depth': 9, 'min_samples_split': 5, 'min_samples_leaf': 4}. Best is trial 0 with value: 0.85.
[I 2025-05-05 21:29:03,981] Trial 19 finished with value: 0.5 and parameters: {'n_estimators': 222, 'max_depth': 3, 'min_samples_split': 9, 'min_samples_leaf': 9}. Best is trial 0 with value: 0.85.
[I 2025-05-05 21:29:04,356] Trial 20 finished with value: 0.85 and parameters: {'n_estimators': 291, 'max_depth': 7, 'min_samples_split': 5, 'min_samples_leaf': 6}. Best is trial 0 with value: 0.85.
[I 2025-05-05 21:29:04,691] Trial 21 finished with value: 0.85 and parameters: {'n_estimators': 258, 'max_depth': 14, 'min_samples_split': 3, 'min_samples_leaf': 2}. Best is trial 0 with value: 0.85.
[I 2025-05-05 21:29:05,109] Trial 22 finished with value: 0.85 and parameters: {'n_estimators': 386, 'max_depth': 11, 'min_samples_split': 3, 'min_samples_leaf': 2}. Best is trial 0 with value: 0.85.
[I 2025-05-05 21:29:05,378] Trial 23 finished with value: 0.85 and parameters: {'n_estimators': 189, 'max_depth': 13, 'min_samples_split': 4, 'min_samples_leaf': 2}. Best is trial 0 with value: 0.85.
[I 2025-05-05 21:29:05,758] Trial 24 finished with value: 0.85 and parameters: {'n_estimators': 294, 'max_depth': 10, 'min_samples_split': 3, 'min_samples_leaf': 4}. Best is trial 0 with value: 0.85.
[I 2025-05-05 21:29:05,945] Trial 25 finished with value: 0.85 and parameters: {'n_estimators': 100, 'max_depth': 16, 'min_samples_split': 2, 'min_samples_leaf': 3}. Best is trial 0 with value: 0.85.
[I 2025-05-05 21:29:06,219] Trial 26 finished with value: 0.85 and parameters: {'n_estimators': 232, 'max_depth': 13, 'min_samples_split': 3, 'min_samples_leaf': 5}. Best is trial 0 with value: 0.85.
[I 2025-05-05 21:29:06,566] Trial 27 finished with value: 0.85 and parameters: {'n_estimators': 317, 'max_depth': 16, 'min_samples_split': 7, 'min_samples_leaf': 2}. Best is trial 0 with value: 0.85.
[I 2025-05-05 21:29:06,840] Trial 28 finished with value: 0.85 and parameters: {'n_estimators': 199, 'max_depth': 5, 'min_samples_split': 4, 'min_samples_leaf': 1}. Best is trial 0 with value: 0.85.
[I 2025-05-05 21:29:07,146] Trial 29 finished with value: 0.85 and parameters: {'n_estimators': 261, 'max_depth': 11, 'min_samples_split': 5, 'min_samples_leaf': 6}. Best is trial 0 with value: 0.85.
[I 2025-05-05 21:29:09,483] A new study created in memory with name: svc
[I 2025-05-05 21:29:10,062] Trial 0 finished with value: 0.3 and parameters: {'C': 0.4656804637919569, 'gamma': 0.07608481233714794}. Best is trial 0 with value: 0.3.
Parámetros guardados en checkpoint_shoppers_Dlatent_Roriginal_ft_A/k-means/IPC_10/best_models_k-means_seed_1/rf_best_params.json


>>> Optuna tuning svc metodo k-means IPC 10 seed 1


