[I 2025-05-04 17:57:07,352] Trial 12 finished with value: 0.8 and parameters: {'n_estimators': 10, 'max_depth': 20, 'gamma': 0.28737985761810736, 'subsample': 0.8524056269245991, 'colsample_bytree': 0.6075184143110842}. Best is trial 0 with value: 0.85.
/data/home/rtabares/anaconda3/envs/pyth3.12/lib/python3.12/site-packages/xgboost/core.py:377: FutureWarning: Your system has an old version of glibc (< 2.28). We will stop supporting Linux distros with glibc older than 2.28 after **May 31, 2025**. Please upgrade to a recent Linux distro (with glibc >= 2.28) to use future versions of XGBoost.
Note: You have installed the 'manylinux2014' variant of XGBoost. Certain features such as GPU algorithms or federated learning are not available. To use these features, please upgrade to a recent Linux distro with glibc 2.28+, and install the 'manylinux_2_28' variant.
  warnings.warn(
[I 2025-05-04 17:57:07,990] Trial 13 finished with value: 0.75 and parameters: {'n_estimators': 10, 'max_depth': 5, 'gamma': 0.3097600592997787, 'subsample': 0.8341202308212777, 'colsample_bytree': 0.6891473079655696}. Best is trial 0 with value: 0.85.
[I 2025-05-04 17:57:08,030] Trial 14 finished with value: 0.75 and parameters: {'n_estimators': 40, 'max_depth': 30, 'gamma': 0.4336087395797972, 'subsample': 0.9145162996961929, 'colsample_bytree': 0.5966290333410096}. Best is trial 0 with value: 0.85.
/data/home/rtabares/anaconda3/envs/pyth3.12/lib/python3.12/site-packages/xgboost/core.py:377: FutureWarning: Your system has an old version of glibc (< 2.28). We will stop supporting Linux distros with glibc older than 2.28 after **May 31, 2025**. Please upgrade to a recent Linux distro (with glibc >= 2.28) to use future versions of XGBoost.
Note: You have installed the 'manylinux2014' variant of XGBoost. Certain features such as GPU algorithms or federated learning are not available. To use these features, please upgrade to a recent Linux distro with glibc 2.28+, and install the 'manylinux_2_28' variant.
  warnings.warn(
[I 2025-05-04 17:57:08,676] Trial 15 finished with value: 0.8 and parameters: {'n_estimators': 100, 'max_depth': 20, 'gamma': 0.22073984707376776, 'subsample': 0.5737615886524556, 'colsample_bytree': 0.5200439607703566}. Best is trial 0 with value: 0.85.
[I 2025-05-04 17:57:08,715] Trial 16 finished with value: 0.8 and parameters: {'n_estimators': 10, 'max_depth': 5, 'gamma': 0.6842108604609217, 'subsample': 0.7846368319478353, 'colsample_bytree': 0.8469964900610822}. Best is trial 0 with value: 0.85.
[I 2025-05-04 17:57:08,753] Trial 17 finished with value: 0.75 and parameters: {'n_estimators': 10, 'max_depth': 20, 'gamma': 0.4142723143006766, 'subsample': 0.7196216134712621, 'colsample_bytree': 0.7339353004068526}. Best is trial 0 with value: 0.85.
[I 2025-05-04 17:57:08,803] Trial 18 finished with value: 0.8 and parameters: {'n_estimators': 100, 'max_depth': 5, 'gamma': 0.10450916142635516, 'subsample': 0.9274089774735678, 'colsample_bytree': 0.6476159132302313}. Best is trial 0 with value: 0.85.
/data/home/rtabares/anaconda3/envs/pyth3.12/lib/python3.12/site-packages/xgboost/core.py:377: FutureWarning: Your system has an old version of glibc (< 2.28). We will stop supporting Linux distros with glibc older than 2.28 after **May 31, 2025**. Please upgrade to a recent Linux distro (with glibc >= 2.28) to use future versions of XGBoost.
Note: You have installed the 'manylinux2014' variant of XGBoost. Certain features such as GPU algorithms or federated learning are not available. To use these features, please upgrade to a recent Linux distro with glibc 2.28+, and install the 'manylinux_2_28' variant.
  warnings.warn(
[I 2025-05-04 17:57:09,488] Trial 19 finished with value: 0.7 and parameters: {'n_estimators': 40, 'max_depth': 30, 'gamma': 0.24359283120833075, 'subsample': 0.8824565196610772, 'colsample_bytree': 0.9943207699442902}. Best is trial 0 with value: 0.85.
[I 2025-05-04 17:57:09,539] Trial 20 finished with value: 0.85 and parameters: {'n_estimators': 100, 'max_depth': 20, 'gamma': 0.36827055149920124, 'subsample': 0.7938525057733337, 'colsample_bytree': 0.5757672070787012}. Best is trial 0 with value: 0.85.
[I 2025-05-04 17:57:09,590] Trial 21 finished with value: 0.85 and parameters: {'n_estimators': 100, 'max_depth': 20, 'gamma': 0.35039153551491153, 'subsample': 0.7993239228289812, 'colsample_bytree': 0.5720844225577337}. Best is trial 0 with value: 0.85.
[I 2025-05-04 17:57:09,646] Trial 22 finished with value: 0.8 and parameters: {'n_estimators': 100, 'max_depth': 20, 'gamma': 0.37736955726600524, 'subsample': 0.8214430006497658, 'colsample_bytree': 0.5457019103900133}. Best is trial 0 with value: 0.85.
[I 2025-05-04 17:57:09,695] Trial 23 finished with value: 0.85 and parameters: {'n_estimators': 100, 'max_depth': 20, 'gamma': 0.46891612840925523, 'subsample': 0.7182128634928708, 'colsample_bytree': 0.568494949364175}. Best is trial 0 with value: 0.85.
[I 2025-05-04 17:57:09,746] Trial 24 finished with value: 0.8 and parameters: {'n_estimators': 100, 'max_depth': 20, 'gamma': 0.6243446874501792, 'subsample': 0.7711041069160686, 'colsample_bytree': 0.6561276033031158}. Best is trial 0 with value: 0.85.
[I 2025-05-04 17:57:09,797] Trial 25 finished with value: 0.75 and parameters: {'n_estimators': 100, 'max_depth': 5, 'gamma': 0.3277331761079253, 'subsample': 0.8873493047309173, 'colsample_bytree': 0.5675827496500672}. Best is trial 0 with value: 0.85.
[I 2025-05-04 17:57:09,847] Trial 26 finished with value: 0.8 and parameters: {'n_estimators': 100, 'max_depth': 20, 'gamma': 0.2785286044071026, 'subsample': 0.7026418974792689, 'colsample_bytree': 0.6979564466570232}. Best is trial 0 with value: 0.85.
[I 2025-05-04 17:57:09,898] Trial 27 finished with value: 0.75 and parameters: {'n_estimators': 100, 'max_depth': 20, 'gamma': 0.3942376859380106, 'subsample': 0.6478766555701501, 'colsample_bytree': 0.6373456412615072}. Best is trial 0 with value: 0.85.
[I 2025-05-04 17:57:09,936] Trial 28 finished with value: 0.85 and parameters: {'n_estimators': 100, 'max_depth': 30, 'gamma': 0.46575795349774785, 'subsample': 0.8177278625702905, 'colsample_bytree': 0.5048337983516055}. Best is trial 0 with value: 0.85.
[I 2025-05-04 17:57:09,976] Trial 29 finished with value: 0.75 and parameters: {'n_estimators': 40, 'max_depth': 5, 'gamma': 0.7106973865375616, 'subsample': 0.9568007758533748, 'colsample_bytree': 0.7309973709571861}. Best is trial 0 with value: 0.85.
[I 2025-05-04 17:57:11,874] A new study created in memory with name: rf
Parámetros guardados en checkpoint_shoppers_Dlatent_Roriginal/k_center/best_models_k_center_seed_2/xgb_best_params.json


>>> Optuna tuning rf


[I 2025-05-04 17:57:14,651] Trial 0 finished with value: 0.65 and parameters: {'n_estimators': 274, 'max_depth': 3, 'min_samples_split': 6, 'min_samples_leaf': 5}. Best is trial 0 with value: 0.65.
[I 2025-05-04 17:57:15,377] Trial 1 finished with value: 0.5 and parameters: {'n_estimators': 268, 'max_depth': 8, 'min_samples_split': 3, 'min_samples_leaf': 7}. Best is trial 0 with value: 0.65.
[I 2025-05-04 17:57:15,682] Trial 2 finished with value: 0.75 and parameters: {'n_estimators': 220, 'max_depth': 7, 'min_samples_split': 7, 'min_samples_leaf': 6}. Best is trial 2 with value: 0.75.
[I 2025-05-04 17:57:15,930] Trial 3 finished with value: 0.5 and parameters: {'n_estimators': 153, 'max_depth': 12, 'min_samples_split': 3, 'min_samples_leaf': 8}. Best is trial 2 with value: 0.75.
[I 2025-05-04 17:57:16,424] Trial 4 finished with value: 0.6 and parameters: {'n_estimators': 442, 'max_depth': 11, 'min_samples_split': 9, 'min_samples_leaf': 1}. Best is trial 2 with value: 0.75.
[I 2025-05-04 17:57:16,796] Trial 5 finished with value: 0.65 and parameters: {'n_estimators': 302, 'max_depth': 4, 'min_samples_split': 5, 'min_samples_leaf': 1}. Best is trial 2 with value: 0.75.
[I 2025-05-04 17:57:17,016] Trial 6 finished with value: 0.6 and parameters: {'n_estimators': 150, 'max_depth': 13, 'min_samples_split': 4, 'min_samples_leaf': 2}. Best is trial 2 with value: 0.75.
[I 2025-05-04 17:57:17,306] Trial 7 finished with value: 0.55 and parameters: {'n_estimators': 188, 'max_depth': 9, 'min_samples_split': 6, 'min_samples_leaf': 3}. Best is trial 2 with value: 0.75.
[I 2025-05-04 17:57:17,725] Trial 8 finished with value: 0.6 and parameters: {'n_estimators': 356, 'max_depth': 11, 'min_samples_split': 6, 'min_samples_leaf': 4}. Best is trial 2 with value: 0.75.
[I 2025-05-04 17:57:18,207] Trial 9 finished with value: 0.5 and parameters: {'n_estimators': 418, 'max_depth': 13, 'min_samples_split': 3, 'min_samples_leaf': 8}. Best is trial 2 with value: 0.75.
[I 2025-05-04 17:57:18,505] Trial 10 finished with value: 0.5 and parameters: {'n_estimators': 208, 'max_depth': 18, 'min_samples_split': 9, 'min_samples_leaf': 10}. Best is trial 2 with value: 0.75.
[I 2025-05-04 17:57:19,508] Trial 11 finished with value: 0.65 and parameters: {'n_estimators': 262, 'max_depth': 4, 'min_samples_split': 8, 'min_samples_leaf': 5}. Best is trial 2 with value: 0.75.
[I 2025-05-04 17:57:19,917] Trial 12 finished with value: 0.6 and parameters: {'n_estimators': 341, 'max_depth': 3, 'min_samples_split': 7, 'min_samples_leaf': 6}. Best is trial 2 with value: 0.75.
[I 2025-05-04 17:57:20,841] Trial 13 finished with value: 0.65 and parameters: {'n_estimators': 228, 'max_depth': 7, 'min_samples_split': 7, 'min_samples_leaf': 5}. Best is trial 2 with value: 0.75.
[I 2025-05-04 17:57:20,995] Trial 14 finished with value: 0.7 and parameters: {'n_estimators': 123, 'max_depth': 6, 'min_samples_split': 10, 'min_samples_leaf': 6}. Best is trial 2 with value: 0.75.
[I 2025-05-04 17:57:21,190] Trial 15 finished with value: 0.5 and parameters: {'n_estimators': 122, 'max_depth': 6, 'min_samples_split': 10, 'min_samples_leaf': 10}. Best is trial 2 with value: 0.75.
[I 2025-05-04 17:57:21,464] Trial 16 finished with value: 0.5 and parameters: {'n_estimators': 108, 'max_depth': 16, 'min_samples_split': 10, 'min_samples_leaf': 7}. Best is trial 2 with value: 0.75.
[I 2025-05-04 17:57:22,406] Trial 17 finished with value: 0.5 and parameters: {'n_estimators': 489, 'max_depth': 6, 'min_samples_split': 8, 'min_samples_leaf': 8}. Best is trial 2 with value: 0.75.
[I 2025-05-04 17:57:22,912] Trial 18 finished with value: 0.6 and parameters: {'n_estimators': 181, 'max_depth': 9, 'min_samples_split': 8, 'min_samples_leaf': 6}. Best is trial 2 with value: 0.75.
[I 2025-05-04 17:57:23,475] Trial 19 finished with value: 0.6 and parameters: {'n_estimators': 224, 'max_depth': 6, 'min_samples_split': 2, 'min_samples_leaf': 4}. Best is trial 2 with value: 0.75.
[I 2025-05-04 17:57:23,766] Trial 20 finished with value: 0.5 and parameters: {'n_estimators': 102, 'max_depth': 20, 'min_samples_split': 9, 'min_samples_leaf': 9}. Best is trial 2 with value: 0.75.
[I 2025-05-04 17:57:24,455] Trial 21 finished with value: 0.6 and parameters: {'n_estimators': 311, 'max_depth': 3, 'min_samples_split': 5, 'min_samples_leaf': 4}. Best is trial 2 with value: 0.75.
[I 2025-05-04 17:57:24,765] Trial 22 finished with value: 0.7 and parameters: {'n_estimators': 255, 'max_depth': 5, 'min_samples_split': 5, 'min_samples_leaf': 6}. Best is trial 2 with value: 0.75.
[I 2025-05-04 17:57:24,982] Trial 23 finished with value: 0.5 and parameters: {'n_estimators': 154, 'max_depth': 5, 'min_samples_split': 5, 'min_samples_leaf': 7}. Best is trial 2 with value: 0.75.
[I 2025-05-04 17:57:25,286] Trial 24 finished with value: 0.5 and parameters: {'n_estimators': 227, 'max_depth': 9, 'min_samples_split': 7, 'min_samples_leaf': 6}. Best is trial 2 with value: 0.75.
[I 2025-05-04 17:57:25,625] Trial 25 finished with value: 0.5 and parameters: {'n_estimators': 255, 'max_depth': 7, 'min_samples_split': 4, 'min_samples_leaf': 7}. Best is trial 2 with value: 0.75.
[I 2025-05-04 17:57:25,880] Trial 26 finished with value: 0.75 and parameters: {'n_estimators': 169, 'max_depth': 5, 'min_samples_split': 4, 'min_samples_leaf': 6}. Best is trial 2 with value: 0.75.
[I 2025-05-04 17:57:26,104] Trial 27 finished with value: 0.6 and parameters: {'n_estimators': 185, 'max_depth': 8, 'min_samples_split': 2, 'min_samples_leaf': 3}. Best is trial 2 with value: 0.75.
[I 2025-05-04 17:57:26,289] Trial 28 finished with value: 0.65 and parameters: {'n_estimators': 137, 'max_depth': 5, 'min_samples_split': 4, 'min_samples_leaf': 5}. Best is trial 2 with value: 0.75.
[I 2025-05-04 17:57:26,513] Trial 29 finished with value: 0.65 and parameters: {'n_estimators': 173, 'max_depth': 10, 'min_samples_split': 7, 'min_samples_leaf': 5}. Best is trial 2 with value: 0.75.
[I 2025-05-04 17:57:31,136] A new study created in memory with name: svc
Parámetros guardados en checkpoint_shoppers_Dlatent_Roriginal/k_center/best_models_k_center_seed_2/rf_best_params.json


>>> Optuna tuning svc


[I 2025-05-04 17:57:31,774] Trial 0 finished with value: 0.5 and parameters: {'C': 0.5545996722241048, 'gamma': 0.00012697111322756423}. Best is trial 0 with value: 0.5.
[I 2025-05-04 17:57:31,791] Trial 1 finished with value: 0.5 and parameters: {'C': 1.579973895360496, 'gamma': 0.005511750757691415}. Best is trial 0 with value: 0.5.
[I 2025-05-04 17:57:31,804] Trial 2 finished with value: 0.5 and parameters: {'C': 0.48025424062174377, 'gamma': 0.002095749079193946}. Best is trial 0 with value: 0.5.
[I 2025-05-04 17:57:31,822] Trial 3 finished with value: 0.5 and parameters: {'C': 0.06585587677899403, 'gamma': 0.029997417348655162}. Best is trial 0 with value: 0.5.
[I 2025-05-04 17:57:31,837] Trial 4 finished with value: 0.5 and parameters: {'C': 0.15798603319028856, 'gamma': 0.0011676403660687692}. Best is trial 0 with value: 0.5.
[I 2025-05-04 17:57:31,851] Trial 5 finished with value: 0.45 and parameters: {'C': 3.051654279698754, 'gamma': 0.01307881440940144}. Best is trial 0 with value: 0.5.
[I 2025-05-04 17:57:31,865] Trial 6 finished with value: 0.5 and parameters: {'C': 0.034539797048540495, 'gamma': 0.01133215445049292}. Best is trial 0 with value: 0.5.
[I 2025-05-04 17:57:31,880] Trial 7 finished with value: 0.45 and parameters: {'C': 0.05467130776888186, 'gamma': 0.13846518531662885}. Best is trial 0 with value: 0.5.
[I 2025-05-04 17:57:31,894] Trial 8 finished with value: 0.45 and parameters: {'C': 26.055605528320903, 'gamma': 0.009483034914203468}. Best is trial 0 with value: 0.5.
[I 2025-05-04 17:57:31,908] Trial 9 finished with value: 0.5 and parameters: {'C': 24.335817588808105, 'gamma': 0.00020824851253449603}. Best is trial 0 with value: 0.5.
[I 2025-05-04 17:57:31,931] Trial 10 finished with value: 0.5 and parameters: {'C': 5.777493411820231, 'gamma': 0.00011387692581967695}. Best is trial 0 with value: 0.5.
[I 2025-05-04 17:57:32,590] Trial 11 finished with value: 0.4 and parameters: {'C': 1.549207993350783, 'gamma': 0.38609482064593204}. Best is trial 0 with value: 0.5.
[I 2025-05-04 17:57:33,312] Trial 12 finished with value: 0.5 and parameters: {'C': 0.42200756195514116, 'gamma': 0.0006082129786813713}. Best is trial 0 with value: 0.5.
[I 2025-05-04 17:57:33,338] Trial 13 finished with value: 0.5 and parameters: {'C': 4.428298886403992, 'gamma': 0.002937275677771331}. Best is trial 0 with value: 0.5.
[I 2025-05-04 17:57:33,364] Trial 14 finished with value: 0.5 and parameters: {'C': 0.014053355153900821, 'gamma': 0.00044664214666113714}. Best is trial 0 with value: 0.5.
[I 2025-05-04 17:57:33,390] Trial 15 finished with value: 0.5 and parameters: {'C': 80.78963648177103, 'gamma': 0.09264200616561681}. Best is trial 0 with value: 0.5.
[I 2025-05-04 17:57:33,412] Trial 16 finished with value: 0.5 and parameters: {'C': 0.39881841457963957, 'gamma': 0.004205298215919713}. Best is trial 0 with value: 0.5.
[I 2025-05-04 17:57:33,433] Trial 17 finished with value: 0.4 and parameters: {'C': 1.2773625882541284, 'gamma': 0.8379255861279092}. Best is trial 0 with value: 0.5.
[I 2025-05-04 17:57:33,455] Trial 18 finished with value: 0.45 and parameters: {'C': 10.98880947865165, 'gamma': 0.036058877945824665}. Best is trial 0 with value: 0.5.
[I 2025-05-04 17:57:33,481] Trial 19 finished with value: 0.5 and parameters: {'C': 0.1706629073143078, 'gamma': 0.00034327588128230655}. Best is trial 0 with value: 0.5.
[I 2025-05-04 17:57:33,503] Trial 20 finished with value: 0.5 and parameters: {'C': 0.864323921567758, 'gamma': 0.0007748817383445976}. Best is trial 0 with value: 0.5.
[I 2025-05-04 17:57:33,526] Trial 21 finished with value: 0.5 and parameters: {'C': 0.4873487656265072, 'gamma': 0.0017280783614111372}. Best is trial 0 with value: 0.5.
[I 2025-05-04 17:57:33,547] Trial 22 finished with value: 0.5 and parameters: {'C': 0.25262011723240224, 'gamma': 0.003649009309979889}. Best is trial 0 with value: 0.5.
[I 2025-05-04 17:57:33,572] Trial 23 finished with value: 0.5 and parameters: {'C': 1.8268241799836529, 'gamma': 0.00013782980802605352}. Best is trial 0 with value: 0.5.
[I 2025-05-04 17:57:33,596] Trial 24 finished with value: 0.5 and parameters: {'C': 0.736779954573373, 'gamma': 0.0020525178497673973}. Best is trial 0 with value: 0.5.
[I 2025-05-04 17:57:33,617] Trial 25 finished with value: 0.5 and parameters: {'C': 0.12114156635372249, 'gamma': 0.007564778927983074}. Best is trial 0 with value: 0.5.
[I 2025-05-04 17:57:33,641] Trial 26 finished with value: 0.45 and parameters: {'C': 2.4688271285267116, 'gamma': 0.024358619723251495}. Best is trial 0 with value: 0.5.
[I 2025-05-04 17:57:33,662] Trial 27 finished with value: 0.5 and parameters: {'C': 8.288787843709658, 'gamma': 0.00026046825824484063}. Best is trial 0 with value: 0.5.
[I 2025-05-04 17:57:33,683] Trial 28 finished with value: 0.5 and parameters: {'C': 0.776456371457642, 'gamma': 0.0012772907981278543}. Best is trial 0 with value: 0.5.
[I 2025-05-04 17:57:33,704] Trial 29 finished with value: 0.5 and parameters: {'C': 0.08284698903909819, 'gamma': 0.03068144480572699}. Best is trial 0 with value: 0.5.
[I 2025-05-04 17:57:35,534] A new study created in memory with name: logreg
[I 2025-05-04 17:57:36,113] Trial 0 finished with value: 0.4 and parameters: {'C': 0.15134724182275533, 'penalty': 'l2'}. Best is trial 0 with value: 0.4.
Parámetros guardados en checkpoint_shoppers_Dlatent_Roriginal/k_center/best_models_k_center_seed_2/svc_best_params.json


>>> Optuna tuning logreg


[I 2025-05-04 17:57:38,330] Trial 1 finished with value: 0.6 and parameters: {'C': 0.00134781771168027, 'penalty': 'l2'}. Best is trial 1 with value: 0.6.
[I 2025-05-04 17:57:38,611] Trial 2 finished with value: 0.45 and parameters: {'C': 0.5601603817503298, 'penalty': 'l2'}. Best is trial 1 with value: 0.6.
[I 2025-05-04 17:57:38,637] Trial 3 finished with value: 0.4 and parameters: {'C': 0.15017995265951545, 'penalty': 'l2'}. Best is trial 1 with value: 0.6.
[I 2025-05-04 17:57:38,662] Trial 4 finished with value: 0.4 and parameters: {'C': 0.1264267606498664, 'penalty': 'l2'}. Best is trial 1 with value: 0.6.
[I 2025-05-04 17:57:38,687] Trial 5 finished with value: 0.4 and parameters: {'C': 0.044840877729077515, 'penalty': 'l2'}. Best is trial 1 with value: 0.6.
[I 2025-05-04 17:57:38,702] Trial 6 finished with value: 0.55 and parameters: {'C': 0.010549774340694125, 'penalty': 'l2'}. Best is trial 1 with value: 0.6.
[I 2025-05-04 17:57:38,726] Trial 7 finished with value: 0.45 and parameters: {'C': 1.248403080828608, 'penalty': 'l2'}. Best is trial 1 with value: 0.6.
[I 2025-05-04 17:57:38,742] Trial 8 finished with value: 0.5 and parameters: {'C': 0.03149730300397853, 'penalty': 'l2'}. Best is trial 1 with value: 0.6.
[I 2025-05-04 17:57:38,757] Trial 9 finished with value: 0.5 and parameters: {'C': 0.021584220823040776, 'penalty': 'l2'}. Best is trial 1 with value: 0.6.
[I 2025-05-04 17:57:38,787] Trial 10 finished with value: 0.45 and parameters: {'C': 64.41808847399955, 'penalty': 'l2'}. Best is trial 1 with value: 0.6.
[I 2025-05-04 17:57:38,806] Trial 11 finished with value: 0.6 and parameters: {'C': 0.0011053388146618393, 'penalty': 'l2'}. Best is trial 1 with value: 0.6.
[I 2025-05-04 17:57:39,456] Trial 12 finished with value: 0.6 and parameters: {'C': 0.001136550637943971, 'penalty': 'l2'}. Best is trial 1 with value: 0.6.
[I 2025-05-04 17:57:40,114] Trial 13 finished with value: 0.6 and parameters: {'C': 0.001031829441250306, 'penalty': 'l2'}. Best is trial 1 with value: 0.6.
[I 2025-05-04 17:57:40,134] Trial 14 finished with value: 0.6 and parameters: {'C': 0.004604301920489541, 'penalty': 'l2'}. Best is trial 1 with value: 0.6.
[I 2025-05-04 17:57:40,165] Trial 15 finished with value: 0.45 and parameters: {'C': 3.40098576850569, 'penalty': 'l2'}. Best is trial 1 with value: 0.6.
[I 2025-05-04 17:57:40,831] Trial 16 finished with value: 0.6 and parameters: {'C': 0.0037209089037288055, 'penalty': 'l2'}. Best is trial 1 with value: 0.6.
[I 2025-05-04 17:57:40,862] Trial 17 finished with value: 0.45 and parameters: {'C': 10.627232806129394, 'penalty': 'l2'}. Best is trial 1 with value: 0.6.
[I 2025-05-04 17:57:40,880] Trial 18 finished with value: 0.6 and parameters: {'C': 0.004162434578461762, 'penalty': 'l2'}. Best is trial 1 with value: 0.6.
[I 2025-05-04 17:57:41,525] Trial 19 finished with value: 0.6 and parameters: {'C': 0.001012448592542714, 'penalty': 'l2'}. Best is trial 1 with value: 0.6.
[I 2025-05-04 17:57:41,546] Trial 20 finished with value: 0.6 and parameters: {'C': 0.005461499695411657, 'penalty': 'l2'}. Best is trial 1 with value: 0.6.
[I 2025-05-04 17:57:41,580] Trial 21 finished with value: 0.6 and parameters: {'C': 0.0015677601148635992, 'penalty': 'l2'}. Best is trial 1 with value: 0.6.
[I 2025-05-04 17:57:41,609] Trial 22 finished with value: 0.6 and parameters: {'C': 0.002174849950817924, 'penalty': 'l2'}. Best is trial 1 with value: 0.6.
[I 2025-05-04 17:57:41,629] Trial 23 finished with value: 0.55 and parameters: {'C': 0.013264596046154287, 'penalty': 'l2'}. Best is trial 1 with value: 0.6.
