[I 2025-05-04 17:43:50,639] Trial 20 finished with value: 0.85 and parameters: {'n_estimators': 100, 'max_depth': 20, 'gamma': 0.6942030849993588, 'subsample': 0.6569966999906889, 'colsample_bytree': 0.6184486569966094}. Best is trial 10 with value: 0.9.
[I 2025-05-04 17:43:50,698] Trial 21 finished with value: 0.8 and parameters: {'n_estimators': 100, 'max_depth': 5, 'gamma': 0.9097382209533221, 'subsample': 0.9637276989654288, 'colsample_bytree': 0.5256684672063335}. Best is trial 10 with value: 0.9.
[I 2025-05-04 17:43:50,747] Trial 22 finished with value: 0.8 and parameters: {'n_estimators': 100, 'max_depth': 5, 'gamma': 0.9910257385113951, 'subsample': 0.799760816378382, 'colsample_bytree': 0.6816095436769157}. Best is trial 10 with value: 0.9.
/data/home/rtabares/anaconda3/envs/pyth3.12/lib/python3.12/site-packages/xgboost/core.py:377: FutureWarning: Your system has an old version of glibc (< 2.28). We will stop supporting Linux distros with glibc older than 2.28 after **May 31, 2025**. Please upgrade to a recent Linux distro (with glibc >= 2.28) to use future versions of XGBoost.
Note: You have installed the 'manylinux2014' variant of XGBoost. Certain features such as GPU algorithms or federated learning are not available. To use these features, please upgrade to a recent Linux distro with glibc 2.28+, and install the 'manylinux_2_28' variant.
  warnings.warn(
[I 2025-05-04 17:43:51,462] Trial 23 finished with value: 0.8 and parameters: {'n_estimators': 100, 'max_depth': 5, 'gamma': 0.8225621339342755, 'subsample': 0.9174716584703987, 'colsample_bytree': 0.5867741729594614}. Best is trial 10 with value: 0.9.
[I 2025-05-04 17:43:51,513] Trial 24 finished with value: 0.8 and parameters: {'n_estimators': 100, 'max_depth': 5, 'gamma': 0.893221486321449, 'subsample': 0.9961333117558921, 'colsample_bytree': 0.5005159603420953}. Best is trial 10 with value: 0.9.
[I 2025-05-04 17:43:51,573] Trial 25 finished with value: 0.75 and parameters: {'n_estimators': 100, 'max_depth': 5, 'gamma': 0.7435806622679417, 'subsample': 0.7090275908238791, 'colsample_bytree': 0.9471514688617777}. Best is trial 10 with value: 0.9.
[I 2025-05-04 17:43:51,625] Trial 26 finished with value: 0.8 and parameters: {'n_estimators': 10, 'max_depth': 20, 'gamma': 0.6325643850511943, 'subsample': 0.7376322535324602, 'colsample_bytree': 0.7678369881980487}. Best is trial 10 with value: 0.9.
[I 2025-05-04 17:43:51,684] Trial 27 finished with value: 0.8 and parameters: {'n_estimators': 100, 'max_depth': 5, 'gamma': 0.45381280407324004, 'subsample': 0.8086242591909745, 'colsample_bytree': 0.7022992286442884}. Best is trial 10 with value: 0.9.
[I 2025-05-04 17:43:51,732] Trial 28 finished with value: 0.8 and parameters: {'n_estimators': 10, 'max_depth': 30, 'gamma': 0.5752529465793602, 'subsample': 0.8952884477520447, 'colsample_bytree': 0.842825100835529}. Best is trial 10 with value: 0.9.
[I 2025-05-04 17:43:51,781] Trial 29 finished with value: 0.8 and parameters: {'n_estimators': 100, 'max_depth': 20, 'gamma': 0.3282549901864451, 'subsample': 0.644853983781188, 'colsample_bytree': 0.710365892889355}. Best is trial 10 with value: 0.9.
[I 2025-05-04 17:43:54,287] A new study created in memory with name: rf
Parámetros guardados en checkpoint_shoppers_Dlatent_Roriginal/lc/best_models_lc_seed_1/xgb_best_params.json


>>> Optuna tuning rf


[I 2025-05-04 17:43:56,550] Trial 0 finished with value: 1.0 and parameters: {'n_estimators': 267, 'max_depth': 15, 'min_samples_split': 2, 'min_samples_leaf': 4}. Best is trial 0 with value: 1.0.
[I 2025-05-04 17:43:57,140] Trial 1 finished with value: 0.95 and parameters: {'n_estimators': 158, 'max_depth': 4, 'min_samples_split': 3, 'min_samples_leaf': 4}. Best is trial 0 with value: 1.0.
[I 2025-05-04 17:43:57,502] Trial 2 finished with value: 0.5 and parameters: {'n_estimators': 259, 'max_depth': 12, 'min_samples_split': 5, 'min_samples_leaf': 7}. Best is trial 0 with value: 1.0.
[I 2025-05-04 17:43:57,803] Trial 3 finished with value: 0.5 and parameters: {'n_estimators': 181, 'max_depth': 18, 'min_samples_split': 2, 'min_samples_leaf': 7}. Best is trial 0 with value: 1.0.
[I 2025-05-04 17:43:58,164] Trial 4 finished with value: 1.0 and parameters: {'n_estimators': 267, 'max_depth': 13, 'min_samples_split': 3, 'min_samples_leaf': 2}. Best is trial 0 with value: 1.0.
[I 2025-05-04 17:43:58,696] Trial 5 finished with value: 0.5 and parameters: {'n_estimators': 421, 'max_depth': 20, 'min_samples_split': 4, 'min_samples_leaf': 7}. Best is trial 0 with value: 1.0.
[I 2025-05-04 17:43:59,258] Trial 6 finished with value: 1.0 and parameters: {'n_estimators': 451, 'max_depth': 19, 'min_samples_split': 2, 'min_samples_leaf': 1}. Best is trial 0 with value: 1.0.
[I 2025-05-04 17:43:59,528] Trial 7 finished with value: 1.0 and parameters: {'n_estimators': 168, 'max_depth': 18, 'min_samples_split': 2, 'min_samples_leaf': 5}. Best is trial 0 with value: 1.0.
[I 2025-05-04 17:44:00,120] Trial 8 finished with value: 1.0 and parameters: {'n_estimators': 484, 'max_depth': 12, 'min_samples_split': 8, 'min_samples_leaf': 4}. Best is trial 0 with value: 1.0.
[I 2025-05-04 17:44:00,605] Trial 9 finished with value: 0.5 and parameters: {'n_estimators': 375, 'max_depth': 18, 'min_samples_split': 2, 'min_samples_leaf': 8}. Best is trial 0 with value: 1.0.
[I 2025-05-04 17:44:01,084] Trial 10 finished with value: 0.5 and parameters: {'n_estimators': 336, 'max_depth': 6, 'min_samples_split': 10, 'min_samples_leaf': 10}. Best is trial 0 with value: 1.0.
[I 2025-05-04 17:44:02,077] Trial 11 finished with value: 1.0 and parameters: {'n_estimators': 262, 'max_depth': 14, 'min_samples_split': 6, 'min_samples_leaf': 1}. Best is trial 0 with value: 1.0.
[I 2025-05-04 17:44:03,041] Trial 12 finished with value: 1.0 and parameters: {'n_estimators': 247, 'max_depth': 8, 'min_samples_split': 4, 'min_samples_leaf': 3}. Best is trial 0 with value: 1.0.
[I 2025-05-04 17:44:04,144] Trial 13 finished with value: 1.0 and parameters: {'n_estimators': 315, 'max_depth': 15, 'min_samples_split': 6, 'min_samples_leaf': 2}. Best is trial 0 with value: 1.0.
[I 2025-05-04 17:44:04,319] Trial 14 finished with value: 1.0 and parameters: {'n_estimators': 105, 'max_depth': 9, 'min_samples_split': 4, 'min_samples_leaf': 3}. Best is trial 0 with value: 1.0.
[I 2025-05-04 17:44:04,573] Trial 15 finished with value: 0.95 and parameters: {'n_estimators': 219, 'max_depth': 15, 'min_samples_split': 7, 'min_samples_leaf': 5}. Best is trial 0 with value: 1.0.
[I 2025-05-04 17:44:04,982] Trial 16 finished with value: 0.95 and parameters: {'n_estimators': 368, 'max_depth': 10, 'min_samples_split': 3, 'min_samples_leaf': 3}. Best is trial 0 with value: 1.0.
[I 2025-05-04 17:44:05,380] Trial 17 finished with value: 0.95 and parameters: {'n_estimators': 318, 'max_depth': 14, 'min_samples_split': 3, 'min_samples_leaf': 2}. Best is trial 0 with value: 1.0.
[I 2025-05-04 17:44:05,636] Trial 18 finished with value: 1.0 and parameters: {'n_estimators': 212, 'max_depth': 12, 'min_samples_split': 5, 'min_samples_leaf': 4}. Best is trial 0 with value: 1.0.
[I 2025-05-04 17:44:05,940] Trial 19 finished with value: 1.0 and parameters: {'n_estimators': 278, 'max_depth': 15, 'min_samples_split': 9, 'min_samples_leaf': 6}. Best is trial 0 with value: 1.0.
[I 2025-05-04 17:44:06,394] Trial 20 finished with value: 1.0 and parameters: {'n_estimators': 370, 'max_depth': 16, 'min_samples_split': 5, 'min_samples_leaf': 2}. Best is trial 0 with value: 1.0.
[I 2025-05-04 17:44:06,903] Trial 21 finished with value: 1.0 and parameters: {'n_estimators': 429, 'max_depth': 20, 'min_samples_split': 2, 'min_samples_leaf': 1}. Best is trial 0 with value: 1.0.
[I 2025-05-04 17:44:07,431] Trial 22 finished with value: 1.0 and parameters: {'n_estimators': 493, 'max_depth': 17, 'min_samples_split': 3, 'min_samples_leaf': 1}. Best is trial 0 with value: 1.0.
[I 2025-05-04 17:44:07,913] Trial 23 finished with value: 0.95 and parameters: {'n_estimators': 442, 'max_depth': 13, 'min_samples_split': 2, 'min_samples_leaf': 2}. Best is trial 0 with value: 1.0.
[I 2025-05-04 17:44:08,281] Trial 24 finished with value: 0.95 and parameters: {'n_estimators': 294, 'max_depth': 10, 'min_samples_split': 3, 'min_samples_leaf': 3}. Best is trial 0 with value: 1.0.
[I 2025-05-04 17:44:08,579] Trial 25 finished with value: 1.0 and parameters: {'n_estimators': 224, 'max_depth': 19, 'min_samples_split': 4, 'min_samples_leaf': 1}. Best is trial 0 with value: 1.0.
[I 2025-05-04 17:44:08,957] Trial 26 finished with value: 0.95 and parameters: {'n_estimators': 333, 'max_depth': 17, 'min_samples_split': 2, 'min_samples_leaf': 4}. Best is trial 0 with value: 1.0.
[I 2025-05-04 17:44:09,428] Trial 27 finished with value: 1.0 and parameters: {'n_estimators': 396, 'max_depth': 16, 'min_samples_split': 3, 'min_samples_leaf': 2}. Best is trial 0 with value: 1.0.
[I 2025-05-04 17:44:09,917] Trial 28 finished with value: 1.0 and parameters: {'n_estimators': 462, 'max_depth': 13, 'min_samples_split': 4, 'min_samples_leaf': 5}. Best is trial 0 with value: 1.0.
[I 2025-05-04 17:44:10,092] Trial 29 finished with value: 1.0 and parameters: {'n_estimators': 142, 'max_depth': 3, 'min_samples_split': 3, 'min_samples_leaf': 4}. Best is trial 0 with value: 1.0.
[I 2025-05-04 17:44:13,018] A new study created in memory with name: svc
Parámetros guardados en checkpoint_shoppers_Dlatent_Roriginal/lc/best_models_lc_seed_1/rf_best_params.json


>>> Optuna tuning svc


[I 2025-05-04 17:44:15,234] Trial 0 finished with value: 0.9 and parameters: {'C': 0.4656804637919569, 'gamma': 0.07608481233714794}. Best is trial 0 with value: 0.9.
[I 2025-05-04 17:44:15,555] Trial 1 finished with value: 0.75 and parameters: {'C': 0.010010539860510492, 'gamma': 0.0016193110912440748}. Best is trial 0 with value: 0.9.
[I 2025-05-04 17:44:15,574] Trial 2 finished with value: 0.75 and parameters: {'C': 0.03863879405158731, 'gamma': 0.00023407464805767542}. Best is trial 0 with value: 0.9.
[I 2025-05-04 17:44:15,589] Trial 3 finished with value: 0.8 and parameters: {'C': 0.0555956542671257, 'gamma': 0.002411253706147574}. Best is trial 0 with value: 0.9.
[I 2025-05-04 17:44:15,603] Trial 4 finished with value: 0.85 and parameters: {'C': 0.3864291653552654, 'gamma': 0.014297724879798395}. Best is trial 0 with value: 0.9.
[I 2025-05-04 17:44:15,618] Trial 5 finished with value: 0.95 and parameters: {'C': 0.47509237210306143, 'gamma': 0.05506529897945987}. Best is trial 5 with value: 0.95.
[I 2025-05-04 17:44:15,631] Trial 6 finished with value: 0.8 and parameters: {'C': 0.06573686655138336, 'gamma': 0.3254391115088485}. Best is trial 5 with value: 0.95.
[I 2025-05-04 17:44:15,645] Trial 7 finished with value: 0.95 and parameters: {'C': 0.01286916510781503, 'gamma': 0.04806954824961596}. Best is trial 5 with value: 0.95.
[I 2025-05-04 17:44:15,659] Trial 8 finished with value: 0.9 and parameters: {'C': 0.4668949853708895, 'gamma': 0.017169565852473867}. Best is trial 5 with value: 0.95.
[I 2025-05-04 17:44:15,675] Trial 9 finished with value: 0.75 and parameters: {'C': 0.03643743139281253, 'gamma': 0.0006200203677164723}. Best is trial 5 with value: 0.95.
[I 2025-05-04 17:44:15,698] Trial 10 finished with value: 0.8 and parameters: {'C': 35.745293136206676, 'gamma': 0.7224277170628273}. Best is trial 5 with value: 0.95.
[I 2025-05-04 17:44:16,355] Trial 11 finished with value: 0.95 and parameters: {'C': 7.1407379662603745, 'gamma': 0.08043878601272576}. Best is trial 5 with value: 0.95.
[I 2025-05-04 17:44:17,006] Trial 12 finished with value: 0.95 and parameters: {'C': 4.003198603994609, 'gamma': 0.090970033275419}. Best is trial 5 with value: 0.95.
[I 2025-05-04 17:44:17,031] Trial 13 finished with value: 0.95 and parameters: {'C': 1.5528653543697566, 'gamma': 0.03357307542331511}. Best is trial 5 with value: 0.95.
[I 2025-05-04 17:44:17,052] Trial 14 finished with value: 0.85 and parameters: {'C': 0.010904610296324557, 'gamma': 0.004877923490815527}. Best is trial 5 with value: 0.95.
[I 2025-05-04 17:44:17,082] Trial 15 finished with value: 0.9 and parameters: {'C': 96.80278171389716, 'gamma': 0.22011602537466324}. Best is trial 5 with value: 0.95.
[I 2025-05-04 17:44:17,742] Trial 16 finished with value: 0.85 and parameters: {'C': 0.17579519104407218, 'gamma': 0.007702905722042556}. Best is trial 5 with value: 0.95.
[I 2025-05-04 17:44:17,766] Trial 17 finished with value: 0.95 and parameters: {'C': 2.1006206869317636, 'gamma': 0.03543804286907828}. Best is trial 5 with value: 0.95.
[I 2025-05-04 17:44:17,788] Trial 18 finished with value: 0.75 and parameters: {'C': 12.37325082937103, 'gamma': 0.8526615894885243}. Best is trial 5 with value: 0.95.
[I 2025-05-04 17:44:17,809] Trial 19 finished with value: 0.85 and parameters: {'C': 0.16891555696002336, 'gamma': 0.18778691546514154}. Best is trial 5 with value: 0.95.
[I 2025-05-04 17:44:17,830] Trial 20 finished with value: 0.95 and parameters: {'C': 0.1671394973365134, 'gamma': 0.029141307872890765}. Best is trial 5 with value: 0.95.
[I 2025-05-04 17:44:17,851] Trial 21 finished with value: 0.95 and parameters: {'C': 9.34343692989818, 'gamma': 0.07240980239914568}. Best is trial 5 with value: 0.95.
[I 2025-05-04 17:44:18,521] Trial 22 finished with value: 0.95 and parameters: {'C': 5.088070428696121, 'gamma': 0.10570629340383694}. Best is trial 5 with value: 0.95.
[I 2025-05-04 17:44:18,544] Trial 23 finished with value: 0.95 and parameters: {'C': 30.240663365329596, 'gamma': 0.040681690254726066}. Best is trial 5 with value: 0.95.
[I 2025-05-04 17:44:19,204] Trial 24 finished with value: 0.85 and parameters: {'C': 1.685897726864424, 'gamma': 0.4173055737391508}. Best is trial 5 with value: 0.95.
[I 2025-05-04 17:44:19,228] Trial 25 finished with value: 0.95 and parameters: {'C': 10.437868269482193, 'gamma': 0.1585863207279512}. Best is trial 5 with value: 0.95.
[I 2025-05-04 17:44:19,250] Trial 26 finished with value: 0.85 and parameters: {'C': 0.6898812590684971, 'gamma': 0.004824222339005972}. Best is trial 5 with value: 0.95.
[I 2025-05-04 17:44:19,274] Trial 27 finished with value: 0.95 and parameters: {'C': 3.3312939859240966, 'gamma': 0.015391857688582785}. Best is trial 5 with value: 0.95.
[I 2025-05-04 17:44:19,299] Trial 28 finished with value: 0.95 and parameters: {'C': 0.020359376291009125, 'gamma': 0.039835810194736344}. Best is trial 5 with value: 0.95.
[I 2025-05-04 17:44:19,320] Trial 29 finished with value: 0.95 and parameters: {'C': 26.349313895176532, 'gamma': 0.07526706346310123}. Best is trial 5 with value: 0.95.
/data/home/rtabares/anaconda3/envs/pyth3.12/lib/python3.12/site-packages/xgboost/core.py:377: FutureWarning: Your system has an old version of glibc (< 2.28). We will stop supporting Linux distros with glibc older than 2.28 after **May 31, 2025**. Please upgrade to a recent Linux distro (with glibc >= 2.28) to use future versions of XGBoost.
Note: You have installed the 'manylinux2014' variant of XGBoost. Certain features such as GPU algorithms or federated learning are not available. To use these features, please upgrade to a recent Linux distro with glibc 2.28+, and install the 'manylinux_2_28' variant.
  warnings.warn(
[I 2025-05-04 17:44:22,360] A new study created in memory with name: logreg
Parámetros guardados en checkpoint_shoppers_Dlatent_Roriginal/lc/best_models_lc_seed_1/svc_best_params.json


>>> Optuna tuning logreg


[I 2025-05-04 17:44:24,097] Trial 0 finished with value: 0.95 and parameters: {'C': 0.12164941464151847, 'penalty': 'l2'}. Best is trial 0 with value: 0.95.
[I 2025-05-04 17:44:24,329] Trial 1 finished with value: 0.95 and parameters: {'C': 3.9959722831350617, 'penalty': 'l2'}. Best is trial 0 with value: 0.95.
[I 2025-05-04 17:44:24,348] Trial 2 finished with value: 0.85 and parameters: {'C': 0.0010013176560941261, 'penalty': 'l2'}. Best is trial 0 with value: 0.95.
[I 2025-05-04 17:44:24,372] Trial 3 finished with value: 0.95 and parameters: {'C': 0.0324835034508668, 'penalty': 'l2'}. Best is trial 0 with value: 0.95.
[I 2025-05-04 17:44:24,396] Trial 4 finished with value: 0.95 and parameters: {'C': 0.005417257182767969, 'penalty': 'l2'}. Best is trial 0 with value: 0.95.
[I 2025-05-04 17:44:24,421] Trial 5 finished with value: 0.9 and parameters: {'C': 0.0028952960233492846, 'penalty': 'l2'}. Best is trial 0 with value: 0.95.
[I 2025-05-04 17:44:24,435] Trial 6 finished with value: 0.95 and parameters: {'C': 0.008536916958038761, 'penalty': 'l2'}. Best is trial 0 with value: 0.95.
[I 2025-05-04 17:44:24,449] Trial 7 finished with value: 0.95 and parameters: {'C': 0.053432271255941216, 'penalty': 'l2'}. Best is trial 0 with value: 0.95.
[I 2025-05-04 17:44:24,472] Trial 8 finished with value: 0.95 and parameters: {'C': 0.09634681692624379, 'penalty': 'l2'}. Best is trial 0 with value: 0.95.
[I 2025-05-04 17:44:24,487] Trial 9 finished with value: 0.95 and parameters: {'C': 0.4944059287398678, 'penalty': 'l2'}. Best is trial 0 with value: 0.95.
[I 2025-05-04 17:44:24,515] Trial 10 finished with value: 0.95 and parameters: {'C': 67.90603441874381, 'penalty': 'l2'}. Best is trial 0 with value: 0.95.
[I 2025-05-04 17:44:25,223] Trial 11 finished with value: 0.95 and parameters: {'C': 1.5000651743034545, 'penalty': 'l2'}. Best is trial 0 with value: 0.95.
[I 2025-05-04 17:44:25,942] Trial 12 finished with value: 0.95 and parameters: {'C': 4.98132666038985, 'penalty': 'l2'}. Best is trial 0 with value: 0.95.
[I 2025-05-04 17:44:25,964] Trial 13 finished with value: 0.95 and parameters: {'C': 17.958868059365482, 'penalty': 'l2'}. Best is trial 0 with value: 0.95.
[I 2025-05-04 17:44:25,981] Trial 14 finished with value: 0.95 and parameters: {'C': 0.7834551690523107, 'penalty': 'l2'}. Best is trial 0 with value: 0.95.
[I 2025-05-04 17:44:26,010] Trial 15 finished with value: 0.95 and parameters: {'C': 2.8130508534049774, 'penalty': 'l2'}. Best is trial 0 with value: 0.95.
[I 2025-05-04 17:44:26,042] Trial 16 finished with value: 0.95 and parameters: {'C': 0.18837297997959032, 'penalty': 'l2'}. Best is trial 0 with value: 0.95.
[I 2025-05-04 17:44:26,060] Trial 17 finished with value: 0.95 and parameters: {'C': 8.322569538423023, 'penalty': 'l2'}. Best is trial 0 with value: 0.95.
[I 2025-05-04 17:44:26,076] Trial 18 finished with value: 0.95 and parameters: {'C': 20.652358488710465, 'penalty': 'l2'}. Best is trial 0 with value: 0.95.
[I 2025-05-04 17:44:26,812] Trial 19 finished with value: 0.95 and parameters: {'C': 0.01939529327574571, 'penalty': 'l2'}. Best is trial 0 with value: 0.95.
[I 2025-05-04 17:44:26,843] Trial 20 finished with value: 0.95 and parameters: {'C': 0.23218993614709957, 'penalty': 'l2'}. Best is trial 0 with value: 0.95.
[I 2025-05-04 17:44:26,875] Trial 21 finished with value: 0.95 and parameters: {'C': 0.042704254723834, 'penalty': 'l2'}. Best is trial 0 with value: 0.95.
[I 2025-05-04 17:44:26,896] Trial 22 finished with value: 0.95 and parameters: {'C': 0.020081834259394027, 'penalty': 'l2'}. Best is trial 0 with value: 0.95.
[I 2025-05-04 17:44:26,913] Trial 23 finished with value: 0.95 and parameters: {'C': 0.7043209344028318, 'penalty': 'l2'}. Best is trial 0 with value: 0.95.
[I 2025-05-04 17:44:27,608] Trial 24 finished with value: 0.95 and parameters: {'C': 0.14003328372613755, 'penalty': 'l2'}. Best is trial 0 with value: 0.95.
[I 2025-05-04 17:44:27,629] Trial 25 finished with value: 0.95 and parameters: {'C': 0.032053691442169414, 'penalty': 'l2'}. Best is trial 0 with value: 0.95.
[I 2025-05-04 17:44:27,651] Trial 26 finished with value: 0.95 and parameters: {'C': 1.412217520077439, 'penalty': 'l2'}. Best is trial 0 with value: 0.95.
[I 2025-05-04 17:44:27,680] Trial 27 finished with value: 0.95 and parameters: {'C': 0.0825379225379411, 'penalty': 'l2'}. Best is trial 0 with value: 0.95.
[I 2025-05-04 17:44:27,700] Trial 28 finished with value: 0.95 and parameters: {'C': 0.3803482918538263, 'penalty': 'l2'}. Best is trial 0 with value: 0.95.
[I 2025-05-04 17:44:27,718] Trial 29 finished with value: 0.85 and parameters: {'C': 0.0018629468760356595, 'penalty': 'l2'}. Best is trial 0 with value: 0.95.
[I 2025-05-04 17:44:30,278] A new study created in memory with name: mlp
Parámetros guardados en checkpoint_shoppers_Dlatent_Roriginal/lc/best_models_lc_seed_1/logreg_best_params.json


>>> Optuna tuning mlp


/data/home/rtabares/anaconda3/envs/pyth3.12/lib/python3.12/site-packages/sklearn/neural_network/_multilayer_perceptron.py:691: ConvergenceWarning: Stochastic Optimizer: Maximum iterations (50) reached and the optimization hasn't converged yet.
  warnings.warn(
/data/home/rtabares/anaconda3/envs/pyth3.12/lib/python3.12/site-packages/sklearn/neural_network/_multilayer_perceptron.py:691: ConvergenceWarning: Stochastic Optimizer: Maximum iterations (50) reached and the optimization hasn't converged yet.
  warnings.warn(
/data/home/rtabares/anaconda3/envs/pyth3.12/lib/python3.12/site-packages/sklearn/neural_network/_multilayer_perceptron.py:691: ConvergenceWarning: Stochastic Optimizer: Maximum iterations (50) reached and the optimization hasn't converged yet.
  warnings.warn(
/data/home/rtabares/anaconda3/envs/pyth3.12/lib/python3.12/site-packages/sklearn/neural_network/_multilayer_perceptron.py:691: ConvergenceWarning: Stochastic Optimizer: Maximum iterations (50) reached and the optimization hasn't converged yet.
  warnings.warn(
/data/home/rtabares/anaconda3/envs/pyth3.12/lib/python3.12/site-packages/sklearn/neural_network/_multilayer_perceptron.py:691: ConvergenceWarning: Stochastic Optimizer: Maximum iterations (50) reached and the optimization hasn't converged yet.
  warnings.warn(
[I 2025-05-04 17:44:32,741] Trial 0 finished with value: 0.95 and parameters: {'hidden_layer_sizes': (200,), 'max_iter': 50, 'alpha': 0.001}. Best is trial 0 with value: 0.95.
