[I 2025-05-04 17:23:08,373] Trial 9 finished with value: 0.95 and parameters: {'n_estimators': 100, 'max_depth': 5, 'gamma': 0.18454645968259753, 'subsample': 0.7879732477780896, 'colsample_bytree': 0.964648098788107}. Best is trial 2 with value: 0.95.
/data/home/rtabares/anaconda3/envs/pyth3.12/lib/python3.12/site-packages/xgboost/core.py:377: FutureWarning: Your system has an old version of glibc (< 2.28). We will stop supporting Linux distros with glibc older than 2.28 after **May 31, 2025**. Please upgrade to a recent Linux distro (with glibc >= 2.28) to use future versions of XGBoost.
Note: You have installed the 'manylinux2014' variant of XGBoost. Certain features such as GPU algorithms or federated learning are not available. To use these features, please upgrade to a recent Linux distro with glibc 2.28+, and install the 'manylinux_2_28' variant.
  warnings.warn(
[I 2025-05-04 17:23:08,443] Trial 10 finished with value: 0.9 and parameters: {'n_estimators': 100, 'max_depth': 5, 'gamma': 0.9575004347741041, 'subsample': 0.7932037667045787, 'colsample_bytree': 0.5138613466239843}. Best is trial 2 with value: 0.95.
/data/home/rtabares/anaconda3/envs/pyth3.12/lib/python3.12/site-packages/xgboost/core.py:377: FutureWarning: Your system has an old version of glibc (< 2.28). We will stop supporting Linux distros with glibc older than 2.28 after **May 31, 2025**. Please upgrade to a recent Linux distro (with glibc >= 2.28) to use future versions of XGBoost.
Note: You have installed the 'manylinux2014' variant of XGBoost. Certain features such as GPU algorithms or federated learning are not available. To use these features, please upgrade to a recent Linux distro with glibc 2.28+, and install the 'manylinux_2_28' variant.
  warnings.warn(
/data/home/rtabares/anaconda3/envs/pyth3.12/lib/python3.12/site-packages/xgboost/core.py:377: FutureWarning: Your system has an old version of glibc (< 2.28). We will stop supporting Linux distros with glibc older than 2.28 after **May 31, 2025**. Please upgrade to a recent Linux distro (with glibc >= 2.28) to use future versions of XGBoost.
Note: You have installed the 'manylinux2014' variant of XGBoost. Certain features such as GPU algorithms or federated learning are not available. To use these features, please upgrade to a recent Linux distro with glibc 2.28+, and install the 'manylinux_2_28' variant.
  warnings.warn(
[I 2025-05-04 17:23:09,129] Trial 11 finished with value: 0.95 and parameters: {'n_estimators': 100, 'max_depth': 5, 'gamma': 0.34387707850564075, 'subsample': 0.6676165384970966, 'colsample_bytree': 0.633996766178915}. Best is trial 2 with value: 0.95.
/data/home/rtabares/anaconda3/envs/pyth3.12/lib/python3.12/site-packages/xgboost/core.py:377: FutureWarning: Your system has an old version of glibc (< 2.28). We will stop supporting Linux distros with glibc older than 2.28 after **May 31, 2025**. Please upgrade to a recent Linux distro (with glibc >= 2.28) to use future versions of XGBoost.
Note: You have installed the 'manylinux2014' variant of XGBoost. Certain features such as GPU algorithms or federated learning are not available. To use these features, please upgrade to a recent Linux distro with glibc 2.28+, and install the 'manylinux_2_28' variant.
  warnings.warn(
/data/home/rtabares/anaconda3/envs/pyth3.12/lib/python3.12/site-packages/xgboost/core.py:377: FutureWarning: Your system has an old version of glibc (< 2.28). We will stop supporting Linux distros with glibc older than 2.28 after **May 31, 2025**. Please upgrade to a recent Linux distro (with glibc >= 2.28) to use future versions of XGBoost.
Note: You have installed the 'manylinux2014' variant of XGBoost. Certain features such as GPU algorithms or federated learning are not available. To use these features, please upgrade to a recent Linux distro with glibc 2.28+, and install the 'manylinux_2_28' variant.
  warnings.warn(
/data/home/rtabares/anaconda3/envs/pyth3.12/lib/python3.12/site-packages/xgboost/core.py:377: FutureWarning: Your system has an old version of glibc (< 2.28). We will stop supporting Linux distros with glibc older than 2.28 after **May 31, 2025**. Please upgrade to a recent Linux distro (with glibc >= 2.28) to use future versions of XGBoost.
Note: You have installed the 'manylinux2014' variant of XGBoost. Certain features such as GPU algorithms or federated learning are not available. To use these features, please upgrade to a recent Linux distro with glibc 2.28+, and install the 'manylinux_2_28' variant.
  warnings.warn(
[I 2025-05-04 17:23:09,797] Trial 12 finished with value: 0.9 and parameters: {'n_estimators': 100, 'max_depth': 20, 'gamma': 0.3457238740142877, 'subsample': 0.6960227357380889, 'colsample_bytree': 0.7256319099158575}. Best is trial 2 with value: 0.95.
[I 2025-05-04 17:23:09,846] Trial 13 finished with value: 0.9 and parameters: {'n_estimators': 100, 'max_depth': 20, 'gamma': 0.10503714528662239, 'subsample': 0.8460530054249992, 'colsample_bytree': 0.8793945620107586}. Best is trial 2 with value: 0.95.
[I 2025-05-04 17:23:09,886] Trial 14 finished with value: 0.9 and parameters: {'n_estimators': 100, 'max_depth': 5, 'gamma': 0.3089721294895873, 'subsample': 0.6145675528645281, 'colsample_bytree': 0.6085825486330015}. Best is trial 2 with value: 0.95.
[I 2025-05-04 17:23:09,923] Trial 15 finished with value: 0.9 and parameters: {'n_estimators': 40, 'max_depth': 20, 'gamma': 0.6939013549961883, 'subsample': 0.885843817158344, 'colsample_bytree': 0.8043243870551021}. Best is trial 2 with value: 0.95.
[I 2025-05-04 17:23:09,971] Trial 16 finished with value: 0.95 and parameters: {'n_estimators': 100, 'max_depth': 5, 'gamma': 0.2694167692537707, 'subsample': 0.7187239835861995, 'colsample_bytree': 0.6874733300241003}. Best is trial 2 with value: 0.95.
/data/home/rtabares/anaconda3/envs/pyth3.12/lib/python3.12/site-packages/xgboost/core.py:377: FutureWarning: Your system has an old version of glibc (< 2.28). We will stop supporting Linux distros with glibc older than 2.28 after **May 31, 2025**. Please upgrade to a recent Linux distro (with glibc >= 2.28) to use future versions of XGBoost.
Note: You have installed the 'manylinux2014' variant of XGBoost. Certain features such as GPU algorithms or federated learning are not available. To use these features, please upgrade to a recent Linux distro with glibc 2.28+, and install the 'manylinux_2_28' variant.
  warnings.warn(
[I 2025-05-04 17:23:10,656] Trial 17 finished with value: 0.95 and parameters: {'n_estimators': 100, 'max_depth': 20, 'gamma': 0.4421473234289407, 'subsample': 0.6330978090902923, 'colsample_bytree': 0.5797282374167483}. Best is trial 2 with value: 0.95.
[I 2025-05-04 17:23:10,704] Trial 18 finished with value: 0.95 and parameters: {'n_estimators': 40, 'max_depth': 5, 'gamma': 0.10007214202551606, 'subsample': 0.7719054771608646, 'colsample_bytree': 0.768979170523582}. Best is trial 2 with value: 0.95.
[I 2025-05-04 17:23:10,743] Trial 19 finished with value: 0.9 and parameters: {'n_estimators': 10, 'max_depth': 30, 'gamma': 0.9139816169885828, 'subsample': 0.8445978662774624, 'colsample_bytree': 0.889414936089644}. Best is trial 2 with value: 0.95.
[I 2025-05-04 17:23:10,782] Trial 20 finished with value: 0.95 and parameters: {'n_estimators': 100, 'max_depth': 5, 'gamma': 0.24523422731156225, 'subsample': 0.5857974907837935, 'colsample_bytree': 0.5044835419676065}. Best is trial 2 with value: 0.95.
[I 2025-05-04 17:23:10,821] Trial 21 finished with value: 0.95 and parameters: {'n_estimators': 100, 'max_depth': 30, 'gamma': 0.20101240312505272, 'subsample': 0.9116148792279947, 'colsample_bytree': 0.7380295840149014}. Best is trial 2 with value: 0.95.
[I 2025-05-04 17:23:10,869] Trial 22 finished with value: 0.9 and parameters: {'n_estimators': 100, 'max_depth': 30, 'gamma': 0.4330689791884545, 'subsample': 0.9662151687849917, 'colsample_bytree': 0.7017023251457872}. Best is trial 2 with value: 0.95.
[I 2025-05-04 17:23:10,921] Trial 23 finished with value: 0.95 and parameters: {'n_estimators': 100, 'max_depth': 30, 'gamma': 0.17078322994369077, 'subsample': 0.8375004280544803, 'colsample_bytree': 0.773761132315533}. Best is trial 2 with value: 0.95.
[I 2025-05-04 17:23:10,971] Trial 24 finished with value: 0.95 and parameters: {'n_estimators': 100, 'max_depth': 30, 'gamma': 0.27656079140511713, 'subsample': 0.7257583630437033, 'colsample_bytree': 0.8495054228930109}. Best is trial 2 with value: 0.95.
[I 2025-05-04 17:23:11,021] Trial 25 finished with value: 0.95 and parameters: {'n_estimators': 100, 'max_depth': 30, 'gamma': 0.41355408028708485, 'subsample': 0.9025181977323364, 'colsample_bytree': 0.6639586691385142}. Best is trial 2 with value: 0.95.
[I 2025-05-04 17:23:11,072] Trial 26 finished with value: 0.95 and parameters: {'n_estimators': 100, 'max_depth': 20, 'gamma': 0.22407058919678066, 'subsample': 0.6538131821742373, 'colsample_bytree': 0.574683736964085}. Best is trial 2 with value: 0.95.
[I 2025-05-04 17:23:11,124] Trial 27 finished with value: 0.9 and parameters: {'n_estimators': 100, 'max_depth': 5, 'gamma': 0.5844508593848257, 'subsample': 0.993772977471856, 'colsample_bytree': 0.9147234224721489}. Best is trial 2 with value: 0.95.
[I 2025-05-04 17:23:11,165] Trial 28 finished with value: 0.9 and parameters: {'n_estimators': 40, 'max_depth': 20, 'gamma': 0.13980086208443276, 'subsample': 0.7543596577830869, 'colsample_bytree': 0.787398944001857}. Best is trial 2 with value: 0.95.
[I 2025-05-04 17:23:11,205] Trial 29 finished with value: 0.9 and parameters: {'n_estimators': 10, 'max_depth': 30, 'gamma': 0.29822937373443836, 'subsample': 0.9312377117900236, 'colsample_bytree': 0.985648797474109}. Best is trial 2 with value: 0.95.
[I 2025-05-04 17:23:15,395] A new study created in memory with name: rf
Parámetros guardados en checkpoint_shoppers_Dlatent_Roriginal/random/best_models_random_seed_0/xgb_best_params.json


>>> Optuna tuning rf


[I 2025-05-04 17:23:16,357] Trial 0 finished with value: 0.75 and parameters: {'n_estimators': 320, 'max_depth': 15, 'min_samples_split': 7, 'min_samples_leaf': 6}. Best is trial 0 with value: 0.75.
[I 2025-05-04 17:23:16,686] Trial 1 finished with value: 0.5 and parameters: {'n_estimators': 269, 'max_depth': 14, 'min_samples_split': 5, 'min_samples_leaf': 9}. Best is trial 0 with value: 0.75.
[I 2025-05-04 17:23:17,224] Trial 2 finished with value: 0.55 and parameters: {'n_estimators': 486, 'max_depth': 9, 'min_samples_split': 9, 'min_samples_leaf': 6}. Best is trial 0 with value: 0.75.
[I 2025-05-04 17:23:17,643] Trial 3 finished with value: 0.75 and parameters: {'n_estimators': 327, 'max_depth': 19, 'min_samples_split': 2, 'min_samples_leaf': 1}. Best is trial 0 with value: 0.75.
[I 2025-05-04 17:23:17,800] Trial 4 finished with value: 0.5 and parameters: {'n_estimators': 108, 'max_depth': 17, 'min_samples_split': 9, 'min_samples_leaf': 9}. Best is trial 0 with value: 0.75.
[I 2025-05-04 17:23:18,351] Trial 5 finished with value: 0.5 and parameters: {'n_estimators': 492, 'max_depth': 17, 'min_samples_split': 6, 'min_samples_leaf': 8}. Best is trial 0 with value: 0.75.
[I 2025-05-04 17:23:18,548] Trial 6 finished with value: 0.5 and parameters: {'n_estimators': 147, 'max_depth': 14, 'min_samples_split': 3, 'min_samples_leaf': 10}. Best is trial 0 with value: 0.75.
[I 2025-05-04 17:23:18,954] Trial 7 finished with value: 0.5 and parameters: {'n_estimators': 309, 'max_depth': 10, 'min_samples_split': 4, 'min_samples_leaf': 8}. Best is trial 0 with value: 0.75.
[I 2025-05-04 17:23:19,289] Trial 8 finished with value: 0.5 and parameters: {'n_estimators': 282, 'max_depth': 13, 'min_samples_split': 2, 'min_samples_leaf': 7}. Best is trial 0 with value: 0.75.
[I 2025-05-04 17:23:19,676] Trial 9 finished with value: 0.5 and parameters: {'n_estimators': 345, 'max_depth': 14, 'min_samples_split': 10, 'min_samples_leaf': 7}. Best is trial 0 with value: 0.75.
[I 2025-05-04 17:23:20,142] Trial 10 finished with value: 0.75 and parameters: {'n_estimators': 407, 'max_depth': 5, 'min_samples_split': 7, 'min_samples_leaf': 3}. Best is trial 0 with value: 0.75.
[I 2025-05-04 17:23:21,072] Trial 11 finished with value: 0.75 and parameters: {'n_estimators': 204, 'max_depth': 20, 'min_samples_split': 7, 'min_samples_leaf': 2}. Best is trial 0 with value: 0.75.
[I 2025-05-04 17:23:22,122] Trial 12 finished with value: 0.65 and parameters: {'n_estimators': 357, 'max_depth': 20, 'min_samples_split': 7, 'min_samples_leaf': 4}. Best is trial 0 with value: 0.75.
[I 2025-05-04 17:23:22,419] Trial 13 finished with value: 0.7 and parameters: {'n_estimators': 228, 'max_depth': 17, 'min_samples_split': 2, 'min_samples_leaf': 1}. Best is trial 0 with value: 0.75.
[I 2025-05-04 17:23:22,886] Trial 14 finished with value: 0.75 and parameters: {'n_estimators': 398, 'max_depth': 17, 'min_samples_split': 5, 'min_samples_leaf': 5}. Best is trial 0 with value: 0.75.
[I 2025-05-04 17:23:23,375] Trial 15 finished with value: 0.75 and parameters: {'n_estimators': 421, 'max_depth': 6, 'min_samples_split': 8, 'min_samples_leaf': 4}. Best is trial 0 with value: 0.75.
[I 2025-05-04 17:23:23,762] Trial 16 finished with value: 0.8 and parameters: {'n_estimators': 338, 'max_depth': 19, 'min_samples_split': 4, 'min_samples_leaf': 1}. Best is trial 16 with value: 0.8.
[I 2025-05-04 17:23:24,042] Trial 17 finished with value: 0.65 and parameters: {'n_estimators': 230, 'max_depth': 11, 'min_samples_split': 4, 'min_samples_leaf': 5}. Best is trial 16 with value: 0.8.
[I 2025-05-04 17:23:24,452] Trial 18 finished with value: 0.7 and parameters: {'n_estimators': 373, 'max_depth': 8, 'min_samples_split': 5, 'min_samples_leaf': 3}. Best is trial 16 with value: 0.8.
[I 2025-05-04 17:23:24,972] Trial 19 finished with value: 0.6 and parameters: {'n_estimators': 453, 'max_depth': 3, 'min_samples_split': 6, 'min_samples_leaf': 6}. Best is trial 16 with value: 0.8.
[I 2025-05-04 17:23:25,287] Trial 20 finished with value: 0.7 and parameters: {'n_estimators': 267, 'max_depth': 16, 'min_samples_split': 4, 'min_samples_leaf': 3}. Best is trial 16 with value: 0.8.
[I 2025-05-04 17:23:25,674] Trial 21 finished with value: 0.75 and parameters: {'n_estimators': 322, 'max_depth': 19, 'min_samples_split': 3, 'min_samples_leaf': 1}. Best is trial 16 with value: 0.8.
[I 2025-05-04 17:23:26,083] Trial 22 finished with value: 0.75 and parameters: {'n_estimators': 328, 'max_depth': 19, 'min_samples_split': 3, 'min_samples_leaf': 2}. Best is trial 16 with value: 0.8.
[I 2025-05-04 17:23:26,525] Trial 23 finished with value: 0.75 and parameters: {'n_estimators': 375, 'max_depth': 15, 'min_samples_split': 2, 'min_samples_leaf': 1}. Best is trial 16 with value: 0.8.
[I 2025-05-04 17:23:26,864] Trial 24 finished with value: 0.7 and parameters: {'n_estimators': 288, 'max_depth': 18, 'min_samples_split': 3, 'min_samples_leaf': 2}. Best is trial 16 with value: 0.8.
[I 2025-05-04 17:23:27,382] Trial 25 finished with value: 0.7 and parameters: {'n_estimators': 440, 'max_depth': 12, 'min_samples_split': 8, 'min_samples_leaf': 4}. Best is trial 16 with value: 0.8.
[I 2025-05-04 17:23:27,710] Trial 26 finished with value: 0.8 and parameters: {'n_estimators': 241, 'max_depth': 19, 'min_samples_split': 4, 'min_samples_leaf': 2}. Best is trial 16 with value: 0.8.
[I 2025-05-04 17:23:27,929] Trial 27 finished with value: 0.8 and parameters: {'n_estimators': 171, 'max_depth': 16, 'min_samples_split': 5, 'min_samples_leaf': 2}. Best is trial 16 with value: 0.8.
[I 2025-05-04 17:23:28,155] Trial 28 finished with value: 0.8 and parameters: {'n_estimators': 178, 'max_depth': 20, 'min_samples_split': 5, 'min_samples_leaf': 2}. Best is trial 16 with value: 0.8.
[I 2025-05-04 17:23:28,401] Trial 29 finished with value: 0.8 and parameters: {'n_estimators': 158, 'max_depth': 16, 'min_samples_split': 4, 'min_samples_leaf': 3}. Best is trial 16 with value: 0.8.
[I 2025-05-04 17:23:33,076] A new study created in memory with name: svc
Parámetros guardados en checkpoint_shoppers_Dlatent_Roriginal/random/best_models_random_seed_0/rf_best_params.json


>>> Optuna tuning svc


[I 2025-05-04 17:23:33,695] Trial 0 finished with value: 0.55 and parameters: {'C': 1.5676677195506077, 'gamma': 0.07257005721594278}. Best is trial 0 with value: 0.55.
[I 2025-05-04 17:23:33,709] Trial 1 finished with value: 0.6 and parameters: {'C': 2.57663857461359, 'gamma': 0.01511933646764101}. Best is trial 1 with value: 0.6.
[I 2025-05-04 17:23:33,733] Trial 2 finished with value: 0.55 and parameters: {'C': 0.49501595537331966, 'gamma': 0.03833332156156663}. Best is trial 1 with value: 0.6.
[I 2025-05-04 17:23:33,748] Trial 3 finished with value: 0.4 and parameters: {'C': 0.5627932047415171, 'gamma': 0.36905577292137587}. Best is trial 1 with value: 0.6.
[I 2025-05-04 17:23:33,772] Trial 4 finished with value: 0.65 and parameters: {'C': 71.55682161754872, 'gamma': 0.0034179529120610124}. Best is trial 4 with value: 0.65.
[I 2025-05-04 17:23:33,787] Trial 5 finished with value: 0.6 and parameters: {'C': 14.68588598920087, 'gamma': 0.013049073550362394}. Best is trial 4 with value: 0.65.
[I 2025-05-04 17:23:33,800] Trial 6 finished with value: 0.3 and parameters: {'C': 1.871450068624068, 'gamma': 0.503948959867121}. Best is trial 4 with value: 0.65.
[I 2025-05-04 17:23:33,813] Trial 7 finished with value: 0.65 and parameters: {'C': 0.0192373050965465, 'gamma': 0.00022310905607443037}. Best is trial 4 with value: 0.65.
[I 2025-05-04 17:23:33,827] Trial 8 finished with value: 0.45 and parameters: {'C': 0.012046852412030323, 'gamma': 0.2140323314098606}. Best is trial 4 with value: 0.65.
[I 2025-05-04 17:23:33,842] Trial 9 finished with value: 0.3 and parameters: {'C': 12.960656597279739, 'gamma': 0.3020289640158664}. Best is trial 4 with value: 0.65.
[I 2025-05-04 17:23:33,866] Trial 10 finished with value: 0.65 and parameters: {'C': 73.4267841645538, 'gamma': 0.0010357333193126517}. Best is trial 4 with value: 0.65.
[I 2025-05-04 17:23:34,533] Trial 11 finished with value: 0.65 and parameters: {'C': 0.012108081598113376, 'gamma': 0.00012027721754053574}. Best is trial 4 with value: 0.65.
[I 2025-05-04 17:23:35,174] Trial 12 finished with value: 0.65 and parameters: {'C': 0.07949898988446227, 'gamma': 0.0016709130329244305}. Best is trial 4 with value: 0.65.
[I 2025-05-04 17:23:35,200] Trial 13 finished with value: 0.65 and parameters: {'C': 0.11983724566403872, 'gamma': 0.00027754374292315073}. Best is trial 4 with value: 0.65.
[I 2025-05-04 17:23:35,223] Trial 14 finished with value: 0.65 and parameters: {'C': 94.34270532492539, 'gamma': 0.0021521216355223746}. Best is trial 4 with value: 0.65.
[I 2025-05-04 17:23:35,245] Trial 15 finished with value: 0.65 and parameters: {'C': 0.07103886828073486, 'gamma': 0.0005267202562763758}. Best is trial 4 with value: 0.65.
[I 2025-05-04 17:23:35,266] Trial 16 finished with value: 0.65 and parameters: {'C': 10.932305252519935, 'gamma': 0.004266729662312695}. Best is trial 4 with value: 0.65.
[I 2025-05-04 17:23:35,297] Trial 17 finished with value: 0.65 and parameters: {'C': 0.20427547418581604, 'gamma': 0.00010194114046611445}. Best is trial 4 with value: 0.65.
[I 2025-05-04 17:23:35,329] Trial 18 finished with value: 0.6 and parameters: {'C': 0.03139703883426916, 'gamma': 0.006049181189533465}. Best is trial 4 with value: 0.65.
[I 2025-05-04 17:23:35,362] Trial 19 finished with value: 0.65 and parameters: {'C': 5.096402970648705, 'gamma': 0.00045983405587689957}. Best is trial 4 with value: 0.65.
[I 2025-05-04 17:23:35,384] Trial 20 finished with value: 0.6 and parameters: {'C': 30.97073926052814, 'gamma': 0.00290512880501971}. Best is trial 4 with value: 0.65.
[I 2025-05-04 17:23:35,405] Trial 21 finished with value: 0.65 and parameters: {'C': 91.72733462278532, 'gamma': 0.00082838116448454}. Best is trial 4 with value: 0.65.
[I 2025-05-04 17:23:35,438] Trial 22 finished with value: 0.65 and parameters: {'C': 48.02875488723772, 'gamma': 0.001021557392974254}. Best is trial 4 with value: 0.65.
[I 2025-05-04 17:23:35,473] Trial 23 finished with value: 0.6 and parameters: {'C': 39.49316994136987, 'gamma': 0.0002060821584409683}. Best is trial 4 with value: 0.65.
[I 2025-05-04 17:23:35,506] Trial 24 finished with value: 0.65 and parameters: {'C': 4.136421453385377, 'gamma': 0.0011156461374576794}. Best is trial 4 with value: 0.65.
[I 2025-05-04 17:23:35,528] Trial 25 finished with value: 0.6 and parameters: {'C': 21.310252929280303, 'gamma': 0.00035940448815864184}. Best is trial 4 with value: 0.65.
[I 2025-05-04 17:23:35,551] Trial 26 finished with value: 0.65 and parameters: {'C': 7.117044657106707, 'gamma': 0.006714879940648498}. Best is trial 4 with value: 0.65.
[I 2025-05-04 17:23:35,587] Trial 27 finished with value: 0.6 and parameters: {'C': 0.6852344340517288, 'gamma': 0.031763698131420076}. Best is trial 4 with value: 0.65.
[I 2025-05-04 17:23:35,611] Trial 28 finished with value: 0.65 and parameters: {'C': 0.2858561472626102, 'gamma': 0.0001804416864977702}. Best is trial 4 with value: 0.65.
[I 2025-05-04 17:23:35,645] Trial 29 finished with value: 0.65 and parameters: {'C': 1.1821355573045078, 'gamma': 0.0006036869702550573}. Best is trial 4 with value: 0.65.
[I 2025-05-04 17:23:37,502] A new study created in memory with name: logreg
[I 2025-05-04 17:23:38,091] Trial 0 finished with value: 0.55 and parameters: {'C': 0.5547119471592125, 'penalty': 'l2'}. Best is trial 0 with value: 0.55.
Parámetros guardados en checkpoint_shoppers_Dlatent_Roriginal/random/best_models_random_seed_0/svc_best_params.json


>>> Optuna tuning logreg


[I 2025-05-04 17:23:40,317] Trial 1 finished with value: 0.65 and parameters: {'C': 3.7665768415992953, 'penalty': 'l2'}. Best is trial 1 with value: 0.65.
[I 2025-05-04 17:23:40,442] Trial 2 finished with value: 0.55 and parameters: {'C': 1.032326035197657, 'penalty': 'l2'}. Best is trial 1 with value: 0.65.
