[I 2025-05-04 17:32:39,964] Trial 11 finished with value: 0.95 and parameters: {'n_estimators': 10, 'max_depth': 20, 'gamma': 0.42494746882238776, 'subsample': 0.6833246880949571, 'colsample_bytree': 0.7661538987372662}. Best is trial 0 with value: 0.95.
/data/home/rtabares/anaconda3/envs/pyth3.12/lib/python3.12/site-packages/xgboost/core.py:377: FutureWarning: Your system has an old version of glibc (< 2.28). We will stop supporting Linux distros with glibc older than 2.28 after **May 31, 2025**. Please upgrade to a recent Linux distro (with glibc >= 2.28) to use future versions of XGBoost.
Note: You have installed the 'manylinux2014' variant of XGBoost. Certain features such as GPU algorithms or federated learning are not available. To use these features, please upgrade to a recent Linux distro with glibc 2.28+, and install the 'manylinux_2_28' variant.
  warnings.warn(
[I 2025-05-04 17:32:40,650] Trial 12 finished with value: 0.95 and parameters: {'n_estimators': 100, 'max_depth': 5, 'gamma': 0.17175478420649942, 'subsample': 0.7604630592256484, 'colsample_bytree': 0.8882602412931317}. Best is trial 0 with value: 0.95.
/data/home/rtabares/anaconda3/envs/pyth3.12/lib/python3.12/site-packages/xgboost/core.py:377: FutureWarning: Your system has an old version of glibc (< 2.28). We will stop supporting Linux distros with glibc older than 2.28 after **May 31, 2025**. Please upgrade to a recent Linux distro (with glibc >= 2.28) to use future versions of XGBoost.
Note: You have installed the 'manylinux2014' variant of XGBoost. Certain features such as GPU algorithms or federated learning are not available. To use these features, please upgrade to a recent Linux distro with glibc 2.28+, and install the 'manylinux_2_28' variant.
  warnings.warn(
[I 2025-05-04 17:32:41,336] Trial 13 finished with value: 0.95 and parameters: {'n_estimators': 40, 'max_depth': 5, 'gamma': 0.46968383520201595, 'subsample': 0.6296094462669416, 'colsample_bytree': 0.7447079709368308}. Best is trial 0 with value: 0.95.
[I 2025-05-04 17:32:41,375] Trial 14 finished with value: 0.95 and parameters: {'n_estimators': 10, 'max_depth': 20, 'gamma': 0.7948589777165307, 'subsample': 0.7758821784304792, 'colsample_bytree': 0.7537721595584849}. Best is trial 0 with value: 0.95.
[I 2025-05-04 17:32:41,423] Trial 15 finished with value: 0.95 and parameters: {'n_estimators': 40, 'max_depth': 20, 'gamma': 0.28194741319909133, 'subsample': 0.5103505624713055, 'colsample_bytree': 0.9845212264211136}. Best is trial 0 with value: 0.95.
/data/home/rtabares/anaconda3/envs/pyth3.12/lib/python3.12/site-packages/xgboost/core.py:377: FutureWarning: Your system has an old version of glibc (< 2.28). We will stop supporting Linux distros with glibc older than 2.28 after **May 31, 2025**. Please upgrade to a recent Linux distro (with glibc >= 2.28) to use future versions of XGBoost.
Note: You have installed the 'manylinux2014' variant of XGBoost. Certain features such as GPU algorithms or federated learning are not available. To use these features, please upgrade to a recent Linux distro with glibc 2.28+, and install the 'manylinux_2_28' variant.
  warnings.warn(
[I 2025-05-04 17:32:42,098] Trial 16 finished with value: 0.95 and parameters: {'n_estimators': 100, 'max_depth': 5, 'gamma': 0.5152470639351505, 'subsample': 0.6221453563347079, 'colsample_bytree': 0.6912387691426738}. Best is trial 0 with value: 0.95.
[I 2025-05-04 17:32:42,138] Trial 17 finished with value: 0.95 and parameters: {'n_estimators': 40, 'max_depth': 20, 'gamma': 0.6582738890715492, 'subsample': 0.7046005930932894, 'colsample_bytree': 0.6115596546084268}. Best is trial 0 with value: 0.95.
/data/home/rtabares/anaconda3/envs/pyth3.12/lib/python3.12/site-packages/xgboost/core.py:377: FutureWarning: Your system has an old version of glibc (< 2.28). We will stop supporting Linux distros with glibc older than 2.28 after **May 31, 2025**. Please upgrade to a recent Linux distro (with glibc >= 2.28) to use future versions of XGBoost.
Note: You have installed the 'manylinux2014' variant of XGBoost. Certain features such as GPU algorithms or federated learning are not available. To use these features, please upgrade to a recent Linux distro with glibc 2.28+, and install the 'manylinux_2_28' variant.
  warnings.warn(
[I 2025-05-04 17:32:42,774] Trial 18 finished with value: 0.95 and parameters: {'n_estimators': 100, 'max_depth': 5, 'gamma': 0.26243906447147763, 'subsample': 0.5665088776762035, 'colsample_bytree': 0.8238197091984051}. Best is trial 0 with value: 0.95.
[I 2025-05-04 17:32:42,816] Trial 19 finished with value: 0.95 and parameters: {'n_estimators': 10, 'max_depth': 30, 'gamma': 0.1190389859476221, 'subsample': 0.7973081974695146, 'colsample_bytree': 0.7146927902560363}. Best is trial 0 with value: 0.95.
[I 2025-05-04 17:32:42,864] Trial 20 finished with value: 0.95 and parameters: {'n_estimators': 100, 'max_depth': 5, 'gamma': 0.8103260095787294, 'subsample': 0.6595496651712397, 'colsample_bytree': 0.8887148142078876}. Best is trial 0 with value: 0.95.
[I 2025-05-04 17:32:42,913] Trial 21 finished with value: 0.95 and parameters: {'n_estimators': 100, 'max_depth': 5, 'gamma': 0.9143492422352758, 'subsample': 0.9793831337420338, 'colsample_bytree': 0.5181853808344}. Best is trial 0 with value: 0.95.
[I 2025-05-04 17:32:42,963] Trial 22 finished with value: 0.95 and parameters: {'n_estimators': 100, 'max_depth': 5, 'gamma': 0.8609983917242179, 'subsample': 0.7292739525693447, 'colsample_bytree': 0.5986646573837513}. Best is trial 0 with value: 0.95.
[I 2025-05-04 17:32:43,013] Trial 23 finished with value: 0.95 and parameters: {'n_estimators': 100, 'max_depth': 5, 'gamma': 0.7171792821986984, 'subsample': 0.919722559783699, 'colsample_bytree': 0.7889254432937247}. Best is trial 0 with value: 0.95.
[I 2025-05-04 17:32:43,064] Trial 24 finished with value: 0.95 and parameters: {'n_estimators': 100, 'max_depth': 5, 'gamma': 0.9393964566046923, 'subsample': 0.6577655923385094, 'colsample_bytree': 0.5000238171213811}. Best is trial 0 with value: 0.95.
[I 2025-05-04 17:32:43,102] Trial 25 finished with value: 0.95 and parameters: {'n_estimators': 40, 'max_depth': 20, 'gamma': 0.8680106139470981, 'subsample': 0.8066003320942112, 'colsample_bytree': 0.7197832348669911}. Best is trial 0 with value: 0.95.
[I 2025-05-04 17:32:43,152] Trial 26 finished with value: 0.95 and parameters: {'n_estimators': 100, 'max_depth': 5, 'gamma': 0.5622057053497718, 'subsample': 0.7407388904572767, 'colsample_bytree': 0.6632419326536584}. Best is trial 0 with value: 0.95.
[I 2025-05-04 17:32:43,214] Trial 27 finished with value: 0.95 and parameters: {'n_estimators': 100, 'max_depth': 5, 'gamma': 0.6805708916877345, 'subsample': 0.5890414322342162, 'colsample_bytree': 0.8714675054287138}. Best is trial 0 with value: 0.95.
[I 2025-05-04 17:32:43,254] Trial 28 finished with value: 0.9 and parameters: {'n_estimators': 10, 'max_depth': 30, 'gamma': 0.7714027791588332, 'subsample': 0.6707316538907298, 'colsample_bytree': 0.5748465995028325}. Best is trial 0 with value: 0.95.
[I 2025-05-04 17:32:43,294] Trial 29 finished with value: 0.95 and parameters: {'n_estimators': 40, 'max_depth': 20, 'gamma': 0.5914836650060189, 'subsample': 0.8456769074230993, 'colsample_bytree': 0.6438306844884478}. Best is trial 0 with value: 0.95.
[I 2025-05-04 17:32:45,190] A new study created in memory with name: rf
Parámetros guardados en checkpoint_shoppers_Dlatent_Roriginal/random/best_models_random_seed_1/xgb_best_params.json


>>> Optuna tuning rf


[I 2025-05-04 17:32:47,969] Trial 0 finished with value: 0.9 and parameters: {'n_estimators': 267, 'max_depth': 15, 'min_samples_split': 2, 'min_samples_leaf': 4}. Best is trial 0 with value: 0.9.
[I 2025-05-04 17:32:48,652] Trial 1 finished with value: 0.8 and parameters: {'n_estimators': 158, 'max_depth': 4, 'min_samples_split': 3, 'min_samples_leaf': 4}. Best is trial 0 with value: 0.9.
[I 2025-05-04 17:32:48,983] Trial 2 finished with value: 0.5 and parameters: {'n_estimators': 259, 'max_depth': 12, 'min_samples_split': 5, 'min_samples_leaf': 7}. Best is trial 0 with value: 0.9.
[I 2025-05-04 17:32:49,223] Trial 3 finished with value: 0.5 and parameters: {'n_estimators': 181, 'max_depth': 18, 'min_samples_split': 2, 'min_samples_leaf': 7}. Best is trial 0 with value: 0.9.
[I 2025-05-04 17:32:49,562] Trial 4 finished with value: 0.95 and parameters: {'n_estimators': 267, 'max_depth': 13, 'min_samples_split': 3, 'min_samples_leaf': 2}. Best is trial 4 with value: 0.95.
[I 2025-05-04 17:32:50,000] Trial 5 finished with value: 0.6 and parameters: {'n_estimators': 421, 'max_depth': 20, 'min_samples_split': 4, 'min_samples_leaf': 7}. Best is trial 4 with value: 0.95.
[I 2025-05-04 17:32:50,520] Trial 6 finished with value: 0.95 and parameters: {'n_estimators': 451, 'max_depth': 19, 'min_samples_split': 2, 'min_samples_leaf': 1}. Best is trial 4 with value: 0.95.
[I 2025-05-04 17:32:50,780] Trial 7 finished with value: 0.85 and parameters: {'n_estimators': 168, 'max_depth': 18, 'min_samples_split': 2, 'min_samples_leaf': 5}. Best is trial 4 with value: 0.95.
[I 2025-05-04 17:32:51,334] Trial 8 finished with value: 0.8 and parameters: {'n_estimators': 484, 'max_depth': 12, 'min_samples_split': 8, 'min_samples_leaf': 4}. Best is trial 4 with value: 0.95.
[I 2025-05-04 17:32:51,776] Trial 9 finished with value: 0.5 and parameters: {'n_estimators': 375, 'max_depth': 18, 'min_samples_split': 2, 'min_samples_leaf': 8}. Best is trial 4 with value: 0.95.
[I 2025-05-04 17:32:52,207] Trial 10 finished with value: 0.85 and parameters: {'n_estimators': 336, 'max_depth': 6, 'min_samples_split': 7, 'min_samples_leaf': 1}. Best is trial 4 with value: 0.95.
[I 2025-05-04 17:32:53,463] Trial 11 finished with value: 0.95 and parameters: {'n_estimators': 486, 'max_depth': 8, 'min_samples_split': 5, 'min_samples_leaf': 1}. Best is trial 4 with value: 0.95.
[I 2025-05-04 17:32:53,748] Trial 12 finished with value: 0.9 and parameters: {'n_estimators': 239, 'max_depth': 15, 'min_samples_split': 10, 'min_samples_leaf': 2}. Best is trial 4 with value: 0.95.
[I 2025-05-04 17:32:54,768] Trial 13 finished with value: 0.85 and parameters: {'n_estimators': 323, 'max_depth': 9, 'min_samples_split': 4, 'min_samples_leaf': 2}. Best is trial 4 with value: 0.95.
[I 2025-05-04 17:32:55,574] Trial 14 finished with value: 0.9 and parameters: {'n_estimators': 105, 'max_depth': 15, 'min_samples_split': 4, 'min_samples_leaf': 3}. Best is trial 4 with value: 0.95.
[I 2025-05-04 17:32:55,995] Trial 15 finished with value: 0.5 and parameters: {'n_estimators': 402, 'max_depth': 10, 'min_samples_split': 3, 'min_samples_leaf': 10}. Best is trial 4 with value: 0.95.
[I 2025-05-04 17:32:56,475] Trial 16 finished with value: 0.95 and parameters: {'n_estimators': 436, 'max_depth': 20, 'min_samples_split': 6, 'min_samples_leaf': 2}. Best is trial 4 with value: 0.95.
[I 2025-05-04 17:32:56,888] Trial 17 finished with value: 0.95 and parameters: {'n_estimators': 367, 'max_depth': 14, 'min_samples_split': 3, 'min_samples_leaf': 1}. Best is trial 4 with value: 0.95.
[I 2025-05-04 17:32:57,142] Trial 18 finished with value: 0.9 and parameters: {'n_estimators': 218, 'max_depth': 3, 'min_samples_split': 10, 'min_samples_leaf': 3}. Best is trial 4 with value: 0.95.
[I 2025-05-04 17:32:57,469] Trial 19 finished with value: 0.9 and parameters: {'n_estimators': 292, 'max_depth': 17, 'min_samples_split': 8, 'min_samples_leaf': 5}. Best is trial 4 with value: 0.95.
[I 2025-05-04 17:32:58,007] Trial 20 finished with value: 0.8 and parameters: {'n_estimators': 449, 'max_depth': 13, 'min_samples_split': 5, 'min_samples_leaf': 3}. Best is trial 4 with value: 0.95.
[I 2025-05-04 17:32:58,545] Trial 21 finished with value: 0.9 and parameters: {'n_estimators': 465, 'max_depth': 7, 'min_samples_split': 5, 'min_samples_leaf': 1}. Best is trial 4 with value: 0.95.
[I 2025-05-04 17:32:59,060] Trial 22 finished with value: 0.9 and parameters: {'n_estimators': 493, 'max_depth': 9, 'min_samples_split': 3, 'min_samples_leaf': 1}. Best is trial 4 with value: 0.95.
[I 2025-05-04 17:32:59,499] Trial 23 finished with value: 0.9 and parameters: {'n_estimators': 385, 'max_depth': 7, 'min_samples_split': 6, 'min_samples_leaf': 2}. Best is trial 4 with value: 0.95.
[I 2025-05-04 17:33:00,030] Trial 24 finished with value: 0.95 and parameters: {'n_estimators': 499, 'max_depth': 10, 'min_samples_split': 4, 'min_samples_leaf': 1}. Best is trial 4 with value: 0.95.
[I 2025-05-04 17:33:00,400] Trial 25 finished with value: 0.9 and parameters: {'n_estimators': 324, 'max_depth': 6, 'min_samples_split': 6, 'min_samples_leaf': 3}. Best is trial 4 with value: 0.95.
[I 2025-05-04 17:33:00,899] Trial 26 finished with value: 0.95 and parameters: {'n_estimators': 413, 'max_depth': 11, 'min_samples_split': 3, 'min_samples_leaf': 2}. Best is trial 4 with value: 0.95.
[I 2025-05-04 17:33:01,398] Trial 27 finished with value: 0.9 and parameters: {'n_estimators': 460, 'max_depth': 16, 'min_samples_split': 5, 'min_samples_leaf': 1}. Best is trial 4 with value: 0.95.
[I 2025-05-04 17:33:01,729] Trial 28 finished with value: 0.5 and parameters: {'n_estimators': 287, 'max_depth': 8, 'min_samples_split': 2, 'min_samples_leaf': 10}. Best is trial 4 with value: 0.95.
[I 2025-05-04 17:33:02,046] Trial 29 finished with value: 0.9 and parameters: {'n_estimators': 265, 'max_depth': 13, 'min_samples_split': 7, 'min_samples_leaf': 4}. Best is trial 4 with value: 0.95.
[I 2025-05-04 17:33:04,403] A new study created in memory with name: svc
Parámetros guardados en checkpoint_shoppers_Dlatent_Roriginal/random/best_models_random_seed_1/rf_best_params.json


>>> Optuna tuning svc


[I 2025-05-04 17:33:07,347] Trial 0 finished with value: 0.65 and parameters: {'C': 0.4656804637919569, 'gamma': 0.07608481233714794}. Best is trial 0 with value: 0.65.
[I 2025-05-04 17:33:07,743] Trial 1 finished with value: 0.65 and parameters: {'C': 0.010010539860510492, 'gamma': 0.0016193110912440748}. Best is trial 0 with value: 0.65.
[I 2025-05-04 17:33:07,760] Trial 2 finished with value: 0.65 and parameters: {'C': 0.03863879405158731, 'gamma': 0.00023407464805767542}. Best is trial 0 with value: 0.65.
[I 2025-05-04 17:33:07,774] Trial 3 finished with value: 0.65 and parameters: {'C': 0.0555956542671257, 'gamma': 0.002411253706147574}. Best is trial 0 with value: 0.65.
[I 2025-05-04 17:33:07,788] Trial 4 finished with value: 0.6 and parameters: {'C': 0.3864291653552654, 'gamma': 0.014297724879798395}. Best is trial 0 with value: 0.65.
[I 2025-05-04 17:33:07,812] Trial 5 finished with value: 0.6 and parameters: {'C': 0.47509237210306143, 'gamma': 0.05506529897945987}. Best is trial 0 with value: 0.65.
[I 2025-05-04 17:33:07,828] Trial 6 finished with value: 0.55 and parameters: {'C': 0.06573686655138336, 'gamma': 0.3254391115088485}. Best is trial 0 with value: 0.65.
[I 2025-05-04 17:33:07,843] Trial 7 finished with value: 0.65 and parameters: {'C': 0.01286916510781503, 'gamma': 0.04806954824961596}. Best is trial 0 with value: 0.65.
[I 2025-05-04 17:33:07,856] Trial 8 finished with value: 0.6 and parameters: {'C': 0.4668949853708895, 'gamma': 0.017169565852473867}. Best is trial 0 with value: 0.65.
[I 2025-05-04 17:33:07,870] Trial 9 finished with value: 0.65 and parameters: {'C': 0.03643743139281253, 'gamma': 0.0006200203677164723}. Best is trial 0 with value: 0.65.
[I 2025-05-04 17:33:07,892] Trial 10 finished with value: 0.7 and parameters: {'C': 35.745293136206676, 'gamma': 0.7480863519855016}. Best is trial 10 with value: 0.7.
[I 2025-05-04 17:33:08,532] Trial 11 finished with value: 0.65 and parameters: {'C': 73.92326287467452, 'gamma': 0.8925339139272248}. Best is trial 10 with value: 0.7.
[I 2025-05-04 17:33:08,556] Trial 12 finished with value: 0.65 and parameters: {'C': 14.5419848452423, 'gamma': 0.24551379593571793}. Best is trial 10 with value: 0.7.
[I 2025-05-04 17:33:09,207] Trial 13 finished with value: 0.65 and parameters: {'C': 3.638957660124995, 'gamma': 0.1380706978772396}. Best is trial 10 with value: 0.7.
[I 2025-05-04 17:33:09,233] Trial 14 finished with value: 0.65 and parameters: {'C': 3.068096919713349, 'gamma': 0.9453601236785355}. Best is trial 10 with value: 0.7.
[I 2025-05-04 17:33:09,257] Trial 15 finished with value: 0.75 and parameters: {'C': 96.80278171389716, 'gamma': 0.05261614424239285}. Best is trial 15 with value: 0.75.
[I 2025-05-04 17:33:09,297] Trial 16 finished with value: 0.8 and parameters: {'C': 79.9645032572207, 'gamma': 0.0037749060251448096}. Best is trial 16 with value: 0.8.
[I 2025-05-04 17:33:10,021] Trial 17 finished with value: 0.75 and parameters: {'C': 12.76679633738965, 'gamma': 0.0044951294979204874}. Best is trial 16 with value: 0.8.
[I 2025-05-04 17:33:10,049] Trial 18 finished with value: 0.8 and parameters: {'C': 83.55869021594293, 'gamma': 0.0075206878040523515}. Best is trial 16 with value: 0.8.
[I 2025-05-04 17:33:10,071] Trial 19 finished with value: 0.65 and parameters: {'C': 24.247427511327437, 'gamma': 0.00013256122812894958}. Best is trial 16 with value: 0.8.
[I 2025-05-04 17:33:10,095] Trial 20 finished with value: 0.7 and parameters: {'C': 4.476511550017926, 'gamma': 0.0072568212106557594}. Best is trial 16 with value: 0.8.
[I 2025-05-04 17:33:10,115] Trial 21 finished with value: 0.75 and parameters: {'C': 81.85220663511382, 'gamma': 0.026206815865172595}. Best is trial 16 with value: 0.8.
[I 2025-05-04 17:33:10,141] Trial 22 finished with value: 0.75 and parameters: {'C': 47.486672683922585, 'gamma': 0.0011970845609566886}. Best is trial 16 with value: 0.8.
[I 2025-05-04 17:33:10,792] Trial 23 finished with value: 0.8 and parameters: {'C': 95.7454164291466, 'gamma': 0.00512783661896678}. Best is trial 16 with value: 0.8.
[I 2025-05-04 17:33:11,444] Trial 24 finished with value: 0.75 and parameters: {'C': 11.9505930003382, 'gamma': 0.0047728104921102394}. Best is trial 16 with value: 0.8.
[I 2025-05-04 17:33:11,468] Trial 25 finished with value: 0.7 and parameters: {'C': 34.03830946271679, 'gamma': 0.0006026823416929909}. Best is trial 16 with value: 0.8.
[I 2025-05-04 17:33:11,489] Trial 26 finished with value: 0.7 and parameters: {'C': 8.185956544922382, 'gamma': 0.0031274849278097767}. Best is trial 16 with value: 0.8.
[I 2025-05-04 17:33:11,510] Trial 27 finished with value: 0.8 and parameters: {'C': 20.316255573563062, 'gamma': 0.009182766556686754}. Best is trial 16 with value: 0.8.
[I 2025-05-04 17:33:11,534] Trial 28 finished with value: 0.65 and parameters: {'C': 1.2766225016838322, 'gamma': 0.0009405954924917268}. Best is trial 16 with value: 0.8.
[I 2025-05-04 17:33:11,555] Trial 29 finished with value: 0.75 and parameters: {'C': 49.00613525151258, 'gamma': 0.025549914038999713}. Best is trial 16 with value: 0.8.
/data/home/rtabares/anaconda3/envs/pyth3.12/lib/python3.12/site-packages/xgboost/core.py:377: FutureWarning: Your system has an old version of glibc (< 2.28). We will stop supporting Linux distros with glibc older than 2.28 after **May 31, 2025**. Please upgrade to a recent Linux distro (with glibc >= 2.28) to use future versions of XGBoost.
Note: You have installed the 'manylinux2014' variant of XGBoost. Certain features such as GPU algorithms or federated learning are not available. To use these features, please upgrade to a recent Linux distro with glibc 2.28+, and install the 'manylinux_2_28' variant.
  warnings.warn(
[I 2025-05-04 17:33:13,394] A new study created in memory with name: logreg
Parámetros guardados en checkpoint_shoppers_Dlatent_Roriginal/random/best_models_random_seed_1/svc_best_params.json


>>> Optuna tuning logreg


[I 2025-05-04 17:33:16,179] Trial 0 finished with value: 0.75 and parameters: {'C': 0.12164941464151847, 'penalty': 'l2'}. Best is trial 0 with value: 0.75.
[I 2025-05-04 17:33:16,505] Trial 1 finished with value: 0.8 and parameters: {'C': 3.9959722831350617, 'penalty': 'l2'}. Best is trial 1 with value: 0.8.
[I 2025-05-04 17:33:16,536] Trial 2 finished with value: 0.6 and parameters: {'C': 0.0010013176560941261, 'penalty': 'l2'}. Best is trial 1 with value: 0.8.
[I 2025-05-04 17:33:16,552] Trial 3 finished with value: 0.7 and parameters: {'C': 0.0324835034508668, 'penalty': 'l2'}. Best is trial 1 with value: 0.8.
[I 2025-05-04 17:33:16,578] Trial 4 finished with value: 0.6 and parameters: {'C': 0.005417257182767969, 'penalty': 'l2'}. Best is trial 1 with value: 0.8.
[I 2025-05-04 17:33:17,269] Trial 5 finished with value: 0.6 and parameters: {'C': 0.0028952960233492846, 'penalty': 'l2'}. Best is trial 1 with value: 0.8.
[I 2025-05-04 17:33:17,283] Trial 6 finished with value: 0.6 and parameters: {'C': 0.008536916958038761, 'penalty': 'l2'}. Best is trial 1 with value: 0.8.
[I 2025-05-04 17:33:17,299] Trial 7 finished with value: 0.7 and parameters: {'C': 0.053432271255941216, 'penalty': 'l2'}. Best is trial 1 with value: 0.8.
[I 2025-05-04 17:33:17,314] Trial 8 finished with value: 0.8 and parameters: {'C': 0.09634681692624379, 'penalty': 'l2'}. Best is trial 1 with value: 0.8.
[I 2025-05-04 17:33:17,328] Trial 9 finished with value: 0.75 and parameters: {'C': 0.4944059287398678, 'penalty': 'l2'}. Best is trial 1 with value: 0.8.
[I 2025-05-04 17:33:17,359] Trial 10 finished with value: 0.8 and parameters: {'C': 14.885751870331024, 'penalty': 'l2'}. Best is trial 1 with value: 0.8.
[I 2025-05-04 17:33:18,002] Trial 11 finished with value: 0.8 and parameters: {'C': 2.9561547963955586, 'penalty': 'l2'}. Best is trial 1 with value: 0.8.
[I 2025-05-04 17:33:18,034] Trial 12 finished with value: 0.8 and parameters: {'C': 68.54509927653275, 'penalty': 'l2'}. Best is trial 1 with value: 0.8.
[I 2025-05-04 17:33:18,713] Trial 13 finished with value: 0.7 and parameters: {'C': 1.1384537724302424, 'penalty': 'l2'}. Best is trial 1 with value: 0.8.
