[I 2025-05-05 20:59:43,522] Trial 29 finished with value: 0.85 and parameters: {'n_estimators': 10, 'max_depth': 30, 'gamma': 0.7072412923823252, 'subsample': 0.596743898580211, 'colsample_bytree': 0.5091404607295773}. Best is trial 4 with value: 0.95.
[I 2025-05-05 20:59:45,965] A new study created in memory with name: rf
Parámetros guardados en checkpoint_shoppers_Dlatent_Roriginal_ft_A/k-means/IPC_10/best_models_k-means_seed_0/xgb_best_params.json


>>> Optuna tuning rf metodo k-means IPC 10 seed 0


[I 2025-05-05 20:59:48,287] Trial 0 finished with value: 0.8 and parameters: {'n_estimators': 320, 'max_depth': 15, 'min_samples_split': 7, 'min_samples_leaf': 6}. Best is trial 0 with value: 0.8.
[I 2025-05-05 20:59:48,838] Trial 1 finished with value: 0.5 and parameters: {'n_estimators': 269, 'max_depth': 14, 'min_samples_split': 5, 'min_samples_leaf': 9}. Best is trial 0 with value: 0.8.
[I 2025-05-05 20:59:49,410] Trial 2 finished with value: 0.85 and parameters: {'n_estimators': 486, 'max_depth': 9, 'min_samples_split': 9, 'min_samples_leaf': 6}. Best is trial 2 with value: 0.85.
[I 2025-05-05 20:59:49,788] Trial 3 finished with value: 0.9 and parameters: {'n_estimators': 327, 'max_depth': 19, 'min_samples_split': 2, 'min_samples_leaf': 1}. Best is trial 3 with value: 0.9.
[I 2025-05-05 20:59:49,985] Trial 4 finished with value: 0.5 and parameters: {'n_estimators': 108, 'max_depth': 17, 'min_samples_split': 9, 'min_samples_leaf': 9}. Best is trial 3 with value: 0.9.
[I 2025-05-05 20:59:50,535] Trial 5 finished with value: 0.5 and parameters: {'n_estimators': 492, 'max_depth': 17, 'min_samples_split': 6, 'min_samples_leaf': 8}. Best is trial 3 with value: 0.9.
[I 2025-05-05 20:59:50,750] Trial 6 finished with value: 0.5 and parameters: {'n_estimators': 147, 'max_depth': 14, 'min_samples_split': 3, 'min_samples_leaf': 10}. Best is trial 3 with value: 0.9.
[I 2025-05-05 20:59:51,138] Trial 7 finished with value: 0.5 and parameters: {'n_estimators': 309, 'max_depth': 10, 'min_samples_split': 4, 'min_samples_leaf': 8}. Best is trial 3 with value: 0.9.
[I 2025-05-05 20:59:51,497] Trial 8 finished with value: 0.5 and parameters: {'n_estimators': 282, 'max_depth': 13, 'min_samples_split': 2, 'min_samples_leaf': 7}. Best is trial 3 with value: 0.9.
[I 2025-05-05 20:59:51,925] Trial 9 finished with value: 0.55 and parameters: {'n_estimators': 345, 'max_depth': 14, 'min_samples_split': 10, 'min_samples_leaf': 7}. Best is trial 3 with value: 0.9.
[I 2025-05-05 20:59:52,397] Trial 10 finished with value: 0.9 and parameters: {'n_estimators': 407, 'max_depth': 5, 'min_samples_split': 2, 'min_samples_leaf': 1}. Best is trial 3 with value: 0.9.
[I 2025-05-05 20:59:53,500] Trial 11 finished with value: 0.95 and parameters: {'n_estimators': 389, 'max_depth': 4, 'min_samples_split': 2, 'min_samples_leaf': 1}. Best is trial 11 with value: 0.95.
[I 2025-05-05 20:59:54,593] Trial 12 finished with value: 0.9 and parameters: {'n_estimators': 403, 'max_depth': 20, 'min_samples_split': 4, 'min_samples_leaf': 1}. Best is trial 11 with value: 0.95.
[I 2025-05-05 20:59:55,544] Trial 13 finished with value: 0.85 and parameters: {'n_estimators': 233, 'max_depth': 4, 'min_samples_split': 2, 'min_samples_leaf': 3}. Best is trial 11 with value: 0.95.
[I 2025-05-05 20:59:56,001] Trial 14 finished with value: 0.8 and parameters: {'n_estimators': 392, 'max_depth': 8, 'min_samples_split': 4, 'min_samples_leaf': 3}. Best is trial 11 with value: 0.95.
[I 2025-05-05 20:59:56,287] Trial 15 finished with value: 0.8 and parameters: {'n_estimators': 201, 'max_depth': 7, 'min_samples_split': 7, 'min_samples_leaf': 3}. Best is trial 11 with value: 0.95.
[I 2025-05-05 20:59:56,723] Trial 16 finished with value: 0.8 and parameters: {'n_estimators': 363, 'max_depth': 20, 'min_samples_split': 3, 'min_samples_leaf': 4}. Best is trial 11 with value: 0.95.
[I 2025-05-05 20:59:57,239] Trial 17 finished with value: 0.9 and parameters: {'n_estimators': 447, 'max_depth': 3, 'min_samples_split': 3, 'min_samples_leaf': 1}. Best is trial 11 with value: 0.95.
[I 2025-05-05 20:59:57,547] Trial 18 finished with value: 0.8 and parameters: {'n_estimators': 234, 'max_depth': 11, 'min_samples_split': 5, 'min_samples_leaf': 2}. Best is trial 11 with value: 0.95.
[I 2025-05-05 20:59:57,998] Trial 19 finished with value: 0.8 and parameters: {'n_estimators': 434, 'max_depth': 6, 'min_samples_split': 2, 'min_samples_leaf': 4}. Best is trial 11 with value: 0.95.
[I 2025-05-05 20:59:58,446] Trial 20 finished with value: 0.85 and parameters: {'n_estimators': 358, 'max_depth': 17, 'min_samples_split': 5, 'min_samples_leaf': 2}. Best is trial 11 with value: 0.95.
[I 2025-05-05 20:59:58,925] Trial 21 finished with value: 0.9 and parameters: {'n_estimators': 406, 'max_depth': 5, 'min_samples_split': 2, 'min_samples_leaf': 1}. Best is trial 11 with value: 0.95.
[I 2025-05-05 20:59:59,419] Trial 22 finished with value: 0.85 and parameters: {'n_estimators': 448, 'max_depth': 5, 'min_samples_split': 3, 'min_samples_leaf': 2}. Best is trial 11 with value: 0.95.
[I 2025-05-05 20:59:59,896] Trial 23 finished with value: 0.95 and parameters: {'n_estimators': 382, 'max_depth': 8, 'min_samples_split': 2, 'min_samples_leaf': 1}. Best is trial 11 with value: 0.95.
[I 2025-05-05 21:00:00,313] Trial 24 finished with value: 0.8 and parameters: {'n_estimators': 343, 'max_depth': 8, 'min_samples_split': 3, 'min_samples_leaf': 4}. Best is trial 11 with value: 0.95.
[I 2025-05-05 21:00:00,671] Trial 25 finished with value: 0.85 and parameters: {'n_estimators': 321, 'max_depth': 3, 'min_samples_split': 4, 'min_samples_leaf': 2}. Best is trial 11 with value: 0.95.
[I 2025-05-05 21:00:01,130] Trial 26 finished with value: 0.8 and parameters: {'n_estimators': 375, 'max_depth': 12, 'min_samples_split': 2, 'min_samples_leaf': 5}. Best is trial 11 with value: 0.95.
[I 2025-05-05 21:00:01,438] Trial 27 finished with value: 0.9 and parameters: {'n_estimators': 275, 'max_depth': 7, 'min_samples_split': 3, 'min_samples_leaf': 1}. Best is trial 11 with value: 0.95.
[I 2025-05-05 21:00:01,927] Trial 28 finished with value: 0.85 and parameters: {'n_estimators': 428, 'max_depth': 10, 'min_samples_split': 6, 'min_samples_leaf': 2}. Best is trial 11 with value: 0.95.
[I 2025-05-05 21:00:02,305] Trial 29 finished with value: 0.8 and parameters: {'n_estimators': 326, 'max_depth': 7, 'min_samples_split': 7, 'min_samples_leaf': 3}. Best is trial 11 with value: 0.95.
[I 2025-05-05 21:00:05,495] A new study created in memory with name: svc
Parámetros guardados en checkpoint_shoppers_Dlatent_Roriginal_ft_A/k-means/IPC_10/best_models_k-means_seed_0/rf_best_params.json


>>> Optuna tuning svc metodo k-means IPC 10 seed 0


[I 2025-05-05 21:00:07,806] Trial 0 finished with value: 0.8 and parameters: {'C': 1.5676677195506077, 'gamma': 0.07257005721594278}. Best is trial 0 with value: 0.8.
[I 2025-05-05 21:00:08,018] Trial 1 finished with value: 0.9 and parameters: {'C': 2.57663857461359, 'gamma': 0.01511933646764101}. Best is trial 1 with value: 0.9.
[I 2025-05-05 21:00:08,036] Trial 2 finished with value: 0.85 and parameters: {'C': 0.49501595537331966, 'gamma': 0.03833332156156663}. Best is trial 1 with value: 0.9.
[I 2025-05-05 21:00:08,050] Trial 3 finished with value: 0.75 and parameters: {'C': 0.5627932047415171, 'gamma': 0.36905577292137587}. Best is trial 1 with value: 0.9.
[I 2025-05-05 21:00:08,064] Trial 4 finished with value: 0.9 and parameters: {'C': 71.55682161754872, 'gamma': 0.0034179529120610124}. Best is trial 1 with value: 0.9.
[I 2025-05-05 21:00:08,078] Trial 5 finished with value: 0.85 and parameters: {'C': 14.68588598920087, 'gamma': 0.013049073550362394}. Best is trial 1 with value: 0.9.
[I 2025-05-05 21:00:08,092] Trial 6 finished with value: 0.7 and parameters: {'C': 1.871450068624068, 'gamma': 0.503948959867121}. Best is trial 1 with value: 0.9.
[I 2025-05-05 21:00:08,106] Trial 7 finished with value: 0.9 and parameters: {'C': 0.0192373050965465, 'gamma': 0.00022310905607443037}. Best is trial 1 with value: 0.9.
[I 2025-05-05 21:00:08,119] Trial 8 finished with value: 0.8 and parameters: {'C': 0.012046852412030323, 'gamma': 0.2140323314098606}. Best is trial 1 with value: 0.9.
[I 2025-05-05 21:00:08,134] Trial 9 finished with value: 0.7 and parameters: {'C': 12.960656597279739, 'gamma': 0.3020289640158664}. Best is trial 1 with value: 0.9.
[I 2025-05-05 21:00:08,155] Trial 10 finished with value: 0.9 and parameters: {'C': 0.2253293004027043, 'gamma': 0.0014453557297830738}. Best is trial 1 with value: 0.9.
[I 2025-05-05 21:00:08,825] Trial 11 finished with value: 0.9 and parameters: {'C': 64.73110838099895, 'gamma': 0.002992764643229054}. Best is trial 1 with value: 0.9.
[I 2025-05-05 21:00:09,477] Trial 12 finished with value: 0.9 and parameters: {'C': 62.67878593618876, 'gamma': 0.003716012988683667}. Best is trial 1 with value: 0.9.
[I 2025-05-05 21:00:09,504] Trial 13 finished with value: 0.9 and parameters: {'C': 8.593887243148714, 'gamma': 0.0009298293467191782}. Best is trial 1 with value: 0.9.
[I 2025-05-05 21:00:09,528] Trial 14 finished with value: 0.9 and parameters: {'C': 0.08761372221435054, 'gamma': 0.015312037181582899}. Best is trial 1 with value: 0.9.
[I 2025-05-05 21:00:09,551] Trial 15 finished with value: 0.9 and parameters: {'C': 4.554786832478524, 'gamma': 0.0003054359838006441}. Best is trial 1 with value: 0.9.
[I 2025-05-05 21:00:09,578] Trial 16 finished with value: 0.8 and parameters: {'C': 99.27946948569365, 'gamma': 0.045814844072681854}. Best is trial 1 with value: 0.9.
[I 2025-05-05 21:00:09,601] Trial 17 finished with value: 0.9 and parameters: {'C': 37.49037330238133, 'gamma': 0.0056417640933553986}. Best is trial 1 with value: 0.9.
[I 2025-05-05 21:00:10,243] Trial 18 finished with value: 0.9 and parameters: {'C': 4.093131800504732, 'gamma': 0.0005933770302948174}. Best is trial 1 with value: 0.9.
[I 2025-05-05 21:00:10,267] Trial 19 finished with value: 0.9 and parameters: {'C': 0.07544014664338816, 'gamma': 0.016132894698734856}. Best is trial 1 with value: 0.9.
[I 2025-05-05 21:00:10,288] Trial 20 finished with value: 0.75 and parameters: {'C': 26.820315369792755, 'gamma': 0.07597931937072043}. Best is trial 1 with value: 0.9.
[I 2025-05-05 21:00:10,309] Trial 21 finished with value: 0.9 and parameters: {'C': 0.021632325921886436, 'gamma': 0.00010091009819887822}. Best is trial 1 with value: 0.9.
[I 2025-05-05 21:00:10,329] Trial 22 finished with value: 0.9 and parameters: {'C': 0.04828975516737491, 'gamma': 0.000131214290699913}. Best is trial 1 with value: 0.9.
[I 2025-05-05 21:00:10,966] Trial 23 finished with value: 0.9 and parameters: {'C': 0.20263048597540284, 'gamma': 0.0003167929379941336}. Best is trial 1 with value: 0.9.
[I 2025-05-05 21:00:11,607] Trial 24 finished with value: 0.9 and parameters: {'C': 3.0829386513064607, 'gamma': 0.0019586071056851236}. Best is trial 1 with value: 0.9.
[I 2025-05-05 21:00:11,631] Trial 25 finished with value: 0.9 and parameters: {'C': 0.4538529184634062, 'gamma': 0.006406673853048938}. Best is trial 1 with value: 0.9.
[I 2025-05-05 21:00:11,652] Trial 26 finished with value: 0.85 and parameters: {'C': 0.8606551019385967, 'gamma': 0.026989192350681902}. Best is trial 1 with value: 0.9.
[I 2025-05-05 21:00:11,675] Trial 27 finished with value: 0.9 and parameters: {'C': 0.03362097462611631, 'gamma': 0.0004462459977461751}. Best is trial 1 with value: 0.9.
[I 2025-05-05 21:00:11,697] Trial 28 finished with value: 0.6 and parameters: {'C': 7.248054680099494, 'gamma': 0.8967381549523696}. Best is trial 1 with value: 0.9.
[I 2025-05-05 21:00:11,719] Trial 29 finished with value: 0.8 and parameters: {'C': 1.3043474489436757, 'gamma': 0.07982210877758442}. Best is trial 1 with value: 0.9.
[I 2025-05-05 21:00:13,534] A new study created in memory with name: logreg
[I 2025-05-05 21:00:13,560] Trial 0 finished with value: 0.95 and parameters: {'C': 0.5547119471592125, 'penalty': 'l2'}. Best is trial 0 with value: 0.95.
[I 2025-05-05 21:00:14,123] Trial 1 finished with value: 0.95 and parameters: {'C': 3.7665768415992953, 'penalty': 'l2'}. Best is trial 0 with value: 0.95.
Parámetros guardados en checkpoint_shoppers_Dlatent_Roriginal_ft_A/k-means/IPC_10/best_models_k-means_seed_0/svc_best_params.json


>>> Optuna tuning logreg metodo k-means IPC 10 seed 0


[I 2025-05-05 21:00:16,224] Trial 2 finished with value: 0.95 and parameters: {'C': 1.032326035197657, 'penalty': 'l2'}. Best is trial 0 with value: 0.95.
[I 2025-05-05 21:00:16,440] Trial 3 finished with value: 0.95 and parameters: {'C': 0.530170934757683, 'penalty': 'l2'}. Best is trial 0 with value: 0.95.
[I 2025-05-05 21:00:16,468] Trial 4 finished with value: 0.95 and parameters: {'C': 0.13130280280658593, 'penalty': 'l2'}. Best is trial 0 with value: 0.95.
[I 2025-05-05 21:00:16,493] Trial 5 finished with value: 0.95 and parameters: {'C': 1.6961746387290997, 'penalty': 'l2'}. Best is trial 0 with value: 0.95.
[I 2025-05-05 21:00:16,518] Trial 6 finished with value: 0.95 and parameters: {'C': 0.15414734761917095, 'penalty': 'l2'}. Best is trial 0 with value: 0.95.
[I 2025-05-05 21:00:16,542] Trial 7 finished with value: 0.95 and parameters: {'C': 28.765041432546976, 'penalty': 'l2'}. Best is trial 0 with value: 0.95.
[I 2025-05-05 21:00:16,567] Trial 8 finished with value: 0.95 and parameters: {'C': 65.81332043291806, 'penalty': 'l2'}. Best is trial 0 with value: 0.95.
[I 2025-05-05 21:00:16,591] Trial 9 finished with value: 0.9 and parameters: {'C': 0.08264328927007726, 'penalty': 'l2'}. Best is trial 0 with value: 0.95.
[I 2025-05-05 21:00:16,622] Trial 10 finished with value: 0.85 and parameters: {'C': 0.002101331318459542, 'penalty': 'l2'}. Best is trial 0 with value: 0.95.
[I 2025-05-05 21:00:16,651] Trial 11 finished with value: 0.95 and parameters: {'C': 4.633367351841861, 'penalty': 'l2'}. Best is trial 0 with value: 0.95.
[I 2025-05-05 21:00:16,682] Trial 12 finished with value: 0.95 and parameters: {'C': 10.055405308640239, 'penalty': 'l2'}. Best is trial 0 with value: 0.95.
[I 2025-05-05 21:00:17,359] Trial 13 finished with value: 0.85 and parameters: {'C': 0.014425984023162081, 'penalty': 'l2'}. Best is trial 0 with value: 0.95.
[I 2025-05-05 21:00:18,001] Trial 14 finished with value: 0.95 and parameters: {'C': 7.846424245061355, 'penalty': 'l2'}. Best is trial 0 with value: 0.95.
[I 2025-05-05 21:00:18,034] Trial 15 finished with value: 0.9 and parameters: {'C': 0.029806594166772525, 'penalty': 'l2'}. Best is trial 0 with value: 0.95.
[I 2025-05-05 21:00:18,065] Trial 16 finished with value: 0.95 and parameters: {'C': 2.0720884860217788, 'penalty': 'l2'}. Best is trial 0 with value: 0.95.
[I 2025-05-05 21:00:18,086] Trial 17 finished with value: 0.95 and parameters: {'C': 0.3861233938158251, 'penalty': 'l2'}. Best is trial 0 with value: 0.95.
[I 2025-05-05 21:00:18,732] Trial 18 finished with value: 0.85 and parameters: {'C': 0.0011621032755888918, 'penalty': 'l2'}. Best is trial 0 with value: 0.95.
[I 2025-05-05 21:00:18,763] Trial 19 finished with value: 0.95 and parameters: {'C': 19.99434203114988, 'penalty': 'l2'}. Best is trial 0 with value: 0.95.
[I 2025-05-05 21:00:18,784] Trial 20 finished with value: 0.85 and parameters: {'C': 0.011597651184764121, 'penalty': 'l2'}. Best is trial 0 with value: 0.95.
[I 2025-05-05 21:00:19,442] Trial 21 finished with value: 0.95 and parameters: {'C': 1.100291514185267, 'penalty': 'l2'}. Best is trial 0 with value: 0.95.
[I 2025-05-05 21:00:19,479] Trial 22 finished with value: 0.95 and parameters: {'C': 0.853564303721541, 'penalty': 'l2'}. Best is trial 0 with value: 0.95.
[I 2025-05-05 21:00:20,116] Trial 23 finished with value: 0.95 and parameters: {'C': 2.5745296139400353, 'penalty': 'l2'}. Best is trial 0 with value: 0.95.
[I 2025-05-05 21:00:20,148] Trial 24 finished with value: 0.95 and parameters: {'C': 0.3864647968234187, 'penalty': 'l2'}. Best is trial 0 with value: 0.95.
[I 2025-05-05 21:00:20,179] Trial 25 finished with value: 0.95 and parameters: {'C': 3.6470576843411724, 'penalty': 'l2'}. Best is trial 0 with value: 0.95.
[I 2025-05-05 21:00:20,200] Trial 26 finished with value: 0.9 and parameters: {'C': 0.06123441009874352, 'penalty': 'l2'}. Best is trial 0 with value: 0.95.
[I 2025-05-05 21:00:20,228] Trial 27 finished with value: 0.95 and parameters: {'C': 0.25979968690531413, 'penalty': 'l2'}. Best is trial 0 with value: 0.95.
[I 2025-05-05 21:00:20,259] Trial 28 finished with value: 0.95 and parameters: {'C': 10.85710515584724, 'penalty': 'l2'}. Best is trial 0 with value: 0.95.
[I 2025-05-05 21:00:20,291] Trial 29 finished with value: 0.95 and parameters: {'C': 0.6131209571120881, 'penalty': 'l2'}. Best is trial 0 with value: 0.95.
[I 2025-05-05 21:00:22,151] A new study created in memory with name: mlp
/data/home/rtabares/anaconda3/envs/pyth3.12/lib/python3.12/site-packages/sklearn/neural_network/_multilayer_perceptron.py:691: ConvergenceWarning: Stochastic Optimizer: Maximum iterations (50) reached and the optimization hasn't converged yet.
  warnings.warn(
/data/home/rtabares/anaconda3/envs/pyth3.12/lib/python3.12/site-packages/sklearn/neural_network/_multilayer_perceptron.py:691: ConvergenceWarning: Stochastic Optimizer: Maximum iterations (50) reached and the optimization hasn't converged yet.
  warnings.warn(
/data/home/rtabares/anaconda3/envs/pyth3.12/lib/python3.12/site-packages/sklearn/neural_network/_multilayer_perceptron.py:691: ConvergenceWarning: Stochastic Optimizer: Maximum iterations (50) reached and the optimization hasn't converged yet.
  warnings.warn(
/data/home/rtabares/anaconda3/envs/pyth3.12/lib/python3.12/site-packages/sklearn/neural_network/_multilayer_perceptron.py:691: ConvergenceWarning: Stochastic Optimizer: Maximum iterations (50) reached and the optimization hasn't converged yet.
  warnings.warn(
/data/home/rtabares/anaconda3/envs/pyth3.12/lib/python3.12/site-packages/sklearn/neural_network/_multilayer_perceptron.py:691: ConvergenceWarning: Stochastic Optimizer: Maximum iterations (50) reached and the optimization hasn't converged yet.
  warnings.warn(
[I 2025-05-05 21:00:23,246] Trial 0 finished with value: 0.8 and parameters: {'hidden_layer_sizes': (200,), 'max_iter': 50, 'alpha': 0.0001}. Best is trial 0 with value: 0.8.
Parámetros guardados en checkpoint_shoppers_Dlatent_Roriginal_ft_A/k-means/IPC_10/best_models_k-means_seed_0/logreg_best_params.json


>>> Optuna tuning mlp metodo k-means IPC 10 seed 0


/data/home/rtabares/anaconda3/envs/pyth3.12/lib/python3.12/site-packages/sklearn/neural_network/_multilayer_perceptron.py:691: ConvergenceWarning: Stochastic Optimizer: Maximum iterations (50) reached and the optimization hasn't converged yet.
  warnings.warn(
/data/home/rtabares/anaconda3/envs/pyth3.12/lib/python3.12/site-packages/sklearn/neural_network/_multilayer_perceptron.py:691: ConvergenceWarning: Stochastic Optimizer: Maximum iterations (50) reached and the optimization hasn't converged yet.
  warnings.warn(
/data/home/rtabares/anaconda3/envs/pyth3.12/lib/python3.12/site-packages/sklearn/neural_network/_multilayer_perceptron.py:691: ConvergenceWarning: Stochastic Optimizer: Maximum iterations (50) reached and the optimization hasn't converged yet.
  warnings.warn(
/data/home/rtabares/anaconda3/envs/pyth3.12/lib/python3.12/site-packages/sklearn/neural_network/_multilayer_perceptron.py:691: ConvergenceWarning: Stochastic Optimizer: Maximum iterations (50) reached and the optimization hasn't converged yet.
  warnings.warn(
/data/home/rtabares/anaconda3/envs/pyth3.12/lib/python3.12/site-packages/sklearn/neural_network/_multilayer_perceptron.py:691: ConvergenceWarning: Stochastic Optimizer: Maximum iterations (50) reached and the optimization hasn't converged yet.
  warnings.warn(
[I 2025-05-05 21:00:25,021] Trial 1 finished with value: 0.75 and parameters: {'hidden_layer_sizes': (200,), 'max_iter': 50, 'alpha': 0.001}. Best is trial 0 with value: 0.8.
/data/home/rtabares/anaconda3/envs/pyth3.12/lib/python3.12/site-packages/sklearn/neural_network/_multilayer_perceptron.py:691: ConvergenceWarning: Stochastic Optimizer: Maximum iterations (50) reached and the optimization hasn't converged yet.
  warnings.warn(
/data/home/rtabares/anaconda3/envs/pyth3.12/lib/python3.12/site-packages/sklearn/neural_network/_multilayer_perceptron.py:691: ConvergenceWarning: Stochastic Optimizer: Maximum iterations (50) reached and the optimization hasn't converged yet.
  warnings.warn(
/data/home/rtabares/anaconda3/envs/pyth3.12/lib/python3.12/site-packages/sklearn/neural_network/_multilayer_perceptron.py:691: ConvergenceWarning: Stochastic Optimizer: Maximum iterations (50) reached and the optimization hasn't converged yet.
  warnings.warn(
/data/home/rtabares/anaconda3/envs/pyth3.12/lib/python3.12/site-packages/sklearn/neural_network/_multilayer_perceptron.py:691: ConvergenceWarning: Stochastic Optimizer: Maximum iterations (50) reached and the optimization hasn't converged yet.
  warnings.warn(
/data/home/rtabares/anaconda3/envs/pyth3.12/lib/python3.12/site-packages/sklearn/neural_network/_multilayer_perceptron.py:691: ConvergenceWarning: Stochastic Optimizer: Maximum iterations (50) reached and the optimization hasn't converged yet.
  warnings.warn(
