[I 2025-05-04 17:49:22,546] Trial 18 finished with value: 0.9 and parameters: {'n_estimators': 100, 'max_depth': 20, 'gamma': 0.7036360912257582, 'subsample': 0.8469908042186999, 'colsample_bytree': 0.6065660819469352}. Best is trial 3 with value: 0.9.
[I 2025-05-04 17:49:22,584] Trial 19 finished with value: 0.95 and parameters: {'n_estimators': 40, 'max_depth': 5, 'gamma': 0.8996890663238407, 'subsample': 0.5771559390814771, 'colsample_bytree': 0.7932476099466265}. Best is trial 19 with value: 0.95.
[I 2025-05-04 17:49:22,622] Trial 20 finished with value: 0.95 and parameters: {'n_estimators': 40, 'max_depth': 5, 'gamma': 0.5929732820402995, 'subsample': 0.5653157041585262, 'colsample_bytree': 0.9180407758619067}. Best is trial 19 with value: 0.95.
[I 2025-05-04 17:49:22,659] Trial 21 finished with value: 0.95 and parameters: {'n_estimators': 40, 'max_depth': 5, 'gamma': 0.4665322548524617, 'subsample': 0.5469240640785149, 'colsample_bytree': 0.9602549436198018}. Best is trial 19 with value: 0.95.
[I 2025-05-04 17:49:22,698] Trial 22 finished with value: 0.95 and parameters: {'n_estimators': 40, 'max_depth': 5, 'gamma': 0.4449066238241304, 'subsample': 0.5116354274669442, 'colsample_bytree': 0.996869347930385}. Best is trial 19 with value: 0.95.
[I 2025-05-04 17:49:22,738] Trial 23 finished with value: 0.95 and parameters: {'n_estimators': 40, 'max_depth': 5, 'gamma': 0.3005488349224277, 'subsample': 0.5542007033841946, 'colsample_bytree': 0.9300659419378862}. Best is trial 19 with value: 0.95.
[I 2025-05-04 17:49:22,778] Trial 24 finished with value: 0.95 and parameters: {'n_estimators': 40, 'max_depth': 5, 'gamma': 0.6412070666350532, 'subsample': 0.5710876892942206, 'colsample_bytree': 0.941894990354463}. Best is trial 19 with value: 0.95.
[I 2025-05-04 17:49:22,817] Trial 25 finished with value: 0.9 and parameters: {'n_estimators': 40, 'max_depth': 5, 'gamma': 0.7460170673096973, 'subsample': 0.5979616703480845, 'colsample_bytree': 0.8799833146431957}. Best is trial 19 with value: 0.95.
[I 2025-05-04 17:49:22,857] Trial 26 finished with value: 0.95 and parameters: {'n_estimators': 40, 'max_depth': 5, 'gamma': 0.5832756820201994, 'subsample': 0.5340305407187643, 'colsample_bytree': 0.8807066109244946}. Best is trial 19 with value: 0.95.
[I 2025-05-04 17:49:22,896] Trial 27 finished with value: 0.9 and parameters: {'n_estimators': 40, 'max_depth': 5, 'gamma': 0.8700574143764785, 'subsample': 0.5934790275782412, 'colsample_bytree': 0.9626346076239005}. Best is trial 19 with value: 0.95.
[I 2025-05-04 17:49:22,935] Trial 28 finished with value: 0.9 and parameters: {'n_estimators': 40, 'max_depth': 5, 'gamma': 0.4663279763130189, 'subsample': 0.6369390751456331, 'colsample_bytree': 0.9016080522738859}. Best is trial 19 with value: 0.95.
[I 2025-05-04 17:49:22,975] Trial 29 finished with value: 0.95 and parameters: {'n_estimators': 40, 'max_depth': 5, 'gamma': 0.2743384267175247, 'subsample': 0.5363136776750085, 'colsample_bytree': 0.836494940974843}. Best is trial 19 with value: 0.95.
[I 2025-05-04 17:49:25,487] A new study created in memory with name: rf
Parámetros guardados en checkpoint_shoppers_Dlatent_Roriginal_ft/lc/best_models_lc_seed_2/xgb_best_params.json


>>> Optuna tuning rf


[I 2025-05-04 17:49:27,739] Trial 0 finished with value: 0.95 and parameters: {'n_estimators': 274, 'max_depth': 3, 'min_samples_split': 6, 'min_samples_leaf': 5}. Best is trial 0 with value: 0.95.
[I 2025-05-04 17:49:28,334] Trial 1 finished with value: 0.5 and parameters: {'n_estimators': 268, 'max_depth': 8, 'min_samples_split': 3, 'min_samples_leaf': 7}. Best is trial 0 with value: 0.95.
[I 2025-05-04 17:49:28,686] Trial 2 finished with value: 0.9 and parameters: {'n_estimators': 220, 'max_depth': 7, 'min_samples_split': 7, 'min_samples_leaf': 6}. Best is trial 0 with value: 0.95.
[I 2025-05-04 17:49:28,954] Trial 3 finished with value: 0.5 and parameters: {'n_estimators': 153, 'max_depth': 12, 'min_samples_split': 3, 'min_samples_leaf': 8}. Best is trial 0 with value: 0.95.
[I 2025-05-04 17:49:29,493] Trial 4 finished with value: 0.95 and parameters: {'n_estimators': 442, 'max_depth': 11, 'min_samples_split': 9, 'min_samples_leaf': 1}. Best is trial 0 with value: 0.95.
[I 2025-05-04 17:49:29,907] Trial 5 finished with value: 0.95 and parameters: {'n_estimators': 302, 'max_depth': 4, 'min_samples_split': 5, 'min_samples_leaf': 1}. Best is trial 0 with value: 0.95.
[I 2025-05-04 17:49:30,147] Trial 6 finished with value: 0.95 and parameters: {'n_estimators': 150, 'max_depth': 13, 'min_samples_split': 4, 'min_samples_leaf': 2}. Best is trial 0 with value: 0.95.
[I 2025-05-04 17:49:30,437] Trial 7 finished with value: 0.95 and parameters: {'n_estimators': 188, 'max_depth': 9, 'min_samples_split': 6, 'min_samples_leaf': 3}. Best is trial 0 with value: 0.95.
[I 2025-05-04 17:49:30,918] Trial 8 finished with value: 0.95 and parameters: {'n_estimators': 356, 'max_depth': 11, 'min_samples_split': 6, 'min_samples_leaf': 4}. Best is trial 0 with value: 0.95.
[I 2025-05-04 17:49:31,451] Trial 9 finished with value: 0.5 and parameters: {'n_estimators': 418, 'max_depth': 13, 'min_samples_split': 3, 'min_samples_leaf': 8}. Best is trial 0 with value: 0.95.
[I 2025-05-04 17:49:31,878] Trial 10 finished with value: 0.5 and parameters: {'n_estimators': 331, 'max_depth': 19, 'min_samples_split': 10, 'min_samples_leaf': 10}. Best is trial 0 with value: 0.95.
[I 2025-05-04 17:49:33,094] Trial 11 finished with value: 1.0 and parameters: {'n_estimators': 471, 'max_depth': 17, 'min_samples_split': 9, 'min_samples_leaf': 4}. Best is trial 11 with value: 1.0.
[I 2025-05-04 17:49:34,298] Trial 12 finished with value: 0.95 and parameters: {'n_estimators': 492, 'max_depth': 19, 'min_samples_split': 8, 'min_samples_leaf': 5}. Best is trial 11 with value: 1.0.
[I 2025-05-04 17:49:35,362] Trial 13 finished with value: 1.0 and parameters: {'n_estimators': 388, 'max_depth': 16, 'min_samples_split': 8, 'min_samples_leaf': 4}. Best is trial 11 with value: 1.0.
[I 2025-05-04 17:49:35,798] Trial 14 finished with value: 0.95 and parameters: {'n_estimators': 404, 'max_depth': 16, 'min_samples_split': 10, 'min_samples_leaf': 3}. Best is trial 11 with value: 1.0.
[I 2025-05-04 17:49:36,324] Trial 15 finished with value: 0.95 and parameters: {'n_estimators': 499, 'max_depth': 16, 'min_samples_split': 8, 'min_samples_leaf': 4}. Best is trial 11 with value: 1.0.
[I 2025-05-04 17:49:36,770] Trial 16 finished with value: 0.95 and parameters: {'n_estimators': 372, 'max_depth': 16, 'min_samples_split': 8, 'min_samples_leaf': 3}. Best is trial 11 with value: 1.0.
[I 2025-05-04 17:49:37,246] Trial 17 finished with value: 0.95 and parameters: {'n_estimators': 454, 'max_depth': 20, 'min_samples_split': 9, 'min_samples_leaf': 6}. Best is trial 11 with value: 1.0.
[I 2025-05-04 17:49:37,689] Trial 18 finished with value: 0.95 and parameters: {'n_estimators': 390, 'max_depth': 17, 'min_samples_split': 9, 'min_samples_leaf': 4}. Best is trial 11 with value: 1.0.
[I 2025-05-04 17:49:38,187] Trial 19 finished with value: 0.95 and parameters: {'n_estimators': 473, 'max_depth': 14, 'min_samples_split': 7, 'min_samples_leaf': 2}. Best is trial 11 with value: 1.0.
[I 2025-05-04 17:49:38,642] Trial 20 finished with value: 0.5 and parameters: {'n_estimators': 426, 'max_depth': 18, 'min_samples_split': 7, 'min_samples_leaf': 7}. Best is trial 11 with value: 1.0.
[I 2025-05-04 17:49:38,962] Trial 21 finished with value: 0.95 and parameters: {'n_estimators': 289, 'max_depth': 4, 'min_samples_split': 5, 'min_samples_leaf': 5}. Best is trial 11 with value: 1.0.
[I 2025-05-04 17:49:39,283] Trial 22 finished with value: 0.95 and parameters: {'n_estimators': 254, 'max_depth': 6, 'min_samples_split': 5, 'min_samples_leaf': 5}. Best is trial 11 with value: 1.0.
[I 2025-05-04 17:49:39,670] Trial 23 finished with value: 0.9 and parameters: {'n_estimators': 349, 'max_depth': 15, 'min_samples_split': 8, 'min_samples_leaf': 4}. Best is trial 11 with value: 1.0.
[I 2025-05-04 17:49:40,007] Trial 24 finished with value: 0.95 and parameters: {'n_estimators': 313, 'max_depth': 3, 'min_samples_split': 7, 'min_samples_leaf': 6}. Best is trial 11 with value: 1.0.
[I 2025-05-04 17:49:40,317] Trial 25 finished with value: 0.95 and parameters: {'n_estimators': 241, 'max_depth': 10, 'min_samples_split': 10, 'min_samples_leaf': 2}. Best is trial 11 with value: 1.0.
[I 2025-05-04 17:49:40,770] Trial 26 finished with value: 1.0 and parameters: {'n_estimators': 390, 'max_depth': 14, 'min_samples_split': 2, 'min_samples_leaf': 5}. Best is trial 11 with value: 1.0.
[I 2025-05-04 17:49:41,251] Trial 27 finished with value: 0.5 and parameters: {'n_estimators': 454, 'max_depth': 14, 'min_samples_split': 2, 'min_samples_leaf': 7}. Best is trial 11 with value: 1.0.
[I 2025-05-04 17:49:41,703] Trial 28 finished with value: 1.0 and parameters: {'n_estimators': 384, 'max_depth': 18, 'min_samples_split': 2, 'min_samples_leaf': 3}. Best is trial 11 with value: 1.0.
[I 2025-05-04 17:49:42,215] Trial 29 finished with value: 0.95 and parameters: {'n_estimators': 426, 'max_depth': 15, 'min_samples_split': 9, 'min_samples_leaf': 5}. Best is trial 11 with value: 1.0.
[I 2025-05-04 17:49:45,001] A new study created in memory with name: svc
Parámetros guardados en checkpoint_shoppers_Dlatent_Roriginal_ft/lc/best_models_lc_seed_2/rf_best_params.json


>>> Optuna tuning svc


[I 2025-05-04 17:49:47,745] Trial 0 finished with value: 0.95 and parameters: {'C': 0.5545996722241048, 'gamma': 0.00012697111322756423}. Best is trial 0 with value: 0.95.
[I 2025-05-04 17:49:48,042] Trial 1 finished with value: 1.0 and parameters: {'C': 1.579973895360496, 'gamma': 0.005511750757691415}. Best is trial 1 with value: 1.0.
[I 2025-05-04 17:49:48,057] Trial 2 finished with value: 0.95 and parameters: {'C': 0.48025424062174377, 'gamma': 0.002095749079193946}. Best is trial 1 with value: 1.0.
[I 2025-05-04 17:49:48,072] Trial 3 finished with value: 0.95 and parameters: {'C': 0.06585587677899403, 'gamma': 0.029997417348655162}. Best is trial 1 with value: 1.0.
[I 2025-05-04 17:49:48,085] Trial 4 finished with value: 0.95 and parameters: {'C': 0.15798603319028856, 'gamma': 0.0011676403660687692}. Best is trial 1 with value: 1.0.
[I 2025-05-04 17:49:48,737] Trial 5 finished with value: 1.0 and parameters: {'C': 3.051654279698754, 'gamma': 0.01307881440940144}. Best is trial 1 with value: 1.0.
[I 2025-05-04 17:49:48,762] Trial 6 finished with value: 0.95 and parameters: {'C': 0.034539797048540495, 'gamma': 0.01133215445049292}. Best is trial 1 with value: 1.0.
[I 2025-05-04 17:49:48,787] Trial 7 finished with value: 0.9 and parameters: {'C': 0.05467130776888186, 'gamma': 0.13846518531662885}. Best is trial 1 with value: 1.0.
[I 2025-05-04 17:49:48,802] Trial 8 finished with value: 1.0 and parameters: {'C': 26.055605528320903, 'gamma': 0.009483034914203468}. Best is trial 1 with value: 1.0.
[I 2025-05-04 17:49:48,816] Trial 9 finished with value: 1.0 and parameters: {'C': 24.335817588808105, 'gamma': 0.00020824851253449603}. Best is trial 1 with value: 1.0.
[I 2025-05-04 17:49:48,841] Trial 10 finished with value: 0.75 and parameters: {'C': 3.484702822903115, 'gamma': 0.5309146886923963}. Best is trial 1 with value: 1.0.
[I 2025-05-04 17:49:49,479] Trial 11 finished with value: 1.0 and parameters: {'C': 3.333864265076216, 'gamma': 0.0023437530643135814}. Best is trial 1 with value: 1.0.
[I 2025-05-04 17:49:49,504] Trial 12 finished with value: 1.0 and parameters: {'C': 3.0639408752679858, 'gamma': 0.04672917618913399}. Best is trial 1 with value: 1.0.
[I 2025-05-04 17:49:50,145] Trial 13 finished with value: 1.0 and parameters: {'C': 7.427980038305408, 'gamma': 0.006275680953252568}. Best is trial 1 with value: 1.0.
[I 2025-05-04 17:49:50,168] Trial 14 finished with value: 1.0 and parameters: {'C': 59.304140139181264, 'gamma': 0.0005919334578172336}. Best is trial 1 with value: 1.0.
[I 2025-05-04 17:49:50,190] Trial 15 finished with value: 1.0 and parameters: {'C': 1.1032270892204408, 'gamma': 0.07377175713370532}. Best is trial 1 with value: 1.0.
[I 2025-05-04 17:49:50,211] Trial 16 finished with value: 0.95 and parameters: {'C': 0.209482621927324, 'gamma': 0.016658125762733247}. Best is trial 1 with value: 1.0.
[I 2025-05-04 17:49:50,232] Trial 17 finished with value: 0.85 and parameters: {'C': 0.011278738109245848, 'gamma': 0.21263654488233255}. Best is trial 1 with value: 1.0.
[I 2025-05-04 17:49:50,881] Trial 18 finished with value: 1.0 and parameters: {'C': 10.262195990812202, 'gamma': 0.0032869660801259563}. Best is trial 1 with value: 1.0.
[I 2025-05-04 17:49:50,904] Trial 19 finished with value: 0.95 and parameters: {'C': 1.2832445978242804, 'gamma': 0.00044259642853790657}. Best is trial 1 with value: 1.0.
[I 2025-05-04 17:49:50,925] Trial 20 finished with value: 1.0 and parameters: {'C': 8.486565700062625, 'gamma': 0.004704376869304144}. Best is trial 1 with value: 1.0.
[I 2025-05-04 17:49:50,946] Trial 21 finished with value: 1.0 and parameters: {'C': 41.3919916007591, 'gamma': 0.017975104946905896}. Best is trial 1 with value: 1.0.
[I 2025-05-04 17:49:50,970] Trial 22 finished with value: 1.0 and parameters: {'C': 14.717362210663808, 'gamma': 0.0082904430933622}. Best is trial 1 with value: 1.0.
[I 2025-05-04 17:49:50,989] Trial 23 finished with value: 1.0 and parameters: {'C': 97.42445576182166, 'gamma': 0.028169034395576383}. Best is trial 1 with value: 1.0.
[I 2025-05-04 17:49:51,011] Trial 24 finished with value: 0.95 and parameters: {'C': 1.598269874196794, 'gamma': 0.001179382290268406}. Best is trial 1 with value: 1.0.
[I 2025-05-04 17:49:51,032] Trial 25 finished with value: 1.0 and parameters: {'C': 28.06891008895918, 'gamma': 0.007117364641192809}. Best is trial 1 with value: 1.0.
[I 2025-05-04 17:49:51,052] Trial 26 finished with value: 1.0 and parameters: {'C': 4.2635812230252546, 'gamma': 0.08417011752930349}. Best is trial 1 with value: 1.0.
[I 2025-05-04 17:49:51,075] Trial 27 finished with value: 0.95 and parameters: {'C': 0.5291763956442058, 'gamma': 0.018076153986662416}. Best is trial 1 with value: 1.0.
[I 2025-05-04 17:49:51,101] Trial 28 finished with value: 1.0 and parameters: {'C': 16.328173175571717, 'gamma': 0.0013449621005510227}. Best is trial 1 with value: 1.0.
[I 2025-05-04 17:49:51,124] Trial 29 finished with value: 0.95 and parameters: {'C': 0.2858605932767492, 'gamma': 0.003896453546050099}. Best is trial 1 with value: 1.0.
[I 2025-05-04 17:49:53,519] A new study created in memory with name: logreg
Parámetros guardados en checkpoint_shoppers_Dlatent_Roriginal_ft/lc/best_models_lc_seed_2/svc_best_params.json


>>> Optuna tuning logreg


[I 2025-05-04 17:49:55,803] Trial 0 finished with value: 1.0 and parameters: {'C': 0.15134724182275533, 'penalty': 'l2'}. Best is trial 0 with value: 1.0.
[I 2025-05-04 17:49:56,038] Trial 1 finished with value: 0.95 and parameters: {'C': 0.00134781771168027, 'penalty': 'l2'}. Best is trial 0 with value: 1.0.
[I 2025-05-04 17:49:56,066] Trial 2 finished with value: 1.0 and parameters: {'C': 0.5601603817503298, 'penalty': 'l2'}. Best is trial 0 with value: 1.0.
[I 2025-05-04 17:49:56,091] Trial 3 finished with value: 1.0 and parameters: {'C': 0.15017995265951545, 'penalty': 'l2'}. Best is trial 0 with value: 1.0.
[I 2025-05-04 17:49:56,115] Trial 4 finished with value: 1.0 and parameters: {'C': 0.1264267606498664, 'penalty': 'l2'}. Best is trial 0 with value: 1.0.
[I 2025-05-04 17:49:56,140] Trial 5 finished with value: 1.0 and parameters: {'C': 0.044840877729077515, 'penalty': 'l2'}. Best is trial 0 with value: 1.0.
[I 2025-05-04 17:49:56,165] Trial 6 finished with value: 1.0 and parameters: {'C': 0.010549774340694125, 'penalty': 'l2'}. Best is trial 0 with value: 1.0.
[I 2025-05-04 17:49:56,190] Trial 7 finished with value: 1.0 and parameters: {'C': 1.248403080828608, 'penalty': 'l2'}. Best is trial 0 with value: 1.0.
[I 2025-05-04 17:49:56,215] Trial 8 finished with value: 1.0 and parameters: {'C': 0.03149730300397853, 'penalty': 'l2'}. Best is trial 0 with value: 1.0.
[I 2025-05-04 17:49:56,240] Trial 9 finished with value: 1.0 and parameters: {'C': 0.021584220823040776, 'penalty': 'l2'}. Best is trial 0 with value: 1.0.
[I 2025-05-04 17:49:56,271] Trial 10 finished with value: 1.0 and parameters: {'C': 26.015182919619694, 'penalty': 'l2'}. Best is trial 0 with value: 1.0.
[I 2025-05-04 17:49:56,928] Trial 11 finished with value: 1.0 and parameters: {'C': 1.91258258232271, 'penalty': 'l2'}. Best is trial 0 with value: 1.0.
[I 2025-05-04 17:49:57,574] Trial 12 finished with value: 1.0 and parameters: {'C': 1.404135069757856, 'penalty': 'l2'}. Best is trial 0 with value: 1.0.
[I 2025-05-04 17:49:57,591] Trial 13 finished with value: 1.0 and parameters: {'C': 15.863136330709839, 'penalty': 'l2'}. Best is trial 0 with value: 1.0.
[I 2025-05-04 17:49:57,611] Trial 14 finished with value: 1.0 and parameters: {'C': 5.121162355819412, 'penalty': 'l2'}. Best is trial 0 with value: 1.0.
[I 2025-05-04 17:49:57,632] Trial 15 finished with value: 1.0 and parameters: {'C': 0.39687476930152576, 'penalty': 'l2'}. Best is trial 0 with value: 1.0.
[I 2025-05-04 17:49:58,257] Trial 16 finished with value: 0.95 and parameters: {'C': 0.0037954926732908403, 'penalty': 'l2'}. Best is trial 0 with value: 1.0.
[I 2025-05-04 17:49:58,285] Trial 17 finished with value: 1.0 and parameters: {'C': 0.535940171560681, 'penalty': 'l2'}. Best is trial 0 with value: 1.0.
[I 2025-05-04 17:49:58,971] Trial 18 finished with value: 1.0 and parameters: {'C': 6.282210550548353, 'penalty': 'l2'}. Best is trial 0 with value: 1.0.
[I 2025-05-04 17:49:59,003] Trial 19 finished with value: 1.0 and parameters: {'C': 95.01351998706396, 'penalty': 'l2'}. Best is trial 0 with value: 1.0.
[I 2025-05-04 17:49:59,034] Trial 20 finished with value: 1.0 and parameters: {'C': 0.11616795431157345, 'penalty': 'l2'}. Best is trial 0 with value: 1.0.
[I 2025-05-04 17:49:59,671] Trial 21 finished with value: 1.0 and parameters: {'C': 0.11447316755167201, 'penalty': 'l2'}. Best is trial 0 with value: 1.0.
[I 2025-05-04 17:49:59,703] Trial 22 finished with value: 1.0 and parameters: {'C': 0.20407062830661826, 'penalty': 'l2'}. Best is trial 0 with value: 1.0.
[I 2025-05-04 17:49:59,734] Trial 23 finished with value: 1.0 and parameters: {'C': 0.46176375178340096, 'penalty': 'l2'}. Best is trial 0 with value: 1.0.
[I 2025-05-04 17:49:59,763] Trial 24 finished with value: 1.0 and parameters: {'C': 0.011890062653900753, 'penalty': 'l2'}. Best is trial 0 with value: 1.0.
[I 2025-05-04 17:49:59,786] Trial 25 finished with value: 1.0 and parameters: {'C': 0.06805398882663664, 'penalty': 'l2'}. Best is trial 0 with value: 1.0.
[I 2025-05-04 17:49:59,812] Trial 26 finished with value: 1.0 and parameters: {'C': 0.8211829710085032, 'penalty': 'l2'}. Best is trial 0 with value: 1.0.
[I 2025-05-04 17:49:59,833] Trial 27 finished with value: 1.0 and parameters: {'C': 0.2670477737078045, 'penalty': 'l2'}. Best is trial 0 with value: 1.0.
[I 2025-05-04 17:49:59,851] Trial 28 finished with value: 1.0 and parameters: {'C': 4.084828880766218, 'penalty': 'l2'}. Best is trial 0 with value: 1.0.
[I 2025-05-04 17:49:59,868] Trial 29 finished with value: 0.95 and parameters: {'C': 0.0026979058994040465, 'penalty': 'l2'}. Best is trial 0 with value: 1.0.
/data/home/rtabares/anaconda3/envs/pyth3.12/lib/python3.12/site-packages/xgboost/core.py:377: FutureWarning: Your system has an old version of glibc (< 2.28). We will stop supporting Linux distros with glibc older than 2.28 after **May 31, 2025**. Please upgrade to a recent Linux distro (with glibc >= 2.28) to use future versions of XGBoost.
Note: You have installed the 'manylinux2014' variant of XGBoost. Certain features such as GPU algorithms or federated learning are not available. To use these features, please upgrade to a recent Linux distro with glibc 2.28+, and install the 'manylinux_2_28' variant.
  warnings.warn(
[I 2025-05-04 17:50:02,356] A new study created in memory with name: mlp
Parámetros guardados en checkpoint_shoppers_Dlatent_Roriginal_ft/lc/best_models_lc_seed_2/logreg_best_params.json


>>> Optuna tuning mlp


/data/home/rtabares/anaconda3/envs/pyth3.12/lib/python3.12/site-packages/sklearn/neural_network/_multilayer_perceptron.py:691: ConvergenceWarning: Stochastic Optimizer: Maximum iterations (50) reached and the optimization hasn't converged yet.
  warnings.warn(
/data/home/rtabares/anaconda3/envs/pyth3.12/lib/python3.12/site-packages/sklearn/neural_network/_multilayer_perceptron.py:691: ConvergenceWarning: Stochastic Optimizer: Maximum iterations (50) reached and the optimization hasn't converged yet.
  warnings.warn(
/data/home/rtabares/anaconda3/envs/pyth3.12/lib/python3.12/site-packages/sklearn/neural_network/_multilayer_perceptron.py:691: ConvergenceWarning: Stochastic Optimizer: Maximum iterations (50) reached and the optimization hasn't converged yet.
  warnings.warn(
/data/home/rtabares/anaconda3/envs/pyth3.12/lib/python3.12/site-packages/sklearn/neural_network/_multilayer_perceptron.py:691: ConvergenceWarning: Stochastic Optimizer: Maximum iterations (50) reached and the optimization hasn't converged yet.
  warnings.warn(
/data/home/rtabares/anaconda3/envs/pyth3.12/lib/python3.12/site-packages/sklearn/neural_network/_multilayer_perceptron.py:691: ConvergenceWarning: Stochastic Optimizer: Maximum iterations (50) reached and the optimization hasn't converged yet.
  warnings.warn(
