[I 2025-05-04 17:52:08,036] Trial 17 finished with value: 0.7 and parameters: {'n_estimators': 100, 'max_depth': 30, 'gamma': 0.6804311330285688, 'subsample': 0.6147845911501424, 'colsample_bytree': 0.5006737220193893}. Best is trial 10 with value: 0.8.
[I 2025-05-04 17:52:08,073] Trial 18 finished with value: 0.75 and parameters: {'n_estimators': 40, 'max_depth': 5, 'gamma': 0.3733716298733412, 'subsample': 0.522118357030512, 'colsample_bytree': 0.7240792844577736}. Best is trial 10 with value: 0.8.
[I 2025-05-04 17:52:08,112] Trial 19 finished with value: 0.7 and parameters: {'n_estimators': 10, 'max_depth': 5, 'gamma': 0.2574786806157323, 'subsample': 0.6931781287265973, 'colsample_bytree': 0.9943207699442902}. Best is trial 10 with value: 0.8.
[I 2025-05-04 17:52:08,160] Trial 20 finished with value: 0.7 and parameters: {'n_estimators': 100, 'max_depth': 30, 'gamma': 0.4487109607965011, 'subsample': 0.8723494150438251, 'colsample_bytree': 0.6258672362254107}. Best is trial 10 with value: 0.8.
[I 2025-05-04 17:52:08,198] Trial 21 finished with value: 0.8 and parameters: {'n_estimators': 100, 'max_depth': 5, 'gamma': 0.32654620181360666, 'subsample': 0.5287778055075592, 'colsample_bytree': 0.5504740513621201}. Best is trial 10 with value: 0.8.
[I 2025-05-04 17:52:08,251] Trial 22 finished with value: 0.7 and parameters: {'n_estimators': 100, 'max_depth': 5, 'gamma': 0.32624100863305067, 'subsample': 0.5508810472995431, 'colsample_bytree': 0.5587237078271209}. Best is trial 10 with value: 0.8.
[I 2025-05-04 17:52:08,300] Trial 23 finished with value: 0.7 and parameters: {'n_estimators': 100, 'max_depth': 5, 'gamma': 0.17296265885767287, 'subsample': 0.6171333616863365, 'colsample_bytree': 0.5400707666755303}. Best is trial 10 with value: 0.8.
[I 2025-05-04 17:52:08,351] Trial 24 finished with value: 0.75 and parameters: {'n_estimators': 100, 'max_depth': 5, 'gamma': 0.47528379619582733, 'subsample': 0.5345094232240183, 'colsample_bytree': 0.578993641882955}. Best is trial 10 with value: 0.8.
[I 2025-05-04 17:52:08,400] Trial 25 finished with value: 0.75 and parameters: {'n_estimators': 100, 'max_depth': 5, 'gamma': 0.27964654184679427, 'subsample': 0.5984474623023275, 'colsample_bytree': 0.536145793818418}. Best is trial 10 with value: 0.8.
[I 2025-05-04 17:52:08,449] Trial 26 finished with value: 0.75 and parameters: {'n_estimators': 100, 'max_depth': 5, 'gamma': 0.3641926372539125, 'subsample': 0.645836042652703, 'colsample_bytree': 0.6509540324667171}. Best is trial 10 with value: 0.8.
[I 2025-05-04 17:52:08,498] Trial 27 finished with value: 0.75 and parameters: {'n_estimators': 100, 'max_depth': 5, 'gamma': 0.10503601588145156, 'subsample': 0.5522136344241471, 'colsample_bytree': 0.8397646652440645}. Best is trial 10 with value: 0.8.
[I 2025-05-04 17:52:08,535] Trial 28 finished with value: 0.6 and parameters: {'n_estimators': 10, 'max_depth': 30, 'gamma': 0.6137548037363173, 'subsample': 0.7140228483220182, 'colsample_bytree': 0.6788881142325134}. Best is trial 10 with value: 0.8.
[I 2025-05-04 17:52:08,569] Trial 29 finished with value: 0.75 and parameters: {'n_estimators': 40, 'max_depth': 5, 'gamma': 0.2743384267175247, 'subsample': 0.534438563636374, 'colsample_bytree': 0.5946033699192476}. Best is trial 10 with value: 0.8.
[I 2025-05-04 17:52:10,398] A new study created in memory with name: rf
[I 2025-05-04 17:52:13,460] Trial 0 finished with value: 0.75 and parameters: {'n_estimators': 274, 'max_depth': 3, 'min_samples_split': 6, 'min_samples_leaf': 5}. Best is trial 0 with value: 0.75.
Parámetros guardados en checkpoint_shoppers_Dlatent_Roriginal_ft/k-means/best_models_k-means_seed_2/xgb_best_params.json


>>> Optuna tuning rf


[I 2025-05-04 17:52:14,169] Trial 1 finished with value: 0.5 and parameters: {'n_estimators': 268, 'max_depth': 8, 'min_samples_split': 3, 'min_samples_leaf': 7}. Best is trial 0 with value: 0.75.
[I 2025-05-04 17:52:14,496] Trial 2 finished with value: 0.7 and parameters: {'n_estimators': 220, 'max_depth': 7, 'min_samples_split': 7, 'min_samples_leaf': 6}. Best is trial 0 with value: 0.75.
[I 2025-05-04 17:52:14,705] Trial 3 finished with value: 0.5 and parameters: {'n_estimators': 153, 'max_depth': 12, 'min_samples_split': 3, 'min_samples_leaf': 8}. Best is trial 0 with value: 0.75.
[I 2025-05-04 17:52:15,246] Trial 4 finished with value: 0.7 and parameters: {'n_estimators': 442, 'max_depth': 11, 'min_samples_split': 9, 'min_samples_leaf': 1}. Best is trial 0 with value: 0.75.
[I 2025-05-04 17:52:15,627] Trial 5 finished with value: 0.75 and parameters: {'n_estimators': 302, 'max_depth': 4, 'min_samples_split': 5, 'min_samples_leaf': 1}. Best is trial 0 with value: 0.75.
[I 2025-05-04 17:52:15,887] Trial 6 finished with value: 0.75 and parameters: {'n_estimators': 150, 'max_depth': 13, 'min_samples_split': 4, 'min_samples_leaf': 2}. Best is trial 0 with value: 0.75.
[I 2025-05-04 17:52:16,147] Trial 7 finished with value: 0.7 and parameters: {'n_estimators': 188, 'max_depth': 9, 'min_samples_split': 6, 'min_samples_leaf': 3}. Best is trial 0 with value: 0.75.
[I 2025-05-04 17:52:16,567] Trial 8 finished with value: 0.75 and parameters: {'n_estimators': 356, 'max_depth': 11, 'min_samples_split': 6, 'min_samples_leaf': 4}. Best is trial 0 with value: 0.75.
[I 2025-05-04 17:52:17,019] Trial 9 finished with value: 0.5 and parameters: {'n_estimators': 418, 'max_depth': 13, 'min_samples_split': 3, 'min_samples_leaf': 8}. Best is trial 0 with value: 0.75.
[I 2025-05-04 17:52:17,435] Trial 10 finished with value: 0.5 and parameters: {'n_estimators': 331, 'max_depth': 19, 'min_samples_split': 10, 'min_samples_leaf': 10}. Best is trial 0 with value: 0.75.
[I 2025-05-04 17:52:17,762] Trial 11 finished with value: 0.7 and parameters: {'n_estimators': 267, 'max_depth': 4, 'min_samples_split': 5, 'min_samples_leaf': 4}. Best is trial 0 with value: 0.75.
[I 2025-05-04 17:52:18,199] Trial 12 finished with value: 0.75 and parameters: {'n_estimators': 371, 'max_depth': 3, 'min_samples_split': 8, 'min_samples_leaf': 1}. Best is trial 0 with value: 0.75.
[I 2025-05-04 17:52:19,402] Trial 13 finished with value: 0.75 and parameters: {'n_estimators': 488, 'max_depth': 5, 'min_samples_split': 6, 'min_samples_leaf': 5}. Best is trial 0 with value: 0.75.
[I 2025-05-04 17:52:19,768] Trial 14 finished with value: 0.5 and parameters: {'n_estimators': 287, 'max_depth': 6, 'min_samples_split': 5, 'min_samples_leaf': 10}. Best is trial 0 with value: 0.75.
[I 2025-05-04 17:52:20,074] Trial 15 finished with value: 0.75 and parameters: {'n_estimators': 236, 'max_depth': 16, 'min_samples_split': 2, 'min_samples_leaf': 3}. Best is trial 0 with value: 0.75.
[I 2025-05-04 17:52:20,227] Trial 16 finished with value: 0.7 and parameters: {'n_estimators': 108, 'max_depth': 3, 'min_samples_split': 8, 'min_samples_leaf': 6}. Best is trial 0 with value: 0.75.
[I 2025-05-04 17:52:20,575] Trial 17 finished with value: 0.75 and parameters: {'n_estimators': 318, 'max_depth': 6, 'min_samples_split': 5, 'min_samples_leaf': 2}. Best is trial 0 with value: 0.75.
[I 2025-05-04 17:52:21,010] Trial 18 finished with value: 0.75 and parameters: {'n_estimators': 370, 'max_depth': 9, 'min_samples_split': 7, 'min_samples_leaf': 5}. Best is trial 0 with value: 0.75.
[I 2025-05-04 17:52:21,310] Trial 19 finished with value: 0.5 and parameters: {'n_estimators': 225, 'max_depth': 5, 'min_samples_split': 4, 'min_samples_leaf': 8}. Best is trial 0 with value: 0.75.
[I 2025-05-04 17:52:21,796] Trial 20 finished with value: 0.75 and parameters: {'n_estimators': 415, 'max_depth': 20, 'min_samples_split': 7, 'min_samples_leaf': 3}. Best is trial 0 with value: 0.75.
[I 2025-05-04 17:52:22,024] Trial 21 finished with value: 0.75 and parameters: {'n_estimators': 148, 'max_depth': 15, 'min_samples_split': 4, 'min_samples_leaf': 2}. Best is trial 0 with value: 0.75.
[I 2025-05-04 17:52:22,237] Trial 22 finished with value: 0.75 and parameters: {'n_estimators': 180, 'max_depth': 15, 'min_samples_split': 4, 'min_samples_leaf': 1}. Best is trial 0 with value: 0.75.
[I 2025-05-04 17:52:22,606] Trial 23 finished with value: 0.75 and parameters: {'n_estimators': 293, 'max_depth': 13, 'min_samples_split': 5, 'min_samples_leaf': 2}. Best is trial 0 with value: 0.75.
[I 2025-05-04 17:52:22,793] Trial 24 finished with value: 0.75 and parameters: {'n_estimators': 124, 'max_depth': 18, 'min_samples_split': 2, 'min_samples_leaf': 4}. Best is trial 0 with value: 0.75.
[I 2025-05-04 17:52:23,109] Trial 25 finished with value: 0.75 and parameters: {'n_estimators': 244, 'max_depth': 10, 'min_samples_split': 4, 'min_samples_leaf': 2}. Best is trial 0 with value: 0.75.
[I 2025-05-04 17:52:23,353] Trial 26 finished with value: 0.7 and parameters: {'n_estimators': 198, 'max_depth': 4, 'min_samples_split': 5, 'min_samples_leaf': 1}. Best is trial 0 with value: 0.75.
[I 2025-05-04 17:52:23,710] Trial 27 finished with value: 0.75 and parameters: {'n_estimators': 327, 'max_depth': 7, 'min_samples_split': 6, 'min_samples_leaf': 3}. Best is trial 0 with value: 0.75.
[I 2025-05-04 17:52:24,046] Trial 28 finished with value: 0.5 and parameters: {'n_estimators': 263, 'max_depth': 17, 'min_samples_split': 3, 'min_samples_leaf': 7}. Best is trial 0 with value: 0.75.
[I 2025-05-04 17:52:24,238] Trial 29 finished with value: 0.7 and parameters: {'n_estimators': 162, 'max_depth': 8, 'min_samples_split': 3, 'min_samples_leaf': 5}. Best is trial 0 with value: 0.75.
[I 2025-05-04 17:52:28,918] A new study created in memory with name: svc
Parámetros guardados en checkpoint_shoppers_Dlatent_Roriginal_ft/k-means/best_models_k-means_seed_2/rf_best_params.json


>>> Optuna tuning svc


[I 2025-05-04 17:52:29,582] Trial 0 finished with value: 0.5 and parameters: {'C': 0.5545996722241048, 'gamma': 0.00012697111322756423}. Best is trial 0 with value: 0.5.
[I 2025-05-04 17:52:29,597] Trial 1 finished with value: 0.5 and parameters: {'C': 1.579973895360496, 'gamma': 0.005511750757691415}. Best is trial 0 with value: 0.5.
[I 2025-05-04 17:52:29,610] Trial 2 finished with value: 0.45 and parameters: {'C': 0.48025424062174377, 'gamma': 0.002095749079193946}. Best is trial 0 with value: 0.5.
[I 2025-05-04 17:52:29,624] Trial 3 finished with value: 0.45 and parameters: {'C': 0.06585587677899403, 'gamma': 0.029997417348655162}. Best is trial 0 with value: 0.5.
[I 2025-05-04 17:52:29,637] Trial 4 finished with value: 0.5 and parameters: {'C': 0.15798603319028856, 'gamma': 0.0011676403660687692}. Best is trial 0 with value: 0.5.
[I 2025-05-04 17:52:29,654] Trial 5 finished with value: 0.5 and parameters: {'C': 3.051654279698754, 'gamma': 0.01307881440940144}. Best is trial 0 with value: 0.5.
[I 2025-05-04 17:52:29,668] Trial 6 finished with value: 0.5 and parameters: {'C': 0.034539797048540495, 'gamma': 0.01133215445049292}. Best is trial 0 with value: 0.5.
[I 2025-05-04 17:52:29,682] Trial 7 finished with value: 0.4 and parameters: {'C': 0.05467130776888186, 'gamma': 0.13846518531662885}. Best is trial 0 with value: 0.5.
[I 2025-05-04 17:52:29,696] Trial 8 finished with value: 0.5 and parameters: {'C': 26.055605528320903, 'gamma': 0.009483034914203468}. Best is trial 0 with value: 0.5.
[I 2025-05-04 17:52:29,710] Trial 9 finished with value: 0.5 and parameters: {'C': 24.335817588808105, 'gamma': 0.00020824851253449603}. Best is trial 0 with value: 0.5.
[I 2025-05-04 17:52:29,735] Trial 10 finished with value: 0.5 and parameters: {'C': 5.777493411820231, 'gamma': 0.00011387692581967695}. Best is trial 0 with value: 0.5.
[I 2025-05-04 17:52:30,397] Trial 11 finished with value: 0.4 and parameters: {'C': 1.549207993350783, 'gamma': 0.38609482064593204}. Best is trial 0 with value: 0.5.
[I 2025-05-04 17:52:31,098] Trial 12 finished with value: 0.5 and parameters: {'C': 0.42200756195514116, 'gamma': 0.0006082129786813713}. Best is trial 0 with value: 0.5.
[I 2025-05-04 17:52:31,126] Trial 13 finished with value: 0.55 and parameters: {'C': 4.428298886403992, 'gamma': 0.002937275677771331}. Best is trial 13 with value: 0.55.
[I 2025-05-04 17:52:31,147] Trial 14 finished with value: 0.5 and parameters: {'C': 8.56111253589447, 'gamma': 0.00038265840577252265}. Best is trial 13 with value: 0.55.
[I 2025-05-04 17:52:31,173] Trial 15 finished with value: 0.6 and parameters: {'C': 80.78963648177103, 'gamma': 0.060890669071915086}. Best is trial 15 with value: 0.6.
[I 2025-05-04 17:52:31,194] Trial 16 finished with value: 0.6 and parameters: {'C': 96.840729725003, 'gamma': 0.062328380666295424}. Best is trial 15 with value: 0.6.
[I 2025-05-04 17:52:31,217] Trial 17 finished with value: 0.65 and parameters: {'C': 79.01499463419282, 'gamma': 0.04548352442153947}. Best is trial 17 with value: 0.65.
[I 2025-05-04 17:52:31,238] Trial 18 finished with value: 0.45 and parameters: {'C': 55.46231116047404, 'gamma': 0.45789887248953537}. Best is trial 17 with value: 0.65.
[I 2025-05-04 17:52:31,259] Trial 19 finished with value: 0.45 and parameters: {'C': 16.500890614961932, 'gamma': 0.08658177847972434}. Best is trial 17 with value: 0.65.
[I 2025-05-04 17:52:31,281] Trial 20 finished with value: 0.5 and parameters: {'C': 96.94389313748528, 'gamma': 0.20371992438815492}. Best is trial 17 with value: 0.65.
[I 2025-05-04 17:52:31,304] Trial 21 finished with value: 0.4 and parameters: {'C': 0.010784522836544604, 'gamma': 0.04726659647803561}. Best is trial 17 with value: 0.65.
[I 2025-05-04 17:52:31,328] Trial 22 finished with value: 0.55 and parameters: {'C': 94.79398713959978, 'gamma': 0.035011518133418254}. Best is trial 17 with value: 0.65.
[I 2025-05-04 17:52:31,353] Trial 23 finished with value: 0.4 and parameters: {'C': 42.13925068759346, 'gamma': 0.9562636479587976}. Best is trial 17 with value: 0.65.
[I 2025-05-04 17:52:31,375] Trial 24 finished with value: 0.45 and parameters: {'C': 11.252303469359136, 'gamma': 0.07916655732909227}. Best is trial 17 with value: 0.65.
[I 2025-05-04 17:52:31,399] Trial 25 finished with value: 0.5 and parameters: {'C': 49.040404569041684, 'gamma': 0.022353867334267443}. Best is trial 17 with value: 0.65.
[I 2025-05-04 17:52:31,421] Trial 26 finished with value: 0.6 and parameters: {'C': 96.75316488106033, 'gamma': 0.06417798860541998}. Best is trial 17 with value: 0.65.
[I 2025-05-04 17:52:31,444] Trial 27 finished with value: 0.5 and parameters: {'C': 24.29345000003654, 'gamma': 0.18527109733259667}. Best is trial 17 with value: 0.65.
[I 2025-05-04 17:52:31,465] Trial 28 finished with value: 0.5 and parameters: {'C': 47.8422144927568, 'gamma': 0.01999390092202282}. Best is trial 17 with value: 0.65.
[I 2025-05-04 17:52:31,486] Trial 29 finished with value: 0.4 and parameters: {'C': 13.859218183657063, 'gamma': 0.006168635746316585}. Best is trial 17 with value: 0.65.
[I 2025-05-04 17:52:33,319] A new study created in memory with name: logreg
Parámetros guardados en checkpoint_shoppers_Dlatent_Roriginal_ft/k-means/best_models_k-means_seed_2/svc_best_params.json


>>> Optuna tuning logreg


[I 2025-05-04 17:52:36,475] Trial 0 finished with value: 0.6 and parameters: {'C': 0.15134724182275533, 'penalty': 'l2'}. Best is trial 0 with value: 0.6.
[I 2025-05-04 17:52:36,797] Trial 1 finished with value: 0.65 and parameters: {'C': 0.00134781771168027, 'penalty': 'l2'}. Best is trial 1 with value: 0.65.
[I 2025-05-04 17:52:36,824] Trial 2 finished with value: 0.5 and parameters: {'C': 0.5601603817503298, 'penalty': 'l2'}. Best is trial 1 with value: 0.65.
[I 2025-05-04 17:52:36,839] Trial 3 finished with value: 0.6 and parameters: {'C': 0.15017995265951545, 'penalty': 'l2'}. Best is trial 1 with value: 0.65.
[I 2025-05-04 17:52:36,862] Trial 4 finished with value: 0.65 and parameters: {'C': 0.1264267606498664, 'penalty': 'l2'}. Best is trial 1 with value: 0.65.
[I 2025-05-04 17:52:36,887] Trial 5 finished with value: 0.65 and parameters: {'C': 0.044840877729077515, 'penalty': 'l2'}. Best is trial 1 with value: 0.65.
[I 2025-05-04 17:52:36,912] Trial 6 finished with value: 0.7 and parameters: {'C': 0.010549774340694125, 'penalty': 'l2'}. Best is trial 6 with value: 0.7.
[I 2025-05-04 17:52:36,938] Trial 7 finished with value: 0.45 and parameters: {'C': 1.248403080828608, 'penalty': 'l2'}. Best is trial 6 with value: 0.7.
[I 2025-05-04 17:52:36,964] Trial 8 finished with value: 0.7 and parameters: {'C': 0.03149730300397853, 'penalty': 'l2'}. Best is trial 6 with value: 0.7.
[I 2025-05-04 17:52:36,990] Trial 9 finished with value: 0.7 and parameters: {'C': 0.021584220823040776, 'penalty': 'l2'}. Best is trial 6 with value: 0.7.
[I 2025-05-04 17:52:37,024] Trial 10 finished with value: 0.5 and parameters: {'C': 64.41808847399955, 'penalty': 'l2'}. Best is trial 6 with value: 0.7.
[I 2025-05-04 17:52:37,650] Trial 11 finished with value: 0.65 and parameters: {'C': 0.003243497952122933, 'penalty': 'l2'}. Best is trial 6 with value: 0.7.
[I 2025-05-04 17:52:37,682] Trial 12 finished with value: 0.7 and parameters: {'C': 0.009388986154393751, 'penalty': 'l2'}. Best is trial 6 with value: 0.7.
[I 2025-05-04 17:52:38,399] Trial 13 finished with value: 0.5 and parameters: {'C': 3.127410991851475, 'penalty': 'l2'}. Best is trial 6 with value: 0.7.
[I 2025-05-04 17:52:38,421] Trial 14 finished with value: 0.65 and parameters: {'C': 0.0067842477142487125, 'penalty': 'l2'}. Best is trial 6 with value: 0.7.
[I 2025-05-04 17:52:39,034] Trial 15 finished with value: 0.7 and parameters: {'C': 0.03188728792333139, 'penalty': 'l2'}. Best is trial 6 with value: 0.7.
[I 2025-05-04 17:52:39,065] Trial 16 finished with value: 0.65 and parameters: {'C': 0.0011278662675433206, 'penalty': 'l2'}. Best is trial 6 with value: 0.7.
[I 2025-05-04 17:52:39,093] Trial 17 finished with value: 0.5 and parameters: {'C': 10.627232806129394, 'penalty': 'l2'}. Best is trial 6 with value: 0.7.
[I 2025-05-04 17:52:39,112] Trial 18 finished with value: 0.7 and parameters: {'C': 0.01161106322103842, 'penalty': 'l2'}. Best is trial 6 with value: 0.7.
[I 2025-05-04 17:52:39,746] Trial 19 finished with value: 0.65 and parameters: {'C': 0.05536525991950697, 'penalty': 'l2'}. Best is trial 6 with value: 0.7.
[I 2025-05-04 17:52:39,777] Trial 20 finished with value: 0.65 and parameters: {'C': 0.0041052299990771545, 'penalty': 'l2'}. Best is trial 6 with value: 0.7.
[I 2025-05-04 17:52:40,414] Trial 21 finished with value: 0.7 and parameters: {'C': 0.0211077420705859, 'penalty': 'l2'}. Best is trial 6 with value: 0.7.
[I 2025-05-04 17:52:40,436] Trial 22 finished with value: 0.7 and parameters: {'C': 0.014976043024125692, 'penalty': 'l2'}. Best is trial 6 with value: 0.7.
[I 2025-05-04 17:52:40,464] Trial 23 finished with value: 0.65 and parameters: {'C': 0.0714292482037106, 'penalty': 'l2'}. Best is trial 6 with value: 0.7.
[I 2025-05-04 17:52:40,485] Trial 24 finished with value: 0.55 and parameters: {'C': 0.31729293407138326, 'penalty': 'l2'}. Best is trial 6 with value: 0.7.
[I 2025-05-04 17:52:40,512] Trial 25 finished with value: 0.65 and parameters: {'C': 0.0028547130364030542, 'penalty': 'l2'}. Best is trial 6 with value: 0.7.
[I 2025-05-04 17:52:40,544] Trial 26 finished with value: 0.7 and parameters: {'C': 0.02480458099514794, 'penalty': 'l2'}. Best is trial 6 with value: 0.7.
[I 2025-05-04 17:52:40,564] Trial 27 finished with value: 0.7 and parameters: {'C': 0.007555399484644131, 'penalty': 'l2'}. Best is trial 6 with value: 0.7.
[I 2025-05-04 17:52:40,585] Trial 28 finished with value: 0.65 and parameters: {'C': 0.08288857939061096, 'penalty': 'l2'}. Best is trial 6 with value: 0.7.
[I 2025-05-04 17:52:40,615] Trial 29 finished with value: 0.55 and parameters: {'C': 0.29896855596028865, 'penalty': 'l2'}. Best is trial 6 with value: 0.7.
[I 2025-05-04 17:52:43,587] A new study created in memory with name: mlp
Parámetros guardados en checkpoint_shoppers_Dlatent_Roriginal_ft/k-means/best_models_k-means_seed_2/logreg_best_params.json


>>> Optuna tuning mlp


/data/home/rtabares/anaconda3/envs/pyth3.12/lib/python3.12/site-packages/sklearn/neural_network/_multilayer_perceptron.py:691: ConvergenceWarning: Stochastic Optimizer: Maximum iterations (50) reached and the optimization hasn't converged yet.
  warnings.warn(
/data/home/rtabares/anaconda3/envs/pyth3.12/lib/python3.12/site-packages/sklearn/neural_network/_multilayer_perceptron.py:691: ConvergenceWarning: Stochastic Optimizer: Maximum iterations (50) reached and the optimization hasn't converged yet.
  warnings.warn(
/data/home/rtabares/anaconda3/envs/pyth3.12/lib/python3.12/site-packages/sklearn/neural_network/_multilayer_perceptron.py:691: ConvergenceWarning: Stochastic Optimizer: Maximum iterations (50) reached and the optimization hasn't converged yet.
  warnings.warn(
/data/home/rtabares/anaconda3/envs/pyth3.12/lib/python3.12/site-packages/sklearn/neural_network/_multilayer_perceptron.py:691: ConvergenceWarning: Stochastic Optimizer: Maximum iterations (50) reached and the optimization hasn't converged yet.
  warnings.warn(
/data/home/rtabares/anaconda3/envs/pyth3.12/lib/python3.12/site-packages/sklearn/neural_network/_multilayer_perceptron.py:691: ConvergenceWarning: Stochastic Optimizer: Maximum iterations (50) reached and the optimization hasn't converged yet.
  warnings.warn(
