[I 2025-05-04 17:26:58,367] Trial 1 finished with value: 0.5 and parameters: {'n_estimators': 269, 'max_depth': 14, 'min_samples_split': 5, 'min_samples_leaf': 9}. Best is trial 0 with value: 0.95.
[I 2025-05-04 17:26:58,936] Trial 2 finished with value: 1.0 and parameters: {'n_estimators': 486, 'max_depth': 9, 'min_samples_split': 9, 'min_samples_leaf': 6}. Best is trial 2 with value: 1.0.
[I 2025-05-04 17:26:59,317] Trial 3 finished with value: 1.0 and parameters: {'n_estimators': 327, 'max_depth': 19, 'min_samples_split': 2, 'min_samples_leaf': 1}. Best is trial 2 with value: 1.0.
[I 2025-05-04 17:26:59,445] Trial 4 finished with value: 0.5 and parameters: {'n_estimators': 108, 'max_depth': 17, 'min_samples_split': 9, 'min_samples_leaf': 9}. Best is trial 2 with value: 1.0.
[I 2025-05-04 17:26:59,967] Trial 5 finished with value: 0.5 and parameters: {'n_estimators': 492, 'max_depth': 17, 'min_samples_split': 6, 'min_samples_leaf': 8}. Best is trial 2 with value: 1.0.
[I 2025-05-04 17:27:00,187] Trial 6 finished with value: 0.5 and parameters: {'n_estimators': 147, 'max_depth': 14, 'min_samples_split': 3, 'min_samples_leaf': 10}. Best is trial 2 with value: 1.0.
[I 2025-05-04 17:27:00,517] Trial 7 finished with value: 0.5 and parameters: {'n_estimators': 309, 'max_depth': 10, 'min_samples_split': 4, 'min_samples_leaf': 8}. Best is trial 2 with value: 1.0.
[I 2025-05-04 17:27:00,929] Trial 8 finished with value: 0.5 and parameters: {'n_estimators': 282, 'max_depth': 13, 'min_samples_split': 2, 'min_samples_leaf': 7}. Best is trial 2 with value: 1.0.
[I 2025-05-04 17:27:01,330] Trial 9 finished with value: 0.7 and parameters: {'n_estimators': 345, 'max_depth': 14, 'min_samples_split': 10, 'min_samples_leaf': 7}. Best is trial 2 with value: 1.0.
[I 2025-05-04 17:27:01,889] Trial 10 finished with value: 1.0 and parameters: {'n_estimators': 487, 'max_depth': 5, 'min_samples_split': 8, 'min_samples_leaf': 3}. Best is trial 2 with value: 1.0.
[I 2025-05-04 17:27:02,999] Trial 11 finished with value: 1.0 and parameters: {'n_estimators': 412, 'max_depth': 20, 'min_samples_split': 7, 'min_samples_leaf': 2}. Best is trial 2 with value: 1.0.
[I 2025-05-04 17:27:04,100] Trial 12 finished with value: 1.0 and parameters: {'n_estimators': 410, 'max_depth': 9, 'min_samples_split': 10, 'min_samples_leaf': 4}. Best is trial 2 with value: 1.0.
[I 2025-05-04 17:27:05,050] Trial 13 finished with value: 1.0 and parameters: {'n_estimators': 233, 'max_depth': 6, 'min_samples_split': 2, 'min_samples_leaf': 1}. Best is trial 2 with value: 1.0.
[I 2025-05-04 17:27:05,538] Trial 14 finished with value: 1.0 and parameters: {'n_estimators': 419, 'max_depth': 8, 'min_samples_split': 5, 'min_samples_leaf': 5}. Best is trial 2 with value: 1.0.
[I 2025-05-04 17:27:05,815] Trial 15 finished with value: 1.0 and parameters: {'n_estimators': 194, 'max_depth': 3, 'min_samples_split': 8, 'min_samples_leaf': 4}. Best is trial 2 with value: 1.0.
[I 2025-05-04 17:27:06,263] Trial 16 finished with value: 1.0 and parameters: {'n_estimators': 368, 'max_depth': 20, 'min_samples_split': 4, 'min_samples_leaf': 1}. Best is trial 2 with value: 1.0.
[I 2025-05-04 17:27:06,812] Trial 17 finished with value: 1.0 and parameters: {'n_estimators': 449, 'max_depth': 11, 'min_samples_split': 9, 'min_samples_leaf': 5}. Best is trial 2 with value: 1.0.
[I 2025-05-04 17:27:07,258] Trial 18 finished with value: 1.0 and parameters: {'n_estimators': 372, 'max_depth': 8, 'min_samples_split': 6, 'min_samples_leaf': 3}. Best is trial 2 with value: 1.0.
[I 2025-05-04 17:27:07,504] Trial 19 finished with value: 0.85 and parameters: {'n_estimators': 214, 'max_depth': 17, 'min_samples_split': 3, 'min_samples_leaf': 6}. Best is trial 2 with value: 1.0.
[I 2025-05-04 17:27:07,798] Trial 20 finished with value: 1.0 and parameters: {'n_estimators': 256, 'max_depth': 12, 'min_samples_split': 8, 'min_samples_leaf': 3}. Best is trial 2 with value: 1.0.
[I 2025-05-04 17:27:08,316] Trial 21 finished with value: 1.0 and parameters: {'n_estimators': 493, 'max_depth': 5, 'min_samples_split': 8, 'min_samples_leaf': 2}. Best is trial 2 with value: 1.0.
[I 2025-05-04 17:27:08,868] Trial 22 finished with value: 1.0 and parameters: {'n_estimators': 470, 'max_depth': 6, 'min_samples_split': 9, 'min_samples_leaf': 2}. Best is trial 2 with value: 1.0.
[I 2025-05-04 17:27:09,387] Trial 23 finished with value: 1.0 and parameters: {'n_estimators': 444, 'max_depth': 4, 'min_samples_split': 7, 'min_samples_leaf': 4}. Best is trial 2 with value: 1.0.
[I 2025-05-04 17:27:09,846] Trial 24 finished with value: 1.0 and parameters: {'n_estimators': 382, 'max_depth': 7, 'min_samples_split': 10, 'min_samples_leaf': 1}. Best is trial 2 with value: 1.0.
[I 2025-05-04 17:27:10,375] Trial 25 finished with value: 1.0 and parameters: {'n_estimators': 456, 'max_depth': 3, 'min_samples_split': 8, 'min_samples_leaf': 3}. Best is trial 2 with value: 1.0.
[I 2025-05-04 17:27:10,935] Trial 26 finished with value: 1.0 and parameters: {'n_estimators': 500, 'max_depth': 10, 'min_samples_split': 9, 'min_samples_leaf': 2}. Best is trial 2 with value: 1.0.
[I 2025-05-04 17:27:11,385] Trial 27 finished with value: 1.0 and parameters: {'n_estimators': 333, 'max_depth': 5, 'min_samples_split': 7, 'min_samples_leaf': 5}. Best is trial 2 with value: 1.0.
[I 2025-05-04 17:27:11,904] Trial 28 finished with value: 1.0 and parameters: {'n_estimators': 428, 'max_depth': 8, 'min_samples_split': 5, 'min_samples_leaf': 3}. Best is trial 2 with value: 1.0.
[I 2025-05-04 17:27:12,150] Trial 29 finished with value: 1.0 and parameters: {'n_estimators': 173, 'max_depth': 18, 'min_samples_split': 7, 'min_samples_leaf': 6}. Best is trial 2 with value: 1.0.
[I 2025-05-04 17:27:16,071] A new study created in memory with name: svc
Parámetros guardados en checkpoint_shoppers_Dlatent_Roriginal_ft/lc/best_models_lc_seed_0/rf_best_params.json


>>> Optuna tuning svc


[I 2025-05-04 17:27:18,284] Trial 0 finished with value: 0.95 and parameters: {'C': 1.5676677195506077, 'gamma': 0.07257005721594278}. Best is trial 0 with value: 0.95.
[I 2025-05-04 17:27:18,444] Trial 1 finished with value: 1.0 and parameters: {'C': 2.57663857461359, 'gamma': 0.01511933646764101}. Best is trial 1 with value: 1.0.
[I 2025-05-04 17:27:18,460] Trial 2 finished with value: 0.95 and parameters: {'C': 0.49501595537331966, 'gamma': 0.03833332156156663}. Best is trial 1 with value: 1.0.
[I 2025-05-04 17:27:18,483] Trial 3 finished with value: 0.75 and parameters: {'C': 0.5627932047415171, 'gamma': 0.36905577292137587}. Best is trial 1 with value: 1.0.
[I 2025-05-04 17:27:18,498] Trial 4 finished with value: 1.0 and parameters: {'C': 71.55682161754872, 'gamma': 0.0034179529120610124}. Best is trial 1 with value: 1.0.
[I 2025-05-04 17:27:18,512] Trial 5 finished with value: 1.0 and parameters: {'C': 14.68588598920087, 'gamma': 0.013049073550362394}. Best is trial 1 with value: 1.0.
[I 2025-05-04 17:27:18,527] Trial 6 finished with value: 0.8 and parameters: {'C': 1.871450068624068, 'gamma': 0.503948959867121}. Best is trial 1 with value: 1.0.
[I 2025-05-04 17:27:18,541] Trial 7 finished with value: 0.8 and parameters: {'C': 0.0192373050965465, 'gamma': 0.00022310905607443037}. Best is trial 1 with value: 1.0.
[I 2025-05-04 17:27:18,556] Trial 8 finished with value: 0.8 and parameters: {'C': 0.012046852412030323, 'gamma': 0.2140323314098606}. Best is trial 1 with value: 1.0.
[I 2025-05-04 17:27:18,569] Trial 9 finished with value: 0.8 and parameters: {'C': 12.960656597279739, 'gamma': 0.3020289640158664}. Best is trial 1 with value: 1.0.
[I 2025-05-04 17:27:18,594] Trial 10 finished with value: 0.8 and parameters: {'C': 0.2253293004027043, 'gamma': 0.0014453557297830738}. Best is trial 1 with value: 1.0.
[I 2025-05-04 17:27:19,252] Trial 11 finished with value: 1.0 and parameters: {'C': 64.73110838099895, 'gamma': 0.002992764643229054}. Best is trial 1 with value: 1.0.
[I 2025-05-04 17:27:19,890] Trial 12 finished with value: 1.0 and parameters: {'C': 62.67878593618876, 'gamma': 0.003716012988683667}. Best is trial 1 with value: 1.0.
[I 2025-05-04 17:27:19,914] Trial 13 finished with value: 0.9 and parameters: {'C': 8.593887243148714, 'gamma': 0.0009298293467191782}. Best is trial 1 with value: 1.0.
[I 2025-05-04 17:27:19,935] Trial 14 finished with value: 0.9 and parameters: {'C': 0.08761372221435054, 'gamma': 0.015312037181582899}. Best is trial 1 with value: 1.0.
[I 2025-05-04 17:27:19,958] Trial 15 finished with value: 0.8 and parameters: {'C': 4.554786832478524, 'gamma': 0.0003054359838006441}. Best is trial 1 with value: 1.0.
[I 2025-05-04 17:27:19,984] Trial 16 finished with value: 1.0 and parameters: {'C': 99.27946948569365, 'gamma': 0.045814844072681854}. Best is trial 1 with value: 1.0.
[I 2025-05-04 17:27:20,008] Trial 17 finished with value: 1.0 and parameters: {'C': 37.49037330238133, 'gamma': 0.0056417640933553986}. Best is trial 1 with value: 1.0.
[I 2025-05-04 17:27:20,029] Trial 18 finished with value: 0.8 and parameters: {'C': 4.093131800504732, 'gamma': 0.0005933770302948174}. Best is trial 1 with value: 1.0.
[I 2025-05-04 17:27:20,049] Trial 19 finished with value: 0.95 and parameters: {'C': 0.07544014664338816, 'gamma': 0.016132894698734856}. Best is trial 1 with value: 1.0.
[I 2025-05-04 17:27:20,073] Trial 20 finished with value: 0.95 and parameters: {'C': 26.820315369792755, 'gamma': 0.07597931937072043}. Best is trial 1 with value: 1.0.
[I 2025-05-04 17:27:20,105] Trial 21 finished with value: 1.0 and parameters: {'C': 16.371690121733433, 'gamma': 0.009028990005636542}. Best is trial 1 with value: 1.0.
[I 2025-05-04 17:27:20,742] Trial 22 finished with value: 0.95 and parameters: {'C': 5.226061366197421, 'gamma': 0.0019846631779717786}. Best is trial 1 with value: 1.0.
[I 2025-05-04 17:27:20,762] Trial 23 finished with value: 1.0 and parameters: {'C': 25.43878669599455, 'gamma': 0.02189837764057967}. Best is trial 1 with value: 1.0.
[I 2025-05-04 17:27:21,401] Trial 24 finished with value: 1.0 and parameters: {'C': 2.8587940398656957, 'gamma': 0.009213898130684024}. Best is trial 1 with value: 1.0.
[I 2025-05-04 17:27:21,426] Trial 25 finished with value: 0.95 and parameters: {'C': 8.244145608629648, 'gamma': 0.1341797980568321}. Best is trial 1 with value: 1.0.
[I 2025-05-04 17:27:21,447] Trial 26 finished with value: 1.0 and parameters: {'C': 15.666316031167803, 'gamma': 0.005167345102806107}. Best is trial 1 with value: 1.0.
[I 2025-05-04 17:27:21,469] Trial 27 finished with value: 0.8 and parameters: {'C': 43.28404877893703, 'gamma': 0.00010378236697772809}. Best is trial 1 with value: 1.0.
[I 2025-05-04 17:27:21,491] Trial 28 finished with value: 0.6 and parameters: {'C': 0.9916688777748662, 'gamma': 0.8967381549523696}. Best is trial 1 with value: 1.0.
[I 2025-05-04 17:27:21,516] Trial 29 finished with value: 1.0 and parameters: {'C': 1.9896519827914376, 'gamma': 0.030658507254728316}. Best is trial 1 with value: 1.0.
[I 2025-05-04 17:27:25,625] A new study created in memory with name: logreg
Parámetros guardados en checkpoint_shoppers_Dlatent_Roriginal_ft/lc/best_models_lc_seed_0/svc_best_params.json


>>> Optuna tuning logreg


[I 2025-05-04 17:27:26,437] Trial 0 finished with value: 1.0 and parameters: {'C': 0.5547119471592125, 'penalty': 'l2'}. Best is trial 0 with value: 1.0.
[I 2025-05-04 17:27:26,462] Trial 1 finished with value: 1.0 and parameters: {'C': 3.7665768415992953, 'penalty': 'l2'}. Best is trial 0 with value: 1.0.
[I 2025-05-04 17:27:26,487] Trial 2 finished with value: 1.0 and parameters: {'C': 1.032326035197657, 'penalty': 'l2'}. Best is trial 0 with value: 1.0.
[I 2025-05-04 17:27:26,512] Trial 3 finished with value: 1.0 and parameters: {'C': 0.530170934757683, 'penalty': 'l2'}. Best is trial 0 with value: 1.0.
[I 2025-05-04 17:27:26,527] Trial 4 finished with value: 1.0 and parameters: {'C': 0.13130280280658593, 'penalty': 'l2'}. Best is trial 0 with value: 1.0.
[I 2025-05-04 17:27:26,540] Trial 5 finished with value: 1.0 and parameters: {'C': 1.6961746387290997, 'penalty': 'l2'}. Best is trial 0 with value: 1.0.
[I 2025-05-04 17:27:26,555] Trial 6 finished with value: 1.0 and parameters: {'C': 0.15414734761917095, 'penalty': 'l2'}. Best is trial 0 with value: 1.0.
[I 2025-05-04 17:27:26,568] Trial 7 finished with value: 1.0 and parameters: {'C': 28.765041432546976, 'penalty': 'l2'}. Best is trial 0 with value: 1.0.
[I 2025-05-04 17:27:26,583] Trial 8 finished with value: 1.0 and parameters: {'C': 65.81332043291806, 'penalty': 'l2'}. Best is trial 0 with value: 1.0.
[I 2025-05-04 17:27:26,597] Trial 9 finished with value: 1.0 and parameters: {'C': 0.08264328927007726, 'penalty': 'l2'}. Best is trial 0 with value: 1.0.
[I 2025-05-04 17:27:26,625] Trial 10 finished with value: 0.95 and parameters: {'C': 0.002101331318459542, 'penalty': 'l2'}. Best is trial 0 with value: 1.0.
[I 2025-05-04 17:27:27,279] Trial 11 finished with value: 1.0 and parameters: {'C': 4.633367351841861, 'penalty': 'l2'}. Best is trial 0 with value: 1.0.
[I 2025-05-04 17:27:27,974] Trial 12 finished with value: 1.0 and parameters: {'C': 10.055405308640239, 'penalty': 'l2'}. Best is trial 0 with value: 1.0.
[I 2025-05-04 17:27:28,006] Trial 13 finished with value: 0.95 and parameters: {'C': 0.014425984023162081, 'penalty': 'l2'}. Best is trial 0 with value: 1.0.
[I 2025-05-04 17:27:28,026] Trial 14 finished with value: 1.0 and parameters: {'C': 7.846424245061355, 'penalty': 'l2'}. Best is trial 0 with value: 1.0.
[I 2025-05-04 17:27:28,044] Trial 15 finished with value: 0.95 and parameters: {'C': 0.029806594166772525, 'penalty': 'l2'}. Best is trial 0 with value: 1.0.
[I 2025-05-04 17:27:28,061] Trial 16 finished with value: 1.0 and parameters: {'C': 2.0720884860217788, 'penalty': 'l2'}. Best is trial 0 with value: 1.0.
[I 2025-05-04 17:27:28,088] Trial 17 finished with value: 1.0 and parameters: {'C': 0.3861233938158251, 'penalty': 'l2'}. Best is trial 0 with value: 1.0.
[I 2025-05-04 17:27:28,107] Trial 18 finished with value: 0.95 and parameters: {'C': 0.0011621032755888918, 'penalty': 'l2'}. Best is trial 0 with value: 1.0.
[I 2025-05-04 17:27:28,125] Trial 19 finished with value: 1.0 and parameters: {'C': 19.99434203114988, 'penalty': 'l2'}. Best is trial 0 with value: 1.0.
[I 2025-05-04 17:27:28,152] Trial 20 finished with value: 0.95 and parameters: {'C': 0.011597651184764121, 'penalty': 'l2'}. Best is trial 0 with value: 1.0.
[I 2025-05-04 17:27:28,168] Trial 21 finished with value: 1.0 and parameters: {'C': 1.100291514185267, 'penalty': 'l2'}. Best is trial 0 with value: 1.0.
[I 2025-05-04 17:27:28,191] Trial 22 finished with value: 1.0 and parameters: {'C': 0.853564303721541, 'penalty': 'l2'}. Best is trial 0 with value: 1.0.
[I 2025-05-04 17:27:28,207] Trial 23 finished with value: 1.0 and parameters: {'C': 2.5745296139400353, 'penalty': 'l2'}. Best is trial 0 with value: 1.0.
[I 2025-05-04 17:27:28,224] Trial 24 finished with value: 1.0 and parameters: {'C': 0.3864647968234187, 'penalty': 'l2'}. Best is trial 0 with value: 1.0.
[I 2025-05-04 17:27:28,240] Trial 25 finished with value: 1.0 and parameters: {'C': 3.6470576843411724, 'penalty': 'l2'}. Best is trial 0 with value: 1.0.
[I 2025-05-04 17:27:28,257] Trial 26 finished with value: 1.0 and parameters: {'C': 0.06123441009874352, 'penalty': 'l2'}. Best is trial 0 with value: 1.0.
[I 2025-05-04 17:27:28,274] Trial 27 finished with value: 1.0 and parameters: {'C': 0.25979968690531413, 'penalty': 'l2'}. Best is trial 0 with value: 1.0.
[I 2025-05-04 17:27:28,292] Trial 28 finished with value: 1.0 and parameters: {'C': 10.85710515584724, 'penalty': 'l2'}. Best is trial 0 with value: 1.0.
[I 2025-05-04 17:27:28,321] Trial 29 finished with value: 1.0 and parameters: {'C': 0.6131209571120881, 'penalty': 'l2'}. Best is trial 0 with value: 1.0.
[I 2025-05-04 17:27:31,485] A new study created in memory with name: mlp
Parámetros guardados en checkpoint_shoppers_Dlatent_Roriginal_ft/lc/best_models_lc_seed_0/logreg_best_params.json


>>> Optuna tuning mlp


/data/home/rtabares/anaconda3/envs/pyth3.12/lib/python3.12/site-packages/sklearn/neural_network/_multilayer_perceptron.py:691: ConvergenceWarning: Stochastic Optimizer: Maximum iterations (50) reached and the optimization hasn't converged yet.
  warnings.warn(
/data/home/rtabares/anaconda3/envs/pyth3.12/lib/python3.12/site-packages/sklearn/neural_network/_multilayer_perceptron.py:691: ConvergenceWarning: Stochastic Optimizer: Maximum iterations (50) reached and the optimization hasn't converged yet.
  warnings.warn(
/data/home/rtabares/anaconda3/envs/pyth3.12/lib/python3.12/site-packages/sklearn/neural_network/_multilayer_perceptron.py:691: ConvergenceWarning: Stochastic Optimizer: Maximum iterations (50) reached and the optimization hasn't converged yet.
  warnings.warn(
/data/home/rtabares/anaconda3/envs/pyth3.12/lib/python3.12/site-packages/sklearn/neural_network/_multilayer_perceptron.py:691: ConvergenceWarning: Stochastic Optimizer: Maximum iterations (50) reached and the optimization hasn't converged yet.
  warnings.warn(
/data/home/rtabares/anaconda3/envs/pyth3.12/lib/python3.12/site-packages/sklearn/neural_network/_multilayer_perceptron.py:691: ConvergenceWarning: Stochastic Optimizer: Maximum iterations (50) reached and the optimization hasn't converged yet.
  warnings.warn(
[I 2025-05-04 17:27:33,784] Trial 0 finished with value: 1.0 and parameters: {'hidden_layer_sizes': (200,), 'max_iter': 50, 'alpha': 0.0001}. Best is trial 0 with value: 1.0.
/data/home/rtabares/anaconda3/envs/pyth3.12/lib/python3.12/site-packages/sklearn/neural_network/_multilayer_perceptron.py:691: ConvergenceWarning: Stochastic Optimizer: Maximum iterations (50) reached and the optimization hasn't converged yet.
  warnings.warn(
/data/home/rtabares/anaconda3/envs/pyth3.12/lib/python3.12/site-packages/sklearn/neural_network/_multilayer_perceptron.py:691: ConvergenceWarning: Stochastic Optimizer: Maximum iterations (50) reached and the optimization hasn't converged yet.
  warnings.warn(
/data/home/rtabares/anaconda3/envs/pyth3.12/lib/python3.12/site-packages/sklearn/neural_network/_multilayer_perceptron.py:691: ConvergenceWarning: Stochastic Optimizer: Maximum iterations (50) reached and the optimization hasn't converged yet.
  warnings.warn(
/data/home/rtabares/anaconda3/envs/pyth3.12/lib/python3.12/site-packages/sklearn/neural_network/_multilayer_perceptron.py:691: ConvergenceWarning: Stochastic Optimizer: Maximum iterations (50) reached and the optimization hasn't converged yet.
  warnings.warn(
/data/home/rtabares/anaconda3/envs/pyth3.12/lib/python3.12/site-packages/sklearn/neural_network/_multilayer_perceptron.py:691: ConvergenceWarning: Stochastic Optimizer: Maximum iterations (50) reached and the optimization hasn't converged yet.
  warnings.warn(
[I 2025-05-04 17:27:33,959] Trial 1 finished with value: 1.0 and parameters: {'hidden_layer_sizes': (200,), 'max_iter': 50, 'alpha': 0.001}. Best is trial 0 with value: 1.0.
/data/home/rtabares/anaconda3/envs/pyth3.12/lib/python3.12/site-packages/sklearn/neural_network/_multilayer_perceptron.py:691: ConvergenceWarning: Stochastic Optimizer: Maximum iterations (50) reached and the optimization hasn't converged yet.
  warnings.warn(
/data/home/rtabares/anaconda3/envs/pyth3.12/lib/python3.12/site-packages/sklearn/neural_network/_multilayer_perceptron.py:691: ConvergenceWarning: Stochastic Optimizer: Maximum iterations (50) reached and the optimization hasn't converged yet.
  warnings.warn(
/data/home/rtabares/anaconda3/envs/pyth3.12/lib/python3.12/site-packages/sklearn/neural_network/_multilayer_perceptron.py:691: ConvergenceWarning: Stochastic Optimizer: Maximum iterations (50) reached and the optimization hasn't converged yet.
  warnings.warn(
/data/home/rtabares/anaconda3/envs/pyth3.12/lib/python3.12/site-packages/sklearn/neural_network/_multilayer_perceptron.py:691: ConvergenceWarning: Stochastic Optimizer: Maximum iterations (50) reached and the optimization hasn't converged yet.
  warnings.warn(
/data/home/rtabares/anaconda3/envs/pyth3.12/lib/python3.12/site-packages/sklearn/neural_network/_multilayer_perceptron.py:691: ConvergenceWarning: Stochastic Optimizer: Maximum iterations (50) reached and the optimization hasn't converged yet.
  warnings.warn(
[I 2025-05-04 17:27:34,014] Trial 2 finished with value: 1.0 and parameters: {'hidden_layer_sizes': (200,), 'max_iter': 50, 'alpha': 0.001}. Best is trial 0 with value: 1.0.
/data/home/rtabares/anaconda3/envs/pyth3.12/lib/python3.12/site-packages/sklearn/neural_network/_multilayer_perceptron.py:691: ConvergenceWarning: Stochastic Optimizer: Maximum iterations (100) reached and the optimization hasn't converged yet.
  warnings.warn(
/data/home/rtabares/anaconda3/envs/pyth3.12/lib/python3.12/site-packages/sklearn/neural_network/_multilayer_perceptron.py:691: ConvergenceWarning: Stochastic Optimizer: Maximum iterations (100) reached and the optimization hasn't converged yet.
  warnings.warn(
/data/home/rtabares/anaconda3/envs/pyth3.12/lib/python3.12/site-packages/sklearn/neural_network/_multilayer_perceptron.py:691: ConvergenceWarning: Stochastic Optimizer: Maximum iterations (100) reached and the optimization hasn't converged yet.
  warnings.warn(
/data/home/rtabares/anaconda3/envs/pyth3.12/lib/python3.12/site-packages/sklearn/neural_network/_multilayer_perceptron.py:691: ConvergenceWarning: Stochastic Optimizer: Maximum iterations (100) reached and the optimization hasn't converged yet.
  warnings.warn(
/data/home/rtabares/anaconda3/envs/pyth3.12/lib/python3.12/site-packages/sklearn/neural_network/_multilayer_perceptron.py:691: ConvergenceWarning: Stochastic Optimizer: Maximum iterations (100) reached and the optimization hasn't converged yet.
  warnings.warn(
