[I 2025-05-05 21:02:19,203] Trial 29 finished with value: 0.55 and parameters: {'hidden_layer_sizes': (200,), 'max_iter': 50, 'alpha': 0.001}. Best is trial 1 with value: 0.7.
/data/home/rtabares/anaconda3/envs/pyth3.12/lib/python3.12/site-packages/xgboost/core.py:377: FutureWarning: Your system has an old version of glibc (< 2.28). We will stop supporting Linux distros with glibc older than 2.28 after **May 31, 2025**. Please upgrade to a recent Linux distro (with glibc >= 2.28) to use future versions of XGBoost.
Note: You have installed the 'manylinux2014' variant of XGBoost. Certain features such as GPU algorithms or federated learning are not available. To use these features, please upgrade to a recent Linux distro with glibc 2.28+, and install the 'manylinux_2_28' variant.
  warnings.warn(
Parámetros guardados en checkpoint_shoppers_Dlatent_Roriginal_ft_A/random/IPC_10/best_models_random_seed_1/mlp_best_params.json
Categoricas entrenamiento:  7
Datos unicos de y_train:  [False  True]
Datos unicos de y_train luego:  [0 1]
No se creó ClassifierHead (num_classes no proporcionado o <= 0).
ModelVAE(
  (VAE): VAE(
    (Tokenizer): Tokenizer(
      (categorical_embeddings): Embedding(65, 4)
    )
    (encoder_mu): Transformer(
      (layers): ModuleList(
        (0): ModuleDict(
          (attention): MultiheadAttention(
            (W_q): Linear(in_features=4, out_features=4, bias=True)
            (W_k): Linear(in_features=4, out_features=4, bias=True)
            (W_v): Linear(in_features=4, out_features=4, bias=True)
            (W_out): Linear(in_features=4, out_features=4, bias=True)
          )
          (linear0): Linear(in_features=4, out_features=128, bias=True)
          (linear1): Linear(in_features=128, out_features=4, bias=True)
          (norm1): LayerNorm((4,), eps=1e-05, elementwise_affine=True)
        )
      )
      (activation): ReLU()
      (last_activation): ReLU()
      (last_normalization): LayerNorm((4,), eps=1e-05, elementwise_affine=True)
      (head): Linear(in_features=4, out_features=4, bias=True)
    )
    (encoder_logvar): Transformer(
      (layers): ModuleList(
        (0): ModuleDict(
          (attention): MultiheadAttention(
            (W_q): Linear(in_features=4, out_features=4, bias=True)
            (W_k): Linear(in_features=4, out_features=4, bias=True)
            (W_v): Linear(in_features=4, out_features=4, bias=True)
            (W_out): Linear(in_features=4, out_features=4, bias=True)
          )
          (linear0): Linear(in_features=4, out_features=128, bias=True)
          (linear1): Linear(in_features=128, out_features=4, bias=True)
          (norm1): LayerNorm((4,), eps=1e-05, elementwise_affine=True)
        )
      )
      (activation): ReLU()
      (last_activation): ReLU()
      (last_normalization): LayerNorm((4,), eps=1e-05, elementwise_affine=True)
      (head): Linear(in_features=4, out_features=4, bias=True)
    )
    (decoder): Transformer(
      (layers): ModuleList(
        (0): ModuleDict(
          (attention): MultiheadAttention(
            (W_q): Linear(in_features=4, out_features=4, bias=True)
            (W_k): Linear(in_features=4, out_features=4, bias=True)
            (W_v): Linear(in_features=4, out_features=4, bias=True)
            (W_out): Linear(in_features=4, out_features=4, bias=True)
          )
          (linear0): Linear(in_features=4, out_features=128, bias=True)
          (linear1): Linear(in_features=128, out_features=4, bias=True)
          (norm1): LayerNorm((4,), eps=1e-05, elementwise_affine=True)
        )
      )
      (activation): ReLU()
      (last_activation): ReLU()
      (last_normalization): LayerNorm((4,), eps=1e-05, elementwise_affine=True)
      (head): Linear(in_features=4, out_features=4, bias=True)
    )
  )
  (Reconstructor): Reconstructor(
    (cat_recons): ModuleList(
      (0): Linear(in_features=4, out_features=10, bias=True)
      (1): Linear(in_features=4, out_features=8, bias=True)
      (2): Linear(in_features=4, out_features=13, bias=True)
      (3): Linear(in_features=4, out_features=9, bias=True)
      (4): Linear(in_features=4, out_features=20, bias=True)
      (5): Linear(in_features=4, out_features=3, bias=True)
      (6): Linear(in_features=4, out_features=2, bias=True)
    )
  )
)
  0%|          | 0/3 [00:00<?, ?it/s] 33%|███▎      | 1/3 [00:00<00:00,  2.88it/s]100%|██████████| 3/3 [00:00<00:00,  6.32it/s]
Epoch 001/3000 Train Loss: 3.157234 (MSE:1.181947, CE:1.963511, KLD:0.245302)  Val Loss: 7.752379 (MSE:4.695326, CE:1.832434, KLD:25.510881)
  0%|          | 0/3 [00:00<?, ?it/s] 33%|███▎      | 1/3 [00:00<00:00,  2.86it/s]100%|██████████| 3/3 [00:00<00:00,  6.24it/s]
Epoch 002/3000 Train Loss: 2.615215 (MSE:0.843887, CE:1.745040, KLD:0.547633)  Val Loss: 6.534186 (MSE:4.562910, CE:1.644157, KLD:6.814443)
  0%|          | 0/3 [00:00<?, ?it/s] 33%|███▎      | 1/3 [00:00<00:00,  2.75it/s]100%|██████████| 3/3 [00:00<00:00,  5.88it/s]
Epoch 003/3000 Train Loss: 2.299542 (MSE:0.685454, CE:1.561268, KLD:1.100315)  Val Loss: 2.247290 (MSE:0.658483, CE:1.408245, KLD:3.761428)
  0%|          | 0/3 [00:00<?, ?it/s] 33%|███▎      | 1/3 [00:00<00:00,  2.72it/s]100%|██████████| 3/3 [00:00<00:00,  6.10it/s]
Epoch 004/3000 Train Loss: 1.971762 (MSE:0.533337, CE:1.354015, KLD:1.758401)  Val Loss: 2.017963 (MSE:0.650789, CE:1.210773, KLD:3.258093)
  0%|          | 0/3 [00:00<?, ?it/s] 33%|███▎      | 1/3 [00:00<00:00,  2.92it/s]100%|██████████| 3/3 [00:00<00:00,  6.25it/s]
Epoch 005/3000 Train Loss: 1.730089 (MSE:0.436908, CE:1.178018, KLD:2.399016)  Val Loss: 2.195155 (MSE:0.964481, CE:1.069391, KLD:3.359792)
  0%|          | 0/3 [00:00<?, ?it/s] 33%|███▎      | 1/3 [00:00<00:00,  2.85it/s]100%|██████████| 3/3 [00:00<00:00,  6.13it/s]
Epoch 006/3000 Train Loss: 1.538241 (MSE:0.364637, CE:1.038057, KLD:2.823672)  Val Loss: 1.936674 (MSE:0.837905, CE:0.937228, KLD:3.365170)
  0%|          | 0/3 [00:00<?, ?it/s] 33%|███▎      | 1/3 [00:00<00:00,  2.99it/s]100%|██████████| 3/3 [00:00<00:00,  6.53it/s]
Epoch 007/3000 Train Loss: 1.329779 (MSE:0.276529, CE:0.910617, KLD:2.971285)  Val Loss: 1.342246 (MSE:0.368165, CE:0.815424, KLD:3.305093)
  0%|          | 0/3 [00:00<?, ?it/s] 33%|███▎      | 1/3 [00:00<00:00,  2.99it/s]100%|██████████| 3/3 [00:00<00:00,  6.71it/s]
Epoch 008/3000 Train Loss: 1.135560 (MSE:0.203797, CE:0.788062, KLD:2.993516)  Val Loss: 1.440783 (MSE:0.597061, CE:0.688545, KLD:3.232608)
  0%|          | 0/3 [00:00<?, ?it/s] 33%|███▎      | 1/3 [00:00<00:00,  3.00it/s]100%|██████████| 3/3 [00:00<00:00,  5.98it/s]
Epoch 009/3000 Train Loss: 0.960135 (MSE:0.157067, CE:0.657448, KLD:3.033524)  Val Loss: 1.004525 (MSE:0.272544, CE:0.573760, KLD:3.295997)
  0%|          | 0/3 [00:00<?, ?it/s] 33%|███▎      | 1/3 [00:00<00:00,  3.02it/s]100%|██████████| 3/3 [00:00<00:00,  6.70it/s]
Epoch 010/3000 Train Loss: 0.831615 (MSE:0.136406, CE:0.542931, KLD:3.172193)  Val Loss: 1.165258 (MSE:0.525768, CE:0.476508, KLD:3.395177)
  0%|          | 0/3 [00:00<?, ?it/s] 33%|███▎      | 1/3 [00:00<00:00,  2.99it/s]100%|██████████| 3/3 [00:00<00:00,  6.40it/s]
Epoch 011/3000 Train Loss: 0.725635 (MSE:0.115574, CE:0.453217, KLD:3.267325)  Val Loss: 0.716468 (MSE:0.149804, CE:0.401887, KLD:3.432578)
  0%|          | 0/3 [00:00<?, ?it/s] 33%|███▎      | 1/3 [00:00<00:00,  3.06it/s]100%|██████████| 3/3 [00:00<00:00,  6.67it/s]
Epoch 012/3000 Train Loss: 0.641006 (MSE:0.093781, CE:0.388956, KLD:3.296999)  Val Loss: 0.635866 (MSE:0.125373, CE:0.345393, KLD:3.439307)
  0%|          | 0/3 [00:00<?, ?it/s] 33%|███▎      | 1/3 [00:00<00:00,  3.09it/s]100%|██████████| 3/3 [00:00<00:00,  6.73it/s]
Epoch 013/3000 Train Loss: 0.576376 (MSE:0.083777, CE:0.334808, KLD:3.287045)  Val Loss: 1.128004 (MSE:0.659877, CE:0.303623, KLD:3.426915)
  0%|          | 0/3 [00:00<?, ?it/s] 33%|███▎      | 1/3 [00:00<00:00,  2.96it/s]100%|██████████| 3/3 [00:00<00:00,  6.47it/s]
Epoch 014/3000 Train Loss: 0.522091 (MSE:0.073907, CE:0.293039, KLD:3.231942)  Val Loss: 0.555829 (MSE:0.124788, CE:0.269166, KLD:3.372118)
  0%|          | 0/3 [00:00<?, ?it/s] 33%|███▎      | 1/3 [00:00<00:00,  2.93it/s]100%|██████████| 3/3 [00:00<00:00,  6.42it/s]
Epoch 015/3000 Train Loss: 0.474988 (MSE:0.065596, CE:0.259916, KLD:3.113834)  Val Loss: 0.877103 (MSE:0.473987, CE:0.242687, KLD:3.342006)
  0%|          | 0/3 [00:00<?, ?it/s] 33%|███▎      | 1/3 [00:00<00:00,  2.82it/s]100%|██████████| 3/3 [00:00<00:00,  6.28it/s]
Epoch 016/3000 Train Loss: 0.433478 (MSE:0.059937, CE:0.229548, KLD:2.999606)  Val Loss: 0.837361 (MSE:0.459553, CE:0.212546, KLD:3.442688)
  0%|          | 0/3 [00:00<?, ?it/s] 33%|███▎      | 1/3 [00:00<00:00,  2.97it/s]100%|██████████| 3/3 [00:00<00:00,  6.59it/s]
Epoch 017/3000 Train Loss: 0.395768 (MSE:0.052252, CE:0.204107, KLD:2.904128)  Val Loss: 2.995187 (MSE:2.600271, CE:0.209071, KLD:3.871447)
  0%|          | 0/3 [00:00<?, ?it/s] 33%|███▎      | 1/3 [00:00<00:00,  2.88it/s]100%|██████████| 3/3 [00:00<00:00,  6.34it/s]
Epoch 018/3000 Train Loss: 0.371263 (MSE:0.052218, CE:0.182969, KLD:2.834693)  Val Loss: 0.850468 (MSE:0.475487, CE:0.173186, KLD:4.203713)
  0%|          | 0/3 [00:00<?, ?it/s] 33%|███▎      | 1/3 [00:00<00:00,  3.04it/s]100%|██████████| 3/3 [00:00<00:00,  6.60it/s]
Epoch 019/3000 Train Loss: 0.345319 (MSE:0.046626, CE:0.164135, KLD:2.803094)  Val Loss: 2.165070 (MSE:1.811782, CE:0.159744, KLD:4.031852)
  0%|          | 0/3 [00:00<?, ?it/s] 33%|███▎      | 1/3 [00:00<00:00,  3.10it/s]100%|██████████| 3/3 [00:00<00:00,  6.57it/s]
Epoch 020/3000 Train Loss: 0.324357 (MSE:0.043374, CE:0.147318, KLD:2.784472)  Val Loss: 5.758488 (MSE:5.396943, CE:0.166661, KLD:4.059765)
  0%|          | 0/3 [00:00<?, ?it/s] 33%|███▎      | 1/3 [00:00<00:00,  3.09it/s]100%|██████████| 3/3 [00:00<00:00,  6.75it/s]
Epoch 021/3000 Train Loss: 0.306247 (MSE:0.040503, CE:0.134340, KLD:2.737369)  Val Loss: 11.495996 (MSE:11.102437, CE:0.184557, KLD:4.353862)
  0%|          | 0/3 [00:00<?, ?it/s] 33%|███▎      | 1/3 [00:00<00:00,  3.05it/s]100%|██████████| 3/3 [00:00<00:00,  6.26it/s]
Epoch 022/3000 Train Loss: 0.292379 (MSE:0.040473, CE:0.123985, KLD:2.664798)  Val Loss: 12.779948 (MSE:12.374976, CE:0.166861, KLD:4.960244)
  0%|          | 0/3 [00:00<?, ?it/s] 33%|███▎      | 1/3 [00:00<00:00,  3.06it/s]100%|██████████| 3/3 [00:00<00:00,  6.63it/s]
Epoch 023/3000 Train Loss: 0.277214 (MSE:0.038675, CE:0.114076, KLD:2.592752)  Val Loss: 0.474842 (MSE:0.140025, CE:0.112147, KLD:4.638573)
  0%|          | 0/3 [00:00<?, ?it/s] 33%|███▎      | 1/3 [00:00<00:00,  3.18it/s]100%|██████████| 3/3 [00:00<00:00,  6.86it/s]
Epoch 024/3000 Train Loss: 0.265354 (MSE:0.039415, CE:0.104192, KLD:2.536197)  Val Loss: 0.334919 (MSE:0.069830, CE:0.098489, KLD:3.470569)
  0%|          | 0/3 [00:00<?, ?it/s] 33%|███▎      | 1/3 [00:00<00:00,  3.09it/s]100%|██████████| 3/3 [00:00<00:00,  6.79it/s]
Epoch 025/3000 Train Loss: 0.248760 (MSE:0.033626, CE:0.094419, KLD:2.514691)  Val Loss: 0.483951 (MSE:0.251090, CE:0.092830, KLD:2.917081)
  0%|          | 0/3 [00:00<?, ?it/s] 33%|███▎      | 1/3 [00:00<00:00,  3.03it/s]100%|██████████| 3/3 [00:00<00:00,  6.47it/s]
Epoch 026/3000 Train Loss: 0.235564 (MSE:0.030916, CE:0.086022, KLD:2.471173)  Val Loss: 0.538844 (MSE:0.321406, CE:0.088522, KLD:2.685531)
  0%|          | 0/3 [00:00<?, ?it/s] 33%|███▎      | 1/3 [00:00<00:00,  2.97it/s]100%|██████████| 3/3 [00:00<00:00,  6.41it/s]
Epoch 027/3000 Train Loss: 0.224147 (MSE:0.030122, CE:0.078486, KLD:2.406874)  Val Loss: 0.551040 (MSE:0.347112, CE:0.079354, KLD:2.595069)
  0%|          | 0/3 [00:00<?, ?it/s] 33%|███▎      | 1/3 [00:00<00:00,  2.93it/s]100%|██████████| 3/3 [00:00<00:00,  5.78it/s]
Epoch 028/3000 Train Loss: 0.212608 (MSE:0.028209, CE:0.071097, KLD:2.360274)  Val Loss: 1.259024 (MSE:1.052772, CE:0.084323, KLD:2.539995)
  0%|          | 0/3 [00:00<?, ?it/s] 33%|███▎      | 1/3 [00:00<00:00,  2.11it/s]100%|██████████| 3/3 [00:00<00:00,  4.56it/s]
Epoch 029/3000 Train Loss: 0.204921 (MSE:0.029189, CE:0.065076, KLD:2.305152)  Val Loss: 1.068601 (MSE:0.871120, CE:0.076495, KLD:2.520354)
  0%|          | 0/3 [00:00<?, ?it/s] 33%|███▎      | 1/3 [00:00<00:00,  2.00it/s]100%|██████████| 3/3 [00:00<00:00,  4.48it/s]
Epoch 030/3000 Train Loss: 0.205012 (MSE:0.036283, CE:0.059868, KLD:2.267746)  Val Loss: 1.525609 (MSE:1.328796, CE:0.075089, KLD:2.535707)
  0%|          | 0/3 [00:00<?, ?it/s] 33%|███▎      | 1/3 [00:00<00:00,  2.00it/s]100%|██████████| 3/3 [00:00<00:00,  4.49it/s]
Epoch 031/3000 Train Loss: 0.203237 (MSE:0.039563, CE:0.056552, KLD:2.231523)  Val Loss: 0.309518 (MSE:0.128476, CE:0.059547, KLD:2.530944)
  0%|          | 0/3 [00:00<?, ?it/s] 33%|███▎      | 1/3 [00:00<00:00,  2.63it/s]100%|██████████| 3/3 [00:00<00:00,  5.48it/s]
Epoch 032/3000 Train Loss: 0.190659 (MSE:0.033189, CE:0.051723, KLD:2.202869)  Val Loss: 0.844247 (MSE:0.651129, CE:0.071143, KLD:2.540941)
  0%|          | 0/3 [00:00<?, ?it/s] 33%|███▎      | 1/3 [00:00<00:00,  2.81it/s]100%|██████████| 3/3 [00:00<00:00,  6.19it/s]
Epoch 033/3000 Train Loss: 0.181394 (MSE:0.029717, CE:0.047527, KLD:2.169641)  Val Loss: 0.451035 (MSE:0.277172, CE:0.052929, KLD:2.519261)
  0%|          | 0/3 [00:00<?, ?it/s] 33%|███▎      | 1/3 [00:00<00:00,  2.99it/s]100%|██████████| 3/3 [00:00<00:00,  6.55it/s]
Epoch 034/3000 Train Loss: 0.174729 (MSE:0.027313, CE:0.046248, KLD:2.107492)  Val Loss: 9.759151 (MSE:9.563640, CE:0.074995, KLD:2.510556)
  0%|          | 0/3 [00:00<?, ?it/s] 33%|███▎      | 1/3 [00:00<00:00,  2.94it/s]100%|██████████| 3/3 [00:00<00:00,  6.41it/s]
Epoch 035/3000 Train Loss: 0.168544 (MSE:0.027095, CE:0.042501, KLD:2.061239)  Val Loss: 6.942885 (MSE:6.719529, CE:0.102710, KLD:2.513262)
  0%|          | 0/3 [00:00<?, ?it/s] 33%|███▎      | 1/3 [00:00<00:00,  2.83it/s]100%|██████████| 3/3 [00:00<00:00,  6.24it/s]
Epoch 036/3000 Train Loss: 0.163871 (MSE:0.026234, CE:0.039862, KLD:2.036821)  Val Loss: 0.974481 (MSE:0.805878, CE:0.046580, KLD:2.541934)
  0%|          | 0/3 [00:00<?, ?it/s] 33%|███▎      | 1/3 [00:00<00:00,  2.89it/s]100%|██████████| 3/3 [00:00<00:00,  6.26it/s]
Epoch 037/3000 Train Loss: 0.159669 (MSE:0.026318, CE:0.037194, KLD:2.003122)  Val Loss: 0.972325 (MSE:0.795670, CE:0.056210, KLD:2.509065)
  0%|          | 0/3 [00:00<?, ?it/s] 33%|███▎      | 1/3 [00:00<00:00,  2.91it/s]100%|██████████| 3/3 [00:00<00:00,  6.35it/s]
Epoch 038/3000 Train Loss: 0.154916 (MSE:0.024422, CE:0.035281, KLD:1.983453)  Val Loss: 5.396761 (MSE:5.193996, CE:0.085165, KLD:2.449807)
  0%|          | 0/3 [00:00<?, ?it/s] 33%|███▎      | 1/3 [00:00<00:00,  2.95it/s]100%|██████████| 3/3 [00:00<00:00,  6.48it/s]
Epoch 039/3000 Train Loss: 0.150021 (MSE:0.022820, CE:0.033127, KLD:1.959732)  Val Loss: 1.786539 (MSE:1.606200, CE:0.064036, KLD:2.422782)
  0%|          | 0/3 [00:00<?, ?it/s] 33%|███▎      | 1/3 [00:00<00:00,  2.98it/s]100%|██████████| 3/3 [00:00<00:00,  6.52it/s]
Epoch 040/3000 Train Loss: 0.146736 (MSE:0.022143, CE:0.031591, KLD:1.937392)  Val Loss: 2.810491 (MSE:2.635604, CE:0.061119, KLD:2.369978)
  0%|          | 0/3 [00:00<?, ?it/s] 33%|███▎      | 1/3 [00:00<00:00,  2.76it/s]100%|██████████| 3/3 [00:00<00:00,  5.81it/s]
Epoch 041/3000 Train Loss: 0.143289 (MSE:0.022406, CE:0.029161, KLD:1.910731)  Val Loss: 0.286481 (MSE:0.140021, CE:0.035840, KLD:2.304409)
  0%|          | 0/3 [00:00<?, ?it/s] 33%|███▎      | 1/3 [00:00<00:00,  3.04it/s]100%|██████████| 3/3 [00:00<00:00,  6.53it/s]
Epoch 042/3000 Train Loss: 0.139360 (MSE:0.021384, CE:0.027936, KLD:1.875662)  Val Loss: 12.286954 (MSE:12.051209, CE:0.126343, KLD:2.279019)
  0%|          | 0/3 [00:00<?, ?it/s] 33%|███▎      | 1/3 [00:00<00:00,  2.97it/s]100%|██████████| 3/3 [00:00<00:00,  6.46it/s]
Epoch 043/3000 Train Loss: 0.136930 (MSE:0.021784, CE:0.026399, KLD:1.848743)  Val Loss: 9.667722 (MSE:9.489545, CE:0.070059, KLD:2.252280)
  0%|          | 0/3 [00:00<?, ?it/s] 33%|███▎      | 1/3 [00:00<00:00,  3.05it/s]100%|██████████| 3/3 [00:00<00:00,  6.72it/s]
Epoch 044/3000 Train Loss: 0.133989 (MSE:0.021149, CE:0.024716, KLD:1.835773)  Val Loss: 10.215512 (MSE:10.028422, CE:0.081039, KLD:2.209214)
  0%|          | 0/3 [00:00<?, ?it/s] 33%|███▎      | 1/3 [00:00<00:00,  3.02it/s]100%|██████████| 3/3 [00:00<00:00,  6.39it/s]
Epoch 045/3000 Train Loss: 0.130965 (MSE:0.020229, CE:0.023250, KLD:1.822464)  Val Loss: 1.126655 (MSE:0.964522, CE:0.057601, KLD:2.177568)
  0%|          | 0/3 [00:00<?, ?it/s] 33%|███▎      | 1/3 [00:00<00:00,  3.02it/s]100%|██████████| 3/3 [00:00<00:00,  6.36it/s]
Epoch 046/3000 Train Loss: 0.128757 (MSE:0.020085, CE:0.022246, KLD:1.800390)  Val Loss: 0.208964 (MSE:0.074079, CE:0.031832, KLD:2.146755)
  0%|          | 0/3 [00:00<?, ?it/s] 33%|███▎      | 1/3 [00:00<00:00,  3.25it/s]100%|██████████| 3/3 [00:00<00:00,  6.91it/s]
Epoch 047/3000 Train Loss: 0.125944 (MSE:0.019415, CE:0.021066, KLD:1.780347)  Val Loss: 0.190325 (MSE:0.066018, CE:0.023204, KLD:2.106134)
  0%|          | 0/3 [00:00<?, ?it/s] 33%|███▎      | 1/3 [00:00<00:00,  2.97it/s]100%|██████████| 3/3 [00:00<00:00,  6.19it/s]
Epoch 048/3000 Train Loss: 0.123866 (MSE:0.019178, CE:0.020289, KLD:1.758167)  Val Loss: 0.548127 (MSE:0.420218, CE:0.028237, KLD:2.076329)
  0%|          | 0/3 [00:00<?, ?it/s] 33%|███▎      | 1/3 [00:00<00:00,  2.97it/s]100%|██████████| 3/3 [00:00<00:00,  6.57it/s]
Epoch 049/3000 Train Loss: 0.123063 (MSE:0.019960, CE:0.019389, KLD:1.743906)  Val Loss: 1.685027 (MSE:1.557111, CE:0.030070, KLD:2.038304)
  0%|          | 0/3 [00:00<?, ?it/s] 33%|███▎      | 1/3 [00:00<00:00,  3.02it/s]100%|██████████| 3/3 [00:00<00:00,  6.50it/s]
Epoch 050/3000 Train Loss: 0.119839 (MSE:0.018434, CE:0.018236, KLD:1.732536)  Val Loss: 6.308859 (MSE:6.078292, CE:0.135537, KLD:1.979635)
  0%|          | 0/3 [00:00<?, ?it/s] 33%|███▎      | 1/3 [00:00<00:00,  2.99it/s]100%|██████████| 3/3 [00:00<00:00,  6.38it/s]
Epoch 051/3000 Train Loss: 0.118098 (MSE:0.018098, CE:0.017501, KLD:1.718593)  Val Loss: 0.229713 (MSE:0.110723, CE:0.025732, KLD:1.942709)
  0%|          | 0/3 [00:00<?, ?it/s] 33%|███▎      | 1/3 [00:00<00:00,  2.86it/s]100%|██████████| 3/3 [00:00<00:00,  6.26it/s]
Epoch 052/3000 Train Loss: 0.116397 (MSE:0.017772, CE:0.016626, KLD:1.708199)  Val Loss: 1.311363 (MSE:1.191109, CE:0.028846, KLD:1.904176)
  0%|          | 0/3 [00:00<?, ?it/s] 33%|███▎      | 1/3 [00:00<00:00,  2.87it/s]100%|██████████| 3/3 [00:00<00:00,  6.34it/s]
Epoch 053/3000 Train Loss: 0.114994 (MSE:0.017826, CE:0.016198, KLD:1.686740)  Val Loss: 0.234618 (MSE:0.123904, CE:0.020842, KLD:1.872188)
  0%|          | 0/3 [00:00<?, ?it/s] 33%|███▎      | 1/3 [00:00<00:00,  2.93it/s]100%|██████████| 3/3 [00:00<00:00,  6.43it/s]
Epoch 054/3000 Train Loss: 0.114076 (MSE:0.018159, CE:0.015749, KLD:1.670045)  Val Loss: 0.236454 (MSE:0.122927, CE:0.024764, KLD:1.849102)
  0%|          | 0/3 [00:00<?, ?it/s] 33%|███▎      | 1/3 [00:00<00:00,  3.13it/s]100%|██████████| 3/3 [00:00<00:00,  6.91it/s]
Epoch 055/3000 Train Loss: 0.112532 (MSE:0.017985, CE:0.015179, KLD:1.653379)  Val Loss: 0.394247 (MSE:0.286679, CE:0.022903, KLD:1.763714)
  0%|          | 0/3 [00:00<?, ?it/s] 33%|███▎      | 1/3 [00:00<00:00,  2.96it/s]100%|██████████| 3/3 [00:00<00:00,  6.06it/s]
Epoch 056/3000 Train Loss: 0.111154 (MSE:0.017732, CE:0.014630, KLD:1.641370)  Val Loss: 1.379077 (MSE:1.271244, CE:0.025620, KLD:1.712640)
  0%|          | 0/3 [00:00<?, ?it/s] 33%|███▎      | 1/3 [00:00<00:00,  2.98it/s]100%|██████████| 3/3 [00:00<00:00,  6.72it/s]
Epoch 057/3000 Train Loss: 0.109771 (MSE:0.017436, CE:0.014170, KLD:1.628315)  Val Loss: 0.123634 (MSE:0.028175, CE:0.014645, KLD:1.683486)
  0%|          | 0/3 [00:00<?, ?it/s] 33%|███▎      | 1/3 [00:00<00:00,  3.06it/s]100%|██████████| 3/3 [00:00<00:00,  6.71it/s]
Epoch 058/3000 Train Loss: 0.109292 (MSE:0.017409, CE:0.013798, KLD:1.626644)  Val Loss: 0.168728 (MSE:0.074002, CE:0.015099, KLD:1.658754)
  0%|          | 0/3 [00:00<?, ?it/s] 33%|███▎      | 1/3 [00:00<00:00,  3.03it/s]100%|██████████| 3/3 [00:00<00:00,  6.45it/s]
Epoch 059/3000 Train Loss: 0.107495 (MSE:0.016518, CE:0.013279, KLD:1.618572)  Val Loss: 0.532550 (MSE:0.428281, CE:0.025881, KLD:1.632957)
  0%|          | 0/3 [00:00<?, ?it/s] 33%|███▎      | 1/3 [00:00<00:00,  3.12it/s]100%|██████████| 3/3 [00:00<00:00,  6.69it/s]
Epoch 060/3000 Train Loss: 0.107324 (MSE:0.017746, CE:0.012959, KLD:1.596099)  Val Loss: 0.120448 (MSE:0.028498, CE:0.014380, KLD:1.615916)
  0%|          | 0/3 [00:00<?, ?it/s] 33%|███▎      | 1/3 [00:00<00:00,  3.04it/s]100%|██████████| 3/3 [00:00<00:00,  6.65it/s]
Epoch 061/3000 Train Loss: 0.105640 (MSE:0.017013, CE:0.012675, KLD:1.582209)  Val Loss: 0.130474 (MSE:0.038709, CE:0.014718, KLD:1.604994)
  0%|          | 0/3 [00:00<?, ?it/s] 33%|███▎      | 1/3 [00:00<00:00,  2.97it/s]100%|██████████| 3/3 [00:00<00:00,  6.71it/s]
Epoch 062/3000 Train Loss: 0.105334 (MSE:0.017332, CE:0.012485, KLD:1.573143)  Val Loss: 0.286640 (MSE:0.191205, CE:0.018874, KLD:1.594885)
  0%|          | 0/3 [00:00<?, ?it/s] 33%|███▎      | 1/3 [00:00<00:00,  2.86it/s]100%|██████████| 3/3 [00:00<00:00,  6.14it/s]
Epoch 063/3000 Train Loss: 0.103002 (MSE:0.016139, CE:0.011891, KLD:1.561805)  Val Loss: 0.156163 (MSE:0.061579, CE:0.019134, KLD:1.571765)
  0%|          | 0/3 [00:00<?, ?it/s] 33%|███▎      | 1/3 [00:00<00:00,  2.84it/s]100%|██████████| 3/3 [00:00<00:00,  6.28it/s]
Epoch 064/3000 Train Loss: 0.102227 (MSE:0.016418, CE:0.011990, KLD:1.537772)  Val Loss: 0.220938 (MSE:0.122775, CE:0.023804, KLD:1.549015)
  0%|          | 0/3 [00:00<?, ?it/s] 33%|███▎      | 1/3 [00:00<00:00,  2.95it/s]100%|██████████| 3/3 [00:00<00:00,  6.13it/s]
Epoch 065/3000 Train Loss: 0.101106 (MSE:0.016612, CE:0.011546, KLD:1.519638)  Val Loss: 0.123117 (MSE:0.033518, CE:0.015521, KLD:1.543151)
  0%|          | 0/3 [00:00<?, ?it/s] 33%|███▎      | 1/3 [00:00<00:00,  3.07it/s]100%|██████