[I 2025-05-05 20:35:29,411] Trial 9 finished with value: 0.95 and parameters: {'n_estimators': 100, 'max_depth': 5, 'gamma': 0.18454645968259753, 'subsample': 0.7879732477780896, 'colsample_bytree': 0.964648098788107}. Best is trial 2 with value: 0.95.
/data/home/rtabares/anaconda3/envs/pyth3.12/lib/python3.12/site-packages/xgboost/core.py:377: FutureWarning: Your system has an old version of glibc (< 2.28). We will stop supporting Linux distros with glibc older than 2.28 after **May 31, 2025**. Please upgrade to a recent Linux distro (with glibc >= 2.28) to use future versions of XGBoost.
Note: You have installed the 'manylinux2014' variant of XGBoost. Certain features such as GPU algorithms or federated learning are not available. To use these features, please upgrade to a recent Linux distro with glibc 2.28+, and install the 'manylinux_2_28' variant.
  warnings.warn(
/data/home/rtabares/anaconda3/envs/pyth3.12/lib/python3.12/site-packages/xgboost/core.py:377: FutureWarning: Your system has an old version of glibc (< 2.28). We will stop supporting Linux distros with glibc older than 2.28 after **May 31, 2025**. Please upgrade to a recent Linux distro (with glibc >= 2.28) to use future versions of XGBoost.
Note: You have installed the 'manylinux2014' variant of XGBoost. Certain features such as GPU algorithms or federated learning are not available. To use these features, please upgrade to a recent Linux distro with glibc 2.28+, and install the 'manylinux_2_28' variant.
  warnings.warn(
[I 2025-05-05 20:35:29,469] Trial 10 finished with value: 0.9 and parameters: {'n_estimators': 100, 'max_depth': 5, 'gamma': 0.9575004347741041, 'subsample': 0.7932037667045787, 'colsample_bytree': 0.5138613466239843}. Best is trial 2 with value: 0.95.
/data/home/rtabares/anaconda3/envs/pyth3.12/lib/python3.12/site-packages/xgboost/core.py:377: FutureWarning: Your system has an old version of glibc (< 2.28). We will stop supporting Linux distros with glibc older than 2.28 after **May 31, 2025**. Please upgrade to a recent Linux distro (with glibc >= 2.28) to use future versions of XGBoost.
Note: You have installed the 'manylinux2014' variant of XGBoost. Certain features such as GPU algorithms or federated learning are not available. To use these features, please upgrade to a recent Linux distro with glibc 2.28+, and install the 'manylinux_2_28' variant.
  warnings.warn(
/data/home/rtabares/anaconda3/envs/pyth3.12/lib/python3.12/site-packages/xgboost/core.py:377: FutureWarning: Your system has an old version of glibc (< 2.28). We will stop supporting Linux distros with glibc older than 2.28 after **May 31, 2025**. Please upgrade to a recent Linux distro (with glibc >= 2.28) to use future versions of XGBoost.
Note: You have installed the 'manylinux2014' variant of XGBoost. Certain features such as GPU algorithms or federated learning are not available. To use these features, please upgrade to a recent Linux distro with glibc 2.28+, and install the 'manylinux_2_28' variant.
  warnings.warn(
[I 2025-05-05 20:35:30,146] Trial 11 finished with value: 0.95 and parameters: {'n_estimators': 100, 'max_depth': 5, 'gamma': 0.34387707850564075, 'subsample': 0.6676165384970966, 'colsample_bytree': 0.633996766178915}. Best is trial 2 with value: 0.95.
/data/home/rtabares/anaconda3/envs/pyth3.12/lib/python3.12/site-packages/xgboost/core.py:377: FutureWarning: Your system has an old version of glibc (< 2.28). We will stop supporting Linux distros with glibc older than 2.28 after **May 31, 2025**. Please upgrade to a recent Linux distro (with glibc >= 2.28) to use future versions of XGBoost.
Note: You have installed the 'manylinux2014' variant of XGBoost. Certain features such as GPU algorithms or federated learning are not available. To use these features, please upgrade to a recent Linux distro with glibc 2.28+, and install the 'manylinux_2_28' variant.
  warnings.warn(
[I 2025-05-05 20:35:30,822] Trial 12 finished with value: 0.9 and parameters: {'n_estimators': 100, 'max_depth': 20, 'gamma': 0.3457238740142877, 'subsample': 0.6960227357380889, 'colsample_bytree': 0.7256319099158575}. Best is trial 2 with value: 0.95.
[I 2025-05-05 20:35:30,863] Trial 13 finished with value: 0.9 and parameters: {'n_estimators': 100, 'max_depth': 20, 'gamma': 0.10503714528662239, 'subsample': 0.8460530054249992, 'colsample_bytree': 0.8793945620107586}. Best is trial 2 with value: 0.95.
/data/home/rtabares/anaconda3/envs/pyth3.12/lib/python3.12/site-packages/xgboost/core.py:377: FutureWarning: Your system has an old version of glibc (< 2.28). We will stop supporting Linux distros with glibc older than 2.28 after **May 31, 2025**. Please upgrade to a recent Linux distro (with glibc >= 2.28) to use future versions of XGBoost.
Note: You have installed the 'manylinux2014' variant of XGBoost. Certain features such as GPU algorithms or federated learning are not available. To use these features, please upgrade to a recent Linux distro with glibc 2.28+, and install the 'manylinux_2_28' variant.
  warnings.warn(
[I 2025-05-05 20:35:31,538] Trial 14 finished with value: 0.9 and parameters: {'n_estimators': 100, 'max_depth': 5, 'gamma': 0.3089721294895873, 'subsample': 0.6145675528645281, 'colsample_bytree': 0.6085825486330015}. Best is trial 2 with value: 0.95.
/data/home/rtabares/anaconda3/envs/pyth3.12/lib/python3.12/site-packages/xgboost/core.py:377: FutureWarning: Your system has an old version of glibc (< 2.28). We will stop supporting Linux distros with glibc older than 2.28 after **May 31, 2025**. Please upgrade to a recent Linux distro (with glibc >= 2.28) to use future versions of XGBoost.
Note: You have installed the 'manylinux2014' variant of XGBoost. Certain features such as GPU algorithms or federated learning are not available. To use these features, please upgrade to a recent Linux distro with glibc 2.28+, and install the 'manylinux_2_28' variant.
  warnings.warn(
[I 2025-05-05 20:35:32,332] Trial 15 finished with value: 0.9 and parameters: {'n_estimators': 40, 'max_depth': 20, 'gamma': 0.6939013549961883, 'subsample': 0.885843817158344, 'colsample_bytree': 0.8043243870551021}. Best is trial 2 with value: 0.95.
[I 2025-05-05 20:35:32,408] Trial 16 finished with value: 0.95 and parameters: {'n_estimators': 100, 'max_depth': 5, 'gamma': 0.2694167692537707, 'subsample': 0.7187239835861995, 'colsample_bytree': 0.6874733300241003}. Best is trial 2 with value: 0.95.
/data/home/rtabares/anaconda3/envs/pyth3.12/lib/python3.12/site-packages/xgboost/core.py:377: FutureWarning: Your system has an old version of glibc (< 2.28). We will stop supporting Linux distros with glibc older than 2.28 after **May 31, 2025**. Please upgrade to a recent Linux distro (with glibc >= 2.28) to use future versions of XGBoost.
Note: You have installed the 'manylinux2014' variant of XGBoost. Certain features such as GPU algorithms or federated learning are not available. To use these features, please upgrade to a recent Linux distro with glibc 2.28+, and install the 'manylinux_2_28' variant.
  warnings.warn(
[I 2025-05-05 20:35:33,493] Trial 17 finished with value: 0.95 and parameters: {'n_estimators': 100, 'max_depth': 20, 'gamma': 0.4421473234289407, 'subsample': 0.6330978090902923, 'colsample_bytree': 0.5797282374167483}. Best is trial 2 with value: 0.95.
[I 2025-05-05 20:35:33,531] Trial 18 finished with value: 0.95 and parameters: {'n_estimators': 40, 'max_depth': 5, 'gamma': 0.10007214202551606, 'subsample': 0.7719054771608646, 'colsample_bytree': 0.768979170523582}. Best is trial 2 with value: 0.95.
[I 2025-05-05 20:35:33,561] Trial 19 finished with value: 0.9 and parameters: {'n_estimators': 10, 'max_depth': 30, 'gamma': 0.9139816169885828, 'subsample': 0.8445978662774624, 'colsample_bytree': 0.889414936089644}. Best is trial 2 with value: 0.95.
[I 2025-05-05 20:35:33,620] Trial 20 finished with value: 0.95 and parameters: {'n_estimators': 100, 'max_depth': 5, 'gamma': 0.24523422731156225, 'subsample': 0.5857974907837935, 'colsample_bytree': 0.5044835419676065}. Best is trial 2 with value: 0.95.
[I 2025-05-05 20:35:33,665] Trial 21 finished with value: 0.95 and parameters: {'n_estimators': 100, 'max_depth': 30, 'gamma': 0.20101240312505272, 'subsample': 0.9116148792279947, 'colsample_bytree': 0.7380295840149014}. Best is trial 2 with value: 0.95.
[I 2025-05-05 20:35:33,719] Trial 22 finished with value: 0.9 and parameters: {'n_estimators': 100, 'max_depth': 30, 'gamma': 0.4330689791884545, 'subsample': 0.9662151687849917, 'colsample_bytree': 0.7017023251457872}. Best is trial 2 with value: 0.95.
[I 2025-05-05 20:35:33,767] Trial 23 finished with value: 0.95 and parameters: {'n_estimators': 100, 'max_depth': 30, 'gamma': 0.17078322994369077, 'subsample': 0.8375004280544803, 'colsample_bytree': 0.773761132315533}. Best is trial 2 with value: 0.95.
[I 2025-05-05 20:35:33,804] Trial 24 finished with value: 0.95 and parameters: {'n_estimators': 100, 'max_depth': 30, 'gamma': 0.27656079140511713, 'subsample': 0.7257583630437033, 'colsample_bytree': 0.8495054228930109}. Best is trial 2 with value: 0.95.
[I 2025-05-05 20:35:33,859] Trial 25 finished with value: 0.95 and parameters: {'n_estimators': 100, 'max_depth': 30, 'gamma': 0.41355408028708485, 'subsample': 0.9025181977323364, 'colsample_bytree': 0.6639586691385142}. Best is trial 2 with value: 0.95.
[I 2025-05-05 20:35:33,914] Trial 26 finished with value: 0.95 and parameters: {'n_estimators': 100, 'max_depth': 20, 'gamma': 0.22407058919678066, 'subsample': 0.6538131821742373, 'colsample_bytree': 0.574683736964085}. Best is trial 2 with value: 0.95.
[I 2025-05-05 20:35:33,973] Trial 27 finished with value: 0.9 and parameters: {'n_estimators': 100, 'max_depth': 5, 'gamma': 0.5844508593848257, 'subsample': 0.993772977471856, 'colsample_bytree': 0.9147234224721489}. Best is trial 2 with value: 0.95.
[I 2025-05-05 20:35:34,010] Trial 28 finished with value: 0.9 and parameters: {'n_estimators': 40, 'max_depth': 20, 'gamma': 0.13980086208443276, 'subsample': 0.7543596577830869, 'colsample_bytree': 0.787398944001857}. Best is trial 2 with value: 0.95.
[I 2025-05-05 20:35:34,048] Trial 29 finished with value: 0.9 and parameters: {'n_estimators': 10, 'max_depth': 30, 'gamma': 0.29822937373443836, 'subsample': 0.9312377117900236, 'colsample_bytree': 0.985648797474109}. Best is trial 2 with value: 0.95.
[I 2025-05-05 20:35:59,543] A new study created in memory with name: rf
Parámetros guardados en checkpoint_shoppers_Dlatent_Roriginal_ft_A/random/IPC_10/best_models_random_seed_0/xgb_best_params.json


>>> Optuna tuning rf metodo random IPC 10 seed 0


[I 2025-05-05 20:36:01,131] Trial 0 finished with value: 0.7 and parameters: {'n_estimators': 320, 'max_depth': 15, 'min_samples_split': 7, 'min_samples_leaf': 6}. Best is trial 0 with value: 0.7.
[I 2025-05-05 20:36:01,844] Trial 1 finished with value: 0.5 and parameters: {'n_estimators': 269, 'max_depth': 14, 'min_samples_split': 5, 'min_samples_leaf': 9}. Best is trial 0 with value: 0.7.
[I 2025-05-05 20:36:02,723] Trial 2 finished with value: 0.7 and parameters: {'n_estimators': 486, 'max_depth': 9, 'min_samples_split': 9, 'min_samples_leaf': 6}. Best is trial 0 with value: 0.7.
[I 2025-05-05 20:36:03,350] Trial 3 finished with value: 0.75 and parameters: {'n_estimators': 327, 'max_depth': 19, 'min_samples_split': 2, 'min_samples_leaf': 1}. Best is trial 3 with value: 0.75.
[I 2025-05-05 20:36:03,668] Trial 4 finished with value: 0.5 and parameters: {'n_estimators': 108, 'max_depth': 17, 'min_samples_split': 9, 'min_samples_leaf': 9}. Best is trial 3 with value: 0.75.
[I 2025-05-05 20:36:04,497] Trial 5 finished with value: 0.5 and parameters: {'n_estimators': 492, 'max_depth': 17, 'min_samples_split': 6, 'min_samples_leaf': 8}. Best is trial 3 with value: 0.75.
[I 2025-05-05 20:36:04,852] Trial 6 finished with value: 0.5 and parameters: {'n_estimators': 147, 'max_depth': 14, 'min_samples_split': 3, 'min_samples_leaf': 10}. Best is trial 3 with value: 0.75.
[I 2025-05-05 20:36:05,450] Trial 7 finished with value: 0.5 and parameters: {'n_estimators': 309, 'max_depth': 10, 'min_samples_split': 4, 'min_samples_leaf': 8}. Best is trial 3 with value: 0.75.
[I 2025-05-05 20:36:06,040] Trial 8 finished with value: 0.5 and parameters: {'n_estimators': 282, 'max_depth': 13, 'min_samples_split': 2, 'min_samples_leaf': 7}. Best is trial 3 with value: 0.75.
[I 2025-05-05 20:36:06,771] Trial 9 finished with value: 0.5 and parameters: {'n_estimators': 345, 'max_depth': 14, 'min_samples_split': 10, 'min_samples_leaf': 7}. Best is trial 3 with value: 0.75.
[I 2025-05-05 20:36:07,561] Trial 10 finished with value: 0.75 and parameters: {'n_estimators': 407, 'max_depth': 5, 'min_samples_split': 2, 'min_samples_leaf': 1}. Best is trial 3 with value: 0.75.
[I 2025-05-05 20:36:09,267] Trial 11 finished with value: 0.75 and parameters: {'n_estimators': 389, 'max_depth': 4, 'min_samples_split': 2, 'min_samples_leaf': 1}. Best is trial 3 with value: 0.75.
[I 2025-05-05 20:36:11,239] Trial 12 finished with value: 0.8 and parameters: {'n_estimators': 410, 'max_depth': 20, 'min_samples_split': 4, 'min_samples_leaf': 1}. Best is trial 12 with value: 0.8.
[I 2025-05-05 20:36:12,608] Trial 13 finished with value: 0.75 and parameters: {'n_estimators': 233, 'max_depth': 20, 'min_samples_split': 4, 'min_samples_leaf': 3}. Best is trial 12 with value: 0.8.
[I 2025-05-05 20:36:13,494] Trial 14 finished with value: 0.75 and parameters: {'n_estimators': 416, 'max_depth': 20, 'min_samples_split': 4, 'min_samples_leaf': 3}. Best is trial 12 with value: 0.8.
[I 2025-05-05 20:36:14,071] Trial 15 finished with value: 0.8 and parameters: {'n_estimators': 215, 'max_depth': 18, 'min_samples_split': 6, 'min_samples_leaf': 3}. Best is trial 12 with value: 0.8.
[I 2025-05-05 20:36:14,496] Trial 16 finished with value: 0.75 and parameters: {'n_estimators': 213, 'max_depth': 17, 'min_samples_split': 7, 'min_samples_leaf': 3}. Best is trial 12 with value: 0.8.
[I 2025-05-05 20:36:14,933] Trial 17 finished with value: 0.7 and parameters: {'n_estimators': 196, 'max_depth': 7, 'min_samples_split': 6, 'min_samples_leaf': 4}. Best is trial 12 with value: 0.8.
[I 2025-05-05 20:36:15,705] Trial 18 finished with value: 0.75 and parameters: {'n_estimators': 441, 'max_depth': 18, 'min_samples_split': 7, 'min_samples_leaf': 4}. Best is trial 12 with value: 0.8.
[I 2025-05-05 20:36:16,226] Trial 19 finished with value: 0.65 and parameters: {'n_estimators': 169, 'max_depth': 12, 'min_samples_split': 5, 'min_samples_leaf': 2}. Best is trial 12 with value: 0.8.
[I 2025-05-05 20:36:16,901] Trial 20 finished with value: 0.75 and parameters: {'n_estimators': 249, 'max_depth': 18, 'min_samples_split': 5, 'min_samples_leaf': 4}. Best is trial 12 with value: 0.8.
[I 2025-05-05 20:36:17,749] Trial 21 finished with value: 0.8 and parameters: {'n_estimators': 373, 'max_depth': 20, 'min_samples_split': 3, 'min_samples_leaf': 1}. Best is trial 12 with value: 0.8.
[I 2025-05-05 20:36:18,413] Trial 22 finished with value: 0.75 and parameters: {'n_estimators': 353, 'max_depth': 20, 'min_samples_split': 3, 'min_samples_leaf': 2}. Best is trial 12 with value: 0.8.
[I 2025-05-05 20:36:19,121] Trial 23 finished with value: 0.7 and parameters: {'n_estimators': 372, 'max_depth': 16, 'min_samples_split': 3, 'min_samples_leaf': 2}. Best is trial 12 with value: 0.8.
[I 2025-05-05 20:36:20,118] Trial 24 finished with value: 0.7 and parameters: {'n_estimators': 443, 'max_depth': 18, 'min_samples_split': 4, 'min_samples_leaf': 1}. Best is trial 12 with value: 0.8.
[I 2025-05-05 20:36:20,917] Trial 25 finished with value: 0.75 and parameters: {'n_estimators': 440, 'max_depth': 20, 'min_samples_split': 8, 'min_samples_leaf': 2}. Best is trial 12 with value: 0.8.
[I 2025-05-05 20:36:21,776] Trial 26 finished with value: 0.8 and parameters: {'n_estimators': 375, 'max_depth': 16, 'min_samples_split': 5, 'min_samples_leaf': 5}. Best is trial 12 with value: 0.8.
[I 2025-05-05 20:36:22,524] Trial 27 finished with value: 0.75 and parameters: {'n_estimators': 290, 'max_depth': 19, 'min_samples_split': 6, 'min_samples_leaf': 3}. Best is trial 12 with value: 0.8.
[I 2025-05-05 20:36:23,473] Trial 28 finished with value: 0.8 and parameters: {'n_estimators': 470, 'max_depth': 19, 'min_samples_split': 3, 'min_samples_leaf': 2}. Best is trial 12 with value: 0.8.
[I 2025-05-05 20:36:24,098] Trial 29 finished with value: 0.6 and parameters: {'n_estimators': 326, 'max_depth': 15, 'min_samples_split': 8, 'min_samples_leaf': 5}. Best is trial 12 with value: 0.8.
[I 2025-05-05 20:36:29,513] A new study created in memory with name: svc
Parámetros guardados en checkpoint_shoppers_Dlatent_Roriginal_ft_A/random/IPC_10/best_models_random_seed_0/rf_best_params.json


>>> Optuna tuning svc metodo random IPC 10 seed 0


[I 2025-05-05 20:36:31,947] Trial 0 finished with value: 0.55 and parameters: {'C': 1.5676677195506077, 'gamma': 0.07257005721594278}. Best is trial 0 with value: 0.55.
[I 2025-05-05 20:36:32,084] Trial 1 finished with value: 0.6 and parameters: {'C': 2.57663857461359, 'gamma': 0.01511933646764101}. Best is trial 1 with value: 0.6.
[I 2025-05-05 20:36:32,099] Trial 2 finished with value: 0.55 and parameters: {'C': 0.49501595537331966, 'gamma': 0.03833332156156663}. Best is trial 1 with value: 0.6.
[I 2025-05-05 20:36:32,113] Trial 3 finished with value: 0.4 and parameters: {'C': 0.5627932047415171, 'gamma': 0.36905577292137587}. Best is trial 1 with value: 0.6.
[I 2025-05-05 20:36:32,126] Trial 4 finished with value: 0.65 and parameters: {'C': 71.55682161754872, 'gamma': 0.0034179529120610124}. Best is trial 4 with value: 0.65.
[I 2025-05-05 20:36:32,140] Trial 5 finished with value: 0.6 and parameters: {'C': 14.68588598920087, 'gamma': 0.013049073550362394}. Best is trial 4 with value: 0.65.
[I 2025-05-05 20:36:32,154] Trial 6 finished with value: 0.3 and parameters: {'C': 1.871450068624068, 'gamma': 0.503948959867121}. Best is trial 4 with value: 0.65.
[I 2025-05-05 20:36:32,167] Trial 7 finished with value: 0.65 and parameters: {'C': 0.0192373050965465, 'gamma': 0.00022310905607443037}. Best is trial 4 with value: 0.65.
[I 2025-05-05 20:36:32,180] Trial 8 finished with value: 0.45 and parameters: {'C': 0.012046852412030323, 'gamma': 0.2140323314098606}. Best is trial 4 with value: 0.65.
[I 2025-05-05 20:36:32,194] Trial 9 finished with value: 0.3 and parameters: {'C': 12.960656597279739, 'gamma': 0.3020289640158664}. Best is trial 4 with value: 0.65.
[I 2025-05-05 20:36:32,215] Trial 10 finished with value: 0.65 and parameters: {'C': 73.4267841645538, 'gamma': 0.0010357333193126517}. Best is trial 4 with value: 0.65.
[I 2025-05-05 20:36:33,270] Trial 11 finished with value: 0.65 and parameters: {'C': 0.012108081598113376, 'gamma': 0.00012027721754053574}. Best is trial 4 with value: 0.65.
[I 2025-05-05 20:36:34,206] Trial 12 finished with value: 0.65 and parameters: {'C': 0.07949898988446227, 'gamma': 0.0016709130329244305}. Best is trial 4 with value: 0.65.
[I 2025-05-05 20:36:34,226] Trial 13 finished with value: 0.65 and parameters: {'C': 0.11983724566403872, 'gamma': 0.00027754374292315073}. Best is trial 4 with value: 0.65.
[I 2025-05-05 20:36:34,245] Trial 14 finished with value: 0.65 and parameters: {'C': 94.34270532492539, 'gamma': 0.0021521216355223746}. Best is trial 4 with value: 0.65.
[I 2025-05-05 20:36:34,265] Trial 15 finished with value: 0.65 and parameters: {'C': 0.07103886828073486, 'gamma': 0.0005267202562763758}. Best is trial 4 with value: 0.65.
[I 2025-05-05 20:36:34,284] Trial 16 finished with value: 0.65 and parameters: {'C': 10.932305252519935, 'gamma': 0.004266729662312695}. Best is trial 4 with value: 0.65.
[I 2025-05-05 20:36:34,304] Trial 17 finished with value: 0.65 and parameters: {'C': 0.20427547418581604, 'gamma': 0.00010194114046611445}. Best is trial 4 with value: 0.65.
[I 2025-05-05 20:36:34,332] Trial 18 finished with value: 0.6 and parameters: {'C': 0.03139703883426916, 'gamma': 0.006049181189533465}. Best is trial 4 with value: 0.65.
[I 2025-05-05 20:36:34,352] Trial 19 finished with value: 0.65 and parameters: {'C': 5.096402970648705, 'gamma': 0.00045983405587689957}. Best is trial 4 with value: 0.65.
[I 2025-05-05 20:36:34,372] Trial 20 finished with value: 0.6 and parameters: {'C': 30.97073926052814, 'gamma': 0.00290512880501971}. Best is trial 4 with value: 0.65.
[I 2025-05-05 20:36:34,391] Trial 21 finished with value: 0.65 and parameters: {'C': 91.72733462278532, 'gamma': 0.00082838116448454}. Best is trial 4 with value: 0.65.
[I 2025-05-05 20:36:34,423] Trial 22 finished with value: 0.65 and parameters: {'C': 48.02875488723772, 'gamma': 0.001021557392974254}. Best is trial 4 with value: 0.65.
[I 2025-05-05 20:36:34,443] Trial 23 finished with value: 0.6 and parameters: {'C': 39.49316994136987, 'gamma': 0.0002060821584409683}. Best is trial 4 with value: 0.65.
[I 2025-05-05 20:36:35,478] Trial 24 finished with value: 0.65 and parameters: {'C': 4.136421453385377, 'gamma': 0.0011156461374576794}. Best is trial 4 with value: 0.65.
[I 2025-05-05 20:36:35,500] Trial 25 finished with value: 0.6 and parameters: {'C': 21.310252929280303, 'gamma': 0.00035940448815864184}. Best is trial 4 with value: 0.65.
[I 2025-05-05 20:36:35,520] Trial 26 finished with value: 0.65 and parameters: {'C': 7.117044657106707, 'gamma': 0.006714879940648498}. Best is trial 4 with value: 0.65.
[I 2025-05-05 20:36:35,555] Trial 27 finished with value: 0.6 and parameters: {'C': 0.6852344340517288, 'gamma': 0.031763698131420076}. Best is trial 4 with value: 0.65.
[I 2025-05-05 20:36:35,574] Trial 28 finished with value: 0.65 and parameters: {'C': 0.2858561472626102, 'gamma': 0.0001804416864977702}. Best is trial 4 with value: 0.65.
