[I 2025-05-04 17:13:09,692] Trial 11 finished with value: 0.7673978782270086 and parameters: {'n_estimators': 40, 'max_depth': 5, 'gamma': 0.39874152974214566, 'subsample': 0.684402200509914, 'colsample_bytree': 0.9969596088199149}. Best is trial 0 with value: 0.7750344698299809.
/data/home/rtabares/anaconda3/envs/pyth3.12/lib/python3.12/site-packages/xgboost/core.py:377: FutureWarning: Your system has an old version of glibc (< 2.28). We will stop supporting Linux distros with glibc older than 2.28 after **May 31, 2025**. Please upgrade to a recent Linux distro (with glibc >= 2.28) to use future versions of XGBoost.
Note: You have installed the 'manylinux2014' variant of XGBoost. Certain features such as GPU algorithms or federated learning are not available. To use these features, please upgrade to a recent Linux distro with glibc 2.28+, and install the 'manylinux_2_28' variant.
  warnings.warn(
/data/home/rtabares/anaconda3/envs/pyth3.12/lib/python3.12/site-packages/xgboost/core.py:377: FutureWarning: Your system has an old version of glibc (< 2.28). We will stop supporting Linux distros with glibc older than 2.28 after **May 31, 2025**. Please upgrade to a recent Linux distro (with glibc >= 2.28) to use future versions of XGBoost.
Note: You have installed the 'manylinux2014' variant of XGBoost. Certain features such as GPU algorithms or federated learning are not available. To use these features, please upgrade to a recent Linux distro with glibc 2.28+, and install the 'manylinux_2_28' variant.
  warnings.warn(
/data/home/rtabares/anaconda3/envs/pyth3.12/lib/python3.12/site-packages/xgboost/core.py:377: FutureWarning: Your system has an old version of glibc (< 2.28). We will stop supporting Linux distros with glibc older than 2.28 after **May 31, 2025**. Please upgrade to a recent Linux distro (with glibc >= 2.28) to use future versions of XGBoost.
Note: You have installed the 'manylinux2014' variant of XGBoost. Certain features such as GPU algorithms or federated learning are not available. To use these features, please upgrade to a recent Linux distro with glibc 2.28+, and install the 'manylinux_2_28' variant.
  warnings.warn(
/data/home/rtabares/anaconda3/envs/pyth3.12/lib/python3.12/site-packages/xgboost/core.py:377: FutureWarning: Your system has an old version of glibc (< 2.28). We will stop supporting Linux distros with glibc older than 2.28 after **May 31, 2025**. Please upgrade to a recent Linux distro (with glibc >= 2.28) to use future versions of XGBoost.
Note: You have installed the 'manylinux2014' variant of XGBoost. Certain features such as GPU algorithms or federated learning are not available. To use these features, please upgrade to a recent Linux distro with glibc 2.28+, and install the 'manylinux_2_28' variant.
  warnings.warn(
[I 2025-05-04 17:13:10,712] Trial 12 finished with value: 0.7686798396653252 and parameters: {'n_estimators': 40, 'max_depth': 30, 'gamma': 0.8246399209967283, 'subsample': 0.7211767249334009, 'colsample_bytree': 0.8993242784691231}. Best is trial 0 with value: 0.7750344698299809.
[I 2025-05-04 17:13:11,075] Trial 13 finished with value: 0.7694437543450962 and parameters: {'n_estimators': 100, 'max_depth': 5, 'gamma': 0.5635099338446221, 'subsample': 0.8917998298846976, 'colsample_bytree': 0.9189083147255793}. Best is trial 0 with value: 0.7750344698299809.
[I 2025-05-04 17:13:11,543] Trial 14 finished with value: 0.766730504370142 and parameters: {'n_estimators': 40, 'max_depth': 30, 'gamma': 0.3765913196398667, 'subsample': 0.7899688639681097, 'colsample_bytree': 0.9507346190467891}. Best is trial 0 with value: 0.7750344698299809.
[I 2025-05-04 17:13:11,950] Trial 15 finished with value: 0.7703225009942491 and parameters: {'n_estimators': 100, 'max_depth': 5, 'gamma': 0.1138974011447233, 'subsample': 0.6623892154235589, 'colsample_bytree': 0.7472206370344503}. Best is trial 0 with value: 0.7750344698299809.
[I 2025-05-04 17:13:12,253] Trial 16 finished with value: 0.7780390120048615 and parameters: {'n_estimators': 40, 'max_depth': 5, 'gamma': 0.6717996624595401, 'subsample': 0.9058830919395758, 'colsample_bytree': 0.866924414031871}. Best is trial 16 with value: 0.7780390120048615.
[I 2025-05-04 17:13:12,619] Trial 17 finished with value: 0.7717477051315395 and parameters: {'n_estimators': 40, 'max_depth': 30, 'gamma': 0.7083862593759728, 'subsample': 0.8839084866953895, 'colsample_bytree': 0.8574410788494113}. Best is trial 16 with value: 0.7780390120048615.
[I 2025-05-04 17:13:12,926] Trial 18 finished with value: 0.7775066839846466 and parameters: {'n_estimators': 40, 'max_depth': 5, 'gamma': 0.6455732619005046, 'subsample': 0.9314971520293179, 'colsample_bytree': 0.6590100810908468}. Best is trial 16 with value: 0.7780390120048615.
[I 2025-05-04 17:13:13,229] Trial 19 finished with value: 0.7755693403954531 and parameters: {'n_estimators': 40, 'max_depth': 5, 'gamma': 0.8791428273947589, 'subsample': 0.937460825096498, 'colsample_bytree': 0.6667111340131878}. Best is trial 16 with value: 0.7780390120048615.
[I 2025-05-04 17:13:13,508] Trial 20 finished with value: 0.7692403254255538 and parameters: {'n_estimators': 40, 'max_depth': 5, 'gamma': 0.7072089104541451, 'subsample': 0.8508041319133905, 'colsample_bytree': 0.6599337712515533}. Best is trial 16 with value: 0.7780390120048615.
[I 2025-05-04 17:13:13,813] Trial 21 finished with value: 0.7737133329555356 and parameters: {'n_estimators': 40, 'max_depth': 5, 'gamma': 0.8875997587476416, 'subsample': 0.9436520721321013, 'colsample_bytree': 0.6684542300253697}. Best is trial 16 with value: 0.7780390120048615.
[I 2025-05-04 17:13:14,126] Trial 22 finished with value: 0.7741397721879449 and parameters: {'n_estimators': 40, 'max_depth': 5, 'gamma': 0.802486136722016, 'subsample': 0.9474005550291629, 'colsample_bytree': 0.6037939032937463}. Best is trial 16 with value: 0.7780390120048615.
[I 2025-05-04 17:13:14,438] Trial 23 finished with value: 0.7733751364878773 and parameters: {'n_estimators': 40, 'max_depth': 5, 'gamma': 0.9931045563952219, 'subsample': 0.911695324596649, 'colsample_bytree': 0.5073744790471051}. Best is trial 16 with value: 0.7780390120048615.
[I 2025-05-04 17:13:14,741] Trial 24 finished with value: 0.7726021521317408 and parameters: {'n_estimators': 40, 'max_depth': 5, 'gamma': 0.6651357710713457, 'subsample': 0.8549269069693577, 'colsample_bytree': 0.7053860808938153}. Best is trial 16 with value: 0.7780390120048615.
[I 2025-05-04 17:13:15,032] Trial 25 finished with value: 0.7733426146776458 and parameters: {'n_estimators': 40, 'max_depth': 5, 'gamma': 0.7948836384806497, 'subsample': 0.9329711731418688, 'colsample_bytree': 0.7855999283373409}. Best is trial 16 with value: 0.7780390120048615.
[I 2025-05-04 17:13:15,256] Trial 26 finished with value: 0.7638982607472503 and parameters: {'n_estimators': 10, 'max_depth': 5, 'gamma': 0.9219726302479396, 'subsample': 0.9971368987763934, 'colsample_bytree': 0.6101522400893955}. Best is trial 16 with value: 0.7780390120048615.
[I 2025-05-04 17:13:15,568] Trial 27 finished with value: 0.776411201164157 and parameters: {'n_estimators': 40, 'max_depth': 5, 'gamma': 0.6213743688422336, 'subsample': 0.8417304879182309, 'colsample_bytree': 0.6889885275545345}. Best is trial 16 with value: 0.7780390120048615.
[I 2025-05-04 17:13:15,867] Trial 28 finished with value: 0.7750043640702178 and parameters: {'n_estimators': 40, 'max_depth': 5, 'gamma': 0.6066714389145789, 'subsample': 0.8203292721820121, 'colsample_bytree': 0.7085368832513587}. Best is trial 16 with value: 0.7780390120048615.
[I 2025-05-04 17:13:16,159] Trial 29 finished with value: 0.7730034442001127 and parameters: {'n_estimators': 40, 'max_depth': 5, 'gamma': 0.4786256555934727, 'subsample': 0.7546551897751712, 'colsample_bytree': 0.7743771208624493}. Best is trial 16 with value: 0.7780390120048615.
[I 2025-05-04 17:13:18,377] A new study created in memory with name: rf
Parámetros guardados en checkpoint_shoppers_Dlatent_Roriginal_ft/Full-data/best_models_Full-data_seed_0/xgb_best_params.json


>>> Optuna tuning rf


[I 2025-05-04 17:13:21,495] Trial 0 finished with value: 0.8494326961706486 and parameters: {'n_estimators': 320, 'max_depth': 15, 'min_samples_split': 7, 'min_samples_leaf': 6}. Best is trial 0 with value: 0.8494326961706486.
[I 2025-05-04 17:13:23,821] Trial 1 finished with value: 0.8504995026224901 and parameters: {'n_estimators': 269, 'max_depth': 14, 'min_samples_split': 5, 'min_samples_leaf': 9}. Best is trial 1 with value: 0.8504995026224901.
[I 2025-05-04 17:13:27,069] Trial 2 finished with value: 0.8519833244449663 and parameters: {'n_estimators': 486, 'max_depth': 9, 'min_samples_split': 9, 'min_samples_leaf': 6}. Best is trial 2 with value: 0.8519833244449663.
[I 2025-05-04 17:13:30,316] Trial 3 finished with value: 0.7788687925212233 and parameters: {'n_estimators': 327, 'max_depth': 19, 'min_samples_split': 2, 'min_samples_leaf': 1}. Best is trial 2 with value: 0.8519833244449663.
[I 2025-05-04 17:13:31,343] Trial 4 finished with value: 0.85019043790472 and parameters: {'n_estimators': 108, 'max_depth': 17, 'min_samples_split': 9, 'min_samples_leaf': 9}. Best is trial 2 with value: 0.8519833244449663.
[I 2025-05-04 17:13:35,265] Trial 5 finished with value: 0.847441554347727 and parameters: {'n_estimators': 492, 'max_depth': 17, 'min_samples_split': 6, 'min_samples_leaf': 8}. Best is trial 2 with value: 0.8519833244449663.
[I 2025-05-04 17:13:36,555] Trial 6 finished with value: 0.8524729857728779 and parameters: {'n_estimators': 147, 'max_depth': 14, 'min_samples_split': 3, 'min_samples_leaf': 10}. Best is trial 6 with value: 0.8524729857728779.
[I 2025-05-04 17:13:38,787] Trial 7 finished with value: 0.8508438593863688 and parameters: {'n_estimators': 309, 'max_depth': 10, 'min_samples_split': 4, 'min_samples_leaf': 8}. Best is trial 6 with value: 0.8524729857728779.
[I 2025-05-04 17:13:41,063] Trial 8 finished with value: 0.8490316317928966 and parameters: {'n_estimators': 282, 'max_depth': 13, 'min_samples_split': 2, 'min_samples_leaf': 7}. Best is trial 6 with value: 0.8524729857728779.
[I 2025-05-04 17:13:43,800] Trial 9 finished with value: 0.8495139184746145 and parameters: {'n_estimators': 345, 'max_depth': 14, 'min_samples_split': 10, 'min_samples_leaf': 7}. Best is trial 6 with value: 0.8524729857728779.
[I 2025-05-04 17:13:44,519] Trial 10 finished with value: 0.8438022866210003 and parameters: {'n_estimators': 108, 'max_depth': 5, 'min_samples_split': 4, 'min_samples_leaf': 3}. Best is trial 6 with value: 0.8524729857728779.
[I 2025-05-04 17:13:48,236] Trial 11 finished with value: 0.8532454767993378 and parameters: {'n_estimators': 488, 'max_depth': 8, 'min_samples_split': 8, 'min_samples_leaf': 4}. Best is trial 11 with value: 0.8532454767993378.
[I 2025-05-04 17:13:49,398] Trial 12 finished with value: 0.849443663268848 and parameters: {'n_estimators': 197, 'max_depth': 6, 'min_samples_split': 7, 'min_samples_leaf': 4}. Best is trial 11 with value: 0.8532454767993378.
[I 2025-05-04 17:13:52,632] Trial 13 finished with value: 0.8525857558772009 and parameters: {'n_estimators': 412, 'max_depth': 8, 'min_samples_split': 8, 'min_samples_leaf': 4}. Best is trial 11 with value: 0.8532454767993378.
[I 2025-05-04 17:13:54,197] Trial 14 finished with value: 0.8366049102241184 and parameters: {'n_estimators': 413, 'max_depth': 3, 'min_samples_split': 8, 'min_samples_leaf': 4}. Best is trial 11 with value: 0.8532454767993378.
[I 2025-05-04 17:13:56,863] Trial 15 finished with value: 0.8512887921569183 and parameters: {'n_estimators': 424, 'max_depth': 8, 'min_samples_split': 8, 'min_samples_leaf': 2}. Best is trial 11 with value: 0.8532454767993378.
[I 2025-05-04 17:13:59,965] Trial 16 finished with value: 0.8496913527150335 and parameters: {'n_estimators': 419, 'max_depth': 11, 'min_samples_split': 10, 'min_samples_leaf': 4}. Best is trial 11 with value: 0.8532454767993378.
[I 2025-05-04 17:14:02,198] Trial 17 finished with value: 0.8517673219434052 and parameters: {'n_estimators': 384, 'max_depth': 7, 'min_samples_split': 7, 'min_samples_leaf': 5}. Best is trial 11 with value: 0.8532454767993378.
[I 2025-05-04 17:14:03,927] Trial 18 finished with value: 0.8435126641522877 and parameters: {'n_estimators': 462, 'max_depth': 3, 'min_samples_split': 6, 'min_samples_leaf': 2}. Best is trial 11 with value: 0.8532454767993378.
[I 2025-05-04 17:14:06,108] Trial 19 finished with value: 0.8476604282809965 and parameters: {'n_estimators': 453, 'max_depth': 5, 'min_samples_split': 8, 'min_samples_leaf': 5}. Best is trial 11 with value: 0.8532454767993378.
[I 2025-05-04 17:14:08,993] Trial 20 finished with value: 0.849037437903708 and parameters: {'n_estimators': 383, 'max_depth': 11, 'min_samples_split': 9, 'min_samples_leaf': 3}. Best is trial 11 with value: 0.8532454767993378.
[I 2025-05-04 17:14:10,574] Trial 21 finished with value: 0.853414688878477 and parameters: {'n_estimators': 227, 'max_depth': 9, 'min_samples_split': 3, 'min_samples_leaf': 10}. Best is trial 21 with value: 0.853414688878477.
[I 2025-05-04 17:14:12,262] Trial 22 finished with value: 0.8510377379493475 and parameters: {'n_estimators': 235, 'max_depth': 9, 'min_samples_split': 5, 'min_samples_leaf': 3}. Best is trial 21 with value: 0.853414688878477.
[I 2025-05-04 17:14:13,648] Trial 23 finished with value: 0.8516557535395772 and parameters: {'n_estimators': 222, 'max_depth': 7, 'min_samples_split': 5, 'min_samples_leaf': 5}. Best is trial 21 with value: 0.853414688878477.
[I 2025-05-04 17:14:14,907] Trial 24 finished with value: 0.8506299187498673 and parameters: {'n_estimators': 174, 'max_depth': 9, 'min_samples_split': 6, 'min_samples_leaf': 10}. Best is trial 21 with value: 0.853414688878477.
[I 2025-05-04 17:14:17,806] Trial 25 finished with value: 0.8472812854501648 and parameters: {'n_estimators': 371, 'max_depth': 12, 'min_samples_split': 8, 'min_samples_leaf': 4}. Best is trial 21 with value: 0.853414688878477.
[I 2025-05-04 17:14:19,985] Trial 26 finished with value: 0.8477944748088158 and parameters: {'n_estimators': 456, 'max_depth': 5, 'min_samples_split': 3, 'min_samples_leaf': 1}. Best is trial 21 with value: 0.853414688878477.
[I 2025-05-04 17:14:21,501] Trial 27 finished with value: 0.8512716268140617 and parameters: {'n_estimators': 243, 'max_depth': 7, 'min_samples_split': 7, 'min_samples_leaf': 6}. Best is trial 21 with value: 0.853414688878477.
[I 2025-05-04 17:14:25,030] Trial 28 finished with value: 0.8502994637632908 and parameters: {'n_estimators': 498, 'max_depth': 10, 'min_samples_split': 9, 'min_samples_leaf': 2}. Best is trial 21 with value: 0.853414688878477.
[I 2025-05-04 17:14:27,213] Trial 29 finished with value: 0.8523093141654936 and parameters: {'n_estimators': 347, 'max_depth': 8, 'min_samples_split': 7, 'min_samples_leaf': 7}. Best is trial 21 with value: 0.853414688878477.
[I 2025-05-04 17:14:32,661] A new study created in memory with name: svc
Parámetros guardados en checkpoint_shoppers_Dlatent_Roriginal_ft/Full-data/best_models_Full-data_seed_0/rf_best_params.json


>>> Optuna tuning svc


[I 2025-05-04 17:14:43,174] Trial 0 finished with value: 0.7324416378342877 and parameters: {'C': 1.5676677195506077, 'gamma': 0.07257005721594278}. Best is trial 0 with value: 0.7324416378342877.
[I 2025-05-04 17:14:52,441] Trial 1 finished with value: 0.7200461731278518 and parameters: {'C': 2.57663857461359, 'gamma': 0.01511933646764101}. Best is trial 0 with value: 0.7324416378342877.
[I 2025-05-04 17:15:01,735] Trial 2 finished with value: 0.7117172122977221 and parameters: {'C': 0.49501595537331966, 'gamma': 0.03833332156156663}. Best is trial 0 with value: 0.7324416378342877.
[I 2025-05-04 17:15:19,267] Trial 3 finished with value: 0.6443785083329707 and parameters: {'C': 0.5627932047415171, 'gamma': 0.36905577292137587}. Best is trial 0 with value: 0.7324416378342877.
[I 2025-05-04 17:15:30,115] Trial 4 finished with value: 0.7243609609758516 and parameters: {'C': 71.55682161754872, 'gamma': 0.0034179529120610124}. Best is trial 0 with value: 0.7324416378342877.
[I 2025-05-04 17:15:40,140] Trial 5 finished with value: 0.7322610665231035 and parameters: {'C': 14.68588598920087, 'gamma': 0.013049073550362394}. Best is trial 0 with value: 0.7324416378342877.
[I 2025-05-04 17:16:08,321] Trial 6 finished with value: 0.6443537153543423 and parameters: {'C': 1.871450068624068, 'gamma': 0.503948959867121}. Best is trial 0 with value: 0.7324416378342877.
[I 2025-05-04 17:16:18,070] Trial 7 finished with value: 0.5 and parameters: {'C': 0.0192373050965465, 'gamma': 0.00022310905607443037}. Best is trial 0 with value: 0.7324416378342877.
[I 2025-05-04 17:16:31,352] Trial 8 finished with value: 0.5 and parameters: {'C': 0.012046852412030323, 'gamma': 0.2140323314098606}. Best is trial 0 with value: 0.7324416378342877.
[I 2025-05-04 17:16:47,588] Trial 9 finished with value: 0.6998923402851497 and parameters: {'C': 12.960656597279739, 'gamma': 0.3020289640158664}. Best is trial 0 with value: 0.7324416378342877.
[I 2025-05-04 17:16:57,735] Trial 10 finished with value: 0.5676715876512751 and parameters: {'C': 0.16426074441272132, 'gamma': 0.0011819854465057523}. Best is trial 0 with value: 0.7324416378342877.
[I 2025-05-04 17:17:09,677] Trial 11 finished with value: 0.7389093922886752 and parameters: {'C': 14.12283302602045, 'gamma': 0.05617404484056215}. Best is trial 11 with value: 0.7389093922886752.
[I 2025-05-04 17:17:21,932] Trial 12 finished with value: 0.7379588471973308 and parameters: {'C': 8.674354399839386, 'gamma': 0.07806032419781148}. Best is trial 11 with value: 0.7389093922886752.
[I 2025-05-04 17:17:34,264] Trial 13 finished with value: 0.7380872141091276 and parameters: {'C': 13.46291605529923, 'gamma': 0.06632415614199133}. Best is trial 11 with value: 0.7389093922886752.
[I 2025-05-04 17:17:45,355] Trial 14 finished with value: 0.7236712607887406 and parameters: {'C': 93.6887273881582, 'gamma': 0.0032824303542765875}. Best is trial 11 with value: 0.7389093922886752.
[I 2025-05-04 17:17:57,180] Trial 15 finished with value: 0.740448707375051 and parameters: {'C': 19.266433165964678, 'gamma': 0.04233906041597952}. Best is trial 15 with value: 0.740448707375051.
[I 2025-05-04 17:18:08,467] Trial 16 finished with value: 0.7435139291001768 and parameters: {'C': 25.7913119871872, 'gamma': 0.023287717253435536}. Best is trial 16 with value: 0.7435139291001768.
[I 2025-05-04 17:18:18,740] Trial 17 finished with value: 0.724386829160186 and parameters: {'C': 37.42600473824022, 'gamma': 0.004638680324330001}. Best is trial 16 with value: 0.7435139291001768.
[I 2025-05-04 17:18:27,785] Trial 18 finished with value: 0.6665422927737069 and parameters: {'C': 3.9812189961246025, 'gamma': 0.000548696712467431}. Best is trial 16 with value: 0.7435139291001768.
[I 2025-05-04 17:18:39,207] Trial 19 finished with value: 0.7430231925665591 and parameters: {'C': 37.58538399826173, 'gamma': 0.014331363305857447}. Best is trial 16 with value: 0.7435139291001768.
[I 2025-05-04 17:18:48,833] Trial 20 finished with value: 0.6446724695729434 and parameters: {'C': 0.08832781194137343, 'gamma': 0.008039944791221578}. Best is trial 16 with value: 0.7435139291001768.
[I 2025-05-04 17:19:00,335] Trial 21 finished with value: 0.742718466620049 and parameters: {'C': 27.41509143750235, 'gamma': 0.023627116312488435}. Best is trial 16 with value: 0.7435139291001768.
[I 2025-05-04 17:19:12,329] Trial 22 finished with value: 0.7430575106027932 and parameters: {'C': 38.62226045162285, 'gamma': 0.021427933232410566}. Best is trial 16 with value: 0.7435139291001768.
[I 2025-05-04 17:19:23,180] Trial 23 finished with value: 0.729194048571975 and parameters: {'C': 49.03189621272432, 'gamma': 0.006837488171324455}. Best is trial 16 with value: 0.7435139291001768.
[I 2025-05-04 17:19:32,235] Trial 24 finished with value: 0.6889235344060767 and parameters: {'C': 5.8738161945831, 'gamma': 0.0019586071056851236}. Best is trial 16 with value: 0.7435139291001768.
[I 2025-05-04 17:19:45,401] Trial 25 finished with value: 0.7245323108169235 and parameters: {'C': 37.70960207506477, 'gamma': 0.1341797980568321}. Best is trial 16 with value: 0.7435139291001768.
[I 2025-05-04 17:19:54,630] Trial 26 finished with value: 0.728909030513579 and parameters: {'C': 5.349347066754171, 'gamma': 0.015287020745815304}. Best is trial 16 with value: 0.7435139291001768.
[I 2025-05-04 17:20:03,606] Trial 27 finished with value: 0.6797950000151795 and parameters: {'C': 79.38036350715831, 'gamma': 0.00010378236697772809}. Best is trial 16 with value: 0.7435139291001768.
[I 2025-05-04 17:20:37,207] Trial 28 finished with value: 0.5324056753657976 and parameters: {'C': 31.19650490171288, 'gamma': 0.8967381549523696}. Best is trial 16 with value: 0.7435139291001768.
[I 2025-05-04 17:20:46,200] Trial 29 finished with value: 0.715075775438355 and parameters: {'C': 1.1821355573045078, 'gamma': 0.02180253446197803}. Best is trial 16 with value: 0.7435139291001768.
[I 2025-05-04 17:21:17,097] A new study created in memory with name: logreg
Parámetros guardados en checkpoint_shoppers_Dlatent_Roriginal_ft/Full-data/best_models_Full-data_seed_0/svc_best_params.json


>>> Optuna tuning logreg


[I 2025-05-04 17:21:18,518] Trial 0 finished with value: 0.6751113154142502 and parameters: {'C': 0.5547119471592125, 'penalty': 'l2'}. Best is trial 0 with value: 0.6751113154142502.
[I 2025-05-04 17:21:18,778] Trial 1 finished with value: 0.6764082791345327 and parameters: {'C': 3.7665768415992953, 'penalty': 'l2'}. Best is trial 1 with value: 0.6764082791345327.
[I 2025-05-04 17:21:18,998] Trial 2 finished with value: 0.6757468631822243 and parameters: {'C': 1.032326035197657, 'penalty': 'l2'}. Best is trial 1 with value: 0.6764082791345327.
