[I 2025-05-04 17:32:20,177] Trial 29 finished with value: 0.55 and parameters: {'hidden_layer_sizes': (200,), 'max_iter': 50, 'alpha': 0.001}. Best is trial 1 with value: 0.7.
Parámetros guardados en checkpoint_shoppers_Dlatent_Roriginal_ft/random/best_models_random_seed_1/mlp_best_params.json
Categoricas entrenamiento:  7
Datos unicos de y_train:  [False  True]
Datos unicos de y_train luego:  [0 1]
No se creó ClassifierHead (num_classes no proporcionado o <= 0).
  0%|          | 0/3 [00:00<?, ?it/s] 33%|███▎      | 1/3 [00:00<00:00,  2.95it/s]100%|██████████| 3/3 [00:00<00:00,  6.56it/s]
Epoch 001/3000 Train Loss: 6.100656 (MSE:3.957280, CE:2.123278, KLD:0.418665)  Val Loss: 229.947968 (MSE:224.593109, CE:2.091828, KLD:67.974579)
  0%|          | 0/3 [00:00<?, ?it/s] 33%|███▎      | 1/3 [00:00<00:00,  2.89it/s]100%|██████████| 3/3 [00:00<00:00,  6.37it/s]
Epoch 002/3000 Train Loss: 2.797791 (MSE:0.985091, CE:1.791714, KLD:0.437188)  Val Loss: 35.538792 (MSE:33.293358, CE:1.800121, KLD:9.276586)
  0%|          | 0/3 [00:00<?, ?it/s] 33%|███▎      | 1/3 [00:00<00:00,  2.83it/s]100%|██████████| 3/3 [00:00<00:00,  6.25it/s]
Epoch 003/3000 Train Loss: 2.441793 (MSE:0.785590, CE:1.608199, KLD:1.000004)  Val Loss: 2.793504 (MSE:1.036925, CE:1.495011, KLD:5.448900)
  0%|          | 0/3 [00:00<?, ?it/s] 33%|███▎      | 1/3 [00:00<00:00,  2.81it/s]100%|██████████| 3/3 [00:00<00:00,  6.28it/s]
Epoch 004/3000 Train Loss: 2.180874 (MSE:0.675465, CE:1.423285, KLD:1.710772)  Val Loss: 2.452108 (MSE:0.940398, CE:1.296492, KLD:4.483356)
  0%|          | 0/3 [00:00<?, ?it/s] 33%|███▎      | 1/3 [00:00<00:00,  2.85it/s]100%|██████████| 3/3 [00:00<00:00,  6.26it/s]
Epoch 005/3000 Train Loss: 1.883326 (MSE:0.535590, CE:1.239692, KLD:2.250720)  Val Loss: 15.936276 (MSE:14.515207, CE:1.221257, KLD:4.162419)
  0%|          | 0/3 [00:00<?, ?it/s] 33%|███▎      | 1/3 [00:00<00:00,  2.74it/s]100%|██████████| 3/3 [00:00<00:00,  6.22it/s]
Epoch 006/3000 Train Loss: 1.623517 (MSE:0.400116, CE:1.095565, KLD:2.663036)  Val Loss: 2.920372 (MSE:1.708289, CE:1.018807, KLD:4.026268)
  0%|          | 0/3 [00:00<?, ?it/s] 33%|███▎      | 1/3 [00:00<00:00,  2.83it/s]100%|██████████| 3/3 [00:00<00:00,  6.24it/s]
Epoch 007/3000 Train Loss: 1.435884 (MSE:0.326754, CE:0.969355, KLD:2.911741)  Val Loss: 1.730544 (MSE:0.655331, CE:0.882762, KLD:4.009087)
  0%|          | 0/3 [00:00<?, ?it/s] 33%|███▎      | 1/3 [00:00<00:00,  2.83it/s]100%|██████████| 3/3 [00:00<00:00,  6.28it/s]
Epoch 008/3000 Train Loss: 1.307321 (MSE:0.306683, CE:0.850585, KLD:3.125861)  Val Loss: 4.143893 (MSE:3.164358, CE:0.783944, KLD:4.074497)
  0%|          | 0/3 [00:00<?, ?it/s] 33%|███▎      | 1/3 [00:00<00:00,  2.75it/s]100%|██████████| 3/3 [00:00<00:00,  6.24it/s]
Epoch 009/3000 Train Loss: 1.166147 (MSE:0.272209, CE:0.732247, KLD:3.368322)  Val Loss: 1.363189 (MSE:0.495959, CE:0.667324, KLD:4.164366)
  0%|          | 0/3 [00:00<?, ?it/s] 33%|███▎      | 1/3 [00:00<00:00,  2.78it/s]100%|██████████| 3/3 [00:00<00:00,  6.11it/s]
Epoch 010/3000 Train Loss: 1.039366 (MSE:0.233842, CE:0.638101, KLD:3.487697)  Val Loss: 4.870090 (MSE:4.064686, CE:0.611914, KLD:4.030721)
  0%|          | 0/3 [00:00<?, ?it/s] 33%|███▎      | 1/3 [00:00<00:00,  2.77it/s]100%|██████████| 3/3 [00:00<00:00,  6.14it/s]
Epoch 011/3000 Train Loss: 0.916056 (MSE:0.198056, CE:0.555307, KLD:3.389162)  Val Loss: 2.822577 (MSE:2.116995, CE:0.517613, KLD:3.915689)
  0%|          | 0/3 [00:00<?, ?it/s] 33%|███▎      | 1/3 [00:00<00:00,  2.77it/s]100%|██████████| 3/3 [00:00<00:00,  6.07it/s]
Epoch 012/3000 Train Loss: 0.803731 (MSE:0.168496, CE:0.473281, KLD:3.373785)  Val Loss: 2.051475 (MSE:1.429095, CE:0.432876, KLD:3.947674)
  0%|          | 0/3 [00:00<?, ?it/s] 33%|███▎      | 1/3 [00:00<00:00,  2.85it/s]100%|██████████| 3/3 [00:00<00:00,  6.36it/s]
Epoch 013/3000 Train Loss: 0.718206 (MSE:0.154371, CE:0.399106, KLD:3.431577)  Val Loss: 3.724739 (MSE:3.152114, CE:0.383124, KLD:3.947610)
  0%|          | 0/3 [00:00<?, ?it/s] 33%|███▎      | 1/3 [00:00<00:00,  2.75it/s]100%|██████████| 3/3 [00:00<00:00,  6.13it/s]
Epoch 014/3000 Train Loss: 0.647973 (MSE:0.139930, CE:0.341830, KLD:3.462499)  Val Loss: 1.164884 (MSE:0.659886, CE:0.312800, KLD:4.003800)
  0%|          | 0/3 [00:00<?, ?it/s] 33%|███▎      | 1/3 [00:00<00:00,  2.96it/s]100%|██████████| 3/3 [00:00<00:00,  5.90it/s]
Epoch 015/3000 Train Loss: 0.600885 (MSE:0.134944, CE:0.296088, KLD:3.538325)  Val Loss: 0.706762 (MSE:0.235858, CE:0.277835, KLD:4.021948)
  0%|          | 0/3 [00:00<?, ?it/s] 33%|███▎      | 1/3 [00:00<00:00,  2.83it/s]100%|██████████| 3/3 [00:00<00:00,  6.26it/s]
Epoch 016/3000 Train Loss: 0.556527 (MSE:0.123474, CE:0.264244, KLD:3.516563)  Val Loss: 7.583121 (MSE:7.096212, CE:0.298537, KLD:3.924096)
  0%|          | 0/3 [00:00<?, ?it/s] 33%|███▎      | 1/3 [00:00<00:00,  2.69it/s]100%|██████████| 3/3 [00:00<00:00,  6.01it/s]
Epoch 017/3000 Train Loss: 0.521055 (MSE:0.115994, CE:0.240359, KLD:3.431012)  Val Loss: 0.626982 (MSE:0.208975, CE:0.233238, KLD:3.849039)
  0%|          | 0/3 [00:00<?, ?it/s] 33%|███▎      | 1/3 [00:00<00:00,  2.73it/s]100%|██████████| 3/3 [00:00<00:00,  6.13it/s]
Epoch 018/3000 Train Loss: 0.485406 (MSE:0.105365, CE:0.219321, KLD:3.348062)  Val Loss: 0.864080 (MSE:0.475871, CE:0.210045, KLD:3.711478)
  0%|          | 0/3 [00:00<?, ?it/s] 33%|███▎      | 1/3 [00:00<00:00,  2.76it/s]100%|██████████| 3/3 [00:00<00:00,  6.04it/s]
Epoch 019/3000 Train Loss: 0.459495 (MSE:0.101427, CE:0.203176, KLD:3.226671)  Val Loss: 2.053381 (MSE:1.668484, CE:0.212625, KLD:3.588722)
  0%|          | 0/3 [00:00<?, ?it/s] 33%|███▎      | 1/3 [00:00<00:00,  2.89it/s]100%|██████████| 3/3 [00:00<00:00,  6.35it/s]
Epoch 020/3000 Train Loss: 0.429721 (MSE:0.092129, CE:0.187464, KLD:3.127395)  Val Loss: 0.857121 (MSE:0.487885, CE:0.201905, KLD:3.485795)
  0%|          | 0/3 [00:00<?, ?it/s] 33%|███▎      | 1/3 [00:00<00:00,  2.85it/s]100%|██████████| 3/3 [00:00<00:00,  6.35it/s]
Epoch 021/3000 Train Loss: 0.404882 (MSE:0.087471, CE:0.171234, KLD:3.045117)  Val Loss: 3.887028 (MSE:3.487780, CE:0.235555, KLD:3.410012)
  0%|          | 0/3 [00:00<?, ?it/s] 33%|███▎      | 1/3 [00:00<00:00,  2.84it/s]100%|██████████| 3/3 [00:00<00:00,  6.25it/s]
Epoch 022/3000 Train Loss: 0.380544 (MSE:0.081036, CE:0.156045, KLD:2.988585)  Val Loss: 1.990836 (MSE:1.668707, CE:0.162383, KLD:3.327764)
  0%|          | 0/3 [00:00<?, ?it/s] 33%|███▎      | 1/3 [00:00<00:00,  2.87it/s]100%|██████████| 3/3 [00:00<00:00,  6.55it/s]
Epoch 023/3000 Train Loss: 0.366882 (MSE:0.083290, CE:0.143467, KLD:2.919017)  Val Loss: 0.513357 (MSE:0.208043, CE:0.149577, KLD:3.244251)
  0%|          | 0/3 [00:00<?, ?it/s] 33%|███▎      | 1/3 [00:00<00:00,  2.83it/s]100%|██████████| 3/3 [00:00<00:00,  6.04it/s]
Epoch 024/3000 Train Loss: 0.351895 (MSE:0.081595, CE:0.132194, KLD:2.876995)  Val Loss: 0.399062 (MSE:0.119322, CE:0.128001, KLD:3.160981)
  0%|          | 0/3 [00:00<?, ?it/s] 33%|███▎      | 1/3 [00:00<00:00,  2.79it/s]100%|██████████| 3/3 [00:00<00:00,  6.08it/s]
Epoch 025/3000 Train Loss: 0.327424 (MSE:0.069132, CE:0.122438, KLD:2.830060)  Val Loss: 0.607394 (MSE:0.343185, CE:0.116463, KLD:3.077818)
  0%|          | 0/3 [00:00<?, ?it/s] 33%|███▎      | 1/3 [00:00<00:00,  2.89it/s]100%|██████████| 3/3 [00:00<00:00,  6.47it/s]
Epoch 026/3000 Train Loss: 0.312953 (MSE:0.066322, CE:0.112803, KLD:2.787839)  Val Loss: 0.548892 (MSE:0.297441, CE:0.107075, KLD:3.007613)
  0%|          | 0/3 [00:00<?, ?it/s] 33%|███▎      | 1/3 [00:00<00:00,  2.73it/s]100%|██████████| 3/3 [00:00<00:00,  6.16it/s]
Epoch 027/3000 Train Loss: 0.296777 (MSE:0.061946, CE:0.103147, KLD:2.743209)  Val Loss: 0.399104 (MSE:0.160459, CE:0.097760, KLD:2.934882)
  0%|          | 0/3 [00:00<?, ?it/s] 33%|███▎      | 1/3 [00:00<00:00,  2.70it/s]100%|██████████| 3/3 [00:00<00:00,  6.13it/s]
Epoch 028/3000 Train Loss: 0.282772 (MSE:0.058261, CE:0.094917, KLD:2.699678)  Val Loss: 0.825411 (MSE:0.595668, CE:0.091636, KLD:2.876996)
  0%|          | 0/3 [00:00<?, ?it/s] 33%|███▎      | 1/3 [00:00<00:00,  2.92it/s]100%|██████████| 3/3 [00:00<00:00,  6.47it/s]
Epoch 029/3000 Train Loss: 0.270161 (MSE:0.055245, CE:0.087222, KLD:2.660094)  Val Loss: 0.756232 (MSE:0.530793, CE:0.089951, KLD:2.822449)
  0%|          | 0/3 [00:00<?, ?it/s] 33%|███▎      | 1/3 [00:00<00:00,  2.62it/s]100%|██████████| 3/3 [00:00<00:00,  5.37it/s]
Epoch 030/3000 Train Loss: 0.257991 (MSE:0.052148, CE:0.079906, KLD:2.623466)  Val Loss: 0.334612 (MSE:0.119827, CE:0.081900, KLD:2.768212)
  0%|          | 0/3 [00:00<?, ?it/s] 33%|███▎      | 1/3 [00:00<00:00,  2.64it/s]100%|██████████| 3/3 [00:00<00:00,  5.64it/s]
Epoch 031/3000 Train Loss: 0.247919 (MSE:0.050200, CE:0.073670, KLD:2.584137)  Val Loss: 0.955886 (MSE:0.721098, CE:0.104002, KLD:2.724497)
  0%|          | 0/3 [00:00<?, ?it/s] 33%|███▎      | 1/3 [00:00<00:00,  2.59it/s]100%|██████████| 3/3 [00:00<00:00,  5.09it/s]
Epoch 032/3000 Train Loss: 0.238738 (MSE:0.049095, CE:0.067101, KLD:2.552764)  Val Loss: 0.360745 (MSE:0.165244, CE:0.066720, KLD:2.682734)
  0%|          | 0/3 [00:00<?, ?it/s] 33%|███▎      | 1/3 [00:00<00:00,  2.70it/s]100%|██████████| 3/3 [00:00<00:00,  6.10it/s]
Epoch 033/3000 Train Loss: 0.233016 (MSE:0.050014, CE:0.061823, KLD:2.524360)  Val Loss: 0.294780 (MSE:0.103122, CE:0.064959, KLD:2.639358)
  0%|          | 0/3 [00:00<?, ?it/s] 33%|███▎      | 1/3 [00:00<00:00,  2.88it/s]100%|██████████| 3/3 [00:00<00:00,  6.22it/s]
Epoch 034/3000 Train Loss: 0.226804 (MSE:0.050023, CE:0.056734, KLD:2.500774)  Val Loss: 0.310891 (MSE:0.130241, CE:0.055426, KLD:2.608625)
  0%|          | 0/3 [00:00<?, ?it/s] 33%|███▎      | 1/3 [00:00<00:00,  2.76it/s]100%|██████████| 3/3 [00:00<00:00,  6.13it/s]
Epoch 035/3000 Train Loss: 0.212587 (MSE:0.041310, CE:0.052172, KLD:2.481164)  Val Loss: 0.277150 (MSE:0.100675, CE:0.052955, KLD:2.573130)
  0%|          | 0/3 [00:00<?, ?it/s] 33%|███▎      | 1/3 [00:00<00:00,  2.68it/s]100%|██████████| 3/3 [00:00<00:00,  5.95it/s]
Epoch 036/3000 Train Loss: 0.205849 (MSE:0.039881, CE:0.048259, KLD:2.452082)  Val Loss: 0.426471 (MSE:0.254292, CE:0.050289, KLD:2.539187)
  0%|          | 0/3 [00:00<?, ?it/s] 33%|███▎      | 1/3 [00:00<00:00,  2.70it/s]100%|██████████| 3/3 [00:00<00:00,  6.01it/s]
Epoch 037/3000 Train Loss: 0.198543 (MSE:0.037089, CE:0.045198, KLD:2.421797)  Val Loss: 0.444899 (MSE:0.277856, CE:0.046972, KLD:2.501269)
  0%|          | 0/3 [00:00<?, ?it/s] 33%|███▎      | 1/3 [00:00<00:00,  2.75it/s]100%|██████████| 3/3 [00:00<00:00,  6.13it/s]
Epoch 038/3000 Train Loss: 0.194196 (MSE:0.037151, CE:0.042152, KLD:2.393411)  Val Loss: 0.260352 (MSE:0.096477, CE:0.045389, KLD:2.468285)
  0%|          | 0/3 [00:00<?, ?it/s] 33%|███▎      | 1/3 [00:00<00:00,  2.73it/s]100%|██████████| 3/3 [00:00<00:00,  5.99it/s]
Epoch 039/3000 Train Loss: 0.191077 (MSE:0.038072, CE:0.039527, KLD:2.363920)  Val Loss: 0.231397 (MSE:0.073142, CE:0.041082, KLD:2.440931)
  0%|          | 0/3 [00:00<?, ?it/s] 33%|███▎      | 1/3 [00:00<00:00,  2.69it/s]100%|██████████| 3/3 [00:00<00:00,  5.97it/s]
Epoch 040/3000 Train Loss: 0.183710 (MSE:0.033891, CE:0.037278, KLD:2.344417)  Val Loss: 0.222853 (MSE:0.068337, CE:0.038817, KLD:2.410204)
  0%|          | 0/3 [00:00<?, ?it/s] 33%|███▎      | 1/3 [00:00<00:00,  2.86it/s]100%|██████████| 3/3 [00:00<00:00,  6.20it/s]
Epoch 041/3000 Train Loss: 0.181045 (MSE:0.034290, CE:0.035276, KLD:2.322302)  Val Loss: 0.220552 (MSE:0.070150, CE:0.036246, KLD:2.378074)
  0%|          | 0/3 [00:00<?, ?it/s] 33%|███▎      | 1/3 [00:00<00:00,  2.87it/s]100%|██████████| 3/3 [00:00<00:00,  6.38it/s]
Epoch 042/3000 Train Loss: 0.176373 (MSE:0.032646, CE:0.033370, KLD:2.298929)  Val Loss: 0.277076 (MSE:0.129155, CE:0.034932, KLD:2.353753)
  0%|          | 0/3 [00:00<?, ?it/s] 33%|███▎      | 1/3 [00:00<00:00,  2.62it/s]100%|██████████| 3/3 [00:00<00:00,  5.87it/s]
Epoch 043/3000 Train Loss: 0.172706 (MSE:0.031851, CE:0.031461, KLD:2.278854)  Val Loss: 0.211486 (MSE:0.066928, CE:0.033106, KLD:2.321750)
  0%|          | 0/3 [00:00<?, ?it/s] 33%|███▎      | 1/3 [00:00<00:00,  2.70it/s]100%|██████████| 3/3 [00:00<00:00,  6.05it/s]
Epoch 044/3000 Train Loss: 0.169024 (MSE:0.030680, CE:0.030153, KLD:2.253796)  Val Loss: 0.219690 (MSE:0.077766, CE:0.031851, KLD:2.293015)
  0%|          | 0/3 [00:00<?, ?it/s] 33%|███▎      | 1/3 [00:00<00:00,  2.85it/s]100%|██████████| 3/3 [00:00<00:00,  6.25it/s]
Epoch 045/3000 Train Loss: 0.165252 (MSE:0.029125, CE:0.029043, KLD:2.230748)  Val Loss: 0.204676 (MSE:0.065267, CE:0.030670, KLD:2.265216)
  0%|          | 0/3 [00:00<?, ?it/s] 33%|███▎      | 1/3 [00:00<00:00,  2.83it/s]100%|██████████| 3/3 [00:00<00:00,  6.14it/s]
Epoch 046/3000 Train Loss: 0.162235 (MSE:0.028684, CE:0.027669, KLD:2.205706)  Val Loss: 0.266809 (MSE:0.117763, CE:0.041338, KLD:2.243736)
  0%|          | 0/3 [00:00<?, ?it/s] 33%|███▎      | 1/3 [00:00<00:00,  2.73it/s]100%|██████████| 3/3 [00:00<00:00,  6.21it/s]
Epoch 047/3000 Train Loss: 0.160086 (MSE:0.028514, CE:0.026714, KLD:2.184384)  Val Loss: 0.481407 (MSE:0.345338, CE:0.029283, KLD:2.224522)
  0%|          | 0/3 [00:00<?, ?it/s] 33%|███▎      | 1/3 [00:00<00:00,  2.74it/s]100%|██████████| 3/3 [00:00<00:00,  6.10it/s]
Epoch 048/3000 Train Loss: 0.156401 (MSE:0.026884, CE:0.025490, KLD:2.167064)  Val Loss: 0.221324 (MSE:0.079638, CE:0.035885, KLD:2.204016)
  0%|          | 0/3 [00:00<?, ?it/s] 33%|███▎      | 1/3 [00:00<00:00,  2.32it/s]100%|██████████| 3/3 [00:00<00:00,  5.39it/s]
Epoch 049/3000 Train Loss: 0.156046 (MSE:0.028322, CE:0.024730, KLD:2.145531)  Val Loss: 0.388840 (MSE:0.257074, CE:0.027058, KLD:2.181261)
  0%|          | 0/3 [00:00<?, ?it/s] 33%|███▎      | 1/3 [00:00<00:00,  2.70it/s]100%|██████████| 3/3 [00:00<00:00,  6.17it/s]
Epoch 050/3000 Train Loss: 0.153504 (MSE:0.027845, CE:0.023689, KLD:2.124216)  Val Loss: 0.188748 (MSE:0.059305, CE:0.026129, KLD:2.152201)
  0%|          | 0/3 [00:00<?, ?it/s] 33%|███▎      | 1/3 [00:00<00:00,  2.80it/s]100%|██████████| 3/3 [00:00<00:00,  5.35it/s]
Epoch 051/3000 Train Loss: 0.150334 (MSE:0.026660, CE:0.023022, KLD:2.096750)  Val Loss: 0.193227 (MSE:0.065583, CE:0.025380, KLD:2.130339)
  0%|          | 0/3 [00:00<?, ?it/s] 33%|███▎      | 1/3 [00:00<00:00,  2.85it/s]100%|██████████| 3/3 [00:00<00:00,  6.40it/s]
Epoch 052/3000 Train Loss: 0.150098 (MSE:0.027889, CE:0.022361, KLD:2.080003)  Val Loss: 0.252050 (MSE:0.125320, CE:0.024979, KLD:2.119654)
  0%|          | 0/3 [00:00<?, ?it/s] 33%|███▎      | 1/3 [00:00<00:00,  2.76it/s]100%|██████████| 3/3 [00:00<00:00,  6.17it/s]
Epoch 053/3000 Train Loss: 0.146687 (MSE:0.025802, CE:0.021581, KLD:2.068667)  Val Loss: 0.676641 (MSE:0.549336, CE:0.026304, KLD:2.104016)
  0%|          | 0/3 [00:00<?, ?it/s] 33%|███▎      | 1/3 [00:00<00:00,  2.30it/s]100%|██████████| 3/3 [00:00<00:00,  5.29it/s]
Epoch 054/3000 Train Loss: 0.146718 (MSE:0.026801, CE:0.021418, KLD:2.051881)  Val Loss: 0.261046 (MSE:0.136648, CE:0.024135, KLD:2.088658)
  0%|          | 0/3 [00:00<?, ?it/s] 33%|███▎      | 1/3 [00:00<00:00,  2.84it/s]100%|██████████| 3/3 [00:00<00:00,  6.28it/s]
Epoch 055/3000 Train Loss: 0.144307 (MSE:0.026205, CE:0.020281, KLD:2.037783)  Val Loss: 0.184541 (MSE:0.062654, CE:0.022578, KLD:2.068773)
  0%|          | 0/3 [00:00<?, ?it/s] 33%|███▎      | 1/3 [00:00<00:00,  2.73it/s]100%|██████████| 3/3 [00:00<00:00,  6.06it/s]
Epoch 056/3000 Train Loss: 0.141397 (MSE:0.024620, CE:0.019664, KLD:2.023031)  Val Loss: 0.186741 (MSE:0.066003, CE:0.022150, KLD:2.053750)
  0%|          | 0/3 [00:00<?, ?it/s] 33%|███▎      | 1/3 [00:00<00:00,  2.72it/s]100%|██████████| 3/3 [00:00<00:00,  6.02it/s]
Epoch 057/3000 Train Loss: 0.140159 (MSE:0.024727, CE:0.018949, KLD:2.009893)  Val Loss: 0.182842 (MSE:0.061722, CE:0.023280, KLD:2.038169)
  0%|          | 0/3 [00:00<?, ?it/s] 33%|███▎      | 1/3 [00:00<00:00,  2.72it/s]100%|██████████| 3/3 [00:00<00:00,  6.01it/s]
Epoch 058/3000 Train Loss: 0.138779 (MSE:0.024648, CE:0.018403, KLD:1.994164)  Val Loss: 0.219738 (MSE:0.100464, CE:0.022158, KLD:2.023093)
  0%|          | 0/3 [00:00<?, ?it/s] 33%|███▎      | 1/3 [00:00<00:00,  2.67it/s]100%|██████████| 3/3 [00:00<00:00,  5.57it/s]
Epoch 059/3000 Train Loss: 0.136527 (MSE:0.023647, CE:0.017732, KLD:1.982094)  Val Loss: 0.179714 (MSE:0.062740, CE:0.020637, KLD:2.006853)
  0%|          | 0/3 [00:00<?, ?it/s] 33%|███▎      | 1/3 [00:00<00:00,  2.82it/s]100%|██████████| 3/3 [00:00<00:00,  6.08it/s]
Epoch 060/3000 Train Loss: 0.134953 (MSE:0.023497, CE:0.017134, KLD:1.964896)  Val Loss: 0.267229 (MSE:0.150704, CE:0.021274, KLD:1.984248)
  0%|          | 0/3 [00:00<?, ?it/s] 33%|███▎      | 1/3 [00:00<00:00,  2.85it/s]100%|██████████| 3/3 [00:00<00:00,  6.26it/s]
Epoch 061/3000 Train Loss: 0.133880 (MSE:0.023542, CE:0.016894, KLD:1.946582)  Val Loss: 0.286413 (MSE:0.171209, CE:0.020321, KLD:1.976580)
  0%|          | 0/3 [00:00<?, ?it/s] 33%|███▎      | 1/3 [00:00<00:00,  2.77it/s]100%|██████████| 3/3 [00:00<00:00,  5.80it/s]
Epoch 062/3000 Train Loss: 0.132961 (MSE:0.023389, CE:0.016486, KLD:1.939143)  Val Loss: 0.222127 (MSE:0.098063, CE:0.029367, KLD:1.972704)
  0%|          | 0/3 [00:00<?, ?it/s] 33%|███▎      | 1/3 [00:00<00:00,  2.95it/s]100%|██████████| 3/3 [00:00<00:00,  6.59it/s]
Epoch 063/3000 Train Loss: 0.131789 (MSE:0.022990, CE:0.016017, KLD:1.932813)  Val Loss: 0.399579 (MSE:0.286325, CE:0.019148, KLD:1.960394)
  0%|          | 0/3 [00:00<?, ?it/s] 33%|███▎      | 1/3 [00:00<00:00,  2.82it/s]100%|██████████| 3/3 [00:00<00:00,  6.29it/s]
Epoch 064/3000 Train Loss: 0.131443 (MSE:0.023856, CE:0.015463, KLD:1.919091)  Val Loss: 0.167131 (MSE:0.055528, CE:0.018296, KLD:1.943753)
  0%|          | 0/3 [00:00<?, ?it/s] 33%|███▎      | 1/3 [00:00<00:00,  2.64it/s]100%|██████████| 3/3 [00:00<00:00,  5.90it/s]
Epoch 065/3000 Train Loss: 0.129058 (MSE:0.022653, CE:0.015019, KLD:1.903720)  Val Loss: 0.166048 (MSE:0.051898, CE:0.021760, KLD:1.924653)
  0%|          | 0/3 [00:00<?, ?it/s] 33%|███▎      | 1/3 [00:00<00:00,  2.83it/s]100%|██████████| 3/3 [00:00<00:00,  6.27it/s]
Epoch 066/3000 Train Loss: 0.127643 (MSE:0.022260, CE:0.014791, KLD:1.887159)  Val Loss: 0.427815 (MSE:0.314849, CE:0.020956, KLD:1.916735)
  0%|          | 0/3 [00:00<?, ?it/s] 33%|███▎      | 1/3 [00:00<00:00,  2.85it/s]100%|██████████| 3/3 [00:00<00:00,  6.27it/s]
Epoch 067/3000 Train Loss: 0.127372 (MSE:0.022327, CE:0.014650, KLD:1.883083)  Val Loss: 0.213404 (MSE:0.103391, CE:0.017641, KLD:1.924261)
  0%|          | 0/3 [00:00<?, ?it/s] 33%|███▎      | 1/3 [00:00<00:00,  2.64it/s]100%|██████████| 3/3 [00:00<00:00,  5.92it/s]
Epoch 068/3000 Train Loss: 0.128050 (MSE:0.023381, CE:0.013885, KLD:1.891174)  Val Loss: 0.170849 (MSE:0.061379, CE:0.017735, KLD:1.911008)
  0%|          | 0/3 [00:00<?, ?it/s] 33%|███▎      | 1/3 [00:00<00:00,  2.52it/s]100%|██████████| 3/3 [00:00<00:00,  5.77it/s]
Epoch 069/3000 Train Loss: 0.127319 (MSE:0.023873, CE:0.013605, KLD:1.871525)  Val Loss: 0.159985 (MSE:0.052495, CE:0.017164, KLD:1.881651)
  0%|          | 0/3 [00:00<?, ?it/s] 33%|███▎      | 1/3 [00:00<00:00,  2.67it/s]100%|██████████| 3/3 [00:00<00:00,  5.75it/s]
Epoch 070/3000 Train Loss: 0.124500 (MSE:0.022635, CE:0.013340, KLD:1.844133)  Val Loss: 0.197967 (MSE:0.092506, CE:0.015857, KLD:1.866599)
  0%|          | 0/3 [00:00<?, ?it/s] 33%|███▎      | 1/3 [00:00<00:00,  2.78it/s]100%|██████████| 3/3 [00:00<00:00,  6.31it/s]
Epoch 071/3000 Train Loss: 0.123571 (MSE:0.022315, CE:0.013196, KLD:1.834448)  Val Loss: 0.244901 (MSE:0.138833, CE:0.016544, KLD:1.864950)
  0%|          | 0/3 [00:00<?, ?it/s] 33%|███▎      | 1/3 [00:00<00:00,  2.79it/s]100%|██████████| 3/3 [00:00<00:00,  6.10it/s]
Epoch 072/3000 Train Loss: 0.122729 (MSE:0.022132, CE:0.012576, KLD:1.833637)  Val Loss: 0.340551 (MSE:0.235063, CE:0.016321, KLD:1.857496)
  0%|          | 0/3 [00:00<?, ?it/s] 33%|███▎      | 1/3 [00:00<00:00,  2.88it/s]100%|██████████| 3/3 [00:00<00:00,  6.48it/s]
Epoch 073/3000 Train Loss: 0.121696 (MSE:0.021837, CE:0.012367, KLD:1.822615)  Val Loss: 0.165952 (MSE:0.061226, CE:0.016355, KLD:1.840934)
  0%|          | 0/3 [00:00<?, ?it/s] 33%|███▎      | 1/3 [00:00<00:00,  2.90it/s]100%|██████████| 3/3 [00:00<00:00,  6.49it/s]
Epoch 074/3000 Train Loss: 0.120328 (MSE:0.021038, CE:0.012401, KLD:1.810047)  Val Loss: 0.153314 (MSE:0.050525, CE:0.014500, KLD:1.839202)
  0%|          | 0/3 [00:00<?, ?it/s] 33%|███▎      | 1/3 [00:00<00:00,  2.43it/s]100%|██████████| 3/3 [00:00<00:00,  5.07it/s]
Epoch 075/3000 Train Loss: 0.119332 (MSE:0.020248, CE:0.012071, KLD:1.812621)  Val Loss: 0.180227 (MSE:0.076792, CE:0.015233, KLD:1.837391)
  0%|          | 0/3 [00:00<?, ?it/s] 33%|███▎      | 1/3 [00:00<00:00,  2.84it/s]100%|██████████| 3/3 [00:00<00:00,  6.23it/s]
Epoch 076/3000 Train Loss: 0.118124 (MSE:0.019367, CE:0.012127, KLD:1.804630)  Val Loss: 0.146294 (MSE:0.043775, CE:0.015292, KLD:1.817090)
  0%|          | 0/3 [00:00<?, ?it/s] 33%|███▎      | 1/3 [00:00<00:00,  2.49it/s]100%|██████████| 3/3 [00:00<00:00,  5.64it/s]
Epoch 077/3000 Train Loss: 0.117740 (MSE:0.020276, CE:0.011632, KLD:1.788029)  Val Loss: 0.447955 (MSE:0.344418, CE:0.016696, KLD:1.809045)
  0%|          | 0/3 [00:00<?, ?it/s] 33%|███▎      | 1/3 [00:00<00:00,  2.74it/s]100%|██████████| 3/3 [00:00<00:00,  6.00it/s]
Epoch 078/3000 Train Loss: 0.117483 (MSE:0.020376, CE:0.011695, KLD:1.779274)  Val Loss: 0.145525 (MSE:0.045269, CE:0.013868, KLD:1.799605)
  0%|          | 0/3 [00:00<?, ?it/s] 33%|███▎      | 1/3 [00:00<00:00,  2.83it/s]100%|██████████| 3/3 [00:00<00:00,  6.10it/s]
Epoch 079/3000 Train Loss: 0.115939 (MSE:0.019946, CE:0.011131, KLD:1.767806)  Val Loss: 0.266649 (MSE:0.167175, CE:0.013970, KLD:1.781218)
  0%|          | 0/3 [00:00<?, ?it/s] 33%|███▎      | 1/3 [00:00<00:00,  2.86it/s]100%|██████████| 3/3 [00:00<0