[I 2025-05-04 17:30:04,085] Trial 9 finished with value: 0.55 and parameters: {'n_estimators': 345, 'max_depth': 14, 'min_samples_split': 10, 'min_samples_leaf': 7}. Best is trial 0 with value: 0.7.
[I 2025-05-04 17:30:04,581] Trial 10 finished with value: 0.65 and parameters: {'n_estimators': 407, 'max_depth': 5, 'min_samples_split': 7, 'min_samples_leaf': 3}. Best is trial 0 with value: 0.7.
[I 2025-05-04 17:30:04,926] Trial 11 finished with value: 0.65 and parameters: {'n_estimators': 204, 'max_depth': 20, 'min_samples_split': 7, 'min_samples_leaf': 2}. Best is trial 0 with value: 0.7.
[I 2025-05-04 17:30:05,366] Trial 12 finished with value: 0.65 and parameters: {'n_estimators': 357, 'max_depth': 20, 'min_samples_split': 7, 'min_samples_leaf': 4}. Best is trial 0 with value: 0.7.
[I 2025-05-04 17:30:06,303] Trial 13 finished with value: 0.65 and parameters: {'n_estimators': 228, 'max_depth': 17, 'min_samples_split': 2, 'min_samples_leaf': 1}. Best is trial 0 with value: 0.7.
[I 2025-05-04 17:30:06,770] Trial 14 finished with value: 0.7 and parameters: {'n_estimators': 398, 'max_depth': 17, 'min_samples_split': 5, 'min_samples_leaf': 5}. Best is trial 0 with value: 0.7.
[I 2025-05-04 17:30:07,259] Trial 15 finished with value: 0.65 and parameters: {'n_estimators': 421, 'max_depth': 6, 'min_samples_split': 6, 'min_samples_leaf': 5}. Best is trial 0 with value: 0.7.
[I 2025-05-04 17:30:07,717] Trial 16 finished with value: 0.65 and parameters: {'n_estimators': 415, 'max_depth': 11, 'min_samples_split': 5, 'min_samples_leaf': 5}. Best is trial 0 with value: 0.7.
[I 2025-05-04 17:30:08,146] Trial 17 finished with value: 0.65 and parameters: {'n_estimators': 382, 'max_depth': 16, 'min_samples_split': 8, 'min_samples_leaf': 4}. Best is trial 0 with value: 0.7.
[I 2025-05-04 17:30:08,637] Trial 18 finished with value: 0.75 and parameters: {'n_estimators': 458, 'max_depth': 8, 'min_samples_split': 4, 'min_samples_leaf': 6}. Best is trial 18 with value: 0.75.
[I 2025-05-04 17:30:09,126] Trial 19 finished with value: 0.7 and parameters: {'n_estimators': 453, 'max_depth': 3, 'min_samples_split': 4, 'min_samples_leaf': 6}. Best is trial 18 with value: 0.75.
[I 2025-05-04 17:30:09,446] Trial 20 finished with value: 0.5 and parameters: {'n_estimators': 251, 'max_depth': 8, 'min_samples_split': 4, 'min_samples_leaf': 7}. Best is trial 18 with value: 0.75.
[I 2025-05-04 17:30:09,969] Trial 21 finished with value: 0.7 and parameters: {'n_estimators': 454, 'max_depth': 12, 'min_samples_split': 5, 'min_samples_leaf': 4}. Best is trial 18 with value: 0.75.
[I 2025-05-04 17:30:10,377] Trial 22 finished with value: 0.65 and parameters: {'n_estimators': 378, 'max_depth': 8, 'min_samples_split': 3, 'min_samples_leaf': 6}. Best is trial 18 with value: 0.75.
[I 2025-05-04 17:30:10,899] Trial 23 finished with value: 0.65 and parameters: {'n_estimators': 454, 'max_depth': 15, 'min_samples_split': 6, 'min_samples_leaf': 5}. Best is trial 18 with value: 0.75.
[I 2025-05-04 17:30:11,316] Trial 24 finished with value: 0.65 and parameters: {'n_estimators': 381, 'max_depth': 18, 'min_samples_split': 5, 'min_samples_leaf': 3}. Best is trial 18 with value: 0.75.
[I 2025-05-04 17:30:11,710] Trial 25 finished with value: 0.7 and parameters: {'n_estimators': 314, 'max_depth': 12, 'min_samples_split': 8, 'min_samples_leaf': 6}. Best is trial 18 with value: 0.75.
[I 2025-05-04 17:30:12,210] Trial 26 finished with value: 0.5 and parameters: {'n_estimators': 427, 'max_depth': 6, 'min_samples_split': 3, 'min_samples_leaf': 7}. Best is trial 18 with value: 0.75.
[I 2025-05-04 17:30:12,685] Trial 27 finished with value: 0.7 and parameters: {'n_estimators': 348, 'max_depth': 16, 'min_samples_split': 4, 'min_samples_leaf': 5}. Best is trial 18 with value: 0.75.
[I 2025-05-04 17:30:13,244] Trial 28 finished with value: 0.65 and parameters: {'n_estimators': 464, 'max_depth': 10, 'min_samples_split': 6, 'min_samples_leaf': 3}. Best is trial 18 with value: 0.75.
[I 2025-05-04 17:30:13,597] Trial 29 finished with value: 0.5 and parameters: {'n_estimators': 283, 'max_depth': 14, 'min_samples_split': 8, 'min_samples_leaf': 8}. Best is trial 18 with value: 0.75.
[I 2025-05-04 17:30:16,381] A new study created in memory with name: svc
Parámetros guardados en checkpoint_shoppers_Dlatent_Roriginal/k_center/best_models_k_center_seed_0/rf_best_params.json


>>> Optuna tuning svc


[I 2025-05-04 17:30:19,156] Trial 0 finished with value: 0.6 and parameters: {'C': 1.5676677195506077, 'gamma': 0.07257005721594278}. Best is trial 0 with value: 0.6.
[I 2025-05-04 17:30:19,554] Trial 1 finished with value: 0.5 and parameters: {'C': 2.57663857461359, 'gamma': 0.01511933646764101}. Best is trial 0 with value: 0.6.
[I 2025-05-04 17:30:19,571] Trial 2 finished with value: 0.55 and parameters: {'C': 0.49501595537331966, 'gamma': 0.03833332156156663}. Best is trial 0 with value: 0.6.
[I 2025-05-04 17:30:19,585] Trial 3 finished with value: 0.7 and parameters: {'C': 0.5627932047415171, 'gamma': 0.36905577292137587}. Best is trial 3 with value: 0.7.
[I 2025-05-04 17:30:19,599] Trial 4 finished with value: 0.6 and parameters: {'C': 71.55682161754872, 'gamma': 0.0034179529120610124}. Best is trial 3 with value: 0.7.
[I 2025-05-04 17:30:19,613] Trial 5 finished with value: 0.65 and parameters: {'C': 14.68588598920087, 'gamma': 0.013049073550362394}. Best is trial 3 with value: 0.7.
[I 2025-05-04 17:30:19,628] Trial 6 finished with value: 0.75 and parameters: {'C': 1.871450068624068, 'gamma': 0.503948959867121}. Best is trial 6 with value: 0.75.
[I 2025-05-04 17:30:19,641] Trial 7 finished with value: 0.4 and parameters: {'C': 0.0192373050965465, 'gamma': 0.00022310905607443037}. Best is trial 6 with value: 0.75.
[I 2025-05-04 17:30:19,666] Trial 8 finished with value: 0.7 and parameters: {'C': 0.012046852412030323, 'gamma': 0.2140323314098606}. Best is trial 6 with value: 0.75.
[I 2025-05-04 17:30:19,681] Trial 9 finished with value: 0.6 and parameters: {'C': 12.960656597279739, 'gamma': 0.3020289640158664}. Best is trial 6 with value: 0.75.
[I 2025-05-04 17:30:19,706] Trial 10 finished with value: 0.4 and parameters: {'C': 0.1835922107736116, 'gamma': 0.0014453557297830738}. Best is trial 6 with value: 0.75.
[I 2025-05-04 17:30:20,337] Trial 11 finished with value: 0.6 and parameters: {'C': 0.16619628771824985, 'gamma': 0.7681966302037487}. Best is trial 6 with value: 0.75.
[I 2025-05-04 17:30:20,364] Trial 12 finished with value: 0.75 and parameters: {'C': 4.905546466260248, 'gamma': 0.9200511914345111}. Best is trial 6 with value: 0.75.
[I 2025-05-04 17:30:21,041] Trial 13 finished with value: 0.75 and parameters: {'C': 6.245590706960341, 'gamma': 0.8858102528615501}. Best is trial 6 with value: 0.75.
[I 2025-05-04 17:30:21,067] Trial 14 finished with value: 0.6 and parameters: {'C': 74.75399867013003, 'gamma': 0.09381599947348813}. Best is trial 6 with value: 0.75.
[I 2025-05-04 17:30:21,092] Trial 15 finished with value: 0.6 and parameters: {'C': 4.413576245742883, 'gamma': 0.13271753632697145}. Best is trial 6 with value: 0.75.
[I 2025-05-04 17:30:21,782] Trial 16 finished with value: 0.6 and parameters: {'C': 16.619649905750073, 'gamma': 0.035731420633294785}. Best is trial 6 with value: 0.75.
[I 2025-05-04 17:30:21,807] Trial 17 finished with value: 0.55 and parameters: {'C': 0.06651176441173688, 'gamma': 0.956163458479662}. Best is trial 6 with value: 0.75.
[I 2025-05-04 17:30:21,832] Trial 18 finished with value: 0.4 and parameters: {'C': 0.9394559547384776, 'gamma': 0.0001052900452630541}. Best is trial 6 with value: 0.75.
[I 2025-05-04 17:30:21,856] Trial 19 finished with value: 0.6 and parameters: {'C': 30.12764023224531, 'gamma': 0.0032085522170209914}. Best is trial 6 with value: 0.75.
[I 2025-05-04 17:30:21,881] Trial 20 finished with value: 0.6 and parameters: {'C': 4.613591093173681, 'gamma': 0.345941301528781}. Best is trial 6 with value: 0.75.
[I 2025-05-04 17:30:21,902] Trial 21 finished with value: 0.75 and parameters: {'C': 4.683150626253872, 'gamma': 0.9003410090635775}. Best is trial 6 with value: 0.75.
[I 2025-05-04 17:30:21,923] Trial 22 finished with value: 0.6 and parameters: {'C': 9.23500548964863, 'gamma': 0.3380369498572994}. Best is trial 6 with value: 0.75.
[I 2025-05-04 17:30:22,603] Trial 23 finished with value: 0.75 and parameters: {'C': 1.6545469427655615, 'gamma': 0.5713447168876348}. Best is trial 6 with value: 0.75.
[I 2025-05-04 17:30:23,421] Trial 24 finished with value: 0.6 and parameters: {'C': 29.2049564480579, 'gamma': 0.14152871373476078}. Best is trial 6 with value: 0.75.
[I 2025-05-04 17:30:23,441] Trial 25 finished with value: 0.6 and parameters: {'C': 5.011937314517433, 'gamma': 0.05569750068081285}. Best is trial 6 with value: 0.75.
[I 2025-05-04 17:30:23,461] Trial 26 finished with value: 0.7 and parameters: {'C': 0.47150978509312047, 'gamma': 0.1668529628497666}. Best is trial 6 with value: 0.75.
[I 2025-05-04 17:30:23,481] Trial 27 finished with value: 0.75 and parameters: {'C': 2.3332318786851527, 'gamma': 0.5314371442414307}. Best is trial 6 with value: 0.75.
[I 2025-05-04 17:30:23,501] Trial 28 finished with value: 0.4 and parameters: {'C': 7.609230299904027, 'gamma': 0.0008636834106745535}. Best is trial 6 with value: 0.75.
[I 2025-05-04 17:30:23,521] Trial 29 finished with value: 0.6 and parameters: {'C': 1.0730019579524486, 'gamma': 0.05706928644550931}. Best is trial 6 with value: 0.75.
/data/home/rtabares/anaconda3/envs/pyth3.12/lib/python3.12/site-packages/xgboost/core.py:377: FutureWarning: Your system has an old version of glibc (< 2.28). We will stop supporting Linux distros with glibc older than 2.28 after **May 31, 2025**. Please upgrade to a recent Linux distro (with glibc >= 2.28) to use future versions of XGBoost.
Note: You have installed the 'manylinux2014' variant of XGBoost. Certain features such as GPU algorithms or federated learning are not available. To use these features, please upgrade to a recent Linux distro with glibc 2.28+, and install the 'manylinux_2_28' variant.
  warnings.warn(
[I 2025-05-04 17:30:26,600] A new study created in memory with name: logreg
Parámetros guardados en checkpoint_shoppers_Dlatent_Roriginal/k_center/best_models_k_center_seed_0/svc_best_params.json


>>> Optuna tuning logreg


[I 2025-05-04 17:30:28,423] Trial 0 finished with value: 0.55 and parameters: {'C': 0.5547119471592125, 'penalty': 'l2'}. Best is trial 0 with value: 0.55.
[I 2025-05-04 17:30:28,656] Trial 1 finished with value: 0.55 and parameters: {'C': 3.7665768415992953, 'penalty': 'l2'}. Best is trial 0 with value: 0.55.
[I 2025-05-04 17:30:28,685] Trial 2 finished with value: 0.6 and parameters: {'C': 1.032326035197657, 'penalty': 'l2'}. Best is trial 2 with value: 0.6.
[I 2025-05-04 17:30:28,710] Trial 3 finished with value: 0.55 and parameters: {'C': 0.530170934757683, 'penalty': 'l2'}. Best is trial 2 with value: 0.6.
[I 2025-05-04 17:30:28,725] Trial 4 finished with value: 0.6 and parameters: {'C': 0.13130280280658593, 'penalty': 'l2'}. Best is trial 2 with value: 0.6.
[I 2025-05-04 17:30:28,748] Trial 5 finished with value: 0.6 and parameters: {'C': 1.6961746387290997, 'penalty': 'l2'}. Best is trial 2 with value: 0.6.
[I 2025-05-04 17:30:28,773] Trial 6 finished with value: 0.6 and parameters: {'C': 0.15414734761917095, 'penalty': 'l2'}. Best is trial 2 with value: 0.6.
[I 2025-05-04 17:30:28,798] Trial 7 finished with value: 0.6 and parameters: {'C': 28.765041432546976, 'penalty': 'l2'}. Best is trial 2 with value: 0.6.
[I 2025-05-04 17:30:28,823] Trial 8 finished with value: 0.6 and parameters: {'C': 65.81332043291806, 'penalty': 'l2'}. Best is trial 2 with value: 0.6.
[I 2025-05-04 17:30:28,848] Trial 9 finished with value: 0.6 and parameters: {'C': 0.08264328927007726, 'penalty': 'l2'}. Best is trial 2 with value: 0.6.
[I 2025-05-04 17:30:28,878] Trial 10 finished with value: 0.6 and parameters: {'C': 0.002101331318459542, 'penalty': 'l2'}. Best is trial 2 with value: 0.6.
[I 2025-05-04 17:30:29,535] Trial 11 finished with value: 0.6 and parameters: {'C': 0.013959484879412634, 'penalty': 'l2'}. Best is trial 2 with value: 0.6.
[I 2025-05-04 17:30:30,203] Trial 12 finished with value: 0.6 and parameters: {'C': 0.033556499357206324, 'penalty': 'l2'}. Best is trial 2 with value: 0.6.
[I 2025-05-04 17:30:30,872] Trial 13 finished with value: 0.55 and parameters: {'C': 7.249790768666436, 'penalty': 'l2'}. Best is trial 2 with value: 0.6.
[I 2025-05-04 17:30:30,902] Trial 14 finished with value: 0.6 and parameters: {'C': 0.011942642635731818, 'penalty': 'l2'}. Best is trial 2 with value: 0.6.
[I 2025-05-04 17:30:30,932] Trial 15 finished with value: 0.6 and parameters: {'C': 1.1666280833492, 'penalty': 'l2'}. Best is trial 2 with value: 0.6.
[I 2025-05-04 17:30:30,963] Trial 16 finished with value: 0.6 and parameters: {'C': 0.16346307869043572, 'penalty': 'l2'}. Best is trial 2 with value: 0.6.
[I 2025-05-04 17:30:30,994] Trial 17 finished with value: 0.55 and parameters: {'C': 12.724344283480171, 'penalty': 'l2'}. Best is trial 2 with value: 0.6.
[I 2025-05-04 17:30:31,652] Trial 18 finished with value: 0.6 and parameters: {'C': 0.0011621032755888918, 'penalty': 'l2'}. Best is trial 2 with value: 0.6.
[I 2025-05-04 17:30:31,683] Trial 19 finished with value: 0.6 and parameters: {'C': 0.029594372444083968, 'penalty': 'l2'}. Best is trial 2 with value: 0.6.
[I 2025-05-04 17:30:31,714] Trial 20 finished with value: 0.6 and parameters: {'C': 1.9947728396813589, 'penalty': 'l2'}. Best is trial 2 with value: 0.6.
[I 2025-05-04 17:30:31,744] Trial 21 finished with value: 0.6 and parameters: {'C': 0.9831544894317934, 'penalty': 'l2'}. Best is trial 2 with value: 0.6.
[I 2025-05-04 17:30:32,411] Trial 22 finished with value: 0.6 and parameters: {'C': 0.3044046767290204, 'penalty': 'l2'}. Best is trial 2 with value: 0.6.
[I 2025-05-04 17:30:32,436] Trial 23 finished with value: 0.6 and parameters: {'C': 2.38833269858923, 'penalty': 'l2'}. Best is trial 2 with value: 0.6.
[I 2025-05-04 17:30:32,462] Trial 24 finished with value: 0.55 and parameters: {'C': 6.727068426468175, 'penalty': 'l2'}. Best is trial 2 with value: 0.6.
[I 2025-05-04 17:30:32,478] Trial 25 finished with value: 0.6 and parameters: {'C': 0.06573571603710766, 'penalty': 'l2'}. Best is trial 2 with value: 0.6.
[I 2025-05-04 17:30:32,493] Trial 26 finished with value: 0.6 and parameters: {'C': 0.30834407214384363, 'penalty': 'l2'}. Best is trial 2 with value: 0.6.
[I 2025-05-04 17:30:32,518] Trial 27 finished with value: 0.6 and parameters: {'C': 20.189203365219345, 'penalty': 'l2'}. Best is trial 2 with value: 0.6.
[I 2025-05-04 17:30:32,533] Trial 28 finished with value: 0.6 and parameters: {'C': 1.012258775561397, 'penalty': 'l2'}. Best is trial 2 with value: 0.6.
[I 2025-05-04 17:30:32,549] Trial 29 finished with value: 0.55 and parameters: {'C': 0.5094447062762105, 'penalty': 'l2'}. Best is trial 2 with value: 0.6.
[I 2025-05-04 17:30:34,390] A new study created in memory with name: mlp
Parámetros guardados en checkpoint_shoppers_Dlatent_Roriginal/k_center/best_models_k_center_seed_0/logreg_best_params.json


>>> Optuna tuning mlp


/data/home/rtabares/anaconda3/envs/pyth3.12/lib/python3.12/site-packages/sklearn/neural_network/_multilayer_perceptron.py:691: ConvergenceWarning: Stochastic Optimizer: Maximum iterations (50) reached and the optimization hasn't converged yet.
  warnings.warn(
/data/home/rtabares/anaconda3/envs/pyth3.12/lib/python3.12/site-packages/sklearn/neural_network/_multilayer_perceptron.py:691: ConvergenceWarning: Stochastic Optimizer: Maximum iterations (50) reached and the optimization hasn't converged yet.
  warnings.warn(
/data/home/rtabares/anaconda3/envs/pyth3.12/lib/python3.12/site-packages/sklearn/neural_network/_multilayer_perceptron.py:691: ConvergenceWarning: Stochastic Optimizer: Maximum iterations (50) reached and the optimization hasn't converged yet.
  warnings.warn(
/data/home/rtabares/anaconda3/envs/pyth3.12/lib/python3.12/site-packages/sklearn/neural_network/_multilayer_perceptron.py:691: ConvergenceWarning: Stochastic Optimizer: Maximum iterations (50) reached and the optimization hasn't converged yet.
  warnings.warn(
/data/home/rtabares/anaconda3/envs/pyth3.12/lib/python3.12/site-packages/sklearn/neural_network/_multilayer_perceptron.py:691: ConvergenceWarning: Stochastic Optimizer: Maximum iterations (50) reached and the optimization hasn't converged yet.
  warnings.warn(
[I 2025-05-04 17:30:37,283] Trial 0 finished with value: 0.55 and parameters: {'hidden_layer_sizes': (200,), 'max_iter': 50, 'alpha': 0.0001}. Best is trial 0 with value: 0.55.
/data/home/rtabares/anaconda3/envs/pyth3.12/lib/python3.12/site-packages/sklearn/neural_network/_multilayer_perceptron.py:691: ConvergenceWarning: Stochastic Optimizer: Maximum iterations (50) reached and the optimization hasn't converged yet.
  warnings.warn(
/data/home/rtabares/anaconda3/envs/pyth3.12/lib/python3.12/site-packages/sklearn/neural_network/_multilayer_perceptron.py:691: ConvergenceWarning: Stochastic Optimizer: Maximum iterations (50) reached and the optimization hasn't converged yet.
  warnings.warn(
/data/home/rtabares/anaconda3/envs/pyth3.12/lib/python3.12/site-packages/sklearn/neural_network/_multilayer_perceptron.py:691: ConvergenceWarning: Stochastic Optimizer: Maximum iterations (50) reached and the optimization hasn't converged yet.
  warnings.warn(
/data/home/rtabares/anaconda3/envs/pyth3.12/lib/python3.12/site-packages/sklearn/neural_network/_multilayer_perceptron.py:691: ConvergenceWarning: Stochastic Optimizer: Maximum iterations (50) reached and the optimization hasn't converged yet.
  warnings.warn(
/data/home/rtabares/anaconda3/envs/pyth3.12/lib/python3.12/site-packages/sklearn/neural_network/_multilayer_perceptron.py:691: ConvergenceWarning: Stochastic Optimizer: Maximum iterations (50) reached and the optimization hasn't converged yet.
  warnings.warn(
[I 2025-05-04 17:30:37,731] Trial 1 finished with value: 0.55 and parameters: {'hidden_layer_sizes': (200,), 'max_iter': 50, 'alpha': 0.001}. Best is trial 0 with value: 0.55.
/data/home/rtabares/anaconda3/envs/pyth3.12/lib/python3.12/site-packages/sklearn/neural_network/_multilayer_perceptron.py:691: ConvergenceWarning: Stochastic Optimizer: Maximum iterations (50) reached and the optimization hasn't converged yet.
  warnings.warn(
/data/home/rtabares/anaconda3/envs/pyth3.12/lib/python3.12/site-packages/sklearn/neural_network/_multilayer_perceptron.py:691: ConvergenceWarning: Stochastic Optimizer: Maximum iterations (50) reached and the optimization hasn't converged yet.
  warnings.warn(
/data/home/rtabares/anaconda3/envs/pyth3.12/lib/python3.12/site-packages/sklearn/neural_network/_multilayer_perceptron.py:691: ConvergenceWarning: Stochastic Optimizer: Maximum iterations (50) reached and the optimization hasn't converged yet.
  warnings.warn(
/data/home/rtabares/anaconda3/envs/pyth3.12/lib/python3.12/site-packages/sklearn/neural_network/_multilayer_perceptron.py:691: ConvergenceWarning: Stochastic Optimizer: Maximum iterations (50) reached and the optimization hasn't converged yet.
  warnings.warn(
/data/home/rtabares/anaconda3/envs/pyth3.12/lib/python3.12/site-packages/sklearn/neural_network/_multilayer_perceptron.py:691: ConvergenceWarning: Stochastic Optimizer: Maximum iterations (50) reached and the optimization hasn't converged yet.
  warnings.warn(
[I 2025-05-04 17:30:37,781] Trial 2 finished with value: 0.5 and parameters: {'hidden_layer_sizes': (200,), 'max_iter': 50, 'alpha': 0.001}. Best is trial 0 with value: 0.55.
/data/home/rtabares/anaconda3/envs/pyth3.12/lib/python3.12/site-packages/sklearn/neural_network/_multilayer_perceptron.py:691: ConvergenceWarning: Stochastic Optimizer: Maximum iterations (100) reached and the optimization hasn't converged yet.
  warnings.warn(
/data/home/rtabares/anaconda3/envs/pyth3.12/lib/python3.12/site-packages/sklearn/neural_network/_multilayer_perceptron.py:691: ConvergenceWarning: Stochastic Optimizer: Maximum iterations (100) reached and the optimization hasn't converged yet.
  warnings.warn(
/data/home/rtabares/anaconda3/envs/pyth3.12/lib/python3.12/site-packages/sklearn/neural_network/_multilayer_perceptron.py:691: ConvergenceWarning: Stochastic Optimizer: Maximum iterations (100) reached and the optimization hasn't converged yet.
  warnings.warn(
/data/home/rtabares/anaconda3/envs/pyth3.12/lib/python3.12/site-packages/sklearn/neural_network/_multilayer_perceptron.py:691: ConvergenceWarning: Stochastic Optimizer: Maximum iterations (100) reached and the optimization hasn't converged yet.
  warnings.warn(
/data/home/rtabares/anaconda3/envs/pyth3.12/lib/python3.12/site-packages/sklearn/neural_network/_multilayer_perceptron.py:691: ConvergenceWarning: Stochastic Optimizer: Maximum iterations (100) reached and the optimization hasn't converged yet.
  warnings.warn(
