[I 2025-05-05 20:36:54,898] Trial 29 finished with value: 0.45 and parameters: {'hidden_layer_sizes': (200,), 'max_iter': 50, 'alpha': 0.0001}. Best is trial 12 with value: 0.65.
/data/home/rtabares/anaconda3/envs/pyth3.12/lib/python3.12/site-packages/xgboost/core.py:377: FutureWarning: Your system has an old version of glibc (< 2.28). We will stop supporting Linux distros with glibc older than 2.28 after **May 31, 2025**. Please upgrade to a recent Linux distro (with glibc >= 2.28) to use future versions of XGBoost.
Note: You have installed the 'manylinux2014' variant of XGBoost. Certain features such as GPU algorithms or federated learning are not available. To use these features, please upgrade to a recent Linux distro with glibc 2.28+, and install the 'manylinux_2_28' variant.
  warnings.warn(
Parámetros guardados en checkpoint_shoppers_Dlatent_Roriginal_ft_A/random/IPC_10/best_models_random_seed_0/mlp_best_params.json
Categoricas entrenamiento:  7
Datos unicos de y_train:  [False  True]
Datos unicos de y_train luego:  [0 1]
No se creó ClassifierHead (num_classes no proporcionado o <= 0).
ModelVAE(
  (VAE): VAE(
    (Tokenizer): Tokenizer(
      (categorical_embeddings): Embedding(65, 4)
    )
    (encoder_mu): Transformer(
      (layers): ModuleList(
        (0): ModuleDict(
          (attention): MultiheadAttention(
            (W_q): Linear(in_features=4, out_features=4, bias=True)
            (W_k): Linear(in_features=4, out_features=4, bias=True)
            (W_v): Linear(in_features=4, out_features=4, bias=True)
            (W_out): Linear(in_features=4, out_features=4, bias=True)
          )
          (linear0): Linear(in_features=4, out_features=128, bias=True)
          (linear1): Linear(in_features=128, out_features=4, bias=True)
          (norm1): LayerNorm((4,), eps=1e-05, elementwise_affine=True)
        )
      )
      (activation): ReLU()
      (last_activation): ReLU()
      (last_normalization): LayerNorm((4,), eps=1e-05, elementwise_affine=True)
      (head): Linear(in_features=4, out_features=4, bias=True)
    )
    (encoder_logvar): Transformer(
      (layers): ModuleList(
        (0): ModuleDict(
          (attention): MultiheadAttention(
            (W_q): Linear(in_features=4, out_features=4, bias=True)
            (W_k): Linear(in_features=4, out_features=4, bias=True)
            (W_v): Linear(in_features=4, out_features=4, bias=True)
            (W_out): Linear(in_features=4, out_features=4, bias=True)
          )
          (linear0): Linear(in_features=4, out_features=128, bias=True)
          (linear1): Linear(in_features=128, out_features=4, bias=True)
          (norm1): LayerNorm((4,), eps=1e-05, elementwise_affine=True)
        )
      )
      (activation): ReLU()
      (last_activation): ReLU()
      (last_normalization): LayerNorm((4,), eps=1e-05, elementwise_affine=True)
      (head): Linear(in_features=4, out_features=4, bias=True)
    )
    (decoder): Transformer(
      (layers): ModuleList(
        (0): ModuleDict(
          (attention): MultiheadAttention(
            (W_q): Linear(in_features=4, out_features=4, bias=True)
            (W_k): Linear(in_features=4, out_features=4, bias=True)
            (W_v): Linear(in_features=4, out_features=4, bias=True)
            (W_out): Linear(in_features=4, out_features=4, bias=True)
          )
          (linear0): Linear(in_features=4, out_features=128, bias=True)
          (linear1): Linear(in_features=128, out_features=4, bias=True)
          (norm1): LayerNorm((4,), eps=1e-05, elementwise_affine=True)
        )
      )
      (activation): ReLU()
      (last_activation): ReLU()
      (last_normalization): LayerNorm((4,), eps=1e-05, elementwise_affine=True)
      (head): Linear(in_features=4, out_features=4, bias=True)
    )
  )
  (Reconstructor): Reconstructor(
    (cat_recons): ModuleList(
      (0): Linear(in_features=4, out_features=10, bias=True)
      (1): Linear(in_features=4, out_features=8, bias=True)
      (2): Linear(in_features=4, out_features=13, bias=True)
      (3): Linear(in_features=4, out_features=9, bias=True)
      (4): Linear(in_features=4, out_features=20, bias=True)
      (5): Linear(in_features=4, out_features=3, bias=True)
      (6): Linear(in_features=4, out_features=2, bias=True)
    )
  )
)
  0%|          | 0/3 [00:00<?, ?it/s] 33%|███▎      | 1/3 [00:00<00:01,  1.12it/s]100%|██████████| 3/3 [00:01<00:00,  2.98it/s]
Epoch 001/3000 Train Loss: 3.310902 (MSE:1.250576, CE:2.051141, KLD:0.191315)  Val Loss: 3.039170 (MSE:1.102018, CE:1.916172, KLD:0.437055)
  0%|          | 0/3 [00:00<?, ?it/s] 33%|███▎      | 1/3 [00:00<00:00,  3.09it/s]100%|██████████| 3/3 [00:00<00:00,  6.60it/s]
Epoch 002/3000 Train Loss: 2.858849 (MSE:0.967263, CE:1.862761, KLD:0.600478)  Val Loss: 2.748511 (MSE:0.984346, CE:1.711858, KLD:1.089635)
  0%|          | 0/3 [00:00<?, ?it/s] 33%|███▎      | 1/3 [00:00<00:00,  3.11it/s]100%|██████████| 3/3 [00:00<00:00,  6.49it/s]
Epoch 003/3000 Train Loss: 2.478323 (MSE:0.774063, CE:1.640126, KLD:1.336028)  Val Loss: 2.339212 (MSE:0.781804, CE:1.463890, KLD:1.948135)
  0%|          | 0/3 [00:00<?, ?it/s] 33%|███▎      | 1/3 [00:00<00:00,  3.19it/s]100%|██████████| 3/3 [00:00<00:00,  6.92it/s]
Epoch 004/3000 Train Loss: 2.091736 (MSE:0.604367, CE:1.382992, KLD:2.174355)  Val Loss: 1.967699 (MSE:0.620667, CE:1.218745, KLD:2.672436)
  0%|          | 0/3 [00:00<?, ?it/s] 33%|███▎      | 1/3 [00:00<00:00,  3.12it/s]100%|██████████| 3/3 [00:00<00:00,  6.85it/s]
Epoch 005/3000 Train Loss: 1.756989 (MSE:0.474476, CE:1.147915, KLD:2.803896)  Val Loss: 1.616664 (MSE:0.452414, CE:1.016734, KLD:3.073007)
  0%|          | 0/3 [00:00<?, ?it/s] 33%|███▎      | 1/3 [00:00<00:00,  3.09it/s]100%|██████████| 3/3 [00:00<00:00,  6.69it/s]
Epoch 006/3000 Train Loss: 1.469067 (MSE:0.350385, CE:0.969443, KLD:3.108918)  Val Loss: 1.420597 (MSE:0.389467, CE:0.879493, KLD:3.158836)
  0%|          | 0/3 [00:00<?, ?it/s] 33%|███▎      | 1/3 [00:00<00:00,  3.04it/s]100%|██████████| 3/3 [00:00<00:00,  6.75it/s]
Epoch 007/3000 Train Loss: 1.237533 (MSE:0.247646, CE:0.840848, KLD:3.104762)  Val Loss: 1.158691 (MSE:0.252742, CE:0.763533, KLD:2.966769)
  0%|          | 0/3 [00:00<?, ?it/s] 33%|███▎      | 1/3 [00:00<00:00,  3.03it/s]100%|██████████| 3/3 [00:00<00:00,  6.49it/s]
Epoch 008/3000 Train Loss: 1.053376 (MSE:0.186631, CE:0.729569, KLD:2.857610)  Val Loss: 1.120248 (MSE:0.321636, CE:0.669882, KLD:2.681680)
  0%|          | 0/3 [00:00<?, ?it/s] 33%|███▎      | 1/3 [00:00<00:00,  3.00it/s]100%|██████████| 3/3 [00:00<00:00,  6.51it/s]
Epoch 009/3000 Train Loss: 0.919840 (MSE:0.158927, CE:0.636247, KLD:2.596998)  Val Loss: 0.925966 (MSE:0.225608, CE:0.579360, KLD:2.520596)
  0%|          | 0/3 [00:00<?, ?it/s] 33%|███▎      | 1/3 [00:00<00:00,  3.06it/s]100%|██████████| 3/3 [00:00<00:00,  6.50it/s]
Epoch 010/3000 Train Loss: 0.808576 (MSE:0.135600, CE:0.554998, KLD:2.457671)  Val Loss: 0.817298 (MSE:0.189671, CE:0.510605, KLD:2.437762)
  0%|          | 0/3 [00:00<?, ?it/s] 33%|███▎      | 1/3 [00:00<00:00,  2.21it/s]100%|██████████| 3/3 [00:00<00:00,  5.08it/s]
Epoch 011/3000 Train Loss: 0.715828 (MSE:0.113610, CE:0.486487, KLD:2.410860)  Val Loss: 0.718178 (MSE:0.160041, CE:0.438401, KLD:2.494291)
  0%|          | 0/3 [00:00<?, ?it/s] 33%|███▎      | 1/3 [00:00<00:00,  2.85it/s]100%|██████████| 3/3 [00:00<00:00,  6.33it/s]
Epoch 012/3000 Train Loss: 0.630418 (MSE:0.097367, CE:0.412374, KLD:2.513915)  Val Loss: 0.630097 (MSE:0.138332, CE:0.364848, KLD:2.643901)
  0%|          | 0/3 [00:00<?, ?it/s] 33%|███▎      | 1/3 [00:00<00:00,  2.95it/s]100%|██████████| 3/3 [00:00<00:00,  6.33it/s]
Epoch 013/3000 Train Loss: 0.555187 (MSE:0.082141, CE:0.345361, KLD:2.659882)  Val Loss: 0.569419 (MSE:0.129772, CE:0.307277, KLD:2.757503)
  0%|          | 0/3 [00:00<?, ?it/s] 33%|███▎      | 1/3 [00:00<00:00,  3.11it/s]100%|██████████| 3/3 [00:00<00:00,  6.74it/s]
Epoch 014/3000 Train Loss: 0.490271 (MSE:0.067979, CE:0.290771, KLD:2.739820)  Val Loss: 0.511986 (MSE:0.117707, CE:0.262560, KLD:2.743942)
  0%|          | 0/3 [00:00<?, ?it/s] 33%|███▎      | 1/3 [00:00<00:00,  3.04it/s]100%|██████████| 3/3 [00:00<00:00,  6.78it/s]
Epoch 015/3000 Train Loss: 0.441559 (MSE:0.062066, CE:0.250417, KLD:2.688886)  Val Loss: 0.466585 (MSE:0.108268, CE:0.230835, KLD:2.655678)
  0%|          | 0/3 [00:00<?, ?it/s] 33%|███▎      | 1/3 [00:00<00:00,  3.12it/s]100%|██████████| 3/3 [00:00<00:00,  6.86it/s]
Epoch 016/3000 Train Loss: 0.402468 (MSE:0.057416, CE:0.220082, KLD:2.603331)  Val Loss: 0.432698 (MSE:0.099507, CE:0.208658, KLD:2.594221)
  0%|          | 0/3 [00:00<?, ?it/s] 33%|███▎      | 1/3 [00:00<00:00,  2.98it/s]100%|██████████| 3/3 [00:00<00:00,  6.52it/s]
Epoch 017/3000 Train Loss: 0.368423 (MSE:0.050049, CE:0.195469, KLD:2.560308)  Val Loss: 0.396421 (MSE:0.090000, CE:0.182479, KLD:2.581933)
  0%|          | 0/3 [00:00<?, ?it/s] 33%|███▎      | 1/3 [00:00<00:00,  3.03it/s]100%|██████████| 3/3 [00:00<00:00,  6.58it/s]
Epoch 018/3000 Train Loss: 0.340357 (MSE:0.044665, CE:0.173392, KLD:2.547707)  Val Loss: 0.367883 (MSE:0.081353, CE:0.163877, KLD:2.555063)
  0%|          | 0/3 [00:00<?, ?it/s] 33%|███▎      | 1/3 [00:00<00:00,  2.98it/s]100%|██████████| 3/3 [00:00<00:00,  6.45it/s]
Epoch 019/3000 Train Loss: 0.316144 (MSE:0.040934, CE:0.154743, KLD:2.509527)  Val Loss: 0.348583 (MSE:0.082415, CE:0.146912, KLD:2.484291)
  0%|          | 0/3 [00:00<?, ?it/s] 33%|███▎      | 1/3 [00:00<00:00,  3.09it/s]100%|██████████| 3/3 [00:00<00:00,  6.61it/s]
Epoch 020/3000 Train Loss: 0.293685 (MSE:0.037853, CE:0.139137, KLD:2.430960)  Val Loss: 0.324358 (MSE:0.076927, CE:0.132551, KLD:2.393139)
  0%|          | 0/3 [00:00<?, ?it/s] 33%|███▎      | 1/3 [00:00<00:00,  3.05it/s]100%|██████████| 3/3 [00:00<00:00,  5.86it/s]
Epoch 021/3000 Train Loss: 0.275897 (MSE:0.037653, CE:0.125559, KLD:2.347416)  Val Loss: 0.319275 (MSE:0.086158, CE:0.120932, KLD:2.337007)
  0%|          | 0/3 [00:00<?, ?it/s] 33%|███▎      | 1/3 [00:00<00:00,  2.05it/s]100%|██████████| 3/3 [00:00<00:00,  4.59it/s]
Epoch 022/3000 Train Loss: 0.279160 (MSE:0.054508, CE:0.113690, KLD:2.311532)  Val Loss: 0.336982 (MSE:0.114000, CE:0.110286, KLD:2.347638)
  0%|          | 0/3 [00:00<?, ?it/s] 33%|███▎      | 1/3 [00:00<00:00,  2.42it/s]100%|██████████| 3/3 [00:00<00:00,  5.62it/s]
Epoch 023/3000 Train Loss: 0.268344 (MSE:0.054033, CE:0.102549, KLD:2.328189)  Val Loss: 0.292520 (MSE:0.081612, CE:0.097878, KLD:2.354603)
  0%|          | 0/3 [00:00<?, ?it/s] 33%|███▎      | 1/3 [00:00<00:00,  3.04it/s]100%|██████████| 3/3 [00:00<00:00,  6.68it/s]
Epoch 024/3000 Train Loss: 0.243023 (MSE:0.039674, CE:0.092005, KLD:2.319501)  Val Loss: 0.281979 (MSE:0.082002, CE:0.089424, KLD:2.302995)
  0%|          | 0/3 [00:00<?, ?it/s] 33%|███▎      | 1/3 [00:00<00:00,  3.05it/s]100%|██████████| 3/3 [00:00<00:00,  6.77it/s]
Epoch 025/3000 Train Loss: 0.229717 (MSE:0.038617, CE:0.082782, KLD:2.256444)  Val Loss: 0.267709 (MSE:0.080191, CE:0.080689, KLD:2.225430)
  0%|          | 0/3 [00:00<?, ?it/s] 33%|███▎      | 1/3 [00:00<00:00,  2.97it/s]100%|██████████| 3/3 [00:00<00:00,  6.65it/s]
Epoch 026/3000 Train Loss: 0.215205 (MSE:0.035705, CE:0.074581, KLD:2.185646)  Val Loss: 0.254043 (MSE:0.076718, CE:0.072964, KLD:2.174029)
  0%|          | 0/3 [00:00<?, ?it/s] 33%|███▎      | 1/3 [00:00<00:00,  2.98it/s]100%|██████████| 3/3 [00:00<00:00,  6.46it/s]
Epoch 027/3000 Train Loss: 0.204519 (MSE:0.034333, CE:0.067122, KLD:2.146968)  Val Loss: 0.235339 (MSE:0.067070, CE:0.064407, KLD:2.163629)
  0%|          | 0/3 [00:00<?, ?it/s] 33%|███▎      | 1/3 [00:00<00:00,  2.98it/s]100%|██████████| 3/3 [00:00<00:00,  6.51it/s]
Epoch 028/3000 Train Loss: 0.193129 (MSE:0.030501, CE:0.059758, KLD:2.142960)  Val Loss: 0.232669 (MSE:0.071665, CE:0.057377, KLD:2.158707)
  0%|          | 0/3 [00:00<?, ?it/s] 33%|███▎      | 1/3 [00:00<00:00,  3.08it/s]100%|██████████| 3/3 [00:00<00:00,  6.56it/s]
Epoch 029/3000 Train Loss: 0.185894 (MSE:0.029896, CE:0.053524, KLD:2.134695)  Val Loss: 0.219846 (MSE:0.066104, CE:0.051243, KLD:2.135246)
  0%|          | 0/3 [00:00<?, ?it/s] 33%|███▎      | 1/3 [00:00<00:00,  3.16it/s]100%|██████████| 3/3 [00:00<00:00,  6.92it/s]
Epoch 030/3000 Train Loss: 0.175867 (MSE:0.027380, CE:0.047511, KLD:2.103503)  Val Loss: 0.212350 (MSE:0.065947, CE:0.046019, KLD:2.091161)
  0%|          | 0/3 [00:00<?, ?it/s] 33%|███▎      | 1/3 [00:00<00:00,  3.04it/s]100%|██████████| 3/3 [00:00<00:00,  6.65it/s]
Epoch 031/3000 Train Loss: 0.169118 (MSE:0.027421, CE:0.042626, KLD:2.063806)  Val Loss: 0.206382 (MSE:0.065577, CE:0.041830, KLD:2.061807)
  0%|          | 0/3 [00:00<?, ?it/s] 33%|███▎      | 1/3 [00:00<00:00,  3.02it/s]100%|██████████| 3/3 [00:00<00:00,  6.53it/s]
Epoch 032/3000 Train Loss: 0.161977 (MSE:0.025949, CE:0.038123, KLD:2.039521)  Val Loss: 0.195590 (MSE:0.059990, CE:0.037393, KLD:2.045808)
  0%|          | 0/3 [00:00<?, ?it/s] 33%|███▎      | 1/3 [00:00<00:00,  3.02it/s]100%|██████████| 3/3 [00:00<00:00,  6.63it/s]
Epoch 033/3000 Train Loss: 0.156915 (MSE:0.025487, CE:0.034301, KLD:2.023323)  Val Loss: 0.191575 (MSE:0.061144, CE:0.033226, KLD:2.024923)
  0%|          | 0/3 [00:00<?, ?it/s] 33%|███▎      | 1/3 [00:00<00:00,  3.01it/s]100%|██████████| 3/3 [00:00<00:00,  6.58it/s]
Epoch 034/3000 Train Loss: 0.151608 (MSE:0.025067, CE:0.030582, KLD:1.998969)  Val Loss: 0.186474 (MSE:0.061006, CE:0.029595, KLD:1.997219)
  0%|          | 0/3 [00:00<?, ?it/s] 33%|███▎      | 1/3 [00:00<00:00,  3.06it/s]100%|██████████| 3/3 [00:00<00:00,  6.68it/s]
Epoch 035/3000 Train Loss: 0.147153 (MSE:0.024763, CE:0.027607, KLD:1.974498)  Val Loss: 0.183309 (MSE:0.061254, CE:0.026922, KLD:1.981771)
  0%|          | 0/3 [00:00<?, ?it/s] 33%|███▎      | 1/3 [00:00<00:00,  3.14it/s]100%|██████████| 3/3 [00:00<00:00,  6.90it/s]
Epoch 036/3000 Train Loss: 0.142501 (MSE:0.023555, CE:0.024801, KLD:1.961205)  Val Loss: 0.172450 (MSE:0.054057, CE:0.024023, KLD:1.965884)
  0%|          | 0/3 [00:00<?, ?it/s] 33%|███▎      | 1/3 [00:00<00:00,  3.11it/s]100%|██████████| 3/3 [00:00<00:00,  6.70it/s]
Epoch 037/3000 Train Loss: 0.138968 (MSE:0.023181, CE:0.022399, KLD:1.945420)  Val Loss: 0.171845 (MSE:0.056194, CE:0.022229, KLD:1.946120)
  0%|          | 0/3 [00:00<?, ?it/s] 33%|███▎      | 1/3 [00:00<00:00,  2.99it/s]100%|██████████| 3/3 [00:00<00:00,  5.61it/s]
Epoch 038/3000 Train Loss: 0.136111 (MSE:0.023004, CE:0.020667, KLD:1.925674)  Val Loss: 0.169989 (MSE:0.056454, CE:0.020868, KLD:1.930396)
  0%|          | 0/3 [00:00<?, ?it/s] 33%|███▎      | 1/3 [00:00<00:00,  2.18it/s]100%|██████████| 3/3 [00:00<00:00,  3.93it/s]
Epoch 039/3000 Train Loss: 0.132629 (MSE:0.022212, CE:0.018731, KLD:1.910003)  Val Loss: 0.163300 (MSE:0.053453, CE:0.017880, KLD:1.915837)
  0%|          | 0/3 [00:00<?, ?it/s] 33%|███▎      | 1/3 [00:00<00:01,  1.87it/s]100%|██████████| 3/3 [00:00<00:00,  3.66it/s]
Epoch 040/3000 Train Loss: 0.130256 (MSE:0.021839, CE:0.017439, KLD:1.895223)  Val Loss: 0.161665 (MSE:0.053830, CE:0.016501, KLD:1.902655)
  0%|          | 0/3 [00:00<?, ?it/s] 33%|███▎      | 1/3 [00:00<00:00,  3.08it/s]100%|██████████| 3/3 [00:00<00:00,  6.72it/s]
Epoch 041/3000 Train Loss: 0.127343 (MSE:0.021327, CE:0.015793, KLD:1.879496)  Val Loss: 0.153859 (MSE:0.048766, CE:0.014758, KLD:1.881842)
  0%|          | 0/3 [00:00<?, ?it/s] 33%|███▎      | 1/3 [00:00<00:00,  3.06it/s]100%|██████████| 3/3 [00:00<00:00,  6.73it/s]
Epoch 042/3000 Train Loss: 0.125456 (MSE:0.021282, CE:0.014918, KLD:1.859340)  Val Loss: 0.152334 (MSE:0.049310, CE:0.013648, KLD:1.861834)
  0%|          | 0/3 [00:00<?, ?it/s] 33%|███▎      | 1/3 [00:00<00:00,  2.99it/s]100%|██████████| 3/3 [00:00<00:00,  6.58it/s]
Epoch 043/3000 Train Loss: 0.123813 (MSE:0.020932, CE:0.014324, KLD:1.844789)  Val Loss: 0.158934 (MSE:0.056785, CE:0.013037, KLD:1.856341)
  0%|          | 0/3 [00:00<?, ?it/s] 33%|███▎      | 1/3 [00:00<00:00,  3.04it/s]100%|██████████| 3/3 [00:00<00:00,  6.78it/s]
Epoch 044/3000 Train Loss: 0.121764 (MSE:0.020321, CE:0.013247, KLD:1.837258)  Val Loss: 0.160511 (MSE:0.059764, CE:0.012428, KLD:1.839827)
  0%|          | 0/3 [00:00<?, ?it/s] 33%|███▎      | 1/3 [00:00<00:00,  3.04it/s]100%|██████████| 3/3 [00:00<00:00,  6.76it/s]
Epoch 045/3000 Train Loss: 0.120374 (MSE:0.020353, CE:0.012720, KLD:1.818622)  Val Loss: 0.149987 (MSE:0.050909, CE:0.011455, KLD:1.825325)
  0%|          | 0/3 [00:00<?, ?it/s] 33%|███▎      | 1/3 [00:00<00:00,  3.10it/s]100%|██████████| 3/3 [00:00<00:00,  6.65it/s]
Epoch 046/3000 Train Loss: 0.118672 (MSE:0.019978, CE:0.011841, KLD:1.809287)  Val Loss: 0.153065 (MSE:0.054741, CE:0.010836, KLD:1.822503)
  0%|          | 0/3 [00:00<?, ?it/s] 33%|███▎      | 1/3 [00:00<00:00,  3.19it/s]100%|██████████| 3/3 [00:00<00:00,  6.84it/s]
Epoch 047/3000 Train Loss: 0.117871 (MSE:0.019690, CE:0.011634, KLD:1.802918)  Val Loss: 0.147303 (MSE:0.049395, CE:0.011092, KLD:1.808522)
  0%|          | 0/3 [00:00<?, ?it/s] 33%|███▎      | 1/3 [00:00<00:00,  3.02it/s]100%|██████████| 3/3 [00:00<00:00,  6.46it/s]
Epoch 048/3000 Train Loss: 0.116131 (MSE:0.019432, CE:0.010991, KLD:1.785419)  Val Loss: 0.155060 (MSE:0.059390, CE:0.009850, KLD:1.787761)
  0%|          | 0/3 [00:00<?, ?it/s] 33%|███▎      | 1/3 [00:00<00:00,  3.01it/s]100%|██████████| 3/3 [00:00<00:00,  6.49it/s]
Epoch 049/3000 Train Loss: 0.115658 (MSE:0.019611, CE:0.011011, KLD:1.771435)  Val Loss: 0.146582 (MSE:0.050328, CE:0.010096, KLD:1.794823)
  0%|          | 0/3 [00:00<?, ?it/s] 33%|███▎      | 1/3 [00:00<00:00,  3.08it/s]100%|██████████| 3/3 [00:00<00:00,  6.59it/s]
Epoch 050/3000 Train Loss: 0.113778 (MSE:0.018480, CE:0.010061, KLD:1.775636)  Val Loss: 0.137450 (MSE:0.043274, CE:0.008972, KLD:1.774954)
  0%|          | 0/3 [00:00<?, ?it/s] 33%|███▎      | 1/3 [00:00<00:00,  2.77it/s]100%|██████████| 3/3 [00:00<00:00,  5.83it/s]
Epoch 051/3000 Train Loss: 0.113202 (MSE:0.019006, CE:0.010186, KLD:1.750067)  Val Loss: 0.143427 (MSE:0.049546, CE:0.010280, KLD:1.741547)
  0%|          | 0/3 [00:00<?, ?it/s] 33%|███▎      | 1/3 [00:00<00:00,  2.38it/s]100%|██████████| 3/3 [00:00<00:00,  5.43it/s]
Epoch 052/3000 Train Loss: 0.112465 (MSE:0.019477, CE:0.010400, KLD:1.720460)  Val Loss: 0.134394 (MSE:0.041226, CE:0.009976, KLD:1.733024)
  0%|          | 0/3 [00:00<?, ?it/s] 33%|███▎      | 1/3 [00:00<00:00,  2.63it/s]100%|██████████| 3/3 [00:00<00:00,  5.95it/s]
Epoch 053/3000 Train Loss: 0.110751 (MSE:0.018514, CE:0.009623, KLD:1.720982)  Val Loss: 0.142446 (MSE:0.049584, CE:0.009604, KLD:1.734416)
  0%|          | 0/3 [00:00<?, ?it/s] 33%|███▎      | 1/3 [00:00<00:00,  2.96it/s]100%|██████████| 3/3 [00:00<00:00,  6.50it/s]
Epoch 054/3000 Train Loss: 0.110059 (MSE:0.018649, CE:0.009238, KLD:1.711792)  Val Loss: 0.137654 (MSE:0.046346, CE:0.009228, KLD:1.709864)
  0%|          | 0/3 [00:00<?, ?it/s] 33%|███▎      | 1/3 [00:00<00:00,  3.07it/s]100%|██████████| 3/3 [00:00<00:00,  6.67it/s]
Epoch 055/3000 Train Loss: 0.108958 (MSE:0.018643, CE:0.009342, KLD:1.686789)  Val Loss: 0.133943 (MSE:0.043474, CE:0.009066, KLD:1.695755)
  0%|          | 0/3 [00:00<?, ?it/s] 33%|███▎      | 1/3 [00:00<00:00,  3.06it/s]100%|██████████| 3/3 [00:00<00:00,  6.33it/s]
Epoch 056/3000 Train Loss: 0.108030 (MSE:0.018165, CE:0.009164, KLD:1.681132)  Val Loss: 0.128845 (MSE:0.039123, CE:0.008199, KLD:1.698267)
  0%|          | 0/3 [00:00<?, ?it/s] 33%|███▎      | 1/3 [00:00<00:00,  3.10it/s]100%|██████████| 3/3 [00:00<00:00,  6.83it/s]
Epoch 057/3000 Train Loss: 0.107161 (MSE:0.017846, CE:0.008651, KLD:1.680370)  Val Loss: 0.133062 (MSE:0.044452, CE:0.007767, KLD:1.684079)
  0%|          | 0/3 [00:00<?, ?it/s] 33%|███▎      | 1/3 [00:00<00:00,  3.14it/s]100%|██████████| 3/3 [00:00<00:00,  6.70it/s]
Epoch 058/3000 Train Loss: 0.105910 (MSE:0.017758, CE:0.008634, KLD:1.656504)  Val Loss: 0.130574 (MSE:0.043110, CE:0.007938, KLD:1.656669)
  0%|          | 0/3 [00:00<?, ?it/s] 33%|███▎      | 1/3 [00:00<00:00,  2.97it/s]100%|██████████| 3/3 [00:00<00:00,  6.36it/s]
Epoch 059/3000 Train Loss: 0.105202 (MSE:0.017937, CE:0.008413, KLD:1.642597)  Val Loss: 0.131406 (MSE:0.041884, CE:0.009672, KLD:1.663400)
  0%|          | 0/3 [00:00<?, ?it/s] 33%|███▎      | 1/3 [00:00<00:00,  2.91it/s]100%|██████████| 3/3 [00:00<00:00,  6.35it/s]
Epoch 060/3000 Train Loss: 0.103922 (MSE:0.016872, CE:0.008075, KLD:1.645182)  Val Loss: 0.149241 (MSE:0.061922, CE:0.008207, KLD:1.648050)
  0%|          | 0/3 [00:00<?, ?it/s] 33%|███▎      | 1/3 [00:00<00:00,  2.93it/s]100%|██████████| 3/3 [00:00<00:00,  6.43it/s]
Epoch 061/3000 Train Loss: 0.102997 (MSE:0.017091, CE:0.008054, KLD:1.621799)  Val Loss: 0.128354 (MSE:0.042719, CE:0.007833, KLD:1.620733)
  0%|          | 0/3 [00:00<?, ?it/s] 33%|███▎      | 1/3 [00:00<00:00,  2.98it/s]100%|██████████| 3/3 [00:00<00:00,  6.64it/s]
Epoch 062/3000 Train Loss: 0.102592 (MSE:0.017658, CE:0.008004, KLD:1.602588)  Val Loss: 0.134369 (MSE:0.047562, CE:0.008884, KLD:1.623286)
  0%|          | 0/3 [00:00<?, ?it/s] 33%|███▎      | 1/3 [00:00<00:00,  2.89it/s]100%|██████████| 3/3 [00:00<00:00,  6.41it/s]
Epoch 063/3000 Train Loss: 0.101698 (MSE:0.016664, CE:0.007866, KLD:1.607549)  Val Loss: 0.145778 (MSE:0.061042, CE:0.007050, KLD:1.618348)
  0%|          | 0/3 [00:00<?, ?it/s] 33%|███▎      | 1/3 [00:00<00:00,  2.90it/s]100%|██████████| 3/3 [00:00<00:00,  6.36it/s]
Epoch 064/3000 Train Loss: 0.100932 (MSE:0.016449, CE:0.007835, KLD:1.596725)  Val Loss: 0.121646 (MSE:0.036512, CE:0.008049, KLD:1.605829)
  0%|          | 0/3 [00:00<?, ?it/s] 33%|███▎      | 1/3 [00:00<00:00,  3.16it/s]100%|██████████| 3/3 [00:00<00:00,  6.45it/s]
Epoch 065/3000 Train Loss: 0.100827 (MSE:0.016741, CE:0.007870, KLD:1.587717)  Val Loss: 0.132397 (MSE:0.048343, CE:0.007210, KLD:1.600804)
  0%|          | 0/3 [00:00<?, ?it/s] 33%|███▎      | 1/3 [00:00<00:00,  3.20it/s]100%|██████████| 