[I 2025-05-04 17:23:44,975] Trial 29 finished with value: 0.55 and parameters: {'hidden_layer_sizes': (200,), 'max_iter': 50, 'alpha': 0.001}. Best is trial 22 with value: 0.65.
/data/home/rtabares/anaconda3/envs/pyth3.12/lib/python3.12/site-packages/xgboost/core.py:377: FutureWarning: Your system has an old version of glibc (< 2.28). We will stop supporting Linux distros with glibc older than 2.28 after **May 31, 2025**. Please upgrade to a recent Linux distro (with glibc >= 2.28) to use future versions of XGBoost.
Note: You have installed the 'manylinux2014' variant of XGBoost. Certain features such as GPU algorithms or federated learning are not available. To use these features, please upgrade to a recent Linux distro with glibc 2.28+, and install the 'manylinux_2_28' variant.
  warnings.warn(
/data/home/rtabares/anaconda3/envs/pyth3.12/lib/python3.12/site-packages/xgboost/core.py:377: FutureWarning: Your system has an old version of glibc (< 2.28). We will stop supporting Linux distros with glibc older than 2.28 after **May 31, 2025**. Please upgrade to a recent Linux distro (with glibc >= 2.28) to use future versions of XGBoost.
Note: You have installed the 'manylinux2014' variant of XGBoost. Certain features such as GPU algorithms or federated learning are not available. To use these features, please upgrade to a recent Linux distro with glibc 2.28+, and install the 'manylinux_2_28' variant.
  warnings.warn(
Parámetros guardados en checkpoint_shoppers_Dlatent_Roriginal_ft/random/best_models_random_seed_0/mlp_best_params.json
Categoricas entrenamiento:  7
Datos unicos de y_train:  [False  True]
Datos unicos de y_train luego:  [0 1]
No se creó ClassifierHead (num_classes no proporcionado o <= 0).
  0%|          | 0/3 [00:00<?, ?it/s] 33%|███▎      | 1/3 [00:00<00:01,  1.12it/s]100%|██████████| 3/3 [00:01<00:00,  2.97it/s]
Epoch 001/3000 Train Loss: 3.179076 (MSE:1.081136, CE:2.084382, KLD:0.282409)  Val Loss: 16.167372 (MSE:13.543859, CE:1.999444, KLD:13.000390)
  0%|          | 0/3 [00:00<?, ?it/s] 33%|███▎      | 1/3 [00:00<00:00,  2.87it/s]100%|██████████| 3/3 [00:00<00:00,  6.36it/s]
Epoch 002/3000 Train Loss: 2.680844 (MSE:0.818230, CE:1.833020, KLD:0.616479)  Val Loss: 3.509246 (MSE:1.610335, CE:1.753252, KLD:3.034318)
  0%|          | 0/3 [00:00<?, ?it/s] 33%|███▎      | 1/3 [00:00<00:00,  2.82it/s]100%|██████████| 3/3 [00:00<00:00,  6.28it/s]
Epoch 003/3000 Train Loss: 2.389359 (MSE:0.665592, CE:1.668676, KLD:1.147655)  Val Loss: 3.541997 (MSE:1.877979, CE:1.560481, KLD:2.156863)
  0%|          | 0/3 [00:00<?, ?it/s] 33%|███▎      | 1/3 [00:00<00:00,  2.74it/s]100%|██████████| 3/3 [00:00<00:00,  6.32it/s]
Epoch 004/3000 Train Loss: 2.070066 (MSE:0.513893, CE:1.473942, KLD:1.713006)  Val Loss: 1.967566 (MSE:0.508643, CE:1.342822, KLD:2.418579)
  0%|          | 0/3 [00:00<?, ?it/s] 33%|███▎      | 1/3 [00:00<00:00,  2.63it/s]100%|██████████| 3/3 [00:00<00:00,  5.94it/s]
Epoch 005/3000 Train Loss: 1.810620 (MSE:0.420275, CE:1.283106, KLD:2.233963)  Val Loss: 1.726812 (MSE:0.439154, CE:1.159509, KLD:2.669563)
  0%|          | 0/3 [00:00<?, ?it/s] 33%|███▎      | 1/3 [00:00<00:00,  2.81it/s]100%|██████████| 3/3 [00:00<00:00,  6.18it/s]
Epoch 006/3000 Train Loss: 1.577011 (MSE:0.345008, CE:1.107768, KLD:2.588022)  Val Loss: 1.560484 (MSE:0.420646, CE:1.001246, KLD:2.887118)
  0%|          | 0/3 [00:00<?, ?it/s] 33%|███▎      | 1/3 [00:00<00:00,  2.74it/s]100%|██████████| 3/3 [00:00<00:00,  5.64it/s]
Epoch 007/3000 Train Loss: 1.369339 (MSE:0.272129, CE:0.961582, KLD:2.825364)  Val Loss: 1.326347 (MSE:0.307637, CE:0.874392, KLD:3.006379)
  0%|          | 0/3 [00:00<?, ?it/s] 33%|███▎      | 1/3 [00:00<00:00,  2.71it/s]100%|██████████| 3/3 [00:00<00:00,  6.06it/s]
Epoch 008/3000 Train Loss: 1.187709 (MSE:0.205246, CE:0.841579, KLD:2.934843)  Val Loss: 1.126006 (MSE:0.214411, CE:0.762380, KLD:3.108394)
  0%|          | 0/3 [00:00<?, ?it/s] 33%|███▎      | 1/3 [00:00<00:00,  2.95it/s]100%|██████████| 3/3 [00:00<00:00,  6.57it/s]
Epoch 009/3000 Train Loss: 1.040369 (MSE:0.162481, CE:0.733632, KLD:3.005084)  Val Loss: 0.998993 (MSE:0.181948, CE:0.664764, KLD:3.172272)
  0%|          | 0/3 [00:00<?, ?it/s] 33%|███▎      | 1/3 [00:00<00:00,  2.82it/s]100%|██████████| 3/3 [00:00<00:00,  6.19it/s]
Epoch 010/3000 Train Loss: 0.925246 (MSE:0.140836, CE:0.638889, KLD:3.031442)  Val Loss: 1.113841 (MSE:0.378124, CE:0.581505, KLD:3.212506)
  0%|          | 0/3 [00:00<?, ?it/s] 33%|███▎      | 1/3 [00:00<00:00,  2.76it/s]100%|██████████| 3/3 [00:00<00:00,  6.20it/s]
Epoch 011/3000 Train Loss: 0.822222 (MSE:0.119936, CE:0.557245, KLD:3.021449)  Val Loss: 0.799552 (MSE:0.136217, CE:0.510106, KLD:3.192026)
  0%|          | 0/3 [00:00<?, ?it/s] 33%|███▎      | 1/3 [00:00<00:00,  2.72it/s]100%|██████████| 3/3 [00:00<00:00,  6.03it/s]
Epoch 012/3000 Train Loss: 0.726277 (MSE:0.095509, CE:0.489109, KLD:2.951002)  Val Loss: 0.732104 (MSE:0.133121, CE:0.447953, KLD:3.146207)
  0%|          | 0/3 [00:00<?, ?it/s] 33%|███▎      | 1/3 [00:00<00:00,  2.66it/s]100%|██████████| 3/3 [00:00<00:00,  5.91it/s]
Epoch 013/3000 Train Loss: 0.646614 (MSE:0.083337, CE:0.426923, KLD:2.840505)  Val Loss: 0.677738 (MSE:0.145334, CE:0.388095, KLD:3.006197)
  0%|          | 0/3 [00:00<?, ?it/s] 33%|███▎      | 1/3 [00:00<00:00,  2.72it/s]100%|██████████| 3/3 [00:00<00:00,  5.98it/s]
Epoch 014/3000 Train Loss: 0.572010 (MSE:0.069207, CE:0.370434, KLD:2.757461)  Val Loss: 1.314182 (MSE:0.834547, CE:0.338134, KLD:2.947703)
  0%|          | 0/3 [00:00<?, ?it/s] 33%|███▎      | 1/3 [00:00<00:00,  2.57it/s]100%|██████████| 3/3 [00:00<00:00,  5.82it/s]
Epoch 015/3000 Train Loss: 0.515929 (MSE:0.061627, CE:0.325288, KLD:2.687586)  Val Loss: 0.508624 (MSE:0.071636, CE:0.295317, KLD:2.951238)
  0%|          | 0/3 [00:00<?, ?it/s] 33%|███▎      | 1/3 [00:00<00:00,  2.66it/s]100%|██████████| 3/3 [00:00<00:00,  5.97it/s]
Epoch 016/3000 Train Loss: 0.464015 (MSE:0.053004, CE:0.282869, KLD:2.669424)  Val Loss: 0.612279 (MSE:0.213798, CE:0.253708, KLD:3.015870)
  0%|          | 0/3 [00:00<?, ?it/s] 33%|███▎      | 1/3 [00:00<00:00,  2.64it/s]100%|██████████| 3/3 [00:00<00:00,  5.95it/s]
Epoch 017/3000 Train Loss: 0.420188 (MSE:0.049857, CE:0.242171, KLD:2.669779)  Val Loss: 2.124954 (MSE:1.748424, CE:0.229047, KLD:3.072325)
  0%|          | 0/3 [00:00<?, ?it/s] 33%|███▎      | 1/3 [00:00<00:00,  2.58it/s]100%|██████████| 3/3 [00:00<00:00,  5.77it/s]
Epoch 018/3000 Train Loss: 0.381172 (MSE:0.048993, CE:0.204663, KLD:2.656373)  Val Loss: 0.382350 (MSE:0.054433, CE:0.182601, KLD:3.027179)
  0%|          | 0/3 [00:00<?, ?it/s] 33%|███▎      | 1/3 [00:00<00:00,  2.69it/s]100%|██████████| 3/3 [00:00<00:00,  6.01it/s]
Epoch 019/3000 Train Loss: 0.341170 (MSE:0.040946, CE:0.174052, KLD:2.628392)  Val Loss: 0.915744 (MSE:0.617333, CE:0.157176, KLD:2.942158)
  0%|          | 0/3 [00:00<?, ?it/s] 33%|███▎      | 1/3 [00:00<00:00,  2.68it/s]100%|██████████| 3/3 [00:00<00:00,  6.13it/s]
Epoch 020/3000 Train Loss: 0.310909 (MSE:0.038604, CE:0.148634, KLD:2.576262)  Val Loss: 0.339034 (MSE:0.071225, CE:0.132549, KLD:2.817712)
  0%|          | 0/3 [00:00<?, ?it/s] 33%|███▎      | 1/3 [00:00<00:00,  2.71it/s]100%|██████████| 3/3 [00:00<00:00,  5.81it/s]
Epoch 021/3000 Train Loss: 0.284300 (MSE:0.036708, CE:0.126740, KLD:2.517555)  Val Loss: 0.565893 (MSE:0.321393, CE:0.113660, KLD:2.725621)
  0%|          | 0/3 [00:00<?, ?it/s] 33%|███▎      | 1/3 [00:00<00:00,  2.69it/s]100%|██████████| 3/3 [00:00<00:00,  5.99it/s]
Epoch 022/3000 Train Loss: 0.262921 (MSE:0.035937, CE:0.108346, KLD:2.471424)  Val Loss: 0.503193 (MSE:0.277320, CE:0.098559, KLD:2.652151)
  0%|          | 0/3 [00:00<?, ?it/s] 33%|███▎      | 1/3 [00:00<00:00,  2.69it/s]100%|██████████| 3/3 [00:00<00:00,  6.05it/s]
Epoch 023/3000 Train Loss: 0.251857 (MSE:0.039982, CE:0.094495, KLD:2.445208)  Val Loss: 0.300192 (MSE:0.088355, CE:0.086562, KLD:2.609689)
  0%|          | 0/3 [00:00<?, ?it/s] 33%|███▎      | 1/3 [00:00<00:00,  2.77it/s]100%|██████████| 3/3 [00:00<00:00,  5.88it/s]
Epoch 024/3000 Train Loss: 0.230796 (MSE:0.032824, CE:0.081197, KLD:2.432616)  Val Loss: 0.310550 (MSE:0.112678, CE:0.074179, KLD:2.576735)
  0%|          | 0/3 [00:00<?, ?it/s] 33%|███▎      | 1/3 [00:00<00:00,  2.71it/s]100%|██████████| 3/3 [00:00<00:00,  6.03it/s]
Epoch 025/3000 Train Loss: 0.215574 (MSE:0.029782, CE:0.070090, KLD:2.410257)  Val Loss: 0.851645 (MSE:0.657696, CE:0.071748, KLD:2.545639)
  0%|          | 0/3 [00:00<?, ?it/s] 33%|███▎      | 1/3 [00:00<00:00,  2.68it/s]100%|██████████| 3/3 [00:00<00:00,  5.97it/s]
Epoch 026/3000 Train Loss: 0.201905 (MSE:0.027523, CE:0.060313, KLD:2.376260)  Val Loss: 0.246616 (MSE:0.071198, CE:0.054959, KLD:2.509358)
  0%|          | 0/3 [00:00<?, ?it/s] 33%|███▎      | 1/3 [00:00<00:00,  2.70it/s]100%|██████████| 3/3 [00:00<00:00,  6.00it/s]
Epoch 027/3000 Train Loss: 0.191799 (MSE:0.027189, CE:0.053019, KLD:2.324631)  Val Loss: 0.233042 (MSE:0.065353, CE:0.049289, KLD:2.466476)
  0%|          | 0/3 [00:00<?, ?it/s] 33%|███▎      | 1/3 [00:00<00:00,  2.75it/s]100%|██████████| 3/3 [00:00<00:00,  5.85it/s]
Epoch 028/3000 Train Loss: 0.184312 (MSE:0.028621, CE:0.046793, KLD:2.268505)  Val Loss: 0.269217 (MSE:0.107900, CE:0.044607, KLD:2.431251)
  0%|          | 0/3 [00:00<?, ?it/s] 33%|███▎      | 1/3 [00:00<00:00,  2.57it/s]100%|██████████| 3/3 [00:00<00:00,  5.87it/s]
Epoch 029/3000 Train Loss: 0.174632 (MSE:0.026513, CE:0.041297, KLD:2.225272)  Val Loss: 0.207488 (MSE:0.051180, CE:0.041099, KLD:2.399993)
  0%|          | 0/3 [00:00<?, ?it/s] 33%|███▎      | 1/3 [00:00<00:00,  2.71it/s]100%|██████████| 3/3 [00:00<00:00,  6.07it/s]
Epoch 030/3000 Train Loss: 0.174093 (MSE:0.032346, CE:0.036525, KLD:2.191945)  Val Loss: 0.390105 (MSE:0.239558, CE:0.037388, KLD:2.357269)
  0%|          | 0/3 [00:00<?, ?it/s] 33%|███▎      | 1/3 [00:00<00:00,  2.67it/s]100%|██████████| 3/3 [00:00<00:00,  5.95it/s]
Epoch 031/3000 Train Loss: 0.162689 (MSE:0.025411, CE:0.032270, KLD:2.187508)  Val Loss: 0.520568 (MSE:0.377394, CE:0.032642, KLD:2.302544)
  0%|          | 0/3 [00:00<?, ?it/s] 33%|███▎      | 1/3 [00:00<00:00,  2.70it/s]100%|██████████| 3/3 [00:00<00:00,  5.97it/s]
Epoch 032/3000 Train Loss: 0.157134 (MSE:0.023555, CE:0.028995, KLD:2.178654)  Val Loss: 0.175221 (MSE:0.036860, CE:0.030246, KLD:2.252243)
  0%|          | 0/3 [00:00<?, ?it/s] 33%|███▎      | 1/3 [00:00<00:00,  2.62it/s]100%|██████████| 3/3 [00:00<00:00,  5.92it/s]
Epoch 033/3000 Train Loss: 0.152861 (MSE:0.023353, CE:0.026719, KLD:2.141265)  Val Loss: 0.160880 (MSE:0.029471, CE:0.025886, KLD:2.198216)
  0%|          | 0/3 [00:00<?, ?it/s] 33%|███▎      | 1/3 [00:00<00:00,  2.69it/s]100%|██████████| 3/3 [00:00<00:00,  6.04it/s]
Epoch 034/3000 Train Loss: 0.148537 (MSE:0.023307, CE:0.024762, KLD:2.092921)  Val Loss: 0.398827 (MSE:0.269087, CE:0.026309, KLD:2.154638)
  0%|          | 0/3 [00:00<?, ?it/s] 33%|███▎      | 1/3 [00:00<00:00,  2.80it/s]100%|██████████| 3/3 [00:00<00:00,  6.17it/s]
Epoch 035/3000 Train Loss: 0.145491 (MSE:0.023691, CE:0.022954, KLD:2.059138)  Val Loss: 0.217151 (MSE:0.092481, CE:0.022381, KLD:2.130847)
  0%|          | 0/3 [00:00<?, ?it/s] 33%|███▎      | 1/3 [00:00<00:00,  2.69it/s]100%|██████████| 3/3 [00:00<00:00,  6.04it/s]
Epoch 036/3000 Train Loss: 0.148259 (MSE:0.028908, CE:0.021227, KLD:2.044076)  Val Loss: 0.213480 (MSE:0.089117, CE:0.022400, KLD:2.124077)
  0%|          | 0/3 [00:00<?, ?it/s] 33%|███▎      | 1/3 [00:00<00:00,  2.73it/s]100%|██████████| 3/3 [00:00<00:00,  6.13it/s]
Epoch 037/3000 Train Loss: 0.155860 (MSE:0.037673, CE:0.020277, KLD:2.039625)  Val Loss: 0.156684 (MSE:0.033504, CE:0.021332, KLD:2.121664)
  0%|          | 0/3 [00:00<?, ?it/s] 33%|███▎      | 1/3 [00:00<00:00,  2.77it/s]100%|██████████| 3/3 [00:00<00:00,  6.33it/s]
Epoch 038/3000 Train Loss: 0.145873 (MSE:0.029247, CE:0.019007, KLD:2.033558)  Val Loss: 0.195318 (MSE:0.074244, CE:0.020361, KLD:2.098023)
  0%|          | 0/3 [00:00<?, ?it/s] 33%|███▎      | 1/3 [00:00<00:00,  2.63it/s]100%|██████████| 3/3 [00:00<00:00,  5.98it/s]
Epoch 039/3000 Train Loss: 0.139340 (MSE:0.024876, CE:0.018128, KLD:2.006841)  Val Loss: 0.169635 (MSE:0.050770, CE:0.020007, KLD:2.059371)
  0%|          | 0/3 [00:00<?, ?it/s] 33%|███▎      | 1/3 [00:00<00:00,  2.64it/s]100%|██████████| 3/3 [00:00<00:00,  5.81it/s]
Epoch 040/3000 Train Loss: 0.136912 (MSE:0.024765, CE:0.017719, KLD:1.967088)  Val Loss: 0.432334 (MSE:0.311959, CE:0.023176, KLD:2.024806)
  0%|          | 0/3 [00:00<?, ?it/s] 33%|███▎      | 1/3 [00:00<00:00,  2.68it/s]100%|██████████| 3/3 [00:00<00:00,  5.93it/s]
Epoch 041/3000 Train Loss: 0.134982 (MSE:0.025137, CE:0.016546, KLD:1.943575)  Val Loss: 0.200319 (MSE:0.084274, CE:0.019963, KLD:2.001538)
  0%|          | 0/3 [00:00<?, ?it/s] 33%|███▎      | 1/3 [00:00<00:00,  2.70it/s]100%|██████████| 3/3 [00:00<00:00,  6.09it/s]
Epoch 042/3000 Train Loss: 0.130697 (MSE:0.022397, CE:0.015669, KLD:1.929654)  Val Loss: 0.214345 (MSE:0.101925, CE:0.017048, KLD:1.986750)
  0%|          | 0/3 [00:00<?, ?it/s] 33%|███▎      | 1/3 [00:00<00:00,  2.70it/s]100%|██████████| 3/3 [00:00<00:00,  5.92it/s]
Epoch 043/3000 Train Loss: 0.128769 (MSE:0.021767, CE:0.014936, KLD:1.917878)  Val Loss: 0.152261 (MSE:0.041126, CE:0.016675, KLD:1.967766)
  0%|          | 0/3 [00:00<?, ?it/s] 33%|███▎      | 1/3 [00:00<00:00,  2.68it/s]100%|██████████| 3/3 [00:00<00:00,  5.92it/s]
Epoch 044/3000 Train Loss: 0.125960 (MSE:0.020414, CE:0.014366, KLD:1.899439)  Val Loss: 0.219571 (MSE:0.110692, CE:0.015487, KLD:1.945519)
  0%|          | 0/3 [00:00<?, ?it/s] 33%|███▎      | 1/3 [00:00<00:00,  2.72it/s]100%|██████████| 3/3 [00:00<00:00,  5.97it/s]
Epoch 045/3000 Train Loss: 0.124108 (MSE:0.020112, CE:0.013858, KLD:1.877719)  Val Loss: 0.167116 (MSE:0.058981, CE:0.015884, KLD:1.921726)
  0%|          | 0/3 [00:00<?, ?it/s] 33%|███▎      | 1/3 [00:00<00:00,  2.72it/s]100%|██████████| 3/3 [00:00<00:00,  5.98it/s]
Epoch 046/3000 Train Loss: 0.122338 (MSE:0.019804, CE:0.013526, KLD:1.854181)  Val Loss: 0.411086 (MSE:0.287629, CE:0.031985, KLD:1.905513)
  0%|          | 0/3 [00:00<?, ?it/s] 33%|███▎      | 1/3 [00:00<00:00,  2.66it/s]100%|██████████| 3/3 [00:00<00:00,  6.06it/s]
Epoch 047/3000 Train Loss: 0.120920 (MSE:0.019557, CE:0.012934, KLD:1.842104)  Val Loss: 0.326963 (MSE:0.215334, CE:0.020361, KLD:1.901262)
  0%|          | 0/3 [00:00<?, ?it/s] 33%|███▎      | 1/3 [00:00<00:00,  2.58it/s]100%|██████████| 3/3 [00:00<00:00,  5.84it/s]
Epoch 048/3000 Train Loss: 0.120029 (MSE:0.018980, CE:0.012326, KLD:1.848245)  Val Loss: 0.180367 (MSE:0.075530, CE:0.013048, KLD:1.912132)
  0%|          | 0/3 [00:00<?, ?it/s] 33%|███▎      | 1/3 [00:00<00:00,  2.76it/s]100%|██████████| 3/3 [00:00<00:00,  6.10it/s]
Epoch 049/3000 Train Loss: 0.119243 (MSE:0.018770, CE:0.011615, KLD:1.851051)  Val Loss: 0.168997 (MSE:0.065325, CE:0.012594, KLD:1.897304)
  0%|          | 0/3 [00:00<?, ?it/s] 33%|███▎      | 1/3 [00:00<00:00,  2.87it/s]100%|██████████| 3/3 [00:00<00:00,  6.43it/s]
Epoch 050/3000 Train Loss: 0.117187 (MSE:0.017817, CE:0.011786, KLD:1.824529)  Val Loss: 0.123727 (MSE:0.020566, CE:0.013456, KLD:1.868709)
  0%|          | 0/3 [00:00<?, ?it/s] 33%|███▎      | 1/3 [00:00<00:00,  2.61it/s]100%|██████████| 3/3 [00:00<00:00,  5.68it/s]
Epoch 051/3000 Train Loss: 0.116591 (MSE:0.018444, CE:0.011975, KLD:1.795117)  Val Loss: 0.130207 (MSE:0.026964, CE:0.013767, KLD:1.863934)
  0%|          | 0/3 [00:00<?, ?it/s] 33%|███▎      | 1/3 [00:00<00:00,  2.75it/s]100%|██████████| 3/3 [00:00<00:00,  6.02it/s]
Epoch 052/3000 Train Loss: 0.115182 (MSE:0.017861, CE:0.011233, KLD:1.793363)  Val Loss: 0.156574 (MSE:0.054450, CE:0.012508, KLD:1.866852)
  0%|          | 0/3 [00:00<?, ?it/s] 33%|███▎      | 1/3 [00:00<00:00,  2.71it/s]100%|██████████| 3/3 [00:00<00:00,  6.04it/s]
Epoch 053/3000 Train Loss: 0.113841 (MSE:0.017325, CE:0.010660, KLD:1.788511)  Val Loss: 0.124643 (MSE:0.021595, CE:0.013790, KLD:1.859385)
  0%|          | 0/3 [00:00<?, ?it/s] 33%|███▎      | 1/3 [00:00<00:00,  2.70it/s]100%|██████████| 3/3 [00:00<00:00,  6.15it/s]
Epoch 054/3000 Train Loss: 0.112738 (MSE:0.016896, CE:0.010636, KLD:1.774982)  Val Loss: 0.221527 (MSE:0.117712, CE:0.015145, KLD:1.847153)
  0%|          | 0/3 [00:00<?, ?it/s] 33%|███▎      | 1/3 [00:00<00:00,  2.64it/s]100%|██████████| 3/3 [00:00<00:00,  6.01it/s]
Epoch 055/3000 Train Loss: 0.111762 (MSE:0.017288, CE:0.010163, KLD:1.756344)  Val Loss: 0.126655 (MSE:0.025800, CE:0.012876, KLD:1.832747)
  0%|          | 0/3 [00:00<?, ?it/s] 33%|███▎      | 1/3 [00:00<00:00,  2.61it/s]100%|██████████| 3/3 [00:00<00:00,  5.82it/s]
Epoch 056/3000 Train Loss: 0.111009 (MSE:0.017329, CE:0.010181, KLD:1.739433)  Val Loss: 0.355028 (MSE:0.244582, CE:0.022661, KLD:1.828699)
  0%|          | 0/3 [00:00<?, ?it/s] 33%|███▎      | 1/3 [00:00<00:00,  2.62it/s]100%|██████████| 3/3 [00:00<00:00,  5.83it/s]
Epoch 057/3000 Train Loss: 0.109894 (MSE:0.017056, CE:0.009739, KLD:1.731105)  Val Loss: 0.154509 (MSE:0.054622, CE:0.012068, KLD:1.829420)
  0%|          | 0/3 [00:00<?, ?it/s] 33%|███▎      | 1/3 [00:00<00:00,  2.76it/s]100%|██████████| 3/3 [00:00<00:00,  6.02it/s]
Epoch 058/3000 Train Loss: 0.109110 (MSE:0.016535, CE:0.009471, KLD:1.731193)  Val Loss: 0.129742 (MSE:0.029115, CE:0.012468, KLD:1.836511)
  0%|          | 0/3 [00:00<?, ?it/s] 33%|███▎      | 1/3 [00:00<00:00,  2.72it/s]100%|██████████| 3/3 [00:00<00:00,  6.05it/s]
Epoch 059/3000 Train Loss: 0.107845 (MSE:0.015799, CE:0.009108, KLD:1.727725)  Val Loss: 0.143264 (MSE:0.043957, CE:0.011713, KLD:1.824735)
  0%|          | 0/3 [00:00<?, ?it/s] 33%|███▎      | 1/3 [00:00<00:00,  2.63it/s]100%|██████████| 3/3 [00:00<00:00,  5.88it/s]
Epoch 060/3000 Train Loss: 0.107326 (MSE:0.016160, CE:0.009253, KLD:1.706386)  Val Loss: 0.146301 (MSE:0.035992, CE:0.022987, KLD:1.819068)
  0%|          | 0/3 [00:00<?, ?it/s] 33%|███▎      | 1/3 [00:00<00:00,  2.61it/s]100%|██████████| 3/3 [00:00<00:00,  5.87it/s]
Epoch 061/3000 Train Loss: 0.097971 (MSE:0.015875, CE:0.008726, KLD:1.698249)  Val Loss: 0.343868 (MSE:0.244361, CE:0.020108, KLD:1.837790)
  0%|          | 0/3 [00:00<?, ?it/s] 33%|███▎      | 1/3 [00:00<00:00,  2.77it/s]100%|██████████| 3/3 [00:00<00:00,  6.09it/s]
Epoch 062/3000 Train Loss: 0.097790 (MSE:0.014975, CE:0.008932, KLD:1.710123)  Val Loss: 0.110468 (MSE:0.017575, CE:0.012556, KLD:1.859520)
  0%|          | 0/3 [00:00<?, ?it/s] 33%|███▎      | 1/3 [00:00<00:00,  2.70it/s]100%|██████████| 3/3 [00:00<00:00,  6.00it/s]
Epoch 063/3000 Train Loss: 0.096934 (MSE:0.013951, CE:0.008374, KLD:1.726923)  Val Loss: 1.192990 (MSE:1.074110, CE:0.038268, KLD:1.865885)
  0%|          | 0/3 [00:00<?, ?it/s] 33%|███▎      | 1/3 [00:00<00:00,  2.67it/s]100%|██████████| 3/3 [00:00<00:00,  5.99it/s]
Epoch 064/3000 Train Loss: 0.096431 (MSE:0.014029, CE:0.007909, KLD:1.724222)  Val Loss: 0.127603 (MSE:0.037587, CE:0.009883, KLD:1.854774)
  0%|          | 0/3 [00:00<?, ?it/s] 33%|███▎      | 1/3 [00:00<00:00,  2.36it/s]100%|██████████| 3/3 [00:00<00:00,  5.44it/s]
Epoch 065/3000 Train Loss: 0.095299 (MSE:0.014065, CE:0.008045, KLD:1.694033)  Val Loss: 0.178037 (MSE:0.088141, CE:0.010179, KLD:1.845143)
  0%|          | 0/3 [00:00<?, ?it/s] 33%|███▎      | 1/3 [00:00<00:00,  2.68it/s]100%|██████████| 3/3 [00:00<00:00,  5.91it/s]
Epoch 066/3000 Train Loss: 0.095673 (MSE:0.015022, CE:0.008397, KLD:1.672405)  Val Loss: 0.336583 (MSE:0.234305, CE:0.022677, KLD:1.842485)
  0%|          | 0/3 [00:00<?, ?it/s] 33%|███▎      | 1/3 [00:00<00:00,  2.73it/s]100%|██████████| 3/3 [00:00<00:00,  6.23it/s]
Epoch 067/3000 Train Loss: 0.094215 (MSE:0.013899, CE:0.007469, KLD:1.686156)  Val Loss: 0.255060 (MSE:0.157428, CE:0.018493, KLD:1.831775)
  0%|          | 0/3 [00:00<?, ?it/s] 33%|███▎      | 1/3 [00:00<00:00,  2.70it/s]100%|██████████| 3/3 [00:00<00:00,  5.95it/s]
Epoch 068/3000 Train Loss: 0.093826 (MSE:0.013583, CE:0.007533, KLD:1.682973)  Val Loss: 0.138819 (MSE:0.051679, CE:0.009136, KLD:1.805490)
  0%|          | 0/3 [00:00<?, ?it/s] 33%|███▎      | 1/3 [00:00<00:00,  2.68it/s]100%|██████████| 3/3 [00:00<00:00,  5.90it/s]
Epoch 069/3000 Train Loss: 0.093362 (MSE:0.013736, CE:0.007960, KLD:1.658805)  Val Loss: 0.111030 (MSE:0.025337, CE:0.008185, KLD:1.794037)
  0%|          | 0/3 [00:00<?, ?it/s] 33%|███▎      | 1/3 [00:00<00:00,  2.68it/s]100%|██████████| 3/3 [00:00<00:00,  5.92it/s]
Epoch 070/3000 Train Loss: 0.092682 (MSE:0.013767, CE:0.007348, KLD:1.656511)  Val Loss: 0.463322 (MSE:0.373124, CE:0.012625, KLD:1.795544)
  0%|          | 0/3 [00:00<?, ?it/s] 33%|███▎      | 1/3 [00:00<00:00,  2.75it/s]100%|██████████| 3/3 [00:00<00:00,  6.20it/s]
Epoch 071/3000 Train Loss: 0.092106 (MSE:0.013469, CE:0.007188, KLD:1.653778)  Val Loss: 0.103114 (MSE:0.015594, CE:0.010050, KLD:1.793133)
  0%|          | 0/3 [00:00<?, ?it/s] 33%|███▎      | 1/3 [00:00<00:00,  2.84it/s]100%|██████████| 3/3 [00:00<00:00,  6.20it/s]
Epoch 072/3000 Train Loss: 0.091692 (MSE:0.013336, CE:0.007239, KLD:1.646107)  Val Loss: 0.156708 (MSE:0.060010, CE:0.019428, KLD:1.788511)
  0%|          | 0/3 [00:00<?, ?it/s] 33%|███▎      | 1/3 [00:00<00:00,  2.79it/s]100%|██████████| 3/3 [00:00<00:00,  6.25it/s]
Epoch 073/3000 Train Loss: 0.091181 (MSE:0.013356, CE:0.006835, KLD:1.643169)  Val Loss: 0.472410 (MSE:0.372529, CE:0.022855, KLD:1.782864)
  0%|          | 0/3 [00:00<?, ?it/s] 33%|███▎      | 1/3 [00:00<00:00,  2.87it/s]100%|██████████| 3/3 [00:00<00:00,  6.48it/s]
Epoch 074/3000 Train Loss: 0.090882 (MSE:0.013468, CE:0.006924, KLD:1.631590)  Val Loss: 0.180915 (MSE:0.076552, CE:0.028110, KLD:1.764976)
  0%|          | 0/3 [00:00<?, ?it/s] 33%|███▎      | 1/3 [00:00<00:00,  2.86it/s]100%|██████████| 3/3 [00:00<00:00,  6.42it/s]
Epoch 075/3000 Train Loss: 0.090533 (MSE:0.013619, CE:0.006757, KLD:1.623899)  Val