[I 2025-05-04 17:52:59,084] Trial 17 finished with value: 0.8 and parameters: {'n_estimators': 10, 'max_depth': 20, 'gamma': 0.6804311330285688, 'subsample': 0.6700784732204454, 'colsample_bytree': 0.6351073000128957}. Best is trial 4 with value: 0.9.
/data/home/rtabares/anaconda3/envs/pyth3.12/lib/python3.12/site-packages/xgboost/core.py:377: FutureWarning: Your system has an old version of glibc (< 2.28). We will stop supporting Linux distros with glibc older than 2.28 after **May 31, 2025**. Please upgrade to a recent Linux distro (with glibc >= 2.28) to use future versions of XGBoost.
Note: You have installed the 'manylinux2014' variant of XGBoost. Certain features such as GPU algorithms or federated learning are not available. To use these features, please upgrade to a recent Linux distro with glibc 2.28+, and install the 'manylinux_2_28' variant.
  warnings.warn(
[I 2025-05-04 17:52:59,740] Trial 18 finished with value: 0.85 and parameters: {'n_estimators': 100, 'max_depth': 5, 'gamma': 0.44447026495937536, 'subsample': 0.820283163083064, 'colsample_bytree': 0.7258528197904073}. Best is trial 4 with value: 0.9.
[I 2025-05-04 17:52:59,788] Trial 19 finished with value: 0.85 and parameters: {'n_estimators': 40, 'max_depth': 30, 'gamma': 0.24359283120833075, 'subsample': 0.7172928210872095, 'colsample_bytree': 0.5420286129192774}. Best is trial 4 with value: 0.9.
[I 2025-05-04 17:52:59,836] Trial 20 finished with value: 0.85 and parameters: {'n_estimators': 100, 'max_depth': 20, 'gamma': 0.9015924255660285, 'subsample': 0.5653157041585262, 'colsample_bytree': 0.911903872201199}. Best is trial 4 with value: 0.9.
[I 2025-05-04 17:52:59,887] Trial 21 finished with value: 0.85 and parameters: {'n_estimators': 40, 'max_depth': 20, 'gamma': 0.7721577925859544, 'subsample': 0.9484999496046596, 'colsample_bytree': 0.7659744988959427}. Best is trial 4 with value: 0.9.
[I 2025-05-04 17:52:59,927] Trial 22 finished with value: 0.8 and parameters: {'n_estimators': 40, 'max_depth': 20, 'gamma': 0.8853734087005047, 'subsample': 0.9173288117698642, 'colsample_bytree': 0.8086615826395799}. Best is trial 4 with value: 0.9.
[I 2025-05-04 17:52:59,965] Trial 23 finished with value: 0.85 and parameters: {'n_estimators': 40, 'max_depth': 20, 'gamma': 0.7155564640102688, 'subsample': 0.8939768700442248, 'colsample_bytree': 0.7279820294377845}. Best is trial 4 with value: 0.9.
[I 2025-05-04 17:53:00,004] Trial 24 finished with value: 0.85 and parameters: {'n_estimators': 40, 'max_depth': 20, 'gamma': 0.6156762083711602, 'subsample': 0.9952803176676769, 'colsample_bytree': 0.6705300395644228}. Best is trial 4 with value: 0.9.
[I 2025-05-04 17:53:00,038] Trial 25 finished with value: 0.8 and parameters: {'n_estimators': 40, 'max_depth': 5, 'gamma': 0.91536572070979, 'subsample': 0.8397731710705859, 'colsample_bytree': 0.7761488586957392}. Best is trial 4 with value: 0.9.
[I 2025-05-04 17:53:00,077] Trial 26 finished with value: 0.85 and parameters: {'n_estimators': 10, 'max_depth': 20, 'gamma': 0.7573999299156571, 'subsample': 0.9323051555879828, 'colsample_bytree': 0.7216530794736388}. Best is trial 4 with value: 0.9.
[I 2025-05-04 17:53:00,116] Trial 27 finished with value: 0.85 and parameters: {'n_estimators': 40, 'max_depth': 20, 'gamma': 0.2897569704926981, 'subsample': 0.7750786235512999, 'colsample_bytree': 0.5908740760609208}. Best is trial 4 with value: 0.9.
[I 2025-05-04 17:53:00,157] Trial 28 finished with value: 0.9 and parameters: {'n_estimators': 10, 'max_depth': 30, 'gamma': 0.45797624752514177, 'subsample': 0.7140228483220182, 'colsample_bytree': 0.8448517794699023}. Best is trial 4 with value: 0.9.
[I 2025-05-04 17:53:00,199] Trial 29 finished with value: 0.9 and parameters: {'n_estimators': 10, 'max_depth': 30, 'gamma': 0.4260833949727135, 'subsample': 0.716715434257242, 'colsample_bytree': 0.8556120001170066}. Best is trial 4 with value: 0.9.
[I 2025-05-04 17:53:02,040] A new study created in memory with name: rf
Parámetros guardados en checkpoint_shoppers_Dlatent_Roriginal_ft/ag/best_models_ag_seed_2/xgb_best_params.json


>>> Optuna tuning rf


[I 2025-05-04 17:53:05,058] Trial 0 finished with value: 0.75 and parameters: {'n_estimators': 274, 'max_depth': 3, 'min_samples_split': 6, 'min_samples_leaf': 5}. Best is trial 0 with value: 0.75.
[I 2025-05-04 17:53:05,691] Trial 1 finished with value: 0.55 and parameters: {'n_estimators': 268, 'max_depth': 8, 'min_samples_split': 3, 'min_samples_leaf': 7}. Best is trial 0 with value: 0.75.
[I 2025-05-04 17:53:05,992] Trial 2 finished with value: 0.75 and parameters: {'n_estimators': 220, 'max_depth': 7, 'min_samples_split': 7, 'min_samples_leaf': 6}. Best is trial 0 with value: 0.75.
[I 2025-05-04 17:53:06,210] Trial 3 finished with value: 0.5 and parameters: {'n_estimators': 153, 'max_depth': 12, 'min_samples_split': 3, 'min_samples_leaf': 8}. Best is trial 0 with value: 0.75.
[I 2025-05-04 17:53:06,712] Trial 4 finished with value: 0.7 and parameters: {'n_estimators': 442, 'max_depth': 11, 'min_samples_split': 9, 'min_samples_leaf': 1}. Best is trial 0 with value: 0.75.
[I 2025-05-04 17:53:07,124] Trial 5 finished with value: 0.7 and parameters: {'n_estimators': 302, 'max_depth': 4, 'min_samples_split': 5, 'min_samples_leaf': 1}. Best is trial 0 with value: 0.75.
[I 2025-05-04 17:53:07,392] Trial 6 finished with value: 0.7 and parameters: {'n_estimators': 150, 'max_depth': 13, 'min_samples_split': 4, 'min_samples_leaf': 2}. Best is trial 0 with value: 0.75.
[I 2025-05-04 17:53:07,672] Trial 7 finished with value: 0.7 and parameters: {'n_estimators': 188, 'max_depth': 9, 'min_samples_split': 6, 'min_samples_leaf': 3}. Best is trial 0 with value: 0.75.
[I 2025-05-04 17:53:08,132] Trial 8 finished with value: 0.7 and parameters: {'n_estimators': 356, 'max_depth': 11, 'min_samples_split': 6, 'min_samples_leaf': 4}. Best is trial 0 with value: 0.75.
[I 2025-05-04 17:53:08,586] Trial 9 finished with value: 0.5 and parameters: {'n_estimators': 418, 'max_depth': 13, 'min_samples_split': 3, 'min_samples_leaf': 8}. Best is trial 0 with value: 0.75.
[I 2025-05-04 17:53:08,951] Trial 10 finished with value: 0.5 and parameters: {'n_estimators': 331, 'max_depth': 19, 'min_samples_split': 10, 'min_samples_leaf': 10}. Best is trial 0 with value: 0.75.
[I 2025-05-04 17:53:09,893] Trial 11 finished with value: 0.75 and parameters: {'n_estimators': 235, 'max_depth': 4, 'min_samples_split': 8, 'min_samples_leaf': 5}. Best is trial 0 with value: 0.75.
[I 2025-05-04 17:53:10,199] Trial 12 finished with value: 0.75 and parameters: {'n_estimators': 233, 'max_depth': 3, 'min_samples_split': 8, 'min_samples_leaf': 6}. Best is trial 0 with value: 0.75.
[I 2025-05-04 17:53:11,291] Trial 13 finished with value: 0.75 and parameters: {'n_estimators': 388, 'max_depth': 7, 'min_samples_split': 7, 'min_samples_leaf': 5}. Best is trial 0 with value: 0.75.
[I 2025-05-04 17:53:11,585] Trial 14 finished with value: 0.65 and parameters: {'n_estimators': 208, 'max_depth': 6, 'min_samples_split': 5, 'min_samples_leaf': 6}. Best is trial 0 with value: 0.75.
[I 2025-05-04 17:53:12,142] Trial 15 finished with value: 0.7 and parameters: {'n_estimators': 477, 'max_depth': 6, 'min_samples_split': 7, 'min_samples_leaf': 4}. Best is trial 0 with value: 0.75.
[I 2025-05-04 17:53:12,295] Trial 16 finished with value: 0.5 and parameters: {'n_estimators': 108, 'max_depth': 16, 'min_samples_split': 7, 'min_samples_leaf': 10}. Best is trial 0 with value: 0.75.
[I 2025-05-04 17:53:12,639] Trial 17 finished with value: 0.5 and parameters: {'n_estimators': 301, 'max_depth': 5, 'min_samples_split': 5, 'min_samples_leaf': 8}. Best is trial 0 with value: 0.75.
[I 2025-05-04 17:53:12,979] Trial 18 finished with value: 0.5 and parameters: {'n_estimators': 266, 'max_depth': 9, 'min_samples_split': 2, 'min_samples_leaf': 7}. Best is trial 0 with value: 0.75.
[I 2025-05-04 17:53:13,173] Trial 19 finished with value: 0.75 and parameters: {'n_estimators': 167, 'max_depth': 3, 'min_samples_split': 9, 'min_samples_leaf': 4}. Best is trial 0 with value: 0.75.
[I 2025-05-04 17:53:13,336] Trial 20 finished with value: 0.7 and parameters: {'n_estimators': 107, 'max_depth': 8, 'min_samples_split': 8, 'min_samples_leaf': 3}. Best is trial 0 with value: 0.75.
[I 2025-05-04 17:53:13,660] Trial 21 finished with value: 0.75 and parameters: {'n_estimators': 244, 'max_depth': 5, 'min_samples_split': 8, 'min_samples_leaf': 5}. Best is trial 0 with value: 0.75.
[I 2025-05-04 17:53:13,914] Trial 22 finished with value: 0.75 and parameters: {'n_estimators': 217, 'max_depth': 3, 'min_samples_split': 7, 'min_samples_leaf': 6}. Best is trial 0 with value: 0.75.
[I 2025-05-04 17:53:14,264] Trial 23 finished with value: 0.75 and parameters: {'n_estimators': 274, 'max_depth': 5, 'min_samples_split': 9, 'min_samples_leaf': 5}. Best is trial 0 with value: 0.75.
[I 2025-05-04 17:53:14,690] Trial 24 finished with value: 0.5 and parameters: {'n_estimators': 335, 'max_depth': 7, 'min_samples_split': 6, 'min_samples_leaf': 7}. Best is trial 0 with value: 0.75.
[I 2025-05-04 17:53:14,906] Trial 25 finished with value: 0.7 and parameters: {'n_estimators': 185, 'max_depth': 4, 'min_samples_split': 10, 'min_samples_leaf': 3}. Best is trial 0 with value: 0.75.
[I 2025-05-04 17:53:15,232] Trial 26 finished with value: 0.7 and parameters: {'n_estimators': 253, 'max_depth': 6, 'min_samples_split': 8, 'min_samples_leaf': 5}. Best is trial 0 with value: 0.75.
[I 2025-05-04 17:53:15,557] Trial 27 finished with value: 0.7 and parameters: {'n_estimators': 289, 'max_depth': 4, 'min_samples_split': 6, 'min_samples_leaf': 4}. Best is trial 0 with value: 0.75.
[I 2025-05-04 17:53:15,801] Trial 28 finished with value: 0.65 and parameters: {'n_estimators': 216, 'max_depth': 9, 'min_samples_split': 7, 'min_samples_leaf': 6}. Best is trial 0 with value: 0.75.
[I 2025-05-04 17:53:16,211] Trial 29 finished with value: 0.5 and parameters: {'n_estimators': 339, 'max_depth': 7, 'min_samples_split': 4, 'min_samples_leaf': 9}. Best is trial 0 with value: 0.75.
[I 2025-05-04 17:53:18,592] A new study created in memory with name: svc
Parámetros guardados en checkpoint_shoppers_Dlatent_Roriginal_ft/ag/best_models_ag_seed_2/rf_best_params.json


>>> Optuna tuning svc


[I 2025-05-04 17:53:21,312] Trial 0 finished with value: 0.65 and parameters: {'C': 0.5545996722241048, 'gamma': 0.00012697111322756423}. Best is trial 0 with value: 0.65.
[I 2025-05-04 17:53:21,609] Trial 1 finished with value: 0.65 and parameters: {'C': 1.579973895360496, 'gamma': 0.005511750757691415}. Best is trial 0 with value: 0.65.
[I 2025-05-04 17:53:21,627] Trial 2 finished with value: 0.65 and parameters: {'C': 0.48025424062174377, 'gamma': 0.002095749079193946}. Best is trial 0 with value: 0.65.
[I 2025-05-04 17:53:21,642] Trial 3 finished with value: 0.55 and parameters: {'C': 0.06585587677899403, 'gamma': 0.029997417348655162}. Best is trial 0 with value: 0.65.
[I 2025-05-04 17:53:21,655] Trial 4 finished with value: 0.65 and parameters: {'C': 0.15798603319028856, 'gamma': 0.0011676403660687692}. Best is trial 0 with value: 0.65.
[I 2025-05-04 17:53:21,669] Trial 5 finished with value: 0.5 and parameters: {'C': 3.051654279698754, 'gamma': 0.01307881440940144}. Best is trial 0 with value: 0.65.
[I 2025-05-04 17:53:21,684] Trial 6 finished with value: 0.6 and parameters: {'C': 0.034539797048540495, 'gamma': 0.01133215445049292}. Best is trial 0 with value: 0.65.
[I 2025-05-04 17:53:21,697] Trial 7 finished with value: 0.4 and parameters: {'C': 0.05467130776888186, 'gamma': 0.13846518531662885}. Best is trial 0 with value: 0.65.
[I 2025-05-04 17:53:21,712] Trial 8 finished with value: 0.45 and parameters: {'C': 26.055605528320903, 'gamma': 0.009483034914203468}. Best is trial 0 with value: 0.65.
[I 2025-05-04 17:53:21,727] Trial 9 finished with value: 0.65 and parameters: {'C': 24.335817588808105, 'gamma': 0.00020824851253449603}. Best is trial 0 with value: 0.65.
[I 2025-05-04 17:53:21,747] Trial 10 finished with value: 0.65 and parameters: {'C': 5.777493411820231, 'gamma': 0.00011387692581967695}. Best is trial 0 with value: 0.65.
[I 2025-05-04 17:53:22,424] Trial 11 finished with value: 0.35 and parameters: {'C': 1.549207993350783, 'gamma': 0.38609482064593204}. Best is trial 0 with value: 0.65.
[I 2025-05-04 17:53:22,448] Trial 12 finished with value: 0.65 and parameters: {'C': 0.42200756195514116, 'gamma': 0.0006082129786813713}. Best is trial 0 with value: 0.65.
[I 2025-05-04 17:53:23,077] Trial 13 finished with value: 0.65 and parameters: {'C': 4.428298886403992, 'gamma': 0.002937275677771331}. Best is trial 0 with value: 0.65.
[I 2025-05-04 17:53:23,101] Trial 14 finished with value: 0.65 and parameters: {'C': 0.014053355153900821, 'gamma': 0.00044664214666113714}. Best is trial 0 with value: 0.65.
[I 2025-05-04 17:53:23,124] Trial 15 finished with value: 0.45 and parameters: {'C': 80.78963648177103, 'gamma': 0.09264200616561681}. Best is trial 0 with value: 0.65.
[I 2025-05-04 17:53:23,146] Trial 16 finished with value: 0.7 and parameters: {'C': 0.39881841457963957, 'gamma': 0.004205298215919713}. Best is trial 16 with value: 0.7.
[I 2025-05-04 17:53:23,167] Trial 17 finished with value: 0.4 and parameters: {'C': 0.5780630635111245, 'gamma': 0.8379255861279092}. Best is trial 16 with value: 0.7.
[I 2025-05-04 17:53:23,793] Trial 18 finished with value: 0.55 and parameters: {'C': 0.14233124760054078, 'gamma': 0.036058877945824665}. Best is trial 16 with value: 0.7.
[I 2025-05-04 17:53:23,817] Trial 19 finished with value: 0.65 and parameters: {'C': 0.19549470022816082, 'gamma': 0.00034327588128230655}. Best is trial 16 with value: 0.7.
[I 2025-05-04 17:53:23,843] Trial 20 finished with value: 0.65 and parameters: {'C': 0.9444830199645273, 'gamma': 0.0014180723922679248}. Best is trial 16 with value: 0.7.
[I 2025-05-04 17:53:23,869] Trial 21 finished with value: 0.7 and parameters: {'C': 1.891167500926092, 'gamma': 0.004300875426611574}. Best is trial 16 with value: 0.7.
[I 2025-05-04 17:53:23,890] Trial 22 finished with value: 0.65 and parameters: {'C': 0.2870507240190114, 'gamma': 0.0030889622565799498}. Best is trial 16 with value: 0.7.
[I 2025-05-04 17:53:24,537] Trial 23 finished with value: 0.65 and parameters: {'C': 9.739464492408969, 'gamma': 0.0007475250561024106}. Best is trial 16 with value: 0.7.
[I 2025-05-04 17:53:25,167] Trial 24 finished with value: 0.65 and parameters: {'C': 1.5550363170272, 'gamma': 0.00011998432084800761}. Best is trial 16 with value: 0.7.
[I 2025-05-04 17:53:25,191] Trial 25 finished with value: 0.65 and parameters: {'C': 0.8913638084260381, 'gamma': 0.005932600168857726}. Best is trial 16 with value: 0.7.
[I 2025-05-04 17:53:25,224] Trial 26 finished with value: 0.45 and parameters: {'C': 2.6779739714957205, 'gamma': 0.028180613258724323}. Best is trial 16 with value: 0.7.
[I 2025-05-04 17:53:25,250] Trial 27 finished with value: 0.65 and parameters: {'C': 10.768861563467818, 'gamma': 0.00026046825824484063}. Best is trial 16 with value: 0.7.
[I 2025-05-04 17:53:25,271] Trial 28 finished with value: 0.65 and parameters: {'C': 0.0997446252352649, 'gamma': 0.0009909748170267752}. Best is trial 16 with value: 0.7.
[I 2025-05-04 17:53:25,293] Trial 29 finished with value: 0.7 and parameters: {'C': 0.2952870919509298, 'gamma': 0.004641521044129265}. Best is trial 16 with value: 0.7.
[I 2025-05-04 17:53:27,103] A new study created in memory with name: logreg
[I 2025-05-04 17:53:27,127] Trial 0 finished with value: 0.55 and parameters: {'C': 0.15134724182275533, 'penalty': 'l2'}. Best is trial 0 with value: 0.55.
Parámetros guardados en checkpoint_shoppers_Dlatent_Roriginal_ft/ag/best_models_ag_seed_2/svc_best_params.json


>>> Optuna tuning logreg


[I 2025-05-04 17:53:29,909] Trial 1 finished with value: 0.65 and parameters: {'C': 0.00134781771168027, 'penalty': 'l2'}. Best is trial 1 with value: 0.65.
[I 2025-05-04 17:53:30,221] Trial 2 finished with value: 0.4 and parameters: {'C': 0.5601603817503298, 'penalty': 'l2'}. Best is trial 1 with value: 0.65.
[I 2025-05-04 17:53:30,245] Trial 3 finished with value: 0.55 and parameters: {'C': 0.15017995265951545, 'penalty': 'l2'}. Best is trial 1 with value: 0.65.
[I 2025-05-04 17:53:30,258] Trial 4 finished with value: 0.6 and parameters: {'C': 0.1264267606498664, 'penalty': 'l2'}. Best is trial 1 with value: 0.65.
[I 2025-05-04 17:53:30,280] Trial 5 finished with value: 0.6 and parameters: {'C': 0.044840877729077515, 'penalty': 'l2'}. Best is trial 1 with value: 0.65.
[I 2025-05-04 17:53:30,303] Trial 6 finished with value: 0.65 and parameters: {'C': 0.010549774340694125, 'penalty': 'l2'}. Best is trial 1 with value: 0.65.
[I 2025-05-04 17:53:30,325] Trial 7 finished with value: 0.45 and parameters: {'C': 1.248403080828608, 'penalty': 'l2'}. Best is trial 1 with value: 0.65.
[I 2025-05-04 17:53:30,337] Trial 8 finished with value: 0.6 and parameters: {'C': 0.03149730300397853, 'penalty': 'l2'}. Best is trial 1 with value: 0.65.
[I 2025-05-04 17:53:30,360] Trial 9 finished with value: 0.6 and parameters: {'C': 0.021584220823040776, 'penalty': 'l2'}. Best is trial 1 with value: 0.65.
[I 2025-05-04 17:53:30,386] Trial 10 finished with value: 0.5 and parameters: {'C': 64.41808847399955, 'penalty': 'l2'}. Best is trial 1 with value: 0.65.
[I 2025-05-04 17:53:30,411] Trial 11 finished with value: 0.65 and parameters: {'C': 0.0011053388146618393, 'penalty': 'l2'}. Best is trial 1 with value: 0.65.
[I 2025-05-04 17:53:31,031] Trial 12 finished with value: 0.65 and parameters: {'C': 0.001136550637943971, 'penalty': 'l2'}. Best is trial 1 with value: 0.65.
[I 2025-05-04 17:53:31,057] Trial 13 finished with value: 0.65 and parameters: {'C': 0.006219117318228218, 'penalty': 'l2'}. Best is trial 1 with value: 0.65.
[I 2025-05-04 17:53:31,678] Trial 14 finished with value: 0.65 and parameters: {'C': 0.0058121390434854306, 'penalty': 'l2'}. Best is trial 1 with value: 0.65.
[I 2025-05-04 17:53:31,703] Trial 15 finished with value: 0.4 and parameters: {'C': 4.0574315711230975, 'penalty': 'l2'}. Best is trial 1 with value: 0.65.
[I 2025-05-04 17:53:31,719] Trial 16 finished with value: 0.65 and parameters: {'C': 0.005812064885912831, 'penalty': 'l2'}. Best is trial 1 with value: 0.65.
[I 2025-05-04 17:53:31,737] Trial 17 finished with value: 0.65 and parameters: {'C': 0.0033311209292516933, 'penalty': 'l2'}. Best is trial 1 with value: 0.65.
[I 2025-05-04 17:53:31,765] Trial 18 finished with value: 0.65 and parameters: {'C': 0.012984569451155373, 'penalty': 'l2'}. Best is trial 1 with value: 0.65.
[I 2025-05-04 17:53:32,411] Trial 19 finished with value: 0.65 and parameters: {'C': 0.0018406043335271376, 'penalty': 'l2'}. Best is trial 1 with value: 0.65.
[I 2025-05-04 17:53:32,437] Trial 20 finished with value: 0.4 and parameters: {'C': 11.357336669457776, 'penalty': 'l2'}. Best is trial 1 with value: 0.65.
[I 2025-05-04 17:53:32,467] Trial 21 finished with value: 0.65 and parameters: {'C': 0.0013212958164840654, 'penalty': 'l2'}. Best is trial 1 with value: 0.65.
[I 2025-05-04 17:53:33,104] Trial 22 finished with value: 0.65 and parameters: {'C': 0.0011717782454658534, 'penalty': 'l2'}. Best is trial 1 with value: 0.65.
[I 2025-05-04 17:53:33,135] Trial 23 finished with value: 0.65 and parameters: {'C': 0.011155663678907014, 'penalty': 'l2'}. Best is trial 1 with value: 0.65.
[I 2025-05-04 17:53:33,772] Trial 24 finished with value: 0.65 and parameters: {'C': 0.0023381922445146162, 'penalty': 'l2'}. Best is trial 1 with value: 0.65.
[I 2025-05-04 17:53:33,792] Trial 25 finished with value: 0.65 and parameters: {'C': 0.00371273495230044, 'penalty': 'l2'}. Best is trial 1 with value: 0.65.
[I 2025-05-04 17:53:33,822] Trial 26 finished with value: 0.6 and parameters: {'C': 0.043397760798267175, 'penalty': 'l2'}. Best is trial 1 with value: 0.65.
[I 2025-05-04 17:53:33,851] Trial 27 finished with value: 0.65 and parameters: {'C': 0.01333343405139372, 'penalty': 'l2'}. Best is trial 1 with value: 0.65.
[I 2025-05-04 17:53:33,882] Trial 28 finished with value: 0.65 and parameters: {'C': 0.0010257798701633594, 'penalty': 'l2'}. Best is trial 1 with value: 0.65.
[I 2025-05-04 17:53:33,914] Trial 29 finished with value: 0.6 and parameters: {'C': 0.10161415495298662, 'penalty': 'l2'}. Best is trial 1 with value: 0.65.
[I 2025-05-04 17:53:36,932] A new study created in memory with name: mlp
Parámetros guardados en checkpoint_shoppers_Dlatent_Roriginal_ft/ag/best_models_ag_seed_2/logreg_best_params.json


>>> Optuna tuning mlp


/data/home/rtabares/anaconda3/envs/pyth3.12/lib/python3.12/site-packages/sklearn/neural_network/_multilayer_perceptron.py:691: ConvergenceWarning: Stochastic Optimizer: Maximum iterations (50) reached and the optimization hasn't converged yet.
  warnings.warn(
/data/home/rtabares/anaconda3/envs/pyth3.12/lib/python3.12/site-packages/sklearn/neural_network/_multilayer_perceptron.py:691: ConvergenceWarning: Stochastic Optimizer: Maximum iterations (50) reached and the optimization hasn't converged yet.
  warnings.warn(
/data/home/rtabares/anaconda3/envs/pyth3.12/lib/python3.12/site-packages/sklearn/neural_network/_multilayer_perceptron.py:691: ConvergenceWarning: Stochastic Optimizer: Maximum iterations (50) reached and the optimization hasn't converged yet.
  warnings.warn(
/data/home/rtabares/anaconda3/envs/pyth3.12/lib/python3.12/site-packages/sklearn/neural_network/_multilayer_perceptron.py:691: ConvergenceWarning: Stochastic Optimizer: Maximum iterations (50) reached and the optimization hasn't converged yet.
  warnings.warn(
/data/home/rtabares/anaconda3/envs/pyth3.12/lib/python3.12/site-packages/sklearn/neural_network/_multilayer_perceptron.py:691: ConvergenceWarning: Stochastic Optimizer: Maximum iterations (50) reached and the optimization hasn't converged yet.
  warnings.warn(
