[I 2025-05-04 17:40:31,530] Trial 29 finished with value: 0.8 and parameters: {'hidden_layer_sizes': (200,), 'max_iter': 50, 'alpha': 0.0001}. Best is trial 11 with value: 0.95.
/data/home/rtabares/anaconda3/envs/pyth3.12/lib/python3.12/site-packages/xgboost/core.py:377: FutureWarning: Your system has an old version of glibc (< 2.28). We will stop supporting Linux distros with glibc older than 2.28 after **May 31, 2025**. Please upgrade to a recent Linux distro (with glibc >= 2.28) to use future versions of XGBoost.
Note: You have installed the 'manylinux2014' variant of XGBoost. Certain features such as GPU algorithms or federated learning are not available. To use these features, please upgrade to a recent Linux distro with glibc 2.28+, and install the 'manylinux_2_28' variant.
  warnings.warn(
Parámetros guardados en checkpoint_shoppers_Dlatent_Roriginal_ft/random/best_models_random_seed_2/mlp_best_params.json
Categoricas entrenamiento:  7
Datos unicos de y_train:  [False  True]
Datos unicos de y_train luego:  [0 1]
No se creó ClassifierHead (num_classes no proporcionado o <= 0).
  0%|          | 0/3 [00:00<?, ?it/s] 33%|███▎      | 1/3 [00:00<00:00,  2.82it/s]100%|██████████| 3/3 [00:00<00:00,  5.84it/s]
Epoch 001/3000 Train Loss: 3.409836 (MSE:1.388351, CE:2.013144, KLD:0.173761)  Val Loss: 3.104902 (MSE:1.192824, CE:1.893190, KLD:0.393478)
  0%|          | 0/3 [00:00<?, ?it/s] 33%|███▎      | 1/3 [00:00<00:00,  2.84it/s]100%|██████████| 3/3 [00:00<00:00,  6.12it/s]
Epoch 002/3000 Train Loss: 2.854415 (MSE:0.967075, CE:1.862169, KLD:0.524356)  Val Loss: 2.829626 (MSE:1.031085, CE:1.754906, KLD:0.908999)
  0%|          | 0/3 [00:00<?, ?it/s] 33%|███▎      | 1/3 [00:00<00:00,  2.61it/s]100%|██████████| 3/3 [00:00<00:00,  5.92it/s]
Epoch 003/3000 Train Loss: 2.602683 (MSE:0.843470, CE:1.706789, KLD:1.092062)  Val Loss: 2.580976 (MSE:0.933794, CE:1.575067, KLD:1.502276)
  0%|          | 0/3 [00:00<?, ?it/s] 33%|███▎      | 1/3 [00:00<00:00,  2.53it/s]100%|██████████| 3/3 [00:00<00:00,  5.61it/s]
Epoch 004/3000 Train Loss: 2.332679 (MSE:0.726982, CE:1.529468, KLD:1.587972)  Val Loss: 2.232362 (MSE:0.762194, CE:1.382890, KLD:1.818149)
  0%|          | 0/3 [00:00<?, ?it/s] 33%|███▎      | 1/3 [00:00<00:00,  2.63it/s]100%|██████████| 3/3 [00:00<00:00,  5.80it/s]
Epoch 005/3000 Train Loss: 2.012619 (MSE:0.597267, CE:1.323687, KLD:1.909527)  Val Loss: 1.957903 (MSE:0.690028, CE:1.159496, KLD:2.257700)
  0%|          | 0/3 [00:00<?, ?it/s] 33%|███▎      | 1/3 [00:00<00:00,  2.70it/s]100%|██████████| 3/3 [00:00<00:00,  6.13it/s]
Epoch 006/3000 Train Loss: 1.750806 (MSE:0.531968, CE:1.104869, KLD:2.374165)  Val Loss: 1.703441 (MSE:0.610297, CE:0.961902, KLD:2.734003)
  0%|          | 0/3 [00:00<?, ?it/s] 33%|███▎      | 1/3 [00:00<00:00,  2.60it/s]100%|██████████| 3/3 [00:00<00:00,  5.77it/s]
Epoch 007/3000 Train Loss: 1.514052 (MSE:0.457230, CE:0.923462, KLD:2.778115)  Val Loss: 1.503058 (MSE:0.518230, CE:0.842403, KLD:2.966949)
  0%|          | 0/3 [00:00<?, ?it/s] 33%|███▎      | 1/3 [00:00<00:00,  2.63it/s]100%|██████████| 3/3 [00:00<00:00,  5.97it/s]
Epoch 008/3000 Train Loss: 1.331430 (MSE:0.376274, CE:0.814164, KLD:2.937098)  Val Loss: 1.343485 (MSE:0.459383, CE:0.739631, KLD:3.009569)
  0%|          | 0/3 [00:00<?, ?it/s] 33%|███▎      | 1/3 [00:00<00:00,  2.65it/s]100%|██████████| 3/3 [00:00<00:00,  5.49it/s]
Epoch 009/3000 Train Loss: 1.168154 (MSE:0.324225, CE:0.702091, KLD:2.954723)  Val Loss: 1.209908 (MSE:0.442140, CE:0.621945, KLD:3.037752)
  0%|          | 0/3 [00:00<?, ?it/s] 33%|███▎      | 1/3 [00:00<00:00,  2.91it/s]100%|██████████| 3/3 [00:00<00:00,  6.35it/s]
Epoch 010/3000 Train Loss: 1.011636 (MSE:0.268931, CE:0.599685, KLD:2.979359)  Val Loss: 1.045046 (MSE:0.347559, CE:0.550506, KLD:3.061873)
  0%|          | 0/3 [00:00<?, ?it/s] 33%|███▎      | 1/3 [00:00<00:00,  2.76it/s]100%|██████████| 3/3 [00:00<00:00,  6.19it/s]
Epoch 011/3000 Train Loss: 0.898108 (MSE:0.221107, CE:0.534552, KLD:2.967442)  Val Loss: 0.940627 (MSE:0.295677, CE:0.497495, KLD:3.071743)
  0%|          | 0/3 [00:00<?, ?it/s] 33%|███▎      | 1/3 [00:00<00:00,  2.95it/s]100%|██████████| 3/3 [00:00<00:00,  6.38it/s]
Epoch 012/3000 Train Loss: 0.814738 (MSE:0.184827, CE:0.485488, KLD:3.008584)  Val Loss: 0.893663 (MSE:0.292124, CE:0.451421, KLD:3.127206)
  0%|          | 0/3 [00:00<?, ?it/s] 33%|███▎      | 1/3 [00:00<00:00,  2.76it/s]100%|██████████| 3/3 [00:00<00:00,  6.16it/s]
Epoch 013/3000 Train Loss: 0.741036 (MSE:0.154494, CE:0.439610, KLD:3.060837)  Val Loss: 0.963311 (MSE:0.409692, CE:0.405552, KLD:3.084481)
  0%|          | 0/3 [00:00<?, ?it/s] 33%|███▎      | 1/3 [00:00<00:00,  2.92it/s]100%|██████████| 3/3 [00:00<00:00,  6.39it/s]
Epoch 014/3000 Train Loss: 0.669699 (MSE:0.131033, CE:0.393971, KLD:3.014247)  Val Loss: 0.734952 (MSE:0.225776, CE:0.364948, KLD:3.004496)
  0%|          | 0/3 [00:00<?, ?it/s] 33%|███▎      | 1/3 [00:00<00:00,  2.86it/s]100%|██████████| 3/3 [00:00<00:00,  6.28it/s]
Epoch 015/3000 Train Loss: 0.601879 (MSE:0.109906, CE:0.350801, KLD:2.940852)  Val Loss: 0.616641 (MSE:0.155755, CE:0.320600, KLD:2.922377)
  0%|          | 0/3 [00:00<?, ?it/s] 33%|███▎      | 1/3 [00:00<00:00,  2.92it/s]100%|██████████| 3/3 [00:00<00:00,  6.29it/s]
Epoch 016/3000 Train Loss: 0.539145 (MSE:0.099030, CE:0.303098, KLD:2.854293)  Val Loss: 0.551573 (MSE:0.141459, CE:0.273063, KLD:2.855007)
  0%|          | 0/3 [00:00<?, ?it/s] 33%|███▎      | 1/3 [00:00<00:00,  2.65it/s]100%|██████████| 3/3 [00:00<00:00,  5.70it/s]
Epoch 017/3000 Train Loss: 0.473617 (MSE:0.082684, CE:0.256636, KLD:2.797627)  Val Loss: 0.479255 (MSE:0.115943, CE:0.228346, KLD:2.811576)
  0%|          | 0/3 [00:00<?, ?it/s] 33%|███▎      | 1/3 [00:00<00:00,  2.69it/s]100%|██████████| 3/3 [00:00<00:00,  5.98it/s]
Epoch 018/3000 Train Loss: 0.414808 (MSE:0.070698, CE:0.212230, KLD:2.747295)  Val Loss: 0.420566 (MSE:0.101906, CE:0.186293, KLD:2.757423)
  0%|          | 0/3 [00:00<?, ?it/s] 33%|███▎      | 1/3 [00:00<00:00,  2.60it/s]100%|██████████| 3/3 [00:00<00:00,  5.83it/s]
Epoch 019/3000 Train Loss: 0.364325 (MSE:0.062468, CE:0.171021, KLD:2.725545)  Val Loss: 0.372622 (MSE:0.089354, CE:0.151030, KLD:2.754733)
  0%|          | 0/3 [00:00<?, ?it/s] 33%|███▎      | 1/3 [00:00<00:00,  2.37it/s]100%|██████████| 3/3 [00:00<00:00,  5.41it/s]
Epoch 020/3000 Train Loss: 0.326166 (MSE:0.057255, CE:0.137858, KLD:2.730058)  Val Loss: 0.347120 (MSE:0.092591, CE:0.123078, KLD:2.738349)
  0%|          | 0/3 [00:00<?, ?it/s] 33%|███▎      | 1/3 [00:00<00:00,  2.57it/s]100%|██████████| 3/3 [00:00<00:00,  5.71it/s]
Epoch 021/3000 Train Loss: 0.295184 (MSE:0.051364, CE:0.113633, KLD:2.712025)  Val Loss: 0.324845 (MSE:0.090606, CE:0.105236, KLD:2.687335)
  0%|          | 0/3 [00:00<?, ?it/s] 33%|███▎      | 1/3 [00:00<00:00,  2.48it/s]100%|██████████| 3/3 [00:00<00:00,  5.59it/s]
Epoch 022/3000 Train Loss: 0.271698 (MSE:0.046902, CE:0.097000, KLD:2.662216)  Val Loss: 0.293413 (MSE:0.075584, CE:0.091097, KLD:2.640051)
  0%|          | 0/3 [00:00<?, ?it/s] 33%|███▎      | 1/3 [00:00<00:00,  2.67it/s]100%|██████████| 3/3 [00:00<00:00,  6.05it/s]
Epoch 023/3000 Train Loss: 0.252028 (MSE:0.042287, CE:0.084528, KLD:2.608410)  Val Loss: 0.271513 (MSE:0.068036, CE:0.080113, KLD:2.569880)
  0%|          | 0/3 [00:00<?, ?it/s] 33%|███▎      | 1/3 [00:00<00:00,  2.67it/s]100%|██████████| 3/3 [00:00<00:00,  5.96it/s]
Epoch 024/3000 Train Loss: 0.236368 (MSE:0.040187, CE:0.074259, KLD:2.539831)  Val Loss: 0.259162 (MSE:0.068093, CE:0.070508, KLD:2.511472)
  0%|          | 0/3 [00:00<?, ?it/s] 33%|███▎      | 1/3 [00:00<00:00,  2.76it/s]100%|██████████| 3/3 [00:00<00:00,  6.21it/s]
Epoch 025/3000 Train Loss: 0.224320 (MSE:0.039144, CE:0.066224, KLD:2.477970)  Val Loss: 0.252475 (MSE:0.069881, CE:0.064945, KLD:2.450824)
  0%|          | 0/3 [00:00<?, ?it/s] 33%|███▎      | 1/3 [00:00<00:00,  2.75it/s]100%|██████████| 3/3 [00:00<00:00,  6.03it/s]
Epoch 026/3000 Train Loss: 0.237951 (MSE:0.060750, CE:0.060866, KLD:2.423451)  Val Loss: 0.258204 (MSE:0.081753, CE:0.060773, KLD:2.409760)
  0%|          | 0/3 [00:00<?, ?it/s] 33%|███▎      | 1/3 [00:00<00:00,  2.75it/s]100%|██████████| 3/3 [00:00<00:00,  6.10it/s]
Epoch 027/3000 Train Loss: 0.222940 (MSE:0.052481, CE:0.056218, KLD:2.379834)  Val Loss: 0.235709 (MSE:0.067550, CE:0.054690, KLD:2.363747)
  0%|          | 0/3 [00:00<?, ?it/s] 33%|███▎      | 1/3 [00:00<00:00,  2.81it/s]100%|██████████| 3/3 [00:00<00:00,  5.75it/s]
Epoch 028/3000 Train Loss: 0.208595 (MSE:0.044628, CE:0.051888, KLD:2.334795)  Val Loss: 0.221164 (MSE:0.057951, CE:0.051784, KLD:2.321240)
  0%|          | 0/3 [00:00<?, ?it/s] 33%|███▎      | 1/3 [00:00<00:00,  2.72it/s]100%|██████████| 3/3 [00:00<00:00,  5.80it/s]
Epoch 029/3000 Train Loss: 0.197163 (MSE:0.038474, CE:0.048148, KLD:2.302758)  Val Loss: 0.214475 (MSE:0.056931, CE:0.047660, KLD:2.289057)
  0%|          | 0/3 [00:00<?, ?it/s] 33%|███▎      | 1/3 [00:00<00:00,  2.91it/s]100%|██████████| 3/3 [00:00<00:00,  6.31it/s]
Epoch 030/3000 Train Loss: 0.189303 (MSE:0.035188, CE:0.045185, KLD:2.269190)  Val Loss: 0.211066 (MSE:0.058645, CE:0.044396, KLD:2.250353)
  0%|          | 0/3 [00:00<?, ?it/s] 33%|███▎      | 1/3 [00:00<00:00,  2.91it/s]100%|██████████| 3/3 [00:00<00:00,  6.41it/s]
Epoch 031/3000 Train Loss: 0.183169 (MSE:0.033840, CE:0.042140, KLD:2.232920)  Val Loss: 0.202270 (MSE:0.053873, CE:0.042324, KLD:2.209687)
  0%|          | 0/3 [00:00<?, ?it/s] 33%|███▎      | 1/3 [00:00<00:00,  2.75it/s]100%|██████████| 3/3 [00:00<00:00,  5.97it/s]
Epoch 032/3000 Train Loss: 0.176556 (MSE:0.031470, CE:0.039891, KLD:2.191385)  Val Loss: 0.192839 (MSE:0.048288, CE:0.039761, KLD:2.182937)
  0%|          | 0/3 [00:00<?, ?it/s] 33%|███▎      | 1/3 [00:00<00:00,  2.75it/s]100%|██████████| 3/3 [00:00<00:00,  6.27it/s]
Epoch 033/3000 Train Loss: 0.171088 (MSE:0.029880, CE:0.037329, KLD:2.163974)  Val Loss: 0.185436 (MSE:0.044736, CE:0.036978, KLD:2.160696)
  0%|          | 0/3 [00:00<?, ?it/s] 33%|███▎      | 1/3 [00:00<00:00,  2.84it/s]100%|██████████| 3/3 [00:00<00:00,  6.37it/s]
Epoch 034/3000 Train Loss: 0.166355 (MSE:0.028679, CE:0.034780, KLD:2.143512)  Val Loss: 0.184745 (MSE:0.047999, CE:0.034176, KLD:2.136700)
  0%|          | 0/3 [00:00<?, ?it/s] 33%|███▎      | 1/3 [00:00<00:00,  2.76it/s]100%|██████████| 3/3 [00:00<00:00,  6.04it/s]
Epoch 035/3000 Train Loss: 0.161584 (MSE:0.027619, CE:0.032350, KLD:2.116822)  Val Loss: 0.181544 (MSE:0.048052, CE:0.032680, KLD:2.100079)
  0%|          | 0/3 [00:00<?, ?it/s] 33%|███▎      | 1/3 [00:00<00:00,  2.82it/s]100%|██████████| 3/3 [00:00<00:00,  5.77it/s]
Epoch 036/3000 Train Loss: 0.157748 (MSE:0.027406, CE:0.030548, KLD:2.078885)  Val Loss: 0.175572 (MSE:0.045108, CE:0.031170, KLD:2.068465)
  0%|          | 0/3 [00:00<?, ?it/s] 33%|███▎      | 1/3 [00:00<00:00,  2.91it/s]100%|██████████| 3/3 [00:00<00:00,  6.19it/s]
Epoch 037/3000 Train Loss: 0.155113 (MSE:0.027358, CE:0.029167, KLD:2.053747)  Val Loss: 0.171624 (MSE:0.043911, CE:0.028949, KLD:2.057418)
  0%|          | 0/3 [00:00<?, ?it/s] 33%|███▎      | 1/3 [00:00<00:00,  2.91it/s]100%|██████████| 3/3 [00:00<00:00,  6.32it/s]
Epoch 038/3000 Train Loss: 0.152157 (MSE:0.026760, CE:0.027129, KLD:2.047086)  Val Loss: 0.169836 (MSE:0.044148, CE:0.027220, KLD:2.051257)
  0%|          | 0/3 [00:00<?, ?it/s] 33%|███▎      | 1/3 [00:00<00:00,  2.76it/s]100%|██████████| 3/3 [00:00<00:00,  6.26it/s]
Epoch 039/3000 Train Loss: 0.148877 (MSE:0.025591, CE:0.025548, KLD:2.036040)  Val Loss: 0.167554 (MSE:0.043619, CE:0.026682, KLD:2.025954)
  0%|          | 0/3 [00:00<?, ?it/s] 33%|███▎      | 1/3 [00:00<00:00,  2.79it/s]100%|██████████| 3/3 [00:00<00:00,  6.15it/s]
Epoch 040/3000 Train Loss: 0.145567 (MSE:0.025267, CE:0.024008, KLD:2.005917)  Val Loss: 0.162511 (MSE:0.041363, CE:0.025354, KLD:1.995556)
  0%|          | 0/3 [00:00<?, ?it/s] 33%|███▎      | 1/3 [00:00<00:00,  2.41it/s]100%|██████████| 3/3 [00:00<00:00,  5.47it/s]
Epoch 041/3000 Train Loss: 0.142927 (MSE:0.025083, CE:0.022873, KLD:1.978411)  Val Loss: 0.161047 (MSE:0.042417, CE:0.023812, KLD:1.975212)
  0%|          | 0/3 [00:00<?, ?it/s] 33%|███▎      | 1/3 [00:00<00:00,  2.69it/s]100%|██████████| 3/3 [00:00<00:00,  5.94it/s]
Epoch 042/3000 Train Loss: 0.140546 (MSE:0.024622, CE:0.021761, KLD:1.961574)  Val Loss: 0.156789 (MSE:0.040307, CE:0.022282, KLD:1.962346)
  0%|          | 0/3 [00:00<?, ?it/s] 33%|███▎      | 1/3 [00:00<00:00,  2.41it/s]100%|██████████| 3/3 [00:00<00:00,  5.42it/s]
Epoch 043/3000 Train Loss: 0.137848 (MSE:0.023678, CE:0.020683, KLD:1.947489)  Val Loss: 0.155616 (MSE:0.041110, CE:0.021274, KLD:1.942161)
  0%|          | 0/3 [00:00<?, ?it/s] 33%|███▎      | 1/3 [00:00<00:00,  2.55it/s]100%|██████████| 3/3 [00:00<00:00,  5.36it/s]
Epoch 044/3000 Train Loss: 0.135976 (MSE:0.023783, CE:0.019691, KLD:1.926971)  Val Loss: 0.153151 (MSE:0.039851, CE:0.021036, KLD:1.922017)
  0%|          | 0/3 [00:00<?, ?it/s] 33%|███▎      | 1/3 [00:00<00:00,  2.58it/s]100%|██████████| 3/3 [00:00<00:00,  5.79it/s]
Epoch 045/3000 Train Loss: 0.134098 (MSE:0.023573, CE:0.018986, KLD:1.906923)  Val Loss: 0.150351 (MSE:0.038164, CE:0.020456, KLD:1.910931)
  0%|          | 0/3 [00:00<?, ?it/s] 33%|███▎      | 1/3 [00:00<00:00,  2.77it/s]100%|██████████| 3/3 [00:00<00:00,  6.14it/s]
Epoch 046/3000 Train Loss: 0.132313 (MSE:0.023116, CE:0.018075, KLD:1.898249)  Val Loss: 0.147544 (MSE:0.037581, CE:0.018743, KLD:1.900270)
  0%|          | 0/3 [00:00<?, ?it/s] 33%|███▎      | 1/3 [00:00<00:00,  2.49it/s]100%|██████████| 3/3 [00:00<00:00,  5.53it/s]
Epoch 047/3000 Train Loss: 0.130526 (MSE:0.022656, CE:0.017274, KLD:1.887261)  Val Loss: 0.146486 (MSE:0.037908, CE:0.018260, KLD:1.881463)
  0%|          | 0/3 [00:00<?, ?it/s] 33%|███▎      | 1/3 [00:00<00:00,  2.51it/s]100%|██████████| 3/3 [00:00<00:00,  4.76it/s]
Epoch 048/3000 Train Loss: 0.128677 (MSE:0.022562, CE:0.016663, KLD:1.863445)  Val Loss: 0.146637 (MSE:0.039063, CE:0.018633, KLD:1.852791)
  0%|          | 0/3 [00:00<?, ?it/s] 33%|███▎      | 1/3 [00:00<00:00,  2.03it/s]100%|██████████| 3/3 [00:00<00:00,  4.91it/s]
Epoch 049/3000 Train Loss: 0.132154 (MSE:0.027510, CE:0.016139, KLD:1.843702)  Val Loss: 0.163277 (MSE:0.056681, CE:0.017470, KLD:1.856658)
  0%|          | 0/3 [00:00<?, ?it/s] 33%|███▎      | 1/3 [00:00<00:00,  2.82it/s]100%|██████████| 3/3 [00:00<00:00,  6.28it/s]
Epoch 050/3000 Train Loss: 0.143509 (MSE:0.038905, CE:0.015774, KLD:1.850476)  Val Loss: 0.142418 (MSE:0.037144, CE:0.015859, KLD:1.862658)
  0%|          | 0/3 [00:00<?, ?it/s] 33%|███▎      | 1/3 [00:00<00:00,  2.81it/s]100%|██████████| 3/3 [00:00<00:00,  5.90it/s]
Epoch 051/3000 Train Loss: 0.131332 (MSE:0.027794, CE:0.015105, KLD:1.842212)  Val Loss: 0.142342 (MSE:0.038059, CE:0.017145, KLD:1.815247)
  0%|          | 0/3 [00:00<?, ?it/s] 33%|███▎      | 1/3 [00:00<00:00,  2.75it/s]100%|██████████| 3/3 [00:00<00:00,  6.14it/s]
Epoch 052/3000 Train Loss: 0.127687 (MSE:0.026380, CE:0.015202, KLD:1.793719)  Val Loss: 0.139390 (MSE:0.037525, CE:0.016092, KLD:1.786797)
  0%|          | 0/3 [00:00<?, ?it/s] 33%|███▎      | 1/3 [00:00<00:00,  2.64it/s]100%|██████████| 3/3 [00:00<00:00,  6.02it/s]
Epoch 053/3000 Train Loss: 0.125242 (MSE:0.024985, CE:0.014763, KLD:1.780973)  Val Loss: 0.138585 (MSE:0.035876, CE:0.016674, KLD:1.792258)
  0%|          | 0/3 [00:00<?, ?it/s] 33%|███▎      | 1/3 [00:00<00:00,  2.74it/s]100%|██████████| 3/3 [00:00<00:00,  6.08it/s]
Epoch 054/3000 Train Loss: 0.122806 (MSE:0.023014, CE:0.014209, KLD:1.782822)  Val Loss: 0.137510 (MSE:0.036327, CE:0.015680, KLD:1.781177)
  0%|          | 0/3 [00:00<?, ?it/s] 33%|███▎      | 1/3 [00:00<00:00,  2.61it/s]100%|██████████| 3/3 [00:00<00:00,  5.61it/s]
Epoch 055/3000 Train Loss: 0.120493 (MSE:0.021625, CE:0.013857, KLD:1.770936)  Val Loss: 0.137257 (MSE:0.035941, CE:0.016070, KLD:1.775817)
  0%|          | 0/3 [00:00<?, ?it/s] 33%|███▎      | 1/3 [00:00<00:00,  2.68it/s]100%|██████████| 3/3 [00:00<00:00,  5.84it/s]
Epoch 056/3000 Train Loss: 0.119316 (MSE:0.021210, CE:0.013418, KLD:1.764214)  Val Loss: 0.133772 (MSE:0.035150, CE:0.014102, KLD:1.760701)
  0%|          | 0/3 [00:00<?, ?it/s] 33%|███▎      | 1/3 [00:00<00:00,  2.54it/s]100%|██████████| 3/3 [00:00<00:00,  5.72it/s]
Epoch 057/3000 Train Loss: 0.117397 (MSE:0.020744, CE:0.012941, KLD:1.743863)  Val Loss: 0.134119 (MSE:0.035516, CE:0.015260, KLD:1.736186)
  0%|          | 0/3 [00:00<?, ?it/s] 33%|███▎      | 1/3 [00:00<00:00,  2.73it/s]100%|██████████| 3/3 [00:00<00:00,  6.13it/s]
Epoch 058/3000 Train Loss: 0.116288 (MSE:0.020760, CE:0.012849, KLD:1.722362)  Val Loss: 0.131449 (MSE:0.034524, CE:0.013875, KLD:1.730071)
  0%|          | 0/3 [00:00<?, ?it/s] 33%|███▎      | 1/3 [00:00<00:00,  2.76it/s]100%|██████████| 3/3 [00:00<00:00,  5.96it/s]
Epoch 059/3000 Train Loss: 0.114426 (MSE:0.019354, CE:0.012289, KLD:1.724531)  Val Loss: 0.130927 (MSE:0.034730, CE:0.013240, KLD:1.728133)
  0%|          | 0/3 [00:00<?, ?it/s] 33%|███▎      | 1/3 [00:00<00:00,  2.83it/s]100%|██████████| 3/3 [00:00<00:00,  6.03it/s]
Epoch 060/3000 Train Loss: 0.113655 (MSE:0.019452, CE:0.012000, KLD:1.712432)  Val Loss: 0.129999 (MSE:0.034440, CE:0.013406, KLD:1.711390)
  0%|          | 0/3 [00:00<?, ?it/s] 33%|███▎      | 1/3 [00:00<00:00,  2.89it/s]100%|██████████| 3/3 [00:00<00:00,  6.33it/s]
Epoch 061/3000 Train Loss: 0.112650 (MSE:0.019245, CE:0.011689, KLD:1.702285)  Val Loss: 0.128344 (MSE:0.034350, CE:0.012253, KLD:1.702794)
  0%|          | 0/3 [00:00<?, ?it/s] 33%|███▎      | 1/3 [00:00<00:00,  2.93it/s]100%|██████████| 3/3 [00:00<00:00,  6.39it/s]
Epoch 062/3000 Train Loss: 0.112045 (MSE:0.019211, CE:0.011640, KLD:1.691408)  Val Loss: 0.127808 (MSE:0.034331, CE:0.011982, KLD:1.697677)
  0%|          | 0/3 [00:00<?, ?it/s] 33%|███▎      | 1/3 [00:00<00:00,  2.82it/s]100%|██████████| 3/3 [00:00<00:00,  6.09it/s]
Epoch 063/3000 Train Loss: 0.111028 (MSE:0.018689, CE:0.011352, KLD:1.687111)  Val Loss: 0.125657 (MSE:0.032746, CE:0.011520, KLD:1.695523)
  0%|          | 0/3 [00:00<?, ?it/s] 33%|███▎      | 1/3 [00:00<00:00,  2.75it/s]100%|██████████| 3/3 [00:00<00:00,  6.01it/s]
Epoch 064/3000 Train Loss: 0.109889 (MSE:0.018233, CE:0.010736, KLD:1.685697)  Val Loss: 0.124058 (MSE:0.031739, CE:0.011790, KLD:1.677551)
  0%|          | 0/3 [00:00<?, ?it/s] 33%|███▎      | 1/3 [00:00<00:00,  2.75it/s]100%|██████████| 3/3 [00:00<00:00,  6.09it/s]
Epoch 065/3000 Train Loss: 0.108774 (MSE:0.018486, CE:0.010656, KLD:1.658863)  Val Loss: 0.124580 (MSE:0.033286, CE:0.011808, KLD:1.655820)
  0%|          | 0/3 [00:00<?, ?it/s] 33%|███▎      | 1/3 [00:00<00:00,  2.89it/s]100%|██████████| 3/3 [00:00<00:00,  6.49it/s]
Epoch 066/3000 Train Loss: 0.108346 (MSE:0.018410, CE:0.010596, KLD:1.652783)  Val Loss: 0.122415 (MSE:0.031062, CE:0.011022, KLD:1.673416)
  0%|          | 0/3 [00:00<?, ?it/s] 33%|███▎      | 1/3 [00:00<00:00,  2.80it/s]100%|██████████| 3/3 [00:00<00:00,  6.12it/s]
Epoch 067/3000 Train Loss: 0.107381 (MSE:0.017351, CE:0.010190, KLD:1.663206)  Val Loss: 0.122518 (MSE:0.032480, CE:0.010441, KLD:1.658158)
  0%|          | 0/3 [00:00<?, ?it/s] 33%|███▎      | 1/3 [00:00<00:00,  2.80it/s]100%|██████████| 3/3 [00:00<00:00,  6.09it/s]
Epoch 068/3000 Train Loss: 0.106978 (MSE:0.018120, CE:0.009874, KLD:1.645386)  Val Loss: 0.120210 (MSE:0.030985, CE:0.010363, KLD:1.642856)
  0%|          | 0/3 [00:00<?, ?it/s] 33%|███▎      | 1/3 [00:00<00:00,  2.70it/s]100%|██████████| 3/3 [00:00<00:00,  5.90it/s]
Epoch 069/3000 Train Loss: 0.105663 (MSE:0.017890, CE:0.009661, KLD:1.627200)  Val Loss: 0.119186 (MSE:0.030844, CE:0.010087, KLD:1.630202)
  0%|          | 0/3 [00:00<?, ?it/s] 33%|███▎      | 1/3 [00:00<00:00,  2.88it/s]100%|██████████| 3/3 [00:00<00:00,  6.29it/s]
Epoch 070/3000 Train Loss: 0.105272 (MSE:0.017448, CE:0.009841, KLD:1.624526)  Val Loss: 0.118944 (MSE:0.029876, CE:0.010321, KLD:1.640422)
  0%|          | 0/3 [00:00<?, ?it/s] 33%|███▎      | 1/3 [00:00<00:00,  2.79it/s]100%|██████████| 3/3 [00:00<00:00,  5.93it/s]
Epoch 071/3000 Train Loss: 0.104439 (MSE:0.016886, CE:0.009342, KLD:1.629276)  Val Loss: 0.117706 (MSE:0.030320, CE:0.009540, KLD:1.621647)
  0%|          | 0/3 [00:00<?, ?it/s] 33%|███▎      | 1/3 [00:00<00:00,  2.82it/s]100%|██████████| 3/3 [00:00<00:00,  6.20it/s]
Epoch 072/3000 Train Loss: 0.103875 (MSE:0.017192, CE:0.009533, KLD:1.607170)  Val Loss: 0.117566 (MSE:0.029950, CE:0.010047, KLD:1.615910)
  0%|          | 0/3 [00:00<?, ?it/s] 33%|███▎      | 1/3 [00:00<00:00,  2.82it/s]100%|██████████| 3/3 [00:00<00:00,  6.23it/s]
Epoch 073/3000 Train Loss: 0.103331 (MSE:0.016941, CE:0.009277, KLD:1.606389)  Val Loss: 0.115958 (MSE:0.029376, CE:0.009393, KLD:1.607965)
  0%|          | 0/3 [00:00<?, ?it/s] 33%|███▎      | 1/3 [00:00<00:00,  2.94it/s]100%|██████████| 3/3 [00:00<00:00,  6.46it/s]
Epoch 074/3000 Train Loss: 0.102555 (MSE:0.016758, CE:0.009096, KLD:1.597824)  Val Loss: 0.115320 (MSE:0.029451, CE:0.009046, KLD:1.600341)
  0%|          | 0/3 [00:00<?, ?it/s] 33%|███▎      | 1/3 [00:00<00:00,  2.70it/s]100%|██████████| 3/3 [00:00<00:00,  5.96it/s]
Epoch 075/3000 Train Loss: 0.101797 (MSE:0.016576, CE:0.008960, KLD:1.588652)  Val Loss: 0.115435 (MSE:0.029544, CE:0.009299, KLD:1.595542)
  0%|          | 0/3 [00:00<?, ?it/s] 33%|███▎      | 1/3 [00:00<00:00,  2.88it/s]100%|██████████| 3/3 [00:00<00:00,  6.27it/s]
Epoch 076/3000 Train Loss: 0.101350 (MSE:0.016755, CE:0.008628, KLD:1.582513)  Val Loss: 0.114786 (MSE:0.030192, CE:0.008662, KLD:1.581774)
  0%|          | 0/3 [00:00<?, ?it/s] 33%|███▎      | 1/3 [00:00<00:00,  2.90it/s]100%|██████████| 3/3 [00:00<00:00,  6.22it/s]
Epoch 077/3000 Train Loss: 0.100658 (MSE:0.016599, CE:0.008602, KLD:1.571874)  Val Loss: 0.113148 (MSE:0.028990, CE:0.008390, KLD:1.578382)
  0%|          | 0/3 [00:00<?, ?