[I 2025-05-04 17:37:05,299] Trial 11 finished with value: 0.55 and parameters: {'n_estimators': 10, 'max_depth': 5, 'gamma': 0.9057254872338252, 'subsample': 0.570815809028488, 'colsample_bytree': 0.5137564973580873}. Best is trial 5 with value: 0.55.
/data/home/rtabares/anaconda3/envs/pyth3.12/lib/python3.12/site-packages/xgboost/core.py:377: FutureWarning: Your system has an old version of glibc (< 2.28). We will stop supporting Linux distros with glibc older than 2.28 after **May 31, 2025**. Please upgrade to a recent Linux distro (with glibc >= 2.28) to use future versions of XGBoost.
Note: You have installed the 'manylinux2014' variant of XGBoost. Certain features such as GPU algorithms or federated learning are not available. To use these features, please upgrade to a recent Linux distro with glibc 2.28+, and install the 'manylinux_2_28' variant.
  warnings.warn(
/data/home/rtabares/anaconda3/envs/pyth3.12/lib/python3.12/site-packages/xgboost/core.py:377: FutureWarning: Your system has an old version of glibc (< 2.28). We will stop supporting Linux distros with glibc older than 2.28 after **May 31, 2025**. Please upgrade to a recent Linux distro (with glibc >= 2.28) to use future versions of XGBoost.
Note: You have installed the 'manylinux2014' variant of XGBoost. Certain features such as GPU algorithms or federated learning are not available. To use these features, please upgrade to a recent Linux distro with glibc 2.28+, and install the 'manylinux_2_28' variant.
  warnings.warn(
/data/home/rtabares/anaconda3/envs/pyth3.12/lib/python3.12/site-packages/xgboost/core.py:377: FutureWarning: Your system has an old version of glibc (< 2.28). We will stop supporting Linux distros with glibc older than 2.28 after **May 31, 2025**. Please upgrade to a recent Linux distro (with glibc >= 2.28) to use future versions of XGBoost.
Note: You have installed the 'manylinux2014' variant of XGBoost. Certain features such as GPU algorithms or federated learning are not available. To use these features, please upgrade to a recent Linux distro with glibc 2.28+, and install the 'manylinux_2_28' variant.
  warnings.warn(
[I 2025-05-04 17:37:05,973] Trial 12 finished with value: 0.4 and parameters: {'n_estimators': 10, 'max_depth': 5, 'gamma': 0.7896859030177033, 'subsample': 0.560489939861754, 'colsample_bytree': 0.6146989467645155}. Best is trial 5 with value: 0.55.
[I 2025-05-04 17:37:06,023] Trial 13 finished with value: 0.5 and parameters: {'n_estimators': 10, 'max_depth': 5, 'gamma': 0.9945522046249238, 'subsample': 0.6095705844461476, 'colsample_bytree': 0.5028618982787066}. Best is trial 5 with value: 0.55.
[I 2025-05-04 17:37:06,062] Trial 14 finished with value: 0.5 and parameters: {'n_estimators': 10, 'max_depth': 5, 'gamma': 0.8455753304114313, 'subsample': 0.6260976639865596, 'colsample_bytree': 0.7197625937429227}. Best is trial 5 with value: 0.55.
[I 2025-05-04 17:37:06,099] Trial 15 finished with value: 0.5 and parameters: {'n_estimators': 40, 'max_depth': 5, 'gamma': 0.48114872499106276, 'subsample': 0.5052686090151035, 'colsample_bytree': 0.5902451515273986}. Best is trial 5 with value: 0.55.
[I 2025-05-04 17:37:06,137] Trial 16 finished with value: 0.45 and parameters: {'n_estimators': 10, 'max_depth': 5, 'gamma': 0.6867171211435747, 'subsample': 0.7732795449421657, 'colsample_bytree': 0.6795175513033151}. Best is trial 5 with value: 0.55.
[I 2025-05-04 17:37:06,176] Trial 17 finished with value: 0.5 and parameters: {'n_estimators': 10, 'max_depth': 5, 'gamma': 0.8994567692351932, 'subsample': 0.5870133163830974, 'colsample_bytree': 0.5138651838760465}. Best is trial 5 with value: 0.55.
/data/home/rtabares/anaconda3/envs/pyth3.12/lib/python3.12/site-packages/xgboost/core.py:377: FutureWarning: Your system has an old version of glibc (< 2.28). We will stop supporting Linux distros with glibc older than 2.28 after **May 31, 2025**. Please upgrade to a recent Linux distro (with glibc >= 2.28) to use future versions of XGBoost.
Note: You have installed the 'manylinux2014' variant of XGBoost. Certain features such as GPU algorithms or federated learning are not available. To use these features, please upgrade to a recent Linux distro with glibc 2.28+, and install the 'manylinux_2_28' variant.
  warnings.warn(
[I 2025-05-04 17:37:06,812] Trial 18 finished with value: 0.5 and parameters: {'n_estimators': 40, 'max_depth': 5, 'gamma': 0.7603073860674936, 'subsample': 0.6478444344471701, 'colsample_bytree': 0.6073083255605556}. Best is trial 5 with value: 0.55.
[I 2025-05-04 17:37:06,849] Trial 19 finished with value: 0.5 and parameters: {'n_estimators': 10, 'max_depth': 30, 'gamma': 0.5477643308569782, 'subsample': 0.7707582708035173, 'colsample_bytree': 0.9631314620944027}. Best is trial 5 with value: 0.55.
[I 2025-05-04 17:37:06,885] Trial 20 finished with value: 0.55 and parameters: {'n_estimators': 40, 'max_depth': 5, 'gamma': 0.6834440444346932, 'subsample': 0.5496281730908724, 'colsample_bytree': 0.8887148142078876}. Best is trial 5 with value: 0.55.
[I 2025-05-04 17:37:06,923] Trial 21 finished with value: 0.5 and parameters: {'n_estimators': 40, 'max_depth': 5, 'gamma': 0.637429997825967, 'subsample': 0.5740267921667505, 'colsample_bytree': 0.895155641282652}. Best is trial 5 with value: 0.55.
[I 2025-05-04 17:37:06,963] Trial 22 finished with value: 0.5 and parameters: {'n_estimators': 40, 'max_depth': 5, 'gamma': 0.8609983917242179, 'subsample': 0.546460339484784, 'colsample_bytree': 0.7490234803011169}. Best is trial 5 with value: 0.55.
[I 2025-05-04 17:37:07,004] Trial 23 finished with value: 0.5 and parameters: {'n_estimators': 40, 'max_depth': 5, 'gamma': 0.7171792821986984, 'subsample': 0.5056795699171477, 'colsample_bytree': 0.8840883534436257}. Best is trial 5 with value: 0.55.
[I 2025-05-04 17:37:07,045] Trial 24 finished with value: 0.45 and parameters: {'n_estimators': 40, 'max_depth': 5, 'gamma': 0.4998043549652134, 'subsample': 0.669133587178846, 'colsample_bytree': 0.993051511482884}. Best is trial 5 with value: 0.55.
[I 2025-05-04 17:37:07,084] Trial 25 finished with value: 0.5 and parameters: {'n_estimators': 40, 'max_depth': 5, 'gamma': 0.3910844586021933, 'subsample': 0.6017603260473354, 'colsample_bytree': 0.6357281421179884}. Best is trial 5 with value: 0.55.
[I 2025-05-04 17:37:07,123] Trial 26 finished with value: 0.45 and parameters: {'n_estimators': 10, 'max_depth': 5, 'gamma': 0.8144465037699028, 'subsample': 0.5415523926170867, 'colsample_bytree': 0.7388331571308324}. Best is trial 5 with value: 0.55.
[I 2025-05-04 17:37:07,165] Trial 27 finished with value: 0.45 and parameters: {'n_estimators': 40, 'max_depth': 5, 'gamma': 0.948832133503196, 'subsample': 0.7125534760991199, 'colsample_bytree': 0.7914429905318672}. Best is trial 5 with value: 0.55.
[I 2025-05-04 17:37:07,204] Trial 28 finished with value: 0.55 and parameters: {'n_estimators': 40, 'max_depth': 30, 'gamma': 0.6284617291957892, 'subsample': 0.632662599506784, 'colsample_bytree': 0.8562538353418896}. Best is trial 5 with value: 0.55.
[I 2025-05-04 17:37:07,243] Trial 29 finished with value: 0.4 and parameters: {'n_estimators': 10, 'max_depth': 20, 'gamma': 0.9163538415117193, 'subsample': 0.6694502481127831, 'colsample_bytree': 0.6983505281126827}. Best is trial 5 with value: 0.55.
[I 2025-05-04 17:37:09,068] A new study created in memory with name: rf
Parámetros guardados en checkpoint_shoppers_Dlatent_Roriginal_ft/k_center/best_models_k_center_seed_1/xgb_best_params.json


>>> Optuna tuning rf


[I 2025-05-04 17:37:11,966] Trial 0 finished with value: 0.5 and parameters: {'n_estimators': 267, 'max_depth': 15, 'min_samples_split': 2, 'min_samples_leaf': 4}. Best is trial 0 with value: 0.5.
[I 2025-05-04 17:37:12,478] Trial 1 finished with value: 0.6 and parameters: {'n_estimators': 158, 'max_depth': 4, 'min_samples_split': 3, 'min_samples_leaf': 4}. Best is trial 1 with value: 0.6.
[I 2025-05-04 17:37:12,839] Trial 2 finished with value: 0.5 and parameters: {'n_estimators': 259, 'max_depth': 12, 'min_samples_split': 5, 'min_samples_leaf': 7}. Best is trial 1 with value: 0.6.
[I 2025-05-04 17:37:13,068] Trial 3 finished with value: 0.5 and parameters: {'n_estimators': 181, 'max_depth': 18, 'min_samples_split': 2, 'min_samples_leaf': 7}. Best is trial 1 with value: 0.6.
[I 2025-05-04 17:37:13,398] Trial 4 finished with value: 0.45 and parameters: {'n_estimators': 267, 'max_depth': 13, 'min_samples_split': 3, 'min_samples_leaf': 2}. Best is trial 1 with value: 0.6.
[I 2025-05-04 17:37:13,880] Trial 5 finished with value: 0.5 and parameters: {'n_estimators': 421, 'max_depth': 20, 'min_samples_split': 4, 'min_samples_leaf': 7}. Best is trial 1 with value: 0.6.
[I 2025-05-04 17:37:14,421] Trial 6 finished with value: 0.55 and parameters: {'n_estimators': 451, 'max_depth': 19, 'min_samples_split': 2, 'min_samples_leaf': 1}. Best is trial 1 with value: 0.6.
[I 2025-05-04 17:37:14,711] Trial 7 finished with value: 0.5 and parameters: {'n_estimators': 168, 'max_depth': 18, 'min_samples_split': 2, 'min_samples_leaf': 5}. Best is trial 1 with value: 0.6.
[I 2025-05-04 17:37:15,274] Trial 8 finished with value: 0.5 and parameters: {'n_estimators': 484, 'max_depth': 12, 'min_samples_split': 8, 'min_samples_leaf': 4}. Best is trial 1 with value: 0.6.
[I 2025-05-04 17:37:15,714] Trial 9 finished with value: 0.5 and parameters: {'n_estimators': 375, 'max_depth': 18, 'min_samples_split': 2, 'min_samples_leaf': 8}. Best is trial 1 with value: 0.6.
[I 2025-05-04 17:37:15,908] Trial 10 finished with value: 0.5 and parameters: {'n_estimators': 104, 'max_depth': 4, 'min_samples_split': 7, 'min_samples_leaf': 10}. Best is trial 1 with value: 0.6.
[I 2025-05-04 17:37:17,011] Trial 11 finished with value: 0.5 and parameters: {'n_estimators': 369, 'max_depth': 7, 'min_samples_split': 5, 'min_samples_leaf': 1}. Best is trial 1 with value: 0.6.
[I 2025-05-04 17:37:17,488] Trial 12 finished with value: 0.5 and parameters: {'n_estimators': 458, 'max_depth': 8, 'min_samples_split': 10, 'min_samples_leaf': 2}. Best is trial 1 with value: 0.6.
[I 2025-05-04 17:37:18,398] Trial 13 finished with value: 0.5 and parameters: {'n_estimators': 195, 'max_depth': 3, 'min_samples_split': 4, 'min_samples_leaf': 3}. Best is trial 1 with value: 0.6.
[I 2025-05-04 17:37:19,419] Trial 14 finished with value: 0.4 and parameters: {'n_estimators': 338, 'max_depth': 9, 'min_samples_split': 4, 'min_samples_leaf': 1}. Best is trial 1 with value: 0.6.
[I 2025-05-04 17:37:19,607] Trial 15 finished with value: 0.45 and parameters: {'n_estimators': 117, 'max_depth': 5, 'min_samples_split': 3, 'min_samples_leaf': 5}. Best is trial 1 with value: 0.6.
[I 2025-05-04 17:37:20,050] Trial 16 finished with value: 0.45 and parameters: {'n_estimators': 422, 'max_depth': 15, 'min_samples_split': 6, 'min_samples_leaf': 3}. Best is trial 1 with value: 0.6.
[I 2025-05-04 17:37:20,434] Trial 17 finished with value: 0.45 and parameters: {'n_estimators': 305, 'max_depth': 15, 'min_samples_split': 3, 'min_samples_leaf': 3}. Best is trial 1 with value: 0.6.
[I 2025-05-04 17:37:20,728] Trial 18 finished with value: 0.6 and parameters: {'n_estimators': 220, 'max_depth': 10, 'min_samples_split': 10, 'min_samples_leaf': 1}. Best is trial 1 with value: 0.6.
[I 2025-05-04 17:37:21,022] Trial 19 finished with value: 0.55 and parameters: {'n_estimators': 220, 'max_depth': 10, 'min_samples_split': 10, 'min_samples_leaf': 6}. Best is trial 1 with value: 0.6.
[I 2025-05-04 17:37:21,213] Trial 20 finished with value: 0.5 and parameters: {'n_estimators': 150, 'max_depth': 6, 'min_samples_split': 9, 'min_samples_leaf': 10}. Best is trial 1 with value: 0.6.
[I 2025-05-04 17:37:21,468] Trial 21 finished with value: 0.5 and parameters: {'n_estimators': 226, 'max_depth': 10, 'min_samples_split': 7, 'min_samples_leaf': 1}. Best is trial 1 with value: 0.6.
[I 2025-05-04 17:37:21,679] Trial 22 finished with value: 0.45 and parameters: {'n_estimators': 139, 'max_depth': 20, 'min_samples_split': 9, 'min_samples_leaf': 2}. Best is trial 1 with value: 0.6.
[I 2025-05-04 17:37:21,976] Trial 23 finished with value: 0.5 and parameters: {'n_estimators': 221, 'max_depth': 6, 'min_samples_split': 6, 'min_samples_leaf': 1}. Best is trial 1 with value: 0.6.
[I 2025-05-04 17:37:22,302] Trial 24 finished with value: 0.55 and parameters: {'n_estimators': 304, 'max_depth': 14, 'min_samples_split': 3, 'min_samples_leaf': 4}. Best is trial 1 with value: 0.6.
[I 2025-05-04 17:37:22,579] Trial 25 finished with value: 0.55 and parameters: {'n_estimators': 191, 'max_depth': 3, 'min_samples_split': 5, 'min_samples_leaf': 2}. Best is trial 1 with value: 0.6.
[I 2025-05-04 17:37:23,148] Trial 26 finished with value: 0.5 and parameters: {'n_estimators': 497, 'max_depth': 10, 'min_samples_split': 8, 'min_samples_leaf': 3}. Best is trial 1 with value: 0.6.
[I 2025-05-04 17:37:23,463] Trial 27 finished with value: 0.4 and parameters: {'n_estimators': 239, 'max_depth': 17, 'min_samples_split': 4, 'min_samples_leaf': 2}. Best is trial 1 with value: 0.6.
[I 2025-05-04 17:37:23,624] Trial 28 finished with value: 0.5 and parameters: {'n_estimators': 128, 'max_depth': 8, 'min_samples_split': 6, 'min_samples_leaf': 9}. Best is trial 1 with value: 0.6.
[I 2025-05-04 17:37:23,814] Trial 29 finished with value: 0.45 and parameters: {'n_estimators': 159, 'max_depth': 11, 'min_samples_split': 2, 'min_samples_leaf': 4}. Best is trial 1 with value: 0.6.
[I 2025-05-04 17:37:26,587] A new study created in memory with name: svc
Parámetros guardados en checkpoint_shoppers_Dlatent_Roriginal_ft/k_center/best_models_k_center_seed_1/rf_best_params.json


>>> Optuna tuning svc


[I 2025-05-04 17:37:29,026] Trial 0 finished with value: 0.45 and parameters: {'C': 0.4656804637919569, 'gamma': 0.07608481233714794}. Best is trial 0 with value: 0.45.
[I 2025-05-04 17:37:29,260] Trial 1 finished with value: 0.5 and parameters: {'C': 0.010010539860510492, 'gamma': 0.0016193110912440748}. Best is trial 1 with value: 0.5.
[I 2025-05-04 17:37:29,275] Trial 2 finished with value: 0.6 and parameters: {'C': 0.03863879405158731, 'gamma': 0.00023407464805767542}. Best is trial 2 with value: 0.6.
[I 2025-05-04 17:37:29,289] Trial 3 finished with value: 0.5 and parameters: {'C': 0.0555956542671257, 'gamma': 0.002411253706147574}. Best is trial 2 with value: 0.6.
[I 2025-05-04 17:37:29,302] Trial 4 finished with value: 0.5 and parameters: {'C': 0.3864291653552654, 'gamma': 0.014297724879798395}. Best is trial 2 with value: 0.6.
[I 2025-05-04 17:37:29,316] Trial 5 finished with value: 0.45 and parameters: {'C': 0.47509237210306143, 'gamma': 0.05506529897945987}. Best is trial 2 with value: 0.6.
[I 2025-05-04 17:37:29,331] Trial 6 finished with value: 0.35 and parameters: {'C': 0.06573686655138336, 'gamma': 0.3254391115088485}. Best is trial 2 with value: 0.6.
[I 2025-05-04 17:37:29,344] Trial 7 finished with value: 0.45 and parameters: {'C': 0.01286916510781503, 'gamma': 0.04806954824961596}. Best is trial 2 with value: 0.6.
[I 2025-05-04 17:37:29,357] Trial 8 finished with value: 0.5 and parameters: {'C': 0.4668949853708895, 'gamma': 0.017169565852473867}. Best is trial 2 with value: 0.6.
[I 2025-05-04 17:37:29,370] Trial 9 finished with value: 0.55 and parameters: {'C': 0.03643743139281253, 'gamma': 0.0006200203677164723}. Best is trial 2 with value: 0.6.
[I 2025-05-04 17:37:29,394] Trial 10 finished with value: 0.5 and parameters: {'C': 44.4961392134395, 'gamma': 0.0002144777200577655}. Best is trial 2 with value: 0.6.
[I 2025-05-04 17:37:30,050] Trial 11 finished with value: 0.6 and parameters: {'C': 9.075614031903914, 'gamma': 0.00012956943091346908}. Best is trial 2 with value: 0.6.
[I 2025-05-04 17:37:30,681] Trial 12 finished with value: 0.6 and parameters: {'C': 14.5419848452423, 'gamma': 0.00018708932046019672}. Best is trial 2 with value: 0.6.
[I 2025-05-04 17:37:30,705] Trial 13 finished with value: 0.6 and parameters: {'C': 3.8532033604486293, 'gamma': 0.00010863316207296224}. Best is trial 2 with value: 0.6.
[I 2025-05-04 17:37:30,728] Trial 14 finished with value: 0.55 and parameters: {'C': 3.446969195354693, 'gamma': 0.0010719069350821552}. Best is trial 2 with value: 0.6.
[I 2025-05-04 17:37:30,749] Trial 15 finished with value: 0.3 and parameters: {'C': 96.80278171389716, 'gamma': 0.004357855591575549}. Best is trial 2 with value: 0.6.
[I 2025-05-04 17:37:30,770] Trial 16 finished with value: 0.55 and parameters: {'C': 5.782273881728608, 'gamma': 0.0004174009635371446}. Best is trial 2 with value: 0.6.
[I 2025-05-04 17:37:31,407] Trial 17 finished with value: 0.6 and parameters: {'C': 1.4648080431524257, 'gamma': 0.0001028668025653926}. Best is trial 2 with value: 0.6.
[I 2025-05-04 17:37:31,430] Trial 18 finished with value: 0.55 and parameters: {'C': 15.901039865864592, 'gamma': 0.0004649259206405369}. Best is trial 2 with value: 0.6.
[I 2025-05-04 17:37:31,451] Trial 19 finished with value: 0.5 and parameters: {'C': 0.1112860064362353, 'gamma': 0.004603815466802894}. Best is trial 2 with value: 0.6.
[I 2025-05-04 17:37:31,472] Trial 20 finished with value: 0.55 and parameters: {'C': 1.2791685449534014, 'gamma': 0.00036972254371099133}. Best is trial 2 with value: 0.6.
[I 2025-05-04 17:37:31,493] Trial 21 finished with value: 0.6 and parameters: {'C': 9.787314987598108, 'gamma': 0.00021906428083708364}. Best is trial 2 with value: 0.6.
[I 2025-05-04 17:37:32,124] Trial 22 finished with value: 0.6 and parameters: {'C': 17.627321834844217, 'gamma': 0.00010023697704282325}. Best is trial 2 with value: 0.6.
[I 2025-05-04 17:37:32,149] Trial 23 finished with value: 0.45 and parameters: {'C': 42.46629756456373, 'gamma': 0.000948033010120741}. Best is trial 2 with value: 0.6.
[I 2025-05-04 17:37:32,798] Trial 24 finished with value: 0.55 and parameters: {'C': 2.045455064316286, 'gamma': 0.00025275185918931226}. Best is trial 2 with value: 0.6.
[I 2025-05-04 17:37:32,833] Trial 25 finished with value: 0.45 and parameters: {'C': 0.15183833045280645, 'gamma': 0.5278573052930311}. Best is trial 2 with value: 0.6.
[I 2025-05-04 17:37:32,856] Trial 26 finished with value: 0.6 and parameters: {'C': 19.83669218755158, 'gamma': 0.00022451668433135552}. Best is trial 2 with value: 0.6.
[I 2025-05-04 17:37:32,880] Trial 27 finished with value: 0.5 and parameters: {'C': 9.40940065699655, 'gamma': 0.0007755653734602798}. Best is trial 2 with value: 0.6.
[I 2025-05-04 17:37:32,905] Trial 28 finished with value: 0.35 and parameters: {'C': 43.13968089260773, 'gamma': 0.003028895916043926}. Best is trial 2 with value: 0.6.
[I 2025-05-04 17:37:32,927] Trial 29 finished with value: 0.3 and parameters: {'C': 0.02273578207518475, 'gamma': 0.16264565680338683}. Best is trial 2 with value: 0.6.
[I 2025-05-04 17:37:34,758] A new study created in memory with name: logreg
Parámetros guardados en checkpoint_shoppers_Dlatent_Roriginal_ft/k_center/best_models_k_center_seed_1/svc_best_params.json


>>> Optuna tuning logreg


[I 2025-05-04 17:37:37,848] Trial 0 finished with value: 0.55 and parameters: {'C': 0.12164941464151847, 'penalty': 'l2'}. Best is trial 0 with value: 0.55.
[I 2025-05-04 17:37:38,152] Trial 1 finished with value: 0.3 and parameters: {'C': 3.9959722831350617, 'penalty': 'l2'}. Best is trial 0 with value: 0.55.
[I 2025-05-04 17:37:38,180] Trial 2 finished with value: 0.55 and parameters: {'C': 0.0010013176560941261, 'penalty': 'l2'}. Best is trial 0 with value: 0.55.
[I 2025-05-04 17:37:38,205] Trial 3 finished with value: 0.55 and parameters: {'C': 0.0324835034508668, 'penalty': 'l2'}. Best is trial 0 with value: 0.55.
[I 2025-05-04 17:37:38,220] Trial 4 finished with value: 0.55 and parameters: {'C': 0.005417257182767969, 'penalty': 'l2'}. Best is trial 0 with value: 0.55.
[I 2025-05-04 17:37:38,243] Trial 5 finished with value: 0.55 and parameters: {'C': 0.0028952960233492846, 'penalty': 'l2'}. Best is trial 0 with value: 0.55.
[I 2025-05-04 17:37:38,269] Trial 6 finished with value: 0.55 and parameters: {'C': 0.008536916958038761, 'penalty': 'l2'}. Best is trial 0 with value: 0.55.
[I 2025-05-04 17:37:38,293] Trial 7 finished with value: 0.55 and parameters: {'C': 0.053432271255941216, 'penalty': 'l2'}. Best is trial 0 with value: 0.55.
[I 2025-05-04 17:37:38,317] Trial 8 finished with value: 0.55 and parameters: {'C': 0.09634681692624379, 'penalty': 'l2'}. Best is trial 0 with value: 0.55.
[I 2025-05-04 17:37:38,344] Trial 9 finished with value: 0.3 and parameters: {'C': 0.4944059287398678, 'penalty': 'l2'}. Best is trial 0 with value: 0.55.
[I 2025-05-04 17:37:38,375] Trial 10 finished with value: 0.35 and parameters: {'C': 67.90603441874381, 'penalty': 'l2'}. Best is trial 0 with value: 0.55.
[I 2025-05-04 17:37:39,042] Trial 11 finished with value: 0.25 and parameters: {'C': 1.4008696554237792, 'penalty': 'l2'}. Best is trial 0 with value: 0.55.
[I 2025-05-04 17:37:39,073] Trial 12 finished with value: 0.55 and parameters: {'C': 0.0011678227725506881, 'penalty': 'l2'}. Best is trial 0 with value: 0.55.
[I 2025-05-04 17:37:39,719] Trial 13 finished with value: 0.35 and parameters: {'C': 22.603606792007884, 'penalty': 'l2'}. Best is trial 0 with value: 0.55.
[I 2025-05-04 17:37:39,740] Trial 14 finished with value: 0.55 and parameters: {'C': 0.017925315947946566, 'penalty': 'l2'}. Best is trial 0 with value: 0.55.
[I 2025-05-04 17:37:39,758] Trial 15 finished with value: 0.5 and parameters: {'C': 0.1462138689121105, 'penalty': 'l2'}. Best is trial 0 with value: 0.55.
[I 2025-05-04 17:37:40,384] Trial 16 finished with value: 0.35 and parameters: {'C': 7.693806562481864, 'penalty': 'l2'}. Best is trial 0 with value: 0.55.
[I 2025-05-04 17:37:40,415] Trial 17 finished with value: 0.3 and parameters: {'C': 0.5262323213991917, 'penalty': 'l2'}. Best is trial 0 with value: 0.55.
[I 2025-05-04 17:37:40,446] Trial 18 finished with value: 0.55 and parameters: {'C': 0.0011146051557063533, 'penalty': 'l2'}. Best is trial 0 with value: 0.55.
