[I 2025-05-05 20:57:55,176] Trial 23 finished with value: 0.5 and parameters: {'n_estimators': 100, 'max_depth': 20, 'gamma': 0.10902934675887604, 'subsample': 0.5439393865909476, 'colsample_bytree': 0.922437864027896}. Best is trial 0 with value: 0.5.
[I 2025-05-05 20:57:55,217] Trial 24 finished with value: 0.5 and parameters: {'n_estimators': 100, 'max_depth': 20, 'gamma': 0.7754866246972848, 'subsample': 0.6289841604898684, 'colsample_bytree': 0.7574839153221375}. Best is trial 0 with value: 0.5.
[I 2025-05-05 20:57:55,256] Trial 25 finished with value: 0.2 and parameters: {'n_estimators': 40, 'max_depth': 20, 'gamma': 0.8568001482554677, 'subsample': 0.6840383895951817, 'colsample_bytree': 0.9330364925301959}. Best is trial 0 with value: 0.5.
[I 2025-05-05 20:57:55,307] Trial 26 finished with value: 0.2 and parameters: {'n_estimators': 100, 'max_depth': 5, 'gamma': 0.7210890160347091, 'subsample': 0.9528001426434146, 'colsample_bytree': 0.8294523689908527}. Best is trial 0 with value: 0.5.
[I 2025-05-05 20:57:55,346] Trial 27 finished with value: 0.5 and parameters: {'n_estimators': 100, 'max_depth': 20, 'gamma': 0.5071811625968525, 'subsample': 0.5308986404316177, 'colsample_bytree': 0.6089064249852425}. Best is trial 0 with value: 0.5.
[I 2025-05-05 20:57:55,386] Trial 28 finished with value: 0.5 and parameters: {'n_estimators': 10, 'max_depth': 5, 'gamma': 0.2959327900548182, 'subsample': 0.5836020772139222, 'colsample_bytree': 0.7180305563249804}. Best is trial 0 with value: 0.5.
[I 2025-05-05 20:57:55,423] Trial 29 finished with value: 0.4 and parameters: {'n_estimators': 40, 'max_depth': 30, 'gamma': 0.5669222983630102, 'subsample': 0.508193354881073, 'colsample_bytree': 0.5091404607295773}. Best is trial 0 with value: 0.5.
[I 2025-05-05 20:57:57,284] A new study created in memory with name: rf
Parámetros guardados en checkpoint_shoppers_Dlatent_Roriginal_ft_A/craig/IPC_10/best_models_craig_seed_0/xgb_best_params.json


>>> Optuna tuning rf metodo craig IPC 10 seed 0


[I 2025-05-05 20:58:00,083] Trial 0 finished with value: 0.5 and parameters: {'n_estimators': 320, 'max_depth': 15, 'min_samples_split': 7, 'min_samples_leaf': 6}. Best is trial 0 with value: 0.5.
[I 2025-05-05 20:58:00,681] Trial 1 finished with value: 0.5 and parameters: {'n_estimators': 269, 'max_depth': 14, 'min_samples_split': 5, 'min_samples_leaf': 9}. Best is trial 0 with value: 0.5.
[I 2025-05-05 20:58:01,257] Trial 2 finished with value: 0.5 and parameters: {'n_estimators': 486, 'max_depth': 9, 'min_samples_split': 9, 'min_samples_leaf': 6}. Best is trial 0 with value: 0.5.
[I 2025-05-05 20:58:01,645] Trial 3 finished with value: 0.2 and parameters: {'n_estimators': 327, 'max_depth': 19, 'min_samples_split': 2, 'min_samples_leaf': 1}. Best is trial 0 with value: 0.5.
[I 2025-05-05 20:58:01,802] Trial 4 finished with value: 0.5 and parameters: {'n_estimators': 108, 'max_depth': 17, 'min_samples_split': 9, 'min_samples_leaf': 9}. Best is trial 0 with value: 0.5.
[I 2025-05-05 20:58:02,392] Trial 5 finished with value: 0.5 and parameters: {'n_estimators': 492, 'max_depth': 17, 'min_samples_split': 6, 'min_samples_leaf': 8}. Best is trial 0 with value: 0.5.
[I 2025-05-05 20:58:02,665] Trial 6 finished with value: 0.5 and parameters: {'n_estimators': 147, 'max_depth': 14, 'min_samples_split': 3, 'min_samples_leaf': 10}. Best is trial 0 with value: 0.5.
[I 2025-05-05 20:58:03,062] Trial 7 finished with value: 0.5 and parameters: {'n_estimators': 309, 'max_depth': 10, 'min_samples_split': 4, 'min_samples_leaf': 8}. Best is trial 0 with value: 0.5.
[I 2025-05-05 20:58:03,411] Trial 8 finished with value: 0.5 and parameters: {'n_estimators': 282, 'max_depth': 13, 'min_samples_split': 2, 'min_samples_leaf': 7}. Best is trial 0 with value: 0.5.
[I 2025-05-05 20:58:03,859] Trial 9 finished with value: 0.5 and parameters: {'n_estimators': 345, 'max_depth': 14, 'min_samples_split': 10, 'min_samples_leaf': 7}. Best is trial 0 with value: 0.5.
[I 2025-05-05 20:58:04,346] Trial 10 finished with value: 0.4 and parameters: {'n_estimators': 407, 'max_depth': 5, 'min_samples_split': 7, 'min_samples_leaf': 3}. Best is trial 0 with value: 0.5.
[I 2025-05-05 20:58:05,288] Trial 11 finished with value: 0.5 and parameters: {'n_estimators': 232, 'max_depth': 20, 'min_samples_split': 6, 'min_samples_leaf': 5}. Best is trial 0 with value: 0.5.
[I 2025-05-05 20:58:05,572] Trial 12 finished with value: 0.5 and parameters: {'n_estimators': 221, 'max_depth': 7, 'min_samples_split': 5, 'min_samples_leaf': 4}. Best is trial 0 with value: 0.5.
[I 2025-05-05 20:58:06,492] Trial 13 finished with value: 0.5 and parameters: {'n_estimators': 228, 'max_depth': 16, 'min_samples_split': 7, 'min_samples_leaf': 10}. Best is trial 0 with value: 0.5.
[I 2025-05-05 20:58:06,976] Trial 14 finished with value: 0.5 and parameters: {'n_estimators': 398, 'max_depth': 12, 'min_samples_split': 8, 'min_samples_leaf': 2}. Best is trial 0 with value: 0.5.
[I 2025-05-05 20:58:07,422] Trial 15 finished with value: 0.5 and parameters: {'n_estimators': 387, 'max_depth': 15, 'min_samples_split': 4, 'min_samples_leaf': 5}. Best is trial 0 with value: 0.5.
[I 2025-05-05 20:58:07,769] Trial 16 finished with value: 0.5 and parameters: {'n_estimators': 261, 'max_depth': 10, 'min_samples_split': 5, 'min_samples_leaf': 6}. Best is trial 0 with value: 0.5.
[I 2025-05-05 20:58:08,026] Trial 17 finished with value: 0.5 and parameters: {'n_estimators': 170, 'max_depth': 12, 'min_samples_split': 7, 'min_samples_leaf': 8}. Best is trial 0 with value: 0.5.
[I 2025-05-05 20:58:08,442] Trial 18 finished with value: 0.5 and parameters: {'n_estimators': 354, 'max_depth': 18, 'min_samples_split': 5, 'min_samples_leaf': 4}. Best is trial 0 with value: 0.5.
[I 2025-05-05 20:58:08,950] Trial 19 finished with value: 0.5 and parameters: {'n_estimators': 434, 'max_depth': 3, 'min_samples_split': 8, 'min_samples_leaf': 9}. Best is trial 0 with value: 0.5.
[I 2025-05-05 20:58:09,226] Trial 20 finished with value: 0.5 and parameters: {'n_estimators': 192, 'max_depth': 8, 'min_samples_split': 4, 'min_samples_leaf': 7}. Best is trial 0 with value: 0.5.
[I 2025-05-05 20:58:09,783] Trial 21 finished with value: 0.5 and parameters: {'n_estimators': 493, 'max_depth': 10, 'min_samples_split': 10, 'min_samples_leaf': 6}. Best is trial 0 with value: 0.5.
[I 2025-05-05 20:58:10,256] Trial 22 finished with value: 0.5 and parameters: {'n_estimators': 448, 'max_depth': 9, 'min_samples_split': 9, 'min_samples_leaf': 4}. Best is trial 0 with value: 0.5.
[I 2025-05-05 20:58:10,581] Trial 23 finished with value: 0.5 and parameters: {'n_estimators': 282, 'max_depth': 6, 'min_samples_split': 8, 'min_samples_leaf': 6}. Best is trial 0 with value: 0.5.
[I 2025-05-05 20:58:10,989] Trial 24 finished with value: 0.5 and parameters: {'n_estimators': 373, 'max_depth': 15, 'min_samples_split': 6, 'min_samples_leaf': 9}. Best is trial 0 with value: 0.5.
[I 2025-05-05 20:58:11,478] Trial 25 finished with value: 0.5 and parameters: {'n_estimators': 450, 'max_depth': 12, 'min_samples_split': 9, 'min_samples_leaf': 5}. Best is trial 0 with value: 0.5.
[I 2025-05-05 20:58:11,775] Trial 26 finished with value: 0.5 and parameters: {'n_estimators': 261, 'max_depth': 11, 'min_samples_split': 7, 'min_samples_leaf': 7}. Best is trial 0 with value: 0.5.
[I 2025-05-05 20:58:12,121] Trial 27 finished with value: 0.5 and parameters: {'n_estimators': 308, 'max_depth': 14, 'min_samples_split': 8, 'min_samples_leaf': 3}. Best is trial 0 with value: 0.5.
[I 2025-05-05 20:58:12,389] Trial 28 finished with value: 0.5 and parameters: {'n_estimators': 196, 'max_depth': 8, 'min_samples_split': 10, 'min_samples_leaf': 8}. Best is trial 0 with value: 0.5.
[I 2025-05-05 20:58:12,758] Trial 29 finished with value: 0.4 and parameters: {'n_estimators': 329, 'max_depth': 16, 'min_samples_split': 5, 'min_samples_leaf': 2}. Best is trial 0 with value: 0.5.
[I 2025-05-05 20:58:15,228] A new study created in memory with name: svc
Parámetros guardados en checkpoint_shoppers_Dlatent_Roriginal_ft_A/craig/IPC_10/best_models_craig_seed_0/rf_best_params.json


>>> Optuna tuning svc metodo craig IPC 10 seed 0


[I 2025-05-05 20:58:17,993] Trial 0 finished with value: 0.2 and parameters: {'C': 1.5676677195506077, 'gamma': 0.07257005721594278}. Best is trial 0 with value: 0.2.
[I 2025-05-05 20:58:18,252] Trial 1 finished with value: 0.5 and parameters: {'C': 2.57663857461359, 'gamma': 0.01511933646764101}. Best is trial 1 with value: 0.5.
[I 2025-05-05 20:58:18,270] Trial 2 finished with value: 0.5 and parameters: {'C': 0.49501595537331966, 'gamma': 0.03833332156156663}. Best is trial 1 with value: 0.5.
[I 2025-05-05 20:58:18,285] Trial 3 finished with value: 0.4 and parameters: {'C': 0.5627932047415171, 'gamma': 0.36905577292137587}. Best is trial 1 with value: 0.5.
[I 2025-05-05 20:58:18,300] Trial 4 finished with value: 0.2 and parameters: {'C': 71.55682161754872, 'gamma': 0.0034179529120610124}. Best is trial 1 with value: 0.5.
[I 2025-05-05 20:58:18,313] Trial 5 finished with value: 0.3 and parameters: {'C': 14.68588598920087, 'gamma': 0.013049073550362394}. Best is trial 1 with value: 0.5.
[I 2025-05-05 20:58:18,327] Trial 6 finished with value: 0.4 and parameters: {'C': 1.871450068624068, 'gamma': 0.503948959867121}. Best is trial 1 with value: 0.5.
[I 2025-05-05 20:58:18,341] Trial 7 finished with value: 0.5 and parameters: {'C': 0.0192373050965465, 'gamma': 0.00022310905607443037}. Best is trial 1 with value: 0.5.
[I 2025-05-05 20:58:18,355] Trial 8 finished with value: 0.4 and parameters: {'C': 0.012046852412030323, 'gamma': 0.2140323314098606}. Best is trial 1 with value: 0.5.
[I 2025-05-05 20:58:18,369] Trial 9 finished with value: 0.4 and parameters: {'C': 12.960656597279739, 'gamma': 0.3020289640158664}. Best is trial 1 with value: 0.5.
[I 2025-05-05 20:58:18,390] Trial 10 finished with value: 0.5 and parameters: {'C': 0.2253293004027043, 'gamma': 0.0014453557297830738}. Best is trial 1 with value: 0.5.
[I 2025-05-05 20:58:19,037] Trial 11 finished with value: 0.5 and parameters: {'C': 0.16619628771824985, 'gamma': 0.02216308099744127}. Best is trial 1 with value: 0.5.
[I 2025-05-05 20:58:19,061] Trial 12 finished with value: 0.3 and parameters: {'C': 4.527246897297733, 'gamma': 0.0452165386365727}. Best is trial 1 with value: 0.5.
[I 2025-05-05 20:58:19,084] Trial 13 finished with value: 0.5 and parameters: {'C': 0.11983724566403872, 'gamma': 0.005363043130714194}. Best is trial 1 with value: 0.5.
[I 2025-05-05 20:58:19,744] Trial 14 finished with value: 0.5 and parameters: {'C': 0.4842474326389417, 'gamma': 0.0010354693226224683}. Best is trial 1 with value: 0.5.
[I 2025-05-05 20:58:19,778] Trial 15 finished with value: 0.5 and parameters: {'C': 0.04281232758873715, 'gamma': 0.058291430779203235}. Best is trial 1 with value: 0.5.
[I 2025-05-05 20:58:19,805] Trial 16 finished with value: 0.3 and parameters: {'C': 4.014259380455538, 'gamma': 0.02049373105939635}. Best is trial 1 with value: 0.5.
[I 2025-05-05 20:58:19,827] Trial 17 finished with value: 0.5 and parameters: {'C': 11.54145801926214, 'gamma': 0.00010818392279960343}. Best is trial 1 with value: 0.5.
[I 2025-05-05 20:58:20,484] Trial 18 finished with value: 0.4 and parameters: {'C': 78.65935076179598, 'gamma': 0.11049479201733253}. Best is trial 1 with value: 0.5.
[I 2025-05-05 20:58:20,508] Trial 19 finished with value: 0.5 and parameters: {'C': 0.059471855432109366, 'gamma': 0.005968379849019235}. Best is trial 1 with value: 0.5.
[I 2025-05-05 20:58:20,529] Trial 20 finished with value: 0.5 and parameters: {'C': 0.5245429643747291, 'gamma': 0.0012014525791657785}. Best is trial 1 with value: 0.5.
[I 2025-05-05 20:58:20,564] Trial 21 finished with value: 0.5 and parameters: {'C': 0.012569306571958937, 'gamma': 0.00010115335629705517}. Best is trial 1 with value: 0.5.
[I 2025-05-05 20:58:21,276] Trial 22 finished with value: 0.5 and parameters: {'C': 0.03723008402494728, 'gamma': 0.0003042478727661224}. Best is trial 1 with value: 0.5.
[I 2025-05-05 20:58:21,300] Trial 23 finished with value: 0.5 and parameters: {'C': 4.7378016857021645, 'gamma': 0.0004409385587251398}. Best is trial 1 with value: 0.5.
[I 2025-05-05 20:58:21,946] Trial 24 finished with value: 0.3 and parameters: {'C': 1.1532085040070739, 'gamma': 0.9595997460143938}. Best is trial 1 with value: 0.5.
[I 2025-05-05 20:58:21,971] Trial 25 finished with value: 0.3 and parameters: {'C': 36.95224797203189, 'gamma': 0.02975001868725764}. Best is trial 1 with value: 0.5.
[I 2025-05-05 20:58:21,997] Trial 26 finished with value: 0.5 and parameters: {'C': 0.26071089470733083, 'gamma': 0.01015352331654078}. Best is trial 1 with value: 0.5.
[I 2025-05-05 20:58:22,019] Trial 27 finished with value: 0.5 and parameters: {'C': 0.024815520625308226, 'gamma': 0.002736705413679572}. Best is trial 1 with value: 0.5.
[I 2025-05-05 20:58:22,043] Trial 28 finished with value: 0.3 and parameters: {'C': 0.08041495723648584, 'gamma': 0.13603692946899104}. Best is trial 1 with value: 0.5.
[I 2025-05-05 20:58:22,068] Trial 29 finished with value: 0.3 and parameters: {'C': 1.9934971163831872, 'gamma': 0.07982210877758442}. Best is trial 1 with value: 0.5.
[I 2025-05-05 20:58:23,932] A new study created in memory with name: logreg
Parámetros guardados en checkpoint_shoppers_Dlatent_Roriginal_ft_A/craig/IPC_10/best_models_craig_seed_0/svc_best_params.json


>>> Optuna tuning logreg metodo craig IPC 10 seed 0


[I 2025-05-05 20:58:26,674] Trial 0 finished with value: 0.3 and parameters: {'C': 0.5547119471592125, 'penalty': 'l2'}. Best is trial 0 with value: 0.3.
[I 2025-05-05 20:58:26,954] Trial 1 finished with value: 0.3 and parameters: {'C': 3.7665768415992953, 'penalty': 'l2'}. Best is trial 0 with value: 0.3.
[I 2025-05-05 20:58:26,971] Trial 2 finished with value: 0.3 and parameters: {'C': 1.032326035197657, 'penalty': 'l2'}. Best is trial 0 with value: 0.3.
[I 2025-05-05 20:58:26,994] Trial 3 finished with value: 0.3 and parameters: {'C': 0.530170934757683, 'penalty': 'l2'}. Best is trial 0 with value: 0.3.
[I 2025-05-05 20:58:27,020] Trial 4 finished with value: 0.3 and parameters: {'C': 0.13130280280658593, 'penalty': 'l2'}. Best is trial 0 with value: 0.3.
[I 2025-05-05 20:58:27,045] Trial 5 finished with value: 0.3 and parameters: {'C': 1.6961746387290997, 'penalty': 'l2'}. Best is trial 0 with value: 0.3.
[I 2025-05-05 20:58:27,060] Trial 6 finished with value: 0.3 and parameters: {'C': 0.15414734761917095, 'penalty': 'l2'}. Best is trial 0 with value: 0.3.
[I 2025-05-05 20:58:27,084] Trial 7 finished with value: 0.2 and parameters: {'C': 28.765041432546976, 'penalty': 'l2'}. Best is trial 0 with value: 0.3.
[I 2025-05-05 20:58:27,099] Trial 8 finished with value: 0.2 and parameters: {'C': 65.81332043291806, 'penalty': 'l2'}. Best is trial 0 with value: 0.3.
[I 2025-05-05 20:58:27,114] Trial 9 finished with value: 0.3 and parameters: {'C': 0.08264328927007726, 'penalty': 'l2'}. Best is trial 0 with value: 0.3.
[I 2025-05-05 20:58:27,132] Trial 10 finished with value: 0.4 and parameters: {'C': 0.002101331318459542, 'penalty': 'l2'}. Best is trial 10 with value: 0.4.
[I 2025-05-05 20:58:27,799] Trial 11 finished with value: 0.4 and parameters: {'C': 0.0015531798443622364, 'penalty': 'l2'}. Best is trial 10 with value: 0.4.
[I 2025-05-05 20:58:27,821] Trial 12 finished with value: 0.4 and parameters: {'C': 0.0012701183011778344, 'penalty': 'l2'}. Best is trial 10 with value: 0.4.
[I 2025-05-05 20:58:27,841] Trial 13 finished with value: 0.4 and parameters: {'C': 0.001259590034216646, 'penalty': 'l2'}. Best is trial 10 with value: 0.4.
[I 2025-05-05 20:58:28,488] Trial 14 finished with value: 0.4 and parameters: {'C': 0.011942642635731818, 'penalty': 'l2'}. Best is trial 10 with value: 0.4.
[I 2025-05-05 20:58:28,504] Trial 15 finished with value: 0.4 and parameters: {'C': 0.010349906218556925, 'penalty': 'l2'}. Best is trial 10 with value: 0.4.
[I 2025-05-05 20:58:29,154] Trial 16 finished with value: 0.4 and parameters: {'C': 0.0064025024965796646, 'penalty': 'l2'}. Best is trial 10 with value: 0.4.
[I 2025-05-05 20:58:29,186] Trial 17 finished with value: 0.4 and parameters: {'C': 0.028951941672243745, 'penalty': 'l2'}. Best is trial 10 with value: 0.4.
[I 2025-05-05 20:58:29,218] Trial 18 finished with value: 0.4 and parameters: {'C': 0.0032425808670559046, 'penalty': 'l2'}. Best is trial 10 with value: 0.4.
[I 2025-05-05 20:58:29,237] Trial 19 finished with value: 0.4 and parameters: {'C': 0.034391638630622515, 'penalty': 'l2'}. Best is trial 10 with value: 0.4.
[I 2025-05-05 20:58:29,900] Trial 20 finished with value: 0.4 and parameters: {'C': 0.0031663309874263397, 'penalty': 'l2'}. Best is trial 10 with value: 0.4.
[I 2025-05-05 20:58:29,929] Trial 21 finished with value: 0.4 and parameters: {'C': 0.0013561481173119455, 'penalty': 'l2'}. Best is trial 10 with value: 0.4.
[I 2025-05-05 20:58:30,574] Trial 22 finished with value: 0.4 and parameters: {'C': 0.001353785978442782, 'penalty': 'l2'}. Best is trial 10 with value: 0.4.
[I 2025-05-05 20:58:30,607] Trial 23 finished with value: 0.4 and parameters: {'C': 0.0040406878556106815, 'penalty': 'l2'}. Best is trial 10 with value: 0.4.
[I 2025-05-05 20:58:30,639] Trial 24 finished with value: 0.4 and parameters: {'C': 0.02175449142629078, 'penalty': 'l2'}. Best is trial 10 with value: 0.4.
[I 2025-05-05 20:58:30,671] Trial 25 finished with value: 0.4 and parameters: {'C': 0.0010046924529851513, 'penalty': 'l2'}. Best is trial 10 with value: 0.4.
[I 2025-05-05 20:58:30,693] Trial 26 finished with value: 0.4 and parameters: {'C': 0.0033346246892198748, 'penalty': 'l2'}. Best is trial 10 with value: 0.4.
[I 2025-05-05 20:58:30,712] Trial 27 finished with value: 0.4 and parameters: {'C': 0.013368882560876379, 'penalty': 'l2'}. Best is trial 10 with value: 0.4.
[I 2025-05-05 20:58:30,729] Trial 28 finished with value: 0.4 and parameters: {'C': 0.050376234826712704, 'penalty': 'l2'}. Best is trial 10 with value: 0.4.
[I 2025-05-05 20:58:30,760] Trial 29 finished with value: 0.4 and parameters: {'C': 0.007081283695856139, 'penalty': 'l2'}. Best is trial 10 with value: 0.4.
/data/home/rtabares/anaconda3/envs/pyth3.12/lib/python3.12/site-packages/xgboost/core.py:377: FutureWarning: Your system has an old version of glibc (< 2.28). We will stop supporting Linux distros with glibc older than 2.28 after **May 31, 2025**. Please upgrade to a recent Linux distro (with glibc >= 2.28) to use future versions of XGBoost.
Note: You have installed the 'manylinux2014' variant of XGBoost. Certain features such as GPU algorithms or federated learning are not available. To use these features, please upgrade to a recent Linux distro with glibc 2.28+, and install the 'manylinux_2_28' variant.
  warnings.warn(
/data/home/rtabares/anaconda3/envs/pyth3.12/lib/python3.12/site-packages/xgboost/core.py:377: FutureWarning: Your system has an old version of glibc (< 2.28). We will stop supporting Linux distros with glibc older than 2.28 after **May 31, 2025**. Please upgrade to a recent Linux distro (with glibc >= 2.28) to use future versions of XGBoost.
Note: You have installed the 'manylinux2014' variant of XGBoost. Certain features such as GPU algorithms or federated learning are not available. To use these features, please upgrade to a recent Linux distro with glibc 2.28+, and install the 'manylinux_2_28' variant.
  warnings.warn(
[I 2025-05-05 20:58:32,630] A new study created in memory with name: mlp
/data/home/rtabares/anaconda3/envs/pyth3.12/lib/python3.12/site-packages/sklearn/neural_network/_multilayer_perceptron.py:691: ConvergenceWarning: Stochastic Optimizer: Maximum iterations (50) reached and the optimization hasn't converged yet.
  warnings.warn(
/data/home/rtabares/anaconda3/envs/pyth3.12/lib/python3.12/site-packages/sklearn/neural_network/_multilayer_perceptron.py:691: ConvergenceWarning: Stochastic Optimizer: Maximum iterations (50) reached and the optimization hasn't converged yet.
  warnings.warn(
/data/home/rtabares/anaconda3/envs/pyth3.12/lib/python3.12/site-packages/sklearn/neural_network/_multilayer_perceptron.py:691: ConvergenceWarning: Stochastic Optimizer: Maximum iterations (50) reached and the optimization hasn't converged yet.
  warnings.warn(
/data/home/rtabares/anaconda3/envs/pyth3.12/lib/python3.12/site-packages/sklearn/neural_network/_multilayer_perceptron.py:691: ConvergenceWarning: Stochastic Optimizer: Maximum iterations (50) reached and the optimization hasn't converged yet.
  warnings.warn(
/data/home/rtabares/anaconda3/envs/pyth3.12/lib/python3.12/site-packages/sklearn/neural_network/_multilayer_perceptron.py:691: ConvergenceWarning: Stochastic Optimizer: Maximum iterations (50) reached and the optimization hasn't converged yet.
  warnings.warn(
