[I 2025-05-04 17:48:37,844] Trial 5 finished with value: 0.75 and parameters: {'n_estimators': 302, 'max_depth': 4, 'min_samples_split': 5, 'min_samples_leaf': 1}. Best is trial 0 with value: 0.75.
[I 2025-05-04 17:48:38,073] Trial 6 finished with value: 0.75 and parameters: {'n_estimators': 150, 'max_depth': 13, 'min_samples_split': 4, 'min_samples_leaf': 2}. Best is trial 0 with value: 0.75.
[I 2025-05-04 17:48:38,372] Trial 7 finished with value: 0.75 and parameters: {'n_estimators': 188, 'max_depth': 9, 'min_samples_split': 6, 'min_samples_leaf': 3}. Best is trial 0 with value: 0.75.
[I 2025-05-04 17:48:38,752] Trial 8 finished with value: 0.8 and parameters: {'n_estimators': 356, 'max_depth': 11, 'min_samples_split': 6, 'min_samples_leaf': 4}. Best is trial 8 with value: 0.8.
[I 2025-05-04 17:48:39,223] Trial 9 finished with value: 0.5 and parameters: {'n_estimators': 418, 'max_depth': 13, 'min_samples_split': 3, 'min_samples_leaf': 8}. Best is trial 8 with value: 0.8.
[I 2025-05-04 17:48:39,649] Trial 10 finished with value: 0.85 and parameters: {'n_estimators': 364, 'max_depth': 19, 'min_samples_split': 10, 'min_samples_leaf': 4}. Best is trial 10 with value: 0.85.
[I 2025-05-04 17:48:40,755] Trial 11 finished with value: 0.7 and parameters: {'n_estimators': 363, 'max_depth': 19, 'min_samples_split': 10, 'min_samples_leaf': 4}. Best is trial 10 with value: 0.85.
[I 2025-05-04 17:48:41,850] Trial 12 finished with value: 0.5 and parameters: {'n_estimators': 365, 'max_depth': 19, 'min_samples_split': 8, 'min_samples_leaf': 10}. Best is trial 10 with value: 0.85.
[I 2025-05-04 17:48:43,034] Trial 13 finished with value: 0.85 and parameters: {'n_estimators': 496, 'max_depth': 16, 'min_samples_split': 10, 'min_samples_leaf': 4}. Best is trial 10 with value: 0.85.
[I 2025-05-04 17:48:43,610] Trial 14 finished with value: 0.7 and parameters: {'n_estimators': 482, 'max_depth': 16, 'min_samples_split': 10, 'min_samples_leaf': 3}. Best is trial 10 with value: 0.85.
[I 2025-05-04 17:48:44,167] Trial 15 finished with value: 0.75 and parameters: {'n_estimators': 496, 'max_depth': 16, 'min_samples_split': 8, 'min_samples_leaf': 5}. Best is trial 10 with value: 0.85.
[I 2025-05-04 17:48:44,670] Trial 16 finished with value: 0.65 and parameters: {'n_estimators': 418, 'max_depth': 16, 'min_samples_split': 9, 'min_samples_leaf': 3}. Best is trial 10 with value: 0.85.
[I 2025-05-04 17:48:44,877] Trial 17 finished with value: 0.5 and parameters: {'n_estimators': 104, 'max_depth': 20, 'min_samples_split': 10, 'min_samples_leaf': 6}. Best is trial 10 with value: 0.85.
[I 2025-05-04 17:48:45,223] Trial 18 finished with value: 0.75 and parameters: {'n_estimators': 316, 'max_depth': 17, 'min_samples_split': 8, 'min_samples_leaf': 4}. Best is trial 10 with value: 0.85.
[I 2025-05-04 17:48:45,746] Trial 19 finished with value: 0.75 and parameters: {'n_estimators': 447, 'max_depth': 18, 'min_samples_split': 9, 'min_samples_leaf': 2}. Best is trial 10 with value: 0.85.
[I 2025-05-04 17:48:46,206] Trial 20 finished with value: 0.6 and parameters: {'n_estimators': 383, 'max_depth': 15, 'min_samples_split': 7, 'min_samples_leaf': 7}. Best is trial 10 with value: 0.85.
[I 2025-05-04 17:48:46,593] Trial 21 finished with value: 0.85 and parameters: {'n_estimators': 350, 'max_depth': 14, 'min_samples_split': 5, 'min_samples_leaf': 4}. Best is trial 10 with value: 0.85.
[I 2025-05-04 17:48:46,956] Trial 22 finished with value: 0.8 and parameters: {'n_estimators': 324, 'max_depth': 14, 'min_samples_split': 5, 'min_samples_leaf': 5}. Best is trial 10 with value: 0.85.
[I 2025-05-04 17:48:47,425] Trial 23 finished with value: 0.85 and parameters: {'n_estimators': 401, 'max_depth': 18, 'min_samples_split': 4, 'min_samples_leaf': 4}. Best is trial 10 with value: 0.85.
[I 2025-05-04 17:48:47,761] Trial 24 finished with value: 0.7 and parameters: {'n_estimators': 253, 'max_depth': 20, 'min_samples_split': 2, 'min_samples_leaf': 2}. Best is trial 10 with value: 0.85.
[I 2025-05-04 17:48:48,240] Trial 25 finished with value: 0.8 and parameters: {'n_estimators': 466, 'max_depth': 14, 'min_samples_split': 7, 'min_samples_leaf': 3}. Best is trial 10 with value: 0.85.
[I 2025-05-04 17:48:48,598] Trial 26 finished with value: 0.8 and parameters: {'n_estimators': 333, 'max_depth': 17, 'min_samples_split': 5, 'min_samples_leaf': 5}. Best is trial 10 with value: 0.85.
[I 2025-05-04 17:48:49,048] Trial 27 finished with value: 0.7 and parameters: {'n_estimators': 396, 'max_depth': 15, 'min_samples_split': 9, 'min_samples_leaf': 6}. Best is trial 10 with value: 0.85.
[I 2025-05-04 17:48:49,537] Trial 28 finished with value: 0.75 and parameters: {'n_estimators': 448, 'max_depth': 18, 'min_samples_split': 10, 'min_samples_leaf': 4}. Best is trial 10 with value: 0.85.
[I 2025-05-04 17:48:49,861] Trial 29 finished with value: 0.8 and parameters: {'n_estimators': 287, 'max_depth': 10, 'min_samples_split': 8, 'min_samples_leaf': 5}. Best is trial 10 with value: 0.85.
[I 2025-05-04 17:48:52,422] A new study created in memory with name: svc
Parámetros guardados en checkpoint_shoppers_Dlatent_Roriginal/random/best_models_random_seed_2/rf_best_params.json


>>> Optuna tuning svc


[I 2025-05-04 17:48:55,236] Trial 0 finished with value: 0.65 and parameters: {'C': 0.5545996722241048, 'gamma': 0.00012697111322756423}. Best is trial 0 with value: 0.65.
[I 2025-05-04 17:48:55,569] Trial 1 finished with value: 0.7 and parameters: {'C': 1.579973895360496, 'gamma': 0.005511750757691415}. Best is trial 1 with value: 0.7.
[I 2025-05-04 17:48:55,586] Trial 2 finished with value: 0.65 and parameters: {'C': 0.48025424062174377, 'gamma': 0.002095749079193946}. Best is trial 1 with value: 0.7.
[I 2025-05-04 17:48:55,600] Trial 3 finished with value: 0.8 and parameters: {'C': 0.06585587677899403, 'gamma': 0.029997417348655162}. Best is trial 3 with value: 0.8.
[I 2025-05-04 17:48:55,615] Trial 4 finished with value: 0.65 and parameters: {'C': 0.15798603319028856, 'gamma': 0.0011676403660687692}. Best is trial 3 with value: 0.8.
[I 2025-05-04 17:48:55,628] Trial 5 finished with value: 0.9 and parameters: {'C': 3.051654279698754, 'gamma': 0.01307881440940144}. Best is trial 5 with value: 0.9.
[I 2025-05-04 17:48:55,653] Trial 6 finished with value: 0.7 and parameters: {'C': 0.034539797048540495, 'gamma': 0.01133215445049292}. Best is trial 5 with value: 0.9.
[I 2025-05-04 17:48:55,668] Trial 7 finished with value: 0.85 and parameters: {'C': 0.05467130776888186, 'gamma': 0.13846518531662885}. Best is trial 5 with value: 0.9.
[I 2025-05-04 17:48:55,683] Trial 8 finished with value: 0.9 and parameters: {'C': 26.055605528320903, 'gamma': 0.009483034914203468}. Best is trial 5 with value: 0.9.
[I 2025-05-04 17:48:55,697] Trial 9 finished with value: 0.65 and parameters: {'C': 24.335817588808105, 'gamma': 0.00020824851253449603}. Best is trial 5 with value: 0.9.
[I 2025-05-04 17:48:55,722] Trial 10 finished with value: 0.9 and parameters: {'C': 3.93605688752582, 'gamma': 0.6424272442653438}. Best is trial 5 with value: 0.9.
[I 2025-05-04 17:48:56,372] Trial 11 finished with value: 0.9 and parameters: {'C': 94.53105581256676, 'gamma': 0.04354029466352555}. Best is trial 5 with value: 0.9.
[I 2025-05-04 17:48:56,395] Trial 12 finished with value: 0.75 and parameters: {'C': 7.816956610394551, 'gamma': 0.001273550705289322}. Best is trial 5 with value: 0.9.
[I 2025-05-04 17:48:57,030] Trial 13 finished with value: 0.9 and parameters: {'C': 25.99419641486396, 'gamma': 0.07090885038188904}. Best is trial 5 with value: 0.9.
[I 2025-05-04 17:48:57,054] Trial 14 finished with value: 0.9 and parameters: {'C': 8.56111253589447, 'gamma': 0.010910338585549753}. Best is trial 5 with value: 0.9.
[I 2025-05-04 17:48:57,076] Trial 15 finished with value: 0.9 and parameters: {'C': 80.78963648177103, 'gamma': 0.2950077622875162}. Best is trial 5 with value: 0.9.
[I 2025-05-04 17:48:57,735] Trial 16 finished with value: 0.65 and parameters: {'C': 2.00739364972314, 'gamma': 0.0037717788453029413}. Best is trial 5 with value: 0.9.
[I 2025-05-04 17:48:57,767] Trial 17 finished with value: 0.65 and parameters: {'C': 0.011278738109245848, 'gamma': 0.0004707111247235158}. Best is trial 5 with value: 0.9.
[I 2025-05-04 17:48:57,801] Trial 18 finished with value: 0.9 and parameters: {'C': 23.849652495999457, 'gamma': 0.01766413236411288}. Best is trial 5 with value: 0.9.
[I 2025-05-04 17:48:57,825] Trial 19 finished with value: 0.9 and parameters: {'C': 8.74301253683558, 'gamma': 0.09135014071194893}. Best is trial 5 with value: 0.9.
[I 2025-05-04 17:48:58,461] Trial 20 finished with value: 0.85 and parameters: {'C': 3.6311993535014087, 'gamma': 0.0035734484558604023}. Best is trial 5 with value: 0.9.
[I 2025-05-04 17:48:58,485] Trial 21 finished with value: 0.8 and parameters: {'C': 5.309115073013653, 'gamma': 0.9507232783855046}. Best is trial 5 with value: 0.9.
[I 2025-05-04 17:48:58,510] Trial 22 finished with value: 0.7 and parameters: {'C': 0.6658307194189836, 'gamma': 0.9152893857958077}. Best is trial 5 with value: 0.9.
[I 2025-05-04 17:48:58,536] Trial 23 finished with value: 0.9 and parameters: {'C': 2.5819501607466444, 'gamma': 0.35929499967304446}. Best is trial 5 with value: 0.9.
[I 2025-05-04 17:48:59,209] Trial 24 finished with value: 0.9 and parameters: {'C': 38.751738722540814, 'gamma': 0.023216425588002958}. Best is trial 5 with value: 0.9.
[I 2025-05-04 17:48:59,233] Trial 25 finished with value: 0.9 and parameters: {'C': 1.2483914126209397, 'gamma': 0.23456914404454368}. Best is trial 5 with value: 0.9.
[I 2025-05-04 17:48:59,258] Trial 26 finished with value: 0.65 and parameters: {'C': 11.705918195914737, 'gamma': 0.0005042743694238337}. Best is trial 5 with value: 0.9.
[I 2025-05-04 17:48:59,279] Trial 27 finished with value: 0.85 and parameters: {'C': 0.30618189159078735, 'gamma': 0.0371993414512142}. Best is trial 5 with value: 0.9.
[I 2025-05-04 17:48:59,302] Trial 28 finished with value: 0.9 and parameters: {'C': 3.9345950150988678, 'gamma': 0.006861136937082391}. Best is trial 5 with value: 0.9.
[I 2025-05-04 17:48:59,334] Trial 29 finished with value: 0.65 and parameters: {'C': 18.029778239980185, 'gamma': 0.00013891875919092253}. Best is trial 5 with value: 0.9.
/data/home/rtabares/anaconda3/envs/pyth3.12/lib/python3.12/site-packages/xgboost/core.py:377: FutureWarning: Your system has an old version of glibc (< 2.28). We will stop supporting Linux distros with glibc older than 2.28 after **May 31, 2025**. Please upgrade to a recent Linux distro (with glibc >= 2.28) to use future versions of XGBoost.
Note: You have installed the 'manylinux2014' variant of XGBoost. Certain features such as GPU algorithms or federated learning are not available. To use these features, please upgrade to a recent Linux distro with glibc 2.28+, and install the 'manylinux_2_28' variant.
  warnings.warn(
[I 2025-05-04 17:49:03,120] A new study created in memory with name: logreg
Parámetros guardados en checkpoint_shoppers_Dlatent_Roriginal/random/best_models_random_seed_2/svc_best_params.json


>>> Optuna tuning logreg


[I 2025-05-04 17:49:05,354] Trial 0 finished with value: 0.9 and parameters: {'C': 0.15134724182275533, 'penalty': 'l2'}. Best is trial 0 with value: 0.9.
[I 2025-05-04 17:49:05,601] Trial 1 finished with value: 0.9 and parameters: {'C': 0.00134781771168027, 'penalty': 'l2'}. Best is trial 0 with value: 0.9.
[I 2025-05-04 17:49:05,617] Trial 2 finished with value: 0.9 and parameters: {'C': 0.5601603817503298, 'penalty': 'l2'}. Best is trial 0 with value: 0.9.
[I 2025-05-04 17:49:05,644] Trial 3 finished with value: 0.9 and parameters: {'C': 0.15017995265951545, 'penalty': 'l2'}. Best is trial 0 with value: 0.9.
[I 2025-05-04 17:49:05,658] Trial 4 finished with value: 0.9 and parameters: {'C': 0.1264267606498664, 'penalty': 'l2'}. Best is trial 0 with value: 0.9.
[I 2025-05-04 17:49:05,670] Trial 5 finished with value: 0.9 and parameters: {'C': 0.044840877729077515, 'penalty': 'l2'}. Best is trial 0 with value: 0.9.
[I 2025-05-04 17:49:05,693] Trial 6 finished with value: 0.9 and parameters: {'C': 0.010549774340694125, 'penalty': 'l2'}. Best is trial 0 with value: 0.9.
[I 2025-05-04 17:49:05,716] Trial 7 finished with value: 0.9 and parameters: {'C': 1.248403080828608, 'penalty': 'l2'}. Best is trial 0 with value: 0.9.
[I 2025-05-04 17:49:05,729] Trial 8 finished with value: 0.9 and parameters: {'C': 0.03149730300397853, 'penalty': 'l2'}. Best is trial 0 with value: 0.9.
[I 2025-05-04 17:49:05,752] Trial 9 finished with value: 0.9 and parameters: {'C': 0.021584220823040776, 'penalty': 'l2'}. Best is trial 0 with value: 0.9.
[I 2025-05-04 17:49:05,769] Trial 10 finished with value: 0.9 and parameters: {'C': 26.015182919619694, 'penalty': 'l2'}. Best is trial 0 with value: 0.9.
[I 2025-05-04 17:49:06,731] Trial 11 finished with value: 0.9 and parameters: {'C': 0.001176371971117908, 'penalty': 'l2'}. Best is trial 0 with value: 0.9.
[I 2025-05-04 17:49:08,064] Trial 12 finished with value: 0.9 and parameters: {'C': 0.001136550637943971, 'penalty': 'l2'}. Best is trial 0 with value: 0.9.
[I 2025-05-04 17:49:08,788] Trial 13 finished with value: 0.9 and parameters: {'C': 5.05278877551691, 'penalty': 'l2'}. Best is trial 0 with value: 0.9.
[I 2025-05-04 17:49:08,820] Trial 14 finished with value: 0.9 and parameters: {'C': 0.003541755125609463, 'penalty': 'l2'}. Best is trial 0 with value: 0.9.
[I 2025-05-04 17:49:08,847] Trial 15 finished with value: 0.9 and parameters: {'C': 77.6849705676342, 'penalty': 'l2'}. Best is trial 0 with value: 0.9.
[I 2025-05-04 17:49:08,868] Trial 16 finished with value: 0.9 and parameters: {'C': 7.653329043484061, 'penalty': 'l2'}. Best is trial 0 with value: 0.9.
[I 2025-05-04 17:49:08,885] Trial 17 finished with value: 0.9 and parameters: {'C': 1.5362107485579384, 'penalty': 'l2'}. Best is trial 0 with value: 0.9.
[I 2025-05-04 17:49:08,912] Trial 18 finished with value: 0.9 and parameters: {'C': 0.0075523275239011475, 'penalty': 'l2'}. Best is trial 0 with value: 0.9.
[I 2025-05-04 17:49:08,943] Trial 19 finished with value: 0.9 and parameters: {'C': 0.08859563088414432, 'penalty': 'l2'}. Best is trial 0 with value: 0.9.
[I 2025-05-04 17:49:08,963] Trial 20 finished with value: 0.9 and parameters: {'C': 0.003353256992349874, 'penalty': 'l2'}. Best is trial 0 with value: 0.9.
[I 2025-05-04 17:49:08,995] Trial 21 finished with value: 0.9 and parameters: {'C': 0.4001789767689228, 'penalty': 'l2'}. Best is trial 0 with value: 0.9.
[I 2025-05-04 17:49:09,016] Trial 22 finished with value: 0.9 and parameters: {'C': 0.6462882932974424, 'penalty': 'l2'}. Best is trial 0 with value: 0.9.
[I 2025-05-04 17:49:09,047] Trial 23 finished with value: 0.9 and parameters: {'C': 4.077672338994067, 'penalty': 'l2'}. Best is trial 0 with value: 0.9.
[I 2025-05-04 17:49:09,674] Trial 24 finished with value: 0.9 and parameters: {'C': 0.250754364460805, 'penalty': 'l2'}. Best is trial 0 with value: 0.9.
[I 2025-05-04 17:49:09,705] Trial 25 finished with value: 0.9 and parameters: {'C': 16.581847172247183, 'penalty': 'l2'}. Best is trial 0 with value: 0.9.
[I 2025-05-04 17:49:09,738] Trial 26 finished with value: 0.9 and parameters: {'C': 1.2591926750626607, 'penalty': 'l2'}. Best is trial 0 with value: 0.9.
[I 2025-05-04 17:49:09,766] Trial 27 finished with value: 0.9 and parameters: {'C': 0.07091188450131096, 'penalty': 'l2'}. Best is trial 0 with value: 0.9.
[I 2025-05-04 17:49:09,788] Trial 28 finished with value: 0.9 and parameters: {'C': 0.016137722858757322, 'penalty': 'l2'}. Best is trial 0 with value: 0.9.
[I 2025-05-04 17:49:09,819] Trial 29 finished with value: 0.9 and parameters: {'C': 0.2616461312792352, 'penalty': 'l2'}. Best is trial 0 with value: 0.9.
[I 2025-05-04 17:49:11,716] A new study created in memory with name: mlp
Parámetros guardados en checkpoint_shoppers_Dlatent_Roriginal/random/best_models_random_seed_2/logreg_best_params.json


>>> Optuna tuning mlp


/data/home/rtabares/anaconda3/envs/pyth3.12/lib/python3.12/site-packages/sklearn/neural_network/_multilayer_perceptron.py:691: ConvergenceWarning: Stochastic Optimizer: Maximum iterations (50) reached and the optimization hasn't converged yet.
  warnings.warn(
/data/home/rtabares/anaconda3/envs/pyth3.12/lib/python3.12/site-packages/sklearn/neural_network/_multilayer_perceptron.py:691: ConvergenceWarning: Stochastic Optimizer: Maximum iterations (50) reached and the optimization hasn't converged yet.
  warnings.warn(
/data/home/rtabares/anaconda3/envs/pyth3.12/lib/python3.12/site-packages/sklearn/neural_network/_multilayer_perceptron.py:691: ConvergenceWarning: Stochastic Optimizer: Maximum iterations (50) reached and the optimization hasn't converged yet.
  warnings.warn(
/data/home/rtabares/anaconda3/envs/pyth3.12/lib/python3.12/site-packages/sklearn/neural_network/_multilayer_perceptron.py:691: ConvergenceWarning: Stochastic Optimizer: Maximum iterations (50) reached and the optimization hasn't converged yet.
  warnings.warn(
/data/home/rtabares/anaconda3/envs/pyth3.12/lib/python3.12/site-packages/sklearn/neural_network/_multilayer_perceptron.py:691: ConvergenceWarning: Stochastic Optimizer: Maximum iterations (50) reached and the optimization hasn't converged yet.
  warnings.warn(
[I 2025-05-04 17:49:14,570] Trial 0 finished with value: 0.8 and parameters: {'hidden_layer_sizes': (100, 100), 'max_iter': 50, 'alpha': 0.0001}. Best is trial 0 with value: 0.8.
/data/home/rtabares/anaconda3/envs/pyth3.12/lib/python3.12/site-packages/sklearn/neural_network/_multilayer_perceptron.py:691: ConvergenceWarning: Stochastic Optimizer: Maximum iterations (50) reached and the optimization hasn't converged yet.
  warnings.warn(
/data/home/rtabares/anaconda3/envs/pyth3.12/lib/python3.12/site-packages/sklearn/neural_network/_multilayer_perceptron.py:691: ConvergenceWarning: Stochastic Optimizer: Maximum iterations (50) reached and the optimization hasn't converged yet.
  warnings.warn(
/data/home/rtabares/anaconda3/envs/pyth3.12/lib/python3.12/site-packages/sklearn/neural_network/_multilayer_perceptron.py:691: ConvergenceWarning: Stochastic Optimizer: Maximum iterations (50) reached and the optimization hasn't converged yet.
  warnings.warn(
/data/home/rtabares/anaconda3/envs/pyth3.12/lib/python3.12/site-packages/sklearn/neural_network/_multilayer_perceptron.py:691: ConvergenceWarning: Stochastic Optimizer: Maximum iterations (50) reached and the optimization hasn't converged yet.
  warnings.warn(
/data/home/rtabares/anaconda3/envs/pyth3.12/lib/python3.12/site-packages/sklearn/neural_network/_multilayer_perceptron.py:691: ConvergenceWarning: Stochastic Optimizer: Maximum iterations (50) reached and the optimization hasn't converged yet.
  warnings.warn(
[I 2025-05-04 17:49:15,024] Trial 1 finished with value: 0.85 and parameters: {'hidden_layer_sizes': (100,), 'max_iter': 50, 'alpha': 0.001}. Best is trial 1 with value: 0.85.
[I 2025-05-04 17:49:15,123] Trial 2 finished with value: 0.8 and parameters: {'hidden_layer_sizes': (100, 100), 'max_iter': 100, 'alpha': 0.001}. Best is trial 1 with value: 0.85.
/data/home/rtabares/anaconda3/envs/pyth3.12/lib/python3.12/site-packages/sklearn/neural_network/_multilayer_perceptron.py:691: ConvergenceWarning: Stochastic Optimizer: Maximum iterations (100) reached and the optimization hasn't converged yet.
  warnings.warn(
/data/home/rtabares/anaconda3/envs/pyth3.12/lib/python3.12/site-packages/sklearn/neural_network/_multilayer_perceptron.py:691: ConvergenceWarning: Stochastic Optimizer: Maximum iterations (100) reached and the optimization hasn't converged yet.
  warnings.warn(
/data/home/rtabares/anaconda3/envs/pyth3.12/lib/python3.12/site-packages/sklearn/neural_network/_multilayer_perceptron.py:691: ConvergenceWarning: Stochastic Optimizer: Maximum iterations (100) reached and the optimization hasn't converged yet.
  warnings.warn(
/data/home/rtabares/anaconda3/envs/pyth3.12/lib/python3.12/site-packages/sklearn/neural_network/_multilayer_perceptron.py:691: ConvergenceWarning: Stochastic Optimizer: Maximum iterations (100) reached and the optimization hasn't converged yet.
  warnings.warn(
/data/home/rtabares/anaconda3/envs/pyth3.12/lib/python3.12/site-packages/sklearn/neural_network/_multilayer_perceptron.py:691: ConvergenceWarning: Stochastic Optimizer: Maximum iterations (100) reached and the optimization hasn't converged yet.
  warnings.warn(
[I 2025-05-04 17:49:15,209] Trial 3 finished with value: 0.85 and parameters: {'hidden_layer_sizes': (200,), 'max_iter': 100, 'alpha': 0.0001}. Best is trial 1 with value: 0.85.
