[I 2025-05-05 21:26:11,331] Trial 18 finished with value: 0.85 and parameters: {'n_estimators': 10, 'max_depth': 5, 'gamma': 0.5362969797545655, 'subsample': 0.6605701698524608, 'colsample_bytree': 0.7490298942344821}. Best is trial 5 with value: 0.9.
[I 2025-05-05 21:26:11,369] Trial 19 finished with value: 0.85 and parameters: {'n_estimators': 40, 'max_depth': 30, 'gamma': 0.7535941122985954, 'subsample': 0.7661471466535483, 'colsample_bytree': 0.6290634399826784}. Best is trial 5 with value: 0.9.
[I 2025-05-05 21:26:11,408] Trial 20 finished with value: 0.75 and parameters: {'n_estimators': 10, 'max_depth': 5, 'gamma': 0.8698473324407081, 'subsample': 0.5023167526748511, 'colsample_bytree': 0.8887148142078876}. Best is trial 5 with value: 0.9.
[I 2025-05-05 21:26:11,448] Trial 21 finished with value: 0.85 and parameters: {'n_estimators': 40, 'max_depth': 5, 'gamma': 0.28683152213018914, 'subsample': 0.6572250506222854, 'colsample_bytree': 0.7100717027200815}. Best is trial 5 with value: 0.9.
[I 2025-05-05 21:26:11,489] Trial 22 finished with value: 0.9 and parameters: {'n_estimators': 40, 'max_depth': 5, 'gamma': 0.22610415714268878, 'subsample': 0.6733355656271482, 'colsample_bytree': 0.6642763788642468}. Best is trial 5 with value: 0.9.
[I 2025-05-05 21:26:11,527] Trial 23 finished with value: 0.9 and parameters: {'n_estimators': 40, 'max_depth': 5, 'gamma': 0.38459403120315516, 'subsample': 0.5693780587383049, 'colsample_bytree': 0.5956413149609472}. Best is trial 5 with value: 0.9.
[I 2025-05-05 21:26:11,568] Trial 24 finished with value: 0.85 and parameters: {'n_estimators': 40, 'max_depth': 5, 'gamma': 0.23105146438086202, 'subsample': 0.7296153843927419, 'colsample_bytree': 0.5000888746786277}. Best is trial 5 with value: 0.9.
[I 2025-05-05 21:26:11,607] Trial 25 finished with value: 0.85 and parameters: {'n_estimators': 40, 'max_depth': 5, 'gamma': 0.12530389810427583, 'subsample': 0.6392066419236316, 'colsample_bytree': 0.7512077064736522}. Best is trial 5 with value: 0.9.
[I 2025-05-05 21:26:11,648] Trial 26 finished with value: 0.8 and parameters: {'n_estimators': 10, 'max_depth': 5, 'gamma': 0.6421759335162799, 'subsample': 0.5631399125974769, 'colsample_bytree': 0.666605790053949}. Best is trial 5 with value: 0.9.
[I 2025-05-05 21:26:11,686] Trial 27 finished with value: 0.85 and parameters: {'n_estimators': 40, 'max_depth': 5, 'gamma': 0.42002901388698094, 'subsample': 0.6927982961413219, 'colsample_bytree': 0.6323944091178614}. Best is trial 5 with value: 0.9.
[I 2025-05-05 21:26:11,723] Trial 28 finished with value: 1.0 and parameters: {'n_estimators': 40, 'max_depth': 30, 'gamma': 0.5391004166614228, 'subsample': 0.6334579785015142, 'colsample_bytree': 0.5699781075890862}. Best is trial 28 with value: 1.0.
[I 2025-05-05 21:26:11,764] Trial 29 finished with value: 0.85 and parameters: {'n_estimators': 10, 'max_depth': 30, 'gamma': 0.5521851037316727, 'subsample': 0.5912639771008841, 'colsample_bytree': 0.5651894093875153}. Best is trial 28 with value: 1.0.
[I 2025-05-05 21:26:14,836] A new study created in memory with name: rf
Parámetros guardados en checkpoint_shoppers_Dlatent_Roriginal_ft_A/lc/IPC_10/best_models_lc_seed_1/xgb_best_params.json


>>> Optuna tuning rf metodo lc IPC 10 seed 1


[I 2025-05-05 21:26:16,503] Trial 0 finished with value: 1.0 and parameters: {'n_estimators': 267, 'max_depth': 15, 'min_samples_split': 2, 'min_samples_leaf': 4}. Best is trial 0 with value: 1.0.
[I 2025-05-05 21:26:16,915] Trial 1 finished with value: 1.0 and parameters: {'n_estimators': 158, 'max_depth': 4, 'min_samples_split': 3, 'min_samples_leaf': 4}. Best is trial 0 with value: 1.0.
[I 2025-05-05 21:26:17,277] Trial 2 finished with value: 0.5 and parameters: {'n_estimators': 259, 'max_depth': 12, 'min_samples_split': 5, 'min_samples_leaf': 7}. Best is trial 0 with value: 1.0.
[I 2025-05-05 21:26:17,558] Trial 3 finished with value: 0.5 and parameters: {'n_estimators': 181, 'max_depth': 18, 'min_samples_split': 2, 'min_samples_leaf': 7}. Best is trial 0 with value: 1.0.
[I 2025-05-05 21:26:17,948] Trial 4 finished with value: 1.0 and parameters: {'n_estimators': 267, 'max_depth': 13, 'min_samples_split': 3, 'min_samples_leaf': 2}. Best is trial 0 with value: 1.0.
[I 2025-05-05 21:26:18,438] Trial 5 finished with value: 0.5 and parameters: {'n_estimators': 421, 'max_depth': 20, 'min_samples_split': 4, 'min_samples_leaf': 7}. Best is trial 0 with value: 1.0.
[I 2025-05-05 21:26:18,977] Trial 6 finished with value: 1.0 and parameters: {'n_estimators': 451, 'max_depth': 19, 'min_samples_split': 2, 'min_samples_leaf': 1}. Best is trial 0 with value: 1.0.
[I 2025-05-05 21:26:19,243] Trial 7 finished with value: 0.95 and parameters: {'n_estimators': 168, 'max_depth': 18, 'min_samples_split': 2, 'min_samples_leaf': 5}. Best is trial 0 with value: 1.0.
[I 2025-05-05 21:26:19,830] Trial 8 finished with value: 1.0 and parameters: {'n_estimators': 484, 'max_depth': 12, 'min_samples_split': 8, 'min_samples_leaf': 4}. Best is trial 0 with value: 1.0.
[I 2025-05-05 21:26:20,271] Trial 9 finished with value: 0.5 and parameters: {'n_estimators': 375, 'max_depth': 18, 'min_samples_split': 2, 'min_samples_leaf': 8}. Best is trial 0 with value: 1.0.
[I 2025-05-05 21:26:20,730] Trial 10 finished with value: 0.5 and parameters: {'n_estimators': 336, 'max_depth': 6, 'min_samples_split': 10, 'min_samples_leaf': 10}. Best is trial 0 with value: 1.0.
[I 2025-05-05 21:26:21,546] Trial 11 finished with value: 0.95 and parameters: {'n_estimators': 106, 'max_depth': 5, 'min_samples_split': 6, 'min_samples_leaf': 3}. Best is trial 0 with value: 1.0.
[I 2025-05-05 21:26:22,507] Trial 12 finished with value: 1.0 and parameters: {'n_estimators': 229, 'max_depth': 8, 'min_samples_split': 4, 'min_samples_leaf': 4}. Best is trial 0 with value: 1.0.
[I 2025-05-05 21:26:23,399] Trial 13 finished with value: 0.9 and parameters: {'n_estimators': 134, 'max_depth': 3, 'min_samples_split': 6, 'min_samples_leaf': 5}. Best is trial 0 with value: 1.0.
[I 2025-05-05 21:26:23,643] Trial 14 finished with value: 1.0 and parameters: {'n_estimators': 209, 'max_depth': 15, 'min_samples_split': 4, 'min_samples_leaf': 3}. Best is trial 0 with value: 1.0.
[I 2025-05-05 21:26:23,983] Trial 15 finished with value: 1.0 and parameters: {'n_estimators': 312, 'max_depth': 9, 'min_samples_split': 7, 'min_samples_leaf': 1}. Best is trial 0 with value: 1.0.
[I 2025-05-05 21:26:24,368] Trial 16 finished with value: 0.95 and parameters: {'n_estimators': 352, 'max_depth': 15, 'min_samples_split': 3, 'min_samples_leaf': 6}. Best is trial 0 with value: 1.0.
[I 2025-05-05 21:26:24,672] Trial 17 finished with value: 1.0 and parameters: {'n_estimators': 266, 'max_depth': 15, 'min_samples_split': 3, 'min_samples_leaf': 3}. Best is trial 0 with value: 1.0.
[I 2025-05-05 21:26:24,871] Trial 18 finished with value: 1.0 and parameters: {'n_estimators': 152, 'max_depth': 9, 'min_samples_split': 5, 'min_samples_leaf': 4}. Best is trial 0 with value: 1.0.
[I 2025-05-05 21:26:25,157] Trial 19 finished with value: 0.5 and parameters: {'n_estimators': 222, 'max_depth': 3, 'min_samples_split': 9, 'min_samples_leaf': 9}. Best is trial 0 with value: 1.0.
[I 2025-05-05 21:26:25,485] Trial 20 finished with value: 0.9 and parameters: {'n_estimators': 291, 'max_depth': 7, 'min_samples_split': 5, 'min_samples_leaf': 6}. Best is trial 0 with value: 1.0.
[I 2025-05-05 21:26:25,780] Trial 21 finished with value: 1.0 and parameters: {'n_estimators': 258, 'max_depth': 14, 'min_samples_split': 3, 'min_samples_leaf': 2}. Best is trial 0 with value: 1.0.
[I 2025-05-05 21:26:26,236] Trial 22 finished with value: 1.0 and parameters: {'n_estimators': 386, 'max_depth': 11, 'min_samples_split': 3, 'min_samples_leaf': 2}. Best is trial 0 with value: 1.0.
[I 2025-05-05 21:26:26,511] Trial 23 finished with value: 1.0 and parameters: {'n_estimators': 189, 'max_depth': 13, 'min_samples_split': 4, 'min_samples_leaf': 2}. Best is trial 0 with value: 1.0.
[I 2025-05-05 21:26:26,877] Trial 24 finished with value: 1.0 and parameters: {'n_estimators': 294, 'max_depth': 10, 'min_samples_split': 3, 'min_samples_leaf': 4}. Best is trial 0 with value: 1.0.
[I 2025-05-05 21:26:27,064] Trial 25 finished with value: 1.0 and parameters: {'n_estimators': 100, 'max_depth': 16, 'min_samples_split': 2, 'min_samples_leaf': 3}. Best is trial 0 with value: 1.0.
[I 2025-05-05 21:26:27,370] Trial 26 finished with value: 0.9 and parameters: {'n_estimators': 232, 'max_depth': 13, 'min_samples_split': 3, 'min_samples_leaf': 5}. Best is trial 0 with value: 1.0.
[I 2025-05-05 21:26:27,717] Trial 27 finished with value: 1.0 and parameters: {'n_estimators': 317, 'max_depth': 16, 'min_samples_split': 7, 'min_samples_leaf': 2}. Best is trial 0 with value: 1.0.
[I 2025-05-05 21:26:27,987] Trial 28 finished with value: 1.0 and parameters: {'n_estimators': 199, 'max_depth': 5, 'min_samples_split': 4, 'min_samples_leaf': 1}. Best is trial 0 with value: 1.0.
[I 2025-05-05 21:26:28,320] Trial 29 finished with value: 0.95 and parameters: {'n_estimators': 261, 'max_depth': 11, 'min_samples_split': 5, 'min_samples_leaf': 6}. Best is trial 0 with value: 1.0.
[I 2025-05-05 21:26:30,683] A new study created in memory with name: svc
Parámetros guardados en checkpoint_shoppers_Dlatent_Roriginal_ft_A/lc/IPC_10/best_models_lc_seed_1/rf_best_params.json


>>> Optuna tuning svc metodo lc IPC 10 seed 1


[I 2025-05-05 21:26:33,512] Trial 0 finished with value: 0.95 and parameters: {'C': 0.4656804637919569, 'gamma': 0.07608481233714794}. Best is trial 0 with value: 0.95.
[I 2025-05-05 21:26:34,439] Trial 1 finished with value: 0.85 and parameters: {'C': 0.010010539860510492, 'gamma': 0.0016193110912440748}. Best is trial 0 with value: 0.95.
[I 2025-05-05 21:26:34,456] Trial 2 finished with value: 0.85 and parameters: {'C': 0.03863879405158731, 'gamma': 0.00023407464805767542}. Best is trial 0 with value: 0.95.
[I 2025-05-05 21:26:34,470] Trial 3 finished with value: 0.85 and parameters: {'C': 0.0555956542671257, 'gamma': 0.002411253706147574}. Best is trial 0 with value: 0.95.
[I 2025-05-05 21:26:34,495] Trial 4 finished with value: 0.95 and parameters: {'C': 0.3864291653552654, 'gamma': 0.014297724879798395}. Best is trial 0 with value: 0.95.
[I 2025-05-05 21:26:34,510] Trial 5 finished with value: 0.95 and parameters: {'C': 0.47509237210306143, 'gamma': 0.05506529897945987}. Best is trial 0 with value: 0.95.
[I 2025-05-05 21:26:34,524] Trial 6 finished with value: 0.7 and parameters: {'C': 0.06573686655138336, 'gamma': 0.3254391115088485}. Best is trial 0 with value: 0.95.
[I 2025-05-05 21:26:34,538] Trial 7 finished with value: 0.95 and parameters: {'C': 0.01286916510781503, 'gamma': 0.04806954824961596}. Best is trial 0 with value: 0.95.
[I 2025-05-05 21:26:34,552] Trial 8 finished with value: 0.95 and parameters: {'C': 0.4668949853708895, 'gamma': 0.017169565852473867}. Best is trial 0 with value: 0.95.
[I 2025-05-05 21:26:34,568] Trial 9 finished with value: 0.85 and parameters: {'C': 0.03643743139281253, 'gamma': 0.0006200203677164723}. Best is trial 0 with value: 0.95.
[I 2025-05-05 21:26:34,593] Trial 10 finished with value: 0.65 and parameters: {'C': 35.745293136206676, 'gamma': 0.7480863519855016}. Best is trial 0 with value: 0.95.
[I 2025-05-05 21:26:35,270] Trial 11 finished with value: 1.0 and parameters: {'C': 3.973431970600673, 'gamma': 0.10018295090091846}. Best is trial 11 with value: 1.0.
[I 2025-05-05 21:26:35,294] Trial 12 finished with value: 1.0 and parameters: {'C': 4.0759534869826135, 'gamma': 0.14575948154709376}. Best is trial 11 with value: 1.0.
[I 2025-05-05 21:26:35,326] Trial 13 finished with value: 1.0 and parameters: {'C': 11.213273468463209, 'gamma': 0.21184484981333884}. Best is trial 11 with value: 1.0.
[I 2025-05-05 21:26:36,019] Trial 14 finished with value: 0.65 and parameters: {'C': 3.068096919713349, 'gamma': 0.8935370341335547}. Best is trial 11 with value: 1.0.
[I 2025-05-05 21:26:36,043] Trial 15 finished with value: 1.0 and parameters: {'C': 3.5995962215496324, 'gamma': 0.1807660889464912}. Best is trial 11 with value: 1.0.
[I 2025-05-05 21:26:36,064] Trial 16 finished with value: 1.0 and parameters: {'C': 78.78369375457646, 'gamma': 0.0062602775216741395}. Best is trial 11 with value: 1.0.
[I 2025-05-05 21:26:36,085] Trial 17 finished with value: 1.0 and parameters: {'C': 2.5355086972732273, 'gamma': 0.08341231403910482}. Best is trial 11 with value: 1.0.
[I 2025-05-05 21:26:36,109] Trial 18 finished with value: 1.0 and parameters: {'C': 15.23724600708096, 'gamma': 0.025798862823044912}. Best is trial 11 with value: 1.0.
[I 2025-05-05 21:26:36,133] Trial 19 finished with value: 1.0 and parameters: {'C': 1.4369676705910115, 'gamma': 0.006467040311333781}. Best is trial 11 with value: 1.0.
[I 2025-05-05 21:26:36,157] Trial 20 finished with value: 0.7 and parameters: {'C': 10.453799926540183, 'gamma': 0.35338624817978304}. Best is trial 11 with value: 1.0.
[I 2025-05-05 21:26:36,181] Trial 21 finished with value: 1.0 and parameters: {'C': 9.34343692989818, 'gamma': 0.17198024472591958}. Best is trial 11 with value: 1.0.
[I 2025-05-05 21:26:36,203] Trial 22 finished with value: 1.0 and parameters: {'C': 24.1192304025277, 'gamma': 0.1894045417831482}. Best is trial 11 with value: 1.0.
[I 2025-05-05 21:26:36,228] Trial 23 finished with value: 1.0 and parameters: {'C': 6.19540416299246, 'gamma': 0.03619407662776658}. Best is trial 11 with value: 1.0.
[I 2025-05-05 21:26:36,250] Trial 24 finished with value: 0.7 and parameters: {'C': 1.3190387098288623, 'gamma': 0.3751266464564294}. Best is trial 11 with value: 1.0.
[I 2025-05-05 21:26:36,275] Trial 25 finished with value: 0.65 and parameters: {'C': 51.77339566507618, 'gamma': 0.5278573052930311}. Best is trial 11 with value: 1.0.
[I 2025-05-05 21:26:36,297] Trial 26 finished with value: 1.0 and parameters: {'C': 5.8410285730398535, 'gamma': 0.18699533522991021}. Best is trial 11 with value: 1.0.
[I 2025-05-05 21:26:36,319] Trial 27 finished with value: 1.0 and parameters: {'C': 24.254810247533033, 'gamma': 0.10995179838394445}. Best is trial 11 with value: 1.0.
[I 2025-05-05 21:26:36,342] Trial 28 finished with value: 1.0 and parameters: {'C': 1.8975501333938773, 'gamma': 0.027814715887551904}. Best is trial 11 with value: 1.0.
[I 2025-05-05 21:26:36,363] Trial 29 finished with value: 1.0 and parameters: {'C': 0.7257747120443925, 'gamma': 0.10419948815554887}. Best is trial 11 with value: 1.0.
/data/home/rtabares/anaconda3/envs/pyth3.12/lib/python3.12/site-packages/xgboost/core.py:377: FutureWarning: Your system has an old version of glibc (< 2.28). We will stop supporting Linux distros with glibc older than 2.28 after **May 31, 2025**. Please upgrade to a recent Linux distro (with glibc >= 2.28) to use future versions of XGBoost.
Note: You have installed the 'manylinux2014' variant of XGBoost. Certain features such as GPU algorithms or federated learning are not available. To use these features, please upgrade to a recent Linux distro with glibc 2.28+, and install the 'manylinux_2_28' variant.
  warnings.warn(
[I 2025-05-05 21:26:40,500] A new study created in memory with name: logreg
Parámetros guardados en checkpoint_shoppers_Dlatent_Roriginal_ft_A/lc/IPC_10/best_models_lc_seed_1/svc_best_params.json


>>> Optuna tuning logreg metodo lc IPC 10 seed 1


[I 2025-05-05 21:26:41,082] Trial 0 finished with value: 1.0 and parameters: {'C': 0.12164941464151847, 'penalty': 'l2'}. Best is trial 0 with value: 1.0.
[I 2025-05-05 21:26:41,109] Trial 1 finished with value: 1.0 and parameters: {'C': 3.9959722831350617, 'penalty': 'l2'}. Best is trial 0 with value: 1.0.
[I 2025-05-05 21:26:41,134] Trial 2 finished with value: 0.95 and parameters: {'C': 0.0010013176560941261, 'penalty': 'l2'}. Best is trial 0 with value: 1.0.
[I 2025-05-05 21:26:41,149] Trial 3 finished with value: 1.0 and parameters: {'C': 0.0324835034508668, 'penalty': 'l2'}. Best is trial 0 with value: 1.0.
[I 2025-05-05 21:26:41,162] Trial 4 finished with value: 0.95 and parameters: {'C': 0.005417257182767969, 'penalty': 'l2'}. Best is trial 0 with value: 1.0.
[I 2025-05-05 21:26:41,187] Trial 5 finished with value: 0.95 and parameters: {'C': 0.0028952960233492846, 'penalty': 'l2'}. Best is trial 0 with value: 1.0.
[I 2025-05-05 21:26:41,212] Trial 6 finished with value: 0.95 and parameters: {'C': 0.008536916958038761, 'penalty': 'l2'}. Best is trial 0 with value: 1.0.
[I 2025-05-05 21:26:41,227] Trial 7 finished with value: 1.0 and parameters: {'C': 0.053432271255941216, 'penalty': 'l2'}. Best is trial 0 with value: 1.0.
[I 2025-05-05 21:26:41,240] Trial 8 finished with value: 1.0 and parameters: {'C': 0.09634681692624379, 'penalty': 'l2'}. Best is trial 0 with value: 1.0.
[I 2025-05-05 21:26:41,264] Trial 9 finished with value: 1.0 and parameters: {'C': 0.4944059287398678, 'penalty': 'l2'}. Best is trial 0 with value: 1.0.
[I 2025-05-05 21:26:41,285] Trial 10 finished with value: 1.0 and parameters: {'C': 67.90603441874381, 'penalty': 'l2'}. Best is trial 0 with value: 1.0.
[I 2025-05-05 21:26:41,953] Trial 11 finished with value: 1.0 and parameters: {'C': 1.5000651743034545, 'penalty': 'l2'}. Best is trial 0 with value: 1.0.
[I 2025-05-05 21:26:42,639] Trial 12 finished with value: 1.0 and parameters: {'C': 4.98132666038985, 'penalty': 'l2'}. Best is trial 0 with value: 1.0.
[I 2025-05-05 21:26:42,661] Trial 13 finished with value: 1.0 and parameters: {'C': 17.958868059365482, 'penalty': 'l2'}. Best is trial 0 with value: 1.0.
[I 2025-05-05 21:26:42,692] Trial 14 finished with value: 1.0 and parameters: {'C': 0.7834551690523107, 'penalty': 'l2'}. Best is trial 0 with value: 1.0.
[I 2025-05-05 21:26:42,725] Trial 15 finished with value: 1.0 and parameters: {'C': 2.8130508534049774, 'penalty': 'l2'}. Best is trial 0 with value: 1.0.
[I 2025-05-05 21:26:42,757] Trial 16 finished with value: 1.0 and parameters: {'C': 0.18837297997959032, 'penalty': 'l2'}. Best is trial 0 with value: 1.0.
[I 2025-05-05 21:26:42,789] Trial 17 finished with value: 1.0 and parameters: {'C': 8.322569538423023, 'penalty': 'l2'}. Best is trial 0 with value: 1.0.
[I 2025-05-05 21:26:42,820] Trial 18 finished with value: 1.0 and parameters: {'C': 20.652358488710465, 'penalty': 'l2'}. Best is trial 0 with value: 1.0.
[I 2025-05-05 21:26:42,854] Trial 19 finished with value: 0.95 and parameters: {'C': 0.01939529327574571, 'penalty': 'l2'}. Best is trial 0 with value: 1.0.
[I 2025-05-05 21:26:42,872] Trial 20 finished with value: 1.0 and parameters: {'C': 0.23218993614709957, 'penalty': 'l2'}. Best is trial 0 with value: 1.0.
[I 2025-05-05 21:26:42,900] Trial 21 finished with value: 1.0 and parameters: {'C': 0.042704254723834, 'penalty': 'l2'}. Best is trial 0 with value: 1.0.
[I 2025-05-05 21:26:42,930] Trial 22 finished with value: 0.95 and parameters: {'C': 0.020081834259394027, 'penalty': 'l2'}. Best is trial 0 with value: 1.0.
[I 2025-05-05 21:26:42,953] Trial 23 finished with value: 1.0 and parameters: {'C': 0.7043209344028318, 'penalty': 'l2'}. Best is trial 0 with value: 1.0.
[I 2025-05-05 21:26:42,973] Trial 24 finished with value: 1.0 and parameters: {'C': 0.14003328372613755, 'penalty': 'l2'}. Best is trial 0 with value: 1.0.
[I 2025-05-05 21:26:42,992] Trial 25 finished with value: 1.0 and parameters: {'C': 0.032053691442169414, 'penalty': 'l2'}. Best is trial 0 with value: 1.0.
[I 2025-05-05 21:26:43,009] Trial 26 finished with value: 1.0 and parameters: {'C': 1.412217520077439, 'penalty': 'l2'}. Best is trial 0 with value: 1.0.
[I 2025-05-05 21:26:43,030] Trial 27 finished with value: 1.0 and parameters: {'C': 0.0825379225379411, 'penalty': 'l2'}. Best is trial 0 with value: 1.0.
[I 2025-05-05 21:26:43,063] Trial 28 finished with value: 1.0 and parameters: {'C': 0.3803482918538263, 'penalty': 'l2'}. Best is trial 0 with value: 1.0.
[I 2025-05-05 21:26:43,083] Trial 29 finished with value: 0.95 and parameters: {'C': 0.0018629468760356595, 'penalty': 'l2'}. Best is trial 0 with value: 1.0.
[I 2025-05-05 21:26:44,944] A new study created in memory with name: mlp
Parámetros guardados en checkpoint_shoppers_Dlatent_Roriginal_ft_A/lc/IPC_10/best_models_lc_seed_1/logreg_best_params.json


>>> Optuna tuning mlp metodo lc IPC 10 seed 1


/data/home/rtabares/anaconda3/envs/pyth3.12/lib/python3.12/site-packages/sklearn/neural_network/_multilayer_perceptron.py:691: ConvergenceWarning: Stochastic Optimizer: Maximum iterations (50) reached and the optimization hasn't converged yet.
  warnings.warn(
/data/home/rtabares/anaconda3/envs/pyth3.12/lib/python3.12/site-packages/sklearn/neural_network/_multilayer_perceptron.py:691: ConvergenceWarning: Stochastic Optimizer: Maximum iterations (50) reached and the optimization hasn't converged yet.
  warnings.warn(
/data/home/rtabares/anaconda3/envs/pyth3.12/lib/python3.12/site-packages/sklearn/neural_network/_multilayer_perceptron.py:691: ConvergenceWarning: Stochastic Optimizer: Maximum iterations (50) reached and the optimization hasn't converged yet.
  warnings.warn(
/data/home/rtabares/anaconda3/envs/pyth3.12/lib/python3.12/site-packages/sklearn/neural_network/_multilayer_perceptron.py:691: ConvergenceWarning: Stochastic Optimizer: Maximum iterations (50) reached and the optimization hasn't converged yet.
  warnings.warn(
/data/home/rtabares/anaconda3/envs/pyth3.12/lib/python3.12/site-packages/sklearn/neural_network/_multilayer_perceptron.py:691: ConvergenceWarning: Stochastic Optimizer: Maximum iterations (50) reached and the optimization hasn't converged yet.
  warnings.warn(
[I 2025-05-05 21:26:47,661] Trial 0 finished with value: 1.0 and parameters: {'hidden_layer_sizes': (200,), 'max_iter': 50, 'alpha': 0.001}. Best is trial 0 with value: 1.0.
