[I 2025-05-05 21:01:03,789] Trial 7 finished with value: 0.65 and parameters: {'C': 0.0192373050965465, 'gamma': 0.00022310905607443037}. Best is trial 4 with value: 0.9.
[I 2025-05-05 21:01:03,804] Trial 8 finished with value: 0.75 and parameters: {'C': 0.012046852412030323, 'gamma': 0.2140323314098606}. Best is trial 4 with value: 0.9.
[I 2025-05-05 21:01:03,817] Trial 9 finished with value: 0.7 and parameters: {'C': 12.960656597279739, 'gamma': 0.3020289640158664}. Best is trial 4 with value: 0.9.
[I 2025-05-05 21:01:03,839] Trial 10 finished with value: 0.8 and parameters: {'C': 73.4267841645538, 'gamma': 0.0010357333193126517}. Best is trial 4 with value: 0.9.
[I 2025-05-05 21:01:04,485] Trial 11 finished with value: 0.8 and parameters: {'C': 64.73110838099895, 'gamma': 0.0023194233295541424}. Best is trial 4 with value: 0.9.
[I 2025-05-05 21:01:04,510] Trial 12 finished with value: 0.8 and parameters: {'C': 13.752794544444562, 'gamma': 0.003810268836681614}. Best is trial 4 with value: 0.9.
[I 2025-05-05 21:01:04,542] Trial 13 finished with value: 0.85 and parameters: {'C': 16.077364115789013, 'gamma': 0.009990083164428227}. Best is trial 4 with value: 0.9.
[I 2025-05-05 21:01:05,181] Trial 14 finished with value: 0.85 and parameters: {'C': 96.61693558599791, 'gamma': 0.0004574894365645582}. Best is trial 4 with value: 0.9.
[I 2025-05-05 21:01:05,207] Trial 15 finished with value: 0.8 and parameters: {'C': 6.041410011812951, 'gamma': 0.006779437459205454}. Best is trial 4 with value: 0.9.
[I 2025-05-05 21:01:05,229] Trial 16 finished with value: 0.55 and parameters: {'C': 0.21704378073201902, 'gamma': 0.04121218134413566}. Best is trial 4 with value: 0.9.
[I 2025-05-05 21:01:05,251] Trial 17 finished with value: 0.65 and parameters: {'C': 28.312465276137768, 'gamma': 0.00010241872390191678}. Best is trial 4 with value: 0.9.
[I 2025-05-05 21:01:05,957] Trial 18 finished with value: 0.65 and parameters: {'C': 5.6516147281600135, 'gamma': 0.001613970119171356}. Best is trial 4 with value: 0.9.
[I 2025-05-05 21:01:05,981] Trial 19 finished with value: 0.65 and parameters: {'C': 0.07544014664338816, 'gamma': 0.0007986810794201042}. Best is trial 4 with value: 0.9.
[I 2025-05-05 21:01:06,003] Trial 20 finished with value: 0.75 and parameters: {'C': 34.927402574627564, 'gamma': 0.0255026400425667}. Best is trial 4 with value: 0.9.
[I 2025-05-05 21:01:06,025] Trial 21 finished with value: 0.8 and parameters: {'C': 17.33662368435609, 'gamma': 0.006872261132920224}. Best is trial 4 with value: 0.9.
[I 2025-05-05 21:01:06,673] Trial 22 finished with value: 0.65 and parameters: {'C': 7.338764704415471, 'gamma': 0.09966960960347948}. Best is trial 4 with value: 0.9.
[I 2025-05-05 21:01:06,700] Trial 23 finished with value: 0.9 and parameters: {'C': 36.568424246209126, 'gamma': 0.013307933926108725}. Best is trial 4 with value: 0.9.
[I 2025-05-05 21:01:07,338] Trial 24 finished with value: 0.85 and parameters: {'C': 45.19649370164722, 'gamma': 0.0035283785431883393}. Best is trial 4 with value: 0.9.
[I 2025-05-05 21:01:07,359] Trial 25 finished with value: 0.9 and parameters: {'C': 29.665438044119707, 'gamma': 0.01682967894889001}. Best is trial 4 with value: 0.9.
[I 2025-05-05 21:01:07,381] Trial 26 finished with value: 0.75 and parameters: {'C': 36.8728349627273, 'gamma': 0.024756346798988235}. Best is trial 4 with value: 0.9.
[I 2025-05-05 21:01:07,402] Trial 27 finished with value: 0.65 and parameters: {'C': 3.4139018150690568, 'gamma': 0.10068813602346627}. Best is trial 4 with value: 0.9.
[I 2025-05-05 21:01:07,429] Trial 28 finished with value: 0.75 and parameters: {'C': 89.5099326857876, 'gamma': 0.8967381549523696}. Best is trial 4 with value: 0.9.
[I 2025-05-05 21:01:07,450] Trial 29 finished with value: 0.7 and parameters: {'C': 1.1821355573045078, 'gamma': 0.004714184728176452}. Best is trial 4 with value: 0.9.
[I 2025-05-05 21:01:09,282] A new study created in memory with name: logreg
[I 2025-05-05 21:01:09,843] Trial 0 finished with value: 0.85 and parameters: {'C': 0.5547119471592125, 'penalty': 'l2'}. Best is trial 0 with value: 0.85.
Parámetros guardados en checkpoint_shoppers_Dlatent_Roriginal_ft_A/ag/IPC_10/best_models_ag_seed_0/svc_best_params.json


>>> Optuna tuning logreg metodo ag IPC 10 seed 0


[I 2025-05-05 21:01:12,105] Trial 1 finished with value: 0.85 and parameters: {'C': 3.7665768415992953, 'penalty': 'l2'}. Best is trial 0 with value: 0.85.
[I 2025-05-05 21:01:12,339] Trial 2 finished with value: 0.85 and parameters: {'C': 1.032326035197657, 'penalty': 'l2'}. Best is trial 0 with value: 0.85.
[I 2025-05-05 21:01:12,356] Trial 3 finished with value: 0.85 and parameters: {'C': 0.530170934757683, 'penalty': 'l2'}. Best is trial 0 with value: 0.85.
[I 2025-05-05 21:01:12,381] Trial 4 finished with value: 0.9 and parameters: {'C': 0.13130280280658593, 'penalty': 'l2'}. Best is trial 4 with value: 0.9.
[I 2025-05-05 21:01:12,405] Trial 5 finished with value: 0.85 and parameters: {'C': 1.6961746387290997, 'penalty': 'l2'}. Best is trial 4 with value: 0.9.
[I 2025-05-05 21:01:12,430] Trial 6 finished with value: 0.9 and parameters: {'C': 0.15414734761917095, 'penalty': 'l2'}. Best is trial 4 with value: 0.9.
[I 2025-05-05 21:01:12,455] Trial 7 finished with value: 0.85 and parameters: {'C': 28.765041432546976, 'penalty': 'l2'}. Best is trial 4 with value: 0.9.
[I 2025-05-05 21:01:12,480] Trial 8 finished with value: 0.8 and parameters: {'C': 65.81332043291806, 'penalty': 'l2'}. Best is trial 4 with value: 0.9.
[I 2025-05-05 21:01:12,505] Trial 9 finished with value: 0.9 and parameters: {'C': 0.08264328927007726, 'penalty': 'l2'}. Best is trial 4 with value: 0.9.
[I 2025-05-05 21:01:12,524] Trial 10 finished with value: 0.75 and parameters: {'C': 0.002101331318459542, 'penalty': 'l2'}. Best is trial 4 with value: 0.9.
[I 2025-05-05 21:01:12,551] Trial 11 finished with value: 0.8 and parameters: {'C': 0.03036153327802513, 'penalty': 'l2'}. Best is trial 4 with value: 0.9.
[I 2025-05-05 21:01:13,226] Trial 12 finished with value: 0.8 and parameters: {'C': 0.033556499357206324, 'penalty': 'l2'}. Best is trial 4 with value: 0.9.
[I 2025-05-05 21:01:13,900] Trial 13 finished with value: 0.75 and parameters: {'C': 0.007276906109979134, 'penalty': 'l2'}. Best is trial 4 with value: 0.9.
[I 2025-05-05 21:01:13,931] Trial 14 finished with value: 0.9 and parameters: {'C': 0.11601944433019222, 'penalty': 'l2'}. Best is trial 4 with value: 0.9.
[I 2025-05-05 21:01:13,951] Trial 15 finished with value: 0.85 and parameters: {'C': 9.042294263425593, 'penalty': 'l2'}. Best is trial 4 with value: 0.9.
[I 2025-05-05 21:01:14,595] Trial 16 finished with value: 0.9 and parameters: {'C': 0.19473557856106175, 'penalty': 'l2'}. Best is trial 4 with value: 0.9.
[I 2025-05-05 21:01:14,627] Trial 17 finished with value: 0.75 and parameters: {'C': 0.011255007362380024, 'penalty': 'l2'}. Best is trial 4 with value: 0.9.
[I 2025-05-05 21:01:14,648] Trial 18 finished with value: 0.75 and parameters: {'C': 0.0011621032755888918, 'penalty': 'l2'}. Best is trial 4 with value: 0.9.
[I 2025-05-05 21:01:14,678] Trial 19 finished with value: 0.85 and parameters: {'C': 0.037786921184709776, 'penalty': 'l2'}. Best is trial 4 with value: 0.9.
[I 2025-05-05 21:01:15,336] Trial 20 finished with value: 0.75 and parameters: {'C': 0.006807241126650607, 'penalty': 'l2'}. Best is trial 4 with value: 0.9.
[I 2025-05-05 21:01:15,367] Trial 21 finished with value: 0.9 and parameters: {'C': 0.09870835015274895, 'penalty': 'l2'}. Best is trial 4 with value: 0.9.
[I 2025-05-05 21:01:16,015] Trial 22 finished with value: 0.9 and parameters: {'C': 0.2539692114737117, 'penalty': 'l2'}. Best is trial 4 with value: 0.9.
[I 2025-05-05 21:01:16,036] Trial 23 finished with value: 0.9 and parameters: {'C': 0.06477603962464525, 'penalty': 'l2'}. Best is trial 4 with value: 0.9.
[I 2025-05-05 21:01:16,066] Trial 24 finished with value: 0.8 and parameters: {'C': 0.016749320216005673, 'penalty': 'l2'}. Best is trial 4 with value: 0.9.
[I 2025-05-05 21:01:16,097] Trial 25 finished with value: 0.85 and parameters: {'C': 0.34406876204698517, 'penalty': 'l2'}. Best is trial 4 with value: 0.9.
[I 2025-05-05 21:01:16,126] Trial 26 finished with value: 0.85 and parameters: {'C': 1.852369588158108, 'penalty': 'l2'}. Best is trial 4 with value: 0.9.
[I 2025-05-05 21:01:16,145] Trial 27 finished with value: 0.9 and parameters: {'C': 0.1369645136695122, 'penalty': 'l2'}. Best is trial 4 with value: 0.9.
[I 2025-05-05 21:01:16,163] Trial 28 finished with value: 0.75 and parameters: {'C': 0.003522549647742728, 'penalty': 'l2'}. Best is trial 4 with value: 0.9.
[I 2025-05-05 21:01:16,180] Trial 29 finished with value: 0.85 and parameters: {'C': 0.6693793221698934, 'penalty': 'l2'}. Best is trial 4 with value: 0.9.
/data/home/rtabares/anaconda3/envs/pyth3.12/lib/python3.12/site-packages/xgboost/core.py:377: FutureWarning: Your system has an old version of glibc (< 2.28). We will stop supporting Linux distros with glibc older than 2.28 after **May 31, 2025**. Please upgrade to a recent Linux distro (with glibc >= 2.28) to use future versions of XGBoost.
Note: You have installed the 'manylinux2014' variant of XGBoost. Certain features such as GPU algorithms or federated learning are not available. To use these features, please upgrade to a recent Linux distro with glibc 2.28+, and install the 'manylinux_2_28' variant.
  warnings.warn(
/data/home/rtabares/anaconda3/envs/pyth3.12/lib/python3.12/site-packages/xgboost/core.py:377: FutureWarning: Your system has an old version of glibc (< 2.28). We will stop supporting Linux distros with glibc older than 2.28 after **May 31, 2025**. Please upgrade to a recent Linux distro (with glibc >= 2.28) to use future versions of XGBoost.
Note: You have installed the 'manylinux2014' variant of XGBoost. Certain features such as GPU algorithms or federated learning are not available. To use these features, please upgrade to a recent Linux distro with glibc 2.28+, and install the 'manylinux_2_28' variant.
  warnings.warn(
[I 2025-05-05 21:01:18,071] A new study created in memory with name: mlp
/data/home/rtabares/anaconda3/envs/pyth3.12/lib/python3.12/site-packages/sklearn/neural_network/_multilayer_perceptron.py:691: ConvergenceWarning: Stochastic Optimizer: Maximum iterations (50) reached and the optimization hasn't converged yet.
  warnings.warn(
/data/home/rtabares/anaconda3/envs/pyth3.12/lib/python3.12/site-packages/sklearn/neural_network/_multilayer_perceptron.py:691: ConvergenceWarning: Stochastic Optimizer: Maximum iterations (50) reached and the optimization hasn't converged yet.
  warnings.warn(
/data/home/rtabares/anaconda3/envs/pyth3.12/lib/python3.12/site-packages/sklearn/neural_network/_multilayer_perceptron.py:691: ConvergenceWarning: Stochastic Optimizer: Maximum iterations (50) reached and the optimization hasn't converged yet.
  warnings.warn(
/data/home/rtabares/anaconda3/envs/pyth3.12/lib/python3.12/site-packages/sklearn/neural_network/_multilayer_perceptron.py:691: ConvergenceWarning: Stochastic Optimizer: Maximum iterations (50) reached and the optimization hasn't converged yet.
  warnings.warn(
/data/home/rtabares/anaconda3/envs/pyth3.12/lib/python3.12/site-packages/sklearn/neural_network/_multilayer_perceptron.py:691: ConvergenceWarning: Stochastic Optimizer: Maximum iterations (50) reached and the optimization hasn't converged yet.
  warnings.warn(
[I 2025-05-05 21:01:18,663] Trial 0 finished with value: 0.6 and parameters: {'hidden_layer_sizes': (200,), 'max_iter': 50, 'alpha': 0.0001}. Best is trial 0 with value: 0.6.
Parámetros guardados en checkpoint_shoppers_Dlatent_Roriginal_ft_A/ag/IPC_10/best_models_ag_seed_0/logreg_best_params.json


>>> Optuna tuning mlp metodo ag IPC 10 seed 0


/data/home/rtabares/anaconda3/envs/pyth3.12/lib/python3.12/site-packages/sklearn/neural_network/_multilayer_perceptron.py:691: ConvergenceWarning: Stochastic Optimizer: Maximum iterations (50) reached and the optimization hasn't converged yet.
  warnings.warn(
/data/home/rtabares/anaconda3/envs/pyth3.12/lib/python3.12/site-packages/sklearn/neural_network/_multilayer_perceptron.py:691: ConvergenceWarning: Stochastic Optimizer: Maximum iterations (50) reached and the optimization hasn't converged yet.
  warnings.warn(
/data/home/rtabares/anaconda3/envs/pyth3.12/lib/python3.12/site-packages/sklearn/neural_network/_multilayer_perceptron.py:691: ConvergenceWarning: Stochastic Optimizer: Maximum iterations (50) reached and the optimization hasn't converged yet.
  warnings.warn(
/data/home/rtabares/anaconda3/envs/pyth3.12/lib/python3.12/site-packages/sklearn/neural_network/_multilayer_perceptron.py:691: ConvergenceWarning: Stochastic Optimizer: Maximum iterations (50) reached and the optimization hasn't converged yet.
  warnings.warn(
/data/home/rtabares/anaconda3/envs/pyth3.12/lib/python3.12/site-packages/sklearn/neural_network/_multilayer_perceptron.py:691: ConvergenceWarning: Stochastic Optimizer: Maximum iterations (50) reached and the optimization hasn't converged yet.
  warnings.warn(
[I 2025-05-05 21:01:20,920] Trial 1 finished with value: 0.65 and parameters: {'hidden_layer_sizes': (200,), 'max_iter': 50, 'alpha': 0.001}. Best is trial 1 with value: 0.65.
/data/home/rtabares/anaconda3/envs/pyth3.12/lib/python3.12/site-packages/sklearn/neural_network/_multilayer_perceptron.py:691: ConvergenceWarning: Stochastic Optimizer: Maximum iterations (50) reached and the optimization hasn't converged yet.
  warnings.warn(
/data/home/rtabares/anaconda3/envs/pyth3.12/lib/python3.12/site-packages/sklearn/neural_network/_multilayer_perceptron.py:691: ConvergenceWarning: Stochastic Optimizer: Maximum iterations (50) reached and the optimization hasn't converged yet.
  warnings.warn(
/data/home/rtabares/anaconda3/envs/pyth3.12/lib/python3.12/site-packages/sklearn/neural_network/_multilayer_perceptron.py:691: ConvergenceWarning: Stochastic Optimizer: Maximum iterations (50) reached and the optimization hasn't converged yet.
  warnings.warn(
/data/home/rtabares/anaconda3/envs/pyth3.12/lib/python3.12/site-packages/sklearn/neural_network/_multilayer_perceptron.py:691: ConvergenceWarning: Stochastic Optimizer: Maximum iterations (50) reached and the optimization hasn't converged yet.
  warnings.warn(
/data/home/rtabares/anaconda3/envs/pyth3.12/lib/python3.12/site-packages/sklearn/neural_network/_multilayer_perceptron.py:691: ConvergenceWarning: Stochastic Optimizer: Maximum iterations (50) reached and the optimization hasn't converged yet.
  warnings.warn(
[I 2025-05-05 21:01:21,172] Trial 2 finished with value: 0.65 and parameters: {'hidden_layer_sizes': (200,), 'max_iter': 50, 'alpha': 0.001}. Best is trial 1 with value: 0.65.
/data/home/rtabares/anaconda3/envs/pyth3.12/lib/python3.12/site-packages/sklearn/neural_network/_multilayer_perceptron.py:691: ConvergenceWarning: Stochastic Optimizer: Maximum iterations (100) reached and the optimization hasn't converged yet.
  warnings.warn(
/data/home/rtabares/anaconda3/envs/pyth3.12/lib/python3.12/site-packages/sklearn/neural_network/_multilayer_perceptron.py:691: ConvergenceWarning: Stochastic Optimizer: Maximum iterations (100) reached and the optimization hasn't converged yet.
  warnings.warn(
/data/home/rtabares/anaconda3/envs/pyth3.12/lib/python3.12/site-packages/sklearn/neural_network/_multilayer_perceptron.py:691: ConvergenceWarning: Stochastic Optimizer: Maximum iterations (100) reached and the optimization hasn't converged yet.
  warnings.warn(
/data/home/rtabares/anaconda3/envs/pyth3.12/lib/python3.12/site-packages/sklearn/neural_network/_multilayer_perceptron.py:691: ConvergenceWarning: Stochastic Optimizer: Maximum iterations (100) reached and the optimization hasn't converged yet.
  warnings.warn(
/data/home/rtabares/anaconda3/envs/pyth3.12/lib/python3.12/site-packages/sklearn/neural_network/_multilayer_perceptron.py:691: ConvergenceWarning: Stochastic Optimizer: Maximum iterations (100) reached and the optimization hasn't converged yet.
  warnings.warn(
[I 2025-05-05 21:01:21,220] Trial 3 finished with value: 0.7 and parameters: {'hidden_layer_sizes': (100,), 'max_iter': 100, 'alpha': 0.001}. Best is trial 3 with value: 0.7.
/data/home/rtabares/anaconda3/envs/pyth3.12/lib/python3.12/site-packages/sklearn/neural_network/_multilayer_perceptron.py:691: ConvergenceWarning: Stochastic Optimizer: Maximum iterations (50) reached and the optimization hasn't converged yet.
  warnings.warn(
/data/home/rtabares/anaconda3/envs/pyth3.12/lib/python3.12/site-packages/sklearn/neural_network/_multilayer_perceptron.py:691: ConvergenceWarning: Stochastic Optimizer: Maximum iterations (50) reached and the optimization hasn't converged yet.
  warnings.warn(
/data/home/rtabares/anaconda3/envs/pyth3.12/lib/python3.12/site-packages/sklearn/neural_network/_multilayer_perceptron.py:691: ConvergenceWarning: Stochastic Optimizer: Maximum iterations (50) reached and the optimization hasn't converged yet.
  warnings.warn(
/data/home/rtabares/anaconda3/envs/pyth3.12/lib/python3.12/site-packages/sklearn/neural_network/_multilayer_perceptron.py:691: ConvergenceWarning: Stochastic Optimizer: Maximum iterations (50) reached and the optimization hasn't converged yet.
  warnings.warn(
/data/home/rtabares/anaconda3/envs/pyth3.12/lib/python3.12/site-packages/sklearn/neural_network/_multilayer_perceptron.py:691: ConvergenceWarning: Stochastic Optimizer: Maximum iterations (50) reached and the optimization hasn't converged yet.
  warnings.warn(
[I 2025-05-05 21:01:21,256] Trial 4 finished with value: 0.6 and parameters: {'hidden_layer_sizes': (100,), 'max_iter': 50, 'alpha': 0.0001}. Best is trial 3 with value: 0.7.
/data/home/rtabares/anaconda3/envs/pyth3.12/lib/python3.12/site-packages/sklearn/neural_network/_multilayer_perceptron.py:691: ConvergenceWarning: Stochastic Optimizer: Maximum iterations (50) reached and the optimization hasn't converged yet.
  warnings.warn(
/data/home/rtabares/anaconda3/envs/pyth3.12/lib/python3.12/site-packages/sklearn/neural_network/_multilayer_perceptron.py:691: ConvergenceWarning: Stochastic Optimizer: Maximum iterations (50) reached and the optimization hasn't converged yet.
  warnings.warn(
/data/home/rtabares/anaconda3/envs/pyth3.12/lib/python3.12/site-packages/sklearn/neural_network/_multilayer_perceptron.py:691: ConvergenceWarning: Stochastic Optimizer: Maximum iterations (50) reached and the optimization hasn't converged yet.
  warnings.warn(
/data/home/rtabares/anaconda3/envs/pyth3.12/lib/python3.12/site-packages/sklearn/neural_network/_multilayer_perceptron.py:691: ConvergenceWarning: Stochastic Optimizer: Maximum iterations (50) reached and the optimization hasn't converged yet.
  warnings.warn(
/data/home/rtabares/anaconda3/envs/pyth3.12/lib/python3.12/site-packages/sklearn/neural_network/_multilayer_perceptron.py:691: ConvergenceWarning: Stochastic Optimizer: Maximum iterations (50) reached and the optimization hasn't converged yet.
  warnings.warn(
[I 2025-05-05 21:01:21,301] Trial 5 finished with value: 0.65 and parameters: {'hidden_layer_sizes': (100,), 'max_iter': 50, 'alpha': 0.001}. Best is trial 3 with value: 0.7.
/data/home/rtabares/anaconda3/envs/pyth3.12/lib/python3.12/site-packages/sklearn/neural_network/_multilayer_perceptron.py:691: ConvergenceWarning: Stochastic Optimizer: Maximum iterations (50) reached and the optimization hasn't converged yet.
  warnings.warn(
/data/home/rtabares/anaconda3/envs/pyth3.12/lib/python3.12/site-packages/sklearn/neural_network/_multilayer_perceptron.py:691: ConvergenceWarning: Stochastic Optimizer: Maximum iterations (50) reached and the optimization hasn't converged yet.
  warnings.warn(
/data/home/rtabares/anaconda3/envs/pyth3.12/lib/python3.12/site-packages/sklearn/neural_network/_multilayer_perceptron.py:691: ConvergenceWarning: Stochastic Optimizer: Maximum iterations (50) reached and the optimization hasn't converged yet.
  warnings.warn(
/data/home/rtabares/anaconda3/envs/pyth3.12/lib/python3.12/site-packages/sklearn/neural_network/_multilayer_perceptron.py:691: ConvergenceWarning: Stochastic Optimizer: Maximum iterations (50) reached and the optimization hasn't converged yet.
  warnings.warn(
/data/home/rtabares/anaconda3/envs/pyth3.12/lib/python3.12/site-packages/sklearn/neural_network/_multilayer_perceptron.py:691: ConvergenceWarning: Stochastic Optimizer: Maximum iterations (50) reached and the optimization hasn't converged yet.
  warnings.warn(
[I 2025-05-05 21:01:21,345] Trial 6 finished with value: 0.6 and parameters: {'hidden_layer_sizes': (100,), 'max_iter': 50, 'alpha': 0.001}. Best is trial 3 with value: 0.7.
/data/home/rtabares/anaconda3/envs/pyth3.12/lib/python3.12/site-packages/sklearn/neural_network/_multilayer_perceptron.py:691: ConvergenceWarning: Stochastic Optimizer: Maximum iterations (50) reached and the optimization hasn't converged yet.
  warnings.warn(
/data/home/rtabares/anaconda3/envs/pyth3.12/lib/python3.12/site-packages/sklearn/neural_network/_multilayer_perceptron.py:691: ConvergenceWarning: Stochastic Optimizer: Maximum iterations (50) reached and the optimization hasn't converged yet.
  warnings.warn(
/data/home/rtabares/anaconda3/envs/pyth3.12/lib/python3.12/site-packages/sklearn/neural_network/_multilayer_perceptron.py:691: ConvergenceWarning: Stochastic Optimizer: Maximum iterations (50) reached and the optimization hasn't converged yet.
  warnings.warn(
/data/home/rtabares/anaconda3/envs/pyth3.12/lib/python3.12/site-packages/sklearn/neural_network/_multilayer_perceptron.py:691: ConvergenceWarning: Stochastic Optimizer: Maximum iterations (50) reached and the optimization hasn't converged yet.
  warnings.warn(
/data/home/rtabares/anaconda3/envs/pyth3.12/lib/python3.12/site-packages/sklearn/neural_network/_multilayer_perceptron.py:691: ConvergenceWarning: Stochastic Optimizer: Maximum iterations (50) reached and the optimization hasn't converged yet.
  warnings.warn(
