[I 2025-05-05 20:58:48,006] Trial 25 finished with value: 0.55 and parameters: {'n_estimators': 40, 'max_depth': 30, 'gamma': 0.7317614686596356, 'subsample': 0.7982535644517089, 'colsample_bytree': 0.7614889699738473}. Best is trial 14 with value: 0.7.
[I 2025-05-05 20:58:48,046] Trial 26 finished with value: 0.6 and parameters: {'n_estimators': 40, 'max_depth': 30, 'gamma': 0.8024011532132855, 'subsample': 0.6609231347820635, 'colsample_bytree': 0.6888352058488093}. Best is trial 14 with value: 0.7.
[I 2025-05-05 20:58:48,084] Trial 27 finished with value: 0.65 and parameters: {'n_estimators': 40, 'max_depth': 30, 'gamma': 0.8921775635505518, 'subsample': 0.7196342306443008, 'colsample_bytree': 0.5710235812362637}. Best is trial 14 with value: 0.7.
[I 2025-05-05 20:58:48,124] Trial 28 finished with value: 0.6 and parameters: {'n_estimators': 10, 'max_depth': 5, 'gamma': 0.5431402047982932, 'subsample': 0.5866189549637097, 'colsample_bytree': 0.6313917171182107}. Best is trial 14 with value: 0.7.
[I 2025-05-05 20:58:48,164] Trial 29 finished with value: 0.5 and parameters: {'n_estimators': 40, 'max_depth': 20, 'gamma': 0.31320825234258076, 'subsample': 0.7768282347769448, 'colsample_bytree': 0.933188612084608}. Best is trial 14 with value: 0.7.
[I 2025-05-05 20:58:50,571] A new study created in memory with name: rf
Parámetros guardados en checkpoint_shoppers_Dlatent_Roriginal_ft_A/k_center/IPC_10/best_models_k_center_seed_0/xgb_best_params.json


>>> Optuna tuning rf metodo k_center IPC 10 seed 0


[I 2025-05-05 20:58:52,754] Trial 0 finished with value: 0.65 and parameters: {'n_estimators': 320, 'max_depth': 15, 'min_samples_split': 7, 'min_samples_leaf': 6}. Best is trial 0 with value: 0.65.
[I 2025-05-05 20:58:53,228] Trial 1 finished with value: 0.5 and parameters: {'n_estimators': 269, 'max_depth': 14, 'min_samples_split': 5, 'min_samples_leaf': 9}. Best is trial 0 with value: 0.65.
[I 2025-05-05 20:58:53,817] Trial 2 finished with value: 0.55 and parameters: {'n_estimators': 486, 'max_depth': 9, 'min_samples_split': 9, 'min_samples_leaf': 6}. Best is trial 0 with value: 0.65.
[I 2025-05-05 20:58:54,225] Trial 3 finished with value: 0.55 and parameters: {'n_estimators': 327, 'max_depth': 19, 'min_samples_split': 2, 'min_samples_leaf': 1}. Best is trial 0 with value: 0.65.
[I 2025-05-05 20:58:54,393] Trial 4 finished with value: 0.5 and parameters: {'n_estimators': 108, 'max_depth': 17, 'min_samples_split': 9, 'min_samples_leaf': 9}. Best is trial 0 with value: 0.65.
[I 2025-05-05 20:58:54,961] Trial 5 finished with value: 0.5 and parameters: {'n_estimators': 492, 'max_depth': 17, 'min_samples_split': 6, 'min_samples_leaf': 8}. Best is trial 0 with value: 0.65.
[I 2025-05-05 20:58:55,217] Trial 6 finished with value: 0.5 and parameters: {'n_estimators': 147, 'max_depth': 14, 'min_samples_split': 3, 'min_samples_leaf': 10}. Best is trial 0 with value: 0.65.
[I 2025-05-05 20:58:55,627] Trial 7 finished with value: 0.5 and parameters: {'n_estimators': 309, 'max_depth': 10, 'min_samples_split': 4, 'min_samples_leaf': 8}. Best is trial 0 with value: 0.65.
[I 2025-05-05 20:58:55,968] Trial 8 finished with value: 0.5 and parameters: {'n_estimators': 282, 'max_depth': 13, 'min_samples_split': 2, 'min_samples_leaf': 7}. Best is trial 0 with value: 0.65.
[I 2025-05-05 20:58:56,366] Trial 9 finished with value: 0.5 and parameters: {'n_estimators': 345, 'max_depth': 14, 'min_samples_split': 10, 'min_samples_leaf': 7}. Best is trial 0 with value: 0.65.
[I 2025-05-05 20:58:56,857] Trial 10 finished with value: 0.55 and parameters: {'n_estimators': 407, 'max_depth': 5, 'min_samples_split': 7, 'min_samples_leaf': 3}. Best is trial 0 with value: 0.65.
[I 2025-05-05 20:58:58,091] Trial 11 finished with value: 0.55 and parameters: {'n_estimators': 480, 'max_depth': 9, 'min_samples_split': 8, 'min_samples_leaf': 5}. Best is trial 0 with value: 0.65.
[I 2025-05-05 20:58:59,003] Trial 12 finished with value: 0.55 and parameters: {'n_estimators': 206, 'max_depth': 6, 'min_samples_split': 8, 'min_samples_leaf': 5}. Best is trial 0 with value: 0.65.
[I 2025-05-05 20:59:00,104] Trial 13 finished with value: 0.5 and parameters: {'n_estimators': 420, 'max_depth': 8, 'min_samples_split': 10, 'min_samples_leaf': 4}. Best is trial 0 with value: 0.65.
[I 2025-05-05 20:59:00,568] Trial 14 finished with value: 0.55 and parameters: {'n_estimators': 400, 'max_depth': 3, 'min_samples_split': 7, 'min_samples_leaf': 6}. Best is trial 0 with value: 0.65.
[I 2025-05-05 20:59:00,865] Trial 15 finished with value: 0.55 and parameters: {'n_estimators': 218, 'max_depth': 11, 'min_samples_split': 8, 'min_samples_leaf': 3}. Best is trial 0 with value: 0.65.
[I 2025-05-05 20:59:01,301] Trial 16 finished with value: 0.5 and parameters: {'n_estimators': 364, 'max_depth': 17, 'min_samples_split': 6, 'min_samples_leaf': 6}. Best is trial 0 with value: 0.65.
[I 2025-05-05 20:59:01,831] Trial 17 finished with value: 0.5 and parameters: {'n_estimators': 451, 'max_depth': 7, 'min_samples_split': 9, 'min_samples_leaf': 4}. Best is trial 0 with value: 0.65.
[I 2025-05-05 20:59:02,116] Trial 18 finished with value: 0.55 and parameters: {'n_estimators': 234, 'max_depth': 12, 'min_samples_split': 7, 'min_samples_leaf': 1}. Best is trial 0 with value: 0.65.
[I 2025-05-05 20:59:02,522] Trial 19 finished with value: 0.5 and parameters: {'n_estimators': 376, 'max_depth': 20, 'min_samples_split': 5, 'min_samples_leaf': 7}. Best is trial 0 with value: 0.65.
[I 2025-05-05 20:59:03,049] Trial 20 finished with value: 0.5 and parameters: {'n_estimators': 448, 'max_depth': 16, 'min_samples_split': 9, 'min_samples_leaf': 4}. Best is trial 0 with value: 0.65.
[I 2025-05-05 20:59:03,466] Trial 21 finished with value: 0.45 and parameters: {'n_estimators': 333, 'max_depth': 20, 'min_samples_split': 2, 'min_samples_leaf': 1}. Best is trial 0 with value: 0.65.
[I 2025-05-05 20:59:03,837] Trial 22 finished with value: 0.6 and parameters: {'n_estimators': 308, 'max_depth': 18, 'min_samples_split': 4, 'min_samples_leaf': 3}. Best is trial 0 with value: 0.65.
[I 2025-05-05 20:59:04,144] Trial 23 finished with value: 0.55 and parameters: {'n_estimators': 247, 'max_depth': 16, 'min_samples_split': 4, 'min_samples_leaf': 3}. Best is trial 0 with value: 0.65.
[I 2025-05-05 20:59:04,409] Trial 24 finished with value: 0.5 and parameters: {'n_estimators': 174, 'max_depth': 18, 'min_samples_split': 5, 'min_samples_leaf': 2}. Best is trial 0 with value: 0.65.
[I 2025-05-05 20:59:04,739] Trial 25 finished with value: 0.55 and parameters: {'n_estimators': 302, 'max_depth': 15, 'min_samples_split': 4, 'min_samples_leaf': 5}. Best is trial 0 with value: 0.65.
[I 2025-05-05 20:59:05,174] Trial 26 finished with value: 0.5 and parameters: {'n_estimators': 375, 'max_depth': 12, 'min_samples_split': 3, 'min_samples_leaf': 6}. Best is trial 0 with value: 0.65.
[I 2025-05-05 20:59:05,543] Trial 27 finished with value: 0.55 and parameters: {'n_estimators': 277, 'max_depth': 10, 'min_samples_split': 7, 'min_samples_leaf': 2}. Best is trial 0 with value: 0.65.
[I 2025-05-05 20:59:06,062] Trial 28 finished with value: 0.6 and parameters: {'n_estimators': 451, 'max_depth': 18, 'min_samples_split': 6, 'min_samples_leaf': 6}. Best is trial 0 with value: 0.65.
[I 2025-05-05 20:59:06,521] Trial 29 finished with value: 0.5 and parameters: {'n_estimators': 255, 'max_depth': 19, 'min_samples_split': 6, 'min_samples_leaf': 8}. Best is trial 0 with value: 0.65.
[I 2025-05-05 20:59:11,248] A new study created in memory with name: svc
Parámetros guardados en checkpoint_shoppers_Dlatent_Roriginal_ft_A/k_center/IPC_10/best_models_k_center_seed_0/rf_best_params.json


>>> Optuna tuning svc metodo k_center IPC 10 seed 0


[I 2025-05-05 20:59:12,873] Trial 0 finished with value: 0.5 and parameters: {'C': 1.5676677195506077, 'gamma': 0.07257005721594278}. Best is trial 0 with value: 0.5.
[I 2025-05-05 20:59:13,022] Trial 1 finished with value: 0.6 and parameters: {'C': 2.57663857461359, 'gamma': 0.01511933646764101}. Best is trial 1 with value: 0.6.
[I 2025-05-05 20:59:13,038] Trial 2 finished with value: 0.6 and parameters: {'C': 0.49501595537331966, 'gamma': 0.03833332156156663}. Best is trial 1 with value: 0.6.
[I 2025-05-05 20:59:13,052] Trial 3 finished with value: 0.4 and parameters: {'C': 0.5627932047415171, 'gamma': 0.36905577292137587}. Best is trial 1 with value: 0.6.
[I 2025-05-05 20:59:13,066] Trial 4 finished with value: 0.3 and parameters: {'C': 71.55682161754872, 'gamma': 0.0034179529120610124}. Best is trial 1 with value: 0.6.
[I 2025-05-05 20:59:13,080] Trial 5 finished with value: 0.35 and parameters: {'C': 14.68588598920087, 'gamma': 0.013049073550362394}. Best is trial 1 with value: 0.6.
[I 2025-05-05 20:59:13,095] Trial 6 finished with value: 0.4 and parameters: {'C': 1.871450068624068, 'gamma': 0.503948959867121}. Best is trial 1 with value: 0.6.
[I 2025-05-05 20:59:13,110] Trial 7 finished with value: 0.6 and parameters: {'C': 0.0192373050965465, 'gamma': 0.00022310905607443037}. Best is trial 1 with value: 0.6.
[I 2025-05-05 20:59:13,135] Trial 8 finished with value: 0.4 and parameters: {'C': 0.012046852412030323, 'gamma': 0.2140323314098606}. Best is trial 1 with value: 0.6.
[I 2025-05-05 20:59:13,149] Trial 9 finished with value: 0.45 and parameters: {'C': 12.960656597279739, 'gamma': 0.3020289640158664}. Best is trial 1 with value: 0.6.
[I 2025-05-05 20:59:13,173] Trial 10 finished with value: 0.6 and parameters: {'C': 0.2253293004027043, 'gamma': 0.0014453557297830738}. Best is trial 1 with value: 0.6.
[I 2025-05-05 20:59:13,812] Trial 11 finished with value: 0.6 and parameters: {'C': 0.16619628771824985, 'gamma': 0.02216308099744127}. Best is trial 1 with value: 0.6.
[I 2025-05-05 20:59:14,475] Trial 12 finished with value: 0.45 and parameters: {'C': 4.527246897297733, 'gamma': 0.0452165386365727}. Best is trial 1 with value: 0.6.
[I 2025-05-05 20:59:14,499] Trial 13 finished with value: 0.6 and parameters: {'C': 0.11983724566403872, 'gamma': 0.005363043130714194}. Best is trial 1 with value: 0.6.
[I 2025-05-05 20:59:14,524] Trial 14 finished with value: 0.6 and parameters: {'C': 0.4842474326389417, 'gamma': 0.0010354693226224683}. Best is trial 1 with value: 0.6.
[I 2025-05-05 20:59:14,547] Trial 15 finished with value: 0.5 and parameters: {'C': 0.04281232758873715, 'gamma': 0.058291430779203235}. Best is trial 1 with value: 0.6.
[I 2025-05-05 20:59:14,572] Trial 16 finished with value: 0.5 and parameters: {'C': 4.014259380455538, 'gamma': 0.02049373105939635}. Best is trial 1 with value: 0.6.
[I 2025-05-05 20:59:14,596] Trial 17 finished with value: 0.6 and parameters: {'C': 11.54145801926214, 'gamma': 0.00010818392279960343}. Best is trial 1 with value: 0.6.
[I 2025-05-05 20:59:14,621] Trial 18 finished with value: 0.45 and parameters: {'C': 78.65935076179598, 'gamma': 0.11049479201733253}. Best is trial 1 with value: 0.6.
[I 2025-05-05 20:59:14,643] Trial 19 finished with value: 0.6 and parameters: {'C': 0.059471855432109366, 'gamma': 0.005968379849019235}. Best is trial 1 with value: 0.6.
[I 2025-05-05 20:59:14,666] Trial 20 finished with value: 0.6 and parameters: {'C': 0.5245429643747291, 'gamma': 0.0012014525791657785}. Best is trial 1 with value: 0.6.
[I 2025-05-05 20:59:15,309] Trial 21 finished with value: 0.6 and parameters: {'C': 0.012569306571958937, 'gamma': 0.00010115335629705517}. Best is trial 1 with value: 0.6.
[I 2025-05-05 20:59:15,332] Trial 22 finished with value: 0.6 and parameters: {'C': 0.03723008402494728, 'gamma': 0.0003042478727661224}. Best is trial 1 with value: 0.6.
[I 2025-05-05 20:59:15,969] Trial 23 finished with value: 0.6 and parameters: {'C': 4.7378016857021645, 'gamma': 0.0004409385587251398}. Best is trial 1 with value: 0.6.
[I 2025-05-05 20:59:15,992] Trial 24 finished with value: 0.4 and parameters: {'C': 1.1532085040070739, 'gamma': 0.9595997460143938}. Best is trial 1 with value: 0.6.
[I 2025-05-05 20:59:16,014] Trial 25 finished with value: 0.35 and parameters: {'C': 36.95224797203189, 'gamma': 0.02975001868725764}. Best is trial 1 with value: 0.6.
[I 2025-05-05 20:59:16,037] Trial 26 finished with value: 0.6 and parameters: {'C': 0.26071089470733083, 'gamma': 0.01015352331654078}. Best is trial 1 with value: 0.6.
[I 2025-05-05 20:59:16,059] Trial 27 finished with value: 0.6 and parameters: {'C': 0.024815520625308226, 'gamma': 0.002736705413679572}. Best is trial 1 with value: 0.6.
[I 2025-05-05 20:59:16,092] Trial 28 finished with value: 0.5 and parameters: {'C': 0.08041495723648584, 'gamma': 0.13603692946899104}. Best is trial 1 with value: 0.6.
[I 2025-05-05 20:59:16,115] Trial 29 finished with value: 0.45 and parameters: {'C': 1.9934971163831872, 'gamma': 0.07982210877758442}. Best is trial 1 with value: 0.6.
[I 2025-05-05 20:59:17,971] A new study created in memory with name: logreg
[I 2025-05-05 20:59:17,984] Trial 0 finished with value: 0.55 and parameters: {'C': 0.5547119471592125, 'penalty': 'l2'}. Best is trial 0 with value: 0.55.
[I 2025-05-05 20:59:19,150] Trial 1 finished with value: 0.35 and parameters: {'C': 3.7665768415992953, 'penalty': 'l2'}. Best is trial 0 with value: 0.55.
Parámetros guardados en checkpoint_shoppers_Dlatent_Roriginal_ft_A/k_center/IPC_10/best_models_k_center_seed_0/svc_best_params.json


>>> Optuna tuning logreg metodo k_center IPC 10 seed 0


[I 2025-05-05 20:59:20,798] Trial 2 finished with value: 0.4 and parameters: {'C': 1.032326035197657, 'penalty': 'l2'}. Best is trial 0 with value: 0.55.
[I 2025-05-05 20:59:20,950] Trial 3 finished with value: 0.55 and parameters: {'C': 0.530170934757683, 'penalty': 'l2'}. Best is trial 0 with value: 0.55.
[I 2025-05-05 20:59:20,976] Trial 4 finished with value: 0.6 and parameters: {'C': 0.13130280280658593, 'penalty': 'l2'}. Best is trial 4 with value: 0.6.
[I 2025-05-05 20:59:21,001] Trial 5 finished with value: 0.4 and parameters: {'C': 1.6961746387290997, 'penalty': 'l2'}. Best is trial 4 with value: 0.6.
[I 2025-05-05 20:59:21,026] Trial 6 finished with value: 0.6 and parameters: {'C': 0.15414734761917095, 'penalty': 'l2'}. Best is trial 4 with value: 0.6.
[I 2025-05-05 20:59:21,051] Trial 7 finished with value: 0.25 and parameters: {'C': 28.765041432546976, 'penalty': 'l2'}. Best is trial 4 with value: 0.6.
[I 2025-05-05 20:59:21,075] Trial 8 finished with value: 0.25 and parameters: {'C': 65.81332043291806, 'penalty': 'l2'}. Best is trial 4 with value: 0.6.
[I 2025-05-05 20:59:21,735] Trial 9 finished with value: 0.6 and parameters: {'C': 0.08264328927007726, 'penalty': 'l2'}. Best is trial 4 with value: 0.6.
[I 2025-05-05 20:59:21,766] Trial 10 finished with value: 0.65 and parameters: {'C': 0.002101331318459542, 'penalty': 'l2'}. Best is trial 10 with value: 0.65.
[I 2025-05-05 20:59:21,796] Trial 11 finished with value: 0.65 and parameters: {'C': 0.0014626763822949212, 'penalty': 'l2'}. Best is trial 10 with value: 0.65.
[I 2025-05-05 20:59:21,828] Trial 12 finished with value: 0.65 and parameters: {'C': 0.0012701183011778344, 'penalty': 'l2'}. Best is trial 10 with value: 0.65.
[I 2025-05-05 20:59:22,474] Trial 13 finished with value: 0.65 and parameters: {'C': 0.001259590034216646, 'penalty': 'l2'}. Best is trial 10 with value: 0.65.
[I 2025-05-05 20:59:23,137] Trial 14 finished with value: 0.65 and parameters: {'C': 0.011942642635731818, 'penalty': 'l2'}. Best is trial 10 with value: 0.65.
[I 2025-05-05 20:59:23,169] Trial 15 finished with value: 0.65 and parameters: {'C': 0.010349906218556925, 'penalty': 'l2'}. Best is trial 10 with value: 0.65.
[I 2025-05-05 20:59:23,187] Trial 16 finished with value: 0.65 and parameters: {'C': 0.0064025024965796646, 'penalty': 'l2'}. Best is trial 10 with value: 0.65.
[I 2025-05-05 20:59:23,214] Trial 17 finished with value: 0.6 and parameters: {'C': 0.035256234247884544, 'penalty': 'l2'}. Best is trial 10 with value: 0.65.
[I 2025-05-05 20:59:23,234] Trial 18 finished with value: 0.65 and parameters: {'C': 0.0031903338424049475, 'penalty': 'l2'}. Best is trial 10 with value: 0.65.
[I 2025-05-05 20:59:23,255] Trial 19 finished with value: 0.6 and parameters: {'C': 0.0293045726008037, 'penalty': 'l2'}. Best is trial 10 with value: 0.65.
[I 2025-05-05 20:59:23,284] Trial 20 finished with value: 0.65 and parameters: {'C': 0.0031161115136340914, 'penalty': 'l2'}. Best is trial 10 with value: 0.65.
[I 2025-05-05 20:59:23,318] Trial 21 finished with value: 0.65 and parameters: {'C': 0.0013476901198353852, 'penalty': 'l2'}. Best is trial 10 with value: 0.65.
[I 2025-05-05 20:59:23,976] Trial 22 finished with value: 0.65 and parameters: {'C': 0.001353785978442782, 'penalty': 'l2'}. Best is trial 10 with value: 0.65.
[I 2025-05-05 20:59:24,008] Trial 23 finished with value: 0.65 and parameters: {'C': 0.0040406878556106815, 'penalty': 'l2'}. Best is trial 10 with value: 0.65.
[I 2025-05-05 20:59:24,029] Trial 24 finished with value: 0.6 and parameters: {'C': 0.021006864651663796, 'penalty': 'l2'}. Best is trial 10 with value: 0.65.
[I 2025-05-05 20:59:24,046] Trial 25 finished with value: 0.65 and parameters: {'C': 0.0010045875609124627, 'penalty': 'l2'}. Best is trial 10 with value: 0.65.
[I 2025-05-05 20:59:24,063] Trial 26 finished with value: 0.65 and parameters: {'C': 0.003269250161084512, 'penalty': 'l2'}. Best is trial 10 with value: 0.65.
[I 2025-05-05 20:59:24,081] Trial 27 finished with value: 0.65 and parameters: {'C': 0.013368882560876379, 'penalty': 'l2'}. Best is trial 10 with value: 0.65.
[I 2025-05-05 20:59:24,098] Trial 28 finished with value: 0.6 and parameters: {'C': 0.050376234826712704, 'penalty': 'l2'}. Best is trial 10 with value: 0.65.
[I 2025-05-05 20:59:24,119] Trial 29 finished with value: 0.65 and parameters: {'C': 0.007081283695856139, 'penalty': 'l2'}. Best is trial 10 with value: 0.65.
[I 2025-05-05 20:59:27,070] A new study created in memory with name: mlp
Parámetros guardados en checkpoint_shoppers_Dlatent_Roriginal_ft_A/k_center/IPC_10/best_models_k_center_seed_0/logreg_best_params.json


>>> Optuna tuning mlp metodo k_center IPC 10 seed 0


/data/home/rtabares/anaconda3/envs/pyth3.12/lib/python3.12/site-packages/sklearn/neural_network/_multilayer_perceptron.py:691: ConvergenceWarning: Stochastic Optimizer: Maximum iterations (50) reached and the optimization hasn't converged yet.
  warnings.warn(
/data/home/rtabares/anaconda3/envs/pyth3.12/lib/python3.12/site-packages/sklearn/neural_network/_multilayer_perceptron.py:691: ConvergenceWarning: Stochastic Optimizer: Maximum iterations (50) reached and the optimization hasn't converged yet.
  warnings.warn(
/data/home/rtabares/anaconda3/envs/pyth3.12/lib/python3.12/site-packages/sklearn/neural_network/_multilayer_perceptron.py:691: ConvergenceWarning: Stochastic Optimizer: Maximum iterations (50) reached and the optimization hasn't converged yet.
  warnings.warn(
/data/home/rtabares/anaconda3/envs/pyth3.12/lib/python3.12/site-packages/sklearn/neural_network/_multilayer_perceptron.py:691: ConvergenceWarning: Stochastic Optimizer: Maximum iterations (50) reached and the optimization hasn't converged yet.
  warnings.warn(
/data/home/rtabares/anaconda3/envs/pyth3.12/lib/python3.12/site-packages/sklearn/neural_network/_multilayer_perceptron.py:691: ConvergenceWarning: Stochastic Optimizer: Maximum iterations (50) reached and the optimization hasn't converged yet.
  warnings.warn(
[I 2025-05-05 20:59:28,706] Trial 0 finished with value: 0.5 and parameters: {'hidden_layer_sizes': (200,), 'max_iter': 50, 'alpha': 0.0001}. Best is trial 0 with value: 0.5.
/data/home/rtabares/anaconda3/envs/pyth3.12/lib/python3.12/site-packages/sklearn/neural_network/_multilayer_perceptron.py:691: ConvergenceWarning: Stochastic Optimizer: Maximum iterations (50) reached and the optimization hasn't converged yet.
  warnings.warn(
/data/home/rtabares/anaconda3/envs/pyth3.12/lib/python3.12/site-packages/sklearn/neural_network/_multilayer_perceptron.py:691: ConvergenceWarning: Stochastic Optimizer: Maximum iterations (50) reached and the optimization hasn't converged yet.
  warnings.warn(
/data/home/rtabares/anaconda3/envs/pyth3.12/lib/python3.12/site-packages/sklearn/neural_network/_multilayer_perceptron.py:691: ConvergenceWarning: Stochastic Optimizer: Maximum iterations (50) reached and the optimization hasn't converged yet.
  warnings.warn(
/data/home/rtabares/anaconda3/envs/pyth3.12/lib/python3.12/site-packages/sklearn/neural_network/_multilayer_perceptron.py:691: ConvergenceWarning: Stochastic Optimizer: Maximum iterations (50) reached and the optimization hasn't converged yet.
  warnings.warn(
/data/home/rtabares/anaconda3/envs/pyth3.12/lib/python3.12/site-packages/sklearn/neural_network/_multilayer_perceptron.py:691: ConvergenceWarning: Stochastic Optimizer: Maximum iterations (50) reached and the optimization hasn't converged yet.
  warnings.warn(
