[I 2025-05-05 21:01:35,726] Trial 27 finished with value: 0.95 and parameters: {'n_estimators': 100, 'max_depth': 5, 'gamma': 0.6805708916877345, 'subsample': 0.5890414322342162, 'colsample_bytree': 0.8714675054287138}. Best is trial 0 with value: 0.95.
[I 2025-05-05 21:01:35,765] Trial 28 finished with value: 0.9 and parameters: {'n_estimators': 10, 'max_depth': 30, 'gamma': 0.7714027791588332, 'subsample': 0.6707316538907298, 'colsample_bytree': 0.5748465995028325}. Best is trial 0 with value: 0.95.
[I 2025-05-05 21:01:35,808] Trial 29 finished with value: 0.95 and parameters: {'n_estimators': 40, 'max_depth': 20, 'gamma': 0.5914836650060189, 'subsample': 0.8456769074230993, 'colsample_bytree': 0.6438306844884478}. Best is trial 0 with value: 0.95.
[I 2025-05-05 21:01:37,702] A new study created in memory with name: rf
Parámetros guardados en checkpoint_shoppers_Dlatent_Roriginal_ft_A/random/IPC_10/best_models_random_seed_1/xgb_best_params.json


>>> Optuna tuning rf metodo random IPC 10 seed 1


[I 2025-05-05 21:01:40,410] Trial 0 finished with value: 0.85 and parameters: {'n_estimators': 267, 'max_depth': 15, 'min_samples_split': 2, 'min_samples_leaf': 4}. Best is trial 0 with value: 0.85.
[I 2025-05-05 21:01:40,871] Trial 1 finished with value: 0.9 and parameters: {'n_estimators': 158, 'max_depth': 4, 'min_samples_split': 3, 'min_samples_leaf': 4}. Best is trial 1 with value: 0.9.
[I 2025-05-05 21:01:41,201] Trial 2 finished with value: 0.5 and parameters: {'n_estimators': 259, 'max_depth': 12, 'min_samples_split': 5, 'min_samples_leaf': 7}. Best is trial 1 with value: 0.9.
[I 2025-05-05 21:01:41,448] Trial 3 finished with value: 0.5 and parameters: {'n_estimators': 181, 'max_depth': 18, 'min_samples_split': 2, 'min_samples_leaf': 7}. Best is trial 1 with value: 0.9.
[I 2025-05-05 21:01:41,818] Trial 4 finished with value: 0.85 and parameters: {'n_estimators': 267, 'max_depth': 13, 'min_samples_split': 3, 'min_samples_leaf': 2}. Best is trial 1 with value: 0.9.
[I 2025-05-05 21:01:42,316] Trial 5 finished with value: 0.5 and parameters: {'n_estimators': 421, 'max_depth': 20, 'min_samples_split': 4, 'min_samples_leaf': 7}. Best is trial 1 with value: 0.9.
[I 2025-05-05 21:01:42,816] Trial 6 finished with value: 0.85 and parameters: {'n_estimators': 451, 'max_depth': 19, 'min_samples_split': 2, 'min_samples_leaf': 1}. Best is trial 1 with value: 0.9.
[I 2025-05-05 21:01:43,116] Trial 7 finished with value: 0.9 and parameters: {'n_estimators': 168, 'max_depth': 18, 'min_samples_split': 2, 'min_samples_leaf': 5}. Best is trial 1 with value: 0.9.
[I 2025-05-05 21:01:43,698] Trial 8 finished with value: 0.9 and parameters: {'n_estimators': 484, 'max_depth': 12, 'min_samples_split': 8, 'min_samples_leaf': 4}. Best is trial 1 with value: 0.9.
[I 2025-05-05 21:01:44,085] Trial 9 finished with value: 0.5 and parameters: {'n_estimators': 375, 'max_depth': 18, 'min_samples_split': 2, 'min_samples_leaf': 8}. Best is trial 1 with value: 0.9.
[I 2025-05-05 21:01:44,303] Trial 10 finished with value: 0.5 and parameters: {'n_estimators': 104, 'max_depth': 4, 'min_samples_split': 7, 'min_samples_leaf': 10}. Best is trial 1 with value: 0.9.
[I 2025-05-05 21:01:45,225] Trial 11 finished with value: 0.9 and parameters: {'n_estimators': 163, 'max_depth': 7, 'min_samples_split': 5, 'min_samples_leaf': 4}. Best is trial 1 with value: 0.9.
[I 2025-05-05 21:01:45,451] Trial 12 finished with value: 0.75 and parameters: {'n_estimators': 184, 'max_depth': 8, 'min_samples_split': 10, 'min_samples_leaf': 5}. Best is trial 1 with value: 0.9.
[I 2025-05-05 21:01:46,282] Trial 13 finished with value: 0.9 and parameters: {'n_estimators': 125, 'max_depth': 3, 'min_samples_split': 4, 'min_samples_leaf': 2}. Best is trial 1 with value: 0.9.
[I 2025-05-05 21:01:47,336] Trial 14 finished with value: 0.9 and parameters: {'n_estimators': 342, 'max_depth': 9, 'min_samples_split': 4, 'min_samples_leaf': 5}. Best is trial 1 with value: 0.9.
[I 2025-05-05 21:01:47,641] Trial 15 finished with value: 0.85 and parameters: {'n_estimators': 232, 'max_depth': 15, 'min_samples_split': 3, 'min_samples_leaf': 3}. Best is trial 1 with value: 0.9.
[I 2025-05-05 21:01:47,865] Trial 16 finished with value: 0.75 and parameters: {'n_estimators': 148, 'max_depth': 6, 'min_samples_split': 6, 'min_samples_leaf': 6}. Best is trial 1 with value: 0.9.
[I 2025-05-05 21:01:48,149] Trial 17 finished with value: 0.5 and parameters: {'n_estimators': 215, 'max_depth': 15, 'min_samples_split': 3, 'min_samples_leaf': 9}. Best is trial 1 with value: 0.9.
[I 2025-05-05 21:01:48,554] Trial 18 finished with value: 0.6 and parameters: {'n_estimators': 326, 'max_depth': 10, 'min_samples_split': 10, 'min_samples_leaf': 6}. Best is trial 1 with value: 0.9.
[I 2025-05-05 21:01:48,860] Trial 19 finished with value: 0.95 and parameters: {'n_estimators': 220, 'max_depth': 17, 'min_samples_split': 8, 'min_samples_leaf': 3}. Best is trial 19 with value: 0.95.
[I 2025-05-05 21:01:49,139] Trial 20 finished with value: 0.75 and parameters: {'n_estimators': 217, 'max_depth': 5, 'min_samples_split': 8, 'min_samples_leaf': 1}. Best is trial 19 with value: 0.95.
[I 2025-05-05 21:01:49,317] Trial 21 finished with value: 0.85 and parameters: {'n_estimators': 136, 'max_depth': 17, 'min_samples_split': 9, 'min_samples_leaf': 3}. Best is trial 19 with value: 0.95.
[I 2025-05-05 21:01:49,583] Trial 22 finished with value: 0.8 and parameters: {'n_estimators': 200, 'max_depth': 16, 'min_samples_split': 7, 'min_samples_leaf': 3}. Best is trial 19 with value: 0.95.
[I 2025-05-05 21:01:49,898] Trial 23 finished with value: 0.85 and parameters: {'n_estimators': 236, 'max_depth': 20, 'min_samples_split': 7, 'min_samples_leaf': 5}. Best is trial 19 with value: 0.95.
[I 2025-05-05 21:01:50,234] Trial 24 finished with value: 0.85 and parameters: {'n_estimators': 294, 'max_depth': 14, 'min_samples_split': 5, 'min_samples_leaf': 4}. Best is trial 19 with value: 0.95.
[I 2025-05-05 21:01:50,368] Trial 25 finished with value: 0.8 and parameters: {'n_estimators': 100, 'max_depth': 10, 'min_samples_split': 6, 'min_samples_leaf': 2}. Best is trial 19 with value: 0.95.
[I 2025-05-05 21:01:50,581] Trial 26 finished with value: 0.9 and parameters: {'n_estimators': 174, 'max_depth': 17, 'min_samples_split': 9, 'min_samples_leaf': 3}. Best is trial 19 with value: 0.95.
[I 2025-05-05 21:01:50,769] Trial 27 finished with value: 0.75 and parameters: {'n_estimators': 148, 'max_depth': 18, 'min_samples_split': 3, 'min_samples_leaf': 6}. Best is trial 19 with value: 0.95.
[I 2025-05-05 21:01:51,023] Trial 28 finished with value: 0.85 and parameters: {'n_estimators': 195, 'max_depth': 13, 'min_samples_split': 6, 'min_samples_leaf': 5}. Best is trial 19 with value: 0.95.
[I 2025-05-05 21:01:51,329] Trial 29 finished with value: 0.9 and parameters: {'n_estimators': 267, 'max_depth': 16, 'min_samples_split': 2, 'min_samples_leaf': 4}. Best is trial 19 with value: 0.95.
[I 2025-05-05 21:01:53,620] A new study created in memory with name: svc
[I 2025-05-05 21:01:53,634] Trial 0 finished with value: 0.65 and parameters: {'C': 0.4656804637919569, 'gamma': 0.07608481233714794}. Best is trial 0 with value: 0.65.
[I 2025-05-05 21:01:54,228] Trial 1 finished with value: 0.65 and parameters: {'C': 0.010010539860510492, 'gamma': 0.0016193110912440748}. Best is trial 0 with value: 0.65.
Parámetros guardados en checkpoint_shoppers_Dlatent_Roriginal_ft_A/random/IPC_10/best_models_random_seed_1/rf_best_params.json


>>> Optuna tuning svc metodo random IPC 10 seed 1


[I 2025-05-05 21:01:56,448] Trial 2 finished with value: 0.65 and parameters: {'C': 0.03863879405158731, 'gamma': 0.00023407464805767542}. Best is trial 0 with value: 0.65.
[I 2025-05-05 21:01:56,649] Trial 3 finished with value: 0.65 and parameters: {'C': 0.0555956542671257, 'gamma': 0.002411253706147574}. Best is trial 0 with value: 0.65.
[I 2025-05-05 21:01:56,668] Trial 4 finished with value: 0.6 and parameters: {'C': 0.3864291653552654, 'gamma': 0.014297724879798395}. Best is trial 0 with value: 0.65.
[I 2025-05-05 21:01:56,684] Trial 5 finished with value: 0.6 and parameters: {'C': 0.47509237210306143, 'gamma': 0.05506529897945987}. Best is trial 0 with value: 0.65.
[I 2025-05-05 21:01:56,698] Trial 6 finished with value: 0.55 and parameters: {'C': 0.06573686655138336, 'gamma': 0.3254391115088485}. Best is trial 0 with value: 0.65.
[I 2025-05-05 21:01:56,711] Trial 7 finished with value: 0.65 and parameters: {'C': 0.01286916510781503, 'gamma': 0.04806954824961596}. Best is trial 0 with value: 0.65.
[I 2025-05-05 21:01:56,725] Trial 8 finished with value: 0.6 and parameters: {'C': 0.4668949853708895, 'gamma': 0.017169565852473867}. Best is trial 0 with value: 0.65.
[I 2025-05-05 21:01:56,738] Trial 9 finished with value: 0.65 and parameters: {'C': 0.03643743139281253, 'gamma': 0.0006200203677164723}. Best is trial 0 with value: 0.65.
[I 2025-05-05 21:01:56,761] Trial 10 finished with value: 0.7 and parameters: {'C': 35.745293136206676, 'gamma': 0.7480863519855016}. Best is trial 10 with value: 0.7.
[I 2025-05-05 21:01:56,787] Trial 11 finished with value: 0.65 and parameters: {'C': 73.92326287467452, 'gamma': 0.8925339139272248}. Best is trial 10 with value: 0.7.
[I 2025-05-05 21:01:56,810] Trial 12 finished with value: 0.65 and parameters: {'C': 14.5419848452423, 'gamma': 0.24551379593571793}. Best is trial 10 with value: 0.7.
[I 2025-05-05 21:01:57,466] Trial 13 finished with value: 0.65 and parameters: {'C': 3.638957660124995, 'gamma': 0.1380706978772396}. Best is trial 10 with value: 0.7.
[I 2025-05-05 21:01:58,108] Trial 14 finished with value: 0.65 and parameters: {'C': 3.068096919713349, 'gamma': 0.9453601236785355}. Best is trial 10 with value: 0.7.
[I 2025-05-05 21:01:58,133] Trial 15 finished with value: 0.75 and parameters: {'C': 96.80278171389716, 'gamma': 0.05261614424239285}. Best is trial 15 with value: 0.75.
[I 2025-05-05 21:01:58,156] Trial 16 finished with value: 0.8 and parameters: {'C': 79.9645032572207, 'gamma': 0.0037749060251448096}. Best is trial 16 with value: 0.8.
[I 2025-05-05 21:01:58,179] Trial 17 finished with value: 0.75 and parameters: {'C': 12.76679633738965, 'gamma': 0.0044951294979204874}. Best is trial 16 with value: 0.8.
[I 2025-05-05 21:01:58,200] Trial 18 finished with value: 0.8 and parameters: {'C': 83.55869021594293, 'gamma': 0.0075206878040523515}. Best is trial 16 with value: 0.8.
[I 2025-05-05 21:01:58,221] Trial 19 finished with value: 0.65 and parameters: {'C': 24.247427511327437, 'gamma': 0.00013256122812894958}. Best is trial 16 with value: 0.8.
[I 2025-05-05 21:01:58,242] Trial 20 finished with value: 0.7 and parameters: {'C': 4.476511550017926, 'gamma': 0.0072568212106557594}. Best is trial 16 with value: 0.8.
[I 2025-05-05 21:01:58,923] Trial 21 finished with value: 0.75 and parameters: {'C': 81.85220663511382, 'gamma': 0.026206815865172595}. Best is trial 16 with value: 0.8.
[I 2025-05-05 21:01:58,947] Trial 22 finished with value: 0.75 and parameters: {'C': 47.486672683922585, 'gamma': 0.0011970845609566886}. Best is trial 16 with value: 0.8.
[I 2025-05-05 21:01:59,628] Trial 23 finished with value: 0.8 and parameters: {'C': 95.7454164291466, 'gamma': 0.00512783661896678}. Best is trial 16 with value: 0.8.
[I 2025-05-05 21:01:59,652] Trial 24 finished with value: 0.75 and parameters: {'C': 11.9505930003382, 'gamma': 0.0047728104921102394}. Best is trial 16 with value: 0.8.
[I 2025-05-05 21:01:59,676] Trial 25 finished with value: 0.7 and parameters: {'C': 34.03830946271679, 'gamma': 0.0006026823416929909}. Best is trial 16 with value: 0.8.
[I 2025-05-05 21:02:00,326] Trial 26 finished with value: 0.7 and parameters: {'C': 8.185956544922382, 'gamma': 0.0031274849278097767}. Best is trial 16 with value: 0.8.
[I 2025-05-05 21:02:00,349] Trial 27 finished with value: 0.8 and parameters: {'C': 20.316255573563062, 'gamma': 0.009182766556686754}. Best is trial 16 with value: 0.8.
[I 2025-05-05 21:02:00,372] Trial 28 finished with value: 0.65 and parameters: {'C': 1.2766225016838322, 'gamma': 0.0009405954924917268}. Best is trial 16 with value: 0.8.
[I 2025-05-05 21:02:00,394] Trial 29 finished with value: 0.75 and parameters: {'C': 49.00613525151258, 'gamma': 0.025549914038999713}. Best is trial 16 with value: 0.8.
[I 2025-05-05 21:02:02,237] A new study created in memory with name: logreg
[I 2025-05-05 21:02:02,261] Trial 0 finished with value: 0.75 and parameters: {'C': 0.12164941464151847, 'penalty': 'l2'}. Best is trial 0 with value: 0.75.
[I 2025-05-05 21:02:02,821] Trial 1 finished with value: 0.8 and parameters: {'C': 3.9959722831350617, 'penalty': 'l2'}. Best is trial 1 with value: 0.8.
Parámetros guardados en checkpoint_shoppers_Dlatent_Roriginal_ft_A/random/IPC_10/best_models_random_seed_1/svc_best_params.json


>>> Optuna tuning logreg metodo random IPC 10 seed 1


[I 2025-05-05 21:02:05,019] Trial 2 finished with value: 0.6 and parameters: {'C': 0.0010013176560941261, 'penalty': 'l2'}. Best is trial 1 with value: 0.8.
[I 2025-05-05 21:02:05,229] Trial 3 finished with value: 0.7 and parameters: {'C': 0.0324835034508668, 'penalty': 'l2'}. Best is trial 1 with value: 0.8.
[I 2025-05-05 21:02:05,247] Trial 4 finished with value: 0.6 and parameters: {'C': 0.005417257182767969, 'penalty': 'l2'}. Best is trial 1 with value: 0.8.
[I 2025-05-05 21:02:05,262] Trial 5 finished with value: 0.6 and parameters: {'C': 0.0028952960233492846, 'penalty': 'l2'}. Best is trial 1 with value: 0.8.
[I 2025-05-05 21:02:05,277] Trial 6 finished with value: 0.6 and parameters: {'C': 0.008536916958038761, 'penalty': 'l2'}. Best is trial 1 with value: 0.8.
[I 2025-05-05 21:02:05,291] Trial 7 finished with value: 0.7 and parameters: {'C': 0.053432271255941216, 'penalty': 'l2'}. Best is trial 1 with value: 0.8.
[I 2025-05-05 21:02:05,305] Trial 8 finished with value: 0.8 and parameters: {'C': 0.09634681692624379, 'penalty': 'l2'}. Best is trial 1 with value: 0.8.
[I 2025-05-05 21:02:05,318] Trial 9 finished with value: 0.75 and parameters: {'C': 0.4944059287398678, 'penalty': 'l2'}. Best is trial 1 with value: 0.8.
[I 2025-05-05 21:02:05,346] Trial 10 finished with value: 0.8 and parameters: {'C': 14.885751870331024, 'penalty': 'l2'}. Best is trial 1 with value: 0.8.
[I 2025-05-05 21:02:05,378] Trial 11 finished with value: 0.8 and parameters: {'C': 2.9561547963955586, 'penalty': 'l2'}. Best is trial 1 with value: 0.8.
[I 2025-05-05 21:02:05,410] Trial 12 finished with value: 0.8 and parameters: {'C': 68.54509927653275, 'penalty': 'l2'}. Best is trial 1 with value: 0.8.
[I 2025-05-05 21:02:06,112] Trial 13 finished with value: 0.7 and parameters: {'C': 1.1384537724302424, 'penalty': 'l2'}. Best is trial 1 with value: 0.8.
[I 2025-05-05 21:02:06,746] Trial 14 finished with value: 0.8 and parameters: {'C': 4.490385589021445, 'penalty': 'l2'}. Best is trial 1 with value: 0.8.
[I 2025-05-05 21:02:06,779] Trial 15 finished with value: 0.75 and parameters: {'C': 0.3823626177544597, 'penalty': 'l2'}. Best is trial 1 with value: 0.8.
[I 2025-05-05 21:02:06,809] Trial 16 finished with value: 0.8 and parameters: {'C': 25.424530400130894, 'penalty': 'l2'}. Best is trial 1 with value: 0.8.
[I 2025-05-05 21:02:06,839] Trial 17 finished with value: 0.8 and parameters: {'C': 2.951180544505715, 'penalty': 'l2'}. Best is trial 1 with value: 0.8.
[I 2025-05-05 21:02:06,870] Trial 18 finished with value: 0.75 and parameters: {'C': 0.20006950401476545, 'penalty': 'l2'}. Best is trial 1 with value: 0.8.
[I 2025-05-05 21:02:06,901] Trial 19 finished with value: 0.7 and parameters: {'C': 0.01939529327574571, 'penalty': 'l2'}. Best is trial 1 with value: 0.8.
[I 2025-05-05 21:02:07,546] Trial 20 finished with value: 0.7 and parameters: {'C': 0.9155201635627225, 'penalty': 'l2'}. Best is trial 1 with value: 0.8.
[I 2025-05-05 21:02:07,578] Trial 21 finished with value: 0.8 and parameters: {'C': 12.97862719820217, 'penalty': 'l2'}. Best is trial 1 with value: 0.8.
[I 2025-05-05 21:02:07,610] Trial 22 finished with value: 0.8 and parameters: {'C': 9.531036251587793, 'penalty': 'l2'}. Best is trial 1 with value: 0.8.
[I 2025-05-05 21:02:08,256] Trial 23 finished with value: 0.8 and parameters: {'C': 31.354414668784784, 'penalty': 'l2'}. Best is trial 1 with value: 0.8.
[I 2025-05-05 21:02:08,287] Trial 24 finished with value: 0.7 and parameters: {'C': 1.1158061548390903, 'penalty': 'l2'}. Best is trial 1 with value: 0.8.
[I 2025-05-05 21:02:08,924] Trial 25 finished with value: 0.8 and parameters: {'C': 80.40984665771312, 'penalty': 'l2'}. Best is trial 1 with value: 0.8.
[I 2025-05-05 21:02:08,955] Trial 26 finished with value: 0.7 and parameters: {'C': 0.07585296538252975, 'penalty': 'l2'}. Best is trial 1 with value: 0.8.
[I 2025-05-05 21:02:08,985] Trial 27 finished with value: 0.8 and parameters: {'C': 7.128515327232239, 'penalty': 'l2'}. Best is trial 1 with value: 0.8.
[I 2025-05-05 21:02:09,017] Trial 28 finished with value: 0.8 and parameters: {'C': 1.8479485867220111, 'penalty': 'l2'}. Best is trial 1 with value: 0.8.
[I 2025-05-05 21:02:09,049] Trial 29 finished with value: 0.8 and parameters: {'C': 17.178936351723266, 'penalty': 'l2'}. Best is trial 1 with value: 0.8.
/data/home/rtabares/anaconda3/envs/pyth3.12/lib/python3.12/site-packages/xgboost/core.py:377: FutureWarning: Your system has an old version of glibc (< 2.28). We will stop supporting Linux distros with glibc older than 2.28 after **May 31, 2025**. Please upgrade to a recent Linux distro (with glibc >= 2.28) to use future versions of XGBoost.
Note: You have installed the 'manylinux2014' variant of XGBoost. Certain features such as GPU algorithms or federated learning are not available. To use these features, please upgrade to a recent Linux distro with glibc 2.28+, and install the 'manylinux_2_28' variant.
  warnings.warn(
[I 2025-05-05 21:02:10,962] A new study created in memory with name: mlp
Parámetros guardados en checkpoint_shoppers_Dlatent_Roriginal_ft_A/random/IPC_10/best_models_random_seed_1/logreg_best_params.json


>>> Optuna tuning mlp metodo random IPC 10 seed 1


/data/home/rtabares/anaconda3/envs/pyth3.12/lib/python3.12/site-packages/sklearn/neural_network/_multilayer_perceptron.py:691: ConvergenceWarning: Stochastic Optimizer: Maximum iterations (50) reached and the optimization hasn't converged yet.
  warnings.warn(
/data/home/rtabares/anaconda3/envs/pyth3.12/lib/python3.12/site-packages/sklearn/neural_network/_multilayer_perceptron.py:691: ConvergenceWarning: Stochastic Optimizer: Maximum iterations (50) reached and the optimization hasn't converged yet.
  warnings.warn(
/data/home/rtabares/anaconda3/envs/pyth3.12/lib/python3.12/site-packages/sklearn/neural_network/_multilayer_perceptron.py:691: ConvergenceWarning: Stochastic Optimizer: Maximum iterations (50) reached and the optimization hasn't converged yet.
  warnings.warn(
/data/home/rtabares/anaconda3/envs/pyth3.12/lib/python3.12/site-packages/sklearn/neural_network/_multilayer_perceptron.py:691: ConvergenceWarning: Stochastic Optimizer: Maximum iterations (50) reached and the optimization hasn't converged yet.
  warnings.warn(
/data/home/rtabares/anaconda3/envs/pyth3.12/lib/python3.12/site-packages/sklearn/neural_network/_multilayer_perceptron.py:691: ConvergenceWarning: Stochastic Optimizer: Maximum iterations (50) reached and the optimization hasn't converged yet.
  warnings.warn(
[I 2025-05-05 21:02:13,758] Trial 0 finished with value: 0.55 and parameters: {'hidden_layer_sizes': (200,), 'max_iter': 50, 'alpha': 0.001}. Best is trial 0 with value: 0.55.
[I 2025-05-05 21:02:14,077] Trial 1 finished with value: 0.7 and parameters: {'hidden_layer_sizes': (100, 100), 'max_iter': 100, 'alpha': 0.001}. Best is trial 1 with value: 0.7.
/data/home/rtabares/anaconda3/envs/pyth3.12/lib/python3.12/site-packages/sklearn/neural_network/_multilayer_perceptron.py:691: ConvergenceWarning: Stochastic Optimizer: Maximum iterations (50) reached and the optimization hasn't converged yet.
  warnings.warn(
/data/home/rtabares/anaconda3/envs/pyth3.12/lib/python3.12/site-packages/sklearn/neural_network/_multilayer_perceptron.py:691: ConvergenceWarning: Stochastic Optimizer: Maximum iterations (50) reached and the optimization hasn't converged yet.
  warnings.warn(
/data/home/rtabares/anaconda3/envs/pyth3.12/lib/python3.12/site-packages/sklearn/neural_network/_multilayer_perceptron.py:691: ConvergenceWarning: Stochastic Optimizer: Maximum iterations (50) reached and the optimization hasn't converged yet.
  warnings.warn(
/data/home/rtabares/anaconda3/envs/pyth3.12/lib/python3.12/site-packages/sklearn/neural_network/_multilayer_perceptron.py:691: ConvergenceWarning: Stochastic Optimizer: Maximum iterations (50) reached and the optimization hasn't converged yet.
  warnings.warn(
/data/home/rtabares/anaconda3/envs/pyth3.12/lib/python3.12/site-packages/sklearn/neural_network/_multilayer_perceptron.py:691: ConvergenceWarning: Stochastic Optimizer: Maximum iterations (50) reached and the optimization hasn't converged yet.
  warnings.warn(
