[I 2025-05-05 21:27:53,353] Trial 5 finished with value: 0.55 and parameters: {'n_estimators': 40, 'max_depth': 5, 'gamma': 0.7109519796459018, 'subsample': 0.6058140580000295, 'colsample_bytree': 0.6327733296861131}. Best is trial 4 with value: 0.7.
/data/home/rtabares/anaconda3/envs/pyth3.12/lib/python3.12/site-packages/xgboost/core.py:377: FutureWarning: Your system has an old version of glibc (< 2.28). We will stop supporting Linux distros with glibc older than 2.28 after **May 31, 2025**. Please upgrade to a recent Linux distro (with glibc >= 2.28) to use future versions of XGBoost.
Note: You have installed the 'manylinux2014' variant of XGBoost. Certain features such as GPU algorithms or federated learning are not available. To use these features, please upgrade to a recent Linux distro with glibc 2.28+, and install the 'manylinux_2_28' variant.
  warnings.warn(
[I 2025-05-05 21:27:53,403] Trial 6 finished with value: 0.6 and parameters: {'n_estimators': 100, 'max_depth': 30, 'gamma': 0.19210098594504327, 'subsample': 0.7070279939097841, 'colsample_bytree': 0.8472000788638725}. Best is trial 4 with value: 0.7.
/data/home/rtabares/anaconda3/envs/pyth3.12/lib/python3.12/site-packages/xgboost/core.py:377: FutureWarning: Your system has an old version of glibc (< 2.28). We will stop supporting Linux distros with glibc older than 2.28 after **May 31, 2025**. Please upgrade to a recent Linux distro (with glibc >= 2.28) to use future versions of XGBoost.
Note: You have installed the 'manylinux2014' variant of XGBoost. Certain features such as GPU algorithms or federated learning are not available. To use these features, please upgrade to a recent Linux distro with glibc 2.28+, and install the 'manylinux_2_28' variant.
  warnings.warn(
/data/home/rtabares/anaconda3/envs/pyth3.12/lib/python3.12/site-packages/xgboost/core.py:377: FutureWarning: Your system has an old version of glibc (< 2.28). We will stop supporting Linux distros with glibc older than 2.28 after **May 31, 2025**. Please upgrade to a recent Linux distro (with glibc >= 2.28) to use future versions of XGBoost.
Note: You have installed the 'manylinux2014' variant of XGBoost. Certain features such as GPU algorithms or federated learning are not available. To use these features, please upgrade to a recent Linux distro with glibc 2.28+, and install the 'manylinux_2_28' variant.
  warnings.warn(
/data/home/rtabares/anaconda3/envs/pyth3.12/lib/python3.12/site-packages/xgboost/core.py:377: FutureWarning: Your system has an old version of glibc (< 2.28). We will stop supporting Linux distros with glibc older than 2.28 after **May 31, 2025**. Please upgrade to a recent Linux distro (with glibc >= 2.28) to use future versions of XGBoost.
Note: You have installed the 'manylinux2014' variant of XGBoost. Certain features such as GPU algorithms or federated learning are not available. To use these features, please upgrade to a recent Linux distro with glibc 2.28+, and install the 'manylinux_2_28' variant.
  warnings.warn(
/data/home/rtabares/anaconda3/envs/pyth3.12/lib/python3.12/site-packages/xgboost/core.py:377: FutureWarning: Your system has an old version of glibc (< 2.28). We will stop supporting Linux distros with glibc older than 2.28 after **May 31, 2025**. Please upgrade to a recent Linux distro (with glibc >= 2.28) to use future versions of XGBoost.
Note: You have installed the 'manylinux2014' variant of XGBoost. Certain features such as GPU algorithms or federated learning are not available. To use these features, please upgrade to a recent Linux distro with glibc 2.28+, and install the 'manylinux_2_28' variant.
  warnings.warn(
[I 2025-05-05 21:27:53,463] Trial 7 finished with value: 0.6 and parameters: {'n_estimators': 100, 'max_depth': 30, 'gamma': 0.6278995364517936, 'subsample': 0.9517009576439417, 'colsample_bytree': 0.5687373520731187}. Best is trial 4 with value: 0.7.
/data/home/rtabares/anaconda3/envs/pyth3.12/lib/python3.12/site-packages/xgboost/core.py:377: FutureWarning: Your system has an old version of glibc (< 2.28). We will stop supporting Linux distros with glibc older than 2.28 after **May 31, 2025**. Please upgrade to a recent Linux distro (with glibc >= 2.28) to use future versions of XGBoost.
Note: You have installed the 'manylinux2014' variant of XGBoost. Certain features such as GPU algorithms or federated learning are not available. To use these features, please upgrade to a recent Linux distro with glibc 2.28+, and install the 'manylinux_2_28' variant.
  warnings.warn(
/data/home/rtabares/anaconda3/envs/pyth3.12/lib/python3.12/site-packages/xgboost/core.py:377: FutureWarning: Your system has an old version of glibc (< 2.28). We will stop supporting Linux distros with glibc older than 2.28 after **May 31, 2025**. Please upgrade to a recent Linux distro (with glibc >= 2.28) to use future versions of XGBoost.
Note: You have installed the 'manylinux2014' variant of XGBoost. Certain features such as GPU algorithms or federated learning are not available. To use these features, please upgrade to a recent Linux distro with glibc 2.28+, and install the 'manylinux_2_28' variant.
  warnings.warn(
[I 2025-05-05 21:27:53,511] Trial 8 finished with value: 0.7 and parameters: {'n_estimators': 40, 'max_depth': 20, 'gamma': 0.7757308928225399, 'subsample': 0.8629989926752257, 'colsample_bytree': 0.9416530456029049}. Best is trial 4 with value: 0.7.
/data/home/rtabares/anaconda3/envs/pyth3.12/lib/python3.12/site-packages/xgboost/core.py:377: FutureWarning: Your system has an old version of glibc (< 2.28). We will stop supporting Linux distros with glibc older than 2.28 after **May 31, 2025**. Please upgrade to a recent Linux distro (with glibc >= 2.28) to use future versions of XGBoost.
Note: You have installed the 'manylinux2014' variant of XGBoost. Certain features such as GPU algorithms or federated learning are not available. To use these features, please upgrade to a recent Linux distro with glibc 2.28+, and install the 'manylinux_2_28' variant.
  warnings.warn(
/data/home/rtabares/anaconda3/envs/pyth3.12/lib/python3.12/site-packages/xgboost/core.py:377: FutureWarning: Your system has an old version of glibc (< 2.28). We will stop supporting Linux distros with glibc older than 2.28 after **May 31, 2025**. Please upgrade to a recent Linux distro (with glibc >= 2.28) to use future versions of XGBoost.
Note: You have installed the 'manylinux2014' variant of XGBoost. Certain features such as GPU algorithms or federated learning are not available. To use these features, please upgrade to a recent Linux distro with glibc 2.28+, and install the 'manylinux_2_28' variant.
  warnings.warn(
/data/home/rtabares/anaconda3/envs/pyth3.12/lib/python3.12/site-packages/xgboost/core.py:377: FutureWarning: Your system has an old version of glibc (< 2.28). We will stop supporting Linux distros with glibc older than 2.28 after **May 31, 2025**. Please upgrade to a recent Linux distro (with glibc >= 2.28) to use future versions of XGBoost.
Note: You have installed the 'manylinux2014' variant of XGBoost. Certain features such as GPU algorithms or federated learning are not available. To use these features, please upgrade to a recent Linux distro with glibc 2.28+, and install the 'manylinux_2_28' variant.
  warnings.warn(
[I 2025-05-05 21:27:53,570] Trial 9 finished with value: 0.65 and parameters: {'n_estimators': 40, 'max_depth': 20, 'gamma': 0.968356042433547, 'subsample': 0.831720748909224, 'colsample_bytree': 0.8108478601045609}. Best is trial 4 with value: 0.7.
[I 2025-05-05 21:27:53,609] Trial 10 finished with value: 0.65 and parameters: {'n_estimators': 10, 'max_depth': 20, 'gamma': 0.35779329928055814, 'subsample': 0.5355747542094993, 'colsample_bytree': 0.5047059737839813}. Best is trial 4 with value: 0.7.
/data/home/rtabares/anaconda3/envs/pyth3.12/lib/python3.12/site-packages/xgboost/core.py:377: FutureWarning: Your system has an old version of glibc (< 2.28). We will stop supporting Linux distros with glibc older than 2.28 after **May 31, 2025**. Please upgrade to a recent Linux distro (with glibc >= 2.28) to use future versions of XGBoost.
Note: You have installed the 'manylinux2014' variant of XGBoost. Certain features such as GPU algorithms or federated learning are not available. To use these features, please upgrade to a recent Linux distro with glibc 2.28+, and install the 'manylinux_2_28' variant.
  warnings.warn(
/data/home/rtabares/anaconda3/envs/pyth3.12/lib/python3.12/site-packages/xgboost/core.py:377: FutureWarning: Your system has an old version of glibc (< 2.28). We will stop supporting Linux distros with glibc older than 2.28 after **May 31, 2025**. Please upgrade to a recent Linux distro (with glibc >= 2.28) to use future versions of XGBoost.
Note: You have installed the 'manylinux2014' variant of XGBoost. Certain features such as GPU algorithms or federated learning are not available. To use these features, please upgrade to a recent Linux distro with glibc 2.28+, and install the 'manylinux_2_28' variant.
  warnings.warn(
[I 2025-05-05 21:27:54,284] Trial 11 finished with value: 0.7 and parameters: {'n_estimators': 40, 'max_depth': 20, 'gamma': 0.42494746882238776, 'subsample': 0.8442739932889016, 'colsample_bytree': 0.994634143507863}. Best is trial 4 with value: 0.7.
/data/home/rtabares/anaconda3/envs/pyth3.12/lib/python3.12/site-packages/xgboost/core.py:377: FutureWarning: Your system has an old version of glibc (< 2.28). We will stop supporting Linux distros with glibc older than 2.28 after **May 31, 2025**. Please upgrade to a recent Linux distro (with glibc >= 2.28) to use future versions of XGBoost.
Note: You have installed the 'manylinux2014' variant of XGBoost. Certain features such as GPU algorithms or federated learning are not available. To use these features, please upgrade to a recent Linux distro with glibc 2.28+, and install the 'manylinux_2_28' variant.
  warnings.warn(
/data/home/rtabares/anaconda3/envs/pyth3.12/lib/python3.12/site-packages/xgboost/core.py:377: FutureWarning: Your system has an old version of glibc (< 2.28). We will stop supporting Linux distros with glibc older than 2.28 after **May 31, 2025**. Please upgrade to a recent Linux distro (with glibc >= 2.28) to use future versions of XGBoost.
Note: You have installed the 'manylinux2014' variant of XGBoost. Certain features such as GPU algorithms or federated learning are not available. To use these features, please upgrade to a recent Linux distro with glibc 2.28+, and install the 'manylinux_2_28' variant.
  warnings.warn(
[I 2025-05-05 21:27:54,937] Trial 12 finished with value: 0.6 and parameters: {'n_estimators': 40, 'max_depth': 20, 'gamma': 0.4634880051307454, 'subsample': 0.9949773578906097, 'colsample_bytree': 0.9381743517401644}. Best is trial 4 with value: 0.7.
[I 2025-05-05 21:27:54,976] Trial 13 finished with value: 0.65 and parameters: {'n_estimators': 10, 'max_depth': 20, 'gamma': 0.8131484772736466, 'subsample': 0.7881377021176525, 'colsample_bytree': 0.8990993293745907}. Best is trial 4 with value: 0.7.
[I 2025-05-05 21:27:55,014] Trial 14 finished with value: 0.65 and parameters: {'n_estimators': 40, 'max_depth': 20, 'gamma': 0.1483955254965093, 'subsample': 0.8954832161704723, 'colsample_bytree': 0.7283331832785884}. Best is trial 4 with value: 0.7.
[I 2025-05-05 21:27:55,054] Trial 15 finished with value: 0.65 and parameters: {'n_estimators': 40, 'max_depth': 20, 'gamma': 0.3197852784003591, 'subsample': 0.903512026992318, 'colsample_bytree': 0.8503693746358079}. Best is trial 4 with value: 0.7.
/data/home/rtabares/anaconda3/envs/pyth3.12/lib/python3.12/site-packages/xgboost/core.py:377: FutureWarning: Your system has an old version of glibc (< 2.28). We will stop supporting Linux distros with glibc older than 2.28 after **May 31, 2025**. Please upgrade to a recent Linux distro (with glibc >= 2.28) to use future versions of XGBoost.
Note: You have installed the 'manylinux2014' variant of XGBoost. Certain features such as GPU algorithms or federated learning are not available. To use these features, please upgrade to a recent Linux distro with glibc 2.28+, and install the 'manylinux_2_28' variant.
  warnings.warn(
[I 2025-05-05 21:27:55,709] Trial 16 finished with value: 0.6 and parameters: {'n_estimators': 40, 'max_depth': 20, 'gamma': 0.5218106356406116, 'subsample': 0.7732795449421657, 'colsample_bytree': 0.6163503204933655}. Best is trial 4 with value: 0.7.
[I 2025-05-05 21:27:55,749] Trial 17 finished with value: 0.65 and parameters: {'n_estimators': 10, 'max_depth': 20, 'gamma': 0.8207159991633486, 'subsample': 0.8933091574077776, 'colsample_bytree': 0.999137622616628}. Best is trial 4 with value: 0.7.
[I 2025-05-05 21:27:55,788] Trial 18 finished with value: 0.65 and parameters: {'n_estimators': 40, 'max_depth': 30, 'gamma': 0.6939971493804411, 'subsample': 0.9936400536882802, 'colsample_bytree': 0.9215267424596132}. Best is trial 4 with value: 0.7.
/data/home/rtabares/anaconda3/envs/pyth3.12/lib/python3.12/site-packages/xgboost/core.py:377: FutureWarning: Your system has an old version of glibc (< 2.28). We will stop supporting Linux distros with glibc older than 2.28 after **May 31, 2025**. Please upgrade to a recent Linux distro (with glibc >= 2.28) to use future versions of XGBoost.
Note: You have installed the 'manylinux2014' variant of XGBoost. Certain features such as GPU algorithms or federated learning are not available. To use these features, please upgrade to a recent Linux distro with glibc 2.28+, and install the 'manylinux_2_28' variant.
  warnings.warn(
[I 2025-05-05 21:27:56,444] Trial 19 finished with value: 0.65 and parameters: {'n_estimators': 40, 'max_depth': 5, 'gamma': 0.4409560287009212, 'subsample': 0.808975620430454, 'colsample_bytree': 0.6887945360356589}. Best is trial 4 with value: 0.7.
[I 2025-05-05 21:27:56,482] Trial 20 finished with value: 0.5 and parameters: {'n_estimators': 10, 'max_depth': 20, 'gamma': 0.9782107230223446, 'subsample': 0.7399877447121446, 'colsample_bytree': 0.7850440871765605}. Best is trial 4 with value: 0.7.
[I 2025-05-05 21:27:56,521] Trial 21 finished with value: 0.65 and parameters: {'n_estimators': 40, 'max_depth': 20, 'gamma': 0.395751155566832, 'subsample': 0.8921358057333659, 'colsample_bytree': 0.9751736060087978}. Best is trial 4 with value: 0.7.
[I 2025-05-05 21:27:56,561] Trial 22 finished with value: 0.7 and parameters: {'n_estimators': 40, 'max_depth': 20, 'gamma': 0.26453662908342335, 'subsample': 0.8475944093353472, 'colsample_bytree': 0.9534761242501342}. Best is trial 4 with value: 0.7.
[I 2025-05-05 21:27:56,599] Trial 23 finished with value: 0.55 and parameters: {'n_estimators': 40, 'max_depth': 20, 'gamma': 0.5038536605329982, 'subsample': 0.9334714490739117, 'colsample_bytree': 0.8840883534436257}. Best is trial 4 with value: 0.7.
[I 2025-05-05 21:27:56,638] Trial 24 finished with value: 0.65 and parameters: {'n_estimators': 40, 'max_depth': 20, 'gamma': 0.6015893387022754, 'subsample': 0.8381319464879791, 'colsample_bytree': 0.9975421064633635}. Best is trial 4 with value: 0.7.
[I 2025-05-05 21:27:56,675] Trial 25 finished with value: 0.7 and parameters: {'n_estimators': 40, 'max_depth': 20, 'gamma': 0.42175394292569485, 'subsample': 0.8674098152152729, 'colsample_bytree': 0.8700270805184183}. Best is trial 4 with value: 0.7.
[I 2025-05-05 21:27:56,717] Trial 26 finished with value: 0.65 and parameters: {'n_estimators': 40, 'max_depth': 20, 'gamma': 0.1016301886314559, 'subsample': 0.8034369120013167, 'colsample_bytree': 0.585305668775686}. Best is trial 4 with value: 0.7.
[I 2025-05-05 21:27:56,755] Trial 27 finished with value: 0.65 and parameters: {'n_estimators': 40, 'max_depth': 20, 'gamma': 0.2765776295334003, 'subsample': 0.7601415488418631, 'colsample_bytree': 0.9251599937940498}. Best is trial 4 with value: 0.7.
[I 2025-05-05 21:27:56,794] Trial 28 finished with value: 0.6 and parameters: {'n_estimators': 10, 'max_depth': 30, 'gamma': 0.3528679255003392, 'subsample': 0.9240871135303008, 'colsample_bytree': 0.8207994613971206}. Best is trial 4 with value: 0.7.
[I 2025-05-05 21:27:56,833] Trial 29 finished with value: 0.5 and parameters: {'n_estimators': 40, 'max_depth': 5, 'gamma': 0.2286143685001883, 'subsample': 0.644853983781188, 'colsample_bytree': 0.725187131469841}. Best is trial 4 with value: 0.7.
[I 2025-05-05 21:27:58,663] A new study created in memory with name: rf
Parámetros guardados en checkpoint_shoppers_Dlatent_Roriginal_ft_A/k_center/IPC_10/best_models_k_center_seed_1/xgb_best_params.json


>>> Optuna tuning rf metodo k_center IPC 10 seed 1


[I 2025-05-05 21:28:01,442] Trial 0 finished with value: 0.5 and parameters: {'n_estimators': 267, 'max_depth': 15, 'min_samples_split': 2, 'min_samples_leaf': 4}. Best is trial 0 with value: 0.5.
[I 2025-05-05 21:28:01,997] Trial 1 finished with value: 0.55 and parameters: {'n_estimators': 158, 'max_depth': 4, 'min_samples_split': 3, 'min_samples_leaf': 4}. Best is trial 1 with value: 0.55.
[I 2025-05-05 21:28:02,334] Trial 2 finished with value: 0.5 and parameters: {'n_estimators': 259, 'max_depth': 12, 'min_samples_split': 5, 'min_samples_leaf': 7}. Best is trial 1 with value: 0.55.
[I 2025-05-05 21:28:02,612] Trial 3 finished with value: 0.5 and parameters: {'n_estimators': 181, 'max_depth': 18, 'min_samples_split': 2, 'min_samples_leaf': 7}. Best is trial 1 with value: 0.55.
[I 2025-05-05 21:28:02,982] Trial 4 finished with value: 0.45 and parameters: {'n_estimators': 267, 'max_depth': 13, 'min_samples_split': 3, 'min_samples_leaf': 2}. Best is trial 1 with value: 0.55.
[I 2025-05-05 21:28:03,462] Trial 5 finished with value: 0.45 and parameters: {'n_estimators': 421, 'max_depth': 20, 'min_samples_split': 4, 'min_samples_leaf': 7}. Best is trial 1 with value: 0.55.
[I 2025-05-05 21:28:03,983] Trial 6 finished with value: 0.45 and parameters: {'n_estimators': 451, 'max_depth': 19, 'min_samples_split': 2, 'min_samples_leaf': 1}. Best is trial 1 with value: 0.55.
[I 2025-05-05 21:28:04,272] Trial 7 finished with value: 0.45 and parameters: {'n_estimators': 168, 'max_depth': 18, 'min_samples_split': 2, 'min_samples_leaf': 5}. Best is trial 1 with value: 0.55.
[I 2025-05-05 21:28:04,814] Trial 8 finished with value: 0.6 and parameters: {'n_estimators': 484, 'max_depth': 12, 'min_samples_split': 8, 'min_samples_leaf': 4}. Best is trial 8 with value: 0.6.
[I 2025-05-05 21:28:05,232] Trial 9 finished with value: 0.5 and parameters: {'n_estimators': 375, 'max_depth': 18, 'min_samples_split': 2, 'min_samples_leaf': 8}. Best is trial 8 with value: 0.6.
[I 2025-05-05 21:28:05,824] Trial 10 finished with value: 0.5 and parameters: {'n_estimators': 498, 'max_depth': 8, 'min_samples_split': 9, 'min_samples_leaf': 10}. Best is trial 8 with value: 0.6.
[I 2025-05-05 21:28:06,652] Trial 11 finished with value: 0.55 and parameters: {'n_estimators': 103, 'max_depth': 7, 'min_samples_split': 8, 'min_samples_leaf': 3}. Best is trial 8 with value: 0.6.
[I 2025-05-05 21:28:07,060] Trial 12 finished with value: 0.6 and parameters: {'n_estimators': 344, 'max_depth': 3, 'min_samples_split': 7, 'min_samples_leaf': 4}. Best is trial 8 with value: 0.6.
[I 2025-05-05 21:28:08,131] Trial 13 finished with value: 0.55 and parameters: {'n_estimators': 377, 'max_depth': 9, 'min_samples_split': 7, 'min_samples_leaf': 5}. Best is trial 8 with value: 0.6.
[I 2025-05-05 21:28:08,505] Trial 14 finished with value: 0.45 and parameters: {'n_estimators': 341, 'max_depth': 4, 'min_samples_split': 10, 'min_samples_leaf': 3}. Best is trial 8 with value: 0.6.
[I 2025-05-05 21:28:09,022] Trial 15 finished with value: 0.45 and parameters: {'n_estimators': 491, 'max_depth': 10, 'min_samples_split': 6, 'min_samples_leaf': 1}. Best is trial 8 with value: 0.6.
[I 2025-05-05 21:28:09,428] Trial 16 finished with value: 0.45 and parameters: {'n_estimators': 331, 'max_depth': 15, 'min_samples_split': 7, 'min_samples_leaf': 6}. Best is trial 8 with value: 0.6.
[I 2025-05-05 21:28:09,941] Trial 17 finished with value: 0.5 and parameters: {'n_estimators': 440, 'max_depth': 6, 'min_samples_split': 8, 'min_samples_leaf': 3}. Best is trial 8 with value: 0.6.
[I 2025-05-05 21:28:10,408] Trial 18 finished with value: 0.45 and parameters: {'n_estimators': 402, 'max_depth': 14, 'min_samples_split': 10, 'min_samples_leaf': 4}. Best is trial 8 with value: 0.6.
[I 2025-05-05 21:28:10,752] Trial 19 finished with value: 0.5 and parameters: {'n_estimators': 311, 'max_depth': 10, 'min_samples_split': 6, 'min_samples_leaf': 9}. Best is trial 8 with value: 0.6.
[I 2025-05-05 21:28:11,041] Trial 20 finished with value: 0.55 and parameters: {'n_estimators': 217, 'max_depth': 6, 'min_samples_split': 8, 'min_samples_leaf': 6}. Best is trial 8 with value: 0.6.
[I 2025-05-05 21:28:11,220] Trial 21 finished with value: 0.6 and parameters: {'n_estimators': 101, 'max_depth': 3, 'min_samples_split': 5, 'min_samples_leaf': 4}. Best is trial 8 with value: 0.6.
[I 2025-05-05 21:28:11,379] Trial 22 finished with value: 0.5 and parameters: {'n_estimators': 118, 'max_depth': 3, 'min_samples_split': 5, 'min_samples_leaf': 2}. Best is trial 8 with value: 0.6.
[I 2025-05-05 21:28:11,669] Trial 23 finished with value: 0.6 and parameters: {'n_estimators': 216, 'max_depth': 3, 'min_samples_split': 7, 'min_samples_leaf': 5}. Best is trial 8 with value: 0.6.
[I 2025-05-05 21:28:12,161] Trial 24 finished with value: 0.5 and parameters: {'n_estimators': 470, 'max_depth': 5, 'min_samples_split': 5, 'min_samples_leaf': 4}. Best is trial 8 with value: 0.6.
[I 2025-05-05 21:28:12,594] Trial 25 finished with value: 0.45 and parameters: {'n_estimators': 371, 'max_depth': 11, 'min_samples_split': 9, 'min_samples_leaf': 2}. Best is trial 8 with value: 0.6.
[I 2025-05-05 21:28:12,904] Trial 26 finished with value: 0.5 and parameters: {'n_estimators': 233, 'max_depth': 8, 'min_samples_split': 6, 'min_samples_leaf': 3}. Best is trial 8 with value: 0.6.
