[I 2025-05-04 17:36:12,415] Trial 26 finished with value: 0.6 and parameters: {'n_estimators': 100, 'max_depth': 5, 'gamma': 0.7803076690788712, 'subsample': 0.6742056489241695, 'colsample_bytree': 0.5824573331859351}. Best is trial 3 with value: 0.7.
[I 2025-05-04 17:36:12,465] Trial 27 finished with value: 0.5 and parameters: {'n_estimators': 100, 'max_depth': 30, 'gamma': 0.4077335385467262, 'subsample': 0.5890414322342162, 'colsample_bytree': 0.6630895016941273}. Best is trial 3 with value: 0.7.
[I 2025-05-04 17:36:12,505] Trial 28 finished with value: 0.6 and parameters: {'n_estimators': 10, 'max_depth': 5, 'gamma': 0.5459220388961868, 'subsample': 0.8431333709226432, 'colsample_bytree': 0.7156557326170689}. Best is trial 3 with value: 0.7.
[I 2025-05-04 17:36:12,545] Trial 29 finished with value: 0.6 and parameters: {'n_estimators': 40, 'max_depth': 20, 'gamma': 0.9095750709911689, 'subsample': 0.7356882923128868, 'colsample_bytree': 0.5964560566706923}. Best is trial 3 with value: 0.7.
[I 2025-05-04 17:36:14,439] A new study created in memory with name: rf
Parámetros guardados en checkpoint_shoppers_Dlatent_Roriginal_ft/craig/best_models_craig_seed_1/xgb_best_params.json


>>> Optuna tuning rf


[I 2025-05-04 17:36:17,449] Trial 0 finished with value: 0.4 and parameters: {'n_estimators': 267, 'max_depth': 15, 'min_samples_split': 2, 'min_samples_leaf': 4}. Best is trial 0 with value: 0.4.
[I 2025-05-04 17:36:17,969] Trial 1 finished with value: 0.5 and parameters: {'n_estimators': 158, 'max_depth': 4, 'min_samples_split': 3, 'min_samples_leaf': 4}. Best is trial 1 with value: 0.5.
[I 2025-05-04 17:36:18,884] Trial 2 finished with value: 0.5 and parameters: {'n_estimators': 259, 'max_depth': 12, 'min_samples_split': 5, 'min_samples_leaf': 7}. Best is trial 1 with value: 0.5.
[I 2025-05-04 17:36:19,138] Trial 3 finished with value: 0.5 and parameters: {'n_estimators': 181, 'max_depth': 18, 'min_samples_split': 2, 'min_samples_leaf': 7}. Best is trial 1 with value: 0.5.
[I 2025-05-04 17:36:19,449] Trial 4 finished with value: 0.3 and parameters: {'n_estimators': 267, 'max_depth': 13, 'min_samples_split': 3, 'min_samples_leaf': 2}. Best is trial 1 with value: 0.5.
[I 2025-05-04 17:36:19,880] Trial 5 finished with value: 0.5 and parameters: {'n_estimators': 421, 'max_depth': 20, 'min_samples_split': 4, 'min_samples_leaf': 7}. Best is trial 1 with value: 0.5.
[I 2025-05-04 17:36:20,372] Trial 6 finished with value: 0.4 and parameters: {'n_estimators': 451, 'max_depth': 19, 'min_samples_split': 2, 'min_samples_leaf': 1}. Best is trial 1 with value: 0.5.
[I 2025-05-04 17:36:20,651] Trial 7 finished with value: 0.5 and parameters: {'n_estimators': 168, 'max_depth': 18, 'min_samples_split': 2, 'min_samples_leaf': 5}. Best is trial 1 with value: 0.5.
[I 2025-05-04 17:36:21,223] Trial 8 finished with value: 0.6 and parameters: {'n_estimators': 484, 'max_depth': 12, 'min_samples_split': 8, 'min_samples_leaf': 4}. Best is trial 8 with value: 0.6.
[I 2025-05-04 17:36:21,645] Trial 9 finished with value: 0.5 and parameters: {'n_estimators': 375, 'max_depth': 18, 'min_samples_split': 2, 'min_samples_leaf': 8}. Best is trial 8 with value: 0.6.
[I 2025-05-04 17:36:22,206] Trial 10 finished with value: 0.5 and parameters: {'n_estimators': 498, 'max_depth': 8, 'min_samples_split': 9, 'min_samples_leaf': 10}. Best is trial 8 with value: 0.6.
[I 2025-05-04 17:36:22,975] Trial 11 finished with value: 0.5 and parameters: {'n_estimators': 103, 'max_depth': 7, 'min_samples_split': 8, 'min_samples_leaf': 3}. Best is trial 8 with value: 0.6.
[I 2025-05-04 17:36:23,379] Trial 12 finished with value: 0.5 and parameters: {'n_estimators': 344, 'max_depth': 3, 'min_samples_split': 7, 'min_samples_leaf': 4}. Best is trial 8 with value: 0.6.
[I 2025-05-04 17:36:24,324] Trial 13 finished with value: 0.5 and parameters: {'n_estimators': 195, 'max_depth': 8, 'min_samples_split': 6, 'min_samples_leaf': 5}. Best is trial 8 with value: 0.6.
[I 2025-05-04 17:36:24,517] Trial 14 finished with value: 0.5 and parameters: {'n_estimators': 105, 'max_depth': 4, 'min_samples_split': 10, 'min_samples_leaf': 3}. Best is trial 8 with value: 0.6.
[I 2025-05-04 17:36:24,915] Trial 15 finished with value: 0.4 and parameters: {'n_estimators': 328, 'max_depth': 10, 'min_samples_split': 7, 'min_samples_leaf': 1}. Best is trial 8 with value: 0.6.
[I 2025-05-04 17:36:25,362] Trial 16 finished with value: 0.5 and parameters: {'n_estimators': 420, 'max_depth': 15, 'min_samples_split': 5, 'min_samples_leaf': 6}. Best is trial 8 with value: 0.6.
[I 2025-05-04 17:36:25,921] Trial 17 finished with value: 0.5 and parameters: {'n_estimators': 500, 'max_depth': 5, 'min_samples_split': 8, 'min_samples_leaf': 3}. Best is trial 8 with value: 0.6.
[I 2025-05-04 17:36:26,174] Trial 18 finished with value: 0.5 and parameters: {'n_estimators': 220, 'max_depth': 10, 'min_samples_split': 10, 'min_samples_leaf': 4}. Best is trial 8 with value: 0.6.
[I 2025-05-04 17:36:26,358] Trial 19 finished with value: 0.5 and parameters: {'n_estimators': 146, 'max_depth': 14, 'min_samples_split': 4, 'min_samples_leaf': 9}. Best is trial 8 with value: 0.6.
[I 2025-05-04 17:36:26,733] Trial 20 finished with value: 0.5 and parameters: {'n_estimators': 312, 'max_depth': 6, 'min_samples_split': 6, 'min_samples_leaf': 6}. Best is trial 8 with value: 0.6.
[I 2025-05-04 17:36:27,012] Trial 21 finished with value: 0.5 and parameters: {'n_estimators': 241, 'max_depth': 12, 'min_samples_split': 4, 'min_samples_leaf': 7}. Best is trial 8 with value: 0.6.
[I 2025-05-04 17:36:27,366] Trial 22 finished with value: 0.5 and parameters: {'n_estimators': 282, 'max_depth': 10, 'min_samples_split': 5, 'min_samples_leaf': 5}. Best is trial 8 with value: 0.6.
[I 2025-05-04 17:36:27,775] Trial 23 finished with value: 0.5 and parameters: {'n_estimators': 377, 'max_depth': 11, 'min_samples_split': 5, 'min_samples_leaf': 8}. Best is trial 8 with value: 0.6.
[I 2025-05-04 17:36:28,051] Trial 24 finished with value: 0.5 and parameters: {'n_estimators': 228, 'max_depth': 16, 'min_samples_split': 3, 'min_samples_leaf': 6}. Best is trial 8 with value: 0.6.
[I 2025-05-04 17:36:28,225] Trial 25 finished with value: 0.5 and parameters: {'n_estimators': 137, 'max_depth': 12, 'min_samples_split': 7, 'min_samples_leaf': 2}. Best is trial 8 with value: 0.6.
[I 2025-05-04 17:36:28,462] Trial 26 finished with value: 0.5 and parameters: {'n_estimators': 203, 'max_depth': 9, 'min_samples_split': 8, 'min_samples_leaf': 4}. Best is trial 8 with value: 0.6.
[I 2025-05-04 17:36:28,768] Trial 27 finished with value: 0.5 and parameters: {'n_estimators': 244, 'max_depth': 13, 'min_samples_split': 3, 'min_samples_leaf': 8}. Best is trial 8 with value: 0.6.
[I 2025-05-04 17:36:29,209] Trial 28 finished with value: 0.5 and parameters: {'n_estimators': 370, 'max_depth': 16, 'min_samples_split': 6, 'min_samples_leaf': 5}. Best is trial 8 with value: 0.6.
[I 2025-05-04 17:36:29,569] Trial 29 finished with value: 0.5 and parameters: {'n_estimators': 283, 'max_depth': 14, 'min_samples_split': 9, 'min_samples_leaf': 2}. Best is trial 8 with value: 0.6.
[I 2025-05-04 17:36:32,948] A new study created in memory with name: svc
Parámetros guardados en checkpoint_shoppers_Dlatent_Roriginal_ft/craig/best_models_craig_seed_1/rf_best_params.json


>>> Optuna tuning svc


[I 2025-05-04 17:36:35,421] Trial 0 finished with value: 0.6 and parameters: {'C': 0.4656804637919569, 'gamma': 0.07608481233714794}. Best is trial 0 with value: 0.6.
[I 2025-05-04 17:36:35,653] Trial 1 finished with value: 0.5 and parameters: {'C': 0.010010539860510492, 'gamma': 0.0016193110912440748}. Best is trial 0 with value: 0.6.
[I 2025-05-04 17:36:35,669] Trial 2 finished with value: 0.5 and parameters: {'C': 0.03863879405158731, 'gamma': 0.00023407464805767542}. Best is trial 0 with value: 0.6.
[I 2025-05-04 17:36:35,682] Trial 3 finished with value: 0.5 and parameters: {'C': 0.0555956542671257, 'gamma': 0.002411253706147574}. Best is trial 0 with value: 0.6.
[I 2025-05-04 17:36:35,696] Trial 4 finished with value: 0.5 and parameters: {'C': 0.3864291653552654, 'gamma': 0.014297724879798395}. Best is trial 0 with value: 0.6.
[I 2025-05-04 17:36:35,710] Trial 5 finished with value: 0.5 and parameters: {'C': 0.47509237210306143, 'gamma': 0.05506529897945987}. Best is trial 0 with value: 0.6.
[I 2025-05-04 17:36:35,723] Trial 6 finished with value: 0.7 and parameters: {'C': 0.06573686655138336, 'gamma': 0.3254391115088485}. Best is trial 6 with value: 0.7.
[I 2025-05-04 17:36:35,738] Trial 7 finished with value: 0.6 and parameters: {'C': 0.01286916510781503, 'gamma': 0.04806954824961596}. Best is trial 6 with value: 0.7.
[I 2025-05-04 17:36:35,751] Trial 8 finished with value: 0.5 and parameters: {'C': 0.4668949853708895, 'gamma': 0.017169565852473867}. Best is trial 6 with value: 0.7.
[I 2025-05-04 17:36:35,765] Trial 9 finished with value: 0.5 and parameters: {'C': 0.03643743139281253, 'gamma': 0.0006200203677164723}. Best is trial 6 with value: 0.7.
[I 2025-05-04 17:36:35,786] Trial 10 finished with value: 0.6 and parameters: {'C': 45.63350264769956, 'gamma': 0.8207494130861732}. Best is trial 6 with value: 0.7.
[I 2025-05-04 17:36:36,417] Trial 11 finished with value: 0.6 and parameters: {'C': 5.501256467367309, 'gamma': 0.5426012137431773}. Best is trial 6 with value: 0.7.
[I 2025-05-04 17:36:37,046] Trial 12 finished with value: 0.8 and parameters: {'C': 3.0226900661459464, 'gamma': 0.15027233976872473}. Best is trial 12 with value: 0.8.
[I 2025-05-04 17:36:37,070] Trial 13 finished with value: 0.7 and parameters: {'C': 4.935223270363641, 'gamma': 0.28328283886111605}. Best is trial 12 with value: 0.8.
[I 2025-05-04 17:36:37,091] Trial 14 finished with value: 0.8 and parameters: {'C': 3.068096919713349, 'gamma': 0.1357588020154585}. Best is trial 12 with value: 0.8.
[I 2025-05-04 17:36:37,114] Trial 15 finished with value: 0.8 and parameters: {'C': 3.811085657624355, 'gamma': 0.15898219943883152}. Best is trial 12 with value: 0.8.
[I 2025-05-04 17:36:37,739] Trial 16 finished with value: 0.7 and parameters: {'C': 35.952198391956905, 'gamma': 0.006258727630637383}. Best is trial 12 with value: 0.8.
[I 2025-05-04 17:36:37,762] Trial 17 finished with value: 0.8 and parameters: {'C': 1.9135731911674652, 'gamma': 0.18180323778393737}. Best is trial 12 with value: 0.8.
[I 2025-05-04 17:36:37,783] Trial 18 finished with value: 0.7 and parameters: {'C': 15.901039865864592, 'gamma': 0.025798862823044912}. Best is trial 12 with value: 0.8.
[I 2025-05-04 17:36:37,806] Trial 19 finished with value: 0.4 and parameters: {'C': 12.187747363578382, 'gamma': 0.004181537036029325}. Best is trial 12 with value: 0.8.
[I 2025-05-04 17:36:37,826] Trial 20 finished with value: 0.8 and parameters: {'C': 1.2791685449534014, 'gamma': 0.11815001518432255}. Best is trial 12 with value: 0.8.
[I 2025-05-04 17:36:37,848] Trial 21 finished with value: 0.8 and parameters: {'C': 3.3566409698419464, 'gamma': 0.12098124948528485}. Best is trial 12 with value: 0.8.
[I 2025-05-04 17:36:38,479] Trial 22 finished with value: 0.7 and parameters: {'C': 16.249709532308557, 'gamma': 0.02927334202318096}. Best is trial 12 with value: 0.8.
[I 2025-05-04 17:36:38,502] Trial 23 finished with value: 0.6 and parameters: {'C': 2.083283562617004, 'gamma': 0.8766831421083007}. Best is trial 12 with value: 0.8.
[I 2025-05-04 17:36:39,129] Trial 24 finished with value: 0.7 and parameters: {'C': 96.92926441926186, 'gamma': 0.24657445645215004}. Best is trial 12 with value: 0.8.
[I 2025-05-04 17:36:39,153] Trial 25 finished with value: 0.8 and parameters: {'C': 7.251196282914553, 'gamma': 0.0929089767379296}. Best is trial 12 with value: 0.8.
[I 2025-05-04 17:36:39,175] Trial 26 finished with value: 0.7 and parameters: {'C': 1.001919535075976, 'gamma': 0.35909294909395206}. Best is trial 12 with value: 0.8.
[I 2025-05-04 17:36:39,197] Trial 27 finished with value: 0.7 and parameters: {'C': 3.039249032127855, 'gamma': 0.036213247363692344}. Best is trial 12 with value: 0.8.
[I 2025-05-04 17:36:39,218] Trial 28 finished with value: 0.8 and parameters: {'C': 0.16046299635911127, 'gamma': 0.15965488765029218}. Best is trial 12 with value: 0.8.
[I 2025-05-04 17:36:39,238] Trial 29 finished with value: 0.8 and parameters: {'C': 8.853154698279214, 'gamma': 0.07797541747598807}. Best is trial 12 with value: 0.8.
/data/home/rtabares/anaconda3/envs/pyth3.12/lib/python3.12/site-packages/xgboost/core.py:377: FutureWarning: Your system has an old version of glibc (< 2.28). We will stop supporting Linux distros with glibc older than 2.28 after **May 31, 2025**. Please upgrade to a recent Linux distro (with glibc >= 2.28) to use future versions of XGBoost.
Note: You have installed the 'manylinux2014' variant of XGBoost. Certain features such as GPU algorithms or federated learning are not available. To use these features, please upgrade to a recent Linux distro with glibc 2.28+, and install the 'manylinux_2_28' variant.
  warnings.warn(
[I 2025-05-04 17:36:41,645] A new study created in memory with name: logreg
Parámetros guardados en checkpoint_shoppers_Dlatent_Roriginal_ft/craig/best_models_craig_seed_1/svc_best_params.json


>>> Optuna tuning logreg


[I 2025-05-04 17:36:44,195] Trial 0 finished with value: 0.5 and parameters: {'C': 0.12164941464151847, 'penalty': 'l2'}. Best is trial 0 with value: 0.5.
[I 2025-05-04 17:36:44,434] Trial 1 finished with value: 0.5 and parameters: {'C': 3.9959722831350617, 'penalty': 'l2'}. Best is trial 0 with value: 0.5.
[I 2025-05-04 17:36:44,449] Trial 2 finished with value: 0.4 and parameters: {'C': 0.0010013176560941261, 'penalty': 'l2'}. Best is trial 0 with value: 0.5.
[I 2025-05-04 17:36:44,463] Trial 3 finished with value: 0.6 and parameters: {'C': 0.0324835034508668, 'penalty': 'l2'}. Best is trial 3 with value: 0.6.
[I 2025-05-04 17:36:44,477] Trial 4 finished with value: 0.4 and parameters: {'C': 0.005417257182767969, 'penalty': 'l2'}. Best is trial 3 with value: 0.6.
[I 2025-05-04 17:36:44,500] Trial 5 finished with value: 0.4 and parameters: {'C': 0.0028952960233492846, 'penalty': 'l2'}. Best is trial 3 with value: 0.6.
[I 2025-05-04 17:36:44,515] Trial 6 finished with value: 0.4 and parameters: {'C': 0.008536916958038761, 'penalty': 'l2'}. Best is trial 3 with value: 0.6.
[I 2025-05-04 17:36:44,528] Trial 7 finished with value: 0.5 and parameters: {'C': 0.053432271255941216, 'penalty': 'l2'}. Best is trial 3 with value: 0.6.
[I 2025-05-04 17:36:44,541] Trial 8 finished with value: 0.5 and parameters: {'C': 0.09634681692624379, 'penalty': 'l2'}. Best is trial 3 with value: 0.6.
[I 2025-05-04 17:36:44,566] Trial 9 finished with value: 0.5 and parameters: {'C': 0.4944059287398678, 'penalty': 'l2'}. Best is trial 3 with value: 0.6.
[I 2025-05-04 17:36:44,597] Trial 10 finished with value: 0.6 and parameters: {'C': 52.58763726758957, 'penalty': 'l2'}. Best is trial 3 with value: 0.6.
[I 2025-05-04 17:36:45,244] Trial 11 finished with value: 0.6 and parameters: {'C': 78.53665921434914, 'penalty': 'l2'}. Best is trial 3 with value: 0.6.
[I 2025-05-04 17:36:45,871] Trial 12 finished with value: 0.6 and parameters: {'C': 68.54509927653275, 'penalty': 'l2'}. Best is trial 3 with value: 0.6.
[I 2025-05-04 17:36:45,903] Trial 13 finished with value: 0.5 and parameters: {'C': 2.316075826902254, 'penalty': 'l2'}. Best is trial 3 with value: 0.6.
[I 2025-05-04 17:36:45,934] Trial 14 finished with value: 0.6 and parameters: {'C': 10.182900587128854, 'penalty': 'l2'}. Best is trial 3 with value: 0.6.
[I 2025-05-04 17:36:45,966] Trial 15 finished with value: 0.5 and parameters: {'C': 0.025820925516831867, 'penalty': 'l2'}. Best is trial 3 with value: 0.6.
[I 2025-05-04 17:36:46,594] Trial 16 finished with value: 0.5 and parameters: {'C': 0.7899710541710822, 'penalty': 'l2'}. Best is trial 3 with value: 0.6.
[I 2025-05-04 17:36:46,625] Trial 17 finished with value: 0.6 and parameters: {'C': 11.823303751574443, 'penalty': 'l2'}. Best is trial 3 with value: 0.6.
[I 2025-05-04 17:36:46,655] Trial 18 finished with value: 0.5 and parameters: {'C': 0.030708277177912968, 'penalty': 'l2'}. Best is trial 3 with value: 0.6.
[I 2025-05-04 17:36:46,684] Trial 19 finished with value: 0.5 and parameters: {'C': 1.212961465580715, 'penalty': 'l2'}. Best is trial 3 with value: 0.6.
[I 2025-05-04 17:36:46,713] Trial 20 finished with value: 0.5 and parameters: {'C': 0.23456450000015477, 'penalty': 'l2'}. Best is trial 3 with value: 0.6.
[I 2025-05-04 17:36:46,743] Trial 21 finished with value: 0.6 and parameters: {'C': 55.7591531319341, 'penalty': 'l2'}. Best is trial 3 with value: 0.6.
[I 2025-05-04 17:36:47,435] Trial 22 finished with value: 0.6 and parameters: {'C': 32.26308068748434, 'penalty': 'l2'}. Best is trial 3 with value: 0.6.
[I 2025-05-04 17:36:47,466] Trial 23 finished with value: 0.6 and parameters: {'C': 14.831114614269142, 'penalty': 'l2'}. Best is trial 3 with value: 0.6.
[I 2025-05-04 17:36:48,094] Trial 24 finished with value: 0.6 and parameters: {'C': 24.084826237660206, 'penalty': 'l2'}. Best is trial 3 with value: 0.6.
[I 2025-05-04 17:36:48,125] Trial 25 finished with value: 0.6 and parameters: {'C': 89.59675009013802, 'penalty': 'l2'}. Best is trial 3 with value: 0.6.
[I 2025-05-04 17:36:48,156] Trial 26 finished with value: 0.5 and parameters: {'C': 5.459087340643617, 'penalty': 'l2'}. Best is trial 3 with value: 0.6.
[I 2025-05-04 17:36:48,177] Trial 27 finished with value: 0.5 and parameters: {'C': 0.016598898357022822, 'penalty': 'l2'}. Best is trial 3 with value: 0.6.
[I 2025-05-04 17:36:48,208] Trial 28 finished with value: 0.5 and parameters: {'C': 0.24941811227037927, 'penalty': 'l2'}. Best is trial 3 with value: 0.6.
[I 2025-05-04 17:36:48,238] Trial 29 finished with value: 0.5 and parameters: {'C': 0.09197761951159959, 'penalty': 'l2'}. Best is trial 3 with value: 0.6.
/data/home/rtabares/anaconda3/envs/pyth3.12/lib/python3.12/site-packages/xgboost/core.py:377: FutureWarning: Your system has an old version of glibc (< 2.28). We will stop supporting Linux distros with glibc older than 2.28 after **May 31, 2025**. Please upgrade to a recent Linux distro (with glibc >= 2.28) to use future versions of XGBoost.
Note: You have installed the 'manylinux2014' variant of XGBoost. Certain features such as GPU algorithms or federated learning are not available. To use these features, please upgrade to a recent Linux distro with glibc 2.28+, and install the 'manylinux_2_28' variant.
  warnings.warn(
/data/home/rtabares/anaconda3/envs/pyth3.12/lib/python3.12/site-packages/xgboost/core.py:377: FutureWarning: Your system has an old version of glibc (< 2.28). We will stop supporting Linux distros with glibc older than 2.28 after **May 31, 2025**. Please upgrade to a recent Linux distro (with glibc >= 2.28) to use future versions of XGBoost.
Note: You have installed the 'manylinux2014' variant of XGBoost. Certain features such as GPU algorithms or federated learning are not available. To use these features, please upgrade to a recent Linux distro with glibc 2.28+, and install the 'manylinux_2_28' variant.
  warnings.warn(
[I 2025-05-04 17:36:50,691] A new study created in memory with name: mlp
Parámetros guardados en checkpoint_shoppers_Dlatent_Roriginal_ft/craig/best_models_craig_seed_1/logreg_best_params.json


>>> Optuna tuning mlp


/data/home/rtabares/anaconda3/envs/pyth3.12/lib/python3.12/site-packages/sklearn/neural_network/_multilayer_perceptron.py:691: ConvergenceWarning: Stochastic Optimizer: Maximum iterations (50) reached and the optimization hasn't converged yet.
  warnings.warn(
/data/home/rtabares/anaconda3/envs/pyth3.12/lib/python3.12/site-packages/sklearn/neural_network/_multilayer_perceptron.py:691: ConvergenceWarning: Stochastic Optimizer: Maximum iterations (50) reached and the optimization hasn't converged yet.
  warnings.warn(
/data/home/rtabares/anaconda3/envs/pyth3.12/lib/python3.12/site-packages/sklearn/neural_network/_multilayer_perceptron.py:691: ConvergenceWarning: Stochastic Optimizer: Maximum iterations (50) reached and the optimization hasn't converged yet.
  warnings.warn(
/data/home/rtabares/anaconda3/envs/pyth3.12/lib/python3.12/site-packages/sklearn/neural_network/_multilayer_perceptron.py:691: ConvergenceWarning: Stochastic Optimizer: Maximum iterations (50) reached and the optimization hasn't converged yet.
  warnings.warn(
/data/home/rtabares/anaconda3/envs/pyth3.12/lib/python3.12/site-packages/sklearn/neural_network/_multilayer_perceptron.py:691: ConvergenceWarning: Stochastic Optimizer: Maximum iterations (50) reached and the optimization hasn't converged yet.
  warnings.warn(
[I 2025-05-04 17:36:53,217] Trial 0 finished with value: 0.6 and parameters: {'hidden_layer_sizes': (200,), 'max_iter': 50, 'alpha': 0.001}. Best is trial 0 with value: 0.6.
