[I 2025-05-04 17:31:33,818] Trial 19 finished with value: 0.95 and parameters: {'n_estimators': 10, 'max_depth': 30, 'gamma': 0.1190389859476221, 'subsample': 0.7973081974695146, 'colsample_bytree': 0.7146927902560363}. Best is trial 0 with value: 0.95.
[I 2025-05-04 17:31:33,865] Trial 20 finished with value: 0.95 and parameters: {'n_estimators': 100, 'max_depth': 5, 'gamma': 0.8103260095787294, 'subsample': 0.6595496651712397, 'colsample_bytree': 0.8887148142078876}. Best is trial 0 with value: 0.95.
[I 2025-05-04 17:31:33,918] Trial 21 finished with value: 0.95 and parameters: {'n_estimators': 100, 'max_depth': 5, 'gamma': 0.9143492422352758, 'subsample': 0.9793831337420338, 'colsample_bytree': 0.5181853808344}. Best is trial 0 with value: 0.95.
[I 2025-05-04 17:31:33,968] Trial 22 finished with value: 0.95 and parameters: {'n_estimators': 100, 'max_depth': 5, 'gamma': 0.8609983917242179, 'subsample': 0.7292739525693447, 'colsample_bytree': 0.5986646573837513}. Best is trial 0 with value: 0.95.
[I 2025-05-04 17:31:34,019] Trial 23 finished with value: 0.95 and parameters: {'n_estimators': 100, 'max_depth': 5, 'gamma': 0.7171792821986984, 'subsample': 0.919722559783699, 'colsample_bytree': 0.7889254432937247}. Best is trial 0 with value: 0.95.
[I 2025-05-04 17:31:34,071] Trial 24 finished with value: 0.95 and parameters: {'n_estimators': 100, 'max_depth': 5, 'gamma': 0.9393964566046923, 'subsample': 0.6577655923385094, 'colsample_bytree': 0.5000238171213811}. Best is trial 0 with value: 0.95.
[I 2025-05-04 17:31:34,116] Trial 25 finished with value: 0.95 and parameters: {'n_estimators': 40, 'max_depth': 20, 'gamma': 0.8680106139470981, 'subsample': 0.8066003320942112, 'colsample_bytree': 0.7197832348669911}. Best is trial 0 with value: 0.95.
[I 2025-05-04 17:31:34,164] Trial 26 finished with value: 0.95 and parameters: {'n_estimators': 100, 'max_depth': 5, 'gamma': 0.5622057053497718, 'subsample': 0.7407388904572767, 'colsample_bytree': 0.6632419326536584}. Best is trial 0 with value: 0.95.
[I 2025-05-04 17:31:34,216] Trial 27 finished with value: 0.95 and parameters: {'n_estimators': 100, 'max_depth': 5, 'gamma': 0.6805708916877345, 'subsample': 0.5890414322342162, 'colsample_bytree': 0.8714675054287138}. Best is trial 0 with value: 0.95.
[I 2025-05-04 17:31:34,254] Trial 28 finished with value: 0.9 and parameters: {'n_estimators': 10, 'max_depth': 30, 'gamma': 0.7714027791588332, 'subsample': 0.6707316538907298, 'colsample_bytree': 0.5748465995028325}. Best is trial 0 with value: 0.95.
[I 2025-05-04 17:31:34,303] Trial 29 finished with value: 0.95 and parameters: {'n_estimators': 40, 'max_depth': 20, 'gamma': 0.5914836650060189, 'subsample': 0.8456769074230993, 'colsample_bytree': 0.6438306844884478}. Best is trial 0 with value: 0.95.
[I 2025-05-04 17:31:37,836] A new study created in memory with name: rf
Parámetros guardados en checkpoint_shoppers_Dlatent_Roriginal_ft/random/best_models_random_seed_1/xgb_best_params.json


>>> Optuna tuning rf


[I 2025-05-04 17:31:39,729] Trial 0 finished with value: 0.85 and parameters: {'n_estimators': 267, 'max_depth': 15, 'min_samples_split': 2, 'min_samples_leaf': 4}. Best is trial 0 with value: 0.85.
[I 2025-05-04 17:31:40,096] Trial 1 finished with value: 0.9 and parameters: {'n_estimators': 158, 'max_depth': 4, 'min_samples_split': 3, 'min_samples_leaf': 4}. Best is trial 1 with value: 0.9.
[I 2025-05-04 17:31:40,447] Trial 2 finished with value: 0.6 and parameters: {'n_estimators': 259, 'max_depth': 12, 'min_samples_split': 5, 'min_samples_leaf': 7}. Best is trial 1 with value: 0.9.
[I 2025-05-04 17:31:40,716] Trial 3 finished with value: 0.5 and parameters: {'n_estimators': 181, 'max_depth': 18, 'min_samples_split': 2, 'min_samples_leaf': 7}. Best is trial 1 with value: 0.9.
[I 2025-05-04 17:31:41,033] Trial 4 finished with value: 0.8 and parameters: {'n_estimators': 267, 'max_depth': 13, 'min_samples_split': 3, 'min_samples_leaf': 2}. Best is trial 1 with value: 0.9.
[I 2025-05-04 17:31:41,532] Trial 5 finished with value: 0.6 and parameters: {'n_estimators': 421, 'max_depth': 20, 'min_samples_split': 4, 'min_samples_leaf': 7}. Best is trial 1 with value: 0.9.
[I 2025-05-04 17:31:42,055] Trial 6 finished with value: 0.9 and parameters: {'n_estimators': 451, 'max_depth': 19, 'min_samples_split': 2, 'min_samples_leaf': 1}. Best is trial 1 with value: 0.9.
[I 2025-05-04 17:31:42,303] Trial 7 finished with value: 0.9 and parameters: {'n_estimators': 168, 'max_depth': 18, 'min_samples_split': 2, 'min_samples_leaf': 5}. Best is trial 1 with value: 0.9.
[I 2025-05-04 17:31:42,854] Trial 8 finished with value: 0.8 and parameters: {'n_estimators': 484, 'max_depth': 12, 'min_samples_split': 8, 'min_samples_leaf': 4}. Best is trial 1 with value: 0.9.
[I 2025-05-04 17:31:43,254] Trial 9 finished with value: 0.5 and parameters: {'n_estimators': 375, 'max_depth': 18, 'min_samples_split': 2, 'min_samples_leaf': 8}. Best is trial 1 with value: 0.9.
[I 2025-05-04 17:31:43,468] Trial 10 finished with value: 0.5 and parameters: {'n_estimators': 104, 'max_depth': 4, 'min_samples_split': 7, 'min_samples_leaf': 10}. Best is trial 1 with value: 0.9.
[I 2025-05-04 17:31:44,560] Trial 11 finished with value: 0.95 and parameters: {'n_estimators': 369, 'max_depth': 7, 'min_samples_split': 5, 'min_samples_leaf': 1}. Best is trial 11 with value: 0.95.
[I 2025-05-04 17:31:45,673] Trial 12 finished with value: 0.9 and parameters: {'n_estimators': 349, 'max_depth': 5, 'min_samples_split': 10, 'min_samples_leaf': 2}. Best is trial 11 with value: 0.95.
[I 2025-05-04 17:31:46,734] Trial 13 finished with value: 0.85 and parameters: {'n_estimators': 377, 'max_depth': 7, 'min_samples_split': 5, 'min_samples_leaf': 3}. Best is trial 11 with value: 0.95.
[I 2025-05-04 17:31:47,675] Trial 14 finished with value: 0.85 and parameters: {'n_estimators': 210, 'max_depth': 8, 'min_samples_split': 6, 'min_samples_leaf': 1}. Best is trial 11 with value: 0.95.
[I 2025-05-04 17:31:48,101] Trial 15 finished with value: 0.85 and parameters: {'n_estimators': 328, 'max_depth': 8, 'min_samples_split': 4, 'min_samples_leaf': 5}. Best is trial 11 with value: 0.95.
[I 2025-05-04 17:31:48,275] Trial 16 finished with value: 0.75 and parameters: {'n_estimators': 132, 'max_depth': 3, 'min_samples_split': 4, 'min_samples_leaf': 3}. Best is trial 11 with value: 0.95.
[I 2025-05-04 17:31:48,589] Trial 17 finished with value: 0.85 and parameters: {'n_estimators': 219, 'max_depth': 6, 'min_samples_split': 6, 'min_samples_leaf': 3}. Best is trial 11 with value: 0.95.
[I 2025-05-04 17:31:48,941] Trial 18 finished with value: 0.85 and parameters: {'n_estimators': 297, 'max_depth': 10, 'min_samples_split': 8, 'min_samples_leaf': 1}. Best is trial 11 with value: 0.95.
[I 2025-05-04 17:31:49,476] Trial 19 finished with value: 0.75 and parameters: {'n_estimators': 408, 'max_depth': 10, 'min_samples_split': 5, 'min_samples_leaf': 6}. Best is trial 11 with value: 0.95.
[I 2025-05-04 17:31:49,882] Trial 20 finished with value: 0.5 and parameters: {'n_estimators': 312, 'max_depth': 3, 'min_samples_split': 3, 'min_samples_leaf': 10}. Best is trial 11 with value: 0.95.
[I 2025-05-04 17:31:50,365] Trial 21 finished with value: 0.95 and parameters: {'n_estimators': 458, 'max_depth': 15, 'min_samples_split': 3, 'min_samples_leaf': 1}. Best is trial 11 with value: 0.95.
[I 2025-05-04 17:31:50,882] Trial 22 finished with value: 0.9 and parameters: {'n_estimators': 493, 'max_depth': 15, 'min_samples_split': 3, 'min_samples_leaf': 2}. Best is trial 11 with value: 0.95.
[I 2025-05-04 17:31:51,395] Trial 23 finished with value: 0.9 and parameters: {'n_estimators': 441, 'max_depth': 15, 'min_samples_split': 4, 'min_samples_leaf': 1}. Best is trial 11 with value: 0.95.
[I 2025-05-04 17:31:51,864] Trial 24 finished with value: 0.85 and parameters: {'n_estimators': 390, 'max_depth': 5, 'min_samples_split': 3, 'min_samples_leaf': 4}. Best is trial 11 with value: 0.95.
[I 2025-05-04 17:31:52,361] Trial 25 finished with value: 0.85 and parameters: {'n_estimators': 465, 'max_depth': 9, 'min_samples_split': 6, 'min_samples_leaf': 2}. Best is trial 11 with value: 0.95.
[I 2025-05-04 17:31:52,789] Trial 26 finished with value: 0.85 and parameters: {'n_estimators': 343, 'max_depth': 14, 'min_samples_split': 5, 'min_samples_leaf': 3}. Best is trial 11 with value: 0.95.
[I 2025-05-04 17:31:53,240] Trial 27 finished with value: 0.9 and parameters: {'n_estimators': 419, 'max_depth': 6, 'min_samples_split': 7, 'min_samples_leaf': 2}. Best is trial 11 with value: 0.95.
[I 2025-05-04 17:31:53,636] Trial 28 finished with value: 0.5 and parameters: {'n_estimators': 361, 'max_depth': 16, 'min_samples_split': 3, 'min_samples_leaf': 9}. Best is trial 11 with value: 0.95.
[I 2025-05-04 17:31:53,992] Trial 29 finished with value: 0.85 and parameters: {'n_estimators': 277, 'max_depth': 10, 'min_samples_split': 4, 'min_samples_leaf': 4}. Best is trial 11 with value: 0.95.
[I 2025-05-04 17:31:57,199] A new study created in memory with name: svc
Parámetros guardados en checkpoint_shoppers_Dlatent_Roriginal_ft/random/best_models_random_seed_1/rf_best_params.json


>>> Optuna tuning svc


[I 2025-05-04 17:31:59,791] Trial 0 finished with value: 0.65 and parameters: {'C': 0.4656804637919569, 'gamma': 0.07608481233714794}. Best is trial 0 with value: 0.65.
[I 2025-05-04 17:32:00,012] Trial 1 finished with value: 0.65 and parameters: {'C': 0.010010539860510492, 'gamma': 0.0016193110912440748}. Best is trial 0 with value: 0.65.
[I 2025-05-04 17:32:00,040] Trial 2 finished with value: 0.65 and parameters: {'C': 0.03863879405158731, 'gamma': 0.00023407464805767542}. Best is trial 0 with value: 0.65.
[I 2025-05-04 17:32:00,055] Trial 3 finished with value: 0.65 and parameters: {'C': 0.0555956542671257, 'gamma': 0.002411253706147574}. Best is trial 0 with value: 0.65.
[I 2025-05-04 17:32:00,068] Trial 4 finished with value: 0.6 and parameters: {'C': 0.3864291653552654, 'gamma': 0.014297724879798395}. Best is trial 0 with value: 0.65.
[I 2025-05-04 17:32:00,082] Trial 5 finished with value: 0.6 and parameters: {'C': 0.47509237210306143, 'gamma': 0.05506529897945987}. Best is trial 0 with value: 0.65.
[I 2025-05-04 17:32:00,096] Trial 6 finished with value: 0.55 and parameters: {'C': 0.06573686655138336, 'gamma': 0.3254391115088485}. Best is trial 0 with value: 0.65.
[I 2025-05-04 17:32:00,109] Trial 7 finished with value: 0.65 and parameters: {'C': 0.01286916510781503, 'gamma': 0.04806954824961596}. Best is trial 0 with value: 0.65.
[I 2025-05-04 17:32:00,123] Trial 8 finished with value: 0.6 and parameters: {'C': 0.4668949853708895, 'gamma': 0.017169565852473867}. Best is trial 0 with value: 0.65.
[I 2025-05-04 17:32:00,138] Trial 9 finished with value: 0.65 and parameters: {'C': 0.03643743139281253, 'gamma': 0.0006200203677164723}. Best is trial 0 with value: 0.65.
[I 2025-05-04 17:32:00,159] Trial 10 finished with value: 0.7 and parameters: {'C': 35.745293136206676, 'gamma': 0.7480863519855016}. Best is trial 10 with value: 0.7.
[I 2025-05-04 17:32:00,841] Trial 11 finished with value: 0.65 and parameters: {'C': 73.92326287467452, 'gamma': 0.8925339139272248}. Best is trial 10 with value: 0.7.
[I 2025-05-04 17:32:01,469] Trial 12 finished with value: 0.65 and parameters: {'C': 14.5419848452423, 'gamma': 0.24551379593571793}. Best is trial 10 with value: 0.7.
[I 2025-05-04 17:32:01,493] Trial 13 finished with value: 0.65 and parameters: {'C': 3.638957660124995, 'gamma': 0.1380706978772396}. Best is trial 10 with value: 0.7.
[I 2025-05-04 17:32:01,515] Trial 14 finished with value: 0.65 and parameters: {'C': 3.068096919713349, 'gamma': 0.9453601236785355}. Best is trial 10 with value: 0.7.
[I 2025-05-04 17:32:01,534] Trial 15 finished with value: 0.75 and parameters: {'C': 96.80278171389716, 'gamma': 0.05261614424239285}. Best is trial 15 with value: 0.75.
[I 2025-05-04 17:32:02,190] Trial 16 finished with value: 0.8 and parameters: {'C': 79.9645032572207, 'gamma': 0.0037749060251448096}. Best is trial 16 with value: 0.8.
[I 2025-05-04 17:32:02,214] Trial 17 finished with value: 0.75 and parameters: {'C': 12.76679633738965, 'gamma': 0.0044951294979204874}. Best is trial 16 with value: 0.8.
[I 2025-05-04 17:32:02,235] Trial 18 finished with value: 0.8 and parameters: {'C': 83.55869021594293, 'gamma': 0.0075206878040523515}. Best is trial 16 with value: 0.8.
[I 2025-05-04 17:32:02,269] Trial 19 finished with value: 0.65 and parameters: {'C': 24.247427511327437, 'gamma': 0.00013256122812894958}. Best is trial 16 with value: 0.8.
[I 2025-05-04 17:32:02,296] Trial 20 finished with value: 0.7 and parameters: {'C': 4.476511550017926, 'gamma': 0.0072568212106557594}. Best is trial 16 with value: 0.8.
[I 2025-05-04 17:32:02,974] Trial 21 finished with value: 0.75 and parameters: {'C': 81.85220663511382, 'gamma': 0.026206815865172595}. Best is trial 16 with value: 0.8.
[I 2025-05-04 17:32:03,008] Trial 22 finished with value: 0.75 and parameters: {'C': 47.486672683922585, 'gamma': 0.0011970845609566886}. Best is trial 16 with value: 0.8.
[I 2025-05-04 17:32:03,031] Trial 23 finished with value: 0.8 and parameters: {'C': 95.7454164291466, 'gamma': 0.00512783661896678}. Best is trial 16 with value: 0.8.
[I 2025-05-04 17:32:03,690] Trial 24 finished with value: 0.75 and parameters: {'C': 11.9505930003382, 'gamma': 0.0047728104921102394}. Best is trial 16 with value: 0.8.
[I 2025-05-04 17:32:03,715] Trial 25 finished with value: 0.7 and parameters: {'C': 34.03830946271679, 'gamma': 0.0006026823416929909}. Best is trial 16 with value: 0.8.
[I 2025-05-04 17:32:03,736] Trial 26 finished with value: 0.7 and parameters: {'C': 8.185956544922382, 'gamma': 0.0031274849278097767}. Best is trial 16 with value: 0.8.
[I 2025-05-04 17:32:03,756] Trial 27 finished with value: 0.8 and parameters: {'C': 20.316255573563062, 'gamma': 0.009182766556686754}. Best is trial 16 with value: 0.8.
[I 2025-05-04 17:32:03,776] Trial 28 finished with value: 0.65 and parameters: {'C': 1.2766225016838322, 'gamma': 0.0009405954924917268}. Best is trial 16 with value: 0.8.
[I 2025-05-04 17:32:03,812] Trial 29 finished with value: 0.75 and parameters: {'C': 49.00613525151258, 'gamma': 0.025549914038999713}. Best is trial 16 with value: 0.8.
[I 2025-05-04 17:32:07,931] A new study created in memory with name: logreg
Parámetros guardados en checkpoint_shoppers_Dlatent_Roriginal_ft/random/best_models_random_seed_1/svc_best_params.json


>>> Optuna tuning logreg


[I 2025-05-04 17:32:08,637] Trial 0 finished with value: 0.75 and parameters: {'C': 0.12164941464151847, 'penalty': 'l2'}. Best is trial 0 with value: 0.75.
[I 2025-05-04 17:32:08,650] Trial 1 finished with value: 0.8 and parameters: {'C': 3.9959722831350617, 'penalty': 'l2'}. Best is trial 1 with value: 0.8.
[I 2025-05-04 17:32:08,664] Trial 2 finished with value: 0.6 and parameters: {'C': 0.0010013176560941261, 'penalty': 'l2'}. Best is trial 1 with value: 0.8.
[I 2025-05-04 17:32:08,677] Trial 3 finished with value: 0.7 and parameters: {'C': 0.0324835034508668, 'penalty': 'l2'}. Best is trial 1 with value: 0.8.
[I 2025-05-04 17:32:08,691] Trial 4 finished with value: 0.6 and parameters: {'C': 0.005417257182767969, 'penalty': 'l2'}. Best is trial 1 with value: 0.8.
[I 2025-05-04 17:32:08,705] Trial 5 finished with value: 0.6 and parameters: {'C': 0.0028952960233492846, 'penalty': 'l2'}. Best is trial 1 with value: 0.8.
[I 2025-05-04 17:32:08,728] Trial 6 finished with value: 0.6 and parameters: {'C': 0.008536916958038761, 'penalty': 'l2'}. Best is trial 1 with value: 0.8.
[I 2025-05-04 17:32:08,753] Trial 7 finished with value: 0.7 and parameters: {'C': 0.053432271255941216, 'penalty': 'l2'}. Best is trial 1 with value: 0.8.
[I 2025-05-04 17:32:08,767] Trial 8 finished with value: 0.8 and parameters: {'C': 0.09634681692624379, 'penalty': 'l2'}. Best is trial 1 with value: 0.8.
[I 2025-05-04 17:32:08,791] Trial 9 finished with value: 0.75 and parameters: {'C': 0.4944059287398678, 'penalty': 'l2'}. Best is trial 1 with value: 0.8.
[I 2025-05-04 17:32:08,822] Trial 10 finished with value: 0.8 and parameters: {'C': 14.885751870331024, 'penalty': 'l2'}. Best is trial 1 with value: 0.8.
[I 2025-05-04 17:32:09,480] Trial 11 finished with value: 0.8 and parameters: {'C': 2.9561547963955586, 'penalty': 'l2'}. Best is trial 1 with value: 0.8.
[I 2025-05-04 17:32:10,178] Trial 12 finished with value: 0.8 and parameters: {'C': 68.54509927653275, 'penalty': 'l2'}. Best is trial 1 with value: 0.8.
[I 2025-05-04 17:32:10,211] Trial 13 finished with value: 0.7 and parameters: {'C': 1.1384537724302424, 'penalty': 'l2'}. Best is trial 1 with value: 0.8.
[I 2025-05-04 17:32:10,242] Trial 14 finished with value: 0.8 and parameters: {'C': 4.490385589021445, 'penalty': 'l2'}. Best is trial 1 with value: 0.8.
[I 2025-05-04 17:32:10,274] Trial 15 finished with value: 0.75 and parameters: {'C': 0.3823626177544597, 'penalty': 'l2'}. Best is trial 1 with value: 0.8.
[I 2025-05-04 17:32:10,306] Trial 16 finished with value: 0.8 and parameters: {'C': 25.424530400130894, 'penalty': 'l2'}. Best is trial 1 with value: 0.8.
[I 2025-05-04 17:32:10,324] Trial 17 finished with value: 0.8 and parameters: {'C': 2.951180544505715, 'penalty': 'l2'}. Best is trial 1 with value: 0.8.
[I 2025-05-04 17:32:10,352] Trial 18 finished with value: 0.75 and parameters: {'C': 0.20006950401476545, 'penalty': 'l2'}. Best is trial 1 with value: 0.8.
[I 2025-05-04 17:32:10,372] Trial 19 finished with value: 0.7 and parameters: {'C': 0.01939529327574571, 'penalty': 'l2'}. Best is trial 1 with value: 0.8.
[I 2025-05-04 17:32:10,402] Trial 20 finished with value: 0.7 and parameters: {'C': 0.9155201635627225, 'penalty': 'l2'}. Best is trial 1 with value: 0.8.
[I 2025-05-04 17:32:10,423] Trial 21 finished with value: 0.8 and parameters: {'C': 12.97862719820217, 'penalty': 'l2'}. Best is trial 1 with value: 0.8.
[I 2025-05-04 17:32:10,454] Trial 22 finished with value: 0.8 and parameters: {'C': 9.531036251587793, 'penalty': 'l2'}. Best is trial 1 with value: 0.8.
[I 2025-05-04 17:32:10,484] Trial 23 finished with value: 0.8 and parameters: {'C': 31.354414668784784, 'penalty': 'l2'}. Best is trial 1 with value: 0.8.
[I 2025-05-04 17:32:10,504] Trial 24 finished with value: 0.7 and parameters: {'C': 1.1158061548390903, 'penalty': 'l2'}. Best is trial 1 with value: 0.8.
[I 2025-05-04 17:32:10,522] Trial 25 finished with value: 0.8 and parameters: {'C': 80.40984665771312, 'penalty': 'l2'}. Best is trial 1 with value: 0.8.
[I 2025-05-04 17:32:10,550] Trial 26 finished with value: 0.7 and parameters: {'C': 0.07585296538252975, 'penalty': 'l2'}. Best is trial 1 with value: 0.8.
[I 2025-05-04 17:32:10,581] Trial 27 finished with value: 0.8 and parameters: {'C': 7.128515327232239, 'penalty': 'l2'}. Best is trial 1 with value: 0.8.
[I 2025-05-04 17:32:10,601] Trial 28 finished with value: 0.8 and parameters: {'C': 1.8479485867220111, 'penalty': 'l2'}. Best is trial 1 with value: 0.8.
[I 2025-05-04 17:32:10,631] Trial 29 finished with value: 0.8 and parameters: {'C': 17.178936351723266, 'penalty': 'l2'}. Best is trial 1 with value: 0.8.
/data/home/rtabares/anaconda3/envs/pyth3.12/lib/python3.12/site-packages/xgboost/core.py:377: FutureWarning: Your system has an old version of glibc (< 2.28). We will stop supporting Linux distros with glibc older than 2.28 after **May 31, 2025**. Please upgrade to a recent Linux distro (with glibc >= 2.28) to use future versions of XGBoost.
Note: You have installed the 'manylinux2014' variant of XGBoost. Certain features such as GPU algorithms or federated learning are not available. To use these features, please upgrade to a recent Linux distro with glibc 2.28+, and install the 'manylinux_2_28' variant.
  warnings.warn(
[I 2025-05-04 17:32:12,486] A new study created in memory with name: mlp
Parámetros guardados en checkpoint_shoppers_Dlatent_Roriginal_ft/random/best_models_random_seed_1/logreg_best_params.json


>>> Optuna tuning mlp


/data/home/rtabares/anaconda3/envs/pyth3.12/lib/python3.12/site-packages/sklearn/neural_network/_multilayer_perceptron.py:691: ConvergenceWarning: Stochastic Optimizer: Maximum iterations (50) reached and the optimization hasn't converged yet.
  warnings.warn(
/data/home/rtabares/anaconda3/envs/pyth3.12/lib/python3.12/site-packages/sklearn/neural_network/_multilayer_perceptron.py:691: ConvergenceWarning: Stochastic Optimizer: Maximum iterations (50) reached and the optimization hasn't converged yet.
  warnings.warn(
/data/home/rtabares/anaconda3/envs/pyth3.12/lib/python3.12/site-packages/sklearn/neural_network/_multilayer_perceptron.py:691: ConvergenceWarning: Stochastic Optimizer: Maximum iterations (50) reached and the optimization hasn't converged yet.
  warnings.warn(
/data/home/rtabares/anaconda3/envs/pyth3.12/lib/python3.12/site-packages/sklearn/neural_network/_multilayer_perceptron.py:691: ConvergenceWarning: Stochastic Optimizer: Maximum iterations (50) reached and the optimization hasn't converged yet.
  warnings.warn(
/data/home/rtabares/anaconda3/envs/pyth3.12/lib/python3.12/site-packages/sklearn/neural_network/_multilayer_perceptron.py:691: ConvergenceWarning: Stochastic Optimizer: Maximum iterations (50) reached and the optimization hasn't converged yet.
  warnings.warn(
[I 2025-05-04 17:32:15,372] Trial 0 finished with value: 0.55 and parameters: {'hidden_layer_sizes': (200,), 'max_iter': 50, 'alpha': 0.001}. Best is trial 0 with value: 0.55.
