[I 2025-05-05 20:56:55,725] Trial 18 finished with value: 0.95 and parameters: {'n_estimators': 100, 'max_depth': 5, 'gamma': 0.6089250751408282, 'subsample': 0.803126605517412, 'colsample_bytree': 0.9901849706625159}. Best is trial 4 with value: 1.0.
[I 2025-05-05 20:56:55,764] Trial 19 finished with value: 0.95 and parameters: {'n_estimators': 10, 'max_depth': 30, 'gamma': 0.4068839977993866, 'subsample': 0.9152852908676679, 'colsample_bytree': 0.8620010097326137}. Best is trial 4 with value: 1.0.
[I 2025-05-05 20:56:55,822] Trial 20 finished with value: 0.95 and parameters: {'n_estimators': 100, 'max_depth': 30, 'gamma': 0.6200401181884924, 'subsample': 0.8398277575576119, 'colsample_bytree': 0.6272117665345183}. Best is trial 4 with value: 1.0.
[I 2025-05-05 20:56:55,861] Trial 21 finished with value: 0.95 and parameters: {'n_estimators': 40, 'max_depth': 20, 'gamma': 0.31266964936651076, 'subsample': 0.5096061191414202, 'colsample_bytree': 0.927081086137754}. Best is trial 4 with value: 1.0.
[I 2025-05-05 20:56:55,898] Trial 22 finished with value: 0.95 and parameters: {'n_estimators': 40, 'max_depth': 20, 'gamma': 0.1335817742567701, 'subsample': 0.5798399849007146, 'colsample_bytree': 0.9431566669810564}. Best is trial 4 with value: 1.0.
[I 2025-05-05 20:56:55,937] Trial 23 finished with value: 1.0 and parameters: {'n_estimators': 40, 'max_depth': 20, 'gamma': 0.10301567671344591, 'subsample': 0.5073555345343372, 'colsample_bytree': 0.8470811143714674}. Best is trial 4 with value: 1.0.
[I 2025-05-05 20:56:55,976] Trial 24 finished with value: 0.95 and parameters: {'n_estimators': 40, 'max_depth': 20, 'gamma': 0.8343669260295073, 'subsample': 0.6855778638434662, 'colsample_bytree': 0.821338123296937}. Best is trial 4 with value: 1.0.
[I 2025-05-05 20:56:56,014] Trial 25 finished with value: 0.95 and parameters: {'n_estimators': 40, 'max_depth': 20, 'gamma': 0.48890700580064367, 'subsample': 0.6118747746165598, 'colsample_bytree': 0.7894847023400996}. Best is trial 4 with value: 1.0.
[I 2025-05-05 20:56:56,053] Trial 26 finished with value: 0.95 and parameters: {'n_estimators': 40, 'max_depth': 5, 'gamma': 0.6841686120942249, 'subsample': 0.7539475276413679, 'colsample_bytree': 0.7570698104924632}. Best is trial 4 with value: 1.0.
[I 2025-05-05 20:56:56,091] Trial 27 finished with value: 0.95 and parameters: {'n_estimators': 40, 'max_depth': 20, 'gamma': 0.31958692758988594, 'subsample': 0.9516299132609405, 'colsample_bytree': 0.8502809966939376}. Best is trial 4 with value: 1.0.
[I 2025-05-05 20:56:56,131] Trial 28 finished with value: 0.95 and parameters: {'n_estimators': 10, 'max_depth': 5, 'gamma': 0.786820441080109, 'subsample': 0.5505778620819629, 'colsample_bytree': 0.7621545281913673}. Best is trial 4 with value: 1.0.
[I 2025-05-05 20:56:56,182] Trial 29 finished with value: 0.95 and parameters: {'n_estimators': 100, 'max_depth': 30, 'gamma': 0.5669222983630102, 'subsample': 0.6061998534011599, 'colsample_bytree': 0.9042463091626187}. Best is trial 4 with value: 1.0.
[I 2025-05-05 20:57:00,337] A new study created in memory with name: rf
Parámetros guardados en checkpoint_shoppers_Dlatent_Roriginal_ft_A/lc/IPC_10/best_models_lc_seed_0/xgb_best_params.json


>>> Optuna tuning rf metodo lc IPC 10 seed 0


[I 2025-05-05 20:57:01,384] Trial 0 finished with value: 1.0 and parameters: {'n_estimators': 320, 'max_depth': 15, 'min_samples_split': 7, 'min_samples_leaf': 6}. Best is trial 0 with value: 1.0.
[I 2025-05-05 20:57:01,741] Trial 1 finished with value: 0.5 and parameters: {'n_estimators': 269, 'max_depth': 14, 'min_samples_split': 5, 'min_samples_leaf': 9}. Best is trial 0 with value: 1.0.
[I 2025-05-05 20:57:02,329] Trial 2 finished with value: 1.0 and parameters: {'n_estimators': 486, 'max_depth': 9, 'min_samples_split': 9, 'min_samples_leaf': 6}. Best is trial 0 with value: 1.0.
[I 2025-05-05 20:57:02,780] Trial 3 finished with value: 1.0 and parameters: {'n_estimators': 327, 'max_depth': 19, 'min_samples_split': 2, 'min_samples_leaf': 1}. Best is trial 0 with value: 1.0.
[I 2025-05-05 20:57:02,998] Trial 4 finished with value: 0.5 and parameters: {'n_estimators': 108, 'max_depth': 17, 'min_samples_split': 9, 'min_samples_leaf': 9}. Best is trial 0 with value: 1.0.
[I 2025-05-05 20:57:03,579] Trial 5 finished with value: 0.5 and parameters: {'n_estimators': 492, 'max_depth': 17, 'min_samples_split': 6, 'min_samples_leaf': 8}. Best is trial 0 with value: 1.0.
[I 2025-05-05 20:57:03,858] Trial 6 finished with value: 0.5 and parameters: {'n_estimators': 147, 'max_depth': 14, 'min_samples_split': 3, 'min_samples_leaf': 10}. Best is trial 0 with value: 1.0.
[I 2025-05-05 20:57:04,280] Trial 7 finished with value: 0.5 and parameters: {'n_estimators': 309, 'max_depth': 10, 'min_samples_split': 4, 'min_samples_leaf': 8}. Best is trial 0 with value: 1.0.
[I 2025-05-05 20:57:04,670] Trial 8 finished with value: 0.55 and parameters: {'n_estimators': 282, 'max_depth': 13, 'min_samples_split': 2, 'min_samples_leaf': 7}. Best is trial 0 with value: 1.0.
[I 2025-05-05 20:57:05,118] Trial 9 finished with value: 0.5 and parameters: {'n_estimators': 345, 'max_depth': 14, 'min_samples_split': 10, 'min_samples_leaf': 7}. Best is trial 0 with value: 1.0.
[I 2025-05-05 20:57:05,635] Trial 10 finished with value: 1.0 and parameters: {'n_estimators': 407, 'max_depth': 5, 'min_samples_split': 7, 'min_samples_leaf': 3}. Best is trial 0 with value: 1.0.
[I 2025-05-05 20:57:06,834] Trial 11 finished with value: 1.0 and parameters: {'n_estimators': 480, 'max_depth': 9, 'min_samples_split': 8, 'min_samples_leaf': 5}. Best is trial 0 with value: 1.0.
[I 2025-05-05 20:57:07,768] Trial 12 finished with value: 1.0 and parameters: {'n_estimators': 206, 'max_depth': 6, 'min_samples_split': 8, 'min_samples_leaf': 5}. Best is trial 0 with value: 1.0.
[I 2025-05-05 20:57:08,224] Trial 13 finished with value: 1.0 and parameters: {'n_estimators': 420, 'max_depth': 8, 'min_samples_split': 10, 'min_samples_leaf': 4}. Best is trial 0 with value: 1.0.
[I 2025-05-05 20:57:08,649] Trial 14 finished with value: 0.95 and parameters: {'n_estimators': 400, 'max_depth': 3, 'min_samples_split': 7, 'min_samples_leaf': 6}. Best is trial 0 with value: 1.0.
[I 2025-05-05 20:57:08,914] Trial 15 finished with value: 1.0 and parameters: {'n_estimators': 218, 'max_depth': 11, 'min_samples_split': 8, 'min_samples_leaf': 3}. Best is trial 0 with value: 1.0.
[I 2025-05-05 20:57:09,354] Trial 16 finished with value: 0.95 and parameters: {'n_estimators': 364, 'max_depth': 17, 'min_samples_split': 6, 'min_samples_leaf': 6}. Best is trial 0 with value: 1.0.
[I 2025-05-05 20:57:09,831] Trial 17 finished with value: 1.0 and parameters: {'n_estimators': 451, 'max_depth': 7, 'min_samples_split': 9, 'min_samples_leaf': 4}. Best is trial 0 with value: 1.0.
[I 2025-05-05 20:57:10,115] Trial 18 finished with value: 1.0 and parameters: {'n_estimators': 234, 'max_depth': 12, 'min_samples_split': 7, 'min_samples_leaf': 1}. Best is trial 0 with value: 1.0.
[I 2025-05-05 20:57:10,521] Trial 19 finished with value: 0.7 and parameters: {'n_estimators': 376, 'max_depth': 20, 'min_samples_split': 5, 'min_samples_leaf': 7}. Best is trial 0 with value: 1.0.
[I 2025-05-05 20:57:11,035] Trial 20 finished with value: 1.0 and parameters: {'n_estimators': 448, 'max_depth': 16, 'min_samples_split': 9, 'min_samples_leaf': 4}. Best is trial 0 with value: 1.0.
[I 2025-05-05 20:57:11,462] Trial 21 finished with value: 1.0 and parameters: {'n_estimators': 333, 'max_depth': 20, 'min_samples_split': 2, 'min_samples_leaf': 1}. Best is trial 0 with value: 1.0.
[I 2025-05-05 20:57:11,836] Trial 22 finished with value: 1.0 and parameters: {'n_estimators': 308, 'max_depth': 18, 'min_samples_split': 4, 'min_samples_leaf': 3}. Best is trial 0 with value: 1.0.
[I 2025-05-05 20:57:12,151] Trial 23 finished with value: 1.0 and parameters: {'n_estimators': 254, 'max_depth': 19, 'min_samples_split': 6, 'min_samples_leaf': 2}. Best is trial 0 with value: 1.0.
[I 2025-05-05 20:57:12,387] Trial 24 finished with value: 1.0 and parameters: {'n_estimators': 180, 'max_depth': 15, 'min_samples_split': 5, 'min_samples_leaf': 6}. Best is trial 0 with value: 1.0.
[I 2025-05-05 20:57:12,765] Trial 25 finished with value: 1.0 and parameters: {'n_estimators': 325, 'max_depth': 12, 'min_samples_split': 8, 'min_samples_leaf': 5}. Best is trial 0 with value: 1.0.
[I 2025-05-05 20:57:13,222] Trial 26 finished with value: 1.0 and parameters: {'n_estimators': 375, 'max_depth': 10, 'min_samples_split': 3, 'min_samples_leaf': 2}. Best is trial 0 with value: 1.0.
[I 2025-05-05 20:57:13,750] Trial 27 finished with value: 0.5 and parameters: {'n_estimators': 453, 'max_depth': 16, 'min_samples_split': 10, 'min_samples_leaf': 8}. Best is trial 0 with value: 1.0.
[I 2025-05-05 20:57:14,084] Trial 28 finished with value: 0.95 and parameters: {'n_estimators': 288, 'max_depth': 19, 'min_samples_split': 7, 'min_samples_leaf': 6}. Best is trial 0 with value: 1.0.
[I 2025-05-05 20:57:14,401] Trial 29 finished with value: 0.5 and parameters: {'n_estimators': 255, 'max_depth': 14, 'min_samples_split': 5, 'min_samples_leaf': 7}. Best is trial 0 with value: 1.0.
[I 2025-05-05 20:57:16,868] A new study created in memory with name: svc
[I 2025-05-05 20:57:17,447] Trial 0 finished with value: 1.0 and parameters: {'C': 1.5676677195506077, 'gamma': 0.07257005721594278}. Best is trial 0 with value: 1.0.
Parámetros guardados en checkpoint_shoppers_Dlatent_Roriginal_ft_A/lc/IPC_10/best_models_lc_seed_0/rf_best_params.json


>>> Optuna tuning svc metodo lc IPC 10 seed 0


[I 2025-05-05 20:57:19,742] Trial 1 finished with value: 1.0 and parameters: {'C': 2.57663857461359, 'gamma': 0.01511933646764101}. Best is trial 0 with value: 1.0.
[I 2025-05-05 20:57:19,954] Trial 2 finished with value: 1.0 and parameters: {'C': 0.49501595537331966, 'gamma': 0.03833332156156663}. Best is trial 0 with value: 1.0.
[I 2025-05-05 20:57:19,980] Trial 3 finished with value: 0.85 and parameters: {'C': 0.5627932047415171, 'gamma': 0.36905577292137587}. Best is trial 0 with value: 1.0.
[I 2025-05-05 20:57:19,995] Trial 4 finished with value: 1.0 and parameters: {'C': 71.55682161754872, 'gamma': 0.0034179529120610124}. Best is trial 0 with value: 1.0.
[I 2025-05-05 20:57:20,008] Trial 5 finished with value: 1.0 and parameters: {'C': 14.68588598920087, 'gamma': 0.013049073550362394}. Best is trial 0 with value: 1.0.
[I 2025-05-05 20:57:20,032] Trial 6 finished with value: 0.85 and parameters: {'C': 1.871450068624068, 'gamma': 0.503948959867121}. Best is trial 0 with value: 1.0.
[I 2025-05-05 20:57:20,047] Trial 7 finished with value: 0.85 and parameters: {'C': 0.0192373050965465, 'gamma': 0.00022310905607443037}. Best is trial 0 with value: 1.0.
[I 2025-05-05 20:57:20,062] Trial 8 finished with value: 0.9 and parameters: {'C': 0.012046852412030323, 'gamma': 0.2140323314098606}. Best is trial 0 with value: 1.0.
[I 2025-05-05 20:57:20,076] Trial 9 finished with value: 0.85 and parameters: {'C': 12.960656597279739, 'gamma': 0.3020289640158664}. Best is trial 0 with value: 1.0.
[I 2025-05-05 20:57:20,111] Trial 10 finished with value: 0.85 and parameters: {'C': 0.16426074441272132, 'gamma': 0.0011819854465057523}. Best is trial 0 with value: 1.0.
[I 2025-05-05 20:57:20,137] Trial 11 finished with value: 1.0 and parameters: {'C': 3.467323572029044, 'gamma': 0.05617404484056215}. Best is trial 0 with value: 1.0.
[I 2025-05-05 20:57:20,836] Trial 12 finished with value: 1.0 and parameters: {'C': 0.11125629195861192, 'gamma': 0.03178029616001097}. Best is trial 0 with value: 1.0.
[I 2025-05-05 20:57:21,483] Trial 13 finished with value: 1.0 and parameters: {'C': 5.7742691952534075, 'gamma': 0.00614934041636507}. Best is trial 0 with value: 1.0.
[I 2025-05-05 20:57:21,507] Trial 14 finished with value: 0.95 and parameters: {'C': 65.34811676864918, 'gamma': 0.09381599947348813}. Best is trial 0 with value: 1.0.
[I 2025-05-05 20:57:21,533] Trial 15 finished with value: 0.85 and parameters: {'C': 1.1065911809032312, 'gamma': 0.0018510788404302657}. Best is trial 0 with value: 1.0.
[I 2025-05-05 20:57:21,555] Trial 16 finished with value: 0.95 and parameters: {'C': 0.1906023345857112, 'gamma': 0.01215257411619078}. Best is trial 0 with value: 1.0.
[I 2025-05-05 20:57:21,590] Trial 17 finished with value: 0.85 and parameters: {'C': 11.54145801926214, 'gamma': 0.9263329764161465}. Best is trial 0 with value: 1.0.
[I 2025-05-05 20:57:22,240] Trial 18 finished with value: 0.85 and parameters: {'C': 0.05244739950250245, 'gamma': 0.000548696712467431}. Best is trial 0 with value: 1.0.
[I 2025-05-05 20:57:22,264] Trial 19 finished with value: 0.95 and parameters: {'C': 2.925979134999682, 'gamma': 0.13173443957996878}. Best is trial 0 with value: 1.0.
[I 2025-05-05 20:57:22,289] Trial 20 finished with value: 1.0 and parameters: {'C': 30.97073926052814, 'gamma': 0.022690817654084077}. Best is trial 0 with value: 1.0.
[I 2025-05-05 20:57:22,311] Trial 21 finished with value: 1.0 and parameters: {'C': 0.778289075681305, 'gamma': 0.051179521551352906}. Best is trial 0 with value: 1.0.
[I 2025-05-05 20:57:22,952] Trial 22 finished with value: 0.9 and parameters: {'C': 0.36118808663085855, 'gamma': 0.005501060467210585}. Best is trial 0 with value: 1.0.
[I 2025-05-05 20:57:23,592] Trial 23 finished with value: 1.0 and parameters: {'C': 1.7232310582841521, 'gamma': 0.030004280306222802}. Best is trial 0 with value: 1.0.
[I 2025-05-05 20:57:23,615] Trial 24 finished with value: 0.95 and parameters: {'C': 0.36701104934586737, 'gamma': 0.08170101049606555}. Best is trial 0 with value: 1.0.
[I 2025-05-05 20:57:23,636] Trial 25 finished with value: 1.0 and parameters: {'C': 5.403451015468944, 'gamma': 0.01935439390631312}. Best is trial 0 with value: 1.0.
[I 2025-05-05 20:57:23,660] Trial 26 finished with value: 0.95 and parameters: {'C': 1.2695643006526183, 'gamma': 0.17567718091534587}. Best is trial 0 with value: 1.0.
[I 2025-05-05 20:57:23,681] Trial 27 finished with value: 0.95 and parameters: {'C': 0.04977842653260786, 'gamma': 0.00864727128954787}. Best is trial 0 with value: 1.0.
[I 2025-05-05 20:57:23,705] Trial 28 finished with value: 1.0 and parameters: {'C': 0.43859845797031166, 'gamma': 0.056467475627154075}. Best is trial 0 with value: 1.0.
[I 2025-05-05 20:57:23,725] Trial 29 finished with value: 0.85 and parameters: {'C': 0.813214449629845, 'gamma': 0.002786589835016373}. Best is trial 0 with value: 1.0.
[I 2025-05-05 20:57:26,143] A new study created in memory with name: logreg
Parámetros guardados en checkpoint_shoppers_Dlatent_Roriginal_ft_A/lc/IPC_10/best_models_lc_seed_0/svc_best_params.json


>>> Optuna tuning logreg metodo lc IPC 10 seed 0


[I 2025-05-05 20:57:28,451] Trial 0 finished with value: 1.0 and parameters: {'C': 0.5547119471592125, 'penalty': 'l2'}. Best is trial 0 with value: 1.0.
[I 2025-05-05 20:57:28,661] Trial 1 finished with value: 1.0 and parameters: {'C': 3.7665768415992953, 'penalty': 'l2'}. Best is trial 0 with value: 1.0.
[I 2025-05-05 20:57:28,679] Trial 2 finished with value: 1.0 and parameters: {'C': 1.032326035197657, 'penalty': 'l2'}. Best is trial 0 with value: 1.0.
[I 2025-05-05 20:57:28,692] Trial 3 finished with value: 1.0 and parameters: {'C': 0.530170934757683, 'penalty': 'l2'}. Best is trial 0 with value: 1.0.
[I 2025-05-05 20:57:28,707] Trial 4 finished with value: 1.0 and parameters: {'C': 0.13130280280658593, 'penalty': 'l2'}. Best is trial 0 with value: 1.0.
[I 2025-05-05 20:57:28,720] Trial 5 finished with value: 1.0 and parameters: {'C': 1.6961746387290997, 'penalty': 'l2'}. Best is trial 0 with value: 1.0.
[I 2025-05-05 20:57:28,745] Trial 6 finished with value: 1.0 and parameters: {'C': 0.15414734761917095, 'penalty': 'l2'}. Best is trial 0 with value: 1.0.
[I 2025-05-05 20:57:28,770] Trial 7 finished with value: 1.0 and parameters: {'C': 28.765041432546976, 'penalty': 'l2'}. Best is trial 0 with value: 1.0.
[I 2025-05-05 20:57:28,796] Trial 8 finished with value: 1.0 and parameters: {'C': 65.81332043291806, 'penalty': 'l2'}. Best is trial 0 with value: 1.0.
[I 2025-05-05 20:57:28,821] Trial 9 finished with value: 1.0 and parameters: {'C': 0.08264328927007726, 'penalty': 'l2'}. Best is trial 0 with value: 1.0.
[I 2025-05-05 20:57:28,841] Trial 10 finished with value: 1.0 and parameters: {'C': 0.002101331318459542, 'penalty': 'l2'}. Best is trial 0 with value: 1.0.
[I 2025-05-05 20:57:29,535] Trial 11 finished with value: 1.0 and parameters: {'C': 4.633367351841861, 'penalty': 'l2'}. Best is trial 0 with value: 1.0.
[I 2025-05-05 20:57:30,179] Trial 12 finished with value: 1.0 and parameters: {'C': 10.055405308640239, 'penalty': 'l2'}. Best is trial 0 with value: 1.0.
[I 2025-05-05 20:57:30,207] Trial 13 finished with value: 1.0 and parameters: {'C': 0.014425984023162081, 'penalty': 'l2'}. Best is trial 0 with value: 1.0.
[I 2025-05-05 20:57:30,235] Trial 14 finished with value: 1.0 and parameters: {'C': 7.846424245061355, 'penalty': 'l2'}. Best is trial 0 with value: 1.0.
[I 2025-05-05 20:57:30,253] Trial 15 finished with value: 1.0 and parameters: {'C': 0.029806594166772525, 'penalty': 'l2'}. Best is trial 0 with value: 1.0.
[I 2025-05-05 20:57:30,280] Trial 16 finished with value: 1.0 and parameters: {'C': 2.0720884860217788, 'penalty': 'l2'}. Best is trial 0 with value: 1.0.
[I 2025-05-05 20:57:30,313] Trial 17 finished with value: 1.0 and parameters: {'C': 0.3861233938158251, 'penalty': 'l2'}. Best is trial 0 with value: 1.0.
[I 2025-05-05 20:57:30,970] Trial 18 finished with value: 1.0 and parameters: {'C': 0.0011621032755888918, 'penalty': 'l2'}. Best is trial 0 with value: 1.0.
[I 2025-05-05 20:57:30,988] Trial 19 finished with value: 1.0 and parameters: {'C': 19.99434203114988, 'penalty': 'l2'}. Best is trial 0 with value: 1.0.
[I 2025-05-05 20:57:31,006] Trial 20 finished with value: 1.0 and parameters: {'C': 0.011597651184764121, 'penalty': 'l2'}. Best is trial 0 with value: 1.0.
[I 2025-05-05 20:57:31,669] Trial 21 finished with value: 1.0 and parameters: {'C': 1.100291514185267, 'penalty': 'l2'}. Best is trial 0 with value: 1.0.
[I 2025-05-05 20:57:31,702] Trial 22 finished with value: 1.0 and parameters: {'C': 0.853564303721541, 'penalty': 'l2'}. Best is trial 0 with value: 1.0.
[I 2025-05-05 20:57:32,351] Trial 23 finished with value: 1.0 and parameters: {'C': 2.5745296139400353, 'penalty': 'l2'}. Best is trial 0 with value: 1.0.
[I 2025-05-05 20:57:32,370] Trial 24 finished with value: 1.0 and parameters: {'C': 0.3864647968234187, 'penalty': 'l2'}. Best is trial 0 with value: 1.0.
[I 2025-05-05 20:57:32,392] Trial 25 finished with value: 1.0 and parameters: {'C': 3.6470576843411724, 'penalty': 'l2'}. Best is trial 0 with value: 1.0.
[I 2025-05-05 20:57:32,423] Trial 26 finished with value: 1.0 and parameters: {'C': 0.06123441009874352, 'penalty': 'l2'}. Best is trial 0 with value: 1.0.
[I 2025-05-05 20:57:32,454] Trial 27 finished with value: 1.0 and parameters: {'C': 0.25979968690531413, 'penalty': 'l2'}. Best is trial 0 with value: 1.0.
[I 2025-05-05 20:57:32,475] Trial 28 finished with value: 1.0 and parameters: {'C': 10.85710515584724, 'penalty': 'l2'}. Best is trial 0 with value: 1.0.
[I 2025-05-05 20:57:32,504] Trial 29 finished with value: 1.0 and parameters: {'C': 0.6131209571120881, 'penalty': 'l2'}. Best is trial 0 with value: 1.0.
/data/home/rtabares/anaconda3/envs/pyth3.12/lib/python3.12/site-packages/xgboost/core.py:377: FutureWarning: Your system has an old version of glibc (< 2.28). We will stop supporting Linux distros with glibc older than 2.28 after **May 31, 2025**. Please upgrade to a recent Linux distro (with glibc >= 2.28) to use future versions of XGBoost.
Note: You have installed the 'manylinux2014' variant of XGBoost. Certain features such as GPU algorithms or federated learning are not available. To use these features, please upgrade to a recent Linux distro with glibc 2.28+, and install the 'manylinux_2_28' variant.
  warnings.warn(
[I 2025-05-05 20:57:34,390] A new study created in memory with name: mlp
/data/home/rtabares/anaconda3/envs/pyth3.12/lib/python3.12/site-packages/sklearn/neural_network/_multilayer_perceptron.py:691: ConvergenceWarning: Stochastic Optimizer: Maximum iterations (50) reached and the optimization hasn't converged yet.
  warnings.warn(
/data/home/rtabares/anaconda3/envs/pyth3.12/lib/python3.12/site-packages/sklearn/neural_network/_multilayer_perceptron.py:691: ConvergenceWarning: Stochastic Optimizer: Maximum iterations (50) reached and the optimization hasn't converged yet.
  warnings.warn(
/data/home/rtabares/anaconda3/envs/pyth3.12/lib/python3.12/site-packages/sklearn/neural_network/_multilayer_perceptron.py:691: ConvergenceWarning: Stochastic Optimizer: Maximum iterations (50) reached and the optimization hasn't converged yet.
  warnings.warn(
/data/home/rtabares/anaconda3/envs/pyth3.12/lib/python3.12/site-packages/sklearn/neural_network/_multilayer_perceptron.py:691: ConvergenceWarning: Stochastic Optimizer: Maximum iterations (50) reached and the optimization hasn't converged yet.
  warnings.warn(
/data/home/rtabares/anaconda3/envs/pyth3.12/lib/python3.12/site-packages/sklearn/neural_network/_multilayer_perceptron.py:691: ConvergenceWarning: Stochastic Optimizer: Maximum iterations (50) reached and the optimization hasn't converged yet.
  warnings.warn(
