[I 2025-05-04 17:55:15,598] Trial 18 finished with value: 0.9 and parameters: {'n_estimators': 40, 'max_depth': 5, 'gamma': 0.6579725967614248, 'subsample': 0.5010305091550593, 'colsample_bytree': 0.7240792844577736}. Best is trial 10 with value: 1.0.
[I 2025-05-04 17:55:15,637] Trial 19 finished with value: 0.9 and parameters: {'n_estimators': 10, 'max_depth': 5, 'gamma': 0.4633609192334822, 'subsample': 0.8824565196610772, 'colsample_bytree': 0.9943207699442902}. Best is trial 10 with value: 1.0.
[I 2025-05-04 17:55:15,684] Trial 20 finished with value: 1.0 and parameters: {'n_estimators': 100, 'max_depth': 30, 'gamma': 0.31378730768406765, 'subsample': 0.5491504209150283, 'colsample_bytree': 0.6252957694740536}. Best is trial 10 with value: 1.0.
[I 2025-05-04 17:55:15,735] Trial 21 finished with value: 1.0 and parameters: {'n_estimators': 100, 'max_depth': 5, 'gamma': 0.3649023306540045, 'subsample': 0.5287778055075592, 'colsample_bytree': 0.5504740513621201}. Best is trial 10 with value: 1.0.
[I 2025-05-04 17:55:15,783] Trial 22 finished with value: 0.9 and parameters: {'n_estimators': 100, 'max_depth': 5, 'gamma': 0.21140577945724157, 'subsample': 0.6039910008753544, 'colsample_bytree': 0.507692694886998}. Best is trial 10 with value: 1.0.
[I 2025-05-04 17:55:15,831] Trial 23 finished with value: 0.9 and parameters: {'n_estimators': 100, 'max_depth': 5, 'gamma': 0.3237405189686553, 'subsample': 0.6578493838195179, 'colsample_bytree': 0.5605068047471561}. Best is trial 10 with value: 1.0.
[I 2025-05-04 17:55:15,879] Trial 24 finished with value: 1.0 and parameters: {'n_estimators': 100, 'max_depth': 5, 'gamma': 0.4409775320518112, 'subsample': 0.5323374204864033, 'colsample_bytree': 0.5310349585524662}. Best is trial 10 with value: 1.0.
[I 2025-05-04 17:55:15,929] Trial 25 finished with value: 0.9 and parameters: {'n_estimators': 100, 'max_depth': 5, 'gamma': 0.5751849661657417, 'subsample': 0.7002405323467326, 'colsample_bytree': 0.5875695188086721}. Best is trial 10 with value: 1.0.
[I 2025-05-04 17:55:15,977] Trial 26 finished with value: 0.9 and parameters: {'n_estimators': 100, 'max_depth': 5, 'gamma': 0.36125521744176414, 'subsample': 0.5396903321241519, 'colsample_bytree': 0.6491831672771857}. Best is trial 10 with value: 1.0.
[I 2025-05-04 17:55:16,025] Trial 27 finished with value: 0.9 and parameters: {'n_estimators': 100, 'max_depth': 5, 'gamma': 0.10503601588145156, 'subsample': 0.5029333807899479, 'colsample_bytree': 0.6880403246423379}. Best is trial 10 with value: 1.0.
[I 2025-05-04 17:55:16,065] Trial 28 finished with value: 0.9 and parameters: {'n_estimators': 10, 'max_depth': 30, 'gamma': 0.23328899885644733, 'subsample': 0.6105817322720535, 'colsample_bytree': 0.5023926601644326}. Best is trial 10 with value: 1.0.
[I 2025-05-04 17:55:16,104] Trial 29 finished with value: 0.9 and parameters: {'n_estimators': 40, 'max_depth': 5, 'gamma': 0.2743384267175247, 'subsample': 0.7080117125155982, 'colsample_bytree': 0.836494940974843}. Best is trial 10 with value: 1.0.
[I 2025-05-04 17:55:18,081] A new study created in memory with name: rf
[I 2025-05-04 17:55:21,198] Trial 0 finished with value: 1.0 and parameters: {'n_estimators': 274, 'max_depth': 3, 'min_samples_split': 6, 'min_samples_leaf': 5}. Best is trial 0 with value: 1.0.
Parámetros guardados en checkpoint_shoppers_Dlatent_Roriginal/lc/best_models_lc_seed_2/xgb_best_params.json


>>> Optuna tuning rf


[I 2025-05-04 17:55:21,987] Trial 1 finished with value: 0.5 and parameters: {'n_estimators': 268, 'max_depth': 8, 'min_samples_split': 3, 'min_samples_leaf': 7}. Best is trial 0 with value: 1.0.
[I 2025-05-04 17:55:22,333] Trial 2 finished with value: 1.0 and parameters: {'n_estimators': 220, 'max_depth': 7, 'min_samples_split': 7, 'min_samples_leaf': 6}. Best is trial 0 with value: 1.0.
[I 2025-05-04 17:55:22,604] Trial 3 finished with value: 0.5 and parameters: {'n_estimators': 153, 'max_depth': 12, 'min_samples_split': 3, 'min_samples_leaf': 8}. Best is trial 0 with value: 1.0.
[I 2025-05-04 17:55:23,151] Trial 4 finished with value: 1.0 and parameters: {'n_estimators': 442, 'max_depth': 11, 'min_samples_split': 9, 'min_samples_leaf': 1}. Best is trial 0 with value: 1.0.
[I 2025-05-04 17:55:23,563] Trial 5 finished with value: 1.0 and parameters: {'n_estimators': 302, 'max_depth': 4, 'min_samples_split': 5, 'min_samples_leaf': 1}. Best is trial 0 with value: 1.0.
[I 2025-05-04 17:55:23,832] Trial 6 finished with value: 1.0 and parameters: {'n_estimators': 150, 'max_depth': 13, 'min_samples_split': 4, 'min_samples_leaf': 2}. Best is trial 0 with value: 1.0.
[I 2025-05-04 17:55:24,122] Trial 7 finished with value: 1.0 and parameters: {'n_estimators': 188, 'max_depth': 9, 'min_samples_split': 6, 'min_samples_leaf': 3}. Best is trial 0 with value: 1.0.
[I 2025-05-04 17:55:24,553] Trial 8 finished with value: 1.0 and parameters: {'n_estimators': 356, 'max_depth': 11, 'min_samples_split': 6, 'min_samples_leaf': 4}. Best is trial 0 with value: 1.0.
[I 2025-05-04 17:55:25,065] Trial 9 finished with value: 0.5 and parameters: {'n_estimators': 418, 'max_depth': 13, 'min_samples_split': 3, 'min_samples_leaf': 8}. Best is trial 0 with value: 1.0.
[I 2025-05-04 17:55:25,511] Trial 10 finished with value: 0.5 and parameters: {'n_estimators': 331, 'max_depth': 19, 'min_samples_split': 10, 'min_samples_leaf': 10}. Best is trial 0 with value: 1.0.
[I 2025-05-04 17:55:25,857] Trial 11 finished with value: 1.0 and parameters: {'n_estimators': 235, 'max_depth': 4, 'min_samples_split': 8, 'min_samples_leaf': 5}. Best is trial 0 with value: 1.0.
[I 2025-05-04 17:55:26,791] Trial 12 finished with value: 1.0 and parameters: {'n_estimators': 233, 'max_depth': 3, 'min_samples_split': 8, 'min_samples_leaf': 6}. Best is trial 0 with value: 1.0.
[I 2025-05-04 17:55:27,915] Trial 13 finished with value: 1.0 and parameters: {'n_estimators': 388, 'max_depth': 7, 'min_samples_split': 7, 'min_samples_leaf': 5}. Best is trial 0 with value: 1.0.
[I 2025-05-04 17:55:28,160] Trial 14 finished with value: 0.8 and parameters: {'n_estimators': 208, 'max_depth': 6, 'min_samples_split': 5, 'min_samples_leaf': 6}. Best is trial 0 with value: 1.0.
[I 2025-05-04 17:55:28,665] Trial 15 finished with value: 1.0 and parameters: {'n_estimators': 477, 'max_depth': 6, 'min_samples_split': 7, 'min_samples_leaf': 4}. Best is trial 0 with value: 1.0.
[I 2025-05-04 17:55:28,847] Trial 16 finished with value: 0.5 and parameters: {'n_estimators': 108, 'max_depth': 16, 'min_samples_split': 7, 'min_samples_leaf': 10}. Best is trial 0 with value: 1.0.
[I 2025-05-04 17:55:29,214] Trial 17 finished with value: 0.5 and parameters: {'n_estimators': 301, 'max_depth': 5, 'min_samples_split': 5, 'min_samples_leaf': 8}. Best is trial 0 with value: 1.0.
[I 2025-05-04 17:55:29,508] Trial 18 finished with value: 0.6 and parameters: {'n_estimators': 266, 'max_depth': 9, 'min_samples_split': 2, 'min_samples_leaf': 7}. Best is trial 0 with value: 1.0.
[I 2025-05-04 17:55:29,742] Trial 19 finished with value: 1.0 and parameters: {'n_estimators': 167, 'max_depth': 3, 'min_samples_split': 9, 'min_samples_leaf': 4}. Best is trial 0 with value: 1.0.
[I 2025-05-04 17:55:29,927] Trial 20 finished with value: 1.0 and parameters: {'n_estimators': 107, 'max_depth': 8, 'min_samples_split': 8, 'min_samples_leaf': 3}. Best is trial 0 with value: 1.0.
[I 2025-05-04 17:55:30,406] Trial 21 finished with value: 1.0 and parameters: {'n_estimators': 445, 'max_depth': 15, 'min_samples_split': 10, 'min_samples_leaf': 1}. Best is trial 0 with value: 1.0.
[I 2025-05-04 17:55:30,793] Trial 22 finished with value: 1.0 and parameters: {'n_estimators': 350, 'max_depth': 10, 'min_samples_split': 9, 'min_samples_leaf': 2}. Best is trial 0 with value: 1.0.
[I 2025-05-04 17:55:31,319] Trial 23 finished with value: 0.55 and parameters: {'n_estimators': 485, 'max_depth': 6, 'min_samples_split': 9, 'min_samples_leaf': 7}. Best is trial 0 with value: 1.0.
[I 2025-05-04 17:55:31,626] Trial 24 finished with value: 0.5 and parameters: {'n_estimators': 247, 'max_depth': 11, 'min_samples_split': 7, 'min_samples_leaf': 9}. Best is trial 0 with value: 1.0.
[I 2025-05-04 17:55:32,083] Trial 25 finished with value: 1.0 and parameters: {'n_estimators': 389, 'max_depth': 15, 'min_samples_split': 6, 'min_samples_leaf': 5}. Best is trial 0 with value: 1.0.
[I 2025-05-04 17:55:32,588] Trial 26 finished with value: 1.0 and parameters: {'n_estimators': 287, 'max_depth': 5, 'min_samples_split': 8, 'min_samples_leaf': 3}. Best is trial 0 with value: 1.0.
[I 2025-05-04 17:55:32,976] Trial 27 finished with value: 1.0 and parameters: {'n_estimators': 327, 'max_depth': 20, 'min_samples_split': 6, 'min_samples_leaf': 6}. Best is trial 0 with value: 1.0.
[I 2025-05-04 17:55:33,275] Trial 28 finished with value: 1.0 and parameters: {'n_estimators': 210, 'max_depth': 8, 'min_samples_split': 9, 'min_samples_leaf': 2}. Best is trial 0 with value: 1.0.
[I 2025-05-04 17:55:33,633] Trial 29 finished with value: 0.5 and parameters: {'n_estimators': 275, 'max_depth': 9, 'min_samples_split': 4, 'min_samples_leaf': 7}. Best is trial 0 with value: 1.0.
[I 2025-05-04 17:55:37,761] A new study created in memory with name: svc
Parámetros guardados en checkpoint_shoppers_Dlatent_Roriginal/lc/best_models_lc_seed_2/rf_best_params.json


>>> Optuna tuning svc


[I 2025-05-04 17:55:38,954] Trial 0 finished with value: 0.7 and parameters: {'C': 0.5545996722241048, 'gamma': 0.00012697111322756423}. Best is trial 0 with value: 0.7.
[I 2025-05-04 17:55:39,051] Trial 1 finished with value: 0.8 and parameters: {'C': 1.579973895360496, 'gamma': 0.005511750757691415}. Best is trial 1 with value: 0.8.
[I 2025-05-04 17:55:39,067] Trial 2 finished with value: 0.75 and parameters: {'C': 0.48025424062174377, 'gamma': 0.002095749079193946}. Best is trial 1 with value: 0.8.
[I 2025-05-04 17:55:39,081] Trial 3 finished with value: 0.85 and parameters: {'C': 0.06585587677899403, 'gamma': 0.029997417348655162}. Best is trial 3 with value: 0.85.
[I 2025-05-04 17:55:39,094] Trial 4 finished with value: 0.75 and parameters: {'C': 0.15798603319028856, 'gamma': 0.0011676403660687692}. Best is trial 3 with value: 0.85.
[I 2025-05-04 17:55:39,108] Trial 5 finished with value: 0.95 and parameters: {'C': 3.051654279698754, 'gamma': 0.01307881440940144}. Best is trial 5 with value: 0.95.
[I 2025-05-04 17:55:39,122] Trial 6 finished with value: 0.85 and parameters: {'C': 0.034539797048540495, 'gamma': 0.01133215445049292}. Best is trial 5 with value: 0.95.
[I 2025-05-04 17:55:39,136] Trial 7 finished with value: 0.95 and parameters: {'C': 0.05467130776888186, 'gamma': 0.13846518531662885}. Best is trial 5 with value: 0.95.
[I 2025-05-04 17:55:39,151] Trial 8 finished with value: 1.0 and parameters: {'C': 26.055605528320903, 'gamma': 0.009483034914203468}. Best is trial 8 with value: 1.0.
[I 2025-05-04 17:55:39,165] Trial 9 finished with value: 0.75 and parameters: {'C': 24.335817588808105, 'gamma': 0.00020824851253449603}. Best is trial 8 with value: 1.0.
[I 2025-05-04 17:55:39,188] Trial 10 finished with value: 0.8 and parameters: {'C': 70.34063212236397, 'gamma': 0.6034438122713901}. Best is trial 8 with value: 1.0.
[I 2025-05-04 17:55:39,835] Trial 11 finished with value: 0.95 and parameters: {'C': 3.939680095150505, 'gamma': 0.04354029466352555}. Best is trial 8 with value: 1.0.
[I 2025-05-04 17:55:40,519] Trial 12 finished with value: 0.8 and parameters: {'C': 7.816956610394551, 'gamma': 0.001273550705289322}. Best is trial 8 with value: 1.0.
[I 2025-05-04 17:55:41,189] Trial 13 finished with value: 0.95 and parameters: {'C': 25.99419641486396, 'gamma': 0.07090885038188904}. Best is trial 8 with value: 1.0.
[I 2025-05-04 17:55:41,208] Trial 14 finished with value: 1.0 and parameters: {'C': 6.288465956308221, 'gamma': 0.010910338585549753}. Best is trial 8 with value: 1.0.
[I 2025-05-04 17:55:41,226] Trial 15 finished with value: 1.0 and parameters: {'C': 13.393982276162033, 'gamma': 0.003923118805105237}. Best is trial 8 with value: 1.0.
[I 2025-05-04 17:55:41,244] Trial 16 finished with value: 0.95 and parameters: {'C': 91.81343511666923, 'gamma': 0.15765962894241337}. Best is trial 8 with value: 1.0.
[I 2025-05-04 17:55:41,263] Trial 17 finished with value: 0.75 and parameters: {'C': 0.011278738109245848, 'gamma': 0.000518019138672184}. Best is trial 8 with value: 1.0.
[I 2025-05-04 17:55:41,281] Trial 18 finished with value: 1.0 and parameters: {'C': 5.4865715619238635, 'gamma': 0.020056765514155146}. Best is trial 8 with value: 1.0.
[I 2025-05-04 17:55:41,301] Trial 19 finished with value: 1.0 and parameters: {'C': 29.52259201666089, 'gamma': 0.005370484967689198}. Best is trial 8 with value: 1.0.
[I 2025-05-04 17:55:41,319] Trial 20 finished with value: 0.9 and parameters: {'C': 2.167801816629907, 'gamma': 0.5156197678494809}. Best is trial 8 with value: 1.0.
[I 2025-05-04 17:55:41,342] Trial 21 finished with value: 0.95 and parameters: {'C': 9.994946603219596, 'gamma': 0.004789680289496897}. Best is trial 8 with value: 1.0.
[I 2025-05-04 17:55:41,363] Trial 22 finished with value: 0.95 and parameters: {'C': 12.534446234942143, 'gamma': 0.002780403209872321}. Best is trial 8 with value: 1.0.
[I 2025-05-04 17:55:41,388] Trial 23 finished with value: 0.95 and parameters: {'C': 48.619853681571584, 'gamma': 0.00043688900945872106}. Best is trial 8 with value: 1.0.
[I 2025-05-04 17:55:42,088] Trial 24 finished with value: 1.0 and parameters: {'C': 13.71043270536996, 'gamma': 0.005890896918923242}. Best is trial 8 with value: 1.0.
[I 2025-05-04 17:55:42,111] Trial 25 finished with value: 0.95 and parameters: {'C': 1.2483914126209397, 'gamma': 0.016716014592624086}. Best is trial 8 with value: 1.0.
[I 2025-05-04 17:55:42,147] Trial 26 finished with value: 0.95 and parameters: {'C': 20.132465387595513, 'gamma': 0.0022436927052685613}. Best is trial 8 with value: 1.0.
[I 2025-05-04 17:55:42,170] Trial 27 finished with value: 0.95 and parameters: {'C': 5.019200059754747, 'gamma': 0.04244817353736798}. Best is trial 8 with value: 1.0.
[I 2025-05-04 17:55:42,196] Trial 28 finished with value: 0.95 and parameters: {'C': 48.94045346725962, 'gamma': 0.0007917608031511022}. Best is trial 8 with value: 1.0.
[I 2025-05-04 17:55:42,219] Trial 29 finished with value: 0.85 and parameters: {'C': 0.7871154940981229, 'gamma': 0.008007874699363106}. Best is trial 8 with value: 1.0.
[I 2025-05-04 17:55:44,631] A new study created in memory with name: logreg
Parámetros guardados en checkpoint_shoppers_Dlatent_Roriginal/lc/best_models_lc_seed_2/svc_best_params.json


>>> Optuna tuning logreg


[I 2025-05-04 17:55:47,070] Trial 0 finished with value: 0.95 and parameters: {'C': 0.15134724182275533, 'penalty': 'l2'}. Best is trial 0 with value: 0.95.
[I 2025-05-04 17:55:47,325] Trial 1 finished with value: 0.75 and parameters: {'C': 0.00134781771168027, 'penalty': 'l2'}. Best is trial 0 with value: 0.95.
[I 2025-05-04 17:55:47,354] Trial 2 finished with value: 0.95 and parameters: {'C': 0.5601603817503298, 'penalty': 'l2'}. Best is trial 0 with value: 0.95.
[I 2025-05-04 17:55:47,379] Trial 3 finished with value: 0.95 and parameters: {'C': 0.15017995265951545, 'penalty': 'l2'}. Best is trial 0 with value: 0.95.
[I 2025-05-04 17:55:47,405] Trial 4 finished with value: 0.95 and parameters: {'C': 0.1264267606498664, 'penalty': 'l2'}. Best is trial 0 with value: 0.95.
[I 2025-05-04 17:55:47,430] Trial 5 finished with value: 0.9 and parameters: {'C': 0.044840877729077515, 'penalty': 'l2'}. Best is trial 0 with value: 0.95.
[I 2025-05-04 17:55:47,455] Trial 6 finished with value: 0.75 and parameters: {'C': 0.010549774340694125, 'penalty': 'l2'}. Best is trial 0 with value: 0.95.
[I 2025-05-04 17:55:47,479] Trial 7 finished with value: 0.95 and parameters: {'C': 1.248403080828608, 'penalty': 'l2'}. Best is trial 0 with value: 0.95.
[I 2025-05-04 17:55:47,495] Trial 8 finished with value: 0.85 and parameters: {'C': 0.03149730300397853, 'penalty': 'l2'}. Best is trial 0 with value: 0.95.
[I 2025-05-04 17:55:47,509] Trial 9 finished with value: 0.75 and parameters: {'C': 0.021584220823040776, 'penalty': 'l2'}. Best is trial 0 with value: 0.95.
[I 2025-05-04 17:55:47,539] Trial 10 finished with value: 0.95 and parameters: {'C': 26.015182919619694, 'penalty': 'l2'}. Best is trial 0 with value: 0.95.
[I 2025-05-04 17:55:48,288] Trial 11 finished with value: 0.95 and parameters: {'C': 1.91258258232271, 'penalty': 'l2'}. Best is trial 0 with value: 0.95.
[I 2025-05-04 17:55:48,936] Trial 12 finished with value: 0.95 and parameters: {'C': 1.404135069757856, 'penalty': 'l2'}. Best is trial 0 with value: 0.95.
[I 2025-05-04 17:55:48,956] Trial 13 finished with value: 0.95 and parameters: {'C': 15.863136330709839, 'penalty': 'l2'}. Best is trial 0 with value: 0.95.
[I 2025-05-04 17:55:48,990] Trial 14 finished with value: 0.95 and parameters: {'C': 5.121162355819412, 'penalty': 'l2'}. Best is trial 0 with value: 0.95.
[I 2025-05-04 17:55:49,639] Trial 15 finished with value: 0.95 and parameters: {'C': 0.39687476930152576, 'penalty': 'l2'}. Best is trial 0 with value: 0.95.
[I 2025-05-04 17:55:49,660] Trial 16 finished with value: 0.75 and parameters: {'C': 0.0037954926732908403, 'penalty': 'l2'}. Best is trial 0 with value: 0.95.
[I 2025-05-04 17:55:49,691] Trial 17 finished with value: 0.95 and parameters: {'C': 0.535940171560681, 'penalty': 'l2'}. Best is trial 0 with value: 0.95.
[I 2025-05-04 17:55:50,327] Trial 18 finished with value: 0.95 and parameters: {'C': 6.282210550548353, 'penalty': 'l2'}. Best is trial 0 with value: 0.95.
[I 2025-05-04 17:55:50,358] Trial 19 finished with value: 0.95 and parameters: {'C': 95.01351998706396, 'penalty': 'l2'}. Best is trial 0 with value: 0.95.
[I 2025-05-04 17:55:50,387] Trial 20 finished with value: 0.95 and parameters: {'C': 0.11616795431157345, 'penalty': 'l2'}. Best is trial 0 with value: 0.95.
[I 2025-05-04 17:55:50,418] Trial 21 finished with value: 0.95 and parameters: {'C': 0.11447316755167201, 'penalty': 'l2'}. Best is trial 0 with value: 0.95.
[I 2025-05-04 17:55:51,075] Trial 22 finished with value: 0.95 and parameters: {'C': 0.20407062830661826, 'penalty': 'l2'}. Best is trial 0 with value: 0.95.
[I 2025-05-04 17:55:51,106] Trial 23 finished with value: 0.95 and parameters: {'C': 0.46176375178340096, 'penalty': 'l2'}. Best is trial 0 with value: 0.95.
[I 2025-05-04 17:55:51,127] Trial 24 finished with value: 0.75 and parameters: {'C': 0.011890062653900753, 'penalty': 'l2'}. Best is trial 0 with value: 0.95.
[I 2025-05-04 17:55:51,148] Trial 25 finished with value: 0.95 and parameters: {'C': 0.06805398882663664, 'penalty': 'l2'}. Best is trial 0 with value: 0.95.
[I 2025-05-04 17:55:51,178] Trial 26 finished with value: 0.95 and parameters: {'C': 0.8211829710085032, 'penalty': 'l2'}. Best is trial 0 with value: 0.95.
[I 2025-05-04 17:55:51,199] Trial 27 finished with value: 0.95 and parameters: {'C': 0.2670477737078045, 'penalty': 'l2'}. Best is trial 0 with value: 0.95.
[I 2025-05-04 17:55:51,221] Trial 28 finished with value: 0.95 and parameters: {'C': 4.084828880766218, 'penalty': 'l2'}. Best is trial 0 with value: 0.95.
[I 2025-05-04 17:55:51,244] Trial 29 finished with value: 0.75 and parameters: {'C': 0.0026979058994040465, 'penalty': 'l2'}. Best is trial 0 with value: 0.95.
/data/home/rtabares/anaconda3/envs/pyth3.12/lib/python3.12/site-packages/xgboost/core.py:377: FutureWarning: Your system has an old version of glibc (< 2.28). We will stop supporting Linux distros with glibc older than 2.28 after **May 31, 2025**. Please upgrade to a recent Linux distro (with glibc >= 2.28) to use future versions of XGBoost.
Note: You have installed the 'manylinux2014' variant of XGBoost. Certain features such as GPU algorithms or federated learning are not available. To use these features, please upgrade to a recent Linux distro with glibc 2.28+, and install the 'manylinux_2_28' variant.
  warnings.warn(
[I 2025-05-04 17:55:53,818] A new study created in memory with name: mlp
Parámetros guardados en checkpoint_shoppers_Dlatent_Roriginal/lc/best_models_lc_seed_2/logreg_best_params.json


>>> Optuna tuning mlp


/data/home/rtabares/anaconda3/envs/pyth3.12/lib/python3.12/site-packages/sklearn/neural_network/_multilayer_perceptron.py:691: ConvergenceWarning: Stochastic Optimizer: Maximum iterations (50) reached and the optimization hasn't converged yet.
  warnings.warn(
/data/home/rtabares/anaconda3/envs/pyth3.12/lib/python3.12/site-packages/sklearn/neural_network/_multilayer_perceptron.py:691: ConvergenceWarning: Stochastic Optimizer: Maximum iterations (50) reached and the optimization hasn't converged yet.
  warnings.warn(
/data/home/rtabares/anaconda3/envs/pyth3.12/lib/python3.12/site-packages/sklearn/neural_network/_multilayer_perceptron.py:691: ConvergenceWarning: Stochastic Optimizer: Maximum iterations (50) reached and the optimization hasn't converged yet.
  warnings.warn(
/data/home/rtabares/anaconda3/envs/pyth3.12/lib/python3.12/site-packages/sklearn/neural_network/_multilayer_perceptron.py:691: ConvergenceWarning: Stochastic Optimizer: Maximum iterations (50) reached and the optimization hasn't converged yet.
  warnings.warn(
/data/home/rtabares/anaconda3/envs/pyth3.12/lib/python3.12/site-packages/sklearn/neural_network/_multilayer_perceptron.py:691: ConvergenceWarning: Stochastic Optimizer: Maximum iterations (50) reached and the optimization hasn't converged yet.
  warnings.warn(
