[I 2025-05-04 17:37:56,330] Trial 12 finished with value: 0.85 and parameters: {'n_estimators': 100, 'max_depth': 5, 'gamma': 0.9766981762171831, 'subsample': 0.9967718036622596, 'colsample_bytree': 0.5927614124952651}. Best is trial 4 with value: 0.95.
/data/home/rtabares/anaconda3/envs/pyth3.12/lib/python3.12/site-packages/xgboost/core.py:377: FutureWarning: Your system has an old version of glibc (< 2.28). We will stop supporting Linux distros with glibc older than 2.28 after **May 31, 2025**. Please upgrade to a recent Linux distro (with glibc >= 2.28) to use future versions of XGBoost.
Note: You have installed the 'manylinux2014' variant of XGBoost. Certain features such as GPU algorithms or federated learning are not available. To use these features, please upgrade to a recent Linux distro with glibc 2.28+, and install the 'manylinux_2_28' variant.
  warnings.warn(
[I 2025-05-04 17:37:56,971] Trial 13 finished with value: 0.9 and parameters: {'n_estimators': 40, 'max_depth': 5, 'gamma': 0.4545329750638107, 'subsample': 0.9047426886772557, 'colsample_bytree': 0.7094449800380046}. Best is trial 4 with value: 0.95.
/data/home/rtabares/anaconda3/envs/pyth3.12/lib/python3.12/site-packages/xgboost/core.py:377: FutureWarning: Your system has an old version of glibc (< 2.28). We will stop supporting Linux distros with glibc older than 2.28 after **May 31, 2025**. Please upgrade to a recent Linux distro (with glibc >= 2.28) to use future versions of XGBoost.
Note: You have installed the 'manylinux2014' variant of XGBoost. Certain features such as GPU algorithms or federated learning are not available. To use these features, please upgrade to a recent Linux distro with glibc 2.28+, and install the 'manylinux_2_28' variant.
  warnings.warn(
[I 2025-05-04 17:37:57,624] Trial 14 finished with value: 0.85 and parameters: {'n_estimators': 10, 'max_depth': 20, 'gamma': 0.10660538917551399, 'subsample': 0.790621005895459, 'colsample_bytree': 0.5693061184710396}. Best is trial 4 with value: 0.95.
/data/home/rtabares/anaconda3/envs/pyth3.12/lib/python3.12/site-packages/xgboost/core.py:377: FutureWarning: Your system has an old version of glibc (< 2.28). We will stop supporting Linux distros with glibc older than 2.28 after **May 31, 2025**. Please upgrade to a recent Linux distro (with glibc >= 2.28) to use future versions of XGBoost.
Note: You have installed the 'manylinux2014' variant of XGBoost. Certain features such as GPU algorithms or federated learning are not available. To use these features, please upgrade to a recent Linux distro with glibc 2.28+, and install the 'manylinux_2_28' variant.
  warnings.warn(
[I 2025-05-04 17:37:58,256] Trial 15 finished with value: 0.95 and parameters: {'n_estimators': 40, 'max_depth': 20, 'gamma': 0.8698598656429002, 'subsample': 0.9154914404897404, 'colsample_bytree': 0.9845212264211136}. Best is trial 4 with value: 0.95.
[I 2025-05-04 17:37:58,296] Trial 16 finished with value: 0.9 and parameters: {'n_estimators': 40, 'max_depth': 20, 'gamma': 0.5218106356406116, 'subsample': 0.7732795449421657, 'colsample_bytree': 0.9828543656873455}. Best is trial 4 with value: 0.95.
/data/home/rtabares/anaconda3/envs/pyth3.12/lib/python3.12/site-packages/xgboost/core.py:377: FutureWarning: Your system has an old version of glibc (< 2.28). We will stop supporting Linux distros with glibc older than 2.28 after **May 31, 2025**. Please upgrade to a recent Linux distro (with glibc >= 2.28) to use future versions of XGBoost.
Note: You have installed the 'manylinux2014' variant of XGBoost. Certain features such as GPU algorithms or federated learning are not available. To use these features, please upgrade to a recent Linux distro with glibc 2.28+, and install the 'manylinux_2_28' variant.
  warnings.warn(
[I 2025-05-04 17:37:58,929] Trial 17 finished with value: 0.85 and parameters: {'n_estimators': 40, 'max_depth': 20, 'gamma': 0.31901565096892887, 'subsample': 0.8917800218896802, 'colsample_bytree': 0.8755927837219148}. Best is trial 4 with value: 0.95.
[I 2025-05-04 17:37:58,968] Trial 18 finished with value: 0.9 and parameters: {'n_estimators': 40, 'max_depth': 20, 'gamma': 0.8619179185048809, 'subsample': 0.9137294176360062, 'colsample_bytree': 0.9202087999284901}. Best is trial 4 with value: 0.95.
[I 2025-05-04 17:37:59,005] Trial 19 finished with value: 0.9 and parameters: {'n_estimators': 40, 'max_depth': 20, 'gamma': 0.4694052636334751, 'subsample': 0.8112860612361887, 'colsample_bytree': 0.7518650984357634}. Best is trial 4 with value: 0.95.
[I 2025-05-04 17:37:59,044] Trial 20 finished with value: 0.9 and parameters: {'n_estimators': 40, 'max_depth': 20, 'gamma': 0.20591004068626967, 'subsample': 0.7399877447121446, 'colsample_bytree': 0.9961743319801012}. Best is trial 4 with value: 0.95.
[I 2025-05-04 17:37:59,093] Trial 21 finished with value: 0.8 and parameters: {'n_estimators': 100, 'max_depth': 5, 'gamma': 0.8637753175886425, 'subsample': 0.9405743351181188, 'colsample_bytree': 0.6231598333536429}. Best is trial 4 with value: 0.95.
[I 2025-05-04 17:37:59,142] Trial 22 finished with value: 0.9 and parameters: {'n_estimators': 100, 'max_depth': 5, 'gamma': 0.8609983917242179, 'subsample': 0.973409842372751, 'colsample_bytree': 0.5318764050580834}. Best is trial 4 with value: 0.95.
[I 2025-05-04 17:37:59,180] Trial 23 finished with value: 0.85 and parameters: {'n_estimators': 10, 'max_depth': 30, 'gamma': 0.7640669215719029, 'subsample': 0.876595913917096, 'colsample_bytree': 0.6760941801910645}. Best is trial 4 with value: 0.95.
[I 2025-05-04 17:37:59,224] Trial 24 finished with value: 0.95 and parameters: {'n_estimators': 40, 'max_depth': 20, 'gamma': 0.9224299487610889, 'subsample': 0.9223056091266487, 'colsample_bytree': 0.5474740095076226}. Best is trial 4 with value: 0.95.
[I 2025-05-04 17:37:59,266] Trial 25 finished with value: 0.85 and parameters: {'n_estimators': 40, 'max_depth': 20, 'gamma': 0.9951893677895376, 'subsample': 0.9146475607647782, 'colsample_bytree': 0.6240667157938151}. Best is trial 4 with value: 0.95.
[I 2025-05-04 17:37:59,304] Trial 26 finished with value: 0.85 and parameters: {'n_estimators': 40, 'max_depth': 20, 'gamma': 0.6297316307321059, 'subsample': 0.8477873743038793, 'colsample_bytree': 0.7388331571308324}. Best is trial 4 with value: 0.95.
[I 2025-05-04 17:37:59,344] Trial 27 finished with value: 0.9 and parameters: {'n_estimators': 40, 'max_depth': 20, 'gamma': 0.9220867167692985, 'subsample': 0.9990285743385804, 'colsample_bytree': 0.5823515348771457}. Best is trial 4 with value: 0.95.
[I 2025-05-04 17:37:59,383] Trial 28 finished with value: 0.85 and parameters: {'n_estimators': 40, 'max_depth': 20, 'gamma': 0.7746060904712669, 'subsample': 0.8111367497909087, 'colsample_bytree': 0.8715542857116858}. Best is trial 4 with value: 0.95.
[I 2025-05-04 17:37:59,422] Trial 29 finished with value: 0.85 and parameters: {'n_estimators': 40, 'max_depth': 20, 'gamma': 0.3282549901864451, 'subsample': 0.644853983781188, 'colsample_bytree': 0.7069059306217704}. Best is trial 4 with value: 0.95.
[I 2025-05-04 17:38:01,257] A new study created in memory with name: rf
Parámetros guardados en checkpoint_shoppers_Dlatent_Roriginal_ft/k-means/best_models_k-means_seed_1/xgb_best_params.json


>>> Optuna tuning rf


[I 2025-05-04 17:38:04,023] Trial 0 finished with value: 0.85 and parameters: {'n_estimators': 267, 'max_depth': 15, 'min_samples_split': 2, 'min_samples_leaf': 4}. Best is trial 0 with value: 0.85.
[I 2025-05-04 17:38:04,497] Trial 1 finished with value: 0.85 and parameters: {'n_estimators': 158, 'max_depth': 4, 'min_samples_split': 3, 'min_samples_leaf': 4}. Best is trial 0 with value: 0.85.
[I 2025-05-04 17:38:04,817] Trial 2 finished with value: 0.5 and parameters: {'n_estimators': 259, 'max_depth': 12, 'min_samples_split': 5, 'min_samples_leaf': 7}. Best is trial 0 with value: 0.85.
[I 2025-05-04 17:38:05,074] Trial 3 finished with value: 0.5 and parameters: {'n_estimators': 181, 'max_depth': 18, 'min_samples_split': 2, 'min_samples_leaf': 7}. Best is trial 0 with value: 0.85.
[I 2025-05-04 17:38:05,420] Trial 4 finished with value: 0.9 and parameters: {'n_estimators': 267, 'max_depth': 13, 'min_samples_split': 3, 'min_samples_leaf': 2}. Best is trial 4 with value: 0.9.
[I 2025-05-04 17:38:05,880] Trial 5 finished with value: 0.5 and parameters: {'n_estimators': 421, 'max_depth': 20, 'min_samples_split': 4, 'min_samples_leaf': 7}. Best is trial 4 with value: 0.9.
[I 2025-05-04 17:38:06,402] Trial 6 finished with value: 0.95 and parameters: {'n_estimators': 451, 'max_depth': 19, 'min_samples_split': 2, 'min_samples_leaf': 1}. Best is trial 6 with value: 0.95.
[I 2025-05-04 17:38:06,641] Trial 7 finished with value: 0.85 and parameters: {'n_estimators': 168, 'max_depth': 18, 'min_samples_split': 2, 'min_samples_leaf': 5}. Best is trial 6 with value: 0.95.
[I 2025-05-04 17:38:07,172] Trial 8 finished with value: 0.85 and parameters: {'n_estimators': 484, 'max_depth': 12, 'min_samples_split': 8, 'min_samples_leaf': 4}. Best is trial 6 with value: 0.95.
[I 2025-05-04 17:38:07,614] Trial 9 finished with value: 0.5 and parameters: {'n_estimators': 375, 'max_depth': 18, 'min_samples_split': 2, 'min_samples_leaf': 8}. Best is trial 6 with value: 0.95.
[I 2025-05-04 17:38:08,242] Trial 10 finished with value: 0.85 and parameters: {'n_estimators': 498, 'max_depth': 6, 'min_samples_split': 10, 'min_samples_leaf': 1}. Best is trial 6 with value: 0.95.
[I 2025-05-04 17:38:09,262] Trial 11 finished with value: 0.9 and parameters: {'n_estimators': 338, 'max_depth': 8, 'min_samples_split': 6, 'min_samples_leaf': 1}. Best is trial 6 with value: 0.95.
[I 2025-05-04 17:38:09,570] Trial 12 finished with value: 0.85 and parameters: {'n_estimators': 239, 'max_depth': 15, 'min_samples_split': 4, 'min_samples_leaf': 2}. Best is trial 6 with value: 0.95.
[I 2025-05-04 17:38:10,582] Trial 13 finished with value: 0.8 and parameters: {'n_estimators': 323, 'max_depth': 9, 'min_samples_split': 6, 'min_samples_leaf': 2}. Best is trial 6 with value: 0.95.
[I 2025-05-04 17:38:11,360] Trial 14 finished with value: 0.8 and parameters: {'n_estimators': 105, 'max_depth': 15, 'min_samples_split': 4, 'min_samples_leaf': 3}. Best is trial 6 with value: 0.95.
[I 2025-05-04 17:38:11,866] Trial 15 finished with value: 0.5 and parameters: {'n_estimators': 426, 'max_depth': 10, 'min_samples_split': 7, 'min_samples_leaf': 10}. Best is trial 6 with value: 0.95.
[I 2025-05-04 17:38:12,272] Trial 16 finished with value: 0.9 and parameters: {'n_estimators': 379, 'max_depth': 20, 'min_samples_split': 3, 'min_samples_leaf': 2}. Best is trial 6 with value: 0.95.
[I 2025-05-04 17:38:12,586] Trial 17 finished with value: 0.9 and parameters: {'n_estimators': 218, 'max_depth': 14, 'min_samples_split': 3, 'min_samples_leaf': 1}. Best is trial 6 with value: 0.95.
[I 2025-05-04 17:38:12,923] Trial 18 finished with value: 0.85 and parameters: {'n_estimators': 307, 'max_depth': 3, 'min_samples_split': 5, 'min_samples_leaf': 3}. Best is trial 6 with value: 0.95.
[I 2025-05-04 17:38:13,430] Trial 19 finished with value: 0.9 and parameters: {'n_estimators': 434, 'max_depth': 17, 'min_samples_split': 9, 'min_samples_leaf': 5}. Best is trial 6 with value: 0.95.
[I 2025-05-04 17:38:13,868] Trial 20 finished with value: 0.9 and parameters: {'n_estimators': 357, 'max_depth': 13, 'min_samples_split': 5, 'min_samples_leaf': 3}. Best is trial 6 with value: 0.95.
[I 2025-05-04 17:38:14,295] Trial 21 finished with value: 0.9 and parameters: {'n_estimators': 338, 'max_depth': 7, 'min_samples_split': 7, 'min_samples_leaf': 1}. Best is trial 6 with value: 0.95.
[I 2025-05-04 17:38:14,665] Trial 22 finished with value: 0.85 and parameters: {'n_estimators': 291, 'max_depth': 9, 'min_samples_split': 7, 'min_samples_leaf': 1}. Best is trial 6 with value: 0.95.
[I 2025-05-04 17:38:15,151] Trial 23 finished with value: 0.9 and parameters: {'n_estimators': 458, 'max_depth': 7, 'min_samples_split': 3, 'min_samples_leaf': 2}. Best is trial 6 with value: 0.95.
[I 2025-05-04 17:38:15,617] Trial 24 finished with value: 0.9 and parameters: {'n_estimators': 397, 'max_depth': 10, 'min_samples_split': 4, 'min_samples_leaf': 1}. Best is trial 6 with value: 0.95.
[I 2025-05-04 17:38:15,847] Trial 25 finished with value: 0.85 and parameters: {'n_estimators': 201, 'max_depth': 6, 'min_samples_split': 6, 'min_samples_leaf': 3}. Best is trial 6 with value: 0.95.
[I 2025-05-04 17:38:16,163] Trial 26 finished with value: 0.9 and parameters: {'n_estimators': 281, 'max_depth': 11, 'min_samples_split': 6, 'min_samples_leaf': 2}. Best is trial 6 with value: 0.95.
[I 2025-05-04 17:38:16,543] Trial 27 finished with value: 0.9 and parameters: {'n_estimators': 338, 'max_depth': 16, 'min_samples_split': 8, 'min_samples_leaf': 1}. Best is trial 6 with value: 0.95.
[I 2025-05-04 17:38:17,006] Trial 28 finished with value: 0.5 and parameters: {'n_estimators': 451, 'max_depth': 8, 'min_samples_split': 3, 'min_samples_leaf': 10}. Best is trial 6 with value: 0.95.
[I 2025-05-04 17:38:17,312] Trial 29 finished with value: 0.9 and parameters: {'n_estimators': 255, 'max_depth': 13, 'min_samples_split': 2, 'min_samples_leaf': 4}. Best is trial 6 with value: 0.95.
[I 2025-05-04 17:38:20,534] A new study created in memory with name: svc
Parámetros guardados en checkpoint_shoppers_Dlatent_Roriginal_ft/k-means/best_models_k-means_seed_1/rf_best_params.json


>>> Optuna tuning svc


[I 2025-05-04 17:38:22,792] Trial 0 finished with value: 0.55 and parameters: {'C': 0.4656804637919569, 'gamma': 0.07608481233714794}. Best is trial 0 with value: 0.55.
[I 2025-05-04 17:38:23,031] Trial 1 finished with value: 0.65 and parameters: {'C': 0.010010539860510492, 'gamma': 0.0016193110912440748}. Best is trial 1 with value: 0.65.
[I 2025-05-04 17:38:23,048] Trial 2 finished with value: 0.65 and parameters: {'C': 0.03863879405158731, 'gamma': 0.00023407464805767542}. Best is trial 1 with value: 0.65.
[I 2025-05-04 17:38:23,063] Trial 3 finished with value: 0.65 and parameters: {'C': 0.0555956542671257, 'gamma': 0.002411253706147574}. Best is trial 1 with value: 0.65.
[I 2025-05-04 17:38:23,076] Trial 4 finished with value: 0.55 and parameters: {'C': 0.3864291653552654, 'gamma': 0.014297724879798395}. Best is trial 1 with value: 0.65.
[I 2025-05-04 17:38:23,091] Trial 5 finished with value: 0.6 and parameters: {'C': 0.47509237210306143, 'gamma': 0.05506529897945987}. Best is trial 1 with value: 0.65.
[I 2025-05-04 17:38:23,104] Trial 6 finished with value: 0.55 and parameters: {'C': 0.06573686655138336, 'gamma': 0.3254391115088485}. Best is trial 1 with value: 0.65.
[I 2025-05-04 17:38:23,117] Trial 7 finished with value: 0.6 and parameters: {'C': 0.01286916510781503, 'gamma': 0.04806954824961596}. Best is trial 1 with value: 0.65.
[I 2025-05-04 17:38:23,131] Trial 8 finished with value: 0.55 and parameters: {'C': 0.4668949853708895, 'gamma': 0.017169565852473867}. Best is trial 1 with value: 0.65.
[I 2025-05-04 17:38:23,146] Trial 9 finished with value: 0.65 and parameters: {'C': 0.03643743139281253, 'gamma': 0.0006200203677164723}. Best is trial 1 with value: 0.65.
[I 2025-05-04 17:38:23,167] Trial 10 finished with value: 0.75 and parameters: {'C': 35.745293136206676, 'gamma': 0.0016217424317920186}. Best is trial 10 with value: 0.75.
[I 2025-05-04 17:38:23,816] Trial 11 finished with value: 0.75 and parameters: {'C': 73.92326287467452, 'gamma': 0.002534470373289236}. Best is trial 10 with value: 0.75.
[I 2025-05-04 17:38:24,455] Trial 12 finished with value: 0.75 and parameters: {'C': 82.55632190694071, 'gamma': 0.0035186383084284483}. Best is trial 10 with value: 0.75.
[I 2025-05-04 17:38:24,480] Trial 13 finished with value: 0.65 and parameters: {'C': 44.28477919294948, 'gamma': 0.00013526932974406507}. Best is trial 10 with value: 0.75.
[I 2025-05-04 17:38:24,503] Trial 14 finished with value: 0.65 and parameters: {'C': 12.304108564817792, 'gamma': 0.0006633134610487375}. Best is trial 10 with value: 0.75.
[I 2025-05-04 17:38:24,526] Trial 15 finished with value: 0.6 and parameters: {'C': 5.6933601543236945, 'gamma': 0.004985853239732784}. Best is trial 10 with value: 0.75.
[I 2025-05-04 17:38:25,151] Trial 16 finished with value: 0.65 and parameters: {'C': 14.28224777809387, 'gamma': 0.0006449513724628221}. Best is trial 10 with value: 0.75.
[I 2025-05-04 17:38:25,174] Trial 17 finished with value: 0.65 and parameters: {'C': 2.742022424306509, 'gamma': 0.008222368634228065}. Best is trial 10 with value: 0.75.
[I 2025-05-04 17:38:25,197] Trial 18 finished with value: 0.6 and parameters: {'C': 35.897400483244034, 'gamma': 0.0011957887207685244}. Best is trial 10 with value: 0.75.
[I 2025-05-04 17:38:25,218] Trial 19 finished with value: 0.65 and parameters: {'C': 95.17072487881215, 'gamma': 0.00030871958602419596}. Best is trial 10 with value: 0.75.
[I 2025-05-04 17:38:25,239] Trial 20 finished with value: 0.65 and parameters: {'C': 1.9334137109649052, 'gamma': 0.26702938464573}. Best is trial 10 with value: 0.75.
[I 2025-05-04 17:38:25,262] Trial 21 finished with value: 0.75 and parameters: {'C': 90.84723848824291, 'gamma': 0.004120935929223634}. Best is trial 10 with value: 0.75.
[I 2025-05-04 17:38:25,889] Trial 22 finished with value: 0.75 and parameters: {'C': 39.40281644032849, 'gamma': 0.003269269154180507}. Best is trial 10 with value: 0.75.
[I 2025-05-04 17:38:25,913] Trial 23 finished with value: 0.75 and parameters: {'C': 17.149797585638495, 'gamma': 0.008604071451616097}. Best is trial 10 with value: 0.75.
[I 2025-05-04 17:38:26,541] Trial 24 finished with value: 0.6 and parameters: {'C': 25.81425519293031, 'gamma': 0.0015698439589950078}. Best is trial 10 with value: 0.75.
[I 2025-05-04 17:38:26,563] Trial 25 finished with value: 0.75 and parameters: {'C': 6.0559423593744555, 'gamma': 0.02486394080496387}. Best is trial 10 with value: 0.75.
[I 2025-05-04 17:38:26,589] Trial 26 finished with value: 0.6 and parameters: {'C': 64.21252011072852, 'gamma': 0.8308541689381187}. Best is trial 10 with value: 0.75.
[I 2025-05-04 17:38:26,612] Trial 27 finished with value: 0.65 and parameters: {'C': 8.46066649776442, 'gamma': 0.006442629314455976}. Best is trial 10 with value: 0.75.
[I 2025-05-04 17:38:26,634] Trial 28 finished with value: 0.65 and parameters: {'C': 20.923672142143353, 'gamma': 0.0009405954924917268}. Best is trial 10 with value: 0.75.
[I 2025-05-04 17:38:26,654] Trial 29 finished with value: 0.65 and parameters: {'C': 3.288467595203462, 'gamma': 0.0028671041369083706}. Best is trial 10 with value: 0.75.
/data/home/rtabares/anaconda3/envs/pyth3.12/lib/python3.12/site-packages/xgboost/core.py:377: FutureWarning: Your system has an old version of glibc (< 2.28). We will stop supporting Linux distros with glibc older than 2.28 after **May 31, 2025**. Please upgrade to a recent Linux distro (with glibc >= 2.28) to use future versions of XGBoost.
Note: You have installed the 'manylinux2014' variant of XGBoost. Certain features such as GPU algorithms or federated learning are not available. To use these features, please upgrade to a recent Linux distro with glibc 2.28+, and install the 'manylinux_2_28' variant.
  warnings.warn(
[I 2025-05-04 17:38:30,214] A new study created in memory with name: logreg
Parámetros guardados en checkpoint_shoppers_Dlatent_Roriginal_ft/k-means/best_models_k-means_seed_1/svc_best_params.json


>>> Optuna tuning logreg


[I 2025-05-04 17:38:31,569] Trial 0 finished with value: 0.75 and parameters: {'C': 0.12164941464151847, 'penalty': 'l2'}. Best is trial 0 with value: 0.75.
[I 2025-05-04 17:38:31,675] Trial 1 finished with value: 0.7 and parameters: {'C': 3.9959722831350617, 'penalty': 'l2'}. Best is trial 0 with value: 0.75.
[I 2025-05-04 17:38:31,691] Trial 2 finished with value: 0.7 and parameters: {'C': 0.0010013176560941261, 'penalty': 'l2'}. Best is trial 0 with value: 0.75.
[I 2025-05-04 17:38:31,705] Trial 3 finished with value: 0.75 and parameters: {'C': 0.0324835034508668, 'penalty': 'l2'}. Best is trial 0 with value: 0.75.
[I 2025-05-04 17:38:31,730] Trial 4 finished with value: 0.75 and parameters: {'C': 0.005417257182767969, 'penalty': 'l2'}. Best is trial 0 with value: 0.75.
[I 2025-05-04 17:38:31,754] Trial 5 finished with value: 0.75 and parameters: {'C': 0.0028952960233492846, 'penalty': 'l2'}. Best is trial 0 with value: 0.75.
[I 2025-05-04 17:38:31,779] Trial 6 finished with value: 0.75 and parameters: {'C': 0.008536916958038761, 'penalty': 'l2'}. Best is trial 0 with value: 0.75.
[I 2025-05-04 17:38:31,804] Trial 7 finished with value: 0.8 and parameters: {'C': 0.053432271255941216, 'penalty': 'l2'}. Best is trial 7 with value: 0.8.
[I 2025-05-04 17:38:31,818] Trial 8 finished with value: 0.75 and parameters: {'C': 0.09634681692624379, 'penalty': 'l2'}. Best is trial 7 with value: 0.8.
[I 2025-05-04 17:38:31,832] Trial 9 finished with value: 0.75 and parameters: {'C': 0.4944059287398678, 'penalty': 'l2'}. Best is trial 7 with value: 0.8.
[I 2025-05-04 17:38:31,860] Trial 10 finished with value: 0.7 and parameters: {'C': 58.822948592457884, 'penalty': 'l2'}. Best is trial 7 with value: 0.8.
[I 2025-05-04 17:38:32,557] Trial 11 finished with value: 0.75 and parameters: {'C': 0.721648024775669, 'penalty': 'l2'}. Best is trial 7 with value: 0.8.
[I 2025-05-04 17:38:33,245] Trial 12 finished with value: 0.8 and parameters: {'C': 0.09136324253250903, 'penalty': 'l2'}. Best is trial 7 with value: 0.8.
[I 2025-05-04 17:38:33,276] Trial 13 finished with value: 0.7 and parameters: {'C': 3.507281514417412, 'penalty': 'l2'}. Best is trial 7 with value: 0.8.
[I 2025-05-04 17:38:33,306] Trial 14 finished with value: 0.75 and parameters: {'C': 0.029123974928259078, 'penalty': 'l2'}. Best is trial 7 with value: 0.8.
[I 2025-05-04 17:38:33,337] Trial 15 finished with value: 0.7 and parameters: {'C': 2.277698750717451, 'penalty': 'l2'}. Best is trial 7 with value: 0.8.
