[I 2025-05-05 21:28:13,232] Trial 27 finished with value: 0.65 and parameters: {'n_estimators': 302, 'max_depth': 16, 'min_samples_split': 7, 'min_samples_leaf': 6}. Best is trial 27 with value: 0.65.
[I 2025-05-05 21:28:13,609] Trial 28 finished with value: 0.45 and parameters: {'n_estimators': 298, 'max_depth': 16, 'min_samples_split': 9, 'min_samples_leaf': 6}. Best is trial 27 with value: 0.65.
[I 2025-05-05 21:28:13,970] Trial 29 finished with value: 0.5 and parameters: {'n_estimators': 294, 'max_depth': 16, 'min_samples_split': 7, 'min_samples_leaf': 8}. Best is trial 27 with value: 0.65.
[I 2025-05-05 21:28:16,399] A new study created in memory with name: svc
Parámetros guardados en checkpoint_shoppers_Dlatent_Roriginal_ft_A/k_center/IPC_10/best_models_k_center_seed_1/rf_best_params.json


>>> Optuna tuning svc metodo k_center IPC 10 seed 1


[I 2025-05-05 21:28:19,370] Trial 0 finished with value: 0.35 and parameters: {'C': 0.4656804637919569, 'gamma': 0.07608481233714794}. Best is trial 0 with value: 0.35.
[I 2025-05-05 21:28:19,647] Trial 1 finished with value: 0.45 and parameters: {'C': 0.010010539860510492, 'gamma': 0.0016193110912440748}. Best is trial 1 with value: 0.45.
[I 2025-05-05 21:28:19,665] Trial 2 finished with value: 0.45 and parameters: {'C': 0.03863879405158731, 'gamma': 0.00023407464805767542}. Best is trial 1 with value: 0.45.
[I 2025-05-05 21:28:19,679] Trial 3 finished with value: 0.45 and parameters: {'C': 0.0555956542671257, 'gamma': 0.002411253706147574}. Best is trial 1 with value: 0.45.
[I 2025-05-05 21:28:19,694] Trial 4 finished with value: 0.5 and parameters: {'C': 0.3864291653552654, 'gamma': 0.014297724879798395}. Best is trial 4 with value: 0.5.
[I 2025-05-05 21:28:19,708] Trial 5 finished with value: 0.4 and parameters: {'C': 0.47509237210306143, 'gamma': 0.05506529897945987}. Best is trial 4 with value: 0.5.
[I 2025-05-05 21:28:19,722] Trial 6 finished with value: 0.5 and parameters: {'C': 0.06573686655138336, 'gamma': 0.3254391115088485}. Best is trial 4 with value: 0.5.
[I 2025-05-05 21:28:19,736] Trial 7 finished with value: 0.4 and parameters: {'C': 0.01286916510781503, 'gamma': 0.04806954824961596}. Best is trial 4 with value: 0.5.
[I 2025-05-05 21:28:19,750] Trial 8 finished with value: 0.45 and parameters: {'C': 0.4668949853708895, 'gamma': 0.017169565852473867}. Best is trial 4 with value: 0.5.
[I 2025-05-05 21:28:19,763] Trial 9 finished with value: 0.45 and parameters: {'C': 0.03643743139281253, 'gamma': 0.0006200203677164723}. Best is trial 4 with value: 0.5.
[I 2025-05-05 21:28:19,785] Trial 10 finished with value: 0.4 and parameters: {'C': 35.745293136206676, 'gamma': 0.6068842639005574}. Best is trial 4 with value: 0.5.
[I 2025-05-05 21:28:20,454] Trial 11 finished with value: 0.5 and parameters: {'C': 4.702487553975404, 'gamma': 0.8925339139272248}. Best is trial 4 with value: 0.5.
[I 2025-05-05 21:28:20,489] Trial 12 finished with value: 0.3 and parameters: {'C': 3.0226900661459464, 'gamma': 0.19155397826009743}. Best is trial 4 with value: 0.5.
[I 2025-05-05 21:28:20,515] Trial 13 finished with value: 0.45 and parameters: {'C': 0.0924777698657424, 'gamma': 0.008896379672535577}. Best is trial 4 with value: 0.5.
[I 2025-05-05 21:28:21,154] Trial 14 finished with value: 0.45 and parameters: {'C': 0.23354360249019704, 'gamma': 0.00808671555538955}. Best is trial 4 with value: 0.5.
[I 2025-05-05 21:28:21,178] Trial 15 finished with value: 0.3 and parameters: {'C': 2.3058516407351703, 'gamma': 0.19524638707621292}. Best is trial 4 with value: 0.5.
[I 2025-05-05 21:28:21,199] Trial 16 finished with value: 0.5 and parameters: {'C': 0.17579519104407218, 'gamma': 0.24577727048193443}. Best is trial 4 with value: 0.5.
[I 2025-05-05 21:28:21,224] Trial 17 finished with value: 0.35 and parameters: {'C': 12.76679633738965, 'gamma': 0.017692669340488684}. Best is trial 4 with value: 0.5.
[I 2025-05-05 21:28:21,864] Trial 18 finished with value: 0.45 and parameters: {'C': 0.12939486149758175, 'gamma': 0.00427231051950312}. Best is trial 4 with value: 0.5.
[I 2025-05-05 21:28:21,887] Trial 19 finished with value: 0.45 and parameters: {'C': 1.1591647774851233, 'gamma': 0.00014314724312030225}. Best is trial 4 with value: 0.5.
[I 2025-05-05 21:28:21,913] Trial 20 finished with value: 0.5 and parameters: {'C': 77.51635283592324, 'gamma': 0.0009431140033608366}. Best is trial 4 with value: 0.5.
[I 2025-05-05 21:28:21,935] Trial 21 finished with value: 0.5 and parameters: {'C': 9.34343692989818, 'gamma': 0.9322883307469028}. Best is trial 4 with value: 0.5.
[I 2025-05-05 21:28:21,957] Trial 22 finished with value: 0.3 and parameters: {'C': 5.088070428696121, 'gamma': 0.4009393731230009}. Best is trial 4 with value: 0.5.
[I 2025-05-05 21:28:22,615] Trial 23 finished with value: 0.3 and parameters: {'C': 1.1341174533459286, 'gamma': 0.10446880585200018}. Best is trial 4 with value: 0.5.
[I 2025-05-05 21:28:23,255] Trial 24 finished with value: 0.5 and parameters: {'C': 14.845067475101986, 'gamma': 0.8083686052776369}. Best is trial 4 with value: 0.5.
[I 2025-05-05 21:28:23,279] Trial 25 finished with value: 0.4 and parameters: {'C': 2.1615069732991525, 'gamma': 0.025960655914316136}. Best is trial 4 with value: 0.5.
[I 2025-05-05 21:28:23,305] Trial 26 finished with value: 0.5 and parameters: {'C': 0.3683784016102461, 'gamma': 0.3745276566147296}. Best is trial 4 with value: 0.5.
[I 2025-05-05 21:28:23,328] Trial 27 finished with value: 0.3 and parameters: {'C': 0.8195987988319169, 'gamma': 0.11920690091221192}. Best is trial 4 with value: 0.5.
[I 2025-05-05 21:28:23,353] Trial 28 finished with value: 0.5 and parameters: {'C': 0.02255384525686361, 'gamma': 0.3775571384294442}. Best is trial 4 with value: 0.5.
[I 2025-05-05 21:28:23,375] Trial 29 finished with value: 0.45 and parameters: {'C': 0.08414601335771986, 'gamma': 0.040486430900941284}. Best is trial 4 with value: 0.5.
[I 2025-05-05 21:28:25,243] A new study created in memory with name: logreg
Parámetros guardados en checkpoint_shoppers_Dlatent_Roriginal_ft_A/k_center/IPC_10/best_models_k_center_seed_1/svc_best_params.json


>>> Optuna tuning logreg metodo k_center IPC 10 seed 1


[I 2025-05-05 21:28:28,044] Trial 0 finished with value: 0.45 and parameters: {'C': 0.12164941464151847, 'penalty': 'l2'}. Best is trial 0 with value: 0.45.
[I 2025-05-05 21:28:28,403] Trial 1 finished with value: 0.4 and parameters: {'C': 3.9959722831350617, 'penalty': 'l2'}. Best is trial 0 with value: 0.45.
[I 2025-05-05 21:28:28,430] Trial 2 finished with value: 0.5 and parameters: {'C': 0.0010013176560941261, 'penalty': 'l2'}. Best is trial 2 with value: 0.5.
[I 2025-05-05 21:28:28,445] Trial 3 finished with value: 0.45 and parameters: {'C': 0.0324835034508668, 'penalty': 'l2'}. Best is trial 2 with value: 0.5.
[I 2025-05-05 21:28:28,459] Trial 4 finished with value: 0.5 and parameters: {'C': 0.005417257182767969, 'penalty': 'l2'}. Best is trial 2 with value: 0.5.
[I 2025-05-05 21:28:28,483] Trial 5 finished with value: 0.5 and parameters: {'C': 0.0028952960233492846, 'penalty': 'l2'}. Best is trial 2 with value: 0.5.
[I 2025-05-05 21:28:28,508] Trial 6 finished with value: 0.5 and parameters: {'C': 0.008536916958038761, 'penalty': 'l2'}. Best is trial 2 with value: 0.5.
[I 2025-05-05 21:28:28,522] Trial 7 finished with value: 0.45 and parameters: {'C': 0.053432271255941216, 'penalty': 'l2'}. Best is trial 2 with value: 0.5.
[I 2025-05-05 21:28:28,537] Trial 8 finished with value: 0.45 and parameters: {'C': 0.09634681692624379, 'penalty': 'l2'}. Best is trial 2 with value: 0.5.
[I 2025-05-05 21:28:28,561] Trial 9 finished with value: 0.4 and parameters: {'C': 0.4944059287398678, 'penalty': 'l2'}. Best is trial 2 with value: 0.5.
[I 2025-05-05 21:28:28,590] Trial 10 finished with value: 0.4 and parameters: {'C': 59.556762687679296, 'penalty': 'l2'}. Best is trial 2 with value: 0.5.
[I 2025-05-05 21:28:29,274] Trial 11 finished with value: 0.5 and parameters: {'C': 0.001657197586795403, 'penalty': 'l2'}. Best is trial 2 with value: 0.5.
[I 2025-05-05 21:28:29,305] Trial 12 finished with value: 0.5 and parameters: {'C': 0.0011075631162775067, 'penalty': 'l2'}. Best is trial 2 with value: 0.5.
[I 2025-05-05 21:28:29,960] Trial 13 finished with value: 0.5 and parameters: {'C': 0.009642582683292232, 'penalty': 'l2'}. Best is trial 2 with value: 0.5.
[I 2025-05-05 21:28:29,990] Trial 14 finished with value: 0.35 and parameters: {'C': 0.9470547419276903, 'penalty': 'l2'}. Best is trial 2 with value: 0.5.
[I 2025-05-05 21:28:30,624] Trial 15 finished with value: 0.5 and parameters: {'C': 0.008688054491413442, 'penalty': 'l2'}. Best is trial 2 with value: 0.5.
[I 2025-05-05 21:28:30,655] Trial 16 finished with value: 0.5 and parameters: {'C': 0.004599708756961834, 'penalty': 'l2'}. Best is trial 2 with value: 0.5.
[I 2025-05-05 21:28:30,677] Trial 17 finished with value: 0.5 and parameters: {'C': 0.018889960930564092, 'penalty': 'l2'}. Best is trial 2 with value: 0.5.
[I 2025-05-05 21:28:30,695] Trial 18 finished with value: 0.5 and parameters: {'C': 0.001105473079957895, 'penalty': 'l2'}. Best is trial 2 with value: 0.5.
[I 2025-05-05 21:28:31,349] Trial 19 finished with value: 0.4 and parameters: {'C': 3.5358124084684275, 'penalty': 'l2'}. Best is trial 2 with value: 0.5.
[I 2025-05-05 21:28:31,380] Trial 20 finished with value: 0.4 and parameters: {'C': 96.0195788216282, 'penalty': 'l2'}. Best is trial 2 with value: 0.5.
[I 2025-05-05 21:28:31,400] Trial 21 finished with value: 0.5 and parameters: {'C': 0.0025257904228155235, 'penalty': 'l2'}. Best is trial 2 with value: 0.5.
[I 2025-05-05 21:28:32,036] Trial 22 finished with value: 0.5 and parameters: {'C': 0.003715195885785192, 'penalty': 'l2'}. Best is trial 2 with value: 0.5.
[I 2025-05-05 21:28:32,057] Trial 23 finished with value: 0.5 and parameters: {'C': 0.00420027789106832, 'penalty': 'l2'}. Best is trial 2 with value: 0.5.
[I 2025-05-05 21:28:32,077] Trial 24 finished with value: 0.5 and parameters: {'C': 0.014027796844369594, 'penalty': 'l2'}. Best is trial 2 with value: 0.5.
[I 2025-05-05 21:28:32,104] Trial 25 finished with value: 0.5 and parameters: {'C': 0.0010415280091088366, 'penalty': 'l2'}. Best is trial 2 with value: 0.5.
[I 2025-05-05 21:28:32,134] Trial 26 finished with value: 0.45 and parameters: {'C': 0.028776989516224965, 'penalty': 'l2'}. Best is trial 2 with value: 0.5.
[I 2025-05-05 21:28:32,162] Trial 27 finished with value: 0.5 and parameters: {'C': 0.0030680879248390896, 'penalty': 'l2'}. Best is trial 2 with value: 0.5.
[I 2025-05-05 21:28:32,195] Trial 28 finished with value: 0.4 and parameters: {'C': 0.19720570420144784, 'penalty': 'l2'}. Best is trial 2 with value: 0.5.
[I 2025-05-05 21:28:32,224] Trial 29 finished with value: 0.45 and parameters: {'C': 0.0847295889372721, 'penalty': 'l2'}. Best is trial 2 with value: 0.5.
[I 2025-05-05 21:28:34,055] A new study created in memory with name: mlp
/data/home/rtabares/anaconda3/envs/pyth3.12/lib/python3.12/site-packages/sklearn/neural_network/_multilayer_perceptron.py:691: ConvergenceWarning: Stochastic Optimizer: Maximum iterations (50) reached and the optimization hasn't converged yet.
  warnings.warn(
/data/home/rtabares/anaconda3/envs/pyth3.12/lib/python3.12/site-packages/sklearn/neural_network/_multilayer_perceptron.py:691: ConvergenceWarning: Stochastic Optimizer: Maximum iterations (50) reached and the optimization hasn't converged yet.
  warnings.warn(
/data/home/rtabares/anaconda3/envs/pyth3.12/lib/python3.12/site-packages/sklearn/neural_network/_multilayer_perceptron.py:691: ConvergenceWarning: Stochastic Optimizer: Maximum iterations (50) reached and the optimization hasn't converged yet.
  warnings.warn(
/data/home/rtabares/anaconda3/envs/pyth3.12/lib/python3.12/site-packages/sklearn/neural_network/_multilayer_perceptron.py:691: ConvergenceWarning: Stochastic Optimizer: Maximum iterations (50) reached and the optimization hasn't converged yet.
  warnings.warn(
/data/home/rtabares/anaconda3/envs/pyth3.12/lib/python3.12/site-packages/sklearn/neural_network/_multilayer_perceptron.py:691: ConvergenceWarning: Stochastic Optimizer: Maximum iterations (50) reached and the optimization hasn't converged yet.
  warnings.warn(
[I 2025-05-05 21:28:34,626] Trial 0 finished with value: 0.25 and parameters: {'hidden_layer_sizes': (200,), 'max_iter': 50, 'alpha': 0.001}. Best is trial 0 with value: 0.25.
Parámetros guardados en checkpoint_shoppers_Dlatent_Roriginal_ft_A/k_center/IPC_10/best_models_k_center_seed_1/logreg_best_params.json


>>> Optuna tuning mlp metodo k_center IPC 10 seed 1


/data/home/rtabares/anaconda3/envs/pyth3.12/lib/python3.12/site-packages/sklearn/neural_network/_multilayer_perceptron.py:691: ConvergenceWarning: Stochastic Optimizer: Maximum iterations (100) reached and the optimization hasn't converged yet.
  warnings.warn(
/data/home/rtabares/anaconda3/envs/pyth3.12/lib/python3.12/site-packages/sklearn/neural_network/_multilayer_perceptron.py:691: ConvergenceWarning: Stochastic Optimizer: Maximum iterations (100) reached and the optimization hasn't converged yet.
  warnings.warn(
/data/home/rtabares/anaconda3/envs/pyth3.12/lib/python3.12/site-packages/sklearn/neural_network/_multilayer_perceptron.py:691: ConvergenceWarning: Stochastic Optimizer: Maximum iterations (100) reached and the optimization hasn't converged yet.
  warnings.warn(
[I 2025-05-05 21:28:36,833] Trial 1 finished with value: 0.3 and parameters: {'hidden_layer_sizes': (100, 100), 'max_iter': 100, 'alpha': 0.001}. Best is trial 1 with value: 0.3.
/data/home/rtabares/anaconda3/envs/pyth3.12/lib/python3.12/site-packages/sklearn/neural_network/_multilayer_perceptron.py:691: ConvergenceWarning: Stochastic Optimizer: Maximum iterations (50) reached and the optimization hasn't converged yet.
  warnings.warn(
/data/home/rtabares/anaconda3/envs/pyth3.12/lib/python3.12/site-packages/sklearn/neural_network/_multilayer_perceptron.py:691: ConvergenceWarning: Stochastic Optimizer: Maximum iterations (50) reached and the optimization hasn't converged yet.
  warnings.warn(
/data/home/rtabares/anaconda3/envs/pyth3.12/lib/python3.12/site-packages/sklearn/neural_network/_multilayer_perceptron.py:691: ConvergenceWarning: Stochastic Optimizer: Maximum iterations (50) reached and the optimization hasn't converged yet.
  warnings.warn(
/data/home/rtabares/anaconda3/envs/pyth3.12/lib/python3.12/site-packages/sklearn/neural_network/_multilayer_perceptron.py:691: ConvergenceWarning: Stochastic Optimizer: Maximum iterations (50) reached and the optimization hasn't converged yet.
  warnings.warn(
/data/home/rtabares/anaconda3/envs/pyth3.12/lib/python3.12/site-packages/sklearn/neural_network/_multilayer_perceptron.py:691: ConvergenceWarning: Stochastic Optimizer: Maximum iterations (50) reached and the optimization hasn't converged yet.
  warnings.warn(
[I 2025-05-05 21:28:37,076] Trial 2 finished with value: 0.35 and parameters: {'hidden_layer_sizes': (200,), 'max_iter': 50, 'alpha': 0.001}. Best is trial 2 with value: 0.35.
/data/home/rtabares/anaconda3/envs/pyth3.12/lib/python3.12/site-packages/sklearn/neural_network/_multilayer_perceptron.py:691: ConvergenceWarning: Stochastic Optimizer: Maximum iterations (100) reached and the optimization hasn't converged yet.
  warnings.warn(
/data/home/rtabares/anaconda3/envs/pyth3.12/lib/python3.12/site-packages/sklearn/neural_network/_multilayer_perceptron.py:691: ConvergenceWarning: Stochastic Optimizer: Maximum iterations (100) reached and the optimization hasn't converged yet.
  warnings.warn(
/data/home/rtabares/anaconda3/envs/pyth3.12/lib/python3.12/site-packages/sklearn/neural_network/_multilayer_perceptron.py:691: ConvergenceWarning: Stochastic Optimizer: Maximum iterations (100) reached and the optimization hasn't converged yet.
  warnings.warn(
/data/home/rtabares/anaconda3/envs/pyth3.12/lib/python3.12/site-packages/sklearn/neural_network/_multilayer_perceptron.py:691: ConvergenceWarning: Stochastic Optimizer: Maximum iterations (100) reached and the optimization hasn't converged yet.
  warnings.warn(
/data/home/rtabares/anaconda3/envs/pyth3.12/lib/python3.12/site-packages/sklearn/neural_network/_multilayer_perceptron.py:691: ConvergenceWarning: Stochastic Optimizer: Maximum iterations (100) reached and the optimization hasn't converged yet.
  warnings.warn(
[I 2025-05-05 21:28:37,145] Trial 3 finished with value: 0.35 and parameters: {'hidden_layer_sizes': (100,), 'max_iter': 100, 'alpha': 0.0001}. Best is trial 2 with value: 0.35.
/data/home/rtabares/anaconda3/envs/pyth3.12/lib/python3.12/site-packages/sklearn/neural_network/_multilayer_perceptron.py:691: ConvergenceWarning: Stochastic Optimizer: Maximum iterations (100) reached and the optimization hasn't converged yet.
  warnings.warn(
/data/home/rtabares/anaconda3/envs/pyth3.12/lib/python3.12/site-packages/sklearn/neural_network/_multilayer_perceptron.py:691: ConvergenceWarning: Stochastic Optimizer: Maximum iterations (100) reached and the optimization hasn't converged yet.
  warnings.warn(
/data/home/rtabares/anaconda3/envs/pyth3.12/lib/python3.12/site-packages/sklearn/neural_network/_multilayer_perceptron.py:691: ConvergenceWarning: Stochastic Optimizer: Maximum iterations (100) reached and the optimization hasn't converged yet.
  warnings.warn(
/data/home/rtabares/anaconda3/envs/pyth3.12/lib/python3.12/site-packages/sklearn/neural_network/_multilayer_perceptron.py:691: ConvergenceWarning: Stochastic Optimizer: Maximum iterations (100) reached and the optimization hasn't converged yet.
  warnings.warn(
/data/home/rtabares/anaconda3/envs/pyth3.12/lib/python3.12/site-packages/sklearn/neural_network/_multilayer_perceptron.py:691: ConvergenceWarning: Stochastic Optimizer: Maximum iterations (100) reached and the optimization hasn't converged yet.
  warnings.warn(
[I 2025-05-05 21:28:37,211] Trial 4 finished with value: 0.3 and parameters: {'hidden_layer_sizes': (200,), 'max_iter': 100, 'alpha': 0.001}. Best is trial 2 with value: 0.35.
/data/home/rtabares/anaconda3/envs/pyth3.12/lib/python3.12/site-packages/sklearn/neural_network/_multilayer_perceptron.py:691: ConvergenceWarning: Stochastic Optimizer: Maximum iterations (100) reached and the optimization hasn't converged yet.
  warnings.warn(
/data/home/rtabares/anaconda3/envs/pyth3.12/lib/python3.12/site-packages/sklearn/neural_network/_multilayer_perceptron.py:691: ConvergenceWarning: Stochastic Optimizer: Maximum iterations (100) reached and the optimization hasn't converged yet.
  warnings.warn(
[I 2025-05-05 21:28:37,297] Trial 5 finished with value: 0.4 and parameters: {'hidden_layer_sizes': (100, 100), 'max_iter': 100, 'alpha': 0.0001}. Best is trial 5 with value: 0.4.
/data/home/rtabares/anaconda3/envs/pyth3.12/lib/python3.12/site-packages/sklearn/neural_network/_multilayer_perceptron.py:691: ConvergenceWarning: Stochastic Optimizer: Maximum iterations (100) reached and the optimization hasn't converged yet.
  warnings.warn(
/data/home/rtabares/anaconda3/envs/pyth3.12/lib/python3.12/site-packages/sklearn/neural_network/_multilayer_perceptron.py:691: ConvergenceWarning: Stochastic Optimizer: Maximum iterations (100) reached and the optimization hasn't converged yet.
  warnings.warn(
/data/home/rtabares/anaconda3/envs/pyth3.12/lib/python3.12/site-packages/sklearn/neural_network/_multilayer_perceptron.py:691: ConvergenceWarning: Stochastic Optimizer: Maximum iterations (100) reached and the optimization hasn't converged yet.
  warnings.warn(
/data/home/rtabares/anaconda3/envs/pyth3.12/lib/python3.12/site-packages/sklearn/neural_network/_multilayer_perceptron.py:691: ConvergenceWarning: Stochastic Optimizer: Maximum iterations (100) reached and the optimization hasn't converged yet.
  warnings.warn(
/data/home/rtabares/anaconda3/envs/pyth3.12/lib/python3.12/site-packages/sklearn/neural_network/_multilayer_perceptron.py:691: ConvergenceWarning: Stochastic Optimizer: Maximum iterations (100) reached and the optimization hasn't converged yet.
  warnings.warn(
[I 2025-05-05 21:28:37,371] Trial 6 finished with value: 0.3 and parameters: {'hidden_layer_sizes': (200,), 'max_iter': 100, 'alpha': 0.0001}. Best is trial 5 with value: 0.4.
/data/home/rtabares/anaconda3/envs/pyth3.12/lib/python3.12/site-packages/sklearn/neural_network/_multilayer_perceptron.py:691: ConvergenceWarning: Stochastic Optimizer: Maximum iterations (100) reached and the optimization hasn't converged yet.
  warnings.warn(
/data/home/rtabares/anaconda3/envs/pyth3.12/lib/python3.12/site-packages/sklearn/neural_network/_multilayer_perceptron.py:691: ConvergenceWarning: Stochastic Optimizer: Maximum iterations (100) reached and the optimization hasn't converged yet.
  warnings.warn(
/data/home/rtabares/anaconda3/envs/pyth3.12/lib/python3.12/site-packages/sklearn/neural_network/_multilayer_perceptron.py:691: ConvergenceWarning: Stochastic Optimizer: Maximum iterations (100) reached and the optimization hasn't converged yet.
  warnings.warn(
/data/home/rtabares/anaconda3/envs/pyth3.12/lib/python3.12/site-packages/sklearn/neural_network/_multilayer_perceptron.py:691: ConvergenceWarning: Stochastic Optimizer: Maximum iterations (100) reached and the optimization hasn't converged yet.
  warnings.warn(
