[I 2025-05-04 17:46:48,802] Trial 7 finished with value: 0.9 and parameters: {'n_estimators': 168, 'max_depth': 18, 'min_samples_split': 2, 'min_samples_leaf': 5}. Best is trial 0 with value: 0.9.
[I 2025-05-04 17:46:49,360] Trial 8 finished with value: 0.9 and parameters: {'n_estimators': 484, 'max_depth': 12, 'min_samples_split': 8, 'min_samples_leaf': 4}. Best is trial 0 with value: 0.9.
[I 2025-05-04 17:46:49,783] Trial 9 finished with value: 0.5 and parameters: {'n_estimators': 375, 'max_depth': 18, 'min_samples_split': 2, 'min_samples_leaf': 8}. Best is trial 0 with value: 0.9.
[I 2025-05-04 17:46:50,206] Trial 10 finished with value: 0.5 and parameters: {'n_estimators': 336, 'max_depth': 6, 'min_samples_split': 10, 'min_samples_leaf': 10}. Best is trial 0 with value: 0.9.
[I 2025-05-04 17:46:51,070] Trial 11 finished with value: 0.9 and parameters: {'n_estimators': 106, 'max_depth': 5, 'min_samples_split': 6, 'min_samples_leaf': 3}. Best is trial 0 with value: 0.9.
[I 2025-05-04 17:46:51,963] Trial 12 finished with value: 0.9 and parameters: {'n_estimators': 229, 'max_depth': 8, 'min_samples_split': 4, 'min_samples_leaf': 4}. Best is trial 0 with value: 0.9.
[I 2025-05-04 17:46:52,811] Trial 13 finished with value: 0.85 and parameters: {'n_estimators': 134, 'max_depth': 3, 'min_samples_split': 6, 'min_samples_leaf': 5}. Best is trial 0 with value: 0.9.
[I 2025-05-04 17:46:53,689] Trial 14 finished with value: 0.9 and parameters: {'n_estimators': 209, 'max_depth': 15, 'min_samples_split': 4, 'min_samples_leaf': 3}. Best is trial 0 with value: 0.9.
[I 2025-05-04 17:46:54,033] Trial 15 finished with value: 0.9 and parameters: {'n_estimators': 312, 'max_depth': 9, 'min_samples_split': 7, 'min_samples_leaf': 1}. Best is trial 0 with value: 0.9.
[I 2025-05-04 17:46:54,459] Trial 16 finished with value: 0.85 and parameters: {'n_estimators': 352, 'max_depth': 15, 'min_samples_split': 3, 'min_samples_leaf': 6}. Best is trial 0 with value: 0.9.
[I 2025-05-04 17:46:54,807] Trial 17 finished with value: 0.9 and parameters: {'n_estimators': 266, 'max_depth': 15, 'min_samples_split': 3, 'min_samples_leaf': 3}. Best is trial 0 with value: 0.9.
[I 2025-05-04 17:46:55,013] Trial 18 finished with value: 0.95 and parameters: {'n_estimators': 152, 'max_depth': 9, 'min_samples_split': 5, 'min_samples_leaf': 4}. Best is trial 18 with value: 0.95.
[I 2025-05-04 17:46:55,327] Trial 19 finished with value: 0.5 and parameters: {'n_estimators': 221, 'max_depth': 9, 'min_samples_split': 9, 'min_samples_leaf': 9}. Best is trial 18 with value: 0.95.
[I 2025-05-04 17:46:55,775] Trial 20 finished with value: 0.75 and parameters: {'n_estimators': 390, 'max_depth': 10, 'min_samples_split': 5, 'min_samples_leaf': 6}. Best is trial 18 with value: 0.95.
[I 2025-05-04 17:46:55,960] Trial 21 finished with value: 0.9 and parameters: {'n_estimators': 151, 'max_depth': 3, 'min_samples_split': 5, 'min_samples_leaf': 4}. Best is trial 18 with value: 0.95.
[I 2025-05-04 17:46:56,114] Trial 22 finished with value: 0.9 and parameters: {'n_estimators': 103, 'max_depth': 6, 'min_samples_split': 3, 'min_samples_leaf': 2}. Best is trial 18 with value: 0.95.
[I 2025-05-04 17:46:56,329] Trial 23 finished with value: 0.9 and parameters: {'n_estimators': 186, 'max_depth': 14, 'min_samples_split': 4, 'min_samples_leaf': 5}. Best is trial 18 with value: 0.95.
[I 2025-05-04 17:46:56,543] Trial 24 finished with value: 0.9 and parameters: {'n_estimators': 145, 'max_depth': 7, 'min_samples_split': 6, 'min_samples_leaf': 4}. Best is trial 18 with value: 0.95.
[I 2025-05-04 17:46:56,881] Trial 25 finished with value: 0.85 and parameters: {'n_estimators': 287, 'max_depth': 11, 'min_samples_split': 3, 'min_samples_leaf': 2}. Best is trial 18 with value: 0.95.
[I 2025-05-04 17:46:57,156] Trial 26 finished with value: 0.9 and parameters: {'n_estimators': 204, 'max_depth': 4, 'min_samples_split': 7, 'min_samples_leaf': 3}. Best is trial 18 with value: 0.95.
[I 2025-05-04 17:46:57,453] Trial 27 finished with value: 0.85 and parameters: {'n_estimators': 251, 'max_depth': 16, 'min_samples_split': 5, 'min_samples_leaf': 6}. Best is trial 18 with value: 0.95.
[I 2025-05-04 17:46:57,668] Trial 28 finished with value: 0.9 and parameters: {'n_estimators': 122, 'max_depth': 10, 'min_samples_split': 2, 'min_samples_leaf': 5}. Best is trial 18 with value: 0.95.
[I 2025-05-04 17:46:57,944] Trial 29 finished with value: 0.85 and parameters: {'n_estimators': 239, 'max_depth': 13, 'min_samples_split': 4, 'min_samples_leaf': 4}. Best is trial 18 with value: 0.95.
[I 2025-05-04 17:47:00,091] A new study created in memory with name: svc
Parámetros guardados en checkpoint_shoppers_Dlatent_Roriginal/k-means/best_models_k-means_seed_1/rf_best_params.json


>>> Optuna tuning svc


[I 2025-05-04 17:47:03,002] Trial 0 finished with value: 0.65 and parameters: {'C': 0.4656804637919569, 'gamma': 0.07608481233714794}. Best is trial 0 with value: 0.65.
[I 2025-05-04 17:47:03,419] Trial 1 finished with value: 0.8 and parameters: {'C': 0.010010539860510492, 'gamma': 0.0016193110912440748}. Best is trial 1 with value: 0.8.
[I 2025-05-04 17:47:03,436] Trial 2 finished with value: 0.85 and parameters: {'C': 0.03863879405158731, 'gamma': 0.00023407464805767542}. Best is trial 2 with value: 0.85.
[I 2025-05-04 17:47:03,449] Trial 3 finished with value: 0.8 and parameters: {'C': 0.0555956542671257, 'gamma': 0.002411253706147574}. Best is trial 2 with value: 0.85.
[I 2025-05-04 17:47:03,463] Trial 4 finished with value: 0.75 and parameters: {'C': 0.3864291653552654, 'gamma': 0.014297724879798395}. Best is trial 2 with value: 0.85.
[I 2025-05-04 17:47:03,477] Trial 5 finished with value: 0.55 and parameters: {'C': 0.47509237210306143, 'gamma': 0.05506529897945987}. Best is trial 2 with value: 0.85.
[I 2025-05-04 17:47:03,492] Trial 6 finished with value: 0.7 and parameters: {'C': 0.06573686655138336, 'gamma': 0.3254391115088485}. Best is trial 2 with value: 0.85.
[I 2025-05-04 17:47:03,505] Trial 7 finished with value: 0.55 and parameters: {'C': 0.01286916510781503, 'gamma': 0.04806954824961596}. Best is trial 2 with value: 0.85.
[I 2025-05-04 17:47:03,520] Trial 8 finished with value: 0.75 and parameters: {'C': 0.4668949853708895, 'gamma': 0.017169565852473867}. Best is trial 2 with value: 0.85.
[I 2025-05-04 17:47:03,534] Trial 9 finished with value: 0.85 and parameters: {'C': 0.03643743139281253, 'gamma': 0.0006200203677164723}. Best is trial 2 with value: 0.85.
[I 2025-05-04 17:47:03,556] Trial 10 finished with value: 0.8 and parameters: {'C': 44.4961392134395, 'gamma': 0.0002144777200577655}. Best is trial 2 with value: 0.85.
[I 2025-05-04 17:47:04,187] Trial 11 finished with value: 0.85 and parameters: {'C': 9.075614031903914, 'gamma': 0.00012956943091346908}. Best is trial 2 with value: 0.85.
[I 2025-05-04 17:47:04,211] Trial 12 finished with value: 0.85 and parameters: {'C': 0.07138299441220011, 'gamma': 0.0006647626165168608}. Best is trial 2 with value: 0.85.
[I 2025-05-04 17:47:04,846] Trial 13 finished with value: 0.85 and parameters: {'C': 2.292012364652377, 'gamma': 0.0004700342178077012}. Best is trial 2 with value: 0.85.
[I 2025-05-04 17:47:05,478] Trial 14 finished with value: 0.8 and parameters: {'C': 0.030174255717936836, 'gamma': 0.0030637147878121913}. Best is trial 2 with value: 0.85.
[I 2025-05-04 17:47:05,502] Trial 15 finished with value: 0.85 and parameters: {'C': 0.11703753893253677, 'gamma': 0.00010210325595767478}. Best is trial 2 with value: 0.85.
[I 2025-05-04 17:47:05,523] Trial 16 finished with value: 0.85 and parameters: {'C': 0.17579519104407218, 'gamma': 0.0005494893722140519}. Best is trial 2 with value: 0.85.
[I 2025-05-04 17:47:05,555] Trial 17 finished with value: 0.75 and parameters: {'C': 2.742022424306509, 'gamma': 0.004958917483606494}. Best is trial 2 with value: 0.85.
[I 2025-05-04 17:47:05,578] Trial 18 finished with value: 0.8 and parameters: {'C': 0.02725212391307086, 'gamma': 0.0010319323785200733}. Best is trial 2 with value: 0.85.
[I 2025-05-04 17:47:05,599] Trial 19 finished with value: 0.7 and parameters: {'C': 95.17072487881215, 'gamma': 0.0002999177764077562}. Best is trial 2 with value: 0.85.
[I 2025-05-04 17:47:05,624] Trial 20 finished with value: 0.8 and parameters: {'C': 1.883194031823891, 'gamma': 0.005633167219177437}. Best is trial 2 with value: 0.85.
[I 2025-05-04 17:47:05,659] Trial 21 finished with value: 0.85 and parameters: {'C': 9.34343692989818, 'gamma': 0.00012759100530062081}. Best is trial 2 with value: 0.85.
[I 2025-05-04 17:47:06,288] Trial 22 finished with value: 0.85 and parameters: {'C': 11.832336680738159, 'gamma': 0.000271103404493572}. Best is trial 2 with value: 0.85.
[I 2025-05-04 17:47:06,312] Trial 23 finished with value: 0.85 and parameters: {'C': 12.280238476692187, 'gamma': 0.00017179982501654845}. Best is trial 2 with value: 0.85.
[I 2025-05-04 17:47:06,943] Trial 24 finished with value: 0.8 and parameters: {'C': 5.8352091169801925, 'gamma': 0.0008111439859940267}. Best is trial 2 with value: 0.85.
[I 2025-05-04 17:47:06,967] Trial 25 finished with value: 0.8 and parameters: {'C': 0.02672436291688206, 'gamma': 0.0013839468551646627}. Best is trial 2 with value: 0.85.
[I 2025-05-04 17:47:06,993] Trial 26 finished with value: 0.85 and parameters: {'C': 0.16064874108421212, 'gamma': 0.0003600569973601941}. Best is trial 2 with value: 0.85.
[I 2025-05-04 17:47:07,016] Trial 27 finished with value: 0.5 and parameters: {'C': 31.874228172150218, 'gamma': 0.8717371128956298}. Best is trial 2 with value: 0.85.
[I 2025-05-04 17:47:07,037] Trial 28 finished with value: 0.85 and parameters: {'C': 1.05471242424256, 'gamma': 0.00010229435154111983}. Best is trial 2 with value: 0.85.
[I 2025-05-04 17:47:07,057] Trial 29 finished with value: 0.85 and parameters: {'C': 5.260526631402948, 'gamma': 0.0002096325923650692}. Best is trial 2 with value: 0.85.
[I 2025-05-04 17:47:08,931] A new study created in memory with name: logreg
Parámetros guardados en checkpoint_shoppers_Dlatent_Roriginal/k-means/best_models_k-means_seed_1/svc_best_params.json


>>> Optuna tuning logreg


[I 2025-05-04 17:47:11,821] Trial 0 finished with value: 0.8 and parameters: {'C': 0.12164941464151847, 'penalty': 'l2'}. Best is trial 0 with value: 0.8.
[I 2025-05-04 17:47:12,246] Trial 1 finished with value: 0.7 and parameters: {'C': 3.9959722831350617, 'penalty': 'l2'}. Best is trial 0 with value: 0.8.
[I 2025-05-04 17:47:12,262] Trial 2 finished with value: 0.75 and parameters: {'C': 0.0010013176560941261, 'penalty': 'l2'}. Best is trial 0 with value: 0.8.
[I 2025-05-04 17:47:12,276] Trial 3 finished with value: 0.75 and parameters: {'C': 0.0324835034508668, 'penalty': 'l2'}. Best is trial 0 with value: 0.8.
[I 2025-05-04 17:47:12,301] Trial 4 finished with value: 0.75 and parameters: {'C': 0.005417257182767969, 'penalty': 'l2'}. Best is trial 0 with value: 0.8.
[I 2025-05-04 17:47:12,326] Trial 5 finished with value: 0.75 and parameters: {'C': 0.0028952960233492846, 'penalty': 'l2'}. Best is trial 0 with value: 0.8.
[I 2025-05-04 17:47:12,352] Trial 6 finished with value: 0.75 and parameters: {'C': 0.008536916958038761, 'penalty': 'l2'}. Best is trial 0 with value: 0.8.
[I 2025-05-04 17:47:12,367] Trial 7 finished with value: 0.8 and parameters: {'C': 0.053432271255941216, 'penalty': 'l2'}. Best is trial 0 with value: 0.8.
[I 2025-05-04 17:47:12,380] Trial 8 finished with value: 0.8 and parameters: {'C': 0.09634681692624379, 'penalty': 'l2'}. Best is trial 0 with value: 0.8.
[I 2025-05-04 17:47:12,394] Trial 9 finished with value: 0.75 and parameters: {'C': 0.4944059287398678, 'penalty': 'l2'}. Best is trial 0 with value: 0.8.
[I 2025-05-04 17:47:12,428] Trial 10 finished with value: 0.7 and parameters: {'C': 67.90603441874381, 'penalty': 'l2'}. Best is trial 0 with value: 0.8.
[I 2025-05-04 17:47:13,095] Trial 11 finished with value: 0.75 and parameters: {'C': 0.721648024775669, 'penalty': 'l2'}. Best is trial 0 with value: 0.8.
[I 2025-05-04 17:47:13,117] Trial 12 finished with value: 0.8 and parameters: {'C': 0.09136324253250903, 'penalty': 'l2'}. Best is trial 0 with value: 0.8.
[I 2025-05-04 17:47:13,747] Trial 13 finished with value: 0.7 and parameters: {'C': 4.881127018812665, 'penalty': 'l2'}. Best is trial 0 with value: 0.8.
[I 2025-05-04 17:47:13,779] Trial 14 finished with value: 0.75 and parameters: {'C': 0.029123974928259078, 'penalty': 'l2'}. Best is trial 0 with value: 0.8.
[I 2025-05-04 17:47:14,415] Trial 15 finished with value: 0.7 and parameters: {'C': 1.719792285443182, 'penalty': 'l2'}. Best is trial 0 with value: 0.8.
[I 2025-05-04 17:47:14,447] Trial 16 finished with value: 0.8 and parameters: {'C': 0.15908906503229506, 'penalty': 'l2'}. Best is trial 0 with value: 0.8.
[I 2025-05-04 17:47:14,468] Trial 17 finished with value: 0.8 and parameters: {'C': 0.03446683449511409, 'penalty': 'l2'}. Best is trial 0 with value: 0.8.
[I 2025-05-04 17:47:14,498] Trial 18 finished with value: 0.75 and parameters: {'C': 0.2836047478264952, 'penalty': 'l2'}. Best is trial 0 with value: 0.8.
[I 2025-05-04 17:47:14,529] Trial 19 finished with value: 0.75 and parameters: {'C': 26.48319074426571, 'penalty': 'l2'}. Best is trial 0 with value: 0.8.
[I 2025-05-04 17:47:15,187] Trial 20 finished with value: 0.75 and parameters: {'C': 0.012221499133136426, 'penalty': 'l2'}. Best is trial 0 with value: 0.8.
[I 2025-05-04 17:47:15,220] Trial 21 finished with value: 0.8 and parameters: {'C': 0.0669487343330339, 'penalty': 'l2'}. Best is trial 0 with value: 0.8.
[I 2025-05-04 17:47:15,242] Trial 22 finished with value: 0.8 and parameters: {'C': 0.16506044333691924, 'penalty': 'l2'}. Best is trial 0 with value: 0.8.
[I 2025-05-04 17:47:15,270] Trial 23 finished with value: 0.75 and parameters: {'C': 0.7043209344028318, 'penalty': 'l2'}. Best is trial 0 with value: 0.8.
[I 2025-05-04 17:47:15,914] Trial 24 finished with value: 0.75 and parameters: {'C': 0.019559379327647165, 'penalty': 'l2'}. Best is trial 0 with value: 0.8.
[I 2025-05-04 17:47:15,947] Trial 25 finished with value: 0.8 and parameters: {'C': 0.09799246746221048, 'penalty': 'l2'}. Best is trial 0 with value: 0.8.
[I 2025-05-04 17:47:15,968] Trial 26 finished with value: 0.7 and parameters: {'C': 1.412217520077439, 'penalty': 'l2'}. Best is trial 0 with value: 0.8.
[I 2025-05-04 17:47:15,999] Trial 27 finished with value: 0.75 and parameters: {'C': 0.2963600872680139, 'penalty': 'l2'}. Best is trial 0 with value: 0.8.
[I 2025-05-04 17:47:16,020] Trial 28 finished with value: 0.8 and parameters: {'C': 0.055382375092704904, 'penalty': 'l2'}. Best is trial 0 with value: 0.8.
[I 2025-05-04 17:47:16,048] Trial 29 finished with value: 0.7 and parameters: {'C': 2.159351446784678, 'penalty': 'l2'}. Best is trial 0 with value: 0.8.
/data/home/rtabares/anaconda3/envs/pyth3.12/lib/python3.12/site-packages/xgboost/core.py:377: FutureWarning: Your system has an old version of glibc (< 2.28). We will stop supporting Linux distros with glibc older than 2.28 after **May 31, 2025**. Please upgrade to a recent Linux distro (with glibc >= 2.28) to use future versions of XGBoost.
Note: You have installed the 'manylinux2014' variant of XGBoost. Certain features such as GPU algorithms or federated learning are not available. To use these features, please upgrade to a recent Linux distro with glibc 2.28+, and install the 'manylinux_2_28' variant.
  warnings.warn(
[I 2025-05-04 17:47:20,231] A new study created in memory with name: mlp
Parámetros guardados en checkpoint_shoppers_Dlatent_Roriginal/k-means/best_models_k-means_seed_1/logreg_best_params.json


>>> Optuna tuning mlp


/data/home/rtabares/anaconda3/envs/pyth3.12/lib/python3.12/site-packages/sklearn/neural_network/_multilayer_perceptron.py:691: ConvergenceWarning: Stochastic Optimizer: Maximum iterations (50) reached and the optimization hasn't converged yet.
  warnings.warn(
/data/home/rtabares/anaconda3/envs/pyth3.12/lib/python3.12/site-packages/sklearn/neural_network/_multilayer_perceptron.py:691: ConvergenceWarning: Stochastic Optimizer: Maximum iterations (50) reached and the optimization hasn't converged yet.
  warnings.warn(
/data/home/rtabares/anaconda3/envs/pyth3.12/lib/python3.12/site-packages/sklearn/neural_network/_multilayer_perceptron.py:691: ConvergenceWarning: Stochastic Optimizer: Maximum iterations (50) reached and the optimization hasn't converged yet.
  warnings.warn(
/data/home/rtabares/anaconda3/envs/pyth3.12/lib/python3.12/site-packages/sklearn/neural_network/_multilayer_perceptron.py:691: ConvergenceWarning: Stochastic Optimizer: Maximum iterations (50) reached and the optimization hasn't converged yet.
  warnings.warn(
/data/home/rtabares/anaconda3/envs/pyth3.12/lib/python3.12/site-packages/sklearn/neural_network/_multilayer_perceptron.py:691: ConvergenceWarning: Stochastic Optimizer: Maximum iterations (50) reached and the optimization hasn't converged yet.
  warnings.warn(
[I 2025-05-04 17:47:20,898] Trial 0 finished with value: 0.75 and parameters: {'hidden_layer_sizes': (200,), 'max_iter': 50, 'alpha': 0.001}. Best is trial 0 with value: 0.75.
/data/home/rtabares/anaconda3/envs/pyth3.12/lib/python3.12/site-packages/sklearn/neural_network/_multilayer_perceptron.py:691: ConvergenceWarning: Stochastic Optimizer: Maximum iterations (100) reached and the optimization hasn't converged yet.
  warnings.warn(
/data/home/rtabares/anaconda3/envs/pyth3.12/lib/python3.12/site-packages/sklearn/neural_network/_multilayer_perceptron.py:691: ConvergenceWarning: Stochastic Optimizer: Maximum iterations (100) reached and the optimization hasn't converged yet.
  warnings.warn(
/data/home/rtabares/anaconda3/envs/pyth3.12/lib/python3.12/site-packages/sklearn/neural_network/_multilayer_perceptron.py:691: ConvergenceWarning: Stochastic Optimizer: Maximum iterations (100) reached and the optimization hasn't converged yet.
  warnings.warn(
/data/home/rtabares/anaconda3/envs/pyth3.12/lib/python3.12/site-packages/sklearn/neural_network/_multilayer_perceptron.py:691: ConvergenceWarning: Stochastic Optimizer: Maximum iterations (100) reached and the optimization hasn't converged yet.
  warnings.warn(
/data/home/rtabares/anaconda3/envs/pyth3.12/lib/python3.12/site-packages/sklearn/neural_network/_multilayer_perceptron.py:691: ConvergenceWarning: Stochastic Optimizer: Maximum iterations (100) reached and the optimization hasn't converged yet.
  warnings.warn(
[I 2025-05-04 17:47:20,996] Trial 1 finished with value: 0.75 and parameters: {'hidden_layer_sizes': (100, 100), 'max_iter': 100, 'alpha': 0.001}. Best is trial 0 with value: 0.75.
/data/home/rtabares/anaconda3/envs/pyth3.12/lib/python3.12/site-packages/sklearn/neural_network/_multilayer_perceptron.py:691: ConvergenceWarning: Stochastic Optimizer: Maximum iterations (50) reached and the optimization hasn't converged yet.
  warnings.warn(
/data/home/rtabares/anaconda3/envs/pyth3.12/lib/python3.12/site-packages/sklearn/neural_network/_multilayer_perceptron.py:691: ConvergenceWarning: Stochastic Optimizer: Maximum iterations (50) reached and the optimization hasn't converged yet.
  warnings.warn(
/data/home/rtabares/anaconda3/envs/pyth3.12/lib/python3.12/site-packages/sklearn/neural_network/_multilayer_perceptron.py:691: ConvergenceWarning: Stochastic Optimizer: Maximum iterations (50) reached and the optimization hasn't converged yet.
  warnings.warn(
/data/home/rtabares/anaconda3/envs/pyth3.12/lib/python3.12/site-packages/sklearn/neural_network/_multilayer_perceptron.py:691: ConvergenceWarning: Stochastic Optimizer: Maximum iterations (50) reached and the optimization hasn't converged yet.
  warnings.warn(
/data/home/rtabares/anaconda3/envs/pyth3.12/lib/python3.12/site-packages/sklearn/neural_network/_multilayer_perceptron.py:691: ConvergenceWarning: Stochastic Optimizer: Maximum iterations (50) reached and the optimization hasn't converged yet.
  warnings.warn(
[I 2025-05-04 17:47:21,042] Trial 2 finished with value: 0.75 and parameters: {'hidden_layer_sizes': (200,), 'max_iter': 50, 'alpha': 0.001}. Best is trial 0 with value: 0.75.
/data/home/rtabares/anaconda3/envs/pyth3.12/lib/python3.12/site-packages/sklearn/neural_network/_multilayer_perceptron.py:691: ConvergenceWarning: Stochastic Optimizer: Maximum iterations (100) reached and the optimization hasn't converged yet.
  warnings.warn(
/data/home/rtabares/anaconda3/envs/pyth3.12/lib/python3.12/site-packages/sklearn/neural_network/_multilayer_perceptron.py:691: ConvergenceWarning: Stochastic Optimizer: Maximum iterations (100) reached and the optimization hasn't converged yet.
  warnings.warn(
/data/home/rtabares/anaconda3/envs/pyth3.12/lib/python3.12/site-packages/sklearn/neural_network/_multilayer_perceptron.py:691: ConvergenceWarning: Stochastic Optimizer: Maximum iterations (100) reached and the optimization hasn't converged yet.
  warnings.warn(
/data/home/rtabares/anaconda3/envs/pyth3.12/lib/python3.12/site-packages/sklearn/neural_network/_multilayer_perceptron.py:691: ConvergenceWarning: Stochastic Optimizer: Maximum iterations (100) reached and the optimization hasn't converged yet.
  warnings.warn(
/data/home/rtabares/anaconda3/envs/pyth3.12/lib/python3.12/site-packages/sklearn/neural_network/_multilayer_perceptron.py:691: ConvergenceWarning: Stochastic Optimizer: Maximum iterations (100) reached and the optimization hasn't converged yet.
  warnings.warn(
