[I 2025-05-04 17:47:43,274] Trial 6 finished with value: 0.9 and parameters: {'n_estimators': 451, 'max_depth': 19, 'min_samples_split': 2, 'min_samples_leaf': 1}. Best is trial 0 with value: 0.9.
[I 2025-05-04 17:47:43,524] Trial 7 finished with value: 0.9 and parameters: {'n_estimators': 168, 'max_depth': 18, 'min_samples_split': 2, 'min_samples_leaf': 5}. Best is trial 0 with value: 0.9.
[I 2025-05-04 17:47:44,123] Trial 8 finished with value: 0.9 and parameters: {'n_estimators': 484, 'max_depth': 12, 'min_samples_split': 8, 'min_samples_leaf': 4}. Best is trial 0 with value: 0.9.
[I 2025-05-04 17:47:44,514] Trial 9 finished with value: 0.5 and parameters: {'n_estimators': 375, 'max_depth': 18, 'min_samples_split': 2, 'min_samples_leaf': 8}. Best is trial 0 with value: 0.9.
[I 2025-05-04 17:47:44,971] Trial 10 finished with value: 0.5 and parameters: {'n_estimators': 336, 'max_depth': 6, 'min_samples_split': 10, 'min_samples_leaf': 10}. Best is trial 0 with value: 0.9.
[I 2025-05-04 17:47:45,834] Trial 11 finished with value: 0.9 and parameters: {'n_estimators': 106, 'max_depth': 5, 'min_samples_split': 6, 'min_samples_leaf': 3}. Best is trial 0 with value: 0.9.
[I 2025-05-04 17:47:46,769] Trial 12 finished with value: 0.9 and parameters: {'n_estimators': 229, 'max_depth': 8, 'min_samples_split': 4, 'min_samples_leaf': 4}. Best is trial 0 with value: 0.9.
[I 2025-05-04 17:47:47,619] Trial 13 finished with value: 0.9 and parameters: {'n_estimators': 134, 'max_depth': 3, 'min_samples_split': 6, 'min_samples_leaf': 5}. Best is trial 0 with value: 0.9.
[I 2025-05-04 17:47:48,491] Trial 14 finished with value: 0.9 and parameters: {'n_estimators': 209, 'max_depth': 15, 'min_samples_split': 4, 'min_samples_leaf': 3}. Best is trial 0 with value: 0.9.
[I 2025-05-04 17:47:48,838] Trial 15 finished with value: 0.9 and parameters: {'n_estimators': 312, 'max_depth': 9, 'min_samples_split': 7, 'min_samples_leaf': 1}. Best is trial 0 with value: 0.9.
[I 2025-05-04 17:47:49,215] Trial 16 finished with value: 0.95 and parameters: {'n_estimators': 352, 'max_depth': 15, 'min_samples_split': 3, 'min_samples_leaf': 6}. Best is trial 16 with value: 0.95.
[I 2025-05-04 17:47:49,655] Trial 17 finished with value: 0.5 and parameters: {'n_estimators': 367, 'max_depth': 14, 'min_samples_split': 3, 'min_samples_leaf': 9}. Best is trial 16 with value: 0.95.
[I 2025-05-04 17:47:50,006] Trial 18 finished with value: 0.85 and parameters: {'n_estimators': 283, 'max_depth': 16, 'min_samples_split': 5, 'min_samples_leaf': 6}. Best is trial 16 with value: 0.95.
[I 2025-05-04 17:47:50,433] Trial 19 finished with value: 0.95 and parameters: {'n_estimators': 396, 'max_depth': 10, 'min_samples_split': 9, 'min_samples_leaf': 6}. Best is trial 16 with value: 0.95.
[I 2025-05-04 17:47:50,911] Trial 20 finished with value: 0.9 and parameters: {'n_estimators': 400, 'max_depth': 10, 'min_samples_split': 10, 'min_samples_leaf': 6}. Best is trial 16 with value: 0.95.
[I 2025-05-04 17:47:51,277] Trial 21 finished with value: 0.9 and parameters: {'n_estimators': 334, 'max_depth': 16, 'min_samples_split': 9, 'min_samples_leaf': 6}. Best is trial 16 with value: 0.95.
[I 2025-05-04 17:47:51,736] Trial 22 finished with value: 0.9 and parameters: {'n_estimators': 363, 'max_depth': 10, 'min_samples_split': 7, 'min_samples_leaf': 5}. Best is trial 16 with value: 0.95.
[I 2025-05-04 17:47:52,224] Trial 23 finished with value: 0.5 and parameters: {'n_estimators': 433, 'max_depth': 14, 'min_samples_split': 8, 'min_samples_leaf': 8}. Best is trial 16 with value: 0.95.
[I 2025-05-04 17:47:52,595] Trial 24 finished with value: 0.9 and parameters: {'n_estimators': 297, 'max_depth': 7, 'min_samples_split': 5, 'min_samples_leaf': 3}. Best is trial 16 with value: 0.95.
[I 2025-05-04 17:47:53,141] Trial 25 finished with value: 0.5 and parameters: {'n_estimators': 471, 'max_depth': 11, 'min_samples_split': 9, 'min_samples_leaf': 8}. Best is trial 16 with value: 0.95.
[I 2025-05-04 17:47:53,580] Trial 26 finished with value: 0.9 and parameters: {'n_estimators': 390, 'max_depth': 16, 'min_samples_split': 3, 'min_samples_leaf': 5}. Best is trial 16 with value: 0.95.
[I 2025-05-04 17:47:53,972] Trial 27 finished with value: 0.95 and parameters: {'n_estimators': 332, 'max_depth': 14, 'min_samples_split': 7, 'min_samples_leaf': 6}. Best is trial 16 with value: 0.95.
[I 2025-05-04 17:47:54,365] Trial 28 finished with value: 0.55 and parameters: {'n_estimators': 333, 'max_depth': 13, 'min_samples_split': 8, 'min_samples_leaf': 7}. Best is trial 16 with value: 0.95.
[I 2025-05-04 17:47:54,803] Trial 29 finished with value: 0.95 and parameters: {'n_estimators': 407, 'max_depth': 11, 'min_samples_split': 9, 'min_samples_leaf': 6}. Best is trial 16 with value: 0.95.
[I 2025-05-04 17:47:57,371] A new study created in memory with name: svc
Parámetros guardados en checkpoint_shoppers_Dlatent_Roriginal/ag/best_models_ag_seed_1/rf_best_params.json


>>> Optuna tuning svc


[I 2025-05-04 17:48:00,222] Trial 0 finished with value: 0.4 and parameters: {'C': 0.4656804637919569, 'gamma': 0.07608481233714794}. Best is trial 0 with value: 0.4.
[I 2025-05-04 17:48:00,647] Trial 1 finished with value: 0.65 and parameters: {'C': 0.010010539860510492, 'gamma': 0.0016193110912440748}. Best is trial 1 with value: 0.65.
[I 2025-05-04 17:48:00,665] Trial 2 finished with value: 0.65 and parameters: {'C': 0.03863879405158731, 'gamma': 0.00023407464805767542}. Best is trial 1 with value: 0.65.
[I 2025-05-04 17:48:00,681] Trial 3 finished with value: 0.65 and parameters: {'C': 0.0555956542671257, 'gamma': 0.002411253706147574}. Best is trial 1 with value: 0.65.
[I 2025-05-04 17:48:00,694] Trial 4 finished with value: 0.55 and parameters: {'C': 0.3864291653552654, 'gamma': 0.014297724879798395}. Best is trial 1 with value: 0.65.
[I 2025-05-04 17:48:00,707] Trial 5 finished with value: 0.4 and parameters: {'C': 0.47509237210306143, 'gamma': 0.05506529897945987}. Best is trial 1 with value: 0.65.
[I 2025-05-04 17:48:00,721] Trial 6 finished with value: 0.7 and parameters: {'C': 0.06573686655138336, 'gamma': 0.3254391115088485}. Best is trial 6 with value: 0.7.
[I 2025-05-04 17:48:00,734] Trial 7 finished with value: 0.4 and parameters: {'C': 0.01286916510781503, 'gamma': 0.04806954824961596}. Best is trial 6 with value: 0.7.
[I 2025-05-04 17:48:00,748] Trial 8 finished with value: 0.5 and parameters: {'C': 0.4668949853708895, 'gamma': 0.017169565852473867}. Best is trial 6 with value: 0.7.
[I 2025-05-04 17:48:00,763] Trial 9 finished with value: 0.65 and parameters: {'C': 0.03643743139281253, 'gamma': 0.0006200203677164723}. Best is trial 6 with value: 0.7.
[I 2025-05-04 17:48:00,793] Trial 10 finished with value: 0.6 and parameters: {'C': 45.63350264769956, 'gamma': 0.8207494130861732}. Best is trial 6 with value: 0.7.
[I 2025-05-04 17:48:01,421] Trial 11 finished with value: 0.65 and parameters: {'C': 0.010851625255889582, 'gamma': 0.8925339139272248}. Best is trial 6 with value: 0.7.
[I 2025-05-04 17:48:01,444] Trial 12 finished with value: 0.6 and parameters: {'C': 6.0078577406754645, 'gamma': 0.002069571665548138}. Best is trial 6 with value: 0.7.
[I 2025-05-04 17:48:02,075] Trial 13 finished with value: 0.65 and parameters: {'C': 0.09726410913006488, 'gamma': 0.002781063931119955}. Best is trial 6 with value: 0.7.
[I 2025-05-04 17:48:02,716] Trial 14 finished with value: 0.65 and parameters: {'C': 3.068096919713349, 'gamma': 0.0001311779650345857}. Best is trial 6 with value: 0.7.
[I 2025-05-04 17:48:02,740] Trial 15 finished with value: 0.5 and parameters: {'C': 0.1679410104412296, 'gamma': 0.19524638707621292}. Best is trial 6 with value: 0.7.
[I 2025-05-04 17:48:02,763] Trial 16 finished with value: 0.65 and parameters: {'C': 0.018062589864327037, 'gamma': 0.0006669549756014382}. Best is trial 6 with value: 0.7.
[I 2025-05-04 17:48:02,784] Trial 17 finished with value: 0.5 and parameters: {'C': 2.742022424306509, 'gamma': 0.006092875795748525}. Best is trial 6 with value: 0.7.
[I 2025-05-04 17:48:02,805] Trial 18 finished with value: 0.5 and parameters: {'C': 0.14202588332407032, 'gamma': 0.22276948764240587}. Best is trial 6 with value: 0.7.
[I 2025-05-04 17:48:02,827] Trial 19 finished with value: 0.6 and parameters: {'C': 95.17072487881215, 'gamma': 0.0007538202891941719}. Best is trial 6 with value: 0.7.
[I 2025-05-04 17:48:03,453] Trial 20 finished with value: 0.6 and parameters: {'C': 0.026345838704525528, 'gamma': 0.0067972995228490875}. Best is trial 6 with value: 0.7.
[I 2025-05-04 17:48:03,476] Trial 21 finished with value: 0.65 and parameters: {'C': 0.04888678036643952, 'gamma': 0.00020300510288547732}. Best is trial 6 with value: 0.7.
[I 2025-05-04 17:48:03,496] Trial 22 finished with value: 0.65 and parameters: {'C': 0.02836336060409056, 'gamma': 0.00032606109232161037}. Best is trial 6 with value: 0.7.
[I 2025-05-04 17:48:03,516] Trial 23 finished with value: 0.65 and parameters: {'C': 0.0791487162536582, 'gamma': 0.0011869038715771702}. Best is trial 6 with value: 0.7.
[I 2025-05-04 17:48:04,281] Trial 24 finished with value: 0.65 and parameters: {'C': 0.010346426687833098, 'gamma': 0.0001059699422616872}. Best is trial 6 with value: 0.7.
[I 2025-05-04 17:48:04,301] Trial 25 finished with value: 0.65 and parameters: {'C': 0.1501750297287001, 'gamma': 0.00032531311708919867}. Best is trial 6 with value: 0.7.
[I 2025-05-04 17:48:04,322] Trial 26 finished with value: 0.5 and parameters: {'C': 0.028365650193630663, 'gamma': 0.026375394912616642}. Best is trial 6 with value: 0.7.
[I 2025-05-04 17:48:04,347] Trial 27 finished with value: 0.6 and parameters: {'C': 1.3880337367943967, 'gamma': 0.004123441012240581}. Best is trial 6 with value: 0.7.
[I 2025-05-04 17:48:04,369] Trial 28 finished with value: 0.5 and parameters: {'C': 17.619997947282993, 'gamma': 0.3775571384294442}. Best is trial 6 with value: 0.7.
[I 2025-05-04 17:48:04,392] Trial 29 finished with value: 0.65 and parameters: {'C': 0.21757092768494582, 'gamma': 0.001388354826003937}. Best is trial 6 with value: 0.7.
/data/home/rtabares/anaconda3/envs/pyth3.12/lib/python3.12/site-packages/xgboost/core.py:377: FutureWarning: Your system has an old version of glibc (< 2.28). We will stop supporting Linux distros with glibc older than 2.28 after **May 31, 2025**. Please upgrade to a recent Linux distro (with glibc >= 2.28) to use future versions of XGBoost.
Note: You have installed the 'manylinux2014' variant of XGBoost. Certain features such as GPU algorithms or federated learning are not available. To use these features, please upgrade to a recent Linux distro with glibc 2.28+, and install the 'manylinux_2_28' variant.
  warnings.warn(
[I 2025-05-04 17:48:06,222] A new study created in memory with name: logreg
[I 2025-05-04 17:48:06,245] Trial 0 finished with value: 0.7 and parameters: {'C': 0.12164941464151847, 'penalty': 'l2'}. Best is trial 0 with value: 0.7.
[I 2025-05-04 17:48:06,270] Trial 1 finished with value: 0.8 and parameters: {'C': 3.9959722831350617, 'penalty': 'l2'}. Best is trial 1 with value: 0.8.
[I 2025-05-04 17:48:08,122] Trial 2 finished with value: 0.7 and parameters: {'C': 0.0010013176560941261, 'penalty': 'l2'}. Best is trial 1 with value: 0.8.
Parámetros guardados en checkpoint_shoppers_Dlatent_Roriginal/ag/best_models_ag_seed_1/svc_best_params.json


>>> Optuna tuning logreg


[I 2025-05-04 17:48:09,230] Trial 3 finished with value: 0.65 and parameters: {'C': 0.0324835034508668, 'penalty': 'l2'}. Best is trial 1 with value: 0.8.
[I 2025-05-04 17:48:09,356] Trial 4 finished with value: 0.7 and parameters: {'C': 0.005417257182767969, 'penalty': 'l2'}. Best is trial 1 with value: 0.8.
[I 2025-05-04 17:48:09,375] Trial 5 finished with value: 0.7 and parameters: {'C': 0.0028952960233492846, 'penalty': 'l2'}. Best is trial 1 with value: 0.8.
[I 2025-05-04 17:48:09,391] Trial 6 finished with value: 0.7 and parameters: {'C': 0.008536916958038761, 'penalty': 'l2'}. Best is trial 1 with value: 0.8.
[I 2025-05-04 17:48:09,417] Trial 7 finished with value: 0.7 and parameters: {'C': 0.053432271255941216, 'penalty': 'l2'}. Best is trial 1 with value: 0.8.
[I 2025-05-04 17:48:09,443] Trial 8 finished with value: 0.7 and parameters: {'C': 0.09634681692624379, 'penalty': 'l2'}. Best is trial 1 with value: 0.8.
[I 2025-05-04 17:48:09,468] Trial 9 finished with value: 0.7 and parameters: {'C': 0.4944059287398678, 'penalty': 'l2'}. Best is trial 1 with value: 0.8.
[I 2025-05-04 17:48:09,498] Trial 10 finished with value: 0.8 and parameters: {'C': 14.885751870331024, 'penalty': 'l2'}. Best is trial 1 with value: 0.8.
[I 2025-05-04 17:48:09,526] Trial 11 finished with value: 0.8 and parameters: {'C': 18.30189778367172, 'penalty': 'l2'}. Best is trial 1 with value: 0.8.
[I 2025-05-04 17:48:09,555] Trial 12 finished with value: 0.8 and parameters: {'C': 17.437711586881406, 'penalty': 'l2'}. Best is trial 1 with value: 0.8.
[I 2025-05-04 17:48:09,585] Trial 13 finished with value: 0.75 and parameters: {'C': 1.4836089745557162, 'penalty': 'l2'}. Best is trial 1 with value: 0.8.
[I 2025-05-04 17:48:10,244] Trial 14 finished with value: 0.8 and parameters: {'C': 68.0654911974627, 'penalty': 'l2'}. Best is trial 1 with value: 0.8.
[I 2025-05-04 17:48:10,894] Trial 15 finished with value: 0.8 and parameters: {'C': 3.4770124032247396, 'penalty': 'l2'}. Best is trial 1 with value: 0.8.
[I 2025-05-04 17:48:11,532] Trial 16 finished with value: 0.8 and parameters: {'C': 5.192974801152825, 'penalty': 'l2'}. Best is trial 1 with value: 0.8.
[I 2025-05-04 17:48:11,564] Trial 17 finished with value: 0.75 and parameters: {'C': 92.67270540584825, 'penalty': 'l2'}. Best is trial 1 with value: 0.8.
[I 2025-05-04 17:48:11,595] Trial 18 finished with value: 0.75 and parameters: {'C': 1.2840630332893923, 'penalty': 'l2'}. Best is trial 1 with value: 0.8.
[I 2025-05-04 17:48:11,625] Trial 19 finished with value: 0.8 and parameters: {'C': 19.004075744519156, 'penalty': 'l2'}. Best is trial 1 with value: 0.8.
[I 2025-05-04 17:48:11,654] Trial 20 finished with value: 0.8 and parameters: {'C': 6.531503538671103, 'penalty': 'l2'}. Best is trial 1 with value: 0.8.
[I 2025-05-04 17:48:11,686] Trial 21 finished with value: 0.8 and parameters: {'C': 21.585393692828823, 'penalty': 'l2'}. Best is trial 1 with value: 0.8.
[I 2025-05-04 17:48:11,718] Trial 22 finished with value: 0.8 and parameters: {'C': 35.9905826230974, 'penalty': 'l2'}. Best is trial 1 with value: 0.8.
[I 2025-05-04 17:48:11,750] Trial 23 finished with value: 0.8 and parameters: {'C': 7.868015182053621, 'penalty': 'l2'}. Best is trial 1 with value: 0.8.
[I 2025-05-04 17:48:11,779] Trial 24 finished with value: 0.75 and parameters: {'C': 1.1158061548390903, 'penalty': 'l2'}. Best is trial 1 with value: 0.8.
[I 2025-05-04 17:48:12,426] Trial 25 finished with value: 0.8 and parameters: {'C': 2.5673583222909855, 'penalty': 'l2'}. Best is trial 1 with value: 0.8.
[I 2025-05-04 17:48:12,464] Trial 26 finished with value: 0.75 and parameters: {'C': 0.34111086905266286, 'penalty': 'l2'}. Best is trial 1 with value: 0.8.
[I 2025-05-04 17:48:12,496] Trial 27 finished with value: 0.8 and parameters: {'C': 13.033705182191143, 'penalty': 'l2'}. Best is trial 1 with value: 0.8.
[I 2025-05-04 17:48:12,537] Trial 28 finished with value: 0.8 and parameters: {'C': 39.96305062833818, 'penalty': 'l2'}. Best is trial 1 with value: 0.8.
[I 2025-05-04 17:48:12,569] Trial 29 finished with value: 0.7 and parameters: {'C': 0.599898190019167, 'penalty': 'l2'}. Best is trial 1 with value: 0.8.
/data/home/rtabares/anaconda3/envs/pyth3.12/lib/python3.12/site-packages/xgboost/core.py:377: FutureWarning: Your system has an old version of glibc (< 2.28). We will stop supporting Linux distros with glibc older than 2.28 after **May 31, 2025**. Please upgrade to a recent Linux distro (with glibc >= 2.28) to use future versions of XGBoost.
Note: You have installed the 'manylinux2014' variant of XGBoost. Certain features such as GPU algorithms or federated learning are not available. To use these features, please upgrade to a recent Linux distro with glibc 2.28+, and install the 'manylinux_2_28' variant.
  warnings.warn(
[I 2025-05-04 17:48:14,462] A new study created in memory with name: mlp
/data/home/rtabares/anaconda3/envs/pyth3.12/lib/python3.12/site-packages/sklearn/neural_network/_multilayer_perceptron.py:691: ConvergenceWarning: Stochastic Optimizer: Maximum iterations (50) reached and the optimization hasn't converged yet.
  warnings.warn(
/data/home/rtabares/anaconda3/envs/pyth3.12/lib/python3.12/site-packages/sklearn/neural_network/_multilayer_perceptron.py:691: ConvergenceWarning: Stochastic Optimizer: Maximum iterations (50) reached and the optimization hasn't converged yet.
  warnings.warn(
/data/home/rtabares/anaconda3/envs/pyth3.12/lib/python3.12/site-packages/sklearn/neural_network/_multilayer_perceptron.py:691: ConvergenceWarning: Stochastic Optimizer: Maximum iterations (50) reached and the optimization hasn't converged yet.
  warnings.warn(
/data/home/rtabares/anaconda3/envs/pyth3.12/lib/python3.12/site-packages/sklearn/neural_network/_multilayer_perceptron.py:691: ConvergenceWarning: Stochastic Optimizer: Maximum iterations (50) reached and the optimization hasn't converged yet.
  warnings.warn(
/data/home/rtabares/anaconda3/envs/pyth3.12/lib/python3.12/site-packages/sklearn/neural_network/_multilayer_perceptron.py:691: ConvergenceWarning: Stochastic Optimizer: Maximum iterations (50) reached and the optimization hasn't converged yet.
  warnings.warn(
[I 2025-05-04 17:48:15,011] Trial 0 finished with value: 0.6 and parameters: {'hidden_layer_sizes': (200,), 'max_iter': 50, 'alpha': 0.001}. Best is trial 0 with value: 0.6.
Parámetros guardados en checkpoint_shoppers_Dlatent_Roriginal/ag/best_models_ag_seed_1/logreg_best_params.json


>>> Optuna tuning mlp


/data/home/rtabares/anaconda3/envs/pyth3.12/lib/python3.12/site-packages/sklearn/neural_network/_multilayer_perceptron.py:691: ConvergenceWarning: Stochastic Optimizer: Maximum iterations (100) reached and the optimization hasn't converged yet.
  warnings.warn(
/data/home/rtabares/anaconda3/envs/pyth3.12/lib/python3.12/site-packages/sklearn/neural_network/_multilayer_perceptron.py:691: ConvergenceWarning: Stochastic Optimizer: Maximum iterations (100) reached and the optimization hasn't converged yet.
  warnings.warn(
/data/home/rtabares/anaconda3/envs/pyth3.12/lib/python3.12/site-packages/sklearn/neural_network/_multilayer_perceptron.py:691: ConvergenceWarning: Stochastic Optimizer: Maximum iterations (100) reached and the optimization hasn't converged yet.
  warnings.warn(
/data/home/rtabares/anaconda3/envs/pyth3.12/lib/python3.12/site-packages/sklearn/neural_network/_multilayer_perceptron.py:691: ConvergenceWarning: Stochastic Optimizer: Maximum iterations (100) reached and the optimization hasn't converged yet.
  warnings.warn(
/data/home/rtabares/anaconda3/envs/pyth3.12/lib/python3.12/site-packages/sklearn/neural_network/_multilayer_perceptron.py:691: ConvergenceWarning: Stochastic Optimizer: Maximum iterations (100) reached and the optimization hasn't converged yet.
  warnings.warn(
[I 2025-05-04 17:48:17,269] Trial 1 finished with value: 0.8 and parameters: {'hidden_layer_sizes': (100, 100), 'max_iter': 100, 'alpha': 0.001}. Best is trial 1 with value: 0.8.
/data/home/rtabares/anaconda3/envs/pyth3.12/lib/python3.12/site-packages/sklearn/neural_network/_multilayer_perceptron.py:691: ConvergenceWarning: Stochastic Optimizer: Maximum iterations (50) reached and the optimization hasn't converged yet.
  warnings.warn(
/data/home/rtabares/anaconda3/envs/pyth3.12/lib/python3.12/site-packages/sklearn/neural_network/_multilayer_perceptron.py:691: ConvergenceWarning: Stochastic Optimizer: Maximum iterations (50) reached and the optimization hasn't converged yet.
  warnings.warn(
/data/home/rtabares/anaconda3/envs/pyth3.12/lib/python3.12/site-packages/sklearn/neural_network/_multilayer_perceptron.py:691: ConvergenceWarning: Stochastic Optimizer: Maximum iterations (50) reached and the optimization hasn't converged yet.
  warnings.warn(
/data/home/rtabares/anaconda3/envs/pyth3.12/lib/python3.12/site-packages/sklearn/neural_network/_multilayer_perceptron.py:691: ConvergenceWarning: Stochastic Optimizer: Maximum iterations (50) reached and the optimization hasn't converged yet.
  warnings.warn(
/data/home/rtabares/anaconda3/envs/pyth3.12/lib/python3.12/site-packages/sklearn/neural_network/_multilayer_perceptron.py:691: ConvergenceWarning: Stochastic Optimizer: Maximum iterations (50) reached and the optimization hasn't converged yet.
  warnings.warn(
