[I 2025-05-04 17:58:50,588] Trial 14 finished with value: 0.9 and parameters: {'n_estimators': 40, 'max_depth': 5, 'gamma': 0.6805784627286463, 'subsample': 0.8826178268963198, 'colsample_bytree': 0.5761741838035739}. Best is trial 9 with value: 0.95.
/data/home/rtabares/anaconda3/envs/pyth3.12/lib/python3.12/site-packages/xgboost/core.py:377: FutureWarning: Your system has an old version of glibc (< 2.28). We will stop supporting Linux distros with glibc older than 2.28 after **May 31, 2025**. Please upgrade to a recent Linux distro (with glibc >= 2.28) to use future versions of XGBoost.
Note: You have installed the 'manylinux2014' variant of XGBoost. Certain features such as GPU algorithms or federated learning are not available. To use these features, please upgrade to a recent Linux distro with glibc 2.28+, and install the 'manylinux_2_28' variant.
  warnings.warn(
[I 2025-05-04 17:58:51,266] Trial 15 finished with value: 0.9 and parameters: {'n_estimators': 40, 'max_depth': 5, 'gamma': 0.9946117484244648, 'subsample': 0.5986523202018421, 'colsample_bytree': 0.5555795901255259}. Best is trial 9 with value: 0.95.
[I 2025-05-04 17:58:51,316] Trial 16 finished with value: 0.95 and parameters: {'n_estimators': 40, 'max_depth': 5, 'gamma': 0.3600210757373656, 'subsample': 0.9952790555107086, 'colsample_bytree': 0.7226564518037382}. Best is trial 9 with value: 0.95.
/data/home/rtabares/anaconda3/envs/pyth3.12/lib/python3.12/site-packages/xgboost/core.py:377: FutureWarning: Your system has an old version of glibc (< 2.28). We will stop supporting Linux distros with glibc older than 2.28 after **May 31, 2025**. Please upgrade to a recent Linux distro (with glibc >= 2.28) to use future versions of XGBoost.
Note: You have installed the 'manylinux2014' variant of XGBoost. Certain features such as GPU algorithms or federated learning are not available. To use these features, please upgrade to a recent Linux distro with glibc 2.28+, and install the 'manylinux_2_28' variant.
  warnings.warn(
[I 2025-05-04 17:58:51,974] Trial 17 finished with value: 0.9 and parameters: {'n_estimators': 40, 'max_depth': 30, 'gamma': 0.4610415483337726, 'subsample': 0.5827881561712999, 'colsample_bytree': 0.542849178088708}. Best is trial 9 with value: 0.95.
[I 2025-05-04 17:58:52,018] Trial 18 finished with value: 0.9 and parameters: {'n_estimators': 40, 'max_depth': 5, 'gamma': 0.623702795036778, 'subsample': 0.8659795587988769, 'colsample_bytree': 0.6065660819469352}. Best is trial 9 with value: 0.95.
[I 2025-05-04 17:58:52,068] Trial 19 finished with value: 0.9 and parameters: {'n_estimators': 40, 'max_depth': 5, 'gamma': 0.7393987033398777, 'subsample': 0.5549642143810863, 'colsample_bytree': 0.9943207699442902}. Best is trial 9 with value: 0.95.
[I 2025-05-04 17:58:52,119] Trial 20 finished with value: 0.9 and parameters: {'n_estimators': 10, 'max_depth': 30, 'gamma': 0.5922508537526308, 'subsample': 0.8781092553464311, 'colsample_bytree': 0.8440460692478028}. Best is trial 9 with value: 0.95.
