[I 2025-05-04 17:38:51,616] Trial 11 finished with value: 0.95 and parameters: {'n_estimators': 10, 'max_depth': 20, 'gamma': 0.42494746882238776, 'subsample': 0.6833246880949571, 'colsample_bytree': 0.7661538987372662}. Best is trial 0 with value: 0.95.
/data/home/rtabares/anaconda3/envs/pyth3.12/lib/python3.12/site-packages/xgboost/core.py:377: FutureWarning: Your system has an old version of glibc (< 2.28). We will stop supporting Linux distros with glibc older than 2.28 after **May 31, 2025**. Please upgrade to a recent Linux distro (with glibc >= 2.28) to use future versions of XGBoost.
Note: You have installed the 'manylinux2014' variant of XGBoost. Certain features such as GPU algorithms or federated learning are not available. To use these features, please upgrade to a recent Linux distro with glibc 2.28+, and install the 'manylinux_2_28' variant.
  warnings.warn(
/data/home/rtabares/anaconda3/envs/pyth3.12/lib/python3.12/site-packages/xgboost/core.py:377: FutureWarning: Your system has an old version of glibc (< 2.28). We will stop supporting Linux distros with glibc older than 2.28 after **May 31, 2025**. Please upgrade to a recent Linux distro (with glibc >= 2.28) to use future versions of XGBoost.
Note: You have installed the 'manylinux2014' variant of XGBoost. Certain features such as GPU algorithms or federated learning are not available. To use these features, please upgrade to a recent Linux distro with glibc 2.28+, and install the 'manylinux_2_28' variant.
  warnings.warn(
[I 2025-05-04 17:38:52,280] Trial 12 finished with value: 0.85 and parameters: {'n_estimators': 100, 'max_depth': 5, 'gamma': 0.17175478420649942, 'subsample': 0.7604630592256484, 'colsample_bytree': 0.8882602412931317}. Best is trial 0 with value: 0.95.
[I 2025-05-04 17:38:52,331] Trial 13 finished with value: 0.95 and parameters: {'n_estimators': 40, 'max_depth': 5, 'gamma': 0.46968383520201595, 'subsample': 0.6296094462669416, 'colsample_bytree': 0.7447079709368308}. Best is trial 0 with value: 0.95.
/data/home/rtabares/anaconda3/envs/pyth3.12/lib/python3.12/site-packages/xgboost/core.py:377: FutureWarning: Your system has an old version of glibc (< 2.28). We will stop supporting Linux distros with glibc older than 2.28 after **May 31, 2025**. Please upgrade to a recent Linux distro (with glibc >= 2.28) to use future versions of XGBoost.
Note: You have installed the 'manylinux2014' variant of XGBoost. Certain features such as GPU algorithms or federated learning are not available. To use these features, please upgrade to a recent Linux distro with glibc 2.28+, and install the 'manylinux_2_28' variant.
  warnings.warn(
[I 2025-05-04 17:38:52,965] Trial 14 finished with value: 0.95 and parameters: {'n_estimators': 10, 'max_depth': 20, 'gamma': 0.7948589777165307, 'subsample': 0.7758821784304792, 'colsample_bytree': 0.7537721595584849}. Best is trial 0 with value: 0.95.
/data/home/rtabares/anaconda3/envs/pyth3.12/lib/python3.12/site-packages/xgboost/core.py:377: FutureWarning: Your system has an old version of glibc (< 2.28). We will stop supporting Linux distros with glibc older than 2.28 after **May 31, 2025**. Please upgrade to a recent Linux distro (with glibc >= 2.28) to use future versions of XGBoost.
Note: You have installed the 'manylinux2014' variant of XGBoost. Certain features such as GPU algorithms or federated learning are not available. To use these features, please upgrade to a recent Linux distro with glibc 2.28+, and install the 'manylinux_2_28' variant.
  warnings.warn(
[I 2025-05-04 17:38:53,610] Trial 15 finished with value: 0.9 and parameters: {'n_estimators': 40, 'max_depth': 20, 'gamma': 0.28194741319909133, 'subsample': 0.5103505624713055, 'colsample_bytree': 0.9845212264211136}. Best is trial 0 with value: 0.95.
[I 2025-05-04 17:38:53,661] Trial 16 finished with value: 0.9 and parameters: {'n_estimators': 100, 'max_depth': 5, 'gamma': 0.5152470639351505, 'subsample': 0.6221453563347079, 'colsample_bytree': 0.6912387691426738}. Best is trial 0 with value: 0.95.
/data/home/rtabares/anaconda3/envs/pyth3.12/lib/python3.12/site-packages/xgboost/core.py:377: FutureWarning: Your system has an old version of glibc (< 2.28). We will stop supporting Linux distros with glibc older than 2.28 after **May 31, 2025**. Please upgrade to a recent Linux distro (with glibc >= 2.28) to use future versions of XGBoost.
Note: You have installed the 'manylinux2014' variant of XGBoost. Certain features such as GPU algorithms or federated learning are not available. To use these features, please upgrade to a recent Linux distro with glibc 2.28+, and install the 'manylinux_2_28' variant.
  warnings.warn(
[I 2025-05-04 17:38:54,304] Trial 17 finished with value: 0.85 and parameters: {'n_estimators': 40, 'max_depth': 20, 'gamma': 0.6582738890715492, 'subsample': 0.7046005930932894, 'colsample_bytree': 0.6115596546084268}. Best is trial 0 with value: 0.95.
[I 2025-05-04 17:38:54,343] Trial 18 finished with value: 0.95 and parameters: {'n_estimators': 100, 'max_depth': 5, 'gamma': 0.26243906447147763, 'subsample': 0.5665088776762035, 'colsample_bytree': 0.8238197091984051}. Best is trial 0 with value: 0.95.
[I 2025-05-04 17:38:54,380] Trial 19 finished with value: 0.95 and parameters: {'n_estimators': 10, 'max_depth': 30, 'gamma': 0.1190389859476221, 'subsample': 0.7973081974695146, 'colsample_bytree': 0.7146927902560363}. Best is trial 0 with value: 0.95.
[I 2025-05-04 17:38:54,430] Trial 20 finished with value: 0.95 and parameters: {'n_estimators': 100, 'max_depth': 5, 'gamma': 0.8103260095787294, 'subsample': 0.6595496651712397, 'colsample_bytree': 0.8887148142078876}. Best is trial 0 with value: 0.95.
[I 2025-05-04 17:38:54,481] Trial 21 finished with value: 0.95 and parameters: {'n_estimators': 100, 'max_depth': 5, 'gamma': 0.9143492422352758, 'subsample': 0.9793831337420338, 'colsample_bytree': 0.5181853808344}. Best is trial 0 with value: 0.95.
[I 2025-05-04 17:38:54,532] Trial 22 finished with value: 0.95 and parameters: {'n_estimators': 100, 'max_depth': 5, 'gamma': 0.8609983917242179, 'subsample': 0.7292739525693447, 'colsample_bytree': 0.5986646573837513}. Best is trial 0 with value: 0.95.
[I 2025-05-04 17:38:54,583] Trial 23 finished with value: 0.95 and parameters: {'n_estimators': 100, 'max_depth': 5, 'gamma': 0.7171792821986984, 'subsample': 0.919722559783699, 'colsample_bytree': 0.7889254432937247}. Best is trial 0 with value: 0.95.
[I 2025-05-04 17:38:54,632] Trial 24 finished with value: 0.85 and parameters: {'n_estimators': 100, 'max_depth': 5, 'gamma': 0.9393964566046923, 'subsample': 0.6577655923385094, 'colsample_bytree': 0.5000238171213811}. Best is trial 0 with value: 0.95.
[I 2025-05-04 17:38:54,674] Trial 25 finished with value: 0.95 and parameters: {'n_estimators': 40, 'max_depth': 20, 'gamma': 0.8680106139470981, 'subsample': 0.8066003320942112, 'colsample_bytree': 0.7197832348669911}. Best is trial 0 with value: 0.95.
[I 2025-05-04 17:38:54,722] Trial 26 finished with value: 0.95 and parameters: {'n_estimators': 100, 'max_depth': 5, 'gamma': 0.5622057053497718, 'subsample': 0.7407388904572767, 'colsample_bytree': 0.6632419326536584}. Best is trial 0 with value: 0.95.
[I 2025-05-04 17:38:54,771] Trial 27 finished with value: 0.95 and parameters: {'n_estimators': 100, 'max_depth': 5, 'gamma': 0.6805708916877345, 'subsample': 0.5890414322342162, 'colsample_bytree': 0.8714675054287138}. Best is trial 0 with value: 0.95.
[I 2025-05-04 17:38:54,812] Trial 28 finished with value: 0.95 and parameters: {'n_estimators': 10, 'max_depth': 30, 'gamma': 0.7714027791588332, 'subsample': 0.6707316538907298, 'colsample_bytree': 0.5748465995028325}. Best is trial 0 with value: 0.95.
[I 2025-05-04 17:38:54,853] Trial 29 finished with value: 0.95 and parameters: {'n_estimators': 40, 'max_depth': 20, 'gamma': 0.5914836650060189, 'subsample': 0.8456769074230993, 'colsample_bytree': 0.6438306844884478}. Best is trial 0 with value: 0.95.
[I 2025-05-04 17:38:57,242] A new study created in memory with name: rf
Parámetros guardados en checkpoint_shoppers_Dlatent_Roriginal_ft/ag/best_models_ag_seed_1/xgb_best_params.json


>>> Optuna tuning rf


[I 2025-05-04 17:38:59,434] Trial 0 finished with value: 0.8 and parameters: {'n_estimators': 267, 'max_depth': 15, 'min_samples_split': 2, 'min_samples_leaf': 4}. Best is trial 0 with value: 0.8.
[I 2025-05-04 17:38:59,901] Trial 1 finished with value: 0.85 and parameters: {'n_estimators': 158, 'max_depth': 4, 'min_samples_split': 3, 'min_samples_leaf': 4}. Best is trial 1 with value: 0.85.
[I 2025-05-04 17:39:00,221] Trial 2 finished with value: 0.5 and parameters: {'n_estimators': 259, 'max_depth': 12, 'min_samples_split': 5, 'min_samples_leaf': 7}. Best is trial 1 with value: 0.85.
[I 2025-05-04 17:39:00,466] Trial 3 finished with value: 0.55 and parameters: {'n_estimators': 181, 'max_depth': 18, 'min_samples_split': 2, 'min_samples_leaf': 7}. Best is trial 1 with value: 0.85.
[I 2025-05-04 17:39:00,814] Trial 4 finished with value: 0.75 and parameters: {'n_estimators': 267, 'max_depth': 13, 'min_samples_split': 3, 'min_samples_leaf': 2}. Best is trial 1 with value: 0.85.
[I 2025-05-04 17:39:01,338] Trial 5 finished with value: 0.6 and parameters: {'n_estimators': 421, 'max_depth': 20, 'min_samples_split': 4, 'min_samples_leaf': 7}. Best is trial 1 with value: 0.85.
[I 2025-05-04 17:39:01,850] Trial 6 finished with value: 0.85 and parameters: {'n_estimators': 451, 'max_depth': 19, 'min_samples_split': 2, 'min_samples_leaf': 1}. Best is trial 1 with value: 0.85.
[I 2025-05-04 17:39:02,089] Trial 7 finished with value: 0.95 and parameters: {'n_estimators': 168, 'max_depth': 18, 'min_samples_split': 2, 'min_samples_leaf': 5}. Best is trial 7 with value: 0.95.
[I 2025-05-04 17:39:02,629] Trial 8 finished with value: 0.95 and parameters: {'n_estimators': 484, 'max_depth': 12, 'min_samples_split': 8, 'min_samples_leaf': 4}. Best is trial 7 with value: 0.95.
[I 2025-05-04 17:39:03,074] Trial 9 finished with value: 0.5 and parameters: {'n_estimators': 375, 'max_depth': 18, 'min_samples_split': 2, 'min_samples_leaf': 8}. Best is trial 7 with value: 0.95.
[I 2025-05-04 17:39:03,280] Trial 10 finished with value: 0.5 and parameters: {'n_estimators': 104, 'max_depth': 6, 'min_samples_split': 10, 'min_samples_leaf': 10}. Best is trial 7 with value: 0.95.
[I 2025-05-04 17:39:04,324] Trial 11 finished with value: 0.85 and parameters: {'n_estimators': 363, 'max_depth': 8, 'min_samples_split': 8, 'min_samples_leaf': 4}. Best is trial 7 with value: 0.95.
[I 2025-05-04 17:39:05,326] Trial 12 finished with value: 0.85 and parameters: {'n_estimators': 344, 'max_depth': 9, 'min_samples_split': 7, 'min_samples_leaf': 5}. Best is trial 7 with value: 0.95.
[I 2025-05-04 17:39:06,529] Trial 13 finished with value: 0.85 and parameters: {'n_estimators': 490, 'max_depth': 15, 'min_samples_split': 9, 'min_samples_leaf': 3}. Best is trial 7 with value: 0.95.
[I 2025-05-04 17:39:07,426] Trial 14 finished with value: 0.9 and parameters: {'n_estimators': 210, 'max_depth': 15, 'min_samples_split': 6, 'min_samples_leaf': 6}. Best is trial 7 with value: 0.95.
[I 2025-05-04 17:39:07,601] Trial 15 finished with value: 0.8 and parameters: {'n_estimators': 117, 'max_depth': 10, 'min_samples_split': 7, 'min_samples_leaf': 5}. Best is trial 7 with value: 0.95.
[I 2025-05-04 17:39:07,981] Trial 16 finished with value: 0.8 and parameters: {'n_estimators': 311, 'max_depth': 16, 'min_samples_split': 5, 'min_samples_leaf': 2}. Best is trial 7 with value: 0.95.
[I 2025-05-04 17:39:08,538] Trial 17 finished with value: 0.5 and parameters: {'n_estimators': 500, 'max_depth': 3, 'min_samples_split': 10, 'min_samples_leaf': 10}. Best is trial 7 with value: 0.95.
[I 2025-05-04 17:39:08,845] Trial 18 finished with value: 0.85 and parameters: {'n_estimators': 220, 'max_depth': 13, 'min_samples_split': 8, 'min_samples_leaf': 3}. Best is trial 7 with value: 0.95.
[I 2025-05-04 17:39:09,309] Trial 19 finished with value: 0.8 and parameters: {'n_estimators': 425, 'max_depth': 7, 'min_samples_split': 6, 'min_samples_leaf': 6}. Best is trial 7 with value: 0.95.
[I 2025-05-04 17:39:09,650] Trial 20 finished with value: 0.5 and parameters: {'n_estimators': 312, 'max_depth': 11, 'min_samples_split': 8, 'min_samples_leaf': 8}. Best is trial 7 with value: 0.95.
[I 2025-05-04 17:39:09,931] Trial 21 finished with value: 0.8 and parameters: {'n_estimators': 186, 'max_depth': 16, 'min_samples_split': 6, 'min_samples_leaf': 6}. Best is trial 7 with value: 0.95.
[I 2025-05-04 17:39:10,238] Trial 22 finished with value: 0.95 and parameters: {'n_estimators': 220, 'max_depth': 14, 'min_samples_split': 5, 'min_samples_leaf': 5}. Best is trial 7 with value: 0.95.
[I 2025-05-04 17:39:10,476] Trial 23 finished with value: 0.85 and parameters: {'n_estimators': 155, 'max_depth': 13, 'min_samples_split': 4, 'min_samples_leaf': 3}. Best is trial 7 with value: 0.95.
[I 2025-05-04 17:39:10,742] Trial 24 finished with value: 0.8 and parameters: {'n_estimators': 235, 'max_depth': 18, 'min_samples_split': 4, 'min_samples_leaf': 5}. Best is trial 7 with value: 0.95.
[I 2025-05-04 17:39:10,927] Trial 25 finished with value: 0.85 and parameters: {'n_estimators': 137, 'max_depth': 14, 'min_samples_split': 9, 'min_samples_leaf': 4}. Best is trial 7 with value: 0.95.
[I 2025-05-04 17:39:11,148] Trial 26 finished with value: 0.9 and parameters: {'n_estimators': 192, 'max_depth': 11, 'min_samples_split': 7, 'min_samples_leaf': 5}. Best is trial 7 with value: 0.95.
[I 2025-05-04 17:39:11,448] Trial 27 finished with value: 0.8 and parameters: {'n_estimators': 239, 'max_depth': 17, 'min_samples_split': 5, 'min_samples_leaf': 2}. Best is trial 7 with value: 0.95.
[I 2025-05-04 17:39:11,801] Trial 28 finished with value: 0.75 and parameters: {'n_estimators': 288, 'max_depth': 20, 'min_samples_split': 3, 'min_samples_leaf': 4}. Best is trial 7 with value: 0.95.
[I 2025-05-04 17:39:12,006] Trial 29 finished with value: 0.9 and parameters: {'n_estimators': 159, 'max_depth': 14, 'min_samples_split': 9, 'min_samples_leaf': 3}. Best is trial 7 with value: 0.95.
[I 2025-05-04 17:39:14,124] A new study created in memory with name: svc
Parámetros guardados en checkpoint_shoppers_Dlatent_Roriginal_ft/ag/best_models_ag_seed_1/rf_best_params.json


>>> Optuna tuning svc


[I 2025-05-04 17:39:16,985] Trial 0 finished with value: 0.35 and parameters: {'C': 0.4656804637919569, 'gamma': 0.07608481233714794}. Best is trial 0 with value: 0.35.
[I 2025-05-04 17:39:17,292] Trial 1 finished with value: 0.55 and parameters: {'C': 0.010010539860510492, 'gamma': 0.0016193110912440748}. Best is trial 1 with value: 0.55.
[I 2025-05-04 17:39:17,308] Trial 2 finished with value: 0.55 and parameters: {'C': 0.03863879405158731, 'gamma': 0.00023407464805767542}. Best is trial 1 with value: 0.55.
[I 2025-05-04 17:39:17,322] Trial 3 finished with value: 0.55 and parameters: {'C': 0.0555956542671257, 'gamma': 0.002411253706147574}. Best is trial 1 with value: 0.55.
[I 2025-05-04 17:39:17,335] Trial 4 finished with value: 0.6 and parameters: {'C': 0.3864291653552654, 'gamma': 0.014297724879798395}. Best is trial 4 with value: 0.6.
[I 2025-05-04 17:39:17,349] Trial 5 finished with value: 0.5 and parameters: {'C': 0.47509237210306143, 'gamma': 0.05506529897945987}. Best is trial 4 with value: 0.6.
[I 2025-05-04 17:39:17,368] Trial 6 finished with value: 0.35 and parameters: {'C': 0.06573686655138336, 'gamma': 0.3254391115088485}. Best is trial 4 with value: 0.6.
[I 2025-05-04 17:39:17,381] Trial 7 finished with value: 0.5 and parameters: {'C': 0.01286916510781503, 'gamma': 0.04806954824961596}. Best is trial 4 with value: 0.6.
[I 2025-05-04 17:39:17,395] Trial 8 finished with value: 0.6 and parameters: {'C': 0.4668949853708895, 'gamma': 0.017169565852473867}. Best is trial 4 with value: 0.6.
[I 2025-05-04 17:39:17,408] Trial 9 finished with value: 0.55 and parameters: {'C': 0.03643743139281253, 'gamma': 0.0006200203677164723}. Best is trial 4 with value: 0.6.
[I 2025-05-04 17:39:17,429] Trial 10 finished with value: 0.45 and parameters: {'C': 35.745293136206676, 'gamma': 0.6068842639005574}. Best is trial 4 with value: 0.6.
[I 2025-05-04 17:39:18,055] Trial 11 finished with value: 0.75 and parameters: {'C': 4.663364615639598, 'gamma': 0.006966464875217821}. Best is trial 11 with value: 0.75.
[I 2025-05-04 17:39:18,080] Trial 12 finished with value: 0.75 and parameters: {'C': 4.611403358483179, 'gamma': 0.005394992623038552}. Best is trial 11 with value: 0.75.
[I 2025-05-04 17:39:18,718] Trial 13 finished with value: 0.75 and parameters: {'C': 12.18747037910759, 'gamma': 0.00306334486220239}. Best is trial 11 with value: 0.75.
[I 2025-05-04 17:39:18,744] Trial 14 finished with value: 0.65 and parameters: {'C': 3.068096919713349, 'gamma': 0.0050774701735666365}. Best is trial 11 with value: 0.75.
[I 2025-05-04 17:39:18,765] Trial 15 finished with value: 0.55 and parameters: {'C': 3.963221514971201, 'gamma': 0.00011598251463330405}. Best is trial 11 with value: 0.75.
[I 2025-05-04 17:39:18,787] Trial 16 finished with value: 0.75 and parameters: {'C': 78.78369375457646, 'gamma': 0.0008342881304019201}. Best is trial 11 with value: 0.75.
[I 2025-05-04 17:39:18,809] Trial 17 finished with value: 0.7 and parameters: {'C': 2.6661722260621237, 'gamma': 0.008222368634228065}. Best is trial 11 with value: 0.75.
[I 2025-05-04 17:39:19,453] Trial 18 finished with value: 0.6 and parameters: {'C': 10.22428897702161, 'gamma': 0.025798862823044912}. Best is trial 11 with value: 0.75.
[I 2025-05-04 17:39:19,476] Trial 19 finished with value: 0.55 and parameters: {'C': 15.94726197776856, 'gamma': 0.0007930451258419577}. Best is trial 11 with value: 0.75.
[I 2025-05-04 17:39:19,497] Trial 20 finished with value: 0.35 and parameters: {'C': 1.3807828508659756, 'gamma': 0.16798388240411202}. Best is trial 11 with value: 0.75.
[I 2025-05-04 17:39:19,519] Trial 21 finished with value: 0.75 and parameters: {'C': 9.34343692989818, 'gamma': 0.004403010194721338}. Best is trial 11 with value: 0.75.
[I 2025-05-04 17:39:20,178] Trial 22 finished with value: 0.7 and parameters: {'C': 25.55976701288901, 'gamma': 0.0028455845049940383}. Best is trial 11 with value: 0.75.
[I 2025-05-04 17:39:20,208] Trial 23 finished with value: 0.75 and parameters: {'C': 6.1905957829300124, 'gamma': 0.00790558277666118}. Best is trial 11 with value: 0.75.
[I 2025-05-04 17:39:20,841] Trial 24 finished with value: 0.55 and parameters: {'C': 1.4770241862262192, 'gamma': 0.0013911960480004928}. Best is trial 11 with value: 0.75.
[I 2025-05-04 17:39:20,867] Trial 25 finished with value: 0.75 and parameters: {'C': 65.46426037300557, 'gamma': 0.00036648547156631914}. Best is trial 11 with value: 0.75.
[I 2025-05-04 17:39:20,892] Trial 26 finished with value: 0.6 and parameters: {'C': 20.43340072496481, 'gamma': 0.026375394912616642}. Best is trial 11 with value: 0.75.
[I 2025-05-04 17:39:20,916] Trial 27 finished with value: 0.75 and parameters: {'C': 6.1405099731857025, 'gamma': 0.004123441012240581}. Best is trial 11 with value: 0.75.
[I 2025-05-04 17:39:20,937] Trial 28 finished with value: 0.65 and parameters: {'C': 39.93856983596577, 'gamma': 0.009589017152148058}. Best is trial 11 with value: 0.75.
[I 2025-05-04 17:39:20,961] Trial 29 finished with value: 0.35 and parameters: {'C': 0.8420761075523092, 'gamma': 0.16264565680338683}. Best is trial 11 with value: 0.75.
[I 2025-05-04 17:39:22,782] A new study created in memory with name: logreg
[I 2025-05-04 17:39:22,806] Trial 0 finished with value: 0.7 and parameters: {'C': 0.12164941464151847, 'penalty': 'l2'}. Best is trial 0 with value: 0.7.
Parámetros guardados en checkpoint_shoppers_Dlatent_Roriginal_ft/ag/best_models_ag_seed_1/svc_best_params.json


>>> Optuna tuning logreg


[I 2025-05-04 17:39:25,590] Trial 1 finished with value: 0.65 and parameters: {'C': 3.9959722831350617, 'penalty': 'l2'}. Best is trial 0 with value: 0.7.
[I 2025-05-04 17:39:25,899] Trial 2 finished with value: 0.75 and parameters: {'C': 0.0010013176560941261, 'penalty': 'l2'}. Best is trial 2 with value: 0.75.
[I 2025-05-04 17:39:25,916] Trial 3 finished with value: 0.7 and parameters: {'C': 0.0324835034508668, 'penalty': 'l2'}. Best is trial 2 with value: 0.75.
[I 2025-05-04 17:39:25,931] Trial 4 finished with value: 0.7 and parameters: {'C': 0.005417257182767969, 'penalty': 'l2'}. Best is trial 2 with value: 0.75.
[I 2025-05-04 17:39:25,955] Trial 5 finished with value: 0.75 and parameters: {'C': 0.0028952960233492846, 'penalty': 'l2'}. Best is trial 2 with value: 0.75.
[I 2025-05-04 17:39:25,980] Trial 6 finished with value: 0.7 and parameters: {'C': 0.008536916958038761, 'penalty': 'l2'}. Best is trial 2 with value: 0.75.
[I 2025-05-04 17:39:25,995] Trial 7 finished with value: 0.7 and parameters: {'C': 0.053432271255941216, 'penalty': 'l2'}. Best is trial 2 with value: 0.75.
[I 2025-05-04 17:39:26,009] Trial 8 finished with value: 0.7 and parameters: {'C': 0.09634681692624379, 'penalty': 'l2'}. Best is trial 2 with value: 0.75.
[I 2025-05-04 17:39:26,034] Trial 9 finished with value: 0.65 and parameters: {'C': 0.4944059287398678, 'penalty': 'l2'}. Best is trial 2 with value: 0.75.
[I 2025-05-04 17:39:26,067] Trial 10 finished with value: 0.65 and parameters: {'C': 59.556762687679296, 'penalty': 'l2'}. Best is trial 2 with value: 0.75.
[I 2025-05-04 17:39:26,088] Trial 11 finished with value: 0.75 and parameters: {'C': 0.001657197586795403, 'penalty': 'l2'}. Best is trial 2 with value: 0.75.
[I 2025-05-04 17:39:26,723] Trial 12 finished with value: 0.75 and parameters: {'C': 0.0011075631162775067, 'penalty': 'l2'}. Best is trial 2 with value: 0.75.
[I 2025-05-04 17:39:26,755] Trial 13 finished with value: 0.7 and parameters: {'C': 0.00780632628283638, 'penalty': 'l2'}. Best is trial 2 with value: 0.75.
