[I 2025-05-05 21:00:36,314] Trial 6 finished with value: 0.9 and parameters: {'n_estimators': 100, 'max_depth': 20, 'gamma': 0.24307262528096776, 'subsample': 0.5551875705821525, 'colsample_bytree': 0.8281647947326367}. Best is trial 0 with value: 0.95.
/data/home/rtabares/anaconda3/envs/pyth3.12/lib/python3.12/site-packages/xgboost/core.py:377: FutureWarning: Your system has an old version of glibc (< 2.28). We will stop supporting Linux distros with glibc older than 2.28 after **May 31, 2025**. Please upgrade to a recent Linux distro (with glibc >= 2.28) to use future versions of XGBoost.
Note: You have installed the 'manylinux2014' variant of XGBoost. Certain features such as GPU algorithms or federated learning are not available. To use these features, please upgrade to a recent Linux distro with glibc 2.28+, and install the 'manylinux_2_28' variant.
  warnings.warn(
[I 2025-05-05 21:00:36,382] Trial 7 finished with value: 0.95 and parameters: {'n_estimators': 100, 'max_depth': 30, 'gamma': 0.18648856710456677, 'subsample': 0.9882297325066979, 'colsample_bytree': 0.7343256008238508}. Best is trial 0 with value: 0.95.
/data/home/rtabares/anaconda3/envs/pyth3.12/lib/python3.12/site-packages/xgboost/core.py:377: FutureWarning: Your system has an old version of glibc (< 2.28). We will stop supporting Linux distros with glibc older than 2.28 after **May 31, 2025**. Please upgrade to a recent Linux distro (with glibc >= 2.28) to use future versions of XGBoost.
Note: You have installed the 'manylinux2014' variant of XGBoost. Certain features such as GPU algorithms or federated learning are not available. To use these features, please upgrade to a recent Linux distro with glibc 2.28+, and install the 'manylinux_2_28' variant.
  warnings.warn(
/data/home/rtabares/anaconda3/envs/pyth3.12/lib/python3.12/site-packages/xgboost/core.py:377: FutureWarning: Your system has an old version of glibc (< 2.28). We will stop supporting Linux distros with glibc older than 2.28 after **May 31, 2025**. Please upgrade to a recent Linux distro (with glibc >= 2.28) to use future versions of XGBoost.
Note: You have installed the 'manylinux2014' variant of XGBoost. Certain features such as GPU algorithms or federated learning are not available. To use these features, please upgrade to a recent Linux distro with glibc 2.28+, and install the 'manylinux_2_28' variant.
  warnings.warn(
[I 2025-05-05 21:00:36,429] Trial 8 finished with value: 0.75 and parameters: {'n_estimators': 10, 'max_depth': 20, 'gamma': 0.36652617776993046, 'subsample': 0.559363859477122, 'colsample_bytree': 0.658991589696988}. Best is trial 0 with value: 0.95.
/data/home/rtabares/anaconda3/envs/pyth3.12/lib/python3.12/site-packages/xgboost/core.py:377: FutureWarning: Your system has an old version of glibc (< 2.28). We will stop supporting Linux distros with glibc older than 2.28 after **May 31, 2025**. Please upgrade to a recent Linux distro (with glibc >= 2.28) to use future versions of XGBoost.
Note: You have installed the 'manylinux2014' variant of XGBoost. Certain features such as GPU algorithms or federated learning are not available. To use these features, please upgrade to a recent Linux distro with glibc 2.28+, and install the 'manylinux_2_28' variant.
  warnings.warn(
/data/home/rtabares/anaconda3/envs/pyth3.12/lib/python3.12/site-packages/xgboost/core.py:377: FutureWarning: Your system has an old version of glibc (< 2.28). We will stop supporting Linux distros with glibc older than 2.28 after **May 31, 2025**. Please upgrade to a recent Linux distro (with glibc >= 2.28) to use future versions of XGBoost.
Note: You have installed the 'manylinux2014' variant of XGBoost. Certain features such as GPU algorithms or federated learning are not available. To use these features, please upgrade to a recent Linux distro with glibc 2.28+, and install the 'manylinux_2_28' variant.
  warnings.warn(
[I 2025-05-05 21:00:36,478] Trial 9 finished with value: 0.9 and parameters: {'n_estimators': 100, 'max_depth': 5, 'gamma': 0.18454645968259753, 'subsample': 0.7879732477780896, 'colsample_bytree': 0.964648098788107}. Best is trial 0 with value: 0.95.
[I 2025-05-05 21:00:36,520] Trial 10 finished with value: 0.95 and parameters: {'n_estimators': 40, 'max_depth': 30, 'gamma': 0.9575004347741041, 'subsample': 0.885121551149726, 'colsample_bytree': 0.9843104940964552}. Best is trial 0 with value: 0.95.
/data/home/rtabares/anaconda3/envs/pyth3.12/lib/python3.12/site-packages/xgboost/core.py:377: FutureWarning: Your system has an old version of glibc (< 2.28). We will stop supporting Linux distros with glibc older than 2.28 after **May 31, 2025**. Please upgrade to a recent Linux distro (with glibc >= 2.28) to use future versions of XGBoost.
Note: You have installed the 'manylinux2014' variant of XGBoost. Certain features such as GPU algorithms or federated learning are not available. To use these features, please upgrade to a recent Linux distro with glibc 2.28+, and install the 'manylinux_2_28' variant.
  warnings.warn(
/data/home/rtabares/anaconda3/envs/pyth3.12/lib/python3.12/site-packages/xgboost/core.py:377: FutureWarning: Your system has an old version of glibc (< 2.28). We will stop supporting Linux distros with glibc older than 2.28 after **May 31, 2025**. Please upgrade to a recent Linux distro (with glibc >= 2.28) to use future versions of XGBoost.
Note: You have installed the 'manylinux2014' variant of XGBoost. Certain features such as GPU algorithms or federated learning are not available. To use these features, please upgrade to a recent Linux distro with glibc 2.28+, and install the 'manylinux_2_28' variant.
  warnings.warn(
/data/home/rtabares/anaconda3/envs/pyth3.12/lib/python3.12/site-packages/xgboost/core.py:377: FutureWarning: Your system has an old version of glibc (< 2.28). We will stop supporting Linux distros with glibc older than 2.28 after **May 31, 2025**. Please upgrade to a recent Linux distro (with glibc >= 2.28) to use future versions of XGBoost.
Note: You have installed the 'manylinux2014' variant of XGBoost. Certain features such as GPU algorithms or federated learning are not available. To use these features, please upgrade to a recent Linux distro with glibc 2.28+, and install the 'manylinux_2_28' variant.
  warnings.warn(
/data/home/rtabares/anaconda3/envs/pyth3.12/lib/python3.12/site-packages/xgboost/core.py:377: FutureWarning: Your system has an old version of glibc (< 2.28). We will stop supporting Linux distros with glibc older than 2.28 after **May 31, 2025**. Please upgrade to a recent Linux distro (with glibc >= 2.28) to use future versions of XGBoost.
Note: You have installed the 'manylinux2014' variant of XGBoost. Certain features such as GPU algorithms or federated learning are not available. To use these features, please upgrade to a recent Linux distro with glibc 2.28+, and install the 'manylinux_2_28' variant.
  warnings.warn(
[I 2025-05-05 21:00:37,164] Trial 11 finished with value: 0.95 and parameters: {'n_estimators': 40, 'max_depth': 20, 'gamma': 0.39841302995261285, 'subsample': 0.6711866383526395, 'colsample_bytree': 0.9195376181327497}. Best is trial 0 with value: 0.95.
/data/home/rtabares/anaconda3/envs/pyth3.12/lib/python3.12/site-packages/xgboost/core.py:377: FutureWarning: Your system has an old version of glibc (< 2.28). We will stop supporting Linux distros with glibc older than 2.28 after **May 31, 2025**. Please upgrade to a recent Linux distro (with glibc >= 2.28) to use future versions of XGBoost.
Note: You have installed the 'manylinux2014' variant of XGBoost. Certain features such as GPU algorithms or federated learning are not available. To use these features, please upgrade to a recent Linux distro with glibc 2.28+, and install the 'manylinux_2_28' variant.
  warnings.warn(
/data/home/rtabares/anaconda3/envs/pyth3.12/lib/python3.12/site-packages/xgboost/core.py:377: FutureWarning: Your system has an old version of glibc (< 2.28). We will stop supporting Linux distros with glibc older than 2.28 after **May 31, 2025**. Please upgrade to a recent Linux distro (with glibc >= 2.28) to use future versions of XGBoost.
Note: You have installed the 'manylinux2014' variant of XGBoost. Certain features such as GPU algorithms or federated learning are not available. To use these features, please upgrade to a recent Linux distro with glibc 2.28+, and install the 'manylinux_2_28' variant.
  warnings.warn(
[I 2025-05-05 21:00:37,831] Trial 12 finished with value: 0.9 and parameters: {'n_estimators': 40, 'max_depth': 30, 'gamma': 0.8246399209967283, 'subsample': 0.701529078090007, 'colsample_bytree': 0.8993242784691231}. Best is trial 0 with value: 0.95.
[I 2025-05-05 21:00:37,870] Trial 13 finished with value: 0.95 and parameters: {'n_estimators': 40, 'max_depth': 20, 'gamma': 0.5635099338446221, 'subsample': 0.8893456688065178, 'colsample_bytree': 0.9953875478021939}. Best is trial 0 with value: 0.95.
/data/home/rtabares/anaconda3/envs/pyth3.12/lib/python3.12/site-packages/xgboost/core.py:377: FutureWarning: Your system has an old version of glibc (< 2.28). We will stop supporting Linux distros with glibc older than 2.28 after **May 31, 2025**. Please upgrade to a recent Linux distro (with glibc >= 2.28) to use future versions of XGBoost.
Note: You have installed the 'manylinux2014' variant of XGBoost. Certain features such as GPU algorithms or federated learning are not available. To use these features, please upgrade to a recent Linux distro with glibc 2.28+, and install the 'manylinux_2_28' variant.
  warnings.warn(
[I 2025-05-05 21:00:38,516] Trial 14 finished with value: 0.9 and parameters: {'n_estimators': 40, 'max_depth': 30, 'gamma': 0.37607421007618436, 'subsample': 0.6419740102674932, 'colsample_bytree': 0.9016359164715083}. Best is trial 0 with value: 0.95.
/data/home/rtabares/anaconda3/envs/pyth3.12/lib/python3.12/site-packages/xgboost/core.py:377: FutureWarning: Your system has an old version of glibc (< 2.28). We will stop supporting Linux distros with glibc older than 2.28 after **May 31, 2025**. Please upgrade to a recent Linux distro (with glibc >= 2.28) to use future versions of XGBoost.
Note: You have installed the 'manylinux2014' variant of XGBoost. Certain features such as GPU algorithms or federated learning are not available. To use these features, please upgrade to a recent Linux distro with glibc 2.28+, and install the 'manylinux_2_28' variant.
  warnings.warn(
[I 2025-05-05 21:00:39,164] Trial 15 finished with value: 0.9 and parameters: {'n_estimators': 40, 'max_depth': 30, 'gamma': 0.1138974011447233, 'subsample': 0.9086029991716045, 'colsample_bytree': 0.7061621610771806}. Best is trial 0 with value: 0.95.
[I 2025-05-05 21:00:39,203] Trial 16 finished with value: 0.85 and parameters: {'n_estimators': 40, 'max_depth': 20, 'gamma': 0.6717996624595401, 'subsample': 0.6104142479054718, 'colsample_bytree': 0.8707134426755767}. Best is trial 0 with value: 0.95.
[I 2025-05-05 21:00:39,241] Trial 17 finished with value: 0.95 and parameters: {'n_estimators': 40, 'max_depth': 30, 'gamma': 0.4673020584594634, 'subsample': 0.7387756358514367, 'colsample_bytree': 0.9406523566889744}. Best is trial 0 with value: 0.95.
[I 2025-05-05 21:00:39,280] Trial 18 finished with value: 0.9 and parameters: {'n_estimators': 40, 'max_depth': 20, 'gamma': 0.2957974741721387, 'subsample': 0.8398921766549529, 'colsample_bytree': 0.7910549457167503}. Best is trial 0 with value: 0.95.
[I 2025-05-05 21:00:39,319] Trial 19 finished with value: 0.9 and parameters: {'n_estimators': 40, 'max_depth': 5, 'gamma': 0.8138035222907332, 'subsample': 0.7502579400452178, 'colsample_bytree': 0.8600710597328125}. Best is trial 0 with value: 0.95.
[I 2025-05-05 21:00:39,358] Trial 20 finished with value: 0.95 and parameters: {'n_estimators': 10, 'max_depth': 30, 'gamma': 0.9935559450741032, 'subsample': 0.9532893312276596, 'colsample_bytree': 0.6562202832673578}. Best is trial 0 with value: 0.95.
[I 2025-05-05 21:00:39,409] Trial 21 finished with value: 0.9 and parameters: {'n_estimators': 100, 'max_depth': 5, 'gamma': 0.7175740306476497, 'subsample': 0.5096061191414202, 'colsample_bytree': 0.8534644691532147}. Best is trial 0 with value: 0.95.
[I 2025-05-05 21:00:39,462] Trial 22 finished with value: 0.95 and parameters: {'n_estimators': 100, 'max_depth': 5, 'gamma': 0.7701249276236001, 'subsample': 0.5816767973361691, 'colsample_bytree': 0.9431566669810564}. Best is trial 0 with value: 0.95.
[I 2025-05-05 21:00:39,512] Trial 23 finished with value: 0.9 and parameters: {'n_estimators': 100, 'max_depth': 5, 'gamma': 0.8806325390485358, 'subsample': 0.6056922001157501, 'colsample_bytree': 0.7757697032769011}. Best is trial 0 with value: 0.95.
[I 2025-05-05 21:00:39,563] Trial 24 finished with value: 0.95 and parameters: {'n_estimators': 40, 'max_depth': 5, 'gamma': 0.6651357710713457, 'subsample': 0.5420462345650413, 'colsample_bytree': 0.9131930473104753}. Best is trial 0 with value: 0.95.
[I 2025-05-05 21:00:39,612] Trial 25 finished with value: 0.9 and parameters: {'n_estimators': 100, 'max_depth': 5, 'gamma': 0.10251733743274453, 'subsample': 0.6416124119435243, 'colsample_bytree': 0.8820449847725556}. Best is trial 0 with value: 0.95.
[I 2025-05-05 21:00:39,650] Trial 26 finished with value: 0.9 and parameters: {'n_estimators': 40, 'max_depth': 20, 'gamma': 0.5095798231777704, 'subsample': 0.7005820970228854, 'colsample_bytree': 0.8294523689908527}. Best is trial 0 with value: 0.95.
[I 2025-05-05 21:00:39,697] Trial 27 finished with value: 0.95 and parameters: {'n_estimators': 100, 'max_depth': 20, 'gamma': 0.5761395259924968, 'subsample': 0.5083739276534991, 'colsample_bytree': 0.9993745879034021}. Best is trial 0 with value: 0.95.
[I 2025-05-05 21:00:39,737] Trial 28 finished with value: 0.95 and parameters: {'n_estimators': 10, 'max_depth': 30, 'gamma': 0.4447856899816055, 'subsample': 0.9359523718210775, 'colsample_bytree': 0.94785863498668}. Best is trial 0 with value: 0.95.
[I 2025-05-05 21:00:39,776] Trial 29 finished with value: 0.95 and parameters: {'n_estimators': 40, 'max_depth': 5, 'gamma': 0.3059208018063948, 'subsample': 0.8313054566811868, 'colsample_bytree': 0.5091404607295773}. Best is trial 0 with value: 0.95.
[I 2025-05-05 21:00:42,220] A new study created in memory with name: rf
Parámetros guardados en checkpoint_shoppers_Dlatent_Roriginal_ft_A/ag/IPC_10/best_models_ag_seed_0/xgb_best_params.json


>>> Optuna tuning rf metodo ag IPC 10 seed 0


[I 2025-05-05 21:00:44,411] Trial 0 finished with value: 0.95 and parameters: {'n_estimators': 320, 'max_depth': 15, 'min_samples_split': 7, 'min_samples_leaf': 6}. Best is trial 0 with value: 0.95.
[I 2025-05-05 21:00:44,964] Trial 1 finished with value: 0.5 and parameters: {'n_estimators': 269, 'max_depth': 14, 'min_samples_split': 5, 'min_samples_leaf': 9}. Best is trial 0 with value: 0.95.
[I 2025-05-05 21:00:45,497] Trial 2 finished with value: 0.9 and parameters: {'n_estimators': 486, 'max_depth': 9, 'min_samples_split': 9, 'min_samples_leaf': 6}. Best is trial 0 with value: 0.95.
[I 2025-05-05 21:00:45,918] Trial 3 finished with value: 0.9 and parameters: {'n_estimators': 327, 'max_depth': 19, 'min_samples_split': 2, 'min_samples_leaf': 1}. Best is trial 0 with value: 0.95.
[I 2025-05-05 21:00:46,086] Trial 4 finished with value: 0.5 and parameters: {'n_estimators': 108, 'max_depth': 17, 'min_samples_split': 9, 'min_samples_leaf': 9}. Best is trial 0 with value: 0.95.
[I 2025-05-05 21:00:46,636] Trial 5 finished with value: 0.5 and parameters: {'n_estimators': 492, 'max_depth': 17, 'min_samples_split': 6, 'min_samples_leaf': 8}. Best is trial 0 with value: 0.95.
[I 2025-05-05 21:00:46,894] Trial 6 finished with value: 0.5 and parameters: {'n_estimators': 147, 'max_depth': 14, 'min_samples_split': 3, 'min_samples_leaf': 10}. Best is trial 0 with value: 0.95.
[I 2025-05-05 21:00:47,324] Trial 7 finished with value: 0.5 and parameters: {'n_estimators': 309, 'max_depth': 10, 'min_samples_split': 4, 'min_samples_leaf': 8}. Best is trial 0 with value: 0.95.
[I 2025-05-05 21:00:47,701] Trial 8 finished with value: 0.5 and parameters: {'n_estimators': 282, 'max_depth': 13, 'min_samples_split': 2, 'min_samples_leaf': 7}. Best is trial 0 with value: 0.95.
[I 2025-05-05 21:00:48,072] Trial 9 finished with value: 0.5 and parameters: {'n_estimators': 345, 'max_depth': 14, 'min_samples_split': 10, 'min_samples_leaf': 7}. Best is trial 0 with value: 0.95.
[I 2025-05-05 21:00:48,548] Trial 10 finished with value: 0.85 and parameters: {'n_estimators': 407, 'max_depth': 5, 'min_samples_split': 7, 'min_samples_leaf': 3}. Best is trial 0 with value: 0.95.
[I 2025-05-05 21:00:49,721] Trial 11 finished with value: 0.8 and parameters: {'n_estimators': 480, 'max_depth': 9, 'min_samples_split': 8, 'min_samples_leaf': 5}. Best is trial 0 with value: 0.95.
[I 2025-05-05 21:00:50,625] Trial 12 finished with value: 0.8 and parameters: {'n_estimators': 206, 'max_depth': 6, 'min_samples_split': 8, 'min_samples_leaf': 5}. Best is trial 0 with value: 0.95.
[I 2025-05-05 21:00:51,756] Trial 13 finished with value: 0.75 and parameters: {'n_estimators': 420, 'max_depth': 8, 'min_samples_split': 10, 'min_samples_leaf': 4}. Best is trial 0 with value: 0.95.
[I 2025-05-05 21:00:52,181] Trial 14 finished with value: 0.8 and parameters: {'n_estimators': 400, 'max_depth': 3, 'min_samples_split': 7, 'min_samples_leaf': 6}. Best is trial 0 with value: 0.95.
[I 2025-05-05 21:00:52,477] Trial 15 finished with value: 0.85 and parameters: {'n_estimators': 218, 'max_depth': 11, 'min_samples_split': 8, 'min_samples_leaf': 3}. Best is trial 0 with value: 0.95.
[I 2025-05-05 21:00:52,883] Trial 16 finished with value: 0.75 and parameters: {'n_estimators': 364, 'max_depth': 17, 'min_samples_split': 6, 'min_samples_leaf': 6}. Best is trial 0 with value: 0.95.
[I 2025-05-05 21:00:53,411] Trial 17 finished with value: 0.8 and parameters: {'n_estimators': 451, 'max_depth': 7, 'min_samples_split': 9, 'min_samples_leaf': 4}. Best is trial 0 with value: 0.95.
[I 2025-05-05 21:00:53,677] Trial 18 finished with value: 0.75 and parameters: {'n_estimators': 234, 'max_depth': 12, 'min_samples_split': 7, 'min_samples_leaf': 1}. Best is trial 0 with value: 0.95.
[I 2025-05-05 21:00:54,132] Trial 19 finished with value: 0.5 and parameters: {'n_estimators': 376, 'max_depth': 20, 'min_samples_split': 5, 'min_samples_leaf': 7}. Best is trial 0 with value: 0.95.
[I 2025-05-05 21:00:54,639] Trial 20 finished with value: 0.9 and parameters: {'n_estimators': 448, 'max_depth': 16, 'min_samples_split': 9, 'min_samples_leaf': 4}. Best is trial 0 with value: 0.95.
[I 2025-05-05 21:00:55,056] Trial 21 finished with value: 0.9 and parameters: {'n_estimators': 333, 'max_depth': 20, 'min_samples_split': 2, 'min_samples_leaf': 1}. Best is trial 0 with value: 0.95.
[I 2025-05-05 21:00:55,449] Trial 22 finished with value: 0.8 and parameters: {'n_estimators': 308, 'max_depth': 18, 'min_samples_split': 4, 'min_samples_leaf': 3}. Best is trial 0 with value: 0.95.
[I 2025-05-05 21:00:55,786] Trial 23 finished with value: 0.85 and parameters: {'n_estimators': 254, 'max_depth': 19, 'min_samples_split': 6, 'min_samples_leaf': 2}. Best is trial 0 with value: 0.95.
[I 2025-05-05 21:00:56,053] Trial 24 finished with value: 0.75 and parameters: {'n_estimators': 180, 'max_depth': 15, 'min_samples_split': 5, 'min_samples_leaf': 6}. Best is trial 0 with value: 0.95.
[I 2025-05-05 21:00:56,451] Trial 25 finished with value: 0.8 and parameters: {'n_estimators': 325, 'max_depth': 12, 'min_samples_split': 8, 'min_samples_leaf': 5}. Best is trial 0 with value: 0.95.
[I 2025-05-05 21:00:56,899] Trial 26 finished with value: 0.85 and parameters: {'n_estimators': 375, 'max_depth': 10, 'min_samples_split': 3, 'min_samples_leaf': 2}. Best is trial 0 with value: 0.95.
[I 2025-05-05 21:00:57,385] Trial 27 finished with value: 0.5 and parameters: {'n_estimators': 453, 'max_depth': 16, 'min_samples_split': 10, 'min_samples_leaf': 8}. Best is trial 0 with value: 0.95.
[I 2025-05-05 21:00:57,711] Trial 28 finished with value: 0.9 and parameters: {'n_estimators': 288, 'max_depth': 19, 'min_samples_split': 7, 'min_samples_leaf': 6}. Best is trial 0 with value: 0.95.
[I 2025-05-05 21:00:58,049] Trial 29 finished with value: 0.5 and parameters: {'n_estimators': 255, 'max_depth': 14, 'min_samples_split': 5, 'min_samples_leaf': 7}. Best is trial 0 with value: 0.95.
[I 2025-05-05 21:01:00,583] A new study created in memory with name: svc
Parámetros guardados en checkpoint_shoppers_Dlatent_Roriginal_ft_A/ag/IPC_10/best_models_ag_seed_0/rf_best_params.json


>>> Optuna tuning svc metodo ag IPC 10 seed 0


[I 2025-05-05 21:01:03,430] Trial 0 finished with value: 0.7 and parameters: {'C': 1.5676677195506077, 'gamma': 0.07257005721594278}. Best is trial 0 with value: 0.7.
[I 2025-05-05 21:01:03,701] Trial 1 finished with value: 0.75 and parameters: {'C': 2.57663857461359, 'gamma': 0.01511933646764101}. Best is trial 1 with value: 0.75.
[I 2025-05-05 21:01:03,719] Trial 2 finished with value: 0.6 and parameters: {'C': 0.49501595537331966, 'gamma': 0.03833332156156663}. Best is trial 1 with value: 0.75.
[I 2025-05-05 21:01:03,734] Trial 3 finished with value: 0.8 and parameters: {'C': 0.5627932047415171, 'gamma': 0.36905577292137587}. Best is trial 3 with value: 0.8.
[I 2025-05-05 21:01:03,747] Trial 4 finished with value: 0.9 and parameters: {'C': 71.55682161754872, 'gamma': 0.0034179529120610124}. Best is trial 4 with value: 0.9.
[I 2025-05-05 21:01:03,762] Trial 5 finished with value: 0.85 and parameters: {'C': 14.68588598920087, 'gamma': 0.013049073550362394}. Best is trial 4 with value: 0.9.
[I 2025-05-05 21:01:03,776] Trial 6 finished with value: 0.75 and parameters: {'C': 1.871450068624068, 'gamma': 0.503948959867121}. Best is trial 4 with value: 0.9.
