[I 2025-05-04 17:29:44,069] Trial 20 finished with value: 0.85 and parameters: {'n_estimators': 10, 'max_depth': 30, 'gamma': 0.2788911216877681, 'subsample': 0.5983044763102477, 'colsample_bytree': 0.5596870097613706}. Best is trial 1 with value: 0.95.
[I 2025-05-04 17:29:44,109] Trial 21 finished with value: 0.9 and parameters: {'n_estimators': 40, 'max_depth': 30, 'gamma': 0.5019867494387943, 'subsample': 0.9460125564629573, 'colsample_bytree': 0.9927398175670583}. Best is trial 1 with value: 0.95.
[I 2025-05-04 17:29:44,150] Trial 22 finished with value: 0.9 and parameters: {'n_estimators': 40, 'max_depth': 30, 'gamma': 0.40626221688856584, 'subsample': 0.9249184643841751, 'colsample_bytree': 0.9431566669810564}. Best is trial 1 with value: 0.95.
[I 2025-05-04 17:29:44,190] Trial 23 finished with value: 0.9 and parameters: {'n_estimators': 40, 'max_depth': 30, 'gamma': 0.10301567671344591, 'subsample': 0.9597212632609384, 'colsample_bytree': 0.9958466642947552}. Best is trial 1 with value: 0.95.
[I 2025-05-04 17:29:44,230] Trial 24 finished with value: 0.9 and parameters: {'n_estimators': 40, 'max_depth': 30, 'gamma': 0.5419587908178577, 'subsample': 0.8964962310781176, 'colsample_bytree': 0.7897938196970316}. Best is trial 1 with value: 0.95.
[I 2025-05-04 17:29:44,279] Trial 25 finished with value: 0.9 and parameters: {'n_estimators': 40, 'max_depth': 20, 'gamma': 0.6384831272247908, 'subsample': 0.8637433445265428, 'colsample_bytree': 0.8641419840199007}. Best is trial 1 with value: 0.95.
[I 2025-05-04 17:29:44,321] Trial 26 finished with value: 0.9 and parameters: {'n_estimators': 10, 'max_depth': 30, 'gamma': 0.2940267559142997, 'subsample': 0.9528001426434146, 'colsample_bytree': 0.942484587860812}. Best is trial 1 with value: 0.95.
[I 2025-05-04 17:29:44,361] Trial 27 finished with value: 0.9 and parameters: {'n_estimators': 40, 'max_depth': 30, 'gamma': 0.4217648753800193, 'subsample': 0.8207107799409723, 'colsample_bytree': 0.8805443183735956}. Best is trial 1 with value: 0.95.
[I 2025-05-04 17:29:44,411] Trial 28 finished with value: 0.85 and parameters: {'n_estimators': 10, 'max_depth': 5, 'gamma': 0.7178956578300635, 'subsample': 0.7037012033292798, 'colsample_bytree': 0.6210843187335616}. Best is trial 1 with value: 0.95.
[I 2025-05-04 17:29:44,450] Trial 29 finished with value: 0.9 and parameters: {'n_estimators': 40, 'max_depth': 20, 'gamma': 0.5308444124843035, 'subsample': 0.8057538304473544, 'colsample_bytree': 0.7828647681261612}. Best is trial 1 with value: 0.95.
[I 2025-05-04 17:29:48,020] A new study created in memory with name: rf
Parámetros guardados en checkpoint_shoppers_Dlatent_Roriginal_ft/k-means/best_models_k-means_seed_0/xgb_best_params.json


>>> Optuna tuning rf


[I 2025-05-04 17:29:49,292] Trial 0 finished with value: 0.95 and parameters: {'n_estimators': 320, 'max_depth': 15, 'min_samples_split': 7, 'min_samples_leaf': 6}. Best is trial 0 with value: 0.95.
[I 2025-05-04 17:29:49,684] Trial 1 finished with value: 0.5 and parameters: {'n_estimators': 269, 'max_depth': 14, 'min_samples_split': 5, 'min_samples_leaf': 9}. Best is trial 0 with value: 0.95.
[I 2025-05-04 17:29:50,216] Trial 2 finished with value: 0.95 and parameters: {'n_estimators': 486, 'max_depth': 9, 'min_samples_split': 9, 'min_samples_leaf': 6}. Best is trial 0 with value: 0.95.
[I 2025-05-04 17:29:50,655] Trial 3 finished with value: 0.9 and parameters: {'n_estimators': 327, 'max_depth': 19, 'min_samples_split': 2, 'min_samples_leaf': 1}. Best is trial 0 with value: 0.95.
[I 2025-05-04 17:29:50,821] Trial 4 finished with value: 0.5 and parameters: {'n_estimators': 108, 'max_depth': 17, 'min_samples_split': 9, 'min_samples_leaf': 9}. Best is trial 0 with value: 0.95.
[I 2025-05-04 17:29:51,396] Trial 5 finished with value: 0.5 and parameters: {'n_estimators': 492, 'max_depth': 17, 'min_samples_split': 6, 'min_samples_leaf': 8}. Best is trial 0 with value: 0.95.
[I 2025-05-04 17:29:51,604] Trial 6 finished with value: 0.5 and parameters: {'n_estimators': 147, 'max_depth': 14, 'min_samples_split': 3, 'min_samples_leaf': 10}. Best is trial 0 with value: 0.95.
[I 2025-05-04 17:29:52,014] Trial 7 finished with value: 0.5 and parameters: {'n_estimators': 309, 'max_depth': 10, 'min_samples_split': 4, 'min_samples_leaf': 8}. Best is trial 0 with value: 0.95.
[I 2025-05-04 17:29:52,394] Trial 8 finished with value: 0.6 and parameters: {'n_estimators': 282, 'max_depth': 13, 'min_samples_split': 2, 'min_samples_leaf': 7}. Best is trial 0 with value: 0.95.
[I 2025-05-04 17:29:52,834] Trial 9 finished with value: 0.5 and parameters: {'n_estimators': 345, 'max_depth': 14, 'min_samples_split': 10, 'min_samples_leaf': 7}. Best is trial 0 with value: 0.95.
[I 2025-05-04 17:29:53,330] Trial 10 finished with value: 0.95 and parameters: {'n_estimators': 407, 'max_depth': 5, 'min_samples_split': 7, 'min_samples_leaf': 3}. Best is trial 0 with value: 0.95.
[I 2025-05-04 17:29:54,464] Trial 11 finished with value: 0.95 and parameters: {'n_estimators': 480, 'max_depth': 9, 'min_samples_split': 8, 'min_samples_leaf': 5}. Best is trial 0 with value: 0.95.
[I 2025-05-04 17:29:55,395] Trial 12 finished with value: 0.95 and parameters: {'n_estimators': 206, 'max_depth': 6, 'min_samples_split': 8, 'min_samples_leaf': 5}. Best is trial 0 with value: 0.95.
[I 2025-05-04 17:29:56,501] Trial 13 finished with value: 0.95 and parameters: {'n_estimators': 420, 'max_depth': 8, 'min_samples_split': 10, 'min_samples_leaf': 4}. Best is trial 0 with value: 0.95.
[I 2025-05-04 17:29:56,946] Trial 14 finished with value: 0.9 and parameters: {'n_estimators': 400, 'max_depth': 3, 'min_samples_split': 7, 'min_samples_leaf': 6}. Best is trial 0 with value: 0.95.
[I 2025-05-04 17:29:57,241] Trial 15 finished with value: 0.95 and parameters: {'n_estimators': 218, 'max_depth': 11, 'min_samples_split': 8, 'min_samples_leaf': 3}. Best is trial 0 with value: 0.95.
[I 2025-05-04 17:29:57,647] Trial 16 finished with value: 0.95 and parameters: {'n_estimators': 364, 'max_depth': 17, 'min_samples_split': 6, 'min_samples_leaf': 6}. Best is trial 0 with value: 0.95.
[I 2025-05-04 17:29:58,166] Trial 17 finished with value: 0.95 and parameters: {'n_estimators': 451, 'max_depth': 7, 'min_samples_split': 9, 'min_samples_leaf': 4}. Best is trial 0 with value: 0.95.
[I 2025-05-04 17:29:58,481] Trial 18 finished with value: 0.95 and parameters: {'n_estimators': 234, 'max_depth': 12, 'min_samples_split': 7, 'min_samples_leaf': 1}. Best is trial 0 with value: 0.95.
[I 2025-05-04 17:29:58,930] Trial 19 finished with value: 0.5 and parameters: {'n_estimators': 376, 'max_depth': 20, 'min_samples_split': 5, 'min_samples_leaf': 7}. Best is trial 0 with value: 0.95.
[I 2025-05-04 17:29:59,401] Trial 20 finished with value: 0.95 and parameters: {'n_estimators': 448, 'max_depth': 16, 'min_samples_split': 9, 'min_samples_leaf': 4}. Best is trial 0 with value: 0.95.
[I 2025-05-04 17:29:59,909] Trial 21 finished with value: 0.95 and parameters: {'n_estimators': 426, 'max_depth': 5, 'min_samples_split': 7, 'min_samples_leaf': 2}. Best is trial 0 with value: 0.95.
[I 2025-05-04 17:30:00,476] Trial 22 finished with value: 0.95 and parameters: {'n_estimators': 497, 'max_depth': 5, 'min_samples_split': 7, 'min_samples_leaf': 3}. Best is trial 0 with value: 0.95.
[I 2025-05-04 17:30:00,902] Trial 23 finished with value: 0.95 and parameters: {'n_estimators': 384, 'max_depth': 4, 'min_samples_split': 5, 'min_samples_leaf': 5}. Best is trial 0 with value: 0.95.
[I 2025-05-04 17:30:01,419] Trial 24 finished with value: 0.95 and parameters: {'n_estimators': 455, 'max_depth': 8, 'min_samples_split': 8, 'min_samples_leaf': 6}. Best is trial 0 with value: 0.95.
[I 2025-05-04 17:30:01,856] Trial 25 finished with value: 0.95 and parameters: {'n_estimators': 414, 'max_depth': 10, 'min_samples_split': 6, 'min_samples_leaf': 3}. Best is trial 0 with value: 0.95.
[I 2025-05-04 17:30:02,243] Trial 26 finished with value: 0.95 and parameters: {'n_estimators': 349, 'max_depth': 6, 'min_samples_split': 9, 'min_samples_leaf': 2}. Best is trial 0 with value: 0.95.
[I 2025-05-04 17:30:02,771] Trial 27 finished with value: 0.9 and parameters: {'n_estimators': 464, 'max_depth': 3, 'min_samples_split': 10, 'min_samples_leaf': 6}. Best is trial 0 with value: 0.95.
[I 2025-05-04 17:30:03,108] Trial 28 finished with value: 0.95 and parameters: {'n_estimators': 253, 'max_depth': 12, 'min_samples_split': 6, 'min_samples_leaf': 4}. Best is trial 0 with value: 0.95.
[I 2025-05-04 17:30:03,489] Trial 29 finished with value: 0.5 and parameters: {'n_estimators': 292, 'max_depth': 8, 'min_samples_split': 4, 'min_samples_leaf': 8}. Best is trial 0 with value: 0.95.
[I 2025-05-04 17:30:05,958] A new study created in memory with name: svc
[I 2025-05-04 17:30:07,082] Trial 0 finished with value: 0.2 and parameters: {'C': 1.5676677195506077, 'gamma': 0.07257005721594278}. Best is trial 0 with value: 0.2.
Parámetros guardados en checkpoint_shoppers_Dlatent_Roriginal_ft/k-means/best_models_k-means_seed_0/rf_best_params.json


>>> Optuna tuning svc


[I 2025-05-04 17:30:08,821] Trial 1 finished with value: 0.5 and parameters: {'C': 2.57663857461359, 'gamma': 0.01511933646764101}. Best is trial 1 with value: 0.5.
[I 2025-05-04 17:30:08,984] Trial 2 finished with value: 0.3 and parameters: {'C': 0.49501595537331966, 'gamma': 0.03833332156156663}. Best is trial 1 with value: 0.5.
[I 2025-05-04 17:30:09,002] Trial 3 finished with value: 0.1 and parameters: {'C': 0.5627932047415171, 'gamma': 0.36905577292137587}. Best is trial 1 with value: 0.5.
[I 2025-05-04 17:30:09,017] Trial 4 finished with value: 0.8 and parameters: {'C': 71.55682161754872, 'gamma': 0.0034179529120610124}. Best is trial 4 with value: 0.8.
[I 2025-05-04 17:30:09,030] Trial 5 finished with value: 0.65 and parameters: {'C': 14.68588598920087, 'gamma': 0.013049073550362394}. Best is trial 4 with value: 0.8.
[I 2025-05-04 17:30:09,045] Trial 6 finished with value: 0.4 and parameters: {'C': 1.871450068624068, 'gamma': 0.503948959867121}. Best is trial 4 with value: 0.8.
[I 2025-05-04 17:30:09,058] Trial 7 finished with value: 0.6 and parameters: {'C': 0.0192373050965465, 'gamma': 0.00022310905607443037}. Best is trial 4 with value: 0.8.
[I 2025-05-04 17:30:09,073] Trial 8 finished with value: 0.1 and parameters: {'C': 0.012046852412030323, 'gamma': 0.2140323314098606}. Best is trial 4 with value: 0.8.
[I 2025-05-04 17:30:09,086] Trial 9 finished with value: 0.5 and parameters: {'C': 12.960656597279739, 'gamma': 0.3020289640158664}. Best is trial 4 with value: 0.8.
[I 2025-05-04 17:30:09,110] Trial 10 finished with value: 0.4 and parameters: {'C': 73.4267841645538, 'gamma': 0.0010357333193126517}. Best is trial 4 with value: 0.8.
[I 2025-05-04 17:30:09,130] Trial 11 finished with value: 0.4 and parameters: {'C': 64.73110838099895, 'gamma': 0.0023194233295541424}. Best is trial 4 with value: 0.8.
[I 2025-05-04 17:30:09,790] Trial 12 finished with value: 0.45 and parameters: {'C': 13.752794544444562, 'gamma': 0.003810268836681614}. Best is trial 4 with value: 0.8.
[I 2025-05-04 17:30:10,502] Trial 13 finished with value: 0.5 and parameters: {'C': 16.077364115789013, 'gamma': 0.009990083164428227}. Best is trial 4 with value: 0.8.
[I 2025-05-04 17:30:10,528] Trial 14 finished with value: 0.45 and parameters: {'C': 96.61693558599791, 'gamma': 0.0004574894365645582}. Best is trial 4 with value: 0.8.
[I 2025-05-04 17:30:10,551] Trial 15 finished with value: 0.5 and parameters: {'C': 6.041410011812951, 'gamma': 0.006779437459205454}. Best is trial 4 with value: 0.8.
[I 2025-05-04 17:30:10,576] Trial 16 finished with value: 0.3 and parameters: {'C': 0.21704378073201902, 'gamma': 0.04121218134413566}. Best is trial 4 with value: 0.8.
[I 2025-05-04 17:30:10,599] Trial 17 finished with value: 0.6 and parameters: {'C': 28.312465276137768, 'gamma': 0.00010241872390191678}. Best is trial 4 with value: 0.8.
[I 2025-05-04 17:30:10,620] Trial 18 finished with value: 0.6 and parameters: {'C': 5.6516147281600135, 'gamma': 0.001613970119171356}. Best is trial 4 with value: 0.8.
[I 2025-05-04 17:30:10,645] Trial 19 finished with value: 0.6 and parameters: {'C': 0.07544014664338816, 'gamma': 0.0007986810794201042}. Best is trial 4 with value: 0.8.
[I 2025-05-04 17:30:10,667] Trial 20 finished with value: 0.85 and parameters: {'C': 34.927402574627564, 'gamma': 0.0255026400425667}. Best is trial 20 with value: 0.85.
[I 2025-05-04 17:30:10,695] Trial 21 finished with value: 0.8 and parameters: {'C': 29.622116281816247, 'gamma': 0.020880981651061746}. Best is trial 20 with value: 0.85.
[I 2025-05-04 17:30:11,326] Trial 22 finished with value: 0.7 and parameters: {'C': 36.38683606011001, 'gamma': 0.09966960960347948}. Best is trial 20 with value: 0.85.
[I 2025-05-04 17:30:11,350] Trial 23 finished with value: 0.85 and parameters: {'C': 33.5091757229581, 'gamma': 0.03402455600370814}. Best is trial 20 with value: 0.85.
[I 2025-05-04 17:30:11,371] Trial 24 finished with value: 0.6 and parameters: {'C': 4.434580193858804, 'gamma': 0.004459614189491786}. Best is trial 20 with value: 0.85.
[I 2025-05-04 17:30:12,000] Trial 25 finished with value: 0.7 and parameters: {'C': 44.157960132521495, 'gamma': 0.1341797980568321}. Best is trial 20 with value: 0.85.
[I 2025-05-04 17:30:12,022] Trial 26 finished with value: 0.7 and parameters: {'C': 8.816626134032774, 'gamma': 0.029288528929459868}. Best is trial 20 with value: 0.85.
[I 2025-05-04 17:30:12,043] Trial 27 finished with value: 0.7 and parameters: {'C': 23.713621054547268, 'gamma': 0.007735724813235662}. Best is trial 20 with value: 0.85.
[I 2025-05-04 17:30:12,068] Trial 28 finished with value: 0.3 and parameters: {'C': 89.5099326857876, 'gamma': 0.8967381549523696}. Best is trial 20 with value: 0.85.
[I 2025-05-04 17:30:12,087] Trial 29 finished with value: 0.55 and parameters: {'C': 3.1355289186298836, 'gamma': 0.0631374250034508}. Best is trial 20 with value: 0.85.
[I 2025-05-04 17:30:15,154] A new study created in memory with name: logreg
Parámetros guardados en checkpoint_shoppers_Dlatent_Roriginal_ft/k-means/best_models_k-means_seed_0/svc_best_params.json


>>> Optuna tuning logreg


[I 2025-05-04 17:30:16,993] Trial 0 finished with value: 0.5 and parameters: {'C': 0.5547119471592125, 'penalty': 'l2'}. Best is trial 0 with value: 0.5.
[I 2025-05-04 17:30:17,145] Trial 1 finished with value: 0.75 and parameters: {'C': 3.7665768415992953, 'penalty': 'l2'}. Best is trial 1 with value: 0.75.
[I 2025-05-04 17:30:17,172] Trial 2 finished with value: 0.5 and parameters: {'C': 1.032326035197657, 'penalty': 'l2'}. Best is trial 1 with value: 0.75.
[I 2025-05-04 17:30:17,197] Trial 3 finished with value: 0.5 and parameters: {'C': 0.530170934757683, 'penalty': 'l2'}. Best is trial 1 with value: 0.75.
[I 2025-05-04 17:30:17,222] Trial 4 finished with value: 0.6 and parameters: {'C': 0.13130280280658593, 'penalty': 'l2'}. Best is trial 1 with value: 0.75.
[I 2025-05-04 17:30:17,248] Trial 5 finished with value: 0.6 and parameters: {'C': 1.6961746387290997, 'penalty': 'l2'}. Best is trial 1 with value: 0.75.
[I 2025-05-04 17:30:17,263] Trial 6 finished with value: 0.6 and parameters: {'C': 0.15414734761917095, 'penalty': 'l2'}. Best is trial 1 with value: 0.75.
[I 2025-05-04 17:30:17,276] Trial 7 finished with value: 0.85 and parameters: {'C': 28.765041432546976, 'penalty': 'l2'}. Best is trial 7 with value: 0.85.
[I 2025-05-04 17:30:17,299] Trial 8 finished with value: 0.85 and parameters: {'C': 65.81332043291806, 'penalty': 'l2'}. Best is trial 7 with value: 0.85.
[I 2025-05-04 17:30:17,314] Trial 9 finished with value: 0.6 and parameters: {'C': 0.08264328927007726, 'penalty': 'l2'}. Best is trial 7 with value: 0.85.
[I 2025-05-04 17:30:17,332] Trial 10 finished with value: 0.65 and parameters: {'C': 0.0012637825607294797, 'penalty': 'l2'}. Best is trial 7 with value: 0.85.
[I 2025-05-04 17:30:17,995] Trial 11 finished with value: 0.85 and parameters: {'C': 85.01917955916235, 'penalty': 'l2'}. Best is trial 7 with value: 0.85.
[I 2025-05-04 17:30:18,639] Trial 12 finished with value: 0.85 and parameters: {'C': 58.06190813539093, 'penalty': 'l2'}. Best is trial 7 with value: 0.85.
[I 2025-05-04 17:30:18,671] Trial 13 finished with value: 0.75 and parameters: {'C': 13.320564719104862, 'penalty': 'l2'}. Best is trial 7 with value: 0.85.
[I 2025-05-04 17:30:18,700] Trial 14 finished with value: 0.75 and parameters: {'C': 13.279701628980932, 'penalty': 'l2'}. Best is trial 7 with value: 0.85.
[I 2025-05-04 17:30:18,731] Trial 15 finished with value: 0.75 and parameters: {'C': 11.368767155600517, 'penalty': 'l2'}. Best is trial 7 with value: 0.85.
[I 2025-05-04 17:30:18,751] Trial 16 finished with value: 0.65 and parameters: {'C': 0.022296658046127755, 'penalty': 'l2'}. Best is trial 7 with value: 0.85.
[I 2025-05-04 17:30:18,782] Trial 17 finished with value: 0.85 and parameters: {'C': 37.39042764824753, 'penalty': 'l2'}. Best is trial 7 with value: 0.85.
[I 2025-05-04 17:30:18,814] Trial 18 finished with value: 0.75 and parameters: {'C': 3.8008552937664315, 'penalty': 'l2'}. Best is trial 7 with value: 0.85.
[I 2025-05-04 17:30:18,834] Trial 19 finished with value: 0.65 and parameters: {'C': 0.0079096236414587, 'penalty': 'l2'}. Best is trial 7 with value: 0.85.
[I 2025-05-04 17:30:18,852] Trial 20 finished with value: 0.85 and parameters: {'C': 26.74909183060427, 'penalty': 'l2'}. Best is trial 7 with value: 0.85.
[I 2025-05-04 17:30:19,486] Trial 21 finished with value: 0.85 and parameters: {'C': 94.24314820575019, 'penalty': 'l2'}. Best is trial 7 with value: 0.85.
[I 2025-05-04 17:30:20,235] Trial 22 finished with value: 0.85 and parameters: {'C': 99.10014951706384, 'penalty': 'l2'}. Best is trial 7 with value: 0.85.
[I 2025-05-04 17:30:20,266] Trial 23 finished with value: 0.75 and parameters: {'C': 5.368274354740633, 'penalty': 'l2'}. Best is trial 7 with value: 0.85.
[I 2025-05-04 17:30:20,298] Trial 24 finished with value: 0.85 and parameters: {'C': 24.67858599793506, 'penalty': 'l2'}. Best is trial 7 with value: 0.85.
[I 2025-05-04 17:30:20,330] Trial 25 finished with value: 0.85 and parameters: {'C': 42.69186338438708, 'penalty': 'l2'}. Best is trial 7 with value: 0.85.
[I 2025-05-04 17:30:20,359] Trial 26 finished with value: 0.75 and parameters: {'C': 7.496701781458634, 'penalty': 'l2'}. Best is trial 7 with value: 0.85.
[I 2025-05-04 17:30:20,390] Trial 27 finished with value: 0.7 and parameters: {'C': 2.216672593627484, 'penalty': 'l2'}. Best is trial 7 with value: 0.85.
[I 2025-05-04 17:30:20,419] Trial 28 finished with value: 0.8 and parameters: {'C': 19.680072164535325, 'penalty': 'l2'}. Best is trial 7 with value: 0.85.
[I 2025-05-04 17:30:20,450] Trial 29 finished with value: 0.85 and parameters: {'C': 56.57830946312419, 'penalty': 'l2'}. Best is trial 7 with value: 0.85.
/data/home/rtabares/anaconda3/envs/pyth3.12/lib/python3.12/site-packages/xgboost/core.py:377: FutureWarning: Your system has an old version of glibc (< 2.28). We will stop supporting Linux distros with glibc older than 2.28 after **May 31, 2025**. Please upgrade to a recent Linux distro (with glibc >= 2.28) to use future versions of XGBoost.
Note: You have installed the 'manylinux2014' variant of XGBoost. Certain features such as GPU algorithms or federated learning are not available. To use these features, please upgrade to a recent Linux distro with glibc 2.28+, and install the 'manylinux_2_28' variant.
  warnings.warn(
[I 2025-05-04 17:30:24,331] A new study created in memory with name: mlp
Parámetros guardados en checkpoint_shoppers_Dlatent_Roriginal_ft/k-means/best_models_k-means_seed_0/logreg_best_params.json


>>> Optuna tuning mlp


/data/home/rtabares/anaconda3/envs/pyth3.12/lib/python3.12/site-packages/sklearn/neural_network/_multilayer_perceptron.py:691: ConvergenceWarning: Stochastic Optimizer: Maximum iterations (50) reached and the optimization hasn't converged yet.
  warnings.warn(
/data/home/rtabares/anaconda3/envs/pyth3.12/lib/python3.12/site-packages/sklearn/neural_network/_multilayer_perceptron.py:691: ConvergenceWarning: Stochastic Optimizer: Maximum iterations (50) reached and the optimization hasn't converged yet.
  warnings.warn(
/data/home/rtabares/anaconda3/envs/pyth3.12/lib/python3.12/site-packages/sklearn/neural_network/_multilayer_perceptron.py:691: ConvergenceWarning: Stochastic Optimizer: Maximum iterations (50) reached and the optimization hasn't converged yet.
  warnings.warn(
/data/home/rtabares/anaconda3/envs/pyth3.12/lib/python3.12/site-packages/sklearn/neural_network/_multilayer_perceptron.py:691: ConvergenceWarning: Stochastic Optimizer: Maximum iterations (50) reached and the optimization hasn't converged yet.
  warnings.warn(
/data/home/rtabares/anaconda3/envs/pyth3.12/lib/python3.12/site-packages/sklearn/neural_network/_multilayer_perceptron.py:691: ConvergenceWarning: Stochastic Optimizer: Maximum iterations (50) reached and the optimization hasn't converged yet.
  warnings.warn(
