[I 2025-05-04 17:31:44,971] Trial 11 finished with value: 0.95 and parameters: {'n_estimators': 40, 'max_depth': 30, 'gamma': 0.39885139133250525, 'subsample': 0.9983678078311554, 'colsample_bytree': 0.6895244400144871}. Best is trial 0 with value: 0.95.
/data/home/rtabares/anaconda3/envs/pyth3.12/lib/python3.12/site-packages/xgboost/core.py:377: FutureWarning: Your system has an old version of glibc (< 2.28). We will stop supporting Linux distros with glibc older than 2.28 after **May 31, 2025**. Please upgrade to a recent Linux distro (with glibc >= 2.28) to use future versions of XGBoost.
Note: You have installed the 'manylinux2014' variant of XGBoost. Certain features such as GPU algorithms or federated learning are not available. To use these features, please upgrade to a recent Linux distro with glibc 2.28+, and install the 'manylinux_2_28' variant.
  warnings.warn(
/data/home/rtabares/anaconda3/envs/pyth3.12/lib/python3.12/site-packages/xgboost/core.py:377: FutureWarning: Your system has an old version of glibc (< 2.28). We will stop supporting Linux distros with glibc older than 2.28 after **May 31, 2025**. Please upgrade to a recent Linux distro (with glibc >= 2.28) to use future versions of XGBoost.
Note: You have installed the 'manylinux2014' variant of XGBoost. Certain features such as GPU algorithms or federated learning are not available. To use these features, please upgrade to a recent Linux distro with glibc 2.28+, and install the 'manylinux_2_28' variant.
  warnings.warn(
[I 2025-05-04 17:31:45,699] Trial 12 finished with value: 0.95 and parameters: {'n_estimators': 40, 'max_depth': 30, 'gamma': 0.8246399209967283, 'subsample': 0.9050902563228803, 'colsample_bytree': 0.7163954094023941}. Best is trial 0 with value: 0.95.
/data/home/rtabares/anaconda3/envs/pyth3.12/lib/python3.12/site-packages/xgboost/core.py:377: FutureWarning: Your system has an old version of glibc (< 2.28). We will stop supporting Linux distros with glibc older than 2.28 after **May 31, 2025**. Please upgrade to a recent Linux distro (with glibc >= 2.28) to use future versions of XGBoost.
Note: You have installed the 'manylinux2014' variant of XGBoost. Certain features such as GPU algorithms or federated learning are not available. To use these features, please upgrade to a recent Linux distro with glibc 2.28+, and install the 'manylinux_2_28' variant.
  warnings.warn(
[I 2025-05-04 17:31:46,345] Trial 13 finished with value: 0.95 and parameters: {'n_estimators': 100, 'max_depth': 30, 'gamma': 0.5635099338446221, 'subsample': 0.6702225704744297, 'colsample_bytree': 0.758660392727295}. Best is trial 0 with value: 0.95.
[I 2025-05-04 17:31:46,406] Trial 14 finished with value: 0.95 and parameters: {'n_estimators': 40, 'max_depth': 30, 'gamma': 0.37676254078231664, 'subsample': 0.9196177514936538, 'colsample_bytree': 0.8937064092391536}. Best is trial 0 with value: 0.95.
/data/home/rtabares/anaconda3/envs/pyth3.12/lib/python3.12/site-packages/xgboost/core.py:377: FutureWarning: Your system has an old version of glibc (< 2.28). We will stop supporting Linux distros with glibc older than 2.28 after **May 31, 2025**. Please upgrade to a recent Linux distro (with glibc >= 2.28) to use future versions of XGBoost.
Note: You have installed the 'manylinux2014' variant of XGBoost. Certain features such as GPU algorithms or federated learning are not available. To use these features, please upgrade to a recent Linux distro with glibc 2.28+, and install the 'manylinux_2_28' variant.
  warnings.warn(
[I 2025-05-04 17:31:47,102] Trial 15 finished with value: 0.9 and parameters: {'n_estimators': 100, 'max_depth': 30, 'gamma': 0.1138974011447233, 'subsample': 0.6942587969727889, 'colsample_bytree': 0.6456293018948867}. Best is trial 0 with value: 0.95.
[I 2025-05-04 17:31:47,143] Trial 16 finished with value: 0.95 and parameters: {'n_estimators': 40, 'max_depth': 30, 'gamma': 0.6717996624595401, 'subsample': 0.9460652835192145, 'colsample_bytree': 0.7550878018381825}. Best is trial 0 with value: 0.95.
[I 2025-05-04 17:31:47,181] Trial 17 finished with value: 0.85 and parameters: {'n_estimators': 40, 'max_depth': 30, 'gamma': 0.4640752876183285, 'subsample': 0.8334513682473215, 'colsample_bytree': 0.608909501482325}. Best is trial 0 with value: 0.95.
/data/home/rtabares/anaconda3/envs/pyth3.12/lib/python3.12/site-packages/xgboost/core.py:377: FutureWarning: Your system has an old version of glibc (< 2.28). We will stop supporting Linux distros with glibc older than 2.28 after **May 31, 2025**. Please upgrade to a recent Linux distro (with glibc >= 2.28) to use future versions of XGBoost.
Note: You have installed the 'manylinux2014' variant of XGBoost. Certain features such as GPU algorithms or federated learning are not available. To use these features, please upgrade to a recent Linux distro with glibc 2.28+, and install the 'manylinux_2_28' variant.
  warnings.warn(
[I 2025-05-04 17:31:47,886] Trial 18 finished with value: 0.95 and parameters: {'n_estimators': 100, 'max_depth': 30, 'gamma': 0.29491350678677475, 'subsample': 0.8625239685510819, 'colsample_bytree': 0.9044750309214884}. Best is trial 0 with value: 0.95.
[I 2025-05-04 17:31:47,936] Trial 19 finished with value: 0.95 and parameters: {'n_estimators': 10, 'max_depth': 5, 'gamma': 0.8138035222907332, 'subsample': 0.9545862237254972, 'colsample_bytree': 0.7983859384380471}. Best is trial 0 with value: 0.95.
[I 2025-05-04 17:31:47,985] Trial 20 finished with value: 0.95 and parameters: {'n_estimators': 100, 'max_depth': 30, 'gamma': 0.29854404656441097, 'subsample': 0.7281018355963563, 'colsample_bytree': 0.8619311587341361}. Best is trial 0 with value: 0.95.
[I 2025-05-04 17:31:48,034] Trial 21 finished with value: 0.95 and parameters: {'n_estimators': 100, 'max_depth': 5, 'gamma': 0.16390065192345754, 'subsample': 0.7760466657062941, 'colsample_bytree': 0.9927398175670583}. Best is trial 0 with value: 0.95.
[I 2025-05-04 17:31:48,084] Trial 22 finished with value: 0.95 and parameters: {'n_estimators': 100, 'max_depth': 5, 'gamma': 0.11963562171988526, 'subsample': 0.7926946259977937, 'colsample_bytree': 0.9431566669810564}. Best is trial 0 with value: 0.95.
[I 2025-05-04 17:31:48,133] Trial 23 finished with value: 0.95 and parameters: {'n_estimators': 100, 'max_depth': 5, 'gamma': 0.27419842212102463, 'subsample': 0.6401486326499288, 'colsample_bytree': 0.98092777891022}. Best is trial 0 with value: 0.95.
[I 2025-05-04 17:31:48,174] Trial 24 finished with value: 0.9 and parameters: {'n_estimators': 100, 'max_depth': 5, 'gamma': 0.4440974493542812, 'subsample': 0.9508058125486535, 'colsample_bytree': 0.5093877974839975}. Best is trial 0 with value: 0.95.
[I 2025-05-04 17:31:48,213] Trial 25 finished with value: 0.95 and parameters: {'n_estimators': 40, 'max_depth': 5, 'gamma': 0.3305561609326225, 'subsample': 0.8676083289893961, 'colsample_bytree': 0.951166273144395}. Best is trial 0 with value: 0.95.
[I 2025-05-04 17:31:48,263] Trial 26 finished with value: 0.95 and parameters: {'n_estimators': 100, 'max_depth': 30, 'gamma': 0.514398713819667, 'subsample': 0.9658327479020944, 'colsample_bytree': 0.8792930355176205}. Best is trial 0 with value: 0.95.
[I 2025-05-04 17:31:48,312] Trial 27 finished with value: 0.95 and parameters: {'n_estimators': 100, 'max_depth': 20, 'gamma': 0.2207286973455455, 'subsample': 0.7477081367839389, 'colsample_bytree': 0.9387843763959681}. Best is trial 0 with value: 0.95.
[I 2025-05-04 17:31:48,353] Trial 28 finished with value: 0.9 and parameters: {'n_estimators': 10, 'max_depth': 30, 'gamma': 0.9628420990193511, 'subsample': 0.907987199060423, 'colsample_bytree': 0.7837858346825455}. Best is trial 0 with value: 0.95.
[I 2025-05-04 17:31:48,392] Trial 29 finished with value: 0.9 and parameters: {'n_estimators': 40, 'max_depth': 5, 'gamma': 0.14689135530325748, 'subsample': 0.6232627477258855, 'colsample_bytree': 0.7173725076568428}. Best is trial 0 with value: 0.95.
[I 2025-05-04 17:31:50,822] A new study created in memory with name: rf
Parámetros guardados en checkpoint_shoppers_Dlatent_Roriginal/ag/best_models_ag_seed_0/xgb_best_params.json


>>> Optuna tuning rf


[I 2025-05-04 17:31:53,134] Trial 0 finished with value: 0.9 and parameters: {'n_estimators': 320, 'max_depth': 15, 'min_samples_split': 7, 'min_samples_leaf': 6}. Best is trial 0 with value: 0.9.
[I 2025-05-04 17:31:53,781] Trial 1 finished with value: 0.5 and parameters: {'n_estimators': 269, 'max_depth': 14, 'min_samples_split': 5, 'min_samples_leaf': 9}. Best is trial 0 with value: 0.9.
[I 2025-05-04 17:31:54,324] Trial 2 finished with value: 0.9 and parameters: {'n_estimators': 486, 'max_depth': 9, 'min_samples_split': 9, 'min_samples_leaf': 6}. Best is trial 0 with value: 0.9.
[I 2025-05-04 17:31:54,715] Trial 3 finished with value: 0.9 and parameters: {'n_estimators': 327, 'max_depth': 19, 'min_samples_split': 2, 'min_samples_leaf': 1}. Best is trial 0 with value: 0.9.
[I 2025-05-04 17:31:54,884] Trial 4 finished with value: 0.5 and parameters: {'n_estimators': 108, 'max_depth': 17, 'min_samples_split': 9, 'min_samples_leaf': 9}. Best is trial 0 with value: 0.9.
[I 2025-05-04 17:31:55,396] Trial 5 finished with value: 0.5 and parameters: {'n_estimators': 492, 'max_depth': 17, 'min_samples_split': 6, 'min_samples_leaf': 8}. Best is trial 0 with value: 0.9.
[I 2025-05-04 17:31:55,645] Trial 6 finished with value: 0.5 and parameters: {'n_estimators': 147, 'max_depth': 14, 'min_samples_split': 3, 'min_samples_leaf': 10}. Best is trial 0 with value: 0.9.
[I 2025-05-04 17:31:56,068] Trial 7 finished with value: 0.5 and parameters: {'n_estimators': 309, 'max_depth': 10, 'min_samples_split': 4, 'min_samples_leaf': 8}. Best is trial 0 with value: 0.9.
[I 2025-05-04 17:31:56,426] Trial 8 finished with value: 0.5 and parameters: {'n_estimators': 282, 'max_depth': 13, 'min_samples_split': 2, 'min_samples_leaf': 7}. Best is trial 0 with value: 0.9.
[I 2025-05-04 17:31:56,828] Trial 9 finished with value: 0.5 and parameters: {'n_estimators': 345, 'max_depth': 14, 'min_samples_split': 10, 'min_samples_leaf': 7}. Best is trial 0 with value: 0.9.
[I 2025-05-04 17:31:57,336] Trial 10 finished with value: 0.9 and parameters: {'n_estimators': 407, 'max_depth': 5, 'min_samples_split': 7, 'min_samples_leaf': 3}. Best is trial 0 with value: 0.9.
[I 2025-05-04 17:31:58,558] Trial 11 finished with value: 0.9 and parameters: {'n_estimators': 480, 'max_depth': 9, 'min_samples_split': 8, 'min_samples_leaf': 5}. Best is trial 0 with value: 0.9.
[I 2025-05-04 17:31:59,420] Trial 12 finished with value: 0.95 and parameters: {'n_estimators': 206, 'max_depth': 6, 'min_samples_split': 8, 'min_samples_leaf': 5}. Best is trial 12 with value: 0.95.
[I 2025-05-04 17:32:00,409] Trial 13 finished with value: 0.9 and parameters: {'n_estimators': 219, 'max_depth': 4, 'min_samples_split': 7, 'min_samples_leaf': 4}. Best is trial 12 with value: 0.95.
[I 2025-05-04 17:32:00,652] Trial 14 finished with value: 0.85 and parameters: {'n_estimators': 203, 'max_depth': 6, 'min_samples_split': 6, 'min_samples_leaf': 3}. Best is trial 12 with value: 0.95.
[I 2025-05-04 17:32:01,085] Trial 15 finished with value: 0.9 and parameters: {'n_estimators': 387, 'max_depth': 7, 'min_samples_split': 8, 'min_samples_leaf': 5}. Best is trial 12 with value: 0.95.
[I 2025-05-04 17:32:01,327] Trial 16 finished with value: 0.9 and parameters: {'n_estimators': 213, 'max_depth': 3, 'min_samples_split': 10, 'min_samples_leaf': 1}. Best is trial 12 with value: 0.95.
[I 2025-05-04 17:32:01,549] Trial 17 finished with value: 0.85 and parameters: {'n_estimators': 170, 'max_depth': 11, 'min_samples_split': 7, 'min_samples_leaf': 6}. Best is trial 12 with value: 0.95.
[I 2025-05-04 17:32:01,833] Trial 18 finished with value: 0.9 and parameters: {'n_estimators': 246, 'max_depth': 20, 'min_samples_split': 5, 'min_samples_leaf': 3}. Best is trial 12 with value: 0.95.
[I 2025-05-04 17:32:02,241] Trial 19 finished with value: 0.9 and parameters: {'n_estimators': 368, 'max_depth': 16, 'min_samples_split': 8, 'min_samples_leaf': 4}. Best is trial 12 with value: 0.95.
[I 2025-05-04 17:32:02,700] Trial 20 finished with value: 0.75 and parameters: {'n_estimators': 423, 'max_depth': 7, 'min_samples_split': 9, 'min_samples_leaf': 7}. Best is trial 12 with value: 0.95.
[I 2025-05-04 17:32:03,185] Trial 21 finished with value: 0.95 and parameters: {'n_estimators': 437, 'max_depth': 9, 'min_samples_split': 9, 'min_samples_leaf': 6}. Best is trial 12 with value: 0.95.
[I 2025-05-04 17:32:03,664] Trial 22 finished with value: 0.9 and parameters: {'n_estimators': 442, 'max_depth': 12, 'min_samples_split': 8, 'min_samples_leaf': 5}. Best is trial 12 with value: 0.95.
[I 2025-05-04 17:32:04,051] Trial 23 finished with value: 0.95 and parameters: {'n_estimators': 348, 'max_depth': 8, 'min_samples_split': 9, 'min_samples_leaf': 6}. Best is trial 12 with value: 0.95.
[I 2025-05-04 17:32:04,459] Trial 24 finished with value: 0.9 and parameters: {'n_estimators': 350, 'max_depth': 8, 'min_samples_split': 10, 'min_samples_leaf': 4}. Best is trial 12 with value: 0.95.
[I 2025-05-04 17:32:04,927] Trial 25 finished with value: 0.6 and parameters: {'n_estimators': 440, 'max_depth': 5, 'min_samples_split': 9, 'min_samples_leaf': 7}. Best is trial 12 with value: 0.95.
[I 2025-05-04 17:32:05,385] Trial 26 finished with value: 0.9 and parameters: {'n_estimators': 390, 'max_depth': 10, 'min_samples_split': 9, 'min_samples_leaf': 6}. Best is trial 12 with value: 0.95.
[I 2025-05-04 17:32:05,720] Trial 27 finished with value: 0.85 and parameters: {'n_estimators': 258, 'max_depth': 7, 'min_samples_split': 10, 'min_samples_leaf': 2}. Best is trial 12 with value: 0.95.
[I 2025-05-04 17:32:06,233] Trial 28 finished with value: 0.5 and parameters: {'n_estimators': 457, 'max_depth': 3, 'min_samples_split': 8, 'min_samples_leaf': 8}. Best is trial 12 with value: 0.95.
[I 2025-05-04 17:32:06,639] Trial 29 finished with value: 0.9 and parameters: {'n_estimators': 302, 'max_depth': 8, 'min_samples_split': 7, 'min_samples_leaf': 6}. Best is trial 12 with value: 0.95.
[I 2025-05-04 17:32:11,087] A new study created in memory with name: svc
Parámetros guardados en checkpoint_shoppers_Dlatent_Roriginal/ag/best_models_ag_seed_0/rf_best_params.json


>>> Optuna tuning svc


[I 2025-05-04 17:32:11,731] Trial 0 finished with value: 0.6 and parameters: {'C': 1.5676677195506077, 'gamma': 0.07257005721594278}. Best is trial 0 with value: 0.6.
[I 2025-05-04 17:32:11,748] Trial 1 finished with value: 0.6 and parameters: {'C': 2.57663857461359, 'gamma': 0.01511933646764101}. Best is trial 0 with value: 0.6.
[I 2025-05-04 17:32:11,762] Trial 2 finished with value: 0.55 and parameters: {'C': 0.49501595537331966, 'gamma': 0.03833332156156663}. Best is trial 0 with value: 0.6.
[I 2025-05-04 17:32:11,776] Trial 3 finished with value: 0.35 and parameters: {'C': 0.5627932047415171, 'gamma': 0.36905577292137587}. Best is trial 0 with value: 0.6.
[I 2025-05-04 17:32:11,790] Trial 4 finished with value: 0.65 and parameters: {'C': 71.55682161754872, 'gamma': 0.0034179529120610124}. Best is trial 4 with value: 0.65.
[I 2025-05-04 17:32:11,806] Trial 5 finished with value: 0.65 and parameters: {'C': 14.68588598920087, 'gamma': 0.013049073550362394}. Best is trial 4 with value: 0.65.
[I 2025-05-04 17:32:11,819] Trial 6 finished with value: 0.5 and parameters: {'C': 1.871450068624068, 'gamma': 0.503948959867121}. Best is trial 4 with value: 0.65.
[I 2025-05-04 17:32:11,833] Trial 7 finished with value: 0.5 and parameters: {'C': 0.0192373050965465, 'gamma': 0.00022310905607443037}. Best is trial 4 with value: 0.65.
[I 2025-05-04 17:32:11,848] Trial 8 finished with value: 0.45 and parameters: {'C': 0.012046852412030323, 'gamma': 0.2140323314098606}. Best is trial 4 with value: 0.65.
[I 2025-05-04 17:32:11,863] Trial 9 finished with value: 0.55 and parameters: {'C': 12.960656597279739, 'gamma': 0.3020289640158664}. Best is trial 4 with value: 0.65.
[I 2025-05-04 17:32:11,885] Trial 10 finished with value: 0.55 and parameters: {'C': 73.4267841645538, 'gamma': 0.0010357333193126517}. Best is trial 4 with value: 0.65.
[I 2025-05-04 17:32:12,595] Trial 11 finished with value: 0.6 and parameters: {'C': 64.73110838099895, 'gamma': 0.0023194233295541424}. Best is trial 4 with value: 0.65.
[I 2025-05-04 17:32:13,285] Trial 12 finished with value: 0.55 and parameters: {'C': 13.752794544444562, 'gamma': 0.003810268836681614}. Best is trial 4 with value: 0.65.
[I 2025-05-04 17:32:13,309] Trial 13 finished with value: 0.55 and parameters: {'C': 16.077364115789013, 'gamma': 0.009990083164428227}. Best is trial 4 with value: 0.65.
[I 2025-05-04 17:32:13,330] Trial 14 finished with value: 0.5 and parameters: {'C': 96.61693558599791, 'gamma': 0.0004574894365645582}. Best is trial 4 with value: 0.65.
[I 2025-05-04 17:32:13,354] Trial 15 finished with value: 0.55 and parameters: {'C': 6.041410011812951, 'gamma': 0.006779437459205454}. Best is trial 4 with value: 0.65.
[I 2025-05-04 17:32:13,382] Trial 16 finished with value: 0.45 and parameters: {'C': 0.21704378073201902, 'gamma': 0.04121218134413566}. Best is trial 4 with value: 0.65.
[I 2025-05-04 17:32:14,104] Trial 17 finished with value: 0.5 and parameters: {'C': 28.312465276137768, 'gamma': 0.00010241872390191678}. Best is trial 4 with value: 0.65.
[I 2025-05-04 17:32:14,129] Trial 18 finished with value: 0.6 and parameters: {'C': 5.6516147281600135, 'gamma': 0.001613970119171356}. Best is trial 4 with value: 0.65.
[I 2025-05-04 17:32:14,152] Trial 19 finished with value: 0.55 and parameters: {'C': 0.07544014664338816, 'gamma': 0.0007986810794201042}. Best is trial 4 with value: 0.65.
[I 2025-05-04 17:32:14,177] Trial 20 finished with value: 0.9 and parameters: {'C': 34.927402574627564, 'gamma': 0.0255026400425667}. Best is trial 20 with value: 0.9.
[I 2025-05-04 17:32:14,198] Trial 21 finished with value: 0.85 and parameters: {'C': 29.622116281816247, 'gamma': 0.020880981651061746}. Best is trial 20 with value: 0.9.
[I 2025-05-04 17:32:14,222] Trial 22 finished with value: 0.75 and parameters: {'C': 36.38683606011001, 'gamma': 0.09966960960347948}. Best is trial 20 with value: 0.9.
[I 2025-05-04 17:32:14,243] Trial 23 finished with value: 0.7 and parameters: {'C': 32.23461613419499, 'gamma': 0.12566195214119072}. Best is trial 20 with value: 0.9.
[I 2025-05-04 17:32:14,264] Trial 24 finished with value: 0.4 and parameters: {'C': 5.640475385553622, 'gamma': 0.9252365748791314}. Best is trial 20 with value: 0.9.
[I 2025-05-04 17:32:14,285] Trial 25 finished with value: 0.9 and parameters: {'C': 32.64754124073428, 'gamma': 0.026214846764102788}. Best is trial 20 with value: 0.9.
[I 2025-05-04 17:32:14,310] Trial 26 finished with value: 0.65 and parameters: {'C': 4.268637748804758, 'gamma': 0.03732443239946603}. Best is trial 20 with value: 0.9.
[I 2025-05-04 17:32:14,330] Trial 27 finished with value: 0.6 and parameters: {'C': 27.383299129209853, 'gamma': 0.006416673465417119}. Best is trial 20 with value: 0.9.
[I 2025-05-04 17:32:14,356] Trial 28 finished with value: 0.95 and parameters: {'C': 47.118378039197836, 'gamma': 0.02294474545019005}. Best is trial 28 with value: 0.95.
[I 2025-05-04 17:32:14,379] Trial 29 finished with value: 0.55 and parameters: {'C': 1.1821355573045078, 'gamma': 0.06206201190935134}. Best is trial 28 with value: 0.95.
[I 2025-05-04 17:32:16,205] A new study created in memory with name: logreg
[I 2025-05-04 17:32:16,230] Trial 0 finished with value: 0.65 and parameters: {'C': 0.5547119471592125, 'penalty': 'l2'}. Best is trial 0 with value: 0.65.
[I 2025-05-04 17:32:16,254] Trial 1 finished with value: 0.65 and parameters: {'C': 3.7665768415992953, 'penalty': 'l2'}. Best is trial 0 with value: 0.65.
[I 2025-05-04 17:32:16,279] Trial 2 finished with value: 0.65 and parameters: {'C': 1.032326035197657, 'penalty': 'l2'}. Best is trial 0 with value: 0.65.
Parámetros guardados en checkpoint_shoppers_Dlatent_Roriginal/ag/best_models_ag_seed_0/svc_best_params.json


>>> Optuna tuning logreg


[I 2025-05-04 17:32:19,160] Trial 3 finished with value: 0.65 and parameters: {'C': 0.530170934757683, 'penalty': 'l2'}. Best is trial 0 with value: 0.65.
[I 2025-05-04 17:32:19,579] Trial 4 finished with value: 0.65 and parameters: {'C': 0.13130280280658593, 'penalty': 'l2'}. Best is trial 0 with value: 0.65.
[I 2025-05-04 17:32:19,605] Trial 5 finished with value: 0.65 and parameters: {'C': 1.6961746387290997, 'penalty': 'l2'}. Best is trial 0 with value: 0.65.
[I 2025-05-04 17:32:19,630] Trial 6 finished with value: 0.65 and parameters: {'C': 0.15414734761917095, 'penalty': 'l2'}. Best is trial 0 with value: 0.65.
[I 2025-05-04 17:32:19,655] Trial 7 finished with value: 0.85 and parameters: {'C': 28.765041432546976, 'penalty': 'l2'}. Best is trial 7 with value: 0.85.
[I 2025-05-04 17:32:19,680] Trial 8 finished with value: 0.9 and parameters: {'C': 65.81332043291806, 'penalty': 'l2'}. Best is trial 8 with value: 0.9.
[I 2025-05-04 17:32:19,705] Trial 9 finished with value: 0.65 and parameters: {'C': 0.08264328927007726, 'penalty': 'l2'}. Best is trial 8 with value: 0.9.
[I 2025-05-04 17:32:19,725] Trial 10 finished with value: 0.6 and parameters: {'C': 0.002101331318459542, 'penalty': 'l2'}. Best is trial 8 with value: 0.9.
[I 2025-05-04 17:32:19,752] Trial 11 finished with value: 0.9 and parameters: {'C': 85.01917955916235, 'penalty': 'l2'}. Best is trial 8 with value: 0.9.
[I 2025-05-04 17:32:19,783] Trial 12 finished with value: 0.9 and parameters: {'C': 58.06190813539093, 'penalty': 'l2'}. Best is trial 8 with value: 0.9.
[I 2025-05-04 17:32:19,813] Trial 13 finished with value: 0.85 and parameters: {'C': 12.845526573509025, 'penalty': 'l2'}. Best is trial 8 with value: 0.9.
[I 2025-05-04 17:32:20,500] Trial 14 finished with value: 0.9 and parameters: {'C': 69.67948641461048, 'penalty': 'l2'}. Best is trial 8 with value: 0.9.
