[I 2025-05-04 17:28:44,832] Trial 15 finished with value: 0.75 and parameters: {'n_estimators': 40, 'max_depth': 20, 'gamma': 0.3508253335562579, 'subsample': 0.8926656883820832, 'colsample_bytree': 0.7440906978659819}. Best is trial 1 with value: 0.85.
/data/home/rtabares/anaconda3/envs/pyth3.12/lib/python3.12/site-packages/xgboost/core.py:377: FutureWarning: Your system has an old version of glibc (< 2.28). We will stop supporting Linux distros with glibc older than 2.28 after **May 31, 2025**. Please upgrade to a recent Linux distro (with glibc >= 2.28) to use future versions of XGBoost.
Note: You have installed the 'manylinux2014' variant of XGBoost. Certain features such as GPU algorithms or federated learning are not available. To use these features, please upgrade to a recent Linux distro with glibc 2.28+, and install the 'manylinux_2_28' variant.
  warnings.warn(
[I 2025-05-04 17:28:45,497] Trial 16 finished with value: 0.8 and parameters: {'n_estimators': 40, 'max_depth': 20, 'gamma': 0.7844662713361348, 'subsample': 0.7473771113153153, 'colsample_bytree': 0.6443328186929916}. Best is trial 1 with value: 0.85.
[I 2025-05-04 17:28:45,535] Trial 17 finished with value: 0.7 and parameters: {'n_estimators': 40, 'max_depth': 20, 'gamma': 0.11298845917426192, 'subsample': 0.6103130294955186, 'colsample_bytree': 0.9291169026644992}. Best is trial 1 with value: 0.85.
/data/home/rtabares/anaconda3/envs/pyth3.12/lib/python3.12/site-packages/xgboost/core.py:377: FutureWarning: Your system has an old version of glibc (< 2.28). We will stop supporting Linux distros with glibc older than 2.28 after **May 31, 2025**. Please upgrade to a recent Linux distro (with glibc >= 2.28) to use future versions of XGBoost.
Note: You have installed the 'manylinux2014' variant of XGBoost. Certain features such as GPU algorithms or federated learning are not available. To use these features, please upgrade to a recent Linux distro with glibc 2.28+, and install the 'manylinux_2_28' variant.
  warnings.warn(
[I 2025-05-04 17:28:46,180] Trial 18 finished with value: 0.85 and parameters: {'n_estimators': 40, 'max_depth': 20, 'gamma': 0.5532586181645847, 'subsample': 0.8491784476629974, 'colsample_bytree': 0.8595623262526726}. Best is trial 1 with value: 0.85.
[I 2025-05-04 17:28:46,218] Trial 19 finished with value: 0.8 and parameters: {'n_estimators': 40, 'max_depth': 20, 'gamma': 0.9446827804302238, 'subsample': 0.7339021085957089, 'colsample_bytree': 0.7837555566632457}. Best is trial 1 with value: 0.85.
[I 2025-05-04 17:28:46,257] Trial 20 finished with value: 0.8 and parameters: {'n_estimators': 10, 'max_depth': 5, 'gamma': 0.2975854274697244, 'subsample': 0.9125157653842264, 'colsample_bytree': 0.7065249259028923}. Best is trial 1 with value: 0.85.
[I 2025-05-04 17:28:46,294] Trial 21 finished with value: 0.8 and parameters: {'n_estimators': 40, 'max_depth': 20, 'gamma': 0.5577502058709322, 'subsample': 0.832149926064207, 'colsample_bytree': 0.8631910067987699}. Best is trial 1 with value: 0.85.
[I 2025-05-04 17:28:46,333] Trial 22 finished with value: 0.8 and parameters: {'n_estimators': 40, 'max_depth': 20, 'gamma': 0.44130995018743086, 'subsample': 0.8524677582415375, 'colsample_bytree': 0.9505141899533642}. Best is trial 1 with value: 0.85.
[I 2025-05-04 17:28:46,372] Trial 23 finished with value: 0.85 and parameters: {'n_estimators': 40, 'max_depth': 20, 'gamma': 0.6317326420564738, 'subsample': 0.7741535189654162, 'colsample_bytree': 0.867053857362851}. Best is trial 1 with value: 0.85.
[I 2025-05-04 17:28:46,413] Trial 24 finished with value: 0.8 and parameters: {'n_estimators': 40, 'max_depth': 20, 'gamma': 0.7005870409576056, 'subsample': 0.9530693419211782, 'colsample_bytree': 0.8729763842931355}. Best is trial 1 with value: 0.85.
[I 2025-05-04 17:28:46,465] Trial 25 finished with value: 0.8 and parameters: {'n_estimators': 40, 'max_depth': 20, 'gamma': 0.517227255945008, 'subsample': 0.8493701712705435, 'colsample_bytree': 0.7894847023400996}. Best is trial 1 with value: 0.85.
[I 2025-05-04 17:28:46,504] Trial 26 finished with value: 0.8 and parameters: {'n_estimators': 40, 'max_depth': 20, 'gamma': 0.5712586551707903, 'subsample': 0.8023797207930174, 'colsample_bytree': 0.9318854661284629}. Best is trial 1 with value: 0.85.
[I 2025-05-04 17:28:46,543] Trial 27 finished with value: 0.8 and parameters: {'n_estimators': 40, 'max_depth': 20, 'gamma': 0.44631246365003535, 'subsample': 0.8805598027410318, 'colsample_bytree': 0.8492481791337338}. Best is trial 1 with value: 0.85.
[I 2025-05-04 17:28:46,582] Trial 28 finished with value: 0.8 and parameters: {'n_estimators': 10, 'max_depth': 5, 'gamma': 0.8271729280793335, 'subsample': 0.9303333648201454, 'colsample_bytree': 0.9488542166471101}. Best is trial 1 with value: 0.85.
[I 2025-05-04 17:28:46,624] Trial 29 finished with value: 0.75 and parameters: {'n_estimators': 40, 'max_depth': 20, 'gamma': 0.31347062662724223, 'subsample': 0.9540654072258236, 'colsample_bytree': 0.9958029970531797}. Best is trial 1 with value: 0.85.
[I 2025-05-04 17:28:48,565] A new study created in memory with name: rf
Parámetros guardados en checkpoint_shoppers_Dlatent_Roriginal_ft/k_center/best_models_k_center_seed_0/xgb_best_params.json


>>> Optuna tuning rf


[I 2025-05-04 17:28:51,790] Trial 0 finished with value: 0.55 and parameters: {'n_estimators': 320, 'max_depth': 15, 'min_samples_split': 7, 'min_samples_leaf': 6}. Best is trial 0 with value: 0.55.
[I 2025-05-04 17:28:52,426] Trial 1 finished with value: 0.5 and parameters: {'n_estimators': 269, 'max_depth': 14, 'min_samples_split': 5, 'min_samples_leaf': 9}. Best is trial 0 with value: 0.55.
[I 2025-05-04 17:28:53,001] Trial 2 finished with value: 0.6 and parameters: {'n_estimators': 486, 'max_depth': 9, 'min_samples_split': 9, 'min_samples_leaf': 6}. Best is trial 2 with value: 0.6.
[I 2025-05-04 17:28:53,401] Trial 3 finished with value: 0.6 and parameters: {'n_estimators': 327, 'max_depth': 19, 'min_samples_split': 2, 'min_samples_leaf': 1}. Best is trial 2 with value: 0.6.
[I 2025-05-04 17:28:53,580] Trial 4 finished with value: 0.5 and parameters: {'n_estimators': 108, 'max_depth': 17, 'min_samples_split': 9, 'min_samples_leaf': 9}. Best is trial 2 with value: 0.6.
[I 2025-05-04 17:28:54,149] Trial 5 finished with value: 0.5 and parameters: {'n_estimators': 492, 'max_depth': 17, 'min_samples_split': 6, 'min_samples_leaf': 8}. Best is trial 2 with value: 0.6.
[I 2025-05-04 17:28:54,407] Trial 6 finished with value: 0.5 and parameters: {'n_estimators': 147, 'max_depth': 14, 'min_samples_split': 3, 'min_samples_leaf': 10}. Best is trial 2 with value: 0.6.
[I 2025-05-04 17:28:54,766] Trial 7 finished with value: 0.5 and parameters: {'n_estimators': 309, 'max_depth': 10, 'min_samples_split': 4, 'min_samples_leaf': 8}. Best is trial 2 with value: 0.6.
[I 2025-05-04 17:28:55,134] Trial 8 finished with value: 0.5 and parameters: {'n_estimators': 282, 'max_depth': 13, 'min_samples_split': 2, 'min_samples_leaf': 7}. Best is trial 2 with value: 0.6.
[I 2025-05-04 17:28:55,582] Trial 9 finished with value: 0.55 and parameters: {'n_estimators': 345, 'max_depth': 14, 'min_samples_split': 10, 'min_samples_leaf': 7}. Best is trial 2 with value: 0.6.
[I 2025-05-04 17:28:56,189] Trial 10 finished with value: 0.6 and parameters: {'n_estimators': 487, 'max_depth': 5, 'min_samples_split': 8, 'min_samples_leaf': 3}. Best is trial 2 with value: 0.6.
[I 2025-05-04 17:28:57,382] Trial 11 finished with value: 0.6 and parameters: {'n_estimators': 412, 'max_depth': 20, 'min_samples_split': 7, 'min_samples_leaf': 2}. Best is trial 2 with value: 0.6.
[I 2025-05-04 17:28:57,866] Trial 12 finished with value: 0.55 and parameters: {'n_estimators': 410, 'max_depth': 9, 'min_samples_split': 10, 'min_samples_leaf': 4}. Best is trial 2 with value: 0.6.
[I 2025-05-04 17:28:58,808] Trial 13 finished with value: 0.55 and parameters: {'n_estimators': 233, 'max_depth': 6, 'min_samples_split': 2, 'min_samples_leaf': 1}. Best is trial 2 with value: 0.6.
[I 2025-05-04 17:28:59,253] Trial 14 finished with value: 0.6 and parameters: {'n_estimators': 419, 'max_depth': 8, 'min_samples_split': 5, 'min_samples_leaf': 5}. Best is trial 2 with value: 0.6.
[I 2025-05-04 17:28:59,488] Trial 15 finished with value: 0.6 and parameters: {'n_estimators': 194, 'max_depth': 3, 'min_samples_split': 8, 'min_samples_leaf': 4}. Best is trial 2 with value: 0.6.
[I 2025-05-04 17:28:59,901] Trial 16 finished with value: 0.55 and parameters: {'n_estimators': 368, 'max_depth': 20, 'min_samples_split': 4, 'min_samples_leaf': 1}. Best is trial 2 with value: 0.6.
[I 2025-05-04 17:29:00,450] Trial 17 finished with value: 0.65 and parameters: {'n_estimators': 449, 'max_depth': 11, 'min_samples_split': 9, 'min_samples_leaf': 5}. Best is trial 17 with value: 0.65.
[I 2025-05-04 17:29:00,988] Trial 18 finished with value: 0.65 and parameters: {'n_estimators': 447, 'max_depth': 11, 'min_samples_split': 9, 'min_samples_leaf': 5}. Best is trial 17 with value: 0.65.
[I 2025-05-04 17:29:01,477] Trial 19 finished with value: 0.6 and parameters: {'n_estimators': 446, 'max_depth': 11, 'min_samples_split': 9, 'min_samples_leaf': 5}. Best is trial 17 with value: 0.65.
[I 2025-05-04 17:29:01,936] Trial 20 finished with value: 0.55 and parameters: {'n_estimators': 383, 'max_depth': 12, 'min_samples_split': 8, 'min_samples_leaf': 3}. Best is trial 17 with value: 0.65.
[I 2025-05-04 17:29:02,442] Trial 21 finished with value: 0.6 and parameters: {'n_estimators': 457, 'max_depth': 8, 'min_samples_split': 9, 'min_samples_leaf': 6}. Best is trial 17 with value: 0.65.
[I 2025-05-04 17:29:02,963] Trial 22 finished with value: 0.55 and parameters: {'n_estimators': 456, 'max_depth': 11, 'min_samples_split': 10, 'min_samples_leaf': 4}. Best is trial 17 with value: 0.65.
[I 2025-05-04 17:29:03,510] Trial 23 finished with value: 0.55 and parameters: {'n_estimators': 499, 'max_depth': 6, 'min_samples_split': 7, 'min_samples_leaf': 6}. Best is trial 17 with value: 0.65.
[I 2025-05-04 17:29:04,007] Trial 24 finished with value: 0.55 and parameters: {'n_estimators': 443, 'max_depth': 9, 'min_samples_split': 9, 'min_samples_leaf': 5}. Best is trial 17 with value: 0.65.
[I 2025-05-04 17:29:04,476] Trial 25 finished with value: 0.5 and parameters: {'n_estimators': 379, 'max_depth': 12, 'min_samples_split': 8, 'min_samples_leaf': 7}. Best is trial 17 with value: 0.65.
[I 2025-05-04 17:29:04,972] Trial 26 finished with value: 0.6 and parameters: {'n_estimators': 467, 'max_depth': 7, 'min_samples_split': 10, 'min_samples_leaf': 3}. Best is trial 17 with value: 0.65.
[I 2025-05-04 17:29:05,448] Trial 27 finished with value: 0.55 and parameters: {'n_estimators': 423, 'max_depth': 10, 'min_samples_split': 9, 'min_samples_leaf': 5}. Best is trial 17 with value: 0.65.
[I 2025-05-04 17:29:05,924] Trial 28 finished with value: 0.6 and parameters: {'n_estimators': 394, 'max_depth': 4, 'min_samples_split': 6, 'min_samples_leaf': 4}. Best is trial 17 with value: 0.65.
[I 2025-05-04 17:29:06,375] Trial 29 finished with value: 0.55 and parameters: {'n_estimators': 351, 'max_depth': 10, 'min_samples_split': 7, 'min_samples_leaf': 6}. Best is trial 17 with value: 0.65.
[I 2025-05-04 17:29:10,871] A new study created in memory with name: svc
Parámetros guardados en checkpoint_shoppers_Dlatent_Roriginal_ft/k_center/best_models_k_center_seed_0/rf_best_params.json


>>> Optuna tuning svc


[I 2025-05-04 17:29:12,305] Trial 0 finished with value: 0.45 and parameters: {'C': 1.5676677195506077, 'gamma': 0.07257005721594278}. Best is trial 0 with value: 0.45.
[I 2025-05-04 17:29:12,394] Trial 1 finished with value: 0.5 and parameters: {'C': 2.57663857461359, 'gamma': 0.01511933646764101}. Best is trial 1 with value: 0.5.
[I 2025-05-04 17:29:12,411] Trial 2 finished with value: 0.4 and parameters: {'C': 0.49501595537331966, 'gamma': 0.03833332156156663}. Best is trial 1 with value: 0.5.
[I 2025-05-04 17:29:12,426] Trial 3 finished with value: 0.5 and parameters: {'C': 0.5627932047415171, 'gamma': 0.36905577292137587}. Best is trial 1 with value: 0.5.
[I 2025-05-04 17:29:12,440] Trial 4 finished with value: 0.5 and parameters: {'C': 71.55682161754872, 'gamma': 0.0034179529120610124}. Best is trial 1 with value: 0.5.
[I 2025-05-04 17:29:12,454] Trial 5 finished with value: 0.45 and parameters: {'C': 14.68588598920087, 'gamma': 0.013049073550362394}. Best is trial 1 with value: 0.5.
[I 2025-05-04 17:29:12,467] Trial 6 finished with value: 0.5 and parameters: {'C': 1.871450068624068, 'gamma': 0.503948959867121}. Best is trial 1 with value: 0.5.
[I 2025-05-04 17:29:12,481] Trial 7 finished with value: 0.45 and parameters: {'C': 0.0192373050965465, 'gamma': 0.00022310905607443037}. Best is trial 1 with value: 0.5.
[I 2025-05-04 17:29:12,494] Trial 8 finished with value: 0.45 and parameters: {'C': 0.012046852412030323, 'gamma': 0.2140323314098606}. Best is trial 1 with value: 0.5.
[I 2025-05-04 17:29:12,508] Trial 9 finished with value: 0.45 and parameters: {'C': 12.960656597279739, 'gamma': 0.3020289640158664}. Best is trial 1 with value: 0.5.
[I 2025-05-04 17:29:12,531] Trial 10 finished with value: 0.45 and parameters: {'C': 0.2253293004027043, 'gamma': 0.0014453557297830738}. Best is trial 1 with value: 0.5.
[I 2025-05-04 17:29:13,212] Trial 11 finished with value: 0.45 and parameters: {'C': 0.16619628771824985, 'gamma': 0.02216308099744127}. Best is trial 1 with value: 0.5.
[I 2025-05-04 17:29:13,861] Trial 12 finished with value: 0.5 and parameters: {'C': 4.957254831532307, 'gamma': 0.8903059417819652}. Best is trial 1 with value: 0.5.
[I 2025-05-04 17:29:13,881] Trial 13 finished with value: 0.45 and parameters: {'C': 0.11983724566403872, 'gamma': 0.003899714029158752}. Best is trial 1 with value: 0.5.
[I 2025-05-04 17:29:13,904] Trial 14 finished with value: 0.35 and parameters: {'C': 0.9178628520829081, 'gamma': 0.09381599947348813}. Best is trial 1 with value: 0.5.
[I 2025-05-04 17:29:13,925] Trial 15 finished with value: 0.45 and parameters: {'C': 0.046384930219786895, 'gamma': 0.0003650480193454446}. Best is trial 1 with value: 0.5.
[I 2025-05-04 17:29:13,943] Trial 16 finished with value: 0.45 and parameters: {'C': 4.014259380455538, 'gamma': 0.001042749056643768}. Best is trial 1 with value: 0.5.
[I 2025-05-04 17:29:13,976] Trial 17 finished with value: 0.45 and parameters: {'C': 0.4223343481884226, 'gamma': 0.005567710809157288}. Best is trial 1 with value: 0.5.
[I 2025-05-04 17:29:14,001] Trial 18 finished with value: 0.5 and parameters: {'C': 78.65935076179598, 'gamma': 0.0001052900452630541}. Best is trial 1 with value: 0.5.
[I 2025-05-04 17:29:14,024] Trial 19 finished with value: 0.45 and parameters: {'C': 6.878616803217106, 'gamma': 0.16953325045649517}. Best is trial 1 with value: 0.5.
[I 2025-05-04 17:29:14,045] Trial 20 finished with value: 0.45 and parameters: {'C': 30.97073926052814, 'gamma': 0.0524100148195484}. Best is trial 1 with value: 0.5.
[I 2025-05-04 17:29:14,067] Trial 21 finished with value: 0.5 and parameters: {'C': 86.37975980933831, 'gamma': 0.0018321021863048341}. Best is trial 1 with value: 0.5.
[I 2025-05-04 17:29:14,091] Trial 22 finished with value: 0.5 and parameters: {'C': 25.752127944932155, 'gamma': 0.0069106203244534165}. Best is trial 1 with value: 0.5.
[I 2025-05-04 17:29:14,113] Trial 23 finished with value: 0.5 and parameters: {'C': 2.4895299650470326, 'gamma': 0.015756763975704993}. Best is trial 1 with value: 0.5.
[I 2025-05-04 17:29:14,792] Trial 24 finished with value: 0.45 and parameters: {'C': 0.7471589236487421, 'gamma': 0.003051518910087227}. Best is trial 1 with value: 0.5.
[I 2025-05-04 17:29:14,815] Trial 25 finished with value: 0.45 and parameters: {'C': 0.038984564022999706, 'gamma': 0.0008672211999791557}. Best is trial 1 with value: 0.5.
[I 2025-05-04 17:29:14,841] Trial 26 finished with value: 0.45 and parameters: {'C': 0.29993671522894816, 'gamma': 0.031628404625517755}. Best is trial 1 with value: 0.5.
[I 2025-05-04 17:29:14,863] Trial 27 finished with value: 0.5 and parameters: {'C': 44.36045913020043, 'gamma': 0.0004462459977461751}. Best is trial 1 with value: 0.5.
[I 2025-05-04 17:29:14,887] Trial 28 finished with value: 0.45 and parameters: {'C': 0.10618178527997903, 'gamma': 0.010224323740750113}. Best is trial 1 with value: 0.5.
[I 2025-05-04 17:29:14,913] Trial 29 finished with value: 0.45 and parameters: {'C': 1.3512208909716261, 'gamma': 0.11519349173332838}. Best is trial 1 with value: 0.5.
[I 2025-05-04 17:29:16,727] A new study created in memory with name: logreg
[I 2025-05-04 17:29:16,750] Trial 0 finished with value: 0.45 and parameters: {'C': 0.5547119471592125, 'penalty': 'l2'}. Best is trial 0 with value: 0.45.
Parámetros guardados en checkpoint_shoppers_Dlatent_Roriginal_ft/k_center/best_models_k_center_seed_0/svc_best_params.json


>>> Optuna tuning logreg


[I 2025-05-04 17:29:19,541] Trial 1 finished with value: 0.4 and parameters: {'C': 3.7665768415992953, 'penalty': 'l2'}. Best is trial 0 with value: 0.45.
[I 2025-05-04 17:29:19,823] Trial 2 finished with value: 0.45 and parameters: {'C': 1.032326035197657, 'penalty': 'l2'}. Best is trial 0 with value: 0.45.
[I 2025-05-04 17:29:19,839] Trial 3 finished with value: 0.45 and parameters: {'C': 0.530170934757683, 'penalty': 'l2'}. Best is trial 0 with value: 0.45.
[I 2025-05-04 17:29:19,851] Trial 4 finished with value: 0.45 and parameters: {'C': 0.13130280280658593, 'penalty': 'l2'}. Best is trial 0 with value: 0.45.
[I 2025-05-04 17:29:19,875] Trial 5 finished with value: 0.45 and parameters: {'C': 1.6961746387290997, 'penalty': 'l2'}. Best is trial 0 with value: 0.45.
[I 2025-05-04 17:29:19,889] Trial 6 finished with value: 0.45 and parameters: {'C': 0.15414734761917095, 'penalty': 'l2'}. Best is trial 0 with value: 0.45.
[I 2025-05-04 17:29:19,914] Trial 7 finished with value: 0.45 and parameters: {'C': 28.765041432546976, 'penalty': 'l2'}. Best is trial 0 with value: 0.45.
[I 2025-05-04 17:29:19,939] Trial 8 finished with value: 0.45 and parameters: {'C': 65.81332043291806, 'penalty': 'l2'}. Best is trial 0 with value: 0.45.
[I 2025-05-04 17:29:19,964] Trial 9 finished with value: 0.45 and parameters: {'C': 0.08264328927007726, 'penalty': 'l2'}. Best is trial 0 with value: 0.45.
[I 2025-05-04 17:29:19,985] Trial 10 finished with value: 0.45 and parameters: {'C': 0.002101331318459542, 'penalty': 'l2'}. Best is trial 0 with value: 0.45.
[I 2025-05-04 17:29:20,005] Trial 11 finished with value: 0.45 and parameters: {'C': 0.01413227207923734, 'penalty': 'l2'}. Best is trial 0 with value: 0.45.
[I 2025-05-04 17:29:20,639] Trial 12 finished with value: 0.4 and parameters: {'C': 4.190955643146925, 'penalty': 'l2'}. Best is trial 0 with value: 0.45.
[I 2025-05-04 17:29:20,671] Trial 13 finished with value: 0.45 and parameters: {'C': 0.8551408773862517, 'penalty': 'l2'}. Best is trial 0 with value: 0.45.
[I 2025-05-04 17:29:21,308] Trial 14 finished with value: 0.45 and parameters: {'C': 10.111184161779915, 'penalty': 'l2'}. Best is trial 0 with value: 0.45.
[I 2025-05-04 17:29:21,328] Trial 15 finished with value: 0.5 and parameters: {'C': 0.029806594166772525, 'penalty': 'l2'}. Best is trial 15 with value: 0.5.
[I 2025-05-04 17:29:21,345] Trial 16 finished with value: 0.45 and parameters: {'C': 0.022296658046127755, 'penalty': 'l2'}. Best is trial 15 with value: 0.5.
[I 2025-05-04 17:29:21,363] Trial 17 finished with value: 0.45 and parameters: {'C': 0.008400453396069072, 'penalty': 'l2'}. Best is trial 15 with value: 0.5.
[I 2025-05-04 17:29:21,998] Trial 18 finished with value: 0.45 and parameters: {'C': 0.0011621032755888918, 'penalty': 'l2'}. Best is trial 15 with value: 0.5.
[I 2025-05-04 17:29:22,020] Trial 19 finished with value: 0.45 and parameters: {'C': 0.07856776519976881, 'penalty': 'l2'}. Best is trial 15 with value: 0.5.
[I 2025-05-04 17:29:22,037] Trial 20 finished with value: 0.5 and parameters: {'C': 0.032277337857582696, 'penalty': 'l2'}. Best is trial 15 with value: 0.5.
[I 2025-05-04 17:29:22,672] Trial 21 finished with value: 0.5 and parameters: {'C': 0.040637404848740746, 'penalty': 'l2'}. Best is trial 15 with value: 0.5.
[I 2025-05-04 17:29:22,704] Trial 22 finished with value: 0.5 and parameters: {'C': 0.028887751510476494, 'penalty': 'l2'}. Best is trial 15 with value: 0.5.
[I 2025-05-04 17:29:22,725] Trial 23 finished with value: 0.45 and parameters: {'C': 0.0053286933327743565, 'penalty': 'l2'}. Best is trial 15 with value: 0.5.
[I 2025-05-04 17:29:22,743] Trial 24 finished with value: 0.5 and parameters: {'C': 0.04545125022809621, 'penalty': 'l2'}. Best is trial 15 with value: 0.5.
[I 2025-05-04 17:29:23,374] Trial 25 finished with value: 0.45 and parameters: {'C': 0.0027135329372905722, 'penalty': 'l2'}. Best is trial 15 with value: 0.5.
[I 2025-05-04 17:29:23,405] Trial 26 finished with value: 0.45 and parameters: {'C': 0.25092302647209175, 'penalty': 'l2'}. Best is trial 15 with value: 0.5.
[I 2025-05-04 17:29:23,423] Trial 27 finished with value: 0.45 and parameters: {'C': 0.011711070980239996, 'penalty': 'l2'}. Best is trial 15 with value: 0.5.
[I 2025-05-04 17:29:23,449] Trial 28 finished with value: 0.5 and parameters: {'C': 0.050376234826712704, 'penalty': 'l2'}. Best is trial 15 with value: 0.5.
