[I 2025-05-04 17:35:16,571] Trial 29 finished with value: 0.95 and parameters: {'n_estimators': 100, 'max_depth': 30, 'gamma': 0.3636127786305547, 'subsample': 0.6949451083584628, 'colsample_bytree': 0.6920290175091943}. Best is trial 14 with value: 1.0.
[I 2025-05-04 17:35:20,161] A new study created in memory with name: rf
Parámetros guardados en checkpoint_shoppers_Dlatent_Roriginal_ft/lc/best_models_lc_seed_1/xgb_best_params.json


>>> Optuna tuning rf


[I 2025-05-04 17:35:21,588] Trial 0 finished with value: 0.95 and parameters: {'n_estimators': 267, 'max_depth': 15, 'min_samples_split': 2, 'min_samples_leaf': 4}. Best is trial 0 with value: 0.95.
[I 2025-05-04 17:35:21,894] Trial 1 finished with value: 0.95 and parameters: {'n_estimators': 158, 'max_depth': 4, 'min_samples_split': 3, 'min_samples_leaf': 4}. Best is trial 0 with value: 0.95.
[I 2025-05-04 17:35:22,226] Trial 2 finished with value: 0.55 and parameters: {'n_estimators': 259, 'max_depth': 12, 'min_samples_split': 5, 'min_samples_leaf': 7}. Best is trial 0 with value: 0.95.
[I 2025-05-04 17:35:22,515] Trial 3 finished with value: 0.6 and parameters: {'n_estimators': 181, 'max_depth': 18, 'min_samples_split': 2, 'min_samples_leaf': 7}. Best is trial 0 with value: 0.95.
[I 2025-05-04 17:35:22,884] Trial 4 finished with value: 0.95 and parameters: {'n_estimators': 267, 'max_depth': 13, 'min_samples_split': 3, 'min_samples_leaf': 2}. Best is trial 0 with value: 0.95.
[I 2025-05-04 17:35:23,367] Trial 5 finished with value: 0.5 and parameters: {'n_estimators': 421, 'max_depth': 20, 'min_samples_split': 4, 'min_samples_leaf': 7}. Best is trial 0 with value: 0.95.
[I 2025-05-04 17:35:23,889] Trial 6 finished with value: 0.95 and parameters: {'n_estimators': 451, 'max_depth': 19, 'min_samples_split': 2, 'min_samples_leaf': 1}. Best is trial 0 with value: 0.95.
[I 2025-05-04 17:35:24,179] Trial 7 finished with value: 0.9 and parameters: {'n_estimators': 168, 'max_depth': 18, 'min_samples_split': 2, 'min_samples_leaf': 5}. Best is trial 0 with value: 0.95.
[I 2025-05-04 17:35:24,740] Trial 8 finished with value: 0.95 and parameters: {'n_estimators': 484, 'max_depth': 12, 'min_samples_split': 8, 'min_samples_leaf': 4}. Best is trial 0 with value: 0.95.
[I 2025-05-04 17:35:25,200] Trial 9 finished with value: 0.5 and parameters: {'n_estimators': 375, 'max_depth': 18, 'min_samples_split': 2, 'min_samples_leaf': 8}. Best is trial 0 with value: 0.95.
[I 2025-05-04 17:35:25,594] Trial 10 finished with value: 0.5 and parameters: {'n_estimators': 336, 'max_depth': 6, 'min_samples_split': 10, 'min_samples_leaf': 10}. Best is trial 0 with value: 0.95.
[I 2025-05-04 17:35:26,405] Trial 11 finished with value: 0.9 and parameters: {'n_estimators': 106, 'max_depth': 5, 'min_samples_split': 6, 'min_samples_leaf': 3}. Best is trial 0 with value: 0.95.
[I 2025-05-04 17:35:27,345] Trial 12 finished with value: 0.85 and parameters: {'n_estimators': 229, 'max_depth': 8, 'min_samples_split': 4, 'min_samples_leaf': 4}. Best is trial 0 with value: 0.95.
[I 2025-05-04 17:35:27,550] Trial 13 finished with value: 0.9 and parameters: {'n_estimators': 134, 'max_depth': 3, 'min_samples_split': 6, 'min_samples_leaf': 5}. Best is trial 0 with value: 0.95.
[I 2025-05-04 17:35:28,492] Trial 14 finished with value: 0.9 and parameters: {'n_estimators': 209, 'max_depth': 15, 'min_samples_split': 4, 'min_samples_leaf': 3}. Best is trial 0 with value: 0.95.
[I 2025-05-04 17:35:28,836] Trial 15 finished with value: 0.95 and parameters: {'n_estimators': 312, 'max_depth': 9, 'min_samples_split': 7, 'min_samples_leaf': 1}. Best is trial 0 with value: 0.95.
[I 2025-05-04 17:35:29,252] Trial 16 finished with value: 0.85 and parameters: {'n_estimators': 352, 'max_depth': 15, 'min_samples_split': 3, 'min_samples_leaf': 6}. Best is trial 0 with value: 0.95.
[I 2025-05-04 17:35:29,588] Trial 17 finished with value: 0.95 and parameters: {'n_estimators': 266, 'max_depth': 15, 'min_samples_split': 3, 'min_samples_leaf': 3}. Best is trial 0 with value: 0.95.
[I 2025-05-04 17:35:29,812] Trial 18 finished with value: 1.0 and parameters: {'n_estimators': 152, 'max_depth': 9, 'min_samples_split': 5, 'min_samples_leaf': 4}. Best is trial 18 with value: 1.0.
[I 2025-05-04 17:35:30,074] Trial 19 finished with value: 0.5 and parameters: {'n_estimators': 221, 'max_depth': 9, 'min_samples_split': 9, 'min_samples_leaf': 9}. Best is trial 18 with value: 1.0.
[I 2025-05-04 17:35:30,490] Trial 20 finished with value: 0.9 and parameters: {'n_estimators': 390, 'max_depth': 10, 'min_samples_split': 5, 'min_samples_leaf': 6}. Best is trial 18 with value: 1.0.
[I 2025-05-04 17:35:30,687] Trial 21 finished with value: 0.9 and parameters: {'n_estimators': 151, 'max_depth': 3, 'min_samples_split': 5, 'min_samples_leaf': 4}. Best is trial 18 with value: 1.0.
[I 2025-05-04 17:35:30,833] Trial 22 finished with value: 0.95 and parameters: {'n_estimators': 103, 'max_depth': 6, 'min_samples_split': 3, 'min_samples_leaf': 2}. Best is trial 18 with value: 1.0.
[I 2025-05-04 17:35:31,057] Trial 23 finished with value: 1.0 and parameters: {'n_estimators': 186, 'max_depth': 14, 'min_samples_split': 4, 'min_samples_leaf': 5}. Best is trial 18 with value: 1.0.
[I 2025-05-04 17:35:31,330] Trial 24 finished with value: 0.9 and parameters: {'n_estimators': 209, 'max_depth': 16, 'min_samples_split': 6, 'min_samples_leaf': 5}. Best is trial 18 with value: 1.0.
[I 2025-05-04 17:35:31,588] Trial 25 finished with value: 0.85 and parameters: {'n_estimators': 182, 'max_depth': 13, 'min_samples_split': 4, 'min_samples_leaf': 6}. Best is trial 18 with value: 1.0.
[I 2025-05-04 17:35:31,945] Trial 26 finished with value: 0.95 and parameters: {'n_estimators': 292, 'max_depth': 11, 'min_samples_split': 7, 'min_samples_leaf': 5}. Best is trial 18 with value: 1.0.
[I 2025-05-04 17:35:32,222] Trial 27 finished with value: 0.95 and parameters: {'n_estimators': 245, 'max_depth': 16, 'min_samples_split': 5, 'min_samples_leaf': 2}. Best is trial 18 with value: 1.0.
[I 2025-05-04 17:35:32,469] Trial 28 finished with value: 0.95 and parameters: {'n_estimators': 197, 'max_depth': 13, 'min_samples_split': 4, 'min_samples_leaf': 3}. Best is trial 18 with value: 1.0.
[I 2025-05-04 17:35:32,653] Trial 29 finished with value: 0.95 and parameters: {'n_estimators': 127, 'max_depth': 8, 'min_samples_split': 7, 'min_samples_leaf': 4}. Best is trial 18 with value: 1.0.
[I 2025-05-04 17:35:34,785] A new study created in memory with name: svc
[I 2025-05-04 17:35:34,799] Trial 0 finished with value: 0.95 and parameters: {'C': 0.4656804637919569, 'gamma': 0.07608481233714794}. Best is trial 0 with value: 0.95.
[I 2025-05-04 17:35:34,814] Trial 1 finished with value: 0.75 and parameters: {'C': 0.010010539860510492, 'gamma': 0.0016193110912440748}. Best is trial 0 with value: 0.95.
[I 2025-05-04 17:35:34,829] Trial 2 finished with value: 0.75 and parameters: {'C': 0.03863879405158731, 'gamma': 0.00023407464805767542}. Best is trial 0 with value: 0.95.
Parámetros guardados en checkpoint_shoppers_Dlatent_Roriginal_ft/lc/best_models_lc_seed_1/rf_best_params.json


>>> Optuna tuning svc


[I 2025-05-04 17:35:37,809] Trial 3 finished with value: 0.75 and parameters: {'C': 0.0555956542671257, 'gamma': 0.002411253706147574}. Best is trial 0 with value: 0.95.
[I 2025-05-04 17:35:38,116] Trial 4 finished with value: 0.75 and parameters: {'C': 0.3864291653552654, 'gamma': 0.014297724879798395}. Best is trial 0 with value: 0.95.
[I 2025-05-04 17:35:38,132] Trial 5 finished with value: 0.9 and parameters: {'C': 0.47509237210306143, 'gamma': 0.05506529897945987}. Best is trial 0 with value: 0.95.
[I 2025-05-04 17:35:38,162] Trial 6 finished with value: 0.65 and parameters: {'C': 0.06573686655138336, 'gamma': 0.3254391115088485}. Best is trial 0 with value: 0.95.
[I 2025-05-04 17:35:38,177] Trial 7 finished with value: 0.95 and parameters: {'C': 0.01286916510781503, 'gamma': 0.04806954824961596}. Best is trial 0 with value: 0.95.
[I 2025-05-04 17:35:38,190] Trial 8 finished with value: 0.75 and parameters: {'C': 0.4668949853708895, 'gamma': 0.017169565852473867}. Best is trial 0 with value: 0.95.
[I 2025-05-04 17:35:38,204] Trial 9 finished with value: 0.75 and parameters: {'C': 0.03643743139281253, 'gamma': 0.0006200203677164723}. Best is trial 0 with value: 0.95.
[I 2025-05-04 17:35:38,227] Trial 10 finished with value: 0.6 and parameters: {'C': 35.745293136206676, 'gamma': 0.7480863519855016}. Best is trial 0 with value: 0.95.
[I 2025-05-04 17:35:38,248] Trial 11 finished with value: 0.95 and parameters: {'C': 7.014610711016963, 'gamma': 0.10018295090091846}. Best is trial 0 with value: 0.95.
[I 2025-05-04 17:35:38,269] Trial 12 finished with value: 0.95 and parameters: {'C': 3.9039910158819824, 'gamma': 0.090970033275419}. Best is trial 0 with value: 0.95.
[I 2025-05-04 17:35:38,290] Trial 13 finished with value: 1.0 and parameters: {'C': 4.498091387381754, 'gamma': 0.03357307542331511}. Best is trial 13 with value: 1.0.
[I 2025-05-04 17:35:38,314] Trial 14 finished with value: 0.9 and parameters: {'C': 2.548489807617175, 'gamma': 0.0035972013477364936}. Best is trial 13 with value: 1.0.
[I 2025-05-04 17:35:38,941] Trial 15 finished with value: 0.8 and parameters: {'C': 20.422152825094372, 'gamma': 0.26091260433687935}. Best is trial 13 with value: 1.0.
[I 2025-05-04 17:35:39,614] Trial 16 finished with value: 0.95 and parameters: {'C': 1.3976053701719402, 'gamma': 0.008169888156115386}. Best is trial 13 with value: 1.0.
[I 2025-05-04 17:35:39,641] Trial 17 finished with value: 1.0 and parameters: {'C': 12.76679633738965, 'gamma': 0.02663405105602485}. Best is trial 13 with value: 1.0.
[I 2025-05-04 17:35:39,662] Trial 18 finished with value: 1.0 and parameters: {'C': 11.182242678695289, 'gamma': 0.02427958670983959}. Best is trial 13 with value: 1.0.
[I 2025-05-04 17:35:40,300] Trial 19 finished with value: 0.95 and parameters: {'C': 95.17072487881215, 'gamma': 0.008376426756539304}. Best is trial 13 with value: 1.0.
[I 2025-05-04 17:35:40,325] Trial 20 finished with value: 0.9 and parameters: {'C': 58.06077602620223, 'gamma': 0.20377887070778813}. Best is trial 13 with value: 1.0.
[I 2025-05-04 17:35:40,348] Trial 21 finished with value: 1.0 and parameters: {'C': 12.35088042699823, 'gamma': 0.02873735488822925}. Best is trial 13 with value: 1.0.
[I 2025-05-04 17:35:40,370] Trial 22 finished with value: 0.95 and parameters: {'C': 14.833813759459114, 'gamma': 0.005102210005483848}. Best is trial 13 with value: 1.0.
[I 2025-05-04 17:35:40,391] Trial 23 finished with value: 1.0 and parameters: {'C': 7.004642220796605, 'gamma': 0.023462835069893107}. Best is trial 13 with value: 1.0.
[I 2025-05-04 17:35:41,021] Trial 24 finished with value: 0.95 and parameters: {'C': 2.0791350039569516, 'gamma': 0.03565801897350079}. Best is trial 13 with value: 1.0.
[I 2025-05-04 17:35:41,045] Trial 25 finished with value: 0.95 and parameters: {'C': 4.533808747177768, 'gamma': 0.15362678263370372}. Best is trial 13 with value: 1.0.
[I 2025-05-04 17:35:41,075] Trial 26 finished with value: 0.95 and parameters: {'C': 19.911594136914193, 'gamma': 0.0009487741656118067}. Best is trial 13 with value: 1.0.
[I 2025-05-04 17:35:41,712] Trial 27 finished with value: 0.95 and parameters: {'C': 35.1435875864655, 'gamma': 0.01021398928541625}. Best is trial 13 with value: 1.0.
[I 2025-05-04 17:35:41,737] Trial 28 finished with value: 0.7 and parameters: {'C': 7.814454233832587, 'gamma': 0.5694390537221046}. Best is trial 13 with value: 1.0.
[I 2025-05-04 17:35:41,759] Trial 29 finished with value: 0.75 and parameters: {'C': 0.8144356453100454, 'gamma': 0.004835044135278855}. Best is trial 13 with value: 1.0.
/data/home/rtabares/anaconda3/envs/pyth3.12/lib/python3.12/site-packages/xgboost/core.py:377: FutureWarning: Your system has an old version of glibc (< 2.28). We will stop supporting Linux distros with glibc older than 2.28 after **May 31, 2025**. Please upgrade to a recent Linux distro (with glibc >= 2.28) to use future versions of XGBoost.
Note: You have installed the 'manylinux2014' variant of XGBoost. Certain features such as GPU algorithms or federated learning are not available. To use these features, please upgrade to a recent Linux distro with glibc 2.28+, and install the 'manylinux_2_28' variant.
  warnings.warn(
[I 2025-05-04 17:35:44,149] A new study created in memory with name: logreg
Parámetros guardados en checkpoint_shoppers_Dlatent_Roriginal_ft/lc/best_models_lc_seed_1/svc_best_params.json


>>> Optuna tuning logreg


[I 2025-05-04 17:35:46,460] Trial 0 finished with value: 0.95 and parameters: {'C': 0.12164941464151847, 'penalty': 'l2'}. Best is trial 0 with value: 0.95.
[I 2025-05-04 17:35:46,701] Trial 1 finished with value: 0.9 and parameters: {'C': 3.9959722831350617, 'penalty': 'l2'}. Best is trial 0 with value: 0.95.
[I 2025-05-04 17:35:46,729] Trial 2 finished with value: 0.8 and parameters: {'C': 0.0010013176560941261, 'penalty': 'l2'}. Best is trial 0 with value: 0.95.
[I 2025-05-04 17:35:46,754] Trial 3 finished with value: 0.9 and parameters: {'C': 0.0324835034508668, 'penalty': 'l2'}. Best is trial 0 with value: 0.95.
[I 2025-05-04 17:35:46,779] Trial 4 finished with value: 0.8 and parameters: {'C': 0.005417257182767969, 'penalty': 'l2'}. Best is trial 0 with value: 0.95.
[I 2025-05-04 17:35:46,804] Trial 5 finished with value: 0.8 and parameters: {'C': 0.0028952960233492846, 'penalty': 'l2'}. Best is trial 0 with value: 0.95.
[I 2025-05-04 17:35:46,829] Trial 6 finished with value: 0.85 and parameters: {'C': 0.008536916958038761, 'penalty': 'l2'}. Best is trial 0 with value: 0.95.
[I 2025-05-04 17:35:46,854] Trial 7 finished with value: 0.95 and parameters: {'C': 0.053432271255941216, 'penalty': 'l2'}. Best is trial 0 with value: 0.95.
[I 2025-05-04 17:35:46,869] Trial 8 finished with value: 0.95 and parameters: {'C': 0.09634681692624379, 'penalty': 'l2'}. Best is trial 0 with value: 0.95.
[I 2025-05-04 17:35:46,882] Trial 9 finished with value: 0.9 and parameters: {'C': 0.4944059287398678, 'penalty': 'l2'}. Best is trial 0 with value: 0.95.
[I 2025-05-04 17:35:46,914] Trial 10 finished with value: 0.9 and parameters: {'C': 67.90603441874381, 'penalty': 'l2'}. Best is trial 0 with value: 0.95.
[I 2025-05-04 17:35:47,538] Trial 11 finished with value: 0.9 and parameters: {'C': 0.721648024775669, 'penalty': 'l2'}. Best is trial 0 with value: 0.95.
[I 2025-05-04 17:35:48,175] Trial 12 finished with value: 0.95 and parameters: {'C': 0.09136324253250903, 'penalty': 'l2'}. Best is trial 0 with value: 0.95.
[I 2025-05-04 17:35:48,193] Trial 13 finished with value: 0.9 and parameters: {'C': 4.881127018812665, 'penalty': 'l2'}. Best is trial 0 with value: 0.95.
[I 2025-05-04 17:35:48,210] Trial 14 finished with value: 0.9 and parameters: {'C': 0.029123974928259078, 'penalty': 'l2'}. Best is trial 0 with value: 0.95.
[I 2025-05-04 17:35:48,238] Trial 15 finished with value: 0.9 and parameters: {'C': 1.719792285443182, 'penalty': 'l2'}. Best is trial 0 with value: 0.95.
[I 2025-05-04 17:35:48,903] Trial 16 finished with value: 0.95 and parameters: {'C': 0.15908906503229506, 'penalty': 'l2'}. Best is trial 0 with value: 0.95.
[I 2025-05-04 17:35:48,934] Trial 17 finished with value: 0.9 and parameters: {'C': 0.03446683449511409, 'penalty': 'l2'}. Best is trial 0 with value: 0.95.
[I 2025-05-04 17:35:49,561] Trial 18 finished with value: 0.9 and parameters: {'C': 0.2836047478264952, 'penalty': 'l2'}. Best is trial 0 with value: 0.95.
[I 2025-05-04 17:35:49,581] Trial 19 finished with value: 0.9 and parameters: {'C': 26.48319074426571, 'penalty': 'l2'}. Best is trial 0 with value: 0.95.
[I 2025-05-04 17:35:49,603] Trial 20 finished with value: 0.85 and parameters: {'C': 0.012221499133136426, 'penalty': 'l2'}. Best is trial 0 with value: 0.95.
[I 2025-05-04 17:35:50,240] Trial 21 finished with value: 0.95 and parameters: {'C': 0.0669487343330339, 'penalty': 'l2'}. Best is trial 0 with value: 0.95.
[I 2025-05-04 17:35:50,271] Trial 22 finished with value: 0.95 and parameters: {'C': 0.16506044333691924, 'penalty': 'l2'}. Best is trial 0 with value: 0.95.
[I 2025-05-04 17:35:50,302] Trial 23 finished with value: 0.9 and parameters: {'C': 0.7043209344028318, 'penalty': 'l2'}. Best is trial 0 with value: 0.95.
[I 2025-05-04 17:35:50,333] Trial 24 finished with value: 0.9 and parameters: {'C': 0.019559379327647165, 'penalty': 'l2'}. Best is trial 0 with value: 0.95.
[I 2025-05-04 17:35:50,362] Trial 25 finished with value: 0.95 and parameters: {'C': 0.09799246746221048, 'penalty': 'l2'}. Best is trial 0 with value: 0.95.
[I 2025-05-04 17:35:50,380] Trial 26 finished with value: 0.9 and parameters: {'C': 1.412217520077439, 'penalty': 'l2'}. Best is trial 0 with value: 0.95.
[I 2025-05-04 17:35:50,397] Trial 27 finished with value: 0.9 and parameters: {'C': 0.2963600872680139, 'penalty': 'l2'}. Best is trial 0 with value: 0.95.
[I 2025-05-04 17:35:50,418] Trial 28 finished with value: 0.95 and parameters: {'C': 0.055382375092704904, 'penalty': 'l2'}. Best is trial 0 with value: 0.95.
[I 2025-05-04 17:35:50,450] Trial 29 finished with value: 0.9 and parameters: {'C': 2.159351446784678, 'penalty': 'l2'}. Best is trial 0 with value: 0.95.
/data/home/rtabares/anaconda3/envs/pyth3.12/lib/python3.12/site-packages/xgboost/core.py:377: FutureWarning: Your system has an old version of glibc (< 2.28). We will stop supporting Linux distros with glibc older than 2.28 after **May 31, 2025**. Please upgrade to a recent Linux distro (with glibc >= 2.28) to use future versions of XGBoost.
Note: You have installed the 'manylinux2014' variant of XGBoost. Certain features such as GPU algorithms or federated learning are not available. To use these features, please upgrade to a recent Linux distro with glibc 2.28+, and install the 'manylinux_2_28' variant.
  warnings.warn(
[I 2025-05-04 17:35:54,598] A new study created in memory with name: mlp
Parámetros guardados en checkpoint_shoppers_Dlatent_Roriginal_ft/lc/best_models_lc_seed_1/logreg_best_params.json


>>> Optuna tuning mlp


/data/home/rtabares/anaconda3/envs/pyth3.12/lib/python3.12/site-packages/sklearn/neural_network/_multilayer_perceptron.py:691: ConvergenceWarning: Stochastic Optimizer: Maximum iterations (50) reached and the optimization hasn't converged yet.
  warnings.warn(
/data/home/rtabares/anaconda3/envs/pyth3.12/lib/python3.12/site-packages/sklearn/neural_network/_multilayer_perceptron.py:691: ConvergenceWarning: Stochastic Optimizer: Maximum iterations (50) reached and the optimization hasn't converged yet.
  warnings.warn(
/data/home/rtabares/anaconda3/envs/pyth3.12/lib/python3.12/site-packages/sklearn/neural_network/_multilayer_perceptron.py:691: ConvergenceWarning: Stochastic Optimizer: Maximum iterations (50) reached and the optimization hasn't converged yet.
  warnings.warn(
/data/home/rtabares/anaconda3/envs/pyth3.12/lib/python3.12/site-packages/sklearn/neural_network/_multilayer_perceptron.py:691: ConvergenceWarning: Stochastic Optimizer: Maximum iterations (50) reached and the optimization hasn't converged yet.
  warnings.warn(
/data/home/rtabares/anaconda3/envs/pyth3.12/lib/python3.12/site-packages/sklearn/neural_network/_multilayer_perceptron.py:691: ConvergenceWarning: Stochastic Optimizer: Maximum iterations (50) reached and the optimization hasn't converged yet.
  warnings.warn(
[I 2025-05-04 17:35:55,259] Trial 0 finished with value: 0.9 and parameters: {'hidden_layer_sizes': (200,), 'max_iter': 50, 'alpha': 0.001}. Best is trial 0 with value: 0.9.
[I 2025-05-04 17:35:55,327] Trial 1 finished with value: 0.95 and parameters: {'hidden_layer_sizes': (100, 100), 'max_iter': 100, 'alpha': 0.001}. Best is trial 1 with value: 0.95.
/data/home/rtabares/anaconda3/envs/pyth3.12/lib/python3.12/site-packages/sklearn/neural_network/_multilayer_perceptron.py:691: ConvergenceWarning: Stochastic Optimizer: Maximum iterations (50) reached and the optimization hasn't converged yet.
  warnings.warn(
/data/home/rtabares/anaconda3/envs/pyth3.12/lib/python3.12/site-packages/sklearn/neural_network/_multilayer_perceptron.py:691: ConvergenceWarning: Stochastic Optimizer: Maximum iterations (50) reached and the optimization hasn't converged yet.
  warnings.warn(
/data/home/rtabares/anaconda3/envs/pyth3.12/lib/python3.12/site-packages/sklearn/neural_network/_multilayer_perceptron.py:691: ConvergenceWarning: Stochastic Optimizer: Maximum iterations (50) reached and the optimization hasn't converged yet.
  warnings.warn(
/data/home/rtabares/anaconda3/envs/pyth3.12/lib/python3.12/site-packages/sklearn/neural_network/_multilayer_perceptron.py:691: ConvergenceWarning: Stochastic Optimizer: Maximum iterations (50) reached and the optimization hasn't converged yet.
  warnings.warn(
/data/home/rtabares/anaconda3/envs/pyth3.12/lib/python3.12/site-packages/sklearn/neural_network/_multilayer_perceptron.py:691: ConvergenceWarning: Stochastic Optimizer: Maximum iterations (50) reached and the optimization hasn't converged yet.
  warnings.warn(
