[I 2025-05-04 17:30:48,351] Trial 9 finished with value: 0.9 and parameters: {'n_estimators': 100, 'max_depth': 5, 'gamma': 0.18454645968259753, 'subsample': 0.7879732477780896, 'colsample_bytree': 0.964648098788107}. Best is trial 0 with value: 0.9.
/data/home/rtabares/anaconda3/envs/pyth3.12/lib/python3.12/site-packages/xgboost/core.py:377: FutureWarning: Your system has an old version of glibc (< 2.28). We will stop supporting Linux distros with glibc older than 2.28 after **May 31, 2025**. Please upgrade to a recent Linux distro (with glibc >= 2.28) to use future versions of XGBoost.
Note: You have installed the 'manylinux2014' variant of XGBoost. Certain features such as GPU algorithms or federated learning are not available. To use these features, please upgrade to a recent Linux distro with glibc 2.28+, and install the 'manylinux_2_28' variant.
  warnings.warn(
/data/home/rtabares/anaconda3/envs/pyth3.12/lib/python3.12/site-packages/xgboost/core.py:377: FutureWarning: Your system has an old version of glibc (< 2.28). We will stop supporting Linux distros with glibc older than 2.28 after **May 31, 2025**. Please upgrade to a recent Linux distro (with glibc >= 2.28) to use future versions of XGBoost.
Note: You have installed the 'manylinux2014' variant of XGBoost. Certain features such as GPU algorithms or federated learning are not available. To use these features, please upgrade to a recent Linux distro with glibc 2.28+, and install the 'manylinux_2_28' variant.
  warnings.warn(
[I 2025-05-04 17:30:48,410] Trial 10 finished with value: 0.9 and parameters: {'n_estimators': 40, 'max_depth': 30, 'gamma': 0.9575004347741041, 'subsample': 0.885121551149726, 'colsample_bytree': 0.9843104940964552}. Best is trial 0 with value: 0.9.
[I 2025-05-04 17:30:48,455] Trial 11 finished with value: 0.95 and parameters: {'n_estimators': 40, 'max_depth': 20, 'gamma': 0.39841302995261285, 'subsample': 0.6711866383526395, 'colsample_bytree': 0.9195376181327497}. Best is trial 11 with value: 0.95.
/data/home/rtabares/anaconda3/envs/pyth3.12/lib/python3.12/site-packages/xgboost/core.py:377: FutureWarning: Your system has an old version of glibc (< 2.28). We will stop supporting Linux distros with glibc older than 2.28 after **May 31, 2025**. Please upgrade to a recent Linux distro (with glibc >= 2.28) to use future versions of XGBoost.
Note: You have installed the 'manylinux2014' variant of XGBoost. Certain features such as GPU algorithms or federated learning are not available. To use these features, please upgrade to a recent Linux distro with glibc 2.28+, and install the 'manylinux_2_28' variant.
  warnings.warn(
[I 2025-05-04 17:30:49,091] Trial 12 finished with value: 0.95 and parameters: {'n_estimators': 40, 'max_depth': 30, 'gamma': 0.43023487023622753, 'subsample': 0.6644342934213863, 'colsample_bytree': 0.8993242784691231}. Best is trial 11 with value: 0.95.
/data/home/rtabares/anaconda3/envs/pyth3.12/lib/python3.12/site-packages/xgboost/core.py:377: FutureWarning: Your system has an old version of glibc (< 2.28). We will stop supporting Linux distros with glibc older than 2.28 after **May 31, 2025**. Please upgrade to a recent Linux distro (with glibc >= 2.28) to use future versions of XGBoost.
Note: You have installed the 'manylinux2014' variant of XGBoost. Certain features such as GPU algorithms or federated learning are not available. To use these features, please upgrade to a recent Linux distro with glibc 2.28+, and install the 'manylinux_2_28' variant.
  warnings.warn(
[I 2025-05-04 17:30:49,719] Trial 13 finished with value: 0.95 and parameters: {'n_estimators': 40, 'max_depth': 20, 'gamma': 0.3747046629941249, 'subsample': 0.6671640396839424, 'colsample_bytree': 0.883532846311411}. Best is trial 11 with value: 0.95.
/data/home/rtabares/anaconda3/envs/pyth3.12/lib/python3.12/site-packages/xgboost/core.py:377: FutureWarning: Your system has an old version of glibc (< 2.28). We will stop supporting Linux distros with glibc older than 2.28 after **May 31, 2025**. Please upgrade to a recent Linux distro (with glibc >= 2.28) to use future versions of XGBoost.
Note: You have installed the 'manylinux2014' variant of XGBoost. Certain features such as GPU algorithms or federated learning are not available. To use these features, please upgrade to a recent Linux distro with glibc 2.28+, and install the 'manylinux_2_28' variant.
  warnings.warn(
[I 2025-05-04 17:30:50,356] Trial 14 finished with value: 0.95 and parameters: {'n_estimators': 40, 'max_depth': 30, 'gamma': 0.6771832065911616, 'subsample': 0.685743476023526, 'colsample_bytree': 0.9002026161882418}. Best is trial 11 with value: 0.95.
/data/home/rtabares/anaconda3/envs/pyth3.12/lib/python3.12/site-packages/xgboost/core.py:377: FutureWarning: Your system has an old version of glibc (< 2.28). We will stop supporting Linux distros with glibc older than 2.28 after **May 31, 2025**. Please upgrade to a recent Linux distro (with glibc >= 2.28) to use future versions of XGBoost.
Note: You have installed the 'manylinux2014' variant of XGBoost. Certain features such as GPU algorithms or federated learning are not available. To use these features, please upgrade to a recent Linux distro with glibc 2.28+, and install the 'manylinux_2_28' variant.
  warnings.warn(
[I 2025-05-04 17:30:50,991] Trial 15 finished with value: 0.95 and parameters: {'n_estimators': 40, 'max_depth': 20, 'gamma': 0.37281973652996114, 'subsample': 0.6623892154235589, 'colsample_bytree': 0.7433216751230418}. Best is trial 11 with value: 0.95.
[I 2025-05-04 17:30:51,032] Trial 16 finished with value: 0.9 and parameters: {'n_estimators': 40, 'max_depth': 30, 'gamma': 0.7857291669543466, 'subsample': 0.7222094981030702, 'colsample_bytree': 0.6443328186929916}. Best is trial 11 with value: 0.95.
/data/home/rtabares/anaconda3/envs/pyth3.12/lib/python3.12/site-packages/xgboost/core.py:377: FutureWarning: Your system has an old version of glibc (< 2.28). We will stop supporting Linux distros with glibc older than 2.28 after **May 31, 2025**. Please upgrade to a recent Linux distro (with glibc >= 2.28) to use future versions of XGBoost.
Note: You have installed the 'manylinux2014' variant of XGBoost. Certain features such as GPU algorithms or federated learning are not available. To use these features, please upgrade to a recent Linux distro with glibc 2.28+, and install the 'manylinux_2_28' variant.
  warnings.warn(
[I 2025-05-04 17:30:51,673] Trial 17 finished with value: 0.95 and parameters: {'n_estimators': 40, 'max_depth': 20, 'gamma': 0.31641515113328955, 'subsample': 0.6103130294955186, 'colsample_bytree': 0.9255334190854668}. Best is trial 11 with value: 0.95.
[I 2025-05-04 17:30:51,711] Trial 18 finished with value: 0.85 and parameters: {'n_estimators': 40, 'max_depth': 30, 'gamma': 0.5030162908131991, 'subsample': 0.6128348862078603, 'colsample_bytree': 0.7904387554625039}. Best is trial 11 with value: 0.95.
[I 2025-05-04 17:30:51,750] Trial 19 finished with value: 0.9 and parameters: {'n_estimators': 40, 'max_depth': 5, 'gamma': 0.44266797829022236, 'subsample': 0.7508485942510277, 'colsample_bytree': 0.860202678202766}. Best is trial 11 with value: 0.95.
[I 2025-05-04 17:30:51,789] Trial 20 finished with value: 0.85 and parameters: {'n_estimators': 10, 'max_depth': 30, 'gamma': 0.5962734250866889, 'subsample': 0.6093917121043195, 'colsample_bytree': 0.7065249259028923}. Best is trial 11 with value: 0.95.
[I 2025-05-04 17:30:51,830] Trial 21 finished with value: 0.95 and parameters: {'n_estimators': 40, 'max_depth': 20, 'gamma': 0.3119503016412285, 'subsample': 0.6724101617447709, 'colsample_bytree': 0.8962239622813927}. Best is trial 11 with value: 0.95.
[I 2025-05-04 17:30:51,871] Trial 22 finished with value: 0.95 and parameters: {'n_estimators': 40, 'max_depth': 20, 'gamma': 0.39992777914695476, 'subsample': 0.735037175684574, 'colsample_bytree': 0.9419735531564326}. Best is trial 11 with value: 0.95.
[I 2025-05-04 17:30:51,911] Trial 23 finished with value: 0.9 and parameters: {'n_estimators': 40, 'max_depth': 20, 'gamma': 0.10902934675887604, 'subsample': 0.6462373445797576, 'colsample_bytree': 0.8692649801960107}. Best is trial 11 with value: 0.95.
[I 2025-05-04 17:30:51,949] Trial 24 finished with value: 0.95 and parameters: {'n_estimators': 40, 'max_depth': 20, 'gamma': 0.2899329043124116, 'subsample': 0.7070318095058494, 'colsample_bytree': 0.7817636067979222}. Best is trial 11 with value: 0.95.
[I 2025-05-04 17:30:51,988] Trial 25 finished with value: 0.9 and parameters: {'n_estimators': 40, 'max_depth': 20, 'gamma': 0.42933628125494044, 'subsample': 0.7786999709612775, 'colsample_bytree': 0.8751931915881584}. Best is trial 11 with value: 0.95.
[I 2025-05-04 17:30:52,029] Trial 26 finished with value: 0.9 and parameters: {'n_estimators': 40, 'max_depth': 20, 'gamma': 0.5467134376309638, 'subsample': 0.6348256453451262, 'colsample_bytree': 0.9527050968203756}. Best is trial 11 with value: 0.95.
[I 2025-05-04 17:30:52,068] Trial 27 finished with value: 0.9 and parameters: {'n_estimators': 40, 'max_depth': 20, 'gamma': 0.33273360335787894, 'subsample': 0.8583654229216492, 'colsample_bytree': 0.9988313937872701}. Best is trial 11 with value: 0.95.
[I 2025-05-04 17:30:52,114] Trial 28 finished with value: 0.85 and parameters: {'n_estimators': 10, 'max_depth': 5, 'gamma': 0.2537465315855182, 'subsample': 0.5843352365320437, 'colsample_bytree': 0.8538078962966439}. Best is trial 11 with value: 0.95.
[I 2025-05-04 17:30:52,153] Trial 29 finished with value: 0.9 and parameters: {'n_estimators': 40, 'max_depth': 30, 'gamma': 0.4545690549880541, 'subsample': 0.6933594393548288, 'colsample_bytree': 0.5091404607295773}. Best is trial 11 with value: 0.95.
[I 2025-05-04 17:30:54,620] A new study created in memory with name: rf
Parámetros guardados en checkpoint_shoppers_Dlatent_Roriginal/k-means/best_models_k-means_seed_0/xgb_best_params.json


>>> Optuna tuning rf


[I 2025-05-04 17:30:57,127] Trial 0 finished with value: 0.95 and parameters: {'n_estimators': 320, 'max_depth': 15, 'min_samples_split': 7, 'min_samples_leaf': 6}. Best is trial 0 with value: 0.95.
[I 2025-05-04 17:30:57,765] Trial 1 finished with value: 0.5 and parameters: {'n_estimators': 269, 'max_depth': 14, 'min_samples_split': 5, 'min_samples_leaf': 9}. Best is trial 0 with value: 0.95.
[I 2025-05-04 17:30:58,316] Trial 2 finished with value: 0.95 and parameters: {'n_estimators': 486, 'max_depth': 9, 'min_samples_split': 9, 'min_samples_leaf': 6}. Best is trial 0 with value: 0.95.
[I 2025-05-04 17:30:58,776] Trial 3 finished with value: 0.95 and parameters: {'n_estimators': 327, 'max_depth': 19, 'min_samples_split': 2, 'min_samples_leaf': 1}. Best is trial 0 with value: 0.95.
[I 2025-05-04 17:30:58,961] Trial 4 finished with value: 0.5 and parameters: {'n_estimators': 108, 'max_depth': 17, 'min_samples_split': 9, 'min_samples_leaf': 9}. Best is trial 0 with value: 0.95.
[I 2025-05-04 17:30:59,489] Trial 5 finished with value: 0.5 and parameters: {'n_estimators': 492, 'max_depth': 17, 'min_samples_split': 6, 'min_samples_leaf': 8}. Best is trial 0 with value: 0.95.
[I 2025-05-04 17:30:59,708] Trial 6 finished with value: 0.5 and parameters: {'n_estimators': 147, 'max_depth': 14, 'min_samples_split': 3, 'min_samples_leaf': 10}. Best is trial 0 with value: 0.95.
[I 2025-05-04 17:31:00,111] Trial 7 finished with value: 0.5 and parameters: {'n_estimators': 309, 'max_depth': 10, 'min_samples_split': 4, 'min_samples_leaf': 8}. Best is trial 0 with value: 0.95.
[I 2025-05-04 17:31:00,434] Trial 8 finished with value: 0.6 and parameters: {'n_estimators': 282, 'max_depth': 13, 'min_samples_split': 2, 'min_samples_leaf': 7}. Best is trial 0 with value: 0.95.
[I 2025-05-04 17:31:00,854] Trial 9 finished with value: 0.6 and parameters: {'n_estimators': 345, 'max_depth': 14, 'min_samples_split': 10, 'min_samples_leaf': 7}. Best is trial 0 with value: 0.95.
[I 2025-05-04 17:31:01,342] Trial 10 finished with value: 0.95 and parameters: {'n_estimators': 407, 'max_depth': 5, 'min_samples_split': 7, 'min_samples_leaf': 3}. Best is trial 0 with value: 0.95.
[I 2025-05-04 17:31:02,515] Trial 11 finished with value: 0.95 and parameters: {'n_estimators': 480, 'max_depth': 9, 'min_samples_split': 8, 'min_samples_leaf': 5}. Best is trial 0 with value: 0.95.
[I 2025-05-04 17:31:03,386] Trial 12 finished with value: 0.95 and parameters: {'n_estimators': 206, 'max_depth': 6, 'min_samples_split': 8, 'min_samples_leaf': 5}. Best is trial 0 with value: 0.95.
[I 2025-05-04 17:31:04,504] Trial 13 finished with value: 0.95 and parameters: {'n_estimators': 420, 'max_depth': 8, 'min_samples_split': 10, 'min_samples_leaf': 4}. Best is trial 0 with value: 0.95.
[I 2025-05-04 17:31:04,970] Trial 14 finished with value: 0.95 and parameters: {'n_estimators': 400, 'max_depth': 3, 'min_samples_split': 7, 'min_samples_leaf': 6}. Best is trial 0 with value: 0.95.
[I 2025-05-04 17:31:05,235] Trial 15 finished with value: 0.95 and parameters: {'n_estimators': 218, 'max_depth': 11, 'min_samples_split': 8, 'min_samples_leaf': 3}. Best is trial 0 with value: 0.95.
[I 2025-05-04 17:31:05,632] Trial 16 finished with value: 0.95 and parameters: {'n_estimators': 364, 'max_depth': 17, 'min_samples_split': 6, 'min_samples_leaf': 6}. Best is trial 0 with value: 0.95.
[I 2025-05-04 17:31:06,119] Trial 17 finished with value: 0.95 and parameters: {'n_estimators': 451, 'max_depth': 7, 'min_samples_split': 9, 'min_samples_leaf': 4}. Best is trial 0 with value: 0.95.
[I 2025-05-04 17:31:06,394] Trial 18 finished with value: 0.95 and parameters: {'n_estimators': 234, 'max_depth': 12, 'min_samples_split': 7, 'min_samples_leaf': 1}. Best is trial 0 with value: 0.95.
[I 2025-05-04 17:31:06,800] Trial 19 finished with value: 0.55 and parameters: {'n_estimators': 376, 'max_depth': 20, 'min_samples_split': 5, 'min_samples_leaf': 7}. Best is trial 0 with value: 0.95.
[I 2025-05-04 17:31:07,277] Trial 20 finished with value: 0.95 and parameters: {'n_estimators': 448, 'max_depth': 16, 'min_samples_split': 9, 'min_samples_leaf': 4}. Best is trial 0 with value: 0.95.
[I 2025-05-04 17:31:07,683] Trial 21 finished with value: 0.95 and parameters: {'n_estimators': 333, 'max_depth': 20, 'min_samples_split': 2, 'min_samples_leaf': 1}. Best is trial 0 with value: 0.95.
[I 2025-05-04 17:31:08,030] Trial 22 finished with value: 0.95 and parameters: {'n_estimators': 308, 'max_depth': 18, 'min_samples_split': 4, 'min_samples_leaf': 3}. Best is trial 0 with value: 0.95.
[I 2025-05-04 17:31:08,380] Trial 23 finished with value: 0.95 and parameters: {'n_estimators': 254, 'max_depth': 19, 'min_samples_split': 6, 'min_samples_leaf': 2}. Best is trial 0 with value: 0.95.
[I 2025-05-04 17:31:08,646] Trial 24 finished with value: 0.95 and parameters: {'n_estimators': 180, 'max_depth': 15, 'min_samples_split': 5, 'min_samples_leaf': 6}. Best is trial 0 with value: 0.95.
[I 2025-05-04 17:31:09,023] Trial 25 finished with value: 0.95 and parameters: {'n_estimators': 325, 'max_depth': 12, 'min_samples_split': 8, 'min_samples_leaf': 5}. Best is trial 0 with value: 0.95.
[I 2025-05-04 17:31:09,454] Trial 26 finished with value: 0.95 and parameters: {'n_estimators': 375, 'max_depth': 10, 'min_samples_split': 3, 'min_samples_leaf': 2}. Best is trial 0 with value: 0.95.
[I 2025-05-04 17:31:09,950] Trial 27 finished with value: 0.5 and parameters: {'n_estimators': 453, 'max_depth': 16, 'min_samples_split': 10, 'min_samples_leaf': 8}. Best is trial 0 with value: 0.95.
[I 2025-05-04 17:31:10,290] Trial 28 finished with value: 0.95 and parameters: {'n_estimators': 288, 'max_depth': 19, 'min_samples_split': 7, 'min_samples_leaf': 6}. Best is trial 0 with value: 0.95.
[I 2025-05-04 17:31:10,598] Trial 29 finished with value: 0.55 and parameters: {'n_estimators': 255, 'max_depth': 14, 'min_samples_split': 5, 'min_samples_leaf': 7}. Best is trial 0 with value: 0.95.
[I 2025-05-04 17:31:13,137] A new study created in memory with name: svc
Parámetros guardados en checkpoint_shoppers_Dlatent_Roriginal/k-means/best_models_k-means_seed_0/rf_best_params.json


>>> Optuna tuning svc


[I 2025-05-04 17:31:15,886] Trial 0 finished with value: 0.8 and parameters: {'C': 1.5676677195506077, 'gamma': 0.07257005721594278}. Best is trial 0 with value: 0.8.
[I 2025-05-04 17:31:16,309] Trial 1 finished with value: 0.85 and parameters: {'C': 2.57663857461359, 'gamma': 0.01511933646764101}. Best is trial 1 with value: 0.85.
[I 2025-05-04 17:31:16,327] Trial 2 finished with value: 0.8 and parameters: {'C': 0.49501595537331966, 'gamma': 0.03833332156156663}. Best is trial 1 with value: 0.85.
[I 2025-05-04 17:31:16,340] Trial 3 finished with value: 0.65 and parameters: {'C': 0.5627932047415171, 'gamma': 0.36905577292137587}. Best is trial 1 with value: 0.85.
[I 2025-05-04 17:31:16,353] Trial 4 finished with value: 0.85 and parameters: {'C': 71.55682161754872, 'gamma': 0.0034179529120610124}. Best is trial 1 with value: 0.85.
[I 2025-05-04 17:31:16,366] Trial 5 finished with value: 0.85 and parameters: {'C': 14.68588598920087, 'gamma': 0.013049073550362394}. Best is trial 1 with value: 0.85.
[I 2025-05-04 17:31:16,381] Trial 6 finished with value: 0.7 and parameters: {'C': 1.871450068624068, 'gamma': 0.503948959867121}. Best is trial 1 with value: 0.85.
[I 2025-05-04 17:31:16,404] Trial 7 finished with value: 0.7 and parameters: {'C': 0.0192373050965465, 'gamma': 0.00022310905607443037}. Best is trial 1 with value: 0.85.
[I 2025-05-04 17:31:16,429] Trial 8 finished with value: 0.75 and parameters: {'C': 0.012046852412030323, 'gamma': 0.2140323314098606}. Best is trial 1 with value: 0.85.
[I 2025-05-04 17:31:16,444] Trial 9 finished with value: 0.75 and parameters: {'C': 12.960656597279739, 'gamma': 0.3020289640158664}. Best is trial 1 with value: 0.85.
[I 2025-05-04 17:31:16,466] Trial 10 finished with value: 0.65 and parameters: {'C': 0.2253293004027043, 'gamma': 0.0014453557297830738}. Best is trial 1 with value: 0.85.
[I 2025-05-04 17:31:17,155] Trial 11 finished with value: 0.85 and parameters: {'C': 64.73110838099895, 'gamma': 0.002992764643229054}. Best is trial 1 with value: 0.85.
[I 2025-05-04 17:31:17,176] Trial 12 finished with value: 0.85 and parameters: {'C': 62.67878593618876, 'gamma': 0.003716012988683667}. Best is trial 1 with value: 0.85.
[I 2025-05-04 17:31:17,832] Trial 13 finished with value: 0.65 and parameters: {'C': 8.593887243148714, 'gamma': 0.0009298293467191782}. Best is trial 1 with value: 0.85.
[I 2025-05-04 17:31:18,493] Trial 14 finished with value: 0.75 and parameters: {'C': 0.08761372221435054, 'gamma': 0.015312037181582899}. Best is trial 1 with value: 0.85.
[I 2025-05-04 17:31:18,519] Trial 15 finished with value: 0.7 and parameters: {'C': 4.554786832478524, 'gamma': 0.0003054359838006441}. Best is trial 1 with value: 0.85.
[I 2025-05-04 17:31:18,544] Trial 16 finished with value: 0.85 and parameters: {'C': 99.27946948569365, 'gamma': 0.045814844072681854}. Best is trial 1 with value: 0.85.
[I 2025-05-04 17:31:18,568] Trial 17 finished with value: 0.85 and parameters: {'C': 37.49037330238133, 'gamma': 0.0056417640933553986}. Best is trial 1 with value: 0.85.
[I 2025-05-04 17:31:18,591] Trial 18 finished with value: 0.65 and parameters: {'C': 4.093131800504732, 'gamma': 0.0005933770302948174}. Best is trial 1 with value: 0.85.
[I 2025-05-04 17:31:18,617] Trial 19 finished with value: 0.75 and parameters: {'C': 0.07544014664338816, 'gamma': 0.016132894698734856}. Best is trial 1 with value: 0.85.
[I 2025-05-04 17:31:18,642] Trial 20 finished with value: 0.8 and parameters: {'C': 26.820315369792755, 'gamma': 0.07597931937072043}. Best is trial 1 with value: 0.85.
[I 2025-05-04 17:31:19,312] Trial 21 finished with value: 0.85 and parameters: {'C': 16.371690121733433, 'gamma': 0.009028990005636542}. Best is trial 1 with value: 0.85.
[I 2025-05-04 17:31:19,335] Trial 22 finished with value: 0.75 and parameters: {'C': 5.226061366197421, 'gamma': 0.0019846631779717786}. Best is trial 1 with value: 0.85.
[I 2025-05-04 17:31:19,360] Trial 23 finished with value: 0.85 and parameters: {'C': 25.43878669599455, 'gamma': 0.02189837764057967}. Best is trial 1 with value: 0.85.
[I 2025-05-04 17:31:20,019] Trial 24 finished with value: 0.95 and parameters: {'C': 2.8587940398656957, 'gamma': 0.009213898130684024}. Best is trial 24 with value: 0.95.
[I 2025-05-04 17:31:20,044] Trial 25 finished with value: 0.7 and parameters: {'C': 1.3201360564474292, 'gamma': 0.006202784172487622}. Best is trial 24 with value: 0.95.
[I 2025-05-04 17:31:20,066] Trial 26 finished with value: 0.8 and parameters: {'C': 2.236395496168289, 'gamma': 0.11640410846514228}. Best is trial 24 with value: 0.95.
[I 2025-05-04 17:31:20,087] Trial 27 finished with value: 0.7 and parameters: {'C': 0.6834285953210024, 'gamma': 0.00010378236697772809}. Best is trial 24 with value: 0.95.
[I 2025-05-04 17:31:20,112] Trial 28 finished with value: 0.7 and parameters: {'C': 0.1625999669319382, 'gamma': 0.8967381549523696}. Best is trial 24 with value: 0.95.
