[I 2025-05-04 17:57:58,279] Trial 15 finished with value: 0.9 and parameters: {'n_estimators': 40, 'max_depth': 5, 'gamma': 0.6511986910201988, 'subsample': 0.5669813636898496, 'colsample_bytree': 0.5118510932377545}. Best is trial 10 with value: 0.9.
/data/home/rtabares/anaconda3/envs/pyth3.12/lib/python3.12/site-packages/xgboost/core.py:377: FutureWarning: Your system has an old version of glibc (< 2.28). We will stop supporting Linux distros with glibc older than 2.28 after **May 31, 2025**. Please upgrade to a recent Linux distro (with glibc >= 2.28) to use future versions of XGBoost.
Note: You have installed the 'manylinux2014' variant of XGBoost. Certain features such as GPU algorithms or federated learning are not available. To use these features, please upgrade to a recent Linux distro with glibc 2.28+, and install the 'manylinux_2_28' variant.
  warnings.warn(
[I 2025-05-04 17:57:58,932] Trial 16 finished with value: 0.9 and parameters: {'n_estimators': 100, 'max_depth': 5, 'gamma': 0.4173384878305988, 'subsample': 0.5754587959695804, 'colsample_bytree': 0.5979072617446175}. Best is trial 10 with value: 0.9.
[I 2025-05-04 17:57:58,980] Trial 17 finished with value: 0.85 and parameters: {'n_estimators': 100, 'max_depth': 30, 'gamma': 0.2827046238668876, 'subsample': 0.6147845911501424, 'colsample_bytree': 0.5006686090169622}. Best is trial 10 with value: 0.9.
[I 2025-05-04 17:57:59,027] Trial 18 finished with value: 0.85 and parameters: {'n_estimators': 40, 'max_depth': 5, 'gamma': 0.6579725967614248, 'subsample': 0.5010305091550593, 'colsample_bytree': 0.7240792844577736}. Best is trial 10 with value: 0.9.
/data/home/rtabares/anaconda3/envs/pyth3.12/lib/python3.12/site-packages/xgboost/core.py:377: FutureWarning: Your system has an old version of glibc (< 2.28). We will stop supporting Linux distros with glibc older than 2.28 after **May 31, 2025**. Please upgrade to a recent Linux distro (with glibc >= 2.28) to use future versions of XGBoost.
Note: You have installed the 'manylinux2014' variant of XGBoost. Certain features such as GPU algorithms or federated learning are not available. To use these features, please upgrade to a recent Linux distro with glibc 2.28+, and install the 'manylinux_2_28' variant.
  warnings.warn(
[I 2025-05-04 17:57:59,684] Trial 19 finished with value: 0.85 and parameters: {'n_estimators': 10, 'max_depth': 5, 'gamma': 0.4633609192334822, 'subsample': 0.8824565196610772, 'colsample_bytree': 0.9943207699442902}. Best is trial 10 with value: 0.9.
[I 2025-05-04 17:57:59,735] Trial 20 finished with value: 0.9 and parameters: {'n_estimators': 100, 'max_depth': 30, 'gamma': 0.31378730768406765, 'subsample': 0.5491504209150283, 'colsample_bytree': 0.6252957694740536}. Best is trial 10 with value: 0.9.
[I 2025-05-04 17:57:59,775] Trial 21 finished with value: 0.9 and parameters: {'n_estimators': 100, 'max_depth': 5, 'gamma': 0.41878611130728244, 'subsample': 0.5056996664254159, 'colsample_bytree': 0.5504740513621201}. Best is trial 10 with value: 0.9.
[I 2025-05-04 17:57:59,833] Trial 22 finished with value: 0.85 and parameters: {'n_estimators': 100, 'max_depth': 5, 'gamma': 0.373811029406912, 'subsample': 0.5447055290404555, 'colsample_bytree': 0.5587237078271209}. Best is trial 10 with value: 0.9.
[I 2025-05-04 17:57:59,883] Trial 23 finished with value: 0.85 and parameters: {'n_estimators': 100, 'max_depth': 5, 'gamma': 0.20780619969871067, 'subsample': 0.6256736756599242, 'colsample_bytree': 0.5399888216943219}. Best is trial 10 with value: 0.9.
[I 2025-05-04 17:57:59,937] Trial 24 finished with value: 0.85 and parameters: {'n_estimators': 100, 'max_depth': 5, 'gamma': 0.33242080513165706, 'subsample': 0.6898749396857933, 'colsample_bytree': 0.5977102748325656}. Best is trial 10 with value: 0.9.
[I 2025-05-04 17:57:59,987] Trial 25 finished with value: 0.85 and parameters: {'n_estimators': 100, 'max_depth': 5, 'gamma': 0.4333068775983882, 'subsample': 0.5361228601112413, 'colsample_bytree': 0.5358665455885612}. Best is trial 10 with value: 0.9.
[I 2025-05-04 17:58:00,037] Trial 26 finished with value: 0.85 and parameters: {'n_estimators': 100, 'max_depth': 5, 'gamma': 0.5725996329593726, 'subsample': 0.5946850831572026, 'colsample_bytree': 0.6509540324667171}. Best is trial 10 with value: 0.9.
[I 2025-05-04 17:58:00,087] Trial 27 finished with value: 0.85 and parameters: {'n_estimators': 100, 'max_depth': 5, 'gamma': 0.2556197321369628, 'subsample': 0.6510884100030206, 'colsample_bytree': 0.8450740149760205}. Best is trial 10 with value: 0.9.
[I 2025-05-04 17:58:00,126] Trial 28 finished with value: 0.85 and parameters: {'n_estimators': 10, 'max_depth': 30, 'gamma': 0.14299243987207771, 'subsample': 0.7140228483220182, 'colsample_bytree': 0.5837123945000371}. Best is trial 10 with value: 0.9.
[I 2025-05-04 17:58:00,163] Trial 29 finished with value: 0.9 and parameters: {'n_estimators': 40, 'max_depth': 5, 'gamma': 0.2743384267175247, 'subsample': 0.5350520096041833, 'colsample_bytree': 0.6806148983262189}. Best is trial 10 with value: 0.9.
[I 2025-05-04 17:58:02,887] A new study created in memory with name: rf
Parámetros guardados en checkpoint_shoppers_Dlatent_Roriginal/k-means/best_models_k-means_seed_2/xgb_best_params.json


>>> Optuna tuning rf


[I 2025-05-04 17:58:05,103] Trial 0 finished with value: 0.9 and parameters: {'n_estimators': 274, 'max_depth': 3, 'min_samples_split': 6, 'min_samples_leaf': 5}. Best is trial 0 with value: 0.9.
[I 2025-05-04 17:58:05,689] Trial 1 finished with value: 0.5 and parameters: {'n_estimators': 268, 'max_depth': 8, 'min_samples_split': 3, 'min_samples_leaf': 7}. Best is trial 0 with value: 0.9.
[I 2025-05-04 17:58:06,038] Trial 2 finished with value: 0.9 and parameters: {'n_estimators': 220, 'max_depth': 7, 'min_samples_split': 7, 'min_samples_leaf': 6}. Best is trial 0 with value: 0.9.
[I 2025-05-04 17:58:06,257] Trial 3 finished with value: 0.5 and parameters: {'n_estimators': 153, 'max_depth': 12, 'min_samples_split': 3, 'min_samples_leaf': 8}. Best is trial 0 with value: 0.9.
[I 2025-05-04 17:58:06,748] Trial 4 finished with value: 0.85 and parameters: {'n_estimators': 442, 'max_depth': 11, 'min_samples_split': 9, 'min_samples_leaf': 1}. Best is trial 0 with value: 0.9.
[I 2025-05-04 17:58:07,139] Trial 5 finished with value: 0.85 and parameters: {'n_estimators': 302, 'max_depth': 4, 'min_samples_split': 5, 'min_samples_leaf': 1}. Best is trial 0 with value: 0.9.
[I 2025-05-04 17:58:07,418] Trial 6 finished with value: 0.9 and parameters: {'n_estimators': 150, 'max_depth': 13, 'min_samples_split': 4, 'min_samples_leaf': 2}. Best is trial 0 with value: 0.9.
[I 2025-05-04 17:58:07,674] Trial 7 finished with value: 0.85 and parameters: {'n_estimators': 188, 'max_depth': 9, 'min_samples_split': 6, 'min_samples_leaf': 3}. Best is trial 0 with value: 0.9.
[I 2025-05-04 17:58:08,053] Trial 8 finished with value: 0.85 and parameters: {'n_estimators': 356, 'max_depth': 11, 'min_samples_split': 6, 'min_samples_leaf': 4}. Best is trial 0 with value: 0.9.
[I 2025-05-04 17:58:08,592] Trial 9 finished with value: 0.5 and parameters: {'n_estimators': 418, 'max_depth': 13, 'min_samples_split': 3, 'min_samples_leaf': 8}. Best is trial 0 with value: 0.9.
[I 2025-05-04 17:58:08,997] Trial 10 finished with value: 0.5 and parameters: {'n_estimators': 331, 'max_depth': 19, 'min_samples_split': 10, 'min_samples_leaf': 10}. Best is trial 0 with value: 0.9.
[I 2025-05-04 17:58:09,952] Trial 11 finished with value: 0.9 and parameters: {'n_estimators': 235, 'max_depth': 4, 'min_samples_split': 8, 'min_samples_leaf': 5}. Best is trial 0 with value: 0.9.
[I 2025-05-04 17:58:10,880] Trial 12 finished with value: 0.9 and parameters: {'n_estimators': 233, 'max_depth': 3, 'min_samples_split': 8, 'min_samples_leaf': 6}. Best is trial 0 with value: 0.9.
[I 2025-05-04 17:58:11,994] Trial 13 finished with value: 0.85 and parameters: {'n_estimators': 388, 'max_depth': 7, 'min_samples_split': 7, 'min_samples_leaf': 5}. Best is trial 0 with value: 0.9.
[I 2025-05-04 17:58:12,252] Trial 14 finished with value: 0.9 and parameters: {'n_estimators': 208, 'max_depth': 6, 'min_samples_split': 5, 'min_samples_leaf': 6}. Best is trial 0 with value: 0.9.
[I 2025-05-04 17:58:12,915] Trial 15 finished with value: 0.85 and parameters: {'n_estimators': 477, 'max_depth': 6, 'min_samples_split': 7, 'min_samples_leaf': 4}. Best is trial 0 with value: 0.9.
[I 2025-05-04 17:58:13,221] Trial 16 finished with value: 0.5 and parameters: {'n_estimators': 108, 'max_depth': 16, 'min_samples_split': 7, 'min_samples_leaf': 10}. Best is trial 0 with value: 0.9.
[I 2025-05-04 17:58:13,727] Trial 17 finished with value: 0.5 and parameters: {'n_estimators': 301, 'max_depth': 5, 'min_samples_split': 5, 'min_samples_leaf': 8}. Best is trial 0 with value: 0.9.
[I 2025-05-04 17:58:14,057] Trial 18 finished with value: 0.5 and parameters: {'n_estimators': 266, 'max_depth': 9, 'min_samples_split': 2, 'min_samples_leaf': 7}. Best is trial 0 with value: 0.9.
[I 2025-05-04 17:58:14,262] Trial 19 finished with value: 0.9 and parameters: {'n_estimators': 167, 'max_depth': 3, 'min_samples_split': 9, 'min_samples_leaf': 4}. Best is trial 0 with value: 0.9.
[I 2025-05-04 17:58:14,461] Trial 20 finished with value: 0.9 and parameters: {'n_estimators': 107, 'max_depth': 8, 'min_samples_split': 8, 'min_samples_leaf': 3}. Best is trial 0 with value: 0.9.
[I 2025-05-04 17:58:14,676] Trial 21 finished with value: 0.85 and parameters: {'n_estimators': 141, 'max_depth': 15, 'min_samples_split': 4, 'min_samples_leaf': 2}. Best is trial 0 with value: 0.9.
[I 2025-05-04 17:58:14,974] Trial 22 finished with value: 0.85 and parameters: {'n_estimators': 227, 'max_depth': 14, 'min_samples_split': 4, 'min_samples_leaf': 2}. Best is trial 0 with value: 0.9.
[I 2025-05-04 17:58:15,313] Trial 23 finished with value: 0.5 and parameters: {'n_estimators': 274, 'max_depth': 18, 'min_samples_split': 6, 'min_samples_leaf': 7}. Best is trial 0 with value: 0.9.
[I 2025-05-04 17:58:15,557] Trial 24 finished with value: 0.9 and parameters: {'n_estimators': 174, 'max_depth': 10, 'min_samples_split': 4, 'min_samples_leaf': 3}. Best is trial 0 with value: 0.9.
[I 2025-05-04 17:58:15,804] Trial 25 finished with value: 0.9 and parameters: {'n_estimators': 208, 'max_depth': 16, 'min_samples_split': 6, 'min_samples_leaf': 5}. Best is trial 0 with value: 0.9.
[I 2025-05-04 17:58:15,979] Trial 26 finished with value: 0.5 and parameters: {'n_estimators': 127, 'max_depth': 6, 'min_samples_split': 5, 'min_samples_leaf': 9}. Best is trial 0 with value: 0.9.
[I 2025-05-04 17:58:16,415] Trial 27 finished with value: 0.9 and parameters: {'n_estimators': 337, 'max_depth': 13, 'min_samples_split': 2, 'min_samples_leaf': 6}. Best is trial 0 with value: 0.9.
[I 2025-05-04 17:58:16,716] Trial 28 finished with value: 0.85 and parameters: {'n_estimators': 248, 'max_depth': 5, 'min_samples_split': 7, 'min_samples_leaf': 2}. Best is trial 0 with value: 0.9.
[I 2025-05-04 17:58:16,964] Trial 29 finished with value: 0.5 and parameters: {'n_estimators': 197, 'max_depth': 8, 'min_samples_split': 3, 'min_samples_leaf': 7}. Best is trial 0 with value: 0.9.
[I 2025-05-04 17:58:19,386] A new study created in memory with name: svc
Parámetros guardados en checkpoint_shoppers_Dlatent_Roriginal/k-means/best_models_k-means_seed_2/rf_best_params.json


>>> Optuna tuning svc


[I 2025-05-04 17:58:22,102] Trial 0 finished with value: 0.8 and parameters: {'C': 0.5545996722241048, 'gamma': 0.00012697111322756423}. Best is trial 0 with value: 0.8.
[I 2025-05-04 17:58:22,451] Trial 1 finished with value: 0.7 and parameters: {'C': 1.579973895360496, 'gamma': 0.005511750757691415}. Best is trial 0 with value: 0.8.
[I 2025-05-04 17:58:22,468] Trial 2 finished with value: 0.7 and parameters: {'C': 0.48025424062174377, 'gamma': 0.002095749079193946}. Best is trial 0 with value: 0.8.
[I 2025-05-04 17:58:22,494] Trial 3 finished with value: 0.75 and parameters: {'C': 0.06585587677899403, 'gamma': 0.029997417348655162}. Best is trial 0 with value: 0.8.
[I 2025-05-04 17:58:22,509] Trial 4 finished with value: 0.8 and parameters: {'C': 0.15798603319028856, 'gamma': 0.0011676403660687692}. Best is trial 0 with value: 0.8.
[I 2025-05-04 17:58:22,524] Trial 5 finished with value: 0.7 and parameters: {'C': 3.051654279698754, 'gamma': 0.01307881440940144}. Best is trial 0 with value: 0.8.
[I 2025-05-04 17:58:22,537] Trial 6 finished with value: 0.7 and parameters: {'C': 0.034539797048540495, 'gamma': 0.01133215445049292}. Best is trial 0 with value: 0.8.
[I 2025-05-04 17:58:22,552] Trial 7 finished with value: 0.7 and parameters: {'C': 0.05467130776888186, 'gamma': 0.13846518531662885}. Best is trial 0 with value: 0.8.
[I 2025-05-04 17:58:22,566] Trial 8 finished with value: 0.85 and parameters: {'C': 26.055605528320903, 'gamma': 0.009483034914203468}. Best is trial 8 with value: 0.85.
[I 2025-05-04 17:58:22,581] Trial 9 finished with value: 0.8 and parameters: {'C': 24.335817588808105, 'gamma': 0.00020824851253449603}. Best is trial 8 with value: 0.85.
[I 2025-05-04 17:58:22,606] Trial 10 finished with value: 0.7 and parameters: {'C': 70.34063212236397, 'gamma': 0.6034438122713901}. Best is trial 8 with value: 0.85.
[I 2025-05-04 17:58:23,273] Trial 11 finished with value: 0.8 and parameters: {'C': 8.473068792451478, 'gamma': 0.00011188752460362962}. Best is trial 8 with value: 0.85.
[I 2025-05-04 17:58:23,295] Trial 12 finished with value: 0.8 and parameters: {'C': 0.46911774063885164, 'gamma': 0.0005702218234503941}. Best is trial 8 with value: 0.85.
[I 2025-05-04 17:58:23,962] Trial 13 finished with value: 0.7 and parameters: {'C': 15.646270179938764, 'gamma': 0.06673096897650937}. Best is trial 8 with value: 0.85.
[I 2025-05-04 17:58:23,986] Trial 14 finished with value: 0.55 and parameters: {'C': 3.997147052035266, 'gamma': 0.9795548347996659}. Best is trial 8 with value: 0.85.
[I 2025-05-04 17:58:24,634] Trial 15 finished with value: 0.7 and parameters: {'C': 80.78963648177103, 'gamma': 0.0005090684126500634}. Best is trial 8 with value: 0.85.
[I 2025-05-04 17:58:24,659] Trial 16 finished with value: 0.7 and parameters: {'C': 0.26344914022948396, 'gamma': 0.0033629825580696136}. Best is trial 8 with value: 0.85.
[I 2025-05-04 17:58:24,686] Trial 17 finished with value: 0.55 and parameters: {'C': 0.011278738109245848, 'gamma': 0.21545751276617045}. Best is trial 8 with value: 0.85.
[I 2025-05-04 17:58:24,711] Trial 18 finished with value: 0.75 and parameters: {'C': 1.0439164057661112, 'gamma': 0.029525609441903036}. Best is trial 8 with value: 0.85.
[I 2025-05-04 17:58:24,733] Trial 19 finished with value: 0.8 and parameters: {'C': 4.662661756948511, 'gamma': 0.00034327588128230655}. Best is trial 8 with value: 0.85.
[I 2025-05-04 17:58:24,760] Trial 20 finished with value: 0.65 and parameters: {'C': 24.163083151482827, 'gamma': 0.0009787412502586348}. Best is trial 8 with value: 0.85.
[I 2025-05-04 17:58:25,405] Trial 21 finished with value: 0.8 and parameters: {'C': 0.188510579578943, 'gamma': 0.0013827212381735399}. Best is trial 8 with value: 0.85.
[I 2025-05-04 17:58:25,428] Trial 22 finished with value: 0.8 and parameters: {'C': 0.18496960957425584, 'gamma': 0.00012365209754335396}. Best is trial 8 with value: 0.85.
[I 2025-05-04 17:58:25,449] Trial 23 finished with value: 0.7 and parameters: {'C': 0.5593379823293205, 'gamma': 0.002996925025018816}. Best is trial 8 with value: 0.85.
[I 2025-05-04 17:58:26,097] Trial 24 finished with value: 0.8 and parameters: {'C': 0.09549254645425555, 'gamma': 0.000845665164117641}. Best is trial 8 with value: 0.85.
[I 2025-05-04 17:58:26,131] Trial 25 finished with value: 0.8 and parameters: {'C': 1.688003467888961, 'gamma': 0.00027325467733576355}. Best is trial 8 with value: 0.85.
[I 2025-05-04 17:58:26,157] Trial 26 finished with value: 0.7 and parameters: {'C': 0.022009780214495185, 'gamma': 0.006727477741582729}. Best is trial 8 with value: 0.85.
[I 2025-05-04 17:58:26,180] Trial 27 finished with value: 0.7 and parameters: {'C': 0.30618189159078735, 'gamma': 0.022467579895233993}. Best is trial 8 with value: 0.85.
[I 2025-05-04 17:58:26,203] Trial 28 finished with value: 0.8 and parameters: {'C': 0.13530016797005484, 'gamma': 0.001461806012614393}. Best is trial 8 with value: 0.85.
[I 2025-05-04 17:58:26,229] Trial 29 finished with value: 0.7 and parameters: {'C': 1.4145953219219203, 'gamma': 0.006474715593723997}. Best is trial 8 with value: 0.85.
[I 2025-05-04 17:58:30,377] A new study created in memory with name: logreg
Parámetros guardados en checkpoint_shoppers_Dlatent_Roriginal/k-means/best_models_k-means_seed_2/svc_best_params.json


>>> Optuna tuning logreg


[I 2025-05-04 17:58:31,054] Trial 0 finished with value: 0.8 and parameters: {'C': 0.15134724182275533, 'penalty': 'l2'}. Best is trial 0 with value: 0.8.
[I 2025-05-04 17:58:31,081] Trial 1 finished with value: 0.8 and parameters: {'C': 0.00134781771168027, 'penalty': 'l2'}. Best is trial 0 with value: 0.8.
[I 2025-05-04 17:58:31,106] Trial 2 finished with value: 0.8 and parameters: {'C': 0.5601603817503298, 'penalty': 'l2'}. Best is trial 0 with value: 0.8.
[I 2025-05-04 17:58:31,131] Trial 3 finished with value: 0.8 and parameters: {'C': 0.15017995265951545, 'penalty': 'l2'}. Best is trial 0 with value: 0.8.
[I 2025-05-04 17:58:31,156] Trial 4 finished with value: 0.8 and parameters: {'C': 0.1264267606498664, 'penalty': 'l2'}. Best is trial 0 with value: 0.8.
[I 2025-05-04 17:58:31,171] Trial 5 finished with value: 0.8 and parameters: {'C': 0.044840877729077515, 'penalty': 'l2'}. Best is trial 0 with value: 0.8.
[I 2025-05-04 17:58:31,185] Trial 6 finished with value: 0.8 and parameters: {'C': 0.010549774340694125, 'penalty': 'l2'}. Best is trial 0 with value: 0.8.
[I 2025-05-04 17:58:31,210] Trial 7 finished with value: 0.85 and parameters: {'C': 1.248403080828608, 'penalty': 'l2'}. Best is trial 7 with value: 0.85.
[I 2025-05-04 17:58:31,234] Trial 8 finished with value: 0.8 and parameters: {'C': 0.03149730300397853, 'penalty': 'l2'}. Best is trial 7 with value: 0.85.
[I 2025-05-04 17:58:31,259] Trial 9 finished with value: 0.8 and parameters: {'C': 0.021584220823040776, 'penalty': 'l2'}. Best is trial 7 with value: 0.85.
[I 2025-05-04 17:58:31,292] Trial 10 finished with value: 0.85 and parameters: {'C': 26.015182919619694, 'penalty': 'l2'}. Best is trial 7 with value: 0.85.
[I 2025-05-04 17:58:31,949] Trial 11 finished with value: 0.85 and parameters: {'C': 16.639161236908553, 'penalty': 'l2'}. Best is trial 7 with value: 0.85.
[I 2025-05-04 17:58:32,637] Trial 12 finished with value: 0.85 and parameters: {'C': 49.6020023825672, 'penalty': 'l2'}. Best is trial 7 with value: 0.85.
[I 2025-05-04 17:58:32,668] Trial 13 finished with value: 0.8 and parameters: {'C': 4.297445625586166, 'penalty': 'l2'}. Best is trial 7 with value: 0.85.
[I 2025-05-04 17:58:32,696] Trial 14 finished with value: 0.85 and parameters: {'C': 1.5790332527913777, 'penalty': 'l2'}. Best is trial 7 with value: 0.85.
[I 2025-05-04 17:58:32,724] Trial 15 finished with value: 0.85 and parameters: {'C': 97.20070996248688, 'penalty': 'l2'}. Best is trial 7 with value: 0.85.
[I 2025-05-04 17:58:32,753] Trial 16 finished with value: 0.85 and parameters: {'C': 3.1945504132514193, 'penalty': 'l2'}. Best is trial 7 with value: 0.85.
[I 2025-05-04 17:58:32,784] Trial 17 finished with value: 0.85 and parameters: {'C': 14.35409157690629, 'penalty': 'l2'}. Best is trial 7 with value: 0.85.
[I 2025-05-04 17:58:32,815] Trial 18 finished with value: 0.85 and parameters: {'C': 0.8714351785083589, 'penalty': 'l2'}. Best is trial 7 with value: 0.85.
[I 2025-05-04 17:58:32,846] Trial 19 finished with value: 0.85 and parameters: {'C': 11.42673416489687, 'penalty': 'l2'}. Best is trial 7 with value: 0.85.
[I 2025-05-04 17:58:32,877] Trial 20 finished with value: 0.8 and parameters: {'C': 4.634325986521093, 'penalty': 'l2'}. Best is trial 7 with value: 0.85.
[I 2025-05-04 17:58:32,909] Trial 21 finished with value: 0.85 and parameters: {'C': 19.51807300188796, 'penalty': 'l2'}. Best is trial 7 with value: 0.85.
[I 2025-05-04 17:58:32,939] Trial 22 finished with value: 0.85 and parameters: {'C': 29.02156367003353, 'penalty': 'l2'}. Best is trial 7 with value: 0.85.
[I 2025-05-04 17:58:32,971] Trial 23 finished with value: 0.85 and parameters: {'C': 7.751167339264004, 'penalty': 'l2'}. Best is trial 7 with value: 0.85.
[I 2025-05-04 17:58:33,002] Trial 24 finished with value: 0.85 and parameters: {'C': 1.4408571989209868, 'penalty': 'l2'}. Best is trial 7 with value: 0.85.
[I 2025-05-04 17:58:33,031] Trial 25 finished with value: 0.85 and parameters: {'C': 93.62153008218068, 'penalty': 'l2'}. Best is trial 7 with value: 0.85.
[I 2025-05-04 17:58:33,062] Trial 26 finished with value: 0.85 and parameters: {'C': 32.55298932588726, 'penalty': 'l2'}. Best is trial 7 with value: 0.85.
[I 2025-05-04 17:58:33,083] Trial 27 finished with value: 0.85 and parameters: {'C': 2.4674572997701087, 'penalty': 'l2'}. Best is trial 7 with value: 0.85.
[I 2025-05-04 17:58:33,104] Trial 28 finished with value: 0.8 and parameters: {'C': 0.35212499706174805, 'penalty': 'l2'}. Best is trial 7 with value: 0.85.
