[I 2025-05-04 08:34:01,094] Trial 11 finished with value: 0.7982562616742424 and parameters: {'n_estimators': 100, 'max_depth': 5, 'gamma': 0.9780821597952087, 'subsample': 0.6991327138554846, 'colsample_bytree': 0.9969596088199149}. Best is trial 11 with value: 0.7982562616742424.
/data/home/rtabares/anaconda3/envs/pyth3.12/lib/python3.12/site-packages/xgboost/core.py:377: FutureWarning: Your system has an old version of glibc (< 2.28). We will stop supporting Linux distros with glibc older than 2.28 after **May 31, 2025**. Please upgrade to a recent Linux distro (with glibc >= 2.28) to use future versions of XGBoost.
Note: You have installed the 'manylinux2014' variant of XGBoost. Certain features such as GPU algorithms or federated learning are not available. To use these features, please upgrade to a recent Linux distro with glibc 2.28+, and install the 'manylinux_2_28' variant.
  warnings.warn(
/data/home/rtabares/anaconda3/envs/pyth3.12/lib/python3.12/site-packages/xgboost/core.py:377: FutureWarning: Your system has an old version of glibc (< 2.28). We will stop supporting Linux distros with glibc older than 2.28 after **May 31, 2025**. Please upgrade to a recent Linux distro (with glibc >= 2.28) to use future versions of XGBoost.
Note: You have installed the 'manylinux2014' variant of XGBoost. Certain features such as GPU algorithms or federated learning are not available. To use these features, please upgrade to a recent Linux distro with glibc 2.28+, and install the 'manylinux_2_28' variant.
  warnings.warn(
/data/home/rtabares/anaconda3/envs/pyth3.12/lib/python3.12/site-packages/xgboost/core.py:377: FutureWarning: Your system has an old version of glibc (< 2.28). We will stop supporting Linux distros with glibc older than 2.28 after **May 31, 2025**. Please upgrade to a recent Linux distro (with glibc >= 2.28) to use future versions of XGBoost.
Note: You have installed the 'manylinux2014' variant of XGBoost. Certain features such as GPU algorithms or federated learning are not available. To use these features, please upgrade to a recent Linux distro with glibc 2.28+, and install the 'manylinux_2_28' variant.
  warnings.warn(
/data/home/rtabares/anaconda3/envs/pyth3.12/lib/python3.12/site-packages/xgboost/core.py:377: FutureWarning: Your system has an old version of glibc (< 2.28). We will stop supporting Linux distros with glibc older than 2.28 after **May 31, 2025**. Please upgrade to a recent Linux distro (with glibc >= 2.28) to use future versions of XGBoost.
Note: You have installed the 'manylinux2014' variant of XGBoost. Certain features such as GPU algorithms or federated learning are not available. To use these features, please upgrade to a recent Linux distro with glibc 2.28+, and install the 'manylinux_2_28' variant.
  warnings.warn(
[I 2025-05-04 08:34:06,572] Trial 12 finished with value: 0.7972132904632651 and parameters: {'n_estimators': 100, 'max_depth': 5, 'gamma': 0.9992933757507363, 'subsample': 0.7037618908833935, 'colsample_bytree': 0.9200775924124897}. Best is trial 11 with value: 0.7982562616742424.
[I 2025-05-04 08:34:10,024] Trial 13 finished with value: 0.797511142325884 and parameters: {'n_estimators': 100, 'max_depth': 5, 'gamma': 0.7614692109626992, 'subsample': 0.8111118200397299, 'colsample_bytree': 0.9122041437736855}. Best is trial 11 with value: 0.7982562616742424.
[I 2025-05-04 08:34:12,917] Trial 14 finished with value: 0.7971957047450474 and parameters: {'n_estimators': 100, 'max_depth': 5, 'gamma': 0.8619792491491385, 'subsample': 0.6419740102674932, 'colsample_bytree': 0.98584436173956}. Best is trial 11 with value: 0.7982562616742424.
[I 2025-05-04 08:34:14,726] Trial 15 finished with value: 0.7947270525365739 and parameters: {'n_estimators': 40, 'max_depth': 5, 'gamma': 0.3508253335562579, 'subsample': 0.8262595028177575, 'colsample_bytree': 0.7235503958995013}. Best is trial 11 with value: 0.7982562616742424.
[I 2025-05-04 08:34:18,367] Trial 16 finished with value: 0.7949107545735199 and parameters: {'n_estimators': 100, 'max_depth': 5, 'gamma': 0.6286484370183922, 'subsample': 0.6487804658026871, 'colsample_bytree': 0.8838031788621593}. Best is trial 11 with value: 0.7982562616742424.
[I 2025-05-04 08:34:20,967] Trial 17 finished with value: 0.7981990451863293 and parameters: {'n_estimators': 100, 'max_depth': 5, 'gamma': 0.36655148498992607, 'subsample': 0.8707044594862765, 'colsample_bytree': 0.617293780839153}. Best is trial 11 with value: 0.7982562616742424.
[I 2025-05-04 08:34:23,192] Trial 18 finished with value: 0.7934045670780715 and parameters: {'n_estimators': 40, 'max_depth': 5, 'gamma': 0.3544418085409456, 'subsample': 0.869455901249342, 'colsample_bytree': 0.6289769971575503}. Best is trial 11 with value: 0.7982562616742424.
[I 2025-05-04 08:34:26,000] Trial 19 finished with value: 0.7825445819844927 and parameters: {'n_estimators': 10, 'max_depth': 30, 'gamma': 0.42352659963854444, 'subsample': 0.8850649602054159, 'colsample_bytree': 0.666741753669585}. Best is trial 11 with value: 0.7982562616742424.
[I 2025-05-04 08:34:29,379] Trial 20 finished with value: 0.7984637793797692 and parameters: {'n_estimators': 100, 'max_depth': 5, 'gamma': 0.8436000526263521, 'subsample': 0.7536644872815214, 'colsample_bytree': 0.5280460435729333}. Best is trial 20 with value: 0.7984637793797692.
[I 2025-05-04 08:34:33,182] Trial 21 finished with value: 0.7979720649484363 and parameters: {'n_estimators': 100, 'max_depth': 5, 'gamma': 0.8819557169155927, 'subsample': 0.7525416662702719, 'colsample_bytree': 0.514085625026814}. Best is trial 20 with value: 0.7984637793797692.
[I 2025-05-04 08:34:36,904] Trial 22 finished with value: 0.7976946388150232 and parameters: {'n_estimators': 100, 'max_depth': 5, 'gamma': 0.8083472250546828, 'subsample': 0.6396221722078966, 'colsample_bytree': 0.594348905853391}. Best is trial 20 with value: 0.7984637793797692.
[I 2025-05-04 08:34:40,718] Trial 23 finished with value: 0.7983679474626163 and parameters: {'n_estimators': 100, 'max_depth': 5, 'gamma': 0.9328275059083723, 'subsample': 0.8975742584016496, 'colsample_bytree': 0.5013006813764311}. Best is trial 20 with value: 0.7984637793797692.
[I 2025-05-04 08:34:45,008] Trial 24 finished with value: 0.7973073945284475 and parameters: {'n_estimators': 100, 'max_depth': 5, 'gamma': 0.9167803245969495, 'subsample': 0.6931883563487821, 'colsample_bytree': 0.5021894713621671}. Best is trial 20 with value: 0.7984637793797692.
[I 2025-05-04 08:34:48,690] Trial 25 finished with value: 0.7973798766263365 and parameters: {'n_estimators': 100, 'max_depth': 5, 'gamma': 0.7075865544587456, 'subsample': 0.764466618113154, 'colsample_bytree': 0.5559285504540625}. Best is trial 20 with value: 0.7984637793797692.
[I 2025-05-04 08:34:52,866] Trial 26 finished with value: 0.7983486389904589 and parameters: {'n_estimators': 100, 'max_depth': 5, 'gamma': 0.8257425388718184, 'subsample': 0.9451005701803997, 'colsample_bytree': 0.7790575351711161}. Best is trial 20 with value: 0.7984637793797692.
[I 2025-05-04 08:34:56,304] Trial 27 finished with value: 0.7977930636635115 and parameters: {'n_estimators': 100, 'max_depth': 5, 'gamma': 0.8304814722610263, 'subsample': 0.9201949349190054, 'colsample_bytree': 0.77103113241339}. Best is trial 20 with value: 0.7984637793797692.
[I 2025-05-04 08:34:58,989] Trial 28 finished with value: 0.7918133529979643 and parameters: {'n_estimators': 40, 'max_depth': 20, 'gamma': 0.6472595912557465, 'subsample': 0.9536926151563576, 'colsample_bytree': 0.6901059360959295}. Best is trial 20 with value: 0.7984637793797692.
[I 2025-05-04 08:35:01,162] Trial 29 finished with value: 0.7833870101131761 and parameters: {'n_estimators': 10, 'max_depth': 30, 'gamma': 0.7871150212749687, 'subsample': 0.9243411044912965, 'colsample_bytree': 0.772075893878384}. Best is trial 20 with value: 0.7984637793797692.
[I 2025-05-04 08:38:30,311] A new study created in memory with name: rf
Parámetros guardados en checkpoint_adult_Dlatent_Roriginal_ft/Full-data/best_models_Full-data_seed_0/xgb_best_params.json


>>> Optuna tuning rf


[I 2025-05-04 08:38:59,106] Trial 0 finished with value: 0.8283785584347247 and parameters: {'n_estimators': 320, 'max_depth': 15, 'min_samples_split': 7, 'min_samples_leaf': 6}. Best is trial 0 with value: 0.8283785584347247.
[I 2025-05-04 08:39:18,944] Trial 1 finished with value: 0.827900218334336 and parameters: {'n_estimators': 269, 'max_depth': 14, 'min_samples_split': 5, 'min_samples_leaf': 9}. Best is trial 0 with value: 0.8283785584347247.
[I 2025-05-04 08:39:47,107] Trial 2 finished with value: 0.8192800177338861 and parameters: {'n_estimators': 486, 'max_depth': 9, 'min_samples_split': 9, 'min_samples_leaf': 6}. Best is trial 0 with value: 0.8283785584347247.
[I 2025-05-04 08:40:16,649] Trial 3 finished with value: 0.8256525742949379 and parameters: {'n_estimators': 327, 'max_depth': 19, 'min_samples_split': 2, 'min_samples_leaf': 1}. Best is trial 0 with value: 0.8283785584347247.
[I 2025-05-04 08:40:26,148] Trial 4 finished with value: 0.829143131136512 and parameters: {'n_estimators': 108, 'max_depth': 17, 'min_samples_split': 9, 'min_samples_leaf': 9}. Best is trial 4 with value: 0.829143131136512.
[I 2025-05-04 08:41:03,250] Trial 5 finished with value: 0.8295021427689242 and parameters: {'n_estimators': 492, 'max_depth': 17, 'min_samples_split': 6, 'min_samples_leaf': 8}. Best is trial 5 with value: 0.8295021427689242.
[I 2025-05-04 08:41:13,132] Trial 6 finished with value: 0.8271719025503931 and parameters: {'n_estimators': 147, 'max_depth': 14, 'min_samples_split': 3, 'min_samples_leaf': 10}. Best is trial 5 with value: 0.8295021427689242.
[I 2025-05-04 08:41:29,828] Trial 7 finished with value: 0.822221685529119 and parameters: {'n_estimators': 309, 'max_depth': 10, 'min_samples_split': 4, 'min_samples_leaf': 8}. Best is trial 5 with value: 0.8295021427689242.
[I 2025-05-04 08:41:46,969] Trial 8 finished with value: 0.8273434248808652 and parameters: {'n_estimators': 282, 'max_depth': 13, 'min_samples_split': 2, 'min_samples_leaf': 7}. Best is trial 5 with value: 0.8295021427689242.
[I 2025-05-04 08:42:05,756] Trial 9 finished with value: 0.8275335097358594 and parameters: {'n_estimators': 345, 'max_depth': 14, 'min_samples_split': 10, 'min_samples_leaf': 7}. Best is trial 5 with value: 0.8295021427689242.
[I 2025-05-04 08:42:21,435] Trial 10 finished with value: 0.7900132682965485 and parameters: {'n_estimators': 487, 'max_depth': 5, 'min_samples_split': 7, 'min_samples_leaf': 3}. Best is trial 5 with value: 0.8295021427689242.
[I 2025-05-04 08:42:28,593] Trial 11 finished with value: 0.8293656190639581 and parameters: {'n_estimators': 111, 'max_depth': 20, 'min_samples_split': 8, 'min_samples_leaf': 10}. Best is trial 5 with value: 0.8295021427689242.
[I 2025-05-04 08:42:48,555] Trial 12 finished with value: 0.8287066401421577 and parameters: {'n_estimators': 410, 'max_depth': 20, 'min_samples_split': 7, 'min_samples_leaf': 10}. Best is trial 5 with value: 0.8295021427689242.
[I 2025-05-04 08:42:58,173] Trial 13 finished with value: 0.8295167643388346 and parameters: {'n_estimators': 186, 'max_depth': 18, 'min_samples_split': 6, 'min_samples_leaf': 4}. Best is trial 13 with value: 0.8295167643388346.
[I 2025-05-04 08:43:09,087] Trial 14 finished with value: 0.8294423204496537 and parameters: {'n_estimators': 203, 'max_depth': 17, 'min_samples_split': 5, 'min_samples_leaf': 4}. Best is trial 13 with value: 0.8295167643388346.
[I 2025-05-04 08:43:20,090] Trial 15 finished with value: 0.828849915064518 and parameters: {'n_estimators': 216, 'max_depth': 17, 'min_samples_split': 6, 'min_samples_leaf': 3}. Best is trial 13 with value: 0.8295167643388346.
[I 2025-05-04 08:43:33,890] Trial 16 finished with value: 0.8043844901682317 and parameters: {'n_estimators': 419, 'max_depth': 7, 'min_samples_split': 5, 'min_samples_leaf': 5}. Best is trial 13 with value: 0.8295167643388346.
[I 2025-05-04 08:43:43,021] Trial 17 finished with value: 0.8252985816229998 and parameters: {'n_estimators': 230, 'max_depth': 11, 'min_samples_split': 6, 'min_samples_leaf': 1}. Best is trial 13 with value: 0.8295167643388346.
[I 2025-05-04 08:43:58,550] Trial 18 finished with value: 0.8300574617813951 and parameters: {'n_estimators': 385, 'max_depth': 18, 'min_samples_split': 4, 'min_samples_leaf': 4}. Best is trial 18 with value: 0.8300574617813951.
[I 2025-05-04 08:44:05,364] Trial 19 finished with value: 0.7772015573358563 and parameters: {'n_estimators': 393, 'max_depth': 3, 'min_samples_split': 4, 'min_samples_leaf': 3}. Best is trial 18 with value: 0.8300574617813951.
[I 2025-05-04 08:44:12,491] Trial 20 finished with value: 0.8290480092899395 and parameters: {'n_estimators': 168, 'max_depth': 18, 'min_samples_split': 3, 'min_samples_leaf': 4}. Best is trial 18 with value: 0.8300574617813951.
[I 2025-05-04 08:44:27,629] Trial 21 finished with value: 0.82946600679772 and parameters: {'n_estimators': 442, 'max_depth': 17, 'min_samples_split': 4, 'min_samples_leaf': 5}. Best is trial 18 with value: 0.8300574617813951.
[I 2025-05-04 08:44:42,634] Trial 22 finished with value: 0.8291676404114577 and parameters: {'n_estimators': 448, 'max_depth': 16, 'min_samples_split': 6, 'min_samples_leaf': 2}. Best is trial 18 with value: 0.8300574617813951.
[I 2025-05-04 08:44:56,596] Trial 23 finished with value: 0.8301580619571421 and parameters: {'n_estimators': 371, 'max_depth': 19, 'min_samples_split': 6, 'min_samples_leaf': 4}. Best is trial 23 with value: 0.8301580619571421.
[I 2025-05-04 08:45:08,303] Trial 24 finished with value: 0.8308396154890841 and parameters: {'n_estimators': 371, 'max_depth': 19, 'min_samples_split': 8, 'min_samples_leaf': 4}. Best is trial 24 with value: 0.8308396154890841.
[I 2025-05-04 08:45:21,570] Trial 25 finished with value: 0.8309240108424338 and parameters: {'n_estimators': 373, 'max_depth': 20, 'min_samples_split': 8, 'min_samples_leaf': 2}. Best is trial 25 with value: 0.8309240108424338.
[I 2025-05-04 08:45:34,864] Trial 26 finished with value: 0.8311103925432433 and parameters: {'n_estimators': 361, 'max_depth': 20, 'min_samples_split': 8, 'min_samples_leaf': 2}. Best is trial 26 with value: 0.8311103925432433.
[I 2025-05-04 08:45:47,369] Trial 27 finished with value: 0.8305671564089454 and parameters: {'n_estimators': 355, 'max_depth': 20, 'min_samples_split': 8, 'min_samples_leaf': 2}. Best is trial 26 with value: 0.8311103925432433.
[I 2025-05-04 08:45:56,204] Trial 28 finished with value: 0.8304754460088232 and parameters: {'n_estimators': 253, 'max_depth': 20, 'min_samples_split': 10, 'min_samples_leaf': 2}. Best is trial 26 with value: 0.8311103925432433.
[I 2025-05-04 08:46:07,191] Trial 29 finished with value: 0.8290790911394132 and parameters: {'n_estimators': 326, 'max_depth': 15, 'min_samples_split': 8, 'min_samples_leaf': 1}. Best is trial 26 with value: 0.8311103925432433.
/data/home/rtabares/anaconda3/envs/pyth3.12/lib/python3.12/site-packages/xgboost/core.py:377: FutureWarning: Your system has an old version of glibc (< 2.28). We will stop supporting Linux distros with glibc older than 2.28 after **May 31, 2025**. Please upgrade to a recent Linux distro (with glibc >= 2.28) to use future versions of XGBoost.
Note: You have installed the 'manylinux2014' variant of XGBoost. Certain features such as GPU algorithms or federated learning are not available. To use these features, please upgrade to a recent Linux distro with glibc 2.28+, and install the 'manylinux_2_28' variant.
  warnings.warn(
/data/home/rtabares/anaconda3/envs/pyth3.12/lib/python3.12/site-packages/xgboost/core.py:377: FutureWarning: Your system has an old version of glibc (< 2.28). We will stop supporting Linux distros with glibc older than 2.28 after **May 31, 2025**. Please upgrade to a recent Linux distro (with glibc >= 2.28) to use future versions of XGBoost.
Note: You have installed the 'manylinux2014' variant of XGBoost. Certain features such as GPU algorithms or federated learning are not available. To use these features, please upgrade to a recent Linux distro with glibc 2.28+, and install the 'manylinux_2_28' variant.
  warnings.warn(
/data/home/rtabares/anaconda3/envs/pyth3.12/lib/python3.12/site-packages/xgboost/core.py:377: FutureWarning: Your system has an old version of glibc (< 2.28). We will stop supporting Linux distros with glibc older than 2.28 after **May 31, 2025**. Please upgrade to a recent Linux distro (with glibc >= 2.28) to use future versions of XGBoost.
Note: You have installed the 'manylinux2014' variant of XGBoost. Certain features such as GPU algorithms or federated learning are not available. To use these features, please upgrade to a recent Linux distro with glibc 2.28+, and install the 'manylinux_2_28' variant.
  warnings.warn(
[I 2025-05-04 08:46:35,298] A new study created in memory with name: svc
Parámetros guardados en checkpoint_adult_Dlatent_Roriginal_ft/Full-data/best_models_Full-data_seed_0/rf_best_params.json


>>> Optuna tuning svc


[I 2025-05-04 08:55:20,350] Trial 0 finished with value: 0.7657001935149305 and parameters: {'C': 1.5676677195506077, 'gamma': 0.07257005721594278}. Best is trial 0 with value: 0.7657001935149305.
[I 2025-05-04 09:03:41,876] Trial 1 finished with value: 0.7562946147933829 and parameters: {'C': 2.57663857461359, 'gamma': 0.01511933646764101}. Best is trial 0 with value: 0.7657001935149305.
[I 2025-05-04 09:12:00,603] Trial 2 finished with value: 0.7551067394415465 and parameters: {'C': 0.49501595537331966, 'gamma': 0.03833332156156663}. Best is trial 0 with value: 0.7657001935149305.
[I 2025-05-04 09:30:54,833] Trial 3 finished with value: 0.753217194996922 and parameters: {'C': 0.5627932047415171, 'gamma': 0.36905577292137587}. Best is trial 0 with value: 0.7657001935149305.
