[I 2025-05-04 17:30:40,639] Trial 17 finished with value: 0.9 and parameters: {'n_estimators': 10, 'max_depth': 5, 'gamma': 0.5411034151891677, 'subsample': 0.6331525147591477, 'colsample_bytree': 0.6627672079344297}. Best is trial 2 with value: 0.9.
[I 2025-05-04 17:30:40,689] Trial 18 finished with value: 0.9 and parameters: {'n_estimators': 100, 'max_depth': 5, 'gamma': 0.7850228830073764, 'subsample': 0.84068865613809, 'colsample_bytree': 0.6590100810908468}. Best is trial 2 with value: 0.9.
[I 2025-05-04 17:30:40,728] Trial 19 finished with value: 0.9 and parameters: {'n_estimators': 40, 'max_depth': 30, 'gamma': 0.4706970605332, 'subsample': 0.9379526182212687, 'colsample_bytree': 0.5558600600187853}. Best is trial 2 with value: 0.9.
[I 2025-05-04 17:30:40,778] Trial 20 finished with value: 0.9 and parameters: {'n_estimators': 100, 'max_depth': 30, 'gamma': 0.2788911216877681, 'subsample': 0.7361884605672512, 'colsample_bytree': 0.5044835419676065}. Best is trial 2 with value: 0.9.
[I 2025-05-04 17:30:40,818] Trial 21 finished with value: 0.9 and parameters: {'n_estimators': 100, 'max_depth': 30, 'gamma': 0.401550867660106, 'subsample': 0.99295084074656, 'colsample_bytree': 0.7579320802138152}. Best is trial 2 with value: 0.9.
[I 2025-05-04 17:30:40,868] Trial 22 finished with value: 0.9 and parameters: {'n_estimators': 100, 'max_depth': 30, 'gamma': 0.11983180918244393, 'subsample': 0.9382781189778746, 'colsample_bytree': 0.7532218895075284}. Best is trial 2 with value: 0.9.
[I 2025-05-04 17:30:40,906] Trial 23 finished with value: 0.9 and parameters: {'n_estimators': 100, 'max_depth': 30, 'gamma': 0.1948681188296852, 'subsample': 0.9597212632609384, 'colsample_bytree': 0.71187960431299}. Best is trial 2 with value: 0.9.
[I 2025-05-04 17:30:40,953] Trial 24 finished with value: 0.9 and parameters: {'n_estimators': 100, 'max_depth': 30, 'gamma': 0.2734894037551537, 'subsample': 0.8987776833895591, 'colsample_bytree': 0.6240695293311066}. Best is trial 2 with value: 0.9.
[I 2025-05-04 17:30:40,992] Trial 25 finished with value: 0.9 and parameters: {'n_estimators': 10, 'max_depth': 5, 'gamma': 0.10823999438071358, 'subsample': 0.8030517327197805, 'colsample_bytree': 0.7052660297220569}. Best is trial 2 with value: 0.9.
[I 2025-05-04 17:30:41,044] Trial 26 finished with value: 0.9 and parameters: {'n_estimators': 100, 'max_depth': 30, 'gamma': 0.22949948714077437, 'subsample': 0.9971305362589746, 'colsample_bytree': 0.5495109385120278}. Best is trial 2 with value: 0.9.
[I 2025-05-04 17:30:41,093] Trial 27 finished with value: 0.9 and parameters: {'n_estimators': 100, 'max_depth': 30, 'gamma': 0.5999731778522824, 'subsample': 0.836713731646216, 'colsample_bytree': 0.9012056685550808}. Best is trial 2 with value: 0.9.
[I 2025-05-04 17:30:41,133] Trial 28 finished with value: 0.9 and parameters: {'n_estimators': 40, 'max_depth': 20, 'gamma': 0.39736204646406215, 'subsample': 0.89799930195207, 'colsample_bytree': 0.787398944001857}. Best is trial 2 with value: 0.9.
[I 2025-05-04 17:30:41,177] Trial 29 finished with value: 0.9 and parameters: {'n_estimators': 10, 'max_depth': 5, 'gamma': 0.5359170354222355, 'subsample': 0.9566529042881096, 'colsample_bytree': 0.6377906985740304}. Best is trial 2 with value: 0.9.
[I 2025-05-04 17:30:45,478] A new study created in memory with name: rf
Parámetros guardados en checkpoint_shoppers_Dlatent_Roriginal_ft/ag/best_models_ag_seed_0/xgb_best_params.json


>>> Optuna tuning rf


[I 2025-05-04 17:30:46,420] Trial 0 finished with value: 0.9 and parameters: {'n_estimators': 320, 'max_depth': 15, 'min_samples_split': 7, 'min_samples_leaf': 6}. Best is trial 0 with value: 0.9.
[I 2025-05-04 17:30:46,755] Trial 1 finished with value: 0.5 and parameters: {'n_estimators': 269, 'max_depth': 14, 'min_samples_split': 5, 'min_samples_leaf': 9}. Best is trial 0 with value: 0.9.
[I 2025-05-04 17:30:47,287] Trial 2 finished with value: 0.85 and parameters: {'n_estimators': 486, 'max_depth': 9, 'min_samples_split': 9, 'min_samples_leaf': 6}. Best is trial 0 with value: 0.9.
[I 2025-05-04 17:30:47,687] Trial 3 finished with value: 0.85 and parameters: {'n_estimators': 327, 'max_depth': 19, 'min_samples_split': 2, 'min_samples_leaf': 1}. Best is trial 0 with value: 0.9.
[I 2025-05-04 17:30:47,854] Trial 4 finished with value: 0.5 and parameters: {'n_estimators': 108, 'max_depth': 17, 'min_samples_split': 9, 'min_samples_leaf': 9}. Best is trial 0 with value: 0.9.
[I 2025-05-04 17:30:48,411] Trial 5 finished with value: 0.5 and parameters: {'n_estimators': 492, 'max_depth': 17, 'min_samples_split': 6, 'min_samples_leaf': 8}. Best is trial 0 with value: 0.9.
[I 2025-05-04 17:30:48,670] Trial 6 finished with value: 0.5 and parameters: {'n_estimators': 147, 'max_depth': 14, 'min_samples_split': 3, 'min_samples_leaf': 10}. Best is trial 0 with value: 0.9.
[I 2025-05-04 17:30:49,091] Trial 7 finished with value: 0.5 and parameters: {'n_estimators': 309, 'max_depth': 10, 'min_samples_split': 4, 'min_samples_leaf': 8}. Best is trial 0 with value: 0.9.
[I 2025-05-04 17:30:49,451] Trial 8 finished with value: 0.6 and parameters: {'n_estimators': 282, 'max_depth': 13, 'min_samples_split': 2, 'min_samples_leaf': 7}. Best is trial 0 with value: 0.9.
[I 2025-05-04 17:30:49,858] Trial 9 finished with value: 0.5 and parameters: {'n_estimators': 345, 'max_depth': 14, 'min_samples_split': 10, 'min_samples_leaf': 7}. Best is trial 0 with value: 0.9.
[I 2025-05-04 17:30:50,311] Trial 10 finished with value: 0.9 and parameters: {'n_estimators': 407, 'max_depth': 5, 'min_samples_split': 7, 'min_samples_leaf': 3}. Best is trial 0 with value: 0.9.
[I 2025-05-04 17:30:51,452] Trial 11 finished with value: 0.9 and parameters: {'n_estimators': 421, 'max_depth': 4, 'min_samples_split': 7, 'min_samples_leaf': 3}. Best is trial 0 with value: 0.9.
[I 2025-05-04 17:30:52,587] Trial 12 finished with value: 0.9 and parameters: {'n_estimators': 410, 'max_depth': 3, 'min_samples_split': 7, 'min_samples_leaf': 4}. Best is trial 0 with value: 0.9.
[I 2025-05-04 17:30:52,928] Trial 13 finished with value: 0.9 and parameters: {'n_estimators': 228, 'max_depth': 7, 'min_samples_split': 7, 'min_samples_leaf': 4}. Best is trial 0 with value: 0.9.
[I 2025-05-04 17:30:53,392] Trial 14 finished with value: 0.85 and parameters: {'n_estimators': 386, 'max_depth': 6, 'min_samples_split': 8, 'min_samples_leaf': 1}. Best is trial 0 with value: 0.9.
[I 2025-05-04 17:30:53,677] Trial 15 finished with value: 0.9 and parameters: {'n_estimators': 213, 'max_depth': 11, 'min_samples_split': 6, 'min_samples_leaf': 3}. Best is trial 0 with value: 0.9.
[I 2025-05-04 17:30:54,119] Trial 16 finished with value: 0.9 and parameters: {'n_estimators': 372, 'max_depth': 7, 'min_samples_split': 5, 'min_samples_leaf': 5}. Best is trial 0 with value: 0.9.
[I 2025-05-04 17:30:54,587] Trial 17 finished with value: 0.85 and parameters: {'n_estimators': 443, 'max_depth': 20, 'min_samples_split': 8, 'min_samples_leaf': 2}. Best is trial 0 with value: 0.9.
[I 2025-05-04 17:30:54,863] Trial 18 finished with value: 0.9 and parameters: {'n_estimators': 238, 'max_depth': 16, 'min_samples_split': 5, 'min_samples_leaf': 5}. Best is trial 0 with value: 0.9.
[I 2025-05-04 17:30:55,374] Trial 19 finished with value: 0.9 and parameters: {'n_estimators': 453, 'max_depth': 9, 'min_samples_split': 10, 'min_samples_leaf': 6}. Best is trial 0 with value: 0.9.
[I 2025-05-04 17:30:55,775] Trial 20 finished with value: 0.9 and parameters: {'n_estimators': 352, 'max_depth': 5, 'min_samples_split': 8, 'min_samples_leaf': 3}. Best is trial 0 with value: 0.9.
[I 2025-05-04 17:30:56,221] Trial 21 finished with value: 0.9 and parameters: {'n_estimators': 420, 'max_depth': 3, 'min_samples_split': 7, 'min_samples_leaf': 3}. Best is trial 0 with value: 0.9.
[I 2025-05-04 17:30:56,702] Trial 22 finished with value: 0.9 and parameters: {'n_estimators': 392, 'max_depth': 5, 'min_samples_split': 7, 'min_samples_leaf': 4}. Best is trial 0 with value: 0.9.
[I 2025-05-04 17:30:57,171] Trial 23 finished with value: 0.9 and parameters: {'n_estimators': 436, 'max_depth': 4, 'min_samples_split': 6, 'min_samples_leaf': 2}. Best is trial 0 with value: 0.9.
[I 2025-05-04 17:30:57,709] Trial 24 finished with value: 0.9 and parameters: {'n_estimators': 461, 'max_depth': 8, 'min_samples_split': 9, 'min_samples_leaf': 2}. Best is trial 0 with value: 0.9.
[I 2025-05-04 17:30:58,118] Trial 25 finished with value: 0.85 and parameters: {'n_estimators': 371, 'max_depth': 12, 'min_samples_split': 6, 'min_samples_leaf': 5}. Best is trial 0 with value: 0.9.
[I 2025-05-04 17:30:58,545] Trial 26 finished with value: 0.9 and parameters: {'n_estimators': 314, 'max_depth': 5, 'min_samples_split': 8, 'min_samples_leaf': 4}. Best is trial 0 with value: 0.9.
[I 2025-05-04 17:30:59,033] Trial 27 finished with value: 0.9 and parameters: {'n_estimators': 405, 'max_depth': 3, 'min_samples_split': 7, 'min_samples_leaf': 6}. Best is trial 0 with value: 0.9.
[I 2025-05-04 17:30:59,328] Trial 28 finished with value: 0.9 and parameters: {'n_estimators': 184, 'max_depth': 11, 'min_samples_split': 4, 'min_samples_leaf': 3}. Best is trial 0 with value: 0.9.
[I 2025-05-04 17:30:59,614] Trial 29 finished with value: 0.5 and parameters: {'n_estimators': 261, 'max_depth': 16, 'min_samples_split': 5, 'min_samples_leaf': 7}. Best is trial 0 with value: 0.9.
[I 2025-05-04 17:31:03,913] A new study created in memory with name: svc
Parámetros guardados en checkpoint_shoppers_Dlatent_Roriginal_ft/ag/best_models_ag_seed_0/rf_best_params.json


>>> Optuna tuning svc


[I 2025-05-04 17:31:05,217] Trial 0 finished with value: 0.35 and parameters: {'C': 1.5676677195506077, 'gamma': 0.07257005721594278}. Best is trial 0 with value: 0.35.
[I 2025-05-04 17:31:05,299] Trial 1 finished with value: 0.55 and parameters: {'C': 2.57663857461359, 'gamma': 0.01511933646764101}. Best is trial 1 with value: 0.55.
[I 2025-05-04 17:31:05,323] Trial 2 finished with value: 0.55 and parameters: {'C': 0.49501595537331966, 'gamma': 0.03833332156156663}. Best is trial 1 with value: 0.55.
[I 2025-05-04 17:31:05,338] Trial 3 finished with value: 0.35 and parameters: {'C': 0.5627932047415171, 'gamma': 0.36905577292137587}. Best is trial 1 with value: 0.55.
[I 2025-05-04 17:31:05,351] Trial 4 finished with value: 0.5 and parameters: {'C': 71.55682161754872, 'gamma': 0.0034179529120610124}. Best is trial 1 with value: 0.55.
[I 2025-05-04 17:31:05,366] Trial 5 finished with value: 0.5 and parameters: {'C': 14.68588598920087, 'gamma': 0.013049073550362394}. Best is trial 1 with value: 0.55.
[I 2025-05-04 17:31:05,379] Trial 6 finished with value: 0.45 and parameters: {'C': 1.871450068624068, 'gamma': 0.503948959867121}. Best is trial 1 with value: 0.55.
[I 2025-05-04 17:31:05,393] Trial 7 finished with value: 0.75 and parameters: {'C': 0.0192373050965465, 'gamma': 0.00022310905607443037}. Best is trial 7 with value: 0.75.
[I 2025-05-04 17:31:05,408] Trial 8 finished with value: 0.35 and parameters: {'C': 0.012046852412030323, 'gamma': 0.2140323314098606}. Best is trial 7 with value: 0.75.
[I 2025-05-04 17:31:05,421] Trial 9 finished with value: 0.4 and parameters: {'C': 12.960656597279739, 'gamma': 0.3020289640158664}. Best is trial 7 with value: 0.75.
[I 2025-05-04 17:31:05,446] Trial 10 finished with value: 0.75 and parameters: {'C': 0.012059738380975302, 'gamma': 0.00012417733961874404}. Best is trial 7 with value: 0.75.
[I 2025-05-04 17:31:06,133] Trial 11 finished with value: 0.75 and parameters: {'C': 0.012108081598113376, 'gamma': 0.00012027721754053574}. Best is trial 7 with value: 0.75.
[I 2025-05-04 17:31:06,801] Trial 12 finished with value: 0.75 and parameters: {'C': 0.0727244339408868, 'gamma': 0.00010761602087789272}. Best is trial 7 with value: 0.75.
[I 2025-05-04 17:31:06,825] Trial 13 finished with value: 0.7 and parameters: {'C': 0.08221010964818257, 'gamma': 0.0009072712799115747}. Best is trial 7 with value: 0.75.
[I 2025-05-04 17:31:06,847] Trial 14 finished with value: 0.7 and parameters: {'C': 0.08924483676517878, 'gamma': 0.0005300017168891192}. Best is trial 7 with value: 0.75.
[I 2025-05-04 17:31:06,870] Trial 15 finished with value: 0.7 and parameters: {'C': 0.032374504545013394, 'gamma': 0.0005170517908983728}. Best is trial 7 with value: 0.75.
[I 2025-05-04 17:31:06,891] Trial 16 finished with value: 0.7 and parameters: {'C': 0.21704378073201902, 'gamma': 0.0013018672297928342}. Best is trial 7 with value: 0.75.
[I 2025-05-04 17:31:06,913] Trial 17 finished with value: 0.75 and parameters: {'C': 0.02980898338532195, 'gamma': 0.00023084049950444354}. Best is trial 7 with value: 0.75.
[I 2025-05-04 17:31:06,934] Trial 18 finished with value: 0.7 and parameters: {'C': 0.03139703883426916, 'gamma': 0.002431370476965216}. Best is trial 7 with value: 0.75.
[I 2025-05-04 17:31:06,959] Trial 19 finished with value: 0.7 and parameters: {'C': 0.22836946377918269, 'gamma': 0.00026595275703369454}. Best is trial 7 with value: 0.75.
[I 2025-05-04 17:31:06,980] Trial 20 finished with value: 0.7 and parameters: {'C': 0.01038210832088568, 'gamma': 0.002546255537500127}. Best is trial 7 with value: 0.75.
[I 2025-05-04 17:31:07,004] Trial 21 finished with value: 0.75 and parameters: {'C': 0.01043678043173402, 'gamma': 0.00010051857507690099}. Best is trial 7 with value: 0.75.
[I 2025-05-04 17:31:07,029] Trial 22 finished with value: 0.75 and parameters: {'C': 0.026417994705391305, 'gamma': 0.000252421575005514}. Best is trial 7 with value: 0.75.
[I 2025-05-04 17:31:07,050] Trial 23 finished with value: 0.75 and parameters: {'C': 0.02090852123917597, 'gamma': 0.0001899503312038743}. Best is trial 7 with value: 0.75.
[I 2025-05-04 17:31:07,696] Trial 24 finished with value: 0.7 and parameters: {'C': 0.06011833107958516, 'gamma': 0.0006264061841261288}. Best is trial 7 with value: 0.75.
[I 2025-05-04 17:31:07,719] Trial 25 finished with value: 0.7 and parameters: {'C': 0.20472619212534593, 'gamma': 0.005306392656241849}. Best is trial 7 with value: 0.75.
[I 2025-05-04 17:31:07,740] Trial 26 finished with value: 0.7 and parameters: {'C': 0.015228817582632758, 'gamma': 0.0013710329699270906}. Best is trial 7 with value: 0.75.
[I 2025-05-04 17:31:07,765] Trial 27 finished with value: 0.75 and parameters: {'C': 0.04977842653260786, 'gamma': 0.00010378236697772809}. Best is trial 7 with value: 0.75.
[I 2025-05-04 17:31:07,786] Trial 28 finished with value: 0.7 and parameters: {'C': 0.14060187561041332, 'gamma': 0.00043472418252162276}. Best is trial 7 with value: 0.75.
[I 2025-05-04 17:31:07,807] Trial 29 finished with value: 0.45 and parameters: {'C': 3.9012730286736423, 'gamma': 0.08954002750263801}. Best is trial 7 with value: 0.75.
[I 2025-05-04 17:31:09,733] A new study created in memory with name: logreg
Parámetros guardados en checkpoint_shoppers_Dlatent_Roriginal_ft/ag/best_models_ag_seed_0/svc_best_params.json


>>> Optuna tuning logreg


[I 2025-05-04 17:31:12,683] Trial 0 finished with value: 0.6 and parameters: {'C': 0.5547119471592125, 'penalty': 'l2'}. Best is trial 0 with value: 0.6.
[I 2025-05-04 17:31:12,983] Trial 1 finished with value: 0.55 and parameters: {'C': 3.7665768415992953, 'penalty': 'l2'}. Best is trial 0 with value: 0.6.
[I 2025-05-04 17:31:12,999] Trial 2 finished with value: 0.55 and parameters: {'C': 1.032326035197657, 'penalty': 'l2'}. Best is trial 0 with value: 0.6.
[I 2025-05-04 17:31:13,022] Trial 3 finished with value: 0.6 and parameters: {'C': 0.530170934757683, 'penalty': 'l2'}. Best is trial 0 with value: 0.6.
[I 2025-05-04 17:31:13,046] Trial 4 finished with value: 0.7 and parameters: {'C': 0.13130280280658593, 'penalty': 'l2'}. Best is trial 4 with value: 0.7.
[I 2025-05-04 17:31:13,070] Trial 5 finished with value: 0.6 and parameters: {'C': 1.6961746387290997, 'penalty': 'l2'}. Best is trial 4 with value: 0.7.
[I 2025-05-04 17:31:13,096] Trial 6 finished with value: 0.7 and parameters: {'C': 0.15414734761917095, 'penalty': 'l2'}. Best is trial 4 with value: 0.7.
[I 2025-05-04 17:31:13,120] Trial 7 finished with value: 0.65 and parameters: {'C': 28.765041432546976, 'penalty': 'l2'}. Best is trial 4 with value: 0.7.
[I 2025-05-04 17:31:13,143] Trial 8 finished with value: 0.6 and parameters: {'C': 65.81332043291806, 'penalty': 'l2'}. Best is trial 4 with value: 0.7.
[I 2025-05-04 17:31:13,167] Trial 9 finished with value: 0.7 and parameters: {'C': 0.08264328927007726, 'penalty': 'l2'}. Best is trial 4 with value: 0.7.
[I 2025-05-04 17:31:13,200] Trial 10 finished with value: 0.65 and parameters: {'C': 0.002101331318459542, 'penalty': 'l2'}. Best is trial 4 with value: 0.7.
[I 2025-05-04 17:31:13,826] Trial 11 finished with value: 0.65 and parameters: {'C': 0.03036153327802513, 'penalty': 'l2'}. Best is trial 4 with value: 0.7.
[I 2025-05-04 17:31:13,848] Trial 12 finished with value: 0.7 and parameters: {'C': 0.033556499357206324, 'penalty': 'l2'}. Best is trial 4 with value: 0.7.
[I 2025-05-04 17:31:14,491] Trial 13 finished with value: 0.65 and parameters: {'C': 0.007276906109979134, 'penalty': 'l2'}. Best is trial 4 with value: 0.7.
[I 2025-05-04 17:31:14,511] Trial 14 finished with value: 0.7 and parameters: {'C': 0.11601944433019222, 'penalty': 'l2'}. Best is trial 4 with value: 0.7.
[I 2025-05-04 17:31:14,542] Trial 15 finished with value: 0.6 and parameters: {'C': 9.042294263425593, 'penalty': 'l2'}. Best is trial 4 with value: 0.7.
[I 2025-05-04 17:31:15,174] Trial 16 finished with value: 0.65 and parameters: {'C': 0.19473557856106175, 'penalty': 'l2'}. Best is trial 4 with value: 0.7.
[I 2025-05-04 17:31:15,205] Trial 17 finished with value: 0.65 and parameters: {'C': 0.011255007362380024, 'penalty': 'l2'}. Best is trial 4 with value: 0.7.
[I 2025-05-04 17:31:15,840] Trial 18 finished with value: 0.65 and parameters: {'C': 0.0011621032755888918, 'penalty': 'l2'}. Best is trial 4 with value: 0.7.
[I 2025-05-04 17:31:15,870] Trial 19 finished with value: 0.7 and parameters: {'C': 0.037786921184709776, 'penalty': 'l2'}. Best is trial 4 with value: 0.7.
[I 2025-05-04 17:31:15,890] Trial 20 finished with value: 0.65 and parameters: {'C': 0.006807241126650607, 'penalty': 'l2'}. Best is trial 4 with value: 0.7.
[I 2025-05-04 17:31:16,525] Trial 21 finished with value: 0.7 and parameters: {'C': 0.09870835015274895, 'penalty': 'l2'}. Best is trial 4 with value: 0.7.
[I 2025-05-04 17:31:16,555] Trial 22 finished with value: 0.6 and parameters: {'C': 0.2539692114737117, 'penalty': 'l2'}. Best is trial 4 with value: 0.7.
[I 2025-05-04 17:31:16,586] Trial 23 finished with value: 0.7 and parameters: {'C': 0.06477603962464525, 'penalty': 'l2'}. Best is trial 4 with value: 0.7.
[I 2025-05-04 17:31:16,607] Trial 24 finished with value: 0.65 and parameters: {'C': 0.016749320216005673, 'penalty': 'l2'}. Best is trial 4 with value: 0.7.
[I 2025-05-04 17:31:16,627] Trial 25 finished with value: 0.6 and parameters: {'C': 0.34406876204698517, 'penalty': 'l2'}. Best is trial 4 with value: 0.7.
[I 2025-05-04 17:31:16,657] Trial 26 finished with value: 0.6 and parameters: {'C': 1.852369588158108, 'penalty': 'l2'}. Best is trial 4 with value: 0.7.
[I 2025-05-04 17:31:16,678] Trial 27 finished with value: 0.7 and parameters: {'C': 0.1369645136695122, 'penalty': 'l2'}. Best is trial 4 with value: 0.7.
[I 2025-05-04 17:31:16,709] Trial 28 finished with value: 0.65 and parameters: {'C': 0.003522549647742728, 'penalty': 'l2'}. Best is trial 4 with value: 0.7.
[I 2025-05-04 17:31:16,730] Trial 29 finished with value: 0.6 and parameters: {'C': 0.6693793221698934, 'penalty': 'l2'}. Best is trial 4 with value: 0.7.
/data/home/rtabares/anaconda3/envs/pyth3.12/lib/python3.12/site-packages/xgboost/core.py:377: FutureWarning: Your system has an old version of glibc (< 2.28). We will stop supporting Linux distros with glibc older than 2.28 after **May 31, 2025**. Please upgrade to a recent Linux distro (with glibc >= 2.28) to use future versions of XGBoost.
Note: You have installed the 'manylinux2014' variant of XGBoost. Certain features such as GPU algorithms or federated learning are not available. To use these features, please upgrade to a recent Linux distro with glibc 2.28+, and install the 'manylinux_2_28' variant.
  warnings.warn(
[I 2025-05-04 17:31:18,582] A new study created in memory with name: mlp
/data/home/rtabares/anaconda3/envs/pyth3.12/lib/python3.12/site-packages/sklearn/neural_network/_multilayer_perceptron.py:691: ConvergenceWarning: Stochastic Optimizer: Maximum iterations (50) reached and the optimization hasn't converged yet.
  warnings.warn(
/data/home/rtabares/anaconda3/envs/pyth3.12/lib/python3.12/site-packages/sklearn/neural_network/_multilayer_perceptron.py:691: ConvergenceWarning: Stochastic Optimizer: Maximum iterations (50) reached and the optimization hasn't converged yet.
  warnings.warn(
/data/home/rtabares/anaconda3/envs/pyth3.12/lib/python3.12/site-packages/sklearn/neural_network/_multilayer_perceptron.py:691: ConvergenceWarning: Stochastic Optimizer: Maximum iterations (50) reached and the optimization hasn't converged yet.
  warnings.warn(
/data/home/rtabares/anaconda3/envs/pyth3.12/lib/python3.12/site-packages/sklearn/neural_network/_multilayer_perceptron.py:691: ConvergenceWarning: Stochastic Optimizer: Maximum iterations (50) reached and the optimization hasn't converged yet.
  warnings.warn(
/data/home/rtabares/anaconda3/envs/pyth3.12/lib/python3.12/site-packages/sklearn/neural_network/_multilayer_perceptron.py:691: ConvergenceWarning: Stochastic Optimizer: Maximum iterations (50) reached and the optimization hasn't converged yet.
  warnings.warn(
