[I 2025-05-04 17:23:53,987] Trial 29 finished with value: 0.4 and parameters: {'hidden_layer_sizes': (100, 100), 'max_iter': 50, 'alpha': 0.0001}. Best is trial 19 with value: 0.7.
Parámetros guardados en checkpoint_shoppers_Dlatent_Roriginal/random/best_models_random_seed_0/mlp_best_params.json
Categoricas entrenamiento:  7
Datos unicos de y_train:  [False  True]
Datos unicos de y_train luego:  [0 1]
No se creó ClassifierHead (num_classes no proporcionado o <= 0).
  0%|          | 0/3 [00:00<?, ?it/s] 33%|███▎      | 1/3 [00:00<00:01,  1.03it/s]100%|██████████| 3/3 [00:01<00:00,  2.72it/s]
Epoch 001/3000 Train Loss: 3.550787 (MSE:1.343690, CE:2.205951, KLD:0.148534)  Val Loss: 5.322853 (MSE:3.358074, CE:1.960864, KLD:0.507447)
  0%|          | 0/3 [00:00<?, ?it/s] 33%|███▎      | 1/3 [00:00<00:00,  2.07it/s]100%|██████████| 3/3 [00:00<00:00,  4.69it/s]
Epoch 002/3000 Train Loss: 2.718327 (MSE:0.851722, CE:1.864365, KLD:0.290290)  Val Loss: 2.512638 (MSE:0.778823, CE:1.728852, KLD:0.643309)
  0%|          | 0/3 [00:00<?, ?it/s] 33%|███▎      | 1/3 [00:00<00:00,  2.10it/s]100%|██████████| 3/3 [00:00<00:00,  4.78it/s]
Epoch 003/3000 Train Loss: 2.297545 (MSE:0.628472, CE:1.664996, KLD:0.528478)  Val Loss: 3.664242 (MSE:2.113958, CE:1.542775, KLD:0.973135)
  0%|          | 0/3 [00:00<?, ?it/s] 33%|███▎      | 1/3 [00:00<00:00,  2.43it/s]100%|██████████| 3/3 [00:00<00:00,  5.19it/s]
Epoch 004/3000 Train Loss: 1.908924 (MSE:0.434630, CE:1.467707, KLD:0.853703)  Val Loss: 1.680647 (MSE:0.362088, CE:1.308832, KLD:1.260694)
  0%|          | 0/3 [00:00<?, ?it/s] 33%|███▎      | 1/3 [00:00<00:00,  2.57it/s]100%|██████████| 3/3 [00:00<00:00,  5.83it/s]
Epoch 005/3000 Train Loss: 1.537800 (MSE:0.288070, CE:1.239788, KLD:1.288567)  Val Loss: 1.480992 (MSE:0.393004, CE:1.075110, KLD:1.669028)
  0%|          | 0/3 [00:00<?, ?it/s] 33%|███▎      | 1/3 [00:00<00:00,  2.53it/s]100%|██████████| 3/3 [00:00<00:00,  5.62it/s]
Epoch 006/3000 Train Loss: 1.251158 (MSE:0.224416, CE:1.012945, KLD:1.788099)  Val Loss: 1.151683 (MSE:0.262174, CE:0.873101, KLD:2.126477)
  0%|          | 0/3 [00:00<?, ?it/s] 33%|███▎      | 1/3 [00:00<00:00,  2.56it/s]100%|██████████| 3/3 [00:00<00:00,  5.67it/s]
Epoch 007/3000 Train Loss: 1.017451 (MSE:0.170627, CE:0.829586, KLD:2.234049)  Val Loss: 0.928322 (MSE:0.178424, CE:0.730498, KLD:2.514248)
  0%|          | 0/3 [00:00<?, ?it/s] 33%|███▎      | 1/3 [00:00<00:00,  2.42it/s]100%|██████████| 3/3 [00:00<00:00,  5.51it/s]
Epoch 008/3000 Train Loss: 0.841048 (MSE:0.125903, CE:0.694955, KLD:2.616804)  Val Loss: 0.872261 (MSE:0.242229, CE:0.607650, KLD:2.900853)
  0%|          | 0/3 [00:00<?, ?it/s] 33%|███▎      | 1/3 [00:00<00:00,  2.56it/s]100%|██████████| 3/3 [00:00<00:00,  5.72it/s]
Epoch 009/3000 Train Loss: 0.706663 (MSE:0.107405, CE:0.575976, KLD:3.017484)  Val Loss: 0.642557 (MSE:0.121644, CE:0.495264, KLD:3.324222)
  0%|          | 0/3 [00:00<?, ?it/s] 33%|███▎      | 1/3 [00:00<00:00,  2.60it/s]100%|██████████| 3/3 [00:00<00:00,  5.76it/s]
Epoch 010/3000 Train Loss: 0.581603 (MSE:0.086843, CE:0.468220, KLD:3.439707)  Val Loss: 0.512500 (MSE:0.081504, CE:0.402164, KLD:3.736790)
  0%|          | 0/3 [00:00<?, ?it/s] 33%|███▎      | 1/3 [00:00<00:00,  2.57it/s]100%|██████████| 3/3 [00:00<00:00,  5.74it/s]
Epoch 011/3000 Train Loss: 0.481155 (MSE:0.071353, CE:0.380190, KLD:3.837920)  Val Loss: 0.448847 (MSE:0.091082, CE:0.326214, KLD:4.089169)
  0%|          | 0/3 [00:00<?, ?it/s] 33%|███▎      | 1/3 [00:00<00:00,  2.68it/s]100%|██████████| 3/3 [00:00<00:00,  5.51it/s]
Epoch 012/3000 Train Loss: 0.397366 (MSE:0.056463, CE:0.308817, KLD:4.158581)  Val Loss: 0.358315 (MSE:0.058881, CE:0.265921, KLD:4.343577)
  0%|          | 0/3 [00:00<?, ?it/s] 33%|███▎      | 1/3 [00:00<00:00,  2.36it/s]100%|██████████| 3/3 [00:00<00:00,  5.35it/s]
Epoch 013/3000 Train Loss: 0.328203 (MSE:0.045795, CE:0.248481, KLD:4.397178)  Val Loss: 0.332660 (MSE:0.087171, CE:0.210264, KLD:4.565372)
  0%|          | 0/3 [00:00<?, ?it/s] 33%|███▎      | 1/3 [00:00<00:00,  2.63it/s]100%|██████████| 3/3 [00:00<00:00,  5.72it/s]
Epoch 014/3000 Train Loss: 0.274261 (MSE:0.041251, CE:0.197473, KLD:4.605820)  Val Loss: 0.245542 (MSE:0.041724, CE:0.167256, KLD:4.738530)
  0%|          | 0/3 [00:00<?, ?it/s] 33%|███▎      | 1/3 [00:00<00:00,  2.51it/s]100%|██████████| 3/3 [00:00<00:00,  5.59it/s]
Epoch 015/3000 Train Loss: 0.226368 (MSE:0.034221, CE:0.155412, KLD:4.761156)  Val Loss: 0.212611 (MSE:0.045094, CE:0.130059, KLD:4.854759)
  0%|          | 0/3 [00:00<?, ?it/s] 33%|███▎      | 1/3 [00:00<00:00,  2.60it/s]100%|██████████| 3/3 [00:00<00:00,  5.81it/s]
Epoch 016/3000 Train Loss: 0.188436 (MSE:0.029259, CE:0.121673, KLD:4.860695)  Val Loss: 0.192605 (MSE:0.050606, CE:0.103963, KLD:4.929659)
  0%|          | 0/3 [00:00<?, ?it/s] 33%|███▎      | 1/3 [00:00<00:00,  2.52it/s]100%|██████████| 3/3 [00:00<00:00,  5.59it/s]
Epoch 017/3000 Train Loss: 0.158661 (MSE:0.026136, CE:0.094500, KLD:4.928235)  Val Loss: 0.203230 (MSE:0.086535, CE:0.078259, KLD:4.981557)
  0%|          | 0/3 [00:00<?, ?it/s] 33%|███▎      | 1/3 [00:00<00:00,  2.55it/s]100%|██████████| 3/3 [00:00<00:00,  5.57it/s]
Epoch 018/3000 Train Loss: 0.133699 (MSE:0.022277, CE:0.073053, KLD:4.972800)  Val Loss: 0.173518 (MSE:0.070213, CE:0.064614, KLD:5.014591)
  0%|          | 0/3 [00:00<?, ?it/s] 33%|███▎      | 1/3 [00:00<00:00,  2.55it/s]100%|██████████| 3/3 [00:00<00:00,  5.68it/s]
Epoch 019/3000 Train Loss: 0.115347 (MSE:0.020115, CE:0.056672, KLD:4.997465)  Val Loss: 0.112872 (MSE:0.026074, CE:0.048093, KLD:5.016415)
  0%|          | 0/3 [00:00<?, ?it/s] 33%|███▎      | 1/3 [00:00<00:00,  2.64it/s]100%|██████████| 3/3 [00:00<00:00,  5.48it/s]
Epoch 020/3000 Train Loss: 0.100589 (MSE:0.018101, CE:0.044017, KLD:4.986154)  Val Loss: 0.118826 (MSE:0.042650, CE:0.037774, KLD:4.977074)
  0%|          | 0/3 [00:00<?, ?it/s] 33%|███▎      | 1/3 [00:00<00:00,  2.69it/s]100%|██████████| 3/3 [00:00<00:00,  5.51it/s]
Epoch 021/3000 Train Loss: 0.088866 (MSE:0.016270, CE:0.034496, KLD:4.937867)  Val Loss: 0.096120 (MSE:0.027059, CE:0.031085, KLD:4.921857)
  0%|          | 0/3 [00:00<?, ?it/s] 33%|███▎      | 1/3 [00:00<00:00,  2.61it/s]100%|██████████| 3/3 [00:00<00:00,  5.74it/s]
Epoch 022/3000 Train Loss: 0.080288 (MSE:0.015102, CE:0.027490, KLD:4.885642)  Val Loss: 0.114863 (MSE:0.053241, CE:0.024125, KLD:4.859859)
  0%|          | 0/3 [00:00<?, ?it/s] 33%|███▎      | 1/3 [00:00<00:00,  2.60it/s]100%|██████████| 3/3 [00:00<00:00,  5.74it/s]
Epoch 023/3000 Train Loss: 0.073355 (MSE:0.013937, CE:0.022279, KLD:4.813446)  Val Loss: 0.152617 (MSE:0.092173, CE:0.023630, KLD:4.771341)
  0%|          | 0/3 [00:00<?, ?it/s] 33%|███▎      | 1/3 [00:00<00:00,  2.58it/s]100%|██████████| 3/3 [00:00<00:00,  5.78it/s]
Epoch 024/3000 Train Loss: 0.068013 (MSE:0.013001, CE:0.018570, KLD:4.723015)  Val Loss: 0.085502 (MSE:0.030705, CE:0.018671, KLD:4.682168)
  0%|          | 0/3 [00:00<?, ?it/s] 33%|███▎      | 1/3 [00:00<00:00,  2.53it/s]100%|██████████| 3/3 [00:00<00:00,  5.56it/s]
Epoch 025/3000 Train Loss: 0.063608 (MSE:0.011962, CE:0.015863, KLD:4.637645)  Val Loss: 0.080924 (MSE:0.028957, CE:0.016504, KLD:4.596245)
  0%|          | 0/3 [00:00<?, ?it/s] 33%|███▎      | 1/3 [00:00<00:00,  2.57it/s]100%|██████████| 3/3 [00:00<00:00,  5.67it/s]
Epoch 026/3000 Train Loss: 0.060424 (MSE:0.011387, CE:0.013925, KLD:4.550733)  Val Loss: 0.079793 (MSE:0.029909, CE:0.015064, KLD:4.512798)
  0%|          | 0/3 [00:00<?, ?it/s] 33%|███▎      | 1/3 [00:00<00:00,  2.56it/s]100%|██████████| 3/3 [00:00<00:00,  5.66it/s]
Epoch 027/3000 Train Loss: 0.058306 (MSE:0.011344, CE:0.012474, KLD:4.469783)  Val Loss: 0.126350 (MSE:0.080370, CE:0.011760, KLD:4.435099)
  0%|          | 0/3 [00:00<?, ?it/s] 33%|███▎      | 1/3 [00:00<00:00,  2.52it/s]100%|██████████| 3/3 [00:00<00:00,  5.57it/s]
Epoch 028/3000 Train Loss: 0.057016 (MSE:0.011784, CE:0.011314, KLD:4.395902)  Val Loss: 0.069782 (MSE:0.023735, CE:0.012339, KLD:4.368791)
  0%|          | 0/3 [00:00<?, ?it/s] 33%|███▎      | 1/3 [00:00<00:00,  2.55it/s]100%|██████████| 3/3 [00:00<00:00,  5.67it/s]
Epoch 029/3000 Train Loss: 0.054399 (MSE:0.010646, CE:0.010362, KLD:4.327731)  Val Loss: 0.092536 (MSE:0.049573, CE:0.009811, KLD:4.296659)
  0%|          | 0/3 [00:00<?, ?it/s] 33%|███▎      | 1/3 [00:00<00:00,  2.65it/s]100%|██████████| 3/3 [00:00<00:00,  5.81it/s]
Epoch 030/3000 Train Loss: 0.052540 (MSE:0.010119, CE:0.009589, KLD:4.255148)  Val Loss: 0.077961 (MSE:0.033481, CE:0.011895, KLD:4.223169)
  0%|          | 0/3 [00:00<?, ?it/s] 33%|███▎      | 1/3 [00:00<00:00,  2.51it/s]100%|██████████| 3/3 [00:00<00:00,  5.41it/s]
Epoch 031/3000 Train Loss: 0.050396 (MSE:0.009165, CE:0.008944, KLD:4.184671)  Val Loss: 0.077778 (MSE:0.034536, CE:0.011172, KLD:4.156553)
  0%|          | 0/3 [00:00<?, ?it/s] 33%|███▎      | 1/3 [00:00<00:00,  2.54it/s]100%|██████████| 3/3 [00:00<00:00,  5.61it/s]
Epoch 032/3000 Train Loss: 0.048784 (MSE:0.008662, CE:0.008353, KLD:4.117478)  Val Loss: 0.089515 (MSE:0.049937, CE:0.008048, KLD:4.086446)
  0%|          | 0/3 [00:00<?, ?it/s] 33%|███▎      | 1/3 [00:00<00:00,  2.56it/s]100%|██████████| 3/3 [00:00<00:00,  5.70it/s]
Epoch 033/3000 Train Loss: 0.047594 (MSE:0.008445, CE:0.007919, KLD:4.047460)  Val Loss: 0.067780 (MSE:0.029068, CE:0.007735, KLD:4.014801)
  0%|          | 0/3 [00:00<?, ?it/s] 33%|███▎      | 1/3 [00:00<00:00,  2.62it/s]100%|██████████| 3/3 [00:00<00:00,  5.58it/s]
Epoch 034/3000 Train Loss: 0.046068 (MSE:0.007854, CE:0.007528, KLD:3.977111)  Val Loss: 0.078698 (MSE:0.040911, CE:0.007346, KLD:3.945366)
  0%|          | 0/3 [00:00<?, ?it/s] 33%|███▎      | 1/3 [00:00<00:00,  2.63it/s]100%|██████████| 3/3 [00:00<00:00,  5.89it/s]
Epoch 035/3000 Train Loss: 0.045213 (MSE:0.007825, CE:0.007231, KLD:3.908506)  Val Loss: 0.082464 (MSE:0.045576, CE:0.006925, KLD:3.883388)
  0%|          | 0/3 [00:00<?, ?it/s] 33%|███▎      | 1/3 [00:00<00:00,  2.61it/s]100%|██████████| 3/3 [00:00<00:00,  5.72it/s]
Epoch 036/3000 Train Loss: 0.044769 (MSE:0.008184, CE:0.006914, KLD:3.845454)  Val Loss: 0.066616 (MSE:0.030231, CE:0.006939, KLD:3.816245)
  0%|          | 0/3 [00:00<?, ?it/s] 33%|███▎      | 1/3 [00:00<00:00,  2.58it/s]100%|██████████| 3/3 [00:00<00:00,  5.64it/s]
Epoch 037/3000 Train Loss: 0.043455 (MSE:0.007602, CE:0.006669, KLD:3.782439)  Val Loss: 0.061769 (MSE:0.023527, CE:0.009256, KLD:3.756774)
  0%|          | 0/3 [00:00<?, ?it/s] 33%|███▎      | 1/3 [00:00<00:00,  2.02it/s]100%|██████████| 3/3 [00:00<00:00,  3.30it/s]
Epoch 038/3000 Train Loss: 0.042114 (MSE:0.006956, CE:0.006433, KLD:3.722841)  Val Loss: 0.079790 (MSE:0.044914, CE:0.006323, KLD:3.700653)
  0%|          | 0/3 [00:00<?, ?it/s] 33%|███▎      | 1/3 [00:00<00:00,  2.59it/s]100%|██████████| 3/3 [00:00<00:00,  5.56it/s]
Epoch 039/3000 Train Loss: 0.041795 (MSE:0.007302, CE:0.006200, KLD:3.666844)  Val Loss: 0.050831 (MSE:0.014722, CE:0.007997, KLD:3.643586)
  0%|          | 0/3 [00:00<?, ?it/s] 33%|███▎      | 1/3 [00:00<00:00,  2.57it/s]100%|██████████| 3/3 [00:00<00:00,  5.22it/s]
Epoch 040/3000 Train Loss: 0.040702 (MSE:0.006788, CE:0.006041, KLD:3.612478)  Val Loss: 0.050637 (MSE:0.015744, CE:0.007190, KLD:3.590414)
  0%|          | 0/3 [00:00<?, ?it/s] 33%|███▎      | 1/3 [00:00<00:00,  2.46it/s]100%|██████████| 3/3 [00:00<00:00,  5.24it/s]
Epoch 041/3000 Train Loss: 0.039849 (MSE:0.006526, CE:0.005861, KLD:3.559234)  Val Loss: 0.082872 (MSE:0.049808, CE:0.005760, KLD:3.538893)
  0%|          | 0/3 [00:00<?, ?it/s] 33%|███▎      | 1/3 [00:00<00:00,  2.49it/s]100%|██████████| 3/3 [00:00<00:00,  5.46it/s]
Epoch 042/3000 Train Loss: 0.039202 (MSE:0.006431, CE:0.005705, KLD:3.507868)  Val Loss: 0.068923 (MSE:0.033619, CE:0.008393, KLD:3.487911)
  0%|          | 0/3 [00:00<?, ?it/s] 33%|███▎      | 1/3 [00:00<00:00,  2.48it/s]100%|██████████| 3/3 [00:00<00:00,  5.65it/s]
Epoch 043/3000 Train Loss: 0.038523 (MSE:0.006305, CE:0.005527, KLD:3.459335)  Val Loss: 0.058213 (MSE:0.024431, CE:0.007217, KLD:3.442881)
  0%|          | 0/3 [00:00<?, ?it/s] 33%|███▎      | 1/3 [00:00<00:00,  2.44it/s]100%|██████████| 3/3 [00:00<00:00,  5.58it/s]
Epoch 044/3000 Train Loss: 0.037780 (MSE:0.006058, CE:0.005376, KLD:3.414525)  Val Loss: 0.050649 (MSE:0.019000, CE:0.005435, KLD:3.397478)
  0%|          | 0/3 [00:00<?, ?it/s] 33%|███▎      | 1/3 [00:00<00:00,  2.55it/s]100%|██████████| 3/3 [00:00<00:00,  5.72it/s]
Epoch 045/3000 Train Loss: 0.037366 (MSE:0.006134, CE:0.005226, KLD:3.370506)  Val Loss: 0.091315 (MSE:0.060243, CE:0.005180, KLD:3.355730)
  0%|          | 0/3 [00:00<?, ?it/s] 33%|███▎      | 1/3 [00:00<00:00,  2.50it/s]100%|██████████| 3/3 [00:00<00:00,  5.49it/s]
Epoch 046/3000 Train Loss: 0.036813 (MSE:0.006017, CE:0.005115, KLD:3.328444)  Val Loss: 0.049545 (MSE:0.016708, CE:0.007281, KLD:3.312270)
  0%|          | 0/3 [00:00<?, ?it/s] 33%|███▎      | 1/3 [00:00<00:00,  2.60it/s]100%|██████████| 3/3 [00:00<00:00,  5.70it/s]
Epoch 047/3000 Train Loss: 0.036603 (MSE:0.006257, CE:0.004985, KLD:3.286935)  Val Loss: 0.058200 (MSE:0.028100, CE:0.004835, KLD:3.274618)
  0%|          | 0/3 [00:00<?, ?it/s] 33%|███▎      | 1/3 [00:00<00:00,  2.47it/s]100%|██████████| 3/3 [00:00<00:00,  5.44it/s]
Epoch 048/3000 Train Loss: 0.036883 (MSE:0.006950, CE:0.004869, KLD:3.248442)  Val Loss: 0.042839 (MSE:0.011514, CE:0.006366, KLD:3.234929)
  0%|          | 0/3 [00:00<?, ?it/s] 33%|███▎      | 1/3 [00:00<00:00,  2.59it/s]100%|██████████| 3/3 [00:00<00:00,  5.68it/s]
Epoch 049/3000 Train Loss: 0.035345 (MSE:0.005808, CE:0.004761, KLD:3.211052)  Val Loss: 0.059587 (MSE:0.026686, CE:0.008219, KLD:3.198920)
  0%|          | 0/3 [00:00<?, ?it/s] 33%|███▎      | 1/3 [00:00<00:00,  2.56it/s]100%|██████████| 3/3 [00:00<00:00,  5.68it/s]
Epoch 050/3000 Train Loss: 0.034701 (MSE:0.005558, CE:0.004641, KLD:3.175615)  Val Loss: 0.042716 (MSE:0.013243, CE:0.005060, KLD:3.164098)
  0%|          | 0/3 [00:00<?, ?it/s] 33%|███▎      | 1/3 [00:00<00:00,  2.65it/s]100%|██████████| 3/3 [00:00<00:00,  5.77it/s]
Epoch 051/3000 Train Loss: 0.034127 (MSE:0.005362, CE:0.004537, KLD:3.140095)  Val Loss: 0.052083 (MSE:0.023483, CE:0.004464, KLD:3.128085)
  0%|          | 0/3 [00:00<?, ?it/s] 33%|███▎      | 1/3 [00:00<00:00,  2.51it/s]100%|██████████| 3/3 [00:00<00:00,  5.60it/s]
Epoch 052/3000 Train Loss: 0.033779 (MSE:0.005364, CE:0.004457, KLD:3.105121)  Val Loss: 0.048934 (MSE:0.020750, CE:0.004310, KLD:3.094054)
  0%|          | 0/3 [00:00<?, ?it/s] 33%|███▎      | 1/3 [00:00<00:00,  2.57it/s]100%|██████████| 3/3 [00:00<00:00,  5.75it/s]
Epoch 053/3000 Train Loss: 0.033095 (MSE:0.005062, CE:0.004337, KLD:3.071236)  Val Loss: 0.046423 (MSE:0.018557, CE:0.004265, KLD:3.058804)
  0%|          | 0/3 [00:00<?, ?it/s] 33%|███▎      | 1/3 [00:00<00:00,  2.57it/s]100%|██████████| 3/3 [00:00<00:00,  5.39it/s]
Epoch 054/3000 Train Loss: 0.032711 (MSE:0.005023, CE:0.004264, KLD:3.035939)  Val Loss: 0.040844 (MSE:0.013373, CE:0.004136, KLD:3.024267)
  0%|          | 0/3 [00:00<?, ?it/s] 33%|███▎      | 1/3 [00:00<00:00,  2.66it/s]100%|██████████| 3/3 [00:00<00:00,  5.86it/s]
Epoch 055/3000 Train Loss: 0.032310 (MSE:0.004979, CE:0.004170, KLD:3.001706)  Val Loss: 0.042521 (MSE:0.015417, CE:0.004026, KLD:2.991038)
  0%|          | 0/3 [00:00<?, ?it/s] 33%|███▎      | 1/3 [00:00<00:00,  2.66it/s]100%|██████████| 3/3 [00:00<00:00,  5.58it/s]
Epoch 056/3000 Train Loss: 0.031886 (MSE:0.004903, CE:0.004068, KLD:2.969872)  Val Loss: 0.051832 (MSE:0.024992, CE:0.004000, KLD:2.960156)
  0%|          | 0/3 [00:00<?, ?it/s] 33%|███▎      | 1/3 [00:00<00:00,  2.62it/s]100%|██████████| 3/3 [00:00<00:00,  5.62it/s]
Epoch 057/3000 Train Loss: 0.031459 (MSE:0.004771, CE:0.004010, KLD:2.939069)  Val Loss: 0.096392 (MSE:0.069851, CE:0.003939, KLD:2.929407)
  0%|          | 0/3 [00:00<?, ?it/s] 33%|███▎      | 1/3 [00:00<00:00,  2.45it/s]100%|██████████| 3/3 [00:00<00:00,  5.40it/s]
Epoch 058/3000 Train Loss: 0.031152 (MSE:0.004762, CE:0.003945, KLD:2.909060)  Val Loss: 0.042874 (MSE:0.016589, CE:0.003899, KLD:2.901429)
  0%|          | 0/3 [00:00<?, ?it/s] 33%|███▎      | 1/3 [00:00<00:00,  2.58it/s]100%|██████████| 3/3 [00:00<00:00,  5.62it/s]
Epoch 059/3000 Train Loss: 0.030952 (MSE:0.004887, CE:0.003827, KLD:2.882195)  Val Loss: 0.036894 (MSE:0.010905, CE:0.003808, KLD:2.874754)
  0%|          | 0/3 [00:00<?, ?it/s] 33%|███▎      | 1/3 [00:00<00:01,  1.98it/s]100%|██████████| 3/3 [00:00<00:00,  4.55it/s]
Epoch 060/3000 Train Loss: 0.031973 (MSE:0.006189, CE:0.003762, KLD:2.854129)  Val Loss: 0.047691 (MSE:0.022025, CE:0.003717, KLD:2.844800)
  0%|          | 0/3 [00:00<?, ?it/s] 33%|███▎      | 1/3 [00:00<00:00,  2.07it/s]100%|██████████| 3/3 [00:00<00:00,  4.57it/s]
Epoch 061/3000 Train Loss: 0.032269 (MSE:0.006780, CE:0.003692, KLD:2.825120)  Val Loss: 0.036306 (MSE:0.009863, CE:0.004697, KLD:2.818471)
  0%|          | 0/3 [00:00<?, ?it/s] 33%|███▎      | 1/3 [00:00<00:00,  2.09it/s]100%|██████████| 3/3 [00:00<00:00,  4.61it/s]
Epoch 062/3000 Train Loss: 0.030982 (MSE:0.005745, CE:0.003640, KLD:2.799132)  Val Loss: 0.039072 (MSE:0.013970, CE:0.003567, KLD:2.791095)
  0%|          | 0/3 [00:00<?, ?it/s] 33%|███▎      | 1/3 [00:00<00:00,  2.53it/s]100%|██████████| 3/3 [00:00<00:00,  5.57it/s]
Epoch 063/3000 Train Loss: 0.030905 (MSE:0.005946, CE:0.003563, KLD:2.773148)  Val Loss: 0.038233 (MSE:0.013414, CE:0.003465, KLD:2.767600)
  0%|          | 0/3 [00:00<?, ?it/s] 33%|███▎      | 1/3 [00:00<00:00,  2.62it/s]100%|██████████| 3/3 [00:00<00:00,  5.72it/s]
Epoch 064/3000 Train Loss: 0.029932 (MSE:0.005230, CE:0.003493, KLD:2.748795)  Val Loss: 0.039983 (MSE:0.015320, CE:0.003505, KLD:2.742133)
  0%|          | 0/3 [00:00<?, ?it/s] 33%|███▎      | 1/3 [00:00<00:00,  2.48it/s]100%|██████████| 3/3 [00:00<00:00,  5.52it/s]
Epoch 065/3000 Train Loss: 0.029784 (MSE:0.005319, CE:0.003455, KLD:2.723149)  Val Loss: 0.038462 (MSE:0.012168, CE:0.005346, KLD:2.715085)
  0%|          | 0/3 [00:00<?, ?it/s] 33%|███▎      | 1/3 [00:00<00:00,  2.61it/s]100%|██████████| 3/3 [00:00<00:00,  5.47it/s]
Epoch 066/3000 Train Loss: 0.028946 (MSE:0.004746, CE:0.003390, KLD:2.697029)  Val Loss: 0.032360 (MSE:0.007384, CE:0.004230, KLD:2.688922)
  0%|          | 0/3 [00:00<?, ?it/s] 33%|███▎      | 1/3 [00:00<00:00,  2.50it/s]100%|██████████| 3/3 [00:00<00:00,  5.50it/s]
Epoch 067/3000 Train Loss: 0.028527 (MSE:0.004592, CE:0.003332, KLD:2.670292)  Val Loss: 0.030657 (MSE:0.006870, CE:0.003245, KLD:2.662259)
  0%|          | 0/3 [00:00<?, ?it/s] 33%|███▎      | 1/3 [00:00<00:00,  2.53it/s]100%|██████████| 3/3 [00:00<00:00,  5.51it/s]
Epoch 068/3000 Train Loss: 0.028098 (MSE:0.004425, CE:0.003275, KLD:2.643726)  Val Loss: 0.039660 (MSE:0.016111, CE:0.003203, KLD:2.637007)
  0%|          | 0/3 [00:00<?, ?it/s] 33%|███▎      | 1/3 [00:00<00:00,  2.51it/s]100%|██████████| 3/3 [00:00<00:00,  5.39it/s]
Epoch 069/3000 Train Loss: 0.027804 (MSE:0.004392, CE:0.003208, KLD:2.618540)  Val Loss: 0.066652 (MSE:0.043321, CE:0.003184, KLD:2.611140)
  0%|          | 0/3 [00:00<?, ?it/s] 33%|███▎      | 1/3 [00:00<00:00,  2.64it/s]100%|██████████| 3/3 [00:00<00:00,  5.89it/s]
Epoch 070/3000 Train Loss: 0.027505 (MSE:0.004292, CE:0.003201, KLD:2.593758)  Val Loss: 0.047264 (MSE:0.024166, CE:0.003129, KLD:2.588045)
  0%|          | 0/3 [00:00<?, ?it/s] 33%|███▎      | 1/3 [00:00<00:00,  2.62it/s]100%|██████████| 3/3 [00:00<00:00,  5.62it/s]
Epoch 071/3000 Train Loss: 0.027161 (MSE:0.004219, CE:0.003095, KLD:2.572358)  Val Loss: 0.031839 (MSE:0.007446, CE:0.004575, KLD:2.568510)
  0%|          | 0/3 [00:00<?, ?it/s] 33%|███▎      | 1/3 [00:00<00:00,  2.61it/s]100%|██████████| 3/3 [00:00<00:00,  5.79it/s]
Epoch 072/3000 Train Loss: 0.026814 (MSE:0.004037, CE:0.003077, KLD:2.553124)  Val Loss: 0.046671 (MSE:0.024042, CE:0.002951, KLD:2.550357)
  0%|          | 0/3 [00:00<?, ?it/s] 33%|███▎      | 1/3 [00:00<00:00,  2.59it/s]100%|██████████| 3/3 [00:00<00:00,  5.79it/s]
Epoch 073/3000 Train Loss: 0.026449 (MSE:0.003888, CE:0.002997, KLD:2.535601)  Val Loss: 0.065026 (MSE:0.042382, CE:0.003105, KLD:2.532329)
  0%|          | 0/3 [00:00<?, ?it/s] 33%|███▎      | 1/3 [00:00<00:00,  2.59it/s]100%|██████████| 3/3 [00:00<00:00,  5.73it/s]
Epoch 074/3000 Train Loss: 0.026196 (MSE:0.003836, CE:0.002943, KLD:2.516563)  Val Loss: 0.034799 (MSE:0.012561, CE:0.002855, KLD:2.512254)
  0%|          | 0/3 [00:00<?, ?it/s] 33%|███▎      | 1/3 [00:00<00:00,  2.66it/s]100%|██████████| 3/3 [00:00<00:00,  5.77it/s]
Epoch 075/3000 Train Loss: 0.026108 (MSE:0.003948, CE:0.002893, KLD:2.497075)  Val Loss: 0.061308 (MSE:0.039224, CE:0.002846, KLD:2.493366)
  0%|          | 0/3 [00:00<?, ?it/s] 33%|███▎      | 1/3 [00:00<00:00,  2.66it/s]100%|██████████| 3/3 [00:00<00:00,  5.68it/s]
Epoch 076/3000 Train Loss: 0.025703 (MSE:0.003748, CE:0.002834, KLD:2.478180)  Val Loss: 0.067977 (MSE:0.046241, CE:0.002660, KLD:2.472386)
  0%|          | 0/3 [00:00<?, ?it/s] 33%|███▎      | 1/3 [00:00<00:00,  2.59it/s]100%|██████████| 3/3 [00:00<00:00,  5.68it/s]
Epoch 077/3000 Train Loss: 0.025500 (MSE:0.003742, CE:0.002804, KLD:2.456604)  Val Loss: 0.060381 (MSE:0.038662, CE:0.002805, KLD:2.451431)
  0%|          | 0/3 [00:00<?, ?it/s] 33%|███▎      | 1/3 [00:00<00:00,  2.58it/s]100%|██████████| 3/3 [00:00<00:00,  5.62it/s]
Epoch 078/3000 Train Loss: 0.023344 (MSE:0.003655, CE:0.002758, KLD:2.438106)  Val Loss: 0.026425 (MSE:0.006782, CE:0.002692, KLD:2.441122)
  0%|          | 0/3 [00:00<?, ?it/s] 33%|███▎      | 1/3 [00:00<00:00,  2.10it/s]100%|██████████| 3/3 [00:00<00:00,  4.72it/s]
Epoch 079/3000 Train Loss: 0.023136 (MSE:0.003580, CE:0.002683, KLD:2.429785)  Val Loss: 0.027956 (MSE:0.007213, CE:0.003832, KLD:2.435250)
  0%|          | 0/3 [00:00<?, ?it/s] 33%|███▎      | 1/3 [00:00<00:00,  2.06it/s]100%|██████████| 3/3 [00:00<00:00,  