[I 2025-05-04 08:34:03,047] Trial 11 finished with value: 0.7982562616742424 and parameters: {'n_estimators': 100, 'max_depth': 5, 'gamma': 0.9780821597952087, 'subsample': 0.6991327138554846, 'colsample_bytree': 0.9969596088199149}. Best is trial 11 with value: 0.7982562616742424.
/data/home/rtabares/anaconda3/envs/pyth3.12/lib/python3.12/site-packages/xgboost/core.py:377: FutureWarning: Your system has an old version of glibc (< 2.28). We will stop supporting Linux distros with glibc older than 2.28 after **May 31, 2025**. Please upgrade to a recent Linux distro (with glibc >= 2.28) to use future versions of XGBoost.
Note: You have installed the 'manylinux2014' variant of XGBoost. Certain features such as GPU algorithms or federated learning are not available. To use these features, please upgrade to a recent Linux distro with glibc 2.28+, and install the 'manylinux_2_28' variant.
  warnings.warn(
/data/home/rtabares/anaconda3/envs/pyth3.12/lib/python3.12/site-packages/xgboost/core.py:377: FutureWarning: Your system has an old version of glibc (< 2.28). We will stop supporting Linux distros with glibc older than 2.28 after **May 31, 2025**. Please upgrade to a recent Linux distro (with glibc >= 2.28) to use future versions of XGBoost.
Note: You have installed the 'manylinux2014' variant of XGBoost. Certain features such as GPU algorithms or federated learning are not available. To use these features, please upgrade to a recent Linux distro with glibc 2.28+, and install the 'manylinux_2_28' variant.
  warnings.warn(
/data/home/rtabares/anaconda3/envs/pyth3.12/lib/python3.12/site-packages/xgboost/core.py:377: FutureWarning: Your system has an old version of glibc (< 2.28). We will stop supporting Linux distros with glibc older than 2.28 after **May 31, 2025**. Please upgrade to a recent Linux distro (with glibc >= 2.28) to use future versions of XGBoost.
Note: You have installed the 'manylinux2014' variant of XGBoost. Certain features such as GPU algorithms or federated learning are not available. To use these features, please upgrade to a recent Linux distro with glibc 2.28+, and install the 'manylinux_2_28' variant.
  warnings.warn(
/data/home/rtabares/anaconda3/envs/pyth3.12/lib/python3.12/site-packages/xgboost/core.py:377: FutureWarning: Your system has an old version of glibc (< 2.28). We will stop supporting Linux distros with glibc older than 2.28 after **May 31, 2025**. Please upgrade to a recent Linux distro (with glibc >= 2.28) to use future versions of XGBoost.
Note: You have installed the 'manylinux2014' variant of XGBoost. Certain features such as GPU algorithms or federated learning are not available. To use these features, please upgrade to a recent Linux distro with glibc 2.28+, and install the 'manylinux_2_28' variant.
  warnings.warn(
[I 2025-05-04 08:34:08,643] Trial 12 finished with value: 0.7972132904632651 and parameters: {'n_estimators': 100, 'max_depth': 5, 'gamma': 0.9992933757507363, 'subsample': 0.7037618908833935, 'colsample_bytree': 0.9200775924124897}. Best is trial 11 with value: 0.7982562616742424.
[I 2025-05-04 08:34:11,711] Trial 13 finished with value: 0.797511142325884 and parameters: {'n_estimators': 100, 'max_depth': 5, 'gamma': 0.7614692109626992, 'subsample': 0.8111118200397299, 'colsample_bytree': 0.9122041437736855}. Best is trial 11 with value: 0.7982562616742424.
[I 2025-05-04 08:34:14,564] Trial 14 finished with value: 0.7971957047450474 and parameters: {'n_estimators': 100, 'max_depth': 5, 'gamma': 0.8619792491491385, 'subsample': 0.6419740102674932, 'colsample_bytree': 0.98584436173956}. Best is trial 11 with value: 0.7982562616742424.
[I 2025-05-04 08:34:16,268] Trial 15 finished with value: 0.7947270525365739 and parameters: {'n_estimators': 40, 'max_depth': 5, 'gamma': 0.3508253335562579, 'subsample': 0.8262595028177575, 'colsample_bytree': 0.7235503958995013}. Best is trial 11 with value: 0.7982562616742424.
[I 2025-05-04 08:34:20,229] Trial 16 finished with value: 0.7949107545735199 and parameters: {'n_estimators': 100, 'max_depth': 5, 'gamma': 0.6286484370183922, 'subsample': 0.6487804658026871, 'colsample_bytree': 0.8838031788621593}. Best is trial 11 with value: 0.7982562616742424.
[I 2025-05-04 08:34:24,043] Trial 17 finished with value: 0.7981990451863293 and parameters: {'n_estimators': 100, 'max_depth': 5, 'gamma': 0.36655148498992607, 'subsample': 0.8707044594862765, 'colsample_bytree': 0.617293780839153}. Best is trial 11 with value: 0.7982562616742424.
[I 2025-05-04 08:34:25,669] Trial 18 finished with value: 0.7934045670780715 and parameters: {'n_estimators': 40, 'max_depth': 5, 'gamma': 0.3544418085409456, 'subsample': 0.869455901249342, 'colsample_bytree': 0.6289769971575503}. Best is trial 11 with value: 0.7982562616742424.
[I 2025-05-04 08:34:28,379] Trial 19 finished with value: 0.7825445819844927 and parameters: {'n_estimators': 10, 'max_depth': 30, 'gamma': 0.42352659963854444, 'subsample': 0.8850649602054159, 'colsample_bytree': 0.666741753669585}. Best is trial 11 with value: 0.7982562616742424.
[I 2025-05-04 08:34:32,279] Trial 20 finished with value: 0.7984637793797692 and parameters: {'n_estimators': 100, 'max_depth': 5, 'gamma': 0.8436000526263521, 'subsample': 0.7536644872815214, 'colsample_bytree': 0.5280460435729333}. Best is trial 20 with value: 0.7984637793797692.
[I 2025-05-04 08:34:35,197] Trial 21 finished with value: 0.7979720649484363 and parameters: {'n_estimators': 100, 'max_depth': 5, 'gamma': 0.8819557169155927, 'subsample': 0.7525416662702719, 'colsample_bytree': 0.514085625026814}. Best is trial 20 with value: 0.7984637793797692.
[I 2025-05-04 08:34:39,294] Trial 22 finished with value: 0.7976946388150232 and parameters: {'n_estimators': 100, 'max_depth': 5, 'gamma': 0.8083472250546828, 'subsample': 0.6396221722078966, 'colsample_bytree': 0.594348905853391}. Best is trial 20 with value: 0.7984637793797692.
[I 2025-05-04 08:34:43,041] Trial 23 finished with value: 0.7983679474626163 and parameters: {'n_estimators': 100, 'max_depth': 5, 'gamma': 0.9328275059083723, 'subsample': 0.8975742584016496, 'colsample_bytree': 0.5013006813764311}. Best is trial 20 with value: 0.7984637793797692.
[I 2025-05-04 08:34:46,494] Trial 24 finished with value: 0.7973073945284475 and parameters: {'n_estimators': 100, 'max_depth': 5, 'gamma': 0.9167803245969495, 'subsample': 0.6931883563487821, 'colsample_bytree': 0.5021894713621671}. Best is trial 20 with value: 0.7984637793797692.
[I 2025-05-04 08:34:49,683] Trial 25 finished with value: 0.7973798766263365 and parameters: {'n_estimators': 100, 'max_depth': 5, 'gamma': 0.7075865544587456, 'subsample': 0.764466618113154, 'colsample_bytree': 0.5559285504540625}. Best is trial 20 with value: 0.7984637793797692.
[I 2025-05-04 08:34:52,568] Trial 26 finished with value: 0.7983486389904589 and parameters: {'n_estimators': 100, 'max_depth': 5, 'gamma': 0.8257425388718184, 'subsample': 0.9451005701803997, 'colsample_bytree': 0.7790575351711161}. Best is trial 20 with value: 0.7984637793797692.
[I 2025-05-04 08:34:55,347] Trial 27 finished with value: 0.7977930636635115 and parameters: {'n_estimators': 100, 'max_depth': 5, 'gamma': 0.8304814722610263, 'subsample': 0.9201949349190054, 'colsample_bytree': 0.77103113241339}. Best is trial 20 with value: 0.7984637793797692.
[I 2025-05-04 08:34:57,829] Trial 28 finished with value: 0.7918133529979643 and parameters: {'n_estimators': 40, 'max_depth': 20, 'gamma': 0.6472595912557465, 'subsample': 0.9536926151563576, 'colsample_bytree': 0.6901059360959295}. Best is trial 20 with value: 0.7984637793797692.
[I 2025-05-04 08:35:00,050] Trial 29 finished with value: 0.7833870101131761 and parameters: {'n_estimators': 10, 'max_depth': 30, 'gamma': 0.7871150212749687, 'subsample': 0.9243411044912965, 'colsample_bytree': 0.772075893878384}. Best is trial 20 with value: 0.7984637793797692.
[I 2025-05-04 08:39:03,134] A new study created in memory with name: rf
Parámetros guardados en checkpoint_adult_Dlatent_Roriginal/Full-data/best_models_Full-data_seed_0/xgb_best_params.json


>>> Optuna tuning rf


[I 2025-05-04 08:39:26,911] Trial 0 finished with value: 0.8284998579251786 and parameters: {'n_estimators': 320, 'max_depth': 15, 'min_samples_split': 7, 'min_samples_leaf': 6}. Best is trial 0 with value: 0.8284998579251786.
[I 2025-05-04 08:39:49,094] Trial 1 finished with value: 0.8276351358655789 and parameters: {'n_estimators': 269, 'max_depth': 14, 'min_samples_split': 5, 'min_samples_leaf': 9}. Best is trial 0 with value: 0.8284998579251786.
[I 2025-05-04 08:40:15,607] Trial 2 finished with value: 0.8190051143139986 and parameters: {'n_estimators': 486, 'max_depth': 9, 'min_samples_split': 9, 'min_samples_leaf': 6}. Best is trial 0 with value: 0.8284998579251786.
[I 2025-05-04 08:40:42,678] Trial 3 finished with value: 0.826641337595561 and parameters: {'n_estimators': 327, 'max_depth': 19, 'min_samples_split': 2, 'min_samples_leaf': 1}. Best is trial 0 with value: 0.8284998579251786.
[I 2025-05-04 08:40:50,826] Trial 4 finished with value: 0.8282469865582046 and parameters: {'n_estimators': 108, 'max_depth': 17, 'min_samples_split': 9, 'min_samples_leaf': 9}. Best is trial 0 with value: 0.8284998579251786.
[I 2025-05-04 08:41:21,072] Trial 5 finished with value: 0.8286697952892581 and parameters: {'n_estimators': 492, 'max_depth': 17, 'min_samples_split': 6, 'min_samples_leaf': 8}. Best is trial 5 with value: 0.8286697952892581.
[I 2025-05-04 08:41:31,111] Trial 6 finished with value: 0.8274702545684219 and parameters: {'n_estimators': 147, 'max_depth': 14, 'min_samples_split': 3, 'min_samples_leaf': 10}. Best is trial 5 with value: 0.8286697952892581.
[I 2025-05-04 08:41:47,494] Trial 7 finished with value: 0.820994466640393 and parameters: {'n_estimators': 309, 'max_depth': 10, 'min_samples_split': 4, 'min_samples_leaf': 8}. Best is trial 5 with value: 0.8286697952892581.
[I 2025-05-04 08:42:03,210] Trial 8 finished with value: 0.826822953669949 and parameters: {'n_estimators': 282, 'max_depth': 13, 'min_samples_split': 2, 'min_samples_leaf': 7}. Best is trial 5 with value: 0.8286697952892581.
[I 2025-05-04 08:42:22,194] Trial 9 finished with value: 0.8278230443461967 and parameters: {'n_estimators': 345, 'max_depth': 14, 'min_samples_split': 10, 'min_samples_leaf': 7}. Best is trial 5 with value: 0.8286697952892581.
[I 2025-05-04 08:42:36,479] Trial 10 finished with value: 0.7898231261945224 and parameters: {'n_estimators': 487, 'max_depth': 5, 'min_samples_split': 7, 'min_samples_leaf': 3}. Best is trial 5 with value: 0.8286697952892581.
[I 2025-05-04 08:42:58,372] Trial 11 finished with value: 0.8313488352247628 and parameters: {'n_estimators': 389, 'max_depth': 20, 'min_samples_split': 7, 'min_samples_leaf': 4}. Best is trial 11 with value: 0.8313488352247628.
[I 2025-05-04 08:43:18,503] Trial 12 finished with value: 0.8311737254584326 and parameters: {'n_estimators': 415, 'max_depth': 20, 'min_samples_split': 6, 'min_samples_leaf': 4}. Best is trial 11 with value: 0.8313488352247628.
[I 2025-05-04 08:43:37,378] Trial 13 finished with value: 0.8308760549650408 and parameters: {'n_estimators': 396, 'max_depth': 20, 'min_samples_split': 7, 'min_samples_leaf': 4}. Best is trial 11 with value: 0.8313488352247628.
[I 2025-05-04 08:43:56,693] Trial 14 finished with value: 0.8309588793406165 and parameters: {'n_estimators': 419, 'max_depth': 20, 'min_samples_split': 5, 'min_samples_leaf': 4}. Best is trial 11 with value: 0.8313488352247628.
[I 2025-05-04 08:44:13,727] Trial 15 finished with value: 0.8292923295955921 and parameters: {'n_estimators': 409, 'max_depth': 17, 'min_samples_split': 8, 'min_samples_leaf': 2}. Best is trial 11 with value: 0.8313488352247628.
[I 2025-05-04 08:44:17,041] Trial 16 finished with value: 0.7771117911424739 and parameters: {'n_estimators': 213, 'max_depth': 3, 'min_samples_split': 6, 'min_samples_leaf': 4}. Best is trial 11 with value: 0.8313488352247628.
[I 2025-05-04 08:44:29,450] Trial 17 finished with value: 0.8296494539493837 and parameters: {'n_estimators': 385, 'max_depth': 18, 'min_samples_split': 5, 'min_samples_leaf': 5}. Best is trial 11 with value: 0.8313488352247628.
[I 2025-05-04 08:44:40,952] Trial 18 finished with value: 0.819808714040336 and parameters: {'n_estimators': 439, 'max_depth': 9, 'min_samples_split': 8, 'min_samples_leaf': 2}. Best is trial 11 with value: 0.8313488352247628.
[I 2025-05-04 08:44:50,213] Trial 19 finished with value: 0.8047794031596389 and parameters: {'n_estimators': 366, 'max_depth': 7, 'min_samples_split': 4, 'min_samples_leaf': 5}. Best is trial 11 with value: 0.8313488352247628.
[I 2025-05-04 08:45:03,355] Trial 20 finished with value: 0.8271177601228171 and parameters: {'n_estimators': 448, 'max_depth': 12, 'min_samples_split': 8, 'min_samples_leaf': 3}. Best is trial 11 with value: 0.8313488352247628.
[I 2025-05-04 08:45:18,510] Trial 21 finished with value: 0.8307955402349807 and parameters: {'n_estimators': 435, 'max_depth': 20, 'min_samples_split': 6, 'min_samples_leaf': 4}. Best is trial 11 with value: 0.8313488352247628.
[I 2025-05-04 08:45:33,273] Trial 22 finished with value: 0.8315011126019016 and parameters: {'n_estimators': 422, 'max_depth': 20, 'min_samples_split': 5, 'min_samples_leaf': 3}. Best is trial 22 with value: 0.8315011126019016.
[I 2025-05-04 08:45:45,025] Trial 23 finished with value: 0.8289868856819119 and parameters: {'n_estimators': 371, 'max_depth': 16, 'min_samples_split': 4, 'min_samples_leaf': 3}. Best is trial 22 with value: 0.8315011126019016.
[I 2025-05-04 08:46:01,689] Trial 24 finished with value: 0.8287161277483494 and parameters: {'n_estimators': 462, 'max_depth': 18, 'min_samples_split': 5, 'min_samples_leaf': 1}. Best is trial 22 with value: 0.8315011126019016.
[I 2025-05-04 08:46:10,244] Trial 25 finished with value: 0.8299277303223332 and parameters: {'n_estimators': 249, 'max_depth': 19, 'min_samples_split': 6, 'min_samples_leaf': 2}. Best is trial 22 with value: 0.8315011126019016.
[I 2025-05-04 08:46:21,536] Trial 26 finished with value: 0.8299692910542559 and parameters: {'n_estimators': 351, 'max_depth': 19, 'min_samples_split': 7, 'min_samples_leaf': 5}. Best is trial 22 with value: 0.8315011126019016.
[I 2025-05-04 08:46:34,985] Trial 27 finished with value: 0.8288481832716622 and parameters: {'n_estimators': 406, 'max_depth': 16, 'min_samples_split': 3, 'min_samples_leaf': 3}. Best is trial 22 with value: 0.8315011126019016.
[I 2025-05-04 08:46:50,356] Trial 28 finished with value: 0.8309549380093127 and parameters: {'n_estimators': 450, 'max_depth': 20, 'min_samples_split': 6, 'min_samples_leaf': 2}. Best is trial 22 with value: 0.8315011126019016.
[I 2025-05-04 08:46:59,897] Trial 29 finished with value: 0.8289658985144754 and parameters: {'n_estimators': 326, 'max_depth': 16, 'min_samples_split': 7, 'min_samples_leaf': 6}. Best is trial 22 with value: 0.8315011126019016.
/data/home/rtabares/anaconda3/envs/pyth3.12/lib/python3.12/site-packages/xgboost/core.py:377: FutureWarning: Your system has an old version of glibc (< 2.28). We will stop supporting Linux distros with glibc older than 2.28 after **May 31, 2025**. Please upgrade to a recent Linux distro (with glibc >= 2.28) to use future versions of XGBoost.
Note: You have installed the 'manylinux2014' variant of XGBoost. Certain features such as GPU algorithms or federated learning are not available. To use these features, please upgrade to a recent Linux distro with glibc 2.28+, and install the 'manylinux_2_28' variant.
  warnings.warn(
/data/home/rtabares/anaconda3/envs/pyth3.12/lib/python3.12/site-packages/xgboost/core.py:377: FutureWarning: Your system has an old version of glibc (< 2.28). We will stop supporting Linux distros with glibc older than 2.28 after **May 31, 2025**. Please upgrade to a recent Linux distro (with glibc >= 2.28) to use future versions of XGBoost.
Note: You have installed the 'manylinux2014' variant of XGBoost. Certain features such as GPU algorithms or federated learning are not available. To use these features, please upgrade to a recent Linux distro with glibc 2.28+, and install the 'manylinux_2_28' variant.
  warnings.warn(
[I 2025-05-04 08:47:33,693] A new study created in memory with name: svc
Parámetros guardados en checkpoint_adult_Dlatent_Roriginal/Full-data/best_models_Full-data_seed_0/rf_best_params.json


>>> Optuna tuning svc


[I 2025-05-04 08:56:16,860] Trial 0 finished with value: 0.7657001935149305 and parameters: {'C': 1.5676677195506077, 'gamma': 0.07257005721594278}. Best is trial 0 with value: 0.7657001935149305.
[I 2025-05-04 09:04:22,912] Trial 1 finished with value: 0.7562946147933829 and parameters: {'C': 2.57663857461359, 'gamma': 0.01511933646764101}. Best is trial 0 with value: 0.7657001935149305.
[I 2025-05-04 09:12:20,357] Trial 2 finished with value: 0.7551067394415465 and parameters: {'C': 0.49501595537331966, 'gamma': 0.03833332156156663}. Best is trial 0 with value: 0.7657001935149305.
[I 2025-05-04 09:32:12,602] Trial 3 finished with value: 0.753217194996922 and parameters: {'C': 0.5627932047415171, 'gamma': 0.36905577292137587}. Best is trial 0 with value: 0.7657001935149305.
