[I 2025-05-04 17:45:47,464] Trial 28 finished with value: 0.7 and parameters: {'n_estimators': 10, 'max_depth': 20, 'gamma': 0.5663333619149671, 'subsample': 0.9072383784655597, 'colsample_bytree': 0.7519873312829767}. Best is trial 0 with value: 0.75.
[I 2025-05-04 17:45:47,503] Trial 29 finished with value: 0.6 and parameters: {'n_estimators': 40, 'max_depth': 5, 'gamma': 0.7589385189093268, 'subsample': 0.731054557446138, 'colsample_bytree': 0.7979520736259299}. Best is trial 0 with value: 0.75.
[I 2025-05-04 17:45:50,047] A new study created in memory with name: rf
Parámetros guardados en checkpoint_shoppers_Dlatent_Roriginal/k_center/best_models_k_center_seed_1/xgb_best_params.json


>>> Optuna tuning rf


[I 2025-05-04 17:45:52,389] Trial 0 finished with value: 0.6 and parameters: {'n_estimators': 267, 'max_depth': 15, 'min_samples_split': 2, 'min_samples_leaf': 4}. Best is trial 0 with value: 0.6.
[I 2025-05-04 17:45:52,938] Trial 1 finished with value: 0.6 and parameters: {'n_estimators': 158, 'max_depth': 4, 'min_samples_split': 3, 'min_samples_leaf': 4}. Best is trial 0 with value: 0.6.
[I 2025-05-04 17:45:53,265] Trial 2 finished with value: 0.5 and parameters: {'n_estimators': 259, 'max_depth': 12, 'min_samples_split': 5, 'min_samples_leaf': 7}. Best is trial 0 with value: 0.6.
[I 2025-05-04 17:45:53,554] Trial 3 finished with value: 0.5 and parameters: {'n_estimators': 181, 'max_depth': 18, 'min_samples_split': 2, 'min_samples_leaf': 7}. Best is trial 0 with value: 0.6.
[I 2025-05-04 17:45:53,902] Trial 4 finished with value: 0.6 and parameters: {'n_estimators': 267, 'max_depth': 13, 'min_samples_split': 3, 'min_samples_leaf': 2}. Best is trial 0 with value: 0.6.
[I 2025-05-04 17:45:54,383] Trial 5 finished with value: 0.5 and parameters: {'n_estimators': 421, 'max_depth': 20, 'min_samples_split': 4, 'min_samples_leaf': 7}. Best is trial 0 with value: 0.6.
[I 2025-05-04 17:45:54,914] Trial 6 finished with value: 0.55 and parameters: {'n_estimators': 451, 'max_depth': 19, 'min_samples_split': 2, 'min_samples_leaf': 1}. Best is trial 0 with value: 0.6.
[I 2025-05-04 17:45:55,151] Trial 7 finished with value: 0.7 and parameters: {'n_estimators': 168, 'max_depth': 18, 'min_samples_split': 2, 'min_samples_leaf': 5}. Best is trial 7 with value: 0.7.
[I 2025-05-04 17:45:55,725] Trial 8 finished with value: 0.65 and parameters: {'n_estimators': 484, 'max_depth': 12, 'min_samples_split': 8, 'min_samples_leaf': 4}. Best is trial 7 with value: 0.7.
[I 2025-05-04 17:45:56,145] Trial 9 finished with value: 0.5 and parameters: {'n_estimators': 375, 'max_depth': 18, 'min_samples_split': 2, 'min_samples_leaf': 8}. Best is trial 7 with value: 0.7.
[I 2025-05-04 17:45:56,299] Trial 10 finished with value: 0.5 and parameters: {'n_estimators': 104, 'max_depth': 6, 'min_samples_split': 10, 'min_samples_leaf': 10}. Best is trial 7 with value: 0.7.
[I 2025-05-04 17:45:57,460] Trial 11 finished with value: 0.65 and parameters: {'n_estimators': 363, 'max_depth': 8, 'min_samples_split': 8, 'min_samples_leaf': 4}. Best is trial 7 with value: 0.7.
[I 2025-05-04 17:45:58,492] Trial 12 finished with value: 0.65 and parameters: {'n_estimators': 344, 'max_depth': 9, 'min_samples_split': 7, 'min_samples_leaf': 5}. Best is trial 7 with value: 0.7.
[I 2025-05-04 17:45:59,665] Trial 13 finished with value: 0.6 and parameters: {'n_estimators': 490, 'max_depth': 15, 'min_samples_split': 9, 'min_samples_leaf': 3}. Best is trial 7 with value: 0.7.
[I 2025-05-04 17:46:00,536] Trial 14 finished with value: 0.7 and parameters: {'n_estimators': 210, 'max_depth': 15, 'min_samples_split': 6, 'min_samples_leaf': 6}. Best is trial 7 with value: 0.7.
[I 2025-05-04 17:46:00,821] Trial 15 finished with value: 0.55 and parameters: {'n_estimators': 194, 'max_depth': 16, 'min_samples_split': 6, 'min_samples_leaf': 6}. Best is trial 7 with value: 0.7.
[I 2025-05-04 17:46:01,009] Trial 16 finished with value: 0.5 and parameters: {'n_estimators': 132, 'max_depth': 16, 'min_samples_split': 5, 'min_samples_leaf': 9}. Best is trial 7 with value: 0.7.
[I 2025-05-04 17:46:01,293] Trial 17 finished with value: 0.5 and parameters: {'n_estimators': 224, 'max_depth': 14, 'min_samples_split': 6, 'min_samples_leaf': 6}. Best is trial 7 with value: 0.7.
[I 2025-05-04 17:46:01,555] Trial 18 finished with value: 0.6 and parameters: {'n_estimators': 207, 'max_depth': 10, 'min_samples_split': 4, 'min_samples_leaf': 5}. Best is trial 7 with value: 0.7.
[I 2025-05-04 17:46:01,911] Trial 19 finished with value: 0.5 and parameters: {'n_estimators': 311, 'max_depth': 17, 'min_samples_split': 7, 'min_samples_leaf': 8}. Best is trial 7 with value: 0.7.
[I 2025-05-04 17:46:02,137] Trial 20 finished with value: 0.55 and parameters: {'n_estimators': 151, 'max_depth': 20, 'min_samples_split': 4, 'min_samples_leaf': 2}. Best is trial 7 with value: 0.7.
[I 2025-05-04 17:46:02,453] Trial 21 finished with value: 0.6 and parameters: {'n_estimators': 242, 'max_depth': 11, 'min_samples_split': 9, 'min_samples_leaf': 5}. Best is trial 7 with value: 0.7.
[I 2025-05-04 17:46:02,866] Trial 22 finished with value: 0.6 and parameters: {'n_estimators': 318, 'max_depth': 13, 'min_samples_split': 8, 'min_samples_leaf': 3}. Best is trial 7 with value: 0.7.
[I 2025-05-04 17:46:03,398] Trial 23 finished with value: 0.75 and parameters: {'n_estimators': 493, 'max_depth': 12, 'min_samples_split': 10, 'min_samples_leaf': 6}. Best is trial 23 with value: 0.75.
[I 2025-05-04 17:46:03,869] Trial 24 finished with value: 0.65 and parameters: {'n_estimators': 402, 'max_depth': 14, 'min_samples_split': 10, 'min_samples_leaf': 6}. Best is trial 23 with value: 0.75.
[I 2025-05-04 17:46:04,003] Trial 25 finished with value: 0.5 and parameters: {'n_estimators': 100, 'max_depth': 18, 'min_samples_split': 7, 'min_samples_leaf': 8}. Best is trial 23 with value: 0.75.
[I 2025-05-04 17:46:04,267] Trial 26 finished with value: 0.55 and parameters: {'n_estimators': 171, 'max_depth': 7, 'min_samples_split': 5, 'min_samples_leaf': 6}. Best is trial 23 with value: 0.75.
[I 2025-05-04 17:46:04,529] Trial 27 finished with value: 0.5 and parameters: {'n_estimators': 221, 'max_depth': 16, 'min_samples_split': 9, 'min_samples_leaf': 7}. Best is trial 23 with value: 0.75.
[I 2025-05-04 17:46:04,899] Trial 28 finished with value: 0.7 and parameters: {'n_estimators': 287, 'max_depth': 11, 'min_samples_split': 3, 'min_samples_leaf': 5}. Best is trial 23 with value: 0.75.
[I 2025-05-04 17:46:05,075] Trial 29 finished with value: 0.55 and parameters: {'n_estimators': 128, 'max_depth': 15, 'min_samples_split': 6, 'min_samples_leaf': 4}. Best is trial 23 with value: 0.75.
[I 2025-05-04 17:46:09,013] A new study created in memory with name: svc
Parámetros guardados en checkpoint_shoppers_Dlatent_Roriginal/k_center/best_models_k_center_seed_1/rf_best_params.json


>>> Optuna tuning svc


[I 2025-05-04 17:46:10,838] Trial 0 finished with value: 0.35 and parameters: {'C': 0.4656804637919569, 'gamma': 0.07608481233714794}. Best is trial 0 with value: 0.35.
[I 2025-05-04 17:46:11,069] Trial 1 finished with value: 0.5 and parameters: {'C': 0.010010539860510492, 'gamma': 0.0016193110912440748}. Best is trial 1 with value: 0.5.
[I 2025-05-04 17:46:11,088] Trial 2 finished with value: 0.5 and parameters: {'C': 0.03863879405158731, 'gamma': 0.00023407464805767542}. Best is trial 1 with value: 0.5.
[I 2025-05-04 17:46:11,104] Trial 3 finished with value: 0.5 and parameters: {'C': 0.0555956542671257, 'gamma': 0.002411253706147574}. Best is trial 1 with value: 0.5.
[I 2025-05-04 17:46:11,118] Trial 4 finished with value: 0.4 and parameters: {'C': 0.3864291653552654, 'gamma': 0.014297724879798395}. Best is trial 1 with value: 0.5.
[I 2025-05-04 17:46:11,133] Trial 5 finished with value: 0.35 and parameters: {'C': 0.47509237210306143, 'gamma': 0.05506529897945987}. Best is trial 1 with value: 0.5.
[I 2025-05-04 17:46:11,151] Trial 6 finished with value: 0.25 and parameters: {'C': 0.06573686655138336, 'gamma': 0.3254391115088485}. Best is trial 1 with value: 0.5.
[I 2025-05-04 17:46:11,167] Trial 7 finished with value: 0.4 and parameters: {'C': 0.01286916510781503, 'gamma': 0.04806954824961596}. Best is trial 1 with value: 0.5.
[I 2025-05-04 17:46:11,181] Trial 8 finished with value: 0.4 and parameters: {'C': 0.4668949853708895, 'gamma': 0.017169565852473867}. Best is trial 1 with value: 0.5.
[I 2025-05-04 17:46:11,197] Trial 9 finished with value: 0.5 and parameters: {'C': 0.03643743139281253, 'gamma': 0.0006200203677164723}. Best is trial 1 with value: 0.5.
[I 2025-05-04 17:46:11,220] Trial 10 finished with value: 0.4 and parameters: {'C': 35.745293136206676, 'gamma': 0.0016217424317920186}. Best is trial 1 with value: 0.5.
[I 2025-05-04 17:46:11,870] Trial 11 finished with value: 0.55 and parameters: {'C': 0.010851625255889582, 'gamma': 0.00012938353598705696}. Best is trial 11 with value: 0.55.
[I 2025-05-04 17:46:12,524] Trial 12 finished with value: 0.5 and parameters: {'C': 9.301178507653706, 'gamma': 0.0001978106013611572}. Best is trial 11 with value: 0.55.
[I 2025-05-04 17:46:12,548] Trial 13 finished with value: 0.55 and parameters: {'C': 0.01249036766895514, 'gamma': 0.0001094249940955018}. Best is trial 11 with value: 0.55.
[I 2025-05-04 17:46:12,574] Trial 14 finished with value: 0.55 and parameters: {'C': 3.068096919713349, 'gamma': 0.00010964938823452189}. Best is trial 11 with value: 0.55.
[I 2025-05-04 17:46:12,598] Trial 15 finished with value: 0.4 and parameters: {'C': 96.80278171389716, 'gamma': 0.0005247748970521909}. Best is trial 11 with value: 0.55.
[I 2025-05-04 17:46:12,622] Trial 16 finished with value: 0.5 and parameters: {'C': 0.11666993198759097, 'gamma': 0.0032063496261793634}. Best is trial 11 with value: 0.55.
[I 2025-05-04 17:46:12,643] Trial 17 finished with value: 0.55 and parameters: {'C': 0.14972507642652583, 'gamma': 0.00010269723000137276}. Best is trial 11 with value: 0.55.
[I 2025-05-04 17:46:12,665] Trial 18 finished with value: 0.5 and parameters: {'C': 0.017338911665901697, 'gamma': 0.0005065517913757467}. Best is trial 11 with value: 0.55.
[I 2025-05-04 17:46:12,689] Trial 19 finished with value: 0.45 and parameters: {'C': 2.1899821455274875, 'gamma': 0.0054150953987171365}. Best is trial 11 with value: 0.55.
[I 2025-05-04 17:46:13,316] Trial 20 finished with value: 0.5 and parameters: {'C': 0.17013996720831115, 'gamma': 0.0007656529058205188}. Best is trial 11 with value: 0.55.
[I 2025-05-04 17:46:13,340] Trial 21 finished with value: 0.55 and parameters: {'C': 2.787099095178111, 'gamma': 0.00014847612245300087}. Best is trial 11 with value: 0.55.
[I 2025-05-04 17:46:13,361] Trial 22 finished with value: 0.55 and parameters: {'C': 7.321862319651744, 'gamma': 0.00010018390513737316}. Best is trial 11 with value: 0.55.
[I 2025-05-04 17:46:13,386] Trial 23 finished with value: 0.5 and parameters: {'C': 1.1883357986759742, 'gamma': 0.0002625457893126063}. Best is trial 11 with value: 0.55.
[I 2025-05-04 17:46:14,016] Trial 24 finished with value: 0.5 and parameters: {'C': 8.26280065229497, 'gamma': 0.00033537774698356114}. Best is trial 11 with value: 0.55.
[I 2025-05-04 17:46:14,040] Trial 25 finished with value: 0.5 and parameters: {'C': 0.025591824715621107, 'gamma': 0.0010064021724809325}. Best is trial 11 with value: 0.55.
[I 2025-05-04 17:46:14,066] Trial 26 finished with value: 0.15 and parameters: {'C': 3.9019413893207977, 'gamma': 0.8308541689381187}. Best is trial 11 with value: 0.55.
[I 2025-05-04 17:46:14,085] Trial 27 finished with value: 0.5 and parameters: {'C': 1.1959699682139888, 'gamma': 0.00033595660338023547}. Best is trial 11 with value: 0.55.
[I 2025-05-04 17:46:14,105] Trial 28 finished with value: 0.55 and parameters: {'C': 23.76553989755169, 'gamma': 0.00010085726796689969}. Best is trial 11 with value: 0.55.
[I 2025-05-04 17:46:14,125] Trial 29 finished with value: 0.45 and parameters: {'C': 0.09024219369512515, 'gamma': 0.005898424110319703}. Best is trial 11 with value: 0.55.
[I 2025-05-04 17:46:19,555] A new study created in memory with name: logreg
Parámetros guardados en checkpoint_shoppers_Dlatent_Roriginal/k_center/best_models_k_center_seed_1/svc_best_params.json


>>> Optuna tuning logreg


[I 2025-05-04 17:46:20,154] Trial 0 finished with value: 0.5 and parameters: {'C': 0.12164941464151847, 'penalty': 'l2'}. Best is trial 0 with value: 0.5.
[I 2025-05-04 17:46:20,181] Trial 1 finished with value: 0.3 and parameters: {'C': 3.9959722831350617, 'penalty': 'l2'}. Best is trial 0 with value: 0.5.
[I 2025-05-04 17:46:20,196] Trial 2 finished with value: 0.5 and parameters: {'C': 0.0010013176560941261, 'penalty': 'l2'}. Best is trial 0 with value: 0.5.
[I 2025-05-04 17:46:20,222] Trial 3 finished with value: 0.5 and parameters: {'C': 0.0324835034508668, 'penalty': 'l2'}. Best is trial 0 with value: 0.5.
[I 2025-05-04 17:46:20,248] Trial 4 finished with value: 0.5 and parameters: {'C': 0.005417257182767969, 'penalty': 'l2'}. Best is trial 0 with value: 0.5.
[I 2025-05-04 17:46:20,272] Trial 5 finished with value: 0.5 and parameters: {'C': 0.0028952960233492846, 'penalty': 'l2'}. Best is trial 0 with value: 0.5.
[I 2025-05-04 17:46:20,297] Trial 6 finished with value: 0.5 and parameters: {'C': 0.008536916958038761, 'penalty': 'l2'}. Best is trial 0 with value: 0.5.
[I 2025-05-04 17:46:20,314] Trial 7 finished with value: 0.5 and parameters: {'C': 0.053432271255941216, 'penalty': 'l2'}. Best is trial 0 with value: 0.5.
[I 2025-05-04 17:46:20,339] Trial 8 finished with value: 0.5 and parameters: {'C': 0.09634681692624379, 'penalty': 'l2'}. Best is trial 0 with value: 0.5.
[I 2025-05-04 17:46:20,364] Trial 9 finished with value: 0.4 and parameters: {'C': 0.4944059287398678, 'penalty': 'l2'}. Best is trial 0 with value: 0.5.
[I 2025-05-04 17:46:20,397] Trial 10 finished with value: 0.35 and parameters: {'C': 67.90603441874381, 'penalty': 'l2'}. Best is trial 0 with value: 0.5.
[I 2025-05-04 17:46:21,074] Trial 11 finished with value: 0.35 and parameters: {'C': 1.4008696554237792, 'penalty': 'l2'}. Best is trial 0 with value: 0.5.
[I 2025-05-04 17:46:21,807] Trial 12 finished with value: 0.5 and parameters: {'C': 0.0011678227725506881, 'penalty': 'l2'}. Best is trial 0 with value: 0.5.
[I 2025-05-04 17:46:21,839] Trial 13 finished with value: 0.35 and parameters: {'C': 22.603606792007884, 'penalty': 'l2'}. Best is trial 0 with value: 0.5.
[I 2025-05-04 17:46:22,476] Trial 14 finished with value: 0.5 and parameters: {'C': 0.017925315947946566, 'penalty': 'l2'}. Best is trial 0 with value: 0.5.
[I 2025-05-04 17:46:22,508] Trial 15 finished with value: 0.5 and parameters: {'C': 0.1462138689121105, 'penalty': 'l2'}. Best is trial 0 with value: 0.5.
[I 2025-05-04 17:46:22,540] Trial 16 finished with value: 0.3 and parameters: {'C': 7.693806562481864, 'penalty': 'l2'}. Best is trial 0 with value: 0.5.
[I 2025-05-04 17:46:22,573] Trial 17 finished with value: 0.4 and parameters: {'C': 0.5262323213991917, 'penalty': 'l2'}. Best is trial 0 with value: 0.5.
[I 2025-05-04 17:46:23,201] Trial 18 finished with value: 0.5 and parameters: {'C': 0.0011146051557063533, 'penalty': 'l2'}. Best is trial 0 with value: 0.5.
[I 2025-05-04 17:46:23,231] Trial 19 finished with value: 0.5 and parameters: {'C': 0.21739908019028667, 'penalty': 'l2'}. Best is trial 0 with value: 0.5.
[I 2025-05-04 17:46:23,248] Trial 20 finished with value: 0.5 and parameters: {'C': 0.015237786483690268, 'penalty': 'l2'}. Best is trial 0 with value: 0.5.
[I 2025-05-04 17:46:23,271] Trial 21 finished with value: 0.5 and parameters: {'C': 0.042704254723834, 'penalty': 'l2'}. Best is trial 0 with value: 0.5.
[I 2025-05-04 17:46:23,290] Trial 22 finished with value: 0.5 and parameters: {'C': 0.030497012152912735, 'penalty': 'l2'}. Best is trial 0 with value: 0.5.
[I 2025-05-04 17:46:23,316] Trial 23 finished with value: 0.5 and parameters: {'C': 0.0030523776171017293, 'penalty': 'l2'}. Best is trial 0 with value: 0.5.
[I 2025-05-04 17:46:23,336] Trial 24 finished with value: 0.4 and parameters: {'C': 1.1391869426495067, 'penalty': 'l2'}. Best is trial 0 with value: 0.5.
[I 2025-05-04 17:46:23,357] Trial 25 finished with value: 0.5 and parameters: {'C': 0.08814984474798425, 'penalty': 'l2'}. Best is trial 0 with value: 0.5.
[I 2025-05-04 17:46:23,384] Trial 26 finished with value: 0.5 and parameters: {'C': 0.007829675474359499, 'penalty': 'l2'}. Best is trial 0 with value: 0.5.
[I 2025-05-04 17:46:23,405] Trial 27 finished with value: 0.45 and parameters: {'C': 0.2963600872680139, 'penalty': 'l2'}. Best is trial 0 with value: 0.5.
[I 2025-05-04 17:46:23,426] Trial 28 finished with value: 0.5 and parameters: {'C': 0.002966424165557137, 'penalty': 'l2'}. Best is trial 0 with value: 0.5.
[I 2025-05-04 17:46:23,455] Trial 29 finished with value: 0.35 and parameters: {'C': 2.159351446784678, 'penalty': 'l2'}. Best is trial 0 with value: 0.5.
[I 2025-05-04 17:46:27,354] A new study created in memory with name: mlp
Parámetros guardados en checkpoint_shoppers_Dlatent_Roriginal/k_center/best_models_k_center_seed_1/logreg_best_params.json


>>> Optuna tuning mlp


/data/home/rtabares/anaconda3/envs/pyth3.12/lib/python3.12/site-packages/sklearn/neural_network/_multilayer_perceptron.py:691: ConvergenceWarning: Stochastic Optimizer: Maximum iterations (50) reached and the optimization hasn't converged yet.
  warnings.warn(
/data/home/rtabares/anaconda3/envs/pyth3.12/lib/python3.12/site-packages/sklearn/neural_network/_multilayer_perceptron.py:691: ConvergenceWarning: Stochastic Optimizer: Maximum iterations (50) reached and the optimization hasn't converged yet.
  warnings.warn(
/data/home/rtabares/anaconda3/envs/pyth3.12/lib/python3.12/site-packages/sklearn/neural_network/_multilayer_perceptron.py:691: ConvergenceWarning: Stochastic Optimizer: Maximum iterations (50) reached and the optimization hasn't converged yet.
  warnings.warn(
/data/home/rtabares/anaconda3/envs/pyth3.12/lib/python3.12/site-packages/sklearn/neural_network/_multilayer_perceptron.py:691: ConvergenceWarning: Stochastic Optimizer: Maximum iterations (50) reached and the optimization hasn't converged yet.
  warnings.warn(
/data/home/rtabares/anaconda3/envs/pyth3.12/lib/python3.12/site-packages/sklearn/neural_network/_multilayer_perceptron.py:691: ConvergenceWarning: Stochastic Optimizer: Maximum iterations (50) reached and the optimization hasn't converged yet.
  warnings.warn(
[I 2025-05-04 17:46:28,666] Trial 0 finished with value: 0.4 and parameters: {'hidden_layer_sizes': (200,), 'max_iter': 50, 'alpha': 0.001}. Best is trial 0 with value: 0.4.
/data/home/rtabares/anaconda3/envs/pyth3.12/lib/python3.12/site-packages/sklearn/neural_network/_multilayer_perceptron.py:691: ConvergenceWarning: Stochastic Optimizer: Maximum iterations (100) reached and the optimization hasn't converged yet.
  warnings.warn(
/data/home/rtabares/anaconda3/envs/pyth3.12/lib/python3.12/site-packages/sklearn/neural_network/_multilayer_perceptron.py:691: ConvergenceWarning: Stochastic Optimizer: Maximum iterations (100) reached and the optimization hasn't converged yet.
  warnings.warn(
/data/home/rtabares/anaconda3/envs/pyth3.12/lib/python3.12/site-packages/sklearn/neural_network/_multilayer_perceptron.py:691: ConvergenceWarning: Stochastic Optimizer: Maximum iterations (100) reached and the optimization hasn't converged yet.
  warnings.warn(
/data/home/rtabares/anaconda3/envs/pyth3.12/lib/python3.12/site-packages/sklearn/neural_network/_multilayer_perceptron.py:691: ConvergenceWarning: Stochastic Optimizer: Maximum iterations (100) reached and the optimization hasn't converged yet.
  warnings.warn(
[I 2025-05-04 17:46:28,868] Trial 1 finished with value: 0.3 and parameters: {'hidden_layer_sizes': (100, 100), 'max_iter': 100, 'alpha': 0.001}. Best is trial 0 with value: 0.4.
/data/home/rtabares/anaconda3/envs/pyth3.12/lib/python3.12/site-packages/sklearn/neural_network/_multilayer_perceptron.py:691: ConvergenceWarning: Stochastic Optimizer: Maximum iterations (50) reached and the optimization hasn't converged yet.
  warnings.warn(
/data/home/rtabares/anaconda3/envs/pyth3.12/lib/python3.12/site-packages/sklearn/neural_network/_multilayer_perceptron.py:691: ConvergenceWarning: Stochastic Optimizer: Maximum iterations (50) reached and the optimization hasn't converged yet.
  warnings.warn(
/data/home/rtabares/anaconda3/envs/pyth3.12/lib/python3.12/site-packages/sklearn/neural_network/_multilayer_perceptron.py:691: ConvergenceWarning: Stochastic Optimizer: Maximum iterations (50) reached and the optimization hasn't converged yet.
  warnings.warn(
/data/home/rtabares/anaconda3/envs/pyth3.12/lib/python3.12/site-packages/sklearn/neural_network/_multilayer_perceptron.py:691: ConvergenceWarning: Stochastic Optimizer: Maximum iterations (50) reached and the optimization hasn't converged yet.
  warnings.warn(
/data/home/rtabares/anaconda3/envs/pyth3.12/lib/python3.12/site-packages/sklearn/neural_network/_multilayer_perceptron.py:691: ConvergenceWarning: Stochastic Optimizer: Maximum iterations (50) reached and the optimization hasn't converged yet.
  warnings.warn(
