[I 2025-05-04 17:51:10,640] Trial 11 finished with value: 0.65 and parameters: {'n_estimators': 40, 'max_depth': 20, 'gamma': 0.3786289272701352, 'subsample': 0.9506783496812496, 'colsample_bytree': 0.9995269934313054}. Best is trial 1 with value: 0.8.
[I 2025-05-04 17:51:10,687] Trial 12 finished with value: 0.65 and parameters: {'n_estimators': 40, 'max_depth': 20, 'gamma': 0.12857715169887596, 'subsample': 0.9038485225548055, 'colsample_bytree': 0.9697740735992911}. Best is trial 1 with value: 0.8.
/data/home/rtabares/anaconda3/envs/pyth3.12/lib/python3.12/site-packages/xgboost/core.py:377: FutureWarning: Your system has an old version of glibc (< 2.28). We will stop supporting Linux distros with glibc older than 2.28 after **May 31, 2025**. Please upgrade to a recent Linux distro (with glibc >= 2.28) to use future versions of XGBoost.
Note: You have installed the 'manylinux2014' variant of XGBoost. Certain features such as GPU algorithms or federated learning are not available. To use these features, please upgrade to a recent Linux distro with glibc 2.28+, and install the 'manylinux_2_28' variant.
  warnings.warn(
[I 2025-05-04 17:51:11,324] Trial 13 finished with value: 0.75 and parameters: {'n_estimators': 100, 'max_depth': 20, 'gamma': 0.6754220045992082, 'subsample': 0.646163442403196, 'colsample_bytree': 0.9020769980096818}. Best is trial 1 with value: 0.8.
/data/home/rtabares/anaconda3/envs/pyth3.12/lib/python3.12/site-packages/xgboost/core.py:377: FutureWarning: Your system has an old version of glibc (< 2.28). We will stop supporting Linux distros with glibc older than 2.28 after **May 31, 2025**. Please upgrade to a recent Linux distro (with glibc >= 2.28) to use future versions of XGBoost.
Note: You have installed the 'manylinux2014' variant of XGBoost. Certain features such as GPU algorithms or federated learning are not available. To use these features, please upgrade to a recent Linux distro with glibc 2.28+, and install the 'manylinux_2_28' variant.
  warnings.warn(
[I 2025-05-04 17:51:11,978] Trial 14 finished with value: 0.75 and parameters: {'n_estimators': 40, 'max_depth': 20, 'gamma': 0.726748376788056, 'subsample': 0.8868917431231795, 'colsample_bytree': 0.7326340643823628}. Best is trial 1 with value: 0.8.
[I 2025-05-04 17:51:12,019] Trial 15 finished with value: 0.7 and parameters: {'n_estimators': 100, 'max_depth': 30, 'gamma': 0.39364110325887425, 'subsample': 0.5654751561524425, 'colsample_bytree': 0.8289923785717583}. Best is trial 1 with value: 0.8.
/data/home/rtabares/anaconda3/envs/pyth3.12/lib/python3.12/site-packages/xgboost/core.py:377: FutureWarning: Your system has an old version of glibc (< 2.28). We will stop supporting Linux distros with glibc older than 2.28 after **May 31, 2025**. Please upgrade to a recent Linux distro (with glibc >= 2.28) to use future versions of XGBoost.
Note: You have installed the 'manylinux2014' variant of XGBoost. Certain features such as GPU algorithms or federated learning are not available. To use these features, please upgrade to a recent Linux distro with glibc 2.28+, and install the 'manylinux_2_28' variant.
  warnings.warn(
[I 2025-05-04 17:51:12,678] Trial 16 finished with value: 0.65 and parameters: {'n_estimators': 40, 'max_depth': 20, 'gamma': 0.42862740669827604, 'subsample': 0.6978686203910304, 'colsample_bytree': 0.9213016370198783}. Best is trial 1 with value: 0.8.
[I 2025-05-04 17:51:12,719] Trial 17 finished with value: 0.65 and parameters: {'n_estimators': 100, 'max_depth': 20, 'gamma': 0.12894042468001637, 'subsample': 0.8757704431079065, 'colsample_bytree': 0.520198102299751}. Best is trial 1 with value: 0.8.
/data/home/rtabares/anaconda3/envs/pyth3.12/lib/python3.12/site-packages/xgboost/core.py:377: FutureWarning: Your system has an old version of glibc (< 2.28). We will stop supporting Linux distros with glibc older than 2.28 after **May 31, 2025**. Please upgrade to a recent Linux distro (with glibc >= 2.28) to use future versions of XGBoost.
Note: You have installed the 'manylinux2014' variant of XGBoost. Certain features such as GPU algorithms or federated learning are not available. To use these features, please upgrade to a recent Linux distro with glibc 2.28+, and install the 'manylinux_2_28' variant.
  warnings.warn(
[I 2025-05-04 17:51:13,373] Trial 18 finished with value: 0.7 and parameters: {'n_estimators': 40, 'max_depth': 5, 'gamma': 0.6352709781019183, 'subsample': 0.6079400101823389, 'colsample_bytree': 0.7642683537658277}. Best is trial 1 with value: 0.8.
[I 2025-05-04 17:51:13,412] Trial 19 finished with value: 0.55 and parameters: {'n_estimators': 10, 'max_depth': 30, 'gamma': 0.27096652029449897, 'subsample': 0.7172928210872095, 'colsample_bytree': 0.7223291276994239}. Best is trial 1 with value: 0.8.
[I 2025-05-04 17:51:13,463] Trial 20 finished with value: 0.75 and parameters: {'n_estimators': 100, 'max_depth': 20, 'gamma': 0.755369684028045, 'subsample': 0.8334627125648592, 'colsample_bytree': 0.8286354256904848}. Best is trial 1 with value: 0.8.
[I 2025-05-04 17:51:13,502] Trial 21 finished with value: 0.75 and parameters: {'n_estimators': 100, 'max_depth': 30, 'gamma': 0.5323927623802949, 'subsample': 0.7529323613285434, 'colsample_bytree': 0.6946241268073636}. Best is trial 1 with value: 0.8.
[I 2025-05-04 17:51:13,542] Trial 22 finished with value: 0.7 and parameters: {'n_estimators': 100, 'max_depth': 30, 'gamma': 0.913240949146883, 'subsample': 0.5774902465757868, 'colsample_bytree': 0.6071820266978809}. Best is trial 1 with value: 0.8.
[I 2025-05-04 17:51:13,582] Trial 23 finished with value: 0.65 and parameters: {'n_estimators': 100, 'max_depth': 30, 'gamma': 0.4855834610122024, 'subsample': 0.9376122482134512, 'colsample_bytree': 0.6965812759699823}. Best is trial 1 with value: 0.8.
[I 2025-05-04 17:51:13,632] Trial 24 finished with value: 0.65 and parameters: {'n_estimators': 100, 'max_depth': 30, 'gamma': 0.3154797609555419, 'subsample': 0.7182380589335102, 'colsample_bytree': 0.8111552594338537}. Best is trial 1 with value: 0.8.
[I 2025-05-04 17:51:13,673] Trial 25 finished with value: 0.65 and parameters: {'n_estimators': 40, 'max_depth': 30, 'gamma': 0.6018390634041737, 'subsample': 0.8360399159370497, 'colsample_bytree': 0.9444118024202185}. Best is trial 1 with value: 0.8.
[I 2025-05-04 17:51:13,721] Trial 26 finished with value: 0.6 and parameters: {'n_estimators': 100, 'max_depth': 20, 'gamma': 0.7100398531913911, 'subsample': 0.7530086202797158, 'colsample_bytree': 0.7505005922223537}. Best is trial 1 with value: 0.8.
[I 2025-05-04 17:51:13,772] Trial 27 finished with value: 0.65 and parameters: {'n_estimators': 100, 'max_depth': 20, 'gamma': 0.19190179727314582, 'subsample': 0.5082333439761735, 'colsample_bytree': 0.6653127672278218}. Best is trial 1 with value: 0.8.
[I 2025-05-04 17:51:13,811] Trial 28 finished with value: 0.65 and parameters: {'n_estimators': 10, 'max_depth': 5, 'gamma': 0.7896769732546295, 'subsample': 0.6725681775247871, 'colsample_bytree': 0.8693453303954772}. Best is trial 1 with value: 0.8.
[I 2025-05-04 17:51:13,850] Trial 29 finished with value: 0.7 and parameters: {'n_estimators': 40, 'max_depth': 30, 'gamma': 0.3055013190348762, 'subsample': 0.986650809257469, 'colsample_bytree': 0.6145072450481215}. Best is trial 1 with value: 0.8.
[I 2025-05-04 17:51:15,739] A new study created in memory with name: rf
Parámetros guardados en checkpoint_shoppers_Dlatent_Roriginal_ft/k_center/best_models_k_center_seed_2/xgb_best_params.json


>>> Optuna tuning rf


[I 2025-05-04 17:51:18,583] Trial 0 finished with value: 0.65 and parameters: {'n_estimators': 274, 'max_depth': 3, 'min_samples_split': 6, 'min_samples_leaf': 5}. Best is trial 0 with value: 0.65.
[I 2025-05-04 17:51:19,211] Trial 1 finished with value: 0.5 and parameters: {'n_estimators': 268, 'max_depth': 8, 'min_samples_split': 3, 'min_samples_leaf': 7}. Best is trial 0 with value: 0.65.
[I 2025-05-04 17:51:19,491] Trial 2 finished with value: 0.6 and parameters: {'n_estimators': 220, 'max_depth': 7, 'min_samples_split': 7, 'min_samples_leaf': 6}. Best is trial 0 with value: 0.65.
[I 2025-05-04 17:51:19,706] Trial 3 finished with value: 0.5 and parameters: {'n_estimators': 153, 'max_depth': 12, 'min_samples_split': 3, 'min_samples_leaf': 8}. Best is trial 0 with value: 0.65.
[I 2025-05-04 17:51:20,200] Trial 4 finished with value: 0.65 and parameters: {'n_estimators': 442, 'max_depth': 11, 'min_samples_split': 9, 'min_samples_leaf': 1}. Best is trial 0 with value: 0.65.
[I 2025-05-04 17:51:20,602] Trial 5 finished with value: 0.55 and parameters: {'n_estimators': 302, 'max_depth': 4, 'min_samples_split': 5, 'min_samples_leaf': 1}. Best is trial 0 with value: 0.65.
[I 2025-05-04 17:51:20,891] Trial 6 finished with value: 0.65 and parameters: {'n_estimators': 150, 'max_depth': 13, 'min_samples_split': 4, 'min_samples_leaf': 2}. Best is trial 0 with value: 0.65.
[I 2025-05-04 17:51:21,160] Trial 7 finished with value: 0.65 and parameters: {'n_estimators': 188, 'max_depth': 9, 'min_samples_split': 6, 'min_samples_leaf': 3}. Best is trial 0 with value: 0.65.
[I 2025-05-04 17:51:21,574] Trial 8 finished with value: 0.7 and parameters: {'n_estimators': 356, 'max_depth': 11, 'min_samples_split': 6, 'min_samples_leaf': 4}. Best is trial 8 with value: 0.7.
[I 2025-05-04 17:51:22,076] Trial 9 finished with value: 0.5 and parameters: {'n_estimators': 418, 'max_depth': 13, 'min_samples_split': 3, 'min_samples_leaf': 8}. Best is trial 8 with value: 0.7.
[I 2025-05-04 17:51:22,501] Trial 10 finished with value: 0.6 and parameters: {'n_estimators': 364, 'max_depth': 19, 'min_samples_split': 10, 'min_samples_leaf': 4}. Best is trial 8 with value: 0.7.
[I 2025-05-04 17:51:23,502] Trial 11 finished with value: 0.65 and parameters: {'n_estimators': 349, 'max_depth': 17, 'min_samples_split': 7, 'min_samples_leaf': 5}. Best is trial 8 with value: 0.7.
[I 2025-05-04 17:51:23,848] Trial 12 finished with value: 0.5 and parameters: {'n_estimators': 274, 'max_depth': 3, 'min_samples_split': 8, 'min_samples_leaf': 10}. Best is trial 8 with value: 0.7.
[I 2025-05-04 17:51:25,041] Trial 13 finished with value: 0.7 and parameters: {'n_estimators': 495, 'max_depth': 5, 'min_samples_split': 6, 'min_samples_leaf': 4}. Best is trial 8 with value: 0.7.
[I 2025-05-04 17:51:25,591] Trial 14 finished with value: 0.65 and parameters: {'n_estimators': 481, 'max_depth': 6, 'min_samples_split': 5, 'min_samples_leaf': 3}. Best is trial 8 with value: 0.7.
[I 2025-05-04 17:51:26,151] Trial 15 finished with value: 0.65 and parameters: {'n_estimators': 496, 'max_depth': 16, 'min_samples_split': 8, 'min_samples_leaf': 4}. Best is trial 8 with value: 0.7.
[I 2025-05-04 17:51:26,629] Trial 16 finished with value: 0.6 and parameters: {'n_estimators': 400, 'max_depth': 10, 'min_samples_split': 5, 'min_samples_leaf': 3}. Best is trial 8 with value: 0.7.
[I 2025-05-04 17:51:26,822] Trial 17 finished with value: 0.5 and parameters: {'n_estimators': 104, 'max_depth': 6, 'min_samples_split': 7, 'min_samples_leaf': 6}. Best is trial 8 with value: 0.7.
[I 2025-05-04 17:51:27,238] Trial 18 finished with value: 0.65 and parameters: {'n_estimators': 360, 'max_depth': 16, 'min_samples_split': 2, 'min_samples_leaf': 4}. Best is trial 8 with value: 0.7.
[I 2025-05-04 17:51:27,761] Trial 19 finished with value: 0.65 and parameters: {'n_estimators': 444, 'max_depth': 5, 'min_samples_split': 8, 'min_samples_leaf': 2}. Best is trial 8 with value: 0.7.
[I 2025-05-04 17:51:28,160] Trial 20 finished with value: 0.5 and parameters: {'n_estimators': 325, 'max_depth': 14, 'min_samples_split': 4, 'min_samples_leaf': 7}. Best is trial 8 with value: 0.7.
[I 2025-05-04 17:51:28,425] Trial 21 finished with value: 0.7 and parameters: {'n_estimators': 226, 'max_depth': 4, 'min_samples_split': 6, 'min_samples_leaf': 5}. Best is trial 8 with value: 0.7.
[I 2025-05-04 17:51:28,741] Trial 22 finished with value: 0.65 and parameters: {'n_estimators': 230, 'max_depth': 8, 'min_samples_split': 6, 'min_samples_leaf': 5}. Best is trial 8 with value: 0.7.
[I 2025-05-04 17:51:29,044] Trial 23 finished with value: 0.65 and parameters: {'n_estimators': 238, 'max_depth': 5, 'min_samples_split': 5, 'min_samples_leaf': 4}. Best is trial 8 with value: 0.7.
[I 2025-05-04 17:51:29,521] Trial 24 finished with value: 0.55 and parameters: {'n_estimators': 399, 'max_depth': 10, 'min_samples_split': 6, 'min_samples_leaf': 6}. Best is trial 8 with value: 0.7.
[I 2025-05-04 17:51:30,071] Trial 25 finished with value: 0.65 and parameters: {'n_estimators': 464, 'max_depth': 20, 'min_samples_split': 7, 'min_samples_leaf': 2}. Best is trial 8 with value: 0.7.
[I 2025-05-04 17:51:30,327] Trial 26 finished with value: 0.65 and parameters: {'n_estimators': 181, 'max_depth': 5, 'min_samples_split': 4, 'min_samples_leaf': 5}. Best is trial 8 with value: 0.7.
[I 2025-05-04 17:51:30,672] Trial 27 finished with value: 0.5 and parameters: {'n_estimators': 327, 'max_depth': 7, 'min_samples_split': 6, 'min_samples_leaf': 7}. Best is trial 8 with value: 0.7.
[I 2025-05-04 17:51:31,167] Trial 28 finished with value: 0.65 and parameters: {'n_estimators': 384, 'max_depth': 4, 'min_samples_split': 9, 'min_samples_leaf': 3}. Best is trial 8 with value: 0.7.
[I 2025-05-04 17:51:31,494] Trial 29 finished with value: 0.6 and parameters: {'n_estimators': 287, 'max_depth': 3, 'min_samples_split': 6, 'min_samples_leaf': 5}. Best is trial 8 with value: 0.7.
[I 2025-05-04 17:51:34,071] A new study created in memory with name: svc
Parámetros guardados en checkpoint_shoppers_Dlatent_Roriginal_ft/k_center/best_models_k_center_seed_2/rf_best_params.json


>>> Optuna tuning svc


[I 2025-05-04 17:51:36,869] Trial 0 finished with value: 0.55 and parameters: {'C': 0.5545996722241048, 'gamma': 0.00012697111322756423}. Best is trial 0 with value: 0.55.
[I 2025-05-04 17:51:37,164] Trial 1 finished with value: 0.55 and parameters: {'C': 1.579973895360496, 'gamma': 0.005511750757691415}. Best is trial 0 with value: 0.55.
[I 2025-05-04 17:51:37,179] Trial 2 finished with value: 0.55 and parameters: {'C': 0.48025424062174377, 'gamma': 0.002095749079193946}. Best is trial 0 with value: 0.55.
[I 2025-05-04 17:51:37,193] Trial 3 finished with value: 0.6 and parameters: {'C': 0.06585587677899403, 'gamma': 0.029997417348655162}. Best is trial 3 with value: 0.6.
[I 2025-05-04 17:51:37,217] Trial 4 finished with value: 0.55 and parameters: {'C': 0.15798603319028856, 'gamma': 0.0011676403660687692}. Best is trial 3 with value: 0.6.
[I 2025-05-04 17:51:37,232] Trial 5 finished with value: 0.55 and parameters: {'C': 3.051654279698754, 'gamma': 0.01307881440940144}. Best is trial 3 with value: 0.6.
[I 2025-05-04 17:51:37,247] Trial 6 finished with value: 0.55 and parameters: {'C': 0.034539797048540495, 'gamma': 0.01133215445049292}. Best is trial 3 with value: 0.6.
[I 2025-05-04 17:51:37,260] Trial 7 finished with value: 0.65 and parameters: {'C': 0.05467130776888186, 'gamma': 0.13846518531662885}. Best is trial 7 with value: 0.65.
[I 2025-05-04 17:51:37,275] Trial 8 finished with value: 0.45 and parameters: {'C': 26.055605528320903, 'gamma': 0.009483034914203468}. Best is trial 7 with value: 0.65.
[I 2025-05-04 17:51:37,288] Trial 9 finished with value: 0.55 and parameters: {'C': 24.335817588808105, 'gamma': 0.00020824851253449603}. Best is trial 7 with value: 0.65.
[I 2025-05-04 17:51:37,309] Trial 10 finished with value: 0.65 and parameters: {'C': 0.01897718927796226, 'gamma': 0.8319225834981112}. Best is trial 7 with value: 0.65.
[I 2025-05-04 17:51:37,945] Trial 11 finished with value: 0.65 and parameters: {'C': 0.011078246697317542, 'gamma': 0.755355197218893}. Best is trial 7 with value: 0.65.
[I 2025-05-04 17:51:37,971] Trial 12 finished with value: 0.6 and parameters: {'C': 0.011692253602946845, 'gamma': 0.928394832596678}. Best is trial 7 with value: 0.65.
[I 2025-05-04 17:51:38,610] Trial 13 finished with value: 0.6 and parameters: {'C': 0.07073598444461154, 'gamma': 0.1194800665838996}. Best is trial 7 with value: 0.65.
[I 2025-05-04 17:51:38,635] Trial 14 finished with value: 0.65 and parameters: {'C': 0.1886969557915249, 'gamma': 0.1534560931057355}. Best is trial 7 with value: 0.65.
[I 2025-05-04 17:51:38,670] Trial 15 finished with value: 0.7 and parameters: {'C': 0.02335848070539183, 'gamma': 0.16406023555844682}. Best is trial 15 with value: 0.7.
[I 2025-05-04 17:51:38,694] Trial 16 finished with value: 0.55 and parameters: {'C': 7.593189415911861, 'gamma': 0.11778904474629731}. Best is trial 15 with value: 0.7.
[I 2025-05-04 17:51:39,321] Trial 17 finished with value: 0.65 and parameters: {'C': 0.14557376526900484, 'gamma': 0.04558593444105354}. Best is trial 15 with value: 0.7.
[I 2025-05-04 17:51:39,343] Trial 18 finished with value: 0.8 and parameters: {'C': 0.04247834644907939, 'gamma': 0.24426458288912825}. Best is trial 18 with value: 0.8.
[I 2025-05-04 17:51:39,368] Trial 19 finished with value: 0.7 and parameters: {'C': 66.82651748660084, 'gamma': 0.34742023470916483}. Best is trial 18 with value: 0.8.
[I 2025-05-04 17:51:39,391] Trial 20 finished with value: 0.65 and parameters: {'C': 0.026373128704008392, 'gamma': 0.03981508371043796}. Best is trial 18 with value: 0.8.
[I 2025-05-04 17:51:39,412] Trial 21 finished with value: 0.7 and parameters: {'C': 7.750534376554942, 'gamma': 0.3234407346248419}. Best is trial 18 with value: 0.8.
[I 2025-05-04 17:51:39,434] Trial 22 finished with value: 0.7 and parameters: {'C': 83.5051854346402, 'gamma': 0.31813324294180745}. Best is trial 18 with value: 0.8.
[I 2025-05-04 17:51:40,071] Trial 23 finished with value: 0.65 and parameters: {'C': 97.04643712965878, 'gamma': 0.21984680326488504}. Best is trial 18 with value: 0.8.
[I 2025-05-04 17:51:40,700] Trial 24 finished with value: 0.55 and parameters: {'C': 0.7772084581341867, 'gamma': 0.07212172557532026}. Best is trial 18 with value: 0.8.
[I 2025-05-04 17:51:40,723] Trial 25 finished with value: 0.65 and parameters: {'C': 0.30212088076669136, 'gamma': 0.31784084372392346}. Best is trial 18 with value: 0.8.
[I 2025-05-04 17:51:40,744] Trial 26 finished with value: 0.6 and parameters: {'C': 2.104323145965041, 'gamma': 0.4295820511402085}. Best is trial 18 with value: 0.8.
[I 2025-05-04 17:51:40,766] Trial 27 finished with value: 0.65 and parameters: {'C': 0.0905098445405961, 'gamma': 0.06965531892832766}. Best is trial 18 with value: 0.8.
[I 2025-05-04 17:51:40,787] Trial 28 finished with value: 0.5 and parameters: {'C': 6.242482509651377, 'gamma': 0.018882470306867693}. Best is trial 18 with value: 0.8.
[I 2025-05-04 17:51:40,813] Trial 29 finished with value: 0.65 and parameters: {'C': 0.36428347417624063, 'gamma': 0.47451435693030747}. Best is trial 18 with value: 0.8.
[I 2025-05-04 17:51:42,638] A new study created in memory with name: logreg
[I 2025-05-04 17:51:42,657] Trial 0 finished with value: 0.6 and parameters: {'C': 0.15134724182275533, 'penalty': 'l2'}. Best is trial 0 with value: 0.6.
Parámetros guardados en checkpoint_shoppers_Dlatent_Roriginal_ft/k_center/best_models_k_center_seed_2/svc_best_params.json


>>> Optuna tuning logreg


[I 2025-05-04 17:51:46,542] Trial 1 finished with value: 0.65 and parameters: {'C': 0.00134781771168027, 'penalty': 'l2'}. Best is trial 1 with value: 0.65.
[I 2025-05-04 17:51:46,853] Trial 2 finished with value: 0.55 and parameters: {'C': 0.5601603817503298, 'penalty': 'l2'}. Best is trial 1 with value: 0.65.
[I 2025-05-04 17:51:46,881] Trial 3 finished with value: 0.6 and parameters: {'C': 0.15017995265951545, 'penalty': 'l2'}. Best is trial 1 with value: 0.65.
[I 2025-05-04 17:51:46,906] Trial 4 finished with value: 0.6 and parameters: {'C': 0.1264267606498664, 'penalty': 'l2'}. Best is trial 1 with value: 0.65.
[I 2025-05-04 17:51:46,930] Trial 5 finished with value: 0.6 and parameters: {'C': 0.044840877729077515, 'penalty': 'l2'}. Best is trial 1 with value: 0.65.
[I 2025-05-04 17:51:46,956] Trial 6 finished with value: 0.65 and parameters: {'C': 0.010549774340694125, 'penalty': 'l2'}. Best is trial 1 with value: 0.65.
[I 2025-05-04 17:51:46,981] Trial 7 finished with value: 0.45 and parameters: {'C': 1.248403080828608, 'penalty': 'l2'}. Best is trial 1 with value: 0.65.
[I 2025-05-04 17:51:47,006] Trial 8 finished with value: 0.6 and parameters: {'C': 0.03149730300397853, 'penalty': 'l2'}. Best is trial 1 with value: 0.65.
[I 2025-05-04 17:51:47,031] Trial 9 finished with value: 0.65 and parameters: {'C': 0.021584220823040776, 'penalty': 'l2'}. Best is trial 1 with value: 0.65.
[I 2025-05-04 17:51:47,063] Trial 10 finished with value: 0.45 and parameters: {'C': 64.41808847399955, 'penalty': 'l2'}. Best is trial 1 with value: 0.65.
[I 2025-05-04 17:51:47,092] Trial 11 finished with value: 0.65 and parameters: {'C': 0.0011053388146618393, 'penalty': 'l2'}. Best is trial 1 with value: 0.65.
[I 2025-05-04 17:51:47,717] Trial 12 finished with value: 0.65 and parameters: {'C': 0.001136550637943971, 'penalty': 'l2'}. Best is trial 1 with value: 0.65.
[I 2025-05-04 17:51:47,740] Trial 13 finished with value: 0.65 and parameters: {'C': 0.006219117318228218, 'penalty': 'l2'}. Best is trial 1 with value: 0.65.
[I 2025-05-04 17:51:48,387] Trial 14 finished with value: 0.65 and parameters: {'C': 0.0058121390434854306, 'penalty': 'l2'}. Best is trial 1 with value: 0.65.
[I 2025-05-04 17:51:48,419] Trial 15 finished with value: 0.45 and parameters: {'C': 4.0574315711230975, 'penalty': 'l2'}. Best is trial 1 with value: 0.65.
[I 2025-05-04 17:51:49,046] Trial 16 finished with value: 0.65 and parameters: {'C': 0.005812064885912831, 'penalty': 'l2'}. Best is trial 1 with value: 0.65.
[I 2025-05-04 17:51:49,067] Trial 17 finished with value: 0.65 and parameters: {'C': 0.0033311209292516933, 'penalty': 'l2'}. Best is trial 1 with value: 0.65.
