[I 2025-05-07 04:27:10,439] Trial 9 finished with value: 0.825 and parameters: {'n_estimators': 40, 'max_depth': 30, 'gamma': 0.9649927737686168, 'subsample': 0.6857563076640036, 'colsample_bytree': 0.5061847058001788}. Best is trial 3 with value: 0.85.
/data/home/rtabares/anaconda3/envs/pyth3.12/lib/python3.12/site-packages/xgboost/core.py:377: FutureWarning: Your system has an old version of glibc (< 2.28). We will stop supporting Linux distros with glibc older than 2.28 after **May 31, 2025**. Please upgrade to a recent Linux distro (with glibc >= 2.28) to use future versions of XGBoost.
Note: You have installed the 'manylinux2014' variant of XGBoost. Certain features such as GPU algorithms or federated learning are not available. To use these features, please upgrade to a recent Linux distro with glibc 2.28+, and install the 'manylinux_2_28' variant.
  warnings.warn(
[I 2025-05-07 04:27:10,489] Trial 10 finished with value: 0.85 and parameters: {'n_estimators': 10, 'max_depth': 30, 'gamma': 0.17962098877423716, 'subsample': 0.8185311023645913, 'colsample_bytree': 0.8181024979210034}. Best is trial 3 with value: 0.85.
/data/home/rtabares/anaconda3/envs/pyth3.12/lib/python3.12/site-packages/xgboost/core.py:377: FutureWarning: Your system has an old version of glibc (< 2.28). We will stop supporting Linux distros with glibc older than 2.28 after **May 31, 2025**. Please upgrade to a recent Linux distro (with glibc >= 2.28) to use future versions of XGBoost.
Note: You have installed the 'manylinux2014' variant of XGBoost. Certain features such as GPU algorithms or federated learning are not available. To use these features, please upgrade to a recent Linux distro with glibc 2.28+, and install the 'manylinux_2_28' variant.
  warnings.warn(
/data/home/rtabares/anaconda3/envs/pyth3.12/lib/python3.12/site-packages/xgboost/core.py:377: FutureWarning: Your system has an old version of glibc (< 2.28). We will stop supporting Linux distros with glibc older than 2.28 after **May 31, 2025**. Please upgrade to a recent Linux distro (with glibc >= 2.28) to use future versions of XGBoost.
Note: You have installed the 'manylinux2014' variant of XGBoost. Certain features such as GPU algorithms or federated learning are not available. To use these features, please upgrade to a recent Linux distro with glibc 2.28+, and install the 'manylinux_2_28' variant.
  warnings.warn(
[I 2025-05-07 04:27:11,122] Trial 11 finished with value: 0.825 and parameters: {'n_estimators': 10, 'max_depth': 30, 'gamma': 0.1591775883705288, 'subsample': 0.8396147321804677, 'colsample_bytree': 0.8324693668256701}. Best is trial 3 with value: 0.85.
/data/home/rtabares/anaconda3/envs/pyth3.12/lib/python3.12/site-packages/xgboost/core.py:377: FutureWarning: Your system has an old version of glibc (< 2.28). We will stop supporting Linux distros with glibc older than 2.28 after **May 31, 2025**. Please upgrade to a recent Linux distro (with glibc >= 2.28) to use future versions of XGBoost.
Note: You have installed the 'manylinux2014' variant of XGBoost. Certain features such as GPU algorithms or federated learning are not available. To use these features, please upgrade to a recent Linux distro with glibc 2.28+, and install the 'manylinux_2_28' variant.
  warnings.warn(
/data/home/rtabares/anaconda3/envs/pyth3.12/lib/python3.12/site-packages/xgboost/core.py:377: FutureWarning: Your system has an old version of glibc (< 2.28). We will stop supporting Linux distros with glibc older than 2.28 after **May 31, 2025**. Please upgrade to a recent Linux distro (with glibc >= 2.28) to use future versions of XGBoost.
Note: You have installed the 'manylinux2014' variant of XGBoost. Certain features such as GPU algorithms or federated learning are not available. To use these features, please upgrade to a recent Linux distro with glibc 2.28+, and install the 'manylinux_2_28' variant.
  warnings.warn(
[I 2025-05-07 04:27:11,787] Trial 12 finished with value: 0.825 and parameters: {'n_estimators': 10, 'max_depth': 30, 'gamma': 0.18274672203297868, 'subsample': 0.8099626825524257, 'colsample_bytree': 0.8056479963708721}. Best is trial 3 with value: 0.85.
[I 2025-05-07 04:27:11,825] Trial 13 finished with value: 0.825 and parameters: {'n_estimators': 10, 'max_depth': 30, 'gamma': 0.39436609392647465, 'subsample': 0.6109744065191631, 'colsample_bytree': 0.8750230957004468}. Best is trial 3 with value: 0.85.
[I 2025-05-07 04:27:11,864] Trial 14 finished with value: 0.775 and parameters: {'n_estimators': 10, 'max_depth': 30, 'gamma': 0.5207480648169491, 'subsample': 0.6452646639948125, 'colsample_bytree': 0.7513652713063355}. Best is trial 3 with value: 0.85.
[I 2025-05-07 04:27:11,905] Trial 15 finished with value: 0.825 and parameters: {'n_estimators': 10, 'max_depth': 30, 'gamma': 0.26626655377772473, 'subsample': 0.8462935980529109, 'colsample_bytree': 0.7227029601296806}. Best is trial 3 with value: 0.85.
/data/home/rtabares/anaconda3/envs/pyth3.12/lib/python3.12/site-packages/xgboost/core.py:377: FutureWarning: Your system has an old version of glibc (< 2.28). We will stop supporting Linux distros with glibc older than 2.28 after **May 31, 2025**. Please upgrade to a recent Linux distro (with glibc >= 2.28) to use future versions of XGBoost.
Note: You have installed the 'manylinux2014' variant of XGBoost. Certain features such as GPU algorithms or federated learning are not available. To use these features, please upgrade to a recent Linux distro with glibc 2.28+, and install the 'manylinux_2_28' variant.
  warnings.warn(
[I 2025-05-07 04:27:12,558] Trial 16 finished with value: 0.85 and parameters: {'n_estimators': 10, 'max_depth': 30, 'gamma': 0.712367594657266, 'subsample': 0.7642599353910866, 'colsample_bytree': 0.8916683174640266}. Best is trial 3 with value: 0.85.
/data/home/rtabares/anaconda3/envs/pyth3.12/lib/python3.12/site-packages/xgboost/core.py:377: FutureWarning: Your system has an old version of glibc (< 2.28). We will stop supporting Linux distros with glibc older than 2.28 after **May 31, 2025**. Please upgrade to a recent Linux distro (with glibc >= 2.28) to use future versions of XGBoost.
Note: You have installed the 'manylinux2014' variant of XGBoost. Certain features such as GPU algorithms or federated learning are not available. To use these features, please upgrade to a recent Linux distro with glibc 2.28+, and install the 'manylinux_2_28' variant.
  warnings.warn(
[I 2025-05-07 04:27:13,187] Trial 17 finished with value: 0.8 and parameters: {'n_estimators': 10, 'max_depth': 30, 'gamma': 0.47517382313135087, 'subsample': 0.9034900391665386, 'colsample_bytree': 0.7358572068823183}. Best is trial 3 with value: 0.85.
[I 2025-05-07 04:27:13,226] Trial 18 finished with value: 0.825 and parameters: {'n_estimators': 10, 'max_depth': 20, 'gamma': 0.9918606598956036, 'subsample': 0.6839121386078197, 'colsample_bytree': 0.7947384263958175}. Best is trial 3 with value: 0.85.
[I 2025-05-07 04:27:13,265] Trial 19 finished with value: 0.775 and parameters: {'n_estimators': 40, 'max_depth': 5, 'gamma': 0.10151970633894503, 'subsample': 0.5858157319917725, 'colsample_bytree': 0.9003852468330709}. Best is trial 3 with value: 0.85.
[I 2025-05-07 04:27:13,305] Trial 20 finished with value: 0.825 and parameters: {'n_estimators': 10, 'max_depth': 30, 'gamma': 0.2782721594132399, 'subsample': 0.7964130154550833, 'colsample_bytree': 0.6877450513687062}. Best is trial 3 with value: 0.85.
[I 2025-05-07 04:27:13,346] Trial 21 finished with value: 0.85 and parameters: {'n_estimators': 10, 'max_depth': 30, 'gamma': 0.7046285079003384, 'subsample': 0.7221903409529383, 'colsample_bytree': 0.8971188427907519}. Best is trial 3 with value: 0.85.
[I 2025-05-07 04:27:13,384] Trial 22 finished with value: 0.85 and parameters: {'n_estimators': 10, 'max_depth': 30, 'gamma': 0.7510578139795944, 'subsample': 0.7791705194315057, 'colsample_bytree': 0.8512089165661784}. Best is trial 3 with value: 0.85.
[I 2025-05-07 04:27:13,425] Trial 23 finished with value: 0.8 and parameters: {'n_estimators': 10, 'max_depth': 30, 'gamma': 0.5899075449164808, 'subsample': 0.8587042335104188, 'colsample_bytree': 0.9187436799748956}. Best is trial 3 with value: 0.85.
[I 2025-05-07 04:27:13,464] Trial 24 finished with value: 0.85 and parameters: {'n_estimators': 10, 'max_depth': 30, 'gamma': 0.8632018797845916, 'subsample': 0.7321560225875844, 'colsample_bytree': 0.7860760463819984}. Best is trial 3 with value: 0.85.
[I 2025-05-07 04:27:13,513] Trial 25 finished with value: 0.825 and parameters: {'n_estimators': 10, 'max_depth': 30, 'gamma': 0.704793064550049, 'subsample': 0.6496459169764934, 'colsample_bytree': 0.9403222723605628}. Best is trial 3 with value: 0.85.
[I 2025-05-07 04:27:13,559] Trial 26 finished with value: 0.775 and parameters: {'n_estimators': 10, 'max_depth': 30, 'gamma': 0.6209272116455105, 'subsample': 0.9063371574394573, 'colsample_bytree': 0.8455556745213755}. Best is trial 3 with value: 0.85.
[I 2025-05-07 04:27:13,598] Trial 27 finished with value: 0.825 and parameters: {'n_estimators': 10, 'max_depth': 30, 'gamma': 0.9165330413067634, 'subsample': 0.7573999432588674, 'colsample_bytree': 0.999952372802679}. Best is trial 3 with value: 0.85.
[I 2025-05-07 04:27:13,638] Trial 28 finished with value: 0.85 and parameters: {'n_estimators': 40, 'max_depth': 5, 'gamma': 0.8151282270307901, 'subsample': 0.8127413389948454, 'colsample_bytree': 0.7689912117939846}. Best is trial 3 with value: 0.85.
[I 2025-05-07 04:27:13,688] Trial 29 finished with value: 0.825 and parameters: {'n_estimators': 100, 'max_depth': 20, 'gamma': 0.7642958531698996, 'subsample': 0.878929130888847, 'colsample_bytree': 0.8173988232254954}. Best is trial 3 with value: 0.85.
[I 2025-05-07 04:27:17,176] A new study created in memory with name: rf
Parámetros guardados en checkpoint_shoppers_Doriginal_Roriginal_B/random/IPC_20/best_models_random_seed_5_space_original/xgb_best_params.json


>>> Optuna tuning rf metodo random IPC 20 seed 5


[I 2025-05-07 04:27:18,574] Trial 0 finished with value: 0.725 and parameters: {'n_estimators': 189, 'max_depth': 18, 'min_samples_split': 3, 'min_samples_leaf': 10}. Best is trial 0 with value: 0.725.
[I 2025-05-07 04:27:19,005] Trial 1 finished with value: 0.75 and parameters: {'n_estimators': 295, 'max_depth': 14, 'min_samples_split': 8, 'min_samples_leaf': 6}. Best is trial 1 with value: 0.75.
[I 2025-05-07 04:27:19,293] Trial 2 finished with value: 0.75 and parameters: {'n_estimators': 219, 'max_depth': 6, 'min_samples_split': 2, 'min_samples_leaf': 8}. Best is trial 1 with value: 0.75.
[I 2025-05-07 04:27:19,672] Trial 3 finished with value: 0.75 and parameters: {'n_estimators': 276, 'max_depth': 5, 'min_samples_split': 9, 'min_samples_leaf': 3}. Best is trial 1 with value: 0.75.
[I 2025-05-07 04:27:19,989] Trial 4 finished with value: 0.75 and parameters: {'n_estimators': 266, 'max_depth': 8, 'min_samples_split': 7, 'min_samples_leaf': 6}. Best is trial 1 with value: 0.75.
[I 2025-05-07 04:27:20,409] Trial 5 finished with value: 0.775 and parameters: {'n_estimators': 340, 'max_depth': 7, 'min_samples_split': 4, 'min_samples_leaf': 3}. Best is trial 5 with value: 0.775.
[I 2025-05-07 04:27:20,700] Trial 6 finished with value: 0.725 and parameters: {'n_estimators': 231, 'max_depth': 5, 'min_samples_split': 3, 'min_samples_leaf': 10}. Best is trial 5 with value: 0.775.
[I 2025-05-07 04:27:21,283] Trial 7 finished with value: 0.775 and parameters: {'n_estimators': 485, 'max_depth': 6, 'min_samples_split': 2, 'min_samples_leaf': 3}. Best is trial 5 with value: 0.775.
[I 2025-05-07 04:27:21,733] Trial 8 finished with value: 0.775 and parameters: {'n_estimators': 380, 'max_depth': 17, 'min_samples_split': 2, 'min_samples_leaf': 6}. Best is trial 5 with value: 0.775.
[I 2025-05-07 04:27:21,918] Trial 9 finished with value: 0.75 and parameters: {'n_estimators': 100, 'max_depth': 12, 'min_samples_split': 7, 'min_samples_leaf': 10}. Best is trial 5 with value: 0.775.
[I 2025-05-07 04:27:22,419] Trial 10 finished with value: 0.75 and parameters: {'n_estimators': 384, 'max_depth': 10, 'min_samples_split': 5, 'min_samples_leaf': 2}. Best is trial 5 with value: 0.775.
[I 2025-05-07 04:27:23,575] Trial 11 finished with value: 0.775 and parameters: {'n_estimators': 498, 'max_depth': 8, 'min_samples_split': 5, 'min_samples_leaf': 4}. Best is trial 5 with value: 0.775.
[I 2025-05-07 04:27:24,743] Trial 12 finished with value: 0.75 and parameters: {'n_estimators': 489, 'max_depth': 3, 'min_samples_split': 4, 'min_samples_leaf': 1}. Best is trial 5 with value: 0.775.
[I 2025-05-07 04:27:25,927] Trial 13 finished with value: 0.75 and parameters: {'n_estimators': 406, 'max_depth': 9, 'min_samples_split': 4, 'min_samples_leaf': 4}. Best is trial 5 with value: 0.775.
[I 2025-05-07 04:27:26,402] Trial 14 finished with value: 0.75 and parameters: {'n_estimators': 436, 'max_depth': 13, 'min_samples_split': 2, 'min_samples_leaf': 1}. Best is trial 5 with value: 0.775.
[I 2025-05-07 04:27:26,837] Trial 15 finished with value: 0.75 and parameters: {'n_estimators': 347, 'max_depth': 3, 'min_samples_split': 5, 'min_samples_leaf': 4}. Best is trial 5 with value: 0.775.
[I 2025-05-07 04:27:27,352] Trial 16 finished with value: 0.75 and parameters: {'n_estimators': 445, 'max_depth': 7, 'min_samples_split': 10, 'min_samples_leaf': 3}. Best is trial 5 with value: 0.775.
[I 2025-05-07 04:27:27,776] Trial 17 finished with value: 0.75 and parameters: {'n_estimators': 334, 'max_depth': 11, 'min_samples_split': 3, 'min_samples_leaf': 2}. Best is trial 5 with value: 0.775.
[I 2025-05-07 04:27:27,969] Trial 18 finished with value: 0.775 and parameters: {'n_estimators': 111, 'max_depth': 15, 'min_samples_split': 4, 'min_samples_leaf': 5}. Best is trial 5 with value: 0.775.
[I 2025-05-07 04:27:28,487] Trial 19 finished with value: 0.775 and parameters: {'n_estimators': 451, 'max_depth': 5, 'min_samples_split': 6, 'min_samples_leaf': 8}. Best is trial 5 with value: 0.775.
[I 2025-05-07 04:27:28,694] Trial 20 finished with value: 0.725 and parameters: {'n_estimators': 160, 'max_depth': 9, 'min_samples_split': 3, 'min_samples_leaf': 2}. Best is trial 5 with value: 0.775.
[I 2025-05-07 04:27:29,080] Trial 21 finished with value: 0.8 and parameters: {'n_estimators': 345, 'max_depth': 20, 'min_samples_split': 2, 'min_samples_leaf': 7}. Best is trial 21 with value: 0.8.
[I 2025-05-07 04:27:29,475] Trial 22 finished with value: 0.775 and parameters: {'n_estimators': 332, 'max_depth': 20, 'min_samples_split': 2, 'min_samples_leaf': 8}. Best is trial 21 with value: 0.8.
[I 2025-05-07 04:27:29,859] Trial 23 finished with value: 0.75 and parameters: {'n_estimators': 365, 'max_depth': 20, 'min_samples_split': 4, 'min_samples_leaf': 7}. Best is trial 21 with value: 0.8.
[I 2025-05-07 04:27:30,238] Trial 24 finished with value: 0.725 and parameters: {'n_estimators': 309, 'max_depth': 16, 'min_samples_split': 3, 'min_samples_leaf': 5}. Best is trial 21 with value: 0.8.
[I 2025-05-07 04:27:30,707] Trial 25 finished with value: 0.75 and parameters: {'n_estimators': 393, 'max_depth': 11, 'min_samples_split': 2, 'min_samples_leaf': 3}. Best is trial 21 with value: 0.8.
[I 2025-05-07 04:27:31,165] Trial 26 finished with value: 0.7 and parameters: {'n_estimators': 421, 'max_depth': 7, 'min_samples_split': 6, 'min_samples_leaf': 7}. Best is trial 21 with value: 0.8.
[I 2025-05-07 04:27:31,450] Trial 27 finished with value: 0.8 and parameters: {'n_estimators': 236, 'max_depth': 4, 'min_samples_split': 3, 'min_samples_leaf': 5}. Best is trial 21 with value: 0.8.
[I 2025-05-07 04:27:31,767] Trial 28 finished with value: 0.75 and parameters: {'n_estimators': 246, 'max_depth': 4, 'min_samples_split': 4, 'min_samples_leaf': 5}. Best is trial 21 with value: 0.8.
[I 2025-05-07 04:27:32,044] Trial 29 finished with value: 0.75 and parameters: {'n_estimators': 199, 'max_depth': 18, 'min_samples_split': 3, 'min_samples_leaf': 9}. Best is trial 21 with value: 0.8.
[I 2025-05-07 04:27:36,225] A new study created in memory with name: svc
Parámetros guardados en checkpoint_shoppers_Doriginal_Roriginal_B/random/IPC_20/best_models_random_seed_5_space_original/rf_best_params.json


>>> Optuna tuning svc metodo random IPC 20 seed 5


[I 2025-05-07 04:27:37,306] Trial 0 finished with value: 0.575 and parameters: {'C': 0.07726319876517104, 'gamma': 0.3040389504793042}. Best is trial 0 with value: 0.575.
[I 2025-05-07 04:27:37,357] Trial 1 finished with value: 0.575 and parameters: {'C': 0.06712381339142241, 'gamma': 0.47254549996710477}. Best is trial 0 with value: 0.575.
[I 2025-05-07 04:27:37,375] Trial 2 finished with value: 0.725 and parameters: {'C': 0.8987621100554035, 'gamma': 0.027988231123708972}. Best is trial 2 with value: 0.725.
[I 2025-05-07 04:27:37,390] Trial 3 finished with value: 0.775 and parameters: {'C': 11.5779435007655, 'gamma': 0.011848734045499056}. Best is trial 3 with value: 0.775.
[I 2025-05-07 04:27:37,404] Trial 4 finished with value: 0.75 and parameters: {'C': 0.1538870258903583, 'gamma': 0.0005634883151169033}. Best is trial 3 with value: 0.775.
[I 2025-05-07 04:27:37,419] Trial 5 finished with value: 0.675 and parameters: {'C': 0.021036092656561454, 'gamma': 0.08990030906808326}. Best is trial 3 with value: 0.775.
[I 2025-05-07 04:27:37,433] Trial 6 finished with value: 0.75 and parameters: {'C': 0.5824208201678516, 'gamma': 0.00042977333932534993}. Best is trial 3 with value: 0.775.
[I 2025-05-07 04:27:37,448] Trial 7 finished with value: 0.75 and parameters: {'C': 33.09391330085814, 'gamma': 0.001248377256719358}. Best is trial 3 with value: 0.775.
[I 2025-05-07 04:27:37,462] Trial 8 finished with value: 0.75 and parameters: {'C': 0.45387898639622015, 'gamma': 0.0015286910781809498}. Best is trial 3 with value: 0.775.
[I 2025-05-07 04:27:37,476] Trial 9 finished with value: 0.8 and parameters: {'C': 3.274550070431994, 'gamma': 0.02086177421469992}. Best is trial 9 with value: 0.8.
[I 2025-05-07 04:27:37,499] Trial 10 finished with value: 0.8 and parameters: {'C': 8.09027166968415, 'gamma': 0.005985187208337879}. Best is trial 9 with value: 0.8.
[I 2025-05-07 04:27:38,130] Trial 11 finished with value: 0.75 and parameters: {'C': 6.48642555359081, 'gamma': 0.004756141242260672}. Best is trial 9 with value: 0.8.
[I 2025-05-07 04:27:38,782] Trial 12 finished with value: 0.775 and parameters: {'C': 3.377792660471031, 'gamma': 0.04458954760508529}. Best is trial 9 with value: 0.8.
[I 2025-05-07 04:27:38,820] Trial 13 finished with value: 0.75 and parameters: {'C': 77.8651326945774, 'gamma': 0.006961360691001056}. Best is trial 9 with value: 0.8.
[I 2025-05-07 04:27:38,844] Trial 14 finished with value: 0.775 and parameters: {'C': 2.63472878790716, 'gamma': 0.00010410657631139162}. Best is trial 9 with value: 0.8.
[I 2025-05-07 04:27:38,869] Trial 15 finished with value: 0.725 and parameters: {'C': 19.333068482093132, 'gamma': 0.13339302575039927}. Best is trial 9 with value: 0.8.
[I 2025-05-07 04:27:38,890] Trial 16 finished with value: 0.775 and parameters: {'C': 2.530203188605895, 'gamma': 0.018449637782184468}. Best is trial 9 with value: 0.8.
[I 2025-05-07 04:27:38,914] Trial 17 finished with value: 0.75 and parameters: {'C': 86.56753086739319, 'gamma': 0.0034030281529595814}. Best is trial 9 with value: 0.8.
[I 2025-05-07 04:27:38,940] Trial 18 finished with value: 0.725 and parameters: {'C': 6.5103914325862595, 'gamma': 0.05420890020495192}. Best is trial 9 with value: 0.8.
[I 2025-05-07 04:27:38,961] Trial 19 finished with value: 0.575 and parameters: {'C': 0.28118611577348535, 'gamma': 0.8981496536972738}. Best is trial 9 with value: 0.8.
[I 2025-05-07 04:27:38,982] Trial 20 finished with value: 0.725 and parameters: {'C': 1.9455493754388888, 'gamma': 0.0026579625881494075}. Best is trial 9 with value: 0.8.
[I 2025-05-07 04:27:39,007] Trial 21 finished with value: 0.75 and parameters: {'C': 17.602121063391486, 'gamma': 0.015143845139914616}. Best is trial 9 with value: 0.8.
[I 2025-05-07 04:27:39,029] Trial 22 finished with value: 0.75 and parameters: {'C': 10.697424700858372, 'gamma': 0.007639098881507377}. Best is trial 9 with value: 0.8.
[I 2025-05-07 04:27:39,659] Trial 23 finished with value: 0.75 and parameters: {'C': 25.52974038565427, 'gamma': 0.010520633602019215}. Best is trial 9 with value: 0.8.
[I 2025-05-07 04:27:39,683] Trial 24 finished with value: 0.775 and parameters: {'C': 5.432544902845461, 'gamma': 0.02838598252706644}. Best is trial 9 with value: 0.8.
[I 2025-05-07 04:27:39,704] Trial 25 finished with value: 0.725 and parameters: {'C': 45.05903781069223, 'gamma': 0.14238076897047963}. Best is trial 9 with value: 0.8.
[I 2025-05-07 04:27:39,724] Trial 26 finished with value: 0.725 and parameters: {'C': 12.30143098919113, 'gamma': 0.0014925905073411327}. Best is trial 9 with value: 0.8.
[I 2025-05-07 04:27:39,744] Trial 27 finished with value: 0.75 and parameters: {'C': 1.855668348892838, 'gamma': 0.01507259958883674}. Best is trial 9 with value: 0.8.
[I 2025-05-07 04:27:39,766] Trial 28 finished with value: 0.75 and parameters: {'C': 0.9635163358311151, 'gamma': 0.005169540183027033}. Best is trial 9 with value: 0.8.
[I 2025-05-07 04:27:39,789] Trial 29 finished with value: 0.725 and parameters: {'C': 5.281334027712808, 'gamma': 0.06494621758591197}. Best is trial 9 with value: 0.8.
[I 2025-05-07 04:27:42,702] A new study created in memory with name: logreg
Parámetros guardados en checkpoint_shoppers_Doriginal_Roriginal_B/random/IPC_20/best_models_random_seed_5_space_original/svc_best_params.json


>>> Optuna tuning logreg metodo random IPC 20 seed 5


[I 2025-05-07 04:27:44,451] Trial 0 finished with value: 0.7 and parameters: {'C': 0.012881482725481003, 'penalty': 'l2'}. Best is trial 0 with value: 0.7.
[I 2025-05-07 04:27:44,541] Trial 1 finished with value: 0.75 and parameters: {'C': 22.576755560681583, 'penalty': 'l2'}. Best is trial 1 with value: 0.75.
