[I 2025-05-07 07:42:22,619] Trial 15 finished with value: 0.8500000000000002 and parameters: {'n_estimators': 100, 'max_depth': 5, 'gamma': 0.8815024849874605, 'subsample': 0.5158961189408952, 'colsample_bytree': 0.7176293080719411}. Best is trial 1 with value: 0.8833333333333334.
/data/home/rtabares/anaconda3/envs/pyth3.12/lib/python3.12/site-packages/xgboost/core.py:377: FutureWarning: Your system has an old version of glibc (< 2.28). We will stop supporting Linux distros with glibc older than 2.28 after **May 31, 2025**. Please upgrade to a recent Linux distro (with glibc >= 2.28) to use future versions of XGBoost.
Note: You have installed the 'manylinux2014' variant of XGBoost. Certain features such as GPU algorithms or federated learning are not available. To use these features, please upgrade to a recent Linux distro with glibc 2.28+, and install the 'manylinux_2_28' variant.
  warnings.warn(
/data/home/rtabares/anaconda3/envs/pyth3.12/lib/python3.12/site-packages/xgboost/core.py:377: FutureWarning: Your system has an old version of glibc (< 2.28). We will stop supporting Linux distros with glibc older than 2.28 after **May 31, 2025**. Please upgrade to a recent Linux distro (with glibc >= 2.28) to use future versions of XGBoost.
Note: You have installed the 'manylinux2014' variant of XGBoost. Certain features such as GPU algorithms or federated learning are not available. To use these features, please upgrade to a recent Linux distro with glibc 2.28+, and install the 'manylinux_2_28' variant.
  warnings.warn(
[I 2025-05-07 07:42:23,277] Trial 16 finished with value: 0.8333333333333334 and parameters: {'n_estimators': 10, 'max_depth': 20, 'gamma': 0.32977991966290426, 'subsample': 0.7217414706178671, 'colsample_bytree': 0.5139334503510953}. Best is trial 1 with value: 0.8833333333333334.
[I 2025-05-07 07:42:23,317] Trial 17 finished with value: 0.8666666666666668 and parameters: {'n_estimators': 10, 'max_depth': 20, 'gamma': 0.66396181442024, 'subsample': 0.7875076449894993, 'colsample_bytree': 0.9033599185305912}. Best is trial 1 with value: 0.8833333333333334.
[I 2025-05-07 07:42:23,369] Trial 18 finished with value: 0.8666666666666668 and parameters: {'n_estimators': 100, 'max_depth': 5, 'gamma': 0.989874648109204, 'subsample': 0.9549480805102343, 'colsample_bytree': 0.8442349342910551}. Best is trial 1 with value: 0.8833333333333334.
[I 2025-05-07 07:42:23,406] Trial 19 finished with value: 0.8500000000000002 and parameters: {'n_estimators': 40, 'max_depth': 30, 'gamma': 0.770013349068987, 'subsample': 0.8340556043322946, 'colsample_bytree': 0.7681394265463001}. Best is trial 1 with value: 0.8833333333333334.
[I 2025-05-07 07:42:23,468] Trial 20 finished with value: 0.8500000000000002 and parameters: {'n_estimators': 100, 'max_depth': 20, 'gamma': 0.48816035503138006, 'subsample': 0.5706290294016945, 'colsample_bytree': 0.6556213607689124}. Best is trial 1 with value: 0.8833333333333334.
[I 2025-05-07 07:42:23,517] Trial 21 finished with value: 0.8666666666666668 and parameters: {'n_estimators': 100, 'max_depth': 5, 'gamma': 0.8645627303608195, 'subsample': 0.6250896420434507, 'colsample_bytree': 0.8762182724911279}. Best is trial 1 with value: 0.8833333333333334.
[I 2025-05-07 07:42:23,564] Trial 22 finished with value: 0.8666666666666668 and parameters: {'n_estimators': 100, 'max_depth': 5, 'gamma': 0.8582415080706954, 'subsample': 0.5628831917125929, 'colsample_bytree': 0.9456772748657014}. Best is trial 1 with value: 0.8833333333333334.
[I 2025-05-07 07:42:23,617] Trial 23 finished with value: 0.8666666666666668 and parameters: {'n_estimators': 100, 'max_depth': 5, 'gamma': 0.717515141833244, 'subsample': 0.6325019348349352, 'colsample_bytree': 0.8542700120379184}. Best is trial 1 with value: 0.8833333333333334.
[I 2025-05-07 07:42:23,665] Trial 24 finished with value: 0.85 and parameters: {'n_estimators': 100, 'max_depth': 5, 'gamma': 0.584682031503871, 'subsample': 0.6779652984753275, 'colsample_bytree': 0.9495551144748137}. Best is trial 1 with value: 0.8833333333333334.
[I 2025-05-07 07:42:23,705] Trial 25 finished with value: 0.8666666666666668 and parameters: {'n_estimators': 10, 'max_depth': 5, 'gamma': 0.9214415891621595, 'subsample': 0.5511621368867237, 'colsample_bytree': 0.8022470162822802}. Best is trial 1 with value: 0.8833333333333334.
[I 2025-05-07 07:42:23,755] Trial 26 finished with value: 0.8666666666666668 and parameters: {'n_estimators': 100, 'max_depth': 5, 'gamma': 0.813302769089109, 'subsample': 0.7366132753703448, 'colsample_bytree': 0.9137788647162672}. Best is trial 1 with value: 0.8833333333333334.
[I 2025-05-07 07:42:23,805] Trial 27 finished with value: 0.8666666666666668 and parameters: {'n_estimators': 100, 'max_depth': 5, 'gamma': 0.6388648059635448, 'subsample': 0.602067384187588, 'colsample_bytree': 0.7347538034409791}. Best is trial 1 with value: 0.8833333333333334.
[I 2025-05-07 07:42:23,865] Trial 28 finished with value: 0.85 and parameters: {'n_estimators': 40, 'max_depth': 30, 'gamma': 0.7234226068374133, 'subsample': 0.9285575822487966, 'colsample_bytree': 0.8130276773448708}. Best is trial 1 with value: 0.8833333333333334.
[I 2025-05-07 07:42:23,906] Trial 29 finished with value: 0.8833333333333334 and parameters: {'n_estimators': 10, 'max_depth': 20, 'gamma': 0.701548493453017, 'subsample': 0.6638193379339892, 'colsample_bytree': 0.9847058982334386}. Best is trial 1 with value: 0.8833333333333334.
[I 2025-05-07 07:42:26,933] A new study created in memory with name: rf
Parámetros guardados en checkpoint_shoppers_Doriginal_Roriginal_C/random/IPC_30/best_models_random_seed_19_space_original/xgb_best_params.json


>>> Optuna tuning rf metodo random IPC 30 seed 19


[I 2025-05-07 07:42:29,030] Trial 0 finished with value: 0.8833333333333334 and parameters: {'n_estimators': 139, 'max_depth': 16, 'min_samples_split': 4, 'min_samples_leaf': 2}. Best is trial 0 with value: 0.8833333333333334.
[I 2025-05-07 07:42:29,416] Trial 1 finished with value: 0.8666666666666668 and parameters: {'n_estimators': 232, 'max_depth': 4, 'min_samples_split': 8, 'min_samples_leaf': 9}. Best is trial 0 with value: 0.8833333333333334.
[I 2025-05-07 07:42:30,029] Trial 2 finished with value: 0.85 and parameters: {'n_estimators': 494, 'max_depth': 14, 'min_samples_split': 3, 'min_samples_leaf': 6}. Best is trial 0 with value: 0.8833333333333334.
[I 2025-05-07 07:42:30,367] Trial 3 finished with value: 0.85 and parameters: {'n_estimators': 318, 'max_depth': 7, 'min_samples_split': 3, 'min_samples_leaf': 5}. Best is trial 0 with value: 0.8833333333333334.
[I 2025-05-07 07:42:30,583] Trial 4 finished with value: 0.8333333333333334 and parameters: {'n_estimators': 160, 'max_depth': 12, 'min_samples_split': 5, 'min_samples_leaf': 7}. Best is trial 0 with value: 0.8833333333333334.
[I 2025-05-07 07:42:30,882] Trial 5 finished with value: 0.8333333333333334 and parameters: {'n_estimators': 249, 'max_depth': 20, 'min_samples_split': 8, 'min_samples_leaf': 7}. Best is trial 0 with value: 0.8833333333333334.
[I 2025-05-07 07:42:31,311] Trial 6 finished with value: 0.85 and parameters: {'n_estimators': 346, 'max_depth': 14, 'min_samples_split': 4, 'min_samples_leaf': 8}. Best is trial 0 with value: 0.8833333333333334.
[I 2025-05-07 07:42:31,640] Trial 7 finished with value: 0.8666666666666668 and parameters: {'n_estimators': 215, 'max_depth': 15, 'min_samples_split': 2, 'min_samples_leaf': 7}. Best is trial 0 with value: 0.8833333333333334.
[I 2025-05-07 07:42:32,041] Trial 8 finished with value: 0.8666666666666668 and parameters: {'n_estimators': 321, 'max_depth': 12, 'min_samples_split': 5, 'min_samples_leaf': 2}. Best is trial 0 with value: 0.8833333333333334.
[I 2025-05-07 07:42:32,451] Trial 9 finished with value: 0.7833333333333334 and parameters: {'n_estimators': 317, 'max_depth': 3, 'min_samples_split': 9, 'min_samples_leaf': 8}. Best is trial 0 with value: 0.8833333333333334.
[I 2025-05-07 07:42:32,674] Trial 10 finished with value: 0.8666666666666666 and parameters: {'n_estimators': 102, 'max_depth': 20, 'min_samples_split': 7, 'min_samples_leaf': 1}. Best is trial 0 with value: 0.8833333333333334.
[I 2025-05-07 07:42:33,576] Trial 11 finished with value: 0.8166666666666668 and parameters: {'n_estimators': 172, 'max_depth': 7, 'min_samples_split': 10, 'min_samples_leaf': 10}. Best is trial 0 with value: 0.8833333333333334.
[I 2025-05-07 07:42:34,427] Trial 12 finished with value: 0.8333333333333334 and parameters: {'n_estimators': 102, 'max_depth': 17, 'min_samples_split': 7, 'min_samples_leaf': 4}. Best is trial 0 with value: 0.8833333333333334.
[I 2025-05-07 07:42:35,457] Trial 13 finished with value: 0.8833333333333334 and parameters: {'n_estimators': 238, 'max_depth': 8, 'min_samples_split': 6, 'min_samples_leaf': 3}. Best is trial 0 with value: 0.8833333333333334.
[I 2025-05-07 07:42:35,916] Trial 14 finished with value: 0.8833333333333334 and parameters: {'n_estimators': 426, 'max_depth': 9, 'min_samples_split': 6, 'min_samples_leaf': 3}. Best is trial 0 with value: 0.8833333333333334.
[I 2025-05-07 07:42:36,161] Trial 15 finished with value: 0.8666666666666666 and parameters: {'n_estimators': 168, 'max_depth': 9, 'min_samples_split': 5, 'min_samples_leaf': 1}. Best is trial 0 with value: 0.8833333333333334.
[I 2025-05-07 07:42:36,466] Trial 16 finished with value: 0.8666666666666668 and parameters: {'n_estimators': 263, 'max_depth': 17, 'min_samples_split': 4, 'min_samples_leaf': 3}. Best is trial 0 with value: 0.8833333333333334.
[I 2025-05-07 07:42:36,711] Trial 17 finished with value: 0.8833333333333334 and parameters: {'n_estimators': 192, 'max_depth': 10, 'min_samples_split': 6, 'min_samples_leaf': 4}. Best is trial 0 with value: 0.8833333333333334.
[I 2025-05-07 07:42:36,924] Trial 18 finished with value: 0.8833333333333334 and parameters: {'n_estimators': 131, 'max_depth': 5, 'min_samples_split': 2, 'min_samples_leaf': 2}. Best is trial 0 with value: 0.8833333333333334.
[I 2025-05-07 07:42:37,348] Trial 19 finished with value: 0.8833333333333334 and parameters: {'n_estimators': 380, 'max_depth': 17, 'min_samples_split': 4, 'min_samples_leaf': 3}. Best is trial 0 with value: 0.8833333333333334.
[I 2025-05-07 07:42:37,672] Trial 20 finished with value: 0.8666666666666666 and parameters: {'n_estimators': 264, 'max_depth': 6, 'min_samples_split': 7, 'min_samples_leaf': 5}. Best is trial 0 with value: 0.8833333333333334.
[I 2025-05-07 07:42:38,188] Trial 21 finished with value: 0.8666666666666668 and parameters: {'n_estimators': 428, 'max_depth': 9, 'min_samples_split': 6, 'min_samples_leaf': 3}. Best is trial 0 with value: 0.8833333333333334.
[I 2025-05-07 07:42:38,654] Trial 22 finished with value: 0.8833333333333334 and parameters: {'n_estimators': 428, 'max_depth': 9, 'min_samples_split': 6, 'min_samples_leaf': 2}. Best is trial 0 with value: 0.8833333333333334.
[I 2025-05-07 07:42:39,122] Trial 23 finished with value: 0.8833333333333334 and parameters: {'n_estimators': 379, 'max_depth': 11, 'min_samples_split': 5, 'min_samples_leaf': 4}. Best is trial 0 with value: 0.8833333333333334.
[I 2025-05-07 07:42:39,532] Trial 24 finished with value: 0.8833333333333334 and parameters: {'n_estimators': 287, 'max_depth': 7, 'min_samples_split': 8, 'min_samples_leaf': 1}. Best is trial 0 with value: 0.8833333333333334.
[I 2025-05-07 07:42:40,078] Trial 25 finished with value: 0.8666666666666666 and parameters: {'n_estimators': 485, 'max_depth': 13, 'min_samples_split': 3, 'min_samples_leaf': 3}. Best is trial 0 with value: 0.8833333333333334.
[I 2025-05-07 07:42:40,354] Trial 26 finished with value: 0.85 and parameters: {'n_estimators': 213, 'max_depth': 10, 'min_samples_split': 7, 'min_samples_leaf': 2}. Best is trial 0 with value: 0.8833333333333334.
[I 2025-05-07 07:42:40,605] Trial 27 finished with value: 0.85 and parameters: {'n_estimators': 137, 'max_depth': 8, 'min_samples_split': 6, 'min_samples_leaf': 4}. Best is trial 0 with value: 0.8833333333333334.
[I 2025-05-07 07:42:41,155] Trial 28 finished with value: 0.8333333333333334 and parameters: {'n_estimators': 459, 'max_depth': 16, 'min_samples_split': 5, 'min_samples_leaf': 5}. Best is trial 0 with value: 0.8833333333333334.
[I 2025-05-07 07:42:41,432] Trial 29 finished with value: 0.8833333333333334 and parameters: {'n_estimators': 231, 'max_depth': 5, 'min_samples_split': 4, 'min_samples_leaf': 2}. Best is trial 0 with value: 0.8833333333333334.
[I 2025-05-07 07:42:45,249] A new study created in memory with name: svc
Parámetros guardados en checkpoint_shoppers_Doriginal_Roriginal_C/random/IPC_30/best_models_random_seed_19_space_original/rf_best_params.json


>>> Optuna tuning svc metodo random IPC 30 seed 19


[I 2025-05-07 07:42:46,348] Trial 0 finished with value: 0.7333333333333333 and parameters: {'C': 0.024554687252815736, 'gamma': 0.11091719208511946}. Best is trial 0 with value: 0.7333333333333333.
[I 2025-05-07 07:42:46,395] Trial 1 finished with value: 0.6 and parameters: {'C': 0.09721916634251473, 'gamma': 0.0003568837304791516}. Best is trial 0 with value: 0.7333333333333333.
[I 2025-05-07 07:42:46,411] Trial 2 finished with value: 0.6 and parameters: {'C': 0.21173187969926763, 'gamma': 0.00021478218690054986}. Best is trial 0 with value: 0.7333333333333333.
[I 2025-05-07 07:42:46,424] Trial 3 finished with value: 0.7666666666666667 and parameters: {'C': 4.874255889616769, 'gamma': 0.16841283731675058}. Best is trial 3 with value: 0.7666666666666667.
[I 2025-05-07 07:42:46,450] Trial 4 finished with value: 0.7833333333333334 and parameters: {'C': 85.30365861883273, 'gamma': 0.034885338323147046}. Best is trial 4 with value: 0.7833333333333334.
[I 2025-05-07 07:42:46,464] Trial 5 finished with value: 0.6833333333333332 and parameters: {'C': 0.07306224692521043, 'gamma': 0.015707596204950408}. Best is trial 4 with value: 0.7833333333333334.
[I 2025-05-07 07:42:46,479] Trial 6 finished with value: 0.6 and parameters: {'C': 1.5213874591771246, 'gamma': 0.0008635834138291085}. Best is trial 4 with value: 0.7833333333333334.
[I 2025-05-07 07:42:46,493] Trial 7 finished with value: 0.6499999999999999 and parameters: {'C': 0.02850384003245613, 'gamma': 0.009968666527558203}. Best is trial 4 with value: 0.7833333333333334.
[I 2025-05-07 07:42:46,508] Trial 8 finished with value: 0.6666666666666666 and parameters: {'C': 0.04059136815334151, 'gamma': 0.013512768055350663}. Best is trial 4 with value: 0.7833333333333334.
[I 2025-05-07 07:42:46,521] Trial 9 finished with value: 0.7166666666666666 and parameters: {'C': 0.3532051878098643, 'gamma': 0.05666430072936841}. Best is trial 4 with value: 0.7833333333333334.
[I 2025-05-07 07:42:46,545] Trial 10 finished with value: 0.55 and parameters: {'C': 94.4627586018367, 'gamma': 0.9706863397077202}. Best is trial 4 with value: 0.7833333333333334.
[I 2025-05-07 07:42:47,240] Trial 11 finished with value: 0.7166666666666667 and parameters: {'C': 46.37252728551739, 'gamma': 0.409597106776861}. Best is trial 4 with value: 0.7833333333333334.
[I 2025-05-07 07:42:47,910] Trial 12 finished with value: 0.7833333333333332 and parameters: {'C': 9.20281896141202, 'gamma': 0.09927816369208946}. Best is trial 4 with value: 0.7833333333333334.
[I 2025-05-07 07:42:47,934] Trial 13 finished with value: 0.7833333333333334 and parameters: {'C': 17.473421245406115, 'gamma': 0.0028299727418663757}. Best is trial 4 with value: 0.7833333333333334.
[I 2025-05-07 07:42:47,959] Trial 14 finished with value: 0.8 and parameters: {'C': 19.552570160847228, 'gamma': 0.0034465592253784343}. Best is trial 14 with value: 0.8.
[I 2025-05-07 07:42:47,982] Trial 15 finished with value: 0.8 and parameters: {'C': 29.44193146020773, 'gamma': 0.0026479279821745357}. Best is trial 14 with value: 0.8.
[I 2025-05-07 07:42:48,006] Trial 16 finished with value: 0.6333333333333332 and parameters: {'C': 2.001213465276969, 'gamma': 0.0022742823640928525}. Best is trial 14 with value: 0.8.
[I 2025-05-07 07:42:48,027] Trial 17 finished with value: 0.7833333333333334 and parameters: {'C': 22.144396066688778, 'gamma': 0.002612055667841386}. Best is trial 14 with value: 0.8.
[I 2025-05-07 07:42:48,058] Trial 18 finished with value: 0.6166666666666667 and parameters: {'C': 3.500556230616688, 'gamma': 0.00083691044657148}. Best is trial 14 with value: 0.8.
[I 2025-05-07 07:42:48,090] Trial 19 finished with value: 0.6333333333333332 and parameters: {'C': 0.6385017853546588, 'gamma': 0.00586058532146367}. Best is trial 14 with value: 0.8.
[I 2025-05-07 07:42:48,113] Trial 20 finished with value: 0.8 and parameters: {'C': 28.407539449833457, 'gamma': 0.0008676887102376258}. Best is trial 14 with value: 0.8.
[I 2025-05-07 07:42:48,134] Trial 21 finished with value: 0.7333333333333332 and parameters: {'C': 23.52087847813479, 'gamma': 0.0007950864528098266}. Best is trial 14 with value: 0.8.
[I 2025-05-07 07:42:48,155] Trial 22 finished with value: 0.7333333333333332 and parameters: {'C': 8.471329877568088, 'gamma': 0.0015788544689496896}. Best is trial 14 with value: 0.8.
[I 2025-05-07 07:42:48,842] Trial 23 finished with value: 0.7 and parameters: {'C': 40.04038286507039, 'gamma': 0.005453391651129581}. Best is trial 14 with value: 0.8.
[I 2025-05-07 07:42:48,867] Trial 24 finished with value: 0.6 and parameters: {'C': 10.204954649969146, 'gamma': 0.00012811714130884843}. Best is trial 14 with value: 0.8.
[I 2025-05-07 07:42:48,889] Trial 25 finished with value: 0.7333333333333332 and parameters: {'C': 47.3489299229544, 'gamma': 0.00034406404919437296}. Best is trial 14 with value: 0.8.
[I 2025-05-07 07:42:48,919] Trial 26 finished with value: 0.8 and parameters: {'C': 3.983040346549906, 'gamma': 0.005776138528190646}. Best is trial 14 with value: 0.8.
[I 2025-05-07 07:42:48,949] Trial 27 finished with value: 0.7333333333333332 and parameters: {'C': 15.402858609033581, 'gamma': 0.0013622252903759766}. Best is trial 14 with value: 0.8.
[I 2025-05-07 07:42:48,970] Trial 28 finished with value: 0.7333333333333332 and parameters: {'C': 34.02767260868383, 'gamma': 0.0005114564935750581}. Best is trial 14 with value: 0.8.
[I 2025-05-07 07:42:49,006] Trial 29 finished with value: 0.6 and parameters: {'C': 0.010206360827995762, 'gamma': 0.00010053409473792547}. Best is trial 14 with value: 0.8.
[I 2025-05-07 07:42:51,448] A new study created in memory with name: logreg
Parámetros guardados en checkpoint_shoppers_Doriginal_Roriginal_C/random/IPC_30/best_models_random_seed_19_space_original/svc_best_params.json


>>> Optuna tuning logreg metodo random IPC 30 seed 19


[I 2025-05-07 07:42:53,884] Trial 0 finished with value: 0.7500000000000001 and parameters: {'C': 0.0030737462276604383, 'penalty': 'l2'}. Best is trial 0 with value: 0.7500000000000001.
[I 2025-05-07 07:42:53,996] Trial 1 finished with value: 0.7666666666666668 and parameters: {'C': 6.4010111452089244, 'penalty': 'l2'}. Best is trial 1 with value: 0.7666666666666668.
[I 2025-05-07 07:42:54,024] Trial 2 finished with value: 0.7166666666666666 and parameters: {'C': 0.01716682048984176, 'penalty': 'l2'}. Best is trial 1 with value: 0.7666666666666668.
[I 2025-05-07 07:42:54,039] Trial 3 finished with value: 0.7333333333333333 and parameters: {'C': 0.004905219401868748, 'penalty': 'l2'}. Best is trial 1 with value: 0.7666666666666668.
[I 2025-05-07 07:42:54,053] Trial 4 finished with value: 0.7666666666666668 and parameters: {'C': 0.045418503066919594, 'penalty': 'l2'}. Best is trial 1 with value: 0.7666666666666668.
[I 2025-05-07 07:42:54,066] Trial 5 finished with value: 0.7500000000000001 and parameters: {'C': 0.002600146541486409, 'penalty': 'l2'}. Best is trial 1 with value: 0.7666666666666668.
[I 2025-05-07 07:42:54,092] Trial 6 finished with value: 0.7833333333333334 and parameters: {'C': 2.2902632607117055, 'penalty': 'l2'}. Best is trial 6 with value: 0.7833333333333334.
[I 2025-05-07 07:42:54,117] Trial 7 finished with value: 0.7666666666666668 and parameters: {'C': 10.788696867786943, 'penalty': 'l2'}. Best is trial 6 with value: 0.7833333333333334.
[I 2025-05-07 07:42:54,141] Trial 8 finished with value: 0.7666666666666668 and parameters: {'C': 81.98031311430073, 'penalty': 'l2'}. Best is trial 6 with value: 0.7833333333333334.
[I 2025-05-07 07:42:54,167] Trial 9 finished with value: 0.7833333333333334 and parameters: {'C': 1.5076609072623033, 'penalty': 'l2'}. Best is trial 6 with value: 0.7833333333333334.
[I 2025-05-07 07:42:54,197] Trial 10 finished with value: 0.8 and parameters: {'C': 0.18455498658974245, 'penalty': 'l2'}. Best is trial 10 with value: 0.8.
[I 2025-05-07 07:42:54,865] Trial 11 finished with value: 0.8000000000000002 and parameters: {'C': 0.49673152120738906, 'penalty': 'l2'}. Best is trial 11 with value: 0.8000000000000002.
[I 2025-05-07 07:42:55,503] Trial 12 finished with value: 0.8 and parameters: {'C': 0.2455319442444455, 'penalty': 'l2'}. Best is trial 11 with value: 0.8000000000000002.
[I 2025-05-07 07:42:55,527] Trial 13 finished with value: 0.8 and parameters: {'C': 0.22922652526963913, 'penalty': 'l2'}. Best is trial 11 with value: 0.8000000000000002.
[I 2025-05-07 07:42:55,559] Trial 14 finished with value: 0.7666666666666668 and parameters: {'C': 0.06791164239893464, 'penalty': 'l2'}. Best is trial 11 with value: 0.8000000000000002.
[I 2025-05-07 07:42:55,584] Trial 15 finished with value: 0.8000000000000002 and parameters: {'C': 0.6268028950618134, 'penalty': 'l2'}. Best is trial 11 with value: 0.8000000000000002.
[I 2025-05-07 07:42:55,615] Trial 16 finished with value: 0.7833333333333334 and parameters: {'C': 1.129748481448534, 'penalty': 'l2'}. Best is trial 11 with value: 0.8000000000000002.
[I 2025-05-07 07:42:55,636] Trial 17 finished with value: 0.7666666666666668 and parameters: {'C': 24.914700968491807, 'penalty': 'l2'}. Best is trial 11 with value: 0.8000000000000002.
