[I 2025-05-04 17:13:09,929] Trial 11 finished with value: 0.7673978782270086 and parameters: {'n_estimators': 40, 'max_depth': 5, 'gamma': 0.39874152974214566, 'subsample': 0.684402200509914, 'colsample_bytree': 0.9969596088199149}. Best is trial 0 with value: 0.7750344698299809.
/data/home/rtabares/anaconda3/envs/pyth3.12/lib/python3.12/site-packages/xgboost/core.py:377: FutureWarning: Your system has an old version of glibc (< 2.28). We will stop supporting Linux distros with glibc older than 2.28 after **May 31, 2025**. Please upgrade to a recent Linux distro (with glibc >= 2.28) to use future versions of XGBoost.
Note: You have installed the 'manylinux2014' variant of XGBoost. Certain features such as GPU algorithms or federated learning are not available. To use these features, please upgrade to a recent Linux distro with glibc 2.28+, and install the 'manylinux_2_28' variant.
  warnings.warn(
/data/home/rtabares/anaconda3/envs/pyth3.12/lib/python3.12/site-packages/xgboost/core.py:377: FutureWarning: Your system has an old version of glibc (< 2.28). We will stop supporting Linux distros with glibc older than 2.28 after **May 31, 2025**. Please upgrade to a recent Linux distro (with glibc >= 2.28) to use future versions of XGBoost.
Note: You have installed the 'manylinux2014' variant of XGBoost. Certain features such as GPU algorithms or federated learning are not available. To use these features, please upgrade to a recent Linux distro with glibc 2.28+, and install the 'manylinux_2_28' variant.
  warnings.warn(
/data/home/rtabares/anaconda3/envs/pyth3.12/lib/python3.12/site-packages/xgboost/core.py:377: FutureWarning: Your system has an old version of glibc (< 2.28). We will stop supporting Linux distros with glibc older than 2.28 after **May 31, 2025**. Please upgrade to a recent Linux distro (with glibc >= 2.28) to use future versions of XGBoost.
Note: You have installed the 'manylinux2014' variant of XGBoost. Certain features such as GPU algorithms or federated learning are not available. To use these features, please upgrade to a recent Linux distro with glibc 2.28+, and install the 'manylinux_2_28' variant.
  warnings.warn(
/data/home/rtabares/anaconda3/envs/pyth3.12/lib/python3.12/site-packages/xgboost/core.py:377: FutureWarning: Your system has an old version of glibc (< 2.28). We will stop supporting Linux distros with glibc older than 2.28 after **May 31, 2025**. Please upgrade to a recent Linux distro (with glibc >= 2.28) to use future versions of XGBoost.
Note: You have installed the 'manylinux2014' variant of XGBoost. Certain features such as GPU algorithms or federated learning are not available. To use these features, please upgrade to a recent Linux distro with glibc 2.28+, and install the 'manylinux_2_28' variant.
  warnings.warn(
[I 2025-05-04 17:13:10,900] Trial 12 finished with value: 0.7686798396653252 and parameters: {'n_estimators': 40, 'max_depth': 30, 'gamma': 0.8246399209967283, 'subsample': 0.7211767249334009, 'colsample_bytree': 0.8993242784691231}. Best is trial 0 with value: 0.7750344698299809.
[I 2025-05-04 17:13:11,303] Trial 13 finished with value: 0.7694437543450962 and parameters: {'n_estimators': 100, 'max_depth': 5, 'gamma': 0.5635099338446221, 'subsample': 0.8917998298846976, 'colsample_bytree': 0.9189083147255793}. Best is trial 0 with value: 0.7750344698299809.
[I 2025-05-04 17:13:11,746] Trial 14 finished with value: 0.766730504370142 and parameters: {'n_estimators': 40, 'max_depth': 30, 'gamma': 0.3765913196398667, 'subsample': 0.7899688639681097, 'colsample_bytree': 0.9507346190467891}. Best is trial 0 with value: 0.7750344698299809.
[I 2025-05-04 17:13:12,173] Trial 15 finished with value: 0.7703225009942491 and parameters: {'n_estimators': 100, 'max_depth': 5, 'gamma': 0.1138974011447233, 'subsample': 0.6623892154235589, 'colsample_bytree': 0.7472206370344503}. Best is trial 0 with value: 0.7750344698299809.
[I 2025-05-04 17:13:12,497] Trial 16 finished with value: 0.7780390120048615 and parameters: {'n_estimators': 40, 'max_depth': 5, 'gamma': 0.6717996624595401, 'subsample': 0.9058830919395758, 'colsample_bytree': 0.866924414031871}. Best is trial 16 with value: 0.7780390120048615.
[I 2025-05-04 17:13:12,883] Trial 17 finished with value: 0.7717477051315395 and parameters: {'n_estimators': 40, 'max_depth': 30, 'gamma': 0.7083862593759728, 'subsample': 0.8839084866953895, 'colsample_bytree': 0.8574410788494113}. Best is trial 16 with value: 0.7780390120048615.
[I 2025-05-04 17:13:13,180] Trial 18 finished with value: 0.7775066839846466 and parameters: {'n_estimators': 40, 'max_depth': 5, 'gamma': 0.6455732619005046, 'subsample': 0.9314971520293179, 'colsample_bytree': 0.6590100810908468}. Best is trial 16 with value: 0.7780390120048615.
[I 2025-05-04 17:13:13,474] Trial 19 finished with value: 0.7755693403954531 and parameters: {'n_estimators': 40, 'max_depth': 5, 'gamma': 0.8791428273947589, 'subsample': 0.937460825096498, 'colsample_bytree': 0.6667111340131878}. Best is trial 16 with value: 0.7780390120048615.
[I 2025-05-04 17:13:13,768] Trial 20 finished with value: 0.7692403254255538 and parameters: {'n_estimators': 40, 'max_depth': 5, 'gamma': 0.7072089104541451, 'subsample': 0.8508041319133905, 'colsample_bytree': 0.6599337712515533}. Best is trial 16 with value: 0.7780390120048615.
[I 2025-05-04 17:13:14,077] Trial 21 finished with value: 0.7737133329555356 and parameters: {'n_estimators': 40, 'max_depth': 5, 'gamma': 0.8875997587476416, 'subsample': 0.9436520721321013, 'colsample_bytree': 0.6684542300253697}. Best is trial 16 with value: 0.7780390120048615.
[I 2025-05-04 17:13:14,358] Trial 22 finished with value: 0.7741397721879449 and parameters: {'n_estimators': 40, 'max_depth': 5, 'gamma': 0.802486136722016, 'subsample': 0.9474005550291629, 'colsample_bytree': 0.6037939032937463}. Best is trial 16 with value: 0.7780390120048615.
[I 2025-05-04 17:13:14,645] Trial 23 finished with value: 0.7733751364878773 and parameters: {'n_estimators': 40, 'max_depth': 5, 'gamma': 0.9931045563952219, 'subsample': 0.911695324596649, 'colsample_bytree': 0.5073744790471051}. Best is trial 16 with value: 0.7780390120048615.
[I 2025-05-04 17:13:14,945] Trial 24 finished with value: 0.7726021521317408 and parameters: {'n_estimators': 40, 'max_depth': 5, 'gamma': 0.6651357710713457, 'subsample': 0.8549269069693577, 'colsample_bytree': 0.7053860808938153}. Best is trial 16 with value: 0.7780390120048615.
[I 2025-05-04 17:13:15,243] Trial 25 finished with value: 0.7733426146776458 and parameters: {'n_estimators': 40, 'max_depth': 5, 'gamma': 0.7948836384806497, 'subsample': 0.9329711731418688, 'colsample_bytree': 0.7855999283373409}. Best is trial 16 with value: 0.7780390120048615.
[I 2025-05-04 17:13:15,479] Trial 26 finished with value: 0.7638982607472503 and parameters: {'n_estimators': 10, 'max_depth': 5, 'gamma': 0.9219726302479396, 'subsample': 0.9971368987763934, 'colsample_bytree': 0.6101522400893955}. Best is trial 16 with value: 0.7780390120048615.
[I 2025-05-04 17:13:15,771] Trial 27 finished with value: 0.776411201164157 and parameters: {'n_estimators': 40, 'max_depth': 5, 'gamma': 0.6213743688422336, 'subsample': 0.8417304879182309, 'colsample_bytree': 0.6889885275545345}. Best is trial 16 with value: 0.7780390120048615.
[I 2025-05-04 17:13:16,080] Trial 28 finished with value: 0.7750043640702178 and parameters: {'n_estimators': 40, 'max_depth': 5, 'gamma': 0.6066714389145789, 'subsample': 0.8203292721820121, 'colsample_bytree': 0.7085368832513587}. Best is trial 16 with value: 0.7780390120048615.
[I 2025-05-04 17:13:16,378] Trial 29 finished with value: 0.7730034442001127 and parameters: {'n_estimators': 40, 'max_depth': 5, 'gamma': 0.4786256555934727, 'subsample': 0.7546551897751712, 'colsample_bytree': 0.7743771208624493}. Best is trial 16 with value: 0.7780390120048615.
[I 2025-05-04 17:13:19,962] A new study created in memory with name: rf
Parámetros guardados en checkpoint_shoppers_Doriginal_Roriginal/Full-data/best_models_Full-data_seed_0/xgb_best_params.json


>>> Optuna tuning rf


[I 2025-05-04 17:13:23,431] Trial 0 finished with value: 0.8494229054739861 and parameters: {'n_estimators': 320, 'max_depth': 15, 'min_samples_split': 7, 'min_samples_leaf': 6}. Best is trial 0 with value: 0.8494229054739861.
[I 2025-05-04 17:13:25,732] Trial 1 finished with value: 0.8493034690942872 and parameters: {'n_estimators': 269, 'max_depth': 14, 'min_samples_split': 5, 'min_samples_leaf': 9}. Best is trial 0 with value: 0.8494229054739861.
[I 2025-05-04 17:13:29,005] Trial 2 finished with value: 0.8523024328489763 and parameters: {'n_estimators': 486, 'max_depth': 9, 'min_samples_split': 9, 'min_samples_leaf': 6}. Best is trial 2 with value: 0.8523024328489763.
[I 2025-05-04 17:13:32,319] Trial 3 finished with value: 0.7779158313794104 and parameters: {'n_estimators': 327, 'max_depth': 19, 'min_samples_split': 2, 'min_samples_leaf': 1}. Best is trial 2 with value: 0.8523024328489763.
[I 2025-05-04 17:13:33,322] Trial 4 finished with value: 0.8499246344047611 and parameters: {'n_estimators': 108, 'max_depth': 17, 'min_samples_split': 9, 'min_samples_leaf': 9}. Best is trial 2 with value: 0.8523024328489763.
[I 2025-05-04 17:13:37,224] Trial 5 finished with value: 0.8491407841462564 and parameters: {'n_estimators': 492, 'max_depth': 17, 'min_samples_split': 6, 'min_samples_leaf': 8}. Best is trial 2 with value: 0.8523024328489763.
[I 2025-05-04 17:13:38,514] Trial 6 finished with value: 0.849674187372177 and parameters: {'n_estimators': 147, 'max_depth': 14, 'min_samples_split': 3, 'min_samples_leaf': 10}. Best is trial 2 with value: 0.8523024328489763.
[I 2025-05-04 17:13:40,756] Trial 7 finished with value: 0.852593130523395 and parameters: {'n_estimators': 309, 'max_depth': 10, 'min_samples_split': 4, 'min_samples_leaf': 8}. Best is trial 7 with value: 0.852593130523395.
[I 2025-05-04 17:13:43,022] Trial 8 finished with value: 0.8489733682931198 and parameters: {'n_estimators': 282, 'max_depth': 13, 'min_samples_split': 2, 'min_samples_leaf': 7}. Best is trial 7 with value: 0.852593130523395.
[I 2025-05-04 17:13:45,832] Trial 9 finished with value: 0.8506516885030404 and parameters: {'n_estimators': 345, 'max_depth': 14, 'min_samples_split': 10, 'min_samples_leaf': 7}. Best is trial 7 with value: 0.852593130523395.
[I 2025-05-04 17:13:47,492] Trial 10 finished with value: 0.8430952945962439 and parameters: {'n_estimators': 407, 'max_depth': 3, 'min_samples_split': 4, 'min_samples_leaf': 3}. Best is trial 7 with value: 0.852593130523395.
[I 2025-05-04 17:13:51,188] Trial 11 finished with value: 0.8524508618342959 and parameters: {'n_estimators': 488, 'max_depth': 8, 'min_samples_split': 8, 'min_samples_leaf': 4}. Best is trial 7 with value: 0.852593130523395.
[I 2025-05-04 17:13:53,332] Trial 12 finished with value: 0.8538124896906748 and parameters: {'n_estimators': 207, 'max_depth': 9, 'min_samples_split': 7, 'min_samples_leaf': 4}. Best is trial 12 with value: 0.8538124896906748.
[I 2025-05-04 17:13:55,544] Trial 13 finished with value: 0.8505622313883159 and parameters: {'n_estimators': 219, 'max_depth': 9, 'min_samples_split': 5, 'min_samples_leaf': 4}. Best is trial 12 with value: 0.8538124896906748.
[I 2025-05-04 17:13:56,657] Trial 14 finished with value: 0.8462236119220833 and parameters: {'n_estimators': 203, 'max_depth': 5, 'min_samples_split': 7, 'min_samples_leaf': 2}. Best is trial 12 with value: 0.8538124896906748.
[I 2025-05-04 17:13:58,431] Trial 15 finished with value: 0.8507384639282399 and parameters: {'n_estimators': 223, 'max_depth': 11, 'min_samples_split': 4, 'min_samples_leaf': 5}. Best is trial 12 with value: 0.8538124896906748.
[I 2025-05-04 17:14:00,644] Trial 16 finished with value: 0.8504489553048373 and parameters: {'n_estimators': 411, 'max_depth': 6, 'min_samples_split': 6, 'min_samples_leaf': 5}. Best is trial 12 with value: 0.8538124896906748.
[I 2025-05-04 17:14:02,005] Trial 17 finished with value: 0.850649626637981 and parameters: {'n_estimators': 170, 'max_depth': 11, 'min_samples_split': 4, 'min_samples_leaf': 7}. Best is trial 12 with value: 0.8538124896906748.
[I 2025-05-04 17:14:04,252] Trial 18 finished with value: 0.8516041436656975 and parameters: {'n_estimators': 377, 'max_depth': 7, 'min_samples_split': 7, 'min_samples_leaf': 3}. Best is trial 12 with value: 0.8538124896906748.
[I 2025-05-04 17:14:06,096] Trial 19 finished with value: 0.8520544018668608 and parameters: {'n_estimators': 261, 'max_depth': 10, 'min_samples_split': 5, 'min_samples_leaf': 10}. Best is trial 12 with value: 0.8538124896906748.
[I 2025-05-04 17:14:07,119] Trial 20 finished with value: 0.8389610907089071 and parameters: {'n_estimators': 243, 'max_depth': 3, 'min_samples_split': 3, 'min_samples_leaf': 8}. Best is trial 12 with value: 0.8538124896906748.
[I 2025-05-04 17:14:09,902] Trial 21 finished with value: 0.8515011642580372 and parameters: {'n_estimators': 436, 'max_depth': 8, 'min_samples_split': 8, 'min_samples_leaf': 4}. Best is trial 12 with value: 0.8538124896906748.
[I 2025-05-04 17:14:10,877] Trial 22 finished with value: 0.8487637537783993 and parameters: {'n_estimators': 175, 'max_depth': 5, 'min_samples_split': 8, 'min_samples_leaf': 4}. Best is trial 12 with value: 0.8538124896906748.
[I 2025-05-04 17:14:14,390] Trial 23 finished with value: 0.8475743991750516 and parameters: {'n_estimators': 451, 'max_depth': 12, 'min_samples_split': 8, 'min_samples_leaf': 3}. Best is trial 12 with value: 0.8538124896906748.
[I 2025-05-04 17:14:16,757] Trial 24 finished with value: 0.8522900996070566 and parameters: {'n_estimators': 362, 'max_depth': 8, 'min_samples_split': 10, 'min_samples_leaf': 5}. Best is trial 12 with value: 0.8538124896906748.
[I 2025-05-04 17:14:18,974] Trial 25 finished with value: 0.8478614664490282 and parameters: {'n_estimators': 300, 'max_depth': 10, 'min_samples_split': 9, 'min_samples_leaf': 2}. Best is trial 12 with value: 0.8538124896906748.
[I 2025-05-04 17:14:19,796] Trial 26 finished with value: 0.852616089327584 and parameters: {'n_estimators': 117, 'max_depth': 7, 'min_samples_split': 7, 'min_samples_leaf': 6}. Best is trial 12 with value: 0.8538124896906748.
[I 2025-05-04 17:14:20,518] Trial 27 finished with value: 0.8513736322118476 and parameters: {'n_estimators': 110, 'max_depth': 6, 'min_samples_split': 6, 'min_samples_leaf': 6}. Best is trial 12 with value: 0.8538124896906748.
[I 2025-05-04 17:14:21,328] Trial 28 finished with value: 0.8463309427504825 and parameters: {'n_estimators': 141, 'max_depth': 5, 'min_samples_split': 7, 'min_samples_leaf': 8}. Best is trial 12 with value: 0.8538124896906748.
[I 2025-05-04 17:14:22,942] Trial 29 finished with value: 0.8486252546340101 and parameters: {'n_estimators': 203, 'max_depth': 12, 'min_samples_split': 5, 'min_samples_leaf': 6}. Best is trial 12 with value: 0.8538124896906748.
[I 2025-05-04 17:14:29,461] A new study created in memory with name: svc
Parámetros guardados en checkpoint_shoppers_Doriginal_Roriginal/Full-data/best_models_Full-data_seed_0/rf_best_params.json


>>> Optuna tuning svc


[I 2025-05-04 17:14:40,259] Trial 0 finished with value: 0.7324416378342877 and parameters: {'C': 1.5676677195506077, 'gamma': 0.07257005721594278}. Best is trial 0 with value: 0.7324416378342877.
[I 2025-05-04 17:14:49,497] Trial 1 finished with value: 0.7200461731278518 and parameters: {'C': 2.57663857461359, 'gamma': 0.01511933646764101}. Best is trial 0 with value: 0.7324416378342877.
[I 2025-05-04 17:14:59,106] Trial 2 finished with value: 0.7117172122977221 and parameters: {'C': 0.49501595537331966, 'gamma': 0.03833332156156663}. Best is trial 0 with value: 0.7324416378342877.
[I 2025-05-04 17:15:16,805] Trial 3 finished with value: 0.6443785083329707 and parameters: {'C': 0.5627932047415171, 'gamma': 0.36905577292137587}. Best is trial 0 with value: 0.7324416378342877.
[I 2025-05-04 17:15:27,675] Trial 4 finished with value: 0.7243609609758516 and parameters: {'C': 71.55682161754872, 'gamma': 0.0034179529120610124}. Best is trial 0 with value: 0.7324416378342877.
[I 2025-05-04 17:15:37,513] Trial 5 finished with value: 0.7322610665231035 and parameters: {'C': 14.68588598920087, 'gamma': 0.013049073550362394}. Best is trial 0 with value: 0.7324416378342877.
[I 2025-05-04 17:16:04,738] Trial 6 finished with value: 0.6443537153543423 and parameters: {'C': 1.871450068624068, 'gamma': 0.503948959867121}. Best is trial 0 with value: 0.7324416378342877.
[I 2025-05-04 17:16:14,459] Trial 7 finished with value: 0.5 and parameters: {'C': 0.0192373050965465, 'gamma': 0.00022310905607443037}. Best is trial 0 with value: 0.7324416378342877.
[I 2025-05-04 17:16:27,650] Trial 8 finished with value: 0.5 and parameters: {'C': 0.012046852412030323, 'gamma': 0.2140323314098606}. Best is trial 0 with value: 0.7324416378342877.
[I 2025-05-04 17:16:44,148] Trial 9 finished with value: 0.6998923402851497 and parameters: {'C': 12.960656597279739, 'gamma': 0.3020289640158664}. Best is trial 0 with value: 0.7324416378342877.
[I 2025-05-04 17:16:54,383] Trial 10 finished with value: 0.5676715876512751 and parameters: {'C': 0.16426074441272132, 'gamma': 0.0011819854465057523}. Best is trial 0 with value: 0.7324416378342877.
[I 2025-05-04 17:17:06,433] Trial 11 finished with value: 0.7389093922886752 and parameters: {'C': 14.12283302602045, 'gamma': 0.05617404484056215}. Best is trial 11 with value: 0.7389093922886752.
[I 2025-05-04 17:17:18,627] Trial 12 finished with value: 0.7379588471973308 and parameters: {'C': 8.674354399839386, 'gamma': 0.07806032419781148}. Best is trial 11 with value: 0.7389093922886752.
[I 2025-05-04 17:17:31,074] Trial 13 finished with value: 0.7380872141091276 and parameters: {'C': 13.46291605529923, 'gamma': 0.06632415614199133}. Best is trial 11 with value: 0.7389093922886752.
[I 2025-05-04 17:17:42,069] Trial 14 finished with value: 0.7236712607887406 and parameters: {'C': 93.6887273881582, 'gamma': 0.0032824303542765875}. Best is trial 11 with value: 0.7389093922886752.
[I 2025-05-04 17:17:53,996] Trial 15 finished with value: 0.740448707375051 and parameters: {'C': 19.266433165964678, 'gamma': 0.04233906041597952}. Best is trial 15 with value: 0.740448707375051.
[I 2025-05-04 17:18:05,260] Trial 16 finished with value: 0.7435139291001768 and parameters: {'C': 25.7913119871872, 'gamma': 0.023287717253435536}. Best is trial 16 with value: 0.7435139291001768.
[I 2025-05-04 17:18:15,606] Trial 17 finished with value: 0.724386829160186 and parameters: {'C': 37.42600473824022, 'gamma': 0.004638680324330001}. Best is trial 16 with value: 0.7435139291001768.
[I 2025-05-04 17:18:25,070] Trial 18 finished with value: 0.6665422927737069 and parameters: {'C': 3.9812189961246025, 'gamma': 0.000548696712467431}. Best is trial 16 with value: 0.7435139291001768.
[I 2025-05-04 17:18:36,587] Trial 19 finished with value: 0.7430231925665591 and parameters: {'C': 37.58538399826173, 'gamma': 0.014331363305857447}. Best is trial 16 with value: 0.7435139291001768.
[I 2025-05-04 17:18:46,416] Trial 20 finished with value: 0.6446724695729434 and parameters: {'C': 0.08832781194137343, 'gamma': 0.008039944791221578}. Best is trial 16 with value: 0.7435139291001768.
[I 2025-05-04 17:18:58,056] Trial 21 finished with value: 0.742718466620049 and parameters: {'C': 27.41509143750235, 'gamma': 0.023627116312488435}. Best is trial 16 with value: 0.7435139291001768.
[I 2025-05-04 17:19:10,087] Trial 22 finished with value: 0.7430575106027932 and parameters: {'C': 38.62226045162285, 'gamma': 0.021427933232410566}. Best is trial 16 with value: 0.7435139291001768.
[I 2025-05-04 17:19:21,138] Trial 23 finished with value: 0.729194048571975 and parameters: {'C': 49.03189621272432, 'gamma': 0.006837488171324455}. Best is trial 16 with value: 0.7435139291001768.
[I 2025-05-04 17:19:30,212] Trial 24 finished with value: 0.6889235344060767 and parameters: {'C': 5.8738161945831, 'gamma': 0.0019586071056851236}. Best is trial 16 with value: 0.7435139291001768.
[I 2025-05-04 17:19:43,500] Trial 25 finished with value: 0.7245323108169235 and parameters: {'C': 37.70960207506477, 'gamma': 0.1341797980568321}. Best is trial 16 with value: 0.7435139291001768.
[I 2025-05-04 17:19:52,704] Trial 26 finished with value: 0.728909030513579 and parameters: {'C': 5.349347066754171, 'gamma': 0.015287020745815304}. Best is trial 16 with value: 0.7435139291001768.
[I 2025-05-04 17:20:01,662] Trial 27 finished with value: 0.6797950000151795 and parameters: {'C': 79.38036350715831, 'gamma': 0.00010378236697772809}. Best is trial 16 with value: 0.7435139291001768.
[I 2025-05-04 17:20:35,472] Trial 28 finished with value: 0.5324056753657976 and parameters: {'C': 31.19650490171288, 'gamma': 0.8967381549523696}. Best is trial 16 with value: 0.7435139291001768.
[I 2025-05-04 17:20:44,468] Trial 29 finished with value: 0.715075775438355 and parameters: {'C': 1.1821355573045078, 'gamma': 0.02180253446197803}. Best is trial 16 with value: 0.7435139291001768.
[I 2025-05-04 17:21:16,510] A new study created in memory with name: logreg
Parámetros guardados en checkpoint_shoppers_Doriginal_Roriginal/Full-data/best_models_Full-data_seed_0/svc_best_params.json


>>> Optuna tuning logreg


[I 2025-05-04 17:21:17,156] Trial 0 finished with value: 0.6751113154142502 and parameters: {'C': 0.5547119471592125, 'penalty': 'l2'}. Best is trial 0 with value: 0.6751113154142502.
[I 2025-05-04 17:21:17,448] Trial 1 finished with value: 0.6764082791345327 and parameters: {'C': 3.7665768415992953, 'penalty': 'l2'}. Best is trial 1 with value: 0.6764082791345327.
[I 2025-05-04 17:21:17,667] Trial 2 finished with value: 0.6757468631822243 and parameters: {'C': 1.032326035197657, 'penalty': 'l2'}. Best is trial 1 with value: 0.6764082791345327.
