[I 2025-05-04 17:27:31,315] Trial 1 finished with value: 0.75 and parameters: {'n_estimators': 40, 'max_depth': 20, 'gamma': 0.17841636973138664, 'subsample': 0.5101091987201629, 'colsample_bytree': 0.916309922773969}. Best is trial 1 with value: 0.75.
/data/home/rtabares/anaconda3/envs/pyth3.12/lib/python3.12/site-packages/xgboost/core.py:377: FutureWarning: Your system has an old version of glibc (< 2.28). We will stop supporting Linux distros with glibc older than 2.28 after **May 31, 2025**. Please upgrade to a recent Linux distro (with glibc >= 2.28) to use future versions of XGBoost.
Note: You have installed the 'manylinux2014' variant of XGBoost. Certain features such as GPU algorithms or federated learning are not available. To use these features, please upgrade to a recent Linux distro with glibc 2.28+, and install the 'manylinux_2_28' variant.
  warnings.warn(
[I 2025-05-04 17:27:31,366] Trial 2 finished with value: 0.6 and parameters: {'n_estimators': 100, 'max_depth': 5, 'gamma': 0.20644698328203992, 'subsample': 0.819960510663762, 'colsample_bytree': 0.5716766437045232}. Best is trial 1 with value: 0.75.
/data/home/rtabares/anaconda3/envs/pyth3.12/lib/python3.12/site-packages/xgboost/core.py:377: FutureWarning: Your system has an old version of glibc (< 2.28). We will stop supporting Linux distros with glibc older than 2.28 after **May 31, 2025**. Please upgrade to a recent Linux distro (with glibc >= 2.28) to use future versions of XGBoost.
Note: You have installed the 'manylinux2014' variant of XGBoost. Certain features such as GPU algorithms or federated learning are not available. To use these features, please upgrade to a recent Linux distro with glibc 2.28+, and install the 'manylinux_2_28' variant.
  warnings.warn(
/data/home/rtabares/anaconda3/envs/pyth3.12/lib/python3.12/site-packages/xgboost/core.py:377: FutureWarning: Your system has an old version of glibc (< 2.28). We will stop supporting Linux distros with glibc older than 2.28 after **May 31, 2025**. Please upgrade to a recent Linux distro (with glibc >= 2.28) to use future versions of XGBoost.
Note: You have installed the 'manylinux2014' variant of XGBoost. Certain features such as GPU algorithms or federated learning are not available. To use these features, please upgrade to a recent Linux distro with glibc 2.28+, and install the 'manylinux_2_28' variant.
  warnings.warn(
/data/home/rtabares/anaconda3/envs/pyth3.12/lib/python3.12/site-packages/xgboost/core.py:377: FutureWarning: Your system has an old version of glibc (< 2.28). We will stop supporting Linux distros with glibc older than 2.28 after **May 31, 2025**. Please upgrade to a recent Linux distro (with glibc >= 2.28) to use future versions of XGBoost.
Note: You have installed the 'manylinux2014' variant of XGBoost. Certain features such as GPU algorithms or federated learning are not available. To use these features, please upgrade to a recent Linux distro with glibc 2.28+, and install the 'manylinux_2_28' variant.
  warnings.warn(
[I 2025-05-04 17:27:31,405] Trial 3 finished with value: 0.5 and parameters: {'n_estimators': 10, 'max_depth': 20, 'gamma': 0.6115905539817836, 'subsample': 0.5093949002181776, 'colsample_bytree': 0.8088177485379385}. Best is trial 1 with value: 0.75.
/data/home/rtabares/anaconda3/envs/pyth3.12/lib/python3.12/site-packages/xgboost/core.py:377: FutureWarning: Your system has an old version of glibc (< 2.28). We will stop supporting Linux distros with glibc older than 2.28 after **May 31, 2025**. Please upgrade to a recent Linux distro (with glibc >= 2.28) to use future versions of XGBoost.
Note: You have installed the 'manylinux2014' variant of XGBoost. Certain features such as GPU algorithms or federated learning are not available. To use these features, please upgrade to a recent Linux distro with glibc 2.28+, and install the 'manylinux_2_28' variant.
  warnings.warn(
/data/home/rtabares/anaconda3/envs/pyth3.12/lib/python3.12/site-packages/xgboost/core.py:377: FutureWarning: Your system has an old version of glibc (< 2.28). We will stop supporting Linux distros with glibc older than 2.28 after **May 31, 2025**. Please upgrade to a recent Linux distro (with glibc >= 2.28) to use future versions of XGBoost.
Note: You have installed the 'manylinux2014' variant of XGBoost. Certain features such as GPU algorithms or federated learning are not available. To use these features, please upgrade to a recent Linux distro with glibc 2.28+, and install the 'manylinux_2_28' variant.
  warnings.warn(
[I 2025-05-04 17:27:31,460] Trial 4 finished with value: 0.7 and parameters: {'n_estimators': 100, 'max_depth': 5, 'gamma': 0.7278680763345383, 'subsample': 0.5301127358146349, 'colsample_bytree': 0.8333833577228338}. Best is trial 1 with value: 0.75.
[I 2025-05-04 17:27:31,488] Trial 5 finished with value: 0.6 and parameters: {'n_estimators': 10, 'max_depth': 30, 'gamma': 0.4947413621160883, 'subsample': 0.9941869190296131, 'colsample_bytree': 0.551022405374014}. Best is trial 1 with value: 0.75.
[I 2025-05-04 17:27:31,525] Trial 6 finished with value: 0.65 and parameters: {'n_estimators': 100, 'max_depth': 20, 'gamma': 0.24307262528096776, 'subsample': 0.5551875705821525, 'colsample_bytree': 0.8281647947326367}. Best is trial 1 with value: 0.75.
/data/home/rtabares/anaconda3/envs/pyth3.12/lib/python3.12/site-packages/xgboost/core.py:377: FutureWarning: Your system has an old version of glibc (< 2.28). We will stop supporting Linux distros with glibc older than 2.28 after **May 31, 2025**. Please upgrade to a recent Linux distro (with glibc >= 2.28) to use future versions of XGBoost.
Note: You have installed the 'manylinux2014' variant of XGBoost. Certain features such as GPU algorithms or federated learning are not available. To use these features, please upgrade to a recent Linux distro with glibc 2.28+, and install the 'manylinux_2_28' variant.
  warnings.warn(
/data/home/rtabares/anaconda3/envs/pyth3.12/lib/python3.12/site-packages/xgboost/core.py:377: FutureWarning: Your system has an old version of glibc (< 2.28). We will stop supporting Linux distros with glibc older than 2.28 after **May 31, 2025**. Please upgrade to a recent Linux distro (with glibc >= 2.28) to use future versions of XGBoost.
Note: You have installed the 'manylinux2014' variant of XGBoost. Certain features such as GPU algorithms or federated learning are not available. To use these features, please upgrade to a recent Linux distro with glibc 2.28+, and install the 'manylinux_2_28' variant.
  warnings.warn(
[I 2025-05-04 17:27:31,573] Trial 7 finished with value: 0.65 and parameters: {'n_estimators': 100, 'max_depth': 30, 'gamma': 0.18648856710456677, 'subsample': 0.9882297325066979, 'colsample_bytree': 0.7343256008238508}. Best is trial 1 with value: 0.75.
/data/home/rtabares/anaconda3/envs/pyth3.12/lib/python3.12/site-packages/xgboost/core.py:377: FutureWarning: Your system has an old version of glibc (< 2.28). We will stop supporting Linux distros with glibc older than 2.28 after **May 31, 2025**. Please upgrade to a recent Linux distro (with glibc >= 2.28) to use future versions of XGBoost.
Note: You have installed the 'manylinux2014' variant of XGBoost. Certain features such as GPU algorithms or federated learning are not available. To use these features, please upgrade to a recent Linux distro with glibc 2.28+, and install the 'manylinux_2_28' variant.
  warnings.warn(
[I 2025-05-04 17:27:31,611] Trial 8 finished with value: 0.6 and parameters: {'n_estimators': 10, 'max_depth': 20, 'gamma': 0.36652617776993046, 'subsample': 0.559363859477122, 'colsample_bytree': 0.658991589696988}. Best is trial 1 with value: 0.75.
/data/home/rtabares/anaconda3/envs/pyth3.12/lib/python3.12/site-packages/xgboost/core.py:377: FutureWarning: Your system has an old version of glibc (< 2.28). We will stop supporting Linux distros with glibc older than 2.28 after **May 31, 2025**. Please upgrade to a recent Linux distro (with glibc >= 2.28) to use future versions of XGBoost.
Note: You have installed the 'manylinux2014' variant of XGBoost. Certain features such as GPU algorithms or federated learning are not available. To use these features, please upgrade to a recent Linux distro with glibc 2.28+, and install the 'manylinux_2_28' variant.
  warnings.warn(
/data/home/rtabares/anaconda3/envs/pyth3.12/lib/python3.12/site-packages/xgboost/core.py:377: FutureWarning: Your system has an old version of glibc (< 2.28). We will stop supporting Linux distros with glibc older than 2.28 after **May 31, 2025**. Please upgrade to a recent Linux distro (with glibc >= 2.28) to use future versions of XGBoost.
Note: You have installed the 'manylinux2014' variant of XGBoost. Certain features such as GPU algorithms or federated learning are not available. To use these features, please upgrade to a recent Linux distro with glibc 2.28+, and install the 'manylinux_2_28' variant.
  warnings.warn(
[I 2025-05-04 17:27:31,670] Trial 9 finished with value: 0.7 and parameters: {'n_estimators': 100, 'max_depth': 5, 'gamma': 0.18454645968259753, 'subsample': 0.7879732477780896, 'colsample_bytree': 0.964648098788107}. Best is trial 1 with value: 0.75.
/data/home/rtabares/anaconda3/envs/pyth3.12/lib/python3.12/site-packages/xgboost/core.py:377: FutureWarning: Your system has an old version of glibc (< 2.28). We will stop supporting Linux distros with glibc older than 2.28 after **May 31, 2025**. Please upgrade to a recent Linux distro (with glibc >= 2.28) to use future versions of XGBoost.
Note: You have installed the 'manylinux2014' variant of XGBoost. Certain features such as GPU algorithms or federated learning are not available. To use these features, please upgrade to a recent Linux distro with glibc 2.28+, and install the 'manylinux_2_28' variant.
  warnings.warn(
[I 2025-05-04 17:27:31,721] Trial 10 finished with value: 0.7 and parameters: {'n_estimators': 40, 'max_depth': 20, 'gamma': 0.9575004347741041, 'subsample': 0.6657393725830554, 'colsample_bytree': 0.9070483838097757}. Best is trial 1 with value: 0.75.
/data/home/rtabares/anaconda3/envs/pyth3.12/lib/python3.12/site-packages/xgboost/core.py:377: FutureWarning: Your system has an old version of glibc (< 2.28). We will stop supporting Linux distros with glibc older than 2.28 after **May 31, 2025**. Please upgrade to a recent Linux distro (with glibc >= 2.28) to use future versions of XGBoost.
Note: You have installed the 'manylinux2014' variant of XGBoost. Certain features such as GPU algorithms or federated learning are not available. To use these features, please upgrade to a recent Linux distro with glibc 2.28+, and install the 'manylinux_2_28' variant.
  warnings.warn(
/data/home/rtabares/anaconda3/envs/pyth3.12/lib/python3.12/site-packages/xgboost/core.py:377: FutureWarning: Your system has an old version of glibc (< 2.28). We will stop supporting Linux distros with glibc older than 2.28 after **May 31, 2025**. Please upgrade to a recent Linux distro (with glibc >= 2.28) to use future versions of XGBoost.
Note: You have installed the 'manylinux2014' variant of XGBoost. Certain features such as GPU algorithms or federated learning are not available. To use these features, please upgrade to a recent Linux distro with glibc 2.28+, and install the 'manylinux_2_28' variant.
  warnings.warn(
[I 2025-05-04 17:27:32,395] Trial 11 finished with value: 0.65 and parameters: {'n_estimators': 40, 'max_depth': 30, 'gamma': 0.39841302995261285, 'subsample': 0.8876505305662482, 'colsample_bytree': 0.9969596088199149}. Best is trial 1 with value: 0.75.
[I 2025-05-04 17:27:32,434] Trial 12 finished with value: 0.6 and parameters: {'n_estimators': 40, 'max_depth': 30, 'gamma': 0.8246399209967283, 'subsample': 0.701529078090007, 'colsample_bytree': 0.8993242784691231}. Best is trial 1 with value: 0.75.
/data/home/rtabares/anaconda3/envs/pyth3.12/lib/python3.12/site-packages/xgboost/core.py:377: FutureWarning: Your system has an old version of glibc (< 2.28). We will stop supporting Linux distros with glibc older than 2.28 after **May 31, 2025**. Please upgrade to a recent Linux distro (with glibc >= 2.28) to use future versions of XGBoost.
Note: You have installed the 'manylinux2014' variant of XGBoost. Certain features such as GPU algorithms or federated learning are not available. To use these features, please upgrade to a recent Linux distro with glibc 2.28+, and install the 'manylinux_2_28' variant.
  warnings.warn(
[I 2025-05-04 17:27:33,073] Trial 13 finished with value: 0.65 and parameters: {'n_estimators': 40, 'max_depth': 20, 'gamma': 0.5635099338446221, 'subsample': 0.8893456688065178, 'colsample_bytree': 0.9186968047590325}. Best is trial 1 with value: 0.75.
/data/home/rtabares/anaconda3/envs/pyth3.12/lib/python3.12/site-packages/xgboost/core.py:377: FutureWarning: Your system has an old version of glibc (< 2.28). We will stop supporting Linux distros with glibc older than 2.28 after **May 31, 2025**. Please upgrade to a recent Linux distro (with glibc >= 2.28) to use future versions of XGBoost.
Note: You have installed the 'manylinux2014' variant of XGBoost. Certain features such as GPU algorithms or federated learning are not available. To use these features, please upgrade to a recent Linux distro with glibc 2.28+, and install the 'manylinux_2_28' variant.
  warnings.warn(
[I 2025-05-04 17:27:33,739] Trial 14 finished with value: 0.65 and parameters: {'n_estimators': 40, 'max_depth': 30, 'gamma': 0.37607421007618436, 'subsample': 0.6419740102674932, 'colsample_bytree': 0.9873517894897609}. Best is trial 1 with value: 0.75.
/data/home/rtabares/anaconda3/envs/pyth3.12/lib/python3.12/site-packages/xgboost/core.py:377: FutureWarning: Your system has an old version of glibc (< 2.28). We will stop supporting Linux distros with glibc older than 2.28 after **May 31, 2025**. Please upgrade to a recent Linux distro (with glibc >= 2.28) to use future versions of XGBoost.
Note: You have installed the 'manylinux2014' variant of XGBoost. Certain features such as GPU algorithms or federated learning are not available. To use these features, please upgrade to a recent Linux distro with glibc 2.28+, and install the 'manylinux_2_28' variant.
  warnings.warn(
[I 2025-05-04 17:27:34,383] Trial 15 finished with value: 0.6 and parameters: {'n_estimators': 40, 'max_depth': 20, 'gamma': 0.1138974011447233, 'subsample': 0.8947710045385966, 'colsample_bytree': 0.7061621610771806}. Best is trial 1 with value: 0.75.
[I 2025-05-04 17:27:34,422] Trial 16 finished with value: 0.75 and parameters: {'n_estimators': 40, 'max_depth': 30, 'gamma': 0.6717996624595401, 'subsample': 0.6104142479054718, 'colsample_bytree': 0.8707134426755767}. Best is trial 1 with value: 0.75.
/data/home/rtabares/anaconda3/envs/pyth3.12/lib/python3.12/site-packages/xgboost/core.py:377: FutureWarning: Your system has an old version of glibc (< 2.28). We will stop supporting Linux distros with glibc older than 2.28 after **May 31, 2025**. Please upgrade to a recent Linux distro (with glibc >= 2.28) to use future versions of XGBoost.
Note: You have installed the 'manylinux2014' variant of XGBoost. Certain features such as GPU algorithms or federated learning are not available. To use these features, please upgrade to a recent Linux distro with glibc 2.28+, and install the 'manylinux_2_28' variant.
  warnings.warn(
[I 2025-05-04 17:27:35,067] Trial 17 finished with value: 0.7 and parameters: {'n_estimators': 40, 'max_depth': 20, 'gamma': 0.7083862593759728, 'subsample': 0.6087755311040562, 'colsample_bytree': 0.7877627817387075}. Best is trial 1 with value: 0.75.
[I 2025-05-04 17:27:35,105] Trial 18 finished with value: 0.7 and parameters: {'n_estimators': 40, 'max_depth': 30, 'gamma': 0.8891243848339101, 'subsample': 0.5905871048229044, 'colsample_bytree': 0.8672728852859253}. Best is trial 1 with value: 0.75.
[I 2025-05-04 17:27:35,147] Trial 19 finished with value: 0.65 and parameters: {'n_estimators': 40, 'max_depth': 5, 'gamma': 0.677876750637754, 'subsample': 0.7221059318127698, 'colsample_bytree': 0.7606727899663834}. Best is trial 1 with value: 0.75.
[I 2025-05-04 17:27:35,194] Trial 20 finished with value: 0.65 and parameters: {'n_estimators': 10, 'max_depth': 30, 'gamma': 0.2975854274697244, 'subsample': 0.6202295860574256, 'colsample_bytree': 0.630727599280622}. Best is trial 1 with value: 0.75.
[I 2025-05-04 17:27:35,233] Trial 21 finished with value: 0.75 and parameters: {'n_estimators': 40, 'max_depth': 30, 'gamma': 0.45144225417349637, 'subsample': 0.5096061191414202, 'colsample_bytree': 0.9350955046066827}. Best is trial 1 with value: 0.75.
[I 2025-05-04 17:27:35,270] Trial 22 finished with value: 0.75 and parameters: {'n_estimators': 40, 'max_depth': 30, 'gamma': 0.79444494298722, 'subsample': 0.5183933086795361, 'colsample_bytree': 0.9417200462416103}. Best is trial 1 with value: 0.75.
[I 2025-05-04 17:27:35,321] Trial 23 finished with value: 0.7 and parameters: {'n_estimators': 40, 'max_depth': 30, 'gamma': 0.4582297420608088, 'subsample': 0.500267791522276, 'colsample_bytree': 0.867053857362851}. Best is trial 1 with value: 0.75.
[I 2025-05-04 17:27:35,359] Trial 24 finished with value: 0.7 and parameters: {'n_estimators': 40, 'max_depth': 30, 'gamma': 0.619849533899868, 'subsample': 0.5603452382478066, 'colsample_bytree': 0.8780232186514404}. Best is trial 1 with value: 0.75.
[I 2025-05-04 17:27:35,396] Trial 25 finished with value: 0.7 and parameters: {'n_estimators': 40, 'max_depth': 20, 'gamma': 0.3008952312863846, 'subsample': 0.5771133089354094, 'colsample_bytree': 0.9455753722317659}. Best is trial 1 with value: 0.75.
[I 2025-05-04 17:27:35,443] Trial 26 finished with value: 0.7 and parameters: {'n_estimators': 40, 'max_depth': 30, 'gamma': 0.13281457184854367, 'subsample': 0.6652223706228553, 'colsample_bytree': 0.9305696342933739}. Best is trial 1 with value: 0.75.
[I 2025-05-04 17:27:35,480] Trial 27 finished with value: 0.7 and parameters: {'n_estimators': 40, 'max_depth': 30, 'gamma': 0.5489986473418417, 'subsample': 0.5408328643037902, 'colsample_bytree': 0.8492481791337338}. Best is trial 1 with value: 0.75.
[I 2025-05-04 17:27:35,520] Trial 28 finished with value: 0.65 and parameters: {'n_estimators': 10, 'max_depth': 5, 'gamma': 0.7768611361508309, 'subsample': 0.6228725672169243, 'colsample_bytree': 0.787398944001857}. Best is trial 1 with value: 0.75.
[I 2025-05-04 17:27:35,571] Trial 29 finished with value: 0.65 and parameters: {'n_estimators': 40, 'max_depth': 20, 'gamma': 0.44709514008780554, 'subsample': 0.5862204833781002, 'colsample_bytree': 0.5091404607295773}. Best is trial 1 with value: 0.75.
[I 2025-05-04 17:27:37,984] A new study created in memory with name: rf
Parámetros guardados en checkpoint_shoppers_Doriginal_Roriginal/k_center/best_models_k_center_seed_0/xgb_best_params.json


>>> Optuna tuning rf


[I 2025-05-04 17:27:40,181] Trial 0 finished with value: 0.55 and parameters: {'n_estimators': 320, 'max_depth': 15, 'min_samples_split': 7, 'min_samples_leaf': 6}. Best is trial 0 with value: 0.55.
[I 2025-05-04 17:27:40,718] Trial 1 finished with value: 0.5 and parameters: {'n_estimators': 269, 'max_depth': 14, 'min_samples_split': 5, 'min_samples_leaf': 9}. Best is trial 0 with value: 0.55.
[I 2025-05-04 17:27:41,270] Trial 2 finished with value: 0.65 and parameters: {'n_estimators': 486, 'max_depth': 9, 'min_samples_split': 9, 'min_samples_leaf': 6}. Best is trial 2 with value: 0.65.
[I 2025-05-04 17:27:41,677] Trial 3 finished with value: 0.7 and parameters: {'n_estimators': 327, 'max_depth': 19, 'min_samples_split': 2, 'min_samples_leaf': 1}. Best is trial 3 with value: 0.7.
[I 2025-05-04 17:27:41,847] Trial 4 finished with value: 0.5 and parameters: {'n_estimators': 108, 'max_depth': 17, 'min_samples_split': 9, 'min_samples_leaf': 9}. Best is trial 3 with value: 0.7.
[I 2025-05-04 17:27:42,386] Trial 5 finished with value: 0.5 and parameters: {'n_estimators': 492, 'max_depth': 17, 'min_samples_split': 6, 'min_samples_leaf': 8}. Best is trial 3 with value: 0.7.
[I 2025-05-04 17:27:42,695] Trial 6 finished with value: 0.5 and parameters: {'n_estimators': 147, 'max_depth': 14, 'min_samples_split': 3, 'min_samples_leaf': 10}. Best is trial 3 with value: 0.7.
[I 2025-05-04 17:27:43,331] Trial 7 finished with value: 0.5 and parameters: {'n_estimators': 309, 'max_depth': 10, 'min_samples_split': 4, 'min_samples_leaf': 8}. Best is trial 3 with value: 0.7.
[I 2025-05-04 17:27:43,959] Trial 8 finished with value: 0.5 and parameters: {'n_estimators': 282, 'max_depth': 13, 'min_samples_split': 2, 'min_samples_leaf': 7}. Best is trial 3 with value: 0.7.
[I 2025-05-04 17:27:44,717] Trial 9 finished with value: 0.5 and parameters: {'n_estimators': 345, 'max_depth': 14, 'min_samples_split': 10, 'min_samples_leaf': 7}. Best is trial 3 with value: 0.7.
[I 2025-05-04 17:27:45,720] Trial 10 finished with value: 0.7 and parameters: {'n_estimators': 407, 'max_depth': 5, 'min_samples_split': 2, 'min_samples_leaf': 1}. Best is trial 3 with value: 0.7.
[I 2025-05-04 17:27:47,252] Trial 11 finished with value: 0.55 and parameters: {'n_estimators': 389, 'max_depth': 4, 'min_samples_split': 2, 'min_samples_leaf': 1}. Best is trial 3 with value: 0.7.
[I 2025-05-04 17:27:49,076] Trial 12 finished with value: 0.6 and parameters: {'n_estimators': 410, 'max_depth': 20, 'min_samples_split': 4, 'min_samples_leaf': 1}. Best is trial 3 with value: 0.7.
[I 2025-05-04 17:27:50,704] Trial 13 finished with value: 0.55 and parameters: {'n_estimators': 233, 'max_depth': 4, 'min_samples_split': 2, 'min_samples_leaf': 3}. Best is trial 3 with value: 0.7.
[I 2025-05-04 17:27:51,526] Trial 14 finished with value: 0.6 and parameters: {'n_estimators': 414, 'max_depth': 8, 'min_samples_split': 4, 'min_samples_leaf': 3}. Best is trial 3 with value: 0.7.
