[I 2025-05-07 07:37:44,107] Trial 9 finished with value: 0.7166666666666667 and parameters: {'n_estimators': 40, 'max_depth': 5, 'gamma': 0.5715544189234048, 'subsample': 0.7171089807397417, 'colsample_bytree': 0.7740082033522336}. Best is trial 6 with value: 0.7833333333333334.
/data/home/rtabares/anaconda3/envs/pyth3.12/lib/python3.12/site-packages/xgboost/core.py:377: FutureWarning: Your system has an old version of glibc (< 2.28). We will stop supporting Linux distros with glibc older than 2.28 after **May 31, 2025**. Please upgrade to a recent Linux distro (with glibc >= 2.28) to use future versions of XGBoost.
Note: You have installed the 'manylinux2014' variant of XGBoost. Certain features such as GPU algorithms or federated learning are not available. To use these features, please upgrade to a recent Linux distro with glibc 2.28+, and install the 'manylinux_2_28' variant.
  warnings.warn(
[I 2025-05-07 07:37:44,161] Trial 10 finished with value: 0.7333333333333333 and parameters: {'n_estimators': 10, 'max_depth': 20, 'gamma': 0.9535299866375977, 'subsample': 0.8570236808663995, 'colsample_bytree': 0.9849116297389127}. Best is trial 6 with value: 0.7833333333333334.
/data/home/rtabares/anaconda3/envs/pyth3.12/lib/python3.12/site-packages/xgboost/core.py:377: FutureWarning: Your system has an old version of glibc (< 2.28). We will stop supporting Linux distros with glibc older than 2.28 after **May 31, 2025**. Please upgrade to a recent Linux distro (with glibc >= 2.28) to use future versions of XGBoost.
Note: You have installed the 'manylinux2014' variant of XGBoost. Certain features such as GPU algorithms or federated learning are not available. To use these features, please upgrade to a recent Linux distro with glibc 2.28+, and install the 'manylinux_2_28' variant.
  warnings.warn(
/data/home/rtabares/anaconda3/envs/pyth3.12/lib/python3.12/site-packages/xgboost/core.py:377: FutureWarning: Your system has an old version of glibc (< 2.28). We will stop supporting Linux distros with glibc older than 2.28 after **May 31, 2025**. Please upgrade to a recent Linux distro (with glibc >= 2.28) to use future versions of XGBoost.
Note: You have installed the 'manylinux2014' variant of XGBoost. Certain features such as GPU algorithms or federated learning are not available. To use these features, please upgrade to a recent Linux distro with glibc 2.28+, and install the 'manylinux_2_28' variant.
  warnings.warn(
[I 2025-05-07 07:37:44,836] Trial 11 finished with value: 0.7666666666666667 and parameters: {'n_estimators': 10, 'max_depth': 5, 'gamma': 0.7621446139258998, 'subsample': 0.8700143870614879, 'colsample_bytree': 0.8988388156935131}. Best is trial 6 with value: 0.7833333333333334.
/data/home/rtabares/anaconda3/envs/pyth3.12/lib/python3.12/site-packages/xgboost/core.py:377: FutureWarning: Your system has an old version of glibc (< 2.28). We will stop supporting Linux distros with glibc older than 2.28 after **May 31, 2025**. Please upgrade to a recent Linux distro (with glibc >= 2.28) to use future versions of XGBoost.
Note: You have installed the 'manylinux2014' variant of XGBoost. Certain features such as GPU algorithms or federated learning are not available. To use these features, please upgrade to a recent Linux distro with glibc 2.28+, and install the 'manylinux_2_28' variant.
  warnings.warn(
/data/home/rtabares/anaconda3/envs/pyth3.12/lib/python3.12/site-packages/xgboost/core.py:377: FutureWarning: Your system has an old version of glibc (< 2.28). We will stop supporting Linux distros with glibc older than 2.28 after **May 31, 2025**. Please upgrade to a recent Linux distro (with glibc >= 2.28) to use future versions of XGBoost.
Note: You have installed the 'manylinux2014' variant of XGBoost. Certain features such as GPU algorithms or federated learning are not available. To use these features, please upgrade to a recent Linux distro with glibc 2.28+, and install the 'manylinux_2_28' variant.
  warnings.warn(
[I 2025-05-07 07:37:45,519] Trial 12 finished with value: 0.7500000000000002 and parameters: {'n_estimators': 10, 'max_depth': 5, 'gamma': 0.7947185006383041, 'subsample': 0.9972211949272042, 'colsample_bytree': 0.5002394530450237}. Best is trial 6 with value: 0.7833333333333334.
[I 2025-05-07 07:37:45,561] Trial 13 finished with value: 0.7333333333333333 and parameters: {'n_estimators': 10, 'max_depth': 5, 'gamma': 0.7978400602273006, 'subsample': 0.8661547190709584, 'colsample_bytree': 0.9947691885025041}. Best is trial 6 with value: 0.7833333333333334.
[I 2025-05-07 07:37:45,603] Trial 14 finished with value: 0.7333333333333334 and parameters: {'n_estimators': 10, 'max_depth': 5, 'gamma': 0.9651804948020583, 'subsample': 0.7845262368156367, 'colsample_bytree': 0.8567650686600441}. Best is trial 6 with value: 0.7833333333333334.
[I 2025-05-07 07:37:45,642] Trial 15 finished with value: 0.7666666666666666 and parameters: {'n_estimators': 10, 'max_depth': 20, 'gamma': 0.682069003133534, 'subsample': 0.9207241038893423, 'colsample_bytree': 0.9044230551576743}. Best is trial 6 with value: 0.7833333333333334.
/data/home/rtabares/anaconda3/envs/pyth3.12/lib/python3.12/site-packages/xgboost/core.py:377: FutureWarning: Your system has an old version of glibc (< 2.28). We will stop supporting Linux distros with glibc older than 2.28 after **May 31, 2025**. Please upgrade to a recent Linux distro (with glibc >= 2.28) to use future versions of XGBoost.
Note: You have installed the 'manylinux2014' variant of XGBoost. Certain features such as GPU algorithms or federated learning are not available. To use these features, please upgrade to a recent Linux distro with glibc 2.28+, and install the 'manylinux_2_28' variant.
  warnings.warn(
[I 2025-05-07 07:37:46,327] Trial 16 finished with value: 0.7333333333333333 and parameters: {'n_estimators': 10, 'max_depth': 5, 'gamma': 0.8150254792699068, 'subsample': 0.7373915293371883, 'colsample_bytree': 0.5017055500091357}. Best is trial 6 with value: 0.7833333333333334.
/data/home/rtabares/anaconda3/envs/pyth3.12/lib/python3.12/site-packages/xgboost/core.py:377: FutureWarning: Your system has an old version of glibc (< 2.28). We will stop supporting Linux distros with glibc older than 2.28 after **May 31, 2025**. Please upgrade to a recent Linux distro (with glibc >= 2.28) to use future versions of XGBoost.
Note: You have installed the 'manylinux2014' variant of XGBoost. Certain features such as GPU algorithms or federated learning are not available. To use these features, please upgrade to a recent Linux distro with glibc 2.28+, and install the 'manylinux_2_28' variant.
  warnings.warn(
[I 2025-05-07 07:37:46,981] Trial 17 finished with value: 0.7166666666666668 and parameters: {'n_estimators': 10, 'max_depth': 5, 'gamma': 0.45692614100150775, 'subsample': 0.7954597193019003, 'colsample_bytree': 0.7149314362738732}. Best is trial 6 with value: 0.7833333333333334.
[I 2025-05-07 07:37:47,018] Trial 18 finished with value: 0.7000000000000002 and parameters: {'n_estimators': 40, 'max_depth': 30, 'gamma': 0.6306116938826399, 'subsample': 0.8352252737903112, 'colsample_bytree': 0.8018039613436252}. Best is trial 6 with value: 0.7833333333333334.
[I 2025-05-07 07:37:47,074] Trial 19 finished with value: 0.8 and parameters: {'n_estimators': 100, 'max_depth': 20, 'gamma': 0.8740510675214552, 'subsample': 0.9171447902019301, 'colsample_bytree': 0.9368633377087198}. Best is trial 19 with value: 0.8.
[I 2025-05-07 07:37:47,136] Trial 20 finished with value: 0.7666666666666668 and parameters: {'n_estimators': 100, 'max_depth': 20, 'gamma': 0.889254051166859, 'subsample': 0.9177196001636656, 'colsample_bytree': 0.9449698130752958}. Best is trial 19 with value: 0.8.
[I 2025-05-07 07:37:47,186] Trial 21 finished with value: 0.7333333333333334 and parameters: {'n_estimators': 100, 'max_depth': 20, 'gamma': 0.903403498709445, 'subsample': 0.9223344273329154, 'colsample_bytree': 0.9489320293565612}. Best is trial 19 with value: 0.8.
[I 2025-05-07 07:37:47,224] Trial 22 finished with value: 0.75 and parameters: {'n_estimators': 100, 'max_depth': 20, 'gamma': 0.8823485546989672, 'subsample': 0.9262045088392492, 'colsample_bytree': 0.9347098244367135}. Best is trial 19 with value: 0.8.
[I 2025-05-07 07:37:47,276] Trial 23 finished with value: 0.75 and parameters: {'n_estimators': 100, 'max_depth': 20, 'gamma': 0.8677143030341375, 'subsample': 0.9599025397263606, 'colsample_bytree': 0.8127002523077111}. Best is trial 19 with value: 0.8.
[I 2025-05-07 07:37:47,326] Trial 24 finished with value: 0.7333333333333333 and parameters: {'n_estimators': 100, 'max_depth': 20, 'gamma': 0.7233892900861414, 'subsample': 0.8210780031856714, 'colsample_bytree': 0.9391581343623641}. Best is trial 19 with value: 0.8.
[I 2025-05-07 07:37:47,378] Trial 25 finished with value: 0.75 and parameters: {'n_estimators': 100, 'max_depth': 20, 'gamma': 0.9890985934092326, 'subsample': 0.9144981861920414, 'colsample_bytree': 0.5538004224025737}. Best is trial 19 with value: 0.8.
[I 2025-05-07 07:37:47,428] Trial 26 finished with value: 0.7333333333333334 and parameters: {'n_estimators': 100, 'max_depth': 20, 'gamma': 0.6259350336455105, 'subsample': 0.7077414117023509, 'colsample_bytree': 0.7170050638487221}. Best is trial 19 with value: 0.8.
[I 2025-05-07 07:37:47,487] Trial 27 finished with value: 0.7333333333333333 and parameters: {'n_estimators': 100, 'max_depth': 20, 'gamma': 0.45756658675700346, 'subsample': 0.8909750726170714, 'colsample_bytree': 0.8198798287850548}. Best is trial 19 with value: 0.8.
[I 2025-05-07 07:37:47,539] Trial 28 finished with value: 0.75 and parameters: {'n_estimators': 100, 'max_depth': 20, 'gamma': 0.8467665234057618, 'subsample': 0.9989607642723853, 'colsample_bytree': 0.9721055592342218}. Best is trial 19 with value: 0.8.
[I 2025-05-07 07:37:47,593] Trial 29 finished with value: 0.7500000000000001 and parameters: {'n_estimators': 100, 'max_depth': 30, 'gamma': 0.5228769687450548, 'subsample': 0.9598145388555408, 'colsample_bytree': 0.7475285177165057}. Best is trial 19 with value: 0.8.
[I 2025-05-07 07:37:50,811] A new study created in memory with name: rf
Parámetros guardados en checkpoint_shoppers_Doriginal_Roriginal_C/random/IPC_30/best_models_random_seed_14_space_original/xgb_best_params.json


>>> Optuna tuning rf metodo random IPC 30 seed 14


[I 2025-05-07 07:37:52,762] Trial 0 finished with value: 0.7166666666666667 and parameters: {'n_estimators': 306, 'max_depth': 16, 'min_samples_split': 9, 'min_samples_leaf': 1}. Best is trial 0 with value: 0.7166666666666667.
[I 2025-05-07 07:37:53,120] Trial 1 finished with value: 0.7333333333333334 and parameters: {'n_estimators': 224, 'max_depth': 20, 'min_samples_split': 6, 'min_samples_leaf': 4}. Best is trial 1 with value: 0.7333333333333334.
[I 2025-05-07 07:37:53,542] Trial 2 finished with value: 0.7166666666666667 and parameters: {'n_estimators': 316, 'max_depth': 6, 'min_samples_split': 9, 'min_samples_leaf': 4}. Best is trial 1 with value: 0.7333333333333334.
[I 2025-05-07 07:37:53,922] Trial 3 finished with value: 0.7000000000000002 and parameters: {'n_estimators': 316, 'max_depth': 3, 'min_samples_split': 8, 'min_samples_leaf': 3}. Best is trial 1 with value: 0.7333333333333334.
[I 2025-05-07 07:37:54,474] Trial 4 finished with value: 0.7 and parameters: {'n_estimators': 473, 'max_depth': 9, 'min_samples_split': 8, 'min_samples_leaf': 8}. Best is trial 1 with value: 0.7333333333333334.
[I 2025-05-07 07:37:55,015] Trial 5 finished with value: 0.7333333333333334 and parameters: {'n_estimators': 449, 'max_depth': 4, 'min_samples_split': 4, 'min_samples_leaf': 5}. Best is trial 1 with value: 0.7333333333333334.
[I 2025-05-07 07:37:55,483] Trial 6 finished with value: 0.7 and parameters: {'n_estimators': 369, 'max_depth': 7, 'min_samples_split': 8, 'min_samples_leaf': 7}. Best is trial 1 with value: 0.7333333333333334.
[I 2025-05-07 07:37:55,772] Trial 7 finished with value: 0.7333333333333334 and parameters: {'n_estimators': 172, 'max_depth': 8, 'min_samples_split': 9, 'min_samples_leaf': 1}. Best is trial 1 with value: 0.7333333333333334.
[I 2025-05-07 07:37:56,265] Trial 8 finished with value: 0.7 and parameters: {'n_estimators': 399, 'max_depth': 4, 'min_samples_split': 8, 'min_samples_leaf': 8}. Best is trial 1 with value: 0.7333333333333334.
[I 2025-05-07 07:37:56,553] Trial 9 finished with value: 0.75 and parameters: {'n_estimators': 263, 'max_depth': 20, 'min_samples_split': 6, 'min_samples_leaf': 2}. Best is trial 9 with value: 0.75.
[I 2025-05-07 07:37:56,767] Trial 10 finished with value: 0.7500000000000002 and parameters: {'n_estimators': 122, 'max_depth': 14, 'min_samples_split': 2, 'min_samples_leaf': 10}. Best is trial 10 with value: 0.7500000000000002.
[I 2025-05-07 07:37:57,619] Trial 11 finished with value: 0.7166666666666666 and parameters: {'n_estimators': 117, 'max_depth': 14, 'min_samples_split': 3, 'min_samples_leaf': 10}. Best is trial 10 with value: 0.7500000000000002.
[I 2025-05-07 07:37:58,528] Trial 12 finished with value: 0.7166666666666666 and parameters: {'n_estimators': 209, 'max_depth': 20, 'min_samples_split': 2, 'min_samples_leaf': 10}. Best is trial 10 with value: 0.7500000000000002.
[I 2025-05-07 07:37:59,439] Trial 13 finished with value: 0.6833333333333333 and parameters: {'n_estimators': 105, 'max_depth': 16, 'min_samples_split': 5, 'min_samples_leaf': 6}. Best is trial 10 with value: 0.7500000000000002.
[I 2025-05-07 07:37:59,784] Trial 14 finished with value: 0.7166666666666667 and parameters: {'n_estimators': 245, 'max_depth': 12, 'min_samples_split': 6, 'min_samples_leaf': 2}. Best is trial 10 with value: 0.7500000000000002.
[I 2025-05-07 07:38:00,007] Trial 15 finished with value: 0.7 and parameters: {'n_estimators': 160, 'max_depth': 17, 'min_samples_split': 2, 'min_samples_leaf': 8}. Best is trial 10 with value: 0.7500000000000002.
[I 2025-05-07 07:38:00,241] Trial 16 finished with value: 0.7333333333333334 and parameters: {'n_estimators': 161, 'max_depth': 11, 'min_samples_split': 4, 'min_samples_leaf': 6}. Best is trial 10 with value: 0.7500000000000002.
[I 2025-05-07 07:38:00,535] Trial 17 finished with value: 0.7333333333333334 and parameters: {'n_estimators': 247, 'max_depth': 18, 'min_samples_split': 5, 'min_samples_leaf': 3}. Best is trial 10 with value: 0.7500000000000002.
[I 2025-05-07 07:38:00,991] Trial 18 finished with value: 0.7166666666666666 and parameters: {'n_estimators': 360, 'max_depth': 14, 'min_samples_split': 10, 'min_samples_leaf': 9}. Best is trial 10 with value: 0.7500000000000002.
[I 2025-05-07 07:38:01,351] Trial 19 finished with value: 0.7333333333333334 and parameters: {'n_estimators': 262, 'max_depth': 13, 'min_samples_split': 3, 'min_samples_leaf': 5}. Best is trial 10 with value: 0.7500000000000002.
[I 2025-05-07 07:38:01,606] Trial 20 finished with value: 0.7166666666666668 and parameters: {'n_estimators': 194, 'max_depth': 10, 'min_samples_split': 7, 'min_samples_leaf': 2}. Best is trial 10 with value: 0.7500000000000002.
[I 2025-05-07 07:38:01,897] Trial 21 finished with value: 0.75 and parameters: {'n_estimators': 223, 'max_depth': 20, 'min_samples_split': 6, 'min_samples_leaf': 4}. Best is trial 10 with value: 0.7500000000000002.
[I 2025-05-07 07:38:02,242] Trial 22 finished with value: 0.7333333333333334 and parameters: {'n_estimators': 267, 'max_depth': 19, 'min_samples_split': 5, 'min_samples_leaf': 3}. Best is trial 10 with value: 0.7500000000000002.
[I 2025-05-07 07:38:02,457] Trial 23 finished with value: 0.7333333333333334 and parameters: {'n_estimators': 141, 'max_depth': 18, 'min_samples_split': 7, 'min_samples_leaf': 4}. Best is trial 10 with value: 0.7500000000000002.
[I 2025-05-07 07:38:02,852] Trial 24 finished with value: 0.7333333333333334 and parameters: {'n_estimators': 282, 'max_depth': 16, 'min_samples_split': 4, 'min_samples_leaf': 2}. Best is trial 10 with value: 0.7500000000000002.
[I 2025-05-07 07:38:03,127] Trial 25 finished with value: 0.7166666666666667 and parameters: {'n_estimators': 205, 'max_depth': 20, 'min_samples_split': 7, 'min_samples_leaf': 7}. Best is trial 10 with value: 0.7500000000000002.
[I 2025-05-07 07:38:03,341] Trial 26 finished with value: 0.7 and parameters: {'n_estimators': 130, 'max_depth': 18, 'min_samples_split': 3, 'min_samples_leaf': 5}. Best is trial 10 with value: 0.7500000000000002.
[I 2025-05-07 07:38:03,777] Trial 27 finished with value: 0.7333333333333334 and parameters: {'n_estimators': 350, 'max_depth': 15, 'min_samples_split': 6, 'min_samples_leaf': 3}. Best is trial 10 with value: 0.7500000000000002.
[I 2025-05-07 07:38:04,012] Trial 28 finished with value: 0.7166666666666667 and parameters: {'n_estimators': 178, 'max_depth': 19, 'min_samples_split': 5, 'min_samples_leaf': 1}. Best is trial 10 with value: 0.7500000000000002.
[I 2025-05-07 07:38:04,389] Trial 29 finished with value: 0.7666666666666666 and parameters: {'n_estimators': 298, 'max_depth': 16, 'min_samples_split': 6, 'min_samples_leaf': 1}. Best is trial 29 with value: 0.7666666666666666.
[I 2025-05-07 07:38:07,482] A new study created in memory with name: svc
Parámetros guardados en checkpoint_shoppers_Doriginal_Roriginal_C/random/IPC_30/best_models_random_seed_14_space_original/rf_best_params.json


>>> Optuna tuning svc metodo random IPC 30 seed 14


[I 2025-05-07 07:38:09,806] Trial 0 finished with value: 0.7 and parameters: {'C': 1.1370338004442617, 'gamma': 0.12378277320582937}. Best is trial 0 with value: 0.7.
[I 2025-05-07 07:38:09,921] Trial 1 finished with value: 0.65 and parameters: {'C': 30.318711668561, 'gamma': 0.00010769307906940463}. Best is trial 0 with value: 0.7.
[I 2025-05-07 07:38:09,949] Trial 2 finished with value: 0.5166666666666667 and parameters: {'C': 0.17335792577698644, 'gamma': 0.6767292643921684}. Best is trial 0 with value: 0.7.
[I 2025-05-07 07:38:09,974] Trial 3 finished with value: 0.65 and parameters: {'C': 1.1284097995226854, 'gamma': 0.0018755890970626767}. Best is trial 0 with value: 0.7.
[I 2025-05-07 07:38:09,998] Trial 4 finished with value: 0.65 and parameters: {'C': 1.4348276912965587, 'gamma': 0.0007673964215583743}. Best is trial 0 with value: 0.7.
[I 2025-05-07 07:38:10,032] Trial 5 finished with value: 0.65 and parameters: {'C': 16.82385170967098, 'gamma': 0.002338936883400735}. Best is trial 0 with value: 0.7.
[I 2025-05-07 07:38:10,057] Trial 6 finished with value: 0.65 and parameters: {'C': 1.4307224644449827, 'gamma': 0.00010555896958638951}. Best is trial 0 with value: 0.7.
[I 2025-05-07 07:38:10,071] Trial 7 finished with value: 0.65 and parameters: {'C': 4.927310296129143, 'gamma': 0.0006919855867656618}. Best is trial 0 with value: 0.7.
[I 2025-05-07 07:38:10,097] Trial 8 finished with value: 0.5833333333333333 and parameters: {'C': 53.73167404628149, 'gamma': 0.003140356825491872}. Best is trial 0 with value: 0.7.
[I 2025-05-07 07:38:10,112] Trial 9 finished with value: 0.65 and parameters: {'C': 10.225291281781463, 'gamma': 0.11286414797379973}. Best is trial 0 with value: 0.7.
[I 2025-05-07 07:38:10,132] Trial 10 finished with value: 0.6333333333333334 and parameters: {'C': 0.016656760656857075, 'gamma': 0.03999207504018715}. Best is trial 0 with value: 0.7.
[I 2025-05-07 07:38:10,810] Trial 11 finished with value: 0.6333333333333334 and parameters: {'C': 0.13130634589396686, 'gamma': 0.034382382694515656}. Best is trial 0 with value: 0.7.
[I 2025-05-07 07:38:11,488] Trial 12 finished with value: 0.6 and parameters: {'C': 85.6698406437368, 'gamma': 0.7749298164016906}. Best is trial 0 with value: 0.7.
[I 2025-05-07 07:38:11,513] Trial 13 finished with value: 0.7166666666666668 and parameters: {'C': 0.16521443228190683, 'gamma': 0.2031797999134382}. Best is trial 13 with value: 0.7166666666666668.
[I 2025-05-07 07:38:11,546] Trial 14 finished with value: 0.7166666666666668 and parameters: {'C': 0.20330684959039044, 'gamma': 0.17183351660217064}. Best is trial 13 with value: 0.7166666666666668.
[I 2025-05-07 07:38:11,580] Trial 15 finished with value: 0.6666666666666666 and parameters: {'C': 0.14950490905552322, 'gamma': 0.14944020057479315}. Best is trial 13 with value: 0.7166666666666668.
[I 2025-05-07 07:38:11,613] Trial 16 finished with value: 0.6333333333333334 and parameters: {'C': 0.031923392987140545, 'gamma': 0.01503342699525859}. Best is trial 13 with value: 0.7166666666666668.
[I 2025-05-07 07:38:12,291] Trial 17 finished with value: 0.7 and parameters: {'C': 0.2898827181422793, 'gamma': 0.3033170094391148}. Best is trial 13 with value: 0.7166666666666668.
[I 2025-05-07 07:38:12,937] Trial 18 finished with value: 0.6333333333333334 and parameters: {'C': 0.049937051674472814, 'gamma': 0.03744626970569069}. Best is trial 13 with value: 0.7166666666666668.
[I 2025-05-07 07:38:13,565] Trial 19 finished with value: 0.7166666666666668 and parameters: {'C': 0.3918750915520674, 'gamma': 0.29620006834320595}. Best is trial 13 with value: 0.7166666666666668.
[I 2025-05-07 07:38:13,590] Trial 20 finished with value: 0.6166666666666667 and parameters: {'C': 0.05381462294187612, 'gamma': 0.00971883177112721}. Best is trial 13 with value: 0.7166666666666668.
[I 2025-05-07 07:38:13,621] Trial 21 finished with value: 0.7 and parameters: {'C': 0.3915712332564097, 'gamma': 0.18724837838500338}. Best is trial 13 with value: 0.7166666666666668.
[I 2025-05-07 07:38:13,655] Trial 22 finished with value: 0.6333333333333334 and parameters: {'C': 0.4228189788084265, 'gamma': 0.3498007625034478}. Best is trial 13 with value: 0.7166666666666668.
[I 2025-05-07 07:38:13,681] Trial 23 finished with value: 0.6666666666666666 and parameters: {'C': 2.7610939921497843, 'gamma': 0.08088785707407503}. Best is trial 13 with value: 0.7166666666666668.
[I 2025-05-07 07:38:13,703] Trial 24 finished with value: 0.5166666666666667 and parameters: {'C': 0.5444150172662557, 'gamma': 0.9870258761571851}. Best is trial 13 with value: 0.7166666666666668.
