[I 2025-05-07 03:58:50,162] Trial 11 finished with value: 0.7673978782270086 and parameters: {'n_estimators': 40, 'max_depth': 5, 'gamma': 0.39874152974214566, 'subsample': 0.684402200509914, 'colsample_bytree': 0.9969596088199149}. Best is trial 0 with value: 0.7750344698299809.
/data/home/rtabares/anaconda3/envs/pyth3.12/lib/python3.12/site-packages/xgboost/core.py:377: FutureWarning: Your system has an old version of glibc (< 2.28). We will stop supporting Linux distros with glibc older than 2.28 after **May 31, 2025**. Please upgrade to a recent Linux distro (with glibc >= 2.28) to use future versions of XGBoost.
Note: You have installed the 'manylinux2014' variant of XGBoost. Certain features such as GPU algorithms or federated learning are not available. To use these features, please upgrade to a recent Linux distro with glibc 2.28+, and install the 'manylinux_2_28' variant.
  warnings.warn(
/data/home/rtabares/anaconda3/envs/pyth3.12/lib/python3.12/site-packages/xgboost/core.py:377: FutureWarning: Your system has an old version of glibc (< 2.28). We will stop supporting Linux distros with glibc older than 2.28 after **May 31, 2025**. Please upgrade to a recent Linux distro (with glibc >= 2.28) to use future versions of XGBoost.
Note: You have installed the 'manylinux2014' variant of XGBoost. Certain features such as GPU algorithms or federated learning are not available. To use these features, please upgrade to a recent Linux distro with glibc 2.28+, and install the 'manylinux_2_28' variant.
  warnings.warn(
/data/home/rtabares/anaconda3/envs/pyth3.12/lib/python3.12/site-packages/xgboost/core.py:377: FutureWarning: Your system has an old version of glibc (< 2.28). We will stop supporting Linux distros with glibc older than 2.28 after **May 31, 2025**. Please upgrade to a recent Linux distro (with glibc >= 2.28) to use future versions of XGBoost.
Note: You have installed the 'manylinux2014' variant of XGBoost. Certain features such as GPU algorithms or federated learning are not available. To use these features, please upgrade to a recent Linux distro with glibc 2.28+, and install the 'manylinux_2_28' variant.
  warnings.warn(
/data/home/rtabares/anaconda3/envs/pyth3.12/lib/python3.12/site-packages/xgboost/core.py:377: FutureWarning: Your system has an old version of glibc (< 2.28). We will stop supporting Linux distros with glibc older than 2.28 after **May 31, 2025**. Please upgrade to a recent Linux distro (with glibc >= 2.28) to use future versions of XGBoost.
Note: You have installed the 'manylinux2014' variant of XGBoost. Certain features such as GPU algorithms or federated learning are not available. To use these features, please upgrade to a recent Linux distro with glibc 2.28+, and install the 'manylinux_2_28' variant.
  warnings.warn(
[I 2025-05-07 03:58:51,154] Trial 12 finished with value: 0.7686798396653252 and parameters: {'n_estimators': 40, 'max_depth': 30, 'gamma': 0.8246399209967283, 'subsample': 0.7211767249334009, 'colsample_bytree': 0.8993242784691231}. Best is trial 0 with value: 0.7750344698299809.
[I 2025-05-07 03:58:51,554] Trial 13 finished with value: 0.7694437543450962 and parameters: {'n_estimators': 100, 'max_depth': 5, 'gamma': 0.5635099338446221, 'subsample': 0.8917998298846976, 'colsample_bytree': 0.9189083147255793}. Best is trial 0 with value: 0.7750344698299809.
[I 2025-05-07 03:58:51,998] Trial 14 finished with value: 0.766730504370142 and parameters: {'n_estimators': 40, 'max_depth': 30, 'gamma': 0.3765913196398667, 'subsample': 0.7899688639681097, 'colsample_bytree': 0.9507346190467891}. Best is trial 0 with value: 0.7750344698299809.
[I 2025-05-07 03:58:52,414] Trial 15 finished with value: 0.7703225009942491 and parameters: {'n_estimators': 100, 'max_depth': 5, 'gamma': 0.1138974011447233, 'subsample': 0.6623892154235589, 'colsample_bytree': 0.7472206370344503}. Best is trial 0 with value: 0.7750344698299809.
[I 2025-05-07 03:58:52,706] Trial 16 finished with value: 0.7780390120048615 and parameters: {'n_estimators': 40, 'max_depth': 5, 'gamma': 0.6717996624595401, 'subsample': 0.9058830919395758, 'colsample_bytree': 0.866924414031871}. Best is trial 16 with value: 0.7780390120048615.
[I 2025-05-07 03:58:53,090] Trial 17 finished with value: 0.7717477051315395 and parameters: {'n_estimators': 40, 'max_depth': 30, 'gamma': 0.7083862593759728, 'subsample': 0.8839084866953895, 'colsample_bytree': 0.8574410788494113}. Best is trial 16 with value: 0.7780390120048615.
[I 2025-05-07 03:58:53,404] Trial 18 finished with value: 0.7775066839846466 and parameters: {'n_estimators': 40, 'max_depth': 5, 'gamma': 0.6455732619005046, 'subsample': 0.9314971520293179, 'colsample_bytree': 0.6590100810908468}. Best is trial 16 with value: 0.7780390120048615.
[I 2025-05-07 03:58:53,706] Trial 19 finished with value: 0.7755693403954531 and parameters: {'n_estimators': 40, 'max_depth': 5, 'gamma': 0.8791428273947589, 'subsample': 0.937460825096498, 'colsample_bytree': 0.6667111340131878}. Best is trial 16 with value: 0.7780390120048615.
[I 2025-05-07 03:58:54,019] Trial 20 finished with value: 0.7692403254255538 and parameters: {'n_estimators': 40, 'max_depth': 5, 'gamma': 0.7072089104541451, 'subsample': 0.8508041319133905, 'colsample_bytree': 0.6599337712515533}. Best is trial 16 with value: 0.7780390120048615.
[I 2025-05-07 03:58:54,364] Trial 21 finished with value: 0.7737133329555356 and parameters: {'n_estimators': 40, 'max_depth': 5, 'gamma': 0.8875997587476416, 'subsample': 0.9436520721321013, 'colsample_bytree': 0.6684542300253697}. Best is trial 16 with value: 0.7780390120048615.
[I 2025-05-07 03:58:54,649] Trial 22 finished with value: 0.7741397721879449 and parameters: {'n_estimators': 40, 'max_depth': 5, 'gamma': 0.802486136722016, 'subsample': 0.9474005550291629, 'colsample_bytree': 0.6037939032937463}. Best is trial 16 with value: 0.7780390120048615.
[I 2025-05-07 03:58:54,938] Trial 23 finished with value: 0.7733751364878773 and parameters: {'n_estimators': 40, 'max_depth': 5, 'gamma': 0.9931045563952219, 'subsample': 0.911695324596649, 'colsample_bytree': 0.5073744790471051}. Best is trial 16 with value: 0.7780390120048615.
[I 2025-05-07 03:58:55,221] Trial 24 finished with value: 0.7726021521317408 and parameters: {'n_estimators': 40, 'max_depth': 5, 'gamma': 0.6651357710713457, 'subsample': 0.8549269069693577, 'colsample_bytree': 0.7053860808938153}. Best is trial 16 with value: 0.7780390120048615.
[I 2025-05-07 03:58:55,512] Trial 25 finished with value: 0.7733426146776458 and parameters: {'n_estimators': 40, 'max_depth': 5, 'gamma': 0.7948836384806497, 'subsample': 0.9329711731418688, 'colsample_bytree': 0.7855999283373409}. Best is trial 16 with value: 0.7780390120048615.
[I 2025-05-07 03:58:55,742] Trial 26 finished with value: 0.7638982607472503 and parameters: {'n_estimators': 10, 'max_depth': 5, 'gamma': 0.9219726302479396, 'subsample': 0.9971368987763934, 'colsample_bytree': 0.6101522400893955}. Best is trial 16 with value: 0.7780390120048615.
[I 2025-05-07 03:58:56,023] Trial 27 finished with value: 0.776411201164157 and parameters: {'n_estimators': 40, 'max_depth': 5, 'gamma': 0.6213743688422336, 'subsample': 0.8417304879182309, 'colsample_bytree': 0.6889885275545345}. Best is trial 16 with value: 0.7780390120048615.
[I 2025-05-07 03:58:56,302] Trial 28 finished with value: 0.7750043640702178 and parameters: {'n_estimators': 40, 'max_depth': 5, 'gamma': 0.6066714389145789, 'subsample': 0.8203292721820121, 'colsample_bytree': 0.7085368832513587}. Best is trial 16 with value: 0.7780390120048615.
[I 2025-05-07 03:58:56,599] Trial 29 finished with value: 0.7730034442001127 and parameters: {'n_estimators': 40, 'max_depth': 5, 'gamma': 0.4786256555934727, 'subsample': 0.7546551897751712, 'colsample_bytree': 0.7743771208624493}. Best is trial 16 with value: 0.7780390120048615.
[I 2025-05-07 03:59:01,209] A new study created in memory with name: rf
Parámetros guardados en checkpoint_shoppers_Doriginal_Roriginal_B/Full-data/IPC_0/best_models_Full-data_seed_0_space_original/xgb_best_params.json


>>> Optuna tuning rf metodo Full-data IPC 0 seed 0


[I 2025-05-07 03:59:04,352] Trial 0 finished with value: 0.8476777454175999 and parameters: {'n_estimators': 320, 'max_depth': 15, 'min_samples_split': 7, 'min_samples_leaf': 6}. Best is trial 0 with value: 0.8476777454175999.
[I 2025-05-07 03:59:06,504] Trial 1 finished with value: 0.8499164122434812 and parameters: {'n_estimators': 269, 'max_depth': 14, 'min_samples_split': 5, 'min_samples_leaf': 9}. Best is trial 1 with value: 0.8499164122434812.
[I 2025-05-07 03:59:09,753] Trial 2 finished with value: 0.8535685697891988 and parameters: {'n_estimators': 486, 'max_depth': 9, 'min_samples_split': 9, 'min_samples_leaf': 6}. Best is trial 2 with value: 0.8535685697891988.
[I 2025-05-07 03:59:13,031] Trial 3 finished with value: 0.7744923511131035 and parameters: {'n_estimators': 327, 'max_depth': 19, 'min_samples_split': 2, 'min_samples_leaf': 1}. Best is trial 2 with value: 0.8535685697891988.
[I 2025-05-07 03:59:14,078] Trial 4 finished with value: 0.850109696280952 and parameters: {'n_estimators': 108, 'max_depth': 17, 'min_samples_split': 9, 'min_samples_leaf': 9}. Best is trial 2 with value: 0.8535685697891988.
[I 2025-05-07 03:59:17,996] Trial 5 finished with value: 0.8494297867905033 and parameters: {'n_estimators': 492, 'max_depth': 17, 'min_samples_split': 6, 'min_samples_leaf': 8}. Best is trial 2 with value: 0.8535685697891988.
[I 2025-05-07 03:59:19,302] Trial 6 finished with value: 0.8504922544710848 and parameters: {'n_estimators': 147, 'max_depth': 14, 'min_samples_split': 3, 'min_samples_leaf': 10}. Best is trial 2 with value: 0.8535685697891988.
[I 2025-05-07 03:59:21,557] Trial 7 finished with value: 0.8528579600134792 and parameters: {'n_estimators': 309, 'max_depth': 10, 'min_samples_split': 4, 'min_samples_leaf': 8}. Best is trial 2 with value: 0.8535685697891988.
[I 2025-05-07 03:59:23,835] Trial 8 finished with value: 0.8484968877222133 and parameters: {'n_estimators': 282, 'max_depth': 13, 'min_samples_split': 2, 'min_samples_leaf': 7}. Best is trial 2 with value: 0.8535685697891988.
[I 2025-05-07 03:59:26,604] Trial 9 finished with value: 0.8489841329996569 and parameters: {'n_estimators': 345, 'max_depth': 14, 'min_samples_split': 10, 'min_samples_leaf': 7}. Best is trial 2 with value: 0.8535685697891988.
[I 2025-05-07 03:59:29,012] Trial 10 finished with value: 0.847689560030885 and parameters: {'n_estimators': 487, 'max_depth': 5, 'min_samples_split': 8, 'min_samples_leaf': 3}. Best is trial 2 with value: 0.8535685697891988.
[I 2025-05-07 03:59:32,277] Trial 11 finished with value: 0.854092549153345 and parameters: {'n_estimators': 413, 'max_depth': 8, 'min_samples_split': 4, 'min_samples_leaf': 4}. Best is trial 11 with value: 0.854092549153345.
[I 2025-05-07 03:59:35,582] Trial 12 finished with value: 0.8532520039304462 and parameters: {'n_estimators': 415, 'max_depth': 8, 'min_samples_split': 5, 'min_samples_leaf': 4}. Best is trial 11 with value: 0.854092549153345.
[I 2025-05-07 03:59:37,381] Trial 13 finished with value: 0.8450460719320209 and parameters: {'n_estimators': 417, 'max_depth': 4, 'min_samples_split': 7, 'min_samples_leaf': 4}. Best is trial 11 with value: 0.854092549153345.
[I 2025-05-07 03:59:39,990] Trial 14 finished with value: 0.8525040402435581 and parameters: {'n_estimators': 424, 'max_depth': 8, 'min_samples_split': 10, 'min_samples_leaf': 5}. Best is trial 11 with value: 0.854092549153345.
[I 2025-05-07 03:59:43,233] Trial 15 finished with value: 0.8486343243103758 and parameters: {'n_estimators': 449, 'max_depth': 10, 'min_samples_split': 4, 'min_samples_leaf': 2}. Best is trial 11 with value: 0.854092549153345.
[I 2025-05-07 03:59:45,305] Trial 16 finished with value: 0.8497060767084639 and parameters: {'n_estimators': 381, 'max_depth': 6, 'min_samples_split': 8, 'min_samples_leaf': 5}. Best is trial 11 with value: 0.854092549153345.
[I 2025-05-07 03:59:46,734] Trial 17 finished with value: 0.8509209706096948 and parameters: {'n_estimators': 230, 'max_depth': 7, 'min_samples_split': 6, 'min_samples_leaf': 3}. Best is trial 11 with value: 0.854092549153345.
[I 2025-05-07 03:59:49,516] Trial 18 finished with value: 0.8501555000440202 and parameters: {'n_estimators': 373, 'max_depth': 11, 'min_samples_split': 4, 'min_samples_leaf': 6}. Best is trial 11 with value: 0.854092549153345.
[I 2025-05-07 03:59:51,277] Trial 19 finished with value: 0.8397072328708346 and parameters: {'n_estimators': 459, 'max_depth': 3, 'min_samples_split': 8, 'min_samples_leaf': 4}. Best is trial 11 with value: 0.854092549153345.
[I 2025-05-07 03:59:54,654] Trial 20 finished with value: 0.8500980840593291 and parameters: {'n_estimators': 500, 'max_depth': 9, 'min_samples_split': 5, 'min_samples_leaf': 1}. Best is trial 11 with value: 0.854092549153345.
[I 2025-05-07 03:59:57,227] Trial 21 finished with value: 0.8510747250256279 and parameters: {'n_estimators': 400, 'max_depth': 8, 'min_samples_split': 5, 'min_samples_leaf': 4}. Best is trial 11 with value: 0.854092549153345.
[I 2025-05-07 04:00:00,711] Trial 22 finished with value: 0.8452270606760084 and parameters: {'n_estimators': 441, 'max_depth': 12, 'min_samples_split': 3, 'min_samples_leaf': 3}. Best is trial 11 with value: 0.854092549153345.
[I 2025-05-07 04:00:02,691] Trial 23 finished with value: 0.848182358429562 and parameters: {'n_estimators': 366, 'max_depth': 6, 'min_samples_split': 7, 'min_samples_leaf': 5}. Best is trial 11 with value: 0.854092549153345.
[I 2025-05-07 04:00:05,541] Trial 24 finished with value: 0.8526017068700839 and parameters: {'n_estimators': 458, 'max_depth': 8, 'min_samples_split': 3, 'min_samples_leaf': 6}. Best is trial 11 with value: 0.854092549153345.
[I 2025-05-07 04:00:07,165] Trial 25 finished with value: 0.8456752570121122 and parameters: {'n_estimators': 202, 'max_depth': 11, 'min_samples_split': 5, 'min_samples_leaf': 2}. Best is trial 11 with value: 0.854092549153345.
[I 2025-05-07 04:00:09,886] Trial 26 finished with value: 0.8508737121565539 and parameters: {'n_estimators': 405, 'max_depth': 9, 'min_samples_split': 9, 'min_samples_leaf': 4}. Best is trial 11 with value: 0.854092549153345.
[I 2025-05-07 04:00:12,383] Trial 27 finished with value: 0.8499364616675251 and parameters: {'n_estimators': 468, 'max_depth': 6, 'min_samples_split': 6, 'min_samples_leaf': 7}. Best is trial 11 with value: 0.854092549153345.
[I 2025-05-07 04:00:14,237] Trial 28 finished with value: 0.8458955603364963 and parameters: {'n_estimators': 428, 'max_depth': 4, 'min_samples_split': 4, 'min_samples_leaf': 5}. Best is trial 11 with value: 0.854092549153345.
[I 2025-05-07 04:00:16,767] Trial 29 finished with value: 0.8514667197270143 and parameters: {'n_estimators': 355, 'max_depth': 10, 'min_samples_split': 7, 'min_samples_leaf': 6}. Best is trial 11 with value: 0.854092549153345.
[I 2025-05-07 04:00:25,075] A new study created in memory with name: svc
Parámetros guardados en checkpoint_shoppers_Doriginal_Roriginal_B/Full-data/IPC_0/best_models_Full-data_seed_0_space_original/rf_best_params.json


>>> Optuna tuning svc metodo Full-data IPC 0 seed 0


[I 2025-05-07 04:00:35,646] Trial 0 finished with value: 0.7324416378342877 and parameters: {'C': 1.5676677195506077, 'gamma': 0.07257005721594278}. Best is trial 0 with value: 0.7324416378342877.
[I 2025-05-07 04:00:45,146] Trial 1 finished with value: 0.7200461731278518 and parameters: {'C': 2.57663857461359, 'gamma': 0.01511933646764101}. Best is trial 0 with value: 0.7324416378342877.
[I 2025-05-07 04:00:54,459] Trial 2 finished with value: 0.7117172122977221 and parameters: {'C': 0.49501595537331966, 'gamma': 0.03833332156156663}. Best is trial 0 with value: 0.7324416378342877.
[I 2025-05-07 04:01:11,802] Trial 3 finished with value: 0.6443785083329707 and parameters: {'C': 0.5627932047415171, 'gamma': 0.36905577292137587}. Best is trial 0 with value: 0.7324416378342877.
[I 2025-05-07 04:01:22,534] Trial 4 finished with value: 0.7243609609758516 and parameters: {'C': 71.55682161754872, 'gamma': 0.0034179529120610124}. Best is trial 0 with value: 0.7324416378342877.
[I 2025-05-07 04:01:32,459] Trial 5 finished with value: 0.7322610665231035 and parameters: {'C': 14.68588598920087, 'gamma': 0.013049073550362394}. Best is trial 0 with value: 0.7324416378342877.
[I 2025-05-07 04:01:59,924] Trial 6 finished with value: 0.6443537153543423 and parameters: {'C': 1.871450068624068, 'gamma': 0.503948959867121}. Best is trial 0 with value: 0.7324416378342877.
[I 2025-05-07 04:02:09,564] Trial 7 finished with value: 0.5 and parameters: {'C': 0.0192373050965465, 'gamma': 0.00022310905607443037}. Best is trial 0 with value: 0.7324416378342877.
[I 2025-05-07 04:02:22,689] Trial 8 finished with value: 0.5 and parameters: {'C': 0.012046852412030323, 'gamma': 0.2140323314098606}. Best is trial 0 with value: 0.7324416378342877.
[I 2025-05-07 04:02:38,765] Trial 9 finished with value: 0.6998923402851497 and parameters: {'C': 12.960656597279739, 'gamma': 0.3020289640158664}. Best is trial 0 with value: 0.7324416378342877.
[I 2025-05-07 04:02:48,895] Trial 10 finished with value: 0.5676715876512751 and parameters: {'C': 0.16426074441272132, 'gamma': 0.0011819854465057523}. Best is trial 0 with value: 0.7324416378342877.
[I 2025-05-07 04:03:00,874] Trial 11 finished with value: 0.7389093922886752 and parameters: {'C': 14.12283302602045, 'gamma': 0.05617404484056215}. Best is trial 11 with value: 0.7389093922886752.
[I 2025-05-07 04:03:13,053] Trial 12 finished with value: 0.7379588471973308 and parameters: {'C': 8.674354399839386, 'gamma': 0.07806032419781148}. Best is trial 11 with value: 0.7389093922886752.
[I 2025-05-07 04:03:25,686] Trial 13 finished with value: 0.7380872141091276 and parameters: {'C': 13.46291605529923, 'gamma': 0.06632415614199133}. Best is trial 11 with value: 0.7389093922886752.
[I 2025-05-07 04:03:37,025] Trial 14 finished with value: 0.7236712607887406 and parameters: {'C': 93.6887273881582, 'gamma': 0.0032824303542765875}. Best is trial 11 with value: 0.7389093922886752.
[I 2025-05-07 04:03:48,867] Trial 15 finished with value: 0.740448707375051 and parameters: {'C': 19.266433165964678, 'gamma': 0.04233906041597952}. Best is trial 15 with value: 0.740448707375051.
[I 2025-05-07 04:04:00,247] Trial 16 finished with value: 0.7435139291001768 and parameters: {'C': 25.7913119871872, 'gamma': 0.023287717253435536}. Best is trial 16 with value: 0.7435139291001768.
[I 2025-05-07 04:04:10,469] Trial 17 finished with value: 0.724386829160186 and parameters: {'C': 37.42600473824022, 'gamma': 0.004638680324330001}. Best is trial 16 with value: 0.7435139291001768.
[I 2025-05-07 04:04:19,623] Trial 18 finished with value: 0.6665422927737069 and parameters: {'C': 3.9812189961246025, 'gamma': 0.000548696712467431}. Best is trial 16 with value: 0.7435139291001768.
[I 2025-05-07 04:04:31,943] Trial 19 finished with value: 0.7430231925665591 and parameters: {'C': 37.58538399826173, 'gamma': 0.014331363305857447}. Best is trial 16 with value: 0.7435139291001768.
[I 2025-05-07 04:04:41,532] Trial 20 finished with value: 0.6446724695729434 and parameters: {'C': 0.08832781194137343, 'gamma': 0.008039944791221578}. Best is trial 16 with value: 0.7435139291001768.
[I 2025-05-07 04:04:52,879] Trial 21 finished with value: 0.742718466620049 and parameters: {'C': 27.41509143750235, 'gamma': 0.023627116312488435}. Best is trial 16 with value: 0.7435139291001768.
[I 2025-05-07 04:05:05,069] Trial 22 finished with value: 0.7430575106027932 and parameters: {'C': 38.62226045162285, 'gamma': 0.021427933232410566}. Best is trial 16 with value: 0.7435139291001768.
[I 2025-05-07 04:05:16,330] Trial 23 finished with value: 0.729194048571975 and parameters: {'C': 49.03189621272432, 'gamma': 0.006837488171324455}. Best is trial 16 with value: 0.7435139291001768.
[I 2025-05-07 04:05:25,432] Trial 24 finished with value: 0.6889235344060767 and parameters: {'C': 5.8738161945831, 'gamma': 0.0019586071056851236}. Best is trial 16 with value: 0.7435139291001768.
[I 2025-05-07 04:05:38,544] Trial 25 finished with value: 0.7245323108169235 and parameters: {'C': 37.70960207506477, 'gamma': 0.1341797980568321}. Best is trial 16 with value: 0.7435139291001768.
[I 2025-05-07 04:05:47,676] Trial 26 finished with value: 0.728909030513579 and parameters: {'C': 5.349347066754171, 'gamma': 0.015287020745815304}. Best is trial 16 with value: 0.7435139291001768.
[I 2025-05-07 04:05:56,828] Trial 27 finished with value: 0.6797950000151795 and parameters: {'C': 79.38036350715831, 'gamma': 0.00010378236697772809}. Best is trial 16 with value: 0.7435139291001768.
[I 2025-05-07 04:06:31,407] Trial 28 finished with value: 0.5324056753657976 and parameters: {'C': 31.19650490171288, 'gamma': 0.8967381549523696}. Best is trial 16 with value: 0.7435139291001768.
[I 2025-05-07 04:06:40,600] Trial 29 finished with value: 0.715075775438355 and parameters: {'C': 1.1821355573045078, 'gamma': 0.02180253446197803}. Best is trial 16 with value: 0.7435139291001768.
[I 2025-05-07 04:07:13,840] A new study created in memory with name: logreg
Parámetros guardados en checkpoint_shoppers_Doriginal_Roriginal_B/Full-data/IPC_0/best_models_Full-data_seed_0_space_original/svc_best_params.json


>>> Optuna tuning logreg metodo Full-data IPC 0 seed 0


[I 2025-05-07 04:07:14,163] Trial 0 finished with value: 0.6751113154142502 and parameters: {'C': 0.5547119471592125, 'penalty': 'l2'}. Best is trial 0 with value: 0.6751113154142502.
[I 2025-05-07 04:07:14,434] Trial 1 finished with value: 0.6764082791345327 and parameters: {'C': 3.7665768415992953, 'penalty': 'l2'}. Best is trial 1 with value: 0.6764082791345327.
[I 2025-05-07 04:07:14,676] Trial 2 finished with value: 0.6757468631822243 and parameters: {'C': 1.032326035197657, 'penalty': 'l2'}. Best is trial 1 with value: 0.6764082791345327.
