[I 2025-05-07 07:27:50,935] Trial 15 finished with value: 0.7833333333333334 and parameters: {'n_estimators': 409, 'max_depth': 20, 'min_samples_split': 3, 'min_samples_leaf': 6}. Best is trial 0 with value: 0.8333333333333334.
[I 2025-05-07 07:27:51,399] Trial 16 finished with value: 0.8 and parameters: {'n_estimators': 282, 'max_depth': 17, 'min_samples_split': 6, 'min_samples_leaf': 1}. Best is trial 0 with value: 0.8333333333333334.
[I 2025-05-07 07:27:51,882] Trial 17 finished with value: 0.7833333333333332 and parameters: {'n_estimators': 410, 'max_depth': 6, 'min_samples_split': 4, 'min_samples_leaf': 10}. Best is trial 0 with value: 0.8333333333333334.
[I 2025-05-07 07:27:52,279] Trial 18 finished with value: 0.8333333333333334 and parameters: {'n_estimators': 341, 'max_depth': 11, 'min_samples_split': 2, 'min_samples_leaf': 3}. Best is trial 0 with value: 0.8333333333333334.
[I 2025-05-07 07:27:52,652] Trial 19 finished with value: 0.7833333333333333 and parameters: {'n_estimators': 339, 'max_depth': 11, 'min_samples_split': 2, 'min_samples_leaf': 7}. Best is trial 0 with value: 0.8333333333333334.
[I 2025-05-07 07:27:52,999] Trial 20 finished with value: 0.7833333333333333 and parameters: {'n_estimators': 243, 'max_depth': 12, 'min_samples_split': 10, 'min_samples_leaf': 4}. Best is trial 0 with value: 0.8333333333333334.
[I 2025-05-07 07:27:53,397] Trial 21 finished with value: 0.8 and parameters: {'n_estimators': 366, 'max_depth': 8, 'min_samples_split': 3, 'min_samples_leaf': 2}. Best is trial 0 with value: 0.8333333333333334.
[I 2025-05-07 07:27:53,875] Trial 22 finished with value: 0.8 and parameters: {'n_estimators': 447, 'max_depth': 15, 'min_samples_split': 2, 'min_samples_leaf': 3}. Best is trial 0 with value: 0.8333333333333334.
[I 2025-05-07 07:27:54,082] Trial 23 finished with value: 0.8 and parameters: {'n_estimators': 161, 'max_depth': 18, 'min_samples_split': 4, 'min_samples_leaf': 2}. Best is trial 0 with value: 0.8333333333333334.
[I 2025-05-07 07:27:54,441] Trial 24 finished with value: 0.7833333333333334 and parameters: {'n_estimators': 264, 'max_depth': 15, 'min_samples_split': 3, 'min_samples_leaf': 5}. Best is trial 0 with value: 0.8333333333333334.
[I 2025-05-07 07:27:54,830] Trial 25 finished with value: 0.7833333333333333 and parameters: {'n_estimators': 321, 'max_depth': 9, 'min_samples_split': 2, 'min_samples_leaf': 4}. Best is trial 0 with value: 0.8333333333333334.
[I 2025-05-07 07:27:55,330] Trial 26 finished with value: 0.7833333333333332 and parameters: {'n_estimators': 433, 'max_depth': 12, 'min_samples_split': 6, 'min_samples_leaf': 7}. Best is trial 0 with value: 0.8333333333333334.
[I 2025-05-07 07:27:55,911] Trial 27 finished with value: 0.8166666666666667 and parameters: {'n_estimators': 493, 'max_depth': 17, 'min_samples_split': 4, 'min_samples_leaf': 3}. Best is trial 0 with value: 0.8333333333333334.
[I 2025-05-07 07:27:56,342] Trial 28 finished with value: 0.7833333333333334 and parameters: {'n_estimators': 393, 'max_depth': 6, 'min_samples_split': 5, 'min_samples_leaf': 6}. Best is trial 0 with value: 0.8333333333333334.
[I 2025-05-07 07:27:56,622] Trial 29 finished with value: 0.8166666666666667 and parameters: {'n_estimators': 218, 'max_depth': 10, 'min_samples_split': 2, 'min_samples_leaf': 5}. Best is trial 0 with value: 0.8333333333333334.
[I 2025-05-07 07:27:59,086] A new study created in memory with name: svc
[I 2025-05-07 07:27:59,633] Trial 0 finished with value: 0.7333333333333334 and parameters: {'C': 1.5965834028940304, 'gamma': 0.06801289958688554}. Best is trial 0 with value: 0.7333333333333334.
Parámetros guardados en checkpoint_shoppers_Doriginal_Roriginal_C/random/IPC_30/best_models_random_seed_3_space_original/rf_best_params.json


>>> Optuna tuning svc metodo random IPC 30 seed 3


[I 2025-05-07 07:28:01,943] Trial 1 finished with value: 0.6333333333333334 and parameters: {'C': 0.14575348768947397, 'gamma': 0.01104868064594199}. Best is trial 0 with value: 0.7333333333333334.
[I 2025-05-07 07:28:02,061] Trial 2 finished with value: 0.7000000000000001 and parameters: {'C': 37.306784406101926, 'gamma': 0.3847444428703613}. Best is trial 0 with value: 0.7333333333333334.
[I 2025-05-07 07:28:02,078] Trial 3 finished with value: 0.55 and parameters: {'C': 0.03179371243562207, 'gamma': 0.0006744837836372601}. Best is trial 0 with value: 0.7333333333333334.
[I 2025-05-07 07:28:02,103] Trial 4 finished with value: 0.5666666666666667 and parameters: {'C': 0.016064559195630043, 'gamma': 0.005797481541939439}. Best is trial 0 with value: 0.7333333333333334.
[I 2025-05-07 07:28:02,128] Trial 5 finished with value: 0.6 and parameters: {'C': 0.013167545978819984, 'gamma': 0.0067194371723212016}. Best is trial 0 with value: 0.7333333333333334.
[I 2025-05-07 07:28:02,153] Trial 6 finished with value: 0.6499999999999999 and parameters: {'C': 3.9498098676650346, 'gamma': 0.0013000172966060339}. Best is trial 0 with value: 0.7333333333333334.
[I 2025-05-07 07:28:02,168] Trial 7 finished with value: 0.7333333333333334 and parameters: {'C': 5.070135988670239, 'gamma': 0.02309145345015643}. Best is trial 0 with value: 0.7333333333333334.
[I 2025-05-07 07:28:02,182] Trial 8 finished with value: 0.7 and parameters: {'C': 0.012471753813792393, 'gamma': 0.017195561112750973}. Best is trial 0 with value: 0.7333333333333334.
[I 2025-05-07 07:28:02,195] Trial 9 finished with value: 0.5666666666666667 and parameters: {'C': 0.10889546346648192, 'gamma': 0.004575144213391389}. Best is trial 0 with value: 0.7333333333333334.
[I 2025-05-07 07:28:02,216] Trial 10 finished with value: 0.6833333333333333 and parameters: {'C': 0.7598562954329001, 'gamma': 0.29063434913059677}. Best is trial 0 with value: 0.7333333333333334.
[I 2025-05-07 07:28:02,237] Trial 11 finished with value: 0.7166666666666667 and parameters: {'C': 4.429821012262264, 'gamma': 0.05951967910335012}. Best is trial 0 with value: 0.7333333333333334.
[I 2025-05-07 07:28:02,898] Trial 12 finished with value: 0.7166666666666667 and parameters: {'C': 31.76605821513216, 'gamma': 0.06776023392090061}. Best is trial 0 with value: 0.7333333333333334.
[I 2025-05-07 07:28:03,540] Trial 13 finished with value: 0.7333333333333334 and parameters: {'C': 3.600876852919949, 'gamma': 0.08130688134442232}. Best is trial 0 with value: 0.7333333333333334.
[I 2025-05-07 07:28:03,573] Trial 14 finished with value: 0.55 and parameters: {'C': 1.0541612749131155, 'gamma': 0.00019937260817878626}. Best is trial 0 with value: 0.7333333333333334.
[I 2025-05-07 07:28:03,607] Trial 15 finished with value: 0.6666666666666667 and parameters: {'C': 13.968027859395663, 'gamma': 0.8053241873899255}. Best is trial 0 with value: 0.7333333333333334.
[I 2025-05-07 07:28:03,630] Trial 16 finished with value: 0.7333333333333334 and parameters: {'C': 0.9189593260984218, 'gamma': 0.029777739228024024}. Best is trial 0 with value: 0.7333333333333334.
[I 2025-05-07 07:28:03,662] Trial 17 finished with value: 0.6500000000000001 and parameters: {'C': 0.2731835765984779, 'gamma': 0.1679548188311924}. Best is trial 0 with value: 0.7333333333333334.
[I 2025-05-07 07:28:04,292] Trial 18 finished with value: 0.7166666666666668 and parameters: {'C': 96.13385718636376, 'gamma': 0.001383183913972951}. Best is trial 0 with value: 0.7333333333333334.
[I 2025-05-07 07:28:04,315] Trial 19 finished with value: 0.7333333333333334 and parameters: {'C': 9.019184042133602, 'gamma': 0.02452747592063673}. Best is trial 0 with value: 0.7333333333333334.
[I 2025-05-07 07:28:04,335] Trial 20 finished with value: 0.6833333333333333 and parameters: {'C': 1.9203424768021786, 'gamma': 0.0029170029615750524}. Best is trial 0 with value: 0.7333333333333334.
[I 2025-05-07 07:28:04,983] Trial 21 finished with value: 0.6833333333333333 and parameters: {'C': 3.1409832081705824, 'gamma': 0.09325180305146273}. Best is trial 0 with value: 0.7333333333333334.
[I 2025-05-07 07:28:05,613] Trial 22 finished with value: 0.7333333333333333 and parameters: {'C': 0.39838136852284634, 'gamma': 0.04441037735822902}. Best is trial 0 with value: 0.7333333333333334.
[I 2025-05-07 07:28:05,637] Trial 23 finished with value: 0.6833333333333333 and parameters: {'C': 8.134149238662458, 'gamma': 0.15352975708224817}. Best is trial 0 with value: 0.7333333333333334.
[I 2025-05-07 07:28:05,670] Trial 24 finished with value: 0.7666666666666667 and parameters: {'C': 2.2044876295543054, 'gamma': 0.015740723385895054}. Best is trial 24 with value: 0.7666666666666667.
[I 2025-05-07 07:28:05,694] Trial 25 finished with value: 0.75 and parameters: {'C': 1.637949672112298, 'gamma': 0.013858995496189444}. Best is trial 24 with value: 0.7666666666666667.
[I 2025-05-07 07:28:05,728] Trial 26 finished with value: 0.7166666666666666 and parameters: {'C': 1.608732332219841, 'gamma': 0.010902164583489502}. Best is trial 24 with value: 0.7666666666666667.
[I 2025-05-07 07:28:05,752] Trial 27 finished with value: 0.5666666666666667 and parameters: {'C': 0.39144020844587646, 'gamma': 0.003453791113709184}. Best is trial 24 with value: 0.7666666666666667.
[I 2025-05-07 07:28:05,774] Trial 28 finished with value: 0.75 and parameters: {'C': 1.8106218501873423, 'gamma': 0.0137208883668155}. Best is trial 24 with value: 0.7666666666666667.
[I 2025-05-07 07:28:05,799] Trial 29 finished with value: 0.5666666666666667 and parameters: {'C': 0.0732131225958752, 'gamma': 0.0018066321551814884}. Best is trial 24 with value: 0.7666666666666667.
[I 2025-05-07 07:28:07,606] A new study created in memory with name: logreg
[I 2025-05-07 07:28:07,630] Trial 0 finished with value: 0.7333333333333333 and parameters: {'C': 0.5675309007891907, 'penalty': 'l2'}. Best is trial 0 with value: 0.7333333333333333.
[I 2025-05-07 07:28:07,655] Trial 1 finished with value: 0.7166666666666666 and parameters: {'C': 3.473274541912229, 'penalty': 'l2'}. Best is trial 0 with value: 0.7333333333333333.
[I 2025-05-07 07:28:08,276] Trial 2 finished with value: 0.7833333333333333 and parameters: {'C': 0.02847893173431208, 'penalty': 'l2'}. Best is trial 2 with value: 0.7833333333333333.
Parámetros guardados en checkpoint_shoppers_Doriginal_Roriginal_C/random/IPC_30/best_models_random_seed_3_space_original/svc_best_params.json


>>> Optuna tuning logreg metodo random IPC 30 seed 3


[I 2025-05-07 07:28:10,566] Trial 3 finished with value: 0.75 and parameters: {'C': 0.3582102641758184, 'penalty': 'l2'}. Best is trial 2 with value: 0.7833333333333333.
[I 2025-05-07 07:28:10,680] Trial 4 finished with value: 0.65 and parameters: {'C': 29.156458542193356, 'penalty': 'l2'}. Best is trial 2 with value: 0.7833333333333333.
[I 2025-05-07 07:28:10,704] Trial 5 finished with value: 0.65 and parameters: {'C': 30.301591887498166, 'penalty': 'l2'}. Best is trial 2 with value: 0.7833333333333333.
[I 2025-05-07 07:28:10,728] Trial 6 finished with value: 0.7166666666666667 and parameters: {'C': 0.004245477585551382, 'penalty': 'l2'}. Best is trial 2 with value: 0.7833333333333333.
[I 2025-05-07 07:28:10,741] Trial 7 finished with value: 0.7333333333333334 and parameters: {'C': 0.010869620730769544, 'penalty': 'l2'}. Best is trial 2 with value: 0.7833333333333333.
[I 2025-05-07 07:28:10,767] Trial 8 finished with value: 0.7166666666666667 and parameters: {'C': 0.0018085728895942683, 'penalty': 'l2'}. Best is trial 2 with value: 0.7833333333333333.
[I 2025-05-07 07:28:10,792] Trial 9 finished with value: 0.7499999999999999 and parameters: {'C': 0.15997393155444875, 'penalty': 'l2'}. Best is trial 2 with value: 0.7833333333333333.
[I 2025-05-07 07:28:10,822] Trial 10 finished with value: 0.7833333333333333 and parameters: {'C': 0.03237581738324077, 'penalty': 'l2'}. Best is trial 2 with value: 0.7833333333333333.
[I 2025-05-07 07:28:10,852] Trial 11 finished with value: 0.7666666666666666 and parameters: {'C': 0.03877827280838406, 'penalty': 'l2'}. Best is trial 2 with value: 0.7833333333333333.
[I 2025-05-07 07:28:10,874] Trial 12 finished with value: 0.7666666666666666 and parameters: {'C': 0.03846877203020611, 'penalty': 'l2'}. Best is trial 2 with value: 0.7833333333333333.
[I 2025-05-07 07:28:10,906] Trial 13 finished with value: 0.7833333333333333 and parameters: {'C': 0.027085046854103078, 'penalty': 'l2'}. Best is trial 2 with value: 0.7833333333333333.
[I 2025-05-07 07:28:11,570] Trial 14 finished with value: 0.7166666666666667 and parameters: {'C': 0.0010093772808071203, 'penalty': 'l2'}. Best is trial 2 with value: 0.7833333333333333.
[I 2025-05-07 07:28:12,205] Trial 15 finished with value: 0.7 and parameters: {'C': 2.187964333167321, 'penalty': 'l2'}. Best is trial 2 with value: 0.7833333333333333.
[I 2025-05-07 07:28:12,226] Trial 16 finished with value: 0.7499999999999999 and parameters: {'C': 0.11028127952366577, 'penalty': 'l2'}. Best is trial 2 with value: 0.7833333333333333.
[I 2025-05-07 07:28:12,257] Trial 17 finished with value: 0.7166666666666667 and parameters: {'C': 0.007739996162505596, 'penalty': 'l2'}. Best is trial 2 with value: 0.7833333333333333.
[I 2025-05-07 07:28:12,288] Trial 18 finished with value: 0.7166666666666667 and parameters: {'C': 2.4500489849296776, 'penalty': 'l2'}. Best is trial 2 with value: 0.7833333333333333.
[I 2025-05-07 07:28:12,318] Trial 19 finished with value: 0.7499999999999999 and parameters: {'C': 0.0743352413828474, 'penalty': 'l2'}. Best is trial 2 with value: 0.7833333333333333.
[I 2025-05-07 07:28:12,349] Trial 20 finished with value: 0.7333333333333334 and parameters: {'C': 0.012493387439236094, 'penalty': 'l2'}. Best is trial 2 with value: 0.7833333333333333.
[I 2025-05-07 07:28:12,974] Trial 21 finished with value: 0.7833333333333333 and parameters: {'C': 0.029052554570255712, 'penalty': 'l2'}. Best is trial 2 with value: 0.7833333333333333.
[I 2025-05-07 07:28:13,661] Trial 22 finished with value: 0.7666666666666667 and parameters: {'C': 0.023771803221974246, 'penalty': 'l2'}. Best is trial 2 with value: 0.7833333333333333.
[I 2025-05-07 07:28:14,356] Trial 23 finished with value: 0.7166666666666667 and parameters: {'C': 0.004716766677946699, 'penalty': 'l2'}. Best is trial 2 with value: 0.7833333333333333.
[I 2025-05-07 07:28:14,387] Trial 24 finished with value: 0.7333333333333333 and parameters: {'C': 0.5880303092916407, 'penalty': 'l2'}. Best is trial 2 with value: 0.7833333333333333.
[I 2025-05-07 07:28:14,409] Trial 25 finished with value: 0.7499999999999999 and parameters: {'C': 0.14583819075254123, 'penalty': 'l2'}. Best is trial 2 with value: 0.7833333333333333.
[I 2025-05-07 07:28:14,440] Trial 26 finished with value: 0.7166666666666667 and parameters: {'C': 0.0026515416717558214, 'penalty': 'l2'}. Best is trial 2 with value: 0.7833333333333333.
[I 2025-05-07 07:28:14,473] Trial 27 finished with value: 0.7500000000000001 and parameters: {'C': 0.018336702820738682, 'penalty': 'l2'}. Best is trial 2 with value: 0.7833333333333333.
[I 2025-05-07 07:28:14,502] Trial 28 finished with value: 0.7499999999999999 and parameters: {'C': 0.05895684890585206, 'penalty': 'l2'}. Best is trial 2 with value: 0.7833333333333333.
[I 2025-05-07 07:28:14,533] Trial 29 finished with value: 0.75 and parameters: {'C': 0.38363252672785214, 'penalty': 'l2'}. Best is trial 2 with value: 0.7833333333333333.
/data/home/rtabares/anaconda3/envs/pyth3.12/lib/python3.12/site-packages/xgboost/core.py:377: FutureWarning: Your system has an old version of glibc (< 2.28). We will stop supporting Linux distros with glibc older than 2.28 after **May 31, 2025**. Please upgrade to a recent Linux distro (with glibc >= 2.28) to use future versions of XGBoost.
Note: You have installed the 'manylinux2014' variant of XGBoost. Certain features such as GPU algorithms or federated learning are not available. To use these features, please upgrade to a recent Linux distro with glibc 2.28+, and install the 'manylinux_2_28' variant.
  warnings.warn(
[I 2025-05-07 07:28:17,095] A new study created in memory with name: mlp
Parámetros guardados en checkpoint_shoppers_Doriginal_Roriginal_C/random/IPC_30/best_models_random_seed_3_space_original/logreg_best_params.json


>>> Optuna tuning mlp metodo random IPC 30 seed 3


/data/home/rtabares/anaconda3/envs/pyth3.12/lib/python3.12/site-packages/sklearn/neural_network/_multilayer_perceptron.py:691: ConvergenceWarning: Stochastic Optimizer: Maximum iterations (100) reached and the optimization hasn't converged yet.
  warnings.warn(
/data/home/rtabares/anaconda3/envs/pyth3.12/lib/python3.12/site-packages/sklearn/neural_network/_multilayer_perceptron.py:691: ConvergenceWarning: Stochastic Optimizer: Maximum iterations (100) reached and the optimization hasn't converged yet.
  warnings.warn(
/data/home/rtabares/anaconda3/envs/pyth3.12/lib/python3.12/site-packages/sklearn/neural_network/_multilayer_perceptron.py:691: ConvergenceWarning: Stochastic Optimizer: Maximum iterations (100) reached and the optimization hasn't converged yet.
  warnings.warn(
/data/home/rtabares/anaconda3/envs/pyth3.12/lib/python3.12/site-packages/sklearn/neural_network/_multilayer_perceptron.py:691: ConvergenceWarning: Stochastic Optimizer: Maximum iterations (100) reached and the optimization hasn't converged yet.
  warnings.warn(
/data/home/rtabares/anaconda3/envs/pyth3.12/lib/python3.12/site-packages/sklearn/neural_network/_multilayer_perceptron.py:691: ConvergenceWarning: Stochastic Optimizer: Maximum iterations (100) reached and the optimization hasn't converged yet.
  warnings.warn(
[I 2025-05-07 07:28:20,382] Trial 0 finished with value: 0.6666666666666666 and parameters: {'hidden_layer_sizes': (200,), 'max_iter': 100, 'alpha': 0.0001}. Best is trial 0 with value: 0.6666666666666666.
/data/home/rtabares/anaconda3/envs/pyth3.12/lib/python3.12/site-packages/sklearn/neural_network/_multilayer_perceptron.py:691: ConvergenceWarning: Stochastic Optimizer: Maximum iterations (100) reached and the optimization hasn't converged yet.
  warnings.warn(
/data/home/rtabares/anaconda3/envs/pyth3.12/lib/python3.12/site-packages/sklearn/neural_network/_multilayer_perceptron.py:691: ConvergenceWarning: Stochastic Optimizer: Maximum iterations (100) reached and the optimization hasn't converged yet.
  warnings.warn(
/data/home/rtabares/anaconda3/envs/pyth3.12/lib/python3.12/site-packages/sklearn/neural_network/_multilayer_perceptron.py:691: ConvergenceWarning: Stochastic Optimizer: Maximum iterations (100) reached and the optimization hasn't converged yet.
  warnings.warn(
/data/home/rtabares/anaconda3/envs/pyth3.12/lib/python3.12/site-packages/sklearn/neural_network/_multilayer_perceptron.py:691: ConvergenceWarning: Stochastic Optimizer: Maximum iterations (100) reached and the optimization hasn't converged yet.
  warnings.warn(
/data/home/rtabares/anaconda3/envs/pyth3.12/lib/python3.12/site-packages/sklearn/neural_network/_multilayer_perceptron.py:691: ConvergenceWarning: Stochastic Optimizer: Maximum iterations (100) reached and the optimization hasn't converged yet.
  warnings.warn(
[I 2025-05-07 07:28:20,593] Trial 1 finished with value: 0.6833333333333333 and parameters: {'hidden_layer_sizes': (100, 100), 'max_iter': 100, 'alpha': 0.0001}. Best is trial 1 with value: 0.6833333333333333.
/data/home/rtabares/anaconda3/envs/pyth3.12/lib/python3.12/site-packages/sklearn/neural_network/_multilayer_perceptron.py:691: ConvergenceWarning: Stochastic Optimizer: Maximum iterations (50) reached and the optimization hasn't converged yet.
  warnings.warn(
/data/home/rtabares/anaconda3/envs/pyth3.12/lib/python3.12/site-packages/sklearn/neural_network/_multilayer_perceptron.py:691: ConvergenceWarning: Stochastic Optimizer: Maximum iterations (50) reached and the optimization hasn't converged yet.
  warnings.warn(
/data/home/rtabares/anaconda3/envs/pyth3.12/lib/python3.12/site-packages/sklearn/neural_network/_multilayer_perceptron.py:691: ConvergenceWarning: Stochastic Optimizer: Maximum iterations (50) reached and the optimization hasn't converged yet.
  warnings.warn(
/data/home/rtabares/anaconda3/envs/pyth3.12/lib/python3.12/site-packages/sklearn/neural_network/_multilayer_perceptron.py:691: ConvergenceWarning: Stochastic Optimizer: Maximum iterations (50) reached and the optimization hasn't converged yet.
  warnings.warn(
/data/home/rtabares/anaconda3/envs/pyth3.12/lib/python3.12/site-packages/sklearn/neural_network/_multilayer_perceptron.py:691: ConvergenceWarning: Stochastic Optimizer: Maximum iterations (50) reached and the optimization hasn't converged yet.
  warnings.warn(
