[I 2025-05-07 04:19:39,092] Trial 14 finished with value: 0.5 and parameters: {'n_estimators': 424, 'max_depth': 8, 'min_samples_split': 8, 'min_samples_leaf': 1}. Best is trial 1 with value: 0.65.
[I 2025-05-07 04:19:39,368] Trial 15 finished with value: 0.6 and parameters: {'n_estimators': 191, 'max_depth': 12, 'min_samples_split': 9, 'min_samples_leaf': 5}. Best is trial 1 with value: 0.65.
[I 2025-05-07 04:19:39,735] Trial 16 finished with value: 0.5 and parameters: {'n_estimators': 295, 'max_depth': 18, 'min_samples_split': 6, 'min_samples_leaf': 2}. Best is trial 1 with value: 0.65.
[I 2025-05-07 04:19:40,204] Trial 17 finished with value: 0.7 and parameters: {'n_estimators': 380, 'max_depth': 13, 'min_samples_split': 7, 'min_samples_leaf': 4}. Best is trial 17 with value: 0.7.
[I 2025-05-07 04:19:40,706] Trial 18 finished with value: 0.55 and parameters: {'n_estimators': 433, 'max_depth': 13, 'min_samples_split': 7, 'min_samples_leaf': 4}. Best is trial 17 with value: 0.7.
[I 2025-05-07 04:19:41,264] Trial 19 finished with value: 0.55 and parameters: {'n_estimators': 492, 'max_depth': 9, 'min_samples_split': 7, 'min_samples_leaf': 6}. Best is trial 17 with value: 0.7.
[I 2025-05-07 04:19:41,671] Trial 20 finished with value: 0.55 and parameters: {'n_estimators': 373, 'max_depth': 17, 'min_samples_split': 5, 'min_samples_leaf': 4}. Best is trial 17 with value: 0.7.
[I 2025-05-07 04:19:42,089] Trial 21 finished with value: 0.55 and parameters: {'n_estimators': 352, 'max_depth': 10, 'min_samples_split': 6, 'min_samples_leaf': 2}. Best is trial 17 with value: 0.7.
[I 2025-05-07 04:19:42,413] Trial 22 finished with value: 0.5 and parameters: {'n_estimators': 251, 'max_depth': 13, 'min_samples_split': 9, 'min_samples_leaf': 2}. Best is trial 17 with value: 0.7.
[I 2025-05-07 04:19:42,877] Trial 23 finished with value: 0.5 and parameters: {'n_estimators': 404, 'max_depth': 6, 'min_samples_split': 9, 'min_samples_leaf': 1}. Best is trial 17 with value: 0.7.
[I 2025-05-07 04:19:43,361] Trial 24 finished with value: 0.65 and parameters: {'n_estimators': 457, 'max_depth': 15, 'min_samples_split': 10, 'min_samples_leaf': 4}. Best is trial 17 with value: 0.7.
[I 2025-05-07 04:19:43,747] Trial 25 finished with value: 0.5 and parameters: {'n_estimators': 340, 'max_depth': 13, 'min_samples_split': 7, 'min_samples_leaf': 2}. Best is trial 17 with value: 0.7.
[I 2025-05-07 04:19:43,933] Trial 26 finished with value: 0.5 and parameters: {'n_estimators': 152, 'max_depth': 9, 'min_samples_split': 4, 'min_samples_leaf': 7}. Best is trial 17 with value: 0.7.
[I 2025-05-07 04:19:44,238] Trial 27 finished with value: 0.55 and parameters: {'n_estimators': 286, 'max_depth': 12, 'min_samples_split': 8, 'min_samples_leaf': 3}. Best is trial 17 with value: 0.7.
[I 2025-05-07 04:19:44,431] Trial 28 finished with value: 0.5 and parameters: {'n_estimators': 105, 'max_depth': 10, 'min_samples_split': 5, 'min_samples_leaf': 2}. Best is trial 17 with value: 0.7.
[I 2025-05-07 04:19:44,674] Trial 29 finished with value: 0.55 and parameters: {'n_estimators': 216, 'max_depth': 14, 'min_samples_split': 6, 'min_samples_leaf': 1}. Best is trial 17 with value: 0.7.
[I 2025-05-07 04:19:49,058] A new study created in memory with name: svc
Parámetros guardados en checkpoint_shoppers_Doriginal_Roriginal_B/k_center/IPC_10/best_models_k_center_seed_7_space_original/rf_best_params.json


>>> Optuna tuning svc metodo k_center IPC 10 seed 7


[I 2025-05-07 04:19:50,278] Trial 0 finished with value: 0.2 and parameters: {'C': 0.020194502448102298, 'gamma': 0.13172711156111802}. Best is trial 0 with value: 0.2.
[I 2025-05-07 04:19:50,327] Trial 1 finished with value: 0.2 and parameters: {'C': 0.5670703311028815, 'gamma': 0.0783178418343345}. Best is trial 0 with value: 0.2.
[I 2025-05-07 04:19:50,345] Trial 2 finished with value: 0.2 and parameters: {'C': 81.65034948781698, 'gamma': 0.014255533717547383}. Best is trial 0 with value: 0.2.
[I 2025-05-07 04:19:50,358] Trial 3 finished with value: 0.55 and parameters: {'C': 1.0103732850016278, 'gamma': 0.00019418001640357854}. Best is trial 3 with value: 0.55.
[I 2025-05-07 04:19:50,373] Trial 4 finished with value: 0.25 and parameters: {'C': 0.11851025167261421, 'gamma': 0.00998918377985214}. Best is trial 3 with value: 0.55.
[I 2025-05-07 04:19:50,386] Trial 5 finished with value: 0.15 and parameters: {'C': 5.2109869371584665, 'gamma': 0.16404241128227343}. Best is trial 3 with value: 0.55.
[I 2025-05-07 04:19:50,401] Trial 6 finished with value: 0.55 and parameters: {'C': 0.3340138940215422, 'gamma': 0.00018354619576988685}. Best is trial 3 with value: 0.55.
[I 2025-05-07 04:19:50,414] Trial 7 finished with value: 0.15 and parameters: {'C': 0.1420961781588805, 'gamma': 0.434884682155233}. Best is trial 3 with value: 0.55.
[I 2025-05-07 04:19:50,429] Trial 8 finished with value: 0.4 and parameters: {'C': 0.07137422643361827, 'gamma': 0.006434219125545069}. Best is trial 3 with value: 0.55.
[I 2025-05-07 04:19:50,442] Trial 9 finished with value: 0.4 and parameters: {'C': 53.066944048916255, 'gamma': 0.00012577574840733457}. Best is trial 3 with value: 0.55.
[I 2025-05-07 04:19:50,466] Trial 10 finished with value: 0.35 and parameters: {'C': 4.042381244249598, 'gamma': 0.0013304824599122815}. Best is trial 3 with value: 0.55.
[I 2025-05-07 04:19:51,166] Trial 11 finished with value: 0.55 and parameters: {'C': 1.327692185951257, 'gamma': 0.0001182654393186286}. Best is trial 3 with value: 0.55.
[I 2025-05-07 04:19:51,826] Trial 12 finished with value: 0.55 and parameters: {'C': 0.6137808106950431, 'gamma': 0.0006843879759551015}. Best is trial 3 with value: 0.55.
[I 2025-05-07 04:19:51,852] Trial 13 finished with value: 0.35 and parameters: {'C': 8.133988311752255, 'gamma': 0.0005589823422976997}. Best is trial 3 with value: 0.55.
[I 2025-05-07 04:19:51,879] Trial 14 finished with value: 0.4 and parameters: {'C': 1.6638857990919569, 'gamma': 0.0024485714006084775}. Best is trial 3 with value: 0.55.
[I 2025-05-07 04:19:51,900] Trial 15 finished with value: 0.55 and parameters: {'C': 0.34734836106457406, 'gamma': 0.00027440799525467983}. Best is trial 3 with value: 0.55.
[I 2025-05-07 04:19:51,925] Trial 16 finished with value: 0.4 and parameters: {'C': 0.01007599099482784, 'gamma': 0.00272075918350544}. Best is trial 3 with value: 0.55.
[I 2025-05-07 04:19:51,947] Trial 17 finished with value: 0.4 and parameters: {'C': 27.496564789294712, 'gamma': 0.00035595667914938077}. Best is trial 3 with value: 0.55.
[I 2025-05-07 04:19:51,972] Trial 18 finished with value: 0.25 and parameters: {'C': 0.041540628042745845, 'gamma': 0.03320384586751046}. Best is trial 3 with value: 0.55.
[I 2025-05-07 04:19:51,995] Trial 19 finished with value: 0.5 and parameters: {'C': 0.20971494443132602, 'gamma': 0.0012221528097353285}. Best is trial 3 with value: 0.55.
[I 2025-05-07 04:19:52,021] Trial 20 finished with value: 0.55 and parameters: {'C': 2.099600955534587, 'gamma': 0.0002389259990848756}. Best is trial 3 with value: 0.55.
[I 2025-05-07 04:19:52,044] Trial 21 finished with value: 0.55 and parameters: {'C': 0.9500715957834404, 'gamma': 0.00011708948700023538}. Best is trial 3 with value: 0.55.
[I 2025-05-07 04:19:52,065] Trial 22 finished with value: 0.4 and parameters: {'C': 15.212736192965961, 'gamma': 0.0001062580323883108}. Best is trial 3 with value: 0.55.
[I 2025-05-07 04:19:52,756] Trial 23 finished with value: 0.55 and parameters: {'C': 2.2501933356916273, 'gamma': 0.0002112779437062833}. Best is trial 3 with value: 0.55.
[I 2025-05-07 04:19:52,789] Trial 24 finished with value: 0.55 and parameters: {'C': 0.315272932623484, 'gamma': 0.0006461363545370671}. Best is trial 3 with value: 0.55.
[I 2025-05-07 04:19:52,812] Trial 25 finished with value: 0.45 and parameters: {'C': 0.8738425112572578, 'gamma': 0.0014075800855879615}. Best is trial 3 with value: 0.55.
[I 2025-05-07 04:19:52,837] Trial 26 finished with value: 0.55 and parameters: {'C': 1.732018441720778, 'gamma': 0.0003851001831357192}. Best is trial 3 with value: 0.55.
[I 2025-05-07 04:19:52,858] Trial 27 finished with value: 0.55 and parameters: {'C': 0.28686881639530426, 'gamma': 0.00010277725383802884}. Best is trial 3 with value: 0.55.
[I 2025-05-07 04:19:52,880] Trial 28 finished with value: 0.3 and parameters: {'C': 4.283133794093583, 'gamma': 0.003742846644979556}. Best is trial 3 with value: 0.55.
[I 2025-05-07 04:19:52,905] Trial 29 finished with value: 0.55 and parameters: {'C': 0.05138800387439646, 'gamma': 0.0002107850998845556}. Best is trial 3 with value: 0.55.
/data/home/rtabares/anaconda3/envs/pyth3.12/lib/python3.12/site-packages/xgboost/core.py:377: FutureWarning: Your system has an old version of glibc (< 2.28). We will stop supporting Linux distros with glibc older than 2.28 after **May 31, 2025**. Please upgrade to a recent Linux distro (with glibc >= 2.28) to use future versions of XGBoost.
Note: You have installed the 'manylinux2014' variant of XGBoost. Certain features such as GPU algorithms or federated learning are not available. To use these features, please upgrade to a recent Linux distro with glibc 2.28+, and install the 'manylinux_2_28' variant.
  warnings.warn(
[I 2025-05-07 04:19:55,919] A new study created in memory with name: logreg
Parámetros guardados en checkpoint_shoppers_Doriginal_Roriginal_B/k_center/IPC_10/best_models_k_center_seed_7_space_original/svc_best_params.json


>>> Optuna tuning logreg metodo k_center IPC 10 seed 7


[I 2025-05-07 04:19:57,885] Trial 0 finished with value: 0.45 and parameters: {'C': 0.002407362254570802, 'penalty': 'l2'}. Best is trial 0 with value: 0.45.
[I 2025-05-07 04:19:57,984] Trial 1 finished with value: 0.5 and parameters: {'C': 7.935859334260497, 'penalty': 'l2'}. Best is trial 1 with value: 0.5.
[I 2025-05-07 04:19:58,008] Trial 2 finished with value: 0.55 and parameters: {'C': 0.15561310098067915, 'penalty': 'l2'}. Best is trial 2 with value: 0.55.
[I 2025-05-07 04:19:58,030] Trial 3 finished with value: 0.5 and parameters: {'C': 4.143104515916128, 'penalty': 'l2'}. Best is trial 2 with value: 0.55.
[I 2025-05-07 04:19:58,063] Trial 4 finished with value: 0.5 and parameters: {'C': 77.61533923098803, 'penalty': 'l2'}. Best is trial 2 with value: 0.55.
[I 2025-05-07 04:19:58,086] Trial 5 finished with value: 0.55 and parameters: {'C': 0.49258292359934785, 'penalty': 'l2'}. Best is trial 2 with value: 0.55.
[I 2025-05-07 04:19:58,109] Trial 6 finished with value: 0.55 and parameters: {'C': 0.320333470047146, 'penalty': 'l2'}. Best is trial 2 with value: 0.55.
[I 2025-05-07 04:19:58,132] Trial 7 finished with value: 0.45 and parameters: {'C': 0.002292216671132896, 'penalty': 'l2'}. Best is trial 2 with value: 0.55.
[I 2025-05-07 04:19:58,144] Trial 8 finished with value: 0.55 and parameters: {'C': 0.0219884643872214, 'penalty': 'l2'}. Best is trial 2 with value: 0.55.
[I 2025-05-07 04:19:58,167] Trial 9 finished with value: 0.55 and parameters: {'C': 0.31580027519646636, 'penalty': 'l2'}. Best is trial 2 with value: 0.55.
[I 2025-05-07 04:19:58,193] Trial 10 finished with value: 0.55 and parameters: {'C': 0.02610892654148189, 'penalty': 'l2'}. Best is trial 2 with value: 0.55.
[I 2025-05-07 04:19:58,844] Trial 11 finished with value: 0.55 and parameters: {'C': 0.32414855431568795, 'penalty': 'l2'}. Best is trial 2 with value: 0.55.
[I 2025-05-07 04:19:59,491] Trial 12 finished with value: 0.55 and parameters: {'C': 0.04536296788580951, 'penalty': 'l2'}. Best is trial 2 with value: 0.55.
[I 2025-05-07 04:19:59,524] Trial 13 finished with value: 0.5 and parameters: {'C': 4.4447623889287895, 'penalty': 'l2'}. Best is trial 2 with value: 0.55.
[I 2025-05-07 04:19:59,556] Trial 14 finished with value: 0.55 and parameters: {'C': 0.9005594398499939, 'penalty': 'l2'}. Best is trial 2 with value: 0.55.
[I 2025-05-07 04:19:59,586] Trial 15 finished with value: 0.55 and parameters: {'C': 0.0756311862666443, 'penalty': 'l2'}. Best is trial 2 with value: 0.55.
[I 2025-05-07 04:19:59,604] Trial 16 finished with value: 0.5 and parameters: {'C': 0.006758566022337437, 'penalty': 'l2'}. Best is trial 2 with value: 0.55.
[I 2025-05-07 04:20:00,238] Trial 17 finished with value: 0.5 and parameters: {'C': 1.567899102196602, 'penalty': 'l2'}. Best is trial 2 with value: 0.55.
[I 2025-05-07 04:20:00,269] Trial 18 finished with value: 0.5 and parameters: {'C': 34.61398619342333, 'penalty': 'l2'}. Best is trial 2 with value: 0.55.
[I 2025-05-07 04:20:00,896] Trial 19 finished with value: 0.55 and parameters: {'C': 0.09921073617450556, 'penalty': 'l2'}. Best is trial 2 with value: 0.55.
[I 2025-05-07 04:20:00,927] Trial 20 finished with value: 0.55 and parameters: {'C': 1.0529891380402472, 'penalty': 'l2'}. Best is trial 2 with value: 0.55.
[I 2025-05-07 04:20:00,958] Trial 21 finished with value: 0.55 and parameters: {'C': 0.25330847994655187, 'penalty': 'l2'}. Best is trial 2 with value: 0.55.
[I 2025-05-07 04:20:00,989] Trial 22 finished with value: 0.55 and parameters: {'C': 0.20767857999802444, 'penalty': 'l2'}. Best is trial 2 with value: 0.55.
[I 2025-05-07 04:20:01,011] Trial 23 finished with value: 0.5 and parameters: {'C': 0.00945879753368109, 'penalty': 'l2'}. Best is trial 2 with value: 0.55.
[I 2025-05-07 04:20:01,040] Trial 24 finished with value: 0.55 and parameters: {'C': 0.646925228238625, 'penalty': 'l2'}. Best is trial 2 with value: 0.55.
[I 2025-05-07 04:20:01,070] Trial 25 finished with value: 0.55 and parameters: {'C': 0.14145850405622154, 'penalty': 'l2'}. Best is trial 2 with value: 0.55.
[I 2025-05-07 04:20:01,099] Trial 26 finished with value: 0.5 and parameters: {'C': 2.4547414425166623, 'penalty': 'l2'}. Best is trial 2 with value: 0.55.
[I 2025-05-07 04:20:01,141] Trial 27 finished with value: 0.5 and parameters: {'C': 12.416075703888504, 'penalty': 'l2'}. Best is trial 2 with value: 0.55.
[I 2025-05-07 04:20:01,174] Trial 28 finished with value: 0.55 and parameters: {'C': 0.6263618596951815, 'penalty': 'l2'}. Best is trial 2 with value: 0.55.
[I 2025-05-07 04:20:01,204] Trial 29 finished with value: 0.55 and parameters: {'C': 0.057016898810360386, 'penalty': 'l2'}. Best is trial 2 with value: 0.55.
/data/home/rtabares/anaconda3/envs/pyth3.12/lib/python3.12/site-packages/xgboost/core.py:377: FutureWarning: Your system has an old version of glibc (< 2.28). We will stop supporting Linux distros with glibc older than 2.28 after **May 31, 2025**. Please upgrade to a recent Linux distro (with glibc >= 2.28) to use future versions of XGBoost.
Note: You have installed the 'manylinux2014' variant of XGBoost. Certain features such as GPU algorithms or federated learning are not available. To use these features, please upgrade to a recent Linux distro with glibc 2.28+, and install the 'manylinux_2_28' variant.
  warnings.warn(
[I 2025-05-07 04:20:04,822] A new study created in memory with name: mlp
Parámetros guardados en checkpoint_shoppers_Doriginal_Roriginal_B/k_center/IPC_10/best_models_k_center_seed_7_space_original/logreg_best_params.json


>>> Optuna tuning mlp metodo k_center IPC 10 seed 7


/data/home/rtabares/anaconda3/envs/pyth3.12/lib/python3.12/site-packages/sklearn/neural_network/_multilayer_perceptron.py:691: ConvergenceWarning: Stochastic Optimizer: Maximum iterations (100) reached and the optimization hasn't converged yet.
  warnings.warn(
/data/home/rtabares/anaconda3/envs/pyth3.12/lib/python3.12/site-packages/sklearn/neural_network/_multilayer_perceptron.py:691: ConvergenceWarning: Stochastic Optimizer: Maximum iterations (100) reached and the optimization hasn't converged yet.
  warnings.warn(
/data/home/rtabares/anaconda3/envs/pyth3.12/lib/python3.12/site-packages/sklearn/neural_network/_multilayer_perceptron.py:691: ConvergenceWarning: Stochastic Optimizer: Maximum iterations (100) reached and the optimization hasn't converged yet.
  warnings.warn(
/data/home/rtabares/anaconda3/envs/pyth3.12/lib/python3.12/site-packages/sklearn/neural_network/_multilayer_perceptron.py:691: ConvergenceWarning: Stochastic Optimizer: Maximum iterations (100) reached and the optimization hasn't converged yet.
  warnings.warn(
/data/home/rtabares/anaconda3/envs/pyth3.12/lib/python3.12/site-packages/sklearn/neural_network/_multilayer_perceptron.py:691: ConvergenceWarning: Stochastic Optimizer: Maximum iterations (100) reached and the optimization hasn't converged yet.
  warnings.warn(
[I 2025-05-07 04:20:06,165] Trial 0 finished with value: 0.35 and parameters: {'hidden_layer_sizes': (200,), 'max_iter': 100, 'alpha': 0.0001}. Best is trial 0 with value: 0.35.
/data/home/rtabares/anaconda3/envs/pyth3.12/lib/python3.12/site-packages/sklearn/neural_network/_multilayer_perceptron.py:691: ConvergenceWarning: Stochastic Optimizer: Maximum iterations (100) reached and the optimization hasn't converged yet.
  warnings.warn(
/data/home/rtabares/anaconda3/envs/pyth3.12/lib/python3.12/site-packages/sklearn/neural_network/_multilayer_perceptron.py:691: ConvergenceWarning: Stochastic Optimizer: Maximum iterations (100) reached and the optimization hasn't converged yet.
  warnings.warn(
/data/home/rtabares/anaconda3/envs/pyth3.12/lib/python3.12/site-packages/sklearn/neural_network/_multilayer_perceptron.py:691: ConvergenceWarning: Stochastic Optimizer: Maximum iterations (100) reached and the optimization hasn't converged yet.
  warnings.warn(
/data/home/rtabares/anaconda3/envs/pyth3.12/lib/python3.12/site-packages/sklearn/neural_network/_multilayer_perceptron.py:691: ConvergenceWarning: Stochastic Optimizer: Maximum iterations (100) reached and the optimization hasn't converged yet.
  warnings.warn(
/data/home/rtabares/anaconda3/envs/pyth3.12/lib/python3.12/site-packages/sklearn/neural_network/_multilayer_perceptron.py:691: ConvergenceWarning: Stochastic Optimizer: Maximum iterations (100) reached and the optimization hasn't converged yet.
  warnings.warn(
[I 2025-05-07 04:20:06,286] Trial 1 finished with value: 0.25 and parameters: {'hidden_layer_sizes': (100, 100), 'max_iter': 100, 'alpha': 0.0001}. Best is trial 0 with value: 0.35.
/data/home/rtabares/anaconda3/envs/pyth3.12/lib/python3.12/site-packages/sklearn/neural_network/_multilayer_perceptron.py:691: ConvergenceWarning: Stochastic Optimizer: Maximum iterations (100) reached and the optimization hasn't converged yet.
  warnings.warn(
/data/home/rtabares/anaconda3/envs/pyth3.12/lib/python3.12/site-packages/sklearn/neural_network/_multilayer_perceptron.py:691: ConvergenceWarning: Stochastic Optimizer: Maximum iterations (100) reached and the optimization hasn't converged yet.
  warnings.warn(
/data/home/rtabares/anaconda3/envs/pyth3.12/lib/python3.12/site-packages/sklearn/neural_network/_multilayer_perceptron.py:691: ConvergenceWarning: Stochastic Optimizer: Maximum iterations (100) reached and the optimization hasn't converged yet.
  warnings.warn(
/data/home/rtabares/anaconda3/envs/pyth3.12/lib/python3.12/site-packages/sklearn/neural_network/_multilayer_perceptron.py:691: ConvergenceWarning: Stochastic Optimizer: Maximum iterations (100) reached and the optimization hasn't converged yet.
  warnings.warn(
/data/home/rtabares/anaconda3/envs/pyth3.12/lib/python3.12/site-packages/sklearn/neural_network/_multilayer_perceptron.py:691: ConvergenceWarning: Stochastic Optimizer: Maximum iterations (100) reached and the optimization hasn't converged yet.
  warnings.warn(
[I 2025-05-07 04:20:06,350] Trial 2 finished with value: 0.35 and parameters: {'hidden_layer_sizes': (200,), 'max_iter': 100, 'alpha': 0.001}. Best is trial 0 with value: 0.35.
/data/home/rtabares/anaconda3/envs/pyth3.12/lib/python3.12/site-packages/sklearn/neural_network/_multilayer_perceptron.py:691: ConvergenceWarning: Stochastic Optimizer: Maximum iterations (50) reached and the optimization hasn't converged yet.
  warnings.warn(
/data/home/rtabares/anaconda3/envs/pyth3.12/lib/python3.12/site-packages/sklearn/neural_network/_multilayer_perceptron.py:691: ConvergenceWarning: Stochastic Optimizer: Maximum iterations (50) reached and the optimization hasn't converged yet.
  warnings.warn(
/data/home/rtabares/anaconda3/envs/pyth3.12/lib/python3.12/site-packages/sklearn/neural_network/_multilayer_perceptron.py:691: ConvergenceWarning: Stochastic Optimizer: Maximum iterations (50) reached and the optimization hasn't converged yet.
  warnings.warn(
/data/home/rtabares/anaconda3/envs/pyth3.12/lib/python3.12/site-packages/sklearn/neural_network/_multilayer_perceptron.py:691: ConvergenceWarning: Stochastic Optimizer: Maximum iterations (50) reached and the optimization hasn't converged yet.
  warnings.warn(
/data/home/rtabares/anaconda3/envs/pyth3.12/lib/python3.12/site-packages/sklearn/neural_network/_multilayer_perceptron.py:691: ConvergenceWarning: Stochastic Optimizer: Maximum iterations (50) reached and the optimization hasn't converged yet.
  warnings.warn(
