[I 2025-05-07 07:33:08,130] Trial 7 finished with value: 0.8333333333333334 and parameters: {'n_estimators': 40, 'max_depth': 5, 'gamma': 0.4997010655396419, 'subsample': 0.7490698051808964, 'colsample_bytree': 0.7071731623998108}. Best is trial 0 with value: 0.85.
/data/home/rtabares/anaconda3/envs/pyth3.12/lib/python3.12/site-packages/xgboost/core.py:377: FutureWarning: Your system has an old version of glibc (< 2.28). We will stop supporting Linux distros with glibc older than 2.28 after **May 31, 2025**. Please upgrade to a recent Linux distro (with glibc >= 2.28) to use future versions of XGBoost.
Note: You have installed the 'manylinux2014' variant of XGBoost. Certain features such as GPU algorithms or federated learning are not available. To use these features, please upgrade to a recent Linux distro with glibc 2.28+, and install the 'manylinux_2_28' variant.
  warnings.warn(
/data/home/rtabares/anaconda3/envs/pyth3.12/lib/python3.12/site-packages/xgboost/core.py:377: FutureWarning: Your system has an old version of glibc (< 2.28). We will stop supporting Linux distros with glibc older than 2.28 after **May 31, 2025**. Please upgrade to a recent Linux distro (with glibc >= 2.28) to use future versions of XGBoost.
Note: You have installed the 'manylinux2014' variant of XGBoost. Certain features such as GPU algorithms or federated learning are not available. To use these features, please upgrade to a recent Linux distro with glibc 2.28+, and install the 'manylinux_2_28' variant.
  warnings.warn(
[I 2025-05-07 07:33:08,205] Trial 8 finished with value: 0.85 and parameters: {'n_estimators': 100, 'max_depth': 5, 'gamma': 0.5449029446194361, 'subsample': 0.7150234071055932, 'colsample_bytree': 0.8673829085180849}. Best is trial 0 with value: 0.85.
/data/home/rtabares/anaconda3/envs/pyth3.12/lib/python3.12/site-packages/xgboost/core.py:377: FutureWarning: Your system has an old version of glibc (< 2.28). We will stop supporting Linux distros with glibc older than 2.28 after **May 31, 2025**. Please upgrade to a recent Linux distro (with glibc >= 2.28) to use future versions of XGBoost.
Note: You have installed the 'manylinux2014' variant of XGBoost. Certain features such as GPU algorithms or federated learning are not available. To use these features, please upgrade to a recent Linux distro with glibc 2.28+, and install the 'manylinux_2_28' variant.
  warnings.warn(
/data/home/rtabares/anaconda3/envs/pyth3.12/lib/python3.12/site-packages/xgboost/core.py:377: FutureWarning: Your system has an old version of glibc (< 2.28). We will stop supporting Linux distros with glibc older than 2.28 after **May 31, 2025**. Please upgrade to a recent Linux distro (with glibc >= 2.28) to use future versions of XGBoost.
Note: You have installed the 'manylinux2014' variant of XGBoost. Certain features such as GPU algorithms or federated learning are not available. To use these features, please upgrade to a recent Linux distro with glibc 2.28+, and install the 'manylinux_2_28' variant.
  warnings.warn(
/data/home/rtabares/anaconda3/envs/pyth3.12/lib/python3.12/site-packages/xgboost/core.py:377: FutureWarning: Your system has an old version of glibc (< 2.28). We will stop supporting Linux distros with glibc older than 2.28 after **May 31, 2025**. Please upgrade to a recent Linux distro (with glibc >= 2.28) to use future versions of XGBoost.
Note: You have installed the 'manylinux2014' variant of XGBoost. Certain features such as GPU algorithms or federated learning are not available. To use these features, please upgrade to a recent Linux distro with glibc 2.28+, and install the 'manylinux_2_28' variant.
  warnings.warn(
/data/home/rtabares/anaconda3/envs/pyth3.12/lib/python3.12/site-packages/xgboost/core.py:377: FutureWarning: Your system has an old version of glibc (< 2.28). We will stop supporting Linux distros with glibc older than 2.28 after **May 31, 2025**. Please upgrade to a recent Linux distro (with glibc >= 2.28) to use future versions of XGBoost.
Note: You have installed the 'manylinux2014' variant of XGBoost. Certain features such as GPU algorithms or federated learning are not available. To use these features, please upgrade to a recent Linux distro with glibc 2.28+, and install the 'manylinux_2_28' variant.
  warnings.warn(
[I 2025-05-07 07:33:08,280] Trial 9 finished with value: 0.85 and parameters: {'n_estimators': 100, 'max_depth': 30, 'gamma': 0.5427360453562716, 'subsample': 0.5915763668266103, 'colsample_bytree': 0.5546552575823498}. Best is trial 0 with value: 0.85.
/data/home/rtabares/anaconda3/envs/pyth3.12/lib/python3.12/site-packages/xgboost/core.py:377: FutureWarning: Your system has an old version of glibc (< 2.28). We will stop supporting Linux distros with glibc older than 2.28 after **May 31, 2025**. Please upgrade to a recent Linux distro (with glibc >= 2.28) to use future versions of XGBoost.
Note: You have installed the 'manylinux2014' variant of XGBoost. Certain features such as GPU algorithms or federated learning are not available. To use these features, please upgrade to a recent Linux distro with glibc 2.28+, and install the 'manylinux_2_28' variant.
  warnings.warn(
/data/home/rtabares/anaconda3/envs/pyth3.12/lib/python3.12/site-packages/xgboost/core.py:377: FutureWarning: Your system has an old version of glibc (< 2.28). We will stop supporting Linux distros with glibc older than 2.28 after **May 31, 2025**. Please upgrade to a recent Linux distro (with glibc >= 2.28) to use future versions of XGBoost.
Note: You have installed the 'manylinux2014' variant of XGBoost. Certain features such as GPU algorithms or federated learning are not available. To use these features, please upgrade to a recent Linux distro with glibc 2.28+, and install the 'manylinux_2_28' variant.
  warnings.warn(
[I 2025-05-07 07:33:08,346] Trial 10 finished with value: 0.85 and parameters: {'n_estimators': 40, 'max_depth': 30, 'gamma': 0.14684638844211245, 'subsample': 0.5183047662344111, 'colsample_bytree': 0.6399757283243361}. Best is trial 0 with value: 0.85.
/data/home/rtabares/anaconda3/envs/pyth3.12/lib/python3.12/site-packages/xgboost/core.py:377: FutureWarning: Your system has an old version of glibc (< 2.28). We will stop supporting Linux distros with glibc older than 2.28 after **May 31, 2025**. Please upgrade to a recent Linux distro (with glibc >= 2.28) to use future versions of XGBoost.
Note: You have installed the 'manylinux2014' variant of XGBoost. Certain features such as GPU algorithms or federated learning are not available. To use these features, please upgrade to a recent Linux distro with glibc 2.28+, and install the 'manylinux_2_28' variant.
  warnings.warn(
[I 2025-05-07 07:33:09,278] Trial 11 finished with value: 0.85 and parameters: {'n_estimators': 40, 'max_depth': 20, 'gamma': 0.9945042133096054, 'subsample': 0.9683640491533567, 'colsample_bytree': 0.7801355547052821}. Best is trial 0 with value: 0.85.
[I 2025-05-07 07:33:09,321] Trial 12 finished with value: 0.85 and parameters: {'n_estimators': 40, 'max_depth': 20, 'gamma': 0.930267645627324, 'subsample': 0.8526806018302417, 'colsample_bytree': 0.6333876960872653}. Best is trial 0 with value: 0.85.
[I 2025-05-07 07:33:09,366] Trial 13 finished with value: 0.85 and parameters: {'n_estimators': 40, 'max_depth': 20, 'gamma': 0.7649336695904856, 'subsample': 0.8393895691845602, 'colsample_bytree': 0.9890856865033825}. Best is trial 0 with value: 0.85.
[I 2025-05-07 07:33:09,414] Trial 14 finished with value: 0.8666666666666668 and parameters: {'n_estimators': 10, 'max_depth': 30, 'gamma': 0.35417835397684716, 'subsample': 0.6136941516344196, 'colsample_bytree': 0.7370565822719111}. Best is trial 14 with value: 0.8666666666666668.
/data/home/rtabares/anaconda3/envs/pyth3.12/lib/python3.12/site-packages/xgboost/core.py:377: FutureWarning: Your system has an old version of glibc (< 2.28). We will stop supporting Linux distros with glibc older than 2.28 after **May 31, 2025**. Please upgrade to a recent Linux distro (with glibc >= 2.28) to use future versions of XGBoost.
Note: You have installed the 'manylinux2014' variant of XGBoost. Certain features such as GPU algorithms or federated learning are not available. To use these features, please upgrade to a recent Linux distro with glibc 2.28+, and install the 'manylinux_2_28' variant.
  warnings.warn(
[I 2025-05-07 07:33:10,516] Trial 15 finished with value: 0.85 and parameters: {'n_estimators': 10, 'max_depth': 30, 'gamma': 0.35329466441380575, 'subsample': 0.6279515353387253, 'colsample_bytree': 0.7155253883752144}. Best is trial 14 with value: 0.8666666666666668.
[I 2025-05-07 07:33:10,572] Trial 16 finished with value: 0.85 and parameters: {'n_estimators': 10, 'max_depth': 30, 'gamma': 0.3763088426938654, 'subsample': 0.5265430700079919, 'colsample_bytree': 0.6038277667357236}. Best is trial 14 with value: 0.8666666666666668.
/data/home/rtabares/anaconda3/envs/pyth3.12/lib/python3.12/site-packages/xgboost/core.py:377: FutureWarning: Your system has an old version of glibc (< 2.28). We will stop supporting Linux distros with glibc older than 2.28 after **May 31, 2025**. Please upgrade to a recent Linux distro (with glibc >= 2.28) to use future versions of XGBoost.
Note: You have installed the 'manylinux2014' variant of XGBoost. Certain features such as GPU algorithms or federated learning are not available. To use these features, please upgrade to a recent Linux distro with glibc 2.28+, and install the 'manylinux_2_28' variant.
  warnings.warn(
/data/home/rtabares/anaconda3/envs/pyth3.12/lib/python3.12/site-packages/xgboost/core.py:377: FutureWarning: Your system has an old version of glibc (< 2.28). We will stop supporting Linux distros with glibc older than 2.28 after **May 31, 2025**. Please upgrade to a recent Linux distro (with glibc >= 2.28) to use future versions of XGBoost.
Note: You have installed the 'manylinux2014' variant of XGBoost. Certain features such as GPU algorithms or federated learning are not available. To use these features, please upgrade to a recent Linux distro with glibc 2.28+, and install the 'manylinux_2_28' variant.
  warnings.warn(
[I 2025-05-07 07:33:11,587] Trial 17 finished with value: 0.8666666666666668 and parameters: {'n_estimators': 10, 'max_depth': 30, 'gamma': 0.3880588388646638, 'subsample': 0.6675220678609638, 'colsample_bytree': 0.772957154919895}. Best is trial 14 with value: 0.8666666666666668.
[I 2025-05-07 07:33:11,639] Trial 18 finished with value: 0.85 and parameters: {'n_estimators': 10, 'max_depth': 30, 'gamma': 0.15106535506308777, 'subsample': 0.6770074448938461, 'colsample_bytree': 0.7742568591196096}. Best is trial 14 with value: 0.8666666666666668.
[I 2025-05-07 07:33:11,676] Trial 19 finished with value: 0.8666666666666668 and parameters: {'n_estimators': 10, 'max_depth': 30, 'gamma': 0.2768675840503154, 'subsample': 0.5723675734332824, 'colsample_bytree': 0.8264830605549721}. Best is trial 14 with value: 0.8666666666666668.
/data/home/rtabares/anaconda3/envs/pyth3.12/lib/python3.12/site-packages/xgboost/core.py:377: FutureWarning: Your system has an old version of glibc (< 2.28). We will stop supporting Linux distros with glibc older than 2.28 after **May 31, 2025**. Please upgrade to a recent Linux distro (with glibc >= 2.28) to use future versions of XGBoost.
Note: You have installed the 'manylinux2014' variant of XGBoost. Certain features such as GPU algorithms or federated learning are not available. To use these features, please upgrade to a recent Linux distro with glibc 2.28+, and install the 'manylinux_2_28' variant.
  warnings.warn(
[I 2025-05-07 07:33:12,628] Trial 20 finished with value: 0.8333333333333334 and parameters: {'n_estimators': 10, 'max_depth': 30, 'gamma': 0.4021056278328454, 'subsample': 0.6635370098172514, 'colsample_bytree': 0.709326544647671}. Best is trial 14 with value: 0.8666666666666668.
[I 2025-05-07 07:33:12,662] Trial 21 finished with value: 0.8666666666666668 and parameters: {'n_estimators': 10, 'max_depth': 30, 'gamma': 0.2555742642461366, 'subsample': 0.5623860499759368, 'colsample_bytree': 0.8115612415641156}. Best is trial 14 with value: 0.8666666666666668.
[I 2025-05-07 07:33:12,690] Trial 22 finished with value: 0.8666666666666668 and parameters: {'n_estimators': 10, 'max_depth': 30, 'gamma': 0.2723880502773236, 'subsample': 0.5694098451469382, 'colsample_bytree': 0.7483435673416204}. Best is trial 14 with value: 0.8666666666666668.
[I 2025-05-07 07:33:12,718] Trial 23 finished with value: 0.8666666666666668 and parameters: {'n_estimators': 10, 'max_depth': 30, 'gamma': 0.3259721545420541, 'subsample': 0.786353179653515, 'colsample_bytree': 0.8381561662867651}. Best is trial 14 with value: 0.8666666666666668.
[I 2025-05-07 07:33:12,759] Trial 24 finished with value: 0.85 and parameters: {'n_estimators': 10, 'max_depth': 30, 'gamma': 0.42475929809878243, 'subsample': 0.675863017833423, 'colsample_bytree': 0.6784886416139655}. Best is trial 14 with value: 0.8666666666666668.
[I 2025-05-07 07:33:12,787] Trial 25 finished with value: 0.8333333333333334 and parameters: {'n_estimators': 10, 'max_depth': 30, 'gamma': 0.18211867200955006, 'subsample': 0.5464864205303251, 'colsample_bytree': 0.7808346419600888}. Best is trial 14 with value: 0.8666666666666668.
[I 2025-05-07 07:33:12,846] Trial 26 finished with value: 0.8666666666666668 and parameters: {'n_estimators': 10, 'max_depth': 30, 'gamma': 0.20683593223249622, 'subsample': 0.5977684533616433, 'colsample_bytree': 0.746353214827724}. Best is trial 14 with value: 0.8666666666666668.
[I 2025-05-07 07:33:12,893] Trial 27 finished with value: 0.85 and parameters: {'n_estimators': 10, 'max_depth': 30, 'gamma': 0.10428830929874078, 'subsample': 0.6536241220543284, 'colsample_bytree': 0.8832942315859356}. Best is trial 14 with value: 0.8666666666666668.
[I 2025-05-07 07:33:12,918] Trial 28 finished with value: 0.8666666666666668 and parameters: {'n_estimators': 10, 'max_depth': 5, 'gamma': 0.4483253411156839, 'subsample': 0.7840550673131016, 'colsample_bytree': 0.8053721963113092}. Best is trial 14 with value: 0.8666666666666668.
[I 2025-05-07 07:33:12,952] Trial 29 finished with value: 0.85 and parameters: {'n_estimators': 10, 'max_depth': 30, 'gamma': 0.29809042610184683, 'subsample': 0.6318699479143354, 'colsample_bytree': 0.8501962135026516}. Best is trial 14 with value: 0.8666666666666668.
[I 2025-05-07 07:33:20,379] A new study created in memory with name: rf
Parámetros guardados en checkpoint_shoppers_Doriginal_Roriginal_C/random/IPC_30/best_models_random_seed_9_space_original/xgb_best_params.json


>>> Optuna tuning rf metodo random IPC 30 seed 9


[I 2025-05-07 07:33:21,947] Trial 0 finished with value: 0.8 and parameters: {'n_estimators': 104, 'max_depth': 12, 'min_samples_split': 6, 'min_samples_leaf': 2}. Best is trial 0 with value: 0.8.
[I 2025-05-07 07:33:22,220] Trial 1 finished with value: 0.8166666666666668 and parameters: {'n_estimators': 156, 'max_depth': 6, 'min_samples_split': 5, 'min_samples_leaf': 3}. Best is trial 1 with value: 0.8166666666666668.
[I 2025-05-07 07:33:22,398] Trial 2 finished with value: 0.7833333333333334 and parameters: {'n_estimators': 133, 'max_depth': 9, 'min_samples_split': 3, 'min_samples_leaf': 9}. Best is trial 1 with value: 0.8166666666666668.
[I 2025-05-07 07:33:23,001] Trial 3 finished with value: 0.8 and parameters: {'n_estimators': 481, 'max_depth': 3, 'min_samples_split': 8, 'min_samples_leaf': 6}. Best is trial 1 with value: 0.8166666666666668.
[I 2025-05-07 07:33:23,574] Trial 4 finished with value: 0.7833333333333333 and parameters: {'n_estimators': 460, 'max_depth': 15, 'min_samples_split': 6, 'min_samples_leaf': 8}. Best is trial 1 with value: 0.8166666666666668.
[I 2025-05-07 07:33:23,913] Trial 5 finished with value: 0.8 and parameters: {'n_estimators': 254, 'max_depth': 15, 'min_samples_split': 9, 'min_samples_leaf': 5}. Best is trial 1 with value: 0.8166666666666668.
[I 2025-05-07 07:33:24,455] Trial 6 finished with value: 0.8 and parameters: {'n_estimators': 477, 'max_depth': 17, 'min_samples_split': 10, 'min_samples_leaf': 2}. Best is trial 1 with value: 0.8166666666666668.
[I 2025-05-07 07:33:24,847] Trial 7 finished with value: 0.8333333333333334 and parameters: {'n_estimators': 308, 'max_depth': 20, 'min_samples_split': 7, 'min_samples_leaf': 9}. Best is trial 7 with value: 0.8333333333333334.
[I 2025-05-07 07:33:25,419] Trial 8 finished with value: 0.7833333333333334 and parameters: {'n_estimators': 489, 'max_depth': 6, 'min_samples_split': 4, 'min_samples_leaf': 9}. Best is trial 7 with value: 0.8333333333333334.
[I 2025-05-07 07:33:25,948] Trial 9 finished with value: 0.8 and parameters: {'n_estimators': 463, 'max_depth': 16, 'min_samples_split': 5, 'min_samples_leaf': 5}. Best is trial 7 with value: 0.8333333333333334.
[I 2025-05-07 07:33:26,423] Trial 10 finished with value: 0.8 and parameters: {'n_estimators': 349, 'max_depth': 20, 'min_samples_split': 8, 'min_samples_leaf': 10}. Best is trial 7 with value: 0.8333333333333334.
[I 2025-05-07 07:33:27,417] Trial 11 finished with value: 0.8 and parameters: {'n_estimators': 233, 'max_depth': 9, 'min_samples_split': 2, 'min_samples_leaf': 3}. Best is trial 7 with value: 0.8333333333333334.
[I 2025-05-07 07:33:28,482] Trial 12 finished with value: 0.7833333333333333 and parameters: {'n_estimators': 352, 'max_depth': 20, 'min_samples_split': 7, 'min_samples_leaf': 7}. Best is trial 7 with value: 0.8333333333333334.
[I 2025-05-07 07:33:29,370] Trial 13 finished with value: 0.8166666666666668 and parameters: {'n_estimators': 194, 'max_depth': 3, 'min_samples_split': 5, 'min_samples_leaf': 4}. Best is trial 7 with value: 0.8333333333333334.
[I 2025-05-07 07:33:29,758] Trial 14 finished with value: 0.8 and parameters: {'n_estimators': 319, 'max_depth': 11, 'min_samples_split': 7, 'min_samples_leaf': 1}. Best is trial 7 with value: 0.8333333333333334.
[I 2025-05-07 07:33:30,233] Trial 15 finished with value: 0.8 and parameters: {'n_estimators': 410, 'max_depth': 7, 'min_samples_split': 4, 'min_samples_leaf': 7}. Best is trial 7 with value: 0.8333333333333334.
[I 2025-05-07 07:33:30,496] Trial 16 finished with value: 0.8166666666666668 and parameters: {'n_estimators': 176, 'max_depth': 13, 'min_samples_split': 5, 'min_samples_leaf': 4}. Best is trial 7 with value: 0.8333333333333334.
[I 2025-05-07 07:33:30,840] Trial 17 finished with value: 0.7833333333333333 and parameters: {'n_estimators': 277, 'max_depth': 5, 'min_samples_split': 6, 'min_samples_leaf': 10}. Best is trial 7 with value: 0.8333333333333334.
[I 2025-05-07 07:33:31,142] Trial 18 finished with value: 0.7833333333333334 and parameters: {'n_estimators': 214, 'max_depth': 9, 'min_samples_split': 8, 'min_samples_leaf': 3}. Best is trial 7 with value: 0.8333333333333334.
[I 2025-05-07 07:33:31,617] Trial 19 finished with value: 0.7833333333333334 and parameters: {'n_estimators': 405, 'max_depth': 19, 'min_samples_split': 7, 'min_samples_leaf': 6}. Best is trial 7 with value: 0.8333333333333334.
[I 2025-05-07 07:33:31,855] Trial 20 finished with value: 0.8 and parameters: {'n_estimators': 161, 'max_depth': 18, 'min_samples_split': 2, 'min_samples_leaf': 1}. Best is trial 7 with value: 0.8333333333333334.
[I 2025-05-07 07:33:32,162] Trial 21 finished with value: 0.7833333333333334 and parameters: {'n_estimators': 200, 'max_depth': 3, 'min_samples_split': 5, 'min_samples_leaf': 4}. Best is trial 7 with value: 0.8333333333333334.
[I 2025-05-07 07:33:32,544] Trial 22 finished with value: 0.7833333333333334 and parameters: {'n_estimators': 296, 'max_depth': 5, 'min_samples_split': 4, 'min_samples_leaf': 4}. Best is trial 7 with value: 0.8333333333333334.
[I 2025-05-07 07:33:32,741] Trial 23 finished with value: 0.7833333333333334 and parameters: {'n_estimators': 150, 'max_depth': 4, 'min_samples_split': 5, 'min_samples_leaf': 3}. Best is trial 7 with value: 0.8333333333333334.
[I 2025-05-07 07:33:32,927] Trial 24 finished with value: 0.7333333333333334 and parameters: {'n_estimators': 112, 'max_depth': 7, 'min_samples_split': 3, 'min_samples_leaf': 5}. Best is trial 7 with value: 0.8333333333333334.
[I 2025-05-07 07:33:33,210] Trial 25 finished with value: 0.8 and parameters: {'n_estimators': 195, 'max_depth': 7, 'min_samples_split': 7, 'min_samples_leaf': 2}. Best is trial 7 with value: 0.8333333333333334.
[I 2025-05-07 07:33:33,517] Trial 26 finished with value: 0.7666666666666666 and parameters: {'n_estimators': 238, 'max_depth': 11, 'min_samples_split': 6, 'min_samples_leaf': 7}. Best is trial 7 with value: 0.8333333333333334.
[I 2025-05-07 07:33:33,913] Trial 27 finished with value: 0.8 and parameters: {'n_estimators': 329, 'max_depth': 4, 'min_samples_split': 3, 'min_samples_leaf': 4}. Best is trial 7 with value: 0.8333333333333334.
[I 2025-05-07 07:33:34,228] Trial 28 finished with value: 0.8 and parameters: {'n_estimators': 265, 'max_depth': 8, 'min_samples_split': 4, 'min_samples_leaf': 8}. Best is trial 7 with value: 0.8333333333333334.
[I 2025-05-07 07:33:34,423] Trial 29 finished with value: 0.8333333333333334 and parameters: {'n_estimators': 104, 'max_depth': 13, 'min_samples_split': 6, 'min_samples_leaf': 3}. Best is trial 7 with value: 0.8333333333333334.
[I 2025-05-07 07:33:36,896] A new study created in memory with name: svc
Parámetros guardados en checkpoint_shoppers_Doriginal_Roriginal_C/random/IPC_30/best_models_random_seed_9_space_original/rf_best_params.json


>>> Optuna tuning svc metodo random IPC 30 seed 9


[I 2025-05-07 07:33:39,960] Trial 0 finished with value: 0.7333333333333334 and parameters: {'C': 0.011002632709098882, 'gamma': 0.010174155443038872}. Best is trial 0 with value: 0.7333333333333334.
[I 2025-05-07 07:33:40,109] Trial 1 finished with value: 0.7166666666666667 and parameters: {'C': 0.9618186025955839, 'gamma': 0.00034301895208247704}. Best is trial 0 with value: 0.7333333333333334.
