[I 2025-05-07 04:15:54,213] Trial 29 finished with value: 0.65 and parameters: {'n_estimators': 40, 'max_depth': 5, 'gamma': 0.642988218281808, 'subsample': 0.9071235032947805, 'colsample_bytree': 0.9623864730397538}. Best is trial 12 with value: 0.75.
[I 2025-05-07 04:15:58,950] A new study created in memory with name: rf
Parámetros guardados en checkpoint_shoppers_Doriginal_Roriginal_B/k_center/IPC_10/best_models_k_center_seed_6_space_original/xgb_best_params.json


>>> Optuna tuning rf metodo k_center IPC 10 seed 6


[I 2025-05-07 04:16:00,120] Trial 0 finished with value: 0.5 and parameters: {'n_estimators': 458, 'max_depth': 8, 'min_samples_split': 9, 'min_samples_leaf': 1}. Best is trial 0 with value: 0.5.
[I 2025-05-07 04:16:00,373] Trial 1 finished with value: 0.6 and parameters: {'n_estimators': 143, 'max_depth': 13, 'min_samples_split': 6, 'min_samples_leaf': 5}. Best is trial 1 with value: 0.6.
[I 2025-05-07 04:16:00,712] Trial 2 finished with value: 0.5 and parameters: {'n_estimators': 234, 'max_depth': 14, 'min_samples_split': 5, 'min_samples_leaf': 8}. Best is trial 1 with value: 0.6.
[I 2025-05-07 04:16:01,081] Trial 3 finished with value: 0.5 and parameters: {'n_estimators': 307, 'max_depth': 13, 'min_samples_split': 7, 'min_samples_leaf': 10}. Best is trial 1 with value: 0.6.
[I 2025-05-07 04:16:01,621] Trial 4 finished with value: 0.5 and parameters: {'n_estimators': 428, 'max_depth': 10, 'min_samples_split': 9, 'min_samples_leaf': 9}. Best is trial 1 with value: 0.6.
[I 2025-05-07 04:16:01,850] Trial 5 finished with value: 0.5 and parameters: {'n_estimators': 121, 'max_depth': 15, 'min_samples_split': 9, 'min_samples_leaf': 8}. Best is trial 1 with value: 0.6.
[I 2025-05-07 04:16:02,329] Trial 6 finished with value: 0.5 and parameters: {'n_estimators': 384, 'max_depth': 12, 'min_samples_split': 3, 'min_samples_leaf': 10}. Best is trial 1 with value: 0.6.
[I 2025-05-07 04:16:02,655] Trial 7 finished with value: 0.5 and parameters: {'n_estimators': 261, 'max_depth': 6, 'min_samples_split': 8, 'min_samples_leaf': 10}. Best is trial 1 with value: 0.6.
[I 2025-05-07 04:16:02,964] Trial 8 finished with value: 0.5 and parameters: {'n_estimators': 202, 'max_depth': 15, 'min_samples_split': 7, 'min_samples_leaf': 8}. Best is trial 1 with value: 0.6.
[I 2025-05-07 04:16:03,473] Trial 9 finished with value: 0.55 and parameters: {'n_estimators': 475, 'max_depth': 9, 'min_samples_split': 4, 'min_samples_leaf': 5}. Best is trial 1 with value: 0.6.
[I 2025-05-07 04:16:03,738] Trial 10 finished with value: 0.65 and parameters: {'n_estimators': 135, 'max_depth': 20, 'min_samples_split': 2, 'min_samples_leaf': 4}. Best is trial 10 with value: 0.65.
[I 2025-05-07 04:16:04,577] Trial 11 finished with value: 0.65 and parameters: {'n_estimators': 107, 'max_depth': 20, 'min_samples_split': 2, 'min_samples_leaf': 4}. Best is trial 10 with value: 0.65.
[I 2025-05-07 04:16:05,408] Trial 12 finished with value: 0.5 and parameters: {'n_estimators': 106, 'max_depth': 19, 'min_samples_split': 2, 'min_samples_leaf': 3}. Best is trial 10 with value: 0.65.
[I 2025-05-07 04:16:05,642] Trial 13 finished with value: 0.55 and parameters: {'n_estimators': 201, 'max_depth': 20, 'min_samples_split': 2, 'min_samples_leaf': 3}. Best is trial 10 with value: 0.65.
[I 2025-05-07 04:16:05,896] Trial 14 finished with value: 0.55 and parameters: {'n_estimators': 175, 'max_depth': 18, 'min_samples_split': 4, 'min_samples_leaf': 3}. Best is trial 10 with value: 0.65.
[I 2025-05-07 04:16:06,247] Trial 15 finished with value: 0.55 and parameters: {'n_estimators': 301, 'max_depth': 3, 'min_samples_split': 3, 'min_samples_leaf': 6}. Best is trial 10 with value: 0.65.
[I 2025-05-07 04:16:06,441] Trial 16 finished with value: 0.65 and parameters: {'n_estimators': 151, 'max_depth': 17, 'min_samples_split': 2, 'min_samples_leaf': 1}. Best is trial 10 with value: 0.65.
[I 2025-05-07 04:16:06,814] Trial 17 finished with value: 0.55 and parameters: {'n_estimators': 354, 'max_depth': 17, 'min_samples_split': 4, 'min_samples_leaf': 6}. Best is trial 10 with value: 0.65.
[I 2025-05-07 04:16:06,985] Trial 18 finished with value: 0.55 and parameters: {'n_estimators': 104, 'max_depth': 20, 'min_samples_split': 3, 'min_samples_leaf': 4}. Best is trial 10 with value: 0.65.
[I 2025-05-07 04:16:07,282] Trial 19 finished with value: 0.5 and parameters: {'n_estimators': 261, 'max_depth': 16, 'min_samples_split': 5, 'min_samples_leaf': 2}. Best is trial 10 with value: 0.65.
[I 2025-05-07 04:16:07,507] Trial 20 finished with value: 0.65 and parameters: {'n_estimators': 171, 'max_depth': 18, 'min_samples_split': 5, 'min_samples_leaf': 4}. Best is trial 10 with value: 0.65.
[I 2025-05-07 04:16:07,711] Trial 21 finished with value: 0.7 and parameters: {'n_estimators': 146, 'max_depth': 20, 'min_samples_split': 2, 'min_samples_leaf': 1}. Best is trial 21 with value: 0.7.
[I 2025-05-07 04:16:07,886] Trial 22 finished with value: 0.65 and parameters: {'n_estimators': 142, 'max_depth': 20, 'min_samples_split': 2, 'min_samples_leaf': 2}. Best is trial 21 with value: 0.7.
[I 2025-05-07 04:16:08,122] Trial 23 finished with value: 0.65 and parameters: {'n_estimators': 202, 'max_depth': 18, 'min_samples_split': 3, 'min_samples_leaf': 4}. Best is trial 21 with value: 0.7.
[I 2025-05-07 04:16:08,297] Trial 24 finished with value: 0.55 and parameters: {'n_estimators': 131, 'max_depth': 20, 'min_samples_split': 2, 'min_samples_leaf': 2}. Best is trial 21 with value: 0.7.
[I 2025-05-07 04:16:08,553] Trial 25 finished with value: 0.5 and parameters: {'n_estimators': 180, 'max_depth': 16, 'min_samples_split': 3, 'min_samples_leaf': 7}. Best is trial 21 with value: 0.7.
[I 2025-05-07 04:16:08,850] Trial 26 finished with value: 0.65 and parameters: {'n_estimators': 236, 'max_depth': 19, 'min_samples_split': 4, 'min_samples_leaf': 5}. Best is trial 21 with value: 0.7.
[I 2025-05-07 04:16:09,012] Trial 27 finished with value: 0.6 and parameters: {'n_estimators': 104, 'max_depth': 17, 'min_samples_split': 2, 'min_samples_leaf': 1}. Best is trial 21 with value: 0.7.
[I 2025-05-07 04:16:09,255] Trial 28 finished with value: 0.6 and parameters: {'n_estimators': 173, 'max_depth': 19, 'min_samples_split': 10, 'min_samples_leaf': 4}. Best is trial 21 with value: 0.7.
[I 2025-05-07 04:16:09,794] Trial 29 finished with value: 0.7 and parameters: {'n_estimators': 500, 'max_depth': 5, 'min_samples_split': 3, 'min_samples_leaf': 1}. Best is trial 21 with value: 0.7.
[I 2025-05-07 04:16:12,454] A new study created in memory with name: svc
Parámetros guardados en checkpoint_shoppers_Doriginal_Roriginal_B/k_center/IPC_10/best_models_k_center_seed_6_space_original/rf_best_params.json


>>> Optuna tuning svc metodo k_center IPC 10 seed 6


[I 2025-05-07 04:16:14,679] Trial 0 finished with value: 0.3 and parameters: {'C': 37.27697013499731, 'gamma': 0.0021277432488243223}. Best is trial 0 with value: 0.3.
[I 2025-05-07 04:16:14,791] Trial 1 finished with value: 0.5 and parameters: {'C': 19.271543171162776, 'gamma': 0.00014682043379470554}. Best is trial 1 with value: 0.5.
[I 2025-05-07 04:16:14,808] Trial 2 finished with value: 0.1 and parameters: {'C': 0.0269542169583157, 'gamma': 0.023999835049635022}. Best is trial 1 with value: 0.5.
[I 2025-05-07 04:16:14,822] Trial 3 finished with value: 0.4 and parameters: {'C': 1.3160410886450586, 'gamma': 0.0047340159215720195}. Best is trial 1 with value: 0.5.
[I 2025-05-07 04:16:14,836] Trial 4 finished with value: 0.1 and parameters: {'C': 0.21959952535674737, 'gamma': 0.030908485742507576}. Best is trial 1 with value: 0.5.
[I 2025-05-07 04:16:14,851] Trial 5 finished with value: 0.15 and parameters: {'C': 0.5656733313644114, 'gamma': 0.08780685564625502}. Best is trial 1 with value: 0.5.
[I 2025-05-07 04:16:14,864] Trial 6 finished with value: 0.25 and parameters: {'C': 1.1807165425157664, 'gamma': 0.020674470756231633}. Best is trial 1 with value: 0.5.
[I 2025-05-07 04:16:14,878] Trial 7 finished with value: 0.3 and parameters: {'C': 3.8143486186647126, 'gamma': 0.9138966502602072}. Best is trial 1 with value: 0.5.
[I 2025-05-07 04:16:14,891] Trial 8 finished with value: 0.3 and parameters: {'C': 19.029737066374768, 'gamma': 0.004495766421289856}. Best is trial 1 with value: 0.5.
[I 2025-05-07 04:16:14,906] Trial 9 finished with value: 0.15 and parameters: {'C': 31.994153257994277, 'gamma': 0.19725941020937518}. Best is trial 1 with value: 0.5.
[I 2025-05-07 04:16:14,926] Trial 10 finished with value: 0.5 and parameters: {'C': 96.48544976930573, 'gamma': 0.00012227600695838894}. Best is trial 1 with value: 0.5.
[I 2025-05-07 04:16:15,556] Trial 11 finished with value: 0.5 and parameters: {'C': 85.03243023158656, 'gamma': 0.00011086875428339677}. Best is trial 1 with value: 0.5.
[I 2025-05-07 04:16:16,205] Trial 12 finished with value: 0.55 and parameters: {'C': 7.30045377683191, 'gamma': 0.00011761120437363941}. Best is trial 12 with value: 0.55.
[I 2025-05-07 04:16:16,230] Trial 13 finished with value: 0.5 and parameters: {'C': 7.370049915374183, 'gamma': 0.000582009164639594}. Best is trial 12 with value: 0.55.
[I 2025-05-07 04:16:16,250] Trial 14 finished with value: 0.5 and parameters: {'C': 6.660464740239264, 'gamma': 0.000534943227790429}. Best is trial 12 with value: 0.55.
[I 2025-05-07 04:16:16,271] Trial 15 finished with value: 0.5 and parameters: {'C': 13.253101809659825, 'gamma': 0.0005051449628840604}. Best is trial 12 with value: 0.55.
[I 2025-05-07 04:16:16,294] Trial 16 finished with value: 0.45 and parameters: {'C': 3.2002685643795457, 'gamma': 0.001461100764243362}. Best is trial 12 with value: 0.55.
[I 2025-05-07 04:16:16,320] Trial 17 finished with value: 0.6 and parameters: {'C': 0.13425598827686017, 'gamma': 0.0002977076482950517}. Best is trial 17 with value: 0.6.
[I 2025-05-07 04:16:16,341] Trial 18 finished with value: 0.6 and parameters: {'C': 0.06884001198268863, 'gamma': 0.00030751633618161567}. Best is trial 17 with value: 0.6.
[I 2025-05-07 04:16:16,361] Trial 19 finished with value: 0.6 and parameters: {'C': 0.04442657953936565, 'gamma': 0.00031525954596849424}. Best is trial 17 with value: 0.6.
[I 2025-05-07 04:16:16,989] Trial 20 finished with value: 0.55 and parameters: {'C': 0.09259384516828711, 'gamma': 0.0016137713663161336}. Best is trial 17 with value: 0.6.
[I 2025-05-07 04:16:17,014] Trial 21 finished with value: 0.6 and parameters: {'C': 0.01281282807813415, 'gamma': 0.0003562059182195555}. Best is trial 17 with value: 0.6.
[I 2025-05-07 04:16:17,641] Trial 22 finished with value: 0.6 and parameters: {'C': 0.04454792980750754, 'gamma': 0.0002847143864830103}. Best is trial 17 with value: 0.6.
[I 2025-05-07 04:16:18,274] Trial 23 finished with value: 0.55 and parameters: {'C': 0.15411469455606955, 'gamma': 0.0008059612627519529}. Best is trial 17 with value: 0.6.
[I 2025-05-07 04:16:18,302] Trial 24 finished with value: 0.6 and parameters: {'C': 0.06023942662528112, 'gamma': 0.00026112835498119885}. Best is trial 17 with value: 0.6.
[I 2025-05-07 04:16:18,335] Trial 25 finished with value: 0.5 and parameters: {'C': 0.2955190625980521, 'gamma': 0.00400012842388048}. Best is trial 17 with value: 0.6.
[I 2025-05-07 04:16:18,361] Trial 26 finished with value: 0.55 and parameters: {'C': 0.011854625907015264, 'gamma': 0.0011569094179814236}. Best is trial 17 with value: 0.6.
[I 2025-05-07 04:16:18,383] Trial 27 finished with value: 0.6 and parameters: {'C': 0.022045631423789083, 'gamma': 0.00022964528704496145}. Best is trial 17 with value: 0.6.
[I 2025-05-07 04:16:18,409] Trial 28 finished with value: 0.35 and parameters: {'C': 0.10680380867615862, 'gamma': 0.00935638535958938}. Best is trial 17 with value: 0.6.
[I 2025-05-07 04:16:18,430] Trial 29 finished with value: 0.5 and parameters: {'C': 0.38501779092768934, 'gamma': 0.002835054466425594}. Best is trial 17 with value: 0.6.
/data/home/rtabares/anaconda3/envs/pyth3.12/lib/python3.12/site-packages/xgboost/core.py:377: FutureWarning: Your system has an old version of glibc (< 2.28). We will stop supporting Linux distros with glibc older than 2.28 after **May 31, 2025**. Please upgrade to a recent Linux distro (with glibc >= 2.28) to use future versions of XGBoost.
Note: You have installed the 'manylinux2014' variant of XGBoost. Certain features such as GPU algorithms or federated learning are not available. To use these features, please upgrade to a recent Linux distro with glibc 2.28+, and install the 'manylinux_2_28' variant.
  warnings.warn(
[I 2025-05-07 04:16:20,298] A new study created in memory with name: logreg
[I 2025-05-07 04:16:20,861] Trial 0 finished with value: 0.6 and parameters: {'C': 29.127335430981816, 'penalty': 'l2'}. Best is trial 0 with value: 0.6.
Parámetros guardados en checkpoint_shoppers_Doriginal_Roriginal_B/k_center/IPC_10/best_models_k_center_seed_6_space_original/svc_best_params.json


>>> Optuna tuning logreg metodo k_center IPC 10 seed 6


[I 2025-05-07 04:16:23,118] Trial 1 finished with value: 0.6 and parameters: {'C': 0.045698192893558344, 'penalty': 'l2'}. Best is trial 0 with value: 0.6.
[I 2025-05-07 04:16:23,251] Trial 2 finished with value: 0.6 and parameters: {'C': 12.768668597712947, 'penalty': 'l2'}. Best is trial 0 with value: 0.6.
[I 2025-05-07 04:16:23,278] Trial 3 finished with value: 0.6 and parameters: {'C': 0.0016161554408462638, 'penalty': 'l2'}. Best is trial 0 with value: 0.6.
[I 2025-05-07 04:16:23,303] Trial 4 finished with value: 0.65 and parameters: {'C': 0.0034536903703241734, 'penalty': 'l2'}. Best is trial 4 with value: 0.65.
[I 2025-05-07 04:16:23,328] Trial 5 finished with value: 0.6 and parameters: {'C': 0.9446269266990148, 'penalty': 'l2'}. Best is trial 4 with value: 0.65.
[I 2025-05-07 04:16:23,353] Trial 6 finished with value: 0.6 and parameters: {'C': 0.4457453393648168, 'penalty': 'l2'}. Best is trial 4 with value: 0.65.
[I 2025-05-07 04:16:23,378] Trial 7 finished with value: 0.6 and parameters: {'C': 0.12417585037258261, 'penalty': 'l2'}. Best is trial 4 with value: 0.65.
[I 2025-05-07 04:16:23,402] Trial 8 finished with value: 0.6 and parameters: {'C': 0.04753781830244093, 'penalty': 'l2'}. Best is trial 4 with value: 0.65.
[I 2025-05-07 04:16:23,437] Trial 9 finished with value: 0.6 and parameters: {'C': 1.2959766028194148, 'penalty': 'l2'}. Best is trial 4 with value: 0.65.
[I 2025-05-07 04:16:23,470] Trial 10 finished with value: 0.65 and parameters: {'C': 0.0027493237597083523, 'penalty': 'l2'}. Best is trial 4 with value: 0.65.
[I 2025-05-07 04:16:23,501] Trial 11 finished with value: 0.6 and parameters: {'C': 0.0012903922587109353, 'penalty': 'l2'}. Best is trial 4 with value: 0.65.
[I 2025-05-07 04:16:24,125] Trial 12 finished with value: 0.65 and parameters: {'C': 0.007814964136652761, 'penalty': 'l2'}. Best is trial 4 with value: 0.65.
[I 2025-05-07 04:16:24,752] Trial 13 finished with value: 0.65 and parameters: {'C': 0.00712075304690084, 'penalty': 'l2'}. Best is trial 4 with value: 0.65.
[I 2025-05-07 04:16:24,773] Trial 14 finished with value: 0.65 and parameters: {'C': 0.0036642945744378517, 'penalty': 'l2'}. Best is trial 4 with value: 0.65.
[I 2025-05-07 04:16:24,791] Trial 15 finished with value: 0.6 and parameters: {'C': 0.018188933266140107, 'penalty': 'l2'}. Best is trial 4 with value: 0.65.
[I 2025-05-07 04:16:24,818] Trial 16 finished with value: 0.6 and parameters: {'C': 6.260170331675244, 'penalty': 'l2'}. Best is trial 4 with value: 0.65.
[I 2025-05-07 04:16:25,445] Trial 17 finished with value: 0.6 and parameters: {'C': 0.0010503995386491355, 'penalty': 'l2'}. Best is trial 4 with value: 0.65.
[I 2025-05-07 04:16:25,465] Trial 18 finished with value: 0.6 and parameters: {'C': 0.018244466531449285, 'penalty': 'l2'}. Best is trial 4 with value: 0.65.
[I 2025-05-07 04:16:26,118] Trial 19 finished with value: 0.6 and parameters: {'C': 0.14824518097847333, 'penalty': 'l2'}. Best is trial 4 with value: 0.65.
[I 2025-05-07 04:16:26,775] Trial 20 finished with value: 0.65 and parameters: {'C': 0.004162836737686069, 'penalty': 'l2'}. Best is trial 4 with value: 0.65.
[I 2025-05-07 04:16:26,807] Trial 21 finished with value: 0.65 and parameters: {'C': 0.01093743198369313, 'penalty': 'l2'}. Best is trial 4 with value: 0.65.
[I 2025-05-07 04:16:26,838] Trial 22 finished with value: 0.65 and parameters: {'C': 0.004183394214066762, 'penalty': 'l2'}. Best is trial 4 with value: 0.65.
[I 2025-05-07 04:16:26,870] Trial 23 finished with value: 0.55 and parameters: {'C': 0.03001869347158351, 'penalty': 'l2'}. Best is trial 4 with value: 0.65.
[I 2025-05-07 04:16:26,901] Trial 24 finished with value: 0.65 and parameters: {'C': 0.003158319851185184, 'penalty': 'l2'}. Best is trial 4 with value: 0.65.
[I 2025-05-07 04:16:26,931] Trial 25 finished with value: 0.6 and parameters: {'C': 0.09627747157894878, 'penalty': 'l2'}. Best is trial 4 with value: 0.65.
[I 2025-05-07 04:16:26,962] Trial 26 finished with value: 0.65 and parameters: {'C': 0.008439093715370457, 'penalty': 'l2'}. Best is trial 4 with value: 0.65.
[I 2025-05-07 04:16:26,991] Trial 27 finished with value: 0.65 and parameters: {'C': 0.0019379292244227637, 'penalty': 'l2'}. Best is trial 4 with value: 0.65.
[I 2025-05-07 04:16:27,021] Trial 28 finished with value: 0.65 and parameters: {'C': 0.011947727804128063, 'penalty': 'l2'}. Best is trial 4 with value: 0.65.
[I 2025-05-07 04:16:27,052] Trial 29 finished with value: 0.6 and parameters: {'C': 45.75034886101285, 'penalty': 'l2'}. Best is trial 4 with value: 0.65.
/data/home/rtabares/anaconda3/envs/pyth3.12/lib/python3.12/site-packages/xgboost/core.py:377: FutureWarning: Your system has an old version of glibc (< 2.28). We will stop supporting Linux distros with glibc older than 2.28 after **May 31, 2025**. Please upgrade to a recent Linux distro (with glibc >= 2.28) to use future versions of XGBoost.
Note: You have installed the 'manylinux2014' variant of XGBoost. Certain features such as GPU algorithms or federated learning are not available. To use these features, please upgrade to a recent Linux distro with glibc 2.28+, and install the 'manylinux_2_28' variant.
  warnings.warn(
[I 2025-05-07 04:16:30,155] A new study created in memory with name: mlp
Parámetros guardados en checkpoint_shoppers_Doriginal_Roriginal_B/k_center/IPC_10/best_models_k_center_seed_6_space_original/logreg_best_params.json


>>> Optuna tuning mlp metodo k_center IPC 10 seed 6


/data/home/rtabares/anaconda3/envs/pyth3.12/lib/python3.12/site-packages/sklearn/neural_network/_multilayer_perceptron.py:691: ConvergenceWarning: Stochastic Optimizer: Maximum iterations (100) reached and the optimization hasn't converged yet.
  warnings.warn(
/data/home/rtabares/anaconda3/envs/pyth3.12/lib/python3.12/site-packages/sklearn/neural_network/_multilayer_perceptron.py:691: ConvergenceWarning: Stochastic Optimizer: Maximum iterations (100) reached and the optimization hasn't converged yet.
  warnings.warn(
/data/home/rtabares/anaconda3/envs/pyth3.12/lib/python3.12/site-packages/sklearn/neural_network/_multilayer_perceptron.py:691: ConvergenceWarning: Stochastic Optimizer: Maximum iterations (100) reached and the optimization hasn't converged yet.
  warnings.warn(
/data/home/rtabares/anaconda3/envs/pyth3.12/lib/python3.12/site-packages/sklearn/neural_network/_multilayer_perceptron.py:691: ConvergenceWarning: Stochastic Optimizer: Maximum iterations (100) reached and the optimization hasn't converged yet.
  warnings.warn(
/data/home/rtabares/anaconda3/envs/pyth3.12/lib/python3.12/site-packages/sklearn/neural_network/_multilayer_perceptron.py:691: ConvergenceWarning: Stochastic Optimizer: Maximum iterations (100) reached and the optimization hasn't converged yet.
  warnings.warn(
[I 2025-05-07 04:16:32,150] Trial 0 finished with value: 0.6 and parameters: {'hidden_layer_sizes': (100,), 'max_iter': 100, 'alpha': 0.0001}. Best is trial 0 with value: 0.6.
/data/home/rtabares/anaconda3/envs/pyth3.12/lib/python3.12/site-packages/sklearn/neural_network/_multilayer_perceptron.py:691: ConvergenceWarning: Stochastic Optimizer: Maximum iterations (100) reached and the optimization hasn't converged yet.
  warnings.warn(
/data/home/rtabares/anaconda3/envs/pyth3.12/lib/python3.12/site-packages/sklearn/neural_network/_multilayer_perceptron.py:691: ConvergenceWarning: Stochastic Optimizer: Maximum iterations (100) reached and the optimization hasn't converged yet.
  warnings.warn(
/data/home/rtabares/anaconda3/envs/pyth3.12/lib/python3.12/site-packages/sklearn/neural_network/_multilayer_perceptron.py:691: ConvergenceWarning: Stochastic Optimizer: Maximum iterations (100) reached and the optimization hasn't converged yet.
  warnings.warn(
/data/home/rtabares/anaconda3/envs/pyth3.12/lib/python3.12/site-packages/sklearn/neural_network/_multilayer_perceptron.py:691: ConvergenceWarning: Stochastic Optimizer: Maximum iterations (100) reached and the optimization hasn't converged yet.
  warnings.warn(
