[I 2025-05-07 07:33:40,126] Trial 2 finished with value: 0.7166666666666667 and parameters: {'C': 0.03702067575132929, 'gamma': 0.0007485739374074099}. Best is trial 0 with value: 0.7333333333333334.
[I 2025-05-07 07:33:40,152] Trial 3 finished with value: 0.7166666666666667 and parameters: {'C': 0.47209861032825945, 'gamma': 0.0009826631576890102}. Best is trial 0 with value: 0.7333333333333334.
[I 2025-05-07 07:33:40,168] Trial 4 finished with value: 0.7166666666666667 and parameters: {'C': 0.021688953850108893, 'gamma': 0.0024098752433673273}. Best is trial 0 with value: 0.7333333333333334.
[I 2025-05-07 07:33:40,182] Trial 5 finished with value: 0.7 and parameters: {'C': 0.04646280084231645, 'gamma': 0.3267656089424253}. Best is trial 0 with value: 0.7333333333333334.
[I 2025-05-07 07:33:40,197] Trial 6 finished with value: 0.7666666666666666 and parameters: {'C': 63.65845976154302, 'gamma': 0.00014288725836502733}. Best is trial 6 with value: 0.7666666666666666.
[I 2025-05-07 07:33:40,210] Trial 7 finished with value: 0.7666666666666666 and parameters: {'C': 6.257913640897913, 'gamma': 0.01954516145303057}. Best is trial 6 with value: 0.7666666666666666.
[I 2025-05-07 07:33:40,225] Trial 8 finished with value: 0.6833333333333333 and parameters: {'C': 39.08665206604184, 'gamma': 0.04651530700450706}. Best is trial 6 with value: 0.7666666666666666.
[I 2025-05-07 07:33:40,240] Trial 9 finished with value: 0.7666666666666668 and parameters: {'C': 1.553642640603634, 'gamma': 0.06452227863024562}. Best is trial 9 with value: 0.7666666666666668.
[I 2025-05-07 07:33:40,272] Trial 10 finished with value: 0.6833333333333333 and parameters: {'C': 5.368783357622656, 'gamma': 0.7733144916408428}. Best is trial 9 with value: 0.7666666666666668.
[I 2025-05-07 07:33:40,900] Trial 11 finished with value: 0.75 and parameters: {'C': 84.97358794746954, 'gamma': 0.10914331695612507}. Best is trial 9 with value: 0.7666666666666668.
[I 2025-05-07 07:33:40,933] Trial 12 finished with value: 0.7333333333333334 and parameters: {'C': 9.818820863992366, 'gamma': 0.00011625729700595147}. Best is trial 9 with value: 0.7666666666666668.
[I 2025-05-07 07:33:40,953] Trial 13 finished with value: 0.7166666666666667 and parameters: {'C': 0.2735308380197788, 'gamma': 0.0028623092011551554}. Best is trial 9 with value: 0.7666666666666668.
[I 2025-05-07 07:33:40,974] Trial 14 finished with value: 0.7333333333333335 and parameters: {'C': 21.21529657789655, 'gamma': 0.07250355865313034}. Best is trial 9 with value: 0.7666666666666668.
[I 2025-05-07 07:33:40,997] Trial 15 finished with value: 0.7333333333333334 and parameters: {'C': 1.5239059606248948, 'gamma': 0.00011209454623501851}. Best is trial 9 with value: 0.7666666666666668.
[I 2025-05-07 07:33:41,643] Trial 16 finished with value: 0.7333333333333333 and parameters: {'C': 0.1311470874883319, 'gamma': 0.18745286617445236}. Best is trial 9 with value: 0.7666666666666668.
[I 2025-05-07 07:33:41,676] Trial 17 finished with value: 0.7666666666666668 and parameters: {'C': 2.0406262993213207, 'gamma': 0.02476247266650301}. Best is trial 9 with value: 0.7666666666666668.
[I 2025-05-07 07:33:42,336] Trial 18 finished with value: 0.75 and parameters: {'C': 2.425298340577621, 'gamma': 0.02641097721293952}. Best is trial 9 with value: 0.7666666666666668.
[I 2025-05-07 07:33:42,366] Trial 19 finished with value: 0.7833333333333334 and parameters: {'C': 2.822916107696266, 'gamma': 0.005718887776484424}. Best is trial 19 with value: 0.7833333333333334.
[I 2025-05-07 07:33:43,001] Trial 20 finished with value: 0.7166666666666667 and parameters: {'C': 0.18937838300418286, 'gamma': 0.005173646154373403}. Best is trial 19 with value: 0.7833333333333334.
[I 2025-05-07 07:33:43,024] Trial 21 finished with value: 0.7666666666666668 and parameters: {'C': 2.8152003302076825, 'gamma': 0.013664001942453754}. Best is trial 19 with value: 0.7833333333333334.
[I 2025-05-07 07:33:43,670] Trial 22 finished with value: 0.8166666666666668 and parameters: {'C': 0.6924427469257683, 'gamma': 0.040927594155787686}. Best is trial 22 with value: 0.8166666666666668.
[I 2025-05-07 07:33:43,694] Trial 23 finished with value: 0.7166666666666667 and parameters: {'C': 0.8654433111722761, 'gamma': 0.005910114007636434}. Best is trial 22 with value: 0.8166666666666668.
[I 2025-05-07 07:33:43,726] Trial 24 finished with value: 0.75 and parameters: {'C': 0.48444743110254934, 'gamma': 0.048202684507067474}. Best is trial 22 with value: 0.8166666666666668.
[I 2025-05-07 07:33:43,762] Trial 25 finished with value: 0.7833333333333334 and parameters: {'C': 12.837239479121616, 'gamma': 0.21838436555137425}. Best is trial 22 with value: 0.8166666666666668.
[I 2025-05-07 07:33:43,800] Trial 26 finished with value: 0.7333333333333334 and parameters: {'C': 15.22216401336846, 'gamma': 0.5022660386513502}. Best is trial 22 with value: 0.8166666666666668.
[I 2025-05-07 07:33:43,825] Trial 27 finished with value: 0.7666666666666668 and parameters: {'C': 5.251434340117157, 'gamma': 0.19673808739279966}. Best is trial 22 with value: 0.8166666666666668.
[I 2025-05-07 07:33:43,846] Trial 28 finished with value: 0.5833333333333334 and parameters: {'C': 0.09071804967241924, 'gamma': 0.9874655486669074}. Best is trial 22 with value: 0.8166666666666668.
[I 2025-05-07 07:33:43,868] Trial 29 finished with value: 0.75 and parameters: {'C': 16.487584093158585, 'gamma': 0.006237926137781325}. Best is trial 22 with value: 0.8166666666666668.
/data/home/rtabares/anaconda3/envs/pyth3.12/lib/python3.12/site-packages/xgboost/core.py:377: FutureWarning: Your system has an old version of glibc (< 2.28). We will stop supporting Linux distros with glibc older than 2.28 after **May 31, 2025**. Please upgrade to a recent Linux distro (with glibc >= 2.28) to use future versions of XGBoost.
Note: You have installed the 'manylinux2014' variant of XGBoost. Certain features such as GPU algorithms or federated learning are not available. To use these features, please upgrade to a recent Linux distro with glibc 2.28+, and install the 'manylinux_2_28' variant.
  warnings.warn(
[I 2025-05-07 07:33:45,908] A new study created in memory with name: logreg
Parámetros guardados en checkpoint_shoppers_Doriginal_Roriginal_C/random/IPC_30/best_models_random_seed_9_space_original/svc_best_params.json


>>> Optuna tuning logreg metodo random IPC 30 seed 9


[I 2025-05-07 07:33:49,179] Trial 0 finished with value: 0.7666666666666666 and parameters: {'C': 0.0011268620922535318, 'penalty': 'l2'}. Best is trial 0 with value: 0.7666666666666666.
[I 2025-05-07 07:33:49,322] Trial 1 finished with value: 0.7666666666666668 and parameters: {'C': 0.32312678588710475, 'penalty': 'l2'}. Best is trial 1 with value: 0.7666666666666668.
[I 2025-05-07 07:33:49,339] Trial 2 finished with value: 0.7833333333333334 and parameters: {'C': 0.3012079745112611, 'penalty': 'l2'}. Best is trial 2 with value: 0.7833333333333334.
[I 2025-05-07 07:33:49,365] Trial 3 finished with value: 0.8 and parameters: {'C': 0.004668180550042529, 'penalty': 'l2'}. Best is trial 3 with value: 0.8.
[I 2025-05-07 07:33:50,057] Trial 4 finished with value: 0.8 and parameters: {'C': 0.005135177115384908, 'penalty': 'l2'}. Best is trial 3 with value: 0.8.
[I 2025-05-07 07:33:50,085] Trial 5 finished with value: 0.8166666666666668 and parameters: {'C': 0.01238207351349697, 'penalty': 'l2'}. Best is trial 5 with value: 0.8166666666666668.
[I 2025-05-07 07:33:50,110] Trial 6 finished with value: 0.7833333333333334 and parameters: {'C': 0.12374877330306278, 'penalty': 'l2'}. Best is trial 5 with value: 0.8166666666666668.
[I 2025-05-07 07:33:50,135] Trial 7 finished with value: 0.8166666666666668 and parameters: {'C': 0.017398261017749217, 'penalty': 'l2'}. Best is trial 5 with value: 0.8166666666666668.
[I 2025-05-07 07:33:50,160] Trial 8 finished with value: 0.7666666666666666 and parameters: {'C': 0.002632074973627294, 'penalty': 'l2'}. Best is trial 5 with value: 0.8166666666666668.
[I 2025-05-07 07:33:50,185] Trial 9 finished with value: 0.8166666666666668 and parameters: {'C': 0.053394091359671186, 'penalty': 'l2'}. Best is trial 5 with value: 0.8166666666666668.
[I 2025-05-07 07:33:50,214] Trial 10 finished with value: 0.6666666666666666 and parameters: {'C': 9.528231497855979, 'penalty': 'l2'}. Best is trial 5 with value: 0.8166666666666668.
[I 2025-05-07 07:33:50,881] Trial 11 finished with value: 0.8166666666666668 and parameters: {'C': 0.02391995732400969, 'penalty': 'l2'}. Best is trial 5 with value: 0.8166666666666668.
[I 2025-05-07 07:33:50,911] Trial 12 finished with value: 0.7 and parameters: {'C': 2.391658866864452, 'penalty': 'l2'}. Best is trial 5 with value: 0.8166666666666668.
[I 2025-05-07 07:33:50,932] Trial 13 finished with value: 0.8166666666666668 and parameters: {'C': 0.013377559191016887, 'penalty': 'l2'}. Best is trial 5 with value: 0.8166666666666668.
[I 2025-05-07 07:33:50,962] Trial 14 finished with value: 0.7166666666666667 and parameters: {'C': 1.026836425439925, 'penalty': 'l2'}. Best is trial 5 with value: 0.8166666666666668.
[I 2025-05-07 07:33:50,991] Trial 15 finished with value: 0.8166666666666668 and parameters: {'C': 0.020033281789085523, 'penalty': 'l2'}. Best is trial 5 with value: 0.8166666666666668.
[I 2025-05-07 07:33:51,021] Trial 16 finished with value: 0.6833333333333333 and parameters: {'C': 37.332317419001505, 'penalty': 'l2'}. Best is trial 5 with value: 0.8166666666666668.
[I 2025-05-07 07:33:51,718] Trial 17 finished with value: 0.7833333333333334 and parameters: {'C': 0.07368012977926106, 'penalty': 'l2'}. Best is trial 5 with value: 0.8166666666666668.
[I 2025-05-07 07:33:51,749] Trial 18 finished with value: 0.8166666666666668 and parameters: {'C': 0.012724886533895925, 'penalty': 'l2'}. Best is trial 5 with value: 0.8166666666666668.
[I 2025-05-07 07:33:51,778] Trial 19 finished with value: 0.7666666666666666 and parameters: {'C': 0.0018654858451605692, 'penalty': 'l2'}. Best is trial 5 with value: 0.8166666666666668.
[I 2025-05-07 07:33:51,807] Trial 20 finished with value: 0.7666666666666668 and parameters: {'C': 0.3090906235274146, 'penalty': 'l2'}. Best is trial 5 with value: 0.8166666666666668.
[I 2025-05-07 07:33:51,838] Trial 21 finished with value: 0.7833333333333334 and parameters: {'C': 0.07223354761534777, 'penalty': 'l2'}. Best is trial 5 with value: 0.8166666666666668.
[I 2025-05-07 07:33:51,856] Trial 22 finished with value: 0.8166666666666668 and parameters: {'C': 0.04858443141986619, 'penalty': 'l2'}. Best is trial 5 with value: 0.8166666666666668.
[I 2025-05-07 07:33:51,874] Trial 23 finished with value: 0.8166666666666668 and parameters: {'C': 0.006981581980970788, 'penalty': 'l2'}. Best is trial 5 with value: 0.8166666666666668.
[I 2025-05-07 07:33:51,905] Trial 24 finished with value: 0.8166666666666668 and parameters: {'C': 0.02996172314553975, 'penalty': 'l2'}. Best is trial 5 with value: 0.8166666666666668.
[I 2025-05-07 07:33:51,925] Trial 25 finished with value: 0.7833333333333334 and parameters: {'C': 0.15194945049074537, 'penalty': 'l2'}. Best is trial 5 with value: 0.8166666666666668.
[I 2025-05-07 07:33:51,956] Trial 26 finished with value: 0.7166666666666667 and parameters: {'C': 1.061148749839602, 'penalty': 'l2'}. Best is trial 5 with value: 0.8166666666666668.
[I 2025-05-07 07:33:51,985] Trial 27 finished with value: 0.8166666666666668 and parameters: {'C': 0.010827960162688385, 'penalty': 'l2'}. Best is trial 5 with value: 0.8166666666666668.
[I 2025-05-07 07:33:52,006] Trial 28 finished with value: 0.8166666666666668 and parameters: {'C': 0.03584243430000506, 'penalty': 'l2'}. Best is trial 5 with value: 0.8166666666666668.
[I 2025-05-07 07:33:52,037] Trial 29 finished with value: 0.7666666666666666 and parameters: {'C': 0.003446287735686205, 'penalty': 'l2'}. Best is trial 5 with value: 0.8166666666666668.
/data/home/rtabares/anaconda3/envs/pyth3.12/lib/python3.12/site-packages/xgboost/core.py:377: FutureWarning: Your system has an old version of glibc (< 2.28). We will stop supporting Linux distros with glibc older than 2.28 after **May 31, 2025**. Please upgrade to a recent Linux distro (with glibc >= 2.28) to use future versions of XGBoost.
Note: You have installed the 'manylinux2014' variant of XGBoost. Certain features such as GPU algorithms or federated learning are not available. To use these features, please upgrade to a recent Linux distro with glibc 2.28+, and install the 'manylinux_2_28' variant.
  warnings.warn(
/data/home/rtabares/anaconda3/envs/pyth3.12/lib/python3.12/site-packages/xgboost/core.py:377: FutureWarning: Your system has an old version of glibc (< 2.28). We will stop supporting Linux distros with glibc older than 2.28 after **May 31, 2025**. Please upgrade to a recent Linux distro (with glibc >= 2.28) to use future versions of XGBoost.
Note: You have installed the 'manylinux2014' variant of XGBoost. Certain features such as GPU algorithms or federated learning are not available. To use these features, please upgrade to a recent Linux distro with glibc 2.28+, and install the 'manylinux_2_28' variant.
  warnings.warn(
[I 2025-05-07 07:33:55,102] A new study created in memory with name: mlp
Parámetros guardados en checkpoint_shoppers_Doriginal_Roriginal_C/random/IPC_30/best_models_random_seed_9_space_original/logreg_best_params.json


>>> Optuna tuning mlp metodo random IPC 30 seed 9


/data/home/rtabares/anaconda3/envs/pyth3.12/lib/python3.12/site-packages/sklearn/neural_network/_multilayer_perceptron.py:691: ConvergenceWarning: Stochastic Optimizer: Maximum iterations (100) reached and the optimization hasn't converged yet.
  warnings.warn(
/data/home/rtabares/anaconda3/envs/pyth3.12/lib/python3.12/site-packages/sklearn/neural_network/_multilayer_perceptron.py:691: ConvergenceWarning: Stochastic Optimizer: Maximum iterations (100) reached and the optimization hasn't converged yet.
  warnings.warn(
/data/home/rtabares/anaconda3/envs/pyth3.12/lib/python3.12/site-packages/sklearn/neural_network/_multilayer_perceptron.py:691: ConvergenceWarning: Stochastic Optimizer: Maximum iterations (100) reached and the optimization hasn't converged yet.
  warnings.warn(
/data/home/rtabares/anaconda3/envs/pyth3.12/lib/python3.12/site-packages/sklearn/neural_network/_multilayer_perceptron.py:691: ConvergenceWarning: Stochastic Optimizer: Maximum iterations (100) reached and the optimization hasn't converged yet.
  warnings.warn(
/data/home/rtabares/anaconda3/envs/pyth3.12/lib/python3.12/site-packages/sklearn/neural_network/_multilayer_perceptron.py:691: ConvergenceWarning: Stochastic Optimizer: Maximum iterations (100) reached and the optimization hasn't converged yet.
  warnings.warn(
[I 2025-05-07 07:33:57,070] Trial 0 finished with value: 0.7333333333333334 and parameters: {'hidden_layer_sizes': (200,), 'max_iter': 100, 'alpha': 0.001}. Best is trial 0 with value: 0.7333333333333334.
/data/home/rtabares/anaconda3/envs/pyth3.12/lib/python3.12/site-packages/sklearn/neural_network/_multilayer_perceptron.py:691: ConvergenceWarning: Stochastic Optimizer: Maximum iterations (100) reached and the optimization hasn't converged yet.
  warnings.warn(
/data/home/rtabares/anaconda3/envs/pyth3.12/lib/python3.12/site-packages/sklearn/neural_network/_multilayer_perceptron.py:691: ConvergenceWarning: Stochastic Optimizer: Maximum iterations (100) reached and the optimization hasn't converged yet.
  warnings.warn(
/data/home/rtabares/anaconda3/envs/pyth3.12/lib/python3.12/site-packages/sklearn/neural_network/_multilayer_perceptron.py:691: ConvergenceWarning: Stochastic Optimizer: Maximum iterations (100) reached and the optimization hasn't converged yet.
  warnings.warn(
/data/home/rtabares/anaconda3/envs/pyth3.12/lib/python3.12/site-packages/sklearn/neural_network/_multilayer_perceptron.py:691: ConvergenceWarning: Stochastic Optimizer: Maximum iterations (100) reached and the optimization hasn't converged yet.
  warnings.warn(
/data/home/rtabares/anaconda3/envs/pyth3.12/lib/python3.12/site-packages/sklearn/neural_network/_multilayer_perceptron.py:691: ConvergenceWarning: Stochastic Optimizer: Maximum iterations (100) reached and the optimization hasn't converged yet.
  warnings.warn(
[I 2025-05-07 07:33:57,238] Trial 1 finished with value: 0.7333333333333334 and parameters: {'hidden_layer_sizes': (100, 100), 'max_iter': 100, 'alpha': 0.0001}. Best is trial 0 with value: 0.7333333333333334.
/data/home/rtabares/anaconda3/envs/pyth3.12/lib/python3.12/site-packages/sklearn/neural_network/_multilayer_perceptron.py:691: ConvergenceWarning: Stochastic Optimizer: Maximum iterations (50) reached and the optimization hasn't converged yet.
  warnings.warn(
/data/home/rtabares/anaconda3/envs/pyth3.12/lib/python3.12/site-packages/sklearn/neural_network/_multilayer_perceptron.py:691: ConvergenceWarning: Stochastic Optimizer: Maximum iterations (50) reached and the optimization hasn't converged yet.
  warnings.warn(
/data/home/rtabares/anaconda3/envs/pyth3.12/lib/python3.12/site-packages/sklearn/neural_network/_multilayer_perceptron.py:691: ConvergenceWarning: Stochastic Optimizer: Maximum iterations (50) reached and the optimization hasn't converged yet.
  warnings.warn(
/data/home/rtabares/anaconda3/envs/pyth3.12/lib/python3.12/site-packages/sklearn/neural_network/_multilayer_perceptron.py:691: ConvergenceWarning: Stochastic Optimizer: Maximum iterations (50) reached and the optimization hasn't converged yet.
  warnings.warn(
/data/home/rtabares/anaconda3/envs/pyth3.12/lib/python3.12/site-packages/sklearn/neural_network/_multilayer_perceptron.py:691: ConvergenceWarning: Stochastic Optimizer: Maximum iterations (50) reached and the optimization hasn't converged yet.
  warnings.warn(
[I 2025-05-07 07:33:57,306] Trial 2 finished with value: 0.7500000000000001 and parameters: {'hidden_layer_sizes': (100, 100), 'max_iter': 50, 'alpha': 0.0001}. Best is trial 2 with value: 0.7500000000000001.
/data/home/rtabares/anaconda3/envs/pyth3.12/lib/python3.12/site-packages/sklearn/neural_network/_multilayer_perceptron.py:691: ConvergenceWarning: Stochastic Optimizer: Maximum iterations (50) reached and the optimization hasn't converged yet.
  warnings.warn(
/data/home/rtabares/anaconda3/envs/pyth3.12/lib/python3.12/site-packages/sklearn/neural_network/_multilayer_perceptron.py:691: ConvergenceWarning: Stochastic Optimizer: Maximum iterations (50) reached and the optimization hasn't converged yet.
  warnings.warn(
/data/home/rtabares/anaconda3/envs/pyth3.12/lib/python3.12/site-packages/sklearn/neural_network/_multilayer_perceptron.py:691: ConvergenceWarning: Stochastic Optimizer: Maximum iterations (50) reached and the optimization hasn't converged yet.
  warnings.warn(
/data/home/rtabares/anaconda3/envs/pyth3.12/lib/python3.12/site-packages/sklearn/neural_network/_multilayer_perceptron.py:691: ConvergenceWarning: Stochastic Optimizer: Maximum iterations (50) reached and the optimization hasn't converged yet.
  warnings.warn(
/data/home/rtabares/anaconda3/envs/pyth3.12/lib/python3.12/site-packages/sklearn/neural_network/_multilayer_perceptron.py:691: ConvergenceWarning: Stochastic Optimizer: Maximum iterations (50) reached and the optimization hasn't converged yet.
  warnings.warn(
[I 2025-05-07 07:33:57,362] Trial 3 finished with value: 0.7166666666666666 and parameters: {'hidden_layer_sizes': (200,), 'max_iter': 50, 'alpha': 0.0001}. Best is trial 2 with value: 0.7500000000000001.
/data/home/rtabares/anaconda3/envs/pyth3.12/lib/python3.12/site-packages/sklearn/neural_network/_multilayer_perceptron.py:691: ConvergenceWarning: Stochastic Optimizer: Maximum iterations (100) reached and the optimization hasn't converged yet.
  warnings.warn(
/data/home/rtabares/anaconda3/envs/pyth3.12/lib/python3.12/site-packages/sklearn/neural_network/_multilayer_perceptron.py:691: ConvergenceWarning: Stochastic Optimizer: Maximum iterations (100) reached and the optimization hasn't converged yet.
  warnings.warn(
/data/home/rtabares/anaconda3/envs/pyth3.12/lib/python3.12/site-packages/sklearn/neural_network/_multilayer_perceptron.py:691: ConvergenceWarning: Stochastic Optimizer: Maximum iterations (100) reached and the optimization hasn't converged yet.
  warnings.warn(
/data/home/rtabares/anaconda3/envs/pyth3.12/lib/python3.12/site-packages/sklearn/neural_network/_multilayer_perceptron.py:691: ConvergenceWarning: Stochastic Optimizer: Maximum iterations (100) reached and the optimization hasn't converged yet.
  warnings.warn(
/data/home/rtabares/anaconda3/envs/pyth3.12/lib/python3.12/site-packages/sklearn/neural_network/_multilayer_perceptron.py:691: ConvergenceWarning: Stochastic Optimizer: Maximum iterations (100) reached and the optimization hasn't converged yet.
  warnings.warn(
