[I 2025-05-07 04:20:31,204] Trial 16 finished with value: 0.4 and parameters: {'n_estimators': 399, 'max_depth': 8, 'min_samples_split': 6, 'min_samples_leaf': 3}. Best is trial 3 with value: 0.7.
[I 2025-05-07 04:20:31,761] Trial 17 finished with value: 0.5 and parameters: {'n_estimators': 497, 'max_depth': 13, 'min_samples_split': 8, 'min_samples_leaf': 7}. Best is trial 3 with value: 0.7.
[I 2025-05-07 04:20:32,167] Trial 18 finished with value: 0.6 and parameters: {'n_estimators': 320, 'max_depth': 9, 'min_samples_split': 4, 'min_samples_leaf': 5}. Best is trial 3 with value: 0.7.
[I 2025-05-07 04:20:32,544] Trial 19 finished with value: 0.45 and parameters: {'n_estimators': 303, 'max_depth': 14, 'min_samples_split': 6, 'min_samples_leaf': 2}. Best is trial 3 with value: 0.7.
[I 2025-05-07 04:20:33,032] Trial 20 finished with value: 0.5 and parameters: {'n_estimators': 417, 'max_depth': 4, 'min_samples_split': 8, 'min_samples_leaf': 8}. Best is trial 3 with value: 0.7.
[I 2025-05-07 04:20:33,548] Trial 21 finished with value: 0.45 and parameters: {'n_estimators': 454, 'max_depth': 18, 'min_samples_split': 10, 'min_samples_leaf': 6}. Best is trial 3 with value: 0.7.
[I 2025-05-07 04:20:34,041] Trial 22 finished with value: 0.5 and parameters: {'n_estimators': 479, 'max_depth': 17, 'min_samples_split': 9, 'min_samples_leaf': 6}. Best is trial 3 with value: 0.7.
[I 2025-05-07 04:20:34,549] Trial 23 finished with value: 0.6 and parameters: {'n_estimators': 438, 'max_depth': 14, 'min_samples_split': 9, 'min_samples_leaf': 5}. Best is trial 3 with value: 0.7.
[I 2025-05-07 04:20:34,968] Trial 24 finished with value: 0.5 and parameters: {'n_estimators': 388, 'max_depth': 18, 'min_samples_split': 7, 'min_samples_leaf': 8}. Best is trial 3 with value: 0.7.
[I 2025-05-07 04:20:35,363] Trial 25 finished with value: 0.6 and parameters: {'n_estimators': 340, 'max_depth': 12, 'min_samples_split': 8, 'min_samples_leaf': 6}. Best is trial 3 with value: 0.7.
[I 2025-05-07 04:20:35,713] Trial 26 finished with value: 0.5 and parameters: {'n_estimators': 285, 'max_depth': 10, 'min_samples_split': 9, 'min_samples_leaf': 7}. Best is trial 3 with value: 0.7.
[I 2025-05-07 04:20:35,961] Trial 27 finished with value: 0.65 and parameters: {'n_estimators': 169, 'max_depth': 18, 'min_samples_split': 10, 'min_samples_leaf': 5}. Best is trial 3 with value: 0.7.
[I 2025-05-07 04:20:36,215] Trial 28 finished with value: 0.4 and parameters: {'n_estimators': 178, 'max_depth': 15, 'min_samples_split': 4, 'min_samples_leaf': 3}. Best is trial 3 with value: 0.7.
[I 2025-05-07 04:20:36,423] Trial 29 finished with value: 0.55 and parameters: {'n_estimators': 161, 'max_depth': 18, 'min_samples_split': 10, 'min_samples_leaf': 5}. Best is trial 3 with value: 0.7.
[I 2025-05-07 04:20:40,820] A new study created in memory with name: svc
Parámetros guardados en checkpoint_shoppers_Doriginal_Roriginal_B/random/IPC_10/best_models_random_seed_8_space_original/rf_best_params.json


>>> Optuna tuning svc metodo random IPC 10 seed 8


[I 2025-05-07 04:20:42,334] Trial 0 finished with value: 0.5 and parameters: {'C': 31.168622654226873, 'gamma': 0.7484497562485191}. Best is trial 0 with value: 0.5.
[I 2025-05-07 04:20:42,396] Trial 1 finished with value: 0.55 and parameters: {'C': 29.976309274600954, 'gamma': 0.013286872459026702}. Best is trial 1 with value: 0.55.
[I 2025-05-07 04:20:42,414] Trial 2 finished with value: 0.45 and parameters: {'C': 0.08529298465080307, 'gamma': 0.00011106960237430257}. Best is trial 1 with value: 0.55.
[I 2025-05-07 04:20:42,428] Trial 3 finished with value: 0.45 and parameters: {'C': 0.5270784658374341, 'gamma': 0.004068229457500922}. Best is trial 1 with value: 0.55.
[I 2025-05-07 04:20:42,442] Trial 4 finished with value: 0.55 and parameters: {'C': 1.2322495987505253, 'gamma': 0.008195343912941565}. Best is trial 1 with value: 0.55.
[I 2025-05-07 04:20:42,457] Trial 5 finished with value: 0.6 and parameters: {'C': 1.6650446929687996, 'gamma': 0.014912280706161869}. Best is trial 5 with value: 0.6.
[I 2025-05-07 04:20:42,470] Trial 6 finished with value: 0.45 and parameters: {'C': 11.055599623279033, 'gamma': 0.07071284267178823}. Best is trial 5 with value: 0.6.
[I 2025-05-07 04:20:42,485] Trial 7 finished with value: 0.65 and parameters: {'C': 3.0111222251271013, 'gamma': 0.00506252384623837}. Best is trial 7 with value: 0.65.
[I 2025-05-07 04:20:42,498] Trial 8 finished with value: 0.5 and parameters: {'C': 0.1433177931243846, 'gamma': 0.7859971382309453}. Best is trial 7 with value: 0.65.
[I 2025-05-07 04:20:42,513] Trial 9 finished with value: 0.45 and parameters: {'C': 0.21631975482828378, 'gamma': 0.0007502469581683287}. Best is trial 7 with value: 0.65.
[I 2025-05-07 04:20:42,539] Trial 10 finished with value: 0.45 and parameters: {'C': 0.02009680203795739, 'gamma': 0.0007005474949959167}. Best is trial 7 with value: 0.65.
[I 2025-05-07 04:20:43,201] Trial 11 finished with value: 0.45 and parameters: {'C': 3.394532731945007, 'gamma': 0.06106281159506034}. Best is trial 7 with value: 0.65.
[I 2025-05-07 04:20:43,880] Trial 12 finished with value: 0.55 and parameters: {'C': 3.529301363119234, 'gamma': 0.03451463054280321}. Best is trial 7 with value: 0.65.
[I 2025-05-07 04:20:43,903] Trial 13 finished with value: 0.5 and parameters: {'C': 3.6921017708047796, 'gamma': 0.0020960851336609848}. Best is trial 7 with value: 0.65.
[I 2025-05-07 04:20:43,924] Trial 14 finished with value: 0.4 and parameters: {'C': 78.65413430994755, 'gamma': 0.16666160909919406}. Best is trial 7 with value: 0.65.
[I 2025-05-07 04:20:43,947] Trial 15 finished with value: 0.65 and parameters: {'C': 1.3259463580937678, 'gamma': 0.01692419244282281}. Best is trial 7 with value: 0.65.
[I 2025-05-07 04:20:43,972] Trial 16 finished with value: 0.45 and parameters: {'C': 0.5265031360768759, 'gamma': 0.0028633649426661927}. Best is trial 7 with value: 0.65.
[I 2025-05-07 04:20:43,995] Trial 17 finished with value: 0.45 and parameters: {'C': 10.731963355820533, 'gamma': 0.0006831112075763004}. Best is trial 7 with value: 0.65.
[I 2025-05-07 04:20:44,016] Trial 18 finished with value: 0.4 and parameters: {'C': 0.022496804235745894, 'gamma': 0.27999370494443093}. Best is trial 7 with value: 0.65.
[I 2025-05-07 04:20:44,038] Trial 19 finished with value: 0.45 and parameters: {'C': 0.46228218012478706, 'gamma': 0.00016323090068482557}. Best is trial 7 with value: 0.65.
[I 2025-05-07 04:20:44,059] Trial 20 finished with value: 0.55 and parameters: {'C': 9.066356002001175, 'gamma': 0.031830287673600674}. Best is trial 7 with value: 0.65.
[I 2025-05-07 04:20:44,080] Trial 21 finished with value: 0.6 and parameters: {'C': 1.6263130102959873, 'gamma': 0.015012434027215605}. Best is trial 7 with value: 0.65.
[I 2025-05-07 04:20:44,102] Trial 22 finished with value: 0.6 and parameters: {'C': 1.5665549352915116, 'gamma': 0.006749197219477839}. Best is trial 7 with value: 0.65.
[I 2025-05-07 04:20:44,732] Trial 23 finished with value: 0.6 and parameters: {'C': 5.0413336313065, 'gamma': 0.02164982974098412}. Best is trial 7 with value: 0.65.
[I 2025-05-07 04:20:44,755] Trial 24 finished with value: 0.45 and parameters: {'C': 0.8931499635579775, 'gamma': 0.0015829527515966925}. Best is trial 7 with value: 0.65.
[I 2025-05-07 04:20:44,776] Trial 25 finished with value: 0.5 and parameters: {'C': 0.23897190519366737, 'gamma': 0.08137133672479664}. Best is trial 7 with value: 0.65.
[I 2025-05-07 04:20:44,795] Trial 26 finished with value: 0.6 and parameters: {'C': 2.2940303183659636, 'gamma': 0.00532541389020455}. Best is trial 7 with value: 0.65.
[I 2025-05-07 04:20:44,815] Trial 27 finished with value: 0.6 and parameters: {'C': 0.05630970575801989, 'gamma': 0.010472793955924077}. Best is trial 7 with value: 0.65.
[I 2025-05-07 04:20:44,837] Trial 28 finished with value: 0.6 and parameters: {'C': 7.457028118388202, 'gamma': 0.0012996483615985803}. Best is trial 7 with value: 0.65.
[I 2025-05-07 04:20:44,860] Trial 29 finished with value: 0.4 and parameters: {'C': 21.44592820236891, 'gamma': 0.3356568039537121}. Best is trial 7 with value: 0.65.
[I 2025-05-07 04:20:48,368] A new study created in memory with name: logreg
Parámetros guardados en checkpoint_shoppers_Doriginal_Roriginal_B/random/IPC_10/best_models_random_seed_8_space_original/svc_best_params.json


>>> Optuna tuning logreg metodo random IPC 10 seed 8


[I 2025-05-07 04:20:49,710] Trial 0 finished with value: 0.55 and parameters: {'C': 23.288794782471303, 'penalty': 'l2'}. Best is trial 0 with value: 0.55.
[I 2025-05-07 04:20:49,772] Trial 1 finished with value: 0.55 and parameters: {'C': 69.61507800412923, 'penalty': 'l2'}. Best is trial 0 with value: 0.55.
[I 2025-05-07 04:20:49,799] Trial 2 finished with value: 0.55 and parameters: {'C': 22.180569925473442, 'penalty': 'l2'}. Best is trial 0 with value: 0.55.
[I 2025-05-07 04:20:49,824] Trial 3 finished with value: 0.55 and parameters: {'C': 0.4511058486037652, 'penalty': 'l2'}. Best is trial 0 with value: 0.55.
[I 2025-05-07 04:20:49,849] Trial 4 finished with value: 0.6 and parameters: {'C': 0.014576110093994574, 'penalty': 'l2'}. Best is trial 4 with value: 0.6.
[I 2025-05-07 04:20:49,874] Trial 5 finished with value: 0.6 and parameters: {'C': 0.0011402340906886685, 'penalty': 'l2'}. Best is trial 4 with value: 0.6.
[I 2025-05-07 04:20:49,898] Trial 6 finished with value: 0.55 and parameters: {'C': 0.14201822862985758, 'penalty': 'l2'}. Best is trial 4 with value: 0.6.
[I 2025-05-07 04:20:49,913] Trial 7 finished with value: 0.6 and parameters: {'C': 0.1027440782219989, 'penalty': 'l2'}. Best is trial 4 with value: 0.6.
[I 2025-05-07 04:20:49,926] Trial 8 finished with value: 0.55 and parameters: {'C': 0.41055690122086846, 'penalty': 'l2'}. Best is trial 4 with value: 0.6.
[I 2025-05-07 04:20:49,951] Trial 9 finished with value: 0.55 and parameters: {'C': 0.24658064201770763, 'penalty': 'l2'}. Best is trial 4 with value: 0.6.
[I 2025-05-07 04:20:49,982] Trial 10 finished with value: 0.6 and parameters: {'C': 0.0023928126344862246, 'penalty': 'l2'}. Best is trial 4 with value: 0.6.
[I 2025-05-07 04:20:50,648] Trial 11 finished with value: 0.6 and parameters: {'C': 0.0019570472277589007, 'penalty': 'l2'}. Best is trial 4 with value: 0.6.
[I 2025-05-07 04:20:51,295] Trial 12 finished with value: 0.6 and parameters: {'C': 0.013308786491511194, 'penalty': 'l2'}. Best is trial 4 with value: 0.6.
[I 2025-05-07 04:20:51,316] Trial 13 finished with value: 0.6 and parameters: {'C': 0.014077435259861437, 'penalty': 'l2'}. Best is trial 4 with value: 0.6.
[I 2025-05-07 04:20:51,333] Trial 14 finished with value: 0.65 and parameters: {'C': 0.017479512807521625, 'penalty': 'l2'}. Best is trial 14 with value: 0.65.
[I 2025-05-07 04:20:51,351] Trial 15 finished with value: 0.6 and parameters: {'C': 0.029441759292267836, 'penalty': 'l2'}. Best is trial 14 with value: 0.65.
[I 2025-05-07 04:20:51,380] Trial 16 finished with value: 0.55 and parameters: {'C': 1.722485456831924, 'penalty': 'l2'}. Best is trial 14 with value: 0.65.
[I 2025-05-07 04:20:51,400] Trial 17 finished with value: 0.6 and parameters: {'C': 0.04484986573212862, 'penalty': 'l2'}. Best is trial 14 with value: 0.65.
[I 2025-05-07 04:20:51,418] Trial 18 finished with value: 0.6 and parameters: {'C': 0.0060224825075576045, 'penalty': 'l2'}. Best is trial 14 with value: 0.65.
[I 2025-05-07 04:20:51,435] Trial 19 finished with value: 0.55 and parameters: {'C': 2.3119897940385807, 'penalty': 'l2'}. Best is trial 14 with value: 0.65.
[I 2025-05-07 04:20:52,082] Trial 20 finished with value: 0.6 and parameters: {'C': 0.004410300420442057, 'penalty': 'l2'}. Best is trial 14 with value: 0.65.
[I 2025-05-07 04:20:52,102] Trial 21 finished with value: 0.6 and parameters: {'C': 0.0010847902365662217, 'penalty': 'l2'}. Best is trial 14 with value: 0.65.
[I 2025-05-07 04:20:52,135] Trial 22 finished with value: 0.6 and parameters: {'C': 0.008787852676274355, 'penalty': 'l2'}. Best is trial 14 with value: 0.65.
[I 2025-05-07 04:20:52,167] Trial 23 finished with value: 0.6 and parameters: {'C': 0.033686893396432466, 'penalty': 'l2'}. Best is trial 14 with value: 0.65.
[I 2025-05-07 04:20:52,188] Trial 24 finished with value: 0.6 and parameters: {'C': 0.0010780553434586741, 'penalty': 'l2'}. Best is trial 14 with value: 0.65.
[I 2025-05-07 04:20:52,216] Trial 25 finished with value: 0.6 and parameters: {'C': 0.0033697960277655746, 'penalty': 'l2'}. Best is trial 14 with value: 0.65.
[I 2025-05-07 04:20:52,232] Trial 26 finished with value: 0.6 and parameters: {'C': 0.07316245397373121, 'penalty': 'l2'}. Best is trial 14 with value: 0.65.
[I 2025-05-07 04:20:52,250] Trial 27 finished with value: 0.6 and parameters: {'C': 0.011098244557487572, 'penalty': 'l2'}. Best is trial 14 with value: 0.65.
[I 2025-05-07 04:20:52,268] Trial 28 finished with value: 0.6 and parameters: {'C': 0.029434059060519695, 'penalty': 'l2'}. Best is trial 14 with value: 0.65.
[I 2025-05-07 04:20:52,286] Trial 29 finished with value: 0.55 and parameters: {'C': 1.1356754541624303, 'penalty': 'l2'}. Best is trial 14 with value: 0.65.
[I 2025-05-07 04:20:55,994] A new study created in memory with name: mlp
Parámetros guardados en checkpoint_shoppers_Doriginal_Roriginal_B/random/IPC_10/best_models_random_seed_8_space_original/logreg_best_params.json


>>> Optuna tuning mlp metodo random IPC 10 seed 8


/data/home/rtabares/anaconda3/envs/pyth3.12/lib/python3.12/site-packages/sklearn/neural_network/_multilayer_perceptron.py:691: ConvergenceWarning: Stochastic Optimizer: Maximum iterations (50) reached and the optimization hasn't converged yet.
  warnings.warn(
/data/home/rtabares/anaconda3/envs/pyth3.12/lib/python3.12/site-packages/sklearn/neural_network/_multilayer_perceptron.py:691: ConvergenceWarning: Stochastic Optimizer: Maximum iterations (50) reached and the optimization hasn't converged yet.
  warnings.warn(
/data/home/rtabares/anaconda3/envs/pyth3.12/lib/python3.12/site-packages/sklearn/neural_network/_multilayer_perceptron.py:691: ConvergenceWarning: Stochastic Optimizer: Maximum iterations (50) reached and the optimization hasn't converged yet.
  warnings.warn(
/data/home/rtabares/anaconda3/envs/pyth3.12/lib/python3.12/site-packages/sklearn/neural_network/_multilayer_perceptron.py:691: ConvergenceWarning: Stochastic Optimizer: Maximum iterations (50) reached and the optimization hasn't converged yet.
  warnings.warn(
/data/home/rtabares/anaconda3/envs/pyth3.12/lib/python3.12/site-packages/sklearn/neural_network/_multilayer_perceptron.py:691: ConvergenceWarning: Stochastic Optimizer: Maximum iterations (50) reached and the optimization hasn't converged yet.
  warnings.warn(
[I 2025-05-07 04:20:57,268] Trial 0 finished with value: 0.55 and parameters: {'hidden_layer_sizes': (200,), 'max_iter': 50, 'alpha': 0.001}. Best is trial 0 with value: 0.55.
/data/home/rtabares/anaconda3/envs/pyth3.12/lib/python3.12/site-packages/sklearn/neural_network/_multilayer_perceptron.py:691: ConvergenceWarning: Stochastic Optimizer: Maximum iterations (50) reached and the optimization hasn't converged yet.
  warnings.warn(
/data/home/rtabares/anaconda3/envs/pyth3.12/lib/python3.12/site-packages/sklearn/neural_network/_multilayer_perceptron.py:691: ConvergenceWarning: Stochastic Optimizer: Maximum iterations (50) reached and the optimization hasn't converged yet.
  warnings.warn(
/data/home/rtabares/anaconda3/envs/pyth3.12/lib/python3.12/site-packages/sklearn/neural_network/_multilayer_perceptron.py:691: ConvergenceWarning: Stochastic Optimizer: Maximum iterations (50) reached and the optimization hasn't converged yet.
  warnings.warn(
/data/home/rtabares/anaconda3/envs/pyth3.12/lib/python3.12/site-packages/sklearn/neural_network/_multilayer_perceptron.py:691: ConvergenceWarning: Stochastic Optimizer: Maximum iterations (50) reached and the optimization hasn't converged yet.
  warnings.warn(
/data/home/rtabares/anaconda3/envs/pyth3.12/lib/python3.12/site-packages/sklearn/neural_network/_multilayer_perceptron.py:691: ConvergenceWarning: Stochastic Optimizer: Maximum iterations (50) reached and the optimization hasn't converged yet.
  warnings.warn(
[I 2025-05-07 04:20:57,358] Trial 1 finished with value: 0.5 and parameters: {'hidden_layer_sizes': (200,), 'max_iter': 50, 'alpha': 0.0001}. Best is trial 0 with value: 0.55.
/data/home/rtabares/anaconda3/envs/pyth3.12/lib/python3.12/site-packages/sklearn/neural_network/_multilayer_perceptron.py:691: ConvergenceWarning: Stochastic Optimizer: Maximum iterations (50) reached and the optimization hasn't converged yet.
  warnings.warn(
/data/home/rtabares/anaconda3/envs/pyth3.12/lib/python3.12/site-packages/sklearn/neural_network/_multilayer_perceptron.py:691: ConvergenceWarning: Stochastic Optimizer: Maximum iterations (50) reached and the optimization hasn't converged yet.
  warnings.warn(
/data/home/rtabares/anaconda3/envs/pyth3.12/lib/python3.12/site-packages/sklearn/neural_network/_multilayer_perceptron.py:691: ConvergenceWarning: Stochastic Optimizer: Maximum iterations (50) reached and the optimization hasn't converged yet.
  warnings.warn(
/data/home/rtabares/anaconda3/envs/pyth3.12/lib/python3.12/site-packages/sklearn/neural_network/_multilayer_perceptron.py:691: ConvergenceWarning: Stochastic Optimizer: Maximum iterations (50) reached and the optimization hasn't converged yet.
  warnings.warn(
/data/home/rtabares/anaconda3/envs/pyth3.12/lib/python3.12/site-packages/sklearn/neural_network/_multilayer_perceptron.py:691: ConvergenceWarning: Stochastic Optimizer: Maximum iterations (50) reached and the optimization hasn't converged yet.
  warnings.warn(
[I 2025-05-07 04:20:57,402] Trial 2 finished with value: 0.4 and parameters: {'hidden_layer_sizes': (100,), 'max_iter': 50, 'alpha': 0.0001}. Best is trial 0 with value: 0.55.
/data/home/rtabares/anaconda3/envs/pyth3.12/lib/python3.12/site-packages/sklearn/neural_network/_multilayer_perceptron.py:691: ConvergenceWarning: Stochastic Optimizer: Maximum iterations (100) reached and the optimization hasn't converged yet.
  warnings.warn(
/data/home/rtabares/anaconda3/envs/pyth3.12/lib/python3.12/site-packages/sklearn/neural_network/_multilayer_perceptron.py:691: ConvergenceWarning: Stochastic Optimizer: Maximum iterations (100) reached and the optimization hasn't converged yet.
  warnings.warn(
/data/home/rtabares/anaconda3/envs/pyth3.12/lib/python3.12/site-packages/sklearn/neural_network/_multilayer_perceptron.py:691: ConvergenceWarning: Stochastic Optimizer: Maximum iterations (100) reached and the optimization hasn't converged yet.
  warnings.warn(
/data/home/rtabares/anaconda3/envs/pyth3.12/lib/python3.12/site-packages/sklearn/neural_network/_multilayer_perceptron.py:691: ConvergenceWarning: Stochastic Optimizer: Maximum iterations (100) reached and the optimization hasn't converged yet.
  warnings.warn(
/data/home/rtabares/anaconda3/envs/pyth3.12/lib/python3.12/site-packages/sklearn/neural_network/_multilayer_perceptron.py:691: ConvergenceWarning: Stochastic Optimizer: Maximum iterations (100) reached and the optimization hasn't converged yet.
  warnings.warn(
[I 2025-05-07 04:20:57,467] Trial 3 finished with value: 0.55 and parameters: {'hidden_layer_sizes': (100,), 'max_iter': 100, 'alpha': 0.001}. Best is trial 0 with value: 0.55.
/data/home/rtabares/anaconda3/envs/pyth3.12/lib/python3.12/site-packages/sklearn/neural_network/_multilayer_perceptron.py:691: ConvergenceWarning: Stochastic Optimizer: Maximum iterations (100) reached and the optimization hasn't converged yet.
  warnings.warn(
/data/home/rtabares/anaconda3/envs/pyth3.12/lib/python3.12/site-packages/sklearn/neural_network/_multilayer_perceptron.py:691: ConvergenceWarning: Stochastic Optimizer: Maximum iterations (100) reached and the optimization hasn't converged yet.
  warnings.warn(
/data/home/rtabares/anaconda3/envs/pyth3.12/lib/python3.12/site-packages/sklearn/neural_network/_multilayer_perceptron.py:691: ConvergenceWarning: Stochastic Optimizer: Maximum iterations (100) reached and the optimization hasn't converged yet.
  warnings.warn(
/data/home/rtabares/anaconda3/envs/pyth3.12/lib/python3.12/site-packages/sklearn/neural_network/_multilayer_perceptron.py:691: ConvergenceWarning: Stochastic Optimizer: Maximum iterations (100) reached and the optimization hasn't converged yet.
  warnings.warn(
/data/home/rtabares/anaconda3/envs/pyth3.12/lib/python3.12/site-packages/sklearn/neural_network/_multilayer_perceptron.py:691: ConvergenceWarning: Stochastic Optimizer: Maximum iterations (100) reached and the optimization hasn't converged yet.
  warnings.warn(
