[I 2025-05-04 17:35:11,580] Trial 16 finished with value: 0.9 and parameters: {'n_estimators': 100, 'max_depth': 5, 'gamma': 0.4381242090630944, 'subsample': 0.5706974131901595, 'colsample_bytree': 0.5086292030814403}. Best is trial 0 with value: 0.9.
/data/home/rtabares/anaconda3/envs/pyth3.12/lib/python3.12/site-packages/xgboost/core.py:377: FutureWarning: Your system has an old version of glibc (< 2.28). We will stop supporting Linux distros with glibc older than 2.28 after **May 31, 2025**. Please upgrade to a recent Linux distro (with glibc >= 2.28) to use future versions of XGBoost.
Note: You have installed the 'manylinux2014' variant of XGBoost. Certain features such as GPU algorithms or federated learning are not available. To use these features, please upgrade to a recent Linux distro with glibc 2.28+, and install the 'manylinux_2_28' variant.
  warnings.warn(
/data/home/rtabares/anaconda3/envs/pyth3.12/lib/python3.12/site-packages/xgboost/core.py:377: FutureWarning: Your system has an old version of glibc (< 2.28). We will stop supporting Linux distros with glibc older than 2.28 after **May 31, 2025**. Please upgrade to a recent Linux distro (with glibc >= 2.28) to use future versions of XGBoost.
Note: You have installed the 'manylinux2014' variant of XGBoost. Certain features such as GPU algorithms or federated learning are not available. To use these features, please upgrade to a recent Linux distro with glibc 2.28+, and install the 'manylinux_2_28' variant.
  warnings.warn(
/data/home/rtabares/anaconda3/envs/pyth3.12/lib/python3.12/site-packages/xgboost/core.py:377: FutureWarning: Your system has an old version of glibc (< 2.28). We will stop supporting Linux distros with glibc older than 2.28 after **May 31, 2025**. Please upgrade to a recent Linux distro (with glibc >= 2.28) to use future versions of XGBoost.
Note: You have installed the 'manylinux2014' variant of XGBoost. Certain features such as GPU algorithms or federated learning are not available. To use these features, please upgrade to a recent Linux distro with glibc 2.28+, and install the 'manylinux_2_28' variant.
  warnings.warn(
[I 2025-05-04 17:35:12,657] Trial 17 finished with value: 0.8 and parameters: {'n_estimators': 100, 'max_depth': 30, 'gamma': 0.2632083437926888, 'subsample': 0.7140255155540263, 'colsample_bytree': 0.6174973512583942}. Best is trial 0 with value: 0.9.
[I 2025-05-04 17:35:12,703] Trial 18 finished with value: 0.75 and parameters: {'n_estimators': 40, 'max_depth': 5, 'gamma': 0.6557038011931398, 'subsample': 0.8603843179492204, 'colsample_bytree': 0.870130181902798}. Best is trial 0 with value: 0.9.
[I 2025-05-04 17:35:12,747] Trial 19 finished with value: 0.75 and parameters: {'n_estimators': 10, 'max_depth': 5, 'gamma': 0.2958718504178171, 'subsample': 0.8215009215874632, 'colsample_bytree': 0.9943207699442902}. Best is trial 0 with value: 0.9.
[I 2025-05-04 17:35:12,796] Trial 20 finished with value: 0.8 and parameters: {'n_estimators': 100, 'max_depth': 30, 'gamma': 0.42884177622435904, 'subsample': 0.9327822011408151, 'colsample_bytree': 0.5757672070787012}. Best is trial 0 with value: 0.9.
[I 2025-05-04 17:35:12,846] Trial 21 finished with value: 0.9 and parameters: {'n_estimators': 100, 'max_depth': 5, 'gamma': 0.31057382460963084, 'subsample': 0.5085268087059827, 'colsample_bytree': 0.5054449325244202}. Best is trial 0 with value: 0.9.
[I 2025-05-04 17:35:12,897] Trial 22 finished with value: 0.85 and parameters: {'n_estimators': 100, 'max_depth': 5, 'gamma': 0.18880907034326008, 'subsample': 0.5619133209621548, 'colsample_bytree': 0.5112036465045529}. Best is trial 0 with value: 0.9.
[I 2025-05-04 17:35:12,937] Trial 23 finished with value: 0.85 and parameters: {'n_estimators': 100, 'max_depth': 5, 'gamma': 0.40231755377083206, 'subsample': 0.5097945976834691, 'colsample_bytree': 0.6116125604799425}. Best is trial 0 with value: 0.9.
[I 2025-05-04 17:35:12,988] Trial 24 finished with value: 0.9 and parameters: {'n_estimators': 100, 'max_depth': 5, 'gamma': 0.10966899863083795, 'subsample': 0.5980892101475628, 'colsample_bytree': 0.5443447297767046}. Best is trial 0 with value: 0.9.
[I 2025-05-04 17:35:13,040] Trial 25 finished with value: 0.85 and parameters: {'n_estimators': 100, 'max_depth': 5, 'gamma': 0.49727070858250844, 'subsample': 0.5507776631157136, 'colsample_bytree': 0.6578617707471696}. Best is trial 0 with value: 0.9.
[I 2025-05-04 17:35:13,092] Trial 26 finished with value: 0.9 and parameters: {'n_estimators': 100, 'max_depth': 5, 'gamma': 0.2492360250817559, 'subsample': 0.638994002412441, 'colsample_bytree': 0.5975109494478908}. Best is trial 0 with value: 0.9.
[I 2025-05-04 17:35:13,140] Trial 27 finished with value: 0.85 and parameters: {'n_estimators': 100, 'max_depth': 5, 'gamma': 0.3369786272482098, 'subsample': 0.710319357227721, 'colsample_bytree': 0.7046857027876567}. Best is trial 0 with value: 0.9.
[I 2025-05-04 17:35:13,182] Trial 28 finished with value: 0.9 and parameters: {'n_estimators': 10, 'max_depth': 30, 'gamma': 0.46483908722811257, 'subsample': 0.5871789562723189, 'colsample_bytree': 0.5438270820195842}. Best is trial 0 with value: 0.9.
[I 2025-05-04 17:35:13,220] Trial 29 finished with value: 0.75 and parameters: {'n_estimators': 40, 'max_depth': 5, 'gamma': 0.6179166334227171, 'subsample': 0.6307957972595527, 'colsample_bytree': 0.7494834142079984}. Best is trial 0 with value: 0.9.
[I 2025-05-04 17:35:16,789] A new study created in memory with name: rf
Parámetros guardados en checkpoint_shoppers_Doriginal_Roriginal/lc/best_models_lc_seed_2/xgb_best_params.json


>>> Optuna tuning rf


[I 2025-05-04 17:35:17,994] Trial 0 finished with value: 0.9 and parameters: {'n_estimators': 274, 'max_depth': 3, 'min_samples_split': 6, 'min_samples_leaf': 5}. Best is trial 0 with value: 0.9.
[I 2025-05-04 17:35:18,391] Trial 1 finished with value: 0.5 and parameters: {'n_estimators': 268, 'max_depth': 8, 'min_samples_split': 3, 'min_samples_leaf': 7}. Best is trial 0 with value: 0.9.
[I 2025-05-04 17:35:18,692] Trial 2 finished with value: 0.9 and parameters: {'n_estimators': 220, 'max_depth': 7, 'min_samples_split': 7, 'min_samples_leaf': 6}. Best is trial 0 with value: 0.9.
[I 2025-05-04 17:35:18,912] Trial 3 finished with value: 0.5 and parameters: {'n_estimators': 153, 'max_depth': 12, 'min_samples_split': 3, 'min_samples_leaf': 8}. Best is trial 0 with value: 0.9.
[I 2025-05-04 17:35:19,404] Trial 4 finished with value: 0.85 and parameters: {'n_estimators': 442, 'max_depth': 11, 'min_samples_split': 9, 'min_samples_leaf': 1}. Best is trial 0 with value: 0.9.
[I 2025-05-04 17:35:19,785] Trial 5 finished with value: 0.8 and parameters: {'n_estimators': 302, 'max_depth': 4, 'min_samples_split': 5, 'min_samples_leaf': 1}. Best is trial 0 with value: 0.9.
[I 2025-05-04 17:35:20,003] Trial 6 finished with value: 0.85 and parameters: {'n_estimators': 150, 'max_depth': 13, 'min_samples_split': 4, 'min_samples_leaf': 2}. Best is trial 0 with value: 0.9.
[I 2025-05-04 17:35:20,242] Trial 7 finished with value: 0.8 and parameters: {'n_estimators': 188, 'max_depth': 9, 'min_samples_split': 6, 'min_samples_leaf': 3}. Best is trial 0 with value: 0.9.
[I 2025-05-04 17:35:20,662] Trial 8 finished with value: 0.85 and parameters: {'n_estimators': 356, 'max_depth': 11, 'min_samples_split': 6, 'min_samples_leaf': 4}. Best is trial 0 with value: 0.9.
[I 2025-05-04 17:35:21,102] Trial 9 finished with value: 0.5 and parameters: {'n_estimators': 418, 'max_depth': 13, 'min_samples_split': 3, 'min_samples_leaf': 8}. Best is trial 0 with value: 0.9.
[I 2025-05-04 17:35:21,529] Trial 10 finished with value: 0.5 and parameters: {'n_estimators': 331, 'max_depth': 19, 'min_samples_split': 10, 'min_samples_leaf': 10}. Best is trial 0 with value: 0.9.
[I 2025-05-04 17:35:22,473] Trial 11 finished with value: 0.85 and parameters: {'n_estimators': 235, 'max_depth': 4, 'min_samples_split': 8, 'min_samples_leaf': 5}. Best is trial 0 with value: 0.9.
[I 2025-05-04 17:35:23,382] Trial 12 finished with value: 0.8 and parameters: {'n_estimators': 233, 'max_depth': 3, 'min_samples_split': 8, 'min_samples_leaf': 6}. Best is trial 0 with value: 0.9.
[I 2025-05-04 17:35:24,494] Trial 13 finished with value: 0.9 and parameters: {'n_estimators': 388, 'max_depth': 7, 'min_samples_split': 7, 'min_samples_leaf': 5}. Best is trial 0 with value: 0.9.
[I 2025-05-04 17:35:24,791] Trial 14 finished with value: 0.9 and parameters: {'n_estimators': 208, 'max_depth': 6, 'min_samples_split': 5, 'min_samples_leaf': 6}. Best is trial 0 with value: 0.9.
[I 2025-05-04 17:35:25,340] Trial 15 finished with value: 0.9 and parameters: {'n_estimators': 477, 'max_depth': 6, 'min_samples_split': 7, 'min_samples_leaf': 4}. Best is trial 0 with value: 0.9.
[I 2025-05-04 17:35:25,494] Trial 16 finished with value: 0.5 and parameters: {'n_estimators': 108, 'max_depth': 16, 'min_samples_split': 7, 'min_samples_leaf': 10}. Best is trial 0 with value: 0.9.
[I 2025-05-04 17:35:25,885] Trial 17 finished with value: 0.5 and parameters: {'n_estimators': 301, 'max_depth': 5, 'min_samples_split': 5, 'min_samples_leaf': 8}. Best is trial 0 with value: 0.9.
[I 2025-05-04 17:35:26,232] Trial 18 finished with value: 0.5 and parameters: {'n_estimators': 266, 'max_depth': 9, 'min_samples_split': 2, 'min_samples_leaf': 7}. Best is trial 0 with value: 0.9.
[I 2025-05-04 17:35:26,478] Trial 19 finished with value: 0.8 and parameters: {'n_estimators': 167, 'max_depth': 3, 'min_samples_split': 9, 'min_samples_leaf': 4}. Best is trial 0 with value: 0.9.
[I 2025-05-04 17:35:26,662] Trial 20 finished with value: 0.8 and parameters: {'n_estimators': 107, 'max_depth': 8, 'min_samples_split': 8, 'min_samples_leaf': 3}. Best is trial 0 with value: 0.9.
[I 2025-05-04 17:35:27,119] Trial 21 finished with value: 0.85 and parameters: {'n_estimators': 381, 'max_depth': 7, 'min_samples_split': 7, 'min_samples_leaf': 5}. Best is trial 0 with value: 0.9.
[I 2025-05-04 17:35:27,527] Trial 22 finished with value: 0.75 and parameters: {'n_estimators': 375, 'max_depth': 6, 'min_samples_split': 6, 'min_samples_leaf': 6}. Best is trial 0 with value: 0.9.
[I 2025-05-04 17:35:27,913] Trial 23 finished with value: 0.8 and parameters: {'n_estimators': 334, 'max_depth': 10, 'min_samples_split': 7, 'min_samples_leaf': 5}. Best is trial 0 with value: 0.9.
[I 2025-05-04 17:35:28,273] Trial 24 finished with value: 0.5 and parameters: {'n_estimators': 278, 'max_depth': 5, 'min_samples_split': 6, 'min_samples_leaf': 7}. Best is trial 0 with value: 0.9.
[I 2025-05-04 17:35:28,842] Trial 25 finished with value: 0.8 and parameters: {'n_estimators': 500, 'max_depth': 15, 'min_samples_split': 9, 'min_samples_leaf': 3}. Best is trial 0 with value: 0.9.
[I 2025-05-04 17:35:29,280] Trial 26 finished with value: 0.85 and parameters: {'n_estimators': 411, 'max_depth': 7, 'min_samples_split': 5, 'min_samples_leaf': 5}. Best is trial 0 with value: 0.9.
[I 2025-05-04 17:35:29,579] Trial 27 finished with value: 0.8 and parameters: {'n_estimators': 230, 'max_depth': 3, 'min_samples_split': 8, 'min_samples_leaf': 4}. Best is trial 0 with value: 0.9.
[I 2025-05-04 17:35:29,979] Trial 28 finished with value: 0.8 and parameters: {'n_estimators': 328, 'max_depth': 20, 'min_samples_split': 7, 'min_samples_leaf': 6}. Best is trial 0 with value: 0.9.
[I 2025-05-04 17:35:30,287] Trial 29 finished with value: 0.5 and parameters: {'n_estimators': 275, 'max_depth': 8, 'min_samples_split': 4, 'min_samples_leaf': 9}. Best is trial 0 with value: 0.9.
[I 2025-05-04 17:35:32,623] A new study created in memory with name: svc
[I 2025-05-04 17:35:33,203] Trial 0 finished with value: 0.95 and parameters: {'C': 0.5545996722241048, 'gamma': 0.00012697111322756423}. Best is trial 0 with value: 0.95.
Parámetros guardados en checkpoint_shoppers_Doriginal_Roriginal/lc/best_models_lc_seed_2/rf_best_params.json


>>> Optuna tuning svc


[I 2025-05-04 17:35:35,375] Trial 1 finished with value: 1.0 and parameters: {'C': 1.579973895360496, 'gamma': 0.005511750757691415}. Best is trial 1 with value: 1.0.
[I 2025-05-04 17:35:35,596] Trial 2 finished with value: 1.0 and parameters: {'C': 0.48025424062174377, 'gamma': 0.002095749079193946}. Best is trial 1 with value: 1.0.
[I 2025-05-04 17:35:35,617] Trial 3 finished with value: 1.0 and parameters: {'C': 0.06585587677899403, 'gamma': 0.029997417348655162}. Best is trial 1 with value: 1.0.
[I 2025-05-04 17:35:35,633] Trial 4 finished with value: 1.0 and parameters: {'C': 0.15798603319028856, 'gamma': 0.0011676403660687692}. Best is trial 1 with value: 1.0.
[I 2025-05-04 17:35:35,647] Trial 5 finished with value: 1.0 and parameters: {'C': 3.051654279698754, 'gamma': 0.01307881440940144}. Best is trial 1 with value: 1.0.
[I 2025-05-04 17:35:35,660] Trial 6 finished with value: 1.0 and parameters: {'C': 0.034539797048540495, 'gamma': 0.01133215445049292}. Best is trial 1 with value: 1.0.
[I 2025-05-04 17:35:35,673] Trial 7 finished with value: 0.85 and parameters: {'C': 0.05467130776888186, 'gamma': 0.13846518531662885}. Best is trial 1 with value: 1.0.
[I 2025-05-04 17:35:35,687] Trial 8 finished with value: 1.0 and parameters: {'C': 26.055605528320903, 'gamma': 0.009483034914203468}. Best is trial 1 with value: 1.0.
[I 2025-05-04 17:35:35,700] Trial 9 finished with value: 1.0 and parameters: {'C': 24.335817588808105, 'gamma': 0.00020824851253449603}. Best is trial 1 with value: 1.0.
[I 2025-05-04 17:35:35,723] Trial 10 finished with value: 0.85 and parameters: {'C': 3.484702822903115, 'gamma': 0.5309146886923963}. Best is trial 1 with value: 1.0.
[I 2025-05-04 17:35:35,744] Trial 11 finished with value: 1.0 and parameters: {'C': 0.6929704739316495, 'gamma': 0.002032498299568076}. Best is trial 1 with value: 1.0.
[I 2025-05-04 17:35:36,412] Trial 12 finished with value: 1.0 and parameters: {'C': 3.5035149599707673, 'gamma': 0.001072685193000235}. Best is trial 1 with value: 1.0.
[I 2025-05-04 17:35:37,053] Trial 13 finished with value: 1.0 and parameters: {'C': 0.012176898213984615, 'gamma': 0.002787945795107061}. Best is trial 1 with value: 1.0.
[I 2025-05-04 17:35:37,079] Trial 14 finished with value: 0.95 and parameters: {'C': 0.2643378747849692, 'gamma': 0.00044664214666113714}. Best is trial 1 with value: 1.0.
[I 2025-05-04 17:35:37,101] Trial 15 finished with value: 1.0 and parameters: {'C': 80.78963648177103, 'gamma': 0.07377175713370532}. Best is trial 1 with value: 1.0.
[I 2025-05-04 17:35:37,122] Trial 16 finished with value: 1.0 and parameters: {'C': 1.4444306236039912, 'gamma': 0.005360202832133751}. Best is trial 1 with value: 1.0.
[I 2025-05-04 17:35:37,144] Trial 17 finished with value: 1.0 and parameters: {'C': 8.79800395663174, 'gamma': 0.00046133992722549117}. Best is trial 1 with value: 1.0.
[I 2025-05-04 17:35:37,795] Trial 18 finished with value: 1.0 and parameters: {'C': 0.2775986814220062, 'gamma': 0.036058877945824665}. Best is trial 1 with value: 1.0.
[I 2025-05-04 17:35:37,820] Trial 19 finished with value: 1.0 and parameters: {'C': 1.2832445978242804, 'gamma': 0.003894099610005291}. Best is trial 1 with value: 1.0.
[I 2025-05-04 17:35:37,842] Trial 20 finished with value: 0.85 and parameters: {'C': 8.486565700062625, 'gamma': 0.5156197678494809}. Best is trial 1 with value: 1.0.
[I 2025-05-04 17:35:37,862] Trial 21 finished with value: 1.0 and parameters: {'C': 0.06135147751939973, 'gamma': 0.02670145976662941}. Best is trial 1 with value: 1.0.
[I 2025-05-04 17:35:37,883] Trial 22 finished with value: 0.85 and parameters: {'C': 0.11878965893690438, 'gamma': 0.14958427930795254}. Best is trial 1 with value: 1.0.
[I 2025-05-04 17:35:38,523] Trial 23 finished with value: 1.0 and parameters: {'C': 0.01538445912829567, 'gamma': 0.028169034395576383}. Best is trial 1 with value: 1.0.
[I 2025-05-04 17:35:38,548] Trial 24 finished with value: 1.0 and parameters: {'C': 0.3185112434403541, 'gamma': 0.005210760282972403}. Best is trial 1 with value: 1.0.
[I 2025-05-04 17:35:39,230] Trial 25 finished with value: 1.0 and parameters: {'C': 0.03037649024069919, 'gamma': 0.00132870154552491}. Best is trial 1 with value: 1.0.
[I 2025-05-04 17:35:39,255] Trial 26 finished with value: 1.0 and parameters: {'C': 0.1113293192408453, 'gamma': 0.015107341199273799}. Best is trial 1 with value: 1.0.
[I 2025-05-04 17:35:39,277] Trial 27 finished with value: 1.0 and parameters: {'C': 1.7262513424705608, 'gamma': 0.05946808540696508}. Best is trial 1 with value: 1.0.
[I 2025-05-04 17:35:39,313] Trial 28 finished with value: 1.0 and parameters: {'C': 0.5075047766252951, 'gamma': 0.006861136937082391}. Best is trial 1 with value: 1.0.
[I 2025-05-04 17:35:39,336] Trial 29 finished with value: 0.95 and parameters: {'C': 0.6281253302758034, 'gamma': 0.00010732611000664496}. Best is trial 1 with value: 1.0.
[I 2025-05-04 17:35:41,125] A new study created in memory with name: logreg
[I 2025-05-04 17:35:41,149] Trial 0 finished with value: 1.0 and parameters: {'C': 0.15134724182275533, 'penalty': 'l2'}. Best is trial 0 with value: 1.0.
[I 2025-05-04 17:35:41,175] Trial 1 finished with value: 1.0 and parameters: {'C': 0.00134781771168027, 'penalty': 'l2'}. Best is trial 0 with value: 1.0.
Parámetros guardados en checkpoint_shoppers_Doriginal_Roriginal/lc/best_models_lc_seed_2/svc_best_params.json


>>> Optuna tuning logreg


[I 2025-05-04 17:35:43,913] Trial 2 finished with value: 1.0 and parameters: {'C': 0.5601603817503298, 'penalty': 'l2'}. Best is trial 0 with value: 1.0.
[I 2025-05-04 17:35:44,207] Trial 3 finished with value: 1.0 and parameters: {'C': 0.15017995265951545, 'penalty': 'l2'}. Best is trial 0 with value: 1.0.
[I 2025-05-04 17:35:44,235] Trial 4 finished with value: 1.0 and parameters: {'C': 0.1264267606498664, 'penalty': 'l2'}. Best is trial 0 with value: 1.0.
[I 2025-05-04 17:35:44,261] Trial 5 finished with value: 1.0 and parameters: {'C': 0.044840877729077515, 'penalty': 'l2'}. Best is trial 0 with value: 1.0.
[I 2025-05-04 17:35:44,286] Trial 6 finished with value: 1.0 and parameters: {'C': 0.010549774340694125, 'penalty': 'l2'}. Best is trial 0 with value: 1.0.
[I 2025-05-04 17:35:44,310] Trial 7 finished with value: 1.0 and parameters: {'C': 1.248403080828608, 'penalty': 'l2'}. Best is trial 0 with value: 1.0.
[I 2025-05-04 17:35:44,336] Trial 8 finished with value: 1.0 and parameters: {'C': 0.03149730300397853, 'penalty': 'l2'}. Best is trial 0 with value: 1.0.
[I 2025-05-04 17:35:44,362] Trial 9 finished with value: 1.0 and parameters: {'C': 0.021584220823040776, 'penalty': 'l2'}. Best is trial 0 with value: 1.0.
[I 2025-05-04 17:35:44,394] Trial 10 finished with value: 1.0 and parameters: {'C': 26.015182919619694, 'penalty': 'l2'}. Best is trial 0 with value: 1.0.
[I 2025-05-04 17:35:44,423] Trial 11 finished with value: 1.0 and parameters: {'C': 0.001176371971117908, 'penalty': 'l2'}. Best is trial 0 with value: 1.0.
[I 2025-05-04 17:35:44,446] Trial 12 finished with value: 1.0 and parameters: {'C': 0.001136550637943971, 'penalty': 'l2'}. Best is trial 0 with value: 1.0.
[I 2025-05-04 17:35:45,101] Trial 13 finished with value: 1.0 and parameters: {'C': 5.05278877551691, 'penalty': 'l2'}. Best is trial 0 with value: 1.0.
[I 2025-05-04 17:35:45,130] Trial 14 finished with value: 1.0 and parameters: {'C': 0.003541755125609463, 'penalty': 'l2'}. Best is trial 0 with value: 1.0.
[I 2025-05-04 17:35:45,773] Trial 15 finished with value: 1.0 and parameters: {'C': 77.6849705676342, 'penalty': 'l2'}. Best is trial 0 with value: 1.0.
[I 2025-05-04 17:35:45,805] Trial 16 finished with value: 1.0 and parameters: {'C': 7.653329043484061, 'penalty': 'l2'}. Best is trial 0 with value: 1.0.
[I 2025-05-04 17:35:45,836] Trial 17 finished with value: 1.0 and parameters: {'C': 1.5362107485579384, 'penalty': 'l2'}. Best is trial 0 with value: 1.0.
[I 2025-05-04 17:35:46,483] Trial 18 finished with value: 1.0 and parameters: {'C': 0.0075523275239011475, 'penalty': 'l2'}. Best is trial 0 with value: 1.0.
[I 2025-05-04 17:35:46,515] Trial 19 finished with value: 1.0 and parameters: {'C': 0.08859563088414432, 'penalty': 'l2'}. Best is trial 0 with value: 1.0.
[I 2025-05-04 17:35:46,535] Trial 20 finished with value: 1.0 and parameters: {'C': 0.003353256992349874, 'penalty': 'l2'}. Best is trial 0 with value: 1.0.
[I 2025-05-04 17:35:47,167] Trial 21 finished with value: 1.0 and parameters: {'C': 0.4001789767689228, 'penalty': 'l2'}. Best is trial 0 with value: 1.0.
[I 2025-05-04 17:35:47,200] Trial 22 finished with value: 1.0 and parameters: {'C': 0.6462882932974424, 'penalty': 'l2'}. Best is trial 0 with value: 1.0.
[I 2025-05-04 17:35:47,848] Trial 23 finished with value: 1.0 and parameters: {'C': 4.077672338994067, 'penalty': 'l2'}. Best is trial 0 with value: 1.0.
[I 2025-05-04 17:35:47,869] Trial 24 finished with value: 1.0 and parameters: {'C': 0.250754364460805, 'penalty': 'l2'}. Best is trial 0 with value: 1.0.
[I 2025-05-04 17:35:47,887] Trial 25 finished with value: 1.0 and parameters: {'C': 16.581847172247183, 'penalty': 'l2'}. Best is trial 0 with value: 1.0.
[I 2025-05-04 17:35:47,914] Trial 26 finished with value: 1.0 and parameters: {'C': 1.2591926750626607, 'penalty': 'l2'}. Best is trial 0 with value: 1.0.
[I 2025-05-04 17:35:47,943] Trial 27 finished with value: 1.0 and parameters: {'C': 0.07091188450131096, 'penalty': 'l2'}. Best is trial 0 with value: 1.0.
[I 2025-05-04 17:35:47,964] Trial 28 finished with value: 1.0 and parameters: {'C': 0.016137722858757322, 'penalty': 'l2'}. Best is trial 0 with value: 1.0.
