[I 2025-05-07 07:35:03,717] Trial 27 finished with value: 0.85 and parameters: {'n_estimators': 10, 'max_depth': 20, 'gamma': 0.23398659437589153, 'subsample': 0.9988556616370565, 'colsample_bytree': 0.908284133546014}. Best is trial 20 with value: 0.85.
[I 2025-05-07 07:35:03,757] Trial 28 finished with value: 0.7666666666666667 and parameters: {'n_estimators': 40, 'max_depth': 30, 'gamma': 0.7426717086906772, 'subsample': 0.9872668289548104, 'colsample_bytree': 0.9145271101061285}. Best is trial 20 with value: 0.85.
[I 2025-05-07 07:35:03,807] Trial 29 finished with value: 0.75 and parameters: {'n_estimators': 100, 'max_depth': 5, 'gamma': 0.591111657287935, 'subsample': 0.7476094432507916, 'colsample_bytree': 0.9181021213717188}. Best is trial 20 with value: 0.85.
[I 2025-05-07 07:35:07,837] A new study created in memory with name: rf
Parámetros guardados en checkpoint_shoppers_Doriginal_Roriginal_C/random/IPC_30/best_models_random_seed_11_space_original/xgb_best_params.json


>>> Optuna tuning rf metodo random IPC 30 seed 11


[I 2025-05-07 07:35:08,634] Trial 0 finished with value: 0.65 and parameters: {'n_estimators': 172, 'max_depth': 3, 'min_samples_split': 6, 'min_samples_leaf': 8}. Best is trial 0 with value: 0.65.
[I 2025-05-07 07:35:09,033] Trial 1 finished with value: 0.6166666666666667 and parameters: {'n_estimators': 268, 'max_depth': 11, 'min_samples_split': 2, 'min_samples_leaf': 5}. Best is trial 0 with value: 0.65.
[I 2025-05-07 07:35:09,612] Trial 2 finished with value: 0.6666666666666667 and parameters: {'n_estimators': 477, 'max_depth': 18, 'min_samples_split': 8, 'min_samples_leaf': 2}. Best is trial 2 with value: 0.6666666666666667.
[I 2025-05-07 07:35:10,138] Trial 3 finished with value: 0.7 and parameters: {'n_estimators': 458, 'max_depth': 18, 'min_samples_split': 3, 'min_samples_leaf': 7}. Best is trial 3 with value: 0.7.
[I 2025-05-07 07:35:10,275] Trial 4 finished with value: 0.7 and parameters: {'n_estimators': 108, 'max_depth': 5, 'min_samples_split': 4, 'min_samples_leaf': 2}. Best is trial 3 with value: 0.7.
[I 2025-05-07 07:35:10,727] Trial 5 finished with value: 0.6833333333333333 and parameters: {'n_estimators': 404, 'max_depth': 17, 'min_samples_split': 5, 'min_samples_leaf': 4}. Best is trial 3 with value: 0.7.
[I 2025-05-07 07:35:10,945] Trial 6 finished with value: 0.6666666666666667 and parameters: {'n_estimators': 144, 'max_depth': 4, 'min_samples_split': 8, 'min_samples_leaf': 6}. Best is trial 3 with value: 0.7.
[I 2025-05-07 07:35:11,182] Trial 7 finished with value: 0.65 and parameters: {'n_estimators': 122, 'max_depth': 11, 'min_samples_split': 5, 'min_samples_leaf': 9}. Best is trial 3 with value: 0.7.
[I 2025-05-07 07:35:11,631] Trial 8 finished with value: 0.65 and parameters: {'n_estimators': 387, 'max_depth': 13, 'min_samples_split': 6, 'min_samples_leaf': 10}. Best is trial 3 with value: 0.7.
[I 2025-05-07 07:35:12,210] Trial 9 finished with value: 0.6833333333333333 and parameters: {'n_estimators': 495, 'max_depth': 9, 'min_samples_split': 4, 'min_samples_leaf': 8}. Best is trial 3 with value: 0.7.
[I 2025-05-07 07:35:12,581] Trial 10 finished with value: 0.75 and parameters: {'n_estimators': 297, 'max_depth': 20, 'min_samples_split': 2, 'min_samples_leaf': 7}. Best is trial 10 with value: 0.75.
[I 2025-05-07 07:35:13,626] Trial 11 finished with value: 0.6666666666666667 and parameters: {'n_estimators': 280, 'max_depth': 20, 'min_samples_split': 2, 'min_samples_leaf': 7}. Best is trial 10 with value: 0.75.
[I 2025-05-07 07:35:14,730] Trial 12 finished with value: 0.6333333333333333 and parameters: {'n_estimators': 368, 'max_depth': 15, 'min_samples_split': 2, 'min_samples_leaf': 4}. Best is trial 10 with value: 0.75.
[I 2025-05-07 07:35:15,155] Trial 13 finished with value: 0.6666666666666666 and parameters: {'n_estimators': 324, 'max_depth': 20, 'min_samples_split': 10, 'min_samples_leaf': 6}. Best is trial 10 with value: 0.75.
[I 2025-05-07 07:35:15,429] Trial 14 finished with value: 0.6666666666666666 and parameters: {'n_estimators': 240, 'max_depth': 16, 'min_samples_split': 3, 'min_samples_leaf': 7}. Best is trial 10 with value: 0.75.
[I 2025-05-07 07:35:15,684] Trial 15 finished with value: 0.7 and parameters: {'n_estimators': 219, 'max_depth': 19, 'min_samples_split': 3, 'min_samples_leaf': 10}. Best is trial 10 with value: 0.75.
[I 2025-05-07 07:35:16,162] Trial 16 finished with value: 0.6666666666666666 and parameters: {'n_estimators': 445, 'max_depth': 14, 'min_samples_split': 3, 'min_samples_leaf': 4}. Best is trial 10 with value: 0.75.
[I 2025-05-07 07:35:16,569] Trial 17 finished with value: 0.65 and parameters: {'n_estimators': 335, 'max_depth': 7, 'min_samples_split': 4, 'min_samples_leaf': 8}. Best is trial 10 with value: 0.75.
[I 2025-05-07 07:35:17,045] Trial 18 finished with value: 0.6666666666666666 and parameters: {'n_estimators': 433, 'max_depth': 17, 'min_samples_split': 8, 'min_samples_leaf': 7}. Best is trial 10 with value: 0.75.
[I 2025-05-07 07:35:17,331] Trial 19 finished with value: 0.6833333333333333 and parameters: {'n_estimators': 201, 'max_depth': 13, 'min_samples_split': 2, 'min_samples_leaf': 5}. Best is trial 10 with value: 0.75.
[I 2025-05-07 07:35:17,770] Trial 20 finished with value: 0.6833333333333333 and parameters: {'n_estimators': 348, 'max_depth': 19, 'min_samples_split': 5, 'min_samples_leaf': 1}. Best is trial 10 with value: 0.75.
[I 2025-05-07 07:35:17,931] Trial 21 finished with value: 0.7 and parameters: {'n_estimators': 101, 'max_depth': 6, 'min_samples_split': 4, 'min_samples_leaf': 2}. Best is trial 10 with value: 0.75.
[I 2025-05-07 07:35:18,281] Trial 22 finished with value: 0.6666666666666667 and parameters: {'n_estimators': 290, 'max_depth': 8, 'min_samples_split': 3, 'min_samples_leaf': 2}. Best is trial 10 with value: 0.75.
[I 2025-05-07 07:35:18,501] Trial 23 finished with value: 0.7 and parameters: {'n_estimators': 176, 'max_depth': 10, 'min_samples_split': 4, 'min_samples_leaf': 3}. Best is trial 10 with value: 0.75.
[I 2025-05-07 07:35:18,842] Trial 24 finished with value: 0.6833333333333333 and parameters: {'n_estimators': 249, 'max_depth': 6, 'min_samples_split': 3, 'min_samples_leaf': 6}. Best is trial 10 with value: 0.75.
[I 2025-05-07 07:35:19,349] Trial 25 finished with value: 0.65 and parameters: {'n_estimators': 418, 'max_depth': 16, 'min_samples_split': 2, 'min_samples_leaf': 9}. Best is trial 10 with value: 0.75.
[I 2025-05-07 07:35:19,758] Trial 26 finished with value: 0.7166666666666666 and parameters: {'n_estimators': 312, 'max_depth': 18, 'min_samples_split': 7, 'min_samples_leaf': 1}. Best is trial 10 with value: 0.75.
[I 2025-05-07 07:35:20,157] Trial 27 finished with value: 0.6833333333333333 and parameters: {'n_estimators': 317, 'max_depth': 18, 'min_samples_split': 9, 'min_samples_leaf': 7}. Best is trial 10 with value: 0.75.
[I 2025-05-07 07:35:20,679] Trial 28 finished with value: 0.6666666666666666 and parameters: {'n_estimators': 459, 'max_depth': 20, 'min_samples_split': 7, 'min_samples_leaf': 5}. Best is trial 10 with value: 0.75.
[I 2025-05-07 07:35:21,127] Trial 29 finished with value: 0.7166666666666666 and parameters: {'n_estimators': 375, 'max_depth': 18, 'min_samples_split': 6, 'min_samples_leaf': 8}. Best is trial 10 with value: 0.75.
[I 2025-05-07 07:35:24,173] A new study created in memory with name: svc
Parámetros guardados en checkpoint_shoppers_Doriginal_Roriginal_C/random/IPC_30/best_models_random_seed_11_space_original/rf_best_params.json


>>> Optuna tuning svc metodo random IPC 30 seed 11


[I 2025-05-07 07:35:26,519] Trial 0 finished with value: 0.5833333333333333 and parameters: {'C': 0.052611266367224976, 'gamma': 0.00011964676644993749}. Best is trial 0 with value: 0.5833333333333333.
[I 2025-05-07 07:35:26,624] Trial 1 finished with value: 0.6666666666666667 and parameters: {'C': 0.7126464170528299, 'gamma': 0.07938450055324443}. Best is trial 1 with value: 0.6666666666666667.
[I 2025-05-07 07:35:26,651] Trial 2 finished with value: 0.6166666666666666 and parameters: {'C': 0.479528493913665, 'gamma': 0.008743964639665053}. Best is trial 1 with value: 0.6666666666666667.
[I 2025-05-07 07:35:26,666] Trial 3 finished with value: 0.6166666666666666 and parameters: {'C': 0.011249241966274815, 'gamma': 0.008901976209129038}. Best is trial 1 with value: 0.6666666666666667.
[I 2025-05-07 07:35:26,680] Trial 4 finished with value: 0.6833333333333333 and parameters: {'C': 58.50952998436477, 'gamma': 0.2530348602972896}. Best is trial 4 with value: 0.6833333333333333.
[I 2025-05-07 07:35:26,693] Trial 5 finished with value: 0.5833333333333333 and parameters: {'C': 8.31491628125996, 'gamma': 0.00027223520546578004}. Best is trial 4 with value: 0.6833333333333333.
[I 2025-05-07 07:35:26,718] Trial 6 finished with value: 0.6666666666666667 and parameters: {'C': 37.63714577477797, 'gamma': 0.2682977238598034}. Best is trial 4 with value: 0.6833333333333333.
[I 2025-05-07 07:35:26,743] Trial 7 finished with value: 0.6666666666666666 and parameters: {'C': 0.04574529897990661, 'gamma': 0.03383265306296509}. Best is trial 4 with value: 0.6833333333333333.
[I 2025-05-07 07:35:26,758] Trial 8 finished with value: 0.5833333333333333 and parameters: {'C': 0.012076315513827702, 'gamma': 0.0002930549592170629}. Best is trial 4 with value: 0.6833333333333333.
[I 2025-05-07 07:35:26,772] Trial 9 finished with value: 0.5833333333333333 and parameters: {'C': 0.1842761993461761, 'gamma': 0.0004282025277716455}. Best is trial 4 with value: 0.6833333333333333.
[I 2025-05-07 07:35:26,795] Trial 10 finished with value: 0.6166666666666667 and parameters: {'C': 87.54430788402838, 'gamma': 0.6089265602177613}. Best is trial 4 with value: 0.6833333333333333.
[I 2025-05-07 07:35:27,455] Trial 11 finished with value: 0.7166666666666667 and parameters: {'C': 3.3822827893519163, 'gamma': 0.09519294280374581}. Best is trial 11 with value: 0.7166666666666667.
[I 2025-05-07 07:35:28,105] Trial 12 finished with value: 0.7 and parameters: {'C': 6.788208479518883, 'gamma': 0.12143714346846086}. Best is trial 11 with value: 0.7166666666666667.
[I 2025-05-07 07:35:28,128] Trial 13 finished with value: 0.6833333333333333 and parameters: {'C': 4.903312510576967, 'gamma': 0.038105495488344784}. Best is trial 11 with value: 0.7166666666666667.
[I 2025-05-07 07:35:28,148] Trial 14 finished with value: 0.7 and parameters: {'C': 3.8767572205593215, 'gamma': 0.001991417714966885}. Best is trial 11 with value: 0.7166666666666667.
[I 2025-05-07 07:35:28,173] Trial 15 finished with value: 0.5666666666666667 and parameters: {'C': 15.904382957671428, 'gamma': 0.9467155380732264}. Best is trial 11 with value: 0.7166666666666667.
[I 2025-05-07 07:35:28,195] Trial 16 finished with value: 0.7666666666666668 and parameters: {'C': 1.794233898722995, 'gamma': 0.12226563176236908}. Best is trial 16 with value: 0.7666666666666668.
[I 2025-05-07 07:35:28,217] Trial 17 finished with value: 0.65 and parameters: {'C': 1.5742909216527947, 'gamma': 0.021884662384169206}. Best is trial 16 with value: 0.7666666666666668.
[I 2025-05-07 07:35:28,239] Trial 18 finished with value: 0.75 and parameters: {'C': 1.2646269329811355, 'gamma': 0.11867845281220449}. Best is trial 16 with value: 0.7666666666666668.
[I 2025-05-07 07:35:28,876] Trial 19 finished with value: 0.5833333333333333 and parameters: {'C': 0.2377082258435835, 'gamma': 0.0032654541506682492}. Best is trial 16 with value: 0.7666666666666668.
[I 2025-05-07 07:35:29,514] Trial 20 finished with value: 0.6833333333333333 and parameters: {'C': 2.0253420535096045, 'gamma': 0.2814979206783683}. Best is trial 16 with value: 0.7666666666666668.
[I 2025-05-07 07:35:30,156] Trial 21 finished with value: 0.7499999999999999 and parameters: {'C': 1.6477173517422574, 'gamma': 0.0904498765381658}. Best is trial 16 with value: 0.7666666666666668.
[I 2025-05-07 07:35:30,190] Trial 22 finished with value: 0.7 and parameters: {'C': 1.1403951447838103, 'gamma': 0.06505995622339256}. Best is trial 16 with value: 0.7666666666666668.
[I 2025-05-07 07:35:30,212] Trial 23 finished with value: 0.6833333333333333 and parameters: {'C': 0.4081334840915431, 'gamma': 0.01894630660828532}. Best is trial 16 with value: 0.7666666666666668.
[I 2025-05-07 07:35:30,238] Trial 24 finished with value: 0.6833333333333333 and parameters: {'C': 17.12185340441121, 'gamma': 0.4132582428987089}. Best is trial 16 with value: 0.7666666666666668.
[I 2025-05-07 07:35:30,260] Trial 25 finished with value: 0.7166666666666666 and parameters: {'C': 1.8856193728907324, 'gamma': 0.1568285507116496}. Best is trial 16 with value: 0.7666666666666668.
[I 2025-05-07 07:35:30,283] Trial 26 finished with value: 0.6666666666666667 and parameters: {'C': 0.8340995349019368, 'gamma': 0.06219669850699777}. Best is trial 16 with value: 0.7666666666666668.
[I 2025-05-07 07:35:30,308] Trial 27 finished with value: 0.65 and parameters: {'C': 0.1399552019987883, 'gamma': 0.16447179023576217}. Best is trial 16 with value: 0.7666666666666668.
[I 2025-05-07 07:35:30,330] Trial 28 finished with value: 0.6333333333333333 and parameters: {'C': 12.595419619611413, 'gamma': 0.016103368786087983}. Best is trial 16 with value: 0.7666666666666668.
[I 2025-05-07 07:35:30,353] Trial 29 finished with value: 0.55 and parameters: {'C': 0.1091482185508773, 'gamma': 0.6198673101849905}. Best is trial 16 with value: 0.7666666666666668.
[I 2025-05-07 07:35:33,301] A new study created in memory with name: logreg
Parámetros guardados en checkpoint_shoppers_Doriginal_Roriginal_C/random/IPC_30/best_models_random_seed_11_space_original/svc_best_params.json


>>> Optuna tuning logreg metodo random IPC 30 seed 11


[I 2025-05-07 07:35:35,660] Trial 0 finished with value: 0.6666666666666667 and parameters: {'C': 0.007967983835727773, 'penalty': 'l2'}. Best is trial 0 with value: 0.6666666666666667.
[I 2025-05-07 07:35:35,752] Trial 1 finished with value: 0.6666666666666667 and parameters: {'C': 0.0012513425358766108, 'penalty': 'l2'}. Best is trial 0 with value: 0.6666666666666667.
[I 2025-05-07 07:35:35,780] Trial 2 finished with value: 0.65 and parameters: {'C': 0.20705829450159577, 'penalty': 'l2'}. Best is trial 0 with value: 0.6666666666666667.
[I 2025-05-07 07:35:35,806] Trial 3 finished with value: 0.6166666666666666 and parameters: {'C': 4.213758542413124, 'penalty': 'l2'}. Best is trial 0 with value: 0.6666666666666667.
[I 2025-05-07 07:35:35,830] Trial 4 finished with value: 0.6666666666666667 and parameters: {'C': 0.1261879900699536, 'penalty': 'l2'}. Best is trial 0 with value: 0.6666666666666667.
[I 2025-05-07 07:35:35,854] Trial 5 finished with value: 0.65 and parameters: {'C': 0.26738404611233735, 'penalty': 'l2'}. Best is trial 0 with value: 0.6666666666666667.
[I 2025-05-07 07:35:35,868] Trial 6 finished with value: 0.6666666666666667 and parameters: {'C': 0.0011585214334596248, 'penalty': 'l2'}. Best is trial 0 with value: 0.6666666666666667.
[I 2025-05-07 07:35:35,892] Trial 7 finished with value: 0.65 and parameters: {'C': 0.2734374760098218, 'penalty': 'l2'}. Best is trial 0 with value: 0.6666666666666667.
[I 2025-05-07 07:35:35,917] Trial 8 finished with value: 0.6833333333333333 and parameters: {'C': 51.172102569534765, 'penalty': 'l2'}. Best is trial 8 with value: 0.6833333333333333.
[I 2025-05-07 07:35:35,942] Trial 9 finished with value: 0.6833333333333333 and parameters: {'C': 17.946321632880416, 'penalty': 'l2'}. Best is trial 8 with value: 0.6833333333333333.
[I 2025-05-07 07:35:35,974] Trial 10 finished with value: 0.6833333333333333 and parameters: {'C': 84.68078824799024, 'penalty': 'l2'}. Best is trial 8 with value: 0.6833333333333333.
[I 2025-05-07 07:35:36,679] Trial 11 finished with value: 0.6833333333333333 and parameters: {'C': 53.79057007233386, 'penalty': 'l2'}. Best is trial 8 with value: 0.6833333333333333.
[I 2025-05-07 07:35:37,356] Trial 12 finished with value: 0.6666666666666665 and parameters: {'C': 6.3780013688097155, 'penalty': 'l2'}. Best is trial 8 with value: 0.6833333333333333.
[I 2025-05-07 07:35:37,388] Trial 13 finished with value: 0.6833333333333333 and parameters: {'C': 8.190771664404672, 'penalty': 'l2'}. Best is trial 8 with value: 0.6833333333333333.
[I 2025-05-07 07:35:37,417] Trial 14 finished with value: 0.6833333333333333 and parameters: {'C': 24.078616170141224, 'penalty': 'l2'}. Best is trial 8 with value: 0.6833333333333333.
[I 2025-05-07 07:35:37,446] Trial 15 finished with value: 0.6166666666666666 and parameters: {'C': 1.8371605202867611, 'penalty': 'l2'}. Best is trial 8 with value: 0.6833333333333333.
[I 2025-05-07 07:35:37,475] Trial 16 finished with value: 0.6333333333333333 and parameters: {'C': 1.2757353998670935, 'penalty': 'l2'}. Best is trial 8 with value: 0.6833333333333333.
[I 2025-05-07 07:35:37,506] Trial 17 finished with value: 0.6833333333333333 and parameters: {'C': 15.557137534084667, 'penalty': 'l2'}. Best is trial 8 with value: 0.6833333333333333.
[I 2025-05-07 07:35:38,173] Trial 18 finished with value: 0.65 and parameters: {'C': 0.044012385843146644, 'penalty': 'l2'}. Best is trial 8 with value: 0.6833333333333333.
[I 2025-05-07 07:35:38,204] Trial 19 finished with value: 0.6333333333333333 and parameters: {'C': 1.3074665458769286, 'penalty': 'l2'}. Best is trial 8 with value: 0.6833333333333333.
[I 2025-05-07 07:35:38,873] Trial 20 finished with value: 0.6833333333333333 and parameters: {'C': 27.743245332617654, 'penalty': 'l2'}. Best is trial 8 with value: 0.6833333333333333.
[I 2025-05-07 07:35:38,905] Trial 21 finished with value: 0.6833333333333333 and parameters: {'C': 95.21940987559981, 'penalty': 'l2'}. Best is trial 8 with value: 0.6833333333333333.
[I 2025-05-07 07:35:38,938] Trial 22 finished with value: 0.6833333333333333 and parameters: {'C': 95.59207966430225, 'penalty': 'l2'}. Best is trial 8 with value: 0.6833333333333333.
[I 2025-05-07 07:35:38,970] Trial 23 finished with value: 0.6833333333333333 and parameters: {'C': 33.54905562604794, 'penalty': 'l2'}. Best is trial 8 with value: 0.6833333333333333.
[I 2025-05-07 07:35:39,003] Trial 24 finished with value: 0.6833333333333333 and parameters: {'C': 12.981688905353112, 'penalty': 'l2'}. Best is trial 8 with value: 0.6833333333333333.
[I 2025-05-07 07:35:39,034] Trial 25 finished with value: 0.5999999999999999 and parameters: {'C': 2.8115506132456227, 'penalty': 'l2'}. Best is trial 8 with value: 0.6833333333333333.
[I 2025-05-07 07:35:39,065] Trial 26 finished with value: 0.6833333333333333 and parameters: {'C': 49.11011794653709, 'penalty': 'l2'}. Best is trial 8 with value: 0.6833333333333333.
[I 2025-05-07 07:35:39,095] Trial 27 finished with value: 0.6833333333333333 and parameters: {'C': 9.133658141635982, 'penalty': 'l2'}. Best is trial 8 with value: 0.6833333333333333.
[I 2025-05-07 07:35:39,126] Trial 28 finished with value: 0.6333333333333333 and parameters: {'C': 0.5858673489803163, 'penalty': 'l2'}. Best is trial 8 with value: 0.6833333333333333.
[I 2025-05-07 07:35:39,155] Trial 29 finished with value: 0.6666666666666667 and parameters: {'C': 0.01606387729523778, 'penalty': 'l2'}. Best is trial 8 with value: 0.6833333333333333.
[I 2025-05-07 07:35:41,062] A new study created in memory with name: mlp
/data/home/rtabares/anaconda3/envs/pyth3.12/lib/python3.12/site-packages/sklearn/neural_network/_multilayer_perceptron.py:691: ConvergenceWarning: Stochastic Optimizer: Maximum iterations (50) reached and the optimization hasn't converged yet.
  warnings.warn(
/data/home/rtabares/anaconda3/envs/pyth3.12/lib/python3.12/site-packages/sklearn/neural_network/_multilayer_perceptron.py:691: ConvergenceWarning: Stochastic Optimizer: Maximum iterations (50) reached and the optimization hasn't converged yet.
  warnings.warn(
/data/home/rtabares/anaconda3/envs/pyth3.12/lib/python3.12/site-packages/sklearn/neural_network/_multilayer_perceptron.py:691: ConvergenceWarning: Stochastic Optimizer: Maximum iterations (50) reached and the optimization hasn't converged yet.
  warnings.warn(
/data/home/rtabares/anaconda3/envs/pyth3.12/lib/python3.12/site-packages/sklearn/neural_network/_multilayer_perceptron.py:691: ConvergenceWarning: Stochastic Optimizer: Maximum iterations (50) reached and the optimization hasn't converged yet.
  warnings.warn(
/data/home/rtabares/anaconda3/envs/pyth3.12/lib/python3.12/site-packages/sklearn/neural_network/_multilayer_perceptron.py:691: ConvergenceWarning: Stochastic Optimizer: Maximum iterations (50) reached and the optimization hasn't converged yet.
  warnings.warn(
