[I 2025-05-07 04:28:59,198] Trial 9 finished with value: 0.875 and parameters: {'n_estimators': 40, 'max_depth': 30, 'gamma': 0.9649927737686168, 'subsample': 0.6857563076640036, 'colsample_bytree': 0.5061847058001788}. Best is trial 2 with value: 0.9.
/data/home/rtabares/anaconda3/envs/pyth3.12/lib/python3.12/site-packages/xgboost/core.py:377: FutureWarning: Your system has an old version of glibc (< 2.28). We will stop supporting Linux distros with glibc older than 2.28 after **May 31, 2025**. Please upgrade to a recent Linux distro (with glibc >= 2.28) to use future versions of XGBoost.
Note: You have installed the 'manylinux2014' variant of XGBoost. Certain features such as GPU algorithms or federated learning are not available. To use these features, please upgrade to a recent Linux distro with glibc 2.28+, and install the 'manylinux_2_28' variant.
  warnings.warn(
/data/home/rtabares/anaconda3/envs/pyth3.12/lib/python3.12/site-packages/xgboost/core.py:377: FutureWarning: Your system has an old version of glibc (< 2.28). We will stop supporting Linux distros with glibc older than 2.28 after **May 31, 2025**. Please upgrade to a recent Linux distro (with glibc >= 2.28) to use future versions of XGBoost.
Note: You have installed the 'manylinux2014' variant of XGBoost. Certain features such as GPU algorithms or federated learning are not available. To use these features, please upgrade to a recent Linux distro with glibc 2.28+, and install the 'manylinux_2_28' variant.
  warnings.warn(
[I 2025-05-07 04:28:59,261] Trial 10 finished with value: 0.875 and parameters: {'n_estimators': 10, 'max_depth': 20, 'gamma': 0.15482815647859693, 'subsample': 0.6132127088663918, 'colsample_bytree': 0.767362544653007}. Best is trial 2 with value: 0.9.
/data/home/rtabares/anaconda3/envs/pyth3.12/lib/python3.12/site-packages/xgboost/core.py:377: FutureWarning: Your system has an old version of glibc (< 2.28). We will stop supporting Linux distros with glibc older than 2.28 after **May 31, 2025**. Please upgrade to a recent Linux distro (with glibc >= 2.28) to use future versions of XGBoost.
Note: You have installed the 'manylinux2014' variant of XGBoost. Certain features such as GPU algorithms or federated learning are not available. To use these features, please upgrade to a recent Linux distro with glibc 2.28+, and install the 'manylinux_2_28' variant.
  warnings.warn(
/data/home/rtabares/anaconda3/envs/pyth3.12/lib/python3.12/site-packages/xgboost/core.py:377: FutureWarning: Your system has an old version of glibc (< 2.28). We will stop supporting Linux distros with glibc older than 2.28 after **May 31, 2025**. Please upgrade to a recent Linux distro (with glibc >= 2.28) to use future versions of XGBoost.
Note: You have installed the 'manylinux2014' variant of XGBoost. Certain features such as GPU algorithms or federated learning are not available. To use these features, please upgrade to a recent Linux distro with glibc 2.28+, and install the 'manylinux_2_28' variant.
  warnings.warn(
[I 2025-05-07 04:28:59,904] Trial 11 finished with value: 0.875 and parameters: {'n_estimators': 10, 'max_depth': 20, 'gamma': 0.41368793588449687, 'subsample': 0.5991596377711633, 'colsample_bytree': 0.8088974055287642}. Best is trial 2 with value: 0.9.
/data/home/rtabares/anaconda3/envs/pyth3.12/lib/python3.12/site-packages/xgboost/core.py:377: FutureWarning: Your system has an old version of glibc (< 2.28). We will stop supporting Linux distros with glibc older than 2.28 after **May 31, 2025**. Please upgrade to a recent Linux distro (with glibc >= 2.28) to use future versions of XGBoost.
Note: You have installed the 'manylinux2014' variant of XGBoost. Certain features such as GPU algorithms or federated learning are not available. To use these features, please upgrade to a recent Linux distro with glibc 2.28+, and install the 'manylinux_2_28' variant.
  warnings.warn(
/data/home/rtabares/anaconda3/envs/pyth3.12/lib/python3.12/site-packages/xgboost/core.py:377: FutureWarning: Your system has an old version of glibc (< 2.28). We will stop supporting Linux distros with glibc older than 2.28 after **May 31, 2025**. Please upgrade to a recent Linux distro (with glibc >= 2.28) to use future versions of XGBoost.
Note: You have installed the 'manylinux2014' variant of XGBoost. Certain features such as GPU algorithms or federated learning are not available. To use these features, please upgrade to a recent Linux distro with glibc 2.28+, and install the 'manylinux_2_28' variant.
  warnings.warn(
/data/home/rtabares/anaconda3/envs/pyth3.12/lib/python3.12/site-packages/xgboost/core.py:377: FutureWarning: Your system has an old version of glibc (< 2.28). We will stop supporting Linux distros with glibc older than 2.28 after **May 31, 2025**. Please upgrade to a recent Linux distro (with glibc >= 2.28) to use future versions of XGBoost.
Note: You have installed the 'manylinux2014' variant of XGBoost. Certain features such as GPU algorithms or federated learning are not available. To use these features, please upgrade to a recent Linux distro with glibc 2.28+, and install the 'manylinux_2_28' variant.
  warnings.warn(
[I 2025-05-07 04:29:00,608] Trial 12 finished with value: 0.9 and parameters: {'n_estimators': 10, 'max_depth': 30, 'gamma': 0.28240418702901515, 'subsample': 0.594703211798125, 'colsample_bytree': 0.8587660483806303}. Best is trial 2 with value: 0.9.
[I 2025-05-07 04:29:00,647] Trial 13 finished with value: 0.925 and parameters: {'n_estimators': 10, 'max_depth': 20, 'gamma': 0.49205318920874896, 'subsample': 0.8141939990252245, 'colsample_bytree': 0.6756539706444223}. Best is trial 13 with value: 0.925.
[I 2025-05-07 04:29:00,686] Trial 14 finished with value: 0.925 and parameters: {'n_estimators': 10, 'max_depth': 20, 'gamma': 0.49704493995644644, 'subsample': 0.877131890096255, 'colsample_bytree': 0.6928520617554084}. Best is trial 13 with value: 0.925.
[I 2025-05-07 04:29:00,725] Trial 15 finished with value: 0.925 and parameters: {'n_estimators': 10, 'max_depth': 20, 'gamma': 0.5488764911555417, 'subsample': 0.8320473547635158, 'colsample_bytree': 0.692841167174343}. Best is trial 13 with value: 0.925.
[I 2025-05-07 04:29:00,765] Trial 16 finished with value: 0.925 and parameters: {'n_estimators': 10, 'max_depth': 20, 'gamma': 0.471129478398975, 'subsample': 0.8346416530431118, 'colsample_bytree': 0.7076541665337347}. Best is trial 13 with value: 0.925.
/data/home/rtabares/anaconda3/envs/pyth3.12/lib/python3.12/site-packages/xgboost/core.py:377: FutureWarning: Your system has an old version of glibc (< 2.28). We will stop supporting Linux distros with glibc older than 2.28 after **May 31, 2025**. Please upgrade to a recent Linux distro (with glibc >= 2.28) to use future versions of XGBoost.
Note: You have installed the 'manylinux2014' variant of XGBoost. Certain features such as GPU algorithms or federated learning are not available. To use these features, please upgrade to a recent Linux distro with glibc 2.28+, and install the 'manylinux_2_28' variant.
  warnings.warn(
[I 2025-05-07 04:29:01,401] Trial 17 finished with value: 0.9 and parameters: {'n_estimators': 10, 'max_depth': 20, 'gamma': 0.2420903783101372, 'subsample': 0.8097305117413754, 'colsample_bytree': 0.7109611479294711}. Best is trial 13 with value: 0.925.
[I 2025-05-07 04:29:01,438] Trial 18 finished with value: 0.925 and parameters: {'n_estimators': 10, 'max_depth': 20, 'gamma': 0.6700150107330738, 'subsample': 0.9090222209150265, 'colsample_bytree': 0.8690968269955595}. Best is trial 13 with value: 0.925.
[I 2025-05-07 04:29:01,479] Trial 19 finished with value: 0.875 and parameters: {'n_estimators': 40, 'max_depth': 20, 'gamma': 0.10691399058713552, 'subsample': 0.7648789886681989, 'colsample_bytree': 0.6315295641948726}. Best is trial 13 with value: 0.925.
[I 2025-05-07 04:29:01,520] Trial 20 finished with value: 0.9 and parameters: {'n_estimators': 10, 'max_depth': 5, 'gamma': 0.4973757539383519, 'subsample': 0.8908251808721755, 'colsample_bytree': 0.7275467254532223}. Best is trial 13 with value: 0.925.
[I 2025-05-07 04:29:01,557] Trial 21 finished with value: 0.925 and parameters: {'n_estimators': 10, 'max_depth': 20, 'gamma': 0.6046233394666386, 'subsample': 0.8370788706450407, 'colsample_bytree': 0.6809596170154765}. Best is trial 13 with value: 0.925.
[I 2025-05-07 04:29:01,598] Trial 22 finished with value: 0.9 and parameters: {'n_estimators': 10, 'max_depth': 20, 'gamma': 0.561552879790127, 'subsample': 0.8690797985880854, 'colsample_bytree': 0.6782190587438477}. Best is trial 13 with value: 0.925.
[I 2025-05-07 04:29:01,638] Trial 23 finished with value: 0.925 and parameters: {'n_estimators': 10, 'max_depth': 20, 'gamma': 0.47331099062641824, 'subsample': 0.791270067413954, 'colsample_bytree': 0.7451926146163329}. Best is trial 13 with value: 0.925.
[I 2025-05-07 04:29:01,678] Trial 24 finished with value: 0.9 and parameters: {'n_estimators': 10, 'max_depth': 20, 'gamma': 0.7167681148277982, 'subsample': 0.7157181740114166, 'colsample_bytree': 0.6120204719135551}. Best is trial 13 with value: 0.925.
[I 2025-05-07 04:29:01,723] Trial 25 finished with value: 0.925 and parameters: {'n_estimators': 10, 'max_depth': 20, 'gamma': 0.3309689344772474, 'subsample': 0.848994753187566, 'colsample_bytree': 0.8136693176601846}. Best is trial 13 with value: 0.925.
[I 2025-05-07 04:29:01,763] Trial 26 finished with value: 0.85 and parameters: {'n_estimators': 10, 'max_depth': 20, 'gamma': 0.5743804337942131, 'subsample': 0.9500555188008594, 'colsample_bytree': 0.6924397311891327}. Best is trial 13 with value: 0.925.
[I 2025-05-07 04:29:01,802] Trial 27 finished with value: 0.9 and parameters: {'n_estimators': 10, 'max_depth': 20, 'gamma': 0.4146940231798557, 'subsample': 0.7990946478919629, 'colsample_bytree': 0.5771024055866267}. Best is trial 13 with value: 0.925.
[I 2025-05-07 04:29:01,850] Trial 28 finished with value: 0.85 and parameters: {'n_estimators': 40, 'max_depth': 5, 'gamma': 0.5051503915802411, 'subsample': 0.9987048615397089, 'colsample_bytree': 0.7565327043864718}. Best is trial 13 with value: 0.925.
[I 2025-05-07 04:29:01,909] Trial 29 finished with value: 0.9 and parameters: {'n_estimators': 100, 'max_depth': 20, 'gamma': 0.7325553656456053, 'subsample': 0.9216968716315669, 'colsample_bytree': 0.6544917722609221}. Best is trial 13 with value: 0.925.
[I 2025-05-07 04:29:03,818] A new study created in memory with name: rf
Parámetros guardados en checkpoint_shoppers_Doriginal_Roriginal_B/ag/IPC_20/best_models_ag_seed_5_space_original/xgb_best_params.json


>>> Optuna tuning rf metodo ag IPC 20 seed 5


[I 2025-05-07 04:29:06,767] Trial 0 finished with value: 0.825 and parameters: {'n_estimators': 189, 'max_depth': 18, 'min_samples_split': 3, 'min_samples_leaf': 10}. Best is trial 0 with value: 0.825.
[I 2025-05-07 04:29:07,274] Trial 1 finished with value: 0.85 and parameters: {'n_estimators': 295, 'max_depth': 14, 'min_samples_split': 8, 'min_samples_leaf': 6}. Best is trial 1 with value: 0.85.
[I 2025-05-07 04:29:07,566] Trial 2 finished with value: 0.85 and parameters: {'n_estimators': 219, 'max_depth': 6, 'min_samples_split': 2, 'min_samples_leaf': 8}. Best is trial 1 with value: 0.85.
[I 2025-05-07 04:29:07,858] Trial 3 finished with value: 0.85 and parameters: {'n_estimators': 276, 'max_depth': 5, 'min_samples_split': 9, 'min_samples_leaf': 3}. Best is trial 1 with value: 0.85.
[I 2025-05-07 04:29:08,189] Trial 4 finished with value: 0.825 and parameters: {'n_estimators': 266, 'max_depth': 8, 'min_samples_split': 7, 'min_samples_leaf': 6}. Best is trial 1 with value: 0.85.
[I 2025-05-07 04:29:08,592] Trial 5 finished with value: 0.825 and parameters: {'n_estimators': 340, 'max_depth': 7, 'min_samples_split': 4, 'min_samples_leaf': 3}. Best is trial 1 with value: 0.85.
[I 2025-05-07 04:29:08,923] Trial 6 finished with value: 0.875 and parameters: {'n_estimators': 231, 'max_depth': 5, 'min_samples_split': 3, 'min_samples_leaf': 10}. Best is trial 6 with value: 0.875.
[I 2025-05-07 04:29:09,505] Trial 7 finished with value: 0.85 and parameters: {'n_estimators': 485, 'max_depth': 6, 'min_samples_split': 2, 'min_samples_leaf': 3}. Best is trial 6 with value: 0.875.
[I 2025-05-07 04:29:09,949] Trial 8 finished with value: 0.825 and parameters: {'n_estimators': 380, 'max_depth': 17, 'min_samples_split': 2, 'min_samples_leaf': 6}. Best is trial 6 with value: 0.875.
[I 2025-05-07 04:29:10,188] Trial 9 finished with value: 0.775 and parameters: {'n_estimators': 100, 'max_depth': 12, 'min_samples_split': 7, 'min_samples_leaf': 10}. Best is trial 6 with value: 0.875.
[I 2025-05-07 04:29:10,372] Trial 10 finished with value: 0.85 and parameters: {'n_estimators': 110, 'max_depth': 3, 'min_samples_split': 5, 'min_samples_leaf': 8}. Best is trial 6 with value: 0.875.
[I 2025-05-07 04:29:11,465] Trial 11 finished with value: 0.825 and parameters: {'n_estimators': 405, 'max_depth': 12, 'min_samples_split': 10, 'min_samples_leaf': 1}. Best is trial 6 with value: 0.875.
[I 2025-05-07 04:29:11,731] Trial 12 finished with value: 0.825 and parameters: {'n_estimators': 205, 'max_depth': 16, 'min_samples_split': 8, 'min_samples_leaf': 8}. Best is trial 6 with value: 0.875.
[I 2025-05-07 04:29:12,703] Trial 13 finished with value: 0.85 and parameters: {'n_estimators': 305, 'max_depth': 14, 'min_samples_split': 6, 'min_samples_leaf': 5}. Best is trial 6 with value: 0.875.
[I 2025-05-07 04:29:12,953] Trial 14 finished with value: 0.9 and parameters: {'n_estimators': 165, 'max_depth': 20, 'min_samples_split': 5, 'min_samples_leaf': 9}. Best is trial 14 with value: 0.9.
[I 2025-05-07 04:29:13,177] Trial 15 finished with value: 0.825 and parameters: {'n_estimators': 145, 'max_depth': 20, 'min_samples_split': 5, 'min_samples_leaf': 9}. Best is trial 14 with value: 0.9.
[I 2025-05-07 04:29:13,392] Trial 16 finished with value: 0.85 and parameters: {'n_estimators': 182, 'max_depth': 9, 'min_samples_split': 4, 'min_samples_leaf': 10}. Best is trial 14 with value: 0.9.
[I 2025-05-07 04:29:13,672] Trial 17 finished with value: 0.875 and parameters: {'n_estimators': 241, 'max_depth': 3, 'min_samples_split': 4, 'min_samples_leaf': 9}. Best is trial 14 with value: 0.9.
[I 2025-05-07 04:29:13,882] Trial 18 finished with value: 0.825 and parameters: {'n_estimators': 157, 'max_depth': 11, 'min_samples_split': 5, 'min_samples_leaf': 7}. Best is trial 14 with value: 0.9.
[I 2025-05-07 04:29:14,067] Trial 19 finished with value: 0.825 and parameters: {'n_estimators': 153, 'max_depth': 10, 'min_samples_split': 3, 'min_samples_leaf': 9}. Best is trial 14 with value: 0.9.
[I 2025-05-07 04:29:14,395] Trial 20 finished with value: 0.85 and parameters: {'n_estimators': 245, 'max_depth': 20, 'min_samples_split': 6, 'min_samples_leaf': 7}. Best is trial 14 with value: 0.9.
[I 2025-05-07 04:29:14,661] Trial 21 finished with value: 0.85 and parameters: {'n_estimators': 233, 'max_depth': 3, 'min_samples_split': 4, 'min_samples_leaf': 9}. Best is trial 14 with value: 0.9.
[I 2025-05-07 04:29:15,026] Trial 22 finished with value: 0.85 and parameters: {'n_estimators': 331, 'max_depth': 4, 'min_samples_split': 3, 'min_samples_leaf': 9}. Best is trial 14 with value: 0.9.
[I 2025-05-07 04:29:15,353] Trial 23 finished with value: 0.85 and parameters: {'n_estimators': 247, 'max_depth': 5, 'min_samples_split': 4, 'min_samples_leaf': 10}. Best is trial 14 with value: 0.9.
[I 2025-05-07 04:29:15,618] Trial 24 finished with value: 0.875 and parameters: {'n_estimators': 179, 'max_depth': 8, 'min_samples_split': 3, 'min_samples_leaf': 8}. Best is trial 14 with value: 0.9.
[I 2025-05-07 04:29:15,917] Trial 25 finished with value: 0.85 and parameters: {'n_estimators': 213, 'max_depth': 14, 'min_samples_split': 5, 'min_samples_leaf': 7}. Best is trial 14 with value: 0.9.
[I 2025-05-07 04:29:16,123] Trial 26 finished with value: 0.825 and parameters: {'n_estimators': 124, 'max_depth': 3, 'min_samples_split': 4, 'min_samples_leaf': 9}. Best is trial 14 with value: 0.9.
[I 2025-05-07 04:29:16,429] Trial 27 finished with value: 0.85 and parameters: {'n_estimators': 272, 'max_depth': 5, 'min_samples_split': 6, 'min_samples_leaf': 5}. Best is trial 14 with value: 0.9.
[I 2025-05-07 04:29:16,676] Trial 28 finished with value: 0.875 and parameters: {'n_estimators': 164, 'max_depth': 7, 'min_samples_split': 3, 'min_samples_leaf': 10}. Best is trial 14 with value: 0.9.
[I 2025-05-07 04:29:16,921] Trial 29 finished with value: 0.85 and parameters: {'n_estimators': 201, 'max_depth': 18, 'min_samples_split': 5, 'min_samples_leaf': 9}. Best is trial 14 with value: 0.9.
[I 2025-05-07 04:29:19,653] A new study created in memory with name: svc
Parámetros guardados en checkpoint_shoppers_Doriginal_Roriginal_B/ag/IPC_20/best_models_ag_seed_5_space_original/rf_best_params.json


>>> Optuna tuning svc metodo ag IPC 20 seed 5


[I 2025-05-07 04:29:21,836] Trial 0 finished with value: 0.45 and parameters: {'C': 0.07726319876517104, 'gamma': 0.3040389504793042}. Best is trial 0 with value: 0.45.
[I 2025-05-07 04:29:21,963] Trial 1 finished with value: 0.45 and parameters: {'C': 0.06712381339142241, 'gamma': 0.47254549996710477}. Best is trial 0 with value: 0.45.
[I 2025-05-07 04:29:21,980] Trial 2 finished with value: 0.7 and parameters: {'C': 0.8987621100554035, 'gamma': 0.027988231123708972}. Best is trial 2 with value: 0.7.
[I 2025-05-07 04:29:21,995] Trial 3 finished with value: 0.625 and parameters: {'C': 11.5779435007655, 'gamma': 0.011848734045499056}. Best is trial 2 with value: 0.7.
