[I 2025-05-07 04:11:17,690] Trial 8 finished with value: 0.8 and parameters: {'n_estimators': 100, 'max_depth': 20, 'gamma': 0.6251497693480509, 'subsample': 0.9696496759824258, 'colsample_bytree': 0.9717700410079397}. Best is trial 5 with value: 0.85.
/data/home/rtabares/anaconda3/envs/pyth3.12/lib/python3.12/site-packages/xgboost/core.py:377: FutureWarning: Your system has an old version of glibc (< 2.28). We will stop supporting Linux distros with glibc older than 2.28 after **May 31, 2025**. Please upgrade to a recent Linux distro (with glibc >= 2.28) to use future versions of XGBoost.
Note: You have installed the 'manylinux2014' variant of XGBoost. Certain features such as GPU algorithms or federated learning are not available. To use these features, please upgrade to a recent Linux distro with glibc 2.28+, and install the 'manylinux_2_28' variant.
  warnings.warn(
/data/home/rtabares/anaconda3/envs/pyth3.12/lib/python3.12/site-packages/xgboost/core.py:377: FutureWarning: Your system has an old version of glibc (< 2.28). We will stop supporting Linux distros with glibc older than 2.28 after **May 31, 2025**. Please upgrade to a recent Linux distro (with glibc >= 2.28) to use future versions of XGBoost.
Note: You have installed the 'manylinux2014' variant of XGBoost. Certain features such as GPU algorithms or federated learning are not available. To use these features, please upgrade to a recent Linux distro with glibc 2.28+, and install the 'manylinux_2_28' variant.
  warnings.warn(
[I 2025-05-07 04:11:17,748] Trial 9 finished with value: 0.8 and parameters: {'n_estimators': 40, 'max_depth': 30, 'gamma': 0.9649927737686168, 'subsample': 0.6857563076640036, 'colsample_bytree': 0.5061847058001788}. Best is trial 5 with value: 0.85.
[I 2025-05-07 04:11:17,786] Trial 10 finished with value: 0.8 and parameters: {'n_estimators': 40, 'max_depth': 5, 'gamma': 0.17962098877423716, 'subsample': 0.8185311023645913, 'colsample_bytree': 0.7898330861721071}. Best is trial 5 with value: 0.85.
/data/home/rtabares/anaconda3/envs/pyth3.12/lib/python3.12/site-packages/xgboost/core.py:377: FutureWarning: Your system has an old version of glibc (< 2.28). We will stop supporting Linux distros with glibc older than 2.28 after **May 31, 2025**. Please upgrade to a recent Linux distro (with glibc >= 2.28) to use future versions of XGBoost.
Note: You have installed the 'manylinux2014' variant of XGBoost. Certain features such as GPU algorithms or federated learning are not available. To use these features, please upgrade to a recent Linux distro with glibc 2.28+, and install the 'manylinux_2_28' variant.
  warnings.warn(
[I 2025-05-07 04:11:17,845] Trial 11 finished with value: 0.75 and parameters: {'n_estimators': 40, 'max_depth': 5, 'gamma': 0.48596480023844024, 'subsample': 0.8008577629494058, 'colsample_bytree': 0.702161796405997}. Best is trial 5 with value: 0.85.
/data/home/rtabares/anaconda3/envs/pyth3.12/lib/python3.12/site-packages/xgboost/core.py:377: FutureWarning: Your system has an old version of glibc (< 2.28). We will stop supporting Linux distros with glibc older than 2.28 after **May 31, 2025**. Please upgrade to a recent Linux distro (with glibc >= 2.28) to use future versions of XGBoost.
Note: You have installed the 'manylinux2014' variant of XGBoost. Certain features such as GPU algorithms or federated learning are not available. To use these features, please upgrade to a recent Linux distro with glibc 2.28+, and install the 'manylinux_2_28' variant.
  warnings.warn(
[I 2025-05-07 04:11:18,520] Trial 12 finished with value: 0.8 and parameters: {'n_estimators': 40, 'max_depth': 5, 'gamma': 0.7075844085314806, 'subsample': 0.6350278457846134, 'colsample_bytree': 0.7136404265878388}. Best is trial 5 with value: 0.85.
/data/home/rtabares/anaconda3/envs/pyth3.12/lib/python3.12/site-packages/xgboost/core.py:377: FutureWarning: Your system has an old version of glibc (< 2.28). We will stop supporting Linux distros with glibc older than 2.28 after **May 31, 2025**. Please upgrade to a recent Linux distro (with glibc >= 2.28) to use future versions of XGBoost.
Note: You have installed the 'manylinux2014' variant of XGBoost. Certain features such as GPU algorithms or federated learning are not available. To use these features, please upgrade to a recent Linux distro with glibc 2.28+, and install the 'manylinux_2_28' variant.
  warnings.warn(
[I 2025-05-07 04:11:19,194] Trial 13 finished with value: 0.85 and parameters: {'n_estimators': 40, 'max_depth': 5, 'gamma': 0.5268615503101213, 'subsample': 0.7844515830692418, 'colsample_bytree': 0.5964277392586586}. Best is trial 5 with value: 0.85.
/data/home/rtabares/anaconda3/envs/pyth3.12/lib/python3.12/site-packages/xgboost/core.py:377: FutureWarning: Your system has an old version of glibc (< 2.28). We will stop supporting Linux distros with glibc older than 2.28 after **May 31, 2025**. Please upgrade to a recent Linux distro (with glibc >= 2.28) to use future versions of XGBoost.
Note: You have installed the 'manylinux2014' variant of XGBoost. Certain features such as GPU algorithms or federated learning are not available. To use these features, please upgrade to a recent Linux distro with glibc 2.28+, and install the 'manylinux_2_28' variant.
  warnings.warn(
[I 2025-05-07 04:11:19,848] Trial 14 finished with value: 0.8 and parameters: {'n_estimators': 40, 'max_depth': 5, 'gamma': 0.5268801141867319, 'subsample': 0.6140547135785401, 'colsample_bytree': 0.579745175052389}. Best is trial 5 with value: 0.85.
/data/home/rtabares/anaconda3/envs/pyth3.12/lib/python3.12/site-packages/xgboost/core.py:377: FutureWarning: Your system has an old version of glibc (< 2.28). We will stop supporting Linux distros with glibc older than 2.28 after **May 31, 2025**. Please upgrade to a recent Linux distro (with glibc >= 2.28) to use future versions of XGBoost.
Note: You have installed the 'manylinux2014' variant of XGBoost. Certain features such as GPU algorithms or federated learning are not available. To use these features, please upgrade to a recent Linux distro with glibc 2.28+, and install the 'manylinux_2_28' variant.
  warnings.warn(
[I 2025-05-07 04:11:20,512] Trial 15 finished with value: 0.8 and parameters: {'n_estimators': 40, 'max_depth': 5, 'gamma': 0.26626655377772473, 'subsample': 0.8492405841760534, 'colsample_bytree': 0.8604557310580807}. Best is trial 5 with value: 0.85.
/data/home/rtabares/anaconda3/envs/pyth3.12/lib/python3.12/site-packages/xgboost/core.py:377: FutureWarning: Your system has an old version of glibc (< 2.28). We will stop supporting Linux distros with glibc older than 2.28 after **May 31, 2025**. Please upgrade to a recent Linux distro (with glibc >= 2.28) to use future versions of XGBoost.
Note: You have installed the 'manylinux2014' variant of XGBoost. Certain features such as GPU algorithms or federated learning are not available. To use these features, please upgrade to a recent Linux distro with glibc 2.28+, and install the 'manylinux_2_28' variant.
  warnings.warn(
[I 2025-05-07 04:11:21,146] Trial 16 finished with value: 0.75 and parameters: {'n_estimators': 40, 'max_depth': 5, 'gamma': 0.4601577031788143, 'subsample': 0.7403741875997301, 'colsample_bytree': 0.5442546836097284}. Best is trial 5 with value: 0.85.
[I 2025-05-07 04:11:21,185] Trial 17 finished with value: 0.8 and parameters: {'n_estimators': 40, 'max_depth': 5, 'gamma': 0.5963749787451381, 'subsample': 0.8968965288077441, 'colsample_bytree': 0.616639976003251}. Best is trial 5 with value: 0.85.
[I 2025-05-07 04:11:21,222] Trial 18 finished with value: 0.75 and parameters: {'n_estimators': 40, 'max_depth': 5, 'gamma': 0.13456748759891074, 'subsample': 0.656712610085618, 'colsample_bytree': 0.6754307430192054}. Best is trial 5 with value: 0.85.
[I 2025-05-07 04:11:21,261] Trial 19 finished with value: 0.8 and parameters: {'n_estimators': 10, 'max_depth': 20, 'gamma': 0.336928362400812, 'subsample': 0.5858157319917725, 'colsample_bytree': 0.5388732567140201}. Best is trial 5 with value: 0.85.
[I 2025-05-07 04:11:21,311] Trial 20 finished with value: 0.8 and parameters: {'n_estimators': 40, 'max_depth': 5, 'gamma': 0.5576205484803076, 'subsample': 0.7678868253416277, 'colsample_bytree': 0.8803558534234343}. Best is trial 5 with value: 0.85.
[I 2025-05-07 04:11:21,360] Trial 21 finished with value: 0.75 and parameters: {'n_estimators': 40, 'max_depth': 5, 'gamma': 0.7263868283124177, 'subsample': 0.7408291496550218, 'colsample_bytree': 0.6407416940157029}. Best is trial 5 with value: 0.85.
[I 2025-05-07 04:11:21,398] Trial 22 finished with value: 0.8 and parameters: {'n_estimators': 40, 'max_depth': 5, 'gamma': 0.4478184230115955, 'subsample': 0.8450945815512491, 'colsample_bytree': 0.5534142799645407}. Best is trial 5 with value: 0.85.
[I 2025-05-07 04:11:21,437] Trial 23 finished with value: 0.8 and parameters: {'n_estimators': 40, 'max_depth': 5, 'gamma': 0.9819451475742542, 'subsample': 0.7762378569926103, 'colsample_bytree': 0.7373259035855521}. Best is trial 5 with value: 0.85.
[I 2025-05-07 04:11:21,476] Trial 24 finished with value: 0.8 and parameters: {'n_estimators': 40, 'max_depth': 5, 'gamma': 0.6387427865002434, 'subsample': 0.7153440308904065, 'colsample_bytree': 0.6342116043678898}. Best is trial 5 with value: 0.85.
[I 2025-05-07 04:11:21,516] Trial 25 finished with value: 0.8 and parameters: {'n_estimators': 40, 'max_depth': 5, 'gamma': 0.7837243784085338, 'subsample': 0.677258393129772, 'colsample_bytree': 0.6571433663483198}. Best is trial 5 with value: 0.85.
[I 2025-05-07 04:11:21,554] Trial 26 finished with value: 0.8 and parameters: {'n_estimators': 40, 'max_depth': 5, 'gamma': 0.5528476243776499, 'subsample': 0.8738312126510034, 'colsample_bytree': 0.6047254044573109}. Best is trial 5 with value: 0.85.
[I 2025-05-07 04:11:21,603] Trial 27 finished with value: 0.8 and parameters: {'n_estimators': 40, 'max_depth': 5, 'gamma': 0.9096837867444579, 'subsample': 0.8022815027425945, 'colsample_bytree': 0.6820402520061278}. Best is trial 5 with value: 0.85.
[I 2025-05-07 04:11:21,642] Trial 28 finished with value: 0.8 and parameters: {'n_estimators': 10, 'max_depth': 30, 'gamma': 0.7206064237466012, 'subsample': 0.9250411888175014, 'colsample_bytree': 0.5577290554629091}. Best is trial 5 with value: 0.85.
[I 2025-05-07 04:11:21,699] Trial 29 finished with value: 0.8 and parameters: {'n_estimators': 100, 'max_depth': 20, 'gamma': 0.35381128087501856, 'subsample': 0.5705611108710953, 'colsample_bytree': 0.6253921878954011}. Best is trial 5 with value: 0.85.
[I 2025-05-07 04:11:23,662] A new study created in memory with name: rf
[I 2025-05-07 04:11:26,746] Trial 0 finished with value: 0.5 and parameters: {'n_estimators': 189, 'max_depth': 18, 'min_samples_split': 3, 'min_samples_leaf': 10}. Best is trial 0 with value: 0.5.
Parámetros guardados en checkpoint_shoppers_Doriginal_Roriginal_B/ag/IPC_10/best_models_ag_seed_5_space_original/xgb_best_params.json


>>> Optuna tuning rf metodo ag IPC 10 seed 5


[I 2025-05-07 04:11:27,250] Trial 1 finished with value: 0.7 and parameters: {'n_estimators': 295, 'max_depth': 14, 'min_samples_split': 8, 'min_samples_leaf': 6}. Best is trial 1 with value: 0.7.
[I 2025-05-07 04:11:27,541] Trial 2 finished with value: 0.5 and parameters: {'n_estimators': 219, 'max_depth': 6, 'min_samples_split': 2, 'min_samples_leaf': 8}. Best is trial 1 with value: 0.7.
[I 2025-05-07 04:11:27,901] Trial 3 finished with value: 0.75 and parameters: {'n_estimators': 276, 'max_depth': 5, 'min_samples_split': 9, 'min_samples_leaf': 3}. Best is trial 3 with value: 0.75.
[I 2025-05-07 04:11:28,251] Trial 4 finished with value: 0.65 and parameters: {'n_estimators': 266, 'max_depth': 8, 'min_samples_split': 7, 'min_samples_leaf': 6}. Best is trial 3 with value: 0.75.
[I 2025-05-07 04:11:28,611] Trial 5 finished with value: 0.75 and parameters: {'n_estimators': 340, 'max_depth': 7, 'min_samples_split': 4, 'min_samples_leaf': 3}. Best is trial 3 with value: 0.75.
[I 2025-05-07 04:11:28,920] Trial 6 finished with value: 0.5 and parameters: {'n_estimators': 231, 'max_depth': 5, 'min_samples_split': 3, 'min_samples_leaf': 10}. Best is trial 3 with value: 0.75.
[I 2025-05-07 04:11:29,482] Trial 7 finished with value: 0.8 and parameters: {'n_estimators': 485, 'max_depth': 6, 'min_samples_split': 2, 'min_samples_leaf': 3}. Best is trial 7 with value: 0.8.
[I 2025-05-07 04:11:29,933] Trial 8 finished with value: 0.8 and parameters: {'n_estimators': 380, 'max_depth': 17, 'min_samples_split': 2, 'min_samples_leaf': 6}. Best is trial 7 with value: 0.8.
[I 2025-05-07 04:11:30,151] Trial 9 finished with value: 0.5 and parameters: {'n_estimators': 100, 'max_depth': 12, 'min_samples_split': 7, 'min_samples_leaf': 10}. Best is trial 7 with value: 0.8.
[I 2025-05-07 04:11:30,744] Trial 10 finished with value: 0.7 and parameters: {'n_estimators': 497, 'max_depth': 3, 'min_samples_split': 5, 'min_samples_leaf': 2}. Best is trial 7 with value: 0.8.
[I 2025-05-07 04:11:31,280] Trial 11 finished with value: 0.7 and parameters: {'n_estimators': 462, 'max_depth': 20, 'min_samples_split': 2, 'min_samples_leaf': 4}. Best is trial 7 with value: 0.8.
[I 2025-05-07 04:11:32,441] Trial 12 finished with value: 0.7 and parameters: {'n_estimators': 407, 'max_depth': 16, 'min_samples_split': 5, 'min_samples_leaf': 1}. Best is trial 7 with value: 0.8.
[I 2025-05-07 04:11:33,584] Trial 13 finished with value: 0.75 and parameters: {'n_estimators': 390, 'max_depth': 11, 'min_samples_split': 2, 'min_samples_leaf': 5}. Best is trial 7 with value: 0.8.
[I 2025-05-07 04:11:34,060] Trial 14 finished with value: 0.6 and parameters: {'n_estimators': 429, 'max_depth': 10, 'min_samples_split': 10, 'min_samples_leaf': 7}. Best is trial 7 with value: 0.8.
[I 2025-05-07 04:11:34,484] Trial 15 finished with value: 0.7 and parameters: {'n_estimators': 347, 'max_depth': 15, 'min_samples_split': 4, 'min_samples_leaf': 4}. Best is trial 7 with value: 0.8.
[I 2025-05-07 04:11:35,040] Trial 16 finished with value: 0.5 and parameters: {'n_estimators': 492, 'max_depth': 9, 'min_samples_split': 4, 'min_samples_leaf': 8}. Best is trial 7 with value: 0.8.
[I 2025-05-07 04:11:35,436] Trial 17 finished with value: 0.7 and parameters: {'n_estimators': 370, 'max_depth': 20, 'min_samples_split': 3, 'min_samples_leaf': 1}. Best is trial 7 with value: 0.8.
[I 2025-05-07 04:11:35,934] Trial 18 finished with value: 0.75 and parameters: {'n_estimators': 434, 'max_depth': 13, 'min_samples_split': 6, 'min_samples_leaf': 5}. Best is trial 7 with value: 0.8.
[I 2025-05-07 04:11:36,411] Trial 19 finished with value: 0.75 and parameters: {'n_estimators': 451, 'max_depth': 17, 'min_samples_split': 2, 'min_samples_leaf': 3}. Best is trial 7 with value: 0.8.
[I 2025-05-07 04:11:36,827] Trial 20 finished with value: 0.5 and parameters: {'n_estimators': 353, 'max_depth': 3, 'min_samples_split': 5, 'min_samples_leaf': 8}. Best is trial 7 with value: 0.8.
[I 2025-05-07 04:11:37,203] Trial 21 finished with value: 0.8 and parameters: {'n_estimators': 305, 'max_depth': 5, 'min_samples_split': 10, 'min_samples_leaf': 3}. Best is trial 7 with value: 0.8.
[I 2025-05-07 04:11:37,649] Trial 22 finished with value: 0.8 and parameters: {'n_estimators': 399, 'max_depth': 5, 'min_samples_split': 10, 'min_samples_leaf': 4}. Best is trial 7 with value: 0.8.
[I 2025-05-07 04:11:38,006] Trial 23 finished with value: 0.7 and parameters: {'n_estimators': 330, 'max_depth': 7, 'min_samples_split': 9, 'min_samples_leaf': 2}. Best is trial 7 with value: 0.8.
[I 2025-05-07 04:11:38,342] Trial 24 finished with value: 0.75 and parameters: {'n_estimators': 310, 'max_depth': 10, 'min_samples_split': 7, 'min_samples_leaf': 2}. Best is trial 7 with value: 0.8.
[I 2025-05-07 04:11:38,588] Trial 25 finished with value: 0.85 and parameters: {'n_estimators': 165, 'max_depth': 3, 'min_samples_split': 3, 'min_samples_leaf': 5}. Best is trial 25 with value: 0.85.
[I 2025-05-07 04:11:38,792] Trial 26 finished with value: 0.5 and parameters: {'n_estimators': 123, 'max_depth': 3, 'min_samples_split': 3, 'min_samples_leaf': 7}. Best is trial 25 with value: 0.85.
[I 2025-05-07 04:11:39,027] Trial 27 finished with value: 0.75 and parameters: {'n_estimators': 186, 'max_depth': 18, 'min_samples_split': 2, 'min_samples_leaf': 5}. Best is trial 25 with value: 0.85.
[I 2025-05-07 04:11:39,232] Trial 28 finished with value: 0.8 and parameters: {'n_estimators': 164, 'max_depth': 4, 'min_samples_split': 3, 'min_samples_leaf': 6}. Best is trial 25 with value: 0.85.
[I 2025-05-07 04:11:39,507] Trial 29 finished with value: 0.5 and parameters: {'n_estimators': 234, 'max_depth': 18, 'min_samples_split': 3, 'min_samples_leaf': 7}. Best is trial 25 with value: 0.85.
[I 2025-05-07 04:11:41,685] A new study created in memory with name: svc
Parámetros guardados en checkpoint_shoppers_Doriginal_Roriginal_B/ag/IPC_10/best_models_ag_seed_5_space_original/rf_best_params.json


>>> Optuna tuning svc metodo ag IPC 10 seed 5


[I 2025-05-07 04:11:44,533] Trial 0 finished with value: 0.25 and parameters: {'C': 0.07726319876517104, 'gamma': 0.3040389504793042}. Best is trial 0 with value: 0.25.
[I 2025-05-07 04:11:44,683] Trial 1 finished with value: 0.2 and parameters: {'C': 0.06712381339142241, 'gamma': 0.47254549996710477}. Best is trial 0 with value: 0.25.
[I 2025-05-07 04:11:44,700] Trial 2 finished with value: 0.35 and parameters: {'C': 0.8987621100554035, 'gamma': 0.027988231123708972}. Best is trial 2 with value: 0.35.
[I 2025-05-07 04:11:44,713] Trial 3 finished with value: 0.45 and parameters: {'C': 11.5779435007655, 'gamma': 0.011848734045499056}. Best is trial 3 with value: 0.45.
[I 2025-05-07 04:11:44,728] Trial 4 finished with value: 0.5 and parameters: {'C': 0.1538870258903583, 'gamma': 0.0005634883151169033}. Best is trial 4 with value: 0.5.
[I 2025-05-07 04:11:44,742] Trial 5 finished with value: 0.35 and parameters: {'C': 0.021036092656561454, 'gamma': 0.08990030906808326}. Best is trial 4 with value: 0.5.
[I 2025-05-07 04:11:44,755] Trial 6 finished with value: 0.5 and parameters: {'C': 0.5824208201678516, 'gamma': 0.00042977333932534993}. Best is trial 4 with value: 0.5.
[I 2025-05-07 04:11:44,770] Trial 7 finished with value: 0.45 and parameters: {'C': 33.09391330085814, 'gamma': 0.001248377256719358}. Best is trial 4 with value: 0.5.
[I 2025-05-07 04:11:44,783] Trial 8 finished with value: 0.5 and parameters: {'C': 0.45387898639622015, 'gamma': 0.0015286910781809498}. Best is trial 4 with value: 0.5.
[I 2025-05-07 04:11:44,799] Trial 9 finished with value: 0.4 and parameters: {'C': 3.274550070431994, 'gamma': 0.02086177421469992}. Best is trial 4 with value: 0.5.
[I 2025-05-07 04:11:44,820] Trial 10 finished with value: 0.55 and parameters: {'C': 0.01015031429029542, 'gamma': 0.00010813284331811526}. Best is trial 10 with value: 0.55.
[I 2025-05-07 04:11:45,478] Trial 11 finished with value: 0.55 and parameters: {'C': 0.012423556702801345, 'gamma': 0.00015002301591608206}. Best is trial 10 with value: 0.55.
[I 2025-05-07 04:11:45,502] Trial 12 finished with value: 0.55 and parameters: {'C': 0.010021085351666738, 'gamma': 0.00018532269440152624}. Best is trial 10 with value: 0.55.
[I 2025-05-07 04:11:45,526] Trial 13 finished with value: 0.55 and parameters: {'C': 0.02775436928730861, 'gamma': 0.00014464039961368093}. Best is trial 10 with value: 0.55.
[I 2025-05-07 04:11:45,546] Trial 14 finished with value: 0.55 and parameters: {'C': 0.01065686570781519, 'gamma': 0.003186967478406197}. Best is trial 10 with value: 0.55.
[I 2025-05-07 04:11:45,582] Trial 15 finished with value: 0.55 and parameters: {'C': 0.14611975098134286, 'gamma': 0.0001009282324759116}. Best is trial 10 with value: 0.55.
[I 2025-05-07 04:11:45,606] Trial 16 finished with value: 0.5 and parameters: {'C': 3.061397902021056, 'gamma': 0.0042040774479193115}. Best is trial 10 with value: 0.55.
[I 2025-05-07 04:11:46,273] Trial 17 finished with value: 0.5 and parameters: {'C': 0.03411054297550388, 'gamma': 0.00047296759403983016}. Best is trial 10 with value: 0.55.
[I 2025-05-07 04:11:46,295] Trial 18 finished with value: 0.55 and parameters: {'C': 0.2317882364169278, 'gamma': 0.0003030689915795407}. Best is trial 10 with value: 0.55.
[I 2025-05-07 04:11:46,316] Trial 19 finished with value: 0.45 and parameters: {'C': 78.35065816224729, 'gamma': 0.001852238795714308}. Best is trial 10 with value: 0.55.
[I 2025-05-07 04:11:47,057] Trial 20 finished with value: 0.5 and parameters: {'C': 2.9220311223505036, 'gamma': 0.0007140873791557612}. Best is trial 10 with value: 0.55.
[I 2025-05-07 04:11:47,093] Trial 21 finished with value: 0.55 and parameters: {'C': 0.010650310725254294, 'gamma': 0.00017981751977255912}. Best is trial 10 with value: 0.55.
[I 2025-05-07 04:11:47,772] Trial 22 finished with value: 0.55 and parameters: {'C': 0.049020721102624766, 'gamma': 0.00024867013930554886}. Best is trial 10 with value: 0.55.
[I 2025-05-07 04:11:48,411] Trial 23 finished with value: 0.55 and parameters: {'C': 0.010298580382273556, 'gamma': 0.00012557276334458718}. Best is trial 10 with value: 0.55.
[I 2025-05-07 04:11:48,435] Trial 24 finished with value: 0.55 and parameters: {'C': 0.024380749457604798, 'gamma': 0.00010543149391029655}. Best is trial 10 with value: 0.55.
[I 2025-05-07 04:11:48,456] Trial 25 finished with value: 0.5 and parameters: {'C': 0.01721701128157504, 'gamma': 0.0007684419252251294}. Best is trial 10 with value: 0.55.
[I 2025-05-07 04:11:48,481] Trial 26 finished with value: 0.55 and parameters: {'C': 0.08318957463987786, 'gamma': 0.000316201615415791}. Best is trial 10 with value: 0.55.
[I 2025-05-07 04:11:48,502] Trial 27 finished with value: 0.55 and parameters: {'C': 0.04398118861300725, 'gamma': 0.003628388080680474}. Best is trial 10 with value: 0.55.
