[I 2025-05-07 04:17:45,381] Trial 5 finished with value: 0.9 and parameters: {'n_estimators': 340, 'max_depth': 20, 'min_samples_split': 4, 'min_samples_leaf': 6}. Best is trial 1 with value: 1.0.
[I 2025-05-07 04:17:45,883] Trial 6 finished with value: 0.5 and parameters: {'n_estimators': 464, 'max_depth': 5, 'min_samples_split': 6, 'min_samples_leaf': 8}. Best is trial 1 with value: 1.0.
[I 2025-05-07 04:17:46,312] Trial 7 finished with value: 0.9 and parameters: {'n_estimators': 368, 'max_depth': 11, 'min_samples_split': 3, 'min_samples_leaf': 5}. Best is trial 1 with value: 1.0.
[I 2025-05-07 04:17:46,605] Trial 8 finished with value: 0.5 and parameters: {'n_estimators': 249, 'max_depth': 11, 'min_samples_split': 5, 'min_samples_leaf': 9}. Best is trial 1 with value: 1.0.
[I 2025-05-07 04:17:47,066] Trial 9 finished with value: 1.0 and parameters: {'n_estimators': 408, 'max_depth': 8, 'min_samples_split': 7, 'min_samples_leaf': 3}. Best is trial 1 with value: 1.0.
[I 2025-05-07 04:17:47,636] Trial 10 finished with value: 0.95 and parameters: {'n_estimators': 479, 'max_depth': 15, 'min_samples_split': 2, 'min_samples_leaf': 1}. Best is trial 1 with value: 1.0.
[I 2025-05-07 04:17:48,839] Trial 11 finished with value: 1.0 and parameters: {'n_estimators': 411, 'max_depth': 7, 'min_samples_split': 7, 'min_samples_leaf': 3}. Best is trial 1 with value: 1.0.
[I 2025-05-07 04:17:50,002] Trial 12 finished with value: 1.0 and parameters: {'n_estimators': 498, 'max_depth': 8, 'min_samples_split': 8, 'min_samples_leaf': 3}. Best is trial 1 with value: 1.0.
[I 2025-05-07 04:17:50,452] Trial 13 finished with value: 1.0 and parameters: {'n_estimators': 431, 'max_depth': 14, 'min_samples_split': 10, 'min_samples_leaf': 3}. Best is trial 1 with value: 1.0.
[I 2025-05-07 04:17:50,908] Trial 14 finished with value: 1.0 and parameters: {'n_estimators': 386, 'max_depth': 7, 'min_samples_split': 7, 'min_samples_leaf': 2}. Best is trial 1 with value: 1.0.
[I 2025-05-07 04:17:51,294] Trial 15 finished with value: 0.95 and parameters: {'n_estimators': 322, 'max_depth': 9, 'min_samples_split': 8, 'min_samples_leaf': 5}. Best is trial 1 with value: 1.0.
[I 2025-05-07 04:17:51,802] Trial 16 finished with value: 1.0 and parameters: {'n_estimators': 448, 'max_depth': 14, 'min_samples_split': 6, 'min_samples_leaf': 4}. Best is trial 1 with value: 1.0.
[I 2025-05-07 04:17:52,261] Trial 17 finished with value: 1.0 and parameters: {'n_estimators': 400, 'max_depth': 3, 'min_samples_split': 9, 'min_samples_leaf': 2}. Best is trial 1 with value: 1.0.
[I 2025-05-07 04:17:52,631] Trial 18 finished with value: 1.0 and parameters: {'n_estimators': 301, 'max_depth': 9, 'min_samples_split': 7, 'min_samples_leaf': 1}. Best is trial 1 with value: 1.0.
[I 2025-05-07 04:17:53,058] Trial 19 finished with value: 0.95 and parameters: {'n_estimators': 357, 'max_depth': 6, 'min_samples_split': 5, 'min_samples_leaf': 6}. Best is trial 1 with value: 1.0.
[I 2025-05-07 04:17:53,566] Trial 20 finished with value: 1.0 and parameters: {'n_estimators': 442, 'max_depth': 13, 'min_samples_split': 6, 'min_samples_leaf': 4}. Best is trial 1 with value: 1.0.
[I 2025-05-07 04:17:54,045] Trial 21 finished with value: 1.0 and parameters: {'n_estimators': 411, 'max_depth': 9, 'min_samples_split': 7, 'min_samples_leaf': 3}. Best is trial 1 with value: 1.0.
[I 2025-05-07 04:17:54,619] Trial 22 finished with value: 1.0 and parameters: {'n_estimators': 489, 'max_depth': 6, 'min_samples_split': 7, 'min_samples_leaf': 2}. Best is trial 1 with value: 1.0.
[I 2025-05-07 04:17:55,057] Trial 23 finished with value: 1.0 and parameters: {'n_estimators': 417, 'max_depth': 8, 'min_samples_split': 9, 'min_samples_leaf': 4}. Best is trial 1 with value: 1.0.
[I 2025-05-07 04:17:55,535] Trial 24 finished with value: 1.0 and parameters: {'n_estimators': 383, 'max_depth': 7, 'min_samples_split': 6, 'min_samples_leaf': 2}. Best is trial 1 with value: 1.0.
[I 2025-05-07 04:17:56,074] Trial 25 finished with value: 0.95 and parameters: {'n_estimators': 460, 'max_depth': 13, 'min_samples_split': 8, 'min_samples_leaf': 3}. Best is trial 1 with value: 1.0.
[I 2025-05-07 04:17:56,574] Trial 26 finished with value: 1.0 and parameters: {'n_estimators': 433, 'max_depth': 17, 'min_samples_split': 9, 'min_samples_leaf': 1}. Best is trial 1 with value: 1.0.
[I 2025-05-07 04:17:56,881] Trial 27 finished with value: 1.0 and parameters: {'n_estimators': 276, 'max_depth': 10, 'min_samples_split': 7, 'min_samples_leaf': 4}. Best is trial 1 with value: 1.0.
[I 2025-05-07 04:17:57,303] Trial 28 finished with value: 0.95 and parameters: {'n_estimators': 335, 'max_depth': 5, 'min_samples_split': 4, 'min_samples_leaf': 2}. Best is trial 1 with value: 1.0.
[I 2025-05-07 04:17:57,509] Trial 29 finished with value: 0.5 and parameters: {'n_estimators': 118, 'max_depth': 12, 'min_samples_split': 5, 'min_samples_leaf': 7}. Best is trial 1 with value: 1.0.
[I 2025-05-07 04:18:01,542] A new study created in memory with name: svc
Parámetros guardados en checkpoint_shoppers_Doriginal_Roriginal_B/k-means/IPC_10/best_models_k-means_seed_7_space_original/rf_best_params.json


>>> Optuna tuning svc metodo k-means IPC 10 seed 7


[I 2025-05-07 04:18:03,240] Trial 0 finished with value: 0.4 and parameters: {'C': 0.020194502448102298, 'gamma': 0.13172711156111802}. Best is trial 0 with value: 0.4.
[I 2025-05-07 04:18:03,333] Trial 1 finished with value: 0.35 and parameters: {'C': 0.5670703311028815, 'gamma': 0.0783178418343345}. Best is trial 0 with value: 0.4.
[I 2025-05-07 04:18:03,359] Trial 2 finished with value: 0.45 and parameters: {'C': 81.65034948781698, 'gamma': 0.014255533717547383}. Best is trial 2 with value: 0.45.
[I 2025-05-07 04:18:03,375] Trial 3 finished with value: 0.5 and parameters: {'C': 1.0103732850016278, 'gamma': 0.00019418001640357854}. Best is trial 3 with value: 0.5.
[I 2025-05-07 04:18:03,387] Trial 4 finished with value: 0.55 and parameters: {'C': 0.11851025167261421, 'gamma': 0.00998918377985214}. Best is trial 4 with value: 0.55.
[I 2025-05-07 04:18:03,402] Trial 5 finished with value: 0.3 and parameters: {'C': 5.2109869371584665, 'gamma': 0.16404241128227343}. Best is trial 4 with value: 0.55.
[I 2025-05-07 04:18:03,415] Trial 6 finished with value: 0.5 and parameters: {'C': 0.3340138940215422, 'gamma': 0.00018354619576988685}. Best is trial 4 with value: 0.55.
[I 2025-05-07 04:18:03,430] Trial 7 finished with value: 0.35 and parameters: {'C': 0.1420961781588805, 'gamma': 0.434884682155233}. Best is trial 4 with value: 0.55.
[I 2025-05-07 04:18:03,454] Trial 8 finished with value: 0.55 and parameters: {'C': 0.07137422643361827, 'gamma': 0.006434219125545069}. Best is trial 4 with value: 0.55.
[I 2025-05-07 04:18:03,468] Trial 9 finished with value: 0.4 and parameters: {'C': 53.066944048916255, 'gamma': 0.00012577574840733457}. Best is trial 4 with value: 0.55.
[I 2025-05-07 04:18:03,490] Trial 10 finished with value: 0.45 and parameters: {'C': 4.042381244249598, 'gamma': 0.0024945815014501514}. Best is trial 4 with value: 0.55.
[I 2025-05-07 04:18:04,149] Trial 11 finished with value: 0.55 and parameters: {'C': 0.030354185978325253, 'gamma': 0.004354520525422089}. Best is trial 4 with value: 0.55.
[I 2025-05-07 04:18:04,790] Trial 12 finished with value: 0.45 and parameters: {'C': 0.09981045687116613, 'gamma': 0.015374025607489699}. Best is trial 4 with value: 0.55.
[I 2025-05-07 04:18:04,814] Trial 13 finished with value: 0.5 and parameters: {'C': 0.06507280445616283, 'gamma': 0.0011746513104603686}. Best is trial 4 with value: 0.55.
[I 2025-05-07 04:18:04,836] Trial 14 finished with value: 0.4 and parameters: {'C': 0.013599319968371647, 'gamma': 0.03835312080608227}. Best is trial 4 with value: 0.55.
[I 2025-05-07 04:18:04,858] Trial 15 finished with value: 0.5 and parameters: {'C': 1.8043850722209556, 'gamma': 0.0008414259318056685}. Best is trial 4 with value: 0.55.
[I 2025-05-07 04:18:04,882] Trial 16 finished with value: 0.55 and parameters: {'C': 0.18380113253800034, 'gamma': 0.006370683508523523}. Best is trial 4 with value: 0.55.
[I 2025-05-07 04:18:04,903] Trial 17 finished with value: 0.4 and parameters: {'C': 0.04620748463068008, 'gamma': 0.03318226716903094}. Best is trial 4 with value: 0.55.
[I 2025-05-07 04:18:04,924] Trial 18 finished with value: 0.5 and parameters: {'C': 0.010114277260995624, 'gamma': 0.0008354175030332745}. Best is trial 4 with value: 0.55.
[I 2025-05-07 04:18:04,949] Trial 19 finished with value: 0.55 and parameters: {'C': 0.2948981920299406, 'gamma': 0.0023558200746208883}. Best is trial 4 with value: 0.55.
[I 2025-05-07 04:18:04,971] Trial 20 finished with value: 0.25 and parameters: {'C': 17.447080279507706, 'gamma': 0.4885478089549527}. Best is trial 4 with value: 0.55.
[I 2025-05-07 04:18:05,601] Trial 21 finished with value: 0.55 and parameters: {'C': 0.034074671963839655, 'gamma': 0.005733177199740359}. Best is trial 4 with value: 0.55.
[I 2025-05-07 04:18:05,623] Trial 22 finished with value: 0.55 and parameters: {'C': 0.0389132307590531, 'gamma': 0.004215565420977753}. Best is trial 4 with value: 0.55.
[I 2025-05-07 04:18:06,280] Trial 23 finished with value: 0.45 and parameters: {'C': 0.025511871014171145, 'gamma': 0.016575711093312243}. Best is trial 4 with value: 0.55.
[I 2025-05-07 04:18:06,304] Trial 24 finished with value: 0.5 and parameters: {'C': 0.07168954014914378, 'gamma': 0.00040707375289136816}. Best is trial 4 with value: 0.55.
[I 2025-05-07 04:18:06,328] Trial 25 finished with value: 0.55 and parameters: {'C': 0.22390072663154303, 'gamma': 0.002870505128241221}. Best is trial 4 with value: 0.55.
[I 2025-05-07 04:18:06,351] Trial 26 finished with value: 0.55 and parameters: {'C': 0.6861353978339995, 'gamma': 0.008871130161521537}. Best is trial 4 with value: 0.55.
[I 2025-05-07 04:18:06,373] Trial 27 finished with value: 0.4 and parameters: {'C': 0.08364246598830709, 'gamma': 0.035031601444886276}. Best is trial 4 with value: 0.55.
[I 2025-05-07 04:18:06,396] Trial 28 finished with value: 0.55 and parameters: {'C': 0.01924310516687137, 'gamma': 0.0017452040538070085}. Best is trial 4 with value: 0.55.
[I 2025-05-07 04:18:06,418] Trial 29 finished with value: 0.35 and parameters: {'C': 0.019011559475435095, 'gamma': 0.10293716597227427}. Best is trial 4 with value: 0.55.
[I 2025-05-07 04:18:08,784] A new study created in memory with name: logreg
Parámetros guardados en checkpoint_shoppers_Doriginal_Roriginal_B/k-means/IPC_10/best_models_k-means_seed_7_space_original/svc_best_params.json


>>> Optuna tuning logreg metodo k-means IPC 10 seed 7


[I 2025-05-07 04:18:11,673] Trial 0 finished with value: 0.55 and parameters: {'C': 0.002407362254570802, 'penalty': 'l2'}. Best is trial 0 with value: 0.55.
[I 2025-05-07 04:18:11,797] Trial 1 finished with value: 0.5 and parameters: {'C': 7.935859334260497, 'penalty': 'l2'}. Best is trial 0 with value: 0.55.
[I 2025-05-07 04:18:11,825] Trial 2 finished with value: 0.55 and parameters: {'C': 0.15561310098067915, 'penalty': 'l2'}. Best is trial 0 with value: 0.55.
[I 2025-05-07 04:18:11,850] Trial 3 finished with value: 0.45 and parameters: {'C': 4.143104515916128, 'penalty': 'l2'}. Best is trial 0 with value: 0.55.
[I 2025-05-07 04:18:11,875] Trial 4 finished with value: 0.6 and parameters: {'C': 77.61533923098803, 'penalty': 'l2'}. Best is trial 4 with value: 0.6.
[I 2025-05-07 04:18:11,900] Trial 5 finished with value: 0.4 and parameters: {'C': 0.49258292359934785, 'penalty': 'l2'}. Best is trial 4 with value: 0.6.
[I 2025-05-07 04:18:11,925] Trial 6 finished with value: 0.5 and parameters: {'C': 0.320333470047146, 'penalty': 'l2'}. Best is trial 4 with value: 0.6.
[I 2025-05-07 04:18:11,949] Trial 7 finished with value: 0.55 and parameters: {'C': 0.002292216671132896, 'penalty': 'l2'}. Best is trial 4 with value: 0.6.
[I 2025-05-07 04:18:11,964] Trial 8 finished with value: 0.55 and parameters: {'C': 0.0219884643872214, 'penalty': 'l2'}. Best is trial 4 with value: 0.6.
[I 2025-05-07 04:18:11,987] Trial 9 finished with value: 0.5 and parameters: {'C': 0.31580027519646636, 'penalty': 'l2'}. Best is trial 4 with value: 0.6.
[I 2025-05-07 04:18:12,019] Trial 10 finished with value: 0.6 and parameters: {'C': 53.54776778233864, 'penalty': 'l2'}. Best is trial 4 with value: 0.6.
[I 2025-05-07 04:18:12,716] Trial 11 finished with value: 0.6 and parameters: {'C': 47.207028224457765, 'penalty': 'l2'}. Best is trial 4 with value: 0.6.
[I 2025-05-07 04:18:13,352] Trial 12 finished with value: 0.6 and parameters: {'C': 84.28882143282867, 'penalty': 'l2'}. Best is trial 4 with value: 0.6.
[I 2025-05-07 04:18:13,383] Trial 13 finished with value: 0.6 and parameters: {'C': 12.634985691735606, 'penalty': 'l2'}. Best is trial 4 with value: 0.6.
[I 2025-05-07 04:18:13,413] Trial 14 finished with value: 0.45 and parameters: {'C': 3.1158784985469734, 'penalty': 'l2'}. Best is trial 4 with value: 0.6.
[I 2025-05-07 04:18:13,443] Trial 15 finished with value: 0.6 and parameters: {'C': 22.300760773709367, 'penalty': 'l2'}. Best is trial 4 with value: 0.6.
[I 2025-05-07 04:18:14,089] Trial 16 finished with value: 0.4 and parameters: {'C': 2.3157702229693666, 'penalty': 'l2'}. Best is trial 4 with value: 0.6.
[I 2025-05-07 04:18:14,120] Trial 17 finished with value: 0.6 and parameters: {'C': 81.1514814361005, 'penalty': 'l2'}. Best is trial 4 with value: 0.6.
[I 2025-05-07 04:18:14,775] Trial 18 finished with value: 0.6 and parameters: {'C': 25.793206421718693, 'penalty': 'l2'}. Best is trial 4 with value: 0.6.
[I 2025-05-07 04:18:15,412] Trial 19 finished with value: 0.4 and parameters: {'C': 1.3224661232204953, 'penalty': 'l2'}. Best is trial 4 with value: 0.6.
[I 2025-05-07 04:18:15,443] Trial 20 finished with value: 0.45 and parameters: {'C': 7.093684305018916, 'penalty': 'l2'}. Best is trial 4 with value: 0.6.
[I 2025-05-07 04:18:15,474] Trial 21 finished with value: 0.6 and parameters: {'C': 54.283151619052504, 'penalty': 'l2'}. Best is trial 4 with value: 0.6.
[I 2025-05-07 04:18:15,502] Trial 22 finished with value: 0.6 and parameters: {'C': 30.71574397679842, 'penalty': 'l2'}. Best is trial 4 with value: 0.6.
[I 2025-05-07 04:18:15,529] Trial 23 finished with value: 0.6 and parameters: {'C': 94.89031025322143, 'penalty': 'l2'}. Best is trial 4 with value: 0.6.
[I 2025-05-07 04:18:15,556] Trial 24 finished with value: 0.6 and parameters: {'C': 16.988258477775165, 'penalty': 'l2'}. Best is trial 4 with value: 0.6.
[I 2025-05-07 04:18:15,585] Trial 25 finished with value: 0.6 and parameters: {'C': 41.97315515015298, 'penalty': 'l2'}. Best is trial 4 with value: 0.6.
[I 2025-05-07 04:18:15,617] Trial 26 finished with value: 0.55 and parameters: {'C': 0.04958066879678988, 'penalty': 'l2'}. Best is trial 4 with value: 0.6.
[I 2025-05-07 04:18:15,649] Trial 27 finished with value: 0.4 and parameters: {'C': 1.4173773439094262, 'penalty': 'l2'}. Best is trial 4 with value: 0.6.
[I 2025-05-07 04:18:15,677] Trial 28 finished with value: 0.5 and parameters: {'C': 8.372516403641324, 'penalty': 'l2'}. Best is trial 4 with value: 0.6.
[I 2025-05-07 04:18:15,707] Trial 29 finished with value: 0.55 and parameters: {'C': 0.011104103350344362, 'penalty': 'l2'}. Best is trial 4 with value: 0.6.
/data/home/rtabares/anaconda3/envs/pyth3.12/lib/python3.12/site-packages/xgboost/core.py:377: FutureWarning: Your system has an old version of glibc (< 2.28). We will stop supporting Linux distros with glibc older than 2.28 after **May 31, 2025**. Please upgrade to a recent Linux distro (with glibc >= 2.28) to use future versions of XGBoost.
Note: You have installed the 'manylinux2014' variant of XGBoost. Certain features such as GPU algorithms or federated learning are not available. To use these features, please upgrade to a recent Linux distro with glibc 2.28+, and install the 'manylinux_2_28' variant.
  warnings.warn(
[I 2025-05-07 04:18:18,716] A new study created in memory with name: mlp
Parámetros guardados en checkpoint_shoppers_Doriginal_Roriginal_B/k-means/IPC_10/best_models_k-means_seed_7_space_original/logreg_best_params.json


>>> Optuna tuning mlp metodo k-means IPC 10 seed 7


/data/home/rtabares/anaconda3/envs/pyth3.12/lib/python3.12/site-packages/sklearn/neural_network/_multilayer_perceptron.py:691: ConvergenceWarning: Stochastic Optimizer: Maximum iterations (100) reached and the optimization hasn't converged yet.
  warnings.warn(
/data/home/rtabares/anaconda3/envs/pyth3.12/lib/python3.12/site-packages/sklearn/neural_network/_multilayer_perceptron.py:691: ConvergenceWarning: Stochastic Optimizer: Maximum iterations (100) reached and the optimization hasn't converged yet.
  warnings.warn(
/data/home/rtabares/anaconda3/envs/pyth3.12/lib/python3.12/site-packages/sklearn/neural_network/_multilayer_perceptron.py:691: ConvergenceWarning: Stochastic Optimizer: Maximum iterations (100) reached and the optimization hasn't converged yet.
  warnings.warn(
/data/home/rtabares/anaconda3/envs/pyth3.12/lib/python3.12/site-packages/sklearn/neural_network/_multilayer_perceptron.py:691: ConvergenceWarning: Stochastic Optimizer: Maximum iterations (100) reached and the optimization hasn't converged yet.
  warnings.warn(
/data/home/rtabares/anaconda3/envs/pyth3.12/lib/python3.12/site-packages/sklearn/neural_network/_multilayer_perceptron.py:691: ConvergenceWarning: Stochastic Optimizer: Maximum iterations (100) reached and the optimization hasn't converged yet.
  warnings.warn(
[I 2025-05-07 04:18:20,807] Trial 0 finished with value: 0.4 and parameters: {'hidden_layer_sizes': (200,), 'max_iter': 100, 'alpha': 0.0001}. Best is trial 0 with value: 0.4.
/data/home/rtabares/anaconda3/envs/pyth3.12/lib/python3.12/site-packages/sklearn/neural_network/_multilayer_perceptron.py:691: ConvergenceWarning: Stochastic Optimizer: Maximum iterations (100) reached and the optimization hasn't converged yet.
  warnings.warn(
/data/home/rtabares/anaconda3/envs/pyth3.12/lib/python3.12/site-packages/sklearn/neural_network/_multilayer_perceptron.py:691: ConvergenceWarning: Stochastic Optimizer: Maximum iterations (100) reached and the optimization hasn't converged yet.
  warnings.warn(
/data/home/rtabares/anaconda3/envs/pyth3.12/lib/python3.12/site-packages/sklearn/neural_network/_multilayer_perceptron.py:691: ConvergenceWarning: Stochastic Optimizer: Maximum iterations (100) reached and the optimization hasn't converged yet.
  warnings.warn(
/data/home/rtabares/anaconda3/envs/pyth3.12/lib/python3.12/site-packages/sklearn/neural_network/_multilayer_perceptron.py:691: ConvergenceWarning: Stochastic Optimizer: Maximum iterations (100) reached and the optimization hasn't converged yet.
  warnings.warn(
/data/home/rtabares/anaconda3/envs/pyth3.12/lib/python3.12/site-packages/sklearn/neural_network/_multilayer_perceptron.py:691: ConvergenceWarning: Stochastic Optimizer: Maximum iterations (100) reached and the optimization hasn't converged yet.
  warnings.warn(
[I 2025-05-07 04:18:20,972] Trial 1 finished with value: 0.35 and parameters: {'hidden_layer_sizes': (100, 100), 'max_iter': 100, 'alpha': 0.0001}. Best is trial 0 with value: 0.4.
/data/home/rtabares/anaconda3/envs/pyth3.12/lib/python3.12/site-packages/sklearn/neural_network/_multilayer_perceptron.py:691: ConvergenceWarning: Stochastic Optimizer: Maximum iterations (100) reached and the optimization hasn't converged yet.
  warnings.warn(
/data/home/rtabares/anaconda3/envs/pyth3.12/lib/python3.12/site-packages/sklearn/neural_network/_multilayer_perceptron.py:691: ConvergenceWarning: Stochastic Optimizer: Maximum iterations (100) reached and the optimization hasn't converged yet.
  warnings.warn(
/data/home/rtabares/anaconda3/envs/pyth3.12/lib/python3.12/site-packages/sklearn/neural_network/_multilayer_perceptron.py:691: ConvergenceWarning: Stochastic Optimizer: Maximum iterations (100) reached and the optimization hasn't converged yet.
  warnings.warn(
/data/home/rtabares/anaconda3/envs/pyth3.12/lib/python3.12/site-packages/sklearn/neural_network/_multilayer_perceptron.py:691: ConvergenceWarning: Stochastic Optimizer: Maximum iterations (100) reached and the optimization hasn't converged yet.
  warnings.warn(
/data/home/rtabares/anaconda3/envs/pyth3.12/lib/python3.12/site-packages/sklearn/neural_network/_multilayer_perceptron.py:691: ConvergenceWarning: Stochastic Optimizer: Maximum iterations (100) reached and the optimization hasn't converged yet.
  warnings.warn(
[I 2025-05-07 04:18:21,037] Trial 2 finished with value: 0.4 and parameters: {'hidden_layer_sizes': (200,), 'max_iter': 100, 'alpha': 0.001}. Best is trial 0 with value: 0.4.
/data/home/rtabares/anaconda3/envs/pyth3.12/lib/python3.12/site-packages/sklearn/neural_network/_multilayer_perceptron.py:691: ConvergenceWarning: Stochastic Optimizer: Maximum iterations (50) reached and the optimization hasn't converged yet.
  warnings.warn(
/data/home/rtabares/anaconda3/envs/pyth3.12/lib/python3.12/site-packages/sklearn/neural_network/_multilayer_perceptron.py:691: ConvergenceWarning: Stochastic Optimizer: Maximum iterations (50) reached and the optimization hasn't converged yet.
  warnings.warn(
/data/home/rtabares/anaconda3/envs/pyth3.12/lib/python3.12/site-packages/sklearn/neural_network/_multilayer_perceptron.py:691: ConvergenceWarning: Stochastic Optimizer: Maximum iterations (50) reached and the optimization hasn't converged yet.
  warnings.warn(
/data/home/rtabares/anaconda3/envs/pyth3.12/lib/python3.12/site-packages/sklearn/neural_network/_multilayer_perceptron.py:691: ConvergenceWarning: Stochastic Optimizer: Maximum iterations (50) reached and the optimization hasn't converged yet.
  warnings.warn(
/data/home/rtabares/anaconda3/envs/pyth3.12/lib/python3.12/site-packages/sklearn/neural_network/_multilayer_perceptron.py:691: ConvergenceWarning: Stochastic Optimizer: Maximum iterations (50) reached and the optimization hasn't converged yet.
  warnings.warn(
