[I 2025-05-07 04:21:24,385] Trial 22 finished with value: 0.85 and parameters: {'n_estimators': 254, 'max_depth': 19, 'min_samples_split': 2, 'min_samples_leaf': 5}. Best is trial 0 with value: 0.95.
[I 2025-05-07 04:21:24,902] Trial 23 finished with value: 0.9 and parameters: {'n_estimators': 480, 'max_depth': 16, 'min_samples_split': 4, 'min_samples_leaf': 3}. Best is trial 0 with value: 0.95.
[I 2025-05-07 04:21:25,305] Trial 24 finished with value: 0.95 and parameters: {'n_estimators': 308, 'max_depth': 9, 'min_samples_split': 3, 'min_samples_leaf': 6}. Best is trial 0 with value: 0.95.
[I 2025-05-07 04:21:25,685] Trial 25 finished with value: 0.85 and parameters: {'n_estimators': 358, 'max_depth': 17, 'min_samples_split': 7, 'min_samples_leaf': 4}. Best is trial 0 with value: 0.95.
[I 2025-05-07 04:21:25,889] Trial 26 finished with value: 0.9 and parameters: {'n_estimators': 161, 'max_depth': 19, 'min_samples_split': 8, 'min_samples_leaf': 5}. Best is trial 0 with value: 0.95.
[I 2025-05-07 04:21:26,338] Trial 27 finished with value: 0.85 and parameters: {'n_estimators': 417, 'max_depth': 14, 'min_samples_split': 10, 'min_samples_leaf': 2}. Best is trial 0 with value: 0.95.
[I 2025-05-07 04:21:26,697] Trial 28 finished with value: 0.95 and parameters: {'n_estimators': 279, 'max_depth': 17, 'min_samples_split': 6, 'min_samples_leaf': 6}. Best is trial 0 with value: 0.95.
[I 2025-05-07 04:21:26,934] Trial 29 finished with value: 0.9 and parameters: {'n_estimators': 197, 'max_depth': 3, 'min_samples_split': 5, 'min_samples_leaf': 5}. Best is trial 0 with value: 0.95.
[I 2025-05-07 04:21:31,354] A new study created in memory with name: svc
Parámetros guardados en checkpoint_shoppers_Doriginal_Roriginal_B/k-means/IPC_10/best_models_k-means_seed_8_space_original/rf_best_params.json


>>> Optuna tuning svc metodo k-means IPC 10 seed 8


[I 2025-05-07 04:21:32,597] Trial 0 finished with value: 0.25 and parameters: {'C': 31.168622654226873, 'gamma': 0.7484497562485191}. Best is trial 0 with value: 0.25.
[I 2025-05-07 04:21:32,646] Trial 1 finished with value: 0.5 and parameters: {'C': 29.976309274600954, 'gamma': 0.013286872459026702}. Best is trial 1 with value: 0.5.
[I 2025-05-07 04:21:32,662] Trial 2 finished with value: 0.45 and parameters: {'C': 0.08529298465080307, 'gamma': 0.00011106960237430257}. Best is trial 1 with value: 0.5.
[I 2025-05-07 04:21:32,677] Trial 3 finished with value: 0.45 and parameters: {'C': 0.5270784658374341, 'gamma': 0.004068229457500922}. Best is trial 1 with value: 0.5.
[I 2025-05-07 04:21:32,691] Trial 4 finished with value: 0.45 and parameters: {'C': 1.2322495987505253, 'gamma': 0.008195343912941565}. Best is trial 1 with value: 0.5.
[I 2025-05-07 04:21:32,705] Trial 5 finished with value: 0.4 and parameters: {'C': 1.6650446929687996, 'gamma': 0.014912280706161869}. Best is trial 1 with value: 0.5.
[I 2025-05-07 04:21:32,719] Trial 6 finished with value: 0.35 and parameters: {'C': 11.055599623279033, 'gamma': 0.07071284267178823}. Best is trial 1 with value: 0.5.
[I 2025-05-07 04:21:32,732] Trial 7 finished with value: 0.45 and parameters: {'C': 3.0111222251271013, 'gamma': 0.00506252384623837}. Best is trial 1 with value: 0.5.
[I 2025-05-07 04:21:32,746] Trial 8 finished with value: 0.2 and parameters: {'C': 0.1433177931243846, 'gamma': 0.7859971382309453}. Best is trial 1 with value: 0.5.
[I 2025-05-07 04:21:32,761] Trial 9 finished with value: 0.45 and parameters: {'C': 0.21631975482828378, 'gamma': 0.0007502469581683287}. Best is trial 1 with value: 0.5.
[I 2025-05-07 04:21:32,781] Trial 10 finished with value: 0.25 and parameters: {'C': 93.71621785255695, 'gamma': 0.10527818045462897}. Best is trial 1 with value: 0.5.
[I 2025-05-07 04:21:33,431] Trial 11 finished with value: 0.45 and parameters: {'C': 0.013928447769787706, 'gamma': 0.00013852056295909362}. Best is trial 1 with value: 0.5.
[I 2025-05-07 04:21:34,061] Trial 12 finished with value: 0.45 and parameters: {'C': 0.01594325686965602, 'gamma': 0.0006476954402755323}. Best is trial 1 with value: 0.5.
[I 2025-05-07 04:21:34,096] Trial 13 finished with value: 0.45 and parameters: {'C': 0.07406385607018509, 'gamma': 0.00010253521129585913}. Best is trial 1 with value: 0.5.
[I 2025-05-07 04:21:34,120] Trial 14 finished with value: 0.35 and parameters: {'C': 4.973524196589867, 'gamma': 0.03756885916510927}. Best is trial 1 with value: 0.5.
[I 2025-05-07 04:21:34,144] Trial 15 finished with value: 0.5 and parameters: {'C': 0.05661904744015917, 'gamma': 0.0011822521524806322}. Best is trial 1 with value: 0.5.
[I 2025-05-07 04:21:34,167] Trial 16 finished with value: 0.4 and parameters: {'C': 23.49669867840614, 'gamma': 0.0013297598570463332}. Best is trial 1 with value: 0.5.
[I 2025-05-07 04:21:34,193] Trial 17 finished with value: 0.5 and parameters: {'C': 0.04080309676215235, 'gamma': 0.0014249601111952952}. Best is trial 1 with value: 0.5.
[I 2025-05-07 04:21:34,214] Trial 18 finished with value: 0.45 and parameters: {'C': 0.4824096030118265, 'gamma': 0.02228198435750697}. Best is trial 1 with value: 0.5.
[I 2025-05-07 04:21:34,236] Trial 19 finished with value: 0.25 and parameters: {'C': 98.07693633807868, 'gamma': 0.2012557890828711}. Best is trial 1 with value: 0.5.
[I 2025-05-07 04:21:34,259] Trial 20 finished with value: 0.4 and parameters: {'C': 10.191202629575809, 'gamma': 0.002519117474335368}. Best is trial 1 with value: 0.5.
[I 2025-05-07 04:21:34,285] Trial 21 finished with value: 0.45 and parameters: {'C': 0.035511383546244356, 'gamma': 0.0004793001016921613}. Best is trial 1 with value: 0.5.
[I 2025-05-07 04:21:34,308] Trial 22 finished with value: 0.45 and parameters: {'C': 0.03180386284302674, 'gamma': 0.00025687794561163427}. Best is trial 1 with value: 0.5.
[I 2025-05-07 04:21:34,936] Trial 23 finished with value: 0.5 and parameters: {'C': 0.365786356513185, 'gamma': 0.0018071646657148172}. Best is trial 1 with value: 0.5.
[I 2025-05-07 04:21:34,959] Trial 24 finished with value: 0.5 and parameters: {'C': 0.044234602040855164, 'gamma': 0.006058869759208433}. Best is trial 1 with value: 0.5.
[I 2025-05-07 04:21:34,985] Trial 25 finished with value: 0.5 and parameters: {'C': 0.15935175236886803, 'gamma': 0.00114187097531884}. Best is trial 1 with value: 0.5.
[I 2025-05-07 04:21:35,007] Trial 26 finished with value: 0.5 and parameters: {'C': 0.020088195452599055, 'gamma': 0.0023679233580360263}. Best is trial 1 with value: 0.5.
[I 2025-05-07 04:21:35,031] Trial 27 finished with value: 0.45 and parameters: {'C': 0.06589373044818876, 'gamma': 0.00031790844226449574}. Best is trial 1 with value: 0.5.
[I 2025-05-07 04:21:35,052] Trial 28 finished with value: 0.45 and parameters: {'C': 0.8549413477293024, 'gamma': 0.01492028413027729}. Best is trial 1 with value: 0.5.
[I 2025-05-07 04:21:35,076] Trial 29 finished with value: 0.4 and parameters: {'C': 28.970586858280072, 'gamma': 0.0035176077787163226}. Best is trial 1 with value: 0.5.
[I 2025-05-07 04:21:39,278] A new study created in memory with name: logreg
Parámetros guardados en checkpoint_shoppers_Doriginal_Roriginal_B/k-means/IPC_10/best_models_k-means_seed_8_space_original/svc_best_params.json


>>> Optuna tuning logreg metodo k-means IPC 10 seed 8


[I 2025-05-07 04:21:40,053] Trial 0 finished with value: 0.5 and parameters: {'C': 23.288794782471303, 'penalty': 'l2'}. Best is trial 0 with value: 0.5.
[I 2025-05-07 04:21:40,080] Trial 1 finished with value: 0.5 and parameters: {'C': 69.61507800412923, 'penalty': 'l2'}. Best is trial 0 with value: 0.5.
[I 2025-05-07 04:21:40,105] Trial 2 finished with value: 0.5 and parameters: {'C': 22.180569925473442, 'penalty': 'l2'}. Best is trial 0 with value: 0.5.
[I 2025-05-07 04:21:40,130] Trial 3 finished with value: 0.4 and parameters: {'C': 0.4511058486037652, 'penalty': 'l2'}. Best is trial 0 with value: 0.5.
[I 2025-05-07 04:21:40,156] Trial 4 finished with value: 0.45 and parameters: {'C': 0.014576110093994574, 'penalty': 'l2'}. Best is trial 0 with value: 0.5.
[I 2025-05-07 04:21:40,180] Trial 5 finished with value: 0.45 and parameters: {'C': 0.0011402340906886685, 'penalty': 'l2'}. Best is trial 0 with value: 0.5.
[I 2025-05-07 04:21:40,206] Trial 6 finished with value: 0.4 and parameters: {'C': 0.14201822862985758, 'penalty': 'l2'}. Best is trial 0 with value: 0.5.
[I 2025-05-07 04:21:40,231] Trial 7 finished with value: 0.35 and parameters: {'C': 0.1027440782219989, 'penalty': 'l2'}. Best is trial 0 with value: 0.5.
[I 2025-05-07 04:21:40,256] Trial 8 finished with value: 0.4 and parameters: {'C': 0.41055690122086846, 'penalty': 'l2'}. Best is trial 0 with value: 0.5.
[I 2025-05-07 04:21:40,279] Trial 9 finished with value: 0.4 and parameters: {'C': 0.24658064201770763, 'penalty': 'l2'}. Best is trial 0 with value: 0.5.
[I 2025-05-07 04:21:40,311] Trial 10 finished with value: 0.5 and parameters: {'C': 5.817250906722227, 'penalty': 'l2'}. Best is trial 0 with value: 0.5.
[I 2025-05-07 04:21:40,966] Trial 11 finished with value: 0.5 and parameters: {'C': 65.32501288941612, 'penalty': 'l2'}. Best is trial 0 with value: 0.5.
[I 2025-05-07 04:21:41,644] Trial 12 finished with value: 0.5 and parameters: {'C': 4.377709439924529, 'penalty': 'l2'}. Best is trial 0 with value: 0.5.
[I 2025-05-07 04:21:41,674] Trial 13 finished with value: 0.5 and parameters: {'C': 82.7447055757053, 'penalty': 'l2'}. Best is trial 0 with value: 0.5.
[I 2025-05-07 04:21:41,705] Trial 14 finished with value: 0.5 and parameters: {'C': 5.484053936900719, 'penalty': 'l2'}. Best is trial 0 with value: 0.5.
[I 2025-05-07 04:21:41,734] Trial 15 finished with value: 0.5 and parameters: {'C': 19.720857672047558, 'penalty': 'l2'}. Best is trial 0 with value: 0.5.
[I 2025-05-07 04:21:41,763] Trial 16 finished with value: 0.5 and parameters: {'C': 1.8557156226210034, 'penalty': 'l2'}. Best is trial 0 with value: 0.5.
[I 2025-05-07 04:21:41,794] Trial 17 finished with value: 0.5 and parameters: {'C': 26.516932569464544, 'penalty': 'l2'}. Best is trial 0 with value: 0.5.
[I 2025-05-07 04:21:41,822] Trial 18 finished with value: 0.45 and parameters: {'C': 1.188244763655516, 'penalty': 'l2'}. Best is trial 0 with value: 0.5.
[I 2025-05-07 04:21:41,853] Trial 19 finished with value: 0.5 and parameters: {'C': 12.093447142589671, 'penalty': 'l2'}. Best is trial 0 with value: 0.5.
[I 2025-05-07 04:21:41,884] Trial 20 finished with value: 0.5 and parameters: {'C': 95.89596440448501, 'penalty': 'l2'}. Best is trial 0 with value: 0.5.
[I 2025-05-07 04:21:41,913] Trial 21 finished with value: 0.5 and parameters: {'C': 28.44943793229338, 'penalty': 'l2'}. Best is trial 0 with value: 0.5.
[I 2025-05-07 04:21:41,940] Trial 22 finished with value: 0.5 and parameters: {'C': 13.869868316172683, 'penalty': 'l2'}. Best is trial 0 with value: 0.5.
[I 2025-05-07 04:21:41,971] Trial 23 finished with value: 0.5 and parameters: {'C': 37.440738291089126, 'penalty': 'l2'}. Best is trial 0 with value: 0.5.
[I 2025-05-07 04:21:42,000] Trial 24 finished with value: 0.5 and parameters: {'C': 2.47685391214756, 'penalty': 'l2'}. Best is trial 0 with value: 0.5.
[I 2025-05-07 04:21:42,029] Trial 25 finished with value: 0.55 and parameters: {'C': 10.036757127704108, 'penalty': 'l2'}. Best is trial 25 with value: 0.55.
[I 2025-05-07 04:21:42,060] Trial 26 finished with value: 0.55 and parameters: {'C': 9.393964003629891, 'penalty': 'l2'}. Best is trial 25 with value: 0.55.
[I 2025-05-07 04:21:42,091] Trial 27 finished with value: 0.45 and parameters: {'C': 0.9756086167428973, 'penalty': 'l2'}. Best is trial 25 with value: 0.55.
[I 2025-05-07 04:21:42,112] Trial 28 finished with value: 0.45 and parameters: {'C': 0.04558499691562867, 'penalty': 'l2'}. Best is trial 25 with value: 0.55.
[I 2025-05-07 04:21:42,142] Trial 29 finished with value: 0.55 and parameters: {'C': 9.707603481420854, 'penalty': 'l2'}. Best is trial 25 with value: 0.55.
[I 2025-05-07 04:21:46,253] A new study created in memory with name: mlp
Parámetros guardados en checkpoint_shoppers_Doriginal_Roriginal_B/k-means/IPC_10/best_models_k-means_seed_8_space_original/logreg_best_params.json


>>> Optuna tuning mlp metodo k-means IPC 10 seed 8


/data/home/rtabares/anaconda3/envs/pyth3.12/lib/python3.12/site-packages/sklearn/neural_network/_multilayer_perceptron.py:691: ConvergenceWarning: Stochastic Optimizer: Maximum iterations (50) reached and the optimization hasn't converged yet.
  warnings.warn(
/data/home/rtabares/anaconda3/envs/pyth3.12/lib/python3.12/site-packages/sklearn/neural_network/_multilayer_perceptron.py:691: ConvergenceWarning: Stochastic Optimizer: Maximum iterations (50) reached and the optimization hasn't converged yet.
  warnings.warn(
/data/home/rtabares/anaconda3/envs/pyth3.12/lib/python3.12/site-packages/sklearn/neural_network/_multilayer_perceptron.py:691: ConvergenceWarning: Stochastic Optimizer: Maximum iterations (50) reached and the optimization hasn't converged yet.
  warnings.warn(
/data/home/rtabares/anaconda3/envs/pyth3.12/lib/python3.12/site-packages/sklearn/neural_network/_multilayer_perceptron.py:691: ConvergenceWarning: Stochastic Optimizer: Maximum iterations (50) reached and the optimization hasn't converged yet.
  warnings.warn(
/data/home/rtabares/anaconda3/envs/pyth3.12/lib/python3.12/site-packages/sklearn/neural_network/_multilayer_perceptron.py:691: ConvergenceWarning: Stochastic Optimizer: Maximum iterations (50) reached and the optimization hasn't converged yet.
  warnings.warn(
[I 2025-05-07 04:21:46,934] Trial 0 finished with value: 0.3 and parameters: {'hidden_layer_sizes': (200,), 'max_iter': 50, 'alpha': 0.001}. Best is trial 0 with value: 0.3.
/data/home/rtabares/anaconda3/envs/pyth3.12/lib/python3.12/site-packages/sklearn/neural_network/_multilayer_perceptron.py:691: ConvergenceWarning: Stochastic Optimizer: Maximum iterations (50) reached and the optimization hasn't converged yet.
  warnings.warn(
/data/home/rtabares/anaconda3/envs/pyth3.12/lib/python3.12/site-packages/sklearn/neural_network/_multilayer_perceptron.py:691: ConvergenceWarning: Stochastic Optimizer: Maximum iterations (50) reached and the optimization hasn't converged yet.
  warnings.warn(
/data/home/rtabares/anaconda3/envs/pyth3.12/lib/python3.12/site-packages/sklearn/neural_network/_multilayer_perceptron.py:691: ConvergenceWarning: Stochastic Optimizer: Maximum iterations (50) reached and the optimization hasn't converged yet.
  warnings.warn(
/data/home/rtabares/anaconda3/envs/pyth3.12/lib/python3.12/site-packages/sklearn/neural_network/_multilayer_perceptron.py:691: ConvergenceWarning: Stochastic Optimizer: Maximum iterations (50) reached and the optimization hasn't converged yet.
  warnings.warn(
/data/home/rtabares/anaconda3/envs/pyth3.12/lib/python3.12/site-packages/sklearn/neural_network/_multilayer_perceptron.py:691: ConvergenceWarning: Stochastic Optimizer: Maximum iterations (50) reached and the optimization hasn't converged yet.
  warnings.warn(
[I 2025-05-07 04:21:46,982] Trial 1 finished with value: 0.3 and parameters: {'hidden_layer_sizes': (200,), 'max_iter': 50, 'alpha': 0.0001}. Best is trial 0 with value: 0.3.
/data/home/rtabares/anaconda3/envs/pyth3.12/lib/python3.12/site-packages/sklearn/neural_network/_multilayer_perceptron.py:691: ConvergenceWarning: Stochastic Optimizer: Maximum iterations (50) reached and the optimization hasn't converged yet.
  warnings.warn(
/data/home/rtabares/anaconda3/envs/pyth3.12/lib/python3.12/site-packages/sklearn/neural_network/_multilayer_perceptron.py:691: ConvergenceWarning: Stochastic Optimizer: Maximum iterations (50) reached and the optimization hasn't converged yet.
  warnings.warn(
/data/home/rtabares/anaconda3/envs/pyth3.12/lib/python3.12/site-packages/sklearn/neural_network/_multilayer_perceptron.py:691: ConvergenceWarning: Stochastic Optimizer: Maximum iterations (50) reached and the optimization hasn't converged yet.
  warnings.warn(
/data/home/rtabares/anaconda3/envs/pyth3.12/lib/python3.12/site-packages/sklearn/neural_network/_multilayer_perceptron.py:691: ConvergenceWarning: Stochastic Optimizer: Maximum iterations (50) reached and the optimization hasn't converged yet.
  warnings.warn(
/data/home/rtabares/anaconda3/envs/pyth3.12/lib/python3.12/site-packages/sklearn/neural_network/_multilayer_perceptron.py:691: ConvergenceWarning: Stochastic Optimizer: Maximum iterations (50) reached and the optimization hasn't converged yet.
  warnings.warn(
[I 2025-05-07 04:21:47,028] Trial 2 finished with value: 0.45 and parameters: {'hidden_layer_sizes': (100,), 'max_iter': 50, 'alpha': 0.0001}. Best is trial 2 with value: 0.45.
/data/home/rtabares/anaconda3/envs/pyth3.12/lib/python3.12/site-packages/sklearn/neural_network/_multilayer_perceptron.py:691: ConvergenceWarning: Stochastic Optimizer: Maximum iterations (100) reached and the optimization hasn't converged yet.
  warnings.warn(
/data/home/rtabares/anaconda3/envs/pyth3.12/lib/python3.12/site-packages/sklearn/neural_network/_multilayer_perceptron.py:691: ConvergenceWarning: Stochastic Optimizer: Maximum iterations (100) reached and the optimization hasn't converged yet.
  warnings.warn(
/data/home/rtabares/anaconda3/envs/pyth3.12/lib/python3.12/site-packages/sklearn/neural_network/_multilayer_perceptron.py:691: ConvergenceWarning: Stochastic Optimizer: Maximum iterations (100) reached and the optimization hasn't converged yet.
  warnings.warn(
/data/home/rtabares/anaconda3/envs/pyth3.12/lib/python3.12/site-packages/sklearn/neural_network/_multilayer_perceptron.py:691: ConvergenceWarning: Stochastic Optimizer: Maximum iterations (100) reached and the optimization hasn't converged yet.
  warnings.warn(
/data/home/rtabares/anaconda3/envs/pyth3.12/lib/python3.12/site-packages/sklearn/neural_network/_multilayer_perceptron.py:691: ConvergenceWarning: Stochastic Optimizer: Maximum iterations (100) reached and the optimization hasn't converged yet.
  warnings.warn(
[I 2025-05-07 04:21:47,110] Trial 3 finished with value: 0.35 and parameters: {'hidden_layer_sizes': (100,), 'max_iter': 100, 'alpha': 0.001}. Best is trial 2 with value: 0.45.
/data/home/rtabares/anaconda3/envs/pyth3.12/lib/python3.12/site-packages/sklearn/neural_network/_multilayer_perceptron.py:691: ConvergenceWarning: Stochastic Optimizer: Maximum iterations (100) reached and the optimization hasn't converged yet.
  warnings.warn(
/data/home/rtabares/anaconda3/envs/pyth3.12/lib/python3.12/site-packages/sklearn/neural_network/_multilayer_perceptron.py:691: ConvergenceWarning: Stochastic Optimizer: Maximum iterations (100) reached and the optimization hasn't converged yet.
  warnings.warn(
/data/home/rtabares/anaconda3/envs/pyth3.12/lib/python3.12/site-packages/sklearn/neural_network/_multilayer_perceptron.py:691: ConvergenceWarning: Stochastic Optimizer: Maximum iterations (100) reached and the optimization hasn't converged yet.
  warnings.warn(
/data/home/rtabares/anaconda3/envs/pyth3.12/lib/python3.12/site-packages/sklearn/neural_network/_multilayer_perceptron.py:691: ConvergenceWarning: Stochastic Optimizer: Maximum iterations (100) reached and the optimization hasn't converged yet.
  warnings.warn(
/data/home/rtabares/anaconda3/envs/pyth3.12/lib/python3.12/site-packages/sklearn/neural_network/_multilayer_perceptron.py:691: ConvergenceWarning: Stochastic Optimizer: Maximum iterations (100) reached and the optimization hasn't converged yet.
  warnings.warn(
[I 2025-05-07 04:21:47,187] Trial 4 finished with value: 0.4 and parameters: {'hidden_layer_sizes': (200,), 'max_iter': 100, 'alpha': 0.001}. Best is trial 2 with value: 0.45.
/data/home/rtabares/anaconda3/envs/pyth3.12/lib/python3.12/site-packages/sklearn/neural_network/_multilayer_perceptron.py:691: ConvergenceWarning: Stochastic Optimizer: Maximum iterations (50) reached and the optimization hasn't converged yet.
  warnings.warn(
/data/home/rtabares/anaconda3/envs/pyth3.12/lib/python3.12/site-packages/sklearn/neural_network/_multilayer_perceptron.py:691: ConvergenceWarning: Stochastic Optimizer: Maximum iterations (50) reached and the optimization hasn't converged yet.
  warnings.warn(
/data/home/rtabares/anaconda3/envs/pyth3.12/lib/python3.12/site-packages/sklearn/neural_network/_multilayer_perceptron.py:691: ConvergenceWarning: Stochastic Optimizer: Maximum iterations (50) reached and the optimization hasn't converged yet.
  warnings.warn(
/data/home/rtabares/anaconda3/envs/pyth3.12/lib/python3.12/site-packages/sklearn/neural_network/_multilayer_perceptron.py:691: ConvergenceWarning: Stochastic Optimizer: Maximum iterations (50) reached and the optimization hasn't converged yet.
  warnings.warn(
/data/home/rtabares/anaconda3/envs/pyth3.12/lib/python3.12/site-packages/sklearn/neural_network/_multilayer_perceptron.py:691: ConvergenceWarning: Stochastic Optimizer: Maximum iterations (50) reached and the optimization hasn't converged yet.
  warnings.warn(
