[I 2025-05-07 04:24:29,959] Trial 8 finished with value: 0.95 and parameters: {'n_estimators': 100, 'max_depth': 5, 'gamma': 0.5449029446194361, 'subsample': 0.7150234071055932, 'colsample_bytree': 0.8673829085180849}. Best is trial 0 with value: 0.95.
/data/home/rtabares/anaconda3/envs/pyth3.12/lib/python3.12/site-packages/xgboost/core.py:377: FutureWarning: Your system has an old version of glibc (< 2.28). We will stop supporting Linux distros with glibc older than 2.28 after **May 31, 2025**. Please upgrade to a recent Linux distro (with glibc >= 2.28) to use future versions of XGBoost.
Note: You have installed the 'manylinux2014' variant of XGBoost. Certain features such as GPU algorithms or federated learning are not available. To use these features, please upgrade to a recent Linux distro with glibc 2.28+, and install the 'manylinux_2_28' variant.
  warnings.warn(
/data/home/rtabares/anaconda3/envs/pyth3.12/lib/python3.12/site-packages/xgboost/core.py:377: FutureWarning: Your system has an old version of glibc (< 2.28). We will stop supporting Linux distros with glibc older than 2.28 after **May 31, 2025**. Please upgrade to a recent Linux distro (with glibc >= 2.28) to use future versions of XGBoost.
Note: You have installed the 'manylinux2014' variant of XGBoost. Certain features such as GPU algorithms or federated learning are not available. To use these features, please upgrade to a recent Linux distro with glibc 2.28+, and install the 'manylinux_2_28' variant.
  warnings.warn(
[I 2025-05-07 04:24:30,008] Trial 9 finished with value: 0.95 and parameters: {'n_estimators': 100, 'max_depth': 30, 'gamma': 0.5427360453562716, 'subsample': 0.5915763668266103, 'colsample_bytree': 0.5546552575823498}. Best is trial 0 with value: 0.95.
/data/home/rtabares/anaconda3/envs/pyth3.12/lib/python3.12/site-packages/xgboost/core.py:377: FutureWarning: Your system has an old version of glibc (< 2.28). We will stop supporting Linux distros with glibc older than 2.28 after **May 31, 2025**. Please upgrade to a recent Linux distro (with glibc >= 2.28) to use future versions of XGBoost.
Note: You have installed the 'manylinux2014' variant of XGBoost. Certain features such as GPU algorithms or federated learning are not available. To use these features, please upgrade to a recent Linux distro with glibc 2.28+, and install the 'manylinux_2_28' variant.
  warnings.warn(
[I 2025-05-07 04:24:30,057] Trial 10 finished with value: 0.95 and parameters: {'n_estimators': 40, 'max_depth': 30, 'gamma': 0.14684638844211245, 'subsample': 0.5183047662344111, 'colsample_bytree': 0.6399757283243361}. Best is trial 0 with value: 0.95.
/data/home/rtabares/anaconda3/envs/pyth3.12/lib/python3.12/site-packages/xgboost/core.py:377: FutureWarning: Your system has an old version of glibc (< 2.28). We will stop supporting Linux distros with glibc older than 2.28 after **May 31, 2025**. Please upgrade to a recent Linux distro (with glibc >= 2.28) to use future versions of XGBoost.
Note: You have installed the 'manylinux2014' variant of XGBoost. Certain features such as GPU algorithms or federated learning are not available. To use these features, please upgrade to a recent Linux distro with glibc 2.28+, and install the 'manylinux_2_28' variant.
  warnings.warn(
/data/home/rtabares/anaconda3/envs/pyth3.12/lib/python3.12/site-packages/xgboost/core.py:377: FutureWarning: Your system has an old version of glibc (< 2.28). We will stop supporting Linux distros with glibc older than 2.28 after **May 31, 2025**. Please upgrade to a recent Linux distro (with glibc >= 2.28) to use future versions of XGBoost.
Note: You have installed the 'manylinux2014' variant of XGBoost. Certain features such as GPU algorithms or federated learning are not available. To use these features, please upgrade to a recent Linux distro with glibc 2.28+, and install the 'manylinux_2_28' variant.
  warnings.warn(
/data/home/rtabares/anaconda3/envs/pyth3.12/lib/python3.12/site-packages/xgboost/core.py:377: FutureWarning: Your system has an old version of glibc (< 2.28). We will stop supporting Linux distros with glibc older than 2.28 after **May 31, 2025**. Please upgrade to a recent Linux distro (with glibc >= 2.28) to use future versions of XGBoost.
Note: You have installed the 'manylinux2014' variant of XGBoost. Certain features such as GPU algorithms or federated learning are not available. To use these features, please upgrade to a recent Linux distro with glibc 2.28+, and install the 'manylinux_2_28' variant.
  warnings.warn(
[I 2025-05-07 04:24:30,711] Trial 11 finished with value: 0.95 and parameters: {'n_estimators': 10, 'max_depth': 5, 'gamma': 0.7404734538708532, 'subsample': 0.9683640491533567, 'colsample_bytree': 0.791290368973991}. Best is trial 0 with value: 0.95.
/data/home/rtabares/anaconda3/envs/pyth3.12/lib/python3.12/site-packages/xgboost/core.py:377: FutureWarning: Your system has an old version of glibc (< 2.28). We will stop supporting Linux distros with glibc older than 2.28 after **May 31, 2025**. Please upgrade to a recent Linux distro (with glibc >= 2.28) to use future versions of XGBoost.
Note: You have installed the 'manylinux2014' variant of XGBoost. Certain features such as GPU algorithms or federated learning are not available. To use these features, please upgrade to a recent Linux distro with glibc 2.28+, and install the 'manylinux_2_28' variant.
  warnings.warn(
/data/home/rtabares/anaconda3/envs/pyth3.12/lib/python3.12/site-packages/xgboost/core.py:377: FutureWarning: Your system has an old version of glibc (< 2.28). We will stop supporting Linux distros with glibc older than 2.28 after **May 31, 2025**. Please upgrade to a recent Linux distro (with glibc >= 2.28) to use future versions of XGBoost.
Note: You have installed the 'manylinux2014' variant of XGBoost. Certain features such as GPU algorithms or federated learning are not available. To use these features, please upgrade to a recent Linux distro with glibc 2.28+, and install the 'manylinux_2_28' variant.
  warnings.warn(
[I 2025-05-07 04:24:31,356] Trial 12 finished with value: 0.95 and parameters: {'n_estimators': 40, 'max_depth': 30, 'gamma': 0.33003106543330485, 'subsample': 0.837351019418467, 'colsample_bytree': 0.8016486854551674}. Best is trial 0 with value: 0.95.
[I 2025-05-07 04:24:31,394] Trial 13 finished with value: 0.95 and parameters: {'n_estimators': 40, 'max_depth': 5, 'gamma': 0.7493472740896592, 'subsample': 0.6284003687490249, 'colsample_bytree': 0.6619906998059255}. Best is trial 0 with value: 0.95.
[I 2025-05-07 04:24:31,449] Trial 14 finished with value: 0.95 and parameters: {'n_estimators': 10, 'max_depth': 20, 'gamma': 0.3809802685803019, 'subsample': 0.9899457651138078, 'colsample_bytree': 0.5959354756466476}. Best is trial 0 with value: 0.95.
[I 2025-05-07 04:24:31,497] Trial 15 finished with value: 0.95 and parameters: {'n_estimators': 100, 'max_depth': 30, 'gamma': 0.9943112714517324, 'subsample': 0.8200359995329215, 'colsample_bytree': 0.7284824247049743}. Best is trial 0 with value: 0.95.
/data/home/rtabares/anaconda3/envs/pyth3.12/lib/python3.12/site-packages/xgboost/core.py:377: FutureWarning: Your system has an old version of glibc (< 2.28). We will stop supporting Linux distros with glibc older than 2.28 after **May 31, 2025**. Please upgrade to a recent Linux distro (with glibc >= 2.28) to use future versions of XGBoost.
Note: You have installed the 'manylinux2014' variant of XGBoost. Certain features such as GPU algorithms or federated learning are not available. To use these features, please upgrade to a recent Linux distro with glibc 2.28+, and install the 'manylinux_2_28' variant.
  warnings.warn(
[I 2025-05-07 04:24:32,130] Trial 16 finished with value: 0.9 and parameters: {'n_estimators': 40, 'max_depth': 5, 'gamma': 0.6648730456079014, 'subsample': 0.5265430700079919, 'colsample_bytree': 0.8225676920784882}. Best is trial 0 with value: 0.95.
/data/home/rtabares/anaconda3/envs/pyth3.12/lib/python3.12/site-packages/xgboost/core.py:377: FutureWarning: Your system has an old version of glibc (< 2.28). We will stop supporting Linux distros with glibc older than 2.28 after **May 31, 2025**. Please upgrade to a recent Linux distro (with glibc >= 2.28) to use future versions of XGBoost.
Note: You have installed the 'manylinux2014' variant of XGBoost. Certain features such as GPU algorithms or federated learning are not available. To use these features, please upgrade to a recent Linux distro with glibc 2.28+, and install the 'manylinux_2_28' variant.
  warnings.warn(
[I 2025-05-07 04:24:32,775] Trial 17 finished with value: 0.95 and parameters: {'n_estimators': 100, 'max_depth': 5, 'gamma': 0.41547611635775555, 'subsample': 0.6518240843907721, 'colsample_bytree': 0.5068086515296648}. Best is trial 0 with value: 0.95.
[I 2025-05-07 04:24:32,814] Trial 18 finished with value: 0.95 and parameters: {'n_estimators': 40, 'max_depth': 30, 'gamma': 0.7925179805378093, 'subsample': 0.9180923362841127, 'colsample_bytree': 0.6573173889505894}. Best is trial 0 with value: 0.95.
[I 2025-05-07 04:24:32,853] Trial 19 finished with value: 0.9 and parameters: {'n_estimators': 10, 'max_depth': 20, 'gamma': 0.8484091708840186, 'subsample': 0.6752045869249022, 'colsample_bytree': 0.7651203651494868}. Best is trial 0 with value: 0.95.
[I 2025-05-07 04:24:32,892] Trial 20 finished with value: 0.95 and parameters: {'n_estimators': 40, 'max_depth': 30, 'gamma': 0.6498309549927597, 'subsample': 0.7888679374142473, 'colsample_bytree': 0.8592552998008142}. Best is trial 0 with value: 0.95.
[I 2025-05-07 04:24:32,931] Trial 21 finished with value: 0.95 and parameters: {'n_estimators': 40, 'max_depth': 20, 'gamma': 0.9224833808115213, 'subsample': 0.907726321748267, 'colsample_bytree': 0.991811029277949}. Best is trial 0 with value: 0.95.
[I 2025-05-07 04:24:32,977] Trial 22 finished with value: 0.95 and parameters: {'n_estimators': 40, 'max_depth': 20, 'gamma': 0.2522143597351267, 'subsample': 0.8993960847725873, 'colsample_bytree': 0.97846034880731}. Best is trial 0 with value: 0.95.
[I 2025-05-07 04:24:33,016] Trial 23 finished with value: 0.95 and parameters: {'n_estimators': 40, 'max_depth': 20, 'gamma': 0.4192326662590322, 'subsample': 0.9438496634428782, 'colsample_bytree': 0.8511404282671045}. Best is trial 0 with value: 0.95.
[I 2025-05-07 04:24:33,067] Trial 24 finished with value: 0.95 and parameters: {'n_estimators': 40, 'max_depth': 20, 'gamma': 0.9070154313790706, 'subsample': 0.8709502969651824, 'colsample_bytree': 0.593959043632211}. Best is trial 0 with value: 0.95.
[I 2025-05-07 04:24:33,118] Trial 25 finished with value: 0.95 and parameters: {'n_estimators': 100, 'max_depth': 20, 'gamma': 0.6005168462473008, 'subsample': 0.5686027666375084, 'colsample_bytree': 0.920206448802743}. Best is trial 0 with value: 0.95.
[I 2025-05-07 04:24:33,159] Trial 26 finished with value: 0.95 and parameters: {'n_estimators': 40, 'max_depth': 5, 'gamma': 0.4590600199155305, 'subsample': 0.7890142212091552, 'colsample_bytree': 0.6978865374096721}. Best is trial 0 with value: 0.95.
[I 2025-05-07 04:24:33,198] Trial 27 finished with value: 0.95 and parameters: {'n_estimators': 40, 'max_depth': 5, 'gamma': 0.1495926832334486, 'subsample': 0.9486485992226238, 'colsample_bytree': 0.7565589188962993}. Best is trial 0 with value: 0.95.
[I 2025-05-07 04:24:33,238] Trial 28 finished with value: 0.95 and parameters: {'n_estimators': 10, 'max_depth': 30, 'gamma': 0.9872479321279979, 'subsample': 0.8816978528639977, 'colsample_bytree': 0.9722594412047804}. Best is trial 0 with value: 0.95.
[I 2025-05-07 04:24:33,278] Trial 29 finished with value: 0.95 and parameters: {'n_estimators': 100, 'max_depth': 20, 'gamma': 0.26270274024487045, 'subsample': 0.6892710113302492, 'colsample_bytree': 0.8930451319107932}. Best is trial 0 with value: 0.95.
[I 2025-05-07 04:24:36,249] A new study created in memory with name: rf
Parámetros guardados en checkpoint_shoppers_Doriginal_Roriginal_B/k-means/IPC_10/best_models_k-means_seed_9_space_original/xgb_best_params.json


>>> Optuna tuning rf metodo k-means IPC 10 seed 9


[I 2025-05-07 04:24:37,988] Trial 0 finished with value: 1.0 and parameters: {'n_estimators': 104, 'max_depth': 12, 'min_samples_split': 6, 'min_samples_leaf': 2}. Best is trial 0 with value: 1.0.
[I 2025-05-07 04:24:38,327] Trial 1 finished with value: 1.0 and parameters: {'n_estimators': 156, 'max_depth': 6, 'min_samples_split': 5, 'min_samples_leaf': 3}. Best is trial 0 with value: 1.0.
[I 2025-05-07 04:24:38,538] Trial 2 finished with value: 0.5 and parameters: {'n_estimators': 133, 'max_depth': 9, 'min_samples_split': 3, 'min_samples_leaf': 9}. Best is trial 0 with value: 1.0.
[I 2025-05-07 04:24:39,091] Trial 3 finished with value: 0.95 and parameters: {'n_estimators': 481, 'max_depth': 3, 'min_samples_split': 8, 'min_samples_leaf': 6}. Best is trial 0 with value: 1.0.
[I 2025-05-07 04:24:39,633] Trial 4 finished with value: 0.5 and parameters: {'n_estimators': 460, 'max_depth': 15, 'min_samples_split': 6, 'min_samples_leaf': 8}. Best is trial 0 with value: 1.0.
[I 2025-05-07 04:24:40,034] Trial 5 finished with value: 1.0 and parameters: {'n_estimators': 254, 'max_depth': 15, 'min_samples_split': 9, 'min_samples_leaf': 5}. Best is trial 0 with value: 1.0.
[I 2025-05-07 04:24:40,617] Trial 6 finished with value: 0.95 and parameters: {'n_estimators': 477, 'max_depth': 17, 'min_samples_split': 10, 'min_samples_leaf': 2}. Best is trial 0 with value: 1.0.
[I 2025-05-07 04:24:40,977] Trial 7 finished with value: 0.5 and parameters: {'n_estimators': 308, 'max_depth': 20, 'min_samples_split': 7, 'min_samples_leaf': 9}. Best is trial 0 with value: 1.0.
[I 2025-05-07 04:24:41,528] Trial 8 finished with value: 0.5 and parameters: {'n_estimators': 489, 'max_depth': 6, 'min_samples_split': 4, 'min_samples_leaf': 9}. Best is trial 0 with value: 1.0.
[I 2025-05-07 04:24:42,041] Trial 9 finished with value: 0.95 and parameters: {'n_estimators': 463, 'max_depth': 16, 'min_samples_split': 5, 'min_samples_leaf': 5}. Best is trial 0 with value: 1.0.
[I 2025-05-07 04:24:42,406] Trial 10 finished with value: 0.95 and parameters: {'n_estimators': 233, 'max_depth': 11, 'min_samples_split': 2, 'min_samples_leaf': 1}. Best is trial 0 with value: 1.0.
[I 2025-05-07 04:24:43,228] Trial 11 finished with value: 0.95 and parameters: {'n_estimators': 100, 'max_depth': 8, 'min_samples_split': 6, 'min_samples_leaf': 3}. Best is trial 0 with value: 1.0.
[I 2025-05-07 04:24:44,065] Trial 12 finished with value: 1.0 and parameters: {'n_estimators': 172, 'max_depth': 12, 'min_samples_split': 5, 'min_samples_leaf': 3}. Best is trial 0 with value: 1.0.
[I 2025-05-07 04:24:44,925] Trial 13 finished with value: 1.0 and parameters: {'n_estimators': 194, 'max_depth': 3, 'min_samples_split': 7, 'min_samples_leaf': 3}. Best is trial 0 with value: 1.0.
[I 2025-05-07 04:24:45,926] Trial 14 finished with value: 0.95 and parameters: {'n_estimators': 339, 'max_depth': 12, 'min_samples_split': 4, 'min_samples_leaf': 1}. Best is trial 0 with value: 1.0.
[I 2025-05-07 04:24:46,120] Trial 15 finished with value: 0.95 and parameters: {'n_estimators': 161, 'max_depth': 6, 'min_samples_split': 5, 'min_samples_leaf': 4}. Best is trial 0 with value: 1.0.
[I 2025-05-07 04:24:46,303] Trial 16 finished with value: 0.5 and parameters: {'n_estimators': 104, 'max_depth': 9, 'min_samples_split': 7, 'min_samples_leaf': 7}. Best is trial 0 with value: 1.0.
[I 2025-05-07 04:24:46,718] Trial 17 finished with value: 0.95 and parameters: {'n_estimators': 359, 'max_depth': 5, 'min_samples_split': 2, 'min_samples_leaf': 2}. Best is trial 0 with value: 1.0.
[I 2025-05-07 04:24:47,018] Trial 18 finished with value: 0.95 and parameters: {'n_estimators': 222, 'max_depth': 10, 'min_samples_split': 4, 'min_samples_leaf': 4}. Best is trial 0 with value: 1.0.
[I 2025-05-07 04:24:47,456] Trial 19 finished with value: 1.0 and parameters: {'n_estimators': 405, 'max_depth': 13, 'min_samples_split': 6, 'min_samples_leaf': 2}. Best is trial 0 with value: 1.0.
[I 2025-05-07 04:24:47,639] Trial 20 finished with value: 0.95 and parameters: {'n_estimators': 144, 'max_depth': 8, 'min_samples_split': 8, 'min_samples_leaf': 4}. Best is trial 0 with value: 1.0.
[I 2025-05-07 04:24:47,974] Trial 21 finished with value: 0.9 and parameters: {'n_estimators': 269, 'max_depth': 14, 'min_samples_split': 9, 'min_samples_leaf': 5}. Best is trial 0 with value: 1.0.
[I 2025-05-07 04:24:48,245] Trial 22 finished with value: 0.55 and parameters: {'n_estimators': 252, 'max_depth': 19, 'min_samples_split': 10, 'min_samples_leaf': 7}. Best is trial 0 with value: 1.0.
[I 2025-05-07 04:24:48,464] Trial 23 finished with value: 0.95 and parameters: {'n_estimators': 196, 'max_depth': 14, 'min_samples_split': 8, 'min_samples_leaf': 6}. Best is trial 0 with value: 1.0.
[I 2025-05-07 04:24:48,784] Trial 24 finished with value: 1.0 and parameters: {'n_estimators': 279, 'max_depth': 17, 'min_samples_split': 9, 'min_samples_leaf': 4}. Best is trial 0 with value: 1.0.
[I 2025-05-07 04:24:48,948] Trial 25 finished with value: 0.95 and parameters: {'n_estimators': 124, 'max_depth': 11, 'min_samples_split': 5, 'min_samples_leaf': 3}. Best is trial 0 with value: 1.0.
[I 2025-05-07 04:24:49,224] Trial 26 finished with value: 1.0 and parameters: {'n_estimators': 194, 'max_depth': 13, 'min_samples_split': 7, 'min_samples_leaf': 1}. Best is trial 0 with value: 1.0.
[I 2025-05-07 04:24:49,430] Trial 27 finished with value: 1.0 and parameters: {'n_estimators': 170, 'max_depth': 17, 'min_samples_split': 3, 'min_samples_leaf': 5}. Best is trial 0 with value: 1.0.
[I 2025-05-07 04:24:49,727] Trial 28 finished with value: 1.0 and parameters: {'n_estimators': 219, 'max_depth': 15, 'min_samples_split': 6, 'min_samples_leaf': 2}. Best is trial 0 with value: 1.0.
[I 2025-05-07 04:24:49,903] Trial 29 finished with value: 0.5 and parameters: {'n_estimators': 129, 'max_depth': 10, 'min_samples_split': 3, 'min_samples_leaf': 10}. Best is trial 0 with value: 1.0.
[I 2025-05-07 04:24:51,928] A new study created in memory with name: svc
Parámetros guardados en checkpoint_shoppers_Doriginal_Roriginal_B/k-means/IPC_10/best_models_k-means_seed_9_space_original/rf_best_params.json


>>> Optuna tuning svc metodo k-means IPC 10 seed 9


[I 2025-05-07 04:24:54,741] Trial 0 finished with value: 0.5 and parameters: {'C': 0.011002632709098882, 'gamma': 0.010174155443038872}. Best is trial 0 with value: 0.5.
[I 2025-05-07 04:24:54,906] Trial 1 finished with value: 0.55 and parameters: {'C': 0.9618186025955839, 'gamma': 0.00034301895208247704}. Best is trial 1 with value: 0.55.
[I 2025-05-07 04:24:54,923] Trial 2 finished with value: 0.55 and parameters: {'C': 0.03702067575132929, 'gamma': 0.0007485739374074099}. Best is trial 1 with value: 0.55.
[I 2025-05-07 04:24:54,936] Trial 3 finished with value: 0.55 and parameters: {'C': 0.47209861032825945, 'gamma': 0.0009826631576890102}. Best is trial 1 with value: 0.55.
[I 2025-05-07 04:24:54,951] Trial 4 finished with value: 0.5 and parameters: {'C': 0.021688953850108893, 'gamma': 0.0024098752433673273}. Best is trial 1 with value: 0.55.
[I 2025-05-07 04:24:54,964] Trial 5 finished with value: 0.25 and parameters: {'C': 0.04646280084231645, 'gamma': 0.3267656089424253}. Best is trial 1 with value: 0.55.
[I 2025-05-07 04:24:54,977] Trial 6 finished with value: 0.5 and parameters: {'C': 63.65845976154302, 'gamma': 0.00014288725836502733}. Best is trial 1 with value: 0.55.
[I 2025-05-07 04:24:54,990] Trial 7 finished with value: 0.3 and parameters: {'C': 6.257913640897913, 'gamma': 0.01954516145303057}. Best is trial 1 with value: 0.55.
[I 2025-05-07 04:24:55,007] Trial 8 finished with value: 0.5 and parameters: {'C': 39.08665206604184, 'gamma': 0.04651530700450706}. Best is trial 1 with value: 0.55.
[I 2025-05-07 04:24:55,021] Trial 9 finished with value: 0.3 and parameters: {'C': 1.553642640603634, 'gamma': 0.06452227863024562}. Best is trial 1 with value: 0.55.
[I 2025-05-07 04:24:55,046] Trial 10 finished with value: 0.55 and parameters: {'C': 0.25707709152788416, 'gamma': 0.0001239925683467219}. Best is trial 1 with value: 0.55.
[I 2025-05-07 04:24:55,684] Trial 11 finished with value: 0.55 and parameters: {'C': 0.1820174210814147, 'gamma': 0.001583809443395358}. Best is trial 1 with value: 0.55.
[I 2025-05-07 04:24:55,709] Trial 12 finished with value: 0.55 and parameters: {'C': 1.5419652458582194, 'gamma': 0.00047450538330737153}. Best is trial 1 with value: 0.55.
[I 2025-05-07 04:24:55,732] Trial 13 finished with value: 0.55 and parameters: {'C': 0.08981164219108682, 'gamma': 0.00037865753946631306}. Best is trial 1 with value: 0.55.
[I 2025-05-07 04:24:55,755] Trial 14 finished with value: 0.45 and parameters: {'C': 4.831254357469986, 'gamma': 0.004342192387982463}. Best is trial 1 with value: 0.55.
[I 2025-05-07 04:24:55,777] Trial 15 finished with value: 0.5 and parameters: {'C': 12.790326593654314, 'gamma': 0.0004816131381611748}. Best is trial 1 with value: 0.55.
[I 2025-05-07 04:24:55,797] Trial 16 finished with value: 0.5 and parameters: {'C': 0.6134264536753753, 'gamma': 0.004021959780280414}. Best is trial 1 with value: 0.55.
[I 2025-05-07 04:24:56,425] Trial 17 finished with value: 0.15 and parameters: {'C': 0.06297216715903786, 'gamma': 0.9734481564149715}. Best is trial 1 with value: 0.55.
[I 2025-05-07 04:24:56,452] Trial 18 finished with value: 0.55 and parameters: {'C': 2.338304357938831, 'gamma': 0.00024494141224292863}. Best is trial 1 with value: 0.55.
[I 2025-05-07 04:24:57,090] Trial 19 finished with value: 0.45 and parameters: {'C': 17.874203794715616, 'gamma': 0.0009239079850322066}. Best is trial 1 with value: 0.55.
[I 2025-05-07 04:24:57,114] Trial 20 finished with value: 0.55 and parameters: {'C': 0.131935258623686, 'gamma': 0.0001088086686210897}. Best is trial 1 with value: 0.55.
