[I 2025-05-07 07:38:35,546] Trial 7 finished with value: 0.8666666666666668 and parameters: {'n_estimators': 100, 'max_depth': 30, 'gamma': 0.5066841370984957, 'subsample': 0.9439726005166529, 'colsample_bytree': 0.6101997683368194}. Best is trial 0 with value: 0.9.
/data/home/rtabares/anaconda3/envs/pyth3.12/lib/python3.12/site-packages/xgboost/core.py:377: FutureWarning: Your system has an old version of glibc (< 2.28). We will stop supporting Linux distros with glibc older than 2.28 after **May 31, 2025**. Please upgrade to a recent Linux distro (with glibc >= 2.28) to use future versions of XGBoost.
Note: You have installed the 'manylinux2014' variant of XGBoost. Certain features such as GPU algorithms or federated learning are not available. To use these features, please upgrade to a recent Linux distro with glibc 2.28+, and install the 'manylinux_2_28' variant.
  warnings.warn(
[I 2025-05-07 07:38:35,594] Trial 8 finished with value: 0.8833333333333334 and parameters: {'n_estimators': 100, 'max_depth': 5, 'gamma': 0.92871970331248, 'subsample': 0.9378329710406759, 'colsample_bytree': 0.5637960774760198}. Best is trial 0 with value: 0.9.
[I 2025-05-07 07:38:35,634] Trial 9 finished with value: 0.8833333333333334 and parameters: {'n_estimators': 100, 'max_depth': 5, 'gamma': 0.5641078178334722, 'subsample': 0.9599003623116367, 'colsample_bytree': 0.6006833055926559}. Best is trial 0 with value: 0.9.
/data/home/rtabares/anaconda3/envs/pyth3.12/lib/python3.12/site-packages/xgboost/core.py:377: FutureWarning: Your system has an old version of glibc (< 2.28). We will stop supporting Linux distros with glibc older than 2.28 after **May 31, 2025**. Please upgrade to a recent Linux distro (with glibc >= 2.28) to use future versions of XGBoost.
Note: You have installed the 'manylinux2014' variant of XGBoost. Certain features such as GPU algorithms or federated learning are not available. To use these features, please upgrade to a recent Linux distro with glibc 2.28+, and install the 'manylinux_2_28' variant.
  warnings.warn(
/data/home/rtabares/anaconda3/envs/pyth3.12/lib/python3.12/site-packages/xgboost/core.py:377: FutureWarning: Your system has an old version of glibc (< 2.28). We will stop supporting Linux distros with glibc older than 2.28 after **May 31, 2025**. Please upgrade to a recent Linux distro (with glibc >= 2.28) to use future versions of XGBoost.
Note: You have installed the 'manylinux2014' variant of XGBoost. Certain features such as GPU algorithms or federated learning are not available. To use these features, please upgrade to a recent Linux distro with glibc 2.28+, and install the 'manylinux_2_28' variant.
  warnings.warn(
/data/home/rtabares/anaconda3/envs/pyth3.12/lib/python3.12/site-packages/xgboost/core.py:377: FutureWarning: Your system has an old version of glibc (< 2.28). We will stop supporting Linux distros with glibc older than 2.28 after **May 31, 2025**. Please upgrade to a recent Linux distro (with glibc >= 2.28) to use future versions of XGBoost.
Note: You have installed the 'manylinux2014' variant of XGBoost. Certain features such as GPU algorithms or federated learning are not available. To use these features, please upgrade to a recent Linux distro with glibc 2.28+, and install the 'manylinux_2_28' variant.
  warnings.warn(
[I 2025-05-07 07:38:35,707] Trial 10 finished with value: 0.9 and parameters: {'n_estimators': 10, 'max_depth': 30, 'gamma': 0.8583368337604367, 'subsample': 0.7181857049240851, 'colsample_bytree': 0.9684160557643458}. Best is trial 0 with value: 0.9.
/data/home/rtabares/anaconda3/envs/pyth3.12/lib/python3.12/site-packages/xgboost/core.py:377: FutureWarning: Your system has an old version of glibc (< 2.28). We will stop supporting Linux distros with glibc older than 2.28 after **May 31, 2025**. Please upgrade to a recent Linux distro (with glibc >= 2.28) to use future versions of XGBoost.
Note: You have installed the 'manylinux2014' variant of XGBoost. Certain features such as GPU algorithms or federated learning are not available. To use these features, please upgrade to a recent Linux distro with glibc 2.28+, and install the 'manylinux_2_28' variant.
  warnings.warn(
/data/home/rtabares/anaconda3/envs/pyth3.12/lib/python3.12/site-packages/xgboost/core.py:377: FutureWarning: Your system has an old version of glibc (< 2.28). We will stop supporting Linux distros with glibc older than 2.28 after **May 31, 2025**. Please upgrade to a recent Linux distro (with glibc >= 2.28) to use future versions of XGBoost.
Note: You have installed the 'manylinux2014' variant of XGBoost. Certain features such as GPU algorithms or federated learning are not available. To use these features, please upgrade to a recent Linux distro with glibc 2.28+, and install the 'manylinux_2_28' variant.
  warnings.warn(
[I 2025-05-07 07:38:36,430] Trial 11 finished with value: 0.9 and parameters: {'n_estimators': 10, 'max_depth': 30, 'gamma': 0.7201758086746026, 'subsample': 0.6333299116842904, 'colsample_bytree': 0.7042503840253013}. Best is trial 0 with value: 0.9.
/data/home/rtabares/anaconda3/envs/pyth3.12/lib/python3.12/site-packages/xgboost/core.py:377: FutureWarning: Your system has an old version of glibc (< 2.28). We will stop supporting Linux distros with glibc older than 2.28 after **May 31, 2025**. Please upgrade to a recent Linux distro (with glibc >= 2.28) to use future versions of XGBoost.
Note: You have installed the 'manylinux2014' variant of XGBoost. Certain features such as GPU algorithms or federated learning are not available. To use these features, please upgrade to a recent Linux distro with glibc 2.28+, and install the 'manylinux_2_28' variant.
  warnings.warn(
/data/home/rtabares/anaconda3/envs/pyth3.12/lib/python3.12/site-packages/xgboost/core.py:377: FutureWarning: Your system has an old version of glibc (< 2.28). We will stop supporting Linux distros with glibc older than 2.28 after **May 31, 2025**. Please upgrade to a recent Linux distro (with glibc >= 2.28) to use future versions of XGBoost.
Note: You have installed the 'manylinux2014' variant of XGBoost. Certain features such as GPU algorithms or federated learning are not available. To use these features, please upgrade to a recent Linux distro with glibc 2.28+, and install the 'manylinux_2_28' variant.
  warnings.warn(
/data/home/rtabares/anaconda3/envs/pyth3.12/lib/python3.12/site-packages/xgboost/core.py:377: FutureWarning: Your system has an old version of glibc (< 2.28). We will stop supporting Linux distros with glibc older than 2.28 after **May 31, 2025**. Please upgrade to a recent Linux distro (with glibc >= 2.28) to use future versions of XGBoost.
Note: You have installed the 'manylinux2014' variant of XGBoost. Certain features such as GPU algorithms or federated learning are not available. To use these features, please upgrade to a recent Linux distro with glibc 2.28+, and install the 'manylinux_2_28' variant.
  warnings.warn(
/data/home/rtabares/anaconda3/envs/pyth3.12/lib/python3.12/site-packages/xgboost/core.py:377: FutureWarning: Your system has an old version of glibc (< 2.28). We will stop supporting Linux distros with glibc older than 2.28 after **May 31, 2025**. Please upgrade to a recent Linux distro (with glibc >= 2.28) to use future versions of XGBoost.
Note: You have installed the 'manylinux2014' variant of XGBoost. Certain features such as GPU algorithms or federated learning are not available. To use these features, please upgrade to a recent Linux distro with glibc 2.28+, and install the 'manylinux_2_28' variant.
  warnings.warn(
[I 2025-05-07 07:38:37,138] Trial 12 finished with value: 0.8833333333333334 and parameters: {'n_estimators': 10, 'max_depth': 30, 'gamma': 0.2624507615302505, 'subsample': 0.6766589173149606, 'colsample_bytree': 0.7169067972264871}. Best is trial 0 with value: 0.9.
[I 2025-05-07 07:38:37,170] Trial 13 finished with value: 0.9 and parameters: {'n_estimators': 10, 'max_depth': 30, 'gamma': 0.10775655690397834, 'subsample': 0.5034918751969824, 'colsample_bytree': 0.8366370201009719}. Best is trial 0 with value: 0.9.
[I 2025-05-07 07:38:37,208] Trial 14 finished with value: 0.8666666666666666 and parameters: {'n_estimators': 40, 'max_depth': 30, 'gamma': 0.333304856070796, 'subsample': 0.6292083574328127, 'colsample_bytree': 0.9201748600716686}. Best is trial 0 with value: 0.9.
[I 2025-05-07 07:38:37,247] Trial 15 finished with value: 0.9 and parameters: {'n_estimators': 10, 'max_depth': 30, 'gamma': 0.6408133491867157, 'subsample': 0.7429800208844446, 'colsample_bytree': 0.7595939114097962}. Best is trial 0 with value: 0.9.
[I 2025-05-07 07:38:37,285] Trial 16 finished with value: 0.9 and parameters: {'n_estimators': 10, 'max_depth': 20, 'gamma': 0.39058181201507863, 'subsample': 0.6660837496164025, 'colsample_bytree': 0.6642069086097584}. Best is trial 0 with value: 0.9.
[I 2025-05-07 07:38:37,330] Trial 17 finished with value: 0.9 and parameters: {'n_estimators': 10, 'max_depth': 30, 'gamma': 0.20983138176733807, 'subsample': 0.5788486186933586, 'colsample_bytree': 0.7829457191830653}. Best is trial 0 with value: 0.9.
[I 2025-05-07 07:38:37,370] Trial 18 finished with value: 0.8833333333333334 and parameters: {'n_estimators': 40, 'max_depth': 30, 'gamma': 0.3363870691614192, 'subsample': 0.8251618616830048, 'colsample_bytree': 0.8974147090929833}. Best is trial 0 with value: 0.9.
[I 2025-05-07 07:38:37,410] Trial 19 finished with value: 0.9 and parameters: {'n_estimators': 10, 'max_depth': 20, 'gamma': 0.6521050310014664, 'subsample': 0.5010304713856407, 'colsample_bytree': 0.984229253992297}. Best is trial 0 with value: 0.9.
[I 2025-05-07 07:38:37,447] Trial 20 finished with value: 0.9 and parameters: {'n_estimators': 10, 'max_depth': 30, 'gamma': 0.7554076048977841, 'subsample': 0.6939298158407495, 'colsample_bytree': 0.6570647265283426}. Best is trial 0 with value: 0.9.
[I 2025-05-07 07:38:37,499] Trial 21 finished with value: 0.9 and parameters: {'n_estimators': 10, 'max_depth': 30, 'gamma': 0.994511090914146, 'subsample': 0.7552075532401792, 'colsample_bytree': 0.9798332885624969}. Best is trial 0 with value: 0.9.
[I 2025-05-07 07:38:37,538] Trial 22 finished with value: 0.9 and parameters: {'n_estimators': 10, 'max_depth': 30, 'gamma': 0.8502276284523669, 'subsample': 0.7319093893679974, 'colsample_bytree': 0.9351607031444469}. Best is trial 0 with value: 0.9.
[I 2025-05-07 07:38:37,578] Trial 23 finished with value: 0.9 and parameters: {'n_estimators': 10, 'max_depth': 30, 'gamma': 0.5039221470023236, 'subsample': 0.6011812878820068, 'colsample_bytree': 0.817881471616552}. Best is trial 0 with value: 0.9.
[I 2025-05-07 07:38:37,618] Trial 24 finished with value: 0.9 and parameters: {'n_estimators': 10, 'max_depth': 30, 'gamma': 0.4676281132816083, 'subsample': 0.7822164585742316, 'colsample_bytree': 0.8888038728830787}. Best is trial 0 with value: 0.9.
[I 2025-05-07 07:38:37,657] Trial 25 finished with value: 0.9 and parameters: {'n_estimators': 40, 'max_depth': 30, 'gamma': 0.8329345472578238, 'subsample': 0.708519371958229, 'colsample_bytree': 0.9558501973240908}. Best is trial 0 with value: 0.9.
[I 2025-05-07 07:38:37,696] Trial 26 finished with value: 0.9 and parameters: {'n_estimators': 10, 'max_depth': 30, 'gamma': 0.6159716924494696, 'subsample': 0.6385587378440105, 'colsample_bytree': 0.7789474842215718}. Best is trial 0 with value: 0.9.
[I 2025-05-07 07:38:37,735] Trial 27 finished with value: 0.9 and parameters: {'n_estimators': 10, 'max_depth': 30, 'gamma': 0.37651017914839413, 'subsample': 0.8759245334345399, 'colsample_bytree': 0.9976545855024781}. Best is trial 0 with value: 0.9.
[I 2025-05-07 07:38:37,775] Trial 28 finished with value: 0.9 and parameters: {'n_estimators': 10, 'max_depth': 20, 'gamma': 0.7106541643741547, 'subsample': 0.6554421176528284, 'colsample_bytree': 0.7174601234054969}. Best is trial 0 with value: 0.9.
[I 2025-05-07 07:38:37,816] Trial 29 finished with value: 0.9 and parameters: {'n_estimators': 40, 'max_depth': 5, 'gamma': 0.25041577042859936, 'subsample': 0.5523390578408932, 'colsample_bytree': 0.8610847249975421}. Best is trial 0 with value: 0.9.
[I 2025-05-07 07:38:40,788] A new study created in memory with name: rf
Parámetros guardados en checkpoint_shoppers_Doriginal_Roriginal_C/random/IPC_30/best_models_random_seed_15_space_original/xgb_best_params.json


>>> Optuna tuning rf metodo random IPC 30 seed 15


[I 2025-05-07 07:38:42,567] Trial 0 finished with value: 0.8000000000000002 and parameters: {'n_estimators': 440, 'max_depth': 6, 'min_samples_split': 2, 'min_samples_leaf': 4}. Best is trial 0 with value: 0.8000000000000002.
[I 2025-05-07 07:38:42,995] Trial 1 finished with value: 0.8166666666666668 and parameters: {'n_estimators': 210, 'max_depth': 12, 'min_samples_split': 4, 'min_samples_leaf': 4}. Best is trial 1 with value: 0.8166666666666668.
[I 2025-05-07 07:38:43,241] Trial 2 finished with value: 0.7666666666666668 and parameters: {'n_estimators': 144, 'max_depth': 7, 'min_samples_split': 10, 'min_samples_leaf': 3}. Best is trial 1 with value: 0.8166666666666668.
[I 2025-05-07 07:38:43,725] Trial 3 finished with value: 0.7666666666666668 and parameters: {'n_estimators': 387, 'max_depth': 18, 'min_samples_split': 9, 'min_samples_leaf': 3}. Best is trial 1 with value: 0.8166666666666668.
[I 2025-05-07 07:38:43,954] Trial 4 finished with value: 0.7833333333333334 and parameters: {'n_estimators': 167, 'max_depth': 3, 'min_samples_split': 2, 'min_samples_leaf': 3}. Best is trial 1 with value: 0.8166666666666668.
[I 2025-05-07 07:38:44,553] Trial 5 finished with value: 0.8166666666666668 and parameters: {'n_estimators': 500, 'max_depth': 9, 'min_samples_split': 8, 'min_samples_leaf': 5}. Best is trial 1 with value: 0.8166666666666668.
[I 2025-05-07 07:38:44,943] Trial 6 finished with value: 0.7666666666666666 and parameters: {'n_estimators': 304, 'max_depth': 20, 'min_samples_split': 2, 'min_samples_leaf': 5}. Best is trial 1 with value: 0.8166666666666668.
[I 2025-05-07 07:38:45,201] Trial 7 finished with value: 0.8 and parameters: {'n_estimators': 156, 'max_depth': 12, 'min_samples_split': 4, 'min_samples_leaf': 6}. Best is trial 1 with value: 0.8166666666666668.
[I 2025-05-07 07:38:45,651] Trial 8 finished with value: 0.7666666666666666 and parameters: {'n_estimators': 366, 'max_depth': 9, 'min_samples_split': 7, 'min_samples_leaf': 7}. Best is trial 1 with value: 0.8166666666666668.
[I 2025-05-07 07:38:45,969] Trial 9 finished with value: 0.8000000000000002 and parameters: {'n_estimators': 268, 'max_depth': 10, 'min_samples_split': 5, 'min_samples_leaf': 5}. Best is trial 1 with value: 0.8166666666666668.
[I 2025-05-07 07:38:46,313] Trial 10 finished with value: 0.7833333333333334 and parameters: {'n_estimators': 233, 'max_depth': 14, 'min_samples_split': 4, 'min_samples_leaf': 10}. Best is trial 1 with value: 0.8166666666666668.
[I 2025-05-07 07:38:47,541] Trial 11 finished with value: 0.8 and parameters: {'n_estimators': 479, 'max_depth': 15, 'min_samples_split': 7, 'min_samples_leaf': 1}. Best is trial 1 with value: 0.8166666666666668.
[I 2025-05-07 07:38:48,464] Trial 12 finished with value: 0.7833333333333334 and parameters: {'n_estimators': 212, 'max_depth': 13, 'min_samples_split': 8, 'min_samples_leaf': 7}. Best is trial 1 with value: 0.8166666666666668.
[I 2025-05-07 07:38:49,528] Trial 13 finished with value: 0.8333333333333334 and parameters: {'n_estimators': 319, 'max_depth': 8, 'min_samples_split': 6, 'min_samples_leaf': 1}. Best is trial 13 with value: 0.8333333333333334.
[I 2025-05-07 07:38:49,911] Trial 14 finished with value: 0.8333333333333334 and parameters: {'n_estimators': 314, 'max_depth': 5, 'min_samples_split': 5, 'min_samples_leaf': 1}. Best is trial 13 with value: 0.8333333333333334.
[I 2025-05-07 07:38:50,316] Trial 15 finished with value: 0.8333333333333334 and parameters: {'n_estimators': 332, 'max_depth': 3, 'min_samples_split': 6, 'min_samples_leaf': 1}. Best is trial 13 with value: 0.8333333333333334.
[I 2025-05-07 07:38:50,753] Trial 16 finished with value: 0.8166666666666668 and parameters: {'n_estimators': 380, 'max_depth': 6, 'min_samples_split': 6, 'min_samples_leaf': 1}. Best is trial 13 with value: 0.8333333333333334.
[I 2025-05-07 07:38:51,148] Trial 17 finished with value: 0.7833333333333334 and parameters: {'n_estimators': 274, 'max_depth': 5, 'min_samples_split': 5, 'min_samples_leaf': 2}. Best is trial 13 with value: 0.8333333333333334.
[I 2025-05-07 07:38:51,552] Trial 18 finished with value: 0.8000000000000002 and parameters: {'n_estimators': 331, 'max_depth': 8, 'min_samples_split': 5, 'min_samples_leaf': 10}. Best is trial 13 with value: 0.8333333333333334.
[I 2025-05-07 07:38:52,007] Trial 19 finished with value: 0.8333333333333334 and parameters: {'n_estimators': 404, 'max_depth': 5, 'min_samples_split': 3, 'min_samples_leaf': 2}. Best is trial 13 with value: 0.8333333333333334.
[I 2025-05-07 07:38:52,206] Trial 20 finished with value: 0.7833333333333334 and parameters: {'n_estimators': 111, 'max_depth': 4, 'min_samples_split': 7, 'min_samples_leaf': 2}. Best is trial 13 with value: 0.8333333333333334.
[I 2025-05-07 07:38:52,574] Trial 21 finished with value: 0.8000000000000002 and parameters: {'n_estimators': 326, 'max_depth': 3, 'min_samples_split': 6, 'min_samples_leaf': 1}. Best is trial 13 with value: 0.8333333333333334.
[I 2025-05-07 07:38:52,982] Trial 22 finished with value: 0.8333333333333334 and parameters: {'n_estimators': 344, 'max_depth': 7, 'min_samples_split': 6, 'min_samples_leaf': 1}. Best is trial 13 with value: 0.8333333333333334.
[I 2025-05-07 07:38:53,313] Trial 23 finished with value: 0.8166666666666668 and parameters: {'n_estimators': 281, 'max_depth': 3, 'min_samples_split': 6, 'min_samples_leaf': 2}. Best is trial 13 with value: 0.8333333333333334.
[I 2025-05-07 07:38:53,638] Trial 24 finished with value: 0.8333333333333334 and parameters: {'n_estimators': 244, 'max_depth': 10, 'min_samples_split': 5, 'min_samples_leaf': 1}. Best is trial 13 with value: 0.8333333333333334.
[I 2025-05-07 07:38:54,108] Trial 25 finished with value: 0.75 and parameters: {'n_estimators': 425, 'max_depth': 5, 'min_samples_split': 8, 'min_samples_leaf': 3}. Best is trial 13 with value: 0.8333333333333334.
[I 2025-05-07 07:38:54,504] Trial 26 finished with value: 0.8333333333333334 and parameters: {'n_estimators': 310, 'max_depth': 7, 'min_samples_split': 7, 'min_samples_leaf': 2}. Best is trial 13 with value: 0.8333333333333334.
[I 2025-05-07 07:38:54,901] Trial 27 finished with value: 0.7666666666666666 and parameters: {'n_estimators': 354, 'max_depth': 4, 'min_samples_split': 3, 'min_samples_leaf': 9}. Best is trial 13 with value: 0.8333333333333334.
[I 2025-05-07 07:38:55,287] Trial 28 finished with value: 0.7666666666666668 and parameters: {'n_estimators': 289, 'max_depth': 8, 'min_samples_split': 5, 'min_samples_leaf': 4}. Best is trial 13 with value: 0.8333333333333334.
[I 2025-05-07 07:38:55,805] Trial 29 finished with value: 0.8500000000000002 and parameters: {'n_estimators': 457, 'max_depth': 6, 'min_samples_split': 6, 'min_samples_leaf': 1}. Best is trial 29 with value: 0.8500000000000002.
[I 2025-05-07 07:38:58,655] A new study created in memory with name: svc
Parámetros guardados en checkpoint_shoppers_Doriginal_Roriginal_C/random/IPC_30/best_models_random_seed_15_space_original/rf_best_params.json


>>> Optuna tuning svc metodo random IPC 30 seed 15


[I 2025-05-07 07:39:01,701] Trial 0 finished with value: 0.7666666666666665 and parameters: {'C': 24.84681858535477, 'gamma': 0.0005194977844051247}. Best is trial 0 with value: 0.7666666666666665.
[I 2025-05-07 07:39:01,830] Trial 1 finished with value: 0.6666666666666666 and parameters: {'C': 0.01649881896508309, 'gamma': 0.0027935328604600028}. Best is trial 0 with value: 0.7666666666666665.
[I 2025-05-07 07:39:01,857] Trial 2 finished with value: 0.6833333333333332 and parameters: {'C': 0.12635828256237813, 'gamma': 0.013182594691480152}. Best is trial 0 with value: 0.7666666666666665.
[I 2025-05-07 07:39:01,872] Trial 3 finished with value: 0.6833333333333333 and parameters: {'C': 0.16736924727556804, 'gamma': 0.0016515717154775927}. Best is trial 0 with value: 0.7666666666666665.
[I 2025-05-07 07:39:01,885] Trial 4 finished with value: 0.6833333333333333 and parameters: {'C': 0.027987564322216867, 'gamma': 0.0009990703158873175}. Best is trial 0 with value: 0.7666666666666665.
[I 2025-05-07 07:39:01,913] Trial 5 finished with value: 0.7666666666666667 and parameters: {'C': 46.829507603539625, 'gamma': 0.001139167045676721}. Best is trial 5 with value: 0.7666666666666667.
[I 2025-05-07 07:39:01,937] Trial 6 finished with value: 0.6 and parameters: {'C': 7.431812598390599, 'gamma': 0.29030875732295647}. Best is trial 5 with value: 0.7666666666666667.
[I 2025-05-07 07:39:01,952] Trial 7 finished with value: 0.7666666666666665 and parameters: {'C': 16.916788864249458, 'gamma': 0.000695348193392084}. Best is trial 5 with value: 0.7666666666666667.
[I 2025-05-07 07:39:01,965] Trial 8 finished with value: 0.6833333333333333 and parameters: {'C': 0.04666294298360249, 'gamma': 0.00015375369684637188}. Best is trial 5 with value: 0.7666666666666667.
[I 2025-05-07 07:39:01,978] Trial 9 finished with value: 0.6833333333333333 and parameters: {'C': 0.014377694355280182, 'gamma': 0.0006323000834079919}. Best is trial 5 with value: 0.7666666666666667.
[I 2025-05-07 07:39:02,001] Trial 10 finished with value: 0.75 and parameters: {'C': 2.387808828274551, 'gamma': 0.025991464068350855}. Best is trial 5 with value: 0.7666666666666667.
[I 2025-05-07 07:39:02,698] Trial 11 finished with value: 0.7666666666666665 and parameters: {'C': 94.0954760308578, 'gamma': 0.00011865176669934325}. Best is trial 5 with value: 0.7666666666666667.
