[I 2025-05-07 07:28:30,837] Trial 0 finished with value: 0.8333333333333334 and parameters: {'n_estimators': 100, 'max_depth': 5, 'gamma': 0.9786470092986176, 'subsample': 0.5031151276022949, 'colsample_bytree': 0.626491181191722}. Best is trial 0 with value: 0.8333333333333334.
/data/home/rtabares/anaconda3/envs/pyth3.12/lib/python3.12/site-packages/xgboost/core.py:377: FutureWarning: Your system has an old version of glibc (< 2.28). We will stop supporting Linux distros with glibc older than 2.28 after **May 31, 2025**. Please upgrade to a recent Linux distro (with glibc >= 2.28) to use future versions of XGBoost.
Note: You have installed the 'manylinux2014' variant of XGBoost. Certain features such as GPU algorithms or federated learning are not available. To use these features, please upgrade to a recent Linux distro with glibc 2.28+, and install the 'manylinux_2_28' variant.
  warnings.warn(
[I 2025-05-07 07:28:31,013] Trial 1 finished with value: 0.85 and parameters: {'n_estimators': 40, 'max_depth': 20, 'gamma': 0.6376005495395732, 'subsample': 0.5044930488337775, 'colsample_bytree': 0.6932856413218147}. Best is trial 1 with value: 0.85.
/data/home/rtabares/anaconda3/envs/pyth3.12/lib/python3.12/site-packages/xgboost/core.py:377: FutureWarning: Your system has an old version of glibc (< 2.28). We will stop supporting Linux distros with glibc older than 2.28 after **May 31, 2025**. Please upgrade to a recent Linux distro (with glibc >= 2.28) to use future versions of XGBoost.
Note: You have installed the 'manylinux2014' variant of XGBoost. Certain features such as GPU algorithms or federated learning are not available. To use these features, please upgrade to a recent Linux distro with glibc 2.28+, and install the 'manylinux_2_28' variant.
  warnings.warn(
/data/home/rtabares/anaconda3/envs/pyth3.12/lib/python3.12/site-packages/xgboost/core.py:377: FutureWarning: Your system has an old version of glibc (< 2.28). We will stop supporting Linux distros with glibc older than 2.28 after **May 31, 2025**. Please upgrade to a recent Linux distro (with glibc >= 2.28) to use future versions of XGBoost.
Note: You have installed the 'manylinux2014' variant of XGBoost. Certain features such as GPU algorithms or federated learning are not available. To use these features, please upgrade to a recent Linux distro with glibc 2.28+, and install the 'manylinux_2_28' variant.
  warnings.warn(
/data/home/rtabares/anaconda3/envs/pyth3.12/lib/python3.12/site-packages/xgboost/core.py:377: FutureWarning: Your system has an old version of glibc (< 2.28). We will stop supporting Linux distros with glibc older than 2.28 after **May 31, 2025**. Please upgrade to a recent Linux distro (with glibc >= 2.28) to use future versions of XGBoost.
Note: You have installed the 'manylinux2014' variant of XGBoost. Certain features such as GPU algorithms or federated learning are not available. To use these features, please upgrade to a recent Linux distro with glibc 2.28+, and install the 'manylinux_2_28' variant.
  warnings.warn(
[I 2025-05-07 07:28:31,062] Trial 2 finished with value: 0.85 and parameters: {'n_estimators': 40, 'max_depth': 5, 'gamma': 0.25584887934635336, 'subsample': 0.5374742935065535, 'colsample_bytree': 0.8003713606888847}. Best is trial 1 with value: 0.85.
/data/home/rtabares/anaconda3/envs/pyth3.12/lib/python3.12/site-packages/xgboost/core.py:377: FutureWarning: Your system has an old version of glibc (< 2.28). We will stop supporting Linux distros with glibc older than 2.28 after **May 31, 2025**. Please upgrade to a recent Linux distro (with glibc >= 2.28) to use future versions of XGBoost.
Note: You have installed the 'manylinux2014' variant of XGBoost. Certain features such as GPU algorithms or federated learning are not available. To use these features, please upgrade to a recent Linux distro with glibc 2.28+, and install the 'manylinux_2_28' variant.
  warnings.warn(
/data/home/rtabares/anaconda3/envs/pyth3.12/lib/python3.12/site-packages/xgboost/core.py:377: FutureWarning: Your system has an old version of glibc (< 2.28). We will stop supporting Linux distros with glibc older than 2.28 after **May 31, 2025**. Please upgrade to a recent Linux distro (with glibc >= 2.28) to use future versions of XGBoost.
Note: You have installed the 'manylinux2014' variant of XGBoost. Certain features such as GPU algorithms or federated learning are not available. To use these features, please upgrade to a recent Linux distro with glibc 2.28+, and install the 'manylinux_2_28' variant.
  warnings.warn(
/data/home/rtabares/anaconda3/envs/pyth3.12/lib/python3.12/site-packages/xgboost/core.py:377: FutureWarning: Your system has an old version of glibc (< 2.28). We will stop supporting Linux distros with glibc older than 2.28 after **May 31, 2025**. Please upgrade to a recent Linux distro (with glibc >= 2.28) to use future versions of XGBoost.
Note: You have installed the 'manylinux2014' variant of XGBoost. Certain features such as GPU algorithms or federated learning are not available. To use these features, please upgrade to a recent Linux distro with glibc 2.28+, and install the 'manylinux_2_28' variant.
  warnings.warn(
[I 2025-05-07 07:28:31,108] Trial 3 finished with value: 0.8 and parameters: {'n_estimators': 40, 'max_depth': 20, 'gamma': 0.1973740445985076, 'subsample': 0.5791117035923997, 'colsample_bytree': 0.7726013258516065}. Best is trial 1 with value: 0.85.
/data/home/rtabares/anaconda3/envs/pyth3.12/lib/python3.12/site-packages/xgboost/core.py:377: FutureWarning: Your system has an old version of glibc (< 2.28). We will stop supporting Linux distros with glibc older than 2.28 after **May 31, 2025**. Please upgrade to a recent Linux distro (with glibc >= 2.28) to use future versions of XGBoost.
Note: You have installed the 'manylinux2014' variant of XGBoost. Certain features such as GPU algorithms or federated learning are not available. To use these features, please upgrade to a recent Linux distro with glibc 2.28+, and install the 'manylinux_2_28' variant.
  warnings.warn(
[I 2025-05-07 07:28:31,146] Trial 4 finished with value: 0.85 and parameters: {'n_estimators': 40, 'max_depth': 5, 'gamma': 0.7906644703811114, 'subsample': 0.5894869550205655, 'colsample_bytree': 0.6877878842937712}. Best is trial 1 with value: 0.85.
/data/home/rtabares/anaconda3/envs/pyth3.12/lib/python3.12/site-packages/xgboost/core.py:377: FutureWarning: Your system has an old version of glibc (< 2.28). We will stop supporting Linux distros with glibc older than 2.28 after **May 31, 2025**. Please upgrade to a recent Linux distro (with glibc >= 2.28) to use future versions of XGBoost.
Note: You have installed the 'manylinux2014' variant of XGBoost. Certain features such as GPU algorithms or federated learning are not available. To use these features, please upgrade to a recent Linux distro with glibc 2.28+, and install the 'manylinux_2_28' variant.
  warnings.warn(
/data/home/rtabares/anaconda3/envs/pyth3.12/lib/python3.12/site-packages/xgboost/core.py:377: FutureWarning: Your system has an old version of glibc (< 2.28). We will stop supporting Linux distros with glibc older than 2.28 after **May 31, 2025**. Please upgrade to a recent Linux distro (with glibc >= 2.28) to use future versions of XGBoost.
Note: You have installed the 'manylinux2014' variant of XGBoost. Certain features such as GPU algorithms or federated learning are not available. To use these features, please upgrade to a recent Linux distro with glibc 2.28+, and install the 'manylinux_2_28' variant.
  warnings.warn(
[I 2025-05-07 07:28:31,198] Trial 5 finished with value: 0.8166666666666667 and parameters: {'n_estimators': 40, 'max_depth': 30, 'gamma': 0.4265682295898138, 'subsample': 0.8187785365093683, 'colsample_bytree': 0.5957232010594817}. Best is trial 1 with value: 0.85.
/data/home/rtabares/anaconda3/envs/pyth3.12/lib/python3.12/site-packages/xgboost/core.py:377: FutureWarning: Your system has an old version of glibc (< 2.28). We will stop supporting Linux distros with glibc older than 2.28 after **May 31, 2025**. Please upgrade to a recent Linux distro (with glibc >= 2.28) to use future versions of XGBoost.
Note: You have installed the 'manylinux2014' variant of XGBoost. Certain features such as GPU algorithms or federated learning are not available. To use these features, please upgrade to a recent Linux distro with glibc 2.28+, and install the 'manylinux_2_28' variant.
  warnings.warn(
/data/home/rtabares/anaconda3/envs/pyth3.12/lib/python3.12/site-packages/xgboost/core.py:377: FutureWarning: Your system has an old version of glibc (< 2.28). We will stop supporting Linux distros with glibc older than 2.28 after **May 31, 2025**. Please upgrade to a recent Linux distro (with glibc >= 2.28) to use future versions of XGBoost.
Note: You have installed the 'manylinux2014' variant of XGBoost. Certain features such as GPU algorithms or federated learning are not available. To use these features, please upgrade to a recent Linux distro with glibc 2.28+, and install the 'manylinux_2_28' variant.
  warnings.warn(
[I 2025-05-07 07:28:31,266] Trial 6 finished with value: 0.8333333333333333 and parameters: {'n_estimators': 100, 'max_depth': 20, 'gamma': 0.9142008298690303, 'subsample': 0.702412608655453, 'colsample_bytree': 0.6655872515455614}. Best is trial 1 with value: 0.85.
/data/home/rtabares/anaconda3/envs/pyth3.12/lib/python3.12/site-packages/xgboost/core.py:377: FutureWarning: Your system has an old version of glibc (< 2.28). We will stop supporting Linux distros with glibc older than 2.28 after **May 31, 2025**. Please upgrade to a recent Linux distro (with glibc >= 2.28) to use future versions of XGBoost.
Note: You have installed the 'manylinux2014' variant of XGBoost. Certain features such as GPU algorithms or federated learning are not available. To use these features, please upgrade to a recent Linux distro with glibc 2.28+, and install the 'manylinux_2_28' variant.
  warnings.warn(
[I 2025-05-07 07:28:31,314] Trial 7 finished with value: 0.7833333333333334 and parameters: {'n_estimators': 100, 'max_depth': 30, 'gamma': 0.3209083377247919, 'subsample': 0.8662967242949839, 'colsample_bytree': 0.9473256461583694}. Best is trial 1 with value: 0.85.
[I 2025-05-07 07:28:31,342] Trial 8 finished with value: 0.85 and parameters: {'n_estimators': 40, 'max_depth': 30, 'gamma': 0.42728531234035416, 'subsample': 0.8838790171653729, 'colsample_bytree': 0.5242670682097763}. Best is trial 1 with value: 0.85.
/data/home/rtabares/anaconda3/envs/pyth3.12/lib/python3.12/site-packages/xgboost/core.py:377: FutureWarning: Your system has an old version of glibc (< 2.28). We will stop supporting Linux distros with glibc older than 2.28 after **May 31, 2025**. Please upgrade to a recent Linux distro (with glibc >= 2.28) to use future versions of XGBoost.
Note: You have installed the 'manylinux2014' variant of XGBoost. Certain features such as GPU algorithms or federated learning are not available. To use these features, please upgrade to a recent Linux distro with glibc 2.28+, and install the 'manylinux_2_28' variant.
  warnings.warn(
/data/home/rtabares/anaconda3/envs/pyth3.12/lib/python3.12/site-packages/xgboost/core.py:377: FutureWarning: Your system has an old version of glibc (< 2.28). We will stop supporting Linux distros with glibc older than 2.28 after **May 31, 2025**. Please upgrade to a recent Linux distro (with glibc >= 2.28) to use future versions of XGBoost.
Note: You have installed the 'manylinux2014' variant of XGBoost. Certain features such as GPU algorithms or federated learning are not available. To use these features, please upgrade to a recent Linux distro with glibc 2.28+, and install the 'manylinux_2_28' variant.
  warnings.warn(
/data/home/rtabares/anaconda3/envs/pyth3.12/lib/python3.12/site-packages/xgboost/core.py:377: FutureWarning: Your system has an old version of glibc (< 2.28). We will stop supporting Linux distros with glibc older than 2.28 after **May 31, 2025**. Please upgrade to a recent Linux distro (with glibc >= 2.28) to use future versions of XGBoost.
Note: You have installed the 'manylinux2014' variant of XGBoost. Certain features such as GPU algorithms or federated learning are not available. To use these features, please upgrade to a recent Linux distro with glibc 2.28+, and install the 'manylinux_2_28' variant.
  warnings.warn(
[I 2025-05-07 07:28:31,388] Trial 9 finished with value: 0.8166666666666667 and parameters: {'n_estimators': 40, 'max_depth': 20, 'gamma': 0.8291299799135304, 'subsample': 0.7551218146474701, 'colsample_bytree': 0.9633603466201256}. Best is trial 1 with value: 0.85.
/data/home/rtabares/anaconda3/envs/pyth3.12/lib/python3.12/site-packages/xgboost/core.py:377: FutureWarning: Your system has an old version of glibc (< 2.28). We will stop supporting Linux distros with glibc older than 2.28 after **May 31, 2025**. Please upgrade to a recent Linux distro (with glibc >= 2.28) to use future versions of XGBoost.
Note: You have installed the 'manylinux2014' variant of XGBoost. Certain features such as GPU algorithms or federated learning are not available. To use these features, please upgrade to a recent Linux distro with glibc 2.28+, and install the 'manylinux_2_28' variant.
  warnings.warn(
[I 2025-05-07 07:28:31,456] Trial 10 finished with value: 0.8666666666666666 and parameters: {'n_estimators': 10, 'max_depth': 20, 'gamma': 0.6640690373734666, 'subsample': 0.9643808655709212, 'colsample_bytree': 0.8529730290766391}. Best is trial 10 with value: 0.8666666666666666.
/data/home/rtabares/anaconda3/envs/pyth3.12/lib/python3.12/site-packages/xgboost/core.py:377: FutureWarning: Your system has an old version of glibc (< 2.28). We will stop supporting Linux distros with glibc older than 2.28 after **May 31, 2025**. Please upgrade to a recent Linux distro (with glibc >= 2.28) to use future versions of XGBoost.
Note: You have installed the 'manylinux2014' variant of XGBoost. Certain features such as GPU algorithms or federated learning are not available. To use these features, please upgrade to a recent Linux distro with glibc 2.28+, and install the 'manylinux_2_28' variant.
  warnings.warn(
[I 2025-05-07 07:28:32,114] Trial 11 finished with value: 0.8333333333333333 and parameters: {'n_estimators': 10, 'max_depth': 20, 'gamma': 0.6262044377199855, 'subsample': 0.9533418451573864, 'colsample_bytree': 0.8531514636885453}. Best is trial 10 with value: 0.8666666666666666.
[I 2025-05-07 07:28:32,153] Trial 12 finished with value: 0.85 and parameters: {'n_estimators': 10, 'max_depth': 20, 'gamma': 0.6470484336560437, 'subsample': 0.6744211552187, 'colsample_bytree': 0.8753696678689438}. Best is trial 10 with value: 0.8666666666666666.
[I 2025-05-07 07:28:32,192] Trial 13 finished with value: 0.8666666666666666 and parameters: {'n_estimators': 10, 'max_depth': 20, 'gamma': 0.7150668095332685, 'subsample': 0.9796747660509113, 'colsample_bytree': 0.7294881371100113}. Best is trial 10 with value: 0.8666666666666666.
/data/home/rtabares/anaconda3/envs/pyth3.12/lib/python3.12/site-packages/xgboost/core.py:377: FutureWarning: Your system has an old version of glibc (< 2.28). We will stop supporting Linux distros with glibc older than 2.28 after **May 31, 2025**. Please upgrade to a recent Linux distro (with glibc >= 2.28) to use future versions of XGBoost.
Note: You have installed the 'manylinux2014' variant of XGBoost. Certain features such as GPU algorithms or federated learning are not available. To use these features, please upgrade to a recent Linux distro with glibc 2.28+, and install the 'manylinux_2_28' variant.
  warnings.warn(
[I 2025-05-07 07:28:32,846] Trial 14 finished with value: 0.8666666666666666 and parameters: {'n_estimators': 10, 'max_depth': 20, 'gamma': 0.7518100688953435, 'subsample': 0.9962517642573272, 'colsample_bytree': 0.8561500882420376}. Best is trial 10 with value: 0.8666666666666666.
/data/home/rtabares/anaconda3/envs/pyth3.12/lib/python3.12/site-packages/xgboost/core.py:377: FutureWarning: Your system has an old version of glibc (< 2.28). We will stop supporting Linux distros with glibc older than 2.28 after **May 31, 2025**. Please upgrade to a recent Linux distro (with glibc >= 2.28) to use future versions of XGBoost.
Note: You have installed the 'manylinux2014' variant of XGBoost. Certain features such as GPU algorithms or federated learning are not available. To use these features, please upgrade to a recent Linux distro with glibc 2.28+, and install the 'manylinux_2_28' variant.
  warnings.warn(
[I 2025-05-07 07:28:33,490] Trial 15 finished with value: 0.8666666666666666 and parameters: {'n_estimators': 10, 'max_depth': 20, 'gamma': 0.5042400307285965, 'subsample': 0.9346161101985084, 'colsample_bytree': 0.7440250898085473}. Best is trial 10 with value: 0.8666666666666666.
/data/home/rtabares/anaconda3/envs/pyth3.12/lib/python3.12/site-packages/xgboost/core.py:377: FutureWarning: Your system has an old version of glibc (< 2.28). We will stop supporting Linux distros with glibc older than 2.28 after **May 31, 2025**. Please upgrade to a recent Linux distro (with glibc >= 2.28) to use future versions of XGBoost.
Note: You have installed the 'manylinux2014' variant of XGBoost. Certain features such as GPU algorithms or federated learning are not available. To use these features, please upgrade to a recent Linux distro with glibc 2.28+, and install the 'manylinux_2_28' variant.
  warnings.warn(
[I 2025-05-07 07:28:34,155] Trial 16 finished with value: 0.8666666666666666 and parameters: {'n_estimators': 10, 'max_depth': 20, 'gamma': 0.7119836031451092, 'subsample': 0.988205349604915, 'colsample_bytree': 0.7854792009636536}. Best is trial 10 with value: 0.8666666666666666.
/data/home/rtabares/anaconda3/envs/pyth3.12/lib/python3.12/site-packages/xgboost/core.py:377: FutureWarning: Your system has an old version of glibc (< 2.28). We will stop supporting Linux distros with glibc older than 2.28 after **May 31, 2025**. Please upgrade to a recent Linux distro (with glibc >= 2.28) to use future versions of XGBoost.
Note: You have installed the 'manylinux2014' variant of XGBoost. Certain features such as GPU algorithms or federated learning are not available. To use these features, please upgrade to a recent Linux distro with glibc 2.28+, and install the 'manylinux_2_28' variant.
  warnings.warn(
[I 2025-05-07 07:28:34,829] Trial 17 finished with value: 0.8666666666666666 and parameters: {'n_estimators': 10, 'max_depth': 20, 'gamma': 0.5473374310451957, 'subsample': 0.881065244802409, 'colsample_bytree': 0.8952675308809405}. Best is trial 10 with value: 0.8666666666666666.
[I 2025-05-07 07:28:34,869] Trial 18 finished with value: 0.85 and parameters: {'n_estimators': 10, 'max_depth': 5, 'gamma': 0.9231641386836998, 'subsample': 0.8123642976817376, 'colsample_bytree': 0.7305875518618301}. Best is trial 10 with value: 0.8666666666666666.
[I 2025-05-07 07:28:34,908] Trial 19 finished with value: 0.8666666666666666 and parameters: {'n_estimators': 10, 'max_depth': 30, 'gamma': 0.11037586582888315, 'subsample': 0.9287890443927316, 'colsample_bytree': 0.8152936733506659}. Best is trial 10 with value: 0.8666666666666666.
[I 2025-05-07 07:28:34,946] Trial 20 finished with value: 0.85 and parameters: {'n_estimators': 10, 'max_depth': 20, 'gamma': 0.8524714946323013, 'subsample': 0.8183460812784589, 'colsample_bytree': 0.9106230307482158}. Best is trial 10 with value: 0.8666666666666666.
[I 2025-05-07 07:28:34,985] Trial 21 finished with value: 0.8666666666666666 and parameters: {'n_estimators': 10, 'max_depth': 20, 'gamma': 0.7556629422320094, 'subsample': 0.9970715169226865, 'colsample_bytree': 0.8303117825366428}. Best is trial 10 with value: 0.8666666666666666.
[I 2025-05-07 07:28:35,024] Trial 22 finished with value: 0.8666666666666666 and parameters: {'n_estimators': 10, 'max_depth': 20, 'gamma': 0.7054004148015761, 'subsample': 0.9578354871472514, 'colsample_bytree': 0.9150516644073278}. Best is trial 10 with value: 0.8666666666666666.
[I 2025-05-07 07:28:35,079] Trial 23 finished with value: 0.85 and parameters: {'n_estimators': 10, 'max_depth': 20, 'gamma': 0.6072496385482796, 'subsample': 0.892848008205329, 'colsample_bytree': 0.9975174399132597}. Best is trial 10 with value: 0.8666666666666666.
[I 2025-05-07 07:28:35,122] Trial 24 finished with value: 0.8666666666666666 and parameters: {'n_estimators': 10, 'max_depth': 20, 'gamma': 0.7272423531314882, 'subsample': 0.9950789901949766, 'colsample_bytree': 0.8426284176754981}. Best is trial 10 with value: 0.8666666666666666.
[I 2025-05-07 07:28:35,165] Trial 25 finished with value: 0.85 and parameters: {'n_estimators': 10, 'max_depth': 20, 'gamma': 0.5184303945761752, 'subsample': 0.9197556810359575, 'colsample_bytree': 0.7343752432795843}. Best is trial 10 with value: 0.8666666666666666.
[I 2025-05-07 07:28:35,224] Trial 26 finished with value: 0.8333333333333333 and parameters: {'n_estimators': 100, 'max_depth': 20, 'gamma': 0.8411185158077565, 'subsample': 0.9573823447034309, 'colsample_bytree': 0.8619699950870967}. Best is trial 10 with value: 0.8666666666666666.
[I 2025-05-07 07:28:35,266] Trial 27 finished with value: 0.85 and parameters: {'n_estimators': 10, 'max_depth': 20, 'gamma': 0.4554210467900603, 'subsample': 0.8571056555470379, 'colsample_bytree': 0.7759926559910588}. Best is trial 10 with value: 0.8666666666666666.
[I 2025-05-07 07:28:35,305] Trial 28 finished with value: 0.85 and parameters: {'n_estimators': 10, 'max_depth': 5, 'gamma': 0.6664295098101715, 'subsample': 0.9125077449497037, 'colsample_bytree': 0.5637024514539037}. Best is trial 10 with value: 0.8666666666666666.
