[I 2025-05-04 17:26:50,631] Trial 9 finished with value: 0.6 and parameters: {'n_estimators': 345, 'max_depth': 14, 'min_samples_split': 10, 'min_samples_leaf': 7}. Best is trial 0 with value: 0.85.
[I 2025-05-04 17:26:51,104] Trial 10 finished with value: 0.7 and parameters: {'n_estimators': 407, 'max_depth': 5, 'min_samples_split': 7, 'min_samples_leaf': 3}. Best is trial 0 with value: 0.85.
[I 2025-05-04 17:26:52,248] Trial 11 finished with value: 0.75 and parameters: {'n_estimators': 480, 'max_depth': 9, 'min_samples_split': 8, 'min_samples_leaf': 5}. Best is trial 0 with value: 0.85.
[I 2025-05-04 17:26:53,130] Trial 12 finished with value: 0.75 and parameters: {'n_estimators': 206, 'max_depth': 6, 'min_samples_split': 8, 'min_samples_leaf': 5}. Best is trial 0 with value: 0.85.
[I 2025-05-04 17:26:54,356] Trial 13 finished with value: 0.8 and parameters: {'n_estimators': 420, 'max_depth': 8, 'min_samples_split': 10, 'min_samples_leaf': 4}. Best is trial 0 with value: 0.85.
[I 2025-05-04 17:26:54,825] Trial 14 finished with value: 0.8 and parameters: {'n_estimators': 400, 'max_depth': 3, 'min_samples_split': 7, 'min_samples_leaf': 6}. Best is trial 0 with value: 0.85.
[I 2025-05-04 17:26:55,121] Trial 15 finished with value: 0.85 and parameters: {'n_estimators': 218, 'max_depth': 11, 'min_samples_split': 8, 'min_samples_leaf': 3}. Best is trial 0 with value: 0.85.
[I 2025-05-04 17:26:55,545] Trial 16 finished with value: 0.8 and parameters: {'n_estimators': 364, 'max_depth': 17, 'min_samples_split': 6, 'min_samples_leaf': 6}. Best is trial 0 with value: 0.85.
[I 2025-05-04 17:26:56,061] Trial 17 finished with value: 0.75 and parameters: {'n_estimators': 451, 'max_depth': 7, 'min_samples_split': 9, 'min_samples_leaf': 4}. Best is trial 0 with value: 0.85.
[I 2025-05-04 17:26:56,366] Trial 18 finished with value: 0.8 and parameters: {'n_estimators': 234, 'max_depth': 12, 'min_samples_split': 7, 'min_samples_leaf': 1}. Best is trial 0 with value: 0.85.
[I 2025-05-04 17:26:56,803] Trial 19 finished with value: 0.4 and parameters: {'n_estimators': 376, 'max_depth': 20, 'min_samples_split': 5, 'min_samples_leaf': 7}. Best is trial 0 with value: 0.85.
[I 2025-05-04 17:26:57,279] Trial 20 finished with value: 0.85 and parameters: {'n_estimators': 448, 'max_depth': 16, 'min_samples_split': 9, 'min_samples_leaf': 4}. Best is trial 0 with value: 0.85.
[I 2025-05-04 17:26:57,554] Trial 21 finished with value: 0.8 and parameters: {'n_estimators': 191, 'max_depth': 11, 'min_samples_split': 8, 'min_samples_leaf': 2}. Best is trial 0 with value: 0.85.
[I 2025-05-04 17:26:57,852] Trial 22 finished with value: 0.75 and parameters: {'n_estimators': 248, 'max_depth': 10, 'min_samples_split': 8, 'min_samples_leaf': 3}. Best is trial 0 with value: 0.85.
[I 2025-05-04 17:26:58,097] Trial 23 finished with value: 0.8 and parameters: {'n_estimators': 170, 'max_depth': 12, 'min_samples_split': 9, 'min_samples_leaf': 5}. Best is trial 0 with value: 0.85.
[I 2025-05-04 17:26:58,337] Trial 24 finished with value: 0.75 and parameters: {'n_estimators': 219, 'max_depth': 9, 'min_samples_split': 7, 'min_samples_leaf': 6}. Best is trial 0 with value: 0.85.
[I 2025-05-04 17:26:58,543] Trial 25 finished with value: 0.8 and parameters: {'n_estimators': 121, 'max_depth': 15, 'min_samples_split': 10, 'min_samples_leaf': 3}. Best is trial 0 with value: 0.85.
[I 2025-05-04 17:26:58,889] Trial 26 finished with value: 0.8 and parameters: {'n_estimators': 303, 'max_depth': 12, 'min_samples_split': 5, 'min_samples_leaf': 2}. Best is trial 0 with value: 0.85.
[I 2025-05-04 17:26:59,125] Trial 27 finished with value: 0.8 and parameters: {'n_estimators': 155, 'max_depth': 4, 'min_samples_split': 8, 'min_samples_leaf': 6}. Best is trial 0 with value: 0.85.
[I 2025-05-04 17:26:59,481] Trial 28 finished with value: 0.85 and parameters: {'n_estimators': 267, 'max_depth': 7, 'min_samples_split': 6, 'min_samples_leaf': 4}. Best is trial 0 with value: 0.85.
[I 2025-05-04 17:26:59,776] Trial 29 finished with value: 0.5 and parameters: {'n_estimators': 270, 'max_depth': 14, 'min_samples_split': 9, 'min_samples_leaf': 8}. Best is trial 0 with value: 0.85.
[I 2025-05-04 17:27:02,192] A new study created in memory with name: svc
[I 2025-05-04 17:27:02,206] Trial 0 finished with value: 0.5 and parameters: {'C': 1.5676677195506077, 'gamma': 0.07257005721594278}. Best is trial 0 with value: 0.5.
[I 2025-05-04 17:27:02,232] Trial 1 finished with value: 0.55 and parameters: {'C': 2.57663857461359, 'gamma': 0.01511933646764101}. Best is trial 1 with value: 0.55.
[I 2025-05-04 17:27:03,994] Trial 2 finished with value: 0.55 and parameters: {'C': 0.49501595537331966, 'gamma': 0.03833332156156663}. Best is trial 1 with value: 0.55.
Parámetros guardados en checkpoint_shoppers_Doriginal_Roriginal/ag/best_models_ag_seed_0/rf_best_params.json


>>> Optuna tuning svc


[I 2025-05-04 17:27:05,134] Trial 3 finished with value: 0.25 and parameters: {'C': 0.5627932047415171, 'gamma': 0.36905577292137587}. Best is trial 1 with value: 0.55.
[I 2025-05-04 17:27:05,223] Trial 4 finished with value: 0.65 and parameters: {'C': 71.55682161754872, 'gamma': 0.0034179529120610124}. Best is trial 4 with value: 0.65.
[I 2025-05-04 17:27:05,247] Trial 5 finished with value: 0.55 and parameters: {'C': 14.68588598920087, 'gamma': 0.013049073550362394}. Best is trial 4 with value: 0.65.
[I 2025-05-04 17:27:05,272] Trial 6 finished with value: 0.3 and parameters: {'C': 1.871450068624068, 'gamma': 0.503948959867121}. Best is trial 4 with value: 0.65.
[I 2025-05-04 17:27:05,287] Trial 7 finished with value: 0.5 and parameters: {'C': 0.0192373050965465, 'gamma': 0.00022310905607443037}. Best is trial 4 with value: 0.65.
[I 2025-05-04 17:27:05,302] Trial 8 finished with value: 0.5 and parameters: {'C': 0.012046852412030323, 'gamma': 0.2140323314098606}. Best is trial 4 with value: 0.65.
[I 2025-05-04 17:27:05,316] Trial 9 finished with value: 0.35 and parameters: {'C': 12.960656597279739, 'gamma': 0.3020289640158664}. Best is trial 4 with value: 0.65.
[I 2025-05-04 17:27:05,338] Trial 10 finished with value: 0.6 and parameters: {'C': 73.4267841645538, 'gamma': 0.0010357333193126517}. Best is trial 4 with value: 0.65.
[I 2025-05-04 17:27:05,361] Trial 11 finished with value: 0.55 and parameters: {'C': 64.73110838099895, 'gamma': 0.0009174254377257373}. Best is trial 4 with value: 0.65.
[I 2025-05-04 17:27:05,382] Trial 12 finished with value: 0.65 and parameters: {'C': 74.90036822318876, 'gamma': 0.0017506282849034053}. Best is trial 4 with value: 0.65.
[I 2025-05-04 17:27:05,405] Trial 13 finished with value: 0.6 and parameters: {'C': 17.13991026961708, 'gamma': 0.0023296068481678586}. Best is trial 4 with value: 0.65.
[I 2025-05-04 17:27:06,074] Trial 14 finished with value: 0.65 and parameters: {'C': 96.96109195980058, 'gamma': 0.0032824303542765875}. Best is trial 4 with value: 0.65.
[I 2025-05-04 17:27:06,737] Trial 15 finished with value: 0.5 and parameters: {'C': 0.07103886828073486, 'gamma': 0.00014298540752625324}. Best is trial 4 with value: 0.65.
[I 2025-05-04 17:27:06,760] Trial 16 finished with value: 0.6 and parameters: {'C': 7.317732052579006, 'gamma': 0.004266729662312695}. Best is trial 4 with value: 0.65.
[I 2025-05-04 17:27:06,781] Trial 17 finished with value: 0.55 and parameters: {'C': 23.574111338363824, 'gamma': 0.0006252355278573567}. Best is trial 4 with value: 0.65.
[I 2025-05-04 17:27:06,802] Trial 18 finished with value: 0.5 and parameters: {'C': 4.995153757076361, 'gamma': 0.00038939299686366503}. Best is trial 4 with value: 0.65.
[I 2025-05-04 17:27:06,826] Trial 19 finished with value: 0.65 and parameters: {'C': 37.58538399826173, 'gamma': 0.008073202268929153}. Best is trial 4 with value: 0.65.
[I 2025-05-04 17:27:06,847] Trial 20 finished with value: 0.55 and parameters: {'C': 0.20723312332315028, 'gamma': 0.001777877352545459}. Best is trial 4 with value: 0.65.
[I 2025-05-04 17:27:06,872] Trial 21 finished with value: 0.65 and parameters: {'C': 92.6426237085578, 'gamma': 0.004017860544913713}. Best is trial 4 with value: 0.65.
[I 2025-05-04 17:27:06,895] Trial 22 finished with value: 0.65 and parameters: {'C': 41.80062580071353, 'gamma': 0.00514319967167053}. Best is trial 4 with value: 0.65.
[I 2025-05-04 17:27:06,918] Trial 23 finished with value: 0.6 and parameters: {'C': 39.49316994136987, 'gamma': 0.0017652935244207935}. Best is trial 4 with value: 0.65.
[I 2025-05-04 17:27:06,938] Trial 24 finished with value: 0.6 and parameters: {'C': 5.831297753801428, 'gamma': 0.017004476266026695}. Best is trial 4 with value: 0.65.
[I 2025-05-04 17:27:06,959] Trial 25 finished with value: 0.55 and parameters: {'C': 89.24799143358523, 'gamma': 0.030719131245126808}. Best is trial 4 with value: 0.65.
[I 2025-05-04 17:27:07,616] Trial 26 finished with value: 0.55 and parameters: {'C': 27.93301073831762, 'gamma': 0.0004408750008329366}. Best is trial 4 with value: 0.65.
[I 2025-05-04 17:27:07,640] Trial 27 finished with value: 0.6 and parameters: {'C': 10.346083795095439, 'gamma': 0.002736705413679572}. Best is trial 4 with value: 0.65.
[I 2025-05-04 17:27:07,666] Trial 28 finished with value: 0.55 and parameters: {'C': 4.07548415771948, 'gamma': 0.008080249444254197}. Best is trial 4 with value: 0.65.
[I 2025-05-04 17:27:07,686] Trial 29 finished with value: 0.5 and parameters: {'C': 47.69897342460702, 'gamma': 0.0012244033702950203}. Best is trial 4 with value: 0.65.
[I 2025-05-04 17:27:09,498] A new study created in memory with name: logreg
[I 2025-05-04 17:27:09,521] Trial 0 finished with value: 0.65 and parameters: {'C': 0.5547119471592125, 'penalty': 'l2'}. Best is trial 0 with value: 0.65.
Parámetros guardados en checkpoint_shoppers_Doriginal_Roriginal/ag/best_models_ag_seed_0/svc_best_params.json


>>> Optuna tuning logreg


[I 2025-05-04 17:27:12,278] Trial 1 finished with value: 0.65 and parameters: {'C': 3.7665768415992953, 'penalty': 'l2'}. Best is trial 0 with value: 0.65.
[I 2025-05-04 17:27:12,594] Trial 2 finished with value: 0.6 and parameters: {'C': 1.032326035197657, 'penalty': 'l2'}. Best is trial 0 with value: 0.65.
[I 2025-05-04 17:27:12,611] Trial 3 finished with value: 0.65 and parameters: {'C': 0.530170934757683, 'penalty': 'l2'}. Best is trial 0 with value: 0.65.
[I 2025-05-04 17:27:12,636] Trial 4 finished with value: 0.75 and parameters: {'C': 0.13130280280658593, 'penalty': 'l2'}. Best is trial 4 with value: 0.75.
[I 2025-05-04 17:27:12,660] Trial 5 finished with value: 0.6 and parameters: {'C': 1.6961746387290997, 'penalty': 'l2'}. Best is trial 4 with value: 0.75.
[I 2025-05-04 17:27:12,686] Trial 6 finished with value: 0.75 and parameters: {'C': 0.15414734761917095, 'penalty': 'l2'}. Best is trial 4 with value: 0.75.
[I 2025-05-04 17:27:12,710] Trial 7 finished with value: 0.65 and parameters: {'C': 28.765041432546976, 'penalty': 'l2'}. Best is trial 4 with value: 0.75.
[I 2025-05-04 17:27:12,735] Trial 8 finished with value: 0.7 and parameters: {'C': 65.81332043291806, 'penalty': 'l2'}. Best is trial 4 with value: 0.75.
[I 2025-05-04 17:27:12,761] Trial 9 finished with value: 0.65 and parameters: {'C': 0.08264328927007726, 'penalty': 'l2'}. Best is trial 4 with value: 0.75.
[I 2025-05-04 17:27:12,780] Trial 10 finished with value: 0.6 and parameters: {'C': 0.002101331318459542, 'penalty': 'l2'}. Best is trial 4 with value: 0.75.
[I 2025-05-04 17:27:12,798] Trial 11 finished with value: 0.6 and parameters: {'C': 0.03036153327802513, 'penalty': 'l2'}. Best is trial 4 with value: 0.75.
[I 2025-05-04 17:27:13,434] Trial 12 finished with value: 0.6 and parameters: {'C': 0.033556499357206324, 'penalty': 'l2'}. Best is trial 4 with value: 0.75.
[I 2025-05-04 17:27:13,465] Trial 13 finished with value: 0.6 and parameters: {'C': 0.007276906109979134, 'penalty': 'l2'}. Best is trial 4 with value: 0.75.
[I 2025-05-04 17:27:14,102] Trial 14 finished with value: 0.7 and parameters: {'C': 0.11601944433019222, 'penalty': 'l2'}. Best is trial 4 with value: 0.75.
[I 2025-05-04 17:27:14,131] Trial 15 finished with value: 0.7 and parameters: {'C': 9.042294263425593, 'penalty': 'l2'}. Best is trial 4 with value: 0.75.
[I 2025-05-04 17:27:14,784] Trial 16 finished with value: 0.75 and parameters: {'C': 0.19473557856106175, 'penalty': 'l2'}. Best is trial 4 with value: 0.75.
[I 2025-05-04 17:27:14,815] Trial 17 finished with value: 0.6 and parameters: {'C': 0.011255007362380024, 'penalty': 'l2'}. Best is trial 4 with value: 0.75.
[I 2025-05-04 17:27:14,836] Trial 18 finished with value: 0.6 and parameters: {'C': 0.0011621032755888918, 'penalty': 'l2'}. Best is trial 4 with value: 0.75.
[I 2025-05-04 17:27:15,482] Trial 19 finished with value: 0.6 and parameters: {'C': 0.037786921184709776, 'penalty': 'l2'}. Best is trial 4 with value: 0.75.
[I 2025-05-04 17:27:15,515] Trial 20 finished with value: 0.6 and parameters: {'C': 0.006807241126650607, 'penalty': 'l2'}. Best is trial 4 with value: 0.75.
[I 2025-05-04 17:27:15,536] Trial 21 finished with value: 0.75 and parameters: {'C': 0.17866406057882842, 'penalty': 'l2'}. Best is trial 4 with value: 0.75.
[I 2025-05-04 17:27:15,564] Trial 22 finished with value: 0.7 and parameters: {'C': 0.2539692114737117, 'penalty': 'l2'}. Best is trial 4 with value: 0.75.
[I 2025-05-04 17:27:16,190] Trial 23 finished with value: 0.7 and parameters: {'C': 0.08887777075450073, 'penalty': 'l2'}. Best is trial 4 with value: 0.75.
[I 2025-05-04 17:27:16,221] Trial 24 finished with value: 0.6 and parameters: {'C': 2.2258801064927227, 'penalty': 'l2'}. Best is trial 4 with value: 0.75.
[I 2025-05-04 17:27:16,250] Trial 25 finished with value: 0.65 and parameters: {'C': 0.34406876204698517, 'penalty': 'l2'}. Best is trial 4 with value: 0.75.
[I 2025-05-04 17:27:16,282] Trial 26 finished with value: 0.65 and parameters: {'C': 0.01951651663172269, 'penalty': 'l2'}. Best is trial 4 with value: 0.75.
[I 2025-05-04 17:27:16,302] Trial 27 finished with value: 0.65 and parameters: {'C': 0.06635823874469134, 'penalty': 'l2'}. Best is trial 4 with value: 0.75.
[I 2025-05-04 17:27:16,324] Trial 28 finished with value: 0.75 and parameters: {'C': 0.23498834090303244, 'penalty': 'l2'}. Best is trial 4 with value: 0.75.
[I 2025-05-04 17:27:16,360] Trial 29 finished with value: 0.6 and parameters: {'C': 0.7892449260931238, 'penalty': 'l2'}. Best is trial 4 with value: 0.75.
[I 2025-05-04 17:27:18,262] A new study created in memory with name: mlp
Parámetros guardados en checkpoint_shoppers_Doriginal_Roriginal/ag/best_models_ag_seed_0/logreg_best_params.json


>>> Optuna tuning mlp


/data/home/rtabares/anaconda3/envs/pyth3.12/lib/python3.12/site-packages/sklearn/neural_network/_multilayer_perceptron.py:691: ConvergenceWarning: Stochastic Optimizer: Maximum iterations (50) reached and the optimization hasn't converged yet.
  warnings.warn(
/data/home/rtabares/anaconda3/envs/pyth3.12/lib/python3.12/site-packages/sklearn/neural_network/_multilayer_perceptron.py:691: ConvergenceWarning: Stochastic Optimizer: Maximum iterations (50) reached and the optimization hasn't converged yet.
  warnings.warn(
/data/home/rtabares/anaconda3/envs/pyth3.12/lib/python3.12/site-packages/sklearn/neural_network/_multilayer_perceptron.py:691: ConvergenceWarning: Stochastic Optimizer: Maximum iterations (50) reached and the optimization hasn't converged yet.
  warnings.warn(
/data/home/rtabares/anaconda3/envs/pyth3.12/lib/python3.12/site-packages/sklearn/neural_network/_multilayer_perceptron.py:691: ConvergenceWarning: Stochastic Optimizer: Maximum iterations (50) reached and the optimization hasn't converged yet.
  warnings.warn(
/data/home/rtabares/anaconda3/envs/pyth3.12/lib/python3.12/site-packages/sklearn/neural_network/_multilayer_perceptron.py:691: ConvergenceWarning: Stochastic Optimizer: Maximum iterations (50) reached and the optimization hasn't converged yet.
  warnings.warn(
[I 2025-05-04 17:27:21,191] Trial 0 finished with value: 0.55 and parameters: {'hidden_layer_sizes': (200,), 'max_iter': 50, 'alpha': 0.0001}. Best is trial 0 with value: 0.55.
/data/home/rtabares/anaconda3/envs/pyth3.12/lib/python3.12/site-packages/sklearn/neural_network/_multilayer_perceptron.py:691: ConvergenceWarning: Stochastic Optimizer: Maximum iterations (50) reached and the optimization hasn't converged yet.
  warnings.warn(
/data/home/rtabares/anaconda3/envs/pyth3.12/lib/python3.12/site-packages/sklearn/neural_network/_multilayer_perceptron.py:691: ConvergenceWarning: Stochastic Optimizer: Maximum iterations (50) reached and the optimization hasn't converged yet.
  warnings.warn(
/data/home/rtabares/anaconda3/envs/pyth3.12/lib/python3.12/site-packages/sklearn/neural_network/_multilayer_perceptron.py:691: ConvergenceWarning: Stochastic Optimizer: Maximum iterations (50) reached and the optimization hasn't converged yet.
  warnings.warn(
/data/home/rtabares/anaconda3/envs/pyth3.12/lib/python3.12/site-packages/sklearn/neural_network/_multilayer_perceptron.py:691: ConvergenceWarning: Stochastic Optimizer: Maximum iterations (50) reached and the optimization hasn't converged yet.
  warnings.warn(
/data/home/rtabares/anaconda3/envs/pyth3.12/lib/python3.12/site-packages/sklearn/neural_network/_multilayer_perceptron.py:691: ConvergenceWarning: Stochastic Optimizer: Maximum iterations (50) reached and the optimization hasn't converged yet.
  warnings.warn(
[I 2025-05-04 17:27:21,540] Trial 1 finished with value: 0.6 and parameters: {'hidden_layer_sizes': (200,), 'max_iter': 50, 'alpha': 0.001}. Best is trial 1 with value: 0.6.
/data/home/rtabares/anaconda3/envs/pyth3.12/lib/python3.12/site-packages/sklearn/neural_network/_multilayer_perceptron.py:691: ConvergenceWarning: Stochastic Optimizer: Maximum iterations (50) reached and the optimization hasn't converged yet.
  warnings.warn(
/data/home/rtabares/anaconda3/envs/pyth3.12/lib/python3.12/site-packages/sklearn/neural_network/_multilayer_perceptron.py:691: ConvergenceWarning: Stochastic Optimizer: Maximum iterations (50) reached and the optimization hasn't converged yet.
  warnings.warn(
/data/home/rtabares/anaconda3/envs/pyth3.12/lib/python3.12/site-packages/sklearn/neural_network/_multilayer_perceptron.py:691: ConvergenceWarning: Stochastic Optimizer: Maximum iterations (50) reached and the optimization hasn't converged yet.
  warnings.warn(
/data/home/rtabares/anaconda3/envs/pyth3.12/lib/python3.12/site-packages/sklearn/neural_network/_multilayer_perceptron.py:691: ConvergenceWarning: Stochastic Optimizer: Maximum iterations (50) reached and the optimization hasn't converged yet.
  warnings.warn(
/data/home/rtabares/anaconda3/envs/pyth3.12/lib/python3.12/site-packages/sklearn/neural_network/_multilayer_perceptron.py:691: ConvergenceWarning: Stochastic Optimizer: Maximum iterations (50) reached and the optimization hasn't converged yet.
  warnings.warn(
[I 2025-05-04 17:27:21,587] Trial 2 finished with value: 0.6 and parameters: {'hidden_layer_sizes': (200,), 'max_iter': 50, 'alpha': 0.001}. Best is trial 1 with value: 0.6.
/data/home/rtabares/anaconda3/envs/pyth3.12/lib/python3.12/site-packages/sklearn/neural_network/_multilayer_perceptron.py:691: ConvergenceWarning: Stochastic Optimizer: Maximum iterations (100) reached and the optimization hasn't converged yet.
  warnings.warn(
/data/home/rtabares/anaconda3/envs/pyth3.12/lib/python3.12/site-packages/sklearn/neural_network/_multilayer_perceptron.py:691: ConvergenceWarning: Stochastic Optimizer: Maximum iterations (100) reached and the optimization hasn't converged yet.
  warnings.warn(
/data/home/rtabares/anaconda3/envs/pyth3.12/lib/python3.12/site-packages/sklearn/neural_network/_multilayer_perceptron.py:691: ConvergenceWarning: Stochastic Optimizer: Maximum iterations (100) reached and the optimization hasn't converged yet.
  warnings.warn(
/data/home/rtabares/anaconda3/envs/pyth3.12/lib/python3.12/site-packages/sklearn/neural_network/_multilayer_perceptron.py:691: ConvergenceWarning: Stochastic Optimizer: Maximum iterations (100) reached and the optimization hasn't converged yet.
  warnings.warn(
/data/home/rtabares/anaconda3/envs/pyth3.12/lib/python3.12/site-packages/sklearn/neural_network/_multilayer_perceptron.py:691: ConvergenceWarning: Stochastic Optimizer: Maximum iterations (100) reached and the optimization hasn't converged yet.
  warnings.warn(
[I 2025-05-04 17:27:21,662] Trial 3 finished with value: 0.55 and parameters: {'hidden_layer_sizes': (100,), 'max_iter': 100, 'alpha': 0.001}. Best is trial 1 with value: 0.6.
/data/home/rtabares/anaconda3/envs/pyth3.12/lib/python3.12/site-packages/sklearn/neural_network/_multilayer_perceptron.py:691: ConvergenceWarning: Stochastic Optimizer: Maximum iterations (50) reached and the optimization hasn't converged yet.
  warnings.warn(
/data/home/rtabares/anaconda3/envs/pyth3.12/lib/python3.12/site-packages/sklearn/neural_network/_multilayer_perceptron.py:691: ConvergenceWarning: Stochastic Optimizer: Maximum iterations (50) reached and the optimization hasn't converged yet.
  warnings.warn(
/data/home/rtabares/anaconda3/envs/pyth3.12/lib/python3.12/site-packages/sklearn/neural_network/_multilayer_perceptron.py:691: ConvergenceWarning: Stochastic Optimizer: Maximum iterations (50) reached and the optimization hasn't converged yet.
  warnings.warn(
/data/home/rtabares/anaconda3/envs/pyth3.12/lib/python3.12/site-packages/sklearn/neural_network/_multilayer_perceptron.py:691: ConvergenceWarning: Stochastic Optimizer: Maximum iterations (50) reached and the optimization hasn't converged yet.
  warnings.warn(
/data/home/rtabares/anaconda3/envs/pyth3.12/lib/python3.12/site-packages/sklearn/neural_network/_multilayer_perceptron.py:691: ConvergenceWarning: Stochastic Optimizer: Maximum iterations (50) reached and the optimization hasn't converged yet.
  warnings.warn(
