[I 2025-05-07 04:26:17,774] Trial 7 finished with value: 0.65 and parameters: {'n_estimators': 40, 'max_depth': 5, 'gamma': 0.4997010655396419, 'subsample': 0.7490698051808964, 'colsample_bytree': 0.7071731623998108}. Best is trial 4 with value: 0.7.
[I 2025-05-07 04:26:17,813] Trial 8 finished with value: 0.65 and parameters: {'n_estimators': 100, 'max_depth': 5, 'gamma': 0.5449029446194361, 'subsample': 0.7150234071055932, 'colsample_bytree': 0.8673829085180849}. Best is trial 4 with value: 0.7.
/data/home/rtabares/anaconda3/envs/pyth3.12/lib/python3.12/site-packages/xgboost/core.py:377: FutureWarning: Your system has an old version of glibc (< 2.28). We will stop supporting Linux distros with glibc older than 2.28 after **May 31, 2025**. Please upgrade to a recent Linux distro (with glibc >= 2.28) to use future versions of XGBoost.
Note: You have installed the 'manylinux2014' variant of XGBoost. Certain features such as GPU algorithms or federated learning are not available. To use these features, please upgrade to a recent Linux distro with glibc 2.28+, and install the 'manylinux_2_28' variant.
  warnings.warn(
[I 2025-05-07 04:26:17,861] Trial 9 finished with value: 0.7 and parameters: {'n_estimators': 100, 'max_depth': 30, 'gamma': 0.5427360453562716, 'subsample': 0.5915763668266103, 'colsample_bytree': 0.5546552575823498}. Best is trial 4 with value: 0.7.
/data/home/rtabares/anaconda3/envs/pyth3.12/lib/python3.12/site-packages/xgboost/core.py:377: FutureWarning: Your system has an old version of glibc (< 2.28). We will stop supporting Linux distros with glibc older than 2.28 after **May 31, 2025**. Please upgrade to a recent Linux distro (with glibc >= 2.28) to use future versions of XGBoost.
Note: You have installed the 'manylinux2014' variant of XGBoost. Certain features such as GPU algorithms or federated learning are not available. To use these features, please upgrade to a recent Linux distro with glibc 2.28+, and install the 'manylinux_2_28' variant.
  warnings.warn(
[I 2025-05-07 04:26:17,913] Trial 10 finished with value: 0.55 and parameters: {'n_estimators': 10, 'max_depth': 20, 'gamma': 0.15794856228634757, 'subsample': 0.5337248241058775, 'colsample_bytree': 0.732204974892271}. Best is trial 4 with value: 0.7.
/data/home/rtabares/anaconda3/envs/pyth3.12/lib/python3.12/site-packages/xgboost/core.py:377: FutureWarning: Your system has an old version of glibc (< 2.28). We will stop supporting Linux distros with glibc older than 2.28 after **May 31, 2025**. Please upgrade to a recent Linux distro (with glibc >= 2.28) to use future versions of XGBoost.
Note: You have installed the 'manylinux2014' variant of XGBoost. Certain features such as GPU algorithms or federated learning are not available. To use these features, please upgrade to a recent Linux distro with glibc 2.28+, and install the 'manylinux_2_28' variant.
  warnings.warn(
[I 2025-05-07 04:26:18,591] Trial 11 finished with value: 0.6 and parameters: {'n_estimators': 10, 'max_depth': 20, 'gamma': 0.814396756479322, 'subsample': 0.5181444814558605, 'colsample_bytree': 0.6301320859576335}. Best is trial 4 with value: 0.7.
/data/home/rtabares/anaconda3/envs/pyth3.12/lib/python3.12/site-packages/xgboost/core.py:377: FutureWarning: Your system has an old version of glibc (< 2.28). We will stop supporting Linux distros with glibc older than 2.28 after **May 31, 2025**. Please upgrade to a recent Linux distro (with glibc >= 2.28) to use future versions of XGBoost.
Note: You have installed the 'manylinux2014' variant of XGBoost. Certain features such as GPU algorithms or federated learning are not available. To use these features, please upgrade to a recent Linux distro with glibc 2.28+, and install the 'manylinux_2_28' variant.
  warnings.warn(
/data/home/rtabares/anaconda3/envs/pyth3.12/lib/python3.12/site-packages/xgboost/core.py:377: FutureWarning: Your system has an old version of glibc (< 2.28). We will stop supporting Linux distros with glibc older than 2.28 after **May 31, 2025**. Please upgrade to a recent Linux distro (with glibc >= 2.28) to use future versions of XGBoost.
Note: You have installed the 'manylinux2014' variant of XGBoost. Certain features such as GPU algorithms or federated learning are not available. To use these features, please upgrade to a recent Linux distro with glibc 2.28+, and install the 'manylinux_2_28' variant.
  warnings.warn(
[I 2025-05-07 04:26:19,227] Trial 12 finished with value: 0.75 and parameters: {'n_estimators': 10, 'max_depth': 30, 'gamma': 0.3716795774787329, 'subsample': 0.6292192638965018, 'colsample_bytree': 0.6308590845612225}. Best is trial 12 with value: 0.75.
[I 2025-05-07 04:26:19,268] Trial 13 finished with value: 0.65 and parameters: {'n_estimators': 10, 'max_depth': 20, 'gamma': 0.344033207416768, 'subsample': 0.8125768367623344, 'colsample_bytree': 0.8009226642813787}. Best is trial 12 with value: 0.75.
[I 2025-05-07 04:26:19,310] Trial 14 finished with value: 0.65 and parameters: {'n_estimators': 10, 'max_depth': 30, 'gamma': 0.38854605950017534, 'subsample': 0.6589163560813598, 'colsample_bytree': 0.6476096868198911}. Best is trial 12 with value: 0.75.
[I 2025-05-07 04:26:19,347] Trial 15 finished with value: 0.7 and parameters: {'n_estimators': 10, 'max_depth': 20, 'gamma': 0.10953521863163096, 'subsample': 0.6876257692870422, 'colsample_bytree': 0.6459869877941459}. Best is trial 12 with value: 0.75.
/data/home/rtabares/anaconda3/envs/pyth3.12/lib/python3.12/site-packages/xgboost/core.py:377: FutureWarning: Your system has an old version of glibc (< 2.28). We will stop supporting Linux distros with glibc older than 2.28 after **May 31, 2025**. Please upgrade to a recent Linux distro (with glibc >= 2.28) to use future versions of XGBoost.
Note: You have installed the 'manylinux2014' variant of XGBoost. Certain features such as GPU algorithms or federated learning are not available. To use these features, please upgrade to a recent Linux distro with glibc 2.28+, and install the 'manylinux_2_28' variant.
  warnings.warn(
/data/home/rtabares/anaconda3/envs/pyth3.12/lib/python3.12/site-packages/xgboost/core.py:377: FutureWarning: Your system has an old version of glibc (< 2.28). We will stop supporting Linux distros with glibc older than 2.28 after **May 31, 2025**. Please upgrade to a recent Linux distro (with glibc >= 2.28) to use future versions of XGBoost.
Note: You have installed the 'manylinux2014' variant of XGBoost. Certain features such as GPU algorithms or federated learning are not available. To use these features, please upgrade to a recent Linux distro with glibc 2.28+, and install the 'manylinux_2_28' variant.
  warnings.warn(
[I 2025-05-07 04:26:19,982] Trial 16 finished with value: 0.65 and parameters: {'n_estimators': 10, 'max_depth': 30, 'gamma': 0.7393262466379021, 'subsample': 0.8202306432308626, 'colsample_bytree': 0.7762966734354391}. Best is trial 12 with value: 0.75.
[I 2025-05-07 04:26:20,031] Trial 17 finished with value: 0.6 and parameters: {'n_estimators': 10, 'max_depth': 20, 'gamma': 0.24460763721895767, 'subsample': 0.576905159436359, 'colsample_bytree': 0.9831184998004517}. Best is trial 12 with value: 0.75.
[I 2025-05-07 04:26:20,070] Trial 18 finished with value: 0.7 and parameters: {'n_estimators': 10, 'max_depth': 20, 'gamma': 0.39879323195541294, 'subsample': 0.7855253804854647, 'colsample_bytree': 0.6975822944328556}. Best is trial 12 with value: 0.75.
[I 2025-05-07 04:26:20,107] Trial 19 finished with value: 0.7 and parameters: {'n_estimators': 10, 'max_depth': 30, 'gamma': 0.27504180322297905, 'subsample': 0.6693258487345467, 'colsample_bytree': 0.6052600638560404}. Best is trial 12 with value: 0.75.
[I 2025-05-07 04:26:20,147] Trial 20 finished with value: 0.6 and parameters: {'n_estimators': 10, 'max_depth': 30, 'gamma': 0.8337524315834635, 'subsample': 0.8656767863439413, 'colsample_bytree': 0.9148373395624055}. Best is trial 12 with value: 0.75.
[I 2025-05-07 04:26:20,198] Trial 21 finished with value: 0.65 and parameters: {'n_estimators': 100, 'max_depth': 30, 'gamma': 0.6261988572332636, 'subsample': 0.5905041048983677, 'colsample_bytree': 0.5663276514626221}. Best is trial 12 with value: 0.75.
[I 2025-05-07 04:26:20,248] Trial 22 finished with value: 0.55 and parameters: {'n_estimators': 100, 'max_depth': 30, 'gamma': 0.44091000767212957, 'subsample': 0.5520480642193288, 'colsample_bytree': 0.5786595210473079}. Best is trial 12 with value: 0.75.
[I 2025-05-07 04:26:20,297] Trial 23 finished with value: 0.6 and parameters: {'n_estimators': 40, 'max_depth': 30, 'gamma': 0.5997229234588459, 'subsample': 0.6360988179767122, 'colsample_bytree': 0.6696890928305835}. Best is trial 12 with value: 0.75.
[I 2025-05-07 04:26:20,338] Trial 24 finished with value: 0.75 and parameters: {'n_estimators': 10, 'max_depth': 30, 'gamma': 0.33084687033479954, 'subsample': 0.6043801519875717, 'colsample_bytree': 0.5069069453436845}. Best is trial 12 with value: 0.75.
[I 2025-05-07 04:26:20,377] Trial 25 finished with value: 0.65 and parameters: {'n_estimators': 10, 'max_depth': 20, 'gamma': 0.21384978858880938, 'subsample': 0.7185598059262344, 'colsample_bytree': 0.6016300147957294}. Best is trial 12 with value: 0.75.
[I 2025-05-07 04:26:20,416] Trial 26 finished with value: 0.75 and parameters: {'n_estimators': 10, 'max_depth': 30, 'gamma': 0.33333941236135806, 'subsample': 0.6905196512962049, 'colsample_bytree': 0.5224531213550868}. Best is trial 12 with value: 0.75.
[I 2025-05-07 04:26:20,463] Trial 27 finished with value: 0.65 and parameters: {'n_estimators': 10, 'max_depth': 30, 'gamma': 0.33886385672513597, 'subsample': 0.7712009290551824, 'colsample_bytree': 0.5037697122837571}. Best is trial 12 with value: 0.75.
[I 2025-05-07 04:26:20,503] Trial 28 finished with value: 0.5 and parameters: {'n_estimators': 10, 'max_depth': 30, 'gamma': 0.32026290611124264, 'subsample': 0.5028055249596595, 'colsample_bytree': 0.5122188729689953}. Best is trial 12 with value: 0.75.
[I 2025-05-07 04:26:20,544] Trial 29 finished with value: 0.6 and parameters: {'n_estimators': 40, 'max_depth': 30, 'gamma': 0.44142170731703345, 'subsample': 0.6300323346234693, 'colsample_bytree': 0.5364045455801818}. Best is trial 12 with value: 0.75.
[I 2025-05-07 04:26:23,290] A new study created in memory with name: rf
Parámetros guardados en checkpoint_shoppers_Doriginal_Roriginal_B/k_center/IPC_10/best_models_k_center_seed_9_space_original/xgb_best_params.json


>>> Optuna tuning rf metodo k_center IPC 10 seed 9


[I 2025-05-07 04:26:25,720] Trial 0 finished with value: 0.5 and parameters: {'n_estimators': 104, 'max_depth': 12, 'min_samples_split': 6, 'min_samples_leaf': 2}. Best is trial 0 with value: 0.5.
[I 2025-05-07 04:26:26,044] Trial 1 finished with value: 0.45 and parameters: {'n_estimators': 156, 'max_depth': 6, 'min_samples_split': 5, 'min_samples_leaf': 3}. Best is trial 0 with value: 0.5.
[I 2025-05-07 04:26:26,293] Trial 2 finished with value: 0.5 and parameters: {'n_estimators': 133, 'max_depth': 9, 'min_samples_split': 3, 'min_samples_leaf': 9}. Best is trial 0 with value: 0.5.
[I 2025-05-07 04:26:26,784] Trial 3 finished with value: 0.55 and parameters: {'n_estimators': 481, 'max_depth': 3, 'min_samples_split': 8, 'min_samples_leaf': 6}. Best is trial 3 with value: 0.55.
[I 2025-05-07 04:26:27,285] Trial 4 finished with value: 0.5 and parameters: {'n_estimators': 460, 'max_depth': 15, 'min_samples_split': 6, 'min_samples_leaf': 8}. Best is trial 3 with value: 0.55.
[I 2025-05-07 04:26:27,645] Trial 5 finished with value: 0.6 and parameters: {'n_estimators': 254, 'max_depth': 15, 'min_samples_split': 9, 'min_samples_leaf': 5}. Best is trial 5 with value: 0.6.
[I 2025-05-07 04:26:28,228] Trial 6 finished with value: 0.5 and parameters: {'n_estimators': 477, 'max_depth': 17, 'min_samples_split': 10, 'min_samples_leaf': 2}. Best is trial 5 with value: 0.6.
[I 2025-05-07 04:26:28,600] Trial 7 finished with value: 0.5 and parameters: {'n_estimators': 308, 'max_depth': 20, 'min_samples_split': 7, 'min_samples_leaf': 9}. Best is trial 5 with value: 0.6.
[I 2025-05-07 04:26:29,145] Trial 8 finished with value: 0.5 and parameters: {'n_estimators': 489, 'max_depth': 6, 'min_samples_split': 4, 'min_samples_leaf': 9}. Best is trial 5 with value: 0.6.
[I 2025-05-07 04:26:29,648] Trial 9 finished with value: 0.6 and parameters: {'n_estimators': 463, 'max_depth': 16, 'min_samples_split': 5, 'min_samples_leaf': 5}. Best is trial 5 with value: 0.6.
[I 2025-05-07 04:26:29,971] Trial 10 finished with value: 0.55 and parameters: {'n_estimators': 241, 'max_depth': 13, 'min_samples_split': 10, 'min_samples_leaf': 5}. Best is trial 5 with value: 0.6.
[I 2025-05-07 04:26:31,033] Trial 11 finished with value: 0.55 and parameters: {'n_estimators': 328, 'max_depth': 17, 'min_samples_split': 2, 'min_samples_leaf': 5}. Best is trial 5 with value: 0.6.
[I 2025-05-07 04:26:32,067] Trial 12 finished with value: 0.6 and parameters: {'n_estimators': 384, 'max_depth': 20, 'min_samples_split': 8, 'min_samples_leaf': 6}. Best is trial 5 with value: 0.6.
[I 2025-05-07 04:26:33,028] Trial 13 finished with value: 0.55 and parameters: {'n_estimators': 237, 'max_depth': 15, 'min_samples_split': 8, 'min_samples_leaf': 4}. Best is trial 5 with value: 0.6.
[I 2025-05-07 04:26:33,442] Trial 14 finished with value: 0.5 and parameters: {'n_estimators': 392, 'max_depth': 10, 'min_samples_split': 4, 'min_samples_leaf': 7}. Best is trial 5 with value: 0.6.
[I 2025-05-07 04:26:33,759] Trial 15 finished with value: 0.5 and parameters: {'n_estimators': 238, 'max_depth': 17, 'min_samples_split': 9, 'min_samples_leaf': 4}. Best is trial 5 with value: 0.6.
[I 2025-05-07 04:26:34,252] Trial 16 finished with value: 0.6 and parameters: {'n_estimators': 393, 'max_depth': 14, 'min_samples_split': 5, 'min_samples_leaf': 1}. Best is trial 5 with value: 0.6.
[I 2025-05-07 04:26:34,527] Trial 17 finished with value: 0.5 and parameters: {'n_estimators': 202, 'max_depth': 18, 'min_samples_split': 7, 'min_samples_leaf': 7}. Best is trial 5 with value: 0.6.
[I 2025-05-07 04:26:34,904] Trial 18 finished with value: 0.5 and parameters: {'n_estimators': 346, 'max_depth': 10, 'min_samples_split': 5, 'min_samples_leaf': 4}. Best is trial 5 with value: 0.6.
[I 2025-05-07 04:26:35,270] Trial 19 finished with value: 0.5 and parameters: {'n_estimators': 275, 'max_depth': 15, 'min_samples_split': 9, 'min_samples_leaf': 3}. Best is trial 5 with value: 0.6.
[I 2025-05-07 04:26:35,527] Trial 20 finished with value: 0.5 and parameters: {'n_estimators': 180, 'max_depth': 12, 'min_samples_split': 2, 'min_samples_leaf': 7}. Best is trial 5 with value: 0.6.
[I 2025-05-07 04:26:35,975] Trial 21 finished with value: 0.6 and parameters: {'n_estimators': 427, 'max_depth': 20, 'min_samples_split': 8, 'min_samples_leaf': 6}. Best is trial 5 with value: 0.6.
[I 2025-05-07 04:26:36,414] Trial 22 finished with value: 0.5 and parameters: {'n_estimators': 368, 'max_depth': 19, 'min_samples_split': 9, 'min_samples_leaf': 5}. Best is trial 5 with value: 0.6.
[I 2025-05-07 04:26:36,885] Trial 23 finished with value: 0.65 and parameters: {'n_estimators': 433, 'max_depth': 16, 'min_samples_split': 7, 'min_samples_leaf': 6}. Best is trial 23 with value: 0.65.
[I 2025-05-07 04:26:37,334] Trial 24 finished with value: 0.5 and parameters: {'n_estimators': 428, 'max_depth': 16, 'min_samples_split': 6, 'min_samples_leaf': 8}. Best is trial 23 with value: 0.65.
[I 2025-05-07 04:26:37,841] Trial 25 finished with value: 0.6 and parameters: {'n_estimators': 433, 'max_depth': 14, 'min_samples_split': 7, 'min_samples_leaf': 5}. Best is trial 23 with value: 0.65.
[I 2025-05-07 04:26:38,218] Trial 26 finished with value: 0.55 and parameters: {'n_estimators': 291, 'max_depth': 18, 'min_samples_split': 4, 'min_samples_leaf': 4}. Best is trial 23 with value: 0.65.
[I 2025-05-07 04:26:38,726] Trial 27 finished with value: 0.5 and parameters: {'n_estimators': 446, 'max_depth': 13, 'min_samples_split': 7, 'min_samples_leaf': 7}. Best is trial 23 with value: 0.65.
[I 2025-05-07 04:26:39,134] Trial 28 finished with value: 0.5 and parameters: {'n_estimators': 334, 'max_depth': 16, 'min_samples_split': 6, 'min_samples_leaf': 10}. Best is trial 23 with value: 0.65.
[I 2025-05-07 04:26:39,269] Trial 29 finished with value: 0.45 and parameters: {'n_estimators': 104, 'max_depth': 18, 'min_samples_split': 5, 'min_samples_leaf': 3}. Best is trial 23 with value: 0.65.
[I 2025-05-07 04:26:41,999] A new study created in memory with name: svc
Parámetros guardados en checkpoint_shoppers_Doriginal_Roriginal_B/k_center/IPC_10/best_models_k_center_seed_9_space_original/rf_best_params.json


>>> Optuna tuning svc metodo k_center IPC 10 seed 9


[I 2025-05-07 04:26:44,838] Trial 0 finished with value: 0.45 and parameters: {'C': 0.011002632709098882, 'gamma': 0.010174155443038872}. Best is trial 0 with value: 0.45.
[I 2025-05-07 04:26:44,978] Trial 1 finished with value: 0.6 and parameters: {'C': 0.9618186025955839, 'gamma': 0.00034301895208247704}. Best is trial 1 with value: 0.6.
[I 2025-05-07 04:26:44,995] Trial 2 finished with value: 0.55 and parameters: {'C': 0.03702067575132929, 'gamma': 0.0007485739374074099}. Best is trial 1 with value: 0.6.
[I 2025-05-07 04:26:45,008] Trial 3 finished with value: 0.55 and parameters: {'C': 0.47209861032825945, 'gamma': 0.0009826631576890102}. Best is trial 1 with value: 0.6.
[I 2025-05-07 04:26:45,023] Trial 4 finished with value: 0.6 and parameters: {'C': 0.021688953850108893, 'gamma': 0.0024098752433673273}. Best is trial 1 with value: 0.6.
[I 2025-05-07 04:26:45,037] Trial 5 finished with value: 0.25 and parameters: {'C': 0.04646280084231645, 'gamma': 0.3267656089424253}. Best is trial 1 with value: 0.6.
[I 2025-05-07 04:26:45,052] Trial 6 finished with value: 0.55 and parameters: {'C': 63.65845976154302, 'gamma': 0.00014288725836502733}. Best is trial 1 with value: 0.6.
[I 2025-05-07 04:26:45,065] Trial 7 finished with value: 0.4 and parameters: {'C': 6.257913640897913, 'gamma': 0.01954516145303057}. Best is trial 1 with value: 0.6.
[I 2025-05-07 04:26:45,079] Trial 8 finished with value: 0.4 and parameters: {'C': 39.08665206604184, 'gamma': 0.04651530700450706}. Best is trial 1 with value: 0.6.
[I 2025-05-07 04:26:45,093] Trial 9 finished with value: 0.4 and parameters: {'C': 1.553642640603634, 'gamma': 0.06452227863024562}. Best is trial 1 with value: 0.6.
[I 2025-05-07 04:26:45,117] Trial 10 finished with value: 0.6 and parameters: {'C': 0.25707709152788416, 'gamma': 0.0001239925683467219}. Best is trial 1 with value: 0.6.
[I 2025-05-07 04:26:45,743] Trial 11 finished with value: 0.5 and parameters: {'C': 3.6222983367333508, 'gamma': 0.001583809443395358}. Best is trial 1 with value: 0.6.
[I 2025-05-07 04:26:45,766] Trial 12 finished with value: 0.6 and parameters: {'C': 0.1317667476668663, 'gamma': 0.0029334532200961205}. Best is trial 1 with value: 0.6.
[I 2025-05-07 04:26:45,787] Trial 13 finished with value: 0.5 and parameters: {'C': 13.11536950073109, 'gamma': 0.00037865753946631306}. Best is trial 1 with value: 0.6.
[I 2025-05-07 04:26:45,811] Trial 14 finished with value: 0.5 and parameters: {'C': 1.0739214732832807, 'gamma': 0.004342192387982463}. Best is trial 1 with value: 0.6.
[I 2025-05-07 04:26:45,833] Trial 15 finished with value: 0.6 and parameters: {'C': 0.010876565328838466, 'gamma': 0.000390525343283595}. Best is trial 1 with value: 0.6.
[I 2025-05-07 04:26:45,858] Trial 16 finished with value: 0.55 and parameters: {'C': 0.0896632085028261, 'gamma': 0.005363905793520768}. Best is trial 1 with value: 0.6.
[I 2025-05-07 04:26:46,486] Trial 17 finished with value: 0.2 and parameters: {'C': 0.47319398845872607, 'gamma': 0.9734481564149715}. Best is trial 1 with value: 0.6.
[I 2025-05-07 04:26:46,511] Trial 18 finished with value: 0.5 and parameters: {'C': 22.245475925189417, 'gamma': 0.00029789910637499287}. Best is trial 1 with value: 0.6.
[I 2025-05-07 04:26:46,532] Trial 19 finished with value: 0.5 and parameters: {'C': 3.3871840767769, 'gamma': 0.0018864242173945143}. Best is trial 1 with value: 0.6.
[I 2025-05-07 04:26:47,169] Trial 20 finished with value: 0.45 and parameters: {'C': 0.03516119512059588, 'gamma': 0.012450777523081595}. Best is trial 1 with value: 0.6.
[I 2025-05-07 04:26:47,192] Trial 21 finished with value: 0.6 and parameters: {'C': 0.2801961087981495, 'gamma': 0.00010890847216809855}. Best is trial 1 with value: 0.6.
[I 2025-05-07 04:26:47,823] Trial 22 finished with value: 0.6 and parameters: {'C': 0.306082257079769, 'gamma': 0.00023102703010952403}. Best is trial 1 with value: 0.6.
[I 2025-05-07 04:26:48,472] Trial 23 finished with value: 0.6 and parameters: {'C': 1.5177130571154318, 'gamma': 0.0007066641742466569}. Best is trial 1 with value: 0.6.
[I 2025-05-07 04:26:48,500] Trial 24 finished with value: 0.6 and parameters: {'C': 0.1087695939408969, 'gamma': 0.00010158182567763641}. Best is trial 1 with value: 0.6.
[I 2025-05-07 04:26:48,525] Trial 25 finished with value: 0.55 and parameters: {'C': 0.6572390119214954, 'gamma': 0.0005670043656821254}. Best is trial 1 with value: 0.6.
[I 2025-05-07 04:26:48,550] Trial 26 finished with value: 0.6 and parameters: {'C': 0.19130756162864826, 'gamma': 0.00020865253857803214}. Best is trial 1 with value: 0.6.
[I 2025-05-07 04:26:48,577] Trial 27 finished with value: 0.6 and parameters: {'C': 0.020871657047251, 'gamma': 0.0025074635219352686}. Best is trial 1 with value: 0.6.
[I 2025-05-07 04:26:48,600] Trial 28 finished with value: 0.6 and parameters: {'C': 0.0584817459315333, 'gamma': 0.0010893576830114833}. Best is trial 1 with value: 0.6.
