[I 2025-05-07 07:38:13,724] Trial 25 finished with value: 0.55 and parameters: {'C': 0.05438883303822725, 'gamma': 0.41430445889436457}. Best is trial 13 with value: 0.7166666666666668.
[I 2025-05-07 07:38:13,758] Trial 26 finished with value: 0.6333333333333334 and parameters: {'C': 0.011249658692961129, 'gamma': 0.015025030046942186}. Best is trial 13 with value: 0.7166666666666668.
[I 2025-05-07 07:38:13,780] Trial 27 finished with value: 0.7333333333333334 and parameters: {'C': 0.09371756485235005, 'gamma': 0.2818368726037615}. Best is trial 27 with value: 0.7333333333333334.
[I 2025-05-07 07:38:13,813] Trial 28 finished with value: 0.6333333333333334 and parameters: {'C': 0.11867194384697405, 'gamma': 0.059710386200129896}. Best is trial 27 with value: 0.7333333333333334.
[I 2025-05-07 07:38:13,845] Trial 29 finished with value: 0.7166666666666668 and parameters: {'C': 0.025583637179601916, 'gamma': 0.17799817331406487}. Best is trial 27 with value: 0.7333333333333334.
/data/home/rtabares/anaconda3/envs/pyth3.12/lib/python3.12/site-packages/xgboost/core.py:377: FutureWarning: Your system has an old version of glibc (< 2.28). We will stop supporting Linux distros with glibc older than 2.28 after **May 31, 2025**. Please upgrade to a recent Linux distro (with glibc >= 2.28) to use future versions of XGBoost.
Note: You have installed the 'manylinux2014' variant of XGBoost. Certain features such as GPU algorithms or federated learning are not available. To use these features, please upgrade to a recent Linux distro with glibc 2.28+, and install the 'manylinux_2_28' variant.
  warnings.warn(
[I 2025-05-07 07:38:17,346] A new study created in memory with name: logreg
Parámetros guardados en checkpoint_shoppers_Doriginal_Roriginal_C/random/IPC_30/best_models_random_seed_14_space_original/svc_best_params.json


>>> Optuna tuning logreg metodo random IPC 30 seed 14


[I 2025-05-07 07:38:18,521] Trial 0 finished with value: 0.6 and parameters: {'C': 0.3712929635193535, 'penalty': 'l2'}. Best is trial 0 with value: 0.6.
[I 2025-05-07 07:38:18,580] Trial 1 finished with value: 0.5333333333333333 and parameters: {'C': 7.342183938874968, 'penalty': 'l2'}. Best is trial 0 with value: 0.6.
[I 2025-05-07 07:38:18,608] Trial 2 finished with value: 0.5166666666666667 and parameters: {'C': 22.497715920526822, 'penalty': 'l2'}. Best is trial 0 with value: 0.6.
[I 2025-05-07 07:38:18,633] Trial 3 finished with value: 0.65 and parameters: {'C': 0.0010970710191729855, 'penalty': 'l2'}. Best is trial 3 with value: 0.65.
[I 2025-05-07 07:38:18,658] Trial 4 finished with value: 0.6333333333333333 and parameters: {'C': 0.03537362988916466, 'penalty': 'l2'}. Best is trial 3 with value: 0.65.
[I 2025-05-07 07:38:18,683] Trial 5 finished with value: 0.5333333333333333 and parameters: {'C': 61.37884288266919, 'penalty': 'l2'}. Best is trial 3 with value: 0.65.
[I 2025-05-07 07:38:18,708] Trial 6 finished with value: 0.6 and parameters: {'C': 0.36777614931135316, 'penalty': 'l2'}. Best is trial 3 with value: 0.65.
[I 2025-05-07 07:38:18,723] Trial 7 finished with value: 0.6333333333333333 and parameters: {'C': 0.039032118567680706, 'penalty': 'l2'}. Best is trial 3 with value: 0.65.
[I 2025-05-07 07:38:18,747] Trial 8 finished with value: 0.5833333333333333 and parameters: {'C': 0.4965919636984791, 'penalty': 'l2'}. Best is trial 3 with value: 0.65.
[I 2025-05-07 07:38:18,772] Trial 9 finished with value: 0.6333333333333333 and parameters: {'C': 0.012772464731398894, 'penalty': 'l2'}. Best is trial 3 with value: 0.65.
[I 2025-05-07 07:38:18,803] Trial 10 finished with value: 0.65 and parameters: {'C': 0.0015360338311218582, 'penalty': 'l2'}. Best is trial 3 with value: 0.65.
[I 2025-05-07 07:38:19,503] Trial 11 finished with value: 0.65 and parameters: {'C': 0.0012780867318653796, 'penalty': 'l2'}. Best is trial 3 with value: 0.65.
[I 2025-05-07 07:38:20,201] Trial 12 finished with value: 0.65 and parameters: {'C': 0.0016205018163554109, 'penalty': 'l2'}. Best is trial 3 with value: 0.65.
[I 2025-05-07 07:38:20,221] Trial 13 finished with value: 0.65 and parameters: {'C': 0.008716396934324537, 'penalty': 'l2'}. Best is trial 3 with value: 0.65.
[I 2025-05-07 07:38:20,243] Trial 14 finished with value: 0.65 and parameters: {'C': 0.004605414425892251, 'penalty': 'l2'}. Best is trial 3 with value: 0.65.
[I 2025-05-07 07:38:20,263] Trial 15 finished with value: 0.6333333333333333 and parameters: {'C': 0.06101871696911362, 'penalty': 'l2'}. Best is trial 3 with value: 0.65.
[I 2025-05-07 07:38:20,292] Trial 16 finished with value: 0.5499999999999999 and parameters: {'C': 2.5985926647837916, 'penalty': 'l2'}. Best is trial 3 with value: 0.65.
[I 2025-05-07 07:38:20,310] Trial 17 finished with value: 0.65 and parameters: {'C': 0.0033585837485881685, 'penalty': 'l2'}. Best is trial 3 with value: 0.65.
[I 2025-05-07 07:38:20,340] Trial 18 finished with value: 0.65 and parameters: {'C': 0.0010359934708504726, 'penalty': 'l2'}. Best is trial 3 with value: 0.65.
[I 2025-05-07 07:38:21,008] Trial 19 finished with value: 0.6333333333333333 and parameters: {'C': 0.09953762746057224, 'penalty': 'l2'}. Best is trial 3 with value: 0.65.
[I 2025-05-07 07:38:21,029] Trial 20 finished with value: 0.6333333333333333 and parameters: {'C': 0.014490274179384617, 'penalty': 'l2'}. Best is trial 3 with value: 0.65.
[I 2025-05-07 07:38:21,048] Trial 21 finished with value: 0.65 and parameters: {'C': 0.0024792234909007996, 'penalty': 'l2'}. Best is trial 3 with value: 0.65.
[I 2025-05-07 07:38:21,075] Trial 22 finished with value: 0.65 and parameters: {'C': 0.0011998194302194863, 'penalty': 'l2'}. Best is trial 3 with value: 0.65.
[I 2025-05-07 07:38:21,106] Trial 23 finished with value: 0.65 and parameters: {'C': 0.007554290348197241, 'penalty': 'l2'}. Best is trial 3 with value: 0.65.
[I 2025-05-07 07:38:21,137] Trial 24 finished with value: 0.65 and parameters: {'C': 0.0010022575694934076, 'penalty': 'l2'}. Best is trial 3 with value: 0.65.
[I 2025-05-07 07:38:21,156] Trial 25 finished with value: 0.65 and parameters: {'C': 0.0039170146020937845, 'penalty': 'l2'}. Best is trial 3 with value: 0.65.
[I 2025-05-07 07:38:21,173] Trial 26 finished with value: 0.6166666666666666 and parameters: {'C': 0.022121642937991827, 'penalty': 'l2'}. Best is trial 3 with value: 0.65.
[I 2025-05-07 07:38:21,194] Trial 27 finished with value: 0.6166666666666667 and parameters: {'C': 0.15175926911194831, 'penalty': 'l2'}. Best is trial 3 with value: 0.65.
[I 2025-05-07 07:38:21,211] Trial 28 finished with value: 0.65 and parameters: {'C': 0.006103181541525395, 'penalty': 'l2'}. Best is trial 3 with value: 0.65.
[I 2025-05-07 07:38:21,241] Trial 29 finished with value: 0.65 and parameters: {'C': 0.0020879029619304754, 'penalty': 'l2'}. Best is trial 3 with value: 0.65.
[I 2025-05-07 07:38:24,221] A new study created in memory with name: mlp
Parámetros guardados en checkpoint_shoppers_Doriginal_Roriginal_C/random/IPC_30/best_models_random_seed_14_space_original/logreg_best_params.json


>>> Optuna tuning mlp metodo random IPC 30 seed 14


/data/home/rtabares/anaconda3/envs/pyth3.12/lib/python3.12/site-packages/sklearn/neural_network/_multilayer_perceptron.py:691: ConvergenceWarning: Stochastic Optimizer: Maximum iterations (100) reached and the optimization hasn't converged yet.
  warnings.warn(
/data/home/rtabares/anaconda3/envs/pyth3.12/lib/python3.12/site-packages/sklearn/neural_network/_multilayer_perceptron.py:691: ConvergenceWarning: Stochastic Optimizer: Maximum iterations (100) reached and the optimization hasn't converged yet.
  warnings.warn(
/data/home/rtabares/anaconda3/envs/pyth3.12/lib/python3.12/site-packages/sklearn/neural_network/_multilayer_perceptron.py:691: ConvergenceWarning: Stochastic Optimizer: Maximum iterations (100) reached and the optimization hasn't converged yet.
  warnings.warn(
/data/home/rtabares/anaconda3/envs/pyth3.12/lib/python3.12/site-packages/sklearn/neural_network/_multilayer_perceptron.py:691: ConvergenceWarning: Stochastic Optimizer: Maximum iterations (100) reached and the optimization hasn't converged yet.
  warnings.warn(
/data/home/rtabares/anaconda3/envs/pyth3.12/lib/python3.12/site-packages/sklearn/neural_network/_multilayer_perceptron.py:691: ConvergenceWarning: Stochastic Optimizer: Maximum iterations (100) reached and the optimization hasn't converged yet.
  warnings.warn(
[I 2025-05-07 07:38:26,074] Trial 0 finished with value: 0.6166666666666666 and parameters: {'hidden_layer_sizes': (100, 100), 'max_iter': 100, 'alpha': 0.0001}. Best is trial 0 with value: 0.6166666666666666.
/data/home/rtabares/anaconda3/envs/pyth3.12/lib/python3.12/site-packages/sklearn/neural_network/_multilayer_perceptron.py:691: ConvergenceWarning: Stochastic Optimizer: Maximum iterations (50) reached and the optimization hasn't converged yet.
  warnings.warn(
/data/home/rtabares/anaconda3/envs/pyth3.12/lib/python3.12/site-packages/sklearn/neural_network/_multilayer_perceptron.py:691: ConvergenceWarning: Stochastic Optimizer: Maximum iterations (50) reached and the optimization hasn't converged yet.
  warnings.warn(
/data/home/rtabares/anaconda3/envs/pyth3.12/lib/python3.12/site-packages/sklearn/neural_network/_multilayer_perceptron.py:691: ConvergenceWarning: Stochastic Optimizer: Maximum iterations (50) reached and the optimization hasn't converged yet.
  warnings.warn(
/data/home/rtabares/anaconda3/envs/pyth3.12/lib/python3.12/site-packages/sklearn/neural_network/_multilayer_perceptron.py:691: ConvergenceWarning: Stochastic Optimizer: Maximum iterations (50) reached and the optimization hasn't converged yet.
  warnings.warn(
/data/home/rtabares/anaconda3/envs/pyth3.12/lib/python3.12/site-packages/sklearn/neural_network/_multilayer_perceptron.py:691: ConvergenceWarning: Stochastic Optimizer: Maximum iterations (50) reached and the optimization hasn't converged yet.
  warnings.warn(
[I 2025-05-07 07:38:26,199] Trial 1 finished with value: 0.6333333333333333 and parameters: {'hidden_layer_sizes': (200,), 'max_iter': 50, 'alpha': 0.0001}. Best is trial 1 with value: 0.6333333333333333.
/data/home/rtabares/anaconda3/envs/pyth3.12/lib/python3.12/site-packages/sklearn/neural_network/_multilayer_perceptron.py:691: ConvergenceWarning: Stochastic Optimizer: Maximum iterations (100) reached and the optimization hasn't converged yet.
  warnings.warn(
/data/home/rtabares/anaconda3/envs/pyth3.12/lib/python3.12/site-packages/sklearn/neural_network/_multilayer_perceptron.py:691: ConvergenceWarning: Stochastic Optimizer: Maximum iterations (100) reached and the optimization hasn't converged yet.
  warnings.warn(
/data/home/rtabares/anaconda3/envs/pyth3.12/lib/python3.12/site-packages/sklearn/neural_network/_multilayer_perceptron.py:691: ConvergenceWarning: Stochastic Optimizer: Maximum iterations (100) reached and the optimization hasn't converged yet.
  warnings.warn(
/data/home/rtabares/anaconda3/envs/pyth3.12/lib/python3.12/site-packages/sklearn/neural_network/_multilayer_perceptron.py:691: ConvergenceWarning: Stochastic Optimizer: Maximum iterations (100) reached and the optimization hasn't converged yet.
  warnings.warn(
/data/home/rtabares/anaconda3/envs/pyth3.12/lib/python3.12/site-packages/sklearn/neural_network/_multilayer_perceptron.py:691: ConvergenceWarning: Stochastic Optimizer: Maximum iterations (100) reached and the optimization hasn't converged yet.
  warnings.warn(
[I 2025-05-07 07:38:26,287] Trial 2 finished with value: 0.6333333333333334 and parameters: {'hidden_layer_sizes': (100, 100), 'max_iter': 100, 'alpha': 0.001}. Best is trial 2 with value: 0.6333333333333334.
/data/home/rtabares/anaconda3/envs/pyth3.12/lib/python3.12/site-packages/sklearn/neural_network/_multilayer_perceptron.py:691: ConvergenceWarning: Stochastic Optimizer: Maximum iterations (50) reached and the optimization hasn't converged yet.
  warnings.warn(
/data/home/rtabares/anaconda3/envs/pyth3.12/lib/python3.12/site-packages/sklearn/neural_network/_multilayer_perceptron.py:691: ConvergenceWarning: Stochastic Optimizer: Maximum iterations (50) reached and the optimization hasn't converged yet.
  warnings.warn(
/data/home/rtabares/anaconda3/envs/pyth3.12/lib/python3.12/site-packages/sklearn/neural_network/_multilayer_perceptron.py:691: ConvergenceWarning: Stochastic Optimizer: Maximum iterations (50) reached and the optimization hasn't converged yet.
  warnings.warn(
/data/home/rtabares/anaconda3/envs/pyth3.12/lib/python3.12/site-packages/sklearn/neural_network/_multilayer_perceptron.py:691: ConvergenceWarning: Stochastic Optimizer: Maximum iterations (50) reached and the optimization hasn't converged yet.
  warnings.warn(
/data/home/rtabares/anaconda3/envs/pyth3.12/lib/python3.12/site-packages/sklearn/neural_network/_multilayer_perceptron.py:691: ConvergenceWarning: Stochastic Optimizer: Maximum iterations (50) reached and the optimization hasn't converged yet.
  warnings.warn(
[I 2025-05-07 07:38:26,343] Trial 3 finished with value: 0.6666666666666666 and parameters: {'hidden_layer_sizes': (100, 100), 'max_iter': 50, 'alpha': 0.0001}. Best is trial 3 with value: 0.6666666666666666.
/data/home/rtabares/anaconda3/envs/pyth3.12/lib/python3.12/site-packages/sklearn/neural_network/_multilayer_perceptron.py:691: ConvergenceWarning: Stochastic Optimizer: Maximum iterations (100) reached and the optimization hasn't converged yet.
  warnings.warn(
/data/home/rtabares/anaconda3/envs/pyth3.12/lib/python3.12/site-packages/sklearn/neural_network/_multilayer_perceptron.py:691: ConvergenceWarning: Stochastic Optimizer: Maximum iterations (100) reached and the optimization hasn't converged yet.
  warnings.warn(
/data/home/rtabares/anaconda3/envs/pyth3.12/lib/python3.12/site-packages/sklearn/neural_network/_multilayer_perceptron.py:691: ConvergenceWarning: Stochastic Optimizer: Maximum iterations (100) reached and the optimization hasn't converged yet.
  warnings.warn(
/data/home/rtabares/anaconda3/envs/pyth3.12/lib/python3.12/site-packages/sklearn/neural_network/_multilayer_perceptron.py:691: ConvergenceWarning: Stochastic Optimizer: Maximum iterations (100) reached and the optimization hasn't converged yet.
  warnings.warn(
/data/home/rtabares/anaconda3/envs/pyth3.12/lib/python3.12/site-packages/sklearn/neural_network/_multilayer_perceptron.py:691: ConvergenceWarning: Stochastic Optimizer: Maximum iterations (100) reached and the optimization hasn't converged yet.
  warnings.warn(
[I 2025-05-07 07:38:26,460] Trial 4 finished with value: 0.6166666666666666 and parameters: {'hidden_layer_sizes': (100, 100), 'max_iter': 100, 'alpha': 0.001}. Best is trial 3 with value: 0.6666666666666666.
/data/home/rtabares/anaconda3/envs/pyth3.12/lib/python3.12/site-packages/sklearn/neural_network/_multilayer_perceptron.py:691: ConvergenceWarning: Stochastic Optimizer: Maximum iterations (50) reached and the optimization hasn't converged yet.
  warnings.warn(
/data/home/rtabares/anaconda3/envs/pyth3.12/lib/python3.12/site-packages/sklearn/neural_network/_multilayer_perceptron.py:691: ConvergenceWarning: Stochastic Optimizer: Maximum iterations (50) reached and the optimization hasn't converged yet.
  warnings.warn(
/data/home/rtabares/anaconda3/envs/pyth3.12/lib/python3.12/site-packages/sklearn/neural_network/_multilayer_perceptron.py:691: ConvergenceWarning: Stochastic Optimizer: Maximum iterations (50) reached and the optimization hasn't converged yet.
  warnings.warn(
/data/home/rtabares/anaconda3/envs/pyth3.12/lib/python3.12/site-packages/sklearn/neural_network/_multilayer_perceptron.py:691: ConvergenceWarning: Stochastic Optimizer: Maximum iterations (50) reached and the optimization hasn't converged yet.
  warnings.warn(
/data/home/rtabares/anaconda3/envs/pyth3.12/lib/python3.12/site-packages/sklearn/neural_network/_multilayer_perceptron.py:691: ConvergenceWarning: Stochastic Optimizer: Maximum iterations (50) reached and the optimization hasn't converged yet.
  warnings.warn(
[I 2025-05-07 07:38:26,516] Trial 5 finished with value: 0.6666666666666666 and parameters: {'hidden_layer_sizes': (100, 100), 'max_iter': 50, 'alpha': 0.001}. Best is trial 3 with value: 0.6666666666666666.
/data/home/rtabares/anaconda3/envs/pyth3.12/lib/python3.12/site-packages/sklearn/neural_network/_multilayer_perceptron.py:691: ConvergenceWarning: Stochastic Optimizer: Maximum iterations (50) reached and the optimization hasn't converged yet.
  warnings.warn(
/data/home/rtabares/anaconda3/envs/pyth3.12/lib/python3.12/site-packages/sklearn/neural_network/_multilayer_perceptron.py:691: ConvergenceWarning: Stochastic Optimizer: Maximum iterations (50) reached and the optimization hasn't converged yet.
  warnings.warn(
/data/home/rtabares/anaconda3/envs/pyth3.12/lib/python3.12/site-packages/sklearn/neural_network/_multilayer_perceptron.py:691: ConvergenceWarning: Stochastic Optimizer: Maximum iterations (50) reached and the optimization hasn't converged yet.
  warnings.warn(
/data/home/rtabares/anaconda3/envs/pyth3.12/lib/python3.12/site-packages/sklearn/neural_network/_multilayer_perceptron.py:691: ConvergenceWarning: Stochastic Optimizer: Maximum iterations (50) reached and the optimization hasn't converged yet.
  warnings.warn(
/data/home/rtabares/anaconda3/envs/pyth3.12/lib/python3.12/site-packages/sklearn/neural_network/_multilayer_perceptron.py:691: ConvergenceWarning: Stochastic Optimizer: Maximum iterations (50) reached and the optimization hasn't converged yet.
  warnings.warn(
[I 2025-05-07 07:38:26,562] Trial 6 finished with value: 0.6333333333333334 and parameters: {'hidden_layer_sizes': (100,), 'max_iter': 50, 'alpha': 0.001}. Best is trial 3 with value: 0.6666666666666666.
/data/home/rtabares/anaconda3/envs/pyth3.12/lib/python3.12/site-packages/sklearn/neural_network/_multilayer_perceptron.py:691: ConvergenceWarning: Stochastic Optimizer: Maximum iterations (100) reached and the optimization hasn't converged yet.
  warnings.warn(
/data/home/rtabares/anaconda3/envs/pyth3.12/lib/python3.12/site-packages/sklearn/neural_network/_multilayer_perceptron.py:691: ConvergenceWarning: Stochastic Optimizer: Maximum iterations (100) reached and the optimization hasn't converged yet.
  warnings.warn(
/data/home/rtabares/anaconda3/envs/pyth3.12/lib/python3.12/site-packages/sklearn/neural_network/_multilayer_perceptron.py:691: ConvergenceWarning: Stochastic Optimizer: Maximum iterations (100) reached and the optimization hasn't converged yet.
  warnings.warn(
/data/home/rtabares/anaconda3/envs/pyth3.12/lib/python3.12/site-packages/sklearn/neural_network/_multilayer_perceptron.py:691: ConvergenceWarning: Stochastic Optimizer: Maximum iterations (100) reached and the optimization hasn't converged yet.
  warnings.warn(
/data/home/rtabares/anaconda3/envs/pyth3.12/lib/python3.12/site-packages/sklearn/neural_network/_multilayer_perceptron.py:691: ConvergenceWarning: Stochastic Optimizer: Maximum iterations (100) reached and the optimization hasn't converged yet.
  warnings.warn(
[I 2025-05-07 07:38:26,638] Trial 7 finished with value: 0.6000000000000001 and parameters: {'hidden_layer_sizes': (100,), 'max_iter': 100, 'alpha': 0.0001}. Best is trial 3 with value: 0.6666666666666666.
/data/home/rtabares/anaconda3/envs/pyth3.12/lib/python3.12/site-packages/sklearn/neural_network/_multilayer_perceptron.py:691: ConvergenceWarning: Stochastic Optimizer: Maximum iterations (50) reached and the optimization hasn't converged yet.
  warnings.warn(
/data/home/rtabares/anaconda3/envs/pyth3.12/lib/python3.12/site-packages/sklearn/neural_network/_multilayer_perceptron.py:691: ConvergenceWarning: Stochastic Optimizer: Maximum iterations (50) reached and the optimization hasn't converged yet.
  warnings.warn(
/data/home/rtabares/anaconda3/envs/pyth3.12/lib/python3.12/site-packages/sklearn/neural_network/_multilayer_perceptron.py:691: ConvergenceWarning: Stochastic Optimizer: Maximum iterations (50) reached and the optimization hasn't converged yet.
  warnings.warn(
/data/home/rtabares/anaconda3/envs/pyth3.12/lib/python3.12/site-packages/sklearn/neural_network/_multilayer_perceptron.py:691: ConvergenceWarning: Stochastic Optimizer: Maximum iterations (50) reached and the optimization hasn't converged yet.
  warnings.warn(
/data/home/rtabares/anaconda3/envs/pyth3.12/lib/python3.12/site-packages/sklearn/neural_network/_multilayer_perceptron.py:691: ConvergenceWarning: Stochastic Optimizer: Maximum iterations (50) reached and the optimization hasn't converged yet.
  warnings.warn(
