[I 2025-05-07 07:29:30,437] Trial 17 finished with value: 0.8166666666666667 and parameters: {'n_estimators': 40, 'max_depth': 5, 'gamma': 0.7280675696012222, 'subsample': 0.7980038753248848, 'colsample_bytree': 0.7109611479294711}. Best is trial 4 with value: 0.8333333333333334.
[I 2025-05-07 07:29:30,487] Trial 18 finished with value: 0.7999999999999999 and parameters: {'n_estimators': 100, 'max_depth': 5, 'gamma': 0.729254582609908, 'subsample': 0.8159419915897458, 'colsample_bytree': 0.7401192172093267}. Best is trial 4 with value: 0.8333333333333334.
[I 2025-05-07 07:29:30,536] Trial 19 finished with value: 0.7833333333333333 and parameters: {'n_estimators': 10, 'max_depth': 20, 'gamma': 0.43386810508202617, 'subsample': 0.9212633665158764, 'colsample_bytree': 0.9003852468330709}. Best is trial 4 with value: 0.8333333333333334.
[I 2025-05-07 07:29:30,587] Trial 20 finished with value: 0.7500000000000001 and parameters: {'n_estimators': 100, 'max_depth': 5, 'gamma': 0.12810557331129335, 'subsample': 0.6807657686349444, 'colsample_bytree': 0.7866063294594918}. Best is trial 4 with value: 0.8333333333333334.
[I 2025-05-07 07:29:30,624] Trial 21 finished with value: 0.7833333333333333 and parameters: {'n_estimators': 40, 'max_depth': 5, 'gamma': 0.756960595023021, 'subsample': 0.7562938753482584, 'colsample_bytree': 0.6774005095750496}. Best is trial 4 with value: 0.8333333333333334.
[I 2025-05-07 07:29:30,663] Trial 22 finished with value: 0.7833333333333333 and parameters: {'n_estimators': 40, 'max_depth': 5, 'gamma': 0.9207491363563556, 'subsample': 0.8688813128797254, 'colsample_bytree': 0.5669818954429469}. Best is trial 4 with value: 0.8333333333333334.
[I 2025-05-07 07:29:30,698] Trial 23 finished with value: 0.7666666666666667 and parameters: {'n_estimators': 40, 'max_depth': 5, 'gamma': 0.5794385347653535, 'subsample': 0.6266815282286773, 'colsample_bytree': 0.6335215104388319}. Best is trial 4 with value: 0.8333333333333334.
[I 2025-05-07 07:29:30,732] Trial 24 finished with value: 0.7999999999999999 and parameters: {'n_estimators': 40, 'max_depth': 5, 'gamma': 0.8611678146144721, 'subsample': 0.7972774989656277, 'colsample_bytree': 0.7092741822346017}. Best is trial 4 with value: 0.8333333333333334.
[I 2025-05-07 07:29:30,765] Trial 25 finished with value: 0.7833333333333333 and parameters: {'n_estimators': 40, 'max_depth': 5, 'gamma': 0.7411198014356537, 'subsample': 0.7295098631694894, 'colsample_bytree': 0.5454853833939857}. Best is trial 4 with value: 0.8333333333333334.
[I 2025-05-07 07:29:30,799] Trial 26 finished with value: 0.7999999999999999 and parameters: {'n_estimators': 40, 'max_depth': 5, 'gamma': 0.6409515402608029, 'subsample': 0.7732221054798363, 'colsample_bytree': 0.6624198572108825}. Best is trial 4 with value: 0.8333333333333334.
[I 2025-05-07 07:29:30,850] Trial 27 finished with value: 0.7833333333333333 and parameters: {'n_estimators': 40, 'max_depth': 5, 'gamma': 0.9340567700504467, 'subsample': 0.852939134628969, 'colsample_bytree': 0.7446815452496218}. Best is trial 4 with value: 0.8333333333333334.
[I 2025-05-07 07:29:30,889] Trial 28 finished with value: 0.7999999999999999 and parameters: {'n_estimators': 10, 'max_depth': 30, 'gamma': 0.8016911751665144, 'subsample': 0.9575954285094112, 'colsample_bytree': 0.6012180883076251}. Best is trial 4 with value: 0.8333333333333334.
[I 2025-05-07 07:29:30,929] Trial 29 finished with value: 0.7666666666666667 and parameters: {'n_estimators': 100, 'max_depth': 20, 'gamma': 0.4988181784341517, 'subsample': 0.6600023234378012, 'colsample_bytree': 0.6521228228824443}. Best is trial 4 with value: 0.8333333333333334.
[I 2025-05-07 07:29:34,476] A new study created in memory with name: rf
Parámetros guardados en checkpoint_shoppers_Doriginal_Roriginal_C/random/IPC_30/best_models_random_seed_5_space_original/xgb_best_params.json


>>> Optuna tuning rf metodo random IPC 30 seed 5


[I 2025-05-07 07:29:35,696] Trial 0 finished with value: 0.7333333333333334 and parameters: {'n_estimators': 189, 'max_depth': 18, 'min_samples_split': 3, 'min_samples_leaf': 10}. Best is trial 0 with value: 0.7333333333333334.
[I 2025-05-07 07:29:36,065] Trial 1 finished with value: 0.7166666666666666 and parameters: {'n_estimators': 295, 'max_depth': 14, 'min_samples_split': 8, 'min_samples_leaf': 6}. Best is trial 0 with value: 0.7333333333333334.
[I 2025-05-07 07:29:36,346] Trial 2 finished with value: 0.7666666666666668 and parameters: {'n_estimators': 219, 'max_depth': 6, 'min_samples_split': 2, 'min_samples_leaf': 8}. Best is trial 2 with value: 0.7666666666666668.
[I 2025-05-07 07:29:36,698] Trial 3 finished with value: 0.6666666666666666 and parameters: {'n_estimators': 276, 'max_depth': 5, 'min_samples_split': 9, 'min_samples_leaf': 3}. Best is trial 2 with value: 0.7666666666666668.
[I 2025-05-07 07:29:37,056] Trial 4 finished with value: 0.75 and parameters: {'n_estimators': 266, 'max_depth': 8, 'min_samples_split': 7, 'min_samples_leaf': 6}. Best is trial 2 with value: 0.7666666666666668.
[I 2025-05-07 07:29:37,427] Trial 5 finished with value: 0.7333333333333334 and parameters: {'n_estimators': 340, 'max_depth': 7, 'min_samples_split': 4, 'min_samples_leaf': 3}. Best is trial 2 with value: 0.7666666666666668.
[I 2025-05-07 07:29:37,764] Trial 6 finished with value: 0.7500000000000001 and parameters: {'n_estimators': 231, 'max_depth': 5, 'min_samples_split': 3, 'min_samples_leaf': 10}. Best is trial 2 with value: 0.7666666666666668.
[I 2025-05-07 07:29:38,354] Trial 7 finished with value: 0.7166666666666666 and parameters: {'n_estimators': 485, 'max_depth': 6, 'min_samples_split': 2, 'min_samples_leaf': 3}. Best is trial 2 with value: 0.7666666666666668.
[I 2025-05-07 07:29:38,846] Trial 8 finished with value: 0.7333333333333334 and parameters: {'n_estimators': 380, 'max_depth': 17, 'min_samples_split': 2, 'min_samples_leaf': 6}. Best is trial 2 with value: 0.7666666666666668.
[I 2025-05-07 07:29:39,055] Trial 9 finished with value: 0.7333333333333334 and parameters: {'n_estimators': 100, 'max_depth': 12, 'min_samples_split': 7, 'min_samples_leaf': 10}. Best is trial 2 with value: 0.7666666666666668.
[I 2025-05-07 07:29:39,296] Trial 10 finished with value: 0.7333333333333333 and parameters: {'n_estimators': 156, 'max_depth': 3, 'min_samples_split': 5, 'min_samples_leaf': 8}. Best is trial 2 with value: 0.7666666666666668.
[I 2025-05-07 07:29:40,293] Trial 11 finished with value: 0.7666666666666666 and parameters: {'n_estimators': 215, 'max_depth': 10, 'min_samples_split': 4, 'min_samples_leaf': 8}. Best is trial 2 with value: 0.7666666666666668.
[I 2025-05-07 07:29:41,163] Trial 12 finished with value: 0.7166666666666666 and parameters: {'n_estimators': 184, 'max_depth': 10, 'min_samples_split': 5, 'min_samples_leaf': 8}. Best is trial 2 with value: 0.7666666666666668.
[I 2025-05-07 07:29:42,204] Trial 13 finished with value: 0.7166666666666667 and parameters: {'n_estimators': 377, 'max_depth': 10, 'min_samples_split': 4, 'min_samples_leaf': 8}. Best is trial 2 with value: 0.7666666666666668.
[I 2025-05-07 07:29:42,442] Trial 14 finished with value: 0.6833333333333333 and parameters: {'n_estimators': 142, 'max_depth': 13, 'min_samples_split': 2, 'min_samples_leaf': 1}. Best is trial 2 with value: 0.7666666666666668.
[I 2025-05-07 07:29:42,731] Trial 15 finished with value: 0.6666666666666666 and parameters: {'n_estimators': 227, 'max_depth': 9, 'min_samples_split': 5, 'min_samples_leaf': 8}. Best is trial 2 with value: 0.7666666666666668.
[I 2025-05-07 07:29:43,001] Trial 16 finished with value: 0.7333333333333334 and parameters: {'n_estimators': 225, 'max_depth': 15, 'min_samples_split': 10, 'min_samples_leaf': 7}. Best is trial 2 with value: 0.7666666666666668.
[I 2025-05-07 07:29:43,195] Trial 17 finished with value: 0.7166666666666667 and parameters: {'n_estimators': 107, 'max_depth': 3, 'min_samples_split': 3, 'min_samples_leaf': 9}. Best is trial 2 with value: 0.7666666666666668.
[I 2025-05-07 07:29:43,741] Trial 18 finished with value: 0.6833333333333333 and parameters: {'n_estimators': 488, 'max_depth': 11, 'min_samples_split': 4, 'min_samples_leaf': 5}. Best is trial 2 with value: 0.7666666666666668.
[I 2025-05-07 07:29:44,152] Trial 19 finished with value: 0.7166666666666666 and parameters: {'n_estimators': 337, 'max_depth': 8, 'min_samples_split': 6, 'min_samples_leaf': 5}. Best is trial 2 with value: 0.7666666666666668.
[I 2025-05-07 07:29:44,423] Trial 20 finished with value: 0.7333333333333333 and parameters: {'n_estimators': 195, 'max_depth': 16, 'min_samples_split': 3, 'min_samples_leaf': 7}. Best is trial 2 with value: 0.7666666666666668.
[I 2025-05-07 07:29:44,727] Trial 21 finished with value: 0.7 and parameters: {'n_estimators': 240, 'max_depth': 5, 'min_samples_split': 3, 'min_samples_leaf': 9}. Best is trial 2 with value: 0.7666666666666668.
[I 2025-05-07 07:29:45,031] Trial 22 finished with value: 0.7333333333333334 and parameters: {'n_estimators': 225, 'max_depth': 20, 'min_samples_split': 2, 'min_samples_leaf': 10}. Best is trial 2 with value: 0.7666666666666668.
[I 2025-05-07 07:29:45,256] Trial 23 finished with value: 0.75 and parameters: {'n_estimators': 156, 'max_depth': 5, 'min_samples_split': 4, 'min_samples_leaf': 9}. Best is trial 2 with value: 0.7666666666666668.
[I 2025-05-07 07:29:45,562] Trial 24 finished with value: 0.75 and parameters: {'n_estimators': 257, 'max_depth': 7, 'min_samples_split': 3, 'min_samples_leaf': 9}. Best is trial 2 with value: 0.7666666666666668.
[I 2025-05-07 07:29:45,929] Trial 25 finished with value: 0.7 and parameters: {'n_estimators': 307, 'max_depth': 4, 'min_samples_split': 6, 'min_samples_leaf': 7}. Best is trial 2 with value: 0.7666666666666668.
[I 2025-05-07 07:29:46,195] Trial 26 finished with value: 0.7 and parameters: {'n_estimators': 199, 'max_depth': 6, 'min_samples_split': 2, 'min_samples_leaf': 10}. Best is trial 2 with value: 0.7666666666666668.
[I 2025-05-07 07:29:46,394] Trial 27 finished with value: 0.7333333333333334 and parameters: {'n_estimators': 139, 'max_depth': 9, 'min_samples_split': 4, 'min_samples_leaf': 9}. Best is trial 2 with value: 0.7666666666666668.
[I 2025-05-07 07:29:46,756] Trial 28 finished with value: 0.7166666666666667 and parameters: {'n_estimators': 301, 'max_depth': 12, 'min_samples_split': 5, 'min_samples_leaf': 7}. Best is trial 2 with value: 0.7666666666666668.
[I 2025-05-07 07:29:46,981] Trial 29 finished with value: 0.75 and parameters: {'n_estimators': 183, 'max_depth': 7, 'min_samples_split': 3, 'min_samples_leaf': 10}. Best is trial 2 with value: 0.7666666666666668.
[I 2025-05-07 07:29:51,679] A new study created in memory with name: svc
Parámetros guardados en checkpoint_shoppers_Doriginal_Roriginal_C/random/IPC_30/best_models_random_seed_5_space_original/rf_best_params.json


>>> Optuna tuning svc metodo random IPC 30 seed 5


[I 2025-05-07 07:29:52,238] Trial 0 finished with value: 0.6333333333333333 and parameters: {'C': 0.07726319876517104, 'gamma': 0.3040389504793042}. Best is trial 0 with value: 0.6333333333333333.
[I 2025-05-07 07:29:52,253] Trial 1 finished with value: 0.5833333333333334 and parameters: {'C': 0.06712381339142241, 'gamma': 0.47254549996710477}. Best is trial 0 with value: 0.6333333333333333.
[I 2025-05-07 07:29:52,268] Trial 2 finished with value: 0.7500000000000001 and parameters: {'C': 0.8987621100554035, 'gamma': 0.027988231123708972}. Best is trial 2 with value: 0.7500000000000001.
[I 2025-05-07 07:29:52,281] Trial 3 finished with value: 0.6833333333333332 and parameters: {'C': 11.5779435007655, 'gamma': 0.011848734045499056}. Best is trial 2 with value: 0.7500000000000001.
[I 2025-05-07 07:29:52,293] Trial 4 finished with value: 0.6833333333333333 and parameters: {'C': 0.1538870258903583, 'gamma': 0.0005634883151169033}. Best is trial 2 with value: 0.7500000000000001.
[I 2025-05-07 07:29:52,316] Trial 5 finished with value: 0.7166666666666667 and parameters: {'C': 0.021036092656561454, 'gamma': 0.08990030906808326}. Best is trial 2 with value: 0.7500000000000001.
[I 2025-05-07 07:29:52,342] Trial 6 finished with value: 0.6833333333333333 and parameters: {'C': 0.5824208201678516, 'gamma': 0.00042977333932534993}. Best is trial 2 with value: 0.7500000000000001.
[I 2025-05-07 07:29:52,356] Trial 7 finished with value: 0.7333333333333333 and parameters: {'C': 33.09391330085814, 'gamma': 0.001248377256719358}. Best is trial 2 with value: 0.7500000000000001.
[I 2025-05-07 07:29:52,371] Trial 8 finished with value: 0.6833333333333333 and parameters: {'C': 0.45387898639622015, 'gamma': 0.0015286910781809498}. Best is trial 2 with value: 0.7500000000000001.
[I 2025-05-07 07:29:52,384] Trial 9 finished with value: 0.7333333333333333 and parameters: {'C': 3.274550070431994, 'gamma': 0.02086177421469992}. Best is trial 2 with value: 0.7500000000000001.
[I 2025-05-07 07:29:52,408] Trial 10 finished with value: 0.6666666666666666 and parameters: {'C': 3.454225646092145, 'gamma': 0.04920330178902686}. Best is trial 2 with value: 0.7500000000000001.
[I 2025-05-07 07:29:53,045] Trial 11 finished with value: 0.6833333333333333 and parameters: {'C': 86.56696084802483, 'gamma': 0.0031203943773379897}. Best is trial 2 with value: 0.7500000000000001.
[I 2025-05-07 07:29:53,693] Trial 12 finished with value: 0.7 and parameters: {'C': 93.54195262069706, 'gamma': 0.004023333967778063}. Best is trial 2 with value: 0.7500000000000001.
[I 2025-05-07 07:29:53,715] Trial 13 finished with value: 0.7333333333333334 and parameters: {'C': 16.43239873728866, 'gamma': 0.00018323629585262105}. Best is trial 2 with value: 0.7500000000000001.
[I 2025-05-07 07:29:53,737] Trial 14 finished with value: 0.7 and parameters: {'C': 1.4105032990956854, 'gamma': 0.00010410657631139162}. Best is trial 2 with value: 0.7500000000000001.
[I 2025-05-07 07:29:53,759] Trial 15 finished with value: 0.7 and parameters: {'C': 10.8287840061499, 'gamma': 0.0001009310491359461}. Best is trial 2 with value: 0.7500000000000001.
[I 2025-05-07 07:29:53,791] Trial 16 finished with value: 0.6499999999999999 and parameters: {'C': 11.492624749259317, 'gamma': 0.09358912741220991}. Best is trial 2 with value: 0.7500000000000001.
[I 2025-05-07 07:29:53,817] Trial 17 finished with value: 0.7333333333333333 and parameters: {'C': 2.787301644103932, 'gamma': 0.027502998238309952}. Best is trial 2 with value: 0.7500000000000001.
[I 2025-05-07 07:29:53,842] Trial 18 finished with value: 0.75 and parameters: {'C': 0.35001936375585424, 'gamma': 0.00658021011199685}. Best is trial 2 with value: 0.7500000000000001.
[I 2025-05-07 07:29:53,874] Trial 19 finished with value: 0.75 and parameters: {'C': 0.010367063426009605, 'gamma': 0.005571147064807544}. Best is trial 2 with value: 0.7500000000000001.
[I 2025-05-07 07:29:53,909] Trial 20 finished with value: 0.55 and parameters: {'C': 0.2338887802750521, 'gamma': 0.9523572042255686}. Best is trial 2 with value: 0.7500000000000001.
[I 2025-05-07 07:29:53,944] Trial 21 finished with value: 0.7333333333333334 and parameters: {'C': 0.011071473630469288, 'gamma': 0.005033339350218376}. Best is trial 2 with value: 0.7500000000000001.
[I 2025-05-07 07:29:53,968] Trial 22 finished with value: 0.75 and parameters: {'C': 0.05052281719684317, 'gamma': 0.0083520049977346}. Best is trial 2 with value: 0.7500000000000001.
[I 2025-05-07 07:29:54,000] Trial 23 finished with value: 0.7500000000000001 and parameters: {'C': 1.181222653426908, 'gamma': 0.015972284349141542}. Best is trial 2 with value: 0.7500000000000001.
[I 2025-05-07 07:29:54,033] Trial 24 finished with value: 0.7333333333333335 and parameters: {'C': 1.469568211152486, 'gamma': 0.016365931188425966}. Best is trial 2 with value: 0.7500000000000001.
[I 2025-05-07 07:29:54,056] Trial 25 finished with value: 0.7500000000000001 and parameters: {'C': 0.5395192250292479, 'gamma': 0.04871945040339931}. Best is trial 2 with value: 0.7500000000000001.
[I 2025-05-07 07:29:54,087] Trial 26 finished with value: 0.7333333333333333 and parameters: {'C': 0.6901279837966364, 'gamma': 0.13714936432771413}. Best is trial 2 with value: 0.7500000000000001.
[I 2025-05-07 07:29:54,123] Trial 27 finished with value: 0.7500000000000001 and parameters: {'C': 1.2838454931368177, 'gamma': 0.045694003056011276}. Best is trial 2 with value: 0.7500000000000001.
[I 2025-05-07 07:29:54,144] Trial 28 finished with value: 0.7666666666666667 and parameters: {'C': 0.16640815956251656, 'gamma': 0.0428159324575672}. Best is trial 28 with value: 0.7666666666666667.
[I 2025-05-07 07:29:54,175] Trial 29 finished with value: 0.6666666666666667 and parameters: {'C': 0.1588291459301297, 'gamma': 0.1827576700905745}. Best is trial 28 with value: 0.7666666666666667.
[I 2025-05-07 07:29:57,127] A new study created in memory with name: logreg
Parámetros guardados en checkpoint_shoppers_Doriginal_Roriginal_C/random/IPC_30/best_models_random_seed_5_space_original/svc_best_params.json


>>> Optuna tuning logreg metodo random IPC 30 seed 5


[I 2025-05-07 07:29:59,060] Trial 0 finished with value: 0.7333333333333332 and parameters: {'C': 0.012881482725481003, 'penalty': 'l2'}. Best is trial 0 with value: 0.7333333333333332.
[I 2025-05-07 07:29:59,143] Trial 1 finished with value: 0.6333333333333333 and parameters: {'C': 22.576755560681583, 'penalty': 'l2'}. Best is trial 0 with value: 0.7333333333333332.
[I 2025-05-07 07:29:59,172] Trial 2 finished with value: 0.7333333333333332 and parameters: {'C': 0.010804278656839932, 'penalty': 'l2'}. Best is trial 0 with value: 0.7333333333333332.
[I 2025-05-07 07:29:59,198] Trial 3 finished with value: 0.6166666666666667 and parameters: {'C': 39.17910760336117, 'penalty': 'l2'}. Best is trial 0 with value: 0.7333333333333332.
[I 2025-05-07 07:29:59,213] Trial 4 finished with value: 0.75 and parameters: {'C': 0.2767298094062571, 'penalty': 'l2'}. Best is trial 4 with value: 0.75.
[I 2025-05-07 07:29:59,236] Trial 5 finished with value: 0.7333333333333334 and parameters: {'C': 1.1447728330837224, 'penalty': 'l2'}. Best is trial 4 with value: 0.75.
[I 2025-05-07 07:29:59,260] Trial 6 finished with value: 0.6833333333333333 and parameters: {'C': 6.753661388238877, 'penalty': 'l2'}. Best is trial 4 with value: 0.75.
[I 2025-05-07 07:29:59,285] Trial 7 finished with value: 0.7333333333333334 and parameters: {'C': 0.39092184460352974, 'penalty': 'l2'}. Best is trial 4 with value: 0.75.
[I 2025-05-07 07:29:59,309] Trial 8 finished with value: 0.7166666666666666 and parameters: {'C': 0.03047912590082646, 'penalty': 'l2'}. Best is trial 4 with value: 0.75.
[I 2025-05-07 07:29:59,334] Trial 9 finished with value: 0.7333333333333332 and parameters: {'C': 0.008681727362499118, 'penalty': 'l2'}. Best is trial 4 with value: 0.75.
[I 2025-05-07 07:29:59,366] Trial 10 finished with value: 0.7166666666666666 and parameters: {'C': 0.0010280973566261366, 'penalty': 'l2'}. Best is trial 4 with value: 0.75.
[I 2025-05-07 07:30:00,033] Trial 11 finished with value: 0.7333333333333334 and parameters: {'C': 0.8166723998125255, 'penalty': 'l2'}. Best is trial 4 with value: 0.75.
[I 2025-05-07 07:30:00,693] Trial 12 finished with value: 0.7 and parameters: {'C': 3.0008528567770343, 'penalty': 'l2'}. Best is trial 4 with value: 0.75.
[I 2025-05-07 07:30:00,722] Trial 13 finished with value: 0.7166666666666666 and parameters: {'C': 0.07766946399864949, 'penalty': 'l2'}. Best is trial 4 with value: 0.75.
[I 2025-05-07 07:30:00,749] Trial 14 finished with value: 0.7166666666666666 and parameters: {'C': 1.6261269399957798, 'penalty': 'l2'}. Best is trial 4 with value: 0.75.
[I 2025-05-07 07:30:00,767] Trial 15 finished with value: 0.7166666666666666 and parameters: {'C': 0.13894514177268197, 'penalty': 'l2'}. Best is trial 4 with value: 0.75.
[I 2025-05-07 07:30:00,794] Trial 16 finished with value: 0.6666666666666667 and parameters: {'C': 7.314713432771778, 'penalty': 'l2'}. Best is trial 4 with value: 0.75.
[I 2025-05-07 07:30:00,832] Trial 17 finished with value: 0.6 and parameters: {'C': 95.84891100169526, 'penalty': 'l2'}. Best is trial 4 with value: 0.75.
[I 2025-05-07 07:30:01,498] Trial 18 finished with value: 0.75 and parameters: {'C': 0.26909520614121085, 'penalty': 'l2'}. Best is trial 4 with value: 0.75.
[I 2025-05-07 07:30:01,520] Trial 19 finished with value: 0.75 and parameters: {'C': 0.26500821954977627, 'penalty': 'l2'}. Best is trial 4 with value: 0.75.
[I 2025-05-07 07:30:02,177] Trial 20 finished with value: 0.7166666666666666 and parameters: {'C': 0.06536725463716916, 'penalty': 'l2'}. Best is trial 4 with value: 0.75.
[I 2025-05-07 07:30:02,210] Trial 21 finished with value: 0.7333333333333334 and parameters: {'C': 0.24774918638264232, 'penalty': 'l2'}. Best is trial 4 with value: 0.75.
[I 2025-05-07 07:30:02,238] Trial 22 finished with value: 0.7333333333333334 and parameters: {'C': 0.3513364448566237, 'penalty': 'l2'}. Best is trial 4 with value: 0.75.
[I 2025-05-07 07:30:02,258] Trial 23 finished with value: 0.7166666666666666 and parameters: {'C': 0.03410673946353533, 'penalty': 'l2'}. Best is trial 4 with value: 0.75.
[I 2025-05-07 07:30:02,273] Trial 24 finished with value: 0.7166666666666666 and parameters: {'C': 0.14724747877888544, 'penalty': 'l2'}. Best is trial 4 with value: 0.75.
[I 2025-05-07 07:30:02,308] Trial 25 finished with value: 0.7333333333333334 and parameters: {'C': 0.6913574043968617, 'penalty': 'l2'}. Best is trial 4 with value: 0.75.
[I 2025-05-07 07:30:02,336] Trial 26 finished with value: 0.7 and parameters: {'C': 3.000366840413488, 'penalty': 'l2'}. Best is trial 4 with value: 0.75.
[I 2025-05-07 07:30:02,367] Trial 27 finished with value: 0.7166666666666666 and parameters: {'C': 0.0021037548799768095, 'penalty': 'l2'}. Best is trial 4 with value: 0.75.
[I 2025-05-07 07:30:02,388] Trial 28 finished with value: 0.7333333333333334 and parameters: {'C': 0.17365616298253034, 'penalty': 'l2'}. Best is trial 4 with value: 0.75.
