[I 2025-05-07 07:34:59,354] Trial 0 finished with value: 0.7833333333333332 and parameters: {'n_estimators': 100, 'max_depth': 5, 'gamma': 0.1115027331315478, 'subsample': 0.7436858036599359, 'colsample_bytree': 0.9709033261716831}. Best is trial 0 with value: 0.7833333333333332.
/data/home/rtabares/anaconda3/envs/pyth3.12/lib/python3.12/site-packages/xgboost/core.py:377: FutureWarning: Your system has an old version of glibc (< 2.28). We will stop supporting Linux distros with glibc older than 2.28 after **May 31, 2025**. Please upgrade to a recent Linux distro (with glibc >= 2.28) to use future versions of XGBoost.
Note: You have installed the 'manylinux2014' variant of XGBoost. Certain features such as GPU algorithms or federated learning are not available. To use these features, please upgrade to a recent Linux distro with glibc 2.28+, and install the 'manylinux_2_28' variant.
  warnings.warn(
/data/home/rtabares/anaconda3/envs/pyth3.12/lib/python3.12/site-packages/xgboost/core.py:377: FutureWarning: Your system has an old version of glibc (< 2.28). We will stop supporting Linux distros with glibc older than 2.28 after **May 31, 2025**. Please upgrade to a recent Linux distro (with glibc >= 2.28) to use future versions of XGBoost.
Note: You have installed the 'manylinux2014' variant of XGBoost. Certain features such as GPU algorithms or federated learning are not available. To use these features, please upgrade to a recent Linux distro with glibc 2.28+, and install the 'manylinux_2_28' variant.
  warnings.warn(
/data/home/rtabares/anaconda3/envs/pyth3.12/lib/python3.12/site-packages/xgboost/core.py:377: FutureWarning: Your system has an old version of glibc (< 2.28). We will stop supporting Linux distros with glibc older than 2.28 after **May 31, 2025**. Please upgrade to a recent Linux distro (with glibc >= 2.28) to use future versions of XGBoost.
Note: You have installed the 'manylinux2014' variant of XGBoost. Certain features such as GPU algorithms or federated learning are not available. To use these features, please upgrade to a recent Linux distro with glibc 2.28+, and install the 'manylinux_2_28' variant.
  warnings.warn(
[I 2025-05-07 07:34:59,480] Trial 1 finished with value: 0.75 and parameters: {'n_estimators': 10, 'max_depth': 5, 'gamma': 0.6691006124411465, 'subsample': 0.5102418063956163, 'colsample_bytree': 0.5583686343900081}. Best is trial 0 with value: 0.7833333333333332.
/data/home/rtabares/anaconda3/envs/pyth3.12/lib/python3.12/site-packages/xgboost/core.py:377: FutureWarning: Your system has an old version of glibc (< 2.28). We will stop supporting Linux distros with glibc older than 2.28 after **May 31, 2025**. Please upgrade to a recent Linux distro (with glibc >= 2.28) to use future versions of XGBoost.
Note: You have installed the 'manylinux2014' variant of XGBoost. Certain features such as GPU algorithms or federated learning are not available. To use these features, please upgrade to a recent Linux distro with glibc 2.28+, and install the 'manylinux_2_28' variant.
  warnings.warn(
/data/home/rtabares/anaconda3/envs/pyth3.12/lib/python3.12/site-packages/xgboost/core.py:377: FutureWarning: Your system has an old version of glibc (< 2.28). We will stop supporting Linux distros with glibc older than 2.28 after **May 31, 2025**. Please upgrade to a recent Linux distro (with glibc >= 2.28) to use future versions of XGBoost.
Note: You have installed the 'manylinux2014' variant of XGBoost. Certain features such as GPU algorithms or federated learning are not available. To use these features, please upgrade to a recent Linux distro with glibc 2.28+, and install the 'manylinux_2_28' variant.
  warnings.warn(
/data/home/rtabares/anaconda3/envs/pyth3.12/lib/python3.12/site-packages/xgboost/core.py:377: FutureWarning: Your system has an old version of glibc (< 2.28). We will stop supporting Linux distros with glibc older than 2.28 after **May 31, 2025**. Please upgrade to a recent Linux distro (with glibc >= 2.28) to use future versions of XGBoost.
Note: You have installed the 'manylinux2014' variant of XGBoost. Certain features such as GPU algorithms or federated learning are not available. To use these features, please upgrade to a recent Linux distro with glibc 2.28+, and install the 'manylinux_2_28' variant.
  warnings.warn(
[I 2025-05-07 07:34:59,539] Trial 2 finished with value: 0.7499999999999999 and parameters: {'n_estimators': 100, 'max_depth': 5, 'gamma': 0.20049510879519433, 'subsample': 0.5419765716610285, 'colsample_bytree': 0.8563629678444215}. Best is trial 0 with value: 0.7833333333333332.
/data/home/rtabares/anaconda3/envs/pyth3.12/lib/python3.12/site-packages/xgboost/core.py:377: FutureWarning: Your system has an old version of glibc (< 2.28). We will stop supporting Linux distros with glibc older than 2.28 after **May 31, 2025**. Please upgrade to a recent Linux distro (with glibc >= 2.28) to use future versions of XGBoost.
Note: You have installed the 'manylinux2014' variant of XGBoost. Certain features such as GPU algorithms or federated learning are not available. To use these features, please upgrade to a recent Linux distro with glibc 2.28+, and install the 'manylinux_2_28' variant.
  warnings.warn(
[I 2025-05-07 07:34:59,578] Trial 3 finished with value: 0.8166666666666667 and parameters: {'n_estimators': 10, 'max_depth': 20, 'gamma': 0.6418576461239421, 'subsample': 0.7761919107527486, 'colsample_bytree': 0.9745511988733188}. Best is trial 3 with value: 0.8166666666666667.
/data/home/rtabares/anaconda3/envs/pyth3.12/lib/python3.12/site-packages/xgboost/core.py:377: FutureWarning: Your system has an old version of glibc (< 2.28). We will stop supporting Linux distros with glibc older than 2.28 after **May 31, 2025**. Please upgrade to a recent Linux distro (with glibc >= 2.28) to use future versions of XGBoost.
Note: You have installed the 'manylinux2014' variant of XGBoost. Certain features such as GPU algorithms or federated learning are not available. To use these features, please upgrade to a recent Linux distro with glibc 2.28+, and install the 'manylinux_2_28' variant.
  warnings.warn(
/data/home/rtabares/anaconda3/envs/pyth3.12/lib/python3.12/site-packages/xgboost/core.py:377: FutureWarning: Your system has an old version of glibc (< 2.28). We will stop supporting Linux distros with glibc older than 2.28 after **May 31, 2025**. Please upgrade to a recent Linux distro (with glibc >= 2.28) to use future versions of XGBoost.
Note: You have installed the 'manylinux2014' variant of XGBoost. Certain features such as GPU algorithms or federated learning are not available. To use these features, please upgrade to a recent Linux distro with glibc 2.28+, and install the 'manylinux_2_28' variant.
  warnings.warn(
/data/home/rtabares/anaconda3/envs/pyth3.12/lib/python3.12/site-packages/xgboost/core.py:377: FutureWarning: Your system has an old version of glibc (< 2.28). We will stop supporting Linux distros with glibc older than 2.28 after **May 31, 2025**. Please upgrade to a recent Linux distro (with glibc >= 2.28) to use future versions of XGBoost.
Note: You have installed the 'manylinux2014' variant of XGBoost. Certain features such as GPU algorithms or federated learning are not available. To use these features, please upgrade to a recent Linux distro with glibc 2.28+, and install the 'manylinux_2_28' variant.
  warnings.warn(
[I 2025-05-07 07:34:59,617] Trial 4 finished with value: 0.7666666666666668 and parameters: {'n_estimators': 10, 'max_depth': 5, 'gamma': 0.16302052236205222, 'subsample': 0.659683853525455, 'colsample_bytree': 0.5351912975534785}. Best is trial 3 with value: 0.8166666666666667.
/data/home/rtabares/anaconda3/envs/pyth3.12/lib/python3.12/site-packages/xgboost/core.py:377: FutureWarning: Your system has an old version of glibc (< 2.28). We will stop supporting Linux distros with glibc older than 2.28 after **May 31, 2025**. Please upgrade to a recent Linux distro (with glibc >= 2.28) to use future versions of XGBoost.
Note: You have installed the 'manylinux2014' variant of XGBoost. Certain features such as GPU algorithms or federated learning are not available. To use these features, please upgrade to a recent Linux distro with glibc 2.28+, and install the 'manylinux_2_28' variant.
  warnings.warn(
[I 2025-05-07 07:34:59,666] Trial 5 finished with value: 0.7666666666666666 and parameters: {'n_estimators': 100, 'max_depth': 5, 'gamma': 0.4253351879828816, 'subsample': 0.5844086492927264, 'colsample_bytree': 0.7181204668325805}. Best is trial 3 with value: 0.8166666666666667.
/data/home/rtabares/anaconda3/envs/pyth3.12/lib/python3.12/site-packages/xgboost/core.py:377: FutureWarning: Your system has an old version of glibc (< 2.28). We will stop supporting Linux distros with glibc older than 2.28 after **May 31, 2025**. Please upgrade to a recent Linux distro (with glibc >= 2.28) to use future versions of XGBoost.
Note: You have installed the 'manylinux2014' variant of XGBoost. Certain features such as GPU algorithms or federated learning are not available. To use these features, please upgrade to a recent Linux distro with glibc 2.28+, and install the 'manylinux_2_28' variant.
  warnings.warn(
[I 2025-05-07 07:34:59,704] Trial 6 finished with value: 0.8333333333333334 and parameters: {'n_estimators': 10, 'max_depth': 5, 'gamma': 0.7612009488140515, 'subsample': 0.9664523135936729, 'colsample_bytree': 0.7001642164609042}. Best is trial 6 with value: 0.8333333333333334.
/data/home/rtabares/anaconda3/envs/pyth3.12/lib/python3.12/site-packages/xgboost/core.py:377: FutureWarning: Your system has an old version of glibc (< 2.28). We will stop supporting Linux distros with glibc older than 2.28 after **May 31, 2025**. Please upgrade to a recent Linux distro (with glibc >= 2.28) to use future versions of XGBoost.
Note: You have installed the 'manylinux2014' variant of XGBoost. Certain features such as GPU algorithms or federated learning are not available. To use these features, please upgrade to a recent Linux distro with glibc 2.28+, and install the 'manylinux_2_28' variant.
  warnings.warn(
/data/home/rtabares/anaconda3/envs/pyth3.12/lib/python3.12/site-packages/xgboost/core.py:377: FutureWarning: Your system has an old version of glibc (< 2.28). We will stop supporting Linux distros with glibc older than 2.28 after **May 31, 2025**. Please upgrade to a recent Linux distro (with glibc >= 2.28) to use future versions of XGBoost.
Note: You have installed the 'manylinux2014' variant of XGBoost. Certain features such as GPU algorithms or federated learning are not available. To use these features, please upgrade to a recent Linux distro with glibc 2.28+, and install the 'manylinux_2_28' variant.
  warnings.warn(
/data/home/rtabares/anaconda3/envs/pyth3.12/lib/python3.12/site-packages/xgboost/core.py:377: FutureWarning: Your system has an old version of glibc (< 2.28). We will stop supporting Linux distros with glibc older than 2.28 after **May 31, 2025**. Please upgrade to a recent Linux distro (with glibc >= 2.28) to use future versions of XGBoost.
Note: You have installed the 'manylinux2014' variant of XGBoost. Certain features such as GPU algorithms or federated learning are not available. To use these features, please upgrade to a recent Linux distro with glibc 2.28+, and install the 'manylinux_2_28' variant.
  warnings.warn(
/data/home/rtabares/anaconda3/envs/pyth3.12/lib/python3.12/site-packages/xgboost/core.py:377: FutureWarning: Your system has an old version of glibc (< 2.28). We will stop supporting Linux distros with glibc older than 2.28 after **May 31, 2025**. Please upgrade to a recent Linux distro (with glibc >= 2.28) to use future versions of XGBoost.
Note: You have installed the 'manylinux2014' variant of XGBoost. Certain features such as GPU algorithms or federated learning are not available. To use these features, please upgrade to a recent Linux distro with glibc 2.28+, and install the 'manylinux_2_28' variant.
  warnings.warn(
/data/home/rtabares/anaconda3/envs/pyth3.12/lib/python3.12/site-packages/xgboost/core.py:377: FutureWarning: Your system has an old version of glibc (< 2.28). We will stop supporting Linux distros with glibc older than 2.28 after **May 31, 2025**. Please upgrade to a recent Linux distro (with glibc >= 2.28) to use future versions of XGBoost.
Note: You have installed the 'manylinux2014' variant of XGBoost. Certain features such as GPU algorithms or federated learning are not available. To use these features, please upgrade to a recent Linux distro with glibc 2.28+, and install the 'manylinux_2_28' variant.
  warnings.warn(
[I 2025-05-07 07:34:59,763] Trial 7 finished with value: 0.7833333333333334 and parameters: {'n_estimators': 40, 'max_depth': 20, 'gamma': 0.9616996475433596, 'subsample': 0.6669372107255462, 'colsample_bytree': 0.8691263114243365}. Best is trial 6 with value: 0.8333333333333334.
[I 2025-05-07 07:34:59,790] Trial 8 finished with value: 0.8333333333333334 and parameters: {'n_estimators': 10, 'max_depth': 20, 'gamma': 0.11740902606841837, 'subsample': 0.8798247337760867, 'colsample_bytree': 0.7263795822459989}. Best is trial 6 with value: 0.8333333333333334.
/data/home/rtabares/anaconda3/envs/pyth3.12/lib/python3.12/site-packages/xgboost/core.py:377: FutureWarning: Your system has an old version of glibc (< 2.28). We will stop supporting Linux distros with glibc older than 2.28 after **May 31, 2025**. Please upgrade to a recent Linux distro (with glibc >= 2.28) to use future versions of XGBoost.
Note: You have installed the 'manylinux2014' variant of XGBoost. Certain features such as GPU algorithms or federated learning are not available. To use these features, please upgrade to a recent Linux distro with glibc 2.28+, and install the 'manylinux_2_28' variant.
  warnings.warn(
[I 2025-05-07 07:34:59,837] Trial 9 finished with value: 0.7500000000000001 and parameters: {'n_estimators': 40, 'max_depth': 30, 'gamma': 0.8497336677259847, 'subsample': 0.8671064936526764, 'colsample_bytree': 0.9376472900118414}. Best is trial 6 with value: 0.8333333333333334.
[I 2025-05-07 07:34:59,876] Trial 10 finished with value: 0.8333333333333334 and parameters: {'n_estimators': 10, 'max_depth': 30, 'gamma': 0.4342931353901701, 'subsample': 0.9884654684585471, 'colsample_bytree': 0.6348308598465852}. Best is trial 6 with value: 0.8333333333333334.
/data/home/rtabares/anaconda3/envs/pyth3.12/lib/python3.12/site-packages/xgboost/core.py:377: FutureWarning: Your system has an old version of glibc (< 2.28). We will stop supporting Linux distros with glibc older than 2.28 after **May 31, 2025**. Please upgrade to a recent Linux distro (with glibc >= 2.28) to use future versions of XGBoost.
Note: You have installed the 'manylinux2014' variant of XGBoost. Certain features such as GPU algorithms or federated learning are not available. To use these features, please upgrade to a recent Linux distro with glibc 2.28+, and install the 'manylinux_2_28' variant.
  warnings.warn(
[I 2025-05-07 07:35:00,563] Trial 11 finished with value: 0.8333333333333334 and parameters: {'n_estimators': 10, 'max_depth': 20, 'gamma': 0.805636082947366, 'subsample': 0.9801434275224761, 'colsample_bytree': 0.7169064600474925}. Best is trial 6 with value: 0.8333333333333334.
/data/home/rtabares/anaconda3/envs/pyth3.12/lib/python3.12/site-packages/xgboost/core.py:377: FutureWarning: Your system has an old version of glibc (< 2.28). We will stop supporting Linux distros with glibc older than 2.28 after **May 31, 2025**. Please upgrade to a recent Linux distro (with glibc >= 2.28) to use future versions of XGBoost.
Note: You have installed the 'manylinux2014' variant of XGBoost. Certain features such as GPU algorithms or federated learning are not available. To use these features, please upgrade to a recent Linux distro with glibc 2.28+, and install the 'manylinux_2_28' variant.
  warnings.warn(
[I 2025-05-07 07:35:01,205] Trial 12 finished with value: 0.7833333333333332 and parameters: {'n_estimators': 10, 'max_depth': 20, 'gamma': 0.36634929887594053, 'subsample': 0.8837788479940085, 'colsample_bytree': 0.7845255106707846}. Best is trial 6 with value: 0.8333333333333334.
[I 2025-05-07 07:35:01,243] Trial 13 finished with value: 0.7833333333333334 and parameters: {'n_estimators': 10, 'max_depth': 20, 'gamma': 0.5801031396617646, 'subsample': 0.8946788615989659, 'colsample_bytree': 0.6205850378096607}. Best is trial 6 with value: 0.8333333333333334.
[I 2025-05-07 07:35:01,283] Trial 14 finished with value: 0.8333333333333334 and parameters: {'n_estimators': 10, 'max_depth': 30, 'gamma': 0.7763755760421087, 'subsample': 0.931535955261597, 'colsample_bytree': 0.7786932352190041}. Best is trial 6 with value: 0.8333333333333334.
/data/home/rtabares/anaconda3/envs/pyth3.12/lib/python3.12/site-packages/xgboost/core.py:377: FutureWarning: Your system has an old version of glibc (< 2.28). We will stop supporting Linux distros with glibc older than 2.28 after **May 31, 2025**. Please upgrade to a recent Linux distro (with glibc >= 2.28) to use future versions of XGBoost.
Note: You have installed the 'manylinux2014' variant of XGBoost. Certain features such as GPU algorithms or federated learning are not available. To use these features, please upgrade to a recent Linux distro with glibc 2.28+, and install the 'manylinux_2_28' variant.
  warnings.warn(
[I 2025-05-07 07:35:01,955] Trial 15 finished with value: 0.8 and parameters: {'n_estimators': 40, 'max_depth': 5, 'gamma': 0.27948674048990774, 'subsample': 0.8152004203054816, 'colsample_bytree': 0.6418515785651387}. Best is trial 6 with value: 0.8333333333333334.
/data/home/rtabares/anaconda3/envs/pyth3.12/lib/python3.12/site-packages/xgboost/core.py:377: FutureWarning: Your system has an old version of glibc (< 2.28). We will stop supporting Linux distros with glibc older than 2.28 after **May 31, 2025**. Please upgrade to a recent Linux distro (with glibc >= 2.28) to use future versions of XGBoost.
Note: You have installed the 'manylinux2014' variant of XGBoost. Certain features such as GPU algorithms or federated learning are not available. To use these features, please upgrade to a recent Linux distro with glibc 2.28+, and install the 'manylinux_2_28' variant.
  warnings.warn(
[I 2025-05-07 07:35:02,587] Trial 16 finished with value: 0.8166666666666667 and parameters: {'n_estimators': 10, 'max_depth': 20, 'gamma': 0.9927827733069308, 'subsample': 0.8268545821393828, 'colsample_bytree': 0.6922414117214761}. Best is trial 6 with value: 0.8333333333333334.
/data/home/rtabares/anaconda3/envs/pyth3.12/lib/python3.12/site-packages/xgboost/core.py:377: FutureWarning: Your system has an old version of glibc (< 2.28). We will stop supporting Linux distros with glibc older than 2.28 after **May 31, 2025**. Please upgrade to a recent Linux distro (with glibc >= 2.28) to use future versions of XGBoost.
Note: You have installed the 'manylinux2014' variant of XGBoost. Certain features such as GPU algorithms or federated learning are not available. To use these features, please upgrade to a recent Linux distro with glibc 2.28+, and install the 'manylinux_2_28' variant.
  warnings.warn(
[I 2025-05-07 07:35:03,284] Trial 17 finished with value: 0.8166666666666667 and parameters: {'n_estimators': 10, 'max_depth': 20, 'gamma': 0.515250298423742, 'subsample': 0.9432982988485596, 'colsample_bytree': 0.8288195576296425}. Best is trial 6 with value: 0.8333333333333334.
[I 2025-05-07 07:35:03,340] Trial 18 finished with value: 0.8 and parameters: {'n_estimators': 40, 'max_depth': 5, 'gamma': 0.7023516671435369, 'subsample': 0.9322120285704982, 'colsample_bytree': 0.6720317385961004}. Best is trial 6 with value: 0.8333333333333334.
[I 2025-05-07 07:35:03,399] Trial 19 finished with value: 0.7333333333333333 and parameters: {'n_estimators': 100, 'max_depth': 30, 'gamma': 0.8910874885611808, 'subsample': 0.7300125746702255, 'colsample_bytree': 0.5725569355042062}. Best is trial 6 with value: 0.8333333333333334.
[I 2025-05-07 07:35:03,438] Trial 20 finished with value: 0.85 and parameters: {'n_estimators': 10, 'max_depth': 20, 'gamma': 0.27508972590106284, 'subsample': 0.847321851672969, 'colsample_bytree': 0.7457006896552126}. Best is trial 20 with value: 0.85.
[I 2025-05-07 07:35:03,479] Trial 21 finished with value: 0.8166666666666667 and parameters: {'n_estimators': 10, 'max_depth': 20, 'gamma': 0.284137558278817, 'subsample': 0.8398232355340642, 'colsample_bytree': 0.7519032330948735}. Best is trial 20 with value: 0.85.
[I 2025-05-07 07:35:03,519] Trial 22 finished with value: 0.8 and parameters: {'n_estimators': 10, 'max_depth': 20, 'gamma': 0.29509660385378567, 'subsample': 0.7876762149768671, 'colsample_bytree': 0.8132612546692903}. Best is trial 20 with value: 0.85.
[I 2025-05-07 07:35:03,561] Trial 23 finished with value: 0.8166666666666668 and parameters: {'n_estimators': 10, 'max_depth': 20, 'gamma': 0.19615598123401373, 'subsample': 0.9188587449034652, 'colsample_bytree': 0.7402424391878003}. Best is trial 20 with value: 0.85.
[I 2025-05-07 07:35:03,601] Trial 24 finished with value: 0.8333333333333334 and parameters: {'n_estimators': 10, 'max_depth': 20, 'gamma': 0.1188010548792304, 'subsample': 0.8642024658033184, 'colsample_bytree': 0.6827998927459021}. Best is trial 20 with value: 0.85.
[I 2025-05-07 07:35:03,639] Trial 25 finished with value: 0.8166666666666667 and parameters: {'n_estimators': 10, 'max_depth': 5, 'gamma': 0.5142996801437232, 'subsample': 0.966500263879175, 'colsample_bytree': 0.6015404317485822}. Best is trial 20 with value: 0.85.
[I 2025-05-07 07:35:03,678] Trial 26 finished with value: 0.8 and parameters: {'n_estimators': 10, 'max_depth': 20, 'gamma': 0.3553980309966925, 'subsample': 0.8978489329205201, 'colsample_bytree': 0.7700472442202072}. Best is trial 20 with value: 0.85.
