[I 2025-05-07 07:39:02,733] Trial 12 finished with value: 0.7166666666666666 and parameters: {'C': 71.02384992239132, 'gamma': 0.004139136126033286}. Best is trial 5 with value: 0.7666666666666667.
[I 2025-05-07 07:39:02,769] Trial 13 finished with value: 0.7166666666666667 and parameters: {'C': 21.42086008999608, 'gamma': 0.05892084674023986}. Best is trial 5 with value: 0.7666666666666667.
[I 2025-05-07 07:39:02,792] Trial 14 finished with value: 0.6833333333333333 and parameters: {'C': 1.4374311979923693, 'gamma': 0.0003157157857256704}. Best is trial 5 with value: 0.7666666666666667.
[I 2025-05-07 07:39:02,819] Trial 15 finished with value: 0.7999999999999999 and parameters: {'C': 5.6509102273638705, 'gamma': 0.005039680533305521}. Best is trial 15 with value: 0.7999999999999999.
[I 2025-05-07 07:39:02,839] Trial 16 finished with value: 0.7999999999999999 and parameters: {'C': 4.664534278681414, 'gamma': 0.006469546046922188}. Best is trial 15 with value: 0.7999999999999999.
[I 2025-05-07 07:39:03,474] Trial 17 finished with value: 0.6833333333333333 and parameters: {'C': 4.161824246014021, 'gamma': 0.0833794446714943}. Best is trial 15 with value: 0.7999999999999999.
[I 2025-05-07 07:39:04,107] Trial 18 finished with value: 0.6166666666666666 and parameters: {'C': 0.44051980540615515, 'gamma': 0.007027804822700221}. Best is trial 15 with value: 0.7999999999999999.
[I 2025-05-07 07:39:04,131] Trial 19 finished with value: 0.5333333333333334 and parameters: {'C': 0.594592549771435, 'gamma': 0.6789869022140763}. Best is trial 15 with value: 0.7999999999999999.
[I 2025-05-07 07:39:04,861] Trial 20 finished with value: 0.7333333333333333 and parameters: {'C': 7.87635850728533, 'gamma': 0.0224040599043718}. Best is trial 15 with value: 0.7999999999999999.
[I 2025-05-07 07:39:04,895] Trial 21 finished with value: 0.7666666666666667 and parameters: {'C': 28.53857583146822, 'gamma': 0.002358327372288518}. Best is trial 15 with value: 0.7999999999999999.
[I 2025-05-07 07:39:05,576] Trial 22 finished with value: 0.7666666666666667 and parameters: {'C': 7.348693972074674, 'gamma': 0.007624103985224799}. Best is trial 15 with value: 0.7999999999999999.
[I 2025-05-07 07:39:05,600] Trial 23 finished with value: 0.7833333333333333 and parameters: {'C': 1.9185253669437448, 'gamma': 0.005501954092602677}. Best is trial 15 with value: 0.7999999999999999.
[I 2025-05-07 07:39:05,631] Trial 24 finished with value: 0.7833333333333333 and parameters: {'C': 2.0230156014469216, 'gamma': 0.016258191564962256}. Best is trial 15 with value: 0.7999999999999999.
[I 2025-05-07 07:39:05,666] Trial 25 finished with value: 0.7499999999999999 and parameters: {'C': 3.716288345684352, 'gamma': 0.004778388851276204}. Best is trial 15 with value: 0.7999999999999999.
[I 2025-05-07 07:39:05,688] Trial 26 finished with value: 0.7666666666666665 and parameters: {'C': 0.4320654999895645, 'gamma': 0.04446548708445447}. Best is trial 15 with value: 0.7999999999999999.
[I 2025-05-07 07:39:05,721] Trial 27 finished with value: 0.6666666666666666 and parameters: {'C': 0.8517671778833082, 'gamma': 0.13309339274501458}. Best is trial 15 with value: 0.7999999999999999.
[I 2025-05-07 07:39:05,756] Trial 28 finished with value: 0.7666666666666667 and parameters: {'C': 10.933537656176656, 'gamma': 0.010860190752299154}. Best is trial 15 with value: 0.7999999999999999.
[I 2025-05-07 07:39:05,781] Trial 29 finished with value: 0.6833333333333333 and parameters: {'C': 3.321056690464268, 'gamma': 0.00032361340928574055}. Best is trial 15 with value: 0.7999999999999999.
[I 2025-05-07 07:39:09,381] A new study created in memory with name: logreg
Parámetros guardados en checkpoint_shoppers_Doriginal_Roriginal_C/random/IPC_30/best_models_random_seed_15_space_original/svc_best_params.json


>>> Optuna tuning logreg metodo random IPC 30 seed 15


[I 2025-05-07 07:39:10,839] Trial 0 finished with value: 0.6833333333333333 and parameters: {'C': 17.54237886725178, 'penalty': 'l2'}. Best is trial 0 with value: 0.6833333333333333.
[I 2025-05-07 07:39:10,891] Trial 1 finished with value: 0.7666666666666666 and parameters: {'C': 0.007842953219560822, 'penalty': 'l2'}. Best is trial 1 with value: 0.7666666666666666.
[I 2025-05-07 07:39:10,908] Trial 2 finished with value: 0.75 and parameters: {'C': 0.0018698900537392122, 'penalty': 'l2'}. Best is trial 1 with value: 0.7666666666666666.
[I 2025-05-07 07:39:10,922] Trial 3 finished with value: 0.7499999999999999 and parameters: {'C': 0.06422324279842626, 'penalty': 'l2'}. Best is trial 1 with value: 0.7666666666666666.
[I 2025-05-07 07:39:10,935] Trial 4 finished with value: 0.7499999999999999 and parameters: {'C': 0.02382344938816079, 'penalty': 'l2'}. Best is trial 1 with value: 0.7666666666666666.
[I 2025-05-07 07:39:10,960] Trial 5 finished with value: 0.7500000000000001 and parameters: {'C': 0.4466847487075243, 'penalty': 'l2'}. Best is trial 1 with value: 0.7666666666666666.
[I 2025-05-07 07:39:10,985] Trial 6 finished with value: 0.7499999999999999 and parameters: {'C': 0.03385279869266551, 'penalty': 'l2'}. Best is trial 1 with value: 0.7666666666666666.
[I 2025-05-07 07:39:10,999] Trial 7 finished with value: 0.7499999999999999 and parameters: {'C': 0.03329444622131076, 'penalty': 'l2'}. Best is trial 1 with value: 0.7666666666666666.
[I 2025-05-07 07:39:11,022] Trial 8 finished with value: 0.75 and parameters: {'C': 0.0036199817484860075, 'penalty': 'l2'}. Best is trial 1 with value: 0.7666666666666666.
[I 2025-05-07 07:39:11,037] Trial 9 finished with value: 0.7333333333333333 and parameters: {'C': 0.017762131026050457, 'penalty': 'l2'}. Best is trial 1 with value: 0.7666666666666666.
[I 2025-05-07 07:39:11,069] Trial 10 finished with value: 0.7166666666666667 and parameters: {'C': 1.23531033724279, 'penalty': 'l2'}. Best is trial 1 with value: 0.7666666666666666.
[I 2025-05-07 07:39:11,723] Trial 11 finished with value: 0.7166666666666667 and parameters: {'C': 1.0436104744546113, 'penalty': 'l2'}. Best is trial 1 with value: 0.7666666666666666.
[I 2025-05-07 07:39:12,389] Trial 12 finished with value: 0.7500000000000001 and parameters: {'C': 0.3522527723886602, 'penalty': 'l2'}. Best is trial 1 with value: 0.7666666666666666.
[I 2025-05-07 07:39:12,418] Trial 13 finished with value: 0.6833333333333333 and parameters: {'C': 11.140935304624746, 'penalty': 'l2'}. Best is trial 1 with value: 0.7666666666666666.
[I 2025-05-07 07:39:12,450] Trial 14 finished with value: 0.6833333333333333 and parameters: {'C': 3.235971162731655, 'penalty': 'l2'}. Best is trial 1 with value: 0.7666666666666666.
[I 2025-05-07 07:39:12,481] Trial 15 finished with value: 0.7666666666666667 and parameters: {'C': 0.24855318408131175, 'penalty': 'l2'}. Best is trial 15 with value: 0.7666666666666667.
[I 2025-05-07 07:39:12,510] Trial 16 finished with value: 0.6833333333333333 and parameters: {'C': 95.19904824964239, 'penalty': 'l2'}. Best is trial 15 with value: 0.7666666666666667.
[I 2025-05-07 07:39:12,531] Trial 17 finished with value: 0.7666666666666667 and parameters: {'C': 0.18193262803189353, 'penalty': 'l2'}. Best is trial 15 with value: 0.7666666666666667.
[I 2025-05-07 07:39:12,562] Trial 18 finished with value: 0.7666666666666667 and parameters: {'C': 0.08893297007264683, 'penalty': 'l2'}. Best is trial 15 with value: 0.7666666666666667.
[I 2025-05-07 07:39:12,580] Trial 19 finished with value: 0.7666666666666667 and parameters: {'C': 0.11028179854847744, 'penalty': 'l2'}. Best is trial 15 with value: 0.7666666666666667.
[I 2025-05-07 07:39:12,608] Trial 20 finished with value: 0.7666666666666667 and parameters: {'C': 0.18508741183442898, 'penalty': 'l2'}. Best is trial 15 with value: 0.7666666666666667.
[I 2025-05-07 07:39:12,637] Trial 21 finished with value: 0.7666666666666667 and parameters: {'C': 0.12668425369250044, 'penalty': 'l2'}. Best is trial 15 with value: 0.7666666666666667.
[I 2025-05-07 07:39:13,273] Trial 22 finished with value: 0.7166666666666667 and parameters: {'C': 0.9541754674609835, 'penalty': 'l2'}. Best is trial 15 with value: 0.7666666666666667.
[I 2025-05-07 07:39:13,305] Trial 23 finished with value: 0.6666666666666667 and parameters: {'C': 2.7063351474078337, 'penalty': 'l2'}. Best is trial 15 with value: 0.7666666666666667.
[I 2025-05-07 07:39:13,324] Trial 24 finished with value: 0.7500000000000001 and parameters: {'C': 0.40252206942949204, 'penalty': 'l2'}. Best is trial 15 with value: 0.7666666666666667.
[I 2025-05-07 07:39:13,342] Trial 25 finished with value: 0.7666666666666666 and parameters: {'C': 0.006720762386500444, 'penalty': 'l2'}. Best is trial 15 with value: 0.7666666666666667.
[I 2025-05-07 07:39:13,358] Trial 26 finished with value: 0.7499999999999999 and parameters: {'C': 0.0683892183337809, 'penalty': 'l2'}. Best is trial 15 with value: 0.7666666666666667.
[I 2025-05-07 07:39:13,378] Trial 27 finished with value: 0.7666666666666667 and parameters: {'C': 0.20476354485928033, 'penalty': 'l2'}. Best is trial 15 with value: 0.7666666666666667.
[I 2025-05-07 07:39:13,399] Trial 28 finished with value: 0.75 and parameters: {'C': 0.011609806551632155, 'penalty': 'l2'}. Best is trial 15 with value: 0.7666666666666667.
[I 2025-05-07 07:39:13,430] Trial 29 finished with value: 0.6833333333333333 and parameters: {'C': 7.108574107704345, 'penalty': 'l2'}. Best is trial 15 with value: 0.7666666666666667.
/data/home/rtabares/anaconda3/envs/pyth3.12/lib/python3.12/site-packages/xgboost/core.py:377: FutureWarning: Your system has an old version of glibc (< 2.28). We will stop supporting Linux distros with glibc older than 2.28 after **May 31, 2025**. Please upgrade to a recent Linux distro (with glibc >= 2.28) to use future versions of XGBoost.
Note: You have installed the 'manylinux2014' variant of XGBoost. Certain features such as GPU algorithms or federated learning are not available. To use these features, please upgrade to a recent Linux distro with glibc 2.28+, and install the 'manylinux_2_28' variant.
  warnings.warn(
[I 2025-05-07 07:39:16,402] A new study created in memory with name: mlp
Parámetros guardados en checkpoint_shoppers_Doriginal_Roriginal_C/random/IPC_30/best_models_random_seed_15_space_original/logreg_best_params.json


>>> Optuna tuning mlp metodo random IPC 30 seed 15


/data/home/rtabares/anaconda3/envs/pyth3.12/lib/python3.12/site-packages/sklearn/neural_network/_multilayer_perceptron.py:691: ConvergenceWarning: Stochastic Optimizer: Maximum iterations (50) reached and the optimization hasn't converged yet.
  warnings.warn(
/data/home/rtabares/anaconda3/envs/pyth3.12/lib/python3.12/site-packages/sklearn/neural_network/_multilayer_perceptron.py:691: ConvergenceWarning: Stochastic Optimizer: Maximum iterations (50) reached and the optimization hasn't converged yet.
  warnings.warn(
/data/home/rtabares/anaconda3/envs/pyth3.12/lib/python3.12/site-packages/sklearn/neural_network/_multilayer_perceptron.py:691: ConvergenceWarning: Stochastic Optimizer: Maximum iterations (50) reached and the optimization hasn't converged yet.
  warnings.warn(
/data/home/rtabares/anaconda3/envs/pyth3.12/lib/python3.12/site-packages/sklearn/neural_network/_multilayer_perceptron.py:691: ConvergenceWarning: Stochastic Optimizer: Maximum iterations (50) reached and the optimization hasn't converged yet.
  warnings.warn(
/data/home/rtabares/anaconda3/envs/pyth3.12/lib/python3.12/site-packages/sklearn/neural_network/_multilayer_perceptron.py:691: ConvergenceWarning: Stochastic Optimizer: Maximum iterations (50) reached and the optimization hasn't converged yet.
  warnings.warn(
[I 2025-05-07 07:39:18,509] Trial 0 finished with value: 0.6833333333333333 and parameters: {'hidden_layer_sizes': (100,), 'max_iter': 50, 'alpha': 0.0001}. Best is trial 0 with value: 0.6833333333333333.
/data/home/rtabares/anaconda3/envs/pyth3.12/lib/python3.12/site-packages/sklearn/neural_network/_multilayer_perceptron.py:691: ConvergenceWarning: Stochastic Optimizer: Maximum iterations (50) reached and the optimization hasn't converged yet.
  warnings.warn(
/data/home/rtabares/anaconda3/envs/pyth3.12/lib/python3.12/site-packages/sklearn/neural_network/_multilayer_perceptron.py:691: ConvergenceWarning: Stochastic Optimizer: Maximum iterations (50) reached and the optimization hasn't converged yet.
  warnings.warn(
/data/home/rtabares/anaconda3/envs/pyth3.12/lib/python3.12/site-packages/sklearn/neural_network/_multilayer_perceptron.py:691: ConvergenceWarning: Stochastic Optimizer: Maximum iterations (50) reached and the optimization hasn't converged yet.
  warnings.warn(
/data/home/rtabares/anaconda3/envs/pyth3.12/lib/python3.12/site-packages/sklearn/neural_network/_multilayer_perceptron.py:691: ConvergenceWarning: Stochastic Optimizer: Maximum iterations (50) reached and the optimization hasn't converged yet.
  warnings.warn(
/data/home/rtabares/anaconda3/envs/pyth3.12/lib/python3.12/site-packages/sklearn/neural_network/_multilayer_perceptron.py:691: ConvergenceWarning: Stochastic Optimizer: Maximum iterations (50) reached and the optimization hasn't converged yet.
  warnings.warn(
[I 2025-05-07 07:39:18,616] Trial 1 finished with value: 0.7166666666666666 and parameters: {'hidden_layer_sizes': (100,), 'max_iter': 50, 'alpha': 0.001}. Best is trial 1 with value: 0.7166666666666666.
/data/home/rtabares/anaconda3/envs/pyth3.12/lib/python3.12/site-packages/sklearn/neural_network/_multilayer_perceptron.py:691: ConvergenceWarning: Stochastic Optimizer: Maximum iterations (50) reached and the optimization hasn't converged yet.
  warnings.warn(
/data/home/rtabares/anaconda3/envs/pyth3.12/lib/python3.12/site-packages/sklearn/neural_network/_multilayer_perceptron.py:691: ConvergenceWarning: Stochastic Optimizer: Maximum iterations (50) reached and the optimization hasn't converged yet.
  warnings.warn(
/data/home/rtabares/anaconda3/envs/pyth3.12/lib/python3.12/site-packages/sklearn/neural_network/_multilayer_perceptron.py:691: ConvergenceWarning: Stochastic Optimizer: Maximum iterations (50) reached and the optimization hasn't converged yet.
  warnings.warn(
/data/home/rtabares/anaconda3/envs/pyth3.12/lib/python3.12/site-packages/sklearn/neural_network/_multilayer_perceptron.py:691: ConvergenceWarning: Stochastic Optimizer: Maximum iterations (50) reached and the optimization hasn't converged yet.
  warnings.warn(
/data/home/rtabares/anaconda3/envs/pyth3.12/lib/python3.12/site-packages/sklearn/neural_network/_multilayer_perceptron.py:691: ConvergenceWarning: Stochastic Optimizer: Maximum iterations (50) reached and the optimization hasn't converged yet.
  warnings.warn(
[I 2025-05-07 07:39:18,663] Trial 2 finished with value: 0.7166666666666667 and parameters: {'hidden_layer_sizes': (100,), 'max_iter': 50, 'alpha': 0.001}. Best is trial 2 with value: 0.7166666666666667.
/data/home/rtabares/anaconda3/envs/pyth3.12/lib/python3.12/site-packages/sklearn/neural_network/_multilayer_perceptron.py:691: ConvergenceWarning: Stochastic Optimizer: Maximum iterations (100) reached and the optimization hasn't converged yet.
  warnings.warn(
/data/home/rtabares/anaconda3/envs/pyth3.12/lib/python3.12/site-packages/sklearn/neural_network/_multilayer_perceptron.py:691: ConvergenceWarning: Stochastic Optimizer: Maximum iterations (100) reached and the optimization hasn't converged yet.
  warnings.warn(
/data/home/rtabares/anaconda3/envs/pyth3.12/lib/python3.12/site-packages/sklearn/neural_network/_multilayer_perceptron.py:691: ConvergenceWarning: Stochastic Optimizer: Maximum iterations (100) reached and the optimization hasn't converged yet.
  warnings.warn(
/data/home/rtabares/anaconda3/envs/pyth3.12/lib/python3.12/site-packages/sklearn/neural_network/_multilayer_perceptron.py:691: ConvergenceWarning: Stochastic Optimizer: Maximum iterations (100) reached and the optimization hasn't converged yet.
  warnings.warn(
/data/home/rtabares/anaconda3/envs/pyth3.12/lib/python3.12/site-packages/sklearn/neural_network/_multilayer_perceptron.py:691: ConvergenceWarning: Stochastic Optimizer: Maximum iterations (100) reached and the optimization hasn't converged yet.
  warnings.warn(
[I 2025-05-07 07:39:18,762] Trial 3 finished with value: 0.6833333333333332 and parameters: {'hidden_layer_sizes': (200,), 'max_iter': 100, 'alpha': 0.001}. Best is trial 2 with value: 0.7166666666666667.
/data/home/rtabares/anaconda3/envs/pyth3.12/lib/python3.12/site-packages/sklearn/neural_network/_multilayer_perceptron.py:691: ConvergenceWarning: Stochastic Optimizer: Maximum iterations (100) reached and the optimization hasn't converged yet.
  warnings.warn(
/data/home/rtabares/anaconda3/envs/pyth3.12/lib/python3.12/site-packages/sklearn/neural_network/_multilayer_perceptron.py:691: ConvergenceWarning: Stochastic Optimizer: Maximum iterations (100) reached and the optimization hasn't converged yet.
  warnings.warn(
/data/home/rtabares/anaconda3/envs/pyth3.12/lib/python3.12/site-packages/sklearn/neural_network/_multilayer_perceptron.py:691: ConvergenceWarning: Stochastic Optimizer: Maximum iterations (100) reached and the optimization hasn't converged yet.
  warnings.warn(
/data/home/rtabares/anaconda3/envs/pyth3.12/lib/python3.12/site-packages/sklearn/neural_network/_multilayer_perceptron.py:691: ConvergenceWarning: Stochastic Optimizer: Maximum iterations (100) reached and the optimization hasn't converged yet.
  warnings.warn(
/data/home/rtabares/anaconda3/envs/pyth3.12/lib/python3.12/site-packages/sklearn/neural_network/_multilayer_perceptron.py:691: ConvergenceWarning: Stochastic Optimizer: Maximum iterations (100) reached and the optimization hasn't converged yet.
  warnings.warn(
[I 2025-05-07 07:39:18,869] Trial 4 finished with value: 0.6833333333333333 and parameters: {'hidden_layer_sizes': (200,), 'max_iter': 100, 'alpha': 0.001}. Best is trial 2 with value: 0.7166666666666667.
/data/home/rtabares/anaconda3/envs/pyth3.12/lib/python3.12/site-packages/sklearn/neural_network/_multilayer_perceptron.py:691: ConvergenceWarning: Stochastic Optimizer: Maximum iterations (100) reached and the optimization hasn't converged yet.
  warnings.warn(
/data/home/rtabares/anaconda3/envs/pyth3.12/lib/python3.12/site-packages/sklearn/neural_network/_multilayer_perceptron.py:691: ConvergenceWarning: Stochastic Optimizer: Maximum iterations (100) reached and the optimization hasn't converged yet.
  warnings.warn(
/data/home/rtabares/anaconda3/envs/pyth3.12/lib/python3.12/site-packages/sklearn/neural_network/_multilayer_perceptron.py:691: ConvergenceWarning: Stochastic Optimizer: Maximum iterations (100) reached and the optimization hasn't converged yet.
  warnings.warn(
/data/home/rtabares/anaconda3/envs/pyth3.12/lib/python3.12/site-packages/sklearn/neural_network/_multilayer_perceptron.py:691: ConvergenceWarning: Stochastic Optimizer: Maximum iterations (100) reached and the optimization hasn't converged yet.
  warnings.warn(
/data/home/rtabares/anaconda3/envs/pyth3.12/lib/python3.12/site-packages/sklearn/neural_network/_multilayer_perceptron.py:691: ConvergenceWarning: Stochastic Optimizer: Maximum iterations (100) reached and the optimization hasn't converged yet.
  warnings.warn(
[I 2025-05-07 07:39:18,934] Trial 5 finished with value: 0.6833333333333333 and parameters: {'hidden_layer_sizes': (100,), 'max_iter': 100, 'alpha': 0.0001}. Best is trial 2 with value: 0.7166666666666667.
/data/home/rtabares/anaconda3/envs/pyth3.12/lib/python3.12/site-packages/sklearn/neural_network/_multilayer_perceptron.py:691: ConvergenceWarning: Stochastic Optimizer: Maximum iterations (50) reached and the optimization hasn't converged yet.
  warnings.warn(
/data/home/rtabares/anaconda3/envs/pyth3.12/lib/python3.12/site-packages/sklearn/neural_network/_multilayer_perceptron.py:691: ConvergenceWarning: Stochastic Optimizer: Maximum iterations (50) reached and the optimization hasn't converged yet.
  warnings.warn(
/data/home/rtabares/anaconda3/envs/pyth3.12/lib/python3.12/site-packages/sklearn/neural_network/_multilayer_perceptron.py:691: ConvergenceWarning: Stochastic Optimizer: Maximum iterations (50) reached and the optimization hasn't converged yet.
  warnings.warn(
/data/home/rtabares/anaconda3/envs/pyth3.12/lib/python3.12/site-packages/sklearn/neural_network/_multilayer_perceptron.py:691: ConvergenceWarning: Stochastic Optimizer: Maximum iterations (50) reached and the optimization hasn't converged yet.
  warnings.warn(
/data/home/rtabares/anaconda3/envs/pyth3.12/lib/python3.12/site-packages/sklearn/neural_network/_multilayer_perceptron.py:691: ConvergenceWarning: Stochastic Optimizer: Maximum iterations (50) reached and the optimization hasn't converged yet.
  warnings.warn(
