[I 2025-05-07 07:39:45,478] Trial 25 finished with value: 0.7833333333333334 and parameters: {'n_estimators': 191, 'max_depth': 9, 'min_samples_split': 7, 'min_samples_leaf': 2}. Best is trial 2 with value: 0.8.
[I 2025-05-07 07:39:45,769] Trial 26 finished with value: 0.75 and parameters: {'n_estimators': 240, 'max_depth': 17, 'min_samples_split': 5, 'min_samples_leaf': 1}. Best is trial 2 with value: 0.8.
[I 2025-05-07 07:39:45,990] Trial 27 finished with value: 0.7833333333333334 and parameters: {'n_estimators': 133, 'max_depth': 6, 'min_samples_split': 4, 'min_samples_leaf': 3}. Best is trial 2 with value: 0.8.
[I 2025-05-07 07:39:46,431] Trial 28 finished with value: 0.7833333333333334 and parameters: {'n_estimators': 364, 'max_depth': 4, 'min_samples_split': 3, 'min_samples_leaf': 4}. Best is trial 2 with value: 0.8.
[I 2025-05-07 07:39:46,679] Trial 29 finished with value: 0.7833333333333334 and parameters: {'n_estimators': 174, 'max_depth': 13, 'min_samples_split': 6, 'min_samples_leaf': 1}. Best is trial 2 with value: 0.8.
[I 2025-05-07 07:39:48,804] A new study created in memory with name: svc
[I 2025-05-07 07:39:49,357] Trial 0 finished with value: 0.6 and parameters: {'C': 0.07819235917548104, 'gamma': 0.012378082290819138}. Best is trial 0 with value: 0.6.
Parámetros guardados en checkpoint_shoppers_Doriginal_Roriginal_C/random/IPC_30/best_models_random_seed_16_space_original/rf_best_params.json


>>> Optuna tuning svc metodo random IPC 30 seed 16


[I 2025-05-07 07:39:51,891] Trial 1 finished with value: 0.5166666666666667 and parameters: {'C': 1.5951657869036775, 'gamma': 0.000152197598745774}. Best is trial 0 with value: 0.6.
[I 2025-05-07 07:39:52,009] Trial 2 finished with value: 0.5166666666666667 and parameters: {'C': 0.2772779543927266, 'gamma': 0.0007804116910390213}. Best is trial 0 with value: 0.6.
[I 2025-05-07 07:39:52,027] Trial 3 finished with value: 0.5333333333333334 and parameters: {'C': 5.687280484903795, 'gamma': 0.0004517786465395958}. Best is trial 0 with value: 0.6.
[I 2025-05-07 07:39:52,052] Trial 4 finished with value: 0.6 and parameters: {'C': 0.019111706496652975, 'gamma': 0.5808225122940198}. Best is trial 0 with value: 0.6.
[I 2025-05-07 07:39:52,067] Trial 5 finished with value: 0.5166666666666667 and parameters: {'C': 1.797734367408371, 'gamma': 0.00020510174604387776}. Best is trial 0 with value: 0.6.
[I 2025-05-07 07:39:52,080] Trial 6 finished with value: 0.6 and parameters: {'C': 7.772523512623402, 'gamma': 0.0004303370060879476}. Best is trial 0 with value: 0.6.
[I 2025-05-07 07:39:52,093] Trial 7 finished with value: 0.5 and parameters: {'C': 0.10025942902234176, 'gamma': 0.0014926192021678594}. Best is trial 0 with value: 0.6.
[I 2025-05-07 07:39:52,107] Trial 8 finished with value: 0.75 and parameters: {'C': 6.115653297283665, 'gamma': 0.007195423366266382}. Best is trial 8 with value: 0.75.
[I 2025-05-07 07:39:52,120] Trial 9 finished with value: 0.5666666666666667 and parameters: {'C': 0.07248507203759391, 'gamma': 0.0061278065755463376}. Best is trial 8 with value: 0.75.
[I 2025-05-07 07:39:52,142] Trial 10 finished with value: 0.6833333333333333 and parameters: {'C': 23.90449490728022, 'gamma': 0.08562559961158192}. Best is trial 8 with value: 0.75.
[I 2025-05-07 07:39:52,165] Trial 11 finished with value: 0.65 and parameters: {'C': 75.5235196984907, 'gamma': 0.11891979634785119}. Best is trial 8 with value: 0.75.
[I 2025-05-07 07:39:52,844] Trial 12 finished with value: 0.6666666666666667 and parameters: {'C': 62.46420794796977, 'gamma': 0.022881028649182695}. Best is trial 8 with value: 0.75.
[I 2025-05-07 07:39:52,868] Trial 13 finished with value: 0.6833333333333333 and parameters: {'C': 15.574874974184533, 'gamma': 0.0709636361619757}. Best is trial 8 with value: 0.75.
[I 2025-05-07 07:39:52,893] Trial 14 finished with value: 0.75 and parameters: {'C': 21.88886885061824, 'gamma': 0.0033787659545059493}. Best is trial 8 with value: 0.75.
[I 2025-05-07 07:39:52,915] Trial 15 finished with value: 0.6833333333333333 and parameters: {'C': 3.9906055470712505, 'gamma': 0.0047348640926593456}. Best is trial 8 with value: 0.75.
[I 2025-05-07 07:39:52,947] Trial 16 finished with value: 0.5333333333333334 and parameters: {'C': 0.6207280033502068, 'gamma': 0.0030910049190531015}. Best is trial 8 with value: 0.75.
[I 2025-05-07 07:39:52,983] Trial 17 finished with value: 0.6666666666666667 and parameters: {'C': 26.864020546012398, 'gamma': 0.025383195493556956}. Best is trial 8 with value: 0.75.
[I 2025-05-07 07:39:53,008] Trial 18 finished with value: 0.7 and parameters: {'C': 10.912487326727062, 'gamma': 0.0019215533791892274}. Best is trial 8 with value: 0.75.
[I 2025-05-07 07:39:53,697] Trial 19 finished with value: 0.75 and parameters: {'C': 3.3567052594353415, 'gamma': 0.011163241286553428}. Best is trial 8 with value: 0.75.
[I 2025-05-07 07:39:53,731] Trial 20 finished with value: 0.6833333333333333 and parameters: {'C': 36.2538374772299, 'gamma': 0.31560976009732267}. Best is trial 8 with value: 0.75.
[I 2025-05-07 07:39:53,754] Trial 21 finished with value: 0.7333333333333334 and parameters: {'C': 4.131830743875335, 'gamma': 0.012488097270670736}. Best is trial 8 with value: 0.75.
[I 2025-05-07 07:39:54,432] Trial 22 finished with value: 0.7 and parameters: {'C': 1.549499327457884, 'gamma': 0.045719467685005746}. Best is trial 8 with value: 0.75.
[I 2025-05-07 07:39:55,081] Trial 23 finished with value: 0.5833333333333333 and parameters: {'C': 0.4696371250758572, 'gamma': 0.00753469916489143}. Best is trial 8 with value: 0.75.
[I 2025-05-07 07:39:55,728] Trial 24 finished with value: 0.65 and parameters: {'C': 2.9752182397227958, 'gamma': 0.002249090232032255}. Best is trial 8 with value: 0.75.
[I 2025-05-07 07:39:55,757] Trial 25 finished with value: 0.7166666666666666 and parameters: {'C': 11.95678080298846, 'gamma': 0.018688985670499696}. Best is trial 8 with value: 0.75.
[I 2025-05-07 07:39:55,799] Trial 26 finished with value: 0.7166666666666667 and parameters: {'C': 91.33911498843543, 'gamma': 0.004554411414382538}. Best is trial 8 with value: 0.75.
[I 2025-05-07 07:39:55,823] Trial 27 finished with value: 0.5166666666666667 and parameters: {'C': 0.8850793360489556, 'gamma': 0.000976181365200286}. Best is trial 8 with value: 0.75.
[I 2025-05-07 07:39:55,856] Trial 28 finished with value: 0.7166666666666668 and parameters: {'C': 2.6445370087027573, 'gamma': 0.029922588212657534}. Best is trial 8 with value: 0.75.
[I 2025-05-07 07:39:55,890] Trial 29 finished with value: 0.7333333333333334 and parameters: {'C': 38.16549503343897, 'gamma': 0.010500218053400895}. Best is trial 8 with value: 0.75.
/data/home/rtabares/anaconda3/envs/pyth3.12/lib/python3.12/site-packages/xgboost/core.py:377: FutureWarning: Your system has an old version of glibc (< 2.28). We will stop supporting Linux distros with glibc older than 2.28 after **May 31, 2025**. Please upgrade to a recent Linux distro (with glibc >= 2.28) to use future versions of XGBoost.
Note: You have installed the 'manylinux2014' variant of XGBoost. Certain features such as GPU algorithms or federated learning are not available. To use these features, please upgrade to a recent Linux distro with glibc 2.28+, and install the 'manylinux_2_28' variant.
  warnings.warn(
[I 2025-05-07 07:39:58,878] A new study created in memory with name: logreg
Parámetros guardados en checkpoint_shoppers_Doriginal_Roriginal_C/random/IPC_30/best_models_random_seed_16_space_original/svc_best_params.json


>>> Optuna tuning logreg metodo random IPC 30 seed 16


[I 2025-05-07 07:40:00,769] Trial 0 finished with value: 0.7333333333333334 and parameters: {'C': 0.013075412409478342, 'penalty': 'l2'}. Best is trial 0 with value: 0.7333333333333334.
[I 2025-05-07 07:40:00,847] Trial 1 finished with value: 0.7 and parameters: {'C': 0.4128732130147261, 'penalty': 'l2'}. Best is trial 0 with value: 0.7333333333333334.
[I 2025-05-07 07:40:00,873] Trial 2 finished with value: 0.7 and parameters: {'C': 0.5669010780971014, 'penalty': 'l2'}. Best is trial 0 with value: 0.7333333333333334.
[I 2025-05-07 07:40:00,886] Trial 3 finished with value: 0.7166666666666666 and parameters: {'C': 0.0016904788853988675, 'penalty': 'l2'}. Best is trial 0 with value: 0.7333333333333334.
[I 2025-05-07 07:40:00,910] Trial 4 finished with value: 0.75 and parameters: {'C': 0.06362739995186885, 'penalty': 'l2'}. Best is trial 4 with value: 0.75.
[I 2025-05-07 07:40:00,935] Trial 5 finished with value: 0.7333333333333334 and parameters: {'C': 0.013043817338582805, 'penalty': 'l2'}. Best is trial 4 with value: 0.75.
[I 2025-05-07 07:40:00,960] Trial 6 finished with value: 0.7 and parameters: {'C': 2.7773512558329694, 'penalty': 'l2'}. Best is trial 4 with value: 0.75.
[I 2025-05-07 07:40:00,985] Trial 7 finished with value: 0.7333333333333334 and parameters: {'C': 0.006586536835901034, 'penalty': 'l2'}. Best is trial 4 with value: 0.75.
[I 2025-05-07 07:40:01,010] Trial 8 finished with value: 0.7333333333333334 and parameters: {'C': 0.0022471100083134186, 'penalty': 'l2'}. Best is trial 4 with value: 0.75.
[I 2025-05-07 07:40:01,035] Trial 9 finished with value: 0.6666666666666666 and parameters: {'C': 50.70541029088913, 'penalty': 'l2'}. Best is trial 4 with value: 0.75.
[I 2025-05-07 07:40:01,066] Trial 10 finished with value: 0.75 and parameters: {'C': 0.08440911970986402, 'penalty': 'l2'}. Best is trial 4 with value: 0.75.
[I 2025-05-07 07:40:01,749] Trial 11 finished with value: 0.75 and parameters: {'C': 0.06456980996827602, 'penalty': 'l2'}. Best is trial 4 with value: 0.75.
[I 2025-05-07 07:40:02,423] Trial 12 finished with value: 0.6833333333333333 and parameters: {'C': 2.927950702901866, 'penalty': 'l2'}. Best is trial 4 with value: 0.75.
[I 2025-05-07 07:40:02,450] Trial 13 finished with value: 0.75 and parameters: {'C': 0.06432092278372661, 'penalty': 'l2'}. Best is trial 4 with value: 0.75.
[I 2025-05-07 07:40:02,471] Trial 14 finished with value: 0.7333333333333332 and parameters: {'C': 0.11976627858426123, 'penalty': 'l2'}. Best is trial 4 with value: 0.75.
[I 2025-05-07 07:40:02,499] Trial 15 finished with value: 0.6833333333333333 and parameters: {'C': 3.051285285131121, 'penalty': 'l2'}. Best is trial 4 with value: 0.75.
[I 2025-05-07 07:40:02,520] Trial 16 finished with value: 0.7333333333333334 and parameters: {'C': 0.03167305582403334, 'penalty': 'l2'}. Best is trial 4 with value: 0.75.
[I 2025-05-07 07:40:02,549] Trial 17 finished with value: 0.7 and parameters: {'C': 0.5816411511902845, 'penalty': 'l2'}. Best is trial 4 with value: 0.75.
[I 2025-05-07 07:40:02,578] Trial 18 finished with value: 0.6666666666666666 and parameters: {'C': 38.827808760802306, 'penalty': 'l2'}. Best is trial 4 with value: 0.75.
[I 2025-05-07 07:40:03,234] Trial 19 finished with value: 0.7 and parameters: {'C': 0.19603277198607194, 'penalty': 'l2'}. Best is trial 4 with value: 0.75.
[I 2025-05-07 07:40:03,867] Trial 20 finished with value: 0.6833333333333333 and parameters: {'C': 11.273727989226382, 'penalty': 'l2'}. Best is trial 4 with value: 0.75.
[I 2025-05-07 07:40:03,898] Trial 21 finished with value: 0.75 and parameters: {'C': 0.04467949835597426, 'penalty': 'l2'}. Best is trial 4 with value: 0.75.
[I 2025-05-07 07:40:03,921] Trial 22 finished with value: 0.7166666666666666 and parameters: {'C': 0.12163303685062325, 'penalty': 'l2'}. Best is trial 4 with value: 0.75.
[I 2025-05-07 07:40:03,949] Trial 23 finished with value: 0.7333333333333334 and parameters: {'C': 0.02868940826873619, 'penalty': 'l2'}. Best is trial 4 with value: 0.75.
[I 2025-05-07 07:40:03,971] Trial 24 finished with value: 0.7333333333333334 and parameters: {'C': 0.006703654151767961, 'penalty': 'l2'}. Best is trial 4 with value: 0.75.
[I 2025-05-07 07:40:04,002] Trial 25 finished with value: 0.7166666666666667 and parameters: {'C': 1.1249806815837835, 'penalty': 'l2'}. Best is trial 4 with value: 0.75.
[I 2025-05-07 07:40:04,020] Trial 26 finished with value: 0.75 and parameters: {'C': 0.0759174443310033, 'penalty': 'l2'}. Best is trial 4 with value: 0.75.
[I 2025-05-07 07:40:04,047] Trial 27 finished with value: 0.7 and parameters: {'C': 0.22420122333387507, 'penalty': 'l2'}. Best is trial 4 with value: 0.75.
[I 2025-05-07 07:40:04,077] Trial 28 finished with value: 0.7333333333333334 and parameters: {'C': 0.019752681254405872, 'penalty': 'l2'}. Best is trial 4 with value: 0.75.
[I 2025-05-07 07:40:04,108] Trial 29 finished with value: 0.7333333333333334 and parameters: {'C': 0.006943572457505885, 'penalty': 'l2'}. Best is trial 4 with value: 0.75.
/data/home/rtabares/anaconda3/envs/pyth3.12/lib/python3.12/site-packages/xgboost/core.py:377: FutureWarning: Your system has an old version of glibc (< 2.28). We will stop supporting Linux distros with glibc older than 2.28 after **May 31, 2025**. Please upgrade to a recent Linux distro (with glibc >= 2.28) to use future versions of XGBoost.
Note: You have installed the 'manylinux2014' variant of XGBoost. Certain features such as GPU algorithms or federated learning are not available. To use these features, please upgrade to a recent Linux distro with glibc 2.28+, and install the 'manylinux_2_28' variant.
  warnings.warn(
[I 2025-05-07 07:40:07,370] A new study created in memory with name: mlp
Parámetros guardados en checkpoint_shoppers_Doriginal_Roriginal_C/random/IPC_30/best_models_random_seed_16_space_original/logreg_best_params.json


>>> Optuna tuning mlp metodo random IPC 30 seed 16


/data/home/rtabares/anaconda3/envs/pyth3.12/lib/python3.12/site-packages/sklearn/neural_network/_multilayer_perceptron.py:691: ConvergenceWarning: Stochastic Optimizer: Maximum iterations (100) reached and the optimization hasn't converged yet.
  warnings.warn(
/data/home/rtabares/anaconda3/envs/pyth3.12/lib/python3.12/site-packages/sklearn/neural_network/_multilayer_perceptron.py:691: ConvergenceWarning: Stochastic Optimizer: Maximum iterations (100) reached and the optimization hasn't converged yet.
  warnings.warn(
/data/home/rtabares/anaconda3/envs/pyth3.12/lib/python3.12/site-packages/sklearn/neural_network/_multilayer_perceptron.py:691: ConvergenceWarning: Stochastic Optimizer: Maximum iterations (100) reached and the optimization hasn't converged yet.
  warnings.warn(
/data/home/rtabares/anaconda3/envs/pyth3.12/lib/python3.12/site-packages/sklearn/neural_network/_multilayer_perceptron.py:691: ConvergenceWarning: Stochastic Optimizer: Maximum iterations (100) reached and the optimization hasn't converged yet.
  warnings.warn(
/data/home/rtabares/anaconda3/envs/pyth3.12/lib/python3.12/site-packages/sklearn/neural_network/_multilayer_perceptron.py:691: ConvergenceWarning: Stochastic Optimizer: Maximum iterations (100) reached and the optimization hasn't converged yet.
  warnings.warn(
[I 2025-05-07 07:40:10,539] Trial 0 finished with value: 0.7 and parameters: {'hidden_layer_sizes': (100, 100), 'max_iter': 100, 'alpha': 0.001}. Best is trial 0 with value: 0.7.
/data/home/rtabares/anaconda3/envs/pyth3.12/lib/python3.12/site-packages/sklearn/neural_network/_multilayer_perceptron.py:691: ConvergenceWarning: Stochastic Optimizer: Maximum iterations (50) reached and the optimization hasn't converged yet.
  warnings.warn(
/data/home/rtabares/anaconda3/envs/pyth3.12/lib/python3.12/site-packages/sklearn/neural_network/_multilayer_perceptron.py:691: ConvergenceWarning: Stochastic Optimizer: Maximum iterations (50) reached and the optimization hasn't converged yet.
  warnings.warn(
/data/home/rtabares/anaconda3/envs/pyth3.12/lib/python3.12/site-packages/sklearn/neural_network/_multilayer_perceptron.py:691: ConvergenceWarning: Stochastic Optimizer: Maximum iterations (50) reached and the optimization hasn't converged yet.
  warnings.warn(
/data/home/rtabares/anaconda3/envs/pyth3.12/lib/python3.12/site-packages/sklearn/neural_network/_multilayer_perceptron.py:691: ConvergenceWarning: Stochastic Optimizer: Maximum iterations (50) reached and the optimization hasn't converged yet.
  warnings.warn(
/data/home/rtabares/anaconda3/envs/pyth3.12/lib/python3.12/site-packages/sklearn/neural_network/_multilayer_perceptron.py:691: ConvergenceWarning: Stochastic Optimizer: Maximum iterations (50) reached and the optimization hasn't converged yet.
  warnings.warn(
[I 2025-05-07 07:40:10,762] Trial 1 finished with value: 0.7333333333333334 and parameters: {'hidden_layer_sizes': (100, 100), 'max_iter': 50, 'alpha': 0.0001}. Best is trial 1 with value: 0.7333333333333334.
/data/home/rtabares/anaconda3/envs/pyth3.12/lib/python3.12/site-packages/sklearn/neural_network/_multilayer_perceptron.py:691: ConvergenceWarning: Stochastic Optimizer: Maximum iterations (50) reached and the optimization hasn't converged yet.
  warnings.warn(
/data/home/rtabares/anaconda3/envs/pyth3.12/lib/python3.12/site-packages/sklearn/neural_network/_multilayer_perceptron.py:691: ConvergenceWarning: Stochastic Optimizer: Maximum iterations (50) reached and the optimization hasn't converged yet.
  warnings.warn(
/data/home/rtabares/anaconda3/envs/pyth3.12/lib/python3.12/site-packages/sklearn/neural_network/_multilayer_perceptron.py:691: ConvergenceWarning: Stochastic Optimizer: Maximum iterations (50) reached and the optimization hasn't converged yet.
  warnings.warn(
/data/home/rtabares/anaconda3/envs/pyth3.12/lib/python3.12/site-packages/sklearn/neural_network/_multilayer_perceptron.py:691: ConvergenceWarning: Stochastic Optimizer: Maximum iterations (50) reached and the optimization hasn't converged yet.
  warnings.warn(
/data/home/rtabares/anaconda3/envs/pyth3.12/lib/python3.12/site-packages/sklearn/neural_network/_multilayer_perceptron.py:691: ConvergenceWarning: Stochastic Optimizer: Maximum iterations (50) reached and the optimization hasn't converged yet.
  warnings.warn(
[I 2025-05-07 07:40:10,895] Trial 2 finished with value: 0.7166666666666668 and parameters: {'hidden_layer_sizes': (100, 100), 'max_iter': 50, 'alpha': 0.0001}. Best is trial 1 with value: 0.7333333333333334.
/data/home/rtabares/anaconda3/envs/pyth3.12/lib/python3.12/site-packages/sklearn/neural_network/_multilayer_perceptron.py:691: ConvergenceWarning: Stochastic Optimizer: Maximum iterations (50) reached and the optimization hasn't converged yet.
  warnings.warn(
/data/home/rtabares/anaconda3/envs/pyth3.12/lib/python3.12/site-packages/sklearn/neural_network/_multilayer_perceptron.py:691: ConvergenceWarning: Stochastic Optimizer: Maximum iterations (50) reached and the optimization hasn't converged yet.
  warnings.warn(
/data/home/rtabares/anaconda3/envs/pyth3.12/lib/python3.12/site-packages/sklearn/neural_network/_multilayer_perceptron.py:691: ConvergenceWarning: Stochastic Optimizer: Maximum iterations (50) reached and the optimization hasn't converged yet.
  warnings.warn(
/data/home/rtabares/anaconda3/envs/pyth3.12/lib/python3.12/site-packages/sklearn/neural_network/_multilayer_perceptron.py:691: ConvergenceWarning: Stochastic Optimizer: Maximum iterations (50) reached and the optimization hasn't converged yet.
  warnings.warn(
/data/home/rtabares/anaconda3/envs/pyth3.12/lib/python3.12/site-packages/sklearn/neural_network/_multilayer_perceptron.py:691: ConvergenceWarning: Stochastic Optimizer: Maximum iterations (50) reached and the optimization hasn't converged yet.
  warnings.warn(
[I 2025-05-07 07:40:10,970] Trial 3 finished with value: 0.75 and parameters: {'hidden_layer_sizes': (100,), 'max_iter': 50, 'alpha': 0.0001}. Best is trial 3 with value: 0.75.
/data/home/rtabares/anaconda3/envs/pyth3.12/lib/python3.12/site-packages/sklearn/neural_network/_multilayer_perceptron.py:691: ConvergenceWarning: Stochastic Optimizer: Maximum iterations (50) reached and the optimization hasn't converged yet.
  warnings.warn(
/data/home/rtabares/anaconda3/envs/pyth3.12/lib/python3.12/site-packages/sklearn/neural_network/_multilayer_perceptron.py:691: ConvergenceWarning: Stochastic Optimizer: Maximum iterations (50) reached and the optimization hasn't converged yet.
  warnings.warn(
/data/home/rtabares/anaconda3/envs/pyth3.12/lib/python3.12/site-packages/sklearn/neural_network/_multilayer_perceptron.py:691: ConvergenceWarning: Stochastic Optimizer: Maximum iterations (50) reached and the optimization hasn't converged yet.
  warnings.warn(
/data/home/rtabares/anaconda3/envs/pyth3.12/lib/python3.12/site-packages/sklearn/neural_network/_multilayer_perceptron.py:691: ConvergenceWarning: Stochastic Optimizer: Maximum iterations (50) reached and the optimization hasn't converged yet.
  warnings.warn(
/data/home/rtabares/anaconda3/envs/pyth3.12/lib/python3.12/site-packages/sklearn/neural_network/_multilayer_perceptron.py:691: ConvergenceWarning: Stochastic Optimizer: Maximum iterations (50) reached and the optimization hasn't converged yet.
  warnings.warn(
