[I 2025-05-07 07:31:10,525] Trial 10 finished with value: 0.85 and parameters: {'n_estimators': 10, 'max_depth': 30, 'gamma': 0.13445536345660636, 'subsample': 0.5093732893332106, 'colsample_bytree': 0.9446716873952172}. Best is trial 2 with value: 0.85.
/data/home/rtabares/anaconda3/envs/pyth3.12/lib/python3.12/site-packages/xgboost/core.py:377: FutureWarning: Your system has an old version of glibc (< 2.28). We will stop supporting Linux distros with glibc older than 2.28 after **May 31, 2025**. Please upgrade to a recent Linux distro (with glibc >= 2.28) to use future versions of XGBoost.
Note: You have installed the 'manylinux2014' variant of XGBoost. Certain features such as GPU algorithms or federated learning are not available. To use these features, please upgrade to a recent Linux distro with glibc 2.28+, and install the 'manylinux_2_28' variant.
  warnings.warn(
/data/home/rtabares/anaconda3/envs/pyth3.12/lib/python3.12/site-packages/xgboost/core.py:377: FutureWarning: Your system has an old version of glibc (< 2.28). We will stop supporting Linux distros with glibc older than 2.28 after **May 31, 2025**. Please upgrade to a recent Linux distro (with glibc >= 2.28) to use future versions of XGBoost.
Note: You have installed the 'manylinux2014' variant of XGBoost. Certain features such as GPU algorithms or federated learning are not available. To use these features, please upgrade to a recent Linux distro with glibc 2.28+, and install the 'manylinux_2_28' variant.
  warnings.warn(
[I 2025-05-07 07:31:11,168] Trial 11 finished with value: 0.85 and parameters: {'n_estimators': 10, 'max_depth': 30, 'gamma': 0.1247642452735842, 'subsample': 0.508092455380683, 'colsample_bytree': 0.9877104092586283}. Best is trial 2 with value: 0.85.
/data/home/rtabares/anaconda3/envs/pyth3.12/lib/python3.12/site-packages/xgboost/core.py:377: FutureWarning: Your system has an old version of glibc (< 2.28). We will stop supporting Linux distros with glibc older than 2.28 after **May 31, 2025**. Please upgrade to a recent Linux distro (with glibc >= 2.28) to use future versions of XGBoost.
Note: You have installed the 'manylinux2014' variant of XGBoost. Certain features such as GPU algorithms or federated learning are not available. To use these features, please upgrade to a recent Linux distro with glibc 2.28+, and install the 'manylinux_2_28' variant.
  warnings.warn(
/data/home/rtabares/anaconda3/envs/pyth3.12/lib/python3.12/site-packages/xgboost/core.py:377: FutureWarning: Your system has an old version of glibc (< 2.28). We will stop supporting Linux distros with glibc older than 2.28 after **May 31, 2025**. Please upgrade to a recent Linux distro (with glibc >= 2.28) to use future versions of XGBoost.
Note: You have installed the 'manylinux2014' variant of XGBoost. Certain features such as GPU algorithms or federated learning are not available. To use these features, please upgrade to a recent Linux distro with glibc 2.28+, and install the 'manylinux_2_28' variant.
  warnings.warn(
/data/home/rtabares/anaconda3/envs/pyth3.12/lib/python3.12/site-packages/xgboost/core.py:377: FutureWarning: Your system has an old version of glibc (< 2.28). We will stop supporting Linux distros with glibc older than 2.28 after **May 31, 2025**. Please upgrade to a recent Linux distro (with glibc >= 2.28) to use future versions of XGBoost.
Note: You have installed the 'manylinux2014' variant of XGBoost. Certain features such as GPU algorithms or federated learning are not available. To use these features, please upgrade to a recent Linux distro with glibc 2.28+, and install the 'manylinux_2_28' variant.
  warnings.warn(
[I 2025-05-07 07:31:11,851] Trial 12 finished with value: 0.8166666666666668 and parameters: {'n_estimators': 10, 'max_depth': 30, 'gamma': 0.1011544157548917, 'subsample': 0.5733347243337972, 'colsample_bytree': 0.8584869691904589}. Best is trial 2 with value: 0.85.
[I 2025-05-07 07:31:11,894] Trial 13 finished with value: 0.85 and parameters: {'n_estimators': 10, 'max_depth': 30, 'gamma': 0.26969270907557097, 'subsample': 0.5167254278727894, 'colsample_bytree': 0.9768008969709503}. Best is trial 2 with value: 0.85.
[I 2025-05-07 07:31:11,932] Trial 14 finished with value: 0.8166666666666667 and parameters: {'n_estimators': 10, 'max_depth': 30, 'gamma': 0.7174711896809225, 'subsample': 0.7472576734441023, 'colsample_bytree': 0.8164988107788821}. Best is trial 2 with value: 0.85.
[I 2025-05-07 07:31:11,972] Trial 15 finished with value: 0.8333333333333334 and parameters: {'n_estimators': 10, 'max_depth': 30, 'gamma': 0.2971731557179943, 'subsample': 0.5992661423760883, 'colsample_bytree': 0.6691279415225232}. Best is trial 2 with value: 0.85.
[I 2025-05-07 07:31:12,013] Trial 16 finished with value: 0.8166666666666667 and parameters: {'n_estimators': 40, 'max_depth': 5, 'gamma': 0.7980420132219588, 'subsample': 0.5787253777792672, 'colsample_bytree': 0.9091141405259261}. Best is trial 2 with value: 0.85.
/data/home/rtabares/anaconda3/envs/pyth3.12/lib/python3.12/site-packages/xgboost/core.py:377: FutureWarning: Your system has an old version of glibc (< 2.28). We will stop supporting Linux distros with glibc older than 2.28 after **May 31, 2025**. Please upgrade to a recent Linux distro (with glibc >= 2.28) to use future versions of XGBoost.
Note: You have installed the 'manylinux2014' variant of XGBoost. Certain features such as GPU algorithms or federated learning are not available. To use these features, please upgrade to a recent Linux distro with glibc 2.28+, and install the 'manylinux_2_28' variant.
  warnings.warn(
[I 2025-05-07 07:31:12,691] Trial 17 finished with value: 0.8333333333333334 and parameters: {'n_estimators': 10, 'max_depth': 30, 'gamma': 0.27752434230214473, 'subsample': 0.7341683466320832, 'colsample_bytree': 0.9171303040341284}. Best is trial 2 with value: 0.85.
[I 2025-05-07 07:31:12,730] Trial 18 finished with value: 0.85 and parameters: {'n_estimators': 10, 'max_depth': 5, 'gamma': 0.8613527117299435, 'subsample': 0.6439668494178852, 'colsample_bytree': 0.7787045660949885}. Best is trial 2 with value: 0.85.
[I 2025-05-07 07:31:12,771] Trial 19 finished with value: 0.7833333333333334 and parameters: {'n_estimators': 40, 'max_depth': 30, 'gamma': 0.643120250429362, 'subsample': 0.5011191823417127, 'colsample_bytree': 0.6592189656004869}. Best is trial 2 with value: 0.85.
[I 2025-05-07 07:31:12,809] Trial 20 finished with value: 0.8333333333333334 and parameters: {'n_estimators': 10, 'max_depth': 30, 'gamma': 0.3971313911800236, 'subsample': 0.9961764358499778, 'colsample_bytree': 0.8787898989054965}. Best is trial 2 with value: 0.85.
[I 2025-05-07 07:31:12,849] Trial 21 finished with value: 0.8333333333333334 and parameters: {'n_estimators': 10, 'max_depth': 30, 'gamma': 0.12168315694919304, 'subsample': 0.5516303485588809, 'colsample_bytree': 0.9888691680902875}. Best is trial 2 with value: 0.85.
[I 2025-05-07 07:31:12,889] Trial 22 finished with value: 0.85 and parameters: {'n_estimators': 10, 'max_depth': 30, 'gamma': 0.18674244014012567, 'subsample': 0.5027984638585743, 'colsample_bytree': 0.9573444467806399}. Best is trial 2 with value: 0.85.
[I 2025-05-07 07:31:12,927] Trial 23 finished with value: 0.8166666666666668 and parameters: {'n_estimators': 10, 'max_depth': 30, 'gamma': 0.20353215022214602, 'subsample': 0.6192215745936555, 'colsample_bytree': 0.9973781712144234}. Best is trial 2 with value: 0.85.
[I 2025-05-07 07:31:12,965] Trial 24 finished with value: 0.85 and parameters: {'n_estimators': 10, 'max_depth': 30, 'gamma': 0.4007482857183695, 'subsample': 0.545621364204734, 'colsample_bytree': 0.9504248572817469}. Best is trial 2 with value: 0.85.
[I 2025-05-07 07:31:13,004] Trial 25 finished with value: 0.85 and parameters: {'n_estimators': 10, 'max_depth': 5, 'gamma': 0.18272624081410402, 'subsample': 0.547222562175357, 'colsample_bytree': 0.8083664520076717}. Best is trial 2 with value: 0.85.
[I 2025-05-07 07:31:13,043] Trial 26 finished with value: 0.8166666666666667 and parameters: {'n_estimators': 10, 'max_depth': 30, 'gamma': 0.3286298990322492, 'subsample': 0.6952863763638644, 'colsample_bytree': 0.9009772679035251}. Best is trial 2 with value: 0.85.
[I 2025-05-07 07:31:13,084] Trial 27 finished with value: 0.8333333333333334 and parameters: {'n_estimators': 10, 'max_depth': 30, 'gamma': 0.9867539892248853, 'subsample': 0.8150793807218849, 'colsample_bytree': 0.9518663103712828}. Best is trial 2 with value: 0.85.
[I 2025-05-07 07:31:13,133] Trial 28 finished with value: 0.8 and parameters: {'n_estimators': 40, 'max_depth': 20, 'gamma': 0.6112584951300768, 'subsample': 0.5782313478826496, 'colsample_bytree': 0.8692671654268058}. Best is trial 2 with value: 0.85.
[I 2025-05-07 07:31:13,183] Trial 29 finished with value: 0.8166666666666667 and parameters: {'n_estimators': 100, 'max_depth': 5, 'gamma': 0.4631701228022636, 'subsample': 0.5312019680167462, 'colsample_bytree': 0.7022837353021307}. Best is trial 2 with value: 0.85.
[I 2025-05-07 07:31:16,875] A new study created in memory with name: rf
Parámetros guardados en checkpoint_shoppers_Doriginal_Roriginal_C/random/IPC_30/best_models_random_seed_7_space_original/xgb_best_params.json


>>> Optuna tuning rf metodo random IPC 30 seed 7


[I 2025-05-07 07:31:18,401] Trial 0 finished with value: 0.7 and parameters: {'n_estimators': 130, 'max_depth': 17, 'min_samples_split': 5, 'min_samples_leaf': 8}. Best is trial 0 with value: 0.7.
[I 2025-05-07 07:31:19,012] Trial 1 finished with value: 0.8166666666666667 and parameters: {'n_estimators': 492, 'max_depth': 12, 'min_samples_split': 6, 'min_samples_leaf': 1}. Best is trial 1 with value: 0.8166666666666667.
[I 2025-05-07 07:31:19,334] Trial 2 finished with value: 0.7166666666666666 and parameters: {'n_estimators': 207, 'max_depth': 11, 'min_samples_split': 8, 'min_samples_leaf': 9}. Best is trial 1 with value: 0.8166666666666667.
[I 2025-05-07 07:31:19,674] Trial 3 finished with value: 0.75 and parameters: {'n_estimators': 252, 'max_depth': 4, 'min_samples_split': 4, 'min_samples_leaf': 10}. Best is trial 1 with value: 0.8166666666666667.
[I 2025-05-07 07:31:19,954] Trial 4 finished with value: 0.85 and parameters: {'n_estimators': 185, 'max_depth': 11, 'min_samples_split': 10, 'min_samples_leaf': 1}. Best is trial 4 with value: 0.85.
[I 2025-05-07 07:31:20,377] Trial 5 finished with value: 0.7333333333333334 and parameters: {'n_estimators': 340, 'max_depth': 20, 'min_samples_split': 4, 'min_samples_leaf': 6}. Best is trial 4 with value: 0.85.
[I 2025-05-07 07:31:20,939] Trial 6 finished with value: 0.7333333333333334 and parameters: {'n_estimators': 464, 'max_depth': 5, 'min_samples_split': 6, 'min_samples_leaf': 8}. Best is trial 4 with value: 0.85.
[I 2025-05-07 07:31:21,380] Trial 7 finished with value: 0.7666666666666666 and parameters: {'n_estimators': 368, 'max_depth': 11, 'min_samples_split': 3, 'min_samples_leaf': 5}. Best is trial 4 with value: 0.85.
[I 2025-05-07 07:31:21,710] Trial 8 finished with value: 0.7 and parameters: {'n_estimators': 249, 'max_depth': 11, 'min_samples_split': 5, 'min_samples_leaf': 9}. Best is trial 4 with value: 0.85.
[I 2025-05-07 07:31:22,231] Trial 9 finished with value: 0.8166666666666667 and parameters: {'n_estimators': 408, 'max_depth': 8, 'min_samples_split': 7, 'min_samples_leaf': 3}. Best is trial 4 with value: 0.85.
[I 2025-05-07 07:31:22,486] Trial 10 finished with value: 0.7833333333333334 and parameters: {'n_estimators': 156, 'max_depth': 15, 'min_samples_split': 10, 'min_samples_leaf': 1}. Best is trial 4 with value: 0.85.
[I 2025-05-07 07:31:23,634] Trial 11 finished with value: 0.8 and parameters: {'n_estimators': 457, 'max_depth': 15, 'min_samples_split': 10, 'min_samples_leaf': 1}. Best is trial 4 with value: 0.85.
[I 2025-05-07 07:31:24,675] Trial 12 finished with value: 0.8166666666666667 and parameters: {'n_estimators': 302, 'max_depth': 7, 'min_samples_split': 8, 'min_samples_leaf': 3}. Best is trial 4 with value: 0.85.
[I 2025-05-07 07:31:24,877] Trial 13 finished with value: 0.7666666666666666 and parameters: {'n_estimators': 100, 'max_depth': 14, 'min_samples_split': 2, 'min_samples_leaf': 3}. Best is trial 4 with value: 0.85.
[I 2025-05-07 07:31:25,460] Trial 14 finished with value: 0.7833333333333334 and parameters: {'n_estimators': 495, 'max_depth': 8, 'min_samples_split': 8, 'min_samples_leaf': 1}. Best is trial 4 with value: 0.85.
[I 2025-05-07 07:31:25,734] Trial 15 finished with value: 0.7166666666666668 and parameters: {'n_estimators': 191, 'max_depth': 12, 'min_samples_split': 9, 'min_samples_leaf': 5}. Best is trial 4 with value: 0.85.
[I 2025-05-07 07:31:26,101] Trial 16 finished with value: 0.8 and parameters: {'n_estimators': 271, 'max_depth': 18, 'min_samples_split': 6, 'min_samples_leaf': 2}. Best is trial 4 with value: 0.85.
[I 2025-05-07 07:31:26,567] Trial 17 finished with value: 0.8333333333333334 and parameters: {'n_estimators': 383, 'max_depth': 13, 'min_samples_split': 7, 'min_samples_leaf': 4}. Best is trial 4 with value: 0.85.
[I 2025-05-07 07:31:27,008] Trial 18 finished with value: 0.7833333333333334 and parameters: {'n_estimators': 390, 'max_depth': 9, 'min_samples_split': 9, 'min_samples_leaf': 4}. Best is trial 4 with value: 0.85.
[I 2025-05-07 07:31:27,415] Trial 19 finished with value: 0.7500000000000002 and parameters: {'n_estimators': 312, 'max_depth': 14, 'min_samples_split': 7, 'min_samples_leaf': 6}. Best is trial 4 with value: 0.85.
[I 2025-05-07 07:31:27,689] Trial 20 finished with value: 0.8166666666666667 and parameters: {'n_estimators': 202, 'max_depth': 17, 'min_samples_split': 9, 'min_samples_leaf': 4}. Best is trial 4 with value: 0.85.
[I 2025-05-07 07:31:28,241] Trial 21 finished with value: 0.8 and parameters: {'n_estimators': 441, 'max_depth': 13, 'min_samples_split': 7, 'min_samples_leaf': 2}. Best is trial 4 with value: 0.85.
[I 2025-05-07 07:31:28,749] Trial 22 finished with value: 0.8166666666666667 and parameters: {'n_estimators': 417, 'max_depth': 10, 'min_samples_split': 5, 'min_samples_leaf': 2}. Best is trial 4 with value: 0.85.
[I 2025-05-07 07:31:29,408] Trial 23 finished with value: 0.8166666666666667 and parameters: {'n_estimators': 495, 'max_depth': 13, 'min_samples_split': 6, 'min_samples_leaf': 1}. Best is trial 4 with value: 0.85.
[I 2025-05-07 07:31:30,173] Trial 24 finished with value: 0.8 and parameters: {'n_estimators': 341, 'max_depth': 6, 'min_samples_split': 10, 'min_samples_leaf': 4}. Best is trial 4 with value: 0.85.
[I 2025-05-07 07:31:31,496] Trial 25 finished with value: 0.8 and parameters: {'n_estimators': 367, 'max_depth': 9, 'min_samples_split': 7, 'min_samples_leaf': 2}. Best is trial 4 with value: 0.85.
[I 2025-05-07 07:31:32,263] Trial 26 finished with value: 0.7333333333333334 and parameters: {'n_estimators': 433, 'max_depth': 12, 'min_samples_split': 4, 'min_samples_leaf': 7}. Best is trial 4 with value: 0.85.
[I 2025-05-07 07:31:32,634] Trial 27 finished with value: 0.8166666666666667 and parameters: {'n_estimators': 163, 'max_depth': 16, 'min_samples_split': 8, 'min_samples_leaf': 3}. Best is trial 4 with value: 0.85.
[I 2025-05-07 07:31:33,270] Trial 28 finished with value: 0.8 and parameters: {'n_estimators': 279, 'max_depth': 10, 'min_samples_split': 5, 'min_samples_leaf': 2}. Best is trial 4 with value: 0.85.
[I 2025-05-07 07:31:33,701] Trial 29 finished with value: 0.7833333333333334 and parameters: {'n_estimators': 231, 'max_depth': 13, 'min_samples_split': 6, 'min_samples_leaf': 1}. Best is trial 4 with value: 0.85.
[I 2025-05-07 07:31:42,483] A new study created in memory with name: svc
Parámetros guardados en checkpoint_shoppers_Doriginal_Roriginal_C/random/IPC_30/best_models_random_seed_7_space_original/rf_best_params.json


>>> Optuna tuning svc metodo random IPC 30 seed 7


[I 2025-05-07 07:31:43,723] Trial 0 finished with value: 0.7166666666666668 and parameters: {'C': 0.020194502448102298, 'gamma': 0.13172711156111802}. Best is trial 0 with value: 0.7166666666666668.
[I 2025-05-07 07:31:43,760] Trial 1 finished with value: 0.6833333333333333 and parameters: {'C': 0.5670703311028815, 'gamma': 0.0783178418343345}. Best is trial 0 with value: 0.7166666666666668.
[I 2025-05-07 07:31:43,783] Trial 2 finished with value: 0.7166666666666667 and parameters: {'C': 81.65034948781698, 'gamma': 0.014255533717547383}. Best is trial 0 with value: 0.7166666666666668.
[I 2025-05-07 07:31:43,795] Trial 3 finished with value: 0.6666666666666667 and parameters: {'C': 1.0103732850016278, 'gamma': 0.00019418001640357854}. Best is trial 0 with value: 0.7166666666666668.
[I 2025-05-07 07:31:43,828] Trial 4 finished with value: 0.6666666666666666 and parameters: {'C': 0.11851025167261421, 'gamma': 0.00998918377985214}. Best is trial 0 with value: 0.7166666666666668.
[I 2025-05-07 07:31:43,853] Trial 5 finished with value: 0.7 and parameters: {'C': 5.2109869371584665, 'gamma': 0.16404241128227343}. Best is trial 0 with value: 0.7166666666666668.
[I 2025-05-07 07:31:43,866] Trial 6 finished with value: 0.6666666666666667 and parameters: {'C': 0.3340138940215422, 'gamma': 0.00018354619576988685}. Best is trial 0 with value: 0.7166666666666668.
[I 2025-05-07 07:31:43,879] Trial 7 finished with value: 0.6166666666666667 and parameters: {'C': 0.1420961781588805, 'gamma': 0.434884682155233}. Best is trial 0 with value: 0.7166666666666668.
[I 2025-05-07 07:31:43,892] Trial 8 finished with value: 0.6666666666666667 and parameters: {'C': 0.07137422643361827, 'gamma': 0.006434219125545069}. Best is trial 0 with value: 0.7166666666666668.
[I 2025-05-07 07:31:43,906] Trial 9 finished with value: 0.6833333333333333 and parameters: {'C': 53.066944048916255, 'gamma': 0.00012577574840733457}. Best is trial 0 with value: 0.7166666666666668.
[I 2025-05-07 07:31:43,933] Trial 10 finished with value: 0.6666666666666667 and parameters: {'C': 0.03640440383641323, 'gamma': 0.001366002544888146}. Best is trial 0 with value: 0.7166666666666668.
[I 2025-05-07 07:31:45,001] Trial 11 finished with value: 0.6833333333333333 and parameters: {'C': 87.22425730882965, 'gamma': 0.08284739156693177}. Best is trial 0 with value: 0.7166666666666668.
[I 2025-05-07 07:31:46,008] Trial 12 finished with value: 0.7166666666666667 and parameters: {'C': 10.06344151138233, 'gamma': 0.03035824879476184}. Best is trial 0 with value: 0.7166666666666668.
[I 2025-05-07 07:31:46,030] Trial 13 finished with value: 0.5666666666666667 and parameters: {'C': 0.01472617724877776, 'gamma': 0.705452106034104}. Best is trial 0 with value: 0.7166666666666668.
[I 2025-05-07 07:31:46,067] Trial 14 finished with value: 0.6833333333333333 and parameters: {'C': 5.023964905562025, 'gamma': 0.0030856107001655656}. Best is trial 0 with value: 0.7166666666666668.
[I 2025-05-07 07:31:46,089] Trial 15 finished with value: 0.6666666666666666 and parameters: {'C': 0.011719948006087014, 'gamma': 0.02350622053059738}. Best is trial 0 with value: 0.7166666666666668.
[I 2025-05-07 07:31:46,111] Trial 16 finished with value: 0.7166666666666666 and parameters: {'C': 17.626120287346936, 'gamma': 0.0018706666796445262}. Best is trial 0 with value: 0.7166666666666668.
[I 2025-05-07 07:31:46,140] Trial 17 finished with value: 0.7166666666666667 and parameters: {'C': 1.6856571881852607, 'gamma': 0.029561799093547243}. Best is trial 0 with value: 0.7166666666666668.
[I 2025-05-07 07:31:46,170] Trial 18 finished with value: 0.6833333333333333 and parameters: {'C': 27.80013743808034, 'gamma': 0.18844624216434822}. Best is trial 0 with value: 0.7166666666666668.
[I 2025-05-07 07:31:46,192] Trial 19 finished with value: 0.6666666666666667 and parameters: {'C': 0.3123208138813143, 'gamma': 0.0006860990156244822}. Best is trial 0 with value: 0.7166666666666668.
[I 2025-05-07 07:31:46,214] Trial 20 finished with value: 0.7 and parameters: {'C': 2.361916735329474, 'gamma': 0.05479011376502129}. Best is trial 0 with value: 0.7166666666666668.
[I 2025-05-07 07:31:46,243] Trial 21 finished with value: 0.7166666666666667 and parameters: {'C': 12.635132040381645, 'gamma': 0.025178417057089855}. Best is trial 0 with value: 0.7166666666666668.
[I 2025-05-07 07:31:46,262] Trial 22 finished with value: 0.7 and parameters: {'C': 8.769631751491914, 'gamma': 0.00580869424154822}. Best is trial 0 with value: 0.7166666666666668.
[I 2025-05-07 07:31:46,292] Trial 23 finished with value: 0.7333333333333334 and parameters: {'C': 31.690068933018658, 'gamma': 0.012937082334558477}. Best is trial 23 with value: 0.7333333333333334.
[I 2025-05-07 07:31:46,323] Trial 24 finished with value: 0.6833333333333333 and parameters: {'C': 29.276133773942213, 'gamma': 0.29107920038934215}. Best is trial 23 with value: 0.7333333333333334.
[I 2025-05-07 07:31:46,343] Trial 25 finished with value: 0.7166666666666667 and parameters: {'C': 70.86064573192981, 'gamma': 0.013797748883407028}. Best is trial 23 with value: 0.7333333333333334.
[I 2025-05-07 07:31:46,383] Trial 26 finished with value: 0.6666666666666667 and parameters: {'C': 38.120077337913926, 'gamma': 0.003990344560339526}. Best is trial 23 with value: 0.7333333333333334.
[I 2025-05-07 07:31:46,408] Trial 27 finished with value: 0.6499999999999999 and parameters: {'C': 89.29740120933299, 'gamma': 0.8965418671536839}. Best is trial 23 with value: 0.7333333333333334.
[I 2025-05-07 07:31:46,439] Trial 28 finished with value: 0.6666666666666667 and parameters: {'C': 0.028909903469296176, 'gamma': 0.0005785394495883355}. Best is trial 23 with value: 0.7333333333333334.
