[I 2025-05-07 07:32:44,258] Trial 14 finished with value: 0.7333333333333333 and parameters: {'C': 78.65413430994755, 'gamma': 0.16666160909919406}. Best is trial 5 with value: 0.75.
[I 2025-05-07 07:32:44,293] Trial 15 finished with value: 0.7333333333333334 and parameters: {'C': 1.3259463580937678, 'gamma': 0.01692419244282281}. Best is trial 5 with value: 0.75.
[I 2025-05-07 07:32:44,317] Trial 16 finished with value: 0.75 and parameters: {'C': 9.69778920414827, 'gamma': 0.0028633649426661927}. Best is trial 5 with value: 0.75.
[I 2025-05-07 07:32:44,339] Trial 17 finished with value: 0.75 and parameters: {'C': 17.010484419741594, 'gamma': 0.0015663580521172538}. Best is trial 5 with value: 0.75.
[I 2025-05-07 07:32:44,978] Trial 18 finished with value: 0.65 and parameters: {'C': 9.441169356074969, 'gamma': 0.0002552943020710109}. Best is trial 5 with value: 0.75.
[I 2025-05-07 07:32:45,013] Trial 19 finished with value: 0.7 and parameters: {'C': 97.81052465562725, 'gamma': 0.2012557890828711}. Best is trial 5 with value: 0.75.
[I 2025-05-07 07:32:45,651] Trial 20 finished with value: 0.6666666666666667 and parameters: {'C': 0.40816024892977393, 'gamma': 0.002519117474335368}. Best is trial 5 with value: 0.75.
[I 2025-05-07 07:32:45,685] Trial 21 finished with value: 0.7333333333333334 and parameters: {'C': 13.84331057100427, 'gamma': 0.0011013288401943535}. Best is trial 5 with value: 0.75.
[I 2025-05-07 07:32:45,707] Trial 22 finished with value: 0.7 and parameters: {'C': 26.81176674519773, 'gamma': 0.0030328589282359805}. Best is trial 5 with value: 0.75.
[I 2025-05-07 07:32:45,732] Trial 23 finished with value: 0.75 and parameters: {'C': 5.693423713115182, 'gamma': 0.02164982974098412}. Best is trial 5 with value: 0.75.
[I 2025-05-07 07:32:45,756] Trial 24 finished with value: 0.7333333333333334 and parameters: {'C': 1.526687534059583, 'gamma': 0.006764791415686628}. Best is trial 5 with value: 0.75.
[I 2025-05-07 07:32:45,788] Trial 25 finished with value: 0.75 and parameters: {'C': 17.034878403769298, 'gamma': 0.0012704838832077426}. Best is trial 5 with value: 0.75.
[I 2025-05-07 07:32:45,811] Trial 26 finished with value: 0.6666666666666666 and parameters: {'C': 51.15581696102426, 'gamma': 0.002436508905745295}. Best is trial 5 with value: 0.75.
[I 2025-05-07 07:32:45,832] Trial 27 finished with value: 0.6333333333333334 and parameters: {'C': 6.443443124772672, 'gamma': 0.00034277955407955137}. Best is trial 5 with value: 0.75.
[I 2025-05-07 07:32:45,854] Trial 28 finished with value: 0.7 and parameters: {'C': 0.6289739180356391, 'gamma': 0.009225857172359441}. Best is trial 5 with value: 0.75.
[I 2025-05-07 07:32:45,885] Trial 29 finished with value: 0.6333333333333334 and parameters: {'C': 21.44592820236891, 'gamma': 0.027859758089374062}. Best is trial 5 with value: 0.75.
[I 2025-05-07 07:32:49,451] A new study created in memory with name: logreg
Parámetros guardados en checkpoint_shoppers_Doriginal_Roriginal_C/random/IPC_30/best_models_random_seed_8_space_original/svc_best_params.json


>>> Optuna tuning logreg metodo random IPC 30 seed 8


[I 2025-05-07 07:32:50,598] Trial 0 finished with value: 0.5999999999999999 and parameters: {'C': 23.288794782471303, 'penalty': 'l2'}. Best is trial 0 with value: 0.5999999999999999.
[I 2025-05-07 07:32:50,654] Trial 1 finished with value: 0.6166666666666665 and parameters: {'C': 69.61507800412923, 'penalty': 'l2'}. Best is trial 1 with value: 0.6166666666666665.
[I 2025-05-07 07:32:50,680] Trial 2 finished with value: 0.5999999999999999 and parameters: {'C': 22.180569925473442, 'penalty': 'l2'}. Best is trial 1 with value: 0.6166666666666665.
[I 2025-05-07 07:32:50,705] Trial 3 finished with value: 0.7166666666666666 and parameters: {'C': 0.4511058486037652, 'penalty': 'l2'}. Best is trial 3 with value: 0.7166666666666666.
[I 2025-05-07 07:32:50,730] Trial 4 finished with value: 0.75 and parameters: {'C': 0.014576110093994574, 'penalty': 'l2'}. Best is trial 4 with value: 0.75.
[I 2025-05-07 07:32:50,755] Trial 5 finished with value: 0.75 and parameters: {'C': 0.0011402340906886685, 'penalty': 'l2'}. Best is trial 4 with value: 0.75.
[I 2025-05-07 07:32:50,780] Trial 6 finished with value: 0.75 and parameters: {'C': 0.14201822862985758, 'penalty': 'l2'}. Best is trial 4 with value: 0.75.
[I 2025-05-07 07:32:50,806] Trial 7 finished with value: 0.7666666666666666 and parameters: {'C': 0.1027440782219989, 'penalty': 'l2'}. Best is trial 7 with value: 0.7666666666666666.
[I 2025-05-07 07:32:50,831] Trial 8 finished with value: 0.7166666666666666 and parameters: {'C': 0.41055690122086846, 'penalty': 'l2'}. Best is trial 7 with value: 0.7666666666666666.
[I 2025-05-07 07:32:50,857] Trial 9 finished with value: 0.75 and parameters: {'C': 0.24658064201770763, 'penalty': 'l2'}. Best is trial 7 with value: 0.7666666666666666.
[I 2025-05-07 07:32:50,892] Trial 10 finished with value: 0.75 and parameters: {'C': 0.014566327335279527, 'penalty': 'l2'}. Best is trial 7 with value: 0.7666666666666666.
[I 2025-05-07 07:32:51,560] Trial 11 finished with value: 0.75 and parameters: {'C': 0.011397168801592306, 'penalty': 'l2'}. Best is trial 7 with value: 0.7666666666666666.
[I 2025-05-07 07:32:52,216] Trial 12 finished with value: 0.7666666666666668 and parameters: {'C': 0.029950578284167292, 'penalty': 'l2'}. Best is trial 12 with value: 0.7666666666666668.
[I 2025-05-07 07:32:52,247] Trial 13 finished with value: 0.65 and parameters: {'C': 3.035435412892837, 'penalty': 'l2'}. Best is trial 12 with value: 0.7666666666666668.
[I 2025-05-07 07:32:52,278] Trial 14 finished with value: 0.75 and parameters: {'C': 0.046789513838663734, 'penalty': 'l2'}. Best is trial 12 with value: 0.7666666666666668.
[I 2025-05-07 07:32:52,308] Trial 15 finished with value: 0.7333333333333334 and parameters: {'C': 0.003102573129026596, 'penalty': 'l2'}. Best is trial 12 with value: 0.7666666666666668.
[I 2025-05-07 07:32:52,339] Trial 16 finished with value: 0.65 and parameters: {'C': 1.1020962735777917, 'penalty': 'l2'}. Best is trial 12 with value: 0.7666666666666668.
[I 2025-05-07 07:32:52,370] Trial 17 finished with value: 0.7666666666666668 and parameters: {'C': 0.0712071886592868, 'penalty': 'l2'}. Best is trial 12 with value: 0.7666666666666668.
[I 2025-05-07 07:32:52,401] Trial 18 finished with value: 0.7666666666666668 and parameters: {'C': 0.03955529549923813, 'penalty': 'l2'}. Best is trial 12 with value: 0.7666666666666668.
[I 2025-05-07 07:32:53,035] Trial 19 finished with value: 0.65 and parameters: {'C': 2.3119897940385807, 'penalty': 'l2'}. Best is trial 12 with value: 0.7666666666666668.
[I 2025-05-07 07:32:53,064] Trial 20 finished with value: 0.7166666666666666 and parameters: {'C': 0.003836304731484883, 'penalty': 'l2'}. Best is trial 12 with value: 0.7666666666666668.
[I 2025-05-07 07:32:53,084] Trial 21 finished with value: 0.7666666666666668 and parameters: {'C': 0.03160396867176724, 'penalty': 'l2'}. Best is trial 12 with value: 0.7666666666666668.
[I 2025-05-07 07:32:53,103] Trial 22 finished with value: 0.75 and parameters: {'C': 0.05275101103374245, 'penalty': 'l2'}. Best is trial 12 with value: 0.7666666666666668.
[I 2025-05-07 07:32:53,132] Trial 23 finished with value: 0.7166666666666666 and parameters: {'C': 0.005773406370664352, 'penalty': 'l2'}. Best is trial 12 with value: 0.7666666666666668.
[I 2025-05-07 07:32:53,153] Trial 24 finished with value: 0.7666666666666668 and parameters: {'C': 0.027224960875616537, 'penalty': 'l2'}. Best is trial 12 with value: 0.7666666666666668.
[I 2025-05-07 07:32:53,171] Trial 25 finished with value: 0.75 and parameters: {'C': 0.06301975790566752, 'penalty': 'l2'}. Best is trial 12 with value: 0.7666666666666668.
[I 2025-05-07 07:32:53,189] Trial 26 finished with value: 0.75 and parameters: {'C': 0.170415537742006, 'penalty': 'l2'}. Best is trial 12 with value: 0.7666666666666668.
[I 2025-05-07 07:32:53,209] Trial 27 finished with value: 0.7333333333333332 and parameters: {'C': 0.008243995348671018, 'penalty': 'l2'}. Best is trial 12 with value: 0.7666666666666668.
[I 2025-05-07 07:32:53,240] Trial 28 finished with value: 0.6833333333333333 and parameters: {'C': 0.7834665389626608, 'penalty': 'l2'}. Best is trial 12 with value: 0.7666666666666668.
[I 2025-05-07 07:32:53,259] Trial 29 finished with value: 0.75 and parameters: {'C': 0.0013029637427738117, 'penalty': 'l2'}. Best is trial 12 with value: 0.7666666666666668.
[I 2025-05-07 07:32:55,133] A new study created in memory with name: mlp
Parámetros guardados en checkpoint_shoppers_Doriginal_Roriginal_C/random/IPC_30/best_models_random_seed_8_space_original/logreg_best_params.json


>>> Optuna tuning mlp metodo random IPC 30 seed 8


/data/home/rtabares/anaconda3/envs/pyth3.12/lib/python3.12/site-packages/sklearn/neural_network/_multilayer_perceptron.py:691: ConvergenceWarning: Stochastic Optimizer: Maximum iterations (50) reached and the optimization hasn't converged yet.
  warnings.warn(
/data/home/rtabares/anaconda3/envs/pyth3.12/lib/python3.12/site-packages/sklearn/neural_network/_multilayer_perceptron.py:691: ConvergenceWarning: Stochastic Optimizer: Maximum iterations (50) reached and the optimization hasn't converged yet.
  warnings.warn(
/data/home/rtabares/anaconda3/envs/pyth3.12/lib/python3.12/site-packages/sklearn/neural_network/_multilayer_perceptron.py:691: ConvergenceWarning: Stochastic Optimizer: Maximum iterations (50) reached and the optimization hasn't converged yet.
  warnings.warn(
/data/home/rtabares/anaconda3/envs/pyth3.12/lib/python3.12/site-packages/sklearn/neural_network/_multilayer_perceptron.py:691: ConvergenceWarning: Stochastic Optimizer: Maximum iterations (50) reached and the optimization hasn't converged yet.
  warnings.warn(
/data/home/rtabares/anaconda3/envs/pyth3.12/lib/python3.12/site-packages/sklearn/neural_network/_multilayer_perceptron.py:691: ConvergenceWarning: Stochastic Optimizer: Maximum iterations (50) reached and the optimization hasn't converged yet.
  warnings.warn(
[I 2025-05-07 07:32:58,157] Trial 0 finished with value: 0.6666666666666667 and parameters: {'hidden_layer_sizes': (200,), 'max_iter': 50, 'alpha': 0.001}. Best is trial 0 with value: 0.6666666666666667.
/data/home/rtabares/anaconda3/envs/pyth3.12/lib/python3.12/site-packages/sklearn/neural_network/_multilayer_perceptron.py:691: ConvergenceWarning: Stochastic Optimizer: Maximum iterations (50) reached and the optimization hasn't converged yet.
  warnings.warn(
/data/home/rtabares/anaconda3/envs/pyth3.12/lib/python3.12/site-packages/sklearn/neural_network/_multilayer_perceptron.py:691: ConvergenceWarning: Stochastic Optimizer: Maximum iterations (50) reached and the optimization hasn't converged yet.
  warnings.warn(
/data/home/rtabares/anaconda3/envs/pyth3.12/lib/python3.12/site-packages/sklearn/neural_network/_multilayer_perceptron.py:691: ConvergenceWarning: Stochastic Optimizer: Maximum iterations (50) reached and the optimization hasn't converged yet.
  warnings.warn(
/data/home/rtabares/anaconda3/envs/pyth3.12/lib/python3.12/site-packages/sklearn/neural_network/_multilayer_perceptron.py:691: ConvergenceWarning: Stochastic Optimizer: Maximum iterations (50) reached and the optimization hasn't converged yet.
  warnings.warn(
/data/home/rtabares/anaconda3/envs/pyth3.12/lib/python3.12/site-packages/sklearn/neural_network/_multilayer_perceptron.py:691: ConvergenceWarning: Stochastic Optimizer: Maximum iterations (50) reached and the optimization hasn't converged yet.
  warnings.warn(
[I 2025-05-07 07:32:58,330] Trial 1 finished with value: 0.6666666666666667 and parameters: {'hidden_layer_sizes': (200,), 'max_iter': 50, 'alpha': 0.0001}. Best is trial 0 with value: 0.6666666666666667.
/data/home/rtabares/anaconda3/envs/pyth3.12/lib/python3.12/site-packages/sklearn/neural_network/_multilayer_perceptron.py:691: ConvergenceWarning: Stochastic Optimizer: Maximum iterations (50) reached and the optimization hasn't converged yet.
  warnings.warn(
/data/home/rtabares/anaconda3/envs/pyth3.12/lib/python3.12/site-packages/sklearn/neural_network/_multilayer_perceptron.py:691: ConvergenceWarning: Stochastic Optimizer: Maximum iterations (50) reached and the optimization hasn't converged yet.
  warnings.warn(
/data/home/rtabares/anaconda3/envs/pyth3.12/lib/python3.12/site-packages/sklearn/neural_network/_multilayer_perceptron.py:691: ConvergenceWarning: Stochastic Optimizer: Maximum iterations (50) reached and the optimization hasn't converged yet.
  warnings.warn(
/data/home/rtabares/anaconda3/envs/pyth3.12/lib/python3.12/site-packages/sklearn/neural_network/_multilayer_perceptron.py:691: ConvergenceWarning: Stochastic Optimizer: Maximum iterations (50) reached and the optimization hasn't converged yet.
  warnings.warn(
/data/home/rtabares/anaconda3/envs/pyth3.12/lib/python3.12/site-packages/sklearn/neural_network/_multilayer_perceptron.py:691: ConvergenceWarning: Stochastic Optimizer: Maximum iterations (50) reached and the optimization hasn't converged yet.
  warnings.warn(
[I 2025-05-07 07:32:58,388] Trial 2 finished with value: 0.7 and parameters: {'hidden_layer_sizes': (100,), 'max_iter': 50, 'alpha': 0.0001}. Best is trial 2 with value: 0.7.
/data/home/rtabares/anaconda3/envs/pyth3.12/lib/python3.12/site-packages/sklearn/neural_network/_multilayer_perceptron.py:691: ConvergenceWarning: Stochastic Optimizer: Maximum iterations (100) reached and the optimization hasn't converged yet.
  warnings.warn(
/data/home/rtabares/anaconda3/envs/pyth3.12/lib/python3.12/site-packages/sklearn/neural_network/_multilayer_perceptron.py:691: ConvergenceWarning: Stochastic Optimizer: Maximum iterations (100) reached and the optimization hasn't converged yet.
  warnings.warn(
/data/home/rtabares/anaconda3/envs/pyth3.12/lib/python3.12/site-packages/sklearn/neural_network/_multilayer_perceptron.py:691: ConvergenceWarning: Stochastic Optimizer: Maximum iterations (100) reached and the optimization hasn't converged yet.
  warnings.warn(
/data/home/rtabares/anaconda3/envs/pyth3.12/lib/python3.12/site-packages/sklearn/neural_network/_multilayer_perceptron.py:691: ConvergenceWarning: Stochastic Optimizer: Maximum iterations (100) reached and the optimization hasn't converged yet.
  warnings.warn(
/data/home/rtabares/anaconda3/envs/pyth3.12/lib/python3.12/site-packages/sklearn/neural_network/_multilayer_perceptron.py:691: ConvergenceWarning: Stochastic Optimizer: Maximum iterations (100) reached and the optimization hasn't converged yet.
  warnings.warn(
[I 2025-05-07 07:32:58,465] Trial 3 finished with value: 0.65 and parameters: {'hidden_layer_sizes': (100,), 'max_iter': 100, 'alpha': 0.001}. Best is trial 2 with value: 0.7.
/data/home/rtabares/anaconda3/envs/pyth3.12/lib/python3.12/site-packages/sklearn/neural_network/_multilayer_perceptron.py:691: ConvergenceWarning: Stochastic Optimizer: Maximum iterations (100) reached and the optimization hasn't converged yet.
  warnings.warn(
/data/home/rtabares/anaconda3/envs/pyth3.12/lib/python3.12/site-packages/sklearn/neural_network/_multilayer_perceptron.py:691: ConvergenceWarning: Stochastic Optimizer: Maximum iterations (100) reached and the optimization hasn't converged yet.
  warnings.warn(
/data/home/rtabares/anaconda3/envs/pyth3.12/lib/python3.12/site-packages/sklearn/neural_network/_multilayer_perceptron.py:691: ConvergenceWarning: Stochastic Optimizer: Maximum iterations (100) reached and the optimization hasn't converged yet.
  warnings.warn(
/data/home/rtabares/anaconda3/envs/pyth3.12/lib/python3.12/site-packages/sklearn/neural_network/_multilayer_perceptron.py:691: ConvergenceWarning: Stochastic Optimizer: Maximum iterations (100) reached and the optimization hasn't converged yet.
  warnings.warn(
/data/home/rtabares/anaconda3/envs/pyth3.12/lib/python3.12/site-packages/sklearn/neural_network/_multilayer_perceptron.py:691: ConvergenceWarning: Stochastic Optimizer: Maximum iterations (100) reached and the optimization hasn't converged yet.
  warnings.warn(
[I 2025-05-07 07:32:58,561] Trial 4 finished with value: 0.6666666666666666 and parameters: {'hidden_layer_sizes': (200,), 'max_iter': 100, 'alpha': 0.001}. Best is trial 2 with value: 0.7.
/data/home/rtabares/anaconda3/envs/pyth3.12/lib/python3.12/site-packages/sklearn/neural_network/_multilayer_perceptron.py:691: ConvergenceWarning: Stochastic Optimizer: Maximum iterations (50) reached and the optimization hasn't converged yet.
  warnings.warn(
/data/home/rtabares/anaconda3/envs/pyth3.12/lib/python3.12/site-packages/sklearn/neural_network/_multilayer_perceptron.py:691: ConvergenceWarning: Stochastic Optimizer: Maximum iterations (50) reached and the optimization hasn't converged yet.
  warnings.warn(
/data/home/rtabares/anaconda3/envs/pyth3.12/lib/python3.12/site-packages/sklearn/neural_network/_multilayer_perceptron.py:691: ConvergenceWarning: Stochastic Optimizer: Maximum iterations (50) reached and the optimization hasn't converged yet.
  warnings.warn(
/data/home/rtabares/anaconda3/envs/pyth3.12/lib/python3.12/site-packages/sklearn/neural_network/_multilayer_perceptron.py:691: ConvergenceWarning: Stochastic Optimizer: Maximum iterations (50) reached and the optimization hasn't converged yet.
  warnings.warn(
/data/home/rtabares/anaconda3/envs/pyth3.12/lib/python3.12/site-packages/sklearn/neural_network/_multilayer_perceptron.py:691: ConvergenceWarning: Stochastic Optimizer: Maximum iterations (50) reached and the optimization hasn't converged yet.
  warnings.warn(
[I 2025-05-07 07:32:58,616] Trial 5 finished with value: 0.6666666666666666 and parameters: {'hidden_layer_sizes': (200,), 'max_iter': 50, 'alpha': 0.001}. Best is trial 2 with value: 0.7.
/data/home/rtabares/anaconda3/envs/pyth3.12/lib/python3.12/site-packages/sklearn/neural_network/_multilayer_perceptron.py:691: ConvergenceWarning: Stochastic Optimizer: Maximum iterations (100) reached and the optimization hasn't converged yet.
  warnings.warn(
/data/home/rtabares/anaconda3/envs/pyth3.12/lib/python3.12/site-packages/sklearn/neural_network/_multilayer_perceptron.py:691: ConvergenceWarning: Stochastic Optimizer: Maximum iterations (100) reached and the optimization hasn't converged yet.
  warnings.warn(
/data/home/rtabares/anaconda3/envs/pyth3.12/lib/python3.12/site-packages/sklearn/neural_network/_multilayer_perceptron.py:691: ConvergenceWarning: Stochastic Optimizer: Maximum iterations (100) reached and the optimization hasn't converged yet.
  warnings.warn(
/data/home/rtabares/anaconda3/envs/pyth3.12/lib/python3.12/site-packages/sklearn/neural_network/_multilayer_perceptron.py:691: ConvergenceWarning: Stochastic Optimizer: Maximum iterations (100) reached and the optimization hasn't converged yet.
  warnings.warn(
/data/home/rtabares/anaconda3/envs/pyth3.12/lib/python3.12/site-packages/sklearn/neural_network/_multilayer_perceptron.py:691: ConvergenceWarning: Stochastic Optimizer: Maximum iterations (100) reached and the optimization hasn't converged yet.
  warnings.warn(
[I 2025-05-07 07:32:58,690] Trial 6 finished with value: 0.7 and parameters: {'hidden_layer_sizes': (100,), 'max_iter': 100, 'alpha': 0.0001}. Best is trial 2 with value: 0.7.
/data/home/rtabares/anaconda3/envs/pyth3.12/lib/python3.12/site-packages/sklearn/neural_network/_multilayer_perceptron.py:691: ConvergenceWarning: Stochastic Optimizer: Maximum iterations (50) reached and the optimization hasn't converged yet.
  warnings.warn(
/data/home/rtabares/anaconda3/envs/pyth3.12/lib/python3.12/site-packages/sklearn/neural_network/_multilayer_perceptron.py:691: ConvergenceWarning: Stochastic Optimizer: Maximum iterations (50) reached and the optimization hasn't converged yet.
  warnings.warn(
/data/home/rtabares/anaconda3/envs/pyth3.12/lib/python3.12/site-packages/sklearn/neural_network/_multilayer_perceptron.py:691: ConvergenceWarning: Stochastic Optimizer: Maximum iterations (50) reached and the optimization hasn't converged yet.
  warnings.warn(
/data/home/rtabares/anaconda3/envs/pyth3.12/lib/python3.12/site-packages/sklearn/neural_network/_multilayer_perceptron.py:691: ConvergenceWarning: Stochastic Optimizer: Maximum iterations (50) reached and the optimization hasn't converged yet.
  warnings.warn(
/data/home/rtabares/anaconda3/envs/pyth3.12/lib/python3.12/site-packages/sklearn/neural_network/_multilayer_perceptron.py:691: ConvergenceWarning: Stochastic Optimizer: Maximum iterations (50) reached and the optimization hasn't converged yet.
  warnings.warn(
