[I 2025-05-07 07:41:29,468] Trial 0 finished with value: 0.85 and parameters: {'n_estimators': 100, 'max_depth': 20, 'gamma': 0.6994915007367903, 'subsample': 0.993947724137981, 'colsample_bytree': 0.6284842113019151}. Best is trial 0 with value: 0.85.
/data/home/rtabares/anaconda3/envs/pyth3.12/lib/python3.12/site-packages/xgboost/core.py:377: FutureWarning: Your system has an old version of glibc (< 2.28). We will stop supporting Linux distros with glibc older than 2.28 after **May 31, 2025**. Please upgrade to a recent Linux distro (with glibc >= 2.28) to use future versions of XGBoost.
Note: You have installed the 'manylinux2014' variant of XGBoost. Certain features such as GPU algorithms or federated learning are not available. To use these features, please upgrade to a recent Linux distro with glibc 2.28+, and install the 'manylinux_2_28' variant.
  warnings.warn(
/data/home/rtabares/anaconda3/envs/pyth3.12/lib/python3.12/site-packages/xgboost/core.py:377: FutureWarning: Your system has an old version of glibc (< 2.28). We will stop supporting Linux distros with glibc older than 2.28 after **May 31, 2025**. Please upgrade to a recent Linux distro (with glibc >= 2.28) to use future versions of XGBoost.
Note: You have installed the 'manylinux2014' variant of XGBoost. Certain features such as GPU algorithms or federated learning are not available. To use these features, please upgrade to a recent Linux distro with glibc 2.28+, and install the 'manylinux_2_28' variant.
  warnings.warn(
[I 2025-05-07 07:41:29,529] Trial 1 finished with value: 0.85 and parameters: {'n_estimators': 100, 'max_depth': 5, 'gamma': 0.3679513676702738, 'subsample': 0.8434850956699218, 'colsample_bytree': 0.9308130280008231}. Best is trial 0 with value: 0.85.
/data/home/rtabares/anaconda3/envs/pyth3.12/lib/python3.12/site-packages/xgboost/core.py:377: FutureWarning: Your system has an old version of glibc (< 2.28). We will stop supporting Linux distros with glibc older than 2.28 after **May 31, 2025**. Please upgrade to a recent Linux distro (with glibc >= 2.28) to use future versions of XGBoost.
Note: You have installed the 'manylinux2014' variant of XGBoost. Certain features such as GPU algorithms or federated learning are not available. To use these features, please upgrade to a recent Linux distro with glibc 2.28+, and install the 'manylinux_2_28' variant.
  warnings.warn(
[I 2025-05-07 07:41:29,577] Trial 2 finished with value: 0.8333333333333333 and parameters: {'n_estimators': 100, 'max_depth': 30, 'gamma': 0.27767915605191973, 'subsample': 0.9747276470979912, 'colsample_bytree': 0.7383001929927187}. Best is trial 0 with value: 0.85.
/data/home/rtabares/anaconda3/envs/pyth3.12/lib/python3.12/site-packages/xgboost/core.py:377: FutureWarning: Your system has an old version of glibc (< 2.28). We will stop supporting Linux distros with glibc older than 2.28 after **May 31, 2025**. Please upgrade to a recent Linux distro (with glibc >= 2.28) to use future versions of XGBoost.
Note: You have installed the 'manylinux2014' variant of XGBoost. Certain features such as GPU algorithms or federated learning are not available. To use these features, please upgrade to a recent Linux distro with glibc 2.28+, and install the 'manylinux_2_28' variant.
  warnings.warn(
[I 2025-05-07 07:41:29,626] Trial 3 finished with value: 0.8666666666666666 and parameters: {'n_estimators': 100, 'max_depth': 5, 'gamma': 0.8451004616305755, 'subsample': 0.7762668444261063, 'colsample_bytree': 0.5958387024663296}. Best is trial 3 with value: 0.8666666666666666.
/data/home/rtabares/anaconda3/envs/pyth3.12/lib/python3.12/site-packages/xgboost/core.py:377: FutureWarning: Your system has an old version of glibc (< 2.28). We will stop supporting Linux distros with glibc older than 2.28 after **May 31, 2025**. Please upgrade to a recent Linux distro (with glibc >= 2.28) to use future versions of XGBoost.
Note: You have installed the 'manylinux2014' variant of XGBoost. Certain features such as GPU algorithms or federated learning are not available. To use these features, please upgrade to a recent Linux distro with glibc 2.28+, and install the 'manylinux_2_28' variant.
  warnings.warn(
/data/home/rtabares/anaconda3/envs/pyth3.12/lib/python3.12/site-packages/xgboost/core.py:377: FutureWarning: Your system has an old version of glibc (< 2.28). We will stop supporting Linux distros with glibc older than 2.28 after **May 31, 2025**. Please upgrade to a recent Linux distro (with glibc >= 2.28) to use future versions of XGBoost.
Note: You have installed the 'manylinux2014' variant of XGBoost. Certain features such as GPU algorithms or federated learning are not available. To use these features, please upgrade to a recent Linux distro with glibc 2.28+, and install the 'manylinux_2_28' variant.
  warnings.warn(
/data/home/rtabares/anaconda3/envs/pyth3.12/lib/python3.12/site-packages/xgboost/core.py:377: FutureWarning: Your system has an old version of glibc (< 2.28). We will stop supporting Linux distros with glibc older than 2.28 after **May 31, 2025**. Please upgrade to a recent Linux distro (with glibc >= 2.28) to use future versions of XGBoost.
Note: You have installed the 'manylinux2014' variant of XGBoost. Certain features such as GPU algorithms or federated learning are not available. To use these features, please upgrade to a recent Linux distro with glibc 2.28+, and install the 'manylinux_2_28' variant.
  warnings.warn(
/data/home/rtabares/anaconda3/envs/pyth3.12/lib/python3.12/site-packages/xgboost/core.py:377: FutureWarning: Your system has an old version of glibc (< 2.28). We will stop supporting Linux distros with glibc older than 2.28 after **May 31, 2025**. Please upgrade to a recent Linux distro (with glibc >= 2.28) to use future versions of XGBoost.
Note: You have installed the 'manylinux2014' variant of XGBoost. Certain features such as GPU algorithms or federated learning are not available. To use these features, please upgrade to a recent Linux distro with glibc 2.28+, and install the 'manylinux_2_28' variant.
  warnings.warn(
[I 2025-05-07 07:41:29,674] Trial 4 finished with value: 0.8499999999999999 and parameters: {'n_estimators': 10, 'max_depth': 30, 'gamma': 0.5811932893334474, 'subsample': 0.539567358641708, 'colsample_bytree': 0.5068187508720736}. Best is trial 3 with value: 0.8666666666666666.
/data/home/rtabares/anaconda3/envs/pyth3.12/lib/python3.12/site-packages/xgboost/core.py:377: FutureWarning: Your system has an old version of glibc (< 2.28). We will stop supporting Linux distros with glibc older than 2.28 after **May 31, 2025**. Please upgrade to a recent Linux distro (with glibc >= 2.28) to use future versions of XGBoost.
Note: You have installed the 'manylinux2014' variant of XGBoost. Certain features such as GPU algorithms or federated learning are not available. To use these features, please upgrade to a recent Linux distro with glibc 2.28+, and install the 'manylinux_2_28' variant.
  warnings.warn(
[I 2025-05-07 07:41:29,723] Trial 5 finished with value: 0.8666666666666666 and parameters: {'n_estimators': 40, 'max_depth': 30, 'gamma': 0.8273782528661244, 'subsample': 0.6086598114506167, 'colsample_bytree': 0.9673024839320039}. Best is trial 3 with value: 0.8666666666666666.
/data/home/rtabares/anaconda3/envs/pyth3.12/lib/python3.12/site-packages/xgboost/core.py:377: FutureWarning: Your system has an old version of glibc (< 2.28). We will stop supporting Linux distros with glibc older than 2.28 after **May 31, 2025**. Please upgrade to a recent Linux distro (with glibc >= 2.28) to use future versions of XGBoost.
Note: You have installed the 'manylinux2014' variant of XGBoost. Certain features such as GPU algorithms or federated learning are not available. To use these features, please upgrade to a recent Linux distro with glibc 2.28+, and install the 'manylinux_2_28' variant.
  warnings.warn(
[I 2025-05-07 07:41:29,763] Trial 6 finished with value: 0.85 and parameters: {'n_estimators': 10, 'max_depth': 5, 'gamma': 0.6983033237145176, 'subsample': 0.8885622263981636, 'colsample_bytree': 0.7378328526432052}. Best is trial 3 with value: 0.8666666666666666.
/data/home/rtabares/anaconda3/envs/pyth3.12/lib/python3.12/site-packages/xgboost/core.py:377: FutureWarning: Your system has an old version of glibc (< 2.28). We will stop supporting Linux distros with glibc older than 2.28 after **May 31, 2025**. Please upgrade to a recent Linux distro (with glibc >= 2.28) to use future versions of XGBoost.
Note: You have installed the 'manylinux2014' variant of XGBoost. Certain features such as GPU algorithms or federated learning are not available. To use these features, please upgrade to a recent Linux distro with glibc 2.28+, and install the 'manylinux_2_28' variant.
  warnings.warn(
/data/home/rtabares/anaconda3/envs/pyth3.12/lib/python3.12/site-packages/xgboost/core.py:377: FutureWarning: Your system has an old version of glibc (< 2.28). We will stop supporting Linux distros with glibc older than 2.28 after **May 31, 2025**. Please upgrade to a recent Linux distro (with glibc >= 2.28) to use future versions of XGBoost.
Note: You have installed the 'manylinux2014' variant of XGBoost. Certain features such as GPU algorithms or federated learning are not available. To use these features, please upgrade to a recent Linux distro with glibc 2.28+, and install the 'manylinux_2_28' variant.
  warnings.warn(
/data/home/rtabares/anaconda3/envs/pyth3.12/lib/python3.12/site-packages/xgboost/core.py:377: FutureWarning: Your system has an old version of glibc (< 2.28). We will stop supporting Linux distros with glibc older than 2.28 after **May 31, 2025**. Please upgrade to a recent Linux distro (with glibc >= 2.28) to use future versions of XGBoost.
Note: You have installed the 'manylinux2014' variant of XGBoost. Certain features such as GPU algorithms or federated learning are not available. To use these features, please upgrade to a recent Linux distro with glibc 2.28+, and install the 'manylinux_2_28' variant.
  warnings.warn(
[I 2025-05-07 07:41:29,812] Trial 7 finished with value: 0.8666666666666666 and parameters: {'n_estimators': 10, 'max_depth': 30, 'gamma': 0.7184181706146571, 'subsample': 0.8298276978060357, 'colsample_bytree': 0.5176844429701484}. Best is trial 3 with value: 0.8666666666666666.
/data/home/rtabares/anaconda3/envs/pyth3.12/lib/python3.12/site-packages/xgboost/core.py:377: FutureWarning: Your system has an old version of glibc (< 2.28). We will stop supporting Linux distros with glibc older than 2.28 after **May 31, 2025**. Please upgrade to a recent Linux distro (with glibc >= 2.28) to use future versions of XGBoost.
Note: You have installed the 'manylinux2014' variant of XGBoost. Certain features such as GPU algorithms or federated learning are not available. To use these features, please upgrade to a recent Linux distro with glibc 2.28+, and install the 'manylinux_2_28' variant.
  warnings.warn(
[I 2025-05-07 07:41:29,850] Trial 8 finished with value: 0.8499999999999999 and parameters: {'n_estimators': 10, 'max_depth': 20, 'gamma': 0.23321605636706425, 'subsample': 0.8979428521175938, 'colsample_bytree': 0.7616210567125618}. Best is trial 3 with value: 0.8666666666666666.
[I 2025-05-07 07:41:29,880] Trial 9 finished with value: 0.8499999999999999 and parameters: {'n_estimators': 10, 'max_depth': 20, 'gamma': 0.5235601480484208, 'subsample': 0.5395503364458982, 'colsample_bytree': 0.5767082270805428}. Best is trial 3 with value: 0.8666666666666666.
/data/home/rtabares/anaconda3/envs/pyth3.12/lib/python3.12/site-packages/xgboost/core.py:377: FutureWarning: Your system has an old version of glibc (< 2.28). We will stop supporting Linux distros with glibc older than 2.28 after **May 31, 2025**. Please upgrade to a recent Linux distro (with glibc >= 2.28) to use future versions of XGBoost.
Note: You have installed the 'manylinux2014' variant of XGBoost. Certain features such as GPU algorithms or federated learning are not available. To use these features, please upgrade to a recent Linux distro with glibc 2.28+, and install the 'manylinux_2_28' variant.
  warnings.warn(
[I 2025-05-07 07:41:29,928] Trial 10 finished with value: 0.8666666666666666 and parameters: {'n_estimators': 40, 'max_depth': 5, 'gamma': 0.8957481562079852, 'subsample': 0.706102103319419, 'colsample_bytree': 0.6597894469082978}. Best is trial 3 with value: 0.8666666666666666.
/data/home/rtabares/anaconda3/envs/pyth3.12/lib/python3.12/site-packages/xgboost/core.py:377: FutureWarning: Your system has an old version of glibc (< 2.28). We will stop supporting Linux distros with glibc older than 2.28 after **May 31, 2025**. Please upgrade to a recent Linux distro (with glibc >= 2.28) to use future versions of XGBoost.
Note: You have installed the 'manylinux2014' variant of XGBoost. Certain features such as GPU algorithms or federated learning are not available. To use these features, please upgrade to a recent Linux distro with glibc 2.28+, and install the 'manylinux_2_28' variant.
  warnings.warn(
/data/home/rtabares/anaconda3/envs/pyth3.12/lib/python3.12/site-packages/xgboost/core.py:377: FutureWarning: Your system has an old version of glibc (< 2.28). We will stop supporting Linux distros with glibc older than 2.28 after **May 31, 2025**. Please upgrade to a recent Linux distro (with glibc >= 2.28) to use future versions of XGBoost.
Note: You have installed the 'manylinux2014' variant of XGBoost. Certain features such as GPU algorithms or federated learning are not available. To use these features, please upgrade to a recent Linux distro with glibc 2.28+, and install the 'manylinux_2_28' variant.
  warnings.warn(
/data/home/rtabares/anaconda3/envs/pyth3.12/lib/python3.12/site-packages/xgboost/core.py:377: FutureWarning: Your system has an old version of glibc (< 2.28). We will stop supporting Linux distros with glibc older than 2.28 after **May 31, 2025**. Please upgrade to a recent Linux distro (with glibc >= 2.28) to use future versions of XGBoost.
Note: You have installed the 'manylinux2014' variant of XGBoost. Certain features such as GPU algorithms or federated learning are not available. To use these features, please upgrade to a recent Linux distro with glibc 2.28+, and install the 'manylinux_2_28' variant.
  warnings.warn(
/data/home/rtabares/anaconda3/envs/pyth3.12/lib/python3.12/site-packages/xgboost/core.py:377: FutureWarning: Your system has an old version of glibc (< 2.28). We will stop supporting Linux distros with glibc older than 2.28 after **May 31, 2025**. Please upgrade to a recent Linux distro (with glibc >= 2.28) to use future versions of XGBoost.
Note: You have installed the 'manylinux2014' variant of XGBoost. Certain features such as GPU algorithms or federated learning are not available. To use these features, please upgrade to a recent Linux distro with glibc 2.28+, and install the 'manylinux_2_28' variant.
  warnings.warn(
[I 2025-05-07 07:41:30,605] Trial 11 finished with value: 0.85 and parameters: {'n_estimators': 40, 'max_depth': 5, 'gamma': 0.9988757266933184, 'subsample': 0.686359082426068, 'colsample_bytree': 0.9815939662221667}. Best is trial 3 with value: 0.8666666666666666.
/data/home/rtabares/anaconda3/envs/pyth3.12/lib/python3.12/site-packages/xgboost/core.py:377: FutureWarning: Your system has an old version of glibc (< 2.28). We will stop supporting Linux distros with glibc older than 2.28 after **May 31, 2025**. Please upgrade to a recent Linux distro (with glibc >= 2.28) to use future versions of XGBoost.
Note: You have installed the 'manylinux2014' variant of XGBoost. Certain features such as GPU algorithms or federated learning are not available. To use these features, please upgrade to a recent Linux distro with glibc 2.28+, and install the 'manylinux_2_28' variant.
  warnings.warn(
/data/home/rtabares/anaconda3/envs/pyth3.12/lib/python3.12/site-packages/xgboost/core.py:377: FutureWarning: Your system has an old version of glibc (< 2.28). We will stop supporting Linux distros with glibc older than 2.28 after **May 31, 2025**. Please upgrade to a recent Linux distro (with glibc >= 2.28) to use future versions of XGBoost.
Note: You have installed the 'manylinux2014' variant of XGBoost. Certain features such as GPU algorithms or federated learning are not available. To use these features, please upgrade to a recent Linux distro with glibc 2.28+, and install the 'manylinux_2_28' variant.
  warnings.warn(
/data/home/rtabares/anaconda3/envs/pyth3.12/lib/python3.12/site-packages/xgboost/core.py:377: FutureWarning: Your system has an old version of glibc (< 2.28). We will stop supporting Linux distros with glibc older than 2.28 after **May 31, 2025**. Please upgrade to a recent Linux distro (with glibc >= 2.28) to use future versions of XGBoost.
Note: You have installed the 'manylinux2014' variant of XGBoost. Certain features such as GPU algorithms or federated learning are not available. To use these features, please upgrade to a recent Linux distro with glibc 2.28+, and install the 'manylinux_2_28' variant.
  warnings.warn(
/data/home/rtabares/anaconda3/envs/pyth3.12/lib/python3.12/site-packages/xgboost/core.py:377: FutureWarning: Your system has an old version of glibc (< 2.28). We will stop supporting Linux distros with glibc older than 2.28 after **May 31, 2025**. Please upgrade to a recent Linux distro (with glibc >= 2.28) to use future versions of XGBoost.
Note: You have installed the 'manylinux2014' variant of XGBoost. Certain features such as GPU algorithms or federated learning are not available. To use these features, please upgrade to a recent Linux distro with glibc 2.28+, and install the 'manylinux_2_28' variant.
  warnings.warn(
[I 2025-05-07 07:41:31,320] Trial 12 finished with value: 0.8666666666666666 and parameters: {'n_estimators': 40, 'max_depth': 30, 'gamma': 0.8539961185009977, 'subsample': 0.6277509113991588, 'colsample_bytree': 0.8778265666415015}. Best is trial 3 with value: 0.8666666666666666.
[I 2025-05-07 07:41:31,358] Trial 13 finished with value: 0.8666666666666666 and parameters: {'n_estimators': 40, 'max_depth': 30, 'gamma': 0.8634012921224348, 'subsample': 0.767506892261331, 'colsample_bytree': 0.8331880926154149}. Best is trial 3 with value: 0.8666666666666666.
[I 2025-05-07 07:41:31,407] Trial 14 finished with value: 0.85 and parameters: {'n_estimators': 100, 'max_depth': 5, 'gamma': 0.10631072968438171, 'subsample': 0.5921669971036697, 'colsample_bytree': 0.8245395592325312}. Best is trial 3 with value: 0.8666666666666666.
[I 2025-05-07 07:41:31,445] Trial 15 finished with value: 0.85 and parameters: {'n_estimators': 40, 'max_depth': 30, 'gamma': 0.984398880130372, 'subsample': 0.7444772599490426, 'colsample_bytree': 0.6647533279696498}. Best is trial 3 with value: 0.8666666666666666.
[I 2025-05-07 07:41:31,495] Trial 16 finished with value: 0.8666666666666666 and parameters: {'n_estimators': 100, 'max_depth': 5, 'gamma': 0.7830918286590215, 'subsample': 0.6671036681481598, 'colsample_bytree': 0.9941913685730044}. Best is trial 3 with value: 0.8666666666666666.
[I 2025-05-07 07:41:31,534] Trial 17 finished with value: 0.85 and parameters: {'n_estimators': 40, 'max_depth': 30, 'gamma': 0.5756872170992128, 'subsample': 0.7787699344095546, 'colsample_bytree': 0.57094041624287}. Best is trial 3 with value: 0.8666666666666666.
[I 2025-05-07 07:41:31,581] Trial 18 finished with value: 0.8666666666666666 and parameters: {'n_estimators': 100, 'max_depth': 5, 'gamma': 0.4700948852432667, 'subsample': 0.6039730534836469, 'colsample_bytree': 0.9108132992832602}. Best is trial 3 with value: 0.8666666666666666.
[I 2025-05-07 07:41:31,618] Trial 19 finished with value: 0.8833333333333334 and parameters: {'n_estimators': 40, 'max_depth': 20, 'gamma': 0.7761810409509025, 'subsample': 0.5112357891234806, 'colsample_bytree': 0.7909318156489771}. Best is trial 19 with value: 0.8833333333333334.
[I 2025-05-07 07:41:31,658] Trial 20 finished with value: 0.8833333333333332 and parameters: {'n_estimators': 100, 'max_depth': 20, 'gamma': 0.6317417652592039, 'subsample': 0.8212101482679308, 'colsample_bytree': 0.7958830880788063}. Best is trial 19 with value: 0.8833333333333334.
[I 2025-05-07 07:41:31,709] Trial 21 finished with value: 0.8666666666666666 and parameters: {'n_estimators': 100, 'max_depth': 20, 'gamma': 0.6384995615175154, 'subsample': 0.8155468544590816, 'colsample_bytree': 0.8084200080704586}. Best is trial 19 with value: 0.8833333333333334.
[I 2025-05-07 07:41:31,747] Trial 22 finished with value: 0.8333333333333333 and parameters: {'n_estimators': 100, 'max_depth': 20, 'gamma': 0.7616201227459077, 'subsample': 0.9064310047266114, 'colsample_bytree': 0.7641045359266267}. Best is trial 19 with value: 0.8833333333333334.
[I 2025-05-07 07:41:31,794] Trial 23 finished with value: 0.8833333333333332 and parameters: {'n_estimators': 100, 'max_depth': 20, 'gamma': 0.9129927010064627, 'subsample': 0.7392355775067934, 'colsample_bytree': 0.6960648895401959}. Best is trial 19 with value: 0.8833333333333334.
[I 2025-05-07 07:41:31,843] Trial 24 finished with value: 0.8833333333333332 and parameters: {'n_estimators': 100, 'max_depth': 20, 'gamma': 0.9241675666378253, 'subsample': 0.7219345739930376, 'colsample_bytree': 0.6992304643940462}. Best is trial 19 with value: 0.8833333333333334.
[I 2025-05-07 07:41:31,892] Trial 25 finished with value: 0.8333333333333333 and parameters: {'n_estimators': 100, 'max_depth': 20, 'gamma': 0.6500647906049867, 'subsample': 0.9421750288026041, 'colsample_bytree': 0.7970943764837547}. Best is trial 19 with value: 0.8833333333333334.
[I 2025-05-07 07:41:31,931] Trial 26 finished with value: 0.8166666666666667 and parameters: {'n_estimators': 40, 'max_depth': 20, 'gamma': 0.4832309430034206, 'subsample': 0.6562514694440647, 'colsample_bytree': 0.8648882305022955}. Best is trial 19 with value: 0.8833333333333334.
