[I 2025-05-07 07:40:34,188] Trial 9 finished with value: 0.7666666666666666 and parameters: {'n_estimators': 371, 'max_depth': 5, 'min_samples_split': 6, 'min_samples_leaf': 9}. Best is trial 1 with value: 0.7666666666666666.
[I 2025-05-07 07:40:35,206] Trial 10 finished with value: 0.7666666666666666 and parameters: {'n_estimators': 489, 'max_depth': 20, 'min_samples_split': 9, 'min_samples_leaf': 5}. Best is trial 1 with value: 0.7666666666666666.
[I 2025-05-07 07:40:36,819] Trial 11 finished with value: 0.7833333333333333 and parameters: {'n_estimators': 498, 'max_depth': 18, 'min_samples_split': 8, 'min_samples_leaf': 6}. Best is trial 11 with value: 0.7833333333333333.
[I 2025-05-07 07:40:38,582] Trial 12 finished with value: 0.7666666666666666 and parameters: {'n_estimators': 494, 'max_depth': 16, 'min_samples_split': 8, 'min_samples_leaf': 5}. Best is trial 11 with value: 0.7833333333333333.
[I 2025-05-07 07:40:40,270] Trial 13 finished with value: 0.75 and parameters: {'n_estimators': 427, 'max_depth': 16, 'min_samples_split': 8, 'min_samples_leaf': 6}. Best is trial 11 with value: 0.7833333333333333.
[I 2025-05-07 07:40:41,075] Trial 14 finished with value: 0.7666666666666666 and parameters: {'n_estimators': 426, 'max_depth': 16, 'min_samples_split': 8, 'min_samples_leaf': 4}. Best is trial 11 with value: 0.7833333333333333.
[I 2025-05-07 07:40:42,012] Trial 15 finished with value: 0.7833333333333333 and parameters: {'n_estimators': 470, 'max_depth': 20, 'min_samples_split': 7, 'min_samples_leaf': 7}. Best is trial 11 with value: 0.7833333333333333.
[I 2025-05-07 07:40:43,005] Trial 16 finished with value: 0.7666666666666666 and parameters: {'n_estimators': 500, 'max_depth': 19, 'min_samples_split': 5, 'min_samples_leaf': 10}. Best is trial 11 with value: 0.7833333333333333.
[I 2025-05-07 07:40:43,808] Trial 17 finished with value: 0.75 and parameters: {'n_estimators': 363, 'max_depth': 18, 'min_samples_split': 10, 'min_samples_leaf': 7}. Best is trial 11 with value: 0.7833333333333333.
[I 2025-05-07 07:40:44,626] Trial 18 finished with value: 0.7833333333333333 and parameters: {'n_estimators': 460, 'max_depth': 20, 'min_samples_split': 7, 'min_samples_leaf': 7}. Best is trial 11 with value: 0.7833333333333333.
[I 2025-05-07 07:40:45,126] Trial 19 finished with value: 0.7666666666666666 and parameters: {'n_estimators': 262, 'max_depth': 10, 'min_samples_split': 9, 'min_samples_leaf': 4}. Best is trial 11 with value: 0.7833333333333333.
[I 2025-05-07 07:40:45,380] Trial 20 finished with value: 0.7833333333333333 and parameters: {'n_estimators': 102, 'max_depth': 17, 'min_samples_split': 5, 'min_samples_leaf': 8}. Best is trial 11 with value: 0.7833333333333333.
[I 2025-05-07 07:40:46,311] Trial 21 finished with value: 0.7833333333333333 and parameters: {'n_estimators': 457, 'max_depth': 20, 'min_samples_split': 7, 'min_samples_leaf': 7}. Best is trial 11 with value: 0.7833333333333333.
[I 2025-05-07 07:40:47,323] Trial 22 finished with value: 0.7666666666666666 and parameters: {'n_estimators': 465, 'max_depth': 20, 'min_samples_split': 7, 'min_samples_leaf': 6}. Best is trial 11 with value: 0.7833333333333333.
[I 2025-05-07 07:40:48,349] Trial 23 finished with value: 0.7833333333333333 and parameters: {'n_estimators': 464, 'max_depth': 18, 'min_samples_split': 9, 'min_samples_leaf': 8}. Best is trial 11 with value: 0.7833333333333333.
[I 2025-05-07 07:40:49,004] Trial 24 finished with value: 0.7833333333333333 and parameters: {'n_estimators': 394, 'max_depth': 15, 'min_samples_split': 7, 'min_samples_leaf': 7}. Best is trial 11 with value: 0.7833333333333333.
[I 2025-05-07 07:40:49,696] Trial 25 finished with value: 0.7666666666666666 and parameters: {'n_estimators': 351, 'max_depth': 19, 'min_samples_split': 8, 'min_samples_leaf': 5}. Best is trial 11 with value: 0.7833333333333333.
[I 2025-05-07 07:40:50,392] Trial 26 finished with value: 0.7833333333333333 and parameters: {'n_estimators': 406, 'max_depth': 17, 'min_samples_split': 7, 'min_samples_leaf': 9}. Best is trial 11 with value: 0.7833333333333333.
[I 2025-05-07 07:40:51,192] Trial 27 finished with value: 0.7666666666666666 and parameters: {'n_estimators': 440, 'max_depth': 20, 'min_samples_split': 9, 'min_samples_leaf': 6}. Best is trial 11 with value: 0.7833333333333333.
[I 2025-05-07 07:40:51,875] Trial 28 finished with value: 0.7833333333333333 and parameters: {'n_estimators': 477, 'max_depth': 18, 'min_samples_split': 4, 'min_samples_leaf': 4}. Best is trial 11 with value: 0.7833333333333333.
[I 2025-05-07 07:40:52,313] Trial 29 finished with value: 0.7833333333333333 and parameters: {'n_estimators': 165, 'max_depth': 11, 'min_samples_split': 6, 'min_samples_leaf': 8}. Best is trial 11 with value: 0.7833333333333333.
[I 2025-05-07 07:40:57,928] A new study created in memory with name: svc
Parámetros guardados en checkpoint_shoppers_Doriginal_Roriginal_C/random/IPC_30/best_models_random_seed_17_space_original/rf_best_params.json


>>> Optuna tuning svc metodo random IPC 30 seed 17


[I 2025-05-07 07:40:59,896] Trial 0 finished with value: 0.6833333333333332 and parameters: {'C': 0.15088984442133088, 'gamma': 0.013254001714103092}. Best is trial 0 with value: 0.6833333333333332.
[I 2025-05-07 07:40:59,981] Trial 1 finished with value: 0.6166666666666668 and parameters: {'C': 0.05835568183692683, 'gamma': 0.0001868966137479686}. Best is trial 0 with value: 0.6833333333333332.
[I 2025-05-07 07:41:00,006] Trial 2 finished with value: 0.7833333333333334 and parameters: {'C': 14.058592411732866, 'gamma': 0.04220210241659455}. Best is trial 2 with value: 0.7833333333333334.
[I 2025-05-07 07:41:00,019] Trial 3 finished with value: 0.8 and parameters: {'C': 3.548816830746043, 'gamma': 0.02006372538822528}. Best is trial 3 with value: 0.8.
[I 2025-05-07 07:41:00,033] Trial 4 finished with value: 0.65 and parameters: {'C': 0.014330180633302006, 'gamma': 0.002699320282307521}. Best is trial 3 with value: 0.8.
[I 2025-05-07 07:41:00,046] Trial 5 finished with value: 0.7166666666666666 and parameters: {'C': 60.63630758094131, 'gamma': 0.00017385161173003903}. Best is trial 3 with value: 0.8.
[I 2025-05-07 07:41:00,061] Trial 6 finished with value: 0.7333333333333334 and parameters: {'C': 28.586988975615444, 'gamma': 0.3229699413122348}. Best is trial 3 with value: 0.8.
[I 2025-05-07 07:41:00,074] Trial 7 finished with value: 0.7166666666666666 and parameters: {'C': 0.016024137484651705, 'gamma': 0.04070750284145859}. Best is trial 3 with value: 0.8.
[I 2025-05-07 07:41:00,089] Trial 8 finished with value: 0.7666666666666667 and parameters: {'C': 1.6106659384496576, 'gamma': 0.024550085725408066}. Best is trial 3 with value: 0.8.
[I 2025-05-07 07:41:00,104] Trial 9 finished with value: 0.65 and parameters: {'C': 0.8592400213751312, 'gamma': 0.0013550416471161313}. Best is trial 3 with value: 0.8.
[I 2025-05-07 07:41:00,129] Trial 10 finished with value: 0.7 and parameters: {'C': 3.5878847352335965, 'gamma': 0.8871347635345924}. Best is trial 3 with value: 0.8.
[I 2025-05-07 07:41:00,785] Trial 11 finished with value: 0.7666666666666666 and parameters: {'C': 12.485133029299993, 'gamma': 0.1485813070577755}. Best is trial 3 with value: 0.8.
[I 2025-05-07 07:41:01,419] Trial 12 finished with value: 0.7666666666666666 and parameters: {'C': 5.635526337526497, 'gamma': 0.08594304257787995}. Best is trial 3 with value: 0.8.
[I 2025-05-07 07:41:01,443] Trial 13 finished with value: 0.65 and parameters: {'C': 0.5075896716869817, 'gamma': 0.0030387988567340913}. Best is trial 3 with value: 0.8.
[I 2025-05-07 07:41:01,479] Trial 14 finished with value: 0.8166666666666668 and parameters: {'C': 11.44595026267944, 'gamma': 0.005477475230166256}. Best is trial 14 with value: 0.8166666666666668.
[I 2025-05-07 07:41:01,498] Trial 15 finished with value: 0.75 and parameters: {'C': 2.909932099039353, 'gamma': 0.006329276889910652}. Best is trial 14 with value: 0.8166666666666668.
[I 2025-05-07 07:41:01,518] Trial 16 finished with value: 0.7166666666666666 and parameters: {'C': 10.494129684572242, 'gamma': 0.000649965924994862}. Best is trial 14 with value: 0.8166666666666668.
[I 2025-05-07 07:41:01,538] Trial 17 finished with value: 0.7 and parameters: {'C': 91.50151329936253, 'gamma': 0.008216298574010893}. Best is trial 14 with value: 0.8166666666666668.
[I 2025-05-07 07:41:01,557] Trial 18 finished with value: 0.6333333333333334 and parameters: {'C': 0.602280687576355, 'gamma': 0.0010334249139864096}. Best is trial 14 with value: 0.8166666666666668.
[I 2025-05-07 07:41:01,577] Trial 19 finished with value: 0.7 and parameters: {'C': 0.18771211274469254, 'gamma': 0.01859265961360228}. Best is trial 14 with value: 0.8166666666666668.
[I 2025-05-07 07:41:01,598] Trial 20 finished with value: 0.7666666666666667 and parameters: {'C': 32.14208644188407, 'gamma': 0.0052004053443346805}. Best is trial 14 with value: 0.8166666666666668.
[I 2025-05-07 07:41:02,503] Trial 21 finished with value: 0.7833333333333334 and parameters: {'C': 11.819416989192067, 'gamma': 0.05488099662825224}. Best is trial 14 with value: 0.8166666666666668.
[I 2025-05-07 07:41:03,418] Trial 22 finished with value: 0.7666666666666666 and parameters: {'C': 21.287769824919042, 'gamma': 0.15376544998474848}. Best is trial 14 with value: 0.8166666666666668.
[I 2025-05-07 07:41:03,438] Trial 23 finished with value: 0.7833333333333333 and parameters: {'C': 5.261831657921945, 'gamma': 0.02374104150789977}. Best is trial 14 with value: 0.8166666666666668.
[I 2025-05-07 07:41:03,457] Trial 24 finished with value: 0.7833333333333334 and parameters: {'C': 1.921010764883728, 'gamma': 0.051768863969970325}. Best is trial 14 with value: 0.8166666666666668.
[I 2025-05-07 07:41:03,477] Trial 25 finished with value: 0.7833333333333333 and parameters: {'C': 7.02241840234906, 'gamma': 0.012081430871296862}. Best is trial 14 with value: 0.8166666666666668.
[I 2025-05-07 07:41:03,496] Trial 26 finished with value: 0.8333333333333334 and parameters: {'C': 19.985044255454874, 'gamma': 0.002584342111662524}. Best is trial 26 with value: 0.8333333333333334.
[I 2025-05-07 07:41:03,516] Trial 27 finished with value: 0.7333333333333334 and parameters: {'C': 35.423330451184825, 'gamma': 0.0003502670119417678}. Best is trial 26 with value: 0.8333333333333334.
[I 2025-05-07 07:41:03,536] Trial 28 finished with value: 0.6833333333333332 and parameters: {'C': 1.7578799646378804, 'gamma': 0.0029816078092644097}. Best is trial 26 with value: 0.8333333333333334.
[I 2025-05-07 07:41:03,567] Trial 29 finished with value: 0.65 and parameters: {'C': 0.2274405383905624, 'gamma': 0.0014034179360164203}. Best is trial 26 with value: 0.8333333333333334.
[I 2025-05-07 07:41:08,667] A new study created in memory with name: logreg
Parámetros guardados en checkpoint_shoppers_Doriginal_Roriginal_C/random/IPC_30/best_models_random_seed_17_space_original/svc_best_params.json


>>> Optuna tuning logreg metodo random IPC 30 seed 17


[I 2025-05-07 07:41:10,255] Trial 0 finished with value: 0.8 and parameters: {'C': 0.029738907730526284, 'penalty': 'l2'}. Best is trial 0 with value: 0.8.
[I 2025-05-07 07:41:10,349] Trial 1 finished with value: 0.7833333333333334 and parameters: {'C': 0.44971127691188734, 'penalty': 'l2'}. Best is trial 0 with value: 0.8.
[I 2025-05-07 07:41:10,375] Trial 2 finished with value: 0.7833333333333333 and parameters: {'C': 0.009069929988866798, 'penalty': 'l2'}. Best is trial 0 with value: 0.8.
[I 2025-05-07 07:41:10,389] Trial 3 finished with value: 0.7333333333333334 and parameters: {'C': 0.0021852533312471524, 'penalty': 'l2'}. Best is trial 0 with value: 0.8.
[I 2025-05-07 07:41:10,412] Trial 4 finished with value: 0.7833333333333334 and parameters: {'C': 8.608496356692335, 'penalty': 'l2'}. Best is trial 0 with value: 0.8.
[I 2025-05-07 07:41:10,425] Trial 5 finished with value: 0.7833333333333334 and parameters: {'C': 1.9127913928453912, 'penalty': 'l2'}. Best is trial 0 with value: 0.8.
[I 2025-05-07 07:41:10,448] Trial 6 finished with value: 0.7833333333333334 and parameters: {'C': 1.540297037822654, 'penalty': 'l2'}. Best is trial 0 with value: 0.8.
[I 2025-05-07 07:41:10,471] Trial 7 finished with value: 0.7833333333333334 and parameters: {'C': 0.7551173844071644, 'penalty': 'l2'}. Best is trial 0 with value: 0.8.
[I 2025-05-07 07:41:10,484] Trial 8 finished with value: 0.7333333333333334 and parameters: {'C': 0.001567886356417037, 'penalty': 'l2'}. Best is trial 0 with value: 0.8.
[I 2025-05-07 07:41:10,497] Trial 9 finished with value: 0.8 and parameters: {'C': 0.0615273233813309, 'penalty': 'l2'}. Best is trial 0 with value: 0.8.
[I 2025-05-07 07:41:10,515] Trial 10 finished with value: 0.7833333333333333 and parameters: {'C': 0.04452961102969502, 'penalty': 'l2'}. Best is trial 0 with value: 0.8.
[I 2025-05-07 07:41:10,542] Trial 11 finished with value: 0.8 and parameters: {'C': 0.05851199333726364, 'penalty': 'l2'}. Best is trial 0 with value: 0.8.
[I 2025-05-07 07:41:11,847] Trial 12 finished with value: 0.7833333333333333 and parameters: {'C': 0.04135773699249507, 'penalty': 'l2'}. Best is trial 0 with value: 0.8.
[I 2025-05-07 07:41:11,875] Trial 13 finished with value: 0.7833333333333334 and parameters: {'C': 0.10248051309115969, 'penalty': 'l2'}. Best is trial 0 with value: 0.8.
[I 2025-05-07 07:41:11,902] Trial 14 finished with value: 0.75 and parameters: {'C': 40.18737124054192, 'penalty': 'l2'}. Best is trial 0 with value: 0.8.
[I 2025-05-07 07:41:11,918] Trial 15 finished with value: 0.7833333333333333 and parameters: {'C': 0.011571706512278863, 'penalty': 'l2'}. Best is trial 0 with value: 0.8.
[I 2025-05-07 07:41:11,934] Trial 16 finished with value: 0.7833333333333333 and parameters: {'C': 0.010496866486771493, 'penalty': 'l2'}. Best is trial 0 with value: 0.8.
[I 2025-05-07 07:41:11,950] Trial 17 finished with value: 0.7666666666666667 and parameters: {'C': 0.23663443913383353, 'penalty': 'l2'}. Best is trial 0 with value: 0.8.
[I 2025-05-07 07:41:11,967] Trial 18 finished with value: 0.7333333333333334 and parameters: {'C': 0.003974588363437514, 'penalty': 'l2'}. Best is trial 0 with value: 0.8.
[I 2025-05-07 07:41:11,983] Trial 19 finished with value: 0.7666666666666667 and parameters: {'C': 0.1490134699497992, 'penalty': 'l2'}. Best is trial 0 with value: 0.8.
[I 2025-05-07 07:41:12,000] Trial 20 finished with value: 0.8 and parameters: {'C': 0.02196943765639354, 'penalty': 'l2'}. Best is trial 0 with value: 0.8.
[I 2025-05-07 07:41:12,017] Trial 21 finished with value: 0.8 and parameters: {'C': 0.06941357347525469, 'penalty': 'l2'}. Best is trial 0 with value: 0.8.
[I 2025-05-07 07:41:12,033] Trial 22 finished with value: 0.8 and parameters: {'C': 0.034919490538090514, 'penalty': 'l2'}. Best is trial 0 with value: 0.8.
[I 2025-05-07 07:41:12,050] Trial 23 finished with value: 0.7666666666666667 and parameters: {'C': 0.19211554853974064, 'penalty': 'l2'}. Best is trial 0 with value: 0.8.
[I 2025-05-07 07:41:12,066] Trial 24 finished with value: 0.8 and parameters: {'C': 0.01819332019326139, 'penalty': 'l2'}. Best is trial 0 with value: 0.8.
[I 2025-05-07 07:41:13,018] Trial 25 finished with value: 0.7333333333333334 and parameters: {'C': 0.0047473400031375936, 'penalty': 'l2'}. Best is trial 0 with value: 0.8.
[I 2025-05-07 07:41:13,035] Trial 26 finished with value: 0.7833333333333334 and parameters: {'C': 0.5701195991592938, 'penalty': 'l2'}. Best is trial 0 with value: 0.8.
[I 2025-05-07 07:41:13,051] Trial 27 finished with value: 0.7833333333333334 and parameters: {'C': 0.09244360798788254, 'penalty': 'l2'}. Best is trial 0 with value: 0.8.
[I 2025-05-07 07:41:13,078] Trial 28 finished with value: 0.7833333333333334 and parameters: {'C': 3.292112244453851, 'penalty': 'l2'}. Best is trial 0 with value: 0.8.
[I 2025-05-07 07:41:13,094] Trial 29 finished with value: 0.7833333333333334 and parameters: {'C': 0.25150307119109155, 'penalty': 'l2'}. Best is trial 0 with value: 0.8.
/data/home/rtabares/anaconda3/envs/pyth3.12/lib/python3.12/site-packages/xgboost/core.py:377: FutureWarning: Your system has an old version of glibc (< 2.28). We will stop supporting Linux distros with glibc older than 2.28 after **May 31, 2025**. Please upgrade to a recent Linux distro (with glibc >= 2.28) to use future versions of XGBoost.
Note: You have installed the 'manylinux2014' variant of XGBoost. Certain features such as GPU algorithms or federated learning are not available. To use these features, please upgrade to a recent Linux distro with glibc 2.28+, and install the 'manylinux_2_28' variant.
  warnings.warn(
[I 2025-05-07 07:41:17,224] A new study created in memory with name: mlp
Parámetros guardados en checkpoint_shoppers_Doriginal_Roriginal_C/random/IPC_30/best_models_random_seed_17_space_original/logreg_best_params.json


>>> Optuna tuning mlp metodo random IPC 30 seed 17


/data/home/rtabares/anaconda3/envs/pyth3.12/lib/python3.12/site-packages/sklearn/neural_network/_multilayer_perceptron.py:691: ConvergenceWarning: Stochastic Optimizer: Maximum iterations (100) reached and the optimization hasn't converged yet.
  warnings.warn(
/data/home/rtabares/anaconda3/envs/pyth3.12/lib/python3.12/site-packages/sklearn/neural_network/_multilayer_perceptron.py:691: ConvergenceWarning: Stochastic Optimizer: Maximum iterations (100) reached and the optimization hasn't converged yet.
  warnings.warn(
/data/home/rtabares/anaconda3/envs/pyth3.12/lib/python3.12/site-packages/sklearn/neural_network/_multilayer_perceptron.py:691: ConvergenceWarning: Stochastic Optimizer: Maximum iterations (100) reached and the optimization hasn't converged yet.
  warnings.warn(
/data/home/rtabares/anaconda3/envs/pyth3.12/lib/python3.12/site-packages/sklearn/neural_network/_multilayer_perceptron.py:691: ConvergenceWarning: Stochastic Optimizer: Maximum iterations (100) reached and the optimization hasn't converged yet.
  warnings.warn(
/data/home/rtabares/anaconda3/envs/pyth3.12/lib/python3.12/site-packages/sklearn/neural_network/_multilayer_perceptron.py:691: ConvergenceWarning: Stochastic Optimizer: Maximum iterations (100) reached and the optimization hasn't converged yet.
  warnings.warn(
[I 2025-05-07 07:41:19,121] Trial 0 finished with value: 0.75 and parameters: {'hidden_layer_sizes': (200,), 'max_iter': 100, 'alpha': 0.0001}. Best is trial 0 with value: 0.75.
/data/home/rtabares/anaconda3/envs/pyth3.12/lib/python3.12/site-packages/sklearn/neural_network/_multilayer_perceptron.py:691: ConvergenceWarning: Stochastic Optimizer: Maximum iterations (50) reached and the optimization hasn't converged yet.
  warnings.warn(
/data/home/rtabares/anaconda3/envs/pyth3.12/lib/python3.12/site-packages/sklearn/neural_network/_multilayer_perceptron.py:691: ConvergenceWarning: Stochastic Optimizer: Maximum iterations (50) reached and the optimization hasn't converged yet.
  warnings.warn(
/data/home/rtabares/anaconda3/envs/pyth3.12/lib/python3.12/site-packages/sklearn/neural_network/_multilayer_perceptron.py:691: ConvergenceWarning: Stochastic Optimizer: Maximum iterations (50) reached and the optimization hasn't converged yet.
  warnings.warn(
/data/home/rtabares/anaconda3/envs/pyth3.12/lib/python3.12/site-packages/sklearn/neural_network/_multilayer_perceptron.py:691: ConvergenceWarning: Stochastic Optimizer: Maximum iterations (50) reached and the optimization hasn't converged yet.
  warnings.warn(
/data/home/rtabares/anaconda3/envs/pyth3.12/lib/python3.12/site-packages/sklearn/neural_network/_multilayer_perceptron.py:691: ConvergenceWarning: Stochastic Optimizer: Maximum iterations (50) reached and the optimization hasn't converged yet.
  warnings.warn(
[I 2025-05-07 07:41:19,227] Trial 1 finished with value: 0.75 and parameters: {'hidden_layer_sizes': (100,), 'max_iter': 50, 'alpha': 0.001}. Best is trial 0 with value: 0.75.
/data/home/rtabares/anaconda3/envs/pyth3.12/lib/python3.12/site-packages/sklearn/neural_network/_multilayer_perceptron.py:691: ConvergenceWarning: Stochastic Optimizer: Maximum iterations (50) reached and the optimization hasn't converged yet.
  warnings.warn(
/data/home/rtabares/anaconda3/envs/pyth3.12/lib/python3.12/site-packages/sklearn/neural_network/_multilayer_perceptron.py:691: ConvergenceWarning: Stochastic Optimizer: Maximum iterations (50) reached and the optimization hasn't converged yet.
  warnings.warn(
/data/home/rtabares/anaconda3/envs/pyth3.12/lib/python3.12/site-packages/sklearn/neural_network/_multilayer_perceptron.py:691: ConvergenceWarning: Stochastic Optimizer: Maximum iterations (50) reached and the optimization hasn't converged yet.
  warnings.warn(
/data/home/rtabares/anaconda3/envs/pyth3.12/lib/python3.12/site-packages/sklearn/neural_network/_multilayer_perceptron.py:691: ConvergenceWarning: Stochastic Optimizer: Maximum iterations (50) reached and the optimization hasn't converged yet.
  warnings.warn(
/data/home/rtabares/anaconda3/envs/pyth3.12/lib/python3.12/site-packages/sklearn/neural_network/_multilayer_perceptron.py:691: ConvergenceWarning: Stochastic Optimizer: Maximum iterations (50) reached and the optimization hasn't converged yet.
  warnings.warn(
