[I 2025-05-07 04:23:07,355] Trial 24 finished with value: 0.6 and parameters: {'n_estimators': 146, 'max_depth': 18, 'min_samples_split': 3, 'min_samples_leaf': 6}. Best is trial 5 with value: 0.7.
[I 2025-05-07 04:23:07,581] Trial 25 finished with value: 0.6 and parameters: {'n_estimators': 195, 'max_depth': 19, 'min_samples_split': 4, 'min_samples_leaf': 5}. Best is trial 5 with value: 0.7.
[I 2025-05-07 04:23:07,764] Trial 26 finished with value: 0.65 and parameters: {'n_estimators': 109, 'max_depth': 17, 'min_samples_split': 3, 'min_samples_leaf': 2}. Best is trial 5 with value: 0.7.
[I 2025-05-07 04:23:07,968] Trial 27 finished with value: 0.7 and parameters: {'n_estimators': 169, 'max_depth': 19, 'min_samples_split': 4, 'min_samples_leaf': 6}. Best is trial 5 with value: 0.7.
[I 2025-05-07 04:23:08,162] Trial 28 finished with value: 0.55 and parameters: {'n_estimators': 133, 'max_depth': 16, 'min_samples_split': 2, 'min_samples_leaf': 4}. Best is trial 5 with value: 0.7.
[I 2025-05-07 04:23:08,383] Trial 29 finished with value: 0.65 and parameters: {'n_estimators': 194, 'max_depth': 20, 'min_samples_split': 3, 'min_samples_leaf': 6}. Best is trial 5 with value: 0.7.
[I 2025-05-07 04:23:12,114] A new study created in memory with name: svc
Parámetros guardados en checkpoint_shoppers_Doriginal_Roriginal_B/k_center/IPC_10/best_models_k_center_seed_8_space_original/rf_best_params.json


>>> Optuna tuning svc metodo k_center IPC 10 seed 8


[I 2025-05-07 04:23:13,341] Trial 0 finished with value: 0.4 and parameters: {'C': 31.168622654226873, 'gamma': 0.7484497562485191}. Best is trial 0 with value: 0.4.
[I 2025-05-07 04:23:13,402] Trial 1 finished with value: 0.15 and parameters: {'C': 29.976309274600954, 'gamma': 0.013286872459026702}. Best is trial 0 with value: 0.4.
[I 2025-05-07 04:23:13,419] Trial 2 finished with value: 0.55 and parameters: {'C': 0.08529298465080307, 'gamma': 0.00011106960237430257}. Best is trial 2 with value: 0.55.
[I 2025-05-07 04:23:13,434] Trial 3 finished with value: 0.45 and parameters: {'C': 0.5270784658374341, 'gamma': 0.004068229457500922}. Best is trial 2 with value: 0.55.
[I 2025-05-07 04:23:13,448] Trial 4 finished with value: 0.3 and parameters: {'C': 1.2322495987505253, 'gamma': 0.008195343912941565}. Best is trial 2 with value: 0.55.
[I 2025-05-07 04:23:13,463] Trial 5 finished with value: 0.15 and parameters: {'C': 1.6650446929687996, 'gamma': 0.014912280706161869}. Best is trial 2 with value: 0.55.
[I 2025-05-07 04:23:13,476] Trial 6 finished with value: 0.15 and parameters: {'C': 11.055599623279033, 'gamma': 0.07071284267178823}. Best is trial 2 with value: 0.55.
[I 2025-05-07 04:23:13,491] Trial 7 finished with value: 0.25 and parameters: {'C': 3.0111222251271013, 'gamma': 0.00506252384623837}. Best is trial 2 with value: 0.55.
[I 2025-05-07 04:23:13,505] Trial 8 finished with value: 0.15 and parameters: {'C': 0.1433177931243846, 'gamma': 0.7859971382309453}. Best is trial 2 with value: 0.55.
[I 2025-05-07 04:23:13,518] Trial 9 finished with value: 0.55 and parameters: {'C': 0.21631975482828378, 'gamma': 0.0007502469581683287}. Best is trial 2 with value: 0.55.
[I 2025-05-07 04:23:13,553] Trial 10 finished with value: 0.55 and parameters: {'C': 0.012287042951649943, 'gamma': 0.0002689230117214245}. Best is trial 2 with value: 0.55.
[I 2025-05-07 04:23:14,194] Trial 11 finished with value: 0.55 and parameters: {'C': 0.0685083836199246, 'gamma': 0.00012186475628831787}. Best is trial 2 with value: 0.55.
[I 2025-05-07 04:23:14,885] Trial 12 finished with value: 0.55 and parameters: {'C': 0.09275233274895828, 'gamma': 0.0006476954402755323}. Best is trial 2 with value: 0.55.
[I 2025-05-07 04:23:14,908] Trial 13 finished with value: 0.55 and parameters: {'C': 0.014175909601736779, 'gamma': 0.001036845978787215}. Best is trial 2 with value: 0.55.
[I 2025-05-07 04:23:14,928] Trial 14 finished with value: 0.55 and parameters: {'C': 0.2871830040299049, 'gamma': 0.00010080897490159832}. Best is trial 2 with value: 0.55.
[I 2025-05-07 04:23:14,949] Trial 15 finished with value: 0.55 and parameters: {'C': 0.03493028704783785, 'gamma': 0.0010605214439923056}. Best is trial 2 with value: 0.55.
[I 2025-05-07 04:23:14,972] Trial 16 finished with value: 0.55 and parameters: {'C': 0.31327568158257174, 'gamma': 0.00040657970992577774}. Best is trial 2 with value: 0.55.
[I 2025-05-07 04:23:14,997] Trial 17 finished with value: 0.25 and parameters: {'C': 5.18943783327537, 'gamma': 0.0028492886641226433}. Best is trial 2 with value: 0.55.
[I 2025-05-07 04:23:15,022] Trial 18 finished with value: 0.55 and parameters: {'C': 0.03931231946774843, 'gamma': 0.00021599297264488242}. Best is trial 2 with value: 0.55.
[I 2025-05-07 04:23:15,046] Trial 19 finished with value: 0.1 and parameters: {'C': 0.6748186580184693, 'gamma': 0.04849855299752298}. Best is trial 2 with value: 0.55.
[I 2025-05-07 04:23:15,066] Trial 20 finished with value: 0.55 and parameters: {'C': 0.21368834253765992, 'gamma': 0.0015286943028522833}. Best is trial 2 with value: 0.55.
[I 2025-05-07 04:23:15,085] Trial 21 finished with value: 0.55 and parameters: {'C': 0.011413388004612132, 'gamma': 0.000276448011785416}. Best is trial 2 with value: 0.55.
[I 2025-05-07 04:23:15,117] Trial 22 finished with value: 0.55 and parameters: {'C': 0.02714574043256838, 'gamma': 0.0002879741226959768}. Best is trial 2 with value: 0.55.
[I 2025-05-07 04:23:15,745] Trial 23 finished with value: 0.55 and parameters: {'C': 0.06983875803449507, 'gamma': 0.0005949804854458057}. Best is trial 2 with value: 0.55.
[I 2025-05-07 04:23:15,768] Trial 24 finished with value: 0.55 and parameters: {'C': 0.020540976674772237, 'gamma': 0.00014322055187960658}. Best is trial 2 with value: 0.55.
[I 2025-05-07 04:23:15,790] Trial 25 finished with value: 0.55 and parameters: {'C': 0.051331592289287215, 'gamma': 0.0016561752664279452}. Best is trial 2 with value: 0.55.
[I 2025-05-07 04:23:15,829] Trial 26 finished with value: 0.55 and parameters: {'C': 0.13559210335223806, 'gamma': 0.00045790137405280976}. Best is trial 2 with value: 0.55.
[I 2025-05-07 04:23:15,863] Trial 27 finished with value: 0.55 and parameters: {'C': 0.011106861554004269, 'gamma': 0.00021996773981539292}. Best is trial 2 with value: 0.55.
[I 2025-05-07 04:23:15,898] Trial 28 finished with value: 0.35 and parameters: {'C': 78.51358847239959, 'gamma': 0.0008944453400873199}. Best is trial 2 with value: 0.55.
[I 2025-05-07 04:23:15,928] Trial 29 finished with value: 0.1 and parameters: {'C': 0.6092861278167873, 'gamma': 0.14252128030153632}. Best is trial 2 with value: 0.55.
[I 2025-05-07 04:23:17,729] A new study created in memory with name: logreg
Parámetros guardados en checkpoint_shoppers_Doriginal_Roriginal_B/k_center/IPC_10/best_models_k_center_seed_8_space_original/svc_best_params.json


>>> Optuna tuning logreg metodo k_center IPC 10 seed 8


[I 2025-05-07 04:23:20,547] Trial 0 finished with value: 0.5 and parameters: {'C': 23.288794782471303, 'penalty': 'l2'}. Best is trial 0 with value: 0.5.
[I 2025-05-07 04:23:20,709] Trial 1 finished with value: 0.5 and parameters: {'C': 69.61507800412923, 'penalty': 'l2'}. Best is trial 0 with value: 0.5.
[I 2025-05-07 04:23:20,749] Trial 2 finished with value: 0.5 and parameters: {'C': 22.180569925473442, 'penalty': 'l2'}. Best is trial 0 with value: 0.5.
[I 2025-05-07 04:23:20,773] Trial 3 finished with value: 0.45 and parameters: {'C': 0.4511058486037652, 'penalty': 'l2'}. Best is trial 0 with value: 0.5.
[I 2025-05-07 04:23:20,797] Trial 4 finished with value: 0.45 and parameters: {'C': 0.014576110093994574, 'penalty': 'l2'}. Best is trial 0 with value: 0.5.
[I 2025-05-07 04:23:20,820] Trial 5 finished with value: 0.5 and parameters: {'C': 0.0011402340906886685, 'penalty': 'l2'}. Best is trial 0 with value: 0.5.
[I 2025-05-07 04:23:20,844] Trial 6 finished with value: 0.4 and parameters: {'C': 0.14201822862985758, 'penalty': 'l2'}. Best is trial 0 with value: 0.5.
[I 2025-05-07 04:23:20,869] Trial 7 finished with value: 0.4 and parameters: {'C': 0.1027440782219989, 'penalty': 'l2'}. Best is trial 0 with value: 0.5.
[I 2025-05-07 04:23:20,895] Trial 8 finished with value: 0.45 and parameters: {'C': 0.41055690122086846, 'penalty': 'l2'}. Best is trial 0 with value: 0.5.
[I 2025-05-07 04:23:20,919] Trial 9 finished with value: 0.45 and parameters: {'C': 0.24658064201770763, 'penalty': 'l2'}. Best is trial 0 with value: 0.5.
[I 2025-05-07 04:23:20,948] Trial 10 finished with value: 0.45 and parameters: {'C': 5.817250906722227, 'penalty': 'l2'}. Best is trial 0 with value: 0.5.
[I 2025-05-07 04:23:21,603] Trial 11 finished with value: 0.5 and parameters: {'C': 65.32501288941612, 'penalty': 'l2'}. Best is trial 0 with value: 0.5.
[I 2025-05-07 04:23:21,644] Trial 12 finished with value: 0.45 and parameters: {'C': 4.377709439924529, 'penalty': 'l2'}. Best is trial 0 with value: 0.5.
[I 2025-05-07 04:23:21,684] Trial 13 finished with value: 0.5 and parameters: {'C': 82.7447055757053, 'penalty': 'l2'}. Best is trial 0 with value: 0.5.
[I 2025-05-07 04:23:22,331] Trial 14 finished with value: 0.45 and parameters: {'C': 5.484053936900719, 'penalty': 'l2'}. Best is trial 0 with value: 0.5.
[I 2025-05-07 04:23:22,373] Trial 15 finished with value: 0.5 and parameters: {'C': 19.720857672047558, 'penalty': 'l2'}. Best is trial 0 with value: 0.5.
[I 2025-05-07 04:23:23,029] Trial 16 finished with value: 0.5 and parameters: {'C': 1.8557156226210034, 'penalty': 'l2'}. Best is trial 0 with value: 0.5.
[I 2025-05-07 04:23:23,675] Trial 17 finished with value: 0.5 and parameters: {'C': 26.516932569464544, 'penalty': 'l2'}. Best is trial 0 with value: 0.5.
[I 2025-05-07 04:23:23,707] Trial 18 finished with value: 0.5 and parameters: {'C': 1.188244763655516, 'penalty': 'l2'}. Best is trial 0 with value: 0.5.
[I 2025-05-07 04:23:24,363] Trial 19 finished with value: 0.5 and parameters: {'C': 12.093447142589671, 'penalty': 'l2'}. Best is trial 0 with value: 0.5.
[I 2025-05-07 04:23:24,394] Trial 20 finished with value: 0.5 and parameters: {'C': 95.89596440448501, 'penalty': 'l2'}. Best is trial 0 with value: 0.5.
[I 2025-05-07 04:23:24,435] Trial 21 finished with value: 0.5 and parameters: {'C': 28.44943793229338, 'penalty': 'l2'}. Best is trial 0 with value: 0.5.
[I 2025-05-07 04:23:24,476] Trial 22 finished with value: 0.5 and parameters: {'C': 13.869868316172683, 'penalty': 'l2'}. Best is trial 0 with value: 0.5.
[I 2025-05-07 04:23:24,506] Trial 23 finished with value: 0.5 and parameters: {'C': 37.440738291089126, 'penalty': 'l2'}. Best is trial 0 with value: 0.5.
[I 2025-05-07 04:23:24,538] Trial 24 finished with value: 0.45 and parameters: {'C': 2.47685391214756, 'penalty': 'l2'}. Best is trial 0 with value: 0.5.
[I 2025-05-07 04:23:24,576] Trial 25 finished with value: 0.5 and parameters: {'C': 10.036757127704108, 'penalty': 'l2'}. Best is trial 0 with value: 0.5.
[I 2025-05-07 04:23:24,607] Trial 26 finished with value: 0.5 and parameters: {'C': 1.3194627280974967, 'penalty': 'l2'}. Best is trial 0 with value: 0.5.
[I 2025-05-07 04:23:24,648] Trial 27 finished with value: 0.5 and parameters: {'C': 37.191162355747906, 'penalty': 'l2'}. Best is trial 0 with value: 0.5.
[I 2025-05-07 04:23:24,678] Trial 28 finished with value: 0.4 and parameters: {'C': 0.029434059060519695, 'penalty': 'l2'}. Best is trial 0 with value: 0.5.
[I 2025-05-07 04:23:24,710] Trial 29 finished with value: 0.45 and parameters: {'C': 0.9428308103218245, 'penalty': 'l2'}. Best is trial 0 with value: 0.5.
/data/home/rtabares/anaconda3/envs/pyth3.12/lib/python3.12/site-packages/xgboost/core.py:377: FutureWarning: Your system has an old version of glibc (< 2.28). We will stop supporting Linux distros with glibc older than 2.28 after **May 31, 2025**. Please upgrade to a recent Linux distro (with glibc >= 2.28) to use future versions of XGBoost.
Note: You have installed the 'manylinux2014' variant of XGBoost. Certain features such as GPU algorithms or federated learning are not available. To use these features, please upgrade to a recent Linux distro with glibc 2.28+, and install the 'manylinux_2_28' variant.
  warnings.warn(
[I 2025-05-07 04:23:28,260] A new study created in memory with name: mlp
Parámetros guardados en checkpoint_shoppers_Doriginal_Roriginal_B/k_center/IPC_10/best_models_k_center_seed_8_space_original/logreg_best_params.json


>>> Optuna tuning mlp metodo k_center IPC 10 seed 8


/data/home/rtabares/anaconda3/envs/pyth3.12/lib/python3.12/site-packages/sklearn/neural_network/_multilayer_perceptron.py:691: ConvergenceWarning: Stochastic Optimizer: Maximum iterations (50) reached and the optimization hasn't converged yet.
  warnings.warn(
/data/home/rtabares/anaconda3/envs/pyth3.12/lib/python3.12/site-packages/sklearn/neural_network/_multilayer_perceptron.py:691: ConvergenceWarning: Stochastic Optimizer: Maximum iterations (50) reached and the optimization hasn't converged yet.
  warnings.warn(
/data/home/rtabares/anaconda3/envs/pyth3.12/lib/python3.12/site-packages/sklearn/neural_network/_multilayer_perceptron.py:691: ConvergenceWarning: Stochastic Optimizer: Maximum iterations (50) reached and the optimization hasn't converged yet.
  warnings.warn(
/data/home/rtabares/anaconda3/envs/pyth3.12/lib/python3.12/site-packages/sklearn/neural_network/_multilayer_perceptron.py:691: ConvergenceWarning: Stochastic Optimizer: Maximum iterations (50) reached and the optimization hasn't converged yet.
  warnings.warn(
/data/home/rtabares/anaconda3/envs/pyth3.12/lib/python3.12/site-packages/sklearn/neural_network/_multilayer_perceptron.py:691: ConvergenceWarning: Stochastic Optimizer: Maximum iterations (50) reached and the optimization hasn't converged yet.
  warnings.warn(
[I 2025-05-07 04:23:29,544] Trial 0 finished with value: 0.3 and parameters: {'hidden_layer_sizes': (200,), 'max_iter': 50, 'alpha': 0.001}. Best is trial 0 with value: 0.3.
/data/home/rtabares/anaconda3/envs/pyth3.12/lib/python3.12/site-packages/sklearn/neural_network/_multilayer_perceptron.py:691: ConvergenceWarning: Stochastic Optimizer: Maximum iterations (50) reached and the optimization hasn't converged yet.
  warnings.warn(
/data/home/rtabares/anaconda3/envs/pyth3.12/lib/python3.12/site-packages/sklearn/neural_network/_multilayer_perceptron.py:691: ConvergenceWarning: Stochastic Optimizer: Maximum iterations (50) reached and the optimization hasn't converged yet.
  warnings.warn(
/data/home/rtabares/anaconda3/envs/pyth3.12/lib/python3.12/site-packages/sklearn/neural_network/_multilayer_perceptron.py:691: ConvergenceWarning: Stochastic Optimizer: Maximum iterations (50) reached and the optimization hasn't converged yet.
  warnings.warn(
/data/home/rtabares/anaconda3/envs/pyth3.12/lib/python3.12/site-packages/sklearn/neural_network/_multilayer_perceptron.py:691: ConvergenceWarning: Stochastic Optimizer: Maximum iterations (50) reached and the optimization hasn't converged yet.
  warnings.warn(
/data/home/rtabares/anaconda3/envs/pyth3.12/lib/python3.12/site-packages/sklearn/neural_network/_multilayer_perceptron.py:691: ConvergenceWarning: Stochastic Optimizer: Maximum iterations (50) reached and the optimization hasn't converged yet.
  warnings.warn(
[I 2025-05-07 04:23:29,623] Trial 1 finished with value: 0.35 and parameters: {'hidden_layer_sizes': (200,), 'max_iter': 50, 'alpha': 0.0001}. Best is trial 1 with value: 0.35.
/data/home/rtabares/anaconda3/envs/pyth3.12/lib/python3.12/site-packages/sklearn/neural_network/_multilayer_perceptron.py:691: ConvergenceWarning: Stochastic Optimizer: Maximum iterations (50) reached and the optimization hasn't converged yet.
  warnings.warn(
/data/home/rtabares/anaconda3/envs/pyth3.12/lib/python3.12/site-packages/sklearn/neural_network/_multilayer_perceptron.py:691: ConvergenceWarning: Stochastic Optimizer: Maximum iterations (50) reached and the optimization hasn't converged yet.
  warnings.warn(
/data/home/rtabares/anaconda3/envs/pyth3.12/lib/python3.12/site-packages/sklearn/neural_network/_multilayer_perceptron.py:691: ConvergenceWarning: Stochastic Optimizer: Maximum iterations (50) reached and the optimization hasn't converged yet.
  warnings.warn(
/data/home/rtabares/anaconda3/envs/pyth3.12/lib/python3.12/site-packages/sklearn/neural_network/_multilayer_perceptron.py:691: ConvergenceWarning: Stochastic Optimizer: Maximum iterations (50) reached and the optimization hasn't converged yet.
  warnings.warn(
/data/home/rtabares/anaconda3/envs/pyth3.12/lib/python3.12/site-packages/sklearn/neural_network/_multilayer_perceptron.py:691: ConvergenceWarning: Stochastic Optimizer: Maximum iterations (50) reached and the optimization hasn't converged yet.
  warnings.warn(
[I 2025-05-07 04:23:29,670] Trial 2 finished with value: 0.25 and parameters: {'hidden_layer_sizes': (100,), 'max_iter': 50, 'alpha': 0.0001}. Best is trial 1 with value: 0.35.
/data/home/rtabares/anaconda3/envs/pyth3.12/lib/python3.12/site-packages/sklearn/neural_network/_multilayer_perceptron.py:691: ConvergenceWarning: Stochastic Optimizer: Maximum iterations (100) reached and the optimization hasn't converged yet.
  warnings.warn(
/data/home/rtabares/anaconda3/envs/pyth3.12/lib/python3.12/site-packages/sklearn/neural_network/_multilayer_perceptron.py:691: ConvergenceWarning: Stochastic Optimizer: Maximum iterations (100) reached and the optimization hasn't converged yet.
  warnings.warn(
/data/home/rtabares/anaconda3/envs/pyth3.12/lib/python3.12/site-packages/sklearn/neural_network/_multilayer_perceptron.py:691: ConvergenceWarning: Stochastic Optimizer: Maximum iterations (100) reached and the optimization hasn't converged yet.
  warnings.warn(
/data/home/rtabares/anaconda3/envs/pyth3.12/lib/python3.12/site-packages/sklearn/neural_network/_multilayer_perceptron.py:691: ConvergenceWarning: Stochastic Optimizer: Maximum iterations (100) reached and the optimization hasn't converged yet.
  warnings.warn(
/data/home/rtabares/anaconda3/envs/pyth3.12/lib/python3.12/site-packages/sklearn/neural_network/_multilayer_perceptron.py:691: ConvergenceWarning: Stochastic Optimizer: Maximum iterations (100) reached and the optimization hasn't converged yet.
  warnings.warn(
[I 2025-05-07 04:23:29,726] Trial 3 finished with value: 0.15 and parameters: {'hidden_layer_sizes': (100,), 'max_iter': 100, 'alpha': 0.001}. Best is trial 1 with value: 0.35.
/data/home/rtabares/anaconda3/envs/pyth3.12/lib/python3.12/site-packages/sklearn/neural_network/_multilayer_perceptron.py:691: ConvergenceWarning: Stochastic Optimizer: Maximum iterations (100) reached and the optimization hasn't converged yet.
  warnings.warn(
/data/home/rtabares/anaconda3/envs/pyth3.12/lib/python3.12/site-packages/sklearn/neural_network/_multilayer_perceptron.py:691: ConvergenceWarning: Stochastic Optimizer: Maximum iterations (100) reached and the optimization hasn't converged yet.
  warnings.warn(
/data/home/rtabares/anaconda3/envs/pyth3.12/lib/python3.12/site-packages/sklearn/neural_network/_multilayer_perceptron.py:691: ConvergenceWarning: Stochastic Optimizer: Maximum iterations (100) reached and the optimization hasn't converged yet.
  warnings.warn(
/data/home/rtabares/anaconda3/envs/pyth3.12/lib/python3.12/site-packages/sklearn/neural_network/_multilayer_perceptron.py:691: ConvergenceWarning: Stochastic Optimizer: Maximum iterations (100) reached and the optimization hasn't converged yet.
  warnings.warn(
/data/home/rtabares/anaconda3/envs/pyth3.12/lib/python3.12/site-packages/sklearn/neural_network/_multilayer_perceptron.py:691: ConvergenceWarning: Stochastic Optimizer: Maximum iterations (100) reached and the optimization hasn't converged yet.
  warnings.warn(
[I 2025-05-07 04:23:29,813] Trial 4 finished with value: 0.25 and parameters: {'hidden_layer_sizes': (200,), 'max_iter': 100, 'alpha': 0.001}. Best is trial 1 with value: 0.35.
/data/home/rtabares/anaconda3/envs/pyth3.12/lib/python3.12/site-packages/sklearn/neural_network/_multilayer_perceptron.py:691: ConvergenceWarning: Stochastic Optimizer: Maximum iterations (50) reached and the optimization hasn't converged yet.
  warnings.warn(
/data/home/rtabares/anaconda3/envs/pyth3.12/lib/python3.12/site-packages/sklearn/neural_network/_multilayer_perceptron.py:691: ConvergenceWarning: Stochastic Optimizer: Maximum iterations (50) reached and the optimization hasn't converged yet.
  warnings.warn(
/data/home/rtabares/anaconda3/envs/pyth3.12/lib/python3.12/site-packages/sklearn/neural_network/_multilayer_perceptron.py:691: ConvergenceWarning: Stochastic Optimizer: Maximum iterations (50) reached and the optimization hasn't converged yet.
  warnings.warn(
/data/home/rtabares/anaconda3/envs/pyth3.12/lib/python3.12/site-packages/sklearn/neural_network/_multilayer_perceptron.py:691: ConvergenceWarning: Stochastic Optimizer: Maximum iterations (50) reached and the optimization hasn't converged yet.
  warnings.warn(
/data/home/rtabares/anaconda3/envs/pyth3.12/lib/python3.12/site-packages/sklearn/neural_network/_multilayer_perceptron.py:691: ConvergenceWarning: Stochastic Optimizer: Maximum iterations (50) reached and the optimization hasn't converged yet.
  warnings.warn(
