[I 2025-05-07 07:34:06,230] Trial 2 finished with value: 0.7499999999999998 and parameters: {'n_estimators': 10, 'max_depth': 30, 'gamma': 0.4976498569806965, 'subsample': 0.7170069966666468, 'colsample_bytree': 0.8088834892346586}. Best is trial 0 with value: 0.7666666666666666.
/data/home/rtabares/anaconda3/envs/pyth3.12/lib/python3.12/site-packages/xgboost/core.py:377: FutureWarning: Your system has an old version of glibc (< 2.28). We will stop supporting Linux distros with glibc older than 2.28 after **May 31, 2025**. Please upgrade to a recent Linux distro (with glibc >= 2.28) to use future versions of XGBoost.
Note: You have installed the 'manylinux2014' variant of XGBoost. Certain features such as GPU algorithms or federated learning are not available. To use these features, please upgrade to a recent Linux distro with glibc 2.28+, and install the 'manylinux_2_28' variant.
  warnings.warn(
/data/home/rtabares/anaconda3/envs/pyth3.12/lib/python3.12/site-packages/xgboost/core.py:377: FutureWarning: Your system has an old version of glibc (< 2.28). We will stop supporting Linux distros with glibc older than 2.28 after **May 31, 2025**. Please upgrade to a recent Linux distro (with glibc >= 2.28) to use future versions of XGBoost.
Note: You have installed the 'manylinux2014' variant of XGBoost. Certain features such as GPU algorithms or federated learning are not available. To use these features, please upgrade to a recent Linux distro with glibc 2.28+, and install the 'manylinux_2_28' variant.
  warnings.warn(
/data/home/rtabares/anaconda3/envs/pyth3.12/lib/python3.12/site-packages/xgboost/core.py:377: FutureWarning: Your system has an old version of glibc (< 2.28). We will stop supporting Linux distros with glibc older than 2.28 after **May 31, 2025**. Please upgrade to a recent Linux distro (with glibc >= 2.28) to use future versions of XGBoost.
Note: You have installed the 'manylinux2014' variant of XGBoost. Certain features such as GPU algorithms or federated learning are not available. To use these features, please upgrade to a recent Linux distro with glibc 2.28+, and install the 'manylinux_2_28' variant.
  warnings.warn(
[I 2025-05-07 07:34:06,278] Trial 3 finished with value: 0.7833333333333333 and parameters: {'n_estimators': 40, 'max_depth': 30, 'gamma': 0.38731248008969077, 'subsample': 0.5452296746354537, 'colsample_bytree': 0.6503500283181016}. Best is trial 3 with value: 0.7833333333333333.
/data/home/rtabares/anaconda3/envs/pyth3.12/lib/python3.12/site-packages/xgboost/core.py:377: FutureWarning: Your system has an old version of glibc (< 2.28). We will stop supporting Linux distros with glibc older than 2.28 after **May 31, 2025**. Please upgrade to a recent Linux distro (with glibc >= 2.28) to use future versions of XGBoost.
Note: You have installed the 'manylinux2014' variant of XGBoost. Certain features such as GPU algorithms or federated learning are not available. To use these features, please upgrade to a recent Linux distro with glibc 2.28+, and install the 'manylinux_2_28' variant.
  warnings.warn(
[I 2025-05-07 07:34:06,327] Trial 4 finished with value: 0.8 and parameters: {'n_estimators': 40, 'max_depth': 30, 'gamma': 0.27905278571093106, 'subsample': 0.9284251512288666, 'colsample_bytree': 0.6758263197160439}. Best is trial 4 with value: 0.8.
/data/home/rtabares/anaconda3/envs/pyth3.12/lib/python3.12/site-packages/xgboost/core.py:377: FutureWarning: Your system has an old version of glibc (< 2.28). We will stop supporting Linux distros with glibc older than 2.28 after **May 31, 2025**. Please upgrade to a recent Linux distro (with glibc >= 2.28) to use future versions of XGBoost.
Note: You have installed the 'manylinux2014' variant of XGBoost. Certain features such as GPU algorithms or federated learning are not available. To use these features, please upgrade to a recent Linux distro with glibc 2.28+, and install the 'manylinux_2_28' variant.
  warnings.warn(
[I 2025-05-07 07:34:06,397] Trial 5 finished with value: 0.7666666666666666 and parameters: {'n_estimators': 100, 'max_depth': 30, 'gamma': 0.1841143371027853, 'subsample': 0.9105528289184642, 'colsample_bytree': 0.5755760098212819}. Best is trial 4 with value: 0.8.
/data/home/rtabares/anaconda3/envs/pyth3.12/lib/python3.12/site-packages/xgboost/core.py:377: FutureWarning: Your system has an old version of glibc (< 2.28). We will stop supporting Linux distros with glibc older than 2.28 after **May 31, 2025**. Please upgrade to a recent Linux distro (with glibc >= 2.28) to use future versions of XGBoost.
Note: You have installed the 'manylinux2014' variant of XGBoost. Certain features such as GPU algorithms or federated learning are not available. To use these features, please upgrade to a recent Linux distro with glibc 2.28+, and install the 'manylinux_2_28' variant.
  warnings.warn(
/data/home/rtabares/anaconda3/envs/pyth3.12/lib/python3.12/site-packages/xgboost/core.py:377: FutureWarning: Your system has an old version of glibc (< 2.28). We will stop supporting Linux distros with glibc older than 2.28 after **May 31, 2025**. Please upgrade to a recent Linux distro (with glibc >= 2.28) to use future versions of XGBoost.
Note: You have installed the 'manylinux2014' variant of XGBoost. Certain features such as GPU algorithms or federated learning are not available. To use these features, please upgrade to a recent Linux distro with glibc 2.28+, and install the 'manylinux_2_28' variant.
  warnings.warn(
[I 2025-05-07 07:34:06,446] Trial 6 finished with value: 0.8 and parameters: {'n_estimators': 100, 'max_depth': 20, 'gamma': 0.6376344834077958, 'subsample': 0.9514158801658137, 'colsample_bytree': 0.7672789744009075}. Best is trial 4 with value: 0.8.
/data/home/rtabares/anaconda3/envs/pyth3.12/lib/python3.12/site-packages/xgboost/core.py:377: FutureWarning: Your system has an old version of glibc (< 2.28). We will stop supporting Linux distros with glibc older than 2.28 after **May 31, 2025**. Please upgrade to a recent Linux distro (with glibc >= 2.28) to use future versions of XGBoost.
Note: You have installed the 'manylinux2014' variant of XGBoost. Certain features such as GPU algorithms or federated learning are not available. To use these features, please upgrade to a recent Linux distro with glibc 2.28+, and install the 'manylinux_2_28' variant.
  warnings.warn(
[I 2025-05-07 07:34:06,484] Trial 7 finished with value: 0.8 and parameters: {'n_estimators': 10, 'max_depth': 30, 'gamma': 0.7964472665895362, 'subsample': 0.5199796043449887, 'colsample_bytree': 0.7147460892158192}. Best is trial 4 with value: 0.8.
/data/home/rtabares/anaconda3/envs/pyth3.12/lib/python3.12/site-packages/xgboost/core.py:377: FutureWarning: Your system has an old version of glibc (< 2.28). We will stop supporting Linux distros with glibc older than 2.28 after **May 31, 2025**. Please upgrade to a recent Linux distro (with glibc >= 2.28) to use future versions of XGBoost.
Note: You have installed the 'manylinux2014' variant of XGBoost. Certain features such as GPU algorithms or federated learning are not available. To use these features, please upgrade to a recent Linux distro with glibc 2.28+, and install the 'manylinux_2_28' variant.
  warnings.warn(
[I 2025-05-07 07:34:06,532] Trial 8 finished with value: 0.7833333333333332 and parameters: {'n_estimators': 40, 'max_depth': 20, 'gamma': 0.8902869784523725, 'subsample': 0.7087545719196335, 'colsample_bytree': 0.8027887821968784}. Best is trial 4 with value: 0.8.
/data/home/rtabares/anaconda3/envs/pyth3.12/lib/python3.12/site-packages/xgboost/core.py:377: FutureWarning: Your system has an old version of glibc (< 2.28). We will stop supporting Linux distros with glibc older than 2.28 after **May 31, 2025**. Please upgrade to a recent Linux distro (with glibc >= 2.28) to use future versions of XGBoost.
Note: You have installed the 'manylinux2014' variant of XGBoost. Certain features such as GPU algorithms or federated learning are not available. To use these features, please upgrade to a recent Linux distro with glibc 2.28+, and install the 'manylinux_2_28' variant.
  warnings.warn(
/data/home/rtabares/anaconda3/envs/pyth3.12/lib/python3.12/site-packages/xgboost/core.py:377: FutureWarning: Your system has an old version of glibc (< 2.28). We will stop supporting Linux distros with glibc older than 2.28 after **May 31, 2025**. Please upgrade to a recent Linux distro (with glibc >= 2.28) to use future versions of XGBoost.
Note: You have installed the 'manylinux2014' variant of XGBoost. Certain features such as GPU algorithms or federated learning are not available. To use these features, please upgrade to a recent Linux distro with glibc 2.28+, and install the 'manylinux_2_28' variant.
  warnings.warn(
/data/home/rtabares/anaconda3/envs/pyth3.12/lib/python3.12/site-packages/xgboost/core.py:377: FutureWarning: Your system has an old version of glibc (< 2.28). We will stop supporting Linux distros with glibc older than 2.28 after **May 31, 2025**. Please upgrade to a recent Linux distro (with glibc >= 2.28) to use future versions of XGBoost.
Note: You have installed the 'manylinux2014' variant of XGBoost. Certain features such as GPU algorithms or federated learning are not available. To use these features, please upgrade to a recent Linux distro with glibc 2.28+, and install the 'manylinux_2_28' variant.
  warnings.warn(
/data/home/rtabares/anaconda3/envs/pyth3.12/lib/python3.12/site-packages/xgboost/core.py:377: FutureWarning: Your system has an old version of glibc (< 2.28). We will stop supporting Linux distros with glibc older than 2.28 after **May 31, 2025**. Please upgrade to a recent Linux distro (with glibc >= 2.28) to use future versions of XGBoost.
Note: You have installed the 'manylinux2014' variant of XGBoost. Certain features such as GPU algorithms or federated learning are not available. To use these features, please upgrade to a recent Linux distro with glibc 2.28+, and install the 'manylinux_2_28' variant.
  warnings.warn(
[I 2025-05-07 07:34:06,586] Trial 9 finished with value: 0.7833333333333333 and parameters: {'n_estimators': 40, 'max_depth': 30, 'gamma': 0.31786828786317467, 'subsample': 0.778789094331322, 'colsample_bytree': 0.7827535099440838}. Best is trial 4 with value: 0.8.
[I 2025-05-07 07:34:06,628] Trial 10 finished with value: 0.8166666666666667 and parameters: {'n_estimators': 40, 'max_depth': 5, 'gamma': 0.10948004651745666, 'subsample': 0.7995917024112635, 'colsample_bytree': 0.9540103383112113}. Best is trial 10 with value: 0.8166666666666667.
/data/home/rtabares/anaconda3/envs/pyth3.12/lib/python3.12/site-packages/xgboost/core.py:377: FutureWarning: Your system has an old version of glibc (< 2.28). We will stop supporting Linux distros with glibc older than 2.28 after **May 31, 2025**. Please upgrade to a recent Linux distro (with glibc >= 2.28) to use future versions of XGBoost.
Note: You have installed the 'manylinux2014' variant of XGBoost. Certain features such as GPU algorithms or federated learning are not available. To use these features, please upgrade to a recent Linux distro with glibc 2.28+, and install the 'manylinux_2_28' variant.
  warnings.warn(
[I 2025-05-07 07:34:07,292] Trial 11 finished with value: 0.8 and parameters: {'n_estimators': 40, 'max_depth': 5, 'gamma': 0.12277329503082068, 'subsample': 0.7926076730804443, 'colsample_bytree': 0.9839422918161169}. Best is trial 10 with value: 0.8166666666666667.
/data/home/rtabares/anaconda3/envs/pyth3.12/lib/python3.12/site-packages/xgboost/core.py:377: FutureWarning: Your system has an old version of glibc (< 2.28). We will stop supporting Linux distros with glibc older than 2.28 after **May 31, 2025**. Please upgrade to a recent Linux distro (with glibc >= 2.28) to use future versions of XGBoost.
Note: You have installed the 'manylinux2014' variant of XGBoost. Certain features such as GPU algorithms or federated learning are not available. To use these features, please upgrade to a recent Linux distro with glibc 2.28+, and install the 'manylinux_2_28' variant.
  warnings.warn(
[I 2025-05-07 07:34:07,966] Trial 12 finished with value: 0.8 and parameters: {'n_estimators': 40, 'max_depth': 5, 'gamma': 0.10866067923544463, 'subsample': 0.9913181089218288, 'colsample_bytree': 0.9393523752977497}. Best is trial 10 with value: 0.8166666666666667.
[I 2025-05-07 07:34:08,005] Trial 13 finished with value: 0.8 and parameters: {'n_estimators': 40, 'max_depth': 5, 'gamma': 0.45749484169777455, 'subsample': 0.6436254212321105, 'colsample_bytree': 0.9040822261097735}. Best is trial 10 with value: 0.8166666666666667.
[I 2025-05-07 07:34:08,044] Trial 14 finished with value: 0.7833333333333333 and parameters: {'n_estimators': 40, 'max_depth': 5, 'gamma': 0.24883606871760355, 'subsample': 0.8302562619719384, 'colsample_bytree': 0.873717061463197}. Best is trial 10 with value: 0.8166666666666667.
/data/home/rtabares/anaconda3/envs/pyth3.12/lib/python3.12/site-packages/xgboost/core.py:377: FutureWarning: Your system has an old version of glibc (< 2.28). We will stop supporting Linux distros with glibc older than 2.28 after **May 31, 2025**. Please upgrade to a recent Linux distro (with glibc >= 2.28) to use future versions of XGBoost.
Note: You have installed the 'manylinux2014' variant of XGBoost. Certain features such as GPU algorithms or federated learning are not available. To use these features, please upgrade to a recent Linux distro with glibc 2.28+, and install the 'manylinux_2_28' variant.
  warnings.warn(
[I 2025-05-07 07:34:08,683] Trial 15 finished with value: 0.8166666666666667 and parameters: {'n_estimators': 40, 'max_depth': 20, 'gamma': 0.3821648668140707, 'subsample': 0.6496296556802675, 'colsample_bytree': 0.5207550527619893}. Best is trial 10 with value: 0.8166666666666667.
/data/home/rtabares/anaconda3/envs/pyth3.12/lib/python3.12/site-packages/xgboost/core.py:377: FutureWarning: Your system has an old version of glibc (< 2.28). We will stop supporting Linux distros with glibc older than 2.28 after **May 31, 2025**. Please upgrade to a recent Linux distro (with glibc >= 2.28) to use future versions of XGBoost.
Note: You have installed the 'manylinux2014' variant of XGBoost. Certain features such as GPU algorithms or federated learning are not available. To use these features, please upgrade to a recent Linux distro with glibc 2.28+, and install the 'manylinux_2_28' variant.
  warnings.warn(
[I 2025-05-07 07:34:09,338] Trial 16 finished with value: 0.7833333333333334 and parameters: {'n_estimators': 40, 'max_depth': 20, 'gamma': 0.39418257715671956, 'subsample': 0.6207357432040369, 'colsample_bytree': 0.529841145426427}. Best is trial 10 with value: 0.8166666666666667.
/data/home/rtabares/anaconda3/envs/pyth3.12/lib/python3.12/site-packages/xgboost/core.py:377: FutureWarning: Your system has an old version of glibc (< 2.28). We will stop supporting Linux distros with glibc older than 2.28 after **May 31, 2025**. Please upgrade to a recent Linux distro (with glibc >= 2.28) to use future versions of XGBoost.
Note: You have installed the 'manylinux2014' variant of XGBoost. Certain features such as GPU algorithms or federated learning are not available. To use these features, please upgrade to a recent Linux distro with glibc 2.28+, and install the 'manylinux_2_28' variant.
  warnings.warn(
[I 2025-05-07 07:34:10,026] Trial 17 finished with value: 0.8166666666666667 and parameters: {'n_estimators': 40, 'max_depth': 20, 'gamma': 0.6484065067283364, 'subsample': 0.6406582452559304, 'colsample_bytree': 0.863149119497691}. Best is trial 10 with value: 0.8166666666666667.
[I 2025-05-07 07:34:10,065] Trial 18 finished with value: 0.7666666666666666 and parameters: {'n_estimators': 10, 'max_depth': 20, 'gamma': 0.5567158901762137, 'subsample': 0.7147534979640351, 'colsample_bytree': 0.5113252339492005}. Best is trial 10 with value: 0.8166666666666667.
[I 2025-05-07 07:34:10,115] Trial 19 finished with value: 0.7833333333333332 and parameters: {'n_estimators': 100, 'max_depth': 5, 'gamma': 0.19467723027748585, 'subsample': 0.5869466034526286, 'colsample_bytree': 0.7218204681068193}. Best is trial 10 with value: 0.8166666666666667.
[I 2025-05-07 07:34:10,154] Trial 20 finished with value: 0.8 and parameters: {'n_estimators': 40, 'max_depth': 20, 'gamma': 0.3647185167275283, 'subsample': 0.7623953370027229, 'colsample_bytree': 0.979805030653957}. Best is trial 10 with value: 0.8166666666666667.
[I 2025-05-07 07:34:10,193] Trial 21 finished with value: 0.8 and parameters: {'n_estimators': 40, 'max_depth': 20, 'gamma': 0.7478494301904514, 'subsample': 0.6619476009104632, 'colsample_bytree': 0.8641553234379497}. Best is trial 10 with value: 0.8166666666666667.
[I 2025-05-07 07:34:10,231] Trial 22 finished with value: 0.7999999999999999 and parameters: {'n_estimators': 40, 'max_depth': 20, 'gamma': 0.5909461221899869, 'subsample': 0.5952986367633113, 'colsample_bytree': 0.8543525056715181}. Best is trial 10 with value: 0.8166666666666667.
[I 2025-05-07 07:34:10,275] Trial 23 finished with value: 0.7833333333333334 and parameters: {'n_estimators': 40, 'max_depth': 20, 'gamma': 0.7160978868487227, 'subsample': 0.6872476625723867, 'colsample_bytree': 0.9251441680297462}. Best is trial 10 with value: 0.8166666666666667.
[I 2025-05-07 07:34:10,325] Trial 24 finished with value: 0.7833333333333332 and parameters: {'n_estimators': 40, 'max_depth': 20, 'gamma': 0.9261025320014031, 'subsample': 0.8181949807126552, 'colsample_bytree': 0.8316628944234475}. Best is trial 10 with value: 0.8166666666666667.
[I 2025-05-07 07:34:10,378] Trial 25 finished with value: 0.8 and parameters: {'n_estimators': 40, 'max_depth': 20, 'gamma': 0.4786443317133815, 'subsample': 0.7441307358284105, 'colsample_bytree': 0.9518509179201254}. Best is trial 10 with value: 0.8166666666666667.
[I 2025-05-07 07:34:10,427] Trial 26 finished with value: 0.7833333333333333 and parameters: {'n_estimators': 40, 'max_depth': 5, 'gamma': 0.6697403593979016, 'subsample': 0.5735352340410984, 'colsample_bytree': 0.9074816252783855}. Best is trial 10 with value: 0.8166666666666667.
[I 2025-05-07 07:34:10,476] Trial 27 finished with value: 0.7833333333333333 and parameters: {'n_estimators': 40, 'max_depth': 20, 'gamma': 0.8369832675883725, 'subsample': 0.6204908992973769, 'colsample_bytree': 0.8890755097622149}. Best is trial 10 with value: 0.8166666666666667.
[I 2025-05-07 07:34:10,515] Trial 28 finished with value: 0.7833333333333334 and parameters: {'n_estimators': 10, 'max_depth': 5, 'gamma': 0.533123564594615, 'subsample': 0.6688042252060008, 'colsample_bytree': 0.9917409586847372}. Best is trial 10 with value: 0.8166666666666667.
[I 2025-05-07 07:34:10,565] Trial 29 finished with value: 0.7666666666666666 and parameters: {'n_estimators': 100, 'max_depth': 5, 'gamma': 0.17354627328074804, 'subsample': 0.8691421847554877, 'colsample_bytree': 0.5861059591823821}. Best is trial 10 with value: 0.8166666666666667.
[I 2025-05-07 07:34:14,728] A new study created in memory with name: rf
Parámetros guardados en checkpoint_shoppers_Doriginal_Roriginal_C/random/IPC_30/best_models_random_seed_10_space_original/xgb_best_params.json


>>> Optuna tuning rf metodo random IPC 30 seed 10


[I 2025-05-07 07:34:15,813] Trial 0 finished with value: 0.7499999999999999 and parameters: {'n_estimators': 409, 'max_depth': 3, 'min_samples_split': 7, 'min_samples_leaf': 8}. Best is trial 0 with value: 0.7499999999999999.
[I 2025-05-07 07:34:16,181] Trial 1 finished with value: 0.7166666666666667 and parameters: {'n_estimators': 299, 'max_depth': 7, 'min_samples_split': 3, 'min_samples_leaf': 8}. Best is trial 0 with value: 0.7499999999999999.
[I 2025-05-07 07:34:16,470] Trial 2 finished with value: 0.7833333333333332 and parameters: {'n_estimators': 167, 'max_depth': 4, 'min_samples_split': 8, 'min_samples_leaf': 10}. Best is trial 2 with value: 0.7833333333333332.
[I 2025-05-07 07:34:16,699] Trial 3 finished with value: 0.8333333333333333 and parameters: {'n_estimators': 101, 'max_depth': 12, 'min_samples_split': 9, 'min_samples_leaf': 7}. Best is trial 3 with value: 0.8333333333333333.
[I 2025-05-07 07:34:17,182] Trial 4 finished with value: 0.7333333333333334 and parameters: {'n_estimators': 389, 'max_depth': 8, 'min_samples_split': 10, 'min_samples_leaf': 8}. Best is trial 3 with value: 0.8333333333333333.
[I 2025-05-07 07:34:17,541] Trial 5 finished with value: 0.7499999999999998 and parameters: {'n_estimators': 317, 'max_depth': 5, 'min_samples_split': 5, 'min_samples_leaf': 7}. Best is trial 3 with value: 0.8333333333333333.
[I 2025-05-07 07:34:17,949] Trial 6 finished with value: 0.7 and parameters: {'n_estimators': 277, 'max_depth': 10, 'min_samples_split': 7, 'min_samples_leaf': 6}. Best is trial 3 with value: 0.8333333333333333.
[I 2025-05-07 07:34:18,387] Trial 7 finished with value: 0.7833333333333332 and parameters: {'n_estimators': 360, 'max_depth': 13, 'min_samples_split': 9, 'min_samples_leaf': 6}. Best is trial 3 with value: 0.8333333333333333.
[I 2025-05-07 07:34:18,948] Trial 8 finished with value: 0.7333333333333334 and parameters: {'n_estimators': 464, 'max_depth': 8, 'min_samples_split': 2, 'min_samples_leaf': 4}. Best is trial 3 with value: 0.8333333333333333.
[I 2025-05-07 07:34:19,166] Trial 9 finished with value: 0.7166666666666666 and parameters: {'n_estimators': 145, 'max_depth': 17, 'min_samples_split': 2, 'min_samples_leaf': 7}. Best is trial 3 with value: 0.8333333333333333.
[I 2025-05-07 07:34:19,543] Trial 10 finished with value: 0.7166666666666666 and parameters: {'n_estimators': 209, 'max_depth': 20, 'min_samples_split': 5, 'min_samples_leaf': 1}. Best is trial 3 with value: 0.8333333333333333.
[I 2025-05-07 07:34:20,417] Trial 11 finished with value: 0.7666666666666668 and parameters: {'n_estimators': 103, 'max_depth': 14, 'min_samples_split': 9, 'min_samples_leaf': 9}. Best is trial 3 with value: 0.8333333333333333.
