[I 2025-05-07 07:39:27,398] Trial 3 finished with value: 0.8 and parameters: {'n_estimators': 100, 'max_depth': 20, 'gamma': 0.7165220074504307, 'subsample': 0.7216754810066324, 'colsample_bytree': 0.7339980736899805}. Best is trial 1 with value: 0.85.
/data/home/rtabares/anaconda3/envs/pyth3.12/lib/python3.12/site-packages/xgboost/core.py:377: FutureWarning: Your system has an old version of glibc (< 2.28). We will stop supporting Linux distros with glibc older than 2.28 after **May 31, 2025**. Please upgrade to a recent Linux distro (with glibc >= 2.28) to use future versions of XGBoost.
Note: You have installed the 'manylinux2014' variant of XGBoost. Certain features such as GPU algorithms or federated learning are not available. To use these features, please upgrade to a recent Linux distro with glibc 2.28+, and install the 'manylinux_2_28' variant.
  warnings.warn(
/data/home/rtabares/anaconda3/envs/pyth3.12/lib/python3.12/site-packages/xgboost/core.py:377: FutureWarning: Your system has an old version of glibc (< 2.28). We will stop supporting Linux distros with glibc older than 2.28 after **May 31, 2025**. Please upgrade to a recent Linux distro (with glibc >= 2.28) to use future versions of XGBoost.
Note: You have installed the 'manylinux2014' variant of XGBoost. Certain features such as GPU algorithms or federated learning are not available. To use these features, please upgrade to a recent Linux distro with glibc 2.28+, and install the 'manylinux_2_28' variant.
  warnings.warn(
[I 2025-05-07 07:39:27,446] Trial 4 finished with value: 0.8166666666666667 and parameters: {'n_estimators': 40, 'max_depth': 30, 'gamma': 0.22567744337346624, 'subsample': 0.7890033727874206, 'colsample_bytree': 0.6703371360220997}. Best is trial 1 with value: 0.85.
/data/home/rtabares/anaconda3/envs/pyth3.12/lib/python3.12/site-packages/xgboost/core.py:377: FutureWarning: Your system has an old version of glibc (< 2.28). We will stop supporting Linux distros with glibc older than 2.28 after **May 31, 2025**. Please upgrade to a recent Linux distro (with glibc >= 2.28) to use future versions of XGBoost.
Note: You have installed the 'manylinux2014' variant of XGBoost. Certain features such as GPU algorithms or federated learning are not available. To use these features, please upgrade to a recent Linux distro with glibc 2.28+, and install the 'manylinux_2_28' variant.
  warnings.warn(
[I 2025-05-07 07:39:27,493] Trial 5 finished with value: 0.8166666666666668 and parameters: {'n_estimators': 100, 'max_depth': 5, 'gamma': 0.11655995196755466, 'subsample': 0.8083951347975071, 'colsample_bytree': 0.6152026938905422}. Best is trial 1 with value: 0.85.
/data/home/rtabares/anaconda3/envs/pyth3.12/lib/python3.12/site-packages/xgboost/core.py:377: FutureWarning: Your system has an old version of glibc (< 2.28). We will stop supporting Linux distros with glibc older than 2.28 after **May 31, 2025**. Please upgrade to a recent Linux distro (with glibc >= 2.28) to use future versions of XGBoost.
Note: You have installed the 'manylinux2014' variant of XGBoost. Certain features such as GPU algorithms or federated learning are not available. To use these features, please upgrade to a recent Linux distro with glibc 2.28+, and install the 'manylinux_2_28' variant.
  warnings.warn(
[I 2025-05-07 07:39:27,530] Trial 6 finished with value: 0.8333333333333334 and parameters: {'n_estimators': 10, 'max_depth': 20, 'gamma': 0.48758966169551765, 'subsample': 0.9788642999057253, 'colsample_bytree': 0.523879050552448}. Best is trial 1 with value: 0.85.
/data/home/rtabares/anaconda3/envs/pyth3.12/lib/python3.12/site-packages/xgboost/core.py:377: FutureWarning: Your system has an old version of glibc (< 2.28). We will stop supporting Linux distros with glibc older than 2.28 after **May 31, 2025**. Please upgrade to a recent Linux distro (with glibc >= 2.28) to use future versions of XGBoost.
Note: You have installed the 'manylinux2014' variant of XGBoost. Certain features such as GPU algorithms or federated learning are not available. To use these features, please upgrade to a recent Linux distro with glibc 2.28+, and install the 'manylinux_2_28' variant.
  warnings.warn(
[I 2025-05-07 07:39:27,568] Trial 7 finished with value: 0.8166666666666667 and parameters: {'n_estimators': 10, 'max_depth': 20, 'gamma': 0.8157814120893606, 'subsample': 0.556422761100897, 'colsample_bytree': 0.5995813160856854}. Best is trial 1 with value: 0.85.
/data/home/rtabares/anaconda3/envs/pyth3.12/lib/python3.12/site-packages/xgboost/core.py:377: FutureWarning: Your system has an old version of glibc (< 2.28). We will stop supporting Linux distros with glibc older than 2.28 after **May 31, 2025**. Please upgrade to a recent Linux distro (with glibc >= 2.28) to use future versions of XGBoost.
Note: You have installed the 'manylinux2014' variant of XGBoost. Certain features such as GPU algorithms or federated learning are not available. To use these features, please upgrade to a recent Linux distro with glibc 2.28+, and install the 'manylinux_2_28' variant.
  warnings.warn(
/data/home/rtabares/anaconda3/envs/pyth3.12/lib/python3.12/site-packages/xgboost/core.py:377: FutureWarning: Your system has an old version of glibc (< 2.28). We will stop supporting Linux distros with glibc older than 2.28 after **May 31, 2025**. Please upgrade to a recent Linux distro (with glibc >= 2.28) to use future versions of XGBoost.
Note: You have installed the 'manylinux2014' variant of XGBoost. Certain features such as GPU algorithms or federated learning are not available. To use these features, please upgrade to a recent Linux distro with glibc 2.28+, and install the 'manylinux_2_28' variant.
  warnings.warn(
[I 2025-05-07 07:39:27,606] Trial 8 finished with value: 0.8333333333333334 and parameters: {'n_estimators': 10, 'max_depth': 30, 'gamma': 0.6246239180198534, 'subsample': 0.8703602604808405, 'colsample_bytree': 0.9351804208878444}. Best is trial 1 with value: 0.85.
[I 2025-05-07 07:39:27,634] Trial 9 finished with value: 0.8000000000000002 and parameters: {'n_estimators': 10, 'max_depth': 30, 'gamma': 0.7895230077261656, 'subsample': 0.5341573921569625, 'colsample_bytree': 0.8030132599879066}. Best is trial 1 with value: 0.85.
/data/home/rtabares/anaconda3/envs/pyth3.12/lib/python3.12/site-packages/xgboost/core.py:377: FutureWarning: Your system has an old version of glibc (< 2.28). We will stop supporting Linux distros with glibc older than 2.28 after **May 31, 2025**. Please upgrade to a recent Linux distro (with glibc >= 2.28) to use future versions of XGBoost.
Note: You have installed the 'manylinux2014' variant of XGBoost. Certain features such as GPU algorithms or federated learning are not available. To use these features, please upgrade to a recent Linux distro with glibc 2.28+, and install the 'manylinux_2_28' variant.
  warnings.warn(
/data/home/rtabares/anaconda3/envs/pyth3.12/lib/python3.12/site-packages/xgboost/core.py:377: FutureWarning: Your system has an old version of glibc (< 2.28). We will stop supporting Linux distros with glibc older than 2.28 after **May 31, 2025**. Please upgrade to a recent Linux distro (with glibc >= 2.28) to use future versions of XGBoost.
Note: You have installed the 'manylinux2014' variant of XGBoost. Certain features such as GPU algorithms or federated learning are not available. To use these features, please upgrade to a recent Linux distro with glibc 2.28+, and install the 'manylinux_2_28' variant.
  warnings.warn(
[I 2025-05-07 07:39:27,693] Trial 10 finished with value: 0.85 and parameters: {'n_estimators': 10, 'max_depth': 5, 'gamma': 0.9725684998653704, 'subsample': 0.6808352266415234, 'colsample_bytree': 0.7828384581293532}. Best is trial 1 with value: 0.85.
/data/home/rtabares/anaconda3/envs/pyth3.12/lib/python3.12/site-packages/xgboost/core.py:377: FutureWarning: Your system has an old version of glibc (< 2.28). We will stop supporting Linux distros with glibc older than 2.28 after **May 31, 2025**. Please upgrade to a recent Linux distro (with glibc >= 2.28) to use future versions of XGBoost.
Note: You have installed the 'manylinux2014' variant of XGBoost. Certain features such as GPU algorithms or federated learning are not available. To use these features, please upgrade to a recent Linux distro with glibc 2.28+, and install the 'manylinux_2_28' variant.
  warnings.warn(
[I 2025-05-07 07:39:28,352] Trial 11 finished with value: 0.85 and parameters: {'n_estimators': 10, 'max_depth': 5, 'gamma': 0.9371997994452069, 'subsample': 0.6671152282085493, 'colsample_bytree': 0.8060737503170428}. Best is trial 1 with value: 0.85.
/data/home/rtabares/anaconda3/envs/pyth3.12/lib/python3.12/site-packages/xgboost/core.py:377: FutureWarning: Your system has an old version of glibc (< 2.28). We will stop supporting Linux distros with glibc older than 2.28 after **May 31, 2025**. Please upgrade to a recent Linux distro (with glibc >= 2.28) to use future versions of XGBoost.
Note: You have installed the 'manylinux2014' variant of XGBoost. Certain features such as GPU algorithms or federated learning are not available. To use these features, please upgrade to a recent Linux distro with glibc 2.28+, and install the 'manylinux_2_28' variant.
  warnings.warn(
/data/home/rtabares/anaconda3/envs/pyth3.12/lib/python3.12/site-packages/xgboost/core.py:377: FutureWarning: Your system has an old version of glibc (< 2.28). We will stop supporting Linux distros with glibc older than 2.28 after **May 31, 2025**. Please upgrade to a recent Linux distro (with glibc >= 2.28) to use future versions of XGBoost.
Note: You have installed the 'manylinux2014' variant of XGBoost. Certain features such as GPU algorithms or federated learning are not available. To use these features, please upgrade to a recent Linux distro with glibc 2.28+, and install the 'manylinux_2_28' variant.
  warnings.warn(
/data/home/rtabares/anaconda3/envs/pyth3.12/lib/python3.12/site-packages/xgboost/core.py:377: FutureWarning: Your system has an old version of glibc (< 2.28). We will stop supporting Linux distros with glibc older than 2.28 after **May 31, 2025**. Please upgrade to a recent Linux distro (with glibc >= 2.28) to use future versions of XGBoost.
Note: You have installed the 'manylinux2014' variant of XGBoost. Certain features such as GPU algorithms or federated learning are not available. To use these features, please upgrade to a recent Linux distro with glibc 2.28+, and install the 'manylinux_2_28' variant.
  warnings.warn(
/data/home/rtabares/anaconda3/envs/pyth3.12/lib/python3.12/site-packages/xgboost/core.py:377: FutureWarning: Your system has an old version of glibc (< 2.28). We will stop supporting Linux distros with glibc older than 2.28 after **May 31, 2025**. Please upgrade to a recent Linux distro (with glibc >= 2.28) to use future versions of XGBoost.
Note: You have installed the 'manylinux2014' variant of XGBoost. Certain features such as GPU algorithms or federated learning are not available. To use these features, please upgrade to a recent Linux distro with glibc 2.28+, and install the 'manylinux_2_28' variant.
  warnings.warn(
[I 2025-05-07 07:39:29,010] Trial 12 finished with value: 0.8333333333333334 and parameters: {'n_estimators': 10, 'max_depth': 5, 'gamma': 0.35316193189414413, 'subsample': 0.9199083638909842, 'colsample_bytree': 0.7362233691733812}. Best is trial 1 with value: 0.85.
[I 2025-05-07 07:39:29,063] Trial 13 finished with value: 0.8666666666666668 and parameters: {'n_estimators': 10, 'max_depth': 5, 'gamma': 0.9866112445631146, 'subsample': 0.6542340353149814, 'colsample_bytree': 0.8504118270031269}. Best is trial 13 with value: 0.8666666666666668.
[I 2025-05-07 07:39:29,100] Trial 14 finished with value: 0.8500000000000002 and parameters: {'n_estimators': 10, 'max_depth': 5, 'gamma': 0.4963510393793029, 'subsample': 0.6273027739551906, 'colsample_bytree': 0.969775380447419}. Best is trial 13 with value: 0.8666666666666668.
[I 2025-05-07 07:39:29,151] Trial 15 finished with value: 0.8333333333333334 and parameters: {'n_estimators': 40, 'max_depth': 5, 'gamma': 0.5532772825279246, 'subsample': 0.6224210389333337, 'colsample_bytree': 0.9864879303779842}. Best is trial 13 with value: 0.8666666666666668.
[I 2025-05-07 07:39:29,191] Trial 16 finished with value: 0.8000000000000002 and parameters: {'n_estimators': 10, 'max_depth': 5, 'gamma': 0.5034363821107499, 'subsample': 0.6289231121128142, 'colsample_bytree': 0.8914250842940037}. Best is trial 13 with value: 0.8666666666666668.
[I 2025-05-07 07:39:29,230] Trial 17 finished with value: 0.8333333333333333 and parameters: {'n_estimators': 10, 'max_depth': 5, 'gamma': 0.8813417386440793, 'subsample': 0.7352426057230973, 'colsample_bytree': 0.9999032533839373}. Best is trial 13 with value: 0.8666666666666668.
[I 2025-05-07 07:39:29,278] Trial 18 finished with value: 0.8166666666666668 and parameters: {'n_estimators': 100, 'max_depth': 5, 'gamma': 0.6274440748119025, 'subsample': 0.6076485214522465, 'colsample_bytree': 0.8750641468640551}. Best is trial 13 with value: 0.8666666666666668.
[I 2025-05-07 07:39:29,327] Trial 19 finished with value: 0.8333333333333334 and parameters: {'n_estimators': 40, 'max_depth': 30, 'gamma': 0.27468200376662005, 'subsample': 0.6867825145478885, 'colsample_bytree': 0.9370277032845791}. Best is trial 13 with value: 0.8666666666666668.
[I 2025-05-07 07:39:29,366] Trial 20 finished with value: 0.8166666666666667 and parameters: {'n_estimators': 10, 'max_depth': 5, 'gamma': 0.60478350936472, 'subsample': 0.7794547255901676, 'colsample_bytree': 0.8467927452850038}. Best is trial 13 with value: 0.8666666666666668.
[I 2025-05-07 07:39:29,407] Trial 21 finished with value: 0.8166666666666668 and parameters: {'n_estimators': 10, 'max_depth': 5, 'gamma': 0.40538713403500254, 'subsample': 0.8392841572274181, 'colsample_bytree': 0.6873990925532513}. Best is trial 13 with value: 0.8666666666666668.
[I 2025-05-07 07:39:29,445] Trial 22 finished with value: 0.7999999999999999 and parameters: {'n_estimators': 10, 'max_depth': 5, 'gamma': 0.4361407555175316, 'subsample': 0.9212315916402453, 'colsample_bytree': 0.9356070029505527}. Best is trial 13 with value: 0.8666666666666668.
[I 2025-05-07 07:39:29,486] Trial 23 finished with value: 0.8166666666666668 and parameters: {'n_estimators': 10, 'max_depth': 5, 'gamma': 0.29200461121898247, 'subsample': 0.6487432882371551, 'colsample_bytree': 0.8398795991347178}. Best is trial 13 with value: 0.8666666666666668.
[I 2025-05-07 07:39:29,525] Trial 24 finished with value: 0.8333333333333333 and parameters: {'n_estimators': 10, 'max_depth': 5, 'gamma': 0.1378878242763782, 'subsample': 0.7296796760927456, 'colsample_bytree': 0.7678823188124599}. Best is trial 13 with value: 0.8666666666666668.
[I 2025-05-07 07:39:29,564] Trial 25 finished with value: 0.8333333333333334 and parameters: {'n_estimators': 10, 'max_depth': 5, 'gamma': 0.47324592494787243, 'subsample': 0.5892190456091144, 'colsample_bytree': 0.6674947665111124}. Best is trial 13 with value: 0.8666666666666668.
[I 2025-05-07 07:39:29,605] Trial 26 finished with value: 0.8166666666666667 and parameters: {'n_estimators': 10, 'max_depth': 5, 'gamma': 0.3039236905613293, 'subsample': 0.8723872449442044, 'colsample_bytree': 0.711854065065711}. Best is trial 13 with value: 0.8666666666666668.
[I 2025-05-07 07:39:29,645] Trial 27 finished with value: 0.8333333333333334 and parameters: {'n_estimators': 10, 'max_depth': 5, 'gamma': 0.202467909301659, 'subsample': 0.6902771793739215, 'colsample_bytree': 0.9649830788241124}. Best is trial 13 with value: 0.8666666666666668.
[I 2025-05-07 07:39:29,695] Trial 28 finished with value: 0.8 and parameters: {'n_estimators': 100, 'max_depth': 20, 'gamma': 0.5557551038581682, 'subsample': 0.7668386761234688, 'colsample_bytree': 0.8441436910582443}. Best is trial 13 with value: 0.8666666666666668.
[I 2025-05-07 07:39:29,734] Trial 29 finished with value: 0.8333333333333334 and parameters: {'n_estimators': 40, 'max_depth': 30, 'gamma': 0.7175126129300967, 'subsample': 0.8259791980250388, 'colsample_bytree': 0.6259480875234648}. Best is trial 13 with value: 0.8666666666666668.
[I 2025-05-07 07:39:32,202] A new study created in memory with name: rf
Parámetros guardados en checkpoint_shoppers_Doriginal_Roriginal_C/random/IPC_30/best_models_random_seed_16_space_original/xgb_best_params.json


>>> Optuna tuning rf metodo random IPC 30 seed 16


[I 2025-05-07 07:39:34,652] Trial 0 finished with value: 0.7666666666666666 and parameters: {'n_estimators': 189, 'max_depth': 12, 'min_samples_split': 6, 'min_samples_leaf': 1}. Best is trial 0 with value: 0.7666666666666666.
[I 2025-05-07 07:39:35,118] Trial 1 finished with value: 0.7666666666666666 and parameters: {'n_estimators': 244, 'max_depth': 7, 'min_samples_split': 8, 'min_samples_leaf': 2}. Best is trial 0 with value: 0.7666666666666666.
[I 2025-05-07 07:39:35,379] Trial 2 finished with value: 0.8 and parameters: {'n_estimators': 128, 'max_depth': 19, 'min_samples_split': 7, 'min_samples_leaf': 1}. Best is trial 2 with value: 0.8.
[I 2025-05-07 07:39:35,869] Trial 3 finished with value: 0.7833333333333334 and parameters: {'n_estimators': 389, 'max_depth': 5, 'min_samples_split': 4, 'min_samples_leaf': 3}. Best is trial 2 with value: 0.8.
[I 2025-05-07 07:39:36,339] Trial 4 finished with value: 0.7833333333333334 and parameters: {'n_estimators': 379, 'max_depth': 11, 'min_samples_split': 3, 'min_samples_leaf': 5}. Best is trial 2 with value: 0.8.
[I 2025-05-07 07:39:36,568] Trial 5 finished with value: 0.75 and parameters: {'n_estimators': 148, 'max_depth': 19, 'min_samples_split': 7, 'min_samples_leaf': 5}. Best is trial 2 with value: 0.8.
[I 2025-05-07 07:39:36,877] Trial 6 finished with value: 0.7666666666666666 and parameters: {'n_estimators': 226, 'max_depth': 3, 'min_samples_split': 8, 'min_samples_leaf': 6}. Best is trial 2 with value: 0.8.
[I 2025-05-07 07:39:37,389] Trial 7 finished with value: 0.7833333333333334 and parameters: {'n_estimators': 407, 'max_depth': 17, 'min_samples_split': 2, 'min_samples_leaf': 7}. Best is trial 2 with value: 0.8.
[I 2025-05-07 07:39:37,587] Trial 8 finished with value: 0.7833333333333334 and parameters: {'n_estimators': 121, 'max_depth': 15, 'min_samples_split': 5, 'min_samples_leaf': 5}. Best is trial 2 with value: 0.8.
[I 2025-05-07 07:39:38,015] Trial 9 finished with value: 0.7666666666666666 and parameters: {'n_estimators': 365, 'max_depth': 15, 'min_samples_split': 4, 'min_samples_leaf': 1}. Best is trial 2 with value: 0.8.
[I 2025-05-07 07:39:38,362] Trial 10 finished with value: 0.7666666666666666 and parameters: {'n_estimators': 282, 'max_depth': 20, 'min_samples_split': 10, 'min_samples_leaf': 10}. Best is trial 2 with value: 0.8.
[I 2025-05-07 07:39:39,596] Trial 11 finished with value: 0.7833333333333334 and parameters: {'n_estimators': 467, 'max_depth': 3, 'min_samples_split': 5, 'min_samples_leaf': 3}. Best is trial 2 with value: 0.8.
[I 2025-05-07 07:39:40,646] Trial 12 finished with value: 0.7833333333333334 and parameters: {'n_estimators': 314, 'max_depth': 8, 'min_samples_split': 10, 'min_samples_leaf': 3}. Best is trial 2 with value: 0.8.
[I 2025-05-07 07:39:41,834] Trial 13 finished with value: 0.7833333333333334 and parameters: {'n_estimators': 459, 'max_depth': 7, 'min_samples_split': 6, 'min_samples_leaf': 3}. Best is trial 2 with value: 0.8.
[I 2025-05-07 07:39:42,242] Trial 14 finished with value: 0.7833333333333334 and parameters: {'n_estimators': 328, 'max_depth': 11, 'min_samples_split': 4, 'min_samples_leaf': 1}. Best is trial 2 with value: 0.8.
[I 2025-05-07 07:39:42,761] Trial 15 finished with value: 0.7833333333333334 and parameters: {'n_estimators': 429, 'max_depth': 5, 'min_samples_split': 8, 'min_samples_leaf': 3}. Best is trial 2 with value: 0.8.
[I 2025-05-07 07:39:43,024] Trial 16 finished with value: 0.7666666666666666 and parameters: {'n_estimators': 193, 'max_depth': 13, 'min_samples_split': 2, 'min_samples_leaf': 8}. Best is trial 2 with value: 0.8.
[I 2025-05-07 07:39:43,613] Trial 17 finished with value: 0.7833333333333334 and parameters: {'n_estimators': 500, 'max_depth': 17, 'min_samples_split': 6, 'min_samples_leaf': 4}. Best is trial 2 with value: 0.8.
[I 2025-05-07 07:39:43,757] Trial 18 finished with value: 0.8 and parameters: {'n_estimators': 100, 'max_depth': 9, 'min_samples_split': 4, 'min_samples_leaf': 2}. Best is trial 2 with value: 0.8.
[I 2025-05-07 07:39:43,953] Trial 19 finished with value: 0.7833333333333334 and parameters: {'n_estimators': 110, 'max_depth': 9, 'min_samples_split': 9, 'min_samples_leaf': 2}. Best is trial 2 with value: 0.8.
[I 2025-05-07 07:39:44,159] Trial 20 finished with value: 0.7833333333333334 and parameters: {'n_estimators': 155, 'max_depth': 14, 'min_samples_split': 7, 'min_samples_leaf': 2}. Best is trial 2 with value: 0.8.
[I 2025-05-07 07:39:44,355] Trial 21 finished with value: 0.7833333333333334 and parameters: {'n_estimators': 103, 'max_depth': 5, 'min_samples_split': 4, 'min_samples_leaf': 4}. Best is trial 2 with value: 0.8.
[I 2025-05-07 07:39:44,664] Trial 22 finished with value: 0.7666666666666666 and parameters: {'n_estimators': 274, 'max_depth': 10, 'min_samples_split': 3, 'min_samples_leaf': 2}. Best is trial 2 with value: 0.8.
[I 2025-05-07 07:39:44,868] Trial 23 finished with value: 0.7833333333333334 and parameters: {'n_estimators': 157, 'max_depth': 5, 'min_samples_split': 5, 'min_samples_leaf': 1}. Best is trial 2 with value: 0.8.
[I 2025-05-07 07:39:45,244] Trial 24 finished with value: 0.7666666666666666 and parameters: {'n_estimators': 338, 'max_depth': 7, 'min_samples_split': 3, 'min_samples_leaf': 4}. Best is trial 2 with value: 0.8.
