[I 2025-05-07 07:30:18,225] Trial 14 finished with value: 0.85 and parameters: {'n_estimators': 100, 'max_depth': 5, 'gamma': 0.4000023985818805, 'subsample': 0.8940181087620663, 'colsample_bytree': 0.7748267273960154}. Best is trial 4 with value: 0.8833333333333334.
/data/home/rtabares/anaconda3/envs/pyth3.12/lib/python3.12/site-packages/xgboost/core.py:377: FutureWarning: Your system has an old version of glibc (< 2.28). We will stop supporting Linux distros with glibc older than 2.28 after **May 31, 2025**. Please upgrade to a recent Linux distro (with glibc >= 2.28) to use future versions of XGBoost.
Note: You have installed the 'manylinux2014' variant of XGBoost. Certain features such as GPU algorithms or federated learning are not available. To use these features, please upgrade to a recent Linux distro with glibc 2.28+, and install the 'manylinux_2_28' variant.
  warnings.warn(
[I 2025-05-07 07:30:18,886] Trial 15 finished with value: 0.8666666666666666 and parameters: {'n_estimators': 10, 'max_depth': 20, 'gamma': 0.7998940979031922, 'subsample': 0.6772991662538685, 'colsample_bytree': 0.9958640573710154}. Best is trial 4 with value: 0.8833333333333334.
/data/home/rtabares/anaconda3/envs/pyth3.12/lib/python3.12/site-packages/xgboost/core.py:377: FutureWarning: Your system has an old version of glibc (< 2.28). We will stop supporting Linux distros with glibc older than 2.28 after **May 31, 2025**. Please upgrade to a recent Linux distro (with glibc >= 2.28) to use future versions of XGBoost.
Note: You have installed the 'manylinux2014' variant of XGBoost. Certain features such as GPU algorithms or federated learning are not available. To use these features, please upgrade to a recent Linux distro with glibc 2.28+, and install the 'manylinux_2_28' variant.
  warnings.warn(
/data/home/rtabares/anaconda3/envs/pyth3.12/lib/python3.12/site-packages/xgboost/core.py:377: FutureWarning: Your system has an old version of glibc (< 2.28). We will stop supporting Linux distros with glibc older than 2.28 after **May 31, 2025**. Please upgrade to a recent Linux distro (with glibc >= 2.28) to use future versions of XGBoost.
Note: You have installed the 'manylinux2014' variant of XGBoost. Certain features such as GPU algorithms or federated learning are not available. To use these features, please upgrade to a recent Linux distro with glibc 2.28+, and install the 'manylinux_2_28' variant.
  warnings.warn(
[I 2025-05-07 07:30:19,536] Trial 16 finished with value: 0.8666666666666668 and parameters: {'n_estimators': 40, 'max_depth': 30, 'gamma': 0.5883567252446563, 'subsample': 0.5978449209760036, 'colsample_bytree': 0.6500430701644584}. Best is trial 4 with value: 0.8833333333333334.
[I 2025-05-07 07:30:19,576] Trial 17 finished with value: 0.8833333333333334 and parameters: {'n_estimators': 40, 'max_depth': 30, 'gamma': 0.40803331970706697, 'subsample': 0.896348360593878, 'colsample_bytree': 0.919367090642771}. Best is trial 4 with value: 0.8833333333333334.
[I 2025-05-07 07:30:19,617] Trial 18 finished with value: 0.8333333333333333 and parameters: {'n_estimators': 10, 'max_depth': 20, 'gamma': 0.25368366843950607, 'subsample': 0.5782541803930905, 'colsample_bytree': 0.8363987300935602}. Best is trial 4 with value: 0.8833333333333334.
[I 2025-05-07 07:30:19,667] Trial 19 finished with value: 0.8833333333333334 and parameters: {'n_estimators': 100, 'max_depth': 5, 'gamma': 0.6332861950021974, 'subsample': 0.7321794491283744, 'colsample_bytree': 0.7173737365098004}. Best is trial 4 with value: 0.8833333333333334.
[I 2025-05-07 07:30:19,705] Trial 20 finished with value: 0.8833333333333334 and parameters: {'n_estimators': 10, 'max_depth': 30, 'gamma': 0.48476926795318126, 'subsample': 0.8604391586949685, 'colsample_bytree': 0.5761001522118755}. Best is trial 4 with value: 0.8833333333333334.
[I 2025-05-07 07:30:19,744] Trial 21 finished with value: 0.8833333333333334 and parameters: {'n_estimators': 40, 'max_depth': 30, 'gamma': 0.3822141461383628, 'subsample': 0.9440011995488988, 'colsample_bytree': 0.9162668530386395}. Best is trial 4 with value: 0.8833333333333334.
[I 2025-05-07 07:30:19,786] Trial 22 finished with value: 0.9 and parameters: {'n_estimators': 40, 'max_depth': 30, 'gamma': 0.29537012303779475, 'subsample': 0.936584563427663, 'colsample_bytree': 0.9159288945552108}. Best is trial 22 with value: 0.9.
[I 2025-05-07 07:30:19,826] Trial 23 finished with value: 0.8666666666666666 and parameters: {'n_estimators': 40, 'max_depth': 30, 'gamma': 0.29952643383626515, 'subsample': 0.9405246460075801, 'colsample_bytree': 0.7753245222767595}. Best is trial 22 with value: 0.9.
[I 2025-05-07 07:30:19,865] Trial 24 finished with value: 0.8833333333333334 and parameters: {'n_estimators': 40, 'max_depth': 30, 'gamma': 0.15249707418961794, 'subsample': 0.9549792481012016, 'colsample_bytree': 0.9421499617418401}. Best is trial 22 with value: 0.9.
[I 2025-05-07 07:30:19,904] Trial 25 finished with value: 0.9166666666666667 and parameters: {'n_estimators': 40, 'max_depth': 20, 'gamma': 0.4771573487886272, 'subsample': 0.8664191183740892, 'colsample_bytree': 0.8712911633328551}. Best is trial 25 with value: 0.9166666666666667.
[I 2025-05-07 07:30:19,954] Trial 26 finished with value: 0.9166666666666667 and parameters: {'n_estimators': 40, 'max_depth': 20, 'gamma': 0.47686484803827595, 'subsample': 0.8539193563384316, 'colsample_bytree': 0.8742090576263132}. Best is trial 25 with value: 0.9166666666666667.
[I 2025-05-07 07:30:20,002] Trial 27 finished with value: 0.9 and parameters: {'n_estimators': 40, 'max_depth': 20, 'gamma': 0.3030844432466995, 'subsample': 0.8500574016536349, 'colsample_bytree': 0.8830902313657866}. Best is trial 25 with value: 0.9166666666666667.
[I 2025-05-07 07:30:20,051] Trial 28 finished with value: 0.8833333333333334 and parameters: {'n_estimators': 40, 'max_depth': 20, 'gamma': 0.19985031814062573, 'subsample': 0.8569699428947556, 'colsample_bytree': 0.9556598364964181}. Best is trial 25 with value: 0.9166666666666667.
[I 2025-05-07 07:30:20,100] Trial 29 finished with value: 0.85 and parameters: {'n_estimators': 40, 'max_depth': 20, 'gamma': 0.5767346214846594, 'subsample': 0.7496226299092197, 'colsample_bytree': 0.813221722551051}. Best is trial 25 with value: 0.9166666666666667.
[I 2025-05-07 07:30:24,218] A new study created in memory with name: rf
Parámetros guardados en checkpoint_shoppers_Doriginal_Roriginal_C/random/IPC_30/best_models_random_seed_6_space_original/xgb_best_params.json


>>> Optuna tuning rf metodo random IPC 30 seed 6


[I 2025-05-07 07:30:25,289] Trial 0 finished with value: 0.8333333333333333 and parameters: {'n_estimators': 458, 'max_depth': 8, 'min_samples_split': 9, 'min_samples_leaf': 1}. Best is trial 0 with value: 0.8333333333333333.
[I 2025-05-07 07:30:25,546] Trial 1 finished with value: 0.8666666666666668 and parameters: {'n_estimators': 143, 'max_depth': 13, 'min_samples_split': 6, 'min_samples_leaf': 5}. Best is trial 1 with value: 0.8666666666666668.
[I 2025-05-07 07:30:25,857] Trial 2 finished with value: 0.8166666666666668 and parameters: {'n_estimators': 234, 'max_depth': 14, 'min_samples_split': 5, 'min_samples_leaf': 8}. Best is trial 1 with value: 0.8666666666666668.
[I 2025-05-07 07:30:26,267] Trial 3 finished with value: 0.8 and parameters: {'n_estimators': 307, 'max_depth': 13, 'min_samples_split': 7, 'min_samples_leaf': 10}. Best is trial 1 with value: 0.8666666666666668.
[I 2025-05-07 07:30:26,821] Trial 4 finished with value: 0.8333333333333334 and parameters: {'n_estimators': 428, 'max_depth': 10, 'min_samples_split': 9, 'min_samples_leaf': 9}. Best is trial 1 with value: 0.8666666666666668.
[I 2025-05-07 07:30:27,009] Trial 5 finished with value: 0.8333333333333334 and parameters: {'n_estimators': 121, 'max_depth': 15, 'min_samples_split': 9, 'min_samples_leaf': 8}. Best is trial 1 with value: 0.8666666666666668.
[I 2025-05-07 07:30:27,469] Trial 6 finished with value: 0.8 and parameters: {'n_estimators': 384, 'max_depth': 12, 'min_samples_split': 3, 'min_samples_leaf': 10}. Best is trial 1 with value: 0.8666666666666668.
[I 2025-05-07 07:30:27,789] Trial 7 finished with value: 0.8 and parameters: {'n_estimators': 261, 'max_depth': 6, 'min_samples_split': 8, 'min_samples_leaf': 10}. Best is trial 1 with value: 0.8666666666666668.
[I 2025-05-07 07:30:28,088] Trial 8 finished with value: 0.8 and parameters: {'n_estimators': 202, 'max_depth': 15, 'min_samples_split': 7, 'min_samples_leaf': 8}. Best is trial 1 with value: 0.8666666666666668.
[I 2025-05-07 07:30:28,599] Trial 9 finished with value: 0.8333333333333334 and parameters: {'n_estimators': 475, 'max_depth': 9, 'min_samples_split': 4, 'min_samples_leaf': 5}. Best is trial 1 with value: 0.8666666666666668.
[I 2025-05-07 07:30:28,850] Trial 10 finished with value: 0.8166666666666667 and parameters: {'n_estimators': 135, 'max_depth': 20, 'min_samples_split': 2, 'min_samples_leaf': 4}. Best is trial 1 with value: 0.8666666666666668.
[I 2025-05-07 07:30:29,902] Trial 11 finished with value: 0.8166666666666667 and parameters: {'n_estimators': 363, 'max_depth': 4, 'min_samples_split': 10, 'min_samples_leaf': 3}. Best is trial 1 with value: 0.8666666666666668.
[I 2025-05-07 07:30:31,005] Trial 12 finished with value: 0.8333333333333334 and parameters: {'n_estimators': 399, 'max_depth': 18, 'min_samples_split': 6, 'min_samples_leaf': 6}. Best is trial 1 with value: 0.8666666666666668.
[I 2025-05-07 07:30:31,429] Trial 13 finished with value: 0.8333333333333334 and parameters: {'n_estimators': 318, 'max_depth': 10, 'min_samples_split': 5, 'min_samples_leaf': 6}. Best is trial 1 with value: 0.8666666666666668.
[I 2025-05-07 07:30:31,688] Trial 14 finished with value: 0.85 and parameters: {'n_estimators': 192, 'max_depth': 11, 'min_samples_split': 7, 'min_samples_leaf': 7}. Best is trial 1 with value: 0.8666666666666668.
[I 2025-05-07 07:30:31,957] Trial 15 finished with value: 0.85 and parameters: {'n_estimators': 178, 'max_depth': 17, 'min_samples_split': 6, 'min_samples_leaf': 7}. Best is trial 1 with value: 0.8666666666666668.
[I 2025-05-07 07:30:32,107] Trial 16 finished with value: 0.8333333333333333 and parameters: {'n_estimators': 101, 'max_depth': 7, 'min_samples_split': 7, 'min_samples_leaf': 3}. Best is trial 1 with value: 0.8666666666666668.
[I 2025-05-07 07:30:32,371] Trial 17 finished with value: 0.8333333333333333 and parameters: {'n_estimators': 176, 'max_depth': 11, 'min_samples_split': 5, 'min_samples_leaf': 5}. Best is trial 1 with value: 0.8666666666666668.
[I 2025-05-07 07:30:32,695] Trial 18 finished with value: 0.85 and parameters: {'n_estimators': 254, 'max_depth': 3, 'min_samples_split': 8, 'min_samples_leaf': 1}. Best is trial 1 with value: 0.8666666666666668.
[I 2025-05-07 07:30:32,890] Trial 19 finished with value: 0.8166666666666667 and parameters: {'n_estimators': 150, 'max_depth': 16, 'min_samples_split': 4, 'min_samples_leaf': 7}. Best is trial 1 with value: 0.8666666666666668.
[I 2025-05-07 07:30:33,145] Trial 20 finished with value: 0.8166666666666667 and parameters: {'n_estimators': 211, 'max_depth': 12, 'min_samples_split': 6, 'min_samples_leaf': 4}. Best is trial 1 with value: 0.8666666666666668.
[I 2025-05-07 07:30:33,393] Trial 21 finished with value: 0.85 and parameters: {'n_estimators': 173, 'max_depth': 17, 'min_samples_split': 6, 'min_samples_leaf': 7}. Best is trial 1 with value: 0.8666666666666668.
[I 2025-05-07 07:30:33,628] Trial 22 finished with value: 0.8166666666666667 and parameters: {'n_estimators': 169, 'max_depth': 20, 'min_samples_split': 6, 'min_samples_leaf': 7}. Best is trial 1 with value: 0.8666666666666668.
[I 2025-05-07 07:30:33,883] Trial 23 finished with value: 0.85 and parameters: {'n_estimators': 203, 'max_depth': 18, 'min_samples_split': 8, 'min_samples_leaf': 6}. Best is trial 1 with value: 0.8666666666666668.
[I 2025-05-07 07:30:34,261] Trial 24 finished with value: 0.85 and parameters: {'n_estimators': 273, 'max_depth': 13, 'min_samples_split': 7, 'min_samples_leaf': 4}. Best is trial 1 with value: 0.8666666666666668.
[I 2025-05-07 07:30:34,453] Trial 25 finished with value: 0.85 and parameters: {'n_estimators': 115, 'max_depth': 14, 'min_samples_split': 4, 'min_samples_leaf': 7}. Best is trial 1 with value: 0.8666666666666668.
[I 2025-05-07 07:30:34,635] Trial 26 finished with value: 0.8166666666666667 and parameters: {'n_estimators': 148, 'max_depth': 18, 'min_samples_split': 5, 'min_samples_leaf': 9}. Best is trial 1 with value: 0.8666666666666668.
[I 2025-05-07 07:30:35,063] Trial 27 finished with value: 0.85 and parameters: {'n_estimators': 228, 'max_depth': 16, 'min_samples_split': 7, 'min_samples_leaf': 5}. Best is trial 1 with value: 0.8666666666666668.
[I 2025-05-07 07:30:35,761] Trial 28 finished with value: 0.8333333333333334 and parameters: {'n_estimators': 334, 'max_depth': 11, 'min_samples_split': 8, 'min_samples_leaf': 6}. Best is trial 1 with value: 0.8666666666666668.
[I 2025-05-07 07:30:36,340] Trial 29 finished with value: 0.8333333333333334 and parameters: {'n_estimators': 284, 'max_depth': 8, 'min_samples_split': 10, 'min_samples_leaf': 2}. Best is trial 1 with value: 0.8666666666666668.
[I 2025-05-07 07:30:39,847] A new study created in memory with name: svc
Parámetros guardados en checkpoint_shoppers_Doriginal_Roriginal_C/random/IPC_30/best_models_random_seed_6_space_original/rf_best_params.json


>>> Optuna tuning svc metodo random IPC 30 seed 6


[I 2025-05-07 07:30:42,289] Trial 0 finished with value: 0.7333333333333334 and parameters: {'C': 37.27697013499731, 'gamma': 0.0021277432488243223}. Best is trial 0 with value: 0.7333333333333334.
[I 2025-05-07 07:30:42,401] Trial 1 finished with value: 0.6166666666666667 and parameters: {'C': 19.271543171162776, 'gamma': 0.00014682043379470554}. Best is trial 0 with value: 0.7333333333333334.
[I 2025-05-07 07:30:42,416] Trial 2 finished with value: 0.6666666666666666 and parameters: {'C': 0.0269542169583157, 'gamma': 0.023999835049635022}. Best is trial 0 with value: 0.7333333333333334.
[I 2025-05-07 07:30:42,430] Trial 3 finished with value: 0.6833333333333333 and parameters: {'C': 1.3160410886450586, 'gamma': 0.0047340159215720195}. Best is trial 0 with value: 0.7333333333333334.
[I 2025-05-07 07:30:42,444] Trial 4 finished with value: 0.6666666666666666 and parameters: {'C': 0.21959952535674737, 'gamma': 0.030908485742507576}. Best is trial 0 with value: 0.7333333333333334.
[I 2025-05-07 07:30:42,459] Trial 5 finished with value: 0.7666666666666667 and parameters: {'C': 0.5656733313644114, 'gamma': 0.08780685564625502}. Best is trial 5 with value: 0.7666666666666667.
[I 2025-05-07 07:30:42,474] Trial 6 finished with value: 0.7333333333333333 and parameters: {'C': 1.1807165425157664, 'gamma': 0.020674470756231633}. Best is trial 5 with value: 0.7666666666666667.
[I 2025-05-07 07:30:42,500] Trial 7 finished with value: 0.6 and parameters: {'C': 3.8143486186647126, 'gamma': 0.9138966502602072}. Best is trial 5 with value: 0.7666666666666667.
[I 2025-05-07 07:30:42,515] Trial 8 finished with value: 0.7333333333333334 and parameters: {'C': 19.029737066374768, 'gamma': 0.004495766421289856}. Best is trial 5 with value: 0.7666666666666667.
[I 2025-05-07 07:30:42,528] Trial 9 finished with value: 0.8166666666666667 and parameters: {'C': 31.994153257994277, 'gamma': 0.19725941020937518}. Best is trial 9 with value: 0.8166666666666667.
[I 2025-05-07 07:30:42,561] Trial 10 finished with value: 0.6833333333333333 and parameters: {'C': 96.7709324961944, 'gamma': 0.664271955170346}. Best is trial 9 with value: 0.8166666666666667.
[I 2025-05-07 07:30:43,247] Trial 11 finished with value: 0.7000000000000001 and parameters: {'C': 0.17115368615984916, 'gamma': 0.1344359099673276}. Best is trial 9 with value: 0.8166666666666667.
[I 2025-05-07 07:30:43,886] Trial 12 finished with value: 0.7000000000000001 and parameters: {'C': 0.1774948288245935, 'gamma': 0.13936322589722802}. Best is trial 9 with value: 0.8166666666666667.
[I 2025-05-07 07:30:43,909] Trial 13 finished with value: 0.8166666666666667 and parameters: {'C': 3.2848105613054788, 'gamma': 0.22233840010868167}. Best is trial 9 with value: 0.8166666666666667.
[I 2025-05-07 07:30:43,932] Trial 14 finished with value: 0.7666666666666667 and parameters: {'C': 6.216958648502451, 'gamma': 0.34185618383667715}. Best is trial 9 with value: 0.8166666666666667.
[I 2025-05-07 07:30:43,951] Trial 15 finished with value: 0.65 and parameters: {'C': 6.632911113348565, 'gamma': 0.00067784795824241}. Best is trial 9 with value: 0.8166666666666667.
[I 2025-05-07 07:30:43,973] Trial 16 finished with value: 0.7500000000000001 and parameters: {'C': 47.55243766716105, 'gamma': 0.05562238551621927}. Best is trial 9 with value: 0.8166666666666667.
[I 2025-05-07 07:30:43,996] Trial 17 finished with value: 0.7666666666666667 and parameters: {'C': 4.075605444394938, 'gamma': 0.29496014958345146}. Best is trial 9 with value: 0.8166666666666667.
[I 2025-05-07 07:30:44,019] Trial 18 finished with value: 0.7666666666666667 and parameters: {'C': 13.819793926047247, 'gamma': 0.33954182740355593}. Best is trial 9 with value: 0.8166666666666667.
[I 2025-05-07 07:30:44,049] Trial 19 finished with value: 0.65 and parameters: {'C': 0.013103877820334748, 'gamma': 0.010787034378231008}. Best is trial 9 with value: 0.8166666666666667.
[I 2025-05-07 07:30:44,733] Trial 20 finished with value: 0.7833333333333334 and parameters: {'C': 2.4977306244510937, 'gamma': 0.06117484436844401}. Best is trial 9 with value: 0.8166666666666667.
[I 2025-05-07 07:30:45,400] Trial 21 finished with value: 0.75 and parameters: {'C': 1.674281814508818, 'gamma': 0.05201898015677118}. Best is trial 9 with value: 0.8166666666666667.
[I 2025-05-07 07:30:46,052] Trial 22 finished with value: 0.8 and parameters: {'C': 2.978244276035033, 'gamma': 0.17170810313024004}. Best is trial 9 with value: 0.8166666666666667.
[I 2025-05-07 07:30:46,085] Trial 23 finished with value: 0.8166666666666667 and parameters: {'C': 10.724303365796558, 'gamma': 0.21055135423977467}. Best is trial 9 with value: 0.8166666666666667.
[I 2025-05-07 07:30:46,107] Trial 24 finished with value: 0.6833333333333333 and parameters: {'C': 9.931001900336659, 'gamma': 0.5680340505446644}. Best is trial 9 with value: 0.8166666666666667.
[I 2025-05-07 07:30:46,131] Trial 25 finished with value: 0.8166666666666667 and parameters: {'C': 30.86429594761635, 'gamma': 0.22220255021286509}. Best is trial 9 with value: 0.8166666666666667.
[I 2025-05-07 07:30:46,157] Trial 26 finished with value: 0.7166666666666666 and parameters: {'C': 97.20739102162044, 'gamma': 0.47023750443391243}. Best is trial 9 with value: 0.8166666666666667.
[I 2025-05-07 07:30:46,192] Trial 27 finished with value: 0.7166666666666667 and parameters: {'C': 0.4410700915522364, 'gamma': 0.11174031096777508}. Best is trial 9 with value: 0.8166666666666667.
[I 2025-05-07 07:30:46,217] Trial 28 finished with value: 0.7333333333333334 and parameters: {'C': 8.284552558376525, 'gamma': 0.013849257188909848}. Best is trial 9 with value: 0.8166666666666667.
[I 2025-05-07 07:30:46,252] Trial 29 finished with value: 0.7000000000000001 and parameters: {'C': 45.77129537474144, 'gamma': 0.0008247189150022219}. Best is trial 9 with value: 0.8166666666666667.
[I 2025-05-07 07:30:48,123] A new study created in memory with name: logreg
Parámetros guardados en checkpoint_shoppers_Doriginal_Roriginal_C/random/IPC_30/best_models_random_seed_6_space_original/svc_best_params.json


>>> Optuna tuning logreg metodo random IPC 30 seed 6


[I 2025-05-07 07:30:51,662] Trial 0 finished with value: 0.7166666666666667 and parameters: {'C': 29.127335430981816, 'penalty': 'l2'}. Best is trial 0 with value: 0.7166666666666667.
[I 2025-05-07 07:30:51,819] Trial 1 finished with value: 0.7666666666666667 and parameters: {'C': 0.045698192893558344, 'penalty': 'l2'}. Best is trial 1 with value: 0.7666666666666667.
[I 2025-05-07 07:30:51,848] Trial 2 finished with value: 0.7333333333333334 and parameters: {'C': 12.768668597712947, 'penalty': 'l2'}. Best is trial 1 with value: 0.7666666666666667.
[I 2025-05-07 07:30:51,873] Trial 3 finished with value: 0.7333333333333334 and parameters: {'C': 0.0016161554408462638, 'penalty': 'l2'}. Best is trial 1 with value: 0.7666666666666667.
[I 2025-05-07 07:30:51,897] Trial 4 finished with value: 0.7333333333333334 and parameters: {'C': 0.0034536903703241734, 'penalty': 'l2'}. Best is trial 1 with value: 0.7666666666666667.
[I 2025-05-07 07:30:51,922] Trial 5 finished with value: 0.7500000000000001 and parameters: {'C': 0.9446269266990148, 'penalty': 'l2'}. Best is trial 1 with value: 0.7666666666666667.
[I 2025-05-07 07:30:51,937] Trial 6 finished with value: 0.7500000000000001 and parameters: {'C': 0.4457453393648168, 'penalty': 'l2'}. Best is trial 1 with value: 0.7666666666666667.
[I 2025-05-07 07:30:51,961] Trial 7 finished with value: 0.7333333333333334 and parameters: {'C': 0.12417585037258261, 'penalty': 'l2'}. Best is trial 1 with value: 0.7666666666666667.
[I 2025-05-07 07:30:51,986] Trial 8 finished with value: 0.7666666666666667 and parameters: {'C': 0.04753781830244093, 'penalty': 'l2'}. Best is trial 1 with value: 0.7666666666666667.
[I 2025-05-07 07:30:52,011] Trial 9 finished with value: 0.7500000000000001 and parameters: {'C': 1.2959766028194148, 'penalty': 'l2'}. Best is trial 1 with value: 0.7666666666666667.
[I 2025-05-07 07:30:52,042] Trial 10 finished with value: 0.7666666666666667 and parameters: {'C': 0.02024823315667757, 'penalty': 'l2'}. Best is trial 1 with value: 0.7666666666666667.
[I 2025-05-07 07:30:52,729] Trial 11 finished with value: 0.7833333333333333 and parameters: {'C': 0.033823105357511776, 'penalty': 'l2'}. Best is trial 11 with value: 0.7833333333333333.
