[I 2025-05-07 04:21:06,061] Trial 4 finished with value: 0.95 and parameters: {'n_estimators': 100, 'max_depth': 5, 'gamma': 0.816017102586079, 'subsample': 0.5160040782128984, 'colsample_bytree': 0.7277239110529665}. Best is trial 0 with value: 0.95.
/data/home/rtabares/anaconda3/envs/pyth3.12/lib/python3.12/site-packages/xgboost/core.py:377: FutureWarning: Your system has an old version of glibc (< 2.28). We will stop supporting Linux distros with glibc older than 2.28 after **May 31, 2025**. Please upgrade to a recent Linux distro (with glibc >= 2.28) to use future versions of XGBoost.
Note: You have installed the 'manylinux2014' variant of XGBoost. Certain features such as GPU algorithms or federated learning are not available. To use these features, please upgrade to a recent Linux distro with glibc 2.28+, and install the 'manylinux_2_28' variant.
  warnings.warn(
[I 2025-05-07 04:21:06,110] Trial 5 finished with value: 0.9 and parameters: {'n_estimators': 40, 'max_depth': 20, 'gamma': 0.6643500821697236, 'subsample': 0.6076588997363731, 'colsample_bytree': 0.5754850538287481}. Best is trial 0 with value: 0.95.
/data/home/rtabares/anaconda3/envs/pyth3.12/lib/python3.12/site-packages/xgboost/core.py:377: FutureWarning: Your system has an old version of glibc (< 2.28). We will stop supporting Linux distros with glibc older than 2.28 after **May 31, 2025**. Please upgrade to a recent Linux distro (with glibc >= 2.28) to use future versions of XGBoost.
Note: You have installed the 'manylinux2014' variant of XGBoost. Certain features such as GPU algorithms or federated learning are not available. To use these features, please upgrade to a recent Linux distro with glibc 2.28+, and install the 'manylinux_2_28' variant.
  warnings.warn(
[I 2025-05-07 04:21:06,158] Trial 6 finished with value: 0.9 and parameters: {'n_estimators': 100, 'max_depth': 20, 'gamma': 0.6361752212866232, 'subsample': 0.8309913561372338, 'colsample_bytree': 0.7552902276266351}. Best is trial 0 with value: 0.95.
/data/home/rtabares/anaconda3/envs/pyth3.12/lib/python3.12/site-packages/xgboost/core.py:377: FutureWarning: Your system has an old version of glibc (< 2.28). We will stop supporting Linux distros with glibc older than 2.28 after **May 31, 2025**. Please upgrade to a recent Linux distro (with glibc >= 2.28) to use future versions of XGBoost.
Note: You have installed the 'manylinux2014' variant of XGBoost. Certain features such as GPU algorithms or federated learning are not available. To use these features, please upgrade to a recent Linux distro with glibc 2.28+, and install the 'manylinux_2_28' variant.
  warnings.warn(
/data/home/rtabares/anaconda3/envs/pyth3.12/lib/python3.12/site-packages/xgboost/core.py:377: FutureWarning: Your system has an old version of glibc (< 2.28). We will stop supporting Linux distros with glibc older than 2.28 after **May 31, 2025**. Please upgrade to a recent Linux distro (with glibc >= 2.28) to use future versions of XGBoost.
Note: You have installed the 'manylinux2014' variant of XGBoost. Certain features such as GPU algorithms or federated learning are not available. To use these features, please upgrade to a recent Linux distro with glibc 2.28+, and install the 'manylinux_2_28' variant.
  warnings.warn(
/data/home/rtabares/anaconda3/envs/pyth3.12/lib/python3.12/site-packages/xgboost/core.py:377: FutureWarning: Your system has an old version of glibc (< 2.28). We will stop supporting Linux distros with glibc older than 2.28 after **May 31, 2025**. Please upgrade to a recent Linux distro (with glibc >= 2.28) to use future versions of XGBoost.
Note: You have installed the 'manylinux2014' variant of XGBoost. Certain features such as GPU algorithms or federated learning are not available. To use these features, please upgrade to a recent Linux distro with glibc 2.28+, and install the 'manylinux_2_28' variant.
  warnings.warn(
/data/home/rtabares/anaconda3/envs/pyth3.12/lib/python3.12/site-packages/xgboost/core.py:377: FutureWarning: Your system has an old version of glibc (< 2.28). We will stop supporting Linux distros with glibc older than 2.28 after **May 31, 2025**. Please upgrade to a recent Linux distro (with glibc >= 2.28) to use future versions of XGBoost.
Note: You have installed the 'manylinux2014' variant of XGBoost. Certain features such as GPU algorithms or federated learning are not available. To use these features, please upgrade to a recent Linux distro with glibc 2.28+, and install the 'manylinux_2_28' variant.
  warnings.warn(
[I 2025-05-07 04:21:06,204] Trial 7 finished with value: 0.9 and parameters: {'n_estimators': 10, 'max_depth': 5, 'gamma': 0.5767347850317142, 'subsample': 0.7995431264700696, 'colsample_bytree': 0.8604622333437917}. Best is trial 0 with value: 0.95.
/data/home/rtabares/anaconda3/envs/pyth3.12/lib/python3.12/site-packages/xgboost/core.py:377: FutureWarning: Your system has an old version of glibc (< 2.28). We will stop supporting Linux distros with glibc older than 2.28 after **May 31, 2025**. Please upgrade to a recent Linux distro (with glibc >= 2.28) to use future versions of XGBoost.
Note: You have installed the 'manylinux2014' variant of XGBoost. Certain features such as GPU algorithms or federated learning are not available. To use these features, please upgrade to a recent Linux distro with glibc 2.28+, and install the 'manylinux_2_28' variant.
  warnings.warn(
[I 2025-05-07 04:21:06,252] Trial 8 finished with value: 0.9 and parameters: {'n_estimators': 100, 'max_depth': 20, 'gamma': 0.8470554948938058, 'subsample': 0.860339005739911, 'colsample_bytree': 0.9331308414408237}. Best is trial 0 with value: 0.95.
/data/home/rtabares/anaconda3/envs/pyth3.12/lib/python3.12/site-packages/xgboost/core.py:377: FutureWarning: Your system has an old version of glibc (< 2.28). We will stop supporting Linux distros with glibc older than 2.28 after **May 31, 2025**. Please upgrade to a recent Linux distro (with glibc >= 2.28) to use future versions of XGBoost.
Note: You have installed the 'manylinux2014' variant of XGBoost. Certain features such as GPU algorithms or federated learning are not available. To use these features, please upgrade to a recent Linux distro with glibc 2.28+, and install the 'manylinux_2_28' variant.
  warnings.warn(
[I 2025-05-07 04:21:06,300] Trial 9 finished with value: 0.9 and parameters: {'n_estimators': 100, 'max_depth': 30, 'gamma': 0.574951454577921, 'subsample': 0.9696020680119358, 'colsample_bytree': 0.8616917074936369}. Best is trial 0 with value: 0.95.
/data/home/rtabares/anaconda3/envs/pyth3.12/lib/python3.12/site-packages/xgboost/core.py:377: FutureWarning: Your system has an old version of glibc (< 2.28). We will stop supporting Linux distros with glibc older than 2.28 after **May 31, 2025**. Please upgrade to a recent Linux distro (with glibc >= 2.28) to use future versions of XGBoost.
Note: You have installed the 'manylinux2014' variant of XGBoost. Certain features such as GPU algorithms or federated learning are not available. To use these features, please upgrade to a recent Linux distro with glibc 2.28+, and install the 'manylinux_2_28' variant.
  warnings.warn(
/data/home/rtabares/anaconda3/envs/pyth3.12/lib/python3.12/site-packages/xgboost/core.py:377: FutureWarning: Your system has an old version of glibc (< 2.28). We will stop supporting Linux distros with glibc older than 2.28 after **May 31, 2025**. Please upgrade to a recent Linux distro (with glibc >= 2.28) to use future versions of XGBoost.
Note: You have installed the 'manylinux2014' variant of XGBoost. Certain features such as GPU algorithms or federated learning are not available. To use these features, please upgrade to a recent Linux distro with glibc 2.28+, and install the 'manylinux_2_28' variant.
  warnings.warn(
[I 2025-05-07 04:21:06,358] Trial 10 finished with value: 0.95 and parameters: {'n_estimators': 40, 'max_depth': 5, 'gamma': 0.32359117507032664, 'subsample': 0.7187470692461426, 'colsample_bytree': 0.525322130410742}. Best is trial 0 with value: 0.95.
/data/home/rtabares/anaconda3/envs/pyth3.12/lib/python3.12/site-packages/xgboost/core.py:377: FutureWarning: Your system has an old version of glibc (< 2.28). We will stop supporting Linux distros with glibc older than 2.28 after **May 31, 2025**. Please upgrade to a recent Linux distro (with glibc >= 2.28) to use future versions of XGBoost.
Note: You have installed the 'manylinux2014' variant of XGBoost. Certain features such as GPU algorithms or federated learning are not available. To use these features, please upgrade to a recent Linux distro with glibc 2.28+, and install the 'manylinux_2_28' variant.
  warnings.warn(
/data/home/rtabares/anaconda3/envs/pyth3.12/lib/python3.12/site-packages/xgboost/core.py:377: FutureWarning: Your system has an old version of glibc (< 2.28). We will stop supporting Linux distros with glibc older than 2.28 after **May 31, 2025**. Please upgrade to a recent Linux distro (with glibc >= 2.28) to use future versions of XGBoost.
Note: You have installed the 'manylinux2014' variant of XGBoost. Certain features such as GPU algorithms or federated learning are not available. To use these features, please upgrade to a recent Linux distro with glibc 2.28+, and install the 'manylinux_2_28' variant.
  warnings.warn(
/data/home/rtabares/anaconda3/envs/pyth3.12/lib/python3.12/site-packages/xgboost/core.py:377: FutureWarning: Your system has an old version of glibc (< 2.28). We will stop supporting Linux distros with glibc older than 2.28 after **May 31, 2025**. Please upgrade to a recent Linux distro (with glibc >= 2.28) to use future versions of XGBoost.
Note: You have installed the 'manylinux2014' variant of XGBoost. Certain features such as GPU algorithms or federated learning are not available. To use these features, please upgrade to a recent Linux distro with glibc 2.28+, and install the 'manylinux_2_28' variant.
  warnings.warn(
[I 2025-05-07 04:21:06,993] Trial 11 finished with value: 0.9 and parameters: {'n_estimators': 40, 'max_depth': 5, 'gamma': 0.9894607367239925, 'subsample': 0.5005044321862977, 'colsample_bytree': 0.7656392411045351}. Best is trial 0 with value: 0.95.
/data/home/rtabares/anaconda3/envs/pyth3.12/lib/python3.12/site-packages/xgboost/core.py:377: FutureWarning: Your system has an old version of glibc (< 2.28). We will stop supporting Linux distros with glibc older than 2.28 after **May 31, 2025**. Please upgrade to a recent Linux distro (with glibc >= 2.28) to use future versions of XGBoost.
Note: You have installed the 'manylinux2014' variant of XGBoost. Certain features such as GPU algorithms or federated learning are not available. To use these features, please upgrade to a recent Linux distro with glibc 2.28+, and install the 'manylinux_2_28' variant.
  warnings.warn(
/data/home/rtabares/anaconda3/envs/pyth3.12/lib/python3.12/site-packages/xgboost/core.py:377: FutureWarning: Your system has an old version of glibc (< 2.28). We will stop supporting Linux distros with glibc older than 2.28 after **May 31, 2025**. Please upgrade to a recent Linux distro (with glibc >= 2.28) to use future versions of XGBoost.
Note: You have installed the 'manylinux2014' variant of XGBoost. Certain features such as GPU algorithms or federated learning are not available. To use these features, please upgrade to a recent Linux distro with glibc 2.28+, and install the 'manylinux_2_28' variant.
  warnings.warn(
/data/home/rtabares/anaconda3/envs/pyth3.12/lib/python3.12/site-packages/xgboost/core.py:377: FutureWarning: Your system has an old version of glibc (< 2.28). We will stop supporting Linux distros with glibc older than 2.28 after **May 31, 2025**. Please upgrade to a recent Linux distro (with glibc >= 2.28) to use future versions of XGBoost.
Note: You have installed the 'manylinux2014' variant of XGBoost. Certain features such as GPU algorithms or federated learning are not available. To use these features, please upgrade to a recent Linux distro with glibc 2.28+, and install the 'manylinux_2_28' variant.
  warnings.warn(
[I 2025-05-07 04:21:07,705] Trial 12 finished with value: 0.9 and parameters: {'n_estimators': 100, 'max_depth': 5, 'gamma': 0.41000154180441223, 'subsample': 0.5041635632523747, 'colsample_bytree': 0.6523737237080134}. Best is trial 0 with value: 0.95.
[I 2025-05-07 04:21:07,743] Trial 13 finished with value: 0.9 and parameters: {'n_estimators': 40, 'max_depth': 5, 'gamma': 0.7915788854069478, 'subsample': 0.6909767898439938, 'colsample_bytree': 0.8055254239293904}. Best is trial 0 with value: 0.95.
[I 2025-05-07 04:21:07,783] Trial 14 finished with value: 0.85 and parameters: {'n_estimators': 10, 'max_depth': 30, 'gamma': 0.267735008048098, 'subsample': 0.5662262370850342, 'colsample_bytree': 0.6917995716745505}. Best is trial 0 with value: 0.95.
[I 2025-05-07 04:21:07,833] Trial 15 finished with value: 0.95 and parameters: {'n_estimators': 100, 'max_depth': 5, 'gamma': 0.9618489442277358, 'subsample': 0.7299405603185856, 'colsample_bytree': 0.8259167653778704}. Best is trial 0 with value: 0.95.
[I 2025-05-07 04:21:07,871] Trial 16 finished with value: 0.9 and parameters: {'n_estimators': 40, 'max_depth': 5, 'gamma': 0.709709270676087, 'subsample': 0.7814635006463444, 'colsample_bytree': 0.7186399911289963}. Best is trial 0 with value: 0.95.
/data/home/rtabares/anaconda3/envs/pyth3.12/lib/python3.12/site-packages/xgboost/core.py:377: FutureWarning: Your system has an old version of glibc (< 2.28). We will stop supporting Linux distros with glibc older than 2.28 after **May 31, 2025**. Please upgrade to a recent Linux distro (with glibc >= 2.28) to use future versions of XGBoost.
Note: You have installed the 'manylinux2014' variant of XGBoost. Certain features such as GPU algorithms or federated learning are not available. To use these features, please upgrade to a recent Linux distro with glibc 2.28+, and install the 'manylinux_2_28' variant.
  warnings.warn(
[I 2025-05-07 04:21:08,515] Trial 17 finished with value: 0.9 and parameters: {'n_estimators': 40, 'max_depth': 5, 'gamma': 0.5113271386245031, 'subsample': 0.8917503815578273, 'colsample_bytree': 0.594705873679178}. Best is trial 0 with value: 0.95.
[I 2025-05-07 04:21:08,564] Trial 18 finished with value: 0.95 and parameters: {'n_estimators': 100, 'max_depth': 30, 'gamma': 0.421371034665886, 'subsample': 0.5557674190967076, 'colsample_bytree': 0.6121238040591803}. Best is trial 0 with value: 0.95.
[I 2025-05-07 04:21:08,602] Trial 19 finished with value: 0.9 and parameters: {'n_estimators': 10, 'max_depth': 20, 'gamma': 0.8706155828188982, 'subsample': 0.6670153887953525, 'colsample_bytree': 0.9085903895749211}. Best is trial 0 with value: 0.95.
[I 2025-05-07 04:21:08,651] Trial 20 finished with value: 0.95 and parameters: {'n_estimators': 100, 'max_depth': 5, 'gamma': 0.11546680719474106, 'subsample': 0.5523425156964482, 'colsample_bytree': 0.7890048029172959}. Best is trial 0 with value: 0.95.
[I 2025-05-07 04:21:08,703] Trial 21 finished with value: 0.95 and parameters: {'n_estimators': 40, 'max_depth': 5, 'gamma': 0.34386327967690666, 'subsample': 0.7164301131829054, 'colsample_bytree': 0.5013350812524354}. Best is trial 0 with value: 0.95.
[I 2025-05-07 04:21:08,742] Trial 22 finished with value: 0.95 and parameters: {'n_estimators': 40, 'max_depth': 5, 'gamma': 0.28247857997745407, 'subsample': 0.7637062537289494, 'colsample_bytree': 0.5219527766677118}. Best is trial 0 with value: 0.95.
[I 2025-05-07 04:21:08,781] Trial 23 finished with value: 0.9 and parameters: {'n_estimators': 40, 'max_depth': 5, 'gamma': 0.22484706403722549, 'subsample': 0.9053890522348984, 'colsample_bytree': 0.545080490786419}. Best is trial 0 with value: 0.95.
[I 2025-05-07 04:21:08,820] Trial 24 finished with value: 0.95 and parameters: {'n_estimators': 40, 'max_depth': 5, 'gamma': 0.36843991611320054, 'subsample': 0.6287579267080939, 'colsample_bytree': 0.6484334821335004}. Best is trial 0 with value: 0.95.
[I 2025-05-07 04:21:08,859] Trial 25 finished with value: 0.9 and parameters: {'n_estimators': 40, 'max_depth': 5, 'gamma': 0.45340605390727773, 'subsample': 0.6942689175076624, 'colsample_bytree': 0.7152327562643508}. Best is trial 0 with value: 0.95.
[I 2025-05-07 04:21:08,900] Trial 26 finished with value: 0.9 and parameters: {'n_estimators': 40, 'max_depth': 5, 'gamma': 0.3129604639547341, 'subsample': 0.7386051133250928, 'colsample_bytree': 0.8551685071194722}. Best is trial 0 with value: 0.95.
[I 2025-05-07 04:21:08,944] Trial 27 finished with value: 0.9 and parameters: {'n_estimators': 40, 'max_depth': 5, 'gamma': 0.5286706196602754, 'subsample': 0.8089670394578682, 'colsample_bytree': 0.6248479734849806}. Best is trial 0 with value: 0.95.
[I 2025-05-07 04:21:08,984] Trial 28 finished with value: 0.95 and parameters: {'n_estimators': 10, 'max_depth': 20, 'gamma': 0.6278909449934642, 'subsample': 0.5927794204779844, 'colsample_bytree': 0.5742703221117396}. Best is trial 0 with value: 0.95.
[I 2025-05-07 04:21:09,033] Trial 29 finished with value: 0.95 and parameters: {'n_estimators': 100, 'max_depth': 30, 'gamma': 0.47225286292058244, 'subsample': 0.6617531480009599, 'colsample_bytree': 0.9342604911553476}. Best is trial 0 with value: 0.95.
[I 2025-05-07 04:21:13,136] A new study created in memory with name: rf
Parámetros guardados en checkpoint_shoppers_Doriginal_Roriginal_B/k-means/IPC_10/best_models_k-means_seed_8_space_original/xgb_best_params.json


>>> Optuna tuning rf metodo k-means IPC 10 seed 8


[I 2025-05-07 04:21:14,457] Trial 0 finished with value: 0.95 and parameters: {'n_estimators': 450, 'max_depth': 20, 'min_samples_split': 9, 'min_samples_leaf': 6}. Best is trial 0 with value: 0.95.
[I 2025-05-07 04:21:14,713] Trial 1 finished with value: 0.85 and parameters: {'n_estimators': 193, 'max_depth': 3, 'min_samples_split': 5, 'min_samples_leaf': 5}. Best is trial 0 with value: 0.95.
[I 2025-05-07 04:21:15,103] Trial 2 finished with value: 0.9 and parameters: {'n_estimators': 309, 'max_depth': 11, 'min_samples_split': 6, 'min_samples_leaf': 6}. Best is trial 0 with value: 0.95.
[I 2025-05-07 04:21:15,553] Trial 3 finished with value: 0.95 and parameters: {'n_estimators': 405, 'max_depth': 15, 'min_samples_split': 7, 'min_samples_leaf': 5}. Best is trial 0 with value: 0.95.
[I 2025-05-07 04:21:15,837] Trial 4 finished with value: 0.85 and parameters: {'n_estimators': 215, 'max_depth': 20, 'min_samples_split': 5, 'min_samples_leaf': 3}. Best is trial 0 with value: 0.95.
[I 2025-05-07 04:21:16,067] Trial 5 finished with value: 0.9 and parameters: {'n_estimators': 126, 'max_depth': 20, 'min_samples_split': 3, 'min_samples_leaf': 4}. Best is trial 0 with value: 0.95.
[I 2025-05-07 04:21:16,267] Trial 6 finished with value: 0.5 and parameters: {'n_estimators': 128, 'max_depth': 7, 'min_samples_split': 5, 'min_samples_leaf': 9}. Best is trial 0 with value: 0.95.
[I 2025-05-07 04:21:16,606] Trial 7 finished with value: 0.95 and parameters: {'n_estimators': 238, 'max_depth': 20, 'min_samples_split': 2, 'min_samples_leaf': 4}. Best is trial 0 with value: 0.95.
[I 2025-05-07 04:21:16,956] Trial 8 finished with value: 0.9 and parameters: {'n_estimators': 252, 'max_depth': 16, 'min_samples_split': 10, 'min_samples_leaf': 4}. Best is trial 0 with value: 0.95.
[I 2025-05-07 04:21:17,244] Trial 9 finished with value: 0.5 and parameters: {'n_estimators': 273, 'max_depth': 7, 'min_samples_split': 9, 'min_samples_leaf': 7}. Best is trial 0 with value: 0.95.
[I 2025-05-07 04:21:17,827] Trial 10 finished with value: 0.5 and parameters: {'n_estimators': 498, 'max_depth': 15, 'min_samples_split': 8, 'min_samples_leaf': 10}. Best is trial 0 with value: 0.95.
[I 2025-05-07 04:21:18,999] Trial 11 finished with value: 0.9 and parameters: {'n_estimators': 437, 'max_depth': 15, 'min_samples_split': 8, 'min_samples_leaf': 1}. Best is trial 0 with value: 0.95.
[I 2025-05-07 04:21:20,060] Trial 12 finished with value: 0.5 and parameters: {'n_estimators': 382, 'max_depth': 17, 'min_samples_split': 7, 'min_samples_leaf': 7}. Best is trial 0 with value: 0.95.
[I 2025-05-07 04:21:20,505] Trial 13 finished with value: 0.5 and parameters: {'n_estimators': 373, 'max_depth': 12, 'min_samples_split': 10, 'min_samples_leaf': 8}. Best is trial 0 with value: 0.95.
[I 2025-05-07 04:21:21,064] Trial 14 finished with value: 0.9 and parameters: {'n_estimators': 474, 'max_depth': 12, 'min_samples_split': 8, 'min_samples_leaf': 1}. Best is trial 0 with value: 0.95.
[I 2025-05-07 04:21:21,518] Trial 15 finished with value: 0.85 and parameters: {'n_estimators': 389, 'max_depth': 18, 'min_samples_split': 7, 'min_samples_leaf': 6}. Best is trial 0 with value: 0.95.
[I 2025-05-07 04:21:21,933] Trial 16 finished with value: 0.9 and parameters: {'n_estimators': 330, 'max_depth': 14, 'min_samples_split': 9, 'min_samples_leaf': 3}. Best is trial 0 with value: 0.95.
[I 2025-05-07 04:21:22,462] Trial 17 finished with value: 0.5 and parameters: {'n_estimators': 454, 'max_depth': 18, 'min_samples_split': 7, 'min_samples_leaf': 7}. Best is trial 0 with value: 0.95.
[I 2025-05-07 04:21:22,949] Trial 18 finished with value: 0.85 and parameters: {'n_estimators': 425, 'max_depth': 10, 'min_samples_split': 9, 'min_samples_leaf': 5}. Best is trial 0 with value: 0.95.
[I 2025-05-07 04:21:23,346] Trial 19 finished with value: 0.95 and parameters: {'n_estimators': 346, 'max_depth': 13, 'min_samples_split': 6, 'min_samples_leaf': 2}. Best is trial 0 with value: 0.95.
[I 2025-05-07 04:21:23,782] Trial 20 finished with value: 0.5 and parameters: {'n_estimators': 415, 'max_depth': 18, 'min_samples_split': 4, 'min_samples_leaf': 8}. Best is trial 0 with value: 0.95.
[I 2025-05-07 04:21:24,058] Trial 21 finished with value: 0.9 and parameters: {'n_estimators': 189, 'max_depth': 20, 'min_samples_split': 2, 'min_samples_leaf': 4}. Best is trial 0 with value: 0.95.
