[I 2025-05-07 07:28:35,356] Trial 29 finished with value: 0.8666666666666666 and parameters: {'n_estimators': 100, 'max_depth': 30, 'gamma': 0.9883867506940986, 'subsample': 0.9609920871040669, 'colsample_bytree': 0.6302553288136212}. Best is trial 10 with value: 0.8666666666666666.
[I 2025-05-07 07:28:39,252] A new study created in memory with name: rf
Parámetros guardados en checkpoint_shoppers_Doriginal_Roriginal_C/random/IPC_30/best_models_random_seed_4_space_original/xgb_best_params.json


>>> Optuna tuning rf metodo random IPC 30 seed 4


[I 2025-05-07 07:28:40,484] Trial 0 finished with value: 0.7666666666666668 and parameters: {'n_estimators': 487, 'max_depth': 12, 'min_samples_split': 10, 'min_samples_leaf': 8}. Best is trial 0 with value: 0.7666666666666668.
[I 2025-05-07 07:28:40,979] Trial 1 finished with value: 0.8166666666666668 and parameters: {'n_estimators': 379, 'max_depth': 6, 'min_samples_split': 10, 'min_samples_leaf': 1}. Best is trial 1 with value: 0.8166666666666668.
[I 2025-05-07 07:28:41,236] Trial 2 finished with value: 0.8166666666666668 and parameters: {'n_estimators': 201, 'max_depth': 10, 'min_samples_split': 9, 'min_samples_leaf': 2}. Best is trial 1 with value: 0.8166666666666668.
[I 2025-05-07 07:28:41,695] Trial 3 finished with value: 0.8 and parameters: {'n_estimators': 446, 'max_depth': 20, 'min_samples_split': 3, 'min_samples_leaf': 6}. Best is trial 1 with value: 0.8166666666666668.
[I 2025-05-07 07:28:41,891] Trial 4 finished with value: 0.7333333333333334 and parameters: {'n_estimators': 103, 'max_depth': 9, 'min_samples_split': 2, 'min_samples_leaf': 10}. Best is trial 1 with value: 0.8166666666666668.
[I 2025-05-07 07:28:42,230] Trial 5 finished with value: 0.8 and parameters: {'n_estimators': 274, 'max_depth': 20, 'min_samples_split': 9, 'min_samples_leaf': 9}. Best is trial 1 with value: 0.8166666666666668.
[I 2025-05-07 07:28:42,510] Trial 6 finished with value: 0.8666666666666668 and parameters: {'n_estimators': 169, 'max_depth': 4, 'min_samples_split': 7, 'min_samples_leaf': 2}. Best is trial 6 with value: 0.8666666666666668.
[I 2025-05-07 07:28:42,971] Trial 7 finished with value: 0.7666666666666668 and parameters: {'n_estimators': 394, 'max_depth': 10, 'min_samples_split': 6, 'min_samples_leaf': 10}. Best is trial 6 with value: 0.8666666666666668.
[I 2025-05-07 07:28:43,357] Trial 8 finished with value: 0.7833333333333334 and parameters: {'n_estimators': 309, 'max_depth': 4, 'min_samples_split': 3, 'min_samples_leaf': 6}. Best is trial 6 with value: 0.8666666666666668.
[I 2025-05-07 07:28:43,734] Trial 9 finished with value: 0.7666666666666668 and parameters: {'n_estimators': 310, 'max_depth': 14, 'min_samples_split': 5, 'min_samples_leaf': 7}. Best is trial 6 with value: 0.8666666666666668.
[I 2025-05-07 07:28:43,948] Trial 10 finished with value: 0.8166666666666668 and parameters: {'n_estimators': 127, 'max_depth': 3, 'min_samples_split': 7, 'min_samples_leaf': 3}. Best is trial 6 with value: 0.8666666666666668.
[I 2025-05-07 07:28:45,096] Trial 11 finished with value: 0.8333333333333334 and parameters: {'n_estimators': 387, 'max_depth': 6, 'min_samples_split': 8, 'min_samples_leaf': 4}. Best is trial 6 with value: 0.8666666666666668.
[I 2025-05-07 07:28:45,999] Trial 12 finished with value: 0.8166666666666668 and parameters: {'n_estimators': 213, 'max_depth': 6, 'min_samples_split': 7, 'min_samples_leaf': 3}. Best is trial 6 with value: 0.8666666666666668.
[I 2025-05-07 07:28:47,107] Trial 13 finished with value: 0.8333333333333334 and parameters: {'n_estimators': 372, 'max_depth': 7, 'min_samples_split': 8, 'min_samples_leaf': 4}. Best is trial 6 with value: 0.8666666666666668.
[I 2025-05-07 07:28:47,361] Trial 14 finished with value: 0.8333333333333334 and parameters: {'n_estimators': 176, 'max_depth': 3, 'min_samples_split': 5, 'min_samples_leaf': 4}. Best is trial 6 with value: 0.8666666666666668.
[I 2025-05-07 07:28:47,724] Trial 15 finished with value: 0.8333333333333334 and parameters: {'n_estimators': 261, 'max_depth': 15, 'min_samples_split': 7, 'min_samples_leaf': 1}. Best is trial 6 with value: 0.8666666666666668.
[I 2025-05-07 07:28:48,161] Trial 16 finished with value: 0.8166666666666668 and parameters: {'n_estimators': 345, 'max_depth': 7, 'min_samples_split': 8, 'min_samples_leaf': 4}. Best is trial 6 with value: 0.8666666666666668.
[I 2025-05-07 07:28:48,661] Trial 17 finished with value: 0.8166666666666668 and parameters: {'n_estimators': 433, 'max_depth': 4, 'min_samples_split': 5, 'min_samples_leaf': 5}. Best is trial 6 with value: 0.8666666666666668.
[I 2025-05-07 07:28:48,997] Trial 18 finished with value: 0.8333333333333334 and parameters: {'n_estimators': 245, 'max_depth': 8, 'min_samples_split': 6, 'min_samples_leaf': 2}. Best is trial 6 with value: 0.8666666666666668.
[I 2025-05-07 07:28:49,200] Trial 19 finished with value: 0.8333333333333334 and parameters: {'n_estimators': 152, 'max_depth': 5, 'min_samples_split': 8, 'min_samples_leaf': 2}. Best is trial 6 with value: 0.8666666666666668.
[I 2025-05-07 07:28:49,595] Trial 20 finished with value: 0.8166666666666668 and parameters: {'n_estimators': 334, 'max_depth': 13, 'min_samples_split': 9, 'min_samples_leaf': 5}. Best is trial 6 with value: 0.8666666666666668.
[I 2025-05-07 07:28:50,051] Trial 21 finished with value: 0.8333333333333334 and parameters: {'n_estimators': 384, 'max_depth': 8, 'min_samples_split': 8, 'min_samples_leaf': 4}. Best is trial 6 with value: 0.8666666666666668.
[I 2025-05-07 07:28:50,537] Trial 22 finished with value: 0.8333333333333334 and parameters: {'n_estimators': 421, 'max_depth': 6, 'min_samples_split': 7, 'min_samples_leaf': 3}. Best is trial 6 with value: 0.8666666666666668.
[I 2025-05-07 07:28:50,978] Trial 23 finished with value: 0.8166666666666668 and parameters: {'n_estimators': 352, 'max_depth': 5, 'min_samples_split': 8, 'min_samples_leaf': 4}. Best is trial 6 with value: 0.8666666666666668.
[I 2025-05-07 07:28:51,548] Trial 24 finished with value: 0.8 and parameters: {'n_estimators': 490, 'max_depth': 16, 'min_samples_split': 9, 'min_samples_leaf': 5}. Best is trial 6 with value: 0.8666666666666668.
[I 2025-05-07 07:28:52,136] Trial 25 finished with value: 0.8333333333333334 and parameters: {'n_estimators': 458, 'max_depth': 8, 'min_samples_split': 6, 'min_samples_leaf': 3}. Best is trial 6 with value: 0.8666666666666668.
[I 2025-05-07 07:28:52,613] Trial 26 finished with value: 0.8166666666666668 and parameters: {'n_estimators': 404, 'max_depth': 11, 'min_samples_split': 8, 'min_samples_leaf': 2}. Best is trial 6 with value: 0.8666666666666668.
[I 2025-05-07 07:28:53,039] Trial 27 finished with value: 0.75 and parameters: {'n_estimators': 371, 'max_depth': 7, 'min_samples_split': 6, 'min_samples_leaf': 7}. Best is trial 6 with value: 0.8666666666666668.
[I 2025-05-07 07:28:53,379] Trial 28 finished with value: 0.8166666666666668 and parameters: {'n_estimators': 275, 'max_depth': 4, 'min_samples_split': 10, 'min_samples_leaf': 1}. Best is trial 6 with value: 0.8666666666666668.
[I 2025-05-07 07:28:53,746] Trial 29 finished with value: 0.7833333333333334 and parameters: {'n_estimators': 238, 'max_depth': 17, 'min_samples_split': 7, 'min_samples_leaf': 7}. Best is trial 6 with value: 0.8666666666666668.
[I 2025-05-07 07:28:56,165] A new study created in memory with name: svc
Parámetros guardados en checkpoint_shoppers_Doriginal_Roriginal_C/random/IPC_30/best_models_random_seed_4_space_original/rf_best_params.json


>>> Optuna tuning svc metodo random IPC 30 seed 4


[I 2025-05-07 07:28:59,760] Trial 0 finished with value: 0.7 and parameters: {'C': 73.81070543530448, 'gamma': 0.015450018247892779}. Best is trial 0 with value: 0.7.
[I 2025-05-07 07:29:00,006] Trial 1 finished with value: 0.75 and parameters: {'C': 77.75663179233845, 'gamma': 0.07232092541230128}. Best is trial 1 with value: 0.75.
[I 2025-05-07 07:29:00,022] Trial 2 finished with value: 0.7166666666666667 and parameters: {'C': 6.178958785050742, 'gamma': 0.0007317419987380097}. Best is trial 1 with value: 0.75.
[I 2025-05-07 07:29:00,036] Trial 3 finished with value: 0.7500000000000001 and parameters: {'C': 80.37071262320886, 'gamma': 0.00010590611107431812}. Best is trial 3 with value: 0.7500000000000001.
[I 2025-05-07 07:29:00,049] Trial 4 finished with value: 0.7333333333333335 and parameters: {'C': 0.10278493120340691, 'gamma': 0.005484867361012625}. Best is trial 3 with value: 0.7500000000000001.
[I 2025-05-07 07:29:00,062] Trial 5 finished with value: 0.7500000000000001 and parameters: {'C': 13.1078567696809, 'gamma': 0.0006176469460575716}. Best is trial 3 with value: 0.7500000000000001.
[I 2025-05-07 07:29:00,075] Trial 6 finished with value: 0.6833333333333333 and parameters: {'C': 28.31215598682681, 'gamma': 0.8582280578186977}. Best is trial 3 with value: 0.7500000000000001.
[I 2025-05-07 07:29:00,427] Trial 7 finished with value: 0.7166666666666667 and parameters: {'C': 0.0452239992884375, 'gamma': 0.0245095747263291}. Best is trial 3 with value: 0.7500000000000001.
[I 2025-05-07 07:29:00,441] Trial 8 finished with value: 0.7166666666666667 and parameters: {'C': 0.010862865209217382, 'gamma': 0.003517913288946679}. Best is trial 3 with value: 0.7500000000000001.
[I 2025-05-07 07:29:00,454] Trial 9 finished with value: 0.6000000000000001 and parameters: {'C': 0.015018972833145225, 'gamma': 0.6708290647610249}. Best is trial 3 with value: 0.7500000000000001.
[I 2025-05-07 07:29:00,474] Trial 10 finished with value: 0.7166666666666667 and parameters: {'C': 1.24081100865936, 'gamma': 0.00016162497096697807}. Best is trial 3 with value: 0.7500000000000001.
[I 2025-05-07 07:29:01,308] Trial 11 finished with value: 0.7166666666666667 and parameters: {'C': 10.69080063598937, 'gamma': 0.0001204779615981135}. Best is trial 3 with value: 0.7500000000000001.
[I 2025-05-07 07:29:01,337] Trial 12 finished with value: 0.7166666666666667 and parameters: {'C': 3.470903313332855, 'gamma': 0.000739211747976653}. Best is trial 3 with value: 0.7500000000000001.
[I 2025-05-07 07:29:01,367] Trial 13 finished with value: 0.7500000000000001 and parameters: {'C': 21.66308936817834, 'gamma': 0.0006088596633199268}. Best is trial 3 with value: 0.7500000000000001.
[I 2025-05-07 07:29:01,395] Trial 14 finished with value: 0.7166666666666667 and parameters: {'C': 0.4653452254966848, 'gamma': 0.0002418414788092901}. Best is trial 3 with value: 0.7500000000000001.
[I 2025-05-07 07:29:01,414] Trial 15 finished with value: 0.7166666666666667 and parameters: {'C': 1.4892811870257043, 'gamma': 0.0004618453987843557}. Best is trial 3 with value: 0.7500000000000001.
[I 2025-05-07 07:29:01,447] Trial 16 finished with value: 0.7833333333333334 and parameters: {'C': 26.494485372518003, 'gamma': 0.0019452632232886476}. Best is trial 16 with value: 0.7833333333333334.
[I 2025-05-07 07:29:01,478] Trial 17 finished with value: 0.7833333333333332 and parameters: {'C': 91.54030877690933, 'gamma': 0.0018438394222453308}. Best is trial 16 with value: 0.7833333333333334.
[I 2025-05-07 07:29:01,497] Trial 18 finished with value: 0.8 and parameters: {'C': 29.115619751834593, 'gamma': 0.0023127359415597427}. Best is trial 18 with value: 0.8.
[I 2025-05-07 07:29:02,510] Trial 19 finished with value: 0.7833333333333334 and parameters: {'C': 3.077537430683537, 'gamma': 0.08120117618663762}. Best is trial 18 with value: 0.8.
[I 2025-05-07 07:29:02,531] Trial 20 finished with value: 0.7166666666666667 and parameters: {'C': 0.2624596404028333, 'gamma': 0.002507500773293912}. Best is trial 18 with value: 0.8.
[I 2025-05-07 07:29:02,550] Trial 21 finished with value: 0.7833333333333334 and parameters: {'C': 3.767992179848763, 'gamma': 0.07146109312786689}. Best is trial 18 with value: 0.8.
[I 2025-05-07 07:29:02,580] Trial 22 finished with value: 0.7500000000000002 and parameters: {'C': 21.322520639638697, 'gamma': 0.03949311466572739}. Best is trial 18 with value: 0.8.
[I 2025-05-07 07:29:02,600] Trial 23 finished with value: 0.7166666666666666 and parameters: {'C': 2.2655295238910655, 'gamma': 0.2840762052672641}. Best is trial 18 with value: 0.8.
[I 2025-05-07 07:29:02,620] Trial 24 finished with value: 0.7833333333333334 and parameters: {'C': 36.681530262158084, 'gamma': 0.008555964550194996}. Best is trial 18 with value: 0.8.
[I 2025-05-07 07:29:02,641] Trial 25 finished with value: 0.7500000000000001 and parameters: {'C': 7.692893085673251, 'gamma': 0.0016494752123335753}. Best is trial 18 with value: 0.8.
[I 2025-05-07 07:29:02,661] Trial 26 finished with value: 0.7 and parameters: {'C': 0.5511297885215222, 'gamma': 0.1585356221101007}. Best is trial 18 with value: 0.8.
[I 2025-05-07 07:29:02,681] Trial 27 finished with value: 0.7666666666666667 and parameters: {'C': 4.743642791480952, 'gamma': 0.009987992566755432}. Best is trial 18 with value: 0.8.
[I 2025-05-07 07:29:02,711] Trial 28 finished with value: 0.7833333333333334 and parameters: {'C': 42.64504259474206, 'gamma': 0.0052171052167520795}. Best is trial 18 with value: 0.8.
[I 2025-05-07 07:29:02,731] Trial 29 finished with value: 0.7833333333333334 and parameters: {'C': 11.18206360930868, 'gamma': 0.016091863418659955}. Best is trial 18 with value: 0.8.
[I 2025-05-07 07:29:07,239] A new study created in memory with name: logreg
Parámetros guardados en checkpoint_shoppers_Doriginal_Roriginal_C/random/IPC_30/best_models_random_seed_4_space_original/svc_best_params.json


>>> Optuna tuning logreg metodo random IPC 30 seed 4


[I 2025-05-07 07:29:08,757] Trial 0 finished with value: 0.6333333333333333 and parameters: {'C': 68.41466347789017, 'penalty': 'l2'}. Best is trial 0 with value: 0.6333333333333333.
[I 2025-05-07 07:29:08,843] Trial 1 finished with value: 0.7666666666666667 and parameters: {'C': 0.544704854605084, 'penalty': 'l2'}. Best is trial 1 with value: 0.7666666666666667.
[I 2025-05-07 07:29:08,884] Trial 2 finished with value: 0.6333333333333333 and parameters: {'C': 73.0166325419011, 'penalty': 'l2'}. Best is trial 1 with value: 0.7666666666666667.
[I 2025-05-07 07:29:08,907] Trial 3 finished with value: 0.7333333333333334 and parameters: {'C': 3.750420538742866, 'penalty': 'l2'}. Best is trial 1 with value: 0.7666666666666667.
[I 2025-05-07 07:29:08,930] Trial 4 finished with value: 0.7666666666666668 and parameters: {'C': 3.0806625064988937, 'penalty': 'l2'}. Best is trial 4 with value: 0.7666666666666668.
[I 2025-05-07 07:29:08,943] Trial 5 finished with value: 0.7833333333333334 and parameters: {'C': 0.012035038333279348, 'penalty': 'l2'}. Best is trial 5 with value: 0.7833333333333334.
[I 2025-05-07 07:29:08,986] Trial 6 finished with value: 0.6333333333333333 and parameters: {'C': 76.09783021777689, 'penalty': 'l2'}. Best is trial 5 with value: 0.7833333333333334.
[I 2025-05-07 07:29:08,999] Trial 7 finished with value: 0.7666666666666667 and parameters: {'C': 0.0010743635758480368, 'penalty': 'l2'}. Best is trial 5 with value: 0.7833333333333334.
[I 2025-05-07 07:29:09,011] Trial 8 finished with value: 0.8 and parameters: {'C': 0.01840398251214943, 'penalty': 'l2'}. Best is trial 8 with value: 0.8.
[I 2025-05-07 07:29:09,025] Trial 9 finished with value: 0.7666666666666667 and parameters: {'C': 0.14926488889274858, 'penalty': 'l2'}. Best is trial 8 with value: 0.8.
[I 2025-05-07 07:29:09,044] Trial 10 finished with value: 0.8 and parameters: {'C': 0.020258722810272335, 'penalty': 'l2'}. Best is trial 8 with value: 0.8.
[I 2025-05-07 07:29:09,877] Trial 11 finished with value: 0.7833333333333334 and parameters: {'C': 0.014953743537561544, 'penalty': 'l2'}. Best is trial 8 with value: 0.8.
[I 2025-05-07 07:29:10,840] Trial 12 finished with value: 0.8 and parameters: {'C': 0.019487844266006183, 'penalty': 'l2'}. Best is trial 8 with value: 0.8.
[I 2025-05-07 07:29:10,858] Trial 13 finished with value: 0.7666666666666667 and parameters: {'C': 0.0013487937733726511, 'penalty': 'l2'}. Best is trial 8 with value: 0.8.
[I 2025-05-07 07:29:10,874] Trial 14 finished with value: 0.7833333333333334 and parameters: {'C': 0.09893381533704633, 'penalty': 'l2'}. Best is trial 8 with value: 0.8.
[I 2025-05-07 07:29:10,890] Trial 15 finished with value: 0.7666666666666667 and parameters: {'C': 0.004928056987589964, 'penalty': 'l2'}. Best is trial 8 with value: 0.8.
[I 2025-05-07 07:29:10,912] Trial 16 finished with value: 0.8166666666666667 and parameters: {'C': 0.047871679654145245, 'penalty': 'l2'}. Best is trial 16 with value: 0.8166666666666667.
[I 2025-05-07 07:29:10,929] Trial 17 finished with value: 0.8 and parameters: {'C': 0.07225273201939303, 'penalty': 'l2'}. Best is trial 16 with value: 0.8166666666666667.
[I 2025-05-07 07:29:10,946] Trial 18 finished with value: 0.7666666666666667 and parameters: {'C': 0.4901672042306476, 'penalty': 'l2'}. Best is trial 16 with value: 0.8166666666666667.
[I 2025-05-07 07:29:10,973] Trial 19 finished with value: 0.7500000000000001 and parameters: {'C': 1.8811252962057534, 'penalty': 'l2'}. Best is trial 16 with value: 0.8166666666666667.
[I 2025-05-07 07:29:10,989] Trial 20 finished with value: 0.7666666666666667 and parameters: {'C': 0.0042170014437122386, 'penalty': 'l2'}. Best is trial 16 with value: 0.8166666666666667.
[I 2025-05-07 07:29:11,015] Trial 21 finished with value: 0.8 and parameters: {'C': 0.023254232369247695, 'penalty': 'l2'}. Best is trial 16 with value: 0.8166666666666667.
[I 2025-05-07 07:29:11,031] Trial 22 finished with value: 0.8 and parameters: {'C': 0.0314641150179566, 'penalty': 'l2'}. Best is trial 16 with value: 0.8166666666666667.
[I 2025-05-07 07:29:11,047] Trial 23 finished with value: 0.8166666666666667 and parameters: {'C': 0.06527698324443455, 'penalty': 'l2'}. Best is trial 16 with value: 0.8166666666666667.
[I 2025-05-07 07:29:11,838] Trial 24 finished with value: 0.7666666666666667 and parameters: {'C': 0.16834526815037956, 'penalty': 'l2'}. Best is trial 16 with value: 0.8166666666666667.
[I 2025-05-07 07:29:11,854] Trial 25 finished with value: 0.8166666666666667 and parameters: {'C': 0.05103254529816805, 'penalty': 'l2'}. Best is trial 16 with value: 0.8166666666666667.
[I 2025-05-07 07:29:11,870] Trial 26 finished with value: 0.7666666666666667 and parameters: {'C': 0.828410098147379, 'penalty': 'l2'}. Best is trial 16 with value: 0.8166666666666667.
[I 2025-05-07 07:29:11,887] Trial 27 finished with value: 0.8166666666666667 and parameters: {'C': 0.05606119800982354, 'penalty': 'l2'}. Best is trial 16 with value: 0.8166666666666667.
[I 2025-05-07 07:29:11,913] Trial 28 finished with value: 0.7666666666666667 and parameters: {'C': 0.25240046260555193, 'penalty': 'l2'}. Best is trial 16 with value: 0.8166666666666667.
[I 2025-05-07 07:29:11,939] Trial 29 finished with value: 0.65 and parameters: {'C': 18.53872548825957, 'penalty': 'l2'}. Best is trial 16 with value: 0.8166666666666667.
/data/home/rtabares/anaconda3/envs/pyth3.12/lib/python3.12/site-packages/xgboost/core.py:377: FutureWarning: Your system has an old version of glibc (< 2.28). We will stop supporting Linux distros with glibc older than 2.28 after **May 31, 2025**. Please upgrade to a recent Linux distro (with glibc >= 2.28) to use future versions of XGBoost.
Note: You have installed the 'manylinux2014' variant of XGBoost. Certain features such as GPU algorithms or federated learning are not available. To use these features, please upgrade to a recent Linux distro with glibc 2.28+, and install the 'manylinux_2_28' variant.
  warnings.warn(
[I 2025-05-07 07:29:14,998] A new study created in memory with name: mlp
Parámetros guardados en checkpoint_shoppers_Doriginal_Roriginal_C/random/IPC_30/best_models_random_seed_4_space_original/logreg_best_params.json


>>> Optuna tuning mlp metodo random IPC 30 seed 4


/data/home/rtabares/anaconda3/envs/pyth3.12/lib/python3.12/site-packages/sklearn/neural_network/_multilayer_perceptron.py:691: ConvergenceWarning: Stochastic Optimizer: Maximum iterations (50) reached and the optimization hasn't converged yet.
  warnings.warn(
/data/home/rtabares/anaconda3/envs/pyth3.12/lib/python3.12/site-packages/sklearn/neural_network/_multilayer_perceptron.py:691: ConvergenceWarning: Stochastic Optimizer: Maximum iterations (50) reached and the optimization hasn't converged yet.
  warnings.warn(
/data/home/rtabares/anaconda3/envs/pyth3.12/lib/python3.12/site-packages/sklearn/neural_network/_multilayer_perceptron.py:691: ConvergenceWarning: Stochastic Optimizer: Maximum iterations (50) reached and the optimization hasn't converged yet.
  warnings.warn(
/data/home/rtabares/anaconda3/envs/pyth3.12/lib/python3.12/site-packages/sklearn/neural_network/_multilayer_perceptron.py:691: ConvergenceWarning: Stochastic Optimizer: Maximum iterations (50) reached and the optimization hasn't converged yet.
  warnings.warn(
/data/home/rtabares/anaconda3/envs/pyth3.12/lib/python3.12/site-packages/sklearn/neural_network/_multilayer_perceptron.py:691: ConvergenceWarning: Stochastic Optimizer: Maximum iterations (50) reached and the optimization hasn't converged yet.
  warnings.warn(
