[I 2025-05-07 04:23:59,252] Trial 28 finished with value: 0.85 and parameters: {'n_estimators': 417, 'max_depth': 16, 'min_samples_split': 5, 'min_samples_leaf': 2}. Best is trial 0 with value: 0.95.
[I 2025-05-07 04:23:59,447] Trial 29 finished with value: 0.9 and parameters: {'n_estimators': 161, 'max_depth': 13, 'min_samples_split': 4, 'min_samples_leaf': 3}. Best is trial 0 with value: 0.95.
[I 2025-05-07 04:24:03,124] A new study created in memory with name: svc
Parámetros guardados en checkpoint_shoppers_Doriginal_Roriginal_B/random/IPC_10/best_models_random_seed_9_space_original/rf_best_params.json


>>> Optuna tuning svc metodo random IPC 10 seed 9


[I 2025-05-07 04:24:04,382] Trial 0 finished with value: 0.75 and parameters: {'C': 0.011002632709098882, 'gamma': 0.010174155443038872}. Best is trial 0 with value: 0.75.
[I 2025-05-07 04:24:04,433] Trial 1 finished with value: 0.75 and parameters: {'C': 0.9618186025955839, 'gamma': 0.00034301895208247704}. Best is trial 0 with value: 0.75.
[I 2025-05-07 04:24:04,452] Trial 2 finished with value: 0.75 and parameters: {'C': 0.03702067575132929, 'gamma': 0.0007485739374074099}. Best is trial 0 with value: 0.75.
[I 2025-05-07 04:24:04,466] Trial 3 finished with value: 0.75 and parameters: {'C': 0.47209861032825945, 'gamma': 0.0009826631576890102}. Best is trial 0 with value: 0.75.
[I 2025-05-07 04:24:04,479] Trial 4 finished with value: 0.75 and parameters: {'C': 0.021688953850108893, 'gamma': 0.0024098752433673273}. Best is trial 0 with value: 0.75.
[I 2025-05-07 04:24:04,493] Trial 5 finished with value: 0.5 and parameters: {'C': 0.04646280084231645, 'gamma': 0.3267656089424253}. Best is trial 0 with value: 0.75.
[I 2025-05-07 04:24:04,506] Trial 6 finished with value: 0.75 and parameters: {'C': 63.65845976154302, 'gamma': 0.00014288725836502733}. Best is trial 0 with value: 0.75.
[I 2025-05-07 04:24:04,519] Trial 7 finished with value: 0.75 and parameters: {'C': 6.257913640897913, 'gamma': 0.01954516145303057}. Best is trial 0 with value: 0.75.
[I 2025-05-07 04:24:04,534] Trial 8 finished with value: 0.65 and parameters: {'C': 39.08665206604184, 'gamma': 0.04651530700450706}. Best is trial 0 with value: 0.75.
[I 2025-05-07 04:24:04,547] Trial 9 finished with value: 0.75 and parameters: {'C': 1.553642640603634, 'gamma': 0.06452227863024562}. Best is trial 0 with value: 0.75.
[I 2025-05-07 04:24:04,569] Trial 10 finished with value: 0.75 and parameters: {'C': 0.21537489794913275, 'gamma': 0.005756894687116981}. Best is trial 0 with value: 0.75.
[I 2025-05-07 04:24:05,207] Trial 11 finished with value: 0.75 and parameters: {'C': 4.9021578746453915, 'gamma': 0.000129307049749095}. Best is trial 0 with value: 0.75.
[I 2025-05-07 04:24:05,897] Trial 12 finished with value: 0.75 and parameters: {'C': 0.010274404870084426, 'gamma': 0.008346125844397057}. Best is trial 0 with value: 0.75.
[I 2025-05-07 04:24:05,920] Trial 13 finished with value: 0.5 and parameters: {'C': 0.14929420159188483, 'gamma': 0.5278463851707256}. Best is trial 0 with value: 0.75.
[I 2025-05-07 04:24:05,941] Trial 14 finished with value: 0.75 and parameters: {'C': 1.3695514557709094, 'gamma': 0.0004891090518508696}. Best is trial 0 with value: 0.75.
[I 2025-05-07 04:24:05,966] Trial 15 finished with value: 0.75 and parameters: {'C': 14.550767593380375, 'gamma': 0.0028596879491831154}. Best is trial 0 with value: 0.75.
[I 2025-05-07 04:24:05,985] Trial 16 finished with value: 0.75 and parameters: {'C': 0.10968264790171783, 'gamma': 0.10199753487734134}. Best is trial 0 with value: 0.75.
[I 2025-05-07 04:24:06,007] Trial 17 finished with value: 0.75 and parameters: {'C': 0.596190919537946, 'gamma': 0.021199766339550553}. Best is trial 0 with value: 0.75.
[I 2025-05-07 04:24:06,028] Trial 18 finished with value: 0.75 and parameters: {'C': 2.6521744313462667, 'gamma': 0.00034799759197743507}. Best is trial 0 with value: 0.75.
[I 2025-05-07 04:24:06,049] Trial 19 finished with value: 0.75 and parameters: {'C': 17.874203794715616, 'gamma': 0.0017359031439974117}. Best is trial 0 with value: 0.75.
[I 2025-05-07 04:24:06,073] Trial 20 finished with value: 0.7 and parameters: {'C': 0.3552176671393121, 'gamma': 0.16886687660663924}. Best is trial 0 with value: 0.75.
[I 2025-05-07 04:24:06,095] Trial 21 finished with value: 0.75 and parameters: {'C': 0.03809938480261921, 'gamma': 0.0004462368040677112}. Best is trial 0 with value: 0.75.
[I 2025-05-07 04:24:06,119] Trial 22 finished with value: 0.75 and parameters: {'C': 0.010785564005241884, 'gamma': 0.0011370652480724513}. Best is trial 0 with value: 0.75.
[I 2025-05-07 04:24:06,745] Trial 23 finished with value: 0.75 and parameters: {'C': 0.04331072294366345, 'gamma': 0.00024721022119580694}. Best is trial 0 with value: 0.75.
[I 2025-05-07 04:24:06,778] Trial 24 finished with value: 0.75 and parameters: {'C': 0.08169116529441818, 'gamma': 0.0044218108973368845}. Best is trial 0 with value: 0.75.
[I 2025-05-07 04:24:06,803] Trial 25 finished with value: 0.75 and parameters: {'C': 0.020374042319248116, 'gamma': 0.017221727275562693}. Best is trial 0 with value: 0.75.
[I 2025-05-07 04:24:06,825] Trial 26 finished with value: 0.75 and parameters: {'C': 0.021093652957153243, 'gamma': 0.0008586142321418271}. Best is trial 0 with value: 0.75.
[I 2025-05-07 04:24:06,846] Trial 27 finished with value: 0.75 and parameters: {'C': 0.07052682592197675, 'gamma': 0.011031135391049844}. Best is trial 0 with value: 0.75.
[I 2025-05-07 04:24:06,871] Trial 28 finished with value: 0.75 and parameters: {'C': 0.21261693664996914, 'gamma': 0.000206092521913132}. Best is trial 0 with value: 0.75.
[I 2025-05-07 04:24:06,893] Trial 29 finished with value: 0.75 and parameters: {'C': 0.6680892192277221, 'gamma': 0.0008258833453558534}. Best is trial 0 with value: 0.75.
[I 2025-05-07 04:24:08,727] A new study created in memory with name: logreg
[I 2025-05-07 04:24:08,751] Trial 0 finished with value: 0.8 and parameters: {'C': 0.0011268620922535318, 'penalty': 'l2'}. Best is trial 0 with value: 0.8.
[I 2025-05-07 04:24:08,776] Trial 1 finished with value: 0.75 and parameters: {'C': 0.32312678588710475, 'penalty': 'l2'}. Best is trial 0 with value: 0.8.
Parámetros guardados en checkpoint_shoppers_Doriginal_Roriginal_B/random/IPC_10/best_models_random_seed_9_space_original/svc_best_params.json


>>> Optuna tuning logreg metodo random IPC 10 seed 9


[I 2025-05-07 04:24:11,641] Trial 2 finished with value: 0.75 and parameters: {'C': 0.3012079745112611, 'penalty': 'l2'}. Best is trial 0 with value: 0.8.
[I 2025-05-07 04:24:11,791] Trial 3 finished with value: 0.8 and parameters: {'C': 0.004668180550042529, 'penalty': 'l2'}. Best is trial 0 with value: 0.8.
[I 2025-05-07 04:24:11,807] Trial 4 finished with value: 0.8 and parameters: {'C': 0.005135177115384908, 'penalty': 'l2'}. Best is trial 0 with value: 0.8.
[I 2025-05-07 04:24:11,830] Trial 5 finished with value: 0.8 and parameters: {'C': 0.01238207351349697, 'penalty': 'l2'}. Best is trial 0 with value: 0.8.
[I 2025-05-07 04:24:11,854] Trial 6 finished with value: 0.75 and parameters: {'C': 0.12374877330306278, 'penalty': 'l2'}. Best is trial 0 with value: 0.8.
[I 2025-05-07 04:24:11,868] Trial 7 finished with value: 0.8 and parameters: {'C': 0.017398261017749217, 'penalty': 'l2'}. Best is trial 0 with value: 0.8.
[I 2025-05-07 04:24:11,883] Trial 8 finished with value: 0.8 and parameters: {'C': 0.002632074973627294, 'penalty': 'l2'}. Best is trial 0 with value: 0.8.
[I 2025-05-07 04:24:11,908] Trial 9 finished with value: 0.8 and parameters: {'C': 0.053394091359671186, 'penalty': 'l2'}. Best is trial 0 with value: 0.8.
[I 2025-05-07 04:24:11,940] Trial 10 finished with value: 0.75 and parameters: {'C': 11.611342204749677, 'penalty': 'l2'}. Best is trial 0 with value: 0.8.
[I 2025-05-07 04:24:11,961] Trial 11 finished with value: 0.8 and parameters: {'C': 0.0013084121547449281, 'penalty': 'l2'}. Best is trial 0 with value: 0.8.
[I 2025-05-07 04:24:11,991] Trial 12 finished with value: 0.75 and parameters: {'C': 3.236010385336338, 'penalty': 'l2'}. Best is trial 0 with value: 0.8.
[I 2025-05-07 04:24:12,627] Trial 13 finished with value: 0.8 and parameters: {'C': 0.0013788840683373535, 'penalty': 'l2'}. Best is trial 0 with value: 0.8.
[I 2025-05-07 04:24:12,658] Trial 14 finished with value: 0.8 and parameters: {'C': 0.025104829907155197, 'penalty': 'l2'}. Best is trial 0 with value: 0.8.
[I 2025-05-07 04:24:12,687] Trial 15 finished with value: 0.8 and parameters: {'C': 0.006208807596645537, 'penalty': 'l2'}. Best is trial 0 with value: 0.8.
[I 2025-05-07 04:24:12,718] Trial 16 finished with value: 0.8 and parameters: {'C': 37.332317419001505, 'penalty': 'l2'}. Best is trial 0 with value: 0.8.
[I 2025-05-07 04:24:12,738] Trial 17 finished with value: 0.75 and parameters: {'C': 0.8198907153252439, 'penalty': 'l2'}. Best is trial 0 with value: 0.8.
[I 2025-05-07 04:24:13,362] Trial 18 finished with value: 0.8 and parameters: {'C': 0.004449427506799828, 'penalty': 'l2'}. Best is trial 0 with value: 0.8.
[I 2025-05-07 04:24:13,383] Trial 19 finished with value: 0.8 and parameters: {'C': 0.051012638155823666, 'penalty': 'l2'}. Best is trial 0 with value: 0.8.
[I 2025-05-07 04:24:14,019] Trial 20 finished with value: 0.8 and parameters: {'C': 0.0011107458925089006, 'penalty': 'l2'}. Best is trial 0 with value: 0.8.
[I 2025-05-07 04:24:14,676] Trial 21 finished with value: 0.8 and parameters: {'C': 0.006474440109917075, 'penalty': 'l2'}. Best is trial 0 with value: 0.8.
[I 2025-05-07 04:24:15,323] Trial 22 finished with value: 0.8 and parameters: {'C': 0.0037237953943136054, 'penalty': 'l2'}. Best is trial 0 with value: 0.8.
[I 2025-05-07 04:24:15,354] Trial 23 finished with value: 0.8 and parameters: {'C': 0.011305651384824924, 'penalty': 'l2'}. Best is trial 0 with value: 0.8.
[I 2025-05-07 04:24:15,386] Trial 24 finished with value: 0.8 and parameters: {'C': 0.002595411252070072, 'penalty': 'l2'}. Best is trial 0 with value: 0.8.
[I 2025-05-07 04:24:15,418] Trial 25 finished with value: 0.8 and parameters: {'C': 0.04241779473401042, 'penalty': 'l2'}. Best is trial 0 with value: 0.8.
[I 2025-05-07 04:24:15,439] Trial 26 finished with value: 0.8 and parameters: {'C': 0.010208839786577573, 'penalty': 'l2'}. Best is trial 0 with value: 0.8.
[I 2025-05-07 04:24:15,463] Trial 27 finished with value: 0.75 and parameters: {'C': 0.11583949826585581, 'penalty': 'l2'}. Best is trial 0 with value: 0.8.
[I 2025-05-07 04:24:15,493] Trial 28 finished with value: 0.8 and parameters: {'C': 0.0027366659499479546, 'penalty': 'l2'}. Best is trial 0 with value: 0.8.
[I 2025-05-07 04:24:15,508] Trial 29 finished with value: 0.75 and parameters: {'C': 1.6427269215789202, 'penalty': 'l2'}. Best is trial 0 with value: 0.8.
[I 2025-05-07 04:24:17,378] A new study created in memory with name: mlp
Parámetros guardados en checkpoint_shoppers_Doriginal_Roriginal_B/random/IPC_10/best_models_random_seed_9_space_original/logreg_best_params.json


>>> Optuna tuning mlp metodo random IPC 10 seed 9


/data/home/rtabares/anaconda3/envs/pyth3.12/lib/python3.12/site-packages/sklearn/neural_network/_multilayer_perceptron.py:691: ConvergenceWarning: Stochastic Optimizer: Maximum iterations (100) reached and the optimization hasn't converged yet.
  warnings.warn(
/data/home/rtabares/anaconda3/envs/pyth3.12/lib/python3.12/site-packages/sklearn/neural_network/_multilayer_perceptron.py:691: ConvergenceWarning: Stochastic Optimizer: Maximum iterations (100) reached and the optimization hasn't converged yet.
  warnings.warn(
/data/home/rtabares/anaconda3/envs/pyth3.12/lib/python3.12/site-packages/sklearn/neural_network/_multilayer_perceptron.py:691: ConvergenceWarning: Stochastic Optimizer: Maximum iterations (100) reached and the optimization hasn't converged yet.
  warnings.warn(
/data/home/rtabares/anaconda3/envs/pyth3.12/lib/python3.12/site-packages/sklearn/neural_network/_multilayer_perceptron.py:691: ConvergenceWarning: Stochastic Optimizer: Maximum iterations (100) reached and the optimization hasn't converged yet.
  warnings.warn(
/data/home/rtabares/anaconda3/envs/pyth3.12/lib/python3.12/site-packages/sklearn/neural_network/_multilayer_perceptron.py:691: ConvergenceWarning: Stochastic Optimizer: Maximum iterations (100) reached and the optimization hasn't converged yet.
  warnings.warn(
[I 2025-05-07 04:24:20,230] Trial 0 finished with value: 0.7 and parameters: {'hidden_layer_sizes': (200,), 'max_iter': 100, 'alpha': 0.001}. Best is trial 0 with value: 0.7.
/data/home/rtabares/anaconda3/envs/pyth3.12/lib/python3.12/site-packages/sklearn/neural_network/_multilayer_perceptron.py:691: ConvergenceWarning: Stochastic Optimizer: Maximum iterations (100) reached and the optimization hasn't converged yet.
  warnings.warn(
/data/home/rtabares/anaconda3/envs/pyth3.12/lib/python3.12/site-packages/sklearn/neural_network/_multilayer_perceptron.py:691: ConvergenceWarning: Stochastic Optimizer: Maximum iterations (100) reached and the optimization hasn't converged yet.
  warnings.warn(
[I 2025-05-07 04:24:20,422] Trial 1 finished with value: 0.7 and parameters: {'hidden_layer_sizes': (100, 100), 'max_iter': 100, 'alpha': 0.0001}. Best is trial 0 with value: 0.7.
/data/home/rtabares/anaconda3/envs/pyth3.12/lib/python3.12/site-packages/sklearn/neural_network/_multilayer_perceptron.py:691: ConvergenceWarning: Stochastic Optimizer: Maximum iterations (50) reached and the optimization hasn't converged yet.
  warnings.warn(
/data/home/rtabares/anaconda3/envs/pyth3.12/lib/python3.12/site-packages/sklearn/neural_network/_multilayer_perceptron.py:691: ConvergenceWarning: Stochastic Optimizer: Maximum iterations (50) reached and the optimization hasn't converged yet.
  warnings.warn(
/data/home/rtabares/anaconda3/envs/pyth3.12/lib/python3.12/site-packages/sklearn/neural_network/_multilayer_perceptron.py:691: ConvergenceWarning: Stochastic Optimizer: Maximum iterations (50) reached and the optimization hasn't converged yet.
  warnings.warn(
/data/home/rtabares/anaconda3/envs/pyth3.12/lib/python3.12/site-packages/sklearn/neural_network/_multilayer_perceptron.py:691: ConvergenceWarning: Stochastic Optimizer: Maximum iterations (50) reached and the optimization hasn't converged yet.
  warnings.warn(
/data/home/rtabares/anaconda3/envs/pyth3.12/lib/python3.12/site-packages/sklearn/neural_network/_multilayer_perceptron.py:691: ConvergenceWarning: Stochastic Optimizer: Maximum iterations (50) reached and the optimization hasn't converged yet.
  warnings.warn(
[I 2025-05-07 04:24:20,480] Trial 2 finished with value: 0.75 and parameters: {'hidden_layer_sizes': (100, 100), 'max_iter': 50, 'alpha': 0.0001}. Best is trial 2 with value: 0.75.
/data/home/rtabares/anaconda3/envs/pyth3.12/lib/python3.12/site-packages/sklearn/neural_network/_multilayer_perceptron.py:691: ConvergenceWarning: Stochastic Optimizer: Maximum iterations (50) reached and the optimization hasn't converged yet.
  warnings.warn(
/data/home/rtabares/anaconda3/envs/pyth3.12/lib/python3.12/site-packages/sklearn/neural_network/_multilayer_perceptron.py:691: ConvergenceWarning: Stochastic Optimizer: Maximum iterations (50) reached and the optimization hasn't converged yet.
  warnings.warn(
/data/home/rtabares/anaconda3/envs/pyth3.12/lib/python3.12/site-packages/sklearn/neural_network/_multilayer_perceptron.py:691: ConvergenceWarning: Stochastic Optimizer: Maximum iterations (50) reached and the optimization hasn't converged yet.
  warnings.warn(
/data/home/rtabares/anaconda3/envs/pyth3.12/lib/python3.12/site-packages/sklearn/neural_network/_multilayer_perceptron.py:691: ConvergenceWarning: Stochastic Optimizer: Maximum iterations (50) reached and the optimization hasn't converged yet.
  warnings.warn(
/data/home/rtabares/anaconda3/envs/pyth3.12/lib/python3.12/site-packages/sklearn/neural_network/_multilayer_perceptron.py:691: ConvergenceWarning: Stochastic Optimizer: Maximum iterations (50) reached and the optimization hasn't converged yet.
  warnings.warn(
[I 2025-05-07 04:24:20,536] Trial 3 finished with value: 0.7 and parameters: {'hidden_layer_sizes': (200,), 'max_iter': 50, 'alpha': 0.0001}. Best is trial 2 with value: 0.75.
/data/home/rtabares/anaconda3/envs/pyth3.12/lib/python3.12/site-packages/sklearn/neural_network/_multilayer_perceptron.py:691: ConvergenceWarning: Stochastic Optimizer: Maximum iterations (100) reached and the optimization hasn't converged yet.
  warnings.warn(
/data/home/rtabares/anaconda3/envs/pyth3.12/lib/python3.12/site-packages/sklearn/neural_network/_multilayer_perceptron.py:691: ConvergenceWarning: Stochastic Optimizer: Maximum iterations (100) reached and the optimization hasn't converged yet.
  warnings.warn(
/data/home/rtabares/anaconda3/envs/pyth3.12/lib/python3.12/site-packages/sklearn/neural_network/_multilayer_perceptron.py:691: ConvergenceWarning: Stochastic Optimizer: Maximum iterations (100) reached and the optimization hasn't converged yet.
  warnings.warn(
/data/home/rtabares/anaconda3/envs/pyth3.12/lib/python3.12/site-packages/sklearn/neural_network/_multilayer_perceptron.py:691: ConvergenceWarning: Stochastic Optimizer: Maximum iterations (100) reached and the optimization hasn't converged yet.
  warnings.warn(
/data/home/rtabares/anaconda3/envs/pyth3.12/lib/python3.12/site-packages/sklearn/neural_network/_multilayer_perceptron.py:691: ConvergenceWarning: Stochastic Optimizer: Maximum iterations (100) reached and the optimization hasn't converged yet.
  warnings.warn(
[I 2025-05-07 04:24:20,603] Trial 4 finished with value: 0.7 and parameters: {'hidden_layer_sizes': (200,), 'max_iter': 100, 'alpha': 0.001}. Best is trial 2 with value: 0.75.
/data/home/rtabares/anaconda3/envs/pyth3.12/lib/python3.12/site-packages/sklearn/neural_network/_multilayer_perceptron.py:691: ConvergenceWarning: Stochastic Optimizer: Maximum iterations (100) reached and the optimization hasn't converged yet.
  warnings.warn(
/data/home/rtabares/anaconda3/envs/pyth3.12/lib/python3.12/site-packages/sklearn/neural_network/_multilayer_perceptron.py:691: ConvergenceWarning: Stochastic Optimizer: Maximum iterations (100) reached and the optimization hasn't converged yet.
  warnings.warn(
/data/home/rtabares/anaconda3/envs/pyth3.12/lib/python3.12/site-packages/sklearn/neural_network/_multilayer_perceptron.py:691: ConvergenceWarning: Stochastic Optimizer: Maximum iterations (100) reached and the optimization hasn't converged yet.
  warnings.warn(
/data/home/rtabares/anaconda3/envs/pyth3.12/lib/python3.12/site-packages/sklearn/neural_network/_multilayer_perceptron.py:691: ConvergenceWarning: Stochastic Optimizer: Maximum iterations (100) reached and the optimization hasn't converged yet.
  warnings.warn(
/data/home/rtabares/anaconda3/envs/pyth3.12/lib/python3.12/site-packages/sklearn/neural_network/_multilayer_perceptron.py:691: ConvergenceWarning: Stochastic Optimizer: Maximum iterations (100) reached and the optimization hasn't converged yet.
  warnings.warn(
[I 2025-05-07 04:24:20,669] Trial 5 finished with value: 0.75 and parameters: {'hidden_layer_sizes': (200,), 'max_iter': 100, 'alpha': 0.0001}. Best is trial 2 with value: 0.75.
/data/home/rtabares/anaconda3/envs/pyth3.12/lib/python3.12/site-packages/sklearn/neural_network/_multilayer_perceptron.py:691: ConvergenceWarning: Stochastic Optimizer: Maximum iterations (100) reached and the optimization hasn't converged yet.
  warnings.warn(
/data/home/rtabares/anaconda3/envs/pyth3.12/lib/python3.12/site-packages/sklearn/neural_network/_multilayer_perceptron.py:691: ConvergenceWarning: Stochastic Optimizer: Maximum iterations (100) reached and the optimization hasn't converged yet.
  warnings.warn(
/data/home/rtabares/anaconda3/envs/pyth3.12/lib/python3.12/site-packages/sklearn/neural_network/_multilayer_perceptron.py:691: ConvergenceWarning: Stochastic Optimizer: Maximum iterations (100) reached and the optimization hasn't converged yet.
  warnings.warn(
/data/home/rtabares/anaconda3/envs/pyth3.12/lib/python3.12/site-packages/sklearn/neural_network/_multilayer_perceptron.py:691: ConvergenceWarning: Stochastic Optimizer: Maximum iterations (100) reached and the optimization hasn't converged yet.
  warnings.warn(
[I 2025-05-07 04:24:20,755] Trial 6 finished with value: 0.7 and parameters: {'hidden_layer_sizes': (100, 100), 'max_iter': 100, 'alpha': 0.001}. Best is trial 2 with value: 0.75.
/data/home/rtabares/anaconda3/envs/pyth3.12/lib/python3.12/site-packages/sklearn/neural_network/_multilayer_perceptron.py:691: ConvergenceWarning: Stochastic Optimizer: Maximum iterations (50) reached and the optimization hasn't converged yet.
  warnings.warn(
/data/home/rtabares/anaconda3/envs/pyth3.12/lib/python3.12/site-packages/sklearn/neural_network/_multilayer_perceptron.py:691: ConvergenceWarning: Stochastic Optimizer: Maximum iterations (50) reached and the optimization hasn't converged yet.
  warnings.warn(
/data/home/rtabares/anaconda3/envs/pyth3.12/lib/python3.12/site-packages/sklearn/neural_network/_multilayer_perceptron.py:691: ConvergenceWarning: Stochastic Optimizer: Maximum iterations (50) reached and the optimization hasn't converged yet.
  warnings.warn(
/data/home/rtabares/anaconda3/envs/pyth3.12/lib/python3.12/site-packages/sklearn/neural_network/_multilayer_perceptron.py:691: ConvergenceWarning: Stochastic Optimizer: Maximum iterations (50) reached and the optimization hasn't converged yet.
  warnings.warn(
/data/home/rtabares/anaconda3/envs/pyth3.12/lib/python3.12/site-packages/sklearn/neural_network/_multilayer_perceptron.py:691: ConvergenceWarning: Stochastic Optimizer: Maximum iterations (50) reached and the optimization hasn't converged yet.
  warnings.warn(
