[I 2025-05-07 04:09:28,912] Trial 8 finished with value: 0.75 and parameters: {'n_estimators': 100, 'max_depth': 20, 'gamma': 0.6251497693480509, 'subsample': 0.9696496759824258, 'colsample_bytree': 0.9717700410079397}. Best is trial 4 with value: 0.8.
/data/home/rtabares/anaconda3/envs/pyth3.12/lib/python3.12/site-packages/xgboost/core.py:377: FutureWarning: Your system has an old version of glibc (< 2.28). We will stop supporting Linux distros with glibc older than 2.28 after **May 31, 2025**. Please upgrade to a recent Linux distro (with glibc >= 2.28) to use future versions of XGBoost.
Note: You have installed the 'manylinux2014' variant of XGBoost. Certain features such as GPU algorithms or federated learning are not available. To use these features, please upgrade to a recent Linux distro with glibc 2.28+, and install the 'manylinux_2_28' variant.
  warnings.warn(
/data/home/rtabares/anaconda3/envs/pyth3.12/lib/python3.12/site-packages/xgboost/core.py:377: FutureWarning: Your system has an old version of glibc (< 2.28). We will stop supporting Linux distros with glibc older than 2.28 after **May 31, 2025**. Please upgrade to a recent Linux distro (with glibc >= 2.28) to use future versions of XGBoost.
Note: You have installed the 'manylinux2014' variant of XGBoost. Certain features such as GPU algorithms or federated learning are not available. To use these features, please upgrade to a recent Linux distro with glibc 2.28+, and install the 'manylinux_2_28' variant.
  warnings.warn(
/data/home/rtabares/anaconda3/envs/pyth3.12/lib/python3.12/site-packages/xgboost/core.py:377: FutureWarning: Your system has an old version of glibc (< 2.28). We will stop supporting Linux distros with glibc older than 2.28 after **May 31, 2025**. Please upgrade to a recent Linux distro (with glibc >= 2.28) to use future versions of XGBoost.
Note: You have installed the 'manylinux2014' variant of XGBoost. Certain features such as GPU algorithms or federated learning are not available. To use these features, please upgrade to a recent Linux distro with glibc 2.28+, and install the 'manylinux_2_28' variant.
  warnings.warn(
[I 2025-05-07 04:09:28,960] Trial 9 finished with value: 0.7 and parameters: {'n_estimators': 40, 'max_depth': 30, 'gamma': 0.9649927737686168, 'subsample': 0.6857563076640036, 'colsample_bytree': 0.5061847058001788}. Best is trial 4 with value: 0.8.
[I 2025-05-07 04:09:29,024] Trial 10 finished with value: 0.7 and parameters: {'n_estimators': 100, 'max_depth': 5, 'gamma': 0.17962098877423716, 'subsample': 0.8389320138640859, 'colsample_bytree': 0.7898330861721071}. Best is trial 4 with value: 0.8.
/data/home/rtabares/anaconda3/envs/pyth3.12/lib/python3.12/site-packages/xgboost/core.py:377: FutureWarning: Your system has an old version of glibc (< 2.28). We will stop supporting Linux distros with glibc older than 2.28 after **May 31, 2025**. Please upgrade to a recent Linux distro (with glibc >= 2.28) to use future versions of XGBoost.
Note: You have installed the 'manylinux2014' variant of XGBoost. Certain features such as GPU algorithms or federated learning are not available. To use these features, please upgrade to a recent Linux distro with glibc 2.28+, and install the 'manylinux_2_28' variant.
  warnings.warn(
[I 2025-05-07 04:09:29,699] Trial 11 finished with value: 0.7 and parameters: {'n_estimators': 40, 'max_depth': 5, 'gamma': 0.4958460306839802, 'subsample': 0.6388052294316233, 'colsample_bytree': 0.5021847705422506}. Best is trial 4 with value: 0.8.
[I 2025-05-07 04:09:29,748] Trial 12 finished with value: 0.75 and parameters: {'n_estimators': 40, 'max_depth': 5, 'gamma': 0.9503293090797886, 'subsample': 0.7964049031761566, 'colsample_bytree': 0.7136404265878388}. Best is trial 4 with value: 0.8.
[I 2025-05-07 04:09:29,796] Trial 13 finished with value: 0.8 and parameters: {'n_estimators': 100, 'max_depth': 5, 'gamma': 0.5028298763343629, 'subsample': 0.9864557349386933, 'colsample_bytree': 0.5637454603515166}. Best is trial 4 with value: 0.8.
/data/home/rtabares/anaconda3/envs/pyth3.12/lib/python3.12/site-packages/xgboost/core.py:377: FutureWarning: Your system has an old version of glibc (< 2.28). We will stop supporting Linux distros with glibc older than 2.28 after **May 31, 2025**. Please upgrade to a recent Linux distro (with glibc >= 2.28) to use future versions of XGBoost.
Note: You have installed the 'manylinux2014' variant of XGBoost. Certain features such as GPU algorithms or federated learning are not available. To use these features, please upgrade to a recent Linux distro with glibc 2.28+, and install the 'manylinux_2_28' variant.
  warnings.warn(
[I 2025-05-07 04:09:30,479] Trial 14 finished with value: 0.7 and parameters: {'n_estimators': 100, 'max_depth': 5, 'gamma': 0.10994622175030377, 'subsample': 0.9983869660807833, 'colsample_bytree': 0.6938635989913244}. Best is trial 4 with value: 0.8.
/data/home/rtabares/anaconda3/envs/pyth3.12/lib/python3.12/site-packages/xgboost/core.py:377: FutureWarning: Your system has an old version of glibc (< 2.28). We will stop supporting Linux distros with glibc older than 2.28 after **May 31, 2025**. Please upgrade to a recent Linux distro (with glibc >= 2.28) to use future versions of XGBoost.
Note: You have installed the 'manylinux2014' variant of XGBoost. Certain features such as GPU algorithms or federated learning are not available. To use these features, please upgrade to a recent Linux distro with glibc 2.28+, and install the 'manylinux_2_28' variant.
  warnings.warn(
/data/home/rtabares/anaconda3/envs/pyth3.12/lib/python3.12/site-packages/xgboost/core.py:377: FutureWarning: Your system has an old version of glibc (< 2.28). We will stop supporting Linux distros with glibc older than 2.28 after **May 31, 2025**. Please upgrade to a recent Linux distro (with glibc >= 2.28) to use future versions of XGBoost.
Note: You have installed the 'manylinux2014' variant of XGBoost. Certain features such as GPU algorithms or federated learning are not available. To use these features, please upgrade to a recent Linux distro with glibc 2.28+, and install the 'manylinux_2_28' variant.
  warnings.warn(
[I 2025-05-07 04:09:31,163] Trial 15 finished with value: 0.65 and parameters: {'n_estimators': 100, 'max_depth': 5, 'gamma': 0.34114936230795434, 'subsample': 0.8951569042295983, 'colsample_bytree': 0.8604557310580807}. Best is trial 4 with value: 0.8.
/data/home/rtabares/anaconda3/envs/pyth3.12/lib/python3.12/site-packages/xgboost/core.py:377: FutureWarning: Your system has an old version of glibc (< 2.28). We will stop supporting Linux distros with glibc older than 2.28 after **May 31, 2025**. Please upgrade to a recent Linux distro (with glibc >= 2.28) to use future versions of XGBoost.
Note: You have installed the 'manylinux2014' variant of XGBoost. Certain features such as GPU algorithms or federated learning are not available. To use these features, please upgrade to a recent Linux distro with glibc 2.28+, and install the 'manylinux_2_28' variant.
  warnings.warn(
[I 2025-05-07 04:09:31,838] Trial 16 finished with value: 0.75 and parameters: {'n_estimators': 100, 'max_depth': 5, 'gamma': 0.669853863600582, 'subsample': 0.9259365210452002, 'colsample_bytree': 0.5869734684259729}. Best is trial 4 with value: 0.8.
[I 2025-05-07 04:09:31,887] Trial 17 finished with value: 0.75 and parameters: {'n_estimators': 100, 'max_depth': 5, 'gamma': 0.42643297153129234, 'subsample': 0.8388789306979516, 'colsample_bytree': 0.616639976003251}. Best is trial 4 with value: 0.8.
[I 2025-05-07 04:09:31,939] Trial 18 finished with value: 0.75 and parameters: {'n_estimators': 100, 'max_depth': 5, 'gamma': 0.8855948128463448, 'subsample': 0.950119765014301, 'colsample_bytree': 0.5536342544489598}. Best is trial 4 with value: 0.8.
[I 2025-05-07 04:09:31,989] Trial 19 finished with value: 0.7 and parameters: {'n_estimators': 100, 'max_depth': 20, 'gamma': 0.25618759884323955, 'subsample': 0.8551761586817276, 'colsample_bytree': 0.8816435409954417}. Best is trial 4 with value: 0.8.
[I 2025-05-07 04:09:32,029] Trial 20 finished with value: 0.75 and parameters: {'n_estimators': 10, 'max_depth': 5, 'gamma': 0.7272771778428742, 'subsample': 0.9698730952579473, 'colsample_bytree': 0.676945940524066}. Best is trial 4 with value: 0.8.
[I 2025-05-07 04:09:32,066] Trial 21 finished with value: 0.7 and parameters: {'n_estimators': 40, 'max_depth': 5, 'gamma': 0.5367467349614824, 'subsample': 0.6144896926147745, 'colsample_bytree': 0.5402036569060795}. Best is trial 4 with value: 0.8.
[I 2025-05-07 04:09:32,116] Trial 22 finished with value: 0.7 and parameters: {'n_estimators': 40, 'max_depth': 5, 'gamma': 0.581363002829638, 'subsample': 0.8705491213867644, 'colsample_bytree': 0.5421758934349306}. Best is trial 4 with value: 0.8.
[I 2025-05-07 04:09:32,157] Trial 23 finished with value: 0.7 and parameters: {'n_estimators': 40, 'max_depth': 5, 'gamma': 0.49834987398805664, 'subsample': 0.7694701757120967, 'colsample_bytree': 0.5043641177115614}. Best is trial 4 with value: 0.8.
[I 2025-05-07 04:09:32,197] Trial 24 finished with value: 0.7 and parameters: {'n_estimators': 100, 'max_depth': 5, 'gamma': 0.4538980173462365, 'subsample': 0.9891907852246411, 'colsample_bytree': 0.6332215754441025}. Best is trial 4 with value: 0.8.
[I 2025-05-07 04:09:32,237] Trial 25 finished with value: 0.7 and parameters: {'n_estimators': 40, 'max_depth': 5, 'gamma': 0.5882211906920883, 'subsample': 0.720521350044536, 'colsample_bytree': 0.5567969341060491}. Best is trial 4 with value: 0.8.
[I 2025-05-07 04:09:32,287] Trial 26 finished with value: 0.7 and parameters: {'n_estimators': 100, 'max_depth': 5, 'gamma': 0.7153855944212536, 'subsample': 0.5691040186921712, 'colsample_bytree': 0.7397022865589227}. Best is trial 4 with value: 0.8.
[I 2025-05-07 04:09:32,335] Trial 27 finished with value: 0.7 and parameters: {'n_estimators': 100, 'max_depth': 5, 'gamma': 0.3521339886062237, 'subsample': 0.8022815027425945, 'colsample_bytree': 0.5746054147893589}. Best is trial 4 with value: 0.8.
[I 2025-05-07 04:09:32,366] Trial 28 finished with value: 0.75 and parameters: {'n_estimators': 10, 'max_depth': 30, 'gamma': 0.5217868889787425, 'subsample': 0.9349240893678711, 'colsample_bytree': 0.5339770643572692}. Best is trial 4 with value: 0.8.
[I 2025-05-07 04:09:32,423] Trial 29 finished with value: 0.7 and parameters: {'n_estimators': 40, 'max_depth': 20, 'gamma': 0.8498194172103222, 'subsample': 0.6366652548900285, 'colsample_bytree': 0.6110939262447053}. Best is trial 4 with value: 0.8.
[I 2025-05-07 04:09:35,421] A new study created in memory with name: rf
Parámetros guardados en checkpoint_shoppers_Doriginal_Roriginal_B/random/IPC_10/best_models_random_seed_5_space_original/xgb_best_params.json


>>> Optuna tuning rf metodo random IPC 10 seed 5


[I 2025-05-07 04:09:37,141] Trial 0 finished with value: 0.5 and parameters: {'n_estimators': 189, 'max_depth': 18, 'min_samples_split': 3, 'min_samples_leaf': 10}. Best is trial 0 with value: 0.5.
[I 2025-05-07 04:09:37,574] Trial 1 finished with value: 0.5 and parameters: {'n_estimators': 295, 'max_depth': 14, 'min_samples_split': 8, 'min_samples_leaf': 6}. Best is trial 0 with value: 0.5.
[I 2025-05-07 04:09:37,864] Trial 2 finished with value: 0.5 and parameters: {'n_estimators': 219, 'max_depth': 6, 'min_samples_split': 2, 'min_samples_leaf': 8}. Best is trial 0 with value: 0.5.
[I 2025-05-07 04:09:38,193] Trial 3 finished with value: 0.7 and parameters: {'n_estimators': 276, 'max_depth': 5, 'min_samples_split': 9, 'min_samples_leaf': 3}. Best is trial 3 with value: 0.7.
[I 2025-05-07 04:09:38,522] Trial 4 finished with value: 0.75 and parameters: {'n_estimators': 266, 'max_depth': 8, 'min_samples_split': 7, 'min_samples_leaf': 6}. Best is trial 4 with value: 0.75.
[I 2025-05-07 04:09:38,931] Trial 5 finished with value: 0.75 and parameters: {'n_estimators': 340, 'max_depth': 7, 'min_samples_split': 4, 'min_samples_leaf': 3}. Best is trial 4 with value: 0.75.
[I 2025-05-07 04:09:39,190] Trial 6 finished with value: 0.5 and parameters: {'n_estimators': 231, 'max_depth': 5, 'min_samples_split': 3, 'min_samples_leaf': 10}. Best is trial 4 with value: 0.75.
[I 2025-05-07 04:09:39,751] Trial 7 finished with value: 0.75 and parameters: {'n_estimators': 485, 'max_depth': 6, 'min_samples_split': 2, 'min_samples_leaf': 3}. Best is trial 4 with value: 0.75.
[I 2025-05-07 04:09:40,182] Trial 8 finished with value: 0.55 and parameters: {'n_estimators': 380, 'max_depth': 17, 'min_samples_split': 2, 'min_samples_leaf': 6}. Best is trial 4 with value: 0.75.
[I 2025-05-07 04:09:40,360] Trial 9 finished with value: 0.5 and parameters: {'n_estimators': 100, 'max_depth': 12, 'min_samples_split': 7, 'min_samples_leaf': 10}. Best is trial 4 with value: 0.75.
[I 2025-05-07 04:09:40,900] Trial 10 finished with value: 0.7 and parameters: {'n_estimators': 446, 'max_depth': 10, 'min_samples_split': 5, 'min_samples_leaf': 5}. Best is trial 4 with value: 0.75.
[I 2025-05-07 04:09:41,921] Trial 11 finished with value: 0.75 and parameters: {'n_estimators': 368, 'max_depth': 9, 'min_samples_split': 6, 'min_samples_leaf': 1}. Best is trial 4 with value: 0.75.
[I 2025-05-07 04:09:43,015] Trial 12 finished with value: 0.8 and parameters: {'n_estimators': 379, 'max_depth': 3, 'min_samples_split': 5, 'min_samples_leaf': 3}. Best is trial 12 with value: 0.8.
[I 2025-05-07 04:09:44,138] Trial 13 finished with value: 0.6 and parameters: {'n_estimators': 406, 'max_depth': 4, 'min_samples_split': 10, 'min_samples_leaf': 5}. Best is trial 12 with value: 0.8.
[I 2025-05-07 04:09:44,534] Trial 14 finished with value: 0.8 and parameters: {'n_estimators': 322, 'max_depth': 3, 'min_samples_split': 6, 'min_samples_leaf': 1}. Best is trial 12 with value: 0.8.
[I 2025-05-07 04:09:44,930] Trial 15 finished with value: 0.8 and parameters: {'n_estimators': 336, 'max_depth': 3, 'min_samples_split': 5, 'min_samples_leaf': 1}. Best is trial 12 with value: 0.8.
[I 2025-05-07 04:09:45,397] Trial 16 finished with value: 0.75 and parameters: {'n_estimators': 435, 'max_depth': 20, 'min_samples_split': 6, 'min_samples_leaf': 2}. Best is trial 12 with value: 0.8.
[I 2025-05-07 04:09:45,804] Trial 17 finished with value: 0.65 and parameters: {'n_estimators': 331, 'max_depth': 3, 'min_samples_split': 5, 'min_samples_leaf': 4}. Best is trial 12 with value: 0.8.
[I 2025-05-07 04:09:46,382] Trial 18 finished with value: 0.7 and parameters: {'n_estimators': 495, 'max_depth': 12, 'min_samples_split': 7, 'min_samples_leaf': 2}. Best is trial 12 with value: 0.8.
[I 2025-05-07 04:09:46,906] Trial 19 finished with value: 0.75 and parameters: {'n_estimators': 409, 'max_depth': 14, 'min_samples_split': 4, 'min_samples_leaf': 1}. Best is trial 12 with value: 0.8.
[I 2025-05-07 04:09:47,139] Trial 20 finished with value: 0.7 and parameters: {'n_estimators': 178, 'max_depth': 10, 'min_samples_split': 8, 'min_samples_leaf': 4}. Best is trial 12 with value: 0.8.
[I 2025-05-07 04:09:47,504] Trial 21 finished with value: 0.8 and parameters: {'n_estimators': 337, 'max_depth': 3, 'min_samples_split': 5, 'min_samples_leaf': 1}. Best is trial 12 with value: 0.8.
[I 2025-05-07 04:09:47,925] Trial 22 finished with value: 0.8 and parameters: {'n_estimators': 310, 'max_depth': 3, 'min_samples_split': 4, 'min_samples_leaf': 2}. Best is trial 12 with value: 0.8.
[I 2025-05-07 04:09:48,374] Trial 23 finished with value: 0.8 and parameters: {'n_estimators': 368, 'max_depth': 5, 'min_samples_split': 6, 'min_samples_leaf': 1}. Best is trial 12 with value: 0.8.
[I 2025-05-07 04:09:48,650] Trial 24 finished with value: 0.75 and parameters: {'n_estimators': 247, 'max_depth': 7, 'min_samples_split': 5, 'min_samples_leaf': 2}. Best is trial 12 with value: 0.8.
[I 2025-05-07 04:09:48,988] Trial 25 finished with value: 0.65 and parameters: {'n_estimators': 312, 'max_depth': 4, 'min_samples_split': 4, 'min_samples_leaf': 4}. Best is trial 12 with value: 0.8.
[I 2025-05-07 04:09:49,418] Trial 26 finished with value: 0.75 and parameters: {'n_estimators': 383, 'max_depth': 3, 'min_samples_split': 6, 'min_samples_leaf': 2}. Best is trial 12 with value: 0.8.
[I 2025-05-07 04:09:49,917] Trial 27 finished with value: 0.7 and parameters: {'n_estimators': 442, 'max_depth': 7, 'min_samples_split': 5, 'min_samples_leaf': 3}. Best is trial 12 with value: 0.8.
[I 2025-05-07 04:09:50,355] Trial 28 finished with value: 0.8 and parameters: {'n_estimators': 349, 'max_depth': 5, 'min_samples_split': 3, 'min_samples_leaf': 1}. Best is trial 12 with value: 0.8.
[I 2025-05-07 04:09:50,621] Trial 29 finished with value: 0.5 and parameters: {'n_estimators': 198, 'max_depth': 16, 'min_samples_split': 3, 'min_samples_leaf': 7}. Best is trial 12 with value: 0.8.
[I 2025-05-07 04:09:53,198] A new study created in memory with name: svc
Parámetros guardados en checkpoint_shoppers_Doriginal_Roriginal_B/random/IPC_10/best_models_random_seed_5_space_original/rf_best_params.json


>>> Optuna tuning svc metodo random IPC 10 seed 5


[I 2025-05-07 04:09:56,001] Trial 0 finished with value: 0.55 and parameters: {'C': 0.07726319876517104, 'gamma': 0.3040389504793042}. Best is trial 0 with value: 0.55.
[I 2025-05-07 04:09:56,157] Trial 1 finished with value: 0.55 and parameters: {'C': 0.06712381339142241, 'gamma': 0.47254549996710477}. Best is trial 0 with value: 0.55.
[I 2025-05-07 04:09:56,175] Trial 2 finished with value: 0.7 and parameters: {'C': 0.8987621100554035, 'gamma': 0.027988231123708972}. Best is trial 2 with value: 0.7.
[I 2025-05-07 04:09:56,190] Trial 3 finished with value: 0.65 and parameters: {'C': 11.5779435007655, 'gamma': 0.011848734045499056}. Best is trial 2 with value: 0.7.
[I 2025-05-07 04:09:56,205] Trial 4 finished with value: 0.6 and parameters: {'C': 0.1538870258903583, 'gamma': 0.0005634883151169033}. Best is trial 2 with value: 0.7.
[I 2025-05-07 04:09:56,218] Trial 5 finished with value: 0.75 and parameters: {'C': 0.021036092656561454, 'gamma': 0.08990030906808326}. Best is trial 5 with value: 0.75.
[I 2025-05-07 04:09:56,232] Trial 6 finished with value: 0.6 and parameters: {'C': 0.5824208201678516, 'gamma': 0.00042977333932534993}. Best is trial 5 with value: 0.75.
[I 2025-05-07 04:09:56,257] Trial 7 finished with value: 0.7 and parameters: {'C': 33.09391330085814, 'gamma': 0.001248377256719358}. Best is trial 5 with value: 0.75.
[I 2025-05-07 04:09:56,272] Trial 8 finished with value: 0.65 and parameters: {'C': 0.45387898639622015, 'gamma': 0.0015286910781809498}. Best is trial 5 with value: 0.75.
[I 2025-05-07 04:09:56,287] Trial 9 finished with value: 0.75 and parameters: {'C': 3.274550070431994, 'gamma': 0.02086177421469992}. Best is trial 5 with value: 0.75.
[I 2025-05-07 04:09:56,312] Trial 10 finished with value: 0.75 and parameters: {'C': 0.010091428365160362, 'gamma': 0.09378936708079469}. Best is trial 5 with value: 0.75.
[I 2025-05-07 04:09:56,971] Trial 11 finished with value: 0.65 and parameters: {'C': 6.48642555359081, 'gamma': 0.05095353264152578}. Best is trial 5 with value: 0.75.
[I 2025-05-07 04:09:56,994] Trial 12 finished with value: 0.75 and parameters: {'C': 4.665578717011328, 'gamma': 0.00517934323895024}. Best is trial 5 with value: 0.75.
[I 2025-05-07 04:09:57,015] Trial 13 finished with value: 0.7 and parameters: {'C': 0.011139715459230738, 'gamma': 0.15971206751256156}. Best is trial 5 with value: 0.75.
[I 2025-05-07 04:09:57,041] Trial 14 finished with value: 0.6 and parameters: {'C': 4.057002510697785, 'gamma': 0.00010410657631139162}. Best is trial 5 with value: 0.75.
[I 2025-05-07 04:09:57,075] Trial 15 finished with value: 0.6 and parameters: {'C': 81.94874069435566, 'gamma': 0.015816792889032042}. Best is trial 5 with value: 0.75.
[I 2025-05-07 04:09:57,099] Trial 16 finished with value: 0.7 and parameters: {'C': 1.7378286203026239, 'gamma': 0.00489842556379855}. Best is trial 5 with value: 0.75.
[I 2025-05-07 04:09:57,740] Trial 17 finished with value: 0.7 and parameters: {'C': 0.18786126795046196, 'gamma': 0.056568353664743956}. Best is trial 5 with value: 0.75.
[I 2025-05-07 04:09:57,776] Trial 18 finished with value: 0.55 and parameters: {'C': 0.03274916451107064, 'gamma': 0.8276988062047583}. Best is trial 5 with value: 0.75.
[I 2025-05-07 04:09:58,448] Trial 19 finished with value: 0.7 and parameters: {'C': 1.6042863583579035, 'gamma': 0.2512720009552026}. Best is trial 5 with value: 0.75.
[I 2025-05-07 04:09:58,471] Trial 20 finished with value: 0.6 and parameters: {'C': 21.036349333625456, 'gamma': 0.03163151983128369}. Best is trial 5 with value: 0.75.
[I 2025-05-07 04:09:59,159] Trial 21 finished with value: 0.75 and parameters: {'C': 0.011071473630469288, 'gamma': 0.0908815380053272}. Best is trial 5 with value: 0.75.
[I 2025-05-07 04:09:59,811] Trial 22 finished with value: 0.75 and parameters: {'C': 0.04687084436934411, 'gamma': 0.10692636347063042}. Best is trial 5 with value: 0.75.
[I 2025-05-07 04:09:59,836] Trial 23 finished with value: 0.75 and parameters: {'C': 0.022030548685290786, 'gamma': 0.025483077309576788}. Best is trial 5 with value: 0.75.
[I 2025-05-07 04:09:59,871] Trial 24 finished with value: 0.75 and parameters: {'C': 0.15683505274535778, 'gamma': 0.00604816570180994}. Best is trial 5 with value: 0.75.
[I 2025-05-07 04:09:59,896] Trial 25 finished with value: 0.75 and parameters: {'C': 0.022244037067899906, 'gamma': 0.06429993931362511}. Best is trial 5 with value: 0.75.
[I 2025-05-07 04:09:59,917] Trial 26 finished with value: 0.7 and parameters: {'C': 0.01057367388766808, 'gamma': 0.17128092239622283}. Best is trial 5 with value: 0.75.
[I 2025-05-07 04:09:59,942] Trial 27 finished with value: 0.55 and parameters: {'C': 0.2772103150032244, 'gamma': 0.4632414467015331}. Best is trial 5 with value: 0.75.
[I 2025-05-07 04:09:59,966] Trial 28 finished with value: 0.75 and parameters: {'C': 2.697931369672022, 'gamma': 0.015343441920010694}. Best is trial 5 with value: 0.75.
