[I 2025-05-07 04:12:13,076] Trial 9 finished with value: 0.7 and parameters: {'n_estimators': 40, 'max_depth': 30, 'gamma': 0.9649927737686168, 'subsample': 0.6857563076640036, 'colsample_bytree': 0.5061847058001788}. Best is trial 4 with value: 0.75.
/data/home/rtabares/anaconda3/envs/pyth3.12/lib/python3.12/site-packages/xgboost/core.py:377: FutureWarning: Your system has an old version of glibc (< 2.28). We will stop supporting Linux distros with glibc older than 2.28 after **May 31, 2025**. Please upgrade to a recent Linux distro (with glibc >= 2.28) to use future versions of XGBoost.
Note: You have installed the 'manylinux2014' variant of XGBoost. Certain features such as GPU algorithms or federated learning are not available. To use these features, please upgrade to a recent Linux distro with glibc 2.28+, and install the 'manylinux_2_28' variant.
  warnings.warn(
/data/home/rtabares/anaconda3/envs/pyth3.12/lib/python3.12/site-packages/xgboost/core.py:377: FutureWarning: Your system has an old version of glibc (< 2.28). We will stop supporting Linux distros with glibc older than 2.28 after **May 31, 2025**. Please upgrade to a recent Linux distro (with glibc >= 2.28) to use future versions of XGBoost.
Note: You have installed the 'manylinux2014' variant of XGBoost. Certain features such as GPU algorithms or federated learning are not available. To use these features, please upgrade to a recent Linux distro with glibc 2.28+, and install the 'manylinux_2_28' variant.
  warnings.warn(
[I 2025-05-07 04:12:13,149] Trial 10 finished with value: 0.55 and parameters: {'n_estimators': 100, 'max_depth': 5, 'gamma': 0.17962098877423716, 'subsample': 0.8389320138640859, 'colsample_bytree': 0.7898330861721071}. Best is trial 4 with value: 0.75.
/data/home/rtabares/anaconda3/envs/pyth3.12/lib/python3.12/site-packages/xgboost/core.py:377: FutureWarning: Your system has an old version of glibc (< 2.28). We will stop supporting Linux distros with glibc older than 2.28 after **May 31, 2025**. Please upgrade to a recent Linux distro (with glibc >= 2.28) to use future versions of XGBoost.
Note: You have installed the 'manylinux2014' variant of XGBoost. Certain features such as GPU algorithms or federated learning are not available. To use these features, please upgrade to a recent Linux distro with glibc 2.28+, and install the 'manylinux_2_28' variant.
  warnings.warn(
/data/home/rtabares/anaconda3/envs/pyth3.12/lib/python3.12/site-packages/xgboost/core.py:377: FutureWarning: Your system has an old version of glibc (< 2.28). We will stop supporting Linux distros with glibc older than 2.28 after **May 31, 2025**. Please upgrade to a recent Linux distro (with glibc >= 2.28) to use future versions of XGBoost.
Note: You have installed the 'manylinux2014' variant of XGBoost. Certain features such as GPU algorithms or federated learning are not available. To use these features, please upgrade to a recent Linux distro with glibc 2.28+, and install the 'manylinux_2_28' variant.
  warnings.warn(
[I 2025-05-07 04:12:13,824] Trial 11 finished with value: 0.75 and parameters: {'n_estimators': 100, 'max_depth': 20, 'gamma': 0.9966856929320722, 'subsample': 0.985354602032104, 'colsample_bytree': 0.9524460889572228}. Best is trial 4 with value: 0.75.
/data/home/rtabares/anaconda3/envs/pyth3.12/lib/python3.12/site-packages/xgboost/core.py:377: FutureWarning: Your system has an old version of glibc (< 2.28). We will stop supporting Linux distros with glibc older than 2.28 after **May 31, 2025**. Please upgrade to a recent Linux distro (with glibc >= 2.28) to use future versions of XGBoost.
Note: You have installed the 'manylinux2014' variant of XGBoost. Certain features such as GPU algorithms or federated learning are not available. To use these features, please upgrade to a recent Linux distro with glibc 2.28+, and install the 'manylinux_2_28' variant.
  warnings.warn(
/data/home/rtabares/anaconda3/envs/pyth3.12/lib/python3.12/site-packages/xgboost/core.py:377: FutureWarning: Your system has an old version of glibc (< 2.28). We will stop supporting Linux distros with glibc older than 2.28 after **May 31, 2025**. Please upgrade to a recent Linux distro (with glibc >= 2.28) to use future versions of XGBoost.
Note: You have installed the 'manylinux2014' variant of XGBoost. Certain features such as GPU algorithms or federated learning are not available. To use these features, please upgrade to a recent Linux distro with glibc 2.28+, and install the 'manylinux_2_28' variant.
  warnings.warn(
/data/home/rtabares/anaconda3/envs/pyth3.12/lib/python3.12/site-packages/xgboost/core.py:377: FutureWarning: Your system has an old version of glibc (< 2.28). We will stop supporting Linux distros with glibc older than 2.28 after **May 31, 2025**. Please upgrade to a recent Linux distro (with glibc >= 2.28) to use future versions of XGBoost.
Note: You have installed the 'manylinux2014' variant of XGBoost. Certain features such as GPU algorithms or federated learning are not available. To use these features, please upgrade to a recent Linux distro with glibc 2.28+, and install the 'manylinux_2_28' variant.
  warnings.warn(
/data/home/rtabares/anaconda3/envs/pyth3.12/lib/python3.12/site-packages/xgboost/core.py:377: FutureWarning: Your system has an old version of glibc (< 2.28). We will stop supporting Linux distros with glibc older than 2.28 after **May 31, 2025**. Please upgrade to a recent Linux distro (with glibc >= 2.28) to use future versions of XGBoost.
Note: You have installed the 'manylinux2014' variant of XGBoost. Certain features such as GPU algorithms or federated learning are not available. To use these features, please upgrade to a recent Linux distro with glibc 2.28+, and install the 'manylinux_2_28' variant.
  warnings.warn(
[I 2025-05-07 04:12:14,540] Trial 12 finished with value: 0.75 and parameters: {'n_estimators': 100, 'max_depth': 5, 'gamma': 0.6593319505543098, 'subsample': 0.888422953240094, 'colsample_bytree': 0.8624460667560139}. Best is trial 4 with value: 0.75.
[I 2025-05-07 04:12:14,594] Trial 13 finished with value: 0.75 and parameters: {'n_estimators': 100, 'max_depth': 20, 'gamma': 0.8729010264676184, 'subsample': 0.8945019068218925, 'colsample_bytree': 0.8877091096947463}. Best is trial 4 with value: 0.75.
[I 2025-05-07 04:12:14,645] Trial 14 finished with value: 0.7 and parameters: {'n_estimators': 100, 'max_depth': 20, 'gamma': 0.6877982579025952, 'subsample': 0.9174713831786365, 'colsample_bytree': 0.7070843666478801}. Best is trial 4 with value: 0.75.
[I 2025-05-07 04:12:14,694] Trial 15 finished with value: 0.65 and parameters: {'n_estimators': 100, 'max_depth': 5, 'gamma': 0.4818316817688257, 'subsample': 0.8303017165389162, 'colsample_bytree': 0.8877937167011871}. Best is trial 4 with value: 0.75.
[I 2025-05-07 04:12:14,742] Trial 16 finished with value: 0.75 and parameters: {'n_estimators': 100, 'max_depth': 20, 'gamma': 0.712367594657266, 'subsample': 0.8114665455225079, 'colsample_bytree': 0.7130873994589939}. Best is trial 4 with value: 0.75.
[I 2025-05-07 04:12:14,790] Trial 17 finished with value: 0.75 and parameters: {'n_estimators': 100, 'max_depth': 5, 'gamma': 0.9086709497947177, 'subsample': 0.9529794491143164, 'colsample_bytree': 0.9950451854067013}. Best is trial 4 with value: 0.75.
[I 2025-05-07 04:12:14,827] Trial 18 finished with value: 0.75 and parameters: {'n_estimators': 40, 'max_depth': 5, 'gamma': 0.5588107769282058, 'subsample': 0.9303018980597262, 'colsample_bytree': 0.8244030320868945}. Best is trial 4 with value: 0.75.
[I 2025-05-07 04:12:14,867] Trial 19 finished with value: 0.8 and parameters: {'n_estimators': 10, 'max_depth': 20, 'gamma': 0.13084650438573164, 'subsample': 0.9960776699700858, 'colsample_bytree': 0.9155406026193251}. Best is trial 19 with value: 0.8.
[I 2025-05-07 04:12:14,908] Trial 20 finished with value: 0.65 and parameters: {'n_estimators': 10, 'max_depth': 20, 'gamma': 0.12810557331129335, 'subsample': 0.6315937737895514, 'colsample_bytree': 0.7150808585085746}. Best is trial 19 with value: 0.8.
[I 2025-05-07 04:12:14,956] Trial 21 finished with value: 0.7 and parameters: {'n_estimators': 10, 'max_depth': 20, 'gamma': 0.29049615005776513, 'subsample': 0.9918789568278695, 'colsample_bytree': 0.9476246588979087}. Best is trial 19 with value: 0.8.
[I 2025-05-07 04:12:14,995] Trial 22 finished with value: 0.75 and parameters: {'n_estimators': 10, 'max_depth': 20, 'gamma': 0.23947182799741812, 'subsample': 0.8705491213867644, 'colsample_bytree': 0.9291630312650188}. Best is trial 19 with value: 0.8.
[I 2025-05-07 04:12:15,034] Trial 23 finished with value: 0.8 and parameters: {'n_estimators': 10, 'max_depth': 20, 'gamma': 0.4249402503979667, 'subsample': 0.9464110926623075, 'colsample_bytree': 0.9084556429949215}. Best is trial 19 with value: 0.8.
[I 2025-05-07 04:12:15,074] Trial 24 finished with value: 0.75 and parameters: {'n_estimators': 10, 'max_depth': 20, 'gamma': 0.42946180732402484, 'subsample': 0.9476660348873446, 'colsample_bytree': 0.8478629091146446}. Best is trial 19 with value: 0.8.
[I 2025-05-07 04:12:15,113] Trial 25 finished with value: 0.8 and parameters: {'n_estimators': 10, 'max_depth': 5, 'gamma': 0.10419992365893271, 'subsample': 0.9954757497807564, 'colsample_bytree': 0.8985361068337054}. Best is trial 19 with value: 0.8.
[I 2025-05-07 04:12:15,153] Trial 26 finished with value: 0.8 and parameters: {'n_estimators': 10, 'max_depth': 20, 'gamma': 0.12034613255468644, 'subsample': 0.9925771864400534, 'colsample_bytree': 0.9125376087284207}. Best is trial 19 with value: 0.8.
[I 2025-05-07 04:12:15,193] Trial 27 finished with value: 0.75 and parameters: {'n_estimators': 10, 'max_depth': 20, 'gamma': 0.22446681341898678, 'subsample': 0.7990946478919629, 'colsample_bytree': 0.7907605271074765}. Best is trial 19 with value: 0.8.
[I 2025-05-07 04:12:15,234] Trial 28 finished with value: 0.75 and parameters: {'n_estimators': 10, 'max_depth': 30, 'gamma': 0.3133995406827549, 'subsample': 0.8638984212305875, 'colsample_bytree': 0.9048953480615302}. Best is trial 19 with value: 0.8.
[I 2025-05-07 04:12:15,272] Trial 29 finished with value: 0.8 and parameters: {'n_estimators': 10, 'max_depth': 5, 'gamma': 0.19032918271705124, 'subsample': 0.9999634410422424, 'colsample_bytree': 0.8412492508319561}. Best is trial 19 with value: 0.8.
[I 2025-05-07 04:12:18,775] A new study created in memory with name: rf
Parámetros guardados en checkpoint_shoppers_Doriginal_Roriginal_B/k_center/IPC_10/best_models_k_center_seed_5_space_original/xgb_best_params.json


>>> Optuna tuning rf metodo k_center IPC 10 seed 5


[I 2025-05-07 04:12:19,919] Trial 0 finished with value: 0.5 and parameters: {'n_estimators': 189, 'max_depth': 18, 'min_samples_split': 3, 'min_samples_leaf': 10}. Best is trial 0 with value: 0.5.
[I 2025-05-07 04:12:20,339] Trial 1 finished with value: 0.6 and parameters: {'n_estimators': 295, 'max_depth': 14, 'min_samples_split': 8, 'min_samples_leaf': 6}. Best is trial 1 with value: 0.6.
[I 2025-05-07 04:12:20,670] Trial 2 finished with value: 0.5 and parameters: {'n_estimators': 219, 'max_depth': 6, 'min_samples_split': 2, 'min_samples_leaf': 8}. Best is trial 1 with value: 0.6.
[I 2025-05-07 04:12:21,000] Trial 3 finished with value: 0.65 and parameters: {'n_estimators': 276, 'max_depth': 5, 'min_samples_split': 9, 'min_samples_leaf': 3}. Best is trial 3 with value: 0.65.
[I 2025-05-07 04:12:21,341] Trial 4 finished with value: 0.65 and parameters: {'n_estimators': 266, 'max_depth': 8, 'min_samples_split': 7, 'min_samples_leaf': 6}. Best is trial 3 with value: 0.65.
[I 2025-05-07 04:12:21,890] Trial 5 finished with value: 0.7 and parameters: {'n_estimators': 340, 'max_depth': 7, 'min_samples_split': 4, 'min_samples_leaf': 3}. Best is trial 5 with value: 0.7.
[I 2025-05-07 04:12:22,295] Trial 6 finished with value: 0.5 and parameters: {'n_estimators': 231, 'max_depth': 5, 'min_samples_split': 3, 'min_samples_leaf': 10}. Best is trial 5 with value: 0.7.
[I 2025-05-07 04:12:22,883] Trial 7 finished with value: 0.7 and parameters: {'n_estimators': 485, 'max_depth': 6, 'min_samples_split': 2, 'min_samples_leaf': 3}. Best is trial 5 with value: 0.7.
[I 2025-05-07 04:12:23,384] Trial 8 finished with value: 0.65 and parameters: {'n_estimators': 380, 'max_depth': 17, 'min_samples_split': 2, 'min_samples_leaf': 6}. Best is trial 5 with value: 0.7.
[I 2025-05-07 04:12:23,542] Trial 9 finished with value: 0.5 and parameters: {'n_estimators': 100, 'max_depth': 12, 'min_samples_split': 7, 'min_samples_leaf': 10}. Best is trial 5 with value: 0.7.
[I 2025-05-07 04:12:24,033] Trial 10 finished with value: 0.65 and parameters: {'n_estimators': 384, 'max_depth': 10, 'min_samples_split': 5, 'min_samples_leaf': 2}. Best is trial 5 with value: 0.7.
[I 2025-05-07 04:12:25,276] Trial 11 finished with value: 0.6 and parameters: {'n_estimators': 498, 'max_depth': 8, 'min_samples_split': 5, 'min_samples_leaf': 4}. Best is trial 5 with value: 0.7.
[I 2025-05-07 04:12:26,488] Trial 12 finished with value: 0.75 and parameters: {'n_estimators': 489, 'max_depth': 3, 'min_samples_split': 4, 'min_samples_leaf': 1}. Best is trial 12 with value: 0.75.
[I 2025-05-07 04:12:27,581] Trial 13 finished with value: 0.7 and parameters: {'n_estimators': 406, 'max_depth': 4, 'min_samples_split': 5, 'min_samples_leaf': 1}. Best is trial 12 with value: 0.75.
[I 2025-05-07 04:12:28,086] Trial 14 finished with value: 0.65 and parameters: {'n_estimators': 435, 'max_depth': 3, 'min_samples_split': 4, 'min_samples_leaf': 1}. Best is trial 12 with value: 0.75.
[I 2025-05-07 04:12:28,501] Trial 15 finished with value: 0.75 and parameters: {'n_estimators': 347, 'max_depth': 8, 'min_samples_split': 4, 'min_samples_leaf': 4}. Best is trial 12 with value: 0.75.
[I 2025-05-07 04:12:29,021] Trial 16 finished with value: 0.6 and parameters: {'n_estimators': 444, 'max_depth': 11, 'min_samples_split': 10, 'min_samples_leaf': 5}. Best is trial 12 with value: 0.75.
[I 2025-05-07 04:12:29,408] Trial 17 finished with value: 0.5 and parameters: {'n_estimators': 344, 'max_depth': 14, 'min_samples_split': 6, 'min_samples_leaf': 8}. Best is trial 12 with value: 0.75.
[I 2025-05-07 04:12:29,631] Trial 18 finished with value: 0.55 and parameters: {'n_estimators': 149, 'max_depth': 3, 'min_samples_split': 4, 'min_samples_leaf': 4}. Best is trial 12 with value: 0.75.
[I 2025-05-07 04:12:29,999] Trial 19 finished with value: 0.65 and parameters: {'n_estimators': 323, 'max_depth': 9, 'min_samples_split': 6, 'min_samples_leaf': 2}. Best is trial 12 with value: 0.75.
[I 2025-05-07 04:12:30,475] Trial 20 finished with value: 0.6 and parameters: {'n_estimators': 447, 'max_depth': 14, 'min_samples_split': 3, 'min_samples_leaf': 1}. Best is trial 12 with value: 0.75.
[I 2025-05-07 04:12:30,853] Trial 21 finished with value: 0.65 and parameters: {'n_estimators': 345, 'max_depth': 7, 'min_samples_split': 4, 'min_samples_leaf': 3}. Best is trial 12 with value: 0.75.
[I 2025-05-07 04:12:31,240] Trial 22 finished with value: 0.65 and parameters: {'n_estimators': 350, 'max_depth': 7, 'min_samples_split': 4, 'min_samples_leaf': 4}. Best is trial 12 with value: 0.75.
[I 2025-05-07 04:12:31,686] Trial 23 finished with value: 0.65 and parameters: {'n_estimators': 411, 'max_depth': 10, 'min_samples_split': 5, 'min_samples_leaf': 2}. Best is trial 12 with value: 0.75.
[I 2025-05-07 04:12:32,023] Trial 24 finished with value: 0.6 and parameters: {'n_estimators': 310, 'max_depth': 20, 'min_samples_split': 3, 'min_samples_leaf': 5}. Best is trial 12 with value: 0.75.
[I 2025-05-07 04:12:32,541] Trial 25 finished with value: 0.7 and parameters: {'n_estimators': 467, 'max_depth': 5, 'min_samples_split': 6, 'min_samples_leaf': 3}. Best is trial 12 with value: 0.75.
[I 2025-05-07 04:12:32,992] Trial 26 finished with value: 0.7 and parameters: {'n_estimators': 374, 'max_depth': 12, 'min_samples_split': 5, 'min_samples_leaf': 2}. Best is trial 12 with value: 0.75.
[I 2025-05-07 04:12:33,329] Trial 27 finished with value: 0.65 and parameters: {'n_estimators': 236, 'max_depth': 3, 'min_samples_split': 4, 'min_samples_leaf': 4}. Best is trial 12 with value: 0.75.
[I 2025-05-07 04:12:33,778] Trial 28 finished with value: 0.7 and parameters: {'n_estimators': 422, 'max_depth': 8, 'min_samples_split': 7, 'min_samples_leaf': 1}. Best is trial 12 with value: 0.75.
[I 2025-05-07 04:12:33,976] Trial 29 finished with value: 0.65 and parameters: {'n_estimators': 163, 'max_depth': 6, 'min_samples_split': 3, 'min_samples_leaf': 5}. Best is trial 12 with value: 0.75.
[I 2025-05-07 04:12:36,867] A new study created in memory with name: svc
Parámetros guardados en checkpoint_shoppers_Doriginal_Roriginal_B/k_center/IPC_10/best_models_k_center_seed_5_space_original/rf_best_params.json


>>> Optuna tuning svc metodo k_center IPC 10 seed 5


[I 2025-05-07 04:12:39,682] Trial 0 finished with value: 0.25 and parameters: {'C': 0.07726319876517104, 'gamma': 0.3040389504793042}. Best is trial 0 with value: 0.25.
[I 2025-05-07 04:12:39,831] Trial 1 finished with value: 0.25 and parameters: {'C': 0.06712381339142241, 'gamma': 0.47254549996710477}. Best is trial 0 with value: 0.25.
[I 2025-05-07 04:12:39,848] Trial 2 finished with value: 0.25 and parameters: {'C': 0.8987621100554035, 'gamma': 0.027988231123708972}. Best is trial 0 with value: 0.25.
[I 2025-05-07 04:12:39,863] Trial 3 finished with value: 0.3 and parameters: {'C': 11.5779435007655, 'gamma': 0.011848734045499056}. Best is trial 3 with value: 0.3.
[I 2025-05-07 04:12:39,877] Trial 4 finished with value: 0.5 and parameters: {'C': 0.1538870258903583, 'gamma': 0.0005634883151169033}. Best is trial 4 with value: 0.5.
[I 2025-05-07 04:12:39,891] Trial 5 finished with value: 0.3 and parameters: {'C': 0.021036092656561454, 'gamma': 0.08990030906808326}. Best is trial 4 with value: 0.5.
[I 2025-05-07 04:12:39,915] Trial 6 finished with value: 0.5 and parameters: {'C': 0.5824208201678516, 'gamma': 0.00042977333932534993}. Best is trial 4 with value: 0.5.
[I 2025-05-07 04:12:39,930] Trial 7 finished with value: 0.35 and parameters: {'C': 33.09391330085814, 'gamma': 0.001248377256719358}. Best is trial 4 with value: 0.5.
[I 2025-05-07 04:12:39,953] Trial 8 finished with value: 0.5 and parameters: {'C': 0.45387898639622015, 'gamma': 0.0015286910781809498}. Best is trial 4 with value: 0.5.
[I 2025-05-07 04:12:39,978] Trial 9 finished with value: 0.3 and parameters: {'C': 3.274550070431994, 'gamma': 0.02086177421469992}. Best is trial 4 with value: 0.5.
[I 2025-05-07 04:12:40,001] Trial 10 finished with value: 0.55 and parameters: {'C': 0.01015031429029542, 'gamma': 0.00010813284331811526}. Best is trial 10 with value: 0.55.
[I 2025-05-07 04:12:40,651] Trial 11 finished with value: 0.55 and parameters: {'C': 0.012423556702801345, 'gamma': 0.00015002301591608206}. Best is trial 10 with value: 0.55.
[I 2025-05-07 04:12:40,675] Trial 12 finished with value: 0.55 and parameters: {'C': 0.010021085351666738, 'gamma': 0.00018532269440152624}. Best is trial 10 with value: 0.55.
[I 2025-05-07 04:12:40,695] Trial 13 finished with value: 0.55 and parameters: {'C': 0.02775436928730861, 'gamma': 0.00014464039961368093}. Best is trial 10 with value: 0.55.
[I 2025-05-07 04:12:40,719] Trial 14 finished with value: 0.5 and parameters: {'C': 0.01065686570781519, 'gamma': 0.003186967478406197}. Best is trial 10 with value: 0.55.
[I 2025-05-07 04:12:40,744] Trial 15 finished with value: 0.55 and parameters: {'C': 0.14611975098134286, 'gamma': 0.0001009282324759116}. Best is trial 10 with value: 0.55.
[I 2025-05-07 04:12:40,768] Trial 16 finished with value: 0.4 and parameters: {'C': 3.061397902021056, 'gamma': 0.0042040774479193115}. Best is trial 10 with value: 0.55.
[I 2025-05-07 04:12:41,398] Trial 17 finished with value: 0.5 and parameters: {'C': 0.03411054297550388, 'gamma': 0.00047296759403983016}. Best is trial 10 with value: 0.55.
[I 2025-05-07 04:12:41,422] Trial 18 finished with value: 0.55 and parameters: {'C': 0.2317882364169278, 'gamma': 0.0003030689915795407}. Best is trial 10 with value: 0.55.
[I 2025-05-07 04:12:42,049] Trial 19 finished with value: 0.4 and parameters: {'C': 78.35065816224729, 'gamma': 0.001852238795714308}. Best is trial 10 with value: 0.55.
[I 2025-05-07 04:12:42,071] Trial 20 finished with value: 0.45 and parameters: {'C': 2.9220311223505036, 'gamma': 0.0007140873791557612}. Best is trial 10 with value: 0.55.
[I 2025-05-07 04:12:42,759] Trial 21 finished with value: 0.55 and parameters: {'C': 0.010650310725254294, 'gamma': 0.00017981751977255912}. Best is trial 10 with value: 0.55.
[I 2025-05-07 04:12:43,390] Trial 22 finished with value: 0.55 and parameters: {'C': 0.049020721102624766, 'gamma': 0.00024867013930554886}. Best is trial 10 with value: 0.55.
[I 2025-05-07 04:12:43,415] Trial 23 finished with value: 0.55 and parameters: {'C': 0.010298580382273556, 'gamma': 0.00012557276334458718}. Best is trial 10 with value: 0.55.
[I 2025-05-07 04:12:43,440] Trial 24 finished with value: 0.55 and parameters: {'C': 0.024380749457604798, 'gamma': 0.00010543149391029655}. Best is trial 10 with value: 0.55.
[I 2025-05-07 04:12:43,463] Trial 25 finished with value: 0.5 and parameters: {'C': 0.01721701128157504, 'gamma': 0.0007684419252251294}. Best is trial 10 with value: 0.55.
[I 2025-05-07 04:12:43,501] Trial 26 finished with value: 0.5 and parameters: {'C': 0.08318957463987786, 'gamma': 0.000316201615415791}. Best is trial 10 with value: 0.55.
[I 2025-05-07 04:12:43,526] Trial 27 finished with value: 0.5 and parameters: {'C': 0.04398118861300725, 'gamma': 0.003628388080680474}. Best is trial 10 with value: 0.55.
[I 2025-05-07 04:12:43,550] Trial 28 finished with value: 0.3 and parameters: {'C': 0.016960645551334422, 'gamma': 0.07137551394367328}. Best is trial 10 with value: 0.55.
