[I 2025-05-07 07:41:31,980] Trial 27 finished with value: 0.8666666666666666 and parameters: {'n_estimators': 100, 'max_depth': 20, 'gamma': 0.788982354902046, 'subsample': 0.5039623421391594, 'colsample_bytree': 0.7075788961138519}. Best is trial 19 with value: 0.8833333333333334.
[I 2025-05-07 07:41:32,032] Trial 28 finished with value: 0.8666666666666666 and parameters: {'n_estimators': 100, 'max_depth': 20, 'gamma': 0.9345854432629032, 'subsample': 0.8000377034000569, 'colsample_bytree': 0.7019812101167349}. Best is trial 19 with value: 0.8833333333333334.
[I 2025-05-07 07:41:32,086] Trial 29 finished with value: 0.85 and parameters: {'n_estimators': 40, 'max_depth': 20, 'gamma': 0.6880939729490934, 'subsample': 0.9916179514456054, 'colsample_bytree': 0.7890583752299938}. Best is trial 19 with value: 0.8833333333333334.
[I 2025-05-07 07:41:33,964] A new study created in memory with name: rf
[I 2025-05-07 07:41:36,980] Trial 0 finished with value: 0.8666666666666666 and parameters: {'n_estimators': 360, 'max_depth': 12, 'min_samples_split': 9, 'min_samples_leaf': 2}. Best is trial 0 with value: 0.8666666666666666.
Parámetros guardados en checkpoint_shoppers_Doriginal_Roriginal_C/random/IPC_30/best_models_random_seed_18_space_original/xgb_best_params.json


>>> Optuna tuning rf metodo random IPC 30 seed 18


[I 2025-05-07 07:41:37,650] Trial 1 finished with value: 0.85 and parameters: {'n_estimators': 441, 'max_depth': 16, 'min_samples_split': 7, 'min_samples_leaf': 10}. Best is trial 0 with value: 0.8666666666666666.
[I 2025-05-07 07:41:37,972] Trial 2 finished with value: 0.85 and parameters: {'n_estimators': 203, 'max_depth': 3, 'min_samples_split': 7, 'min_samples_leaf': 9}. Best is trial 0 with value: 0.8666666666666666.
[I 2025-05-07 07:41:38,431] Trial 3 finished with value: 0.8333333333333334 and parameters: {'n_estimators': 395, 'max_depth': 3, 'min_samples_split': 3, 'min_samples_leaf': 3}. Best is trial 0 with value: 0.8666666666666666.
[I 2025-05-07 07:41:38,823] Trial 4 finished with value: 0.8666666666666666 and parameters: {'n_estimators': 375, 'max_depth': 18, 'min_samples_split': 3, 'min_samples_leaf': 7}. Best is trial 0 with value: 0.8666666666666666.
[I 2025-05-07 07:41:39,316] Trial 5 finished with value: 0.8333333333333334 and parameters: {'n_estimators': 380, 'max_depth': 9, 'min_samples_split': 9, 'min_samples_leaf': 9}. Best is trial 0 with value: 0.8666666666666666.
[I 2025-05-07 07:41:39,608] Trial 6 finished with value: 0.8666666666666668 and parameters: {'n_estimators': 179, 'max_depth': 20, 'min_samples_split': 6, 'min_samples_leaf': 7}. Best is trial 6 with value: 0.8666666666666668.
[I 2025-05-07 07:41:39,908] Trial 7 finished with value: 0.85 and parameters: {'n_estimators': 184, 'max_depth': 17, 'min_samples_split': 4, 'min_samples_leaf': 3}. Best is trial 6 with value: 0.8666666666666668.
[I 2025-05-07 07:41:40,260] Trial 8 finished with value: 0.8666666666666666 and parameters: {'n_estimators': 221, 'max_depth': 17, 'min_samples_split': 6, 'min_samples_leaf': 2}. Best is trial 6 with value: 0.8666666666666668.
[I 2025-05-07 07:41:40,671] Trial 9 finished with value: 0.85 and parameters: {'n_estimators': 386, 'max_depth': 14, 'min_samples_split': 6, 'min_samples_leaf': 6}. Best is trial 6 with value: 0.8666666666666668.
[I 2025-05-07 07:41:40,854] Trial 10 finished with value: 0.8166666666666667 and parameters: {'n_estimators': 105, 'max_depth': 8, 'min_samples_split': 5, 'min_samples_leaf': 5}. Best is trial 6 with value: 0.8666666666666668.
[I 2025-05-07 07:41:41,209] Trial 11 finished with value: 0.8333333333333334 and parameters: {'n_estimators': 293, 'max_depth': 12, 'min_samples_split': 10, 'min_samples_leaf': 1}. Best is trial 6 with value: 0.8666666666666668.
[I 2025-05-07 07:41:42,272] Trial 12 finished with value: 0.85 and parameters: {'n_estimators': 314, 'max_depth': 20, 'min_samples_split': 8, 'min_samples_leaf': 5}. Best is trial 6 with value: 0.8666666666666668.
[I 2025-05-07 07:41:43,496] Trial 13 finished with value: 0.8666666666666666 and parameters: {'n_estimators': 488, 'max_depth': 7, 'min_samples_split': 10, 'min_samples_leaf': 7}. Best is trial 6 with value: 0.8666666666666668.
[I 2025-05-07 07:41:43,871] Trial 14 finished with value: 0.8 and parameters: {'n_estimators': 292, 'max_depth': 12, 'min_samples_split': 8, 'min_samples_leaf': 4}. Best is trial 6 with value: 0.8666666666666668.
[I 2025-05-07 07:41:44,084] Trial 15 finished with value: 0.8333333333333334 and parameters: {'n_estimators': 111, 'max_depth': 20, 'min_samples_split': 5, 'min_samples_leaf': 7}. Best is trial 6 with value: 0.8666666666666668.
[I 2025-05-07 07:41:44,419] Trial 16 finished with value: 0.8333333333333334 and parameters: {'n_estimators': 250, 'max_depth': 14, 'min_samples_split': 8, 'min_samples_leaf': 1}. Best is trial 6 with value: 0.8666666666666668.
[I 2025-05-07 07:41:44,633] Trial 17 finished with value: 0.85 and parameters: {'n_estimators': 148, 'max_depth': 6, 'min_samples_split': 2, 'min_samples_leaf': 8}. Best is trial 6 with value: 0.8666666666666668.
[I 2025-05-07 07:41:45,008] Trial 18 finished with value: 0.8666666666666668 and parameters: {'n_estimators': 324, 'max_depth': 14, 'min_samples_split': 9, 'min_samples_leaf': 6}. Best is trial 6 with value: 0.8666666666666668.
[I 2025-05-07 07:41:45,333] Trial 19 finished with value: 0.8666666666666668 and parameters: {'n_estimators': 262, 'max_depth': 15, 'min_samples_split': 5, 'min_samples_leaf': 6}. Best is trial 6 with value: 0.8666666666666668.
[I 2025-05-07 07:41:45,763] Trial 20 finished with value: 0.8666666666666668 and parameters: {'n_estimators': 333, 'max_depth': 10, 'min_samples_split': 7, 'min_samples_leaf': 4}. Best is trial 6 with value: 0.8666666666666668.
[I 2025-05-07 07:41:46,089] Trial 21 finished with value: 0.8666666666666666 and parameters: {'n_estimators': 250, 'max_depth': 15, 'min_samples_split': 5, 'min_samples_leaf': 6}. Best is trial 6 with value: 0.8666666666666668.
[I 2025-05-07 07:41:46,425] Trial 22 finished with value: 0.8333333333333334 and parameters: {'n_estimators': 257, 'max_depth': 19, 'min_samples_split': 4, 'min_samples_leaf': 8}. Best is trial 6 with value: 0.8666666666666668.
[I 2025-05-07 07:41:46,696] Trial 23 finished with value: 0.7833333333333332 and parameters: {'n_estimators': 184, 'max_depth': 14, 'min_samples_split': 6, 'min_samples_leaf': 6}. Best is trial 6 with value: 0.8666666666666668.
[I 2025-05-07 07:41:46,899] Trial 24 finished with value: 0.8333333333333334 and parameters: {'n_estimators': 153, 'max_depth': 16, 'min_samples_split': 4, 'min_samples_leaf': 8}. Best is trial 6 with value: 0.8666666666666668.
[I 2025-05-07 07:41:47,185] Trial 25 finished with value: 0.8333333333333334 and parameters: {'n_estimators': 229, 'max_depth': 18, 'min_samples_split': 6, 'min_samples_leaf': 5}. Best is trial 6 with value: 0.8666666666666668.
[I 2025-05-07 07:41:47,554] Trial 26 finished with value: 0.8333333333333333 and parameters: {'n_estimators': 336, 'max_depth': 10, 'min_samples_split': 5, 'min_samples_leaf': 7}. Best is trial 6 with value: 0.8666666666666668.
[I 2025-05-07 07:41:47,870] Trial 27 finished with value: 0.8833333333333334 and parameters: {'n_estimators': 276, 'max_depth': 13, 'min_samples_split': 9, 'min_samples_leaf': 4}. Best is trial 27 with value: 0.8833333333333334.
[I 2025-05-07 07:41:48,208] Trial 28 finished with value: 0.8833333333333334 and parameters: {'n_estimators': 283, 'max_depth': 13, 'min_samples_split': 9, 'min_samples_leaf': 4}. Best is trial 27 with value: 0.8833333333333334.
[I 2025-05-07 07:41:48,443] Trial 29 finished with value: 0.85 and parameters: {'n_estimators': 147, 'max_depth': 11, 'min_samples_split': 10, 'min_samples_leaf': 4}. Best is trial 27 with value: 0.8833333333333334.
[I 2025-05-07 07:41:51,551] A new study created in memory with name: svc
Parámetros guardados en checkpoint_shoppers_Doriginal_Roriginal_C/random/IPC_30/best_models_random_seed_18_space_original/rf_best_params.json


>>> Optuna tuning svc metodo random IPC 30 seed 18


[I 2025-05-07 07:41:54,487] Trial 0 finished with value: 0.7833333333333334 and parameters: {'C': 3.994817713831872, 'gamma': 0.01051510212336286}. Best is trial 0 with value: 0.7833333333333334.
[I 2025-05-07 07:41:54,603] Trial 1 finished with value: 0.8 and parameters: {'C': 32.68931978643778, 'gamma': 0.0005337782843935149}. Best is trial 1 with value: 0.8.
[I 2025-05-07 07:41:54,631] Trial 2 finished with value: 0.7 and parameters: {'C': 25.64084153671766, 'gamma': 0.10012560295695827}. Best is trial 1 with value: 0.8.
[I 2025-05-07 07:41:54,656] Trial 3 finished with value: 0.6166666666666668 and parameters: {'C': 4.617497510251015, 'gamma': 0.8945029828089518}. Best is trial 1 with value: 0.8.
[I 2025-05-07 07:41:54,671] Trial 4 finished with value: 0.75 and parameters: {'C': 0.10662859590487696, 'gamma': 0.00012978476081984352}. Best is trial 1 with value: 0.8.
[I 2025-05-07 07:41:54,694] Trial 5 finished with value: 0.7333333333333334 and parameters: {'C': 3.4904101415537787, 'gamma': 0.2450470902430948}. Best is trial 1 with value: 0.8.
[I 2025-05-07 07:41:54,720] Trial 6 finished with value: 0.75 and parameters: {'C': 8.804374361770003, 'gamma': 0.00012112351002029589}. Best is trial 1 with value: 0.8.
[I 2025-05-07 07:41:54,735] Trial 7 finished with value: 0.75 and parameters: {'C': 0.027951976509300862, 'gamma': 0.0015520116160740239}. Best is trial 1 with value: 0.8.
[I 2025-05-07 07:41:54,749] Trial 8 finished with value: 0.7333333333333334 and parameters: {'C': 5.596039423120813, 'gamma': 0.27957879196581986}. Best is trial 1 with value: 0.8.
[I 2025-05-07 07:41:54,764] Trial 9 finished with value: 0.75 and parameters: {'C': 0.062307085461208014, 'gamma': 0.042535948593360254}. Best is trial 1 with value: 0.8.
[I 2025-05-07 07:41:54,786] Trial 10 finished with value: 0.7166666666666666 and parameters: {'C': 97.41648226184857, 'gamma': 0.0010394126932369273}. Best is trial 1 with value: 0.8.
[I 2025-05-07 07:41:55,765] Trial 11 finished with value: 0.7333333333333334 and parameters: {'C': 0.7108063697172843, 'gamma': 0.006223423056598976}. Best is trial 1 with value: 0.8.
[I 2025-05-07 07:41:56,603] Trial 12 finished with value: 0.75 and parameters: {'C': 0.6359135262505198, 'gamma': 0.010030404469894626}. Best is trial 1 with value: 0.8.
[I 2025-05-07 07:41:56,636] Trial 13 finished with value: 0.7166666666666666 and parameters: {'C': 94.52025342579994, 'gamma': 0.001062567040429332}. Best is trial 1 with value: 0.8.
[I 2025-05-07 07:41:56,668] Trial 14 finished with value: 0.6666666666666666 and parameters: {'C': 22.42895914866524, 'gamma': 0.019730394757271043}. Best is trial 1 with value: 0.8.
[I 2025-05-07 07:41:56,693] Trial 15 finished with value: 0.7333333333333332 and parameters: {'C': 1.7774765787204738, 'gamma': 0.0027243153601204427}. Best is trial 1 with value: 0.8.
[I 2025-05-07 07:41:56,724] Trial 16 finished with value: 0.75 and parameters: {'C': 21.500043062737348, 'gamma': 0.00027981521536809184}. Best is trial 1 with value: 0.8.
[I 2025-05-07 07:41:57,508] Trial 17 finished with value: 0.75 and parameters: {'C': 0.4327195161823118, 'gamma': 0.0004002119410908505}. Best is trial 1 with value: 0.8.
[I 2025-05-07 07:41:57,530] Trial 18 finished with value: 0.7500000000000002 and parameters: {'C': 0.2299252116418328, 'gamma': 0.007070797252524919}. Best is trial 1 with value: 0.8.
[I 2025-05-07 07:41:58,756] Trial 19 finished with value: 0.7833333333333334 and parameters: {'C': 1.8364784956654003, 'gamma': 0.029907808536571018}. Best is trial 1 with value: 0.8.
[I 2025-05-07 07:41:59,560] Trial 20 finished with value: 0.75 and parameters: {'C': 39.035610572369954, 'gamma': 0.002841512513684584}. Best is trial 1 with value: 0.8.
[I 2025-05-07 07:41:59,590] Trial 21 finished with value: 0.75 and parameters: {'C': 2.197403898247022, 'gamma': 0.03497640707640486}. Best is trial 1 with value: 0.8.
[I 2025-05-07 07:41:59,610] Trial 22 finished with value: 0.7166666666666666 and parameters: {'C': 11.000169592109799, 'gamma': 0.01787357675649747}. Best is trial 1 with value: 0.8.
[I 2025-05-07 07:41:59,629] Trial 23 finished with value: 0.75 and parameters: {'C': 1.4811765821318106, 'gamma': 0.0708034892462854}. Best is trial 1 with value: 0.8.
[I 2025-05-07 07:41:59,649] Trial 24 finished with value: 0.7833333333333334 and parameters: {'C': 11.4828867159483, 'gamma': 0.003451029557010237}. Best is trial 1 with value: 0.8.
[I 2025-05-07 07:41:59,669] Trial 25 finished with value: 0.6833333333333332 and parameters: {'C': 47.60258250404483, 'gamma': 0.02048107438921223}. Best is trial 1 with value: 0.8.
[I 2025-05-07 07:41:59,688] Trial 26 finished with value: 0.75 and parameters: {'C': 0.3574139538250372, 'gamma': 0.0006004656712641594}. Best is trial 1 with value: 0.8.
[I 2025-05-07 07:41:59,708] Trial 27 finished with value: 0.7666666666666668 and parameters: {'C': 1.1496784568417597, 'gamma': 0.1412560212859952}. Best is trial 1 with value: 0.8.
[I 2025-05-07 07:41:59,728] Trial 28 finished with value: 0.7500000000000002 and parameters: {'C': 0.010425245942049492, 'gamma': 0.009078498658306707}. Best is trial 1 with value: 0.8.
[I 2025-05-07 07:41:59,758] Trial 29 finished with value: 0.7333333333333334 and parameters: {'C': 3.243887403344018, 'gamma': 0.06315453322264541}. Best is trial 1 with value: 0.8.
[I 2025-05-07 07:42:04,409] A new study created in memory with name: logreg
Parámetros guardados en checkpoint_shoppers_Doriginal_Roriginal_C/random/IPC_30/best_models_random_seed_18_space_original/svc_best_params.json


>>> Optuna tuning logreg metodo random IPC 30 seed 18


[I 2025-05-07 07:42:04,935] Trial 0 finished with value: 0.7166666666666666 and parameters: {'C': 1.7859578652707582, 'penalty': 'l2'}. Best is trial 0 with value: 0.7166666666666666.
[I 2025-05-07 07:42:04,962] Trial 1 finished with value: 0.7333333333333332 and parameters: {'C': 0.3367184151854819, 'penalty': 'l2'}. Best is trial 1 with value: 0.7333333333333332.
[I 2025-05-07 07:42:04,988] Trial 2 finished with value: 0.6833333333333333 and parameters: {'C': 24.717660030554516, 'penalty': 'l2'}. Best is trial 1 with value: 0.7333333333333332.
[I 2025-05-07 07:42:05,012] Trial 3 finished with value: 0.8 and parameters: {'C': 0.008113367103892752, 'penalty': 'l2'}. Best is trial 3 with value: 0.8.
[I 2025-05-07 07:42:05,037] Trial 4 finished with value: 0.6666666666666666 and parameters: {'C': 18.24590222958313, 'penalty': 'l2'}. Best is trial 3 with value: 0.8.
[I 2025-05-07 07:42:05,062] Trial 5 finished with value: 0.6833333333333332 and parameters: {'C': 5.632243604306829, 'penalty': 'l2'}. Best is trial 3 with value: 0.8.
[I 2025-05-07 07:42:05,087] Trial 6 finished with value: 0.7166666666666666 and parameters: {'C': 2.1404660182609057, 'penalty': 'l2'}. Best is trial 3 with value: 0.8.
[I 2025-05-07 07:42:05,112] Trial 7 finished with value: 0.6666666666666667 and parameters: {'C': 86.99158450969773, 'penalty': 'l2'}. Best is trial 3 with value: 0.8.
[I 2025-05-07 07:42:05,136] Trial 8 finished with value: 0.8166666666666667 and parameters: {'C': 0.019268242923243892, 'penalty': 'l2'}. Best is trial 8 with value: 0.8166666666666667.
[I 2025-05-07 07:42:05,151] Trial 9 finished with value: 0.8 and parameters: {'C': 0.00138525468092553, 'penalty': 'l2'}. Best is trial 8 with value: 0.8166666666666667.
[I 2025-05-07 07:42:05,169] Trial 10 finished with value: 0.7833333333333334 and parameters: {'C': 0.031952791186541825, 'penalty': 'l2'}. Best is trial 8 with value: 0.8166666666666667.
[I 2025-05-07 07:42:05,794] Trial 11 finished with value: 0.8 and parameters: {'C': 0.008781536185424165, 'penalty': 'l2'}. Best is trial 8 with value: 0.8166666666666667.
[I 2025-05-07 07:42:06,470] Trial 12 finished with value: 0.8 and parameters: {'C': 0.028061594192612446, 'penalty': 'l2'}. Best is trial 8 with value: 0.8166666666666667.
[I 2025-05-07 07:42:06,492] Trial 13 finished with value: 0.8 and parameters: {'C': 0.0016608286531163115, 'penalty': 'l2'}. Best is trial 8 with value: 0.8166666666666667.
[I 2025-05-07 07:42:06,513] Trial 14 finished with value: 0.7666666666666666 and parameters: {'C': 0.08562828600908225, 'penalty': 'l2'}. Best is trial 8 with value: 0.8166666666666667.
[I 2025-05-07 07:42:06,541] Trial 15 finished with value: 0.7833333333333334 and parameters: {'C': 0.006211658983970281, 'penalty': 'l2'}. Best is trial 8 with value: 0.8166666666666667.
[I 2025-05-07 07:42:06,561] Trial 16 finished with value: 0.7666666666666666 and parameters: {'C': 0.1444706738521251, 'penalty': 'l2'}. Best is trial 8 with value: 0.8166666666666667.
[I 2025-05-07 07:42:06,591] Trial 17 finished with value: 0.8 and parameters: {'C': 0.00804412006976435, 'penalty': 'l2'}. Best is trial 8 with value: 0.8166666666666667.
[I 2025-05-07 07:42:06,613] Trial 18 finished with value: 0.8166666666666667 and parameters: {'C': 0.020680681842025258, 'penalty': 'l2'}. Best is trial 8 with value: 0.8166666666666667.
[I 2025-05-07 07:42:06,645] Trial 19 finished with value: 0.7333333333333332 and parameters: {'C': 0.4210037253266127, 'penalty': 'l2'}. Best is trial 8 with value: 0.8166666666666667.
[I 2025-05-07 07:42:06,666] Trial 20 finished with value: 0.7666666666666666 and parameters: {'C': 0.03518880735742217, 'penalty': 'l2'}. Best is trial 8 with value: 0.8166666666666667.
[I 2025-05-07 07:42:06,693] Trial 21 finished with value: 0.8 and parameters: {'C': 0.0038093571588920256, 'penalty': 'l2'}. Best is trial 8 with value: 0.8166666666666667.
[I 2025-05-07 07:42:06,726] Trial 22 finished with value: 0.8166666666666667 and parameters: {'C': 0.020333719779356982, 'penalty': 'l2'}. Best is trial 8 with value: 0.8166666666666667.
[I 2025-05-07 07:42:06,756] Trial 23 finished with value: 0.7666666666666666 and parameters: {'C': 0.0809769826611529, 'penalty': 'l2'}. Best is trial 8 with value: 0.8166666666666667.
[I 2025-05-07 07:42:06,787] Trial 24 finished with value: 0.8166666666666667 and parameters: {'C': 0.02186145306632164, 'penalty': 'l2'}. Best is trial 8 with value: 0.8166666666666667.
[I 2025-05-07 07:42:06,819] Trial 25 finished with value: 0.7666666666666666 and parameters: {'C': 0.19179687274075874, 'penalty': 'l2'}. Best is trial 8 with value: 0.8166666666666667.
[I 2025-05-07 07:42:06,841] Trial 26 finished with value: 0.8 and parameters: {'C': 0.002791262901482015, 'penalty': 'l2'}. Best is trial 8 with value: 0.8166666666666667.
[I 2025-05-07 07:42:06,861] Trial 27 finished with value: 0.8166666666666667 and parameters: {'C': 0.01598222691139931, 'penalty': 'l2'}. Best is trial 8 with value: 0.8166666666666667.
[I 2025-05-07 07:42:06,888] Trial 28 finished with value: 0.7166666666666666 and parameters: {'C': 0.67605543592154, 'penalty': 'l2'}. Best is trial 8 with value: 0.8166666666666667.
[I 2025-05-07 07:42:06,909] Trial 29 finished with value: 0.7666666666666666 and parameters: {'C': 0.06379176613311711, 'penalty': 'l2'}. Best is trial 8 with value: 0.8166666666666667.
[I 2025-05-07 07:42:11,179] A new study created in memory with name: mlp
Parámetros guardados en checkpoint_shoppers_Doriginal_Roriginal_C/random/IPC_30/best_models_random_seed_18_space_original/logreg_best_params.json


>>> Optuna tuning mlp metodo random IPC 30 seed 18


/data/home/rtabares/anaconda3/envs/pyth3.12/lib/python3.12/site-packages/sklearn/neural_network/_multilayer_perceptron.py:691: ConvergenceWarning: Stochastic Optimizer: Maximum iterations (100) reached and the optimization hasn't converged yet.
  warnings.warn(
/data/home/rtabares/anaconda3/envs/pyth3.12/lib/python3.12/site-packages/sklearn/neural_network/_multilayer_perceptron.py:691: ConvergenceWarning: Stochastic Optimizer: Maximum iterations (100) reached and the optimization hasn't converged yet.
  warnings.warn(
/data/home/rtabares/anaconda3/envs/pyth3.12/lib/python3.12/site-packages/sklearn/neural_network/_multilayer_perceptron.py:691: ConvergenceWarning: Stochastic Optimizer: Maximum iterations (100) reached and the optimization hasn't converged yet.
  warnings.warn(
/data/home/rtabares/anaconda3/envs/pyth3.12/lib/python3.12/site-packages/sklearn/neural_network/_multilayer_perceptron.py:691: ConvergenceWarning: Stochastic Optimizer: Maximum iterations (100) reached and the optimization hasn't converged yet.
  warnings.warn(
/data/home/rtabares/anaconda3/envs/pyth3.12/lib/python3.12/site-packages/sklearn/neural_network/_multilayer_perceptron.py:691: ConvergenceWarning: Stochastic Optimizer: Maximum iterations (100) reached and the optimization hasn't converged yet.
  warnings.warn(
