[I 2025-05-07 04:13:06,512] Trial 9 finished with value: 0.95 and parameters: {'n_estimators': 40, 'max_depth': 30, 'gamma': 0.8599846034069103, 'subsample': 0.8019332783535529, 'colsample_bytree': 0.7936068454878676}. Best is trial 0 with value: 0.95.
/data/home/rtabares/anaconda3/envs/pyth3.12/lib/python3.12/site-packages/xgboost/core.py:377: FutureWarning: Your system has an old version of glibc (< 2.28). We will stop supporting Linux distros with glibc older than 2.28 after **May 31, 2025**. Please upgrade to a recent Linux distro (with glibc >= 2.28) to use future versions of XGBoost.
Note: You have installed the 'manylinux2014' variant of XGBoost. Certain features such as GPU algorithms or federated learning are not available. To use these features, please upgrade to a recent Linux distro with glibc 2.28+, and install the 'manylinux_2_28' variant.
  warnings.warn(
/data/home/rtabares/anaconda3/envs/pyth3.12/lib/python3.12/site-packages/xgboost/core.py:377: FutureWarning: Your system has an old version of glibc (< 2.28). We will stop supporting Linux distros with glibc older than 2.28 after **May 31, 2025**. Please upgrade to a recent Linux distro (with glibc >= 2.28) to use future versions of XGBoost.
Note: You have installed the 'manylinux2014' variant of XGBoost. Certain features such as GPU algorithms or federated learning are not available. To use these features, please upgrade to a recent Linux distro with glibc 2.28+, and install the 'manylinux_2_28' variant.
  warnings.warn(
[I 2025-05-07 04:13:06,561] Trial 10 finished with value: 0.95 and parameters: {'n_estimators': 10, 'max_depth': 5, 'gamma': 0.11132541504315885, 'subsample': 0.6518824205184826, 'colsample_bytree': 0.5222467176724002}. Best is trial 0 with value: 0.95.
/data/home/rtabares/anaconda3/envs/pyth3.12/lib/python3.12/site-packages/xgboost/core.py:377: FutureWarning: Your system has an old version of glibc (< 2.28). We will stop supporting Linux distros with glibc older than 2.28 after **May 31, 2025**. Please upgrade to a recent Linux distro (with glibc >= 2.28) to use future versions of XGBoost.
Note: You have installed the 'manylinux2014' variant of XGBoost. Certain features such as GPU algorithms or federated learning are not available. To use these features, please upgrade to a recent Linux distro with glibc 2.28+, and install the 'manylinux_2_28' variant.
  warnings.warn(
/data/home/rtabares/anaconda3/envs/pyth3.12/lib/python3.12/site-packages/xgboost/core.py:377: FutureWarning: Your system has an old version of glibc (< 2.28). We will stop supporting Linux distros with glibc older than 2.28 after **May 31, 2025**. Please upgrade to a recent Linux distro (with glibc >= 2.28) to use future versions of XGBoost.
Note: You have installed the 'manylinux2014' variant of XGBoost. Certain features such as GPU algorithms or federated learning are not available. To use these features, please upgrade to a recent Linux distro with glibc 2.28+, and install the 'manylinux_2_28' variant.
  warnings.warn(
[I 2025-05-07 04:13:07,258] Trial 11 finished with value: 0.95 and parameters: {'n_estimators': 100, 'max_depth': 30, 'gamma': 0.9681903397412062, 'subsample': 0.8909531909241379, 'colsample_bytree': 0.6608770902048942}. Best is trial 0 with value: 0.95.
[I 2025-05-07 04:13:07,307] Trial 12 finished with value: 0.95 and parameters: {'n_estimators': 100, 'max_depth': 30, 'gamma': 0.5299926855017165, 'subsample': 0.6848009387186493, 'colsample_bytree': 0.651791846963555}. Best is trial 0 with value: 0.95.
[I 2025-05-07 04:13:07,358] Trial 13 finished with value: 0.95 and parameters: {'n_estimators': 100, 'max_depth': 5, 'gamma': 0.626711129198294, 'subsample': 0.7001853800090055, 'colsample_bytree': 0.712752570473077}. Best is trial 0 with value: 0.95.
/data/home/rtabares/anaconda3/envs/pyth3.12/lib/python3.12/site-packages/xgboost/core.py:377: FutureWarning: Your system has an old version of glibc (< 2.28). We will stop supporting Linux distros with glibc older than 2.28 after **May 31, 2025**. Please upgrade to a recent Linux distro (with glibc >= 2.28) to use future versions of XGBoost.
Note: You have installed the 'manylinux2014' variant of XGBoost. Certain features such as GPU algorithms or federated learning are not available. To use these features, please upgrade to a recent Linux distro with glibc 2.28+, and install the 'manylinux_2_28' variant.
  warnings.warn(
/data/home/rtabares/anaconda3/envs/pyth3.12/lib/python3.12/site-packages/xgboost/core.py:377: FutureWarning: Your system has an old version of glibc (< 2.28). We will stop supporting Linux distros with glibc older than 2.28 after **May 31, 2025**. Please upgrade to a recent Linux distro (with glibc >= 2.28) to use future versions of XGBoost.
Note: You have installed the 'manylinux2014' variant of XGBoost. Certain features such as GPU algorithms or federated learning are not available. To use these features, please upgrade to a recent Linux distro with glibc 2.28+, and install the 'manylinux_2_28' variant.
  warnings.warn(
[I 2025-05-07 04:13:08,063] Trial 14 finished with value: 0.95 and parameters: {'n_estimators': 100, 'max_depth': 30, 'gamma': 0.4000023985818805, 'subsample': 0.8940181087620663, 'colsample_bytree': 0.596389989619073}. Best is trial 0 with value: 0.95.
/data/home/rtabares/anaconda3/envs/pyth3.12/lib/python3.12/site-packages/xgboost/core.py:377: FutureWarning: Your system has an old version of glibc (< 2.28). We will stop supporting Linux distros with glibc older than 2.28 after **May 31, 2025**. Please upgrade to a recent Linux distro (with glibc >= 2.28) to use future versions of XGBoost.
Note: You have installed the 'manylinux2014' variant of XGBoost. Certain features such as GPU algorithms or federated learning are not available. To use these features, please upgrade to a recent Linux distro with glibc 2.28+, and install the 'manylinux_2_28' variant.
  warnings.warn(
[I 2025-05-07 04:13:08,727] Trial 15 finished with value: 0.85 and parameters: {'n_estimators': 10, 'max_depth': 30, 'gamma': 0.8361750979473885, 'subsample': 0.5052985200248541, 'colsample_bytree': 0.9888939439492501}. Best is trial 0 with value: 0.95.
/data/home/rtabares/anaconda3/envs/pyth3.12/lib/python3.12/site-packages/xgboost/core.py:377: FutureWarning: Your system has an old version of glibc (< 2.28). We will stop supporting Linux distros with glibc older than 2.28 after **May 31, 2025**. Please upgrade to a recent Linux distro (with glibc >= 2.28) to use future versions of XGBoost.
Note: You have installed the 'manylinux2014' variant of XGBoost. Certain features such as GPU algorithms or federated learning are not available. To use these features, please upgrade to a recent Linux distro with glibc 2.28+, and install the 'manylinux_2_28' variant.
  warnings.warn(
[I 2025-05-07 04:13:09,422] Trial 16 finished with value: 0.95 and parameters: {'n_estimators': 10, 'max_depth': 5, 'gamma': 0.991314742891843, 'subsample': 0.8787287422282001, 'colsample_bytree': 0.7917736739504313}. Best is trial 0 with value: 0.95.
[I 2025-05-07 04:13:09,481] Trial 17 finished with value: 0.95 and parameters: {'n_estimators': 100, 'max_depth': 30, 'gamma': 0.5818209581005225, 'subsample': 0.7369637418182623, 'colsample_bytree': 0.5064839807832304}. Best is trial 0 with value: 0.95.
[I 2025-05-07 04:13:09,529] Trial 18 finished with value: 0.95 and parameters: {'n_estimators': 100, 'max_depth': 30, 'gamma': 0.25368366843950607, 'subsample': 0.9349024637789001, 'colsample_bytree': 0.6735042672265268}. Best is trial 0 with value: 0.95.
[I 2025-05-07 04:13:09,580] Trial 19 finished with value: 0.95 and parameters: {'n_estimators': 10, 'max_depth': 30, 'gamma': 0.7930613875242585, 'subsample': 0.6342385505944843, 'colsample_bytree': 0.7858104741672305}. Best is trial 0 with value: 0.95.
[I 2025-05-07 04:13:09,618] Trial 20 finished with value: 0.95 and parameters: {'n_estimators': 100, 'max_depth': 5, 'gamma': 0.6397877373108088, 'subsample': 0.7313679690001857, 'colsample_bytree': 0.5848642489980329}. Best is trial 0 with value: 0.95.
[I 2025-05-07 04:13:09,655] Trial 21 finished with value: 0.95 and parameters: {'n_estimators': 10, 'max_depth': 20, 'gamma': 0.7690811247027735, 'subsample': 0.7800195833881419, 'colsample_bytree': 0.6030862483626268}. Best is trial 0 with value: 0.95.
[I 2025-05-07 04:13:09,696] Trial 22 finished with value: 0.95 and parameters: {'n_estimators': 10, 'max_depth': 20, 'gamma': 0.5116035986306421, 'subsample': 0.8354262785070001, 'colsample_bytree': 0.5516591717675228}. Best is trial 0 with value: 0.95.
[I 2025-05-07 04:13:09,736] Trial 23 finished with value: 0.95 and parameters: {'n_estimators': 10, 'max_depth': 20, 'gamma': 0.9045285750179193, 'subsample': 0.9344021068516876, 'colsample_bytree': 0.6862749161754073}. Best is trial 0 with value: 0.95.
[I 2025-05-07 04:13:09,778] Trial 24 finished with value: 0.95 and parameters: {'n_estimators': 10, 'max_depth': 30, 'gamma': 0.6877453009733242, 'subsample': 0.7490674693549982, 'colsample_bytree': 0.5649751610154615}. Best is trial 0 with value: 0.95.
[I 2025-05-07 04:13:09,816] Trial 25 finished with value: 0.95 and parameters: {'n_estimators': 10, 'max_depth': 20, 'gamma': 0.7798197551781508, 'subsample': 0.8487825922342104, 'colsample_bytree': 0.6322894661279336}. Best is trial 0 with value: 0.95.
[I 2025-05-07 04:13:09,857] Trial 26 finished with value: 0.95 and parameters: {'n_estimators': 10, 'max_depth': 30, 'gamma': 0.4450679259218169, 'subsample': 0.7687845598212872, 'colsample_bytree': 0.6957485573604266}. Best is trial 0 with value: 0.95.
[I 2025-05-07 04:13:09,896] Trial 27 finished with value: 0.95 and parameters: {'n_estimators': 10, 'max_depth': 30, 'gamma': 0.5881334220928116, 'subsample': 0.6935440331517346, 'colsample_bytree': 0.7552801880410026}. Best is trial 0 with value: 0.95.
[I 2025-05-07 04:13:09,937] Trial 28 finished with value: 0.95 and parameters: {'n_estimators': 40, 'max_depth': 5, 'gamma': 0.9449231636634244, 'subsample': 0.9389509016319153, 'colsample_bytree': 0.5393349364245235}. Best is trial 0 with value: 0.95.
[I 2025-05-07 04:13:09,986] Trial 29 finished with value: 0.95 and parameters: {'n_estimators': 100, 'max_depth': 20, 'gamma': 0.6694224841587507, 'subsample': 0.6316552057778516, 'colsample_bytree': 0.8398260418743217}. Best is trial 0 with value: 0.95.
[I 2025-05-07 04:13:13,648] A new study created in memory with name: rf
Parámetros guardados en checkpoint_shoppers_Doriginal_Roriginal_B/random/IPC_10/best_models_random_seed_6_space_original/xgb_best_params.json


>>> Optuna tuning rf metodo random IPC 10 seed 6


[I 2025-05-07 04:13:14,752] Trial 0 finished with value: 0.9 and parameters: {'n_estimators': 458, 'max_depth': 8, 'min_samples_split': 9, 'min_samples_leaf': 1}. Best is trial 0 with value: 0.9.
[I 2025-05-07 04:13:14,954] Trial 1 finished with value: 0.85 and parameters: {'n_estimators': 143, 'max_depth': 13, 'min_samples_split': 6, 'min_samples_leaf': 5}. Best is trial 0 with value: 0.9.
[I 2025-05-07 04:13:15,255] Trial 2 finished with value: 0.5 and parameters: {'n_estimators': 234, 'max_depth': 14, 'min_samples_split': 5, 'min_samples_leaf': 8}. Best is trial 0 with value: 0.9.
[I 2025-05-07 04:13:15,649] Trial 3 finished with value: 0.5 and parameters: {'n_estimators': 307, 'max_depth': 13, 'min_samples_split': 7, 'min_samples_leaf': 10}. Best is trial 0 with value: 0.9.
[I 2025-05-07 04:13:16,258] Trial 4 finished with value: 0.5 and parameters: {'n_estimators': 428, 'max_depth': 10, 'min_samples_split': 9, 'min_samples_leaf': 9}. Best is trial 0 with value: 0.9.
[I 2025-05-07 04:13:16,487] Trial 5 finished with value: 0.5 and parameters: {'n_estimators': 121, 'max_depth': 15, 'min_samples_split': 9, 'min_samples_leaf': 8}. Best is trial 0 with value: 0.9.
[I 2025-05-07 04:13:16,918] Trial 6 finished with value: 0.5 and parameters: {'n_estimators': 384, 'max_depth': 12, 'min_samples_split': 3, 'min_samples_leaf': 10}. Best is trial 0 with value: 0.9.
[I 2025-05-07 04:13:17,250] Trial 7 finished with value: 0.5 and parameters: {'n_estimators': 261, 'max_depth': 6, 'min_samples_split': 8, 'min_samples_leaf': 10}. Best is trial 0 with value: 0.9.
[I 2025-05-07 04:13:17,531] Trial 8 finished with value: 0.5 and parameters: {'n_estimators': 202, 'max_depth': 15, 'min_samples_split': 7, 'min_samples_leaf': 8}. Best is trial 0 with value: 0.9.
[I 2025-05-07 04:13:18,104] Trial 9 finished with value: 0.9 and parameters: {'n_estimators': 475, 'max_depth': 9, 'min_samples_split': 4, 'min_samples_leaf': 5}. Best is trial 0 with value: 0.9.
[I 2025-05-07 04:13:18,539] Trial 10 finished with value: 0.9 and parameters: {'n_estimators': 352, 'max_depth': 20, 'min_samples_split': 10, 'min_samples_leaf': 1}. Best is trial 0 with value: 0.9.
[I 2025-05-07 04:13:19,732] Trial 11 finished with value: 0.9 and parameters: {'n_estimators': 487, 'max_depth': 5, 'min_samples_split': 3, 'min_samples_leaf': 1}. Best is trial 0 with value: 0.9.
[I 2025-05-07 04:13:20,912] Trial 12 finished with value: 0.9 and parameters: {'n_estimators': 492, 'max_depth': 8, 'min_samples_split': 4, 'min_samples_leaf': 4}. Best is trial 0 with value: 0.9.
[I 2025-05-07 04:13:21,359] Trial 13 finished with value: 0.9 and parameters: {'n_estimators': 422, 'max_depth': 3, 'min_samples_split': 5, 'min_samples_leaf': 3}. Best is trial 0 with value: 0.9.
[I 2025-05-07 04:13:22,451] Trial 14 finished with value: 0.9 and parameters: {'n_estimators': 432, 'max_depth': 9, 'min_samples_split': 2, 'min_samples_leaf': 6}. Best is trial 0 with value: 0.9.
[I 2025-05-07 04:13:22,816] Trial 15 finished with value: 0.9 and parameters: {'n_estimators': 341, 'max_depth': 7, 'min_samples_split': 5, 'min_samples_leaf': 3}. Best is trial 0 with value: 0.9.
[I 2025-05-07 04:13:23,336] Trial 16 finished with value: 0.85 and parameters: {'n_estimators': 498, 'max_depth': 18, 'min_samples_split': 10, 'min_samples_leaf': 6}. Best is trial 0 with value: 0.9.
[I 2025-05-07 04:13:23,853] Trial 17 finished with value: 0.9 and parameters: {'n_estimators': 453, 'max_depth': 11, 'min_samples_split': 7, 'min_samples_leaf': 2}. Best is trial 0 with value: 0.9.
[I 2025-05-07 04:13:24,318] Trial 18 finished with value: 0.85 and parameters: {'n_estimators': 385, 'max_depth': 4, 'min_samples_split': 2, 'min_samples_leaf': 5}. Best is trial 0 with value: 0.9.
[I 2025-05-07 04:13:24,736] Trial 19 finished with value: 0.9 and parameters: {'n_estimators': 385, 'max_depth': 8, 'min_samples_split': 4, 'min_samples_leaf': 3}. Best is trial 0 with value: 0.9.
[I 2025-05-07 04:13:25,222] Trial 20 finished with value: 0.9 and parameters: {'n_estimators': 460, 'max_depth': 10, 'min_samples_split': 6, 'min_samples_leaf': 2}. Best is trial 0 with value: 0.9.
[I 2025-05-07 04:13:25,639] Trial 21 finished with value: 0.9 and parameters: {'n_estimators': 338, 'max_depth': 20, 'min_samples_split': 10, 'min_samples_leaf': 1}. Best is trial 0 with value: 0.9.
[I 2025-05-07 04:13:26,057] Trial 22 finished with value: 0.9 and parameters: {'n_estimators': 344, 'max_depth': 17, 'min_samples_split': 9, 'min_samples_leaf': 1}. Best is trial 0 with value: 0.9.
[I 2025-05-07 04:13:26,513] Trial 23 finished with value: 0.9 and parameters: {'n_estimators': 397, 'max_depth': 20, 'min_samples_split': 10, 'min_samples_leaf': 2}. Best is trial 0 with value: 0.9.
[I 2025-05-07 04:13:27,073] Trial 24 finished with value: 0.9 and parameters: {'n_estimators': 471, 'max_depth': 6, 'min_samples_split': 8, 'min_samples_leaf': 4}. Best is trial 0 with value: 0.9.
[I 2025-05-07 04:13:27,459] Trial 25 finished with value: 0.5 and parameters: {'n_estimators': 300, 'max_depth': 9, 'min_samples_split': 8, 'min_samples_leaf': 7}. Best is trial 0 with value: 0.9.
[I 2025-05-07 04:13:27,938] Trial 26 finished with value: 0.9 and parameters: {'n_estimators': 416, 'max_depth': 18, 'min_samples_split': 9, 'min_samples_leaf': 4}. Best is trial 0 with value: 0.9.
[I 2025-05-07 04:13:28,376] Trial 27 finished with value: 0.9 and parameters: {'n_estimators': 361, 'max_depth': 11, 'min_samples_split': 10, 'min_samples_leaf': 2}. Best is trial 0 with value: 0.9.
[I 2025-05-07 04:13:28,894] Trial 28 finished with value: 0.9 and parameters: {'n_estimators': 454, 'max_depth': 7, 'min_samples_split': 4, 'min_samples_leaf': 1}. Best is trial 0 with value: 0.9.
[I 2025-05-07 04:13:29,100] Trial 29 finished with value: 0.8 and parameters: {'n_estimators': 178, 'max_depth': 16, 'min_samples_split': 6, 'min_samples_leaf': 5}. Best is trial 0 with value: 0.9.
[I 2025-05-07 04:13:33,422] A new study created in memory with name: svc
Parámetros guardados en checkpoint_shoppers_Doriginal_Roriginal_B/random/IPC_10/best_models_random_seed_6_space_original/rf_best_params.json


>>> Optuna tuning svc metodo random IPC 10 seed 6


[I 2025-05-07 04:13:34,714] Trial 0 finished with value: 0.9 and parameters: {'C': 37.27697013499731, 'gamma': 0.0021277432488243223}. Best is trial 0 with value: 0.9.
[I 2025-05-07 04:13:34,774] Trial 1 finished with value: 0.85 and parameters: {'C': 19.271543171162776, 'gamma': 0.00014682043379470554}. Best is trial 0 with value: 0.9.
[I 2025-05-07 04:13:34,802] Trial 2 finished with value: 0.9 and parameters: {'C': 0.0269542169583157, 'gamma': 0.023999835049635022}. Best is trial 0 with value: 0.9.
[I 2025-05-07 04:13:34,817] Trial 3 finished with value: 0.9 and parameters: {'C': 1.3160410886450586, 'gamma': 0.0047340159215720195}. Best is trial 0 with value: 0.9.
[I 2025-05-07 04:13:34,831] Trial 4 finished with value: 0.85 and parameters: {'C': 0.21959952535674737, 'gamma': 0.030908485742507576}. Best is trial 0 with value: 0.9.
[I 2025-05-07 04:13:34,846] Trial 5 finished with value: 0.85 and parameters: {'C': 0.5656733313644114, 'gamma': 0.08780685564625502}. Best is trial 0 with value: 0.9.
[I 2025-05-07 04:13:34,860] Trial 6 finished with value: 0.85 and parameters: {'C': 1.1807165425157664, 'gamma': 0.020674470756231633}. Best is trial 0 with value: 0.9.
[I 2025-05-07 04:13:34,874] Trial 7 finished with value: 0.75 and parameters: {'C': 3.8143486186647126, 'gamma': 0.9138966502602072}. Best is trial 0 with value: 0.9.
[I 2025-05-07 04:13:34,898] Trial 8 finished with value: 0.9 and parameters: {'C': 19.029737066374768, 'gamma': 0.004495766421289856}. Best is trial 0 with value: 0.9.
[I 2025-05-07 04:13:34,913] Trial 9 finished with value: 0.9 and parameters: {'C': 31.994153257994277, 'gamma': 0.19725941020937518}. Best is trial 0 with value: 0.9.
[I 2025-05-07 04:13:34,935] Trial 10 finished with value: 0.9 and parameters: {'C': 96.80643961619926, 'gamma': 0.0004009308447180715}. Best is trial 0 with value: 0.9.
[I 2025-05-07 04:13:35,596] Trial 11 finished with value: 0.85 and parameters: {'C': 0.011228847352323114, 'gamma': 0.0008063163057189356}. Best is trial 0 with value: 0.9.
[I 2025-05-07 04:13:36,346] Trial 12 finished with value: 0.85 and parameters: {'C': 0.032705856709105564, 'gamma': 0.0019269415635597936}. Best is trial 0 with value: 0.9.
[I 2025-05-07 04:13:36,370] Trial 13 finished with value: 0.85 and parameters: {'C': 0.0859760005644056, 'gamma': 0.012999792142910782}. Best is trial 0 with value: 0.9.
[I 2025-05-07 04:13:36,391] Trial 14 finished with value: 0.9 and parameters: {'C': 4.766567011486023, 'gamma': 0.07128246520664146}. Best is trial 0 with value: 0.9.
[I 2025-05-07 04:13:36,412] Trial 15 finished with value: 0.85 and parameters: {'C': 0.10730172197940546, 'gamma': 0.002169256223375446}. Best is trial 0 with value: 0.9.
[I 2025-05-07 04:13:36,433] Trial 16 finished with value: 0.85 and parameters: {'C': 0.0119576348113261, 'gamma': 0.007461835074160413}. Best is trial 0 with value: 0.9.
[I 2025-05-07 04:13:36,454] Trial 17 finished with value: 0.85 and parameters: {'C': 4.680698864492174, 'gamma': 0.0006946400605439815}. Best is trial 0 with value: 0.9.
[I 2025-05-07 04:13:36,478] Trial 18 finished with value: 0.7 and parameters: {'C': 0.28907344345699765, 'gamma': 0.4864576056882972}. Best is trial 0 with value: 0.9.
[I 2025-05-07 04:13:36,500] Trial 19 finished with value: 0.85 and parameters: {'C': 0.04607580740402569, 'gamma': 0.0488796531466637}. Best is trial 0 with value: 0.9.
[I 2025-05-07 04:13:36,525] Trial 20 finished with value: 0.85 and parameters: {'C': 66.81612534904068, 'gamma': 0.00010742557762883696}. Best is trial 0 with value: 0.9.
[I 2025-05-07 04:13:36,547] Trial 21 finished with value: 0.85 and parameters: {'C': 0.6417065723307508, 'gamma': 0.002983524797615492}. Best is trial 0 with value: 0.9.
[I 2025-05-07 04:13:37,186] Trial 22 finished with value: 0.85 and parameters: {'C': 2.2287597633222336, 'gamma': 0.008477164479699909}. Best is trial 0 with value: 0.9.
[I 2025-05-07 04:13:37,210] Trial 23 finished with value: 0.9 and parameters: {'C': 10.724303365796558, 'gamma': 0.0013257269197266793}. Best is trial 0 with value: 0.9.
[I 2025-05-07 04:13:37,231] Trial 24 finished with value: 0.75 and parameters: {'C': 1.6126050916926058, 'gamma': 0.00646803769975114}. Best is trial 0 with value: 0.9.
[I 2025-05-07 04:13:37,253] Trial 25 finished with value: 0.9 and parameters: {'C': 9.116060942285706, 'gamma': 0.016693432917063836}. Best is trial 0 with value: 0.9.
[I 2025-05-07 04:13:37,278] Trial 26 finished with value: 0.85 and parameters: {'C': 0.33810950572871523, 'gamma': 0.0002527706705291386}. Best is trial 0 with value: 0.9.
[I 2025-05-07 04:13:37,300] Trial 27 finished with value: 0.9 and parameters: {'C': 0.0217653217044859, 'gamma': 0.004544661649702258}. Best is trial 0 with value: 0.9.
[I 2025-05-07 04:13:37,325] Trial 28 finished with value: 0.9 and parameters: {'C': 43.76463915149985, 'gamma': 0.2029356709494973}. Best is trial 0 with value: 0.9.
[I 2025-05-07 04:13:37,347] Trial 29 finished with value: 0.85 and parameters: {'C': 0.12695707092986355, 'gamma': 0.0011550855533151326}. Best is trial 0 with value: 0.9.
[I 2025-05-07 04:13:39,170] A new study created in memory with name: logreg
