[I 2025-05-04 17:25:05,304] Trial 19 finished with value: 0.6 and parameters: {'n_estimators': 233, 'max_depth': 3, 'min_samples_split': 6, 'min_samples_leaf': 5}. Best is trial 10 with value: 0.7.
/data/home/rtabares/anaconda3/envs/pyth3.12/lib/python3.12/site-packages/sklearn/metrics/_classification.py:2524: UserWarning: y_pred contains classes not in y_true
  warnings.warn("y_pred contains classes not in y_true")
[I 2025-05-04 17:25:05,528] Trial 20 finished with value: 0.4 and parameters: {'n_estimators': 159, 'max_depth': 11, 'min_samples_split': 8, 'min_samples_leaf': 2}. Best is trial 10 with value: 0.7.
/data/home/rtabares/anaconda3/envs/pyth3.12/lib/python3.12/site-packages/sklearn/metrics/_classification.py:407: UserWarning: A single label was found in 'y_true' and 'y_pred'. For the confusion matrix to have the correct shape, use the 'labels' parameter to pass all known labels.
  warnings.warn(
[I 2025-05-04 17:25:05,833] Trial 21 finished with value: 0.6 and parameters: {'n_estimators': 261, 'max_depth': 12, 'min_samples_split': 5, 'min_samples_leaf': 5}. Best is trial 10 with value: 0.7.
/data/home/rtabares/anaconda3/envs/pyth3.12/lib/python3.12/site-packages/sklearn/metrics/_classification.py:2524: UserWarning: y_pred contains classes not in y_true
  warnings.warn("y_pred contains classes not in y_true")
[I 2025-05-04 17:25:06,097] Trial 22 finished with value: 0.3 and parameters: {'n_estimators': 181, 'max_depth': 8, 'min_samples_split': 3, 'min_samples_leaf': 3}. Best is trial 10 with value: 0.7.
/data/home/rtabares/anaconda3/envs/pyth3.12/lib/python3.12/site-packages/sklearn/metrics/_classification.py:407: UserWarning: A single label was found in 'y_true' and 'y_pred'. For the confusion matrix to have the correct shape, use the 'labels' parameter to pass all known labels.
  warnings.warn(
[I 2025-05-04 17:25:06,434] Trial 23 finished with value: 0.6 and parameters: {'n_estimators': 285, 'max_depth': 5, 'min_samples_split': 5, 'min_samples_leaf': 10}. Best is trial 10 with value: 0.7.
/data/home/rtabares/anaconda3/envs/pyth3.12/lib/python3.12/site-packages/sklearn/metrics/_classification.py:2524: UserWarning: y_pred contains classes not in y_true
  warnings.warn("y_pred contains classes not in y_true")
[I 2025-05-04 17:25:06,706] Trial 24 finished with value: 0.5 and parameters: {'n_estimators': 236, 'max_depth': 5, 'min_samples_split': 4, 'min_samples_leaf': 2}. Best is trial 10 with value: 0.7.
/data/home/rtabares/anaconda3/envs/pyth3.12/lib/python3.12/site-packages/sklearn/metrics/_classification.py:2524: UserWarning: y_pred contains classes not in y_true
  warnings.warn("y_pred contains classes not in y_true")
[I 2025-05-04 17:25:06,840] Trial 25 finished with value: 0.4 and parameters: {'n_estimators': 103, 'max_depth': 12, 'min_samples_split': 3, 'min_samples_leaf': 5}. Best is trial 10 with value: 0.7.
/data/home/rtabares/anaconda3/envs/pyth3.12/lib/python3.12/site-packages/sklearn/metrics/_classification.py:2524: UserWarning: y_pred contains classes not in y_true
  warnings.warn("y_pred contains classes not in y_true")
[I 2025-05-04 17:25:07,268] Trial 26 finished with value: 0.5 and parameters: {'n_estimators': 363, 'max_depth': 20, 'min_samples_split': 5, 'min_samples_leaf': 3}. Best is trial 10 with value: 0.7.
/data/home/rtabares/anaconda3/envs/pyth3.12/lib/python3.12/site-packages/sklearn/metrics/_classification.py:407: UserWarning: A single label was found in 'y_true' and 'y_pred'. For the confusion matrix to have the correct shape, use the 'labels' parameter to pass all known labels.
  warnings.warn(
[I 2025-05-04 17:25:07,554] Trial 27 finished with value: 0.6 and parameters: {'n_estimators': 259, 'max_depth': 17, 'min_samples_split': 6, 'min_samples_leaf': 9}. Best is trial 10 with value: 0.7.
/data/home/rtabares/anaconda3/envs/pyth3.12/lib/python3.12/site-packages/sklearn/metrics/_classification.py:2524: UserWarning: y_pred contains classes not in y_true
  warnings.warn("y_pred contains classes not in y_true")
[I 2025-05-04 17:25:08,063] Trial 28 finished with value: 0.4 and parameters: {'n_estimators': 438, 'max_depth': 4, 'min_samples_split': 6, 'min_samples_leaf': 4}. Best is trial 10 with value: 0.7.
/data/home/rtabares/anaconda3/envs/pyth3.12/lib/python3.12/site-packages/sklearn/metrics/_classification.py:407: UserWarning: A single label was found in 'y_true' and 'y_pred'. For the confusion matrix to have the correct shape, use the 'labels' parameter to pass all known labels.
  warnings.warn(
[I 2025-05-04 17:25:08,309] Trial 29 finished with value: 0.6 and parameters: {'n_estimators': 169, 'max_depth': 15, 'min_samples_split': 7, 'min_samples_leaf': 6}. Best is trial 10 with value: 0.7.
[I 2025-05-04 17:25:10,569] A new study created in memory with name: svc
/data/home/rtabares/anaconda3/envs/pyth3.12/lib/python3.12/site-packages/sklearn/metrics/_classification.py:407: UserWarning: A single label was found in 'y_true' and 'y_pred'. For the confusion matrix to have the correct shape, use the 'labels' parameter to pass all known labels.
  warnings.warn(
[I 2025-05-04 17:25:10,582] Trial 0 finished with value: 0.6 and parameters: {'C': 1.5676677195506077, 'gamma': 0.07257005721594278}. Best is trial 0 with value: 0.6.
Parámetros guardados en checkpoint_shoppers_Doriginal_Roriginal/craig/best_models_craig_seed_0/rf_best_params.json


>>> Optuna tuning svc


/data/home/rtabares/anaconda3/envs/pyth3.12/lib/python3.12/site-packages/sklearn/metrics/_classification.py:407: UserWarning: A single label was found in 'y_true' and 'y_pred'. For the confusion matrix to have the correct shape, use the 'labels' parameter to pass all known labels.
  warnings.warn(
[I 2025-05-04 17:25:13,293] Trial 1 finished with value: 0.9 and parameters: {'C': 2.57663857461359, 'gamma': 0.01511933646764101}. Best is trial 1 with value: 0.9.
/data/home/rtabares/anaconda3/envs/pyth3.12/lib/python3.12/site-packages/sklearn/metrics/_classification.py:407: UserWarning: A single label was found in 'y_true' and 'y_pred'. For the confusion matrix to have the correct shape, use the 'labels' parameter to pass all known labels.
  warnings.warn(
[I 2025-05-04 17:25:13,594] Trial 2 finished with value: 0.6 and parameters: {'C': 0.49501595537331966, 'gamma': 0.03833332156156663}. Best is trial 1 with value: 0.9.
/data/home/rtabares/anaconda3/envs/pyth3.12/lib/python3.12/site-packages/sklearn/metrics/_classification.py:407: UserWarning: A single label was found in 'y_true' and 'y_pred'. For the confusion matrix to have the correct shape, use the 'labels' parameter to pass all known labels.
  warnings.warn(
[I 2025-05-04 17:25:13,609] Trial 3 finished with value: 0.6 and parameters: {'C': 0.5627932047415171, 'gamma': 0.36905577292137587}. Best is trial 1 with value: 0.9.
/data/home/rtabares/anaconda3/envs/pyth3.12/lib/python3.12/site-packages/sklearn/metrics/_classification.py:407: UserWarning: A single label was found in 'y_true' and 'y_pred'. For the confusion matrix to have the correct shape, use the 'labels' parameter to pass all known labels.
  warnings.warn(
[I 2025-05-04 17:25:13,623] Trial 4 finished with value: 0.9 and parameters: {'C': 71.55682161754872, 'gamma': 0.0034179529120610124}. Best is trial 1 with value: 0.9.
/data/home/rtabares/anaconda3/envs/pyth3.12/lib/python3.12/site-packages/sklearn/metrics/_classification.py:407: UserWarning: A single label was found in 'y_true' and 'y_pred'. For the confusion matrix to have the correct shape, use the 'labels' parameter to pass all known labels.
  warnings.warn(
[I 2025-05-04 17:25:13,636] Trial 5 finished with value: 0.9 and parameters: {'C': 14.68588598920087, 'gamma': 0.013049073550362394}. Best is trial 1 with value: 0.9.
/data/home/rtabares/anaconda3/envs/pyth3.12/lib/python3.12/site-packages/sklearn/metrics/_classification.py:407: UserWarning: A single label was found in 'y_true' and 'y_pred'. For the confusion matrix to have the correct shape, use the 'labels' parameter to pass all known labels.
  warnings.warn(
[I 2025-05-04 17:25:13,650] Trial 6 finished with value: 0.6 and parameters: {'C': 1.871450068624068, 'gamma': 0.503948959867121}. Best is trial 1 with value: 0.9.
/data/home/rtabares/anaconda3/envs/pyth3.12/lib/python3.12/site-packages/sklearn/metrics/_classification.py:407: UserWarning: A single label was found in 'y_true' and 'y_pred'. For the confusion matrix to have the correct shape, use the 'labels' parameter to pass all known labels.
  warnings.warn(
[I 2025-05-04 17:25:13,664] Trial 7 finished with value: 0.6 and parameters: {'C': 0.0192373050965465, 'gamma': 0.00022310905607443037}. Best is trial 1 with value: 0.9.
/data/home/rtabares/anaconda3/envs/pyth3.12/lib/python3.12/site-packages/sklearn/metrics/_classification.py:407: UserWarning: A single label was found in 'y_true' and 'y_pred'. For the confusion matrix to have the correct shape, use the 'labels' parameter to pass all known labels.
  warnings.warn(
[I 2025-05-04 17:25:13,677] Trial 8 finished with value: 0.6 and parameters: {'C': 0.012046852412030323, 'gamma': 0.2140323314098606}. Best is trial 1 with value: 0.9.
/data/home/rtabares/anaconda3/envs/pyth3.12/lib/python3.12/site-packages/sklearn/metrics/_classification.py:407: UserWarning: A single label was found in 'y_true' and 'y_pred'. For the confusion matrix to have the correct shape, use the 'labels' parameter to pass all known labels.
  warnings.warn(
[I 2025-05-04 17:25:13,691] Trial 9 finished with value: 0.6 and parameters: {'C': 12.960656597279739, 'gamma': 0.3020289640158664}. Best is trial 1 with value: 0.9.
/data/home/rtabares/anaconda3/envs/pyth3.12/lib/python3.12/site-packages/sklearn/metrics/_classification.py:407: UserWarning: A single label was found in 'y_true' and 'y_pred'. For the confusion matrix to have the correct shape, use the 'labels' parameter to pass all known labels.
  warnings.warn(
[I 2025-05-04 17:25:13,715] Trial 10 finished with value: 0.6 and parameters: {'C': 0.2253293004027043, 'gamma': 0.0014453557297830738}. Best is trial 1 with value: 0.9.
/data/home/rtabares/anaconda3/envs/pyth3.12/lib/python3.12/site-packages/sklearn/metrics/_classification.py:407: UserWarning: A single label was found in 'y_true' and 'y_pred'. For the confusion matrix to have the correct shape, use the 'labels' parameter to pass all known labels.
  warnings.warn(
[I 2025-05-04 17:25:13,735] Trial 11 finished with value: 0.9 and parameters: {'C': 64.73110838099895, 'gamma': 0.002992764643229054}. Best is trial 1 with value: 0.9.
/data/home/rtabares/anaconda3/envs/pyth3.12/lib/python3.12/site-packages/sklearn/metrics/_classification.py:407: UserWarning: A single label was found in 'y_true' and 'y_pred'. For the confusion matrix to have the correct shape, use the 'labels' parameter to pass all known labels.
  warnings.warn(
[I 2025-05-04 17:25:14,430] Trial 12 finished with value: 0.9 and parameters: {'C': 62.67878593618876, 'gamma': 0.003716012988683667}. Best is trial 1 with value: 0.9.
/data/home/rtabares/anaconda3/envs/pyth3.12/lib/python3.12/site-packages/sklearn/metrics/_classification.py:407: UserWarning: A single label was found in 'y_true' and 'y_pred'. For the confusion matrix to have the correct shape, use the 'labels' parameter to pass all known labels.
  warnings.warn(
[I 2025-05-04 17:25:14,455] Trial 13 finished with value: 0.8 and parameters: {'C': 8.593887243148714, 'gamma': 0.0009298293467191782}. Best is trial 1 with value: 0.9.
/data/home/rtabares/anaconda3/envs/pyth3.12/lib/python3.12/site-packages/sklearn/metrics/_classification.py:407: UserWarning: A single label was found in 'y_true' and 'y_pred'. For the confusion matrix to have the correct shape, use the 'labels' parameter to pass all known labels.
  warnings.warn(
[I 2025-05-04 17:25:15,092] Trial 14 finished with value: 0.6 and parameters: {'C': 0.08761372221435054, 'gamma': 0.015312037181582899}. Best is trial 1 with value: 0.9.
/data/home/rtabares/anaconda3/envs/pyth3.12/lib/python3.12/site-packages/sklearn/metrics/_classification.py:407: UserWarning: A single label was found in 'y_true' and 'y_pred'. For the confusion matrix to have the correct shape, use the 'labels' parameter to pass all known labels.
  warnings.warn(
[I 2025-05-04 17:25:15,117] Trial 15 finished with value: 0.6 and parameters: {'C': 4.554786832478524, 'gamma': 0.0003054359838006441}. Best is trial 1 with value: 0.9.
/data/home/rtabares/anaconda3/envs/pyth3.12/lib/python3.12/site-packages/sklearn/metrics/_classification.py:407: UserWarning: A single label was found in 'y_true' and 'y_pred'. For the confusion matrix to have the correct shape, use the 'labels' parameter to pass all known labels.
  warnings.warn(
[I 2025-05-04 17:25:15,139] Trial 16 finished with value: 0.8 and parameters: {'C': 99.27946948569365, 'gamma': 0.045814844072681854}. Best is trial 1 with value: 0.9.
/data/home/rtabares/anaconda3/envs/pyth3.12/lib/python3.12/site-packages/sklearn/metrics/_classification.py:407: UserWarning: A single label was found in 'y_true' and 'y_pred'. For the confusion matrix to have the correct shape, use the 'labels' parameter to pass all known labels.
  warnings.warn(
[I 2025-05-04 17:25:15,160] Trial 17 finished with value: 0.9 and parameters: {'C': 37.49037330238133, 'gamma': 0.0056417640933553986}. Best is trial 1 with value: 0.9.
/data/home/rtabares/anaconda3/envs/pyth3.12/lib/python3.12/site-packages/sklearn/metrics/_classification.py:407: UserWarning: A single label was found in 'y_true' and 'y_pred'. For the confusion matrix to have the correct shape, use the 'labels' parameter to pass all known labels.
  warnings.warn(
[I 2025-05-04 17:25:15,808] Trial 18 finished with value: 0.5 and parameters: {'C': 4.093131800504732, 'gamma': 0.0005933770302948174}. Best is trial 1 with value: 0.9.
/data/home/rtabares/anaconda3/envs/pyth3.12/lib/python3.12/site-packages/sklearn/metrics/_classification.py:407: UserWarning: A single label was found in 'y_true' and 'y_pred'. For the confusion matrix to have the correct shape, use the 'labels' parameter to pass all known labels.
  warnings.warn(
[I 2025-05-04 17:25:15,832] Trial 19 finished with value: 0.6 and parameters: {'C': 0.07544014664338816, 'gamma': 0.016132894698734856}. Best is trial 1 with value: 0.9.
/data/home/rtabares/anaconda3/envs/pyth3.12/lib/python3.12/site-packages/sklearn/metrics/_classification.py:407: UserWarning: A single label was found in 'y_true' and 'y_pred'. For the confusion matrix to have the correct shape, use the 'labels' parameter to pass all known labels.
  warnings.warn(
[I 2025-05-04 17:25:15,852] Trial 20 finished with value: 0.6 and parameters: {'C': 26.820315369792755, 'gamma': 0.07597931937072043}. Best is trial 1 with value: 0.9.
/data/home/rtabares/anaconda3/envs/pyth3.12/lib/python3.12/site-packages/sklearn/metrics/_classification.py:407: UserWarning: A single label was found in 'y_true' and 'y_pred'. For the confusion matrix to have the correct shape, use the 'labels' parameter to pass all known labels.
  warnings.warn(
[I 2025-05-04 17:25:15,873] Trial 21 finished with value: 0.9 and parameters: {'C': 16.371690121733433, 'gamma': 0.009028990005636542}. Best is trial 1 with value: 0.9.
/data/home/rtabares/anaconda3/envs/pyth3.12/lib/python3.12/site-packages/sklearn/metrics/_classification.py:407: UserWarning: A single label was found in 'y_true' and 'y_pred'. For the confusion matrix to have the correct shape, use the 'labels' parameter to pass all known labels.
  warnings.warn(
[I 2025-05-04 17:25:16,515] Trial 22 finished with value: 0.9 and parameters: {'C': 5.226061366197421, 'gamma': 0.0019846631779717786}. Best is trial 1 with value: 0.9.
/data/home/rtabares/anaconda3/envs/pyth3.12/lib/python3.12/site-packages/sklearn/metrics/_classification.py:407: UserWarning: A single label was found in 'y_true' and 'y_pred'. For the confusion matrix to have the correct shape, use the 'labels' parameter to pass all known labels.
  warnings.warn(
[I 2025-05-04 17:25:16,541] Trial 23 finished with value: 0.8 and parameters: {'C': 25.43878669599455, 'gamma': 0.02189837764057967}. Best is trial 1 with value: 0.9.
/data/home/rtabares/anaconda3/envs/pyth3.12/lib/python3.12/site-packages/sklearn/metrics/_classification.py:407: UserWarning: A single label was found in 'y_true' and 'y_pred'. For the confusion matrix to have the correct shape, use the 'labels' parameter to pass all known labels.
  warnings.warn(
[I 2025-05-04 17:25:16,562] Trial 24 finished with value: 0.9 and parameters: {'C': 2.8587940398656957, 'gamma': 0.009213898130684024}. Best is trial 1 with value: 0.9.
/data/home/rtabares/anaconda3/envs/pyth3.12/lib/python3.12/site-packages/sklearn/metrics/_classification.py:407: UserWarning: A single label was found in 'y_true' and 'y_pred'. For the confusion matrix to have the correct shape, use the 'labels' parameter to pass all known labels.
  warnings.warn(
[I 2025-05-04 17:25:17,202] Trial 25 finished with value: 0.6 and parameters: {'C': 8.244145608629648, 'gamma': 0.1341797980568321}. Best is trial 1 with value: 0.9.
/data/home/rtabares/anaconda3/envs/pyth3.12/lib/python3.12/site-packages/sklearn/metrics/_classification.py:407: UserWarning: A single label was found in 'y_true' and 'y_pred'. For the confusion matrix to have the correct shape, use the 'labels' parameter to pass all known labels.
  warnings.warn(
[I 2025-05-04 17:25:17,229] Trial 26 finished with value: 0.9 and parameters: {'C': 15.666316031167803, 'gamma': 0.005167345102806107}. Best is trial 1 with value: 0.9.
/data/home/rtabares/anaconda3/envs/pyth3.12/lib/python3.12/site-packages/sklearn/metrics/_classification.py:407: UserWarning: A single label was found in 'y_true' and 'y_pred'. For the confusion matrix to have the correct shape, use the 'labels' parameter to pass all known labels.
  warnings.warn(
[I 2025-05-04 17:25:17,251] Trial 27 finished with value: 0.5 and parameters: {'C': 43.28404877893703, 'gamma': 0.00010378236697772809}. Best is trial 1 with value: 0.9.
/data/home/rtabares/anaconda3/envs/pyth3.12/lib/python3.12/site-packages/sklearn/metrics/_classification.py:407: UserWarning: A single label was found in 'y_true' and 'y_pred'. For the confusion matrix to have the correct shape, use the 'labels' parameter to pass all known labels.
  warnings.warn(
[I 2025-05-04 17:25:17,273] Trial 28 finished with value: 0.6 and parameters: {'C': 0.9916688777748662, 'gamma': 0.8967381549523696}. Best is trial 1 with value: 0.9.
/data/home/rtabares/anaconda3/envs/pyth3.12/lib/python3.12/site-packages/sklearn/metrics/_classification.py:407: UserWarning: A single label was found in 'y_true' and 'y_pred'. For the confusion matrix to have the correct shape, use the 'labels' parameter to pass all known labels.
  warnings.warn(
[I 2025-05-04 17:25:17,295] Trial 29 finished with value: 0.8 and parameters: {'C': 1.9896519827914376, 'gamma': 0.030658507254728316}. Best is trial 1 with value: 0.9.
[I 2025-05-04 17:25:19,169] A new study created in memory with name: logreg
/data/home/rtabares/anaconda3/envs/pyth3.12/lib/python3.12/site-packages/sklearn/metrics/_classification.py:407: UserWarning: A single label was found in 'y_true' and 'y_pred'. For the confusion matrix to have the correct shape, use the 'labels' parameter to pass all known labels.
  warnings.warn(
[I 2025-05-04 17:25:19,727] Trial 0 finished with value: 0.7 and parameters: {'C': 0.5547119471592125, 'penalty': 'l2'}. Best is trial 0 with value: 0.7.
Parámetros guardados en checkpoint_shoppers_Doriginal_Roriginal/craig/best_models_craig_seed_0/svc_best_params.json


>>> Optuna tuning logreg


/data/home/rtabares/anaconda3/envs/pyth3.12/lib/python3.12/site-packages/sklearn/metrics/_classification.py:407: UserWarning: A single label was found in 'y_true' and 'y_pred'. For the confusion matrix to have the correct shape, use the 'labels' parameter to pass all known labels.
  warnings.warn(
[I 2025-05-04 17:25:22,003] Trial 1 finished with value: 0.7 and parameters: {'C': 3.7665768415992953, 'penalty': 'l2'}. Best is trial 0 with value: 0.7.
/data/home/rtabares/anaconda3/envs/pyth3.12/lib/python3.12/site-packages/sklearn/metrics/_classification.py:407: UserWarning: A single label was found in 'y_true' and 'y_pred'. For the confusion matrix to have the correct shape, use the 'labels' parameter to pass all known labels.
  warnings.warn(
[I 2025-05-04 17:25:22,229] Trial 2 finished with value: 0.7 and parameters: {'C': 1.032326035197657, 'penalty': 'l2'}. Best is trial 0 with value: 0.7.
/data/home/rtabares/anaconda3/envs/pyth3.12/lib/python3.12/site-packages/sklearn/metrics/_classification.py:407: UserWarning: A single label was found in 'y_true' and 'y_pred'. For the confusion matrix to have the correct shape, use the 'labels' parameter to pass all known labels.
  warnings.warn(
[I 2025-05-04 17:25:22,257] Trial 3 finished with value: 0.7 and parameters: {'C': 0.530170934757683, 'penalty': 'l2'}. Best is trial 0 with value: 0.7.
/data/home/rtabares/anaconda3/envs/pyth3.12/lib/python3.12/site-packages/sklearn/metrics/_classification.py:407: UserWarning: A single label was found in 'y_true' and 'y_pred'. For the confusion matrix to have the correct shape, use the 'labels' parameter to pass all known labels.
  warnings.warn(
[I 2025-05-04 17:25:22,283] Trial 4 finished with value: 0.7 and parameters: {'C': 0.13130280280658593, 'penalty': 'l2'}. Best is trial 0 with value: 0.7.
/data/home/rtabares/anaconda3/envs/pyth3.12/lib/python3.12/site-packages/sklearn/metrics/_classification.py:407: UserWarning: A single label was found in 'y_true' and 'y_pred'. For the confusion matrix to have the correct shape, use the 'labels' parameter to pass all known labels.
  warnings.warn(
