[I 2025-05-04 17:27:52,000] Trial 15 finished with value: 0.6 and parameters: {'n_estimators': 213, 'max_depth': 7, 'min_samples_split': 7, 'min_samples_leaf': 3}. Best is trial 3 with value: 0.7.
[I 2025-05-04 17:27:52,925] Trial 16 finished with value: 0.6 and parameters: {'n_estimators': 368, 'max_depth': 20, 'min_samples_split': 3, 'min_samples_leaf': 4}. Best is trial 3 with value: 0.7.
[I 2025-05-04 17:27:53,713] Trial 17 finished with value: 0.55 and parameters: {'n_estimators': 447, 'max_depth': 6, 'min_samples_split': 3, 'min_samples_leaf': 1}. Best is trial 3 with value: 0.7.
[I 2025-05-04 17:27:54,227] Trial 18 finished with value: 0.6 and parameters: {'n_estimators': 435, 'max_depth': 12, 'min_samples_split': 5, 'min_samples_leaf': 2}. Best is trial 3 with value: 0.7.
[I 2025-05-04 17:27:54,619] Trial 19 finished with value: 0.65 and parameters: {'n_estimators': 352, 'max_depth': 3, 'min_samples_split': 2, 'min_samples_leaf': 4}. Best is trial 3 with value: 0.7.
[I 2025-05-04 17:27:54,920] Trial 20 finished with value: 0.55 and parameters: {'n_estimators': 231, 'max_depth': 11, 'min_samples_split': 5, 'min_samples_leaf': 2}. Best is trial 3 with value: 0.7.
[I 2025-05-04 17:27:55,481] Trial 21 finished with value: 0.55 and parameters: {'n_estimators': 493, 'max_depth': 9, 'min_samples_split': 8, 'min_samples_leaf': 5}. Best is trial 3 with value: 0.7.
[I 2025-05-04 17:27:56,000] Trial 22 finished with value: 0.65 and parameters: {'n_estimators': 458, 'max_depth': 6, 'min_samples_split': 10, 'min_samples_leaf': 6}. Best is trial 3 with value: 0.7.
[I 2025-05-04 17:27:56,531] Trial 23 finished with value: 0.6 and parameters: {'n_estimators': 466, 'max_depth': 9, 'min_samples_split': 8, 'min_samples_leaf': 5}. Best is trial 3 with value: 0.7.
[I 2025-05-04 17:27:56,990] Trial 24 finished with value: 0.55 and parameters: {'n_estimators': 386, 'max_depth': 5, 'min_samples_split': 9, 'min_samples_leaf': 2}. Best is trial 3 with value: 0.7.
[I 2025-05-04 17:27:57,479] Trial 25 finished with value: 0.65 and parameters: {'n_estimators': 415, 'max_depth': 18, 'min_samples_split': 6, 'min_samples_leaf': 4}. Best is trial 3 with value: 0.7.
[I 2025-05-04 17:27:58,021] Trial 26 finished with value: 0.55 and parameters: {'n_estimators': 500, 'max_depth': 7, 'min_samples_split': 3, 'min_samples_leaf': 2}. Best is trial 3 with value: 0.7.
[I 2025-05-04 17:27:58,415] Trial 27 finished with value: 0.65 and parameters: {'n_estimators': 337, 'max_depth': 10, 'min_samples_split': 7, 'min_samples_leaf': 1}. Best is trial 3 with value: 0.7.
[I 2025-05-04 17:27:58,878] Trial 28 finished with value: 0.6 and parameters: {'n_estimators': 384, 'max_depth': 3, 'min_samples_split': 9, 'min_samples_leaf': 5}. Best is trial 3 with value: 0.7.
[I 2025-05-04 17:27:59,226] Trial 29 finished with value: 0.5 and parameters: {'n_estimators': 320, 'max_depth': 11, 'min_samples_split': 4, 'min_samples_leaf': 7}. Best is trial 3 with value: 0.7.
[I 2025-05-04 17:28:02,286] A new study created in memory with name: svc
Parámetros guardados en checkpoint_shoppers_Doriginal_Roriginal/k_center/best_models_k_center_seed_0/rf_best_params.json


>>> Optuna tuning svc


[I 2025-05-04 17:28:04,460] Trial 0 finished with value: 0.45 and parameters: {'C': 1.5676677195506077, 'gamma': 0.07257005721594278}. Best is trial 0 with value: 0.45.
[I 2025-05-04 17:28:04,703] Trial 1 finished with value: 0.45 and parameters: {'C': 2.57663857461359, 'gamma': 0.01511933646764101}. Best is trial 0 with value: 0.45.
[I 2025-05-04 17:28:04,719] Trial 2 finished with value: 0.45 and parameters: {'C': 0.49501595537331966, 'gamma': 0.03833332156156663}. Best is trial 0 with value: 0.45.
[I 2025-05-04 17:28:04,732] Trial 3 finished with value: 0.45 and parameters: {'C': 0.5627932047415171, 'gamma': 0.36905577292137587}. Best is trial 0 with value: 0.45.
[I 2025-05-04 17:28:04,746] Trial 4 finished with value: 0.45 and parameters: {'C': 71.55682161754872, 'gamma': 0.0034179529120610124}. Best is trial 0 with value: 0.45.
[I 2025-05-04 17:28:04,760] Trial 5 finished with value: 0.4 and parameters: {'C': 14.68588598920087, 'gamma': 0.013049073550362394}. Best is trial 0 with value: 0.45.
[I 2025-05-04 17:28:04,775] Trial 6 finished with value: 0.4 and parameters: {'C': 1.871450068624068, 'gamma': 0.503948959867121}. Best is trial 0 with value: 0.45.
[I 2025-05-04 17:28:04,787] Trial 7 finished with value: 0.6 and parameters: {'C': 0.0192373050965465, 'gamma': 0.00022310905607443037}. Best is trial 7 with value: 0.6.
[I 2025-05-04 17:28:04,801] Trial 8 finished with value: 0.5 and parameters: {'C': 0.012046852412030323, 'gamma': 0.2140323314098606}. Best is trial 7 with value: 0.6.
[I 2025-05-04 17:28:04,815] Trial 9 finished with value: 0.45 and parameters: {'C': 12.960656597279739, 'gamma': 0.3020289640158664}. Best is trial 7 with value: 0.6.
[I 2025-05-04 17:28:04,838] Trial 10 finished with value: 0.6 and parameters: {'C': 0.012059738380975302, 'gamma': 0.00012417733961874404}. Best is trial 7 with value: 0.6.
[I 2025-05-04 17:28:05,477] Trial 11 finished with value: 0.6 and parameters: {'C': 0.012108081598113376, 'gamma': 0.00012027721754053574}. Best is trial 7 with value: 0.6.
[I 2025-05-04 17:28:06,137] Trial 12 finished with value: 0.6 and parameters: {'C': 0.0727244339408868, 'gamma': 0.00010761602087789272}. Best is trial 7 with value: 0.6.
[I 2025-05-04 17:28:06,161] Trial 13 finished with value: 0.6 and parameters: {'C': 0.08221010964818257, 'gamma': 0.0009072712799115747}. Best is trial 7 with value: 0.6.
[I 2025-05-04 17:28:06,182] Trial 14 finished with value: 0.6 and parameters: {'C': 0.08924483676517878, 'gamma': 0.0005300017168891192}. Best is trial 7 with value: 0.6.
[I 2025-05-04 17:28:06,204] Trial 15 finished with value: 0.6 and parameters: {'C': 0.032374504545013394, 'gamma': 0.0005170517908983728}. Best is trial 7 with value: 0.6.
[I 2025-05-04 17:28:06,861] Trial 16 finished with value: 0.6 and parameters: {'C': 0.21704378073201902, 'gamma': 0.0013018672297928342}. Best is trial 7 with value: 0.6.
[I 2025-05-04 17:28:06,886] Trial 17 finished with value: 0.6 and parameters: {'C': 0.02980898338532195, 'gamma': 0.00023084049950444354}. Best is trial 7 with value: 0.6.
[I 2025-05-04 17:28:06,907] Trial 18 finished with value: 0.55 and parameters: {'C': 0.03139703883426916, 'gamma': 0.002431370476965216}. Best is trial 7 with value: 0.6.
[I 2025-05-04 17:28:06,931] Trial 19 finished with value: 0.6 and parameters: {'C': 0.22836946377918269, 'gamma': 0.00026595275703369454}. Best is trial 7 with value: 0.6.
[I 2025-05-04 17:28:06,953] Trial 20 finished with value: 0.55 and parameters: {'C': 0.01038210832088568, 'gamma': 0.002546255537500127}. Best is trial 7 with value: 0.6.
[I 2025-05-04 17:28:06,975] Trial 21 finished with value: 0.6 and parameters: {'C': 0.01043678043173402, 'gamma': 0.00010051857507690099}. Best is trial 7 with value: 0.6.
[I 2025-05-04 17:28:07,658] Trial 22 finished with value: 0.6 and parameters: {'C': 0.026417994705391305, 'gamma': 0.000252421575005514}. Best is trial 7 with value: 0.6.
[I 2025-05-04 17:28:07,682] Trial 23 finished with value: 0.6 and parameters: {'C': 0.02090852123917597, 'gamma': 0.0001899503312038743}. Best is trial 7 with value: 0.6.
[I 2025-05-04 17:28:08,324] Trial 24 finished with value: 0.6 and parameters: {'C': 0.06011833107958516, 'gamma': 0.0006264061841261288}. Best is trial 7 with value: 0.6.
[I 2025-05-04 17:28:08,347] Trial 25 finished with value: 0.55 and parameters: {'C': 0.20472619212534593, 'gamma': 0.005306392656241849}. Best is trial 7 with value: 0.6.
[I 2025-05-04 17:28:08,368] Trial 26 finished with value: 0.6 and parameters: {'C': 0.015228817582632758, 'gamma': 0.0013710329699270906}. Best is trial 7 with value: 0.6.
[I 2025-05-04 17:28:08,393] Trial 27 finished with value: 0.6 and parameters: {'C': 0.04977842653260786, 'gamma': 0.00010378236697772809}. Best is trial 7 with value: 0.6.
[I 2025-05-04 17:28:08,418] Trial 28 finished with value: 0.6 and parameters: {'C': 0.14060187561041332, 'gamma': 0.00043472418252162276}. Best is trial 7 with value: 0.6.
[I 2025-05-04 17:28:08,439] Trial 29 finished with value: 0.5 and parameters: {'C': 3.9012730286736423, 'gamma': 0.08954002750263801}. Best is trial 7 with value: 0.6.
[I 2025-05-04 17:28:10,233] A new study created in memory with name: logreg
Parámetros guardados en checkpoint_shoppers_Doriginal_Roriginal/k_center/best_models_k_center_seed_0/svc_best_params.json


>>> Optuna tuning logreg


[I 2025-05-04 17:28:13,006] Trial 0 finished with value: 0.45 and parameters: {'C': 0.5547119471592125, 'penalty': 'l2'}. Best is trial 0 with value: 0.45.
[I 2025-05-04 17:28:13,306] Trial 1 finished with value: 0.4 and parameters: {'C': 3.7665768415992953, 'penalty': 'l2'}. Best is trial 0 with value: 0.45.
[I 2025-05-04 17:28:13,333] Trial 2 finished with value: 0.45 and parameters: {'C': 1.032326035197657, 'penalty': 'l2'}. Best is trial 0 with value: 0.45.
[I 2025-05-04 17:28:13,358] Trial 3 finished with value: 0.45 and parameters: {'C': 0.530170934757683, 'penalty': 'l2'}. Best is trial 0 with value: 0.45.
[I 2025-05-04 17:28:13,383] Trial 4 finished with value: 0.45 and parameters: {'C': 0.13130280280658593, 'penalty': 'l2'}. Best is trial 0 with value: 0.45.
[I 2025-05-04 17:28:13,408] Trial 5 finished with value: 0.4 and parameters: {'C': 1.6961746387290997, 'penalty': 'l2'}. Best is trial 0 with value: 0.45.
[I 2025-05-04 17:28:13,433] Trial 6 finished with value: 0.45 and parameters: {'C': 0.15414734761917095, 'penalty': 'l2'}. Best is trial 0 with value: 0.45.
[I 2025-05-04 17:28:13,469] Trial 7 finished with value: 0.35 and parameters: {'C': 28.765041432546976, 'penalty': 'l2'}. Best is trial 0 with value: 0.45.
[I 2025-05-04 17:28:13,507] Trial 8 finished with value: 0.35 and parameters: {'C': 65.81332043291806, 'penalty': 'l2'}. Best is trial 0 with value: 0.45.
[I 2025-05-04 17:28:13,532] Trial 9 finished with value: 0.45 and parameters: {'C': 0.08264328927007726, 'penalty': 'l2'}. Best is trial 0 with value: 0.45.
[I 2025-05-04 17:28:13,563] Trial 10 finished with value: 0.5 and parameters: {'C': 0.002101331318459542, 'penalty': 'l2'}. Best is trial 10 with value: 0.5.
[I 2025-05-04 17:28:14,210] Trial 11 finished with value: 0.5 and parameters: {'C': 0.0015531798443622364, 'penalty': 'l2'}. Best is trial 10 with value: 0.5.
[I 2025-05-04 17:28:14,242] Trial 12 finished with value: 0.5 and parameters: {'C': 0.0012701183011778344, 'penalty': 'l2'}. Best is trial 10 with value: 0.5.
[I 2025-05-04 17:28:14,879] Trial 13 finished with value: 0.5 and parameters: {'C': 0.001259590034216646, 'penalty': 'l2'}. Best is trial 10 with value: 0.5.
[I 2025-05-04 17:28:14,911] Trial 14 finished with value: 0.5 and parameters: {'C': 0.011942642635731818, 'penalty': 'l2'}. Best is trial 10 with value: 0.5.
[I 2025-05-04 17:28:14,942] Trial 15 finished with value: 0.5 and parameters: {'C': 0.010349906218556925, 'penalty': 'l2'}. Best is trial 10 with value: 0.5.
[I 2025-05-04 17:28:15,634] Trial 16 finished with value: 0.5 and parameters: {'C': 0.0064025024965796646, 'penalty': 'l2'}. Best is trial 10 with value: 0.5.
[I 2025-05-04 17:28:15,666] Trial 17 finished with value: 0.45 and parameters: {'C': 0.028951941672243745, 'penalty': 'l2'}. Best is trial 10 with value: 0.5.
[I 2025-05-04 17:28:16,311] Trial 18 finished with value: 0.5 and parameters: {'C': 0.0032425808670559046, 'penalty': 'l2'}. Best is trial 10 with value: 0.5.
[I 2025-05-04 17:28:16,340] Trial 19 finished with value: 0.45 and parameters: {'C': 0.034391638630622515, 'penalty': 'l2'}. Best is trial 10 with value: 0.5.
[I 2025-05-04 17:28:16,980] Trial 20 finished with value: 0.5 and parameters: {'C': 0.0031663309874263397, 'penalty': 'l2'}. Best is trial 10 with value: 0.5.
[I 2025-05-04 17:28:17,011] Trial 21 finished with value: 0.5 and parameters: {'C': 0.0013561481173119455, 'penalty': 'l2'}. Best is trial 10 with value: 0.5.
[I 2025-05-04 17:28:17,039] Trial 22 finished with value: 0.5 and parameters: {'C': 0.001353785978442782, 'penalty': 'l2'}. Best is trial 10 with value: 0.5.
[I 2025-05-04 17:28:17,072] Trial 23 finished with value: 0.5 and parameters: {'C': 0.0040406878556106815, 'penalty': 'l2'}. Best is trial 10 with value: 0.5.
[I 2025-05-04 17:28:17,103] Trial 24 finished with value: 0.5 and parameters: {'C': 0.02175449142629078, 'penalty': 'l2'}. Best is trial 10 with value: 0.5.
[I 2025-05-04 17:28:17,134] Trial 25 finished with value: 0.5 and parameters: {'C': 0.0010046924529851513, 'penalty': 'l2'}. Best is trial 10 with value: 0.5.
[I 2025-05-04 17:28:17,165] Trial 26 finished with value: 0.5 and parameters: {'C': 0.0033346246892198748, 'penalty': 'l2'}. Best is trial 10 with value: 0.5.
[I 2025-05-04 17:28:17,196] Trial 27 finished with value: 0.5 and parameters: {'C': 0.013368882560876379, 'penalty': 'l2'}. Best is trial 10 with value: 0.5.
[I 2025-05-04 17:28:17,227] Trial 28 finished with value: 0.5 and parameters: {'C': 0.050376234826712704, 'penalty': 'l2'}. Best is trial 10 with value: 0.5.
[I 2025-05-04 17:28:17,258] Trial 29 finished with value: 0.5 and parameters: {'C': 0.007081283695856139, 'penalty': 'l2'}. Best is trial 10 with value: 0.5.
[I 2025-05-04 17:28:20,766] A new study created in memory with name: mlp
Parámetros guardados en checkpoint_shoppers_Doriginal_Roriginal/k_center/best_models_k_center_seed_0/logreg_best_params.json


>>> Optuna tuning mlp


/data/home/rtabares/anaconda3/envs/pyth3.12/lib/python3.12/site-packages/sklearn/neural_network/_multilayer_perceptron.py:691: ConvergenceWarning: Stochastic Optimizer: Maximum iterations (50) reached and the optimization hasn't converged yet.
  warnings.warn(
/data/home/rtabares/anaconda3/envs/pyth3.12/lib/python3.12/site-packages/sklearn/neural_network/_multilayer_perceptron.py:691: ConvergenceWarning: Stochastic Optimizer: Maximum iterations (50) reached and the optimization hasn't converged yet.
  warnings.warn(
/data/home/rtabares/anaconda3/envs/pyth3.12/lib/python3.12/site-packages/sklearn/neural_network/_multilayer_perceptron.py:691: ConvergenceWarning: Stochastic Optimizer: Maximum iterations (50) reached and the optimization hasn't converged yet.
  warnings.warn(
/data/home/rtabares/anaconda3/envs/pyth3.12/lib/python3.12/site-packages/sklearn/neural_network/_multilayer_perceptron.py:691: ConvergenceWarning: Stochastic Optimizer: Maximum iterations (50) reached and the optimization hasn't converged yet.
  warnings.warn(
/data/home/rtabares/anaconda3/envs/pyth3.12/lib/python3.12/site-packages/sklearn/neural_network/_multilayer_perceptron.py:691: ConvergenceWarning: Stochastic Optimizer: Maximum iterations (50) reached and the optimization hasn't converged yet.
  warnings.warn(
[I 2025-05-04 17:28:22,408] Trial 0 finished with value: 0.5 and parameters: {'hidden_layer_sizes': (200,), 'max_iter': 50, 'alpha': 0.0001}. Best is trial 0 with value: 0.5.
/data/home/rtabares/anaconda3/envs/pyth3.12/lib/python3.12/site-packages/sklearn/neural_network/_multilayer_perceptron.py:691: ConvergenceWarning: Stochastic Optimizer: Maximum iterations (50) reached and the optimization hasn't converged yet.
  warnings.warn(
/data/home/rtabares/anaconda3/envs/pyth3.12/lib/python3.12/site-packages/sklearn/neural_network/_multilayer_perceptron.py:691: ConvergenceWarning: Stochastic Optimizer: Maximum iterations (50) reached and the optimization hasn't converged yet.
  warnings.warn(
/data/home/rtabares/anaconda3/envs/pyth3.12/lib/python3.12/site-packages/sklearn/neural_network/_multilayer_perceptron.py:691: ConvergenceWarning: Stochastic Optimizer: Maximum iterations (50) reached and the optimization hasn't converged yet.
  warnings.warn(
/data/home/rtabares/anaconda3/envs/pyth3.12/lib/python3.12/site-packages/sklearn/neural_network/_multilayer_perceptron.py:691: ConvergenceWarning: Stochastic Optimizer: Maximum iterations (50) reached and the optimization hasn't converged yet.
  warnings.warn(
/data/home/rtabares/anaconda3/envs/pyth3.12/lib/python3.12/site-packages/sklearn/neural_network/_multilayer_perceptron.py:691: ConvergenceWarning: Stochastic Optimizer: Maximum iterations (50) reached and the optimization hasn't converged yet.
  warnings.warn(
[I 2025-05-04 17:28:22,539] Trial 1 finished with value: 0.45 and parameters: {'hidden_layer_sizes': (200,), 'max_iter': 50, 'alpha': 0.001}. Best is trial 0 with value: 0.5.
/data/home/rtabares/anaconda3/envs/pyth3.12/lib/python3.12/site-packages/sklearn/neural_network/_multilayer_perceptron.py:691: ConvergenceWarning: Stochastic Optimizer: Maximum iterations (50) reached and the optimization hasn't converged yet.
  warnings.warn(
/data/home/rtabares/anaconda3/envs/pyth3.12/lib/python3.12/site-packages/sklearn/neural_network/_multilayer_perceptron.py:691: ConvergenceWarning: Stochastic Optimizer: Maximum iterations (50) reached and the optimization hasn't converged yet.
  warnings.warn(
/data/home/rtabares/anaconda3/envs/pyth3.12/lib/python3.12/site-packages/sklearn/neural_network/_multilayer_perceptron.py:691: ConvergenceWarning: Stochastic Optimizer: Maximum iterations (50) reached and the optimization hasn't converged yet.
  warnings.warn(
/data/home/rtabares/anaconda3/envs/pyth3.12/lib/python3.12/site-packages/sklearn/neural_network/_multilayer_perceptron.py:691: ConvergenceWarning: Stochastic Optimizer: Maximum iterations (50) reached and the optimization hasn't converged yet.
  warnings.warn(
/data/home/rtabares/anaconda3/envs/pyth3.12/lib/python3.12/site-packages/sklearn/neural_network/_multilayer_perceptron.py:691: ConvergenceWarning: Stochastic Optimizer: Maximum iterations (50) reached and the optimization hasn't converged yet.
  warnings.warn(
[I 2025-05-04 17:28:22,597] Trial 2 finished with value: 0.55 and parameters: {'hidden_layer_sizes': (200,), 'max_iter': 50, 'alpha': 0.001}. Best is trial 2 with value: 0.55.
/data/home/rtabares/anaconda3/envs/pyth3.12/lib/python3.12/site-packages/sklearn/neural_network/_multilayer_perceptron.py:691: ConvergenceWarning: Stochastic Optimizer: Maximum iterations (100) reached and the optimization hasn't converged yet.
  warnings.warn(
/data/home/rtabares/anaconda3/envs/pyth3.12/lib/python3.12/site-packages/sklearn/neural_network/_multilayer_perceptron.py:691: ConvergenceWarning: Stochastic Optimizer: Maximum iterations (100) reached and the optimization hasn't converged yet.
  warnings.warn(
/data/home/rtabares/anaconda3/envs/pyth3.12/lib/python3.12/site-packages/sklearn/neural_network/_multilayer_perceptron.py:691: ConvergenceWarning: Stochastic Optimizer: Maximum iterations (100) reached and the optimization hasn't converged yet.
  warnings.warn(
/data/home/rtabares/anaconda3/envs/pyth3.12/lib/python3.12/site-packages/sklearn/neural_network/_multilayer_perceptron.py:691: ConvergenceWarning: Stochastic Optimizer: Maximum iterations (100) reached and the optimization hasn't converged yet.
  warnings.warn(
/data/home/rtabares/anaconda3/envs/pyth3.12/lib/python3.12/site-packages/sklearn/neural_network/_multilayer_perceptron.py:691: ConvergenceWarning: Stochastic Optimizer: Maximum iterations (100) reached and the optimization hasn't converged yet.
  warnings.warn(
[I 2025-05-04 17:28:22,653] Trial 3 finished with value: 0.5 and parameters: {'hidden_layer_sizes': (100,), 'max_iter': 100, 'alpha': 0.001}. Best is trial 2 with value: 0.55.
/data/home/rtabares/anaconda3/envs/pyth3.12/lib/python3.12/site-packages/sklearn/neural_network/_multilayer_perceptron.py:691: ConvergenceWarning: Stochastic Optimizer: Maximum iterations (50) reached and the optimization hasn't converged yet.
  warnings.warn(
/data/home/rtabares/anaconda3/envs/pyth3.12/lib/python3.12/site-packages/sklearn/neural_network/_multilayer_perceptron.py:691: ConvergenceWarning: Stochastic Optimizer: Maximum iterations (50) reached and the optimization hasn't converged yet.
  warnings.warn(
/data/home/rtabares/anaconda3/envs/pyth3.12/lib/python3.12/site-packages/sklearn/neural_network/_multilayer_perceptron.py:691: ConvergenceWarning: Stochastic Optimizer: Maximum iterations (50) reached and the optimization hasn't converged yet.
  warnings.warn(
/data/home/rtabares/anaconda3/envs/pyth3.12/lib/python3.12/site-packages/sklearn/neural_network/_multilayer_perceptron.py:691: ConvergenceWarning: Stochastic Optimizer: Maximum iterations (50) reached and the optimization hasn't converged yet.
  warnings.warn(
/data/home/rtabares/anaconda3/envs/pyth3.12/lib/python3.12/site-packages/sklearn/neural_network/_multilayer_perceptron.py:691: ConvergenceWarning: Stochastic Optimizer: Maximum iterations (50) reached and the optimization hasn't converged yet.
  warnings.warn(
