[I 2025-05-07 07:27:01,398] Trial 26 finished with value: 0.8 and parameters: {'n_estimators': 143, 'max_depth': 5, 'min_samples_split': 8, 'min_samples_leaf': 7}. Best is trial 6 with value: 0.9.
[I 2025-05-07 07:27:01,747] Trial 27 finished with value: 0.85 and parameters: {'n_estimators': 250, 'max_depth': 13, 'min_samples_split': 5, 'min_samples_leaf': 4}. Best is trial 6 with value: 0.9.
[I 2025-05-07 07:27:01,907] Trial 28 finished with value: 0.8833333333333334 and parameters: {'n_estimators': 101, 'max_depth': 17, 'min_samples_split': 7, 'min_samples_leaf': 5}. Best is trial 6 with value: 0.9.
[I 2025-05-07 07:27:02,082] Trial 29 finished with value: 0.85 and parameters: {'n_estimators': 112, 'max_depth': 17, 'min_samples_split': 8, 'min_samples_leaf': 1}. Best is trial 6 with value: 0.9.
[I 2025-05-07 07:27:04,904] A new study created in memory with name: svc
Parámetros guardados en checkpoint_shoppers_Doriginal_Roriginal_C/random/IPC_30/best_models_random_seed_2_space_original/rf_best_params.json


>>> Optuna tuning svc metodo random IPC 30 seed 2


[I 2025-05-07 07:27:07,345] Trial 0 finished with value: 0.7166666666666666 and parameters: {'C': 0.5545996722241048, 'gamma': 0.00012697111322756423}. Best is trial 0 with value: 0.7166666666666666.
[I 2025-05-07 07:27:07,462] Trial 1 finished with value: 0.8 and parameters: {'C': 1.579973895360496, 'gamma': 0.005511750757691415}. Best is trial 1 with value: 0.8.
[I 2025-05-07 07:27:07,488] Trial 2 finished with value: 0.7 and parameters: {'C': 0.48025424062174377, 'gamma': 0.002095749079193946}. Best is trial 1 with value: 0.8.
[I 2025-05-07 07:27:07,513] Trial 3 finished with value: 0.7666666666666668 and parameters: {'C': 0.06585587677899403, 'gamma': 0.029997417348655162}. Best is trial 1 with value: 0.8.
[I 2025-05-07 07:27:07,538] Trial 4 finished with value: 0.7166666666666666 and parameters: {'C': 0.15798603319028856, 'gamma': 0.0011676403660687692}. Best is trial 1 with value: 0.8.
[I 2025-05-07 07:27:07,563] Trial 5 finished with value: 0.8333333333333334 and parameters: {'C': 3.051654279698754, 'gamma': 0.01307881440940144}. Best is trial 5 with value: 0.8333333333333334.
[I 2025-05-07 07:27:07,578] Trial 6 finished with value: 0.7166666666666666 and parameters: {'C': 0.034539797048540495, 'gamma': 0.01133215445049292}. Best is trial 5 with value: 0.8333333333333334.
[I 2025-05-07 07:27:07,603] Trial 7 finished with value: 0.7333333333333334 and parameters: {'C': 0.05467130776888186, 'gamma': 0.13846518531662885}. Best is trial 5 with value: 0.8333333333333334.
[I 2025-05-07 07:27:07,617] Trial 8 finished with value: 0.7833333333333333 and parameters: {'C': 26.055605528320903, 'gamma': 0.009483034914203468}. Best is trial 5 with value: 0.8333333333333334.
[I 2025-05-07 07:27:07,630] Trial 9 finished with value: 0.7833333333333332 and parameters: {'C': 24.335817588808105, 'gamma': 0.00020824851253449603}. Best is trial 5 with value: 0.8333333333333334.
[I 2025-05-07 07:27:07,654] Trial 10 finished with value: 0.7333333333333332 and parameters: {'C': 3.93605688752582, 'gamma': 0.6424272442653438}. Best is trial 5 with value: 0.8333333333333334.
[I 2025-05-07 07:27:08,320] Trial 11 finished with value: 0.7666666666666668 and parameters: {'C': 3.333864265076216, 'gamma': 0.0023437530643135814}. Best is trial 5 with value: 0.8333333333333334.
[I 2025-05-07 07:27:08,960] Trial 12 finished with value: 0.85 and parameters: {'C': 3.0639408752679858, 'gamma': 0.04672917618913399}. Best is trial 12 with value: 0.85.
[I 2025-05-07 07:27:08,993] Trial 13 finished with value: 0.85 and parameters: {'C': 7.450330115472283, 'gamma': 0.06673096897650937}. Best is trial 12 with value: 0.85.
[I 2025-05-07 07:27:09,025] Trial 14 finished with value: 0.85 and parameters: {'C': 72.56713380749454, 'gamma': 0.073337240775862}. Best is trial 12 with value: 0.85.
[I 2025-05-07 07:27:09,052] Trial 15 finished with value: 0.75 and parameters: {'C': 12.081231860322767, 'gamma': 0.31310251847967335}. Best is trial 12 with value: 0.85.
[I 2025-05-07 07:27:09,086] Trial 16 finished with value: 0.85 and parameters: {'C': 9.022104886400388, 'gamma': 0.06141506406854575}. Best is trial 12 with value: 0.85.
[I 2025-05-07 07:27:09,817] Trial 17 finished with value: 0.65 and parameters: {'C': 0.011278738109245848, 'gamma': 0.2322915943213621}. Best is trial 12 with value: 0.85.
[I 2025-05-07 07:27:10,458] Trial 18 finished with value: 0.8333333333333334 and parameters: {'C': 1.0439164057661112, 'gamma': 0.03461279881818782}. Best is trial 12 with value: 0.85.
[I 2025-05-07 07:27:10,492] Trial 19 finished with value: 0.6833333333333333 and parameters: {'C': 96.01131285944118, 'gamma': 0.8493891089460239}. Best is trial 12 with value: 0.85.
[I 2025-05-07 07:27:11,162] Trial 20 finished with value: 0.75 and parameters: {'C': 0.22838197981633893, 'gamma': 0.11341379083284507}. Best is trial 12 with value: 0.85.
[I 2025-05-07 07:27:11,186] Trial 21 finished with value: 0.8666666666666666 and parameters: {'C': 58.58568123767781, 'gamma': 0.04351203583253653}. Best is trial 21 with value: 0.8666666666666666.
[I 2025-05-07 07:27:11,207] Trial 22 finished with value: 0.8333333333333334 and parameters: {'C': 8.633321934387068, 'gamma': 0.026610265661100935}. Best is trial 21 with value: 0.8666666666666666.
[I 2025-05-07 07:27:11,241] Trial 23 finished with value: 0.8666666666666666 and parameters: {'C': 35.345516125125904, 'gamma': 0.053259438149418754}. Best is trial 21 with value: 0.8666666666666666.
[I 2025-05-07 07:27:11,266] Trial 24 finished with value: 0.7666666666666666 and parameters: {'C': 31.43550499702545, 'gamma': 0.32679718885310083}. Best is trial 21 with value: 0.8666666666666666.
[I 2025-05-07 07:27:11,287] Trial 25 finished with value: 0.8 and parameters: {'C': 63.14799482421913, 'gamma': 0.021964641875104465}. Best is trial 21 with value: 0.8666666666666666.
[I 2025-05-07 07:27:11,308] Trial 26 finished with value: 0.85 and parameters: {'C': 31.754484324365887, 'gamma': 0.1542064423421417}. Best is trial 21 with value: 0.8666666666666666.
[I 2025-05-07 07:27:11,333] Trial 27 finished with value: 0.85 and parameters: {'C': 15.302932631056533, 'gamma': 0.00385077161230319}. Best is trial 21 with value: 0.8666666666666666.
[I 2025-05-07 07:27:11,353] Trial 28 finished with value: 0.8666666666666666 and parameters: {'C': 41.384337278329355, 'gamma': 0.05139207498586782}. Best is trial 21 with value: 0.8666666666666666.
[I 2025-05-07 07:27:11,385] Trial 29 finished with value: 0.8666666666666668 and parameters: {'C': 64.86120787623946, 'gamma': 0.0006801156917696903}. Best is trial 29 with value: 0.8666666666666668.
[I 2025-05-07 07:27:15,111] A new study created in memory with name: logreg
Parámetros guardados en checkpoint_shoppers_Doriginal_Roriginal_C/random/IPC_30/best_models_random_seed_2_space_original/svc_best_params.json


>>> Optuna tuning logreg metodo random IPC 30 seed 2


[I 2025-05-07 07:27:16,686] Trial 0 finished with value: 0.8666666666666668 and parameters: {'C': 0.15134724182275533, 'penalty': 'l2'}. Best is trial 0 with value: 0.8666666666666668.
[I 2025-05-07 07:27:16,735] Trial 1 finished with value: 0.8166666666666668 and parameters: {'C': 0.00134781771168027, 'penalty': 'l2'}. Best is trial 0 with value: 0.8666666666666668.
[I 2025-05-07 07:27:16,763] Trial 2 finished with value: 0.85 and parameters: {'C': 0.5601603817503298, 'penalty': 'l2'}. Best is trial 0 with value: 0.8666666666666668.
[I 2025-05-07 07:27:16,788] Trial 3 finished with value: 0.8666666666666668 and parameters: {'C': 0.15017995265951545, 'penalty': 'l2'}. Best is trial 0 with value: 0.8666666666666668.
[I 2025-05-07 07:27:16,802] Trial 4 finished with value: 0.8666666666666668 and parameters: {'C': 0.1264267606498664, 'penalty': 'l2'}. Best is trial 0 with value: 0.8666666666666668.
[I 2025-05-07 07:27:16,827] Trial 5 finished with value: 0.8166666666666668 and parameters: {'C': 0.044840877729077515, 'penalty': 'l2'}. Best is trial 0 with value: 0.8666666666666668.
[I 2025-05-07 07:27:16,850] Trial 6 finished with value: 0.8166666666666668 and parameters: {'C': 0.010549774340694125, 'penalty': 'l2'}. Best is trial 0 with value: 0.8666666666666668.
[I 2025-05-07 07:27:16,873] Trial 7 finished with value: 0.8166666666666667 and parameters: {'C': 1.248403080828608, 'penalty': 'l2'}. Best is trial 0 with value: 0.8666666666666668.
[I 2025-05-07 07:27:16,898] Trial 8 finished with value: 0.8166666666666668 and parameters: {'C': 0.03149730300397853, 'penalty': 'l2'}. Best is trial 0 with value: 0.8666666666666668.
[I 2025-05-07 07:27:16,923] Trial 9 finished with value: 0.8166666666666668 and parameters: {'C': 0.021584220823040776, 'penalty': 'l2'}. Best is trial 0 with value: 0.8666666666666668.
[I 2025-05-07 07:27:16,955] Trial 10 finished with value: 0.7833333333333333 and parameters: {'C': 26.015182919619694, 'penalty': 'l2'}. Best is trial 0 with value: 0.8666666666666668.
[I 2025-05-07 07:27:17,621] Trial 11 finished with value: 0.7999999999999999 and parameters: {'C': 4.511414952573581, 'penalty': 'l2'}. Best is trial 0 with value: 0.8666666666666668.
[I 2025-05-07 07:27:18,300] Trial 12 finished with value: 0.8666666666666668 and parameters: {'C': 0.23159536137674638, 'penalty': 'l2'}. Best is trial 0 with value: 0.8666666666666668.
[I 2025-05-07 07:27:18,338] Trial 13 finished with value: 0.7999999999999999 and parameters: {'C': 3.1135565951049093, 'penalty': 'l2'}. Best is trial 0 with value: 0.8666666666666668.
[I 2025-05-07 07:27:18,366] Trial 14 finished with value: 0.8166666666666668 and parameters: {'C': 0.0027177019852923615, 'penalty': 'l2'}. Best is trial 0 with value: 0.8666666666666668.
[I 2025-05-07 07:27:18,394] Trial 15 finished with value: 0.7833333333333333 and parameters: {'C': 68.3348251423972, 'penalty': 'l2'}. Best is trial 0 with value: 0.8666666666666668.
[I 2025-05-07 07:27:18,425] Trial 16 finished with value: 0.8666666666666668 and parameters: {'C': 0.08187630759522424, 'penalty': 'l2'}. Best is trial 0 with value: 0.8666666666666668.
[I 2025-05-07 07:27:18,459] Trial 17 finished with value: 0.8333333333333334 and parameters: {'C': 0.593315287672404, 'penalty': 'l2'}. Best is trial 0 with value: 0.8666666666666668.
[I 2025-05-07 07:27:18,486] Trial 18 finished with value: 0.8166666666666668 and parameters: {'C': 0.00623823908702996, 'penalty': 'l2'}. Best is trial 0 with value: 0.8666666666666668.
[I 2025-05-07 07:27:18,515] Trial 19 finished with value: 0.7999999999999999 and parameters: {'C': 6.566151191320019, 'penalty': 'l2'}. Best is trial 0 with value: 0.8666666666666668.
[I 2025-05-07 07:27:19,147] Trial 20 finished with value: 0.8666666666666668 and parameters: {'C': 0.13590748391361662, 'penalty': 'l2'}. Best is trial 0 with value: 0.8666666666666668.
[I 2025-05-07 07:27:19,164] Trial 21 finished with value: 0.8666666666666668 and parameters: {'C': 0.2343008939524126, 'penalty': 'l2'}. Best is trial 0 with value: 0.8666666666666668.
[I 2025-05-07 07:27:19,179] Trial 22 finished with value: 0.85 and parameters: {'C': 0.06680072686253936, 'penalty': 'l2'}. Best is trial 0 with value: 0.8666666666666668.
[I 2025-05-07 07:27:19,205] Trial 23 finished with value: 0.8166666666666667 and parameters: {'C': 1.0179004033079933, 'penalty': 'l2'}. Best is trial 0 with value: 0.8666666666666668.
[I 2025-05-07 07:27:19,224] Trial 24 finished with value: 0.8166666666666668 and parameters: {'C': 0.014677532445176375, 'penalty': 'l2'}. Best is trial 0 with value: 0.8666666666666668.
[I 2025-05-07 07:27:19,242] Trial 25 finished with value: 0.8666666666666668 and parameters: {'C': 0.13347627132045037, 'penalty': 'l2'}. Best is trial 0 with value: 0.8666666666666668.
[I 2025-05-07 07:27:19,273] Trial 26 finished with value: 0.85 and parameters: {'C': 0.4292892746237079, 'penalty': 'l2'}. Best is trial 0 with value: 0.8666666666666668.
[I 2025-05-07 07:27:19,302] Trial 27 finished with value: 0.8166666666666667 and parameters: {'C': 1.571322251763477, 'penalty': 'l2'}. Best is trial 0 with value: 0.8666666666666668.
[I 2025-05-07 07:27:19,334] Trial 28 finished with value: 0.8666666666666668 and parameters: {'C': 0.12159791307708226, 'penalty': 'l2'}. Best is trial 0 with value: 0.8666666666666668.
[I 2025-05-07 07:27:19,356] Trial 29 finished with value: 0.8166666666666668 and parameters: {'C': 0.0026979058994040465, 'penalty': 'l2'}. Best is trial 0 with value: 0.8666666666666668.
[I 2025-05-07 07:27:21,282] A new study created in memory with name: mlp
Parámetros guardados en checkpoint_shoppers_Doriginal_Roriginal_C/random/IPC_30/best_models_random_seed_2_space_original/logreg_best_params.json


>>> Optuna tuning mlp metodo random IPC 30 seed 2


/data/home/rtabares/anaconda3/envs/pyth3.12/lib/python3.12/site-packages/sklearn/neural_network/_multilayer_perceptron.py:691: ConvergenceWarning: Stochastic Optimizer: Maximum iterations (50) reached and the optimization hasn't converged yet.
  warnings.warn(
/data/home/rtabares/anaconda3/envs/pyth3.12/lib/python3.12/site-packages/sklearn/neural_network/_multilayer_perceptron.py:691: ConvergenceWarning: Stochastic Optimizer: Maximum iterations (50) reached and the optimization hasn't converged yet.
  warnings.warn(
/data/home/rtabares/anaconda3/envs/pyth3.12/lib/python3.12/site-packages/sklearn/neural_network/_multilayer_perceptron.py:691: ConvergenceWarning: Stochastic Optimizer: Maximum iterations (50) reached and the optimization hasn't converged yet.
  warnings.warn(
/data/home/rtabares/anaconda3/envs/pyth3.12/lib/python3.12/site-packages/sklearn/neural_network/_multilayer_perceptron.py:691: ConvergenceWarning: Stochastic Optimizer: Maximum iterations (50) reached and the optimization hasn't converged yet.
  warnings.warn(
/data/home/rtabares/anaconda3/envs/pyth3.12/lib/python3.12/site-packages/sklearn/neural_network/_multilayer_perceptron.py:691: ConvergenceWarning: Stochastic Optimizer: Maximum iterations (50) reached and the optimization hasn't converged yet.
  warnings.warn(
[I 2025-05-07 07:27:24,452] Trial 0 finished with value: 0.8166666666666668 and parameters: {'hidden_layer_sizes': (100, 100), 'max_iter': 50, 'alpha': 0.0001}. Best is trial 0 with value: 0.8166666666666668.
/data/home/rtabares/anaconda3/envs/pyth3.12/lib/python3.12/site-packages/sklearn/neural_network/_multilayer_perceptron.py:691: ConvergenceWarning: Stochastic Optimizer: Maximum iterations (50) reached and the optimization hasn't converged yet.
  warnings.warn(
/data/home/rtabares/anaconda3/envs/pyth3.12/lib/python3.12/site-packages/sklearn/neural_network/_multilayer_perceptron.py:691: ConvergenceWarning: Stochastic Optimizer: Maximum iterations (50) reached and the optimization hasn't converged yet.
  warnings.warn(
/data/home/rtabares/anaconda3/envs/pyth3.12/lib/python3.12/site-packages/sklearn/neural_network/_multilayer_perceptron.py:691: ConvergenceWarning: Stochastic Optimizer: Maximum iterations (50) reached and the optimization hasn't converged yet.
  warnings.warn(
/data/home/rtabares/anaconda3/envs/pyth3.12/lib/python3.12/site-packages/sklearn/neural_network/_multilayer_perceptron.py:691: ConvergenceWarning: Stochastic Optimizer: Maximum iterations (50) reached and the optimization hasn't converged yet.
  warnings.warn(
/data/home/rtabares/anaconda3/envs/pyth3.12/lib/python3.12/site-packages/sklearn/neural_network/_multilayer_perceptron.py:691: ConvergenceWarning: Stochastic Optimizer: Maximum iterations (50) reached and the optimization hasn't converged yet.
  warnings.warn(
[I 2025-05-07 07:27:24,614] Trial 1 finished with value: 0.8 and parameters: {'hidden_layer_sizes': (100,), 'max_iter': 50, 'alpha': 0.001}. Best is trial 0 with value: 0.8166666666666668.
/data/home/rtabares/anaconda3/envs/pyth3.12/lib/python3.12/site-packages/sklearn/neural_network/_multilayer_perceptron.py:691: ConvergenceWarning: Stochastic Optimizer: Maximum iterations (100) reached and the optimization hasn't converged yet.
  warnings.warn(
/data/home/rtabares/anaconda3/envs/pyth3.12/lib/python3.12/site-packages/sklearn/neural_network/_multilayer_perceptron.py:691: ConvergenceWarning: Stochastic Optimizer: Maximum iterations (100) reached and the optimization hasn't converged yet.
  warnings.warn(
/data/home/rtabares/anaconda3/envs/pyth3.12/lib/python3.12/site-packages/sklearn/neural_network/_multilayer_perceptron.py:691: ConvergenceWarning: Stochastic Optimizer: Maximum iterations (100) reached and the optimization hasn't converged yet.
  warnings.warn(
/data/home/rtabares/anaconda3/envs/pyth3.12/lib/python3.12/site-packages/sklearn/neural_network/_multilayer_perceptron.py:691: ConvergenceWarning: Stochastic Optimizer: Maximum iterations (100) reached and the optimization hasn't converged yet.
  warnings.warn(
/data/home/rtabares/anaconda3/envs/pyth3.12/lib/python3.12/site-packages/sklearn/neural_network/_multilayer_perceptron.py:691: ConvergenceWarning: Stochastic Optimizer: Maximum iterations (100) reached and the optimization hasn't converged yet.
  warnings.warn(
[I 2025-05-07 07:27:24,740] Trial 2 finished with value: 0.8166666666666667 and parameters: {'hidden_layer_sizes': (100, 100), 'max_iter': 100, 'alpha': 0.001}. Best is trial 0 with value: 0.8166666666666668.
/data/home/rtabares/anaconda3/envs/pyth3.12/lib/python3.12/site-packages/sklearn/neural_network/_multilayer_perceptron.py:691: ConvergenceWarning: Stochastic Optimizer: Maximum iterations (100) reached and the optimization hasn't converged yet.
  warnings.warn(
/data/home/rtabares/anaconda3/envs/pyth3.12/lib/python3.12/site-packages/sklearn/neural_network/_multilayer_perceptron.py:691: ConvergenceWarning: Stochastic Optimizer: Maximum iterations (100) reached and the optimization hasn't converged yet.
  warnings.warn(
/data/home/rtabares/anaconda3/envs/pyth3.12/lib/python3.12/site-packages/sklearn/neural_network/_multilayer_perceptron.py:691: ConvergenceWarning: Stochastic Optimizer: Maximum iterations (100) reached and the optimization hasn't converged yet.
  warnings.warn(
/data/home/rtabares/anaconda3/envs/pyth3.12/lib/python3.12/site-packages/sklearn/neural_network/_multilayer_perceptron.py:691: ConvergenceWarning: Stochastic Optimizer: Maximum iterations (100) reached and the optimization hasn't converged yet.
  warnings.warn(
/data/home/rtabares/anaconda3/envs/pyth3.12/lib/python3.12/site-packages/sklearn/neural_network/_multilayer_perceptron.py:691: ConvergenceWarning: Stochastic Optimizer: Maximum iterations (100) reached and the optimization hasn't converged yet.
  warnings.warn(
[I 2025-05-07 07:27:24,846] Trial 3 finished with value: 0.8166666666666667 and parameters: {'hidden_layer_sizes': (200,), 'max_iter': 100, 'alpha': 0.0001}. Best is trial 0 with value: 0.8166666666666668.
/data/home/rtabares/anaconda3/envs/pyth3.12/lib/python3.12/site-packages/sklearn/neural_network/_multilayer_perceptron.py:691: ConvergenceWarning: Stochastic Optimizer: Maximum iterations (100) reached and the optimization hasn't converged yet.
  warnings.warn(
/data/home/rtabares/anaconda3/envs/pyth3.12/lib/python3.12/site-packages/sklearn/neural_network/_multilayer_perceptron.py:691: ConvergenceWarning: Stochastic Optimizer: Maximum iterations (100) reached and the optimization hasn't converged yet.
  warnings.warn(
/data/home/rtabares/anaconda3/envs/pyth3.12/lib/python3.12/site-packages/sklearn/neural_network/_multilayer_perceptron.py:691: ConvergenceWarning: Stochastic Optimizer: Maximum iterations (100) reached and the optimization hasn't converged yet.
  warnings.warn(
/data/home/rtabares/anaconda3/envs/pyth3.12/lib/python3.12/site-packages/sklearn/neural_network/_multilayer_perceptron.py:691: ConvergenceWarning: Stochastic Optimizer: Maximum iterations (100) reached and the optimization hasn't converged yet.
  warnings.warn(
/data/home/rtabares/anaconda3/envs/pyth3.12/lib/python3.12/site-packages/sklearn/neural_network/_multilayer_perceptron.py:691: ConvergenceWarning: Stochastic Optimizer: Maximum iterations (100) reached and the optimization hasn't converged yet.
  warnings.warn(
[I 2025-05-07 07:27:24,942] Trial 4 finished with value: 0.85 and parameters: {'hidden_layer_sizes': (100, 100), 'max_iter': 100, 'alpha': 0.001}. Best is trial 4 with value: 0.85.
/data/home/rtabares/anaconda3/envs/pyth3.12/lib/python3.12/site-packages/sklearn/neural_network/_multilayer_perceptron.py:691: ConvergenceWarning: Stochastic Optimizer: Maximum iterations (100) reached and the optimization hasn't converged yet.
  warnings.warn(
/data/home/rtabares/anaconda3/envs/pyth3.12/lib/python3.12/site-packages/sklearn/neural_network/_multilayer_perceptron.py:691: ConvergenceWarning: Stochastic Optimizer: Maximum iterations (100) reached and the optimization hasn't converged yet.
  warnings.warn(
/data/home/rtabares/anaconda3/envs/pyth3.12/lib/python3.12/site-packages/sklearn/neural_network/_multilayer_perceptron.py:691: ConvergenceWarning: Stochastic Optimizer: Maximum iterations (100) reached and the optimization hasn't converged yet.
  warnings.warn(
/data/home/rtabares/anaconda3/envs/pyth3.12/lib/python3.12/site-packages/sklearn/neural_network/_multilayer_perceptron.py:691: ConvergenceWarning: Stochastic Optimizer: Maximum iterations (100) reached and the optimization hasn't converged yet.
  warnings.warn(
/data/home/rtabares/anaconda3/envs/pyth3.12/lib/python3.12/site-packages/sklearn/neural_network/_multilayer_perceptron.py:691: ConvergenceWarning: Stochastic Optimizer: Maximum iterations (100) reached and the optimization hasn't converged yet.
  warnings.warn(
