[I 2025-05-07 04:23:39,015] Trial 6 finished with value: 0.9 and parameters: {'n_estimators': 100, 'max_depth': 30, 'gamma': 0.5360486096375219, 'subsample': 0.8488681925618888, 'colsample_bytree': 0.900578215847843}. Best is trial 0 with value: 0.9.
/data/home/rtabares/anaconda3/envs/pyth3.12/lib/python3.12/site-packages/xgboost/core.py:377: FutureWarning: Your system has an old version of glibc (< 2.28). We will stop supporting Linux distros with glibc older than 2.28 after **May 31, 2025**. Please upgrade to a recent Linux distro (with glibc >= 2.28) to use future versions of XGBoost.
Note: You have installed the 'manylinux2014' variant of XGBoost. Certain features such as GPU algorithms or federated learning are not available. To use these features, please upgrade to a recent Linux distro with glibc 2.28+, and install the 'manylinux_2_28' variant.
  warnings.warn(
/data/home/rtabares/anaconda3/envs/pyth3.12/lib/python3.12/site-packages/xgboost/core.py:377: FutureWarning: Your system has an old version of glibc (< 2.28). We will stop supporting Linux distros with glibc older than 2.28 after **May 31, 2025**. Please upgrade to a recent Linux distro (with glibc >= 2.28) to use future versions of XGBoost.
Note: You have installed the 'manylinux2014' variant of XGBoost. Certain features such as GPU algorithms or federated learning are not available. To use these features, please upgrade to a recent Linux distro with glibc 2.28+, and install the 'manylinux_2_28' variant.
  warnings.warn(
/data/home/rtabares/anaconda3/envs/pyth3.12/lib/python3.12/site-packages/xgboost/core.py:377: FutureWarning: Your system has an old version of glibc (< 2.28). We will stop supporting Linux distros with glibc older than 2.28 after **May 31, 2025**. Please upgrade to a recent Linux distro (with glibc >= 2.28) to use future versions of XGBoost.
Note: You have installed the 'manylinux2014' variant of XGBoost. Certain features such as GPU algorithms or federated learning are not available. To use these features, please upgrade to a recent Linux distro with glibc 2.28+, and install the 'manylinux_2_28' variant.
  warnings.warn(
/data/home/rtabares/anaconda3/envs/pyth3.12/lib/python3.12/site-packages/xgboost/core.py:377: FutureWarning: Your system has an old version of glibc (< 2.28). We will stop supporting Linux distros with glibc older than 2.28 after **May 31, 2025**. Please upgrade to a recent Linux distro (with glibc >= 2.28) to use future versions of XGBoost.
Note: You have installed the 'manylinux2014' variant of XGBoost. Certain features such as GPU algorithms or federated learning are not available. To use these features, please upgrade to a recent Linux distro with glibc 2.28+, and install the 'manylinux_2_28' variant.
  warnings.warn(
/data/home/rtabares/anaconda3/envs/pyth3.12/lib/python3.12/site-packages/xgboost/core.py:377: FutureWarning: Your system has an old version of glibc (< 2.28). We will stop supporting Linux distros with glibc older than 2.28 after **May 31, 2025**. Please upgrade to a recent Linux distro (with glibc >= 2.28) to use future versions of XGBoost.
Note: You have installed the 'manylinux2014' variant of XGBoost. Certain features such as GPU algorithms or federated learning are not available. To use these features, please upgrade to a recent Linux distro with glibc 2.28+, and install the 'manylinux_2_28' variant.
  warnings.warn(
[I 2025-05-07 04:23:39,063] Trial 7 finished with value: 0.9 and parameters: {'n_estimators': 40, 'max_depth': 5, 'gamma': 0.4997010655396419, 'subsample': 0.7490698051808964, 'colsample_bytree': 0.7071731623998108}. Best is trial 0 with value: 0.9.
/data/home/rtabares/anaconda3/envs/pyth3.12/lib/python3.12/site-packages/xgboost/core.py:377: FutureWarning: Your system has an old version of glibc (< 2.28). We will stop supporting Linux distros with glibc older than 2.28 after **May 31, 2025**. Please upgrade to a recent Linux distro (with glibc >= 2.28) to use future versions of XGBoost.
Note: You have installed the 'manylinux2014' variant of XGBoost. Certain features such as GPU algorithms or federated learning are not available. To use these features, please upgrade to a recent Linux distro with glibc 2.28+, and install the 'manylinux_2_28' variant.
  warnings.warn(
/data/home/rtabares/anaconda3/envs/pyth3.12/lib/python3.12/site-packages/xgboost/core.py:377: FutureWarning: Your system has an old version of glibc (< 2.28). We will stop supporting Linux distros with glibc older than 2.28 after **May 31, 2025**. Please upgrade to a recent Linux distro (with glibc >= 2.28) to use future versions of XGBoost.
Note: You have installed the 'manylinux2014' variant of XGBoost. Certain features such as GPU algorithms or federated learning are not available. To use these features, please upgrade to a recent Linux distro with glibc 2.28+, and install the 'manylinux_2_28' variant.
  warnings.warn(
[I 2025-05-07 04:23:39,121] Trial 8 finished with value: 0.85 and parameters: {'n_estimators': 100, 'max_depth': 5, 'gamma': 0.5449029446194361, 'subsample': 0.7150234071055932, 'colsample_bytree': 0.8673829085180849}. Best is trial 0 with value: 0.9.
/data/home/rtabares/anaconda3/envs/pyth3.12/lib/python3.12/site-packages/xgboost/core.py:377: FutureWarning: Your system has an old version of glibc (< 2.28). We will stop supporting Linux distros with glibc older than 2.28 after **May 31, 2025**. Please upgrade to a recent Linux distro (with glibc >= 2.28) to use future versions of XGBoost.
Note: You have installed the 'manylinux2014' variant of XGBoost. Certain features such as GPU algorithms or federated learning are not available. To use these features, please upgrade to a recent Linux distro with glibc 2.28+, and install the 'manylinux_2_28' variant.
  warnings.warn(
[I 2025-05-07 04:23:39,170] Trial 9 finished with value: 0.85 and parameters: {'n_estimators': 100, 'max_depth': 30, 'gamma': 0.5427360453562716, 'subsample': 0.5915763668266103, 'colsample_bytree': 0.5546552575823498}. Best is trial 0 with value: 0.9.
/data/home/rtabares/anaconda3/envs/pyth3.12/lib/python3.12/site-packages/xgboost/core.py:377: FutureWarning: Your system has an old version of glibc (< 2.28). We will stop supporting Linux distros with glibc older than 2.28 after **May 31, 2025**. Please upgrade to a recent Linux distro (with glibc >= 2.28) to use future versions of XGBoost.
Note: You have installed the 'manylinux2014' variant of XGBoost. Certain features such as GPU algorithms or federated learning are not available. To use these features, please upgrade to a recent Linux distro with glibc 2.28+, and install the 'manylinux_2_28' variant.
  warnings.warn(
[I 2025-05-07 04:23:39,241] Trial 10 finished with value: 0.75 and parameters: {'n_estimators': 40, 'max_depth': 30, 'gamma': 0.14684638844211245, 'subsample': 0.5183047662344111, 'colsample_bytree': 0.6399757283243361}. Best is trial 0 with value: 0.9.
/data/home/rtabares/anaconda3/envs/pyth3.12/lib/python3.12/site-packages/xgboost/core.py:377: FutureWarning: Your system has an old version of glibc (< 2.28). We will stop supporting Linux distros with glibc older than 2.28 after **May 31, 2025**. Please upgrade to a recent Linux distro (with glibc >= 2.28) to use future versions of XGBoost.
Note: You have installed the 'manylinux2014' variant of XGBoost. Certain features such as GPU algorithms or federated learning are not available. To use these features, please upgrade to a recent Linux distro with glibc 2.28+, and install the 'manylinux_2_28' variant.
  warnings.warn(
/data/home/rtabares/anaconda3/envs/pyth3.12/lib/python3.12/site-packages/xgboost/core.py:377: FutureWarning: Your system has an old version of glibc (< 2.28). We will stop supporting Linux distros with glibc older than 2.28 after **May 31, 2025**. Please upgrade to a recent Linux distro (with glibc >= 2.28) to use future versions of XGBoost.
Note: You have installed the 'manylinux2014' variant of XGBoost. Certain features such as GPU algorithms or federated learning are not available. To use these features, please upgrade to a recent Linux distro with glibc 2.28+, and install the 'manylinux_2_28' variant.
  warnings.warn(
/data/home/rtabares/anaconda3/envs/pyth3.12/lib/python3.12/site-packages/xgboost/core.py:377: FutureWarning: Your system has an old version of glibc (< 2.28). We will stop supporting Linux distros with glibc older than 2.28 after **May 31, 2025**. Please upgrade to a recent Linux distro (with glibc >= 2.28) to use future versions of XGBoost.
Note: You have installed the 'manylinux2014' variant of XGBoost. Certain features such as GPU algorithms or federated learning are not available. To use these features, please upgrade to a recent Linux distro with glibc 2.28+, and install the 'manylinux_2_28' variant.
  warnings.warn(
[I 2025-05-07 04:23:39,928] Trial 11 finished with value: 0.9 and parameters: {'n_estimators': 10, 'max_depth': 5, 'gamma': 0.7404734538708532, 'subsample': 0.9683640491533567, 'colsample_bytree': 0.791290368973991}. Best is trial 0 with value: 0.9.
/data/home/rtabares/anaconda3/envs/pyth3.12/lib/python3.12/site-packages/xgboost/core.py:377: FutureWarning: Your system has an old version of glibc (< 2.28). We will stop supporting Linux distros with glibc older than 2.28 after **May 31, 2025**. Please upgrade to a recent Linux distro (with glibc >= 2.28) to use future versions of XGBoost.
Note: You have installed the 'manylinux2014' variant of XGBoost. Certain features such as GPU algorithms or federated learning are not available. To use these features, please upgrade to a recent Linux distro with glibc 2.28+, and install the 'manylinux_2_28' variant.
  warnings.warn(
/data/home/rtabares/anaconda3/envs/pyth3.12/lib/python3.12/site-packages/xgboost/core.py:377: FutureWarning: Your system has an old version of glibc (< 2.28). We will stop supporting Linux distros with glibc older than 2.28 after **May 31, 2025**. Please upgrade to a recent Linux distro (with glibc >= 2.28) to use future versions of XGBoost.
Note: You have installed the 'manylinux2014' variant of XGBoost. Certain features such as GPU algorithms or federated learning are not available. To use these features, please upgrade to a recent Linux distro with glibc 2.28+, and install the 'manylinux_2_28' variant.
  warnings.warn(
/data/home/rtabares/anaconda3/envs/pyth3.12/lib/python3.12/site-packages/xgboost/core.py:377: FutureWarning: Your system has an old version of glibc (< 2.28). We will stop supporting Linux distros with glibc older than 2.28 after **May 31, 2025**. Please upgrade to a recent Linux distro (with glibc >= 2.28) to use future versions of XGBoost.
Note: You have installed the 'manylinux2014' variant of XGBoost. Certain features such as GPU algorithms or federated learning are not available. To use these features, please upgrade to a recent Linux distro with glibc 2.28+, and install the 'manylinux_2_28' variant.
  warnings.warn(
[I 2025-05-07 04:23:40,613] Trial 12 finished with value: 0.9 and parameters: {'n_estimators': 40, 'max_depth': 30, 'gamma': 0.33003106543330485, 'subsample': 0.837351019418467, 'colsample_bytree': 0.8016486854551674}. Best is trial 0 with value: 0.9.
[I 2025-05-07 04:23:40,651] Trial 13 finished with value: 0.85 and parameters: {'n_estimators': 40, 'max_depth': 5, 'gamma': 0.7493472740896592, 'subsample': 0.6284003687490249, 'colsample_bytree': 0.6619906998059255}. Best is trial 0 with value: 0.9.
[I 2025-05-07 04:23:40,691] Trial 14 finished with value: 0.9 and parameters: {'n_estimators': 10, 'max_depth': 20, 'gamma': 0.3809802685803019, 'subsample': 0.9899457651138078, 'colsample_bytree': 0.5959354756466476}. Best is trial 0 with value: 0.9.
[I 2025-05-07 04:23:40,740] Trial 15 finished with value: 0.9 and parameters: {'n_estimators': 100, 'max_depth': 30, 'gamma': 0.9943112714517324, 'subsample': 0.8200359995329215, 'colsample_bytree': 0.7284824247049743}. Best is trial 0 with value: 0.9.
[I 2025-05-07 04:23:40,779] Trial 16 finished with value: 0.8 and parameters: {'n_estimators': 40, 'max_depth': 5, 'gamma': 0.6648730456079014, 'subsample': 0.5265430700079919, 'colsample_bytree': 0.8225676920784882}. Best is trial 0 with value: 0.9.
/data/home/rtabares/anaconda3/envs/pyth3.12/lib/python3.12/site-packages/xgboost/core.py:377: FutureWarning: Your system has an old version of glibc (< 2.28). We will stop supporting Linux distros with glibc older than 2.28 after **May 31, 2025**. Please upgrade to a recent Linux distro (with glibc >= 2.28) to use future versions of XGBoost.
Note: You have installed the 'manylinux2014' variant of XGBoost. Certain features such as GPU algorithms or federated learning are not available. To use these features, please upgrade to a recent Linux distro with glibc 2.28+, and install the 'manylinux_2_28' variant.
  warnings.warn(
[I 2025-05-07 04:23:41,423] Trial 17 finished with value: 0.85 and parameters: {'n_estimators': 100, 'max_depth': 5, 'gamma': 0.41547611635775555, 'subsample': 0.6518240843907721, 'colsample_bytree': 0.5068086515296648}. Best is trial 0 with value: 0.9.
[I 2025-05-07 04:23:41,467] Trial 18 finished with value: 0.9 and parameters: {'n_estimators': 40, 'max_depth': 30, 'gamma': 0.7925179805378093, 'subsample': 0.9180923362841127, 'colsample_bytree': 0.6573173889505894}. Best is trial 0 with value: 0.9.
[I 2025-05-07 04:23:41,503] Trial 19 finished with value: 0.85 and parameters: {'n_estimators': 10, 'max_depth': 20, 'gamma': 0.8484091708840186, 'subsample': 0.6752045869249022, 'colsample_bytree': 0.7651203651494868}. Best is trial 0 with value: 0.9.
[I 2025-05-07 04:23:41,541] Trial 20 finished with value: 0.85 and parameters: {'n_estimators': 40, 'max_depth': 30, 'gamma': 0.6498309549927597, 'subsample': 0.7888679374142473, 'colsample_bytree': 0.8592552998008142}. Best is trial 0 with value: 0.9.
[I 2025-05-07 04:23:41,591] Trial 21 finished with value: 0.9 and parameters: {'n_estimators': 40, 'max_depth': 20, 'gamma': 0.9224833808115213, 'subsample': 0.907726321748267, 'colsample_bytree': 0.991811029277949}. Best is trial 0 with value: 0.9.
[I 2025-05-07 04:23:41,630] Trial 22 finished with value: 0.85 and parameters: {'n_estimators': 40, 'max_depth': 20, 'gamma': 0.2522143597351267, 'subsample': 0.8993960847725873, 'colsample_bytree': 0.97846034880731}. Best is trial 0 with value: 0.9.
[I 2025-05-07 04:23:41,668] Trial 23 finished with value: 0.9 and parameters: {'n_estimators': 40, 'max_depth': 20, 'gamma': 0.4192326662590322, 'subsample': 0.9438496634428782, 'colsample_bytree': 0.8511404282671045}. Best is trial 0 with value: 0.9.
[I 2025-05-07 04:23:41,706] Trial 24 finished with value: 0.9 and parameters: {'n_estimators': 40, 'max_depth': 20, 'gamma': 0.9070154313790706, 'subsample': 0.8709502969651824, 'colsample_bytree': 0.593959043632211}. Best is trial 0 with value: 0.9.
[I 2025-05-07 04:23:41,746] Trial 25 finished with value: 0.85 and parameters: {'n_estimators': 100, 'max_depth': 20, 'gamma': 0.6005168462473008, 'subsample': 0.5686027666375084, 'colsample_bytree': 0.920206448802743}. Best is trial 0 with value: 0.9.
[I 2025-05-07 04:23:41,787] Trial 26 finished with value: 0.85 and parameters: {'n_estimators': 40, 'max_depth': 5, 'gamma': 0.4590600199155305, 'subsample': 0.7890142212091552, 'colsample_bytree': 0.6978865374096721}. Best is trial 0 with value: 0.9.
[I 2025-05-07 04:23:41,827] Trial 27 finished with value: 0.85 and parameters: {'n_estimators': 40, 'max_depth': 5, 'gamma': 0.1495926832334486, 'subsample': 0.9486485992226238, 'colsample_bytree': 0.7565589188962993}. Best is trial 0 with value: 0.9.
[I 2025-05-07 04:23:41,865] Trial 28 finished with value: 0.9 and parameters: {'n_estimators': 10, 'max_depth': 30, 'gamma': 0.9872479321279979, 'subsample': 0.8816978528639977, 'colsample_bytree': 0.9722594412047804}. Best is trial 0 with value: 0.9.
[I 2025-05-07 04:23:41,907] Trial 29 finished with value: 0.8 and parameters: {'n_estimators': 100, 'max_depth': 20, 'gamma': 0.26270274024487045, 'subsample': 0.6892710113302492, 'colsample_bytree': 0.8930451319107932}. Best is trial 0 with value: 0.9.
[I 2025-05-07 04:23:43,771] A new study created in memory with name: rf
Parámetros guardados en checkpoint_shoppers_Doriginal_Roriginal_B/random/IPC_10/best_models_random_seed_9_space_original/xgb_best_params.json


>>> Optuna tuning rf metodo random IPC 10 seed 9


[I 2025-05-07 04:23:46,569] Trial 0 finished with value: 0.95 and parameters: {'n_estimators': 104, 'max_depth': 12, 'min_samples_split': 6, 'min_samples_leaf': 2}. Best is trial 0 with value: 0.95.
[I 2025-05-07 04:23:46,963] Trial 1 finished with value: 0.85 and parameters: {'n_estimators': 156, 'max_depth': 6, 'min_samples_split': 5, 'min_samples_leaf': 3}. Best is trial 0 with value: 0.95.
[I 2025-05-07 04:23:47,163] Trial 2 finished with value: 0.5 and parameters: {'n_estimators': 133, 'max_depth': 9, 'min_samples_split': 3, 'min_samples_leaf': 9}. Best is trial 0 with value: 0.95.
[I 2025-05-07 04:23:47,705] Trial 3 finished with value: 0.75 and parameters: {'n_estimators': 481, 'max_depth': 3, 'min_samples_split': 8, 'min_samples_leaf': 6}. Best is trial 0 with value: 0.95.
[I 2025-05-07 04:23:48,246] Trial 4 finished with value: 0.5 and parameters: {'n_estimators': 460, 'max_depth': 15, 'min_samples_split': 6, 'min_samples_leaf': 8}. Best is trial 0 with value: 0.95.
[I 2025-05-07 04:23:48,576] Trial 5 finished with value: 0.85 and parameters: {'n_estimators': 254, 'max_depth': 15, 'min_samples_split': 9, 'min_samples_leaf': 5}. Best is trial 0 with value: 0.95.
[I 2025-05-07 04:23:49,128] Trial 6 finished with value: 0.85 and parameters: {'n_estimators': 477, 'max_depth': 17, 'min_samples_split': 10, 'min_samples_leaf': 2}. Best is trial 0 with value: 0.95.
[I 2025-05-07 04:23:49,508] Trial 7 finished with value: 0.5 and parameters: {'n_estimators': 308, 'max_depth': 20, 'min_samples_split': 7, 'min_samples_leaf': 9}. Best is trial 0 with value: 0.95.
[I 2025-05-07 04:23:50,075] Trial 8 finished with value: 0.5 and parameters: {'n_estimators': 489, 'max_depth': 6, 'min_samples_split': 4, 'min_samples_leaf': 9}. Best is trial 0 with value: 0.95.
[I 2025-05-07 04:23:50,567] Trial 9 finished with value: 0.9 and parameters: {'n_estimators': 463, 'max_depth': 16, 'min_samples_split': 5, 'min_samples_leaf': 5}. Best is trial 0 with value: 0.95.
[I 2025-05-07 04:23:50,911] Trial 10 finished with value: 0.75 and parameters: {'n_estimators': 233, 'max_depth': 11, 'min_samples_split': 2, 'min_samples_leaf': 1}. Best is trial 0 with value: 0.95.
[I 2025-05-07 04:23:51,892] Trial 11 finished with value: 0.9 and parameters: {'n_estimators': 328, 'max_depth': 13, 'min_samples_split': 6, 'min_samples_leaf': 4}. Best is trial 0 with value: 0.95.
[I 2025-05-07 04:23:52,347] Trial 12 finished with value: 0.8 and parameters: {'n_estimators': 384, 'max_depth': 20, 'min_samples_split': 5, 'min_samples_leaf': 6}. Best is trial 0 with value: 0.95.
[I 2025-05-07 04:23:53,392] Trial 13 finished with value: 0.9 and parameters: {'n_estimators': 386, 'max_depth': 12, 'min_samples_split': 7, 'min_samples_leaf': 1}. Best is trial 0 with value: 0.95.
[I 2025-05-07 04:23:54,275] Trial 14 finished with value: 0.85 and parameters: {'n_estimators': 193, 'max_depth': 17, 'min_samples_split': 4, 'min_samples_leaf': 4}. Best is trial 0 with value: 0.95.
[I 2025-05-07 04:23:54,751] Trial 15 finished with value: 0.5 and parameters: {'n_estimators': 400, 'max_depth': 8, 'min_samples_split': 5, 'min_samples_leaf': 7}. Best is trial 0 with value: 0.95.
[I 2025-05-07 04:23:54,935] Trial 16 finished with value: 0.8 and parameters: {'n_estimators': 107, 'max_depth': 14, 'min_samples_split': 7, 'min_samples_leaf': 3}. Best is trial 0 with value: 0.95.
[I 2025-05-07 04:23:55,260] Trial 17 finished with value: 0.9 and parameters: {'n_estimators': 254, 'max_depth': 17, 'min_samples_split': 2, 'min_samples_leaf': 5}. Best is trial 0 with value: 0.95.
[I 2025-05-07 04:23:55,676] Trial 18 finished with value: 0.85 and parameters: {'n_estimators': 346, 'max_depth': 10, 'min_samples_split': 4, 'min_samples_leaf': 3}. Best is trial 0 with value: 0.95.
[I 2025-05-07 04:23:56,122] Trial 19 finished with value: 0.5 and parameters: {'n_estimators': 429, 'max_depth': 18, 'min_samples_split': 6, 'min_samples_leaf': 7}. Best is trial 0 with value: 0.95.
[I 2025-05-07 04:23:56,358] Trial 20 finished with value: 0.85 and parameters: {'n_estimators': 180, 'max_depth': 13, 'min_samples_split': 8, 'min_samples_leaf': 2}. Best is trial 0 with value: 0.95.
[I 2025-05-07 04:23:56,704] Trial 21 finished with value: 0.9 and parameters: {'n_estimators': 311, 'max_depth': 14, 'min_samples_split': 6, 'min_samples_leaf': 4}. Best is trial 0 with value: 0.95.
[I 2025-05-07 04:23:56,989] Trial 22 finished with value: 0.85 and parameters: {'n_estimators': 226, 'max_depth': 12, 'min_samples_split': 5, 'min_samples_leaf': 4}. Best is trial 0 with value: 0.95.
[I 2025-05-07 04:23:57,350] Trial 23 finished with value: 0.85 and parameters: {'n_estimators': 342, 'max_depth': 15, 'min_samples_split': 6, 'min_samples_leaf': 2}. Best is trial 0 with value: 0.95.
[I 2025-05-07 04:23:57,851] Trial 24 finished with value: 0.85 and parameters: {'n_estimators': 431, 'max_depth': 11, 'min_samples_split': 8, 'min_samples_leaf': 5}. Best is trial 0 with value: 0.95.
[I 2025-05-07 04:23:58,270] Trial 25 finished with value: 0.85 and parameters: {'n_estimators': 351, 'max_depth': 13, 'min_samples_split': 3, 'min_samples_leaf': 4}. Best is trial 0 with value: 0.95.
[I 2025-05-07 04:23:58,577] Trial 26 finished with value: 0.85 and parameters: {'n_estimators': 281, 'max_depth': 9, 'min_samples_split': 7, 'min_samples_leaf': 3}. Best is trial 0 with value: 0.95.
[I 2025-05-07 04:23:58,763] Trial 27 finished with value: 0.55 and parameters: {'n_estimators': 101, 'max_depth': 18, 'min_samples_split': 6, 'min_samples_leaf': 6}. Best is trial 0 with value: 0.95.
