[I 2025-05-07 04:22:16,344] Trial 25 finished with value: 0.8 and parameters: {'n_estimators': 383, 'max_depth': 9, 'min_samples_split': 8, 'min_samples_leaf': 4}. Best is trial 5 with value: 0.9.
[I 2025-05-07 04:22:16,666] Trial 26 finished with value: 0.5 and parameters: {'n_estimators': 288, 'max_depth': 16, 'min_samples_split': 9, 'min_samples_leaf': 8}. Best is trial 5 with value: 0.9.
[I 2025-05-07 04:22:16,976] Trial 27 finished with value: 0.85 and parameters: {'n_estimators': 245, 'max_depth': 19, 'min_samples_split': 10, 'min_samples_leaf': 5}. Best is trial 5 with value: 0.9.
[I 2025-05-07 04:22:17,494] Trial 28 finished with value: 0.8 and parameters: {'n_estimators': 452, 'max_depth': 19, 'min_samples_split': 6, 'min_samples_leaf': 2}. Best is trial 5 with value: 0.9.
[I 2025-05-07 04:22:17,751] Trial 29 finished with value: 0.75 and parameters: {'n_estimators': 192, 'max_depth': 3, 'min_samples_split': 6, 'min_samples_leaf': 6}. Best is trial 5 with value: 0.9.
[I 2025-05-07 04:22:21,538] A new study created in memory with name: svc
Parámetros guardados en checkpoint_shoppers_Doriginal_Roriginal_B/ag/IPC_10/best_models_ag_seed_8_space_original/rf_best_params.json


>>> Optuna tuning svc metodo ag IPC 10 seed 8


[I 2025-05-07 04:22:23,003] Trial 0 finished with value: 0.25 and parameters: {'C': 31.168622654226873, 'gamma': 0.7484497562485191}. Best is trial 0 with value: 0.25.
[I 2025-05-07 04:22:23,050] Trial 1 finished with value: 0.6 and parameters: {'C': 29.976309274600954, 'gamma': 0.013286872459026702}. Best is trial 1 with value: 0.6.
[I 2025-05-07 04:22:23,065] Trial 2 finished with value: 0.6 and parameters: {'C': 0.08529298465080307, 'gamma': 0.00011106960237430257}. Best is trial 1 with value: 0.6.
[I 2025-05-07 04:22:23,080] Trial 3 finished with value: 0.6 and parameters: {'C': 0.5270784658374341, 'gamma': 0.004068229457500922}. Best is trial 1 with value: 0.6.
[I 2025-05-07 04:22:23,093] Trial 4 finished with value: 0.5 and parameters: {'C': 1.2322495987505253, 'gamma': 0.008195343912941565}. Best is trial 1 with value: 0.6.
[I 2025-05-07 04:22:23,107] Trial 5 finished with value: 0.55 and parameters: {'C': 1.6650446929687996, 'gamma': 0.014912280706161869}. Best is trial 1 with value: 0.6.
[I 2025-05-07 04:22:23,121] Trial 6 finished with value: 0.4 and parameters: {'C': 11.055599623279033, 'gamma': 0.07071284267178823}. Best is trial 1 with value: 0.6.
[I 2025-05-07 04:22:23,135] Trial 7 finished with value: 0.55 and parameters: {'C': 3.0111222251271013, 'gamma': 0.00506252384623837}. Best is trial 1 with value: 0.6.
[I 2025-05-07 04:22:23,150] Trial 8 finished with value: 0.25 and parameters: {'C': 0.1433177931243846, 'gamma': 0.7859971382309453}. Best is trial 1 with value: 0.6.
[I 2025-05-07 04:22:23,165] Trial 9 finished with value: 0.6 and parameters: {'C': 0.21631975482828378, 'gamma': 0.0007502469581683287}. Best is trial 1 with value: 0.6.
[I 2025-05-07 04:22:23,186] Trial 10 finished with value: 0.5 and parameters: {'C': 93.71621785255695, 'gamma': 0.10527818045462897}. Best is trial 1 with value: 0.6.
[I 2025-05-07 04:22:23,810] Trial 11 finished with value: 0.6 and parameters: {'C': 0.013928447769787706, 'gamma': 0.00013852056295909362}. Best is trial 1 with value: 0.6.
[I 2025-05-07 04:22:24,491] Trial 12 finished with value: 0.6 and parameters: {'C': 0.01594325686965602, 'gamma': 0.0006476954402755323}. Best is trial 1 with value: 0.6.
[I 2025-05-07 04:22:24,516] Trial 13 finished with value: 0.6 and parameters: {'C': 0.07406385607018509, 'gamma': 0.00010253521129585913}. Best is trial 1 with value: 0.6.
[I 2025-05-07 04:22:24,538] Trial 14 finished with value: 0.55 and parameters: {'C': 4.973524196589867, 'gamma': 0.03756885916510927}. Best is trial 1 with value: 0.6.
[I 2025-05-07 04:22:24,559] Trial 15 finished with value: 0.55 and parameters: {'C': 0.05661904744015917, 'gamma': 0.0011822521524806322}. Best is trial 1 with value: 0.6.
[I 2025-05-07 04:22:24,585] Trial 16 finished with value: 0.6 and parameters: {'C': 0.46391679878625525, 'gamma': 0.0020016616625504317}. Best is trial 1 with value: 0.6.
[I 2025-05-07 04:22:24,609] Trial 17 finished with value: 0.5 and parameters: {'C': 20.937090639949734, 'gamma': 0.00035105166308863544}. Best is trial 1 with value: 0.6.
[I 2025-05-07 04:22:24,630] Trial 18 finished with value: 0.5 and parameters: {'C': 0.03374254435506068, 'gamma': 0.02228198435750697}. Best is trial 1 with value: 0.6.
[I 2025-05-07 04:22:24,655] Trial 19 finished with value: 0.4 and parameters: {'C': 98.07693633807868, 'gamma': 0.2012557890828711}. Best is trial 1 with value: 0.6.
[I 2025-05-07 04:22:24,680] Trial 20 finished with value: 0.6 and parameters: {'C': 5.190697400457895, 'gamma': 0.002519117474335368}. Best is trial 1 with value: 0.6.
[I 2025-05-07 04:22:24,703] Trial 21 finished with value: 0.6 and parameters: {'C': 0.3161147185254555, 'gamma': 0.004621043116340512}. Best is trial 1 with value: 0.6.
[I 2025-05-07 04:22:24,729] Trial 22 finished with value: 0.6 and parameters: {'C': 0.44852463857642505, 'gamma': 0.00029341692731212727}. Best is trial 1 with value: 0.6.
[I 2025-05-07 04:22:25,405] Trial 23 finished with value: 0.5 and parameters: {'C': 0.7347206516312499, 'gamma': 0.031411409069567395}. Best is trial 1 with value: 0.6.
[I 2025-05-07 04:22:25,430] Trial 24 finished with value: 0.6 and parameters: {'C': 0.09886435279996057, 'gamma': 0.006375939006458176}. Best is trial 1 with value: 0.6.
[I 2025-05-07 04:22:25,453] Trial 25 finished with value: 0.25 and parameters: {'C': 0.1786031397878608, 'gamma': 0.2943545225841489}. Best is trial 1 with value: 0.6.
[I 2025-05-07 04:22:25,474] Trial 26 finished with value: 0.6 and parameters: {'C': 0.0378889932209745, 'gamma': 0.0026832901844544114}. Best is trial 1 with value: 0.6.
[I 2025-05-07 04:22:25,498] Trial 27 finished with value: 0.55 and parameters: {'C': 1.864474147114328, 'gamma': 0.0104563985800048}. Best is trial 1 with value: 0.6.
[I 2025-05-07 04:22:25,524] Trial 28 finished with value: 0.6 and parameters: {'C': 0.8549413477293024, 'gamma': 0.0002727198352771974}. Best is trial 1 with value: 0.6.
[I 2025-05-07 04:22:25,547] Trial 29 finished with value: 0.45 and parameters: {'C': 28.970586858280072, 'gamma': 0.05396587036936167}. Best is trial 1 with value: 0.6.
[I 2025-05-07 04:22:27,983] A new study created in memory with name: logreg
Parámetros guardados en checkpoint_shoppers_Doriginal_Roriginal_B/ag/IPC_10/best_models_ag_seed_8_space_original/svc_best_params.json


>>> Optuna tuning logreg metodo ag IPC 10 seed 8


[I 2025-05-07 04:22:30,308] Trial 0 finished with value: 0.6 and parameters: {'C': 23.288794782471303, 'penalty': 'l2'}. Best is trial 0 with value: 0.6.
[I 2025-05-07 04:22:30,428] Trial 1 finished with value: 0.6 and parameters: {'C': 69.61507800412923, 'penalty': 'l2'}. Best is trial 0 with value: 0.6.
[I 2025-05-07 04:22:30,455] Trial 2 finished with value: 0.6 and parameters: {'C': 22.180569925473442, 'penalty': 'l2'}. Best is trial 0 with value: 0.6.
[I 2025-05-07 04:22:30,483] Trial 3 finished with value: 0.6 and parameters: {'C': 0.4511058486037652, 'penalty': 'l2'}. Best is trial 0 with value: 0.6.
[I 2025-05-07 04:22:30,508] Trial 4 finished with value: 0.6 and parameters: {'C': 0.014576110093994574, 'penalty': 'l2'}. Best is trial 0 with value: 0.6.
[I 2025-05-07 04:22:30,533] Trial 5 finished with value: 0.6 and parameters: {'C': 0.0011402340906886685, 'penalty': 'l2'}. Best is trial 0 with value: 0.6.
[I 2025-05-07 04:22:30,558] Trial 6 finished with value: 0.65 and parameters: {'C': 0.14201822862985758, 'penalty': 'l2'}. Best is trial 6 with value: 0.65.
[I 2025-05-07 04:22:30,572] Trial 7 finished with value: 0.65 and parameters: {'C': 0.1027440782219989, 'penalty': 'l2'}. Best is trial 6 with value: 0.65.
[I 2025-05-07 04:22:30,597] Trial 8 finished with value: 0.65 and parameters: {'C': 0.41055690122086846, 'penalty': 'l2'}. Best is trial 6 with value: 0.65.
[I 2025-05-07 04:22:30,621] Trial 9 finished with value: 0.65 and parameters: {'C': 0.24658064201770763, 'penalty': 'l2'}. Best is trial 6 with value: 0.65.
[I 2025-05-07 04:22:30,654] Trial 10 finished with value: 0.6 and parameters: {'C': 2.7804599228008953, 'penalty': 'l2'}. Best is trial 6 with value: 0.65.
[I 2025-05-07 04:22:31,299] Trial 11 finished with value: 0.6 and parameters: {'C': 0.033652069446060424, 'penalty': 'l2'}. Best is trial 6 with value: 0.65.
[I 2025-05-07 04:22:31,935] Trial 12 finished with value: 0.6 and parameters: {'C': 0.029950578284167292, 'penalty': 'l2'}. Best is trial 6 with value: 0.65.
[I 2025-05-07 04:22:31,952] Trial 13 finished with value: 0.6 and parameters: {'C': 0.0038544431117627145, 'penalty': 'l2'}. Best is trial 6 with value: 0.65.
[I 2025-05-07 04:22:31,967] Trial 14 finished with value: 0.65 and parameters: {'C': 0.12423670255646674, 'penalty': 'l2'}. Best is trial 6 with value: 0.65.
[I 2025-05-07 04:22:31,998] Trial 15 finished with value: 0.6 and parameters: {'C': 2.206050579350825, 'penalty': 'l2'}. Best is trial 6 with value: 0.65.
[I 2025-05-07 04:22:32,013] Trial 16 finished with value: 0.6 and parameters: {'C': 0.08637666194931808, 'penalty': 'l2'}. Best is trial 6 with value: 0.65.
[I 2025-05-07 04:22:32,645] Trial 17 finished with value: 0.6 and parameters: {'C': 2.0708820569734048, 'penalty': 'l2'}. Best is trial 6 with value: 0.65.
[I 2025-05-07 04:22:33,271] Trial 18 finished with value: 0.6 and parameters: {'C': 0.008018285794597138, 'penalty': 'l2'}. Best is trial 6 with value: 0.65.
[I 2025-05-07 04:22:33,908] Trial 19 finished with value: 0.6 and parameters: {'C': 0.9115046186777203, 'penalty': 'l2'}. Best is trial 6 with value: 0.65.
[I 2025-05-07 04:22:33,928] Trial 20 finished with value: 0.6 and parameters: {'C': 0.06077263039865665, 'penalty': 'l2'}. Best is trial 6 with value: 0.65.
[I 2025-05-07 04:22:33,957] Trial 21 finished with value: 0.65 and parameters: {'C': 0.32644360828235036, 'penalty': 'l2'}. Best is trial 6 with value: 0.65.
[I 2025-05-07 04:22:33,987] Trial 22 finished with value: 0.6 and parameters: {'C': 0.6502609896124656, 'penalty': 'l2'}. Best is trial 6 with value: 0.65.
[I 2025-05-07 04:22:34,016] Trial 23 finished with value: 0.65 and parameters: {'C': 0.1659542019941852, 'penalty': 'l2'}. Best is trial 6 with value: 0.65.
[I 2025-05-07 04:22:34,047] Trial 24 finished with value: 0.65 and parameters: {'C': 5.969699849210623, 'penalty': 'l2'}. Best is trial 6 with value: 0.65.
[I 2025-05-07 04:22:34,077] Trial 25 finished with value: 0.6 and parameters: {'C': 0.04465070034315926, 'penalty': 'l2'}. Best is trial 6 with value: 0.65.
[I 2025-05-07 04:22:34,106] Trial 26 finished with value: 0.6 and parameters: {'C': 1.0180325559329357, 'penalty': 'l2'}. Best is trial 6 with value: 0.65.
[I 2025-05-07 04:22:34,135] Trial 27 finished with value: 0.6 and parameters: {'C': 0.01930811015119173, 'penalty': 'l2'}. Best is trial 6 with value: 0.65.
[I 2025-05-07 04:22:34,166] Trial 28 finished with value: 0.65 and parameters: {'C': 0.1310604408655846, 'penalty': 'l2'}. Best is trial 6 with value: 0.65.
[I 2025-05-07 04:22:34,194] Trial 29 finished with value: 0.6 and parameters: {'C': 7.492531373252401, 'penalty': 'l2'}. Best is trial 6 with value: 0.65.
[I 2025-05-07 04:22:37,746] A new study created in memory with name: mlp
Parámetros guardados en checkpoint_shoppers_Doriginal_Roriginal_B/ag/IPC_10/best_models_ag_seed_8_space_original/logreg_best_params.json


>>> Optuna tuning mlp metodo ag IPC 10 seed 8


/data/home/rtabares/anaconda3/envs/pyth3.12/lib/python3.12/site-packages/sklearn/neural_network/_multilayer_perceptron.py:691: ConvergenceWarning: Stochastic Optimizer: Maximum iterations (50) reached and the optimization hasn't converged yet.
  warnings.warn(
/data/home/rtabares/anaconda3/envs/pyth3.12/lib/python3.12/site-packages/sklearn/neural_network/_multilayer_perceptron.py:691: ConvergenceWarning: Stochastic Optimizer: Maximum iterations (50) reached and the optimization hasn't converged yet.
  warnings.warn(
/data/home/rtabares/anaconda3/envs/pyth3.12/lib/python3.12/site-packages/sklearn/neural_network/_multilayer_perceptron.py:691: ConvergenceWarning: Stochastic Optimizer: Maximum iterations (50) reached and the optimization hasn't converged yet.
  warnings.warn(
/data/home/rtabares/anaconda3/envs/pyth3.12/lib/python3.12/site-packages/sklearn/neural_network/_multilayer_perceptron.py:691: ConvergenceWarning: Stochastic Optimizer: Maximum iterations (50) reached and the optimization hasn't converged yet.
  warnings.warn(
/data/home/rtabares/anaconda3/envs/pyth3.12/lib/python3.12/site-packages/sklearn/neural_network/_multilayer_perceptron.py:691: ConvergenceWarning: Stochastic Optimizer: Maximum iterations (50) reached and the optimization hasn't converged yet.
  warnings.warn(
[I 2025-05-07 04:22:39,324] Trial 0 finished with value: 0.45 and parameters: {'hidden_layer_sizes': (200,), 'max_iter': 50, 'alpha': 0.001}. Best is trial 0 with value: 0.45.
/data/home/rtabares/anaconda3/envs/pyth3.12/lib/python3.12/site-packages/sklearn/neural_network/_multilayer_perceptron.py:691: ConvergenceWarning: Stochastic Optimizer: Maximum iterations (50) reached and the optimization hasn't converged yet.
  warnings.warn(
/data/home/rtabares/anaconda3/envs/pyth3.12/lib/python3.12/site-packages/sklearn/neural_network/_multilayer_perceptron.py:691: ConvergenceWarning: Stochastic Optimizer: Maximum iterations (50) reached and the optimization hasn't converged yet.
  warnings.warn(
/data/home/rtabares/anaconda3/envs/pyth3.12/lib/python3.12/site-packages/sklearn/neural_network/_multilayer_perceptron.py:691: ConvergenceWarning: Stochastic Optimizer: Maximum iterations (50) reached and the optimization hasn't converged yet.
  warnings.warn(
/data/home/rtabares/anaconda3/envs/pyth3.12/lib/python3.12/site-packages/sklearn/neural_network/_multilayer_perceptron.py:691: ConvergenceWarning: Stochastic Optimizer: Maximum iterations (50) reached and the optimization hasn't converged yet.
  warnings.warn(
/data/home/rtabares/anaconda3/envs/pyth3.12/lib/python3.12/site-packages/sklearn/neural_network/_multilayer_perceptron.py:691: ConvergenceWarning: Stochastic Optimizer: Maximum iterations (50) reached and the optimization hasn't converged yet.
  warnings.warn(
[I 2025-05-07 04:22:39,413] Trial 1 finished with value: 0.5 and parameters: {'hidden_layer_sizes': (200,), 'max_iter': 50, 'alpha': 0.0001}. Best is trial 1 with value: 0.5.
/data/home/rtabares/anaconda3/envs/pyth3.12/lib/python3.12/site-packages/sklearn/neural_network/_multilayer_perceptron.py:691: ConvergenceWarning: Stochastic Optimizer: Maximum iterations (50) reached and the optimization hasn't converged yet.
  warnings.warn(
/data/home/rtabares/anaconda3/envs/pyth3.12/lib/python3.12/site-packages/sklearn/neural_network/_multilayer_perceptron.py:691: ConvergenceWarning: Stochastic Optimizer: Maximum iterations (50) reached and the optimization hasn't converged yet.
  warnings.warn(
/data/home/rtabares/anaconda3/envs/pyth3.12/lib/python3.12/site-packages/sklearn/neural_network/_multilayer_perceptron.py:691: ConvergenceWarning: Stochastic Optimizer: Maximum iterations (50) reached and the optimization hasn't converged yet.
  warnings.warn(
/data/home/rtabares/anaconda3/envs/pyth3.12/lib/python3.12/site-packages/sklearn/neural_network/_multilayer_perceptron.py:691: ConvergenceWarning: Stochastic Optimizer: Maximum iterations (50) reached and the optimization hasn't converged yet.
  warnings.warn(
/data/home/rtabares/anaconda3/envs/pyth3.12/lib/python3.12/site-packages/sklearn/neural_network/_multilayer_perceptron.py:691: ConvergenceWarning: Stochastic Optimizer: Maximum iterations (50) reached and the optimization hasn't converged yet.
  warnings.warn(
[I 2025-05-07 04:22:39,461] Trial 2 finished with value: 0.45 and parameters: {'hidden_layer_sizes': (100,), 'max_iter': 50, 'alpha': 0.0001}. Best is trial 1 with value: 0.5.
/data/home/rtabares/anaconda3/envs/pyth3.12/lib/python3.12/site-packages/sklearn/neural_network/_multilayer_perceptron.py:691: ConvergenceWarning: Stochastic Optimizer: Maximum iterations (100) reached and the optimization hasn't converged yet.
  warnings.warn(
/data/home/rtabares/anaconda3/envs/pyth3.12/lib/python3.12/site-packages/sklearn/neural_network/_multilayer_perceptron.py:691: ConvergenceWarning: Stochastic Optimizer: Maximum iterations (100) reached and the optimization hasn't converged yet.
  warnings.warn(
/data/home/rtabares/anaconda3/envs/pyth3.12/lib/python3.12/site-packages/sklearn/neural_network/_multilayer_perceptron.py:691: ConvergenceWarning: Stochastic Optimizer: Maximum iterations (100) reached and the optimization hasn't converged yet.
  warnings.warn(
/data/home/rtabares/anaconda3/envs/pyth3.12/lib/python3.12/site-packages/sklearn/neural_network/_multilayer_perceptron.py:691: ConvergenceWarning: Stochastic Optimizer: Maximum iterations (100) reached and the optimization hasn't converged yet.
  warnings.warn(
/data/home/rtabares/anaconda3/envs/pyth3.12/lib/python3.12/site-packages/sklearn/neural_network/_multilayer_perceptron.py:691: ConvergenceWarning: Stochastic Optimizer: Maximum iterations (100) reached and the optimization hasn't converged yet.
  warnings.warn(
[I 2025-05-07 04:22:39,527] Trial 3 finished with value: 0.5 and parameters: {'hidden_layer_sizes': (100,), 'max_iter': 100, 'alpha': 0.001}. Best is trial 1 with value: 0.5.
/data/home/rtabares/anaconda3/envs/pyth3.12/lib/python3.12/site-packages/sklearn/neural_network/_multilayer_perceptron.py:691: ConvergenceWarning: Stochastic Optimizer: Maximum iterations (100) reached and the optimization hasn't converged yet.
  warnings.warn(
/data/home/rtabares/anaconda3/envs/pyth3.12/lib/python3.12/site-packages/sklearn/neural_network/_multilayer_perceptron.py:691: ConvergenceWarning: Stochastic Optimizer: Maximum iterations (100) reached and the optimization hasn't converged yet.
  warnings.warn(
/data/home/rtabares/anaconda3/envs/pyth3.12/lib/python3.12/site-packages/sklearn/neural_network/_multilayer_perceptron.py:691: ConvergenceWarning: Stochastic Optimizer: Maximum iterations (100) reached and the optimization hasn't converged yet.
  warnings.warn(
/data/home/rtabares/anaconda3/envs/pyth3.12/lib/python3.12/site-packages/sklearn/neural_network/_multilayer_perceptron.py:691: ConvergenceWarning: Stochastic Optimizer: Maximum iterations (100) reached and the optimization hasn't converged yet.
  warnings.warn(
/data/home/rtabares/anaconda3/envs/pyth3.12/lib/python3.12/site-packages/sklearn/neural_network/_multilayer_perceptron.py:691: ConvergenceWarning: Stochastic Optimizer: Maximum iterations (100) reached and the optimization hasn't converged yet.
  warnings.warn(
[I 2025-05-07 04:22:39,604] Trial 4 finished with value: 0.5 and parameters: {'hidden_layer_sizes': (200,), 'max_iter': 100, 'alpha': 0.001}. Best is trial 1 with value: 0.5.
/data/home/rtabares/anaconda3/envs/pyth3.12/lib/python3.12/site-packages/sklearn/neural_network/_multilayer_perceptron.py:691: ConvergenceWarning: Stochastic Optimizer: Maximum iterations (50) reached and the optimization hasn't converged yet.
  warnings.warn(
/data/home/rtabares/anaconda3/envs/pyth3.12/lib/python3.12/site-packages/sklearn/neural_network/_multilayer_perceptron.py:691: ConvergenceWarning: Stochastic Optimizer: Maximum iterations (50) reached and the optimization hasn't converged yet.
  warnings.warn(
/data/home/rtabares/anaconda3/envs/pyth3.12/lib/python3.12/site-packages/sklearn/neural_network/_multilayer_perceptron.py:691: ConvergenceWarning: Stochastic Optimizer: Maximum iterations (50) reached and the optimization hasn't converged yet.
  warnings.warn(
/data/home/rtabares/anaconda3/envs/pyth3.12/lib/python3.12/site-packages/sklearn/neural_network/_multilayer_perceptron.py:691: ConvergenceWarning: Stochastic Optimizer: Maximum iterations (50) reached and the optimization hasn't converged yet.
  warnings.warn(
/data/home/rtabares/anaconda3/envs/pyth3.12/lib/python3.12/site-packages/sklearn/neural_network/_multilayer_perceptron.py:691: ConvergenceWarning: Stochastic Optimizer: Maximum iterations (50) reached and the optimization hasn't converged yet.
  warnings.warn(
[I 2025-05-07 04:22:39,660] Trial 5 finished with value: 0.45 and parameters: {'hidden_layer_sizes': (200,), 'max_iter': 50, 'alpha': 0.001}. Best is trial 1 with value: 0.5.
/data/home/rtabares/anaconda3/envs/pyth3.12/lib/python3.12/site-packages/sklearn/neural_network/_multilayer_perceptron.py:691: ConvergenceWarning: Stochastic Optimizer: Maximum iterations (100) reached and the optimization hasn't converged yet.
  warnings.warn(
/data/home/rtabares/anaconda3/envs/pyth3.12/lib/python3.12/site-packages/sklearn/neural_network/_multilayer_perceptron.py:691: ConvergenceWarning: Stochastic Optimizer: Maximum iterations (100) reached and the optimization hasn't converged yet.
  warnings.warn(
/data/home/rtabares/anaconda3/envs/pyth3.12/lib/python3.12/site-packages/sklearn/neural_network/_multilayer_perceptron.py:691: ConvergenceWarning: Stochastic Optimizer: Maximum iterations (100) reached and the optimization hasn't converged yet.
  warnings.warn(
/data/home/rtabares/anaconda3/envs/pyth3.12/lib/python3.12/site-packages/sklearn/neural_network/_multilayer_perceptron.py:691: ConvergenceWarning: Stochastic Optimizer: Maximum iterations (100) reached and the optimization hasn't converged yet.
  warnings.warn(
/data/home/rtabares/anaconda3/envs/pyth3.12/lib/python3.12/site-packages/sklearn/neural_network/_multilayer_perceptron.py:691: ConvergenceWarning: Stochastic Optimizer: Maximum iterations (100) reached and the optimization hasn't converged yet.
  warnings.warn(
