[I 2025-05-04 08:33:59,216] Trial 11 finished with value: 0.7982562616742424 and parameters: {'n_estimators': 100, 'max_depth': 5, 'gamma': 0.9780821597952087, 'subsample': 0.6991327138554846, 'colsample_bytree': 0.9969596088199149}. Best is trial 11 with value: 0.7982562616742424.
/data/home/rtabares/anaconda3/envs/pyth3.12/lib/python3.12/site-packages/xgboost/core.py:377: FutureWarning: Your system has an old version of glibc (< 2.28). We will stop supporting Linux distros with glibc older than 2.28 after **May 31, 2025**. Please upgrade to a recent Linux distro (with glibc >= 2.28) to use future versions of XGBoost.
Note: You have installed the 'manylinux2014' variant of XGBoost. Certain features such as GPU algorithms or federated learning are not available. To use these features, please upgrade to a recent Linux distro with glibc 2.28+, and install the 'manylinux_2_28' variant.
  warnings.warn(
/data/home/rtabares/anaconda3/envs/pyth3.12/lib/python3.12/site-packages/xgboost/core.py:377: FutureWarning: Your system has an old version of glibc (< 2.28). We will stop supporting Linux distros with glibc older than 2.28 after **May 31, 2025**. Please upgrade to a recent Linux distro (with glibc >= 2.28) to use future versions of XGBoost.
Note: You have installed the 'manylinux2014' variant of XGBoost. Certain features such as GPU algorithms or federated learning are not available. To use these features, please upgrade to a recent Linux distro with glibc 2.28+, and install the 'manylinux_2_28' variant.
  warnings.warn(
/data/home/rtabares/anaconda3/envs/pyth3.12/lib/python3.12/site-packages/xgboost/core.py:377: FutureWarning: Your system has an old version of glibc (< 2.28). We will stop supporting Linux distros with glibc older than 2.28 after **May 31, 2025**. Please upgrade to a recent Linux distro (with glibc >= 2.28) to use future versions of XGBoost.
Note: You have installed the 'manylinux2014' variant of XGBoost. Certain features such as GPU algorithms or federated learning are not available. To use these features, please upgrade to a recent Linux distro with glibc 2.28+, and install the 'manylinux_2_28' variant.
  warnings.warn(
/data/home/rtabares/anaconda3/envs/pyth3.12/lib/python3.12/site-packages/xgboost/core.py:377: FutureWarning: Your system has an old version of glibc (< 2.28). We will stop supporting Linux distros with glibc older than 2.28 after **May 31, 2025**. Please upgrade to a recent Linux distro (with glibc >= 2.28) to use future versions of XGBoost.
Note: You have installed the 'manylinux2014' variant of XGBoost. Certain features such as GPU algorithms or federated learning are not available. To use these features, please upgrade to a recent Linux distro with glibc 2.28+, and install the 'manylinux_2_28' variant.
  warnings.warn(
[I 2025-05-04 08:34:04,323] Trial 12 finished with value: 0.7972132904632651 and parameters: {'n_estimators': 100, 'max_depth': 5, 'gamma': 0.9992933757507363, 'subsample': 0.7037618908833935, 'colsample_bytree': 0.9200775924124897}. Best is trial 11 with value: 0.7982562616742424.
[I 2025-05-04 08:34:08,641] Trial 13 finished with value: 0.797511142325884 and parameters: {'n_estimators': 100, 'max_depth': 5, 'gamma': 0.7614692109626992, 'subsample': 0.8111118200397299, 'colsample_bytree': 0.9122041437736855}. Best is trial 11 with value: 0.7982562616742424.
[I 2025-05-04 08:34:12,953] Trial 14 finished with value: 0.7971957047450474 and parameters: {'n_estimators': 100, 'max_depth': 5, 'gamma': 0.8619792491491385, 'subsample': 0.6419740102674932, 'colsample_bytree': 0.98584436173956}. Best is trial 11 with value: 0.7982562616742424.
[I 2025-05-04 08:34:14,846] Trial 15 finished with value: 0.7947270525365739 and parameters: {'n_estimators': 40, 'max_depth': 5, 'gamma': 0.3508253335562579, 'subsample': 0.8262595028177575, 'colsample_bytree': 0.7235503958995013}. Best is trial 11 with value: 0.7982562616742424.
[I 2025-05-04 08:34:18,813] Trial 16 finished with value: 0.7949107545735199 and parameters: {'n_estimators': 100, 'max_depth': 5, 'gamma': 0.6286484370183922, 'subsample': 0.6487804658026871, 'colsample_bytree': 0.8838031788621593}. Best is trial 11 with value: 0.7982562616742424.
[I 2025-05-04 08:34:21,729] Trial 17 finished with value: 0.7981990451863293 and parameters: {'n_estimators': 100, 'max_depth': 5, 'gamma': 0.36655148498992607, 'subsample': 0.8707044594862765, 'colsample_bytree': 0.617293780839153}. Best is trial 11 with value: 0.7982562616742424.
[I 2025-05-04 08:34:23,247] Trial 18 finished with value: 0.7934045670780715 and parameters: {'n_estimators': 40, 'max_depth': 5, 'gamma': 0.3544418085409456, 'subsample': 0.869455901249342, 'colsample_bytree': 0.6289769971575503}. Best is trial 11 with value: 0.7982562616742424.
[I 2025-05-04 08:34:26,122] Trial 19 finished with value: 0.7825445819844927 and parameters: {'n_estimators': 10, 'max_depth': 30, 'gamma': 0.42352659963854444, 'subsample': 0.8850649602054159, 'colsample_bytree': 0.666741753669585}. Best is trial 11 with value: 0.7982562616742424.
[I 2025-05-04 08:34:29,977] Trial 20 finished with value: 0.7984637793797692 and parameters: {'n_estimators': 100, 'max_depth': 5, 'gamma': 0.8436000526263521, 'subsample': 0.7536644872815214, 'colsample_bytree': 0.5280460435729333}. Best is trial 20 with value: 0.7984637793797692.
[I 2025-05-04 08:34:33,185] Trial 21 finished with value: 0.7979720649484363 and parameters: {'n_estimators': 100, 'max_depth': 5, 'gamma': 0.8819557169155927, 'subsample': 0.7525416662702719, 'colsample_bytree': 0.514085625026814}. Best is trial 20 with value: 0.7984637793797692.
[I 2025-05-04 08:34:36,707] Trial 22 finished with value: 0.7976946388150232 and parameters: {'n_estimators': 100, 'max_depth': 5, 'gamma': 0.8083472250546828, 'subsample': 0.6396221722078966, 'colsample_bytree': 0.594348905853391}. Best is trial 20 with value: 0.7984637793797692.
[I 2025-05-04 08:34:40,032] Trial 23 finished with value: 0.7983679474626163 and parameters: {'n_estimators': 100, 'max_depth': 5, 'gamma': 0.9328275059083723, 'subsample': 0.8975742584016496, 'colsample_bytree': 0.5013006813764311}. Best is trial 20 with value: 0.7984637793797692.
[I 2025-05-04 08:34:43,527] Trial 24 finished with value: 0.7973073945284475 and parameters: {'n_estimators': 100, 'max_depth': 5, 'gamma': 0.9167803245969495, 'subsample': 0.6931883563487821, 'colsample_bytree': 0.5021894713621671}. Best is trial 20 with value: 0.7984637793797692.
[I 2025-05-04 08:34:47,401] Trial 25 finished with value: 0.7973798766263365 and parameters: {'n_estimators': 100, 'max_depth': 5, 'gamma': 0.7075865544587456, 'subsample': 0.764466618113154, 'colsample_bytree': 0.5559285504540625}. Best is trial 20 with value: 0.7984637793797692.
[I 2025-05-04 08:34:50,272] Trial 26 finished with value: 0.7983486389904589 and parameters: {'n_estimators': 100, 'max_depth': 5, 'gamma': 0.8257425388718184, 'subsample': 0.9451005701803997, 'colsample_bytree': 0.7790575351711161}. Best is trial 20 with value: 0.7984637793797692.
[I 2025-05-04 08:34:53,528] Trial 27 finished with value: 0.7977930636635115 and parameters: {'n_estimators': 100, 'max_depth': 5, 'gamma': 0.8304814722610263, 'subsample': 0.9201949349190054, 'colsample_bytree': 0.77103113241339}. Best is trial 20 with value: 0.7984637793797692.
[I 2025-05-04 08:34:56,393] Trial 28 finished with value: 0.7918133529979643 and parameters: {'n_estimators': 40, 'max_depth': 20, 'gamma': 0.6472595912557465, 'subsample': 0.9536926151563576, 'colsample_bytree': 0.6901059360959295}. Best is trial 20 with value: 0.7984637793797692.
[I 2025-05-04 08:34:58,713] Trial 29 finished with value: 0.7833870101131761 and parameters: {'n_estimators': 10, 'max_depth': 30, 'gamma': 0.7871150212749687, 'subsample': 0.9243411044912965, 'colsample_bytree': 0.772075893878384}. Best is trial 20 with value: 0.7984637793797692.
[I 2025-05-04 08:38:52,827] A new study created in memory with name: rf
Parámetros guardados en checkpoint_adult_Doriginal_Roriginal/Full-data/best_models_Full-data_seed_0/xgb_best_params.json


>>> Optuna tuning rf


[I 2025-05-04 08:39:15,836] Trial 0 finished with value: 0.8288149827664391 and parameters: {'n_estimators': 320, 'max_depth': 15, 'min_samples_split': 7, 'min_samples_leaf': 6}. Best is trial 0 with value: 0.8288149827664391.
[I 2025-05-04 08:39:36,744] Trial 1 finished with value: 0.8278629876151588 and parameters: {'n_estimators': 269, 'max_depth': 14, 'min_samples_split': 5, 'min_samples_leaf': 9}. Best is trial 0 with value: 0.8288149827664391.
[I 2025-05-04 08:40:06,388] Trial 2 finished with value: 0.819021436559605 and parameters: {'n_estimators': 486, 'max_depth': 9, 'min_samples_split': 9, 'min_samples_leaf': 6}. Best is trial 0 with value: 0.8288149827664391.
[I 2025-05-04 08:40:34,124] Trial 3 finished with value: 0.8263156645972323 and parameters: {'n_estimators': 327, 'max_depth': 19, 'min_samples_split': 2, 'min_samples_leaf': 1}. Best is trial 0 with value: 0.8288149827664391.
[I 2025-05-04 08:40:43,023] Trial 4 finished with value: 0.8280444679724035 and parameters: {'n_estimators': 108, 'max_depth': 17, 'min_samples_split': 9, 'min_samples_leaf': 9}. Best is trial 0 with value: 0.8288149827664391.
[I 2025-05-04 08:41:18,638] Trial 5 finished with value: 0.8286911628074863 and parameters: {'n_estimators': 492, 'max_depth': 17, 'min_samples_split': 6, 'min_samples_leaf': 8}. Best is trial 0 with value: 0.8288149827664391.
[I 2025-05-04 08:41:29,872] Trial 6 finished with value: 0.827511275083047 and parameters: {'n_estimators': 147, 'max_depth': 14, 'min_samples_split': 3, 'min_samples_leaf': 10}. Best is trial 0 with value: 0.8288149827664391.
[I 2025-05-04 08:41:46,094] Trial 7 finished with value: 0.8217468034040529 and parameters: {'n_estimators': 309, 'max_depth': 10, 'min_samples_split': 4, 'min_samples_leaf': 8}. Best is trial 0 with value: 0.8288149827664391.
[I 2025-05-04 08:42:01,244] Trial 8 finished with value: 0.8261190457754799 and parameters: {'n_estimators': 282, 'max_depth': 13, 'min_samples_split': 2, 'min_samples_leaf': 7}. Best is trial 0 with value: 0.8288149827664391.
[I 2025-05-04 08:42:18,854] Trial 9 finished with value: 0.8273503271751818 and parameters: {'n_estimators': 345, 'max_depth': 14, 'min_samples_split': 10, 'min_samples_leaf': 7}. Best is trial 0 with value: 0.8288149827664391.
[I 2025-05-04 08:42:31,771] Trial 10 finished with value: 0.7911619884380646 and parameters: {'n_estimators': 407, 'max_depth': 5, 'min_samples_split': 7, 'min_samples_leaf': 3}. Best is trial 0 with value: 0.8288149827664391.
[I 2025-05-04 08:42:58,248] Trial 11 finished with value: 0.8313404387511328 and parameters: {'n_estimators': 480, 'max_depth': 20, 'min_samples_split': 7, 'min_samples_leaf': 4}. Best is trial 11 with value: 0.8313404387511328.
[I 2025-05-04 08:43:09,946] Trial 12 finished with value: 0.8304602472981578 and parameters: {'n_estimators': 210, 'max_depth': 20, 'min_samples_split': 7, 'min_samples_leaf': 4}. Best is trial 11 with value: 0.8313404387511328.
[I 2025-05-04 08:43:20,519] Trial 13 finished with value: 0.8307592116196296 and parameters: {'n_estimators': 195, 'max_depth': 20, 'min_samples_split': 7, 'min_samples_leaf': 4}. Best is trial 11 with value: 0.8313404387511328.
[I 2025-05-04 08:43:29,777] Trial 14 finished with value: 0.830656246701458 and parameters: {'n_estimators': 203, 'max_depth': 20, 'min_samples_split': 8, 'min_samples_leaf': 4}. Best is trial 11 with value: 0.8313404387511328.
[I 2025-05-04 08:43:46,885] Trial 15 finished with value: 0.8298892337047341 and parameters: {'n_estimators': 423, 'max_depth': 17, 'min_samples_split': 6, 'min_samples_leaf': 2}. Best is trial 11 with value: 0.8313404387511328.
[I 2025-05-04 08:43:51,054] Trial 16 finished with value: 0.778586350426002 and parameters: {'n_estimators': 213, 'max_depth': 3, 'min_samples_split': 5, 'min_samples_leaf': 4}. Best is trial 11 with value: 0.8313404387511328.
[I 2025-05-04 08:44:05,332] Trial 17 finished with value: 0.8294684973408671 and parameters: {'n_estimators': 391, 'max_depth': 18, 'min_samples_split': 8, 'min_samples_leaf': 5}. Best is trial 11 with value: 0.8313404387511328.
[I 2025-05-04 08:44:12,819] Trial 18 finished with value: 0.8183752695278018 and parameters: {'n_estimators': 238, 'max_depth': 9, 'min_samples_split': 5, 'min_samples_leaf': 2}. Best is trial 11 with value: 0.8313404387511328.
[I 2025-05-04 08:44:16,428] Trial 19 finished with value: 0.804586422583385 and parameters: {'n_estimators': 155, 'max_depth': 7, 'min_samples_split': 10, 'min_samples_leaf': 5}. Best is trial 11 with value: 0.8313404387511328.
[I 2025-05-04 08:44:28,508] Trial 20 finished with value: 0.8257207200094318 and parameters: {'n_estimators': 369, 'max_depth': 12, 'min_samples_split': 8, 'min_samples_leaf': 3}. Best is trial 11 with value: 0.8313404387511328.
[I 2025-05-04 08:44:34,916] Trial 21 finished with value: 0.8303409452891664 and parameters: {'n_estimators': 173, 'max_depth': 20, 'min_samples_split': 8, 'min_samples_leaf': 4}. Best is trial 11 with value: 0.8313404387511328.
[I 2025-05-04 08:44:39,092] Trial 22 finished with value: 0.8307437248188482 and parameters: {'n_estimators': 100, 'max_depth': 20, 'min_samples_split': 7, 'min_samples_leaf': 3}. Best is trial 11 with value: 0.8313404387511328.
[I 2025-05-04 08:44:42,781] Trial 23 finished with value: 0.8292423054878058 and parameters: {'n_estimators': 114, 'max_depth': 16, 'min_samples_split': 6, 'min_samples_leaf': 3}. Best is trial 11 with value: 0.8313404387511328.
[I 2025-05-04 08:44:59,377] Trial 24 finished with value: 0.8295694083012597 and parameters: {'n_estimators': 443, 'max_depth': 18, 'min_samples_split': 7, 'min_samples_leaf': 1}. Best is trial 11 with value: 0.8313404387511328.
[I 2025-05-04 08:45:08,716] Trial 25 finished with value: 0.8306790495005106 and parameters: {'n_estimators': 249, 'max_depth': 19, 'min_samples_split': 6, 'min_samples_leaf': 2}. Best is trial 11 with value: 0.8313404387511328.
[I 2025-05-04 08:45:15,512] Trial 26 finished with value: 0.829741046395176 and parameters: {'n_estimators': 175, 'max_depth': 19, 'min_samples_split': 9, 'min_samples_leaf': 5}. Best is trial 11 with value: 0.8313404387511328.
[I 2025-05-04 08:45:20,489] Trial 27 finished with value: 0.8297841576456312 and parameters: {'n_estimators': 143, 'max_depth': 16, 'min_samples_split': 7, 'min_samples_leaf': 3}. Best is trial 11 with value: 0.8313404387511328.
[I 2025-05-04 08:45:24,696] Trial 28 finished with value: 0.8299554331270211 and parameters: {'n_estimators': 111, 'max_depth': 20, 'min_samples_split': 4, 'min_samples_leaf': 2}. Best is trial 11 with value: 0.8313404387511328.
[I 2025-05-04 08:45:38,763] Trial 29 finished with value: 0.828302488043667 and parameters: {'n_estimators': 466, 'max_depth': 16, 'min_samples_split': 7, 'min_samples_leaf': 6}. Best is trial 11 with value: 0.8313404387511328.
/data/home/rtabares/anaconda3/envs/pyth3.12/lib/python3.12/site-packages/xgboost/core.py:377: FutureWarning: Your system has an old version of glibc (< 2.28). We will stop supporting Linux distros with glibc older than 2.28 after **May 31, 2025**. Please upgrade to a recent Linux distro (with glibc >= 2.28) to use future versions of XGBoost.
Note: You have installed the 'manylinux2014' variant of XGBoost. Certain feat/data/home/rtabares/anaconda3/envs/pyth3.12/lib/python3.12/site-packages/joblib/externals/loky/backend/resource_tracker.py:314: UserWarning: resource_tracker: There appear to be 1 leaked file objects to clean up at shutdown
  warnings.warn(
/data/home/rtabares/anaconda3/envs/pyth3.12/lib/python3.12/site-packages/joblib/externals/loky/backend/resource_tracker.py:314: UserWarning: resource_tracker: There appear to be 70 leaked semlock objects to clean up at shutdown
  warnings.warn(
/data/home/rtabares/anaconda3/envs/pyth3.12/lib/python3.12/site-packages/joblib/externals/loky/backend/resource_tracker.py:314: UserWarning: resource_tracker: There appear to be 65 leaked folder objects to clean up at shutdown
  warnings.warn(
pgrade to a recent Linux distro with glibc 2.28+, and install the 'manylinux_2_28' variant.
  warnings.warn(
/data/home/rtabares/anaconda3/envs/pyth3.12/lib/python3.12/site-packages/xgboost/core.py:377: FutureWarning: Your system has an old version of glibc (< 2.28). We will stop supporting Linux distros with glibc older than 2.28 after **May 31, 2025**. Please upgrade to a recent Linux distro (with glibc >= 2.28) to use future versions of XGBoost.
Note: You have installed the 'manylinux2014' variant of XGBoost. Certain features such as GPU algorithms or federated learning are not available. To use these features, please upgrade to a recent Linux distro with glibc 2.28+, and install the 'manylinux_2_28' variant.
  warnings.warn(
/data/home/rtabares/anaconda3/envs/pyth3.12/lib/python3.12/site-packages/xgboost/core.py:377: FutureWarning: Your system has an old version of glibc (< 2.28). We will stop supporting Linux distros with glibc older than 2.28 after **May 31, 2025**. Please upgrade to a recent Linux distro (with glibc >= 2.28) to use future versions of XGBoost.
Note: You have installed the 'manylinux2014' variant of XGBoost. Certain features such as GPU algorithms or federated learning are not available. To use these features, please upgrade to a recent Linux distro with glibc 2.28+, and install the 'manylinux_2_28' variant.
  warnings.warn(
/data/home/rtabares/anaconda3/envs/pyth3.12/lib/python3.12/site-packages/xgboost/core.py:377: FutureWarning: Your system has an old version of glibc (< 2.28). We will stop supporting Linux distros with glibc older than 2.28 after **May 31, 2025**. Please upgrade to a recent Linux distro (with glibc >= 2.28) to use future versions of XGBoost.
Note: You have installed the 'manylinux2014' variant of XGBoost. Certain features such as GPU algorithms or federated learning are not available. To use these features, please upgrade to a recent Linux distro with glibc 2.28+, and install the 'manylinux_2_28' variant.
  warnings.warn(
[I 2025-05-04 08:46:15,044] A new study created in memory with name: svc
Parámetros guardados en checkpoint_adult_Doriginal_Roriginal/Full-data/best_models_Full-data_seed_0/rf_best_params.json


>>> Optuna tuning svc


[I 2025-05-04 08:55:11,910] Trial 0 finished with value: 0.7657001935149305 and parameters: {'C': 1.5676677195506077, 'gamma': 0.07257005721594278}. Best is trial 0 with value: 0.7657001935149305.
[I 2025-05-04 09:03:47,320] Trial 1 finished with value: 0.7562946147933829 and parameters: {'C': 2.57663857461359, 'gamma': 0.01511933646764101}. Best is trial 0 with value: 0.7657001935149305.
[I 2025-05-04 09:11:52,679] Trial 2 finished with value: 0.7551067394415465 and parameters: {'C': 0.49501595537331966, 'gamma': 0.03833332156156663}. Best is trial 0 with value: 0.7657001935149305.
