[I 2025-05-07 04:10:21,360] Trial 9 finished with value: 0.95 and parameters: {'n_estimators': 40, 'max_depth': 30, 'gamma': 0.9649927737686168, 'subsample': 0.6857563076640036, 'colsample_bytree': 0.5061847058001788}. Best is trial 0 with value: 1.0.
/data/home/rtabares/anaconda3/envs/pyth3.12/lib/python3.12/site-packages/xgboost/core.py:377: FutureWarning: Your system has an old version of glibc (< 2.28). We will stop supporting Linux distros with glibc older than 2.28 after **May 31, 2025**. Please upgrade to a recent Linux distro (with glibc >= 2.28) to use future versions of XGBoost.
Note: You have installed the 'manylinux2014' variant of XGBoost. Certain features such as GPU algorithms or federated learning are not available. To use these features, please upgrade to a recent Linux distro with glibc 2.28+, and install the 'manylinux_2_28' variant.
  warnings.warn(
[I 2025-05-07 04:10:21,419] Trial 10 finished with value: 0.95 and parameters: {'n_estimators': 40, 'max_depth': 5, 'gamma': 0.17962098877423716, 'subsample': 0.8225184540606401, 'colsample_bytree': 0.7743115296703093}. Best is trial 0 with value: 1.0.
/data/home/rtabares/anaconda3/envs/pyth3.12/lib/python3.12/site-packages/xgboost/core.py:377: FutureWarning: Your system has an old version of glibc (< 2.28). We will stop supporting Linux distros with glibc older than 2.28 after **May 31, 2025**. Please upgrade to a recent Linux distro (with glibc >= 2.28) to use future versions of XGBoost.
Note: You have installed the 'manylinux2014' variant of XGBoost. Certain features such as GPU algorithms or federated learning are not available. To use these features, please upgrade to a recent Linux distro with glibc 2.28+, and install the 'manylinux_2_28' variant.
  warnings.warn(
/data/home/rtabares/anaconda3/envs/pyth3.12/lib/python3.12/site-packages/xgboost/core.py:377: FutureWarning: Your system has an old version of glibc (< 2.28). We will stop supporting Linux distros with glibc older than 2.28 after **May 31, 2025**. Please upgrade to a recent Linux distro (with glibc >= 2.28) to use future versions of XGBoost.
Note: You have installed the 'manylinux2014' variant of XGBoost. Certain features such as GPU algorithms or federated learning are not available. To use these features, please upgrade to a recent Linux distro with glibc 2.28+, and install the 'manylinux_2_28' variant.
  warnings.warn(
[I 2025-05-07 04:10:22,083] Trial 11 finished with value: 1.0 and parameters: {'n_estimators': 40, 'max_depth': 5, 'gamma': 0.284144177802935, 'subsample': 0.7137332854536631, 'colsample_bytree': 0.6815498556783907}. Best is trial 0 with value: 1.0.
/data/home/rtabares/anaconda3/envs/pyth3.12/lib/python3.12/site-packages/xgboost/core.py:377: FutureWarning: Your system has an old version of glibc (< 2.28). We will stop supporting Linux distros with glibc older than 2.28 after **May 31, 2025**. Please upgrade to a recent Linux distro (with glibc >= 2.28) to use future versions of XGBoost.
Note: You have installed the 'manylinux2014' variant of XGBoost. Certain features such as GPU algorithms or federated learning are not available. To use these features, please upgrade to a recent Linux distro with glibc 2.28+, and install the 'manylinux_2_28' variant.
  warnings.warn(
/data/home/rtabares/anaconda3/envs/pyth3.12/lib/python3.12/site-packages/xgboost/core.py:377: FutureWarning: Your system has an old version of glibc (< 2.28). We will stop supporting Linux distros with glibc older than 2.28 after **May 31, 2025**. Please upgrade to a recent Linux distro (with glibc >= 2.28) to use future versions of XGBoost.
Note: You have installed the 'manylinux2014' variant of XGBoost. Certain features such as GPU algorithms or federated learning are not available. To use these features, please upgrade to a recent Linux distro with glibc 2.28+, and install the 'manylinux_2_28' variant.
  warnings.warn(
[I 2025-05-07 04:10:22,727] Trial 12 finished with value: 0.95 and parameters: {'n_estimators': 100, 'max_depth': 30, 'gamma': 0.4460361445163697, 'subsample': 0.6425328048515475, 'colsample_bytree': 0.679730053828248}. Best is trial 0 with value: 1.0.
[I 2025-05-07 04:10:22,767] Trial 13 finished with value: 0.95 and parameters: {'n_estimators': 40, 'max_depth': 5, 'gamma': 0.15813912455139084, 'subsample': 0.7844515830692418, 'colsample_bytree': 0.6758652093499296}. Best is trial 0 with value: 1.0.
[I 2025-05-07 04:10:22,816] Trial 14 finished with value: 0.95 and parameters: {'n_estimators': 100, 'max_depth': 30, 'gamma': 0.6918007402171132, 'subsample': 0.8431105857116872, 'colsample_bytree': 0.8216506181347186}. Best is trial 0 with value: 1.0.
[I 2025-05-07 04:10:22,867] Trial 15 finished with value: 0.9 and parameters: {'n_estimators': 100, 'max_depth': 30, 'gamma': 0.349760846204061, 'subsample': 0.6341284233145288, 'colsample_bytree': 0.8604557310580807}. Best is trial 0 with value: 1.0.
/data/home/rtabares/anaconda3/envs/pyth3.12/lib/python3.12/site-packages/xgboost/core.py:377: FutureWarning: Your system has an old version of glibc (< 2.28). We will stop supporting Linux distros with glibc older than 2.28 after **May 31, 2025**. Please upgrade to a recent Linux distro (with glibc >= 2.28) to use future versions of XGBoost.
Note: You have installed the 'manylinux2014' variant of XGBoost. Certain features such as GPU algorithms or federated learning are not available. To use these features, please upgrade to a recent Linux distro with glibc 2.28+, and install the 'manylinux_2_28' variant.
  warnings.warn(
/data/home/rtabares/anaconda3/envs/pyth3.12/lib/python3.12/site-packages/xgboost/core.py:377: FutureWarning: Your system has an old version of glibc (< 2.28). We will stop supporting Linux distros with glibc older than 2.28 after **May 31, 2025**. Please upgrade to a recent Linux distro (with glibc >= 2.28) to use future versions of XGBoost.
Note: You have installed the 'manylinux2014' variant of XGBoost. Certain features such as GPU algorithms or federated learning are not available. To use these features, please upgrade to a recent Linux distro with glibc 2.28+, and install the 'manylinux_2_28' variant.
  warnings.warn(
[I 2025-05-07 04:10:23,573] Trial 16 finished with value: 0.95 and parameters: {'n_estimators': 40, 'max_depth': 5, 'gamma': 0.5201464803795712, 'subsample': 0.7450819645371771, 'colsample_bytree': 0.6198858180831269}. Best is trial 0 with value: 1.0.
[I 2025-05-07 04:10:23,613] Trial 17 finished with value: 0.95 and parameters: {'n_estimators': 40, 'max_depth': 30, 'gamma': 0.24898809859426368, 'subsample': 0.8794206962560682, 'colsample_bytree': 0.7109611479294711}. Best is trial 0 with value: 1.0.
[I 2025-05-07 04:10:23,665] Trial 18 finished with value: 0.95 and parameters: {'n_estimators': 100, 'max_depth': 5, 'gamma': 0.9913860986584816, 'subsample': 0.7789286533284532, 'colsample_bytree': 0.6271428698415437}. Best is trial 0 with value: 1.0.
[I 2025-05-07 04:10:23,705] Trial 19 finished with value: 0.95 and parameters: {'n_estimators': 10, 'max_depth': 20, 'gamma': 0.1024661458044199, 'subsample': 0.6385018241519915, 'colsample_bytree': 0.7256286391121816}. Best is trial 0 with value: 1.0.
[I 2025-05-07 04:10:23,748] Trial 20 finished with value: 1.0 and parameters: {'n_estimators': 100, 'max_depth': 5, 'gamma': 0.7591732860443527, 'subsample': 0.690163639384909, 'colsample_bytree': 0.8803558534234343}. Best is trial 0 with value: 1.0.
[I 2025-05-07 04:10:23,798] Trial 21 finished with value: 0.95 and parameters: {'n_estimators': 40, 'max_depth': 5, 'gamma': 0.5723030145940954, 'subsample': 0.5787348283873678, 'colsample_bytree': 0.5487888583252692}. Best is trial 0 with value: 1.0.
[I 2025-05-07 04:10:23,837] Trial 22 finished with value: 0.95 and parameters: {'n_estimators': 40, 'max_depth': 5, 'gamma': 0.5103163903054873, 'subsample': 0.5803755989925868, 'colsample_bytree': 0.55688523701159}. Best is trial 0 with value: 1.0.
[I 2025-05-07 04:10:23,886] Trial 23 finished with value: 0.95 and parameters: {'n_estimators': 40, 'max_depth': 5, 'gamma': 0.42369455662730704, 'subsample': 0.7394182145033092, 'colsample_bytree': 0.6302397670475396}. Best is trial 0 with value: 1.0.
[I 2025-05-07 04:10:23,935] Trial 24 finished with value: 0.95 and parameters: {'n_estimators': 40, 'max_depth': 5, 'gamma': 0.307133995238935, 'subsample': 0.8062581205373188, 'colsample_bytree': 0.5404851804257818}. Best is trial 0 with value: 1.0.
[I 2025-05-07 04:10:23,980] Trial 25 finished with value: 0.95 and parameters: {'n_estimators': 40, 'max_depth': 30, 'gamma': 0.5882211906920883, 'subsample': 0.8658593923260336, 'colsample_bytree': 0.6506365650695458}. Best is trial 0 with value: 1.0.
[I 2025-05-07 04:10:24,025] Trial 26 finished with value: 0.9 and parameters: {'n_estimators': 40, 'max_depth': 5, 'gamma': 0.4607406589286094, 'subsample': 0.6762314901424087, 'colsample_bytree': 0.5778741933755978}. Best is trial 0 with value: 1.0.
[I 2025-05-07 04:10:24,063] Trial 27 finished with value: 0.95 and parameters: {'n_estimators': 40, 'max_depth': 5, 'gamma': 0.7081330677268342, 'subsample': 0.6098006601695577, 'colsample_bytree': 0.7221935867931729}. Best is trial 0 with value: 1.0.
[I 2025-05-07 04:10:24,102] Trial 28 finished with value: 0.95 and parameters: {'n_estimators': 10, 'max_depth': 20, 'gamma': 0.351331645728198, 'subsample': 0.9100115930164905, 'colsample_bytree': 0.6026722677486457}. Best is trial 0 with value: 1.0.
[I 2025-05-07 04:10:24,152] Trial 29 finished with value: 1.0 and parameters: {'n_estimators': 100, 'max_depth': 30, 'gamma': 0.8972464177448476, 'subsample': 0.7139924672088743, 'colsample_bytree': 0.6544917722609221}. Best is trial 0 with value: 1.0.
[I 2025-05-07 04:10:28,320] A new study created in memory with name: rf
Parámetros guardados en checkpoint_shoppers_Doriginal_Roriginal_B/k-means/IPC_10/best_models_k-means_seed_5_space_original/xgb_best_params.json


>>> Optuna tuning rf metodo k-means IPC 10 seed 5


[I 2025-05-07 04:10:29,225] Trial 0 finished with value: 0.5 and parameters: {'n_estimators': 189, 'max_depth': 18, 'min_samples_split': 3, 'min_samples_leaf': 10}. Best is trial 0 with value: 0.5.
[I 2025-05-07 04:10:29,596] Trial 1 finished with value: 0.9 and parameters: {'n_estimators': 295, 'max_depth': 14, 'min_samples_split': 8, 'min_samples_leaf': 6}. Best is trial 1 with value: 0.9.
[I 2025-05-07 04:10:29,875] Trial 2 finished with value: 0.5 and parameters: {'n_estimators': 219, 'max_depth': 6, 'min_samples_split': 2, 'min_samples_leaf': 8}. Best is trial 1 with value: 0.9.
[I 2025-05-07 04:10:30,215] Trial 3 finished with value: 0.95 and parameters: {'n_estimators': 276, 'max_depth': 5, 'min_samples_split': 9, 'min_samples_leaf': 3}. Best is trial 3 with value: 0.95.
[I 2025-05-07 04:10:30,574] Trial 4 finished with value: 0.8 and parameters: {'n_estimators': 266, 'max_depth': 8, 'min_samples_split': 7, 'min_samples_leaf': 6}. Best is trial 3 with value: 0.95.
[I 2025-05-07 04:10:31,015] Trial 5 finished with value: 0.95 and parameters: {'n_estimators': 340, 'max_depth': 7, 'min_samples_split': 4, 'min_samples_leaf': 3}. Best is trial 3 with value: 0.95.
[I 2025-05-07 04:10:31,364] Trial 6 finished with value: 0.5 and parameters: {'n_estimators': 231, 'max_depth': 5, 'min_samples_split': 3, 'min_samples_leaf': 10}. Best is trial 3 with value: 0.95.
[I 2025-05-07 04:10:31,926] Trial 7 finished with value: 0.95 and parameters: {'n_estimators': 485, 'max_depth': 6, 'min_samples_split': 2, 'min_samples_leaf': 3}. Best is trial 3 with value: 0.95.
[I 2025-05-07 04:10:32,358] Trial 8 finished with value: 0.9 and parameters: {'n_estimators': 380, 'max_depth': 17, 'min_samples_split': 2, 'min_samples_leaf': 6}. Best is trial 3 with value: 0.95.
[I 2025-05-07 04:10:32,515] Trial 9 finished with value: 0.5 and parameters: {'n_estimators': 100, 'max_depth': 12, 'min_samples_split': 7, 'min_samples_leaf': 10}. Best is trial 3 with value: 0.95.
[I 2025-05-07 04:10:33,049] Trial 10 finished with value: 0.9 and parameters: {'n_estimators': 446, 'max_depth': 3, 'min_samples_split': 10, 'min_samples_leaf': 2}. Best is trial 3 with value: 0.95.
[I 2025-05-07 04:10:34,104] Trial 11 finished with value: 0.95 and parameters: {'n_estimators': 364, 'max_depth': 9, 'min_samples_split': 10, 'min_samples_leaf': 4}. Best is trial 3 with value: 0.95.
[I 2025-05-07 04:10:35,196] Trial 12 finished with value: 1.0 and parameters: {'n_estimators': 379, 'max_depth': 10, 'min_samples_split': 5, 'min_samples_leaf': 1}. Best is trial 12 with value: 1.0.
[I 2025-05-07 04:10:35,719] Trial 13 finished with value: 0.95 and parameters: {'n_estimators': 406, 'max_depth': 11, 'min_samples_split': 5, 'min_samples_leaf': 1}. Best is trial 12 with value: 1.0.
[I 2025-05-07 04:10:36,084] Trial 14 finished with value: 1.0 and parameters: {'n_estimators': 331, 'max_depth': 10, 'min_samples_split': 6, 'min_samples_leaf': 1}. Best is trial 12 with value: 1.0.
[I 2025-05-07 04:10:36,449] Trial 15 finished with value: 0.95 and parameters: {'n_estimators': 329, 'max_depth': 14, 'min_samples_split': 6, 'min_samples_leaf': 1}. Best is trial 12 with value: 1.0.
[I 2025-05-07 04:10:36,927] Trial 16 finished with value: 0.95 and parameters: {'n_estimators': 413, 'max_depth': 10, 'min_samples_split': 5, 'min_samples_leaf': 1}. Best is trial 12 with value: 1.0.
[I 2025-05-07 04:10:37,475] Trial 17 finished with value: 1.0 and parameters: {'n_estimators': 480, 'max_depth': 14, 'min_samples_split': 6, 'min_samples_leaf': 4}. Best is trial 12 with value: 1.0.
[I 2025-05-07 04:10:37,689] Trial 18 finished with value: 1.0 and parameters: {'n_estimators': 151, 'max_depth': 12, 'min_samples_split': 5, 'min_samples_leaf': 2}. Best is trial 12 with value: 1.0.
[I 2025-05-07 04:10:38,048] Trial 19 finished with value: 0.9 and parameters: {'n_estimators': 320, 'max_depth': 15, 'min_samples_split': 7, 'min_samples_leaf': 5}. Best is trial 12 with value: 1.0.
[I 2025-05-07 04:10:38,504] Trial 20 finished with value: 1.0 and parameters: {'n_estimators': 430, 'max_depth': 9, 'min_samples_split': 4, 'min_samples_leaf': 2}. Best is trial 12 with value: 1.0.
[I 2025-05-07 04:10:39,041] Trial 21 finished with value: 0.95 and parameters: {'n_estimators': 494, 'max_depth': 20, 'min_samples_split': 6, 'min_samples_leaf': 5}. Best is trial 12 with value: 1.0.
[I 2025-05-07 04:10:39,550] Trial 22 finished with value: 0.5 and parameters: {'n_estimators': 466, 'max_depth': 13, 'min_samples_split': 6, 'min_samples_leaf': 8}. Best is trial 12 with value: 1.0.
[I 2025-05-07 04:10:40,028] Trial 23 finished with value: 0.9 and parameters: {'n_estimators': 377, 'max_depth': 11, 'min_samples_split': 8, 'min_samples_leaf': 4}. Best is trial 12 with value: 1.0.
[I 2025-05-07 04:10:40,578] Trial 24 finished with value: 1.0 and parameters: {'n_estimators': 455, 'max_depth': 16, 'min_samples_split': 4, 'min_samples_leaf': 2}. Best is trial 12 with value: 1.0.
[I 2025-05-07 04:10:41,009] Trial 25 finished with value: 0.95 and parameters: {'n_estimators': 401, 'max_depth': 10, 'min_samples_split': 5, 'min_samples_leaf': 4}. Best is trial 12 with value: 1.0.
[I 2025-05-07 04:10:41,386] Trial 26 finished with value: 0.95 and parameters: {'n_estimators': 348, 'max_depth': 13, 'min_samples_split': 8, 'min_samples_leaf': 1}. Best is trial 12 with value: 1.0.
[I 2025-05-07 04:10:41,774] Trial 27 finished with value: 0.6 and parameters: {'n_estimators': 297, 'max_depth': 8, 'min_samples_split': 6, 'min_samples_leaf': 7}. Best is trial 12 with value: 1.0.
[I 2025-05-07 04:10:42,102] Trial 28 finished with value: 0.9 and parameters: {'n_estimators': 257, 'max_depth': 19, 'min_samples_split': 7, 'min_samples_leaf': 3}. Best is trial 12 with value: 1.0.
[I 2025-05-07 04:10:42,631] Trial 29 finished with value: 0.95 and parameters: {'n_estimators': 434, 'max_depth': 16, 'min_samples_split': 3, 'min_samples_leaf': 2}. Best is trial 12 with value: 1.0.
[I 2025-05-07 04:10:45,237] A new study created in memory with name: svc
Parámetros guardados en checkpoint_shoppers_Doriginal_Roriginal_B/k-means/IPC_10/best_models_k-means_seed_5_space_original/rf_best_params.json


>>> Optuna tuning svc metodo k-means IPC 10 seed 5


[I 2025-05-07 04:10:48,072] Trial 0 finished with value: 0.35 and parameters: {'C': 0.07726319876517104, 'gamma': 0.3040389504793042}. Best is trial 0 with value: 0.35.
[I 2025-05-07 04:10:48,213] Trial 1 finished with value: 0.25 and parameters: {'C': 0.06712381339142241, 'gamma': 0.47254549996710477}. Best is trial 0 with value: 0.35.
[I 2025-05-07 04:10:48,228] Trial 2 finished with value: 0.55 and parameters: {'C': 0.8987621100554035, 'gamma': 0.027988231123708972}. Best is trial 2 with value: 0.55.
[I 2025-05-07 04:10:48,241] Trial 3 finished with value: 0.5 and parameters: {'C': 11.5779435007655, 'gamma': 0.011848734045499056}. Best is trial 2 with value: 0.55.
[I 2025-05-07 04:10:48,255] Trial 4 finished with value: 0.6 and parameters: {'C': 0.1538870258903583, 'gamma': 0.0005634883151169033}. Best is trial 4 with value: 0.6.
[I 2025-05-07 04:10:48,268] Trial 5 finished with value: 0.45 and parameters: {'C': 0.021036092656561454, 'gamma': 0.08990030906808326}. Best is trial 4 with value: 0.6.
[I 2025-05-07 04:10:48,281] Trial 6 finished with value: 0.6 and parameters: {'C': 0.5824208201678516, 'gamma': 0.00042977333932534993}. Best is trial 4 with value: 0.6.
[I 2025-05-07 04:10:48,296] Trial 7 finished with value: 0.5 and parameters: {'C': 33.09391330085814, 'gamma': 0.001248377256719358}. Best is trial 4 with value: 0.6.
[I 2025-05-07 04:10:48,310] Trial 8 finished with value: 0.6 and parameters: {'C': 0.45387898639622015, 'gamma': 0.0015286910781809498}. Best is trial 4 with value: 0.6.
[I 2025-05-07 04:10:48,326] Trial 9 finished with value: 0.4 and parameters: {'C': 3.274550070431994, 'gamma': 0.02086177421469992}. Best is trial 4 with value: 0.6.
[I 2025-05-07 04:10:48,352] Trial 10 finished with value: 0.6 and parameters: {'C': 0.01015031429029542, 'gamma': 0.00010813284331811526}. Best is trial 4 with value: 0.6.
[I 2025-05-07 04:10:49,010] Trial 11 finished with value: 0.6 and parameters: {'C': 0.2946546726762962, 'gamma': 0.000192696939064797}. Best is trial 4 with value: 0.6.
[I 2025-05-07 04:10:49,034] Trial 12 finished with value: 0.55 and parameters: {'C': 2.9648182303354678, 'gamma': 0.0011563341942962047}. Best is trial 4 with value: 0.6.
[I 2025-05-07 04:10:49,058] Trial 13 finished with value: 0.6 and parameters: {'C': 0.16280907414611331, 'gamma': 0.00038377823379388923}. Best is trial 4 with value: 0.6.
[I 2025-05-07 04:10:49,080] Trial 14 finished with value: 0.5 and parameters: {'C': 2.4218760021536427, 'gamma': 0.0032537811548427023}. Best is trial 4 with value: 0.6.
[I 2025-05-07 04:10:49,106] Trial 15 finished with value: 0.6 and parameters: {'C': 0.0664538826788088, 'gamma': 0.0005193501979899485}. Best is trial 4 with value: 0.6.
[I 2025-05-07 04:10:49,127] Trial 16 finished with value: 0.55 and parameters: {'C': 1.1898268486188273, 'gamma': 0.0025654002897082823}. Best is trial 4 with value: 0.6.
[I 2025-05-07 04:10:49,150] Trial 17 finished with value: 0.45 and parameters: {'C': 10.925526376097588, 'gamma': 0.0059603957535583315}. Best is trial 4 with value: 0.6.
[I 2025-05-07 04:10:49,781] Trial 18 finished with value: 0.6 and parameters: {'C': 0.1691641156930074, 'gamma': 0.00043494340597700513}. Best is trial 4 with value: 0.6.
[I 2025-05-07 04:10:49,807] Trial 19 finished with value: 0.6 and parameters: {'C': 0.6190876787824239, 'gamma': 0.0001500028787036726}. Best is trial 4 with value: 0.6.
[I 2025-05-07 04:10:50,456] Trial 20 finished with value: 0.6 and parameters: {'C': 0.02505753974770936, 'gamma': 0.0007496908360759289}. Best is trial 4 with value: 0.6.
[I 2025-05-07 04:10:50,479] Trial 21 finished with value: 0.55 and parameters: {'C': 0.3908683253288891, 'gamma': 0.0019045172895351312}. Best is trial 4 with value: 0.6.
[I 2025-05-07 04:10:51,110] Trial 22 finished with value: 0.6 and parameters: {'C': 0.1790694188248154, 'gamma': 0.0003371566381041062}. Best is trial 4 with value: 0.6.
[I 2025-05-07 04:10:51,801] Trial 23 finished with value: 0.5 and parameters: {'C': 1.2808076860947148, 'gamma': 0.0054799454436953105}. Best is trial 4 with value: 0.6.
[I 2025-05-07 04:10:51,826] Trial 24 finished with value: 0.6 and parameters: {'C': 0.43053950707972943, 'gamma': 0.0002636770311912109}. Best is trial 4 with value: 0.6.
[I 2025-05-07 04:10:51,862] Trial 25 finished with value: 0.45 and parameters: {'C': 88.77407664341389, 'gamma': 0.0009375437594564527}. Best is trial 4 with value: 0.6.
[I 2025-05-07 04:10:51,886] Trial 26 finished with value: 0.55 and parameters: {'C': 0.09727905646673975, 'gamma': 0.0019929222292732317}. Best is trial 4 with value: 0.6.
[I 2025-05-07 04:10:51,908] Trial 27 finished with value: 0.5 and parameters: {'C': 0.03838595966124492, 'gamma': 0.004855603727332022}. Best is trial 4 with value: 0.6.
[I 2025-05-07 04:10:51,929] Trial 28 finished with value: 0.55 and parameters: {'C': 6.661635278430478, 'gamma': 0.0007696704912554552}. Best is trial 4 with value: 0.6.
