[I 2025-05-07 04:21:57,742] Trial 4 finished with value: 0.8 and parameters: {'n_estimators': 100, 'max_depth': 5, 'gamma': 0.816017102586079, 'subsample': 0.5160040782128984, 'colsample_bytree': 0.7277239110529665}. Best is trial 2 with value: 0.8.
/data/home/rtabares/anaconda3/envs/pyth3.12/lib/python3.12/site-packages/xgboost/core.py:377: FutureWarning: Your system has an old version of glibc (< 2.28). We will stop supporting Linux distros with glibc older than 2.28 after **May 31, 2025**. Please upgrade to a recent Linux distro (with glibc >= 2.28) to use future versions of XGBoost.
Note: You have installed the 'manylinux2014' variant of XGBoost. Certain features such as GPU algorithms or federated learning are not available. To use these features, please upgrade to a recent Linux distro with glibc 2.28+, and install the 'manylinux_2_28' variant.
  warnings.warn(
[I 2025-05-07 04:21:57,779] Trial 5 finished with value: 0.85 and parameters: {'n_estimators': 40, 'max_depth': 20, 'gamma': 0.6643500821697236, 'subsample': 0.6076588997363731, 'colsample_bytree': 0.5754850538287481}. Best is trial 5 with value: 0.85.
/data/home/rtabares/anaconda3/envs/pyth3.12/lib/python3.12/site-packages/xgboost/core.py:377: FutureWarning: Your system has an old version of glibc (< 2.28). We will stop supporting Linux distros with glibc older than 2.28 after **May 31, 2025**. Please upgrade to a recent Linux distro (with glibc >= 2.28) to use future versions of XGBoost.
Note: You have installed the 'manylinux2014' variant of XGBoost. Certain features such as GPU algorithms or federated learning are not available. To use these features, please upgrade to a recent Linux distro with glibc 2.28+, and install the 'manylinux_2_28' variant.
  warnings.warn(
/data/home/rtabares/anaconda3/envs/pyth3.12/lib/python3.12/site-packages/xgboost/core.py:377: FutureWarning: Your system has an old version of glibc (< 2.28). We will stop supporting Linux distros with glibc older than 2.28 after **May 31, 2025**. Please upgrade to a recent Linux distro (with glibc >= 2.28) to use future versions of XGBoost.
Note: You have installed the 'manylinux2014' variant of XGBoost. Certain features such as GPU algorithms or federated learning are not available. To use these features, please upgrade to a recent Linux distro with glibc 2.28+, and install the 'manylinux_2_28' variant.
  warnings.warn(
[I 2025-05-07 04:21:57,838] Trial 6 finished with value: 0.75 and parameters: {'n_estimators': 100, 'max_depth': 20, 'gamma': 0.6361752212866232, 'subsample': 0.8309913561372338, 'colsample_bytree': 0.7552902276266351}. Best is trial 5 with value: 0.85.
/data/home/rtabares/anaconda3/envs/pyth3.12/lib/python3.12/site-packages/xgboost/core.py:377: FutureWarning: Your system has an old version of glibc (< 2.28). We will stop supporting Linux distros with glibc older than 2.28 after **May 31, 2025**. Please upgrade to a recent Linux distro (with glibc >= 2.28) to use future versions of XGBoost.
Note: You have installed the 'manylinux2014' variant of XGBoost. Certain features such as GPU algorithms or federated learning are not available. To use these features, please upgrade to a recent Linux distro with glibc 2.28+, and install the 'manylinux_2_28' variant.
  warnings.warn(
/data/home/rtabares/anaconda3/envs/pyth3.12/lib/python3.12/site-packages/xgboost/core.py:377: FutureWarning: Your system has an old version of glibc (< 2.28). We will stop supporting Linux distros with glibc older than 2.28 after **May 31, 2025**. Please upgrade to a recent Linux distro (with glibc >= 2.28) to use future versions of XGBoost.
Note: You have installed the 'manylinux2014' variant of XGBoost. Certain features such as GPU algorithms or federated learning are not available. To use these features, please upgrade to a recent Linux distro with glibc 2.28+, and install the 'manylinux_2_28' variant.
  warnings.warn(
/data/home/rtabares/anaconda3/envs/pyth3.12/lib/python3.12/site-packages/xgboost/core.py:377: FutureWarning: Your system has an old version of glibc (< 2.28). We will stop supporting Linux distros with glibc older than 2.28 after **May 31, 2025**. Please upgrade to a recent Linux distro (with glibc >= 2.28) to use future versions of XGBoost.
Note: You have installed the 'manylinux2014' variant of XGBoost. Certain features such as GPU algorithms or federated learning are not available. To use these features, please upgrade to a recent Linux distro with glibc 2.28+, and install the 'manylinux_2_28' variant.
  warnings.warn(
[I 2025-05-07 04:21:57,887] Trial 7 finished with value: 0.75 and parameters: {'n_estimators': 10, 'max_depth': 5, 'gamma': 0.5767347850317142, 'subsample': 0.7995431264700696, 'colsample_bytree': 0.8604622333437917}. Best is trial 5 with value: 0.85.
/data/home/rtabares/anaconda3/envs/pyth3.12/lib/python3.12/site-packages/xgboost/core.py:377: FutureWarning: Your system has an old version of glibc (< 2.28). We will stop supporting Linux distros with glibc older than 2.28 after **May 31, 2025**. Please upgrade to a recent Linux distro (with glibc >= 2.28) to use future versions of XGBoost.
Note: You have installed the 'manylinux2014' variant of XGBoost. Certain features such as GPU algorithms or federated learning are not available. To use these features, please upgrade to a recent Linux distro with glibc 2.28+, and install the 'manylinux_2_28' variant.
  warnings.warn(
[I 2025-05-07 04:21:57,936] Trial 8 finished with value: 0.75 and parameters: {'n_estimators': 100, 'max_depth': 20, 'gamma': 0.8470554948938058, 'subsample': 0.860339005739911, 'colsample_bytree': 0.9331308414408237}. Best is trial 5 with value: 0.85.
[I 2025-05-07 04:21:57,974] Trial 9 finished with value: 0.75 and parameters: {'n_estimators': 100, 'max_depth': 30, 'gamma': 0.574951454577921, 'subsample': 0.9696020680119358, 'colsample_bytree': 0.8616917074936369}. Best is trial 5 with value: 0.85.
/data/home/rtabares/anaconda3/envs/pyth3.12/lib/python3.12/site-packages/xgboost/core.py:377: FutureWarning: Your system has an old version of glibc (< 2.28). We will stop supporting Linux distros with glibc older than 2.28 after **May 31, 2025**. Please upgrade to a recent Linux distro (with glibc >= 2.28) to use future versions of XGBoost.
Note: You have installed the 'manylinux2014' variant of XGBoost. Certain features such as GPU algorithms or federated learning are not available. To use these features, please upgrade to a recent Linux distro with glibc 2.28+, and install the 'manylinux_2_28' variant.
  warnings.warn(
/data/home/rtabares/anaconda3/envs/pyth3.12/lib/python3.12/site-packages/xgboost/core.py:377: FutureWarning: Your system has an old version of glibc (< 2.28). We will stop supporting Linux distros with glibc older than 2.28 after **May 31, 2025**. Please upgrade to a recent Linux distro (with glibc >= 2.28) to use future versions of XGBoost.
Note: You have installed the 'manylinux2014' variant of XGBoost. Certain features such as GPU algorithms or federated learning are not available. To use these features, please upgrade to a recent Linux distro with glibc 2.28+, and install the 'manylinux_2_28' variant.
  warnings.warn(
[I 2025-05-07 04:21:58,033] Trial 10 finished with value: 0.8 and parameters: {'n_estimators': 40, 'max_depth': 20, 'gamma': 0.25114105728599195, 'subsample': 0.5214379676091062, 'colsample_bytree': 0.525322130410742}. Best is trial 5 with value: 0.85.
/data/home/rtabares/anaconda3/envs/pyth3.12/lib/python3.12/site-packages/xgboost/core.py:377: FutureWarning: Your system has an old version of glibc (< 2.28). We will stop supporting Linux distros with glibc older than 2.28 after **May 31, 2025**. Please upgrade to a recent Linux distro (with glibc >= 2.28) to use future versions of XGBoost.
Note: You have installed the 'manylinux2014' variant of XGBoost. Certain features such as GPU algorithms or federated learning are not available. To use these features, please upgrade to a recent Linux distro with glibc 2.28+, and install the 'manylinux_2_28' variant.
  warnings.warn(
/data/home/rtabares/anaconda3/envs/pyth3.12/lib/python3.12/site-packages/xgboost/core.py:377: FutureWarning: Your system has an old version of glibc (< 2.28). We will stop supporting Linux distros with glibc older than 2.28 after **May 31, 2025**. Please upgrade to a recent Linux distro (with glibc >= 2.28) to use future versions of XGBoost.
Note: You have installed the 'manylinux2014' variant of XGBoost. Certain features such as GPU algorithms or federated learning are not available. To use these features, please upgrade to a recent Linux distro with glibc 2.28+, and install the 'manylinux_2_28' variant.
  warnings.warn(
[I 2025-05-07 04:21:58,083] Trial 11 finished with value: 0.8 and parameters: {'n_estimators': 10, 'max_depth': 20, 'gamma': 0.10355987298237897, 'subsample': 0.619904117514571, 'colsample_bytree': 0.546535073710038}. Best is trial 5 with value: 0.85.
/data/home/rtabares/anaconda3/envs/pyth3.12/lib/python3.12/site-packages/xgboost/core.py:377: FutureWarning: Your system has an old version of glibc (< 2.28). We will stop supporting Linux distros with glibc older than 2.28 after **May 31, 2025**. Please upgrade to a recent Linux distro (with glibc >= 2.28) to use future versions of XGBoost.
Note: You have installed the 'manylinux2014' variant of XGBoost. Certain features such as GPU algorithms or federated learning are not available. To use these features, please upgrade to a recent Linux distro with glibc 2.28+, and install the 'manylinux_2_28' variant.
  warnings.warn(
[I 2025-05-07 04:21:58,748] Trial 12 finished with value: 0.85 and parameters: {'n_estimators': 10, 'max_depth': 5, 'gamma': 0.3724367138266351, 'subsample': 0.5994362709581164, 'colsample_bytree': 0.6059552660769121}. Best is trial 5 with value: 0.85.
[I 2025-05-07 04:21:58,785] Trial 13 finished with value: 0.8 and parameters: {'n_estimators': 10, 'max_depth': 20, 'gamma': 0.3181748649450735, 'subsample': 0.7001928624187627, 'colsample_bytree': 0.5920224268628573}. Best is trial 5 with value: 0.85.
/data/home/rtabares/anaconda3/envs/pyth3.12/lib/python3.12/site-packages/xgboost/core.py:377: FutureWarning: Your system has an old version of glibc (< 2.28). We will stop supporting Linux distros with glibc older than 2.28 after **May 31, 2025**. Please upgrade to a recent Linux distro (with glibc >= 2.28) to use future versions of XGBoost.
Note: You have installed the 'manylinux2014' variant of XGBoost. Certain features such as GPU algorithms or federated learning are not available. To use these features, please upgrade to a recent Linux distro with glibc 2.28+, and install the 'manylinux_2_28' variant.
  warnings.warn(
[I 2025-05-07 04:21:59,430] Trial 14 finished with value: 0.85 and parameters: {'n_estimators': 40, 'max_depth': 30, 'gamma': 0.9745369589720162, 'subsample': 0.5777875517080369, 'colsample_bytree': 0.616717843840092}. Best is trial 5 with value: 0.85.
/data/home/rtabares/anaconda3/envs/pyth3.12/lib/python3.12/site-packages/xgboost/core.py:377: FutureWarning: Your system has an old version of glibc (< 2.28). We will stop supporting Linux distros with glibc older than 2.28 after **May 31, 2025**. Please upgrade to a recent Linux distro (with glibc >= 2.28) to use future versions of XGBoost.
Note: You have installed the 'manylinux2014' variant of XGBoost. Certain features such as GPU algorithms or federated learning are not available. To use these features, please upgrade to a recent Linux distro with glibc 2.28+, and install the 'manylinux_2_28' variant.
  warnings.warn(
/data/home/rtabares/anaconda3/envs/pyth3.12/lib/python3.12/site-packages/xgboost/core.py:377: FutureWarning: Your system has an old version of glibc (< 2.28). We will stop supporting Linux distros with glibc older than 2.28 after **May 31, 2025**. Please upgrade to a recent Linux distro (with glibc >= 2.28) to use future versions of XGBoost.
Note: You have installed the 'manylinux2014' variant of XGBoost. Certain features such as GPU algorithms or federated learning are not available. To use these features, please upgrade to a recent Linux distro with glibc 2.28+, and install the 'manylinux_2_28' variant.
  warnings.warn(
[I 2025-05-07 04:22:00,067] Trial 15 finished with value: 0.75 and parameters: {'n_estimators': 10, 'max_depth': 5, 'gamma': 0.40102821512416, 'subsample': 0.7099780090488994, 'colsample_bytree': 0.6079405776561624}. Best is trial 5 with value: 0.85.
/data/home/rtabares/anaconda3/envs/pyth3.12/lib/python3.12/site-packages/xgboost/core.py:377: FutureWarning: Your system has an old version of glibc (< 2.28). We will stop supporting Linux distros with glibc older than 2.28 after **May 31, 2025**. Please upgrade to a recent Linux distro (with glibc >= 2.28) to use future versions of XGBoost.
Note: You have installed the 'manylinux2014' variant of XGBoost. Certain features such as GPU algorithms or federated learning are not available. To use these features, please upgrade to a recent Linux distro with glibc 2.28+, and install the 'manylinux_2_28' variant.
  warnings.warn(
[I 2025-05-07 04:22:00,724] Trial 16 finished with value: 0.85 and parameters: {'n_estimators': 40, 'max_depth': 20, 'gamma': 0.6916665810637112, 'subsample': 0.5870436871641695, 'colsample_bytree': 0.5139152541210656}. Best is trial 5 with value: 0.85.
[I 2025-05-07 04:22:00,762] Trial 17 finished with value: 0.75 and parameters: {'n_estimators': 40, 'max_depth': 20, 'gamma': 0.37429503445338996, 'subsample': 0.7588676885086508, 'colsample_bytree': 0.6548115093554578}. Best is trial 5 with value: 0.85.
[I 2025-05-07 04:22:00,801] Trial 18 finished with value: 0.85 and parameters: {'n_estimators': 10, 'max_depth': 5, 'gamma': 0.7260159640507595, 'subsample': 0.550822262694746, 'colsample_bytree': 0.5674267989388845}. Best is trial 5 with value: 0.85.
[I 2025-05-07 04:22:00,839] Trial 19 finished with value: 0.75 and parameters: {'n_estimators': 40, 'max_depth': 30, 'gamma': 0.46199437421881107, 'subsample': 0.6643833898142806, 'colsample_bytree': 0.8200030874469679}. Best is trial 5 with value: 0.85.
[I 2025-05-07 04:22:00,879] Trial 20 finished with value: 0.75 and parameters: {'n_estimators': 10, 'max_depth': 5, 'gamma': 0.2943463068072599, 'subsample': 0.8910856426818985, 'colsample_bytree': 0.6559630370456173}. Best is trial 5 with value: 0.85.
[I 2025-05-07 04:22:00,919] Trial 21 finished with value: 0.85 and parameters: {'n_estimators': 40, 'max_depth': 30, 'gamma': 0.9852836235142719, 'subsample': 0.5711654804226953, 'colsample_bytree': 0.6209227582469163}. Best is trial 5 with value: 0.85.
[I 2025-05-07 04:22:00,958] Trial 22 finished with value: 0.8 and parameters: {'n_estimators': 40, 'max_depth': 30, 'gamma': 0.9043152737942373, 'subsample': 0.5586316194597567, 'colsample_bytree': 0.5762803846304247}. Best is trial 5 with value: 0.85.
[I 2025-05-07 04:22:00,996] Trial 23 finished with value: 0.8 and parameters: {'n_estimators': 40, 'max_depth': 30, 'gamma': 0.9953182577057711, 'subsample': 0.6574813230544534, 'colsample_bytree': 0.5073669798529538}. Best is trial 5 with value: 0.85.
[I 2025-05-07 04:22:01,035] Trial 24 finished with value: 0.75 and parameters: {'n_estimators': 40, 'max_depth': 30, 'gamma': 0.898978724533492, 'subsample': 0.6058000466107744, 'colsample_bytree': 0.6272792841526613}. Best is trial 5 with value: 0.85.
[I 2025-05-07 04:22:01,073] Trial 25 finished with value: 0.8 and parameters: {'n_estimators': 40, 'max_depth': 30, 'gamma': 0.6415504536220559, 'subsample': 0.5123589253142817, 'colsample_bytree': 0.6818909137081647}. Best is trial 5 with value: 0.85.
[I 2025-05-07 04:22:01,113] Trial 26 finished with value: 0.75 and parameters: {'n_estimators': 10, 'max_depth': 20, 'gamma': 0.747606731401339, 'subsample': 0.7469948326357251, 'colsample_bytree': 0.7228820768976273}. Best is trial 5 with value: 0.85.
[I 2025-05-07 04:22:01,164] Trial 27 finished with value: 0.75 and parameters: {'n_estimators': 40, 'max_depth': 30, 'gamma': 0.38245340075679796, 'subsample': 0.6383832766141861, 'colsample_bytree': 0.5555252072282792}. Best is trial 5 with value: 0.85.
[I 2025-05-07 04:22:01,205] Trial 28 finished with value: 0.75 and parameters: {'n_estimators': 40, 'max_depth': 20, 'gamma': 0.22752691552669577, 'subsample': 0.5508002776437363, 'colsample_bytree': 0.7873574161790833}. Best is trial 5 with value: 0.85.
[I 2025-05-07 04:22:01,245] Trial 29 finished with value: 0.8 and parameters: {'n_estimators': 10, 'max_depth': 5, 'gamma': 0.5262369076193094, 'subsample': 0.6892061293854597, 'colsample_bytree': 0.6255095940178846}. Best is trial 5 with value: 0.85.
[I 2025-05-07 04:22:03,611] A new study created in memory with name: rf
Parámetros guardados en checkpoint_shoppers_Doriginal_Roriginal_B/ag/IPC_10/best_models_ag_seed_8_space_original/xgb_best_params.json


>>> Optuna tuning rf metodo ag IPC 10 seed 8


[I 2025-05-07 04:22:05,822] Trial 0 finished with value: 0.85 and parameters: {'n_estimators': 450, 'max_depth': 20, 'min_samples_split': 9, 'min_samples_leaf': 6}. Best is trial 0 with value: 0.85.
[I 2025-05-07 04:22:06,225] Trial 1 finished with value: 0.85 and parameters: {'n_estimators': 193, 'max_depth': 3, 'min_samples_split': 5, 'min_samples_leaf': 5}. Best is trial 0 with value: 0.85.
[I 2025-05-07 04:22:06,628] Trial 2 finished with value: 0.85 and parameters: {'n_estimators': 309, 'max_depth': 11, 'min_samples_split': 6, 'min_samples_leaf': 6}. Best is trial 0 with value: 0.85.
[I 2025-05-07 04:22:07,078] Trial 3 finished with value: 0.75 and parameters: {'n_estimators': 405, 'max_depth': 15, 'min_samples_split': 7, 'min_samples_leaf': 5}. Best is trial 0 with value: 0.85.
[I 2025-05-07 04:22:07,357] Trial 4 finished with value: 0.85 and parameters: {'n_estimators': 215, 'max_depth': 20, 'min_samples_split': 5, 'min_samples_leaf': 3}. Best is trial 0 with value: 0.85.
[I 2025-05-07 04:22:07,535] Trial 5 finished with value: 0.9 and parameters: {'n_estimators': 126, 'max_depth': 20, 'min_samples_split': 3, 'min_samples_leaf': 4}. Best is trial 5 with value: 0.9.
[I 2025-05-07 04:22:07,713] Trial 6 finished with value: 0.5 and parameters: {'n_estimators': 128, 'max_depth': 7, 'min_samples_split': 5, 'min_samples_leaf': 9}. Best is trial 5 with value: 0.9.
[I 2025-05-07 04:22:08,032] Trial 7 finished with value: 0.85 and parameters: {'n_estimators': 238, 'max_depth': 20, 'min_samples_split': 2, 'min_samples_leaf': 4}. Best is trial 5 with value: 0.9.
[I 2025-05-07 04:22:08,340] Trial 8 finished with value: 0.9 and parameters: {'n_estimators': 252, 'max_depth': 16, 'min_samples_split': 10, 'min_samples_leaf': 4}. Best is trial 5 with value: 0.9.
[I 2025-05-07 04:22:08,699] Trial 9 finished with value: 0.6 and parameters: {'n_estimators': 273, 'max_depth': 7, 'min_samples_split': 9, 'min_samples_leaf': 7}. Best is trial 5 with value: 0.9.
[I 2025-05-07 04:22:08,873] Trial 10 finished with value: 0.8 and parameters: {'n_estimators': 106, 'max_depth': 15, 'min_samples_split': 2, 'min_samples_leaf': 1}. Best is trial 5 with value: 0.9.
[I 2025-05-07 04:22:10,054] Trial 11 finished with value: 0.8 and parameters: {'n_estimators': 348, 'max_depth': 16, 'min_samples_split': 10, 'min_samples_leaf': 2}. Best is trial 5 with value: 0.9.
[I 2025-05-07 04:22:10,924] Trial 12 finished with value: 0.85 and parameters: {'n_estimators': 168, 'max_depth': 17, 'min_samples_split': 3, 'min_samples_leaf': 3}. Best is trial 5 with value: 0.9.
[I 2025-05-07 04:22:11,935] Trial 13 finished with value: 0.5 and parameters: {'n_estimators': 354, 'max_depth': 13, 'min_samples_split': 7, 'min_samples_leaf': 8}. Best is trial 5 with value: 0.9.
[I 2025-05-07 04:22:12,130] Trial 14 finished with value: 0.85 and parameters: {'n_estimators': 158, 'max_depth': 18, 'min_samples_split': 4, 'min_samples_leaf': 4}. Best is trial 5 with value: 0.9.
[I 2025-05-07 04:22:12,434] Trial 15 finished with value: 0.8 and parameters: {'n_estimators': 261, 'max_depth': 11, 'min_samples_split': 8, 'min_samples_leaf': 2}. Best is trial 5 with value: 0.9.
[I 2025-05-07 04:22:12,838] Trial 16 finished with value: 0.85 and parameters: {'n_estimators': 320, 'max_depth': 18, 'min_samples_split': 10, 'min_samples_leaf': 4}. Best is trial 5 with value: 0.9.
[I 2025-05-07 04:22:12,975] Trial 17 finished with value: 0.5 and parameters: {'n_estimators': 100, 'max_depth': 14, 'min_samples_split': 3, 'min_samples_leaf': 10}. Best is trial 5 with value: 0.9.
[I 2025-05-07 04:22:13,534] Trial 18 finished with value: 0.5 and parameters: {'n_estimators': 494, 'max_depth': 18, 'min_samples_split': 7, 'min_samples_leaf': 7}. Best is trial 5 with value: 0.9.
[I 2025-05-07 04:22:13,772] Trial 19 finished with value: 0.8 and parameters: {'n_estimators': 158, 'max_depth': 13, 'min_samples_split': 3, 'min_samples_leaf': 1}. Best is trial 5 with value: 0.9.
[I 2025-05-07 04:22:14,006] Trial 20 finished with value: 0.85 and parameters: {'n_estimators': 209, 'max_depth': 17, 'min_samples_split': 4, 'min_samples_leaf': 3}. Best is trial 5 with value: 0.9.
[I 2025-05-07 04:22:14,556] Trial 21 finished with value: 0.85 and parameters: {'n_estimators': 470, 'max_depth': 20, 'min_samples_split': 9, 'min_samples_leaf': 6}. Best is trial 5 with value: 0.9.
[I 2025-05-07 04:22:15,061] Trial 22 finished with value: 0.85 and parameters: {'n_estimators': 433, 'max_depth': 19, 'min_samples_split': 9, 'min_samples_leaf': 5}. Best is trial 5 with value: 0.9.
[I 2025-05-07 04:22:15,451] Trial 23 finished with value: 0.5 and parameters: {'n_estimators': 351, 'max_depth': 20, 'min_samples_split': 10, 'min_samples_leaf': 7}. Best is trial 5 with value: 0.9.
[I 2025-05-07 04:22:15,888] Trial 24 finished with value: 0.75 and parameters: {'n_estimators': 417, 'max_depth': 17, 'min_samples_split': 8, 'min_samples_leaf': 6}. Best is trial 5 with value: 0.9.
