[I 2025-05-07 07:27:33,817] Trial 3 finished with value: 0.8 and parameters: {'n_estimators': 100, 'max_depth': 5, 'gamma': 0.8611757841638613, 'subsample': 0.6889970206644446, 'colsample_bytree': 0.5461085044358621}. Best is trial 0 with value: 0.8000000000000002.
/data/home/rtabares/anaconda3/envs/pyth3.12/lib/python3.12/site-packages/xgboost/core.py:377: FutureWarning: Your system has an old version of glibc (< 2.28). We will stop supporting Linux distros with glibc older than 2.28 after **May 31, 2025**. Please upgrade to a recent Linux distro (with glibc >= 2.28) to use future versions of XGBoost.
Note: You have installed the 'manylinux2014' variant of XGBoost. Certain features such as GPU algorithms or federated learning are not available. To use these features, please upgrade to a recent Linux distro with glibc 2.28+, and install the 'manylinux_2_28' variant.
  warnings.warn(
/data/home/rtabares/anaconda3/envs/pyth3.12/lib/python3.12/site-packages/xgboost/core.py:377: FutureWarning: Your system has an old version of glibc (< 2.28). We will stop supporting Linux distros with glibc older than 2.28 after **May 31, 2025**. Please upgrade to a recent Linux distro (with glibc >= 2.28) to use future versions of XGBoost.
Note: You have installed the 'manylinux2014' variant of XGBoost. Certain features such as GPU algorithms or federated learning are not available. To use these features, please upgrade to a recent Linux distro with glibc 2.28+, and install the 'manylinux_2_28' variant.
  warnings.warn(
/data/home/rtabares/anaconda3/envs/pyth3.12/lib/python3.12/site-packages/xgboost/core.py:377: FutureWarning: Your system has an old version of glibc (< 2.28). We will stop supporting Linux distros with glibc older than 2.28 after **May 31, 2025**. Please upgrade to a recent Linux distro (with glibc >= 2.28) to use future versions of XGBoost.
Note: You have installed the 'manylinux2014' variant of XGBoost. Certain features such as GPU algorithms or federated learning are not available. To use these features, please upgrade to a recent Linux distro with glibc 2.28+, and install the 'manylinux_2_28' variant.
  warnings.warn(
/data/home/rtabares/anaconda3/envs/pyth3.12/lib/python3.12/site-packages/xgboost/core.py:377: FutureWarning: Your system has an old version of glibc (< 2.28). We will stop supporting Linux distros with glibc older than 2.28 after **May 31, 2025**. Please upgrade to a recent Linux distro (with glibc >= 2.28) to use future versions of XGBoost.
Note: You have installed the 'manylinux2014' variant of XGBoost. Certain features such as GPU algorithms or federated learning are not available. To use these features, please upgrade to a recent Linux distro with glibc 2.28+, and install the 'manylinux_2_28' variant.
  warnings.warn(
[I 2025-05-07 07:27:33,875] Trial 4 finished with value: 0.7999999999999999 and parameters: {'n_estimators': 10, 'max_depth': 30, 'gamma': 0.34231202042595515, 'subsample': 0.6458963871127164, 'colsample_bytree': 0.728843199661489}. Best is trial 0 with value: 0.8000000000000002.
[I 2025-05-07 07:27:33,902] Trial 5 finished with value: 0.8166666666666668 and parameters: {'n_estimators': 10, 'max_depth': 20, 'gamma': 0.2812408399387658, 'subsample': 0.757017529908721, 'colsample_bytree': 0.5436146843904024}. Best is trial 5 with value: 0.8166666666666668.
/data/home/rtabares/anaconda3/envs/pyth3.12/lib/python3.12/site-packages/xgboost/core.py:377: FutureWarning: Your system has an old version of glibc (< 2.28). We will stop supporting Linux distros with glibc older than 2.28 after **May 31, 2025**. Please upgrade to a recent Linux distro (with glibc >= 2.28) to use future versions of XGBoost.
Note: You have installed the 'manylinux2014' variant of XGBoost. Certain features such as GPU algorithms or federated learning are not available. To use these features, please upgrade to a recent Linux distro with glibc 2.28+, and install the 'manylinux_2_28' variant.
  warnings.warn(
[I 2025-05-07 07:27:33,952] Trial 6 finished with value: 0.7999999999999999 and parameters: {'n_estimators': 100, 'max_depth': 5, 'gamma': 0.43624011173403543, 'subsample': 0.8340674023676338, 'colsample_bytree': 0.669924331978409}. Best is trial 5 with value: 0.8166666666666668.
[I 2025-05-07 07:27:33,979] Trial 7 finished with value: 0.8166666666666668 and parameters: {'n_estimators': 10, 'max_depth': 30, 'gamma': 0.3075257839195666, 'subsample': 0.8457387554736651, 'colsample_bytree': 0.8252384291068697}. Best is trial 5 with value: 0.8166666666666668.
[I 2025-05-07 07:27:34,007] Trial 8 finished with value: 0.7833333333333333 and parameters: {'n_estimators': 10, 'max_depth': 30, 'gamma': 0.23667489730768695, 'subsample': 0.5500521722907223, 'colsample_bytree': 0.5646469323044271}. Best is trial 5 with value: 0.8166666666666668.
/data/home/rtabares/anaconda3/envs/pyth3.12/lib/python3.12/site-packages/xgboost/core.py:377: FutureWarning: Your system has an old version of glibc (< 2.28). We will stop supporting Linux distros with glibc older than 2.28 after **May 31, 2025**. Please upgrade to a recent Linux distro (with glibc >= 2.28) to use future versions of XGBoost.
Note: You have installed the 'manylinux2014' variant of XGBoost. Certain features such as GPU algorithms or federated learning are not available. To use these features, please upgrade to a recent Linux distro with glibc 2.28+, and install the 'manylinux_2_28' variant.
  warnings.warn(
/data/home/rtabares/anaconda3/envs/pyth3.12/lib/python3.12/site-packages/xgboost/core.py:377: FutureWarning: Your system has an old version of glibc (< 2.28). We will stop supporting Linux distros with glibc older than 2.28 after **May 31, 2025**. Please upgrade to a recent Linux distro (with glibc >= 2.28) to use future versions of XGBoost.
Note: You have installed the 'manylinux2014' variant of XGBoost. Certain features such as GPU algorithms or federated learning are not available. To use these features, please upgrade to a recent Linux distro with glibc 2.28+, and install the 'manylinux_2_28' variant.
  warnings.warn(
/data/home/rtabares/anaconda3/envs/pyth3.12/lib/python3.12/site-packages/xgboost/core.py:377: FutureWarning: Your system has an old version of glibc (< 2.28). We will stop supporting Linux distros with glibc older than 2.28 after **May 31, 2025**. Please upgrade to a recent Linux distro (with glibc >= 2.28) to use future versions of XGBoost.
Note: You have installed the 'manylinux2014' variant of XGBoost. Certain features such as GPU algorithms or federated learning are not available. To use these features, please upgrade to a recent Linux distro with glibc 2.28+, and install the 'manylinux_2_28' variant.
  warnings.warn(
[I 2025-05-07 07:27:34,064] Trial 9 finished with value: 0.7833333333333333 and parameters: {'n_estimators': 100, 'max_depth': 30, 'gamma': 0.33749800385726203, 'subsample': 0.9633628421268638, 'colsample_bytree': 0.9195965288999853}. Best is trial 5 with value: 0.8166666666666668.
/data/home/rtabares/anaconda3/envs/pyth3.12/lib/python3.12/site-packages/xgboost/core.py:377: FutureWarning: Your system has an old version of glibc (< 2.28). We will stop supporting Linux distros with glibc older than 2.28 after **May 31, 2025**. Please upgrade to a recent Linux distro (with glibc >= 2.28) to use future versions of XGBoost.
Note: You have installed the 'manylinux2014' variant of XGBoost. Certain features such as GPU algorithms or federated learning are not available. To use these features, please upgrade to a recent Linux distro with glibc 2.28+, and install the 'manylinux_2_28' variant.
  warnings.warn(
/data/home/rtabares/anaconda3/envs/pyth3.12/lib/python3.12/site-packages/xgboost/core.py:377: FutureWarning: Your system has an old version of glibc (< 2.28). We will stop supporting Linux distros with glibc older than 2.28 after **May 31, 2025**. Please upgrade to a recent Linux distro (with glibc >= 2.28) to use future versions of XGBoost.
Note: You have installed the 'manylinux2014' variant of XGBoost. Certain features such as GPU algorithms or federated learning are not available. To use these features, please upgrade to a recent Linux distro with glibc 2.28+, and install the 'manylinux_2_28' variant.
  warnings.warn(
/data/home/rtabares/anaconda3/envs/pyth3.12/lib/python3.12/site-packages/xgboost/core.py:377: FutureWarning: Your system has an old version of glibc (< 2.28). We will stop supporting Linux distros with glibc older than 2.28 after **May 31, 2025**. Please upgrade to a recent Linux distro (with glibc >= 2.28) to use future versions of XGBoost.
Note: You have installed the 'manylinux2014' variant of XGBoost. Certain features such as GPU algorithms or federated learning are not available. To use these features, please upgrade to a recent Linux distro with glibc 2.28+, and install the 'manylinux_2_28' variant.
  warnings.warn(
[I 2025-05-07 07:27:34,132] Trial 10 finished with value: 0.8166666666666668 and parameters: {'n_estimators': 10, 'max_depth': 20, 'gamma': 0.9578506507300506, 'subsample': 0.7580555889371275, 'colsample_bytree': 0.8830606702005196}. Best is trial 5 with value: 0.8166666666666668.
/data/home/rtabares/anaconda3/envs/pyth3.12/lib/python3.12/site-packages/xgboost/core.py:377: FutureWarning: Your system has an old version of glibc (< 2.28). We will stop supporting Linux distros with glibc older than 2.28 after **May 31, 2025**. Please upgrade to a recent Linux distro (with glibc >= 2.28) to use future versions of XGBoost.
Note: You have installed the 'manylinux2014' variant of XGBoost. Certain features such as GPU algorithms or federated learning are not available. To use these features, please upgrade to a recent Linux distro with glibc 2.28+, and install the 'manylinux_2_28' variant.
  warnings.warn(
/data/home/rtabares/anaconda3/envs/pyth3.12/lib/python3.12/site-packages/xgboost/core.py:377: FutureWarning: Your system has an old version of glibc (< 2.28). We will stop supporting Linux distros with glibc older than 2.28 after **May 31, 2025**. Please upgrade to a recent Linux distro (with glibc >= 2.28) to use future versions of XGBoost.
Note: You have installed the 'manylinux2014' variant of XGBoost. Certain features such as GPU algorithms or federated learning are not available. To use these features, please upgrade to a recent Linux distro with glibc 2.28+, and install the 'manylinux_2_28' variant.
  warnings.warn(
[I 2025-05-07 07:27:34,796] Trial 11 finished with value: 0.7999999999999999 and parameters: {'n_estimators': 10, 'max_depth': 20, 'gamma': 0.10905190715668764, 'subsample': 0.782431127757949, 'colsample_bytree': 0.8321320588950459}. Best is trial 5 with value: 0.8166666666666668.
[I 2025-05-07 07:27:34,833] Trial 12 finished with value: 0.8166666666666668 and parameters: {'n_estimators': 10, 'max_depth': 20, 'gamma': 0.46624301098076243, 'subsample': 0.8689173182509212, 'colsample_bytree': 0.9861676916514819}. Best is trial 5 with value: 0.8166666666666668.
[I 2025-05-07 07:27:34,872] Trial 13 finished with value: 0.8333333333333334 and parameters: {'n_estimators': 10, 'max_depth': 20, 'gamma': 0.10954332979129738, 'subsample': 0.9972169820255257, 'colsample_bytree': 0.6345801688845565}. Best is trial 13 with value: 0.8333333333333334.
/data/home/rtabares/anaconda3/envs/pyth3.12/lib/python3.12/site-packages/xgboost/core.py:377: FutureWarning: Your system has an old version of glibc (< 2.28). We will stop supporting Linux distros with glibc older than 2.28 after **May 31, 2025**. Please upgrade to a recent Linux distro (with glibc >= 2.28) to use future versions of XGBoost.
Note: You have installed the 'manylinux2014' variant of XGBoost. Certain features such as GPU algorithms or federated learning are not available. To use these features, please upgrade to a recent Linux distro with glibc 2.28+, and install the 'manylinux_2_28' variant.
  warnings.warn(
[I 2025-05-07 07:27:35,527] Trial 14 finished with value: 0.8166666666666668 and parameters: {'n_estimators': 10, 'max_depth': 20, 'gamma': 0.10543790509302105, 'subsample': 0.9940512477752173, 'colsample_bytree': 0.6222234756247523}. Best is trial 13 with value: 0.8333333333333334.
/data/home/rtabares/anaconda3/envs/pyth3.12/lib/python3.12/site-packages/xgboost/core.py:377: FutureWarning: Your system has an old version of glibc (< 2.28). We will stop supporting Linux distros with glibc older than 2.28 after **May 31, 2025**. Please upgrade to a recent Linux distro (with glibc >= 2.28) to use future versions of XGBoost.
Note: You have installed the 'manylinux2014' variant of XGBoost. Certain features such as GPU algorithms or federated learning are not available. To use these features, please upgrade to a recent Linux distro with glibc 2.28+, and install the 'manylinux_2_28' variant.
  warnings.warn(
/data/home/rtabares/anaconda3/envs/pyth3.12/lib/python3.12/site-packages/xgboost/core.py:377: FutureWarning: Your system has an old version of glibc (< 2.28). We will stop supporting Linux distros with glibc older than 2.28 after **May 31, 2025**. Please upgrade to a recent Linux distro (with glibc >= 2.28) to use future versions of XGBoost.
Note: You have installed the 'manylinux2014' variant of XGBoost. Certain features such as GPU algorithms or federated learning are not available. To use these features, please upgrade to a recent Linux distro with glibc 2.28+, and install the 'manylinux_2_28' variant.
  warnings.warn(
[I 2025-05-07 07:27:36,203] Trial 15 finished with value: 0.8000000000000002 and parameters: {'n_estimators': 10, 'max_depth': 20, 'gamma': 0.1875978462363423, 'subsample': 0.9316586217841961, 'colsample_bytree': 0.6030560295085361}. Best is trial 13 with value: 0.8333333333333334.
/data/home/rtabares/anaconda3/envs/pyth3.12/lib/python3.12/site-packages/xgboost/core.py:377: FutureWarning: Your system has an old version of glibc (< 2.28). We will stop supporting Linux distros with glibc older than 2.28 after **May 31, 2025**. Please upgrade to a recent Linux distro (with glibc >= 2.28) to use future versions of XGBoost.
Note: You have installed the 'manylinux2014' variant of XGBoost. Certain features such as GPU algorithms or federated learning are not available. To use these features, please upgrade to a recent Linux distro with glibc 2.28+, and install the 'manylinux_2_28' variant.
  warnings.warn(
[I 2025-05-07 07:27:36,860] Trial 16 finished with value: 0.7833333333333333 and parameters: {'n_estimators': 40, 'max_depth': 20, 'gamma': 0.7243076069131077, 'subsample': 0.7196255897415328, 'colsample_bytree': 0.7046775983840294}. Best is trial 13 with value: 0.8333333333333334.
[I 2025-05-07 07:27:36,898] Trial 17 finished with value: 0.8333333333333334 and parameters: {'n_estimators': 10, 'max_depth': 20, 'gamma': 0.4698521142364087, 'subsample': 0.8059476559695745, 'colsample_bytree': 0.5923893926296769}. Best is trial 13 with value: 0.8333333333333334.
[I 2025-05-07 07:27:36,937] Trial 18 finished with value: 0.8333333333333334 and parameters: {'n_estimators': 10, 'max_depth': 20, 'gamma': 0.46087807380659973, 'subsample': 0.9160451927406753, 'colsample_bytree': 0.6052642312559889}. Best is trial 13 with value: 0.8333333333333334.
[I 2025-05-07 07:27:36,976] Trial 19 finished with value: 0.8166666666666668 and parameters: {'n_estimators': 40, 'max_depth': 20, 'gamma': 0.7325991971438155, 'subsample': 0.8091952859194516, 'colsample_bytree': 0.5069799690070516}. Best is trial 13 with value: 0.8333333333333334.
[I 2025-05-07 07:27:37,014] Trial 20 finished with value: 0.8166666666666668 and parameters: {'n_estimators': 10, 'max_depth': 20, 'gamma': 0.6923346327927715, 'subsample': 0.991038064542592, 'colsample_bytree': 0.6780096461232337}. Best is trial 13 with value: 0.8333333333333334.
[I 2025-05-07 07:27:37,053] Trial 21 finished with value: 0.85 and parameters: {'n_estimators': 10, 'max_depth': 20, 'gamma': 0.449846550056901, 'subsample': 0.9131290535411445, 'colsample_bytree': 0.5934690793230311}. Best is trial 21 with value: 0.85.
[I 2025-05-07 07:27:37,092] Trial 22 finished with value: 0.8166666666666668 and parameters: {'n_estimators': 10, 'max_depth': 20, 'gamma': 0.49776126799889775, 'subsample': 0.9389173703814969, 'colsample_bytree': 0.5896141695486226}. Best is trial 21 with value: 0.85.
[I 2025-05-07 07:27:37,130] Trial 23 finished with value: 0.8500000000000002 and parameters: {'n_estimators': 10, 'max_depth': 20, 'gamma': 0.38910471426648313, 'subsample': 0.897445832650213, 'colsample_bytree': 0.6457222165607641}. Best is trial 23 with value: 0.8500000000000002.
[I 2025-05-07 07:27:37,169] Trial 24 finished with value: 0.7833333333333333 and parameters: {'n_estimators': 10, 'max_depth': 20, 'gamma': 0.3852080924697002, 'subsample': 0.8911805595923267, 'colsample_bytree': 0.7621165146027169}. Best is trial 23 with value: 0.8500000000000002.
[I 2025-05-07 07:27:37,213] Trial 25 finished with value: 0.8166666666666668 and parameters: {'n_estimators': 10, 'max_depth': 5, 'gamma': 0.5283531786404285, 'subsample': 0.954163560840603, 'colsample_bytree': 0.6373459291217639}. Best is trial 23 with value: 0.8500000000000002.
[I 2025-05-07 07:27:37,255] Trial 26 finished with value: 0.7833333333333334 and parameters: {'n_estimators': 10, 'max_depth': 20, 'gamma': 0.1683247151549977, 'subsample': 0.9007359157878995, 'colsample_bytree': 0.7013731143634648}. Best is trial 23 with value: 0.8500000000000002.
[I 2025-05-07 07:27:37,296] Trial 27 finished with value: 0.8166666666666668 and parameters: {'n_estimators': 10, 'max_depth': 20, 'gamma': 0.40026913844406337, 'subsample': 0.9944937483532232, 'colsample_bytree': 0.6568589966939852}. Best is trial 23 with value: 0.8500000000000002.
[I 2025-05-07 07:27:37,348] Trial 28 finished with value: 0.8 and parameters: {'n_estimators': 100, 'max_depth': 20, 'gamma': 0.5855806092542788, 'subsample': 0.8546210489384447, 'colsample_bytree': 0.5682765407154573}. Best is trial 23 with value: 0.8500000000000002.
[I 2025-05-07 07:27:37,386] Trial 29 finished with value: 0.7666666666666667 and parameters: {'n_estimators': 40, 'max_depth': 5, 'gamma': 0.2516238816760009, 'subsample': 0.9622957884092935, 'colsample_bytree': 0.5006473342519822}. Best is trial 23 with value: 0.8500000000000002.
[I 2025-05-07 07:27:40,389] A new study created in memory with name: rf
Parámetros guardados en checkpoint_shoppers_Doriginal_Roriginal_C/random/IPC_30/best_models_random_seed_3_space_original/xgb_best_params.json


>>> Optuna tuning rf metodo random IPC 30 seed 3


[I 2025-05-07 07:27:42,558] Trial 0 finished with value: 0.8333333333333334 and parameters: {'n_estimators': 320, 'max_depth': 15, 'min_samples_split': 4, 'min_samples_leaf': 6}. Best is trial 0 with value: 0.8333333333333334.
[I 2025-05-07 07:27:43,189] Trial 1 finished with value: 0.8166666666666667 and parameters: {'n_estimators': 458, 'max_depth': 19, 'min_samples_split': 3, 'min_samples_leaf': 3}. Best is trial 0 with value: 0.8333333333333334.
[I 2025-05-07 07:27:43,388] Trial 2 finished with value: 0.8 and parameters: {'n_estimators': 120, 'max_depth': 10, 'min_samples_split': 2, 'min_samples_leaf': 5}. Best is trial 0 with value: 0.8333333333333334.
[I 2025-05-07 07:27:43,807] Trial 3 finished with value: 0.8166666666666667 and parameters: {'n_estimators': 360, 'max_depth': 8, 'min_samples_split': 8, 'min_samples_leaf': 6}. Best is trial 0 with value: 0.8333333333333334.
[I 2025-05-07 07:27:44,005] Trial 4 finished with value: 0.75 and parameters: {'n_estimators': 109, 'max_depth': 13, 'min_samples_split': 4, 'min_samples_leaf': 5}. Best is trial 0 with value: 0.8333333333333334.
[I 2025-05-07 07:27:44,295] Trial 5 finished with value: 0.7666666666666666 and parameters: {'n_estimators': 213, 'max_depth': 15, 'min_samples_split': 5, 'min_samples_leaf': 2}. Best is trial 0 with value: 0.8333333333333334.
[I 2025-05-07 07:27:44,706] Trial 6 finished with value: 0.8166666666666667 and parameters: {'n_estimators': 318, 'max_depth': 17, 'min_samples_split': 4, 'min_samples_leaf': 3}. Best is trial 0 with value: 0.8333333333333334.
[I 2025-05-07 07:27:45,016] Trial 7 finished with value: 0.7499999999999999 and parameters: {'n_estimators': 255, 'max_depth': 19, 'min_samples_split': 10, 'min_samples_leaf': 7}. Best is trial 0 with value: 0.8333333333333334.
[I 2025-05-07 07:27:45,596] Trial 8 finished with value: 0.8 and parameters: {'n_estimators': 462, 'max_depth': 18, 'min_samples_split': 5, 'min_samples_leaf': 1}. Best is trial 0 with value: 0.8333333333333334.
[I 2025-05-07 07:27:46,037] Trial 9 finished with value: 0.8166666666666667 and parameters: {'n_estimators': 362, 'max_depth': 13, 'min_samples_split': 5, 'min_samples_leaf': 3}. Best is trial 0 with value: 0.8333333333333334.
[I 2025-05-07 07:27:46,343] Trial 10 finished with value: 0.8 and parameters: {'n_estimators': 193, 'max_depth': 4, 'min_samples_split': 7, 'min_samples_leaf': 10}. Best is trial 0 with value: 0.8333333333333334.
[I 2025-05-07 07:27:47,627] Trial 11 finished with value: 0.7833333333333334 and parameters: {'n_estimators': 463, 'max_depth': 20, 'min_samples_split': 2, 'min_samples_leaf': 8}. Best is trial 0 with value: 0.8333333333333334.
[I 2025-05-07 07:27:48,910] Trial 12 finished with value: 0.8166666666666667 and parameters: {'n_estimators': 499, 'max_depth': 16, 'min_samples_split': 3, 'min_samples_leaf': 4}. Best is trial 0 with value: 0.8333333333333334.
[I 2025-05-07 07:27:50,070] Trial 13 finished with value: 0.75 and parameters: {'n_estimators': 403, 'max_depth': 14, 'min_samples_split': 3, 'min_samples_leaf': 8}. Best is trial 0 with value: 0.8333333333333334.
[I 2025-05-07 07:27:50,458] Trial 14 finished with value: 0.8 and parameters: {'n_estimators': 299, 'max_depth': 10, 'min_samples_split': 7, 'min_samples_leaf': 4}. Best is trial 0 with value: 0.8333333333333334.
