[I 2025-05-04 17:34:10,401] Trial 11 finished with value: 0.9 and parameters: {'n_estimators': 40, 'max_depth': 5, 'gamma': 0.6665038345191073, 'subsample': 0.9371452133191749, 'colsample_bytree': 0.7280327620659187}. Best is trial 0 with value: 0.9.
/data/home/rtabares/anaconda3/envs/pyth3.12/lib/python3.12/site-packages/xgboost/core.py:377: FutureWarning: Your system has an old version of glibc (< 2.28). We will stop supporting Linux distros with glibc older than 2.28 after **May 31, 2025**. Please upgrade to a recent Linux distro (with glibc >= 2.28) to use future versions of XGBoost.
Note: You have installed the 'manylinux2014' variant of XGBoost. Certain features such as GPU algorithms or federated learning are not available. To use these features, please upgrade to a recent Linux distro with glibc 2.28+, and install the 'manylinux_2_28' variant.
  warnings.warn(
[I 2025-05-04 17:34:11,046] Trial 12 finished with value: 0.9 and parameters: {'n_estimators': 40, 'max_depth': 20, 'gamma': 0.9945567099912451, 'subsample': 0.884576896264755, 'colsample_bytree': 0.8475439303432817}. Best is trial 0 with value: 0.9.
[I 2025-05-04 17:34:11,086] Trial 13 finished with value: 0.9 and parameters: {'n_estimators': 40, 'max_depth': 5, 'gamma': 0.3610293084183105, 'subsample': 0.8679298104881813, 'colsample_bytree': 0.6173514653850684}. Best is trial 0 with value: 0.9.
/data/home/rtabares/anaconda3/envs/pyth3.12/lib/python3.12/site-packages/xgboost/core.py:377: FutureWarning: Your system has an old version of glibc (< 2.28). We will stop supporting Linux distros with glibc older than 2.28 after **May 31, 2025**. Please upgrade to a recent Linux distro (with glibc >= 2.28) to use future versions of XGBoost.
Note: You have installed the 'manylinux2014' variant of XGBoost. Certain features such as GPU algorithms or federated learning are not available. To use these features, please upgrade to a recent Linux distro with glibc 2.28+, and install the 'manylinux_2_28' variant.
  warnings.warn(
[I 2025-05-04 17:34:11,730] Trial 14 finished with value: 0.9 and parameters: {'n_estimators': 40, 'max_depth': 30, 'gamma': 0.6954291732671058, 'subsample': 0.867331817141292, 'colsample_bytree': 0.9798895706396813}. Best is trial 0 with value: 0.9.
[I 2025-05-04 17:34:11,780] Trial 15 finished with value: 0.9 and parameters: {'n_estimators': 100, 'max_depth': 20, 'gamma': 0.37022985721530044, 'subsample': 0.987481736058009, 'colsample_bytree': 0.7330475312812272}. Best is trial 0 with value: 0.9.
/data/home/rtabares/anaconda3/envs/pyth3.12/lib/python3.12/site-packages/xgboost/core.py:377: FutureWarning: Your system has an old version of glibc (< 2.28). We will stop supporting Linux distros with glibc older than 2.28 after **May 31, 2025**. Please upgrade to a recent Linux distro (with glibc >= 2.28) to use future versions of XGBoost.
Note: You have installed the 'manylinux2014' variant of XGBoost. Certain features such as GPU algorithms or federated learning are not available. To use these features, please upgrade to a recent Linux distro with glibc 2.28+, and install the 'manylinux_2_28' variant.
  warnings.warn(
[I 2025-05-04 17:34:12,424] Trial 16 finished with value: 0.9 and parameters: {'n_estimators': 40, 'max_depth': 5, 'gamma': 0.45574038667017713, 'subsample': 0.9183953951596949, 'colsample_bytree': 0.6387875480347759}. Best is trial 0 with value: 0.9.
[I 2025-05-04 17:34:12,463] Trial 17 finished with value: 0.9 and parameters: {'n_estimators': 40, 'max_depth': 20, 'gamma': 0.2512162755014062, 'subsample': 0.8203072547174899, 'colsample_bytree': 0.5787929051577233}. Best is trial 0 with value: 0.9.
/data/home/rtabares/anaconda3/envs/pyth3.12/lib/python3.12/site-packages/xgboost/core.py:377: FutureWarning: Your system has an old version of glibc (< 2.28). We will stop supporting Linux distros with glibc older than 2.28 after **May 31, 2025**. Please upgrade to a recent Linux distro (with glibc >= 2.28) to use future versions of XGBoost.
Note: You have installed the 'manylinux2014' variant of XGBoost. Certain features such as GPU algorithms or federated learning are not available. To use these features, please upgrade to a recent Linux distro with glibc 2.28+, and install the 'manylinux_2_28' variant.
  warnings.warn(
[I 2025-05-04 17:34:13,128] Trial 18 finished with value: 0.9 and parameters: {'n_estimators': 100, 'max_depth': 5, 'gamma': 0.10450916142635516, 'subsample': 0.5807309777756933, 'colsample_bytree': 0.8336714539726663}. Best is trial 0 with value: 0.9.
[I 2025-05-04 17:34:13,167] Trial 19 finished with value: 0.9 and parameters: {'n_estimators': 10, 'max_depth': 30, 'gamma': 0.7870681544526525, 'subsample': 0.8268674783978738, 'colsample_bytree': 0.6885476395140673}. Best is trial 0 with value: 0.9.
[I 2025-05-04 17:34:13,216] Trial 20 finished with value: 0.9 and parameters: {'n_estimators': 100, 'max_depth': 20, 'gamma': 0.6800356504782072, 'subsample': 0.9391449638145477, 'colsample_bytree': 0.7779083179017775}. Best is trial 0 with value: 0.9.
[I 2025-05-04 17:34:13,258] Trial 21 finished with value: 0.9 and parameters: {'n_estimators': 10, 'max_depth': 20, 'gamma': 0.2187731666610341, 'subsample': 0.7804047588929528, 'colsample_bytree': 0.6157957954551296}. Best is trial 0 with value: 0.9.
[I 2025-05-04 17:34:13,296] Trial 22 finished with value: 0.9 and parameters: {'n_estimators': 10, 'max_depth': 20, 'gamma': 0.2934991215620866, 'subsample': 0.7229869817363149, 'colsample_bytree': 0.580004482435024}. Best is trial 0 with value: 0.9.
[I 2025-05-04 17:34:13,335] Trial 23 finished with value: 0.9 and parameters: {'n_estimators': 10, 'max_depth': 20, 'gamma': 0.1395874268683348, 'subsample': 0.8576599367910455, 'colsample_bytree': 0.7013727071916958}. Best is trial 0 with value: 0.9.
[I 2025-05-04 17:34:13,375] Trial 24 finished with value: 0.9 and parameters: {'n_estimators': 10, 'max_depth': 20, 'gamma': 0.43946777259292524, 'subsample': 0.9022145998759026, 'colsample_bytree': 0.6560744340137135}. Best is trial 0 with value: 0.9.
[I 2025-05-04 17:34:13,414] Trial 25 finished with value: 0.9 and parameters: {'n_estimators': 10, 'max_depth': 5, 'gamma': 0.3092289217052998, 'subsample': 0.7213715413828853, 'colsample_bytree': 0.7540526210165632}. Best is trial 0 with value: 0.9.
[I 2025-05-04 17:34:13,451] Trial 26 finished with value: 0.9 and parameters: {'n_estimators': 40, 'max_depth': 20, 'gamma': 0.20253095365041196, 'subsample': 0.8343834602834745, 'colsample_bytree': 0.5513346832798542}. Best is trial 0 with value: 0.9.
[I 2025-05-04 17:34:13,493] Trial 27 finished with value: 0.9 and parameters: {'n_estimators': 40, 'max_depth': 20, 'gamma': 0.6054699238668967, 'subsample': 0.7909378595869794, 'colsample_bytree': 0.6100335519829939}. Best is trial 0 with value: 0.9.
[I 2025-05-04 17:34:13,533] Trial 28 finished with value: 0.9 and parameters: {'n_estimators': 10, 'max_depth': 30, 'gamma': 0.9481988272318449, 'subsample': 0.9640615724233614, 'colsample_bytree': 0.6706876344840371}. Best is trial 0 with value: 0.9.
[I 2025-05-04 17:34:13,581] Trial 29 finished with value: 0.9 and parameters: {'n_estimators': 100, 'max_depth': 5, 'gamma': 0.5388709193332581, 'subsample': 0.7667515295731792, 'colsample_bytree': 0.7071904180271216}. Best is trial 0 with value: 0.9.
[I 2025-05-04 17:34:15,433] A new study created in memory with name: rf
Parámetros guardados en checkpoint_shoppers_Doriginal_Roriginal/random/best_models_random_seed_2/xgb_best_params.json


>>> Optuna tuning rf


[I 2025-05-04 17:34:18,147] Trial 0 finished with value: 0.75 and parameters: {'n_estimators': 274, 'max_depth': 3, 'min_samples_split': 6, 'min_samples_leaf': 5}. Best is trial 0 with value: 0.75.
[I 2025-05-04 17:34:18,788] Trial 1 finished with value: 0.5 and parameters: {'n_estimators': 268, 'max_depth': 8, 'min_samples_split': 3, 'min_samples_leaf': 7}. Best is trial 0 with value: 0.75.
[I 2025-05-04 17:34:19,085] Trial 2 finished with value: 0.6 and parameters: {'n_estimators': 220, 'max_depth': 7, 'min_samples_split': 7, 'min_samples_leaf': 6}. Best is trial 0 with value: 0.75.
[I 2025-05-04 17:34:19,353] Trial 3 finished with value: 0.5 and parameters: {'n_estimators': 153, 'max_depth': 12, 'min_samples_split': 3, 'min_samples_leaf': 8}. Best is trial 0 with value: 0.75.
[I 2025-05-04 17:34:19,831] Trial 4 finished with value: 0.7 and parameters: {'n_estimators': 442, 'max_depth': 11, 'min_samples_split': 9, 'min_samples_leaf': 1}. Best is trial 0 with value: 0.75.
[I 2025-05-04 17:34:20,188] Trial 5 finished with value: 0.7 and parameters: {'n_estimators': 302, 'max_depth': 4, 'min_samples_split': 5, 'min_samples_leaf': 1}. Best is trial 0 with value: 0.75.
[I 2025-05-04 17:34:20,419] Trial 6 finished with value: 0.85 and parameters: {'n_estimators': 150, 'max_depth': 13, 'min_samples_split': 4, 'min_samples_leaf': 2}. Best is trial 6 with value: 0.85.
[I 2025-05-04 17:34:20,670] Trial 7 finished with value: 0.7 and parameters: {'n_estimators': 188, 'max_depth': 9, 'min_samples_split': 6, 'min_samples_leaf': 3}. Best is trial 6 with value: 0.85.
[I 2025-05-04 17:34:21,120] Trial 8 finished with value: 0.8 and parameters: {'n_estimators': 356, 'max_depth': 11, 'min_samples_split': 6, 'min_samples_leaf': 4}. Best is trial 6 with value: 0.85.
[I 2025-05-04 17:34:21,580] Trial 9 finished with value: 0.5 and parameters: {'n_estimators': 418, 'max_depth': 13, 'min_samples_split': 3, 'min_samples_leaf': 8}. Best is trial 6 with value: 0.85.
[I 2025-05-04 17:34:21,784] Trial 10 finished with value: 0.8 and parameters: {'n_estimators': 125, 'max_depth': 20, 'min_samples_split': 10, 'min_samples_leaf': 3}. Best is trial 6 with value: 0.85.
[I 2025-05-04 17:34:22,866] Trial 11 finished with value: 0.8 and parameters: {'n_estimators': 349, 'max_depth': 16, 'min_samples_split': 5, 'min_samples_leaf': 4}. Best is trial 6 with value: 0.85.
[I 2025-05-04 17:34:23,306] Trial 12 finished with value: 0.8 and parameters: {'n_estimators': 364, 'max_depth': 16, 'min_samples_split': 8, 'min_samples_leaf': 3}. Best is trial 6 with value: 0.85.
[I 2025-05-04 17:34:24,502] Trial 13 finished with value: 0.5 and parameters: {'n_estimators': 495, 'max_depth': 15, 'min_samples_split': 2, 'min_samples_leaf': 10}. Best is trial 6 with value: 0.85.
[I 2025-05-04 17:34:24,901] Trial 14 finished with value: 0.7 and parameters: {'n_estimators': 356, 'max_depth': 19, 'min_samples_split': 5, 'min_samples_leaf': 2}. Best is trial 6 with value: 0.85.
[I 2025-05-04 17:34:25,174] Trial 15 finished with value: 0.7 and parameters: {'n_estimators': 236, 'max_depth': 11, 'min_samples_split': 4, 'min_samples_leaf': 5}. Best is trial 6 with value: 0.85.
[I 2025-05-04 17:34:25,354] Trial 16 finished with value: 0.7 and parameters: {'n_estimators': 108, 'max_depth': 14, 'min_samples_split': 7, 'min_samples_leaf': 4}. Best is trial 6 with value: 0.85.
[I 2025-05-04 17:34:25,741] Trial 17 finished with value: 0.7 and parameters: {'n_estimators': 304, 'max_depth': 6, 'min_samples_split': 4, 'min_samples_leaf': 2}. Best is trial 6 with value: 0.85.
[I 2025-05-04 17:34:26,207] Trial 18 finished with value: 0.7 and parameters: {'n_estimators': 401, 'max_depth': 10, 'min_samples_split': 7, 'min_samples_leaf': 4}. Best is trial 6 with value: 0.85.
[I 2025-05-04 17:34:26,462] Trial 19 finished with value: 0.7 and parameters: {'n_estimators': 183, 'max_depth': 18, 'min_samples_split': 2, 'min_samples_leaf': 2}. Best is trial 6 with value: 0.85.
[I 2025-05-04 17:34:26,940] Trial 20 finished with value: 0.7 and parameters: {'n_estimators': 455, 'max_depth': 13, 'min_samples_split': 4, 'min_samples_leaf': 6}. Best is trial 6 with value: 0.85.
[I 2025-05-04 17:34:27,142] Trial 21 finished with value: 0.75 and parameters: {'n_estimators': 118, 'max_depth': 20, 'min_samples_split': 10, 'min_samples_leaf': 3}. Best is trial 6 with value: 0.85.
[I 2025-05-04 17:34:27,371] Trial 22 finished with value: 0.75 and parameters: {'n_estimators': 149, 'max_depth': 17, 'min_samples_split': 10, 'min_samples_leaf': 3}. Best is trial 6 with value: 0.85.
[I 2025-05-04 17:34:27,549] Trial 23 finished with value: 0.7 and parameters: {'n_estimators': 144, 'max_depth': 20, 'min_samples_split': 9, 'min_samples_leaf': 1}. Best is trial 6 with value: 0.85.
[I 2025-05-04 17:34:27,849] Trial 24 finished with value: 0.8 and parameters: {'n_estimators': 217, 'max_depth': 5, 'min_samples_split': 8, 'min_samples_leaf': 4}. Best is trial 6 with value: 0.85.
[I 2025-05-04 17:34:28,218] Trial 25 finished with value: 0.7 and parameters: {'n_estimators': 333, 'max_depth': 9, 'min_samples_split': 6, 'min_samples_leaf': 2}. Best is trial 6 with value: 0.85.
[I 2025-05-04 17:34:28,485] Trial 26 finished with value: 0.75 and parameters: {'n_estimators': 185, 'max_depth': 14, 'min_samples_split': 8, 'min_samples_leaf': 5}. Best is trial 6 with value: 0.85.
[I 2025-05-04 17:34:28,625] Trial 27 finished with value: 0.65 and parameters: {'n_estimators': 104, 'max_depth': 17, 'min_samples_split': 5, 'min_samples_leaf': 3}. Best is trial 6 with value: 0.85.
[I 2025-05-04 17:34:29,041] Trial 28 finished with value: 0.75 and parameters: {'n_estimators': 384, 'max_depth': 10, 'min_samples_split': 9, 'min_samples_leaf': 2}. Best is trial 6 with value: 0.85.
[I 2025-05-04 17:34:29,357] Trial 29 finished with value: 0.9 and parameters: {'n_estimators': 287, 'max_depth': 3, 'min_samples_split': 6, 'min_samples_leaf': 5}. Best is trial 29 with value: 0.9.
[I 2025-05-04 17:34:31,741] A new study created in memory with name: svc
Parámetros guardados en checkpoint_shoppers_Doriginal_Roriginal/random/best_models_random_seed_2/rf_best_params.json


>>> Optuna tuning svc


[I 2025-05-04 17:34:34,522] Trial 0 finished with value: 0.65 and parameters: {'C': 0.5545996722241048, 'gamma': 0.00012697111322756423}. Best is trial 0 with value: 0.65.
[I 2025-05-04 17:34:34,824] Trial 1 finished with value: 0.7 and parameters: {'C': 1.579973895360496, 'gamma': 0.005511750757691415}. Best is trial 1 with value: 0.7.
[I 2025-05-04 17:34:34,840] Trial 2 finished with value: 0.65 and parameters: {'C': 0.48025424062174377, 'gamma': 0.002095749079193946}. Best is trial 1 with value: 0.7.
[I 2025-05-04 17:34:34,855] Trial 3 finished with value: 0.8 and parameters: {'C': 0.06585587677899403, 'gamma': 0.029997417348655162}. Best is trial 3 with value: 0.8.
[I 2025-05-04 17:34:34,868] Trial 4 finished with value: 0.65 and parameters: {'C': 0.15798603319028856, 'gamma': 0.0011676403660687692}. Best is trial 3 with value: 0.8.
[I 2025-05-04 17:34:34,881] Trial 5 finished with value: 0.9 and parameters: {'C': 3.051654279698754, 'gamma': 0.01307881440940144}. Best is trial 5 with value: 0.9.
[I 2025-05-04 17:34:34,895] Trial 6 finished with value: 0.7 and parameters: {'C': 0.034539797048540495, 'gamma': 0.01133215445049292}. Best is trial 5 with value: 0.9.
[I 2025-05-04 17:34:34,910] Trial 7 finished with value: 0.85 and parameters: {'C': 0.05467130776888186, 'gamma': 0.13846518531662885}. Best is trial 5 with value: 0.9.
[I 2025-05-04 17:34:34,923] Trial 8 finished with value: 0.9 and parameters: {'C': 26.055605528320903, 'gamma': 0.009483034914203468}. Best is trial 5 with value: 0.9.
[I 2025-05-04 17:34:34,939] Trial 9 finished with value: 0.65 and parameters: {'C': 24.335817588808105, 'gamma': 0.00020824851253449603}. Best is trial 5 with value: 0.9.
[I 2025-05-04 17:34:34,963] Trial 10 finished with value: 0.9 and parameters: {'C': 3.93605688752582, 'gamma': 0.6424272442653438}. Best is trial 5 with value: 0.9.
[I 2025-05-04 17:34:35,634] Trial 11 finished with value: 0.9 and parameters: {'C': 94.53105581256676, 'gamma': 0.04354029466352555}. Best is trial 5 with value: 0.9.
[I 2025-05-04 17:34:35,658] Trial 12 finished with value: 0.75 and parameters: {'C': 7.816956610394551, 'gamma': 0.001273550705289322}. Best is trial 5 with value: 0.9.
[I 2025-05-04 17:34:36,304] Trial 13 finished with value: 0.9 and parameters: {'C': 25.99419641486396, 'gamma': 0.07090885038188904}. Best is trial 5 with value: 0.9.
[I 2025-05-04 17:34:36,327] Trial 14 finished with value: 0.9 and parameters: {'C': 8.56111253589447, 'gamma': 0.010910338585549753}. Best is trial 5 with value: 0.9.
[I 2025-05-04 17:34:36,347] Trial 15 finished with value: 0.9 and parameters: {'C': 80.78963648177103, 'gamma': 0.2950077622875162}. Best is trial 5 with value: 0.9.
[I 2025-05-04 17:34:36,373] Trial 16 finished with value: 0.65 and parameters: {'C': 2.00739364972314, 'gamma': 0.0037717788453029413}. Best is trial 5 with value: 0.9.
[I 2025-05-04 17:34:36,394] Trial 17 finished with value: 0.65 and parameters: {'C': 0.011278738109245848, 'gamma': 0.0004707111247235158}. Best is trial 5 with value: 0.9.
[I 2025-05-04 17:34:37,030] Trial 18 finished with value: 0.9 and parameters: {'C': 23.849652495999457, 'gamma': 0.01766413236411288}. Best is trial 5 with value: 0.9.
[I 2025-05-04 17:34:37,054] Trial 19 finished with value: 0.9 and parameters: {'C': 8.74301253683558, 'gamma': 0.09135014071194893}. Best is trial 5 with value: 0.9.
[I 2025-05-04 17:34:37,077] Trial 20 finished with value: 0.85 and parameters: {'C': 3.6311993535014087, 'gamma': 0.0035734484558604023}. Best is trial 5 with value: 0.9.
[I 2025-05-04 17:34:37,100] Trial 21 finished with value: 0.8 and parameters: {'C': 5.309115073013653, 'gamma': 0.9507232783855046}. Best is trial 5 with value: 0.9.
[I 2025-05-04 17:34:37,739] Trial 22 finished with value: 0.7 and parameters: {'C': 0.6658307194189836, 'gamma': 0.9152893857958077}. Best is trial 5 with value: 0.9.
[I 2025-05-04 17:34:37,763] Trial 23 finished with value: 0.9 and parameters: {'C': 2.5819501607466444, 'gamma': 0.35929499967304446}. Best is trial 5 with value: 0.9.
[I 2025-05-04 17:34:38,404] Trial 24 finished with value: 0.9 and parameters: {'C': 38.751738722540814, 'gamma': 0.023216425588002958}. Best is trial 5 with value: 0.9.
[I 2025-05-04 17:34:38,428] Trial 25 finished with value: 0.9 and parameters: {'C': 1.2483914126209397, 'gamma': 0.23456914404454368}. Best is trial 5 with value: 0.9.
[I 2025-05-04 17:34:38,449] Trial 26 finished with value: 0.65 and parameters: {'C': 11.705918195914737, 'gamma': 0.0005042743694238337}. Best is trial 5 with value: 0.9.
[I 2025-05-04 17:34:38,471] Trial 27 finished with value: 0.85 and parameters: {'C': 0.30618189159078735, 'gamma': 0.0371993414512142}. Best is trial 5 with value: 0.9.
[I 2025-05-04 17:34:38,493] Trial 28 finished with value: 0.9 and parameters: {'C': 3.9345950150988678, 'gamma': 0.006861136937082391}. Best is trial 5 with value: 0.9.
[I 2025-05-04 17:34:38,516] Trial 29 finished with value: 0.65 and parameters: {'C': 18.029778239980185, 'gamma': 0.00013891875919092253}. Best is trial 5 with value: 0.9.
[I 2025-05-04 17:34:40,910] A new study created in memory with name: logreg
Parámetros guardados en checkpoint_shoppers_Doriginal_Roriginal/random/best_models_random_seed_2/svc_best_params.json


>>> Optuna tuning logreg


[I 2025-05-04 17:34:43,143] Trial 0 finished with value: 0.9 and parameters: {'C': 0.15134724182275533, 'penalty': 'l2'}. Best is trial 0 with value: 0.9.
[I 2025-05-04 17:34:43,377] Trial 1 finished with value: 0.9 and parameters: {'C': 0.00134781771168027, 'penalty': 'l2'}. Best is trial 0 with value: 0.9.
[I 2025-05-04 17:34:43,392] Trial 2 finished with value: 0.9 and parameters: {'C': 0.5601603817503298, 'penalty': 'l2'}. Best is trial 0 with value: 0.9.
[I 2025-05-04 17:34:43,406] Trial 3 finished with value: 0.9 and parameters: {'C': 0.15017995265951545, 'penalty': 'l2'}. Best is trial 0 with value: 0.9.
[I 2025-05-04 17:34:43,419] Trial 4 finished with value: 0.9 and parameters: {'C': 0.1264267606498664, 'penalty': 'l2'}. Best is trial 0 with value: 0.9.
[I 2025-05-04 17:34:43,433] Trial 5 finished with value: 0.9 and parameters: {'C': 0.044840877729077515, 'penalty': 'l2'}. Best is trial 0 with value: 0.9.
[I 2025-05-04 17:34:43,457] Trial 6 finished with value: 0.9 and parameters: {'C': 0.010549774340694125, 'penalty': 'l2'}. Best is trial 0 with value: 0.9.
[I 2025-05-04 17:34:43,483] Trial 7 finished with value: 0.9 and parameters: {'C': 1.248403080828608, 'penalty': 'l2'}. Best is trial 0 with value: 0.9.
[I 2025-05-04 17:34:43,508] Trial 8 finished with value: 0.9 and parameters: {'C': 0.03149730300397853, 'penalty': 'l2'}. Best is trial 0 with value: 0.9.
[I 2025-05-04 17:34:43,524] Trial 9 finished with value: 0.9 and parameters: {'C': 0.021584220823040776, 'penalty': 'l2'}. Best is trial 0 with value: 0.9.
[I 2025-05-04 17:34:43,552] Trial 10 finished with value: 0.9 and parameters: {'C': 26.015182919619694, 'penalty': 'l2'}. Best is trial 0 with value: 0.9.
[I 2025-05-04 17:34:44,208] Trial 11 finished with value: 0.9 and parameters: {'C': 0.001176371971117908, 'penalty': 'l2'}. Best is trial 0 with value: 0.9.
[I 2025-05-04 17:34:44,844] Trial 12 finished with value: 0.9 and parameters: {'C': 0.001136550637943971, 'penalty': 'l2'}. Best is trial 0 with value: 0.9.
[I 2025-05-04 17:34:44,875] Trial 13 finished with value: 0.9 and parameters: {'C': 5.05278877551691, 'penalty': 'l2'}. Best is trial 0 with value: 0.9.
[I 2025-05-04 17:34:44,894] Trial 14 finished with value: 0.9 and parameters: {'C': 0.003541755125609463, 'penalty': 'l2'}. Best is trial 0 with value: 0.9.
[I 2025-05-04 17:34:44,911] Trial 15 finished with value: 0.9 and parameters: {'C': 77.6849705676342, 'penalty': 'l2'}. Best is trial 0 with value: 0.9.
[I 2025-05-04 17:34:44,929] Trial 16 finished with value: 0.9 and parameters: {'C': 7.653329043484061, 'penalty': 'l2'}. Best is trial 0 with value: 0.9.
[I 2025-05-04 17:34:44,957] Trial 17 finished with value: 0.9 and parameters: {'C': 1.5362107485579384, 'penalty': 'l2'}. Best is trial 0 with value: 0.9.
[I 2025-05-04 17:34:45,593] Trial 18 finished with value: 0.9 and parameters: {'C': 0.0075523275239011475, 'penalty': 'l2'}. Best is trial 0 with value: 0.9.
