[I 2025-05-07 07:26:40,925] Trial 5 finished with value: 0.8833333333333334 and parameters: {'n_estimators': 100, 'max_depth': 20, 'gamma': 0.17388543004752233, 'subsample': 0.6831712008375102, 'colsample_bytree': 0.9254252520022508}. Best is trial 5 with value: 0.8833333333333334.
/data/home/rtabares/anaconda3/envs/pyth3.12/lib/python3.12/site-packages/xgboost/core.py:377: FutureWarning: Your system has an old version of glibc (< 2.28). We will stop supporting Linux distros with glibc older than 2.28 after **May 31, 2025**. Please upgrade to a recent Linux distro (with glibc >= 2.28) to use future versions of XGBoost.
Note: You have installed the 'manylinux2014' variant of XGBoost. Certain features such as GPU algorithms or federated learning are not available. To use these features, please upgrade to a recent Linux distro with glibc 2.28+, and install the 'manylinux_2_28' variant.
  warnings.warn(
/data/home/rtabares/anaconda3/envs/pyth3.12/lib/python3.12/site-packages/xgboost/core.py:377: FutureWarning: Your system has an old version of glibc (< 2.28). We will stop supporting Linux distros with glibc older than 2.28 after **May 31, 2025**. Please upgrade to a recent Linux distro (with glibc >= 2.28) to use future versions of XGBoost.
Note: You have installed the 'manylinux2014' variant of XGBoost. Certain features such as GPU algorithms or federated learning are not available. To use these features, please upgrade to a recent Linux distro with glibc 2.28+, and install the 'manylinux_2_28' variant.
  warnings.warn(
[I 2025-05-07 07:26:40,973] Trial 6 finished with value: 0.85 and parameters: {'n_estimators': 10, 'max_depth': 20, 'gamma': 0.8202325160193281, 'subsample': 0.8009085607027338, 'colsample_bytree': 0.8824799302258408}. Best is trial 5 with value: 0.8833333333333334.
/data/home/rtabares/anaconda3/envs/pyth3.12/lib/python3.12/site-packages/xgboost/core.py:377: FutureWarning: Your system has an old version of glibc (< 2.28). We will stop supporting Linux distros with glibc older than 2.28 after **May 31, 2025**. Please upgrade to a recent Linux distro (with glibc >= 2.28) to use future versions of XGBoost.
Note: You have installed the 'manylinux2014' variant of XGBoost. Certain features such as GPU algorithms or federated learning are not available. To use these features, please upgrade to a recent Linux distro with glibc 2.28+, and install the 'manylinux_2_28' variant.
  warnings.warn(
[I 2025-05-07 07:26:41,021] Trial 7 finished with value: 0.8833333333333334 and parameters: {'n_estimators': 100, 'max_depth': 30, 'gamma': 0.4972194274193621, 'subsample': 0.7520002196895763, 'colsample_bytree': 0.6617706587673494}. Best is trial 5 with value: 0.8833333333333334.
/data/home/rtabares/anaconda3/envs/pyth3.12/lib/python3.12/site-packages/xgboost/core.py:377: FutureWarning: Your system has an old version of glibc (< 2.28). We will stop supporting Linux distros with glibc older than 2.28 after **May 31, 2025**. Please upgrade to a recent Linux distro (with glibc >= 2.28) to use future versions of XGBoost.
Note: You have installed the 'manylinux2014' variant of XGBoost. Certain features such as GPU algorithms or federated learning are not available. To use these features, please upgrade to a recent Linux distro with glibc 2.28+, and install the 'manylinux_2_28' variant.
  warnings.warn(
/data/home/rtabares/anaconda3/envs/pyth3.12/lib/python3.12/site-packages/xgboost/core.py:377: FutureWarning: Your system has an old version of glibc (< 2.28). We will stop supporting Linux distros with glibc older than 2.28 after **May 31, 2025**. Please upgrade to a recent Linux distro (with glibc >= 2.28) to use future versions of XGBoost.
Note: You have installed the 'manylinux2014' variant of XGBoost. Certain features such as GPU algorithms or federated learning are not available. To use these features, please upgrade to a recent Linux distro with glibc 2.28+, and install the 'manylinux_2_28' variant.
  warnings.warn(
[I 2025-05-07 07:26:41,079] Trial 8 finished with value: 0.8166666666666667 and parameters: {'n_estimators': 100, 'max_depth': 5, 'gamma': 0.8176644451293342, 'subsample': 0.6346943987981506, 'colsample_bytree': 0.7913424442645173}. Best is trial 5 with value: 0.8833333333333334.
/data/home/rtabares/anaconda3/envs/pyth3.12/lib/python3.12/site-packages/xgboost/core.py:377: FutureWarning: Your system has an old version of glibc (< 2.28). We will stop supporting Linux distros with glibc older than 2.28 after **May 31, 2025**. Please upgrade to a recent Linux distro (with glibc >= 2.28) to use future versions of XGBoost.
Note: You have installed the 'manylinux2014' variant of XGBoost. Certain features such as GPU algorithms or federated learning are not available. To use these features, please upgrade to a recent Linux distro with glibc 2.28+, and install the 'manylinux_2_28' variant.
  warnings.warn(
[I 2025-05-07 07:26:41,127] Trial 9 finished with value: 0.85 and parameters: {'n_estimators': 40, 'max_depth': 5, 'gamma': 0.5958801147919773, 'subsample': 0.9864553449374125, 'colsample_bytree': 0.5563881076190358}. Best is trial 5 with value: 0.8833333333333334.
/data/home/rtabares/anaconda3/envs/pyth3.12/lib/python3.12/site-packages/xgboost/core.py:377: FutureWarning: Your system has an old version of glibc (< 2.28). We will stop supporting Linux distros with glibc older than 2.28 after **May 31, 2025**. Please upgrade to a recent Linux distro (with glibc >= 2.28) to use future versions of XGBoost.
Note: You have installed the 'manylinux2014' variant of XGBoost. Certain features such as GPU algorithms or federated learning are not available. To use these features, please upgrade to a recent Linux distro with glibc 2.28+, and install the 'manylinux_2_28' variant.
  warnings.warn(
/data/home/rtabares/anaconda3/envs/pyth3.12/lib/python3.12/site-packages/xgboost/core.py:377: FutureWarning: Your system has an old version of glibc (< 2.28). We will stop supporting Linux distros with glibc older than 2.28 after **May 31, 2025**. Please upgrade to a recent Linux distro (with glibc >= 2.28) to use future versions of XGBoost.
Note: You have installed the 'manylinux2014' variant of XGBoost. Certain features such as GPU algorithms or federated learning are not available. To use these features, please upgrade to a recent Linux distro with glibc 2.28+, and install the 'manylinux_2_28' variant.
  warnings.warn(
/data/home/rtabares/anaconda3/envs/pyth3.12/lib/python3.12/site-packages/xgboost/core.py:377: FutureWarning: Your system has an old version of glibc (< 2.28). We will stop supporting Linux distros with glibc older than 2.28 after **May 31, 2025**. Please upgrade to a recent Linux distro (with glibc >= 2.28) to use future versions of XGBoost.
Note: You have installed the 'manylinux2014' variant of XGBoost. Certain features such as GPU algorithms or federated learning are not available. To use these features, please upgrade to a recent Linux distro with glibc 2.28+, and install the 'manylinux_2_28' variant.
  warnings.warn(
[I 2025-05-07 07:26:41,196] Trial 10 finished with value: 0.85 and parameters: {'n_estimators': 100, 'max_depth': 20, 'gamma': 0.11000598221330993, 'subsample': 0.5045839860594736, 'colsample_bytree': 0.9804389387615912}. Best is trial 5 with value: 0.8833333333333334.
/data/home/rtabares/anaconda3/envs/pyth3.12/lib/python3.12/site-packages/xgboost/core.py:377: FutureWarning: Your system has an old version of glibc (< 2.28). We will stop supporting Linux distros with glibc older than 2.28 after **May 31, 2025**. Please upgrade to a recent Linux distro (with glibc >= 2.28) to use future versions of XGBoost.
Note: You have installed the 'manylinux2014' variant of XGBoost. Certain features such as GPU algorithms or federated learning are not available. To use these features, please upgrade to a recent Linux distro with glibc 2.28+, and install the 'manylinux_2_28' variant.
  warnings.warn(
/data/home/rtabares/anaconda3/envs/pyth3.12/lib/python3.12/site-packages/xgboost/core.py:377: FutureWarning: Your system has an old version of glibc (< 2.28). We will stop supporting Linux distros with glibc older than 2.28 after **May 31, 2025**. Please upgrade to a recent Linux distro (with glibc >= 2.28) to use future versions of XGBoost.
Note: You have installed the 'manylinux2014' variant of XGBoost. Certain features such as GPU algorithms or federated learning are not available. To use these features, please upgrade to a recent Linux distro with glibc 2.28+, and install the 'manylinux_2_28' variant.
  warnings.warn(
[I 2025-05-07 07:26:41,845] Trial 11 finished with value: 0.85 and parameters: {'n_estimators': 100, 'max_depth': 30, 'gamma': 0.4330513681538484, 'subsample': 0.6399700344937235, 'colsample_bytree': 0.9903005064140131}. Best is trial 5 with value: 0.8833333333333334.
/data/home/rtabares/anaconda3/envs/pyth3.12/lib/python3.12/site-packages/xgboost/core.py:377: FutureWarning: Your system has an old version of glibc (< 2.28). We will stop supporting Linux distros with glibc older than 2.28 after **May 31, 2025**. Please upgrade to a recent Linux distro (with glibc >= 2.28) to use future versions of XGBoost.
Note: You have installed the 'manylinux2014' variant of XGBoost. Certain features such as GPU algorithms or federated learning are not available. To use these features, please upgrade to a recent Linux distro with glibc 2.28+, and install the 'manylinux_2_28' variant.
  warnings.warn(
[I 2025-05-07 07:26:42,555] Trial 12 finished with value: 0.8500000000000002 and parameters: {'n_estimators': 100, 'max_depth': 30, 'gamma': 0.3883421038840132, 'subsample': 0.5651680283875414, 'colsample_bytree': 0.5065325640644295}. Best is trial 5 with value: 0.8833333333333334.
[I 2025-05-07 07:26:42,595] Trial 13 finished with value: 0.8333333333333334 and parameters: {'n_estimators': 100, 'max_depth': 30, 'gamma': 0.6557947459089275, 'subsample': 0.7083611377085883, 'colsample_bytree': 0.8646068651243967}. Best is trial 5 with value: 0.8833333333333334.
[I 2025-05-07 07:26:42,640] Trial 14 finished with value: 0.85 and parameters: {'n_estimators': 100, 'max_depth': 30, 'gamma': 0.1073802102431477, 'subsample': 0.9039674366412763, 'colsample_bytree': 0.8917548695130689}. Best is trial 5 with value: 0.8833333333333334.
/data/home/rtabares/anaconda3/envs/pyth3.12/lib/python3.12/site-packages/xgboost/core.py:377: FutureWarning: Your system has an old version of glibc (< 2.28). We will stop supporting Linux distros with glibc older than 2.28 after **May 31, 2025**. Please upgrade to a recent Linux distro (with glibc >= 2.28) to use future versions of XGBoost.
Note: You have installed the 'manylinux2014' variant of XGBoost. Certain features such as GPU algorithms or federated learning are not available. To use these features, please upgrade to a recent Linux distro with glibc 2.28+, and install the 'manylinux_2_28' variant.
  warnings.warn(
[I 2025-05-07 07:26:43,366] Trial 15 finished with value: 0.85 and parameters: {'n_estimators': 40, 'max_depth': 20, 'gamma': 0.3048298590475001, 'subsample': 0.5978053936020566, 'colsample_bytree': 0.6966147232853342}. Best is trial 5 with value: 0.8833333333333334.
/data/home/rtabares/anaconda3/envs/pyth3.12/lib/python3.12/site-packages/xgboost/core.py:377: FutureWarning: Your system has an old version of glibc (< 2.28). We will stop supporting Linux distros with glibc older than 2.28 after **May 31, 2025**. Please upgrade to a recent Linux distro (with glibc >= 2.28) to use future versions of XGBoost.
Note: You have installed the 'manylinux2014' variant of XGBoost. Certain features such as GPU algorithms or federated learning are not available. To use these features, please upgrade to a recent Linux distro with glibc 2.28+, and install the 'manylinux_2_28' variant.
  warnings.warn(
[I 2025-05-07 07:26:44,032] Trial 16 finished with value: 0.8666666666666668 and parameters: {'n_estimators': 100, 'max_depth': 30, 'gamma': 0.47329509392697816, 'subsample': 0.7173913153016236, 'colsample_bytree': 0.8223194318525142}. Best is trial 5 with value: 0.8833333333333334.
/data/home/rtabares/anaconda3/envs/pyth3.12/lib/python3.12/site-packages/xgboost/core.py:377: FutureWarning: Your system has an old version of glibc (< 2.28). We will stop supporting Linux distros with glibc older than 2.28 after **May 31, 2025**. Please upgrade to a recent Linux distro (with glibc >= 2.28) to use future versions of XGBoost.
Note: You have installed the 'manylinux2014' variant of XGBoost. Certain features such as GPU algorithms or federated learning are not available. To use these features, please upgrade to a recent Linux distro with glibc 2.28+, and install the 'manylinux_2_28' variant.
  warnings.warn(
[I 2025-05-07 07:26:44,696] Trial 17 finished with value: 0.9 and parameters: {'n_estimators': 100, 'max_depth': 30, 'gamma': 0.6804311330285688, 'subsample': 0.8820534187199978, 'colsample_bytree': 0.9370611359670887}. Best is trial 17 with value: 0.9.
[I 2025-05-07 07:26:44,735] Trial 18 finished with value: 0.9 and parameters: {'n_estimators': 40, 'max_depth': 20, 'gamma': 0.6756194708689921, 'subsample': 0.8606621164254089, 'colsample_bytree': 0.9282201679527589}. Best is trial 17 with value: 0.9.
[I 2025-05-07 07:26:44,773] Trial 19 finished with value: 0.8833333333333334 and parameters: {'n_estimators': 40, 'max_depth': 5, 'gamma': 0.7105906457142055, 'subsample': 0.8736731127377139, 'colsample_bytree': 0.9405381435001712}. Best is trial 17 with value: 0.9.
[I 2025-05-07 07:26:44,812] Trial 20 finished with value: 0.8166666666666668 and parameters: {'n_estimators': 40, 'max_depth': 30, 'gamma': 0.7133801715984289, 'subsample': 0.9819714838562322, 'colsample_bytree': 0.8415490256734414}. Best is trial 17 with value: 0.9.
[I 2025-05-07 07:26:44,850] Trial 21 finished with value: 0.8666666666666668 and parameters: {'n_estimators': 40, 'max_depth': 20, 'gamma': 0.9647865451161399, 'subsample': 0.841573699434661, 'colsample_bytree': 0.9338733045883075}. Best is trial 17 with value: 0.9.
[I 2025-05-07 07:26:44,887] Trial 22 finished with value: 0.8666666666666666 and parameters: {'n_estimators': 40, 'max_depth': 20, 'gamma': 0.6256293370316176, 'subsample': 0.9092525343876741, 'colsample_bytree': 0.9284932659708346}. Best is trial 17 with value: 0.9.
[I 2025-05-07 07:26:44,926] Trial 23 finished with value: 0.8833333333333334 and parameters: {'n_estimators': 10, 'max_depth': 20, 'gamma': 0.7335409024591318, 'subsample': 0.8623545797363952, 'colsample_bytree': 0.9116977627964381}. Best is trial 17 with value: 0.9.
[I 2025-05-07 07:26:44,975] Trial 24 finished with value: 0.85 and parameters: {'n_estimators': 100, 'max_depth': 20, 'gamma': 0.5544820282614091, 'subsample': 0.9360963674454092, 'colsample_bytree': 0.9647310948856287}. Best is trial 17 with value: 0.9.
[I 2025-05-07 07:26:45,023] Trial 25 finished with value: 0.8666666666666668 and parameters: {'n_estimators': 40, 'max_depth': 20, 'gamma': 0.3725469504490686, 'subsample': 0.8323024648722229, 'colsample_bytree': 0.8547623430826151}. Best is trial 17 with value: 0.9.
[I 2025-05-07 07:26:45,072] Trial 26 finished with value: 0.8833333333333334 and parameters: {'n_estimators': 100, 'max_depth': 20, 'gamma': 0.6826732770679912, 'subsample': 0.7828883375248356, 'colsample_bytree': 0.9540690544870737}. Best is trial 17 with value: 0.9.
[I 2025-05-07 07:26:45,121] Trial 27 finished with value: 0.9333333333333333 and parameters: {'n_estimators': 100, 'max_depth': 20, 'gamma': 0.5850968141684775, 'subsample': 0.6875509258234223, 'colsample_bytree': 0.995085384173142}. Best is trial 27 with value: 0.9333333333333333.
[I 2025-05-07 07:26:45,161] Trial 28 finished with value: 0.8166666666666668 and parameters: {'n_estimators': 10, 'max_depth': 5, 'gamma': 0.7605863613223367, 'subsample': 0.9534165887630551, 'colsample_bytree': 0.9819000904945453}. Best is trial 27 with value: 0.9333333333333333.
[I 2025-05-07 07:26:45,199] Trial 29 finished with value: 0.9 and parameters: {'n_estimators': 40, 'max_depth': 30, 'gamma': 0.5979595159786754, 'subsample': 0.8818688440895576, 'colsample_bytree': 0.8979377413273693}. Best is trial 27 with value: 0.9333333333333333.
[I 2025-05-07 07:26:49,549] A new study created in memory with name: rf
Parámetros guardados en checkpoint_shoppers_Doriginal_Roriginal_C/random/IPC_30/best_models_random_seed_2_space_original/xgb_best_params.json


>>> Optuna tuning rf metodo random IPC 30 seed 2


[I 2025-05-07 07:26:51,012] Trial 0 finished with value: 0.8666666666666668 and parameters: {'n_estimators': 274, 'max_depth': 3, 'min_samples_split': 6, 'min_samples_leaf': 5}. Best is trial 0 with value: 0.8666666666666668.
[I 2025-05-07 07:26:51,392] Trial 1 finished with value: 0.8 and parameters: {'n_estimators': 268, 'max_depth': 8, 'min_samples_split': 3, 'min_samples_leaf': 7}. Best is trial 0 with value: 0.8666666666666668.
[I 2025-05-07 07:26:51,682] Trial 2 finished with value: 0.7833333333333333 and parameters: {'n_estimators': 220, 'max_depth': 7, 'min_samples_split': 7, 'min_samples_leaf': 6}. Best is trial 0 with value: 0.8666666666666668.
[I 2025-05-07 07:26:51,877] Trial 3 finished with value: 0.7833333333333334 and parameters: {'n_estimators': 153, 'max_depth': 12, 'min_samples_split': 3, 'min_samples_leaf': 8}. Best is trial 0 with value: 0.8666666666666668.
[I 2025-05-07 07:26:52,426] Trial 4 finished with value: 0.8166666666666667 and parameters: {'n_estimators': 442, 'max_depth': 11, 'min_samples_split': 9, 'min_samples_leaf': 1}. Best is trial 0 with value: 0.8666666666666668.
[I 2025-05-07 07:26:52,844] Trial 5 finished with value: 0.8166666666666667 and parameters: {'n_estimators': 302, 'max_depth': 4, 'min_samples_split': 5, 'min_samples_leaf': 1}. Best is trial 0 with value: 0.8666666666666668.
[I 2025-05-07 07:26:53,081] Trial 6 finished with value: 0.9 and parameters: {'n_estimators': 150, 'max_depth': 13, 'min_samples_split': 4, 'min_samples_leaf': 2}. Best is trial 6 with value: 0.9.
[I 2025-05-07 07:26:53,391] Trial 7 finished with value: 0.85 and parameters: {'n_estimators': 188, 'max_depth': 9, 'min_samples_split': 6, 'min_samples_leaf': 3}. Best is trial 6 with value: 0.9.
[I 2025-05-07 07:26:53,848] Trial 8 finished with value: 0.85 and parameters: {'n_estimators': 356, 'max_depth': 11, 'min_samples_split': 6, 'min_samples_leaf': 4}. Best is trial 6 with value: 0.9.
[I 2025-05-07 07:26:54,295] Trial 9 finished with value: 0.7666666666666667 and parameters: {'n_estimators': 418, 'max_depth': 13, 'min_samples_split': 3, 'min_samples_leaf': 8}. Best is trial 6 with value: 0.9.
[I 2025-05-07 07:26:54,539] Trial 10 finished with value: 0.85 and parameters: {'n_estimators': 125, 'max_depth': 20, 'min_samples_split': 10, 'min_samples_leaf': 3}. Best is trial 6 with value: 0.9.
[I 2025-05-07 07:26:55,416] Trial 11 finished with value: 0.7833333333333334 and parameters: {'n_estimators': 109, 'max_depth': 17, 'min_samples_split': 5, 'min_samples_leaf': 10}. Best is trial 6 with value: 0.9.
[I 2025-05-07 07:26:56,345] Trial 12 finished with value: 0.85 and parameters: {'n_estimators': 250, 'max_depth': 3, 'min_samples_split': 8, 'min_samples_leaf': 4}. Best is trial 6 with value: 0.9.
[I 2025-05-07 07:26:57,491] Trial 13 finished with value: 0.7833333333333334 and parameters: {'n_estimators': 330, 'max_depth': 15, 'min_samples_split': 2, 'min_samples_leaf': 5}. Best is trial 6 with value: 0.9.
[I 2025-05-07 07:26:57,763] Trial 14 finished with value: 0.8833333333333334 and parameters: {'n_estimators': 187, 'max_depth': 6, 'min_samples_split': 5, 'min_samples_leaf': 2}. Best is trial 6 with value: 0.9.
[I 2025-05-07 07:26:58,047] Trial 15 finished with value: 0.8666666666666668 and parameters: {'n_estimators': 188, 'max_depth': 6, 'min_samples_split': 4, 'min_samples_leaf': 2}. Best is trial 6 with value: 0.9.
[I 2025-05-07 07:26:58,261] Trial 16 finished with value: 0.8666666666666668 and parameters: {'n_estimators': 163, 'max_depth': 15, 'min_samples_split': 4, 'min_samples_leaf': 2}. Best is trial 6 with value: 0.9.
[I 2025-05-07 07:26:58,840] Trial 17 finished with value: 0.85 and parameters: {'n_estimators': 489, 'max_depth': 9, 'min_samples_split': 5, 'min_samples_leaf': 2}. Best is trial 6 with value: 0.9.
[I 2025-05-07 07:26:59,137] Trial 18 finished with value: 0.8333333333333334 and parameters: {'n_estimators': 222, 'max_depth': 5, 'min_samples_split': 2, 'min_samples_leaf': 3}. Best is trial 6 with value: 0.9.
[I 2025-05-07 07:26:59,345] Trial 19 finished with value: 0.8333333333333334 and parameters: {'n_estimators': 129, 'max_depth': 18, 'min_samples_split': 7, 'min_samples_leaf': 1}. Best is trial 6 with value: 0.9.
[I 2025-05-07 07:26:59,603] Trial 20 finished with value: 0.85 and parameters: {'n_estimators': 216, 'max_depth': 14, 'min_samples_split': 4, 'min_samples_leaf': 4}. Best is trial 6 with value: 0.9.
[I 2025-05-07 07:26:59,907] Trial 21 finished with value: 0.8666666666666668 and parameters: {'n_estimators': 262, 'max_depth': 4, 'min_samples_split': 6, 'min_samples_leaf': 5}. Best is trial 6 with value: 0.9.
[I 2025-05-07 07:27:00,339] Trial 22 finished with value: 0.8333333333333334 and parameters: {'n_estimators': 374, 'max_depth': 3, 'min_samples_split': 7, 'min_samples_leaf': 6}. Best is trial 6 with value: 0.9.
[I 2025-05-07 07:27:00,672] Trial 23 finished with value: 0.7833333333333334 and parameters: {'n_estimators': 298, 'max_depth': 6, 'min_samples_split': 5, 'min_samples_leaf': 10}. Best is trial 6 with value: 0.9.
[I 2025-05-07 07:27:00,917] Trial 24 finished with value: 0.8500000000000002 and parameters: {'n_estimators': 168, 'max_depth': 10, 'min_samples_split': 6, 'min_samples_leaf': 2}. Best is trial 6 with value: 0.9.
[I 2025-05-07 07:27:01,162] Trial 25 finished with value: 0.8333333333333334 and parameters: {'n_estimators': 202, 'max_depth': 7, 'min_samples_split': 4, 'min_samples_leaf': 3}. Best is trial 6 with value: 0.9.
