[I 2025-05-04 17:25:49,967] Trial 1 finished with value: 0.5 and parameters: {'n_estimators': 269, 'max_depth': 14, 'min_samples_split': 5, 'min_samples_leaf': 9}. Best is trial 0 with value: 0.95.
[I 2025-05-04 17:25:50,518] Trial 2 finished with value: 0.95 and parameters: {'n_estimators': 486, 'max_depth': 9, 'min_samples_split': 9, 'min_samples_leaf': 6}. Best is trial 0 with value: 0.95.
[I 2025-05-04 17:25:50,918] Trial 3 finished with value: 1.0 and parameters: {'n_estimators': 327, 'max_depth': 19, 'min_samples_split': 2, 'min_samples_leaf': 1}. Best is trial 3 with value: 1.0.
[I 2025-05-04 17:25:51,085] Trial 4 finished with value: 0.5 and parameters: {'n_estimators': 108, 'max_depth': 17, 'min_samples_split': 9, 'min_samples_leaf': 9}. Best is trial 3 with value: 1.0.
[I 2025-05-04 17:25:51,636] Trial 5 finished with value: 0.5 and parameters: {'n_estimators': 492, 'max_depth': 17, 'min_samples_split': 6, 'min_samples_leaf': 8}. Best is trial 3 with value: 1.0.
[I 2025-05-04 17:25:51,875] Trial 6 finished with value: 0.5 and parameters: {'n_estimators': 147, 'max_depth': 14, 'min_samples_split': 3, 'min_samples_leaf': 10}. Best is trial 3 with value: 1.0.
[I 2025-05-04 17:25:52,246] Trial 7 finished with value: 0.5 and parameters: {'n_estimators': 309, 'max_depth': 10, 'min_samples_split': 4, 'min_samples_leaf': 8}. Best is trial 3 with value: 1.0.
[I 2025-05-04 17:25:52,607] Trial 8 finished with value: 0.5 and parameters: {'n_estimators': 282, 'max_depth': 13, 'min_samples_split': 2, 'min_samples_leaf': 7}. Best is trial 3 with value: 1.0.
[I 2025-05-04 17:25:53,026] Trial 9 finished with value: 0.5 and parameters: {'n_estimators': 345, 'max_depth': 14, 'min_samples_split': 10, 'min_samples_leaf': 7}. Best is trial 3 with value: 1.0.
[I 2025-05-04 17:25:53,502] Trial 10 finished with value: 1.0 and parameters: {'n_estimators': 407, 'max_depth': 5, 'min_samples_split': 2, 'min_samples_leaf': 1}. Best is trial 3 with value: 1.0.
[I 2025-05-04 17:25:54,618] Trial 11 finished with value: 1.0 and parameters: {'n_estimators': 389, 'max_depth': 4, 'min_samples_split': 2, 'min_samples_leaf': 1}. Best is trial 3 with value: 1.0.
[I 2025-05-04 17:25:55,105] Trial 12 finished with value: 1.0 and parameters: {'n_estimators': 410, 'max_depth': 20, 'min_samples_split': 4, 'min_samples_leaf': 1}. Best is trial 3 with value: 1.0.
[I 2025-05-04 17:25:56,057] Trial 13 finished with value: 1.0 and parameters: {'n_estimators': 233, 'max_depth': 4, 'min_samples_split': 2, 'min_samples_leaf': 3}. Best is trial 3 with value: 1.0.
[I 2025-05-04 17:25:56,555] Trial 14 finished with value: 1.0 and parameters: {'n_estimators': 414, 'max_depth': 8, 'min_samples_split': 4, 'min_samples_leaf': 3}. Best is trial 3 with value: 1.0.
[I 2025-05-04 17:25:56,839] Trial 15 finished with value: 1.0 and parameters: {'n_estimators': 213, 'max_depth': 7, 'min_samples_split': 7, 'min_samples_leaf': 3}. Best is trial 3 with value: 1.0.
[I 2025-05-04 17:25:57,237] Trial 16 finished with value: 1.0 and parameters: {'n_estimators': 368, 'max_depth': 20, 'min_samples_split': 3, 'min_samples_leaf': 4}. Best is trial 3 with value: 1.0.
[I 2025-05-04 17:25:57,770] Trial 17 finished with value: 1.0 and parameters: {'n_estimators': 447, 'max_depth': 6, 'min_samples_split': 3, 'min_samples_leaf': 1}. Best is trial 3 with value: 1.0.
[I 2025-05-04 17:25:58,279] Trial 18 finished with value: 1.0 and parameters: {'n_estimators': 435, 'max_depth': 12, 'min_samples_split': 5, 'min_samples_leaf': 2}. Best is trial 3 with value: 1.0.
[I 2025-05-04 17:25:58,697] Trial 19 finished with value: 1.0 and parameters: {'n_estimators': 352, 'max_depth': 3, 'min_samples_split': 2, 'min_samples_leaf': 4}. Best is trial 3 with value: 1.0.
[I 2025-05-04 17:25:58,961] Trial 20 finished with value: 1.0 and parameters: {'n_estimators': 231, 'max_depth': 11, 'min_samples_split': 5, 'min_samples_leaf': 2}. Best is trial 3 with value: 1.0.
[I 2025-05-04 17:25:59,381] Trial 21 finished with value: 1.0 and parameters: {'n_estimators': 388, 'max_depth': 5, 'min_samples_split': 2, 'min_samples_leaf': 1}. Best is trial 3 with value: 1.0.
[I 2025-05-04 17:25:59,913] Trial 22 finished with value: 1.0 and parameters: {'n_estimators': 448, 'max_depth': 5, 'min_samples_split': 3, 'min_samples_leaf': 2}. Best is trial 3 with value: 1.0.
[I 2025-05-04 17:26:00,383] Trial 23 finished with value: 1.0 and parameters: {'n_estimators': 384, 'max_depth': 8, 'min_samples_split': 2, 'min_samples_leaf': 1}. Best is trial 3 with value: 1.0.
[I 2025-05-04 17:26:00,740] Trial 24 finished with value: 1.0 and parameters: {'n_estimators': 328, 'max_depth': 18, 'min_samples_split': 3, 'min_samples_leaf': 4}. Best is trial 3 with value: 1.0.
[I 2025-05-04 17:26:01,210] Trial 25 finished with value: 1.0 and parameters: {'n_estimators': 402, 'max_depth': 3, 'min_samples_split': 4, 'min_samples_leaf': 2}. Best is trial 3 with value: 1.0.
[I 2025-05-04 17:26:01,549] Trial 26 finished with value: 1.0 and parameters: {'n_estimators': 278, 'max_depth': 6, 'min_samples_split': 2, 'min_samples_leaf': 5}. Best is trial 3 with value: 1.0.
[I 2025-05-04 17:26:02,048] Trial 27 finished with value: 1.0 and parameters: {'n_estimators': 468, 'max_depth': 10, 'min_samples_split': 3, 'min_samples_leaf': 1}. Best is trial 3 with value: 1.0.
[I 2025-05-04 17:26:02,485] Trial 28 finished with value: 1.0 and parameters: {'n_estimators': 363, 'max_depth': 4, 'min_samples_split': 6, 'min_samples_leaf': 2}. Best is trial 3 with value: 1.0.
[I 2025-05-04 17:26:02,897] Trial 29 finished with value: 1.0 and parameters: {'n_estimators': 326, 'max_depth': 7, 'min_samples_split': 7, 'min_samples_leaf': 3}. Best is trial 3 with value: 1.0.
[I 2025-05-04 17:26:05,393] A new study created in memory with name: svc
Parámetros guardados en checkpoint_shoppers_Doriginal_Roriginal/k-means/best_models_k-means_seed_0/rf_best_params.json


>>> Optuna tuning svc


[I 2025-05-04 17:26:08,123] Trial 0 finished with value: 0.55 and parameters: {'C': 1.5676677195506077, 'gamma': 0.07257005721594278}. Best is trial 0 with value: 0.55.
[I 2025-05-04 17:26:08,422] Trial 1 finished with value: 0.45 and parameters: {'C': 2.57663857461359, 'gamma': 0.01511933646764101}. Best is trial 0 with value: 0.55.
[I 2025-05-04 17:26:08,439] Trial 2 finished with value: 0.45 and parameters: {'C': 0.49501595537331966, 'gamma': 0.03833332156156663}. Best is trial 0 with value: 0.55.
[I 2025-05-04 17:26:08,452] Trial 3 finished with value: 0.4 and parameters: {'C': 0.5627932047415171, 'gamma': 0.36905577292137587}. Best is trial 0 with value: 0.55.
[I 2025-05-04 17:26:08,467] Trial 4 finished with value: 0.5 and parameters: {'C': 71.55682161754872, 'gamma': 0.0034179529120610124}. Best is trial 0 with value: 0.55.
[I 2025-05-04 17:26:08,480] Trial 5 finished with value: 0.55 and parameters: {'C': 14.68588598920087, 'gamma': 0.013049073550362394}. Best is trial 0 with value: 0.55.
[I 2025-05-04 17:26:08,504] Trial 6 finished with value: 0.35 and parameters: {'C': 1.871450068624068, 'gamma': 0.503948959867121}. Best is trial 0 with value: 0.55.
[I 2025-05-04 17:26:08,518] Trial 7 finished with value: 0.55 and parameters: {'C': 0.0192373050965465, 'gamma': 0.00022310905607443037}. Best is trial 0 with value: 0.55.
[I 2025-05-04 17:26:08,543] Trial 8 finished with value: 0.5 and parameters: {'C': 0.012046852412030323, 'gamma': 0.2140323314098606}. Best is trial 0 with value: 0.55.
[I 2025-05-04 17:26:08,559] Trial 9 finished with value: 0.35 and parameters: {'C': 12.960656597279739, 'gamma': 0.3020289640158664}. Best is trial 0 with value: 0.55.
[I 2025-05-04 17:26:08,582] Trial 10 finished with value: 0.55 and parameters: {'C': 0.16426074441272132, 'gamma': 0.0011819854465057523}. Best is trial 0 with value: 0.55.
[I 2025-05-04 17:26:09,253] Trial 11 finished with value: 0.55 and parameters: {'C': 14.12283302602045, 'gamma': 0.05617404484056215}. Best is trial 0 with value: 0.55.
[I 2025-05-04 17:26:09,276] Trial 12 finished with value: 0.45 and parameters: {'C': 8.888732150290158, 'gamma': 0.005488690240653905}. Best is trial 0 with value: 0.55.
[I 2025-05-04 17:26:09,913] Trial 13 finished with value: 0.6 and parameters: {'C': 44.95935440384375, 'gamma': 0.05677153032196744}. Best is trial 13 with value: 0.6.
[I 2025-05-04 17:26:09,938] Trial 14 finished with value: 0.5 and parameters: {'C': 95.21307267619866, 'gamma': 0.09381599947348813}. Best is trial 13 with value: 0.6.
[I 2025-05-04 17:26:09,969] Trial 15 finished with value: 0.45 and parameters: {'C': 0.10158315802295337, 'gamma': 0.031656978295418164}. Best is trial 13 with value: 0.6.
[I 2025-05-04 17:26:10,610] Trial 16 finished with value: 0.4 and parameters: {'C': 3.109233463807648, 'gamma': 0.12853151105734115}. Best is trial 13 with value: 0.6.
[I 2025-05-04 17:26:10,635] Trial 17 finished with value: 0.4 and parameters: {'C': 33.66022284606085, 'gamma': 0.9263329764161465}. Best is trial 13 with value: 0.6.
[I 2025-05-04 17:26:10,656] Trial 18 finished with value: 0.55 and parameters: {'C': 0.08003204628853772, 'gamma': 0.002408946985214044}. Best is trial 13 with value: 0.6.
[I 2025-05-04 17:26:10,681] Trial 19 finished with value: 0.55 and parameters: {'C': 4.730283477855622, 'gamma': 0.0005630964346195037}. Best is trial 13 with value: 0.6.
[I 2025-05-04 17:26:10,703] Trial 20 finished with value: 0.45 and parameters: {'C': 1.0625511493735535, 'gamma': 0.022690817654084077}. Best is trial 13 with value: 0.6.
[I 2025-05-04 17:26:11,370] Trial 21 finished with value: 0.5 and parameters: {'C': 29.672822874422906, 'gamma': 0.013792728167975532}. Best is trial 13 with value: 0.6.
[I 2025-05-04 17:26:11,395] Trial 22 finished with value: 0.55 and parameters: {'C': 27.392640851789018, 'gamma': 0.007408490065673867}. Best is trial 13 with value: 0.6.
[I 2025-05-04 17:26:12,032] Trial 23 finished with value: 0.45 and parameters: {'C': 7.459626756662963, 'gamma': 0.07776826414733862}. Best is trial 13 with value: 0.6.
[I 2025-05-04 17:26:12,067] Trial 24 finished with value: 0.55 and parameters: {'C': 51.59596572355047, 'gamma': 0.14599018816668421}. Best is trial 13 with value: 0.6.
[I 2025-05-04 17:26:12,094] Trial 25 finished with value: 0.55 and parameters: {'C': 18.422708151360062, 'gamma': 0.049191387484425794}. Best is trial 13 with value: 0.6.
[I 2025-05-04 17:26:12,117] Trial 26 finished with value: 0.45 and parameters: {'C': 5.349347066754171, 'gamma': 0.010594437859025104}. Best is trial 13 with value: 0.6.
[I 2025-05-04 17:26:12,151] Trial 27 finished with value: 0.45 and parameters: {'C': 1.172026436423832, 'gamma': 0.023678015768496315}. Best is trial 13 with value: 0.6.
[I 2025-05-04 17:26:12,179] Trial 28 finished with value: 0.55 and parameters: {'C': 51.12024184962442, 'gamma': 0.00011421587868408368}. Best is trial 13 with value: 0.6.
[I 2025-05-04 17:26:12,203] Trial 29 finished with value: 0.45 and parameters: {'C': 2.7844458840380346, 'gamma': 0.015481356227032875}. Best is trial 13 with value: 0.6.
/data/home/rtabares/anaconda3/envs/pyth3.12/lib/python3.12/site-packages/xgboost/core.py:377: FutureWarning: Your system has an old version of glibc (< 2.28). We will stop supporting Linux distros with glibc older than 2.28 after **May 31, 2025**. Please upgrade to a recent Linux distro (with glibc >= 2.28) to use future versions of XGBoost.
Note: You have installed the 'manylinux2014' variant of XGBoost. Certain features such as GPU algorithms or federated learning are not available. To use these features, please upgrade to a recent Linux distro with glibc 2.28+, and install the 'manylinux_2_28' variant.
  warnings.warn(
[I 2025-05-04 17:26:14,618] A new study created in memory with name: logreg
Parámetros guardados en checkpoint_shoppers_Doriginal_Roriginal/k-means/best_models_k-means_seed_0/svc_best_params.json


>>> Optuna tuning logreg


[I 2025-05-04 17:26:16,775] Trial 0 finished with value: 0.55 and parameters: {'C': 0.5547119471592125, 'penalty': 'l2'}. Best is trial 0 with value: 0.55.
[I 2025-05-04 17:26:17,005] Trial 1 finished with value: 0.5 and parameters: {'C': 3.7665768415992953, 'penalty': 'l2'}. Best is trial 0 with value: 0.55.
[I 2025-05-04 17:26:17,032] Trial 2 finished with value: 0.5 and parameters: {'C': 1.032326035197657, 'penalty': 'l2'}. Best is trial 0 with value: 0.55.
[I 2025-05-04 17:26:17,057] Trial 3 finished with value: 0.55 and parameters: {'C': 0.530170934757683, 'penalty': 'l2'}. Best is trial 0 with value: 0.55.
[I 2025-05-04 17:26:17,082] Trial 4 finished with value: 0.6 and parameters: {'C': 0.13130280280658593, 'penalty': 'l2'}. Best is trial 4 with value: 0.6.
[I 2025-05-04 17:26:17,107] Trial 5 finished with value: 0.5 and parameters: {'C': 1.6961746387290997, 'penalty': 'l2'}. Best is trial 4 with value: 0.6.
[I 2025-05-04 17:26:17,132] Trial 6 finished with value: 0.6 and parameters: {'C': 0.15414734761917095, 'penalty': 'l2'}. Best is trial 4 with value: 0.6.
[I 2025-05-04 17:26:17,157] Trial 7 finished with value: 0.55 and parameters: {'C': 28.765041432546976, 'penalty': 'l2'}. Best is trial 4 with value: 0.6.
[I 2025-05-04 17:26:17,182] Trial 8 finished with value: 0.6 and parameters: {'C': 65.81332043291806, 'penalty': 'l2'}. Best is trial 4 with value: 0.6.
[I 2025-05-04 17:26:17,197] Trial 9 finished with value: 0.6 and parameters: {'C': 0.08264328927007726, 'penalty': 'l2'}. Best is trial 4 with value: 0.6.
[I 2025-05-04 17:26:17,213] Trial 10 finished with value: 0.6 and parameters: {'C': 0.002101331318459542, 'penalty': 'l2'}. Best is trial 4 with value: 0.6.
[I 2025-05-04 17:26:17,866] Trial 11 finished with value: 0.6 and parameters: {'C': 0.03036153327802513, 'penalty': 'l2'}. Best is trial 4 with value: 0.6.
[I 2025-05-04 17:26:18,525] Trial 12 finished with value: 0.6 and parameters: {'C': 0.033556499357206324, 'penalty': 'l2'}. Best is trial 4 with value: 0.6.
[I 2025-05-04 17:26:18,558] Trial 13 finished with value: 0.6 and parameters: {'C': 0.007276906109979134, 'penalty': 'l2'}. Best is trial 4 with value: 0.6.
[I 2025-05-04 17:26:18,585] Trial 14 finished with value: 0.6 and parameters: {'C': 0.11601944433019222, 'penalty': 'l2'}. Best is trial 4 with value: 0.6.
[I 2025-05-04 17:26:18,615] Trial 15 finished with value: 0.55 and parameters: {'C': 9.042294263425593, 'penalty': 'l2'}. Best is trial 4 with value: 0.6.
[I 2025-05-04 17:26:19,262] Trial 16 finished with value: 0.6 and parameters: {'C': 0.19473557856106175, 'penalty': 'l2'}. Best is trial 4 with value: 0.6.
[I 2025-05-04 17:26:19,295] Trial 17 finished with value: 0.6 and parameters: {'C': 0.011255007362380024, 'penalty': 'l2'}. Best is trial 4 with value: 0.6.
[I 2025-05-04 17:26:19,316] Trial 18 finished with value: 0.6 and parameters: {'C': 0.0011621032755888918, 'penalty': 'l2'}. Best is trial 4 with value: 0.6.
[I 2025-05-04 17:26:19,959] Trial 19 finished with value: 0.6 and parameters: {'C': 0.037786921184709776, 'penalty': 'l2'}. Best is trial 4 with value: 0.6.
[I 2025-05-04 17:26:19,981] Trial 20 finished with value: 0.6 and parameters: {'C': 0.006807241126650607, 'penalty': 'l2'}. Best is trial 4 with value: 0.6.
[I 2025-05-04 17:26:20,630] Trial 21 finished with value: 0.6 and parameters: {'C': 87.5080827992981, 'penalty': 'l2'}. Best is trial 4 with value: 0.6.
[I 2025-05-04 17:26:20,663] Trial 22 finished with value: 0.5 and parameters: {'C': 5.557788267762335, 'penalty': 'l2'}. Best is trial 4 with value: 0.6.
[I 2025-05-04 17:26:20,685] Trial 23 finished with value: 0.55 and parameters: {'C': 0.3073768017888415, 'penalty': 'l2'}. Best is trial 4 with value: 0.6.
[I 2025-05-04 17:26:20,712] Trial 24 finished with value: 0.5 and parameters: {'C': 1.534882094562843, 'penalty': 'l2'}. Best is trial 4 with value: 0.6.
[I 2025-05-04 17:26:20,742] Trial 25 finished with value: 0.55 and parameters: {'C': 27.999839181135954, 'penalty': 'l2'}. Best is trial 4 with value: 0.6.
[I 2025-05-04 17:26:20,772] Trial 26 finished with value: 0.6 and parameters: {'C': 0.08133525267690588, 'penalty': 'l2'}. Best is trial 4 with value: 0.6.
[I 2025-05-04 17:26:20,802] Trial 27 finished with value: 0.6 and parameters: {'C': 0.01946029914984926, 'penalty': 'l2'}. Best is trial 4 with value: 0.6.
[I 2025-05-04 17:26:20,820] Trial 28 finished with value: 0.6 and parameters: {'C': 0.17869366397772277, 'penalty': 'l2'}. Best is trial 4 with value: 0.6.
[I 2025-05-04 17:26:20,850] Trial 29 finished with value: 0.55 and parameters: {'C': 0.593511011446875, 'penalty': 'l2'}. Best is trial 4 with value: 0.6.
/data/home/rtabares/anaconda3/envs/pyth3.12/lib/python3.12/site-packages/xgboost/core.py:377: FutureWarning: Your system has an old version of glibc (< 2.28). We will stop supporting Linux distros with glibc older than 2.28 after **May 31, 2025**. Please upgrade to a recent Linux distro (with glibc >= 2.28) to use future versions of XGBoost.
Note: You have installed the 'manylinux2014' variant of XGBoost. Certain features such as GPU algorithms or federated learning are not available. To use these features, please upgrade to a recent Linux distro with glibc 2.28+, and install the 'manylinux_2_28' variant.
  warnings.warn(
[I 2025-05-04 17:26:24,956] A new study created in memory with name: mlp
Parámetros guardados en checkpoint_shoppers_Doriginal_Roriginal/k-means/best_models_k-means_seed_0/logreg_best_params.json


>>> Optuna tuning mlp


/data/home/rtabares/anaconda3/envs/pyth3.12/lib/python3.12/site-packages/sklearn/neural_network/_multilayer_perceptron.py:691: ConvergenceWarning: Stochastic Optimizer: Maximum iterations (50) reached and the optimization hasn't converged yet.
  warnings.warn(
/data/home/rtabares/anaconda3/envs/pyth3.12/lib/python3.12/site-packages/sklearn/neural_network/_multilayer_perceptron.py:691: ConvergenceWarning: Stochastic Optimizer: Maximum iterations (50) reached and the optimization hasn't converged yet.
  warnings.warn(
/data/home/rtabares/anaconda3/envs/pyth3.12/lib/python3.12/site-packages/sklearn/neural_network/_multilayer_perceptron.py:691: ConvergenceWarning: Stochastic Optimizer: Maximum iterations (50) reached and the optimization hasn't converged yet.
  warnings.warn(
/data/home/rtabares/anaconda3/envs/pyth3.12/lib/python3.12/site-packages/sklearn/neural_network/_multilayer_perceptron.py:691: ConvergenceWarning: Stochastic Optimizer: Maximum iterations (50) reached and the optimization hasn't converged yet.
  warnings.warn(
/data/home/rtabares/anaconda3/envs/pyth3.12/lib/python3.12/site-packages/sklearn/neural_network/_multilayer_perceptron.py:691: ConvergenceWarning: Stochastic Optimizer: Maximum iterations (50) reached and the optimization hasn't converged yet.
  warnings.warn(
[I 2025-05-04 17:26:25,584] Trial 0 finished with value: 0.45 and parameters: {'hidden_layer_sizes': (200,), 'max_iter': 50, 'alpha': 0.0001}. Best is trial 0 with value: 0.45.
/data/home/rtabares/anaconda3/envs/pyth3.12/lib/python3.12/site-packages/sklearn/neural_network/_multilayer_perceptron.py:691: ConvergenceWarning: Stochastic Optimizer: Maximum iterations (50) reached and the optimization hasn't converged yet.
  warnings.warn(
/data/home/rtabares/anaconda3/envs/pyth3.12/lib/python3.12/site-packages/sklearn/neural_network/_multilayer_perceptron.py:691: ConvergenceWarning: Stochastic Optimizer: Maximum iterations (50) reached and the optimization hasn't converged yet.
  warnings.warn(
/data/home/rtabares/anaconda3/envs/pyth3.12/lib/python3.12/site-packages/sklearn/neural_network/_multilayer_perceptron.py:691: ConvergenceWarning: Stochastic Optimizer: Maximum iterations (50) reached and the optimization hasn't converged yet.
  warnings.warn(
/data/home/rtabares/anaconda3/envs/pyth3.12/lib/python3.12/site-packages/sklearn/neural_network/_multilayer_perceptron.py:691: ConvergenceWarning: Stochastic Optimizer: Maximum iterations (50) reached and the optimization hasn't converged yet.
  warnings.warn(
/data/home/rtabares/anaconda3/envs/pyth3.12/lib/python3.12/site-packages/sklearn/neural_network/_multilayer_perceptron.py:691: ConvergenceWarning: Stochastic Optimizer: Maximum iterations (50) reached and the optimization hasn't converged yet.
  warnings.warn(
[I 2025-05-04 17:26:25,639] Trial 1 finished with value: 0.4 and parameters: {'hidden_layer_sizes': (200,), 'max_iter': 50, 'alpha': 0.001}. Best is trial 0 with value: 0.45.
/data/home/rtabares/anaconda3/envs/pyth3.12/lib/python3.12/site-packages/sklearn/neural_network/_multilayer_perceptron.py:691: ConvergenceWarning: Stochastic Optimizer: Maximum iterations (50) reached and the optimization hasn't converged yet.
  warnings.warn(
/data/home/rtabares/anaconda3/envs/pyth3.12/lib/python3.12/site-packages/sklearn/neural_network/_multilayer_perceptron.py:691: ConvergenceWarning: Stochastic Optimizer: Maximum iterations (50) reached and the optimization hasn't converged yet.
  warnings.warn(
/data/home/rtabares/anaconda3/envs/pyth3.12/lib/python3.12/site-packages/sklearn/neural_network/_multilayer_perceptron.py:691: ConvergenceWarning: Stochastic Optimizer: Maximum iterations (50) reached and the optimization hasn't converged yet.
  warnings.warn(
/data/home/rtabares/anaconda3/envs/pyth3.12/lib/python3.12/site-packages/sklearn/neural_network/_multilayer_perceptron.py:691: ConvergenceWarning: Stochastic Optimizer: Maximum iterations (50) reached and the optimization hasn't converged yet.
  warnings.warn(
/data/home/rtabares/anaconda3/envs/pyth3.12/lib/python3.12/site-packages/sklearn/neural_network/_multilayer_perceptron.py:691: ConvergenceWarning: Stochastic Optimizer: Maximum iterations (50) reached and the optimization hasn't converged yet.
  warnings.warn(
