[I 2025-05-04 17:38:58,235] Trial 13 finished with value: 0.6 and parameters: {'n_estimators': 388, 'max_depth': 7, 'min_samples_split': 7, 'min_samples_leaf': 5}. Best is trial 0 with value: 0.7.
[I 2025-05-04 17:38:58,520] Trial 14 finished with value: 0.6 and parameters: {'n_estimators': 208, 'max_depth': 6, 'min_samples_split': 5, 'min_samples_leaf': 6}. Best is trial 0 with value: 0.7.
[I 2025-05-04 17:38:59,041] Trial 15 finished with value: 0.65 and parameters: {'n_estimators': 477, 'max_depth': 6, 'min_samples_split': 7, 'min_samples_leaf': 4}. Best is trial 0 with value: 0.7.
[I 2025-05-04 17:38:59,235] Trial 16 finished with value: 0.5 and parameters: {'n_estimators': 108, 'max_depth': 16, 'min_samples_split': 7, 'min_samples_leaf': 10}. Best is trial 0 with value: 0.7.
[I 2025-05-04 17:38:59,612] Trial 17 finished with value: 0.5 and parameters: {'n_estimators': 301, 'max_depth': 5, 'min_samples_split': 5, 'min_samples_leaf': 8}. Best is trial 0 with value: 0.7.
[I 2025-05-04 17:38:59,948] Trial 18 finished with value: 0.5 and parameters: {'n_estimators': 266, 'max_depth': 9, 'min_samples_split': 2, 'min_samples_leaf': 7}. Best is trial 0 with value: 0.7.
[I 2025-05-04 17:39:00,182] Trial 19 finished with value: 0.6 and parameters: {'n_estimators': 167, 'max_depth': 3, 'min_samples_split': 9, 'min_samples_leaf': 4}. Best is trial 0 with value: 0.7.
[I 2025-05-04 17:39:00,347] Trial 20 finished with value: 0.6 and parameters: {'n_estimators': 107, 'max_depth': 8, 'min_samples_split': 8, 'min_samples_leaf': 3}. Best is trial 0 with value: 0.7.
[I 2025-05-04 17:39:00,855] Trial 21 finished with value: 0.6 and parameters: {'n_estimators': 445, 'max_depth': 15, 'min_samples_split': 10, 'min_samples_leaf': 1}. Best is trial 0 with value: 0.7.
[I 2025-05-04 17:39:01,303] Trial 22 finished with value: 0.6 and parameters: {'n_estimators': 350, 'max_depth': 10, 'min_samples_split': 9, 'min_samples_leaf': 2}. Best is trial 0 with value: 0.7.
[I 2025-05-04 17:39:01,813] Trial 23 finished with value: 0.5 and parameters: {'n_estimators': 485, 'max_depth': 6, 'min_samples_split': 9, 'min_samples_leaf': 7}. Best is trial 0 with value: 0.7.
[I 2025-05-04 17:39:02,142] Trial 24 finished with value: 0.5 and parameters: {'n_estimators': 247, 'max_depth': 11, 'min_samples_split': 7, 'min_samples_leaf': 9}. Best is trial 0 with value: 0.7.
[I 2025-05-04 17:39:02,604] Trial 25 finished with value: 0.65 and parameters: {'n_estimators': 389, 'max_depth': 15, 'min_samples_split': 6, 'min_samples_leaf': 5}. Best is trial 0 with value: 0.7.
[I 2025-05-04 17:39:02,922] Trial 26 finished with value: 0.6 and parameters: {'n_estimators': 287, 'max_depth': 5, 'min_samples_split': 8, 'min_samples_leaf': 3}. Best is trial 0 with value: 0.7.
[I 2025-05-04 17:39:03,321] Trial 27 finished with value: 0.5 and parameters: {'n_estimators': 327, 'max_depth': 20, 'min_samples_split': 6, 'min_samples_leaf': 6}. Best is trial 0 with value: 0.7.
[I 2025-05-04 17:39:03,569] Trial 28 finished with value: 0.5 and parameters: {'n_estimators': 210, 'max_depth': 8, 'min_samples_split': 9, 'min_samples_leaf': 2}. Best is trial 0 with value: 0.7.
[I 2025-05-04 17:39:03,916] Trial 29 finished with value: 0.5 and parameters: {'n_estimators': 275, 'max_depth': 9, 'min_samples_split': 4, 'min_samples_leaf': 7}. Best is trial 0 with value: 0.7.
[I 2025-05-04 17:39:08,562] A new study created in memory with name: svc
Parámetros guardados en checkpoint_shoppers_Doriginal_Roriginal/k_center/best_models_k_center_seed_2/rf_best_params.json


>>> Optuna tuning svc


[I 2025-05-04 17:39:09,100] Trial 0 finished with value: 0.6 and parameters: {'C': 0.5545996722241048, 'gamma': 0.00012697111322756423}. Best is trial 0 with value: 0.6.
[I 2025-05-04 17:39:09,117] Trial 1 finished with value: 0.55 and parameters: {'C': 1.579973895360496, 'gamma': 0.005511750757691415}. Best is trial 0 with value: 0.6.
[I 2025-05-04 17:39:09,129] Trial 2 finished with value: 0.55 and parameters: {'C': 0.48025424062174377, 'gamma': 0.002095749079193946}. Best is trial 0 with value: 0.6.
[I 2025-05-04 17:39:09,143] Trial 3 finished with value: 0.35 and parameters: {'C': 0.06585587677899403, 'gamma': 0.029997417348655162}. Best is trial 0 with value: 0.6.
[I 2025-05-04 17:39:09,158] Trial 4 finished with value: 0.55 and parameters: {'C': 0.15798603319028856, 'gamma': 0.0011676403660687692}. Best is trial 0 with value: 0.6.
[I 2025-05-04 17:39:09,173] Trial 5 finished with value: 0.45 and parameters: {'C': 3.051654279698754, 'gamma': 0.01307881440940144}. Best is trial 0 with value: 0.6.
[I 2025-05-04 17:39:09,188] Trial 6 finished with value: 0.45 and parameters: {'C': 0.034539797048540495, 'gamma': 0.01133215445049292}. Best is trial 0 with value: 0.6.
[I 2025-05-04 17:39:09,201] Trial 7 finished with value: 0.4 and parameters: {'C': 0.05467130776888186, 'gamma': 0.13846518531662885}. Best is trial 0 with value: 0.6.
[I 2025-05-04 17:39:09,215] Trial 8 finished with value: 0.45 and parameters: {'C': 26.055605528320903, 'gamma': 0.009483034914203468}. Best is trial 0 with value: 0.6.
[I 2025-05-04 17:39:09,230] Trial 9 finished with value: 0.55 and parameters: {'C': 24.335817588808105, 'gamma': 0.00020824851253449603}. Best is trial 0 with value: 0.6.
[I 2025-05-04 17:39:09,252] Trial 10 finished with value: 0.45 and parameters: {'C': 5.777493411820231, 'gamma': 0.00011387692581967695}. Best is trial 0 with value: 0.6.
[I 2025-05-04 17:39:09,913] Trial 11 finished with value: 0.3 and parameters: {'C': 1.549207993350783, 'gamma': 0.38609482064593204}. Best is trial 0 with value: 0.6.
[I 2025-05-04 17:39:10,557] Trial 12 finished with value: 0.6 and parameters: {'C': 0.42200756195514116, 'gamma': 0.0006082129786813713}. Best is trial 0 with value: 0.6.
[I 2025-05-04 17:39:10,582] Trial 13 finished with value: 0.55 and parameters: {'C': 0.33925526718357796, 'gamma': 0.0003499333518650482}. Best is trial 0 with value: 0.6.
[I 2025-05-04 17:39:10,607] Trial 14 finished with value: 0.6 and parameters: {'C': 0.014053355153900821, 'gamma': 0.0006813431726703621}. Best is trial 0 with value: 0.6.
[I 2025-05-04 17:39:11,247] Trial 15 finished with value: 0.55 and parameters: {'C': 0.3168064703920448, 'gamma': 0.0004229986454150655}. Best is trial 0 with value: 0.6.
[I 2025-05-04 17:39:11,271] Trial 16 finished with value: 0.5 and parameters: {'C': 7.593189415911861, 'gamma': 0.0021130059082052964}. Best is trial 0 with value: 0.6.
[I 2025-05-04 17:39:11,301] Trial 17 finished with value: 0.6 and parameters: {'C': 0.8306131465508938, 'gamma': 0.00010552473532745526}. Best is trial 0 with value: 0.6.
[I 2025-05-04 17:39:11,323] Trial 18 finished with value: 0.55 and parameters: {'C': 0.13977181822000054, 'gamma': 0.0011474554360885578}. Best is trial 0 with value: 0.6.
[I 2025-05-04 17:39:11,347] Trial 19 finished with value: 0.4 and parameters: {'C': 71.7310918585238, 'gamma': 0.0402339156126458}. Best is trial 0 with value: 0.6.
[I 2025-05-04 17:39:11,370] Trial 20 finished with value: 0.6 and parameters: {'C': 0.1271975409357983, 'gamma': 0.00021650449837695566}. Best is trial 0 with value: 0.6.
[I 2025-05-04 17:39:11,392] Trial 21 finished with value: 0.6 and parameters: {'C': 0.010784522836544604, 'gamma': 0.0007015824168866291}. Best is trial 0 with value: 0.6.
[I 2025-05-04 17:39:11,414] Trial 22 finished with value: 0.55 and parameters: {'C': 0.010928954933203228, 'gamma': 0.0026160230443731465}. Best is trial 0 with value: 0.6.
[I 2025-05-04 17:39:11,438] Trial 23 finished with value: 0.55 and parameters: {'C': 0.028329705813318052, 'gamma': 0.0005386776768913673}. Best is trial 0 with value: 0.6.
[I 2025-05-04 17:39:11,471] Trial 24 finished with value: 0.6 and parameters: {'C': 0.45953573666759123, 'gamma': 0.00021184838639651268}. Best is trial 0 with value: 0.6.
[I 2025-05-04 17:39:11,495] Trial 25 finished with value: 0.55 and parameters: {'C': 0.9265244680969762, 'gamma': 0.0009424290883417562}. Best is trial 0 with value: 0.6.
[I 2025-05-04 17:39:11,516] Trial 26 finished with value: 0.55 and parameters: {'C': 0.022009780214495185, 'gamma': 0.0038277975764429515}. Best is trial 0 with value: 0.6.
[I 2025-05-04 17:39:11,539] Trial 27 finished with value: 0.55 and parameters: {'C': 4.946828953964616, 'gamma': 0.00026046825824484063}. Best is trial 0 with value: 0.6.
[I 2025-05-04 17:39:11,560] Trial 28 finished with value: 0.6 and parameters: {'C': 0.08323117830600976, 'gamma': 0.00014046565862015642}. Best is trial 0 with value: 0.6.
[I 2025-05-04 17:39:11,583] Trial 29 finished with value: 0.55 and parameters: {'C': 1.9685721450010876, 'gamma': 0.0006259374280462483}. Best is trial 0 with value: 0.6.
[I 2025-05-04 17:39:13,373] A new study created in memory with name: logreg
[I 2025-05-04 17:39:13,398] Trial 0 finished with value: 0.6 and parameters: {'C': 0.15134724182275533, 'penalty': 'l2'}. Best is trial 0 with value: 0.6.
[I 2025-05-04 17:39:13,981] Trial 1 finished with value: 0.6 and parameters: {'C': 0.00134781771168027, 'penalty': 'l2'}. Best is trial 0 with value: 0.6.
Parámetros guardados en checkpoint_shoppers_Doriginal_Roriginal/k_center/best_models_k_center_seed_2/svc_best_params.json


>>> Optuna tuning logreg


[I 2025-05-04 17:39:16,131] Trial 2 finished with value: 0.6 and parameters: {'C': 0.5601603817503298, 'penalty': 'l2'}. Best is trial 0 with value: 0.6.
[I 2025-05-04 17:39:16,359] Trial 3 finished with value: 0.6 and parameters: {'C': 0.15017995265951545, 'penalty': 'l2'}. Best is trial 0 with value: 0.6.
[I 2025-05-04 17:39:16,385] Trial 4 finished with value: 0.6 and parameters: {'C': 0.1264267606498664, 'penalty': 'l2'}. Best is trial 0 with value: 0.6.
[I 2025-05-04 17:39:16,400] Trial 5 finished with value: 0.6 and parameters: {'C': 0.044840877729077515, 'penalty': 'l2'}. Best is trial 0 with value: 0.6.
[I 2025-05-04 17:39:17,092] Trial 6 finished with value: 0.55 and parameters: {'C': 0.010549774340694125, 'penalty': 'l2'}. Best is trial 0 with value: 0.6.
[I 2025-05-04 17:39:17,116] Trial 7 finished with value: 0.6 and parameters: {'C': 1.248403080828608, 'penalty': 'l2'}. Best is trial 0 with value: 0.6.
[I 2025-05-04 17:39:17,139] Trial 8 finished with value: 0.55 and parameters: {'C': 0.03149730300397853, 'penalty': 'l2'}. Best is trial 0 with value: 0.6.
[I 2025-05-04 17:39:17,163] Trial 9 finished with value: 0.55 and parameters: {'C': 0.021584220823040776, 'penalty': 'l2'}. Best is trial 0 with value: 0.6.
[I 2025-05-04 17:39:17,200] Trial 10 finished with value: 0.6 and parameters: {'C': 26.015182919619694, 'penalty': 'l2'}. Best is trial 0 with value: 0.6.
[I 2025-05-04 17:39:17,225] Trial 11 finished with value: 0.6 and parameters: {'C': 0.001176371971117908, 'penalty': 'l2'}. Best is trial 0 with value: 0.6.
[I 2025-05-04 17:39:17,251] Trial 12 finished with value: 0.6 and parameters: {'C': 0.001136550637943971, 'penalty': 'l2'}. Best is trial 0 with value: 0.6.
[I 2025-05-04 17:39:17,908] Trial 13 finished with value: 0.6 and parameters: {'C': 5.05278877551691, 'penalty': 'l2'}. Best is trial 0 with value: 0.6.
[I 2025-05-04 17:39:18,556] Trial 14 finished with value: 0.6 and parameters: {'C': 0.003541755125609463, 'penalty': 'l2'}. Best is trial 0 with value: 0.6.
[I 2025-05-04 17:39:18,598] Trial 15 finished with value: 0.6 and parameters: {'C': 77.6849705676342, 'penalty': 'l2'}. Best is trial 0 with value: 0.6.
[I 2025-05-04 17:39:18,639] Trial 16 finished with value: 0.6 and parameters: {'C': 7.653329043484061, 'penalty': 'l2'}. Best is trial 0 with value: 0.6.
[I 2025-05-04 17:39:18,670] Trial 17 finished with value: 0.6 and parameters: {'C': 1.5362107485579384, 'penalty': 'l2'}. Best is trial 0 with value: 0.6.
[I 2025-05-04 17:39:18,699] Trial 18 finished with value: 0.55 and parameters: {'C': 0.0075523275239011475, 'penalty': 'l2'}. Best is trial 0 with value: 0.6.
[I 2025-05-04 17:39:19,346] Trial 19 finished with value: 0.6 and parameters: {'C': 0.08859563088414432, 'penalty': 'l2'}. Best is trial 0 with value: 0.6.
[I 2025-05-04 17:39:19,379] Trial 20 finished with value: 0.6 and parameters: {'C': 0.003353256992349874, 'penalty': 'l2'}. Best is trial 0 with value: 0.6.
[I 2025-05-04 17:39:19,412] Trial 21 finished with value: 0.6 and parameters: {'C': 0.4001789767689228, 'penalty': 'l2'}. Best is trial 0 with value: 0.6.
[I 2025-05-04 17:39:19,445] Trial 22 finished with value: 0.6 and parameters: {'C': 0.6462882932974424, 'penalty': 'l2'}. Best is trial 0 with value: 0.6.
[I 2025-05-04 17:39:19,475] Trial 23 finished with value: 0.6 and parameters: {'C': 4.077672338994067, 'penalty': 'l2'}. Best is trial 0 with value: 0.6.
[I 2025-05-04 17:39:19,507] Trial 24 finished with value: 0.6 and parameters: {'C': 0.250754364460805, 'penalty': 'l2'}. Best is trial 0 with value: 0.6.
[I 2025-05-04 17:39:19,535] Trial 25 finished with value: 0.6 and parameters: {'C': 16.581847172247183, 'penalty': 'l2'}. Best is trial 0 with value: 0.6.
[I 2025-05-04 17:39:19,571] Trial 26 finished with value: 0.6 and parameters: {'C': 1.2591926750626607, 'penalty': 'l2'}. Best is trial 0 with value: 0.6.
[I 2025-05-04 17:39:19,603] Trial 27 finished with value: 0.6 and parameters: {'C': 0.07091188450131096, 'penalty': 'l2'}. Best is trial 0 with value: 0.6.
[I 2025-05-04 17:39:19,637] Trial 28 finished with value: 0.55 and parameters: {'C': 0.016137722858757322, 'penalty': 'l2'}. Best is trial 0 with value: 0.6.
[I 2025-05-04 17:39:19,668] Trial 29 finished with value: 0.6 and parameters: {'C': 0.2616461312792352, 'penalty': 'l2'}. Best is trial 0 with value: 0.6.
[I 2025-05-04 17:39:21,566] A new study created in memory with name: mlp
/data/home/rtabares/anaconda3/envs/pyth3.12/lib/python3.12/site-packages/sklearn/neural_network/_multilayer_perceptron.py:691: ConvergenceWarning: Stochastic Optimizer: Maximum iterations (50) reached and the optimization hasn't converged yet.
  warnings.warn(
/data/home/rtabares/anaconda3/envs/pyth3.12/lib/python3.12/site-packages/sklearn/neural_network/_multilayer_perceptron.py:691: ConvergenceWarning: Stochastic Optimizer: Maximum iterations (50) reached and the optimization hasn't converged yet.
  warnings.warn(
/data/home/rtabares/anaconda3/envs/pyth3.12/lib/python3.12/site-packages/sklearn/neural_network/_multilayer_perceptron.py:691: ConvergenceWarning: Stochastic Optimizer: Maximum iterations (50) reached and the optimization hasn't converged yet.
  warnings.warn(
/data/home/rtabares/anaconda3/envs/pyth3.12/lib/python3.12/site-packages/sklearn/neural_network/_multilayer_perceptron.py:691: ConvergenceWarning: Stochastic Optimizer: Maximum iterations (50) reached and the optimization hasn't converged yet.
  warnings.warn(
/data/home/rtabares/anaconda3/envs/pyth3.12/lib/python3.12/site-packages/sklearn/neural_network/_multilayer_perceptron.py:691: ConvergenceWarning: Stochastic Optimizer: Maximum iterations (50) reached and the optimization hasn't converged yet.
  warnings.warn(
[I 2025-05-04 17:39:23,228] Trial 0 finished with value: 0.55 and parameters: {'hidden_layer_sizes': (100, 100), 'max_iter': 50, 'alpha': 0.0001}. Best is trial 0 with value: 0.55.
Parámetros guardados en checkpoint_shoppers_Doriginal_Roriginal/k_center/best_models_k_center_seed_2/logreg_best_params.json


>>> Optuna tuning mlp


/data/home/rtabares/anaconda3/envs/pyth3.12/lib/python3.12/site-packages/sklearn/neural_network/_multilayer_perceptron.py:691: ConvergenceWarning: Stochastic Optimizer: Maximum iterations (50) reached and the optimization hasn't converged yet.
  warnings.warn(
/data/home/rtabares/anaconda3/envs/pyth3.12/lib/python3.12/site-packages/sklearn/neural_network/_multilayer_perceptron.py:691: ConvergenceWarning: Stochastic Optimizer: Maximum iterations (50) reached and the optimization hasn't converged yet.
  warnings.warn(
/data/home/rtabares/anaconda3/envs/pyth3.12/lib/python3.12/site-packages/sklearn/neural_network/_multilayer_perceptron.py:691: ConvergenceWarning: Stochastic Optimizer: Maximum iterations (50) reached and the optimization hasn't converged yet.
  warnings.warn(
/data/home/rtabares/anaconda3/envs/pyth3.12/lib/python3.12/site-packages/sklearn/neural_network/_multilayer_perceptron.py:691: ConvergenceWarning: Stochastic Optimizer: Maximum iterations (50) reached and the optimization hasn't converged yet.
  warnings.warn(
/data/home/rtabares/anaconda3/envs/pyth3.12/lib/python3.12/site-packages/sklearn/neural_network/_multilayer_perceptron.py:691: ConvergenceWarning: Stochastic Optimizer: Maximum iterations (50) reached and the optimization hasn't converged yet.
  warnings.warn(
[I 2025-05-04 17:39:24,303] Trial 1 finished with value: 0.5 and parameters: {'hidden_layer_sizes': (100,), 'max_iter': 50, 'alpha': 0.001}. Best is trial 0 with value: 0.55.
/data/home/rtabares/anaconda3/envs/pyth3.12/lib/python3.12/site-packages/sklearn/neural_network/_multilayer_perceptron.py:691: ConvergenceWarning: Stochastic Optimizer: Maximum iterations (100) reached and the optimization hasn't converged yet.
  warnings.warn(
/data/home/rtabares/anaconda3/envs/pyth3.12/lib/python3.12/site-packages/sklearn/neural_network/_multilayer_perceptron.py:691: ConvergenceWarning: Stochastic Optimizer: Maximum iterations (100) reached and the optimization hasn't converged yet.
  warnings.warn(
/data/home/rtabares/anaconda3/envs/pyth3.12/lib/python3.12/site-packages/sklearn/neural_network/_multilayer_perceptron.py:691: ConvergenceWarning: Stochastic Optimizer: Maximum iterations (100) reached and the optimization hasn't converged yet.
  warnings.warn(
/data/home/rtabares/anaconda3/envs/pyth3.12/lib/python3.12/site-packages/sklearn/neural_network/_multilayer_perceptron.py:691: ConvergenceWarning: Stochastic Optimizer: Maximum iterations (100) reached and the optimization hasn't converged yet.
  warnings.warn(
/data/home/rtabares/anaconda3/envs/pyth3.12/lib/python3.12/site-packages/sklearn/neural_network/_multilayer_perceptron.py:691: ConvergenceWarning: Stochastic Optimizer: Maximum iterations (100) reached and the optimization hasn't converged yet.
  warnings.warn(
[I 2025-05-04 17:39:24,449] Trial 2 finished with value: 0.5 and parameters: {'hidden_layer_sizes': (100, 100), 'max_iter': 100, 'alpha': 0.001}. Best is trial 0 with value: 0.55.
/data/home/rtabares/anaconda3/envs/pyth3.12/lib/python3.12/site-packages/sklearn/neural_network/_multilayer_perceptron.py:691: ConvergenceWarning: Stochastic Optimizer: Maximum iterations (100) reached and the optimization hasn't converged yet.
  warnings.warn(
/data/home/rtabares/anaconda3/envs/pyth3.12/lib/python3.12/site-packages/sklearn/neural_network/_multilayer_perceptron.py:691: ConvergenceWarning: Stochastic Optimizer: Maximum iterations (100) reached and the optimization hasn't converged yet.
  warnings.warn(
/data/home/rtabares/anaconda3/envs/pyth3.12/lib/python3.12/site-packages/sklearn/neural_network/_multilayer_perceptron.py:691: ConvergenceWarning: Stochastic Optimizer: Maximum iterations (100) reached and the optimization hasn't converged yet.
  warnings.warn(
/data/home/rtabares/anaconda3/envs/pyth3.12/lib/python3.12/site-packages/sklearn/neural_network/_multilayer_perceptron.py:691: ConvergenceWarning: Stochastic Optimizer: Maximum iterations (100) reached and the optimization hasn't converged yet.
  warnings.warn(
/data/home/rtabares/anaconda3/envs/pyth3.12/lib/python3.12/site-packages/sklearn/neural_network/_multilayer_perceptron.py:691: ConvergenceWarning: Stochastic Optimizer: Maximum iterations (100) reached and the optimization hasn't converged yet.
  warnings.warn(
[I 2025-05-04 17:39:24,537] Trial 3 finished with value: 0.5 and parameters: {'hidden_layer_sizes': (200,), 'max_iter': 100, 'alpha': 0.0001}. Best is trial 0 with value: 0.55.
/data/home/rtabares/anaconda3/envs/pyth3.12/lib/python3.12/site-packages/sklearn/neural_network/_multilayer_perceptron.py:691: ConvergenceWarning: Stochastic Optimizer: Maximum iterations (100) reached and the optimization hasn't converged yet.
  warnings.warn(
/data/home/rtabares/anaconda3/envs/pyth3.12/lib/python3.12/site-packages/sklearn/neural_network/_multilayer_perceptron.py:691: ConvergenceWarning: Stochastic Optimizer: Maximum iterations (100) reached and the optimization hasn't converged yet.
  warnings.warn(
/data/home/rtabares/anaconda3/envs/pyth3.12/lib/python3.12/site-packages/sklearn/neural_network/_multilayer_perceptron.py:691: ConvergenceWarning: Stochastic Optimizer: Maximum iterations (100) reached and the optimization hasn't converged yet.
  warnings.warn(
/data/home/rtabares/anaconda3/envs/pyth3.12/lib/python3.12/site-packages/sklearn/neural_network/_multilayer_perceptron.py:691: ConvergenceWarning: Stochastic Optimizer: Maximum iterations (100) reached and the optimization hasn't converged yet.
  warnings.warn(
