[I 2025-05-04 17:23:48,799] Trial 13 finished with value: 0.8 and parameters: {'n_estimators': 10, 'max_depth': 20, 'gamma': 0.8778561031626141, 'subsample': 0.8460530054249992, 'colsample_bytree': 0.6127966745266435}. Best is trial 2 with value: 0.9.
/data/home/rtabares/anaconda3/envs/pyth3.12/lib/python3.12/site-packages/xgboost/core.py:377: FutureWarning: Your system has an old version of glibc (< 2.28). We will stop supporting Linux distros with glibc older than 2.28 after **May 31, 2025**. Please upgrade to a recent Linux distro (with glibc >= 2.28) to use future versions of XGBoost.
Note: You have installed the 'manylinux2014' variant of XGBoost. Certain features such as GPU algorithms or federated learning are not available. To use these features, please upgrade to a recent Linux distro with glibc 2.28+, and install the 'manylinux_2_28' variant.
  warnings.warn(
/data/home/rtabares/anaconda3/envs/pyth3.12/lib/python3.12/site-packages/xgboost/core.py:377: FutureWarning: Your system has an old version of glibc (< 2.28). We will stop supporting Linux distros with glibc older than 2.28 after **May 31, 2025**. Please upgrade to a recent Linux distro (with glibc >= 2.28) to use future versions of XGBoost.
Note: You have installed the 'manylinux2014' variant of XGBoost. Certain features such as GPU algorithms or federated learning are not available. To use these features, please upgrade to a recent Linux distro with glibc 2.28+, and install the 'manylinux_2_28' variant.
  warnings.warn(
[I 2025-05-04 17:23:49,447] Trial 14 finished with value: 0.8 and parameters: {'n_estimators': 40, 'max_depth': 5, 'gamma': 0.3855873490687499, 'subsample': 0.8768265484123902, 'colsample_bytree': 0.7286092230368315}. Best is trial 2 with value: 0.9.
/data/home/rtabares/anaconda3/envs/pyth3.12/lib/python3.12/site-packages/xgboost/core.py:377: FutureWarning: Your system has an old version of glibc (< 2.28). We will stop supporting Linux distros with glibc older than 2.28 after **May 31, 2025**. Please upgrade to a recent Linux distro (with glibc >= 2.28) to use future versions of XGBoost.
Note: You have installed the 'manylinux2014' variant of XGBoost. Certain features such as GPU algorithms or federated learning are not available. To use these features, please upgrade to a recent Linux distro with glibc 2.28+, and install the 'manylinux_2_28' variant.
  warnings.warn(
[I 2025-05-04 17:23:50,096] Trial 15 finished with value: 0.8 and parameters: {'n_estimators': 100, 'max_depth': 20, 'gamma': 0.5779248930842628, 'subsample': 0.6623892154235589, 'colsample_bytree': 0.8256569376746269}. Best is trial 2 with value: 0.9.
/data/home/rtabares/anaconda3/envs/pyth3.12/lib/python3.12/site-packages/xgboost/core.py:377: FutureWarning: Your system has an old version of glibc (< 2.28). We will stop supporting Linux distros with glibc older than 2.28 after **May 31, 2025**. Please upgrade to a recent Linux distro (with glibc >= 2.28) to use future versions of XGBoost.
Note: You have installed the 'manylinux2014' variant of XGBoost. Certain features such as GPU algorithms or federated learning are not available. To use these features, please upgrade to a recent Linux distro with glibc 2.28+, and install the 'manylinux_2_28' variant.
  warnings.warn(
[I 2025-05-04 17:23:50,800] Trial 16 finished with value: 0.85 and parameters: {'n_estimators': 10, 'max_depth': 5, 'gamma': 0.3388699394658611, 'subsample': 0.6195985001554138, 'colsample_bytree': 0.8964804561136114}. Best is trial 2 with value: 0.9.
[I 2025-05-04 17:23:50,839] Trial 17 finished with value: 0.85 and parameters: {'n_estimators': 10, 'max_depth': 20, 'gamma': 0.6012101759315509, 'subsample': 0.7407567843669725, 'colsample_bytree': 0.6884366443633105}. Best is trial 2 with value: 0.9.
[I 2025-05-04 17:23:50,888] Trial 18 finished with value: 0.9 and parameters: {'n_estimators': 100, 'max_depth': 5, 'gamma': 0.10007214202551606, 'subsample': 0.86619365282919, 'colsample_bytree': 0.5823925996046354}. Best is trial 2 with value: 0.9.
[I 2025-05-04 17:23:50,927] Trial 19 finished with value: 0.8 and parameters: {'n_estimators': 40, 'max_depth': 30, 'gamma': 0.8138035222907332, 'subsample': 0.9152852908676679, 'colsample_bytree': 0.7745481977760896}. Best is trial 2 with value: 0.9.
[I 2025-05-04 17:23:50,978] Trial 20 finished with value: 1.0 and parameters: {'n_estimators': 100, 'max_depth': 5, 'gamma': 0.43931462031827284, 'subsample': 0.6122510067822458, 'colsample_bytree': 0.5044835419676065}. Best is trial 20 with value: 1.0.
[I 2025-05-04 17:23:51,028] Trial 21 finished with value: 1.0 and parameters: {'n_estimators': 100, 'max_depth': 5, 'gamma': 0.45144225417349637, 'subsample': 0.6027321596002161, 'colsample_bytree': 0.5213805841086632}. Best is trial 20 with value: 1.0.
[I 2025-05-04 17:23:51,074] Trial 22 finished with value: 1.0 and parameters: {'n_estimators': 100, 'max_depth': 5, 'gamma': 0.45857338502426553, 'subsample': 0.602351348720267, 'colsample_bytree': 0.5070921362833722}. Best is trial 20 with value: 1.0.
[I 2025-05-04 17:23:51,124] Trial 23 finished with value: 0.95 and parameters: {'n_estimators': 100, 'max_depth': 5, 'gamma': 0.42029950025148394, 'subsample': 0.6219132647644826, 'colsample_bytree': 0.5010864729883141}. Best is trial 20 with value: 1.0.
[I 2025-05-04 17:23:51,172] Trial 24 finished with value: 1.0 and parameters: {'n_estimators': 100, 'max_depth': 5, 'gamma': 0.4813538644826878, 'subsample': 0.6001857830698683, 'colsample_bytree': 0.5423540269319205}. Best is trial 20 with value: 1.0.
[I 2025-05-04 17:23:51,230] Trial 25 finished with value: 0.85 and parameters: {'n_estimators': 100, 'max_depth': 5, 'gamma': 0.2954971647329546, 'subsample': 0.7211825407128638, 'colsample_bytree': 0.600804546363474}. Best is trial 20 with value: 1.0.
[I 2025-05-04 17:23:51,270] Trial 26 finished with value: 1.0 and parameters: {'n_estimators': 100, 'max_depth': 5, 'gamma': 0.44661458794027176, 'subsample': 0.587986199422848, 'colsample_bytree': 0.5350977854910203}. Best is trial 20 with value: 1.0.
[I 2025-05-04 17:23:51,317] Trial 27 finished with value: 0.9 and parameters: {'n_estimators': 100, 'max_depth': 5, 'gamma': 0.5185123593917647, 'subsample': 0.6524318972339409, 'colsample_bytree': 0.5005023715944665}. Best is trial 20 with value: 1.0.
[I 2025-05-04 17:23:51,366] Trial 28 finished with value: 0.85 and parameters: {'n_estimators': 100, 'max_depth': 5, 'gamma': 0.2845619303457173, 'subsample': 0.5623589813926129, 'colsample_bytree': 0.6705746359862428}. Best is trial 20 with value: 1.0.
[I 2025-05-04 17:23:51,404] Trial 29 finished with value: 0.9 and parameters: {'n_estimators': 40, 'max_depth': 30, 'gamma': 0.431211265088499, 'subsample': 0.6336769215588353, 'colsample_bytree': 0.5771274992709985}. Best is trial 20 with value: 1.0.
[I 2025-05-04 17:23:55,579] A new study created in memory with name: rf
Parámetros guardados en checkpoint_shoppers_Doriginal_Roriginal/lc/best_models_lc_seed_0/xgb_best_params.json


>>> Optuna tuning rf


[I 2025-05-04 17:23:56,498] Trial 0 finished with value: 1.0 and parameters: {'n_estimators': 320, 'max_depth': 15, 'min_samples_split': 7, 'min_samples_leaf': 6}. Best is trial 0 with value: 1.0.
[I 2025-05-04 17:23:56,827] Trial 1 finished with value: 0.5 and parameters: {'n_estimators': 269, 'max_depth': 14, 'min_samples_split': 5, 'min_samples_leaf': 9}. Best is trial 0 with value: 1.0.
[I 2025-05-04 17:23:57,358] Trial 2 finished with value: 0.8 and parameters: {'n_estimators': 486, 'max_depth': 9, 'min_samples_split': 9, 'min_samples_leaf': 6}. Best is trial 0 with value: 1.0.
[I 2025-05-04 17:23:57,791] Trial 3 finished with value: 0.8 and parameters: {'n_estimators': 327, 'max_depth': 19, 'min_samples_split': 2, 'min_samples_leaf': 1}. Best is trial 0 with value: 1.0.
[I 2025-05-04 17:23:57,967] Trial 4 finished with value: 0.5 and parameters: {'n_estimators': 108, 'max_depth': 17, 'min_samples_split': 9, 'min_samples_leaf': 9}. Best is trial 0 with value: 1.0.
[I 2025-05-04 17:23:58,502] Trial 5 finished with value: 0.5 and parameters: {'n_estimators': 492, 'max_depth': 17, 'min_samples_split': 6, 'min_samples_leaf': 8}. Best is trial 0 with value: 1.0.
[I 2025-05-04 17:23:58,735] Trial 6 finished with value: 0.5 and parameters: {'n_estimators': 147, 'max_depth': 14, 'min_samples_split': 3, 'min_samples_leaf': 10}. Best is trial 0 with value: 1.0.
[I 2025-05-04 17:23:59,084] Trial 7 finished with value: 0.5 and parameters: {'n_estimators': 309, 'max_depth': 10, 'min_samples_split': 4, 'min_samples_leaf': 8}. Best is trial 0 with value: 1.0.
[I 2025-05-04 17:23:59,412] Trial 8 finished with value: 0.55 and parameters: {'n_estimators': 282, 'max_depth': 13, 'min_samples_split': 2, 'min_samples_leaf': 7}. Best is trial 0 with value: 1.0.
[I 2025-05-04 17:23:59,852] Trial 9 finished with value: 0.5 and parameters: {'n_estimators': 345, 'max_depth': 14, 'min_samples_split': 10, 'min_samples_leaf': 7}. Best is trial 0 with value: 1.0.
[I 2025-05-04 17:24:00,369] Trial 10 finished with value: 0.85 and parameters: {'n_estimators': 407, 'max_depth': 5, 'min_samples_split': 7, 'min_samples_leaf': 3}. Best is trial 0 with value: 1.0.
[I 2025-05-04 17:24:01,473] Trial 11 finished with value: 0.85 and parameters: {'n_estimators': 421, 'max_depth': 4, 'min_samples_split': 7, 'min_samples_leaf': 3}. Best is trial 0 with value: 1.0.
[I 2025-05-04 17:24:02,605] Trial 12 finished with value: 0.8 and parameters: {'n_estimators': 410, 'max_depth': 3, 'min_samples_split': 7, 'min_samples_leaf': 4}. Best is trial 0 with value: 1.0.
[I 2025-05-04 17:24:02,905] Trial 13 finished with value: 0.85 and parameters: {'n_estimators': 228, 'max_depth': 7, 'min_samples_split': 7, 'min_samples_leaf': 4}. Best is trial 0 with value: 1.0.
[I 2025-05-04 17:24:03,355] Trial 14 finished with value: 0.9 and parameters: {'n_estimators': 386, 'max_depth': 6, 'min_samples_split': 8, 'min_samples_leaf': 1}. Best is trial 0 with value: 1.0.
[I 2025-05-04 17:24:03,753] Trial 15 finished with value: 0.85 and parameters: {'n_estimators': 369, 'max_depth': 7, 'min_samples_split': 9, 'min_samples_leaf': 1}. Best is trial 0 with value: 1.0.
[I 2025-05-04 17:24:04,035] Trial 16 finished with value: 0.8 and parameters: {'n_estimators': 213, 'max_depth': 11, 'min_samples_split': 8, 'min_samples_leaf': 5}. Best is trial 0 with value: 1.0.
[I 2025-05-04 17:24:04,563] Trial 17 finished with value: 0.9 and parameters: {'n_estimators': 447, 'max_depth': 20, 'min_samples_split': 6, 'min_samples_leaf': 2}. Best is trial 0 with value: 1.0.
[I 2025-05-04 17:24:04,970] Trial 18 finished with value: 0.85 and parameters: {'n_estimators': 373, 'max_depth': 8, 'min_samples_split': 5, 'min_samples_leaf': 5}. Best is trial 0 with value: 1.0.
[I 2025-05-04 17:24:05,285] Trial 19 finished with value: 0.9 and parameters: {'n_estimators': 242, 'max_depth': 16, 'min_samples_split': 8, 'min_samples_leaf': 6}. Best is trial 0 with value: 1.0.
[I 2025-05-04 17:24:05,551] Trial 20 finished with value: 0.9 and parameters: {'n_estimators': 194, 'max_depth': 12, 'min_samples_split': 10, 'min_samples_leaf': 3}. Best is trial 0 with value: 1.0.
[I 2025-05-04 17:24:06,035] Trial 21 finished with value: 0.85 and parameters: {'n_estimators': 449, 'max_depth': 20, 'min_samples_split': 6, 'min_samples_leaf': 2}. Best is trial 0 with value: 1.0.
[I 2025-05-04 17:24:06,566] Trial 22 finished with value: 0.9 and parameters: {'n_estimators': 457, 'max_depth': 18, 'min_samples_split': 6, 'min_samples_leaf': 2}. Best is trial 0 with value: 1.0.
[I 2025-05-04 17:24:07,025] Trial 23 finished with value: 0.8 and parameters: {'n_estimators': 369, 'max_depth': 20, 'min_samples_split': 8, 'min_samples_leaf': 1}. Best is trial 0 with value: 1.0.
[I 2025-05-04 17:24:07,525] Trial 24 finished with value: 0.85 and parameters: {'n_estimators': 426, 'max_depth': 15, 'min_samples_split': 5, 'min_samples_leaf': 2}. Best is trial 0 with value: 1.0.
[I 2025-05-04 17:24:07,992] Trial 25 finished with value: 0.8 and parameters: {'n_estimators': 390, 'max_depth': 6, 'min_samples_split': 6, 'min_samples_leaf': 4}. Best is trial 0 with value: 1.0.
[I 2025-05-04 17:24:08,356] Trial 26 finished with value: 0.9 and parameters: {'n_estimators': 341, 'max_depth': 11, 'min_samples_split': 8, 'min_samples_leaf': 2}. Best is trial 0 with value: 1.0.
[I 2025-05-04 17:24:08,831] Trial 27 finished with value: 0.8 and parameters: {'n_estimators': 453, 'max_depth': 16, 'min_samples_split': 4, 'min_samples_leaf': 5}. Best is trial 0 with value: 1.0.
[I 2025-05-04 17:24:09,181] Trial 28 finished with value: 0.85 and parameters: {'n_estimators': 310, 'max_depth': 19, 'min_samples_split': 7, 'min_samples_leaf': 1}. Best is trial 0 with value: 1.0.
[I 2025-05-04 17:24:09,540] Trial 29 finished with value: 0.5 and parameters: {'n_estimators': 265, 'max_depth': 13, 'min_samples_split': 4, 'min_samples_leaf': 7}. Best is trial 0 with value: 1.0.
[I 2025-05-04 17:24:12,033] A new study created in memory with name: svc
Parámetros guardados en checkpoint_shoppers_Doriginal_Roriginal/lc/best_models_lc_seed_0/rf_best_params.json


>>> Optuna tuning svc


[I 2025-05-04 17:24:14,785] Trial 0 finished with value: 1.0 and parameters: {'C': 1.5676677195506077, 'gamma': 0.07257005721594278}. Best is trial 0 with value: 1.0.
[I 2025-05-04 17:24:14,921] Trial 1 finished with value: 1.0 and parameters: {'C': 2.57663857461359, 'gamma': 0.01511933646764101}. Best is trial 0 with value: 1.0.
[I 2025-05-04 17:24:14,938] Trial 2 finished with value: 1.0 and parameters: {'C': 0.49501595537331966, 'gamma': 0.03833332156156663}. Best is trial 0 with value: 1.0.
[I 2025-05-04 17:24:14,964] Trial 3 finished with value: 0.8 and parameters: {'C': 0.5627932047415171, 'gamma': 0.36905577292137587}. Best is trial 0 with value: 1.0.
[I 2025-05-04 17:24:14,980] Trial 4 finished with value: 1.0 and parameters: {'C': 71.55682161754872, 'gamma': 0.0034179529120610124}. Best is trial 0 with value: 1.0.
[I 2025-05-04 17:24:14,993] Trial 5 finished with value: 1.0 and parameters: {'C': 14.68588598920087, 'gamma': 0.013049073550362394}. Best is trial 0 with value: 1.0.
[I 2025-05-04 17:24:15,006] Trial 6 finished with value: 0.8 and parameters: {'C': 1.871450068624068, 'gamma': 0.503948959867121}. Best is trial 0 with value: 1.0.
[I 2025-05-04 17:24:15,019] Trial 7 finished with value: 0.95 and parameters: {'C': 0.0192373050965465, 'gamma': 0.00022310905607443037}. Best is trial 0 with value: 1.0.
[I 2025-05-04 17:24:15,033] Trial 8 finished with value: 0.85 and parameters: {'C': 0.012046852412030323, 'gamma': 0.2140323314098606}. Best is trial 0 with value: 1.0.
[I 2025-05-04 17:24:15,046] Trial 9 finished with value: 0.85 and parameters: {'C': 12.960656597279739, 'gamma': 0.3020289640158664}. Best is trial 0 with value: 1.0.
[I 2025-05-04 17:24:15,070] Trial 10 finished with value: 0.95 and parameters: {'C': 0.16426074441272132, 'gamma': 0.0011819854465057523}. Best is trial 0 with value: 1.0.
[I 2025-05-04 17:24:15,739] Trial 11 finished with value: 1.0 and parameters: {'C': 3.467323572029044, 'gamma': 0.05617404484056215}. Best is trial 0 with value: 1.0.
[I 2025-05-04 17:24:15,763] Trial 12 finished with value: 1.0 and parameters: {'C': 0.11125629195861192, 'gamma': 0.03178029616001097}. Best is trial 0 with value: 1.0.
[I 2025-05-04 17:24:15,783] Trial 13 finished with value: 1.0 and parameters: {'C': 5.7742691952534075, 'gamma': 0.00614934041636507}. Best is trial 0 with value: 1.0.
[I 2025-05-04 17:24:15,805] Trial 14 finished with value: 1.0 and parameters: {'C': 65.34811676864918, 'gamma': 0.09381599947348813}. Best is trial 0 with value: 1.0.
[I 2025-05-04 17:24:15,828] Trial 15 finished with value: 1.0 and parameters: {'C': 1.1065911809032312, 'gamma': 0.0018510788404302657}. Best is trial 0 with value: 1.0.
[I 2025-05-04 17:24:16,466] Trial 16 finished with value: 1.0 and parameters: {'C': 0.1906023345857112, 'gamma': 0.01215257411619078}. Best is trial 0 with value: 1.0.
[I 2025-05-04 17:24:16,491] Trial 17 finished with value: 0.8 and parameters: {'C': 11.54145801926214, 'gamma': 0.9263329764161465}. Best is trial 0 with value: 1.0.
[I 2025-05-04 17:24:16,516] Trial 18 finished with value: 0.95 and parameters: {'C': 0.05244739950250245, 'gamma': 0.000548696712467431}. Best is trial 0 with value: 1.0.
[I 2025-05-04 17:24:17,155] Trial 19 finished with value: 1.0 and parameters: {'C': 2.925979134999682, 'gamma': 0.13173443957996878}. Best is trial 0 with value: 1.0.
[I 2025-05-04 17:24:17,181] Trial 20 finished with value: 1.0 and parameters: {'C': 30.97073926052814, 'gamma': 0.022690817654084077}. Best is trial 0 with value: 1.0.
[I 2025-05-04 17:24:17,828] Trial 21 finished with value: 1.0 and parameters: {'C': 0.778289075681305, 'gamma': 0.051179521551352906}. Best is trial 0 with value: 1.0.
[I 2025-05-04 17:24:17,852] Trial 22 finished with value: 1.0 and parameters: {'C': 0.36118808663085855, 'gamma': 0.005501060467210585}. Best is trial 0 with value: 1.0.
[I 2025-05-04 17:24:18,494] Trial 23 finished with value: 1.0 and parameters: {'C': 1.7232310582841521, 'gamma': 0.030004280306222802}. Best is trial 0 with value: 1.0.
[I 2025-05-04 17:24:18,519] Trial 24 finished with value: 1.0 and parameters: {'C': 0.36701104934586737, 'gamma': 0.08170101049606555}. Best is trial 0 with value: 1.0.
[I 2025-05-04 17:24:18,539] Trial 25 finished with value: 1.0 and parameters: {'C': 5.403451015468944, 'gamma': 0.01935439390631312}. Best is trial 0 with value: 1.0.
[I 2025-05-04 17:24:18,560] Trial 26 finished with value: 0.95 and parameters: {'C': 1.2695643006526183, 'gamma': 0.17567718091534587}. Best is trial 0 with value: 1.0.
[I 2025-05-04 17:24:18,583] Trial 27 finished with value: 1.0 and parameters: {'C': 0.04977842653260786, 'gamma': 0.00864727128954787}. Best is trial 0 with value: 1.0.
[I 2025-05-04 17:24:18,609] Trial 28 finished with value: 1.0 and parameters: {'C': 0.43859845797031166, 'gamma': 0.056467475627154075}. Best is trial 0 with value: 1.0.
[I 2025-05-04 17:24:18,634] Trial 29 finished with value: 1.0 and parameters: {'C': 0.813214449629845, 'gamma': 0.002786589835016373}. Best is trial 0 with value: 1.0.
/data/home/rtabares/anaconda3/envs/pyth3.12/lib/python3.12/site-packages/xgboost/core.py:377: FutureWarning: Your system has an old version of glibc (< 2.28). We will stop supporting Linux distros with glibc older than 2.28 after **May 31, 2025**. Please upgrade to a recent Linux distro (with glibc >= 2.28) to use future versions of XGBoost.
Note: You have installed the 'manylinux2014' variant of XGBoost. Certain features such as GPU algorithms or federated learning are not available. To use these features, please upgrade to a recent Linux distro with glibc 2.28+, and install the 'manylinux_2_28' variant.
  warnings.warn(
/data/home/rtabares/anaconda3/envs/pyth3.12/lib/python3.12/site-packages/xgboost/core.py:377: FutureWarning: Your system has an old version of glibc (< 2.28). We will stop supporting Linux distros with glibc older than 2.28 after **May 31, 2025**. Please upgrade to a recent Linux distro (with glibc >= 2.28) to use future versions of XGBoost.
Note: You have installed the 'manylinux2014' variant of XGBoost. Certain features such as GPU algorithms or federated learning are not available. To use these features, please upgrade to a recent Linux distro with glibc 2.28+, and install the 'manylinux_2_28' variant.
  warnings.warn(
[I 2025-05-04 17:24:21,579] A new study created in memory with name: logreg
Parámetros guardados en checkpoint_shoppers_Doriginal_Roriginal/lc/best_models_lc_seed_0/svc_best_params.json


>>> Optuna tuning logreg


[I 2025-05-04 17:24:23,660] Trial 0 finished with value: 1.0 and parameters: {'C': 0.5547119471592125, 'penalty': 'l2'}. Best is trial 0 with value: 1.0.
[I 2025-05-04 17:24:23,748] Trial 1 finished with value: 1.0 and parameters: {'C': 3.7665768415992953, 'penalty': 'l2'}. Best is trial 0 with value: 1.0.
[I 2025-05-04 17:24:23,766] Trial 2 finished with value: 1.0 and parameters: {'C': 1.032326035197657, 'penalty': 'l2'}. Best is trial 0 with value: 1.0.
[I 2025-05-04 17:24:23,791] Trial 3 finished with value: 1.0 and parameters: {'C': 0.530170934757683, 'penalty': 'l2'}. Best is trial 0 with value: 1.0.
[I 2025-05-04 17:24:23,806] Trial 4 finished with value: 1.0 and parameters: {'C': 0.13130280280658593, 'penalty': 'l2'}. Best is trial 0 with value: 1.0.
[I 2025-05-04 17:24:23,819] Trial 5 finished with value: 1.0 and parameters: {'C': 1.6961746387290997, 'penalty': 'l2'}. Best is trial 0 with value: 1.0.
[I 2025-05-04 17:24:23,843] Trial 6 finished with value: 1.0 and parameters: {'C': 0.15414734761917095, 'penalty': 'l2'}. Best is trial 0 with value: 1.0.
[I 2025-05-04 17:24:23,868] Trial 7 finished with value: 1.0 and parameters: {'C': 28.765041432546976, 'penalty': 'l2'}. Best is trial 0 with value: 1.0.
[I 2025-05-04 17:24:23,894] Trial 8 finished with value: 1.0 and parameters: {'C': 65.81332043291806, 'penalty': 'l2'}. Best is trial 0 with value: 1.0.
[I 2025-05-04 17:24:23,911] Trial 9 finished with value: 1.0 and parameters: {'C': 0.08264328927007726, 'penalty': 'l2'}. Best is trial 0 with value: 1.0.
[I 2025-05-04 17:24:23,940] Trial 10 finished with value: 1.0 and parameters: {'C': 0.002101331318459542, 'penalty': 'l2'}. Best is trial 0 with value: 1.0.
[I 2025-05-04 17:24:24,616] Trial 11 finished with value: 1.0 and parameters: {'C': 4.633367351841861, 'penalty': 'l2'}. Best is trial 0 with value: 1.0.
[I 2025-05-04 17:24:25,323] Trial 12 finished with value: 1.0 and parameters: {'C': 10.055405308640239, 'penalty': 'l2'}. Best is trial 0 with value: 1.0.
[I 2025-05-04 17:24:25,352] Trial 13 finished with value: 1.0 and parameters: {'C': 0.014425984023162081, 'penalty': 'l2'}. Best is trial 0 with value: 1.0.
