[I 2025-05-07 04:25:24,517] Trial 7 finished with value: 0.85 and parameters: {'n_estimators': 40, 'max_depth': 5, 'gamma': 0.4997010655396419, 'subsample': 0.7490698051808964, 'colsample_bytree': 0.7071731623998108}. Best is trial 3 with value: 0.9.
/data/home/rtabares/anaconda3/envs/pyth3.12/lib/python3.12/site-packages/xgboost/core.py:377: FutureWarning: Your system has an old version of glibc (< 2.28). We will stop supporting Linux distros with glibc older than 2.28 after **May 31, 2025**. Please upgrade to a recent Linux distro (with glibc >= 2.28) to use future versions of XGBoost.
Note: You have installed the 'manylinux2014' variant of XGBoost. Certain features such as GPU algorithms or federated learning are not available. To use these features, please upgrade to a recent Linux distro with glibc 2.28+, and install the 'manylinux_2_28' variant.
  warnings.warn(
[I 2025-05-07 04:25:24,566] Trial 8 finished with value: 0.9 and parameters: {'n_estimators': 100, 'max_depth': 5, 'gamma': 0.5449029446194361, 'subsample': 0.7150234071055932, 'colsample_bytree': 0.8673829085180849}. Best is trial 3 with value: 0.9.
/data/home/rtabares/anaconda3/envs/pyth3.12/lib/python3.12/site-packages/xgboost/core.py:377: FutureWarning: Your system has an old version of glibc (< 2.28). We will stop supporting Linux distros with glibc older than 2.28 after **May 31, 2025**. Please upgrade to a recent Linux distro (with glibc >= 2.28) to use future versions of XGBoost.
Note: You have installed the 'manylinux2014' variant of XGBoost. Certain features such as GPU algorithms or federated learning are not available. To use these features, please upgrade to a recent Linux distro with glibc 2.28+, and install the 'manylinux_2_28' variant.
  warnings.warn(
/data/home/rtabares/anaconda3/envs/pyth3.12/lib/python3.12/site-packages/xgboost/core.py:377: FutureWarning: Your system has an old version of glibc (< 2.28). We will stop supporting Linux distros with glibc older than 2.28 after **May 31, 2025**. Please upgrade to a recent Linux distro (with glibc >= 2.28) to use future versions of XGBoost.
Note: You have installed the 'manylinux2014' variant of XGBoost. Certain features such as GPU algorithms or federated learning are not available. To use these features, please upgrade to a recent Linux distro with glibc 2.28+, and install the 'manylinux_2_28' variant.
  warnings.warn(
[I 2025-05-07 04:25:24,614] Trial 9 finished with value: 0.8 and parameters: {'n_estimators': 100, 'max_depth': 30, 'gamma': 0.5427360453562716, 'subsample': 0.5915763668266103, 'colsample_bytree': 0.5546552575823498}. Best is trial 3 with value: 0.9.
/data/home/rtabares/anaconda3/envs/pyth3.12/lib/python3.12/site-packages/xgboost/core.py:377: FutureWarning: Your system has an old version of glibc (< 2.28). We will stop supporting Linux distros with glibc older than 2.28 after **May 31, 2025**. Please upgrade to a recent Linux distro (with glibc >= 2.28) to use future versions of XGBoost.
Note: You have installed the 'manylinux2014' variant of XGBoost. Certain features such as GPU algorithms or federated learning are not available. To use these features, please upgrade to a recent Linux distro with glibc 2.28+, and install the 'manylinux_2_28' variant.
  warnings.warn(
[I 2025-05-07 04:25:24,663] Trial 10 finished with value: 0.85 and parameters: {'n_estimators': 10, 'max_depth': 30, 'gamma': 0.12208712346066738, 'subsample': 0.5180315273689401, 'colsample_bytree': 0.7315452089469836}. Best is trial 3 with value: 0.9.
[I 2025-05-07 04:25:24,704] Trial 11 finished with value: 0.8 and parameters: {'n_estimators': 10, 'max_depth': 20, 'gamma': 0.24768543605199356, 'subsample': 0.6530209300895615, 'colsample_bytree': 0.989394282720798}. Best is trial 3 with value: 0.9.
/data/home/rtabares/anaconda3/envs/pyth3.12/lib/python3.12/site-packages/xgboost/core.py:377: FutureWarning: Your system has an old version of glibc (< 2.28). We will stop supporting Linux distros with glibc older than 2.28 after **May 31, 2025**. Please upgrade to a recent Linux distro (with glibc >= 2.28) to use future versions of XGBoost.
Note: You have installed the 'manylinux2014' variant of XGBoost. Certain features such as GPU algorithms or federated learning are not available. To use these features, please upgrade to a recent Linux distro with glibc 2.28+, and install the 'manylinux_2_28' variant.
  warnings.warn(
[I 2025-05-07 04:25:25,505] Trial 12 finished with value: 0.85 and parameters: {'n_estimators': 10, 'max_depth': 20, 'gamma': 0.31445996560412653, 'subsample': 0.8169483930008792, 'colsample_bytree': 0.9237905390090329}. Best is trial 3 with value: 0.9.
/data/home/rtabares/anaconda3/envs/pyth3.12/lib/python3.12/site-packages/xgboost/core.py:377: FutureWarning: Your system has an old version of glibc (< 2.28). We will stop supporting Linux distros with glibc older than 2.28 after **May 31, 2025**. Please upgrade to a recent Linux distro (with glibc >= 2.28) to use future versions of XGBoost.
Note: You have installed the 'manylinux2014' variant of XGBoost. Certain features such as GPU algorithms or federated learning are not available. To use these features, please upgrade to a recent Linux distro with glibc 2.28+, and install the 'manylinux_2_28' variant.
  warnings.warn(
[I 2025-05-07 04:25:26,135] Trial 13 finished with value: 0.85 and parameters: {'n_estimators': 10, 'max_depth': 20, 'gamma': 0.8378834877893937, 'subsample': 0.5599588245887153, 'colsample_bytree': 0.8009226642813787}. Best is trial 3 with value: 0.9.
/data/home/rtabares/anaconda3/envs/pyth3.12/lib/python3.12/site-packages/xgboost/core.py:377: FutureWarning: Your system has an old version of glibc (< 2.28). We will stop supporting Linux distros with glibc older than 2.28 after **May 31, 2025**. Please upgrade to a recent Linux distro (with glibc >= 2.28) to use future versions of XGBoost.
Note: You have installed the 'manylinux2014' variant of XGBoost. Certain features such as GPU algorithms or federated learning are not available. To use these features, please upgrade to a recent Linux distro with glibc 2.28+, and install the 'manylinux_2_28' variant.
  warnings.warn(
[I 2025-05-07 04:25:26,770] Trial 14 finished with value: 0.8 and parameters: {'n_estimators': 10, 'max_depth': 30, 'gamma': 0.3360252500028613, 'subsample': 0.6607775285349511, 'colsample_bytree': 0.9358636288949025}. Best is trial 3 with value: 0.9.
/data/home/rtabares/anaconda3/envs/pyth3.12/lib/python3.12/site-packages/xgboost/core.py:377: FutureWarning: Your system has an old version of glibc (< 2.28). We will stop supporting Linux distros with glibc older than 2.28 after **May 31, 2025**. Please upgrade to a recent Linux distro (with glibc >= 2.28) to use future versions of XGBoost.
Note: You have installed the 'manylinux2014' variant of XGBoost. Certain features such as GPU algorithms or federated learning are not available. To use these features, please upgrade to a recent Linux distro with glibc 2.28+, and install the 'manylinux_2_28' variant.
  warnings.warn(
[I 2025-05-07 04:25:27,438] Trial 15 finished with value: 0.85 and parameters: {'n_estimators': 100, 'max_depth': 20, 'gamma': 0.10953521863163096, 'subsample': 0.8113467514466688, 'colsample_bytree': 0.6548172964583914}. Best is trial 3 with value: 0.9.
/data/home/rtabares/anaconda3/envs/pyth3.12/lib/python3.12/site-packages/xgboost/core.py:377: FutureWarning: Your system has an old version of glibc (< 2.28). We will stop supporting Linux distros with glibc older than 2.28 after **May 31, 2025**. Please upgrade to a recent Linux distro (with glibc >= 2.28) to use future versions of XGBoost.
Note: You have installed the 'manylinux2014' variant of XGBoost. Certain features such as GPU algorithms or federated learning are not available. To use these features, please upgrade to a recent Linux distro with glibc 2.28+, and install the 'manylinux_2_28' variant.
  warnings.warn(
[I 2025-05-07 04:25:28,090] Trial 16 finished with value: 0.9 and parameters: {'n_estimators': 10, 'max_depth': 20, 'gamma': 0.7393262466379021, 'subsample': 0.6915010522383511, 'colsample_bytree': 0.7960408834374151}. Best is trial 3 with value: 0.9.
[I 2025-05-07 04:25:28,129] Trial 17 finished with value: 0.85 and parameters: {'n_estimators': 10, 'max_depth': 30, 'gamma': 0.3963770650481854, 'subsample': 0.5106683207593217, 'colsample_bytree': 0.8743666779934821}. Best is trial 3 with value: 0.9.
[I 2025-05-07 04:25:28,167] Trial 18 finished with value: 0.85 and parameters: {'n_estimators': 100, 'max_depth': 30, 'gamma': 0.21697023642340796, 'subsample': 0.7936372478345248, 'colsample_bytree': 0.6439498983283501}. Best is trial 3 with value: 0.9.
[I 2025-05-07 04:25:28,205] Trial 19 finished with value: 0.9 and parameters: {'n_estimators': 40, 'max_depth': 20, 'gamma': 0.4114368881380426, 'subsample': 0.6033416247720619, 'colsample_bytree': 0.9572268172361504}. Best is trial 3 with value: 0.9.
[I 2025-05-07 04:25:28,253] Trial 20 finished with value: 0.9 and parameters: {'n_estimators': 100, 'max_depth': 30, 'gamma': 0.7586480226218877, 'subsample': 0.6881087562837532, 'colsample_bytree': 0.7849052191479764}. Best is trial 3 with value: 0.9.
[I 2025-05-07 04:25:28,293] Trial 21 finished with value: 0.9 and parameters: {'n_estimators': 100, 'max_depth': 5, 'gamma': 0.6720285348342812, 'subsample': 0.7166296923845134, 'colsample_bytree': 0.8781035288904685}. Best is trial 3 with value: 0.9.
[I 2025-05-07 04:25:28,343] Trial 22 finished with value: 0.85 and parameters: {'n_estimators': 100, 'max_depth': 5, 'gamma': 0.4398251659439504, 'subsample': 0.7749032056103387, 'colsample_bytree': 0.8410827040342531}. Best is trial 3 with value: 0.9.
[I 2025-05-07 04:25:28,394] Trial 23 finished with value: 0.85 and parameters: {'n_estimators': 100, 'max_depth': 5, 'gamma': 0.5997229234588459, 'subsample': 0.6459551365062661, 'colsample_bytree': 0.9531137189090173}. Best is trial 3 with value: 0.9.
[I 2025-05-07 04:25:28,443] Trial 24 finished with value: 0.8 and parameters: {'n_estimators': 100, 'max_depth': 5, 'gamma': 0.23570670612235506, 'subsample': 0.5690696472936527, 'colsample_bytree': 0.8557808894182559}. Best is trial 3 with value: 0.9.
[I 2025-05-07 04:25:28,484] Trial 25 finished with value: 0.85 and parameters: {'n_estimators': 10, 'max_depth': 5, 'gamma': 0.35252962104133023, 'subsample': 0.6812443214230874, 'colsample_bytree': 0.9006438745898178}. Best is trial 3 with value: 0.9.
[I 2025-05-07 04:25:28,533] Trial 26 finished with value: 0.9 and parameters: {'n_estimators': 100, 'max_depth': 20, 'gamma': 0.8550472055241201, 'subsample': 0.7206872513624818, 'colsample_bytree': 0.965357165325334}. Best is trial 3 with value: 0.9.
[I 2025-05-07 04:25:28,583] Trial 27 finished with value: 0.85 and parameters: {'n_estimators': 100, 'max_depth': 20, 'gamma': 0.6069653032580499, 'subsample': 0.8480421370970773, 'colsample_bytree': 0.9137060954453422}. Best is trial 3 with value: 0.9.
[I 2025-05-07 04:25:28,622] Trial 28 finished with value: 0.9 and parameters: {'n_estimators': 40, 'max_depth': 30, 'gamma': 0.17892412768338922, 'subsample': 0.7605846525430492, 'colsample_bytree': 0.8310377934649017}. Best is trial 3 with value: 0.9.
[I 2025-05-07 04:25:28,661] Trial 29 finished with value: 0.85 and parameters: {'n_estimators': 10, 'max_depth': 5, 'gamma': 0.28938158785660995, 'subsample': 0.6208715665781321, 'colsample_bytree': 0.7515641432898941}. Best is trial 3 with value: 0.9.
[I 2025-05-07 04:25:32,279] A new study created in memory with name: rf
Parámetros guardados en checkpoint_shoppers_Doriginal_Roriginal_B/ag/IPC_10/best_models_ag_seed_9_space_original/xgb_best_params.json


>>> Optuna tuning rf metodo ag IPC 10 seed 9


[I 2025-05-07 04:25:34,051] Trial 0 finished with value: 0.65 and parameters: {'n_estimators': 104, 'max_depth': 12, 'min_samples_split': 6, 'min_samples_leaf': 2}. Best is trial 0 with value: 0.65.
[I 2025-05-07 04:25:34,314] Trial 1 finished with value: 0.85 and parameters: {'n_estimators': 156, 'max_depth': 6, 'min_samples_split': 5, 'min_samples_leaf': 3}. Best is trial 1 with value: 0.85.
[I 2025-05-07 04:25:34,564] Trial 2 finished with value: 0.5 and parameters: {'n_estimators': 133, 'max_depth': 9, 'min_samples_split': 3, 'min_samples_leaf': 9}. Best is trial 1 with value: 0.85.
[I 2025-05-07 04:25:35,108] Trial 3 finished with value: 0.7 and parameters: {'n_estimators': 481, 'max_depth': 3, 'min_samples_split': 8, 'min_samples_leaf': 6}. Best is trial 1 with value: 0.85.
[I 2025-05-07 04:25:35,640] Trial 4 finished with value: 0.5 and parameters: {'n_estimators': 460, 'max_depth': 15, 'min_samples_split': 6, 'min_samples_leaf': 8}. Best is trial 1 with value: 0.85.
[I 2025-05-07 04:25:35,961] Trial 5 finished with value: 0.8 and parameters: {'n_estimators': 254, 'max_depth': 15, 'min_samples_split': 9, 'min_samples_leaf': 5}. Best is trial 1 with value: 0.85.
[I 2025-05-07 04:25:36,455] Trial 6 finished with value: 0.85 and parameters: {'n_estimators': 477, 'max_depth': 17, 'min_samples_split': 10, 'min_samples_leaf': 2}. Best is trial 1 with value: 0.85.
[I 2025-05-07 04:25:36,825] Trial 7 finished with value: 0.5 and parameters: {'n_estimators': 308, 'max_depth': 20, 'min_samples_split': 7, 'min_samples_leaf': 9}. Best is trial 1 with value: 0.85.
[I 2025-05-07 04:25:37,371] Trial 8 finished with value: 0.5 and parameters: {'n_estimators': 489, 'max_depth': 6, 'min_samples_split': 4, 'min_samples_leaf': 9}. Best is trial 1 with value: 0.85.
[I 2025-05-07 04:25:37,903] Trial 9 finished with value: 0.85 and parameters: {'n_estimators': 463, 'max_depth': 16, 'min_samples_split': 5, 'min_samples_leaf': 5}. Best is trial 1 with value: 0.85.
[I 2025-05-07 04:25:38,280] Trial 10 finished with value: 0.85 and parameters: {'n_estimators': 225, 'max_depth': 3, 'min_samples_split': 2, 'min_samples_leaf': 1}. Best is trial 1 with value: 0.85.
[I 2025-05-07 04:25:39,362] Trial 11 finished with value: 0.8 and parameters: {'n_estimators': 383, 'max_depth': 20, 'min_samples_split': 10, 'min_samples_leaf': 3}. Best is trial 1 with value: 0.85.
[I 2025-05-07 04:25:40,262] Trial 12 finished with value: 0.75 and parameters: {'n_estimators': 191, 'max_depth': 9, 'min_samples_split': 10, 'min_samples_leaf': 3}. Best is trial 1 with value: 0.85.
[I 2025-05-07 04:25:41,348] Trial 13 finished with value: 0.8 and parameters: {'n_estimators': 347, 'max_depth': 12, 'min_samples_split': 8, 'min_samples_leaf': 3}. Best is trial 1 with value: 0.85.
[I 2025-05-07 04:25:41,815] Trial 14 finished with value: 0.85 and parameters: {'n_estimators': 404, 'max_depth': 7, 'min_samples_split': 4, 'min_samples_leaf': 1}. Best is trial 1 with value: 0.85.
[I 2025-05-07 04:25:42,161] Trial 15 finished with value: 0.85 and parameters: {'n_estimators': 272, 'max_depth': 17, 'min_samples_split': 5, 'min_samples_leaf': 4}. Best is trial 1 with value: 0.85.
[I 2025-05-07 04:25:42,415] Trial 16 finished with value: 0.6 and parameters: {'n_estimators': 176, 'max_depth': 6, 'min_samples_split': 7, 'min_samples_leaf': 7}. Best is trial 1 with value: 0.85.
[I 2025-05-07 04:25:42,770] Trial 17 finished with value: 0.8 and parameters: {'n_estimators': 313, 'max_depth': 10, 'min_samples_split': 8, 'min_samples_leaf': 2}. Best is trial 1 with value: 0.85.
[I 2025-05-07 04:25:43,236] Trial 18 finished with value: 0.8 and parameters: {'n_estimators': 384, 'max_depth': 13, 'min_samples_split': 2, 'min_samples_leaf': 4}. Best is trial 1 with value: 0.85.
[I 2025-05-07 04:25:43,702] Trial 19 finished with value: 0.8 and parameters: {'n_estimators': 428, 'max_depth': 17, 'min_samples_split': 6, 'min_samples_leaf': 2}. Best is trial 1 with value: 0.85.
[I 2025-05-07 04:25:43,942] Trial 20 finished with value: 0.75 and parameters: {'n_estimators': 167, 'max_depth': 18, 'min_samples_split': 4, 'min_samples_leaf': 4}. Best is trial 1 with value: 0.85.
[I 2025-05-07 04:25:44,451] Trial 21 finished with value: 0.8 and parameters: {'n_estimators': 434, 'max_depth': 16, 'min_samples_split': 5, 'min_samples_leaf': 5}. Best is trial 1 with value: 0.85.
[I 2025-05-07 04:25:44,869] Trial 22 finished with value: 0.8 and parameters: {'n_estimators': 346, 'max_depth': 14, 'min_samples_split': 5, 'min_samples_leaf': 6}. Best is trial 1 with value: 0.85.
[I 2025-05-07 04:25:45,447] Trial 23 finished with value: 0.8 and parameters: {'n_estimators': 500, 'max_depth': 18, 'min_samples_split': 3, 'min_samples_leaf': 4}. Best is trial 1 with value: 0.85.
[I 2025-05-07 04:25:45,925] Trial 24 finished with value: 0.85 and parameters: {'n_estimators': 452, 'max_depth': 19, 'min_samples_split': 7, 'min_samples_leaf': 3}. Best is trial 1 with value: 0.85.
[I 2025-05-07 04:25:46,175] Trial 25 finished with value: 0.5 and parameters: {'n_estimators': 222, 'max_depth': 5, 'min_samples_split': 5, 'min_samples_leaf': 7}. Best is trial 1 with value: 0.85.
[I 2025-05-07 04:25:46,602] Trial 26 finished with value: 0.85 and parameters: {'n_estimators': 345, 'max_depth': 11, 'min_samples_split': 9, 'min_samples_leaf': 1}. Best is trial 1 with value: 0.85.
[I 2025-05-07 04:25:47,128] Trial 27 finished with value: 0.85 and parameters: {'n_estimators': 462, 'max_depth': 14, 'min_samples_split': 6, 'min_samples_leaf': 5}. Best is trial 1 with value: 0.85.
[I 2025-05-07 04:25:47,555] Trial 28 finished with value: 0.8 and parameters: {'n_estimators': 402, 'max_depth': 8, 'min_samples_split': 3, 'min_samples_leaf': 2}. Best is trial 1 with value: 0.85.
[I 2025-05-07 04:25:47,744] Trial 29 finished with value: 0.75 and parameters: {'n_estimators': 104, 'max_depth': 11, 'min_samples_split': 4, 'min_samples_leaf': 3}. Best is trial 1 with value: 0.85.
[I 2025-05-07 04:25:49,866] A new study created in memory with name: svc
Parámetros guardados en checkpoint_shoppers_Doriginal_Roriginal_B/ag/IPC_10/best_models_ag_seed_9_space_original/rf_best_params.json


>>> Optuna tuning svc metodo ag IPC 10 seed 9


[I 2025-05-07 04:25:52,638] Trial 0 finished with value: 0.5 and parameters: {'C': 0.011002632709098882, 'gamma': 0.010174155443038872}. Best is trial 0 with value: 0.5.
[I 2025-05-07 04:25:52,781] Trial 1 finished with value: 0.55 and parameters: {'C': 0.9618186025955839, 'gamma': 0.00034301895208247704}. Best is trial 1 with value: 0.55.
[I 2025-05-07 04:25:52,799] Trial 2 finished with value: 0.55 and parameters: {'C': 0.03702067575132929, 'gamma': 0.0007485739374074099}. Best is trial 1 with value: 0.55.
[I 2025-05-07 04:25:52,813] Trial 3 finished with value: 0.55 and parameters: {'C': 0.47209861032825945, 'gamma': 0.0009826631576890102}. Best is trial 1 with value: 0.55.
[I 2025-05-07 04:25:52,827] Trial 4 finished with value: 0.55 and parameters: {'C': 0.021688953850108893, 'gamma': 0.0024098752433673273}. Best is trial 1 with value: 0.55.
[I 2025-05-07 04:25:52,840] Trial 5 finished with value: 0.2 and parameters: {'C': 0.04646280084231645, 'gamma': 0.3267656089424253}. Best is trial 1 with value: 0.55.
[I 2025-05-07 04:25:52,854] Trial 6 finished with value: 0.5 and parameters: {'C': 63.65845976154302, 'gamma': 0.00014288725836502733}. Best is trial 1 with value: 0.55.
[I 2025-05-07 04:25:52,868] Trial 7 finished with value: 0.3 and parameters: {'C': 6.257913640897913, 'gamma': 0.01954516145303057}. Best is trial 1 with value: 0.55.
[I 2025-05-07 04:25:52,882] Trial 8 finished with value: 0.45 and parameters: {'C': 39.08665206604184, 'gamma': 0.04651530700450706}. Best is trial 1 with value: 0.55.
[I 2025-05-07 04:25:52,897] Trial 9 finished with value: 0.25 and parameters: {'C': 1.553642640603634, 'gamma': 0.06452227863024562}. Best is trial 1 with value: 0.55.
[I 2025-05-07 04:25:52,922] Trial 10 finished with value: 0.55 and parameters: {'C': 0.25707709152788416, 'gamma': 0.0001239925683467219}. Best is trial 1 with value: 0.55.
[I 2025-05-07 04:25:53,572] Trial 11 finished with value: 0.55 and parameters: {'C': 0.1820174210814147, 'gamma': 0.001583809443395358}. Best is trial 1 with value: 0.55.
[I 2025-05-07 04:25:53,595] Trial 12 finished with value: 0.55 and parameters: {'C': 1.5419652458582194, 'gamma': 0.00047450538330737153}. Best is trial 1 with value: 0.55.
[I 2025-05-07 04:25:53,615] Trial 13 finished with value: 0.55 and parameters: {'C': 0.08981164219108682, 'gamma': 0.00037865753946631306}. Best is trial 1 with value: 0.55.
[I 2025-05-07 04:25:53,636] Trial 14 finished with value: 0.4 and parameters: {'C': 4.831254357469986, 'gamma': 0.004342192387982463}. Best is trial 1 with value: 0.55.
[I 2025-05-07 04:25:53,657] Trial 15 finished with value: 0.55 and parameters: {'C': 12.790326593654314, 'gamma': 0.0004816131381611748}. Best is trial 1 with value: 0.55.
[I 2025-05-07 04:25:53,678] Trial 16 finished with value: 0.55 and parameters: {'C': 0.6134264536753753, 'gamma': 0.004021959780280414}. Best is trial 1 with value: 0.55.
[I 2025-05-07 04:25:54,315] Trial 17 finished with value: 0.25 and parameters: {'C': 0.06297216715903786, 'gamma': 0.9734481564149715}. Best is trial 1 with value: 0.55.
[I 2025-05-07 04:25:54,341] Trial 18 finished with value: 0.55 and parameters: {'C': 2.338304357938831, 'gamma': 0.00024494141224292863}. Best is trial 1 with value: 0.55.
[I 2025-05-07 04:25:54,363] Trial 19 finished with value: 0.5 and parameters: {'C': 17.874203794715616, 'gamma': 0.0009239079850322066}. Best is trial 1 with value: 0.55.
[I 2025-05-07 04:25:54,990] Trial 20 finished with value: 0.55 and parameters: {'C': 0.131935258623686, 'gamma': 0.0001088086686210897}. Best is trial 1 with value: 0.55.
[I 2025-05-07 04:25:55,014] Trial 21 finished with value: 0.55 and parameters: {'C': 0.5099235931654144, 'gamma': 0.001037736889158976}. Best is trial 1 with value: 0.55.
[I 2025-05-07 04:25:55,646] Trial 22 finished with value: 0.55 and parameters: {'C': 0.38830941147227, 'gamma': 0.0007003338544914873}. Best is trial 1 with value: 0.55.
