[I 2025-05-04 17:26:36,041] Trial 1 finished with value: 0.85 and parameters: {'n_estimators': 40, 'max_depth': 20, 'gamma': 0.17841636973138664, 'subsample': 0.5101091987201629, 'colsample_bytree': 0.916309922773969}. Best is trial 1 with value: 0.85.
/data/home/rtabares/anaconda3/envs/pyth3.12/lib/python3.12/site-packages/xgboost/core.py:377: FutureWarning: Your system has an old version of glibc (< 2.28). We will stop supporting Linux distros with glibc older than 2.28 after **May 31, 2025**. Please upgrade to a recent Linux distro (with glibc >= 2.28) to use future versions of XGBoost.
Note: You have installed the 'manylinux2014' variant of XGBoost. Certain features such as GPU algorithms or federated learning are not available. To use these features, please upgrade to a recent Linux distro with glibc 2.28+, and install the 'manylinux_2_28' variant.
  warnings.warn(
[I 2025-05-04 17:26:36,091] Trial 2 finished with value: 0.8 and parameters: {'n_estimators': 100, 'max_depth': 5, 'gamma': 0.20644698328203992, 'subsample': 0.819960510663762, 'colsample_bytree': 0.5716766437045232}. Best is trial 1 with value: 0.85.
/data/home/rtabares/anaconda3/envs/pyth3.12/lib/python3.12/site-packages/xgboost/core.py:377: FutureWarning: Your system has an old version of glibc (< 2.28). We will stop supporting Linux distros with glibc older than 2.28 after **May 31, 2025**. Please upgrade to a recent Linux distro (with glibc >= 2.28) to use future versions of XGBoost.
Note: You have installed the 'manylinux2014' variant of XGBoost. Certain features such as GPU algorithms or federated learning are not available. To use these features, please upgrade to a recent Linux distro with glibc 2.28+, and install the 'manylinux_2_28' variant.
  warnings.warn(
/data/home/rtabares/anaconda3/envs/pyth3.12/lib/python3.12/site-packages/xgboost/core.py:377: FutureWarning: Your system has an old version of glibc (< 2.28). We will stop supporting Linux distros with glibc older than 2.28 after **May 31, 2025**. Please upgrade to a recent Linux distro (with glibc >= 2.28) to use future versions of XGBoost.
Note: You have installed the 'manylinux2014' variant of XGBoost. Certain features such as GPU algorithms or federated learning are not available. To use these features, please upgrade to a recent Linux distro with glibc 2.28+, and install the 'manylinux_2_28' variant.
  warnings.warn(
[I 2025-05-04 17:26:36,128] Trial 3 finished with value: 0.8 and parameters: {'n_estimators': 10, 'max_depth': 20, 'gamma': 0.6115905539817836, 'subsample': 0.5093949002181776, 'colsample_bytree': 0.8088177485379385}. Best is trial 1 with value: 0.85.
/data/home/rtabares/anaconda3/envs/pyth3.12/lib/python3.12/site-packages/xgboost/core.py:377: FutureWarning: Your system has an old version of glibc (< 2.28). We will stop supporting Linux distros with glibc older than 2.28 after **May 31, 2025**. Please upgrade to a recent Linux distro (with glibc >= 2.28) to use future versions of XGBoost.
Note: You have installed the 'manylinux2014' variant of XGBoost. Certain features such as GPU algorithms or federated learning are not available. To use these features, please upgrade to a recent Linux distro with glibc 2.28+, and install the 'manylinux_2_28' variant.
  warnings.warn(
[I 2025-05-04 17:26:36,176] Trial 4 finished with value: 0.85 and parameters: {'n_estimators': 100, 'max_depth': 5, 'gamma': 0.7278680763345383, 'subsample': 0.5301127358146349, 'colsample_bytree': 0.8333833577228338}. Best is trial 1 with value: 0.85.
/data/home/rtabares/anaconda3/envs/pyth3.12/lib/python3.12/site-packages/xgboost/core.py:377: FutureWarning: Your system has an old version of glibc (< 2.28). We will stop supporting Linux distros with glibc older than 2.28 after **May 31, 2025**. Please upgrade to a recent Linux distro (with glibc >= 2.28) to use future versions of XGBoost.
Note: You have installed the 'manylinux2014' variant of XGBoost. Certain features such as GPU algorithms or federated learning are not available. To use these features, please upgrade to a recent Linux distro with glibc 2.28+, and install the 'manylinux_2_28' variant.
  warnings.warn(
/data/home/rtabares/anaconda3/envs/pyth3.12/lib/python3.12/site-packages/xgboost/core.py:377: FutureWarning: Your system has an old version of glibc (< 2.28). We will stop supporting Linux distros with glibc older than 2.28 after **May 31, 2025**. Please upgrade to a recent Linux distro (with glibc >= 2.28) to use future versions of XGBoost.
Note: You have installed the 'manylinux2014' variant of XGBoost. Certain features such as GPU algorithms or federated learning are not available. To use these features, please upgrade to a recent Linux distro with glibc 2.28+, and install the 'manylinux_2_28' variant.
  warnings.warn(
[I 2025-05-04 17:26:36,225] Trial 5 finished with value: 0.8 and parameters: {'n_estimators': 10, 'max_depth': 30, 'gamma': 0.4947413621160883, 'subsample': 0.9941869190296131, 'colsample_bytree': 0.551022405374014}. Best is trial 1 with value: 0.85.
/data/home/rtabares/anaconda3/envs/pyth3.12/lib/python3.12/site-packages/xgboost/core.py:377: FutureWarning: Your system has an old version of glibc (< 2.28). We will stop supporting Linux distros with glibc older than 2.28 after **May 31, 2025**. Please upgrade to a recent Linux distro (with glibc >= 2.28) to use future versions of XGBoost.
Note: You have installed the 'manylinux2014' variant of XGBoost. Certain features such as GPU algorithms or federated learning are not available. To use these features, please upgrade to a recent Linux distro with glibc 2.28+, and install the 'manylinux_2_28' variant.
  warnings.warn(
/data/home/rtabares/anaconda3/envs/pyth3.12/lib/python3.12/site-packages/xgboost/core.py:377: FutureWarning: Your system has an old version of glibc (< 2.28). We will stop supporting Linux distros with glibc older than 2.28 after **May 31, 2025**. Please upgrade to a recent Linux distro (with glibc >= 2.28) to use future versions of XGBoost.
Note: You have installed the 'manylinux2014' variant of XGBoost. Certain features such as GPU algorithms or federated learning are not available. To use these features, please upgrade to a recent Linux distro with glibc 2.28+, and install the 'manylinux_2_28' variant.
  warnings.warn(
[I 2025-05-04 17:26:36,282] Trial 6 finished with value: 0.85 and parameters: {'n_estimators': 100, 'max_depth': 20, 'gamma': 0.24307262528096776, 'subsample': 0.5551875705821525, 'colsample_bytree': 0.8281647947326367}. Best is trial 1 with value: 0.85.
/data/home/rtabares/anaconda3/envs/pyth3.12/lib/python3.12/site-packages/xgboost/core.py:377: FutureWarning: Your system has an old version of glibc (< 2.28). We will stop supporting Linux distros with glibc older than 2.28 after **May 31, 2025**. Please upgrade to a recent Linux distro (with glibc >= 2.28) to use future versions of XGBoost.
Note: You have installed the 'manylinux2014' variant of XGBoost. Certain features such as GPU algorithms or federated learning are not available. To use these features, please upgrade to a recent Linux distro with glibc 2.28+, and install the 'manylinux_2_28' variant.
  warnings.warn(
/data/home/rtabares/anaconda3/envs/pyth3.12/lib/python3.12/site-packages/xgboost/core.py:377: FutureWarning: Your system has an old version of glibc (< 2.28). We will stop supporting Linux distros with glibc older than 2.28 after **May 31, 2025**. Please upgrade to a recent Linux distro (with glibc >= 2.28) to use future versions of XGBoost.
Note: You have installed the 'manylinux2014' variant of XGBoost. Certain features such as GPU algorithms or federated learning are not available. To use these features, please upgrade to a recent Linux distro with glibc 2.28+, and install the 'manylinux_2_28' variant.
  warnings.warn(
/data/home/rtabares/anaconda3/envs/pyth3.12/lib/python3.12/site-packages/xgboost/core.py:377: FutureWarning: Your system has an old version of glibc (< 2.28). We will stop supporting Linux distros with glibc older than 2.28 after **May 31, 2025**. Please upgrade to a recent Linux distro (with glibc >= 2.28) to use future versions of XGBoost.
Note: You have installed the 'manylinux2014' variant of XGBoost. Certain features such as GPU algorithms or federated learning are not available. To use these features, please upgrade to a recent Linux distro with glibc 2.28+, and install the 'manylinux_2_28' variant.
  warnings.warn(
/data/home/rtabares/anaconda3/envs/pyth3.12/lib/python3.12/site-packages/xgboost/core.py:377: FutureWarning: Your system has an old version of glibc (< 2.28). We will stop supporting Linux distros with glibc older than 2.28 after **May 31, 2025**. Please upgrade to a recent Linux distro (with glibc >= 2.28) to use future versions of XGBoost.
Note: You have installed the 'manylinux2014' variant of XGBoost. Certain features such as GPU algorithms or federated learning are not available. To use these features, please upgrade to a recent Linux distro with glibc 2.28+, and install the 'manylinux_2_28' variant.
  warnings.warn(
[I 2025-05-04 17:26:36,347] Trial 7 finished with value: 0.8 and parameters: {'n_estimators': 100, 'max_depth': 30, 'gamma': 0.18648856710456677, 'subsample': 0.9882297325066979, 'colsample_bytree': 0.7343256008238508}. Best is trial 1 with value: 0.85.
/data/home/rtabares/anaconda3/envs/pyth3.12/lib/python3.12/site-packages/xgboost/core.py:377: FutureWarning: Your system has an old version of glibc (< 2.28). We will stop supporting Linux distros with glibc older than 2.28 after **May 31, 2025**. Please upgrade to a recent Linux distro (with glibc >= 2.28) to use future versions of XGBoost.
Note: You have installed the 'manylinux2014' variant of XGBoost. Certain features such as GPU algorithms or federated learning are not available. To use these features, please upgrade to a recent Linux distro with glibc 2.28+, and install the 'manylinux_2_28' variant.
  warnings.warn(
[I 2025-05-04 17:26:36,386] Trial 8 finished with value: 0.9 and parameters: {'n_estimators': 10, 'max_depth': 20, 'gamma': 0.36652617776993046, 'subsample': 0.559363859477122, 'colsample_bytree': 0.658991589696988}. Best is trial 8 with value: 0.9.
/data/home/rtabares/anaconda3/envs/pyth3.12/lib/python3.12/site-packages/xgboost/core.py:377: FutureWarning: Your system has an old version of glibc (< 2.28). We will stop supporting Linux distros with glibc older than 2.28 after **May 31, 2025**. Please upgrade to a recent Linux distro (with glibc >= 2.28) to use future versions of XGBoost.
Note: You have installed the 'manylinux2014' variant of XGBoost. Certain features such as GPU algorithms or federated learning are not available. To use these features, please upgrade to a recent Linux distro with glibc 2.28+, and install the 'manylinux_2_28' variant.
  warnings.warn(
[I 2025-05-04 17:26:36,435] Trial 9 finished with value: 0.8 and parameters: {'n_estimators': 100, 'max_depth': 5, 'gamma': 0.18454645968259753, 'subsample': 0.7879732477780896, 'colsample_bytree': 0.964648098788107}. Best is trial 8 with value: 0.9.
[I 2025-05-04 17:26:36,474] Trial 10 finished with value: 0.85 and parameters: {'n_estimators': 10, 'max_depth': 20, 'gamma': 0.9575004347741041, 'subsample': 0.6574429097222225, 'colsample_bytree': 0.6647860268584183}. Best is trial 8 with value: 0.9.
/data/home/rtabares/anaconda3/envs/pyth3.12/lib/python3.12/site-packages/xgboost/core.py:377: FutureWarning: Your system has an old version of glibc (< 2.28). We will stop supporting Linux distros with glibc older than 2.28 after **May 31, 2025**. Please upgrade to a recent Linux distro (with glibc >= 2.28) to use future versions of XGBoost.
Note: You have installed the 'manylinux2014' variant of XGBoost. Certain features such as GPU algorithms or federated learning are not available. To use these features, please upgrade to a recent Linux distro with glibc 2.28+, and install the 'manylinux_2_28' variant.
  warnings.warn(
/data/home/rtabares/anaconda3/envs/pyth3.12/lib/python3.12/site-packages/xgboost/core.py:377: FutureWarning: Your system has an old version of glibc (< 2.28). We will stop supporting Linux distros with glibc older than 2.28 after **May 31, 2025**. Please upgrade to a recent Linux distro (with glibc >= 2.28) to use future versions of XGBoost.
Note: You have installed the 'manylinux2014' variant of XGBoost. Certain features such as GPU algorithms or federated learning are not available. To use these features, please upgrade to a recent Linux distro with glibc 2.28+, and install the 'manylinux_2_28' variant.
  warnings.warn(
[I 2025-05-04 17:26:37,149] Trial 11 finished with value: 0.85 and parameters: {'n_estimators': 40, 'max_depth': 20, 'gamma': 0.3699445731726468, 'subsample': 0.6246946581720417, 'colsample_bytree': 0.6895244400144871}. Best is trial 8 with value: 0.9.
/data/home/rtabares/anaconda3/envs/pyth3.12/lib/python3.12/site-packages/xgboost/core.py:377: FutureWarning: Your system has an old version of glibc (< 2.28). We will stop supporting Linux distros with glibc older than 2.28 after **May 31, 2025**. Please upgrade to a recent Linux distro (with glibc >= 2.28) to use future versions of XGBoost.
Note: You have installed the 'manylinux2014' variant of XGBoost. Certain features such as GPU algorithms or federated learning are not available. To use these features, please upgrade to a recent Linux distro with glibc 2.28+, and install the 'manylinux_2_28' variant.
  warnings.warn(
/data/home/rtabares/anaconda3/envs/pyth3.12/lib/python3.12/site-packages/xgboost/core.py:377: FutureWarning: Your system has an old version of glibc (< 2.28). We will stop supporting Linux distros with glibc older than 2.28 after **May 31, 2025**. Please upgrade to a recent Linux distro (with glibc >= 2.28) to use future versions of XGBoost.
Note: You have installed the 'manylinux2014' variant of XGBoost. Certain features such as GPU algorithms or federated learning are not available. To use these features, please upgrade to a recent Linux distro with glibc 2.28+, and install the 'manylinux_2_28' variant.
  warnings.warn(
[I 2025-05-04 17:26:37,840] Trial 12 finished with value: 0.8 and parameters: {'n_estimators': 40, 'max_depth': 20, 'gamma': 0.33019340453408674, 'subsample': 0.6409675155246148, 'colsample_bytree': 0.8827825845266629}. Best is trial 8 with value: 0.9.
/data/home/rtabares/anaconda3/envs/pyth3.12/lib/python3.12/site-packages/xgboost/core.py:377: FutureWarning: Your system has an old version of glibc (< 2.28). We will stop supporting Linux distros with glibc older than 2.28 after **May 31, 2025**. Please upgrade to a recent Linux distro (with glibc >= 2.28) to use future versions of XGBoost.
Note: You have installed the 'manylinux2014' variant of XGBoost. Certain features such as GPU algorithms or federated learning are not available. To use these features, please upgrade to a recent Linux distro with glibc 2.28+, and install the 'manylinux_2_28' variant.
  warnings.warn(
[I 2025-05-04 17:26:38,477] Trial 13 finished with value: 0.8 and parameters: {'n_estimators': 40, 'max_depth': 20, 'gamma': 0.10503714528662239, 'subsample': 0.7241846599884024, 'colsample_bytree': 0.6207856106445981}. Best is trial 8 with value: 0.9.
[I 2025-05-04 17:26:38,515] Trial 14 finished with value: 0.8 and parameters: {'n_estimators': 10, 'max_depth': 20, 'gamma': 0.3755874406924151, 'subsample': 0.5831226950475115, 'colsample_bytree': 0.9165489603751092}. Best is trial 8 with value: 0.9.
[I 2025-05-04 17:26:38,556] Trial 15 finished with value: 0.8 and parameters: {'n_estimators': 40, 'max_depth': 20, 'gamma': 0.6939013549961883, 'subsample': 0.7233414254043876, 'colsample_bytree': 0.7440906978659819}. Best is trial 8 with value: 0.9.
[I 2025-05-04 17:26:38,595] Trial 16 finished with value: 0.85 and parameters: {'n_estimators': 10, 'max_depth': 20, 'gamma': 0.30803261815386035, 'subsample': 0.5910043317503519, 'colsample_bytree': 0.6443328186929916}. Best is trial 8 with value: 0.9.
[I 2025-05-04 17:26:38,634] Trial 17 finished with value: 0.75 and parameters: {'n_estimators': 10, 'max_depth': 20, 'gamma': 0.4540038136341175, 'subsample': 0.854720463352203, 'colsample_bytree': 0.5153551758273508}. Best is trial 8 with value: 0.9.
/data/home/rtabares/anaconda3/envs/pyth3.12/lib/python3.12/site-packages/xgboost/core.py:377: FutureWarning: Your system has an old version of glibc (< 2.28). We will stop supporting Linux distros with glibc older than 2.28 after **May 31, 2025**. Please upgrade to a recent Linux distro (with glibc >= 2.28) to use future versions of XGBoost.
Note: You have installed the 'manylinux2014' variant of XGBoost. Certain features such as GPU algorithms or federated learning are not available. To use these features, please upgrade to a recent Linux distro with glibc 2.28+, and install the 'manylinux_2_28' variant.
  warnings.warn(
[I 2025-05-04 17:26:39,279] Trial 18 finished with value: 0.85 and parameters: {'n_estimators': 40, 'max_depth': 5, 'gamma': 0.10007214202551606, 'subsample': 0.6803687069914941, 'colsample_bytree': 0.7745135404563694}. Best is trial 8 with value: 0.9.
[I 2025-05-04 17:26:39,323] Trial 19 finished with value: 0.85 and parameters: {'n_estimators': 40, 'max_depth': 30, 'gamma': 0.9139816169885828, 'subsample': 0.5002771536888482, 'colsample_bytree': 0.9017360334822271}. Best is trial 8 with value: 0.9.
[I 2025-05-04 17:26:39,362] Trial 20 finished with value: 0.8 and parameters: {'n_estimators': 10, 'max_depth': 20, 'gamma': 0.5962734250866889, 'subsample': 0.5773455985084683, 'colsample_bytree': 0.7065249259028923}. Best is trial 8 with value: 0.9.
[I 2025-05-04 17:26:39,411] Trial 21 finished with value: 0.85 and parameters: {'n_estimators': 100, 'max_depth': 5, 'gamma': 0.8332376684937628, 'subsample': 0.5368602333581778, 'colsample_bytree': 0.846191793413898}. Best is trial 8 with value: 0.9.
[I 2025-05-04 17:26:39,463] Trial 22 finished with value: 0.85 and parameters: {'n_estimators': 100, 'max_depth': 5, 'gamma': 0.721663960383153, 'subsample': 0.5353601804301635, 'colsample_bytree': 0.9286692844161284}. Best is trial 8 with value: 0.9.
[I 2025-05-04 17:26:39,512] Trial 23 finished with value: 0.8 and parameters: {'n_estimators': 100, 'max_depth': 5, 'gamma': 0.7755252609665775, 'subsample': 0.6101124555061496, 'colsample_bytree': 0.867053857362851}. Best is trial 8 with value: 0.9.
[I 2025-05-04 17:26:39,561] Trial 24 finished with value: 0.85 and parameters: {'n_estimators': 40, 'max_depth': 5, 'gamma': 0.2752401458361578, 'subsample': 0.5429328270919992, 'colsample_bytree': 0.8053279478648916}. Best is trial 8 with value: 0.9.
[I 2025-05-04 17:26:39,612] Trial 25 finished with value: 0.85 and parameters: {'n_estimators': 100, 'max_depth': 5, 'gamma': 0.4265547113437469, 'subsample': 0.6840383895951817, 'colsample_bytree': 0.7894847023400996}. Best is trial 8 with value: 0.9.
[I 2025-05-04 17:26:39,653] Trial 26 finished with value: 0.85 and parameters: {'n_estimators': 10, 'max_depth': 20, 'gamma': 0.6841686120942249, 'subsample': 0.5709150902286653, 'colsample_bytree': 0.9514267911211746}. Best is trial 8 with value: 0.9.
[I 2025-05-04 17:26:39,693] Trial 27 finished with value: 0.8 and parameters: {'n_estimators': 10, 'max_depth': 20, 'gamma': 0.5890943830356277, 'subsample': 0.5047436134574076, 'colsample_bytree': 0.9987865052426077}. Best is trial 8 with value: 0.9.
[I 2025-05-04 17:26:39,732] Trial 28 finished with value: 0.8 and parameters: {'n_estimators': 40, 'max_depth': 30, 'gamma': 0.8206701691776052, 'subsample': 0.8887900926820977, 'colsample_bytree': 0.60466726197561}. Best is trial 8 with value: 0.9.
[I 2025-05-04 17:26:39,784] Trial 29 finished with value: 0.85 and parameters: {'n_estimators': 100, 'max_depth': 5, 'gamma': 0.5347287879606575, 'subsample': 0.614167189089545, 'colsample_bytree': 0.7644581516963529}. Best is trial 8 with value: 0.9.
[I 2025-05-04 17:26:42,313] A new study created in memory with name: rf
Parámetros guardados en checkpoint_shoppers_Doriginal_Roriginal/ag/best_models_ag_seed_0/xgb_best_params.json


>>> Optuna tuning rf


[I 2025-05-04 17:26:45,728] Trial 0 finished with value: 0.85 and parameters: {'n_estimators': 320, 'max_depth': 15, 'min_samples_split': 7, 'min_samples_leaf': 6}. Best is trial 0 with value: 0.85.
[I 2025-05-04 17:26:46,552] Trial 1 finished with value: 0.5 and parameters: {'n_estimators': 269, 'max_depth': 14, 'min_samples_split': 5, 'min_samples_leaf': 9}. Best is trial 0 with value: 0.85.
[I 2025-05-04 17:26:47,764] Trial 2 finished with value: 0.85 and parameters: {'n_estimators': 486, 'max_depth': 9, 'min_samples_split': 9, 'min_samples_leaf': 6}. Best is trial 0 with value: 0.85.
[I 2025-05-04 17:26:48,482] Trial 3 finished with value: 0.75 and parameters: {'n_estimators': 327, 'max_depth': 19, 'min_samples_split': 2, 'min_samples_leaf': 1}. Best is trial 0 with value: 0.85.
[I 2025-05-04 17:26:48,680] Trial 4 finished with value: 0.5 and parameters: {'n_estimators': 108, 'max_depth': 17, 'min_samples_split': 9, 'min_samples_leaf': 9}. Best is trial 0 with value: 0.85.
[I 2025-05-04 17:26:49,224] Trial 5 finished with value: 0.5 and parameters: {'n_estimators': 492, 'max_depth': 17, 'min_samples_split': 6, 'min_samples_leaf': 8}. Best is trial 0 with value: 0.85.
[I 2025-05-04 17:26:49,493] Trial 6 finished with value: 0.5 and parameters: {'n_estimators': 147, 'max_depth': 14, 'min_samples_split': 3, 'min_samples_leaf': 10}. Best is trial 0 with value: 0.85.
[I 2025-05-04 17:26:49,862] Trial 7 finished with value: 0.5 and parameters: {'n_estimators': 309, 'max_depth': 10, 'min_samples_split': 4, 'min_samples_leaf': 8}. Best is trial 0 with value: 0.85.
[I 2025-05-04 17:26:50,222] Trial 8 finished with value: 0.5 and parameters: {'n_estimators': 282, 'max_depth': 13, 'min_samples_split': 2, 'min_samples_leaf': 7}. Best is trial 0 with value: 0.85.
