[I 2025-05-07 07:32:13,976] Trial 7 finished with value: 0.8166666666666667 and parameters: {'n_estimators': 10, 'max_depth': 5, 'gamma': 0.5767347850317142, 'subsample': 0.7995431264700696, 'colsample_bytree': 0.8604622333437917}. Best is trial 0 with value: 0.85.
/data/home/rtabares/anaconda3/envs/pyth3.12/lib/python3.12/site-packages/xgboost/core.py:377: FutureWarning: Your system has an old version of glibc (< 2.28). We will stop supporting Linux distros with glibc older than 2.28 after **May 31, 2025**. Please upgrade to a recent Linux distro (with glibc >= 2.28) to use future versions of XGBoost.
Note: You have installed the 'manylinux2014' variant of XGBoost. Certain features such as GPU algorithms or federated learning are not available. To use these features, please upgrade to a recent Linux distro with glibc 2.28+, and install the 'manylinux_2_28' variant.
  warnings.warn(
/data/home/rtabares/anaconda3/envs/pyth3.12/lib/python3.12/site-packages/xgboost/core.py:377: FutureWarning: Your system has an old version of glibc (< 2.28). We will stop supporting Linux distros with glibc older than 2.28 after **May 31, 2025**. Please upgrade to a recent Linux distro (with glibc >= 2.28) to use future versions of XGBoost.
Note: You have installed the 'manylinux2014' variant of XGBoost. Certain features such as GPU algorithms or federated learning are not available. To use these features, please upgrade to a recent Linux distro with glibc 2.28+, and install the 'manylinux_2_28' variant.
  warnings.warn(
[I 2025-05-07 07:32:14,052] Trial 8 finished with value: 0.8166666666666667 and parameters: {'n_estimators': 100, 'max_depth': 20, 'gamma': 0.8470554948938058, 'subsample': 0.860339005739911, 'colsample_bytree': 0.9331308414408237}. Best is trial 0 with value: 0.85.
/data/home/rtabares/anaconda3/envs/pyth3.12/lib/python3.12/site-packages/xgboost/core.py:377: FutureWarning: Your system has an old version of glibc (< 2.28). We will stop supporting Linux distros with glibc older than 2.28 after **May 31, 2025**. Please upgrade to a recent Linux distro (with glibc >= 2.28) to use future versions of XGBoost.
Note: You have installed the 'manylinux2014' variant of XGBoost. Certain features such as GPU algorithms or federated learning are not available. To use these features, please upgrade to a recent Linux distro with glibc 2.28+, and install the 'manylinux_2_28' variant.
  warnings.warn(
/data/home/rtabares/anaconda3/envs/pyth3.12/lib/python3.12/site-packages/xgboost/core.py:377: FutureWarning: Your system has an old version of glibc (< 2.28). We will stop supporting Linux distros with glibc older than 2.28 after **May 31, 2025**. Please upgrade to a recent Linux distro (with glibc >= 2.28) to use future versions of XGBoost.
Note: You have installed the 'manylinux2014' variant of XGBoost. Certain features such as GPU algorithms or federated learning are not available. To use these features, please upgrade to a recent Linux distro with glibc 2.28+, and install the 'manylinux_2_28' variant.
  warnings.warn(
[I 2025-05-07 07:32:14,167] Trial 9 finished with value: 0.8 and parameters: {'n_estimators': 100, 'max_depth': 30, 'gamma': 0.574951454577921, 'subsample': 0.9696020680119358, 'colsample_bytree': 0.8616917074936369}. Best is trial 0 with value: 0.85.
/data/home/rtabares/anaconda3/envs/pyth3.12/lib/python3.12/site-packages/xgboost/core.py:377: FutureWarning: Your system has an old version of glibc (< 2.28). We will stop supporting Linux distros with glibc older than 2.28 after **May 31, 2025**. Please upgrade to a recent Linux distro (with glibc >= 2.28) to use future versions of XGBoost.
Note: You have installed the 'manylinux2014' variant of XGBoost. Certain features such as GPU algorithms or federated learning are not available. To use these features, please upgrade to a recent Linux distro with glibc 2.28+, and install the 'manylinux_2_28' variant.
  warnings.warn(
[I 2025-05-07 07:32:14,231] Trial 10 finished with value: 0.8 and parameters: {'n_estimators': 40, 'max_depth': 5, 'gamma': 0.32359117507032664, 'subsample': 0.7187470692461426, 'colsample_bytree': 0.525322130410742}. Best is trial 0 with value: 0.85.
/data/home/rtabares/anaconda3/envs/pyth3.12/lib/python3.12/site-packages/xgboost/core.py:377: FutureWarning: Your system has an old version of glibc (< 2.28). We will stop supporting Linux distros with glibc older than 2.28 after **May 31, 2025**. Please upgrade to a recent Linux distro (with glibc >= 2.28) to use future versions of XGBoost.
Note: You have installed the 'manylinux2014' variant of XGBoost. Certain features such as GPU algorithms or federated learning are not available. To use these features, please upgrade to a recent Linux distro with glibc 2.28+, and install the 'manylinux_2_28' variant.
  warnings.warn(
/data/home/rtabares/anaconda3/envs/pyth3.12/lib/python3.12/site-packages/xgboost/core.py:377: FutureWarning: Your system has an old version of glibc (< 2.28). We will stop supporting Linux distros with glibc older than 2.28 after **May 31, 2025**. Please upgrade to a recent Linux distro (with glibc >= 2.28) to use future versions of XGBoost.
Note: You have installed the 'manylinux2014' variant of XGBoost. Certain features such as GPU algorithms or federated learning are not available. To use these features, please upgrade to a recent Linux distro with glibc 2.28+, and install the 'manylinux_2_28' variant.
  warnings.warn(
[I 2025-05-07 07:32:15,237] Trial 11 finished with value: 0.8 and parameters: {'n_estimators': 40, 'max_depth': 20, 'gamma': 0.9894607367239925, 'subsample': 0.8421104977385359, 'colsample_bytree': 0.8037414257787981}. Best is trial 0 with value: 0.85.
/data/home/rtabares/anaconda3/envs/pyth3.12/lib/python3.12/site-packages/xgboost/core.py:377: FutureWarning: Your system has an old version of glibc (< 2.28). We will stop supporting Linux distros with glibc older than 2.28 after **May 31, 2025**. Please upgrade to a recent Linux distro (with glibc >= 2.28) to use future versions of XGBoost.
Note: You have installed the 'manylinux2014' variant of XGBoost. Certain features such as GPU algorithms or federated learning are not available. To use these features, please upgrade to a recent Linux distro with glibc 2.28+, and install the 'manylinux_2_28' variant.
  warnings.warn(
/data/home/rtabares/anaconda3/envs/pyth3.12/lib/python3.12/site-packages/xgboost/core.py:377: FutureWarning: Your system has an old version of glibc (< 2.28). We will stop supporting Linux distros with glibc older than 2.28 after **May 31, 2025**. Please upgrade to a recent Linux distro (with glibc >= 2.28) to use future versions of XGBoost.
Note: You have installed the 'manylinux2014' variant of XGBoost. Certain features such as GPU algorithms or federated learning are not available. To use these features, please upgrade to a recent Linux distro with glibc 2.28+, and install the 'manylinux_2_28' variant.
  warnings.warn(
[I 2025-05-07 07:32:16,128] Trial 12 finished with value: 0.8 and parameters: {'n_estimators': 100, 'max_depth': 20, 'gamma': 0.41000154180441223, 'subsample': 0.7275581808666991, 'colsample_bytree': 0.7768041631937823}. Best is trial 0 with value: 0.85.
[I 2025-05-07 07:32:16,167] Trial 13 finished with value: 0.8 and parameters: {'n_estimators': 40, 'max_depth': 20, 'gamma': 0.3086457627711679, 'subsample': 0.870581905471463, 'colsample_bytree': 0.6243154408532616}. Best is trial 0 with value: 0.85.
[I 2025-05-07 07:32:16,201] Trial 14 finished with value: 0.85 and parameters: {'n_estimators': 10, 'max_depth': 30, 'gamma': 0.676241303290772, 'subsample': 0.6858362778171602, 'colsample_bytree': 0.8224616563432312}. Best is trial 0 with value: 0.85.
[I 2025-05-07 07:32:16,285] Trial 15 finished with value: 0.7666666666666667 and parameters: {'n_estimators': 100, 'max_depth': 5, 'gamma': 0.4677647810752753, 'subsample': 0.785332734602564, 'colsample_bytree': 0.7113479909427313}. Best is trial 0 with value: 0.85.
[I 2025-05-07 07:32:16,333] Trial 16 finished with value: 0.7666666666666667 and parameters: {'n_estimators': 40, 'max_depth': 20, 'gamma': 0.168161708190453, 'subsample': 0.503398667355205, 'colsample_bytree': 0.7585789099962063}. Best is trial 0 with value: 0.85.
[I 2025-05-07 07:32:16,381] Trial 17 finished with value: 0.8 and parameters: {'n_estimators': 40, 'max_depth': 5, 'gamma': 0.7024510399322508, 'subsample': 0.9164181059630803, 'colsample_bytree': 0.6195728563824905}. Best is trial 0 with value: 0.85.
/data/home/rtabares/anaconda3/envs/pyth3.12/lib/python3.12/site-packages/xgboost/core.py:377: FutureWarning: Your system has an old version of glibc (< 2.28). We will stop supporting Linux distros with glibc older than 2.28 after **May 31, 2025**. Please upgrade to a recent Linux distro (with glibc >= 2.28) to use future versions of XGBoost.
Note: You have installed the 'manylinux2014' variant of XGBoost. Certain features such as GPU algorithms or federated learning are not available. To use these features, please upgrade to a recent Linux distro with glibc 2.28+, and install the 'manylinux_2_28' variant.
  warnings.warn(
[I 2025-05-07 07:32:17,358] Trial 18 finished with value: 0.8 and parameters: {'n_estimators': 100, 'max_depth': 20, 'gamma': 0.3447075122065626, 'subsample': 0.7732999221585829, 'colsample_bytree': 0.8916160327925045}. Best is trial 0 with value: 0.85.
[I 2025-05-07 07:32:17,405] Trial 19 finished with value: 0.7333333333333334 and parameters: {'n_estimators': 10, 'max_depth': 30, 'gamma': 0.9558367456062942, 'subsample': 0.5684412193239834, 'colsample_bytree': 0.6609599316283278}. Best is trial 0 with value: 0.85.
[I 2025-05-07 07:32:17,462] Trial 20 finished with value: 0.8166666666666667 and parameters: {'n_estimators': 100, 'max_depth': 5, 'gamma': 0.5294161289785836, 'subsample': 0.6854568334482031, 'colsample_bytree': 0.8125554602191015}. Best is trial 0 with value: 0.85.
[I 2025-05-07 07:32:17,501] Trial 21 finished with value: 0.85 and parameters: {'n_estimators': 10, 'max_depth': 30, 'gamma': 0.6640384503928838, 'subsample': 0.6859389224905493, 'colsample_bytree': 0.8330213496738554}. Best is trial 0 with value: 0.85.
[I 2025-05-07 07:32:17,544] Trial 22 finished with value: 0.8 and parameters: {'n_estimators': 10, 'max_depth': 30, 'gamma': 0.7348169254011627, 'subsample': 0.8160529041425456, 'colsample_bytree': 0.7670233806069366}. Best is trial 0 with value: 0.85.
[I 2025-05-07 07:32:17,584] Trial 23 finished with value: 0.8166666666666667 and parameters: {'n_estimators': 10, 'max_depth': 30, 'gamma': 0.6169288974046233, 'subsample': 0.7481746803972014, 'colsample_bytree': 0.9331491728502957}. Best is trial 0 with value: 0.85.
[I 2025-05-07 07:32:17,618] Trial 24 finished with value: 0.85 and parameters: {'n_estimators': 10, 'max_depth': 30, 'gamma': 0.8749751374150898, 'subsample': 0.6794193924075654, 'colsample_bytree': 0.7988531089349818}. Best is trial 0 with value: 0.85.
[I 2025-05-07 07:32:17,663] Trial 25 finished with value: 0.8333333333333333 and parameters: {'n_estimators': 10, 'max_depth': 30, 'gamma': 0.41207312071316177, 'subsample': 0.9029251257192838, 'colsample_bytree': 0.7466667773104511}. Best is trial 0 with value: 0.85.
[I 2025-05-07 07:32:17,722] Trial 26 finished with value: 0.8166666666666667 and parameters: {'n_estimators': 40, 'max_depth': 20, 'gamma': 0.7497480168324944, 'subsample': 0.6416688419082204, 'colsample_bytree': 0.6932305711976456}. Best is trial 0 with value: 0.85.
[I 2025-05-07 07:32:17,783] Trial 27 finished with value: 0.8 and parameters: {'n_estimators': 100, 'max_depth': 30, 'gamma': 0.6496941772048413, 'subsample': 0.7543385885137449, 'colsample_bytree': 0.8946517472145455}. Best is trial 0 with value: 0.85.
[I 2025-05-07 07:32:17,812] Trial 28 finished with value: 0.8 and parameters: {'n_estimators': 10, 'max_depth': 20, 'gamma': 0.5432055653187391, 'subsample': 0.7098028101768485, 'colsample_bytree': 0.8390902666110347}. Best is trial 0 with value: 0.85.
[I 2025-05-07 07:32:17,866] Trial 29 finished with value: 0.8 and parameters: {'n_estimators': 40, 'max_depth': 5, 'gamma': 0.4832046028010115, 'subsample': 0.654657195589029, 'colsample_bytree': 0.9622947640866861}. Best is trial 0 with value: 0.85.
[I 2025-05-07 07:32:23,195] A new study created in memory with name: rf
Parámetros guardados en checkpoint_shoppers_Doriginal_Roriginal_C/random/IPC_30/best_models_random_seed_8_space_original/xgb_best_params.json


>>> Optuna tuning rf metodo random IPC 30 seed 8


[I 2025-05-07 07:32:24,333] Trial 0 finished with value: 0.7166666666666667 and parameters: {'n_estimators': 450, 'max_depth': 20, 'min_samples_split': 9, 'min_samples_leaf': 6}. Best is trial 0 with value: 0.7166666666666667.
[I 2025-05-07 07:32:24,655] Trial 1 finished with value: 0.75 and parameters: {'n_estimators': 193, 'max_depth': 3, 'min_samples_split': 5, 'min_samples_leaf': 5}. Best is trial 1 with value: 0.75.
[I 2025-05-07 07:32:25,075] Trial 2 finished with value: 0.7166666666666666 and parameters: {'n_estimators': 309, 'max_depth': 11, 'min_samples_split': 6, 'min_samples_leaf': 6}. Best is trial 1 with value: 0.75.
[I 2025-05-07 07:32:25,616] Trial 3 finished with value: 0.7166666666666667 and parameters: {'n_estimators': 405, 'max_depth': 15, 'min_samples_split': 7, 'min_samples_leaf': 5}. Best is trial 1 with value: 0.75.
[I 2025-05-07 07:32:25,893] Trial 4 finished with value: 0.7 and parameters: {'n_estimators': 215, 'max_depth': 20, 'min_samples_split': 5, 'min_samples_leaf': 3}. Best is trial 1 with value: 0.75.
[I 2025-05-07 07:32:26,081] Trial 5 finished with value: 0.7333333333333333 and parameters: {'n_estimators': 126, 'max_depth': 20, 'min_samples_split': 3, 'min_samples_leaf': 4}. Best is trial 1 with value: 0.75.
[I 2025-05-07 07:32:26,270] Trial 6 finished with value: 0.7166666666666667 and parameters: {'n_estimators': 128, 'max_depth': 7, 'min_samples_split': 5, 'min_samples_leaf': 9}. Best is trial 1 with value: 0.75.
[I 2025-05-07 07:32:26,621] Trial 7 finished with value: 0.6833333333333333 and parameters: {'n_estimators': 238, 'max_depth': 20, 'min_samples_split': 2, 'min_samples_leaf': 4}. Best is trial 1 with value: 0.75.
[I 2025-05-07 07:32:27,009] Trial 8 finished with value: 0.7 and parameters: {'n_estimators': 252, 'max_depth': 16, 'min_samples_split': 10, 'min_samples_leaf': 4}. Best is trial 1 with value: 0.75.
[I 2025-05-07 07:32:27,311] Trial 9 finished with value: 0.7333333333333334 and parameters: {'n_estimators': 273, 'max_depth': 7, 'min_samples_split': 9, 'min_samples_leaf': 7}. Best is trial 1 with value: 0.75.
[I 2025-05-07 07:32:27,731] Trial 10 finished with value: 0.6666666666666666 and parameters: {'n_estimators': 340, 'max_depth': 4, 'min_samples_split': 4, 'min_samples_leaf': 1}. Best is trial 1 with value: 0.75.
[I 2025-05-07 07:32:28,665] Trial 11 finished with value: 0.7 and parameters: {'n_estimators': 197, 'max_depth': 3, 'min_samples_split': 8, 'min_samples_leaf': 8}. Best is trial 1 with value: 0.75.
[I 2025-05-07 07:32:29,718] Trial 12 finished with value: 0.7333333333333333 and parameters: {'n_estimators': 346, 'max_depth': 7, 'min_samples_split': 7, 'min_samples_leaf': 8}. Best is trial 1 with value: 0.75.
[I 2025-05-07 07:32:30,593] Trial 13 finished with value: 0.75 and parameters: {'n_estimators': 170, 'max_depth': 7, 'min_samples_split': 10, 'min_samples_leaf': 7}. Best is trial 1 with value: 0.75.
[I 2025-05-07 07:32:30,847] Trial 14 finished with value: 0.65 and parameters: {'n_estimators': 167, 'max_depth': 10, 'min_samples_split': 6, 'min_samples_leaf': 10}. Best is trial 1 with value: 0.75.
[I 2025-05-07 07:32:31,101] Trial 15 finished with value: 0.6666666666666666 and parameters: {'n_estimators': 167, 'max_depth': 5, 'min_samples_split': 10, 'min_samples_leaf': 2}. Best is trial 1 with value: 0.75.
[I 2025-05-07 07:32:31,309] Trial 16 finished with value: 0.7500000000000002 and parameters: {'n_estimators': 117, 'max_depth': 9, 'min_samples_split': 4, 'min_samples_leaf': 7}. Best is trial 16 with value: 0.7500000000000002.
[I 2025-05-07 07:32:31,462] Trial 17 finished with value: 0.7 and parameters: {'n_estimators': 100, 'max_depth': 13, 'min_samples_split': 4, 'min_samples_leaf': 5}. Best is trial 16 with value: 0.7500000000000002.
[I 2025-05-07 07:32:31,677] Trial 18 finished with value: 0.7333333333333334 and parameters: {'n_estimators': 134, 'max_depth': 9, 'min_samples_split': 2, 'min_samples_leaf': 7}. Best is trial 16 with value: 0.7500000000000002.
[I 2025-05-07 07:32:32,275] Trial 19 finished with value: 0.7500000000000001 and parameters: {'n_estimators': 495, 'max_depth': 13, 'min_samples_split': 4, 'min_samples_leaf': 10}. Best is trial 16 with value: 0.7500000000000002.
[I 2025-05-07 07:32:32,824] Trial 20 finished with value: 0.7333333333333333 and parameters: {'n_estimators': 488, 'max_depth': 13, 'min_samples_split': 3, 'min_samples_leaf': 10}. Best is trial 16 with value: 0.7500000000000002.
[I 2025-05-07 07:32:33,301] Trial 21 finished with value: 0.7333333333333334 and parameters: {'n_estimators': 417, 'max_depth': 16, 'min_samples_split': 4, 'min_samples_leaf': 8}. Best is trial 16 with value: 0.7500000000000002.
[I 2025-05-07 07:32:33,794] Trial 22 finished with value: 0.7666666666666667 and parameters: {'n_estimators': 388, 'max_depth': 13, 'min_samples_split': 5, 'min_samples_leaf': 9}. Best is trial 22 with value: 0.7666666666666667.
[I 2025-05-07 07:32:34,338] Trial 23 finished with value: 0.7500000000000001 and parameters: {'n_estimators': 486, 'max_depth': 13, 'min_samples_split': 3, 'min_samples_leaf': 9}. Best is trial 22 with value: 0.7666666666666667.
[I 2025-05-07 07:32:34,819] Trial 24 finished with value: 0.7666666666666666 and parameters: {'n_estimators': 388, 'max_depth': 9, 'min_samples_split': 5, 'min_samples_leaf': 9}. Best is trial 22 with value: 0.7666666666666667.
[I 2025-05-07 07:32:35,278] Trial 25 finished with value: 0.7500000000000001 and parameters: {'n_estimators': 377, 'max_depth': 9, 'min_samples_split': 6, 'min_samples_leaf': 9}. Best is trial 22 with value: 0.7666666666666667.
[I 2025-05-07 07:32:35,655] Trial 26 finished with value: 0.7166666666666667 and parameters: {'n_estimators': 308, 'max_depth': 11, 'min_samples_split': 5, 'min_samples_leaf': 9}. Best is trial 22 with value: 0.7666666666666667.
[I 2025-05-07 07:32:36,092] Trial 27 finished with value: 0.7166666666666667 and parameters: {'n_estimators': 385, 'max_depth': 9, 'min_samples_split': 7, 'min_samples_leaf': 8}. Best is trial 22 with value: 0.7666666666666667.
[I 2025-05-07 07:32:36,643] Trial 28 finished with value: 0.7666666666666667 and parameters: {'n_estimators': 454, 'max_depth': 18, 'min_samples_split': 5, 'min_samples_leaf': 7}. Best is trial 22 with value: 0.7666666666666667.
[I 2025-05-07 07:32:37,132] Trial 29 finished with value: 0.7166666666666667 and parameters: {'n_estimators': 427, 'max_depth': 17, 'min_samples_split': 5, 'min_samples_leaf': 6}. Best is trial 22 with value: 0.7666666666666667.
[I 2025-05-07 07:32:40,976] A new study created in memory with name: svc
Parámetros guardados en checkpoint_shoppers_Doriginal_Roriginal_C/random/IPC_30/best_models_random_seed_8_space_original/rf_best_params.json


>>> Optuna tuning svc metodo random IPC 30 seed 8


[I 2025-05-07 07:32:42,615] Trial 0 finished with value: 0.6166666666666667 and parameters: {'C': 31.168622654226873, 'gamma': 0.7484497562485191}. Best is trial 0 with value: 0.6166666666666667.
[I 2025-05-07 07:32:42,700] Trial 1 finished with value: 0.6333333333333333 and parameters: {'C': 29.976309274600954, 'gamma': 0.013286872459026702}. Best is trial 1 with value: 0.6333333333333333.
[I 2025-05-07 07:32:42,727] Trial 2 finished with value: 0.6166666666666668 and parameters: {'C': 0.08529298465080307, 'gamma': 0.00011106960237430257}. Best is trial 1 with value: 0.6333333333333333.
[I 2025-05-07 07:32:42,750] Trial 3 finished with value: 0.6666666666666667 and parameters: {'C': 0.5270784658374341, 'gamma': 0.004068229457500922}. Best is trial 3 with value: 0.6666666666666667.
[I 2025-05-07 07:32:42,774] Trial 4 finished with value: 0.7166666666666666 and parameters: {'C': 1.2322495987505253, 'gamma': 0.008195343912941565}. Best is trial 4 with value: 0.7166666666666666.
[I 2025-05-07 07:32:42,798] Trial 5 finished with value: 0.75 and parameters: {'C': 1.6650446929687996, 'gamma': 0.014912280706161869}. Best is trial 5 with value: 0.75.
[I 2025-05-07 07:32:42,824] Trial 6 finished with value: 0.7333333333333333 and parameters: {'C': 11.055599623279033, 'gamma': 0.07071284267178823}. Best is trial 5 with value: 0.75.
[I 2025-05-07 07:32:42,839] Trial 7 finished with value: 0.7333333333333334 and parameters: {'C': 3.0111222251271013, 'gamma': 0.00506252384623837}. Best is trial 5 with value: 0.75.
[I 2025-05-07 07:32:42,854] Trial 8 finished with value: 0.5166666666666667 and parameters: {'C': 0.1433177931243846, 'gamma': 0.7859971382309453}. Best is trial 5 with value: 0.75.
[I 2025-05-07 07:32:42,867] Trial 9 finished with value: 0.6333333333333334 and parameters: {'C': 0.21631975482828378, 'gamma': 0.0007502469581683287}. Best is trial 5 with value: 0.75.
[I 2025-05-07 07:32:42,891] Trial 10 finished with value: 0.7166666666666666 and parameters: {'C': 0.0190133329442057, 'gamma': 0.060511736244391545}. Best is trial 5 with value: 0.75.
[I 2025-05-07 07:32:43,552] Trial 11 finished with value: 0.6666666666666667 and parameters: {'C': 3.394532731945007, 'gamma': 0.0017096588600787298}. Best is trial 5 with value: 0.75.
[I 2025-05-07 07:32:44,191] Trial 12 finished with value: 0.7166666666666666 and parameters: {'C': 3.529301363119234, 'gamma': 0.03451463054280321}. Best is trial 5 with value: 0.75.
[I 2025-05-07 07:32:44,226] Trial 13 finished with value: 0.6333333333333334 and parameters: {'C': 3.6921017708047796, 'gamma': 0.0004669530456261555}. Best is trial 5 with value: 0.75.
