[I 2025-05-04 17:28:51,804] Trial 18 finished with value: 0.85 and parameters: {'n_estimators': 220, 'max_depth': 10, 'min_samples_split': 10, 'min_samples_leaf': 1}. Best is trial 1 with value: 0.95.
[I 2025-05-04 17:28:51,985] Trial 19 finished with value: 0.6 and parameters: {'n_estimators': 146, 'max_depth': 7, 'min_samples_split': 8, 'min_samples_leaf': 6}. Best is trial 1 with value: 0.95.
[I 2025-05-04 17:28:52,278] Trial 20 finished with value: 0.5 and parameters: {'n_estimators': 217, 'max_depth': 20, 'min_samples_split': 5, 'min_samples_leaf': 10}. Best is trial 1 with value: 0.95.
[I 2025-05-04 17:28:52,632] Trial 21 finished with value: 0.9 and parameters: {'n_estimators': 330, 'max_depth': 9, 'min_samples_split': 4, 'min_samples_leaf': 1}. Best is trial 1 with value: 0.95.
[I 2025-05-04 17:28:53,068] Trial 22 finished with value: 0.85 and parameters: {'n_estimators': 355, 'max_depth': 6, 'min_samples_split': 3, 'min_samples_leaf': 2}. Best is trial 1 with value: 0.95.
[I 2025-05-04 17:28:53,493] Trial 23 finished with value: 0.95 and parameters: {'n_estimators': 406, 'max_depth': 10, 'min_samples_split': 4, 'min_samples_leaf': 1}. Best is trial 1 with value: 0.95.
[I 2025-05-04 17:28:54,066] Trial 24 finished with value: 0.85 and parameters: {'n_estimators': 499, 'max_depth': 3, 'min_samples_split': 3, 'min_samples_leaf': 4}. Best is trial 1 with value: 0.95.
[I 2025-05-04 17:28:54,407] Trial 25 finished with value: 0.95 and parameters: {'n_estimators': 311, 'max_depth': 5, 'min_samples_split': 6, 'min_samples_leaf': 2}. Best is trial 1 with value: 0.95.
[I 2025-05-04 17:28:54,915] Trial 26 finished with value: 0.9 and parameters: {'n_estimators': 460, 'max_depth': 14, 'min_samples_split': 2, 'min_samples_leaf': 3}. Best is trial 1 with value: 0.95.
[I 2025-05-04 17:28:55,285] Trial 27 finished with value: 0.85 and parameters: {'n_estimators': 338, 'max_depth': 8, 'min_samples_split': 4, 'min_samples_leaf': 2}. Best is trial 1 with value: 0.95.
[I 2025-05-04 17:28:55,712] Trial 28 finished with value: 0.5 and parameters: {'n_estimators': 402, 'max_depth': 11, 'min_samples_split': 5, 'min_samples_leaf': 9}. Best is trial 1 with value: 0.95.
[I 2025-05-04 17:28:56,045] Trial 29 finished with value: 0.85 and parameters: {'n_estimators': 253, 'max_depth': 17, 'min_samples_split': 2, 'min_samples_leaf': 4}. Best is trial 1 with value: 0.95.
[I 2025-05-04 17:28:58,170] A new study created in memory with name: svc
Parámetros guardados en checkpoint_shoppers_Doriginal_Roriginal/random/best_models_random_seed_1/rf_best_params.json


>>> Optuna tuning svc


[I 2025-05-04 17:29:00,933] Trial 0 finished with value: 0.65 and parameters: {'C': 0.4656804637919569, 'gamma': 0.07608481233714794}. Best is trial 0 with value: 0.65.
[I 2025-05-04 17:29:01,241] Trial 1 finished with value: 0.65 and parameters: {'C': 0.010010539860510492, 'gamma': 0.0016193110912440748}. Best is trial 0 with value: 0.65.
[I 2025-05-04 17:29:01,256] Trial 2 finished with value: 0.65 and parameters: {'C': 0.03863879405158731, 'gamma': 0.00023407464805767542}. Best is trial 0 with value: 0.65.
[I 2025-05-04 17:29:01,269] Trial 3 finished with value: 0.65 and parameters: {'C': 0.0555956542671257, 'gamma': 0.002411253706147574}. Best is trial 0 with value: 0.65.
[I 2025-05-04 17:29:01,284] Trial 4 finished with value: 0.6 and parameters: {'C': 0.3864291653552654, 'gamma': 0.014297724879798395}. Best is trial 0 with value: 0.65.
[I 2025-05-04 17:29:01,299] Trial 5 finished with value: 0.6 and parameters: {'C': 0.47509237210306143, 'gamma': 0.05506529897945987}. Best is trial 0 with value: 0.65.
[I 2025-05-04 17:29:01,312] Trial 6 finished with value: 0.55 and parameters: {'C': 0.06573686655138336, 'gamma': 0.3254391115088485}. Best is trial 0 with value: 0.65.
[I 2025-05-04 17:29:01,325] Trial 7 finished with value: 0.65 and parameters: {'C': 0.01286916510781503, 'gamma': 0.04806954824961596}. Best is trial 0 with value: 0.65.
[I 2025-05-04 17:29:01,338] Trial 8 finished with value: 0.6 and parameters: {'C': 0.4668949853708895, 'gamma': 0.017169565852473867}. Best is trial 0 with value: 0.65.
[I 2025-05-04 17:29:01,352] Trial 9 finished with value: 0.65 and parameters: {'C': 0.03643743139281253, 'gamma': 0.0006200203677164723}. Best is trial 0 with value: 0.65.
[I 2025-05-04 17:29:01,374] Trial 10 finished with value: 0.7 and parameters: {'C': 35.745293136206676, 'gamma': 0.7480863519855016}. Best is trial 10 with value: 0.7.
[I 2025-05-04 17:29:02,060] Trial 11 finished with value: 0.65 and parameters: {'C': 73.92326287467452, 'gamma': 0.8925339139272248}. Best is trial 10 with value: 0.7.
[I 2025-05-04 17:29:02,083] Trial 12 finished with value: 0.65 and parameters: {'C': 14.5419848452423, 'gamma': 0.24551379593571793}. Best is trial 10 with value: 0.7.
[I 2025-05-04 17:29:02,104] Trial 13 finished with value: 0.65 and parameters: {'C': 3.638957660124995, 'gamma': 0.1380706978772396}. Best is trial 10 with value: 0.7.
[I 2025-05-04 17:29:02,126] Trial 14 finished with value: 0.65 and parameters: {'C': 3.068096919713349, 'gamma': 0.9453601236785355}. Best is trial 10 with value: 0.7.
[I 2025-05-04 17:29:02,783] Trial 15 finished with value: 0.75 and parameters: {'C': 96.80278171389716, 'gamma': 0.05261614424239285}. Best is trial 15 with value: 0.75.
[I 2025-05-04 17:29:02,806] Trial 16 finished with value: 0.8 and parameters: {'C': 79.9645032572207, 'gamma': 0.0037749060251448096}. Best is trial 16 with value: 0.8.
[I 2025-05-04 17:29:03,451] Trial 17 finished with value: 0.75 and parameters: {'C': 12.76679633738965, 'gamma': 0.0044951294979204874}. Best is trial 16 with value: 0.8.
[I 2025-05-04 17:29:03,475] Trial 18 finished with value: 0.8 and parameters: {'C': 83.55869021594293, 'gamma': 0.0075206878040523515}. Best is trial 16 with value: 0.8.
[I 2025-05-04 17:29:03,497] Trial 19 finished with value: 0.65 and parameters: {'C': 24.247427511327437, 'gamma': 0.00013256122812894958}. Best is trial 16 with value: 0.8.
[I 2025-05-04 17:29:03,517] Trial 20 finished with value: 0.7 and parameters: {'C': 4.476511550017926, 'gamma': 0.0072568212106557594}. Best is trial 16 with value: 0.8.
[I 2025-05-04 17:29:03,542] Trial 21 finished with value: 0.75 and parameters: {'C': 81.85220663511382, 'gamma': 0.026206815865172595}. Best is trial 16 with value: 0.8.
[I 2025-05-04 17:29:04,190] Trial 22 finished with value: 0.75 and parameters: {'C': 47.486672683922585, 'gamma': 0.0011970845609566886}. Best is trial 16 with value: 0.8.
[I 2025-05-04 17:29:04,216] Trial 23 finished with value: 0.8 and parameters: {'C': 95.7454164291466, 'gamma': 0.00512783661896678}. Best is trial 16 with value: 0.8.
[I 2025-05-04 17:29:04,854] Trial 24 finished with value: 0.75 and parameters: {'C': 11.9505930003382, 'gamma': 0.0047728104921102394}. Best is trial 16 with value: 0.8.
[I 2025-05-04 17:29:04,882] Trial 25 finished with value: 0.7 and parameters: {'C': 34.03830946271679, 'gamma': 0.0006026823416929909}. Best is trial 16 with value: 0.8.
[I 2025-05-04 17:29:04,906] Trial 26 finished with value: 0.7 and parameters: {'C': 8.185956544922382, 'gamma': 0.0031274849278097767}. Best is trial 16 with value: 0.8.
[I 2025-05-04 17:29:04,930] Trial 27 finished with value: 0.8 and parameters: {'C': 20.316255573563062, 'gamma': 0.009182766556686754}. Best is trial 16 with value: 0.8.
[I 2025-05-04 17:29:04,951] Trial 28 finished with value: 0.65 and parameters: {'C': 1.2766225016838322, 'gamma': 0.0009405954924917268}. Best is trial 16 with value: 0.8.
[I 2025-05-04 17:29:04,972] Trial 29 finished with value: 0.75 and parameters: {'C': 49.00613525151258, 'gamma': 0.025549914038999713}. Best is trial 16 with value: 0.8.
[I 2025-05-04 17:29:06,820] A new study created in memory with name: logreg
Parámetros guardados en checkpoint_shoppers_Doriginal_Roriginal/random/best_models_random_seed_1/svc_best_params.json


>>> Optuna tuning logreg


[I 2025-05-04 17:29:09,603] Trial 0 finished with value: 0.75 and parameters: {'C': 0.12164941464151847, 'penalty': 'l2'}. Best is trial 0 with value: 0.75.
[I 2025-05-04 17:29:09,888] Trial 1 finished with value: 0.8 and parameters: {'C': 3.9959722831350617, 'penalty': 'l2'}. Best is trial 1 with value: 0.8.
[I 2025-05-04 17:29:09,919] Trial 2 finished with value: 0.6 and parameters: {'C': 0.0010013176560941261, 'penalty': 'l2'}. Best is trial 1 with value: 0.8.
[I 2025-05-04 17:29:09,935] Trial 3 finished with value: 0.7 and parameters: {'C': 0.0324835034508668, 'penalty': 'l2'}. Best is trial 1 with value: 0.8.
[I 2025-05-04 17:29:09,960] Trial 4 finished with value: 0.6 and parameters: {'C': 0.005417257182767969, 'penalty': 'l2'}. Best is trial 1 with value: 0.8.
[I 2025-05-04 17:29:09,975] Trial 5 finished with value: 0.6 and parameters: {'C': 0.0028952960233492846, 'penalty': 'l2'}. Best is trial 1 with value: 0.8.
[I 2025-05-04 17:29:09,999] Trial 6 finished with value: 0.6 and parameters: {'C': 0.008536916958038761, 'penalty': 'l2'}. Best is trial 1 with value: 0.8.
[I 2025-05-04 17:29:10,014] Trial 7 finished with value: 0.7 and parameters: {'C': 0.053432271255941216, 'penalty': 'l2'}. Best is trial 1 with value: 0.8.
[I 2025-05-04 17:29:10,040] Trial 8 finished with value: 0.8 and parameters: {'C': 0.09634681692624379, 'penalty': 'l2'}. Best is trial 1 with value: 0.8.
[I 2025-05-04 17:29:10,055] Trial 9 finished with value: 0.75 and parameters: {'C': 0.4944059287398678, 'penalty': 'l2'}. Best is trial 1 with value: 0.8.
[I 2025-05-04 17:29:10,087] Trial 10 finished with value: 0.8 and parameters: {'C': 14.885751870331024, 'penalty': 'l2'}. Best is trial 1 with value: 0.8.
[I 2025-05-04 17:29:10,782] Trial 11 finished with value: 0.8 and parameters: {'C': 2.9561547963955586, 'penalty': 'l2'}. Best is trial 1 with value: 0.8.
[I 2025-05-04 17:29:10,814] Trial 12 finished with value: 0.8 and parameters: {'C': 68.54509927653275, 'penalty': 'l2'}. Best is trial 1 with value: 0.8.
[I 2025-05-04 17:29:11,512] Trial 13 finished with value: 0.7 and parameters: {'C': 1.1384537724302424, 'penalty': 'l2'}. Best is trial 1 with value: 0.8.
[I 2025-05-04 17:29:11,534] Trial 14 finished with value: 0.8 and parameters: {'C': 4.490385589021445, 'penalty': 'l2'}. Best is trial 1 with value: 0.8.
[I 2025-05-04 17:29:11,553] Trial 15 finished with value: 0.75 and parameters: {'C': 0.3823626177544597, 'penalty': 'l2'}. Best is trial 1 with value: 0.8.
[I 2025-05-04 17:29:12,188] Trial 16 finished with value: 0.8 and parameters: {'C': 25.424530400130894, 'penalty': 'l2'}. Best is trial 1 with value: 0.8.
[I 2025-05-04 17:29:12,219] Trial 17 finished with value: 0.8 and parameters: {'C': 2.951180544505715, 'penalty': 'l2'}. Best is trial 1 with value: 0.8.
[I 2025-05-04 17:29:12,250] Trial 18 finished with value: 0.75 and parameters: {'C': 0.20006950401476545, 'penalty': 'l2'}. Best is trial 1 with value: 0.8.
[I 2025-05-04 17:29:12,278] Trial 19 finished with value: 0.7 and parameters: {'C': 0.01939529327574571, 'penalty': 'l2'}. Best is trial 1 with value: 0.8.
[I 2025-05-04 17:29:12,936] Trial 20 finished with value: 0.7 and parameters: {'C': 0.9155201635627225, 'penalty': 'l2'}. Best is trial 1 with value: 0.8.
[I 2025-05-04 17:29:12,968] Trial 21 finished with value: 0.8 and parameters: {'C': 12.97862719820217, 'penalty': 'l2'}. Best is trial 1 with value: 0.8.
[I 2025-05-04 17:29:13,609] Trial 22 finished with value: 0.8 and parameters: {'C': 9.531036251587793, 'penalty': 'l2'}. Best is trial 1 with value: 0.8.
[I 2025-05-04 17:29:13,642] Trial 23 finished with value: 0.8 and parameters: {'C': 31.354414668784784, 'penalty': 'l2'}. Best is trial 1 with value: 0.8.
[I 2025-05-04 17:29:13,671] Trial 24 finished with value: 0.7 and parameters: {'C': 1.1158061548390903, 'penalty': 'l2'}. Best is trial 1 with value: 0.8.
[I 2025-05-04 17:29:13,703] Trial 25 finished with value: 0.8 and parameters: {'C': 80.40984665771312, 'penalty': 'l2'}. Best is trial 1 with value: 0.8.
[I 2025-05-04 17:29:13,734] Trial 26 finished with value: 0.7 and parameters: {'C': 0.07585296538252975, 'penalty': 'l2'}. Best is trial 1 with value: 0.8.
[I 2025-05-04 17:29:13,767] Trial 27 finished with value: 0.8 and parameters: {'C': 7.128515327232239, 'penalty': 'l2'}. Best is trial 1 with value: 0.8.
[I 2025-05-04 17:29:13,799] Trial 28 finished with value: 0.8 and parameters: {'C': 1.8479485867220111, 'penalty': 'l2'}. Best is trial 1 with value: 0.8.
[I 2025-05-04 17:29:13,820] Trial 29 finished with value: 0.8 and parameters: {'C': 17.178936351723266, 'penalty': 'l2'}. Best is trial 1 with value: 0.8.
/data/home/rtabares/anaconda3/envs/pyth3.12/lib/python3.12/site-packages/xgboost/core.py:377: FutureWarning: Your system has an old version of glibc (< 2.28). We will stop supporting Linux distros with glibc older than 2.28 after **May 31, 2025**. Please upgrade to a recent Linux distro (with glibc >= 2.28) to use future versions of XGBoost.
Note: You have installed the 'manylinux2014' variant of XGBoost. Certain features such as GPU algorithms or federated learning are not available. To use these features, please upgrade to a recent Linux distro with glibc 2.28+, and install the 'manylinux_2_28' variant.
  warnings.warn(
/data/home/rtabares/anaconda3/envs/pyth3.12/lib/python3.12/site-packages/xgboost/core.py:377: FutureWarning: Your system has an old version of glibc (< 2.28). We will stop supporting Linux distros with glibc older than 2.28 after **May 31, 2025**. Please upgrade to a recent Linux distro (with glibc >= 2.28) to use future versions of XGBoost.
Note: You have installed the 'manylinux2014' variant of XGBoost. Certain features such as GPU algorithms or federated learning are not available. To use these features, please upgrade to a recent Linux distro with glibc 2.28+, and install the 'manylinux_2_28' variant.
  warnings.warn(
[I 2025-05-04 17:29:15,687] A new study created in memory with name: mlp
/data/home/rtabares/anaconda3/envs/pyth3.12/lib/python3.12/site-packages/sklearn/neural_network/_multilayer_perceptron.py:691: ConvergenceWarning: Stochastic Optimizer: Maximum iterations (50) reached and the optimization hasn't converged yet.
  warnings.warn(
/data/home/rtabares/anaconda3/envs/pyth3.12/lib/python3.12/site-packages/sklearn/neural_network/_multilayer_perceptron.py:691: ConvergenceWarning: Stochastic Optimizer: Maximum iterations (50) reached and the optimization hasn't converged yet.
  warnings.warn(
/data/home/rtabares/anaconda3/envs/pyth3.12/lib/python3.12/site-packages/sklearn/neural_network/_multilayer_perceptron.py:691: ConvergenceWarning: Stochastic Optimizer: Maximum iterations (50) reached and the optimization hasn't converged yet.
  warnings.warn(
/data/home/rtabares/anaconda3/envs/pyth3.12/lib/python3.12/site-packages/sklearn/neural_network/_multilayer_perceptron.py:691: ConvergenceWarning: Stochastic Optimizer: Maximum iterations (50) reached and the optimization hasn't converged yet.
  warnings.warn(
/data/home/rtabares/anaconda3/envs/pyth3.12/lib/python3.12/site-packages/sklearn/neural_network/_multilayer_perceptron.py:691: ConvergenceWarning: Stochastic Optimizer: Maximum iterations (50) reached and the optimization hasn't converged yet.
  warnings.warn(
[I 2025-05-04 17:29:16,847] Trial 0 finished with value: 0.55 and parameters: {'hidden_layer_sizes': (200,), 'max_iter': 50, 'alpha': 0.001}. Best is trial 0 with value: 0.55.
Parámetros guardados en checkpoint_shoppers_Doriginal_Roriginal/random/best_models_random_seed_1/logreg_best_params.json


>>> Optuna tuning mlp


[I 2025-05-04 17:29:18,506] Trial 1 finished with value: 0.55 and parameters: {'hidden_layer_sizes': (100, 100), 'max_iter': 100, 'alpha': 0.001}. Best is trial 0 with value: 0.55.
/data/home/rtabares/anaconda3/envs/pyth3.12/lib/python3.12/site-packages/sklearn/neural_network/_multilayer_perceptron.py:691: ConvergenceWarning: Stochastic Optimizer: Maximum iterations (50) reached and the optimization hasn't converged yet.
  warnings.warn(
/data/home/rtabares/anaconda3/envs/pyth3.12/lib/python3.12/site-packages/sklearn/neural_network/_multilayer_perceptron.py:691: ConvergenceWarning: Stochastic Optimizer: Maximum iterations (50) reached and the optimization hasn't converged yet.
  warnings.warn(
/data/home/rtabares/anaconda3/envs/pyth3.12/lib/python3.12/site-packages/sklearn/neural_network/_multilayer_perceptron.py:691: ConvergenceWarning: Stochastic Optimizer: Maximum iterations (50) reached and the optimization hasn't converged yet.
  warnings.warn(
/data/home/rtabares/anaconda3/envs/pyth3.12/lib/python3.12/site-packages/sklearn/neural_network/_multilayer_perceptron.py:691: ConvergenceWarning: Stochastic Optimizer: Maximum iterations (50) reached and the optimization hasn't converged yet.
  warnings.warn(
/data/home/rtabares/anaconda3/envs/pyth3.12/lib/python3.12/site-packages/sklearn/neural_network/_multilayer_perceptron.py:691: ConvergenceWarning: Stochastic Optimizer: Maximum iterations (50) reached and the optimization hasn't converged yet.
  warnings.warn(
[I 2025-05-04 17:29:18,710] Trial 2 finished with value: 0.6 and parameters: {'hidden_layer_sizes': (200,), 'max_iter': 50, 'alpha': 0.001}. Best is trial 2 with value: 0.6.
/data/home/rtabares/anaconda3/envs/pyth3.12/lib/python3.12/site-packages/sklearn/neural_network/_multilayer_perceptron.py:691: ConvergenceWarning: Stochastic Optimizer: Maximum iterations (100) reached and the optimization hasn't converged yet.
  warnings.warn(
/data/home/rtabares/anaconda3/envs/pyth3.12/lib/python3.12/site-packages/sklearn/neural_network/_multilayer_perceptron.py:691: ConvergenceWarning: Stochastic Optimizer: Maximum iterations (100) reached and the optimization hasn't converged yet.
  warnings.warn(
/data/home/rtabares/anaconda3/envs/pyth3.12/lib/python3.12/site-packages/sklearn/neural_network/_multilayer_perceptron.py:691: ConvergenceWarning: Stochastic Optimizer: Maximum iterations (100) reached and the optimization hasn't converged yet.
  warnings.warn(
/data/home/rtabares/anaconda3/envs/pyth3.12/lib/python3.12/site-packages/sklearn/neural_network/_multilayer_perceptron.py:691: ConvergenceWarning: Stochastic Optimizer: Maximum iterations (100) reached and the optimization hasn't converged yet.
  warnings.warn(
/data/home/rtabares/anaconda3/envs/pyth3.12/lib/python3.12/site-packages/sklearn/neural_network/_multilayer_perceptron.py:691: ConvergenceWarning: Stochastic Optimizer: Maximum iterations (100) reached and the optimization hasn't converged yet.
  warnings.warn(
[I 2025-05-04 17:29:18,778] Trial 3 finished with value: 0.5 and parameters: {'hidden_layer_sizes': (100,), 'max_iter': 100, 'alpha': 0.0001}. Best is trial 2 with value: 0.6.
/data/home/rtabares/anaconda3/envs/pyth3.12/lib/python3.12/site-packages/sklearn/neural_network/_multilayer_perceptron.py:691: ConvergenceWarning: Stochastic Optimizer: Maximum iterations (100) reached and the optimization hasn't converged yet.
  warnings.warn(
/data/home/rtabares/anaconda3/envs/pyth3.12/lib/python3.12/site-packages/sklearn/neural_network/_multilayer_perceptron.py:691: ConvergenceWarning: Stochastic Optimizer: Maximum iterations (100) reached and the optimization hasn't converged yet.
  warnings.warn(
/data/home/rtabares/anaconda3/envs/pyth3.12/lib/python3.12/site-packages/sklearn/neural_network/_multilayer_perceptron.py:691: ConvergenceWarning: Stochastic Optimizer: Maximum iterations (100) reached and the optimization hasn't converged yet.
  warnings.warn(
/data/home/rtabares/anaconda3/envs/pyth3.12/lib/python3.12/site-packages/sklearn/neural_network/_multilayer_perceptron.py:691: ConvergenceWarning: Stochastic Optimizer: Maximum iterations (100) reached and the optimization hasn't converged yet.
  warnings.warn(
/data/home/rtabares/anaconda3/envs/pyth3.12/lib/python3.12/site-packages/sklearn/neural_network/_multilayer_perceptron.py:691: ConvergenceWarning: Stochastic Optimizer: Maximum iterations (100) reached and the optimization hasn't converged yet.
  warnings.warn(
[I 2025-05-04 17:29:19,461] Trial 4 finished with value: 0.65 and parameters: {'hidden_layer_sizes': (200,), 'max_iter': 100, 'alpha': 0.001}. Best is trial 4 with value: 0.65.
[I 2025-05-04 17:29:19,547] Trial 5 finished with value: 0.75 and parameters: {'hidden_layer_sizes': (100, 100), 'max_iter': 100, 'alpha': 0.0001}. Best is trial 5 with value: 0.75.
/data/home/rtabares/anaconda3/envs/pyth3.12/lib/python3.12/site-packages/sklearn/neural_network/_multilayer_perceptron.py:691: ConvergenceWarning: Stochastic Optimizer: Maximum iterations (100) reached and the optimization hasn't converged yet.
  warnings.warn(
/data/home/rtabares/anaconda3/envs/pyth3.12/lib/python3.12/site-packages/sklearn/neural_network/_multilayer_perceptron.py:691: ConvergenceWarning: Stochastic Optimizer: Maximum iterations (100) reached and the optimization hasn't converged yet.
  warnings.warn(
/data/home/rtabares/anaconda3/envs/pyth3.12/lib/python3.12/site-packages/sklearn/neural_network/_multilayer_perceptron.py:691: ConvergenceWarning: Stochastic Optimizer: Maximum iterations (100) reached and the optimization hasn't converged yet.
  warnings.warn(
/data/home/rtabares/anaconda3/envs/pyth3.12/lib/python3.12/site-packages/sklearn/neural_network/_multilayer_perceptron.py:691: ConvergenceWarning: Stochastic Optimizer: Maximum iterations (100) reached and the optimization hasn't converged yet.
  warnings.warn(
/data/home/rtabares/anaconda3/envs/pyth3.12/lib/python3.12/site-packages/sklearn/neural_network/_multilayer_perceptron.py:691: ConvergenceWarning: Stochastic Optimizer: Maximum iterations (100) reached and the optimization hasn't converged yet.
  warnings.warn(
[I 2025-05-04 17:29:19,613] Trial 6 finished with value: 0.55 and parameters: {'hidden_layer_sizes': (200,), 'max_iter': 100, 'alpha': 0.0001}. Best is trial 5 with value: 0.75.
