[I 2025-05-07 07:25:46,917] Trial 9 finished with value: 0.7833333333333333 and parameters: {'n_estimators': 40, 'max_depth': 20, 'gamma': 0.968356042433547, 'subsample': 0.831720748909224, 'colsample_bytree': 0.8108478601045609}. Best is trial 2 with value: 0.8333333333333333.
/data/home/rtabares/anaconda3/envs/pyth3.12/lib/python3.12/site-packages/xgboost/core.py:377: FutureWarning: Your system has an old version of glibc (< 2.28). We will stop supporting Linux distros with glibc older than 2.28 after **May 31, 2025**. Please upgrade to a recent Linux distro (with glibc >= 2.28) to use future versions of XGBoost.
Note: You have installed the 'manylinux2014' variant of XGBoost. Certain features such as GPU algorithms or federated learning are not available. To use these features, please upgrade to a recent Linux distro with glibc 2.28+, and install the 'manylinux_2_28' variant.
  warnings.warn(
/data/home/rtabares/anaconda3/envs/pyth3.12/lib/python3.12/site-packages/xgboost/core.py:377: FutureWarning: Your system has an old version of glibc (< 2.28). We will stop supporting Linux distros with glibc older than 2.28 after **May 31, 2025**. Please upgrade to a recent Linux distro (with glibc >= 2.28) to use future versions of XGBoost.
Note: You have installed the 'manylinux2014' variant of XGBoost. Certain features such as GPU algorithms or federated learning are not available. To use these features, please upgrade to a recent Linux distro with glibc 2.28+, and install the 'manylinux_2_28' variant.
  warnings.warn(
/data/home/rtabares/anaconda3/envs/pyth3.12/lib/python3.12/site-packages/xgboost/core.py:377: FutureWarning: Your system has an old version of glibc (< 2.28). We will stop supporting Linux distros with glibc older than 2.28 after **May 31, 2025**. Please upgrade to a recent Linux distro (with glibc >= 2.28) to use future versions of XGBoost.
Note: You have installed the 'manylinux2014' variant of XGBoost. Certain features such as GPU algorithms or federated learning are not available. To use these features, please upgrade to a recent Linux distro with glibc 2.28+, and install the 'manylinux_2_28' variant.
  warnings.warn(
[I 2025-05-07 07:25:46,977] Trial 10 finished with value: 0.8333333333333334 and parameters: {'n_estimators': 10, 'max_depth': 5, 'gamma': 0.9704757537588087, 'subsample': 0.9938280908923741, 'colsample_bytree': 0.5046710975498546}. Best is trial 10 with value: 0.8333333333333334.
/data/home/rtabares/anaconda3/envs/pyth3.12/lib/python3.12/site-packages/xgboost/core.py:377: FutureWarning: Your system has an old version of glibc (< 2.28). We will stop supporting Linux distros with glibc older than 2.28 after **May 31, 2025**. Please upgrade to a recent Linux distro (with glibc >= 2.28) to use future versions of XGBoost.
Note: You have installed the 'manylinux2014' variant of XGBoost. Certain features such as GPU algorithms or federated learning are not available. To use these features, please upgrade to a recent Linux distro with glibc 2.28+, and install the 'manylinux_2_28' variant.
  warnings.warn(
/data/home/rtabares/anaconda3/envs/pyth3.12/lib/python3.12/site-packages/xgboost/core.py:377: FutureWarning: Your system has an old version of glibc (< 2.28). We will stop supporting Linux distros with glibc older than 2.28 after **May 31, 2025**. Please upgrade to a recent Linux distro (with glibc >= 2.28) to use future versions of XGBoost.
Note: You have installed the 'manylinux2014' variant of XGBoost. Certain features such as GPU algorithms or federated learning are not available. To use these features, please upgrade to a recent Linux distro with glibc 2.28+, and install the 'manylinux_2_28' variant.
  warnings.warn(
/data/home/rtabares/anaconda3/envs/pyth3.12/lib/python3.12/site-packages/xgboost/core.py:377: FutureWarning: Your system has an old version of glibc (< 2.28). We will stop supporting Linux distros with glibc older than 2.28 after **May 31, 2025**. Please upgrade to a recent Linux distro (with glibc >= 2.28) to use future versions of XGBoost.
Note: You have installed the 'manylinux2014' variant of XGBoost. Certain features such as GPU algorithms or federated learning are not available. To use these features, please upgrade to a recent Linux distro with glibc 2.28+, and install the 'manylinux_2_28' variant.
  warnings.warn(
[I 2025-05-07 07:25:47,651] Trial 11 finished with value: 0.8500000000000002 and parameters: {'n_estimators': 10, 'max_depth': 5, 'gamma': 0.9940513314914486, 'subsample': 0.9712198644500318, 'colsample_bytree': 0.5049938634281407}. Best is trial 11 with value: 0.8500000000000002.
[I 2025-05-07 07:25:47,699] Trial 12 finished with value: 0.8666666666666666 and parameters: {'n_estimators': 10, 'max_depth': 5, 'gamma': 0.9779467978588985, 'subsample': 0.9976711883486157, 'colsample_bytree': 0.5213191107182594}. Best is trial 12 with value: 0.8666666666666666.
[I 2025-05-07 07:25:47,736] Trial 13 finished with value: 0.8166666666666668 and parameters: {'n_estimators': 10, 'max_depth': 5, 'gamma': 0.4317814611439057, 'subsample': 0.5234076763287766, 'colsample_bytree': 0.6124122375298585}. Best is trial 12 with value: 0.8666666666666666.
/data/home/rtabares/anaconda3/envs/pyth3.12/lib/python3.12/site-packages/xgboost/core.py:377: FutureWarning: Your system has an old version of glibc (< 2.28). We will stop supporting Linux distros with glibc older than 2.28 after **May 31, 2025**. Please upgrade to a recent Linux distro (with glibc >= 2.28) to use future versions of XGBoost.
Note: You have installed the 'manylinux2014' variant of XGBoost. Certain features such as GPU algorithms or federated learning are not available. To use these features, please upgrade to a recent Linux distro with glibc 2.28+, and install the 'manylinux_2_28' variant.
  warnings.warn(
[I 2025-05-07 07:25:48,421] Trial 14 finished with value: 0.8666666666666666 and parameters: {'n_estimators': 10, 'max_depth': 5, 'gamma': 0.8660939171133799, 'subsample': 0.790621005895459, 'colsample_bytree': 0.7213021813426888}. Best is trial 12 with value: 0.8666666666666666.
/data/home/rtabares/anaconda3/envs/pyth3.12/lib/python3.12/site-packages/xgboost/core.py:377: FutureWarning: Your system has an old version of glibc (< 2.28). We will stop supporting Linux distros with glibc older than 2.28 after **May 31, 2025**. Please upgrade to a recent Linux distro (with glibc >= 2.28) to use future versions of XGBoost.
Note: You have installed the 'manylinux2014' variant of XGBoost. Certain features such as GPU algorithms or federated learning are not available. To use these features, please upgrade to a recent Linux distro with glibc 2.28+, and install the 'manylinux_2_28' variant.
  warnings.warn(
/data/home/rtabares/anaconda3/envs/pyth3.12/lib/python3.12/site-packages/xgboost/core.py:377: FutureWarning: Your system has an old version of glibc (< 2.28). We will stop supporting Linux distros with glibc older than 2.28 after **May 31, 2025**. Please upgrade to a recent Linux distro (with glibc >= 2.28) to use future versions of XGBoost.
Note: You have installed the 'manylinux2014' variant of XGBoost. Certain features such as GPU algorithms or federated learning are not available. To use these features, please upgrade to a recent Linux distro with glibc 2.28+, and install the 'manylinux_2_28' variant.
  warnings.warn(
[I 2025-05-07 07:25:49,104] Trial 15 finished with value: 0.8666666666666666 and parameters: {'n_estimators': 10, 'max_depth': 5, 'gamma': 0.8334137021529419, 'subsample': 0.78106600470908, 'colsample_bytree': 0.7230176068946502}. Best is trial 12 with value: 0.8666666666666666.
/data/home/rtabares/anaconda3/envs/pyth3.12/lib/python3.12/site-packages/xgboost/core.py:377: FutureWarning: Your system has an old version of glibc (< 2.28). We will stop supporting Linux distros with glibc older than 2.28 after **May 31, 2025**. Please upgrade to a recent Linux distro (with glibc >= 2.28) to use future versions of XGBoost.
Note: You have installed the 'manylinux2014' variant of XGBoost. Certain features such as GPU algorithms or federated learning are not available. To use these features, please upgrade to a recent Linux distro with glibc 2.28+, and install the 'manylinux_2_28' variant.
  warnings.warn(
[I 2025-05-07 07:25:49,757] Trial 16 finished with value: 0.85 and parameters: {'n_estimators': 10, 'max_depth': 5, 'gamma': 0.8471364981058405, 'subsample': 0.7732795449421657, 'colsample_bytree': 0.8792066807781976}. Best is trial 12 with value: 0.8666666666666666.
[I 2025-05-07 07:25:49,801] Trial 17 finished with value: 0.85 and parameters: {'n_estimators': 10, 'max_depth': 5, 'gamma': 0.4597028916076701, 'subsample': 0.6158854073405786, 'colsample_bytree': 0.999137622616628}. Best is trial 12 with value: 0.8666666666666666.
[I 2025-05-07 07:25:49,840] Trial 18 finished with value: 0.8166666666666668 and parameters: {'n_estimators': 10, 'max_depth': 5, 'gamma': 0.904901965378836, 'subsample': 0.8943291174235, 'colsample_bytree': 0.6969350969615238}. Best is trial 12 with value: 0.8666666666666666.
[I 2025-05-07 07:25:49,879] Trial 19 finished with value: 0.8166666666666668 and parameters: {'n_estimators': 10, 'max_depth': 30, 'gamma': 0.7540004143550328, 'subsample': 0.5155402670854945, 'colsample_bytree': 0.7539403771786918}. Best is trial 12 with value: 0.8666666666666666.
[I 2025-05-07 07:25:49,917] Trial 20 finished with value: 0.85 and parameters: {'n_estimators': 10, 'max_depth': 5, 'gamma': 0.6362414932335054, 'subsample': 0.7975711196666502, 'colsample_bytree': 0.8887148142078876}. Best is trial 12 with value: 0.8666666666666666.
[I 2025-05-07 07:25:49,956] Trial 21 finished with value: 0.8666666666666668 and parameters: {'n_estimators': 10, 'max_depth': 5, 'gamma': 0.8299388411206465, 'subsample': 0.7601551808666198, 'colsample_bytree': 0.6943331862374109}. Best is trial 21 with value: 0.8666666666666668.
[I 2025-05-07 07:25:49,993] Trial 22 finished with value: 0.8500000000000002 and parameters: {'n_estimators': 10, 'max_depth': 5, 'gamma': 0.8907907444150868, 'subsample': 0.7373310048896551, 'colsample_bytree': 0.6643797560506978}. Best is trial 21 with value: 0.8666666666666668.
[I 2025-05-07 07:25:50,043] Trial 23 finished with value: 0.8333333333333333 and parameters: {'n_estimators': 10, 'max_depth': 5, 'gamma': 0.8056467382509873, 'subsample': 0.6515475578319266, 'colsample_bytree': 0.5987611169491275}. Best is trial 21 with value: 0.8666666666666668.
[I 2025-05-07 07:25:50,081] Trial 24 finished with value: 0.85 and parameters: {'n_estimators': 10, 'max_depth': 5, 'gamma': 0.9084434000276688, 'subsample': 0.8151511722919421, 'colsample_bytree': 0.7922488275157438}. Best is trial 21 with value: 0.8666666666666668.
[I 2025-05-07 07:25:50,120] Trial 25 finished with value: 0.8666666666666666 and parameters: {'n_estimators': 10, 'max_depth': 5, 'gamma': 0.9911339497927474, 'subsample': 0.9061280195543239, 'colsample_bytree': 0.7225901453563798}. Best is trial 21 with value: 0.8666666666666668.
[I 2025-05-07 07:25:50,161] Trial 26 finished with value: 0.8666666666666668 and parameters: {'n_estimators': 10, 'max_depth': 5, 'gamma': 0.11071779735683374, 'subsample': 0.7472421283609083, 'colsample_bytree': 0.666605790053949}. Best is trial 21 with value: 0.8666666666666668.
[I 2025-05-07 07:25:50,200] Trial 27 finished with value: 0.8333333333333334 and parameters: {'n_estimators': 10, 'max_depth': 5, 'gamma': 0.12116066033938591, 'subsample': 0.7402684396496858, 'colsample_bytree': 0.5883305030643926}. Best is trial 21 with value: 0.8666666666666668.
[I 2025-05-07 07:25:50,250] Trial 28 finished with value: 0.8333333333333334 and parameters: {'n_estimators': 10, 'max_depth': 30, 'gamma': 0.495639820136574, 'subsample': 0.5582766842531401, 'colsample_bytree': 0.6441913253353854}. Best is trial 21 with value: 0.8666666666666668.
[I 2025-05-07 07:25:50,289] Trial 29 finished with value: 0.8666666666666668 and parameters: {'n_estimators': 10, 'max_depth': 20, 'gamma': 0.3282549901864451, 'subsample': 0.6839682159427781, 'colsample_bytree': 0.6866197905887489}. Best is trial 21 with value: 0.8666666666666668.
[I 2025-05-07 07:25:53,895] A new study created in memory with name: rf
Parámetros guardados en checkpoint_shoppers_Doriginal_Roriginal_C/random/IPC_30/best_models_random_seed_1_space_original/xgb_best_params.json


>>> Optuna tuning rf metodo random IPC 30 seed 1


[I 2025-05-07 07:25:55,259] Trial 0 finished with value: 0.7666666666666667 and parameters: {'n_estimators': 267, 'max_depth': 15, 'min_samples_split': 2, 'min_samples_leaf': 4}. Best is trial 0 with value: 0.7666666666666667.
[I 2025-05-07 07:25:55,507] Trial 1 finished with value: 0.7833333333333333 and parameters: {'n_estimators': 158, 'max_depth': 4, 'min_samples_split': 3, 'min_samples_leaf': 4}. Best is trial 1 with value: 0.7833333333333333.
[I 2025-05-07 07:25:55,818] Trial 2 finished with value: 0.8 and parameters: {'n_estimators': 259, 'max_depth': 12, 'min_samples_split': 5, 'min_samples_leaf': 7}. Best is trial 2 with value: 0.8.
[I 2025-05-07 07:25:56,076] Trial 3 finished with value: 0.7833333333333334 and parameters: {'n_estimators': 181, 'max_depth': 18, 'min_samples_split': 2, 'min_samples_leaf': 7}. Best is trial 2 with value: 0.8.
[I 2025-05-07 07:25:56,428] Trial 4 finished with value: 0.8166666666666667 and parameters: {'n_estimators': 267, 'max_depth': 13, 'min_samples_split': 3, 'min_samples_leaf': 2}. Best is trial 4 with value: 0.8166666666666667.
[I 2025-05-07 07:25:56,922] Trial 5 finished with value: 0.8 and parameters: {'n_estimators': 421, 'max_depth': 20, 'min_samples_split': 4, 'min_samples_leaf': 7}. Best is trial 4 with value: 0.8166666666666667.
[I 2025-05-07 07:25:57,486] Trial 6 finished with value: 0.8 and parameters: {'n_estimators': 451, 'max_depth': 19, 'min_samples_split': 2, 'min_samples_leaf': 1}. Best is trial 4 with value: 0.8166666666666667.
[I 2025-05-07 07:25:57,745] Trial 7 finished with value: 0.7666666666666667 and parameters: {'n_estimators': 168, 'max_depth': 18, 'min_samples_split': 2, 'min_samples_leaf': 5}. Best is trial 4 with value: 0.8166666666666667.
[I 2025-05-07 07:25:58,266] Trial 8 finished with value: 0.7833333333333334 and parameters: {'n_estimators': 484, 'max_depth': 12, 'min_samples_split': 8, 'min_samples_leaf': 4}. Best is trial 4 with value: 0.8166666666666667.
[I 2025-05-07 07:25:58,727] Trial 9 finished with value: 0.8 and parameters: {'n_estimators': 375, 'max_depth': 18, 'min_samples_split': 2, 'min_samples_leaf': 8}. Best is trial 4 with value: 0.8166666666666667.
[I 2025-05-07 07:25:59,185] Trial 10 finished with value: 0.8 and parameters: {'n_estimators': 336, 'max_depth': 6, 'min_samples_split': 7, 'min_samples_leaf': 1}. Best is trial 4 with value: 0.8166666666666667.
[I 2025-05-07 07:26:00,146] Trial 11 finished with value: 0.8166666666666668 and parameters: {'n_estimators': 262, 'max_depth': 10, 'min_samples_split': 5, 'min_samples_leaf': 10}. Best is trial 11 with value: 0.8166666666666668.
[I 2025-05-07 07:26:01,080] Trial 12 finished with value: 0.8500000000000002 and parameters: {'n_estimators': 239, 'max_depth': 8, 'min_samples_split': 10, 'min_samples_leaf': 10}. Best is trial 12 with value: 0.8500000000000002.
[I 2025-05-07 07:26:02,021] Trial 13 finished with value: 0.7833333333333334 and parameters: {'n_estimators': 224, 'max_depth': 8, 'min_samples_split': 9, 'min_samples_leaf': 10}. Best is trial 12 with value: 0.8500000000000002.
[I 2025-05-07 07:26:02,213] Trial 14 finished with value: 0.8 and parameters: {'n_estimators': 105, 'max_depth': 9, 'min_samples_split': 10, 'min_samples_leaf': 10}. Best is trial 12 with value: 0.8500000000000002.
[I 2025-05-07 07:26:02,641] Trial 15 finished with value: 0.8166666666666667 and parameters: {'n_estimators': 328, 'max_depth': 9, 'min_samples_split': 6, 'min_samples_leaf': 9}. Best is trial 12 with value: 0.8500000000000002.
[I 2025-05-07 07:26:02,914] Trial 16 finished with value: 0.8333333333333334 and parameters: {'n_estimators': 220, 'max_depth': 3, 'min_samples_split': 6, 'min_samples_leaf': 9}. Best is trial 12 with value: 0.8500000000000002.
[I 2025-05-07 07:26:03,168] Trial 17 finished with value: 0.8 and parameters: {'n_estimators': 215, 'max_depth': 3, 'min_samples_split': 7, 'min_samples_leaf': 8}. Best is trial 12 with value: 0.8500000000000002.
[I 2025-05-07 07:26:03,340] Trial 18 finished with value: 0.8166666666666667 and parameters: {'n_estimators': 130, 'max_depth': 6, 'min_samples_split': 10, 'min_samples_leaf': 9}. Best is trial 12 with value: 0.8500000000000002.
[I 2025-05-07 07:26:03,603] Trial 19 finished with value: 0.8333333333333334 and parameters: {'n_estimators': 202, 'max_depth': 6, 'min_samples_split': 8, 'min_samples_leaf': 6}. Best is trial 12 with value: 0.8500000000000002.
[I 2025-05-07 07:26:03,968] Trial 20 finished with value: 0.8166666666666667 and parameters: {'n_estimators': 312, 'max_depth': 4, 'min_samples_split': 6, 'min_samples_leaf': 9}. Best is trial 12 with value: 0.8500000000000002.
[I 2025-05-07 07:26:04,254] Trial 21 finished with value: 0.8166666666666667 and parameters: {'n_estimators': 212, 'max_depth': 6, 'min_samples_split': 9, 'min_samples_leaf': 6}. Best is trial 12 with value: 0.8500000000000002.
[I 2025-05-07 07:26:04,495] Trial 22 finished with value: 0.8166666666666667 and parameters: {'n_estimators': 201, 'max_depth': 7, 'min_samples_split': 8, 'min_samples_leaf': 8}. Best is trial 12 with value: 0.8500000000000002.
[I 2025-05-07 07:26:04,808] Trial 23 finished with value: 0.8 and parameters: {'n_estimators': 234, 'max_depth': 3, 'min_samples_split': 9, 'min_samples_leaf': 6}. Best is trial 12 with value: 0.8500000000000002.
[I 2025-05-07 07:26:05,011] Trial 24 finished with value: 0.85 and parameters: {'n_estimators': 143, 'max_depth': 5, 'min_samples_split': 8, 'min_samples_leaf': 9}. Best is trial 12 with value: 0.8500000000000002.
[I 2025-05-07 07:26:05,235] Trial 25 finished with value: 0.8333333333333334 and parameters: {'n_estimators': 134, 'max_depth': 5, 'min_samples_split': 7, 'min_samples_leaf': 9}. Best is trial 12 with value: 0.8500000000000002.
[I 2025-05-07 07:26:05,440] Trial 26 finished with value: 0.8500000000000002 and parameters: {'n_estimators': 147, 'max_depth': 8, 'min_samples_split': 10, 'min_samples_leaf': 10}. Best is trial 12 with value: 0.8500000000000002.
[I 2025-05-07 07:26:05,625] Trial 27 finished with value: 0.85 and parameters: {'n_estimators': 109, 'max_depth': 8, 'min_samples_split': 10, 'min_samples_leaf': 10}. Best is trial 12 with value: 0.8500000000000002.
[I 2025-05-07 07:26:05,816] Trial 28 finished with value: 0.8 and parameters: {'n_estimators': 145, 'max_depth': 10, 'min_samples_split': 9, 'min_samples_leaf': 10}. Best is trial 12 with value: 0.8500000000000002.
[I 2025-05-07 07:26:06,030] Trial 29 finished with value: 0.8333333333333334 and parameters: {'n_estimators': 181, 'max_depth': 14, 'min_samples_split': 10, 'min_samples_leaf': 8}. Best is trial 12 with value: 0.8500000000000002.
[I 2025-05-07 07:26:09,501] A new study created in memory with name: svc
Parámetros guardados en checkpoint_shoppers_Doriginal_Roriginal_C/random/IPC_30/best_models_random_seed_1_space_original/rf_best_params.json


>>> Optuna tuning svc metodo random IPC 30 seed 1


[I 2025-05-07 07:26:11,362] Trial 0 finished with value: 0.75 and parameters: {'C': 0.4656804637919569, 'gamma': 0.07608481233714794}. Best is trial 0 with value: 0.75.
[I 2025-05-07 07:26:11,453] Trial 1 finished with value: 0.75 and parameters: {'C': 0.010010539860510492, 'gamma': 0.0016193110912440748}. Best is trial 0 with value: 0.75.
[I 2025-05-07 07:26:11,481] Trial 2 finished with value: 0.75 and parameters: {'C': 0.03863879405158731, 'gamma': 0.00023407464805767542}. Best is trial 0 with value: 0.75.
[I 2025-05-07 07:26:11,506] Trial 3 finished with value: 0.75 and parameters: {'C': 0.0555956542671257, 'gamma': 0.002411253706147574}. Best is trial 0 with value: 0.75.
[I 2025-05-07 07:26:11,522] Trial 4 finished with value: 0.7166666666666666 and parameters: {'C': 0.3864291653552654, 'gamma': 0.014297724879798395}. Best is trial 0 with value: 0.75.
[I 2025-05-07 07:26:11,548] Trial 5 finished with value: 0.75 and parameters: {'C': 0.47509237210306143, 'gamma': 0.05506529897945987}. Best is trial 0 with value: 0.75.
[I 2025-05-07 07:26:11,575] Trial 6 finished with value: 0.7 and parameters: {'C': 0.06573686655138336, 'gamma': 0.3254391115088485}. Best is trial 0 with value: 0.75.
[I 2025-05-07 07:26:11,607] Trial 7 finished with value: 0.7666666666666666 and parameters: {'C': 0.01286916510781503, 'gamma': 0.04806954824961596}. Best is trial 7 with value: 0.7666666666666666.
[I 2025-05-07 07:26:11,622] Trial 8 finished with value: 0.7833333333333334 and parameters: {'C': 0.4668949853708895, 'gamma': 0.017169565852473867}. Best is trial 8 with value: 0.7833333333333334.
[I 2025-05-07 07:26:11,637] Trial 9 finished with value: 0.75 and parameters: {'C': 0.03643743139281253, 'gamma': 0.0006200203677164723}. Best is trial 8 with value: 0.7833333333333334.
[I 2025-05-07 07:26:11,659] Trial 10 finished with value: 0.6833333333333333 and parameters: {'C': 35.745293136206676, 'gamma': 0.6068842639005574}. Best is trial 8 with value: 0.7833333333333334.
[I 2025-05-07 07:26:12,319] Trial 11 finished with value: 0.75 and parameters: {'C': 9.075614031903914, 'gamma': 0.013453053210223102}. Best is trial 8 with value: 0.7833333333333334.
[I 2025-05-07 07:26:12,978] Trial 12 finished with value: 0.6999999999999998 and parameters: {'C': 2.40491685617932, 'gamma': 0.08709167489109801}. Best is trial 8 with value: 0.7833333333333334.
[I 2025-05-07 07:26:13,012] Trial 13 finished with value: 0.7333333333333334 and parameters: {'C': 2.036841528696257, 'gamma': 0.0059817942281263844}. Best is trial 8 with value: 0.7833333333333334.
