[I 2025-05-07 04:22:48,757] Trial 6 finished with value: 0.55 and parameters: {'n_estimators': 100, 'max_depth': 20, 'gamma': 0.6361752212866232, 'subsample': 0.8309913561372338, 'colsample_bytree': 0.7552902276266351}. Best is trial 4 with value: 0.7.
/data/home/rtabares/anaconda3/envs/pyth3.12/lib/python3.12/site-packages/xgboost/core.py:377: FutureWarning: Your system has an old version of glibc (< 2.28). We will stop supporting Linux distros with glibc older than 2.28 after **May 31, 2025**. Please upgrade to a recent Linux distro (with glibc >= 2.28) to use future versions of XGBoost.
Note: You have installed the 'manylinux2014' variant of XGBoost. Certain features such as GPU algorithms or federated learning are not available. To use these features, please upgrade to a recent Linux distro with glibc 2.28+, and install the 'manylinux_2_28' variant.
  warnings.warn(
/data/home/rtabares/anaconda3/envs/pyth3.12/lib/python3.12/site-packages/xgboost/core.py:377: FutureWarning: Your system has an old version of glibc (< 2.28). We will stop supporting Linux distros with glibc older than 2.28 after **May 31, 2025**. Please upgrade to a recent Linux distro (with glibc >= 2.28) to use future versions of XGBoost.
Note: You have installed the 'manylinux2014' variant of XGBoost. Certain features such as GPU algorithms or federated learning are not available. To use these features, please upgrade to a recent Linux distro with glibc 2.28+, and install the 'manylinux_2_28' variant.
  warnings.warn(
/data/home/rtabares/anaconda3/envs/pyth3.12/lib/python3.12/site-packages/xgboost/core.py:377: FutureWarning: Your system has an old version of glibc (< 2.28). We will stop supporting Linux distros with glibc older than 2.28 after **May 31, 2025**. Please upgrade to a recent Linux distro (with glibc >= 2.28) to use future versions of XGBoost.
Note: You have installed the 'manylinux2014' variant of XGBoost. Certain features such as GPU algorithms or federated learning are not available. To use these features, please upgrade to a recent Linux distro with glibc 2.28+, and install the 'manylinux_2_28' variant.
  warnings.warn(
/data/home/rtabares/anaconda3/envs/pyth3.12/lib/python3.12/site-packages/xgboost/core.py:377: FutureWarning: Your system has an old version of glibc (< 2.28). We will stop supporting Linux distros with glibc older than 2.28 after **May 31, 2025**. Please upgrade to a recent Linux distro (with glibc >= 2.28) to use future versions of XGBoost.
Note: You have installed the 'manylinux2014' variant of XGBoost. Certain features such as GPU algorithms or federated learning are not available. To use these features, please upgrade to a recent Linux distro with glibc 2.28+, and install the 'manylinux_2_28' variant.
  warnings.warn(
[I 2025-05-07 04:22:48,805] Trial 7 finished with value: 0.6 and parameters: {'n_estimators': 10, 'max_depth': 5, 'gamma': 0.5767347850317142, 'subsample': 0.7995431264700696, 'colsample_bytree': 0.8604622333437917}. Best is trial 4 with value: 0.7.
/data/home/rtabares/anaconda3/envs/pyth3.12/lib/python3.12/site-packages/xgboost/core.py:377: FutureWarning: Your system has an old version of glibc (< 2.28). We will stop supporting Linux distros with glibc older than 2.28 after **May 31, 2025**. Please upgrade to a recent Linux distro (with glibc >= 2.28) to use future versions of XGBoost.
Note: You have installed the 'manylinux2014' variant of XGBoost. Certain features such as GPU algorithms or federated learning are not available. To use these features, please upgrade to a recent Linux distro with glibc 2.28+, and install the 'manylinux_2_28' variant.
  warnings.warn(
/data/home/rtabares/anaconda3/envs/pyth3.12/lib/python3.12/site-packages/xgboost/core.py:377: FutureWarning: Your system has an old version of glibc (< 2.28). We will stop supporting Linux distros with glibc older than 2.28 after **May 31, 2025**. Please upgrade to a recent Linux distro (with glibc >= 2.28) to use future versions of XGBoost.
Note: You have installed the 'manylinux2014' variant of XGBoost. Certain features such as GPU algorithms or federated learning are not available. To use these features, please upgrade to a recent Linux distro with glibc 2.28+, and install the 'manylinux_2_28' variant.
  warnings.warn(
[I 2025-05-07 04:22:48,863] Trial 8 finished with value: 0.5 and parameters: {'n_estimators': 100, 'max_depth': 20, 'gamma': 0.8470554948938058, 'subsample': 0.860339005739911, 'colsample_bytree': 0.9331308414408237}. Best is trial 4 with value: 0.7.
/data/home/rtabares/anaconda3/envs/pyth3.12/lib/python3.12/site-packages/xgboost/core.py:377: FutureWarning: Your system has an old version of glibc (< 2.28). We will stop supporting Linux distros with glibc older than 2.28 after **May 31, 2025**. Please upgrade to a recent Linux distro (with glibc >= 2.28) to use future versions of XGBoost.
Note: You have installed the 'manylinux2014' variant of XGBoost. Certain features such as GPU algorithms or federated learning are not available. To use these features, please upgrade to a recent Linux distro with glibc 2.28+, and install the 'manylinux_2_28' variant.
  warnings.warn(
/data/home/rtabares/anaconda3/envs/pyth3.12/lib/python3.12/site-packages/xgboost/core.py:377: FutureWarning: Your system has an old version of glibc (< 2.28). We will stop supporting Linux distros with glibc older than 2.28 after **May 31, 2025**. Please upgrade to a recent Linux distro (with glibc >= 2.28) to use future versions of XGBoost.
Note: You have installed the 'manylinux2014' variant of XGBoost. Certain features such as GPU algorithms or federated learning are not available. To use these features, please upgrade to a recent Linux distro with glibc 2.28+, and install the 'manylinux_2_28' variant.
  warnings.warn(
/data/home/rtabares/anaconda3/envs/pyth3.12/lib/python3.12/site-packages/xgboost/core.py:377: FutureWarning: Your system has an old version of glibc (< 2.28). We will stop supporting Linux distros with glibc older than 2.28 after **May 31, 2025**. Please upgrade to a recent Linux distro (with glibc >= 2.28) to use future versions of XGBoost.
Note: You have installed the 'manylinux2014' variant of XGBoost. Certain features such as GPU algorithms or federated learning are not available. To use these features, please upgrade to a recent Linux distro with glibc 2.28+, and install the 'manylinux_2_28' variant.
  warnings.warn(
[I 2025-05-07 04:22:48,922] Trial 9 finished with value: 0.55 and parameters: {'n_estimators': 100, 'max_depth': 30, 'gamma': 0.574951454577921, 'subsample': 0.9696020680119358, 'colsample_bytree': 0.8616917074936369}. Best is trial 4 with value: 0.7.
/data/home/rtabares/anaconda3/envs/pyth3.12/lib/python3.12/site-packages/xgboost/core.py:377: FutureWarning: Your system has an old version of glibc (< 2.28). We will stop supporting Linux distros with glibc older than 2.28 after **May 31, 2025**. Please upgrade to a recent Linux distro (with glibc >= 2.28) to use future versions of XGBoost.
Note: You have installed the 'manylinux2014' variant of XGBoost. Certain features such as GPU algorithms or federated learning are not available. To use these features, please upgrade to a recent Linux distro with glibc 2.28+, and install the 'manylinux_2_28' variant.
  warnings.warn(
/data/home/rtabares/anaconda3/envs/pyth3.12/lib/python3.12/site-packages/xgboost/core.py:377: FutureWarning: Your system has an old version of glibc (< 2.28). We will stop supporting Linux distros with glibc older than 2.28 after **May 31, 2025**. Please upgrade to a recent Linux distro (with glibc >= 2.28) to use future versions of XGBoost.
Note: You have installed the 'manylinux2014' variant of XGBoost. Certain features such as GPU algorithms or federated learning are not available. To use these features, please upgrade to a recent Linux distro with glibc 2.28+, and install the 'manylinux_2_28' variant.
  warnings.warn(
[I 2025-05-07 04:22:48,983] Trial 10 finished with value: 0.7 and parameters: {'n_estimators': 100, 'max_depth': 5, 'gamma': 0.9179885929878968, 'subsample': 0.5176511219374095, 'colsample_bytree': 0.525322130410742}. Best is trial 4 with value: 0.7.
/data/home/rtabares/anaconda3/envs/pyth3.12/lib/python3.12/site-packages/xgboost/core.py:377: FutureWarning: Your system has an old version of glibc (< 2.28). We will stop supporting Linux distros with glibc older than 2.28 after **May 31, 2025**. Please upgrade to a recent Linux distro (with glibc >= 2.28) to use future versions of XGBoost.
Note: You have installed the 'manylinux2014' variant of XGBoost. Certain features such as GPU algorithms or federated learning are not available. To use these features, please upgrade to a recent Linux distro with glibc 2.28+, and install the 'manylinux_2_28' variant.
  warnings.warn(
/data/home/rtabares/anaconda3/envs/pyth3.12/lib/python3.12/site-packages/xgboost/core.py:377: FutureWarning: Your system has an old version of glibc (< 2.28). We will stop supporting Linux distros with glibc older than 2.28 after **May 31, 2025**. Please upgrade to a recent Linux distro (with glibc >= 2.28) to use future versions of XGBoost.
Note: You have installed the 'manylinux2014' variant of XGBoost. Certain features such as GPU algorithms or federated learning are not available. To use these features, please upgrade to a recent Linux distro with glibc 2.28+, and install the 'manylinux_2_28' variant.
  warnings.warn(
[I 2025-05-07 04:22:49,659] Trial 11 finished with value: 0.65 and parameters: {'n_estimators': 100, 'max_depth': 5, 'gamma': 0.9894607367239925, 'subsample': 0.5005044321862977, 'colsample_bytree': 0.5003255289404342}. Best is trial 4 with value: 0.7.
/data/home/rtabares/anaconda3/envs/pyth3.12/lib/python3.12/site-packages/xgboost/core.py:377: FutureWarning: Your system has an old version of glibc (< 2.28). We will stop supporting Linux distros with glibc older than 2.28 after **May 31, 2025**. Please upgrade to a recent Linux distro (with glibc >= 2.28) to use future versions of XGBoost.
Note: You have installed the 'manylinux2014' variant of XGBoost. Certain features such as GPU algorithms or federated learning are not available. To use these features, please upgrade to a recent Linux distro with glibc 2.28+, and install the 'manylinux_2_28' variant.
  warnings.warn(
[I 2025-05-07 04:22:50,354] Trial 12 finished with value: 0.65 and parameters: {'n_estimators': 100, 'max_depth': 5, 'gamma': 0.9738892144312379, 'subsample': 0.505037119704492, 'colsample_bytree': 0.5941473469279865}. Best is trial 4 with value: 0.7.
[I 2025-05-07 04:22:50,403] Trial 13 finished with value: 0.65 and parameters: {'n_estimators': 100, 'max_depth': 5, 'gamma': 0.8071391366146263, 'subsample': 0.5629356082644086, 'colsample_bytree': 0.5026160421659767}. Best is trial 4 with value: 0.7.
[I 2025-05-07 04:22:50,453] Trial 14 finished with value: 0.6 and parameters: {'n_estimators': 100, 'max_depth': 30, 'gamma': 0.355001213837357, 'subsample': 0.6875413359714531, 'colsample_bytree': 0.8224616563432312}. Best is trial 4 with value: 0.7.
[I 2025-05-07 04:22:50,493] Trial 15 finished with value: 0.85 and parameters: {'n_estimators': 10, 'max_depth': 5, 'gamma': 0.8753653133163469, 'subsample': 0.5504953474771993, 'colsample_bytree': 0.6415557347917157}. Best is trial 15 with value: 0.85.
/data/home/rtabares/anaconda3/envs/pyth3.12/lib/python3.12/site-packages/xgboost/core.py:377: FutureWarning: Your system has an old version of glibc (< 2.28). We will stop supporting Linux distros with glibc older than 2.28 after **May 31, 2025**. Please upgrade to a recent Linux distro (with glibc >= 2.28) to use future versions of XGBoost.
Note: You have installed the 'manylinux2014' variant of XGBoost. Certain features such as GPU algorithms or federated learning are not available. To use these features, please upgrade to a recent Linux distro with glibc 2.28+, and install the 'manylinux_2_28' variant.
  warnings.warn(
/data/home/rtabares/anaconda3/envs/pyth3.12/lib/python3.12/site-packages/xgboost/core.py:377: FutureWarning: Your system has an old version of glibc (< 2.28). We will stop supporting Linux distros with glibc older than 2.28 after **May 31, 2025**. Please upgrade to a recent Linux distro (with glibc >= 2.28) to use future versions of XGBoost.
Note: You have installed the 'manylinux2014' variant of XGBoost. Certain features such as GPU algorithms or federated learning are not available. To use these features, please upgrade to a recent Linux distro with glibc 2.28+, and install the 'manylinux_2_28' variant.
  warnings.warn(
[I 2025-05-07 04:22:51,150] Trial 16 finished with value: 0.8 and parameters: {'n_estimators': 10, 'max_depth': 5, 'gamma': 0.7632912135406903, 'subsample': 0.7416036661413565, 'colsample_bytree': 0.6627087811865212}. Best is trial 15 with value: 0.85.
/data/home/rtabares/anaconda3/envs/pyth3.12/lib/python3.12/site-packages/xgboost/core.py:377: FutureWarning: Your system has an old version of glibc (< 2.28). We will stop supporting Linux distros with glibc older than 2.28 after **May 31, 2025**. Please upgrade to a recent Linux distro (with glibc >= 2.28) to use future versions of XGBoost.
Note: You have installed the 'manylinux2014' variant of XGBoost. Certain features such as GPU algorithms or federated learning are not available. To use these features, please upgrade to a recent Linux distro with glibc 2.28+, and install the 'manylinux_2_28' variant.
  warnings.warn(
[I 2025-05-07 04:22:51,796] Trial 17 finished with value: 0.65 and parameters: {'n_estimators': 10, 'max_depth': 5, 'gamma': 0.7133350354831405, 'subsample': 0.7521435197740722, 'colsample_bytree': 0.6239062352835753}. Best is trial 15 with value: 0.85.
[I 2025-05-07 04:22:51,834] Trial 18 finished with value: 0.55 and parameters: {'n_estimators': 10, 'max_depth': 30, 'gamma': 0.7283988037431359, 'subsample': 0.8902649886973554, 'colsample_bytree': 0.6665006935058617}. Best is trial 15 with value: 0.85.
[I 2025-05-07 04:22:51,873] Trial 19 finished with value: 0.65 and parameters: {'n_estimators': 10, 'max_depth': 20, 'gamma': 0.8927425245202125, 'subsample': 0.7543042115549543, 'colsample_bytree': 0.5794202711104519}. Best is trial 15 with value: 0.85.
[I 2025-05-07 04:22:51,920] Trial 20 finished with value: 0.55 and parameters: {'n_estimators': 10, 'max_depth': 5, 'gamma': 0.2943463068072599, 'subsample': 0.9108953672930721, 'colsample_bytree': 0.643998818588212}. Best is trial 15 with value: 0.85.
[I 2025-05-07 04:22:51,959] Trial 21 finished with value: 0.85 and parameters: {'n_estimators': 10, 'max_depth': 5, 'gamma': 0.7691194466074424, 'subsample': 0.5599746348246193, 'colsample_bytree': 0.7044840430105229}. Best is trial 15 with value: 0.85.
[I 2025-05-07 04:22:52,000] Trial 22 finished with value: 0.8 and parameters: {'n_estimators': 10, 'max_depth': 5, 'gamma': 0.7411289844182922, 'subsample': 0.5653365477888596, 'colsample_bytree': 0.714521990863799}. Best is trial 15 with value: 0.85.
[I 2025-05-07 04:22:52,038] Trial 23 finished with value: 0.5 and parameters: {'n_estimators': 10, 'max_depth': 5, 'gamma': 0.8762661103610667, 'subsample': 0.681250473046824, 'colsample_bytree': 0.802021951011521}. Best is trial 15 with value: 0.85.
[I 2025-05-07 04:22:52,078] Trial 24 finished with value: 0.8 and parameters: {'n_estimators': 10, 'max_depth': 5, 'gamma': 0.6428879693608037, 'subsample': 0.5649306093592215, 'colsample_bytree': 0.686708471060246}. Best is trial 15 with value: 0.85.
[I 2025-05-07 04:22:52,126] Trial 25 finished with value: 0.65 and parameters: {'n_estimators': 10, 'max_depth': 5, 'gamma': 0.9371604390238892, 'subsample': 0.6334701088231371, 'colsample_bytree': 0.6097477775209111}. Best is trial 15 with value: 0.85.
[I 2025-05-07 04:22:52,165] Trial 26 finished with value: 0.75 and parameters: {'n_estimators': 10, 'max_depth': 5, 'gamma': 0.773753326333257, 'subsample': 0.7190535050225881, 'colsample_bytree': 0.5493144598429078}. Best is trial 15 with value: 0.85.
[I 2025-05-07 04:22:52,204] Trial 27 finished with value: 0.65 and parameters: {'n_estimators': 10, 'max_depth': 5, 'gamma': 0.6766242013039887, 'subsample': 0.7971130644249524, 'colsample_bytree': 0.7878563503327862}. Best is trial 15 with value: 0.85.
[I 2025-05-07 04:22:52,244] Trial 28 finished with value: 0.65 and parameters: {'n_estimators': 10, 'max_depth': 20, 'gamma': 0.497163969908404, 'subsample': 0.5946093574648182, 'colsample_bytree': 0.6282735729466215}. Best is trial 15 with value: 0.85.
[I 2025-05-07 04:22:52,283] Trial 29 finished with value: 0.75 and parameters: {'n_estimators': 40, 'max_depth': 30, 'gamma': 0.8659122529971482, 'subsample': 0.6648871133093188, 'colsample_bytree': 0.7601662614184044}. Best is trial 15 with value: 0.85.
[I 2025-05-07 04:22:55,767] A new study created in memory with name: rf
Parámetros guardados en checkpoint_shoppers_Doriginal_Roriginal_B/k_center/IPC_10/best_models_k_center_seed_8_space_original/xgb_best_params.json


>>> Optuna tuning rf metodo k_center IPC 10 seed 8


[I 2025-05-07 04:22:57,407] Trial 0 finished with value: 0.6 and parameters: {'n_estimators': 450, 'max_depth': 20, 'min_samples_split': 9, 'min_samples_leaf': 6}. Best is trial 0 with value: 0.6.
[I 2025-05-07 04:22:57,679] Trial 1 finished with value: 0.55 and parameters: {'n_estimators': 193, 'max_depth': 3, 'min_samples_split': 5, 'min_samples_leaf': 5}. Best is trial 0 with value: 0.6.
[I 2025-05-07 04:22:58,091] Trial 2 finished with value: 0.55 and parameters: {'n_estimators': 309, 'max_depth': 11, 'min_samples_split': 6, 'min_samples_leaf': 6}. Best is trial 0 with value: 0.6.
[I 2025-05-07 04:22:58,573] Trial 3 finished with value: 0.65 and parameters: {'n_estimators': 405, 'max_depth': 15, 'min_samples_split': 7, 'min_samples_leaf': 5}. Best is trial 3 with value: 0.65.
[I 2025-05-07 04:22:58,874] Trial 4 finished with value: 0.6 and parameters: {'n_estimators': 215, 'max_depth': 20, 'min_samples_split': 5, 'min_samples_leaf': 3}. Best is trial 3 with value: 0.65.
[I 2025-05-07 04:22:59,105] Trial 5 finished with value: 0.7 and parameters: {'n_estimators': 126, 'max_depth': 20, 'min_samples_split': 3, 'min_samples_leaf': 4}. Best is trial 5 with value: 0.7.
[I 2025-05-07 04:22:59,334] Trial 6 finished with value: 0.5 and parameters: {'n_estimators': 128, 'max_depth': 7, 'min_samples_split': 5, 'min_samples_leaf': 9}. Best is trial 5 with value: 0.7.
[I 2025-05-07 04:22:59,646] Trial 7 finished with value: 0.65 and parameters: {'n_estimators': 238, 'max_depth': 20, 'min_samples_split': 2, 'min_samples_leaf': 4}. Best is trial 5 with value: 0.7.
[I 2025-05-07 04:23:00,006] Trial 8 finished with value: 0.65 and parameters: {'n_estimators': 252, 'max_depth': 16, 'min_samples_split': 10, 'min_samples_leaf': 4}. Best is trial 5 with value: 0.7.
[I 2025-05-07 04:23:00,348] Trial 9 finished with value: 0.5 and parameters: {'n_estimators': 273, 'max_depth': 7, 'min_samples_split': 9, 'min_samples_leaf': 7}. Best is trial 5 with value: 0.7.
[I 2025-05-07 04:23:00,540] Trial 10 finished with value: 0.6 and parameters: {'n_estimators': 106, 'max_depth': 15, 'min_samples_split': 2, 'min_samples_leaf': 1}. Best is trial 5 with value: 0.7.
[I 2025-05-07 04:23:01,593] Trial 11 finished with value: 0.6 and parameters: {'n_estimators': 399, 'max_depth': 16, 'min_samples_split': 7, 'min_samples_leaf': 2}. Best is trial 5 with value: 0.7.
[I 2025-05-07 04:23:02,623] Trial 12 finished with value: 0.5 and parameters: {'n_estimators': 361, 'max_depth': 13, 'min_samples_split': 3, 'min_samples_leaf': 8}. Best is trial 5 with value: 0.7.
[I 2025-05-07 04:23:03,846] Trial 13 finished with value: 0.5 and parameters: {'n_estimators': 489, 'max_depth': 17, 'min_samples_split': 7, 'min_samples_leaf': 10}. Best is trial 5 with value: 0.7.
[I 2025-05-07 04:23:04,222] Trial 14 finished with value: 0.6 and parameters: {'n_estimators': 337, 'max_depth': 11, 'min_samples_split': 4, 'min_samples_leaf': 4}. Best is trial 5 with value: 0.7.
[I 2025-05-07 04:23:04,647] Trial 15 finished with value: 0.6 and parameters: {'n_estimators': 399, 'max_depth': 18, 'min_samples_split': 7, 'min_samples_leaf': 2}. Best is trial 5 with value: 0.7.
[I 2025-05-07 04:23:04,848] Trial 16 finished with value: 0.55 and parameters: {'n_estimators': 168, 'max_depth': 13, 'min_samples_split': 8, 'min_samples_leaf': 5}. Best is trial 5 with value: 0.7.
[I 2025-05-07 04:23:05,354] Trial 17 finished with value: 0.5 and parameters: {'n_estimators': 434, 'max_depth': 14, 'min_samples_split': 4, 'min_samples_leaf': 7}. Best is trial 5 with value: 0.7.
[I 2025-05-07 04:23:05,588] Trial 18 finished with value: 0.65 and parameters: {'n_estimators': 156, 'max_depth': 18, 'min_samples_split': 3, 'min_samples_leaf': 3}. Best is trial 5 with value: 0.7.
[I 2025-05-07 04:23:05,966] Trial 19 finished with value: 0.55 and parameters: {'n_estimators': 303, 'max_depth': 9, 'min_samples_split': 6, 'min_samples_leaf': 7}. Best is trial 5 with value: 0.7.
[I 2025-05-07 04:23:06,403] Trial 20 finished with value: 0.6 and parameters: {'n_estimators': 361, 'max_depth': 18, 'min_samples_split': 8, 'min_samples_leaf': 3}. Best is trial 5 with value: 0.7.
[I 2025-05-07 04:23:06,698] Trial 21 finished with value: 0.65 and parameters: {'n_estimators': 233, 'max_depth': 20, 'min_samples_split': 2, 'min_samples_leaf': 4}. Best is trial 5 with value: 0.7.
[I 2025-05-07 04:23:06,945] Trial 22 finished with value: 0.7 and parameters: {'n_estimators': 190, 'max_depth': 19, 'min_samples_split': 3, 'min_samples_leaf': 5}. Best is trial 5 with value: 0.7.
[I 2025-05-07 04:23:07,171] Trial 23 finished with value: 0.7 and parameters: {'n_estimators': 152, 'max_depth': 18, 'min_samples_split': 3, 'min_samples_leaf': 5}. Best is trial 5 with value: 0.7.
