[I 2025-05-07 04:14:09,933] Trial 2 finished with value: 0.5 and parameters: {'n_estimators': 234, 'max_depth': 14, 'min_samples_split': 5, 'min_samples_leaf': 8}. Best is trial 0 with value: 1.0.
[I 2025-05-07 04:14:10,330] Trial 3 finished with value: 0.5 and parameters: {'n_estimators': 307, 'max_depth': 13, 'min_samples_split': 7, 'min_samples_leaf': 10}. Best is trial 0 with value: 1.0.
[I 2025-05-07 04:14:10,841] Trial 4 finished with value: 0.5 and parameters: {'n_estimators': 428, 'max_depth': 10, 'min_samples_split': 9, 'min_samples_leaf': 9}. Best is trial 0 with value: 1.0.
[I 2025-05-07 04:14:11,006] Trial 5 finished with value: 0.5 and parameters: {'n_estimators': 121, 'max_depth': 15, 'min_samples_split': 9, 'min_samples_leaf': 8}. Best is trial 0 with value: 1.0.
[I 2025-05-07 04:14:11,463] Trial 6 finished with value: 0.5 and parameters: {'n_estimators': 384, 'max_depth': 12, 'min_samples_split': 3, 'min_samples_leaf': 10}. Best is trial 0 with value: 1.0.
[I 2025-05-07 04:14:11,829] Trial 7 finished with value: 0.5 and parameters: {'n_estimators': 261, 'max_depth': 6, 'min_samples_split': 8, 'min_samples_leaf': 10}. Best is trial 0 with value: 1.0.
[I 2025-05-07 04:14:12,054] Trial 8 finished with value: 0.5 and parameters: {'n_estimators': 202, 'max_depth': 15, 'min_samples_split': 7, 'min_samples_leaf': 8}. Best is trial 0 with value: 1.0.
[I 2025-05-07 04:14:12,571] Trial 9 finished with value: 0.9 and parameters: {'n_estimators': 475, 'max_depth': 9, 'min_samples_split': 4, 'min_samples_leaf': 5}. Best is trial 0 with value: 1.0.
[I 2025-05-07 04:14:13,015] Trial 10 finished with value: 1.0 and parameters: {'n_estimators': 352, 'max_depth': 20, 'min_samples_split': 10, 'min_samples_leaf': 1}. Best is trial 0 with value: 1.0.
[I 2025-05-07 04:14:14,072] Trial 11 finished with value: 0.95 and parameters: {'n_estimators': 363, 'max_depth': 20, 'min_samples_split': 10, 'min_samples_leaf': 1}. Best is trial 0 with value: 1.0.
[I 2025-05-07 04:14:14,591] Trial 12 finished with value: 1.0 and parameters: {'n_estimators': 489, 'max_depth': 4, 'min_samples_split': 10, 'min_samples_leaf': 1}. Best is trial 0 with value: 1.0.
[I 2025-05-07 04:14:15,651] Trial 13 finished with value: 0.95 and parameters: {'n_estimators': 351, 'max_depth': 20, 'min_samples_split': 10, 'min_samples_leaf': 3}. Best is trial 0 with value: 1.0.
[I 2025-05-07 04:14:16,817] Trial 14 finished with value: 1.0 and parameters: {'n_estimators': 426, 'max_depth': 7, 'min_samples_split': 8, 'min_samples_leaf': 3}. Best is trial 0 with value: 1.0.
[I 2025-05-07 04:14:17,168] Trial 15 finished with value: 1.0 and parameters: {'n_estimators': 314, 'max_depth': 17, 'min_samples_split': 8, 'min_samples_leaf': 3}. Best is trial 0 with value: 1.0.
[I 2025-05-07 04:14:17,670] Trial 16 finished with value: 1.0 and parameters: {'n_estimators': 421, 'max_depth': 9, 'min_samples_split': 9, 'min_samples_leaf': 2}. Best is trial 0 with value: 1.0.
[I 2025-05-07 04:14:18,170] Trial 17 finished with value: 0.9 and parameters: {'n_estimators': 468, 'max_depth': 3, 'min_samples_split': 2, 'min_samples_leaf': 6}. Best is trial 0 with value: 1.0.
[I 2025-05-07 04:14:18,596] Trial 18 finished with value: 0.95 and parameters: {'n_estimators': 379, 'max_depth': 17, 'min_samples_split': 7, 'min_samples_leaf': 2}. Best is trial 0 with value: 1.0.
[I 2025-05-07 04:14:18,920] Trial 19 finished with value: 0.8 and parameters: {'n_estimators': 279, 'max_depth': 6, 'min_samples_split': 6, 'min_samples_leaf': 6}. Best is trial 0 with value: 1.0.
[I 2025-05-07 04:14:19,335] Trial 20 finished with value: 1.0 and parameters: {'n_estimators': 343, 'max_depth': 11, 'min_samples_split': 9, 'min_samples_leaf': 4}. Best is trial 0 with value: 1.0.
[I 2025-05-07 04:14:19,900] Trial 21 finished with value: 0.95 and parameters: {'n_estimators': 489, 'max_depth': 3, 'min_samples_split': 10, 'min_samples_leaf': 1}. Best is trial 0 with value: 1.0.
[I 2025-05-07 04:14:20,417] Trial 22 finished with value: 0.95 and parameters: {'n_estimators': 445, 'max_depth': 5, 'min_samples_split': 10, 'min_samples_leaf': 1}. Best is trial 0 with value: 1.0.
[I 2025-05-07 04:14:20,966] Trial 23 finished with value: 1.0 and parameters: {'n_estimators': 492, 'max_depth': 8, 'min_samples_split': 10, 'min_samples_leaf': 2}. Best is trial 0 with value: 1.0.
[I 2025-05-07 04:14:21,424] Trial 24 finished with value: 0.95 and parameters: {'n_estimators': 390, 'max_depth': 5, 'min_samples_split': 9, 'min_samples_leaf': 1}. Best is trial 0 with value: 1.0.
[I 2025-05-07 04:14:21,910] Trial 25 finished with value: 0.95 and parameters: {'n_estimators': 447, 'max_depth': 5, 'min_samples_split': 8, 'min_samples_leaf': 2}. Best is trial 0 with value: 1.0.
[I 2025-05-07 04:14:22,486] Trial 26 finished with value: 1.0 and parameters: {'n_estimators': 500, 'max_depth': 18, 'min_samples_split': 10, 'min_samples_leaf': 4}. Best is trial 0 with value: 1.0.
[I 2025-05-07 04:14:22,974] Trial 27 finished with value: 1.0 and parameters: {'n_estimators': 410, 'max_depth': 4, 'min_samples_split': 9, 'min_samples_leaf': 1}. Best is trial 0 with value: 1.0.
[I 2025-05-07 04:14:23,502] Trial 28 finished with value: 0.95 and parameters: {'n_estimators': 454, 'max_depth': 8, 'min_samples_split': 5, 'min_samples_leaf': 4}. Best is trial 0 with value: 1.0.
[I 2025-05-07 04:14:23,729] Trial 29 finished with value: 1.0 and parameters: {'n_estimators': 183, 'max_depth': 11, 'min_samples_split': 8, 'min_samples_leaf': 3}. Best is trial 0 with value: 1.0.
[I 2025-05-07 04:14:27,690] A new study created in memory with name: svc
Parámetros guardados en checkpoint_shoppers_Doriginal_Roriginal_B/k-means/IPC_10/best_models_k-means_seed_6_space_original/rf_best_params.json


>>> Optuna tuning svc metodo k-means IPC 10 seed 6


[I 2025-05-07 04:14:29,472] Trial 0 finished with value: 0.55 and parameters: {'C': 37.27697013499731, 'gamma': 0.0021277432488243223}. Best is trial 0 with value: 0.55.
[I 2025-05-07 04:14:29,557] Trial 1 finished with value: 0.5 and parameters: {'C': 19.271543171162776, 'gamma': 0.00014682043379470554}. Best is trial 0 with value: 0.55.
[I 2025-05-07 04:14:29,574] Trial 2 finished with value: 0.45 and parameters: {'C': 0.0269542169583157, 'gamma': 0.023999835049635022}. Best is trial 0 with value: 0.55.
[I 2025-05-07 04:14:29,589] Trial 3 finished with value: 0.5 and parameters: {'C': 1.3160410886450586, 'gamma': 0.0047340159215720195}. Best is trial 0 with value: 0.55.
[I 2025-05-07 04:14:29,602] Trial 4 finished with value: 0.45 and parameters: {'C': 0.21959952535674737, 'gamma': 0.030908485742507576}. Best is trial 0 with value: 0.55.
[I 2025-05-07 04:14:29,616] Trial 5 finished with value: 0.4 and parameters: {'C': 0.5656733313644114, 'gamma': 0.08780685564625502}. Best is trial 0 with value: 0.55.
[I 2025-05-07 04:14:29,631] Trial 6 finished with value: 0.45 and parameters: {'C': 1.1807165425157664, 'gamma': 0.020674470756231633}. Best is trial 0 with value: 0.55.
[I 2025-05-07 04:14:29,645] Trial 7 finished with value: 0.35 and parameters: {'C': 3.8143486186647126, 'gamma': 0.9138966502602072}. Best is trial 0 with value: 0.55.
[I 2025-05-07 04:14:29,660] Trial 8 finished with value: 0.45 and parameters: {'C': 19.029737066374768, 'gamma': 0.004495766421289856}. Best is trial 0 with value: 0.55.
[I 2025-05-07 04:14:29,673] Trial 9 finished with value: 0.4 and parameters: {'C': 31.994153257994277, 'gamma': 0.19725941020937518}. Best is trial 0 with value: 0.55.
[I 2025-05-07 04:14:29,698] Trial 10 finished with value: 0.55 and parameters: {'C': 96.80643961619926, 'gamma': 0.0004009308447180715}. Best is trial 0 with value: 0.55.
[I 2025-05-07 04:14:30,354] Trial 11 finished with value: 0.55 and parameters: {'C': 86.0491638060693, 'gamma': 0.0004475014305726624}. Best is trial 0 with value: 0.55.
[I 2025-05-07 04:14:31,034] Trial 12 finished with value: 0.6 and parameters: {'C': 76.6689271651319, 'gamma': 0.0009407708153906166}. Best is trial 12 with value: 0.6.
[I 2025-05-07 04:14:31,058] Trial 13 finished with value: 0.5 and parameters: {'C': 6.055395293343098, 'gamma': 0.001506652594453945}. Best is trial 12 with value: 0.6.
[I 2025-05-07 04:14:31,079] Trial 14 finished with value: 0.5 and parameters: {'C': 6.216958648502451, 'gamma': 0.0012211047248935308}. Best is trial 12 with value: 0.6.
[I 2025-05-07 04:14:31,102] Trial 15 finished with value: 0.5 and parameters: {'C': 0.014134005772127782, 'gamma': 0.0015246216746256972}. Best is trial 12 with value: 0.6.
[I 2025-05-07 04:14:31,126] Trial 16 finished with value: 0.5 and parameters: {'C': 38.155860638380666, 'gamma': 0.00013108517561580927}. Best is trial 12 with value: 0.6.
[I 2025-05-07 04:14:31,147] Trial 17 finished with value: 0.5 and parameters: {'C': 0.11793098468758549, 'gamma': 0.005598864860420484}. Best is trial 12 with value: 0.6.
[I 2025-05-07 04:14:31,173] Trial 18 finished with value: 0.5 and parameters: {'C': 10.400659562623774, 'gamma': 0.0008255095365573426}. Best is trial 12 with value: 0.6.
[I 2025-05-07 04:14:31,196] Trial 19 finished with value: 0.5 and parameters: {'C': 2.5269047699325147, 'gamma': 0.0033464381598529813}. Best is trial 12 with value: 0.6.
[I 2025-05-07 04:14:31,222] Trial 20 finished with value: 0.45 and parameters: {'C': 61.21016690618681, 'gamma': 0.00037206999883243857}. Best is trial 12 with value: 0.6.
[I 2025-05-07 04:14:31,858] Trial 21 finished with value: 0.5 and parameters: {'C': 91.19126821974262, 'gamma': 0.00034320776141515325}. Best is trial 12 with value: 0.6.
[I 2025-05-07 04:14:31,882] Trial 22 finished with value: 0.5 and parameters: {'C': 14.817684982342945, 'gamma': 0.0005143189934106259}. Best is trial 12 with value: 0.6.
[I 2025-05-07 04:14:32,574] Trial 23 finished with value: 0.55 and parameters: {'C': 38.88763253751671, 'gamma': 0.0019474428852457165}. Best is trial 12 with value: 0.6.
[I 2025-05-07 04:14:32,598] Trial 24 finished with value: 0.65 and parameters: {'C': 97.01419474797274, 'gamma': 0.01120540052641483}. Best is trial 24 with value: 0.65.
[I 2025-05-07 04:14:32,620] Trial 25 finished with value: 0.55 and parameters: {'C': 33.06296770887132, 'gamma': 0.012716137064393507}. Best is trial 24 with value: 0.65.
[I 2025-05-07 04:14:32,644] Trial 26 finished with value: 0.35 and parameters: {'C': 11.333355881437745, 'gamma': 0.09256147194674878}. Best is trial 24 with value: 0.65.
[I 2025-05-07 04:14:32,669] Trial 27 finished with value: 0.65 and parameters: {'C': 51.922673153324695, 'gamma': 0.011546640415584833}. Best is trial 24 with value: 0.65.
[I 2025-05-07 04:14:32,690] Trial 28 finished with value: 0.65 and parameters: {'C': 56.4617325214827, 'gamma': 0.009813896573392185}. Best is trial 24 with value: 0.65.
[I 2025-05-07 04:14:32,714] Trial 29 finished with value: 0.35 and parameters: {'C': 44.29168775124714, 'gamma': 0.04518571510179351}. Best is trial 24 with value: 0.65.
[I 2025-05-07 04:14:34,535] A new study created in memory with name: logreg
[I 2025-05-07 04:14:35,103] Trial 0 finished with value: 0.8 and parameters: {'C': 29.127335430981816, 'penalty': 'l2'}. Best is trial 0 with value: 0.8.
Parámetros guardados en checkpoint_shoppers_Doriginal_Roriginal_B/k-means/IPC_10/best_models_k-means_seed_6_space_original/svc_best_params.json


>>> Optuna tuning logreg metodo k-means IPC 10 seed 6


[I 2025-05-07 04:14:37,347] Trial 1 finished with value: 0.65 and parameters: {'C': 0.045698192893558344, 'penalty': 'l2'}. Best is trial 0 with value: 0.8.
[I 2025-05-07 04:14:37,469] Trial 2 finished with value: 0.75 and parameters: {'C': 12.768668597712947, 'penalty': 'l2'}. Best is trial 0 with value: 0.8.
[I 2025-05-07 04:14:37,487] Trial 3 finished with value: 0.65 and parameters: {'C': 0.0016161554408462638, 'penalty': 'l2'}. Best is trial 0 with value: 0.8.
[I 2025-05-07 04:14:37,511] Trial 4 finished with value: 0.65 and parameters: {'C': 0.0034536903703241734, 'penalty': 'l2'}. Best is trial 0 with value: 0.8.
[I 2025-05-07 04:14:37,536] Trial 5 finished with value: 0.65 and parameters: {'C': 0.9446269266990148, 'penalty': 'l2'}. Best is trial 0 with value: 0.8.
[I 2025-05-07 04:14:37,562] Trial 6 finished with value: 0.6 and parameters: {'C': 0.4457453393648168, 'penalty': 'l2'}. Best is trial 0 with value: 0.8.
[I 2025-05-07 04:14:37,576] Trial 7 finished with value: 0.65 and parameters: {'C': 0.12417585037258261, 'penalty': 'l2'}. Best is trial 0 with value: 0.8.
[I 2025-05-07 04:14:37,590] Trial 8 finished with value: 0.65 and parameters: {'C': 0.04753781830244093, 'penalty': 'l2'}. Best is trial 0 with value: 0.8.
[I 2025-05-07 04:14:37,615] Trial 9 finished with value: 0.65 and parameters: {'C': 1.2959766028194148, 'penalty': 'l2'}. Best is trial 0 with value: 0.8.
[I 2025-05-07 04:14:37,647] Trial 10 finished with value: 0.95 and parameters: {'C': 96.02411422716075, 'penalty': 'l2'}. Best is trial 10 with value: 0.95.
[I 2025-05-07 04:14:37,678] Trial 11 finished with value: 0.95 and parameters: {'C': 59.9697718692158, 'penalty': 'l2'}. Best is trial 10 with value: 0.95.
[I 2025-05-07 04:14:38,377] Trial 12 finished with value: 0.95 and parameters: {'C': 90.64427434136057, 'penalty': 'l2'}. Best is trial 10 with value: 0.95.
[I 2025-05-07 04:14:39,053] Trial 13 finished with value: 0.65 and parameters: {'C': 4.865673542589085, 'penalty': 'l2'}. Best is trial 10 with value: 0.95.
[I 2025-05-07 04:14:39,084] Trial 14 finished with value: 0.95 and parameters: {'C': 75.70410205106715, 'penalty': 'l2'}. Best is trial 10 with value: 0.95.
[I 2025-05-07 04:14:39,115] Trial 15 finished with value: 0.65 and parameters: {'C': 5.957789522733971, 'penalty': 'l2'}. Best is trial 10 with value: 0.95.
[I 2025-05-07 04:14:39,156] Trial 16 finished with value: 0.8 and parameters: {'C': 19.685556379423655, 'penalty': 'l2'}. Best is trial 10 with value: 0.95.
[I 2025-05-07 04:14:39,186] Trial 17 finished with value: 0.65 and parameters: {'C': 2.9846308196944142, 'penalty': 'l2'}. Best is trial 10 with value: 0.95.
[I 2025-05-07 04:14:39,872] Trial 18 finished with value: 0.9 and parameters: {'C': 47.611336786999125, 'penalty': 'l2'}. Best is trial 10 with value: 0.95.
[I 2025-05-07 04:14:40,549] Trial 19 finished with value: 0.75 and parameters: {'C': 12.171934770041055, 'penalty': 'l2'}. Best is trial 10 with value: 0.95.
[I 2025-05-07 04:14:40,580] Trial 20 finished with value: 0.65 and parameters: {'C': 0.009201704573096029, 'penalty': 'l2'}. Best is trial 10 with value: 0.95.
[I 2025-05-07 04:14:41,287] Trial 21 finished with value: 0.95 and parameters: {'C': 87.4764374438574, 'penalty': 'l2'}. Best is trial 10 with value: 0.95.
[I 2025-05-07 04:14:41,318] Trial 22 finished with value: 0.8 and parameters: {'C': 30.62033180862645, 'penalty': 'l2'}. Best is trial 10 with value: 0.95.
[I 2025-05-07 04:14:41,360] Trial 23 finished with value: 0.95 and parameters: {'C': 67.14005637081, 'penalty': 'l2'}. Best is trial 10 with value: 0.95.
[I 2025-05-07 04:14:41,390] Trial 24 finished with value: 0.7 and parameters: {'C': 8.71142958157668, 'penalty': 'l2'}. Best is trial 10 with value: 0.95.
[I 2025-05-07 04:14:41,422] Trial 25 finished with value: 0.65 and parameters: {'C': 2.4233122539695664, 'penalty': 'l2'}. Best is trial 10 with value: 0.95.
[I 2025-05-07 04:14:41,454] Trial 26 finished with value: 0.8 and parameters: {'C': 33.083842893940535, 'penalty': 'l2'}. Best is trial 10 with value: 0.95.
[I 2025-05-07 04:14:41,485] Trial 27 finished with value: 0.95 and parameters: {'C': 80.3508704120575, 'penalty': 'l2'}. Best is trial 10 with value: 0.95.
[I 2025-05-07 04:14:41,515] Trial 28 finished with value: 0.8 and parameters: {'C': 19.02670223150126, 'penalty': 'l2'}. Best is trial 10 with value: 0.95.
[I 2025-05-07 04:14:41,546] Trial 29 finished with value: 0.8 and parameters: {'C': 33.30412494526149, 'penalty': 'l2'}. Best is trial 10 with value: 0.95.
/data/home/rtabares/anaconda3/envs/pyth3.12/lib/python3.12/site-packages/xgboost/core.py:377: FutureWarning: Your system has an old version of glibc (< 2.28). We will stop supporting Linux distros with glibc older than 2.28 after **May 31, 2025**. Please upgrade to a recent Linux distro (with glibc >= 2.28) to use future versions of XGBoost.
Note: You have installed the 'manylinux2014' variant of XGBoost. Certain features such as GPU algorithms or federated learning are not available. To use these features, please upgrade to a recent Linux distro with glibc 2.28+, and install the 'manylinux_2_28' variant.
  warnings.warn(
[I 2025-05-07 04:14:45,147] A new study created in memory with name: mlp
Parámetros guardados en checkpoint_shoppers_Doriginal_Roriginal_B/k-means/IPC_10/best_models_k-means_seed_6_space_original/logreg_best_params.json


>>> Optuna tuning mlp metodo k-means IPC 10 seed 6


/data/home/rtabares/anaconda3/envs/pyth3.12/lib/python3.12/site-packages/sklearn/neural_network/_multilayer_perceptron.py:691: ConvergenceWarning: Stochastic Optimizer: Maximum iterations (100) reached and the optimization hasn't converged yet.
  warnings.warn(
/data/home/rtabares/anaconda3/envs/pyth3.12/lib/python3.12/site-packages/sklearn/neural_network/_multilayer_perceptron.py:691: ConvergenceWarning: Stochastic Optimizer: Maximum iterations (100) reached and the optimization hasn't converged yet.
  warnings.warn(
/data/home/rtabares/anaconda3/envs/pyth3.12/lib/python3.12/site-packages/sklearn/neural_network/_multilayer_perceptron.py:691: ConvergenceWarning: Stochastic Optimizer: Maximum iterations (100) reached and the optimization hasn't converged yet.
  warnings.warn(
/data/home/rtabares/anaconda3/envs/pyth3.12/lib/python3.12/site-packages/sklearn/neural_network/_multilayer_perceptron.py:691: ConvergenceWarning: Stochastic Optimizer: Maximum iterations (100) reached and the optimization hasn't converged yet.
  warnings.warn(
/data/home/rtabares/anaconda3/envs/pyth3.12/lib/python3.12/site-packages/sklearn/neural_network/_multilayer_perceptron.py:691: ConvergenceWarning: Stochastic Optimizer: Maximum iterations (100) reached and the optimization hasn't converged yet.
  warnings.warn(
[I 2025-05-07 04:14:46,660] Trial 0 finished with value: 0.4 and parameters: {'hidden_layer_sizes': (100,), 'max_iter': 100, 'alpha': 0.0001}. Best is trial 0 with value: 0.4.
/data/home/rtabares/anaconda3/envs/pyth3.12/lib/python3.12/site-packages/sklearn/neural_network/_multilayer_perceptron.py:691: ConvergenceWarning: Stochastic Optimizer: Maximum iterations (100) reached and the optimization hasn't converged yet.
  warnings.warn(
/data/home/rtabares/anaconda3/envs/pyth3.12/lib/python3.12/site-packages/sklearn/neural_network/_multilayer_perceptron.py:691: ConvergenceWarning: Stochastic Optimizer: Maximum iterations (100) reached and the optimization hasn't converged yet.
  warnings.warn(
/data/home/rtabares/anaconda3/envs/pyth3.12/lib/python3.12/site-packages/sklearn/neural_network/_multilayer_perceptron.py:691: ConvergenceWarning: Stochastic Optimizer: Maximum iterations (100) reached and the optimization hasn't converged yet.
  warnings.warn(
/data/home/rtabares/anaconda3/envs/pyth3.12/lib/python3.12/site-packages/sklearn/neural_network/_multilayer_perceptron.py:691: ConvergenceWarning: Stochastic Optimizer: Maximum iterations (100) reached and the optimization hasn't converged yet.
  warnings.warn(
/data/home/rtabares/anaconda3/envs/pyth3.12/lib/python3.12/site-packages/sklearn/neural_network/_multilayer_perceptron.py:691: ConvergenceWarning: Stochastic Optimizer: Maximum iterations (100) reached and the optimization hasn't converged yet.
  warnings.warn(
[I 2025-05-07 04:14:46,779] Trial 1 finished with value: 0.45 and parameters: {'hidden_layer_sizes': (100, 100), 'max_iter': 100, 'alpha': 0.001}. Best is trial 1 with value: 0.45.
/data/home/rtabares/anaconda3/envs/pyth3.12/lib/python3.12/site-packages/sklearn/neural_network/_multilayer_perceptron.py:691: ConvergenceWarning: Stochastic Optimizer: Maximum iterations (100) reached and the optimization hasn't converged yet.
  warnings.warn(
/data/home/rtabares/anaconda3/envs/pyth3.12/lib/python3.12/site-packages/sklearn/neural_network/_multilayer_perceptron.py:691: ConvergenceWarning: Stochastic Optimizer: Maximum iterations (100) reached and the optimization hasn't converged yet.
  warnings.warn(
/data/home/rtabares/anaconda3/envs/pyth3.12/lib/python3.12/site-packages/sklearn/neural_network/_multilayer_perceptron.py:691: ConvergenceWarning: Stochastic Optimizer: Maximum iterations (100) reached and the optimization hasn't converged yet.
  warnings.warn(
/data/home/rtabares/anaconda3/envs/pyth3.12/lib/python3.12/site-packages/sklearn/neural_network/_multilayer_perceptron.py:691: ConvergenceWarning: Stochastic Optimizer: Maximum iterations (100) reached and the optimization hasn't converged yet.
  warnings.warn(
/data/home/rtabares/anaconda3/envs/pyth3.12/lib/python3.12/site-packages/sklearn/neural_network/_multilayer_perceptron.py:691: ConvergenceWarning: Stochastic Optimizer: Maximum iterations (100) reached and the optimization hasn't converged yet.
  warnings.warn(
