[I 2025-05-07 07:40:21,387] Trial 1 finished with value: 0.8166666666666668 and parameters: {'n_estimators': 40, 'max_depth': 20, 'gamma': 0.6871767539190894, 'subsample': 0.7758756843174377, 'colsample_bytree': 0.7987566266195255}. Best is trial 1 with value: 0.8166666666666668.
/data/home/rtabares/anaconda3/envs/pyth3.12/lib/python3.12/site-packages/xgboost/core.py:377: FutureWarning: Your system has an old version of glibc (< 2.28). We will stop supporting Linux distros with glibc older than 2.28 after **May 31, 2025**. Please upgrade to a recent Linux distro (with glibc >= 2.28) to use future versions of XGBoost.
Note: You have installed the 'manylinux2014' variant of XGBoost. Certain features such as GPU algorithms or federated learning are not available. To use these features, please upgrade to a recent Linux distro with glibc 2.28+, and install the 'manylinux_2_28' variant.
  warnings.warn(
/data/home/rtabares/anaconda3/envs/pyth3.12/lib/python3.12/site-packages/xgboost/core.py:377: FutureWarning: Your system has an old version of glibc (< 2.28). We will stop supporting Linux distros with glibc older than 2.28 after **May 31, 2025**. Please upgrade to a recent Linux distro (with glibc >= 2.28) to use future versions of XGBoost.
Note: You have installed the 'manylinux2014' variant of XGBoost. Certain features such as GPU algorithms or federated learning are not available. To use these features, please upgrade to a recent Linux distro with glibc 2.28+, and install the 'manylinux_2_28' variant.
  warnings.warn(
/data/home/rtabares/anaconda3/envs/pyth3.12/lib/python3.12/site-packages/xgboost/core.py:377: FutureWarning: Your system has an old version of glibc (< 2.28). We will stop supporting Linux distros with glibc older than 2.28 after **May 31, 2025**. Please upgrade to a recent Linux distro (with glibc >= 2.28) to use future versions of XGBoost.
Note: You have installed the 'manylinux2014' variant of XGBoost. Certain features such as GPU algorithms or federated learning are not available. To use these features, please upgrade to a recent Linux distro with glibc 2.28+, and install the 'manylinux_2_28' variant.
  warnings.warn(
[I 2025-05-07 07:40:21,427] Trial 2 finished with value: 0.7666666666666667 and parameters: {'n_estimators': 10, 'max_depth': 30, 'gamma': 0.4766359468112893, 'subsample': 0.5719519603876639, 'colsample_bytree': 0.5754533472103385}. Best is trial 1 with value: 0.8166666666666668.
/data/home/rtabares/anaconda3/envs/pyth3.12/lib/python3.12/site-packages/xgboost/core.py:377: FutureWarning: Your system has an old version of glibc (< 2.28). We will stop supporting Linux distros with glibc older than 2.28 after **May 31, 2025**. Please upgrade to a recent Linux distro (with glibc >= 2.28) to use future versions of XGBoost.
Note: You have installed the 'manylinux2014' variant of XGBoost. Certain features such as GPU algorithms or federated learning are not available. To use these features, please upgrade to a recent Linux distro with glibc 2.28+, and install the 'manylinux_2_28' variant.
  warnings.warn(
/data/home/rtabares/anaconda3/envs/pyth3.12/lib/python3.12/site-packages/xgboost/core.py:377: FutureWarning: Your system has an old version of glibc (< 2.28). We will stop supporting Linux distros with glibc older than 2.28 after **May 31, 2025**. Please upgrade to a recent Linux distro (with glibc >= 2.28) to use future versions of XGBoost.
Note: You have installed the 'manylinux2014' variant of XGBoost. Certain features such as GPU algorithms or federated learning are not available. To use these features, please upgrade to a recent Linux distro with glibc 2.28+, and install the 'manylinux_2_28' variant.
  warnings.warn(
[I 2025-05-07 07:40:21,465] Trial 3 finished with value: 0.8166666666666668 and parameters: {'n_estimators': 40, 'max_depth': 20, 'gamma': 0.1741057742912327, 'subsample': 0.7724992869653602, 'colsample_bytree': 0.5794793722836378}. Best is trial 1 with value: 0.8166666666666668.
/data/home/rtabares/anaconda3/envs/pyth3.12/lib/python3.12/site-packages/xgboost/core.py:377: FutureWarning: Your system has an old version of glibc (< 2.28). We will stop supporting Linux distros with glibc older than 2.28 after **May 31, 2025**. Please upgrade to a recent Linux distro (with glibc >= 2.28) to use future versions of XGBoost.
Note: You have installed the 'manylinux2014' variant of XGBoost. Certain features such as GPU algorithms or federated learning are not available. To use these features, please upgrade to a recent Linux distro with glibc 2.28+, and install the 'manylinux_2_28' variant.
  warnings.warn(
[I 2025-05-07 07:40:21,503] Trial 4 finished with value: 0.8166666666666668 and parameters: {'n_estimators': 10, 'max_depth': 5, 'gamma': 0.9647089808201004, 'subsample': 0.8296026961880109, 'colsample_bytree': 0.8593880416122173}. Best is trial 1 with value: 0.8166666666666668.
/data/home/rtabares/anaconda3/envs/pyth3.12/lib/python3.12/site-packages/xgboost/core.py:377: FutureWarning: Your system has an old version of glibc (< 2.28). We will stop supporting Linux distros with glibc older than 2.28 after **May 31, 2025**. Please upgrade to a recent Linux distro (with glibc >= 2.28) to use future versions of XGBoost.
Note: You have installed the 'manylinux2014' variant of XGBoost. Certain features such as GPU algorithms or federated learning are not available. To use these features, please upgrade to a recent Linux distro with glibc 2.28+, and install the 'manylinux_2_28' variant.
  warnings.warn(
[I 2025-05-07 07:40:21,565] Trial 5 finished with value: 0.7666666666666668 and parameters: {'n_estimators': 40, 'max_depth': 20, 'gamma': 0.12624129686782798, 'subsample': 0.6951872456382923, 'colsample_bytree': 0.7186259960840204}. Best is trial 1 with value: 0.8166666666666668.
[I 2025-05-07 07:40:21,594] Trial 6 finished with value: 0.8 and parameters: {'n_estimators': 10, 'max_depth': 5, 'gamma': 0.6226973425780552, 'subsample': 0.9771689327784621, 'colsample_bytree': 0.5987218887568376}. Best is trial 1 with value: 0.8166666666666668.
/data/home/rtabares/anaconda3/envs/pyth3.12/lib/python3.12/site-packages/xgboost/core.py:377: FutureWarning: Your system has an old version of glibc (< 2.28). We will stop supporting Linux distros with glibc older than 2.28 after **May 31, 2025**. Please upgrade to a recent Linux distro (with glibc >= 2.28) to use future versions of XGBoost.
Note: You have installed the 'manylinux2014' variant of XGBoost. Certain features such as GPU algorithms or federated learning are not available. To use these features, please upgrade to a recent Linux distro with glibc 2.28+, and install the 'manylinux_2_28' variant.
  warnings.warn(
/data/home/rtabares/anaconda3/envs/pyth3.12/lib/python3.12/site-packages/xgboost/core.py:377: FutureWarning: Your system has an old version of glibc (< 2.28). We will stop supporting Linux distros with glibc older than 2.28 after **May 31, 2025**. Please upgrade to a recent Linux distro (with glibc >= 2.28) to use future versions of XGBoost.
Note: You have installed the 'manylinux2014' variant of XGBoost. Certain features such as GPU algorithms or federated learning are not available. To use these features, please upgrade to a recent Linux distro with glibc 2.28+, and install the 'manylinux_2_28' variant.
  warnings.warn(
/data/home/rtabares/anaconda3/envs/pyth3.12/lib/python3.12/site-packages/xgboost/core.py:377: FutureWarning: Your system has an old version of glibc (< 2.28). We will stop supporting Linux distros with glibc older than 2.28 after **May 31, 2025**. Please upgrade to a recent Linux distro (with glibc >= 2.28) to use future versions of XGBoost.
Note: You have installed the 'manylinux2014' variant of XGBoost. Certain features such as GPU algorithms or federated learning are not available. To use these features, please upgrade to a recent Linux distro with glibc 2.28+, and install the 'manylinux_2_28' variant.
  warnings.warn(
[I 2025-05-07 07:40:21,640] Trial 7 finished with value: 0.85 and parameters: {'n_estimators': 40, 'max_depth': 30, 'gamma': 0.9244990777505997, 'subsample': 0.6369065964588921, 'colsample_bytree': 0.6181905631912997}. Best is trial 7 with value: 0.85.
/data/home/rtabares/anaconda3/envs/pyth3.12/lib/python3.12/site-packages/xgboost/core.py:377: FutureWarning: Your system has an old version of glibc (< 2.28). We will stop supporting Linux distros with glibc older than 2.28 after **May 31, 2025**. Please upgrade to a recent Linux distro (with glibc >= 2.28) to use future versions of XGBoost.
Note: You have installed the 'manylinux2014' variant of XGBoost. Certain features such as GPU algorithms or federated learning are not available. To use these features, please upgrade to a recent Linux distro with glibc 2.28+, and install the 'manylinux_2_28' variant.
  warnings.warn(
[I 2025-05-07 07:40:21,678] Trial 8 finished with value: 0.8166666666666668 and parameters: {'n_estimators': 40, 'max_depth': 20, 'gamma': 0.8065753221375366, 'subsample': 0.6766406258903097, 'colsample_bytree': 0.6100960345218687}. Best is trial 7 with value: 0.85.
/data/home/rtabares/anaconda3/envs/pyth3.12/lib/python3.12/site-packages/xgboost/core.py:377: FutureWarning: Your system has an old version of glibc (< 2.28). We will stop supporting Linux distros with glibc older than 2.28 after **May 31, 2025**. Please upgrade to a recent Linux distro (with glibc >= 2.28) to use future versions of XGBoost.
Note: You have installed the 'manylinux2014' variant of XGBoost. Certain features such as GPU algorithms or federated learning are not available. To use these features, please upgrade to a recent Linux distro with glibc 2.28+, and install the 'manylinux_2_28' variant.
  warnings.warn(
/data/home/rtabares/anaconda3/envs/pyth3.12/lib/python3.12/site-packages/xgboost/core.py:377: FutureWarning: Your system has an old version of glibc (< 2.28). We will stop supporting Linux distros with glibc older than 2.28 after **May 31, 2025**. Please upgrade to a recent Linux distro (with glibc >= 2.28) to use future versions of XGBoost.
Note: You have installed the 'manylinux2014' variant of XGBoost. Certain features such as GPU algorithms or federated learning are not available. To use these features, please upgrade to a recent Linux distro with glibc 2.28+, and install the 'manylinux_2_28' variant.
  warnings.warn(
[I 2025-05-07 07:40:21,726] Trial 9 finished with value: 0.8166666666666668 and parameters: {'n_estimators': 40, 'max_depth': 30, 'gamma': 0.19555196712700484, 'subsample': 0.7868049689005188, 'colsample_bytree': 0.9801728970120223}. Best is trial 7 with value: 0.85.
/data/home/rtabares/anaconda3/envs/pyth3.12/lib/python3.12/site-packages/xgboost/core.py:377: FutureWarning: Your system has an old version of glibc (< 2.28). We will stop supporting Linux distros with glibc older than 2.28 after **May 31, 2025**. Please upgrade to a recent Linux distro (with glibc >= 2.28) to use future versions of XGBoost.
Note: You have installed the 'manylinux2014' variant of XGBoost. Certain features such as GPU algorithms or federated learning are not available. To use these features, please upgrade to a recent Linux distro with glibc 2.28+, and install the 'manylinux_2_28' variant.
  warnings.warn(
[I 2025-05-07 07:40:21,775] Trial 10 finished with value: 0.8333333333333334 and parameters: {'n_estimators': 100, 'max_depth': 30, 'gamma': 0.9618508560718236, 'subsample': 0.5074316799490037, 'colsample_bytree': 0.7009412687373618}. Best is trial 7 with value: 0.85.
/data/home/rtabares/anaconda3/envs/pyth3.12/lib/python3.12/site-packages/xgboost/core.py:377: FutureWarning: Your system has an old version of glibc (< 2.28). We will stop supporting Linux distros with glibc older than 2.28 after **May 31, 2025**. Please upgrade to a recent Linux distro (with glibc >= 2.28) to use future versions of XGBoost.
Note: You have installed the 'manylinux2014' variant of XGBoost. Certain features such as GPU algorithms or federated learning are not available. To use these features, please upgrade to a recent Linux distro with glibc 2.28+, and install the 'manylinux_2_28' variant.
  warnings.warn(
[I 2025-05-07 07:40:22,441] Trial 11 finished with value: 0.85 and parameters: {'n_estimators': 100, 'max_depth': 30, 'gamma': 0.9725579518595953, 'subsample': 0.5003851808931339, 'colsample_bytree': 0.7030210957634362}. Best is trial 7 with value: 0.85.
/data/home/rtabares/anaconda3/envs/pyth3.12/lib/python3.12/site-packages/xgboost/core.py:377: FutureWarning: Your system has an old version of glibc (< 2.28). We will stop supporting Linux distros with glibc older than 2.28 after **May 31, 2025**. Please upgrade to a recent Linux distro (with glibc >= 2.28) to use future versions of XGBoost.
Note: You have installed the 'manylinux2014' variant of XGBoost. Certain features such as GPU algorithms or federated learning are not available. To use these features, please upgrade to a recent Linux distro with glibc 2.28+, and install the 'manylinux_2_28' variant.
  warnings.warn(
/data/home/rtabares/anaconda3/envs/pyth3.12/lib/python3.12/site-packages/xgboost/core.py:377: FutureWarning: Your system has an old version of glibc (< 2.28). We will stop supporting Linux distros with glibc older than 2.28 after **May 31, 2025**. Please upgrade to a recent Linux distro (with glibc >= 2.28) to use future versions of XGBoost.
Note: You have installed the 'manylinux2014' variant of XGBoost. Certain features such as GPU algorithms or federated learning are not available. To use these features, please upgrade to a recent Linux distro with glibc 2.28+, and install the 'manylinux_2_28' variant.
  warnings.warn(
[I 2025-05-07 07:40:23,086] Trial 12 finished with value: 0.8 and parameters: {'n_estimators': 100, 'max_depth': 30, 'gamma': 0.8448307030876899, 'subsample': 0.5762365418634642, 'colsample_bytree': 0.6800045797196571}. Best is trial 7 with value: 0.85.
[I 2025-05-07 07:40:23,138] Trial 13 finished with value: 0.8 and parameters: {'n_estimators': 100, 'max_depth': 30, 'gamma': 0.4625872061335886, 'subsample': 0.500339571104463, 'colsample_bytree': 0.7813410483507995}. Best is trial 7 with value: 0.85.
[I 2025-05-07 07:40:23,189] Trial 14 finished with value: 0.8 and parameters: {'n_estimators': 100, 'max_depth': 30, 'gamma': 0.8401005921960212, 'subsample': 0.6245907321441622, 'colsample_bytree': 0.638825081400767}. Best is trial 7 with value: 0.85.
[I 2025-05-07 07:40:23,244] Trial 15 finished with value: 0.8 and parameters: {'n_estimators': 100, 'max_depth': 30, 'gamma': 0.9979773256239205, 'subsample': 0.5904979149228727, 'colsample_bytree': 0.5018693782862828}. Best is trial 7 with value: 0.85.
/data/home/rtabares/anaconda3/envs/pyth3.12/lib/python3.12/site-packages/xgboost/core.py:377: FutureWarning: Your system has an old version of glibc (< 2.28). We will stop supporting Linux distros with glibc older than 2.28 after **May 31, 2025**. Please upgrade to a recent Linux distro (with glibc >= 2.28) to use future versions of XGBoost.
Note: You have installed the 'manylinux2014' variant of XGBoost. Certain features such as GPU algorithms or federated learning are not available. To use these features, please upgrade to a recent Linux distro with glibc 2.28+, and install the 'manylinux_2_28' variant.
  warnings.warn(
[I 2025-05-07 07:40:23,890] Trial 16 finished with value: 0.7833333333333334 and parameters: {'n_estimators': 100, 'max_depth': 30, 'gamma': 0.36776798685036005, 'subsample': 0.6675293070667819, 'colsample_bytree': 0.8239861196720016}. Best is trial 7 with value: 0.85.
/data/home/rtabares/anaconda3/envs/pyth3.12/lib/python3.12/site-packages/xgboost/core.py:377: FutureWarning: Your system has an old version of glibc (< 2.28). We will stop supporting Linux distros with glibc older than 2.28 after **May 31, 2025**. Please upgrade to a recent Linux distro (with glibc >= 2.28) to use future versions of XGBoost.
Note: You have installed the 'manylinux2014' variant of XGBoost. Certain features such as GPU algorithms or federated learning are not available. To use these features, please upgrade to a recent Linux distro with glibc 2.28+, and install the 'manylinux_2_28' variant.
  warnings.warn(
[I 2025-05-07 07:40:24,535] Trial 17 finished with value: 0.8166666666666668 and parameters: {'n_estimators': 40, 'max_depth': 5, 'gamma': 0.7690720858319486, 'subsample': 0.8830380241589864, 'colsample_bytree': 0.8901819916102072}. Best is trial 7 with value: 0.85.
[I 2025-05-07 07:40:24,583] Trial 18 finished with value: 0.8 and parameters: {'n_estimators': 100, 'max_depth': 30, 'gamma': 0.8992869004109232, 'subsample': 0.5398471154599791, 'colsample_bytree': 0.6628395070747941}. Best is trial 7 with value: 0.85.
[I 2025-05-07 07:40:24,621] Trial 19 finished with value: 0.8166666666666667 and parameters: {'n_estimators': 10, 'max_depth': 30, 'gamma': 0.7271759370811828, 'subsample': 0.710242444788126, 'colsample_bytree': 0.7466720885443987}. Best is trial 7 with value: 0.85.
[I 2025-05-07 07:40:24,671] Trial 20 finished with value: 0.8166666666666668 and parameters: {'n_estimators': 100, 'max_depth': 5, 'gamma': 0.5840365406663718, 'subsample': 0.6177274509609243, 'colsample_bytree': 0.5490569303289616}. Best is trial 7 with value: 0.85.
[I 2025-05-07 07:40:24,710] Trial 21 finished with value: 0.8333333333333334 and parameters: {'n_estimators': 100, 'max_depth': 30, 'gamma': 0.936336538434713, 'subsample': 0.5038999085698135, 'colsample_bytree': 0.6980832057866091}. Best is trial 7 with value: 0.85.
[I 2025-05-07 07:40:24,760] Trial 22 finished with value: 0.8 and parameters: {'n_estimators': 100, 'max_depth': 30, 'gamma': 0.9060302428992482, 'subsample': 0.5414156792009511, 'colsample_bytree': 0.6417503958564437}. Best is trial 7 with value: 0.85.
[I 2025-05-07 07:40:24,812] Trial 23 finished with value: 0.7833333333333334 and parameters: {'n_estimators': 100, 'max_depth': 30, 'gamma': 0.9943395313373133, 'subsample': 0.6390780575731428, 'colsample_bytree': 0.7234420004332436}. Best is trial 7 with value: 0.85.
[I 2025-05-07 07:40:24,864] Trial 24 finished with value: 0.7833333333333334 and parameters: {'n_estimators': 100, 'max_depth': 30, 'gamma': 0.8778625633880953, 'subsample': 0.5487435234676359, 'colsample_bytree': 0.7668051787840646}. Best is trial 7 with value: 0.85.
[I 2025-05-07 07:40:24,906] Trial 25 finished with value: 0.8333333333333334 and parameters: {'n_estimators': 40, 'max_depth': 30, 'gamma': 0.7966548554390878, 'subsample': 0.50507384062339, 'colsample_bytree': 0.6293043192966417}. Best is trial 7 with value: 0.85.
[I 2025-05-07 07:40:24,964] Trial 26 finished with value: 0.7833333333333334 and parameters: {'n_estimators': 100, 'max_depth': 30, 'gamma': 0.9125687715800846, 'subsample': 0.7259258937082612, 'colsample_bytree': 0.6827552625458786}. Best is trial 7 with value: 0.85.
[I 2025-05-07 07:40:25,022] Trial 27 finished with value: 0.7833333333333334 and parameters: {'n_estimators': 100, 'max_depth': 30, 'gamma': 0.7588992651921819, 'subsample': 0.5988714508236616, 'colsample_bytree': 0.7242437402714926}. Best is trial 7 with value: 0.85.
[I 2025-05-07 07:40:25,071] Trial 28 finished with value: 0.8333333333333333 and parameters: {'n_estimators': 10, 'max_depth': 5, 'gamma': 0.9444911217586079, 'subsample': 0.6520474549994562, 'colsample_bytree': 0.6617301765623057}. Best is trial 7 with value: 0.85.
[I 2025-05-07 07:40:25,110] Trial 29 finished with value: 0.8333333333333334 and parameters: {'n_estimators': 40, 'max_depth': 30, 'gamma': 0.6689341258171893, 'subsample': 0.5389308219732016, 'colsample_bytree': 0.5530887927752743}. Best is trial 7 with value: 0.85.
[I 2025-05-07 07:40:27,608] A new study created in memory with name: rf
Parámetros guardados en checkpoint_shoppers_Doriginal_Roriginal_C/random/IPC_30/best_models_random_seed_17_space_original/xgb_best_params.json


>>> Optuna tuning rf metodo random IPC 30 seed 17


[I 2025-05-07 07:40:29,936] Trial 0 finished with value: 0.7499999999999999 and parameters: {'n_estimators': 218, 'max_depth': 12, 'min_samples_split': 3, 'min_samples_leaf': 1}. Best is trial 0 with value: 0.7499999999999999.
[I 2025-05-07 07:40:30,536] Trial 1 finished with value: 0.7666666666666666 and parameters: {'n_estimators': 415, 'max_depth': 14, 'min_samples_split': 7, 'min_samples_leaf': 6}. Best is trial 1 with value: 0.7666666666666666.
[I 2025-05-07 07:40:30,753] Trial 2 finished with value: 0.75 and parameters: {'n_estimators': 115, 'max_depth': 9, 'min_samples_split': 10, 'min_samples_leaf': 1}. Best is trial 1 with value: 0.7666666666666666.
[I 2025-05-07 07:40:31,288] Trial 3 finished with value: 0.7666666666666666 and parameters: {'n_estimators': 446, 'max_depth': 18, 'min_samples_split': 2, 'min_samples_leaf': 7}. Best is trial 1 with value: 0.7666666666666666.
[I 2025-05-07 07:40:31,665] Trial 4 finished with value: 0.7666666666666666 and parameters: {'n_estimators': 321, 'max_depth': 13, 'min_samples_split': 6, 'min_samples_leaf': 3}. Best is trial 1 with value: 0.7666666666666666.
[I 2025-05-07 07:40:31,975] Trial 5 finished with value: 0.7666666666666666 and parameters: {'n_estimators': 219, 'max_depth': 13, 'min_samples_split': 5, 'min_samples_leaf': 8}. Best is trial 1 with value: 0.7666666666666666.
[I 2025-05-07 07:40:32,414] Trial 6 finished with value: 0.7166666666666666 and parameters: {'n_estimators': 267, 'max_depth': 5, 'min_samples_split': 3, 'min_samples_leaf': 1}. Best is trial 1 with value: 0.7666666666666666.
[I 2025-05-07 07:40:32,912] Trial 7 finished with value: 0.7666666666666666 and parameters: {'n_estimators': 387, 'max_depth': 8, 'min_samples_split': 3, 'min_samples_leaf': 9}. Best is trial 1 with value: 0.7666666666666666.
[I 2025-05-07 07:40:33,540] Trial 8 finished with value: 0.7666666666666666 and parameters: {'n_estimators': 327, 'max_depth': 4, 'min_samples_split': 6, 'min_samples_leaf': 2}. Best is trial 1 with value: 0.7666666666666666.
