[I 2025-05-07 04:18:46,631] Trial 13 finished with value: 0.85 and parameters: {'n_estimators': 306, 'max_depth': 8, 'min_samples_split': 3, 'min_samples_leaf': 3}. Best is trial 7 with value: 0.9.
[I 2025-05-07 04:18:47,088] Trial 14 finished with value: 0.85 and parameters: {'n_estimators': 424, 'max_depth': 14, 'min_samples_split': 2, 'min_samples_leaf': 6}. Best is trial 7 with value: 0.9.
[I 2025-05-07 04:18:47,503] Trial 15 finished with value: 0.9 and parameters: {'n_estimators': 370, 'max_depth': 18, 'min_samples_split': 3, 'min_samples_leaf': 4}. Best is trial 7 with value: 0.9.
[I 2025-05-07 04:18:47,889] Trial 16 finished with value: 0.75 and parameters: {'n_estimators': 298, 'max_depth': 7, 'min_samples_split': 3, 'min_samples_leaf': 3}. Best is trial 7 with value: 0.9.
[I 2025-05-07 04:18:48,396] Trial 17 finished with value: 0.55 and parameters: {'n_estimators': 444, 'max_depth': 14, 'min_samples_split': 4, 'min_samples_leaf': 7}. Best is trial 7 with value: 0.9.
[I 2025-05-07 04:18:48,802] Trial 18 finished with value: 0.85 and parameters: {'n_estimators': 317, 'max_depth': 17, 'min_samples_split': 9, 'min_samples_leaf': 4}. Best is trial 7 with value: 0.9.
[I 2025-05-07 04:18:49,119] Trial 19 finished with value: 0.5 and parameters: {'n_estimators': 266, 'max_depth': 13, 'min_samples_split': 2, 'min_samples_leaf': 7}. Best is trial 7 with value: 0.9.
[I 2025-05-07 04:18:49,556] Trial 20 finished with value: 0.85 and parameters: {'n_estimators': 374, 'max_depth': 10, 'min_samples_split': 5, 'min_samples_leaf': 2}. Best is trial 7 with value: 0.9.
[I 2025-05-07 04:18:50,003] Trial 21 finished with value: 0.85 and parameters: {'n_estimators': 367, 'max_depth': 20, 'min_samples_split': 3, 'min_samples_leaf': 4}. Best is trial 7 with value: 0.9.
[I 2025-05-07 04:18:50,429] Trial 22 finished with value: 0.9 and parameters: {'n_estimators': 397, 'max_depth': 18, 'min_samples_split': 3, 'min_samples_leaf': 4}. Best is trial 7 with value: 0.9.
[I 2025-05-07 04:18:50,789] Trial 23 finished with value: 0.8 and parameters: {'n_estimators': 330, 'max_depth': 17, 'min_samples_split': 4, 'min_samples_leaf': 5}. Best is trial 7 with value: 0.9.
[I 2025-05-07 04:18:51,138] Trial 24 finished with value: 0.8 and parameters: {'n_estimators': 287, 'max_depth': 19, 'min_samples_split': 3, 'min_samples_leaf': 6}. Best is trial 7 with value: 0.9.
[I 2025-05-07 04:18:51,596] Trial 25 finished with value: 0.8 and parameters: {'n_estimators': 436, 'max_depth': 16, 'min_samples_split': 2, 'min_samples_leaf': 4}. Best is trial 7 with value: 0.9.
[I 2025-05-07 04:18:52,022] Trial 26 finished with value: 0.5 and parameters: {'n_estimators': 366, 'max_depth': 13, 'min_samples_split': 4, 'min_samples_leaf': 7}. Best is trial 7 with value: 0.9.
[I 2025-05-07 04:18:52,484] Trial 27 finished with value: 0.9 and parameters: {'n_estimators': 382, 'max_depth': 18, 'min_samples_split': 3, 'min_samples_leaf': 2}. Best is trial 7 with value: 0.9.
[I 2025-05-07 04:18:52,786] Trial 28 finished with value: 0.8 and parameters: {'n_estimators': 213, 'max_depth': 15, 'min_samples_split': 7, 'min_samples_leaf': 5}. Best is trial 7 with value: 0.9.
[I 2025-05-07 04:18:52,983] Trial 29 finished with value: 0.8 and parameters: {'n_estimators': 118, 'max_depth': 9, 'min_samples_split': 5, 'min_samples_leaf': 6}. Best is trial 7 with value: 0.9.
[I 2025-05-07 04:18:57,354] A new study created in memory with name: svc
Parámetros guardados en checkpoint_shoppers_Doriginal_Roriginal_B/ag/IPC_10/best_models_ag_seed_7_space_original/rf_best_params.json


>>> Optuna tuning svc metodo ag IPC 10 seed 7


[I 2025-05-07 04:18:58,655] Trial 0 finished with value: 0.35 and parameters: {'C': 0.020194502448102298, 'gamma': 0.13172711156111802}. Best is trial 0 with value: 0.35.
[I 2025-05-07 04:18:58,703] Trial 1 finished with value: 0.35 and parameters: {'C': 0.5670703311028815, 'gamma': 0.0783178418343345}. Best is trial 0 with value: 0.35.
[I 2025-05-07 04:18:58,721] Trial 2 finished with value: 0.55 and parameters: {'C': 81.65034948781698, 'gamma': 0.014255533717547383}. Best is trial 2 with value: 0.55.
[I 2025-05-07 04:18:58,735] Trial 3 finished with value: 0.5 and parameters: {'C': 1.0103732850016278, 'gamma': 0.00019418001640357854}. Best is trial 2 with value: 0.55.
[I 2025-05-07 04:18:58,750] Trial 4 finished with value: 0.45 and parameters: {'C': 0.11851025167261421, 'gamma': 0.00998918377985214}. Best is trial 2 with value: 0.55.
[I 2025-05-07 04:18:58,774] Trial 5 finished with value: 0.3 and parameters: {'C': 5.2109869371584665, 'gamma': 0.16404241128227343}. Best is trial 2 with value: 0.55.
[I 2025-05-07 04:18:58,789] Trial 6 finished with value: 0.5 and parameters: {'C': 0.3340138940215422, 'gamma': 0.00018354619576988685}. Best is trial 2 with value: 0.55.
[I 2025-05-07 04:18:58,802] Trial 7 finished with value: 0.3 and parameters: {'C': 0.1420961781588805, 'gamma': 0.434884682155233}. Best is trial 2 with value: 0.55.
[I 2025-05-07 04:18:58,816] Trial 8 finished with value: 0.5 and parameters: {'C': 0.07137422643361827, 'gamma': 0.006434219125545069}. Best is trial 2 with value: 0.55.
[I 2025-05-07 04:18:58,830] Trial 9 finished with value: 0.45 and parameters: {'C': 53.066944048916255, 'gamma': 0.00012577574840733457}. Best is trial 2 with value: 0.55.
[I 2025-05-07 04:18:58,854] Trial 10 finished with value: 0.5 and parameters: {'C': 60.67266858458046, 'gamma': 0.001366002544888146}. Best is trial 2 with value: 0.55.
[I 2025-05-07 04:18:59,516] Trial 11 finished with value: 0.45 and parameters: {'C': 4.325660574218245, 'gamma': 0.0015573062962550724}. Best is trial 2 with value: 0.55.
[I 2025-05-07 04:19:00,195] Trial 12 finished with value: 0.45 and parameters: {'C': 4.336211866097817, 'gamma': 0.0015550119929728658}. Best is trial 2 with value: 0.55.
[I 2025-05-07 04:19:00,218] Trial 13 finished with value: 0.45 and parameters: {'C': 15.260750517317483, 'gamma': 0.029237491574964438}. Best is trial 2 with value: 0.55.
[I 2025-05-07 04:19:00,242] Trial 14 finished with value: 0.5 and parameters: {'C': 1.4632598931769052, 'gamma': 0.0006161994282190085}. Best is trial 2 with value: 0.55.
[I 2025-05-07 04:19:00,263] Trial 15 finished with value: 0.5 and parameters: {'C': 0.011382032550819807, 'gamma': 0.005112934943977631}. Best is trial 2 with value: 0.55.
[I 2025-05-07 04:19:00,284] Trial 16 finished with value: 0.45 and parameters: {'C': 12.56062275226981, 'gamma': 0.02876052777792657}. Best is trial 2 with value: 0.55.
[I 2025-05-07 04:19:00,307] Trial 17 finished with value: 0.4 and parameters: {'C': 1.4971265294933267, 'gamma': 0.02909441197801231}. Best is trial 2 with value: 0.55.
[I 2025-05-07 04:19:00,332] Trial 18 finished with value: 0.45 and parameters: {'C': 88.0454442070191, 'gamma': 0.00043822635874631646}. Best is trial 2 with value: 0.55.
[I 2025-05-07 04:19:00,356] Trial 19 finished with value: 0.45 and parameters: {'C': 18.187153459490982, 'gamma': 0.0031811906699623924}. Best is trial 2 with value: 0.55.
[I 2025-05-07 04:19:00,377] Trial 20 finished with value: 0.5 and parameters: {'C': 0.032142057603809365, 'gamma': 0.00034923208933370135}. Best is trial 2 with value: 0.55.
[I 2025-05-07 04:19:00,398] Trial 21 finished with value: 0.5 and parameters: {'C': 0.6823931442442103, 'gamma': 0.00012164057185276342}. Best is trial 2 with value: 0.55.
[I 2025-05-07 04:19:00,419] Trial 22 finished with value: 0.5 and parameters: {'C': 0.5105971429390127, 'gamma': 0.00023314177415426312}. Best is trial 2 with value: 0.55.
[I 2025-05-07 04:19:01,048] Trial 23 finished with value: 0.5 and parameters: {'C': 0.3111101623894331, 'gamma': 0.0007521858105795956}. Best is trial 2 with value: 0.55.
[I 2025-05-07 04:19:01,071] Trial 24 finished with value: 0.45 and parameters: {'C': 0.2192900099877371, 'gamma': 0.016621464841081606}. Best is trial 2 with value: 0.55.
[I 2025-05-07 04:19:01,092] Trial 25 finished with value: 0.5 and parameters: {'C': 0.05958678907411468, 'gamma': 0.00019812504263091877}. Best is trial 2 with value: 0.55.
[I 2025-05-07 04:19:01,115] Trial 26 finished with value: 0.45 and parameters: {'C': 2.2930665207890755, 'gamma': 0.002784153459634543}. Best is trial 2 with value: 0.55.
[I 2025-05-07 04:19:01,151] Trial 27 finished with value: 0.5 and parameters: {'C': 22.958054697114637, 'gamma': 0.00010342900308631468}. Best is trial 2 with value: 0.55.
[I 2025-05-07 04:19:01,175] Trial 28 finished with value: 0.5 and parameters: {'C': 0.31484011248396765, 'gamma': 0.0008643468284888986}. Best is trial 2 with value: 0.55.
[I 2025-05-07 04:19:01,201] Trial 29 finished with value: 0.35 and parameters: {'C': 0.026682517027982147, 'gamma': 0.10293716597227427}. Best is trial 2 with value: 0.55.
[I 2025-05-07 04:19:04,146] A new study created in memory with name: logreg
Parámetros guardados en checkpoint_shoppers_Doriginal_Roriginal_B/ag/IPC_10/best_models_ag_seed_7_space_original/svc_best_params.json


>>> Optuna tuning logreg metodo ag IPC 10 seed 7


[I 2025-05-07 04:19:06,504] Trial 0 finished with value: 0.45 and parameters: {'C': 0.002407362254570802, 'penalty': 'l2'}. Best is trial 0 with value: 0.45.
[I 2025-05-07 04:19:06,594] Trial 1 finished with value: 0.65 and parameters: {'C': 7.935859334260497, 'penalty': 'l2'}. Best is trial 1 with value: 0.65.
[I 2025-05-07 04:19:06,622] Trial 2 finished with value: 0.55 and parameters: {'C': 0.15561310098067915, 'penalty': 'l2'}. Best is trial 1 with value: 0.65.
[I 2025-05-07 04:19:06,649] Trial 3 finished with value: 0.6 and parameters: {'C': 4.143104515916128, 'penalty': 'l2'}. Best is trial 1 with value: 0.65.
[I 2025-05-07 04:19:06,674] Trial 4 finished with value: 0.65 and parameters: {'C': 77.61533923098803, 'penalty': 'l2'}. Best is trial 1 with value: 0.65.
[I 2025-05-07 04:19:06,698] Trial 5 finished with value: 0.55 and parameters: {'C': 0.49258292359934785, 'penalty': 'l2'}. Best is trial 1 with value: 0.65.
[I 2025-05-07 04:19:06,723] Trial 6 finished with value: 0.55 and parameters: {'C': 0.320333470047146, 'penalty': 'l2'}. Best is trial 1 with value: 0.65.
[I 2025-05-07 04:19:06,738] Trial 7 finished with value: 0.45 and parameters: {'C': 0.002292216671132896, 'penalty': 'l2'}. Best is trial 1 with value: 0.65.
[I 2025-05-07 04:19:06,763] Trial 8 finished with value: 0.45 and parameters: {'C': 0.0219884643872214, 'penalty': 'l2'}. Best is trial 1 with value: 0.65.
[I 2025-05-07 04:19:06,788] Trial 9 finished with value: 0.55 and parameters: {'C': 0.31580027519646636, 'penalty': 'l2'}. Best is trial 1 with value: 0.65.
[I 2025-05-07 04:19:06,819] Trial 10 finished with value: 0.65 and parameters: {'C': 47.045226746887316, 'penalty': 'l2'}. Best is trial 1 with value: 0.65.
[I 2025-05-07 04:19:07,486] Trial 11 finished with value: 0.65 and parameters: {'C': 64.69271142141261, 'penalty': 'l2'}. Best is trial 1 with value: 0.65.
[I 2025-05-07 04:19:08,144] Trial 12 finished with value: 0.7 and parameters: {'C': 9.818422820991712, 'penalty': 'l2'}. Best is trial 12 with value: 0.7.
[I 2025-05-07 04:19:08,174] Trial 13 finished with value: 0.6 and parameters: {'C': 5.61227222197196, 'penalty': 'l2'}. Best is trial 12 with value: 0.7.
[I 2025-05-07 04:19:08,201] Trial 14 finished with value: 0.6 and parameters: {'C': 4.943974656265602, 'penalty': 'l2'}. Best is trial 12 with value: 0.7.
[I 2025-05-07 04:19:08,233] Trial 15 finished with value: 0.65 and parameters: {'C': 14.507742036109375, 'penalty': 'l2'}. Best is trial 12 with value: 0.7.
[I 2025-05-07 04:19:08,263] Trial 16 finished with value: 0.6 and parameters: {'C': 1.4110100240314605, 'penalty': 'l2'}. Best is trial 12 with value: 0.7.
[I 2025-05-07 04:19:08,294] Trial 17 finished with value: 0.65 and parameters: {'C': 14.337956040904547, 'penalty': 'l2'}. Best is trial 12 with value: 0.7.
[I 2025-05-07 04:19:08,922] Trial 18 finished with value: 0.5 and parameters: {'C': 0.059497234598840446, 'penalty': 'l2'}. Best is trial 12 with value: 0.7.
[I 2025-05-07 04:19:09,561] Trial 19 finished with value: 0.6 and parameters: {'C': 2.0015762518086806, 'penalty': 'l2'}. Best is trial 12 with value: 0.7.
[I 2025-05-07 04:19:09,593] Trial 20 finished with value: 0.65 and parameters: {'C': 20.37422894544439, 'penalty': 'l2'}. Best is trial 12 with value: 0.7.
[I 2025-05-07 04:19:09,622] Trial 21 finished with value: 0.65 and parameters: {'C': 69.40514713081484, 'penalty': 'l2'}. Best is trial 12 with value: 0.7.
[I 2025-05-07 04:19:09,650] Trial 22 finished with value: 0.65 and parameters: {'C': 21.62313452406567, 'penalty': 'l2'}. Best is trial 12 with value: 0.7.
[I 2025-05-07 04:19:09,682] Trial 23 finished with value: 0.65 and parameters: {'C': 94.10909745040458, 'penalty': 'l2'}. Best is trial 12 with value: 0.7.
[I 2025-05-07 04:19:09,714] Trial 24 finished with value: 0.6 and parameters: {'C': 1.097679657972044, 'penalty': 'l2'}. Best is trial 12 with value: 0.7.
[I 2025-05-07 04:19:09,745] Trial 25 finished with value: 0.65 and parameters: {'C': 7.947051509207955, 'penalty': 'l2'}. Best is trial 12 with value: 0.7.
[I 2025-05-07 04:19:09,774] Trial 26 finished with value: 0.65 and parameters: {'C': 30.6252268197785, 'penalty': 'l2'}. Best is trial 12 with value: 0.7.
[I 2025-05-07 04:19:09,806] Trial 27 finished with value: 0.6 and parameters: {'C': 2.1439018821658067, 'penalty': 'l2'}. Best is trial 12 with value: 0.7.
[I 2025-05-07 04:19:09,834] Trial 28 finished with value: 0.7 and parameters: {'C': 9.970264513312285, 'penalty': 'l2'}. Best is trial 12 with value: 0.7.
[I 2025-05-07 04:19:09,854] Trial 29 finished with value: 0.45 and parameters: {'C': 0.011104103350344362, 'penalty': 'l2'}. Best is trial 12 with value: 0.7.
[I 2025-05-07 04:19:13,359] A new study created in memory with name: mlp
Parámetros guardados en checkpoint_shoppers_Doriginal_Roriginal_B/ag/IPC_10/best_models_ag_seed_7_space_original/logreg_best_params.json


>>> Optuna tuning mlp metodo ag IPC 10 seed 7


/data/home/rtabares/anaconda3/envs/pyth3.12/lib/python3.12/site-packages/sklearn/neural_network/_multilayer_perceptron.py:691: ConvergenceWarning: Stochastic Optimizer: Maximum iterations (100) reached and the optimization hasn't converged yet.
  warnings.warn(
/data/home/rtabares/anaconda3/envs/pyth3.12/lib/python3.12/site-packages/sklearn/neural_network/_multilayer_perceptron.py:691: ConvergenceWarning: Stochastic Optimizer: Maximum iterations (100) reached and the optimization hasn't converged yet.
  warnings.warn(
/data/home/rtabares/anaconda3/envs/pyth3.12/lib/python3.12/site-packages/sklearn/neural_network/_multilayer_perceptron.py:691: ConvergenceWarning: Stochastic Optimizer: Maximum iterations (100) reached and the optimization hasn't converged yet.
  warnings.warn(
/data/home/rtabares/anaconda3/envs/pyth3.12/lib/python3.12/site-packages/sklearn/neural_network/_multilayer_perceptron.py:691: ConvergenceWarning: Stochastic Optimizer: Maximum iterations (100) reached and the optimization hasn't converged yet.
  warnings.warn(
/data/home/rtabares/anaconda3/envs/pyth3.12/lib/python3.12/site-packages/sklearn/neural_network/_multilayer_perceptron.py:691: ConvergenceWarning: Stochastic Optimizer: Maximum iterations (100) reached and the optimization hasn't converged yet.
  warnings.warn(
[I 2025-05-07 04:19:14,765] Trial 0 finished with value: 0.5 and parameters: {'hidden_layer_sizes': (200,), 'max_iter': 100, 'alpha': 0.0001}. Best is trial 0 with value: 0.5.
/data/home/rtabares/anaconda3/envs/pyth3.12/lib/python3.12/site-packages/sklearn/neural_network/_multilayer_perceptron.py:691: ConvergenceWarning: Stochastic Optimizer: Maximum iterations (100) reached and the optimization hasn't converged yet.
  warnings.warn(
/data/home/rtabares/anaconda3/envs/pyth3.12/lib/python3.12/site-packages/sklearn/neural_network/_multilayer_perceptron.py:691: ConvergenceWarning: Stochastic Optimizer: Maximum iterations (100) reached and the optimization hasn't converged yet.
  warnings.warn(
/data/home/rtabares/anaconda3/envs/pyth3.12/lib/python3.12/site-packages/sklearn/neural_network/_multilayer_perceptron.py:691: ConvergenceWarning: Stochastic Optimizer: Maximum iterations (100) reached and the optimization hasn't converged yet.
  warnings.warn(
/data/home/rtabares/anaconda3/envs/pyth3.12/lib/python3.12/site-packages/sklearn/neural_network/_multilayer_perceptron.py:691: ConvergenceWarning: Stochastic Optimizer: Maximum iterations (100) reached and the optimization hasn't converged yet.
  warnings.warn(
/data/home/rtabares/anaconda3/envs/pyth3.12/lib/python3.12/site-packages/sklearn/neural_network/_multilayer_perceptron.py:691: ConvergenceWarning: Stochastic Optimizer: Maximum iterations (100) reached and the optimization hasn't converged yet.
  warnings.warn(
[I 2025-05-07 04:19:14,882] Trial 1 finished with value: 0.4 and parameters: {'hidden_layer_sizes': (100, 100), 'max_iter': 100, 'alpha': 0.0001}. Best is trial 0 with value: 0.5.
/data/home/rtabares/anaconda3/envs/pyth3.12/lib/python3.12/site-packages/sklearn/neural_network/_multilayer_perceptron.py:691: ConvergenceWarning: Stochastic Optimizer: Maximum iterations (100) reached and the optimization hasn't converged yet.
  warnings.warn(
/data/home/rtabares/anaconda3/envs/pyth3.12/lib/python3.12/site-packages/sklearn/neural_network/_multilayer_perceptron.py:691: ConvergenceWarning: Stochastic Optimizer: Maximum iterations (100) reached and the optimization hasn't converged yet.
  warnings.warn(
/data/home/rtabares/anaconda3/envs/pyth3.12/lib/python3.12/site-packages/sklearn/neural_network/_multilayer_perceptron.py:691: ConvergenceWarning: Stochastic Optimizer: Maximum iterations (100) reached and the optimization hasn't converged yet.
  warnings.warn(
/data/home/rtabares/anaconda3/envs/pyth3.12/lib/python3.12/site-packages/sklearn/neural_network/_multilayer_perceptron.py:691: ConvergenceWarning: Stochastic Optimizer: Maximum iterations (100) reached and the optimization hasn't converged yet.
  warnings.warn(
/data/home/rtabares/anaconda3/envs/pyth3.12/lib/python3.12/site-packages/sklearn/neural_network/_multilayer_perceptron.py:691: ConvergenceWarning: Stochastic Optimizer: Maximum iterations (100) reached and the optimization hasn't converged yet.
  warnings.warn(
[I 2025-05-07 04:19:14,971] Trial 2 finished with value: 0.45 and parameters: {'hidden_layer_sizes': (200,), 'max_iter': 100, 'alpha': 0.001}. Best is trial 0 with value: 0.5.
/data/home/rtabares/anaconda3/envs/pyth3.12/lib/python3.12/site-packages/sklearn/neural_network/_multilayer_perceptron.py:691: ConvergenceWarning: Stochastic Optimizer: Maximum iterations (50) reached and the optimization hasn't converged yet.
  warnings.warn(
/data/home/rtabares/anaconda3/envs/pyth3.12/lib/python3.12/site-packages/sklearn/neural_network/_multilayer_perceptron.py:691: ConvergenceWarning: Stochastic Optimizer: Maximum iterations (50) reached and the optimization hasn't converged yet.
  warnings.warn(
/data/home/rtabares/anaconda3/envs/pyth3.12/lib/python3.12/site-packages/sklearn/neural_network/_multilayer_perceptron.py:691: ConvergenceWarning: Stochastic Optimizer: Maximum iterations (50) reached and the optimization hasn't converged yet.
  warnings.warn(
/data/home/rtabares/anaconda3/envs/pyth3.12/lib/python3.12/site-packages/sklearn/neural_network/_multilayer_perceptron.py:691: ConvergenceWarning: Stochastic Optimizer: Maximum iterations (50) reached and the optimization hasn't converged yet.
  warnings.warn(
/data/home/rtabares/anaconda3/envs/pyth3.12/lib/python3.12/site-packages/sklearn/neural_network/_multilayer_perceptron.py:691: ConvergenceWarning: Stochastic Optimizer: Maximum iterations (50) reached and the optimization hasn't converged yet.
  warnings.warn(
[I 2025-05-07 04:19:15,018] Trial 3 finished with value: 0.5 and parameters: {'hidden_layer_sizes': (100,), 'max_iter': 50, 'alpha': 0.001}. Best is trial 0 with value: 0.5.
/data/home/rtabares/anaconda3/envs/pyth3.12/lib/python3.12/site-packages/sklearn/neural_network/_multilayer_perceptron.py:691: ConvergenceWarning: Stochastic Optimizer: Maximum iterations (50) reached and the optimization hasn't converged yet.
  warnings.warn(
/data/home/rtabares/anaconda3/envs/pyth3.12/lib/python3.12/site-packages/sklearn/neural_network/_multilayer_perceptron.py:691: ConvergenceWarning: Stochastic Optimizer: Maximum iterations (50) reached and the optimization hasn't converged yet.
  warnings.warn(
/data/home/rtabares/anaconda3/envs/pyth3.12/lib/python3.12/site-packages/sklearn/neural_network/_multilayer_perceptron.py:691: ConvergenceWarning: Stochastic Optimizer: Maximum iterations (50) reached and the optimization hasn't converged yet.
  warnings.warn(
/data/home/rtabares/anaconda3/envs/pyth3.12/lib/python3.12/site-packages/sklearn/neural_network/_multilayer_perceptron.py:691: ConvergenceWarning: Stochastic Optimizer: Maximum iterations (50) reached and the optimization hasn't converged yet.
  warnings.warn(
/data/home/rtabares/anaconda3/envs/pyth3.12/lib/python3.12/site-packages/sklearn/neural_network/_multilayer_perceptron.py:691: ConvergenceWarning: Stochastic Optimizer: Maximum iterations (50) reached and the optimization hasn't converged yet.
  warnings.warn(
