[I 2025-05-07 07:35:56,003] Trial 16 finished with value: 0.8166666666666668 and parameters: {'n_estimators': 100, 'max_depth': 20, 'gamma': 0.19270075157091357, 'subsample': 0.9947698820888423, 'colsample_bytree': 0.6624137647659064}. Best is trial 11 with value: 0.85.
/data/home/rtabares/anaconda3/envs/pyth3.12/lib/python3.12/site-packages/xgboost/core.py:377: FutureWarning: Your system has an old version of glibc (< 2.28). We will stop supporting Linux distros with glibc older than 2.28 after **May 31, 2025**. Please upgrade to a recent Linux distro (with glibc >= 2.28) to use future versions of XGBoost.
Note: You have installed the 'manylinux2014' variant of XGBoost. Certain features such as GPU algorithms or federated learning are not available. To use these features, please upgrade to a recent Linux distro with glibc 2.28+, and install the 'manylinux_2_28' variant.
  warnings.warn(
[I 2025-05-07 07:35:56,694] Trial 17 finished with value: 0.8166666666666668 and parameters: {'n_estimators': 100, 'max_depth': 20, 'gamma': 0.47572240172647334, 'subsample': 0.7270381727002296, 'colsample_bytree': 0.5048988430107221}. Best is trial 11 with value: 0.85.
[I 2025-05-07 07:35:56,742] Trial 18 finished with value: 0.85 and parameters: {'n_estimators': 100, 'max_depth': 20, 'gamma': 0.31487014900824795, 'subsample': 0.880788195139417, 'colsample_bytree': 0.8084713074114223}. Best is trial 11 with value: 0.85.
[I 2025-05-07 07:35:56,791] Trial 19 finished with value: 0.8333333333333334 and parameters: {'n_estimators': 100, 'max_depth': 20, 'gamma': 0.3305749774098906, 'subsample': 0.8757865876536103, 'colsample_bytree': 0.8197865612348534}. Best is trial 11 with value: 0.85.
[I 2025-05-07 07:35:56,841] Trial 20 finished with value: 0.8166666666666668 and parameters: {'n_estimators': 100, 'max_depth': 30, 'gamma': 0.5052150218763312, 'subsample': 0.7250855654180077, 'colsample_bytree': 0.8993624195334355}. Best is trial 11 with value: 0.85.
[I 2025-05-07 07:35:56,890] Trial 21 finished with value: 0.8333333333333334 and parameters: {'n_estimators': 100, 'max_depth': 20, 'gamma': 0.1790633397106668, 'subsample': 0.9471154761333089, 'colsample_bytree': 0.7857664791910174}. Best is trial 11 with value: 0.85.
[I 2025-05-07 07:35:56,939] Trial 22 finished with value: 0.8666666666666668 and parameters: {'n_estimators': 100, 'max_depth': 20, 'gamma': 0.16098199092915544, 'subsample': 0.8782600035094528, 'colsample_bytree': 0.6769420366969541}. Best is trial 22 with value: 0.8666666666666668.
[I 2025-05-07 07:35:57,006] Trial 23 finished with value: 0.85 and parameters: {'n_estimators': 100, 'max_depth': 20, 'gamma': 0.2961380155275099, 'subsample': 0.8721204308247065, 'colsample_bytree': 0.6972925730641003}. Best is trial 22 with value: 0.8666666666666668.
[I 2025-05-07 07:35:57,055] Trial 24 finished with value: 0.8 and parameters: {'n_estimators': 100, 'max_depth': 20, 'gamma': 0.19256491011833685, 'subsample': 0.8679486675257524, 'colsample_bytree': 0.8836629621331569}. Best is trial 22 with value: 0.8666666666666668.
[I 2025-05-07 07:35:57,104] Trial 25 finished with value: 0.8333333333333334 and parameters: {'n_estimators': 100, 'max_depth': 20, 'gamma': 0.4422119265651252, 'subsample': 0.9289142644968372, 'colsample_bytree': 0.6771347884190139}. Best is trial 22 with value: 0.8666666666666668.
[I 2025-05-07 07:35:57,152] Trial 26 finished with value: 0.8 and parameters: {'n_estimators': 100, 'max_depth': 20, 'gamma': 0.34091983155118755, 'subsample': 0.5155416619087121, 'colsample_bytree': 0.7781657433694061}. Best is trial 22 with value: 0.8666666666666668.
[I 2025-05-07 07:35:57,200] Trial 27 finished with value: 0.8 and parameters: {'n_estimators': 100, 'max_depth': 20, 'gamma': 0.20654358739000303, 'subsample': 0.765452619925693, 'colsample_bytree': 0.5595448441293539}. Best is trial 22 with value: 0.8666666666666668.
[I 2025-05-07 07:35:57,248] Trial 28 finished with value: 0.7833333333333334 and parameters: {'n_estimators': 100, 'max_depth': 30, 'gamma': 0.3015092480287669, 'subsample': 0.8821676662978095, 'colsample_bytree': 0.7752213279895928}. Best is trial 22 with value: 0.8666666666666668.
[I 2025-05-07 07:35:57,288] Trial 29 finished with value: 0.8 and parameters: {'n_estimators': 10, 'max_depth': 20, 'gamma': 0.8251923399213328, 'subsample': 0.5726014622281277, 'colsample_bytree': 0.6830012552102472}. Best is trial 22 with value: 0.8666666666666668.
[I 2025-05-07 07:36:00,842] A new study created in memory with name: rf
Parámetros guardados en checkpoint_shoppers_Doriginal_Roriginal_C/random/IPC_30/best_models_random_seed_12_space_original/xgb_best_params.json


>>> Optuna tuning rf metodo random IPC 30 seed 12


[I 2025-05-07 07:36:02,180] Trial 0 finished with value: 0.7333333333333332 and parameters: {'n_estimators': 161, 'max_depth': 16, 'min_samples_split': 4, 'min_samples_leaf': 6}. Best is trial 0 with value: 0.7333333333333332.
[I 2025-05-07 07:36:02,347] Trial 1 finished with value: 0.7333333333333334 and parameters: {'n_estimators': 105, 'max_depth': 19, 'min_samples_split': 10, 'min_samples_leaf': 1}. Best is trial 1 with value: 0.7333333333333334.
[I 2025-05-07 07:36:02,910] Trial 2 finished with value: 0.7333333333333332 and parameters: {'n_estimators': 483, 'max_depth': 5, 'min_samples_split': 4, 'min_samples_leaf': 7}. Best is trial 1 with value: 0.7333333333333334.
[I 2025-05-07 07:36:03,493] Trial 3 finished with value: 0.75 and parameters: {'n_estimators': 478, 'max_depth': 18, 'min_samples_split': 2, 'min_samples_leaf': 6}. Best is trial 3 with value: 0.75.
[I 2025-05-07 07:36:03,893] Trial 4 finished with value: 0.7333333333333332 and parameters: {'n_estimators': 321, 'max_depth': 11, 'min_samples_split': 8, 'min_samples_leaf': 2}. Best is trial 3 with value: 0.75.
[I 2025-05-07 07:36:04,425] Trial 5 finished with value: 0.75 and parameters: {'n_estimators': 406, 'max_depth': 3, 'min_samples_split': 3, 'min_samples_leaf': 2}. Best is trial 3 with value: 0.75.
[I 2025-05-07 07:36:04,744] Trial 6 finished with value: 0.75 and parameters: {'n_estimators': 224, 'max_depth': 15, 'min_samples_split': 6, 'min_samples_leaf': 9}. Best is trial 3 with value: 0.75.
[I 2025-05-07 07:36:05,022] Trial 7 finished with value: 0.7333333333333332 and parameters: {'n_estimators': 216, 'max_depth': 16, 'min_samples_split': 8, 'min_samples_leaf': 4}. Best is trial 3 with value: 0.75.
[I 2025-05-07 07:36:05,370] Trial 8 finished with value: 0.75 and parameters: {'n_estimators': 234, 'max_depth': 20, 'min_samples_split': 7, 'min_samples_leaf': 10}. Best is trial 3 with value: 0.75.
[I 2025-05-07 07:36:05,837] Trial 9 finished with value: 0.75 and parameters: {'n_estimators': 407, 'max_depth': 17, 'min_samples_split': 5, 'min_samples_leaf': 5}. Best is trial 3 with value: 0.75.
[I 2025-05-07 07:36:06,392] Trial 10 finished with value: 0.75 and parameters: {'n_estimators': 499, 'max_depth': 11, 'min_samples_split': 2, 'min_samples_leaf': 8}. Best is trial 3 with value: 0.75.
[I 2025-05-07 07:36:07,614] Trial 11 finished with value: 0.75 and parameters: {'n_estimators': 394, 'max_depth': 3, 'min_samples_split': 2, 'min_samples_leaf': 3}. Best is trial 3 with value: 0.75.
[I 2025-05-07 07:36:08,771] Trial 12 finished with value: 0.7166666666666666 and parameters: {'n_estimators': 419, 'max_depth': 7, 'min_samples_split': 3, 'min_samples_leaf': 5}. Best is trial 3 with value: 0.75.
[I 2025-05-07 07:36:09,197] Trial 13 finished with value: 0.7666666666666668 and parameters: {'n_estimators': 339, 'max_depth': 8, 'min_samples_split': 2, 'min_samples_leaf': 3}. Best is trial 13 with value: 0.7666666666666668.
[I 2025-05-07 07:36:10,298] Trial 14 finished with value: 0.75 and parameters: {'n_estimators': 333, 'max_depth': 9, 'min_samples_split': 2, 'min_samples_leaf': 4}. Best is trial 13 with value: 0.7666666666666668.
[I 2025-05-07 07:36:10,705] Trial 15 finished with value: 0.7499999999999998 and parameters: {'n_estimators': 280, 'max_depth': 13, 'min_samples_split': 4, 'min_samples_leaf': 7}. Best is trial 13 with value: 0.7666666666666668.
[I 2025-05-07 07:36:11,210] Trial 16 finished with value: 0.7333333333333332 and parameters: {'n_estimators': 363, 'max_depth': 7, 'min_samples_split': 3, 'min_samples_leaf': 4}. Best is trial 13 with value: 0.7666666666666668.
[I 2025-05-07 07:36:11,721] Trial 17 finished with value: 0.7666666666666668 and parameters: {'n_estimators': 451, 'max_depth': 13, 'min_samples_split': 5, 'min_samples_leaf': 6}. Best is trial 13 with value: 0.7666666666666668.
[I 2025-05-07 07:36:12,256] Trial 18 finished with value: 0.75 and parameters: {'n_estimators': 446, 'max_depth': 13, 'min_samples_split': 6, 'min_samples_leaf': 1}. Best is trial 13 with value: 0.7666666666666668.
[I 2025-05-07 07:36:12,590] Trial 19 finished with value: 0.7333333333333334 and parameters: {'n_estimators': 272, 'max_depth': 9, 'min_samples_split': 10, 'min_samples_leaf': 3}. Best is trial 13 with value: 0.7666666666666668.
[I 2025-05-07 07:36:12,997] Trial 20 finished with value: 0.75 and parameters: {'n_estimators': 357, 'max_depth': 9, 'min_samples_split': 5, 'min_samples_leaf': 7}. Best is trial 13 with value: 0.7666666666666668.
[I 2025-05-07 07:36:13,606] Trial 21 finished with value: 0.7333333333333334 and parameters: {'n_estimators': 460, 'max_depth': 13, 'min_samples_split': 2, 'min_samples_leaf': 6}. Best is trial 13 with value: 0.7666666666666668.
[I 2025-05-07 07:36:14,147] Trial 22 finished with value: 0.7166666666666666 and parameters: {'n_estimators': 452, 'max_depth': 7, 'min_samples_split': 3, 'min_samples_leaf': 6}. Best is trial 13 with value: 0.7666666666666668.
[I 2025-05-07 07:36:14,600] Trial 23 finished with value: 0.7166666666666666 and parameters: {'n_estimators': 373, 'max_depth': 18, 'min_samples_split': 5, 'min_samples_leaf': 8}. Best is trial 13 with value: 0.7666666666666668.
[I 2025-05-07 07:36:15,098] Trial 24 finished with value: 0.7166666666666666 and parameters: {'n_estimators': 435, 'max_depth': 15, 'min_samples_split': 4, 'min_samples_leaf': 5}. Best is trial 13 with value: 0.7666666666666668.
[I 2025-05-07 07:36:15,755] Trial 25 finished with value: 0.75 and parameters: {'n_estimators': 476, 'max_depth': 20, 'min_samples_split': 7, 'min_samples_leaf': 8}. Best is trial 13 with value: 0.7666666666666668.
[I 2025-05-07 07:36:16,403] Trial 26 finished with value: 0.75 and parameters: {'n_estimators': 314, 'max_depth': 10, 'min_samples_split': 3, 'min_samples_leaf': 3}. Best is trial 13 with value: 0.7666666666666668.
[I 2025-05-07 07:36:17,285] Trial 27 finished with value: 0.7333333333333332 and parameters: {'n_estimators': 387, 'max_depth': 12, 'min_samples_split': 2, 'min_samples_leaf': 6}. Best is trial 13 with value: 0.7666666666666668.
[I 2025-05-07 07:36:18,132] Trial 28 finished with value: 0.7333333333333334 and parameters: {'n_estimators': 430, 'max_depth': 5, 'min_samples_split': 9, 'min_samples_leaf': 4}. Best is trial 13 with value: 0.7666666666666668.
[I 2025-05-07 07:36:18,403] Trial 29 finished with value: 0.7666666666666666 and parameters: {'n_estimators': 137, 'max_depth': 15, 'min_samples_split': 5, 'min_samples_leaf': 7}. Best is trial 13 with value: 0.7666666666666668.
[I 2025-05-07 07:36:24,441] A new study created in memory with name: svc
Parámetros guardados en checkpoint_shoppers_Doriginal_Roriginal_C/random/IPC_30/best_models_random_seed_12_space_original/rf_best_params.json


>>> Optuna tuning svc metodo random IPC 30 seed 12


[I 2025-05-07 07:36:24,975] Trial 0 finished with value: 0.7333333333333334 and parameters: {'C': 0.041366746937921126, 'gamma': 0.09124283821710859}. Best is trial 0 with value: 0.7333333333333334.
[I 2025-05-07 07:36:25,000] Trial 1 finished with value: 0.6833333333333333 and parameters: {'C': 0.11304726526056436, 'gamma': 0.013644498361852582}. Best is trial 0 with value: 0.7333333333333334.
[I 2025-05-07 07:36:25,015] Trial 2 finished with value: 0.6833333333333333 and parameters: {'C': 0.011436676847492328, 'gamma': 0.47313822078705675}. Best is trial 0 with value: 0.7333333333333334.
[I 2025-05-07 07:36:25,038] Trial 3 finished with value: 0.7 and parameters: {'C': 40.07369758482048, 'gamma': 0.00013604597909008337}. Best is trial 0 with value: 0.7333333333333334.
[I 2025-05-07 07:36:25,053] Trial 4 finished with value: 0.75 and parameters: {'C': 67.2662698342606, 'gamma': 0.00035386473581104015}. Best is trial 4 with value: 0.75.
[I 2025-05-07 07:36:25,067] Trial 5 finished with value: 0.6833333333333333 and parameters: {'C': 0.13655682535392277, 'gamma': 0.02656640183960191}. Best is trial 4 with value: 0.75.
[I 2025-05-07 07:36:25,082] Trial 6 finished with value: 0.6333333333333334 and parameters: {'C': 59.827457125516354, 'gamma': 0.25759780877962846}. Best is trial 4 with value: 0.75.
[I 2025-05-07 07:36:25,095] Trial 7 finished with value: 0.6833333333333333 and parameters: {'C': 0.010210263120223523, 'gamma': 0.012159174995088829}. Best is trial 4 with value: 0.75.
[I 2025-05-07 07:36:25,110] Trial 8 finished with value: 0.7 and parameters: {'C': 1.6149182149891386, 'gamma': 0.00873996421887639}. Best is trial 4 with value: 0.75.
[I 2025-05-07 07:36:25,125] Trial 9 finished with value: 0.7 and parameters: {'C': 11.817799466334545, 'gamma': 0.00043940704179424103}. Best is trial 4 with value: 0.75.
[I 2025-05-07 07:36:25,147] Trial 10 finished with value: 0.7333333333333334 and parameters: {'C': 2.9738499840528183, 'gamma': 0.001394208822894975}. Best is trial 4 with value: 0.75.
[I 2025-05-07 07:36:25,827] Trial 11 finished with value: 0.7333333333333334 and parameters: {'C': 0.20189594780633183, 'gamma': 0.09166397232314456}. Best is trial 4 with value: 0.75.
[I 2025-05-07 07:36:26,507] Trial 12 finished with value: 0.75 and parameters: {'C': 8.524228823592209, 'gamma': 0.003013593657135456}. Best is trial 4 with value: 0.75.
[I 2025-05-07 07:36:26,541] Trial 13 finished with value: 0.7666666666666666 and parameters: {'C': 7.894417531080741, 'gamma': 0.0018548620561419178}. Best is trial 13 with value: 0.7666666666666666.
[I 2025-05-07 07:36:26,573] Trial 14 finished with value: 0.7 and parameters: {'C': 16.12402465237249, 'gamma': 0.0004854662815274126}. Best is trial 13 with value: 0.7666666666666666.
[I 2025-05-07 07:36:26,608] Trial 15 finished with value: 0.7 and parameters: {'C': 78.0582499903944, 'gamma': 0.00012994008623757924}. Best is trial 13 with value: 0.7666666666666666.
[I 2025-05-07 07:36:26,641] Trial 16 finished with value: 0.7 and parameters: {'C': 4.08722228799241, 'gamma': 0.0019961669180032613}. Best is trial 13 with value: 0.7666666666666666.
[I 2025-05-07 07:36:26,676] Trial 17 finished with value: 0.7 and parameters: {'C': 0.7174928713941043, 'gamma': 0.0005845380448503927}. Best is trial 13 with value: 0.7666666666666666.
[I 2025-05-07 07:36:26,700] Trial 18 finished with value: 0.7500000000000002 and parameters: {'C': 24.718438202204016, 'gamma': 0.004149971616523024}. Best is trial 13 with value: 0.7666666666666666.
[I 2025-05-07 07:36:26,725] Trial 19 finished with value: 0.7166666666666668 and parameters: {'C': 20.529427141435672, 'gamma': 0.005254504999437172}. Best is trial 13 with value: 0.7666666666666666.
[I 2025-05-07 07:36:26,749] Trial 20 finished with value: 0.7166666666666668 and parameters: {'C': 0.6363548270661548, 'gamma': 0.03203967889091933}. Best is trial 13 with value: 0.7666666666666666.
[I 2025-05-07 07:36:26,781] Trial 21 finished with value: 0.75 and parameters: {'C': 26.621326190165224, 'gamma': 0.000996847870683147}. Best is trial 13 with value: 0.7666666666666666.
[I 2025-05-07 07:36:26,815] Trial 22 finished with value: 0.7 and parameters: {'C': 5.55691972512141, 'gamma': 0.00029426823221846335}. Best is trial 13 with value: 0.7666666666666666.
[I 2025-05-07 07:36:26,839] Trial 23 finished with value: 0.7333333333333334 and parameters: {'C': 33.96775624249636, 'gamma': 0.0035583580724682148}. Best is trial 13 with value: 0.7666666666666666.
[I 2025-05-07 07:36:26,860] Trial 24 finished with value: 0.7 and parameters: {'C': 1.7918403732839965, 'gamma': 0.0008824950565463339}. Best is trial 13 with value: 0.7666666666666666.
[I 2025-05-07 07:36:26,883] Trial 25 finished with value: 0.75 and parameters: {'C': 89.38212535093166, 'gamma': 0.00025787505713750606}. Best is trial 13 with value: 0.7666666666666666.
[I 2025-05-07 07:36:26,905] Trial 26 finished with value: 0.7666666666666666 and parameters: {'C': 7.807637218643323, 'gamma': 0.002118370534496641}. Best is trial 13 with value: 0.7666666666666666.
[I 2025-05-07 07:36:26,927] Trial 27 finished with value: 0.75 and parameters: {'C': 6.358990575116331, 'gamma': 0.005407671257130885}. Best is trial 13 with value: 0.7666666666666666.
[I 2025-05-07 07:36:26,949] Trial 28 finished with value: 0.7 and parameters: {'C': 2.441305724980098, 'gamma': 0.0022892908486501543}. Best is trial 13 with value: 0.7666666666666666.
[I 2025-05-07 07:36:26,984] Trial 29 finished with value: 0.6 and parameters: {'C': 11.054857559749495, 'gamma': 0.02587766615138155}. Best is trial 13 with value: 0.7666666666666666.
[I 2025-05-07 07:36:28,835] A new study created in memory with name: logreg
[I 2025-05-07 07:36:29,397] Trial 0 finished with value: 0.75 and parameters: {'C': 0.005899486503300307, 'penalty': 'l2'}. Best is trial 0 with value: 0.75.
Parámetros guardados en checkpoint_shoppers_Doriginal_Roriginal_C/random/IPC_30/best_models_random_seed_12_space_original/svc_best_params.json


>>> Optuna tuning logreg metodo random IPC 30 seed 12


[I 2025-05-07 07:36:31,690] Trial 1 finished with value: 0.6666666666666667 and parameters: {'C': 5.014740710940881, 'penalty': 'l2'}. Best is trial 0 with value: 0.75.
[I 2025-05-07 07:36:31,808] Trial 2 finished with value: 0.75 and parameters: {'C': 0.020728843654523807, 'penalty': 'l2'}. Best is trial 0 with value: 0.75.
[I 2025-05-07 07:36:31,833] Trial 3 finished with value: 0.7166666666666666 and parameters: {'C': 0.46633387787501157, 'penalty': 'l2'}. Best is trial 0 with value: 0.75.
[I 2025-05-07 07:36:31,858] Trial 4 finished with value: 0.75 and parameters: {'C': 0.0011827005871804662, 'penalty': 'l2'}. Best is trial 0 with value: 0.75.
[I 2025-05-07 07:36:31,883] Trial 5 finished with value: 0.6833333333333332 and parameters: {'C': 39.24054590043849, 'penalty': 'l2'}. Best is trial 0 with value: 0.75.
[I 2025-05-07 07:36:31,908] Trial 6 finished with value: 0.6833333333333332 and parameters: {'C': 31.884107930484117, 'penalty': 'l2'}. Best is trial 0 with value: 0.75.
[I 2025-05-07 07:36:31,933] Trial 7 finished with value: 0.75 and parameters: {'C': 0.0014692886986216575, 'penalty': 'l2'}. Best is trial 0 with value: 0.75.
[I 2025-05-07 07:36:31,958] Trial 8 finished with value: 0.6833333333333333 and parameters: {'C': 60.91814655419528, 'penalty': 'l2'}. Best is trial 0 with value: 0.75.
[I 2025-05-07 07:36:31,984] Trial 9 finished with value: 0.75 and parameters: {'C': 0.004853405822151018, 'penalty': 'l2'}. Best is trial 0 with value: 0.75.
[I 2025-05-07 07:36:32,015] Trial 10 finished with value: 0.75 and parameters: {'C': 0.07946637035071112, 'penalty': 'l2'}. Best is trial 0 with value: 0.75.
[I 2025-05-07 07:36:32,045] Trial 11 finished with value: 0.75 and parameters: {'C': 0.02752839507946013, 'penalty': 'l2'}. Best is trial 0 with value: 0.75.
[I 2025-05-07 07:36:32,729] Trial 12 finished with value: 0.75 and parameters: {'C': 0.027917980249320098, 'penalty': 'l2'}. Best is trial 0 with value: 0.75.
[I 2025-05-07 07:36:33,369] Trial 13 finished with value: 0.7333333333333334 and parameters: {'C': 0.38450276518212473, 'penalty': 'l2'}. Best is trial 0 with value: 0.75.
[I 2025-05-07 07:36:33,399] Trial 14 finished with value: 0.75 and parameters: {'C': 0.009600536732978544, 'penalty': 'l2'}. Best is trial 0 with value: 0.75.
[I 2025-05-07 07:36:33,419] Trial 15 finished with value: 0.75 and parameters: {'C': 0.09692029998605031, 'penalty': 'l2'}. Best is trial 0 with value: 0.75.
[I 2025-05-07 07:36:33,449] Trial 16 finished with value: 0.6833333333333333 and parameters: {'C': 1.745142791851901, 'penalty': 'l2'}. Best is trial 0 with value: 0.75.
[I 2025-05-07 07:36:33,477] Trial 17 finished with value: 0.75 and parameters: {'C': 0.0055576726139924485, 'penalty': 'l2'}. Best is trial 0 with value: 0.75.
[I 2025-05-07 07:36:34,103] Trial 18 finished with value: 0.7333333333333334 and parameters: {'C': 0.03677994901270407, 'penalty': 'l2'}. Best is trial 0 with value: 0.75.
[I 2025-05-07 07:36:34,731] Trial 19 finished with value: 0.75 and parameters: {'C': 0.007014904624723816, 'penalty': 'l2'}. Best is trial 0 with value: 0.75.
[I 2025-05-07 07:36:35,370] Trial 20 finished with value: 0.75 and parameters: {'C': 0.11231846280340901, 'penalty': 'l2'}. Best is trial 0 with value: 0.75.
[I 2025-05-07 07:36:35,402] Trial 21 finished with value: 0.75 and parameters: {'C': 0.001254588052172854, 'penalty': 'l2'}. Best is trial 0 with value: 0.75.
[I 2025-05-07 07:36:35,433] Trial 22 finished with value: 0.75 and parameters: {'C': 0.002220269446516246, 'penalty': 'l2'}. Best is trial 0 with value: 0.75.
[I 2025-05-07 07:36:35,465] Trial 23 finished with value: 0.75 and parameters: {'C': 0.013964366644283728, 'penalty': 'l2'}. Best is trial 0 with value: 0.75.
[I 2025-05-07 07:36:35,487] Trial 24 finished with value: 0.75 and parameters: {'C': 0.002897770838382554, 'penalty': 'l2'}. Best is trial 0 with value: 0.75.
[I 2025-05-07 07:36:35,519] Trial 25 finished with value: 0.75 and parameters: {'C': 0.013093850083165296, 'penalty': 'l2'}. Best is trial 0 with value: 0.75.
[I 2025-05-07 07:36:35,547] Trial 26 finished with value: 0.75 and parameters: {'C': 0.0032250714280183637, 'penalty': 'l2'}. Best is trial 0 with value: 0.75.
[I 2025-05-07 07:36:35,569] Trial 27 finished with value: 0.7666666666666666 and parameters: {'C': 0.0010026950174252607, 'penalty': 'l2'}. Best is trial 27 with value: 0.7666666666666666.
