[I 2025-05-04 17:32:22,652] Trial 9 finished with value: 0.8 and parameters: {'n_estimators': 40, 'max_depth': 20, 'gamma': 0.968356042433547, 'subsample': 0.831720748909224, 'colsample_bytree': 0.8108478601045609}. Best is trial 0 with value: 0.8.
/data/home/rtabares/anaconda3/envs/pyth3.12/lib/python3.12/site-packages/xgboost/core.py:377: FutureWarning: Your system has an old version of glibc (< 2.28). We will stop supporting Linux distros with glibc older than 2.28 after **May 31, 2025**. Please upgrade to a recent Linux distro (with glibc >= 2.28) to use future versions of XGBoost.
Note: You have installed the 'manylinux2014' variant of XGBoost. Certain features such as GPU algorithms or federated learning are not available. To use these features, please upgrade to a recent Linux distro with glibc 2.28+, and install the 'manylinux_2_28' variant.
  warnings.warn(
/data/home/rtabares/anaconda3/envs/pyth3.12/lib/python3.12/site-packages/xgboost/core.py:377: FutureWarning: Your system has an old version of glibc (< 2.28). We will stop supporting Linux distros with glibc older than 2.28 after **May 31, 2025**. Please upgrade to a recent Linux distro (with glibc >= 2.28) to use future versions of XGBoost.
Note: You have installed the 'manylinux2014' variant of XGBoost. Certain features such as GPU algorithms or federated learning are not available. To use these features, please upgrade to a recent Linux distro with glibc 2.28+, and install the 'manylinux_2_28' variant.
  warnings.warn(
[I 2025-05-04 17:32:22,710] Trial 10 finished with value: 0.8 and parameters: {'n_estimators': 10, 'max_depth': 5, 'gamma': 0.35779329928055814, 'subsample': 0.5350987509859917, 'colsample_bytree': 0.6919746806534345}. Best is trial 0 with value: 0.8.
/data/home/rtabares/anaconda3/envs/pyth3.12/lib/python3.12/site-packages/xgboost/core.py:377: FutureWarning: Your system has an old version of glibc (< 2.28). We will stop supporting Linux distros with glibc older than 2.28 after **May 31, 2025**. Please upgrade to a recent Linux distro (with glibc >= 2.28) to use future versions of XGBoost.
Note: You have installed the 'manylinux2014' variant of XGBoost. Certain features such as GPU algorithms or federated learning are not available. To use these features, please upgrade to a recent Linux distro with glibc 2.28+, and install the 'manylinux_2_28' variant.
  warnings.warn(
[I 2025-05-04 17:32:23,373] Trial 11 finished with value: 0.8 and parameters: {'n_estimators': 10, 'max_depth': 20, 'gamma': 0.42494746882238776, 'subsample': 0.6833246880949571, 'colsample_bytree': 0.7661538987372662}. Best is trial 0 with value: 0.8.
/data/home/rtabares/anaconda3/envs/pyth3.12/lib/python3.12/site-packages/xgboost/core.py:377: FutureWarning: Your system has an old version of glibc (< 2.28). We will stop supporting Linux distros with glibc older than 2.28 after **May 31, 2025**. Please upgrade to a recent Linux distro (with glibc >= 2.28) to use future versions of XGBoost.
Note: You have installed the 'manylinux2014' variant of XGBoost. Certain features such as GPU algorithms or federated learning are not available. To use these features, please upgrade to a recent Linux distro with glibc 2.28+, and install the 'manylinux_2_28' variant.
  warnings.warn(
/data/home/rtabares/anaconda3/envs/pyth3.12/lib/python3.12/site-packages/xgboost/core.py:377: FutureWarning: Your system has an old version of glibc (< 2.28). We will stop supporting Linux distros with glibc older than 2.28 after **May 31, 2025**. Please upgrade to a recent Linux distro (with glibc >= 2.28) to use future versions of XGBoost.
Note: You have installed the 'manylinux2014' variant of XGBoost. Certain features such as GPU algorithms or federated learning are not available. To use these features, please upgrade to a recent Linux distro with glibc 2.28+, and install the 'manylinux_2_28' variant.
  warnings.warn(
[I 2025-05-04 17:32:24,071] Trial 12 finished with value: 0.8 and parameters: {'n_estimators': 100, 'max_depth': 5, 'gamma': 0.17175478420649942, 'subsample': 0.7604630592256484, 'colsample_bytree': 0.8882602412931317}. Best is trial 0 with value: 0.8.
[I 2025-05-04 17:32:24,110] Trial 13 finished with value: 0.8 and parameters: {'n_estimators': 40, 'max_depth': 5, 'gamma': 0.46968383520201595, 'subsample': 0.6296094462669416, 'colsample_bytree': 0.7447079709368308}. Best is trial 0 with value: 0.8.
[I 2025-05-04 17:32:24,149] Trial 14 finished with value: 0.8 and parameters: {'n_estimators': 10, 'max_depth': 20, 'gamma': 0.7948589777165307, 'subsample': 0.7758821784304792, 'colsample_bytree': 0.7537721595584849}. Best is trial 0 with value: 0.8.
/data/home/rtabares/anaconda3/envs/pyth3.12/lib/python3.12/site-packages/xgboost/core.py:377: FutureWarning: Your system has an old version of glibc (< 2.28). We will stop supporting Linux distros with glibc older than 2.28 after **May 31, 2025**. Please upgrade to a recent Linux distro (with glibc >= 2.28) to use future versions of XGBoost.
Note: You have installed the 'manylinux2014' variant of XGBoost. Certain features such as GPU algorithms or federated learning are not available. To use these features, please upgrade to a recent Linux distro with glibc 2.28+, and install the 'manylinux_2_28' variant.
  warnings.warn(
[I 2025-05-04 17:32:24,806] Trial 15 finished with value: 0.8 and parameters: {'n_estimators': 40, 'max_depth': 20, 'gamma': 0.28194741319909133, 'subsample': 0.5103505624713055, 'colsample_bytree': 0.9845212264211136}. Best is trial 0 with value: 0.8.
[I 2025-05-04 17:32:24,858] Trial 16 finished with value: 0.8 and parameters: {'n_estimators': 100, 'max_depth': 5, 'gamma': 0.5152470639351505, 'subsample': 0.6221453563347079, 'colsample_bytree': 0.6912387691426738}. Best is trial 0 with value: 0.8.
/data/home/rtabares/anaconda3/envs/pyth3.12/lib/python3.12/site-packages/xgboost/core.py:377: FutureWarning: Your system has an old version of glibc (< 2.28). We will stop supporting Linux distros with glibc older than 2.28 after **May 31, 2025**. Please upgrade to a recent Linux distro (with glibc >= 2.28) to use future versions of XGBoost.
Note: You have installed the 'manylinux2014' variant of XGBoost. Certain features such as GPU algorithms or federated learning are not available. To use these features, please upgrade to a recent Linux distro with glibc 2.28+, and install the 'manylinux_2_28' variant.
  warnings.warn(
[I 2025-05-04 17:32:25,534] Trial 17 finished with value: 0.8 and parameters: {'n_estimators': 40, 'max_depth': 20, 'gamma': 0.6582738890715492, 'subsample': 0.7046005930932894, 'colsample_bytree': 0.6115596546084268}. Best is trial 0 with value: 0.8.
[I 2025-05-04 17:32:25,584] Trial 18 finished with value: 0.85 and parameters: {'n_estimators': 100, 'max_depth': 5, 'gamma': 0.26243906447147763, 'subsample': 0.5665088776762035, 'colsample_bytree': 0.8238197091984051}. Best is trial 18 with value: 0.85.
[I 2025-05-04 17:32:25,625] Trial 19 finished with value: 0.85 and parameters: {'n_estimators': 10, 'max_depth': 5, 'gamma': 0.1190389859476221, 'subsample': 0.5622196972355515, 'colsample_bytree': 0.8451804223240722}. Best is trial 18 with value: 0.85.
[I 2025-05-04 17:32:25,664] Trial 20 finished with value: 0.85 and parameters: {'n_estimators': 10, 'max_depth': 5, 'gamma': 0.1173497571051325, 'subsample': 0.5614564866021043, 'colsample_bytree': 0.8887148142078876}. Best is trial 18 with value: 0.85.
[I 2025-05-04 17:32:25,705] Trial 21 finished with value: 0.85 and parameters: {'n_estimators': 10, 'max_depth': 5, 'gamma': 0.12061321484827309, 'subsample': 0.5703107153957375, 'colsample_bytree': 0.8965504195971667}. Best is trial 18 with value: 0.85.
[I 2025-05-04 17:32:25,742] Trial 22 finished with value: 0.85 and parameters: {'n_estimators': 10, 'max_depth': 5, 'gamma': 0.10157468847413004, 'subsample': 0.5558613093574594, 'colsample_bytree': 0.8471986427696526}. Best is trial 18 with value: 0.85.
[I 2025-05-04 17:32:25,782] Trial 23 finished with value: 0.8 and parameters: {'n_estimators': 10, 'max_depth': 5, 'gamma': 0.24737094311329477, 'subsample': 0.5049186880255776, 'colsample_bytree': 0.9132636622554726}. Best is trial 18 with value: 0.85.
[I 2025-05-04 17:32:25,820] Trial 24 finished with value: 0.8 and parameters: {'n_estimators': 10, 'max_depth': 5, 'gamma': 0.18321013629766258, 'subsample': 0.5925106795862923, 'colsample_bytree': 0.8358700955237032}. Best is trial 18 with value: 0.85.
[I 2025-05-04 17:32:25,861] Trial 25 finished with value: 0.8 and parameters: {'n_estimators': 10, 'max_depth': 5, 'gamma': 0.3186154321251715, 'subsample': 0.6428972990156736, 'colsample_bytree': 0.9854274919555999}. Best is trial 18 with value: 0.85.
[I 2025-05-04 17:32:25,899] Trial 26 finished with value: 0.85 and parameters: {'n_estimators': 10, 'max_depth': 5, 'gamma': 0.10018081131816789, 'subsample': 0.5630274529749949, 'colsample_bytree': 0.9412584444713401}. Best is trial 18 with value: 0.85.
[I 2025-05-04 17:32:25,939] Trial 27 finished with value: 0.8 and parameters: {'n_estimators': 10, 'max_depth': 30, 'gamma': 0.2156636478713801, 'subsample': 0.5409462152952388, 'colsample_bytree': 0.8055857405123054}. Best is trial 18 with value: 0.85.
[I 2025-05-04 17:32:25,979] Trial 28 finished with value: 0.8 and parameters: {'n_estimators': 10, 'max_depth': 5, 'gamma': 0.16151476254799163, 'subsample': 0.6527580304980481, 'colsample_bytree': 0.875293469614458}. Best is trial 18 with value: 0.85.
[I 2025-05-04 17:32:26,028] Trial 29 finished with value: 0.8 and parameters: {'n_estimators': 100, 'max_depth': 5, 'gamma': 0.4035072065468218, 'subsample': 0.5896172449818923, 'colsample_bytree': 0.9427091278449828}. Best is trial 18 with value: 0.85.
[I 2025-05-04 17:32:27,946] A new study created in memory with name: rf
Parámetros guardados en checkpoint_shoppers_Doriginal_Roriginal/ag/best_models_ag_seed_1/xgb_best_params.json


>>> Optuna tuning rf


[I 2025-05-04 17:32:30,725] Trial 0 finished with value: 0.9 and parameters: {'n_estimators': 267, 'max_depth': 15, 'min_samples_split': 2, 'min_samples_leaf': 4}. Best is trial 0 with value: 0.9.
[I 2025-05-04 17:32:31,296] Trial 1 finished with value: 0.85 and parameters: {'n_estimators': 158, 'max_depth': 4, 'min_samples_split': 3, 'min_samples_leaf': 4}. Best is trial 0 with value: 0.9.
[I 2025-05-04 17:32:32,265] Trial 2 finished with value: 0.5 and parameters: {'n_estimators': 259, 'max_depth': 12, 'min_samples_split': 5, 'min_samples_leaf': 7}. Best is trial 0 with value: 0.9.
[I 2025-05-04 17:32:32,516] Trial 3 finished with value: 0.5 and parameters: {'n_estimators': 181, 'max_depth': 18, 'min_samples_split': 2, 'min_samples_leaf': 7}. Best is trial 0 with value: 0.9.
[I 2025-05-04 17:32:32,879] Trial 4 finished with value: 0.85 and parameters: {'n_estimators': 267, 'max_depth': 13, 'min_samples_split': 3, 'min_samples_leaf': 2}. Best is trial 0 with value: 0.9.
[I 2025-05-04 17:32:33,365] Trial 5 finished with value: 0.5 and parameters: {'n_estimators': 421, 'max_depth': 20, 'min_samples_split': 4, 'min_samples_leaf': 7}. Best is trial 0 with value: 0.9.
[I 2025-05-04 17:32:33,905] Trial 6 finished with value: 0.85 and parameters: {'n_estimators': 451, 'max_depth': 19, 'min_samples_split': 2, 'min_samples_leaf': 1}. Best is trial 0 with value: 0.9.
[I 2025-05-04 17:32:34,140] Trial 7 finished with value: 0.85 and parameters: {'n_estimators': 168, 'max_depth': 18, 'min_samples_split': 2, 'min_samples_leaf': 5}. Best is trial 0 with value: 0.9.
[I 2025-05-04 17:32:34,687] Trial 8 finished with value: 0.8 and parameters: {'n_estimators': 484, 'max_depth': 12, 'min_samples_split': 8, 'min_samples_leaf': 4}. Best is trial 0 with value: 0.9.
[I 2025-05-04 17:32:35,170] Trial 9 finished with value: 0.5 and parameters: {'n_estimators': 375, 'max_depth': 18, 'min_samples_split': 2, 'min_samples_leaf': 8}. Best is trial 0 with value: 0.9.
[I 2025-05-04 17:32:35,617] Trial 10 finished with value: 0.5 and parameters: {'n_estimators': 336, 'max_depth': 6, 'min_samples_split': 10, 'min_samples_leaf': 10}. Best is trial 0 with value: 0.9.
[I 2025-05-04 17:32:36,498] Trial 11 finished with value: 0.8 and parameters: {'n_estimators': 106, 'max_depth': 5, 'min_samples_split': 6, 'min_samples_leaf': 3}. Best is trial 0 with value: 0.9.
[I 2025-05-04 17:32:36,794] Trial 12 finished with value: 0.9 and parameters: {'n_estimators': 229, 'max_depth': 8, 'min_samples_split': 4, 'min_samples_leaf': 4}. Best is trial 0 with value: 0.9.
[I 2025-05-04 17:32:37,731] Trial 13 finished with value: 0.8 and parameters: {'n_estimators': 224, 'max_depth': 7, 'min_samples_split': 6, 'min_samples_leaf': 5}. Best is trial 0 with value: 0.9.
[I 2025-05-04 17:32:38,076] Trial 14 finished with value: 0.85 and parameters: {'n_estimators': 313, 'max_depth': 9, 'min_samples_split': 5, 'min_samples_leaf': 3}. Best is trial 0 with value: 0.9.
[I 2025-05-04 17:32:38,340] Trial 15 finished with value: 0.85 and parameters: {'n_estimators': 229, 'max_depth': 15, 'min_samples_split': 4, 'min_samples_leaf': 1}. Best is trial 0 with value: 0.9.
[I 2025-05-04 17:32:38,768] Trial 16 finished with value: 0.85 and parameters: {'n_estimators': 358, 'max_depth': 9, 'min_samples_split': 7, 'min_samples_leaf': 6}. Best is trial 0 with value: 0.9.
[I 2025-05-04 17:32:39,144] Trial 17 finished with value: 0.8 and parameters: {'n_estimators': 297, 'max_depth': 14, 'min_samples_split': 4, 'min_samples_leaf': 3}. Best is trial 0 with value: 0.9.
[I 2025-05-04 17:32:39,429] Trial 18 finished with value: 0.8 and parameters: {'n_estimators': 218, 'max_depth': 9, 'min_samples_split': 3, 'min_samples_leaf': 4}. Best is trial 0 with value: 0.9.
[I 2025-05-04 17:32:39,625] Trial 19 finished with value: 0.5 and parameters: {'n_estimators': 118, 'max_depth': 16, 'min_samples_split': 9, 'min_samples_leaf': 9}. Best is trial 0 with value: 0.9.
[I 2025-05-04 17:32:39,931] Trial 20 finished with value: 0.75 and parameters: {'n_estimators': 281, 'max_depth': 11, 'min_samples_split': 5, 'min_samples_leaf': 6}. Best is trial 0 with value: 0.9.
[I 2025-05-04 17:32:40,166] Trial 21 finished with value: 0.85 and parameters: {'n_estimators': 166, 'max_depth': 3, 'min_samples_split': 3, 'min_samples_leaf': 4}. Best is trial 0 with value: 0.9.
[I 2025-05-04 17:32:40,441] Trial 22 finished with value: 0.85 and parameters: {'n_estimators': 194, 'max_depth': 3, 'min_samples_split': 3, 'min_samples_leaf': 2}. Best is trial 0 with value: 0.9.
[I 2025-05-04 17:32:40,661] Trial 23 finished with value: 0.85 and parameters: {'n_estimators': 142, 'max_depth': 5, 'min_samples_split': 4, 'min_samples_leaf': 5}. Best is trial 0 with value: 0.9.
[I 2025-05-04 17:32:40,946] Trial 24 finished with value: 0.85 and parameters: {'n_estimators': 243, 'max_depth': 7, 'min_samples_split': 3, 'min_samples_leaf': 4}. Best is trial 0 with value: 0.9.
[I 2025-05-04 17:32:41,222] Trial 25 finished with value: 0.9 and parameters: {'n_estimators': 201, 'max_depth': 10, 'min_samples_split': 2, 'min_samples_leaf': 2}. Best is trial 0 with value: 0.9.
[I 2025-05-04 17:32:41,507] Trial 26 finished with value: 0.75 and parameters: {'n_estimators': 199, 'max_depth': 10, 'min_samples_split': 2, 'min_samples_leaf': 2}. Best is trial 0 with value: 0.9.
[I 2025-05-04 17:32:41,866] Trial 27 finished with value: 0.8 and parameters: {'n_estimators': 325, 'max_depth': 16, 'min_samples_split': 4, 'min_samples_leaf': 3}. Best is trial 0 with value: 0.9.
[I 2025-05-04 17:32:42,192] Trial 28 finished with value: 0.75 and parameters: {'n_estimators': 285, 'max_depth': 8, 'min_samples_split': 2, 'min_samples_leaf': 2}. Best is trial 0 with value: 0.9.
[I 2025-05-04 17:32:42,478] Trial 29 finished with value: 0.85 and parameters: {'n_estimators': 251, 'max_depth': 11, 'min_samples_split': 3, 'min_samples_leaf': 3}. Best is trial 0 with value: 0.9.
[I 2025-05-04 17:32:44,828] A new study created in memory with name: svc
Parámetros guardados en checkpoint_shoppers_Doriginal_Roriginal/ag/best_models_ag_seed_1/rf_best_params.json


>>> Optuna tuning svc


[I 2025-05-04 17:32:47,652] Trial 0 finished with value: 0.4 and parameters: {'C': 0.4656804637919569, 'gamma': 0.07608481233714794}. Best is trial 0 with value: 0.4.
[I 2025-05-04 17:32:47,933] Trial 1 finished with value: 0.6 and parameters: {'C': 0.010010539860510492, 'gamma': 0.0016193110912440748}. Best is trial 1 with value: 0.6.
[I 2025-05-04 17:32:47,952] Trial 2 finished with value: 0.55 and parameters: {'C': 0.03863879405158731, 'gamma': 0.00023407464805767542}. Best is trial 1 with value: 0.6.
[I 2025-05-04 17:32:47,967] Trial 3 finished with value: 0.6 and parameters: {'C': 0.0555956542671257, 'gamma': 0.002411253706147574}. Best is trial 1 with value: 0.6.
[I 2025-05-04 17:32:47,994] Trial 4 finished with value: 0.5 and parameters: {'C': 0.3864291653552654, 'gamma': 0.014297724879798395}. Best is trial 1 with value: 0.6.
[I 2025-05-04 17:32:48,008] Trial 5 finished with value: 0.55 and parameters: {'C': 0.47509237210306143, 'gamma': 0.05506529897945987}. Best is trial 1 with value: 0.6.
[I 2025-05-04 17:32:48,023] Trial 6 finished with value: 0.3 and parameters: {'C': 0.06573686655138336, 'gamma': 0.3254391115088485}. Best is trial 1 with value: 0.6.
[I 2025-05-04 17:32:48,037] Trial 7 finished with value: 0.55 and parameters: {'C': 0.01286916510781503, 'gamma': 0.04806954824961596}. Best is trial 1 with value: 0.6.
[I 2025-05-04 17:32:48,052] Trial 8 finished with value: 0.45 and parameters: {'C': 0.4668949853708895, 'gamma': 0.017169565852473867}. Best is trial 1 with value: 0.6.
[I 2025-05-04 17:32:48,065] Trial 9 finished with value: 0.6 and parameters: {'C': 0.03643743139281253, 'gamma': 0.0006200203677164723}. Best is trial 1 with value: 0.6.
[I 2025-05-04 17:32:48,090] Trial 10 finished with value: 0.5 and parameters: {'C': 35.745293136206676, 'gamma': 0.0016217424317920186}. Best is trial 1 with value: 0.6.
[I 2025-05-04 17:32:48,750] Trial 11 finished with value: 0.6 and parameters: {'C': 0.010851625255889582, 'gamma': 0.002534470373289236}. Best is trial 1 with value: 0.6.
[I 2025-05-04 17:32:48,786] Trial 12 finished with value: 0.55 and parameters: {'C': 6.862300618243981, 'gamma': 0.0035186383084284483}. Best is trial 1 with value: 0.6.
[I 2025-05-04 17:32:49,444] Trial 13 finished with value: 0.55 and parameters: {'C': 0.09624503002739077, 'gamma': 0.00013526932974406507}. Best is trial 1 with value: 0.6.
[I 2025-05-04 17:32:49,467] Trial 14 finished with value: 0.6 and parameters: {'C': 3.068096919713349, 'gamma': 0.0006627029914189142}. Best is trial 1 with value: 0.6.
[I 2025-05-04 17:32:49,492] Trial 15 finished with value: 0.6 and parameters: {'C': 0.16859152031561964, 'gamma': 0.0049799100510938745}. Best is trial 1 with value: 0.6.
[I 2025-05-04 17:32:49,513] Trial 16 finished with value: 0.6 and parameters: {'C': 0.022045223034545664, 'gamma': 0.0006443620571349082}. Best is trial 1 with value: 0.6.
[I 2025-05-04 17:32:50,161] Trial 17 finished with value: 0.55 and parameters: {'C': 2.742022424306509, 'gamma': 0.008222368634228065}. Best is trial 1 with value: 0.6.
[I 2025-05-04 17:32:50,186] Trial 18 finished with value: 0.6 and parameters: {'C': 0.1418924525999631, 'gamma': 0.0011957887207685244}. Best is trial 1 with value: 0.6.
[I 2025-05-04 17:32:50,206] Trial 19 finished with value: 0.55 and parameters: {'C': 95.17072487881215, 'gamma': 0.0003013556867545804}. Best is trial 1 with value: 0.6.
[I 2025-05-04 17:32:50,228] Trial 20 finished with value: 0.3 and parameters: {'C': 0.026004676047090447, 'gamma': 0.26702938464573}. Best is trial 1 with value: 0.6.
[I 2025-05-04 17:32:50,249] Trial 21 finished with value: 0.6 and parameters: {'C': 0.04699420574083724, 'gamma': 0.000546747237437204}. Best is trial 1 with value: 0.6.
[I 2025-05-04 17:32:50,896] Trial 22 finished with value: 0.55 and parameters: {'C': 0.0205954117496138, 'gamma': 0.00010048417600936138}. Best is trial 1 with value: 0.6.
[I 2025-05-04 17:32:50,919] Trial 23 finished with value: 0.6 and parameters: {'C': 0.010195517326882703, 'gamma': 0.0011718495708690564}. Best is trial 1 with value: 0.6.
[I 2025-05-04 17:32:51,580] Trial 24 finished with value: 0.55 and parameters: {'C': 0.20566772236920047, 'gamma': 0.006083322702913422}. Best is trial 1 with value: 0.6.
[I 2025-05-04 17:32:51,603] Trial 25 finished with value: 0.6 and parameters: {'C': 0.0593033338980656, 'gamma': 0.0016394543587916184}. Best is trial 1 with value: 0.6.
[I 2025-05-04 17:32:51,624] Trial 26 finished with value: 0.3 and parameters: {'C': 0.02862842943606178, 'gamma': 0.8308541689381187}. Best is trial 1 with value: 0.6.
[I 2025-05-04 17:32:51,649] Trial 27 finished with value: 0.6 and parameters: {'C': 0.10692387434987766, 'gamma': 0.002841062160910989}. Best is trial 1 with value: 0.6.
[I 2025-05-04 17:32:51,675] Trial 28 finished with value: 0.55 and parameters: {'C': 1.2766225016838322, 'gamma': 0.0003392921006785434}. Best is trial 1 with value: 0.6.
[I 2025-05-04 17:32:51,701] Trial 29 finished with value: 0.45 and parameters: {'C': 0.27467921984825616, 'gamma': 0.01680356953040436}. Best is trial 1 with value: 0.6.
[I 2025-05-04 17:32:55,720] A new study created in memory with name: logreg
Parámetros guardados en checkpoint_shoppers_Doriginal_Roriginal/ag/best_models_ag_seed_1/svc_best_params.json


>>> Optuna tuning logreg


[I 2025-05-04 17:32:56,310] Trial 0 finished with value: 0.6 and parameters: {'C': 0.12164941464151847, 'penalty': 'l2'}. Best is trial 0 with value: 0.6.
[I 2025-05-04 17:32:56,333] Trial 1 finished with value: 0.6 and parameters: {'C': 3.9959722831350617, 'penalty': 'l2'}. Best is trial 0 with value: 0.6.
[I 2025-05-04 17:32:56,356] Trial 2 finished with value: 0.6 and parameters: {'C': 0.0010013176560941261, 'penalty': 'l2'}. Best is trial 0 with value: 0.6.
