[I 2025-05-07 04:15:05,169] Trial 0 finished with value: 0.8 and parameters: {'n_estimators': 458, 'max_depth': 8, 'min_samples_split': 9, 'min_samples_leaf': 1}. Best is trial 0 with value: 0.8.
Parámetros guardados en checkpoint_shoppers_Doriginal_Roriginal_B/ag/IPC_10/best_models_ag_seed_6_space_original/xgb_best_params.json


>>> Optuna tuning rf metodo ag IPC 10 seed 6


[I 2025-05-07 04:15:05,572] Trial 1 finished with value: 0.85 and parameters: {'n_estimators': 143, 'max_depth': 13, 'min_samples_split': 6, 'min_samples_leaf': 5}. Best is trial 1 with value: 0.85.
[I 2025-05-07 04:15:05,903] Trial 2 finished with value: 0.5 and parameters: {'n_estimators': 234, 'max_depth': 14, 'min_samples_split': 5, 'min_samples_leaf': 8}. Best is trial 1 with value: 0.85.
[I 2025-05-07 04:15:06,282] Trial 3 finished with value: 0.5 and parameters: {'n_estimators': 307, 'max_depth': 13, 'min_samples_split': 7, 'min_samples_leaf': 10}. Best is trial 1 with value: 0.85.
[I 2025-05-07 04:15:06,791] Trial 4 finished with value: 0.5 and parameters: {'n_estimators': 428, 'max_depth': 10, 'min_samples_split': 9, 'min_samples_leaf': 9}. Best is trial 1 with value: 0.85.
[I 2025-05-07 04:15:06,999] Trial 5 finished with value: 0.5 and parameters: {'n_estimators': 121, 'max_depth': 15, 'min_samples_split': 9, 'min_samples_leaf': 8}. Best is trial 1 with value: 0.85.
[I 2025-05-07 04:15:07,442] Trial 6 finished with value: 0.5 and parameters: {'n_estimators': 384, 'max_depth': 12, 'min_samples_split': 3, 'min_samples_leaf': 10}. Best is trial 1 with value: 0.85.
[I 2025-05-07 04:15:07,822] Trial 7 finished with value: 0.5 and parameters: {'n_estimators': 261, 'max_depth': 6, 'min_samples_split': 8, 'min_samples_leaf': 10}. Best is trial 1 with value: 0.85.
[I 2025-05-07 04:15:08,151] Trial 8 finished with value: 0.5 and parameters: {'n_estimators': 202, 'max_depth': 15, 'min_samples_split': 7, 'min_samples_leaf': 8}. Best is trial 1 with value: 0.85.
[I 2025-05-07 04:15:08,641] Trial 9 finished with value: 0.85 and parameters: {'n_estimators': 475, 'max_depth': 9, 'min_samples_split': 4, 'min_samples_leaf': 5}. Best is trial 1 with value: 0.85.
[I 2025-05-07 04:15:08,864] Trial 10 finished with value: 0.8 and parameters: {'n_estimators': 135, 'max_depth': 20, 'min_samples_split': 2, 'min_samples_leaf': 4}. Best is trial 1 with value: 0.85.
[I 2025-05-07 04:15:09,309] Trial 11 finished with value: 0.85 and parameters: {'n_estimators': 343, 'max_depth': 4, 'min_samples_split': 5, 'min_samples_leaf': 5}. Best is trial 1 with value: 0.85.
[I 2025-05-07 04:15:10,532] Trial 12 finished with value: 0.75 and parameters: {'n_estimators': 489, 'max_depth': 18, 'min_samples_split': 4, 'min_samples_leaf': 3}. Best is trial 1 with value: 0.85.
[I 2025-05-07 04:15:11,513] Trial 13 finished with value: 0.8 and parameters: {'n_estimators': 201, 'max_depth': 9, 'min_samples_split': 6, 'min_samples_leaf': 6}. Best is trial 1 with value: 0.85.
[I 2025-05-07 04:15:12,594] Trial 14 finished with value: 0.75 and parameters: {'n_estimators': 386, 'max_depth': 7, 'min_samples_split': 4, 'min_samples_leaf': 6}. Best is trial 1 with value: 0.85.
[I 2025-05-07 04:15:12,849] Trial 15 finished with value: 0.75 and parameters: {'n_estimators': 163, 'max_depth': 11, 'min_samples_split': 2, 'min_samples_leaf': 2}. Best is trial 1 with value: 0.85.
[I 2025-05-07 04:15:13,183] Trial 16 finished with value: 0.8 and parameters: {'n_estimators': 301, 'max_depth': 17, 'min_samples_split': 6, 'min_samples_leaf': 5}. Best is trial 1 with value: 0.85.
[I 2025-05-07 04:15:13,327] Trial 17 finished with value: 0.75 and parameters: {'n_estimators': 101, 'max_depth': 3, 'min_samples_split': 4, 'min_samples_leaf': 4}. Best is trial 1 with value: 0.85.
[I 2025-05-07 04:15:13,714] Trial 18 finished with value: 0.5 and parameters: {'n_estimators': 352, 'max_depth': 5, 'min_samples_split': 5, 'min_samples_leaf': 7}. Best is trial 1 with value: 0.85.
[I 2025-05-07 04:15:14,001] Trial 19 finished with value: 0.7 and parameters: {'n_estimators': 259, 'max_depth': 10, 'min_samples_split': 10, 'min_samples_leaf': 3}. Best is trial 1 with value: 0.85.
[I 2025-05-07 04:15:14,534] Trial 20 finished with value: 0.8 and parameters: {'n_estimators': 498, 'max_depth': 12, 'min_samples_split': 3, 'min_samples_leaf': 4}. Best is trial 1 with value: 0.85.
[I 2025-05-07 04:15:14,942] Trial 21 finished with value: 0.8 and parameters: {'n_estimators': 338, 'max_depth': 3, 'min_samples_split': 5, 'min_samples_leaf': 5}. Best is trial 1 with value: 0.85.
[I 2025-05-07 04:15:15,420] Trial 22 finished with value: 0.9 and parameters: {'n_estimators': 429, 'max_depth': 5, 'min_samples_split': 7, 'min_samples_leaf': 6}. Best is trial 22 with value: 0.9.
[I 2025-05-07 04:15:15,867] Trial 23 finished with value: 0.5 and parameters: {'n_estimators': 426, 'max_depth': 7, 'min_samples_split': 6, 'min_samples_leaf': 7}. Best is trial 22 with value: 0.9.
[I 2025-05-07 04:15:16,334] Trial 24 finished with value: 0.9 and parameters: {'n_estimators': 436, 'max_depth': 9, 'min_samples_split': 7, 'min_samples_leaf': 6}. Best is trial 22 with value: 0.9.
[I 2025-05-07 04:15:16,783] Trial 25 finished with value: 0.55 and parameters: {'n_estimators': 421, 'max_depth': 5, 'min_samples_split': 7, 'min_samples_leaf': 7}. Best is trial 22 with value: 0.9.
[I 2025-05-07 04:15:17,221] Trial 26 finished with value: 0.85 and parameters: {'n_estimators': 383, 'max_depth': 7, 'min_samples_split': 8, 'min_samples_leaf': 6}. Best is trial 22 with value: 0.9.
[I 2025-05-07 04:15:17,703] Trial 27 finished with value: 0.55 and parameters: {'n_estimators': 444, 'max_depth': 11, 'min_samples_split': 8, 'min_samples_leaf': 7}. Best is trial 22 with value: 0.9.
[I 2025-05-07 04:15:18,188] Trial 28 finished with value: 0.7 and parameters: {'n_estimators': 402, 'max_depth': 16, 'min_samples_split': 7, 'min_samples_leaf': 6}. Best is trial 22 with value: 0.9.
[I 2025-05-07 04:15:18,720] Trial 29 finished with value: 0.8 and parameters: {'n_estimators': 456, 'max_depth': 9, 'min_samples_split': 6, 'min_samples_leaf': 1}. Best is trial 22 with value: 0.9.
[I 2025-05-07 04:15:22,005] A new study created in memory with name: svc
Parámetros guardados en checkpoint_shoppers_Doriginal_Roriginal_B/ag/IPC_10/best_models_ag_seed_6_space_original/rf_best_params.json


>>> Optuna tuning svc metodo ag IPC 10 seed 6


[I 2025-05-07 04:15:24,415] Trial 0 finished with value: 0.5 and parameters: {'C': 37.27697013499731, 'gamma': 0.0021277432488243223}. Best is trial 0 with value: 0.5.
[I 2025-05-07 04:15:24,532] Trial 1 finished with value: 0.55 and parameters: {'C': 19.271543171162776, 'gamma': 0.00014682043379470554}. Best is trial 1 with value: 0.55.
[I 2025-05-07 04:15:24,549] Trial 2 finished with value: 0.45 and parameters: {'C': 0.0269542169583157, 'gamma': 0.023999835049635022}. Best is trial 1 with value: 0.55.
[I 2025-05-07 04:15:24,563] Trial 3 finished with value: 0.5 and parameters: {'C': 1.3160410886450586, 'gamma': 0.0047340159215720195}. Best is trial 1 with value: 0.55.
[I 2025-05-07 04:15:24,577] Trial 4 finished with value: 0.4 and parameters: {'C': 0.21959952535674737, 'gamma': 0.030908485742507576}. Best is trial 1 with value: 0.55.
[I 2025-05-07 04:15:24,590] Trial 5 finished with value: 0.45 and parameters: {'C': 0.5656733313644114, 'gamma': 0.08780685564625502}. Best is trial 1 with value: 0.55.
[I 2025-05-07 04:15:24,605] Trial 6 finished with value: 0.4 and parameters: {'C': 1.1807165425157664, 'gamma': 0.020674470756231633}. Best is trial 1 with value: 0.55.
[I 2025-05-07 04:15:24,619] Trial 7 finished with value: 0.2 and parameters: {'C': 3.8143486186647126, 'gamma': 0.9138966502602072}. Best is trial 1 with value: 0.55.
[I 2025-05-07 04:15:24,633] Trial 8 finished with value: 0.55 and parameters: {'C': 19.029737066374768, 'gamma': 0.004495766421289856}. Best is trial 1 with value: 0.55.
[I 2025-05-07 04:15:24,646] Trial 9 finished with value: 0.35 and parameters: {'C': 31.994153257994277, 'gamma': 0.19725941020937518}. Best is trial 1 with value: 0.55.
[I 2025-05-07 04:15:24,670] Trial 10 finished with value: 0.55 and parameters: {'C': 96.48544976930573, 'gamma': 0.00012227600695838894}. Best is trial 1 with value: 0.55.
[I 2025-05-07 04:15:25,321] Trial 11 finished with value: 0.55 and parameters: {'C': 8.923280775520299, 'gamma': 0.0003240297967035497}. Best is trial 1 with value: 0.55.
[I 2025-05-07 04:15:26,023] Trial 12 finished with value: 0.55 and parameters: {'C': 7.6778163206431795, 'gamma': 0.000955151643265698}. Best is trial 1 with value: 0.55.
[I 2025-05-07 04:15:26,047] Trial 13 finished with value: 0.5 and parameters: {'C': 21.14881132547588, 'gamma': 0.0006207624782564577}. Best is trial 1 with value: 0.55.
[I 2025-05-07 04:15:26,068] Trial 14 finished with value: 0.75 and parameters: {'C': 77.4798574776547, 'gamma': 0.004563747590133779}. Best is trial 14 with value: 0.75.
[I 2025-05-07 04:15:26,092] Trial 15 finished with value: 0.55 and parameters: {'C': 0.10730172197940546, 'gamma': 0.00018976682237105465}. Best is trial 14 with value: 0.75.
[I 2025-05-07 04:15:26,116] Trial 16 finished with value: 0.55 and parameters: {'C': 3.718518970884329, 'gamma': 0.0015960907992311228}. Best is trial 14 with value: 0.75.
[I 2025-05-07 04:15:26,141] Trial 17 finished with value: 0.7 and parameters: {'C': 70.36726610116699, 'gamma': 0.006371822250684629}. Best is trial 14 with value: 0.75.
[I 2025-05-07 04:15:26,161] Trial 18 finished with value: 0.7 and parameters: {'C': 79.71578935939812, 'gamma': 0.008211945386812233}. Best is trial 14 with value: 0.75.
[I 2025-05-07 04:15:26,787] Trial 19 finished with value: 0.4 and parameters: {'C': 0.013103877820334748, 'gamma': 0.06645162288211996}. Best is trial 14 with value: 0.75.
[I 2025-05-07 04:15:26,811] Trial 20 finished with value: 0.7 and parameters: {'C': 61.21016690618681, 'gamma': 0.009611332388080531}. Best is trial 14 with value: 0.75.
[I 2025-05-07 04:15:26,836] Trial 21 finished with value: 0.7 and parameters: {'C': 91.33627443343103, 'gamma': 0.005363327149475274}. Best is trial 14 with value: 0.75.
[I 2025-05-07 04:15:27,464] Trial 22 finished with value: 0.5 and parameters: {'C': 8.815891064150463, 'gamma': 0.01246838296822345}. Best is trial 14 with value: 0.75.
[I 2025-05-07 04:15:28,143] Trial 23 finished with value: 0.55 and parameters: {'C': 57.60834746354893, 'gamma': 0.002191488098972598}. Best is trial 14 with value: 0.75.
[I 2025-05-07 04:15:28,167] Trial 24 finished with value: 0.65 and parameters: {'C': 40.938016280957434, 'gamma': 0.005515851567597314}. Best is trial 14 with value: 0.75.
[I 2025-05-07 04:15:28,188] Trial 25 finished with value: 0.55 and parameters: {'C': 3.4779541923528283, 'gamma': 0.04450051100995042}. Best is trial 14 with value: 0.75.
[I 2025-05-07 04:15:28,218] Trial 26 finished with value: 0.6 and parameters: {'C': 98.21780123503028, 'gamma': 0.011470479616106996}. Best is trial 14 with value: 0.75.
[I 2025-05-07 04:15:28,239] Trial 27 finished with value: 0.55 and parameters: {'C': 13.847618969670798, 'gamma': 0.0005832599723677309}. Best is trial 14 with value: 0.75.
[I 2025-05-07 04:15:28,261] Trial 28 finished with value: 0.35 and parameters: {'C': 35.45343657566458, 'gamma': 0.1499731971172642}. Best is trial 14 with value: 0.75.
[I 2025-05-07 04:15:28,281] Trial 29 finished with value: 0.6 and parameters: {'C': 41.49097977485555, 'gamma': 0.002246040270405902}. Best is trial 14 with value: 0.75.
[I 2025-05-07 04:15:31,830] A new study created in memory with name: logreg
Parámetros guardados en checkpoint_shoppers_Doriginal_Roriginal_B/ag/IPC_10/best_models_ag_seed_6_space_original/svc_best_params.json


>>> Optuna tuning logreg metodo ag IPC 10 seed 6


[I 2025-05-07 04:15:33,017] Trial 0 finished with value: 0.6 and parameters: {'C': 29.127335430981816, 'penalty': 'l2'}. Best is trial 0 with value: 0.6.
[I 2025-05-07 04:15:33,077] Trial 1 finished with value: 0.65 and parameters: {'C': 0.045698192893558344, 'penalty': 'l2'}. Best is trial 1 with value: 0.65.
[I 2025-05-07 04:15:33,105] Trial 2 finished with value: 0.65 and parameters: {'C': 12.768668597712947, 'penalty': 'l2'}. Best is trial 1 with value: 0.65.
[I 2025-05-07 04:15:33,130] Trial 3 finished with value: 0.6 and parameters: {'C': 0.0016161554408462638, 'penalty': 'l2'}. Best is trial 1 with value: 0.65.
[I 2025-05-07 04:15:33,155] Trial 4 finished with value: 0.6 and parameters: {'C': 0.0034536903703241734, 'penalty': 'l2'}. Best is trial 1 with value: 0.65.
[I 2025-05-07 04:15:33,180] Trial 5 finished with value: 0.55 and parameters: {'C': 0.9446269266990148, 'penalty': 'l2'}. Best is trial 1 with value: 0.65.
[I 2025-05-07 04:15:33,205] Trial 6 finished with value: 0.55 and parameters: {'C': 0.4457453393648168, 'penalty': 'l2'}. Best is trial 1 with value: 0.65.
[I 2025-05-07 04:15:33,230] Trial 7 finished with value: 0.6 and parameters: {'C': 0.12417585037258261, 'penalty': 'l2'}. Best is trial 1 with value: 0.65.
[I 2025-05-07 04:15:33,254] Trial 8 finished with value: 0.65 and parameters: {'C': 0.04753781830244093, 'penalty': 'l2'}. Best is trial 1 with value: 0.65.
[I 2025-05-07 04:15:33,279] Trial 9 finished with value: 0.6 and parameters: {'C': 1.2959766028194148, 'penalty': 'l2'}. Best is trial 1 with value: 0.65.
[I 2025-05-07 04:15:33,311] Trial 10 finished with value: 0.6 and parameters: {'C': 0.02024823315667757, 'penalty': 'l2'}. Best is trial 1 with value: 0.65.
[I 2025-05-07 04:15:33,946] Trial 11 finished with value: 0.6 and parameters: {'C': 59.9697718692158, 'penalty': 'l2'}. Best is trial 1 with value: 0.65.
[I 2025-05-07 04:15:34,618] Trial 12 finished with value: 0.7 and parameters: {'C': 5.552269460622474, 'penalty': 'l2'}. Best is trial 12 with value: 0.7.
[I 2025-05-07 04:15:34,649] Trial 13 finished with value: 0.7 and parameters: {'C': 4.865673542589085, 'penalty': 'l2'}. Best is trial 12 with value: 0.7.
[I 2025-05-07 04:15:34,678] Trial 14 finished with value: 0.7 and parameters: {'C': 7.192836212534329, 'penalty': 'l2'}. Best is trial 12 with value: 0.7.
[I 2025-05-07 04:15:34,706] Trial 15 finished with value: 0.7 and parameters: {'C': 5.289166244387062, 'penalty': 'l2'}. Best is trial 12 with value: 0.7.
[I 2025-05-07 04:15:34,734] Trial 16 finished with value: 0.7 and parameters: {'C': 2.3598284081499896, 'penalty': 'l2'}. Best is trial 12 with value: 0.7.
[I 2025-05-07 04:15:34,761] Trial 17 finished with value: 0.6 and parameters: {'C': 66.57016988037816, 'penalty': 'l2'}. Best is trial 12 with value: 0.7.
[I 2025-05-07 04:15:34,791] Trial 18 finished with value: 0.7 and parameters: {'C': 3.1043628200283595, 'penalty': 'l2'}. Best is trial 12 with value: 0.7.
[I 2025-05-07 04:15:35,428] Trial 19 finished with value: 0.65 and parameters: {'C': 18.262227249915092, 'penalty': 'l2'}. Best is trial 12 with value: 0.7.
[I 2025-05-07 04:15:35,458] Trial 20 finished with value: 0.55 and parameters: {'C': 0.27314474755214485, 'penalty': 'l2'}. Best is trial 12 with value: 0.7.
[I 2025-05-07 04:15:35,486] Trial 21 finished with value: 0.7 and parameters: {'C': 6.279968280823452, 'penalty': 'l2'}. Best is trial 12 with value: 0.7.
[I 2025-05-07 04:15:35,517] Trial 22 finished with value: 0.7 and parameters: {'C': 8.567140356216637, 'penalty': 'l2'}. Best is trial 12 with value: 0.7.
[I 2025-05-07 04:15:35,546] Trial 23 finished with value: 0.55 and parameters: {'C': 1.1980797465834998, 'penalty': 'l2'}. Best is trial 12 with value: 0.7.
[I 2025-05-07 04:15:35,577] Trial 24 finished with value: 0.65 and parameters: {'C': 22.215268189477573, 'penalty': 'l2'}. Best is trial 12 with value: 0.7.
[I 2025-05-07 04:15:35,608] Trial 25 finished with value: 0.7 and parameters: {'C': 3.651589383037114, 'penalty': 'l2'}. Best is trial 12 with value: 0.7.
[I 2025-05-07 04:15:35,628] Trial 26 finished with value: 0.55 and parameters: {'C': 0.49709417662884026, 'penalty': 'l2'}. Best is trial 12 with value: 0.7.
[I 2025-05-07 04:15:35,659] Trial 27 finished with value: 0.6 and parameters: {'C': 37.95316773439993, 'penalty': 'l2'}. Best is trial 12 with value: 0.7.
[I 2025-05-07 04:15:35,693] Trial 28 finished with value: 0.65 and parameters: {'C': 9.176632252243285, 'penalty': 'l2'}. Best is trial 12 with value: 0.7.
[I 2025-05-07 04:15:35,722] Trial 29 finished with value: 0.6 and parameters: {'C': 27.892682634502293, 'penalty': 'l2'}. Best is trial 12 with value: 0.7.
/data/home/rtabares/anaconda3/envs/pyth3.12/lib/python3.12/site-packages/xgboost/core.py:377: FutureWarning: Your system has an old version of glibc (< 2.28). We will stop supporting Linux distros with glibc older than 2.28 after **May 31, 2025**. Please upgrade to a recent Linux distro (with glibc >= 2.28) to use future versions of XGBoost.
Note: You have installed the 'manylinux2014' variant of XGBoost. Certain features such as GPU algorithms or federated learning are not available. To use these features, please upgrade to a recent Linux distro with glibc 2.28+, and install the 'manylinux_2_28' variant.
  warnings.warn(
[I 2025-05-07 04:15:38,203] A new study created in memory with name: mlp
Parámetros guardados en checkpoint_shoppers_Doriginal_Roriginal_B/ag/IPC_10/best_models_ag_seed_6_space_original/logreg_best_params.json


>>> Optuna tuning mlp metodo ag IPC 10 seed 6


/data/home/rtabares/anaconda3/envs/pyth3.12/lib/python3.12/site-packages/sklearn/neural_network/_multilayer_perceptron.py:691: ConvergenceWarning: Stochastic Optimizer: Maximum iterations (100) reached and the optimization hasn't converged yet.
  warnings.warn(
/data/home/rtabares/anaconda3/envs/pyth3.12/lib/python3.12/site-packages/sklearn/neural_network/_multilayer_perceptron.py:691: ConvergenceWarning: Stochastic Optimizer: Maximum iterations (100) reached and the optimization hasn't converged yet.
  warnings.warn(
/data/home/rtabares/anaconda3/envs/pyth3.12/lib/python3.12/site-packages/sklearn/neural_network/_multilayer_perceptron.py:691: ConvergenceWarning: Stochastic Optimizer: Maximum iterations (100) reached and the optimization hasn't converged yet.
  warnings.warn(
/data/home/rtabares/anaconda3/envs/pyth3.12/lib/python3.12/site-packages/sklearn/neural_network/_multilayer_perceptron.py:691: ConvergenceWarning: Stochastic Optimizer: Maximum iterations (100) reached and the optimization hasn't converged yet.
  warnings.warn(
/data/home/rtabares/anaconda3/envs/pyth3.12/lib/python3.12/site-packages/sklearn/neural_network/_multilayer_perceptron.py:691: ConvergenceWarning: Stochastic Optimizer: Maximum iterations (100) reached and the optimization hasn't converged yet.
  warnings.warn(
[I 2025-05-07 04:15:40,551] Trial 0 finished with value: 0.55 and parameters: {'hidden_layer_sizes': (100,), 'max_iter': 100, 'alpha': 0.0001}. Best is trial 0 with value: 0.55.
/data/home/rtabares/anaconda3/envs/pyth3.12/lib/python3.12/site-packages/sklearn/neural_network/_multilayer_perceptron.py:691: ConvergenceWarning: Stochastic Optimizer: Maximum iterations (100) reached and the optimization hasn't converged yet.
  warnings.warn(
/data/home/rtabares/anaconda3/envs/pyth3.12/lib/python3.12/site-packages/sklearn/neural_network/_multilayer_perceptron.py:691: ConvergenceWarning: Stochastic Optimizer: Maximum iterations (100) reached and the optimization hasn't converged yet.
  warnings.warn(
/data/home/rtabares/anaconda3/envs/pyth3.12/lib/python3.12/site-packages/sklearn/neural_network/_multilayer_perceptron.py:691: ConvergenceWarning: Stochastic Optimizer: Maximum iterations (100) reached and the optimization hasn't converged yet.
  warnings.warn(
/data/home/rtabares/anaconda3/envs/pyth3.12/lib/python3.12/site-packages/sklearn/neural_network/_multilayer_perceptron.py:691: ConvergenceWarning: Stochastic Optimizer: Maximum iterations (100) reached and the optimization hasn't converged yet.
  warnings.warn(
/data/home/rtabares/anaconda3/envs/pyth3.12/lib/python3.12/site-packages/sklearn/neural_network/_multilayer_perceptron.py:691: ConvergenceWarning: Stochastic Optimizer: Maximum iterations (100) reached and the optimization hasn't converged yet.
  warnings.warn(
[I 2025-05-07 04:15:40,721] Trial 1 finished with value: 0.5 and parameters: {'hidden_layer_sizes': (100, 100), 'max_iter': 100, 'alpha': 0.001}. Best is trial 0 with value: 0.55.
/data/home/rtabares/anaconda3/envs/pyth3.12/lib/python3.12/site-packages/sklearn/neural_network/_multilayer_perceptron.py:691: ConvergenceWarning: Stochastic Optimizer: Maximum iterations (100) reached and the optimization hasn't converged yet.
  warnings.warn(
/data/home/rtabares/anaconda3/envs/pyth3.12/lib/python3.12/site-packages/sklearn/neural_network/_multilayer_perceptron.py:691: ConvergenceWarning: Stochastic Optimizer: Maximum iterations (100) reached and the optimization hasn't converged yet.
  warnings.warn(
/data/home/rtabares/anaconda3/envs/pyth3.12/lib/python3.12/site-packages/sklearn/neural_network/_multilayer_perceptron.py:691: ConvergenceWarning: Stochastic Optimizer: Maximum iterations (100) reached and the optimization hasn't converged yet.
  warnings.warn(
/data/home/rtabares/anaconda3/envs/pyth3.12/lib/python3.12/site-packages/sklearn/neural_network/_multilayer_perceptron.py:691: ConvergenceWarning: Stochastic Optimizer: Maximum iterations (100) reached and the optimization hasn't converged yet.
  warnings.warn(
/data/home/rtabares/anaconda3/envs/pyth3.12/lib/python3.12/site-packages/sklearn/neural_network/_multilayer_perceptron.py:691: ConvergenceWarning: Stochastic Optimizer: Maximum iterations (100) reached and the optimization hasn't converged yet.
  warnings.warn(
