[I 2025-05-07 04:28:03,781] Trial 9 finished with value: 0.95 and parameters: {'n_estimators': 40, 'max_depth': 30, 'gamma': 0.9649927737686168, 'subsample': 0.6857563076640036, 'colsample_bytree': 0.5061847058001788}. Best is trial 3 with value: 0.975.
/data/home/rtabares/anaconda3/envs/pyth3.12/lib/python3.12/site-packages/xgboost/core.py:377: FutureWarning: Your system has an old version of glibc (< 2.28). We will stop supporting Linux distros with glibc older than 2.28 after **May 31, 2025**. Please upgrade to a recent Linux distro (with glibc >= 2.28) to use future versions of XGBoost.
Note: You have installed the 'manylinux2014' variant of XGBoost. Certain features such as GPU algorithms or federated learning are not available. To use these features, please upgrade to a recent Linux distro with glibc 2.28+, and install the 'manylinux_2_28' variant.
  warnings.warn(
/data/home/rtabares/anaconda3/envs/pyth3.12/lib/python3.12/site-packages/xgboost/core.py:377: FutureWarning: Your system has an old version of glibc (< 2.28). We will stop supporting Linux distros with glibc older than 2.28 after **May 31, 2025**. Please upgrade to a recent Linux distro (with glibc >= 2.28) to use future versions of XGBoost.
Note: You have installed the 'manylinux2014' variant of XGBoost. Certain features such as GPU algorithms or federated learning are not available. To use these features, please upgrade to a recent Linux distro with glibc 2.28+, and install the 'manylinux_2_28' variant.
  warnings.warn(
/data/home/rtabares/anaconda3/envs/pyth3.12/lib/python3.12/site-packages/xgboost/core.py:377: FutureWarning: Your system has an old version of glibc (< 2.28). We will stop supporting Linux distros with glibc older than 2.28 after **May 31, 2025**. Please upgrade to a recent Linux distro (with glibc >= 2.28) to use future versions of XGBoost.
Note: You have installed the 'manylinux2014' variant of XGBoost. Certain features such as GPU algorithms or federated learning are not available. To use these features, please upgrade to a recent Linux distro with glibc 2.28+, and install the 'manylinux_2_28' variant.
  warnings.warn(
[I 2025-05-07 04:28:03,840] Trial 10 finished with value: 0.95 and parameters: {'n_estimators': 10, 'max_depth': 30, 'gamma': 0.17962098877423716, 'subsample': 0.8185311023645913, 'colsample_bytree': 0.8181024979210034}. Best is trial 3 with value: 0.975.
/data/home/rtabares/anaconda3/envs/pyth3.12/lib/python3.12/site-packages/xgboost/core.py:377: FutureWarning: Your system has an old version of glibc (< 2.28). We will stop supporting Linux distros with glibc older than 2.28 after **May 31, 2025**. Please upgrade to a recent Linux distro (with glibc >= 2.28) to use future versions of XGBoost.
Note: You have installed the 'manylinux2014' variant of XGBoost. Certain features such as GPU algorithms or federated learning are not available. To use these features, please upgrade to a recent Linux distro with glibc 2.28+, and install the 'manylinux_2_28' variant.
  warnings.warn(
[I 2025-05-07 04:28:04,502] Trial 11 finished with value: 0.975 and parameters: {'n_estimators': 40, 'max_depth': 5, 'gamma': 0.47895550501632295, 'subsample': 0.6051507994724706, 'colsample_bytree': 0.8027369043217835}. Best is trial 3 with value: 0.975.
/data/home/rtabares/anaconda3/envs/pyth3.12/lib/python3.12/site-packages/xgboost/core.py:377: FutureWarning: Your system has an old version of glibc (< 2.28). We will stop supporting Linux distros with glibc older than 2.28 after **May 31, 2025**. Please upgrade to a recent Linux distro (with glibc >= 2.28) to use future versions of XGBoost.
Note: You have installed the 'manylinux2014' variant of XGBoost. Certain features such as GPU algorithms or federated learning are not available. To use these features, please upgrade to a recent Linux distro with glibc 2.28+, and install the 'manylinux_2_28' variant.
  warnings.warn(
[I 2025-05-07 04:28:05,131] Trial 12 finished with value: 0.95 and parameters: {'n_estimators': 40, 'max_depth': 5, 'gamma': 0.6593319505543098, 'subsample': 0.5249228561883639, 'colsample_bytree': 0.7385946533603022}. Best is trial 3 with value: 0.975.
[I 2025-05-07 04:28:05,169] Trial 13 finished with value: 0.975 and parameters: {'n_estimators': 10, 'max_depth': 30, 'gamma': 0.5268615503101213, 'subsample': 0.6411093055389533, 'colsample_bytree': 0.8768972335832647}. Best is trial 3 with value: 0.975.
[I 2025-05-07 04:28:05,209] Trial 14 finished with value: 0.95 and parameters: {'n_estimators': 10, 'max_depth': 5, 'gamma': 0.2409007967230276, 'subsample': 0.5077589788523803, 'colsample_bytree': 0.7147217137697085}. Best is trial 3 with value: 0.975.
/data/home/rtabares/anaconda3/envs/pyth3.12/lib/python3.12/site-packages/xgboost/core.py:377: FutureWarning: Your system has an old version of glibc (< 2.28). We will stop supporting Linux distros with glibc older than 2.28 after **May 31, 2025**. Please upgrade to a recent Linux distro (with glibc >= 2.28) to use future versions of XGBoost.
Note: You have installed the 'manylinux2014' variant of XGBoost. Certain features such as GPU algorithms or federated learning are not available. To use these features, please upgrade to a recent Linux distro with glibc 2.28+, and install the 'manylinux_2_28' variant.
  warnings.warn(
[I 2025-05-07 04:28:05,842] Trial 15 finished with value: 0.975 and parameters: {'n_estimators': 40, 'max_depth': 30, 'gamma': 0.7543903414723538, 'subsample': 0.5942705836955756, 'colsample_bytree': 0.8604557310580807}. Best is trial 3 with value: 0.975.
/data/home/rtabares/anaconda3/envs/pyth3.12/lib/python3.12/site-packages/xgboost/core.py:377: FutureWarning: Your system has an old version of glibc (< 2.28). We will stop supporting Linux distros with glibc older than 2.28 after **May 31, 2025**. Please upgrade to a recent Linux distro (with glibc >= 2.28) to use future versions of XGBoost.
Note: You have installed the 'manylinux2014' variant of XGBoost. Certain features such as GPU algorithms or federated learning are not available. To use these features, please upgrade to a recent Linux distro with glibc 2.28+, and install the 'manylinux_2_28' variant.
  warnings.warn(
[I 2025-05-07 04:28:06,477] Trial 16 finished with value: 0.95 and parameters: {'n_estimators': 10, 'max_depth': 5, 'gamma': 0.992419125688274, 'subsample': 0.8009322113684061, 'colsample_bytree': 0.6907346768205197}. Best is trial 3 with value: 0.975.
/data/home/rtabares/anaconda3/envs/pyth3.12/lib/python3.12/site-packages/xgboost/core.py:377: FutureWarning: Your system has an old version of glibc (< 2.28). We will stop supporting Linux distros with glibc older than 2.28 after **May 31, 2025**. Please upgrade to a recent Linux distro (with glibc >= 2.28) to use future versions of XGBoost.
Note: You have installed the 'manylinux2014' variant of XGBoost. Certain features such as GPU algorithms or federated learning are not available. To use these features, please upgrade to a recent Linux distro with glibc 2.28+, and install the 'manylinux_2_28' variant.
  warnings.warn(
[I 2025-05-07 04:28:07,151] Trial 17 finished with value: 0.975 and parameters: {'n_estimators': 40, 'max_depth': 30, 'gamma': 0.4304810120679072, 'subsample': 0.6501162750724356, 'colsample_bytree': 0.7884592511269438}. Best is trial 3 with value: 0.975.
[I 2025-05-07 04:28:07,192] Trial 18 finished with value: 0.95 and parameters: {'n_estimators': 10, 'max_depth': 5, 'gamma': 0.5895737612488272, 'subsample': 0.553194872894814, 'colsample_bytree': 0.5772730450537745}. Best is trial 3 with value: 0.975.
[I 2025-05-07 04:28:07,229] Trial 19 finished with value: 0.95 and parameters: {'n_estimators': 40, 'max_depth': 20, 'gamma': 0.2792048953739036, 'subsample': 0.8671875696360061, 'colsample_bytree': 0.9003852468330709}. Best is trial 3 with value: 0.975.
[I 2025-05-07 04:28:07,278] Trial 20 finished with value: 0.95 and parameters: {'n_estimators': 40, 'max_depth': 30, 'gamma': 0.7310993644314148, 'subsample': 0.6434582452752613, 'colsample_bytree': 0.770179603101154}. Best is trial 3 with value: 0.975.
[I 2025-05-07 04:28:07,315] Trial 21 finished with value: 0.975 and parameters: {'n_estimators': 10, 'max_depth': 30, 'gamma': 0.8492721718632669, 'subsample': 0.5032329928111994, 'colsample_bytree': 0.5751154286579335}. Best is trial 3 with value: 0.975.
[I 2025-05-07 04:28:07,355] Trial 22 finished with value: 0.95 and parameters: {'n_estimators': 10, 'max_depth': 30, 'gamma': 0.8840602495261831, 'subsample': 0.5348769458562042, 'colsample_bytree': 0.63969730134444}. Best is trial 3 with value: 0.975.
[I 2025-05-07 04:28:07,396] Trial 23 finished with value: 0.95 and parameters: {'n_estimators': 10, 'max_depth': 30, 'gamma': 0.5350309577657114, 'subsample': 0.5712979999023745, 'colsample_bytree': 0.6086429367292248}. Best is trial 3 with value: 0.975.
[I 2025-05-07 04:28:07,434] Trial 24 finished with value: 0.95 and parameters: {'n_estimators': 10, 'max_depth': 30, 'gamma': 0.8109072270301615, 'subsample': 0.6071216712397489, 'colsample_bytree': 0.539538697975504}. Best is trial 3 with value: 0.975.
[I 2025-05-07 04:28:07,471] Trial 25 finished with value: 0.975 and parameters: {'n_estimators': 10, 'max_depth': 5, 'gamma': 0.7077437872694329, 'subsample': 0.5021120165087938, 'colsample_bytree': 0.5494321046940279}. Best is trial 3 with value: 0.975.
[I 2025-05-07 04:28:07,513] Trial 26 finished with value: 0.95 and parameters: {'n_estimators': 10, 'max_depth': 30, 'gamma': 0.5743804337942131, 'subsample': 0.5529127848924911, 'colsample_bytree': 0.6891465263921065}. Best is trial 3 with value: 0.975.
[I 2025-05-07 04:28:07,552] Trial 27 finished with value: 0.95 and parameters: {'n_estimators': 10, 'max_depth': 30, 'gamma': 0.9350680232569585, 'subsample': 0.7089689747912793, 'colsample_bytree': 0.7399507863913269}. Best is trial 3 with value: 0.975.
[I 2025-05-07 04:28:07,602] Trial 28 finished with value: 0.975 and parameters: {'n_estimators': 100, 'max_depth': 20, 'gamma': 0.8151282270307901, 'subsample': 0.6113838175003208, 'colsample_bytree': 0.8425995794655531}. Best is trial 3 with value: 0.975.
[I 2025-05-07 04:28:07,641] Trial 29 finished with value: 0.95 and parameters: {'n_estimators': 40, 'max_depth': 5, 'gamma': 0.48784829109336114, 'subsample': 0.7463422243795441, 'colsample_bytree': 0.6113769065253745}. Best is trial 3 with value: 0.975.
[I 2025-05-07 04:28:10,602] A new study created in memory with name: rf
Parámetros guardados en checkpoint_shoppers_Doriginal_Roriginal_B/k-means/IPC_20/best_models_k-means_seed_5_space_original/xgb_best_params.json


>>> Optuna tuning rf metodo k-means IPC 20 seed 5


[I 2025-05-07 04:28:12,942] Trial 0 finished with value: 0.95 and parameters: {'n_estimators': 189, 'max_depth': 18, 'min_samples_split': 3, 'min_samples_leaf': 10}. Best is trial 0 with value: 0.95.
[I 2025-05-07 04:28:13,325] Trial 1 finished with value: 0.975 and parameters: {'n_estimators': 295, 'max_depth': 14, 'min_samples_split': 8, 'min_samples_leaf': 6}. Best is trial 1 with value: 0.975.
[I 2025-05-07 04:28:13,654] Trial 2 finished with value: 0.95 and parameters: {'n_estimators': 219, 'max_depth': 6, 'min_samples_split': 2, 'min_samples_leaf': 8}. Best is trial 1 with value: 0.975.
[I 2025-05-07 04:28:14,025] Trial 3 finished with value: 0.975 and parameters: {'n_estimators': 276, 'max_depth': 5, 'min_samples_split': 9, 'min_samples_leaf': 3}. Best is trial 1 with value: 0.975.
[I 2025-05-07 04:28:14,347] Trial 4 finished with value: 0.975 and parameters: {'n_estimators': 266, 'max_depth': 8, 'min_samples_split': 7, 'min_samples_leaf': 6}. Best is trial 1 with value: 0.975.
[I 2025-05-07 04:28:14,798] Trial 5 finished with value: 0.975 and parameters: {'n_estimators': 340, 'max_depth': 7, 'min_samples_split': 4, 'min_samples_leaf': 3}. Best is trial 1 with value: 0.975.
[I 2025-05-07 04:28:15,089] Trial 6 finished with value: 0.95 and parameters: {'n_estimators': 231, 'max_depth': 5, 'min_samples_split': 3, 'min_samples_leaf': 10}. Best is trial 1 with value: 0.975.
[I 2025-05-07 04:28:15,681] Trial 7 finished with value: 0.975 and parameters: {'n_estimators': 485, 'max_depth': 6, 'min_samples_split': 2, 'min_samples_leaf': 3}. Best is trial 1 with value: 0.975.
[I 2025-05-07 04:28:16,144] Trial 8 finished with value: 0.975 and parameters: {'n_estimators': 380, 'max_depth': 17, 'min_samples_split': 2, 'min_samples_leaf': 6}. Best is trial 1 with value: 0.975.
[I 2025-05-07 04:28:16,342] Trial 9 finished with value: 0.95 and parameters: {'n_estimators': 100, 'max_depth': 12, 'min_samples_split': 7, 'min_samples_leaf': 10}. Best is trial 1 with value: 0.975.
[I 2025-05-07 04:28:16,889] Trial 10 finished with value: 0.975 and parameters: {'n_estimators': 446, 'max_depth': 13, 'min_samples_split': 10, 'min_samples_leaf': 5}. Best is trial 1 with value: 0.975.
[I 2025-05-07 04:28:17,902] Trial 11 finished with value: 0.975 and parameters: {'n_estimators': 314, 'max_depth': 15, 'min_samples_split': 10, 'min_samples_leaf': 1}. Best is trial 1 with value: 0.975.
[I 2025-05-07 04:28:18,970] Trial 12 finished with value: 0.975 and parameters: {'n_estimators': 390, 'max_depth': 3, 'min_samples_split': 8, 'min_samples_leaf': 3}. Best is trial 1 with value: 0.975.
[I 2025-05-07 04:28:19,941] Trial 13 finished with value: 0.95 and parameters: {'n_estimators': 284, 'max_depth': 10, 'min_samples_split': 9, 'min_samples_leaf': 5}. Best is trial 1 with value: 0.975.
[I 2025-05-07 04:28:20,205] Trial 14 finished with value: 0.975 and parameters: {'n_estimators': 187, 'max_depth': 20, 'min_samples_split': 5, 'min_samples_leaf': 1}. Best is trial 1 with value: 0.975.
[I 2025-05-07 04:28:20,420] Trial 15 finished with value: 0.95 and parameters: {'n_estimators': 136, 'max_depth': 9, 'min_samples_split': 8, 'min_samples_leaf': 7}. Best is trial 1 with value: 0.975.
[I 2025-05-07 04:28:20,816] Trial 16 finished with value: 0.975 and parameters: {'n_estimators': 344, 'max_depth': 14, 'min_samples_split': 6, 'min_samples_leaf': 4}. Best is trial 1 with value: 0.975.
[I 2025-05-07 04:28:21,114] Trial 17 finished with value: 0.95 and parameters: {'n_estimators': 262, 'max_depth': 11, 'min_samples_split': 9, 'min_samples_leaf': 8}. Best is trial 1 with value: 0.975.
[I 2025-05-07 04:28:21,616] Trial 18 finished with value: 0.975 and parameters: {'n_estimators': 409, 'max_depth': 3, 'min_samples_split': 8, 'min_samples_leaf': 2}. Best is trial 1 with value: 0.975.
[I 2025-05-07 04:28:21,978] Trial 19 finished with value: 0.975 and parameters: {'n_estimators': 318, 'max_depth': 16, 'min_samples_split': 6, 'min_samples_leaf': 4}. Best is trial 1 with value: 0.975.
[I 2025-05-07 04:28:22,224] Trial 20 finished with value: 0.975 and parameters: {'n_estimators': 163, 'max_depth': 19, 'min_samples_split': 9, 'min_samples_leaf': 7}. Best is trial 1 with value: 0.975.
[I 2025-05-07 04:28:22,520] Trial 21 finished with value: 0.95 and parameters: {'n_estimators': 259, 'max_depth': 9, 'min_samples_split': 7, 'min_samples_leaf': 6}. Best is trial 1 with value: 0.975.
[I 2025-05-07 04:28:22,845] Trial 22 finished with value: 0.975 and parameters: {'n_estimators': 287, 'max_depth': 8, 'min_samples_split': 7, 'min_samples_leaf': 7}. Best is trial 1 with value: 0.975.
[I 2025-05-07 04:28:23,166] Trial 23 finished with value: 0.975 and parameters: {'n_estimators': 237, 'max_depth': 5, 'min_samples_split': 8, 'min_samples_leaf': 4}. Best is trial 1 with value: 0.975.
[I 2025-05-07 04:28:23,568] Trial 24 finished with value: 0.975 and parameters: {'n_estimators': 350, 'max_depth': 11, 'min_samples_split': 9, 'min_samples_leaf': 5}. Best is trial 1 with value: 0.975.
[I 2025-05-07 04:28:23,914] Trial 25 finished with value: 0.95 and parameters: {'n_estimators': 268, 'max_depth': 4, 'min_samples_split': 6, 'min_samples_leaf': 8}. Best is trial 1 with value: 0.975.
[I 2025-05-07 04:28:24,260] Trial 26 finished with value: 0.975 and parameters: {'n_estimators': 304, 'max_depth': 8, 'min_samples_split': 10, 'min_samples_leaf': 6}. Best is trial 1 with value: 0.975.
[I 2025-05-07 04:28:24,541] Trial 27 finished with value: 0.975 and parameters: {'n_estimators': 206, 'max_depth': 14, 'min_samples_split': 7, 'min_samples_leaf': 2}. Best is trial 1 with value: 0.975.
[I 2025-05-07 04:28:24,831] Trial 28 finished with value: 0.95 and parameters: {'n_estimators': 246, 'max_depth': 7, 'min_samples_split': 5, 'min_samples_leaf': 9}. Best is trial 1 with value: 0.975.
[I 2025-05-07 04:28:25,067] Trial 29 finished with value: 0.95 and parameters: {'n_estimators': 193, 'max_depth': 12, 'min_samples_split': 8, 'min_samples_leaf': 6}. Best is trial 1 with value: 0.975.
[I 2025-05-07 04:28:29,268] A new study created in memory with name: svc
Parámetros guardados en checkpoint_shoppers_Doriginal_Roriginal_B/k-means/IPC_20/best_models_k-means_seed_5_space_original/rf_best_params.json


>>> Optuna tuning svc metodo k-means IPC 20 seed 5


[I 2025-05-07 04:28:30,368] Trial 0 finished with value: 0.4 and parameters: {'C': 0.07726319876517104, 'gamma': 0.3040389504793042}. Best is trial 0 with value: 0.4.
[I 2025-05-07 04:28:30,427] Trial 1 finished with value: 0.35 and parameters: {'C': 0.06712381339142241, 'gamma': 0.47254549996710477}. Best is trial 0 with value: 0.4.
[I 2025-05-07 04:28:30,443] Trial 2 finished with value: 0.575 and parameters: {'C': 0.8987621100554035, 'gamma': 0.027988231123708972}. Best is trial 2 with value: 0.575.
[I 2025-05-07 04:28:30,456] Trial 3 finished with value: 0.525 and parameters: {'C': 11.5779435007655, 'gamma': 0.011848734045499056}. Best is trial 2 with value: 0.575.
[I 2025-05-07 04:28:30,470] Trial 4 finished with value: 0.475 and parameters: {'C': 0.1538870258903583, 'gamma': 0.0005634883151169033}. Best is trial 2 with value: 0.575.
[I 2025-05-07 04:28:30,483] Trial 5 finished with value: 0.5 and parameters: {'C': 0.021036092656561454, 'gamma': 0.08990030906808326}. Best is trial 2 with value: 0.575.
[I 2025-05-07 04:28:30,497] Trial 6 finished with value: 0.475 and parameters: {'C': 0.5824208201678516, 'gamma': 0.00042977333932534993}. Best is trial 2 with value: 0.575.
[I 2025-05-07 04:28:30,511] Trial 7 finished with value: 0.55 and parameters: {'C': 33.09391330085814, 'gamma': 0.001248377256719358}. Best is trial 2 with value: 0.575.
[I 2025-05-07 04:28:30,525] Trial 8 finished with value: 0.5 and parameters: {'C': 0.45387898639622015, 'gamma': 0.0015286910781809498}. Best is trial 2 with value: 0.575.
[I 2025-05-07 04:28:30,540] Trial 9 finished with value: 0.55 and parameters: {'C': 3.274550070431994, 'gamma': 0.02086177421469992}. Best is trial 2 with value: 0.575.
[I 2025-05-07 04:28:30,561] Trial 10 finished with value: 0.45 and parameters: {'C': 3.454225646092145, 'gamma': 0.04920330178902686}. Best is trial 2 with value: 0.575.
[I 2025-05-07 04:28:31,219] Trial 11 finished with value: 0.625 and parameters: {'C': 86.56696084802483, 'gamma': 0.0031203943773379897}. Best is trial 11 with value: 0.625.
[I 2025-05-07 04:28:31,899] Trial 12 finished with value: 0.675 and parameters: {'C': 93.69790141693906, 'gamma': 0.004023333967778063}. Best is trial 12 with value: 0.675.
[I 2025-05-07 04:28:31,935] Trial 13 finished with value: 0.675 and parameters: {'C': 91.69118230535533, 'gamma': 0.00344613662407017}. Best is trial 12 with value: 0.675.
[I 2025-05-07 04:28:31,957] Trial 14 finished with value: 0.575 and parameters: {'C': 80.64117652848782, 'gamma': 0.00010410657631139162}. Best is trial 12 with value: 0.675.
[I 2025-05-07 04:28:31,979] Trial 15 finished with value: 0.6 and parameters: {'C': 15.77698372999138, 'gamma': 0.003765022920711429}. Best is trial 12 with value: 0.675.
[I 2025-05-07 04:28:32,000] Trial 16 finished with value: 0.55 and parameters: {'C': 5.107083463809838, 'gamma': 0.005031416058195977}. Best is trial 12 with value: 0.675.
[I 2025-05-07 04:28:32,023] Trial 17 finished with value: 0.55 and parameters: {'C': 23.870765614389637, 'gamma': 0.00015097288528916164}. Best is trial 12 with value: 0.675.
[I 2025-05-07 04:28:32,048] Trial 18 finished with value: 0.6 and parameters: {'C': 44.76368941923521, 'gamma': 0.008977362625787239}. Best is trial 12 with value: 0.675.
[I 2025-05-07 04:28:32,071] Trial 19 finished with value: 0.55 and parameters: {'C': 7.452656134818757, 'gamma': 0.0011246921062463007}. Best is trial 12 with value: 0.675.
[I 2025-05-07 04:28:32,097] Trial 20 finished with value: 0.475 and parameters: {'C': 2.451727644306112, 'gamma': 0.00039416521108300446}. Best is trial 12 with value: 0.675.
[I 2025-05-07 04:28:32,122] Trial 21 finished with value: 0.65 and parameters: {'C': 94.88812736745876, 'gamma': 0.003064523272514369}. Best is trial 12 with value: 0.675.
[I 2025-05-07 04:28:32,143] Trial 22 finished with value: 0.6 and parameters: {'C': 95.5883693059445, 'gamma': 0.0023852312663667176}. Best is trial 12 with value: 0.675.
[I 2025-05-07 04:28:32,783] Trial 23 finished with value: 0.65 and parameters: {'C': 44.583335397074954, 'gamma': 0.010520633602019215}. Best is trial 12 with value: 0.675.
[I 2025-05-07 04:28:32,817] Trial 24 finished with value: 0.525 and parameters: {'C': 18.81130887875239, 'gamma': 0.00604816570180994}. Best is trial 12 with value: 0.675.
[I 2025-05-07 04:28:32,841] Trial 25 finished with value: 0.55 and parameters: {'C': 37.77795965027948, 'gamma': 0.0007684419252251294}. Best is trial 12 with value: 0.675.
[I 2025-05-07 04:28:32,863] Trial 26 finished with value: 0.525 and parameters: {'C': 7.8724659328297255, 'gamma': 0.1002771222535751}. Best is trial 12 with value: 0.675.
[I 2025-05-07 04:28:32,887] Trial 27 finished with value: 0.575 and parameters: {'C': 66.78763270540487, 'gamma': 0.002244396965574802}. Best is trial 12 with value: 0.675.
[I 2025-05-07 04:28:32,912] Trial 28 finished with value: 0.525 and parameters: {'C': 20.329581897504095, 'gamma': 0.0002297713454409678}. Best is trial 12 with value: 0.675.
