[I 2025-05-07 04:16:45,382] Trial 29 finished with value: 0.6 and parameters: {'n_estimators': 40, 'max_depth': 20, 'gamma': 0.808169796675045, 'subsample': 0.9264697790248511, 'colsample_bytree': 0.6169874115233954}. Best is trial 9 with value: 0.75.
[I 2025-05-07 04:16:48,998] A new study created in memory with name: rf
Parámetros guardados en checkpoint_shoppers_Doriginal_Roriginal_B/random/IPC_10/best_models_random_seed_7_space_original/xgb_best_params.json


>>> Optuna tuning rf metodo random IPC 10 seed 7


[I 2025-05-07 04:16:50,191] Trial 0 finished with value: 0.5 and parameters: {'n_estimators': 130, 'max_depth': 17, 'min_samples_split': 5, 'min_samples_leaf': 8}. Best is trial 0 with value: 0.5.
[I 2025-05-07 04:16:50,787] Trial 1 finished with value: 0.55 and parameters: {'n_estimators': 492, 'max_depth': 12, 'min_samples_split': 6, 'min_samples_leaf': 1}. Best is trial 1 with value: 0.55.
[I 2025-05-07 04:16:51,068] Trial 2 finished with value: 0.5 and parameters: {'n_estimators': 207, 'max_depth': 11, 'min_samples_split': 8, 'min_samples_leaf': 9}. Best is trial 1 with value: 0.55.
[I 2025-05-07 04:16:51,377] Trial 3 finished with value: 0.5 and parameters: {'n_estimators': 252, 'max_depth': 4, 'min_samples_split': 4, 'min_samples_leaf': 10}. Best is trial 1 with value: 0.55.
[I 2025-05-07 04:16:51,637] Trial 4 finished with value: 0.65 and parameters: {'n_estimators': 185, 'max_depth': 11, 'min_samples_split': 10, 'min_samples_leaf': 1}. Best is trial 4 with value: 0.65.
[I 2025-05-07 04:16:52,016] Trial 5 finished with value: 0.5 and parameters: {'n_estimators': 340, 'max_depth': 20, 'min_samples_split': 4, 'min_samples_leaf': 6}. Best is trial 4 with value: 0.65.
[I 2025-05-07 04:16:52,517] Trial 6 finished with value: 0.5 and parameters: {'n_estimators': 464, 'max_depth': 5, 'min_samples_split': 6, 'min_samples_leaf': 8}. Best is trial 4 with value: 0.65.
[I 2025-05-07 04:16:52,989] Trial 7 finished with value: 0.6 and parameters: {'n_estimators': 368, 'max_depth': 11, 'min_samples_split': 3, 'min_samples_leaf': 5}. Best is trial 4 with value: 0.65.
[I 2025-05-07 04:16:53,298] Trial 8 finished with value: 0.5 and parameters: {'n_estimators': 249, 'max_depth': 11, 'min_samples_split': 5, 'min_samples_leaf': 9}. Best is trial 4 with value: 0.65.
[I 2025-05-07 04:16:53,769] Trial 9 finished with value: 0.5 and parameters: {'n_estimators': 408, 'max_depth': 8, 'min_samples_split': 7, 'min_samples_leaf': 3}. Best is trial 4 with value: 0.65.
[I 2025-05-07 04:16:54,033] Trial 10 finished with value: 0.55 and parameters: {'n_estimators': 156, 'max_depth': 15, 'min_samples_split': 10, 'min_samples_leaf': 1}. Best is trial 4 with value: 0.65.
[I 2025-05-07 04:16:55,091] Trial 11 finished with value: 0.5 and parameters: {'n_estimators': 350, 'max_depth': 8, 'min_samples_split': 2, 'min_samples_leaf': 4}. Best is trial 4 with value: 0.65.
[I 2025-05-07 04:16:56,173] Trial 12 finished with value: 0.55 and parameters: {'n_estimators': 303, 'max_depth': 14, 'min_samples_split': 10, 'min_samples_leaf': 5}. Best is trial 4 with value: 0.65.
[I 2025-05-07 04:16:56,964] Trial 13 finished with value: 0.45 and parameters: {'n_estimators': 100, 'max_depth': 8, 'min_samples_split': 2, 'min_samples_leaf': 3}. Best is trial 4 with value: 0.65.
[I 2025-05-07 04:16:57,445] Trial 14 finished with value: 0.45 and parameters: {'n_estimators': 412, 'max_depth': 13, 'min_samples_split': 8, 'min_samples_leaf': 6}. Best is trial 4 with value: 0.65.
[I 2025-05-07 04:16:57,679] Trial 15 finished with value: 0.5 and parameters: {'n_estimators': 170, 'max_depth': 9, 'min_samples_split': 3, 'min_samples_leaf': 2}. Best is trial 4 with value: 0.65.
[I 2025-05-07 04:16:57,994] Trial 16 finished with value: 0.5 and parameters: {'n_estimators': 256, 'max_depth': 16, 'min_samples_split': 9, 'min_samples_leaf': 5}. Best is trial 4 with value: 0.65.
[I 2025-05-07 04:16:58,472] Trial 17 finished with value: 0.5 and parameters: {'n_estimators': 403, 'max_depth': 6, 'min_samples_split': 8, 'min_samples_leaf': 7}. Best is trial 4 with value: 0.65.
[I 2025-05-07 04:16:58,747] Trial 18 finished with value: 0.55 and parameters: {'n_estimators': 202, 'max_depth': 19, 'min_samples_split': 3, 'min_samples_leaf': 3}. Best is trial 4 with value: 0.65.
[I 2025-05-07 04:16:59,134] Trial 19 finished with value: 0.55 and parameters: {'n_estimators': 347, 'max_depth': 10, 'min_samples_split': 7, 'min_samples_leaf': 4}. Best is trial 4 with value: 0.65.
[I 2025-05-07 04:16:59,501] Trial 20 finished with value: 0.45 and parameters: {'n_estimators': 293, 'max_depth': 3, 'min_samples_split': 9, 'min_samples_leaf': 2}. Best is trial 4 with value: 0.65.
[I 2025-05-07 04:17:00,063] Trial 21 finished with value: 0.5 and parameters: {'n_estimators': 470, 'max_depth': 13, 'min_samples_split': 6, 'min_samples_leaf': 1}. Best is trial 4 with value: 0.65.
[I 2025-05-07 04:17:00,572] Trial 22 finished with value: 0.5 and parameters: {'n_estimators': 444, 'max_depth': 12, 'min_samples_split': 6, 'min_samples_leaf': 1}. Best is trial 4 with value: 0.65.
[I 2025-05-07 04:17:01,130] Trial 23 finished with value: 0.55 and parameters: {'n_estimators': 494, 'max_depth': 10, 'min_samples_split': 5, 'min_samples_leaf': 2}. Best is trial 4 with value: 0.65.
[I 2025-05-07 04:17:01,600] Trial 24 finished with value: 0.4 and parameters: {'n_estimators': 383, 'max_depth': 12, 'min_samples_split': 4, 'min_samples_leaf': 4}. Best is trial 4 with value: 0.65.
[I 2025-05-07 04:17:02,067] Trial 25 finished with value: 0.6 and parameters: {'n_estimators': 441, 'max_depth': 14, 'min_samples_split': 7, 'min_samples_leaf': 1}. Best is trial 4 with value: 0.65.
[I 2025-05-07 04:17:02,588] Trial 26 finished with value: 0.6 and parameters: {'n_estimators': 437, 'max_depth': 17, 'min_samples_split': 9, 'min_samples_leaf': 3}. Best is trial 4 with value: 0.65.
[I 2025-05-07 04:17:02,995] Trial 27 finished with value: 0.55 and parameters: {'n_estimators': 366, 'max_depth': 14, 'min_samples_split': 7, 'min_samples_leaf': 2}. Best is trial 4 with value: 0.65.
[I 2025-05-07 04:17:03,319] Trial 28 finished with value: 0.5 and parameters: {'n_estimators': 302, 'max_depth': 6, 'min_samples_split': 10, 'min_samples_leaf': 7}. Best is trial 4 with value: 0.65.
[I 2025-05-07 04:17:03,722] Trial 29 finished with value: 0.5 and parameters: {'n_estimators': 324, 'max_depth': 15, 'min_samples_split': 5, 'min_samples_leaf': 2}. Best is trial 4 with value: 0.65.
[I 2025-05-07 04:17:07,622] A new study created in memory with name: svc
Parámetros guardados en checkpoint_shoppers_Doriginal_Roriginal_B/random/IPC_10/best_models_random_seed_7_space_original/rf_best_params.json


>>> Optuna tuning svc metodo random IPC 10 seed 7


[I 2025-05-07 04:17:09,083] Trial 0 finished with value: 0.6 and parameters: {'C': 0.020194502448102298, 'gamma': 0.13172711156111802}. Best is trial 0 with value: 0.6.
[I 2025-05-07 04:17:09,131] Trial 1 finished with value: 0.6 and parameters: {'C': 0.5670703311028815, 'gamma': 0.0783178418343345}. Best is trial 0 with value: 0.6.
[I 2025-05-07 04:17:09,148] Trial 2 finished with value: 0.65 and parameters: {'C': 81.65034948781698, 'gamma': 0.014255533717547383}. Best is trial 2 with value: 0.65.
[I 2025-05-07 04:17:09,161] Trial 3 finished with value: 0.6 and parameters: {'C': 1.0103732850016278, 'gamma': 0.00019418001640357854}. Best is trial 2 with value: 0.65.
[I 2025-05-07 04:17:09,175] Trial 4 finished with value: 0.65 and parameters: {'C': 0.11851025167261421, 'gamma': 0.00998918377985214}. Best is trial 2 with value: 0.65.
[I 2025-05-07 04:17:09,188] Trial 5 finished with value: 0.6 and parameters: {'C': 5.2109869371584665, 'gamma': 0.16404241128227343}. Best is trial 2 with value: 0.65.
[I 2025-05-07 04:17:09,202] Trial 6 finished with value: 0.6 and parameters: {'C': 0.3340138940215422, 'gamma': 0.00018354619576988685}. Best is trial 2 with value: 0.65.
[I 2025-05-07 04:17:09,215] Trial 7 finished with value: 0.7 and parameters: {'C': 0.1420961781588805, 'gamma': 0.434884682155233}. Best is trial 7 with value: 0.7.
[I 2025-05-07 04:17:09,230] Trial 8 finished with value: 0.6 and parameters: {'C': 0.07137422643361827, 'gamma': 0.006434219125545069}. Best is trial 7 with value: 0.7.
[I 2025-05-07 04:17:09,245] Trial 9 finished with value: 0.6 and parameters: {'C': 53.066944048916255, 'gamma': 0.00012577574840733457}. Best is trial 7 with value: 0.7.
[I 2025-05-07 04:17:09,267] Trial 10 finished with value: 0.55 and parameters: {'C': 4.485207701178221, 'gamma': 0.5485362450518244}. Best is trial 7 with value: 0.7.
[I 2025-05-07 04:17:09,958] Trial 11 finished with value: 0.6 and parameters: {'C': 60.69074680775944, 'gamma': 0.001967469560760886}. Best is trial 7 with value: 0.7.
[I 2025-05-07 04:17:10,629] Trial 12 finished with value: 0.65 and parameters: {'C': 12.288339936751779, 'gamma': 0.8493053795845521}. Best is trial 7 with value: 0.7.
[I 2025-05-07 04:17:10,656] Trial 13 finished with value: 0.65 and parameters: {'C': 0.01472617724877776, 'gamma': 0.03599602038940262}. Best is trial 7 with value: 0.7.
[I 2025-05-07 04:17:10,679] Trial 14 finished with value: 0.6 and parameters: {'C': 1.6638857990919569, 'gamma': 0.0016703513911524533}. Best is trial 7 with value: 0.7.
[I 2025-05-07 04:17:10,700] Trial 15 finished with value: 0.65 and parameters: {'C': 0.10804264932261874, 'gamma': 0.03715909651586003}. Best is trial 7 with value: 0.7.
[I 2025-05-07 04:17:10,723] Trial 16 finished with value: 0.6 and parameters: {'C': 12.514475895590124, 'gamma': 0.0008638787340075926}. Best is trial 7 with value: 0.7.
[I 2025-05-07 04:17:10,747] Trial 17 finished with value: 0.55 and parameters: {'C': 0.2639054854622856, 'gamma': 0.3018754770546906}. Best is trial 7 with value: 0.7.
[I 2025-05-07 04:17:10,768] Trial 18 finished with value: 0.65 and parameters: {'C': 0.04286733540475112, 'gamma': 0.03320384586751046}. Best is trial 7 with value: 0.7.
[I 2025-05-07 04:17:10,793] Trial 19 finished with value: 0.6 and parameters: {'C': 1.9123017448713049, 'gamma': 0.004637969709806309}. Best is trial 7 with value: 0.7.
[I 2025-05-07 04:17:10,813] Trial 20 finished with value: 0.65 and parameters: {'C': 17.447080279507706, 'gamma': 0.017087819352921706}. Best is trial 7 with value: 0.7.
[I 2025-05-07 04:17:10,834] Trial 21 finished with value: 0.65 and parameters: {'C': 0.16849260149363862, 'gamma': 0.013235133736197606}. Best is trial 7 with value: 0.7.
[I 2025-05-07 04:17:10,858] Trial 22 finished with value: 0.6 and parameters: {'C': 0.05320360211839282, 'gamma': 0.0006423073254989481}. Best is trial 7 with value: 0.7.
[I 2025-05-07 04:17:11,485] Trial 23 finished with value: 0.6 and parameters: {'C': 0.5502578972077041, 'gamma': 0.0034417086569104105}. Best is trial 7 with value: 0.7.
[I 2025-05-07 04:17:11,510] Trial 24 finished with value: 0.65 and parameters: {'C': 0.02516103889851534, 'gamma': 0.01604425996780013}. Best is trial 7 with value: 0.7.
[I 2025-05-07 04:17:11,530] Trial 25 finished with value: 0.6 and parameters: {'C': 0.09895603100879584, 'gamma': 0.09582020947001559}. Best is trial 7 with value: 0.7.
[I 2025-05-07 04:17:11,552] Trial 26 finished with value: 0.65 and parameters: {'C': 0.18501387974394198, 'gamma': 0.008083657088586096}. Best is trial 7 with value: 0.7.
[I 2025-05-07 04:17:11,586] Trial 27 finished with value: 0.65 and parameters: {'C': 98.90999572167031, 'gamma': 0.3071710706735028}. Best is trial 7 with value: 0.7.
[I 2025-05-07 04:17:11,609] Trial 28 finished with value: 0.65 and parameters: {'C': 0.032365905597448126, 'gamma': 0.05017090917070675}. Best is trial 7 with value: 0.7.
[I 2025-05-07 04:17:11,631] Trial 29 finished with value: 0.6 and parameters: {'C': 0.015312580971279122, 'gamma': 0.00247568459219402}. Best is trial 7 with value: 0.7.
[I 2025-05-07 04:17:13,526] A new study created in memory with name: logreg
Parámetros guardados en checkpoint_shoppers_Doriginal_Roriginal_B/random/IPC_10/best_models_random_seed_7_space_original/svc_best_params.json


>>> Optuna tuning logreg metodo random IPC 10 seed 7


[I 2025-05-07 04:17:16,573] Trial 0 finished with value: 0.6 and parameters: {'C': 0.002407362254570802, 'penalty': 'l2'}. Best is trial 0 with value: 0.6.
[I 2025-05-07 04:17:16,724] Trial 1 finished with value: 0.6 and parameters: {'C': 7.935859334260497, 'penalty': 'l2'}. Best is trial 0 with value: 0.6.
[I 2025-05-07 04:17:16,752] Trial 2 finished with value: 0.55 and parameters: {'C': 0.15561310098067915, 'penalty': 'l2'}. Best is trial 0 with value: 0.6.
[I 2025-05-07 04:17:16,777] Trial 3 finished with value: 0.55 and parameters: {'C': 4.143104515916128, 'penalty': 'l2'}. Best is trial 0 with value: 0.6.
[I 2025-05-07 04:17:16,802] Trial 4 finished with value: 0.55 and parameters: {'C': 77.61533923098803, 'penalty': 'l2'}. Best is trial 0 with value: 0.6.
[I 2025-05-07 04:17:16,815] Trial 5 finished with value: 0.55 and parameters: {'C': 0.49258292359934785, 'penalty': 'l2'}. Best is trial 0 with value: 0.6.
[I 2025-05-07 04:17:16,828] Trial 6 finished with value: 0.55 and parameters: {'C': 0.320333470047146, 'penalty': 'l2'}. Best is trial 0 with value: 0.6.
[I 2025-05-07 04:17:16,842] Trial 7 finished with value: 0.6 and parameters: {'C': 0.002292216671132896, 'penalty': 'l2'}. Best is trial 0 with value: 0.6.
[I 2025-05-07 04:17:16,866] Trial 8 finished with value: 0.6 and parameters: {'C': 0.0219884643872214, 'penalty': 'l2'}. Best is trial 0 with value: 0.6.
[I 2025-05-07 04:17:16,891] Trial 9 finished with value: 0.55 and parameters: {'C': 0.31580027519646636, 'penalty': 'l2'}. Best is trial 0 with value: 0.6.
[I 2025-05-07 04:17:16,923] Trial 10 finished with value: 0.6 and parameters: {'C': 0.005028545732690317, 'penalty': 'l2'}. Best is trial 0 with value: 0.6.
[I 2025-05-07 04:17:17,580] Trial 11 finished with value: 0.55 and parameters: {'C': 15.514850032264519, 'penalty': 'l2'}. Best is trial 0 with value: 0.6.
[I 2025-05-07 04:17:17,610] Trial 12 finished with value: 0.55 and parameters: {'C': 3.8533453410664578, 'penalty': 'l2'}. Best is trial 0 with value: 0.6.
[I 2025-05-07 04:17:17,642] Trial 13 finished with value: 0.6 and parameters: {'C': 0.04053444936620892, 'penalty': 'l2'}. Best is trial 0 with value: 0.6.
[I 2025-05-07 04:17:17,673] Trial 14 finished with value: 0.55 and parameters: {'C': 3.6189108554787492, 'penalty': 'l2'}. Best is trial 0 with value: 0.6.
[I 2025-05-07 04:17:17,692] Trial 15 finished with value: 0.55 and parameters: {'C': 76.85235596180026, 'penalty': 'l2'}. Best is trial 0 with value: 0.6.
[I 2025-05-07 04:17:18,325] Trial 16 finished with value: 0.6 and parameters: {'C': 0.012579852256827942, 'penalty': 'l2'}. Best is trial 0 with value: 0.6.
[I 2025-05-07 04:17:18,962] Trial 17 finished with value: 0.6 and parameters: {'C': 0.0010299038925161348, 'penalty': 'l2'}. Best is trial 0 with value: 0.6.
[I 2025-05-07 04:17:18,985] Trial 18 finished with value: 0.6 and parameters: {'C': 0.059497234598840446, 'penalty': 'l2'}. Best is trial 0 with value: 0.6.
[I 2025-05-07 04:17:19,638] Trial 19 finished with value: 0.55 and parameters: {'C': 1.326095734760134, 'penalty': 'l2'}. Best is trial 0 with value: 0.6.
[I 2025-05-07 04:17:19,671] Trial 20 finished with value: 0.55 and parameters: {'C': 20.37422894544439, 'penalty': 'l2'}. Best is trial 0 with value: 0.6.
[I 2025-05-07 04:17:20,319] Trial 21 finished with value: 0.6 and parameters: {'C': 0.0010450781217522568, 'penalty': 'l2'}. Best is trial 0 with value: 0.6.
[I 2025-05-07 04:17:20,346] Trial 22 finished with value: 0.6 and parameters: {'C': 0.0029998767838804977, 'penalty': 'l2'}. Best is trial 0 with value: 0.6.
[I 2025-05-07 04:17:20,376] Trial 23 finished with value: 0.6 and parameters: {'C': 0.005427687564053095, 'penalty': 'l2'}. Best is trial 0 with value: 0.6.
[I 2025-05-07 04:17:20,397] Trial 24 finished with value: 0.6 and parameters: {'C': 0.0030895660800522124, 'penalty': 'l2'}. Best is trial 0 with value: 0.6.
[I 2025-05-07 04:17:20,415] Trial 25 finished with value: 0.6 and parameters: {'C': 0.009780839736541995, 'penalty': 'l2'}. Best is trial 0 with value: 0.6.
[I 2025-05-07 04:17:20,444] Trial 26 finished with value: 0.6 and parameters: {'C': 0.08708181392592668, 'penalty': 'l2'}. Best is trial 0 with value: 0.6.
[I 2025-05-07 04:17:20,474] Trial 27 finished with value: 0.55 and parameters: {'C': 0.8787274571068038, 'penalty': 'l2'}. Best is trial 0 with value: 0.6.
[I 2025-05-07 04:17:20,492] Trial 28 finished with value: 0.6 and parameters: {'C': 0.0020520645003770334, 'penalty': 'l2'}. Best is trial 0 with value: 0.6.
[I 2025-05-07 04:17:20,510] Trial 29 finished with value: 0.6 and parameters: {'C': 0.12103469634734605, 'penalty': 'l2'}. Best is trial 0 with value: 0.6.
/data/home/rtabares/anaconda3/envs/pyth3.12/lib/python3.12/site-packages/xgboost/core.py:377: FutureWarning: Your system has an old version of glibc (< 2.28). We will stop supporting Linux distros with glibc older than 2.28 after **May 31, 2025**. Please upgrade to a recent Linux distro (with glibc >= 2.28) to use future versions of XGBoost.
Note: You have installed the 'manylinux2014' variant of XGBoost. Certain features such as GPU algorithms or federated learning are not available. To use these features, please upgrade to a recent Linux distro with glibc 2.28+, and install the 'manylinux_2_28' variant.
  warnings.warn(
[I 2025-05-07 04:17:22,934] A new study created in memory with name: mlp
Parámetros guardados en checkpoint_shoppers_Doriginal_Roriginal_B/random/IPC_10/best_models_random_seed_7_space_original/logreg_best_params.json


>>> Optuna tuning mlp metodo random IPC 10 seed 7


/data/home/rtabares/anaconda3/envs/pyth3.12/lib/python3.12/site-packages/sklearn/neural_network/_multilayer_perceptron.py:691: ConvergenceWarning: Stochastic Optimizer: Maximum iterations (100) reached and the optimization hasn't converged yet.
  warnings.warn(
/data/home/rtabares/anaconda3/envs/pyth3.12/lib/python3.12/site-packages/sklearn/neural_network/_multilayer_perceptron.py:691: ConvergenceWarning: Stochastic Optimizer: Maximum iterations (100) reached and the optimization hasn't converged yet.
  warnings.warn(
/data/home/rtabares/anaconda3/envs/pyth3.12/lib/python3.12/site-packages/sklearn/neural_network/_multilayer_perceptron.py:691: ConvergenceWarning: Stochastic Optimizer: Maximum iterations (100) reached and the optimization hasn't converged yet.
  warnings.warn(
/data/home/rtabares/anaconda3/envs/pyth3.12/lib/python3.12/site-packages/sklearn/neural_network/_multilayer_perceptron.py:691: ConvergenceWarning: Stochastic Optimizer: Maximum iterations (100) reached and the optimization hasn't converged yet.
  warnings.warn(
/data/home/rtabares/anaconda3/envs/pyth3.12/lib/python3.12/site-packages/sklearn/neural_network/_multilayer_perceptron.py:691: ConvergenceWarning: Stochastic Optimizer: Maximum iterations (100) reached and the optimization hasn't converged yet.
  warnings.warn(
[I 2025-05-07 04:17:25,287] Trial 0 finished with value: 0.55 and parameters: {'hidden_layer_sizes': (200,), 'max_iter': 100, 'alpha': 0.0001}. Best is trial 0 with value: 0.55.
/data/home/rtabares/anaconda3/envs/pyth3.12/lib/python3.12/site-packages/sklearn/neural_network/_multilayer_perceptron.py:691: ConvergenceWarning: Stochastic Optimizer: Maximum iterations (100) reached and the optimization hasn't converged yet.
  warnings.warn(
/data/home/rtabares/anaconda3/envs/pyth3.12/lib/python3.12/site-packages/sklearn/neural_network/_multilayer_perceptron.py:691: ConvergenceWarning: Stochastic Optimizer: Maximum iterations (100) reached and the optimization hasn't converged yet.
  warnings.warn(
[I 2025-05-07 04:17:25,622] Trial 1 finished with value: 0.5 and parameters: {'hidden_layer_sizes': (100, 100), 'max_iter': 100, 'alpha': 0.0001}. Best is trial 0 with value: 0.55.
/data/home/rtabares/anaconda3/envs/pyth3.12/lib/python3.12/site-packages/sklearn/neural_network/_multilayer_perceptron.py:691: ConvergenceWarning: Stochastic Optimizer: Maximum iterations (100) reached and the optimization hasn't converged yet.
  warnings.warn(
/data/home/rtabares/anaconda3/envs/pyth3.12/lib/python3.12/site-packages/sklearn/neural_network/_multilayer_perceptron.py:691: ConvergenceWarning: Stochastic Optimizer: Maximum iterations (100) reached and the optimization hasn't converged yet.
  warnings.warn(
/data/home/rtabares/anaconda3/envs/pyth3.12/lib/python3.12/site-packages/sklearn/neural_network/_multilayer_perceptron.py:691: ConvergenceWarning: Stochastic Optimizer: Maximum iterations (100) reached and the optimization hasn't converged yet.
  warnings.warn(
/data/home/rtabares/anaconda3/envs/pyth3.12/lib/python3.12/site-packages/sklearn/neural_network/_multilayer_perceptron.py:691: ConvergenceWarning: Stochastic Optimizer: Maximum iterations (100) reached and the optimization hasn't converged yet.
  warnings.warn(
/data/home/rtabares/anaconda3/envs/pyth3.12/lib/python3.12/site-packages/sklearn/neural_network/_multilayer_perceptron.py:691: ConvergenceWarning: Stochastic Optimizer: Maximum iterations (100) reached and the optimization hasn't converged yet.
  warnings.warn(
