[I 2025-05-07 07:24:52,170] Trial 11 finished with value: 0.8333333333333334 and parameters: {'n_estimators': 10, 'max_depth': 30, 'gamma': 0.4473655589214841, 'subsample': 0.8876505305662482, 'colsample_bytree': 0.5128323752511108}. Best is trial 2 with value: 0.8333333333333334.
/data/home/rtabares/anaconda3/envs/pyth3.12/lib/python3.12/site-packages/xgboost/core.py:377: FutureWarning: Your system has an old version of glibc (< 2.28). We will stop supporting Linux distros with glibc older than 2.28 after **May 31, 2025**. Please upgrade to a recent Linux distro (with glibc >= 2.28) to use future versions of XGBoost.
Note: You have installed the 'manylinux2014' variant of XGBoost. Certain features such as GPU algorithms or federated learning are not available. To use these features, please upgrade to a recent Linux distro with glibc 2.28+, and install the 'manylinux_2_28' variant.
  warnings.warn(
/data/home/rtabares/anaconda3/envs/pyth3.12/lib/python3.12/site-packages/xgboost/core.py:377: FutureWarning: Your system has an old version of glibc (< 2.28). We will stop supporting Linux distros with glibc older than 2.28 after **May 31, 2025**. Please upgrade to a recent Linux distro (with glibc >= 2.28) to use future versions of XGBoost.
Note: You have installed the 'manylinux2014' variant of XGBoost. Certain features such as GPU algorithms or federated learning are not available. To use these features, please upgrade to a recent Linux distro with glibc 2.28+, and install the 'manylinux_2_28' variant.
  warnings.warn(
/data/home/rtabares/anaconda3/envs/pyth3.12/lib/python3.12/site-packages/xgboost/core.py:377: FutureWarning: Your system has an old version of glibc (< 2.28). We will stop supporting Linux distros with glibc older than 2.28 after **May 31, 2025**. Please upgrade to a recent Linux distro (with glibc >= 2.28) to use future versions of XGBoost.
Note: You have installed the 'manylinux2014' variant of XGBoost. Certain features such as GPU algorithms or federated learning are not available. To use these features, please upgrade to a recent Linux distro with glibc 2.28+, and install the 'manylinux_2_28' variant.
  warnings.warn(
/data/home/rtabares/anaconda3/envs/pyth3.12/lib/python3.12/site-packages/xgboost/core.py:377: FutureWarning: Your system has an old version of glibc (< 2.28). We will stop supporting Linux distros with glibc older than 2.28 after **May 31, 2025**. Please upgrade to a recent Linux distro (with glibc >= 2.28) to use future versions of XGBoost.
Note: You have installed the 'manylinux2014' variant of XGBoost. Certain features such as GPU algorithms or federated learning are not available. To use these features, please upgrade to a recent Linux distro with glibc 2.28+, and install the 'manylinux_2_28' variant.
  warnings.warn(
[I 2025-05-07 07:24:52,855] Trial 12 finished with value: 0.8166666666666668 and parameters: {'n_estimators': 10, 'max_depth': 30, 'gamma': 0.3586904266701887, 'subsample': 0.8508935540970436, 'colsample_bytree': 0.6018504571282564}. Best is trial 2 with value: 0.8333333333333334.
[I 2025-05-07 07:24:52,894] Trial 13 finished with value: 0.8166666666666668 and parameters: {'n_estimators': 10, 'max_depth': 5, 'gamma': 0.38816670398676595, 'subsample': 0.6702225704744297, 'colsample_bytree': 0.6411994279424558}. Best is trial 2 with value: 0.8333333333333334.
[I 2025-05-07 07:24:52,933] Trial 14 finished with value: 0.8166666666666668 and parameters: {'n_estimators': 40, 'max_depth': 30, 'gamma': 0.6890727201228488, 'subsample': 0.8768265484123902, 'colsample_bytree': 0.5105293614188624}. Best is trial 2 with value: 0.8333333333333334.
[I 2025-05-07 07:24:52,971] Trial 15 finished with value: 0.8333333333333334 and parameters: {'n_estimators': 100, 'max_depth': 5, 'gamma': 0.1138974011447233, 'subsample': 0.7024518369560726, 'colsample_bytree': 0.5884397130579582}. Best is trial 2 with value: 0.8333333333333334.
[I 2025-05-07 07:24:53,009] Trial 16 finished with value: 0.8166666666666667 and parameters: {'n_estimators': 10, 'max_depth': 30, 'gamma': 0.31517085756328606, 'subsample': 0.8931631767556234, 'colsample_bytree': 0.6970658521264517}. Best is trial 2 with value: 0.8333333333333334.
[I 2025-05-07 07:24:53,046] Trial 17 finished with value: 0.8 and parameters: {'n_estimators': 10, 'max_depth': 5, 'gamma': 0.8348054700395453, 'subsample': 0.8083129534368781, 'colsample_bytree': 0.5797282374167483}. Best is trial 2 with value: 0.8333333333333334.
[I 2025-05-07 07:24:53,095] Trial 18 finished with value: 0.8333333333333334 and parameters: {'n_estimators': 100, 'max_depth': 5, 'gamma': 0.4579501856940509, 'subsample': 0.7223163014323529, 'colsample_bytree': 0.5022805134458836}. Best is trial 2 with value: 0.8333333333333334.
[I 2025-05-07 07:24:53,143] Trial 19 finished with value: 0.8000000000000002 and parameters: {'n_estimators': 40, 'max_depth': 30, 'gamma': 0.5727424602643826, 'subsample': 0.6349811263069531, 'colsample_bytree': 0.6506739451970017}. Best is trial 2 with value: 0.8333333333333334.
[I 2025-05-07 07:24:53,194] Trial 20 finished with value: 0.8166666666666668 and parameters: {'n_estimators': 100, 'max_depth': 30, 'gamma': 0.2788911216877681, 'subsample': 0.9149857168570596, 'colsample_bytree': 0.7493469908801988}. Best is trial 2 with value: 0.8333333333333334.
[I 2025-05-07 07:24:53,243] Trial 21 finished with value: 0.8166666666666668 and parameters: {'n_estimators': 100, 'max_depth': 5, 'gamma': 0.14772632843129732, 'subsample': 0.7154143797453658, 'colsample_bytree': 0.5736054337780587}. Best is trial 2 with value: 0.8333333333333334.
[I 2025-05-07 07:24:53,292] Trial 22 finished with value: 0.8 and parameters: {'n_estimators': 100, 'max_depth': 5, 'gamma': 0.11405427943984268, 'subsample': 0.8381134014345797, 'colsample_bytree': 0.6085020008253024}. Best is trial 2 with value: 0.8333333333333334.
[I 2025-05-07 07:24:53,343] Trial 23 finished with value: 0.8 and parameters: {'n_estimators': 100, 'max_depth': 5, 'gamma': 0.2545318256262953, 'subsample': 0.6462373445797576, 'colsample_bytree': 0.5493806053959991}. Best is trial 2 with value: 0.8333333333333334.
[I 2025-05-07 07:24:53,395] Trial 24 finished with value: 0.8333333333333334 and parameters: {'n_estimators': 100, 'max_depth': 5, 'gamma': 0.1202706390677182, 'subsample': 0.7427649160238754, 'colsample_bytree': 0.6910136449962515}. Best is trial 2 with value: 0.8333333333333334.
[I 2025-05-07 07:24:53,433] Trial 25 finished with value: 0.85 and parameters: {'n_estimators': 10, 'max_depth': 5, 'gamma': 0.41355408028708485, 'subsample': 0.77542890955772, 'colsample_bytree': 0.5479335645099975}. Best is trial 25 with value: 0.85.
[I 2025-05-07 07:24:53,473] Trial 26 finished with value: 0.7833333333333334 and parameters: {'n_estimators': 10, 'max_depth': 5, 'gamma': 0.4313111048142133, 'subsample': 0.7677340571667091, 'colsample_bytree': 0.5378588807399776}. Best is trial 25 with value: 0.85.
[I 2025-05-07 07:24:53,513] Trial 27 finished with value: 0.8333333333333334 and parameters: {'n_estimators': 10, 'max_depth': 5, 'gamma': 0.6213743688422336, 'subsample': 0.8438840071780275, 'colsample_bytree': 0.6213629476181095}. Best is trial 25 with value: 0.85.
[I 2025-05-07 07:24:53,553] Trial 28 finished with value: 0.85 and parameters: {'n_estimators': 10, 'max_depth': 20, 'gamma': 0.5316700703745603, 'subsample': 0.9282787132002958, 'colsample_bytree': 0.544939955073926}. Best is trial 25 with value: 0.85.
[I 2025-05-07 07:24:53,590] Trial 29 finished with value: 0.8166666666666668 and parameters: {'n_estimators': 40, 'max_depth': 20, 'gamma': 0.509758794880545, 'subsample': 0.9332996479630938, 'colsample_bytree': 0.706027416981644}. Best is trial 25 with value: 0.85.
[I 2025-05-07 07:24:57,158] A new study created in memory with name: rf
Parámetros guardados en checkpoint_shoppers_Doriginal_Roriginal_C/random/IPC_30/best_models_random_seed_0_space_original/xgb_best_params.json


>>> Optuna tuning rf metodo random IPC 30 seed 0


[I 2025-05-07 07:24:59,381] Trial 0 finished with value: 0.7833333333333334 and parameters: {'n_estimators': 320, 'max_depth': 15, 'min_samples_split': 7, 'min_samples_leaf': 6}. Best is trial 0 with value: 0.7833333333333334.
[I 2025-05-07 07:24:59,838] Trial 1 finished with value: 0.7666666666666667 and parameters: {'n_estimators': 269, 'max_depth': 14, 'min_samples_split': 5, 'min_samples_leaf': 9}. Best is trial 0 with value: 0.7833333333333334.
[I 2025-05-07 07:25:00,448] Trial 2 finished with value: 0.75 and parameters: {'n_estimators': 486, 'max_depth': 9, 'min_samples_split': 9, 'min_samples_leaf': 6}. Best is trial 0 with value: 0.7833333333333334.
[I 2025-05-07 07:25:00,900] Trial 3 finished with value: 0.7500000000000001 and parameters: {'n_estimators': 327, 'max_depth': 19, 'min_samples_split': 2, 'min_samples_leaf': 1}. Best is trial 0 with value: 0.7833333333333334.
[I 2025-05-07 07:25:01,119] Trial 4 finished with value: 0.7 and parameters: {'n_estimators': 108, 'max_depth': 17, 'min_samples_split': 9, 'min_samples_leaf': 9}. Best is trial 0 with value: 0.7833333333333334.
[I 2025-05-07 07:25:01,711] Trial 5 finished with value: 0.7333333333333334 and parameters: {'n_estimators': 492, 'max_depth': 17, 'min_samples_split': 6, 'min_samples_leaf': 8}. Best is trial 0 with value: 0.7833333333333334.
[I 2025-05-07 07:25:01,990] Trial 6 finished with value: 0.7 and parameters: {'n_estimators': 147, 'max_depth': 14, 'min_samples_split': 3, 'min_samples_leaf': 10}. Best is trial 0 with value: 0.7833333333333334.
[I 2025-05-07 07:25:02,420] Trial 7 finished with value: 0.75 and parameters: {'n_estimators': 309, 'max_depth': 10, 'min_samples_split': 4, 'min_samples_leaf': 8}. Best is trial 0 with value: 0.7833333333333334.
[I 2025-05-07 07:25:02,831] Trial 8 finished with value: 0.7666666666666667 and parameters: {'n_estimators': 282, 'max_depth': 13, 'min_samples_split': 2, 'min_samples_leaf': 7}. Best is trial 0 with value: 0.7833333333333334.
[I 2025-05-07 07:25:03,303] Trial 9 finished with value: 0.7666666666666668 and parameters: {'n_estimators': 345, 'max_depth': 14, 'min_samples_split': 10, 'min_samples_leaf': 7}. Best is trial 0 with value: 0.7833333333333334.
[I 2025-05-07 07:25:03,905] Trial 10 finished with value: 0.7833333333333334 and parameters: {'n_estimators': 407, 'max_depth': 5, 'min_samples_split': 7, 'min_samples_leaf': 3}. Best is trial 0 with value: 0.7833333333333334.
[I 2025-05-07 07:25:05,009] Trial 11 finished with value: 0.7666666666666668 and parameters: {'n_estimators': 421, 'max_depth': 4, 'min_samples_split': 7, 'min_samples_leaf': 3}. Best is trial 0 with value: 0.7833333333333334.
[I 2025-05-07 07:25:06,163] Trial 12 finished with value: 0.8166666666666667 and parameters: {'n_estimators': 410, 'max_depth': 3, 'min_samples_split': 7, 'min_samples_leaf': 4}. Best is trial 12 with value: 0.8166666666666667.
[I 2025-05-07 07:25:07,125] Trial 13 finished with value: 0.8000000000000002 and parameters: {'n_estimators': 228, 'max_depth': 7, 'min_samples_split': 7, 'min_samples_leaf': 4}. Best is trial 12 with value: 0.8166666666666667.
[I 2025-05-07 07:25:07,404] Trial 14 finished with value: 0.7666666666666668 and parameters: {'n_estimators': 203, 'max_depth': 7, 'min_samples_split': 8, 'min_samples_leaf': 4}. Best is trial 12 with value: 0.8166666666666667.
[I 2025-05-07 07:25:07,710] Trial 15 finished with value: 0.7833333333333334 and parameters: {'n_estimators': 231, 'max_depth': 3, 'min_samples_split': 6, 'min_samples_leaf': 4}. Best is trial 12 with value: 0.8166666666666667.
[I 2025-05-07 07:25:08,213] Trial 16 finished with value: 0.7833333333333334 and parameters: {'n_estimators': 418, 'max_depth': 7, 'min_samples_split': 5, 'min_samples_leaf': 1}. Best is trial 12 with value: 0.8166666666666667.
[I 2025-05-07 07:25:08,512] Trial 17 finished with value: 0.8 and parameters: {'n_estimators': 205, 'max_depth': 6, 'min_samples_split': 8, 'min_samples_leaf': 4}. Best is trial 12 with value: 0.8166666666666667.
[I 2025-05-07 07:25:09,008] Trial 18 finished with value: 0.8 and parameters: {'n_estimators': 373, 'max_depth': 9, 'min_samples_split': 5, 'min_samples_leaf': 2}. Best is trial 12 with value: 0.8166666666666667.
[I 2025-05-07 07:25:09,247] Trial 19 finished with value: 0.7666666666666666 and parameters: {'n_estimators': 161, 'max_depth': 3, 'min_samples_split': 10, 'min_samples_leaf': 5}. Best is trial 12 with value: 0.8166666666666667.
[I 2025-05-07 07:25:09,572] Trial 20 finished with value: 0.7500000000000001 and parameters: {'n_estimators': 252, 'max_depth': 11, 'min_samples_split': 8, 'min_samples_leaf': 5}. Best is trial 12 with value: 0.8166666666666667.
[I 2025-05-07 07:25:09,858] Trial 21 finished with value: 0.8 and parameters: {'n_estimators': 201, 'max_depth': 6, 'min_samples_split': 8, 'min_samples_leaf': 4}. Best is trial 12 with value: 0.8166666666666667.
[I 2025-05-07 07:25:10,103] Trial 22 finished with value: 0.8 and parameters: {'n_estimators': 207, 'max_depth': 7, 'min_samples_split': 7, 'min_samples_leaf': 3}. Best is trial 12 with value: 0.8166666666666667.
[I 2025-05-07 07:25:10,378] Trial 23 finished with value: 0.8166666666666667 and parameters: {'n_estimators': 162, 'max_depth': 5, 'min_samples_split': 9, 'min_samples_leaf': 5}. Best is trial 12 with value: 0.8166666666666667.
[I 2025-05-07 07:25:10,589] Trial 24 finished with value: 0.7833333333333334 and parameters: {'n_estimators': 161, 'max_depth': 5, 'min_samples_split': 6, 'min_samples_leaf': 5}. Best is trial 12 with value: 0.8166666666666667.
[I 2025-05-07 07:25:10,779] Trial 25 finished with value: 0.7666666666666668 and parameters: {'n_estimators': 105, 'max_depth': 3, 'min_samples_split': 9, 'min_samples_leaf': 2}. Best is trial 12 with value: 0.8166666666666667.
[I 2025-05-07 07:25:10,953] Trial 26 finished with value: 0.7333333333333334 and parameters: {'n_estimators': 137, 'max_depth': 8, 'min_samples_split': 9, 'min_samples_leaf': 6}. Best is trial 12 with value: 0.8166666666666667.
[I 2025-05-07 07:25:11,553] Trial 27 finished with value: 0.8 and parameters: {'n_estimators': 453, 'max_depth': 5, 'min_samples_split': 10, 'min_samples_leaf': 2}. Best is trial 12 with value: 0.8166666666666667.
[I 2025-05-07 07:25:12,023] Trial 28 finished with value: 0.7666666666666668 and parameters: {'n_estimators': 382, 'max_depth': 4, 'min_samples_split': 6, 'min_samples_leaf': 5}. Best is trial 12 with value: 0.8166666666666667.
[I 2025-05-07 07:25:12,361] Trial 29 finished with value: 0.7833333333333334 and parameters: {'n_estimators': 249, 'max_depth': 12, 'min_samples_split': 7, 'min_samples_leaf': 6}. Best is trial 12 with value: 0.8166666666666667.
[I 2025-05-07 07:25:16,256] A new study created in memory with name: svc
Parámetros guardados en checkpoint_shoppers_Doriginal_Roriginal_C/random/IPC_30/best_models_random_seed_0_space_original/rf_best_params.json


>>> Optuna tuning svc metodo random IPC 30 seed 0


[I 2025-05-07 07:25:18,487] Trial 0 finished with value: 0.6166666666666666 and parameters: {'C': 1.5676677195506077, 'gamma': 0.07257005721594278}. Best is trial 0 with value: 0.6166666666666666.
[I 2025-05-07 07:25:18,582] Trial 1 finished with value: 0.7166666666666666 and parameters: {'C': 2.57663857461359, 'gamma': 0.01511933646764101}. Best is trial 1 with value: 0.7166666666666666.
[I 2025-05-07 07:25:18,609] Trial 2 finished with value: 0.7 and parameters: {'C': 0.49501595537331966, 'gamma': 0.03833332156156663}. Best is trial 1 with value: 0.7166666666666666.
[I 2025-05-07 07:25:18,624] Trial 3 finished with value: 0.5666666666666667 and parameters: {'C': 0.5627932047415171, 'gamma': 0.36905577292137587}. Best is trial 1 with value: 0.7166666666666666.
[I 2025-05-07 07:25:18,649] Trial 4 finished with value: 0.6666666666666667 and parameters: {'C': 71.55682161754872, 'gamma': 0.0034179529120610124}. Best is trial 1 with value: 0.7166666666666666.
[I 2025-05-07 07:25:18,674] Trial 5 finished with value: 0.7 and parameters: {'C': 14.68588598920087, 'gamma': 0.013049073550362394}. Best is trial 1 with value: 0.7166666666666666.
[I 2025-05-07 07:25:18,700] Trial 6 finished with value: 0.5499999999999999 and parameters: {'C': 1.871450068624068, 'gamma': 0.503948959867121}. Best is trial 1 with value: 0.7166666666666666.
[I 2025-05-07 07:25:18,716] Trial 7 finished with value: 0.7166666666666666 and parameters: {'C': 0.0192373050965465, 'gamma': 0.00022310905607443037}. Best is trial 1 with value: 0.7166666666666666.
[I 2025-05-07 07:25:18,731] Trial 8 finished with value: 0.65 and parameters: {'C': 0.012046852412030323, 'gamma': 0.2140323314098606}. Best is trial 1 with value: 0.7166666666666666.
[I 2025-05-07 07:25:18,745] Trial 9 finished with value: 0.6333333333333333 and parameters: {'C': 12.960656597279739, 'gamma': 0.3020289640158664}. Best is trial 1 with value: 0.7166666666666666.
[I 2025-05-07 07:25:18,770] Trial 10 finished with value: 0.7166666666666666 and parameters: {'C': 0.2253293004027043, 'gamma': 0.0014453557297830738}. Best is trial 1 with value: 0.7166666666666666.
[I 2025-05-07 07:25:19,497] Trial 11 finished with value: 0.7166666666666666 and parameters: {'C': 0.012108081598113376, 'gamma': 0.00012027721754053574}. Best is trial 1 with value: 0.7166666666666666.
[I 2025-05-07 07:25:20,166] Trial 12 finished with value: 0.7166666666666666 and parameters: {'C': 0.07949898988446227, 'gamma': 0.00018781351152057156}. Best is trial 1 with value: 0.7166666666666666.
[I 2025-05-07 07:25:20,210] Trial 13 finished with value: 0.7 and parameters: {'C': 6.161194056249888, 'gamma': 0.0012877148286593106}. Best is trial 1 with value: 0.7166666666666666.
[I 2025-05-07 07:25:20,231] Trial 14 finished with value: 0.7166666666666666 and parameters: {'C': 0.04874705726440735, 'gamma': 0.008786564436715726}. Best is trial 1 with value: 0.7166666666666666.
[I 2025-05-07 07:25:20,261] Trial 15 finished with value: 0.7166666666666666 and parameters: {'C': 4.3643016171836, 'gamma': 0.0003650480193454446}. Best is trial 1 with value: 0.7166666666666666.
[I 2025-05-07 07:25:20,282] Trial 16 finished with value: 0.7166666666666666 and parameters: {'C': 0.14800405324451857, 'gamma': 0.0006644593988874662}. Best is trial 1 with value: 0.7166666666666666.
[I 2025-05-07 07:25:20,313] Trial 17 finished with value: 0.7166666666666666 and parameters: {'C': 0.033876326522535936, 'gamma': 0.007168556241614176}. Best is trial 1 with value: 0.7166666666666666.
[I 2025-05-07 07:25:20,979] Trial 18 finished with value: 0.6833333333333333 and parameters: {'C': 78.65935076179598, 'gamma': 0.042927075432257246}. Best is trial 1 with value: 0.7166666666666666.
[I 2025-05-07 07:25:21,013] Trial 19 finished with value: 0.7166666666666667 and parameters: {'C': 0.6334135113020597, 'gamma': 0.01959615833083096}. Best is trial 19 with value: 0.7166666666666667.
[I 2025-05-07 07:25:21,640] Trial 20 finished with value: 0.7166666666666667 and parameters: {'C': 0.646930811913446, 'gamma': 0.020516582124702257}. Best is trial 19 with value: 0.7166666666666667.
[I 2025-05-07 07:25:21,676] Trial 21 finished with value: 0.6833333333333333 and parameters: {'C': 0.4049254294760947, 'gamma': 0.020880981651061746}. Best is trial 19 with value: 0.7166666666666667.
[I 2025-05-07 07:25:21,701] Trial 22 finished with value: 0.6166666666666666 and parameters: {'C': 1.3290603306323325, 'gamma': 0.09966960960347948}. Best is trial 19 with value: 0.7166666666666667.
[I 2025-05-07 07:25:21,722] Trial 23 finished with value: 0.7166666666666666 and parameters: {'C': 3.062311305239403, 'gamma': 0.004141888589050847}. Best is trial 19 with value: 0.7166666666666667.
[I 2025-05-07 07:25:21,747] Trial 24 finished with value: 0.7333333333333333 and parameters: {'C': 0.8276711807796827, 'gamma': 0.01658654108631763}. Best is trial 24 with value: 0.7333333333333333.
[I 2025-05-07 07:25:21,769] Trial 25 finished with value: 0.6833333333333333 and parameters: {'C': 0.7618736741308476, 'gamma': 0.03143086295127154}. Best is trial 24 with value: 0.7333333333333333.
[I 2025-05-07 07:25:21,801] Trial 26 finished with value: 0.6833333333333333 and parameters: {'C': 0.21893053909412474, 'gamma': 0.1452771820845405}. Best is trial 24 with value: 0.7333333333333333.
[I 2025-05-07 07:25:21,825] Trial 27 finished with value: 0.7166666666666666 and parameters: {'C': 0.14277841271472355, 'gamma': 0.0042254073293584524}. Best is trial 24 with value: 0.7333333333333333.
[I 2025-05-07 07:25:21,848] Trial 28 finished with value: 0.55 and parameters: {'C': 0.8145612652198662, 'gamma': 0.8967381549523696}. Best is trial 24 with value: 0.7333333333333333.
[I 2025-05-07 07:25:21,870] Trial 29 finished with value: 0.65 and parameters: {'C': 1.1821355573045078, 'gamma': 0.06235510470013089}. Best is trial 24 with value: 0.7333333333333333.
[I 2025-05-07 07:25:25,151] A new study created in memory with name: logreg
Parámetros guardados en checkpoint_shoppers_Doriginal_Roriginal_C/random/IPC_30/best_models_random_seed_0_space_original/svc_best_params.json


>>> Optuna tuning logreg metodo random IPC 30 seed 0


[I 2025-05-07 07:25:27,296] Trial 0 finished with value: 0.8 and parameters: {'C': 0.5547119471592125, 'penalty': 'l2'}. Best is trial 0 with value: 0.8.
[I 2025-05-07 07:25:27,384] Trial 1 finished with value: 0.7833333333333334 and parameters: {'C': 3.7665768415992953, 'penalty': 'l2'}. Best is trial 0 with value: 0.8.
[I 2025-05-07 07:25:27,412] Trial 2 finished with value: 0.7833333333333332 and parameters: {'C': 1.032326035197657, 'penalty': 'l2'}. Best is trial 0 with value: 0.8.
[I 2025-05-07 07:25:27,437] Trial 3 finished with value: 0.8 and parameters: {'C': 0.530170934757683, 'penalty': 'l2'}. Best is trial 0 with value: 0.8.
[I 2025-05-07 07:25:27,462] Trial 4 finished with value: 0.7833333333333332 and parameters: {'C': 0.13130280280658593, 'penalty': 'l2'}. Best is trial 0 with value: 0.8.
