[I 2025-05-04 17:37:12,890] Trial 12 finished with value: 0.8 and parameters: {'n_estimators': 206, 'max_depth': 7, 'min_samples_split': 8, 'min_samples_leaf': 3}. Best is trial 7 with value: 0.95.
[I 2025-05-04 17:37:13,993] Trial 13 finished with value: 0.5 and parameters: {'n_estimators': 330, 'max_depth': 5, 'min_samples_split': 5, 'min_samples_leaf': 10}. Best is trial 7 with value: 0.95.
[I 2025-05-04 17:37:14,302] Trial 14 finished with value: 0.95 and parameters: {'n_estimators': 214, 'max_depth': 18, 'min_samples_split': 7, 'min_samples_leaf': 3}. Best is trial 7 with value: 0.95.
[I 2025-05-04 17:37:14,603] Trial 15 finished with value: 0.85 and parameters: {'n_estimators': 214, 'max_depth': 19, 'min_samples_split': 8, 'min_samples_leaf': 4}. Best is trial 7 with value: 0.95.
[I 2025-05-04 17:37:14,788] Trial 16 finished with value: 0.95 and parameters: {'n_estimators': 108, 'max_depth': 16, 'min_samples_split': 7, 'min_samples_leaf': 3}. Best is trial 7 with value: 0.95.
[I 2025-05-04 17:37:15,059] Trial 17 finished with value: 0.85 and parameters: {'n_estimators': 182, 'max_depth': 16, 'min_samples_split': 7, 'min_samples_leaf': 5}. Best is trial 7 with value: 0.95.
[I 2025-05-04 17:37:15,350] Trial 18 finished with value: 0.9 and parameters: {'n_estimators': 249, 'max_depth': 16, 'min_samples_split': 2, 'min_samples_leaf': 2}. Best is trial 7 with value: 0.95.
[I 2025-05-04 17:37:15,866] Trial 19 finished with value: 0.95 and parameters: {'n_estimators': 489, 'max_depth': 9, 'min_samples_split': 9, 'min_samples_leaf': 4}. Best is trial 7 with value: 0.95.
[I 2025-05-04 17:37:16,117] Trial 20 finished with value: 0.85 and parameters: {'n_estimators': 180, 'max_depth': 20, 'min_samples_split': 8, 'min_samples_leaf': 6}. Best is trial 7 with value: 0.95.
[I 2025-05-04 17:37:16,302] Trial 21 finished with value: 0.95 and parameters: {'n_estimators': 109, 'max_depth': 16, 'min_samples_split': 7, 'min_samples_leaf': 3}. Best is trial 7 with value: 0.95.
[I 2025-05-04 17:37:16,473] Trial 22 finished with value: 0.9 and parameters: {'n_estimators': 107, 'max_depth': 17, 'min_samples_split': 6, 'min_samples_leaf': 2}. Best is trial 7 with value: 0.95.
[I 2025-05-04 17:37:16,687] Trial 23 finished with value: 0.95 and parameters: {'n_estimators': 173, 'max_depth': 14, 'min_samples_split': 7, 'min_samples_leaf': 3}. Best is trial 7 with value: 0.95.
[I 2025-05-04 17:37:16,983] Trial 24 finished with value: 0.85 and parameters: {'n_estimators': 235, 'max_depth': 18, 'min_samples_split': 6, 'min_samples_leaf': 4}. Best is trial 7 with value: 0.95.
[I 2025-05-04 17:37:17,186] Trial 25 finished with value: 0.9 and parameters: {'n_estimators': 134, 'max_depth': 15, 'min_samples_split': 9, 'min_samples_leaf': 2}. Best is trial 7 with value: 0.95.
[I 2025-05-04 17:37:17,443] Trial 26 finished with value: 0.8 and parameters: {'n_estimators': 182, 'max_depth': 9, 'min_samples_split': 5, 'min_samples_leaf': 5}. Best is trial 7 with value: 0.95.
[I 2025-05-04 17:37:17,591] Trial 27 finished with value: 0.95 and parameters: {'n_estimators': 103, 'max_depth': 18, 'min_samples_split': 8, 'min_samples_leaf': 3}. Best is trial 7 with value: 0.95.
[I 2025-05-04 17:37:17,827] Trial 28 finished with value: 0.9 and parameters: {'n_estimators': 199, 'max_depth': 10, 'min_samples_split': 7, 'min_samples_leaf': 4}. Best is trial 7 with value: 0.95.
[I 2025-05-04 17:37:18,175] Trial 29 finished with value: 0.85 and parameters: {'n_estimators': 287, 'max_depth': 14, 'min_samples_split': 6, 'min_samples_leaf': 5}. Best is trial 7 with value: 0.95.
[I 2025-05-04 17:37:20,373] A new study created in memory with name: svc
[I 2025-05-04 17:37:20,924] Trial 0 finished with value: 0.55 and parameters: {'C': 0.5545996722241048, 'gamma': 0.00012697111322756423}. Best is trial 0 with value: 0.55.
Parámetros guardados en checkpoint_shoppers_Doriginal_Roriginal/k-means/best_models_k-means_seed_2/rf_best_params.json


>>> Optuna tuning svc


[I 2025-05-04 17:37:23,080] Trial 1 finished with value: 0.65 and parameters: {'C': 1.579973895360496, 'gamma': 0.005511750757691415}. Best is trial 1 with value: 0.65.
[I 2025-05-04 17:37:23,308] Trial 2 finished with value: 0.6 and parameters: {'C': 0.48025424062174377, 'gamma': 0.002095749079193946}. Best is trial 1 with value: 0.65.
[I 2025-05-04 17:37:23,325] Trial 3 finished with value: 0.65 and parameters: {'C': 0.06585587677899403, 'gamma': 0.029997417348655162}. Best is trial 1 with value: 0.65.
[I 2025-05-04 17:37:23,340] Trial 4 finished with value: 0.6 and parameters: {'C': 0.15798603319028856, 'gamma': 0.0011676403660687692}. Best is trial 1 with value: 0.65.
[I 2025-05-04 17:37:23,353] Trial 5 finished with value: 0.7 and parameters: {'C': 3.051654279698754, 'gamma': 0.01307881440940144}. Best is trial 5 with value: 0.7.
[I 2025-05-04 17:37:23,369] Trial 6 finished with value: 0.6 and parameters: {'C': 0.034539797048540495, 'gamma': 0.01133215445049292}. Best is trial 5 with value: 0.7.
[I 2025-05-04 17:37:23,382] Trial 7 finished with value: 0.55 and parameters: {'C': 0.05467130776888186, 'gamma': 0.13846518531662885}. Best is trial 5 with value: 0.7.
[I 2025-05-04 17:37:23,396] Trial 8 finished with value: 0.55 and parameters: {'C': 26.055605528320903, 'gamma': 0.009483034914203468}. Best is trial 5 with value: 0.7.
[I 2025-05-04 17:37:23,410] Trial 9 finished with value: 0.55 and parameters: {'C': 24.335817588808105, 'gamma': 0.00020824851253449603}. Best is trial 5 with value: 0.7.
[I 2025-05-04 17:37:23,432] Trial 10 finished with value: 0.35 and parameters: {'C': 3.93605688752582, 'gamma': 0.6424272442653438}. Best is trial 5 with value: 0.7.
[I 2025-05-04 17:37:23,455] Trial 11 finished with value: 0.65 and parameters: {'C': 3.333864265076216, 'gamma': 0.0023437530643135814}. Best is trial 5 with value: 0.7.
[I 2025-05-04 17:37:24,123] Trial 12 finished with value: 0.6 and parameters: {'C': 3.0639408752679858, 'gamma': 0.04672917618913399}. Best is trial 5 with value: 0.7.
[I 2025-05-04 17:37:24,791] Trial 13 finished with value: 0.7 and parameters: {'C': 7.427980038305408, 'gamma': 0.006275680953252568}. Best is trial 5 with value: 0.7.
[I 2025-05-04 17:37:24,813] Trial 14 finished with value: 0.65 and parameters: {'C': 72.53056630005439, 'gamma': 0.0005919334578172336}. Best is trial 5 with value: 0.7.
[I 2025-05-04 17:37:24,834] Trial 15 finished with value: 0.5 and parameters: {'C': 12.047572034266473, 'gamma': 0.056752259776340144}. Best is trial 5 with value: 0.7.
[I 2025-05-04 17:37:24,857] Trial 16 finished with value: 0.35 and parameters: {'C': 9.022104886400388, 'gamma': 0.1974057744822288}. Best is trial 5 with value: 0.7.
[I 2025-05-04 17:37:24,879] Trial 17 finished with value: 0.55 and parameters: {'C': 0.011278738109245848, 'gamma': 0.005632424594130227}. Best is trial 5 with value: 0.7.
[I 2025-05-04 17:37:25,526] Trial 18 finished with value: 0.65 and parameters: {'C': 1.0439164057661112, 'gamma': 0.01766413236411288}. Best is trial 5 with value: 0.7.
[I 2025-05-04 17:37:25,549] Trial 19 finished with value: 0.65 and parameters: {'C': 96.00446455028755, 'gamma': 0.00044259642853790657}. Best is trial 5 with value: 0.7.
[I 2025-05-04 17:37:25,570] Trial 20 finished with value: 0.6 and parameters: {'C': 0.22838197981633893, 'gamma': 0.10570059802096904}. Best is trial 5 with value: 0.7.
[I 2025-05-04 17:37:25,595] Trial 21 finished with value: 0.6 and parameters: {'C': 1.4429710433537204, 'gamma': 0.003987989659258384}. Best is trial 5 with value: 0.7.
[I 2025-05-04 17:37:25,617] Trial 22 finished with value: 0.6 and parameters: {'C': 7.261891676096023, 'gamma': 0.00430241195498303}. Best is trial 5 with value: 0.7.
[I 2025-05-04 17:37:26,256] Trial 23 finished with value: 0.7 and parameters: {'C': 1.7025330141796575, 'gamma': 0.02180700004831699}. Best is trial 5 with value: 0.7.
[I 2025-05-04 17:37:26,280] Trial 24 finished with value: 0.55 and parameters: {'C': 20.061097900505967, 'gamma': 0.019978928013130764}. Best is trial 5 with value: 0.7.
[I 2025-05-04 17:37:26,918] Trial 25 finished with value: 0.7 and parameters: {'C': 4.600450344194447, 'gamma': 0.011317169879099614}. Best is trial 5 with value: 0.7.
[I 2025-05-04 17:37:26,944] Trial 26 finished with value: 0.55 and parameters: {'C': 0.528210034642061, 'gamma': 0.4854237054807703}. Best is trial 5 with value: 0.7.
[I 2025-05-04 17:37:26,966] Trial 27 finished with value: 0.6 and parameters: {'C': 2.0887920962971247, 'gamma': 0.06171512698961767}. Best is trial 5 with value: 0.7.
[I 2025-05-04 17:37:26,992] Trial 28 finished with value: 0.6 and parameters: {'C': 6.242482509651377, 'gamma': 0.024214485348461805}. Best is trial 5 with value: 0.7.
[I 2025-05-04 17:37:27,013] Trial 29 finished with value: 0.3 and parameters: {'C': 42.635425851204786, 'gamma': 0.2700558252640452}. Best is trial 5 with value: 0.7.
[I 2025-05-04 17:37:28,842] A new study created in memory with name: logreg
[I 2025-05-04 17:37:29,393] Trial 0 finished with value: 0.75 and parameters: {'C': 0.15134724182275533, 'penalty': 'l2'}. Best is trial 0 with value: 0.75.
Parámetros guardados en checkpoint_shoppers_Doriginal_Roriginal/k-means/best_models_k-means_seed_2/svc_best_params.json


>>> Optuna tuning logreg


[I 2025-05-04 17:37:31,580] Trial 1 finished with value: 0.75 and parameters: {'C': 0.00134781771168027, 'penalty': 'l2'}. Best is trial 0 with value: 0.75.
[I 2025-05-04 17:37:31,826] Trial 2 finished with value: 0.65 and parameters: {'C': 0.5601603817503298, 'penalty': 'l2'}. Best is trial 0 with value: 0.75.
[I 2025-05-04 17:37:31,854] Trial 3 finished with value: 0.75 and parameters: {'C': 0.15017995265951545, 'penalty': 'l2'}. Best is trial 0 with value: 0.75.
[I 2025-05-04 17:37:31,869] Trial 4 finished with value: 0.75 and parameters: {'C': 0.1264267606498664, 'penalty': 'l2'}. Best is trial 0 with value: 0.75.
[I 2025-05-04 17:37:31,883] Trial 5 finished with value: 0.7 and parameters: {'C': 0.044840877729077515, 'penalty': 'l2'}. Best is trial 0 with value: 0.75.
[I 2025-05-04 17:37:31,908] Trial 6 finished with value: 0.75 and parameters: {'C': 0.010549774340694125, 'penalty': 'l2'}. Best is trial 0 with value: 0.75.
[I 2025-05-04 17:37:31,932] Trial 7 finished with value: 0.65 and parameters: {'C': 1.248403080828608, 'penalty': 'l2'}. Best is trial 0 with value: 0.75.
[I 2025-05-04 17:37:31,956] Trial 8 finished with value: 0.7 and parameters: {'C': 0.03149730300397853, 'penalty': 'l2'}. Best is trial 0 with value: 0.75.
[I 2025-05-04 17:37:31,981] Trial 9 finished with value: 0.7 and parameters: {'C': 0.021584220823040776, 'penalty': 'l2'}. Best is trial 0 with value: 0.75.
[I 2025-05-04 17:37:32,011] Trial 10 finished with value: 0.7 and parameters: {'C': 26.015182919619694, 'penalty': 'l2'}. Best is trial 0 with value: 0.75.
[I 2025-05-04 17:37:32,042] Trial 11 finished with value: 0.75 and parameters: {'C': 0.001176371971117908, 'penalty': 'l2'}. Best is trial 0 with value: 0.75.
[I 2025-05-04 17:37:32,680] Trial 12 finished with value: 0.75 and parameters: {'C': 0.001136550637943971, 'penalty': 'l2'}. Best is trial 0 with value: 0.75.
[I 2025-05-04 17:37:33,316] Trial 13 finished with value: 0.65 and parameters: {'C': 5.05278877551691, 'penalty': 'l2'}. Best is trial 0 with value: 0.75.
[I 2025-05-04 17:37:33,334] Trial 14 finished with value: 0.75 and parameters: {'C': 0.003541755125609463, 'penalty': 'l2'}. Best is trial 0 with value: 0.75.
[I 2025-05-04 17:37:33,363] Trial 15 finished with value: 0.65 and parameters: {'C': 77.6849705676342, 'penalty': 'l2'}. Best is trial 0 with value: 0.75.
[I 2025-05-04 17:37:33,996] Trial 16 finished with value: 0.7 and parameters: {'C': 7.653329043484061, 'penalty': 'l2'}. Best is trial 0 with value: 0.75.
[I 2025-05-04 17:37:34,027] Trial 17 finished with value: 0.65 and parameters: {'C': 1.5362107485579384, 'penalty': 'l2'}. Best is trial 0 with value: 0.75.
[I 2025-05-04 17:37:34,047] Trial 18 finished with value: 0.75 and parameters: {'C': 0.0075523275239011475, 'penalty': 'l2'}. Best is trial 0 with value: 0.75.
[I 2025-05-04 17:37:34,066] Trial 19 finished with value: 0.75 and parameters: {'C': 0.08859563088414432, 'penalty': 'l2'}. Best is trial 0 with value: 0.75.
[I 2025-05-04 17:37:34,723] Trial 20 finished with value: 0.75 and parameters: {'C': 0.003353256992349874, 'penalty': 'l2'}. Best is trial 0 with value: 0.75.
[I 2025-05-04 17:37:34,744] Trial 21 finished with value: 0.75 and parameters: {'C': 0.2343008939524126, 'penalty': 'l2'}. Best is trial 0 with value: 0.75.
[I 2025-05-04 17:37:35,382] Trial 22 finished with value: 0.75 and parameters: {'C': 0.3315413286426404, 'penalty': 'l2'}. Best is trial 0 with value: 0.75.
[I 2025-05-04 17:37:35,404] Trial 23 finished with value: 0.65 and parameters: {'C': 1.0179004033079933, 'penalty': 'l2'}. Best is trial 0 with value: 0.75.
[I 2025-05-04 17:37:35,435] Trial 24 finished with value: 0.65 and parameters: {'C': 4.56990427799709, 'penalty': 'l2'}. Best is trial 0 with value: 0.75.
[I 2025-05-04 17:37:35,465] Trial 25 finished with value: 0.75 and parameters: {'C': 0.10657770851861069, 'penalty': 'l2'}. Best is trial 0 with value: 0.75.
[I 2025-05-04 17:37:35,492] Trial 26 finished with value: 0.75 and parameters: {'C': 0.014252457278651905, 'penalty': 'l2'}. Best is trial 0 with value: 0.75.
[I 2025-05-04 17:37:35,523] Trial 27 finished with value: 0.75 and parameters: {'C': 0.062472029932949494, 'penalty': 'l2'}. Best is trial 0 with value: 0.75.
[I 2025-05-04 17:37:35,554] Trial 28 finished with value: 0.75 and parameters: {'C': 0.20947905544952292, 'penalty': 'l2'}. Best is trial 0 with value: 0.75.
[I 2025-05-04 17:37:35,576] Trial 29 finished with value: 0.65 and parameters: {'C': 0.6053255006462253, 'penalty': 'l2'}. Best is trial 0 with value: 0.75.
/data/home/rtabares/anaconda3/envs/pyth3.12/lib/python3.12/site-packages/xgboost/core.py:377: FutureWarning: Your system has an old version of glibc (< 2.28). We will stop supporting Linux distros with glibc older than 2.28 after **May 31, 2025**. Please upgrade to a recent Linux distro (with glibc >= 2.28) to use future versions of XGBoost.
Note: You have installed the 'manylinux2014' variant of XGBoost. Certain features such as GPU algorithms or federated learning are not available. To use these features, please upgrade to a recent Linux distro with glibc 2.28+, and install the 'manylinux_2_28' variant.
  warnings.warn(
[I 2025-05-04 17:37:37,398] A new study created in memory with name: mlp
/data/home/rtabares/anaconda3/envs/pyth3.12/lib/python3.12/site-packages/sklearn/neural_network/_multilayer_perceptron.py:691: ConvergenceWarning: Stochastic Optimizer: Maximum iterations (50) reached and the optimization hasn't converged yet.
  warnings.warn(
/data/home/rtabares/anaconda3/envs/pyth3.12/lib/python3.12/site-packages/sklearn/neural_network/_multilayer_perceptron.py:691: ConvergenceWarning: Stochastic Optimizer: Maximum iterations (50) reached and the optimization hasn't converged yet.
  warnings.warn(
/data/home/rtabares/anaconda3/envs/pyth3.12/lib/python3.12/site-packages/sklearn/neural_network/_multilayer_perceptron.py:691: ConvergenceWarning: Stochastic Optimizer: Maximum iterations (50) reached and the optimization hasn't converged yet.
  warnings.warn(
/data/home/rtabares/anaconda3/envs/pyth3.12/lib/python3.12/site-packages/sklearn/neural_network/_multilayer_perceptron.py:691: ConvergenceWarning: Stochastic Optimizer: Maximum iterations (50) reached and the optimization hasn't converged yet.
  warnings.warn(
/data/home/rtabares/anaconda3/envs/pyth3.12/lib/python3.12/site-packages/sklearn/neural_network/_multilayer_perceptron.py:691: ConvergenceWarning: Stochastic Optimizer: Maximum iterations (50) reached and the optimization hasn't converged yet.
  warnings.warn(
[I 2025-05-04 17:37:38,010] Trial 0 finished with value: 0.5 and parameters: {'hidden_layer_sizes': (100, 100), 'max_iter': 50, 'alpha': 0.0001}. Best is trial 0 with value: 0.5.
Parámetros guardados en checkpoint_shoppers_Doriginal_Roriginal/k-means/best_models_k-means_seed_2/logreg_best_params.json


>>> Optuna tuning mlp


/data/home/rtabares/anaconda3/envs/pyth3.12/lib/python3.12/site-packages/sklearn/neural_network/_multilayer_perceptron.py:691: ConvergenceWarning: Stochastic Optimizer: Maximum iterations (50) reached and the optimization hasn't converged yet.
  warnings.warn(
/data/home/rtabares/anaconda3/envs/pyth3.12/lib/python3.12/site-packages/sklearn/neural_network/_multilayer_perceptron.py:691: ConvergenceWarning: Stochastic Optimizer: Maximum iterations (50) reached and the optimization hasn't converged yet.
  warnings.warn(
/data/home/rtabares/anaconda3/envs/pyth3.12/lib/python3.12/site-packages/sklearn/neural_network/_multilayer_perceptron.py:691: ConvergenceWarning: Stochastic Optimizer: Maximum iterations (50) reached and the optimization hasn't converged yet.
  warnings.warn(
/data/home/rtabares/anaconda3/envs/pyth3.12/lib/python3.12/site-packages/sklearn/neural_network/_multilayer_perceptron.py:691: ConvergenceWarning: Stochastic Optimizer: Maximum iterations (50) reached and the optimization hasn't converged yet.
  warnings.warn(
/data/home/rtabares/anaconda3/envs/pyth3.12/lib/python3.12/site-packages/sklearn/neural_network/_multilayer_perceptron.py:691: ConvergenceWarning: Stochastic Optimizer: Maximum iterations (50) reached and the optimization hasn't converged yet.
  warnings.warn(
[I 2025-05-04 17:37:40,274] Trial 1 finished with value: 0.55 and parameters: {'hidden_layer_sizes': (100,), 'max_iter': 50, 'alpha': 0.001}. Best is trial 1 with value: 0.55.
/data/home/rtabares/anaconda3/envs/pyth3.12/lib/python3.12/site-packages/sklearn/neural_network/_multilayer_perceptron.py:691: ConvergenceWarning: Stochastic Optimizer: Maximum iterations (100) reached and the optimization hasn't converged yet.
  warnings.warn(
/data/home/rtabares/anaconda3/envs/pyth3.12/lib/python3.12/site-packages/sklearn/neural_network/_multilayer_perceptron.py:691: ConvergenceWarning: Stochastic Optimizer: Maximum iterations (100) reached and the optimization hasn't converged yet.
  warnings.warn(
/data/home/rtabares/anaconda3/envs/pyth3.12/lib/python3.12/site-packages/sklearn/neural_network/_multilayer_perceptron.py:691: ConvergenceWarning: Stochastic Optimizer: Maximum iterations (100) reached and the optimization hasn't converged yet.
  warnings.warn(
/data/home/rtabares/anaconda3/envs/pyth3.12/lib/python3.12/site-packages/sklearn/neural_network/_multilayer_perceptron.py:691: ConvergenceWarning: Stochastic Optimizer: Maximum iterations (100) reached and the optimization hasn't converged yet.
  warnings.warn(
/data/home/rtabares/anaconda3/envs/pyth3.12/lib/python3.12/site-packages/sklearn/neural_network/_multilayer_perceptron.py:691: ConvergenceWarning: Stochastic Optimizer: Maximum iterations (100) reached and the optimization hasn't converged yet.
  warnings.warn(
[I 2025-05-04 17:37:40,570] Trial 2 finished with value: 0.6 and parameters: {'hidden_layer_sizes': (100, 100), 'max_iter': 100, 'alpha': 0.001}. Best is trial 2 with value: 0.6.
/data/home/rtabares/anaconda3/envs/pyth3.12/lib/python3.12/site-packages/sklearn/neural_network/_multilayer_perceptron.py:691: ConvergenceWarning: Stochastic Optimizer: Maximum iterations (100) reached and the optimization hasn't converged yet.
  warnings.warn(
/data/home/rtabares/anaconda3/envs/pyth3.12/lib/python3.12/site-packages/sklearn/neural_network/_multilayer_perceptron.py:691: ConvergenceWarning: Stochastic Optimizer: Maximum iterations (100) reached and the optimization hasn't converged yet.
  warnings.warn(
/data/home/rtabares/anaconda3/envs/pyth3.12/lib/python3.12/site-packages/sklearn/neural_network/_multilayer_perceptron.py:691: ConvergenceWarning: Stochastic Optimizer: Maximum iterations (100) reached and the optimization hasn't converged yet.
  warnings.warn(
/data/home/rtabares/anaconda3/envs/pyth3.12/lib/python3.12/site-packages/sklearn/neural_network/_multilayer_perceptron.py:691: ConvergenceWarning: Stochastic Optimizer: Maximum iterations (100) reached and the optimization hasn't converged yet.
  warnings.warn(
/data/home/rtabares/anaconda3/envs/pyth3.12/lib/python3.12/site-packages/sklearn/neural_network/_multilayer_perceptron.py:691: ConvergenceWarning: Stochastic Optimizer: Maximum iterations (100) reached and the optimization hasn't converged yet.
  warnings.warn(
[I 2025-05-04 17:37:40,648] Trial 3 finished with value: 0.5 and parameters: {'hidden_layer_sizes': (200,), 'max_iter': 100, 'alpha': 0.0001}. Best is trial 2 with value: 0.6.
/data/home/rtabares/anaconda3/envs/pyth3.12/lib/python3.12/site-packages/sklearn/neural_network/_multilayer_perceptron.py:691: ConvergenceWarning: Stochastic Optimizer: Maximum iterations (100) reached and the optimization hasn't converged yet.
  warnings.warn(
/data/home/rtabares/anaconda3/envs/pyth3.12/lib/python3.12/site-packages/sklearn/neural_network/_multilayer_perceptron.py:691: ConvergenceWarning: Stochastic Optimizer: Maximum iterations (100) reached and the optimization hasn't converged yet.
  warnings.warn(
/data/home/rtabares/anaconda3/envs/pyth3.12/lib/python3.12/site-packages/sklearn/neural_network/_multilayer_perceptron.py:691: ConvergenceWarning: Stochastic Optimizer: Maximum iterations (100) reached and the optimization hasn't converged yet.
  warnings.warn(
/data/home/rtabares/anaconda3/envs/pyth3.12/lib/python3.12/site-packages/sklearn/neural_network/_multilayer_perceptron.py:691: ConvergenceWarning: Stochastic Optimizer: Maximum iterations (100) reached and the optimization hasn't converged yet.
  warnings.warn(
/data/home/rtabares/anaconda3/envs/pyth3.12/lib/python3.12/site-packages/sklearn/neural_network/_multilayer_perceptron.py:691: ConvergenceWarning: Stochastic Optimizer: Maximum iterations (100) reached and the optimization hasn't converged yet.
  warnings.warn(
