[I 2025-05-07 07:26:13,045] Trial 14 finished with value: 0.7666666666666666 and parameters: {'C': 0.011395818673876363, 'gamma': 0.0260390149432737}. Best is trial 8 with value: 0.7833333333333334.
[I 2025-05-07 07:26:13,079] Trial 15 finished with value: 0.7166666666666666 and parameters: {'C': 96.80278171389716, 'gamma': 0.20377720073606387}. Best is trial 8 with value: 0.7833333333333334.
[I 2025-05-07 07:26:13,113] Trial 16 finished with value: 0.7499999999999998 and parameters: {'C': 0.16442135507049718, 'gamma': 0.00557836962396343}. Best is trial 8 with value: 0.7833333333333334.
[I 2025-05-07 07:26:13,135] Trial 17 finished with value: 0.7166666666666666 and parameters: {'C': 4.7312502626614625, 'gamma': 0.15393011282528316}. Best is trial 8 with value: 0.7833333333333334.
[I 2025-05-07 07:26:13,767] Trial 18 finished with value: 0.7666666666666666 and parameters: {'C': 0.16177236519531224, 'gamma': 0.03337510057150053}. Best is trial 8 with value: 0.7833333333333334.
[I 2025-05-07 07:26:13,801] Trial 19 finished with value: 0.7666666666666666 and parameters: {'C': 17.851941371256526, 'gamma': 0.003486808367826228}. Best is trial 8 with value: 0.7833333333333334.
[I 2025-05-07 07:26:14,472] Trial 20 finished with value: 0.75 and parameters: {'C': 1.2562447440401578, 'gamma': 0.0009431140033608366}. Best is trial 8 with value: 0.7833333333333334.
[I 2025-05-07 07:26:14,506] Trial 21 finished with value: 0.7666666666666666 and parameters: {'C': 0.010180528246383932, 'gamma': 0.02887931011747769}. Best is trial 8 with value: 0.7833333333333334.
[I 2025-05-07 07:26:14,530] Trial 22 finished with value: 0.7333333333333332 and parameters: {'C': 0.020387960667054873, 'gamma': 0.021636808624204838}. Best is trial 8 with value: 0.7833333333333334.
[I 2025-05-07 07:26:14,552] Trial 23 finished with value: 0.7333333333333332 and parameters: {'C': 0.1474675641793992, 'gamma': 0.007861695264106728}. Best is trial 8 with value: 0.7833333333333334.
[I 2025-05-07 07:26:14,577] Trial 24 finished with value: 0.7666666666666666 and parameters: {'C': 0.022150632673832354, 'gamma': 0.03565801897350079}. Best is trial 8 with value: 0.7833333333333334.
[I 2025-05-07 07:26:14,598] Trial 25 finished with value: 0.75 and parameters: {'C': 0.0845313463529842, 'gamma': 0.12443587736537498}. Best is trial 8 with value: 0.7833333333333334.
[I 2025-05-07 07:26:14,619] Trial 26 finished with value: 0.6166666666666668 and parameters: {'C': 0.01896914808492335, 'gamma': 0.8308541689381187}. Best is trial 8 with value: 0.7833333333333334.
[I 2025-05-07 07:26:14,640] Trial 27 finished with value: 0.75 and parameters: {'C': 0.30771347688804424, 'gamma': 0.013606955332267802}. Best is trial 8 with value: 0.7833333333333334.
[I 2025-05-07 07:26:14,661] Trial 28 finished with value: 0.7166666666666666 and parameters: {'C': 0.01987310966792721, 'gamma': 0.30704504363914803}. Best is trial 8 with value: 0.7833333333333334.
[I 2025-05-07 07:26:14,691] Trial 29 finished with value: 0.7333333333333332 and parameters: {'C': 0.8278651214915237, 'gamma': 0.0672257750215554}. Best is trial 8 with value: 0.7833333333333334.
/data/home/rtabares/anaconda3/envs/pyth3.12/lib/python3.12/site-packages/xgboost/core.py:377: FutureWarning: Your system has an old version of glibc (< 2.28). We will stop supporting Linux distros with glibc older than 2.28 after **May 31, 2025**. Please upgrade to a recent Linux distro (with glibc >= 2.28) to use future versions of XGBoost.
Note: You have installed the 'manylinux2014' variant of XGBoost. Certain features such as GPU algorithms or federated learning are not available. To use these features, please upgrade to a recent Linux distro with glibc 2.28+, and install the 'manylinux_2_28' variant.
  warnings.warn(
[I 2025-05-07 07:26:16,563] A new study created in memory with name: logreg
Parámetros guardados en checkpoint_shoppers_Doriginal_Roriginal_C/random/IPC_30/best_models_random_seed_1_space_original/svc_best_params.json


>>> Optuna tuning logreg metodo random IPC 30 seed 1


[I 2025-05-07 07:26:19,422] Trial 0 finished with value: 0.7333333333333334 and parameters: {'C': 0.12164941464151847, 'penalty': 'l2'}. Best is trial 0 with value: 0.7333333333333334.
[I 2025-05-07 07:26:19,569] Trial 1 finished with value: 0.7 and parameters: {'C': 3.9959722831350617, 'penalty': 'l2'}. Best is trial 0 with value: 0.7333333333333334.
[I 2025-05-07 07:26:19,595] Trial 2 finished with value: 0.7666666666666666 and parameters: {'C': 0.0010013176560941261, 'penalty': 'l2'}. Best is trial 2 with value: 0.7666666666666666.
[I 2025-05-07 07:26:19,620] Trial 3 finished with value: 0.7333333333333334 and parameters: {'C': 0.0324835034508668, 'penalty': 'l2'}. Best is trial 2 with value: 0.7666666666666666.
[I 2025-05-07 07:26:19,634] Trial 4 finished with value: 0.7499999999999998 and parameters: {'C': 0.005417257182767969, 'penalty': 'l2'}. Best is trial 2 with value: 0.7666666666666666.
[I 2025-05-07 07:26:19,648] Trial 5 finished with value: 0.7499999999999998 and parameters: {'C': 0.0028952960233492846, 'penalty': 'l2'}. Best is trial 2 with value: 0.7666666666666666.
[I 2025-05-07 07:26:19,673] Trial 6 finished with value: 0.7499999999999998 and parameters: {'C': 0.008536916958038761, 'penalty': 'l2'}. Best is trial 2 with value: 0.7666666666666666.
[I 2025-05-07 07:26:19,697] Trial 7 finished with value: 0.7333333333333334 and parameters: {'C': 0.053432271255941216, 'penalty': 'l2'}. Best is trial 2 with value: 0.7666666666666666.
[I 2025-05-07 07:26:19,711] Trial 8 finished with value: 0.7333333333333334 and parameters: {'C': 0.09634681692624379, 'penalty': 'l2'}. Best is trial 2 with value: 0.7666666666666666.
[I 2025-05-07 07:26:19,734] Trial 9 finished with value: 0.7333333333333334 and parameters: {'C': 0.4944059287398678, 'penalty': 'l2'}. Best is trial 2 with value: 0.7666666666666666.
[I 2025-05-07 07:26:19,766] Trial 10 finished with value: 0.6666666666666667 and parameters: {'C': 59.556762687679296, 'penalty': 'l2'}. Best is trial 2 with value: 0.7666666666666666.
[I 2025-05-07 07:26:20,442] Trial 11 finished with value: 0.7499999999999998 and parameters: {'C': 0.001657197586795403, 'penalty': 'l2'}. Best is trial 2 with value: 0.7666666666666666.
[I 2025-05-07 07:26:20,468] Trial 12 finished with value: 0.7666666666666666 and parameters: {'C': 0.0011075631162775067, 'penalty': 'l2'}. Best is trial 2 with value: 0.7666666666666666.
[I 2025-05-07 07:26:20,493] Trial 13 finished with value: 0.7666666666666666 and parameters: {'C': 0.001270786128884179, 'penalty': 'l2'}. Best is trial 2 with value: 0.7666666666666666.
[I 2025-05-07 07:26:20,508] Trial 14 finished with value: 0.7333333333333334 and parameters: {'C': 0.9731654074898095, 'penalty': 'l2'}. Best is trial 2 with value: 0.7666666666666666.
[I 2025-05-07 07:26:20,534] Trial 15 finished with value: 0.7333333333333334 and parameters: {'C': 0.015834459094462638, 'penalty': 'l2'}. Best is trial 2 with value: 0.7666666666666666.
[I 2025-05-07 07:26:21,196] Trial 16 finished with value: 0.6666666666666667 and parameters: {'C': 7.705209400025998, 'penalty': 'l2'}. Best is trial 2 with value: 0.7666666666666666.
[I 2025-05-07 07:26:21,222] Trial 17 finished with value: 0.7666666666666666 and parameters: {'C': 0.0011976836062021305, 'penalty': 'l2'}. Best is trial 2 with value: 0.7666666666666666.
[I 2025-05-07 07:26:21,871] Trial 18 finished with value: 0.7333333333333334 and parameters: {'C': 0.01673296461907581, 'penalty': 'l2'}. Best is trial 2 with value: 0.7666666666666666.
[I 2025-05-07 07:26:22,517] Trial 19 finished with value: 0.7499999999999998 and parameters: {'C': 0.005209870696602715, 'penalty': 'l2'}. Best is trial 2 with value: 0.7666666666666666.
[I 2025-05-07 07:26:22,543] Trial 20 finished with value: 0.6666666666666667 and parameters: {'C': 96.0195788216282, 'penalty': 'l2'}. Best is trial 2 with value: 0.7666666666666666.
[I 2025-05-07 07:26:22,558] Trial 21 finished with value: 0.7666666666666666 and parameters: {'C': 0.001015243438555665, 'penalty': 'l2'}. Best is trial 2 with value: 0.7666666666666666.
[I 2025-05-07 07:26:23,239] Trial 22 finished with value: 0.7499999999999998 and parameters: {'C': 0.0030092172603949554, 'penalty': 'l2'}. Best is trial 2 with value: 0.7666666666666666.
[I 2025-05-07 07:26:23,271] Trial 23 finished with value: 0.7666666666666666 and parameters: {'C': 0.0010587613425834094, 'penalty': 'l2'}. Best is trial 2 with value: 0.7666666666666666.
[I 2025-05-07 07:26:23,302] Trial 24 finished with value: 0.7666666666666666 and parameters: {'C': 0.014027796844369594, 'penalty': 'l2'}. Best is trial 2 with value: 0.7666666666666666.
[I 2025-05-07 07:26:23,324] Trial 25 finished with value: 0.7499999999999998 and parameters: {'C': 0.005733161824914363, 'penalty': 'l2'}. Best is trial 2 with value: 0.7666666666666666.
[I 2025-05-07 07:26:23,345] Trial 26 finished with value: 0.7499999999999998 and parameters: {'C': 0.0023312714660689584, 'penalty': 'l2'}. Best is trial 2 with value: 0.7666666666666666.
[I 2025-05-07 07:26:23,367] Trial 27 finished with value: 0.7333333333333334 and parameters: {'C': 0.03166968998747251, 'penalty': 'l2'}. Best is trial 2 with value: 0.7666666666666666.
[I 2025-05-07 07:26:23,393] Trial 28 finished with value: 0.7499999999999998 and parameters: {'C': 0.0030965063200236146, 'penalty': 'l2'}. Best is trial 2 with value: 0.7666666666666666.
[I 2025-05-07 07:26:23,422] Trial 29 finished with value: 0.7333333333333334 and parameters: {'C': 0.16205786288927349, 'penalty': 'l2'}. Best is trial 2 with value: 0.7666666666666666.
/data/home/rtabares/anaconda3/envs/pyth3.12/lib/python3.12/site-packages/xgboost/core.py:377: FutureWarning: Your system has an old version of glibc (< 2.28). We will stop supporting Linux distros with glibc older than 2.28 after **May 31, 2025**. Please upgrade to a recent Linux distro (with glibc >= 2.28) to use future versions of XGBoost.
Note: You have installed the 'manylinux2014' variant of XGBoost. Certain features such as GPU algorithms or federated learning are not available. To use these features, please upgrade to a recent Linux distro with glibc 2.28+, and install the 'manylinux_2_28' variant.
  warnings.warn(
[I 2025-05-07 07:26:25,843] A new study created in memory with name: mlp
Parámetros guardados en checkpoint_shoppers_Doriginal_Roriginal_C/random/IPC_30/best_models_random_seed_1_space_original/logreg_best_params.json


>>> Optuna tuning mlp metodo random IPC 30 seed 1


/data/home/rtabares/anaconda3/envs/pyth3.12/lib/python3.12/site-packages/sklearn/neural_network/_multilayer_perceptron.py:691: ConvergenceWarning: Stochastic Optimizer: Maximum iterations (50) reached and the optimization hasn't converged yet.
  warnings.warn(
/data/home/rtabares/anaconda3/envs/pyth3.12/lib/python3.12/site-packages/sklearn/neural_network/_multilayer_perceptron.py:691: ConvergenceWarning: Stochastic Optimizer: Maximum iterations (50) reached and the optimization hasn't converged yet.
  warnings.warn(
/data/home/rtabares/anaconda3/envs/pyth3.12/lib/python3.12/site-packages/sklearn/neural_network/_multilayer_perceptron.py:691: ConvergenceWarning: Stochastic Optimizer: Maximum iterations (50) reached and the optimization hasn't converged yet.
  warnings.warn(
/data/home/rtabares/anaconda3/envs/pyth3.12/lib/python3.12/site-packages/sklearn/neural_network/_multilayer_perceptron.py:691: ConvergenceWarning: Stochastic Optimizer: Maximum iterations (50) reached and the optimization hasn't converged yet.
  warnings.warn(
/data/home/rtabares/anaconda3/envs/pyth3.12/lib/python3.12/site-packages/sklearn/neural_network/_multilayer_perceptron.py:691: ConvergenceWarning: Stochastic Optimizer: Maximum iterations (50) reached and the optimization hasn't converged yet.
  warnings.warn(
[I 2025-05-07 07:26:30,002] Trial 0 finished with value: 0.7333333333333332 and parameters: {'hidden_layer_sizes': (200,), 'max_iter': 50, 'alpha': 0.001}. Best is trial 0 with value: 0.7333333333333332.
/data/home/rtabares/anaconda3/envs/pyth3.12/lib/python3.12/site-packages/sklearn/neural_network/_multilayer_perceptron.py:691: ConvergenceWarning: Stochastic Optimizer: Maximum iterations (100) reached and the optimization hasn't converged yet.
  warnings.warn(
/data/home/rtabares/anaconda3/envs/pyth3.12/lib/python3.12/site-packages/sklearn/neural_network/_multilayer_perceptron.py:691: ConvergenceWarning: Stochastic Optimizer: Maximum iterations (100) reached and the optimization hasn't converged yet.
  warnings.warn(
/data/home/rtabares/anaconda3/envs/pyth3.12/lib/python3.12/site-packages/sklearn/neural_network/_multilayer_perceptron.py:691: ConvergenceWarning: Stochastic Optimizer: Maximum iterations (100) reached and the optimization hasn't converged yet.
  warnings.warn(
/data/home/rtabares/anaconda3/envs/pyth3.12/lib/python3.12/site-packages/sklearn/neural_network/_multilayer_perceptron.py:691: ConvergenceWarning: Stochastic Optimizer: Maximum iterations (100) reached and the optimization hasn't converged yet.
  warnings.warn(
/data/home/rtabares/anaconda3/envs/pyth3.12/lib/python3.12/site-packages/sklearn/neural_network/_multilayer_perceptron.py:691: ConvergenceWarning: Stochastic Optimizer: Maximum iterations (100) reached and the optimization hasn't converged yet.
  warnings.warn(
[I 2025-05-07 07:26:30,179] Trial 1 finished with value: 0.7 and parameters: {'hidden_layer_sizes': (100, 100), 'max_iter': 100, 'alpha': 0.001}. Best is trial 0 with value: 0.7333333333333332.
/data/home/rtabares/anaconda3/envs/pyth3.12/lib/python3.12/site-packages/sklearn/neural_network/_multilayer_perceptron.py:691: ConvergenceWarning: Stochastic Optimizer: Maximum iterations (50) reached and the optimization hasn't converged yet.
  warnings.warn(
/data/home/rtabares/anaconda3/envs/pyth3.12/lib/python3.12/site-packages/sklearn/neural_network/_multilayer_perceptron.py:691: ConvergenceWarning: Stochastic Optimizer: Maximum iterations (50) reached and the optimization hasn't converged yet.
  warnings.warn(
/data/home/rtabares/anaconda3/envs/pyth3.12/lib/python3.12/site-packages/sklearn/neural_network/_multilayer_perceptron.py:691: ConvergenceWarning: Stochastic Optimizer: Maximum iterations (50) reached and the optimization hasn't converged yet.
  warnings.warn(
/data/home/rtabares/anaconda3/envs/pyth3.12/lib/python3.12/site-packages/sklearn/neural_network/_multilayer_perceptron.py:691: ConvergenceWarning: Stochastic Optimizer: Maximum iterations (50) reached and the optimization hasn't converged yet.
  warnings.warn(
/data/home/rtabares/anaconda3/envs/pyth3.12/lib/python3.12/site-packages/sklearn/neural_network/_multilayer_perceptron.py:691: ConvergenceWarning: Stochastic Optimizer: Maximum iterations (50) reached and the optimization hasn't converged yet.
  warnings.warn(
[I 2025-05-07 07:26:30,248] Trial 2 finished with value: 0.7333333333333334 and parameters: {'hidden_layer_sizes': (200,), 'max_iter': 50, 'alpha': 0.001}. Best is trial 2 with value: 0.7333333333333334.
/data/home/rtabares/anaconda3/envs/pyth3.12/lib/python3.12/site-packages/sklearn/neural_network/_multilayer_perceptron.py:691: ConvergenceWarning: Stochastic Optimizer: Maximum iterations (100) reached and the optimization hasn't converged yet.
  warnings.warn(
/data/home/rtabares/anaconda3/envs/pyth3.12/lib/python3.12/site-packages/sklearn/neural_network/_multilayer_perceptron.py:691: ConvergenceWarning: Stochastic Optimizer: Maximum iterations (100) reached and the optimization hasn't converged yet.
  warnings.warn(
/data/home/rtabares/anaconda3/envs/pyth3.12/lib/python3.12/site-packages/sklearn/neural_network/_multilayer_perceptron.py:691: ConvergenceWarning: Stochastic Optimizer: Maximum iterations (100) reached and the optimization hasn't converged yet.
  warnings.warn(
/data/home/rtabares/anaconda3/envs/pyth3.12/lib/python3.12/site-packages/sklearn/neural_network/_multilayer_perceptron.py:691: ConvergenceWarning: Stochastic Optimizer: Maximum iterations (100) reached and the optimization hasn't converged yet.
  warnings.warn(
/data/home/rtabares/anaconda3/envs/pyth3.12/lib/python3.12/site-packages/sklearn/neural_network/_multilayer_perceptron.py:691: ConvergenceWarning: Stochastic Optimizer: Maximum iterations (100) reached and the optimization hasn't converged yet.
  warnings.warn(
[I 2025-05-07 07:26:30,324] Trial 3 finished with value: 0.65 and parameters: {'hidden_layer_sizes': (100,), 'max_iter': 100, 'alpha': 0.0001}. Best is trial 2 with value: 0.7333333333333334.
/data/home/rtabares/anaconda3/envs/pyth3.12/lib/python3.12/site-packages/sklearn/neural_network/_multilayer_perceptron.py:691: ConvergenceWarning: Stochastic Optimizer: Maximum iterations (100) reached and the optimization hasn't converged yet.
  warnings.warn(
/data/home/rtabares/anaconda3/envs/pyth3.12/lib/python3.12/site-packages/sklearn/neural_network/_multilayer_perceptron.py:691: ConvergenceWarning: Stochastic Optimizer: Maximum iterations (100) reached and the optimization hasn't converged yet.
  warnings.warn(
/data/home/rtabares/anaconda3/envs/pyth3.12/lib/python3.12/site-packages/sklearn/neural_network/_multilayer_perceptron.py:691: ConvergenceWarning: Stochastic Optimizer: Maximum iterations (100) reached and the optimization hasn't converged yet.
  warnings.warn(
/data/home/rtabares/anaconda3/envs/pyth3.12/lib/python3.12/site-packages/sklearn/neural_network/_multilayer_perceptron.py:691: ConvergenceWarning: Stochastic Optimizer: Maximum iterations (100) reached and the optimization hasn't converged yet.
  warnings.warn(
/data/home/rtabares/anaconda3/envs/pyth3.12/lib/python3.12/site-packages/sklearn/neural_network/_multilayer_perceptron.py:691: ConvergenceWarning: Stochastic Optimizer: Maximum iterations (100) reached and the optimization hasn't converged yet.
  warnings.warn(
[I 2025-05-07 07:26:30,400] Trial 4 finished with value: 0.6833333333333332 and parameters: {'hidden_layer_sizes': (200,), 'max_iter': 100, 'alpha': 0.001}. Best is trial 2 with value: 0.7333333333333334.
/data/home/rtabares/anaconda3/envs/pyth3.12/lib/python3.12/site-packages/sklearn/neural_network/_multilayer_perceptron.py:691: ConvergenceWarning: Stochastic Optimizer: Maximum iterations (100) reached and the optimization hasn't converged yet.
  warnings.warn(
/data/home/rtabares/anaconda3/envs/pyth3.12/lib/python3.12/site-packages/sklearn/neural_network/_multilayer_perceptron.py:691: ConvergenceWarning: Stochastic Optimizer: Maximum iterations (100) reached and the optimization hasn't converged yet.
  warnings.warn(
/data/home/rtabares/anaconda3/envs/pyth3.12/lib/python3.12/site-packages/sklearn/neural_network/_multilayer_perceptron.py:691: ConvergenceWarning: Stochastic Optimizer: Maximum iterations (100) reached and the optimization hasn't converged yet.
  warnings.warn(
/data/home/rtabares/anaconda3/envs/pyth3.12/lib/python3.12/site-packages/sklearn/neural_network/_multilayer_perceptron.py:691: ConvergenceWarning: Stochastic Optimizer: Maximum iterations (100) reached and the optimization hasn't converged yet.
  warnings.warn(
/data/home/rtabares/anaconda3/envs/pyth3.12/lib/python3.12/site-packages/sklearn/neural_network/_multilayer_perceptron.py:691: ConvergenceWarning: Stochastic Optimizer: Maximum iterations (100) reached and the optimization hasn't converged yet.
  warnings.warn(
[I 2025-05-07 07:26:30,530] Trial 5 finished with value: 0.6666666666666666 and parameters: {'hidden_layer_sizes': (100, 100), 'max_iter': 100, 'alpha': 0.0001}. Best is trial 2 with value: 0.7333333333333334.
/data/home/rtabares/anaconda3/envs/pyth3.12/lib/python3.12/site-packages/sklearn/neural_network/_multilayer_perceptron.py:691: ConvergenceWarning: Stochastic Optimizer: Maximum iterations (100) reached and the optimization hasn't converged yet.
  warnings.warn(
/data/home/rtabares/anaconda3/envs/pyth3.12/lib/python3.12/site-packages/sklearn/neural_network/_multilayer_perceptron.py:691: ConvergenceWarning: Stochastic Optimizer: Maximum iterations (100) reached and the optimization hasn't converged yet.
  warnings.warn(
/data/home/rtabares/anaconda3/envs/pyth3.12/lib/python3.12/site-packages/sklearn/neural_network/_multilayer_perceptron.py:691: ConvergenceWarning: Stochastic Optimizer: Maximum iterations (100) reached and the optimization hasn't converged yet.
  warnings.warn(
/data/home/rtabares/anaconda3/envs/pyth3.12/lib/python3.12/site-packages/sklearn/neural_network/_multilayer_perceptron.py:691: ConvergenceWarning: Stochastic Optimizer: Maximum iterations (100) reached and the optimization hasn't converged yet.
  warnings.warn(
/data/home/rtabares/anaconda3/envs/pyth3.12/lib/python3.12/site-packages/sklearn/neural_network/_multilayer_perceptron.py:691: ConvergenceWarning: Stochastic Optimizer: Maximum iterations (100) reached and the optimization hasn't converged yet.
  warnings.warn(
