[I 2025-05-04 17:33:12,906] Trial 9 finished with value: 0.85 and parameters: {'n_estimators': 40, 'max_depth': 20, 'gamma': 0.968356042433547, 'subsample': 0.831720748909224, 'colsample_bytree': 0.8108478601045609}. Best is trial 1 with value: 0.85.
/data/home/rtabares/anaconda3/envs/pyth3.12/lib/python3.12/site-packages/xgboost/core.py:377: FutureWarning: Your system has an old version of glibc (< 2.28). We will stop supporting Linux distros with glibc older than 2.28 after **May 31, 2025**. Please upgrade to a recent Linux distro (with glibc >= 2.28) to use future versions of XGBoost.
Note: You have installed the 'manylinux2014' variant of XGBoost. Certain features such as GPU algorithms or federated learning are not available. To use these features, please upgrade to a recent Linux distro with glibc 2.28+, and install the 'manylinux_2_28' variant.
  warnings.warn(
[I 2025-05-04 17:33:12,955] Trial 10 finished with value: 0.6 and parameters: {'n_estimators': 10, 'max_depth': 20, 'gamma': 0.4529388708152262, 'subsample': 0.5355747542094993, 'colsample_bytree': 0.9720833380650835}. Best is trial 1 with value: 0.85.
/data/home/rtabares/anaconda3/envs/pyth3.12/lib/python3.12/site-packages/xgboost/core.py:377: FutureWarning: Your system has an old version of glibc (< 2.28). We will stop supporting Linux distros with glibc older than 2.28 after **May 31, 2025**. Please upgrade to a recent Linux distro (with glibc >= 2.28) to use future versions of XGBoost.
Note: You have installed the 'manylinux2014' variant of XGBoost. Certain features such as GPU algorithms or federated learning are not available. To use these features, please upgrade to a recent Linux distro with glibc 2.28+, and install the 'manylinux_2_28' variant.
  warnings.warn(
[I 2025-05-04 17:33:13,639] Trial 11 finished with value: 0.85 and parameters: {'n_estimators': 100, 'max_depth': 5, 'gamma': 0.9057254872338252, 'subsample': 0.7301180895495553, 'colsample_bytree': 0.7661538987372662}. Best is trial 1 with value: 0.85.
[I 2025-05-04 17:33:13,687] Trial 12 finished with value: 0.85 and parameters: {'n_estimators': 100, 'max_depth': 5, 'gamma': 0.7846453170666023, 'subsample': 0.7847770597039946, 'colsample_bytree': 0.8882602412931317}. Best is trial 1 with value: 0.85.
/data/home/rtabares/anaconda3/envs/pyth3.12/lib/python3.12/site-packages/xgboost/core.py:377: FutureWarning: Your system has an old version of glibc (< 2.28). We will stop supporting Linux distros with glibc older than 2.28 after **May 31, 2025**. Please upgrade to a recent Linux distro (with glibc >= 2.28) to use future versions of XGBoost.
Note: You have installed the 'manylinux2014' variant of XGBoost. Certain features such as GPU algorithms or federated learning are not available. To use these features, please upgrade to a recent Linux distro with glibc 2.28+, and install the 'manylinux_2_28' variant.
  warnings.warn(
[I 2025-05-04 17:33:14,341] Trial 13 finished with value: 0.85 and parameters: {'n_estimators': 10, 'max_depth': 5, 'gamma': 0.8532675338497757, 'subsample': 0.9973129221472639, 'colsample_bytree': 0.5050258233714393}. Best is trial 1 with value: 0.85.
/data/home/rtabares/anaconda3/envs/pyth3.12/lib/python3.12/site-packages/xgboost/core.py:377: FutureWarning: Your system has an old version of glibc (< 2.28). We will stop supporting Linux distros with glibc older than 2.28 after **May 31, 2025**. Please upgrade to a recent Linux distro (with glibc >= 2.28) to use future versions of XGBoost.
Note: You have installed the 'manylinux2014' variant of XGBoost. Certain features such as GPU algorithms or federated learning are not available. To use these features, please upgrade to a recent Linux distro with glibc 2.28+, and install the 'manylinux_2_28' variant.
  warnings.warn(
[I 2025-05-04 17:33:14,996] Trial 14 finished with value: 0.8 and parameters: {'n_estimators': 100, 'max_depth': 20, 'gamma': 0.6950911260180586, 'subsample': 0.6260976639865596, 'colsample_bytree': 0.7275582985740502}. Best is trial 1 with value: 0.85.
/data/home/rtabares/anaconda3/envs/pyth3.12/lib/python3.12/site-packages/xgboost/core.py:377: FutureWarning: Your system has an old version of glibc (< 2.28). We will stop supporting Linux distros with glibc older than 2.28 after **May 31, 2025**. Please upgrade to a recent Linux distro (with glibc >= 2.28) to use future versions of XGBoost.
Note: You have installed the 'manylinux2014' variant of XGBoost. Certain features such as GPU algorithms or federated learning are not available. To use these features, please upgrade to a recent Linux distro with glibc 2.28+, and install the 'manylinux_2_28' variant.
  warnings.warn(
[I 2025-05-04 17:33:15,640] Trial 15 finished with value: 0.85 and parameters: {'n_estimators': 100, 'max_depth': 20, 'gamma': 0.990723682201427, 'subsample': 0.771829780636899, 'colsample_bytree': 0.6143977612141855}. Best is trial 1 with value: 0.85.
[I 2025-05-04 17:33:15,678] Trial 16 finished with value: 0.5 and parameters: {'n_estimators': 10, 'max_depth': 5, 'gamma': 0.43833073808216294, 'subsample': 0.514960172687666, 'colsample_bytree': 0.7968793019982585}. Best is trial 1 with value: 0.85.
[I 2025-05-04 17:33:15,727] Trial 17 finished with value: 0.85 and parameters: {'n_estimators': 100, 'max_depth': 20, 'gamma': 0.8215538468977869, 'subsample': 0.9189853010429407, 'colsample_bytree': 0.6868044679100216}. Best is trial 1 with value: 0.85.
/data/home/rtabares/anaconda3/envs/pyth3.12/lib/python3.12/site-packages/xgboost/core.py:377: FutureWarning: Your system has an old version of glibc (< 2.28). We will stop supporting Linux distros with glibc older than 2.28 after **May 31, 2025**. Please upgrade to a recent Linux distro (with glibc >= 2.28) to use future versions of XGBoost.
Note: You have installed the 'manylinux2014' variant of XGBoost. Certain features such as GPU algorithms or federated learning are not available. To use these features, please upgrade to a recent Linux distro with glibc 2.28+, and install the 'manylinux_2_28' variant.
  warnings.warn(
[I 2025-05-04 17:33:16,382] Trial 18 finished with value: 0.8 and parameters: {'n_estimators': 100, 'max_depth': 5, 'gamma': 0.49049693917945725, 'subsample': 0.6558445663402933, 'colsample_bytree': 0.7490298942344821}. Best is trial 1 with value: 0.85.
[I 2025-05-04 17:33:16,434] Trial 19 finished with value: 0.85 and parameters: {'n_estimators': 100, 'max_depth': 30, 'gamma': 0.6913040594332345, 'subsample': 0.8010154914137559, 'colsample_bytree': 0.8671226761561945}. Best is trial 1 with value: 0.85.
[I 2025-05-04 17:33:16,486] Trial 20 finished with value: 0.75 and parameters: {'n_estimators': 10, 'max_depth': 5, 'gamma': 0.8993233114751913, 'subsample': 0.5725314518698548, 'colsample_bytree': 0.5960200274659878}. Best is trial 1 with value: 0.85.
[I 2025-05-04 17:33:16,525] Trial 21 finished with value: 0.85 and parameters: {'n_estimators': 100, 'max_depth': 30, 'gamma': 0.5588235189122505, 'subsample': 0.9729175630991075, 'colsample_bytree': 0.6382050459432682}. Best is trial 1 with value: 0.85.
[I 2025-05-04 17:33:16,573] Trial 22 finished with value: 0.85 and parameters: {'n_estimators': 100, 'max_depth': 30, 'gamma': 0.5828166751347663, 'subsample': 0.859583589380885, 'colsample_bytree': 0.6708056763015164}. Best is trial 1 with value: 0.85.
[I 2025-05-04 17:33:16,624] Trial 23 finished with value: 0.85 and parameters: {'n_estimators': 100, 'max_depth': 30, 'gamma': 0.6405336979833004, 'subsample': 0.9239745857598737, 'colsample_bytree': 0.5190765387913147}. Best is trial 1 with value: 0.85.
[I 2025-05-04 17:33:16,676] Trial 24 finished with value: 0.8 and parameters: {'n_estimators': 100, 'max_depth': 30, 'gamma': 0.7478195248159981, 'subsample': 0.8267181145140934, 'colsample_bytree': 0.5666299401866128}. Best is trial 1 with value: 0.85.
[I 2025-05-04 17:33:16,725] Trial 25 finished with value: 0.8 and parameters: {'n_estimators': 100, 'max_depth': 30, 'gamma': 0.8797512562596137, 'subsample': 0.7422010497304269, 'colsample_bytree': 0.7145573621860026}. Best is trial 1 with value: 0.85.
[I 2025-05-04 17:33:16,773] Trial 26 finished with value: 0.85 and parameters: {'n_estimators': 100, 'max_depth': 20, 'gamma': 0.5044009454859147, 'subsample': 0.8918416851197025, 'colsample_bytree': 0.666605790053949}. Best is trial 1 with value: 0.85.
[I 2025-05-04 17:33:16,822] Trial 27 finished with value: 0.8 and parameters: {'n_estimators': 100, 'max_depth': 30, 'gamma': 0.3767760903741272, 'subsample': 0.6927982961413219, 'colsample_bytree': 0.7832285526838021}. Best is trial 1 with value: 0.85.
[I 2025-05-04 17:33:16,861] Trial 28 finished with value: 0.85 and parameters: {'n_estimators': 10, 'max_depth': 20, 'gamma': 0.6305699880026314, 'subsample': 0.9421863873687453, 'colsample_bytree': 0.5388308595024074}. Best is trial 1 with value: 0.85.
[I 2025-05-04 17:33:16,910] Trial 29 finished with value: 0.8 and parameters: {'n_estimators': 100, 'max_depth': 5, 'gamma': 0.3282549901864451, 'subsample': 0.8161233985596349, 'colsample_bytree': 0.5944856643895762}. Best is trial 1 with value: 0.85.
[I 2025-05-04 17:33:19,361] A new study created in memory with name: rf
Parámetros guardados en checkpoint_shoppers_Doriginal_Roriginal/k_center/best_models_k_center_seed_1/xgb_best_params.json


>>> Optuna tuning rf


[I 2025-05-04 17:33:21,508] Trial 0 finished with value: 0.7 and parameters: {'n_estimators': 267, 'max_depth': 15, 'min_samples_split': 2, 'min_samples_leaf': 4}. Best is trial 0 with value: 0.7.
[I 2025-05-04 17:33:21,956] Trial 1 finished with value: 0.7 and parameters: {'n_estimators': 158, 'max_depth': 4, 'min_samples_split': 3, 'min_samples_leaf': 4}. Best is trial 0 with value: 0.7.
[I 2025-05-04 17:33:22,296] Trial 2 finished with value: 0.5 and parameters: {'n_estimators': 259, 'max_depth': 12, 'min_samples_split': 5, 'min_samples_leaf': 7}. Best is trial 0 with value: 0.7.
[I 2025-05-04 17:33:22,585] Trial 3 finished with value: 0.5 and parameters: {'n_estimators': 181, 'max_depth': 18, 'min_samples_split': 2, 'min_samples_leaf': 7}. Best is trial 0 with value: 0.7.
[I 2025-05-04 17:33:22,905] Trial 4 finished with value: 0.7 and parameters: {'n_estimators': 267, 'max_depth': 13, 'min_samples_split': 3, 'min_samples_leaf': 2}. Best is trial 0 with value: 0.7.
[I 2025-05-04 17:33:23,355] Trial 5 finished with value: 0.5 and parameters: {'n_estimators': 421, 'max_depth': 20, 'min_samples_split': 4, 'min_samples_leaf': 7}. Best is trial 0 with value: 0.7.
[I 2025-05-04 17:33:23,856] Trial 6 finished with value: 0.75 and parameters: {'n_estimators': 451, 'max_depth': 19, 'min_samples_split': 2, 'min_samples_leaf': 1}. Best is trial 6 with value: 0.75.
[I 2025-05-04 17:33:24,106] Trial 7 finished with value: 0.7 and parameters: {'n_estimators': 168, 'max_depth': 18, 'min_samples_split': 2, 'min_samples_leaf': 5}. Best is trial 6 with value: 0.75.
[I 2025-05-04 17:33:24,681] Trial 8 finished with value: 0.7 and parameters: {'n_estimators': 484, 'max_depth': 12, 'min_samples_split': 8, 'min_samples_leaf': 4}. Best is trial 6 with value: 0.75.
[I 2025-05-04 17:33:25,161] Trial 9 finished with value: 0.5 and parameters: {'n_estimators': 375, 'max_depth': 18, 'min_samples_split': 2, 'min_samples_leaf': 8}. Best is trial 6 with value: 0.75.
[I 2025-05-04 17:33:25,725] Trial 10 finished with value: 0.75 and parameters: {'n_estimators': 498, 'max_depth': 6, 'min_samples_split': 10, 'min_samples_leaf': 1}. Best is trial 6 with value: 0.75.
[I 2025-05-04 17:33:26,911] Trial 11 finished with value: 0.65 and parameters: {'n_estimators': 493, 'max_depth': 6, 'min_samples_split': 9, 'min_samples_leaf': 1}. Best is trial 6 with value: 0.75.
[I 2025-05-04 17:33:27,981] Trial 12 finished with value: 0.75 and parameters: {'n_estimators': 396, 'max_depth': 8, 'min_samples_split': 7, 'min_samples_leaf': 1}. Best is trial 6 with value: 0.75.
[I 2025-05-04 17:33:29,092] Trial 13 finished with value: 0.65 and parameters: {'n_estimators': 431, 'max_depth': 3, 'min_samples_split': 6, 'min_samples_leaf': 2}. Best is trial 6 with value: 0.75.
[I 2025-05-04 17:33:30,138] Trial 14 finished with value: 0.7 and parameters: {'n_estimators': 342, 'max_depth': 9, 'min_samples_split': 10, 'min_samples_leaf': 3}. Best is trial 6 with value: 0.75.
[I 2025-05-04 17:33:30,660] Trial 15 finished with value: 0.5 and parameters: {'n_estimators': 447, 'max_depth': 9, 'min_samples_split': 10, 'min_samples_leaf': 10}. Best is trial 6 with value: 0.75.
[I 2025-05-04 17:33:31,035] Trial 16 finished with value: 0.75 and parameters: {'n_estimators': 336, 'max_depth': 15, 'min_samples_split': 6, 'min_samples_leaf': 1}. Best is trial 6 with value: 0.75.
[I 2025-05-04 17:33:31,601] Trial 17 finished with value: 0.7 and parameters: {'n_estimators': 500, 'max_depth': 6, 'min_samples_split': 8, 'min_samples_leaf': 3}. Best is trial 6 with value: 0.75.
[I 2025-05-04 17:33:32,118] Trial 18 finished with value: 0.7 and parameters: {'n_estimators': 451, 'max_depth': 14, 'min_samples_split': 5, 'min_samples_leaf': 2}. Best is trial 6 with value: 0.75.
[I 2025-05-04 17:33:32,292] Trial 19 finished with value: 0.5 and parameters: {'n_estimators': 118, 'max_depth': 10, 'min_samples_split': 8, 'min_samples_leaf': 10}. Best is trial 6 with value: 0.75.
[I 2025-05-04 17:33:32,739] Trial 20 finished with value: 0.75 and parameters: {'n_estimators': 370, 'max_depth': 6, 'min_samples_split': 4, 'min_samples_leaf': 5}. Best is trial 6 with value: 0.75.
[I 2025-05-04 17:33:33,241] Trial 21 finished with value: 0.75 and parameters: {'n_estimators': 412, 'max_depth': 7, 'min_samples_split': 7, 'min_samples_leaf': 1}. Best is trial 6 with value: 0.75.
[I 2025-05-04 17:33:33,699] Trial 22 finished with value: 0.75 and parameters: {'n_estimators': 390, 'max_depth': 8, 'min_samples_split': 7, 'min_samples_leaf': 1}. Best is trial 6 with value: 0.75.
[I 2025-05-04 17:33:34,236] Trial 23 finished with value: 0.7 and parameters: {'n_estimators': 458, 'max_depth': 4, 'min_samples_split': 9, 'min_samples_leaf': 3}. Best is trial 6 with value: 0.75.
[I 2025-05-04 17:33:34,773] Trial 24 finished with value: 0.65 and parameters: {'n_estimators': 470, 'max_depth': 10, 'min_samples_split': 9, 'min_samples_leaf': 2}. Best is trial 6 with value: 0.75.
[I 2025-05-04 17:33:35,133] Trial 25 finished with value: 0.7 and parameters: {'n_estimators': 314, 'max_depth': 5, 'min_samples_split': 5, 'min_samples_leaf': 1}. Best is trial 6 with value: 0.75.
[I 2025-05-04 17:33:35,614] Trial 26 finished with value: 0.8 and parameters: {'n_estimators': 405, 'max_depth': 8, 'min_samples_split': 7, 'min_samples_leaf': 2}. Best is trial 26 with value: 0.8.
[I 2025-05-04 17:33:36,115] Trial 27 finished with value: 0.7 and parameters: {'n_estimators': 431, 'max_depth': 20, 'min_samples_split': 6, 'min_samples_leaf': 3}. Best is trial 26 with value: 0.8.
[I 2025-05-04 17:33:36,644] Trial 28 finished with value: 0.7 and parameters: {'n_estimators': 469, 'max_depth': 11, 'min_samples_split': 10, 'min_samples_leaf': 2}. Best is trial 26 with value: 0.8.
[I 2025-05-04 17:33:37,070] Trial 29 finished with value: 0.7 and parameters: {'n_estimators': 350, 'max_depth': 16, 'min_samples_split': 4, 'min_samples_leaf': 4}. Best is trial 26 with value: 0.8.
[I 2025-05-04 17:33:39,714] A new study created in memory with name: svc
Parámetros guardados en checkpoint_shoppers_Doriginal_Roriginal/k_center/best_models_k_center_seed_1/rf_best_params.json


>>> Optuna tuning svc


[I 2025-05-04 17:33:42,476] Trial 0 finished with value: 0.25 and parameters: {'C': 0.4656804637919569, 'gamma': 0.07608481233714794}. Best is trial 0 with value: 0.25.
[I 2025-05-04 17:33:42,788] Trial 1 finished with value: 0.5 and parameters: {'C': 0.010010539860510492, 'gamma': 0.0016193110912440748}. Best is trial 1 with value: 0.5.
[I 2025-05-04 17:33:42,803] Trial 2 finished with value: 0.45 and parameters: {'C': 0.03863879405158731, 'gamma': 0.00023407464805767542}. Best is trial 1 with value: 0.5.
[I 2025-05-04 17:33:42,817] Trial 3 finished with value: 0.5 and parameters: {'C': 0.0555956542671257, 'gamma': 0.002411253706147574}. Best is trial 1 with value: 0.5.
[I 2025-05-04 17:33:42,831] Trial 4 finished with value: 0.3 and parameters: {'C': 0.3864291653552654, 'gamma': 0.014297724879798395}. Best is trial 1 with value: 0.5.
[I 2025-05-04 17:33:42,845] Trial 5 finished with value: 0.25 and parameters: {'C': 0.47509237210306143, 'gamma': 0.05506529897945987}. Best is trial 1 with value: 0.5.
[I 2025-05-04 17:33:42,858] Trial 6 finished with value: 0.1 and parameters: {'C': 0.06573686655138336, 'gamma': 0.3254391115088485}. Best is trial 1 with value: 0.5.
[I 2025-05-04 17:33:42,872] Trial 7 finished with value: 0.25 and parameters: {'C': 0.01286916510781503, 'gamma': 0.04806954824961596}. Best is trial 1 with value: 0.5.
[I 2025-05-04 17:33:42,885] Trial 8 finished with value: 0.3 and parameters: {'C': 0.4668949853708895, 'gamma': 0.017169565852473867}. Best is trial 1 with value: 0.5.
[I 2025-05-04 17:33:42,899] Trial 9 finished with value: 0.45 and parameters: {'C': 0.03643743139281253, 'gamma': 0.0006200203677164723}. Best is trial 1 with value: 0.5.
[I 2025-05-04 17:33:42,925] Trial 10 finished with value: 0.3 and parameters: {'C': 35.745293136206676, 'gamma': 0.0016217424317920186}. Best is trial 1 with value: 0.5.
[I 2025-05-04 17:33:43,583] Trial 11 finished with value: 0.5 and parameters: {'C': 0.010851625255889582, 'gamma': 0.002534470373289236}. Best is trial 1 with value: 0.5.
[I 2025-05-04 17:33:43,607] Trial 12 finished with value: 0.35 and parameters: {'C': 6.862300618243981, 'gamma': 0.0035186383084284483}. Best is trial 1 with value: 0.5.
[I 2025-05-04 17:33:44,257] Trial 13 finished with value: 0.45 and parameters: {'C': 0.09624503002739077, 'gamma': 0.00013526932974406507}. Best is trial 1 with value: 0.5.
[I 2025-05-04 17:33:44,280] Trial 14 finished with value: 0.45 and parameters: {'C': 3.068096919713349, 'gamma': 0.0006627029914189142}. Best is trial 1 with value: 0.5.
[I 2025-05-04 17:33:44,305] Trial 15 finished with value: 0.35 and parameters: {'C': 0.16859152031561964, 'gamma': 0.0049799100510938745}. Best is trial 1 with value: 0.5.
[I 2025-05-04 17:33:44,952] Trial 16 finished with value: 0.45 and parameters: {'C': 0.022045223034545664, 'gamma': 0.0006443620571349082}. Best is trial 1 with value: 0.5.
[I 2025-05-04 17:33:44,976] Trial 17 finished with value: 0.3 and parameters: {'C': 2.742022424306509, 'gamma': 0.008222368634228065}. Best is trial 1 with value: 0.5.
[I 2025-05-04 17:33:44,998] Trial 18 finished with value: 0.5 and parameters: {'C': 0.1418924525999631, 'gamma': 0.0011957887207685244}. Best is trial 1 with value: 0.5.
[I 2025-05-04 17:33:45,021] Trial 19 finished with value: 0.4 and parameters: {'C': 95.17072487881215, 'gamma': 0.0003013556867545804}. Best is trial 1 with value: 0.5.
[I 2025-05-04 17:33:45,042] Trial 20 finished with value: 0.1 and parameters: {'C': 0.026004676047090447, 'gamma': 0.26702938464573}. Best is trial 1 with value: 0.5.
[I 2025-05-04 17:33:45,064] Trial 21 finished with value: 0.5 and parameters: {'C': 0.010176631812541491, 'gamma': 0.002115238569078714}. Best is trial 1 with value: 0.5.
[I 2025-05-04 17:33:45,703] Trial 22 finished with value: 0.45 and parameters: {'C': 0.01198439183437781, 'gamma': 0.0038561747597295865}. Best is trial 1 with value: 0.5.
[I 2025-05-04 17:33:45,726] Trial 23 finished with value: 0.35 and parameters: {'C': 0.062103906897085843, 'gamma': 0.006782184342133456}. Best is trial 1 with value: 0.5.
[I 2025-05-04 17:33:46,353] Trial 24 finished with value: 0.25 and parameters: {'C': 0.023291489885958104, 'gamma': 0.025338163782385518}. Best is trial 1 with value: 0.5.
[I 2025-05-04 17:33:46,378] Trial 25 finished with value: 0.5 and parameters: {'C': 0.011069687004976767, 'gamma': 0.0016394543587916184}. Best is trial 1 with value: 0.5.
[I 2025-05-04 17:33:46,398] Trial 26 finished with value: 0.15 and parameters: {'C': 0.16982288649004337, 'gamma': 0.8308541689381187}. Best is trial 1 with value: 0.5.
[I 2025-05-04 17:33:46,419] Trial 27 finished with value: 0.45 and parameters: {'C': 0.05108030093665899, 'gamma': 0.002841062160910989}. Best is trial 1 with value: 0.5.
[I 2025-05-04 17:33:46,441] Trial 28 finished with value: 0.5 and parameters: {'C': 0.01987310966792721, 'gamma': 0.0009405954924917268}. Best is trial 1 with value: 0.5.
[I 2025-05-04 17:33:46,468] Trial 29 finished with value: 0.45 and parameters: {'C': 0.2726345766499926, 'gamma': 0.00037271787762989124}. Best is trial 1 with value: 0.5.
/data/home/rtabares/anaconda3/envs/pyth3.12/lib/python3.12/site-packages/xgboost/core.py:377: FutureWarning: Your system has an old version of glibc (< 2.28). We will stop supporting Linux distros with glibc older than 2.28 after **May 31, 2025**. Please upgrade to a recent Linux distro (with glibc >= 2.28) to use future versions of XGBoost.
Note: You have installed the 'manylinux2014' variant of XGBoost. Certain features such as GPU algorithms or federated learning are not available. To use these features, please upgrade to a recent Linux distro with glibc 2.28+, and install the 'manylinux_2_28' variant.
  warnings.warn(
[I 2025-05-04 17:33:48,320] A new study created in memory with name: logreg
[I 2025-05-04 17:33:48,901] Trial 0 finished with value: 0.35 and parameters: {'C': 0.12164941464151847, 'penalty': 'l2'}. Best is trial 0 with value: 0.35.
Parámetros guardados en checkpoint_shoppers_Doriginal_Roriginal/k_center/best_models_k_center_seed_1/svc_best_params.json


>>> Optuna tuning logreg


[I 2025-05-04 17:33:51,065] Trial 1 finished with value: 0.35 and parameters: {'C': 3.9959722831350617, 'penalty': 'l2'}. Best is trial 0 with value: 0.35.
[I 2025-05-04 17:33:51,321] Trial 2 finished with value: 0.45 and parameters: {'C': 0.0010013176560941261, 'penalty': 'l2'}. Best is trial 2 with value: 0.45.
