[I 2025-05-04 17:31:28,433] Trial 10 finished with value: 0.9 and parameters: {'n_estimators': 10, 'max_depth': 5, 'gamma': 0.35779329928055814, 'subsample': 0.5350987509859917, 'colsample_bytree': 0.6919746806534345}. Best is trial 0 with value: 0.95.
/data/home/rtabares/anaconda3/envs/pyth3.12/lib/python3.12/site-packages/xgboost/core.py:377: FutureWarning: Your system has an old version of glibc (< 2.28). We will stop supporting Linux distros with glibc older than 2.28 after **May 31, 2025**. Please upgrade to a recent Linux distro (with glibc >= 2.28) to use future versions of XGBoost.
Note: You have installed the 'manylinux2014' variant of XGBoost. Certain features such as GPU algorithms or federated learning are not available. To use these features, please upgrade to a recent Linux distro with glibc 2.28+, and install the 'manylinux_2_28' variant.
  warnings.warn(
/data/home/rtabares/anaconda3/envs/pyth3.12/lib/python3.12/site-packages/xgboost/core.py:377: FutureWarning: Your system has an old version of glibc (< 2.28). We will stop supporting Linux distros with glibc older than 2.28 after **May 31, 2025**. Please upgrade to a recent Linux distro (with glibc >= 2.28) to use future versions of XGBoost.
Note: You have installed the 'manylinux2014' variant of XGBoost. Certain features such as GPU algorithms or federated learning are not available. To use these features, please upgrade to a recent Linux distro with glibc 2.28+, and install the 'manylinux_2_28' variant.
  warnings.warn(
/data/home/rtabares/anaconda3/envs/pyth3.12/lib/python3.12/site-packages/xgboost/core.py:377: FutureWarning: Your system has an old version of glibc (< 2.28). We will stop supporting Linux distros with glibc older than 2.28 after **May 31, 2025**. Please upgrade to a recent Linux distro (with glibc >= 2.28) to use future versions of XGBoost.
Note: You have installed the 'manylinux2014' variant of XGBoost. Certain features such as GPU algorithms or federated learning are not available. To use these features, please upgrade to a recent Linux distro with glibc 2.28+, and install the 'manylinux_2_28' variant.
  warnings.warn(
/data/home/rtabares/anaconda3/envs/pyth3.12/lib/python3.12/site-packages/xgboost/core.py:377: FutureWarning: Your system has an old version of glibc (< 2.28). We will stop supporting Linux distros with glibc older than 2.28 after **May 31, 2025**. Please upgrade to a recent Linux distro (with glibc >= 2.28) to use future versions of XGBoost.
Note: You have installed the 'manylinux2014' variant of XGBoost. Certain features such as GPU algorithms or federated learning are not available. To use these features, please upgrade to a recent Linux distro with glibc 2.28+, and install the 'manylinux_2_28' variant.
  warnings.warn(
[I 2025-05-04 17:31:29,085] Trial 11 finished with value: 0.95 and parameters: {'n_estimators': 10, 'max_depth': 20, 'gamma': 0.42494746882238776, 'subsample': 0.6833246880949571, 'colsample_bytree': 0.7661538987372662}. Best is trial 0 with value: 0.95.
/data/home/rtabares/anaconda3/envs/pyth3.12/lib/python3.12/site-packages/xgboost/core.py:377: FutureWarning: Your system has an old version of glibc (< 2.28). We will stop supporting Linux distros with glibc older than 2.28 after **May 31, 2025**. Please upgrade to a recent Linux distro (with glibc >= 2.28) to use future versions of XGBoost.
Note: You have installed the 'manylinux2014' variant of XGBoost. Certain features such as GPU algorithms or federated learning are not available. To use these features, please upgrade to a recent Linux distro with glibc 2.28+, and install the 'manylinux_2_28' variant.
  warnings.warn(
/data/home/rtabares/anaconda3/envs/pyth3.12/lib/python3.12/site-packages/xgboost/core.py:377: FutureWarning: Your system has an old version of glibc (< 2.28). We will stop supporting Linux distros with glibc older than 2.28 after **May 31, 2025**. Please upgrade to a recent Linux distro (with glibc >= 2.28) to use future versions of XGBoost.
Note: You have installed the 'manylinux2014' variant of XGBoost. Certain features such as GPU algorithms or federated learning are not available. To use these features, please upgrade to a recent Linux distro with glibc 2.28+, and install the 'manylinux_2_28' variant.
  warnings.warn(
[I 2025-05-04 17:31:29,751] Trial 12 finished with value: 0.95 and parameters: {'n_estimators': 100, 'max_depth': 5, 'gamma': 0.17175478420649942, 'subsample': 0.7604630592256484, 'colsample_bytree': 0.8882602412931317}. Best is trial 0 with value: 0.95.
[I 2025-05-04 17:31:29,793] Trial 13 finished with value: 0.95 and parameters: {'n_estimators': 40, 'max_depth': 5, 'gamma': 0.46968383520201595, 'subsample': 0.6296094462669416, 'colsample_bytree': 0.7447079709368308}. Best is trial 0 with value: 0.95.
[I 2025-05-04 17:31:29,832] Trial 14 finished with value: 0.95 and parameters: {'n_estimators': 10, 'max_depth': 20, 'gamma': 0.7948589777165307, 'subsample': 0.7758821784304792, 'colsample_bytree': 0.7537721595584849}. Best is trial 0 with value: 0.95.
[I 2025-05-04 17:31:29,881] Trial 15 finished with value: 0.95 and parameters: {'n_estimators': 40, 'max_depth': 20, 'gamma': 0.28194741319909133, 'subsample': 0.5103505624713055, 'colsample_bytree': 0.9845212264211136}. Best is trial 0 with value: 0.95.
[I 2025-05-04 17:31:29,931] Trial 16 finished with value: 0.95 and parameters: {'n_estimators': 100, 'max_depth': 5, 'gamma': 0.5152470639351505, 'subsample': 0.6221453563347079, 'colsample_bytree': 0.6912387691426738}. Best is trial 0 with value: 0.95.
/data/home/rtabares/anaconda3/envs/pyth3.12/lib/python3.12/site-packages/xgboost/core.py:377: FutureWarning: Your system has an old version of glibc (< 2.28). We will stop supporting Linux distros with glibc older than 2.28 after **May 31, 2025**. Please upgrade to a recent Linux distro (with glibc >= 2.28) to use future versions of XGBoost.
Note: You have installed the 'manylinux2014' variant of XGBoost. Certain features such as GPU algorithms or federated learning are not available. To use these features, please upgrade to a recent Linux distro with glibc 2.28+, and install the 'manylinux_2_28' variant.
  warnings.warn(
[I 2025-05-04 17:31:30,607] Trial 17 finished with value: 0.95 and parameters: {'n_estimators': 40, 'max_depth': 20, 'gamma': 0.6582738890715492, 'subsample': 0.7046005930932894, 'colsample_bytree': 0.6115596546084268}. Best is trial 0 with value: 0.95.
[I 2025-05-04 17:31:30,646] Trial 18 finished with value: 0.9 and parameters: {'n_estimators': 100, 'max_depth': 5, 'gamma': 0.26243906447147763, 'subsample': 0.5665088776762035, 'colsample_bytree': 0.8238197091984051}. Best is trial 0 with value: 0.95.
/data/home/rtabares/anaconda3/envs/pyth3.12/lib/python3.12/site-packages/xgboost/core.py:377: FutureWarning: Your system has an old version of glibc (< 2.28). We will stop supporting Linux distros with glibc older than 2.28 after **May 31, 2025**. Please upgrade to a recent Linux distro (with glibc >= 2.28) to use future versions of XGBoost.
Note: You have installed the 'manylinux2014' variant of XGBoost. Certain features such as GPU algorithms or federated learning are not available. To use these features, please upgrade to a recent Linux distro with glibc 2.28+, and install the 'manylinux_2_28' variant.
  warnings.warn(
[I 2025-05-04 17:31:31,291] Trial 19 finished with value: 0.95 and parameters: {'n_estimators': 10, 'max_depth': 30, 'gamma': 0.1190389859476221, 'subsample': 0.7973081974695146, 'colsample_bytree': 0.7146927902560363}. Best is trial 0 with value: 0.95.
[I 2025-05-04 17:31:31,340] Trial 20 finished with value: 0.95 and parameters: {'n_estimators': 100, 'max_depth': 5, 'gamma': 0.8103260095787294, 'subsample': 0.6595496651712397, 'colsample_bytree': 0.8887148142078876}. Best is trial 0 with value: 0.95.
[I 2025-05-04 17:31:31,389] Trial 21 finished with value: 0.95 and parameters: {'n_estimators': 100, 'max_depth': 5, 'gamma': 0.9143492422352758, 'subsample': 0.9793831337420338, 'colsample_bytree': 0.5181853808344}. Best is trial 0 with value: 0.95.
[I 2025-05-04 17:31:31,428] Trial 22 finished with value: 0.95 and parameters: {'n_estimators': 100, 'max_depth': 5, 'gamma': 0.8609983917242179, 'subsample': 0.7292739525693447, 'colsample_bytree': 0.5986646573837513}. Best is trial 0 with value: 0.95.
[I 2025-05-04 17:31:31,479] Trial 23 finished with value: 0.95 and parameters: {'n_estimators': 100, 'max_depth': 5, 'gamma': 0.7171792821986984, 'subsample': 0.919722559783699, 'colsample_bytree': 0.7889254432937247}. Best is trial 0 with value: 0.95.
[I 2025-05-04 17:31:31,529] Trial 24 finished with value: 0.9 and parameters: {'n_estimators': 100, 'max_depth': 5, 'gamma': 0.9393964566046923, 'subsample': 0.6577655923385094, 'colsample_bytree': 0.5000238171213811}. Best is trial 0 with value: 0.95.
[I 2025-05-04 17:31:31,581] Trial 25 finished with value: 0.95 and parameters: {'n_estimators': 40, 'max_depth': 20, 'gamma': 0.8680106139470981, 'subsample': 0.8066003320942112, 'colsample_bytree': 0.7197832348669911}. Best is trial 0 with value: 0.95.
[I 2025-05-04 17:31:31,632] Trial 26 finished with value: 0.95 and parameters: {'n_estimators': 100, 'max_depth': 5, 'gamma': 0.5622057053497718, 'subsample': 0.7407388904572767, 'colsample_bytree': 0.6632419326536584}. Best is trial 0 with value: 0.95.
[I 2025-05-04 17:31:31,673] Trial 27 finished with value: 0.95 and parameters: {'n_estimators': 100, 'max_depth': 5, 'gamma': 0.6805708916877345, 'subsample': 0.5890414322342162, 'colsample_bytree': 0.8714675054287138}. Best is trial 0 with value: 0.95.
[I 2025-05-04 17:31:31,714] Trial 28 finished with value: 0.9 and parameters: {'n_estimators': 10, 'max_depth': 30, 'gamma': 0.7714027791588332, 'subsample': 0.6707316538907298, 'colsample_bytree': 0.5748465995028325}. Best is trial 0 with value: 0.95.
[I 2025-05-04 17:31:31,752] Trial 29 finished with value: 0.95 and parameters: {'n_estimators': 40, 'max_depth': 20, 'gamma': 0.5914836650060189, 'subsample': 0.8456769074230993, 'colsample_bytree': 0.6438306844884478}. Best is trial 0 with value: 0.95.
[I 2025-05-04 17:31:35,348] A new study created in memory with name: rf
Parámetros guardados en checkpoint_shoppers_Doriginal_Roriginal/k-means/best_models_k-means_seed_1/xgb_best_params.json


>>> Optuna tuning rf


[I 2025-05-04 17:31:36,462] Trial 0 finished with value: 0.95 and parameters: {'n_estimators': 267, 'max_depth': 15, 'min_samples_split': 2, 'min_samples_leaf': 4}. Best is trial 0 with value: 0.95.
[I 2025-05-04 17:31:36,816] Trial 1 finished with value: 1.0 and parameters: {'n_estimators': 158, 'max_depth': 4, 'min_samples_split': 3, 'min_samples_leaf': 4}. Best is trial 1 with value: 1.0.
[I 2025-05-04 17:31:37,158] Trial 2 finished with value: 0.5 and parameters: {'n_estimators': 259, 'max_depth': 12, 'min_samples_split': 5, 'min_samples_leaf': 7}. Best is trial 1 with value: 1.0.
[I 2025-05-04 17:31:37,459] Trial 3 finished with value: 0.5 and parameters: {'n_estimators': 181, 'max_depth': 18, 'min_samples_split': 2, 'min_samples_leaf': 7}. Best is trial 1 with value: 1.0.
[I 2025-05-04 17:31:37,850] Trial 4 finished with value: 1.0 and parameters: {'n_estimators': 267, 'max_depth': 13, 'min_samples_split': 3, 'min_samples_leaf': 2}. Best is trial 1 with value: 1.0.
[I 2025-05-04 17:31:38,328] Trial 5 finished with value: 0.5 and parameters: {'n_estimators': 421, 'max_depth': 20, 'min_samples_split': 4, 'min_samples_leaf': 7}. Best is trial 1 with value: 1.0.
[I 2025-05-04 17:31:38,838] Trial 6 finished with value: 1.0 and parameters: {'n_estimators': 451, 'max_depth': 19, 'min_samples_split': 2, 'min_samples_leaf': 1}. Best is trial 1 with value: 1.0.
[I 2025-05-04 17:31:39,093] Trial 7 finished with value: 0.95 and parameters: {'n_estimators': 168, 'max_depth': 18, 'min_samples_split': 2, 'min_samples_leaf': 5}. Best is trial 1 with value: 1.0.
[I 2025-05-04 17:31:39,652] Trial 8 finished with value: 0.95 and parameters: {'n_estimators': 484, 'max_depth': 12, 'min_samples_split': 8, 'min_samples_leaf': 4}. Best is trial 1 with value: 1.0.
[I 2025-05-04 17:31:40,112] Trial 9 finished with value: 0.5 and parameters: {'n_estimators': 375, 'max_depth': 18, 'min_samples_split': 2, 'min_samples_leaf': 8}. Best is trial 1 with value: 1.0.
[I 2025-05-04 17:31:40,254] Trial 10 finished with value: 0.5 and parameters: {'n_estimators': 104, 'max_depth': 4, 'min_samples_split': 7, 'min_samples_leaf': 10}. Best is trial 1 with value: 1.0.
[I 2025-05-04 17:31:41,279] Trial 11 finished with value: 1.0 and parameters: {'n_estimators': 332, 'max_depth': 7, 'min_samples_split': 4, 'min_samples_leaf': 1}. Best is trial 1 with value: 1.0.
[I 2025-05-04 17:31:42,191] Trial 12 finished with value: 0.95 and parameters: {'n_estimators': 190, 'max_depth': 8, 'min_samples_split': 10, 'min_samples_leaf': 3}. Best is trial 1 with value: 1.0.
[I 2025-05-04 17:31:42,507] Trial 13 finished with value: 1.0 and parameters: {'n_estimators': 231, 'max_depth': 3, 'min_samples_split': 4, 'min_samples_leaf': 2}. Best is trial 1 with value: 1.0.
[I 2025-05-04 17:31:43,318] Trial 14 finished with value: 1.0 and parameters: {'n_estimators': 105, 'max_depth': 9, 'min_samples_split': 6, 'min_samples_leaf': 3}. Best is trial 1 with value: 1.0.
[I 2025-05-04 17:31:43,673] Trial 15 finished with value: 1.0 and parameters: {'n_estimators': 328, 'max_depth': 15, 'min_samples_split': 4, 'min_samples_leaf': 5}. Best is trial 1 with value: 1.0.
[I 2025-05-04 17:31:43,906] Trial 16 finished with value: 1.0 and parameters: {'n_estimators': 161, 'max_depth': 6, 'min_samples_split': 3, 'min_samples_leaf': 3}. Best is trial 1 with value: 1.0.
[I 2025-05-04 17:31:44,211] Trial 17 finished with value: 0.95 and parameters: {'n_estimators': 234, 'max_depth': 10, 'min_samples_split': 5, 'min_samples_leaf': 2}. Best is trial 1 with value: 1.0.
[I 2025-05-04 17:31:44,557] Trial 18 finished with value: 0.95 and parameters: {'n_estimators': 306, 'max_depth': 14, 'min_samples_split': 6, 'min_samples_leaf': 4}. Best is trial 1 with value: 1.0.
[I 2025-05-04 17:31:44,991] Trial 19 finished with value: 0.8 and parameters: {'n_estimators': 377, 'max_depth': 11, 'min_samples_split': 3, 'min_samples_leaf': 6}. Best is trial 1 with value: 1.0.
[I 2025-05-04 17:31:45,291] Trial 20 finished with value: 0.9 and parameters: {'n_estimators': 217, 'max_depth': 5, 'min_samples_split': 9, 'min_samples_leaf': 2}. Best is trial 1 with value: 1.0.
[I 2025-05-04 17:31:45,797] Trial 21 finished with value: 1.0 and parameters: {'n_estimators': 429, 'max_depth': 20, 'min_samples_split': 3, 'min_samples_leaf': 1}. Best is trial 1 with value: 1.0.
[I 2025-05-04 17:31:46,364] Trial 22 finished with value: 1.0 and parameters: {'n_estimators': 493, 'max_depth': 16, 'min_samples_split': 3, 'min_samples_leaf': 1}. Best is trial 1 with value: 1.0.
[I 2025-05-04 17:31:46,541] Trial 23 finished with value: 1.0 and parameters: {'n_estimators': 136, 'max_depth': 13, 'min_samples_split': 5, 'min_samples_leaf': 2}. Best is trial 1 with value: 1.0.
[I 2025-05-04 17:31:46,899] Trial 24 finished with value: 1.0 and parameters: {'n_estimators': 274, 'max_depth': 16, 'min_samples_split': 3, 'min_samples_leaf': 3}. Best is trial 1 with value: 1.0.
[I 2025-05-04 17:31:47,401] Trial 25 finished with value: 1.0 and parameters: {'n_estimators': 448, 'max_depth': 10, 'min_samples_split': 2, 'min_samples_leaf': 1}. Best is trial 1 with value: 1.0.
[I 2025-05-04 17:31:47,862] Trial 26 finished with value: 0.95 and parameters: {'n_estimators': 381, 'max_depth': 7, 'min_samples_split': 3, 'min_samples_leaf': 4}. Best is trial 1 with value: 1.0.
[I 2025-05-04 17:31:48,251] Trial 27 finished with value: 1.0 and parameters: {'n_estimators': 347, 'max_depth': 17, 'min_samples_split': 7, 'min_samples_leaf': 2}. Best is trial 1 with value: 1.0.
[I 2025-05-04 17:31:48,619] Trial 28 finished with value: 0.9 and parameters: {'n_estimators': 293, 'max_depth': 13, 'min_samples_split': 4, 'min_samples_leaf': 5}. Best is trial 1 with value: 1.0.
[I 2025-05-04 17:31:48,895] Trial 29 finished with value: 0.9 and parameters: {'n_estimators': 200, 'max_depth': 3, 'min_samples_split': 2, 'min_samples_leaf': 4}. Best is trial 1 with value: 1.0.
[I 2025-05-04 17:31:51,028] A new study created in memory with name: svc
[I 2025-05-04 17:31:51,626] Trial 0 finished with value: 0.4 and parameters: {'C': 0.4656804637919569, 'gamma': 0.07608481233714794}. Best is trial 0 with value: 0.4.
Parámetros guardados en checkpoint_shoppers_Doriginal_Roriginal/k-means/best_models_k-means_seed_1/rf_best_params.json


>>> Optuna tuning svc


[I 2025-05-04 17:31:53,815] Trial 1 finished with value: 0.6 and parameters: {'C': 0.010010539860510492, 'gamma': 0.0016193110912440748}. Best is trial 1 with value: 0.6.
[I 2025-05-04 17:31:54,042] Trial 2 finished with value: 0.55 and parameters: {'C': 0.03863879405158731, 'gamma': 0.00023407464805767542}. Best is trial 1 with value: 0.6.
[I 2025-05-04 17:31:54,070] Trial 3 finished with value: 0.6 and parameters: {'C': 0.0555956542671257, 'gamma': 0.002411253706147574}. Best is trial 1 with value: 0.6.
[I 2025-05-04 17:31:54,085] Trial 4 finished with value: 0.5 and parameters: {'C': 0.3864291653552654, 'gamma': 0.014297724879798395}. Best is trial 1 with value: 0.6.
[I 2025-05-04 17:31:54,099] Trial 5 finished with value: 0.4 and parameters: {'C': 0.47509237210306143, 'gamma': 0.05506529897945987}. Best is trial 1 with value: 0.6.
[I 2025-05-04 17:31:54,113] Trial 6 finished with value: 0.4 and parameters: {'C': 0.06573686655138336, 'gamma': 0.3254391115088485}. Best is trial 1 with value: 0.6.
[I 2025-05-04 17:31:54,126] Trial 7 finished with value: 0.4 and parameters: {'C': 0.01286916510781503, 'gamma': 0.04806954824961596}. Best is trial 1 with value: 0.6.
[I 2025-05-04 17:31:54,141] Trial 8 finished with value: 0.45 and parameters: {'C': 0.4668949853708895, 'gamma': 0.017169565852473867}. Best is trial 1 with value: 0.6.
[I 2025-05-04 17:31:54,154] Trial 9 finished with value: 0.55 and parameters: {'C': 0.03643743139281253, 'gamma': 0.0006200203677164723}. Best is trial 1 with value: 0.6.
[I 2025-05-04 17:31:54,178] Trial 10 finished with value: 0.5 and parameters: {'C': 35.745293136206676, 'gamma': 0.0016217424317920186}. Best is trial 1 with value: 0.6.
[I 2025-05-04 17:31:54,204] Trial 11 finished with value: 0.6 and parameters: {'C': 0.010851625255889582, 'gamma': 0.002534470373289236}. Best is trial 1 with value: 0.6.
[I 2025-05-04 17:31:54,875] Trial 12 finished with value: 0.55 and parameters: {'C': 6.862300618243981, 'gamma': 0.0035186383084284483}. Best is trial 1 with value: 0.6.
[I 2025-05-04 17:31:55,533] Trial 13 finished with value: 0.55 and parameters: {'C': 0.09624503002739077, 'gamma': 0.00013526932974406507}. Best is trial 1 with value: 0.6.
[I 2025-05-04 17:31:55,559] Trial 14 finished with value: 0.55 and parameters: {'C': 3.068096919713349, 'gamma': 0.0006627029914189142}. Best is trial 1 with value: 0.6.
[I 2025-05-04 17:31:55,585] Trial 15 finished with value: 0.55 and parameters: {'C': 0.16859152031561964, 'gamma': 0.0049799100510938745}. Best is trial 1 with value: 0.6.
[I 2025-05-04 17:31:55,606] Trial 16 finished with value: 0.55 and parameters: {'C': 0.022045223034545664, 'gamma': 0.0006443620571349082}. Best is trial 1 with value: 0.6.
[I 2025-05-04 17:31:56,245] Trial 17 finished with value: 0.55 and parameters: {'C': 2.742022424306509, 'gamma': 0.008222368634228065}. Best is trial 1 with value: 0.6.
[I 2025-05-04 17:31:56,268] Trial 18 finished with value: 0.6 and parameters: {'C': 0.1418924525999631, 'gamma': 0.0011957887207685244}. Best is trial 1 with value: 0.6.
[I 2025-05-04 17:31:56,288] Trial 19 finished with value: 0.5 and parameters: {'C': 95.17072487881215, 'gamma': 0.0003013556867545804}. Best is trial 1 with value: 0.6.
[I 2025-05-04 17:31:56,309] Trial 20 finished with value: 0.4 and parameters: {'C': 0.026004676047090447, 'gamma': 0.26702938464573}. Best is trial 1 with value: 0.6.
[I 2025-05-04 17:31:56,333] Trial 21 finished with value: 0.6 and parameters: {'C': 0.010176631812541491, 'gamma': 0.002115238569078714}. Best is trial 1 with value: 0.6.
[I 2025-05-04 17:31:56,973] Trial 22 finished with value: 0.55 and parameters: {'C': 0.01198439183437781, 'gamma': 0.0038561747597295865}. Best is trial 1 with value: 0.6.
[I 2025-05-04 17:31:56,997] Trial 23 finished with value: 0.55 and parameters: {'C': 0.062103906897085843, 'gamma': 0.006782184342133456}. Best is trial 1 with value: 0.6.
[I 2025-05-04 17:31:57,019] Trial 24 finished with value: 0.5 and parameters: {'C': 0.023291489885958104, 'gamma': 0.025338163782385518}. Best is trial 1 with value: 0.6.
[I 2025-05-04 17:31:57,667] Trial 25 finished with value: 0.6 and parameters: {'C': 0.011069687004976767, 'gamma': 0.0016394543587916184}. Best is trial 1 with value: 0.6.
[I 2025-05-04 17:31:57,691] Trial 26 finished with value: 0.3 and parameters: {'C': 0.16982288649004337, 'gamma': 0.8308541689381187}. Best is trial 1 with value: 0.6.
[I 2025-05-04 17:31:57,712] Trial 27 finished with value: 0.6 and parameters: {'C': 0.05108030093665899, 'gamma': 0.002841062160910989}. Best is trial 1 with value: 0.6.
[I 2025-05-04 17:31:57,735] Trial 28 finished with value: 0.6 and parameters: {'C': 0.01987310966792721, 'gamma': 0.0009405954924917268}. Best is trial 1 with value: 0.6.
[I 2025-05-04 17:31:57,768] Trial 29 finished with value: 0.55 and parameters: {'C': 0.2726345766499926, 'gamma': 0.00037271787762989124}. Best is trial 1 with value: 0.6.
[I 2025-05-04 17:31:59,572] A new study created in memory with name: logreg
[I 2025-05-04 17:32:00,152] Trial 0 finished with value: 0.55 and parameters: {'C': 0.12164941464151847, 'penalty': 'l2'}. Best is trial 0 with value: 0.55.
Parámetros guardados en checkpoint_shoppers_Doriginal_Roriginal/k-means/best_models_k-means_seed_1/svc_best_params.json


>>> Optuna tuning logreg


