[I 2025-05-07 07:34:21,348] Trial 12 finished with value: 0.7833333333333332 and parameters: {'n_estimators': 192, 'max_depth': 12, 'min_samples_split': 8, 'min_samples_leaf': 10}. Best is trial 3 with value: 0.8333333333333333.
[I 2025-05-07 07:34:21,491] Trial 13 finished with value: 0.6666666666666666 and parameters: {'n_estimators': 103, 'max_depth': 17, 'min_samples_split': 10, 'min_samples_leaf': 4}. Best is trial 3 with value: 0.8333333333333333.
[I 2025-05-07 07:34:21,776] Trial 14 finished with value: 0.7833333333333334 and parameters: {'n_estimators': 203, 'max_depth': 3, 'min_samples_split': 8, 'min_samples_leaf': 10}. Best is trial 3 with value: 0.8333333333333333.
[I 2025-05-07 07:34:22,099] Trial 15 finished with value: 0.7333333333333334 and parameters: {'n_estimators': 234, 'max_depth': 11, 'min_samples_split': 6, 'min_samples_leaf': 4}. Best is trial 3 with value: 0.8333333333333333.
[I 2025-05-07 07:34:22,389] Trial 16 finished with value: 0.75 and parameters: {'n_estimators': 253, 'max_depth': 15, 'min_samples_split': 8, 'min_samples_leaf': 1}. Best is trial 3 with value: 0.8333333333333333.
[I 2025-05-07 07:34:22,602] Trial 17 finished with value: 0.7666666666666666 and parameters: {'n_estimators': 141, 'max_depth': 6, 'min_samples_split': 9, 'min_samples_leaf': 10}. Best is trial 3 with value: 0.8333333333333333.
[I 2025-05-07 07:34:22,897] Trial 18 finished with value: 0.75 and parameters: {'n_estimators': 189, 'max_depth': 10, 'min_samples_split': 6, 'min_samples_leaf': 5}. Best is trial 3 with value: 0.8333333333333333.
[I 2025-05-07 07:34:23,155] Trial 19 finished with value: 0.7499999999999999 and parameters: {'n_estimators': 147, 'max_depth': 16, 'min_samples_split': 10, 'min_samples_leaf': 9}. Best is trial 3 with value: 0.8333333333333333.
[I 2025-05-07 07:34:23,459] Trial 20 finished with value: 0.7333333333333334 and parameters: {'n_estimators': 227, 'max_depth': 20, 'min_samples_split': 7, 'min_samples_leaf': 2}. Best is trial 3 with value: 0.8333333333333333.
[I 2025-05-07 07:34:23,713] Trial 21 finished with value: 0.7499999999999999 and parameters: {'n_estimators': 171, 'max_depth': 3, 'min_samples_split': 8, 'min_samples_leaf': 10}. Best is trial 3 with value: 0.8333333333333333.
[I 2025-05-07 07:34:23,931] Trial 22 finished with value: 0.7833333333333334 and parameters: {'n_estimators': 126, 'max_depth': 5, 'min_samples_split': 8, 'min_samples_leaf': 9}. Best is trial 3 with value: 0.8333333333333333.
[I 2025-05-07 07:34:24,095] Trial 23 finished with value: 0.7666666666666666 and parameters: {'n_estimators': 101, 'max_depth': 5, 'min_samples_split': 9, 'min_samples_leaf': 9}. Best is trial 3 with value: 0.8333333333333333.
[I 2025-05-07 07:34:24,291] Trial 24 finished with value: 0.7666666666666666 and parameters: {'n_estimators': 132, 'max_depth': 8, 'min_samples_split': 6, 'min_samples_leaf': 7}. Best is trial 3 with value: 0.8333333333333333.
[I 2025-05-07 07:34:24,488] Trial 25 finished with value: 0.7333333333333333 and parameters: {'n_estimators': 129, 'max_depth': 10, 'min_samples_split': 7, 'min_samples_leaf': 9}. Best is trial 3 with value: 0.8333333333333333.
[I 2025-05-07 07:34:24,793] Trial 26 finished with value: 0.7500000000000001 and parameters: {'n_estimators': 172, 'max_depth': 6, 'min_samples_split': 9, 'min_samples_leaf': 8}. Best is trial 3 with value: 0.8333333333333333.
[I 2025-05-07 07:34:25,160] Trial 27 finished with value: 0.7666666666666666 and parameters: {'n_estimators': 255, 'max_depth': 4, 'min_samples_split': 8, 'min_samples_leaf': 9}. Best is trial 3 with value: 0.8333333333333333.
[I 2025-05-07 07:34:25,454] Trial 28 finished with value: 0.7333333333333333 and parameters: {'n_estimators': 221, 'max_depth': 12, 'min_samples_split': 5, 'min_samples_leaf': 7}. Best is trial 3 with value: 0.8333333333333333.
[I 2025-05-07 07:34:25,641] Trial 29 finished with value: 0.6833333333333333 and parameters: {'n_estimators': 122, 'max_depth': 3, 'min_samples_split': 7, 'min_samples_leaf': 8}. Best is trial 3 with value: 0.8333333333333333.
[I 2025-05-07 07:34:28,317] A new study created in memory with name: svc
Parámetros guardados en checkpoint_shoppers_Doriginal_Roriginal_C/random/IPC_30/best_models_random_seed_10_space_original/rf_best_params.json


>>> Optuna tuning svc metodo random IPC 30 seed 10


[I 2025-05-07 07:34:30,973] Trial 0 finished with value: 0.6333333333333334 and parameters: {'C': 12.169775677700544, 'gamma': 0.0001210619869143604}. Best is trial 0 with value: 0.6333333333333334.
[I 2025-05-07 07:34:31,086] Trial 1 finished with value: 0.6 and parameters: {'C': 3.4244666391252943, 'gamma': 0.09890438121030057}. Best is trial 0 with value: 0.6333333333333334.
[I 2025-05-07 07:34:31,114] Trial 2 finished with value: 0.6333333333333334 and parameters: {'C': 0.986343187233007, 'gamma': 0.0007928418790139057}. Best is trial 0 with value: 0.6333333333333334.
[I 2025-05-07 07:34:31,128] Trial 3 finished with value: 0.6833333333333333 and parameters: {'C': 0.06197998389259428, 'gamma': 0.11018509458263565}. Best is trial 3 with value: 0.6833333333333333.
[I 2025-05-07 07:34:31,142] Trial 4 finished with value: 0.6333333333333334 and parameters: {'C': 0.047472635881072894, 'gamma': 0.00022561047334047262}. Best is trial 3 with value: 0.6833333333333333.
[I 2025-05-07 07:34:31,155] Trial 5 finished with value: 0.6833333333333333 and parameters: {'C': 5.513651007120872, 'gamma': 0.6509886021509582}. Best is trial 3 with value: 0.6833333333333333.
[I 2025-05-07 07:34:31,169] Trial 6 finished with value: 0.7 and parameters: {'C': 0.01037034167132714, 'gamma': 0.011188427539040417}. Best is trial 6 with value: 0.7.
[I 2025-05-07 07:34:31,183] Trial 7 finished with value: 0.6833333333333333 and parameters: {'C': 17.802616915745116, 'gamma': 0.028190596621909886}. Best is trial 6 with value: 0.7.
[I 2025-05-07 07:34:31,198] Trial 8 finished with value: 0.7166666666666667 and parameters: {'C': 7.709412252614244, 'gamma': 0.0014706328837360426}. Best is trial 8 with value: 0.7166666666666667.
[I 2025-05-07 07:34:31,213] Trial 9 finished with value: 0.6166666666666666 and parameters: {'C': 46.89175530591107, 'gamma': 0.07216109813316289}. Best is trial 8 with value: 0.7166666666666667.
[I 2025-05-07 07:34:31,236] Trial 10 finished with value: 0.6333333333333334 and parameters: {'C': 0.597802927996851, 'gamma': 0.001735073293119027}. Best is trial 8 with value: 0.7166666666666667.
[I 2025-05-07 07:34:31,914] Trial 11 finished with value: 0.6333333333333334 and parameters: {'C': 0.01085274683959106, 'gamma': 0.0038256889767776248}. Best is trial 8 with value: 0.7166666666666667.
[I 2025-05-07 07:34:32,597] Trial 12 finished with value: 0.6833333333333333 and parameters: {'C': 0.27827319387178273, 'gamma': 0.006178038530007327}. Best is trial 8 with value: 0.7166666666666667.
[I 2025-05-07 07:34:32,630] Trial 13 finished with value: 0.6499999999999999 and parameters: {'C': 95.74080554801456, 'gamma': 0.015916995115265193}. Best is trial 8 with value: 0.7166666666666667.
[I 2025-05-07 07:34:32,654] Trial 14 finished with value: 0.6333333333333334 and parameters: {'C': 2.6042425895985066, 'gamma': 0.0006562164354917442}. Best is trial 8 with value: 0.7166666666666667.
[I 2025-05-07 07:34:32,686] Trial 15 finished with value: 0.6333333333333334 and parameters: {'C': 0.22191698765181175, 'gamma': 0.002620225470574799}. Best is trial 8 with value: 0.7166666666666667.
[I 2025-05-07 07:34:32,710] Trial 16 finished with value: 0.6333333333333334 and parameters: {'C': 0.03459396388188684, 'gamma': 0.0005683574905143365}. Best is trial 8 with value: 0.7166666666666667.
[I 2025-05-07 07:34:32,738] Trial 17 finished with value: 0.7 and parameters: {'C': 0.012045949096290167, 'gamma': 0.01241053843191023}. Best is trial 8 with value: 0.7166666666666667.
[I 2025-05-07 07:34:32,770] Trial 18 finished with value: 0.5999999999999999 and parameters: {'C': 0.18187594072837696, 'gamma': 0.35928276352118926}. Best is trial 8 with value: 0.7166666666666667.
[I 2025-05-07 07:34:33,417] Trial 19 finished with value: 0.6833333333333333 and parameters: {'C': 1.7448088332705856, 'gamma': 0.035603523382996875}. Best is trial 8 with value: 0.7166666666666667.
[I 2025-05-07 07:34:34,046] Trial 20 finished with value: 0.6833333333333333 and parameters: {'C': 13.724104490477096, 'gamma': 0.0014620108076200385}. Best is trial 8 with value: 0.7166666666666667.
[I 2025-05-07 07:34:34,070] Trial 21 finished with value: 0.7166666666666666 and parameters: {'C': 0.011358895050886803, 'gamma': 0.008048491543687815}. Best is trial 8 with value: 0.7166666666666667.
[I 2025-05-07 07:34:34,768] Trial 22 finished with value: 0.6833333333333333 and parameters: {'C': 0.02923898558079597, 'gamma': 0.006655011122303979}. Best is trial 8 with value: 0.7166666666666667.
[I 2025-05-07 07:34:34,802] Trial 23 finished with value: 0.7166666666666667 and parameters: {'C': 0.09644746321799823, 'gamma': 0.020193821224730558}. Best is trial 8 with value: 0.7166666666666667.
[I 2025-05-07 07:34:34,826] Trial 24 finished with value: 0.7333333333333334 and parameters: {'C': 0.07588788544242478, 'gamma': 0.03498063874146184}. Best is trial 24 with value: 0.7333333333333334.
[I 2025-05-07 07:34:34,849] Trial 25 finished with value: 0.65 and parameters: {'C': 0.07507129512275182, 'gamma': 0.2442431470806401}. Best is trial 24 with value: 0.7333333333333334.
[I 2025-05-07 07:34:34,870] Trial 26 finished with value: 0.75 and parameters: {'C': 0.12137217506028372, 'gamma': 0.028750289969901654}. Best is trial 26 with value: 0.75.
[I 2025-05-07 07:34:34,892] Trial 27 finished with value: 0.6666666666666666 and parameters: {'C': 0.4664638297614884, 'gamma': 0.05896000165365081}. Best is trial 26 with value: 0.75.
[I 2025-05-07 07:34:34,915] Trial 28 finished with value: 0.7166666666666666 and parameters: {'C': 0.10712705481526932, 'gamma': 0.037555751593909205}. Best is trial 26 with value: 0.75.
[I 2025-05-07 07:34:34,936] Trial 29 finished with value: 0.6333333333333334 and parameters: {'C': 7.963463994981458, 'gamma': 0.0001906630052595581}. Best is trial 26 with value: 0.75.
/data/home/rtabares/anaconda3/envs/pyth3.12/lib/python3.12/site-packages/xgboost/core.py:377: FutureWarning: Your system has an old version of glibc (< 2.28). We will stop supporting Linux distros with glibc older than 2.28 after **May 31, 2025**. Please upgrade to a recent Linux distro (with glibc >= 2.28) to use future versions of XGBoost.
Note: You have installed the 'manylinux2014' variant of XGBoost. Certain features such as GPU algorithms or federated learning are not available. To use these features, please upgrade to a recent Linux distro with glibc 2.28+, and install the 'manylinux_2_28' variant.
  warnings.warn(
[I 2025-05-07 07:34:38,229] A new study created in memory with name: logreg
Parámetros guardados en checkpoint_shoppers_Doriginal_Roriginal_C/random/IPC_30/best_models_random_seed_10_space_original/svc_best_params.json


>>> Optuna tuning logreg metodo random IPC 30 seed 10


[I 2025-05-07 07:34:41,736] Trial 0 finished with value: 0.6499999999999999 and parameters: {'C': 7.187919693377491, 'penalty': 'l2'}. Best is trial 0 with value: 0.6499999999999999.
[I 2025-05-07 07:34:41,957] Trial 1 finished with value: 0.7500000000000001 and parameters: {'C': 0.001269871413621619, 'penalty': 'l2'}. Best is trial 1 with value: 0.7500000000000001.
[I 2025-05-07 07:34:41,973] Trial 2 finished with value: 0.7 and parameters: {'C': 1.473130341598881, 'penalty': 'l2'}. Best is trial 1 with value: 0.7500000000000001.
[I 2025-05-07 07:34:41,986] Trial 3 finished with value: 0.6499999999999999 and parameters: {'C': 5.546505049361991, 'penalty': 'l2'}. Best is trial 1 with value: 0.7500000000000001.
[I 2025-05-07 07:34:41,999] Trial 4 finished with value: 0.7 and parameters: {'C': 0.3108386839260202, 'penalty': 'l2'}. Best is trial 1 with value: 0.7500000000000001.
[I 2025-05-07 07:34:42,012] Trial 5 finished with value: 0.7666666666666667 and parameters: {'C': 0.013304030371488229, 'penalty': 'l2'}. Best is trial 5 with value: 0.7666666666666667.
[I 2025-05-07 07:34:42,025] Trial 6 finished with value: 0.7666666666666667 and parameters: {'C': 0.009779447595326342, 'penalty': 'l2'}. Best is trial 5 with value: 0.7666666666666667.
[I 2025-05-07 07:34:42,059] Trial 7 finished with value: 0.6499999999999999 and parameters: {'C': 6.348243270946395, 'penalty': 'l2'}. Best is trial 5 with value: 0.7666666666666667.
[I 2025-05-07 07:34:42,083] Trial 8 finished with value: 0.7500000000000001 and parameters: {'C': 0.007007356015618789, 'penalty': 'l2'}. Best is trial 5 with value: 0.7666666666666667.
[I 2025-05-07 07:34:42,096] Trial 9 finished with value: 0.7666666666666667 and parameters: {'C': 0.0027650250543326234, 'penalty': 'l2'}. Best is trial 5 with value: 0.7666666666666667.
[I 2025-05-07 07:34:42,115] Trial 10 finished with value: 0.7333333333333333 and parameters: {'C': 0.09397445456508564, 'penalty': 'l2'}. Best is trial 5 with value: 0.7666666666666667.
[I 2025-05-07 07:34:43,099] Trial 11 finished with value: 0.7500000000000001 and parameters: {'C': 0.025767224757152315, 'penalty': 'l2'}. Best is trial 5 with value: 0.7666666666666667.
[I 2025-05-07 07:34:43,986] Trial 12 finished with value: 0.7500000000000001 and parameters: {'C': 0.017875660780870987, 'penalty': 'l2'}. Best is trial 5 with value: 0.7666666666666667.
[I 2025-05-07 07:34:44,004] Trial 13 finished with value: 0.7333333333333333 and parameters: {'C': 0.11417065434320235, 'penalty': 'l2'}. Best is trial 5 with value: 0.7666666666666667.
[I 2025-05-07 07:34:44,023] Trial 14 finished with value: 0.7333333333333333 and parameters: {'C': 0.026747955624913004, 'penalty': 'l2'}. Best is trial 5 with value: 0.7666666666666667.
[I 2025-05-07 07:34:44,055] Trial 15 finished with value: 0.6666666666666667 and parameters: {'C': 48.131239739202094, 'penalty': 'l2'}. Best is trial 5 with value: 0.7666666666666667.
[I 2025-05-07 07:34:44,072] Trial 16 finished with value: 0.7666666666666667 and parameters: {'C': 0.005883150275829298, 'penalty': 'l2'}. Best is trial 5 with value: 0.7666666666666667.
[I 2025-05-07 07:34:44,088] Trial 17 finished with value: 0.7333333333333333 and parameters: {'C': 0.10589588676959188, 'penalty': 'l2'}. Best is trial 5 with value: 0.7666666666666667.
[I 2025-05-07 07:34:44,105] Trial 18 finished with value: 0.7666666666666667 and parameters: {'C': 0.0015398864781445444, 'penalty': 'l2'}. Best is trial 5 with value: 0.7666666666666667.
[I 2025-05-07 07:34:44,133] Trial 19 finished with value: 0.7 and parameters: {'C': 0.7226743423589113, 'penalty': 'l2'}. Best is trial 5 with value: 0.7666666666666667.
[I 2025-05-07 07:34:44,153] Trial 20 finished with value: 0.7500000000000001 and parameters: {'C': 0.007845971217038722, 'penalty': 'l2'}. Best is trial 5 with value: 0.7666666666666667.
[I 2025-05-07 07:34:44,169] Trial 21 finished with value: 0.7666666666666667 and parameters: {'C': 0.0028047881894835967, 'penalty': 'l2'}. Best is trial 5 with value: 0.7666666666666667.
[I 2025-05-07 07:34:44,186] Trial 22 finished with value: 0.7666666666666667 and parameters: {'C': 0.003976899990088889, 'penalty': 'l2'}. Best is trial 5 with value: 0.7666666666666667.
[I 2025-05-07 07:34:44,212] Trial 23 finished with value: 0.7666666666666667 and parameters: {'C': 0.013528717145405614, 'penalty': 'l2'}. Best is trial 5 with value: 0.7666666666666667.
[I 2025-05-07 07:34:45,154] Trial 24 finished with value: 0.7166666666666667 and parameters: {'C': 0.04044821350545839, 'penalty': 'l2'}. Best is trial 5 with value: 0.7666666666666667.
[I 2025-05-07 07:34:45,180] Trial 25 finished with value: 0.7500000000000001 and parameters: {'C': 0.0010845927694870532, 'penalty': 'l2'}. Best is trial 5 with value: 0.7666666666666667.
[I 2025-05-07 07:34:45,197] Trial 26 finished with value: 0.7666666666666667 and parameters: {'C': 0.002492025428587393, 'penalty': 'l2'}. Best is trial 5 with value: 0.7666666666666667.
[I 2025-05-07 07:34:45,213] Trial 27 finished with value: 0.7333333333333333 and parameters: {'C': 0.0665149379182188, 'penalty': 'l2'}. Best is trial 5 with value: 0.7666666666666667.
[I 2025-05-07 07:34:45,230] Trial 28 finished with value: 0.7166666666666667 and parameters: {'C': 0.26478408773276085, 'penalty': 'l2'}. Best is trial 5 with value: 0.7666666666666667.
[I 2025-05-07 07:34:45,246] Trial 29 finished with value: 0.7666666666666667 and parameters: {'C': 0.012277973273964463, 'penalty': 'l2'}. Best is trial 5 with value: 0.7666666666666667.
/data/home/rtabares/anaconda3/envs/pyth3.12/lib/python3.12/site-packages/xgboost/core.py:377: FutureWarning: Your system has an old version of glibc (< 2.28). We will stop supporting Linux distros with glibc older than 2.28 after **May 31, 2025**. Please upgrade to a recent Linux distro (with glibc >= 2.28) to use future versions of XGBoost.
Note: You have installed the 'manylinux2014' variant of XGBoost. Certain features such as GPU algorithms or federated learning are not available. To use these features, please upgrade to a recent Linux distro with glibc 2.28+, and install the 'manylinux_2_28' variant.
  warnings.warn(
[I 2025-05-07 07:34:50,310] A new study created in memory with name: mlp
Parámetros guardados en checkpoint_shoppers_Doriginal_Roriginal_C/random/IPC_30/best_models_random_seed_10_space_original/logreg_best_params.json


>>> Optuna tuning mlp metodo random IPC 30 seed 10


/data/home/rtabares/anaconda3/envs/pyth3.12/lib/python3.12/site-packages/sklearn/neural_network/_multilayer_perceptron.py:691: ConvergenceWarning: Stochastic Optimizer: Maximum iterations (50) reached and the optimization hasn't converged yet.
  warnings.warn(
/data/home/rtabares/anaconda3/envs/pyth3.12/lib/python3.12/site-packages/sklearn/neural_network/_multilayer_perceptron.py:691: ConvergenceWarning: Stochastic Optimizer: Maximum iterations (50) reached and the optimization hasn't converged yet.
  warnings.warn(
/data/home/rtabares/anaconda3/envs/pyth3.12/lib/python3.12/site-packages/sklearn/neural_network/_multilayer_perceptron.py:691: ConvergenceWarning: Stochastic Optimizer: Maximum iterations (50) reached and the optimization hasn't converged yet.
  warnings.warn(
/data/home/rtabares/anaconda3/envs/pyth3.12/lib/python3.12/site-packages/sklearn/neural_network/_multilayer_perceptron.py:691: ConvergenceWarning: Stochastic Optimizer: Maximum iterations (50) reached and the optimization hasn't converged yet.
  warnings.warn(
/data/home/rtabares/anaconda3/envs/pyth3.12/lib/python3.12/site-packages/sklearn/neural_network/_multilayer_perceptron.py:691: ConvergenceWarning: Stochastic Optimizer: Maximum iterations (50) reached and the optimization hasn't converged yet.
  warnings.warn(
[I 2025-05-07 07:34:50,943] Trial 0 finished with value: 0.65 and parameters: {'hidden_layer_sizes': (100,), 'max_iter': 50, 'alpha': 0.0001}. Best is trial 0 with value: 0.65.
/data/home/rtabares/anaconda3/envs/pyth3.12/lib/python3.12/site-packages/sklearn/neural_network/_multilayer_perceptron.py:691: ConvergenceWarning: Stochastic Optimizer: Maximum iterations (100) reached and the optimization hasn't converged yet.
  warnings.warn(
/data/home/rtabares/anaconda3/envs/pyth3.12/lib/python3.12/site-packages/sklearn/neural_network/_multilayer_perceptron.py:691: ConvergenceWarning: Stochastic Optimizer: Maximum iterations (100) reached and the optimization hasn't converged yet.
  warnings.warn(
/data/home/rtabares/anaconda3/envs/pyth3.12/lib/python3.12/site-packages/sklearn/neural_network/_multilayer_perceptron.py:691: ConvergenceWarning: Stochastic Optimizer: Maximum iterations (100) reached and the optimization hasn't converged yet.
  warnings.warn(
/data/home/rtabares/anaconda3/envs/pyth3.12/lib/python3.12/site-packages/sklearn/neural_network/_multilayer_perceptron.py:691: ConvergenceWarning: Stochastic Optimizer: Maximum iterations (100) reached and the optimization hasn't converged yet.
  warnings.warn(
/data/home/rtabares/anaconda3/envs/pyth3.12/lib/python3.12/site-packages/sklearn/neural_network/_multilayer_perceptron.py:691: ConvergenceWarning: Stochastic Optimizer: Maximum iterations (100) reached and the optimization hasn't converged yet.
  warnings.warn(
[I 2025-05-07 07:34:51,021] Trial 1 finished with value: 0.6666666666666667 and parameters: {'hidden_layer_sizes': (100,), 'max_iter': 100, 'alpha': 0.001}. Best is trial 1 with value: 0.6666666666666667.
/data/home/rtabares/anaconda3/envs/pyth3.12/lib/python3.12/site-packages/sklearn/neural_network/_multilayer_perceptron.py:691: ConvergenceWarning: Stochastic Optimizer: Maximum iterations (100) reached and the optimization hasn't converged yet.
  warnings.warn(
/data/home/rtabares/anaconda3/envs/pyth3.12/lib/python3.12/site-packages/sklearn/neural_network/_multilayer_perceptron.py:691: ConvergenceWarning: Stochastic Optimizer: Maximum iterations (100) reached and the optimization hasn't converged yet.
  warnings.warn(
/data/home/rtabares/anaconda3/envs/pyth3.12/lib/python3.12/site-packages/sklearn/neural_network/_multilayer_perceptron.py:691: ConvergenceWarning: Stochastic Optimizer: Maximum iterations (100) reached and the optimization hasn't converged yet.
  warnings.warn(
/data/home/rtabares/anaconda3/envs/pyth3.12/lib/python3.12/site-packages/sklearn/neural_network/_multilayer_perceptron.py:691: ConvergenceWarning: Stochastic Optimizer: Maximum iterations (100) reached and the optimization hasn't converged yet.
  warnings.warn(
/data/home/rtabares/anaconda3/envs/pyth3.12/lib/python3.12/site-packages/sklearn/neural_network/_multilayer_perceptron.py:691: ConvergenceWarning: Stochastic Optimizer: Maximum iterations (100) reached and the optimization hasn't converged yet.
  warnings.warn(
