[I 2025-05-04 17:29:33,430] Trial 15 finished with value: 0.85 and parameters: {'n_estimators': 40, 'max_depth': 20, 'gamma': 0.26185540976317495, 'subsample': 0.5103505624713055, 'colsample_bytree': 0.738937263891694}. Best is trial 4 with value: 0.95.
/data/home/rtabares/anaconda3/envs/pyth3.12/lib/python3.12/site-packages/xgboost/core.py:377: FutureWarning: Your system has an old version of glibc (< 2.28). We will stop supporting Linux distros with glibc older than 2.28 after **May 31, 2025**. Please upgrade to a recent Linux distro (with glibc >= 2.28) to use future versions of XGBoost.
Note: You have installed the 'manylinux2014' variant of XGBoost. Certain features such as GPU algorithms or federated learning are not available. To use these features, please upgrade to a recent Linux distro with glibc 2.28+, and install the 'manylinux_2_28' variant.
  warnings.warn(
[I 2025-05-04 17:29:34,086] Trial 16 finished with value: 0.85 and parameters: {'n_estimators': 40, 'max_depth': 5, 'gamma': 0.5180414147660517, 'subsample': 0.7732795449421657, 'colsample_bytree': 0.8713807319187029}. Best is trial 4 with value: 0.95.
[I 2025-05-04 17:29:34,125] Trial 17 finished with value: 0.9 and parameters: {'n_estimators': 10, 'max_depth': 20, 'gamma': 0.10323500335357708, 'subsample': 0.9189853010429407, 'colsample_bytree': 0.999137622616628}. Best is trial 4 with value: 0.95.
[I 2025-05-04 17:29:34,165] Trial 18 finished with value: 0.85 and parameters: {'n_estimators': 40, 'max_depth': 5, 'gamma': 0.26243906447147763, 'subsample': 0.5665088776762035, 'colsample_bytree': 0.5990994243658605}. Best is trial 4 with value: 0.95.
[I 2025-05-04 17:29:34,205] Trial 19 finished with value: 0.8 and parameters: {'n_estimators': 40, 'max_depth': 30, 'gamma': 0.45979144075181455, 'subsample': 0.7211234371224711, 'colsample_bytree': 0.5056174816589071}. Best is trial 4 with value: 0.95.
[I 2025-05-04 17:29:34,245] Trial 20 finished with value: 0.9 and parameters: {'n_estimators': 10, 'max_depth': 5, 'gamma': 0.312335980355972, 'subsample': 0.6571386500852603, 'colsample_bytree': 0.6941717302365087}. Best is trial 4 with value: 0.95.
[I 2025-05-04 17:29:34,294] Trial 21 finished with value: 0.85 and parameters: {'n_estimators': 100, 'max_depth': 20, 'gamma': 0.7115356664394478, 'subsample': 0.7156614763556457, 'colsample_bytree': 0.801296070374318}. Best is trial 4 with value: 0.95.
[I 2025-05-04 17:29:34,343] Trial 22 finished with value: 0.85 and parameters: {'n_estimators': 100, 'max_depth': 20, 'gamma': 0.5401381788653424, 'subsample': 0.799760816378382, 'colsample_bytree': 0.7810279188195011}. Best is trial 4 with value: 0.95.
[I 2025-05-04 17:29:34,397] Trial 23 finished with value: 0.85 and parameters: {'n_estimators': 100, 'max_depth': 20, 'gamma': 0.6645045800258387, 'subsample': 0.6891037684149027, 'colsample_bytree': 0.7522314740243943}. Best is trial 4 with value: 0.95.
[I 2025-05-04 17:29:34,435] Trial 24 finished with value: 0.9 and parameters: {'n_estimators': 40, 'max_depth': 20, 'gamma': 0.8306300416335302, 'subsample': 0.5939762964092578, 'colsample_bytree': 0.6669774835301037}. Best is trial 4 with value: 0.95.
[I 2025-05-04 17:29:34,488] Trial 25 finished with value: 0.85 and parameters: {'n_estimators': 100, 'max_depth': 20, 'gamma': 0.5046583577029138, 'subsample': 0.7483074000543359, 'colsample_bytree': 0.8521190629515665}. Best is trial 4 with value: 0.95.
[I 2025-05-04 17:29:34,530] Trial 26 finished with value: 0.9 and parameters: {'n_estimators': 40, 'max_depth': 20, 'gamma': 0.19840894493070102, 'subsample': 0.6485824993579045, 'colsample_bytree': 0.7454980295801114}. Best is trial 4 with value: 0.95.
[I 2025-05-04 17:29:34,569] Trial 27 finished with value: 0.95 and parameters: {'n_estimators': 40, 'max_depth': 20, 'gamma': 0.27600066305606064, 'subsample': 0.8932024779564952, 'colsample_bytree': 0.6323944091178614}. Best is trial 4 with value: 0.95.
[I 2025-05-04 17:29:34,608] Trial 28 finished with value: 0.85 and parameters: {'n_estimators': 40, 'max_depth': 30, 'gamma': 0.27322293664359126, 'subsample': 0.8844710580218648, 'colsample_bytree': 0.6253559706948694}. Best is trial 4 with value: 0.95.
[I 2025-05-04 17:29:34,647] Trial 29 finished with value: 0.95 and parameters: {'n_estimators': 40, 'max_depth': 5, 'gamma': 0.11685950540800666, 'subsample': 0.8978008353216569, 'colsample_bytree': 0.5567720981961579}. Best is trial 4 with value: 0.95.
[I 2025-05-04 17:29:37,715] A new study created in memory with name: rf
Parámetros guardados en checkpoint_shoppers_Doriginal_Roriginal/lc/best_models_lc_seed_1/xgb_best_params.json


>>> Optuna tuning rf


[I 2025-05-04 17:29:39,334] Trial 0 finished with value: 0.85 and parameters: {'n_estimators': 267, 'max_depth': 15, 'min_samples_split': 2, 'min_samples_leaf': 4}. Best is trial 0 with value: 0.85.
[I 2025-05-04 17:29:39,686] Trial 1 finished with value: 0.85 and parameters: {'n_estimators': 158, 'max_depth': 4, 'min_samples_split': 3, 'min_samples_leaf': 4}. Best is trial 0 with value: 0.85.
[I 2025-05-04 17:29:40,036] Trial 2 finished with value: 0.5 and parameters: {'n_estimators': 259, 'max_depth': 12, 'min_samples_split': 5, 'min_samples_leaf': 7}. Best is trial 0 with value: 0.85.
[I 2025-05-04 17:29:40,334] Trial 3 finished with value: 0.5 and parameters: {'n_estimators': 181, 'max_depth': 18, 'min_samples_split': 2, 'min_samples_leaf': 7}. Best is trial 0 with value: 0.85.
[I 2025-05-04 17:29:40,629] Trial 4 finished with value: 0.85 and parameters: {'n_estimators': 267, 'max_depth': 13, 'min_samples_split': 3, 'min_samples_leaf': 2}. Best is trial 0 with value: 0.85.
[I 2025-05-04 17:29:41,157] Trial 5 finished with value: 0.5 and parameters: {'n_estimators': 421, 'max_depth': 20, 'min_samples_split': 4, 'min_samples_leaf': 7}. Best is trial 0 with value: 0.85.
[I 2025-05-04 17:29:41,697] Trial 6 finished with value: 0.85 and parameters: {'n_estimators': 451, 'max_depth': 19, 'min_samples_split': 2, 'min_samples_leaf': 1}. Best is trial 0 with value: 0.85.
[I 2025-05-04 17:29:41,945] Trial 7 finished with value: 0.85 and parameters: {'n_estimators': 168, 'max_depth': 18, 'min_samples_split': 2, 'min_samples_leaf': 5}. Best is trial 0 with value: 0.85.
[I 2025-05-04 17:29:42,522] Trial 8 finished with value: 0.9 and parameters: {'n_estimators': 484, 'max_depth': 12, 'min_samples_split': 8, 'min_samples_leaf': 4}. Best is trial 8 with value: 0.9.
[I 2025-05-04 17:29:42,934] Trial 9 finished with value: 0.5 and parameters: {'n_estimators': 375, 'max_depth': 18, 'min_samples_split': 2, 'min_samples_leaf': 8}. Best is trial 8 with value: 0.9.
[I 2025-05-04 17:29:43,522] Trial 10 finished with value: 0.5 and parameters: {'n_estimators': 498, 'max_depth': 8, 'min_samples_split': 9, 'min_samples_leaf': 10}. Best is trial 8 with value: 0.9.
[I 2025-05-04 17:29:44,614] Trial 11 finished with value: 0.9 and parameters: {'n_estimators': 338, 'max_depth': 14, 'min_samples_split': 8, 'min_samples_leaf': 3}. Best is trial 8 with value: 0.9.
[I 2025-05-04 17:29:45,644] Trial 12 finished with value: 0.75 and parameters: {'n_estimators': 349, 'max_depth': 9, 'min_samples_split': 8, 'min_samples_leaf': 3}. Best is trial 8 with value: 0.9.
[I 2025-05-04 17:29:46,815] Trial 13 finished with value: 0.85 and parameters: {'n_estimators': 373, 'max_depth': 15, 'min_samples_split': 7, 'min_samples_leaf': 2}. Best is trial 8 with value: 0.9.
[I 2025-05-04 17:29:47,607] Trial 14 finished with value: 0.85 and parameters: {'n_estimators': 105, 'max_depth': 9, 'min_samples_split': 10, 'min_samples_leaf': 5}. Best is trial 8 with value: 0.9.
[I 2025-05-04 17:29:48,156] Trial 15 finished with value: 0.9 and parameters: {'n_estimators': 491, 'max_depth': 15, 'min_samples_split': 7, 'min_samples_leaf': 3}. Best is trial 8 with value: 0.9.
[I 2025-05-04 17:29:48,568] Trial 16 finished with value: 0.9 and parameters: {'n_estimators': 331, 'max_depth': 6, 'min_samples_split': 6, 'min_samples_leaf': 1}. Best is trial 8 with value: 0.9.
[I 2025-05-04 17:29:49,104] Trial 17 finished with value: 0.85 and parameters: {'n_estimators': 437, 'max_depth': 11, 'min_samples_split': 9, 'min_samples_leaf': 4}. Best is trial 8 with value: 0.9.
[I 2025-05-04 17:29:49,537] Trial 18 finished with value: 0.85 and parameters: {'n_estimators': 403, 'max_depth': 13, 'min_samples_split': 8, 'min_samples_leaf': 6}. Best is trial 8 with value: 0.9.
[I 2025-05-04 17:29:49,912] Trial 19 finished with value: 0.9 and parameters: {'n_estimators': 311, 'max_depth': 16, 'min_samples_split': 10, 'min_samples_leaf': 3}. Best is trial 8 with value: 0.9.
[I 2025-05-04 17:29:50,208] Trial 20 finished with value: 0.5 and parameters: {'n_estimators': 217, 'max_depth': 11, 'min_samples_split': 6, 'min_samples_leaf': 9}. Best is trial 8 with value: 0.9.
[I 2025-05-04 17:29:50,757] Trial 21 finished with value: 0.9 and parameters: {'n_estimators': 467, 'max_depth': 16, 'min_samples_split': 7, 'min_samples_leaf': 3}. Best is trial 8 with value: 0.9.
[I 2025-05-04 17:29:51,278] Trial 22 finished with value: 0.8 and parameters: {'n_estimators': 493, 'max_depth': 14, 'min_samples_split': 8, 'min_samples_leaf': 2}. Best is trial 8 with value: 0.9.
[I 2025-05-04 17:29:51,758] Trial 23 finished with value: 0.9 and parameters: {'n_estimators': 404, 'max_depth': 10, 'min_samples_split': 7, 'min_samples_leaf': 4}. Best is trial 8 with value: 0.9.
[I 2025-05-04 17:29:52,257] Trial 24 finished with value: 0.85 and parameters: {'n_estimators': 470, 'max_depth': 13, 'min_samples_split': 9, 'min_samples_leaf': 5}. Best is trial 8 with value: 0.9.
[I 2025-05-04 17:29:52,699] Trial 25 finished with value: 0.85 and parameters: {'n_estimators': 379, 'max_depth': 16, 'min_samples_split': 6, 'min_samples_leaf': 3}. Best is trial 8 with value: 0.9.
[I 2025-05-04 17:29:53,228] Trial 26 finished with value: 0.9 and parameters: {'n_estimators': 462, 'max_depth': 7, 'min_samples_split': 8, 'min_samples_leaf': 6}. Best is trial 8 with value: 0.9.
[I 2025-05-04 17:29:53,715] Trial 27 finished with value: 0.9 and parameters: {'n_estimators': 416, 'max_depth': 14, 'min_samples_split': 5, 'min_samples_leaf': 2}. Best is trial 8 with value: 0.9.
[I 2025-05-04 17:29:54,281] Trial 28 finished with value: 0.9 and parameters: {'n_estimators': 483, 'max_depth': 12, 'min_samples_split': 7, 'min_samples_leaf': 1}. Best is trial 8 with value: 0.9.
[I 2025-05-04 17:29:54,589] Trial 29 finished with value: 0.85 and parameters: {'n_estimators': 238, 'max_depth': 15, 'min_samples_split': 9, 'min_samples_leaf': 4}. Best is trial 8 with value: 0.9.
[I 2025-05-04 17:29:57,433] A new study created in memory with name: svc
Parámetros guardados en checkpoint_shoppers_Doriginal_Roriginal/lc/best_models_lc_seed_1/rf_best_params.json


>>> Optuna tuning svc


[I 2025-05-04 17:30:00,177] Trial 0 finished with value: 1.0 and parameters: {'C': 0.4656804637919569, 'gamma': 0.07608481233714794}. Best is trial 0 with value: 1.0.
[I 2025-05-04 17:30:00,492] Trial 1 finished with value: 1.0 and parameters: {'C': 0.010010539860510492, 'gamma': 0.0016193110912440748}. Best is trial 0 with value: 1.0.
[I 2025-05-04 17:30:00,507] Trial 2 finished with value: 0.95 and parameters: {'C': 0.03863879405158731, 'gamma': 0.00023407464805767542}. Best is trial 0 with value: 1.0.
[I 2025-05-04 17:30:00,520] Trial 3 finished with value: 1.0 and parameters: {'C': 0.0555956542671257, 'gamma': 0.002411253706147574}. Best is trial 0 with value: 1.0.
[I 2025-05-04 17:30:00,535] Trial 4 finished with value: 1.0 and parameters: {'C': 0.3864291653552654, 'gamma': 0.014297724879798395}. Best is trial 0 with value: 1.0.
[I 2025-05-04 17:30:00,548] Trial 5 finished with value: 1.0 and parameters: {'C': 0.47509237210306143, 'gamma': 0.05506529897945987}. Best is trial 0 with value: 1.0.
[I 2025-05-04 17:30:00,563] Trial 6 finished with value: 0.8 and parameters: {'C': 0.06573686655138336, 'gamma': 0.3254391115088485}. Best is trial 0 with value: 1.0.
[I 2025-05-04 17:30:00,576] Trial 7 finished with value: 1.0 and parameters: {'C': 0.01286916510781503, 'gamma': 0.04806954824961596}. Best is trial 0 with value: 1.0.
[I 2025-05-04 17:30:00,591] Trial 8 finished with value: 1.0 and parameters: {'C': 0.4668949853708895, 'gamma': 0.017169565852473867}. Best is trial 0 with value: 1.0.
[I 2025-05-04 17:30:00,603] Trial 9 finished with value: 0.95 and parameters: {'C': 0.03643743139281253, 'gamma': 0.0006200203677164723}. Best is trial 0 with value: 1.0.
[I 2025-05-04 17:30:00,629] Trial 10 finished with value: 0.8 and parameters: {'C': 35.745293136206676, 'gamma': 0.7480863519855016}. Best is trial 0 with value: 1.0.
[I 2025-05-04 17:30:01,297] Trial 11 finished with value: 1.0 and parameters: {'C': 7.690349019082942, 'gamma': 0.002098484401379481}. Best is trial 0 with value: 1.0.
[I 2025-05-04 17:30:01,335] Trial 12 finished with value: 0.95 and parameters: {'C': 3.0814609829610493, 'gamma': 0.1441319309427975}. Best is trial 0 with value: 1.0.
[I 2025-05-04 17:30:01,984] Trial 13 finished with value: 1.0 and parameters: {'C': 1.6238766176976105, 'gamma': 0.00306334486220239}. Best is trial 0 with value: 1.0.
[I 2025-05-04 17:30:02,007] Trial 14 finished with value: 0.9 and parameters: {'C': 0.010906787156886026, 'gamma': 0.0001311779650345857}. Best is trial 0 with value: 1.0.
[I 2025-05-04 17:30:02,029] Trial 15 finished with value: 1.0 and parameters: {'C': 96.80278171389716, 'gamma': 0.00574730113089107}. Best is trial 0 with value: 1.0.
[I 2025-05-04 17:30:02,052] Trial 16 finished with value: 0.95 and parameters: {'C': 0.17579519104407218, 'gamma': 0.0006439861530183814}. Best is trial 0 with value: 1.0.
[I 2025-05-04 17:30:02,710] Trial 17 finished with value: 1.0 and parameters: {'C': 12.76679633738965, 'gamma': 0.051562719649631945}. Best is trial 0 with value: 1.0.
[I 2025-05-04 17:30:02,734] Trial 18 finished with value: 0.95 and parameters: {'C': 0.16177236519531224, 'gamma': 0.0007812655596095107}. Best is trial 0 with value: 1.0.
[I 2025-05-04 17:30:02,760] Trial 19 finished with value: 1.0 and parameters: {'C': 3.590625199924294, 'gamma': 0.11200294916777365}. Best is trial 0 with value: 1.0.
[I 2025-05-04 17:30:02,785] Trial 20 finished with value: 1.0 and parameters: {'C': 1.2562447440401578, 'gamma': 0.007884143527115759}. Best is trial 0 with value: 1.0.
[I 2025-05-04 17:30:02,805] Trial 21 finished with value: 1.0 and parameters: {'C': 0.02623436208183669, 'gamma': 0.0017701801502140533}. Best is trial 0 with value: 1.0.
[I 2025-05-04 17:30:03,456] Trial 22 finished with value: 1.0 and parameters: {'C': 0.08916411394292482, 'gamma': 0.02303933636887168}. Best is trial 0 with value: 1.0.
[I 2025-05-04 17:30:03,481] Trial 23 finished with value: 1.0 and parameters: {'C': 0.018159943520788677, 'gamma': 0.004736043424679748}. Best is trial 0 with value: 1.0.
[I 2025-05-04 17:30:04,139] Trial 24 finished with value: 0.95 and parameters: {'C': 0.09265492643579856, 'gamma': 0.001135806552689123}. Best is trial 0 with value: 1.0.
[I 2025-05-04 17:30:04,164] Trial 25 finished with value: 0.95 and parameters: {'C': 0.1802632337015746, 'gamma': 0.0004179929745480404}. Best is trial 0 with value: 1.0.
[I 2025-05-04 17:30:04,186] Trial 26 finished with value: 1.0 and parameters: {'C': 0.05647019652631201, 'gamma': 0.003690043040794627}. Best is trial 0 with value: 1.0.
[I 2025-05-04 17:30:04,211] Trial 27 finished with value: 1.0 and parameters: {'C': 0.020080828174787003, 'gamma': 0.02709703333782911}. Best is trial 0 with value: 1.0.
[I 2025-05-04 17:30:04,231] Trial 28 finished with value: 1.0 and parameters: {'C': 0.2823724028952601, 'gamma': 0.008285867231982715}. Best is trial 0 with value: 1.0.
[I 2025-05-04 17:30:04,257] Trial 29 finished with value: 0.95 and parameters: {'C': 0.033767171636083795, 'gamma': 0.0002235548730447523}. Best is trial 0 with value: 1.0.
/data/home/rtabares/anaconda3/envs/pyth3.12/lib/python3.12/site-packages/xgboost/core.py:377: FutureWarning: Your system has an old version of glibc (< 2.28). We will stop supporting Linux distros with glibc older than 2.28 after **May 31, 2025**. Please upgrade to a recent Linux distro (with glibc >= 2.28) to use future versions of XGBoost.
Note: You have installed the 'manylinux2014' variant of XGBoost. Certain features such as GPU algorithms or federated learning are not available. To use these features, please upgrade to a recent Linux distro with glibc 2.28+, and install the 'manylinux_2_28' variant.
  warnings.warn(
[I 2025-05-04 17:30:06,064] A new study created in memory with name: logreg
[I 2025-05-04 17:30:06,087] Trial 0 finished with value: 1.0 and parameters: {'C': 0.12164941464151847, 'penalty': 'l2'}. Best is trial 0 with value: 1.0.
Parámetros guardados en checkpoint_shoppers_Doriginal_Roriginal/lc/best_models_lc_seed_1/svc_best_params.json


>>> Optuna tuning logreg


[I 2025-05-04 17:30:08,962] Trial 1 finished with value: 1.0 and parameters: {'C': 3.9959722831350617, 'penalty': 'l2'}. Best is trial 0 with value: 1.0.
[I 2025-05-04 17:30:09,278] Trial 2 finished with value: 1.0 and parameters: {'C': 0.0010013176560941261, 'penalty': 'l2'}. Best is trial 0 with value: 1.0.
[I 2025-05-04 17:30:09,294] Trial 3 finished with value: 1.0 and parameters: {'C': 0.0324835034508668, 'penalty': 'l2'}. Best is trial 0 with value: 1.0.
[I 2025-05-04 17:30:09,308] Trial 4 finished with value: 1.0 and parameters: {'C': 0.005417257182767969, 'penalty': 'l2'}. Best is trial 0 with value: 1.0.
[I 2025-05-04 17:30:09,322] Trial 5 finished with value: 1.0 and parameters: {'C': 0.0028952960233492846, 'penalty': 'l2'}. Best is trial 0 with value: 1.0.
[I 2025-05-04 17:30:09,336] Trial 6 finished with value: 1.0 and parameters: {'C': 0.008536916958038761, 'penalty': 'l2'}. Best is trial 0 with value: 1.0.
[I 2025-05-04 17:30:09,351] Trial 7 finished with value: 1.0 and parameters: {'C': 0.053432271255941216, 'penalty': 'l2'}. Best is trial 0 with value: 1.0.
[I 2025-05-04 17:30:09,365] Trial 8 finished with value: 1.0 and parameters: {'C': 0.09634681692624379, 'penalty': 'l2'}. Best is trial 0 with value: 1.0.
[I 2025-05-04 17:30:09,390] Trial 9 finished with value: 1.0 and parameters: {'C': 0.4944059287398678, 'penalty': 'l2'}. Best is trial 0 with value: 1.0.
[I 2025-05-04 17:30:09,420] Trial 10 finished with value: 1.0 and parameters: {'C': 67.90603441874381, 'penalty': 'l2'}. Best is trial 0 with value: 1.0.
[I 2025-05-04 17:30:09,451] Trial 11 finished with value: 1.0 and parameters: {'C': 1.5000651743034545, 'penalty': 'l2'}. Best is trial 0 with value: 1.0.
[I 2025-05-04 17:30:10,119] Trial 12 finished with value: 1.0 and parameters: {'C': 4.98132666038985, 'penalty': 'l2'}. Best is trial 0 with value: 1.0.
[I 2025-05-04 17:30:10,153] Trial 13 finished with value: 1.0 and parameters: {'C': 17.958868059365482, 'penalty': 'l2'}. Best is trial 0 with value: 1.0.
[I 2025-05-04 17:30:10,791] Trial 14 finished with value: 1.0 and parameters: {'C': 0.7834551690523107, 'penalty': 'l2'}. Best is trial 0 with value: 1.0.
[I 2025-05-04 17:30:10,822] Trial 15 finished with value: 1.0 and parameters: {'C': 2.8130508534049774, 'penalty': 'l2'}. Best is trial 0 with value: 1.0.
[I 2025-05-04 17:30:11,469] Trial 16 finished with value: 1.0 and parameters: {'C': 0.18837297997959032, 'penalty': 'l2'}. Best is trial 0 with value: 1.0.
[I 2025-05-04 17:30:11,502] Trial 17 finished with value: 1.0 and parameters: {'C': 8.322569538423023, 'penalty': 'l2'}. Best is trial 0 with value: 1.0.
[I 2025-05-04 17:30:11,534] Trial 18 finished with value: 1.0 and parameters: {'C': 20.652358488710465, 'penalty': 'l2'}. Best is trial 0 with value: 1.0.
[I 2025-05-04 17:30:11,554] Trial 19 finished with value: 1.0 and parameters: {'C': 0.01939529327574571, 'penalty': 'l2'}. Best is trial 0 with value: 1.0.
[I 2025-05-04 17:30:11,573] Trial 20 finished with value: 1.0 and parameters: {'C': 0.23218993614709957, 'penalty': 'l2'}. Best is trial 0 with value: 1.0.
[I 2025-05-04 17:30:11,600] Trial 21 finished with value: 1.0 and parameters: {'C': 0.0010815737028580233, 'penalty': 'l2'}. Best is trial 0 with value: 1.0.
[I 2025-05-04 17:30:11,622] Trial 22 finished with value: 1.0 and parameters: {'C': 0.0016117932869609407, 'penalty': 'l2'}. Best is trial 0 with value: 1.0.
[I 2025-05-04 17:30:12,245] Trial 23 finished with value: 1.0 and parameters: {'C': 83.96510918413826, 'penalty': 'l2'}. Best is trial 0 with value: 1.0.
[I 2025-05-04 17:30:12,894] Trial 24 finished with value: 1.0 and parameters: {'C': 0.014027796844369594, 'penalty': 'l2'}. Best is trial 0 with value: 1.0.
[I 2025-05-04 17:30:12,914] Trial 25 finished with value: 1.0 and parameters: {'C': 0.9536496429602769, 'penalty': 'l2'}. Best is trial 0 with value: 1.0.
[I 2025-05-04 17:30:12,944] Trial 26 finished with value: 1.0 and parameters: {'C': 0.10863256313448341, 'penalty': 'l2'}. Best is trial 0 with value: 1.0.
[I 2025-05-04 17:30:12,974] Trial 27 finished with value: 1.0 and parameters: {'C': 2.4112681115548007, 'penalty': 'l2'}. Best is trial 0 with value: 1.0.
[I 2025-05-04 17:30:13,007] Trial 28 finished with value: 1.0 and parameters: {'C': 18.094497892470756, 'penalty': 'l2'}. Best is trial 0 with value: 1.0.
