[I 2025-05-07 07:36:50,921] Trial 11 finished with value: 0.8333333333333334 and parameters: {'n_estimators': 10, 'max_depth': 20, 'gamma': 0.7413876747480078, 'subsample': 0.7228943195318571, 'colsample_bytree': 0.7056180567929218}. Best is trial 11 with value: 0.8333333333333334.
/data/home/rtabares/anaconda3/envs/pyth3.12/lib/python3.12/site-packages/xgboost/core.py:377: FutureWarning: Your system has an old version of glibc (< 2.28). We will stop supporting Linux distros with glibc older than 2.28 after **May 31, 2025**. Please upgrade to a recent Linux distro (with glibc >= 2.28) to use future versions of XGBoost.
Note: You have installed the 'manylinux2014' variant of XGBoost. Certain features such as GPU algorithms or federated learning are not available. To use these features, please upgrade to a recent Linux distro with glibc 2.28+, and install the 'manylinux_2_28' variant.
  warnings.warn(
/data/home/rtabares/anaconda3/envs/pyth3.12/lib/python3.12/site-packages/xgboost/core.py:377: FutureWarning: Your system has an old version of glibc (< 2.28). We will stop supporting Linux distros with glibc older than 2.28 after **May 31, 2025**. Please upgrade to a recent Linux distro (with glibc >= 2.28) to use future versions of XGBoost.
Note: You have installed the 'manylinux2014' variant of XGBoost. Certain features such as GPU algorithms or federated learning are not available. To use these features, please upgrade to a recent Linux distro with glibc 2.28+, and install the 'manylinux_2_28' variant.
  warnings.warn(
/data/home/rtabares/anaconda3/envs/pyth3.12/lib/python3.12/site-packages/xgboost/core.py:377: FutureWarning: Your system has an old version of glibc (< 2.28). We will stop supporting Linux distros with glibc older than 2.28 after **May 31, 2025**. Please upgrade to a recent Linux distro (with glibc >= 2.28) to use future versions of XGBoost.
Note: You have installed the 'manylinux2014' variant of XGBoost. Certain features such as GPU algorithms or federated learning are not available. To use these features, please upgrade to a recent Linux distro with glibc 2.28+, and install the 'manylinux_2_28' variant.
  warnings.warn(
/data/home/rtabares/anaconda3/envs/pyth3.12/lib/python3.12/site-packages/xgboost/core.py:377: FutureWarning: Your system has an old version of glibc (< 2.28). We will stop supporting Linux distros with glibc older than 2.28 after **May 31, 2025**. Please upgrade to a recent Linux distro (with glibc >= 2.28) to use future versions of XGBoost.
Note: You have installed the 'manylinux2014' variant of XGBoost. Certain features such as GPU algorithms or federated learning are not available. To use these features, please upgrade to a recent Linux distro with glibc 2.28+, and install the 'manylinux_2_28' variant.
  warnings.warn(
[I 2025-05-07 07:36:51,657] Trial 12 finished with value: 0.8333333333333334 and parameters: {'n_estimators': 10, 'max_depth': 20, 'gamma': 0.791096128508133, 'subsample': 0.670803437791442, 'colsample_bytree': 0.6635519133156701}. Best is trial 11 with value: 0.8333333333333334.
[I 2025-05-07 07:36:51,695] Trial 13 finished with value: 0.85 and parameters: {'n_estimators': 10, 'max_depth': 20, 'gamma': 0.7949456040095784, 'subsample': 0.8533817474974625, 'colsample_bytree': 0.6416174684159769}. Best is trial 13 with value: 0.85.
[I 2025-05-07 07:36:51,734] Trial 14 finished with value: 0.8 and parameters: {'n_estimators': 40, 'max_depth': 20, 'gamma': 0.9908421907704468, 'subsample': 0.8561095988789469, 'colsample_bytree': 0.7679020684840685}. Best is trial 13 with value: 0.85.
[I 2025-05-07 07:36:51,773] Trial 15 finished with value: 0.85 and parameters: {'n_estimators': 10, 'max_depth': 20, 'gamma': 0.7763479440894797, 'subsample': 0.8563587123841867, 'colsample_bytree': 0.621450717108027}. Best is trial 13 with value: 0.85.
[I 2025-05-07 07:36:51,811] Trial 16 finished with value: 0.85 and parameters: {'n_estimators': 10, 'max_depth': 20, 'gamma': 0.8351397037818249, 'subsample': 0.8648606940373701, 'colsample_bytree': 0.6124796958220945}. Best is trial 13 with value: 0.85.
[I 2025-05-07 07:36:51,851] Trial 17 finished with value: 0.75 and parameters: {'n_estimators': 40, 'max_depth': 20, 'gamma': 0.39430010007447086, 'subsample': 0.9671956898813745, 'colsample_bytree': 0.5139902246994339}. Best is trial 13 with value: 0.85.
[I 2025-05-07 07:36:51,889] Trial 18 finished with value: 0.8333333333333333 and parameters: {'n_estimators': 10, 'max_depth': 20, 'gamma': 0.4745504261995954, 'subsample': 0.8231580234593561, 'colsample_bytree': 0.6226371191646228}. Best is trial 13 with value: 0.85.
[I 2025-05-07 07:36:51,927] Trial 19 finished with value: 0.85 and parameters: {'n_estimators': 10, 'max_depth': 20, 'gamma': 0.8307696629873653, 'subsample': 0.9228058314632863, 'colsample_bytree': 0.6153911734260218}. Best is trial 13 with value: 0.85.
[I 2025-05-07 07:36:51,969] Trial 20 finished with value: 0.85 and parameters: {'n_estimators': 10, 'max_depth': 20, 'gamma': 0.999986136143643, 'subsample': 0.9226542252139847, 'colsample_bytree': 0.7696027650492937}. Best is trial 13 with value: 0.85.
[I 2025-05-07 07:36:52,009] Trial 21 finished with value: 0.8666666666666668 and parameters: {'n_estimators': 10, 'max_depth': 20, 'gamma': 0.8366071388741637, 'subsample': 0.8172763891965527, 'colsample_bytree': 0.5934056872392283}. Best is trial 21 with value: 0.8666666666666668.
[I 2025-05-07 07:36:52,058] Trial 22 finished with value: 0.8666666666666668 and parameters: {'n_estimators': 10, 'max_depth': 20, 'gamma': 0.7364358349874769, 'subsample': 0.8126257465968576, 'colsample_bytree': 0.5094254966479854}. Best is trial 21 with value: 0.8666666666666668.
[I 2025-05-07 07:36:52,092] Trial 23 finished with value: 0.85 and parameters: {'n_estimators': 10, 'max_depth': 20, 'gamma': 0.6989383179671194, 'subsample': 0.7957072594087832, 'colsample_bytree': 0.5020644531296843}. Best is trial 21 with value: 0.8666666666666668.
[I 2025-05-07 07:36:52,125] Trial 24 finished with value: 0.85 and parameters: {'n_estimators': 10, 'max_depth': 20, 'gamma': 0.8865710807728863, 'subsample': 0.8079754126842251, 'colsample_bytree': 0.5758227329510073}. Best is trial 21 with value: 0.8666666666666668.
[I 2025-05-07 07:36:52,162] Trial 25 finished with value: 0.8 and parameters: {'n_estimators': 40, 'max_depth': 20, 'gamma': 0.6824830953031138, 'subsample': 0.9180351752504451, 'colsample_bytree': 0.5369466381344319}. Best is trial 21 with value: 0.8666666666666668.
[I 2025-05-07 07:36:52,201] Trial 26 finished with value: 0.8166666666666668 and parameters: {'n_estimators': 10, 'max_depth': 20, 'gamma': 0.8269141994752636, 'subsample': 0.7047832282297309, 'colsample_bytree': 0.5968766043582573}. Best is trial 21 with value: 0.8666666666666668.
[I 2025-05-07 07:36:52,239] Trial 27 finished with value: 0.8666666666666668 and parameters: {'n_estimators': 10, 'max_depth': 20, 'gamma': 0.9160714033758408, 'subsample': 0.8297320832175907, 'colsample_bytree': 0.503450999269711}. Best is trial 21 with value: 0.8666666666666668.
[I 2025-05-07 07:36:52,280] Trial 28 finished with value: 0.8333333333333333 and parameters: {'n_estimators': 10, 'max_depth': 5, 'gamma': 0.93021739830728, 'subsample': 0.7751978792251658, 'colsample_bytree': 0.5047469062175178}. Best is trial 21 with value: 0.8666666666666668.
[I 2025-05-07 07:36:52,331] Trial 29 finished with value: 0.7833333333333333 and parameters: {'n_estimators': 40, 'max_depth': 30, 'gamma': 0.9018583893728023, 'subsample': 0.8951460130184079, 'colsample_bytree': 0.5397482957699067}. Best is trial 21 with value: 0.8666666666666668.
[I 2025-05-07 07:36:54,211] A new study created in memory with name: rf
Parámetros guardados en checkpoint_shoppers_Doriginal_Roriginal_C/random/IPC_30/best_models_random_seed_13_space_original/xgb_best_params.json


>>> Optuna tuning rf metodo random IPC 30 seed 13


[I 2025-05-07 07:36:57,269] Trial 0 finished with value: 0.8166666666666667 and parameters: {'n_estimators': 411, 'max_depth': 7, 'min_samples_split': 9, 'min_samples_leaf': 10}. Best is trial 0 with value: 0.8166666666666667.
[I 2025-05-07 07:36:57,999] Trial 1 finished with value: 0.7999999999999999 and parameters: {'n_estimators': 490, 'max_depth': 11, 'min_samples_split': 7, 'min_samples_leaf': 8}. Best is trial 0 with value: 0.8166666666666667.
[I 2025-05-07 07:36:58,472] Trial 2 finished with value: 0.7666666666666667 and parameters: {'n_estimators': 357, 'max_depth': 15, 'min_samples_split': 2, 'min_samples_leaf': 3}. Best is trial 0 with value: 0.8166666666666667.
[I 2025-05-07 07:36:58,701] Trial 3 finished with value: 0.7333333333333334 and parameters: {'n_estimators': 123, 'max_depth': 18, 'min_samples_split': 5, 'min_samples_leaf': 7}. Best is trial 0 with value: 0.8166666666666667.
[I 2025-05-07 07:36:59,014] Trial 4 finished with value: 0.7166666666666667 and parameters: {'n_estimators': 202, 'max_depth': 9, 'min_samples_split': 2, 'min_samples_leaf': 4}. Best is trial 0 with value: 0.8166666666666667.
[I 2025-05-07 07:36:59,534] Trial 5 finished with value: 0.8166666666666667 and parameters: {'n_estimators': 480, 'max_depth': 6, 'min_samples_split': 4, 'min_samples_leaf': 10}. Best is trial 0 with value: 0.8166666666666667.
[I 2025-05-07 07:36:59,740] Trial 6 finished with value: 0.8 and parameters: {'n_estimators': 112, 'max_depth': 4, 'min_samples_split': 7, 'min_samples_leaf': 9}. Best is trial 0 with value: 0.8166666666666667.
[I 2025-05-07 07:36:59,969] Trial 7 finished with value: 0.7833333333333332 and parameters: {'n_estimators': 103, 'max_depth': 16, 'min_samples_split': 9, 'min_samples_leaf': 1}. Best is trial 0 with value: 0.8166666666666667.
[I 2025-05-07 07:37:00,476] Trial 8 finished with value: 0.8 and parameters: {'n_estimators': 363, 'max_depth': 12, 'min_samples_split': 6, 'min_samples_leaf': 10}. Best is trial 0 with value: 0.8166666666666667.
[I 2025-05-07 07:37:00,623] Trial 9 finished with value: 0.7666666666666666 and parameters: {'n_estimators': 100, 'max_depth': 7, 'min_samples_split': 8, 'min_samples_leaf': 4}. Best is trial 0 with value: 0.8166666666666667.
[I 2025-05-07 07:37:01,121] Trial 10 finished with value: 0.7833333333333333 and parameters: {'n_estimators': 419, 'max_depth': 4, 'min_samples_split': 10, 'min_samples_leaf': 6}. Best is trial 0 with value: 0.8166666666666667.
[I 2025-05-07 07:37:02,329] Trial 11 finished with value: 0.7999999999999999 and parameters: {'n_estimators': 483, 'max_depth': 7, 'min_samples_split': 4, 'min_samples_leaf': 10}. Best is trial 0 with value: 0.8166666666666667.
[I 2025-05-07 07:37:02,793] Trial 12 finished with value: 0.8 and parameters: {'n_estimators': 421, 'max_depth': 3, 'min_samples_split': 4, 'min_samples_leaf': 8}. Best is trial 0 with value: 0.8166666666666667.
[I 2025-05-07 07:37:03,823] Trial 13 finished with value: 0.8333333333333333 and parameters: {'n_estimators': 288, 'max_depth': 7, 'min_samples_split': 10, 'min_samples_leaf': 10}. Best is trial 13 with value: 0.8333333333333333.
[I 2025-05-07 07:37:04,159] Trial 14 finished with value: 0.8333333333333333 and parameters: {'n_estimators': 258, 'max_depth': 10, 'min_samples_split': 10, 'min_samples_leaf': 8}. Best is trial 13 with value: 0.8333333333333333.
[I 2025-05-07 07:37:04,454] Trial 15 finished with value: 0.8 and parameters: {'n_estimators': 259, 'max_depth': 11, 'min_samples_split': 10, 'min_samples_leaf': 8}. Best is trial 13 with value: 0.8333333333333333.
[I 2025-05-07 07:37:04,773] Trial 16 finished with value: 0.75 and parameters: {'n_estimators': 269, 'max_depth': 13, 'min_samples_split': 9, 'min_samples_leaf': 6}. Best is trial 13 with value: 0.8333333333333333.
[I 2025-05-07 07:37:05,006] Trial 17 finished with value: 0.7833333333333333 and parameters: {'n_estimators': 199, 'max_depth': 20, 'min_samples_split': 10, 'min_samples_leaf': 7}. Best is trial 13 with value: 0.8333333333333333.
[I 2025-05-07 07:37:05,372] Trial 18 finished with value: 0.8333333333333333 and parameters: {'n_estimators': 312, 'max_depth': 9, 'min_samples_split': 8, 'min_samples_leaf': 9}. Best is trial 13 with value: 0.8333333333333333.
[I 2025-05-07 07:37:05,644] Trial 19 finished with value: 0.7833333333333333 and parameters: {'n_estimators': 206, 'max_depth': 9, 'min_samples_split': 8, 'min_samples_leaf': 9}. Best is trial 13 with value: 0.8333333333333333.
[I 2025-05-07 07:37:06,053] Trial 20 finished with value: 0.8 and parameters: {'n_estimators': 307, 'max_depth': 14, 'min_samples_split': 10, 'min_samples_leaf': 7}. Best is trial 13 with value: 0.8333333333333333.
[I 2025-05-07 07:37:06,419] Trial 21 finished with value: 0.8166666666666667 and parameters: {'n_estimators': 311, 'max_depth': 9, 'min_samples_split': 8, 'min_samples_leaf': 9}. Best is trial 13 with value: 0.8333333333333333.
[I 2025-05-07 07:37:06,716] Trial 22 finished with value: 0.8166666666666667 and parameters: {'n_estimators': 249, 'max_depth': 10, 'min_samples_split': 9, 'min_samples_leaf': 9}. Best is trial 13 with value: 0.8333333333333333.
[I 2025-05-07 07:37:07,146] Trial 23 finished with value: 0.8166666666666667 and parameters: {'n_estimators': 348, 'max_depth': 6, 'min_samples_split': 7, 'min_samples_leaf': 8}. Best is trial 13 with value: 0.8333333333333333.
[I 2025-05-07 07:37:07,448] Trial 24 finished with value: 0.7500000000000001 and parameters: {'n_estimators': 230, 'max_depth': 9, 'min_samples_split': 8, 'min_samples_leaf': 9}. Best is trial 13 with value: 0.8333333333333333.
[I 2025-05-07 07:37:07,824] Trial 25 finished with value: 0.8166666666666667 and parameters: {'n_estimators': 328, 'max_depth': 12, 'min_samples_split': 9, 'min_samples_leaf': 5}. Best is trial 13 with value: 0.8333333333333333.
[I 2025-05-07 07:37:08,151] Trial 26 finished with value: 0.8166666666666667 and parameters: {'n_estimators': 282, 'max_depth': 8, 'min_samples_split': 10, 'min_samples_leaf': 10}. Best is trial 13 with value: 0.8333333333333333.
[I 2025-05-07 07:37:08,386] Trial 27 finished with value: 0.8166666666666667 and parameters: {'n_estimators': 160, 'max_depth': 5, 'min_samples_split': 6, 'min_samples_leaf': 7}. Best is trial 13 with value: 0.8333333333333333.
[I 2025-05-07 07:37:08,834] Trial 28 finished with value: 0.8499999999999999 and parameters: {'n_estimators': 379, 'max_depth': 10, 'min_samples_split': 9, 'min_samples_leaf': 8}. Best is trial 28 with value: 0.8499999999999999.
[I 2025-05-07 07:37:09,283] Trial 29 finished with value: 0.8 and parameters: {'n_estimators': 381, 'max_depth': 11, 'min_samples_split': 9, 'min_samples_leaf': 8}. Best is trial 28 with value: 0.8499999999999999.
[I 2025-05-07 07:37:12,495] A new study created in memory with name: svc
Parámetros guardados en checkpoint_shoppers_Doriginal_Roriginal_C/random/IPC_30/best_models_random_seed_13_space_original/rf_best_params.json


>>> Optuna tuning svc metodo random IPC 30 seed 13


[I 2025-05-07 07:37:14,863] Trial 0 finished with value: 0.75 and parameters: {'C': 12.906534370951148, 'gamma': 0.0008915893662822518}. Best is trial 0 with value: 0.75.
[I 2025-05-07 07:37:14,976] Trial 1 finished with value: 0.4833333333333334 and parameters: {'C': 19.82047830665628, 'gamma': 0.7294521222846944}. Best is trial 0 with value: 0.75.
[I 2025-05-07 07:37:14,993] Trial 2 finished with value: 0.7000000000000001 and parameters: {'C': 77.69703672346073, 'gamma': 0.006513238624874974}. Best is trial 0 with value: 0.75.
[I 2025-05-07 07:37:15,018] Trial 3 finished with value: 0.6666666666666666 and parameters: {'C': 2.7300452851597896, 'gamma': 0.12650452445984411}. Best is trial 0 with value: 0.75.
[I 2025-05-07 07:37:15,032] Trial 4 finished with value: 0.7 and parameters: {'C': 3.685134802727353, 'gamma': 0.07728103291008413}. Best is trial 0 with value: 0.75.
[I 2025-05-07 07:37:15,045] Trial 5 finished with value: 0.55 and parameters: {'C': 0.013808487031636224, 'gamma': 0.0015624203381293487}. Best is trial 0 with value: 0.75.
[I 2025-05-07 07:37:15,059] Trial 6 finished with value: 0.6666666666666666 and parameters: {'C': 0.017141545173298363, 'gamma': 0.26806725694092975}. Best is trial 0 with value: 0.75.
[I 2025-05-07 07:37:15,074] Trial 7 finished with value: 0.75 and parameters: {'C': 0.31003884583794555, 'gamma': 0.05240730249616324}. Best is trial 0 with value: 0.75.
[I 2025-05-07 07:37:15,089] Trial 8 finished with value: 0.55 and parameters: {'C': 0.10595459537267604, 'gamma': 0.0024565457719952486}. Best is trial 0 with value: 0.75.
[I 2025-05-07 07:37:15,102] Trial 9 finished with value: 0.55 and parameters: {'C': 0.010905638066174235, 'gamma': 0.002712283805087275}. Best is trial 0 with value: 0.75.
[I 2025-05-07 07:37:15,126] Trial 10 finished with value: 0.6 and parameters: {'C': 15.39432534032032, 'gamma': 0.0002374500679371625}. Best is trial 0 with value: 0.75.
[I 2025-05-07 07:37:15,797] Trial 11 finished with value: 0.7 and parameters: {'C': 0.3546109642279408, 'gamma': 0.025310204165289698}. Best is trial 0 with value: 0.75.
[I 2025-05-07 07:37:16,426] Trial 12 finished with value: 0.55 and parameters: {'C': 0.2080286697204277, 'gamma': 0.00010117505737044157}. Best is trial 0 with value: 0.75.
[I 2025-05-07 07:37:16,450] Trial 13 finished with value: 0.55 and parameters: {'C': 1.1381386258737731, 'gamma': 0.0005622580276912231}. Best is trial 0 with value: 0.75.
[I 2025-05-07 07:37:16,471] Trial 14 finished with value: 0.6666666666666667 and parameters: {'C': 0.062206128064001255, 'gamma': 0.015754950364590504}. Best is trial 0 with value: 0.75.
[I 2025-05-07 07:37:16,497] Trial 15 finished with value: 0.75 and parameters: {'C': 0.7157867688728657, 'gamma': 0.04215569711539167}. Best is trial 0 with value: 0.75.
[I 2025-05-07 07:37:16,519] Trial 16 finished with value: 0.7666666666666667 and parameters: {'C': 9.182882177948027, 'gamma': 0.006033520374046097}. Best is trial 16 with value: 0.7666666666666667.
[I 2025-05-07 07:37:16,550] Trial 17 finished with value: 0.75 and parameters: {'C': 15.13765732764986, 'gamma': 0.000764284018863368}. Best is trial 16 with value: 0.7666666666666667.
[I 2025-05-07 07:37:16,572] Trial 18 finished with value: 0.7166666666666667 and parameters: {'C': 72.40552979438436, 'gamma': 0.004715605941403396}. Best is trial 16 with value: 0.7666666666666667.
[I 2025-05-07 07:37:17,251] Trial 19 finished with value: 0.55 and parameters: {'C': 4.1797028388235455, 'gamma': 0.0004823842926502548}. Best is trial 16 with value: 0.7666666666666667.
[I 2025-05-07 07:37:17,285] Trial 20 finished with value: 0.7333333333333334 and parameters: {'C': 33.07431015157277, 'gamma': 0.011429212817962539}. Best is trial 16 with value: 0.7666666666666667.
[I 2025-05-07 07:37:17,946] Trial 21 finished with value: 0.6833333333333333 and parameters: {'C': 6.101359043431504, 'gamma': 0.038314866384741006}. Best is trial 16 with value: 0.7666666666666667.
[I 2025-05-07 07:37:18,599] Trial 22 finished with value: 0.55 and parameters: {'C': 1.2415773427729722, 'gamma': 0.001285933682951665}. Best is trial 16 with value: 0.7666666666666667.
[I 2025-05-07 07:37:18,625] Trial 23 finished with value: 0.7666666666666667 and parameters: {'C': 8.59166097166438, 'gamma': 0.005604021208139531}. Best is trial 16 with value: 0.7666666666666667.
[I 2025-05-07 07:37:18,657] Trial 24 finished with value: 0.8 and parameters: {'C': 6.9387606543772185, 'gamma': 0.00572409506078344}. Best is trial 24 with value: 0.8.
[I 2025-05-07 07:37:18,679] Trial 25 finished with value: 0.7666666666666667 and parameters: {'C': 7.107048267054107, 'gamma': 0.007519270809060161}. Best is trial 24 with value: 0.8.
[I 2025-05-07 07:37:18,702] Trial 26 finished with value: 0.7 and parameters: {'C': 2.008211744022267, 'gamma': 0.0037168826010674956}. Best is trial 24 with value: 0.8.
[I 2025-05-07 07:37:18,724] Trial 27 finished with value: 0.7333333333333334 and parameters: {'C': 28.525973212421935, 'gamma': 0.013943011566272827}. Best is trial 24 with value: 0.8.
[I 2025-05-07 07:37:18,759] Trial 28 finished with value: 0.75 and parameters: {'C': 6.335526746543717, 'gamma': 0.002032359092341712}. Best is trial 24 with value: 0.8.
[I 2025-05-07 07:37:18,795] Trial 29 finished with value: 0.7166666666666667 and parameters: {'C': 30.00145518034364, 'gamma': 0.024454883314217208}. Best is trial 24 with value: 0.8.
[I 2025-05-07 07:37:21,230] A new study created in memory with name: logreg
Parámetros guardados en checkpoint_shoppers_Doriginal_Roriginal_C/random/IPC_30/best_models_random_seed_13_space_original/svc_best_params.json


>>> Optuna tuning logreg metodo random IPC 30 seed 13


[I 2025-05-07 07:37:23,857] Trial 0 finished with value: 0.7666666666666666 and parameters: {'C': 7.7359214779170316, 'penalty': 'l2'}. Best is trial 0 with value: 0.7666666666666666.
[I 2025-05-07 07:37:23,969] Trial 1 finished with value: 0.7333333333333333 and parameters: {'C': 0.01540657491934492, 'penalty': 'l2'}. Best is trial 0 with value: 0.7666666666666666.
[I 2025-05-07 07:37:23,996] Trial 2 finished with value: 0.7666666666666666 and parameters: {'C': 13.224908115384679, 'penalty': 'l2'}. Best is trial 0 with value: 0.7666666666666666.
[I 2025-05-07 07:37:24,021] Trial 3 finished with value: 0.75 and parameters: {'C': 67.41336256721989, 'penalty': 'l2'}. Best is trial 0 with value: 0.7666666666666666.
[I 2025-05-07 07:37:24,046] Trial 4 finished with value: 0.75 and parameters: {'C': 72.94668650994286, 'penalty': 'l2'}. Best is trial 0 with value: 0.7666666666666666.
[I 2025-05-07 07:37:24,071] Trial 5 finished with value: 0.75 and parameters: {'C': 0.18503174180082116, 'penalty': 'l2'}. Best is trial 0 with value: 0.7666666666666666.
[I 2025-05-07 07:37:24,096] Trial 6 finished with value: 0.7166666666666667 and parameters: {'C': 1.1097171907910122, 'penalty': 'l2'}. Best is trial 0 with value: 0.7666666666666666.
