[I 2025-05-04 17:39:45,750] Trial 8 finished with value: 0.7 and parameters: {'n_estimators': 462, 'max_depth': 18, 'min_samples_split': 5, 'min_samples_leaf': 1}. Best is trial 8 with value: 0.7.
[I 2025-05-04 17:39:46,211] Trial 9 finished with value: 0.6 and parameters: {'n_estimators': 362, 'max_depth': 13, 'min_samples_split': 5, 'min_samples_leaf': 3}. Best is trial 8 with value: 0.7.
[I 2025-05-04 17:39:46,809] Trial 10 finished with value: 0.5 and parameters: {'n_estimators': 495, 'max_depth': 4, 'min_samples_split': 7, 'min_samples_leaf': 10}. Best is trial 8 with value: 0.7.
[I 2025-05-04 17:39:47,923] Trial 11 finished with value: 0.5 and parameters: {'n_estimators': 413, 'max_depth': 16, 'min_samples_split': 6, 'min_samples_leaf': 8}. Best is trial 8 with value: 0.7.
[I 2025-05-04 17:39:48,237] Trial 12 finished with value: 0.7 and parameters: {'n_estimators': 217, 'max_depth': 19, 'min_samples_split': 2, 'min_samples_leaf': 1}. Best is trial 8 with value: 0.7.
[I 2025-05-04 17:39:49,189] Trial 13 finished with value: 0.8 and parameters: {'n_estimators': 198, 'max_depth': 20, 'min_samples_split': 2, 'min_samples_leaf': 1}. Best is trial 13 with value: 0.8.
[I 2025-05-04 17:39:49,443] Trial 14 finished with value: 0.6 and parameters: {'n_estimators': 177, 'max_depth': 20, 'min_samples_split': 9, 'min_samples_leaf': 1}. Best is trial 13 with value: 0.8.
[I 2025-05-04 17:39:49,789] Trial 15 finished with value: 0.7 and parameters: {'n_estimators': 254, 'max_depth': 17, 'min_samples_split': 6, 'min_samples_leaf': 1}. Best is trial 13 with value: 0.8.
[I 2025-05-04 17:39:50,273] Trial 16 finished with value: 0.55 and parameters: {'n_estimators': 426, 'max_depth': 5, 'min_samples_split': 3, 'min_samples_leaf': 4}. Best is trial 13 with value: 0.8.
[I 2025-05-04 17:39:50,539] Trial 17 finished with value: 0.55 and parameters: {'n_estimators': 171, 'max_depth': 10, 'min_samples_split': 7, 'min_samples_leaf': 2}. Best is trial 13 with value: 0.8.
[I 2025-05-04 17:39:50,856] Trial 18 finished with value: 0.6 and parameters: {'n_estimators': 282, 'max_depth': 20, 'min_samples_split': 2, 'min_samples_leaf': 2}. Best is trial 13 with value: 0.8.
[I 2025-05-04 17:39:51,258] Trial 19 finished with value: 0.5 and parameters: {'n_estimators': 375, 'max_depth': 13, 'min_samples_split': 3, 'min_samples_leaf': 10}. Best is trial 13 with value: 0.8.
[I 2025-05-04 17:39:51,503] Trial 20 finished with value: 0.55 and parameters: {'n_estimators': 161, 'max_depth': 17, 'min_samples_split': 5, 'min_samples_leaf': 4}. Best is trial 13 with value: 0.8.
[I 2025-05-04 17:39:51,818] Trial 21 finished with value: 0.75 and parameters: {'n_estimators': 218, 'max_depth': 18, 'min_samples_split': 2, 'min_samples_leaf': 1}. Best is trial 13 with value: 0.8.
[I 2025-05-04 17:39:52,139] Trial 22 finished with value: 0.75 and parameters: {'n_estimators': 222, 'max_depth': 18, 'min_samples_split': 2, 'min_samples_leaf': 1}. Best is trial 13 with value: 0.8.
[I 2025-05-04 17:39:52,420] Trial 23 finished with value: 0.55 and parameters: {'n_estimators': 215, 'max_depth': 15, 'min_samples_split': 2, 'min_samples_leaf': 2}. Best is trial 13 with value: 0.8.
[I 2025-05-04 17:39:52,701] Trial 24 finished with value: 0.65 and parameters: {'n_estimators': 250, 'max_depth': 20, 'min_samples_split': 3, 'min_samples_leaf': 1}. Best is trial 13 with value: 0.8.
[I 2025-05-04 17:39:52,916] Trial 25 finished with value: 0.55 and parameters: {'n_estimators': 140, 'max_depth': 18, 'min_samples_split': 2, 'min_samples_leaf': 4}. Best is trial 13 with value: 0.8.
[I 2025-05-04 17:39:53,191] Trial 26 finished with value: 0.6 and parameters: {'n_estimators': 202, 'max_depth': 7, 'min_samples_split': 3, 'min_samples_leaf': 2}. Best is trial 13 with value: 0.8.
[I 2025-05-04 17:39:53,535] Trial 27 finished with value: 0.55 and parameters: {'n_estimators': 288, 'max_depth': 16, 'min_samples_split': 4, 'min_samples_leaf': 3}. Best is trial 13 with value: 0.8.
[I 2025-05-04 17:39:53,747] Trial 28 finished with value: 0.5 and parameters: {'n_estimators': 187, 'max_depth': 14, 'min_samples_split': 2, 'min_samples_leaf': 8}. Best is trial 13 with value: 0.8.
[I 2025-05-04 17:39:54,054] Trial 29 finished with value: 0.75 and parameters: {'n_estimators': 243, 'max_depth': 18, 'min_samples_split': 3, 'min_samples_leaf': 1}. Best is trial 13 with value: 0.8.
[I 2025-05-04 17:39:56,299] A new study created in memory with name: svc
Parámetros guardados en checkpoint_shoppers_Doriginal_Roriginal/random/best_models_random_seed_3/rf_best_params.json


>>> Optuna tuning svc


[I 2025-05-04 17:39:59,083] Trial 0 finished with value: 0.75 and parameters: {'C': 1.5965834028940304, 'gamma': 0.06801289958688554}. Best is trial 0 with value: 0.75.
[I 2025-05-04 17:39:59,372] Trial 1 finished with value: 0.55 and parameters: {'C': 0.14575348768947397, 'gamma': 0.01104868064594199}. Best is trial 0 with value: 0.75.
[I 2025-05-04 17:39:59,389] Trial 2 finished with value: 0.75 and parameters: {'C': 37.306784406101926, 'gamma': 0.3847444428703613}. Best is trial 0 with value: 0.75.
[I 2025-05-04 17:39:59,403] Trial 3 finished with value: 0.55 and parameters: {'C': 0.03179371243562207, 'gamma': 0.0006744837836372601}. Best is trial 0 with value: 0.75.
[I 2025-05-04 17:39:59,418] Trial 4 finished with value: 0.55 and parameters: {'C': 0.016064559195630043, 'gamma': 0.005797481541939439}. Best is trial 0 with value: 0.75.
[I 2025-05-04 17:39:59,433] Trial 5 finished with value: 0.55 and parameters: {'C': 0.013167545978819984, 'gamma': 0.0067194371723212016}. Best is trial 0 with value: 0.75.
[I 2025-05-04 17:39:59,447] Trial 6 finished with value: 0.55 and parameters: {'C': 3.9498098676650346, 'gamma': 0.0013000172966060339}. Best is trial 0 with value: 0.75.
[I 2025-05-04 17:39:59,462] Trial 7 finished with value: 0.8 and parameters: {'C': 5.070135988670239, 'gamma': 0.02309145345015643}. Best is trial 7 with value: 0.8.
[I 2025-05-04 17:39:59,475] Trial 8 finished with value: 0.55 and parameters: {'C': 0.012471753813792393, 'gamma': 0.017195561112750973}. Best is trial 7 with value: 0.8.
[I 2025-05-04 17:39:59,490] Trial 9 finished with value: 0.55 and parameters: {'C': 0.10889546346648192, 'gamma': 0.004575144213391389}. Best is trial 7 with value: 0.8.
[I 2025-05-04 17:39:59,513] Trial 10 finished with value: 0.6 and parameters: {'C': 79.27886275521048, 'gamma': 0.0002041394696749106}. Best is trial 7 with value: 0.8.
[I 2025-05-04 17:40:00,189] Trial 11 finished with value: 0.75 and parameters: {'C': 3.8595878224676348, 'gamma': 0.11702441745555851}. Best is trial 7 with value: 0.8.
[I 2025-05-04 17:40:00,212] Trial 12 finished with value: 0.75 and parameters: {'C': 1.071533437386596, 'gamma': 0.06776023392090061}. Best is trial 7 with value: 0.8.
[I 2025-05-04 17:40:00,863] Trial 13 finished with value: 0.8 and parameters: {'C': 8.870762751764351, 'gamma': 0.04150377983363209}. Best is trial 7 with value: 0.8.
[I 2025-05-04 17:40:00,887] Trial 14 finished with value: 0.75 and parameters: {'C': 13.685078437922396, 'gamma': 0.27511082113226115}. Best is trial 7 with value: 0.8.
[I 2025-05-04 17:40:00,914] Trial 15 finished with value: 0.8 and parameters: {'C': 12.828156320487496, 'gamma': 0.024621095382241113}. Best is trial 7 with value: 0.8.
[I 2025-05-04 17:40:00,942] Trial 16 finished with value: 0.6 and parameters: {'C': 10.752914725880224, 'gamma': 0.8887902208659}. Best is trial 7 with value: 0.8.
[I 2025-05-04 17:40:00,963] Trial 17 finished with value: 0.65 and parameters: {'C': 0.2731835765984779, 'gamma': 0.0392663665401571}. Best is trial 7 with value: 0.8.
[I 2025-05-04 17:40:01,601] Trial 18 finished with value: 0.55 and parameters: {'C': 3.8682221418985363, 'gamma': 0.0018942505398813483}. Best is trial 7 with value: 0.8.
[I 2025-05-04 17:40:01,624] Trial 19 finished with value: 0.75 and parameters: {'C': 0.38533857289345314, 'gamma': 0.1674205601700754}. Best is trial 7 with value: 0.8.
[I 2025-05-04 17:40:01,645] Trial 20 finished with value: 0.8 and parameters: {'C': 39.29766397391921, 'gamma': 0.04231777397335287}. Best is trial 7 with value: 0.8.
[I 2025-05-04 17:40:01,667] Trial 21 finished with value: 0.8 and parameters: {'C': 11.327487284550777, 'gamma': 0.021179573892657243}. Best is trial 7 with value: 0.8.
[I 2025-05-04 17:40:02,348] Trial 22 finished with value: 0.8 and parameters: {'C': 6.635247362464827, 'gamma': 0.024575450740811706}. Best is trial 7 with value: 0.8.
[I 2025-05-04 17:40:02,372] Trial 23 finished with value: 0.75 and parameters: {'C': 27.789497944270824, 'gamma': 0.003568132171532043}. Best is trial 7 with value: 0.8.
[I 2025-05-04 17:40:03,019] Trial 24 finished with value: 0.55 and parameters: {'C': 1.3382058252127007, 'gamma': 0.012421185866321221}. Best is trial 7 with value: 0.8.
[I 2025-05-04 17:40:03,045] Trial 25 finished with value: 0.75 and parameters: {'C': 2.276213180478106, 'gamma': 0.09456980769760738}. Best is trial 7 with value: 0.8.
[I 2025-05-04 17:40:03,066] Trial 26 finished with value: 0.8 and parameters: {'C': 92.93257598837454, 'gamma': 0.039419173898772114}. Best is trial 7 with value: 0.8.
[I 2025-05-04 17:40:03,090] Trial 27 finished with value: 0.75 and parameters: {'C': 22.111667076229484, 'gamma': 0.25028460692358195}. Best is trial 7 with value: 0.8.
[I 2025-05-04 17:40:03,117] Trial 28 finished with value: 0.55 and parameters: {'C': 0.5062670359533957, 'gamma': 0.0027205971420039563}. Best is trial 7 with value: 0.8.
[I 2025-05-04 17:40:03,139] Trial 29 finished with value: 0.8 and parameters: {'C': 2.1291813991960242, 'gamma': 0.06336862811629637}. Best is trial 7 with value: 0.8.
[I 2025-05-04 17:40:04,987] A new study created in memory with name: logreg
[I 2025-05-04 17:40:05,001] Trial 0 finished with value: 0.75 and parameters: {'C': 0.5675309007891907, 'penalty': 'l2'}. Best is trial 0 with value: 0.75.
Parámetros guardados en checkpoint_shoppers_Doriginal_Roriginal/random/best_models_random_seed_3/svc_best_params.json


>>> Optuna tuning logreg


[I 2025-05-04 17:40:07,772] Trial 1 finished with value: 0.8 and parameters: {'C': 3.473274541912229, 'penalty': 'l2'}. Best is trial 1 with value: 0.8.
[I 2025-05-04 17:40:08,054] Trial 2 finished with value: 0.55 and parameters: {'C': 0.02847893173431208, 'penalty': 'l2'}. Best is trial 1 with value: 0.8.
[I 2025-05-04 17:40:08,070] Trial 3 finished with value: 0.75 and parameters: {'C': 0.3582102641758184, 'penalty': 'l2'}. Best is trial 1 with value: 0.8.
[I 2025-05-04 17:40:08,083] Trial 4 finished with value: 0.8 and parameters: {'C': 29.156458542193356, 'penalty': 'l2'}. Best is trial 1 with value: 0.8.
[I 2025-05-04 17:40:08,107] Trial 5 finished with value: 0.8 and parameters: {'C': 30.301591887498166, 'penalty': 'l2'}. Best is trial 1 with value: 0.8.
[I 2025-05-04 17:40:08,122] Trial 6 finished with value: 0.55 and parameters: {'C': 0.004245477585551382, 'penalty': 'l2'}. Best is trial 1 with value: 0.8.
[I 2025-05-04 17:40:08,136] Trial 7 finished with value: 0.55 and parameters: {'C': 0.010869620730769544, 'penalty': 'l2'}. Best is trial 1 with value: 0.8.
[I 2025-05-04 17:40:08,160] Trial 8 finished with value: 0.55 and parameters: {'C': 0.0018085728895942683, 'penalty': 'l2'}. Best is trial 1 with value: 0.8.
[I 2025-05-04 17:40:08,174] Trial 9 finished with value: 0.65 and parameters: {'C': 0.15997393155444875, 'penalty': 'l2'}. Best is trial 1 with value: 0.8.
[I 2025-05-04 17:40:08,206] Trial 10 finished with value: 0.8 and parameters: {'C': 2.905458801274836, 'penalty': 'l2'}. Best is trial 1 with value: 0.8.
[I 2025-05-04 17:40:08,237] Trial 11 finished with value: 0.8 and parameters: {'C': 64.41480698477136, 'penalty': 'l2'}. Best is trial 1 with value: 0.8.
[I 2025-05-04 17:40:08,935] Trial 12 finished with value: 0.8 and parameters: {'C': 7.679297575347318, 'penalty': 'l2'}. Best is trial 1 with value: 0.8.
[I 2025-05-04 17:40:08,967] Trial 13 finished with value: 0.8 and parameters: {'C': 6.8445611814680785, 'penalty': 'l2'}. Best is trial 1 with value: 0.8.
[I 2025-05-04 17:40:09,610] Trial 14 finished with value: 0.8 and parameters: {'C': 2.003773461763578, 'penalty': 'l2'}. Best is trial 1 with value: 0.8.
[I 2025-05-04 17:40:09,639] Trial 15 finished with value: 0.8 and parameters: {'C': 28.014802789712533, 'penalty': 'l2'}. Best is trial 1 with value: 0.8.
[I 2025-05-04 17:40:09,658] Trial 16 finished with value: 0.8 and parameters: {'C': 97.81030995334582, 'penalty': 'l2'}. Best is trial 1 with value: 0.8.
[I 2025-05-04 17:40:09,687] Trial 17 finished with value: 0.75 and parameters: {'C': 1.224560788281302, 'penalty': 'l2'}. Best is trial 1 with value: 0.8.
[I 2025-05-04 17:40:10,334] Trial 18 finished with value: 0.6 and parameters: {'C': 0.07437231952633776, 'penalty': 'l2'}. Best is trial 1 with value: 0.8.
[I 2025-05-04 17:40:10,366] Trial 19 finished with value: 0.8 and parameters: {'C': 11.811522600686624, 'penalty': 'l2'}. Best is trial 1 with value: 0.8.
[I 2025-05-04 17:40:10,394] Trial 20 finished with value: 0.8 and parameters: {'C': 18.775486546302936, 'penalty': 'l2'}. Best is trial 1 with value: 0.8.
[I 2025-05-04 17:40:10,426] Trial 21 finished with value: 0.8 and parameters: {'C': 43.94600105269014, 'penalty': 'l2'}. Best is trial 1 with value: 0.8.
[I 2025-05-04 17:40:11,085] Trial 22 finished with value: 0.8 and parameters: {'C': 4.346601739348853, 'penalty': 'l2'}. Best is trial 1 with value: 0.8.
[I 2025-05-04 17:40:11,116] Trial 23 finished with value: 0.8 and parameters: {'C': 22.034215644499856, 'penalty': 'l2'}. Best is trial 1 with value: 0.8.
[I 2025-05-04 17:40:11,762] Trial 24 finished with value: 0.8 and parameters: {'C': 1.4800438536534863, 'penalty': 'l2'}. Best is trial 1 with value: 0.8.
[I 2025-05-04 17:40:11,794] Trial 25 finished with value: 0.8 and parameters: {'C': 10.847053498538962, 'penalty': 'l2'}. Best is trial 1 with value: 0.8.
[I 2025-05-04 17:40:11,812] Trial 26 finished with value: 0.8 and parameters: {'C': 40.05750800914666, 'penalty': 'l2'}. Best is trial 1 with value: 0.8.
[I 2025-05-04 17:40:11,842] Trial 27 finished with value: 0.75 and parameters: {'C': 0.936117449843303, 'penalty': 'l2'}. Best is trial 1 with value: 0.8.
[I 2025-05-04 17:40:11,866] Trial 28 finished with value: 0.8 and parameters: {'C': 4.415755752349367, 'penalty': 'l2'}. Best is trial 1 with value: 0.8.
[I 2025-05-04 17:40:11,887] Trial 29 finished with value: 0.8 and parameters: {'C': 88.96500013950536, 'penalty': 'l2'}. Best is trial 1 with value: 0.8.
[I 2025-05-04 17:40:14,298] A new study created in memory with name: mlp
Parámetros guardados en checkpoint_shoppers_Doriginal_Roriginal/random/best_models_random_seed_3/logreg_best_params.json


>>> Optuna tuning mlp


/data/home/rtabares/anaconda3/envs/pyth3.12/lib/python3.12/site-packages/sklearn/neural_network/_multilayer_perceptron.py:691: ConvergenceWarning: Stochastic Optimizer: Maximum iterations (100) reached and the optimization hasn't converged yet.
  warnings.warn(
/data/home/rtabares/anaconda3/envs/pyth3.12/lib/python3.12/site-packages/sklearn/neural_network/_multilayer_perceptron.py:691: ConvergenceWarning: Stochastic Optimizer: Maximum iterations (100) reached and the optimization hasn't converged yet.
  warnings.warn(
/data/home/rtabares/anaconda3/envs/pyth3.12/lib/python3.12/site-packages/sklearn/neural_network/_multilayer_perceptron.py:691: ConvergenceWarning: Stochastic Optimizer: Maximum iterations (100) reached and the optimization hasn't converged yet.
  warnings.warn(
/data/home/rtabares/anaconda3/envs/pyth3.12/lib/python3.12/site-packages/sklearn/neural_network/_multilayer_perceptron.py:691: ConvergenceWarning: Stochastic Optimizer: Maximum iterations (100) reached and the optimization hasn't converged yet.
  warnings.warn(
/data/home/rtabares/anaconda3/envs/pyth3.12/lib/python3.12/site-packages/sklearn/neural_network/_multilayer_perceptron.py:691: ConvergenceWarning: Stochastic Optimizer: Maximum iterations (100) reached and the optimization hasn't converged yet.
  warnings.warn(
[I 2025-05-04 17:40:16,432] Trial 0 finished with value: 0.9 and parameters: {'hidden_layer_sizes': (200,), 'max_iter': 100, 'alpha': 0.0001}. Best is trial 0 with value: 0.9.
[I 2025-05-04 17:40:16,720] Trial 1 finished with value: 0.9 and parameters: {'hidden_layer_sizes': (100, 100), 'max_iter': 100, 'alpha': 0.0001}. Best is trial 0 with value: 0.9.
/data/home/rtabares/anaconda3/envs/pyth3.12/lib/python3.12/site-packages/sklearn/neural_network/_multilayer_perceptron.py:691: ConvergenceWarning: Stochastic Optimizer: Maximum iterations (50) reached and the optimization hasn't converged yet.
  warnings.warn(
/data/home/rtabares/anaconda3/envs/pyth3.12/lib/python3.12/site-packages/sklearn/neural_network/_multilayer_perceptron.py:691: ConvergenceWarning: Stochastic Optimizer: Maximum iterations (50) reached and the optimization hasn't converged yet.
  warnings.warn(
/data/home/rtabares/anaconda3/envs/pyth3.12/lib/python3.12/site-packages/sklearn/neural_network/_multilayer_perceptron.py:691: ConvergenceWarning: Stochastic Optimizer: Maximum iterations (50) reached and the optimization hasn't converged yet.
  warnings.warn(
/data/home/rtabares/anaconda3/envs/pyth3.12/lib/python3.12/site-packages/sklearn/neural_network/_multilayer_perceptron.py:691: ConvergenceWarning: Stochastic Optimizer: Maximum iterations (50) reached and the optimization hasn't converged yet.
  warnings.warn(
/data/home/rtabares/anaconda3/envs/pyth3.12/lib/python3.12/site-packages/sklearn/neural_network/_multilayer_perceptron.py:691: ConvergenceWarning: Stochastic Optimizer: Maximum iterations (50) reached and the optimization hasn't converged yet.
  warnings.warn(
[I 2025-05-04 17:40:16,758] Trial 2 finished with value: 0.85 and parameters: {'hidden_layer_sizes': (100,), 'max_iter': 50, 'alpha': 0.0001}. Best is trial 0 with value: 0.9.
/data/home/rtabares/anaconda3/envs/pyth3.12/lib/python3.12/site-packages/sklearn/neural_network/_multilayer_perceptron.py:691: ConvergenceWarning: Stochastic Optimizer: Maximum iterations (100) reached and the optimization hasn't converged yet.
  warnings.warn(
/data/home/rtabares/anaconda3/envs/pyth3.12/lib/python3.12/site-packages/sklearn/neural_network/_multilayer_perceptron.py:691: ConvergenceWarning: Stochastic Optimizer: Maximum iterations (100) reached and the optimization hasn't converged yet.
  warnings.warn(
/data/home/rtabares/anaconda3/envs/pyth3.12/lib/python3.12/site-packages/sklearn/neural_network/_multilayer_perceptron.py:691: ConvergenceWarning: Stochastic Optimizer: Maximum iterations (100) reached and the optimization hasn't converged yet.
  warnings.warn(
/data/home/rtabares/anaconda3/envs/pyth3.12/lib/python3.12/site-packages/sklearn/neural_network/_multilayer_perceptron.py:691: ConvergenceWarning: Stochastic Optimizer: Maximum iterations (100) reached and the optimization hasn't converged yet.
  warnings.warn(
/data/home/rtabares/anaconda3/envs/pyth3.12/lib/python3.12/site-packages/sklearn/neural_network/_multilayer_perceptron.py:691: ConvergenceWarning: Stochastic Optimizer: Maximum iterations (100) reached and the optimization hasn't converged yet.
  warnings.warn(
[I 2025-05-04 17:40:16,824] Trial 3 finished with value: 0.9 and parameters: {'hidden_layer_sizes': (100,), 'max_iter': 100, 'alpha': 0.0001}. Best is trial 0 with value: 0.9.
[I 2025-05-04 17:40:16,912] Trial 4 finished with value: 0.85 and parameters: {'hidden_layer_sizes': (100, 100), 'max_iter': 100, 'alpha': 0.0001}. Best is trial 0 with value: 0.9.
/data/home/rtabares/anaconda3/envs/pyth3.12/lib/python3.12/site-packages/sklearn/neural_network/_multilayer_perceptron.py:691: ConvergenceWarning: Stochastic Optimizer: Maximum iterations (50) reached and the optimization hasn't converged yet.
  warnings.warn(
/data/home/rtabares/anaconda3/envs/pyth3.12/lib/python3.12/site-packages/sklearn/neural_network/_multilayer_perceptron.py:691: ConvergenceWarning: Stochastic Optimizer: Maximum iterations (50) reached and the optimization hasn't converged yet.
  warnings.warn(
/data/home/rtabares/anaconda3/envs/pyth3.12/lib/python3.12/site-packages/sklearn/neural_network/_multilayer_perceptron.py:691: ConvergenceWarning: Stochastic Optimizer: Maximum iterations (50) reached and the optimization hasn't converged yet.
  warnings.warn(
/data/home/rtabares/anaconda3/envs/pyth3.12/lib/python3.12/site-packages/sklearn/neural_network/_multilayer_perceptron.py:691: ConvergenceWarning: Stochastic Optimizer: Maximum iterations (50) reached and the optimization hasn't converged yet.
  warnings.warn(
/data/home/rtabares/anaconda3/envs/pyth3.12/lib/python3.12/site-packages/sklearn/neural_network/_multilayer_perceptron.py:691: ConvergenceWarning: Stochastic Optimizer: Maximum iterations (50) reached and the optimization hasn't converged yet.
  warnings.warn(
