[I 2025-05-04 17:38:05,490] Trial 13 finished with value: 0.8 and parameters: {'n_estimators': 228, 'max_depth': 7, 'min_samples_split': 7, 'min_samples_leaf': 5}. Best is trial 2 with value: 0.9.
[I 2025-05-04 17:38:05,695] Trial 14 finished with value: 0.75 and parameters: {'n_estimators': 123, 'max_depth': 6, 'min_samples_split': 10, 'min_samples_leaf': 6}. Best is trial 2 with value: 0.9.
[I 2025-05-04 17:38:06,143] Trial 15 finished with value: 0.85 and parameters: {'n_estimators': 370, 'max_depth': 6, 'min_samples_split': 5, 'min_samples_leaf': 4}. Best is trial 2 with value: 0.9.
[I 2025-05-04 17:38:06,690] Trial 16 finished with value: 0.5 and parameters: {'n_estimators': 484, 'max_depth': 16, 'min_samples_split': 7, 'min_samples_leaf': 10}. Best is trial 2 with value: 0.9.
[I 2025-05-04 17:38:07,047] Trial 17 finished with value: 0.5 and parameters: {'n_estimators': 301, 'max_depth': 5, 'min_samples_split': 5, 'min_samples_leaf': 8}. Best is trial 2 with value: 0.9.
[I 2025-05-04 17:38:07,350] Trial 18 finished with value: 0.5 and parameters: {'n_estimators': 253, 'max_depth': 9, 'min_samples_split': 8, 'min_samples_leaf': 7}. Best is trial 2 with value: 0.9.
[I 2025-05-04 17:38:07,638] Trial 19 finished with value: 0.85 and parameters: {'n_estimators': 201, 'max_depth': 3, 'min_samples_split': 2, 'min_samples_leaf': 4}. Best is trial 2 with value: 0.9.
[I 2025-05-04 17:38:07,793] Trial 20 finished with value: 0.8 and parameters: {'n_estimators': 107, 'max_depth': 20, 'min_samples_split': 8, 'min_samples_leaf': 3}. Best is trial 2 with value: 0.9.
[I 2025-05-04 17:38:08,028] Trial 21 finished with value: 0.8 and parameters: {'n_estimators': 165, 'max_depth': 15, 'min_samples_split': 4, 'min_samples_leaf': 2}. Best is trial 2 with value: 0.9.
[I 2025-05-04 17:38:08,220] Trial 22 finished with value: 0.8 and parameters: {'n_estimators': 147, 'max_depth': 14, 'min_samples_split': 6, 'min_samples_leaf': 2}. Best is trial 2 with value: 0.9.
[I 2025-05-04 17:38:08,495] Trial 23 finished with value: 0.5 and parameters: {'n_estimators': 242, 'max_depth': 10, 'min_samples_split': 4, 'min_samples_leaf': 7}. Best is trial 2 with value: 0.9.
[I 2025-05-04 17:38:08,752] Trial 24 finished with value: 0.8 and parameters: {'n_estimators': 174, 'max_depth': 7, 'min_samples_split': 4, 'min_samples_leaf': 3}. Best is trial 2 with value: 0.9.
[I 2025-05-04 17:38:09,110] Trial 25 finished with value: 0.75 and parameters: {'n_estimators': 326, 'max_depth': 16, 'min_samples_split': 6, 'min_samples_leaf': 5}. Best is trial 2 with value: 0.9.
[I 2025-05-04 17:38:09,370] Trial 26 finished with value: 0.5 and parameters: {'n_estimators': 222, 'max_depth': 13, 'min_samples_split': 2, 'min_samples_leaf': 9}. Best is trial 2 with value: 0.9.
[I 2025-05-04 17:38:09,590] Trial 27 finished with value: 0.75 and parameters: {'n_estimators': 132, 'max_depth': 5, 'min_samples_split': 5, 'min_samples_leaf': 6}. Best is trial 2 with value: 0.9.
[I 2025-05-04 17:38:09,938] Trial 28 finished with value: 0.85 and parameters: {'n_estimators': 272, 'max_depth': 9, 'min_samples_split': 7, 'min_samples_leaf': 2}. Best is trial 2 with value: 0.9.
[I 2025-05-04 17:38:10,247] Trial 29 finished with value: 0.55 and parameters: {'n_estimators': 275, 'max_depth': 8, 'min_samples_split': 4, 'min_samples_leaf': 7}. Best is trial 2 with value: 0.9.
[I 2025-05-04 17:38:12,530] A new study created in memory with name: svc
Parámetros guardados en checkpoint_shoppers_Doriginal_Roriginal/ag/best_models_ag_seed_2/rf_best_params.json


>>> Optuna tuning svc


[I 2025-05-04 17:38:15,311] Trial 0 finished with value: 0.5 and parameters: {'C': 0.5545996722241048, 'gamma': 0.00012697111322756423}. Best is trial 0 with value: 0.5.
[I 2025-05-04 17:38:15,599] Trial 1 finished with value: 0.4 and parameters: {'C': 1.579973895360496, 'gamma': 0.005511750757691415}. Best is trial 0 with value: 0.5.
[I 2025-05-04 17:38:15,627] Trial 2 finished with value: 0.55 and parameters: {'C': 0.48025424062174377, 'gamma': 0.002095749079193946}. Best is trial 2 with value: 0.55.
[I 2025-05-04 17:38:15,642] Trial 3 finished with value: 0.45 and parameters: {'C': 0.06585587677899403, 'gamma': 0.029997417348655162}. Best is trial 2 with value: 0.55.
[I 2025-05-04 17:38:15,657] Trial 4 finished with value: 0.55 and parameters: {'C': 0.15798603319028856, 'gamma': 0.0011676403660687692}. Best is trial 2 with value: 0.55.
[I 2025-05-04 17:38:15,670] Trial 5 finished with value: 0.45 and parameters: {'C': 3.051654279698754, 'gamma': 0.01307881440940144}. Best is trial 2 with value: 0.55.
[I 2025-05-04 17:38:15,684] Trial 6 finished with value: 0.4 and parameters: {'C': 0.034539797048540495, 'gamma': 0.01133215445049292}. Best is trial 2 with value: 0.55.
[I 2025-05-04 17:38:15,699] Trial 7 finished with value: 0.3 and parameters: {'C': 0.05467130776888186, 'gamma': 0.13846518531662885}. Best is trial 2 with value: 0.55.
[I 2025-05-04 17:38:15,722] Trial 8 finished with value: 0.35 and parameters: {'C': 26.055605528320903, 'gamma': 0.009483034914203468}. Best is trial 2 with value: 0.55.
[I 2025-05-04 17:38:15,737] Trial 9 finished with value: 0.45 and parameters: {'C': 24.335817588808105, 'gamma': 0.00020824851253449603}. Best is trial 2 with value: 0.55.
[I 2025-05-04 17:38:15,762] Trial 10 finished with value: 0.25 and parameters: {'C': 5.964880161273998, 'gamma': 0.389391843804523}. Best is trial 2 with value: 0.55.
[I 2025-05-04 17:38:16,429] Trial 11 finished with value: 0.55 and parameters: {'C': 0.28086122180081274, 'gamma': 0.0011209946077807298}. Best is trial 2 with value: 0.55.
[I 2025-05-04 17:38:16,456] Trial 12 finished with value: 0.55 and parameters: {'C': 0.2224767805359789, 'gamma': 0.0007328937515786365}. Best is trial 2 with value: 0.55.
[I 2025-05-04 17:38:16,478] Trial 13 finished with value: 0.55 and parameters: {'C': 0.011010475789631753, 'gamma': 0.0018042417541272138}. Best is trial 2 with value: 0.55.
[I 2025-05-04 17:38:17,129] Trial 14 finished with value: 0.5 and parameters: {'C': 0.19320976700521175, 'gamma': 0.00044664214666113714}. Best is trial 2 with value: 0.55.
[I 2025-05-04 17:38:17,153] Trial 15 finished with value: 0.55 and parameters: {'C': 0.8782192890753937, 'gamma': 0.002860518294024747}. Best is trial 2 with value: 0.55.
[I 2025-05-04 17:38:17,176] Trial 16 finished with value: 0.35 and parameters: {'C': 7.593189415911861, 'gamma': 0.046969463039071825}. Best is trial 2 with value: 0.55.
[I 2025-05-04 17:38:17,815] Trial 17 finished with value: 0.5 and parameters: {'C': 0.1186444976396408, 'gamma': 0.00034135924407711205}. Best is trial 2 with value: 0.55.
[I 2025-05-04 17:38:17,839] Trial 18 finished with value: 0.55 and parameters: {'C': 0.01709718931666091, 'gamma': 0.002593265097278675}. Best is trial 2 with value: 0.55.
[I 2025-05-04 17:38:17,860] Trial 19 finished with value: 0.55 and parameters: {'C': 0.47385367424689173, 'gamma': 0.001050291111203509}. Best is trial 2 with value: 0.55.
[I 2025-05-04 17:38:17,883] Trial 20 finished with value: 0.45 and parameters: {'C': 1.4596473405104373, 'gamma': 0.004366938735267497}. Best is trial 2 with value: 0.55.
[I 2025-05-04 17:38:18,524] Trial 21 finished with value: 0.55 and parameters: {'C': 0.24808106007907865, 'gamma': 0.001116130567207026}. Best is trial 2 with value: 0.55.
[I 2025-05-04 17:38:18,549] Trial 22 finished with value: 0.5 and parameters: {'C': 0.3978427359855232, 'gamma': 0.00043551369919793366}. Best is trial 2 with value: 0.55.
[I 2025-05-04 17:38:18,571] Trial 23 finished with value: 0.55 and parameters: {'C': 0.1306961298834276, 'gamma': 0.0015785230898254028}. Best is trial 2 with value: 0.55.
[I 2025-05-04 17:38:19,208] Trial 24 finished with value: 0.35 and parameters: {'C': 76.2611114478886, 'gamma': 0.0006665317373911112}. Best is trial 2 with value: 0.55.
[I 2025-05-04 17:38:19,232] Trial 25 finished with value: 0.5 and parameters: {'C': 0.0769975898903771, 'gamma': 0.00019473440656773942}. Best is trial 2 with value: 0.55.
[I 2025-05-04 17:38:19,252] Trial 26 finished with value: 0.45 and parameters: {'C': 0.8925311681586193, 'gamma': 0.005356036110584973}. Best is trial 2 with value: 0.55.
[I 2025-05-04 17:38:19,273] Trial 27 finished with value: 0.55 and parameters: {'C': 0.03438169840449422, 'gamma': 0.0025026035681718303}. Best is trial 2 with value: 0.55.
[I 2025-05-04 17:38:19,299] Trial 28 finished with value: 0.35 and parameters: {'C': 2.7376655238939422, 'gamma': 0.023280063115727806}. Best is trial 2 with value: 0.55.
[I 2025-05-04 17:38:19,320] Trial 29 finished with value: 0.5 and parameters: {'C': 0.44097451597986886, 'gamma': 0.00010437026043279152}. Best is trial 2 with value: 0.55.
[I 2025-05-04 17:38:21,128] A new study created in memory with name: logreg
[I 2025-05-04 17:38:21,155] Trial 0 finished with value: 0.55 and parameters: {'C': 0.15134724182275533, 'penalty': 'l2'}. Best is trial 0 with value: 0.55.
[I 2025-05-04 17:38:21,169] Trial 1 finished with value: 0.5 and parameters: {'C': 0.00134781771168027, 'penalty': 'l2'}. Best is trial 0 with value: 0.55.
[I 2025-05-04 17:38:21,194] Trial 2 finished with value: 0.5 and parameters: {'C': 0.5601603817503298, 'penalty': 'l2'}. Best is trial 0 with value: 0.55.
Parámetros guardados en checkpoint_shoppers_Doriginal_Roriginal/ag/best_models_ag_seed_2/svc_best_params.json


>>> Optuna tuning logreg


[I 2025-05-04 17:38:24,197] Trial 3 finished with value: 0.55 and parameters: {'C': 0.15017995265951545, 'penalty': 'l2'}. Best is trial 0 with value: 0.55.
[I 2025-05-04 17:38:24,477] Trial 4 finished with value: 0.55 and parameters: {'C': 0.1264267606498664, 'penalty': 'l2'}. Best is trial 0 with value: 0.55.
[I 2025-05-04 17:38:24,492] Trial 5 finished with value: 0.55 and parameters: {'C': 0.044840877729077515, 'penalty': 'l2'}. Best is trial 0 with value: 0.55.
[I 2025-05-04 17:38:24,505] Trial 6 finished with value: 0.55 and parameters: {'C': 0.010549774340694125, 'penalty': 'l2'}. Best is trial 0 with value: 0.55.
[I 2025-05-04 17:38:24,529] Trial 7 finished with value: 0.5 and parameters: {'C': 1.248403080828608, 'penalty': 'l2'}. Best is trial 0 with value: 0.55.
[I 2025-05-04 17:38:24,542] Trial 8 finished with value: 0.55 and parameters: {'C': 0.03149730300397853, 'penalty': 'l2'}. Best is trial 0 with value: 0.55.
[I 2025-05-04 17:38:24,556] Trial 9 finished with value: 0.55 and parameters: {'C': 0.021584220823040776, 'penalty': 'l2'}. Best is trial 0 with value: 0.55.
[I 2025-05-04 17:38:24,584] Trial 10 finished with value: 0.6 and parameters: {'C': 26.015182919619694, 'penalty': 'l2'}. Best is trial 10 with value: 0.6.
[I 2025-05-04 17:38:24,611] Trial 11 finished with value: 0.6 and parameters: {'C': 31.596881664249064, 'penalty': 'l2'}. Best is trial 10 with value: 0.6.
[I 2025-05-04 17:38:24,642] Trial 12 finished with value: 0.6 and parameters: {'C': 52.65780340064383, 'penalty': 'l2'}. Best is trial 10 with value: 0.6.
[I 2025-05-04 17:38:24,673] Trial 13 finished with value: 0.6 and parameters: {'C': 74.13444446067362, 'penalty': 'l2'}. Best is trial 10 with value: 0.6.
[I 2025-05-04 17:38:25,319] Trial 14 finished with value: 0.6 and parameters: {'C': 6.455907775614801, 'penalty': 'l2'}. Best is trial 10 with value: 0.6.
[I 2025-05-04 17:38:25,350] Trial 15 finished with value: 0.6 and parameters: {'C': 9.369381754375748, 'penalty': 'l2'}. Best is trial 10 with value: 0.6.
[I 2025-05-04 17:38:26,016] Trial 16 finished with value: 0.6 and parameters: {'C': 10.40499204537046, 'penalty': 'l2'}. Best is trial 10 with value: 0.6.
[I 2025-05-04 17:38:26,045] Trial 17 finished with value: 0.5 and parameters: {'C': 3.3916364103487697, 'penalty': 'l2'}. Best is trial 10 with value: 0.6.
[I 2025-05-04 17:38:26,073] Trial 18 finished with value: 0.6 and parameters: {'C': 28.230882746410238, 'penalty': 'l2'}. Best is trial 10 with value: 0.6.
[I 2025-05-04 17:38:26,104] Trial 19 finished with value: 0.6 and parameters: {'C': 18.81262399536968, 'penalty': 'l2'}. Best is trial 10 with value: 0.6.
[I 2025-05-04 17:38:26,800] Trial 20 finished with value: 0.5 and parameters: {'C': 2.057276446670884, 'penalty': 'l2'}. Best is trial 10 with value: 0.6.
[I 2025-05-04 17:38:26,831] Trial 21 finished with value: 0.6 and parameters: {'C': 98.7936278483676, 'penalty': 'l2'}. Best is trial 10 with value: 0.6.
[I 2025-05-04 17:38:26,860] Trial 22 finished with value: 0.6 and parameters: {'C': 31.54090692112012, 'penalty': 'l2'}. Best is trial 10 with value: 0.6.
[I 2025-05-04 17:38:27,545] Trial 23 finished with value: 0.6 and parameters: {'C': 52.216836133501765, 'penalty': 'l2'}. Best is trial 10 with value: 0.6.
[I 2025-05-04 17:38:27,576] Trial 24 finished with value: 0.55 and parameters: {'C': 4.56990427799709, 'penalty': 'l2'}. Best is trial 10 with value: 0.6.
[I 2025-05-04 17:38:28,226] Trial 25 finished with value: 0.6 and parameters: {'C': 16.350474350058867, 'penalty': 'l2'}. Best is trial 10 with value: 0.6.
[I 2025-05-04 17:38:28,256] Trial 26 finished with value: 0.5 and parameters: {'C': 0.9076912985339064, 'penalty': 'l2'}. Best is trial 10 with value: 0.6.
[I 2025-05-04 17:38:28,287] Trial 27 finished with value: 0.6 and parameters: {'C': 37.66708114739586, 'penalty': 'l2'}. Best is trial 10 with value: 0.6.
[I 2025-05-04 17:38:28,317] Trial 28 finished with value: 0.6 and parameters: {'C': 98.42529791128901, 'penalty': 'l2'}. Best is trial 10 with value: 0.6.
[I 2025-05-04 17:38:28,347] Trial 29 finished with value: 0.5 and parameters: {'C': 2.2970811777912075, 'penalty': 'l2'}. Best is trial 10 with value: 0.6.
/data/home/rtabares/anaconda3/envs/pyth3.12/lib/python3.12/site-packages/xgboost/core.py:377: FutureWarning: Your system has an old version of glibc (< 2.28). We will stop supporting Linux distros with glibc older than 2.28 after **May 31, 2025**. Please upgrade to a recent Linux distro (with glibc >= 2.28) to use future versions of XGBoost.
Note: You have installed the 'manylinux2014' variant of XGBoost. Certain features such as GPU algorithms or federated learning are not available. To use these features, please upgrade to a recent Linux distro with glibc 2.28+, and install the 'manylinux_2_28' variant.
  warnings.warn(
[I 2025-05-04 17:38:32,014] A new study created in memory with name: mlp
Parámetros guardados en checkpoint_shoppers_Doriginal_Roriginal/ag/best_models_ag_seed_2/logreg_best_params.json


>>> Optuna tuning mlp


/data/home/rtabares/anaconda3/envs/pyth3.12/lib/python3.12/site-packages/sklearn/neural_network/_multilayer_perceptron.py:691: ConvergenceWarning: Stochastic Optimizer: Maximum iterations (50) reached and the optimization hasn't converged yet.
  warnings.warn(
/data/home/rtabares/anaconda3/envs/pyth3.12/lib/python3.12/site-packages/sklearn/neural_network/_multilayer_perceptron.py:691: ConvergenceWarning: Stochastic Optimizer: Maximum iterations (50) reached and the optimization hasn't converged yet.
  warnings.warn(
/data/home/rtabares/anaconda3/envs/pyth3.12/lib/python3.12/site-packages/sklearn/neural_network/_multilayer_perceptron.py:691: ConvergenceWarning: Stochastic Optimizer: Maximum iterations (50) reached and the optimization hasn't converged yet.
  warnings.warn(
/data/home/rtabares/anaconda3/envs/pyth3.12/lib/python3.12/site-packages/sklearn/neural_network/_multilayer_perceptron.py:691: ConvergenceWarning: Stochastic Optimizer: Maximum iterations (50) reached and the optimization hasn't converged yet.
  warnings.warn(
/data/home/rtabares/anaconda3/envs/pyth3.12/lib/python3.12/site-packages/sklearn/neural_network/_multilayer_perceptron.py:691: ConvergenceWarning: Stochastic Optimizer: Maximum iterations (50) reached and the optimization hasn't converged yet.
  warnings.warn(
[I 2025-05-04 17:38:33,582] Trial 0 finished with value: 0.4 and parameters: {'hidden_layer_sizes': (100, 100), 'max_iter': 50, 'alpha': 0.0001}. Best is trial 0 with value: 0.4.
/data/home/rtabares/anaconda3/envs/pyth3.12/lib/python3.12/site-packages/sklearn/neural_network/_multilayer_perceptron.py:691: ConvergenceWarning: Stochastic Optimizer: Maximum iterations (50) reached and the optimization hasn't converged yet.
  warnings.warn(
/data/home/rtabares/anaconda3/envs/pyth3.12/lib/python3.12/site-packages/sklearn/neural_network/_multilayer_perceptron.py:691: ConvergenceWarning: Stochastic Optimizer: Maximum iterations (50) reached and the optimization hasn't converged yet.
  warnings.warn(
/data/home/rtabares/anaconda3/envs/pyth3.12/lib/python3.12/site-packages/sklearn/neural_network/_multilayer_perceptron.py:691: ConvergenceWarning: Stochastic Optimizer: Maximum iterations (50) reached and the optimization hasn't converged yet.
  warnings.warn(
/data/home/rtabares/anaconda3/envs/pyth3.12/lib/python3.12/site-packages/sklearn/neural_network/_multilayer_perceptron.py:691: ConvergenceWarning: Stochastic Optimizer: Maximum iterations (50) reached and the optimization hasn't converged yet.
  warnings.warn(
/data/home/rtabares/anaconda3/envs/pyth3.12/lib/python3.12/site-packages/sklearn/neural_network/_multilayer_perceptron.py:691: ConvergenceWarning: Stochastic Optimizer: Maximum iterations (50) reached and the optimization hasn't converged yet.
  warnings.warn(
[I 2025-05-04 17:38:33,713] Trial 1 finished with value: 0.55 and parameters: {'hidden_layer_sizes': (100,), 'max_iter': 50, 'alpha': 0.001}. Best is trial 1 with value: 0.55.
/data/home/rtabares/anaconda3/envs/pyth3.12/lib/python3.12/site-packages/sklearn/neural_network/_multilayer_perceptron.py:691: ConvergenceWarning: Stochastic Optimizer: Maximum iterations (100) reached and the optimization hasn't converged yet.
  warnings.warn(
/data/home/rtabares/anaconda3/envs/pyth3.12/lib/python3.12/site-packages/sklearn/neural_network/_multilayer_perceptron.py:691: ConvergenceWarning: Stochastic Optimizer: Maximum iterations (100) reached and the optimization hasn't converged yet.
  warnings.warn(
/data/home/rtabares/anaconda3/envs/pyth3.12/lib/python3.12/site-packages/sklearn/neural_network/_multilayer_perceptron.py:691: ConvergenceWarning: Stochastic Optimizer: Maximum iterations (100) reached and the optimization hasn't converged yet.
  warnings.warn(
/data/home/rtabares/anaconda3/envs/pyth3.12/lib/python3.12/site-packages/sklearn/neural_network/_multilayer_perceptron.py:691: ConvergenceWarning: Stochastic Optimizer: Maximum iterations (100) reached and the optimization hasn't converged yet.
  warnings.warn(
/data/home/rtabares/anaconda3/envs/pyth3.12/lib/python3.12/site-packages/sklearn/neural_network/_multilayer_perceptron.py:691: ConvergenceWarning: Stochastic Optimizer: Maximum iterations (100) reached and the optimization hasn't converged yet.
  warnings.warn(
[I 2025-05-04 17:38:33,823] Trial 2 finished with value: 0.4 and parameters: {'hidden_layer_sizes': (100, 100), 'max_iter': 100, 'alpha': 0.001}. Best is trial 1 with value: 0.55.
/data/home/rtabares/anaconda3/envs/pyth3.12/lib/python3.12/site-packages/sklearn/neural_network/_multilayer_perceptron.py:691: ConvergenceWarning: Stochastic Optimizer: Maximum iterations (100) reached and the optimization hasn't converged yet.
  warnings.warn(
/data/home/rtabares/anaconda3/envs/pyth3.12/lib/python3.12/site-packages/sklearn/neural_network/_multilayer_perceptron.py:691: ConvergenceWarning: Stochastic Optimizer: Maximum iterations (100) reached and the optimization hasn't converged yet.
  warnings.warn(
/data/home/rtabares/anaconda3/envs/pyth3.12/lib/python3.12/site-packages/sklearn/neural_network/_multilayer_perceptron.py:691: ConvergenceWarning: Stochastic Optimizer: Maximum iterations (100) reached and the optimization hasn't converged yet.
  warnings.warn(
/data/home/rtabares/anaconda3/envs/pyth3.12/lib/python3.12/site-packages/sklearn/neural_network/_multilayer_perceptron.py:691: ConvergenceWarning: Stochastic Optimizer: Maximum iterations (100) reached and the optimization hasn't converged yet.
  warnings.warn(
/data/home/rtabares/anaconda3/envs/pyth3.12/lib/python3.12/site-packages/sklearn/neural_network/_multilayer_perceptron.py:691: ConvergenceWarning: Stochastic Optimizer: Maximum iterations (100) reached and the optimization hasn't converged yet.
  warnings.warn(
[I 2025-05-04 17:38:33,910] Trial 3 finished with value: 0.4 and parameters: {'hidden_layer_sizes': (200,), 'max_iter': 100, 'alpha': 0.0001}. Best is trial 1 with value: 0.55.
/data/home/rtabares/anaconda3/envs/pyth3.12/lib/python3.12/site-packages/sklearn/neural_network/_multilayer_perceptron.py:691: ConvergenceWarning: Stochastic Optimizer: Maximum iterations (100) reached and the optimization hasn't converged yet.
  warnings.warn(
/data/home/rtabares/anaconda3/envs/pyth3.12/lib/python3.12/site-packages/sklearn/neural_network/_multilayer_perceptron.py:691: ConvergenceWarning: Stochastic Optimizer: Maximum iterations (100) reached and the optimization hasn't converged yet.
  warnings.warn(
/data/home/rtabares/anaconda3/envs/pyth3.12/lib/python3.12/site-packages/sklearn/neural_network/_multilayer_perceptron.py:691: ConvergenceWarning: Stochastic Optimizer: Maximum iterations (100) reached and the optimization hasn't converged yet.
  warnings.warn(
/data/home/rtabares/anaconda3/envs/pyth3.12/lib/python3.12/site-packages/sklearn/neural_network/_multilayer_perceptron.py:691: ConvergenceWarning: Stochastic Optimizer: Maximum iterations (100) reached and the optimization hasn't converged yet.
  warnings.warn(
/data/home/rtabares/anaconda3/envs/pyth3.12/lib/python3.12/site-packages/sklearn/neural_network/_multilayer_perceptron.py:691: ConvergenceWarning: Stochastic Optimizer: Maximum iterations (100) reached and the optimization hasn't converged yet.
  warnings.warn(
