[I 2025-05-26 03:14:23,372] Trial 9 finished with value: 0.6 and parameters: {'n_estimators': 40, 'max_depth': 30, 'gamma': 0.9649927737686168, 'subsample': 0.6857563076640036, 'colsample_bytree': 0.5061847058001788}. Best is trial 4 with value: 0.75.
/data/home/rtabares/anaconda3/envs/pyth3.12/lib/python3.12/site-packages/xgboost/core.py:377: FutureWarning: Your system has an old version of glibc (< 2.28). We will stop supporting Linux distros with glibc older than 2.28 after **May 31, 2025**. Please upgrade to a recent Linux distro (with glibc >= 2.28) to use future versions of XGBoost.
Note: You have installed the 'manylinux2014' variant of XGBoost. Certain features such as GPU algorithms or federated learning are not available. To use these features, please upgrade to a recent Linux distro with glibc 2.28+, and install the 'manylinux_2_28' variant.
  warnings.warn(
/data/home/rtabares/anaconda3/envs/pyth3.12/lib/python3.12/site-packages/xgboost/core.py:377: FutureWarning: Your system has an old version of glibc (< 2.28). We will stop supporting Linux distros with glibc older than 2.28 after **May 31, 2025**. Please upgrade to a recent Linux distro (with glibc >= 2.28) to use future versions of XGBoost.
Note: You have installed the 'manylinux2014' variant of XGBoost. Certain features such as GPU algorithms or federated learning are not available. To use these features, please upgrade to a recent Linux distro with glibc 2.28+, and install the 'manylinux_2_28' variant.
  warnings.warn(
[I 2025-05-26 03:14:23,440] Trial 10 finished with value: 0.75 and parameters: {'n_estimators': 100, 'max_depth': 5, 'gamma': 0.17962098877423716, 'subsample': 0.8389320138640859, 'colsample_bytree': 0.7898330861721071}. Best is trial 4 with value: 0.75.
/data/home/rtabares/anaconda3/envs/pyth3.12/lib/python3.12/site-packages/xgboost/core.py:377: FutureWarning: Your system has an old version of glibc (< 2.28). We will stop supporting Linux distros with glibc older than 2.28 after **May 31, 2025**. Please upgrade to a recent Linux distro (with glibc >= 2.28) to use future versions of XGBoost.
Note: You have installed the 'manylinux2014' variant of XGBoost. Certain features such as GPU algorithms or federated learning are not available. To use these features, please upgrade to a recent Linux distro with glibc 2.28+, and install the 'manylinux_2_28' variant.
  warnings.warn(
/data/home/rtabares/anaconda3/envs/pyth3.12/lib/python3.12/site-packages/xgboost/core.py:377: FutureWarning: Your system has an old version of glibc (< 2.28). We will stop supporting Linux distros with glibc older than 2.28 after **May 31, 2025**. Please upgrade to a recent Linux distro (with glibc >= 2.28) to use future versions of XGBoost.
Note: You have installed the 'manylinux2014' variant of XGBoost. Certain features such as GPU algorithms or federated learning are not available. To use these features, please upgrade to a recent Linux distro with glibc 2.28+, and install the 'manylinux_2_28' variant.
  warnings.warn(
[I 2025-05-26 03:14:24,114] Trial 11 finished with value: 0.75 and parameters: {'n_estimators': 100, 'max_depth': 5, 'gamma': 0.1591775883705288, 'subsample': 0.8774284283276816, 'colsample_bytree': 0.8097265243812746}. Best is trial 4 with value: 0.75.
/data/home/rtabares/anaconda3/envs/pyth3.12/lib/python3.12/site-packages/xgboost/core.py:377: FutureWarning: Your system has an old version of glibc (< 2.28). We will stop supporting Linux distros with glibc older than 2.28 after **May 31, 2025**. Please upgrade to a recent Linux distro (with glibc >= 2.28) to use future versions of XGBoost.
Note: You have installed the 'manylinux2014' variant of XGBoost. Certain features such as GPU algorithms or federated learning are not available. To use these features, please upgrade to a recent Linux distro with glibc 2.28+, and install the 'manylinux_2_28' variant.
  warnings.warn(
[I 2025-05-26 03:14:24,873] Trial 12 finished with value: 0.75 and parameters: {'n_estimators': 100, 'max_depth': 5, 'gamma': 0.18274672203297868, 'subsample': 0.8313416403025244, 'colsample_bytree': 0.8595367734947966}. Best is trial 4 with value: 0.75.
/data/home/rtabares/anaconda3/envs/pyth3.12/lib/python3.12/site-packages/xgboost/core.py:377: FutureWarning: Your system has an old version of glibc (< 2.28). We will stop supporting Linux distros with glibc older than 2.28 after **May 31, 2025**. Please upgrade to a recent Linux distro (with glibc >= 2.28) to use future versions of XGBoost.
Note: You have installed the 'manylinux2014' variant of XGBoost. Certain features such as GPU algorithms or federated learning are not available. To use these features, please upgrade to a recent Linux distro with glibc 2.28+, and install the 'manylinux_2_28' variant.
  warnings.warn(
[I 2025-05-26 03:14:25,592] Trial 13 finished with value: 0.75 and parameters: {'n_estimators': 100, 'max_depth': 5, 'gamma': 0.9871324257333897, 'subsample': 0.9963547070195069, 'colsample_bytree': 0.6924810508973169}. Best is trial 4 with value: 0.75.
[I 2025-05-26 03:14:25,643] Trial 14 finished with value: 0.65 and parameters: {'n_estimators': 100, 'max_depth': 5, 'gamma': 0.37111477706867835, 'subsample': 0.8227735858018084, 'colsample_bytree': 0.8911802812134388}. Best is trial 4 with value: 0.75.
[I 2025-05-26 03:14:25,697] Trial 15 finished with value: 0.7 and parameters: {'n_estimators': 100, 'max_depth': 5, 'gamma': 0.26626655377772473, 'subsample': 0.928481072749908, 'colsample_bytree': 0.7227029601296806}. Best is trial 4 with value: 0.75.
/data/home/rtabares/anaconda3/envs/pyth3.12/lib/python3.12/site-packages/xgboost/core.py:377: FutureWarning: Your system has an old version of glibc (< 2.28). We will stop supporting Linux distros with glibc older than 2.28 after **May 31, 2025**. Please upgrade to a recent Linux distro (with glibc >= 2.28) to use future versions of XGBoost.
Note: You have installed the 'manylinux2014' variant of XGBoost. Certain features such as GPU algorithms or federated learning are not available. To use these features, please upgrade to a recent Linux distro with glibc 2.28+, and install the 'manylinux_2_28' variant.
  warnings.warn(
[I 2025-05-26 03:14:26,390] Trial 16 finished with value: 0.65 and parameters: {'n_estimators': 100, 'max_depth': 5, 'gamma': 0.5261641809341826, 'subsample': 0.8204536451844836, 'colsample_bytree': 0.8810094054474}. Best is trial 4 with value: 0.75.
[I 2025-05-26 03:14:26,440] Trial 17 finished with value: 0.75 and parameters: {'n_estimators': 100, 'max_depth': 5, 'gamma': 0.8876751471547545, 'subsample': 0.9299002368276699, 'colsample_bytree': 0.778756778442348}. Best is trial 4 with value: 0.75.
/data/home/rtabares/anaconda3/envs/pyth3.12/lib/python3.12/site-packages/xgboost/core.py:377: FutureWarning: Your system has an old version of glibc (< 2.28). We will stop supporting Linux distros with glibc older than 2.28 after **May 31, 2025**. Please upgrade to a recent Linux distro (with glibc >= 2.28) to use future versions of XGBoost.
Note: You have installed the 'manylinux2014' variant of XGBoost. Certain features such as GPU algorithms or federated learning are not available. To use these features, please upgrade to a recent Linux distro with glibc 2.28+, and install the 'manylinux_2_28' variant.
  warnings.warn(
[I 2025-05-26 03:14:27,096] Trial 18 finished with value: 0.7 and parameters: {'n_estimators': 40, 'max_depth': 5, 'gamma': 0.6748174168758873, 'subsample': 0.7586816732871638, 'colsample_bytree': 0.7241612051208073}. Best is trial 4 with value: 0.75.
[I 2025-05-26 03:14:27,135] Trial 19 finished with value: 0.7 and parameters: {'n_estimators': 10, 'max_depth': 20, 'gamma': 0.10151970633894503, 'subsample': 0.8685091181443586, 'colsample_bytree': 0.6676053359201292}. Best is trial 4 with value: 0.75.
[I 2025-05-26 03:14:29,912] A new study created in memory with name: rf
Parámetros guardados en checkpoint_shoppers_Dlatent_F/k-center/IPC_10/best_models_k-center_seed_5_space_latent/xgb_best_params.json


>>> Optuna tuning rf metodo k-center IPC 10 seed 5


[I 2025-05-26 03:14:33,097] Trial 0 finished with value: 0.5 and parameters: {'n_estimators': 189, 'max_depth': 18, 'min_samples_split': 3, 'min_samples_leaf': 10}. Best is trial 0 with value: 0.5.
[I 2025-05-26 03:14:33,701] Trial 1 finished with value: 0.5 and parameters: {'n_estimators': 295, 'max_depth': 14, 'min_samples_split': 8, 'min_samples_leaf': 6}. Best is trial 0 with value: 0.5.
[I 2025-05-26 03:14:33,971] Trial 2 finished with value: 0.5 and parameters: {'n_estimators': 219, 'max_depth': 6, 'min_samples_split': 2, 'min_samples_leaf': 8}. Best is trial 0 with value: 0.5.
[I 2025-05-26 03:14:34,333] Trial 3 finished with value: 0.75 and parameters: {'n_estimators': 276, 'max_depth': 5, 'min_samples_split': 9, 'min_samples_leaf': 3}. Best is trial 3 with value: 0.75.
[I 2025-05-26 03:14:34,669] Trial 4 finished with value: 0.6 and parameters: {'n_estimators': 266, 'max_depth': 8, 'min_samples_split': 7, 'min_samples_leaf': 6}. Best is trial 3 with value: 0.75.
[I 2025-05-26 03:14:35,068] Trial 5 finished with value: 0.8 and parameters: {'n_estimators': 340, 'max_depth': 7, 'min_samples_split': 4, 'min_samples_leaf': 3}. Best is trial 5 with value: 0.8.
[I 2025-05-26 03:14:35,404] Trial 6 finished with value: 0.5 and parameters: {'n_estimators': 231, 'max_depth': 5, 'min_samples_split': 3, 'min_samples_leaf': 10}. Best is trial 5 with value: 0.8.
[I 2025-05-26 03:14:35,935] Trial 7 finished with value: 0.65 and parameters: {'n_estimators': 485, 'max_depth': 6, 'min_samples_split': 2, 'min_samples_leaf': 3}. Best is trial 5 with value: 0.8.
[I 2025-05-26 03:14:36,427] Trial 8 finished with value: 0.55 and parameters: {'n_estimators': 380, 'max_depth': 17, 'min_samples_split': 2, 'min_samples_leaf': 6}. Best is trial 5 with value: 0.8.
[I 2025-05-26 03:14:36,602] Trial 9 finished with value: 0.5 and parameters: {'n_estimators': 100, 'max_depth': 12, 'min_samples_split': 7, 'min_samples_leaf': 10}. Best is trial 5 with value: 0.8.
[I 2025-05-26 03:14:37,110] Trial 10 finished with value: 0.65 and parameters: {'n_estimators': 384, 'max_depth': 10, 'min_samples_split': 5, 'min_samples_leaf': 2}. Best is trial 5 with value: 0.8.
[I 2025-05-26 03:14:38,274] Trial 11 finished with value: 0.65 and parameters: {'n_estimators': 364, 'max_depth': 4, 'min_samples_split': 10, 'min_samples_leaf': 4}. Best is trial 5 with value: 0.8.
[I 2025-05-26 03:14:39,506] Trial 12 finished with value: 0.8 and parameters: {'n_estimators': 463, 'max_depth': 3, 'min_samples_split': 5, 'min_samples_leaf': 1}. Best is trial 5 with value: 0.8.
[I 2025-05-26 03:14:40,860] Trial 13 finished with value: 0.7 and parameters: {'n_estimators': 487, 'max_depth': 9, 'min_samples_split': 5, 'min_samples_leaf': 1}. Best is trial 5 with value: 0.8.
[I 2025-05-26 03:14:41,405] Trial 14 finished with value: 0.65 and parameters: {'n_estimators': 434, 'max_depth': 3, 'min_samples_split': 5, 'min_samples_leaf': 1}. Best is trial 5 with value: 0.8.
[I 2025-05-26 03:14:41,904] Trial 15 finished with value: 0.7 and parameters: {'n_estimators': 347, 'max_depth': 8, 'min_samples_split': 4, 'min_samples_leaf': 4}. Best is trial 5 with value: 0.8.
[I 2025-05-26 03:14:42,419] Trial 16 finished with value: 0.8 and parameters: {'n_estimators': 442, 'max_depth': 13, 'min_samples_split': 6, 'min_samples_leaf': 2}. Best is trial 5 with value: 0.8.
[I 2025-05-26 03:14:42,940] Trial 17 finished with value: 0.7 and parameters: {'n_estimators': 429, 'max_depth': 3, 'min_samples_split': 4, 'min_samples_leaf': 4}. Best is trial 5 with value: 0.8.
[I 2025-05-26 03:14:43,385] Trial 18 finished with value: 0.75 and parameters: {'n_estimators': 318, 'max_depth': 7, 'min_samples_split': 6, 'min_samples_leaf': 2}. Best is trial 5 with value: 0.8.
[I 2025-05-26 03:14:43,912] Trial 19 finished with value: 0.75 and parameters: {'n_estimators': 409, 'max_depth': 10, 'min_samples_split': 4, 'min_samples_leaf': 1}. Best is trial 5 with value: 0.8.
[I 2025-05-26 03:14:46,568] A new study created in memory with name: svc
[I 2025-05-26 03:14:46,581] Trial 0 finished with value: 0.1 and parameters: {'C': 0.07726319876517104, 'gamma': 0.3040389504793042}. Best is trial 0 with value: 0.1.
[I 2025-05-26 03:14:46,594] Trial 1 finished with value: 0.1 and parameters: {'C': 0.06712381339142241, 'gamma': 0.47254549996710477}. Best is trial 0 with value: 0.1.
[I 2025-05-26 03:14:46,609] Trial 2 finished with value: 0.2 and parameters: {'C': 0.8987621100554035, 'gamma': 0.027988231123708972}. Best is trial 2 with value: 0.2.
[I 2025-05-26 03:14:47,252] Trial 3 finished with value: 0.25 and parameters: {'C': 11.5779435007655, 'gamma': 0.011848734045499056}. Best is trial 3 with value: 0.25.
Parámetros guardados en checkpoint_shoppers_Dlatent_F/k-center/IPC_10/best_models_k-center_seed_5_space_latent/rf_best_params.json


>>> Optuna tuning svc metodo k-center IPC 10 seed 5


[I 2025-05-26 03:14:49,559] Trial 4 finished with value: 0.5 and parameters: {'C': 0.1538870258903583, 'gamma': 0.0005634883151169033}. Best is trial 4 with value: 0.5.
[I 2025-05-26 03:14:49,727] Trial 5 finished with value: 0.15 and parameters: {'C': 0.021036092656561454, 'gamma': 0.08990030906808326}. Best is trial 4 with value: 0.5.
[I 2025-05-26 03:14:49,745] Trial 6 finished with value: 0.5 and parameters: {'C': 0.5824208201678516, 'gamma': 0.00042977333932534993}. Best is trial 4 with value: 0.5.
[I 2025-05-26 03:14:49,760] Trial 7 finished with value: 0.4 and parameters: {'C': 33.09391330085814, 'gamma': 0.001248377256719358}. Best is trial 4 with value: 0.5.
[I 2025-05-26 03:14:49,773] Trial 8 finished with value: 0.45 and parameters: {'C': 0.45387898639622015, 'gamma': 0.0015286910781809498}. Best is trial 4 with value: 0.5.
[I 2025-05-26 03:14:49,788] Trial 9 finished with value: 0.2 and parameters: {'C': 3.274550070431994, 'gamma': 0.02086177421469992}. Best is trial 4 with value: 0.5.
[I 2025-05-26 03:14:49,811] Trial 10 finished with value: 0.55 and parameters: {'C': 0.01015031429029542, 'gamma': 0.00010813284331811526}. Best is trial 10 with value: 0.55.
[I 2025-05-26 03:14:49,836] Trial 11 finished with value: 0.55 and parameters: {'C': 0.012423556702801345, 'gamma': 0.00015002301591608206}. Best is trial 10 with value: 0.55.
[I 2025-05-26 03:14:49,857] Trial 12 finished with value: 0.55 and parameters: {'C': 0.010021085351666738, 'gamma': 0.00018532269440152624}. Best is trial 10 with value: 0.55.
[I 2025-05-26 03:14:49,875] Trial 13 finished with value: 0.55 and parameters: {'C': 0.02775436928730861, 'gamma': 0.00014464039961368093}. Best is trial 10 with value: 0.55.
[I 2025-05-26 03:14:49,896] Trial 14 finished with value: 0.4 and parameters: {'C': 0.01065686570781519, 'gamma': 0.003186967478406197}. Best is trial 10 with value: 0.55.
[I 2025-05-26 03:14:49,918] Trial 15 finished with value: 0.55 and parameters: {'C': 0.14611975098134286, 'gamma': 0.0001009282324759116}. Best is trial 10 with value: 0.55.
[I 2025-05-26 03:14:50,583] Trial 16 finished with value: 0.3 and parameters: {'C': 3.061397902021056, 'gamma': 0.0042040774479193115}. Best is trial 10 with value: 0.55.
[I 2025-05-26 03:14:50,608] Trial 17 finished with value: 0.5 and parameters: {'C': 0.03411054297550388, 'gamma': 0.00047296759403983016}. Best is trial 10 with value: 0.55.
[I 2025-05-26 03:14:50,632] Trial 18 finished with value: 0.55 and parameters: {'C': 0.2317882364169278, 'gamma': 0.0003030689915795407}. Best is trial 10 with value: 0.55.
[I 2025-05-26 03:14:50,653] Trial 19 finished with value: 0.4 and parameters: {'C': 78.35065816224729, 'gamma': 0.001852238795714308}. Best is trial 10 with value: 0.55.
[I 2025-05-26 03:14:52,741] A new study created in memory with name: logreg
Parámetros guardados en checkpoint_shoppers_Dlatent_F/k-center/IPC_10/best_models_k-center_seed_5_space_latent/svc_best_params.json


>>> Optuna tuning logreg metodo k-center IPC 10 seed 5


[I 2025-05-26 03:14:56,559] Trial 0 finished with value: 0.4 and parameters: {'C': 0.012881482725481003, 'penalty': 'l2'}. Best is trial 0 with value: 0.4.
[I 2025-05-26 03:14:56,921] Trial 1 finished with value: 0.45 and parameters: {'C': 22.576755560681583, 'penalty': 'l2'}. Best is trial 1 with value: 0.45.
[I 2025-05-26 03:14:56,949] Trial 2 finished with value: 0.4 and parameters: {'C': 0.010804278656839932, 'penalty': 'l2'}. Best is trial 1 with value: 0.45.
[I 2025-05-26 03:14:57,601] Trial 3 finished with value: 0.45 and parameters: {'C': 39.17910760336117, 'penalty': 'l2'}. Best is trial 1 with value: 0.45.
[I 2025-05-26 03:14:57,626] Trial 4 finished with value: 0.4 and parameters: {'C': 0.2767298094062571, 'penalty': 'l2'}. Best is trial 1 with value: 0.45.
[I 2025-05-26 03:14:57,650] Trial 5 finished with value: 0.4 and parameters: {'C': 1.1447728330837224, 'penalty': 'l2'}. Best is trial 1 with value: 0.45.
[I 2025-05-26 03:14:57,674] Trial 6 finished with value: 0.45 and parameters: {'C': 6.753661388238877, 'penalty': 'l2'}. Best is trial 1 with value: 0.45.
[I 2025-05-26 03:14:58,343] Trial 7 finished with value: 0.4 and parameters: {'C': 0.39092184460352974, 'penalty': 'l2'}. Best is trial 1 with value: 0.45.
[I 2025-05-26 03:14:58,369] Trial 8 finished with value: 0.4 and parameters: {'C': 0.03047912590082646, 'penalty': 'l2'}. Best is trial 1 with value: 0.45.
[I 2025-05-26 03:14:58,394] Trial 9 finished with value: 0.4 and parameters: {'C': 0.008681727362499118, 'penalty': 'l2'}. Best is trial 1 with value: 0.45.
[I 2025-05-26 03:14:58,424] Trial 10 finished with value: 0.45 and parameters: {'C': 90.29867735508974, 'penalty': 'l2'}. Best is trial 1 with value: 0.45.
[I 2025-05-26 03:14:59,088] Trial 11 finished with value: 0.45 and parameters: {'C': 65.31936101889447, 'penalty': 'l2'}. Best is trial 1 with value: 0.45.
[I 2025-05-26 03:14:59,115] Trial 12 finished with value: 0.45 and parameters: {'C': 10.276946066829701, 'penalty': 'l2'}. Best is trial 1 with value: 0.45.
[I 2025-05-26 03:14:59,769] Trial 13 finished with value: 0.45 and parameters: {'C': 11.979406337571666, 'penalty': 'l2'}. Best is trial 1 with value: 0.45.
[I 2025-05-26 03:14:59,800] Trial 14 finished with value: 0.45 and parameters: {'C': 3.103885131392604, 'penalty': 'l2'}. Best is trial 1 with value: 0.45.
[I 2025-05-26 03:15:00,547] Trial 15 finished with value: 0.45 and parameters: {'C': 27.368605040072197, 'penalty': 'l2'}. Best is trial 1 with value: 0.45.
[I 2025-05-26 03:15:01,269] Trial 16 finished with value: 0.4 and parameters: {'C': 0.13344077328067044, 'penalty': 'l2'}. Best is trial 1 with value: 0.45.
[I 2025-05-26 03:15:01,301] Trial 17 finished with value: 0.45 and parameters: {'C': 0.0021318879744765045, 'penalty': 'l2'}. Best is trial 1 with value: 0.45.
[I 2025-05-26 03:15:01,331] Trial 18 finished with value: 0.45 and parameters: {'C': 1.8056426094216929, 'penalty': 'l2'}. Best is trial 1 with value: 0.45.
[I 2025-05-26 03:15:01,360] Trial 19 finished with value: 0.45 and parameters: {'C': 30.717532996538623, 'penalty': 'l2'}. Best is trial 1 with value: 0.45.
/data/home/rtabares/anaconda3/envs/pyth3.12/lib/python3.12/site-packages/xgboost/core.py:377: FutureWarning: Your system has an old version of glibc (< 2.28). We will stop supporting Linux distros with glibc older than 2.28 after **May 31, 2025**. Please upgrade to a recent Linux distro (with glibc >= 2.28) to use future versions of XGBoost.
Note: You have installed the 'manylinux2014' variant of XGBoost. Certain features such as GPU algorithms or federated learning are not available. To use these features, please upgrade to a recent Linux distro with glibc 2.28+, and install the 'manylinux_2_28' variant.
  warnings.warn(
/data/home/rtabares/anaconda3/envs/pyth3.12/lib/python3.12/site-packages/xgboost/core.py:377: FutureWarning: Your system has an old version of glibc (< 2.28). We will stop supporting Linux distros with glibc older than 2.28 after **May 31, 2025**. Please upgrade to a recent Linux distro (with glibc >= 2.28) to use future versions of XGBoost.
Note: You have installed the 'manylinux2014' variant of XGBoost. Certain features such as GPU algorithms or federated learning are not available. To use these features, please upgrade to a recent Linux distro with glibc 2.28+, and install the 'manylinux_2_28' variant.
  warnings.warn(
[I 2025-05-26 03:15:03,415] A new study created in memory with name: mlp
/data/home/rtabares/anaconda3/envs/pyth3.12/lib/python3.12/site-packages/sklearn/neural_network/_multilayer_perceptron.py:691: ConvergenceWarning: Stochastic Optimizer: Maximum iterations (50) reached and the optimization hasn't converged yet.
  warnings.warn(
/data/home/rtabares/anaconda3/envs/pyth3.12/lib/python3.12/site-packages/sklearn/neural_network/_multilayer_perceptron.py:691: ConvergenceWarning: Stochastic Optimizer: Maximum iterations (50) reached and the optimization hasn't converged yet.
  warnings.warn(
/data/home/rtabares/anaconda3/envs/pyth3.12/lib/python3.12/site-packages/sklearn/neural_network/_multilayer_perceptron.py:691: ConvergenceWarning: Stochastic Optimizer: Maximum iterations (50) reached and the optimization hasn't converged yet.
  warnings.warn(
/data/home/rtabares/anaconda3/envs/pyth3.12/lib/python3.12/site-packages/sklearn/neural_network/_multilayer_perceptron.py:691: ConvergenceWarning: Stochastic Optimizer: Maximum iterations (50) reached and the optimization hasn't converged yet.
  warnings.warn(
/data/home/rtabares/anaconda3/envs/pyth3.12/lib/python3.12/site-packages/sklearn/neural_network/_multilayer_perceptron.py:691: ConvergenceWarning: Stochastic Optimizer: Maximum iterations (50) reached and the optimization hasn't converged yet.
  warnings.warn(
