[I 2025-05-26 03:28:25,434] Trial 8 finished with value: 0.55 and parameters: {'n_estimators': 100, 'max_depth': 30, 'gamma': 0.2471398756881566, 'subsample': 0.8241126205332553, 'colsample_bytree': 0.6258070715852391}. Best is trial 5 with value: 0.7.
/data/home/rtabares/anaconda3/envs/pyth3.12/lib/python3.12/site-packages/xgboost/core.py:377: FutureWarning: Your system has an old version of glibc (< 2.28). We will stop supporting Linux distros with glibc older than 2.28 after **May 31, 2025**. Please upgrade to a recent Linux distro (with glibc >= 2.28) to use future versions of XGBoost.
Note: You have installed the 'manylinux2014' variant of XGBoost. Certain features such as GPU algorithms or federated learning are not available. To use these features, please upgrade to a recent Linux distro with glibc 2.28+, and install the 'manylinux_2_28' variant.
  warnings.warn(
/data/home/rtabares/anaconda3/envs/pyth3.12/lib/python3.12/site-packages/xgboost/core.py:377: FutureWarning: Your system has an old version of glibc (< 2.28). We will stop supporting Linux distros with glibc older than 2.28 after **May 31, 2025**. Please upgrade to a recent Linux distro (with glibc >= 2.28) to use future versions of XGBoost.
Note: You have installed the 'manylinux2014' variant of XGBoost. Certain features such as GPU algorithms or federated learning are not available. To use these features, please upgrade to a recent Linux distro with glibc 2.28+, and install the 'manylinux_2_28' variant.
  warnings.warn(
/data/home/rtabares/anaconda3/envs/pyth3.12/lib/python3.12/site-packages/xgboost/core.py:377: FutureWarning: Your system has an old version of glibc (< 2.28). We will stop supporting Linux distros with glibc older than 2.28 after **May 31, 2025**. Please upgrade to a recent Linux distro (with glibc >= 2.28) to use future versions of XGBoost.
Note: You have installed the 'manylinux2014' variant of XGBoost. Certain features such as GPU algorithms or federated learning are not available. To use these features, please upgrade to a recent Linux distro with glibc 2.28+, and install the 'manylinux_2_28' variant.
  warnings.warn(
[I 2025-05-26 03:28:25,483] Trial 9 finished with value: 0.5 and parameters: {'n_estimators': 40, 'max_depth': 30, 'gamma': 0.8599846034069103, 'subsample': 0.8019332783535529, 'colsample_bytree': 0.7936068454878676}. Best is trial 5 with value: 0.7.
/data/home/rtabares/anaconda3/envs/pyth3.12/lib/python3.12/site-packages/xgboost/core.py:377: FutureWarning: Your system has an old version of glibc (< 2.28). We will stop supporting Linux distros with glibc older than 2.28 after **May 31, 2025**. Please upgrade to a recent Linux distro (with glibc >= 2.28) to use future versions of XGBoost.
Note: You have installed the 'manylinux2014' variant of XGBoost. Certain features such as GPU algorithms or federated learning are not available. To use these features, please upgrade to a recent Linux distro with glibc 2.28+, and install the 'manylinux_2_28' variant.
  warnings.warn(
/data/home/rtabares/anaconda3/envs/pyth3.12/lib/python3.12/site-packages/xgboost/core.py:377: FutureWarning: Your system has an old version of glibc (< 2.28). We will stop supporting Linux distros with glibc older than 2.28 after **May 31, 2025**. Please upgrade to a recent Linux distro (with glibc >= 2.28) to use future versions of XGBoost.
Note: You have installed the 'manylinux2014' variant of XGBoost. Certain features such as GPU algorithms or federated learning are not available. To use these features, please upgrade to a recent Linux distro with glibc 2.28+, and install the 'manylinux_2_28' variant.
  warnings.warn(
/data/home/rtabares/anaconda3/envs/pyth3.12/lib/python3.12/site-packages/xgboost/core.py:377: FutureWarning: Your system has an old version of glibc (< 2.28). We will stop supporting Linux distros with glibc older than 2.28 after **May 31, 2025**. Please upgrade to a recent Linux distro (with glibc >= 2.28) to use future versions of XGBoost.
Note: You have installed the 'manylinux2014' variant of XGBoost. Certain features such as GPU algorithms or federated learning are not available. To use these features, please upgrade to a recent Linux distro with glibc 2.28+, and install the 'manylinux_2_28' variant.
  warnings.warn(
[I 2025-05-26 03:28:25,557] Trial 10 finished with value: 0.55 and parameters: {'n_estimators': 40, 'max_depth': 5, 'gamma': 0.11132541504315885, 'subsample': 0.5064520294339674, 'colsample_bytree': 0.5354388651065751}. Best is trial 5 with value: 0.7.
/data/home/rtabares/anaconda3/envs/pyth3.12/lib/python3.12/site-packages/xgboost/core.py:377: FutureWarning: Your system has an old version of glibc (< 2.28). We will stop supporting Linux distros with glibc older than 2.28 after **May 31, 2025**. Please upgrade to a recent Linux distro (with glibc >= 2.28) to use future versions of XGBoost.
Note: You have installed the 'manylinux2014' variant of XGBoost. Certain features such as GPU algorithms or federated learning are not available. To use these features, please upgrade to a recent Linux distro with glibc 2.28+, and install the 'manylinux_2_28' variant.
  warnings.warn(
/data/home/rtabares/anaconda3/envs/pyth3.12/lib/python3.12/site-packages/xgboost/core.py:377: FutureWarning: Your system has an old version of glibc (< 2.28). We will stop supporting Linux distros with glibc older than 2.28 after **May 31, 2025**. Please upgrade to a recent Linux distro (with glibc >= 2.28) to use future versions of XGBoost.
Note: You have installed the 'manylinux2014' variant of XGBoost. Certain features such as GPU algorithms or federated learning are not available. To use these features, please upgrade to a recent Linux distro with glibc 2.28+, and install the 'manylinux_2_28' variant.
  warnings.warn(
[I 2025-05-26 03:28:26,288] Trial 11 finished with value: 0.6 and parameters: {'n_estimators': 10, 'max_depth': 20, 'gamma': 0.39716937953430387, 'subsample': 0.6667149307361668, 'colsample_bytree': 0.5333286437751023}. Best is trial 5 with value: 0.7.
[I 2025-05-26 03:28:26,330] Trial 12 finished with value: 0.65 and parameters: {'n_estimators': 40, 'max_depth': 20, 'gamma': 0.3273879186161104, 'subsample': 0.6374010179857792, 'colsample_bytree': 0.6111548578083786}. Best is trial 5 with value: 0.7.
/data/home/rtabares/anaconda3/envs/pyth3.12/lib/python3.12/site-packages/xgboost/core.py:377: FutureWarning: Your system has an old version of glibc (< 2.28). We will stop supporting Linux distros with glibc older than 2.28 after **May 31, 2025**. Please upgrade to a recent Linux distro (with glibc >= 2.28) to use future versions of XGBoost.
Note: You have installed the 'manylinux2014' variant of XGBoost. Certain features such as GPU algorithms or federated learning are not available. To use these features, please upgrade to a recent Linux distro with glibc 2.28+, and install the 'manylinux_2_28' variant.
  warnings.warn(
[I 2025-05-26 03:28:26,988] Trial 13 finished with value: 0.6 and parameters: {'n_estimators': 10, 'max_depth': 5, 'gamma': 0.6311557959742791, 'subsample': 0.604164915422329, 'colsample_bytree': 0.9723803105189878}. Best is trial 5 with value: 0.7.
/data/home/rtabares/anaconda3/envs/pyth3.12/lib/python3.12/site-packages/xgboost/core.py:377: FutureWarning: Your system has an old version of glibc (< 2.28). We will stop supporting Linux distros with glibc older than 2.28 after **May 31, 2025**. Please upgrade to a recent Linux distro (with glibc >= 2.28) to use future versions of XGBoost.
Note: You have installed the 'manylinux2014' variant of XGBoost. Certain features such as GPU algorithms or federated learning are not available. To use these features, please upgrade to a recent Linux distro with glibc 2.28+, and install the 'manylinux_2_28' variant.
  warnings.warn(
[I 2025-05-26 03:28:27,664] Trial 14 finished with value: 0.65 and parameters: {'n_estimators': 100, 'max_depth': 20, 'gamma': 0.49822979487079555, 'subsample': 0.7282468488291374, 'colsample_bytree': 0.5013541727082262}. Best is trial 5 with value: 0.7.
/data/home/rtabares/anaconda3/envs/pyth3.12/lib/python3.12/site-packages/xgboost/core.py:377: FutureWarning: Your system has an old version of glibc (< 2.28). We will stop supporting Linux distros with glibc older than 2.28 after **May 31, 2025**. Please upgrade to a recent Linux distro (with glibc >= 2.28) to use future versions of XGBoost.
Note: You have installed the 'manylinux2014' variant of XGBoost. Certain features such as GPU algorithms or federated learning are not available. To use these features, please upgrade to a recent Linux distro with glibc 2.28+, and install the 'manylinux_2_28' variant.
  warnings.warn(
[I 2025-05-26 03:28:28,380] Trial 15 finished with value: 0.5 and parameters: {'n_estimators': 40, 'max_depth': 20, 'gamma': 0.25263262749385673, 'subsample': 0.5126758315622729, 'colsample_bytree': 0.7777679732343337}. Best is trial 5 with value: 0.7.
[I 2025-05-26 03:28:28,416] Trial 16 finished with value: 0.55 and parameters: {'n_estimators': 10, 'max_depth': 5, 'gamma': 0.7605096233409349, 'subsample': 0.8778533814565002, 'colsample_bytree': 0.5942678261843173}. Best is trial 5 with value: 0.7.
[I 2025-05-26 03:28:28,454] Trial 17 finished with value: 0.6 and parameters: {'n_estimators': 40, 'max_depth': 20, 'gamma': 0.6065941966129509, 'subsample': 0.6898743396113027, 'colsample_bytree': 0.6819289244135875}. Best is trial 5 with value: 0.7.
/data/home/rtabares/anaconda3/envs/pyth3.12/lib/python3.12/site-packages/xgboost/core.py:377: FutureWarning: Your system has an old version of glibc (< 2.28). We will stop supporting Linux distros with glibc older than 2.28 after **May 31, 2025**. Please upgrade to a recent Linux distro (with glibc >= 2.28) to use future versions of XGBoost.
Note: You have installed the 'manylinux2014' variant of XGBoost. Certain features such as GPU algorithms or federated learning are not available. To use these features, please upgrade to a recent Linux distro with glibc 2.28+, and install the 'manylinux_2_28' variant.
  warnings.warn(
[I 2025-05-26 03:28:29,209] Trial 18 finished with value: 0.55 and parameters: {'n_estimators': 10, 'max_depth': 20, 'gamma': 0.1546048048996151, 'subsample': 0.75564025339754, 'colsample_bytree': 0.8271516921797881}. Best is trial 5 with value: 0.7.
[I 2025-05-26 03:28:29,258] Trial 19 finished with value: 0.65 and parameters: {'n_estimators': 100, 'max_depth': 20, 'gamma': 0.4042009220552282, 'subsample': 0.5658140207178997, 'colsample_bytree': 0.5824883862041539}. Best is trial 5 with value: 0.7.
[I 2025-05-26 03:28:31,606] A new study created in memory with name: rf
[I 2025-05-26 03:28:35,791] Trial 0 finished with value: 0.6 and parameters: {'n_estimators': 458, 'max_depth': 8, 'min_samples_split': 9, 'min_samples_leaf': 1}. Best is trial 0 with value: 0.6.
Parámetros guardados en checkpoint_shoppers_Dlatent_F/k-center/IPC_10/best_models_k-center_seed_6_space_latent/xgb_best_params.json


>>> Optuna tuning rf metodo k-center IPC 10 seed 6


[I 2025-05-26 03:28:36,449] Trial 1 finished with value: 0.55 and parameters: {'n_estimators': 143, 'max_depth': 13, 'min_samples_split': 6, 'min_samples_leaf': 5}. Best is trial 0 with value: 0.6.
[I 2025-05-26 03:28:36,768] Trial 2 finished with value: 0.5 and parameters: {'n_estimators': 234, 'max_depth': 14, 'min_samples_split': 5, 'min_samples_leaf': 8}. Best is trial 0 with value: 0.6.
[I 2025-05-26 03:28:37,166] Trial 3 finished with value: 0.5 and parameters: {'n_estimators': 307, 'max_depth': 13, 'min_samples_split': 7, 'min_samples_leaf': 10}. Best is trial 0 with value: 0.6.
[I 2025-05-26 03:28:37,654] Trial 4 finished with value: 0.5 and parameters: {'n_estimators': 428, 'max_depth': 10, 'min_samples_split': 9, 'min_samples_leaf': 9}. Best is trial 0 with value: 0.6.
[I 2025-05-26 03:28:37,842] Trial 5 finished with value: 0.5 and parameters: {'n_estimators': 121, 'max_depth': 15, 'min_samples_split': 9, 'min_samples_leaf': 8}. Best is trial 0 with value: 0.6.
[I 2025-05-26 03:28:38,319] Trial 6 finished with value: 0.5 and parameters: {'n_estimators': 384, 'max_depth': 12, 'min_samples_split': 3, 'min_samples_leaf': 10}. Best is trial 0 with value: 0.6.
[I 2025-05-26 03:28:38,660] Trial 7 finished with value: 0.5 and parameters: {'n_estimators': 261, 'max_depth': 6, 'min_samples_split': 8, 'min_samples_leaf': 10}. Best is trial 0 with value: 0.6.
[I 2025-05-26 03:28:38,969] Trial 8 finished with value: 0.5 and parameters: {'n_estimators': 202, 'max_depth': 15, 'min_samples_split': 7, 'min_samples_leaf': 8}. Best is trial 0 with value: 0.6.
[I 2025-05-26 03:28:39,517] Trial 9 finished with value: 0.55 and parameters: {'n_estimators': 475, 'max_depth': 9, 'min_samples_split': 4, 'min_samples_leaf': 5}. Best is trial 0 with value: 0.6.
[I 2025-05-26 03:28:39,943] Trial 10 finished with value: 0.6 and parameters: {'n_estimators': 352, 'max_depth': 20, 'min_samples_split': 10, 'min_samples_leaf': 1}. Best is trial 0 with value: 0.6.
[I 2025-05-26 03:28:40,389] Trial 11 finished with value: 0.65 and parameters: {'n_estimators': 363, 'max_depth': 20, 'min_samples_split': 10, 'min_samples_leaf': 1}. Best is trial 11 with value: 0.65.
[I 2025-05-26 03:28:40,992] Trial 12 finished with value: 0.65 and parameters: {'n_estimators': 489, 'max_depth': 4, 'min_samples_split': 10, 'min_samples_leaf': 1}. Best is trial 11 with value: 0.65.
[I 2025-05-26 03:28:42,133] Trial 13 finished with value: 0.6 and parameters: {'n_estimators': 396, 'max_depth': 3, 'min_samples_split': 10, 'min_samples_leaf': 3}. Best is trial 11 with value: 0.65.
[I 2025-05-26 03:28:43,177] Trial 14 finished with value: 0.65 and parameters: {'n_estimators': 339, 'max_depth': 19, 'min_samples_split': 2, 'min_samples_leaf': 3}. Best is trial 11 with value: 0.65.
[I 2025-05-26 03:28:43,737] Trial 15 finished with value: 0.6 and parameters: {'n_estimators': 479, 'max_depth': 3, 'min_samples_split': 10, 'min_samples_leaf': 3}. Best is trial 11 with value: 0.65.
[I 2025-05-26 03:28:44,316] Trial 16 finished with value: 0.6 and parameters: {'n_estimators': 495, 'max_depth': 17, 'min_samples_split': 8, 'min_samples_leaf': 2}. Best is trial 11 with value: 0.65.
[I 2025-05-26 03:28:44,812] Trial 17 finished with value: 0.6 and parameters: {'n_estimators': 420, 'max_depth': 5, 'min_samples_split': 8, 'min_samples_leaf': 6}. Best is trial 11 with value: 0.65.
[I 2025-05-26 03:28:45,147] Trial 18 finished with value: 0.65 and parameters: {'n_estimators': 296, 'max_depth': 18, 'min_samples_split': 7, 'min_samples_leaf': 2}. Best is trial 11 with value: 0.65.
[I 2025-05-26 03:28:45,546] Trial 19 finished with value: 0.55 and parameters: {'n_estimators': 351, 'max_depth': 7, 'min_samples_split': 5, 'min_samples_leaf': 6}. Best is trial 11 with value: 0.65.
[I 2025-05-26 03:28:48,163] A new study created in memory with name: svc
Parámetros guardados en checkpoint_shoppers_Dlatent_F/k-center/IPC_10/best_models_k-center_seed_6_space_latent/rf_best_params.json


>>> Optuna tuning svc metodo k-center IPC 10 seed 6


[I 2025-05-26 03:28:51,293] Trial 0 finished with value: 0.35 and parameters: {'C': 37.27697013499731, 'gamma': 0.0021277432488243223}. Best is trial 0 with value: 0.35.
[I 2025-05-26 03:28:51,622] Trial 1 finished with value: 0.5 and parameters: {'C': 19.271543171162776, 'gamma': 0.00014682043379470554}. Best is trial 1 with value: 0.5.
[I 2025-05-26 03:28:51,639] Trial 2 finished with value: 0.25 and parameters: {'C': 0.0269542169583157, 'gamma': 0.023999835049635022}. Best is trial 1 with value: 0.5.
[I 2025-05-26 03:28:51,664] Trial 3 finished with value: 0.25 and parameters: {'C': 1.3160410886450586, 'gamma': 0.0047340159215720195}. Best is trial 1 with value: 0.5.
[I 2025-05-26 03:28:51,678] Trial 4 finished with value: 0.2 and parameters: {'C': 0.21959952535674737, 'gamma': 0.030908485742507576}. Best is trial 1 with value: 0.5.
[I 2025-05-26 03:28:51,691] Trial 5 finished with value: 0.2 and parameters: {'C': 0.5656733313644114, 'gamma': 0.08780685564625502}. Best is trial 1 with value: 0.5.
[I 2025-05-26 03:28:51,705] Trial 6 finished with value: 0.25 and parameters: {'C': 1.1807165425157664, 'gamma': 0.020674470756231633}. Best is trial 1 with value: 0.5.
[I 2025-05-26 03:28:51,719] Trial 7 finished with value: 0.25 and parameters: {'C': 3.8143486186647126, 'gamma': 0.9138966502602072}. Best is trial 1 with value: 0.5.
[I 2025-05-26 03:28:51,733] Trial 8 finished with value: 0.3 and parameters: {'C': 19.029737066374768, 'gamma': 0.004495766421289856}. Best is trial 1 with value: 0.5.
[I 2025-05-26 03:28:51,747] Trial 9 finished with value: 0.4 and parameters: {'C': 31.994153257994277, 'gamma': 0.19725941020937518}. Best is trial 1 with value: 0.5.
[I 2025-05-26 03:28:51,771] Trial 10 finished with value: 0.5 and parameters: {'C': 96.48544976930573, 'gamma': 0.00012227600695838894}. Best is trial 1 with value: 0.5.
[I 2025-05-26 03:28:52,468] Trial 11 finished with value: 0.45 and parameters: {'C': 85.03243023158656, 'gamma': 0.00011086875428339677}. Best is trial 1 with value: 0.5.
[I 2025-05-26 03:28:52,492] Trial 12 finished with value: 0.55 and parameters: {'C': 7.30045377683191, 'gamma': 0.00011761120437363941}. Best is trial 12 with value: 0.55.
[I 2025-05-26 03:28:53,222] Trial 13 finished with value: 0.45 and parameters: {'C': 7.370049915374183, 'gamma': 0.000582009164639594}. Best is trial 12 with value: 0.55.
[I 2025-05-26 03:28:53,252] Trial 14 finished with value: 0.4 and parameters: {'C': 6.660464740239264, 'gamma': 0.000534943227790429}. Best is trial 12 with value: 0.55.
[I 2025-05-26 03:28:53,276] Trial 15 finished with value: 0.4 and parameters: {'C': 13.253101809659825, 'gamma': 0.0005051449628840604}. Best is trial 12 with value: 0.55.
[I 2025-05-26 03:28:53,295] Trial 16 finished with value: 0.35 and parameters: {'C': 3.2002685643795457, 'gamma': 0.001461100764243362}. Best is trial 12 with value: 0.55.
[I 2025-05-26 03:28:53,945] Trial 17 finished with value: 0.6 and parameters: {'C': 0.13425598827686017, 'gamma': 0.0002977076482950517}. Best is trial 17 with value: 0.6.
[I 2025-05-26 03:28:53,977] Trial 18 finished with value: 0.6 and parameters: {'C': 0.06884001198268863, 'gamma': 0.00030751633618161567}. Best is trial 17 with value: 0.6.
[I 2025-05-26 03:28:53,999] Trial 19 finished with value: 0.6 and parameters: {'C': 0.04442657953936565, 'gamma': 0.00031525954596849424}. Best is trial 17 with value: 0.6.
/data/home/rtabares/anaconda3/envs/pyth3.12/lib/python3.12/site-packages/xgboost/core.py:377: FutureWarning: Your system has an old version of glibc (< 2.28). We will stop supporting Linux distros with glibc older than 2.28 after **May 31, 2025**. Please upgrade to a recent Linux distro (with glibc >= 2.28) to use future versions of XGBoost.
Note: You have installed the 'manylinux2014' variant of XGBoost. Certain features such as GPU algorithms or federated learning are not available. To use these features, please upgrade to a recent Linux distro with glibc 2.28+, and install the 'manylinux_2_28' variant.
  warnings.warn(
[I 2025-05-26 03:28:55,864] A new study created in memory with name: logreg
Parámetros guardados en checkpoint_shoppers_Dlatent_F/k-center/IPC_10/best_models_k-center_seed_6_space_latent/svc_best_params.json


>>> Optuna tuning logreg metodo k-center IPC 10 seed 6


[I 2025-05-26 03:28:59,342] Trial 0 finished with value: 0.55 and parameters: {'C': 29.127335430981816, 'penalty': 'l2'}. Best is trial 0 with value: 0.55.
[I 2025-05-26 03:29:00,409] Trial 1 finished with value: 0.55 and parameters: {'C': 0.045698192893558344, 'penalty': 'l2'}. Best is trial 0 with value: 0.55.
[I 2025-05-26 03:29:00,436] Trial 2 finished with value: 0.55 and parameters: {'C': 12.768668597712947, 'penalty': 'l2'}. Best is trial 0 with value: 0.55.
[I 2025-05-26 03:29:01,165] Trial 3 finished with value: 0.6 and parameters: {'C': 0.0016161554408462638, 'penalty': 'l2'}. Best is trial 3 with value: 0.6.
[I 2025-05-26 03:29:01,178] Trial 4 finished with value: 0.6 and parameters: {'C': 0.0034536903703241734, 'penalty': 'l2'}. Best is trial 3 with value: 0.6.
[I 2025-05-26 03:29:01,211] Trial 5 finished with value: 0.55 and parameters: {'C': 0.9446269266990148, 'penalty': 'l2'}. Best is trial 3 with value: 0.6.
[I 2025-05-26 03:29:01,234] Trial 6 finished with value: 0.55 and parameters: {'C': 0.4457453393648168, 'penalty': 'l2'}. Best is trial 3 with value: 0.6.
[I 2025-05-26 03:29:01,256] Trial 7 finished with value: 0.6 and parameters: {'C': 0.12417585037258261, 'penalty': 'l2'}. Best is trial 3 with value: 0.6.
[I 2025-05-26 03:29:01,279] Trial 8 finished with value: 0.55 and parameters: {'C': 0.04753781830244093, 'penalty': 'l2'}. Best is trial 3 with value: 0.6.
[I 2025-05-26 03:29:01,303] Trial 9 finished with value: 0.55 and parameters: {'C': 1.2959766028194148, 'penalty': 'l2'}. Best is trial 3 with value: 0.6.
[I 2025-05-26 03:29:01,333] Trial 10 finished with value: 0.6 and parameters: {'C': 0.0027493237597083523, 'penalty': 'l2'}. Best is trial 3 with value: 0.6.
[I 2025-05-26 03:29:01,998] Trial 11 finished with value: 0.65 and parameters: {'C': 0.001163038906231015, 'penalty': 'l2'}. Best is trial 11 with value: 0.65.
[I 2025-05-26 03:29:02,030] Trial 12 finished with value: 0.65 and parameters: {'C': 0.001155896563213187, 'penalty': 'l2'}. Best is trial 11 with value: 0.65.
[I 2025-05-26 03:29:02,777] Trial 13 finished with value: 0.6 and parameters: {'C': 0.009248423939416502, 'penalty': 'l2'}. Best is trial 11 with value: 0.65.
[I 2025-05-26 03:29:03,529] Trial 14 finished with value: 0.65 and parameters: {'C': 0.0011697673374438603, 'penalty': 'l2'}. Best is trial 11 with value: 0.65.
[I 2025-05-26 03:29:03,558] Trial 15 finished with value: 0.6 and parameters: {'C': 0.011933570800202574, 'penalty': 'l2'}. Best is trial 11 with value: 0.65.
