[I 2025-05-26 03:15:37,806] Trial 7 finished with value: 0.55 and parameters: {'n_estimators': 10, 'max_depth': 30, 'gamma': 0.8165284487704038, 'subsample': 0.5255714015506736, 'colsample_bytree': 0.594333867896554}. Best is trial 4 with value: 0.65.
/data/home/rtabares/anaconda3/envs/pyth3.12/lib/python3.12/site-packages/xgboost/core.py:377: FutureWarning: Your system has an old version of glibc (< 2.28). We will stop supporting Linux distros with glibc older than 2.28 after **May 31, 2025**. Please upgrade to a recent Linux distro (with glibc >= 2.28) to use future versions of XGBoost.
Note: You have installed the 'manylinux2014' variant of XGBoost. Certain features such as GPU algorithms or federated learning are not available. To use these features, please upgrade to a recent Linux distro with glibc 2.28+, and install the 'manylinux_2_28' variant.
  warnings.warn(
/data/home/rtabares/anaconda3/envs/pyth3.12/lib/python3.12/site-packages/xgboost/core.py:377: FutureWarning: Your system has an old version of glibc (< 2.28). We will stop supporting Linux distros with glibc older than 2.28 after **May 31, 2025**. Please upgrade to a recent Linux distro (with glibc >= 2.28) to use future versions of XGBoost.
Note: You have installed the 'manylinux2014' variant of XGBoost. Certain features such as GPU algorithms or federated learning are not available. To use these features, please upgrade to a recent Linux distro with glibc 2.28+, and install the 'manylinux_2_28' variant.
  warnings.warn(
/data/home/rtabares/anaconda3/envs/pyth3.12/lib/python3.12/site-packages/xgboost/core.py:377: FutureWarning: Your system has an old version of glibc (< 2.28). We will stop supporting Linux distros with glibc older than 2.28 after **May 31, 2025**. Please upgrade to a recent Linux distro (with glibc >= 2.28) to use future versions of XGBoost.
Note: You have installed the 'manylinux2014' variant of XGBoost. Certain features such as GPU algorithms or federated learning are not available. To use these features, please upgrade to a recent Linux distro with glibc 2.28+, and install the 'manylinux_2_28' variant.
  warnings.warn(
[I 2025-05-26 03:15:37,864] Trial 8 finished with value: 0.55 and parameters: {'n_estimators': 100, 'max_depth': 20, 'gamma': 0.6251497693480509, 'subsample': 0.9696496759824258, 'colsample_bytree': 0.9717700410079397}. Best is trial 4 with value: 0.65.
/data/home/rtabares/anaconda3/envs/pyth3.12/lib/python3.12/site-packages/xgboost/core.py:377: FutureWarning: Your system has an old version of glibc (< 2.28). We will stop supporting Linux distros with glibc older than 2.28 after **May 31, 2025**. Please upgrade to a recent Linux distro (with glibc >= 2.28) to use future versions of XGBoost.
Note: You have installed the 'manylinux2014' variant of XGBoost. Certain features such as GPU algorithms or federated learning are not available. To use these features, please upgrade to a recent Linux distro with glibc 2.28+, and install the 'manylinux_2_28' variant.
  warnings.warn(
/data/home/rtabares/anaconda3/envs/pyth3.12/lib/python3.12/site-packages/xgboost/core.py:377: FutureWarning: Your system has an old version of glibc (< 2.28). We will stop supporting Linux distros with glibc older than 2.28 after **May 31, 2025**. Please upgrade to a recent Linux distro (with glibc >= 2.28) to use future versions of XGBoost.
Note: You have installed the 'manylinux2014' variant of XGBoost. Certain features such as GPU algorithms or federated learning are not available. To use these features, please upgrade to a recent Linux distro with glibc 2.28+, and install the 'manylinux_2_28' variant.
  warnings.warn(
[I 2025-05-26 03:15:37,921] Trial 9 finished with value: 0.7 and parameters: {'n_estimators': 40, 'max_depth': 30, 'gamma': 0.9649927737686168, 'subsample': 0.6857563076640036, 'colsample_bytree': 0.5061847058001788}. Best is trial 9 with value: 0.7.
/data/home/rtabares/anaconda3/envs/pyth3.12/lib/python3.12/site-packages/xgboost/core.py:377: FutureWarning: Your system has an old version of glibc (< 2.28). We will stop supporting Linux distros with glibc older than 2.28 after **May 31, 2025**. Please upgrade to a recent Linux distro (with glibc >= 2.28) to use future versions of XGBoost.
Note: You have installed the 'manylinux2014' variant of XGBoost. Certain features such as GPU algorithms or federated learning are not available. To use these features, please upgrade to a recent Linux distro with glibc 2.28+, and install the 'manylinux_2_28' variant.
  warnings.warn(
/data/home/rtabares/anaconda3/envs/pyth3.12/lib/python3.12/site-packages/xgboost/core.py:377: FutureWarning: Your system has an old version of glibc (< 2.28). We will stop supporting Linux distros with glibc older than 2.28 after **May 31, 2025**. Please upgrade to a recent Linux distro (with glibc >= 2.28) to use future versions of XGBoost.
Note: You have installed the 'manylinux2014' variant of XGBoost. Certain features such as GPU algorithms or federated learning are not available. To use these features, please upgrade to a recent Linux distro with glibc 2.28+, and install the 'manylinux_2_28' variant.
  warnings.warn(
[I 2025-05-26 03:15:37,991] Trial 10 finished with value: 0.65 and parameters: {'n_estimators': 40, 'max_depth': 30, 'gamma': 0.9862249721904246, 'subsample': 0.685188884228765, 'colsample_bytree': 0.7898330861721071}. Best is trial 9 with value: 0.7.
[I 2025-05-26 03:15:38,043] Trial 11 finished with value: 0.75 and parameters: {'n_estimators': 40, 'max_depth': 5, 'gamma': 0.9966856929320722, 'subsample': 0.8334036599110649, 'colsample_bytree': 0.5021847705422506}. Best is trial 11 with value: 0.75.
/data/home/rtabares/anaconda3/envs/pyth3.12/lib/python3.12/site-packages/xgboost/core.py:377: FutureWarning: Your system has an old version of glibc (< 2.28). We will stop supporting Linux distros with glibc older than 2.28 after **May 31, 2025**. Please upgrade to a recent Linux distro (with glibc >= 2.28) to use future versions of XGBoost.
Note: You have installed the 'manylinux2014' variant of XGBoost. Certain features such as GPU algorithms or federated learning are not available. To use these features, please upgrade to a recent Linux distro with glibc 2.28+, and install the 'manylinux_2_28' variant.
  warnings.warn(
[I 2025-05-26 03:15:38,749] Trial 12 finished with value: 0.65 and parameters: {'n_estimators': 40, 'max_depth': 5, 'gamma': 0.9798807664352844, 'subsample': 0.8236195543954803, 'colsample_bytree': 0.7136404265878388}. Best is trial 11 with value: 0.75.
[I 2025-05-26 03:15:38,788] Trial 13 finished with value: 0.6 and parameters: {'n_estimators': 40, 'max_depth': 30, 'gamma': 0.15813912455139084, 'subsample': 0.8340464601699463, 'colsample_bytree': 0.5202216461765926}. Best is trial 11 with value: 0.75.
/data/home/rtabares/anaconda3/envs/pyth3.12/lib/python3.12/site-packages/xgboost/core.py:377: FutureWarning: Your system has an old version of glibc (< 2.28). We will stop supporting Linux distros with glibc older than 2.28 after **May 31, 2025**. Please upgrade to a recent Linux distro (with glibc >= 2.28) to use future versions of XGBoost.
Note: You have installed the 'manylinux2014' variant of XGBoost. Certain features such as GPU algorithms or federated learning are not available. To use these features, please upgrade to a recent Linux distro with glibc 2.28+, and install the 'manylinux_2_28' variant.
  warnings.warn(
[I 2025-05-26 03:15:39,571] Trial 14 finished with value: 0.6 and parameters: {'n_estimators': 40, 'max_depth': 5, 'gamma': 0.9936951226221024, 'subsample': 0.6539242911557008, 'colsample_bytree': 0.8469594507138427}. Best is trial 11 with value: 0.75.
/data/home/rtabares/anaconda3/envs/pyth3.12/lib/python3.12/site-packages/xgboost/core.py:377: FutureWarning: Your system has an old version of glibc (< 2.28). We will stop supporting Linux distros with glibc older than 2.28 after **May 31, 2025**. Please upgrade to a recent Linux distro (with glibc >= 2.28) to use future versions of XGBoost.
Note: You have installed the 'manylinux2014' variant of XGBoost. Certain features such as GPU algorithms or federated learning are not available. To use these features, please upgrade to a recent Linux distro with glibc 2.28+, and install the 'manylinux_2_28' variant.
  warnings.warn(
[I 2025-05-26 03:15:40,260] Trial 15 finished with value: 0.6 and parameters: {'n_estimators': 40, 'max_depth': 30, 'gamma': 0.6980902759961026, 'subsample': 0.7988946562949234, 'colsample_bytree': 0.6613035410559471}. Best is trial 11 with value: 0.75.
[I 2025-05-26 03:15:40,304] Trial 16 finished with value: 0.65 and parameters: {'n_estimators': 40, 'max_depth': 5, 'gamma': 0.8640476610182237, 'subsample': 0.6370120071528593, 'colsample_bytree': 0.5970023747110981}. Best is trial 11 with value: 0.75.
/data/home/rtabares/anaconda3/envs/pyth3.12/lib/python3.12/site-packages/xgboost/core.py:377: FutureWarning: Your system has an old version of glibc (< 2.28). We will stop supporting Linux distros with glibc older than 2.28 after **May 31, 2025**. Please upgrade to a recent Linux distro (with glibc >= 2.28) to use future versions of XGBoost.
Note: You have installed the 'manylinux2014' variant of XGBoost. Certain features such as GPU algorithms or federated learning are not available. To use these features, please upgrade to a recent Linux distro with glibc 2.28+, and install the 'manylinux_2_28' variant.
  warnings.warn(
[I 2025-05-26 03:15:41,010] Trial 17 finished with value: 0.55 and parameters: {'n_estimators': 40, 'max_depth': 30, 'gamma': 0.5292554389847856, 'subsample': 0.9034900391665386, 'colsample_bytree': 0.7109611479294711}. Best is trial 11 with value: 0.75.
[I 2025-05-26 03:15:41,045] Trial 18 finished with value: 0.55 and parameters: {'n_estimators': 40, 'max_depth': 5, 'gamma': 0.9135727984425371, 'subsample': 0.7454197695437927, 'colsample_bytree': 0.8601350491838037}. Best is trial 11 with value: 0.75.
/data/home/rtabares/anaconda3/envs/pyth3.12/lib/python3.12/site-packages/xgboost/core.py:377: FutureWarning: Your system has an old version of glibc (< 2.28). We will stop supporting Linux distros with glibc older than 2.28 after **May 31, 2025**. Please upgrade to a recent Linux distro (with glibc >= 2.28) to use future versions of XGBoost.
Note: You have installed the 'manylinux2014' variant of XGBoost. Certain features such as GPU algorithms or federated learning are not available. To use these features, please upgrade to a recent Linux distro with glibc 2.28+, and install the 'manylinux_2_28' variant.
  warnings.warn(
[I 2025-05-26 03:15:41,819] Trial 19 finished with value: 0.6 and parameters: {'n_estimators': 10, 'max_depth': 20, 'gamma': 0.7298816851034341, 'subsample': 0.6041339477265447, 'colsample_bytree': 0.5591012356835207}. Best is trial 11 with value: 0.75.
[I 2025-05-26 03:15:43,832] A new study created in memory with name: rf
[I 2025-05-26 03:15:47,444] Trial 0 finished with value: 0.5 and parameters: {'n_estimators': 189, 'max_depth': 18, 'min_samples_split': 3, 'min_samples_leaf': 10}. Best is trial 0 with value: 0.5.
Parámetros guardados en checkpoint_shoppers_Dlatent_F/k-center/IPC_10/best_models_k-center_seed_5_space_original/xgb_best_params.json


>>> Optuna tuning rf metodo k-center IPC 10 seed 5


[I 2025-05-26 03:15:48,236] Trial 1 finished with value: 0.45 and parameters: {'n_estimators': 295, 'max_depth': 14, 'min_samples_split': 8, 'min_samples_leaf': 6}. Best is trial 0 with value: 0.5.
[I 2025-05-26 03:15:48,544] Trial 2 finished with value: 0.5 and parameters: {'n_estimators': 219, 'max_depth': 6, 'min_samples_split': 2, 'min_samples_leaf': 8}. Best is trial 0 with value: 0.5.
[I 2025-05-26 03:15:48,953] Trial 3 finished with value: 0.75 and parameters: {'n_estimators': 276, 'max_depth': 5, 'min_samples_split': 9, 'min_samples_leaf': 3}. Best is trial 3 with value: 0.75.
[I 2025-05-26 03:15:49,285] Trial 4 finished with value: 0.7 and parameters: {'n_estimators': 266, 'max_depth': 8, 'min_samples_split': 7, 'min_samples_leaf': 6}. Best is trial 3 with value: 0.75.
[I 2025-05-26 03:15:49,708] Trial 5 finished with value: 0.75 and parameters: {'n_estimators': 340, 'max_depth': 7, 'min_samples_split': 4, 'min_samples_leaf': 3}. Best is trial 3 with value: 0.75.
[I 2025-05-26 03:15:50,017] Trial 6 finished with value: 0.5 and parameters: {'n_estimators': 231, 'max_depth': 5, 'min_samples_split': 3, 'min_samples_leaf': 10}. Best is trial 3 with value: 0.75.
[I 2025-05-26 03:15:50,709] Trial 7 finished with value: 0.7 and parameters: {'n_estimators': 485, 'max_depth': 6, 'min_samples_split': 2, 'min_samples_leaf': 3}. Best is trial 3 with value: 0.75.
[I 2025-05-26 03:15:51,157] Trial 8 finished with value: 0.65 and parameters: {'n_estimators': 380, 'max_depth': 17, 'min_samples_split': 2, 'min_samples_leaf': 6}. Best is trial 3 with value: 0.75.
[I 2025-05-26 03:15:51,343] Trial 9 finished with value: 0.5 and parameters: {'n_estimators': 100, 'max_depth': 12, 'min_samples_split': 7, 'min_samples_leaf': 10}. Best is trial 3 with value: 0.75.
[I 2025-05-26 03:15:51,892] Trial 10 finished with value: 0.75 and parameters: {'n_estimators': 446, 'max_depth': 3, 'min_samples_split': 10, 'min_samples_leaf': 2}. Best is trial 3 with value: 0.75.
[I 2025-05-26 03:15:52,376] Trial 11 finished with value: 0.75 and parameters: {'n_estimators': 364, 'max_depth': 9, 'min_samples_split': 10, 'min_samples_leaf': 4}. Best is trial 3 with value: 0.75.
[I 2025-05-26 03:15:52,816] Trial 12 finished with value: 0.75 and parameters: {'n_estimators': 379, 'max_depth': 10, 'min_samples_split': 5, 'min_samples_leaf': 1}. Best is trial 3 with value: 0.75.
[I 2025-05-26 03:15:53,913] Trial 13 finished with value: 0.65 and parameters: {'n_estimators': 321, 'max_depth': 4, 'min_samples_split': 5, 'min_samples_leaf': 4}. Best is trial 3 with value: 0.75.
[I 2025-05-26 03:15:54,185] Trial 14 finished with value: 0.75 and parameters: {'n_estimators': 173, 'max_depth': 7, 'min_samples_split': 5, 'min_samples_leaf': 1}. Best is trial 3 with value: 0.75.
[I 2025-05-26 03:15:54,611] Trial 15 finished with value: 0.7 and parameters: {'n_estimators': 334, 'max_depth': 12, 'min_samples_split': 9, 'min_samples_leaf': 4}. Best is trial 3 with value: 0.75.
[I 2025-05-26 03:15:55,108] Trial 16 finished with value: 0.75 and parameters: {'n_estimators': 419, 'max_depth': 10, 'min_samples_split': 4, 'min_samples_leaf': 3}. Best is trial 3 with value: 0.75.
[I 2025-05-26 03:15:55,462] Trial 17 finished with value: 0.7 and parameters: {'n_estimators': 276, 'max_depth': 3, 'min_samples_split': 7, 'min_samples_leaf': 2}. Best is trial 3 with value: 0.75.
[I 2025-05-26 03:15:55,654] Trial 18 finished with value: 0.55 and parameters: {'n_estimators': 110, 'max_depth': 15, 'min_samples_split': 6, 'min_samples_leaf': 5}. Best is trial 3 with value: 0.75.
[I 2025-05-26 03:15:55,993] Trial 19 finished with value: 0.5 and parameters: {'n_estimators': 249, 'max_depth': 8, 'min_samples_split': 9, 'min_samples_leaf': 8}. Best is trial 3 with value: 0.75.
[I 2025-05-26 03:16:00,538] A new study created in memory with name: svc
Parámetros guardados en checkpoint_shoppers_Dlatent_F/k-center/IPC_10/best_models_k-center_seed_5_space_original/rf_best_params.json


>>> Optuna tuning svc metodo k-center IPC 10 seed 5


[I 2025-05-26 03:16:02,731] Trial 0 finished with value: 0.4 and parameters: {'C': 0.07726319876517104, 'gamma': 0.3040389504793042}. Best is trial 0 with value: 0.4.
[I 2025-05-26 03:16:02,906] Trial 1 finished with value: 0.4 and parameters: {'C': 0.06712381339142241, 'gamma': 0.47254549996710477}. Best is trial 0 with value: 0.4.
[I 2025-05-26 03:16:02,933] Trial 2 finished with value: 0.35 and parameters: {'C': 0.8987621100554035, 'gamma': 0.027988231123708972}. Best is trial 0 with value: 0.4.
[I 2025-05-26 03:16:02,958] Trial 3 finished with value: 0.3 and parameters: {'C': 11.5779435007655, 'gamma': 0.011848734045499056}. Best is trial 0 with value: 0.4.
[I 2025-05-26 03:16:02,973] Trial 4 finished with value: 0.65 and parameters: {'C': 0.1538870258903583, 'gamma': 0.0005634883151169033}. Best is trial 4 with value: 0.65.
[I 2025-05-26 03:16:02,986] Trial 5 finished with value: 0.4 and parameters: {'C': 0.021036092656561454, 'gamma': 0.08990030906808326}. Best is trial 4 with value: 0.65.
[I 2025-05-26 03:16:02,999] Trial 6 finished with value: 0.65 and parameters: {'C': 0.5824208201678516, 'gamma': 0.00042977333932534993}. Best is trial 4 with value: 0.65.
[I 2025-05-26 03:16:03,013] Trial 7 finished with value: 0.45 and parameters: {'C': 33.09391330085814, 'gamma': 0.001248377256719358}. Best is trial 4 with value: 0.65.
[I 2025-05-26 03:16:03,027] Trial 8 finished with value: 0.6 and parameters: {'C': 0.45387898639622015, 'gamma': 0.0015286910781809498}. Best is trial 4 with value: 0.65.
[I 2025-05-26 03:16:03,041] Trial 9 finished with value: 0.3 and parameters: {'C': 3.274550070431994, 'gamma': 0.02086177421469992}. Best is trial 4 with value: 0.65.
[I 2025-05-26 03:16:03,064] Trial 10 finished with value: 0.65 and parameters: {'C': 0.01015031429029542, 'gamma': 0.00010813284331811526}. Best is trial 4 with value: 0.65.
[I 2025-05-26 03:16:03,773] Trial 11 finished with value: 0.65 and parameters: {'C': 0.2946546726762962, 'gamma': 0.000192696939064797}. Best is trial 4 with value: 0.65.
[I 2025-05-26 03:16:04,463] Trial 12 finished with value: 0.5 and parameters: {'C': 2.9648182303354678, 'gamma': 0.0011563341942962047}. Best is trial 4 with value: 0.65.
[I 2025-05-26 03:16:04,485] Trial 13 finished with value: 0.65 and parameters: {'C': 0.16280907414611331, 'gamma': 0.00038377823379388923}. Best is trial 4 with value: 0.65.
[I 2025-05-26 03:16:04,508] Trial 14 finished with value: 0.45 and parameters: {'C': 2.4218760021536427, 'gamma': 0.0032537811548427023}. Best is trial 4 with value: 0.65.
[I 2025-05-26 03:16:04,528] Trial 15 finished with value: 0.65 and parameters: {'C': 0.0664538826788088, 'gamma': 0.0005193501979899485}. Best is trial 4 with value: 0.65.
[I 2025-05-26 03:16:04,551] Trial 16 finished with value: 0.5 and parameters: {'C': 1.1898268486188273, 'gamma': 0.0025654002897082823}. Best is trial 4 with value: 0.65.
[I 2025-05-26 03:16:04,574] Trial 17 finished with value: 0.35 and parameters: {'C': 10.925526376097588, 'gamma': 0.0059603957535583315}. Best is trial 4 with value: 0.65.
[I 2025-05-26 03:16:04,598] Trial 18 finished with value: 0.65 and parameters: {'C': 0.1691641156930074, 'gamma': 0.00043494340597700513}. Best is trial 4 with value: 0.65.
[I 2025-05-26 03:16:04,623] Trial 19 finished with value: 0.65 and parameters: {'C': 0.6190876787824239, 'gamma': 0.0001500028787036726}. Best is trial 4 with value: 0.65.
[I 2025-05-26 03:16:07,296] A new study created in memory with name: logreg
Parámetros guardados en checkpoint_shoppers_Dlatent_F/k-center/IPC_10/best_models_k-center_seed_5_space_original/svc_best_params.json


>>> Optuna tuning logreg metodo k-center IPC 10 seed 5


[I 2025-05-26 03:16:10,134] Trial 0 finished with value: 0.45 and parameters: {'C': 0.012881482725481003, 'penalty': 'l2'}. Best is trial 0 with value: 0.45.
[I 2025-05-26 03:16:11,038] Trial 1 finished with value: 0.3 and parameters: {'C': 22.576755560681583, 'penalty': 'l2'}. Best is trial 0 with value: 0.45.
[I 2025-05-26 03:16:11,057] Trial 2 finished with value: 0.45 and parameters: {'C': 0.010804278656839932, 'penalty': 'l2'}. Best is trial 0 with value: 0.45.
[I 2025-05-26 03:16:11,807] Trial 3 finished with value: 0.3 and parameters: {'C': 39.17910760336117, 'penalty': 'l2'}. Best is trial 0 with value: 0.45.
[I 2025-05-26 03:16:11,834] Trial 4 finished with value: 0.4 and parameters: {'C': 0.2767298094062571, 'penalty': 'l2'}. Best is trial 0 with value: 0.45.
[I 2025-05-26 03:16:11,869] Trial 5 finished with value: 0.4 and parameters: {'C': 1.1447728330837224, 'penalty': 'l2'}. Best is trial 0 with value: 0.45.
[I 2025-05-26 03:16:11,904] Trial 6 finished with value: 0.3 and parameters: {'C': 6.753661388238877, 'penalty': 'l2'}. Best is trial 0 with value: 0.45.
[I 2025-05-26 03:16:11,930] Trial 7 finished with value: 0.4 and parameters: {'C': 0.39092184460352974, 'penalty': 'l2'}. Best is trial 0 with value: 0.45.
[I 2025-05-26 03:16:11,956] Trial 8 finished with value: 0.45 and parameters: {'C': 0.03047912590082646, 'penalty': 'l2'}. Best is trial 0 with value: 0.45.
[I 2025-05-26 03:16:11,980] Trial 9 finished with value: 0.45 and parameters: {'C': 0.008681727362499118, 'penalty': 'l2'}. Best is trial 0 with value: 0.45.
[I 2025-05-26 03:16:12,012] Trial 10 finished with value: 0.6 and parameters: {'C': 0.0010146302597657177, 'penalty': 'l2'}. Best is trial 10 with value: 0.6.
[I 2025-05-26 03:16:12,730] Trial 11 finished with value: 0.6 and parameters: {'C': 0.0011115836709684572, 'penalty': 'l2'}. Best is trial 10 with value: 0.6.
[I 2025-05-26 03:16:13,428] Trial 12 finished with value: 0.6 and parameters: {'C': 0.001243356254442617, 'penalty': 'l2'}. Best is trial 10 with value: 0.6.
[I 2025-05-26 03:16:13,459] Trial 13 finished with value: 0.6 and parameters: {'C': 0.0016302790525623311, 'penalty': 'l2'}. Best is trial 10 with value: 0.6.
[I 2025-05-26 03:16:14,198] Trial 14 finished with value: 0.6 and parameters: {'C': 0.001002638109973618, 'penalty': 'l2'}. Best is trial 10 with value: 0.6.
[I 2025-05-26 03:16:14,231] Trial 15 finished with value: 0.45 and parameters: {'C': 0.08438830622291982, 'penalty': 'l2'}. Best is trial 10 with value: 0.6.
[I 2025-05-26 03:16:14,250] Trial 16 finished with value: 0.6 and parameters: {'C': 0.0035823185600286542, 'penalty': 'l2'}. Best is trial 10 with value: 0.6.
[I 2025-05-26 03:16:14,271] Trial 17 finished with value: 0.45 and parameters: {'C': 0.0539882537577037, 'penalty': 'l2'}. Best is trial 10 with value: 0.6.
