[I 2025-05-26 03:37:37,557] Trial 15 finished with value: 0.6 and parameters: {'hidden_layer_sizes': (100, 100), 'max_iter': 100, 'alpha': 0.001}. Best is trial 1 with value: 0.7.
/data/home/rtabares/anaconda3/envs/pyth3.12/lib/python3.12/site-packages/sklearn/neural_network/_multilayer_perceptron.py:691: ConvergenceWarning: Stochastic Optimizer: Maximum iterations (100) reached and the optimization hasn't converged yet.
  warnings.warn(
/data/home/rtabares/anaconda3/envs/pyth3.12/lib/python3.12/site-packages/sklearn/neural_network/_multilayer_perceptron.py:691: ConvergenceWarning: Stochastic Optimizer: Maximum iterations (100) reached and the optimization hasn't converged yet.
  warnings.warn(
/data/home/rtabares/anaconda3/envs/pyth3.12/lib/python3.12/site-packages/sklearn/neural_network/_multilayer_perceptron.py:691: ConvergenceWarning: Stochastic Optimizer: Maximum iterations (100) reached and the optimization hasn't converged yet.
  warnings.warn(
/data/home/rtabares/anaconda3/envs/pyth3.12/lib/python3.12/site-packages/sklearn/neural_network/_multilayer_perceptron.py:691: ConvergenceWarning: Stochastic Optimizer: Maximum iterations (100) reached and the optimization hasn't converged yet.
  warnings.warn(
/data/home/rtabares/anaconda3/envs/pyth3.12/lib/python3.12/site-packages/sklearn/neural_network/_multilayer_perceptron.py:691: ConvergenceWarning: Stochastic Optimizer: Maximum iterations (100) reached and the optimization hasn't converged yet.
  warnings.warn(
[I 2025-05-26 03:37:38,259] Trial 16 finished with value: 0.6 and parameters: {'hidden_layer_sizes': (100,), 'max_iter': 100, 'alpha': 0.001}. Best is trial 1 with value: 0.7.
/data/home/rtabares/anaconda3/envs/pyth3.12/lib/python3.12/site-packages/sklearn/neural_network/_multilayer_perceptron.py:691: ConvergenceWarning: Stochastic Optimizer: Maximum iterations (100) reached and the optimization hasn't converged yet.
  warnings.warn(
/data/home/rtabares/anaconda3/envs/pyth3.12/lib/python3.12/site-packages/sklearn/neural_network/_multilayer_perceptron.py:691: ConvergenceWarning: Stochastic Optimizer: Maximum iterations (100) reached and the optimization hasn't converged yet.
  warnings.warn(
[I 2025-05-26 03:37:38,358] Trial 17 finished with value: 0.6 and parameters: {'hidden_layer_sizes': (100, 100), 'max_iter': 100, 'alpha': 0.0001}. Best is trial 1 with value: 0.7.
/data/home/rtabares/anaconda3/envs/pyth3.12/lib/python3.12/site-packages/sklearn/neural_network/_multilayer_perceptron.py:691: ConvergenceWarning: Stochastic Optimizer: Maximum iterations (50) reached and the optimization hasn't converged yet.
  warnings.warn(
/data/home/rtabares/anaconda3/envs/pyth3.12/lib/python3.12/site-packages/sklearn/neural_network/_multilayer_perceptron.py:691: ConvergenceWarning: Stochastic Optimizer: Maximum iterations (50) reached and the optimization hasn't converged yet.
  warnings.warn(
/data/home/rtabares/anaconda3/envs/pyth3.12/lib/python3.12/site-packages/sklearn/neural_network/_multilayer_perceptron.py:691: ConvergenceWarning: Stochastic Optimizer: Maximum iterations (50) reached and the optimization hasn't converged yet.
  warnings.warn(
[I 2025-05-26 03:37:38,407] Trial 18 finished with value: 0.7 and parameters: {'hidden_layer_sizes': (100, 100), 'max_iter': 50, 'alpha': 0.0001}. Best is trial 1 with value: 0.7.
/data/home/rtabares/anaconda3/envs/pyth3.12/lib/python3.12/site-packages/sklearn/neural_network/_multilayer_perceptron.py:691: ConvergenceWarning: Stochastic Optimizer: Maximum iterations (100) reached and the optimization hasn't converged yet.
  warnings.warn(
/data/home/rtabares/anaconda3/envs/pyth3.12/lib/python3.12/site-packages/sklearn/neural_network/_multilayer_perceptron.py:691: ConvergenceWarning: Stochastic Optimizer: Maximum iterations (100) reached and the optimization hasn't converged yet.
  warnings.warn(
/data/home/rtabares/anaconda3/envs/pyth3.12/lib/python3.12/site-packages/sklearn/neural_network/_multilayer_perceptron.py:691: ConvergenceWarning: Stochastic Optimizer: Maximum iterations (100) reached and the optimization hasn't converged yet.
  warnings.warn(
/data/home/rtabares/anaconda3/envs/pyth3.12/lib/python3.12/site-packages/sklearn/neural_network/_multilayer_perceptron.py:691: ConvergenceWarning: Stochastic Optimizer: Maximum iterations (100) reached and the optimization hasn't converged yet.
  warnings.warn(
[I 2025-05-26 03:37:38,506] Trial 19 finished with value: 0.6 and parameters: {'hidden_layer_sizes': (100, 100), 'max_iter': 100, 'alpha': 0.001}. Best is trial 1 with value: 0.7.
/data/home/rtabares/anaconda3/envs/pyth3.12/lib/python3.12/site-packages/xgboost/core.py:377: FutureWarning: Your system has an old version of glibc (< 2.28). We will stop supporting Linux distros with glibc older than 2.28 after **May 31, 2025**. Please upgrade to a recent Linux distro (with glibc >= 2.28) to use future versions of XGBoost.
Note: You have installed the 'manylinux2014' variant of XGBoost. Certain features such as GPU algorithms or federated learning are not available. To use these features, please upgrade to a recent Linux distro with glibc 2.28+, and install the 'manylinux_2_28' variant.
  warnings.warn(
[I 2025-05-26 03:37:40,860] A new study created in memory with name: naive_bayes
Parámetros guardados en checkpoint_shoppers_Dlatent_F/craig/IPC_10/best_models_craig_seed_6_space_original/mlp_best_params.json


>>> Optuna tuning naive_bayes metodo craig IPC 10 seed 6


[I 2025-05-26 03:37:43,999] Trial 0 finished with value: 0.5 and parameters: {'var_smoothing': 6.10548688762798e-09}. Best is trial 0 with value: 0.5.
[I 2025-05-26 03:37:44,244] Trial 1 finished with value: 0.5 and parameters: {'var_smoothing': 4.6127467400935034e-10}. Best is trial 0 with value: 0.5.
[I 2025-05-26 03:37:44,260] Trial 2 finished with value: 0.5 and parameters: {'var_smoothing': 4.389936579400967e-09}. Best is trial 0 with value: 0.5.
[I 2025-05-26 03:37:44,273] Trial 3 finished with value: 0.5 and parameters: {'var_smoothing': 1.2116948204672054e-10}. Best is trial 0 with value: 0.5.
[I 2025-05-26 03:37:44,288] Trial 4 finished with value: 0.5 and parameters: {'var_smoothing': 1.6417739478477417e-10}. Best is trial 0 with value: 0.5.
[I 2025-05-26 03:37:44,301] Trial 5 finished with value: 0.5 and parameters: {'var_smoothing': 1.5491880147236797e-09}. Best is trial 0 with value: 0.5.
[I 2025-05-26 03:37:44,314] Trial 6 finished with value: 0.5 and parameters: {'var_smoothing': 1.1471883405287265e-09}. Best is trial 0 with value: 0.5.
[I 2025-05-26 03:37:44,327] Trial 7 finished with value: 0.5 and parameters: {'var_smoothing': 6.88041853492358e-10}. Best is trial 0 with value: 0.5.
[I 2025-05-26 03:37:44,351] Trial 8 finished with value: 0.5 and parameters: {'var_smoothing': 4.686144741221158e-10}. Best is trial 0 with value: 0.5.
[I 2025-05-26 03:37:44,370] Trial 9 finished with value: 0.5 and parameters: {'var_smoothing': 1.7580809350683337e-09}. Best is trial 0 with value: 0.5.
[I 2025-05-26 03:37:44,388] Trial 10 finished with value: 0.5 and parameters: {'var_smoothing': 9.83902635509218e-09}. Best is trial 0 with value: 0.5.
[I 2025-05-26 03:37:45,016] Trial 11 finished with value: 0.5 and parameters: {'var_smoothing': 2.660399871603373e-10}. Best is trial 0 with value: 0.5.
[I 2025-05-26 03:37:45,663] Trial 12 finished with value: 0.5 and parameters: {'var_smoothing': 9.276268851540963e-09}. Best is trial 0 with value: 0.5.
[I 2025-05-26 03:37:45,682] Trial 13 finished with value: 0.5 and parameters: {'var_smoothing': 2.9844010685221692e-09}. Best is trial 0 with value: 0.5.
[I 2025-05-26 03:37:45,700] Trial 14 finished with value: 0.5 and parameters: {'var_smoothing': 3.8923309717334116e-10}. Best is trial 0 with value: 0.5.
[I 2025-05-26 03:37:45,717] Trial 15 finished with value: 0.5 and parameters: {'var_smoothing': 3.85461066627204e-09}. Best is trial 0 with value: 0.5.
[I 2025-05-26 03:37:45,736] Trial 16 finished with value: 0.5 and parameters: {'var_smoothing': 7.120907275009211e-10}. Best is trial 0 with value: 0.5.
[I 2025-05-26 03:37:45,757] Trial 17 finished with value: 0.5 and parameters: {'var_smoothing': 2.412486610614855e-10}. Best is trial 0 with value: 0.5.
[I 2025-05-26 03:37:46,441] Trial 18 finished with value: 0.5 and parameters: {'var_smoothing': 2.3580860166954074e-09}. Best is trial 0 with value: 0.5.
[I 2025-05-26 03:37:46,460] Trial 19 finished with value: 0.5 and parameters: {'var_smoothing': 5.846846875339535e-09}. Best is trial 0 with value: 0.5.
/data/home/rtabares/anaconda3/envs/pyth3.12/lib/python3.12/site-packages/xgboost/core.py:377: FutureWarning: Your system has an old version of glibc (< 2.28). We will stop supporting Linux distros with glibc older than 2.28 after **May 31, 2025**. Please upgrade to a recent Linux distro (with glibc >= 2.28) to use future versions of XGBoost.
Note: You have installed the 'manylinux2014' variant of XGBoost. Certain features such as GPU algorithms or federated learning are not available. To use these features, please upgrade to a recent Linux distro with glibc 2.28+, and install the 'manylinux_2_28' variant.
  warnings.warn(
[I 2025-05-26 03:37:48,488] A new study created in memory with name: knn
[I 2025-05-26 03:37:49,290] Trial 0 finished with value: 0.5 and parameters: {'n_neighbors': 10, 'leaf_size': 26, 'p': 1}. Best is trial 0 with value: 0.5.
Parámetros guardados en checkpoint_shoppers_Dlatent_F/craig/IPC_10/best_models_craig_seed_6_space_original/naive_bayes_best_params.json


>>> Optuna tuning knn metodo craig IPC 10 seed 6


[I 2025-05-26 03:37:52,257] Trial 1 finished with value: 0.3 and parameters: {'n_neighbors': 3, 'leaf_size': 32, 'p': 1}. Best is trial 0 with value: 0.5.
[I 2025-05-26 03:37:52,548] Trial 2 finished with value: 0.2 and parameters: {'n_neighbors': 5, 'leaf_size': 33, 'p': 2}. Best is trial 0 with value: 0.5.
[I 2025-05-26 03:37:53,241] Trial 3 finished with value: 0.6 and parameters: {'n_neighbors': 7, 'leaf_size': 32, 'p': 2}. Best is trial 3 with value: 0.6.
[I 2025-05-26 03:37:53,317] Trial 4 finished with value: 0.5 and parameters: {'n_neighbors': 9, 'leaf_size': 28, 'p': 1}. Best is trial 3 with value: 0.6.
[I 2025-05-26 03:37:53,373] Trial 5 finished with value: 0.3 and parameters: {'n_neighbors': 3, 'leaf_size': 35, 'p': 1}. Best is trial 3 with value: 0.6.
[I 2025-05-26 03:37:53,450] Trial 6 finished with value: 0.5 and parameters: {'n_neighbors': 8, 'leaf_size': 31, 'p': 2}. Best is trial 3 with value: 0.6.
[I 2025-05-26 03:37:53,526] Trial 7 finished with value: 0.5 and parameters: {'n_neighbors': 6, 'leaf_size': 24, 'p': 2}. Best is trial 3 with value: 0.6.
