[I 2025-05-26 03:38:15,560] Trial 13 finished with value: 0.5 and parameters: {'n_estimators': 431, 'max_depth': 15, 'min_samples_split': 2, 'min_samples_leaf': 3}. Best is trial 10 with value: 0.6.
[I 2025-05-26 03:38:16,042] Trial 14 finished with value: 0.55 and parameters: {'n_estimators': 402, 'max_depth': 18, 'min_samples_split': 7, 'min_samples_leaf': 1}. Best is trial 10 with value: 0.6.
[I 2025-05-26 03:38:16,409] Trial 15 finished with value: 0.6 and parameters: {'n_estimators': 322, 'max_depth': 8, 'min_samples_split': 3, 'min_samples_leaf': 5}. Best is trial 10 with value: 0.6.
[I 2025-05-26 03:38:16,762] Trial 16 finished with value: 0.6 and parameters: {'n_estimators': 318, 'max_depth': 7, 'min_samples_split': 3, 'min_samples_leaf': 5}. Best is trial 10 with value: 0.6.
[I 2025-05-26 03:38:17,100] Trial 17 finished with value: 0.5 and parameters: {'n_estimators': 278, 'max_depth': 7, 'min_samples_split': 2, 'min_samples_leaf': 6}. Best is trial 10 with value: 0.6.
[I 2025-05-26 03:38:17,547] Trial 18 finished with value: 0.55 and parameters: {'n_estimators': 365, 'max_depth': 9, 'min_samples_split': 3, 'min_samples_leaf': 4}. Best is trial 10 with value: 0.6.
[I 2025-05-26 03:38:18,045] Trial 19 finished with value: 0.5 and parameters: {'n_estimators': 434, 'max_depth': 14, 'min_samples_split': 4, 'min_samples_leaf': 7}. Best is trial 10 with value: 0.6.
[I 2025-05-26 03:38:21,903] A new study created in memory with name: svc
Parámetros guardados en checkpoint_shoppers_Dlatent_F/random/IPC_10/best_models_random_seed_7_space_original/rf_best_params.json


>>> Optuna tuning svc metodo random IPC 10 seed 7


[I 2025-05-26 03:38:24,897] Trial 0 finished with value: 0.6 and parameters: {'C': 0.020194502448102298, 'gamma': 0.13172711156111802}. Best is trial 0 with value: 0.6.
[I 2025-05-26 03:38:25,258] Trial 1 finished with value: 0.6 and parameters: {'C': 0.5670703311028815, 'gamma': 0.0783178418343345}. Best is trial 0 with value: 0.6.
[I 2025-05-26 03:38:25,275] Trial 2 finished with value: 0.65 and parameters: {'C': 81.65034948781698, 'gamma': 0.014255533717547383}. Best is trial 2 with value: 0.65.
[I 2025-05-26 03:38:25,290] Trial 3 finished with value: 0.6 and parameters: {'C': 1.0103732850016278, 'gamma': 0.00019418001640357854}. Best is trial 2 with value: 0.65.
[I 2025-05-26 03:38:25,303] Trial 4 finished with value: 0.65 and parameters: {'C': 0.11851025167261421, 'gamma': 0.00998918377985214}. Best is trial 2 with value: 0.65.
[I 2025-05-26 03:38:25,318] Trial 5 finished with value: 0.6 and parameters: {'C': 5.2109869371584665, 'gamma': 0.16404241128227343}. Best is trial 2 with value: 0.65.
[I 2025-05-26 03:38:25,331] Trial 6 finished with value: 0.6 and parameters: {'C': 0.3340138940215422, 'gamma': 0.00018354619576988685}. Best is trial 2 with value: 0.65.
[I 2025-05-26 03:38:25,356] Trial 7 finished with value: 0.7 and parameters: {'C': 0.1420961781588805, 'gamma': 0.434884682155233}. Best is trial 7 with value: 0.7.
[I 2025-05-26 03:38:25,371] Trial 8 finished with value: 0.6 and parameters: {'C': 0.07137422643361827, 'gamma': 0.006434219125545069}. Best is trial 7 with value: 0.7.
[I 2025-05-26 03:38:25,384] Trial 9 finished with value: 0.6 and parameters: {'C': 53.066944048916255, 'gamma': 0.00012577574840733457}. Best is trial 7 with value: 0.7.
[I 2025-05-26 03:38:25,407] Trial 10 finished with value: 0.55 and parameters: {'C': 4.485207701178221, 'gamma': 0.5485362450518244}. Best is trial 7 with value: 0.7.
[I 2025-05-26 03:38:26,059] Trial 11 finished with value: 0.6 and parameters: {'C': 60.69074680775944, 'gamma': 0.001967469560760886}. Best is trial 7 with value: 0.7.
[I 2025-05-26 03:38:26,740] Trial 12 finished with value: 0.65 and parameters: {'C': 12.288339936751779, 'gamma': 0.8493053795845521}. Best is trial 7 with value: 0.7.
[I 2025-05-26 03:38:26,764] Trial 13 finished with value: 0.65 and parameters: {'C': 0.01472617724877776, 'gamma': 0.03599602038940262}. Best is trial 7 with value: 0.7.
[I 2025-05-26 03:38:26,790] Trial 14 finished with value: 0.6 and parameters: {'C': 1.6638857990919569, 'gamma': 0.0016703513911524533}. Best is trial 7 with value: 0.7.
[I 2025-05-26 03:38:26,830] Trial 15 finished with value: 0.65 and parameters: {'C': 0.10804264932261874, 'gamma': 0.03715909651586003}. Best is trial 7 with value: 0.7.
[I 2025-05-26 03:38:26,860] Trial 16 finished with value: 0.6 and parameters: {'C': 12.514475895590124, 'gamma': 0.0008638787340075926}. Best is trial 7 with value: 0.7.
[I 2025-05-26 03:38:26,881] Trial 17 finished with value: 0.55 and parameters: {'C': 0.2639054854622856, 'gamma': 0.3018754770546906}. Best is trial 7 with value: 0.7.
[I 2025-05-26 03:38:27,549] Trial 18 finished with value: 0.65 and parameters: {'C': 0.04286733540475112, 'gamma': 0.03320384586751046}. Best is trial 7 with value: 0.7.
[I 2025-05-26 03:38:27,579] Trial 19 finished with value: 0.6 and parameters: {'C': 1.9123017448713049, 'gamma': 0.004637969709806309}. Best is trial 7 with value: 0.7.
[I 2025-05-26 03:38:30,306] A new study created in memory with name: logreg
Parámetros guardados en checkpoint_shoppers_Dlatent_F/random/IPC_10/best_models_random_seed_7_space_original/svc_best_params.json


>>> Optuna tuning logreg metodo random IPC 10 seed 7


[I 2025-05-26 03:38:31,853] Trial 0 finished with value: 0.6 and parameters: {'C': 0.002407362254570802, 'penalty': 'l2'}. Best is trial 0 with value: 0.6.
[I 2025-05-26 03:38:31,962] Trial 1 finished with value: 0.6 and parameters: {'C': 7.935859334260497, 'penalty': 'l2'}. Best is trial 0 with value: 0.6.
[I 2025-05-26 03:38:31,991] Trial 2 finished with value: 0.55 and parameters: {'C': 0.15561310098067915, 'penalty': 'l2'}. Best is trial 0 with value: 0.6.
[I 2025-05-26 03:38:32,672] Trial 3 finished with value: 0.55 and parameters: {'C': 4.143104515916128, 'penalty': 'l2'}. Best is trial 0 with value: 0.6.
[I 2025-05-26 03:38:32,697] Trial 4 finished with value: 0.55 and parameters: {'C': 77.61533923098803, 'penalty': 'l2'}. Best is trial 0 with value: 0.6.
[I 2025-05-26 03:38:32,723] Trial 5 finished with value: 0.55 and parameters: {'C': 0.49258292359934785, 'penalty': 'l2'}. Best is trial 0 with value: 0.6.
[I 2025-05-26 03:38:32,749] Trial 6 finished with value: 0.55 and parameters: {'C': 0.320333470047146, 'penalty': 'l2'}. Best is trial 0 with value: 0.6.
[I 2025-05-26 03:38:32,776] Trial 7 finished with value: 0.6 and parameters: {'C': 0.002292216671132896, 'penalty': 'l2'}. Best is trial 0 with value: 0.6.
[I 2025-05-26 03:38:32,801] Trial 8 finished with value: 0.6 and parameters: {'C': 0.0219884643872214, 'penalty': 'l2'}. Best is trial 0 with value: 0.6.
[I 2025-05-26 03:38:32,816] Trial 9 finished with value: 0.55 and parameters: {'C': 0.31580027519646636, 'penalty': 'l2'}. Best is trial 0 with value: 0.6.
[I 2025-05-26 03:38:32,844] Trial 10 finished with value: 0.6 and parameters: {'C': 0.005028545732690317, 'penalty': 'l2'}. Best is trial 0 with value: 0.6.
[I 2025-05-26 03:38:32,875] Trial 11 finished with value: 0.55 and parameters: {'C': 15.514850032264519, 'penalty': 'l2'}. Best is trial 0 with value: 0.6.
[I 2025-05-26 03:38:33,574] Trial 12 finished with value: 0.55 and parameters: {'C': 3.8533453410664578, 'penalty': 'l2'}. Best is trial 0 with value: 0.6.
[I 2025-05-26 03:38:33,604] Trial 13 finished with value: 0.6 and parameters: {'C': 0.04053444936620892, 'penalty': 'l2'}. Best is trial 0 with value: 0.6.
[I 2025-05-26 03:38:33,639] Trial 14 finished with value: 0.55 and parameters: {'C': 3.6189108554787492, 'penalty': 'l2'}. Best is trial 0 with value: 0.6.
[I 2025-05-26 03:38:33,670] Trial 15 finished with value: 0.55 and parameters: {'C': 76.85235596180026, 'penalty': 'l2'}. Best is trial 0 with value: 0.6.
[I 2025-05-26 03:38:34,355] Trial 16 finished with value: 0.6 and parameters: {'C': 0.012579852256827942, 'penalty': 'l2'}. Best is trial 0 with value: 0.6.
[I 2025-05-26 03:38:34,374] Trial 17 finished with value: 0.6 and parameters: {'C': 0.0010299038925161348, 'penalty': 'l2'}. Best is trial 0 with value: 0.6.
[I 2025-05-26 03:38:34,393] Trial 18 finished with value: 0.6 and parameters: {'C': 0.059497234598840446, 'penalty': 'l2'}. Best is trial 0 with value: 0.6.
[I 2025-05-26 03:38:34,413] Trial 19 finished with value: 0.55 and parameters: {'C': 1.326095734760134, 'penalty': 'l2'}. Best is trial 0 with value: 0.6.
[I 2025-05-26 03:38:36,326] A new study created in memory with name: mlp
/data/home/rtabares/anaconda3/envs/pyth3.12/lib/python3.12/site-packages/sklearn/neural_network/_multilayer_perceptron.py:691: ConvergenceWarning: Stochastic Optimizer: Maximum iterations (100) reached and the optimization hasn't converged yet.
  warnings.warn(
/data/home/rtabares/anaconda3/envs/pyth3.12/lib/python3.12/site-packages/sklearn/neural_network/_multilayer_perceptron.py:691: ConvergenceWarning: Stochastic Optimizer: Maximum iterations (100) reached and the optimization hasn't converged yet.
  warnings.warn(
/data/home/rtabares/anaconda3/envs/pyth3.12/lib/python3.12/site-packages/sklearn/neural_network/_multilayer_perceptron.py:691: ConvergenceWarning: Stochastic Optimizer: Maximum iterations (100) reached and the optimization hasn't converged yet.
  warnings.warn(
/data/home/rtabares/anaconda3/envs/pyth3.12/lib/python3.12/site-packages/sklearn/neural_network/_multilayer_perceptron.py:691: ConvergenceWarning: Stochastic Optimizer: Maximum iterations (100) reached and the optimization hasn't converged yet.
  warnings.warn(
/data/home/rtabares/anaconda3/envs/pyth3.12/lib/python3.12/site-packages/sklearn/neural_network/_multilayer_perceptron.py:691: ConvergenceWarning: Stochastic Optimizer: Maximum iterations (100) reached and the optimization hasn't converged yet.
  warnings.warn(
[I 2025-05-26 03:38:36,402] Trial 0 finished with value: 0.6 and parameters: {'hidden_layer_sizes': (200,), 'max_iter': 100, 'alpha': 0.0001}. Best is trial 0 with value: 0.6.
Parámetros guardados en checkpoint_shoppers_Dlatent_F/random/IPC_10/best_models_random_seed_7_space_original/logreg_best_params.json


>>> Optuna tuning mlp metodo random IPC 10 seed 7


/data/home/rtabares/anaconda3/envs/pyth3.12/lib/python3.12/site-packages/sklearn/neural_network/_multilayer_perceptron.py:691: ConvergenceWarning: Stochastic Optimizer: Maximum iterations (100) reached and the optimization hasn't converged yet.
  warnings.warn(
/data/home/rtabares/anaconda3/envs/pyth3.12/lib/python3.12/site-packages/sklearn/neural_network/_multilayer_perceptron.py:691: ConvergenceWarning: Stochastic Optimizer: Maximum iterations (100) reached and the optimization hasn't converged yet.
  warnings.warn(
/data/home/rtabares/anaconda3/envs/pyth3.12/lib/python3.12/site-packages/sklearn/neural_network/_multilayer_perceptron.py:691: ConvergenceWarning: Stochastic Optimizer: Maximum iterations (100) reached and the optimization hasn't converged yet.
  warnings.warn(
[I 2025-05-26 03:38:38,473] Trial 1 finished with value: 0.65 and parameters: {'hidden_layer_sizes': (100, 100), 'max_iter': 100, 'alpha': 0.0001}. Best is trial 1 with value: 0.65.
/data/home/rtabares/anaconda3/envs/pyth3.12/lib/python3.12/site-packages/sklearn/neural_network/_multilayer_perceptron.py:691: ConvergenceWarning: Stochastic Optimizer: Maximum iterations (100) reached and the optimization hasn't converged yet.
  warnings.warn(
/data/home/rtabares/anaconda3/envs/pyth3.12/lib/python3.12/site-packages/sklearn/neural_network/_multilayer_perceptron.py:691: ConvergenceWarning: Stochastic Optimizer: Maximum iterations (100) reached and the optimization hasn't converged yet.
  warnings.warn(
/data/home/rtabares/anaconda3/envs/pyth3.12/lib/python3.12/site-packages/sklearn/neural_network/_multilayer_perceptron.py:691: ConvergenceWarning: Stochastic Optimizer: Maximum iterations (100) reached and the optimization hasn't converged yet.
  warnings.warn(
/data/home/rtabares/anaconda3/envs/pyth3.12/lib/python3.12/site-packages/sklearn/neural_network/_multilayer_perceptron.py:691: ConvergenceWarning: Stochastic Optimizer: Maximum iterations (100) reached and the optimization hasn't converged yet.
  warnings.warn(
/data/home/rtabares/anaconda3/envs/pyth3.12/lib/python3.12/site-packages/sklearn/neural_network/_multilayer_perceptron.py:691: ConvergenceWarning: Stochastic Optimizer: Maximum iterations (100) reached and the optimization hasn't converged yet.
  warnings.warn(
[I 2025-05-26 03:38:38,695] Trial 2 finished with value: 0.6 and parameters: {'hidden_layer_sizes': (200,), 'max_iter': 100, 'alpha': 0.001}. Best is trial 1 with value: 0.65.
/data/home/rtabares/anaconda3/envs/pyth3.12/lib/python3.12/site-packages/sklearn/neural_network/_multilayer_perceptron.py:691: ConvergenceWarning: Stochastic Optimizer: Maximum iterations (50) reached and the optimization hasn't converged yet.
  warnings.warn(
/data/home/rtabares/anaconda3/envs/pyth3.12/lib/python3.12/site-packages/sklearn/neural_network/_multilayer_perceptron.py:691: ConvergenceWarning: Stochastic Optimizer: Maximum iterations (50) reached and the optimization hasn't converged yet.
  warnings.warn(
[I 2025-05-26 03:38:38,741] Trial 3 finished with value: 0.6 and parameters: {'hidden_layer_sizes': (100,), 'max_iter': 50, 'alpha': 0.001}. Best is trial 1 with value: 0.65.
/data/home/rtabares/anaconda3/envs/pyth3.12/lib/python3.12/site-packages/sklearn/neural_network/_multilayer_perceptron.py:691: ConvergenceWarning: Stochastic Optimizer: Maximum iterations (50) reached and the optimization hasn't converged yet.
  warnings.warn(
/data/home/rtabares/anaconda3/envs/pyth3.12/lib/python3.12/site-packages/sklearn/neural_network/_multilayer_perceptron.py:691: ConvergenceWarning: Stochastic Optimizer: Maximum iterations (50) reached and the optimization hasn't converged yet.
  warnings.warn(
/data/home/rtabares/anaconda3/envs/pyth3.12/lib/python3.12/site-packages/sklearn/neural_network/_multilayer_perceptron.py:691: ConvergenceWarning: Stochastic Optimizer: Maximum iterations (50) reached and the optimization hasn't converged yet.
  warnings.warn(
/data/home/rtabares/anaconda3/envs/pyth3.12/lib/python3.12/site-packages/sklearn/neural_network/_multilayer_perceptron.py:691: ConvergenceWarning: Stochastic Optimizer: Maximum iterations (50) reached and the optimization hasn't converged yet.
  warnings.warn(
[I 2025-05-26 03:38:38,784] Trial 4 finished with value: 0.6 and parameters: {'hidden_layer_sizes': (100,), 'max_iter': 50, 'alpha': 0.0001}. Best is trial 1 with value: 0.65.
/data/home/rtabares/anaconda3/envs/pyth3.12/lib/python3.12/site-packages/sklearn/neural_network/_multilayer_perceptron.py:691: ConvergenceWarning: Stochastic Optimizer: Maximum iterations (50) reached and the optimization hasn't converged yet.
  warnings.warn(
/data/home/rtabares/anaconda3/envs/pyth3.12/lib/python3.12/site-packages/sklearn/neural_network/_multilayer_perceptron.py:691: ConvergenceWarning: Stochastic Optimizer: Maximum iterations (50) reached and the optimization hasn't converged yet.
  warnings.warn(
/data/home/rtabares/anaconda3/envs/pyth3.12/lib/python3.12/site-packages/sklearn/neural_network/_multilayer_perceptron.py:691: ConvergenceWarning: Stochastic Optimizer: Maximum iterations (50) reached and the optimization hasn't converged yet.
  warnings.warn(
/data/home/rtabares/anaconda3/envs/pyth3.12/lib/python3.12/site-packages/sklearn/neural_network/_multilayer_perceptron.py:691: ConvergenceWarning: Stochastic Optimizer: Maximum iterations (50) reached and the optimization hasn't converged yet.
  warnings.warn(
[I 2025-05-26 03:38:38,827] Trial 5 finished with value: 0.7 and parameters: {'hidden_layer_sizes': (100,), 'max_iter': 50, 'alpha': 0.0001}. Best is trial 5 with value: 0.7.
/data/home/rtabares/anaconda3/envs/pyth3.12/lib/python3.12/site-packages/sklearn/neural_network/_multilayer_perceptron.py:691: ConvergenceWarning: Stochastic Optimizer: Maximum iterations (50) reached and the optimization hasn't converged yet.
  warnings.warn(
/data/home/rtabares/anaconda3/envs/pyth3.12/lib/python3.12/site-packages/sklearn/neural_network/_multilayer_perceptron.py:691: ConvergenceWarning: Stochastic Optimizer: Maximum iterations (50) reached and the optimization hasn't converged yet.
  warnings.warn(
/data/home/rtabares/anaconda3/envs/pyth3.12/lib/python3.12/site-packages/sklearn/neural_network/_multilayer_perceptron.py:691: ConvergenceWarning: Stochastic Optimizer: Maximum iterations (50) reached and the optimization hasn't converged yet.
  warnings.warn(
/data/home/rtabares/anaconda3/envs/pyth3.12/lib/python3.12/site-packages/sklearn/neural_network/_multilayer_perceptron.py:691: ConvergenceWarning: Stochastic Optimizer: Maximum iterations (50) reached and the optimization hasn't converged yet.
  warnings.warn(
[I 2025-05-26 03:38:38,871] Trial 6 finished with value: 0.5 and parameters: {'hidden_layer_sizes': (100,), 'max_iter': 50, 'alpha': 0.0001}. Best is trial 5 with value: 0.7.
/data/home/rtabares/anaconda3/envs/pyth3.12/lib/python3.12/site-packages/sklearn/neural_network/_multilayer_perceptron.py:691: ConvergenceWarning: Stochastic Optimizer: Maximum iterations (50) reached and the optimization hasn't converged yet.
  warnings.warn(
/data/home/rtabares/anaconda3/envs/pyth3.12/lib/python3.12/site-packages/sklearn/neural_network/_multilayer_perceptron.py:691: ConvergenceWarning: Stochastic Optimizer: Maximum iterations (50) reached and the optimization hasn't converged yet.
  warnings.warn(
/data/home/rtabares/anaconda3/envs/pyth3.12/lib/python3.12/site-packages/sklearn/neural_network/_multilayer_perceptron.py:691: ConvergenceWarning: Stochastic Optimizer: Maximum iterations (50) reached and the optimization hasn't converged yet.
  warnings.warn(
/data/home/rtabares/anaconda3/envs/pyth3.12/lib/python3.12/site-packages/sklearn/neural_network/_multilayer_perceptron.py:691: ConvergenceWarning: Stochastic Optimizer: Maximum iterations (50) reached and the optimization hasn't converged yet.
  warnings.warn(
[I 2025-05-26 03:38:38,918] Trial 7 finished with value: 0.55 and parameters: {'hidden_layer_sizes': (100,), 'max_iter': 50, 'alpha': 0.0001}. Best is trial 5 with value: 0.7.
/data/home/rtabares/anaconda3/envs/pyth3.12/lib/python3.12/site-packages/sklearn/neural_network/_multilayer_perceptron.py:691: ConvergenceWarning: Stochastic Optimizer: Maximum iterations (100) reached and the optimization hasn't converged yet.
  warnings.warn(
/data/home/rtabares/anaconda3/envs/pyth3.12/lib/python3.12/site-packages/sklearn/neural_network/_multilayer_perceptron.py:691: ConvergenceWarning: Stochastic Optimizer: Maximum iterations (100) reached and the optimization hasn't converged yet.
  warnings.warn(
/data/home/rtabares/anaconda3/envs/pyth3.12/lib/python3.12/site-packages/sklearn/neural_network/_multilayer_perceptron.py:691: ConvergenceWarning: Stochastic Optimizer: Maximum iterations (100) reached and the optimization hasn't converged yet.
  warnings.warn(
/data/home/rtabares/anaconda3/envs/pyth3.12/lib/python3.12/site-packages/sklearn/neural_network/_multilayer_perceptron.py:691: ConvergenceWarning: Stochastic Optimizer: Maximum iterations (100) reached and the optimization hasn't converged yet.
  warnings.warn(
[I 2025-05-26 03:38:39,004] Trial 8 finished with value: 0.55 and parameters: {'hidden_layer_sizes': (200,), 'max_iter': 100, 'alpha': 0.0001}. Best is trial 5 with value: 0.7.
/data/home/rtabares/anaconda3/envs/pyth3.12/lib/python3.12/site-packages/sklearn/neural_network/_multilayer_perceptron.py:691: ConvergenceWarning: Stochastic Optimizer: Maximum iterations (50) reached and the optimization hasn't converged yet.
  warnings.warn(
/data/home/rtabares/anaconda3/envs/pyth3.12/lib/python3.12/site-packages/sklearn/neural_network/_multilayer_perceptron.py:691: ConvergenceWarning: Stochastic Optimizer: Maximum iterations (50) reached and the optimization hasn't converged yet.
  warnings.warn(
/data/home/rtabares/anaconda3/envs/pyth3.12/lib/python3.12/site-packages/sklearn/neural_network/_multilayer_perceptron.py:691: ConvergenceWarning: Stochastic Optimizer: Maximum iterations (50) reached and the optimization hasn't converged yet.
  warnings.warn(
/data/home/rtabares/anaconda3/envs/pyth3.12/lib/python3.12/site-packages/sklearn/neural_network/_multilayer_perceptron.py:691: ConvergenceWarning: Stochastic Optimizer: Maximum iterations (50) reached and the optimization hasn't converged yet.
  warnings.warn(
/data/home/rtabares/anaconda3/envs/pyth3.12/lib/python3.12/site-packages/sklearn/neural_network/_multilayer_perceptron.py:691: ConvergenceWarning: Stochastic Optimizer: Maximum iterations (50) reached and the optimization hasn't converged yet.
  warnings.warn(
[I 2025-05-26 03:38:39,060] Trial 9 finished with value: 0.65 and parameters: {'hidden_layer_sizes': (200,), 'max_iter': 50, 'alpha': 0.0001}. Best is trial 5 with value: 0.7.
/data/home/rtabares/anaconda3/envs/pyth3.12/lib/python3.12/site-packages/sklearn/neural_network/_multilayer_perceptron.py:691: ConvergenceWarning: Stochastic Optimizer: Maximum iterations (50) reached and the optimization hasn't converged yet.
  warnings.warn(
/data/home/rtabares/anaconda3/envs/pyth3.12/lib/python3.12/site-packages/sklearn/neural_network/_multilayer_perceptron.py:691: ConvergenceWarning: Stochastic Optimizer: Maximum iterations (50) reached and the optimization hasn't converged yet.
  warnings.warn(
/data/home/rtabares/anaconda3/envs/pyth3.12/lib/python3.12/site-packages/sklearn/neural_network/_multilayer_perceptron.py:691: ConvergenceWarning: Stochastic Optimizer: Maximum iterations (50) reached and the optimization hasn't converged yet.
  warnings.warn(
/data/home/rtabares/anaconda3/envs/pyth3.12/lib/python3.12/site-packages/sklearn/neural_network/_multilayer_perceptron.py:691: ConvergenceWarning: Stochastic Optimizer: Maximum iterations (50) reached and the optimization hasn't converged yet.
  warnings.warn(
