[I 2025-05-26 03:24:37,046] Trial 14 finished with value: 0.5 and parameters: {'var_smoothing': 1.0161521526134228e-10}. Best is trial 0 with value: 0.5.
/data/home/rtabares/anaconda3/envs/pyth3.12/lib/python3.12/site-packages/sklearn/metrics/_classification.py:2524: UserWarning: y_pred contains classes not in y_true
  warnings.warn("y_pred contains classes not in y_true")
[I 2025-05-26 03:24:37,065] Trial 15 finished with value: 0.5 and parameters: {'var_smoothing': 3.455011319435438e-09}. Best is trial 0 with value: 0.5.
/data/home/rtabares/anaconda3/envs/pyth3.12/lib/python3.12/site-packages/sklearn/metrics/_classification.py:2524: UserWarning: y_pred contains classes not in y_true
  warnings.warn("y_pred contains classes not in y_true")
[I 2025-05-26 03:24:37,084] Trial 16 finished with value: 0.5 and parameters: {'var_smoothing': 2.2038800241203009e-10}. Best is trial 0 with value: 0.5.
/data/home/rtabares/anaconda3/envs/pyth3.12/lib/python3.12/site-packages/sklearn/metrics/_classification.py:2524: UserWarning: y_pred contains classes not in y_true
  warnings.warn("y_pred contains classes not in y_true")
[I 2025-05-26 03:24:37,708] Trial 17 finished with value: 0.5 and parameters: {'var_smoothing': 1.8515987176145925e-09}. Best is trial 0 with value: 0.5.
/data/home/rtabares/anaconda3/envs/pyth3.12/lib/python3.12/site-packages/sklearn/metrics/_classification.py:2524: UserWarning: y_pred contains classes not in y_true
  warnings.warn("y_pred contains classes not in y_true")
[I 2025-05-26 03:24:37,726] Trial 18 finished with value: 0.5 and parameters: {'var_smoothing': 5.024285700153026e-10}. Best is trial 0 with value: 0.5.
/data/home/rtabares/anaconda3/envs/pyth3.12/lib/python3.12/site-packages/sklearn/metrics/_classification.py:2524: UserWarning: y_pred contains classes not in y_true
  warnings.warn("y_pred contains classes not in y_true")
[I 2025-05-26 03:24:37,744] Trial 19 finished with value: 0.5 and parameters: {'var_smoothing': 4.958025424412893e-09}. Best is trial 0 with value: 0.5.
/data/home/rtabares/anaconda3/envs/pyth3.12/lib/python3.12/site-packages/xgboost/core.py:377: FutureWarning: Your system has an old version of glibc (< 2.28). We will stop supporting Linux distros with glibc older than 2.28 after **May 31, 2025**. Please upgrade to a recent Linux distro (with glibc >= 2.28) to use future versions of XGBoost.
Note: You have installed the 'manylinux2014' variant of XGBoost. Certain features such as GPU algorithms or federated learning are not available. To use these features, please upgrade to a recent Linux distro with glibc 2.28+, and install the 'manylinux_2_28' variant.
  warnings.warn(
[I 2025-05-26 03:24:40,294] A new study created in memory with name: knn
Parámetros guardados en checkpoint_shoppers_Dlatent_F/craig/IPC_10/best_models_craig_seed_5_space_original/naive_bayes_best_params.json


>>> Optuna tuning knn metodo craig IPC 10 seed 5


/data/home/rtabares/anaconda3/envs/pyth3.12/lib/python3.12/site-packages/sklearn/metrics/_classification.py:2524: UserWarning: y_pred contains classes not in y_true
  warnings.warn("y_pred contains classes not in y_true")
[I 2025-05-26 03:24:43,015] Trial 0 finished with value: 0.7 and parameters: {'n_neighbors': 4, 'leaf_size': 38, 'p': 2}. Best is trial 0 with value: 0.7.
/data/home/rtabares/anaconda3/envs/pyth3.12/lib/python3.12/site-packages/sklearn/metrics/_classification.py:2524: UserWarning: y_pred contains classes not in y_true
  warnings.warn("y_pred contains classes not in y_true")
[I 2025-05-26 03:24:43,982] Trial 1 finished with value: 0.5 and parameters: {'n_neighbors': 6, 'leaf_size': 32, 'p': 1}. Best is trial 0 with value: 0.7.
/data/home/rtabares/anaconda3/envs/pyth3.12/lib/python3.12/site-packages/sklearn/metrics/_classification.py:2524: UserWarning: y_pred contains classes not in y_true
  warnings.warn("y_pred contains classes not in y_true")
[I 2025-05-26 03:24:44,020] Trial 2 finished with value: 0.5 and parameters: {'n_neighbors': 5, 'leaf_size': 23, 'p': 2}. Best is trial 0 with value: 0.7.
/data/home/rtabares/anaconda3/envs/pyth3.12/lib/python3.12/site-packages/sklearn/metrics/_classification.py:2524: UserWarning: y_pred contains classes not in y_true
  warnings.warn("y_pred contains classes not in y_true")
[I 2025-05-26 03:24:44,056] Trial 3 finished with value: 0.5 and parameters: {'n_neighbors': 6, 'leaf_size': 23, 'p': 1}. Best is trial 0 with value: 0.7.
/data/home/rtabares/anaconda3/envs/pyth3.12/lib/python3.12/site-packages/sklearn/metrics/_classification.py:2524: UserWarning: y_pred contains classes not in y_true
  warnings.warn("y_pred contains classes not in y_true")
[I 2025-05-26 03:24:44,728] Trial 4 finished with value: 0.5 and parameters: {'n_neighbors': 6, 'leaf_size': 26, 'p': 1}. Best is trial 0 with value: 0.7.
/data/home/rtabares/anaconda3/envs/pyth3.12/lib/python3.12/site-packages/sklearn/metrics/_classification.py:2524: UserWarning: y_pred contains classes not in y_true
  warnings.warn("y_pred contains classes not in y_true")
[I 2025-05-26 03:24:44,774] Trial 5 finished with value: 0.4 and parameters: {'n_neighbors': 7, 'leaf_size': 25, 'p': 1}. Best is trial 0 with value: 0.7.
/data/home/rtabares/anaconda3/envs/pyth3.12/lib/python3.12/site-packages/sklearn/metrics/_classification.py:2524: UserWarning: y_pred contains classes not in y_true
  warnings.warn("y_pred contains classes not in y_true")
[I 2025-05-26 03:24:44,831] Trial 6 finished with value: 0.5 and parameters: {'n_neighbors': 5, 'leaf_size': 23, 'p': 2}. Best is trial 0 with value: 0.7.
/data/home/rtabares/anaconda3/envs/pyth3.12/lib/python3.12/site-packages/sklearn/model_selection/_validation.py:960: UserWarning: Scoring failed. The score on this train-test partition for these parameters will be set to nan. Details: 
Traceback (most recent call last):
  File "/data/home/rtabares/anaconda3/envs/pyth3.12/lib/python3.12/site-packages/sklearn/model_selection/_validation.py", line 949, in _score
    scores = scorer(estimator, X_test, y_test, **score_params)
             ^^^^^^^^^^^^^^^^^^^^^^^^^^^^^^^^^^^^^^^^^^^^^^^^^
  File "/data/home/rtabares/anaconda3/envs/pyth3.12/lib/python3.12/site-packages/sklearn/metrics/_scorer.py", line 288, in __call__
    return self._score(partial(_cached_call, None), estimator, X, y_true, **_kwargs)
           ^^^^^^^^^^^^^^^^^^^^^^^^^^^^^^^^^^^^^^^^^^^^^^^^^^^^^^^^^^^^^^^^^^^^^^^^^
  File "/data/home/rtabares/anaconda3/envs/pyth3.12/lib/python3.12/site-packages/sklearn/metrics/_scorer.py", line 380, in _score
    y_pred = method_caller(
             ^^^^^^^^^^^^^^
  File "/data/home/rtabares/anaconda3/envs/pyth3.12/lib/python3.12/site-packages/sklearn/metrics/_scorer.py", line 90, in _cached_call
    result, _ = _get_response_values(
                ^^^^^^^^^^^^^^^^^^^^^
  File "/data/home/rtabares/anaconda3/envs/pyth3.12/lib/python3.12/site-packages/sklearn/utils/_response.py", line 214, in _get_response_values
    y_pred = prediction_method(X)
             ^^^^^^^^^^^^^^^^^^^^
  File "/data/home/rtabares/anaconda3/envs/pyth3.12/lib/python3.12/site-packages/sklearn/neighbors/_classification.py", line 262, in predict
    probabilities = self.predict_proba(X)
                    ^^^^^^^^^^^^^^^^^^^^^
  File "/data/home/rtabares/anaconda3/envs/pyth3.12/lib/python3.12/site-packages/sklearn/neighbors/_classification.py", line 371, in predict_proba
    neigh_ind = self.kneighbors(X, return_distance=False)
                ^^^^^^^^^^^^^^^^^^^^^^^^^^^^^^^^^^^^^^^^^
  File "/data/home/rtabares/anaconda3/envs/pyth3.12/lib/python3.12/site-packages/sklearn/neighbors/_base.py", line 854, in kneighbors
    raise ValueError(
ValueError: Expected n_neighbors <= n_samples_fit, but n_neighbors = 10, n_samples_fit = 8, n_samples = 2

  warnings.warn(
/data/home/rtabares/anaconda3/envs/pyth3.12/lib/python3.12/site-packages/sklearn/model_selection/_validation.py:960: UserWarning: Scoring failed. The score on this train-test partition for these parameters will be set to nan. Details: 
Traceback (most recent call last):
  File "/data/home/rtabares/anaconda3/envs/pyth3.12/lib/python3.12/site-packages/sklearn/model_selection/_validation.py", line 949, in _score
    scores = scorer(estimator, X_test, y_test, **score_params)
             ^^^^^^^^^^^^^^^^^^^^^^^^^^^^^^^^^^^^^^^^^^^^^^^^^
  File "/data/home/rtabares/anaconda3/envs/pyth3.12/lib/python3.12/site-packages/sklearn/metrics/_scorer.py", line 288, in __call__
    return self._score(partial(_cached_call, None), estimator, X, y_true, **_kwargs)
           ^^^^^^^^^^^^^^^^^^^^^^^^^^^^^^^^^^^^^^^^^^^^^^^^^^^^^^^^^^^^^^^^^^^^^^^^^
  File "/data/home/rtabares/anaconda3/envs/pyth3.12/lib/python3.12/site-packages/sklearn/metrics/_scorer.py", line 380, in _score
    y_pred = method_caller(
             ^^^^^^^^^^^^^^
  File "/data/home/rtabares/anaconda3/envs/pyth3.12/lib/python3.12/site-packages/sklearn/metrics/_scorer.py", line 90, in _cached_call
    result, _ = _get_response_values(
                ^^^^^^^^^^^^^^^^^^^^^
  File "/data/home/rtabares/anaconda3/envs/pyth3.12/lib/python3.12/site-packages/sklearn/utils/_response.py", line 214, in _get_response_values
    y_pred = prediction_method(X)
             ^^^^^^^^^^^^^^^^^^^^
  File "/data/home/rtabares/anaconda3/envs/pyth3.12/lib/python3.12/site-packages/sklearn/neighbors/_classification.py", line 262, in predict
    probabilities = self.predict_proba(X)
                    ^^^^^^^^^^^^^^^^^^^^^
  File "/data/home/rtabares/anaconda3/envs/pyth3.12/lib/python3.12/site-packages/sklearn/neighbors/_classification.py", line 371, in predict_proba
    neigh_ind = self.kneighbors(X, return_distance=False)
                ^^^^^^^^^^^^^^^^^^^^^^^^^^^^^^^^^^^^^^^^^
  File "/data/home/rtabares/anaconda3/envs/pyth3.12/lib/python3.12/site-packages/sklearn/neighbors/_base.py", line 854, in kneighbors
    raise ValueError(
ValueError: Expected n_neighbors <= n_samples_fit, but n_neighbors = 10, n_samples_fit = 8, n_samples = 2

  warnings.warn(
/data/home/rtabares/anaconda3/envs/pyth3.12/lib/python3.12/site-packages/sklearn/model_selection/_validation.py:960: UserWarning: Scoring failed. The score on this train-test partition for these parameters will be set to nan. Details: 
Traceback (most recent call last):
  File "/data/home/rtabares/anaconda3/envs/pyth3.12/lib/python3.12/site-packages/sklearn/model_selection/_validation.py", line 949, in _score
    scores = scorer(estimator, X_test, y_test, **score_params)
             ^^^^^^^^^^^^^^^^^^^^^^^^^^^^^^^^^^^^^^^^^^^^^^^^^
  File "/data/home/rtabares/anaconda3/envs/pyth3.12/lib/python3.12/site-packages/sklearn/metrics/_scorer.py", line 288, in __call__
    return self._score(partial(_cached_call, None), estimator, X, y_true, **_kwargs)
           ^^^^^^^^^^^^^^^^^^^^^^^^^^^^^^^^^^^^^^^^^^^^^^^^^^^^^^^^^^^^^^^^^^^^^^^^^
  File "/data/home/rtabares/anaconda3/envs/pyth3.12/lib/python3.12/site-packages/sklearn/metrics/_scorer.py", line 380, in _score
    y_pred = method_caller(
             ^^^^^^^^^^^^^^
  File "/data/home/rtabares/anaconda3/envs/pyth3.12/lib/python3.12/site-packages/sklearn/metrics/_scorer.py", line 90, in _cached_call
    result, _ = _get_response_values(
                ^^^^^^^^^^^^^^^^^^^^^
  File "/data/home/rtabares/anaconda3/envs/pyth3.12/lib/python3.12/site-packages/sklearn/utils/_response.py", line 214, in _get_response_values
    y_pred = prediction_method(X)
             ^^^^^^^^^^^^^^^^^^^^
  File "/data/home/rtabares/anaconda3/envs/pyth3.12/lib/python3.12/site-packages/sklearn/neighbors/_classification.py", line 262, in predict
    probabilities = self.predict_proba(X)
                    ^^^^^^^^^^^^^^^^^^^^^
  File "/data/home/rtabares/anaconda3/envs/pyth3.12/lib/python3.12/site-packages/sklearn/neighbors/_classification.py", line 371, in predict_proba
    neigh_ind = self.kneighbors(X, return_distance=False)
                ^^^^^^^^^^^^^^^^^^^^^^^^^^^^^^^^^^^^^^^^^
  File "/data/home/rtabares/anaconda3/envs/pyth3.12/lib/python3.12/site-packages/sklearn/neighbors/_base.py", line 854, in kneighbors
    raise ValueError(
ValueError: Expected n_neighbors <= n_samples_fit, but n_neighbors = 10, n_samples_fit = 8, n_samples = 2

  warnings.warn(
/data/home/rtabares/anaconda3/envs/pyth3.12/lib/python3.12/site-packages/sklearn/model_selection/_validation.py:960: UserWarning: Scoring failed. The score on this train-test partition for these parameters will be set to nan. Details: 
Traceback (most recent call last):
  File "/data/home/rtabares/anaconda3/envs/pyth3.12/lib/python3.12/site-packages/sklearn/model_selection/_validation.py", line 949, in _score
    scores = scorer(estimator, X_test, y_test, **score_params)
             ^^^^^^^^^^^^^^^^^^^^^^^^^^^^^^^^^^^^^^^^^^^^^^^^^
  File "/data/home/rtabares/anaconda3/envs/pyth3.12/lib/python3.12/site-packages/sklearn/metrics/_scorer.py", line 288, in __call__
    return self._score(partial(_cached_call, None), estimator, X, y_true, **_kwargs)
           ^^^^^^^^^^^^^^^^^^^^^^^^^^^^^^^^^^^^^^^^^^^^^^^^^^^^^^^^^^^^^^^^^^^^^^^^^
  File "/data/home/rtabares/anaconda3/envs/pyth3.12/lib/python3.12/site-packages/sklearn/metrics/_scorer.py", line 380, in _score
    y_pred = method_caller(
             ^^^^^^^^^^^^^^
  File "/data/home/rtabares/anaconda3/envs/pyth3.12/lib/python3.12/site-packages/sklearn/metrics/_scorer.py", line 90, in _cached_call
    result, _ = _get_response_values(
                ^^^^^^^^^^^^^^^^^^^^^
  File "/data/home/rtabares/anaconda3/envs/pyth3.12/lib/python3.12/site-packages/sklearn/utils/_response.py", line 214, in _get_response_values
    y_pred = prediction_method(X)
             ^^^^^^^^^^^^^^^^^^^^
  File "/data/home/rtabares/anaconda3/envs/pyth3.12/lib/python3.12/site-packages/sklearn/neighbors/_classification.py", line 262, in predict
    probabilities = self.predict_proba(X)
                    ^^^^^^^^^^^^^^^^^^^^^
  File "/data/home/rtabares/anaconda3/envs/pyth3.12/lib/python3.12/site-packages/sklearn/neighbors/_classification.py", line 371, in predict_proba
    neigh_ind = self.kneighbors(X, return_distance=False)
                ^^^^^^^^^^^^^^^^^^^^^^^^^^^^^^^^^^^^^^^^^
  File "/data/home/rtabares/anaconda3/envs/pyth3.12/lib/python3.12/site-packages/sklearn/neighbors/_base.py", line 854, in kneighbors
    raise ValueError(
ValueError: Expected n_neighbors <= n_samples_fit, but n_neighbors = 10, n_samples_fit = 8, n_samples = 2

  warnings.warn(
/data/home/rtabares/anaconda3/envs/pyth3.12/lib/python3.12/site-packages/sklearn/model_selection/_validation.py:960: UserWarning: Scoring failed. The score on this train-test partition for these parameters will be set to nan. Details: 
Traceback (most recent call last):
  File "/data/home/rtabares/anaconda3/envs/pyth3.12/lib/python3.12/site-packages/sklearn/model_selection/_validation.py", line 949, in _score
    scores = scorer(estimator, X_test, y_test, **score_params)
             ^^^^^^^^^^^^^^^^^^^^^^^^^^^^^^^^^^^^^^^^^^^^^^^^^
  File "/data/home/rtabares/anaconda3/envs/pyth3.12/lib/python3.12/site-packages/sklearn/metrics/_scorer.py", line 288, in __call__
    return self._score(partial(_cached_call, None), estimator, X, y_true, **_kwargs)
           ^^^^^^^^^^^^^^^^^^^^^^^^^^^^^^^^^^^^^^^^^^^^^^^^^^^^^^^^^^^^^^^^^^^^^^^^^
  File "/data/home/rtabares/anaconda3/envs/pyth3.12/lib/python3.12/site-packages/sklearn/metrics/_scorer.py", line 380, in _score
    y_pred = method_caller(
             ^^^^^^^^^^^^^^
  File "/data/home/rtabares/anaconda3/envs/pyth3.12/lib/python3.12/site-packages/sklearn/metrics/_scorer.py", line 90, in _cached_call
    result, _ = _get_response_values(
                ^^^^^^^^^^^^^^^^^^^^^
  File "/data/home/rtabares/anaconda3/envs/pyth3.12/lib/python3.12/site-packages/sklearn/utils/_response.py", line 214, in _get_response_values
    y_pred = prediction_method(X)
             ^^^^^^^^^^^^^^^^^^^^
  File "/data/home/rtabares/anaconda3/envs/pyth3.12/lib/python3.12/site-packages/sklearn/neighbors/_classification.py", line 262, in predict
    probabilities = self.predict_proba(X)
                    ^^^^^^^^^^^^^^^^^^^^^
  File "/data/home/rtabares/anaconda3/envs/pyth3.12/lib/python3.12/site-packages/sklearn/neighbors/_classification.py", line 371, in predict_proba
    neigh_ind = self.kneighbors(X, return_distance=False)
                ^^^^^^^^^^^^^^^^^^^^^^^^^^^^^^^^^^^^^^^^^
  File "/data/home/rtabares/anaconda3/envs/pyth3.12/lib/python3.12/site-packages/sklearn/neighbors/_base.py", line 854, in kneighbors
    raise ValueError(
ValueError: Expected n_neighbors <= n_samples_fit, but n_neighbors = 10, n_samples_fit = 8, n_samples = 2

  warnings.warn(
[W 2025-05-26 03:24:44,888] Trial 7 failed with parameters: {'n_neighbors': 10, 'leaf_size': 23, 'p': 2} because of the following error: The value nan is not acceptable.
[W 2025-05-26 03:24:44,888] Trial 7 failed with value np.float64(nan).
/data/home/rtabares/anaconda3/envs/pyth3.12/lib/python3.12/site-packages/sklearn/metrics/_classification.py:407: UserWarning: A single label was found in 'y_true' and 'y_pred'. For the confusion matrix to have the correct shape, use the 'labels' parameter to pass all known labels.
  warnings.warn(
[I 2025-05-26 03:24:44,974] Trial 8 finished with value: 0.6 and parameters: {'n_neighbors': 8, 'leaf_size': 36, 'p': 2}. Best is trial 0 with value: 0.7.
/data/home/rtabares/anaconda3/envs/pyth3.12/lib/python3.12/site-packages/sklearn/metrics/_classification.py:2524: UserWarning: y_pred contains classes not in y_true
  warnings.warn("y_pred contains classes not in y_true")
[I 2025-05-26 03:24:45,060] Trial 9 finished with value: 0.7 and parameters: {'n_neighbors': 3, 'leaf_size': 30, 'p': 2}. Best is trial 0 with value: 0.7.
/data/home/rtabares/anaconda3/envs/pyth3.12/lib/python3.12/site-packages/sklearn/metrics/_classification.py:2524: UserWarning: y_pred contains classes not in y_true
  warnings.warn("y_pred contains classes not in y_true")
