[I 2025-05-26 03:15:12,077] Trial 19 finished with value: 0.45 and parameters: {'hidden_layer_sizes': (100, 100), 'max_iter': 50, 'alpha': 0.001}. Best is trial 7 with value: 0.5.
[I 2025-05-26 03:15:15,260] A new study created in memory with name: naive_bayes
Parámetros guardados en checkpoint_shoppers_Dlatent_F/k-center/IPC_10/best_models_k-center_seed_5_space_latent/mlp_best_params.json


>>> Optuna tuning naive_bayes metodo k-center IPC 10 seed 5


[I 2025-05-26 03:15:18,314] Trial 0 finished with value: 0.55 and parameters: {'var_smoothing': 2.7796258518939306e-10}. Best is trial 0 with value: 0.55.
[I 2025-05-26 03:15:18,561] Trial 1 finished with value: 0.55 and parameters: {'var_smoothing': 5.513972710118387e-09}. Best is trial 0 with value: 0.55.
[I 2025-05-26 03:15:18,578] Trial 2 finished with value: 0.55 and parameters: {'var_smoothing': 2.590826381512706e-10}. Best is trial 0 with value: 0.55.
[I 2025-05-26 03:15:18,592] Trial 3 finished with value: 0.55 and parameters: {'var_smoothing': 6.874194498027403e-09}. Best is trial 0 with value: 0.55.
[I 2025-05-26 03:15:18,616] Trial 4 finished with value: 0.55 and parameters: {'var_smoothing': 9.480306482679771e-10}. Best is trial 0 with value: 0.55.
[I 2025-05-26 03:15:18,641] Trial 5 finished with value: 0.55 and parameters: {'var_smoothing': 1.6729683536668864e-09}. Best is trial 0 with value: 0.55.
[I 2025-05-26 03:15:18,665] Trial 6 finished with value: 0.55 and parameters: {'var_smoothing': 3.402637726935598e-09}. Best is trial 0 with value: 0.55.
[I 2025-05-26 03:15:18,680] Trial 7 finished with value: 0.55 and parameters: {'var_smoothing': 1.0885189040847657e-09}. Best is trial 0 with value: 0.55.
[I 2025-05-26 03:15:18,707] Trial 8 finished with value: 0.55 and parameters: {'var_smoothing': 3.922843686541149e-10}. Best is trial 0 with value: 0.55.
[I 2025-05-26 03:15:18,721] Trial 9 finished with value: 0.55 and parameters: {'var_smoothing': 2.3737908819373785e-10}. Best is trial 0 with value: 0.55.
[I 2025-05-26 03:15:18,739] Trial 10 finished with value: 0.55 and parameters: {'var_smoothing': 1.005826617097841e-10}. Best is trial 0 with value: 0.55.
[I 2025-05-26 03:15:19,392] Trial 11 finished with value: 0.55 and parameters: {'var_smoothing': 8.246040091550826e-09}. Best is trial 0 with value: 0.55.
[I 2025-05-26 03:15:20,068] Trial 12 finished with value: 0.55 and parameters: {'var_smoothing': 5.714429769091136e-10}. Best is trial 0 with value: 0.55.
[I 2025-05-26 03:15:20,086] Trial 13 finished with value: 0.55 and parameters: {'var_smoothing': 3.0046394488828834e-09}. Best is trial 0 with value: 0.55.
[I 2025-05-26 03:15:20,104] Trial 14 finished with value: 0.55 and parameters: {'var_smoothing': 1.0161521526134228e-10}. Best is trial 0 with value: 0.55.
[I 2025-05-26 03:15:20,121] Trial 15 finished with value: 0.55 and parameters: {'var_smoothing': 3.455011319435438e-09}. Best is trial 0 with value: 0.55.
[I 2025-05-26 03:15:20,819] Trial 16 finished with value: 0.55 and parameters: {'var_smoothing': 2.2038800241203009e-10}. Best is trial 0 with value: 0.55.
[I 2025-05-26 03:15:20,840] Trial 17 finished with value: 0.55 and parameters: {'var_smoothing': 1.8515987176145925e-09}. Best is trial 0 with value: 0.55.
[I 2025-05-26 03:15:20,857] Trial 18 finished with value: 0.55 and parameters: {'var_smoothing': 5.024285700153026e-10}. Best is trial 0 with value: 0.55.
[I 2025-05-26 03:15:20,875] Trial 19 finished with value: 0.55 and parameters: {'var_smoothing': 4.958025424412893e-09}. Best is trial 0 with value: 0.55.
/data/home/rtabares/anaconda3/envs/pyth3.12/lib/python3.12/site-packages/xgboost/core.py:377: FutureWarning: Your system has an old version of glibc (< 2.28). We will stop supporting Linux distros with glibc older than 2.28 after **May 31, 2025**. Please upgrade to a recent Linux distro (with glibc >= 2.28) to use future versions of XGBoost.
Note: You have installed the 'manylinux2014' variant of XGBoost. Certain features such as GPU algorithms or federated learning are not available. To use these features, please upgrade to a recent Linux distro with glibc 2.28+, and install the 'manylinux_2_28' variant.
  warnings.warn(
/data/home/rtabares/anaconda3/envs/pyth3.12/lib/python3.12/site-packages/xgboost/core.py:377: FutureWarning: Your system has an old version of glibc (< 2.28). We will stop supporting Linux distros with glibc older than 2.28 after **May 31, 2025**. Please upgrade to a recent Linux distro (with glibc >= 2.28) to use future versions of XGBoost.
Note: You have installed the 'manylinux2014' variant of XGBoost. Certain features such as GPU algorithms or federated learning are not available. To use these features, please upgrade to a recent Linux distro with glibc 2.28+, and install the 'manylinux_2_28' variant.
  warnings.warn(
/data/home/rtabares/anaconda3/envs/pyth3.12/lib/python3.12/site-packages/xgboost/core.py:377: FutureWarning: Your system has an old version of glibc (< 2.28). We will stop supporting Linux distros with glibc older than 2.28 after **May 31, 2025**. Please upgrade to a recent Linux distro (with glibc >= 2.28) to use future versions of XGBoost.
Note: You have installed the 'manylinux2014' variant of XGBoost. Certain features such as GPU algorithms or federated learning are not available. To use these features, please upgrade to a recent Linux distro with glibc 2.28+, and install the 'manylinux_2_28' variant.
  warnings.warn(
[I 2025-05-26 03:15:22,841] A new study created in memory with name: knn
[I 2025-05-26 03:15:26,346] Trial 0 finished with value: 0.5 and parameters: {'n_neighbors': 4, 'leaf_size': 38, 'p': 2}. Best is trial 0 with value: 0.5.
Parámetros guardados en checkpoint_shoppers_Dlatent_F/k-center/IPC_10/best_models_k-center_seed_5_space_latent/naive_bayes_best_params.json


>>> Optuna tuning knn metodo k-center IPC 10 seed 5


[I 2025-05-26 03:15:26,788] Trial 1 finished with value: 0.55 and parameters: {'n_neighbors': 6, 'leaf_size': 32, 'p': 1}. Best is trial 1 with value: 0.55.
[I 2025-05-26 03:15:26,805] Trial 2 finished with value: 0.55 and parameters: {'n_neighbors': 5, 'leaf_size': 23, 'p': 2}. Best is trial 1 with value: 0.55.
[I 2025-05-26 03:15:27,475] Trial 3 finished with value: 0.55 and parameters: {'n_neighbors': 6, 'leaf_size': 23, 'p': 1}. Best is trial 1 with value: 0.55.
[I 2025-05-26 03:15:27,540] Trial 4 finished with value: 0.55 and parameters: {'n_neighbors': 6, 'leaf_size': 26, 'p': 1}. Best is trial 1 with value: 0.55.
[I 2025-05-26 03:15:27,595] Trial 5 finished with value: 0.55 and parameters: {'n_neighbors': 7, 'leaf_size': 25, 'p': 1}. Best is trial 1 with value: 0.55.
[I 2025-05-26 03:15:27,620] Trial 6 finished with value: 0.55 and parameters: {'n_neighbors': 5, 'leaf_size': 23, 'p': 2}. Best is trial 1 with value: 0.55.
[I 2025-05-26 03:15:27,675] Trial 7 finished with value: 0.5 and parameters: {'n_neighbors': 10, 'leaf_size': 23, 'p': 2}. Best is trial 1 with value: 0.55.
[I 2025-05-26 03:15:27,761] Trial 8 finished with value: 0.45 and parameters: {'n_neighbors': 8, 'leaf_size': 36, 'p': 2}. Best is trial 1 with value: 0.55.
[I 2025-05-26 03:15:27,837] Trial 9 finished with value: 0.4 and parameters: {'n_neighbors': 3, 'leaf_size': 30, 'p': 2}. Best is trial 1 with value: 0.55.
[I 2025-05-26 03:15:27,927] Trial 10 finished with value: 0.6 and parameters: {'n_neighbors': 9, 'leaf_size': 33, 'p': 1}. Best is trial 10 with value: 0.6.
[I 2025-05-26 03:15:27,953] Trial 11 finished with value: 0.6 and parameters: {'n_neighbors': 9, 'leaf_size': 32, 'p': 1}. Best is trial 10 with value: 0.6.
[I 2025-05-26 03:15:27,976] Trial 12 finished with value: 0.65 and parameters: {'n_neighbors': 10, 'leaf_size': 34, 'p': 1}. Best is trial 12 with value: 0.65.
[I 2025-05-26 03:15:28,717] Trial 13 finished with value: 0.65 and parameters: {'n_neighbors': 10, 'leaf_size': 35, 'p': 1}. Best is trial 12 with value: 0.65.
[I 2025-05-26 03:15:29,542] Trial 14 finished with value: 0.65 and parameters: {'n_neighbors': 10, 'leaf_size': 39, 'p': 1}. Best is trial 12 with value: 0.65.
[I 2025-05-26 03:15:30,300] Trial 15 finished with value: 0.5 and parameters: {'n_neighbors': 8, 'leaf_size': 35, 'p': 1}. Best is trial 12 with value: 0.65.
[I 2025-05-26 03:15:31,059] Trial 16 finished with value: 0.65 and parameters: {'n_neighbors': 10, 'leaf_size': 40, 'p': 1}. Best is trial 12 with value: 0.65.
[I 2025-05-26 03:15:31,083] Trial 17 finished with value: 0.6 and parameters: {'n_neighbors': 9, 'leaf_size': 29, 'p': 1}. Best is trial 12 with value: 0.65.
[I 2025-05-26 03:15:31,106] Trial 18 finished with value: 0.5 and parameters: {'n_neighbors': 8, 'leaf_size': 36, 'p': 1}. Best is trial 12 with value: 0.65.
[I 2025-05-26 03:15:31,130] Trial 19 finished with value: 0.65 and parameters: {'n_neighbors': 10, 'leaf_size': 28, 'p': 1}. Best is trial 12 with value: 0.65.
/data/home/rtabares/anaconda3/envs/pyth3.12/lib/python3.12/site-packages/xgboost/core.py:377: FutureWarning: Your system has an old version of glibc (< 2.28). We will stop supporting Linux distros with glibc older than 2.28 after **May 31, 2025**. Please upgrade to a recent Linux distro (with glibc >= 2.28) to use future versions of XGBoost.
Note: You have installed the 'manylinux2014' variant of XGBoost. Certain features such as GPU algorithms or federated learning are not available. To use these features, please upgrade to a recent Linux distro with glibc 2.28+, and install the 'manylinux_2_28' variant.
  warnings.warn(
[I 2025-05-26 03:15:33,316] A new study created in memory with name: xgb
/data/home/rtabares/anaconda3/envs/pyth3.12/lib/python3.12/site-packages/xgboost/core.py:377: FutureWarning: Your system has an old version of glibc (< 2.28). We will stop supporting Linux distros with glibc older than 2.28 after **May 31, 2025**. Please upgrade to a recent Linux distro (with glibc >= 2.28) to use future versions of XGBoost.
Note: You have installed the 'manylinux2014' variant of XGBoost. Certain features such as GPU algorithms or federated learning are not available. To use these features, please upgrade to a recent Linux distro with glibc 2.28+, and install the 'manylinux_2_28' variant.
  warnings.warn(
/data/home/rtabares/anaconda3/envs/pyth3.12/lib/python3.12/site-packages/xgboost/core.py:377: FutureWarning: Your system has an old version of glibc (< 2.28). We will stop supporting Linux distros with glibc older than 2.28 after **May 31, 2025**. Please upgrade to a recent Linux distro (with glibc >= 2.28) to use future versions of XGBoost.
Note: You have installed the 'manylinux2014' variant of XGBoost. Certain features such as GPU algorithms or federated learning are not available. To use these features, please upgrade to a recent Linux distro with glibc 2.28+, and install the 'manylinux_2_28' variant.
  warnings.warn(
/data/home/rtabares/anaconda3/envs/pyth3.12/lib/python3.12/site-packages/xgboost/core.py:377: FutureWarning: Your system has an old version of glibc (< 2.28). We will stop supporting Linux distros with glibc older than 2.28 after **May 31, 2025**. Please upgrade to a recent Linux distro (with glibc >= 2.28) to use future versions of XGBoost.
Note: You have installed the 'manylinux2014' variant of XGBoost. Certain features such as GPU algorithms or federated learning are not available. To use these features, please upgrade to a recent Linux distro with glibc 2.28+, and install the 'manylinux_2_28' variant.
  warnings.warn(
/data/home/rtabares/anaconda3/envs/pyth3.12/lib/python3.12/site-packages/xgboost/core.py:377: FutureWarning: Your system has an old version of glibc (< 2.28). We will stop supporting Linux distros with glibc older than 2.28 after **May 31, 2025**. Please upgrade to a recent Linux distro (with glibc >= 2.28) to use future versions of XGBoost.
Note: You have installed the 'manylinux2014' variant of XGBoost. Certain features such as GPU algorithms or federated learning are not available. To use these features, please upgrade to a recent Linux distro with glibc 2.28+, and install the 'manylinux_2_28' variant.
  warnings.warn(
[I 2025-05-26 03:15:33,418] Trial 0 finished with value: 0.6 and parameters: {'n_estimators': 40, 'max_depth': 5, 'gamma': 0.789317070832284, 'subsample': 0.7592089939364717, 'colsample_bytree': 0.648400250788111}. Best is trial 0 with value: 0.6.
Parámetros guardados en checkpoint_shoppers_Dlatent_F/k-center/IPC_10/best_models_k-center_seed_5_space_latent/knn_best_params.json


>>> Optuna tuning xgb metodo k-center IPC 10 seed 5


/data/home/rtabares/anaconda3/envs/pyth3.12/lib/python3.12/site-packages/xgboost/core.py:377: FutureWarning: Your system has an old version of glibc (< 2.28). We will stop supporting Linux distros with glibc older than 2.28 after **May 31, 2025**. Please upgrade to a recent Linux distro (with glibc >= 2.28) to use future versions of XGBoost.
Note: You have installed the 'manylinux2014' variant of XGBoost. Certain features such as GPU algorithms or federated learning are not available. To use these features, please upgrade to a recent Linux distro with glibc 2.28+, and install the 'manylinux_2_28' variant.
  warnings.warn(
/data/home/rtabares/anaconda3/envs/pyth3.12/lib/python3.12/site-packages/xgboost/core.py:377: FutureWarning: Your system has an old version of glibc (< 2.28). We will stop supporting Linux distros with glibc older than 2.28 after **May 31, 2025**. Please upgrade to a recent Linux distro (with glibc >= 2.28) to use future versions of XGBoost.
Note: You have installed the 'manylinux2014' variant of XGBoost. Certain features such as GPU algorithms or federated learning are not available. To use these features, please upgrade to a recent Linux distro with glibc 2.28+, and install the 'manylinux_2_28' variant.
  warnings.warn(
[I 2025-05-26 03:15:37,185] Trial 1 finished with value: 0.55 and parameters: {'n_estimators': 100, 'max_depth': 30, 'gamma': 0.34667781579300216, 'subsample': 0.7071175095405257, 'colsample_bytree': 0.6480399663668239}. Best is trial 0 with value: 0.6.
/data/home/rtabares/anaconda3/envs/pyth3.12/lib/python3.12/site-packages/xgboost/core.py:377: FutureWarning: Your system has an old version of glibc (< 2.28). We will stop supporting Linux distros with glibc older than 2.28 after **May 31, 2025**. Please upgrade to a recent Linux distro (with glibc >= 2.28) to use future versions of XGBoost.
Note: You have installed the 'manylinux2014' variant of XGBoost. Certain features such as GPU algorithms or federated learning are not available. To use these features, please upgrade to a recent Linux distro with glibc 2.28+, and install the 'manylinux_2_28' variant.
  warnings.warn(
/data/home/rtabares/anaconda3/envs/pyth3.12/lib/python3.12/site-packages/xgboost/core.py:377: FutureWarning: Your system has an old version of glibc (< 2.28). We will stop supporting Linux distros with glibc older than 2.28 after **May 31, 2025**. Please upgrade to a recent Linux distro (with glibc >= 2.28) to use future versions of XGBoost.
Note: You have installed the 'manylinux2014' variant of XGBoost. Certain features such as GPU algorithms or federated learning are not available. To use these features, please upgrade to a recent Linux distro with glibc 2.28+, and install the 'manylinux_2_28' variant.
  warnings.warn(
[I 2025-05-26 03:15:37,583] Trial 2 finished with value: 0.5 and parameters: {'n_estimators': 10, 'max_depth': 20, 'gamma': 0.3948075529198607, 'subsample': 0.5720821503267102, 'colsample_bytree': 0.5828064306006338}. Best is trial 0 with value: 0.6.
[I 2025-05-26 03:15:37,614] Trial 3 finished with value: 0.5 and parameters: {'n_estimators': 10, 'max_depth': 30, 'gamma': 0.8015631269999768, 'subsample': 0.5114665462195407, 'colsample_bytree': 0.788831429064878}. Best is trial 0 with value: 0.6.
/data/home/rtabares/anaconda3/envs/pyth3.12/lib/python3.12/site-packages/xgboost/core.py:377: FutureWarning: Your system has an old version of glibc (< 2.28). We will stop supporting Linux distros with glibc older than 2.28 after **May 31, 2025**. Please upgrade to a recent Linux distro (with glibc >= 2.28) to use future versions of XGBoost.
Note: You have installed the 'manylinux2014' variant of XGBoost. Certain features such as GPU algorithms or federated learning are not available. To use these features, please upgrade to a recent Linux distro with glibc 2.28+, and install the 'manylinux_2_28' variant.
  warnings.warn(
/data/home/rtabares/anaconda3/envs/pyth3.12/lib/python3.12/site-packages/xgboost/core.py:377: FutureWarning: Your system has an old version of glibc (< 2.28). We will stop supporting Linux distros with glibc older than 2.28 after **May 31, 2025**. Please upgrade to a recent Linux distro (with glibc >= 2.28) to use future versions of XGBoost.
Note: You have installed the 'manylinux2014' variant of XGBoost. Certain features such as GPU algorithms or federated learning are not available. To use these features, please upgrade to a recent Linux distro with glibc 2.28+, and install the 'manylinux_2_28' variant.
  warnings.warn(
[I 2025-05-26 03:15:37,661] Trial 4 finished with value: 0.65 and parameters: {'n_estimators': 100, 'max_depth': 5, 'gamma': 0.8834347783013348, 'subsample': 0.961374806972835, 'colsample_bytree': 0.5011071062662218}. Best is trial 4 with value: 0.65.
/data/home/rtabares/anaconda3/envs/pyth3.12/lib/python3.12/site-packages/xgboost/core.py:377: FutureWarning: Your system has an old version of glibc (< 2.28). We will stop supporting Linux distros with glibc older than 2.28 after **May 31, 2025**. Please upgrade to a recent Linux distro (with glibc >= 2.28) to use future versions of XGBoost.
Note: You have installed the 'manylinux2014' variant of XGBoost. Certain features such as GPU algorithms or federated learning are not available. To use these features, please upgrade to a recent Linux distro with glibc 2.28+, and install the 'manylinux_2_28' variant.
  warnings.warn(
[I 2025-05-26 03:15:37,699] Trial 5 finished with value: 0.65 and parameters: {'n_estimators': 40, 'max_depth': 5, 'gamma': 0.5364379674896123, 'subsample': 0.5145557818363589, 'colsample_bytree': 0.5432628442011025}. Best is trial 4 with value: 0.65.
/data/home/rtabares/anaconda3/envs/pyth3.12/lib/python3.12/site-packages/xgboost/core.py:377: FutureWarning: Your system has an old version of glibc (< 2.28). We will stop supporting Linux distros with glibc older than 2.28 after **May 31, 2025**. Please upgrade to a recent Linux distro (with glibc >= 2.28) to use future versions of XGBoost.
Note: You have installed the 'manylinux2014' variant of XGBoost. Certain features such as GPU algorithms or federated learning are not available. To use these features, please upgrade to a recent Linux distro with glibc 2.28+, and install the 'manylinux_2_28' variant.
  warnings.warn(
/data/home/rtabares/anaconda3/envs/pyth3.12/lib/python3.12/site-packages/xgboost/core.py:377: FutureWarning: Your system has an old version of glibc (< 2.28). We will stop supporting Linux distros with glibc older than 2.28 after **May 31, 2025**. Please upgrade to a recent Linux distro (with glibc >= 2.28) to use future versions of XGBoost.
Note: You have installed the 'manylinux2014' variant of XGBoost. Certain features such as GPU algorithms or federated learning are not available. To use these features, please upgrade to a recent Linux distro with glibc 2.28+, and install the 'manylinux_2_28' variant.
  warnings.warn(
[I 2025-05-26 03:15:37,759] Trial 6 finished with value: 0.55 and parameters: {'n_estimators': 100, 'max_depth': 20, 'gamma': 0.6718205850237038, 'subsample': 0.9059511955902053, 'colsample_bytree': 0.9633413076219371}. Best is trial 4 with value: 0.65.
/data/home/rtabares/anaconda3/envs/pyth3.12/lib/python3.12/site-packages/xgboost/core.py:377: FutureWarning: Your system has an old version of glibc (< 2.28). We will stop supporting Linux distros with glibc older than 2.28 after **May 31, 2025**. Please upgrade to a recent Linux distro (with glibc >= 2.28) to use future versions of XGBoost.
Note: You have installed the 'manylinux2014' variant of XGBoost. Certain features such as GPU algorithms or federated learning are not available. To use these features, please upgrade to a recent Linux distro with glibc 2.28+, and install the 'manylinux_2_28' variant.
  warnings.warn(
/data/home/rtabares/anaconda3/envs/pyth3.12/lib/python3.12/site-packages/xgboost/core.py:377: FutureWarning: Your system has an old version of glibc (< 2.28). We will stop supporting Linux distros with glibc older than 2.28 after **May 31, 2025**. Please upgrade to a recent Linux distro (with glibc >= 2.28) to use future versions of XGBoost.
Note: You have installed the 'manylinux2014' variant of XGBoost. Certain features such as GPU algorithms or federated learning are not available. To use these features, please upgrade to a recent Linux distro with glibc 2.28+, and install the 'manylinux_2_28' variant.
  warnings.warn(
/data/home/rtabares/anaconda3/envs/pyth3.12/lib/python3.12/site-packages/xgboost/core.py:377: FutureWarning: Your system has an old version of glibc (< 2.28). We will stop supporting Linux distros with glibc older than 2.28 after **May 31, 2025**. Please upgrade to a recent Linux distro (with glibc >= 2.28) to use future versions of XGBoost.
Note: You have installed the 'manylinux2014' variant of XGBoost. Certain features such as GPU algorithms or federated learning are not available. To use these features, please upgrade to a recent Linux distro with glibc 2.28+, and install the 'manylinux_2_28' variant.
  warnings.warn(
