[I 2025-05-26 03:19:29,381] Trial 5 finished with value: 0.85 and parameters: {'n_estimators': 40, 'max_depth': 5, 'gamma': 0.5364379674896123, 'subsample': 0.5145557818363589, 'colsample_bytree': 0.5432628442011025}. Best is trial 1 with value: 0.85.
/data/home/rtabares/anaconda3/envs/pyth3.12/lib/python3.12/site-packages/xgboost/core.py:377: FutureWarning: Your system has an old version of glibc (< 2.28). We will stop supporting Linux distros with glibc older than 2.28 after **May 31, 2025**. Please upgrade to a recent Linux distro (with glibc >= 2.28) to use future versions of XGBoost.
Note: You have installed the 'manylinux2014' variant of XGBoost. Certain features such as GPU algorithms or federated learning are not available. To use these features, please upgrade to a recent Linux distro with glibc 2.28+, and install the 'manylinux_2_28' variant.
  warnings.warn(
/data/home/rtabares/anaconda3/envs/pyth3.12/lib/python3.12/site-packages/xgboost/core.py:377: FutureWarning: Your system has an old version of glibc (< 2.28). We will stop supporting Linux distros with glibc older than 2.28 after **May 31, 2025**. Please upgrade to a recent Linux distro (with glibc >= 2.28) to use future versions of XGBoost.
Note: You have installed the 'manylinux2014' variant of XGBoost. Certain features such as GPU algorithms or federated learning are not available. To use these features, please upgrade to a recent Linux distro with glibc 2.28+, and install the 'manylinux_2_28' variant.
  warnings.warn(
/data/home/rtabares/anaconda3/envs/pyth3.12/lib/python3.12/site-packages/xgboost/core.py:377: FutureWarning: Your system has an old version of glibc (< 2.28). We will stop supporting Linux distros with glibc older than 2.28 after **May 31, 2025**. Please upgrade to a recent Linux distro (with glibc >= 2.28) to use future versions of XGBoost.
Note: You have installed the 'manylinux2014' variant of XGBoost. Certain features such as GPU algorithms or federated learning are not available. To use these features, please upgrade to a recent Linux distro with glibc 2.28+, and install the 'manylinux_2_28' variant.
  warnings.warn(
[I 2025-05-26 03:19:29,477] Trial 6 finished with value: 0.8 and parameters: {'n_estimators': 100, 'max_depth': 20, 'gamma': 0.6718205850237038, 'subsample': 0.9059511955902053, 'colsample_bytree': 0.9633413076219371}. Best is trial 1 with value: 0.85.
/data/home/rtabares/anaconda3/envs/pyth3.12/lib/python3.12/site-packages/xgboost/core.py:377: FutureWarning: Your system has an old version of glibc (< 2.28). We will stop supporting Linux distros with glibc older than 2.28 after **May 31, 2025**. Please upgrade to a recent Linux distro (with glibc >= 2.28) to use future versions of XGBoost.
Note: You have installed the 'manylinux2014' variant of XGBoost. Certain features such as GPU algorithms or federated learning are not available. To use these features, please upgrade to a recent Linux distro with glibc 2.28+, and install the 'manylinux_2_28' variant.
  warnings.warn(
[I 2025-05-26 03:19:29,513] Trial 7 finished with value: 0.8 and parameters: {'n_estimators': 10, 'max_depth': 30, 'gamma': 0.8165284487704038, 'subsample': 0.5255714015506736, 'colsample_bytree': 0.594333867896554}. Best is trial 1 with value: 0.85.
/data/home/rtabares/anaconda3/envs/pyth3.12/lib/python3.12/site-packages/xgboost/core.py:377: FutureWarning: Your system has an old version of glibc (< 2.28). We will stop supporting Linux distros with glibc older than 2.28 after **May 31, 2025**. Please upgrade to a recent Linux distro (with glibc >= 2.28) to use future versions of XGBoost.
Note: You have installed the 'manylinux2014' variant of XGBoost. Certain features such as GPU algorithms or federated learning are not available. To use these features, please upgrade to a recent Linux distro with glibc 2.28+, and install the 'manylinux_2_28' variant.
  warnings.warn(
/data/home/rtabares/anaconda3/envs/pyth3.12/lib/python3.12/site-packages/xgboost/core.py:377: FutureWarning: Your system has an old version of glibc (< 2.28). We will stop supporting Linux distros with glibc older than 2.28 after **May 31, 2025**. Please upgrade to a recent Linux distro (with glibc >= 2.28) to use future versions of XGBoost.
Note: You have installed the 'manylinux2014' variant of XGBoost. Certain features such as GPU algorithms or federated learning are not available. To use these features, please upgrade to a recent Linux distro with glibc 2.28+, and install the 'manylinux_2_28' variant.
  warnings.warn(
[I 2025-05-26 03:19:29,589] Trial 8 finished with value: 0.8 and parameters: {'n_estimators': 100, 'max_depth': 20, 'gamma': 0.6251497693480509, 'subsample': 0.9696496759824258, 'colsample_bytree': 0.9717700410079397}. Best is trial 1 with value: 0.85.
/data/home/rtabares/anaconda3/envs/pyth3.12/lib/python3.12/site-packages/xgboost/core.py:377: FutureWarning: Your system has an old version of glibc (< 2.28). We will stop supporting Linux distros with glibc older than 2.28 after **May 31, 2025**. Please upgrade to a recent Linux distro (with glibc >= 2.28) to use future versions of XGBoost.
Note: You have installed the 'manylinux2014' variant of XGBoost. Certain features such as GPU algorithms or federated learning are not available. To use these features, please upgrade to a recent Linux distro with glibc 2.28+, and install the 'manylinux_2_28' variant.
  warnings.warn(
/data/home/rtabares/anaconda3/envs/pyth3.12/lib/python3.12/site-packages/xgboost/core.py:377: FutureWarning: Your system has an old version of glibc (< 2.28). We will stop supporting Linux distros with glibc older than 2.28 after **May 31, 2025**. Please upgrade to a recent Linux distro (with glibc >= 2.28) to use future versions of XGBoost.
Note: You have installed the 'manylinux2014' variant of XGBoost. Certain features such as GPU algorithms or federated learning are not available. To use these features, please upgrade to a recent Linux distro with glibc 2.28+, and install the 'manylinux_2_28' variant.
  warnings.warn(
/data/home/rtabares/anaconda3/envs/pyth3.12/lib/python3.12/site-packages/xgboost/core.py:377: FutureWarning: Your system has an old version of glibc (< 2.28). We will stop supporting Linux distros with glibc older than 2.28 after **May 31, 2025**. Please upgrade to a recent Linux distro (with glibc >= 2.28) to use future versions of XGBoost.
Note: You have installed the 'manylinux2014' variant of XGBoost. Certain features such as GPU algorithms or federated learning are not available. To use these features, please upgrade to a recent Linux distro with glibc 2.28+, and install the 'manylinux_2_28' variant.
  warnings.warn(
/data/home/rtabares/anaconda3/envs/pyth3.12/lib/python3.12/site-packages/xgboost/core.py:377: FutureWarning: Your system has an old version of glibc (< 2.28). We will stop supporting Linux distros with glibc older than 2.28 after **May 31, 2025**. Please upgrade to a recent Linux distro (with glibc >= 2.28) to use future versions of XGBoost.
Note: You have installed the 'manylinux2014' variant of XGBoost. Certain features such as GPU algorithms or federated learning are not available. To use these features, please upgrade to a recent Linux distro with glibc 2.28+, and install the 'manylinux_2_28' variant.
  warnings.warn(
[I 2025-05-26 03:19:29,654] Trial 9 finished with value: 0.85 and parameters: {'n_estimators': 40, 'max_depth': 30, 'gamma': 0.9649927737686168, 'subsample': 0.6857563076640036, 'colsample_bytree': 0.5061847058001788}. Best is trial 1 with value: 0.85.
/data/home/rtabares/anaconda3/envs/pyth3.12/lib/python3.12/site-packages/xgboost/core.py:377: FutureWarning: Your system has an old version of glibc (< 2.28). We will stop supporting Linux distros with glibc older than 2.28 after **May 31, 2025**. Please upgrade to a recent Linux distro (with glibc >= 2.28) to use future versions of XGBoost.
Note: You have installed the 'manylinux2014' variant of XGBoost. Certain features such as GPU algorithms or federated learning are not available. To use these features, please upgrade to a recent Linux distro with glibc 2.28+, and install the 'manylinux_2_28' variant.
  warnings.warn(
/data/home/rtabares/anaconda3/envs/pyth3.12/lib/python3.12/site-packages/xgboost/core.py:377: FutureWarning: Your system has an old version of glibc (< 2.28). We will stop supporting Linux distros with glibc older than 2.28 after **May 31, 2025**. Please upgrade to a recent Linux distro (with glibc >= 2.28) to use future versions of XGBoost.
Note: You have installed the 'manylinux2014' variant of XGBoost. Certain features such as GPU algorithms or federated learning are not available. To use these features, please upgrade to a recent Linux distro with glibc 2.28+, and install the 'manylinux_2_28' variant.
  warnings.warn(
[I 2025-05-26 03:19:29,752] Trial 10 finished with value: 0.85 and parameters: {'n_estimators': 100, 'max_depth': 30, 'gamma': 0.14652420766939808, 'subsample': 0.7882149445367822, 'colsample_bytree': 0.774073623852926}. Best is trial 1 with value: 0.85.
[I 2025-05-26 03:19:29,801] Trial 11 finished with value: 0.8 and parameters: {'n_estimators': 10, 'max_depth': 20, 'gamma': 0.3599371982830902, 'subsample': 0.6388052294316233, 'colsample_bytree': 0.6815498556783907}. Best is trial 1 with value: 0.85.
/data/home/rtabares/anaconda3/envs/pyth3.12/lib/python3.12/site-packages/xgboost/core.py:377: FutureWarning: Your system has an old version of glibc (< 2.28). We will stop supporting Linux distros with glibc older than 2.28 after **May 31, 2025**. Please upgrade to a recent Linux distro (with glibc >= 2.28) to use future versions of XGBoost.
Note: You have installed the 'manylinux2014' variant of XGBoost. Certain features such as GPU algorithms or federated learning are not available. To use these features, please upgrade to a recent Linux distro with glibc 2.28+, and install the 'manylinux_2_28' variant.
  warnings.warn(
/data/home/rtabares/anaconda3/envs/pyth3.12/lib/python3.12/site-packages/xgboost/core.py:377: FutureWarning: Your system has an old version of glibc (< 2.28). We will stop supporting Linux distros with glibc older than 2.28 after **May 31, 2025**. Please upgrade to a recent Linux distro (with glibc >= 2.28) to use future versions of XGBoost.
Note: You have installed the 'manylinux2014' variant of XGBoost. Certain features such as GPU algorithms or federated learning are not available. To use these features, please upgrade to a recent Linux distro with glibc 2.28+, and install the 'manylinux_2_28' variant.
  warnings.warn(
[I 2025-05-26 03:19:31,085] Trial 12 finished with value: 0.8 and parameters: {'n_estimators': 10, 'max_depth': 20, 'gamma': 0.35654179655573703, 'subsample': 0.6299221506081885, 'colsample_bytree': 0.691686017284061}. Best is trial 1 with value: 0.85.
[I 2025-05-26 03:19:31,153] Trial 13 finished with value: 0.85 and parameters: {'n_estimators': 100, 'max_depth': 20, 'gamma': 0.3552667583114842, 'subsample': 0.8193857210205517, 'colsample_bytree': 0.5986642109109661}. Best is trial 1 with value: 0.85.
[I 2025-05-26 03:19:31,198] Trial 14 finished with value: 0.85 and parameters: {'n_estimators': 10, 'max_depth': 30, 'gamma': 0.17144069483747348, 'subsample': 0.6206499595750674, 'colsample_bytree': 0.8551654876481427}. Best is trial 1 with value: 0.85.
/data/home/rtabares/anaconda3/envs/pyth3.12/lib/python3.12/site-packages/xgboost/core.py:377: FutureWarning: Your system has an old version of glibc (< 2.28). We will stop supporting Linux distros with glibc older than 2.28 after **May 31, 2025**. Please upgrade to a recent Linux distro (with glibc >= 2.28) to use future versions of XGBoost.
Note: You have installed the 'manylinux2014' variant of XGBoost. Certain features such as GPU algorithms or federated learning are not available. To use these features, please upgrade to a recent Linux distro with glibc 2.28+, and install the 'manylinux_2_28' variant.
  warnings.warn(
[I 2025-05-26 03:19:33,108] Trial 15 finished with value: 0.8 and parameters: {'n_estimators': 100, 'max_depth': 30, 'gamma': 0.4634818023552794, 'subsample': 0.6904090726514213, 'colsample_bytree': 0.6110367976663728}. Best is trial 1 with value: 0.85.
/data/home/rtabares/anaconda3/envs/pyth3.12/lib/python3.12/site-packages/xgboost/core.py:377: FutureWarning: Your system has an old version of glibc (< 2.28). We will stop supporting Linux distros with glibc older than 2.28 after **May 31, 2025**. Please upgrade to a recent Linux distro (with glibc >= 2.28) to use future versions of XGBoost.
Note: You have installed the 'manylinux2014' variant of XGBoost. Certain features such as GPU algorithms or federated learning are not available. To use these features, please upgrade to a recent Linux distro with glibc 2.28+, and install the 'manylinux_2_28' variant.
  warnings.warn(
[I 2025-05-26 03:19:34,032] Trial 16 finished with value: 0.8 and parameters: {'n_estimators': 10, 'max_depth': 20, 'gamma': 0.28348273058911083, 'subsample': 0.5834553554394064, 'colsample_bytree': 0.7212718893110286}. Best is trial 1 with value: 0.85.
[I 2025-05-26 03:19:34,118] Trial 17 finished with value: 0.85 and parameters: {'n_estimators': 100, 'max_depth': 30, 'gamma': 0.2527309846885406, 'subsample': 0.846246948568024, 'colsample_bytree': 0.8620191781968441}. Best is trial 1 with value: 0.85.
/data/home/rtabares/anaconda3/envs/pyth3.12/lib/python3.12/site-packages/xgboost/core.py:377: FutureWarning: Your system has an old version of glibc (< 2.28). We will stop supporting Linux distros with glibc older than 2.28 after **May 31, 2025**. Please upgrade to a recent Linux distro (with glibc >= 2.28) to use future versions of XGBoost.
Note: You have installed the 'manylinux2014' variant of XGBoost. Certain features such as GPU algorithms or federated learning are not available. To use these features, please upgrade to a recent Linux distro with glibc 2.28+, and install the 'manylinux_2_28' variant.
  warnings.warn(
[I 2025-05-26 03:19:35,494] Trial 18 finished with value: 0.8 and parameters: {'n_estimators': 10, 'max_depth': 20, 'gamma': 0.46951533626903036, 'subsample': 0.7058098421914561, 'colsample_bytree': 0.5681157441732178}. Best is trial 1 with value: 0.85.
[I 2025-05-26 03:19:35,555] Trial 19 finished with value: 0.85 and parameters: {'n_estimators': 40, 'max_depth': 5, 'gamma': 0.45200812673115187, 'subsample': 0.5652525341320878, 'colsample_bytree': 0.6459480502866466}. Best is trial 1 with value: 0.85.
[I 2025-05-26 03:20:10,155] A new study created in memory with name: rf
Parámetros guardados en checkpoint_shoppers_Dlatent_F/lc/IPC_10/best_models_lc_seed_5_space_latent/xgb_best_params.json


>>> Optuna tuning rf metodo lc IPC 10 seed 5


[I 2025-05-26 03:20:13,012] Trial 0 finished with value: 0.5 and parameters: {'n_estimators': 189, 'max_depth': 18, 'min_samples_split': 3, 'min_samples_leaf': 10}. Best is trial 0 with value: 0.5.
[I 2025-05-26 03:20:13,670] Trial 1 finished with value: 0.9 and parameters: {'n_estimators': 295, 'max_depth': 14, 'min_samples_split': 8, 'min_samples_leaf': 6}. Best is trial 1 with value: 0.9.
[I 2025-05-26 03:20:13,960] Trial 2 finished with value: 0.5 and parameters: {'n_estimators': 219, 'max_depth': 6, 'min_samples_split': 2, 'min_samples_leaf': 8}. Best is trial 1 with value: 0.9.
[I 2025-05-26 03:20:14,288] Trial 3 finished with value: 0.95 and parameters: {'n_estimators': 276, 'max_depth': 5, 'min_samples_split': 9, 'min_samples_leaf': 3}. Best is trial 3 with value: 0.95.
[I 2025-05-26 03:20:14,648] Trial 4 finished with value: 0.95 and parameters: {'n_estimators': 266, 'max_depth': 8, 'min_samples_split': 7, 'min_samples_leaf': 6}. Best is trial 3 with value: 0.95.
[I 2025-05-26 03:20:15,079] Trial 5 finished with value: 0.95 and parameters: {'n_estimators': 340, 'max_depth': 7, 'min_samples_split': 4, 'min_samples_leaf': 3}. Best is trial 3 with value: 0.95.
[I 2025-05-26 03:20:15,338] Trial 6 finished with value: 0.5 and parameters: {'n_estimators': 231, 'max_depth': 5, 'min_samples_split': 3, 'min_samples_leaf': 10}. Best is trial 3 with value: 0.95.
[I 2025-05-26 03:20:15,879] Trial 7 finished with value: 0.95 and parameters: {'n_estimators': 485, 'max_depth': 6, 'min_samples_split': 2, 'min_samples_leaf': 3}. Best is trial 3 with value: 0.95.
[I 2025-05-26 03:20:16,547] Trial 8 finished with value: 0.95 and parameters: {'n_estimators': 380, 'max_depth': 17, 'min_samples_split': 2, 'min_samples_leaf': 6}. Best is trial 3 with value: 0.95.
[I 2025-05-26 03:20:16,884] Trial 9 finished with value: 0.5 and parameters: {'n_estimators': 100, 'max_depth': 12, 'min_samples_split': 7, 'min_samples_leaf': 10}. Best is trial 3 with value: 0.95.
[I 2025-05-26 03:20:18,169] Trial 10 finished with value: 0.95 and parameters: {'n_estimators': 446, 'max_depth': 3, 'min_samples_split': 10, 'min_samples_leaf': 2}. Best is trial 3 with value: 0.95.
[I 2025-05-26 03:20:20,393] Trial 11 finished with value: 0.95 and parameters: {'n_estimators': 279, 'max_depth': 10, 'min_samples_split': 9, 'min_samples_leaf': 4}. Best is trial 3 with value: 0.95.
[I 2025-05-26 03:20:22,247] Trial 12 finished with value: 0.95 and parameters: {'n_estimators': 164, 'max_depth': 9, 'min_samples_split': 6, 'min_samples_leaf': 1}. Best is trial 3 with value: 0.95.
[I 2025-05-26 03:20:23,924] Trial 13 finished with value: 0.95 and parameters: {'n_estimators': 371, 'max_depth': 9, 'min_samples_split': 6, 'min_samples_leaf': 5}. Best is trial 3 with value: 0.95.
[I 2025-05-26 03:20:24,803] Trial 14 finished with value: 0.5 and parameters: {'n_estimators': 279, 'max_depth': 4, 'min_samples_split': 8, 'min_samples_leaf': 7}. Best is trial 3 with value: 0.95.
[I 2025-05-26 03:20:25,641] Trial 15 finished with value: 0.9 and parameters: {'n_estimators': 334, 'max_depth': 13, 'min_samples_split': 10, 'min_samples_leaf': 4}. Best is trial 3 with value: 0.95.
[I 2025-05-26 03:20:26,367] Trial 16 finished with value: 0.5 and parameters: {'n_estimators': 254, 'max_depth': 8, 'min_samples_split': 5, 'min_samples_leaf': 8}. Best is trial 3 with value: 0.95.
[I 2025-05-26 03:20:26,781] Trial 17 finished with value: 0.95 and parameters: {'n_estimators': 137, 'max_depth': 15, 'min_samples_split': 8, 'min_samples_leaf': 1}. Best is trial 3 with value: 0.95.
[I 2025-05-26 03:20:27,881] Trial 18 finished with value: 0.95 and parameters: {'n_estimators': 413, 'max_depth': 11, 'min_samples_split': 7, 'min_samples_leaf': 5}. Best is trial 3 with value: 0.95.
[I 2025-05-26 03:20:28,461] Trial 19 finished with value: 0.95 and parameters: {'n_estimators': 209, 'max_depth': 3, 'min_samples_split': 9, 'min_samples_leaf': 3}. Best is trial 3 with value: 0.95.
[I 2025-05-26 03:20:35,226] A new study created in memory with name: svc
Parámetros guardados en checkpoint_shoppers_Dlatent_F/lc/IPC_10/best_models_lc_seed_5_space_latent/rf_best_params.json


>>> Optuna tuning svc metodo lc IPC 10 seed 5


[I 2025-05-26 03:20:38,612] Trial 0 finished with value: 0.6 and parameters: {'C': 0.07726319876517104, 'gamma': 0.3040389504793042}. Best is trial 0 with value: 0.6.
[I 2025-05-26 03:20:38,960] Trial 1 finished with value: 0.6 and parameters: {'C': 0.06712381339142241, 'gamma': 0.47254549996710477}. Best is trial 0 with value: 0.6.
[I 2025-05-26 03:20:38,977] Trial 2 finished with value: 0.9 and parameters: {'C': 0.8987621100554035, 'gamma': 0.027988231123708972}. Best is trial 2 with value: 0.9.
[I 2025-05-26 03:20:38,990] Trial 3 finished with value: 1.0 and parameters: {'C': 11.5779435007655, 'gamma': 0.011848734045499056}. Best is trial 3 with value: 1.0.
[I 2025-05-26 03:20:39,003] Trial 4 finished with value: 0.95 and parameters: {'C': 0.1538870258903583, 'gamma': 0.0005634883151169033}. Best is trial 3 with value: 1.0.
[I 2025-05-26 03:20:39,016] Trial 5 finished with value: 0.6 and parameters: {'C': 0.021036092656561454, 'gamma': 0.08990030906808326}. Best is trial 3 with value: 1.0.
[I 2025-05-26 03:20:39,029] Trial 6 finished with value: 0.95 and parameters: {'C': 0.5824208201678516, 'gamma': 0.00042977333932534993}. Best is trial 3 with value: 1.0.
[I 2025-05-26 03:20:39,043] Trial 7 finished with value: 0.95 and parameters: {'C': 33.09391330085814, 'gamma': 0.001248377256719358}. Best is trial 3 with value: 1.0.
[I 2025-05-26 03:20:39,057] Trial 8 finished with value: 0.95 and parameters: {'C': 0.45387898639622015, 'gamma': 0.0015286910781809498}. Best is trial 3 with value: 1.0.
[I 2025-05-26 03:20:39,071] Trial 9 finished with value: 0.95 and parameters: {'C': 3.274550070431994, 'gamma': 0.02086177421469992}. Best is trial 3 with value: 1.0.
[I 2025-05-26 03:20:39,097] Trial 10 finished with value: 0.95 and parameters: {'C': 90.06440757156173, 'gamma': 0.004099569284748027}. Best is trial 3 with value: 1.0.
[I 2025-05-26 03:20:39,118] Trial 11 finished with value: 0.95 and parameters: {'C': 6.48642555359081, 'gamma': 0.00022085405637239277}. Best is trial 3 with value: 1.0.
[I 2025-05-26 03:20:40,207] Trial 12 finished with value: 0.95 and parameters: {'C': 9.58842315611254, 'gamma': 0.005704053596514284}. Best is trial 3 with value: 1.0.
[I 2025-05-26 03:20:41,360] Trial 13 finished with value: 0.95 and parameters: {'C': 0.16280907414611331, 'gamma': 0.0009925346954175736}. Best is trial 3 with value: 1.0.
[I 2025-05-26 03:20:41,383] Trial 14 finished with value: 0.95 and parameters: {'C': 2.6016409793562336, 'gamma': 0.00010410657631139162}. Best is trial 3 with value: 1.0.
[I 2025-05-26 03:20:41,404] Trial 15 finished with value: 0.6 and parameters: {'C': 0.01021297223473908, 'gamma': 0.08748457230579992}. Best is trial 3 with value: 1.0.
[I 2025-05-26 03:20:41,424] Trial 16 finished with value: 1.0 and parameters: {'C': 15.192879012200343, 'gamma': 0.012696410691730576}. Best is trial 3 with value: 1.0.
