[I 2025-05-26 03:29:36,197] Trial 13 finished with value: 0.8 and parameters: {'n_estimators': 100, 'max_depth': 5, 'gamma': 0.626711129198294, 'subsample': 0.7001853800090055, 'colsample_bytree': 0.712752570473077}. Best is trial 0 with value: 0.8.
/data/home/rtabares/anaconda3/envs/pyth3.12/lib/python3.12/site-packages/xgboost/core.py:377: FutureWarning: Your system has an old version of glibc (< 2.28). We will stop supporting Linux distros with glibc older than 2.28 after **May 31, 2025**. Please upgrade to a recent Linux distro (with glibc >= 2.28) to use future versions of XGBoost.
Note: You have installed the 'manylinux2014' variant of XGBoost. Certain features such as GPU algorithms or federated learning are not available. To use these features, please upgrade to a recent Linux distro with glibc 2.28+, and install the 'manylinux_2_28' variant.
  warnings.warn(
/data/home/rtabares/anaconda3/envs/pyth3.12/lib/python3.12/site-packages/xgboost/core.py:377: FutureWarning: Your system has an old version of glibc (< 2.28). We will stop supporting Linux distros with glibc older than 2.28 after **May 31, 2025**. Please upgrade to a recent Linux distro (with glibc >= 2.28) to use future versions of XGBoost.
Note: You have installed the 'manylinux2014' variant of XGBoost. Certain features such as GPU algorithms or federated learning are not available. To use these features, please upgrade to a recent Linux distro with glibc 2.28+, and install the 'manylinux_2_28' variant.
  warnings.warn(
[I 2025-05-26 03:29:36,921] Trial 14 finished with value: 0.75 and parameters: {'n_estimators': 100, 'max_depth': 30, 'gamma': 0.4000023985818805, 'subsample': 0.8940181087620663, 'colsample_bytree': 0.596389989619073}. Best is trial 0 with value: 0.8.
[I 2025-05-26 03:29:36,960] Trial 15 finished with value: 0.8 and parameters: {'n_estimators': 10, 'max_depth': 30, 'gamma': 0.8361750979473885, 'subsample': 0.5052985200248541, 'colsample_bytree': 0.9888939439492501}. Best is trial 0 with value: 0.8.
[I 2025-05-26 03:29:36,999] Trial 16 finished with value: 0.75 and parameters: {'n_estimators': 10, 'max_depth': 5, 'gamma': 0.991314742891843, 'subsample': 0.8787287422282001, 'colsample_bytree': 0.7917736739504313}. Best is trial 0 with value: 0.8.
[I 2025-05-26 03:29:37,057] Trial 17 finished with value: 0.75 and parameters: {'n_estimators': 100, 'max_depth': 30, 'gamma': 0.5818209581005225, 'subsample': 0.7369637418182623, 'colsample_bytree': 0.5064839807832304}. Best is trial 0 with value: 0.8.
/data/home/rtabares/anaconda3/envs/pyth3.12/lib/python3.12/site-packages/xgboost/core.py:377: FutureWarning: Your system has an old version of glibc (< 2.28). We will stop supporting Linux distros with glibc older than 2.28 after **May 31, 2025**. Please upgrade to a recent Linux distro (with glibc >= 2.28) to use future versions of XGBoost.
Note: You have installed the 'manylinux2014' variant of XGBoost. Certain features such as GPU algorithms or federated learning are not available. To use these features, please upgrade to a recent Linux distro with glibc 2.28+, and install the 'manylinux_2_28' variant.
  warnings.warn(
[I 2025-05-26 03:29:37,755] Trial 18 finished with value: 0.75 and parameters: {'n_estimators': 100, 'max_depth': 30, 'gamma': 0.25368366843950607, 'subsample': 0.9349024637789001, 'colsample_bytree': 0.6735042672265268}. Best is trial 0 with value: 0.8.
[I 2025-05-26 03:29:37,794] Trial 19 finished with value: 0.8 and parameters: {'n_estimators': 10, 'max_depth': 30, 'gamma': 0.7930613875242585, 'subsample': 0.6342385505944843, 'colsample_bytree': 0.7858104741672305}. Best is trial 0 with value: 0.8.
/data/home/rtabares/anaconda3/envs/pyth3.12/lib/python3.12/site-packages/xgboost/core.py:377: FutureWarning: Your system has an old version of glibc (< 2.28). We will stop supporting Linux distros with glibc older than 2.28 after **May 31, 2025**. Please upgrade to a recent Linux distro (with glibc >= 2.28) to use future versions of XGBoost.
Note: You have installed the 'manylinux2014' variant of XGBoost. Certain features such as GPU algorithms or federated learning are not available. To use these features, please upgrade to a recent Linux distro with glibc 2.28+, and install the 'manylinux_2_28' variant.
  warnings.warn(
[I 2025-05-26 03:29:42,622] A new study created in memory with name: rf
Parámetros guardados en checkpoint_shoppers_Dlatent_F/k-center/IPC_10/best_models_k-center_seed_6_space_original/xgb_best_params.json


>>> Optuna tuning rf metodo k-center IPC 10 seed 6


[I 2025-05-26 03:29:43,455] Trial 0 finished with value: 0.75 and parameters: {'n_estimators': 458, 'max_depth': 8, 'min_samples_split': 9, 'min_samples_leaf': 1}. Best is trial 0 with value: 0.75.
[I 2025-05-26 03:29:43,712] Trial 1 finished with value: 0.7 and parameters: {'n_estimators': 143, 'max_depth': 13, 'min_samples_split': 6, 'min_samples_leaf': 5}. Best is trial 0 with value: 0.75.
[I 2025-05-26 03:29:44,109] Trial 2 finished with value: 0.5 and parameters: {'n_estimators': 234, 'max_depth': 14, 'min_samples_split': 5, 'min_samples_leaf': 8}. Best is trial 0 with value: 0.75.
[I 2025-05-26 03:29:44,812] Trial 3 finished with value: 0.5 and parameters: {'n_estimators': 307, 'max_depth': 13, 'min_samples_split': 7, 'min_samples_leaf': 10}. Best is trial 0 with value: 0.75.
[I 2025-05-26 03:29:45,511] Trial 4 finished with value: 0.5 and parameters: {'n_estimators': 428, 'max_depth': 10, 'min_samples_split': 9, 'min_samples_leaf': 9}. Best is trial 0 with value: 0.75.
[I 2025-05-26 03:29:45,877] Trial 5 finished with value: 0.5 and parameters: {'n_estimators': 121, 'max_depth': 15, 'min_samples_split': 9, 'min_samples_leaf': 8}. Best is trial 0 with value: 0.75.
[I 2025-05-26 03:29:46,908] Trial 6 finished with value: 0.5 and parameters: {'n_estimators': 384, 'max_depth': 12, 'min_samples_split': 3, 'min_samples_leaf': 10}. Best is trial 0 with value: 0.75.
[I 2025-05-26 03:29:47,334] Trial 7 finished with value: 0.5 and parameters: {'n_estimators': 261, 'max_depth': 6, 'min_samples_split': 8, 'min_samples_leaf': 10}. Best is trial 0 with value: 0.75.
[I 2025-05-26 03:29:47,614] Trial 8 finished with value: 0.5 and parameters: {'n_estimators': 202, 'max_depth': 15, 'min_samples_split': 7, 'min_samples_leaf': 8}. Best is trial 0 with value: 0.75.
[I 2025-05-26 03:29:48,143] Trial 9 finished with value: 0.65 and parameters: {'n_estimators': 475, 'max_depth': 9, 'min_samples_split': 4, 'min_samples_leaf': 5}. Best is trial 0 with value: 0.75.
[I 2025-05-26 03:29:48,608] Trial 10 finished with value: 0.55 and parameters: {'n_estimators': 352, 'max_depth': 20, 'min_samples_split': 10, 'min_samples_leaf': 1}. Best is trial 0 with value: 0.75.
[I 2025-05-26 03:29:48,800] Trial 11 finished with value: 0.65 and parameters: {'n_estimators': 110, 'max_depth': 4, 'min_samples_split': 6, 'min_samples_leaf': 1}. Best is trial 0 with value: 0.75.
[I 2025-05-26 03:29:50,200] Trial 12 finished with value: 0.7 and parameters: {'n_estimators': 489, 'max_depth': 7, 'min_samples_split': 2, 'min_samples_leaf': 4}. Best is trial 0 with value: 0.75.
[I 2025-05-26 03:29:50,464] Trial 13 finished with value: 0.7 and parameters: {'n_estimators': 201, 'max_depth': 18, 'min_samples_split': 5, 'min_samples_leaf': 3}. Best is trial 0 with value: 0.75.
[I 2025-05-26 03:29:50,694] Trial 14 finished with value: 0.7 and parameters: {'n_estimators': 157, 'max_depth': 9, 'min_samples_split': 7, 'min_samples_leaf': 6}. Best is trial 0 with value: 0.75.
[I 2025-05-26 03:29:51,080] Trial 15 finished with value: 0.7 and parameters: {'n_estimators': 308, 'max_depth': 3, 'min_samples_split': 10, 'min_samples_leaf': 3}. Best is trial 0 with value: 0.75.
[I 2025-05-26 03:29:51,575] Trial 16 finished with value: 0.65 and parameters: {'n_estimators': 423, 'max_depth': 17, 'min_samples_split': 6, 'min_samples_leaf': 6}. Best is trial 0 with value: 0.75.
[I 2025-05-26 03:29:51,994] Trial 17 finished with value: 0.75 and parameters: {'n_estimators': 339, 'max_depth': 11, 'min_samples_split': 8, 'min_samples_leaf': 2}. Best is trial 0 with value: 0.75.
[I 2025-05-26 03:29:52,433] Trial 18 finished with value: 0.7 and parameters: {'n_estimators': 352, 'max_depth': 7, 'min_samples_split': 8, 'min_samples_leaf': 2}. Best is trial 0 with value: 0.75.
[I 2025-05-26 03:29:52,967] Trial 19 finished with value: 0.7 and parameters: {'n_estimators': 445, 'max_depth': 11, 'min_samples_split': 9, 'min_samples_leaf': 2}. Best is trial 0 with value: 0.75.
[I 2025-05-26 03:29:55,893] A new study created in memory with name: svc
[I 2025-05-26 03:29:56,746] Trial 0 finished with value: 0.2 and parameters: {'C': 37.27697013499731, 'gamma': 0.0021277432488243223}. Best is trial 0 with value: 0.2.
Parámetros guardados en checkpoint_shoppers_Dlatent_F/k-center/IPC_10/best_models_k-center_seed_6_space_original/rf_best_params.json


>>> Optuna tuning svc metodo k-center IPC 10 seed 6


[I 2025-05-26 03:29:59,899] Trial 1 finished with value: 0.5 and parameters: {'C': 19.271543171162776, 'gamma': 0.00014682043379470554}. Best is trial 1 with value: 0.5.
[I 2025-05-26 03:30:00,148] Trial 2 finished with value: 0.5 and parameters: {'C': 0.0269542169583157, 'gamma': 0.023999835049635022}. Best is trial 1 with value: 0.5.
[I 2025-05-26 03:30:00,163] Trial 3 finished with value: 0.45 and parameters: {'C': 1.3160410886450586, 'gamma': 0.0047340159215720195}. Best is trial 1 with value: 0.5.
[I 2025-05-26 03:30:00,189] Trial 4 finished with value: 0.55 and parameters: {'C': 0.21959952535674737, 'gamma': 0.030908485742507576}. Best is trial 4 with value: 0.55.
[I 2025-05-26 03:30:00,214] Trial 5 finished with value: 0.6 and parameters: {'C': 0.5656733313644114, 'gamma': 0.08780685564625502}. Best is trial 5 with value: 0.6.
[I 2025-05-26 03:30:00,229] Trial 6 finished with value: 0.35 and parameters: {'C': 1.1807165425157664, 'gamma': 0.020674470756231633}. Best is trial 5 with value: 0.6.
[I 2025-05-26 03:30:00,250] Trial 7 finished with value: 0.45 and parameters: {'C': 3.8143486186647126, 'gamma': 0.9138966502602072}. Best is trial 5 with value: 0.6.
[I 2025-05-26 03:30:00,264] Trial 8 finished with value: 0.25 and parameters: {'C': 19.029737066374768, 'gamma': 0.004495766421289856}. Best is trial 5 with value: 0.6.
[I 2025-05-26 03:30:00,278] Trial 9 finished with value: 0.45 and parameters: {'C': 31.994153257994277, 'gamma': 0.19725941020937518}. Best is trial 5 with value: 0.6.
[I 2025-05-26 03:30:00,304] Trial 10 finished with value: 0.5 and parameters: {'C': 0.11094550375298705, 'gamma': 0.12003575275605229}. Best is trial 5 with value: 0.6.
[I 2025-05-26 03:30:00,328] Trial 11 finished with value: 0.55 and parameters: {'C': 0.17115368615984916, 'gamma': 0.08906649737796249}. Best is trial 5 with value: 0.6.
[I 2025-05-26 03:30:01,004] Trial 12 finished with value: 0.4 and parameters: {'C': 0.20129659736664238, 'gamma': 0.9704822224277305}. Best is trial 5 with value: 0.6.
[I 2025-05-26 03:30:01,707] Trial 13 finished with value: 0.6 and parameters: {'C': 0.01284808941120096, 'gamma': 0.00081880215265675}. Best is trial 5 with value: 0.6.
[I 2025-05-26 03:30:01,740] Trial 14 finished with value: 0.6 and parameters: {'C': 0.01362542003630963, 'gamma': 0.00024914720641010425}. Best is trial 5 with value: 0.6.
[I 2025-05-26 03:30:01,762] Trial 15 finished with value: 0.6 and parameters: {'C': 0.045873978004772956, 'gamma': 0.00067784795824241}. Best is trial 5 with value: 0.6.
[I 2025-05-26 03:30:01,794] Trial 16 finished with value: 0.45 and parameters: {'C': 5.927602193299766, 'gamma': 0.0012865710659571746}. Best is trial 5 with value: 0.6.
[I 2025-05-26 03:30:02,522] Trial 17 finished with value: 0.6 and parameters: {'C': 0.5376379024208717, 'gamma': 0.0003440994924658222}. Best is trial 5 with value: 0.6.
[I 2025-05-26 03:30:02,541] Trial 18 finished with value: 0.45 and parameters: {'C': 0.043465465064546155, 'gamma': 0.27661902272012395}. Best is trial 5 with value: 0.6.
[I 2025-05-26 03:30:02,559] Trial 19 finished with value: 0.5 and parameters: {'C': 0.013103877820334748, 'gamma': 0.00797335207636829}. Best is trial 5 with value: 0.6.
[I 2025-05-26 03:30:04,447] A new study created in memory with name: logreg
[I 2025-05-26 03:30:07,930] Trial 0 finished with value: 0.6 and parameters: {'C': 29.127335430981816, 'penalty': 'l2'}. Best is trial 0 with value: 0.6.
Parámetros guardados en checkpoint_shoppers_Dlatent_F/k-center/IPC_10/best_models_k-center_seed_6_space_original/svc_best_params.json


>>> Optuna tuning logreg metodo k-center IPC 10 seed 6


[I 2025-05-26 03:30:08,405] Trial 1 finished with value: 0.6 and parameters: {'C': 0.045698192893558344, 'penalty': 'l2'}. Best is trial 0 with value: 0.6.
[I 2025-05-26 03:30:08,462] Trial 2 finished with value: 0.6 and parameters: {'C': 12.768668597712947, 'penalty': 'l2'}. Best is trial 0 with value: 0.6.
[I 2025-05-26 03:30:08,486] Trial 3 finished with value: 0.55 and parameters: {'C': 0.0016161554408462638, 'penalty': 'l2'}. Best is trial 0 with value: 0.6.
[I 2025-05-26 03:30:09,445] Trial 4 finished with value: 0.55 and parameters: {'C': 0.0034536903703241734, 'penalty': 'l2'}. Best is trial 0 with value: 0.6.
[I 2025-05-26 03:30:09,490] Trial 5 finished with value: 0.55 and parameters: {'C': 0.9446269266990148, 'penalty': 'l2'}. Best is trial 0 with value: 0.6.
[I 2025-05-26 03:30:09,515] Trial 6 finished with value: 0.55 and parameters: {'C': 0.4457453393648168, 'penalty': 'l2'}. Best is trial 0 with value: 0.6.
[I 2025-05-26 03:30:09,541] Trial 7 finished with value: 0.55 and parameters: {'C': 0.12417585037258261, 'penalty': 'l2'}. Best is trial 0 with value: 0.6.
[I 2025-05-26 03:30:09,566] Trial 8 finished with value: 0.6 and parameters: {'C': 0.04753781830244093, 'penalty': 'l2'}. Best is trial 0 with value: 0.6.
[I 2025-05-26 03:30:09,602] Trial 9 finished with value: 0.55 and parameters: {'C': 1.2959766028194148, 'penalty': 'l2'}. Best is trial 0 with value: 0.6.
[I 2025-05-26 03:30:09,633] Trial 10 finished with value: 0.6 and parameters: {'C': 96.02411422716075, 'penalty': 'l2'}. Best is trial 0 with value: 0.6.
[I 2025-05-26 03:30:09,664] Trial 11 finished with value: 0.6 and parameters: {'C': 0.011544291794950012, 'penalty': 'l2'}. Best is trial 0 with value: 0.6.
[I 2025-05-26 03:30:09,695] Trial 12 finished with value: 0.6 and parameters: {'C': 82.8768656483412, 'penalty': 'l2'}. Best is trial 0 with value: 0.6.
[I 2025-05-26 03:30:10,393] Trial 13 finished with value: 0.55 and parameters: {'C': 4.865673542589085, 'penalty': 'l2'}. Best is trial 0 with value: 0.6.
[I 2025-05-26 03:30:10,424] Trial 14 finished with value: 0.6 and parameters: {'C': 0.029889896070841086, 'penalty': 'l2'}. Best is trial 0 with value: 0.6.
[I 2025-05-26 03:30:11,129] Trial 15 finished with value: 0.55 and parameters: {'C': 9.224679733476327, 'penalty': 'l2'}. Best is trial 0 with value: 0.6.
[I 2025-05-26 03:30:11,170] Trial 16 finished with value: 0.55 and parameters: {'C': 0.13531262729274382, 'penalty': 'l2'}. Best is trial 0 with value: 0.6.
[I 2025-05-26 03:30:11,900] Trial 17 finished with value: 0.6 and parameters: {'C': 0.009039871959471408, 'penalty': 'l2'}. Best is trial 0 with value: 0.6.
[I 2025-05-26 03:30:11,932] Trial 18 finished with value: 0.55 and parameters: {'C': 2.7002197370561327, 'penalty': 'l2'}. Best is trial 0 with value: 0.6.
[I 2025-05-26 03:30:11,964] Trial 19 finished with value: 0.6 and parameters: {'C': 26.139922781749494, 'penalty': 'l2'}. Best is trial 0 with value: 0.6.
/data/home/rtabares/anaconda3/envs/pyth3.12/lib/python3.12/site-packages/xgboost/core.py:377: FutureWarning: Your system has an old version of glibc (< 2.28). We will stop supporting Linux distros with glibc older than 2.28 after **May 31, 2025**. Please upgrade to a recent Linux distro (with glibc >= 2.28) to use future versions of XGBoost.
Note: You have installed the 'manylinux2014' variant of XGBoost. Certain features such as GPU algorithms or federated learning are not available. To use these features, please upgrade to a recent Linux distro with glibc 2.28+, and install the 'manylinux_2_28' variant.
  warnings.warn(
/data/home/rtabares/anaconda3/envs/pyth3.12/lib/python3.12/site-packages/xgboost/core.py:377: FutureWarning: Your system has an old version of glibc (< 2.28). We will stop supporting Linux distros with glibc older than 2.28 after **May 31, 2025**. Please upgrade to a recent Linux distro (with glibc >= 2.28) to use future versions of XGBoost.
Note: You have installed the 'manylinux2014' variant of XGBoost. Certain features such as GPU algorithms or federated learning are not available. To use these features, please upgrade to a recent Linux distro with glibc 2.28+, and install the 'manylinux_2_28' variant.
  warnings.warn(
[I 2025-05-26 03:30:14,059] A new study created in memory with name: mlp
Parámetros guardados en checkpoint_shoppers_Dlatent_F/k-center/IPC_10/best_models_k-center_seed_6_space_original/logreg_best_params.json


>>> Optuna tuning mlp metodo k-center IPC 10 seed 6


/data/home/rtabares/anaconda3/envs/pyth3.12/lib/python3.12/site-packages/sklearn/neural_network/_multilayer_perceptron.py:691: ConvergenceWarning: Stochastic Optimizer: Maximum iterations (100) reached and the optimization hasn't converged yet.
  warnings.warn(
/data/home/rtabares/anaconda3/envs/pyth3.12/lib/python3.12/site-packages/sklearn/neural_network/_multilayer_perceptron.py:691: ConvergenceWarning: Stochastic Optimizer: Maximum iterations (100) reached and the optimization hasn't converged yet.
  warnings.warn(
/data/home/rtabares/anaconda3/envs/pyth3.12/lib/python3.12/site-packages/sklearn/neural_network/_multilayer_perceptron.py:691: ConvergenceWarning: Stochastic Optimizer: Maximum iterations (100) reached and the optimization hasn't converged yet.
  warnings.warn(
/data/home/rtabares/anaconda3/envs/pyth3.12/lib/python3.12/site-packages/sklearn/neural_network/_multilayer_perceptron.py:691: ConvergenceWarning: Stochastic Optimizer: Maximum iterations (100) reached and the optimization hasn't converged yet.
  warnings.warn(
/data/home/rtabares/anaconda3/envs/pyth3.12/lib/python3.12/site-packages/sklearn/neural_network/_multilayer_perceptron.py:691: ConvergenceWarning: Stochastic Optimizer: Maximum iterations (100) reached and the optimization hasn't converged yet.
  warnings.warn(
[I 2025-05-26 03:30:17,546] Trial 0 finished with value: 0.5 and parameters: {'hidden_layer_sizes': (100,), 'max_iter': 100, 'alpha': 0.0001}. Best is trial 0 with value: 0.5.
/data/home/rtabares/anaconda3/envs/pyth3.12/lib/python3.12/site-packages/sklearn/neural_network/_multilayer_perceptron.py:691: ConvergenceWarning: Stochastic Optimizer: Maximum iterations (100) reached and the optimization hasn't converged yet.
  warnings.warn(
/data/home/rtabares/anaconda3/envs/pyth3.12/lib/python3.12/site-packages/sklearn/neural_network/_multilayer_perceptron.py:691: ConvergenceWarning: Stochastic Optimizer: Maximum iterations (100) reached and the optimization hasn't converged yet.
  warnings.warn(
/data/home/rtabares/anaconda3/envs/pyth3.12/lib/python3.12/site-packages/sklearn/neural_network/_multilayer_perceptron.py:691: ConvergenceWarning: Stochastic Optimizer: Maximum iterations (100) reached and the optimization hasn't converged yet.
  warnings.warn(
[I 2025-05-26 03:30:17,984] Trial 1 finished with value: 0.45 and parameters: {'hidden_layer_sizes': (100, 100), 'max_iter': 100, 'alpha': 0.001}. Best is trial 0 with value: 0.5.
/data/home/rtabares/anaconda3/envs/pyth3.12/lib/python3.12/site-packages/sklearn/neural_network/_multilayer_perceptron.py:691: ConvergenceWarning: Stochastic Optimizer: Maximum iterations (100) reached and the optimization hasn't converged yet.
  warnings.warn(
/data/home/rtabares/anaconda3/envs/pyth3.12/lib/python3.12/site-packages/sklearn/neural_network/_multilayer_perceptron.py:691: ConvergenceWarning: Stochastic Optimizer: Maximum iterations (100) reached and the optimization hasn't converged yet.
  warnings.warn(
/data/home/rtabares/anaconda3/envs/pyth3.12/lib/python3.12/site-packages/sklearn/neural_network/_multilayer_perceptron.py:691: ConvergenceWarning: Stochastic Optimizer: Maximum iterations (100) reached and the optimization hasn't converged yet.
  warnings.warn(
/data/home/rtabares/anaconda3/envs/pyth3.12/lib/python3.12/site-packages/sklearn/neural_network/_multilayer_perceptron.py:691: ConvergenceWarning: Stochastic Optimizer: Maximum iterations (100) reached and the optimization hasn't converged yet.
  warnings.warn(
