[I 2025-05-26 03:20:41,443] Trial 17 finished with value: 1.0 and parameters: {'C': 22.314990344770536, 'gamma': 0.01330081691127371}. Best is trial 3 with value: 1.0.
[I 2025-05-26 03:20:41,472] Trial 18 finished with value: 0.7 and parameters: {'C': 69.49903949069233, 'gamma': 0.09156428311925056}. Best is trial 3 with value: 1.0.
[I 2025-05-26 03:20:41,492] Trial 19 finished with value: 0.95 and parameters: {'C': 14.322382056958748, 'gamma': 0.005093665397662954}. Best is trial 3 with value: 1.0.
[I 2025-05-26 03:20:50,418] A new study created in memory with name: logreg
Parámetros guardados en checkpoint_shoppers_Dlatent_F/lc/IPC_10/best_models_lc_seed_5_space_latent/svc_best_params.json


>>> Optuna tuning logreg metodo lc IPC 10 seed 5


[I 2025-05-26 03:20:51,374] Trial 0 finished with value: 0.95 and parameters: {'C': 0.012881482725481003, 'penalty': 'l2'}. Best is trial 0 with value: 0.95.
[I 2025-05-26 03:20:51,388] Trial 1 finished with value: 0.95 and parameters: {'C': 22.576755560681583, 'penalty': 'l2'}. Best is trial 0 with value: 0.95.
[I 2025-05-26 03:20:51,401] Trial 2 finished with value: 0.95 and parameters: {'C': 0.010804278656839932, 'penalty': 'l2'}. Best is trial 0 with value: 0.95.
[I 2025-05-26 03:20:51,424] Trial 3 finished with value: 0.95 and parameters: {'C': 39.17910760336117, 'penalty': 'l2'}. Best is trial 0 with value: 0.95.
[I 2025-05-26 03:20:52,527] Trial 4 finished with value: 0.95 and parameters: {'C': 0.2767298094062571, 'penalty': 'l2'}. Best is trial 0 with value: 0.95.
[I 2025-05-26 03:20:52,554] Trial 5 finished with value: 0.95 and parameters: {'C': 1.1447728330837224, 'penalty': 'l2'}. Best is trial 0 with value: 0.95.
[I 2025-05-26 03:20:52,580] Trial 6 finished with value: 0.95 and parameters: {'C': 6.753661388238877, 'penalty': 'l2'}. Best is trial 0 with value: 0.95.
[I 2025-05-26 03:20:52,606] Trial 7 finished with value: 0.95 and parameters: {'C': 0.39092184460352974, 'penalty': 'l2'}. Best is trial 0 with value: 0.95.
[I 2025-05-26 03:20:52,624] Trial 8 finished with value: 0.95 and parameters: {'C': 0.03047912590082646, 'penalty': 'l2'}. Best is trial 0 with value: 0.95.
[I 2025-05-26 03:20:52,642] Trial 9 finished with value: 0.95 and parameters: {'C': 0.008681727362499118, 'penalty': 'l2'}. Best is trial 0 with value: 0.95.
[I 2025-05-26 03:20:52,672] Trial 10 finished with value: 0.95 and parameters: {'C': 0.0010146302597657177, 'penalty': 'l2'}. Best is trial 0 with value: 0.95.
[I 2025-05-26 03:20:53,971] Trial 11 finished with value: 0.95 and parameters: {'C': 61.74667908323206, 'penalty': 'l2'}. Best is trial 0 with value: 0.95.
[I 2025-05-26 03:20:54,829] Trial 12 finished with value: 0.95 and parameters: {'C': 0.07806066539229185, 'penalty': 'l2'}. Best is trial 0 with value: 0.95.
[I 2025-05-26 03:20:54,862] Trial 13 finished with value: 0.95 and parameters: {'C': 4.948583609511714, 'penalty': 'l2'}. Best is trial 0 with value: 0.95.
[I 2025-05-26 03:20:54,881] Trial 14 finished with value: 0.95 and parameters: {'C': 0.001040870868316403, 'penalty': 'l2'}. Best is trial 0 with value: 0.95.
[I 2025-05-26 03:20:55,559] Trial 15 finished with value: 0.95 and parameters: {'C': 7.01655100276303, 'penalty': 'l2'}. Best is trial 0 with value: 0.95.
[I 2025-05-26 03:20:56,275] Trial 16 finished with value: 0.95 and parameters: {'C': 0.007210574547652081, 'penalty': 'l2'}. Best is trial 0 with value: 0.95.
[I 2025-05-26 03:20:56,992] Trial 17 finished with value: 0.95 and parameters: {'C': 1.4752552821847151, 'penalty': 'l2'}. Best is trial 0 with value: 0.95.
[I 2025-05-26 03:20:57,023] Trial 18 finished with value: 0.95 and parameters: {'C': 0.05658298018503892, 'penalty': 'l2'}. Best is trial 0 with value: 0.95.
[I 2025-05-26 03:20:57,055] Trial 19 finished with value: 0.95 and parameters: {'C': 17.308995845007956, 'penalty': 'l2'}. Best is trial 0 with value: 0.95.
/data/home/rtabares/anaconda3/envs/pyth3.12/lib/python3.12/site-packages/xgboost/core.py:377: FutureWarning: Your system has an old version of glibc (< 2.28). We will stop supporting Linux distros with glibc older than 2.28 after **May 31, 2025**. Please upgrade to a recent Linux distro (with glibc >= 2.28) to use future versions of XGBoost.
Note: You have installed the 'manylinux2014' variant of XGBoost. Certain features such as GPU algorithms or federated learning are not available. To use these features, please upgrade to a recent Linux distro with glibc 2.28+, and install the 'manylinux_2_28' variant.
  warnings.warn(
/data/home/rtabares/anaconda3/envs/pyth3.12/lib/python3.12/site-packages/xgboost/core.py:377: FutureWarning: Your system has an old version of glibc (< 2.28). We will stop supporting Linux distros with glibc older than 2.28 after **May 31, 2025**. Please upgrade to a recent Linux distro (with glibc >= 2.28) to use future versions of XGBoost.
Note: You have installed the 'manylinux2014' variant of XGBoost. Certain features such as GPU algorithms or federated learning are not available. To use these features, please upgrade to a recent Linux distro with glibc 2.28+, and install the 'manylinux_2_28' variant.
  warnings.warn(
[I 2025-05-26 03:20:59,010] A new study created in memory with name: mlp
/data/home/rtabares/anaconda3/envs/pyth3.12/lib/python3.12/site-packages/sklearn/neural_network/_multilayer_perceptron.py:691: ConvergenceWarning: Stochastic Optimizer: Maximum iterations (50) reached and the optimization hasn't converged yet.
  warnings.warn(
/data/home/rtabares/anaconda3/envs/pyth3.12/lib/python3.12/site-packages/sklearn/neural_network/_multilayer_perceptron.py:691: ConvergenceWarning: Stochastic Optimizer: Maximum iterations (50) reached and the optimization hasn't converged yet.
  warnings.warn(
[I 2025-05-26 03:20:59,602] Trial 0 finished with value: 0.95 and parameters: {'hidden_layer_sizes': (200,), 'max_iter': 50, 'alpha': 0.001}. Best is trial 0 with value: 0.95.
Parámetros guardados en checkpoint_shoppers_Dlatent_F/lc/IPC_10/best_models_lc_seed_5_space_latent/logreg_best_params.json


>>> Optuna tuning mlp metodo lc IPC 10 seed 5


[I 2025-05-26 03:21:01,966] Trial 1 finished with value: 0.95 and parameters: {'hidden_layer_sizes': (100,), 'max_iter': 100, 'alpha': 0.0001}. Best is trial 0 with value: 0.95.
[I 2025-05-26 03:21:02,254] Trial 2 finished with value: 0.95 and parameters: {'hidden_layer_sizes': (100,), 'max_iter': 100, 'alpha': 0.001}. Best is trial 0 with value: 0.95.
[I 2025-05-26 03:21:02,938] Trial 3 finished with value: 0.95 and parameters: {'hidden_layer_sizes': (200,), 'max_iter': 50, 'alpha': 0.001}. Best is trial 0 with value: 0.95.
[I 2025-05-26 03:21:02,995] Trial 4 finished with value: 0.95 and parameters: {'hidden_layer_sizes': (100,), 'max_iter': 100, 'alpha': 0.0001}. Best is trial 0 with value: 0.95.
[I 2025-05-26 03:21:03,051] Trial 5 finished with value: 0.95 and parameters: {'hidden_layer_sizes': (100,), 'max_iter': 100, 'alpha': 0.001}. Best is trial 0 with value: 0.95.
[I 2025-05-26 03:21:03,117] Trial 6 finished with value: 0.95 and parameters: {'hidden_layer_sizes': (200,), 'max_iter': 100, 'alpha': 0.001}. Best is trial 0 with value: 0.95.
[I 2025-05-26 03:21:03,174] Trial 7 finished with value: 0.95 and parameters: {'hidden_layer_sizes': (200,), 'max_iter': 100, 'alpha': 0.001}. Best is trial 0 with value: 0.95.
[I 2025-05-26 03:21:03,240] Trial 8 finished with value: 1.0 and parameters: {'hidden_layer_sizes': (100,), 'max_iter': 100, 'alpha': 0.001}. Best is trial 8 with value: 1.0.
/data/home/rtabares/anaconda3/envs/pyth3.12/lib/python3.12/site-packages/sklearn/neural_network/_multilayer_perceptron.py:691: ConvergenceWarning: Stochastic Optimizer: Maximum iterations (50) reached and the optimization hasn't converged yet.
  warnings.warn(
/data/home/rtabares/anaconda3/envs/pyth3.12/lib/python3.12/site-packages/sklearn/neural_network/_multilayer_perceptron.py:691: ConvergenceWarning: Stochastic Optimizer: Maximum iterations (50) reached and the optimization hasn't converged yet.
  warnings.warn(
/data/home/rtabares/anaconda3/envs/pyth3.12/lib/python3.12/site-packages/sklearn/neural_network/_multilayer_perceptron.py:691: ConvergenceWarning: Stochastic Optimizer: Maximum iterations (50) reached and the optimization hasn't converged yet.
  warnings.warn(
/data/home/rtabares/anaconda3/envs/pyth3.12/lib/python3.12/site-packages/sklearn/neural_network/_multilayer_perceptron.py:691: ConvergenceWarning: Stochastic Optimizer: Maximum iterations (50) reached and the optimization hasn't converged yet.
  warnings.warn(
/data/home/rtabares/anaconda3/envs/pyth3.12/lib/python3.12/site-packages/sklearn/neural_network/_multilayer_perceptron.py:691: ConvergenceWarning: Stochastic Optimizer: Maximum iterations (50) reached and the optimization hasn't converged yet.
  warnings.warn(
[I 2025-05-26 03:21:03,296] Trial 9 finished with value: 0.95 and parameters: {'hidden_layer_sizes': (100,), 'max_iter': 50, 'alpha': 0.001}. Best is trial 8 with value: 1.0.
[I 2025-05-26 03:21:03,355] Trial 10 finished with value: 0.95 and parameters: {'hidden_layer_sizes': (100, 100), 'max_iter': 50, 'alpha': 0.0001}. Best is trial 8 with value: 1.0.
[I 2025-05-26 03:21:03,415] Trial 11 finished with value: 0.95 and parameters: {'hidden_layer_sizes': (100, 100), 'max_iter': 50, 'alpha': 0.001}. Best is trial 8 with value: 1.0.
/data/home/rtabares/anaconda3/envs/pyth3.12/lib/python3.12/site-packages/sklearn/neural_network/_multilayer_perceptron.py:691: ConvergenceWarning: Stochastic Optimizer: Maximum iterations (50) reached and the optimization hasn't converged yet.
  warnings.warn(
/data/home/rtabares/anaconda3/envs/pyth3.12/lib/python3.12/site-packages/sklearn/neural_network/_multilayer_perceptron.py:691: ConvergenceWarning: Stochastic Optimizer: Maximum iterations (50) reached and the optimization hasn't converged yet.
  warnings.warn(
[I 2025-05-26 03:21:04,121] Trial 12 finished with value: 0.95 and parameters: {'hidden_layer_sizes': (200,), 'max_iter': 50, 'alpha': 0.001}. Best is trial 8 with value: 1.0.
/data/home/rtabares/anaconda3/envs/pyth3.12/lib/python3.12/site-packages/sklearn/neural_network/_multilayer_perceptron.py:691: ConvergenceWarning: Stochastic Optimizer: Maximum iterations (50) reached and the optimization hasn't converged yet.
  warnings.warn(
/data/home/rtabares/anaconda3/envs/pyth3.12/lib/python3.12/site-packages/sklearn/neural_network/_multilayer_perceptron.py:691: ConvergenceWarning: Stochastic Optimizer: Maximum iterations (50) reached and the optimization hasn't converged yet.
  warnings.warn(
[I 2025-05-26 03:21:04,802] Trial 13 finished with value: 0.95 and parameters: {'hidden_layer_sizes': (200,), 'max_iter': 50, 'alpha': 0.001}. Best is trial 8 with value: 1.0.
[I 2025-05-26 03:21:04,857] Trial 14 finished with value: 0.95 and parameters: {'hidden_layer_sizes': (100, 100), 'max_iter': 100, 'alpha': 0.0001}. Best is trial 8 with value: 1.0.
/data/home/rtabares/anaconda3/envs/pyth3.12/lib/python3.12/site-packages/sklearn/neural_network/_multilayer_perceptron.py:691: ConvergenceWarning: Stochastic Optimizer: Maximum iterations (50) reached and the optimization hasn't converged yet.
  warnings.warn(
/data/home/rtabares/anaconda3/envs/pyth3.12/lib/python3.12/site-packages/sklearn/neural_network/_multilayer_perceptron.py:691: ConvergenceWarning: Stochastic Optimizer: Maximum iterations (50) reached and the optimization hasn't converged yet.
  warnings.warn(
/data/home/rtabares/anaconda3/envs/pyth3.12/lib/python3.12/site-packages/sklearn/neural_network/_multilayer_perceptron.py:691: ConvergenceWarning: Stochastic Optimizer: Maximum iterations (50) reached and the optimization hasn't converged yet.
  warnings.warn(
/data/home/rtabares/anaconda3/envs/pyth3.12/lib/python3.12/site-packages/sklearn/neural_network/_multilayer_perceptron.py:691: ConvergenceWarning: Stochastic Optimizer: Maximum iterations (50) reached and the optimization hasn't converged yet.
  warnings.warn(
/data/home/rtabares/anaconda3/envs/pyth3.12/lib/python3.12/site-packages/sklearn/neural_network/_multilayer_perceptron.py:691: ConvergenceWarning: Stochastic Optimizer: Maximum iterations (50) reached and the optimization hasn't converged yet.
  warnings.warn(
[I 2025-05-26 03:21:05,639] Trial 15 finished with value: 0.95 and parameters: {'hidden_layer_sizes': (100,), 'max_iter': 50, 'alpha': 0.001}. Best is trial 8 with value: 1.0.
[I 2025-05-26 03:21:06,413] Trial 16 finished with value: 0.95 and parameters: {'hidden_layer_sizes': (200,), 'max_iter': 100, 'alpha': 0.001}. Best is trial 8 with value: 1.0.
/data/home/rtabares/anaconda3/envs/pyth3.12/lib/python3.12/site-packages/sklearn/neural_network/_multilayer_perceptron.py:691: ConvergenceWarning: Stochastic Optimizer: Maximum iterations (50) reached and the optimization hasn't converged yet.
  warnings.warn(
/data/home/rtabares/anaconda3/envs/pyth3.12/lib/python3.12/site-packages/sklearn/neural_network/_multilayer_perceptron.py:691: ConvergenceWarning: Stochastic Optimizer: Maximum iterations (50) reached and the optimization hasn't converged yet.
  warnings.warn(
/data/home/rtabares/anaconda3/envs/pyth3.12/lib/python3.12/site-packages/sklearn/neural_network/_multilayer_perceptron.py:691: ConvergenceWarning: Stochastic Optimizer: Maximum iterations (50) reached and the optimization hasn't converged yet.
  warnings.warn(
[I 2025-05-26 03:21:06,463] Trial 17 finished with value: 0.95 and parameters: {'hidden_layer_sizes': (200,), 'max_iter': 50, 'alpha': 0.001}. Best is trial 8 with value: 1.0.
[I 2025-05-26 03:21:06,519] Trial 18 finished with value: 0.95 and parameters: {'hidden_layer_sizes': (100,), 'max_iter': 100, 'alpha': 0.0001}. Best is trial 8 with value: 1.0.
/data/home/rtabares/anaconda3/envs/pyth3.12/lib/python3.12/site-packages/sklearn/neural_network/_multilayer_perceptron.py:691: ConvergenceWarning: Stochastic Optimizer: Maximum iterations (50) reached and the optimization hasn't converged yet.
  warnings.warn(
/data/home/rtabares/anaconda3/envs/pyth3.12/lib/python3.12/site-packages/sklearn/neural_network/_multilayer_perceptron.py:691: ConvergenceWarning: Stochastic Optimizer: Maximum iterations (50) reached and the optimization hasn't converged yet.
  warnings.warn(
[I 2025-05-26 03:21:06,614] Trial 19 finished with value: 1.0 and parameters: {'hidden_layer_sizes': (100, 100), 'max_iter': 50, 'alpha': 0.001}. Best is trial 8 with value: 1.0.
[I 2025-05-26 03:21:08,979] A new study created in memory with name: naive_bayes
Parámetros guardados en checkpoint_shoppers_Dlatent_F/lc/IPC_10/best_models_lc_seed_5_space_latent/mlp_best_params.json


>>> Optuna tuning naive_bayes metodo lc IPC 10 seed 5


[I 2025-05-26 03:21:11,818] Trial 0 finished with value: 0.95 and parameters: {'var_smoothing': 2.7796258518939306e-10}. Best is trial 0 with value: 0.95.
[I 2025-05-26 03:21:12,078] Trial 1 finished with value: 0.95 and parameters: {'var_smoothing': 5.513972710118387e-09}. Best is trial 0 with value: 0.95.
[I 2025-05-26 03:21:12,094] Trial 2 finished with value: 0.95 and parameters: {'var_smoothing': 2.590826381512706e-10}. Best is trial 0 with value: 0.95.
[I 2025-05-26 03:21:12,109] Trial 3 finished with value: 0.95 and parameters: {'var_smoothing': 6.874194498027403e-09}. Best is trial 0 with value: 0.95.
[I 2025-05-26 03:21:12,121] Trial 4 finished with value: 0.95 and parameters: {'var_smoothing': 9.480306482679771e-10}. Best is trial 0 with value: 0.95.
[I 2025-05-26 03:21:12,136] Trial 5 finished with value: 0.95 and parameters: {'var_smoothing': 1.6729683536668864e-09}. Best is trial 0 with value: 0.95.
[I 2025-05-26 03:21:12,149] Trial 6 finished with value: 0.95 and parameters: {'var_smoothing': 3.402637726935598e-09}. Best is trial 0 with value: 0.95.
[I 2025-05-26 03:21:12,163] Trial 7 finished with value: 0.95 and parameters: {'var_smoothing': 1.0885189040847657e-09}. Best is trial 0 with value: 0.95.
[I 2025-05-26 03:21:12,175] Trial 8 finished with value: 0.95 and parameters: {'var_smoothing': 3.922843686541149e-10}. Best is trial 0 with value: 0.95.
[I 2025-05-26 03:21:12,189] Trial 9 finished with value: 0.95 and parameters: {'var_smoothing': 2.3737908819373785e-10}. Best is trial 0 with value: 0.95.
[I 2025-05-26 03:21:12,207] Trial 10 finished with value: 0.95 and parameters: {'var_smoothing': 1.005826617097841e-10}. Best is trial 0 with value: 0.95.
[I 2025-05-26 03:21:12,226] Trial 11 finished with value: 0.95 and parameters: {'var_smoothing': 8.246040091550826e-09}. Best is trial 0 with value: 0.95.
[I 2025-05-26 03:21:12,884] Trial 12 finished with value: 0.95 and parameters: {'var_smoothing': 5.714429769091136e-10}. Best is trial 0 with value: 0.95.
[I 2025-05-26 03:21:12,904] Trial 13 finished with value: 0.95 and parameters: {'var_smoothing': 3.0046394488828834e-09}. Best is trial 0 with value: 0.95.
[I 2025-05-26 03:21:12,921] Trial 14 finished with value: 0.95 and parameters: {'var_smoothing': 1.0161521526134228e-10}. Best is trial 0 with value: 0.95.
[I 2025-05-26 03:21:12,938] Trial 15 finished with value: 0.95 and parameters: {'var_smoothing': 3.455011319435438e-09}. Best is trial 0 with value: 0.95.
[I 2025-05-26 03:21:12,959] Trial 16 finished with value: 0.95 and parameters: {'var_smoothing': 2.2038800241203009e-10}. Best is trial 0 with value: 0.95.
[I 2025-05-26 03:21:13,586] Trial 17 finished with value: 0.95 and parameters: {'var_smoothing': 1.8515987176145925e-09}. Best is trial 0 with value: 0.95.
[I 2025-05-26 03:21:13,608] Trial 18 finished with value: 0.95 and parameters: {'var_smoothing': 5.024285700153026e-10}. Best is trial 0 with value: 0.95.
[I 2025-05-26 03:21:13,626] Trial 19 finished with value: 0.95 and parameters: {'var_smoothing': 4.958025424412893e-09}. Best is trial 0 with value: 0.95.
/data/home/rtabares/anaconda3/envs/pyth3.12/lib/python3.12/site-packages/xgboost/core.py:377: FutureWarning: Your system has an old version of glibc (< 2.28). We will stop supporting Linux distros with glibc older than 2.28 after **May 31, 2025**. Please upgrade to a recent Linux distro (with glibc >= 2.28) to use future versions of XGBoost.
Note: You have installed the 'manylinux2014' variant of XGBoost. Certain features such as GPU algorithms or federated learning are not available. To use these features, please upgrade to a recent Linux distro with glibc 2.28+, and install the 'manylinux_2_28' variant.
  warnings.warn(
/data/home/rtabares/anaconda3/envs/pyth3.12/lib/python3.12/site-packages/xgboost/core.py:377: FutureWarning: Your system has an old version of glibc (< 2.28). We will stop supporting Linux distros with glibc older than 2.28 after **May 31, 2025**. Please upgrade to a recent Linux distro (with glibc >= 2.28) to use future versions of XGBoost.
Note: You have installed the 'manylinux2014' variant of XGBoost. Certain features such as GPU algorithms or federated learning are not available. To use these features, please upgrade to a recent Linux distro with glibc 2.28+, and install the 'manylinux_2_28' variant.
  warnings.warn(
[I 2025-05-26 03:21:16,390] A new study created in memory with name: knn
Parámetros guardados en checkpoint_shoppers_Dlatent_F/lc/IPC_10/best_models_lc_seed_5_space_latent/naive_bayes_best_params.json


>>> Optuna tuning knn metodo lc IPC 10 seed 5


[I 2025-05-26 03:21:19,255] Trial 0 finished with value: 1.0 and parameters: {'n_neighbors': 4, 'leaf_size': 38, 'p': 2}. Best is trial 0 with value: 1.0.
[I 2025-05-26 03:21:20,196] Trial 1 finished with value: 1.0 and parameters: {'n_neighbors': 6, 'leaf_size': 32, 'p': 1}. Best is trial 0 with value: 1.0.
[I 2025-05-26 03:21:20,261] Trial 2 finished with value: 0.95 and parameters: {'n_neighbors': 5, 'leaf_size': 23, 'p': 2}. Best is trial 0 with value: 1.0.
[I 2025-05-26 03:21:20,277] Trial 3 finished with value: 1.0 and parameters: {'n_neighbors': 6, 'leaf_size': 23, 'p': 1}. Best is trial 0 with value: 1.0.
[I 2025-05-26 03:21:20,965] Trial 4 finished with value: 1.0 and parameters: {'n_neighbors': 6, 'leaf_size': 26, 'p': 1}. Best is trial 0 with value: 1.0.
[I 2025-05-26 03:21:21,042] Trial 5 finished with value: 1.0 and parameters: {'n_neighbors': 7, 'leaf_size': 25, 'p': 1}. Best is trial 0 with value: 1.0.
[I 2025-05-26 03:21:21,068] Trial 6 finished with value: 0.95 and parameters: {'n_neighbors': 5, 'leaf_size': 23, 'p': 2}. Best is trial 0 with value: 1.0.
[I 2025-05-26 03:21:21,124] Trial 7 finished with value: 0.95 and parameters: {'n_neighbors': 10, 'leaf_size': 23, 'p': 2}. Best is trial 0 with value: 1.0.
[I 2025-05-26 03:21:21,209] Trial 8 finished with value: 1.0 and parameters: {'n_neighbors': 8, 'leaf_size': 36, 'p': 2}. Best is trial 0 with value: 1.0.
[I 2025-05-26 03:21:21,303] Trial 9 finished with value: 1.0 and parameters: {'n_neighbors': 3, 'leaf_size': 30, 'p': 2}. Best is trial 0 with value: 1.0.
[I 2025-05-26 03:21:21,390] Trial 10 finished with value: 1.0 and parameters: {'n_neighbors': 3, 'leaf_size': 40, 'p': 2}. Best is trial 0 with value: 1.0.
[I 2025-05-26 03:21:22,103] Trial 11 finished with value: 1.0 and parameters: {'n_neighbors': 4, 'leaf_size': 35, 'p': 1}. Best is trial 0 with value: 1.0.
[I 2025-05-26 03:21:22,784] Trial 12 finished with value: 1.0 and parameters: {'n_neighbors': 8, 'leaf_size': 33, 'p': 1}. Best is trial 0 with value: 1.0.
[I 2025-05-26 03:21:22,810] Trial 13 finished with value: 1.0 and parameters: {'n_neighbors': 4, 'leaf_size': 40, 'p': 1}. Best is trial 0 with value: 1.0.
[I 2025-05-26 03:21:23,586] Trial 14 finished with value: 0.95 and parameters: {'n_neighbors': 5, 'leaf_size': 30, 'p': 2}. Best is trial 0 with value: 1.0.
[I 2025-05-26 03:21:23,613] Trial 15 finished with value: 1.0 and parameters: {'n_neighbors': 7, 'leaf_size': 37, 'p': 1}. Best is trial 0 with value: 1.0.
[I 2025-05-26 03:21:23,657] Trial 16 finished with value: 0.95 and parameters: {'n_neighbors': 10, 'leaf_size': 31, 'p': 2}. Best is trial 0 with value: 1.0.
