[I 2025-05-26 03:31:24,975] Trial 16 finished with value: 0.7 and parameters: {'hidden_layer_sizes': (100,), 'max_iter': 100, 'alpha': 0.001}. Best is trial 1 with value: 0.75.
/data/home/rtabares/anaconda3/envs/pyth3.12/lib/python3.12/site-packages/sklearn/neural_network/_multilayer_perceptron.py:691: ConvergenceWarning: Stochastic Optimizer: Maximum iterations (50) reached and the optimization hasn't converged yet.
  warnings.warn(
/data/home/rtabares/anaconda3/envs/pyth3.12/lib/python3.12/site-packages/sklearn/neural_network/_multilayer_perceptron.py:691: ConvergenceWarning: Stochastic Optimizer: Maximum iterations (50) reached and the optimization hasn't converged yet.
  warnings.warn(
/data/home/rtabares/anaconda3/envs/pyth3.12/lib/python3.12/site-packages/sklearn/neural_network/_multilayer_perceptron.py:691: ConvergenceWarning: Stochastic Optimizer: Maximum iterations (50) reached and the optimization hasn't converged yet.
  warnings.warn(
/data/home/rtabares/anaconda3/envs/pyth3.12/lib/python3.12/site-packages/sklearn/neural_network/_multilayer_perceptron.py:691: ConvergenceWarning: Stochastic Optimizer: Maximum iterations (50) reached and the optimization hasn't converged yet.
  warnings.warn(
/data/home/rtabares/anaconda3/envs/pyth3.12/lib/python3.12/site-packages/sklearn/neural_network/_multilayer_perceptron.py:691: ConvergenceWarning: Stochastic Optimizer: Maximum iterations (50) reached and the optimization hasn't converged yet.
  warnings.warn(
[I 2025-05-26 03:31:25,034] Trial 17 finished with value: 0.8 and parameters: {'hidden_layer_sizes': (100, 100), 'max_iter': 50, 'alpha': 0.0001}. Best is trial 17 with value: 0.8.
/data/home/rtabares/anaconda3/envs/pyth3.12/lib/python3.12/site-packages/sklearn/neural_network/_multilayer_perceptron.py:691: ConvergenceWarning: Stochastic Optimizer: Maximum iterations (50) reached and the optimization hasn't converged yet.
  warnings.warn(
/data/home/rtabares/anaconda3/envs/pyth3.12/lib/python3.12/site-packages/sklearn/neural_network/_multilayer_perceptron.py:691: ConvergenceWarning: Stochastic Optimizer: Maximum iterations (50) reached and the optimization hasn't converged yet.
  warnings.warn(
/data/home/rtabares/anaconda3/envs/pyth3.12/lib/python3.12/site-packages/sklearn/neural_network/_multilayer_perceptron.py:691: ConvergenceWarning: Stochastic Optimizer: Maximum iterations (50) reached and the optimization hasn't converged yet.
  warnings.warn(
/data/home/rtabares/anaconda3/envs/pyth3.12/lib/python3.12/site-packages/sklearn/neural_network/_multilayer_perceptron.py:691: ConvergenceWarning: Stochastic Optimizer: Maximum iterations (50) reached and the optimization hasn't converged yet.
  warnings.warn(
/data/home/rtabares/anaconda3/envs/pyth3.12/lib/python3.12/site-packages/sklearn/neural_network/_multilayer_perceptron.py:691: ConvergenceWarning: Stochastic Optimizer: Maximum iterations (50) reached and the optimization hasn't converged yet.
  warnings.warn(
[I 2025-05-26 03:31:25,098] Trial 18 finished with value: 0.75 and parameters: {'hidden_layer_sizes': (100, 100), 'max_iter': 50, 'alpha': 0.0001}. Best is trial 17 with value: 0.8.
[I 2025-05-26 03:31:25,178] Trial 19 finished with value: 0.75 and parameters: {'hidden_layer_sizes': (100, 100), 'max_iter': 100, 'alpha': 0.001}. Best is trial 17 with value: 0.8.
[I 2025-05-26 03:31:28,551] A new study created in memory with name: naive_bayes
Parámetros guardados en checkpoint_shoppers_Dlatent_F/ag/IPC_10/best_models_ag_seed_6_space_latent/mlp_best_params.json


>>> Optuna tuning naive_bayes metodo ag IPC 10 seed 6


[I 2025-05-26 03:31:30,951] Trial 0 finished with value: 0.7 and parameters: {'var_smoothing': 6.10548688762798e-09}. Best is trial 0 with value: 0.7.
[I 2025-05-26 03:31:31,220] Trial 1 finished with value: 0.7 and parameters: {'var_smoothing': 4.6127467400935034e-10}. Best is trial 0 with value: 0.7.
[I 2025-05-26 03:31:31,247] Trial 2 finished with value: 0.7 and parameters: {'var_smoothing': 4.389936579400967e-09}. Best is trial 0 with value: 0.7.
[I 2025-05-26 03:31:31,261] Trial 3 finished with value: 0.7 and parameters: {'var_smoothing': 1.2116948204672054e-10}. Best is trial 0 with value: 0.7.
[I 2025-05-26 03:31:31,275] Trial 4 finished with value: 0.7 and parameters: {'var_smoothing': 1.6417739478477417e-10}. Best is trial 0 with value: 0.7.
[I 2025-05-26 03:31:31,291] Trial 5 finished with value: 0.7 and parameters: {'var_smoothing': 1.5491880147236797e-09}. Best is trial 0 with value: 0.7.
[I 2025-05-26 03:31:31,314] Trial 6 finished with value: 0.7 and parameters: {'var_smoothing': 1.1471883405287265e-09}. Best is trial 0 with value: 0.7.
[I 2025-05-26 03:31:31,327] Trial 7 finished with value: 0.7 and parameters: {'var_smoothing': 6.88041853492358e-10}. Best is trial 0 with value: 0.7.
[I 2025-05-26 03:31:31,340] Trial 8 finished with value: 0.7 and parameters: {'var_smoothing': 4.686144741221158e-10}. Best is trial 0 with value: 0.7.
[I 2025-05-26 03:31:31,353] Trial 9 finished with value: 0.7 and parameters: {'var_smoothing': 1.7580809350683337e-09}. Best is trial 0 with value: 0.7.
[I 2025-05-26 03:31:31,375] Trial 10 finished with value: 0.7 and parameters: {'var_smoothing': 9.83902635509218e-09}. Best is trial 0 with value: 0.7.
[I 2025-05-26 03:31:31,393] Trial 11 finished with value: 0.7 and parameters: {'var_smoothing': 2.660399871603373e-10}. Best is trial 0 with value: 0.7.
[I 2025-05-26 03:31:32,111] Trial 12 finished with value: 0.7 and parameters: {'var_smoothing': 9.276268851540963e-09}. Best is trial 0 with value: 0.7.
[I 2025-05-26 03:31:32,130] Trial 13 finished with value: 0.7 and parameters: {'var_smoothing': 2.9844010685221692e-09}. Best is trial 0 with value: 0.7.
[I 2025-05-26 03:31:32,149] Trial 14 finished with value: 0.7 and parameters: {'var_smoothing': 3.8923309717334116e-10}. Best is trial 0 with value: 0.7.
[I 2025-05-26 03:31:32,773] Trial 15 finished with value: 0.7 and parameters: {'var_smoothing': 3.85461066627204e-09}. Best is trial 0 with value: 0.7.
[I 2025-05-26 03:31:32,796] Trial 16 finished with value: 0.7 and parameters: {'var_smoothing': 7.120907275009211e-10}. Best is trial 0 with value: 0.7.
[I 2025-05-26 03:31:32,817] Trial 17 finished with value: 0.7 and parameters: {'var_smoothing': 2.412486610614855e-10}. Best is trial 0 with value: 0.7.
[I 2025-05-26 03:31:32,836] Trial 18 finished with value: 0.7 and parameters: {'var_smoothing': 2.3580860166954074e-09}. Best is trial 0 with value: 0.7.
[I 2025-05-26 03:31:32,853] Trial 19 finished with value: 0.7 and parameters: {'var_smoothing': 5.846846875339535e-09}. Best is trial 0 with value: 0.7.
/data/home/rtabares/anaconda3/envs/pyth3.12/lib/python3.12/site-packages/xgboost/core.py:377: FutureWarning: Your system has an old version of glibc (< 2.28). We will stop supporting Linux distros with glibc older than 2.28 after **May 31, 2025**. Please upgrade to a recent Linux distro (with glibc >= 2.28) to use future versions of XGBoost.
Note: You have installed the 'manylinux2014' variant of XGBoost. Certain features such as GPU algorithms or federated learning are not available. To use these features, please upgrade to a recent Linux distro with glibc 2.28+, and install the 'manylinux_2_28' variant.
  warnings.warn(
[I 2025-05-26 03:31:35,284] A new study created in memory with name: knn
Parámetros guardados en checkpoint_shoppers_Dlatent_F/ag/IPC_10/best_models_ag_seed_6_space_latent/naive_bayes_best_params.json


>>> Optuna tuning knn metodo ag IPC 10 seed 6


[I 2025-05-26 03:31:36,590] Trial 0 finished with value: 0.7 and parameters: {'n_neighbors': 10, 'leaf_size': 26, 'p': 1}. Best is trial 0 with value: 0.7.
[I 2025-05-26 03:31:36,734] Trial 1 finished with value: 0.8 and parameters: {'n_neighbors': 3, 'leaf_size': 32, 'p': 1}. Best is trial 1 with value: 0.8.
[I 2025-05-26 03:31:36,772] Trial 2 finished with value: 0.55 and parameters: {'n_neighbors': 5, 'leaf_size': 33, 'p': 2}. Best is trial 1 with value: 0.8.
[I 2025-05-26 03:31:36,827] Trial 3 finished with value: 0.55 and parameters: {'n_neighbors': 7, 'leaf_size': 32, 'p': 2}. Best is trial 1 with value: 0.8.
[I 2025-05-26 03:31:37,547] Trial 4 finished with value: 0.85 and parameters: {'n_neighbors': 9, 'leaf_size': 28, 'p': 1}. Best is trial 4 with value: 0.85.
[I 2025-05-26 03:31:37,604] Trial 5 finished with value: 0.8 and parameters: {'n_neighbors': 3, 'leaf_size': 35, 'p': 1}. Best is trial 4 with value: 0.85.
[I 2025-05-26 03:31:37,657] Trial 6 finished with value: 0.65 and parameters: {'n_neighbors': 8, 'leaf_size': 31, 'p': 2}. Best is trial 4 with value: 0.85.
[I 2025-05-26 03:31:37,733] Trial 7 finished with value: 0.65 and parameters: {'n_neighbors': 6, 'leaf_size': 24, 'p': 2}. Best is trial 4 with value: 0.85.
[I 2025-05-26 03:31:37,798] Trial 8 finished with value: 0.55 and parameters: {'n_neighbors': 5, 'leaf_size': 34, 'p': 2}. Best is trial 4 with value: 0.85.
[I 2025-05-26 03:31:37,834] Trial 9 finished with value: 0.6 and parameters: {'n_neighbors': 10, 'leaf_size': 27, 'p': 2}. Best is trial 4 with value: 0.85.
[I 2025-05-26 03:31:37,950] Trial 10 finished with value: 0.85 and parameters: {'n_neighbors': 8, 'leaf_size': 40, 'p': 1}. Best is trial 4 with value: 0.85.
[I 2025-05-26 03:31:38,006] Trial 11 finished with value: 0.85 and parameters: {'n_neighbors': 8, 'leaf_size': 39, 'p': 1}. Best is trial 4 with value: 0.85.
[I 2025-05-26 03:31:38,748] Trial 12 finished with value: 0.85 and parameters: {'n_neighbors': 9, 'leaf_size': 20, 'p': 1}. Best is trial 4 with value: 0.85.
[I 2025-05-26 03:31:38,776] Trial 13 finished with value: 0.85 and parameters: {'n_neighbors': 8, 'leaf_size': 38, 'p': 1}. Best is trial 4 with value: 0.85.
[I 2025-05-26 03:31:38,816] Trial 14 finished with value: 0.85 and parameters: {'n_neighbors': 9, 'leaf_size': 28, 'p': 1}. Best is trial 4 with value: 0.85.
[I 2025-05-26 03:31:38,841] Trial 15 finished with value: 0.85 and parameters: {'n_neighbors': 7, 'leaf_size': 22, 'p': 1}. Best is trial 4 with value: 0.85.
[I 2025-05-26 03:31:38,864] Trial 16 finished with value: 0.85 and parameters: {'n_neighbors': 9, 'leaf_size': 36, 'p': 1}. Best is trial 4 with value: 0.85.
[I 2025-05-26 03:31:39,545] Trial 17 finished with value: 0.85 and parameters: {'n_neighbors': 6, 'leaf_size': 29, 'p': 1}. Best is trial 4 with value: 0.85.
[I 2025-05-26 03:31:39,571] Trial 18 finished with value: 0.7 and parameters: {'n_neighbors': 10, 'leaf_size': 40, 'p': 1}. Best is trial 4 with value: 0.85.
[I 2025-05-26 03:31:39,596] Trial 19 finished with value: 0.85 and parameters: {'n_neighbors': 8, 'leaf_size': 25, 'p': 1}. Best is trial 4 with value: 0.85.
/data/home/rtabares/anaconda3/envs/pyth3.12/lib/python3.12/site-packages/xgboost/core.py:377: FutureWarning: Your system has an old version of glibc (< 2.28). We will stop supporting Linux distros with glibc older than 2.28 after **May 31, 2025**. Please upgrade to a recent Linux distro (with glibc >= 2.28) to use future versions of XGBoost.
Note: You have installed the 'manylinux2014' variant of XGBoost. Certain features such as GPU algorithms or federated learning are not available. To use these features, please upgrade to a recent Linux distro with glibc 2.28+, and install the 'manylinux_2_28' variant.
  warnings.warn(
[I 2025-05-26 03:31:41,544] A new study created in memory with name: xgb
Parámetros guardados en checkpoint_shoppers_Dlatent_F/ag/IPC_10/best_models_ag_seed_6_space_latent/knn_best_params.json


>>> Optuna tuning xgb metodo ag IPC 10 seed 6


/data/home/rtabares/anaconda3/envs/pyth3.12/lib/python3.12/site-packages/xgboost/core.py:377: FutureWarning: Your system has an old version of glibc (< 2.28). We will stop supporting Linux distros with glibc older than 2.28 after **May 31, 2025**. Please upgrade to a recent Linux distro (with glibc >= 2.28) to use future versions of XGBoost.
Note: You have installed the 'manylinux2014' variant of XGBoost. Certain features such as GPU algorithms or federated learning are not available. To use these features, please upgrade to a recent Linux distro with glibc 2.28+, and install the 'manylinux_2_28' variant.
  warnings.warn(
/data/home/rtabares/anaconda3/envs/pyth3.12/lib/python3.12/site-packages/xgboost/core.py:377: FutureWarning: Your system has an old version of glibc (< 2.28). We will stop supporting Linux distros with glibc older than 2.28 after **May 31, 2025**. Please upgrade to a recent Linux distro (with glibc >= 2.28) to use future versions of XGBoost.
Note: You have installed the 'manylinux2014' variant of XGBoost. Certain features such as GPU algorithms or federated learning are not available. To use these features, please upgrade to a recent Linux distro with glibc 2.28+, and install the 'manylinux_2_28' variant.
  warnings.warn(
[I 2025-05-26 03:31:44,372] Trial 0 finished with value: 0.9 and parameters: {'n_estimators': 10, 'max_depth': 30, 'gamma': 0.5768356259735394, 'subsample': 0.7094037142783272, 'colsample_bytree': 0.6677039246366646}. Best is trial 0 with value: 0.9.
/data/home/rtabares/anaconda3/envs/pyth3.12/lib/python3.12/site-packages/xgboost/core.py:377: FutureWarning: Your system has an old version of glibc (< 2.28). We will stop supporting Linux distros with glibc older than 2.28 after **May 31, 2025**. Please upgrade to a recent Linux distro (with glibc >= 2.28) to use future versions of XGBoost.
Note: You have installed the 'manylinux2014' variant of XGBoost. Certain features such as GPU algorithms or federated learning are not available. To use these features, please upgrade to a recent Linux distro with glibc 2.28+, and install the 'manylinux_2_28' variant.
  warnings.warn(
/data/home/rtabares/anaconda3/envs/pyth3.12/lib/python3.12/site-packages/xgboost/core.py:377: FutureWarning: Your system has an old version of glibc (< 2.28). We will stop supporting Linux distros with glibc older than 2.28 after **May 31, 2025**. Please upgrade to a recent Linux distro (with glibc >= 2.28) to use future versions of XGBoost.
Note: You have installed the 'manylinux2014' variant of XGBoost. Certain features such as GPU algorithms or federated learning are not available. To use these features, please upgrade to a recent Linux distro with glibc 2.28+, and install the 'manylinux_2_28' variant.
  warnings.warn(
[I 2025-05-26 03:31:44,756] Trial 1 finished with value: 0.9 and parameters: {'n_estimators': 100, 'max_depth': 30, 'gamma': 0.9912018442360747, 'subsample': 0.9099290984609207, 'colsample_bytree': 0.7066004674080903}. Best is trial 0 with value: 0.9.
/data/home/rtabares/anaconda3/envs/pyth3.12/lib/python3.12/site-packages/xgboost/core.py:377: FutureWarning: Your system has an old version of glibc (< 2.28). We will stop supporting Linux distros with glibc older than 2.28 after **May 31, 2025**. Please upgrade to a recent Linux distro (with glibc >= 2.28) to use future versions of XGBoost.
Note: You have installed the 'manylinux2014' variant of XGBoost. Certain features such as GPU algorithms or federated learning are not available. To use these features, please upgrade to a recent Linux distro with glibc 2.28+, and install the 'manylinux_2_28' variant.
  warnings.warn(
/data/home/rtabares/anaconda3/envs/pyth3.12/lib/python3.12/site-packages/xgboost/core.py:377: FutureWarning: Your system has an old version of glibc (< 2.28). We will stop supporting Linux distros with glibc older than 2.28 after **May 31, 2025**. Please upgrade to a recent Linux distro (with glibc >= 2.28) to use future versions of XGBoost.
Note: You have installed the 'manylinux2014' variant of XGBoost. Certain features such as GPU algorithms or federated learning are not available. To use these features, please upgrade to a recent Linux distro with glibc 2.28+, and install the 'manylinux_2_28' variant.
  warnings.warn(
[I 2025-05-26 03:31:44,805] Trial 2 finished with value: 0.9 and parameters: {'n_estimators': 10, 'max_depth': 20, 'gamma': 0.7382185757030506, 'subsample': 0.7704684271512641, 'colsample_bytree': 0.5624120871903049}. Best is trial 0 with value: 0.9.
/data/home/rtabares/anaconda3/envs/pyth3.12/lib/python3.12/site-packages/xgboost/core.py:377: FutureWarning: Your system has an old version of glibc (< 2.28). We will stop supporting Linux distros with glibc older than 2.28 after **May 31, 2025**. Please upgrade to a recent Linux distro (with glibc >= 2.28) to use future versions of XGBoost.
Note: You have installed the 'manylinux2014' variant of XGBoost. Certain features such as GPU algorithms or federated learning are not available. To use these features, please upgrade to a recent Linux distro with glibc 2.28+, and install the 'manylinux_2_28' variant.
  warnings.warn(
[I 2025-05-26 03:31:44,853] Trial 3 finished with value: 0.9 and parameters: {'n_estimators': 10, 'max_depth': 20, 'gamma': 0.7041784887453524, 'subsample': 0.7995029565695583, 'colsample_bytree': 0.8586660727777565}. Best is trial 0 with value: 0.9.
/data/home/rtabares/anaconda3/envs/pyth3.12/lib/python3.12/site-packages/xgboost/core.py:377: FutureWarning: Your system has an old version of glibc (< 2.28). We will stop supporting Linux distros with glibc older than 2.28 after **May 31, 2025**. Please upgrade to a recent Linux distro (with glibc >= 2.28) to use future versions of XGBoost.
Note: You have installed the 'manylinux2014' variant of XGBoost. Certain features such as GPU algorithms or federated learning are not available. To use these features, please upgrade to a recent Linux distro with glibc 2.28+, and install the 'manylinux_2_28' variant.
  warnings.warn(
[I 2025-05-26 03:31:44,893] Trial 4 finished with value: 0.9 and parameters: {'n_estimators': 10, 'max_depth': 20, 'gamma': 0.46549701645255037, 'subsample': 0.9946899241400011, 'colsample_bytree': 0.725249640372583}. Best is trial 0 with value: 0.9.
/data/home/rtabares/anaconda3/envs/pyth3.12/lib/python3.12/site-packages/xgboost/core.py:377: FutureWarning: Your system has an old version of glibc (< 2.28). We will stop supporting Linux distros with glibc older than 2.28 after **May 31, 2025**. Please upgrade to a recent Linux distro (with glibc >= 2.28) to use future versions of XGBoost.
Note: You have installed the 'manylinux2014' variant of XGBoost. Certain features such as GPU algorithms or federated learning are not available. To use these features, please upgrade to a recent Linux distro with glibc 2.28+, and install the 'manylinux_2_28' variant.
  warnings.warn(
/data/home/rtabares/anaconda3/envs/pyth3.12/lib/python3.12/site-packages/xgboost/core.py:377: FutureWarning: Your system has an old version of glibc (< 2.28). We will stop supporting Linux distros with glibc older than 2.28 after **May 31, 2025**. Please upgrade to a recent Linux distro (with glibc >= 2.28) to use future versions of XGBoost.
Note: You have installed the 'manylinux2014' variant of XGBoost. Certain features such as GPU algorithms or federated learning are not available. To use these features, please upgrade to a recent Linux distro with glibc 2.28+, and install the 'manylinux_2_28' variant.
  warnings.warn(
[I 2025-05-26 03:31:44,951] Trial 5 finished with value: 0.9 and parameters: {'n_estimators': 40, 'max_depth': 20, 'gamma': 0.3554734452019276, 'subsample': 0.5947710951851903, 'colsample_bytree': 0.7356254823676576}. Best is trial 0 with value: 0.9.
/data/home/rtabares/anaconda3/envs/pyth3.12/lib/python3.12/site-packages/xgboost/core.py:377: FutureWarning: Your system has an old version of glibc (< 2.28). We will stop supporting Linux distros with glibc older than 2.28 after **May 31, 2025**. Please upgrade to a recent Linux distro (with glibc >= 2.28) to use future versions of XGBoost.
Note: You have installed the 'manylinux2014' variant of XGBoost. Certain features such as GPU algorithms or federated learning are not available. To use these features, please upgrade to a recent Linux distro with glibc 2.28+, and install the 'manylinux_2_28' variant.
  warnings.warn(
[I 2025-05-26 03:31:44,998] Trial 6 finished with value: 0.9 and parameters: {'n_estimators': 40, 'max_depth': 20, 'gamma': 0.8967376717636345, 'subsample': 0.988276510203839, 'colsample_bytree': 0.9184542964535913}. Best is trial 0 with value: 0.9.
[I 2025-05-26 03:31:45,025] Trial 7 finished with value: 0.9 and parameters: {'n_estimators': 40, 'max_depth': 30, 'gamma': 0.7149068474388774, 'subsample': 0.5696358027454862, 'colsample_bytree': 0.8514125286992056}. Best is trial 0 with value: 0.9.
/data/home/rtabares/anaconda3/envs/pyth3.12/lib/python3.12/site-packages/xgboost/core.py:377: FutureWarning: Your system has an old version of glibc (< 2.28). We will stop supporting Linux distros with glibc older than 2.28 after **May 31, 2025**. Please upgrade to a recent Linux distro (with glibc >= 2.28) to use future versions of XGBoost.
Note: You have installed the 'manylinux2014' variant of XGBoost. Certain features such as GPU algorithms or federated learning are not available. To use these features, please upgrade to a recent Linux distro with glibc 2.28+, and install the 'manylinux_2_28' variant.
  warnings.warn(
