[I 2025-05-26 03:16:59,286] Trial 1 finished with value: 0.95 and parameters: {'n_estimators': 295, 'max_depth': 14, 'min_samples_split': 8, 'min_samples_leaf': 6}. Best is trial 1 with value: 0.95.
[I 2025-05-26 03:16:59,565] Trial 2 finished with value: 0.5 and parameters: {'n_estimators': 219, 'max_depth': 6, 'min_samples_split': 2, 'min_samples_leaf': 8}. Best is trial 1 with value: 0.95.
[I 2025-05-26 03:16:59,923] Trial 3 finished with value: 0.95 and parameters: {'n_estimators': 276, 'max_depth': 5, 'min_samples_split': 9, 'min_samples_leaf': 3}. Best is trial 1 with value: 0.95.
[I 2025-05-26 03:17:00,290] Trial 4 finished with value: 0.95 and parameters: {'n_estimators': 266, 'max_depth': 8, 'min_samples_split': 7, 'min_samples_leaf': 6}. Best is trial 1 with value: 0.95.
[I 2025-05-26 03:17:00,692] Trial 5 finished with value: 0.95 and parameters: {'n_estimators': 340, 'max_depth': 7, 'min_samples_split': 4, 'min_samples_leaf': 3}. Best is trial 1 with value: 0.95.
[I 2025-05-26 03:17:01,010] Trial 6 finished with value: 0.5 and parameters: {'n_estimators': 231, 'max_depth': 5, 'min_samples_split': 3, 'min_samples_leaf': 10}. Best is trial 1 with value: 0.95.
[I 2025-05-26 03:17:01,538] Trial 7 finished with value: 0.95 and parameters: {'n_estimators': 485, 'max_depth': 6, 'min_samples_split': 2, 'min_samples_leaf': 3}. Best is trial 1 with value: 0.95.
[I 2025-05-26 03:17:01,994] Trial 8 finished with value: 0.95 and parameters: {'n_estimators': 380, 'max_depth': 17, 'min_samples_split': 2, 'min_samples_leaf': 6}. Best is trial 1 with value: 0.95.
[I 2025-05-26 03:17:02,141] Trial 9 finished with value: 0.5 and parameters: {'n_estimators': 100, 'max_depth': 12, 'min_samples_split': 7, 'min_samples_leaf': 10}. Best is trial 1 with value: 0.95.
[I 2025-05-26 03:17:02,684] Trial 10 finished with value: 0.95 and parameters: {'n_estimators': 446, 'max_depth': 13, 'min_samples_split': 10, 'min_samples_leaf': 5}. Best is trial 1 with value: 0.95.
[I 2025-05-26 03:17:03,753] Trial 11 finished with value: 0.95 and parameters: {'n_estimators': 314, 'max_depth': 15, 'min_samples_split': 10, 'min_samples_leaf': 1}. Best is trial 1 with value: 0.95.
[I 2025-05-26 03:17:04,849] Trial 12 finished with value: 0.95 and parameters: {'n_estimators': 390, 'max_depth': 3, 'min_samples_split': 8, 'min_samples_leaf': 3}. Best is trial 1 with value: 0.95.
[I 2025-05-26 03:17:05,809] Trial 13 finished with value: 0.95 and parameters: {'n_estimators': 284, 'max_depth': 10, 'min_samples_split': 9, 'min_samples_leaf': 5}. Best is trial 1 with value: 0.95.
[I 2025-05-26 03:17:06,087] Trial 14 finished with value: 0.95 and parameters: {'n_estimators': 187, 'max_depth': 20, 'min_samples_split': 5, 'min_samples_leaf': 1}. Best is trial 1 with value: 0.95.
[I 2025-05-26 03:17:06,301] Trial 15 finished with value: 0.5 and parameters: {'n_estimators': 136, 'max_depth': 9, 'min_samples_split': 8, 'min_samples_leaf': 7}. Best is trial 1 with value: 0.95.
[I 2025-05-26 03:17:06,738] Trial 16 finished with value: 0.95 and parameters: {'n_estimators': 344, 'max_depth': 14, 'min_samples_split': 6, 'min_samples_leaf': 4}. Best is trial 1 with value: 0.95.
[I 2025-05-26 03:17:07,087] Trial 17 finished with value: 0.5 and parameters: {'n_estimators': 262, 'max_depth': 11, 'min_samples_split': 9, 'min_samples_leaf': 8}. Best is trial 1 with value: 0.95.
[I 2025-05-26 03:17:07,562] Trial 18 finished with value: 0.95 and parameters: {'n_estimators': 409, 'max_depth': 3, 'min_samples_split': 8, 'min_samples_leaf': 2}. Best is trial 1 with value: 0.95.
[I 2025-05-26 03:17:07,968] Trial 19 finished with value: 0.95 and parameters: {'n_estimators': 318, 'max_depth': 16, 'min_samples_split': 6, 'min_samples_leaf': 4}. Best is trial 1 with value: 0.95.
[I 2025-05-26 03:17:10,615] A new study created in memory with name: svc
Parámetros guardados en checkpoint_shoppers_Dlatent_F/ag/IPC_10/best_models_ag_seed_5_space_latent/rf_best_params.json


>>> Optuna tuning svc metodo ag IPC 10 seed 5


[I 2025-05-26 03:17:14,399] Trial 0 finished with value: 0.35 and parameters: {'C': 0.07726319876517104, 'gamma': 0.3040389504793042}. Best is trial 0 with value: 0.35.
[I 2025-05-26 03:17:14,747] Trial 1 finished with value: 0.35 and parameters: {'C': 0.06712381339142241, 'gamma': 0.47254549996710477}. Best is trial 0 with value: 0.35.
[I 2025-05-26 03:17:14,763] Trial 2 finished with value: 0.6 and parameters: {'C': 0.8987621100554035, 'gamma': 0.027988231123708972}. Best is trial 2 with value: 0.6.
[I 2025-05-26 03:17:14,777] Trial 3 finished with value: 0.85 and parameters: {'C': 11.5779435007655, 'gamma': 0.011848734045499056}. Best is trial 3 with value: 0.85.
[I 2025-05-26 03:17:14,790] Trial 4 finished with value: 0.6 and parameters: {'C': 0.1538870258903583, 'gamma': 0.0005634883151169033}. Best is trial 3 with value: 0.85.
[I 2025-05-26 03:17:14,804] Trial 5 finished with value: 0.4 and parameters: {'C': 0.021036092656561454, 'gamma': 0.08990030906808326}. Best is trial 3 with value: 0.85.
[I 2025-05-26 03:17:14,818] Trial 6 finished with value: 0.6 and parameters: {'C': 0.5824208201678516, 'gamma': 0.00042977333932534993}. Best is trial 3 with value: 0.85.
[I 2025-05-26 03:17:14,831] Trial 7 finished with value: 0.75 and parameters: {'C': 33.09391330085814, 'gamma': 0.001248377256719358}. Best is trial 3 with value: 0.85.
[I 2025-05-26 03:17:14,845] Trial 8 finished with value: 0.6 and parameters: {'C': 0.45387898639622015, 'gamma': 0.0015286910781809498}. Best is trial 3 with value: 0.85.
[I 2025-05-26 03:17:14,858] Trial 9 finished with value: 0.75 and parameters: {'C': 3.274550070431994, 'gamma': 0.02086177421469992}. Best is trial 3 with value: 0.85.
[I 2025-05-26 03:17:14,880] Trial 10 finished with value: 0.85 and parameters: {'C': 90.06440757156173, 'gamma': 0.004099569284748027}. Best is trial 3 with value: 0.85.
[I 2025-05-26 03:17:15,530] Trial 11 finished with value: 0.85 and parameters: {'C': 92.61335740959598, 'gamma': 0.005097617049292433}. Best is trial 3 with value: 0.85.
[I 2025-05-26 03:17:15,554] Trial 12 finished with value: 0.8 and parameters: {'C': 11.20873739497039, 'gamma': 0.005631964035374463}. Best is trial 3 with value: 0.85.
[I 2025-05-26 03:17:16,223] Trial 13 finished with value: 0.6 and parameters: {'C': 8.10176948786935, 'gamma': 0.00018323629585262105}. Best is trial 3 with value: 0.85.
[I 2025-05-26 03:17:16,247] Trial 14 finished with value: 0.55 and parameters: {'C': 84.0343395593685, 'gamma': 0.06138376625628865}. Best is trial 3 with value: 0.85.
[I 2025-05-26 03:17:16,268] Trial 15 finished with value: 0.85 and parameters: {'C': 19.333068482093132, 'gamma': 0.00404423116497995}. Best is trial 3 with value: 0.85.
[I 2025-05-26 03:17:16,290] Trial 16 finished with value: 0.75 and parameters: {'C': 3.061397902021056, 'gamma': 0.014736741744130857}. Best is trial 3 with value: 0.85.
[I 2025-05-26 03:17:16,322] Trial 17 finished with value: 0.85 and parameters: {'C': 32.90141158765128, 'gamma': 0.0020745519258620585}. Best is trial 3 with value: 0.85.
[I 2025-05-26 03:17:16,972] Trial 18 finished with value: 0.4 and parameters: {'C': 4.150248989922847, 'gamma': 0.12828052885947444}. Best is trial 3 with value: 0.85.
[I 2025-05-26 03:17:16,995] Trial 19 finished with value: 0.85 and parameters: {'C': 39.03893371743765, 'gamma': 0.009414949436705074}. Best is trial 3 with value: 0.85.
[I 2025-05-26 03:17:18,965] A new study created in memory with name: logreg
[I 2025-05-26 03:17:18,990] Trial 0 finished with value: 0.75 and parameters: {'C': 0.012881482725481003, 'penalty': 'l2'}. Best is trial 0 with value: 0.75.
[I 2025-05-26 03:17:22,968] Trial 1 finished with value: 0.85 and parameters: {'C': 22.576755560681583, 'penalty': 'l2'}. Best is trial 1 with value: 0.85.
Parámetros guardados en checkpoint_shoppers_Dlatent_F/ag/IPC_10/best_models_ag_seed_5_space_latent/svc_best_params.json


>>> Optuna tuning logreg metodo ag IPC 10 seed 5


[I 2025-05-26 03:17:23,378] Trial 2 finished with value: 0.75 and parameters: {'C': 0.010804278656839932, 'penalty': 'l2'}. Best is trial 1 with value: 0.85.
[I 2025-05-26 03:17:24,040] Trial 3 finished with value: 0.85 and parameters: {'C': 39.17910760336117, 'penalty': 'l2'}. Best is trial 1 with value: 0.85.
[I 2025-05-26 03:17:24,065] Trial 4 finished with value: 0.8 and parameters: {'C': 0.2767298094062571, 'penalty': 'l2'}. Best is trial 1 with value: 0.85.
[I 2025-05-26 03:17:24,090] Trial 5 finished with value: 0.85 and parameters: {'C': 1.1447728330837224, 'penalty': 'l2'}. Best is trial 1 with value: 0.85.
[I 2025-05-26 03:17:24,115] Trial 6 finished with value: 0.85 and parameters: {'C': 6.753661388238877, 'penalty': 'l2'}. Best is trial 1 with value: 0.85.
[I 2025-05-26 03:17:24,143] Trial 7 finished with value: 0.8 and parameters: {'C': 0.39092184460352974, 'penalty': 'l2'}. Best is trial 1 with value: 0.85.
[I 2025-05-26 03:17:24,169] Trial 8 finished with value: 0.8 and parameters: {'C': 0.03047912590082646, 'penalty': 'l2'}. Best is trial 1 with value: 0.85.
[I 2025-05-26 03:17:24,196] Trial 9 finished with value: 0.75 and parameters: {'C': 0.008681727362499118, 'penalty': 'l2'}. Best is trial 1 with value: 0.85.
[I 2025-05-26 03:17:24,229] Trial 10 finished with value: 0.85 and parameters: {'C': 90.29867735508974, 'penalty': 'l2'}. Best is trial 1 with value: 0.85.
[I 2025-05-26 03:17:24,256] Trial 11 finished with value: 0.85 and parameters: {'C': 65.31936101889447, 'penalty': 'l2'}. Best is trial 1 with value: 0.85.
[I 2025-05-26 03:17:24,286] Trial 12 finished with value: 0.85 and parameters: {'C': 10.276946066829701, 'penalty': 'l2'}. Best is trial 1 with value: 0.85.
[I 2025-05-26 03:17:24,317] Trial 13 finished with value: 0.85 and parameters: {'C': 11.979406337571666, 'penalty': 'l2'}. Best is trial 1 with value: 0.85.
[I 2025-05-26 03:17:24,961] Trial 14 finished with value: 0.85 and parameters: {'C': 3.103885131392604, 'penalty': 'l2'}. Best is trial 1 with value: 0.85.
[I 2025-05-26 03:17:25,600] Trial 15 finished with value: 0.85 and parameters: {'C': 27.368605040072197, 'penalty': 'l2'}. Best is trial 1 with value: 0.85.
[I 2025-05-26 03:17:26,308] Trial 16 finished with value: 0.8 and parameters: {'C': 0.13344077328067044, 'penalty': 'l2'}. Best is trial 1 with value: 0.85.
[I 2025-05-26 03:17:26,342] Trial 17 finished with value: 0.75 and parameters: {'C': 0.0021318879744765045, 'penalty': 'l2'}. Best is trial 1 with value: 0.85.
[I 2025-05-26 03:17:26,370] Trial 18 finished with value: 0.85 and parameters: {'C': 1.8056426094216929, 'penalty': 'l2'}. Best is trial 1 with value: 0.85.
[I 2025-05-26 03:17:26,400] Trial 19 finished with value: 0.85 and parameters: {'C': 30.717532996538623, 'penalty': 'l2'}. Best is trial 1 with value: 0.85.
[I 2025-05-26 03:17:29,961] A new study created in memory with name: mlp
Parámetros guardados en checkpoint_shoppers_Dlatent_F/ag/IPC_10/best_models_ag_seed_5_space_latent/logreg_best_params.json


>>> Optuna tuning mlp metodo ag IPC 10 seed 5


/data/home/rtabares/anaconda3/envs/pyth3.12/lib/python3.12/site-packages/sklearn/neural_network/_multilayer_perceptron.py:691: ConvergenceWarning: Stochastic Optimizer: Maximum iterations (50) reached and the optimization hasn't converged yet.
  warnings.warn(
/data/home/rtabares/anaconda3/envs/pyth3.12/lib/python3.12/site-packages/sklearn/neural_network/_multilayer_perceptron.py:691: ConvergenceWarning: Stochastic Optimizer: Maximum iterations (50) reached and the optimization hasn't converged yet.
  warnings.warn(
/data/home/rtabares/anaconda3/envs/pyth3.12/lib/python3.12/site-packages/sklearn/neural_network/_multilayer_perceptron.py:691: ConvergenceWarning: Stochastic Optimizer: Maximum iterations (50) reached and the optimization hasn't converged yet.
  warnings.warn(
/data/home/rtabares/anaconda3/envs/pyth3.12/lib/python3.12/site-packages/sklearn/neural_network/_multilayer_perceptron.py:691: ConvergenceWarning: Stochastic Optimizer: Maximum iterations (50) reached and the optimization hasn't converged yet.
  warnings.warn(
/data/home/rtabares/anaconda3/envs/pyth3.12/lib/python3.12/site-packages/sklearn/neural_network/_multilayer_perceptron.py:691: ConvergenceWarning: Stochastic Optimizer: Maximum iterations (50) reached and the optimization hasn't converged yet.
  warnings.warn(
[I 2025-05-26 03:17:32,049] Trial 0 finished with value: 0.65 and parameters: {'hidden_layer_sizes': (200,), 'max_iter': 50, 'alpha': 0.001}. Best is trial 0 with value: 0.65.
/data/home/rtabares/anaconda3/envs/pyth3.12/lib/python3.12/site-packages/sklearn/neural_network/_multilayer_perceptron.py:691: ConvergenceWarning: Stochastic Optimizer: Maximum iterations (100) reached and the optimization hasn't converged yet.
  warnings.warn(
/data/home/rtabares/anaconda3/envs/pyth3.12/lib/python3.12/site-packages/sklearn/neural_network/_multilayer_perceptron.py:691: ConvergenceWarning: Stochastic Optimizer: Maximum iterations (100) reached and the optimization hasn't converged yet.
  warnings.warn(
/data/home/rtabares/anaconda3/envs/pyth3.12/lib/python3.12/site-packages/sklearn/neural_network/_multilayer_perceptron.py:691: ConvergenceWarning: Stochastic Optimizer: Maximum iterations (100) reached and the optimization hasn't converged yet.
  warnings.warn(
/data/home/rtabares/anaconda3/envs/pyth3.12/lib/python3.12/site-packages/sklearn/neural_network/_multilayer_perceptron.py:691: ConvergenceWarning: Stochastic Optimizer: Maximum iterations (100) reached and the optimization hasn't converged yet.
  warnings.warn(
/data/home/rtabares/anaconda3/envs/pyth3.12/lib/python3.12/site-packages/sklearn/neural_network/_multilayer_perceptron.py:691: ConvergenceWarning: Stochastic Optimizer: Maximum iterations (100) reached and the optimization hasn't converged yet.
  warnings.warn(
[I 2025-05-26 03:17:32,272] Trial 1 finished with value: 0.7 and parameters: {'hidden_layer_sizes': (100,), 'max_iter': 100, 'alpha': 0.0001}. Best is trial 1 with value: 0.7.
/data/home/rtabares/anaconda3/envs/pyth3.12/lib/python3.12/site-packages/sklearn/neural_network/_multilayer_perceptron.py:691: ConvergenceWarning: Stochastic Optimizer: Maximum iterations (100) reached and the optimization hasn't converged yet.
  warnings.warn(
/data/home/rtabares/anaconda3/envs/pyth3.12/lib/python3.12/site-packages/sklearn/neural_network/_multilayer_perceptron.py:691: ConvergenceWarning: Stochastic Optimizer: Maximum iterations (100) reached and the optimization hasn't converged yet.
  warnings.warn(
/data/home/rtabares/anaconda3/envs/pyth3.12/lib/python3.12/site-packages/sklearn/neural_network/_multilayer_perceptron.py:691: ConvergenceWarning: Stochastic Optimizer: Maximum iterations (100) reached and the optimization hasn't converged yet.
  warnings.warn(
/data/home/rtabares/anaconda3/envs/pyth3.12/lib/python3.12/site-packages/sklearn/neural_network/_multilayer_perceptron.py:691: ConvergenceWarning: Stochastic Optimizer: Maximum iterations (100) reached and the optimization hasn't converged yet.
  warnings.warn(
[I 2025-05-26 03:17:32,349] Trial 2 finished with value: 0.8 and parameters: {'hidden_layer_sizes': (100,), 'max_iter': 100, 'alpha': 0.001}. Best is trial 2 with value: 0.8.
/data/home/rtabares/anaconda3/envs/pyth3.12/lib/python3.12/site-packages/sklearn/neural_network/_multilayer_perceptron.py:691: ConvergenceWarning: Stochastic Optimizer: Maximum iterations (50) reached and the optimization hasn't converged yet.
  warnings.warn(
/data/home/rtabares/anaconda3/envs/pyth3.12/lib/python3.12/site-packages/sklearn/neural_network/_multilayer_perceptron.py:691: ConvergenceWarning: Stochastic Optimizer: Maximum iterations (50) reached and the optimization hasn't converged yet.
  warnings.warn(
/data/home/rtabares/anaconda3/envs/pyth3.12/lib/python3.12/site-packages/sklearn/neural_network/_multilayer_perceptron.py:691: ConvergenceWarning: Stochastic Optimizer: Maximum iterations (50) reached and the optimization hasn't converged yet.
  warnings.warn(
/data/home/rtabares/anaconda3/envs/pyth3.12/lib/python3.12/site-packages/sklearn/neural_network/_multilayer_perceptron.py:691: ConvergenceWarning: Stochastic Optimizer: Maximum iterations (50) reached and the optimization hasn't converged yet.
  warnings.warn(
/data/home/rtabares/anaconda3/envs/pyth3.12/lib/python3.12/site-packages/sklearn/neural_network/_multilayer_perceptron.py:691: ConvergenceWarning: Stochastic Optimizer: Maximum iterations (50) reached and the optimization hasn't converged yet.
  warnings.warn(
[I 2025-05-26 03:17:32,396] Trial 3 finished with value: 0.65 and parameters: {'hidden_layer_sizes': (200,), 'max_iter': 50, 'alpha': 0.001}. Best is trial 2 with value: 0.8.
/data/home/rtabares/anaconda3/envs/pyth3.12/lib/python3.12/site-packages/sklearn/neural_network/_multilayer_perceptron.py:691: ConvergenceWarning: Stochastic Optimizer: Maximum iterations (100) reached and the optimization hasn't converged yet.
  warnings.warn(
/data/home/rtabares/anaconda3/envs/pyth3.12/lib/python3.12/site-packages/sklearn/neural_network/_multilayer_perceptron.py:691: ConvergenceWarning: Stochastic Optimizer: Maximum iterations (100) reached and the optimization hasn't converged yet.
  warnings.warn(
/data/home/rtabares/anaconda3/envs/pyth3.12/lib/python3.12/site-packages/sklearn/neural_network/_multilayer_perceptron.py:691: ConvergenceWarning: Stochastic Optimizer: Maximum iterations (100) reached and the optimization hasn't converged yet.
  warnings.warn(
/data/home/rtabares/anaconda3/envs/pyth3.12/lib/python3.12/site-packages/sklearn/neural_network/_multilayer_perceptron.py:691: ConvergenceWarning: Stochastic Optimizer: Maximum iterations (100) reached and the optimization hasn't converged yet.
  warnings.warn(
/data/home/rtabares/anaconda3/envs/pyth3.12/lib/python3.12/site-packages/sklearn/neural_network/_multilayer_perceptron.py:691: ConvergenceWarning: Stochastic Optimizer: Maximum iterations (100) reached and the optimization hasn't converged yet.
  warnings.warn(
[I 2025-05-26 03:17:32,472] Trial 4 finished with value: 0.75 and parameters: {'hidden_layer_sizes': (100,), 'max_iter': 100, 'alpha': 0.0001}. Best is trial 2 with value: 0.8.
/data/home/rtabares/anaconda3/envs/pyth3.12/lib/python3.12/site-packages/sklearn/neural_network/_multilayer_perceptron.py:691: ConvergenceWarning: Stochastic Optimizer: Maximum iterations (100) reached and the optimization hasn't converged yet.
  warnings.warn(
/data/home/rtabares/anaconda3/envs/pyth3.12/lib/python3.12/site-packages/sklearn/neural_network/_multilayer_perceptron.py:691: ConvergenceWarning: Stochastic Optimizer: Maximum iterations (100) reached and the optimization hasn't converged yet.
  warnings.warn(
/data/home/rtabares/anaconda3/envs/pyth3.12/lib/python3.12/site-packages/sklearn/neural_network/_multilayer_perceptron.py:691: ConvergenceWarning: Stochastic Optimizer: Maximum iterations (100) reached and the optimization hasn't converged yet.
  warnings.warn(
/data/home/rtabares/anaconda3/envs/pyth3.12/lib/python3.12/site-packages/sklearn/neural_network/_multilayer_perceptron.py:691: ConvergenceWarning: Stochastic Optimizer: Maximum iterations (100) reached and the optimization hasn't converged yet.
  warnings.warn(
/data/home/rtabares/anaconda3/envs/pyth3.12/lib/python3.12/site-packages/sklearn/neural_network/_multilayer_perceptron.py:691: ConvergenceWarning: Stochastic Optimizer: Maximum iterations (100) reached and the optimization hasn't converged yet.
  warnings.warn(
[I 2025-05-26 03:17:32,558] Trial 5 finished with value: 0.65 and parameters: {'hidden_layer_sizes': (100,), 'max_iter': 100, 'alpha': 0.001}. Best is trial 2 with value: 0.8.
/data/home/rtabares/anaconda3/envs/pyth3.12/lib/python3.12/site-packages/sklearn/neural_network/_multilayer_perceptron.py:691: ConvergenceWarning: Stochastic Optimizer: Maximum iterations (100) reached and the optimization hasn't converged yet.
  warnings.warn(
/data/home/rtabares/anaconda3/envs/pyth3.12/lib/python3.12/site-packages/sklearn/neural_network/_multilayer_perceptron.py:691: ConvergenceWarning: Stochastic Optimizer: Maximum iterations (100) reached and the optimization hasn't converged yet.
  warnings.warn(
/data/home/rtabares/anaconda3/envs/pyth3.12/lib/python3.12/site-packages/sklearn/neural_network/_multilayer_perceptron.py:691: ConvergenceWarning: Stochastic Optimizer: Maximum iterations (100) reached and the optimization hasn't converged yet.
  warnings.warn(
/data/home/rtabares/anaconda3/envs/pyth3.12/lib/python3.12/site-packages/sklearn/neural_network/_multilayer_perceptron.py:691: ConvergenceWarning: Stochastic Optimizer: Maximum iterations (100) reached and the optimization hasn't converged yet.
  warnings.warn(
/data/home/rtabares/anaconda3/envs/pyth3.12/lib/python3.12/site-packages/sklearn/neural_network/_multilayer_perceptron.py:691: ConvergenceWarning: Stochastic Optimizer: Maximum iterations (100) reached and the optimization hasn't converged yet.
  warnings.warn(
