[I 2025-05-26 03:39:39,885] Trial 9 finished with value: 0.55 and parameters: {'hidden_layer_sizes': (200,), 'max_iter': 50, 'alpha': 0.0001}. Best is trial 3 with value: 0.6.
/data/home/rtabares/anaconda3/envs/pyth3.12/lib/python3.12/site-packages/sklearn/neural_network/_multilayer_perceptron.py:691: ConvergenceWarning: Stochastic Optimizer: Maximum iterations (50) reached and the optimization hasn't converged yet.
  warnings.warn(
/data/home/rtabares/anaconda3/envs/pyth3.12/lib/python3.12/site-packages/sklearn/neural_network/_multilayer_perceptron.py:691: ConvergenceWarning: Stochastic Optimizer: Maximum iterations (50) reached and the optimization hasn't converged yet.
  warnings.warn(
/data/home/rtabares/anaconda3/envs/pyth3.12/lib/python3.12/site-packages/sklearn/neural_network/_multilayer_perceptron.py:691: ConvergenceWarning: Stochastic Optimizer: Maximum iterations (50) reached and the optimization hasn't converged yet.
  warnings.warn(
/data/home/rtabares/anaconda3/envs/pyth3.12/lib/python3.12/site-packages/sklearn/neural_network/_multilayer_perceptron.py:691: ConvergenceWarning: Stochastic Optimizer: Maximum iterations (50) reached and the optimization hasn't converged yet.
  warnings.warn(
/data/home/rtabares/anaconda3/envs/pyth3.12/lib/python3.12/site-packages/sklearn/neural_network/_multilayer_perceptron.py:691: ConvergenceWarning: Stochastic Optimizer: Maximum iterations (50) reached and the optimization hasn't converged yet.
  warnings.warn(
[I 2025-05-26 03:39:39,935] Trial 10 finished with value: 0.5 and parameters: {'hidden_layer_sizes': (100, 100), 'max_iter': 50, 'alpha': 0.001}. Best is trial 3 with value: 0.6.
/data/home/rtabares/anaconda3/envs/pyth3.12/lib/python3.12/site-packages/sklearn/neural_network/_multilayer_perceptron.py:691: ConvergenceWarning: Stochastic Optimizer: Maximum iterations (50) reached and the optimization hasn't converged yet.
  warnings.warn(
/data/home/rtabares/anaconda3/envs/pyth3.12/lib/python3.12/site-packages/sklearn/neural_network/_multilayer_perceptron.py:691: ConvergenceWarning: Stochastic Optimizer: Maximum iterations (50) reached and the optimization hasn't converged yet.
  warnings.warn(
/data/home/rtabares/anaconda3/envs/pyth3.12/lib/python3.12/site-packages/sklearn/neural_network/_multilayer_perceptron.py:691: ConvergenceWarning: Stochastic Optimizer: Maximum iterations (50) reached and the optimization hasn't converged yet.
  warnings.warn(
/data/home/rtabares/anaconda3/envs/pyth3.12/lib/python3.12/site-packages/sklearn/neural_network/_multilayer_perceptron.py:691: ConvergenceWarning: Stochastic Optimizer: Maximum iterations (50) reached and the optimization hasn't converged yet.
  warnings.warn(
/data/home/rtabares/anaconda3/envs/pyth3.12/lib/python3.12/site-packages/sklearn/neural_network/_multilayer_perceptron.py:691: ConvergenceWarning: Stochastic Optimizer: Maximum iterations (50) reached and the optimization hasn't converged yet.
  warnings.warn(
[I 2025-05-26 03:39:39,991] Trial 11 finished with value: 0.55 and parameters: {'hidden_layer_sizes': (100,), 'max_iter': 50, 'alpha': 0.001}. Best is trial 3 with value: 0.6.
/data/home/rtabares/anaconda3/envs/pyth3.12/lib/python3.12/site-packages/sklearn/neural_network/_multilayer_perceptron.py:691: ConvergenceWarning: Stochastic Optimizer: Maximum iterations (50) reached and the optimization hasn't converged yet.
  warnings.warn(
/data/home/rtabares/anaconda3/envs/pyth3.12/lib/python3.12/site-packages/sklearn/neural_network/_multilayer_perceptron.py:691: ConvergenceWarning: Stochastic Optimizer: Maximum iterations (50) reached and the optimization hasn't converged yet.
  warnings.warn(
/data/home/rtabares/anaconda3/envs/pyth3.12/lib/python3.12/site-packages/sklearn/neural_network/_multilayer_perceptron.py:691: ConvergenceWarning: Stochastic Optimizer: Maximum iterations (50) reached and the optimization hasn't converged yet.
  warnings.warn(
[I 2025-05-26 03:39:40,041] Trial 12 finished with value: 0.6 and parameters: {'hidden_layer_sizes': (100,), 'max_iter': 50, 'alpha': 0.001}. Best is trial 3 with value: 0.6.
/data/home/rtabares/anaconda3/envs/pyth3.12/lib/python3.12/site-packages/sklearn/neural_network/_multilayer_perceptron.py:691: ConvergenceWarning: Stochastic Optimizer: Maximum iterations (50) reached and the optimization hasn't converged yet.
  warnings.warn(
/data/home/rtabares/anaconda3/envs/pyth3.12/lib/python3.12/site-packages/sklearn/neural_network/_multilayer_perceptron.py:691: ConvergenceWarning: Stochastic Optimizer: Maximum iterations (50) reached and the optimization hasn't converged yet.
  warnings.warn(
/data/home/rtabares/anaconda3/envs/pyth3.12/lib/python3.12/site-packages/sklearn/neural_network/_multilayer_perceptron.py:691: ConvergenceWarning: Stochastic Optimizer: Maximum iterations (50) reached and the optimization hasn't converged yet.
  warnings.warn(
/data/home/rtabares/anaconda3/envs/pyth3.12/lib/python3.12/site-packages/sklearn/neural_network/_multilayer_perceptron.py:691: ConvergenceWarning: Stochastic Optimizer: Maximum iterations (50) reached and the optimization hasn't converged yet.
  warnings.warn(
/data/home/rtabares/anaconda3/envs/pyth3.12/lib/python3.12/site-packages/sklearn/neural_network/_multilayer_perceptron.py:691: ConvergenceWarning: Stochastic Optimizer: Maximum iterations (50) reached and the optimization hasn't converged yet.
  warnings.warn(
[I 2025-05-26 03:39:40,090] Trial 13 finished with value: 0.5 and parameters: {'hidden_layer_sizes': (100,), 'max_iter': 50, 'alpha': 0.001}. Best is trial 3 with value: 0.6.
/data/home/rtabares/anaconda3/envs/pyth3.12/lib/python3.12/site-packages/sklearn/neural_network/_multilayer_perceptron.py:691: ConvergenceWarning: Stochastic Optimizer: Maximum iterations (50) reached and the optimization hasn't converged yet.
  warnings.warn(
/data/home/rtabares/anaconda3/envs/pyth3.12/lib/python3.12/site-packages/sklearn/neural_network/_multilayer_perceptron.py:691: ConvergenceWarning: Stochastic Optimizer: Maximum iterations (50) reached and the optimization hasn't converged yet.
  warnings.warn(
/data/home/rtabares/anaconda3/envs/pyth3.12/lib/python3.12/site-packages/sklearn/neural_network/_multilayer_perceptron.py:691: ConvergenceWarning: Stochastic Optimizer: Maximum iterations (50) reached and the optimization hasn't converged yet.
  warnings.warn(
/data/home/rtabares/anaconda3/envs/pyth3.12/lib/python3.12/site-packages/sklearn/neural_network/_multilayer_perceptron.py:691: ConvergenceWarning: Stochastic Optimizer: Maximum iterations (50) reached and the optimization hasn't converged yet.
  warnings.warn(
[I 2025-05-26 03:39:40,139] Trial 14 finished with value: 0.55 and parameters: {'hidden_layer_sizes': (100,), 'max_iter': 50, 'alpha': 0.001}. Best is trial 3 with value: 0.6.
/data/home/rtabares/anaconda3/envs/pyth3.12/lib/python3.12/site-packages/sklearn/neural_network/_multilayer_perceptron.py:691: ConvergenceWarning: Stochastic Optimizer: Maximum iterations (50) reached and the optimization hasn't converged yet.
  warnings.warn(
/data/home/rtabares/anaconda3/envs/pyth3.12/lib/python3.12/site-packages/sklearn/neural_network/_multilayer_perceptron.py:691: ConvergenceWarning: Stochastic Optimizer: Maximum iterations (50) reached and the optimization hasn't converged yet.
  warnings.warn(
/data/home/rtabares/anaconda3/envs/pyth3.12/lib/python3.12/site-packages/sklearn/neural_network/_multilayer_perceptron.py:691: ConvergenceWarning: Stochastic Optimizer: Maximum iterations (50) reached and the optimization hasn't converged yet.
  warnings.warn(
/data/home/rtabares/anaconda3/envs/pyth3.12/lib/python3.12/site-packages/sklearn/neural_network/_multilayer_perceptron.py:691: ConvergenceWarning: Stochastic Optimizer: Maximum iterations (50) reached and the optimization hasn't converged yet.
  warnings.warn(
[I 2025-05-26 03:39:40,189] Trial 15 finished with value: 0.5 and parameters: {'hidden_layer_sizes': (100,), 'max_iter': 50, 'alpha': 0.001}. Best is trial 3 with value: 0.6.
/data/home/rtabares/anaconda3/envs/pyth3.12/lib/python3.12/site-packages/sklearn/neural_network/_multilayer_perceptron.py:691: ConvergenceWarning: Stochastic Optimizer: Maximum iterations (50) reached and the optimization hasn't converged yet.
  warnings.warn(
/data/home/rtabares/anaconda3/envs/pyth3.12/lib/python3.12/site-packages/sklearn/neural_network/_multilayer_perceptron.py:691: ConvergenceWarning: Stochastic Optimizer: Maximum iterations (50) reached and the optimization hasn't converged yet.
  warnings.warn(
/data/home/rtabares/anaconda3/envs/pyth3.12/lib/python3.12/site-packages/sklearn/neural_network/_multilayer_perceptron.py:691: ConvergenceWarning: Stochastic Optimizer: Maximum iterations (50) reached and the optimization hasn't converged yet.
  warnings.warn(
/data/home/rtabares/anaconda3/envs/pyth3.12/lib/python3.12/site-packages/sklearn/neural_network/_multilayer_perceptron.py:691: ConvergenceWarning: Stochastic Optimizer: Maximum iterations (50) reached and the optimization hasn't converged yet.
  warnings.warn(
/data/home/rtabares/anaconda3/envs/pyth3.12/lib/python3.12/site-packages/sklearn/neural_network/_multilayer_perceptron.py:691: ConvergenceWarning: Stochastic Optimizer: Maximum iterations (50) reached and the optimization hasn't converged yet.
  warnings.warn(
[I 2025-05-26 03:39:40,870] Trial 16 finished with value: 0.55 and parameters: {'hidden_layer_sizes': (100, 100), 'max_iter': 50, 'alpha': 0.0001}. Best is trial 3 with value: 0.6.
/data/home/rtabares/anaconda3/envs/pyth3.12/lib/python3.12/site-packages/sklearn/neural_network/_multilayer_perceptron.py:691: ConvergenceWarning: Stochastic Optimizer: Maximum iterations (50) reached and the optimization hasn't converged yet.
  warnings.warn(
/data/home/rtabares/anaconda3/envs/pyth3.12/lib/python3.12/site-packages/sklearn/neural_network/_multilayer_perceptron.py:691: ConvergenceWarning: Stochastic Optimizer: Maximum iterations (50) reached and the optimization hasn't converged yet.
  warnings.warn(
/data/home/rtabares/anaconda3/envs/pyth3.12/lib/python3.12/site-packages/sklearn/neural_network/_multilayer_perceptron.py:691: ConvergenceWarning: Stochastic Optimizer: Maximum iterations (50) reached and the optimization hasn't converged yet.
  warnings.warn(
/data/home/rtabares/anaconda3/envs/pyth3.12/lib/python3.12/site-packages/sklearn/neural_network/_multilayer_perceptron.py:691: ConvergenceWarning: Stochastic Optimizer: Maximum iterations (50) reached and the optimization hasn't converged yet.
  warnings.warn(
/data/home/rtabares/anaconda3/envs/pyth3.12/lib/python3.12/site-packages/sklearn/neural_network/_multilayer_perceptron.py:691: ConvergenceWarning: Stochastic Optimizer: Maximum iterations (50) reached and the optimization hasn't converged yet.
  warnings.warn(
[I 2025-05-26 03:39:41,526] Trial 17 finished with value: 0.5 and parameters: {'hidden_layer_sizes': (100,), 'max_iter': 50, 'alpha': 0.001}. Best is trial 3 with value: 0.6.
/data/home/rtabares/anaconda3/envs/pyth3.12/lib/python3.12/site-packages/sklearn/neural_network/_multilayer_perceptron.py:691: ConvergenceWarning: Stochastic Optimizer: Maximum iterations (100) reached and the optimization hasn't converged yet.
  warnings.warn(
/data/home/rtabares/anaconda3/envs/pyth3.12/lib/python3.12/site-packages/sklearn/neural_network/_multilayer_perceptron.py:691: ConvergenceWarning: Stochastic Optimizer: Maximum iterations (100) reached and the optimization hasn't converged yet.
  warnings.warn(
/data/home/rtabares/anaconda3/envs/pyth3.12/lib/python3.12/site-packages/sklearn/neural_network/_multilayer_perceptron.py:691: ConvergenceWarning: Stochastic Optimizer: Maximum iterations (100) reached and the optimization hasn't converged yet.
  warnings.warn(
/data/home/rtabares/anaconda3/envs/pyth3.12/lib/python3.12/site-packages/sklearn/neural_network/_multilayer_perceptron.py:691: ConvergenceWarning: Stochastic Optimizer: Maximum iterations (100) reached and the optimization hasn't converged yet.
  warnings.warn(
[I 2025-05-26 03:39:41,607] Trial 18 finished with value: 0.5 and parameters: {'hidden_layer_sizes': (100,), 'max_iter': 100, 'alpha': 0.0001}. Best is trial 3 with value: 0.6.
/data/home/rtabares/anaconda3/envs/pyth3.12/lib/python3.12/site-packages/sklearn/neural_network/_multilayer_perceptron.py:691: ConvergenceWarning: Stochastic Optimizer: Maximum iterations (50) reached and the optimization hasn't converged yet.
  warnings.warn(
/data/home/rtabares/anaconda3/envs/pyth3.12/lib/python3.12/site-packages/sklearn/neural_network/_multilayer_perceptron.py:691: ConvergenceWarning: Stochastic Optimizer: Maximum iterations (50) reached and the optimization hasn't converged yet.
  warnings.warn(
/data/home/rtabares/anaconda3/envs/pyth3.12/lib/python3.12/site-packages/sklearn/neural_network/_multilayer_perceptron.py:691: ConvergenceWarning: Stochastic Optimizer: Maximum iterations (50) reached and the optimization hasn't converged yet.
  warnings.warn(
/data/home/rtabares/anaconda3/envs/pyth3.12/lib/python3.12/site-packages/sklearn/neural_network/_multilayer_perceptron.py:691: ConvergenceWarning: Stochastic Optimizer: Maximum iterations (50) reached and the optimization hasn't converged yet.
  warnings.warn(
[I 2025-05-26 03:39:41,656] Trial 19 finished with value: 0.55 and parameters: {'hidden_layer_sizes': (100, 100), 'max_iter': 50, 'alpha': 0.001}. Best is trial 3 with value: 0.6.
[I 2025-05-26 03:39:43,775] A new study created in memory with name: naive_bayes
Parámetros guardados en checkpoint_shoppers_Dlatent_F/k-means/IPC_10/best_models_k-means_seed_7_space_latent/mlp_best_params.json


>>> Optuna tuning naive_bayes metodo k-means IPC 10 seed 7


[I 2025-05-26 03:39:46,566] Trial 0 finished with value: 0.7 and parameters: {'var_smoothing': 1.4210736239935712e-10}. Best is trial 0 with value: 0.7.
[I 2025-05-26 03:39:46,838] Trial 1 finished with value: 0.7 and parameters: {'var_smoothing': 3.629422978396398e-09}. Best is trial 0 with value: 0.7.
[I 2025-05-26 03:39:46,855] Trial 2 finished with value: 0.7 and parameters: {'var_smoothing': 7.530407234027127e-10}. Best is trial 0 with value: 0.7.
[I 2025-05-26 03:39:46,879] Trial 3 finished with value: 0.7 and parameters: {'var_smoothing': 2.7985325053380072e-09}. Best is trial 0 with value: 0.7.
[I 2025-05-26 03:39:46,894] Trial 4 finished with value: 0.7 and parameters: {'var_smoothing': 9.036058293737187e-09}. Best is trial 0 with value: 0.7.
[I 2025-05-26 03:39:46,908] Trial 5 finished with value: 0.7 and parameters: {'var_smoothing': 1.1939653980558784e-09}. Best is trial 0 with value: 0.7.
[I 2025-05-26 03:39:46,921] Trial 6 finished with value: 0.7 and parameters: {'var_smoothing': 1.005173261185167e-09}. Best is trial 0 with value: 0.7.
[I 2025-05-26 03:39:46,936] Trial 7 finished with value: 0.7 and parameters: {'var_smoothing': 1.393484899105757e-10}. Best is trial 0 with value: 0.7.
[I 2025-05-26 03:39:46,950] Trial 8 finished with value: 0.7 and parameters: {'var_smoothing': 3.4425317961147986e-10}. Best is trial 0 with value: 0.7.
[I 2025-05-26 03:39:46,963] Trial 9 finished with value: 0.7 and parameters: {'var_smoothing': 9.994590426751933e-10}. Best is trial 0 with value: 0.7.
[I 2025-05-26 03:39:46,981] Trial 10 finished with value: 0.7 and parameters: {'var_smoothing': 1.9079938112167212e-10}. Best is trial 0 with value: 0.7.
[I 2025-05-26 03:39:46,998] Trial 11 finished with value: 0.7 and parameters: {'var_smoothing': 4.7456863630433305e-09}. Best is trial 0 with value: 0.7.
[I 2025-05-26 03:39:47,645] Trial 12 finished with value: 0.7 and parameters: {'var_smoothing': 2.7185365295481096e-09}. Best is trial 0 with value: 0.7.
[I 2025-05-26 03:39:47,675] Trial 13 finished with value: 0.7 and parameters: {'var_smoothing': 4.3967291332584714e-10}. Best is trial 0 with value: 0.7.
[I 2025-05-26 03:39:47,695] Trial 14 finished with value: 0.7 and parameters: {'var_smoothing': 2.6511307931162972e-09}. Best is trial 0 with value: 0.7.
[I 2025-05-26 03:39:47,715] Trial 15 finished with value: 0.7 and parameters: {'var_smoothing': 9.000422035369052e-09}. Best is trial 0 with value: 0.7.
[I 2025-05-26 03:39:47,735] Trial 16 finished with value: 0.7 and parameters: {'var_smoothing': 2.75340575769171e-10}. Best is trial 0 with value: 0.7.
[I 2025-05-26 03:39:48,373] Trial 17 finished with value: 0.7 and parameters: {'var_smoothing': 1.0118559267516465e-10}. Best is trial 0 with value: 0.7.
[I 2025-05-26 03:39:48,393] Trial 18 finished with value: 0.7 and parameters: {'var_smoothing': 5.126237368588495e-10}. Best is trial 0 with value: 0.7.
[I 2025-05-26 03:39:48,412] Trial 19 finished with value: 0.7 and parameters: {'var_smoothing': 1.7743118427439911e-09}. Best is trial 0 with value: 0.7.
/data/home/rtabares/anaconda3/envs/pyth3.12/lib/python3.12/site-packages/xgboost/core.py:377: FutureWarning: Your system has an old version of glibc (< 2.28). We will stop supporting Linux distros with glibc older than 2.28 after **May 31, 2025**. Please upgrade to a recent Linux distro (with glibc >= 2.28) to use future versions of XGBoost.
Note: You have installed the 'manylinux2014' variant of XGBoost. Certain features such as GPU algorithms or federated learning are not available. To use these features, please upgrade to a recent Linux distro with glibc 2.28+, and install the 'manylinux_2_28' variant.
  warnings.warn(
[I 2025-05-26 03:39:53,090] A new study created in memory with name: knn
Parámetros guardados en checkpoint_shoppers_Dlatent_F/k-means/IPC_10/best_models_k-means_seed_7_space_latent/naive_bayes_best_params.json


>>> Optuna tuning knn metodo k-means IPC 10 seed 7


[I 2025-05-26 03:39:53,432] Trial 0 finished with value: 0.6 and parameters: {'n_neighbors': 3, 'leaf_size': 36, 'p': 2}. Best is trial 0 with value: 0.6.
[I 2025-05-26 03:39:53,522] Trial 1 finished with value: 0.55 and parameters: {'n_neighbors': 10, 'leaf_size': 31, 'p': 1}. Best is trial 0 with value: 0.6.
[I 2025-05-26 03:39:53,537] Trial 2 finished with value: 0.7 and parameters: {'n_neighbors': 5, 'leaf_size': 30, 'p': 2}. Best is trial 2 with value: 0.7.
[I 2025-05-26 03:39:53,602] Trial 3 finished with value: 0.75 and parameters: {'n_neighbors': 6, 'leaf_size': 21, 'p': 2}. Best is trial 3 with value: 0.75.
[I 2025-05-26 03:39:54,343] Trial 4 finished with value: 0.65 and parameters: {'n_neighbors': 4, 'leaf_size': 29, 'p': 1}. Best is trial 3 with value: 0.75.
[I 2025-05-26 03:39:54,411] Trial 5 finished with value: 0.75 and parameters: {'n_neighbors': 7, 'leaf_size': 39, 'p': 2}. Best is trial 3 with value: 0.75.
[I 2025-05-26 03:39:54,468] Trial 6 finished with value: 0.65 and parameters: {'n_neighbors': 10, 'leaf_size': 22, 'p': 2}. Best is trial 3 with value: 0.75.
[I 2025-05-26 03:39:54,525] Trial 7 finished with value: 0.75 and parameters: {'n_neighbors': 8, 'leaf_size': 29, 'p': 2}. Best is trial 3 with value: 0.75.
[I 2025-05-26 03:39:54,561] Trial 8 finished with value: 0.7 and parameters: {'n_neighbors': 5, 'leaf_size': 30, 'p': 2}. Best is trial 3 with value: 0.75.
[I 2025-05-26 03:39:54,597] Trial 9 finished with value: 0.7 and parameters: {'n_neighbors': 9, 'leaf_size': 26, 'p': 1}. Best is trial 3 with value: 0.75.
[I 2025-05-26 03:39:54,686] Trial 10 finished with value: 0.7 and parameters: {'n_neighbors': 6, 'leaf_size': 20, 'p': 1}. Best is trial 3 with value: 0.75.
[I 2025-05-26 03:39:54,743] Trial 11 finished with value: 0.75 and parameters: {'n_neighbors': 7, 'leaf_size': 38, 'p': 2}. Best is trial 3 with value: 0.75.
[I 2025-05-26 03:39:55,489] Trial 12 finished with value: 0.75 and parameters: {'n_neighbors': 7, 'leaf_size': 40, 'p': 2}. Best is trial 3 with value: 0.75.
[I 2025-05-26 03:39:55,515] Trial 13 finished with value: 0.75 and parameters: {'n_neighbors': 6, 'leaf_size': 34, 'p': 2}. Best is trial 3 with value: 0.75.
[I 2025-05-26 03:39:56,216] Trial 14 finished with value: 0.75 and parameters: {'n_neighbors': 8, 'leaf_size': 24, 'p': 2}. Best is trial 3 with value: 0.75.
[I 2025-05-26 03:39:56,241] Trial 15 finished with value: 0.7 and parameters: {'n_neighbors': 5, 'leaf_size': 34, 'p': 2}. Best is trial 3 with value: 0.75.
[I 2025-05-26 03:39:56,922] Trial 16 finished with value: 0.75 and parameters: {'n_neighbors': 8, 'leaf_size': 24, 'p': 2}. Best is trial 3 with value: 0.75.
[I 2025-05-26 03:39:57,618] Trial 17 finished with value: 0.75 and parameters: {'n_neighbors': 6, 'leaf_size': 26, 'p': 2}. Best is trial 3 with value: 0.75.
[I 2025-05-26 03:39:57,645] Trial 18 finished with value: 0.75 and parameters: {'n_neighbors': 7, 'leaf_size': 33, 'p': 1}. Best is trial 3 with value: 0.75.
