[I 2025-05-26 03:41:44,790] Trial 10 finished with value: 0.3 and parameters: {'hidden_layer_sizes': (100, 100), 'max_iter': 50, 'alpha': 0.001}. Best is trial 7 with value: 0.35.
/data/home/rtabares/anaconda3/envs/pyth3.12/lib/python3.12/site-packages/sklearn/neural_network/_multilayer_perceptron.py:691: ConvergenceWarning: Stochastic Optimizer: Maximum iterations (100) reached and the optimization hasn't converged yet.
  warnings.warn(
[I 2025-05-26 03:41:44,879] Trial 11 finished with value: 0.25 and parameters: {'hidden_layer_sizes': (200,), 'max_iter': 100, 'alpha': 0.001}. Best is trial 7 with value: 0.35.
/data/home/rtabares/anaconda3/envs/pyth3.12/lib/python3.12/site-packages/sklearn/neural_network/_multilayer_perceptron.py:691: ConvergenceWarning: Stochastic Optimizer: Maximum iterations (100) reached and the optimization hasn't converged yet.
  warnings.warn(
/data/home/rtabares/anaconda3/envs/pyth3.12/lib/python3.12/site-packages/sklearn/neural_network/_multilayer_perceptron.py:691: ConvergenceWarning: Stochastic Optimizer: Maximum iterations (100) reached and the optimization hasn't converged yet.
  warnings.warn(
/data/home/rtabares/anaconda3/envs/pyth3.12/lib/python3.12/site-packages/sklearn/neural_network/_multilayer_perceptron.py:691: ConvergenceWarning: Stochastic Optimizer: Maximum iterations (100) reached and the optimization hasn't converged yet.
  warnings.warn(
/data/home/rtabares/anaconda3/envs/pyth3.12/lib/python3.12/site-packages/sklearn/neural_network/_multilayer_perceptron.py:691: ConvergenceWarning: Stochastic Optimizer: Maximum iterations (100) reached and the optimization hasn't converged yet.
  warnings.warn(
/data/home/rtabares/anaconda3/envs/pyth3.12/lib/python3.12/site-packages/sklearn/neural_network/_multilayer_perceptron.py:691: ConvergenceWarning: Stochastic Optimizer: Maximum iterations (100) reached and the optimization hasn't converged yet.
  warnings.warn(
[I 2025-05-26 03:41:45,572] Trial 12 finished with value: 0.25 and parameters: {'hidden_layer_sizes': (100,), 'max_iter': 100, 'alpha': 0.001}. Best is trial 7 with value: 0.35.
/data/home/rtabares/anaconda3/envs/pyth3.12/lib/python3.12/site-packages/sklearn/neural_network/_multilayer_perceptron.py:691: ConvergenceWarning: Stochastic Optimizer: Maximum iterations (100) reached and the optimization hasn't converged yet.
  warnings.warn(
[I 2025-05-26 03:41:45,660] Trial 13 finished with value: 0.25 and parameters: {'hidden_layer_sizes': (200,), 'max_iter': 100, 'alpha': 0.001}. Best is trial 7 with value: 0.35.
/data/home/rtabares/anaconda3/envs/pyth3.12/lib/python3.12/site-packages/sklearn/neural_network/_multilayer_perceptron.py:691: ConvergenceWarning: Stochastic Optimizer: Maximum iterations (50) reached and the optimization hasn't converged yet.
  warnings.warn(
/data/home/rtabares/anaconda3/envs/pyth3.12/lib/python3.12/site-packages/sklearn/neural_network/_multilayer_perceptron.py:691: ConvergenceWarning: Stochastic Optimizer: Maximum iterations (50) reached and the optimization hasn't converged yet.
  warnings.warn(
/data/home/rtabares/anaconda3/envs/pyth3.12/lib/python3.12/site-packages/sklearn/neural_network/_multilayer_perceptron.py:691: ConvergenceWarning: Stochastic Optimizer: Maximum iterations (50) reached and the optimization hasn't converged yet.
  warnings.warn(
/data/home/rtabares/anaconda3/envs/pyth3.12/lib/python3.12/site-packages/sklearn/neural_network/_multilayer_perceptron.py:691: ConvergenceWarning: Stochastic Optimizer: Maximum iterations (50) reached and the optimization hasn't converged yet.
  warnings.warn(
/data/home/rtabares/anaconda3/envs/pyth3.12/lib/python3.12/site-packages/sklearn/neural_network/_multilayer_perceptron.py:691: ConvergenceWarning: Stochastic Optimizer: Maximum iterations (50) reached and the optimization hasn't converged yet.
  warnings.warn(
[I 2025-05-26 03:41:45,747] Trial 14 finished with value: 0.3 and parameters: {'hidden_layer_sizes': (100, 100), 'max_iter': 50, 'alpha': 0.001}. Best is trial 7 with value: 0.35.
/data/home/rtabares/anaconda3/envs/pyth3.12/lib/python3.12/site-packages/sklearn/neural_network/_multilayer_perceptron.py:691: ConvergenceWarning: Stochastic Optimizer: Maximum iterations (100) reached and the optimization hasn't converged yet.
  warnings.warn(
/data/home/rtabares/anaconda3/envs/pyth3.12/lib/python3.12/site-packages/sklearn/neural_network/_multilayer_perceptron.py:691: ConvergenceWarning: Stochastic Optimizer: Maximum iterations (100) reached and the optimization hasn't converged yet.
  warnings.warn(
/data/home/rtabares/anaconda3/envs/pyth3.12/lib/python3.12/site-packages/sklearn/neural_network/_multilayer_perceptron.py:691: ConvergenceWarning: Stochastic Optimizer: Maximum iterations (100) reached and the optimization hasn't converged yet.
  warnings.warn(
[I 2025-05-26 03:41:45,864] Trial 15 finished with value: 0.25 and parameters: {'hidden_layer_sizes': (100,), 'max_iter': 100, 'alpha': 0.001}. Best is trial 7 with value: 0.35.
/data/home/rtabares/anaconda3/envs/pyth3.12/lib/python3.12/site-packages/sklearn/neural_network/_multilayer_perceptron.py:691: ConvergenceWarning: Stochastic Optimizer: Maximum iterations (100) reached and the optimization hasn't converged yet.
  warnings.warn(
/data/home/rtabares/anaconda3/envs/pyth3.12/lib/python3.12/site-packages/sklearn/neural_network/_multilayer_perceptron.py:691: ConvergenceWarning: Stochastic Optimizer: Maximum iterations (100) reached and the optimization hasn't converged yet.
  warnings.warn(
/data/home/rtabares/anaconda3/envs/pyth3.12/lib/python3.12/site-packages/sklearn/neural_network/_multilayer_perceptron.py:691: ConvergenceWarning: Stochastic Optimizer: Maximum iterations (100) reached and the optimization hasn't converged yet.
  warnings.warn(
[I 2025-05-26 03:41:46,824] Trial 16 finished with value: 0.25 and parameters: {'hidden_layer_sizes': (200,), 'max_iter': 100, 'alpha': 0.0001}. Best is trial 7 with value: 0.35.
/data/home/rtabares/anaconda3/envs/pyth3.12/lib/python3.12/site-packages/sklearn/neural_network/_multilayer_perceptron.py:691: ConvergenceWarning: Stochastic Optimizer: Maximum iterations (50) reached and the optimization hasn't converged yet.
  warnings.warn(
/data/home/rtabares/anaconda3/envs/pyth3.12/lib/python3.12/site-packages/sklearn/neural_network/_multilayer_perceptron.py:691: ConvergenceWarning: Stochastic Optimizer: Maximum iterations (50) reached and the optimization hasn't converged yet.
  warnings.warn(
/data/home/rtabares/anaconda3/envs/pyth3.12/lib/python3.12/site-packages/sklearn/neural_network/_multilayer_perceptron.py:691: ConvergenceWarning: Stochastic Optimizer: Maximum iterations (50) reached and the optimization hasn't converged yet.
  warnings.warn(
[I 2025-05-26 03:41:46,890] Trial 17 finished with value: 0.25 and parameters: {'hidden_layer_sizes': (100,), 'max_iter': 50, 'alpha': 0.001}. Best is trial 7 with value: 0.35.
/data/home/rtabares/anaconda3/envs/pyth3.12/lib/python3.12/site-packages/sklearn/neural_network/_multilayer_perceptron.py:691: ConvergenceWarning: Stochastic Optimizer: Maximum iterations (50) reached and the optimization hasn't converged yet.
  warnings.warn(
/data/home/rtabares/anaconda3/envs/pyth3.12/lib/python3.12/site-packages/sklearn/neural_network/_multilayer_perceptron.py:691: ConvergenceWarning: Stochastic Optimizer: Maximum iterations (50) reached and the optimization hasn't converged yet.
  warnings.warn(
/data/home/rtabares/anaconda3/envs/pyth3.12/lib/python3.12/site-packages/sklearn/neural_network/_multilayer_perceptron.py:691: ConvergenceWarning: Stochastic Optimizer: Maximum iterations (50) reached and the optimization hasn't converged yet.
  warnings.warn(
/data/home/rtabares/anaconda3/envs/pyth3.12/lib/python3.12/site-packages/sklearn/neural_network/_multilayer_perceptron.py:691: ConvergenceWarning: Stochastic Optimizer: Maximum iterations (50) reached and the optimization hasn't converged yet.
  warnings.warn(
/data/home/rtabares/anaconda3/envs/pyth3.12/lib/python3.12/site-packages/sklearn/neural_network/_multilayer_perceptron.py:691: ConvergenceWarning: Stochastic Optimizer: Maximum iterations (50) reached and the optimization hasn't converged yet.
  warnings.warn(
[I 2025-05-26 03:41:46,975] Trial 18 finished with value: 0.35 and parameters: {'hidden_layer_sizes': (200,), 'max_iter': 50, 'alpha': 0.0001}. Best is trial 7 with value: 0.35.
/data/home/rtabares/anaconda3/envs/pyth3.12/lib/python3.12/site-packages/sklearn/neural_network/_multilayer_perceptron.py:691: ConvergenceWarning: Stochastic Optimizer: Maximum iterations (50) reached and the optimization hasn't converged yet.
  warnings.warn(
/data/home/rtabares/anaconda3/envs/pyth3.12/lib/python3.12/site-packages/sklearn/neural_network/_multilayer_perceptron.py:691: ConvergenceWarning: Stochastic Optimizer: Maximum iterations (50) reached and the optimization hasn't converged yet.
  warnings.warn(
/data/home/rtabares/anaconda3/envs/pyth3.12/lib/python3.12/site-packages/sklearn/neural_network/_multilayer_perceptron.py:691: ConvergenceWarning: Stochastic Optimizer: Maximum iterations (50) reached and the optimization hasn't converged yet.
  warnings.warn(
/data/home/rtabares/anaconda3/envs/pyth3.12/lib/python3.12/site-packages/sklearn/neural_network/_multilayer_perceptron.py:691: ConvergenceWarning: Stochastic Optimizer: Maximum iterations (50) reached and the optimization hasn't converged yet.
  warnings.warn(
[I 2025-05-26 03:41:47,050] Trial 19 finished with value: 0.2 and parameters: {'hidden_layer_sizes': (100, 100), 'max_iter': 50, 'alpha': 0.0001}. Best is trial 7 with value: 0.35.
[I 2025-05-26 03:41:49,259] A new study created in memory with name: naive_bayes
Parámetros guardados en checkpoint_shoppers_Dlatent_F/k-center/IPC_10/best_models_k-center_seed_7_space_latent/mlp_best_params.json


>>> Optuna tuning naive_bayes metodo k-center IPC 10 seed 7


[I 2025-05-26 03:41:52,949] Trial 0 finished with value: 0.6 and parameters: {'var_smoothing': 1.4210736239935712e-10}. Best is trial 0 with value: 0.6.
[I 2025-05-26 03:41:53,218] Trial 1 finished with value: 0.6 and parameters: {'var_smoothing': 3.629422978396398e-09}. Best is trial 0 with value: 0.6.
[I 2025-05-26 03:41:53,236] Trial 2 finished with value: 0.6 and parameters: {'var_smoothing': 7.530407234027127e-10}. Best is trial 0 with value: 0.6.
[I 2025-05-26 03:41:53,259] Trial 3 finished with value: 0.6 and parameters: {'var_smoothing': 2.7985325053380072e-09}. Best is trial 0 with value: 0.6.
[I 2025-05-26 03:41:53,274] Trial 4 finished with value: 0.6 and parameters: {'var_smoothing': 9.036058293737187e-09}. Best is trial 0 with value: 0.6.
[I 2025-05-26 03:41:53,297] Trial 5 finished with value: 0.6 and parameters: {'var_smoothing': 1.1939653980558784e-09}. Best is trial 0 with value: 0.6.
[I 2025-05-26 03:41:53,321] Trial 6 finished with value: 0.6 and parameters: {'var_smoothing': 1.005173261185167e-09}. Best is trial 0 with value: 0.6.
[I 2025-05-26 03:41:53,335] Trial 7 finished with value: 0.6 and parameters: {'var_smoothing': 1.393484899105757e-10}. Best is trial 0 with value: 0.6.
[I 2025-05-26 03:41:53,358] Trial 8 finished with value: 0.6 and parameters: {'var_smoothing': 3.4425317961147986e-10}. Best is trial 0 with value: 0.6.
[I 2025-05-26 03:41:53,373] Trial 9 finished with value: 0.6 and parameters: {'var_smoothing': 9.994590426751933e-10}. Best is trial 0 with value: 0.6.
[I 2025-05-26 03:41:53,401] Trial 10 finished with value: 0.6 and parameters: {'var_smoothing': 1.9079938112167212e-10}. Best is trial 0 with value: 0.6.
[I 2025-05-26 03:41:53,420] Trial 11 finished with value: 0.6 and parameters: {'var_smoothing': 4.7456863630433305e-09}. Best is trial 0 with value: 0.6.
[I 2025-05-26 03:41:54,065] Trial 12 finished with value: 0.6 and parameters: {'var_smoothing': 2.7185365295481096e-09}. Best is trial 0 with value: 0.6.
[I 2025-05-26 03:41:54,085] Trial 13 finished with value: 0.6 and parameters: {'var_smoothing': 4.3967291332584714e-10}. Best is trial 0 with value: 0.6.
[I 2025-05-26 03:41:54,117] Trial 14 finished with value: 0.6 and parameters: {'var_smoothing': 2.6511307931162972e-09}. Best is trial 0 with value: 0.6.
[I 2025-05-26 03:41:54,135] Trial 15 finished with value: 0.6 and parameters: {'var_smoothing': 9.000422035369052e-09}. Best is trial 0 with value: 0.6.
[I 2025-05-26 03:41:54,807] Trial 16 finished with value: 0.6 and parameters: {'var_smoothing': 2.75340575769171e-10}. Best is trial 0 with value: 0.6.
[I 2025-05-26 03:41:54,824] Trial 17 finished with value: 0.6 and parameters: {'var_smoothing': 1.0118559267516465e-10}. Best is trial 0 with value: 0.6.
[I 2025-05-26 03:41:54,841] Trial 18 finished with value: 0.6 and parameters: {'var_smoothing': 5.126237368588495e-10}. Best is trial 0 with value: 0.6.
[I 2025-05-26 03:41:54,860] Trial 19 finished with value: 0.6 and parameters: {'var_smoothing': 1.7743118427439911e-09}. Best is trial 0 with value: 0.6.
[I 2025-05-26 03:41:56,845] A new study created in memory with name: knn
[I 2025-05-26 03:41:59,923] Trial 0 finished with value: 0.45 and parameters: {'n_neighbors': 3, 'leaf_size': 36, 'p': 2}. Best is trial 0 with value: 0.45.
Parámetros guardados en checkpoint_shoppers_Dlatent_F/k-center/IPC_10/best_models_k-center_seed_7_space_latent/naive_bayes_best_params.json


>>> Optuna tuning knn metodo k-center IPC 10 seed 7


[I 2025-05-26 03:42:00,334] Trial 1 finished with value: 0.45 and parameters: {'n_neighbors': 10, 'leaf_size': 31, 'p': 1}. Best is trial 0 with value: 0.45.
[I 2025-05-26 03:42:00,403] Trial 2 finished with value: 0.5 and parameters: {'n_neighbors': 5, 'leaf_size': 30, 'p': 2}. Best is trial 2 with value: 0.5.
[I 2025-05-26 03:42:01,174] Trial 3 finished with value: 0.45 and parameters: {'n_neighbors': 6, 'leaf_size': 21, 'p': 2}. Best is trial 2 with value: 0.5.
[I 2025-05-26 03:42:01,190] Trial 4 finished with value: 0.4 and parameters: {'n_neighbors': 4, 'leaf_size': 29, 'p': 1}. Best is trial 2 with value: 0.5.
[I 2025-05-26 03:42:01,266] Trial 5 finished with value: 0.45 and parameters: {'n_neighbors': 7, 'leaf_size': 39, 'p': 2}. Best is trial 2 with value: 0.5.
[I 2025-05-26 03:42:01,342] Trial 6 finished with value: 0.45 and parameters: {'n_neighbors': 10, 'leaf_size': 22, 'p': 2}. Best is trial 2 with value: 0.5.
[I 2025-05-26 03:42:01,428] Trial 7 finished with value: 0.3 and parameters: {'n_neighbors': 8, 'leaf_size': 29, 'p': 2}. Best is trial 2 with value: 0.5.
[I 2025-05-26 03:42:01,514] Trial 8 finished with value: 0.5 and parameters: {'n_neighbors': 5, 'leaf_size': 30, 'p': 2}. Best is trial 2 with value: 0.5.
[I 2025-05-26 03:42:01,558] Trial 9 finished with value: 0.4 and parameters: {'n_neighbors': 9, 'leaf_size': 26, 'p': 1}. Best is trial 2 with value: 0.5.
[I 2025-05-26 03:42:01,644] Trial 10 finished with value: 0.5 and parameters: {'n_neighbors': 5, 'leaf_size': 35, 'p': 1}. Best is trial 2 with value: 0.5.
[I 2025-05-26 03:42:01,689] Trial 11 finished with value: 0.5 and parameters: {'n_neighbors': 5, 'leaf_size': 32, 'p': 2}. Best is trial 2 with value: 0.5.
[I 2025-05-26 03:42:01,724] Trial 12 finished with value: 0.45 and parameters: {'n_neighbors': 6, 'leaf_size': 26, 'p': 2}. Best is trial 2 with value: 0.5.
[I 2025-05-26 03:42:02,423] Trial 13 finished with value: 0.45 and parameters: {'n_neighbors': 3, 'leaf_size': 33, 'p': 2}. Best is trial 2 with value: 0.5.
[I 2025-05-26 03:42:03,144] Trial 14 finished with value: 0.5 and parameters: {'n_neighbors': 5, 'leaf_size': 26, 'p': 2}. Best is trial 2 with value: 0.5.
[I 2025-05-26 03:42:03,916] Trial 15 finished with value: 0.45 and parameters: {'n_neighbors': 7, 'leaf_size': 28, 'p': 2}. Best is trial 2 with value: 0.5.
[I 2025-05-26 03:42:04,619] Trial 16 finished with value: 0.3 and parameters: {'n_neighbors': 4, 'leaf_size': 24, 'p': 2}. Best is trial 2 with value: 0.5.
[I 2025-05-26 03:42:04,644] Trial 17 finished with value: 0.3 and parameters: {'n_neighbors': 4, 'leaf_size': 35, 'p': 2}. Best is trial 2 with value: 0.5.
[I 2025-05-26 03:42:04,673] Trial 18 finished with value: 0.45 and parameters: {'n_neighbors': 6, 'leaf_size': 39, 'p': 1}. Best is trial 2 with value: 0.5.
[I 2025-05-26 03:42:04,697] Trial 19 finished with value: 0.5 and parameters: {'n_neighbors': 5, 'leaf_size': 33, 'p': 2}. Best is trial 2 with value: 0.5.
/data/home/rtabares/anaconda3/envs/pyth3.12/lib/python3.12/site-packages/xgboost/core.py:377: FutureWarning: Your system has an old version of glibc (< 2.28). We will stop supporting Linux distros with glibc older than 2.28 after **May 31, 2025**. Please upgrade to a recent Linux distro (with glibc >= 2.28) to use future versions of XGBoost.
Note: You have installed the 'manylinux2014' variant of XGBoost. Certain features such as GPU algorithms or federated learning are not available. To use these features, please upgrade to a recent Linux distro with glibc 2.28+, and install the 'manylinux_2_28' variant.
  warnings.warn(
[I 2025-05-26 03:42:08,437] A new study created in memory with name: xgb
Parámetros guardados en checkpoint_shoppers_Dlatent_F/k-center/IPC_10/best_models_k-center_seed_7_space_latent/knn_best_params.json


>>> Optuna tuning xgb metodo k-center IPC 10 seed 7


/data/home/rtabares/anaconda3/envs/pyth3.12/lib/python3.12/site-packages/xgboost/core.py:377: FutureWarning: Your system has an old version of glibc (< 2.28). We will stop supporting Linux distros with glibc older than 2.28 after **May 31, 2025**. Please upgrade to a recent Linux distro (with glibc >= 2.28) to use future versions of XGBoost.
Note: You have installed the 'manylinux2014' variant of XGBoost. Certain features such as GPU algorithms or federated learning are not available. To use these features, please upgrade to a recent Linux distro with glibc 2.28+, and install the 'manylinux_2_28' variant.
  warnings.warn(
/data/home/rtabares/anaconda3/envs/pyth3.12/lib/python3.12/site-packages/xgboost/core.py:377: FutureWarning: Your system has an old version of glibc (< 2.28). We will stop supporting Linux distros with glibc older than 2.28 after **May 31, 2025**. Please upgrade to a recent Linux distro (with glibc >= 2.28) to use future versions of XGBoost.
Note: You have installed the 'manylinux2014' variant of XGBoost. Certain features such as GPU algorithms or federated learning are not available. To use these features, please upgrade to a recent Linux distro with glibc 2.28+, and install the 'manylinux_2_28' variant.
  warnings.warn(
/data/home/rtabares/anaconda3/envs/pyth3.12/lib/python3.12/site-packages/xgboost/core.py:377: FutureWarning: Your system has an old version of glibc (< 2.28). We will stop supporting Linux distros with glibc older than 2.28 after **May 31, 2025**. Please upgrade to a recent Linux distro (with glibc >= 2.28) to use future versions of XGBoost.
Note: You have installed the 'manylinux2014' variant of XGBoost. Certain features such as GPU algorithms or federated learning are not available. To use these features, please upgrade to a recent Linux distro with glibc 2.28+, and install the 'manylinux_2_28' variant.
  warnings.warn(
[I 2025-05-26 03:42:09,889] Trial 0 finished with value: 0.65 and parameters: {'n_estimators': 40, 'max_depth': 20, 'gamma': 0.5510084172939441, 'subsample': 0.5360255666798808, 'colsample_bytree': 0.6342194900509356}. Best is trial 0 with value: 0.65.
/data/home/rtabares/anaconda3/envs/pyth3.12/lib/python3.12/site-packages/xgboost/core.py:377: FutureWarning: Your system has an old version of glibc (< 2.28). We will stop supporting Linux distros with glibc older than 2.28 after **May 31, 2025**. Please upgrade to a recent Linux distro (with glibc >= 2.28) to use future versions of XGBoost.
Note: You have installed the 'manylinux2014' variant of XGBoost. Certain features such as GPU algorithms or federated learning are not available. To use these features, please upgrade to a recent Linux distro with glibc 2.28+, and install the 'manylinux_2_28' variant.
  warnings.warn(
/data/home/rtabares/anaconda3/envs/pyth3.12/lib/python3.12/site-packages/xgboost/core.py:377: FutureWarning: Your system has an old version of glibc (< 2.28). We will stop supporting Linux distros with glibc older than 2.28 after **May 31, 2025**. Please upgrade to a recent Linux distro (with glibc >= 2.28) to use future versions of XGBoost.
Note: You have installed the 'manylinux2014' variant of XGBoost. Certain features such as GPU algorithms or federated learning are not available. To use these features, please upgrade to a recent Linux distro with glibc 2.28+, and install the 'manylinux_2_28' variant.
  warnings.warn(
/data/home/rtabares/anaconda3/envs/pyth3.12/lib/python3.12/site-packages/xgboost/core.py:377: FutureWarning: Your system has an old version of glibc (< 2.28). We will stop supporting Linux distros with glibc older than 2.28 after **May 31, 2025**. Please upgrade to a recent Linux distro (with glibc >= 2.28) to use future versions of XGBoost.
Note: You have installed the 'manylinux2014' variant of XGBoost. Certain features such as GPU algorithms or federated learning are not available. To use these features, please upgrade to a recent Linux distro with glibc 2.28+, and install the 'manylinux_2_28' variant.
  warnings.warn(
/data/home/rtabares/anaconda3/envs/pyth3.12/lib/python3.12/site-packages/xgboost/core.py:377: FutureWarning: Your system has an old version of glibc (< 2.28). We will stop supporting Linux distros with glibc older than 2.28 after **May 31, 2025**. Please upgrade to a recent Linux distro (with glibc >= 2.28) to use future versions of XGBoost.
Note: You have installed the 'manylinux2014' variant of XGBoost. Certain features such as GPU algorithms or federated learning are not available. To use these features, please upgrade to a recent Linux distro with glibc 2.28+, and install the 'manylinux_2_28' variant.
  warnings.warn(
