[I 2025-05-26 03:36:51,772] Trial 5 finished with value: 0.5 and parameters: {'n_estimators': 40, 'max_depth': 20, 'gamma': 0.3554734452019276, 'subsample': 0.5947710951851903, 'colsample_bytree': 0.7356254823676576}. Best is trial 5 with value: 0.5.
/data/home/rtabares/anaconda3/envs/pyth3.12/lib/python3.12/site-packages/xgboost/core.py:377: FutureWarning: Your system has an old version of glibc (< 2.28). We will stop supporting Linux distros with glibc older than 2.28 after **May 31, 2025**. Please upgrade to a recent Linux distro (with glibc >= 2.28) to use future versions of XGBoost.
Note: You have installed the 'manylinux2014' variant of XGBoost. Certain features such as GPU algorithms or federated learning are not available. To use these features, please upgrade to a recent Linux distro with glibc 2.28+, and install the 'manylinux_2_28' variant.
  warnings.warn(
/data/home/rtabares/anaconda3/envs/pyth3.12/lib/python3.12/site-packages/xgboost/core.py:377: FutureWarning: Your system has an old version of glibc (< 2.28). We will stop supporting Linux distros with glibc older than 2.28 after **May 31, 2025**. Please upgrade to a recent Linux distro (with glibc >= 2.28) to use future versions of XGBoost.
Note: You have installed the 'manylinux2014' variant of XGBoost. Certain features such as GPU algorithms or federated learning are not available. To use these features, please upgrade to a recent Linux distro with glibc 2.28+, and install the 'manylinux_2_28' variant.
  warnings.warn(
/data/home/rtabares/anaconda3/envs/pyth3.12/lib/python3.12/site-packages/xgboost/core.py:377: FutureWarning: Your system has an old version of glibc (< 2.28). We will stop supporting Linux distros with glibc older than 2.28 after **May 31, 2025**. Please upgrade to a recent Linux distro (with glibc >= 2.28) to use future versions of XGBoost.
Note: You have installed the 'manylinux2014' variant of XGBoost. Certain features such as GPU algorithms or federated learning are not available. To use these features, please upgrade to a recent Linux distro with glibc 2.28+, and install the 'manylinux_2_28' variant.
  warnings.warn(
[I 2025-05-26 03:36:51,836] Trial 6 finished with value: 0.4 and parameters: {'n_estimators': 40, 'max_depth': 20, 'gamma': 0.8967376717636345, 'subsample': 0.988276510203839, 'colsample_bytree': 0.9184542964535913}. Best is trial 5 with value: 0.5.
/data/home/rtabares/anaconda3/envs/pyth3.12/lib/python3.12/site-packages/xgboost/core.py:377: FutureWarning: Your system has an old version of glibc (< 2.28). We will stop supporting Linux distros with glibc older than 2.28 after **May 31, 2025**. Please upgrade to a recent Linux distro (with glibc >= 2.28) to use future versions of XGBoost.
Note: You have installed the 'manylinux2014' variant of XGBoost. Certain features such as GPU algorithms or federated learning are not available. To use these features, please upgrade to a recent Linux distro with glibc 2.28+, and install the 'manylinux_2_28' variant.
  warnings.warn(
[I 2025-05-26 03:36:51,891] Trial 7 finished with value: 0.5 and parameters: {'n_estimators': 40, 'max_depth': 30, 'gamma': 0.7149068474388774, 'subsample': 0.5696358027454862, 'colsample_bytree': 0.8514125286992056}. Best is trial 5 with value: 0.5.
/data/home/rtabares/anaconda3/envs/pyth3.12/lib/python3.12/site-packages/xgboost/core.py:377: FutureWarning: Your system has an old version of glibc (< 2.28). We will stop supporting Linux distros with glibc older than 2.28 after **May 31, 2025**. Please upgrade to a recent Linux distro (with glibc >= 2.28) to use future versions of XGBoost.
Note: You have installed the 'manylinux2014' variant of XGBoost. Certain features such as GPU algorithms or federated learning are not available. To use these features, please upgrade to a recent Linux distro with glibc 2.28+, and install the 'manylinux_2_28' variant.
  warnings.warn(
[I 2025-05-26 03:36:51,945] Trial 8 finished with value: 0.4 and parameters: {'n_estimators': 100, 'max_depth': 30, 'gamma': 0.2471398756881566, 'subsample': 0.8241126205332553, 'colsample_bytree': 0.6258070715852391}. Best is trial 5 with value: 0.5.
/data/home/rtabares/anaconda3/envs/pyth3.12/lib/python3.12/site-packages/xgboost/core.py:377: FutureWarning: Your system has an old version of glibc (< 2.28). We will stop supporting Linux distros with glibc older than 2.28 after **May 31, 2025**. Please upgrade to a recent Linux distro (with glibc >= 2.28) to use future versions of XGBoost.
Note: You have installed the 'manylinux2014' variant of XGBoost. Certain features such as GPU algorithms or federated learning are not available. To use these features, please upgrade to a recent Linux distro with glibc 2.28+, and install the 'manylinux_2_28' variant.
  warnings.warn(
/data/home/rtabares/anaconda3/envs/pyth3.12/lib/python3.12/site-packages/xgboost/core.py:377: FutureWarning: Your system has an old version of glibc (< 2.28). We will stop supporting Linux distros with glibc older than 2.28 after **May 31, 2025**. Please upgrade to a recent Linux distro (with glibc >= 2.28) to use future versions of XGBoost.
Note: You have installed the 'manylinux2014' variant of XGBoost. Certain features such as GPU algorithms or federated learning are not available. To use these features, please upgrade to a recent Linux distro with glibc 2.28+, and install the 'manylinux_2_28' variant.
  warnings.warn(
[I 2025-05-26 03:36:51,980] Trial 9 finished with value: 0.4 and parameters: {'n_estimators': 40, 'max_depth': 30, 'gamma': 0.8599846034069103, 'subsample': 0.8019332783535529, 'colsample_bytree': 0.7936068454878676}. Best is trial 5 with value: 0.5.
/data/home/rtabares/anaconda3/envs/pyth3.12/lib/python3.12/site-packages/xgboost/core.py:377: FutureWarning: Your system has an old version of glibc (< 2.28). We will stop supporting Linux distros with glibc older than 2.28 after **May 31, 2025**. Please upgrade to a recent Linux distro (with glibc >= 2.28) to use future versions of XGBoost.
Note: You have installed the 'manylinux2014' variant of XGBoost. Certain features such as GPU algorithms or federated learning are not available. To use these features, please upgrade to a recent Linux distro with glibc 2.28+, and install the 'manylinux_2_28' variant.
  warnings.warn(
/data/home/rtabares/anaconda3/envs/pyth3.12/lib/python3.12/site-packages/xgboost/core.py:377: FutureWarning: Your system has an old version of glibc (< 2.28). We will stop supporting Linux distros with glibc older than 2.28 after **May 31, 2025**. Please upgrade to a recent Linux distro (with glibc >= 2.28) to use future versions of XGBoost.
Note: You have installed the 'manylinux2014' variant of XGBoost. Certain features such as GPU algorithms or federated learning are not available. To use these features, please upgrade to a recent Linux distro with glibc 2.28+, and install the 'manylinux_2_28' variant.
  warnings.warn(
[I 2025-05-26 03:36:52,031] Trial 10 finished with value: 0.5 and parameters: {'n_estimators': 40, 'max_depth': 5, 'gamma': 0.11132541504315885, 'subsample': 0.5064520294339674, 'colsample_bytree': 0.5354388651065751}. Best is trial 5 with value: 0.5.
/data/home/rtabares/anaconda3/envs/pyth3.12/lib/python3.12/site-packages/xgboost/core.py:377: FutureWarning: Your system has an old version of glibc (< 2.28). We will stop supporting Linux distros with glibc older than 2.28 after **May 31, 2025**. Please upgrade to a recent Linux distro (with glibc >= 2.28) to use future versions of XGBoost.
Note: You have installed the 'manylinux2014' variant of XGBoost. Certain features such as GPU algorithms or federated learning are not available. To use these features, please upgrade to a recent Linux distro with glibc 2.28+, and install the 'manylinux_2_28' variant.
  warnings.warn(
/data/home/rtabares/anaconda3/envs/pyth3.12/lib/python3.12/site-packages/xgboost/core.py:377: FutureWarning: Your system has an old version of glibc (< 2.28). We will stop supporting Linux distros with glibc older than 2.28 after **May 31, 2025**. Please upgrade to a recent Linux distro (with glibc >= 2.28) to use future versions of XGBoost.
Note: You have installed the 'manylinux2014' variant of XGBoost. Certain features such as GPU algorithms or federated learning are not available. To use these features, please upgrade to a recent Linux distro with glibc 2.28+, and install the 'manylinux_2_28' variant.
  warnings.warn(
[I 2025-05-26 03:36:52,754] Trial 11 finished with value: 0.5 and parameters: {'n_estimators': 40, 'max_depth': 5, 'gamma': 0.39716937953430387, 'subsample': 0.5610250122876365, 'colsample_bytree': 0.8186420808536319}. Best is trial 5 with value: 0.5.
/data/home/rtabares/anaconda3/envs/pyth3.12/lib/python3.12/site-packages/xgboost/core.py:377: FutureWarning: Your system has an old version of glibc (< 2.28). We will stop supporting Linux distros with glibc older than 2.28 after **May 31, 2025**. Please upgrade to a recent Linux distro (with glibc >= 2.28) to use future versions of XGBoost.
Note: You have installed the 'manylinux2014' variant of XGBoost. Certain features such as GPU algorithms or federated learning are not available. To use these features, please upgrade to a recent Linux distro with glibc 2.28+, and install the 'manylinux_2_28' variant.
  warnings.warn(
[I 2025-05-26 03:36:53,496] Trial 12 finished with value: 0.4 and parameters: {'n_estimators': 40, 'max_depth': 30, 'gamma': 0.3273879186161104, 'subsample': 0.6388721583525279, 'colsample_bytree': 0.9715083346653923}. Best is trial 5 with value: 0.5.
[I 2025-05-26 03:36:53,535] Trial 13 finished with value: 0.5 and parameters: {'n_estimators': 40, 'max_depth': 20, 'gamma': 0.5710008476775268, 'subsample': 0.6180240592230783, 'colsample_bytree': 0.8779788348809624}. Best is trial 5 with value: 0.5.
[I 2025-05-26 03:36:53,577] Trial 14 finished with value: 0.4 and parameters: {'n_estimators': 40, 'max_depth': 5, 'gamma': 0.672662773887079, 'subsample': 0.6807204353173719, 'colsample_bytree': 0.7748267273960154}. Best is trial 5 with value: 0.5.
[I 2025-05-26 03:36:53,626] Trial 15 finished with value: 0.5 and parameters: {'n_estimators': 40, 'max_depth': 20, 'gamma': 0.22941577602486413, 'subsample': 0.5015469412061474, 'colsample_bytree': 0.9965078661499674}. Best is trial 5 with value: 0.5.
[I 2025-05-26 03:36:53,675] Trial 16 finished with value: 0.5 and parameters: {'n_estimators': 100, 'max_depth': 30, 'gamma': 0.4494135183927349, 'subsample': 0.5883328688391133, 'colsample_bytree': 0.6500430701644584}. Best is trial 5 with value: 0.5.
/data/home/rtabares/anaconda3/envs/pyth3.12/lib/python3.12/site-packages/xgboost/core.py:377: FutureWarning: Your system has an old version of glibc (< 2.28). We will stop supporting Linux distros with glibc older than 2.28 after **May 31, 2025**. Please upgrade to a recent Linux distro (with glibc >= 2.28) to use future versions of XGBoost.
Note: You have installed the 'manylinux2014' variant of XGBoost. Certain features such as GPU algorithms or federated learning are not available. To use these features, please upgrade to a recent Linux distro with glibc 2.28+, and install the 'manylinux_2_28' variant.
  warnings.warn(
[I 2025-05-26 03:36:54,378] Trial 17 finished with value: 0.5 and parameters: {'n_estimators': 40, 'max_depth': 30, 'gamma': 0.7915233554068982, 'subsample': 0.5605558120123557, 'colsample_bytree': 0.919367090642771}. Best is trial 5 with value: 0.5.
/data/home/rtabares/anaconda3/envs/pyth3.12/lib/python3.12/site-packages/xgboost/core.py:377: FutureWarning: Your system has an old version of glibc (< 2.28). We will stop supporting Linux distros with glibc older than 2.28 after **May 31, 2025**. Please upgrade to a recent Linux distro (with glibc >= 2.28) to use future versions of XGBoost.
Note: You have installed the 'manylinux2014' variant of XGBoost. Certain features such as GPU algorithms or federated learning are not available. To use these features, please upgrade to a recent Linux distro with glibc 2.28+, and install the 'manylinux_2_28' variant.
  warnings.warn(
[I 2025-05-26 03:36:55,056] Trial 18 finished with value: 0.4 and parameters: {'n_estimators': 40, 'max_depth': 20, 'gamma': 0.6039230831091074, 'subsample': 0.6980195246530276, 'colsample_bytree': 0.8363987300935602}. Best is trial 5 with value: 0.5.
[I 2025-05-26 03:36:55,131] Trial 19 finished with value: 0.4 and parameters: {'n_estimators': 100, 'max_depth': 5, 'gamma': 0.49757446253912585, 'subsample': 0.6487096816342585, 'colsample_bytree': 0.5977022858983649}. Best is trial 5 with value: 0.5.
/data/home/rtabares/anaconda3/envs/pyth3.12/lib/python3.12/site-packages/xgboost/core.py:377: FutureWarning: Your system has an old version of glibc (< 2.28). We will stop supporting Linux distros with glibc older than 2.28 after **May 31, 2025**. Please upgrade to a recent Linux distro (with glibc >= 2.28) to use future versions of XGBoost.
Note: You have installed the 'manylinux2014' variant of XGBoost. Certain features such as GPU algorithms or federated learning are not available. To use these features, please upgrade to a recent Linux distro with glibc 2.28+, and install the 'manylinux_2_28' variant.
  warnings.warn(
[I 2025-05-26 03:36:59,493] A new study created in memory with name: rf
Parámetros guardados en checkpoint_shoppers_Dlatent_F/craig/IPC_10/best_models_craig_seed_6_space_original/xgb_best_params.json


>>> Optuna tuning rf metodo craig IPC 10 seed 6


[I 2025-05-26 03:37:00,245] Trial 0 finished with value: 0.5 and parameters: {'n_estimators': 458, 'max_depth': 8, 'min_samples_split': 9, 'min_samples_leaf': 1}. Best is trial 0 with value: 0.5.
[I 2025-05-26 03:37:00,444] Trial 1 finished with value: 0.5 and parameters: {'n_estimators': 143, 'max_depth': 13, 'min_samples_split': 6, 'min_samples_leaf': 5}. Best is trial 0 with value: 0.5.
[I 2025-05-26 03:37:00,754] Trial 2 finished with value: 0.5 and parameters: {'n_estimators': 234, 'max_depth': 14, 'min_samples_split': 5, 'min_samples_leaf': 8}. Best is trial 0 with value: 0.5.
[I 2025-05-26 03:37:01,135] Trial 3 finished with value: 0.5 and parameters: {'n_estimators': 307, 'max_depth': 13, 'min_samples_split': 7, 'min_samples_leaf': 10}. Best is trial 0 with value: 0.5.
[I 2025-05-26 03:37:01,656] Trial 4 finished with value: 0.5 and parameters: {'n_estimators': 428, 'max_depth': 10, 'min_samples_split': 9, 'min_samples_leaf': 9}. Best is trial 0 with value: 0.5.
[I 2025-05-26 03:37:01,854] Trial 5 finished with value: 0.5 and parameters: {'n_estimators': 121, 'max_depth': 15, 'min_samples_split': 9, 'min_samples_leaf': 8}. Best is trial 0 with value: 0.5.
[I 2025-05-26 03:37:02,313] Trial 6 finished with value: 0.5 and parameters: {'n_estimators': 384, 'max_depth': 12, 'min_samples_split': 3, 'min_samples_leaf': 10}. Best is trial 0 with value: 0.5.
[I 2025-05-26 03:37:02,591] Trial 7 finished with value: 0.5 and parameters: {'n_estimators': 261, 'max_depth': 6, 'min_samples_split': 8, 'min_samples_leaf': 10}. Best is trial 0 with value: 0.5.
[I 2025-05-26 03:37:02,861] Trial 8 finished with value: 0.5 and parameters: {'n_estimators': 202, 'max_depth': 15, 'min_samples_split': 7, 'min_samples_leaf': 8}. Best is trial 0 with value: 0.5.
[I 2025-05-26 03:37:03,407] Trial 9 finished with value: 0.5 and parameters: {'n_estimators': 475, 'max_depth': 9, 'min_samples_split': 4, 'min_samples_leaf': 5}. Best is trial 0 with value: 0.5.
[I 2025-05-26 03:37:03,844] Trial 10 finished with value: 0.5 and parameters: {'n_estimators': 352, 'max_depth': 20, 'min_samples_split': 10, 'min_samples_leaf': 1}. Best is trial 0 with value: 0.5.
[I 2025-05-26 03:37:04,064] Trial 11 finished with value: 0.6 and parameters: {'n_estimators': 110, 'max_depth': 4, 'min_samples_split': 6, 'min_samples_leaf': 1}. Best is trial 11 with value: 0.6.
[I 2025-05-26 03:37:05,319] Trial 12 finished with value: 0.6 and parameters: {'n_estimators': 489, 'max_depth': 3, 'min_samples_split': 2, 'min_samples_leaf': 1}. Best is trial 11 with value: 0.6.
[I 2025-05-26 03:37:05,725] Trial 13 finished with value: 0.6 and parameters: {'n_estimators': 327, 'max_depth': 3, 'min_samples_split': 2, 'min_samples_leaf': 3}. Best is trial 11 with value: 0.6.
[I 2025-05-26 03:37:05,980] Trial 14 finished with value: 0.5 and parameters: {'n_estimators': 192, 'max_depth': 3, 'min_samples_split': 2, 'min_samples_leaf': 3}. Best is trial 11 with value: 0.6.
[I 2025-05-26 03:37:06,436] Trial 15 finished with value: 0.6 and parameters: {'n_estimators': 405, 'max_depth': 6, 'min_samples_split': 4, 'min_samples_leaf': 3}. Best is trial 11 with value: 0.6.
[I 2025-05-26 03:37:06,621] Trial 16 finished with value: 0.6 and parameters: {'n_estimators': 101, 'max_depth': 5, 'min_samples_split': 5, 'min_samples_leaf': 2}. Best is trial 11 with value: 0.6.
[I 2025-05-26 03:37:07,237] Trial 17 finished with value: 0.5 and parameters: {'n_estimators': 497, 'max_depth': 5, 'min_samples_split': 3, 'min_samples_leaf': 6}. Best is trial 11 with value: 0.6.
[I 2025-05-26 03:37:07,569] Trial 18 finished with value: 0.6 and parameters: {'n_estimators': 261, 'max_depth': 3, 'min_samples_split': 6, 'min_samples_leaf': 2}. Best is trial 11 with value: 0.6.
[I 2025-05-26 03:37:07,825] Trial 19 finished with value: 0.5 and parameters: {'n_estimators': 161, 'max_depth': 18, 'min_samples_split': 4, 'min_samples_leaf': 6}. Best is trial 11 with value: 0.6.
[I 2025-05-26 03:37:13,114] A new study created in memory with name: svc
Parámetros guardados en checkpoint_shoppers_Dlatent_F/craig/IPC_10/best_models_craig_seed_6_space_original/rf_best_params.json


>>> Optuna tuning svc metodo craig IPC 10 seed 6


[I 2025-05-26 03:37:16,574] Trial 0 finished with value: 0.6 and parameters: {'C': 37.27697013499731, 'gamma': 0.0021277432488243223}. Best is trial 0 with value: 0.6.
[I 2025-05-26 03:37:16,845] Trial 1 finished with value: 0.5 and parameters: {'C': 19.271543171162776, 'gamma': 0.00014682043379470554}. Best is trial 0 with value: 0.6.
[I 2025-05-26 03:37:16,861] Trial 2 finished with value: 0.8 and parameters: {'C': 0.0269542169583157, 'gamma': 0.023999835049635022}. Best is trial 2 with value: 0.8.
[I 2025-05-26 03:37:16,874] Trial 3 finished with value: 0.6 and parameters: {'C': 1.3160410886450586, 'gamma': 0.0047340159215720195}. Best is trial 2 with value: 0.8.
[I 2025-05-26 03:37:16,897] Trial 4 finished with value: 0.9 and parameters: {'C': 0.21959952535674737, 'gamma': 0.030908485742507576}. Best is trial 4 with value: 0.9.
[I 2025-05-26 03:37:16,920] Trial 5 finished with value: 0.9 and parameters: {'C': 0.5656733313644114, 'gamma': 0.08780685564625502}. Best is trial 4 with value: 0.9.
[I 2025-05-26 03:37:16,943] Trial 6 finished with value: 0.8 and parameters: {'C': 1.1807165425157664, 'gamma': 0.020674470756231633}. Best is trial 4 with value: 0.9.
[I 2025-05-26 03:37:16,956] Trial 7 finished with value: 0.7 and parameters: {'C': 3.8143486186647126, 'gamma': 0.9138966502602072}. Best is trial 4 with value: 0.9.
[I 2025-05-26 03:37:16,969] Trial 8 finished with value: 0.8 and parameters: {'C': 19.029737066374768, 'gamma': 0.004495766421289856}. Best is trial 4 with value: 0.9.
[I 2025-05-26 03:37:16,992] Trial 9 finished with value: 0.9 and parameters: {'C': 31.994153257994277, 'gamma': 0.19725941020937518}. Best is trial 4 with value: 0.9.
[I 2025-05-26 03:37:17,027] Trial 10 finished with value: 0.4 and parameters: {'C': 0.03364484755032396, 'gamma': 0.0004167172324802366}. Best is trial 4 with value: 0.9.
[I 2025-05-26 03:37:17,046] Trial 11 finished with value: 0.9 and parameters: {'C': 0.17115368615984916, 'gamma': 0.08906649737796249}. Best is trial 4 with value: 0.9.
[I 2025-05-26 03:37:18,455] Trial 12 finished with value: 0.9 and parameters: {'C': 0.1774948288245935, 'gamma': 0.09433744179251903}. Best is trial 4 with value: 0.9.
[I 2025-05-26 03:37:18,484] Trial 13 finished with value: 0.7 and parameters: {'C': 0.22112628475493668, 'gamma': 0.4822989699720892}. Best is trial 4 with value: 0.9.
[I 2025-05-26 03:37:18,510] Trial 14 finished with value: 0.9 and parameters: {'C': 0.4307825551714666, 'gamma': 0.03097082885392509}. Best is trial 4 with value: 0.9.
[I 2025-05-26 03:37:18,540] Trial 15 finished with value: 0.9 and parameters: {'C': 0.010704170677380623, 'gamma': 0.07129778796055382}. Best is trial 4 with value: 0.9.
[I 2025-05-26 03:37:18,564] Trial 16 finished with value: 0.9 and parameters: {'C': 3.2002685643795457, 'gamma': 0.24425889893754135}. Best is trial 4 with value: 0.9.
[I 2025-05-26 03:37:18,584] Trial 17 finished with value: 0.7 and parameters: {'C': 0.05437667228829987, 'gamma': 0.009780409169549158}. Best is trial 4 with value: 0.9.
[I 2025-05-26 03:37:18,603] Trial 18 finished with value: 0.5 and parameters: {'C': 4.634860096479435, 'gamma': 0.0011621848796939036}. Best is trial 4 with value: 0.9.
[I 2025-05-26 03:37:18,641] Trial 19 finished with value: 0.9 and parameters: {'C': 0.44082800496416064, 'gamma': 0.046540570289592235}. Best is trial 4 with value: 0.9.
[I 2025-05-26 03:37:25,153] A new study created in memory with name: logreg
Parámetros guardados en checkpoint_shoppers_Dlatent_F/craig/IPC_10/best_models_craig_seed_6_space_original/svc_best_params.json


>>> Optuna tuning logreg metodo craig IPC 10 seed 6


[I 2025-05-26 03:37:26,834] Trial 0 finished with value: 0.5 and parameters: {'C': 29.127335430981816, 'penalty': 'l2'}. Best is trial 0 with value: 0.5.
[I 2025-05-26 03:37:26,942] Trial 1 finished with value: 0.5 and parameters: {'C': 0.045698192893558344, 'penalty': 'l2'}. Best is trial 0 with value: 0.5.
[I 2025-05-26 03:37:26,967] Trial 2 finished with value: 0.5 and parameters: {'C': 12.768668597712947, 'penalty': 'l2'}. Best is trial 0 with value: 0.5.
[I 2025-05-26 03:37:26,991] Trial 3 finished with value: 0.4 and parameters: {'C': 0.0016161554408462638, 'penalty': 'l2'}. Best is trial 0 with value: 0.5.
