[I 2025-05-26 03:40:11,995] Trial 0 finished with value: 0.5 and parameters: {'n_estimators': 130, 'max_depth': 17, 'min_samples_split': 5, 'min_samples_leaf': 8}. Best is trial 0 with value: 0.5.
Parámetros guardados en checkpoint_shoppers_Dlatent_F/k-means/IPC_10/best_models_k-means_seed_7_space_original/xgb_best_params.json


>>> Optuna tuning rf metodo k-means IPC 10 seed 7


[I 2025-05-26 03:40:12,754] Trial 1 finished with value: 0.85 and parameters: {'n_estimators': 492, 'max_depth': 12, 'min_samples_split': 6, 'min_samples_leaf': 1}. Best is trial 1 with value: 0.85.
[I 2025-05-26 03:40:13,034] Trial 2 finished with value: 0.5 and parameters: {'n_estimators': 207, 'max_depth': 11, 'min_samples_split': 8, 'min_samples_leaf': 9}. Best is trial 1 with value: 0.85.
[I 2025-05-26 03:40:13,423] Trial 3 finished with value: 0.5 and parameters: {'n_estimators': 252, 'max_depth': 4, 'min_samples_split': 4, 'min_samples_leaf': 10}. Best is trial 1 with value: 0.85.
[I 2025-05-26 03:40:13,722] Trial 4 finished with value: 0.8 and parameters: {'n_estimators': 185, 'max_depth': 11, 'min_samples_split': 10, 'min_samples_leaf': 1}. Best is trial 1 with value: 0.85.
[I 2025-05-26 03:40:14,169] Trial 5 finished with value: 0.8 and parameters: {'n_estimators': 340, 'max_depth': 20, 'min_samples_split': 4, 'min_samples_leaf': 6}. Best is trial 1 with value: 0.85.
[I 2025-05-26 03:40:14,742] Trial 6 finished with value: 0.5 and parameters: {'n_estimators': 464, 'max_depth': 5, 'min_samples_split': 6, 'min_samples_leaf': 8}. Best is trial 1 with value: 0.85.
[I 2025-05-26 03:40:15,201] Trial 7 finished with value: 0.75 and parameters: {'n_estimators': 368, 'max_depth': 11, 'min_samples_split': 3, 'min_samples_leaf': 5}. Best is trial 1 with value: 0.85.
[I 2025-05-26 03:40:15,491] Trial 8 finished with value: 0.5 and parameters: {'n_estimators': 249, 'max_depth': 11, 'min_samples_split': 5, 'min_samples_leaf': 9}. Best is trial 1 with value: 0.85.
[I 2025-05-26 03:40:15,993] Trial 9 finished with value: 0.85 and parameters: {'n_estimators': 408, 'max_depth': 8, 'min_samples_split': 7, 'min_samples_leaf': 3}. Best is trial 1 with value: 0.85.
[I 2025-05-26 03:40:16,590] Trial 10 finished with value: 0.8 and parameters: {'n_estimators': 479, 'max_depth': 15, 'min_samples_split': 2, 'min_samples_leaf': 1}. Best is trial 1 with value: 0.85.
[I 2025-05-26 03:40:17,077] Trial 11 finished with value: 0.8 and parameters: {'n_estimators': 411, 'max_depth': 7, 'min_samples_split': 7, 'min_samples_leaf': 3}. Best is trial 1 with value: 0.85.
[I 2025-05-26 03:40:17,658] Trial 12 finished with value: 0.85 and parameters: {'n_estimators': 498, 'max_depth': 8, 'min_samples_split': 8, 'min_samples_leaf': 3}. Best is trial 1 with value: 0.85.
[I 2025-05-26 03:40:18,841] Trial 13 finished with value: 0.8 and parameters: {'n_estimators': 431, 'max_depth': 14, 'min_samples_split': 10, 'min_samples_leaf': 3}. Best is trial 1 with value: 0.85.
[I 2025-05-26 03:40:19,356] Trial 14 finished with value: 0.9 and parameters: {'n_estimators': 386, 'max_depth': 7, 'min_samples_split': 7, 'min_samples_leaf': 2}. Best is trial 14 with value: 0.9.
[I 2025-05-26 03:40:19,751] Trial 15 finished with value: 0.85 and parameters: {'n_estimators': 322, 'max_depth': 14, 'min_samples_split': 8, 'min_samples_leaf': 1}. Best is trial 14 with value: 0.9.
[I 2025-05-26 03:40:20,192] Trial 16 finished with value: 0.8 and parameters: {'n_estimators': 374, 'max_depth': 6, 'min_samples_split': 6, 'min_samples_leaf': 5}. Best is trial 14 with value: 0.9.
[I 2025-05-26 03:40:20,699] Trial 17 finished with value: 0.85 and parameters: {'n_estimators': 431, 'max_depth': 3, 'min_samples_split': 9, 'min_samples_leaf': 2}. Best is trial 14 with value: 0.9.
[I 2025-05-26 03:40:21,106] Trial 18 finished with value: 0.75 and parameters: {'n_estimators': 286, 'max_depth': 9, 'min_samples_split': 7, 'min_samples_leaf': 4}. Best is trial 14 with value: 0.9.
[I 2025-05-26 03:40:21,656] Trial 19 finished with value: 0.85 and parameters: {'n_estimators': 455, 'max_depth': 9, 'min_samples_split': 5, 'min_samples_leaf': 2}. Best is trial 14 with value: 0.9.
[I 2025-05-26 03:40:25,408] A new study created in memory with name: svc
Parámetros guardados en checkpoint_shoppers_Dlatent_F/k-means/IPC_10/best_models_k-means_seed_7_space_original/rf_best_params.json


>>> Optuna tuning svc metodo k-means IPC 10 seed 7


[I 2025-05-26 03:40:28,805] Trial 0 finished with value: 0.5 and parameters: {'C': 0.020194502448102298, 'gamma': 0.13172711156111802}. Best is trial 0 with value: 0.5.
[I 2025-05-26 03:40:29,102] Trial 1 finished with value: 0.55 and parameters: {'C': 0.5670703311028815, 'gamma': 0.0783178418343345}. Best is trial 1 with value: 0.55.
[I 2025-05-26 03:40:29,121] Trial 2 finished with value: 0.8 and parameters: {'C': 81.65034948781698, 'gamma': 0.014255533717547383}. Best is trial 2 with value: 0.8.
[I 2025-05-26 03:40:29,146] Trial 3 finished with value: 0.65 and parameters: {'C': 1.0103732850016278, 'gamma': 0.00019418001640357854}. Best is trial 2 with value: 0.8.
[I 2025-05-26 03:40:29,161] Trial 4 finished with value: 0.6 and parameters: {'C': 0.11851025167261421, 'gamma': 0.00998918377985214}. Best is trial 2 with value: 0.8.
[I 2025-05-26 03:40:29,175] Trial 5 finished with value: 0.6 and parameters: {'C': 5.2109869371584665, 'gamma': 0.16404241128227343}. Best is trial 2 with value: 0.8.
[I 2025-05-26 03:40:29,188] Trial 6 finished with value: 0.65 and parameters: {'C': 0.3340138940215422, 'gamma': 0.00018354619576988685}. Best is trial 2 with value: 0.8.
[I 2025-05-26 03:40:29,203] Trial 7 finished with value: 0.4 and parameters: {'C': 0.1420961781588805, 'gamma': 0.434884682155233}. Best is trial 2 with value: 0.8.
[I 2025-05-26 03:40:29,218] Trial 8 finished with value: 0.6 and parameters: {'C': 0.07137422643361827, 'gamma': 0.006434219125545069}. Best is trial 2 with value: 0.8.
[I 2025-05-26 03:40:29,233] Trial 9 finished with value: 0.65 and parameters: {'C': 53.066944048916255, 'gamma': 0.00012577574840733457}. Best is trial 2 with value: 0.8.
[I 2025-05-26 03:40:29,256] Trial 10 finished with value: 0.7 and parameters: {'C': 60.67266858458046, 'gamma': 0.001366002544888146}. Best is trial 2 with value: 0.8.
[I 2025-05-26 03:40:29,908] Trial 11 finished with value: 0.8 and parameters: {'C': 87.21998046977028, 'gamma': 0.0015573062962550724}. Best is trial 2 with value: 0.8.
[I 2025-05-26 03:40:30,551] Trial 12 finished with value: 0.6 and parameters: {'C': 12.288339936751779, 'gamma': 0.0016229604641574793}. Best is trial 2 with value: 0.8.
[I 2025-05-26 03:40:30,576] Trial 13 finished with value: 0.7 and parameters: {'C': 11.757762049058291, 'gamma': 0.029237491574964438}. Best is trial 2 with value: 0.8.
[I 2025-05-26 03:40:31,231] Trial 14 finished with value: 0.8 and parameters: {'C': 97.55121460417558, 'gamma': 0.0013766948124040966}. Best is trial 2 with value: 0.8.
[I 2025-05-26 03:40:31,255] Trial 15 finished with value: 0.6 and parameters: {'C': 2.31623563297924, 'gamma': 0.0038631064212353633}. Best is trial 2 with value: 0.8.
[I 2025-05-26 03:40:31,280] Trial 16 finished with value: 0.75 and parameters: {'C': 28.31271098394182, 'gamma': 0.02876052777792657}. Best is trial 2 with value: 0.8.
[I 2025-05-26 03:40:31,301] Trial 17 finished with value: 0.6 and parameters: {'C': 18.63954714449423, 'gamma': 0.0005868134958690521}. Best is trial 2 with value: 0.8.
[I 2025-05-26 03:40:31,324] Trial 18 finished with value: 0.75 and parameters: {'C': 3.504328344706741, 'gamma': 0.03320384586751046}. Best is trial 2 with value: 0.8.
[I 2025-05-26 03:40:31,345] Trial 19 finished with value: 0.8 and parameters: {'C': 36.67770217954833, 'gamma': 0.0031811906699623924}. Best is trial 2 with value: 0.8.
[I 2025-05-26 03:40:33,342] A new study created in memory with name: logreg
[I 2025-05-26 03:40:36,450] Trial 0 finished with value: 0.65 and parameters: {'C': 0.002407362254570802, 'penalty': 'l2'}. Best is trial 0 with value: 0.65.
Parámetros guardados en checkpoint_shoppers_Dlatent_F/k-means/IPC_10/best_models_k-means_seed_7_space_original/svc_best_params.json


>>> Optuna tuning logreg metodo k-means IPC 10 seed 7


[I 2025-05-26 03:40:36,804] Trial 1 finished with value: 0.75 and parameters: {'C': 7.935859334260497, 'penalty': 'l2'}. Best is trial 1 with value: 0.75.
[I 2025-05-26 03:40:36,833] Trial 2 finished with value: 0.7 and parameters: {'C': 0.15561310098067915, 'penalty': 'l2'}. Best is trial 1 with value: 0.75.
[I 2025-05-26 03:40:37,517] Trial 3 finished with value: 0.75 and parameters: {'C': 4.143104515916128, 'penalty': 'l2'}. Best is trial 1 with value: 0.75.
[I 2025-05-26 03:40:37,543] Trial 4 finished with value: 0.8 and parameters: {'C': 77.61533923098803, 'penalty': 'l2'}. Best is trial 4 with value: 0.8.
[I 2025-05-26 03:40:37,568] Trial 5 finished with value: 0.85 and parameters: {'C': 0.49258292359934785, 'penalty': 'l2'}. Best is trial 5 with value: 0.85.
[I 2025-05-26 03:40:37,593] Trial 6 finished with value: 0.7 and parameters: {'C': 0.320333470047146, 'penalty': 'l2'}. Best is trial 5 with value: 0.85.
[I 2025-05-26 03:40:37,618] Trial 7 finished with value: 0.65 and parameters: {'C': 0.002292216671132896, 'penalty': 'l2'}. Best is trial 5 with value: 0.85.
[I 2025-05-26 03:40:37,633] Trial 8 finished with value: 0.65 and parameters: {'C': 0.0219884643872214, 'penalty': 'l2'}. Best is trial 5 with value: 0.85.
[I 2025-05-26 03:40:37,657] Trial 9 finished with value: 0.7 and parameters: {'C': 0.31580027519646636, 'penalty': 'l2'}. Best is trial 5 with value: 0.85.
[I 2025-05-26 03:40:37,688] Trial 10 finished with value: 0.75 and parameters: {'C': 3.634875337452507, 'penalty': 'l2'}. Best is trial 5 with value: 0.85.
[I 2025-05-26 03:40:37,719] Trial 11 finished with value: 0.8 and parameters: {'C': 47.207028224457765, 'penalty': 'l2'}. Best is trial 5 with value: 0.85.
[I 2025-05-26 03:40:37,750] Trial 12 finished with value: 0.8 and parameters: {'C': 67.65884087915127, 'penalty': 'l2'}. Best is trial 5 with value: 0.85.
[I 2025-05-26 03:40:38,427] Trial 13 finished with value: 0.65 and parameters: {'C': 0.04143668725301306, 'penalty': 'l2'}. Best is trial 5 with value: 0.85.
[I 2025-05-26 03:40:38,449] Trial 14 finished with value: 0.8 and parameters: {'C': 1.3284798527332573, 'penalty': 'l2'}. Best is trial 5 with value: 0.85.
[I 2025-05-26 03:40:39,132] Trial 15 finished with value: 0.75 and parameters: {'C': 17.404656892021965, 'penalty': 'l2'}. Best is trial 5 with value: 0.85.
[I 2025-05-26 03:40:39,824] Trial 16 finished with value: 0.8 and parameters: {'C': 1.1530305688834153, 'penalty': 'l2'}. Best is trial 5 with value: 0.85.
[I 2025-05-26 03:40:39,855] Trial 17 finished with value: 0.65 and parameters: {'C': 0.008595034246650396, 'penalty': 'l2'}. Best is trial 5 with value: 0.85.
[I 2025-05-26 03:40:39,886] Trial 18 finished with value: 0.8 and parameters: {'C': 29.227382457111535, 'penalty': 'l2'}. Best is trial 5 with value: 0.85.
[I 2025-05-26 03:40:39,904] Trial 19 finished with value: 0.7 and parameters: {'C': 0.07272377506401376, 'penalty': 'l2'}. Best is trial 5 with value: 0.85.
/data/home/rtabares/anaconda3/envs/pyth3.12/lib/python3.12/site-packages/xgboost/core.py:377: FutureWarning: Your system has an old version of glibc (< 2.28). We will stop supporting Linux distros with glibc older than 2.28 after **May 31, 2025**. Please upgrade to a recent Linux distro (with glibc >= 2.28) to use future versions of XGBoost.
Note: You have installed the 'manylinux2014' variant of XGBoost. Certain features such as GPU algorithms or federated learning are not available. To use these features, please upgrade to a recent Linux distro with glibc 2.28+, and install the 'manylinux_2_28' variant.
  warnings.warn(
[I 2025-05-26 03:40:43,613] A new study created in memory with name: mlp
Parámetros guardados en checkpoint_shoppers_Dlatent_F/k-means/IPC_10/best_models_k-means_seed_7_space_original/logreg_best_params.json


>>> Optuna tuning mlp metodo k-means IPC 10 seed 7


/data/home/rtabares/anaconda3/envs/pyth3.12/lib/python3.12/site-packages/sklearn/neural_network/_multilayer_perceptron.py:691: ConvergenceWarning: Stochastic Optimizer: Maximum iterations (100) reached and the optimization hasn't converged yet.
  warnings.warn(
/data/home/rtabares/anaconda3/envs/pyth3.12/lib/python3.12/site-packages/sklearn/neural_network/_multilayer_perceptron.py:691: ConvergenceWarning: Stochastic Optimizer: Maximum iterations (100) reached and the optimization hasn't converged yet.
  warnings.warn(
/data/home/rtabares/anaconda3/envs/pyth3.12/lib/python3.12/site-packages/sklearn/neural_network/_multilayer_perceptron.py:691: ConvergenceWarning: Stochastic Optimizer: Maximum iterations (100) reached and the optimization hasn't converged yet.
  warnings.warn(
[I 2025-05-26 03:40:45,119] Trial 0 finished with value: 0.6 and parameters: {'hidden_layer_sizes': (200,), 'max_iter': 100, 'alpha': 0.0001}. Best is trial 0 with value: 0.6.
/data/home/rtabares/anaconda3/envs/pyth3.12/lib/python3.12/site-packages/sklearn/neural_network/_multilayer_perceptron.py:691: ConvergenceWarning: Stochastic Optimizer: Maximum iterations (100) reached and the optimization hasn't converged yet.
  warnings.warn(
/data/home/rtabares/anaconda3/envs/pyth3.12/lib/python3.12/site-packages/sklearn/neural_network/_multilayer_perceptron.py:691: ConvergenceWarning: Stochastic Optimizer: Maximum iterations (100) reached and the optimization hasn't converged yet.
  warnings.warn(
/data/home/rtabares/anaconda3/envs/pyth3.12/lib/python3.12/site-packages/sklearn/neural_network/_multilayer_perceptron.py:691: ConvergenceWarning: Stochastic Optimizer: Maximum iterations (100) reached and the optimization hasn't converged yet.
  warnings.warn(
/data/home/rtabares/anaconda3/envs/pyth3.12/lib/python3.12/site-packages/sklearn/neural_network/_multilayer_perceptron.py:691: ConvergenceWarning: Stochastic Optimizer: Maximum iterations (100) reached and the optimization hasn't converged yet.
  warnings.warn(
/data/home/rtabares/anaconda3/envs/pyth3.12/lib/python3.12/site-packages/sklearn/neural_network/_multilayer_perceptron.py:691: ConvergenceWarning: Stochastic Optimizer: Maximum iterations (100) reached and the optimization hasn't converged yet.
  warnings.warn(
[I 2025-05-26 03:40:45,297] Trial 1 finished with value: 0.65 and parameters: {'hidden_layer_sizes': (100, 100), 'max_iter': 100, 'alpha': 0.0001}. Best is trial 1 with value: 0.65.
/data/home/rtabares/anaconda3/envs/pyth3.12/lib/python3.12/site-packages/sklearn/neural_network/_multilayer_perceptron.py:691: ConvergenceWarning: Stochastic Optimizer: Maximum iterations (100) reached and the optimization hasn't converged yet.
  warnings.warn(
/data/home/rtabares/anaconda3/envs/pyth3.12/lib/python3.12/site-packages/sklearn/neural_network/_multilayer_perceptron.py:691: ConvergenceWarning: Stochastic Optimizer: Maximum iterations (100) reached and the optimization hasn't converged yet.
  warnings.warn(
/data/home/rtabares/anaconda3/envs/pyth3.12/lib/python3.12/site-packages/sklearn/neural_network/_multilayer_perceptron.py:691: ConvergenceWarning: Stochastic Optimizer: Maximum iterations (100) reached and the optimization hasn't converged yet.
  warnings.warn(
/data/home/rtabares/anaconda3/envs/pyth3.12/lib/python3.12/site-packages/sklearn/neural_network/_multilayer_perceptron.py:691: ConvergenceWarning: Stochastic Optimizer: Maximum iterations (100) reached and the optimization hasn't converged yet.
  warnings.warn(
[I 2025-05-26 03:40:45,385] Trial 2 finished with value: 0.55 and parameters: {'hidden_layer_sizes': (200,), 'max_iter': 100, 'alpha': 0.001}. Best is trial 1 with value: 0.65.
/data/home/rtabares/anaconda3/envs/pyth3.12/lib/python3.12/site-packages/sklearn/neural_network/_multilayer_perceptron.py:691: ConvergenceWarning: Stochastic Optimizer: Maximum iterations (50) reached and the optimization hasn't converged yet.
  warnings.warn(
/data/home/rtabares/anaconda3/envs/pyth3.12/lib/python3.12/site-packages/sklearn/neural_network/_multilayer_perceptron.py:691: ConvergenceWarning: Stochastic Optimizer: Maximum iterations (50) reached and the optimization hasn't converged yet.
  warnings.warn(
/data/home/rtabares/anaconda3/envs/pyth3.12/lib/python3.12/site-packages/sklearn/neural_network/_multilayer_perceptron.py:691: ConvergenceWarning: Stochastic Optimizer: Maximum iterations (50) reached and the optimization hasn't converged yet.
  warnings.warn(
/data/home/rtabares/anaconda3/envs/pyth3.12/lib/python3.12/site-packages/sklearn/neural_network/_multilayer_perceptron.py:691: ConvergenceWarning: Stochastic Optimizer: Maximum iterations (50) reached and the optimization hasn't converged yet.
  warnings.warn(
[I 2025-05-26 03:40:45,437] Trial 3 finished with value: 0.65 and parameters: {'hidden_layer_sizes': (100,), 'max_iter': 50, 'alpha': 0.001}. Best is trial 1 with value: 0.65.
/data/home/rtabares/anaconda3/envs/pyth3.12/lib/python3.12/site-packages/sklearn/neural_network/_multilayer_perceptron.py:691: ConvergenceWarning: Stochastic Optimizer: Maximum iterations (50) reached and the optimization hasn't converged yet.
  warnings.warn(
/data/home/rtabares/anaconda3/envs/pyth3.12/lib/python3.12/site-packages/sklearn/neural_network/_multilayer_perceptron.py:691: ConvergenceWarning: Stochastic Optimizer: Maximum iterations (50) reached and the optimization hasn't converged yet.
  warnings.warn(
/data/home/rtabares/anaconda3/envs/pyth3.12/lib/python3.12/site-packages/sklearn/neural_network/_multilayer_perceptron.py:691: ConvergenceWarning: Stochastic Optimizer: Maximum iterations (50) reached and the optimization hasn't converged yet.
  warnings.warn(
/data/home/rtabares/anaconda3/envs/pyth3.12/lib/python3.12/site-packages/sklearn/neural_network/_multilayer_perceptron.py:691: ConvergenceWarning: Stochastic Optimizer: Maximum iterations (50) reached and the optimization hasn't converged yet.
  warnings.warn(
[I 2025-05-26 03:40:45,483] Trial 4 finished with value: 0.65 and parameters: {'hidden_layer_sizes': (100,), 'max_iter': 50, 'alpha': 0.0001}. Best is trial 1 with value: 0.65.
/data/home/rtabares/anaconda3/envs/pyth3.12/lib/python3.12/site-packages/sklearn/neural_network/_multilayer_perceptron.py:691: ConvergenceWarning: Stochastic Optimizer: Maximum iterations (50) reached and the optimization hasn't converged yet.
  warnings.warn(
/data/home/rtabares/anaconda3/envs/pyth3.12/lib/python3.12/site-packages/sklearn/neural_network/_multilayer_perceptron.py:691: ConvergenceWarning: Stochastic Optimizer: Maximum iterations (50) reached and the optimization hasn't converged yet.
  warnings.warn(
/data/home/rtabares/anaconda3/envs/pyth3.12/lib/python3.12/site-packages/sklearn/neural_network/_multilayer_perceptron.py:691: ConvergenceWarning: Stochastic Optimizer: Maximum iterations (50) reached and the optimization hasn't converged yet.
  warnings.warn(
/data/home/rtabares/anaconda3/envs/pyth3.12/lib/python3.12/site-packages/sklearn/neural_network/_multilayer_perceptron.py:691: ConvergenceWarning: Stochastic Optimizer: Maximum iterations (50) reached and the optimization hasn't converged yet.
  warnings.warn(
/data/home/rtabares/anaconda3/envs/pyth3.12/lib/python3.12/site-packages/sklearn/neural_network/_multilayer_perceptron.py:691: ConvergenceWarning: Stochastic Optimizer: Maximum iterations (50) reached and the optimization hasn't converged yet.
  warnings.warn(
[I 2025-05-26 03:40:45,519] Trial 5 finished with value: 0.6 and parameters: {'hidden_layer_sizes': (100,), 'max_iter': 50, 'alpha': 0.0001}. Best is trial 1 with value: 0.65.
/data/home/rtabares/anaconda3/envs/pyth3.12/lib/python3.12/site-packages/sklearn/neural_network/_multilayer_perceptron.py:691: ConvergenceWarning: Stochastic Optimizer: Maximum iterations (50) reached and the optimization hasn't converged yet.
  warnings.warn(
/data/home/rtabares/anaconda3/envs/pyth3.12/lib/python3.12/site-packages/sklearn/neural_network/_multilayer_perceptron.py:691: ConvergenceWarning: Stochastic Optimizer: Maximum iterations (50) reached and the optimization hasn't converged yet.
  warnings.warn(
/data/home/rtabares/anaconda3/envs/pyth3.12/lib/python3.12/site-packages/sklearn/neural_network/_multilayer_perceptron.py:691: ConvergenceWarning: Stochastic Optimizer: Maximum iterations (50) reached and the optimization hasn't converged yet.
  warnings.warn(
[I 2025-05-26 03:40:45,554] Trial 6 finished with value: 0.6 and parameters: {'hidden_layer_sizes': (100,), 'max_iter': 50, 'alpha': 0.0001}. Best is trial 1 with value: 0.65.
/data/home/rtabares/anaconda3/envs/pyth3.12/lib/python3.12/site-packages/sklearn/neural_network/_multilayer_perceptron.py:691: ConvergenceWarning: Stochastic Optimizer: Maximum iterations (50) reached and the optimization hasn't converged yet.
  warnings.warn(
/data/home/rtabares/anaconda3/envs/pyth3.12/lib/python3.12/site-packages/sklearn/neural_network/_multilayer_perceptron.py:691: ConvergenceWarning: Stochastic Optimizer: Maximum iterations (50) reached and the optimization hasn't converged yet.
  warnings.warn(
/data/home/rtabares/anaconda3/envs/pyth3.12/lib/python3.12/site-packages/sklearn/neural_network/_multilayer_perceptron.py:691: ConvergenceWarning: Stochastic Optimizer: Maximum iterations (50) reached and the optimization hasn't converged yet.
  warnings.warn(
/data/home/rtabares/anaconda3/envs/pyth3.12/lib/python3.12/site-packages/sklearn/neural_network/_multilayer_perceptron.py:691: ConvergenceWarning: Stochastic Optimizer: Maximum iterations (50) reached and the optimization hasn't converged yet.
  warnings.warn(
