[I 2025-05-26 03:18:00,444] Trial 13 finished with value: 0.9 and parameters: {'n_estimators': 40, 'max_depth': 5, 'gamma': 0.39436609392647465, 'subsample': 0.7815087681503187, 'colsample_bytree': 0.6909245311334314}. Best is trial 10 with value: 0.95.
/data/home/rtabares/anaconda3/envs/pyth3.12/lib/python3.12/site-packages/xgboost/core.py:377: FutureWarning: Your system has an old version of glibc (< 2.28). We will stop supporting Linux distros with glibc older than 2.28 after **May 31, 2025**. Please upgrade to a recent Linux distro (with glibc >= 2.28) to use future versions of XGBoost.
Note: You have installed the 'manylinux2014' variant of XGBoost. Certain features such as GPU algorithms or federated learning are not available. To use these features, please upgrade to a recent Linux distro with glibc 2.28+, and install the 'manylinux_2_28' variant.
  warnings.warn(
[I 2025-05-26 03:18:01,102] Trial 14 finished with value: 0.85 and parameters: {'n_estimators': 40, 'max_depth': 5, 'gamma': 0.5207480648169491, 'subsample': 0.6448589907155011, 'colsample_bytree': 0.8799196506926996}. Best is trial 10 with value: 0.95.
[I 2025-05-26 03:18:01,143] Trial 15 finished with value: 0.9 and parameters: {'n_estimators': 40, 'max_depth': 5, 'gamma': 0.7169419571973225, 'subsample': 0.7660120474669279, 'colsample_bytree': 0.6877103829957787}. Best is trial 10 with value: 0.95.
/data/home/rtabares/anaconda3/envs/pyth3.12/lib/python3.12/site-packages/xgboost/core.py:377: FutureWarning: Your system has an old version of glibc (< 2.28). We will stop supporting Linux distros with glibc older than 2.28 after **May 31, 2025**. Please upgrade to a recent Linux distro (with glibc >= 2.28) to use future versions of XGBoost.
Note: You have installed the 'manylinux2014' variant of XGBoost. Certain features such as GPU algorithms or federated learning are not available. To use these features, please upgrade to a recent Linux distro with glibc 2.28+, and install the 'manylinux_2_28' variant.
  warnings.warn(
[I 2025-05-26 03:18:01,798] Trial 16 finished with value: 0.9 and parameters: {'n_estimators': 40, 'max_depth': 5, 'gamma': 0.28348273058911083, 'subsample': 0.8416098991941052, 'colsample_bytree': 0.8206715089380927}. Best is trial 10 with value: 0.95.
/data/home/rtabares/anaconda3/envs/pyth3.12/lib/python3.12/site-packages/xgboost/core.py:377: FutureWarning: Your system has an old version of glibc (< 2.28). We will stop supporting Linux distros with glibc older than 2.28 after **May 31, 2025**. Please upgrade to a recent Linux distro (with glibc >= 2.28) to use future versions of XGBoost.
Note: You have installed the 'manylinux2014' variant of XGBoost. Certain features such as GPU algorithms or federated learning are not available. To use these features, please upgrade to a recent Linux distro with glibc 2.28+, and install the 'manylinux_2_28' variant.
  warnings.warn(
[I 2025-05-26 03:18:02,457] Trial 17 finished with value: 0.9 and parameters: {'n_estimators': 40, 'max_depth': 5, 'gamma': 0.4823152355002448, 'subsample': 0.7198544311435996, 'colsample_bytree': 0.7109611479294711}. Best is trial 10 with value: 0.95.
[I 2025-05-26 03:18:02,505] Trial 18 finished with value: 0.95 and parameters: {'n_estimators': 40, 'max_depth': 5, 'gamma': 0.9913860986584816, 'subsample': 0.6384554924358864, 'colsample_bytree': 0.6271428698415437}. Best is trial 10 with value: 0.95.
[I 2025-05-26 03:18:02,548] Trial 19 finished with value: 0.85 and parameters: {'n_estimators': 10, 'max_depth': 20, 'gamma': 0.9865691953870986, 'subsample': 0.6385018241519915, 'colsample_bytree': 0.9003852468330709}. Best is trial 10 with value: 0.95.
[I 2025-05-26 03:18:04,510] A new study created in memory with name: rf
Parámetros guardados en checkpoint_shoppers_Dlatent_F/ag/IPC_10/best_models_ag_seed_5_space_original/xgb_best_params.json


>>> Optuna tuning rf metodo ag IPC 10 seed 5


[I 2025-05-26 03:18:06,828] Trial 0 finished with value: 0.5 and parameters: {'n_estimators': 189, 'max_depth': 18, 'min_samples_split': 3, 'min_samples_leaf': 10}. Best is trial 0 with value: 0.5.
[I 2025-05-26 03:18:07,433] Trial 1 finished with value: 0.95 and parameters: {'n_estimators': 295, 'max_depth': 14, 'min_samples_split': 8, 'min_samples_leaf': 6}. Best is trial 1 with value: 0.95.
[I 2025-05-26 03:18:07,733] Trial 2 finished with value: 0.5 and parameters: {'n_estimators': 219, 'max_depth': 6, 'min_samples_split': 2, 'min_samples_leaf': 8}. Best is trial 1 with value: 0.95.
[I 2025-05-26 03:18:08,070] Trial 3 finished with value: 0.95 and parameters: {'n_estimators': 276, 'max_depth': 5, 'min_samples_split': 9, 'min_samples_leaf': 3}. Best is trial 1 with value: 0.95.
[I 2025-05-26 03:18:08,460] Trial 4 finished with value: 0.95 and parameters: {'n_estimators': 266, 'max_depth': 8, 'min_samples_split': 7, 'min_samples_leaf': 6}. Best is trial 1 with value: 0.95.
[I 2025-05-26 03:18:08,818] Trial 5 finished with value: 0.95 and parameters: {'n_estimators': 340, 'max_depth': 7, 'min_samples_split': 4, 'min_samples_leaf': 3}. Best is trial 1 with value: 0.95.
[I 2025-05-26 03:18:09,144] Trial 6 finished with value: 0.5 and parameters: {'n_estimators': 231, 'max_depth': 5, 'min_samples_split': 3, 'min_samples_leaf': 10}. Best is trial 1 with value: 0.95.
[I 2025-05-26 03:18:09,725] Trial 7 finished with value: 0.95 and parameters: {'n_estimators': 485, 'max_depth': 6, 'min_samples_split': 2, 'min_samples_leaf': 3}. Best is trial 1 with value: 0.95.
[I 2025-05-26 03:18:10,187] Trial 8 finished with value: 0.95 and parameters: {'n_estimators': 380, 'max_depth': 17, 'min_samples_split': 2, 'min_samples_leaf': 6}. Best is trial 1 with value: 0.95.
[I 2025-05-26 03:18:10,374] Trial 9 finished with value: 0.5 and parameters: {'n_estimators': 100, 'max_depth': 12, 'min_samples_split': 7, 'min_samples_leaf': 10}. Best is trial 1 with value: 0.95.
[I 2025-05-26 03:18:10,928] Trial 10 finished with value: 0.95 and parameters: {'n_estimators': 446, 'max_depth': 13, 'min_samples_split': 10, 'min_samples_leaf': 5}. Best is trial 1 with value: 0.95.
[I 2025-05-26 03:18:11,315] Trial 11 finished with value: 0.95 and parameters: {'n_estimators': 314, 'max_depth': 15, 'min_samples_split': 10, 'min_samples_leaf': 1}. Best is trial 1 with value: 0.95.
[I 2025-05-26 03:18:12,386] Trial 12 finished with value: 0.95 and parameters: {'n_estimators': 390, 'max_depth': 3, 'min_samples_split': 8, 'min_samples_leaf': 3}. Best is trial 1 with value: 0.95.
[I 2025-05-26 03:18:13,455] Trial 13 finished with value: 0.95 and parameters: {'n_estimators': 284, 'max_depth': 10, 'min_samples_split': 9, 'min_samples_leaf': 5}. Best is trial 1 with value: 0.95.
[I 2025-05-26 03:18:13,731] Trial 14 finished with value: 0.9 and parameters: {'n_estimators': 187, 'max_depth': 20, 'min_samples_split': 5, 'min_samples_leaf': 1}. Best is trial 1 with value: 0.95.
[I 2025-05-26 03:18:13,938] Trial 15 finished with value: 0.5 and parameters: {'n_estimators': 136, 'max_depth': 9, 'min_samples_split': 8, 'min_samples_leaf': 7}. Best is trial 1 with value: 0.95.
[I 2025-05-26 03:18:14,354] Trial 16 finished with value: 0.95 and parameters: {'n_estimators': 344, 'max_depth': 14, 'min_samples_split': 6, 'min_samples_leaf': 4}. Best is trial 1 with value: 0.95.
[I 2025-05-26 03:18:14,699] Trial 17 finished with value: 0.5 and parameters: {'n_estimators': 262, 'max_depth': 11, 'min_samples_split': 9, 'min_samples_leaf': 8}. Best is trial 1 with value: 0.95.
[I 2025-05-26 03:18:15,197] Trial 18 finished with value: 0.95 and parameters: {'n_estimators': 409, 'max_depth': 3, 'min_samples_split': 8, 'min_samples_leaf': 2}. Best is trial 1 with value: 0.95.
[I 2025-05-26 03:18:15,606] Trial 19 finished with value: 0.95 and parameters: {'n_estimators': 318, 'max_depth': 16, 'min_samples_split': 6, 'min_samples_leaf': 4}. Best is trial 1 with value: 0.95.
[I 2025-05-26 03:18:18,146] A new study created in memory with name: svc
Parámetros guardados en checkpoint_shoppers_Dlatent_F/ag/IPC_10/best_models_ag_seed_5_space_original/rf_best_params.json


>>> Optuna tuning svc metodo ag IPC 10 seed 5


[I 2025-05-26 03:18:21,439] Trial 0 finished with value: 0.75 and parameters: {'C': 0.07726319876517104, 'gamma': 0.3040389504793042}. Best is trial 0 with value: 0.75.
[I 2025-05-26 03:18:21,820] Trial 1 finished with value: 0.65 and parameters: {'C': 0.06712381339142241, 'gamma': 0.47254549996710477}. Best is trial 0 with value: 0.75.
[I 2025-05-26 03:18:21,835] Trial 2 finished with value: 0.6 and parameters: {'C': 0.8987621100554035, 'gamma': 0.027988231123708972}. Best is trial 0 with value: 0.75.
[I 2025-05-26 03:18:21,848] Trial 3 finished with value: 0.9 and parameters: {'C': 11.5779435007655, 'gamma': 0.011848734045499056}. Best is trial 3 with value: 0.9.
[I 2025-05-26 03:18:21,862] Trial 4 finished with value: 0.55 and parameters: {'C': 0.1538870258903583, 'gamma': 0.0005634883151169033}. Best is trial 3 with value: 0.9.
[I 2025-05-26 03:18:21,875] Trial 5 finished with value: 0.85 and parameters: {'C': 0.021036092656561454, 'gamma': 0.08990030906808326}. Best is trial 3 with value: 0.9.
[I 2025-05-26 03:18:21,899] Trial 6 finished with value: 0.55 and parameters: {'C': 0.5824208201678516, 'gamma': 0.00042977333932534993}. Best is trial 3 with value: 0.9.
[I 2025-05-26 03:18:21,915] Trial 7 finished with value: 0.8 and parameters: {'C': 33.09391330085814, 'gamma': 0.001248377256719358}. Best is trial 3 with value: 0.9.
[I 2025-05-26 03:18:21,929] Trial 8 finished with value: 0.55 and parameters: {'C': 0.45387898639622015, 'gamma': 0.0015286910781809498}. Best is trial 3 with value: 0.9.
[I 2025-05-26 03:18:21,945] Trial 9 finished with value: 0.8 and parameters: {'C': 3.274550070431994, 'gamma': 0.02086177421469992}. Best is trial 3 with value: 0.9.
[I 2025-05-26 03:18:21,967] Trial 10 finished with value: 0.9 and parameters: {'C': 90.06440757156173, 'gamma': 0.004099569284748027}. Best is trial 3 with value: 0.9.
[I 2025-05-26 03:18:22,638] Trial 11 finished with value: 0.9 and parameters: {'C': 92.61335740959598, 'gamma': 0.005097617049292433}. Best is trial 3 with value: 0.9.
[I 2025-05-26 03:18:22,672] Trial 12 finished with value: 0.9 and parameters: {'C': 11.20873739497039, 'gamma': 0.005631964035374463}. Best is trial 3 with value: 0.9.
[I 2025-05-26 03:18:22,694] Trial 13 finished with value: 0.55 and parameters: {'C': 8.10176948786935, 'gamma': 0.00018323629585262105}. Best is trial 3 with value: 0.9.
[I 2025-05-26 03:18:23,376] Trial 14 finished with value: 0.85 and parameters: {'C': 84.0343395593685, 'gamma': 0.06138376625628865}. Best is trial 3 with value: 0.9.
[I 2025-05-26 03:18:23,402] Trial 15 finished with value: 0.9 and parameters: {'C': 19.333068482093132, 'gamma': 0.00404423116497995}. Best is trial 3 with value: 0.9.
[I 2025-05-26 03:18:23,424] Trial 16 finished with value: 0.8 and parameters: {'C': 3.061397902021056, 'gamma': 0.014736741744130857}. Best is trial 3 with value: 0.9.
[I 2025-05-26 03:18:23,448] Trial 17 finished with value: 0.9 and parameters: {'C': 32.90141158765128, 'gamma': 0.0020745519258620585}. Best is trial 3 with value: 0.9.
[I 2025-05-26 03:18:23,468] Trial 18 finished with value: 0.85 and parameters: {'C': 4.150248989922847, 'gamma': 0.12828052885947444}. Best is trial 3 with value: 0.9.
[I 2025-05-26 03:18:23,501] Trial 19 finished with value: 0.9 and parameters: {'C': 39.03893371743765, 'gamma': 0.009414949436705074}. Best is trial 3 with value: 0.9.
[I 2025-05-26 03:18:25,927] A new study created in memory with name: logreg
Parámetros guardados en checkpoint_shoppers_Dlatent_F/ag/IPC_10/best_models_ag_seed_5_space_original/svc_best_params.json


>>> Optuna tuning logreg metodo ag IPC 10 seed 5


[I 2025-05-26 03:18:28,247] Trial 0 finished with value: 0.75 and parameters: {'C': 0.012881482725481003, 'penalty': 'l2'}. Best is trial 0 with value: 0.75.
[I 2025-05-26 03:18:28,507] Trial 1 finished with value: 0.9 and parameters: {'C': 22.576755560681583, 'penalty': 'l2'}. Best is trial 1 with value: 0.9.
[I 2025-05-26 03:18:29,200] Trial 2 finished with value: 0.75 and parameters: {'C': 0.010804278656839932, 'penalty': 'l2'}. Best is trial 1 with value: 0.9.
[I 2025-05-26 03:18:29,973] Trial 3 finished with value: 0.9 and parameters: {'C': 39.17910760336117, 'penalty': 'l2'}. Best is trial 1 with value: 0.9.
[I 2025-05-26 03:18:29,987] Trial 4 finished with value: 0.85 and parameters: {'C': 0.2767298094062571, 'penalty': 'l2'}. Best is trial 1 with value: 0.9.
[I 2025-05-26 03:18:30,002] Trial 5 finished with value: 0.85 and parameters: {'C': 1.1447728330837224, 'penalty': 'l2'}. Best is trial 1 with value: 0.9.
[I 2025-05-26 03:18:30,027] Trial 6 finished with value: 0.85 and parameters: {'C': 6.753661388238877, 'penalty': 'l2'}. Best is trial 1 with value: 0.9.
[I 2025-05-26 03:18:30,053] Trial 7 finished with value: 0.85 and parameters: {'C': 0.39092184460352974, 'penalty': 'l2'}. Best is trial 1 with value: 0.9.
[I 2025-05-26 03:18:30,078] Trial 8 finished with value: 0.75 and parameters: {'C': 0.03047912590082646, 'penalty': 'l2'}. Best is trial 1 with value: 0.9.
[I 2025-05-26 03:18:30,093] Trial 9 finished with value: 0.75 and parameters: {'C': 0.008681727362499118, 'penalty': 'l2'}. Best is trial 1 with value: 0.9.
[I 2025-05-26 03:18:30,121] Trial 10 finished with value: 0.9 and parameters: {'C': 90.29867735508974, 'penalty': 'l2'}. Best is trial 1 with value: 0.9.
[I 2025-05-26 03:18:30,778] Trial 11 finished with value: 0.9 and parameters: {'C': 65.31936101889447, 'penalty': 'l2'}. Best is trial 1 with value: 0.9.
[I 2025-05-26 03:18:31,435] Trial 12 finished with value: 0.9 and parameters: {'C': 10.276946066829701, 'penalty': 'l2'}. Best is trial 1 with value: 0.9.
[I 2025-05-26 03:18:31,456] Trial 13 finished with value: 0.9 and parameters: {'C': 11.979406337571666, 'penalty': 'l2'}. Best is trial 1 with value: 0.9.
[I 2025-05-26 03:18:31,475] Trial 14 finished with value: 0.85 and parameters: {'C': 3.103885131392604, 'penalty': 'l2'}. Best is trial 1 with value: 0.9.
[I 2025-05-26 03:18:32,171] Trial 15 finished with value: 0.9 and parameters: {'C': 27.368605040072197, 'penalty': 'l2'}. Best is trial 1 with value: 0.9.
[I 2025-05-26 03:18:32,209] Trial 16 finished with value: 0.8 and parameters: {'C': 0.13344077328067044, 'penalty': 'l2'}. Best is trial 1 with value: 0.9.
[I 2025-05-26 03:18:32,228] Trial 17 finished with value: 0.75 and parameters: {'C': 0.0021318879744765045, 'penalty': 'l2'}. Best is trial 1 with value: 0.9.
[I 2025-05-26 03:18:32,256] Trial 18 finished with value: 0.85 and parameters: {'C': 1.8056426094216929, 'penalty': 'l2'}. Best is trial 1 with value: 0.9.
[I 2025-05-26 03:18:32,286] Trial 19 finished with value: 0.9 and parameters: {'C': 30.717532996538623, 'penalty': 'l2'}. Best is trial 1 with value: 0.9.
/data/home/rtabares/anaconda3/envs/pyth3.12/lib/python3.12/site-packages/xgboost/core.py:377: FutureWarning: Your system has an old version of glibc (< 2.28). We will stop supporting Linux distros with glibc older than 2.28 after **May 31, 2025**. Please upgrade to a recent Linux distro (with glibc >= 2.28) to use future versions of XGBoost.
Note: You have installed the 'manylinux2014' variant of XGBoost. Certain features such as GPU algorithms or federated learning are not available. To use these features, please upgrade to a recent Linux distro with glibc 2.28+, and install the 'manylinux_2_28' variant.
  warnings.warn(
/data/home/rtabares/anaconda3/envs/pyth3.12/lib/python3.12/site-packages/xgboost/core.py:377: FutureWarning: Your system has an old version of glibc (< 2.28). We will stop supporting Linux distros with glibc older than 2.28 after **May 31, 2025**. Please upgrade to a recent Linux distro (with glibc >= 2.28) to use future versions of XGBoost.
Note: You have installed the 'manylinux2014' variant of XGBoost. Certain features such as GPU algorithms or federated learning are not available. To use these features, please upgrade to a recent Linux distro with glibc 2.28+, and install the 'manylinux_2_28' variant.
  warnings.warn(
[I 2025-05-26 03:18:34,250] A new study created in memory with name: mlp
Parámetros guardados en checkpoint_shoppers_Dlatent_F/ag/IPC_10/best_models_ag_seed_5_space_original/logreg_best_params.json


>>> Optuna tuning mlp metodo ag IPC 10 seed 5


/data/home/rtabares/anaconda3/envs/pyth3.12/lib/python3.12/site-packages/sklearn/neural_network/_multilayer_perceptron.py:691: ConvergenceWarning: Stochastic Optimizer: Maximum iterations (50) reached and the optimization hasn't converged yet.
  warnings.warn(
/data/home/rtabares/anaconda3/envs/pyth3.12/lib/python3.12/site-packages/sklearn/neural_network/_multilayer_perceptron.py:691: ConvergenceWarning: Stochastic Optimizer: Maximum iterations (50) reached and the optimization hasn't converged yet.
  warnings.warn(
/data/home/rtabares/anaconda3/envs/pyth3.12/lib/python3.12/site-packages/sklearn/neural_network/_multilayer_perceptron.py:691: ConvergenceWarning: Stochastic Optimizer: Maximum iterations (50) reached and the optimization hasn't converged yet.
  warnings.warn(
/data/home/rtabares/anaconda3/envs/pyth3.12/lib/python3.12/site-packages/sklearn/neural_network/_multilayer_perceptron.py:691: ConvergenceWarning: Stochastic Optimizer: Maximum iterations (50) reached and the optimization hasn't converged yet.
  warnings.warn(
/data/home/rtabares/anaconda3/envs/pyth3.12/lib/python3.12/site-packages/sklearn/neural_network/_multilayer_perceptron.py:691: ConvergenceWarning: Stochastic Optimizer: Maximum iterations (50) reached and the optimization hasn't converged yet.
  warnings.warn(
[I 2025-05-26 03:18:37,393] Trial 0 finished with value: 0.8 and parameters: {'hidden_layer_sizes': (200,), 'max_iter': 50, 'alpha': 0.001}. Best is trial 0 with value: 0.8.
/data/home/rtabares/anaconda3/envs/pyth3.12/lib/python3.12/site-packages/sklearn/neural_network/_multilayer_perceptron.py:691: ConvergenceWarning: Stochastic Optimizer: Maximum iterations (100) reached and the optimization hasn't converged yet.
  warnings.warn(
/data/home/rtabares/anaconda3/envs/pyth3.12/lib/python3.12/site-packages/sklearn/neural_network/_multilayer_perceptron.py:691: ConvergenceWarning: Stochastic Optimizer: Maximum iterations (100) reached and the optimization hasn't converged yet.
  warnings.warn(
/data/home/rtabares/anaconda3/envs/pyth3.12/lib/python3.12/site-packages/sklearn/neural_network/_multilayer_perceptron.py:691: ConvergenceWarning: Stochastic Optimizer: Maximum iterations (100) reached and the optimization hasn't converged yet.
  warnings.warn(
/data/home/rtabares/anaconda3/envs/pyth3.12/lib/python3.12/site-packages/sklearn/neural_network/_multilayer_perceptron.py:691: ConvergenceWarning: Stochastic Optimizer: Maximum iterations (100) reached and the optimization hasn't converged yet.
  warnings.warn(
/data/home/rtabares/anaconda3/envs/pyth3.12/lib/python3.12/site-packages/sklearn/neural_network/_multilayer_perceptron.py:691: ConvergenceWarning: Stochastic Optimizer: Maximum iterations (100) reached and the optimization hasn't converged yet.
  warnings.warn(
[I 2025-05-26 03:18:37,759] Trial 1 finished with value: 0.8 and parameters: {'hidden_layer_sizes': (100,), 'max_iter': 100, 'alpha': 0.0001}. Best is trial 0 with value: 0.8.
/data/home/rtabares/anaconda3/envs/pyth3.12/lib/python3.12/site-packages/sklearn/neural_network/_multilayer_perceptron.py:691: ConvergenceWarning: Stochastic Optimizer: Maximum iterations (100) reached and the optimization hasn't converged yet.
  warnings.warn(
/data/home/rtabares/anaconda3/envs/pyth3.12/lib/python3.12/site-packages/sklearn/neural_network/_multilayer_perceptron.py:691: ConvergenceWarning: Stochastic Optimizer: Maximum iterations (100) reached and the optimization hasn't converged yet.
  warnings.warn(
/data/home/rtabares/anaconda3/envs/pyth3.12/lib/python3.12/site-packages/sklearn/neural_network/_multilayer_perceptron.py:691: ConvergenceWarning: Stochastic Optimizer: Maximum iterations (100) reached and the optimization hasn't converged yet.
  warnings.warn(
/data/home/rtabares/anaconda3/envs/pyth3.12/lib/python3.12/site-packages/sklearn/neural_network/_multilayer_perceptron.py:691: ConvergenceWarning: Stochastic Optimizer: Maximum iterations (100) reached and the optimization hasn't converged yet.
  warnings.warn(
/data/home/rtabares/anaconda3/envs/pyth3.12/lib/python3.12/site-packages/sklearn/neural_network/_multilayer_perceptron.py:691: ConvergenceWarning: Stochastic Optimizer: Maximum iterations (100) reached and the optimization hasn't converged yet.
  warnings.warn(
