[I 2025-05-26 03:21:34,946] Trial 11 finished with value: 0.95 and parameters: {'n_estimators': 10, 'max_depth': 20, 'gamma': 0.3599371982830902, 'subsample': 0.6388052294316233, 'colsample_bytree': 0.6815498556783907}. Best is trial 1 with value: 0.95.
/data/home/rtabares/anaconda3/envs/pyth3.12/lib/python3.12/site-packages/xgboost/core.py:377: FutureWarning: Your system has an old version of glibc (< 2.28). We will stop supporting Linux distros with glibc older than 2.28 after **May 31, 2025**. Please upgrade to a recent Linux distro (with glibc >= 2.28) to use future versions of XGBoost.
Note: You have installed the 'manylinux2014' variant of XGBoost. Certain features such as GPU algorithms or federated learning are not available. To use these features, please upgrade to a recent Linux distro with glibc 2.28+, and install the 'manylinux_2_28' variant.
  warnings.warn(
/data/home/rtabares/anaconda3/envs/pyth3.12/lib/python3.12/site-packages/xgboost/core.py:377: FutureWarning: Your system has an old version of glibc (< 2.28). We will stop supporting Linux distros with glibc older than 2.28 after **May 31, 2025**. Please upgrade to a recent Linux distro (with glibc >= 2.28) to use future versions of XGBoost.
Note: You have installed the 'manylinux2014' variant of XGBoost. Certain features such as GPU algorithms or federated learning are not available. To use these features, please upgrade to a recent Linux distro with glibc 2.28+, and install the 'manylinux_2_28' variant.
  warnings.warn(
/data/home/rtabares/anaconda3/envs/pyth3.12/lib/python3.12/site-packages/xgboost/core.py:377: FutureWarning: Your system has an old version of glibc (< 2.28). We will stop supporting Linux distros with glibc older than 2.28 after **May 31, 2025**. Please upgrade to a recent Linux distro (with glibc >= 2.28) to use future versions of XGBoost.
Note: You have installed the 'manylinux2014' variant of XGBoost. Certain features such as GPU algorithms or federated learning are not available. To use these features, please upgrade to a recent Linux distro with glibc 2.28+, and install the 'manylinux_2_28' variant.
  warnings.warn(
[I 2025-05-26 03:21:36,322] Trial 12 finished with value: 0.95 and parameters: {'n_estimators': 10, 'max_depth': 20, 'gamma': 0.35654179655573703, 'subsample': 0.6299221506081885, 'colsample_bytree': 0.691686017284061}. Best is trial 1 with value: 0.95.
[I 2025-05-26 03:21:36,406] Trial 13 finished with value: 0.9 and parameters: {'n_estimators': 100, 'max_depth': 20, 'gamma': 0.3552667583114842, 'subsample': 0.8193857210205517, 'colsample_bytree': 0.5986642109109661}. Best is trial 1 with value: 0.95.
[I 2025-05-26 03:21:36,451] Trial 14 finished with value: 0.9 and parameters: {'n_estimators': 10, 'max_depth': 30, 'gamma': 0.17144069483747348, 'subsample': 0.6206499595750674, 'colsample_bytree': 0.8551654876481427}. Best is trial 1 with value: 0.95.
[I 2025-05-26 03:21:36,517] Trial 15 finished with value: 0.9 and parameters: {'n_estimators': 100, 'max_depth': 30, 'gamma': 0.4634818023552794, 'subsample': 0.6904090726514213, 'colsample_bytree': 0.6110367976663728}. Best is trial 1 with value: 0.95.
[I 2025-05-26 03:21:36,565] Trial 16 finished with value: 0.95 and parameters: {'n_estimators': 10, 'max_depth': 20, 'gamma': 0.28348273058911083, 'subsample': 0.5834553554394064, 'colsample_bytree': 0.7212718893110286}. Best is trial 1 with value: 0.95.
[I 2025-05-26 03:21:36,637] Trial 17 finished with value: 0.9 and parameters: {'n_estimators': 100, 'max_depth': 30, 'gamma': 0.2527309846885406, 'subsample': 0.846246948568024, 'colsample_bytree': 0.8620191781968441}. Best is trial 1 with value: 0.95.
[I 2025-05-26 03:21:36,685] Trial 18 finished with value: 0.95 and parameters: {'n_estimators': 10, 'max_depth': 20, 'gamma': 0.46951533626903036, 'subsample': 0.7058098421914561, 'colsample_bytree': 0.5681157441732178}. Best is trial 1 with value: 0.95.
[I 2025-05-26 03:21:36,729] Trial 19 finished with value: 0.95 and parameters: {'n_estimators': 40, 'max_depth': 5, 'gamma': 0.45200812673115187, 'subsample': 0.5652525341320878, 'colsample_bytree': 0.6459480502866466}. Best is trial 1 with value: 0.95.
/data/home/rtabares/anaconda3/envs/pyth3.12/lib/python3.12/site-packages/xgboost/core.py:377: FutureWarning: Your system has an old version of glibc (< 2.28). We will stop supporting Linux distros with glibc older than 2.28 after **May 31, 2025**. Please upgrade to a recent Linux distro (with glibc >= 2.28) to use future versions of XGBoost.
Note: You have installed the 'manylinux2014' variant of XGBoost. Certain features such as GPU algorithms or federated learning are not available. To use these features, please upgrade to a recent Linux distro with glibc 2.28+, and install the 'manylinux_2_28' variant.
  warnings.warn(
[I 2025-05-26 03:21:45,985] A new study created in memory with name: rf
Parámetros guardados en checkpoint_shoppers_Dlatent_F/lc/IPC_10/best_models_lc_seed_5_space_original/xgb_best_params.json


>>> Optuna tuning rf metodo lc IPC 10 seed 5


[I 2025-05-26 03:21:46,533] Trial 0 finished with value: 0.5 and parameters: {'n_estimators': 189, 'max_depth': 18, 'min_samples_split': 3, 'min_samples_leaf': 10}. Best is trial 0 with value: 0.5.
[I 2025-05-26 03:21:46,884] Trial 1 finished with value: 0.85 and parameters: {'n_estimators': 295, 'max_depth': 14, 'min_samples_split': 8, 'min_samples_leaf': 6}. Best is trial 1 with value: 0.85.
[I 2025-05-26 03:21:47,176] Trial 2 finished with value: 0.5 and parameters: {'n_estimators': 219, 'max_depth': 6, 'min_samples_split': 2, 'min_samples_leaf': 8}. Best is trial 1 with value: 0.85.
[I 2025-05-26 03:21:47,492] Trial 3 finished with value: 1.0 and parameters: {'n_estimators': 276, 'max_depth': 5, 'min_samples_split': 9, 'min_samples_leaf': 3}. Best is trial 3 with value: 1.0.
[I 2025-05-26 03:21:47,850] Trial 4 finished with value: 0.9 and parameters: {'n_estimators': 266, 'max_depth': 8, 'min_samples_split': 7, 'min_samples_leaf': 6}. Best is trial 3 with value: 1.0.
[I 2025-05-26 03:21:48,230] Trial 5 finished with value: 1.0 and parameters: {'n_estimators': 340, 'max_depth': 7, 'min_samples_split': 4, 'min_samples_leaf': 3}. Best is trial 3 with value: 1.0.
[I 2025-05-26 03:21:48,531] Trial 6 finished with value: 0.5 and parameters: {'n_estimators': 231, 'max_depth': 5, 'min_samples_split': 3, 'min_samples_leaf': 10}. Best is trial 3 with value: 1.0.
[I 2025-05-26 03:21:49,083] Trial 7 finished with value: 1.0 and parameters: {'n_estimators': 485, 'max_depth': 6, 'min_samples_split': 2, 'min_samples_leaf': 3}. Best is trial 3 with value: 1.0.
[I 2025-05-26 03:21:49,530] Trial 8 finished with value: 0.95 and parameters: {'n_estimators': 380, 'max_depth': 17, 'min_samples_split': 2, 'min_samples_leaf': 6}. Best is trial 3 with value: 1.0.
[I 2025-05-26 03:21:49,728] Trial 9 finished with value: 0.5 and parameters: {'n_estimators': 100, 'max_depth': 12, 'min_samples_split': 7, 'min_samples_leaf': 10}. Best is trial 3 with value: 1.0.
[I 2025-05-26 03:21:50,244] Trial 10 finished with value: 1.0 and parameters: {'n_estimators': 446, 'max_depth': 3, 'min_samples_split': 10, 'min_samples_leaf': 2}. Best is trial 3 with value: 1.0.
[I 2025-05-26 03:21:50,692] Trial 11 finished with value: 1.0 and parameters: {'n_estimators': 364, 'max_depth': 9, 'min_samples_split': 10, 'min_samples_leaf': 4}. Best is trial 3 with value: 1.0.
[I 2025-05-26 03:21:51,791] Trial 12 finished with value: 1.0 and parameters: {'n_estimators': 379, 'max_depth': 10, 'min_samples_split': 5, 'min_samples_leaf': 1}. Best is trial 3 with value: 1.0.
[I 2025-05-26 03:21:52,822] Trial 13 finished with value: 1.0 and parameters: {'n_estimators': 321, 'max_depth': 4, 'min_samples_split': 5, 'min_samples_leaf': 4}. Best is trial 3 with value: 1.0.
[I 2025-05-26 03:21:53,070] Trial 14 finished with value: 1.0 and parameters: {'n_estimators': 173, 'max_depth': 7, 'min_samples_split': 5, 'min_samples_leaf': 1}. Best is trial 3 with value: 1.0.
[I 2025-05-26 03:21:53,486] Trial 15 finished with value: 1.0 and parameters: {'n_estimators': 334, 'max_depth': 12, 'min_samples_split': 9, 'min_samples_leaf': 4}. Best is trial 3 with value: 1.0.
[I 2025-05-26 03:21:53,981] Trial 16 finished with value: 1.0 and parameters: {'n_estimators': 419, 'max_depth': 10, 'min_samples_split': 4, 'min_samples_leaf': 3}. Best is trial 3 with value: 1.0.
[I 2025-05-26 03:21:54,345] Trial 17 finished with value: 1.0 and parameters: {'n_estimators': 276, 'max_depth': 3, 'min_samples_split': 7, 'min_samples_leaf': 2}. Best is trial 3 with value: 1.0.
[I 2025-05-26 03:21:54,519] Trial 18 finished with value: 1.0 and parameters: {'n_estimators': 110, 'max_depth': 15, 'min_samples_split': 6, 'min_samples_leaf': 5}. Best is trial 3 with value: 1.0.
[I 2025-05-26 03:21:54,828] Trial 19 finished with value: 0.5 and parameters: {'n_estimators': 249, 'max_depth': 8, 'min_samples_split': 9, 'min_samples_leaf': 8}. Best is trial 3 with value: 1.0.
[I 2025-05-26 03:22:00,975] A new study created in memory with name: svc
Parámetros guardados en checkpoint_shoppers_Dlatent_F/lc/IPC_10/best_models_lc_seed_5_space_original/rf_best_params.json


>>> Optuna tuning svc metodo lc IPC 10 seed 5


[I 2025-05-26 03:22:01,541] Trial 0 finished with value: 0.7 and parameters: {'C': 0.07726319876517104, 'gamma': 0.3040389504793042}. Best is trial 0 with value: 0.7.
[I 2025-05-26 03:22:01,557] Trial 1 finished with value: 0.75 and parameters: {'C': 0.06712381339142241, 'gamma': 0.47254549996710477}. Best is trial 1 with value: 0.75.
[I 2025-05-26 03:22:01,571] Trial 2 finished with value: 0.95 and parameters: {'C': 0.8987621100554035, 'gamma': 0.027988231123708972}. Best is trial 2 with value: 0.95.
[I 2025-05-26 03:22:01,587] Trial 3 finished with value: 0.95 and parameters: {'C': 11.5779435007655, 'gamma': 0.011848734045499056}. Best is trial 2 with value: 0.95.
[I 2025-05-26 03:22:01,603] Trial 4 finished with value: 0.85 and parameters: {'C': 0.1538870258903583, 'gamma': 0.0005634883151169033}. Best is trial 2 with value: 0.95.
[I 2025-05-26 03:22:01,619] Trial 5 finished with value: 0.8 and parameters: {'C': 0.021036092656561454, 'gamma': 0.08990030906808326}. Best is trial 2 with value: 0.95.
[I 2025-05-26 03:22:01,633] Trial 6 finished with value: 0.85 and parameters: {'C': 0.5824208201678516, 'gamma': 0.00042977333932534993}. Best is trial 2 with value: 0.95.
[I 2025-05-26 03:22:01,648] Trial 7 finished with value: 1.0 and parameters: {'C': 33.09391330085814, 'gamma': 0.001248377256719358}. Best is trial 7 with value: 1.0.
[I 2025-05-26 03:22:01,662] Trial 8 finished with value: 0.9 and parameters: {'C': 0.45387898639622015, 'gamma': 0.0015286910781809498}. Best is trial 7 with value: 1.0.
[I 2025-05-26 03:22:01,678] Trial 9 finished with value: 0.95 and parameters: {'C': 3.274550070431994, 'gamma': 0.02086177421469992}. Best is trial 7 with value: 1.0.
[I 2025-05-26 03:22:01,704] Trial 10 finished with value: 0.95 and parameters: {'C': 92.21380870365533, 'gamma': 0.00011081406546803206}. Best is trial 7 with value: 1.0.
[I 2025-05-26 03:22:02,353] Trial 11 finished with value: 0.95 and parameters: {'C': 6.48642555359081, 'gamma': 0.0031203943773379897}. Best is trial 7 with value: 1.0.
[I 2025-05-26 03:22:03,090] Trial 12 finished with value: 0.9 and parameters: {'C': 93.54195262069706, 'gamma': 0.0448119937045803}. Best is trial 7 with value: 1.0.
[I 2025-05-26 03:22:03,115] Trial 13 finished with value: 0.95 and parameters: {'C': 2.164529141667897, 'gamma': 0.003533663226316303}. Best is trial 7 with value: 1.0.
[I 2025-05-26 03:22:03,140] Trial 14 finished with value: 0.85 and parameters: {'C': 19.723154411994223, 'gamma': 0.11358178453664301}. Best is trial 7 with value: 1.0.
[I 2025-05-26 03:22:03,779] Trial 15 finished with value: 0.95 and parameters: {'C': 26.29038003055426, 'gamma': 0.008240397963071551}. Best is trial 7 with value: 1.0.
[I 2025-05-26 03:22:03,803] Trial 16 finished with value: 0.85 and parameters: {'C': 1.141959600218389, 'gamma': 0.0008027799467100964}. Best is trial 7 with value: 1.0.
[I 2025-05-26 03:22:03,826] Trial 17 finished with value: 0.85 and parameters: {'C': 0.24595482646574363, 'gamma': 0.00012602919425695492}. Best is trial 7 with value: 1.0.
[I 2025-05-26 03:22:03,849] Trial 18 finished with value: 0.95 and parameters: {'C': 1.7089611399942557, 'gamma': 0.0051106187488748735}. Best is trial 7 with value: 1.0.
[I 2025-05-26 03:22:03,873] Trial 19 finished with value: 0.9 and parameters: {'C': 0.010367063426009605, 'gamma': 0.03683738048780853}. Best is trial 7 with value: 1.0.
[I 2025-05-26 03:22:05,913] A new study created in memory with name: logreg
[I 2025-05-26 03:22:05,936] Trial 0 finished with value: 0.95 and parameters: {'C': 0.012881482725481003, 'penalty': 'l2'}. Best is trial 0 with value: 0.95.
[I 2025-05-26 03:22:07,474] Trial 1 finished with value: 0.95 and parameters: {'C': 22.576755560681583, 'penalty': 'l2'}. Best is trial 0 with value: 0.95.
Parámetros guardados en checkpoint_shoppers_Dlatent_F/lc/IPC_10/best_models_lc_seed_5_space_original/svc_best_params.json


>>> Optuna tuning logreg metodo lc IPC 10 seed 5


[I 2025-05-26 03:22:09,761] Trial 2 finished with value: 0.95 and parameters: {'C': 0.010804278656839932, 'penalty': 'l2'}. Best is trial 0 with value: 0.95.
[I 2025-05-26 03:22:09,944] Trial 3 finished with value: 0.95 and parameters: {'C': 39.17910760336117, 'penalty': 'l2'}. Best is trial 0 with value: 0.95.
[I 2025-05-26 03:22:09,972] Trial 4 finished with value: 0.95 and parameters: {'C': 0.2767298094062571, 'penalty': 'l2'}. Best is trial 0 with value: 0.95.
[I 2025-05-26 03:22:09,986] Trial 5 finished with value: 0.95 and parameters: {'C': 1.1447728330837224, 'penalty': 'l2'}. Best is trial 0 with value: 0.95.
[I 2025-05-26 03:22:09,999] Trial 6 finished with value: 0.95 and parameters: {'C': 6.753661388238877, 'penalty': 'l2'}. Best is trial 0 with value: 0.95.
[I 2025-05-26 03:22:10,024] Trial 7 finished with value: 0.95 and parameters: {'C': 0.39092184460352974, 'penalty': 'l2'}. Best is trial 0 with value: 0.95.
[I 2025-05-26 03:22:10,049] Trial 8 finished with value: 0.95 and parameters: {'C': 0.03047912590082646, 'penalty': 'l2'}. Best is trial 0 with value: 0.95.
[I 2025-05-26 03:22:10,074] Trial 9 finished with value: 0.95 and parameters: {'C': 0.008681727362499118, 'penalty': 'l2'}. Best is trial 0 with value: 0.95.
[I 2025-05-26 03:22:10,104] Trial 10 finished with value: 0.95 and parameters: {'C': 0.0010146302597657177, 'penalty': 'l2'}. Best is trial 0 with value: 0.95.
[I 2025-05-26 03:22:10,134] Trial 11 finished with value: 0.95 and parameters: {'C': 61.74667908323206, 'penalty': 'l2'}. Best is trial 0 with value: 0.95.
[I 2025-05-26 03:22:10,152] Trial 12 finished with value: 0.95 and parameters: {'C': 0.07806066539229185, 'penalty': 'l2'}. Best is trial 0 with value: 0.95.
[I 2025-05-26 03:22:10,828] Trial 13 finished with value: 0.95 and parameters: {'C': 4.948583609511714, 'penalty': 'l2'}. Best is trial 0 with value: 0.95.
[I 2025-05-26 03:22:11,576] Trial 14 finished with value: 0.95 and parameters: {'C': 0.001040870868316403, 'penalty': 'l2'}. Best is trial 0 with value: 0.95.
[I 2025-05-26 03:22:11,607] Trial 15 finished with value: 0.95 and parameters: {'C': 7.01655100276303, 'penalty': 'l2'}. Best is trial 0 with value: 0.95.
[I 2025-05-26 03:22:11,638] Trial 16 finished with value: 0.95 and parameters: {'C': 0.007210574547652081, 'penalty': 'l2'}. Best is trial 0 with value: 0.95.
[I 2025-05-26 03:22:11,656] Trial 17 finished with value: 0.95 and parameters: {'C': 1.4752552821847151, 'penalty': 'l2'}. Best is trial 0 with value: 0.95.
[I 2025-05-26 03:22:11,684] Trial 18 finished with value: 0.95 and parameters: {'C': 0.05658298018503892, 'penalty': 'l2'}. Best is trial 0 with value: 0.95.
[I 2025-05-26 03:22:11,725] Trial 19 finished with value: 0.95 and parameters: {'C': 17.308995845007956, 'penalty': 'l2'}. Best is trial 0 with value: 0.95.
/data/home/rtabares/anaconda3/envs/pyth3.12/lib/python3.12/site-packages/xgboost/core.py:377: FutureWarning: Your system has an old version of glibc (< 2.28). We will stop supporting Linux distros with glibc older than 2.28 after **May 31, 2025**. Please upgrade to a recent Linux distro (with glibc >= 2.28) to use future versions of XGBoost.
Note: You have installed the 'manylinux2014' variant of XGBoost. Certain features such as GPU algorithms or federated learning are not available. To use these features, please upgrade to a recent Linux distro with glibc 2.28+, and install the 'manylinux_2_28' variant.
  warnings.warn(
[I 2025-05-26 03:22:14,791] A new study created in memory with name: mlp
Parámetros guardados en checkpoint_shoppers_Dlatent_F/lc/IPC_10/best_models_lc_seed_5_space_original/logreg_best_params.json


>>> Optuna tuning mlp metodo lc IPC 10 seed 5


/data/home/rtabares/anaconda3/envs/pyth3.12/lib/python3.12/site-packages/sklearn/neural_network/_multilayer_perceptron.py:691: ConvergenceWarning: Stochastic Optimizer: Maximum iterations (50) reached and the optimization hasn't converged yet.
  warnings.warn(
/data/home/rtabares/anaconda3/envs/pyth3.12/lib/python3.12/site-packages/sklearn/neural_network/_multilayer_perceptron.py:691: ConvergenceWarning: Stochastic Optimizer: Maximum iterations (50) reached and the optimization hasn't converged yet.
  warnings.warn(
/data/home/rtabares/anaconda3/envs/pyth3.12/lib/python3.12/site-packages/sklearn/neural_network/_multilayer_perceptron.py:691: ConvergenceWarning: Stochastic Optimizer: Maximum iterations (50) reached and the optimization hasn't converged yet.
  warnings.warn(
/data/home/rtabares/anaconda3/envs/pyth3.12/lib/python3.12/site-packages/sklearn/neural_network/_multilayer_perceptron.py:691: ConvergenceWarning: Stochastic Optimizer: Maximum iterations (50) reached and the optimization hasn't converged yet.
  warnings.warn(
[I 2025-05-26 03:22:15,575] Trial 0 finished with value: 0.95 and parameters: {'hidden_layer_sizes': (200,), 'max_iter': 50, 'alpha': 0.001}. Best is trial 0 with value: 0.95.
/data/home/rtabares/anaconda3/envs/pyth3.12/lib/python3.12/site-packages/sklearn/neural_network/_multilayer_perceptron.py:691: ConvergenceWarning: Stochastic Optimizer: Maximum iterations (100) reached and the optimization hasn't converged yet.
  warnings.warn(
/data/home/rtabares/anaconda3/envs/pyth3.12/lib/python3.12/site-packages/sklearn/neural_network/_multilayer_perceptron.py:691: ConvergenceWarning: Stochastic Optimizer: Maximum iterations (100) reached and the optimization hasn't converged yet.
  warnings.warn(
/data/home/rtabares/anaconda3/envs/pyth3.12/lib/python3.12/site-packages/sklearn/neural_network/_multilayer_perceptron.py:691: ConvergenceWarning: Stochastic Optimizer: Maximum iterations (100) reached and the optimization hasn't converged yet.
  warnings.warn(
/data/home/rtabares/anaconda3/envs/pyth3.12/lib/python3.12/site-packages/sklearn/neural_network/_multilayer_perceptron.py:691: ConvergenceWarning: Stochastic Optimizer: Maximum iterations (100) reached and the optimization hasn't converged yet.
  warnings.warn(
/data/home/rtabares/anaconda3/envs/pyth3.12/lib/python3.12/site-packages/sklearn/neural_network/_multilayer_perceptron.py:691: ConvergenceWarning: Stochastic Optimizer: Maximum iterations (100) reached and the optimization hasn't converged yet.
  warnings.warn(
[I 2025-05-26 03:22:16,328] Trial 1 finished with value: 0.95 and parameters: {'hidden_layer_sizes': (100,), 'max_iter': 100, 'alpha': 0.0001}. Best is trial 0 with value: 0.95.
/data/home/rtabares/anaconda3/envs/pyth3.12/lib/python3.12/site-packages/sklearn/neural_network/_multilayer_perceptron.py:691: ConvergenceWarning: Stochastic Optimizer: Maximum iterations (100) reached and the optimization hasn't converged yet.
  warnings.warn(
/data/home/rtabares/anaconda3/envs/pyth3.12/lib/python3.12/site-packages/sklearn/neural_network/_multilayer_perceptron.py:691: ConvergenceWarning: Stochastic Optimizer: Maximum iterations (100) reached and the optimization hasn't converged yet.
  warnings.warn(
/data/home/rtabares/anaconda3/envs/pyth3.12/lib/python3.12/site-packages/sklearn/neural_network/_multilayer_perceptron.py:691: ConvergenceWarning: Stochastic Optimizer: Maximum iterations (100) reached and the optimization hasn't converged yet.
  warnings.warn(
/data/home/rtabares/anaconda3/envs/pyth3.12/lib/python3.12/site-packages/sklearn/neural_network/_multilayer_perceptron.py:691: ConvergenceWarning: Stochastic Optimizer: Maximum iterations (100) reached and the optimization hasn't converged yet.
  warnings.warn(
/data/home/rtabares/anaconda3/envs/pyth3.12/lib/python3.12/site-packages/sklearn/neural_network/_multilayer_perceptron.py:691: ConvergenceWarning: Stochastic Optimizer: Maximum iterations (100) reached and the optimization hasn't converged yet.
  warnings.warn(
