[I 2025-05-26 03:27:16,217] Trial 15 finished with value: 0.85 and parameters: {'n_estimators': 10, 'max_depth': 30, 'gamma': 0.47255805958028635, 'subsample': 0.6465083094649902, 'colsample_bytree': 0.6694632982744902}. Best is trial 1 with value: 0.95.
/data/home/rtabares/anaconda3/envs/pyth3.12/lib/python3.12/site-packages/xgboost/core.py:377: FutureWarning: Your system has an old version of glibc (< 2.28). We will stop supporting Linux distros with glibc older than 2.28 after **May 31, 2025**. Please upgrade to a recent Linux distro (with glibc >= 2.28) to use future versions of XGBoost.
Note: You have installed the 'manylinux2014' variant of XGBoost. Certain features such as GPU algorithms or federated learning are not available. To use these features, please upgrade to a recent Linux distro with glibc 2.28+, and install the 'manylinux_2_28' variant.
  warnings.warn(
[I 2025-05-26 03:27:16,964] Trial 16 finished with value: 0.95 and parameters: {'n_estimators': 10, 'max_depth': 20, 'gamma': 0.7461853787905023, 'subsample': 0.9368087475156379, 'colsample_bytree': 0.7934666123110111}. Best is trial 1 with value: 0.95.
[I 2025-05-26 03:27:17,012] Trial 17 finished with value: 0.95 and parameters: {'n_estimators': 100, 'max_depth': 30, 'gamma': 0.5818209581005225, 'subsample': 0.5053007952589881, 'colsample_bytree': 0.6059836019469489}. Best is trial 1 with value: 0.95.
/data/home/rtabares/anaconda3/envs/pyth3.12/lib/python3.12/site-packages/xgboost/core.py:377: FutureWarning: Your system has an old version of glibc (< 2.28). We will stop supporting Linux distros with glibc older than 2.28 after **May 31, 2025**. Please upgrade to a recent Linux distro (with glibc >= 2.28) to use future versions of XGBoost.
Note: You have installed the 'manylinux2014' variant of XGBoost. Certain features such as GPU algorithms or federated learning are not available. To use these features, please upgrade to a recent Linux distro with glibc 2.28+, and install the 'manylinux_2_28' variant.
  warnings.warn(
[I 2025-05-26 03:27:17,688] Trial 18 finished with value: 0.95 and parameters: {'n_estimators': 100, 'max_depth': 20, 'gamma': 0.8102317850451917, 'subsample': 0.75564025339754, 'colsample_bytree': 0.7022619691485179}. Best is trial 1 with value: 0.95.
[I 2025-05-26 03:27:17,729] Trial 19 finished with value: 0.9 and parameters: {'n_estimators': 10, 'max_depth': 5, 'gamma': 0.6459743075644228, 'subsample': 0.843120324979256, 'colsample_bytree': 0.875058619134271}. Best is trial 1 with value: 0.95.
[I 2025-05-26 03:27:19,832] A new study created in memory with name: rf
Parámetros guardados en checkpoint_shoppers_Dlatent_F/k-means/IPC_10/best_models_k-means_seed_6_space_original/xgb_best_params.json


>>> Optuna tuning rf metodo k-means IPC 10 seed 6


[I 2025-05-26 03:27:23,903] Trial 0 finished with value: 0.85 and parameters: {'n_estimators': 458, 'max_depth': 8, 'min_samples_split': 9, 'min_samples_leaf': 1}. Best is trial 0 with value: 0.85.
[I 2025-05-26 03:27:24,500] Trial 1 finished with value: 0.85 and parameters: {'n_estimators': 143, 'max_depth': 13, 'min_samples_split': 6, 'min_samples_leaf': 5}. Best is trial 0 with value: 0.85.
[I 2025-05-26 03:27:24,799] Trial 2 finished with value: 0.5 and parameters: {'n_estimators': 234, 'max_depth': 14, 'min_samples_split': 5, 'min_samples_leaf': 8}. Best is trial 0 with value: 0.85.
[I 2025-05-26 03:27:25,447] Trial 3 finished with value: 0.5 and parameters: {'n_estimators': 307, 'max_depth': 13, 'min_samples_split': 7, 'min_samples_leaf': 10}. Best is trial 0 with value: 0.85.
[I 2025-05-26 03:27:26,285] Trial 4 finished with value: 0.5 and parameters: {'n_estimators': 428, 'max_depth': 10, 'min_samples_split': 9, 'min_samples_leaf': 9}. Best is trial 0 with value: 0.85.
[I 2025-05-26 03:27:26,630] Trial 5 finished with value: 0.5 and parameters: {'n_estimators': 121, 'max_depth': 15, 'min_samples_split': 9, 'min_samples_leaf': 8}. Best is trial 0 with value: 0.85.
[I 2025-05-26 03:27:27,067] Trial 6 finished with value: 0.5 and parameters: {'n_estimators': 384, 'max_depth': 12, 'min_samples_split': 3, 'min_samples_leaf': 10}. Best is trial 0 with value: 0.85.
[I 2025-05-26 03:27:27,428] Trial 7 finished with value: 0.5 and parameters: {'n_estimators': 261, 'max_depth': 6, 'min_samples_split': 8, 'min_samples_leaf': 10}. Best is trial 0 with value: 0.85.
[I 2025-05-26 03:27:27,687] Trial 8 finished with value: 0.5 and parameters: {'n_estimators': 202, 'max_depth': 15, 'min_samples_split': 7, 'min_samples_leaf': 8}. Best is trial 0 with value: 0.85.
[I 2025-05-26 03:27:28,279] Trial 9 finished with value: 0.85 and parameters: {'n_estimators': 475, 'max_depth': 9, 'min_samples_split': 4, 'min_samples_leaf': 5}. Best is trial 0 with value: 0.85.
[I 2025-05-26 03:27:28,718] Trial 10 finished with value: 0.75 and parameters: {'n_estimators': 352, 'max_depth': 20, 'min_samples_split': 10, 'min_samples_leaf': 1}. Best is trial 0 with value: 0.85.
[I 2025-05-26 03:27:29,578] Trial 11 finished with value: 0.85 and parameters: {'n_estimators': 110, 'max_depth': 4, 'min_samples_split': 6, 'min_samples_leaf': 1}. Best is trial 0 with value: 0.85.
[I 2025-05-26 03:27:30,136] Trial 12 finished with value: 0.8 and parameters: {'n_estimators': 489, 'max_depth': 7, 'min_samples_split': 2, 'min_samples_leaf': 4}. Best is trial 0 with value: 0.85.
[I 2025-05-26 03:27:31,148] Trial 13 finished with value: 0.9 and parameters: {'n_estimators': 201, 'max_depth': 18, 'min_samples_split': 5, 'min_samples_leaf': 3}. Best is trial 13 with value: 0.9.
[I 2025-05-26 03:27:32,137] Trial 14 finished with value: 0.8 and parameters: {'n_estimators': 192, 'max_depth': 20, 'min_samples_split': 4, 'min_samples_leaf': 3}. Best is trial 13 with value: 0.9.
[I 2025-05-26 03:27:32,561] Trial 15 finished with value: 0.9 and parameters: {'n_estimators': 308, 'max_depth': 17, 'min_samples_split': 5, 'min_samples_leaf': 2}. Best is trial 13 with value: 0.9.
[I 2025-05-26 03:27:32,940] Trial 16 finished with value: 0.85 and parameters: {'n_estimators': 301, 'max_depth': 17, 'min_samples_split': 5, 'min_samples_leaf': 3}. Best is trial 13 with value: 0.9.
[I 2025-05-26 03:27:33,335] Trial 17 finished with value: 0.85 and parameters: {'n_estimators': 354, 'max_depth': 18, 'min_samples_split': 4, 'min_samples_leaf': 3}. Best is trial 13 with value: 0.9.
[I 2025-05-26 03:27:33,684] Trial 18 finished with value: 0.8 and parameters: {'n_estimators': 250, 'max_depth': 17, 'min_samples_split': 5, 'min_samples_leaf': 2}. Best is trial 13 with value: 0.9.
[I 2025-05-26 03:27:33,930] Trial 19 finished with value: 0.85 and parameters: {'n_estimators': 167, 'max_depth': 18, 'min_samples_split': 2, 'min_samples_leaf': 6}. Best is trial 13 with value: 0.9.
[I 2025-05-26 03:27:37,007] A new study created in memory with name: svc
Parámetros guardados en checkpoint_shoppers_Dlatent_F/k-means/IPC_10/best_models_k-means_seed_6_space_original/rf_best_params.json


>>> Optuna tuning svc metodo k-means IPC 10 seed 6


[I 2025-05-26 03:27:39,703] Trial 0 finished with value: 0.85 and parameters: {'C': 37.27697013499731, 'gamma': 0.0021277432488243223}. Best is trial 0 with value: 0.85.
[I 2025-05-26 03:27:39,976] Trial 1 finished with value: 0.55 and parameters: {'C': 19.271543171162776, 'gamma': 0.00014682043379470554}. Best is trial 0 with value: 0.85.
[I 2025-05-26 03:27:39,994] Trial 2 finished with value: 0.55 and parameters: {'C': 0.0269542169583157, 'gamma': 0.023999835049635022}. Best is trial 0 with value: 0.85.
[I 2025-05-26 03:27:40,010] Trial 3 finished with value: 0.55 and parameters: {'C': 1.3160410886450586, 'gamma': 0.0047340159215720195}. Best is trial 0 with value: 0.85.
[I 2025-05-26 03:27:40,024] Trial 4 finished with value: 0.55 and parameters: {'C': 0.21959952535674737, 'gamma': 0.030908485742507576}. Best is trial 0 with value: 0.85.
[I 2025-05-26 03:27:40,039] Trial 5 finished with value: 0.7 and parameters: {'C': 0.5656733313644114, 'gamma': 0.08780685564625502}. Best is trial 0 with value: 0.85.
[I 2025-05-26 03:27:40,053] Trial 6 finished with value: 0.55 and parameters: {'C': 1.1807165425157664, 'gamma': 0.020674470756231633}. Best is trial 0 with value: 0.85.
[I 2025-05-26 03:27:40,068] Trial 7 finished with value: 0.6 and parameters: {'C': 3.8143486186647126, 'gamma': 0.9138966502602072}. Best is trial 0 with value: 0.85.
[I 2025-05-26 03:27:40,083] Trial 8 finished with value: 0.85 and parameters: {'C': 19.029737066374768, 'gamma': 0.004495766421289856}. Best is trial 0 with value: 0.85.
[I 2025-05-26 03:27:40,098] Trial 9 finished with value: 0.6 and parameters: {'C': 31.994153257994277, 'gamma': 0.19725941020937518}. Best is trial 0 with value: 0.85.
[I 2025-05-26 03:27:40,121] Trial 10 finished with value: 0.7 and parameters: {'C': 96.80643961619926, 'gamma': 0.0004009308447180715}. Best is trial 0 with value: 0.85.
[I 2025-05-26 03:27:40,867] Trial 11 finished with value: 0.6 and parameters: {'C': 9.896624772185135, 'gamma': 0.002535147656205105}. Best is trial 0 with value: 0.85.
[I 2025-05-26 03:27:41,597] Trial 12 finished with value: 0.85 and parameters: {'C': 73.14040788468016, 'gamma': 0.0011178094602157474}. Best is trial 0 with value: 0.85.
[I 2025-05-26 03:27:41,621] Trial 13 finished with value: 0.55 and parameters: {'C': 5.512710744479732, 'gamma': 0.001180682681522933}. Best is trial 0 with value: 0.85.
[I 2025-05-26 03:27:41,647] Trial 14 finished with value: 0.8 and parameters: {'C': 28.199473611006507, 'gamma': 0.006894762954990565}. Best is trial 0 with value: 0.85.
[I 2025-05-26 03:27:41,684] Trial 15 finished with value: 0.55 and parameters: {'C': 0.07931370583208394, 'gamma': 0.0005914713254872686}. Best is trial 0 with value: 0.85.
[I 2025-05-26 03:27:42,413] Trial 16 finished with value: 0.55 and parameters: {'C': 3.2002685643795457, 'gamma': 0.00013108517561580927}. Best is trial 0 with value: 0.85.
[I 2025-05-26 03:27:42,435] Trial 17 finished with value: 0.75 and parameters: {'C': 11.712036156313884, 'gamma': 0.0036347217421542365}. Best is trial 0 with value: 0.85.
[I 2025-05-26 03:27:42,459] Trial 18 finished with value: 0.8 and parameters: {'C': 51.25545049160052, 'gamma': 0.011041664001965566}. Best is trial 0 with value: 0.85.
[I 2025-05-26 03:27:42,484] Trial 19 finished with value: 0.55 and parameters: {'C': 0.013103877820334748, 'gamma': 0.0017432090040826558}. Best is trial 0 with value: 0.85.
[I 2025-05-26 03:27:45,087] A new study created in memory with name: logreg
Parámetros guardados en checkpoint_shoppers_Dlatent_F/k-means/IPC_10/best_models_k-means_seed_6_space_original/svc_best_params.json


>>> Optuna tuning logreg metodo k-means IPC 10 seed 6


[I 2025-05-26 03:27:47,692] Trial 0 finished with value: 0.9 and parameters: {'C': 29.127335430981816, 'penalty': 'l2'}. Best is trial 0 with value: 0.9.
[I 2025-05-26 03:27:47,962] Trial 1 finished with value: 0.75 and parameters: {'C': 0.045698192893558344, 'penalty': 'l2'}. Best is trial 0 with value: 0.9.
[I 2025-05-26 03:27:47,991] Trial 2 finished with value: 0.85 and parameters: {'C': 12.768668597712947, 'penalty': 'l2'}. Best is trial 0 with value: 0.9.
[I 2025-05-26 03:27:48,633] Trial 3 finished with value: 0.75 and parameters: {'C': 0.0016161554408462638, 'penalty': 'l2'}. Best is trial 0 with value: 0.9.
[I 2025-05-26 03:27:48,670] Trial 4 finished with value: 0.75 and parameters: {'C': 0.0034536903703241734, 'penalty': 'l2'}. Best is trial 0 with value: 0.9.
[I 2025-05-26 03:27:48,696] Trial 5 finished with value: 0.85 and parameters: {'C': 0.9446269266990148, 'penalty': 'l2'}. Best is trial 0 with value: 0.9.
[I 2025-05-26 03:27:48,723] Trial 6 finished with value: 0.8 and parameters: {'C': 0.4457453393648168, 'penalty': 'l2'}. Best is trial 0 with value: 0.9.
[I 2025-05-26 03:27:48,748] Trial 7 finished with value: 0.85 and parameters: {'C': 0.12417585037258261, 'penalty': 'l2'}. Best is trial 0 with value: 0.9.
[I 2025-05-26 03:27:48,763] Trial 8 finished with value: 0.75 and parameters: {'C': 0.04753781830244093, 'penalty': 'l2'}. Best is trial 0 with value: 0.9.
[I 2025-05-26 03:27:48,787] Trial 9 finished with value: 0.85 and parameters: {'C': 1.2959766028194148, 'penalty': 'l2'}. Best is trial 0 with value: 0.9.
[I 2025-05-26 03:27:48,819] Trial 10 finished with value: 0.9 and parameters: {'C': 96.02411422716075, 'penalty': 'l2'}. Best is trial 0 with value: 0.9.
[I 2025-05-26 03:27:49,499] Trial 11 finished with value: 0.9 and parameters: {'C': 59.9697718692158, 'penalty': 'l2'}. Best is trial 0 with value: 0.9.
[I 2025-05-26 03:27:50,231] Trial 12 finished with value: 0.9 and parameters: {'C': 82.8768656483412, 'penalty': 'l2'}. Best is trial 0 with value: 0.9.
[I 2025-05-26 03:27:50,264] Trial 13 finished with value: 0.85 and parameters: {'C': 9.596516566476016, 'penalty': 'l2'}. Best is trial 0 with value: 0.9.
[I 2025-05-26 03:27:50,296] Trial 14 finished with value: 0.85 and parameters: {'C': 8.256835675350551, 'penalty': 'l2'}. Best is trial 0 with value: 0.9.
[I 2025-05-26 03:27:51,026] Trial 15 finished with value: 0.85 and parameters: {'C': 26.496420494439075, 'penalty': 'l2'}. Best is trial 0 with value: 0.9.
[I 2025-05-26 03:27:51,704] Trial 16 finished with value: 0.85 and parameters: {'C': 3.0038491817483806, 'penalty': 'l2'}. Best is trial 0 with value: 0.9.
[I 2025-05-26 03:27:51,734] Trial 17 finished with value: 0.9 and parameters: {'C': 69.67595105114795, 'penalty': 'l2'}. Best is trial 0 with value: 0.9.
[I 2025-05-26 03:27:51,763] Trial 18 finished with value: 0.85 and parameters: {'C': 3.1043628200283595, 'penalty': 'l2'}. Best is trial 0 with value: 0.9.
[I 2025-05-26 03:27:51,794] Trial 19 finished with value: 0.85 and parameters: {'C': 24.380294633562425, 'penalty': 'l2'}. Best is trial 0 with value: 0.9.
/data/home/rtabares/anaconda3/envs/pyth3.12/lib/python3.12/site-packages/xgboost/core.py:377: FutureWarning: Your system has an old version of glibc (< 2.28). We will stop supporting Linux distros with glibc older than 2.28 after **May 31, 2025**. Please upgrade to a recent Linux distro (with glibc >= 2.28) to use future versions of XGBoost.
Note: You have installed the 'manylinux2014' variant of XGBoost. Certain features such as GPU algorithms or federated learning are not available. To use these features, please upgrade to a recent Linux distro with glibc 2.28+, and install the 'manylinux_2_28' variant.
  warnings.warn(
[I 2025-05-26 03:27:53,715] A new study created in memory with name: mlp
/data/home/rtabares/anaconda3/envs/pyth3.12/lib/python3.12/site-packages/sklearn/neural_network/_multilayer_perceptron.py:691: ConvergenceWarning: Stochastic Optimizer: Maximum iterations (100) reached and the optimization hasn't converged yet.
  warnings.warn(
/data/home/rtabares/anaconda3/envs/pyth3.12/lib/python3.12/site-packages/sklearn/neural_network/_multilayer_perceptron.py:691: ConvergenceWarning: Stochastic Optimizer: Maximum iterations (100) reached and the optimization hasn't converged yet.
  warnings.warn(
/data/home/rtabares/anaconda3/envs/pyth3.12/lib/python3.12/site-packages/sklearn/neural_network/_multilayer_perceptron.py:691: ConvergenceWarning: Stochastic Optimizer: Maximum iterations (100) reached and the optimization hasn't converged yet.
  warnings.warn(
/data/home/rtabares/anaconda3/envs/pyth3.12/lib/python3.12/site-packages/sklearn/neural_network/_multilayer_perceptron.py:691: ConvergenceWarning: Stochastic Optimizer: Maximum iterations (100) reached and the optimization hasn't converged yet.
  warnings.warn(
/data/home/rtabares/anaconda3/envs/pyth3.12/lib/python3.12/site-packages/sklearn/neural_network/_multilayer_perceptron.py:691: ConvergenceWarning: Stochastic Optimizer: Maximum iterations (100) reached and the optimization hasn't converged yet.
  warnings.warn(
[I 2025-05-26 03:27:54,376] Trial 0 finished with value: 0.7 and parameters: {'hidden_layer_sizes': (100,), 'max_iter': 100, 'alpha': 0.0001}. Best is trial 0 with value: 0.7.
Parámetros guardados en checkpoint_shoppers_Dlatent_F/k-means/IPC_10/best_models_k-means_seed_6_space_original/logreg_best_params.json


>>> Optuna tuning mlp metodo k-means IPC 10 seed 6


/data/home/rtabares/anaconda3/envs/pyth3.12/lib/python3.12/site-packages/sklearn/neural_network/_multilayer_perceptron.py:691: ConvergenceWarning: Stochastic Optimizer: Maximum iterations (100) reached and the optimization hasn't converged yet.
  warnings.warn(
/data/home/rtabares/anaconda3/envs/pyth3.12/lib/python3.12/site-packages/sklearn/neural_network/_multilayer_perceptron.py:691: ConvergenceWarning: Stochastic Optimizer: Maximum iterations (100) reached and the optimization hasn't converged yet.
  warnings.warn(
/data/home/rtabares/anaconda3/envs/pyth3.12/lib/python3.12/site-packages/sklearn/neural_network/_multilayer_perceptron.py:691: ConvergenceWarning: Stochastic Optimizer: Maximum iterations (100) reached and the optimization hasn't converged yet.
  warnings.warn(
/data/home/rtabares/anaconda3/envs/pyth3.12/lib/python3.12/site-packages/sklearn/neural_network/_multilayer_perceptron.py:691: ConvergenceWarning: Stochastic Optimizer: Maximum iterations (100) reached and the optimization hasn't converged yet.
  warnings.warn(
/data/home/rtabares/anaconda3/envs/pyth3.12/lib/python3.12/site-packages/sklearn/neural_network/_multilayer_perceptron.py:691: ConvergenceWarning: Stochastic Optimizer: Maximum iterations (100) reached and the optimization hasn't converged yet.
  warnings.warn(
[I 2025-05-26 03:27:56,999] Trial 1 finished with value: 0.75 and parameters: {'hidden_layer_sizes': (100, 100), 'max_iter': 100, 'alpha': 0.001}. Best is trial 1 with value: 0.75.
/data/home/rtabares/anaconda3/envs/pyth3.12/lib/python3.12/site-packages/sklearn/neural_network/_multilayer_perceptron.py:691: ConvergenceWarning: Stochastic Optimizer: Maximum iterations (100) reached and the optimization hasn't converged yet.
  warnings.warn(
/data/home/rtabares/anaconda3/envs/pyth3.12/lib/python3.12/site-packages/sklearn/neural_network/_multilayer_perceptron.py:691: ConvergenceWarning: Stochastic Optimizer: Maximum iterations (100) reached and the optimization hasn't converged yet.
  warnings.warn(
/data/home/rtabares/anaconda3/envs/pyth3.12/lib/python3.12/site-packages/sklearn/neural_network/_multilayer_perceptron.py:691: ConvergenceWarning: Stochastic Optimizer: Maximum iterations (100) reached and the optimization hasn't converged yet.
  warnings.warn(
/data/home/rtabares/anaconda3/envs/pyth3.12/lib/python3.12/site-packages/sklearn/neural_network/_multilayer_perceptron.py:691: ConvergenceWarning: Stochastic Optimizer: Maximum iterations (100) reached and the optimization hasn't converged yet.
  warnings.warn(
/data/home/rtabares/anaconda3/envs/pyth3.12/lib/python3.12/site-packages/sklearn/neural_network/_multilayer_perceptron.py:691: ConvergenceWarning: Stochastic Optimizer: Maximum iterations (100) reached and the optimization hasn't converged yet.
  warnings.warn(
[I 2025-05-26 03:27:57,564] Trial 2 finished with value: 0.65 and parameters: {'hidden_layer_sizes': (200,), 'max_iter': 100, 'alpha': 0.0001}. Best is trial 1 with value: 0.75.
/data/home/rtabares/anaconda3/envs/pyth3.12/lib/python3.12/site-packages/sklearn/neural_network/_multilayer_perceptron.py:691: ConvergenceWarning: Stochastic Optimizer: Maximum iterations (50) reached and the optimization hasn't converged yet.
  warnings.warn(
/data/home/rtabares/anaconda3/envs/pyth3.12/lib/python3.12/site-packages/sklearn/neural_network/_multilayer_perceptron.py:691: ConvergenceWarning: Stochastic Optimizer: Maximum iterations (50) reached and the optimization hasn't converged yet.
  warnings.warn(
/data/home/rtabares/anaconda3/envs/pyth3.12/lib/python3.12/site-packages/sklearn/neural_network/_multilayer_perceptron.py:691: ConvergenceWarning: Stochastic Optimizer: Maximum iterations (50) reached and the optimization hasn't converged yet.
  warnings.warn(
/data/home/rtabares/anaconda3/envs/pyth3.12/lib/python3.12/site-packages/sklearn/neural_network/_multilayer_perceptron.py:691: ConvergenceWarning: Stochastic Optimizer: Maximum iterations (50) reached and the optimization hasn't converged yet.
  warnings.warn(
/data/home/rtabares/anaconda3/envs/pyth3.12/lib/python3.12/site-packages/sklearn/neural_network/_multilayer_perceptron.py:691: ConvergenceWarning: Stochastic Optimizer: Maximum iterations (50) reached and the optimization hasn't converged yet.
  warnings.warn(
[I 2025-05-26 03:27:57,609] Trial 3 finished with value: 0.75 and parameters: {'hidden_layer_sizes': (200,), 'max_iter': 50, 'alpha': 0.001}. Best is trial 1 with value: 0.75.
/data/home/rtabares/anaconda3/envs/pyth3.12/lib/python3.12/site-packages/sklearn/neural_network/_multilayer_perceptron.py:691: ConvergenceWarning: Stochastic Optimizer: Maximum iterations (50) reached and the optimization hasn't converged yet.
  warnings.warn(
/data/home/rtabares/anaconda3/envs/pyth3.12/lib/python3.12/site-packages/sklearn/neural_network/_multilayer_perceptron.py:691: ConvergenceWarning: Stochastic Optimizer: Maximum iterations (50) reached and the optimization hasn't converged yet.
  warnings.warn(
/data/home/rtabares/anaconda3/envs/pyth3.12/lib/python3.12/site-packages/sklearn/neural_network/_multilayer_perceptron.py:691: ConvergenceWarning: Stochastic Optimizer: Maximum iterations (50) reached and the optimization hasn't converged yet.
  warnings.warn(
/data/home/rtabares/anaconda3/envs/pyth3.12/lib/python3.12/site-packages/sklearn/neural_network/_multilayer_perceptron.py:691: ConvergenceWarning: Stochastic Optimizer: Maximum iterations (50) reached and the optimization hasn't converged yet.
  warnings.warn(
/data/home/rtabares/anaconda3/envs/pyth3.12/lib/python3.12/site-packages/sklearn/neural_network/_multilayer_perceptron.py:691: ConvergenceWarning: Stochastic Optimizer: Maximum iterations (50) reached and the optimization hasn't converged yet.
  warnings.warn(
