[I 2025-05-26 03:25:06,297] Trial 7 finished with value: 0.5 and parameters: {'n_estimators': 261, 'max_depth': 6, 'min_samples_split': 8, 'min_samples_leaf': 10}. Best is trial 0 with value: 0.9.
[I 2025-05-26 03:25:06,573] Trial 8 finished with value: 0.5 and parameters: {'n_estimators': 202, 'max_depth': 15, 'min_samples_split': 7, 'min_samples_leaf': 8}. Best is trial 0 with value: 0.9.
[I 2025-05-26 03:25:07,121] Trial 9 finished with value: 0.8 and parameters: {'n_estimators': 475, 'max_depth': 9, 'min_samples_split': 4, 'min_samples_leaf': 5}. Best is trial 0 with value: 0.9.
[I 2025-05-26 03:25:07,592] Trial 10 finished with value: 0.9 and parameters: {'n_estimators': 352, 'max_depth': 20, 'min_samples_split': 10, 'min_samples_leaf': 1}. Best is trial 0 with value: 0.9.
[I 2025-05-26 03:25:08,662] Trial 11 finished with value: 0.85 and parameters: {'n_estimators': 363, 'max_depth': 20, 'min_samples_split': 10, 'min_samples_leaf': 1}. Best is trial 0 with value: 0.9.
[I 2025-05-26 03:25:09,955] Trial 12 finished with value: 0.9 and parameters: {'n_estimators': 489, 'max_depth': 4, 'min_samples_split': 10, 'min_samples_leaf': 1}. Best is trial 0 with value: 0.9.
[I 2025-05-26 03:25:10,350] Trial 13 finished with value: 0.9 and parameters: {'n_estimators': 351, 'max_depth': 20, 'min_samples_split': 10, 'min_samples_leaf': 3}. Best is trial 0 with value: 0.9.
[I 2025-05-26 03:25:11,736] Trial 14 finished with value: 0.85 and parameters: {'n_estimators': 426, 'max_depth': 7, 'min_samples_split': 8, 'min_samples_leaf': 3}. Best is trial 0 with value: 0.9.
[I 2025-05-26 03:25:12,152] Trial 15 finished with value: 0.9 and parameters: {'n_estimators': 314, 'max_depth': 17, 'min_samples_split': 8, 'min_samples_leaf': 3}. Best is trial 0 with value: 0.9.
[I 2025-05-26 03:25:12,644] Trial 16 finished with value: 0.9 and parameters: {'n_estimators': 421, 'max_depth': 9, 'min_samples_split': 9, 'min_samples_leaf': 2}. Best is trial 0 with value: 0.9.
[I 2025-05-26 03:25:13,161] Trial 17 finished with value: 0.9 and parameters: {'n_estimators': 468, 'max_depth': 3, 'min_samples_split': 2, 'min_samples_leaf': 6}. Best is trial 0 with value: 0.9.
[I 2025-05-26 03:25:13,763] Trial 18 finished with value: 0.9 and parameters: {'n_estimators': 379, 'max_depth': 17, 'min_samples_split': 7, 'min_samples_leaf': 2}. Best is trial 0 with value: 0.9.
[I 2025-05-26 03:25:14,128] Trial 19 finished with value: 0.75 and parameters: {'n_estimators': 279, 'max_depth': 6, 'min_samples_split': 6, 'min_samples_leaf': 6}. Best is trial 0 with value: 0.9.
[I 2025-05-26 03:25:17,730] A new study created in memory with name: svc
Parámetros guardados en checkpoint_shoppers_Dlatent_F/random/IPC_10/best_models_random_seed_6_space_original/rf_best_params.json


>>> Optuna tuning svc metodo random IPC 10 seed 6


[I 2025-05-26 03:25:20,604] Trial 0 finished with value: 0.9 and parameters: {'C': 37.27697013499731, 'gamma': 0.0021277432488243223}. Best is trial 0 with value: 0.9.
[I 2025-05-26 03:25:20,875] Trial 1 finished with value: 0.85 and parameters: {'C': 19.271543171162776, 'gamma': 0.00014682043379470554}. Best is trial 0 with value: 0.9.
[I 2025-05-26 03:25:20,892] Trial 2 finished with value: 0.9 and parameters: {'C': 0.0269542169583157, 'gamma': 0.023999835049635022}. Best is trial 0 with value: 0.9.
[I 2025-05-26 03:25:20,906] Trial 3 finished with value: 0.9 and parameters: {'C': 1.3160410886450586, 'gamma': 0.0047340159215720195}. Best is trial 0 with value: 0.9.
[I 2025-05-26 03:25:20,920] Trial 4 finished with value: 0.85 and parameters: {'C': 0.21959952535674737, 'gamma': 0.030908485742507576}. Best is trial 0 with value: 0.9.
[I 2025-05-26 03:25:20,934] Trial 5 finished with value: 0.85 and parameters: {'C': 0.5656733313644114, 'gamma': 0.08780685564625502}. Best is trial 0 with value: 0.9.
[I 2025-05-26 03:25:20,950] Trial 6 finished with value: 0.85 and parameters: {'C': 1.1807165425157664, 'gamma': 0.020674470756231633}. Best is trial 0 with value: 0.9.
[I 2025-05-26 03:25:20,964] Trial 7 finished with value: 0.75 and parameters: {'C': 3.8143486186647126, 'gamma': 0.9138966502602072}. Best is trial 0 with value: 0.9.
[I 2025-05-26 03:25:20,978] Trial 8 finished with value: 0.9 and parameters: {'C': 19.029737066374768, 'gamma': 0.004495766421289856}. Best is trial 0 with value: 0.9.
[I 2025-05-26 03:25:20,994] Trial 9 finished with value: 0.9 and parameters: {'C': 31.994153257994277, 'gamma': 0.19725941020937518}. Best is trial 0 with value: 0.9.
[I 2025-05-26 03:25:21,027] Trial 10 finished with value: 0.9 and parameters: {'C': 96.80643961619926, 'gamma': 0.0004009308447180715}. Best is trial 0 with value: 0.9.
[I 2025-05-26 03:25:21,687] Trial 11 finished with value: 0.85 and parameters: {'C': 0.011228847352323114, 'gamma': 0.0008063163057189356}. Best is trial 0 with value: 0.9.
[I 2025-05-26 03:25:22,388] Trial 12 finished with value: 0.85 and parameters: {'C': 0.032705856709105564, 'gamma': 0.0019269415635597936}. Best is trial 0 with value: 0.9.
[I 2025-05-26 03:25:22,413] Trial 13 finished with value: 0.85 and parameters: {'C': 0.0859760005644056, 'gamma': 0.012999792142910782}. Best is trial 0 with value: 0.9.
[I 2025-05-26 03:25:22,436] Trial 14 finished with value: 0.9 and parameters: {'C': 4.766567011486023, 'gamma': 0.07128246520664146}. Best is trial 0 with value: 0.9.
[I 2025-05-26 03:25:22,462] Trial 15 finished with value: 0.85 and parameters: {'C': 0.10730172197940546, 'gamma': 0.002169256223375446}. Best is trial 0 with value: 0.9.
[I 2025-05-26 03:25:23,113] Trial 16 finished with value: 0.85 and parameters: {'C': 0.0119576348113261, 'gamma': 0.007461835074160413}. Best is trial 0 with value: 0.9.
[I 2025-05-26 03:25:23,136] Trial 17 finished with value: 0.85 and parameters: {'C': 4.680698864492174, 'gamma': 0.0006946400605439815}. Best is trial 0 with value: 0.9.
[I 2025-05-26 03:25:23,162] Trial 18 finished with value: 0.7 and parameters: {'C': 0.28907344345699765, 'gamma': 0.4864576056882972}. Best is trial 0 with value: 0.9.
[I 2025-05-26 03:25:23,183] Trial 19 finished with value: 0.85 and parameters: {'C': 0.04607580740402569, 'gamma': 0.0488796531466637}. Best is trial 0 with value: 0.9.
[I 2025-05-26 03:25:25,102] A new study created in memory with name: logreg
[I 2025-05-26 03:25:28,550] Trial 0 finished with value: 0.9 and parameters: {'C': 29.127335430981816, 'penalty': 'l2'}. Best is trial 0 with value: 0.9.
Parámetros guardados en checkpoint_shoppers_Dlatent_F/random/IPC_10/best_models_random_seed_6_space_original/svc_best_params.json


>>> Optuna tuning logreg metodo random IPC 10 seed 6


[I 2025-05-26 03:25:28,991] Trial 1 finished with value: 0.95 and parameters: {'C': 0.045698192893558344, 'penalty': 'l2'}. Best is trial 1 with value: 0.95.
[I 2025-05-26 03:25:29,020] Trial 2 finished with value: 0.9 and parameters: {'C': 12.768668597712947, 'penalty': 'l2'}. Best is trial 1 with value: 0.95.
[I 2025-05-26 03:25:29,757] Trial 3 finished with value: 0.95 and parameters: {'C': 0.0016161554408462638, 'penalty': 'l2'}. Best is trial 1 with value: 0.95.
[I 2025-05-26 03:25:29,784] Trial 4 finished with value: 0.95 and parameters: {'C': 0.0034536903703241734, 'penalty': 'l2'}. Best is trial 1 with value: 0.95.
[I 2025-05-26 03:25:29,811] Trial 5 finished with value: 0.9 and parameters: {'C': 0.9446269266990148, 'penalty': 'l2'}. Best is trial 1 with value: 0.95.
[I 2025-05-26 03:25:29,837] Trial 6 finished with value: 0.9 and parameters: {'C': 0.4457453393648168, 'penalty': 'l2'}. Best is trial 1 with value: 0.95.
[I 2025-05-26 03:25:29,852] Trial 7 finished with value: 0.9 and parameters: {'C': 0.12417585037258261, 'penalty': 'l2'}. Best is trial 1 with value: 0.95.
[I 2025-05-26 03:25:29,883] Trial 8 finished with value: 0.95 and parameters: {'C': 0.04753781830244093, 'penalty': 'l2'}. Best is trial 1 with value: 0.95.
[I 2025-05-26 03:25:29,899] Trial 9 finished with value: 0.9 and parameters: {'C': 1.2959766028194148, 'penalty': 'l2'}. Best is trial 1 with value: 0.95.
[I 2025-05-26 03:25:29,921] Trial 10 finished with value: 0.95 and parameters: {'C': 0.02024823315667757, 'penalty': 'l2'}. Best is trial 1 with value: 0.95.
[I 2025-05-26 03:25:29,951] Trial 11 finished with value: 0.95 and parameters: {'C': 0.001317682707090239, 'penalty': 'l2'}. Best is trial 1 with value: 0.95.
[I 2025-05-26 03:25:29,983] Trial 12 finished with value: 0.95 and parameters: {'C': 0.00537191519649587, 'penalty': 'l2'}. Best is trial 1 with value: 0.95.
[I 2025-05-26 03:25:30,821] Trial 13 finished with value: 0.95 and parameters: {'C': 0.013775014971016233, 'penalty': 'l2'}. Best is trial 1 with value: 0.95.
[I 2025-05-26 03:25:30,852] Trial 14 finished with value: 0.95 and parameters: {'C': 0.0012166627598308305, 'penalty': 'l2'}. Best is trial 1 with value: 0.95.
[I 2025-05-26 03:25:31,528] Trial 15 finished with value: 0.95 and parameters: {'C': 0.06378601415420004, 'penalty': 'l2'}. Best is trial 1 with value: 0.95.
[I 2025-05-26 03:25:32,239] Trial 16 finished with value: 0.9 and parameters: {'C': 4.40245304921375, 'penalty': 'l2'}. Best is trial 1 with value: 0.95.
[I 2025-05-26 03:25:32,272] Trial 17 finished with value: 0.95 and parameters: {'C': 0.009039871959471408, 'penalty': 'l2'}. Best is trial 1 with value: 0.95.
[I 2025-05-26 03:25:32,292] Trial 18 finished with value: 0.9 and parameters: {'C': 0.21400772977695579, 'penalty': 'l2'}. Best is trial 1 with value: 0.95.
[I 2025-05-26 03:25:32,308] Trial 19 finished with value: 0.95 and parameters: {'C': 0.03939934617334397, 'penalty': 'l2'}. Best is trial 1 with value: 0.95.
/data/home/rtabares/anaconda3/envs/pyth3.12/lib/python3.12/site-packages/xgboost/core.py:377: FutureWarning: Your system has an old version of glibc (< 2.28). We will stop supporting Linux distros with glibc older than 2.28 after **May 31, 2025**. Please upgrade to a recent Linux distro (with glibc >= 2.28) to use future versions of XGBoost.
Note: You have installed the 'manylinux2014' variant of XGBoost. Certain features such as GPU algorithms or federated learning are not available. To use these features, please upgrade to a recent Linux distro with glibc 2.28+, and install the 'manylinux_2_28' variant.
  warnings.warn(
/data/home/rtabares/anaconda3/envs/pyth3.12/lib/python3.12/site-packages/xgboost/core.py:377: FutureWarning: Your system has an old version of glibc (< 2.28). We will stop supporting Linux distros with glibc older than 2.28 after **May 31, 2025**. Please upgrade to a recent Linux distro (with glibc >= 2.28) to use future versions of XGBoost.
Note: You have installed the 'manylinux2014' variant of XGBoost. Certain features such as GPU algorithms or federated learning are not available. To use these features, please upgrade to a recent Linux distro with glibc 2.28+, and install the 'manylinux_2_28' variant.
  warnings.warn(
[I 2025-05-26 03:25:34,422] A new study created in memory with name: mlp
/data/home/rtabares/anaconda3/envs/pyth3.12/lib/python3.12/site-packages/sklearn/neural_network/_multilayer_perceptron.py:691: ConvergenceWarning: Stochastic Optimizer: Maximum iterations (100) reached and the optimization hasn't converged yet.
  warnings.warn(
/data/home/rtabares/anaconda3/envs/pyth3.12/lib/python3.12/site-packages/sklearn/neural_network/_multilayer_perceptron.py:691: ConvergenceWarning: Stochastic Optimizer: Maximum iterations (100) reached and the optimization hasn't converged yet.
  warnings.warn(
/data/home/rtabares/anaconda3/envs/pyth3.12/lib/python3.12/site-packages/sklearn/neural_network/_multilayer_perceptron.py:691: ConvergenceWarning: Stochastic Optimizer: Maximum iterations (100) reached and the optimization hasn't converged yet.
  warnings.warn(
/data/home/rtabares/anaconda3/envs/pyth3.12/lib/python3.12/site-packages/sklearn/neural_network/_multilayer_perceptron.py:691: ConvergenceWarning: Stochastic Optimizer: Maximum iterations (100) reached and the optimization hasn't converged yet.
  warnings.warn(
/data/home/rtabares/anaconda3/envs/pyth3.12/lib/python3.12/site-packages/sklearn/neural_network/_multilayer_perceptron.py:691: ConvergenceWarning: Stochastic Optimizer: Maximum iterations (100) reached and the optimization hasn't converged yet.
  warnings.warn(
[I 2025-05-26 03:25:37,183] Trial 0 finished with value: 0.9 and parameters: {'hidden_layer_sizes': (100,), 'max_iter': 100, 'alpha': 0.0001}. Best is trial 0 with value: 0.9.
Parámetros guardados en checkpoint_shoppers_Dlatent_F/random/IPC_10/best_models_random_seed_6_space_original/logreg_best_params.json


>>> Optuna tuning mlp metodo random IPC 10 seed 6


[I 2025-05-26 03:25:37,960] Trial 1 finished with value: 0.9 and parameters: {'hidden_layer_sizes': (100, 100), 'max_iter': 100, 'alpha': 0.001}. Best is trial 0 with value: 0.9.
/data/home/rtabares/anaconda3/envs/pyth3.12/lib/python3.12/site-packages/sklearn/neural_network/_multilayer_perceptron.py:691: ConvergenceWarning: Stochastic Optimizer: Maximum iterations (100) reached and the optimization hasn't converged yet.
  warnings.warn(
/data/home/rtabares/anaconda3/envs/pyth3.12/lib/python3.12/site-packages/sklearn/neural_network/_multilayer_perceptron.py:691: ConvergenceWarning: Stochastic Optimizer: Maximum iterations (100) reached and the optimization hasn't converged yet.
  warnings.warn(
/data/home/rtabares/anaconda3/envs/pyth3.12/lib/python3.12/site-packages/sklearn/neural_network/_multilayer_perceptron.py:691: ConvergenceWarning: Stochastic Optimizer: Maximum iterations (100) reached and the optimization hasn't converged yet.
  warnings.warn(
[I 2025-05-26 03:25:38,028] Trial 2 finished with value: 0.9 and parameters: {'hidden_layer_sizes': (200,), 'max_iter': 100, 'alpha': 0.0001}. Best is trial 0 with value: 0.9.
/data/home/rtabares/anaconda3/envs/pyth3.12/lib/python3.12/site-packages/sklearn/neural_network/_multilayer_perceptron.py:691: ConvergenceWarning: Stochastic Optimizer: Maximum iterations (50) reached and the optimization hasn't converged yet.
  warnings.warn(
/data/home/rtabares/anaconda3/envs/pyth3.12/lib/python3.12/site-packages/sklearn/neural_network/_multilayer_perceptron.py:691: ConvergenceWarning: Stochastic Optimizer: Maximum iterations (50) reached and the optimization hasn't converged yet.
  warnings.warn(
/data/home/rtabares/anaconda3/envs/pyth3.12/lib/python3.12/site-packages/sklearn/neural_network/_multilayer_perceptron.py:691: ConvergenceWarning: Stochastic Optimizer: Maximum iterations (50) reached and the optimization hasn't converged yet.
  warnings.warn(
/data/home/rtabares/anaconda3/envs/pyth3.12/lib/python3.12/site-packages/sklearn/neural_network/_multilayer_perceptron.py:691: ConvergenceWarning: Stochastic Optimizer: Maximum iterations (50) reached and the optimization hasn't converged yet.
  warnings.warn(
/data/home/rtabares/anaconda3/envs/pyth3.12/lib/python3.12/site-packages/sklearn/neural_network/_multilayer_perceptron.py:691: ConvergenceWarning: Stochastic Optimizer: Maximum iterations (50) reached and the optimization hasn't converged yet.
  warnings.warn(
[I 2025-05-26 03:25:38,086] Trial 3 finished with value: 0.9 and parameters: {'hidden_layer_sizes': (200,), 'max_iter': 50, 'alpha': 0.001}. Best is trial 0 with value: 0.9.
/data/home/rtabares/anaconda3/envs/pyth3.12/lib/python3.12/site-packages/sklearn/neural_network/_multilayer_perceptron.py:691: ConvergenceWarning: Stochastic Optimizer: Maximum iterations (50) reached and the optimization hasn't converged yet.
  warnings.warn(
/data/home/rtabares/anaconda3/envs/pyth3.12/lib/python3.12/site-packages/sklearn/neural_network/_multilayer_perceptron.py:691: ConvergenceWarning: Stochastic Optimizer: Maximum iterations (50) reached and the optimization hasn't converged yet.
  warnings.warn(
/data/home/rtabares/anaconda3/envs/pyth3.12/lib/python3.12/site-packages/sklearn/neural_network/_multilayer_perceptron.py:691: ConvergenceWarning: Stochastic Optimizer: Maximum iterations (50) reached and the optimization hasn't converged yet.
  warnings.warn(
/data/home/rtabares/anaconda3/envs/pyth3.12/lib/python3.12/site-packages/sklearn/neural_network/_multilayer_perceptron.py:691: ConvergenceWarning: Stochastic Optimizer: Maximum iterations (50) reached and the optimization hasn't converged yet.
  warnings.warn(
/data/home/rtabares/anaconda3/envs/pyth3.12/lib/python3.12/site-packages/sklearn/neural_network/_multilayer_perceptron.py:691: ConvergenceWarning: Stochastic Optimizer: Maximum iterations (50) reached and the optimization hasn't converged yet.
  warnings.warn(
[I 2025-05-26 03:25:38,153] Trial 4 finished with value: 0.9 and parameters: {'hidden_layer_sizes': (100, 100), 'max_iter': 50, 'alpha': 0.0001}. Best is trial 0 with value: 0.9.
/data/home/rtabares/anaconda3/envs/pyth3.12/lib/python3.12/site-packages/sklearn/neural_network/_multilayer_perceptron.py:691: ConvergenceWarning: Stochastic Optimizer: Maximum iterations (100) reached and the optimization hasn't converged yet.
  warnings.warn(
/data/home/rtabares/anaconda3/envs/pyth3.12/lib/python3.12/site-packages/sklearn/neural_network/_multilayer_perceptron.py:691: ConvergenceWarning: Stochastic Optimizer: Maximum iterations (100) reached and the optimization hasn't converged yet.
  warnings.warn(
/data/home/rtabares/anaconda3/envs/pyth3.12/lib/python3.12/site-packages/sklearn/neural_network/_multilayer_perceptron.py:691: ConvergenceWarning: Stochastic Optimizer: Maximum iterations (100) reached and the optimization hasn't converged yet.
  warnings.warn(
/data/home/rtabares/anaconda3/envs/pyth3.12/lib/python3.12/site-packages/sklearn/neural_network/_multilayer_perceptron.py:691: ConvergenceWarning: Stochastic Optimizer: Maximum iterations (100) reached and the optimization hasn't converged yet.
  warnings.warn(
[I 2025-05-26 03:25:38,220] Trial 5 finished with value: 0.9 and parameters: {'hidden_layer_sizes': (200,), 'max_iter': 100, 'alpha': 0.0001}. Best is trial 0 with value: 0.9.
/data/home/rtabares/anaconda3/envs/pyth3.12/lib/python3.12/site-packages/sklearn/neural_network/_multilayer_perceptron.py:691: ConvergenceWarning: Stochastic Optimizer: Maximum iterations (100) reached and the optimization hasn't converged yet.
  warnings.warn(
/data/home/rtabares/anaconda3/envs/pyth3.12/lib/python3.12/site-packages/sklearn/neural_network/_multilayer_perceptron.py:691: ConvergenceWarning: Stochastic Optimizer: Maximum iterations (100) reached and the optimization hasn't converged yet.
  warnings.warn(
/data/home/rtabares/anaconda3/envs/pyth3.12/lib/python3.12/site-packages/sklearn/neural_network/_multilayer_perceptron.py:691: ConvergenceWarning: Stochastic Optimizer: Maximum iterations (100) reached and the optimization hasn't converged yet.
  warnings.warn(
/data/home/rtabares/anaconda3/envs/pyth3.12/lib/python3.12/site-packages/sklearn/neural_network/_multilayer_perceptron.py:691: ConvergenceWarning: Stochastic Optimizer: Maximum iterations (100) reached and the optimization hasn't converged yet.
  warnings.warn(
/data/home/rtabares/anaconda3/envs/pyth3.12/lib/python3.12/site-packages/sklearn/neural_network/_multilayer_perceptron.py:691: ConvergenceWarning: Stochastic Optimizer: Maximum iterations (100) reached and the optimization hasn't converged yet.
  warnings.warn(
[I 2025-05-26 03:25:38,285] Trial 6 finished with value: 0.9 and parameters: {'hidden_layer_sizes': (200,), 'max_iter': 100, 'alpha': 0.001}. Best is trial 0 with value: 0.9.
/data/home/rtabares/anaconda3/envs/pyth3.12/lib/python3.12/site-packages/sklearn/neural_network/_multilayer_perceptron.py:691: ConvergenceWarning: Stochastic Optimizer: Maximum iterations (100) reached and the optimization hasn't converged yet.
  warnings.warn(
/data/home/rtabares/anaconda3/envs/pyth3.12/lib/python3.12/site-packages/sklearn/neural_network/_multilayer_perceptron.py:691: ConvergenceWarning: Stochastic Optimizer: Maximum iterations (100) reached and the optimization hasn't converged yet.
  warnings.warn(
/data/home/rtabares/anaconda3/envs/pyth3.12/lib/python3.12/site-packages/sklearn/neural_network/_multilayer_perceptron.py:691: ConvergenceWarning: Stochastic Optimizer: Maximum iterations (100) reached and the optimization hasn't converged yet.
  warnings.warn(
/data/home/rtabares/anaconda3/envs/pyth3.12/lib/python3.12/site-packages/sklearn/neural_network/_multilayer_perceptron.py:691: ConvergenceWarning: Stochastic Optimizer: Maximum iterations (100) reached and the optimization hasn't converged yet.
  warnings.warn(
/data/home/rtabares/anaconda3/envs/pyth3.12/lib/python3.12/site-packages/sklearn/neural_network/_multilayer_perceptron.py:691: ConvergenceWarning: Stochastic Optimizer: Maximum iterations (100) reached and the optimization hasn't converged yet.
  warnings.warn(
[I 2025-05-26 03:25:38,339] Trial 7 finished with value: 0.9 and parameters: {'hidden_layer_sizes': (100,), 'max_iter': 100, 'alpha': 0.001}. Best is trial 0 with value: 0.9.
