[I 2025-05-26 03:33:24,821] Trial 17 finished with value: 1.0 and parameters: {'C': 11.717534676958865, 'gamma': 0.0005432616739628471}. Best is trial 0 with value: 1.0.
[I 2025-05-26 03:33:24,840] Trial 18 finished with value: 1.0 and parameters: {'C': 51.25545049160052, 'gamma': 0.00302408975933763}. Best is trial 0 with value: 1.0.
[I 2025-05-26 03:33:24,863] Trial 19 finished with value: 1.0 and parameters: {'C': 0.013103877820334748, 'gamma': 0.008634905436771848}. Best is trial 0 with value: 1.0.
[I 2025-05-26 03:33:26,847] A new study created in memory with name: logreg
[I 2025-05-26 03:33:27,600] Trial 0 finished with value: 1.0 and parameters: {'C': 29.127335430981816, 'penalty': 'l2'}. Best is trial 0 with value: 1.0.
Parámetros guardados en checkpoint_shoppers_Dlatent_F/lc/IPC_10/best_models_lc_seed_6_space_latent/svc_best_params.json


>>> Optuna tuning logreg metodo lc IPC 10 seed 6


[I 2025-05-26 03:33:29,841] Trial 1 finished with value: 1.0 and parameters: {'C': 0.045698192893558344, 'penalty': 'l2'}. Best is trial 0 with value: 1.0.
[I 2025-05-26 03:33:30,042] Trial 2 finished with value: 1.0 and parameters: {'C': 12.768668597712947, 'penalty': 'l2'}. Best is trial 0 with value: 1.0.
[I 2025-05-26 03:33:30,069] Trial 3 finished with value: 0.95 and parameters: {'C': 0.0016161554408462638, 'penalty': 'l2'}. Best is trial 0 with value: 1.0.
[I 2025-05-26 03:33:30,738] Trial 4 finished with value: 1.0 and parameters: {'C': 0.0034536903703241734, 'penalty': 'l2'}. Best is trial 0 with value: 1.0.
[I 2025-05-26 03:33:30,763] Trial 5 finished with value: 1.0 and parameters: {'C': 0.9446269266990148, 'penalty': 'l2'}. Best is trial 0 with value: 1.0.
[I 2025-05-26 03:33:30,789] Trial 6 finished with value: 1.0 and parameters: {'C': 0.4457453393648168, 'penalty': 'l2'}. Best is trial 0 with value: 1.0.
[I 2025-05-26 03:33:30,815] Trial 7 finished with value: 1.0 and parameters: {'C': 0.12417585037258261, 'penalty': 'l2'}. Best is trial 0 with value: 1.0.
[I 2025-05-26 03:33:30,840] Trial 8 finished with value: 1.0 and parameters: {'C': 0.04753781830244093, 'penalty': 'l2'}. Best is trial 0 with value: 1.0.
[I 2025-05-26 03:33:30,866] Trial 9 finished with value: 1.0 and parameters: {'C': 1.2959766028194148, 'penalty': 'l2'}. Best is trial 0 with value: 1.0.
[I 2025-05-26 03:33:30,898] Trial 10 finished with value: 1.0 and parameters: {'C': 96.02411422716075, 'penalty': 'l2'}. Best is trial 0 with value: 1.0.
[I 2025-05-26 03:33:30,920] Trial 11 finished with value: 1.0 and parameters: {'C': 0.011544291794950012, 'penalty': 'l2'}. Best is trial 0 with value: 1.0.
[I 2025-05-26 03:33:30,941] Trial 12 finished with value: 1.0 and parameters: {'C': 82.8768656483412, 'penalty': 'l2'}. Best is trial 0 with value: 1.0.
[I 2025-05-26 03:33:31,641] Trial 13 finished with value: 1.0 and parameters: {'C': 4.865673542589085, 'penalty': 'l2'}. Best is trial 0 with value: 1.0.
[I 2025-05-26 03:33:31,672] Trial 14 finished with value: 1.0 and parameters: {'C': 0.029889896070841086, 'penalty': 'l2'}. Best is trial 0 with value: 1.0.
[I 2025-05-26 03:33:31,705] Trial 15 finished with value: 1.0 and parameters: {'C': 9.224679733476327, 'penalty': 'l2'}. Best is trial 0 with value: 1.0.
[I 2025-05-26 03:33:31,735] Trial 16 finished with value: 1.0 and parameters: {'C': 0.13531262729274382, 'penalty': 'l2'}. Best is trial 0 with value: 1.0.
[I 2025-05-26 03:33:32,492] Trial 17 finished with value: 1.0 and parameters: {'C': 0.009039871959471408, 'penalty': 'l2'}. Best is trial 0 with value: 1.0.
[I 2025-05-26 03:33:32,529] Trial 18 finished with value: 1.0 and parameters: {'C': 2.7002197370561327, 'penalty': 'l2'}. Best is trial 0 with value: 1.0.
[I 2025-05-26 03:33:32,558] Trial 19 finished with value: 1.0 and parameters: {'C': 26.139922781749494, 'penalty': 'l2'}. Best is trial 0 with value: 1.0.
[I 2025-05-26 03:33:34,487] A new study created in memory with name: mlp
[I 2025-05-26 03:33:34,537] Trial 0 finished with value: 1.0 and parameters: {'hidden_layer_sizes': (100,), 'max_iter': 100, 'alpha': 0.0001}. Best is trial 0 with value: 1.0.
[I 2025-05-26 03:33:36,555] Trial 1 finished with value: 1.0 and parameters: {'hidden_layer_sizes': (100, 100), 'max_iter': 100, 'alpha': 0.001}. Best is trial 0 with value: 1.0.
Parámetros guardados en checkpoint_shoppers_Dlatent_F/lc/IPC_10/best_models_lc_seed_6_space_latent/logreg_best_params.json


>>> Optuna tuning mlp metodo lc IPC 10 seed 6


[I 2025-05-26 03:33:37,367] Trial 2 finished with value: 1.0 and parameters: {'hidden_layer_sizes': (200,), 'max_iter': 100, 'alpha': 0.0001}. Best is trial 0 with value: 1.0.
/data/home/rtabares/anaconda3/envs/pyth3.12/lib/python3.12/site-packages/sklearn/neural_network/_multilayer_perceptron.py:691: ConvergenceWarning: Stochastic Optimizer: Maximum iterations (50) reached and the optimization hasn't converged yet.
  warnings.warn(
/data/home/rtabares/anaconda3/envs/pyth3.12/lib/python3.12/site-packages/sklearn/neural_network/_multilayer_perceptron.py:691: ConvergenceWarning: Stochastic Optimizer: Maximum iterations (50) reached and the optimization hasn't converged yet.
  warnings.warn(
[I 2025-05-26 03:33:37,423] Trial 3 finished with value: 1.0 and parameters: {'hidden_layer_sizes': (200,), 'max_iter': 50, 'alpha': 0.001}. Best is trial 0 with value: 1.0.
[I 2025-05-26 03:33:37,480] Trial 4 finished with value: 1.0 and parameters: {'hidden_layer_sizes': (100, 100), 'max_iter': 50, 'alpha': 0.0001}. Best is trial 0 with value: 1.0.
[I 2025-05-26 03:33:37,536] Trial 5 finished with value: 1.0 and parameters: {'hidden_layer_sizes': (200,), 'max_iter': 100, 'alpha': 0.0001}. Best is trial 0 with value: 1.0.
[I 2025-05-26 03:33:37,597] Trial 6 finished with value: 1.0 and parameters: {'hidden_layer_sizes': (200,), 'max_iter': 100, 'alpha': 0.001}. Best is trial 0 with value: 1.0.
[I 2025-05-26 03:33:37,653] Trial 7 finished with value: 1.0 and parameters: {'hidden_layer_sizes': (100,), 'max_iter': 100, 'alpha': 0.001}. Best is trial 0 with value: 1.0.
[I 2025-05-26 03:33:37,710] Trial 8 finished with value: 1.0 and parameters: {'hidden_layer_sizes': (100, 100), 'max_iter': 100, 'alpha': 0.0001}. Best is trial 0 with value: 1.0.
[I 2025-05-26 03:33:37,756] Trial 9 finished with value: 1.0 and parameters: {'hidden_layer_sizes': (200,), 'max_iter': 100, 'alpha': 0.0001}. Best is trial 0 with value: 1.0.
/data/home/rtabares/anaconda3/envs/pyth3.12/lib/python3.12/site-packages/sklearn/neural_network/_multilayer_perceptron.py:691: ConvergenceWarning: Stochastic Optimizer: Maximum iterations (50) reached and the optimization hasn't converged yet.
  warnings.warn(
/data/home/rtabares/anaconda3/envs/pyth3.12/lib/python3.12/site-packages/sklearn/neural_network/_multilayer_perceptron.py:691: ConvergenceWarning: Stochastic Optimizer: Maximum iterations (50) reached and the optimization hasn't converged yet.
  warnings.warn(
/data/home/rtabares/anaconda3/envs/pyth3.12/lib/python3.12/site-packages/sklearn/neural_network/_multilayer_perceptron.py:691: ConvergenceWarning: Stochastic Optimizer: Maximum iterations (50) reached and the optimization hasn't converged yet.
  warnings.warn(
/data/home/rtabares/anaconda3/envs/pyth3.12/lib/python3.12/site-packages/sklearn/neural_network/_multilayer_perceptron.py:691: ConvergenceWarning: Stochastic Optimizer: Maximum iterations (50) reached and the optimization hasn't converged yet.
  warnings.warn(
/data/home/rtabares/anaconda3/envs/pyth3.12/lib/python3.12/site-packages/sklearn/neural_network/_multilayer_perceptron.py:691: ConvergenceWarning: Stochastic Optimizer: Maximum iterations (50) reached and the optimization hasn't converged yet.
  warnings.warn(
[I 2025-05-26 03:33:37,803] Trial 10 finished with value: 1.0 and parameters: {'hidden_layer_sizes': (100,), 'max_iter': 50, 'alpha': 0.0001}. Best is trial 0 with value: 1.0.
[I 2025-05-26 03:33:37,853] Trial 11 finished with value: 1.0 and parameters: {'hidden_layer_sizes': (100,), 'max_iter': 100, 'alpha': 0.001}. Best is trial 0 with value: 1.0.
[I 2025-05-26 03:33:37,902] Trial 12 finished with value: 1.0 and parameters: {'hidden_layer_sizes': (100, 100), 'max_iter': 100, 'alpha': 0.001}. Best is trial 0 with value: 1.0.
[I 2025-05-26 03:33:37,951] Trial 13 finished with value: 1.0 and parameters: {'hidden_layer_sizes': (100,), 'max_iter': 100, 'alpha': 0.001}. Best is trial 0 with value: 1.0.
[I 2025-05-26 03:33:38,636] Trial 14 finished with value: 1.0 and parameters: {'hidden_layer_sizes': (100, 100), 'max_iter': 50, 'alpha': 0.0001}. Best is trial 0 with value: 1.0.
[I 2025-05-26 03:33:39,322] Trial 15 finished with value: 1.0 and parameters: {'hidden_layer_sizes': (100,), 'max_iter': 100, 'alpha': 0.001}. Best is trial 0 with value: 1.0.
[I 2025-05-26 03:33:40,047] Trial 16 finished with value: 1.0 and parameters: {'hidden_layer_sizes': (100, 100), 'max_iter': 100, 'alpha': 0.001}. Best is trial 0 with value: 1.0.
[I 2025-05-26 03:33:40,730] Trial 17 finished with value: 1.0 and parameters: {'hidden_layer_sizes': (100, 100), 'max_iter': 100, 'alpha': 0.0001}. Best is trial 0 with value: 1.0.
/data/home/rtabares/anaconda3/envs/pyth3.12/lib/python3.12/site-packages/sklearn/neural_network/_multilayer_perceptron.py:691: ConvergenceWarning: Stochastic Optimizer: Maximum iterations (50) reached and the optimization hasn't converged yet.
  warnings.warn(
/data/home/rtabares/anaconda3/envs/pyth3.12/lib/python3.12/site-packages/sklearn/neural_network/_multilayer_perceptron.py:691: ConvergenceWarning: Stochastic Optimizer: Maximum iterations (50) reached and the optimization hasn't converged yet.
  warnings.warn(
/data/home/rtabares/anaconda3/envs/pyth3.12/lib/python3.12/site-packages/sklearn/neural_network/_multilayer_perceptron.py:691: ConvergenceWarning: Stochastic Optimizer: Maximum iterations (50) reached and the optimization hasn't converged yet.
  warnings.warn(
/data/home/rtabares/anaconda3/envs/pyth3.12/lib/python3.12/site-packages/sklearn/neural_network/_multilayer_perceptron.py:691: ConvergenceWarning: Stochastic Optimizer: Maximum iterations (50) reached and the optimization hasn't converged yet.
  warnings.warn(
/data/home/rtabares/anaconda3/envs/pyth3.12/lib/python3.12/site-packages/sklearn/neural_network/_multilayer_perceptron.py:691: ConvergenceWarning: Stochastic Optimizer: Maximum iterations (50) reached and the optimization hasn't converged yet.
  warnings.warn(
[I 2025-05-26 03:33:40,780] Trial 18 finished with value: 0.95 and parameters: {'hidden_layer_sizes': (100,), 'max_iter': 50, 'alpha': 0.0001}. Best is trial 0 with value: 1.0.
[I 2025-05-26 03:33:40,840] Trial 19 finished with value: 0.95 and parameters: {'hidden_layer_sizes': (100, 100), 'max_iter': 100, 'alpha': 0.001}. Best is trial 0 with value: 1.0.
/data/home/rtabares/anaconda3/envs/pyth3.12/lib/python3.12/site-packages/xgboost/core.py:377: FutureWarning: Your system has an old version of glibc (< 2.28). We will stop supporting Linux distros with glibc older than 2.28 after **May 31, 2025**. Please upgrade to a recent Linux distro (with glibc >= 2.28) to use future versions of XGBoost.
Note: You have installed the 'manylinux2014' variant of XGBoost. Certain features such as GPU algorithms or federated learning are not available. To use these features, please upgrade to a recent Linux distro with glibc 2.28+, and install the 'manylinux_2_28' variant.
  warnings.warn(
[I 2025-05-26 03:33:43,432] A new study created in memory with name: naive_bayes
Parámetros guardados en checkpoint_shoppers_Dlatent_F/lc/IPC_10/best_models_lc_seed_6_space_latent/mlp_best_params.json


>>> Optuna tuning naive_bayes metodo lc IPC 10 seed 6


[I 2025-05-26 03:33:44,511] Trial 0 finished with value: 0.9 and parameters: {'var_smoothing': 6.10548688762798e-09}. Best is trial 0 with value: 0.9.
[I 2025-05-26 03:33:44,612] Trial 1 finished with value: 0.9 and parameters: {'var_smoothing': 4.6127467400935034e-10}. Best is trial 0 with value: 0.9.
[I 2025-05-26 03:33:44,639] Trial 2 finished with value: 0.9 and parameters: {'var_smoothing': 4.389936579400967e-09}. Best is trial 0 with value: 0.9.
[I 2025-05-26 03:33:44,663] Trial 3 finished with value: 0.9 and parameters: {'var_smoothing': 1.2116948204672054e-10}. Best is trial 0 with value: 0.9.
[I 2025-05-26 03:33:44,687] Trial 4 finished with value: 0.9 and parameters: {'var_smoothing': 1.6417739478477417e-10}. Best is trial 0 with value: 0.9.
[I 2025-05-26 03:33:44,702] Trial 5 finished with value: 0.9 and parameters: {'var_smoothing': 1.5491880147236797e-09}. Best is trial 0 with value: 0.9.
[I 2025-05-26 03:33:44,725] Trial 6 finished with value: 0.9 and parameters: {'var_smoothing': 1.1471883405287265e-09}. Best is trial 0 with value: 0.9.
[I 2025-05-26 03:33:44,739] Trial 7 finished with value: 0.9 and parameters: {'var_smoothing': 6.88041853492358e-10}. Best is trial 0 with value: 0.9.
[I 2025-05-26 03:33:44,763] Trial 8 finished with value: 0.9 and parameters: {'var_smoothing': 4.686144741221158e-10}. Best is trial 0 with value: 0.9.
[I 2025-05-26 03:33:44,777] Trial 9 finished with value: 0.9 and parameters: {'var_smoothing': 1.7580809350683337e-09}. Best is trial 0 with value: 0.9.
[I 2025-05-26 03:33:44,794] Trial 10 finished with value: 0.9 and parameters: {'var_smoothing': 9.83902635509218e-09}. Best is trial 0 with value: 0.9.
[I 2025-05-26 03:33:44,816] Trial 11 finished with value: 0.9 and parameters: {'var_smoothing': 2.660399871603373e-10}. Best is trial 0 with value: 0.9.
[I 2025-05-26 03:33:45,460] Trial 12 finished with value: 0.9 and parameters: {'var_smoothing': 9.276268851540963e-09}. Best is trial 0 with value: 0.9.
[I 2025-05-26 03:33:45,480] Trial 13 finished with value: 0.9 and parameters: {'var_smoothing': 2.9844010685221692e-09}. Best is trial 0 with value: 0.9.
[I 2025-05-26 03:33:45,498] Trial 14 finished with value: 0.9 and parameters: {'var_smoothing': 3.8923309717334116e-10}. Best is trial 0 with value: 0.9.
[I 2025-05-26 03:33:45,517] Trial 15 finished with value: 0.9 and parameters: {'var_smoothing': 3.85461066627204e-09}. Best is trial 0 with value: 0.9.
[I 2025-05-26 03:33:45,535] Trial 16 finished with value: 0.9 and parameters: {'var_smoothing': 7.120907275009211e-10}. Best is trial 0 with value: 0.9.
[I 2025-05-26 03:33:45,553] Trial 17 finished with value: 0.9 and parameters: {'var_smoothing': 2.412486610614855e-10}. Best is trial 0 with value: 0.9.
[I 2025-05-26 03:33:45,572] Trial 18 finished with value: 0.9 and parameters: {'var_smoothing': 2.3580860166954074e-09}. Best is trial 0 with value: 0.9.
[I 2025-05-26 03:33:45,590] Trial 19 finished with value: 0.9 and parameters: {'var_smoothing': 5.846846875339535e-09}. Best is trial 0 with value: 0.9.
/data/home/rtabares/anaconda3/envs/pyth3.12/lib/python3.12/site-packages/xgboost/core.py:377: FutureWarning: Your system has an old version of glibc (< 2.28). We will stop supporting Linux distros with glibc older than 2.28 after **May 31, 2025**. Please upgrade to a recent Linux distro (with glibc >= 2.28) to use future versions of XGBoost.
Note: You have installed the 'manylinux2014' variant of XGBoost. Certain features such as GPU algorithms or federated learning are not available. To use these features, please upgrade to a recent Linux distro with glibc 2.28+, and install the 'manylinux_2_28' variant.
  warnings.warn(
/data/home/rtabares/anaconda3/envs/pyth3.12/lib/python3.12/site-packages/xgboost/core.py:377: FutureWarning: Your system has an old version of glibc (< 2.28). We will stop supporting Linux distros with glibc older than 2.28 after **May 31, 2025**. Please upgrade to a recent Linux distro (with glibc >= 2.28) to use future versions of XGBoost.
Note: You have installed the 'manylinux2014' variant of XGBoost. Certain features such as GPU algorithms or federated learning are not available. To use these features, please upgrade to a recent Linux distro with glibc 2.28+, and install the 'manylinux_2_28' variant.
  warnings.warn(
[I 2025-05-26 03:33:48,337] A new study created in memory with name: knn
Parámetros guardados en checkpoint_shoppers_Dlatent_F/lc/IPC_10/best_models_lc_seed_6_space_latent/naive_bayes_best_params.json


>>> Optuna tuning knn metodo lc IPC 10 seed 6


[I 2025-05-26 03:33:51,421] Trial 0 finished with value: 0.95 and parameters: {'n_neighbors': 10, 'leaf_size': 26, 'p': 1}. Best is trial 0 with value: 0.95.
[I 2025-05-26 03:33:51,790] Trial 1 finished with value: 1.0 and parameters: {'n_neighbors': 3, 'leaf_size': 32, 'p': 1}. Best is trial 1 with value: 1.0.
[I 2025-05-26 03:33:51,808] Trial 2 finished with value: 0.95 and parameters: {'n_neighbors': 5, 'leaf_size': 33, 'p': 2}. Best is trial 1 with value: 1.0.
[I 2025-05-26 03:33:52,518] Trial 3 finished with value: 0.95 and parameters: {'n_neighbors': 7, 'leaf_size': 32, 'p': 2}. Best is trial 1 with value: 1.0.
[I 2025-05-26 03:33:52,564] Trial 4 finished with value: 0.95 and parameters: {'n_neighbors': 9, 'leaf_size': 28, 'p': 1}. Best is trial 1 with value: 1.0.
[I 2025-05-26 03:33:52,641] Trial 5 finished with value: 1.0 and parameters: {'n_neighbors': 3, 'leaf_size': 35, 'p': 1}. Best is trial 1 with value: 1.0.
[I 2025-05-26 03:33:52,697] Trial 6 finished with value: 1.0 and parameters: {'n_neighbors': 8, 'leaf_size': 31, 'p': 2}. Best is trial 1 with value: 1.0.
[I 2025-05-26 03:33:52,763] Trial 7 finished with value: 0.95 and parameters: {'n_neighbors': 6, 'leaf_size': 24, 'p': 2}. Best is trial 1 with value: 1.0.
[I 2025-05-26 03:33:52,778] Trial 8 finished with value: 0.95 and parameters: {'n_neighbors': 5, 'leaf_size': 34, 'p': 2}. Best is trial 1 with value: 1.0.
[I 2025-05-26 03:33:52,812] Trial 9 finished with value: 0.85 and parameters: {'n_neighbors': 10, 'leaf_size': 27, 'p': 2}. Best is trial 1 with value: 1.0.
[I 2025-05-26 03:33:52,864] Trial 10 finished with value: 1.0 and parameters: {'n_neighbors': 3, 'leaf_size': 40, 'p': 1}. Best is trial 1 with value: 1.0.
[I 2025-05-26 03:33:53,636] Trial 11 finished with value: 1.0 and parameters: {'n_neighbors': 3, 'leaf_size': 38, 'p': 1}. Best is trial 1 with value: 1.0.
[I 2025-05-26 03:33:54,378] Trial 12 finished with value: 1.0 and parameters: {'n_neighbors': 4, 'leaf_size': 36, 'p': 1}. Best is trial 1 with value: 1.0.
[I 2025-05-26 03:33:55,160] Trial 13 finished with value: 1.0 and parameters: {'n_neighbors': 3, 'leaf_size': 20, 'p': 1}. Best is trial 1 with value: 1.0.
[I 2025-05-26 03:33:55,186] Trial 14 finished with value: 1.0 and parameters: {'n_neighbors': 4, 'leaf_size': 36, 'p': 1}. Best is trial 1 with value: 1.0.
[I 2025-05-26 03:33:55,213] Trial 15 finished with value: 1.0 and parameters: {'n_neighbors': 5, 'leaf_size': 29, 'p': 1}. Best is trial 1 with value: 1.0.
[I 2025-05-26 03:33:56,018] Trial 16 finished with value: 1.0 and parameters: {'n_neighbors': 4, 'leaf_size': 35, 'p': 1}. Best is trial 1 with value: 1.0.
[I 2025-05-26 03:33:56,049] Trial 17 finished with value: 1.0 and parameters: {'n_neighbors': 6, 'leaf_size': 40, 'p': 1}. Best is trial 1 with value: 1.0.
[I 2025-05-26 03:33:56,120] Trial 18 finished with value: 1.0 and parameters: {'n_neighbors': 7, 'leaf_size': 30, 'p': 1}. Best is trial 1 with value: 1.0.
[I 2025-05-26 03:33:56,143] Trial 19 finished with value: 1.0 and parameters: {'n_neighbors': 3, 'leaf_size': 38, 'p': 1}. Best is trial 1 with value: 1.0.
/data/home/rtabares/anaconda3/envs/pyth3.12/lib/python3.12/site-packages/xgboost/core.py:377: FutureWarning: Your system has an old version of glibc (< 2.28). We will stop supporting Linux distros with glibc older than 2.28 after **May 31, 2025**. Please upgrade to a recent Linux distro (with glibc >= 2.28) to use future versions of XGBoost.
Note: You have installed the 'manylinux2014' variant of XGBoost. Certain features such as GPU algorithms or federated learning are not available. To use these features, please upgrade to a recent Linux distro with glibc 2.28+, and install the 'manylinux_2_28' variant.
  warnings.warn(
/data/home/rtabares/anaconda3/envs/pyth3.12/lib/python3.12/site-packages/xgboost/core.py:377: FutureWarning: Your system has an old version of glibc (< 2.28). We will stop supporting Linux distros with glibc older than 2.28 after **May 31, 2025**. Please upgrade to a recent Linux distro (with glibc >= 2.28) to use future versions of XGBoost.
Note: You have installed the 'manylinux2014' variant of XGBoost. Certain features such as GPU algorithms or federated learning are not available. To use these features, please upgrade to a recent Linux distro with glibc 2.28+, and install the 'manylinux_2_28' variant.
  warnings.warn(
[I 2025-05-26 03:34:00,379] A new study created in memory with name: xgb
[I 2025-05-26 03:34:00,449] Trial 0 finished with value: 0.95 and parameters: {'n_estimators': 10, 'max_depth': 30, 'gamma': 0.5768356259735394, 'subsample': 0.7094037142783272, 'colsample_bytree': 0.6677039246366646}. Best is trial 0 with value: 0.95.
/data/home/rtabares/anaconda3/envs/pyth3.12/lib/python3.12/site-packages/xgboost/core.py:377: FutureWarning: Your system has an old version of glibc (< 2.28). We will stop supporting Linux distros with glibc older than 2.28 after **May 31, 2025**. Please upgrade to a recent Linux distro (with glibc >= 2.28) to use future versions of XGBoost.
Note: You have installed the 'manylinux2014' variant of XGBoost. Certain features such as GPU algorithms or federated learning are not available. To use these features, please upgrade to a recent Linux distro with glibc 2.28+, and install the 'manylinux_2_28' variant.
  warnings.warn(
