[I 2025-05-26 03:18:42,109] Trial 17 finished with value: 0.8 and parameters: {'hidden_layer_sizes': (200,), 'max_iter': 100, 'alpha': 0.001}. Best is trial 6 with value: 0.85.
/data/home/rtabares/anaconda3/envs/pyth3.12/lib/python3.12/site-packages/sklearn/neural_network/_multilayer_perceptron.py:691: ConvergenceWarning: Stochastic Optimizer: Maximum iterations (50) reached and the optimization hasn't converged yet.
  warnings.warn(
/data/home/rtabares/anaconda3/envs/pyth3.12/lib/python3.12/site-packages/sklearn/neural_network/_multilayer_perceptron.py:691: ConvergenceWarning: Stochastic Optimizer: Maximum iterations (50) reached and the optimization hasn't converged yet.
  warnings.warn(
/data/home/rtabares/anaconda3/envs/pyth3.12/lib/python3.12/site-packages/sklearn/neural_network/_multilayer_perceptron.py:691: ConvergenceWarning: Stochastic Optimizer: Maximum iterations (50) reached and the optimization hasn't converged yet.
  warnings.warn(
/data/home/rtabares/anaconda3/envs/pyth3.12/lib/python3.12/site-packages/sklearn/neural_network/_multilayer_perceptron.py:691: ConvergenceWarning: Stochastic Optimizer: Maximum iterations (50) reached and the optimization hasn't converged yet.
  warnings.warn(
/data/home/rtabares/anaconda3/envs/pyth3.12/lib/python3.12/site-packages/sklearn/neural_network/_multilayer_perceptron.py:691: ConvergenceWarning: Stochastic Optimizer: Maximum iterations (50) reached and the optimization hasn't converged yet.
  warnings.warn(
[I 2025-05-26 03:18:42,178] Trial 18 finished with value: 0.85 and parameters: {'hidden_layer_sizes': (100, 100), 'max_iter': 50, 'alpha': 0.0001}. Best is trial 6 with value: 0.85.
/data/home/rtabares/anaconda3/envs/pyth3.12/lib/python3.12/site-packages/sklearn/neural_network/_multilayer_perceptron.py:691: ConvergenceWarning: Stochastic Optimizer: Maximum iterations (100) reached and the optimization hasn't converged yet.
  warnings.warn(
/data/home/rtabares/anaconda3/envs/pyth3.12/lib/python3.12/site-packages/sklearn/neural_network/_multilayer_perceptron.py:691: ConvergenceWarning: Stochastic Optimizer: Maximum iterations (100) reached and the optimization hasn't converged yet.
  warnings.warn(
/data/home/rtabares/anaconda3/envs/pyth3.12/lib/python3.12/site-packages/sklearn/neural_network/_multilayer_perceptron.py:691: ConvergenceWarning: Stochastic Optimizer: Maximum iterations (100) reached and the optimization hasn't converged yet.
  warnings.warn(
/data/home/rtabares/anaconda3/envs/pyth3.12/lib/python3.12/site-packages/sklearn/neural_network/_multilayer_perceptron.py:691: ConvergenceWarning: Stochastic Optimizer: Maximum iterations (100) reached and the optimization hasn't converged yet.
  warnings.warn(
[I 2025-05-26 03:18:42,249] Trial 19 finished with value: 0.8 and parameters: {'hidden_layer_sizes': (200,), 'max_iter': 100, 'alpha': 0.001}. Best is trial 6 with value: 0.85.
/data/home/rtabares/anaconda3/envs/pyth3.12/lib/python3.12/site-packages/xgboost/core.py:377: FutureWarning: Your system has an old version of glibc (< 2.28). We will stop supporting Linux distros with glibc older than 2.28 after **May 31, 2025**. Please upgrade to a recent Linux distro (with glibc >= 2.28) to use future versions of XGBoost.
Note: You have installed the 'manylinux2014' variant of XGBoost. Certain features such as GPU algorithms or federated learning are not available. To use these features, please upgrade to a recent Linux distro with glibc 2.28+, and install the 'manylinux_2_28' variant.
  warnings.warn(
/data/home/rtabares/anaconda3/envs/pyth3.12/lib/python3.12/site-packages/xgboost/core.py:377: FutureWarning: Your system has an old version of glibc (< 2.28). We will stop supporting Linux distros with glibc older than 2.28 after **May 31, 2025**. Please upgrade to a recent Linux distro (with glibc >= 2.28) to use future versions of XGBoost.
Note: You have installed the 'manylinux2014' variant of XGBoost. Certain features such as GPU algorithms or federated learning are not available. To use these features, please upgrade to a recent Linux distro with glibc 2.28+, and install the 'manylinux_2_28' variant.
  warnings.warn(
[I 2025-05-26 03:18:47,216] A new study created in memory with name: naive_bayes
Parámetros guardados en checkpoint_shoppers_Dlatent_F/ag/IPC_10/best_models_ag_seed_5_space_original/mlp_best_params.json


>>> Optuna tuning naive_bayes metodo ag IPC 10 seed 5


[I 2025-05-26 03:18:50,138] Trial 0 finished with value: 0.7 and parameters: {'var_smoothing': 2.7796258518939306e-10}. Best is trial 0 with value: 0.7.
[I 2025-05-26 03:18:50,408] Trial 1 finished with value: 0.7 and parameters: {'var_smoothing': 5.513972710118387e-09}. Best is trial 0 with value: 0.7.
[I 2025-05-26 03:18:50,435] Trial 2 finished with value: 0.7 and parameters: {'var_smoothing': 2.590826381512706e-10}. Best is trial 0 with value: 0.7.
[I 2025-05-26 03:18:50,450] Trial 3 finished with value: 0.7 and parameters: {'var_smoothing': 6.874194498027403e-09}. Best is trial 0 with value: 0.7.
[I 2025-05-26 03:18:50,462] Trial 4 finished with value: 0.7 and parameters: {'var_smoothing': 9.480306482679771e-10}. Best is trial 0 with value: 0.7.
[I 2025-05-26 03:18:50,477] Trial 5 finished with value: 0.7 and parameters: {'var_smoothing': 1.6729683536668864e-09}. Best is trial 0 with value: 0.7.
[I 2025-05-26 03:18:50,490] Trial 6 finished with value: 0.7 and parameters: {'var_smoothing': 3.402637726935598e-09}. Best is trial 0 with value: 0.7.
[I 2025-05-26 03:18:50,515] Trial 7 finished with value: 0.7 and parameters: {'var_smoothing': 1.0885189040847657e-09}. Best is trial 0 with value: 0.7.
[I 2025-05-26 03:18:50,540] Trial 8 finished with value: 0.7 and parameters: {'var_smoothing': 3.922843686541149e-10}. Best is trial 0 with value: 0.7.
[I 2025-05-26 03:18:50,555] Trial 9 finished with value: 0.7 and parameters: {'var_smoothing': 2.3737908819373785e-10}. Best is trial 0 with value: 0.7.
[I 2025-05-26 03:18:50,582] Trial 10 finished with value: 0.7 and parameters: {'var_smoothing': 1.005826617097841e-10}. Best is trial 0 with value: 0.7.
[I 2025-05-26 03:18:51,219] Trial 11 finished with value: 0.7 and parameters: {'var_smoothing': 8.246040091550826e-09}. Best is trial 0 with value: 0.7.
[I 2025-05-26 03:18:51,885] Trial 12 finished with value: 0.7 and parameters: {'var_smoothing': 5.714429769091136e-10}. Best is trial 0 with value: 0.7.
[I 2025-05-26 03:18:51,909] Trial 13 finished with value: 0.7 and parameters: {'var_smoothing': 3.0046394488828834e-09}. Best is trial 0 with value: 0.7.
[I 2025-05-26 03:18:51,929] Trial 14 finished with value: 0.7 and parameters: {'var_smoothing': 1.0161521526134228e-10}. Best is trial 0 with value: 0.7.
[I 2025-05-26 03:18:52,571] Trial 15 finished with value: 0.7 and parameters: {'var_smoothing': 3.455011319435438e-09}. Best is trial 0 with value: 0.7.
[I 2025-05-26 03:18:52,600] Trial 16 finished with value: 0.7 and parameters: {'var_smoothing': 2.2038800241203009e-10}. Best is trial 0 with value: 0.7.
[I 2025-05-26 03:18:52,618] Trial 17 finished with value: 0.7 and parameters: {'var_smoothing': 1.8515987176145925e-09}. Best is trial 0 with value: 0.7.
[I 2025-05-26 03:18:52,635] Trial 18 finished with value: 0.7 and parameters: {'var_smoothing': 5.024285700153026e-10}. Best is trial 0 with value: 0.7.
[I 2025-05-26 03:18:52,653] Trial 19 finished with value: 0.7 and parameters: {'var_smoothing': 4.958025424412893e-09}. Best is trial 0 with value: 0.7.
/data/home/rtabares/anaconda3/envs/pyth3.12/lib/python3.12/site-packages/xgboost/core.py:377: FutureWarning: Your system has an old version of glibc (< 2.28). We will stop supporting Linux distros with glibc older than 2.28 after **May 31, 2025**. Please upgrade to a recent Linux distro (with glibc >= 2.28) to use future versions of XGBoost.
Note: You have installed the 'manylinux2014' variant of XGBoost. Certain features such as GPU algorithms or federated learning are not available. To use these features, please upgrade to a recent Linux distro with glibc 2.28+, and install the 'manylinux_2_28' variant.
  warnings.warn(
/data/home/rtabares/anaconda3/envs/pyth3.12/lib/python3.12/site-packages/xgboost/core.py:377: FutureWarning: Your system has an old version of glibc (< 2.28). We will stop supporting Linux distros with glibc older than 2.28 after **May 31, 2025**. Please upgrade to a recent Linux distro (with glibc >= 2.28) to use future versions of XGBoost.
Note: You have installed the 'manylinux2014' variant of XGBoost. Certain features such as GPU algorithms or federated learning are not available. To use these features, please upgrade to a recent Linux distro with glibc 2.28+, and install the 'manylinux_2_28' variant.
  warnings.warn(
[I 2025-05-26 03:18:57,357] A new study created in memory with name: knn
Parámetros guardados en checkpoint_shoppers_Dlatent_F/ag/IPC_10/best_models_ag_seed_5_space_original/naive_bayes_best_params.json


>>> Optuna tuning knn metodo ag IPC 10 seed 5


[I 2025-05-26 03:18:57,754] Trial 0 finished with value: 0.75 and parameters: {'n_neighbors': 4, 'leaf_size': 38, 'p': 2}. Best is trial 0 with value: 0.75.
[I 2025-05-26 03:18:57,833] Trial 1 finished with value: 0.85 and parameters: {'n_neighbors': 6, 'leaf_size': 32, 'p': 1}. Best is trial 1 with value: 0.85.
[I 2025-05-26 03:18:58,505] Trial 2 finished with value: 0.85 and parameters: {'n_neighbors': 5, 'leaf_size': 23, 'p': 2}. Best is trial 1 with value: 0.85.
[I 2025-05-26 03:18:58,520] Trial 3 finished with value: 0.85 and parameters: {'n_neighbors': 6, 'leaf_size': 23, 'p': 1}. Best is trial 1 with value: 0.85.
[I 2025-05-26 03:18:58,594] Trial 4 finished with value: 0.85 and parameters: {'n_neighbors': 6, 'leaf_size': 26, 'p': 1}. Best is trial 1 with value: 0.85.
[I 2025-05-26 03:18:58,691] Trial 5 finished with value: 0.9 and parameters: {'n_neighbors': 7, 'leaf_size': 25, 'p': 1}. Best is trial 5 with value: 0.9.
[I 2025-05-26 03:18:58,728] Trial 6 finished with value: 0.85 and parameters: {'n_neighbors': 5, 'leaf_size': 23, 'p': 2}. Best is trial 5 with value: 0.9.
[I 2025-05-26 03:18:58,763] Trial 7 finished with value: 0.7 and parameters: {'n_neighbors': 10, 'leaf_size': 23, 'p': 2}. Best is trial 5 with value: 0.9.
[I 2025-05-26 03:18:58,840] Trial 8 finished with value: 0.75 and parameters: {'n_neighbors': 8, 'leaf_size': 36, 'p': 2}. Best is trial 5 with value: 0.9.
[I 2025-05-26 03:18:58,876] Trial 9 finished with value: 0.85 and parameters: {'n_neighbors': 3, 'leaf_size': 30, 'p': 2}. Best is trial 5 with value: 0.9.
[I 2025-05-26 03:18:58,964] Trial 10 finished with value: 0.7 and parameters: {'n_neighbors': 8, 'leaf_size': 29, 'p': 1}. Best is trial 5 with value: 0.9.
[I 2025-05-26 03:18:59,010] Trial 11 finished with value: 0.7 and parameters: {'n_neighbors': 8, 'leaf_size': 32, 'p': 1}. Best is trial 5 with value: 0.9.
[I 2025-05-26 03:18:59,763] Trial 12 finished with value: 0.9 and parameters: {'n_neighbors': 7, 'leaf_size': 33, 'p': 1}. Best is trial 5 with value: 0.9.
[I 2025-05-26 03:19:00,507] Trial 13 finished with value: 0.8 and parameters: {'n_neighbors': 9, 'leaf_size': 27, 'p': 1}. Best is trial 5 with value: 0.9.
[I 2025-05-26 03:19:01,259] Trial 14 finished with value: 0.9 and parameters: {'n_neighbors': 7, 'leaf_size': 35, 'p': 1}. Best is trial 5 with value: 0.9.
[I 2025-05-26 03:19:02,051] Trial 15 finished with value: 0.9 and parameters: {'n_neighbors': 7, 'leaf_size': 27, 'p': 1}. Best is trial 5 with value: 0.9.
[I 2025-05-26 03:19:02,077] Trial 16 finished with value: 0.6 and parameters: {'n_neighbors': 10, 'leaf_size': 40, 'p': 1}. Best is trial 5 with value: 0.9.
[I 2025-05-26 03:19:02,101] Trial 17 finished with value: 0.8 and parameters: {'n_neighbors': 9, 'leaf_size': 20, 'p': 1}. Best is trial 5 with value: 0.9.
[I 2025-05-26 03:19:02,127] Trial 18 finished with value: 0.9 and parameters: {'n_neighbors': 7, 'leaf_size': 33, 'p': 1}. Best is trial 5 with value: 0.9.
[I 2025-05-26 03:19:02,152] Trial 19 finished with value: 0.9 and parameters: {'n_neighbors': 5, 'leaf_size': 34, 'p': 1}. Best is trial 5 with value: 0.9.
[I 2025-05-26 03:19:28,488] A new study created in memory with name: xgb
Parámetros guardados en checkpoint_shoppers_Dlatent_F/ag/IPC_10/best_models_ag_seed_5_space_original/knn_best_params.json
Clases:  [ True  True False ... False  True  True]
Forma de chosen:  [ 838 2449 1958 5229 8887 7749 2690 6996 8113 3978] <class 'numpy.ndarray'>
Forma de idxs: (array([    0,     1,     3, ..., 11092, 11095, 11096], shape=(9380,)),) <class 'tuple'>
Clases:  [False False  True ...  True False False]
Forma de chosen:  [ 670 1534  662  470  134  614  974  776 1390 1197] <class 'numpy.ndarray'>
Forma de idxs: (array([    2,     7,    14, ..., 11089, 11093, 11094], shape=(1717,)),) <class 'tuple'>
--- Iniciando reconstrucción de datos ---
Objetos de preprocesamiento cargados.
Pasando datos latentes a través del decoder...
Detectado token CLS en el espacio latente, eliminándolo para el decoder.
Reconstrucción completada. Invirtiendo transformaciones...
Normalización numérica invertida.
Codificación de la variable objetivo invertida.
Codificación categórica invertida.
--- Reconstrucción finalizada ---
Combinando en un DataFrame de Pandas.


>>> Optuna tuning xgb metodo lc IPC 10 seed 5


/data/home/rtabares/anaconda3/envs/pyth3.12/lib/python3.12/site-packages/xgboost/core.py:377: FutureWarning: Your system has an old version of glibc (< 2.28). We will stop supporting Linux distros with glibc older than 2.28 after **May 31, 2025**. Please upgrade to a recent Linux distro (with glibc >= 2.28) to use future versions of XGBoost.
Note: You have installed the 'manylinux2014' variant of XGBoost. Certain features such as GPU algorithms or federated learning are not available. To use these features, please upgrade to a recent Linux distro with glibc 2.28+, and install the 'manylinux_2_28' variant.
  warnings.warn(
/data/home/rtabares/anaconda3/envs/pyth3.12/lib/python3.12/site-packages/xgboost/core.py:377: FutureWarning: Your system has an old version of glibc (< 2.28). We will stop supporting Linux distros with glibc older than 2.28 after **May 31, 2025**. Please upgrade to a recent Linux distro (with glibc >= 2.28) to use future versions of XGBoost.
Note: You have installed the 'manylinux2014' variant of XGBoost. Certain features such as GPU algorithms or federated learning are not available. To use these features, please upgrade to a recent Linux distro with glibc 2.28+, and install the 'manylinux_2_28' variant.
  warnings.warn(
/data/home/rtabares/anaconda3/envs/pyth3.12/lib/python3.12/site-packages/xgboost/core.py:377: FutureWarning: Your system has an old version of glibc (< 2.28). We will stop supporting Linux distros with glibc older than 2.28 after **May 31, 2025**. Please upgrade to a recent Linux distro (with glibc >= 2.28) to use future versions of XGBoost.
Note: You have installed the 'manylinux2014' variant of XGBoost. Certain features such as GPU algorithms or federated learning are not available. To use these features, please upgrade to a recent Linux distro with glibc 2.28+, and install the 'manylinux_2_28' variant.
  warnings.warn(
[I 2025-05-26 03:19:29,021] Trial 0 finished with value: 0.8 and parameters: {'n_estimators': 40, 'max_depth': 5, 'gamma': 0.789317070832284, 'subsample': 0.7592089939364717, 'colsample_bytree': 0.648400250788111}. Best is trial 0 with value: 0.8.
/data/home/rtabares/anaconda3/envs/pyth3.12/lib/python3.12/site-packages/xgboost/core.py:377: FutureWarning: Your system has an old version of glibc (< 2.28). We will stop supporting Linux distros with glibc older than 2.28 after **May 31, 2025**. Please upgrade to a recent Linux distro (with glibc >= 2.28) to use future versions of XGBoost.
Note: You have installed the 'manylinux2014' variant of XGBoost. Certain features such as GPU algorithms or federated learning are not available. To use these features, please upgrade to a recent Linux distro with glibc 2.28+, and install the 'manylinux_2_28' variant.
  warnings.warn(
[I 2025-05-26 03:19:29,128] Trial 1 finished with value: 0.85 and parameters: {'n_estimators': 100, 'max_depth': 30, 'gamma': 0.34667781579300216, 'subsample': 0.7071175095405257, 'colsample_bytree': 0.6480399663668239}. Best is trial 1 with value: 0.85.
/data/home/rtabares/anaconda3/envs/pyth3.12/lib/python3.12/site-packages/xgboost/core.py:377: FutureWarning: Your system has an old version of glibc (< 2.28). We will stop supporting Linux distros with glibc older than 2.28 after **May 31, 2025**. Please upgrade to a recent Linux distro (with glibc >= 2.28) to use future versions of XGBoost.
Note: You have installed the 'manylinux2014' variant of XGBoost. Certain features such as GPU algorithms or federated learning are not available. To use these features, please upgrade to a recent Linux distro with glibc 2.28+, and install the 'manylinux_2_28' variant.
  warnings.warn(
/data/home/rtabares/anaconda3/envs/pyth3.12/lib/python3.12/site-packages/xgboost/core.py:377: FutureWarning: Your system has an old version of glibc (< 2.28). We will stop supporting Linux distros with glibc older than 2.28 after **May 31, 2025**. Please upgrade to a recent Linux distro (with glibc >= 2.28) to use future versions of XGBoost.
Note: You have installed the 'manylinux2014' variant of XGBoost. Certain features such as GPU algorithms or federated learning are not available. To use these features, please upgrade to a recent Linux distro with glibc 2.28+, and install the 'manylinux_2_28' variant.
  warnings.warn(
[I 2025-05-26 03:19:29,194] Trial 2 finished with value: 0.85 and parameters: {'n_estimators': 10, 'max_depth': 20, 'gamma': 0.3948075529198607, 'subsample': 0.5720821503267102, 'colsample_bytree': 0.5828064306006338}. Best is trial 1 with value: 0.85.
/data/home/rtabares/anaconda3/envs/pyth3.12/lib/python3.12/site-packages/xgboost/core.py:377: FutureWarning: Your system has an old version of glibc (< 2.28). We will stop supporting Linux distros with glibc older than 2.28 after **May 31, 2025**. Please upgrade to a recent Linux distro (with glibc >= 2.28) to use future versions of XGBoost.
Note: You have installed the 'manylinux2014' variant of XGBoost. Certain features such as GPU algorithms or federated learning are not available. To use these features, please upgrade to a recent Linux distro with glibc 2.28+, and install the 'manylinux_2_28' variant.
  warnings.warn(
/data/home/rtabares/anaconda3/envs/pyth3.12/lib/python3.12/site-packages/xgboost/core.py:377: FutureWarning: Your system has an old version of glibc (< 2.28). We will stop supporting Linux distros with glibc older than 2.28 after **May 31, 2025**. Please upgrade to a recent Linux distro (with glibc >= 2.28) to use future versions of XGBoost.
Note: You have installed the 'manylinux2014' variant of XGBoost. Certain features such as GPU algorithms or federated learning are not available. To use these features, please upgrade to a recent Linux distro with glibc 2.28+, and install the 'manylinux_2_28' variant.
  warnings.warn(
[I 2025-05-26 03:19:29,260] Trial 3 finished with value: 0.75 and parameters: {'n_estimators': 10, 'max_depth': 30, 'gamma': 0.8015631269999768, 'subsample': 0.5114665462195407, 'colsample_bytree': 0.788831429064878}. Best is trial 1 with value: 0.85.
[I 2025-05-26 03:19:29,305] Trial 4 finished with value: 0.8 and parameters: {'n_estimators': 100, 'max_depth': 5, 'gamma': 0.8834347783013348, 'subsample': 0.961374806972835, 'colsample_bytree': 0.5011071062662218}. Best is trial 1 with value: 0.85.
/data/home/rtabares/anaconda3/envs/pyth3.12/lib/python3.12/site-packages/xgboost/core.py:377: FutureWarning: Your system has an old version of glibc (< 2.28). We will stop supporting Linux distros with glibc older than 2.28 after **May 31, 2025**. Please upgrade to a recent Linux distro (with glibc >= 2.28) to use future versions of XGBoost.
Note: You have installed the 'manylinux2014' variant of XGBoost. Certain features such as GPU algorithms or federated learning are not available. To use these features, please upgrade to a recent Linux distro with glibc 2.28+, and install the 'manylinux_2_28' variant.
  warnings.warn(
/data/home/rtabares/anaconda3/envs/pyth3.12/lib/python3.12/site-packages/xgboost/core.py:377: FutureWarning: Your system has an old version of glibc (< 2.28). We will stop supporting Linux distros with glibc older than 2.28 after **May 31, 2025**. Please upgrade to a recent Linux distro (with glibc >= 2.28) to use future versions of XGBoost.
Note: You have installed the 'manylinux2014' variant of XGBoost. Certain features such as GPU algorithms or federated learning are not available. To use these features, please upgrade to a recent Linux distro with glibc 2.28+, and install the 'manylinux_2_28' variant.
  warnings.warn(
