[I 2025-05-26 03:34:00,544] Trial 1 finished with value: 0.9 and parameters: {'n_estimators': 100, 'max_depth': 30, 'gamma': 0.9912018442360747, 'subsample': 0.9099290984609207, 'colsample_bytree': 0.7066004674080903}. Best is trial 0 with value: 0.95.
/data/home/rtabares/anaconda3/envs/pyth3.12/lib/python3.12/site-packages/xgboost/core.py:377: FutureWarning: Your system has an old version of glibc (< 2.28). We will stop supporting Linux distros with glibc older than 2.28 after **May 31, 2025**. Please upgrade to a recent Linux distro (with glibc >= 2.28) to use future versions of XGBoost.
Note: You have installed the 'manylinux2014' variant of XGBoost. Certain features such as GPU algorithms or federated learning are not available. To use these features, please upgrade to a recent Linux distro with glibc 2.28+, and install the 'manylinux_2_28' variant.
  warnings.warn(
[I 2025-05-26 03:34:01,858] Trial 2 finished with value: 0.85 and parameters: {'n_estimators': 10, 'max_depth': 20, 'gamma': 0.7382185757030506, 'subsample': 0.7704684271512641, 'colsample_bytree': 0.5624120871903049}. Best is trial 0 with value: 0.95.
Parámetros guardados en checkpoint_shoppers_Dlatent_F/lc/IPC_10/best_models_lc_seed_6_space_latent/knn_best_params.json


>>> Optuna tuning xgb metodo lc IPC 10 seed 6


/data/home/rtabares/anaconda3/envs/pyth3.12/lib/python3.12/site-packages/xgboost/core.py:377: FutureWarning: Your system has an old version of glibc (< 2.28). We will stop supporting Linux distros with glibc older than 2.28 after **May 31, 2025**. Please upgrade to a recent Linux distro (with glibc >= 2.28) to use future versions of XGBoost.
Note: You have installed the 'manylinux2014' variant of XGBoost. Certain features such as GPU algorithms or federated learning are not available. To use these features, please upgrade to a recent Linux distro with glibc 2.28+, and install the 'manylinux_2_28' variant.
  warnings.warn(
/data/home/rtabares/anaconda3/envs/pyth3.12/lib/python3.12/site-packages/xgboost/core.py:377: FutureWarning: Your system has an old version of glibc (< 2.28). We will stop supporting Linux distros with glibc older than 2.28 after **May 31, 2025**. Please upgrade to a recent Linux distro (with glibc >= 2.28) to use future versions of XGBoost.
Note: You have installed the 'manylinux2014' variant of XGBoost. Certain features such as GPU algorithms or federated learning are not available. To use these features, please upgrade to a recent Linux distro with glibc 2.28+, and install the 'manylinux_2_28' variant.
  warnings.warn(
[I 2025-05-26 03:34:05,813] Trial 3 finished with value: 0.9 and parameters: {'n_estimators': 10, 'max_depth': 20, 'gamma': 0.7041784887453524, 'subsample': 0.7995029565695583, 'colsample_bytree': 0.8586660727777565}. Best is trial 0 with value: 0.95.
/data/home/rtabares/anaconda3/envs/pyth3.12/lib/python3.12/site-packages/xgboost/core.py:377: FutureWarning: Your system has an old version of glibc (< 2.28). We will stop supporting Linux distros with glibc older than 2.28 after **May 31, 2025**. Please upgrade to a recent Linux distro (with glibc >= 2.28) to use future versions of XGBoost.
Note: You have installed the 'manylinux2014' variant of XGBoost. Certain features such as GPU algorithms or federated learning are not available. To use these features, please upgrade to a recent Linux distro with glibc 2.28+, and install the 'manylinux_2_28' variant.
  warnings.warn(
/data/home/rtabares/anaconda3/envs/pyth3.12/lib/python3.12/site-packages/xgboost/core.py:377: FutureWarning: Your system has an old version of glibc (< 2.28). We will stop supporting Linux distros with glibc older than 2.28 after **May 31, 2025**. Please upgrade to a recent Linux distro (with glibc >= 2.28) to use future versions of XGBoost.
Note: You have installed the 'manylinux2014' variant of XGBoost. Certain features such as GPU algorithms or federated learning are not available. To use these features, please upgrade to a recent Linux distro with glibc 2.28+, and install the 'manylinux_2_28' variant.
  warnings.warn(
[I 2025-05-26 03:34:06,169] Trial 4 finished with value: 0.9 and parameters: {'n_estimators': 10, 'max_depth': 20, 'gamma': 0.46549701645255037, 'subsample': 0.9946899241400011, 'colsample_bytree': 0.725249640372583}. Best is trial 0 with value: 0.95.
/data/home/rtabares/anaconda3/envs/pyth3.12/lib/python3.12/site-packages/xgboost/core.py:377: FutureWarning: Your system has an old version of glibc (< 2.28). We will stop supporting Linux distros with glibc older than 2.28 after **May 31, 2025**. Please upgrade to a recent Linux distro (with glibc >= 2.28) to use future versions of XGBoost.
Note: You have installed the 'manylinux2014' variant of XGBoost. Certain features such as GPU algorithms or federated learning are not available. To use these features, please upgrade to a recent Linux distro with glibc 2.28+, and install the 'manylinux_2_28' variant.
  warnings.warn(
/data/home/rtabares/anaconda3/envs/pyth3.12/lib/python3.12/site-packages/xgboost/core.py:377: FutureWarning: Your system has an old version of glibc (< 2.28). We will stop supporting Linux distros with glibc older than 2.28 after **May 31, 2025**. Please upgrade to a recent Linux distro (with glibc >= 2.28) to use future versions of XGBoost.
Note: You have installed the 'manylinux2014' variant of XGBoost. Certain features such as GPU algorithms or federated learning are not available. To use these features, please upgrade to a recent Linux distro with glibc 2.28+, and install the 'manylinux_2_28' variant.
  warnings.warn(
/data/home/rtabares/anaconda3/envs/pyth3.12/lib/python3.12/site-packages/xgboost/core.py:377: FutureWarning: Your system has an old version of glibc (< 2.28). We will stop supporting Linux distros with glibc older than 2.28 after **May 31, 2025**. Please upgrade to a recent Linux distro (with glibc >= 2.28) to use future versions of XGBoost.
Note: You have installed the 'manylinux2014' variant of XGBoost. Certain features such as GPU algorithms or federated learning are not available. To use these features, please upgrade to a recent Linux distro with glibc 2.28+, and install the 'manylinux_2_28' variant.
  warnings.warn(
[I 2025-05-26 03:34:06,299] Trial 5 finished with value: 0.95 and parameters: {'n_estimators': 40, 'max_depth': 20, 'gamma': 0.3554734452019276, 'subsample': 0.5947710951851903, 'colsample_bytree': 0.7356254823676576}. Best is trial 0 with value: 0.95.
/data/home/rtabares/anaconda3/envs/pyth3.12/lib/python3.12/site-packages/xgboost/core.py:377: FutureWarning: Your system has an old version of glibc (< 2.28). We will stop supporting Linux distros with glibc older than 2.28 after **May 31, 2025**. Please upgrade to a recent Linux distro (with glibc >= 2.28) to use future versions of XGBoost.
Note: You have installed the 'manylinux2014' variant of XGBoost. Certain features such as GPU algorithms or federated learning are not available. To use these features, please upgrade to a recent Linux distro with glibc 2.28+, and install the 'manylinux_2_28' variant.
  warnings.warn(
[I 2025-05-26 03:34:06,356] Trial 6 finished with value: 0.9 and parameters: {'n_estimators': 40, 'max_depth': 20, 'gamma': 0.8967376717636345, 'subsample': 0.988276510203839, 'colsample_bytree': 0.9184542964535913}. Best is trial 0 with value: 0.95.
/data/home/rtabares/anaconda3/envs/pyth3.12/lib/python3.12/site-packages/xgboost/core.py:377: FutureWarning: Your system has an old version of glibc (< 2.28). We will stop supporting Linux distros with glibc older than 2.28 after **May 31, 2025**. Please upgrade to a recent Linux distro (with glibc >= 2.28) to use future versions of XGBoost.
Note: You have installed the 'manylinux2014' variant of XGBoost. Certain features such as GPU algorithms or federated learning are not available. To use these features, please upgrade to a recent Linux distro with glibc 2.28+, and install the 'manylinux_2_28' variant.
  warnings.warn(
[I 2025-05-26 03:34:06,412] Trial 7 finished with value: 0.85 and parameters: {'n_estimators': 40, 'max_depth': 30, 'gamma': 0.7149068474388774, 'subsample': 0.5696358027454862, 'colsample_bytree': 0.8514125286992056}. Best is trial 0 with value: 0.95.
/data/home/rtabares/anaconda3/envs/pyth3.12/lib/python3.12/site-packages/xgboost/core.py:377: FutureWarning: Your system has an old version of glibc (< 2.28). We will stop supporting Linux distros with glibc older than 2.28 after **May 31, 2025**. Please upgrade to a recent Linux distro (with glibc >= 2.28) to use future versions of XGBoost.
Note: You have installed the 'manylinux2014' variant of XGBoost. Certain features such as GPU algorithms or federated learning are not available. To use these features, please upgrade to a recent Linux distro with glibc 2.28+, and install the 'manylinux_2_28' variant.
  warnings.warn(
[I 2025-05-26 03:34:06,478] Trial 8 finished with value: 0.95 and parameters: {'n_estimators': 100, 'max_depth': 30, 'gamma': 0.2471398756881566, 'subsample': 0.8241126205332553, 'colsample_bytree': 0.6258070715852391}. Best is trial 0 with value: 0.95.
/data/home/rtabares/anaconda3/envs/pyth3.12/lib/python3.12/site-packages/xgboost/core.py:377: FutureWarning: Your system has an old version of glibc (< 2.28). We will stop supporting Linux distros with glibc older than 2.28 after **May 31, 2025**. Please upgrade to a recent Linux distro (with glibc >= 2.28) to use future versions of XGBoost.
Note: You have installed the 'manylinux2014' variant of XGBoost. Certain features such as GPU algorithms or federated learning are not available. To use these features, please upgrade to a recent Linux distro with glibc 2.28+, and install the 'manylinux_2_28' variant.
  warnings.warn(
[I 2025-05-26 03:34:06,565] Trial 9 finished with value: 0.9 and parameters: {'n_estimators': 40, 'max_depth': 30, 'gamma': 0.8599846034069103, 'subsample': 0.8019332783535529, 'colsample_bytree': 0.7936068454878676}. Best is trial 0 with value: 0.95.
/data/home/rtabares/anaconda3/envs/pyth3.12/lib/python3.12/site-packages/xgboost/core.py:377: FutureWarning: Your system has an old version of glibc (< 2.28). We will stop supporting Linux distros with glibc older than 2.28 after **May 31, 2025**. Please upgrade to a recent Linux distro (with glibc >= 2.28) to use future versions of XGBoost.
Note: You have installed the 'manylinux2014' variant of XGBoost. Certain features such as GPU algorithms or federated learning are not available. To use these features, please upgrade to a recent Linux distro with glibc 2.28+, and install the 'manylinux_2_28' variant.
  warnings.warn(
/data/home/rtabares/anaconda3/envs/pyth3.12/lib/python3.12/site-packages/xgboost/core.py:377: FutureWarning: Your system has an old version of glibc (< 2.28). We will stop supporting Linux distros with glibc older than 2.28 after **May 31, 2025**. Please upgrade to a recent Linux distro (with glibc >= 2.28) to use future versions of XGBoost.
Note: You have installed the 'manylinux2014' variant of XGBoost. Certain features such as GPU algorithms or federated learning are not available. To use these features, please upgrade to a recent Linux distro with glibc 2.28+, and install the 'manylinux_2_28' variant.
  warnings.warn(
/data/home/rtabares/anaconda3/envs/pyth3.12/lib/python3.12/site-packages/xgboost/core.py:377: FutureWarning: Your system has an old version of glibc (< 2.28). We will stop supporting Linux distros with glibc older than 2.28 after **May 31, 2025**. Please upgrade to a recent Linux distro (with glibc >= 2.28) to use future versions of XGBoost.
Note: You have installed the 'manylinux2014' variant of XGBoost. Certain features such as GPU algorithms or federated learning are not available. To use these features, please upgrade to a recent Linux distro with glibc 2.28+, and install the 'manylinux_2_28' variant.
  warnings.warn(
[I 2025-05-26 03:34:06,633] Trial 10 finished with value: 0.9 and parameters: {'n_estimators': 10, 'max_depth': 5, 'gamma': 0.11132541504315885, 'subsample': 0.6518824205184826, 'colsample_bytree': 0.5222467176724002}. Best is trial 0 with value: 0.95.
/data/home/rtabares/anaconda3/envs/pyth3.12/lib/python3.12/site-packages/xgboost/core.py:377: FutureWarning: Your system has an old version of glibc (< 2.28). We will stop supporting Linux distros with glibc older than 2.28 after **May 31, 2025**. Please upgrade to a recent Linux distro (with glibc >= 2.28) to use future versions of XGBoost.
Note: You have installed the 'manylinux2014' variant of XGBoost. Certain features such as GPU algorithms or federated learning are not available. To use these features, please upgrade to a recent Linux distro with glibc 2.28+, and install the 'manylinux_2_28' variant.
  warnings.warn(
/data/home/rtabares/anaconda3/envs/pyth3.12/lib/python3.12/site-packages/xgboost/core.py:377: FutureWarning: Your system has an old version of glibc (< 2.28). We will stop supporting Linux distros with glibc older than 2.28 after **May 31, 2025**. Please upgrade to a recent Linux distro (with glibc >= 2.28) to use future versions of XGBoost.
Note: You have installed the 'manylinux2014' variant of XGBoost. Certain features such as GPU algorithms or federated learning are not available. To use these features, please upgrade to a recent Linux distro with glibc 2.28+, and install the 'manylinux_2_28' variant.
  warnings.warn(
[I 2025-05-26 03:34:06,720] Trial 11 finished with value: 0.95 and parameters: {'n_estimators': 40, 'max_depth': 5, 'gamma': 0.4172855694239632, 'subsample': 0.6388947301297142, 'colsample_bytree': 0.6608770902048942}. Best is trial 0 with value: 0.95.
[I 2025-05-26 03:34:06,766] Trial 12 finished with value: 0.9 and parameters: {'n_estimators': 10, 'max_depth': 30, 'gamma': 0.3406095536144659, 'subsample': 0.5146941975288786, 'colsample_bytree': 0.6138459554695049}. Best is trial 0 with value: 0.95.
[I 2025-05-26 03:34:06,811] Trial 13 finished with value: 0.95 and parameters: {'n_estimators': 40, 'max_depth': 20, 'gamma': 0.5697241205333379, 'subsample': 0.6608217790976321, 'colsample_bytree': 0.7843797188943729}. Best is trial 0 with value: 0.95.
[I 2025-05-26 03:34:06,873] Trial 14 finished with value: 0.95 and parameters: {'n_estimators': 100, 'max_depth': 5, 'gamma': 0.5687337934112143, 'subsample': 0.6980766032646211, 'colsample_bytree': 0.6961039630162064}. Best is trial 0 with value: 0.95.
/data/home/rtabares/anaconda3/envs/pyth3.12/lib/python3.12/site-packages/xgboost/core.py:377: FutureWarning: Your system has an old version of glibc (< 2.28). We will stop supporting Linux distros with glibc older than 2.28 after **May 31, 2025**. Please upgrade to a recent Linux distro (with glibc >= 2.28) to use future versions of XGBoost.
Note: You have installed the 'manylinux2014' variant of XGBoost. Certain features such as GPU algorithms or federated learning are not available. To use these features, please upgrade to a recent Linux distro with glibc 2.28+, and install the 'manylinux_2_28' variant.
  warnings.warn(
/data/home/rtabares/anaconda3/envs/pyth3.12/lib/python3.12/site-packages/xgboost/core.py:377: FutureWarning: Your system has an old version of glibc (< 2.28). We will stop supporting Linux distros with glibc older than 2.28 after **May 31, 2025**. Please upgrade to a recent Linux distro (with glibc >= 2.28) to use future versions of XGBoost.
Note: You have installed the 'manylinux2014' variant of XGBoost. Certain features such as GPU algorithms or federated learning are not available. To use these features, please upgrade to a recent Linux distro with glibc 2.28+, and install the 'manylinux_2_28' variant.
  warnings.warn(
[I 2025-05-26 03:34:08,050] Trial 15 finished with value: 0.9 and parameters: {'n_estimators': 10, 'max_depth': 30, 'gamma': 0.25263262749385673, 'subsample': 0.5823768937955277, 'colsample_bytree': 0.9888939439492501}. Best is trial 0 with value: 0.95.
[I 2025-05-26 03:34:08,089] Trial 16 finished with value: 0.95 and parameters: {'n_estimators': 40, 'max_depth': 20, 'gamma': 0.4695182335317233, 'subsample': 0.7305039856406822, 'colsample_bytree': 0.7753293339124582}. Best is trial 0 with value: 0.95.
[I 2025-05-26 03:34:08,140] Trial 17 finished with value: 0.95 and parameters: {'n_estimators': 40, 'max_depth': 30, 'gamma': 0.6225434645728235, 'subsample': 0.5053007952589881, 'colsample_bytree': 0.5964713124758902}. Best is trial 0 with value: 0.95.
[I 2025-05-26 03:34:08,185] Trial 18 finished with value: 0.9 and parameters: {'n_estimators': 10, 'max_depth': 20, 'gamma': 0.31432524140584395, 'subsample': 0.5771946460010657, 'colsample_bytree': 0.6722673830923735}. Best is trial 0 with value: 0.95.
[I 2025-05-26 03:34:08,264] Trial 19 finished with value: 0.95 and parameters: {'n_estimators': 100, 'max_depth': 5, 'gamma': 0.17741720578348438, 'subsample': 0.6945958903811671, 'colsample_bytree': 0.7457912193860601}. Best is trial 0 with value: 0.95.
/data/home/rtabares/anaconda3/envs/pyth3.12/lib/python3.12/site-packages/xgboost/core.py:377: FutureWarning: Your system has an old version of glibc (< 2.28). We will stop supporting Linux distros with glibc older than 2.28 after **May 31, 2025**. Please upgrade to a recent Linux distro (with glibc >= 2.28) to use future versions of XGBoost.
Note: You have installed the 'manylinux2014' variant of XGBoost. Certain features such as GPU algorithms or federated learning are not available. To use these features, please upgrade to a recent Linux distro with glibc 2.28+, and install the 'manylinux_2_28' variant.
  warnings.warn(
[I 2025-05-26 03:34:21,597] A new study created in memory with name: rf
Parámetros guardados en checkpoint_shoppers_Dlatent_F/lc/IPC_10/best_models_lc_seed_6_space_original/xgb_best_params.json


>>> Optuna tuning rf metodo lc IPC 10 seed 6


[I 2025-05-26 03:34:28,114] Trial 0 finished with value: 1.0 and parameters: {'n_estimators': 458, 'max_depth': 8, 'min_samples_split': 9, 'min_samples_leaf': 1}. Best is trial 0 with value: 1.0.
[I 2025-05-26 03:34:28,790] Trial 1 finished with value: 1.0 and parameters: {'n_estimators': 143, 'max_depth': 13, 'min_samples_split': 6, 'min_samples_leaf': 5}. Best is trial 0 with value: 1.0.
[I 2025-05-26 03:34:29,686] Trial 2 finished with value: 0.5 and parameters: {'n_estimators': 234, 'max_depth': 14, 'min_samples_split': 5, 'min_samples_leaf': 8}. Best is trial 0 with value: 1.0.
[I 2025-05-26 03:34:30,755] Trial 3 finished with value: 0.5 and parameters: {'n_estimators': 307, 'max_depth': 13, 'min_samples_split': 7, 'min_samples_leaf': 10}. Best is trial 0 with value: 1.0.
[I 2025-05-26 03:34:32,265] Trial 4 finished with value: 0.5 and parameters: {'n_estimators': 428, 'max_depth': 10, 'min_samples_split': 9, 'min_samples_leaf': 9}. Best is trial 0 with value: 1.0.
[I 2025-05-26 03:34:32,742] Trial 5 finished with value: 0.5 and parameters: {'n_estimators': 121, 'max_depth': 15, 'min_samples_split': 9, 'min_samples_leaf': 8}. Best is trial 0 with value: 1.0.
[I 2025-05-26 03:34:33,832] Trial 6 finished with value: 0.5 and parameters: {'n_estimators': 384, 'max_depth': 12, 'min_samples_split': 3, 'min_samples_leaf': 10}. Best is trial 0 with value: 1.0.
[I 2025-05-26 03:34:34,370] Trial 7 finished with value: 0.5 and parameters: {'n_estimators': 261, 'max_depth': 6, 'min_samples_split': 8, 'min_samples_leaf': 10}. Best is trial 0 with value: 1.0.
[I 2025-05-26 03:34:34,908] Trial 8 finished with value: 0.5 and parameters: {'n_estimators': 202, 'max_depth': 15, 'min_samples_split': 7, 'min_samples_leaf': 8}. Best is trial 0 with value: 1.0.
[I 2025-05-26 03:34:35,939] Trial 9 finished with value: 1.0 and parameters: {'n_estimators': 475, 'max_depth': 9, 'min_samples_split': 4, 'min_samples_leaf': 5}. Best is trial 0 with value: 1.0.
[I 2025-05-26 03:34:36,743] Trial 10 finished with value: 1.0 and parameters: {'n_estimators': 352, 'max_depth': 20, 'min_samples_split': 10, 'min_samples_leaf': 1}. Best is trial 0 with value: 1.0.
[I 2025-05-26 03:34:37,098] Trial 11 finished with value: 1.0 and parameters: {'n_estimators': 110, 'max_depth': 4, 'min_samples_split': 6, 'min_samples_leaf': 1}. Best is trial 0 with value: 1.0.
[I 2025-05-26 03:34:39,507] Trial 12 finished with value: 1.0 and parameters: {'n_estimators': 489, 'max_depth': 7, 'min_samples_split': 2, 'min_samples_leaf': 4}. Best is trial 0 with value: 1.0.
[I 2025-05-26 03:34:40,138] Trial 13 finished with value: 1.0 and parameters: {'n_estimators': 201, 'max_depth': 18, 'min_samples_split': 5, 'min_samples_leaf': 3}. Best is trial 0 with value: 1.0.
[I 2025-05-26 03:34:40,555] Trial 14 finished with value: 0.95 and parameters: {'n_estimators': 157, 'max_depth': 9, 'min_samples_split': 7, 'min_samples_leaf': 6}. Best is trial 0 with value: 1.0.
[I 2025-05-26 03:34:41,477] Trial 15 finished with value: 1.0 and parameters: {'n_estimators': 308, 'max_depth': 3, 'min_samples_split': 10, 'min_samples_leaf': 3}. Best is trial 0 with value: 1.0.
[I 2025-05-26 03:34:42,943] Trial 16 finished with value: 0.85 and parameters: {'n_estimators': 423, 'max_depth': 17, 'min_samples_split': 6, 'min_samples_leaf': 6}. Best is trial 0 with value: 1.0.
[I 2025-05-26 03:34:44,010] Trial 17 finished with value: 1.0 and parameters: {'n_estimators': 339, 'max_depth': 11, 'min_samples_split': 8, 'min_samples_leaf': 2}. Best is trial 0 with value: 1.0.
[I 2025-05-26 03:34:44,640] Trial 18 finished with value: 1.0 and parameters: {'n_estimators': 264, 'max_depth': 7, 'min_samples_split': 5, 'min_samples_leaf': 5}. Best is trial 0 with value: 1.0.
