[I 2025-05-26 03:36:13,702] Trial 7 finished with value: 0.7 and parameters: {'C': 3.8143486186647126, 'gamma': 0.9138966502602072}. Best is trial 2 with value: 0.9.
[I 2025-05-26 03:36:13,717] Trial 8 finished with value: 0.8 and parameters: {'C': 19.029737066374768, 'gamma': 0.004495766421289856}. Best is trial 2 with value: 0.9.
[I 2025-05-26 03:36:13,732] Trial 9 finished with value: 0.7 and parameters: {'C': 31.994153257994277, 'gamma': 0.19725941020937518}. Best is trial 2 with value: 0.9.
[I 2025-05-26 03:36:13,754] Trial 10 finished with value: 0.4 and parameters: {'C': 0.022458498023938945, 'gamma': 0.0006344004822646731}. Best is trial 2 with value: 0.9.
[I 2025-05-26 03:36:13,776] Trial 11 finished with value: 0.9 and parameters: {'C': 0.03285428821848597, 'gamma': 0.033736483455164556}. Best is trial 2 with value: 0.9.
[I 2025-05-26 03:36:14,465] Trial 12 finished with value: 0.7 and parameters: {'C': 0.1339504322046206, 'gamma': 0.12661204150461902}. Best is trial 2 with value: 0.9.
[I 2025-05-26 03:36:14,491] Trial 13 finished with value: 0.9 and parameters: {'C': 0.10096208275809461, 'gamma': 0.012999792142910782}. Best is trial 2 with value: 0.9.
[I 2025-05-26 03:36:14,515] Trial 14 finished with value: 0.9 and parameters: {'C': 0.011101715091503362, 'gamma': 0.05161444582457542}. Best is trial 2 with value: 0.9.
[I 2025-05-26 03:36:14,536] Trial 15 finished with value: 0.6 and parameters: {'C': 0.15685281772138507, 'gamma': 0.35508786052041785}. Best is trial 2 with value: 0.9.
[I 2025-05-26 03:36:14,561] Trial 16 finished with value: 0.5 and parameters: {'C': 0.3390440077276608, 'gamma': 0.0012594689345178107}. Best is trial 2 with value: 0.9.
[I 2025-05-26 03:36:14,583] Trial 17 finished with value: 0.8 and parameters: {'C': 0.046173232680233774, 'gamma': 0.007882906010030352}. Best is trial 2 with value: 0.9.
[I 2025-05-26 03:36:14,605] Trial 18 finished with value: 0.9 and parameters: {'C': 4.028013153789631, 'gamma': 0.0315577736206777}. Best is trial 2 with value: 0.9.
[I 2025-05-26 03:36:14,626] Trial 19 finished with value: 0.8 and parameters: {'C': 0.013018652321549997, 'gamma': 0.5349528776444162}. Best is trial 2 with value: 0.9.
[I 2025-05-26 03:36:18,171] A new study created in memory with name: logreg
Parámetros guardados en checkpoint_shoppers_Dlatent_F/craig/IPC_10/best_models_craig_seed_6_space_latent/svc_best_params.json


>>> Optuna tuning logreg metodo craig IPC 10 seed 6


[I 2025-05-26 03:36:19,018] Trial 0 finished with value: 0.5 and parameters: {'C': 29.127335430981816, 'penalty': 'l2'}. Best is trial 0 with value: 0.5.
[I 2025-05-26 03:36:19,668] Trial 1 finished with value: 0.5 and parameters: {'C': 0.045698192893558344, 'penalty': 'l2'}. Best is trial 0 with value: 0.5.
[I 2025-05-26 03:36:19,695] Trial 2 finished with value: 0.5 and parameters: {'C': 12.768668597712947, 'penalty': 'l2'}. Best is trial 0 with value: 0.5.
[I 2025-05-26 03:36:19,722] Trial 3 finished with value: 0.5 and parameters: {'C': 0.0016161554408462638, 'penalty': 'l2'}. Best is trial 0 with value: 0.5.
[I 2025-05-26 03:36:20,444] Trial 4 finished with value: 0.5 and parameters: {'C': 0.0034536903703241734, 'penalty': 'l2'}. Best is trial 0 with value: 0.5.
[I 2025-05-26 03:36:20,470] Trial 5 finished with value: 0.5 and parameters: {'C': 0.9446269266990148, 'penalty': 'l2'}. Best is trial 0 with value: 0.5.
[I 2025-05-26 03:36:20,495] Trial 6 finished with value: 0.4 and parameters: {'C': 0.4457453393648168, 'penalty': 'l2'}. Best is trial 0 with value: 0.5.
[I 2025-05-26 03:36:20,521] Trial 7 finished with value: 0.4 and parameters: {'C': 0.12417585037258261, 'penalty': 'l2'}. Best is trial 0 with value: 0.5.
[I 2025-05-26 03:36:20,536] Trial 8 finished with value: 0.5 and parameters: {'C': 0.04753781830244093, 'penalty': 'l2'}. Best is trial 0 with value: 0.5.
[I 2025-05-26 03:36:20,550] Trial 9 finished with value: 0.5 and parameters: {'C': 1.2959766028194148, 'penalty': 'l2'}. Best is trial 0 with value: 0.5.
[I 2025-05-26 03:36:20,580] Trial 10 finished with value: 0.5 and parameters: {'C': 96.02411422716075, 'penalty': 'l2'}. Best is trial 0 with value: 0.5.
[I 2025-05-26 03:36:20,602] Trial 11 finished with value: 0.6 and parameters: {'C': 0.011544291794950012, 'penalty': 'l2'}. Best is trial 11 with value: 0.6.
[I 2025-05-26 03:36:21,347] Trial 12 finished with value: 0.6 and parameters: {'C': 0.011741202135066768, 'penalty': 'l2'}. Best is trial 11 with value: 0.6.
[I 2025-05-26 03:36:21,378] Trial 13 finished with value: 0.6 and parameters: {'C': 0.008143282562624114, 'penalty': 'l2'}. Best is trial 11 with value: 0.6.
[I 2025-05-26 03:36:21,400] Trial 14 finished with value: 0.6 and parameters: {'C': 0.017777175608220824, 'penalty': 'l2'}. Best is trial 11 with value: 0.6.
[I 2025-05-26 03:36:21,418] Trial 15 finished with value: 0.6 and parameters: {'C': 0.009334487146329448, 'penalty': 'l2'}. Best is trial 11 with value: 0.6.
[I 2025-05-26 03:36:21,448] Trial 16 finished with value: 0.5 and parameters: {'C': 0.0013678805924558961, 'penalty': 'l2'}. Best is trial 11 with value: 0.6.
[I 2025-05-26 03:36:21,479] Trial 17 finished with value: 0.4 and parameters: {'C': 0.13206670112839622, 'penalty': 'l2'}. Best is trial 11 with value: 0.6.
[I 2025-05-26 03:36:21,519] Trial 18 finished with value: 0.5 and parameters: {'C': 3.1775453851657796, 'penalty': 'l2'}. Best is trial 11 with value: 0.6.
[I 2025-05-26 03:36:21,552] Trial 19 finished with value: 0.5 and parameters: {'C': 0.028726942288157056, 'penalty': 'l2'}. Best is trial 11 with value: 0.6.
/data/home/rtabares/anaconda3/envs/pyth3.12/lib/python3.12/site-packages/xgboost/core.py:377: FutureWarning: Your system has an old version of glibc (< 2.28). We will stop supporting Linux distros with glibc older than 2.28 after **May 31, 2025**. Please upgrade to a recent Linux distro (with glibc >= 2.28) to use future versions of XGBoost.
Note: You have installed the 'manylinux2014' variant of XGBoost. Certain features such as GPU algorithms or federated learning are not available. To use these features, please upgrade to a recent Linux distro with glibc 2.28+, and install the 'manylinux_2_28' variant.
  warnings.warn(
[I 2025-05-26 03:36:23,504] A new study created in memory with name: mlp
Parámetros guardados en checkpoint_shoppers_Dlatent_F/craig/IPC_10/best_models_craig_seed_6_space_latent/logreg_best_params.json


>>> Optuna tuning mlp metodo craig IPC 10 seed 6


[I 2025-05-26 03:36:26,847] Trial 0 finished with value: 0.7 and parameters: {'hidden_layer_sizes': (100,), 'max_iter': 100, 'alpha': 0.0001}. Best is trial 0 with value: 0.7.
[I 2025-05-26 03:36:27,223] Trial 1 finished with value: 0.5 and parameters: {'hidden_layer_sizes': (100, 100), 'max_iter': 100, 'alpha': 0.001}. Best is trial 0 with value: 0.7.
[I 2025-05-26 03:36:27,281] Trial 2 finished with value: 0.6 and parameters: {'hidden_layer_sizes': (200,), 'max_iter': 100, 'alpha': 0.0001}. Best is trial 0 with value: 0.7.
/data/home/rtabares/anaconda3/envs/pyth3.12/lib/python3.12/site-packages/sklearn/neural_network/_multilayer_perceptron.py:691: ConvergenceWarning: Stochastic Optimizer: Maximum iterations (50) reached and the optimization hasn't converged yet.
  warnings.warn(
/data/home/rtabares/anaconda3/envs/pyth3.12/lib/python3.12/site-packages/sklearn/neural_network/_multilayer_perceptron.py:691: ConvergenceWarning: Stochastic Optimizer: Maximum iterations (50) reached and the optimization hasn't converged yet.
  warnings.warn(
/data/home/rtabares/anaconda3/envs/pyth3.12/lib/python3.12/site-packages/sklearn/neural_network/_multilayer_perceptron.py:691: ConvergenceWarning: Stochastic Optimizer: Maximum iterations (50) reached and the optimization hasn't converged yet.
  warnings.warn(
/data/home/rtabares/anaconda3/envs/pyth3.12/lib/python3.12/site-packages/sklearn/neural_network/_multilayer_perceptron.py:691: ConvergenceWarning: Stochastic Optimizer: Maximum iterations (50) reached and the optimization hasn't converged yet.
  warnings.warn(
[I 2025-05-26 03:36:27,338] Trial 3 finished with value: 0.6 and parameters: {'hidden_layer_sizes': (200,), 'max_iter': 50, 'alpha': 0.001}. Best is trial 0 with value: 0.7.
/data/home/rtabares/anaconda3/envs/pyth3.12/lib/python3.12/site-packages/sklearn/neural_network/_multilayer_perceptron.py:691: ConvergenceWarning: Stochastic Optimizer: Maximum iterations (50) reached and the optimization hasn't converged yet.
  warnings.warn(
/data/home/rtabares/anaconda3/envs/pyth3.12/lib/python3.12/site-packages/sklearn/neural_network/_multilayer_perceptron.py:691: ConvergenceWarning: Stochastic Optimizer: Maximum iterations (50) reached and the optimization hasn't converged yet.
  warnings.warn(
/data/home/rtabares/anaconda3/envs/pyth3.12/lib/python3.12/site-packages/sklearn/neural_network/_multilayer_perceptron.py:691: ConvergenceWarning: Stochastic Optimizer: Maximum iterations (50) reached and the optimization hasn't converged yet.
  warnings.warn(
[I 2025-05-26 03:36:27,393] Trial 4 finished with value: 0.6 and parameters: {'hidden_layer_sizes': (100, 100), 'max_iter': 50, 'alpha': 0.0001}. Best is trial 0 with value: 0.7.
[I 2025-05-26 03:36:27,458] Trial 5 finished with value: 0.6 and parameters: {'hidden_layer_sizes': (200,), 'max_iter': 100, 'alpha': 0.0001}. Best is trial 0 with value: 0.7.
[I 2025-05-26 03:36:27,525] Trial 6 finished with value: 0.6 and parameters: {'hidden_layer_sizes': (200,), 'max_iter': 100, 'alpha': 0.001}. Best is trial 0 with value: 0.7.
[I 2025-05-26 03:36:27,591] Trial 7 finished with value: 0.6 and parameters: {'hidden_layer_sizes': (100,), 'max_iter': 100, 'alpha': 0.001}. Best is trial 0 with value: 0.7.
[I 2025-05-26 03:36:27,656] Trial 8 finished with value: 0.7 and parameters: {'hidden_layer_sizes': (100, 100), 'max_iter': 100, 'alpha': 0.0001}. Best is trial 0 with value: 0.7.
[I 2025-05-26 03:36:27,710] Trial 9 finished with value: 0.6 and parameters: {'hidden_layer_sizes': (200,), 'max_iter': 100, 'alpha': 0.0001}. Best is trial 0 with value: 0.7.
/data/home/rtabares/anaconda3/envs/pyth3.12/lib/python3.12/site-packages/sklearn/neural_network/_multilayer_perceptron.py:691: ConvergenceWarning: Stochastic Optimizer: Maximum iterations (50) reached and the optimization hasn't converged yet.
  warnings.warn(
/data/home/rtabares/anaconda3/envs/pyth3.12/lib/python3.12/site-packages/sklearn/neural_network/_multilayer_perceptron.py:691: ConvergenceWarning: Stochastic Optimizer: Maximum iterations (50) reached and the optimization hasn't converged yet.
  warnings.warn(
/data/home/rtabares/anaconda3/envs/pyth3.12/lib/python3.12/site-packages/sklearn/neural_network/_multilayer_perceptron.py:691: ConvergenceWarning: Stochastic Optimizer: Maximum iterations (50) reached and the optimization hasn't converged yet.
  warnings.warn(
/data/home/rtabares/anaconda3/envs/pyth3.12/lib/python3.12/site-packages/sklearn/neural_network/_multilayer_perceptron.py:691: ConvergenceWarning: Stochastic Optimizer: Maximum iterations (50) reached and the optimization hasn't converged yet.
  warnings.warn(
/data/home/rtabares/anaconda3/envs/pyth3.12/lib/python3.12/site-packages/sklearn/neural_network/_multilayer_perceptron.py:691: ConvergenceWarning: Stochastic Optimizer: Maximum iterations (50) reached and the optimization hasn't converged yet.
  warnings.warn(
[I 2025-05-26 03:36:27,756] Trial 10 finished with value: 0.6 and parameters: {'hidden_layer_sizes': (100,), 'max_iter': 50, 'alpha': 0.0001}. Best is trial 0 with value: 0.7.
[I 2025-05-26 03:36:28,490] Trial 11 finished with value: 0.6 and parameters: {'hidden_layer_sizes': (100,), 'max_iter': 100, 'alpha': 0.0001}. Best is trial 0 with value: 0.7.
[I 2025-05-26 03:36:28,558] Trial 12 finished with value: 0.6 and parameters: {'hidden_layer_sizes': (100, 100), 'max_iter': 100, 'alpha': 0.0001}. Best is trial 0 with value: 0.7.
[I 2025-05-26 03:36:29,270] Trial 13 finished with value: 0.6 and parameters: {'hidden_layer_sizes': (100,), 'max_iter': 100, 'alpha': 0.0001}. Best is trial 0 with value: 0.7.
/data/home/rtabares/anaconda3/envs/pyth3.12/lib/python3.12/site-packages/sklearn/neural_network/_multilayer_perceptron.py:691: ConvergenceWarning: Stochastic Optimizer: Maximum iterations (50) reached and the optimization hasn't converged yet.
  warnings.warn(
/data/home/rtabares/anaconda3/envs/pyth3.12/lib/python3.12/site-packages/sklearn/neural_network/_multilayer_perceptron.py:691: ConvergenceWarning: Stochastic Optimizer: Maximum iterations (50) reached and the optimization hasn't converged yet.
  warnings.warn(
[I 2025-05-26 03:36:29,320] Trial 14 finished with value: 0.5 and parameters: {'hidden_layer_sizes': (100, 100), 'max_iter': 50, 'alpha': 0.0001}. Best is trial 0 with value: 0.7.
[I 2025-05-26 03:36:30,003] Trial 15 finished with value: 0.6 and parameters: {'hidden_layer_sizes': (100,), 'max_iter': 100, 'alpha': 0.0001}. Best is trial 0 with value: 0.7.
[I 2025-05-26 03:36:30,685] Trial 16 finished with value: 0.6 and parameters: {'hidden_layer_sizes': (100, 100), 'max_iter': 100, 'alpha': 0.0001}. Best is trial 0 with value: 0.7.
[I 2025-05-26 03:36:30,753] Trial 17 finished with value: 0.6 and parameters: {'hidden_layer_sizes': (100, 100), 'max_iter': 100, 'alpha': 0.0001}. Best is trial 0 with value: 0.7.
/data/home/rtabares/anaconda3/envs/pyth3.12/lib/python3.12/site-packages/sklearn/neural_network/_multilayer_perceptron.py:691: ConvergenceWarning: Stochastic Optimizer: Maximum iterations (50) reached and the optimization hasn't converged yet.
  warnings.warn(
/data/home/rtabares/anaconda3/envs/pyth3.12/lib/python3.12/site-packages/sklearn/neural_network/_multilayer_perceptron.py:691: ConvergenceWarning: Stochastic Optimizer: Maximum iterations (50) reached and the optimization hasn't converged yet.
  warnings.warn(
/data/home/rtabares/anaconda3/envs/pyth3.12/lib/python3.12/site-packages/sklearn/neural_network/_multilayer_perceptron.py:691: ConvergenceWarning: Stochastic Optimizer: Maximum iterations (50) reached and the optimization hasn't converged yet.
  warnings.warn(
/data/home/rtabares/anaconda3/envs/pyth3.12/lib/python3.12/site-packages/sklearn/neural_network/_multilayer_perceptron.py:691: ConvergenceWarning: Stochastic Optimizer: Maximum iterations (50) reached and the optimization hasn't converged yet.
  warnings.warn(
[I 2025-05-26 03:36:30,802] Trial 18 finished with value: 0.5 and parameters: {'hidden_layer_sizes': (100,), 'max_iter': 50, 'alpha': 0.001}. Best is trial 0 with value: 0.7.
[I 2025-05-26 03:36:30,870] Trial 19 finished with value: 0.6 and parameters: {'hidden_layer_sizes': (100, 100), 'max_iter': 100, 'alpha': 0.0001}. Best is trial 0 with value: 0.7.
/data/home/rtabares/anaconda3/envs/pyth3.12/lib/python3.12/site-packages/xgboost/core.py:377: FutureWarning: Your system has an old version of glibc (< 2.28). We will stop supporting Linux distros with glibc older than 2.28 after **May 31, 2025**. Please upgrade to a recent Linux distro (with glibc >= 2.28) to use future versions of XGBoost.
Note: You have installed the 'manylinux2014' variant of XGBoost. Certain features such as GPU algorithms or federated learning are not available. To use these features, please upgrade to a recent Linux distro with glibc 2.28+, and install the 'manylinux_2_28' variant.
  warnings.warn(
/data/home/rtabares/anaconda3/envs/pyth3.12/lib/python3.12/site-packages/xgboost/core.py:377: FutureWarning: Your system has an old version of glibc (< 2.28). We will stop supporting Linux distros with glibc older than 2.28 after **May 31, 2025**. Please upgrade to a recent Linux distro (with glibc >= 2.28) to use future versions of XGBoost.
Note: You have installed the 'manylinux2014' variant of XGBoost. Certain features such as GPU algorithms or federated learning are not available. To use these features, please upgrade to a recent Linux distro with glibc 2.28+, and install the 'manylinux_2_28' variant.
  warnings.warn(
[I 2025-05-26 03:36:34,251] A new study created in memory with name: naive_bayes
Parámetros guardados en checkpoint_shoppers_Dlatent_F/craig/IPC_10/best_models_craig_seed_6_space_latent/mlp_best_params.json


>>> Optuna tuning naive_bayes metodo craig IPC 10 seed 6


[I 2025-05-26 03:36:35,641] Trial 0 finished with value: 0.7 and parameters: {'var_smoothing': 6.10548688762798e-09}. Best is trial 0 with value: 0.7.
[I 2025-05-26 03:36:35,746] Trial 1 finished with value: 0.7 and parameters: {'var_smoothing': 4.6127467400935034e-10}. Best is trial 0 with value: 0.7.
[I 2025-05-26 03:36:35,772] Trial 2 finished with value: 0.7 and parameters: {'var_smoothing': 4.389936579400967e-09}. Best is trial 0 with value: 0.7.
[I 2025-05-26 03:36:35,796] Trial 3 finished with value: 0.7 and parameters: {'var_smoothing': 1.2116948204672054e-10}. Best is trial 0 with value: 0.7.
[I 2025-05-26 03:36:35,810] Trial 4 finished with value: 0.7 and parameters: {'var_smoothing': 1.6417739478477417e-10}. Best is trial 0 with value: 0.7.
[I 2025-05-26 03:36:35,824] Trial 5 finished with value: 0.7 and parameters: {'var_smoothing': 1.5491880147236797e-09}. Best is trial 0 with value: 0.7.
[I 2025-05-26 03:36:35,848] Trial 6 finished with value: 0.7 and parameters: {'var_smoothing': 1.1471883405287265e-09}. Best is trial 0 with value: 0.7.
[I 2025-05-26 03:36:35,862] Trial 7 finished with value: 0.7 and parameters: {'var_smoothing': 6.88041853492358e-10}. Best is trial 0 with value: 0.7.
[I 2025-05-26 03:36:35,875] Trial 8 finished with value: 0.7 and parameters: {'var_smoothing': 4.686144741221158e-10}. Best is trial 0 with value: 0.7.
[I 2025-05-26 03:36:35,888] Trial 9 finished with value: 0.7 and parameters: {'var_smoothing': 1.7580809350683337e-09}. Best is trial 0 with value: 0.7.
[I 2025-05-26 03:36:35,906] Trial 10 finished with value: 0.7 and parameters: {'var_smoothing': 9.83902635509218e-09}. Best is trial 0 with value: 0.7.
[I 2025-05-26 03:36:35,925] Trial 11 finished with value: 0.7 and parameters: {'var_smoothing': 2.660399871603373e-10}. Best is trial 0 with value: 0.7.
[I 2025-05-26 03:36:36,579] Trial 12 finished with value: 0.7 and parameters: {'var_smoothing': 9.276268851540963e-09}. Best is trial 0 with value: 0.7.
[I 2025-05-26 03:36:36,601] Trial 13 finished with value: 0.7 and parameters: {'var_smoothing': 2.9844010685221692e-09}. Best is trial 0 with value: 0.7.
[I 2025-05-26 03:36:36,623] Trial 14 finished with value: 0.7 and parameters: {'var_smoothing': 3.8923309717334116e-10}. Best is trial 0 with value: 0.7.
[I 2025-05-26 03:36:36,640] Trial 15 finished with value: 0.7 and parameters: {'var_smoothing': 3.85461066627204e-09}. Best is trial 0 with value: 0.7.
[I 2025-05-26 03:36:36,659] Trial 16 finished with value: 0.7 and parameters: {'var_smoothing': 7.120907275009211e-10}. Best is trial 0 with value: 0.7.
[I 2025-05-26 03:36:36,680] Trial 17 finished with value: 0.7 and parameters: {'var_smoothing': 2.412486610614855e-10}. Best is trial 0 with value: 0.7.
[I 2025-05-26 03:36:36,696] Trial 18 finished with value: 0.7 and parameters: {'var_smoothing': 2.3580860166954074e-09}. Best is trial 0 with value: 0.7.
[I 2025-05-26 03:36:36,713] Trial 19 finished with value: 0.7 and parameters: {'var_smoothing': 5.846846875339535e-09}. Best is trial 0 with value: 0.7.
/data/home/rtabares/anaconda3/envs/pyth3.12/lib/python3.12/site-packages/xgboost/core.py:377: FutureWarning: Your system has an old version of glibc (< 2.28). We will stop supporting Linux distros with glibc older than 2.28 after **May 31, 2025**. Please upgrade to a recent Linux distro (with glibc >= 2.28) to use future versions of XGBoost.
Note: You have installed the 'manylinux2014' variant of XGBoost. Certain features such as GPU algorithms or federated learning are not available. To use these features, please upgrade to a recent Linux distro with glibc 2.28+, and install the 'manylinux_2_28' variant.
  warnings.warn(
[I 2025-05-26 03:36:38,627] A new study created in memory with name: knn
[I 2025-05-26 03:36:39,992] Trial 0 finished with value: 0.5 and parameters: {'n_neighbors': 10, 'leaf_size': 26, 'p': 1}. Best is trial 0 with value: 0.5.
Parámetros guardados en checkpoint_shoppers_Dlatent_F/craig/IPC_10/best_models_craig_seed_6_space_latent/naive_bayes_best_params.json


>>> Optuna tuning knn metodo craig IPC 10 seed 6


[I 2025-05-26 03:36:41,443] Trial 1 finished with value: 0.6 and parameters: {'n_neighbors': 3, 'leaf_size': 32, 'p': 1}. Best is trial 1 with value: 0.6.
[I 2025-05-26 03:36:41,583] Trial 2 finished with value: 0.2 and parameters: {'n_neighbors': 5, 'leaf_size': 33, 'p': 2}. Best is trial 1 with value: 0.6.
[I 2025-05-26 03:36:41,609] Trial 3 finished with value: 0.5 and parameters: {'n_neighbors': 7, 'leaf_size': 32, 'p': 2}. Best is trial 1 with value: 0.6.
[I 2025-05-26 03:36:42,269] Trial 4 finished with value: 0.5 and parameters: {'n_neighbors': 9, 'leaf_size': 28, 'p': 1}. Best is trial 1 with value: 0.6.
[I 2025-05-26 03:36:42,345] Trial 5 finished with value: 0.6 and parameters: {'n_neighbors': 3, 'leaf_size': 35, 'p': 1}. Best is trial 1 with value: 0.6.
[I 2025-05-26 03:36:42,380] Trial 6 finished with value: 0.5 and parameters: {'n_neighbors': 8, 'leaf_size': 31, 'p': 2}. Best is trial 1 with value: 0.6.
[I 2025-05-26 03:36:42,435] Trial 7 finished with value: 0.5 and parameters: {'n_neighbors': 6, 'leaf_size': 24, 'p': 2}. Best is trial 1 with value: 0.6.
