[I 2025-05-26 03:10:56,200] Trial 11 finished with value: 0.7 and parameters: {'n_estimators': 40, 'max_depth': 5, 'gamma': 0.4958460306839802, 'subsample': 0.6388052294316233, 'colsample_bytree': 0.5021847705422506}. Best is trial 4 with value: 0.8.
/data/home/rtabares/anaconda3/envs/pyth3.12/lib/python3.12/site-packages/xgboost/core.py:377: FutureWarning: Your system has an old version of glibc (< 2.28). We will stop supporting Linux distros with glibc older than 2.28 after **May 31, 2025**. Please upgrade to a recent Linux distro (with glibc >= 2.28) to use future versions of XGBoost.
Note: You have installed the 'manylinux2014' variant of XGBoost. Certain features such as GPU algorithms or federated learning are not available. To use these features, please upgrade to a recent Linux distro with glibc 2.28+, and install the 'manylinux_2_28' variant.
  warnings.warn(
/data/home/rtabares/anaconda3/envs/pyth3.12/lib/python3.12/site-packages/xgboost/core.py:377: FutureWarning: Your system has an old version of glibc (< 2.28). We will stop supporting Linux distros with glibc older than 2.28 after **May 31, 2025**. Please upgrade to a recent Linux distro (with glibc >= 2.28) to use future versions of XGBoost.
Note: You have installed the 'manylinux2014' variant of XGBoost. Certain features such as GPU algorithms or federated learning are not available. To use these features, please upgrade to a recent Linux distro with glibc 2.28+, and install the 'manylinux_2_28' variant.
  warnings.warn(
/data/home/rtabares/anaconda3/envs/pyth3.12/lib/python3.12/site-packages/xgboost/core.py:377: FutureWarning: Your system has an old version of glibc (< 2.28). We will stop supporting Linux distros with glibc older than 2.28 after **May 31, 2025**. Please upgrade to a recent Linux distro (with glibc >= 2.28) to use future versions of XGBoost.
Note: You have installed the 'manylinux2014' variant of XGBoost. Certain features such as GPU algorithms or federated learning are not available. To use these features, please upgrade to a recent Linux distro with glibc 2.28+, and install the 'manylinux_2_28' variant.
  warnings.warn(
/data/home/rtabares/anaconda3/envs/pyth3.12/lib/python3.12/site-packages/xgboost/core.py:377: FutureWarning: Your system has an old version of glibc (< 2.28). We will stop supporting Linux distros with glibc older than 2.28 after **May 31, 2025**. Please upgrade to a recent Linux distro (with glibc >= 2.28) to use future versions of XGBoost.
Note: You have installed the 'manylinux2014' variant of XGBoost. Certain features such as GPU algorithms or federated learning are not available. To use these features, please upgrade to a recent Linux distro with glibc 2.28+, and install the 'manylinux_2_28' variant.
  warnings.warn(
[I 2025-05-26 03:10:56,906] Trial 12 finished with value: 0.75 and parameters: {'n_estimators': 40, 'max_depth': 5, 'gamma': 0.9503293090797886, 'subsample': 0.7964049031761566, 'colsample_bytree': 0.7136404265878388}. Best is trial 4 with value: 0.8.
[I 2025-05-26 03:10:56,956] Trial 13 finished with value: 0.8 and parameters: {'n_estimators': 100, 'max_depth': 5, 'gamma': 0.5028298763343629, 'subsample': 0.9864557349386933, 'colsample_bytree': 0.5637454603515166}. Best is trial 4 with value: 0.8.
[I 2025-05-26 03:10:57,010] Trial 14 finished with value: 0.7 and parameters: {'n_estimators': 100, 'max_depth': 5, 'gamma': 0.10994622175030377, 'subsample': 0.9983869660807833, 'colsample_bytree': 0.6938635989913244}. Best is trial 4 with value: 0.8.
[I 2025-05-26 03:10:57,060] Trial 15 finished with value: 0.65 and parameters: {'n_estimators': 100, 'max_depth': 5, 'gamma': 0.34114936230795434, 'subsample': 0.8951569042295983, 'colsample_bytree': 0.8604557310580807}. Best is trial 4 with value: 0.8.
[I 2025-05-26 03:10:57,109] Trial 16 finished with value: 0.75 and parameters: {'n_estimators': 100, 'max_depth': 5, 'gamma': 0.669853863600582, 'subsample': 0.9259365210452002, 'colsample_bytree': 0.5869734684259729}. Best is trial 4 with value: 0.8.
[I 2025-05-26 03:10:57,168] Trial 17 finished with value: 0.75 and parameters: {'n_estimators': 100, 'max_depth': 5, 'gamma': 0.42643297153129234, 'subsample': 0.8388789306979516, 'colsample_bytree': 0.616639976003251}. Best is trial 4 with value: 0.8.
[I 2025-05-26 03:10:57,213] Trial 18 finished with value: 0.75 and parameters: {'n_estimators': 100, 'max_depth': 5, 'gamma': 0.8855948128463448, 'subsample': 0.950119765014301, 'colsample_bytree': 0.5536342544489598}. Best is trial 4 with value: 0.8.
[I 2025-05-26 03:10:57,245] Trial 19 finished with value: 0.7 and parameters: {'n_estimators': 100, 'max_depth': 20, 'gamma': 0.25618759884323955, 'subsample': 0.8551761586817276, 'colsample_bytree': 0.8816435409954417}. Best is trial 4 with value: 0.8.
[I 2025-05-26 03:11:00,226] A new study created in memory with name: rf
Parámetros guardados en checkpoint_shoppers_Dlatent_F/random/IPC_10/best_models_random_seed_5_space_original/xgb_best_params.json


>>> Optuna tuning rf metodo random IPC 10 seed 5


[I 2025-05-26 03:11:02,814] Trial 0 finished with value: 0.5 and parameters: {'n_estimators': 189, 'max_depth': 18, 'min_samples_split': 3, 'min_samples_leaf': 10}. Best is trial 0 with value: 0.5.
[I 2025-05-26 03:11:03,344] Trial 1 finished with value: 0.6 and parameters: {'n_estimators': 295, 'max_depth': 14, 'min_samples_split': 8, 'min_samples_leaf': 6}. Best is trial 1 with value: 0.6.
[I 2025-05-26 03:11:03,721] Trial 2 finished with value: 0.5 and parameters: {'n_estimators': 219, 'max_depth': 6, 'min_samples_split': 2, 'min_samples_leaf': 8}. Best is trial 1 with value: 0.6.
[I 2025-05-26 03:11:04,148] Trial 3 finished with value: 0.7 and parameters: {'n_estimators': 276, 'max_depth': 5, 'min_samples_split': 9, 'min_samples_leaf': 3}. Best is trial 3 with value: 0.7.
[I 2025-05-26 03:11:04,635] Trial 4 finished with value: 0.6 and parameters: {'n_estimators': 266, 'max_depth': 8, 'min_samples_split': 7, 'min_samples_leaf': 6}. Best is trial 3 with value: 0.7.
[I 2025-05-26 03:11:05,236] Trial 5 finished with value: 0.7 and parameters: {'n_estimators': 340, 'max_depth': 7, 'min_samples_split': 4, 'min_samples_leaf': 3}. Best is trial 3 with value: 0.7.
[I 2025-05-26 03:11:05,633] Trial 6 finished with value: 0.5 and parameters: {'n_estimators': 231, 'max_depth': 5, 'min_samples_split': 3, 'min_samples_leaf': 10}. Best is trial 3 with value: 0.7.
[I 2025-05-26 03:11:06,274] Trial 7 finished with value: 0.75 and parameters: {'n_estimators': 485, 'max_depth': 6, 'min_samples_split': 2, 'min_samples_leaf': 3}. Best is trial 7 with value: 0.75.
[I 2025-05-26 03:11:06,785] Trial 8 finished with value: 0.65 and parameters: {'n_estimators': 380, 'max_depth': 17, 'min_samples_split': 2, 'min_samples_leaf': 6}. Best is trial 7 with value: 0.75.
[I 2025-05-26 03:11:07,042] Trial 9 finished with value: 0.5 and parameters: {'n_estimators': 100, 'max_depth': 12, 'min_samples_split': 7, 'min_samples_leaf': 10}. Best is trial 7 with value: 0.75.
[I 2025-05-26 03:11:07,766] Trial 10 finished with value: 0.75 and parameters: {'n_estimators': 497, 'max_depth': 3, 'min_samples_split': 5, 'min_samples_leaf': 2}. Best is trial 7 with value: 0.75.
[I 2025-05-26 03:11:08,989] Trial 11 finished with value: 0.8 and parameters: {'n_estimators': 499, 'max_depth': 3, 'min_samples_split': 5, 'min_samples_leaf': 1}. Best is trial 11 with value: 0.8.
[I 2025-05-26 03:11:10,149] Trial 12 finished with value: 0.8 and parameters: {'n_estimators': 493, 'max_depth': 9, 'min_samples_split': 5, 'min_samples_leaf': 1}. Best is trial 11 with value: 0.8.
[I 2025-05-26 03:11:11,287] Trial 13 finished with value: 0.8 and parameters: {'n_estimators': 424, 'max_depth': 10, 'min_samples_split': 5, 'min_samples_leaf': 1}. Best is trial 11 with value: 0.8.
[I 2025-05-26 03:11:11,851] Trial 14 finished with value: 0.75 and parameters: {'n_estimators': 437, 'max_depth': 10, 'min_samples_split': 6, 'min_samples_leaf': 1}. Best is trial 11 with value: 0.8.
[I 2025-05-26 03:11:12,387] Trial 15 finished with value: 0.7 and parameters: {'n_estimators': 433, 'max_depth': 3, 'min_samples_split': 5, 'min_samples_leaf': 4}. Best is trial 11 with value: 0.8.
[I 2025-05-26 03:11:12,863] Trial 16 finished with value: 0.75 and parameters: {'n_estimators': 379, 'max_depth': 15, 'min_samples_split': 10, 'min_samples_leaf': 1}. Best is trial 11 with value: 0.8.
[I 2025-05-26 03:11:13,430] Trial 17 finished with value: 0.65 and parameters: {'n_estimators': 478, 'max_depth': 9, 'min_samples_split': 6, 'min_samples_leaf': 4}. Best is trial 11 with value: 0.8.
[I 2025-05-26 03:11:13,880] Trial 18 finished with value: 0.8 and parameters: {'n_estimators': 355, 'max_depth': 12, 'min_samples_split': 4, 'min_samples_leaf': 2}. Best is trial 11 with value: 0.8.
[I 2025-05-26 03:11:14,445] Trial 19 finished with value: 0.6 and parameters: {'n_estimators': 451, 'max_depth': 14, 'min_samples_split': 7, 'min_samples_leaf': 5}. Best is trial 11 with value: 0.8.
[I 2025-05-26 03:11:18,160] A new study created in memory with name: svc
Parámetros guardados en checkpoint_shoppers_Dlatent_F/random/IPC_10/best_models_random_seed_5_space_original/rf_best_params.json


>>> Optuna tuning svc metodo random IPC 10 seed 5


[I 2025-05-26 03:11:20,653] Trial 0 finished with value: 0.55 and parameters: {'C': 0.07726319876517104, 'gamma': 0.3040389504793042}. Best is trial 0 with value: 0.55.
[I 2025-05-26 03:11:20,740] Trial 1 finished with value: 0.55 and parameters: {'C': 0.06712381339142241, 'gamma': 0.47254549996710477}. Best is trial 0 with value: 0.55.
[I 2025-05-26 03:11:20,757] Trial 2 finished with value: 0.7 and parameters: {'C': 0.8987621100554035, 'gamma': 0.027988231123708972}. Best is trial 2 with value: 0.7.
[I 2025-05-26 03:11:20,782] Trial 3 finished with value: 0.65 and parameters: {'C': 11.5779435007655, 'gamma': 0.011848734045499056}. Best is trial 2 with value: 0.7.
[I 2025-05-26 03:11:20,797] Trial 4 finished with value: 0.6 and parameters: {'C': 0.1538870258903583, 'gamma': 0.0005634883151169033}. Best is trial 2 with value: 0.7.
[I 2025-05-26 03:11:20,821] Trial 5 finished with value: 0.75 and parameters: {'C': 0.021036092656561454, 'gamma': 0.08990030906808326}. Best is trial 5 with value: 0.75.
[I 2025-05-26 03:11:20,844] Trial 6 finished with value: 0.6 and parameters: {'C': 0.5824208201678516, 'gamma': 0.00042977333932534993}. Best is trial 5 with value: 0.75.
[I 2025-05-26 03:11:20,870] Trial 7 finished with value: 0.7 and parameters: {'C': 33.09391330085814, 'gamma': 0.001248377256719358}. Best is trial 5 with value: 0.75.
[I 2025-05-26 03:11:20,896] Trial 8 finished with value: 0.65 and parameters: {'C': 0.45387898639622015, 'gamma': 0.0015286910781809498}. Best is trial 5 with value: 0.75.
[I 2025-05-26 03:11:20,922] Trial 9 finished with value: 0.75 and parameters: {'C': 3.274550070431994, 'gamma': 0.02086177421469992}. Best is trial 5 with value: 0.75.
[I 2025-05-26 03:11:20,944] Trial 10 finished with value: 0.75 and parameters: {'C': 0.010091428365160362, 'gamma': 0.09378936708079469}. Best is trial 5 with value: 0.75.
[I 2025-05-26 03:11:21,654] Trial 11 finished with value: 0.65 and parameters: {'C': 6.48642555359081, 'gamma': 0.05095353264152578}. Best is trial 5 with value: 0.75.
[I 2025-05-26 03:11:22,382] Trial 12 finished with value: 0.75 and parameters: {'C': 4.665578717011328, 'gamma': 0.00517934323895024}. Best is trial 5 with value: 0.75.
[I 2025-05-26 03:11:22,407] Trial 13 finished with value: 0.7 and parameters: {'C': 0.011139715459230738, 'gamma': 0.15971206751256156}. Best is trial 5 with value: 0.75.
[I 2025-05-26 03:11:22,430] Trial 14 finished with value: 0.6 and parameters: {'C': 4.057002510697785, 'gamma': 0.00010410657631139162}. Best is trial 5 with value: 0.75.
[I 2025-05-26 03:11:22,455] Trial 15 finished with value: 0.6 and parameters: {'C': 81.94874069435566, 'gamma': 0.015816792889032042}. Best is trial 5 with value: 0.75.
[I 2025-05-26 03:11:22,477] Trial 16 finished with value: 0.7 and parameters: {'C': 1.7378286203026239, 'gamma': 0.00489842556379855}. Best is trial 5 with value: 0.75.
[I 2025-05-26 03:11:22,500] Trial 17 finished with value: 0.7 and parameters: {'C': 0.18786126795046196, 'gamma': 0.056568353664743956}. Best is trial 5 with value: 0.75.
[I 2025-05-26 03:11:22,525] Trial 18 finished with value: 0.55 and parameters: {'C': 0.03274916451107064, 'gamma': 0.8276988062047583}. Best is trial 5 with value: 0.75.
[I 2025-05-26 03:11:23,215] Trial 19 finished with value: 0.7 and parameters: {'C': 1.6042863583579035, 'gamma': 0.2512720009552026}. Best is trial 5 with value: 0.75.
/data/home/rtabares/anaconda3/envs/pyth3.12/lib/python3.12/site-packages/xgboost/core.py:377: FutureWarning: Your system has an old version of glibc (< 2.28). We will stop supporting Linux distros with glibc older than 2.28 after **May 31, 2025**. Please upgrade to a recent Linux distro (with glibc >= 2.28) to use future versions of XGBoost.
Note: You have installed the 'manylinux2014' variant of XGBoost. Certain features such as GPU algorithms or federated learning are not available. To use these features, please upgrade to a recent Linux distro with glibc 2.28+, and install the 'manylinux_2_28' variant.
  warnings.warn(
[I 2025-05-26 03:11:27,680] A new study created in memory with name: logreg
Parámetros guardados en checkpoint_shoppers_Dlatent_F/random/IPC_10/best_models_random_seed_5_space_original/svc_best_params.json


>>> Optuna tuning logreg metodo random IPC 10 seed 5


[I 2025-05-26 03:11:28,483] Trial 0 finished with value: 0.7 and parameters: {'C': 0.012881482725481003, 'penalty': 'l2'}. Best is trial 0 with value: 0.7.
[I 2025-05-26 03:11:28,509] Trial 1 finished with value: 0.6 and parameters: {'C': 22.576755560681583, 'penalty': 'l2'}. Best is trial 0 with value: 0.7.
[I 2025-05-26 03:11:28,534] Trial 2 finished with value: 0.7 and parameters: {'C': 0.010804278656839932, 'penalty': 'l2'}. Best is trial 0 with value: 0.7.
[I 2025-05-26 03:11:28,559] Trial 3 finished with value: 0.6 and parameters: {'C': 39.17910760336117, 'penalty': 'l2'}. Best is trial 0 with value: 0.7.
[I 2025-05-26 03:11:28,584] Trial 4 finished with value: 0.7 and parameters: {'C': 0.2767298094062571, 'penalty': 'l2'}. Best is trial 0 with value: 0.7.
[I 2025-05-26 03:11:28,609] Trial 5 finished with value: 0.7 and parameters: {'C': 1.1447728330837224, 'penalty': 'l2'}. Best is trial 0 with value: 0.7.
[I 2025-05-26 03:11:28,634] Trial 6 finished with value: 0.6 and parameters: {'C': 6.753661388238877, 'penalty': 'l2'}. Best is trial 0 with value: 0.7.
[I 2025-05-26 03:11:28,659] Trial 7 finished with value: 0.7 and parameters: {'C': 0.39092184460352974, 'penalty': 'l2'}. Best is trial 0 with value: 0.7.
[I 2025-05-26 03:11:28,684] Trial 8 finished with value: 0.7 and parameters: {'C': 0.03047912590082646, 'penalty': 'l2'}. Best is trial 0 with value: 0.7.
[I 2025-05-26 03:11:28,699] Trial 9 finished with value: 0.75 and parameters: {'C': 0.008681727362499118, 'penalty': 'l2'}. Best is trial 9 with value: 0.75.
[I 2025-05-26 03:11:28,730] Trial 10 finished with value: 0.75 and parameters: {'C': 0.0010131409464015342, 'penalty': 'l2'}. Best is trial 9 with value: 0.75.
[I 2025-05-26 03:11:28,750] Trial 11 finished with value: 0.75 and parameters: {'C': 0.0011003133502452927, 'penalty': 'l2'}. Best is trial 9 with value: 0.75.
[I 2025-05-26 03:11:29,488] Trial 12 finished with value: 0.75 and parameters: {'C': 0.001258254706008404, 'penalty': 'l2'}. Best is trial 9 with value: 0.75.
[I 2025-05-26 03:11:30,230] Trial 13 finished with value: 0.75 and parameters: {'C': 0.0050565865590108, 'penalty': 'l2'}. Best is trial 9 with value: 0.75.
[I 2025-05-26 03:11:30,262] Trial 14 finished with value: 0.7 and parameters: {'C': 0.031940661004743, 'penalty': 'l2'}. Best is trial 9 with value: 0.75.
[I 2025-05-26 03:11:30,294] Trial 15 finished with value: 0.75 and parameters: {'C': 0.003430620638444872, 'penalty': 'l2'}. Best is trial 9 with value: 0.75.
[I 2025-05-26 03:11:30,315] Trial 16 finished with value: 0.7 and parameters: {'C': 0.09287359991493528, 'penalty': 'l2'}. Best is trial 9 with value: 0.75.
[I 2025-05-26 03:11:30,346] Trial 17 finished with value: 0.75 and parameters: {'C': 0.0029807044891846475, 'penalty': 'l2'}. Best is trial 9 with value: 0.75.
[I 2025-05-26 03:11:30,378] Trial 18 finished with value: 0.7 and parameters: {'C': 0.06192702184672976, 'penalty': 'l2'}. Best is trial 9 with value: 0.75.
[I 2025-05-26 03:11:30,399] Trial 19 finished with value: 0.7 and parameters: {'C': 0.010562712973379913, 'penalty': 'l2'}. Best is trial 9 with value: 0.75.
[I 2025-05-26 03:11:34,119] A new study created in memory with name: mlp
Parámetros guardados en checkpoint_shoppers_Dlatent_F/random/IPC_10/best_models_random_seed_5_space_original/logreg_best_params.json


>>> Optuna tuning mlp metodo random IPC 10 seed 5


/data/home/rtabares/anaconda3/envs/pyth3.12/lib/python3.12/site-packages/sklearn/neural_network/_multilayer_perceptron.py:691: ConvergenceWarning: Stochastic Optimizer: Maximum iterations (50) reached and the optimization hasn't converged yet.
  warnings.warn(
/data/home/rtabares/anaconda3/envs/pyth3.12/lib/python3.12/site-packages/sklearn/neural_network/_multilayer_perceptron.py:691: ConvergenceWarning: Stochastic Optimizer: Maximum iterations (50) reached and the optimization hasn't converged yet.
  warnings.warn(
/data/home/rtabares/anaconda3/envs/pyth3.12/lib/python3.12/site-packages/sklearn/neural_network/_multilayer_perceptron.py:691: ConvergenceWarning: Stochastic Optimizer: Maximum iterations (50) reached and the optimization hasn't converged yet.
  warnings.warn(
/data/home/rtabares/anaconda3/envs/pyth3.12/lib/python3.12/site-packages/sklearn/neural_network/_multilayer_perceptron.py:691: ConvergenceWarning: Stochastic Optimizer: Maximum iterations (50) reached and the optimization hasn't converged yet.
  warnings.warn(
/data/home/rtabares/anaconda3/envs/pyth3.12/lib/python3.12/site-packages/sklearn/neural_network/_multilayer_perceptron.py:691: ConvergenceWarning: Stochastic Optimizer: Maximum iterations (50) reached and the optimization hasn't converged yet.
  warnings.warn(
[I 2025-05-26 03:11:35,636] Trial 0 finished with value: 0.7 and parameters: {'hidden_layer_sizes': (200,), 'max_iter': 50, 'alpha': 0.001}. Best is trial 0 with value: 0.7.
/data/home/rtabares/anaconda3/envs/pyth3.12/lib/python3.12/site-packages/sklearn/neural_network/_multilayer_perceptron.py:691: ConvergenceWarning: Stochastic Optimizer: Maximum iterations (100) reached and the optimization hasn't converged yet.
  warnings.warn(
/data/home/rtabares/anaconda3/envs/pyth3.12/lib/python3.12/site-packages/sklearn/neural_network/_multilayer_perceptron.py:691: ConvergenceWarning: Stochastic Optimizer: Maximum iterations (100) reached and the optimization hasn't converged yet.
  warnings.warn(
/data/home/rtabares/anaconda3/envs/pyth3.12/lib/python3.12/site-packages/sklearn/neural_network/_multilayer_perceptron.py:691: ConvergenceWarning: Stochastic Optimizer: Maximum iterations (100) reached and the optimization hasn't converged yet.
  warnings.warn(
/data/home/rtabares/anaconda3/envs/pyth3.12/lib/python3.12/site-packages/sklearn/neural_network/_multilayer_perceptron.py:691: ConvergenceWarning: Stochastic Optimizer: Maximum iterations (100) reached and the optimization hasn't converged yet.
  warnings.warn(
/data/home/rtabares/anaconda3/envs/pyth3.12/lib/python3.12/site-packages/sklearn/neural_network/_multilayer_perceptron.py:691: ConvergenceWarning: Stochastic Optimizer: Maximum iterations (100) reached and the optimization hasn't converged yet.
  warnings.warn(
[I 2025-05-26 03:11:35,716] Trial 1 finished with value: 0.65 and parameters: {'hidden_layer_sizes': (100,), 'max_iter': 100, 'alpha': 0.0001}. Best is trial 0 with value: 0.7.
/data/home/rtabares/anaconda3/envs/pyth3.12/lib/python3.12/site-packages/sklearn/neural_network/_multilayer_perceptron.py:691: ConvergenceWarning: Stochastic Optimizer: Maximum iterations (100) reached and the optimization hasn't converged yet.
  warnings.warn(
/data/home/rtabares/anaconda3/envs/pyth3.12/lib/python3.12/site-packages/sklearn/neural_network/_multilayer_perceptron.py:691: ConvergenceWarning: Stochastic Optimizer: Maximum iterations (100) reached and the optimization hasn't converged yet.
  warnings.warn(
/data/home/rtabares/anaconda3/envs/pyth3.12/lib/python3.12/site-packages/sklearn/neural_network/_multilayer_perceptron.py:691: ConvergenceWarning: Stochastic Optimizer: Maximum iterations (100) reached and the optimization hasn't converged yet.
  warnings.warn(
/data/home/rtabares/anaconda3/envs/pyth3.12/lib/python3.12/site-packages/sklearn/neural_network/_multilayer_perceptron.py:691: ConvergenceWarning: Stochastic Optimizer: Maximum iterations (100) reached and the optimization hasn't converged yet.
  warnings.warn(
/data/home/rtabares/anaconda3/envs/pyth3.12/lib/python3.12/site-packages/sklearn/neural_network/_multilayer_perceptron.py:691: ConvergenceWarning: Stochastic Optimizer: Maximum iterations (100) reached and the optimization hasn't converged yet.
  warnings.warn(
