[I 2025-05-24 09:57:44,063] Trial 5 finished with value: 0.706304324972141 and parameters: {'hidden_layer_sizes': (100,), 'max_iter': 50, 'alpha': 0.001}. Best is trial 5 with value: 0.706304324972141.
/data/home/rtabares/anaconda3/envs/pyth3.12/lib/python3.12/site-packages/sklearn/neural_network/_multilayer_perceptron.py:691: ConvergenceWarning: Stochastic Optimizer: Maximum iterations (50) reached and the optimization hasn't converged yet.
  warnings.warn(
/data/home/rtabares/anaconda3/envs/pyth3.12/lib/python3.12/site-packages/sklearn/neural_network/_multilayer_perceptron.py:691: ConvergenceWarning: Stochastic Optimizer: Maximum iterations (50) reached and the optimization hasn't converged yet.
  warnings.warn(
/data/home/rtabares/anaconda3/envs/pyth3.12/lib/python3.12/site-packages/sklearn/neural_network/_multilayer_perceptron.py:691: ConvergenceWarning: Stochastic Optimizer: Maximum iterations (50) reached and the optimization hasn't converged yet.
  warnings.warn(
/data/home/rtabares/anaconda3/envs/pyth3.12/lib/python3.12/site-packages/sklearn/neural_network/_multilayer_perceptron.py:691: ConvergenceWarning: Stochastic Optimizer: Maximum iterations (50) reached and the optimization hasn't converged yet.
  warnings.warn(
/data/home/rtabares/anaconda3/envs/pyth3.12/lib/python3.12/site-packages/sklearn/neural_network/_multilayer_perceptron.py:691: ConvergenceWarning: Stochastic Optimizer: Maximum iterations (50) reached and the optimization hasn't converged yet.
  warnings.warn(
[I 2025-05-24 09:57:45,747] Trial 6 finished with value: 0.70671593672687 and parameters: {'hidden_layer_sizes': (100,), 'max_iter': 50, 'alpha': 0.001}. Best is trial 6 with value: 0.70671593672687.
/data/home/rtabares/anaconda3/envs/pyth3.12/lib/python3.12/site-packages/sklearn/neural_network/_multilayer_perceptron.py:691: ConvergenceWarning: Stochastic Optimizer: Maximum iterations (50) reached and the optimization hasn't converged yet.
  warnings.warn(
/data/home/rtabares/anaconda3/envs/pyth3.12/lib/python3.12/site-packages/sklearn/neural_network/_multilayer_perceptron.py:691: ConvergenceWarning: Stochastic Optimizer: Maximum iterations (50) reached and the optimization hasn't converged yet.
  warnings.warn(
/data/home/rtabares/anaconda3/envs/pyth3.12/lib/python3.12/site-packages/sklearn/neural_network/_multilayer_perceptron.py:691: ConvergenceWarning: Stochastic Optimizer: Maximum iterations (50) reached and the optimization hasn't converged yet.
  warnings.warn(
/data/home/rtabares/anaconda3/envs/pyth3.12/lib/python3.12/site-packages/sklearn/neural_network/_multilayer_perceptron.py:691: ConvergenceWarning: Stochastic Optimizer: Maximum iterations (50) reached and the optimization hasn't converged yet.
  warnings.warn(
/data/home/rtabares/anaconda3/envs/pyth3.12/lib/python3.12/site-packages/sklearn/neural_network/_multilayer_perceptron.py:691: ConvergenceWarning: Stochastic Optimizer: Maximum iterations (50) reached and the optimization hasn't converged yet.
  warnings.warn(
[I 2025-05-24 09:57:48,432] Trial 7 finished with value: 0.6977597891830142 and parameters: {'hidden_layer_sizes': (200,), 'max_iter': 50, 'alpha': 0.0001}. Best is trial 6 with value: 0.70671593672687.
/data/home/rtabares/anaconda3/envs/pyth3.12/lib/python3.12/site-packages/sklearn/neural_network/_multilayer_perceptron.py:691: ConvergenceWarning: Stochastic Optimizer: Maximum iterations (50) reached and the optimization hasn't converged yet.
  warnings.warn(
/data/home/rtabares/anaconda3/envs/pyth3.12/lib/python3.12/site-packages/sklearn/neural_network/_multilayer_perceptron.py:691: ConvergenceWarning: Stochastic Optimizer: Maximum iterations (50) reached and the optimization hasn't converged yet.
  warnings.warn(
/data/home/rtabares/anaconda3/envs/pyth3.12/lib/python3.12/site-packages/sklearn/neural_network/_multilayer_perceptron.py:691: ConvergenceWarning: Stochastic Optimizer: Maximum iterations (50) reached and the optimization hasn't converged yet.
  warnings.warn(
/data/home/rtabares/anaconda3/envs/pyth3.12/lib/python3.12/site-packages/sklearn/neural_network/_multilayer_perceptron.py:691: ConvergenceWarning: Stochastic Optimizer: Maximum iterations (50) reached and the optimization hasn't converged yet.
  warnings.warn(
/data/home/rtabares/anaconda3/envs/pyth3.12/lib/python3.12/site-packages/sklearn/neural_network/_multilayer_perceptron.py:691: ConvergenceWarning: Stochastic Optimizer: Maximum iterations (50) reached and the optimization hasn't converged yet.
  warnings.warn(
[I 2025-05-24 09:57:50,136] Trial 8 finished with value: 0.7027715985786673 and parameters: {'hidden_layer_sizes': (100,), 'max_iter': 50, 'alpha': 0.001}. Best is trial 6 with value: 0.70671593672687.
/data/home/rtabares/anaconda3/envs/pyth3.12/lib/python3.12/site-packages/sklearn/neural_network/_multilayer_perceptron.py:691: ConvergenceWarning: Stochastic Optimizer: Maximum iterations (50) reached and the optimization hasn't converged yet.
  warnings.warn(
/data/home/rtabares/anaconda3/envs/pyth3.12/lib/python3.12/site-packages/sklearn/neural_network/_multilayer_perceptron.py:691: ConvergenceWarning: Stochastic Optimizer: Maximum iterations (50) reached and the optimization hasn't converged yet.
  warnings.warn(
/data/home/rtabares/anaconda3/envs/pyth3.12/lib/python3.12/site-packages/sklearn/neural_network/_multilayer_perceptron.py:691: ConvergenceWarning: Stochastic Optimizer: Maximum iterations (50) reached and the optimization hasn't converged yet.
  warnings.warn(
/data/home/rtabares/anaconda3/envs/pyth3.12/lib/python3.12/site-packages/sklearn/neural_network/_multilayer_perceptron.py:691: ConvergenceWarning: Stochastic Optimizer: Maximum iterations (50) reached and the optimization hasn't converged yet.
  warnings.warn(
[I 2025-05-24 09:57:53,183] Trial 9 finished with value: 0.6801785076007653 and parameters: {'hidden_layer_sizes': (100, 100), 'max_iter': 50, 'alpha': 0.0001}. Best is trial 6 with value: 0.70671593672687.
/data/home/rtabares/anaconda3/envs/pyth3.12/lib/python3.12/site-packages/xgboost/core.py:377: FutureWarning: Your system has an old version of glibc (< 2.28). We will stop supporting Linux distros with glibc older than 2.28 after **May 31, 2025**. Please upgrade to a recent Linux distro (with glibc >= 2.28) to use future versions of XGBoost.
Note: You have installed the 'manylinux2014' variant of XGBoost. Certain features such as GPU algorithms or federated learning are not available. To use these features, please upgrade to a recent Linux distro with glibc 2.28+, and install the 'manylinux_2_28' variant.
  warnings.warn(
/data/home/rtabares/anaconda3/envs/pyth3.12/lib/python3.12/site-packages/xgboost/core.py:377: FutureWarning: Your system has an old version of glibc (< 2.28). We will stop supporting Linux distros with glibc older than 2.28 after **May 31, 2025**. Please upgrade to a recent Linux distro (with glibc >= 2.28) to use future versions of XGBoost.
Note: You have installed the 'manylinux2014' variant of XGBoost. Certain features such as GPU algorithms or federated learning are not available. To use these features, please upgrade to a recent Linux distro with glibc 2.28+, and install the 'manylinux_2_28' variant.
  warnings.warn(
/data/home/rtabares/anaconda3/envs/pyth3.12/lib/python3.12/site-packages/xgboost/core.py:377: FutureWarning: Your system has an old version of glibc (< 2.28). We will stop supporting Linux distros with glibc older than 2.28 after **May 31, 2025**. Please upgrade to a recent Linux distro (with glibc >= 2.28) to use future versions of XGBoost.
Note: You have installed the 'manylinux2014' variant of XGBoost. Certain features such as GPU algorithms or federated learning are not available. To use these features, please upgrade to a recent Linux distro with glibc 2.28+, and install the 'manylinux_2_28' variant.
  warnings.warn(
/data/home/rtabares/anaconda3/envs/pyth3.12/lib/python3.12/site-packages/xgboost/core.py:377: FutureWarning: Your system has an old version of glibc (< 2.28). We will stop supporting Linux distros with glibc older than 2.28 after **May 31, 2025**. Please upgrade to a recent Linux distro (with glibc >= 2.28) to use future versions of XGBoost.
Note: You have installed the 'manylinux2014' variant of XGBoost. Certain features such as GPU algorithms or federated learning are not available. To use these features, please upgrade to a recent Linux distro with glibc 2.28+, and install the 'manylinux_2_28' variant.
  warnings.warn(
[I 2025-05-24 09:58:00,608] A new study created in memory with name: naive_bayes
Parámetros guardados en checkpoint_default_Doriginal_full_H/Full-data/IPC_0/best_models_Full-data_seed_0_space_original/logreg_best_params.json


>>> Optuna tuning mlp metodo Full-data IPC 0 seed 0


Parámetros guardados en checkpoint_default_Doriginal_full_H/Full-data/IPC_0/best_models_Full-data_seed_0_space_original/mlp_best_params.json


>>> Optuna tuning naive_bayes metodo Full-data IPC 0 seed 0


[I 2025-05-24 09:58:01,836] Trial 0 finished with value: 0.5480561103985759 and parameters: {'var_smoothing': 1.2520653814999457e-09}. Best is trial 0 with value: 0.5480561103985759.
[I 2025-05-24 09:58:02,009] Trial 1 finished with value: 0.5483073666799829 and parameters: {'var_smoothing': 2.693883019285408e-09}. Best is trial 1 with value: 0.5483073666799829.
[I 2025-05-24 09:58:02,168] Trial 2 finished with value: 0.5481398624923782 and parameters: {'var_smoothing': 1.6051911333587584e-09}. Best is trial 1 with value: 0.5483073666799829.
[I 2025-05-24 09:58:02,315] Trial 3 finished with value: 0.5480561103985759 and parameters: {'var_smoothing': 1.2296071107325683e-09}. Best is trial 1 with value: 0.5483073666799829.
[I 2025-05-24 09:58:02,464] Trial 4 finished with value: 0.5478047139463006 and parameters: {'var_smoothing': 7.035737028722139e-10}. Best is trial 1 with value: 0.5483073666799829.
[I 2025-05-24 09:58:02,623] Trial 5 finished with value: 0.5482236145861805 and parameters: {'var_smoothing': 1.957889720121294e-09}. Best is trial 1 with value: 0.5483073666799829.
[I 2025-05-24 09:58:02,771] Trial 6 finished with value: 0.5478047139463006 and parameters: {'var_smoothing': 7.501954443620119e-10}. Best is trial 1 with value: 0.5483073666799829.
[I 2025-05-24 09:58:02,918] Trial 7 finished with value: 0.5485586229613899 and parameters: {'var_smoothing': 6.074996073425682e-09}. Best is trial 7 with value: 0.5485586229613899.
[I 2025-05-24 09:58:03,066] Trial 8 finished with value: 0.5489771030886651 and parameters: {'var_smoothing': 8.459126528049351e-09}. Best is trial 8 with value: 0.5489771030886651.
[I 2025-05-24 09:58:03,214] Trial 9 finished with value: 0.5478047139463006 and parameters: {'var_smoothing': 5.846326121643404e-10}. Best is trial 8 with value: 0.5489771030886651.
/data/home/rtabares/anaconda3/envs/pyth3.12/lib/python3.12/site-packages/xgboost/core.py:377: FutureWarning: Your system has an old version of glibc (< 2.28). We will stop supporting Linux distros with glibc older than 2.28 after **May 31, 2025**. Please upgrade to a recent Linux distro (with glibc >= 2.28) to use future versions of XGBoost.
Note: You have installed the 'manylinux2014' variant of XGBoost. Certain features such as GPU algorithms or federated learning are not available. To use these features, please upgrade to a recent Linux distro with glibc 2.28+, and install the 'manylinux_2_28' variant.
  warnings.warn(
/data/home/rtabares/anaconda3/envs/pyth3.12/lib/python3.12/site-packages/xgboost/core.py:377: FutureWarning: Your system has an old version of glibc (< 2.28). We will stop supporting Linux distros with glibc older than 2.28 after **May 31, 2025**. Please upgrade to a recent Linux distro (with glibc >= 2.28) to use future versions of XGBoost.
Note: You have installed the 'manylinux2014' variant of XGBoost. Certain features such as GPU algorithms or federated learning are not available. To use these features, please upgrade to a recent Linux distro with glibc 2.28+, and install the 'manylinux_2_28' variant.
  warnings.warn(
/data/home/rtabares/anaconda3/envs/pyth3.12/lib/python3.12/site-packages/xgboost/core.py:377: FutureWarning: Your system has an old version of glibc (< 2.28). We will stop supporting Linux distros with glibc older than 2.28 after **May 31, 2025**. Please upgrade to a recent Linux distro (with glibc >= 2.28) to use future versions of XGBoost.
Note: You have installed the 'manylinux2014' variant of XGBoost. Certain features such as GPU algorithms or federated learning are not available. To use these features, please upgrade to a recent Linux distro with glibc 2.28+, and install the 'manylinux_2_28' variant.
  warnings.warn(
/data/home/rtabares/anaconda3/envs/pyth3.12/lib/python3.12/site-packages/xgboost/core.py:377: FutureWarning: Your system has an old version of glibc (< 2.28). We will stop supporting Linux distros with glibc older than 2.28 after **May 31, 2025**. Please upgrade to a recent Linux distro (with glibc >= 2.28) to use future versions of XGBoost.
Note: You have installed the 'manylinux2014' variant of XGBoost. Certain features such as GPU algorithms or federated learning are not available. To use these features, please upgrade to a recent Linux distro with glibc 2.28+, and install the 'manylinux_2_28' variant.
  warnings.warn(
[I 2025-05-24 09:58:05,190] A new study created in memory with name: knn
Parámetros guardados en checkpoint_default_Doriginal_full_H/Full-data/IPC_0/best_models_Full-data_seed_0_space_original/naive_bayes_best_params.json


>>> Optuna tuning knn metodo Full-data IPC 0 seed 0


[I 2025-05-24 09:58:07,910] Trial 0 finished with value: 0.6728892720225955 and parameters: {'n_neighbors': 7, 'leaf_size': 35, 'p': 1}. Best is trial 0 with value: 0.6728892720225955.
[I 2025-05-24 09:58:08,949] Trial 1 finished with value: 0.6659391798602495 and parameters: {'n_neighbors': 6, 'leaf_size': 33, 'p': 2}. Best is trial 0 with value: 0.6728892720225955.
[I 2025-05-24 09:58:10,579] Trial 2 finished with value: 0.6808406747825598 and parameters: {'n_neighbors': 10, 'leaf_size': 28, 'p': 1}. Best is trial 2 with value: 0.6808406747825598.
[I 2025-05-24 09:58:11,540] Trial 3 finished with value: 0.6690348534863999 and parameters: {'n_neighbors': 7, 'leaf_size': 39, 'p': 2}. Best is trial 2 with value: 0.6808406747825598.
[I 2025-05-24 09:58:11,945] Trial 4 finished with value: 0.646348058283047 and parameters: {'n_neighbors': 3, 'leaf_size': 37, 'p': 2}. Best is trial 2 with value: 0.6808406747825598.
[I 2025-05-24 09:58:12,306] Trial 5 finished with value: 0.679418781494642 and parameters: {'n_neighbors': 10, 'leaf_size': 36, 'p': 2}. Best is trial 2 with value: 0.6808406747825598.
[I 2025-05-24 09:58:12,657] Trial 6 finished with value: 0.646348058283047 and parameters: {'n_neighbors': 3, 'leaf_size': 33, 'p': 2}. Best is trial 2 with value: 0.6808406747825598.
[I 2025-05-24 09:58:12,977] Trial 7 finished with value: 0.6690348534863999 and parameters: {'n_neighbors': 7, 'leaf_size': 28, 'p': 2}. Best is trial 2 with value: 0.6808406747825598.
[I 2025-05-24 09:58:13,298] Trial 8 finished with value: 0.6659391798602495 and parameters: {'n_neighbors': 6, 'leaf_size': 31, 'p': 2}. Best is trial 2 with value: 0.6808406747825598.
[I 2025-05-24 09:58:14,891] Trial 9 finished with value: 0.6728892720225955 and parameters: {'n_neighbors': 7, 'leaf_size': 32, 'p': 1}. Best is trial 2 with value: 0.6808406747825598.
Parámetros guardados en checkpoint_default_Doriginal_full_H/Full-data/IPC_0/best_models_Full-data_seed_0_space_original/knn_best_params.json
