[I 2025-05-18 17:30:24,012] Trial 8 finished with value: 0.5583333333333333 and parameters: {'n_estimators': 100, 'max_depth': 5, 'gamma': 0.5449029446194361, 'subsample': 0.7150234071055932, 'colsample_bytree': 0.8673829085180849}. Best is trial 7 with value: 0.625.
/data/home/rtabares/anaconda3/envs/pyth3.12/lib/python3.12/site-packages/xgboost/core.py:377: FutureWarning: Your system has an old version of glibc (< 2.28). We will stop supporting Linux distros with glibc older than 2.28 after **May 31, 2025**. Please upgrade to a recent Linux distro (with glibc >= 2.28) to use future versions of XGBoost.
Note: You have installed the 'manylinux2014' variant of XGBoost. Certain features such as GPU algorithms or federated learning are not available. To use these features, please upgrade to a recent Linux distro with glibc 2.28+, and install the 'manylinux_2_28' variant.
  warnings.warn(
/data/home/rtabares/anaconda3/envs/pyth3.12/lib/python3.12/site-packages/xgboost/core.py:377: FutureWarning: Your system has an old version of glibc (< 2.28). We will stop supporting Linux distros with glibc older than 2.28 after **May 31, 2025**. Please upgrade to a recent Linux distro (with glibc >= 2.28) to use future versions of XGBoost.
Note: You have installed the 'manylinux2014' variant of XGBoost. Certain features such as GPU algorithms or federated learning are not available. To use these features, please upgrade to a recent Linux distro with glibc 2.28+, and install the 'manylinux_2_28' variant.
  warnings.warn(
/data/home/rtabares/anaconda3/envs/pyth3.12/lib/python3.12/site-packages/xgboost/core.py:377: FutureWarning: Your system has an old version of glibc (< 2.28). We will stop supporting Linux distros with glibc older than 2.28 after **May 31, 2025**. Please upgrade to a recent Linux distro (with glibc >= 2.28) to use future versions of XGBoost.
Note: You have installed the 'manylinux2014' variant of XGBoost. Certain features such as GPU algorithms or federated learning are not available. To use these features, please upgrade to a recent Linux distro with glibc 2.28+, and install the 'manylinux_2_28' variant.
  warnings.warn(
[I 2025-05-18 17:30:24,098] Trial 9 finished with value: 0.5583333333333333 and parameters: {'n_estimators': 100, 'max_depth': 30, 'gamma': 0.5427360453562716, 'subsample': 0.5915763668266103, 'colsample_bytree': 0.5546552575823498}. Best is trial 7 with value: 0.625.
/data/home/rtabares/anaconda3/envs/pyth3.12/lib/python3.12/site-packages/xgboost/core.py:377: FutureWarning: Your system has an old version of glibc (< 2.28). We will stop supporting Linux distros with glibc older than 2.28 after **May 31, 2025**. Please upgrade to a recent Linux distro (with glibc >= 2.28) to use future versions of XGBoost.
Note: You have installed the 'manylinux2014' variant of XGBoost. Certain features such as GPU algorithms or federated learning are not available. To use these features, please upgrade to a recent Linux distro with glibc 2.28+, and install the 'manylinux_2_28' variant.
  warnings.warn(
/data/home/rtabares/anaconda3/envs/pyth3.12/lib/python3.12/site-packages/xgboost/core.py:377: FutureWarning: Your system has an old version of glibc (< 2.28). We will stop supporting Linux distros with glibc older than 2.28 after **May 31, 2025**. Please upgrade to a recent Linux distro (with glibc >= 2.28) to use future versions of XGBoost.
Note: You have installed the 'manylinux2014' variant of XGBoost. Certain features such as GPU algorithms or federated learning are not available. To use these features, please upgrade to a recent Linux distro with glibc 2.28+, and install the 'manylinux_2_28' variant.
  warnings.warn(
[I 2025-05-18 17:30:33,653] A new study created in memory with name: rf
Parámetros guardados en checkpoint_shoppers_Doriginal_F/random/IPC_17/best_models_random_seed_9_space_original/xgb_best_params.json


>>> Optuna tuning rf metodo random IPC 17 seed 9


[I 2025-05-18 17:30:36,305] Trial 0 finished with value: 0.5166666666666666 and parameters: {'n_estimators': 104, 'max_depth': 12, 'min_samples_split': 6, 'min_samples_leaf': 2}. Best is trial 0 with value: 0.5166666666666666.
[I 2025-05-18 17:30:37,264] Trial 1 finished with value: 0.5416666666666666 and parameters: {'n_estimators': 156, 'max_depth': 6, 'min_samples_split': 5, 'min_samples_leaf': 3}. Best is trial 1 with value: 0.5416666666666666.
[I 2025-05-18 17:30:38,270] Trial 2 finished with value: 0.475 and parameters: {'n_estimators': 133, 'max_depth': 9, 'min_samples_split': 3, 'min_samples_leaf': 9}. Best is trial 1 with value: 0.5416666666666666.
[I 2025-05-18 17:30:39,610] Trial 3 finished with value: 0.6083333333333333 and parameters: {'n_estimators': 481, 'max_depth': 3, 'min_samples_split': 8, 'min_samples_leaf': 6}. Best is trial 3 with value: 0.6083333333333333.
[I 2025-05-18 17:30:40,183] Trial 4 finished with value: 0.5499999999999999 and parameters: {'n_estimators': 460, 'max_depth': 15, 'min_samples_split': 6, 'min_samples_leaf': 8}. Best is trial 3 with value: 0.6083333333333333.
[I 2025-05-18 17:30:40,520] Trial 5 finished with value: 0.525 and parameters: {'n_estimators': 254, 'max_depth': 15, 'min_samples_split': 9, 'min_samples_leaf': 5}. Best is trial 3 with value: 0.6083333333333333.
[I 2025-05-18 17:30:41,169] Trial 6 finished with value: 0.5083333333333333 and parameters: {'n_estimators': 477, 'max_depth': 17, 'min_samples_split': 10, 'min_samples_leaf': 2}. Best is trial 3 with value: 0.6083333333333333.
[I 2025-05-18 17:30:41,561] Trial 7 finished with value: 0.5583333333333332 and parameters: {'n_estimators': 308, 'max_depth': 20, 'min_samples_split': 7, 'min_samples_leaf': 9}. Best is trial 3 with value: 0.6083333333333333.
[I 2025-05-18 17:30:42,173] Trial 8 finished with value: 0.5 and parameters: {'n_estimators': 489, 'max_depth': 6, 'min_samples_split': 4, 'min_samples_leaf': 9}. Best is trial 3 with value: 0.6083333333333333.
[I 2025-05-18 17:30:42,823] Trial 9 finished with value: 0.575 and parameters: {'n_estimators': 463, 'max_depth': 16, 'min_samples_split': 5, 'min_samples_leaf': 5}. Best is trial 3 with value: 0.6083333333333333.
[I 2025-05-18 17:30:49,110] A new study created in memory with name: svc
Parámetros guardados en checkpoint_shoppers_Doriginal_F/random/IPC_17/best_models_random_seed_9_space_original/rf_best_params.json


>>> Optuna tuning svc metodo random IPC 17 seed 9


[I 2025-05-18 17:30:49,880] Trial 0 finished with value: 0.4666666666666667 and parameters: {'C': 0.011002632709098882, 'gamma': 0.010174155443038872}. Best is trial 0 with value: 0.4666666666666667.
[I 2025-05-18 17:30:50,590] Trial 1 finished with value: 0.5 and parameters: {'C': 0.9618186025955839, 'gamma': 0.00034301895208247704}. Best is trial 1 with value: 0.5.
[I 2025-05-18 17:30:51,336] Trial 2 finished with value: 0.5 and parameters: {'C': 0.03702067575132929, 'gamma': 0.0007485739374074099}. Best is trial 1 with value: 0.5.
[I 2025-05-18 17:30:51,985] Trial 3 finished with value: 0.5 and parameters: {'C': 0.47209861032825945, 'gamma': 0.0009826631576890102}. Best is trial 1 with value: 0.5.
[I 2025-05-18 17:30:52,010] Trial 4 finished with value: 0.5 and parameters: {'C': 0.021688953850108893, 'gamma': 0.0024098752433673273}. Best is trial 1 with value: 0.5.
[I 2025-05-18 17:30:52,035] Trial 5 finished with value: 0.5 and parameters: {'C': 0.04646280084231645, 'gamma': 0.3267656089424253}. Best is trial 1 with value: 0.5.
[I 2025-05-18 17:30:52,049] Trial 6 finished with value: 0.4583333333333333 and parameters: {'C': 63.65845976154302, 'gamma': 0.00014288725836502733}. Best is trial 1 with value: 0.5.
[I 2025-05-18 17:30:52,063] Trial 7 finished with value: 0.575 and parameters: {'C': 6.257913640897913, 'gamma': 0.01954516145303057}. Best is trial 7 with value: 0.575.
[I 2025-05-18 17:30:52,077] Trial 8 finished with value: 0.6083333333333333 and parameters: {'C': 39.08665206604184, 'gamma': 0.04651530700450706}. Best is trial 8 with value: 0.6083333333333333.
[I 2025-05-18 17:30:52,091] Trial 9 finished with value: 0.5416666666666667 and parameters: {'C': 1.553642640603634, 'gamma': 0.06452227863024562}. Best is trial 8 with value: 0.6083333333333333.
[I 2025-05-18 17:30:55,251] A new study created in memory with name: logreg
Parámetros guardados en checkpoint_shoppers_Doriginal_F/random/IPC_17/best_models_random_seed_9_space_original/svc_best_params.json


>>> Optuna tuning logreg metodo random IPC 17 seed 9


[I 2025-05-18 17:30:57,619] Trial 0 finished with value: 0.4666666666666667 and parameters: {'C': 0.0011268620922535318, 'penalty': 'l2'}. Best is trial 0 with value: 0.4666666666666667.
[I 2025-05-18 17:30:58,493] Trial 1 finished with value: 0.5166666666666667 and parameters: {'C': 0.32312678588710475, 'penalty': 'l2'}. Best is trial 1 with value: 0.5166666666666667.
[I 2025-05-18 17:30:58,520] Trial 2 finished with value: 0.5166666666666667 and parameters: {'C': 0.3012079745112611, 'penalty': 'l2'}. Best is trial 1 with value: 0.5166666666666667.
[I 2025-05-18 17:30:58,547] Trial 3 finished with value: 0.4916666666666667 and parameters: {'C': 0.004668180550042529, 'penalty': 'l2'}. Best is trial 1 with value: 0.5166666666666667.
[I 2025-05-18 17:30:58,573] Trial 4 finished with value: 0.4916666666666667 and parameters: {'C': 0.005135177115384908, 'penalty': 'l2'}. Best is trial 1 with value: 0.5166666666666667.
[I 2025-05-18 17:30:58,600] Trial 5 finished with value: 0.39166666666666666 and parameters: {'C': 0.01238207351349697, 'penalty': 'l2'}. Best is trial 1 with value: 0.5166666666666667.
[I 2025-05-18 17:30:58,626] Trial 6 finished with value: 0.4916666666666667 and parameters: {'C': 0.12374877330306278, 'penalty': 'l2'}. Best is trial 1 with value: 0.5166666666666667.
[I 2025-05-18 17:30:58,651] Trial 7 finished with value: 0.4166666666666667 and parameters: {'C': 0.017398261017749217, 'penalty': 'l2'}. Best is trial 1 with value: 0.5166666666666667.
[I 2025-05-18 17:30:58,665] Trial 8 finished with value: 0.4666666666666667 and parameters: {'C': 0.002632074973627294, 'penalty': 'l2'}. Best is trial 1 with value: 0.5166666666666667.
[I 2025-05-18 17:30:58,689] Trial 9 finished with value: 0.4666666666666667 and parameters: {'C': 0.053394091359671186, 'penalty': 'l2'}. Best is trial 1 with value: 0.5166666666666667.
[I 2025-05-18 17:31:00,917] A new study created in memory with name: mlp
/data/home/rtabares/anaconda3/envs/pyth3.12/lib/python3.12/site-packages/sklearn/neural_network/_multilayer_perceptron.py:691: ConvergenceWarning: Stochastic Optimizer: Maximum iterations (100) reached and the optimization hasn't converged yet.
  warnings.warn(
/data/home/rtabares/anaconda3/envs/pyth3.12/lib/python3.12/site-packages/sklearn/neural_network/_multilayer_perceptron.py:691: ConvergenceWarning: Stochastic Optimizer: Maximum iterations (100) reached and the optimization hasn't converged yet.
  warnings.warn(
/data/home/rtabares/anaconda3/envs/pyth3.12/lib/python3.12/site-packages/sklearn/neural_network/_multilayer_perceptron.py:691: ConvergenceWarning: Stochastic Optimizer: Maximum iterations (100) reached and the optimization hasn't converged yet.
  warnings.warn(
/data/home/rtabares/anaconda3/envs/pyth3.12/lib/python3.12/site-packages/sklearn/neural_network/_multilayer_perceptron.py:691: ConvergenceWarning: Stochastic Optimizer: Maximum iterations (100) reached and the optimization hasn't converged yet.
  warnings.warn(
[I 2025-05-18 17:31:02,836] Trial 0 finished with value: 0.4916666666666667 and parameters: {'hidden_layer_sizes': (200,), 'max_iter': 100, 'alpha': 0.001}. Best is trial 0 with value: 0.4916666666666667.
Parámetros guardados en checkpoint_shoppers_Doriginal_F/random/IPC_17/best_models_random_seed_9_space_original/logreg_best_params.json


>>> Optuna tuning mlp metodo random IPC 17 seed 9


/data/home/rtabares/anaconda3/envs/pyth3.12/lib/python3.12/site-packages/sklearn/neural_network/_multilayer_perceptron.py:691: ConvergenceWarning: Stochastic Optimizer: Maximum iterations (100) reached and the optimization hasn't converged yet.
  warnings.warn(
/data/home/rtabares/anaconda3/envs/pyth3.12/lib/python3.12/site-packages/sklearn/neural_network/_multilayer_perceptron.py:691: ConvergenceWarning: Stochastic Optimizer: Maximum iterations (100) reached and the optimization hasn't converged yet.
  warnings.warn(
/data/home/rtabares/anaconda3/envs/pyth3.12/lib/python3.12/site-packages/sklearn/neural_network/_multilayer_perceptron.py:691: ConvergenceWarning: Stochastic Optimizer: Maximum iterations (100) reached and the optimization hasn't converged yet.
  warnings.warn(
/data/home/rtabares/anaconda3/envs/pyth3.12/lib/python3.12/site-packages/sklearn/neural_network/_multilayer_perceptron.py:691: ConvergenceWarning: Stochastic Optimizer: Maximum iterations (100) reached and the optimization hasn't converged yet.
  warnings.warn(
/data/home/rtabares/anaconda3/envs/pyth3.12/lib/python3.12/site-packages/sklearn/neural_network/_multilayer_perceptron.py:691: ConvergenceWarning: Stochastic Optimizer: Maximum iterations (100) reached and the optimization hasn't converged yet.
  warnings.warn(
[I 2025-05-18 17:31:04,781] Trial 1 finished with value: 0.525 and parameters: {'hidden_layer_sizes': (100, 100), 'max_iter': 100, 'alpha': 0.0001}. Best is trial 1 with value: 0.525.
/data/home/rtabares/anaconda3/envs/pyth3.12/lib/python3.12/site-packages/sklearn/neural_network/_multilayer_perceptron.py:691: ConvergenceWarning: Stochastic Optimizer: Maximum iterations (50) reached and the optimization hasn't converged yet.
  warnings.warn(
/data/home/rtabares/anaconda3/envs/pyth3.12/lib/python3.12/site-packages/sklearn/neural_network/_multilayer_perceptron.py:691: ConvergenceWarning: Stochastic Optimizer: Maximum iterations (50) reached and the optimization hasn't converged yet.
  warnings.warn(
/data/home/rtabares/anaconda3/envs/pyth3.12/lib/python3.12/site-packages/sklearn/neural_network/_multilayer_perceptron.py:691: ConvergenceWarning: Stochastic Optimizer: Maximum iterations (50) reached and the optimization hasn't converged yet.
  warnings.warn(
/data/home/rtabares/anaconda3/envs/pyth3.12/lib/python3.12/site-packages/sklearn/neural_network/_multilayer_perceptron.py:691: ConvergenceWarning: Stochastic Optimizer: Maximum iterations (50) reached and the optimization hasn't converged yet.
  warnings.warn(
/data/home/rtabares/anaconda3/envs/pyth3.12/lib/python3.12/site-packages/sklearn/neural_network/_multilayer_perceptron.py:691: ConvergenceWarning: Stochastic Optimizer: Maximum iterations (50) reached and the optimization hasn't converged yet.
  warnings.warn(
[I 2025-05-18 17:31:05,558] Trial 2 finished with value: 0.5583333333333333 and parameters: {'hidden_layer_sizes': (100, 100), 'max_iter': 50, 'alpha': 0.0001}. Best is trial 2 with value: 0.5583333333333333.
/data/home/rtabares/anaconda3/envs/pyth3.12/lib/python3.12/site-packages/sklearn/neural_network/_multilayer_perceptron.py:691: ConvergenceWarning: Stochastic Optimizer: Maximum iterations (50) reached and the optimization hasn't converged yet.
  warnings.warn(
/data/home/rtabares/anaconda3/envs/pyth3.12/lib/python3.12/site-packages/sklearn/neural_network/_multilayer_perceptron.py:691: ConvergenceWarning: Stochastic Optimizer: Maximum iterations (50) reached and the optimization hasn't converged yet.
  warnings.warn(
/data/home/rtabares/anaconda3/envs/pyth3.12/lib/python3.12/site-packages/sklearn/neural_network/_multilayer_perceptron.py:691: ConvergenceWarning: Stochastic Optimizer: Maximum iterations (50) reached and the optimization hasn't converged yet.
  warnings.warn(
/data/home/rtabares/anaconda3/envs/pyth3.12/lib/python3.12/site-packages/sklearn/neural_network/_multilayer_perceptron.py:691: ConvergenceWarning: Stochastic Optimizer: Maximum iterations (50) reached and the optimization hasn't converged yet.
  warnings.warn(
[I 2025-05-18 17:31:05,626] Trial 3 finished with value: 0.5583333333333333 and parameters: {'hidden_layer_sizes': (200,), 'max_iter': 50, 'alpha': 0.0001}. Best is trial 2 with value: 0.5583333333333333.
/data/home/rtabares/anaconda3/envs/pyth3.12/lib/python3.12/site-packages/sklearn/neural_network/_multilayer_perceptron.py:691: ConvergenceWarning: Stochastic Optimizer: Maximum iterations (100) reached and the optimization hasn't converged yet.
  warnings.warn(
/data/home/rtabares/anaconda3/envs/pyth3.12/lib/python3.12/site-packages/sklearn/neural_network/_multilayer_perceptron.py:691: ConvergenceWarning: Stochastic Optimizer: Maximum iterations (100) reached and the optimization hasn't converged yet.
  warnings.warn(
/data/home/rtabares/anaconda3/envs/pyth3.12/lib/python3.12/site-packages/sklearn/neural_network/_multilayer_perceptron.py:691: ConvergenceWarning: Stochastic Optimizer: Maximum iterations (100) reached and the optimization hasn't converged yet.
  warnings.warn(
/data/home/rtabares/anaconda3/envs/pyth3.12/lib/python3.12/site-packages/sklearn/neural_network/_multilayer_perceptron.py:691: ConvergenceWarning: Stochastic Optimizer: Maximum iterations (100) reached and the optimization hasn't converged yet.
  warnings.warn(
/data/home/rtabares/anaconda3/envs/pyth3.12/lib/python3.12/site-packages/sklearn/neural_network/_multilayer_perceptron.py:691: ConvergenceWarning: Stochastic Optimizer: Maximum iterations (100) reached and the optimization hasn't converged yet.
  warnings.warn(
[I 2025-05-18 17:31:05,712] Trial 4 finished with value: 0.4916666666666667 and parameters: {'hidden_layer_sizes': (200,), 'max_iter': 100, 'alpha': 0.001}. Best is trial 2 with value: 0.5583333333333333.
/data/home/rtabares/anaconda3/envs/pyth3.12/lib/python3.12/site-packages/sklearn/neural_network/_multilayer_perceptron.py:691: ConvergenceWarning: Stochastic Optimizer: Maximum iterations (100) reached and the optimization hasn't converged yet.
  warnings.warn(
/data/home/rtabares/anaconda3/envs/pyth3.12/lib/python3.12/site-packages/sklearn/neural_network/_multilayer_perceptron.py:691: ConvergenceWarning: Stochastic Optimizer: Maximum iterations (100) reached and the optimization hasn't converged yet.
  warnings.warn(
/data/home/rtabares/anaconda3/envs/pyth3.12/lib/python3.12/site-packages/sklearn/neural_network/_multilayer_perceptron.py:691: ConvergenceWarning: Stochastic Optimizer: Maximum iterations (100) reached and the optimization hasn't converged yet.
  warnings.warn(
/data/home/rtabares/anaconda3/envs/pyth3.12/lib/python3.12/site-packages/sklearn/neural_network/_multilayer_perceptron.py:691: ConvergenceWarning: Stochastic Optimizer: Maximum iterations (100) reached and the optimization hasn't converged yet.
  warnings.warn(
/data/home/rtabares/anaconda3/envs/pyth3.12/lib/python3.12/site-packages/sklearn/neural_network/_multilayer_perceptron.py:691: ConvergenceWarning: Stochastic Optimizer: Maximum iterations (100) reached and the optimization hasn't converged yet.
  warnings.warn(
[I 2025-05-18 17:31:05,788] Trial 5 finished with value: 0.5166666666666667 and parameters: {'hidden_layer_sizes': (200,), 'max_iter': 100, 'alpha': 0.0001}. Best is trial 2 with value: 0.5583333333333333.
/data/home/rtabares/anaconda3/envs/pyth3.12/lib/python3.12/site-packages/sklearn/neural_network/_multilayer_perceptron.py:691: ConvergenceWarning: Stochastic Optimizer: Maximum iterations (100) reached and the optimization hasn't converged yet.
  warnings.warn(
/data/home/rtabares/anaconda3/envs/pyth3.12/lib/python3.12/site-packages/sklearn/neural_network/_multilayer_perceptron.py:691: ConvergenceWarning: Stochastic Optimizer: Maximum iterations (100) reached and the optimization hasn't converged yet.
  warnings.warn(
/data/home/rtabares/anaconda3/envs/pyth3.12/lib/python3.12/site-packages/sklearn/neural_network/_multilayer_perceptron.py:691: ConvergenceWarning: Stochastic Optimizer: Maximum iterations (100) reached and the optimization hasn't converged yet.
  warnings.warn(
/data/home/rtabares/anaconda3/envs/pyth3.12/lib/python3.12/site-packages/sklearn/neural_network/_multilayer_perceptron.py:691: ConvergenceWarning: Stochastic Optimizer: Maximum iterations (100) reached and the optimization hasn't converged yet.
  warnings.warn(
/data/home/rtabares/anaconda3/envs/pyth3.12/lib/python3.12/site-packages/sklearn/neural_network/_multilayer_perceptron.py:691: ConvergenceWarning: Stochastic Optimizer: Maximum iterations (100) reached and the optimization hasn't converged yet.
  warnings.warn(
[I 2025-05-18 17:31:05,893] Trial 6 finished with value: 0.6083333333333333 and parameters: {'hidden_layer_sizes': (100, 100), 'max_iter': 100, 'alpha': 0.001}. Best is trial 6 with value: 0.6083333333333333.
/data/home/rtabares/anaconda3/envs/pyth3.12/lib/python3.12/site-packages/sklearn/neural_network/_multilayer_perceptron.py:691: ConvergenceWarning: Stochastic Optimizer: Maximum iterations (50) reached and the optimization hasn't converged yet.
  warnings.warn(
/data/home/rtabares/anaconda3/envs/pyth3.12/lib/python3.12/site-packages/sklearn/neural_network/_multilayer_perceptron.py:691: ConvergenceWarning: Stochastic Optimizer: Maximum iterations (50) reached and the optimization hasn't converged yet.
  warnings.warn(
/data/home/rtabares/anaconda3/envs/pyth3.12/lib/python3.12/site-packages/sklearn/neural_network/_multilayer_perceptron.py:691: ConvergenceWarning: Stochastic Optimizer: Maximum iterations (50) reached and the optimization hasn't converged yet.
  warnings.warn(
/data/home/rtabares/anaconda3/envs/pyth3.12/lib/python3.12/site-packages/sklearn/neural_network/_multilayer_perceptron.py:691: ConvergenceWarning: Stochastic Optimizer: Maximum iterations (50) reached and the optimization hasn't converged yet.
  warnings.warn(
