[I 2025-05-18 17:49:02,917] Trial 0 finished with value: 0.6058823529411764 and parameters: {'var_smoothing': 6.10548688762798e-09}. Best is trial 0 with value: 0.6058823529411764.
[I 2025-05-18 17:49:03,822] Trial 1 finished with value: 0.5941176470588235 and parameters: {'var_smoothing': 4.6127467400935034e-10}. Best is trial 0 with value: 0.6058823529411764.
[I 2025-05-18 17:49:03,838] Trial 2 finished with value: 0.6058823529411764 and parameters: {'var_smoothing': 4.389936579400967e-09}. Best is trial 0 with value: 0.6058823529411764.
[I 2025-05-18 17:49:04,577] Trial 3 finished with value: 0.5882352941176471 and parameters: {'var_smoothing': 1.2116948204672054e-10}. Best is trial 0 with value: 0.6058823529411764.
[I 2025-05-18 17:49:04,596] Trial 4 finished with value: 0.5882352941176471 and parameters: {'var_smoothing': 1.6417739478477417e-10}. Best is trial 0 with value: 0.6058823529411764.
[I 2025-05-18 17:49:04,609] Trial 5 finished with value: 0.6 and parameters: {'var_smoothing': 1.5491880147236797e-09}. Best is trial 0 with value: 0.6058823529411764.
[I 2025-05-18 17:49:04,623] Trial 6 finished with value: 0.6 and parameters: {'var_smoothing': 1.1471883405287265e-09}. Best is trial 0 with value: 0.6058823529411764.
[I 2025-05-18 17:49:04,647] Trial 7 finished with value: 0.6 and parameters: {'var_smoothing': 6.88041853492358e-10}. Best is trial 0 with value: 0.6058823529411764.
[I 2025-05-18 17:49:04,661] Trial 8 finished with value: 0.5941176470588235 and parameters: {'var_smoothing': 4.686144741221158e-10}. Best is trial 0 with value: 0.6058823529411764.
[I 2025-05-18 17:49:04,674] Trial 9 finished with value: 0.6058823529411764 and parameters: {'var_smoothing': 1.7580809350683337e-09}. Best is trial 0 with value: 0.6058823529411764.
/data/home/rtabares/anaconda3/envs/pyth3.12/lib/python3.12/site-packages/xgboost/core.py:377: FutureWarning: Your system has an old version of glibc (< 2.28). We will stop supporting Linux distros with glibc older than 2.28 after **May 31, 2025**. Please upgrade to a recent Linux distro (with glibc >= 2.28) to use future versions of XGBoost.
Note: You have installed the 'manylinux2014' variant of XGBoost. Certain features such as GPU algorithms or federated learning are not available. To use these features, please upgrade to a recent Linux distro with glibc 2.28+, and install the 'manylinux_2_28' variant.
  warnings.warn(
[I 2025-05-18 17:49:06,739] A new study created in memory with name: knn
[I 2025-05-18 17:49:10,682] Trial 0 finished with value: 0.7294117647058823 and parameters: {'n_neighbors': 10, 'leaf_size': 26, 'p': 1}. Best is trial 0 with value: 0.7294117647058823.
Parámetros guardados en checkpoint_shoppers_Doriginal_F/k-means/IPC_85/best_models_k-means_seed_6_space_original/naive_bayes_best_params.json


>>> Optuna tuning knn metodo k-means IPC 85 seed 6


[I 2025-05-18 17:49:11,418] Trial 1 finished with value: 0.5882352941176471 and parameters: {'n_neighbors': 3, 'leaf_size': 32, 'p': 1}. Best is trial 0 with value: 0.7294117647058823.
[I 2025-05-18 17:49:12,202] Trial 2 finished with value: 0.6 and parameters: {'n_neighbors': 5, 'leaf_size': 33, 'p': 2}. Best is trial 0 with value: 0.7294117647058823.
[I 2025-05-18 17:49:13,097] Trial 3 finished with value: 0.6529411764705882 and parameters: {'n_neighbors': 7, 'leaf_size': 32, 'p': 2}. Best is trial 0 with value: 0.7294117647058823.
[I 2025-05-18 17:49:13,122] Trial 4 finished with value: 0.7411764705882353 and parameters: {'n_neighbors': 9, 'leaf_size': 28, 'p': 1}. Best is trial 4 with value: 0.7411764705882353.
[I 2025-05-18 17:49:13,206] Trial 5 finished with value: 0.5882352941176471 and parameters: {'n_neighbors': 3, 'leaf_size': 35, 'p': 1}. Best is trial 4 with value: 0.7411764705882353.
[I 2025-05-18 17:49:13,304] Trial 6 finished with value: 0.6588235294117648 and parameters: {'n_neighbors': 8, 'leaf_size': 31, 'p': 2}. Best is trial 4 with value: 0.7411764705882353.
[I 2025-05-18 17:49:13,320] Trial 7 finished with value: 0.5882352941176471 and parameters: {'n_neighbors': 6, 'leaf_size': 24, 'p': 2}. Best is trial 4 with value: 0.7411764705882353.
[I 2025-05-18 17:49:13,375] Trial 8 finished with value: 0.6 and parameters: {'n_neighbors': 5, 'leaf_size': 34, 'p': 2}. Best is trial 4 with value: 0.7411764705882353.
[I 2025-05-18 17:49:13,432] Trial 9 finished with value: 0.6823529411764706 and parameters: {'n_neighbors': 10, 'leaf_size': 27, 'p': 2}. Best is trial 4 with value: 0.7411764705882353.
/data/home/rtabares/anaconda3/envs/pyth3.12/lib/python3.12/site-packages/xgboost/core.py:377: FutureWarning: Your system has an old version of glibc (< 2.28). We will stop supporting Linux distros with glibc older than 2.28 after **May 31, 2025**. Please upgrade to a recent Linux distro (with glibc >= 2.28) to use future versions of XGBoost.
Note: You have installed the 'manylinux2014' variant of XGBoost. Certain features such as GPU algorithms or federated learning are not available. To use these features, please upgrade to a recent Linux distro with glibc 2.28+, and install the 'manylinux_2_28' variant.
  warnings.warn(
/data/home/rtabares/anaconda3/envs/pyth3.12/lib/python3.12/site-packages/xgboost/core.py:377: FutureWarning: Your system has an old version of glibc (< 2.28). We will stop supporting Linux distros with glibc older than 2.28 after **May 31, 2025**. Please upgrade to a recent Linux distro (with glibc >= 2.28) to use future versions of XGBoost.
Note: You have installed the 'manylinux2014' variant of XGBoost. Certain features such as GPU algorithms or federated learning are not available. To use these features, please upgrade to a recent Linux distro with glibc 2.28+, and install the 'manylinux_2_28' variant.
  warnings.warn(
/data/home/rtabares/anaconda3/envs/pyth3.12/lib/python3.12/site-packages/xgboost/core.py:377: FutureWarning: Your system has an old version of glibc (< 2.28). We will stop supporting Linux distros with glibc older than 2.28 after **May 31, 2025**. Please upgrade to a recent Linux distro (with glibc >= 2.28) to use future versions of XGBoost.
Note: You have installed the 'manylinux2014' variant of XGBoost. Certain features such as GPU algorithms or federated learning are not available. To use these features, please upgrade to a recent Linux distro with glibc 2.28+, and install the 'manylinux_2_28' variant.
  warnings.warn(
[I 2025-05-18 17:49:18,008] A new study created in memory with name: xgb
Parámetros guardados en checkpoint_shoppers_Doriginal_F/k-means/IPC_85/best_models_k-means_seed_6_space_original/knn_best_params.json


>>> Optuna tuning xgb metodo ag IPC 85 seed 6


/data/home/rtabares/anaconda3/envs/pyth3.12/lib/python3.12/site-packages/xgboost/core.py:377: FutureWarning: Your system has an old version of glibc (< 2.28). We will stop supporting Linux distros with glibc older than 2.28 after **May 31, 2025**. Please upgrade to a recent Linux distro (with glibc >= 2.28) to use future versions of XGBoost.
Note: You have installed the 'manylinux2014' variant of XGBoost. Certain features such as GPU algorithms or federated learning are not available. To use these features, please upgrade to a recent Linux distro with glibc 2.28+, and install the 'manylinux_2_28' variant.
  warnings.warn(
/data/home/rtabares/anaconda3/envs/pyth3.12/lib/python3.12/site-packages/xgboost/core.py:377: FutureWarning: Your system has an old version of glibc (< 2.28). We will stop supporting Linux distros with glibc older than 2.28 after **May 31, 2025**. Please upgrade to a recent Linux distro (with glibc >= 2.28) to use future versions of XGBoost.
Note: You have installed the 'manylinux2014' variant of XGBoost. Certain features such as GPU algorithms or federated learning are not available. To use these features, please upgrade to a recent Linux distro with glibc 2.28+, and install the 'manylinux_2_28' variant.
  warnings.warn(
/data/home/rtabares/anaconda3/envs/pyth3.12/lib/python3.12/site-packages/xgboost/core.py:377: FutureWarning: Your system has an old version of glibc (< 2.28). We will stop supporting Linux distros with glibc older than 2.28 after **May 31, 2025**. Please upgrade to a recent Linux distro (with glibc >= 2.28) to use future versions of XGBoost.
Note: You have installed the 'manylinux2014' variant of XGBoost. Certain features such as GPU algorithms or federated learning are not available. To use these features, please upgrade to a recent Linux distro with glibc 2.28+, and install the 'manylinux_2_28' variant.
  warnings.warn(
[I 2025-05-18 17:49:20,273] Trial 0 finished with value: 0.9 and parameters: {'n_estimators': 10, 'max_depth': 30, 'gamma': 0.5768356259735394, 'subsample': 0.7094037142783272, 'colsample_bytree': 0.6677039246366646}. Best is trial 0 with value: 0.9.
/data/home/rtabares/anaconda3/envs/pyth3.12/lib/python3.12/site-packages/xgboost/core.py:377: FutureWarning: Your system has an old version of glibc (< 2.28). We will stop supporting Linux distros with glibc older than 2.28 after **May 31, 2025**. Please upgrade to a recent Linux distro (with glibc >= 2.28) to use future versions of XGBoost.
Note: You have installed the 'manylinux2014' variant of XGBoost. Certain features such as GPU algorithms or federated learning are not available. To use these features, please upgrade to a recent Linux distro with glibc 2.28+, and install the 'manylinux_2_28' variant.
  warnings.warn(
/data/home/rtabares/anaconda3/envs/pyth3.12/lib/python3.12/site-packages/xgboost/core.py:377: FutureWarning: Your system has an old version of glibc (< 2.28). We will stop supporting Linux distros with glibc older than 2.28 after **May 31, 2025**. Please upgrade to a recent Linux distro (with glibc >= 2.28) to use future versions of XGBoost.
Note: You have installed the 'manylinux2014' variant of XGBoost. Certain features such as GPU algorithms or federated learning are not available. To use these features, please upgrade to a recent Linux distro with glibc 2.28+, and install the 'manylinux_2_28' variant.
  warnings.warn(
/data/home/rtabares/anaconda3/envs/pyth3.12/lib/python3.12/site-packages/xgboost/core.py:377: FutureWarning: Your system has an old version of glibc (< 2.28). We will stop supporting Linux distros with glibc older than 2.28 after **May 31, 2025**. Please upgrade to a recent Linux distro (with glibc >= 2.28) to use future versions of XGBoost.
Note: You have installed the 'manylinux2014' variant of XGBoost. Certain features such as GPU algorithms or federated learning are not available. To use these features, please upgrade to a recent Linux distro with glibc 2.28+, and install the 'manylinux_2_28' variant.
  warnings.warn(
[I 2025-05-18 17:49:21,477] Trial 1 finished with value: 0.9117647058823529 and parameters: {'n_estimators': 100, 'max_depth': 30, 'gamma': 0.9912018442360747, 'subsample': 0.9099290984609207, 'colsample_bytree': 0.7066004674080903}. Best is trial 1 with value: 0.9117647058823529.
/data/home/rtabares/anaconda3/envs/pyth3.12/lib/python3.12/site-packages/xgboost/core.py:377: FutureWarning: Your system has an old version of glibc (< 2.28). We will stop supporting Linux distros with glibc older than 2.28 after **May 31, 2025**. Please upgrade to a recent Linux distro (with glibc >= 2.28) to use future versions of XGBoost.
Note: You have installed the 'manylinux2014' variant of XGBoost. Certain features such as GPU algorithms or federated learning are not available. To use these features, please upgrade to a recent Linux distro with glibc 2.28+, and install the 'manylinux_2_28' variant.
  warnings.warn(
[I 2025-05-18 17:49:22,520] Trial 2 finished with value: 0.9 and parameters: {'n_estimators': 10, 'max_depth': 20, 'gamma': 0.7382185757030506, 'subsample': 0.7704684271512641, 'colsample_bytree': 0.5624120871903049}. Best is trial 1 with value: 0.9117647058823529.
/data/home/rtabares/anaconda3/envs/pyth3.12/lib/python3.12/site-packages/xgboost/core.py:377: FutureWarning: Your system has an old version of glibc (< 2.28). We will stop supporting Linux distros with glibc older than 2.28 after **May 31, 2025**. Please upgrade to a recent Linux distro (with glibc >= 2.28) to use future versions of XGBoost.
Note: You have installed the 'manylinux2014' variant of XGBoost. Certain features such as GPU algorithms or federated learning are not available. To use these features, please upgrade to a recent Linux distro with glibc 2.28+, and install the 'manylinux_2_28' variant.
  warnings.warn(
/data/home/rtabares/anaconda3/envs/pyth3.12/lib/python3.12/site-packages/xgboost/core.py:377: FutureWarning: Your system has an old version of glibc (< 2.28). We will stop supporting Linux distros with glibc older than 2.28 after **May 31, 2025**. Please upgrade to a recent Linux distro (with glibc >= 2.28) to use future versions of XGBoost.
Note: You have installed the 'manylinux2014' variant of XGBoost. Certain features such as GPU algorithms or federated learning are not available. To use these features, please upgrade to a recent Linux distro with glibc 2.28+, and install the 'manylinux_2_28' variant.
  warnings.warn(
/data/home/rtabares/anaconda3/envs/pyth3.12/lib/python3.12/site-packages/xgboost/core.py:377: FutureWarning: Your system has an old version of glibc (< 2.28). We will stop supporting Linux distros with glibc older than 2.28 after **May 31, 2025**. Please upgrade to a recent Linux distro (with glibc >= 2.28) to use future versions of XGBoost.
Note: You have installed the 'manylinux2014' variant of XGBoost. Certain features such as GPU algorithms or federated learning are not available. To use these features, please upgrade to a recent Linux distro with glibc 2.28+, and install the 'manylinux_2_28' variant.
  warnings.warn(
[I 2025-05-18 17:49:23,954] Trial 3 finished with value: 0.9117647058823529 and parameters: {'n_estimators': 10, 'max_depth': 20, 'gamma': 0.7041784887453524, 'subsample': 0.7995029565695583, 'colsample_bytree': 0.8586660727777565}. Best is trial 1 with value: 0.9117647058823529.
/data/home/rtabares/anaconda3/envs/pyth3.12/lib/python3.12/site-packages/xgboost/core.py:377: FutureWarning: Your system has an old version of glibc (< 2.28). We will stop supporting Linux distros with glibc older than 2.28 after **May 31, 2025**. Please upgrade to a recent Linux distro (with glibc >= 2.28) to use future versions of XGBoost.
Note: You have installed the 'manylinux2014' variant of XGBoost. Certain features such as GPU algorithms or federated learning are not available. To use these features, please upgrade to a recent Linux distro with glibc 2.28+, and install the 'manylinux_2_28' variant.
  warnings.warn(
/data/home/rtabares/anaconda3/envs/pyth3.12/lib/python3.12/site-packages/xgboost/core.py:377: FutureWarning: Your system has an old version of glibc (< 2.28). We will stop supporting Linux distros with glibc older than 2.28 after **May 31, 2025**. Please upgrade to a recent Linux distro (with glibc >= 2.28) to use future versions of XGBoost.
Note: You have installed the 'manylinux2014' variant of XGBoost. Certain features such as GPU algorithms or federated learning are not available. To use these features, please upgrade to a recent Linux distro with glibc 2.28+, and install the 'manylinux_2_28' variant.
  warnings.warn(
[I 2025-05-18 17:49:24,047] Trial 4 finished with value: 0.8941176470588236 and parameters: {'n_estimators': 10, 'max_depth': 20, 'gamma': 0.46549701645255037, 'subsample': 0.9946899241400011, 'colsample_bytree': 0.725249640372583}. Best is trial 1 with value: 0.9117647058823529.
/data/home/rtabares/anaconda3/envs/pyth3.12/lib/python3.12/site-packages/xgboost/core.py:377: FutureWarning: Your system has an old version of glibc (< 2.28). We will stop supporting Linux distros with glibc older than 2.28 after **May 31, 2025**. Please upgrade to a recent Linux distro (with glibc >= 2.28) to use future versions of XGBoost.
Note: You have installed the 'manylinux2014' variant of XGBoost. Certain features such as GPU algorithms or federated learning are not available. To use these features, please upgrade to a recent Linux distro with glibc 2.28+, and install the 'manylinux_2_28' variant.
  warnings.warn(
/data/home/rtabares/anaconda3/envs/pyth3.12/lib/python3.12/site-packages/xgboost/core.py:377: FutureWarning: Your system has an old version of glibc (< 2.28). We will stop supporting Linux distros with glibc older than 2.28 after **May 31, 2025**. Please upgrade to a recent Linux distro (with glibc >= 2.28) to use future versions of XGBoost.
Note: You have installed the 'manylinux2014' variant of XGBoost. Certain features such as GPU algorithms or federated learning are not available. To use these features, please upgrade to a recent Linux distro with glibc 2.28+, and install the 'manylinux_2_28' variant.
  warnings.warn(
/data/home/rtabares/anaconda3/envs/pyth3.12/lib/python3.12/site-packages/xgboost/core.py:377: FutureWarning: Your system has an old version of glibc (< 2.28). We will stop supporting Linux distros with glibc older than 2.28 after **May 31, 2025**. Please upgrade to a recent Linux distro (with glibc >= 2.28) to use future versions of XGBoost.
Note: You have installed the 'manylinux2014' variant of XGBoost. Certain features such as GPU algorithms or federated learning are not available. To use these features, please upgrade to a recent Linux distro with glibc 2.28+, and install the 'manylinux_2_28' variant.
  warnings.warn(
[I 2025-05-18 17:49:24,158] Trial 5 finished with value: 0.9117647058823529 and parameters: {'n_estimators': 40, 'max_depth': 20, 'gamma': 0.3554734452019276, 'subsample': 0.5947710951851903, 'colsample_bytree': 0.7356254823676576}. Best is trial 1 with value: 0.9117647058823529.
[I 2025-05-18 17:49:24,252] Trial 6 finished with value: 0.8941176470588236 and parameters: {'n_estimators': 40, 'max_depth': 20, 'gamma': 0.8967376717636345, 'subsample': 0.988276510203839, 'colsample_bytree': 0.9184542964535913}. Best is trial 1 with value: 0.9117647058823529.
/data/home/rtabares/anaconda3/envs/pyth3.12/lib/python3.12/site-packages/xgboost/core.py:377: FutureWarning: Your system has an old version of glibc (< 2.28). We will stop supporting Linux distros with glibc older than 2.28 after **May 31, 2025**. Please upgrade to a recent Linux distro (with glibc >= 2.28) to use future versions of XGBoost.
Note: You have installed the 'manylinux2014' variant of XGBoost. Certain features such as GPU algorithms or federated learning are not available. To use these features, please upgrade to a recent Linux distro with glibc 2.28+, and install the 'manylinux_2_28' variant.
  warnings.warn(
/data/home/rtabares/anaconda3/envs/pyth3.12/lib/python3.12/site-packages/xgboost/core.py:377: FutureWarning: Your system has an old version of glibc (< 2.28). We will stop supporting Linux distros with glibc older than 2.28 after **May 31, 2025**. Please upgrade to a recent Linux distro (with glibc >= 2.28) to use future versions of XGBoost.
Note: You have installed the 'manylinux2014' variant of XGBoost. Certain features such as GPU algorithms or federated learning are not available. To use these features, please upgrade to a recent Linux distro with glibc 2.28+, and install the 'manylinux_2_28' variant.
  warnings.warn(
/data/home/rtabares/anaconda3/envs/pyth3.12/lib/python3.12/site-packages/xgboost/core.py:377: FutureWarning: Your system has an old version of glibc (< 2.28). We will stop supporting Linux distros with glibc older than 2.28 after **May 31, 2025**. Please upgrade to a recent Linux distro (with glibc >= 2.28) to use future versions of XGBoost.
Note: You have installed the 'manylinux2014' variant of XGBoost. Certain features such as GPU algorithms or federated learning are not available. To use these features, please upgrade to a recent Linux distro with glibc 2.28+, and install the 'manylinux_2_28' variant.
  warnings.warn(
/data/home/rtabares/anaconda3/envs/pyth3.12/lib/python3.12/site-packages/xgboost/core.py:377: FutureWarning: Your system has an old version of glibc (< 2.28). We will stop supporting Linux distros with glibc older than 2.28 after **May 31, 2025**. Please upgrade to a recent Linux distro (with glibc >= 2.28) to use future versions of XGBoost.
Note: You have installed the 'manylinux2014' variant of XGBoost. Certain features such as GPU algorithms or federated learning are not available. To use these features, please upgrade to a recent Linux distro with glibc 2.28+, and install the 'manylinux_2_28' variant.
  warnings.warn(
