[I 2025-05-18 17:32:42,348] Trial 3 finished with value: 0.9 and parameters: {'n_estimators': 100, 'max_depth': 30, 'gamma': 0.26698751824101463, 'subsample': 0.6215578376567042, 'colsample_bytree': 0.9367004215505623}. Best is trial 1 with value: 0.9.
/data/home/rtabares/anaconda3/envs/pyth3.12/lib/python3.12/site-packages/xgboost/core.py:377: FutureWarning: Your system has an old version of glibc (< 2.28). We will stop supporting Linux distros with glibc older than 2.28 after **May 31, 2025**. Please upgrade to a recent Linux distro (with glibc >= 2.28) to use future versions of XGBoost.
Note: You have installed the 'manylinux2014' variant of XGBoost. Certain features such as GPU algorithms or federated learning are not available. To use these features, please upgrade to a recent Linux distro with glibc 2.28+, and install the 'manylinux_2_28' variant.
  warnings.warn(
/data/home/rtabares/anaconda3/envs/pyth3.12/lib/python3.12/site-packages/xgboost/core.py:377: FutureWarning: Your system has an old version of glibc (< 2.28). We will stop supporting Linux distros with glibc older than 2.28 after **May 31, 2025**. Please upgrade to a recent Linux distro (with glibc >= 2.28) to use future versions of XGBoost.
Note: You have installed the 'manylinux2014' variant of XGBoost. Certain features such as GPU algorithms or federated learning are not available. To use these features, please upgrade to a recent Linux distro with glibc 2.28+, and install the 'manylinux_2_28' variant.
  warnings.warn(
/data/home/rtabares/anaconda3/envs/pyth3.12/lib/python3.12/site-packages/xgboost/core.py:377: FutureWarning: Your system has an old version of glibc (< 2.28). We will stop supporting Linux distros with glibc older than 2.28 after **May 31, 2025**. Please upgrade to a recent Linux distro (with glibc >= 2.28) to use future versions of XGBoost.
Note: You have installed the 'manylinux2014' variant of XGBoost. Certain features such as GPU algorithms or federated learning are not available. To use these features, please upgrade to a recent Linux distro with glibc 2.28+, and install the 'manylinux_2_28' variant.
  warnings.warn(
[I 2025-05-18 17:32:42,395] Trial 4 finished with value: 0.9333333333333333 and parameters: {'n_estimators': 10, 'max_depth': 20, 'gamma': 0.5301766121845122, 'subsample': 0.7177777323831729, 'colsample_bytree': 0.9352041482132656}. Best is trial 4 with value: 0.9333333333333333.
/data/home/rtabares/anaconda3/envs/pyth3.12/lib/python3.12/site-packages/xgboost/core.py:377: FutureWarning: Your system has an old version of glibc (< 2.28). We will stop supporting Linux distros with glibc older than 2.28 after **May 31, 2025**. Please upgrade to a recent Linux distro (with glibc >= 2.28) to use future versions of XGBoost.
Note: You have installed the 'manylinux2014' variant of XGBoost. Certain features such as GPU algorithms or federated learning are not available. To use these features, please upgrade to a recent Linux distro with glibc 2.28+, and install the 'manylinux_2_28' variant.
  warnings.warn(
/data/home/rtabares/anaconda3/envs/pyth3.12/lib/python3.12/site-packages/xgboost/core.py:377: FutureWarning: Your system has an old version of glibc (< 2.28). We will stop supporting Linux distros with glibc older than 2.28 after **May 31, 2025**. Please upgrade to a recent Linux distro (with glibc >= 2.28) to use future versions of XGBoost.
Note: You have installed the 'manylinux2014' variant of XGBoost. Certain features such as GPU algorithms or federated learning are not available. To use these features, please upgrade to a recent Linux distro with glibc 2.28+, and install the 'manylinux_2_28' variant.
  warnings.warn(
/data/home/rtabares/anaconda3/envs/pyth3.12/lib/python3.12/site-packages/xgboost/core.py:377: FutureWarning: Your system has an old version of glibc (< 2.28). We will stop supporting Linux distros with glibc older than 2.28 after **May 31, 2025**. Please upgrade to a recent Linux distro (with glibc >= 2.28) to use future versions of XGBoost.
Note: You have installed the 'manylinux2014' variant of XGBoost. Certain features such as GPU algorithms or federated learning are not available. To use these features, please upgrade to a recent Linux distro with glibc 2.28+, and install the 'manylinux_2_28' variant.
  warnings.warn(
[I 2025-05-18 17:32:42,452] Trial 5 finished with value: 0.875 and parameters: {'n_estimators': 100, 'max_depth': 5, 'gamma': 0.6742485862456464, 'subsample': 0.7308488312353485, 'colsample_bytree': 0.5265297122426965}. Best is trial 4 with value: 0.9333333333333333.
/data/home/rtabares/anaconda3/envs/pyth3.12/lib/python3.12/site-packages/xgboost/core.py:377: FutureWarning: Your system has an old version of glibc (< 2.28). We will stop supporting Linux distros with glibc older than 2.28 after **May 31, 2025**. Please upgrade to a recent Linux distro (with glibc >= 2.28) to use future versions of XGBoost.
Note: You have installed the 'manylinux2014' variant of XGBoost. Certain features such as GPU algorithms or federated learning are not available. To use these features, please upgrade to a recent Linux distro with glibc 2.28+, and install the 'manylinux_2_28' variant.
  warnings.warn(
/data/home/rtabares/anaconda3/envs/pyth3.12/lib/python3.12/site-packages/xgboost/core.py:377: FutureWarning: Your system has an old version of glibc (< 2.28). We will stop supporting Linux distros with glibc older than 2.28 after **May 31, 2025**. Please upgrade to a recent Linux distro (with glibc >= 2.28) to use future versions of XGBoost.
Note: You have installed the 'manylinux2014' variant of XGBoost. Certain features such as GPU algorithms or federated learning are not available. To use these features, please upgrade to a recent Linux distro with glibc 2.28+, and install the 'manylinux_2_28' variant.
  warnings.warn(
/data/home/rtabares/anaconda3/envs/pyth3.12/lib/python3.12/site-packages/xgboost/core.py:377: FutureWarning: Your system has an old version of glibc (< 2.28). We will stop supporting Linux distros with glibc older than 2.28 after **May 31, 2025**. Please upgrade to a recent Linux distro (with glibc >= 2.28) to use future versions of XGBoost.
Note: You have installed the 'manylinux2014' variant of XGBoost. Certain features such as GPU algorithms or federated learning are not available. To use these features, please upgrade to a recent Linux distro with glibc 2.28+, and install the 'manylinux_2_28' variant.
  warnings.warn(
[I 2025-05-18 17:32:42,519] Trial 6 finished with value: 0.875 and parameters: {'n_estimators': 100, 'max_depth': 30, 'gamma': 0.5360486096375219, 'subsample': 0.8488681925618888, 'colsample_bytree': 0.900578215847843}. Best is trial 4 with value: 0.9333333333333333.
/data/home/rtabares/anaconda3/envs/pyth3.12/lib/python3.12/site-packages/xgboost/core.py:377: FutureWarning: Your system has an old version of glibc (< 2.28). We will stop supporting Linux distros with glibc older than 2.28 after **May 31, 2025**. Please upgrade to a recent Linux distro (with glibc >= 2.28) to use future versions of XGBoost.
Note: You have installed the 'manylinux2014' variant of XGBoost. Certain features such as GPU algorithms or federated learning are not available. To use these features, please upgrade to a recent Linux distro with glibc 2.28+, and install the 'manylinux_2_28' variant.
  warnings.warn(
[I 2025-05-18 17:32:42,566] Trial 7 finished with value: 0.9 and parameters: {'n_estimators': 40, 'max_depth': 5, 'gamma': 0.4997010655396419, 'subsample': 0.7490698051808964, 'colsample_bytree': 0.7071731623998108}. Best is trial 4 with value: 0.9333333333333333.
/data/home/rtabares/anaconda3/envs/pyth3.12/lib/python3.12/site-packages/xgboost/core.py:377: FutureWarning: Your system has an old version of glibc (< 2.28). We will stop supporting Linux distros with glibc older than 2.28 after **May 31, 2025**. Please upgrade to a recent Linux distro (with glibc >= 2.28) to use future versions of XGBoost.
Note: You have installed the 'manylinux2014' variant of XGBoost. Certain features such as GPU algorithms or federated learning are not available. To use these features, please upgrade to a recent Linux distro with glibc 2.28+, and install the 'manylinux_2_28' variant.
  warnings.warn(
/data/home/rtabares/anaconda3/envs/pyth3.12/lib/python3.12/site-packages/xgboost/core.py:377: FutureWarning: Your system has an old version of glibc (< 2.28). We will stop supporting Linux distros with glibc older than 2.28 after **May 31, 2025**. Please upgrade to a recent Linux distro (with glibc >= 2.28) to use future versions of XGBoost.
Note: You have installed the 'manylinux2014' variant of XGBoost. Certain features such as GPU algorithms or federated learning are not available. To use these features, please upgrade to a recent Linux distro with glibc 2.28+, and install the 'manylinux_2_28' variant.
  warnings.warn(
/data/home/rtabares/anaconda3/envs/pyth3.12/lib/python3.12/site-packages/xgboost/core.py:377: FutureWarning: Your system has an old version of glibc (< 2.28). We will stop supporting Linux distros with glibc older than 2.28 after **May 31, 2025**. Please upgrade to a recent Linux distro (with glibc >= 2.28) to use future versions of XGBoost.
Note: You have installed the 'manylinux2014' variant of XGBoost. Certain features such as GPU algorithms or federated learning are not available. To use these features, please upgrade to a recent Linux distro with glibc 2.28+, and install the 'manylinux_2_28' variant.
  warnings.warn(
/data/home/rtabares/anaconda3/envs/pyth3.12/lib/python3.12/site-packages/xgboost/core.py:377: FutureWarning: Your system has an old version of glibc (< 2.28). We will stop supporting Linux distros with glibc older than 2.28 after **May 31, 2025**. Please upgrade to a recent Linux distro (with glibc >= 2.28) to use future versions of XGBoost.
Note: You have installed the 'manylinux2014' variant of XGBoost. Certain features such as GPU algorithms or federated learning are not available. To use these features, please upgrade to a recent Linux distro with glibc 2.28+, and install the 'manylinux_2_28' variant.
  warnings.warn(
[I 2025-05-18 17:32:42,624] Trial 8 finished with value: 0.875 and parameters: {'n_estimators': 100, 'max_depth': 5, 'gamma': 0.5449029446194361, 'subsample': 0.7150234071055932, 'colsample_bytree': 0.8673829085180849}. Best is trial 4 with value: 0.9333333333333333.
/data/home/rtabares/anaconda3/envs/pyth3.12/lib/python3.12/site-packages/xgboost/core.py:377: FutureWarning: Your system has an old version of glibc (< 2.28). We will stop supporting Linux distros with glibc older than 2.28 after **May 31, 2025**. Please upgrade to a recent Linux distro (with glibc >= 2.28) to use future versions of XGBoost.
Note: You have installed the 'manylinux2014' variant of XGBoost. Certain features such as GPU algorithms or federated learning are not available. To use these features, please upgrade to a recent Linux distro with glibc 2.28+, and install the 'manylinux_2_28' variant.
  warnings.warn(
/data/home/rtabares/anaconda3/envs/pyth3.12/lib/python3.12/site-packages/xgboost/core.py:377: FutureWarning: Your system has an old version of glibc (< 2.28). We will stop supporting Linux distros with glibc older than 2.28 after **May 31, 2025**. Please upgrade to a recent Linux distro (with glibc >= 2.28) to use future versions of XGBoost.
Note: You have installed the 'manylinux2014' variant of XGBoost. Certain features such as GPU algorithms or federated learning are not available. To use these features, please upgrade to a recent Linux distro with glibc 2.28+, and install the 'manylinux_2_28' variant.
  warnings.warn(
[I 2025-05-18 17:32:42,684] Trial 9 finished with value: 0.875 and parameters: {'n_estimators': 100, 'max_depth': 30, 'gamma': 0.5427360453562716, 'subsample': 0.5915763668266103, 'colsample_bytree': 0.5546552575823498}. Best is trial 4 with value: 0.9333333333333333.
/data/home/rtabares/anaconda3/envs/pyth3.12/lib/python3.12/site-packages/xgboost/core.py:377: FutureWarning: Your system has an old version of glibc (< 2.28). We will stop supporting Linux distros with glibc older than 2.28 after **May 31, 2025**. Please upgrade to a recent Linux distro (with glibc >= 2.28) to use future versions of XGBoost.
Note: You have installed the 'manylinux2014' variant of XGBoost. Certain features such as GPU algorithms or federated learning are not available. To use these features, please upgrade to a recent Linux distro with glibc 2.28+, and install the 'manylinux_2_28' variant.
  warnings.warn(
/data/home/rtabares/anaconda3/envs/pyth3.12/lib/python3.12/site-packages/xgboost/core.py:377: FutureWarning: Your system has an old version of glibc (< 2.28). We will stop supporting Linux distros with glibc older than 2.28 after **May 31, 2025**. Please upgrade to a recent Linux distro (with glibc >= 2.28) to use future versions of XGBoost.
Note: You have installed the 'manylinux2014' variant of XGBoost. Certain features such as GPU algorithms or federated learning are not available. To use these features, please upgrade to a recent Linux distro with glibc 2.28+, and install the 'manylinux_2_28' variant.
  warnings.warn(
/data/home/rtabares/anaconda3/envs/pyth3.12/lib/python3.12/site-packages/xgboost/core.py:377: FutureWarning: Your system has an old version of glibc (< 2.28). We will stop supporting Linux distros with glibc older than 2.28 after **May 31, 2025**. Please upgrade to a recent Linux distro (with glibc >= 2.28) to use future versions of XGBoost.
Note: You have installed the 'manylinux2014' variant of XGBoost. Certain features such as GPU algorithms or federated learning are not available. To use these features, please upgrade to a recent Linux distro with glibc 2.28+, and install the 'manylinux_2_28' variant.
  warnings.warn(
/data/home/rtabares/anaconda3/envs/pyth3.12/lib/python3.12/site-packages/xgboost/core.py:377: FutureWarning: Your system has an old version of glibc (< 2.28). We will stop supporting Linux distros with glibc older than 2.28 after **May 31, 2025**. Please upgrade to a recent Linux distro (with glibc >= 2.28) to use future versions of XGBoost.
Note: You have installed the 'manylinux2014' variant of XGBoost. Certain features such as GPU algorithms or federated learning are not available. To use these features, please upgrade to a recent Linux distro with glibc 2.28+, and install the 'manylinux_2_28' variant.
  warnings.warn(
[I 2025-05-18 17:32:56,671] A new study created in memory with name: rf
Parámetros guardados en checkpoint_shoppers_Doriginal_F/ag/IPC_17/best_models_ag_seed_9_space_original/xgb_best_params.json


>>> Optuna tuning rf metodo ag IPC 17 seed 9


[I 2025-05-18 17:32:59,730] Trial 0 finished with value: 0.825 and parameters: {'n_estimators': 104, 'max_depth': 12, 'min_samples_split': 6, 'min_samples_leaf': 2}. Best is trial 0 with value: 0.825.
[I 2025-05-18 17:33:01,196] Trial 1 finished with value: 0.85 and parameters: {'n_estimators': 156, 'max_depth': 6, 'min_samples_split': 5, 'min_samples_leaf': 3}. Best is trial 1 with value: 0.85.
[I 2025-05-18 17:33:02,158] Trial 2 finished with value: 0.825 and parameters: {'n_estimators': 133, 'max_depth': 9, 'min_samples_split': 3, 'min_samples_leaf': 9}. Best is trial 1 with value: 0.85.
[I 2025-05-18 17:33:02,757] Trial 3 finished with value: 0.825 and parameters: {'n_estimators': 481, 'max_depth': 3, 'min_samples_split': 8, 'min_samples_leaf': 6}. Best is trial 1 with value: 0.85.
[I 2025-05-18 17:33:03,345] Trial 4 finished with value: 0.8583333333333332 and parameters: {'n_estimators': 460, 'max_depth': 15, 'min_samples_split': 6, 'min_samples_leaf': 8}. Best is trial 4 with value: 0.8583333333333332.
[I 2025-05-18 17:33:03,835] Trial 5 finished with value: 0.8833333333333332 and parameters: {'n_estimators': 254, 'max_depth': 15, 'min_samples_split': 9, 'min_samples_leaf': 5}. Best is trial 5 with value: 0.8833333333333332.
[I 2025-05-18 17:33:04,417] Trial 6 finished with value: 0.825 and parameters: {'n_estimators': 477, 'max_depth': 17, 'min_samples_split': 10, 'min_samples_leaf': 2}. Best is trial 5 with value: 0.8833333333333332.
[I 2025-05-18 17:33:04,796] Trial 7 finished with value: 0.8583333333333332 and parameters: {'n_estimators': 308, 'max_depth': 20, 'min_samples_split': 7, 'min_samples_leaf': 9}. Best is trial 5 with value: 0.8833333333333332.
[I 2025-05-18 17:33:05,362] Trial 8 finished with value: 0.85 and parameters: {'n_estimators': 489, 'max_depth': 6, 'min_samples_split': 4, 'min_samples_leaf': 9}. Best is trial 5 with value: 0.8833333333333332.
[I 2025-05-18 17:33:05,955] Trial 9 finished with value: 0.825 and parameters: {'n_estimators': 463, 'max_depth': 16, 'min_samples_split': 5, 'min_samples_leaf': 5}. Best is trial 5 with value: 0.8833333333333332.
[I 2025-05-18 17:33:11,350] A new study created in memory with name: svc
Parámetros guardados en checkpoint_shoppers_Doriginal_F/ag/IPC_17/best_models_ag_seed_9_space_original/rf_best_params.json


>>> Optuna tuning svc metodo ag IPC 17 seed 9


[I 2025-05-18 17:33:13,945] Trial 0 finished with value: 0.5 and parameters: {'C': 0.011002632709098882, 'gamma': 0.010174155443038872}. Best is trial 0 with value: 0.5.
[I 2025-05-18 17:33:15,151] Trial 1 finished with value: 0.5 and parameters: {'C': 0.9618186025955839, 'gamma': 0.00034301895208247704}. Best is trial 0 with value: 0.5.
[I 2025-05-18 17:33:15,165] Trial 2 finished with value: 0.5 and parameters: {'C': 0.03702067575132929, 'gamma': 0.0007485739374074099}. Best is trial 0 with value: 0.5.
[I 2025-05-18 17:33:15,179] Trial 3 finished with value: 0.5 and parameters: {'C': 0.47209861032825945, 'gamma': 0.0009826631576890102}. Best is trial 0 with value: 0.5.
[I 2025-05-18 17:33:15,192] Trial 4 finished with value: 0.5 and parameters: {'C': 0.021688953850108893, 'gamma': 0.0024098752433673273}. Best is trial 0 with value: 0.5.
[I 2025-05-18 17:33:15,206] Trial 5 finished with value: 0.4666666666666667 and parameters: {'C': 0.04646280084231645, 'gamma': 0.3267656089424253}. Best is trial 0 with value: 0.5.
[I 2025-05-18 17:33:15,221] Trial 6 finished with value: 0.6416666666666666 and parameters: {'C': 63.65845976154302, 'gamma': 0.00014288725836502733}. Best is trial 6 with value: 0.6416666666666666.
[I 2025-05-18 17:33:15,234] Trial 7 finished with value: 0.5083333333333333 and parameters: {'C': 6.257913640897913, 'gamma': 0.01954516145303057}. Best is trial 6 with value: 0.6416666666666666.
[I 2025-05-18 17:33:15,248] Trial 8 finished with value: 0.6666666666666665 and parameters: {'C': 39.08665206604184, 'gamma': 0.04651530700450706}. Best is trial 8 with value: 0.6666666666666665.
[I 2025-05-18 17:33:15,263] Trial 9 finished with value: 0.5 and parameters: {'C': 1.553642640603634, 'gamma': 0.06452227863024562}. Best is trial 8 with value: 0.6666666666666665.
[I 2025-05-18 17:33:22,359] A new study created in memory with name: logreg
Parámetros guardados en checkpoint_shoppers_Doriginal_F/ag/IPC_17/best_models_ag_seed_9_space_original/svc_best_params.json


>>> Optuna tuning logreg metodo ag IPC 17 seed 9


[I 2025-05-18 17:33:23,850] Trial 0 finished with value: 0.5833333333333333 and parameters: {'C': 0.0011268620922535318, 'penalty': 'l2'}. Best is trial 0 with value: 0.5833333333333333.
[I 2025-05-18 17:33:24,742] Trial 1 finished with value: 0.7583333333333333 and parameters: {'C': 0.32312678588710475, 'penalty': 'l2'}. Best is trial 1 with value: 0.7583333333333333.
[I 2025-05-18 17:33:25,503] Trial 2 finished with value: 0.7583333333333333 and parameters: {'C': 0.3012079745112611, 'penalty': 'l2'}. Best is trial 1 with value: 0.7583333333333333.
[I 2025-05-18 17:33:25,517] Trial 3 finished with value: 0.6833333333333333 and parameters: {'C': 0.004668180550042529, 'penalty': 'l2'}. Best is trial 1 with value: 0.7583333333333333.
[I 2025-05-18 17:33:25,531] Trial 4 finished with value: 0.6833333333333333 and parameters: {'C': 0.005135177115384908, 'penalty': 'l2'}. Best is trial 1 with value: 0.7583333333333333.
[I 2025-05-18 17:33:25,545] Trial 5 finished with value: 0.7249999999999999 and parameters: {'C': 0.01238207351349697, 'penalty': 'l2'}. Best is trial 1 with value: 0.7583333333333333.
[I 2025-05-18 17:33:25,559] Trial 6 finished with value: 0.6916666666666667 and parameters: {'C': 0.12374877330306278, 'penalty': 'l2'}. Best is trial 1 with value: 0.7583333333333333.
[I 2025-05-18 17:33:25,573] Trial 7 finished with value: 0.7249999999999999 and parameters: {'C': 0.017398261017749217, 'penalty': 'l2'}. Best is trial 1 with value: 0.7583333333333333.
[I 2025-05-18 17:33:25,598] Trial 8 finished with value: 0.675 and parameters: {'C': 0.002632074973627294, 'penalty': 'l2'}. Best is trial 1 with value: 0.7583333333333333.
