[I 2025-05-18 17:47:28,763] Trial 8 finished with value: 0.9933050847457627 and parameters: {'n_estimators': 100, 'max_depth': 20, 'gamma': 0.6251497693480509, 'subsample': 0.9696496759824258, 'colsample_bytree': 0.9717700410079397}. Best is trial 1 with value: 0.9949717514124294.
/data/home/rtabares/anaconda3/envs/pyth3.12/lib/python3.12/site-packages/xgboost/core.py:377: FutureWarning: Your system has an old version of glibc (< 2.28). We will stop supporting Linux distros with glibc older than 2.28 after **May 31, 2025**. Please upgrade to a recent Linux distro (with glibc >= 2.28) to use future versions of XGBoost.
Note: You have installed the 'manylinux2014' variant of XGBoost. Certain features such as GPU algorithms or federated learning are not available. To use these features, please upgrade to a recent Linux distro with glibc 2.28+, and install the 'manylinux_2_28' variant.
  warnings.warn(
/data/home/rtabares/anaconda3/envs/pyth3.12/lib/python3.12/site-packages/xgboost/core.py:377: FutureWarning: Your system has an old version of glibc (< 2.28). We will stop supporting Linux distros with glibc older than 2.28 after **May 31, 2025**. Please upgrade to a recent Linux distro (with glibc >= 2.28) to use future versions of XGBoost.
Note: You have installed the 'manylinux2014' variant of XGBoost. Certain features such as GPU algorithms or federated learning are not available. To use these features, please upgrade to a recent Linux distro with glibc 2.28+, and install the 'manylinux_2_28' variant.
  warnings.warn(
/data/home/rtabares/anaconda3/envs/pyth3.12/lib/python3.12/site-packages/xgboost/core.py:377: FutureWarning: Your system has an old version of glibc (< 2.28). We will stop supporting Linux distros with glibc older than 2.28 after **May 31, 2025**. Please upgrade to a recent Linux distro (with glibc >= 2.28) to use future versions of XGBoost.
Note: You have installed the 'manylinux2014' variant of XGBoost. Certain features such as GPU algorithms or federated learning are not available. To use these features, please upgrade to a recent Linux distro with glibc 2.28+, and install the 'manylinux_2_28' variant.
  warnings.warn(
[I 2025-05-18 17:47:28,904] Trial 9 finished with value: 0.991638418079096 and parameters: {'n_estimators': 40, 'max_depth': 30, 'gamma': 0.9649927737686168, 'subsample': 0.6857563076640036, 'colsample_bytree': 0.5061847058001788}. Best is trial 1 with value: 0.9949717514124294.
/data/home/rtabares/anaconda3/envs/pyth3.12/lib/python3.12/site-packages/xgboost/core.py:377: FutureWarning: Your system has an old version of glibc (< 2.28). We will stop supporting Linux distros with glibc older than 2.28 after **May 31, 2025**. Please upgrade to a recent Linux distro (with glibc >= 2.28) to use future versions of XGBoost.
Note: You have installed the 'manylinux2014' variant of XGBoost. Certain features such as GPU algorithms or federated learning are not available. To use these features, please upgrade to a recent Linux distro with glibc 2.28+, and install the 'manylinux_2_28' variant.
  warnings.warn(
/data/home/rtabares/anaconda3/envs/pyth3.12/lib/python3.12/site-packages/xgboost/core.py:377: FutureWarning: Your system has an old version of glibc (< 2.28). We will stop supporting Linux distros with glibc older than 2.28 after **May 31, 2025**. Please upgrade to a recent Linux distro (with glibc >= 2.28) to use future versions of XGBoost.
Note: You have installed the 'manylinux2014' variant of XGBoost. Certain features such as GPU algorithms or federated learning are not available. To use these features, please upgrade to a recent Linux distro with glibc 2.28+, and install the 'manylinux_2_28' variant.
  warnings.warn(
/data/home/rtabares/anaconda3/envs/pyth3.12/lib/python3.12/site-packages/xgboost/core.py:377: FutureWarning: Your system has an old version of glibc (< 2.28). We will stop supporting Linux distros with glibc older than 2.28 after **May 31, 2025**. Please upgrade to a recent Linux distro (with glibc >= 2.28) to use future versions of XGBoost.
Note: You have installed the 'manylinux2014' variant of XGBoost. Certain features such as GPU algorithms or federated learning are not available. To use these features, please upgrade to a recent Linux distro with glibc 2.28+, and install the 'manylinux_2_28' variant.
  warnings.warn(
/data/home/rtabares/anaconda3/envs/pyth3.12/lib/python3.12/site-packages/xgboost/core.py:377: FutureWarning: Your system has an old version of glibc (< 2.28). We will stop supporting Linux distros with glibc older than 2.28 after **May 31, 2025**. Please upgrade to a recent Linux distro (with glibc >= 2.28) to use future versions of XGBoost.
Note: You have installed the 'manylinux2014' variant of XGBoost. Certain features such as GPU algorithms or federated learning are not available. To use these features, please upgrade to a recent Linux distro with glibc 2.28+, and install the 'manylinux_2_28' variant.
  warnings.warn(
[I 2025-05-18 17:48:20,884] A new study created in memory with name: rf
Parámetros guardados en checkpoint_default_Doriginal_H/lc/IPC_298/best_models_lc_seed_5_space_original/xgb_best_params.json


>>> Optuna tuning rf metodo lc IPC 298 seed 5


[I 2025-05-18 17:48:23,391] Trial 0 finished with value: 0.9866101694915255 and parameters: {'n_estimators': 189, 'max_depth': 18, 'min_samples_split': 3, 'min_samples_leaf': 10}. Best is trial 0 with value: 0.9866101694915255.
[I 2025-05-18 17:48:25,003] Trial 1 finished with value: 0.9899435028248588 and parameters: {'n_estimators': 295, 'max_depth': 14, 'min_samples_split': 8, 'min_samples_leaf': 6}. Best is trial 1 with value: 0.9899435028248588.
[I 2025-05-18 17:48:26,061] Trial 2 finished with value: 0.9883333333333333 and parameters: {'n_estimators': 219, 'max_depth': 6, 'min_samples_split': 2, 'min_samples_leaf': 8}. Best is trial 1 with value: 0.9899435028248588.
[I 2025-05-18 17:48:27,372] Trial 3 finished with value: 0.9899435028248588 and parameters: {'n_estimators': 276, 'max_depth': 5, 'min_samples_split': 9, 'min_samples_leaf': 3}. Best is trial 1 with value: 0.9899435028248588.
[I 2025-05-18 17:48:27,832] Trial 4 finished with value: 0.991638418079096 and parameters: {'n_estimators': 266, 'max_depth': 8, 'min_samples_split': 7, 'min_samples_leaf': 6}. Best is trial 4 with value: 0.991638418079096.
[I 2025-05-18 17:48:28,444] Trial 5 finished with value: 0.991638418079096 and parameters: {'n_estimators': 340, 'max_depth': 7, 'min_samples_split': 4, 'min_samples_leaf': 3}. Best is trial 4 with value: 0.991638418079096.
[I 2025-05-18 17:48:28,888] Trial 6 finished with value: 0.9866101694915255 and parameters: {'n_estimators': 231, 'max_depth': 5, 'min_samples_split': 3, 'min_samples_leaf': 10}. Best is trial 4 with value: 0.991638418079096.
[I 2025-05-18 17:48:29,792] Trial 7 finished with value: 0.991638418079096 and parameters: {'n_estimators': 485, 'max_depth': 6, 'min_samples_split': 2, 'min_samples_leaf': 3}. Best is trial 4 with value: 0.991638418079096.
[I 2025-05-18 17:48:30,488] Trial 8 finished with value: 0.991638418079096 and parameters: {'n_estimators': 380, 'max_depth': 17, 'min_samples_split': 2, 'min_samples_leaf': 6}. Best is trial 4 with value: 0.991638418079096.
[I 2025-05-18 17:48:30,759] Trial 9 finished with value: 0.9883050847457628 and parameters: {'n_estimators': 100, 'max_depth': 12, 'min_samples_split': 7, 'min_samples_leaf': 10}. Best is trial 4 with value: 0.991638418079096.
[I 2025-05-18 17:48:35,236] A new study created in memory with name: svc
Parámetros guardados en checkpoint_default_Doriginal_H/lc/IPC_298/best_models_lc_seed_5_space_original/rf_best_params.json


>>> Optuna tuning svc metodo lc IPC 298 seed 5


[I 2025-05-18 17:48:38,150] Trial 0 finished with value: 0.8381638418079096 and parameters: {'C': 0.07726319876517104, 'gamma': 0.3040389504793042}. Best is trial 0 with value: 0.8381638418079096.
[I 2025-05-18 17:48:39,181] Trial 1 finished with value: 0.5483333333333333 and parameters: {'C': 0.06712381339142241, 'gamma': 0.47254549996710477}. Best is trial 0 with value: 0.8381638418079096.
[I 2025-05-18 17:48:39,976] Trial 2 finished with value: 0.9915819209039547 and parameters: {'C': 0.8987621100554035, 'gamma': 0.027988231123708972}. Best is trial 2 with value: 0.9915819209039547.
[I 2025-05-18 17:48:40,033] Trial 3 finished with value: 0.9932485875706215 and parameters: {'C': 11.5779435007655, 'gamma': 0.011848734045499056}. Best is trial 3 with value: 0.9932485875706215.
[I 2025-05-18 17:48:40,195] Trial 4 finished with value: 0.5759322033898304 and parameters: {'C': 0.1538870258903583, 'gamma': 0.0005634883151169033}. Best is trial 3 with value: 0.9932485875706215.
[I 2025-05-18 17:48:40,344] Trial 5 finished with value: 0.8830790960451976 and parameters: {'C': 0.021036092656561454, 'gamma': 0.08990030906808326}. Best is trial 3 with value: 0.9932485875706215.
[I 2025-05-18 17:48:40,481] Trial 6 finished with value: 0.7801694915254237 and parameters: {'C': 0.5824208201678516, 'gamma': 0.00042977333932534993}. Best is trial 3 with value: 0.9932485875706215.
[I 2025-05-18 17:48:40,532] Trial 7 finished with value: 1.0 and parameters: {'C': 33.09391330085814, 'gamma': 0.001248377256719358}. Best is trial 7 with value: 1.0.
[I 2025-05-18 17:48:40,657] Trial 8 finished with value: 0.9580225988700566 and parameters: {'C': 0.45387898639622015, 'gamma': 0.0015286910781809498}. Best is trial 7 with value: 1.0.
[I 2025-05-18 17:48:40,725] Trial 9 finished with value: 0.9899152542372882 and parameters: {'C': 3.274550070431994, 'gamma': 0.02086177421469992}. Best is trial 7 with value: 1.0.
[I 2025-05-18 17:48:46,036] A new study created in memory with name: logreg
Parámetros guardados en checkpoint_default_Doriginal_H/lc/IPC_298/best_models_lc_seed_5_space_original/svc_best_params.json


>>> Optuna tuning logreg metodo lc IPC 298 seed 5


[I 2025-05-18 17:48:47,451] Trial 0 finished with value: 0.9765254237288137 and parameters: {'C': 0.012881482725481003, 'penalty': 'l2'}. Best is trial 0 with value: 0.9765254237288137.
[I 2025-05-18 17:48:48,343] Trial 1 finished with value: 1.0 and parameters: {'C': 22.576755560681583, 'penalty': 'l2'}. Best is trial 1 with value: 1.0.
[I 2025-05-18 17:48:48,369] Trial 2 finished with value: 0.9748305084745763 and parameters: {'C': 0.010804278656839932, 'penalty': 'l2'}. Best is trial 1 with value: 1.0.
[I 2025-05-18 17:48:49,145] Trial 3 finished with value: 1.0 and parameters: {'C': 39.17910760336117, 'penalty': 'l2'}. Best is trial 1 with value: 1.0.
[I 2025-05-18 17:48:49,170] Trial 4 finished with value: 0.9966666666666667 and parameters: {'C': 0.2767298094062571, 'penalty': 'l2'}. Best is trial 1 with value: 1.0.
[I 2025-05-18 17:48:49,195] Trial 5 finished with value: 1.0 and parameters: {'C': 1.1447728330837224, 'penalty': 'l2'}. Best is trial 1 with value: 1.0.
[I 2025-05-18 17:48:49,220] Trial 6 finished with value: 1.0 and parameters: {'C': 6.753661388238877, 'penalty': 'l2'}. Best is trial 1 with value: 1.0.
[I 2025-05-18 17:48:49,245] Trial 7 finished with value: 1.0 and parameters: {'C': 0.39092184460352974, 'penalty': 'l2'}. Best is trial 1 with value: 1.0.
[I 2025-05-18 17:48:49,271] Trial 8 finished with value: 0.9899717514124294 and parameters: {'C': 0.03047912590082646, 'penalty': 'l2'}. Best is trial 1 with value: 1.0.
[I 2025-05-18 17:48:49,296] Trial 9 finished with value: 0.9731638418079095 and parameters: {'C': 0.008681727362499118, 'penalty': 'l2'}. Best is trial 1 with value: 1.0.
[I 2025-05-18 17:48:54,290] A new study created in memory with name: mlp
Parámetros guardados en checkpoint_default_Doriginal_H/lc/IPC_298/best_models_lc_seed_5_space_original/logreg_best_params.json


>>> Optuna tuning mlp metodo lc IPC 298 seed 5


/data/home/rtabares/anaconda3/envs/pyth3.12/lib/python3.12/site-packages/sklearn/neural_network/_multilayer_perceptron.py:691: ConvergenceWarning: Stochastic Optimizer: Maximum iterations (50) reached and the optimization hasn't converged yet.
  warnings.warn(
/data/home/rtabares/anaconda3/envs/pyth3.12/lib/python3.12/site-packages/sklearn/neural_network/_multilayer_perceptron.py:691: ConvergenceWarning: Stochastic Optimizer: Maximum iterations (50) reached and the optimization hasn't converged yet.
  warnings.warn(
/data/home/rtabares/anaconda3/envs/pyth3.12/lib/python3.12/site-packages/sklearn/neural_network/_multilayer_perceptron.py:691: ConvergenceWarning: Stochastic Optimizer: Maximum iterations (50) reached and the optimization hasn't converged yet.
  warnings.warn(
/data/home/rtabares/anaconda3/envs/pyth3.12/lib/python3.12/site-packages/sklearn/neural_network/_multilayer_perceptron.py:691: ConvergenceWarning: Stochastic Optimizer: Maximum iterations (50) reached and the optimization hasn't converged yet.
  warnings.warn(
[I 2025-05-18 17:48:55,274] Trial 0 finished with value: 0.996638418079096 and parameters: {'hidden_layer_sizes': (200,), 'max_iter': 50, 'alpha': 0.001}. Best is trial 0 with value: 0.996638418079096.
/data/home/rtabares/anaconda3/envs/pyth3.12/lib/python3.12/site-packages/sklearn/neural_network/_multilayer_perceptron.py:691: ConvergenceWarning: Stochastic Optimizer: Maximum iterations (100) reached and the optimization hasn't converged yet.
  warnings.warn(
/data/home/rtabares/anaconda3/envs/pyth3.12/lib/python3.12/site-packages/sklearn/neural_network/_multilayer_perceptron.py:691: ConvergenceWarning: Stochastic Optimizer: Maximum iterations (100) reached and the optimization hasn't converged yet.
  warnings.warn(
/data/home/rtabares/anaconda3/envs/pyth3.12/lib/python3.12/site-packages/sklearn/neural_network/_multilayer_perceptron.py:691: ConvergenceWarning: Stochastic Optimizer: Maximum iterations (100) reached and the optimization hasn't converged yet.
  warnings.warn(
/data/home/rtabares/anaconda3/envs/pyth3.12/lib/python3.12/site-packages/sklearn/neural_network/_multilayer_perceptron.py:691: ConvergenceWarning: Stochastic Optimizer: Maximum iterations (100) reached and the optimization hasn't converged yet.
  warnings.warn(
/data/home/rtabares/anaconda3/envs/pyth3.12/lib/python3.12/site-packages/sklearn/neural_network/_multilayer_perceptron.py:691: ConvergenceWarning: Stochastic Optimizer: Maximum iterations (100) reached and the optimization hasn't converged yet.
  warnings.warn(
[I 2025-05-18 17:48:56,290] Trial 1 finished with value: 0.996638418079096 and parameters: {'hidden_layer_sizes': (100,), 'max_iter': 100, 'alpha': 0.0001}. Best is trial 0 with value: 0.996638418079096.
/data/home/rtabares/anaconda3/envs/pyth3.12/lib/python3.12/site-packages/sklearn/neural_network/_multilayer_perceptron.py:691: ConvergenceWarning: Stochastic Optimizer: Maximum iterations (100) reached and the optimization hasn't converged yet.
  warnings.warn(
/data/home/rtabares/anaconda3/envs/pyth3.12/lib/python3.12/site-packages/sklearn/neural_network/_multilayer_perceptron.py:691: ConvergenceWarning: Stochastic Optimizer: Maximum iterations (100) reached and the optimization hasn't converged yet.
  warnings.warn(
/data/home/rtabares/anaconda3/envs/pyth3.12/lib/python3.12/site-packages/sklearn/neural_network/_multilayer_perceptron.py:691: ConvergenceWarning: Stochastic Optimizer: Maximum iterations (100) reached and the optimization hasn't converged yet.
  warnings.warn(
/data/home/rtabares/anaconda3/envs/pyth3.12/lib/python3.12/site-packages/sklearn/neural_network/_multilayer_perceptron.py:691: ConvergenceWarning: Stochastic Optimizer: Maximum iterations (100) reached and the optimization hasn't converged yet.
  warnings.warn(
/data/home/rtabares/anaconda3/envs/pyth3.12/lib/python3.12/site-packages/sklearn/neural_network/_multilayer_perceptron.py:691: ConvergenceWarning: Stochastic Optimizer: Maximum iterations (100) reached and the optimization hasn't converged yet.
  warnings.warn(
[I 2025-05-18 17:48:56,537] Trial 2 finished with value: 0.9983333333333334 and parameters: {'hidden_layer_sizes': (100,), 'max_iter': 100, 'alpha': 0.001}. Best is trial 2 with value: 0.9983333333333334.
/data/home/rtabares/anaconda3/envs/pyth3.12/lib/python3.12/site-packages/sklearn/neural_network/_multilayer_perceptron.py:691: ConvergenceWarning: Stochastic Optimizer: Maximum iterations (50) reached and the optimization hasn't converged yet.
  warnings.warn(
/data/home/rtabares/anaconda3/envs/pyth3.12/lib/python3.12/site-packages/sklearn/neural_network/_multilayer_perceptron.py:691: ConvergenceWarning: Stochastic Optimizer: Maximum iterations (50) reached and the optimization hasn't converged yet.
  warnings.warn(
/data/home/rtabares/anaconda3/envs/pyth3.12/lib/python3.12/site-packages/sklearn/neural_network/_multilayer_perceptron.py:691: ConvergenceWarning: Stochastic Optimizer: Maximum iterations (50) reached and the optimization hasn't converged yet.
  warnings.warn(
/data/home/rtabares/anaconda3/envs/pyth3.12/lib/python3.12/site-packages/sklearn/neural_network/_multilayer_perceptron.py:691: ConvergenceWarning: Stochastic Optimizer: Maximum iterations (50) reached and the optimization hasn't converged yet.
  warnings.warn(
[I 2025-05-18 17:48:56,846] Trial 3 finished with value: 0.996638418079096 and parameters: {'hidden_layer_sizes': (200,), 'max_iter': 50, 'alpha': 0.001}. Best is trial 2 with value: 0.9983333333333334.
/data/home/rtabares/anaconda3/envs/pyth3.12/lib/python3.12/site-packages/sklearn/neural_network/_multilayer_perceptron.py:691: ConvergenceWarning: Stochastic Optimizer: Maximum iterations (100) reached and the optimization hasn't converged yet.
  warnings.warn(
/data/home/rtabares/anaconda3/envs/pyth3.12/lib/python3.12/site-packages/sklearn/neural_network/_multilayer_perceptron.py:691: ConvergenceWarning: Stochastic Optimizer: Maximum iterations (100) reached and the optimization hasn't converged yet.
  warnings.warn(
/data/home/rtabares/anaconda3/envs/pyth3.12/lib/python3.12/site-packages/sklearn/neural_network/_multilayer_perceptron.py:691: ConvergenceWarning: Stochastic Optimizer: Maximum iterations (100) reached and the optimization hasn't converged yet.
  warnings.warn(
/data/home/rtabares/anaconda3/envs/pyth3.12/lib/python3.12/site-packages/sklearn/neural_network/_multilayer_perceptron.py:691: ConvergenceWarning: Stochastic Optimizer: Maximum iterations (100) reached and the optimization hasn't converged yet.
  warnings.warn(
/data/home/rtabares/anaconda3/envs/pyth3.12/lib/python3.12/site-packages/sklearn/neural_network/_multilayer_perceptron.py:691: ConvergenceWarning: Stochastic Optimizer: Maximum iterations (100) reached and the optimization hasn't converged yet.
  warnings.warn(
[I 2025-05-18 17:48:57,263] Trial 4 finished with value: 0.996638418079096 and parameters: {'hidden_layer_sizes': (100,), 'max_iter': 100, 'alpha': 0.0001}. Best is trial 2 with value: 0.9983333333333334.
/data/home/rtabares/anaconda3/envs/pyth3.12/lib/python3.12/site-packages/sklearn/neural_network/_multilayer_perceptron.py:691: ConvergenceWarning: Stochastic Optimizer: Maximum iterations (100) reached and the optimization hasn't converged yet.
  warnings.warn(
/data/home/rtabares/anaconda3/envs/pyth3.12/lib/python3.12/site-packages/sklearn/neural_network/_multilayer_perceptron.py:691: ConvergenceWarning: Stochastic Optimizer: Maximum iterations (100) reached and the optimization hasn't converged yet.
  warnings.warn(
/data/home/rtabares/anaconda3/envs/pyth3.12/lib/python3.12/site-packages/sklearn/neural_network/_multilayer_perceptron.py:691: ConvergenceWarning: Stochastic Optimizer: Maximum iterations (100) reached and the optimization hasn't converged yet.
  warnings.warn(
/data/home/rtabares/anaconda3/envs/pyth3.12/lib/python3.12/site-packages/sklearn/neural_network/_multilayer_perceptron.py:691: ConvergenceWarning: Stochastic Optimizer: Maximum iterations (100) reached and the optimization hasn't converged yet.
  warnings.warn(
[I 2025-05-18 17:48:57,803] Trial 5 finished with value: 0.9983333333333334 and parameters: {'hidden_layer_sizes': (100,), 'max_iter': 100, 'alpha': 0.001}. Best is trial 2 with value: 0.9983333333333334.
/data/home/rtabares/anaconda3/envs/pyth3.12/lib/python3.12/site-packages/sklearn/neural_network/_multilayer_perceptron.py:691: ConvergenceWarning: Stochastic Optimizer: Maximum iterations (100) reached and the optimization hasn't converged yet.
  warnings.warn(
/data/home/rtabares/anaconda3/envs/pyth3.12/lib/python3.12/site-packages/sklearn/neural_network/_multilayer_perceptron.py:691: ConvergenceWarning: Stochastic Optimizer: Maximum iterations (100) reached and the optimization hasn't converged yet.
  warnings.warn(
[I 2025-05-18 17:48:58,523] Trial 6 finished with value: 0.9983333333333334 and parameters: {'hidden_layer_sizes': (200,), 'max_iter': 100, 'alpha': 0.001}. Best is trial 2 with value: 0.9983333333333334.
/data/home/rtabares/anaconda3/envs/pyth3.12/lib/python3.12/site-packages/sklearn/neural_network/_multilayer_perceptron.py:691: ConvergenceWarning: Stochastic Optimizer: Maximum iterations (100) reached and the optimization hasn't converged yet.
  warnings.warn(
