[I 2025-05-18 17:34:07,593] Trial 6 finished with value: 0.9575757575757576 and parameters: {'n_estimators': 100, 'max_depth': 30, 'gamma': 0.5360486096375219, 'subsample': 0.8488681925618888, 'colsample_bytree': 0.900578215847843}. Best is trial 4 with value: 0.9833333333333332.
/data/home/rtabares/anaconda3/envs/pyth3.12/lib/python3.12/site-packages/xgboost/core.py:377: FutureWarning: Your system has an old version of glibc (< 2.28). We will stop supporting Linux distros with glibc older than 2.28 after **May 31, 2025**. Please upgrade to a recent Linux distro (with glibc >= 2.28) to use future versions of XGBoost.
Note: You have installed the 'manylinux2014' variant of XGBoost. Certain features such as GPU algorithms or federated learning are not available. To use these features, please upgrade to a recent Linux distro with glibc 2.28+, and install the 'manylinux_2_28' variant.
  warnings.warn(
/data/home/rtabares/anaconda3/envs/pyth3.12/lib/python3.12/site-packages/xgboost/core.py:377: FutureWarning: Your system has an old version of glibc (< 2.28). We will stop supporting Linux distros with glibc older than 2.28 after **May 31, 2025**. Please upgrade to a recent Linux distro (with glibc >= 2.28) to use future versions of XGBoost.
Note: You have installed the 'manylinux2014' variant of XGBoost. Certain features such as GPU algorithms or federated learning are not available. To use these features, please upgrade to a recent Linux distro with glibc 2.28+, and install the 'manylinux_2_28' variant.
  warnings.warn(
/data/home/rtabares/anaconda3/envs/pyth3.12/lib/python3.12/site-packages/xgboost/core.py:377: FutureWarning: Your system has an old version of glibc (< 2.28). We will stop supporting Linux distros with glibc older than 2.28 after **May 31, 2025**. Please upgrade to a recent Linux distro (with glibc >= 2.28) to use future versions of XGBoost.
Note: You have installed the 'manylinux2014' variant of XGBoost. Certain features such as GPU algorithms or federated learning are not available. To use these features, please upgrade to a recent Linux distro with glibc 2.28+, and install the 'manylinux_2_28' variant.
  warnings.warn(
[I 2025-05-18 17:34:07,679] Trial 7 finished with value: 0.975 and parameters: {'n_estimators': 40, 'max_depth': 5, 'gamma': 0.4997010655396419, 'subsample': 0.7490698051808964, 'colsample_bytree': 0.7071731623998108}. Best is trial 4 with value: 0.9833333333333332.
/data/home/rtabares/anaconda3/envs/pyth3.12/lib/python3.12/site-packages/xgboost/core.py:377: FutureWarning: Your system has an old version of glibc (< 2.28). We will stop supporting Linux distros with glibc older than 2.28 after **May 31, 2025**. Please upgrade to a recent Linux distro (with glibc >= 2.28) to use future versions of XGBoost.
Note: You have installed the 'manylinux2014' variant of XGBoost. Certain features such as GPU algorithms or federated learning are not available. To use these features, please upgrade to a recent Linux distro with glibc 2.28+, and install the 'manylinux_2_28' variant.
  warnings.warn(
/data/home/rtabares/anaconda3/envs/pyth3.12/lib/python3.12/site-packages/xgboost/core.py:377: FutureWarning: Your system has an old version of glibc (< 2.28). We will stop supporting Linux distros with glibc older than 2.28 after **May 31, 2025**. Please upgrade to a recent Linux distro (with glibc >= 2.28) to use future versions of XGBoost.
Note: You have installed the 'manylinux2014' variant of XGBoost. Certain features such as GPU algorithms or federated learning are not available. To use these features, please upgrade to a recent Linux distro with glibc 2.28+, and install the 'manylinux_2_28' variant.
  warnings.warn(
/data/home/rtabares/anaconda3/envs/pyth3.12/lib/python3.12/site-packages/xgboost/core.py:377: FutureWarning: Your system has an old version of glibc (< 2.28). We will stop supporting Linux distros with glibc older than 2.28 after **May 31, 2025**. Please upgrade to a recent Linux distro (with glibc >= 2.28) to use future versions of XGBoost.
Note: You have installed the 'manylinux2014' variant of XGBoost. Certain features such as GPU algorithms or federated learning are not available. To use these features, please upgrade to a recent Linux distro with glibc 2.28+, and install the 'manylinux_2_28' variant.
  warnings.warn(
/data/home/rtabares/anaconda3/envs/pyth3.12/lib/python3.12/site-packages/xgboost/core.py:377: FutureWarning: Your system has an old version of glibc (< 2.28). We will stop supporting Linux distros with glibc older than 2.28 after **May 31, 2025**. Please upgrade to a recent Linux distro (with glibc >= 2.28) to use future versions of XGBoost.
Note: You have installed the 'manylinux2014' variant of XGBoost. Certain features such as GPU algorithms or federated learning are not available. To use these features, please upgrade to a recent Linux distro with glibc 2.28+, and install the 'manylinux_2_28' variant.
  warnings.warn(
[I 2025-05-18 17:34:07,817] Trial 8 finished with value: 0.9916666666666666 and parameters: {'n_estimators': 100, 'max_depth': 5, 'gamma': 0.5449029446194361, 'subsample': 0.7150234071055932, 'colsample_bytree': 0.8673829085180849}. Best is trial 8 with value: 0.9916666666666666.
/data/home/rtabares/anaconda3/envs/pyth3.12/lib/python3.12/site-packages/xgboost/core.py:377: FutureWarning: Your system has an old version of glibc (< 2.28). We will stop supporting Linux distros with glibc older than 2.28 after **May 31, 2025**. Please upgrade to a recent Linux distro (with glibc >= 2.28) to use future versions of XGBoost.
Note: You have installed the 'manylinux2014' variant of XGBoost. Certain features such as GPU algorithms or federated learning are not available. To use these features, please upgrade to a recent Linux distro with glibc 2.28+, and install the 'manylinux_2_28' variant.
  warnings.warn(
/data/home/rtabares/anaconda3/envs/pyth3.12/lib/python3.12/site-packages/xgboost/core.py:377: FutureWarning: Your system has an old version of glibc (< 2.28). We will stop supporting Linux distros with glibc older than 2.28 after **May 31, 2025**. Please upgrade to a recent Linux distro (with glibc >= 2.28) to use future versions of XGBoost.
Note: You have installed the 'manylinux2014' variant of XGBoost. Certain features such as GPU algorithms or federated learning are not available. To use these features, please upgrade to a recent Linux distro with glibc 2.28+, and install the 'manylinux_2_28' variant.
  warnings.warn(
/data/home/rtabares/anaconda3/envs/pyth3.12/lib/python3.12/site-packages/xgboost/core.py:377: FutureWarning: Your system has an old version of glibc (< 2.28). We will stop supporting Linux distros with glibc older than 2.28 after **May 31, 2025**. Please upgrade to a recent Linux distro (with glibc >= 2.28) to use future versions of XGBoost.
Note: You have installed the 'manylinux2014' variant of XGBoost. Certain features such as GPU algorithms or federated learning are not available. To use these features, please upgrade to a recent Linux distro with glibc 2.28+, and install the 'manylinux_2_28' variant.
  warnings.warn(
/data/home/rtabares/anaconda3/envs/pyth3.12/lib/python3.12/site-packages/xgboost/core.py:377: FutureWarning: Your system has an old version of glibc (< 2.28). We will stop supporting Linux distros with glibc older than 2.28 after **May 31, 2025**. Please upgrade to a recent Linux distro (with glibc >= 2.28) to use future versions of XGBoost.
Note: You have installed the 'manylinux2014' variant of XGBoost. Certain features such as GPU algorithms or federated learning are not available. To use these features, please upgrade to a recent Linux distro with glibc 2.28+, and install the 'manylinux_2_28' variant.
  warnings.warn(
[I 2025-05-18 17:34:07,915] Trial 9 finished with value: 0.9916666666666666 and parameters: {'n_estimators': 100, 'max_depth': 30, 'gamma': 0.5427360453562716, 'subsample': 0.5915763668266103, 'colsample_bytree': 0.5546552575823498}. Best is trial 8 with value: 0.9916666666666666.
/data/home/rtabares/anaconda3/envs/pyth3.12/lib/python3.12/site-packages/xgboost/core.py:377: FutureWarning: Your system has an old version of glibc (< 2.28). We will stop supporting Linux distros with glibc older than 2.28 after **May 31, 2025**. Please upgrade to a recent Linux distro (with glibc >= 2.28) to use future versions of XGBoost.
Note: You have installed the 'manylinux2014' variant of XGBoost. Certain features such as GPU algorithms or federated learning are not available. To use these features, please upgrade to a recent Linux distro with glibc 2.28+, and install the 'manylinux_2_28' variant.
  warnings.warn(
/data/home/rtabares/anaconda3/envs/pyth3.12/lib/python3.12/site-packages/xgboost/core.py:377: FutureWarning: Your system has an old version of glibc (< 2.28). We will stop supporting Linux distros with glibc older than 2.28 after **May 31, 2025**. Please upgrade to a recent Linux distro (with glibc >= 2.28) to use future versions of XGBoost.
Note: You have installed the 'manylinux2014' variant of XGBoost. Certain features such as GPU algorithms or federated learning are not available. To use these features, please upgrade to a recent Linux distro with glibc 2.28+, and install the 'manylinux_2_28' variant.
  warnings.warn(
[I 2025-05-18 17:34:12,551] A new study created in memory with name: rf
Parámetros guardados en checkpoint_default_Doriginal_H/k-means/IPC_59/best_models_k-means_seed_9_space_original/xgb_best_params.json


>>> Optuna tuning rf metodo k-means IPC 59 seed 9


[I 2025-05-18 17:34:14,015] Trial 0 finished with value: 0.9916666666666666 and parameters: {'n_estimators': 104, 'max_depth': 12, 'min_samples_split': 6, 'min_samples_leaf': 2}. Best is trial 0 with value: 0.9916666666666666.
[I 2025-05-18 17:34:14,901] Trial 1 finished with value: 0.9742424242424242 and parameters: {'n_estimators': 156, 'max_depth': 6, 'min_samples_split': 5, 'min_samples_leaf': 3}. Best is trial 0 with value: 0.9916666666666666.
[I 2025-05-18 17:34:15,159] Trial 2 finished with value: 0.9227272727272728 and parameters: {'n_estimators': 133, 'max_depth': 9, 'min_samples_split': 3, 'min_samples_leaf': 9}. Best is trial 0 with value: 0.9916666666666666.
[I 2025-05-18 17:34:16,499] Trial 3 finished with value: 0.9393939393939394 and parameters: {'n_estimators': 481, 'max_depth': 3, 'min_samples_split': 8, 'min_samples_leaf': 6}. Best is trial 0 with value: 0.9916666666666666.
[I 2025-05-18 17:34:17,272] Trial 4 finished with value: 0.9401515151515152 and parameters: {'n_estimators': 460, 'max_depth': 15, 'min_samples_split': 6, 'min_samples_leaf': 8}. Best is trial 0 with value: 0.9916666666666666.
[I 2025-05-18 17:34:17,733] Trial 5 finished with value: 0.9393939393939394 and parameters: {'n_estimators': 254, 'max_depth': 15, 'min_samples_split': 9, 'min_samples_leaf': 5}. Best is trial 0 with value: 0.9916666666666666.
[I 2025-05-18 17:34:18,576] Trial 6 finished with value: 0.9825757575757577 and parameters: {'n_estimators': 477, 'max_depth': 17, 'min_samples_split': 10, 'min_samples_leaf': 2}. Best is trial 0 with value: 0.9916666666666666.
[I 2025-05-18 17:34:19,067] Trial 7 finished with value: 0.9393939393939394 and parameters: {'n_estimators': 308, 'max_depth': 20, 'min_samples_split': 7, 'min_samples_leaf': 9}. Best is trial 0 with value: 0.9916666666666666.
[I 2025-05-18 17:34:19,739] Trial 8 finished with value: 0.9393939393939394 and parameters: {'n_estimators': 489, 'max_depth': 6, 'min_samples_split': 4, 'min_samples_leaf': 9}. Best is trial 0 with value: 0.9916666666666666.
[I 2025-05-18 17:34:20,308] Trial 9 finished with value: 0.9484848484848485 and parameters: {'n_estimators': 463, 'max_depth': 16, 'min_samples_split': 5, 'min_samples_leaf': 5}. Best is trial 0 with value: 0.9916666666666666.
[I 2025-05-18 17:34:24,859] A new study created in memory with name: svc
Parámetros guardados en checkpoint_default_Doriginal_H/k-means/IPC_59/best_models_k-means_seed_9_space_original/rf_best_params.json


>>> Optuna tuning svc metodo k-means IPC 59 seed 9


[I 2025-05-18 17:34:26,312] Trial 0 finished with value: 0.4833333333333333 and parameters: {'C': 0.011002632709098882, 'gamma': 0.010174155443038872}. Best is trial 0 with value: 0.4833333333333333.
[I 2025-05-18 17:34:27,190] Trial 1 finished with value: 0.4833333333333333 and parameters: {'C': 0.9618186025955839, 'gamma': 0.00034301895208247704}. Best is trial 0 with value: 0.4833333333333333.
[I 2025-05-18 17:34:28,033] Trial 2 finished with value: 0.475 and parameters: {'C': 0.03702067575132929, 'gamma': 0.0007485739374074099}. Best is trial 0 with value: 0.4833333333333333.
[I 2025-05-18 17:34:28,058] Trial 3 finished with value: 0.4833333333333333 and parameters: {'C': 0.47209861032825945, 'gamma': 0.0009826631576890102}. Best is trial 0 with value: 0.4833333333333333.
[I 2025-05-18 17:34:28,085] Trial 4 finished with value: 0.4666666666666666 and parameters: {'C': 0.021688953850108893, 'gamma': 0.0024098752433673273}. Best is trial 0 with value: 0.4833333333333333.
[I 2025-05-18 17:34:28,109] Trial 5 finished with value: 0.4833333333333333 and parameters: {'C': 0.04646280084231645, 'gamma': 0.3267656089424253}. Best is trial 0 with value: 0.4833333333333333.
[I 2025-05-18 17:34:28,134] Trial 6 finished with value: 0.6015151515151513 and parameters: {'C': 63.65845976154302, 'gamma': 0.00014288725836502733}. Best is trial 6 with value: 0.6015151515151513.
[I 2025-05-18 17:34:28,157] Trial 7 finished with value: 0.5159090909090909 and parameters: {'C': 6.257913640897913, 'gamma': 0.01954516145303057}. Best is trial 6 with value: 0.6015151515151513.
[I 2025-05-18 17:34:28,190] Trial 8 finished with value: 0.43863636363636366 and parameters: {'C': 39.08665206604184, 'gamma': 0.04651530700450706}. Best is trial 6 with value: 0.6015151515151513.
[I 2025-05-18 17:34:28,216] Trial 9 finished with value: 0.4992424242424242 and parameters: {'C': 1.553642640603634, 'gamma': 0.06452227863024562}. Best is trial 6 with value: 0.6015151515151513.
[I 2025-05-18 17:34:32,731] A new study created in memory with name: logreg
Parámetros guardados en checkpoint_default_Doriginal_H/k-means/IPC_59/best_models_k-means_seed_9_space_original/svc_best_params.json


>>> Optuna tuning logreg metodo k-means IPC 59 seed 9


[I 2025-05-18 17:34:34,095] Trial 0 finished with value: 0.543939393939394 and parameters: {'C': 0.0011268620922535318, 'penalty': 'l2'}. Best is trial 0 with value: 0.543939393939394.
[I 2025-05-18 17:34:34,982] Trial 1 finished with value: 0.668939393939394 and parameters: {'C': 0.32312678588710475, 'penalty': 'l2'}. Best is trial 1 with value: 0.668939393939394.
[I 2025-05-18 17:34:35,010] Trial 2 finished with value: 0.6606060606060605 and parameters: {'C': 0.3012079745112611, 'penalty': 'l2'}. Best is trial 1 with value: 0.668939393939394.
[I 2025-05-18 17:34:35,751] Trial 3 finished with value: 0.5772727272727274 and parameters: {'C': 0.004668180550042529, 'penalty': 'l2'}. Best is trial 1 with value: 0.668939393939394.
[I 2025-05-18 17:34:35,776] Trial 4 finished with value: 0.5772727272727274 and parameters: {'C': 0.005135177115384908, 'penalty': 'l2'}. Best is trial 1 with value: 0.668939393939394.
[I 2025-05-18 17:34:35,801] Trial 5 finished with value: 0.584848484848485 and parameters: {'C': 0.01238207351349697, 'penalty': 'l2'}. Best is trial 1 with value: 0.668939393939394.
[I 2025-05-18 17:34:35,826] Trial 6 finished with value: 0.6522727272727271 and parameters: {'C': 0.12374877330306278, 'penalty': 'l2'}. Best is trial 1 with value: 0.668939393939394.
[I 2025-05-18 17:34:35,852] Trial 7 finished with value: 0.593939393939394 and parameters: {'C': 0.017398261017749217, 'penalty': 'l2'}. Best is trial 1 with value: 0.668939393939394.
[I 2025-05-18 17:34:35,882] Trial 8 finished with value: 0.5522727272727274 and parameters: {'C': 0.002632074973627294, 'penalty': 'l2'}. Best is trial 1 with value: 0.668939393939394.
[I 2025-05-18 17:34:35,907] Trial 9 finished with value: 0.6272727272727273 and parameters: {'C': 0.053394091359671186, 'penalty': 'l2'}. Best is trial 1 with value: 0.668939393939394.
[I 2025-05-18 17:34:38,018] A new study created in memory with name: mlp
/data/home/rtabares/anaconda3/envs/pyth3.12/lib/python3.12/site-packages/sklearn/neural_network/_multilayer_perceptron.py:691: ConvergenceWarning: Stochastic Optimizer: Maximum iterations (100) reached and the optimization hasn't converged yet.
  warnings.warn(
/data/home/rtabares/anaconda3/envs/pyth3.12/lib/python3.12/site-packages/sklearn/neural_network/_multilayer_perceptron.py:691: ConvergenceWarning: Stochastic Optimizer: Maximum iterations (100) reached and the optimization hasn't converged yet.
  warnings.warn(
/data/home/rtabares/anaconda3/envs/pyth3.12/lib/python3.12/site-packages/sklearn/neural_network/_multilayer_perceptron.py:691: ConvergenceWarning: Stochastic Optimizer: Maximum iterations (100) reached and the optimization hasn't converged yet.
  warnings.warn(
/data/home/rtabares/anaconda3/envs/pyth3.12/lib/python3.12/site-packages/sklearn/neural_network/_multilayer_perceptron.py:691: ConvergenceWarning: Stochastic Optimizer: Maximum iterations (100) reached and the optimization hasn't converged yet.
  warnings.warn(
/data/home/rtabares/anaconda3/envs/pyth3.12/lib/python3.12/site-packages/sklearn/neural_network/_multilayer_perceptron.py:691: ConvergenceWarning: Stochastic Optimizer: Maximum iterations (100) reached and the optimization hasn't converged yet.
  warnings.warn(
[I 2025-05-18 17:34:41,919] Trial 0 finished with value: 0.625 and parameters: {'hidden_layer_sizes': (200,), 'max_iter': 100, 'alpha': 0.001}. Best is trial 0 with value: 0.625.
Parámetros guardados en checkpoint_default_Doriginal_H/k-means/IPC_59/best_models_k-means_seed_9_space_original/logreg_best_params.json


>>> Optuna tuning mlp metodo k-means IPC 59 seed 9


/data/home/rtabares/anaconda3/envs/pyth3.12/lib/python3.12/site-packages/sklearn/neural_network/_multilayer_perceptron.py:691: ConvergenceWarning: Stochastic Optimizer: Maximum iterations (100) reached and the optimization hasn't converged yet.
  warnings.warn(
/data/home/rtabares/anaconda3/envs/pyth3.12/lib/python3.12/site-packages/sklearn/neural_network/_multilayer_perceptron.py:691: ConvergenceWarning: Stochastic Optimizer: Maximum iterations (100) reached and the optimization hasn't converged yet.
  warnings.warn(
/data/home/rtabares/anaconda3/envs/pyth3.12/lib/python3.12/site-packages/sklearn/neural_network/_multilayer_perceptron.py:691: ConvergenceWarning: Stochastic Optimizer: Maximum iterations (100) reached and the optimization hasn't converged yet.
  warnings.warn(
/data/home/rtabares/anaconda3/envs/pyth3.12/lib/python3.12/site-packages/sklearn/neural_network/_multilayer_perceptron.py:691: ConvergenceWarning: Stochastic Optimizer: Maximum iterations (100) reached and the optimization hasn't converged yet.
  warnings.warn(
/data/home/rtabares/anaconda3/envs/pyth3.12/lib/python3.12/site-packages/sklearn/neural_network/_multilayer_perceptron.py:691: ConvergenceWarning: Stochastic Optimizer: Maximum iterations (100) reached and the optimization hasn't converged yet.
  warnings.warn(
[I 2025-05-18 17:34:43,093] Trial 1 finished with value: 0.6083333333333334 and parameters: {'hidden_layer_sizes': (100, 100), 'max_iter': 100, 'alpha': 0.0001}. Best is trial 0 with value: 0.625.
/data/home/rtabares/anaconda3/envs/pyth3.12/lib/python3.12/site-packages/sklearn/neural_network/_multilayer_perceptron.py:691: ConvergenceWarning: Stochastic Optimizer: Maximum iterations (50) reached and the optimization hasn't converged yet.
  warnings.warn(
/data/home/rtabares/anaconda3/envs/pyth3.12/lib/python3.12/site-packages/sklearn/neural_network/_multilayer_perceptron.py:691: ConvergenceWarning: Stochastic Optimizer: Maximum iterations (50) reached and the optimization hasn't converged yet.
  warnings.warn(
/data/home/rtabares/anaconda3/envs/pyth3.12/lib/python3.12/site-packages/sklearn/neural_network/_multilayer_perceptron.py:691: ConvergenceWarning: Stochastic Optimizer: Maximum iterations (50) reached and the optimization hasn't converged yet.
  warnings.warn(
/data/home/rtabares/anaconda3/envs/pyth3.12/lib/python3.12/site-packages/sklearn/neural_network/_multilayer_perceptron.py:691: ConvergenceWarning: Stochastic Optimizer: Maximum iterations (50) reached and the optimization hasn't converged yet.
  warnings.warn(
/data/home/rtabares/anaconda3/envs/pyth3.12/lib/python3.12/site-packages/sklearn/neural_network/_multilayer_perceptron.py:691: ConvergenceWarning: Stochastic Optimizer: Maximum iterations (50) reached and the optimization hasn't converged yet.
  warnings.warn(
[I 2025-05-18 17:34:43,180] Trial 2 finished with value: 0.634848484848485 and parameters: {'hidden_layer_sizes': (100, 100), 'max_iter': 50, 'alpha': 0.0001}. Best is trial 2 with value: 0.634848484848485.
/data/home/rtabares/anaconda3/envs/pyth3.12/lib/python3.12/site-packages/sklearn/neural_network/_multilayer_perceptron.py:691: ConvergenceWarning: Stochastic Optimizer: Maximum iterations (50) reached and the optimization hasn't converged yet.
  warnings.warn(
/data/home/rtabares/anaconda3/envs/pyth3.12/lib/python3.12/site-packages/sklearn/neural_network/_multilayer_perceptron.py:691: ConvergenceWarning: Stochastic Optimizer: Maximum iterations (50) reached and the optimization hasn't converged yet.
  warnings.warn(
/data/home/rtabares/anaconda3/envs/pyth3.12/lib/python3.12/site-packages/sklearn/neural_network/_multilayer_perceptron.py:691: ConvergenceWarning: Stochastic Optimizer: Maximum iterations (50) reached and the optimization hasn't converged yet.
  warnings.warn(
/data/home/rtabares/anaconda3/envs/pyth3.12/lib/python3.12/site-packages/sklearn/neural_network/_multilayer_perceptron.py:691: ConvergenceWarning: Stochastic Optimizer: Maximum iterations (50) reached and the optimization hasn't converged yet.
  warnings.warn(
