[I 2025-05-18 17:15:14,009] Trial 8 finished with value: 0.35333333333333333 and parameters: {'n_estimators': 100, 'max_depth': 30, 'gamma': 0.2471398756881566, 'subsample': 0.8241126205332553, 'colsample_bytree': 0.6258070715852391}. Best is trial 4 with value: 0.43666666666666665.
/data/home/rtabares/anaconda3/envs/pyth3.12/lib/python3.12/site-packages/xgboost/core.py:377: FutureWarning: Your system has an old version of glibc (< 2.28). We will stop supporting Linux distros with glibc older than 2.28 after **May 31, 2025**. Please upgrade to a recent Linux distro (with glibc >= 2.28) to use future versions of XGBoost.
Note: You have installed the 'manylinux2014' variant of XGBoost. Certain features such as GPU algorithms or federated learning are not available. To use these features, please upgrade to a recent Linux distro with glibc 2.28+, and install the 'manylinux_2_28' variant.
  warnings.warn(
/data/home/rtabares/anaconda3/envs/pyth3.12/lib/python3.12/site-packages/xgboost/core.py:377: FutureWarning: Your system has an old version of glibc (< 2.28). We will stop supporting Linux distros with glibc older than 2.28 after **May 31, 2025**. Please upgrade to a recent Linux distro (with glibc >= 2.28) to use future versions of XGBoost.
Note: You have installed the 'manylinux2014' variant of XGBoost. Certain features such as GPU algorithms or federated learning are not available. To use these features, please upgrade to a recent Linux distro with glibc 2.28+, and install the 'manylinux_2_28' variant.
  warnings.warn(
/data/home/rtabares/anaconda3/envs/pyth3.12/lib/python3.12/site-packages/xgboost/core.py:377: FutureWarning: Your system has an old version of glibc (< 2.28). We will stop supporting Linux distros with glibc older than 2.28 after **May 31, 2025**. Please upgrade to a recent Linux distro (with glibc >= 2.28) to use future versions of XGBoost.
Note: You have installed the 'manylinux2014' variant of XGBoost. Certain features such as GPU algorithms or federated learning are not available. To use these features, please upgrade to a recent Linux distro with glibc 2.28+, and install the 'manylinux_2_28' variant.
  warnings.warn(
/data/home/rtabares/anaconda3/envs/pyth3.12/lib/python3.12/site-packages/xgboost/core.py:377: FutureWarning: Your system has an old version of glibc (< 2.28). We will stop supporting Linux distros with glibc older than 2.28 after **May 31, 2025**. Please upgrade to a recent Linux distro (with glibc >= 2.28) to use future versions of XGBoost.
Note: You have installed the 'manylinux2014' variant of XGBoost. Certain features such as GPU algorithms or federated learning are not available. To use these features, please upgrade to a recent Linux distro with glibc 2.28+, and install the 'manylinux_2_28' variant.
  warnings.warn(
[I 2025-05-18 17:15:14,068] Trial 9 finished with value: 0.44333333333333325 and parameters: {'n_estimators': 40, 'max_depth': 30, 'gamma': 0.8599846034069103, 'subsample': 0.8019332783535529, 'colsample_bytree': 0.7936068454878676}. Best is trial 9 with value: 0.44333333333333325.
/data/home/rtabares/anaconda3/envs/pyth3.12/lib/python3.12/site-packages/xgboost/core.py:377: FutureWarning: Your system has an old version of glibc (< 2.28). We will stop supporting Linux distros with glibc older than 2.28 after **May 31, 2025**. Please upgrade to a recent Linux distro (with glibc >= 2.28) to use future versions of XGBoost.
Note: You have installed the 'manylinux2014' variant of XGBoost. Certain features such as GPU algorithms or federated learning are not available. To use these features, please upgrade to a recent Linux distro with glibc 2.28+, and install the 'manylinux_2_28' variant.
  warnings.warn(
/data/home/rtabares/anaconda3/envs/pyth3.12/lib/python3.12/site-packages/xgboost/core.py:377: FutureWarning: Your system has an old version of glibc (< 2.28). We will stop supporting Linux distros with glibc older than 2.28 after **May 31, 2025**. Please upgrade to a recent Linux distro (with glibc >= 2.28) to use future versions of XGBoost.
Note: You have installed the 'manylinux2014' variant of XGBoost. Certain features such as GPU algorithms or federated learning are not available. To use these features, please upgrade to a recent Linux distro with glibc 2.28+, and install the 'manylinux_2_28' variant.
  warnings.warn(
/data/home/rtabares/anaconda3/envs/pyth3.12/lib/python3.12/site-packages/xgboost/core.py:377: FutureWarning: Your system has an old version of glibc (< 2.28). We will stop supporting Linux distros with glibc older than 2.28 after **May 31, 2025**. Please upgrade to a recent Linux distro (with glibc >= 2.28) to use future versions of XGBoost.
Note: You have installed the 'manylinux2014' variant of XGBoost. Certain features such as GPU algorithms or federated learning are not available. To use these features, please upgrade to a recent Linux distro with glibc 2.28+, and install the 'manylinux_2_28' variant.
  warnings.warn(
/data/home/rtabares/anaconda3/envs/pyth3.12/lib/python3.12/site-packages/xgboost/core.py:377: FutureWarning: Your system has an old version of glibc (< 2.28). We will stop supporting Linux distros with glibc older than 2.28 after **May 31, 2025**. Please upgrade to a recent Linux distro (with glibc >= 2.28) to use future versions of XGBoost.
Note: You have installed the 'manylinux2014' variant of XGBoost. Certain features such as GPU algorithms or federated learning are not available. To use these features, please upgrade to a recent Linux distro with glibc 2.28+, and install the 'manylinux_2_28' variant.
  warnings.warn(
[I 2025-05-18 17:15:17,151] A new study created in memory with name: rf
Parámetros guardados en checkpoint_default_Doriginal_H/craig/IPC_59/best_models_craig_seed_6_space_original/xgb_best_params.json


>>> Optuna tuning rf metodo craig IPC 59 seed 6


[I 2025-05-18 17:15:20,221] Trial 0 finished with value: 0.3866666666666666 and parameters: {'n_estimators': 458, 'max_depth': 8, 'min_samples_split': 9, 'min_samples_leaf': 1}. Best is trial 0 with value: 0.3866666666666666.
[I 2025-05-18 17:15:21,347] Trial 1 finished with value: 0.42333333333333323 and parameters: {'n_estimators': 143, 'max_depth': 13, 'min_samples_split': 6, 'min_samples_leaf': 5}. Best is trial 1 with value: 0.42333333333333323.
[I 2025-05-18 17:15:22,390] Trial 2 finished with value: 0.44000000000000006 and parameters: {'n_estimators': 234, 'max_depth': 14, 'min_samples_split': 5, 'min_samples_leaf': 8}. Best is trial 2 with value: 0.44000000000000006.
[I 2025-05-18 17:15:23,039] Trial 3 finished with value: 0.45666666666666667 and parameters: {'n_estimators': 307, 'max_depth': 13, 'min_samples_split': 7, 'min_samples_leaf': 10}. Best is trial 3 with value: 0.45666666666666667.
[I 2025-05-18 17:15:23,980] Trial 4 finished with value: 0.4033333333333333 and parameters: {'n_estimators': 428, 'max_depth': 10, 'min_samples_split': 9, 'min_samples_leaf': 9}. Best is trial 3 with value: 0.45666666666666667.
[I 2025-05-18 17:15:24,317] Trial 5 finished with value: 0.4733333333333333 and parameters: {'n_estimators': 121, 'max_depth': 15, 'min_samples_split': 9, 'min_samples_leaf': 8}. Best is trial 5 with value: 0.4733333333333333.
[I 2025-05-18 17:15:24,786] Trial 6 finished with value: 0.3866666666666666 and parameters: {'n_estimators': 384, 'max_depth': 12, 'min_samples_split': 3, 'min_samples_leaf': 10}. Best is trial 5 with value: 0.4733333333333333.
[I 2025-05-18 17:15:25,235] Trial 7 finished with value: 0.43666666666666665 and parameters: {'n_estimators': 261, 'max_depth': 6, 'min_samples_split': 8, 'min_samples_leaf': 10}. Best is trial 5 with value: 0.4733333333333333.
[I 2025-05-18 17:15:25,586] Trial 8 finished with value: 0.37 and parameters: {'n_estimators': 202, 'max_depth': 15, 'min_samples_split': 7, 'min_samples_leaf': 8}. Best is trial 5 with value: 0.4733333333333333.
[I 2025-05-18 17:15:26,309] Trial 9 finished with value: 0.42333333333333334 and parameters: {'n_estimators': 475, 'max_depth': 9, 'min_samples_split': 4, 'min_samples_leaf': 5}. Best is trial 5 with value: 0.4733333333333333.
[I 2025-05-18 17:15:31,650] A new study created in memory with name: svc
Parámetros guardados en checkpoint_default_Doriginal_H/craig/IPC_59/best_models_craig_seed_6_space_original/rf_best_params.json


>>> Optuna tuning svc metodo craig IPC 59 seed 6


[I 2025-05-18 17:15:33,036] Trial 0 finished with value: 0.3733333333333333 and parameters: {'C': 37.27697013499731, 'gamma': 0.0021277432488243223}. Best is trial 0 with value: 0.3733333333333333.
[I 2025-05-18 17:15:33,860] Trial 1 finished with value: 0.45666666666666667 and parameters: {'C': 19.271543171162776, 'gamma': 0.00014682043379470554}. Best is trial 1 with value: 0.45666666666666667.
[I 2025-05-18 17:15:34,925] Trial 2 finished with value: 0.5066666666666666 and parameters: {'C': 0.0269542169583157, 'gamma': 0.023999835049635022}. Best is trial 2 with value: 0.5066666666666666.
[I 2025-05-18 17:15:35,964] Trial 3 finished with value: 0.45666666666666667 and parameters: {'C': 1.3160410886450586, 'gamma': 0.0047340159215720195}. Best is trial 2 with value: 0.5066666666666666.
[I 2025-05-18 17:15:35,988] Trial 4 finished with value: 0.5066666666666666 and parameters: {'C': 0.21959952535674737, 'gamma': 0.030908485742507576}. Best is trial 2 with value: 0.5066666666666666.
[I 2025-05-18 17:15:36,024] Trial 5 finished with value: 0.54 and parameters: {'C': 0.5656733313644114, 'gamma': 0.08780685564625502}. Best is trial 5 with value: 0.54.
[I 2025-05-18 17:15:36,064] Trial 6 finished with value: 0.43999999999999995 and parameters: {'C': 1.1807165425157664, 'gamma': 0.020674470756231633}. Best is trial 5 with value: 0.54.
[I 2025-05-18 17:15:36,104] Trial 7 finished with value: 0.5233333333333333 and parameters: {'C': 3.8143486186647126, 'gamma': 0.9138966502602072}. Best is trial 5 with value: 0.54.
[I 2025-05-18 17:15:36,129] Trial 8 finished with value: 0.39 and parameters: {'C': 19.029737066374768, 'gamma': 0.004495766421289856}. Best is trial 5 with value: 0.54.
[I 2025-05-18 17:15:36,153] Trial 9 finished with value: 0.54 and parameters: {'C': 31.994153257994277, 'gamma': 0.19725941020937518}. Best is trial 5 with value: 0.54.
[I 2025-05-18 17:15:45,191] A new study created in memory with name: logreg
Parámetros guardados en checkpoint_default_Doriginal_H/craig/IPC_59/best_models_craig_seed_6_space_original/svc_best_params.json


>>> Optuna tuning logreg metodo craig IPC 59 seed 6


[I 2025-05-18 17:15:48,133] Trial 0 finished with value: 0.30333333333333334 and parameters: {'C': 29.127335430981816, 'penalty': 'l2'}. Best is trial 0 with value: 0.30333333333333334.
[I 2025-05-18 17:15:49,909] Trial 1 finished with value: 0.4066666666666666 and parameters: {'C': 0.045698192893558344, 'penalty': 'l2'}. Best is trial 1 with value: 0.4066666666666666.
[I 2025-05-18 17:15:49,986] Trial 2 finished with value: 0.3366666666666666 and parameters: {'C': 12.768668597712947, 'penalty': 'l2'}. Best is trial 1 with value: 0.4066666666666666.
[I 2025-05-18 17:15:50,011] Trial 3 finished with value: 0.42333333333333334 and parameters: {'C': 0.0016161554408462638, 'penalty': 'l2'}. Best is trial 3 with value: 0.42333333333333334.
[I 2025-05-18 17:15:50,035] Trial 4 finished with value: 0.44000000000000006 and parameters: {'C': 0.0034536903703241734, 'penalty': 'l2'}. Best is trial 4 with value: 0.44000000000000006.
[I 2025-05-18 17:15:50,069] Trial 5 finished with value: 0.4066666666666666 and parameters: {'C': 0.9446269266990148, 'penalty': 'l2'}. Best is trial 4 with value: 0.44000000000000006.
[I 2025-05-18 17:15:50,122] Trial 6 finished with value: 0.3566666666666667 and parameters: {'C': 0.4457453393648168, 'penalty': 'l2'}. Best is trial 4 with value: 0.44000000000000006.
[I 2025-05-18 17:15:50,145] Trial 7 finished with value: 0.37333333333333335 and parameters: {'C': 0.12417585037258261, 'penalty': 'l2'}. Best is trial 4 with value: 0.44000000000000006.
[I 2025-05-18 17:15:50,174] Trial 8 finished with value: 0.4066666666666666 and parameters: {'C': 0.04753781830244093, 'penalty': 'l2'}. Best is trial 4 with value: 0.44000000000000006.
[I 2025-05-18 17:15:50,243] Trial 9 finished with value: 0.3866666666666666 and parameters: {'C': 1.2959766028194148, 'penalty': 'l2'}. Best is trial 4 with value: 0.44000000000000006.
[I 2025-05-18 17:15:57,134] A new study created in memory with name: mlp
Parámetros guardados en checkpoint_default_Doriginal_H/craig/IPC_59/best_models_craig_seed_6_space_original/logreg_best_params.json


>>> Optuna tuning mlp metodo craig IPC 59 seed 6


/data/home/rtabares/anaconda3/envs/pyth3.12/lib/python3.12/site-packages/sklearn/neural_network/_multilayer_perceptron.py:691: ConvergenceWarning: Stochastic Optimizer: Maximum iterations (100) reached and the optimization hasn't converged yet.
  warnings.warn(
/data/home/rtabares/anaconda3/envs/pyth3.12/lib/python3.12/site-packages/sklearn/neural_network/_multilayer_perceptron.py:691: ConvergenceWarning: Stochastic Optimizer: Maximum iterations (100) reached and the optimization hasn't converged yet.
  warnings.warn(
/data/home/rtabares/anaconda3/envs/pyth3.12/lib/python3.12/site-packages/sklearn/neural_network/_multilayer_perceptron.py:691: ConvergenceWarning: Stochastic Optimizer: Maximum iterations (100) reached and the optimization hasn't converged yet.
  warnings.warn(
/data/home/rtabares/anaconda3/envs/pyth3.12/lib/python3.12/site-packages/sklearn/neural_network/_multilayer_perceptron.py:691: ConvergenceWarning: Stochastic Optimizer: Maximum iterations (100) reached and the optimization hasn't converged yet.
  warnings.warn(
[I 2025-05-18 17:15:58,712] Trial 0 finished with value: 0.4066666666666666 and parameters: {'hidden_layer_sizes': (100,), 'max_iter': 100, 'alpha': 0.0001}. Best is trial 0 with value: 0.4066666666666666.
/data/home/rtabares/anaconda3/envs/pyth3.12/lib/python3.12/site-packages/sklearn/neural_network/_multilayer_perceptron.py:691: ConvergenceWarning: Stochastic Optimizer: Maximum iterations (100) reached and the optimization hasn't converged yet.
  warnings.warn(
/data/home/rtabares/anaconda3/envs/pyth3.12/lib/python3.12/site-packages/sklearn/neural_network/_multilayer_perceptron.py:691: ConvergenceWarning: Stochastic Optimizer: Maximum iterations (100) reached and the optimization hasn't converged yet.
  warnings.warn(
/data/home/rtabares/anaconda3/envs/pyth3.12/lib/python3.12/site-packages/sklearn/neural_network/_multilayer_perceptron.py:691: ConvergenceWarning: Stochastic Optimizer: Maximum iterations (100) reached and the optimization hasn't converged yet.
  warnings.warn(
/data/home/rtabares/anaconda3/envs/pyth3.12/lib/python3.12/site-packages/sklearn/neural_network/_multilayer_perceptron.py:691: ConvergenceWarning: Stochastic Optimizer: Maximum iterations (100) reached and the optimization hasn't converged yet.
  warnings.warn(
/data/home/rtabares/anaconda3/envs/pyth3.12/lib/python3.12/site-packages/sklearn/neural_network/_multilayer_perceptron.py:691: ConvergenceWarning: Stochastic Optimizer: Maximum iterations (100) reached and the optimization hasn't converged yet.
  warnings.warn(
[I 2025-05-18 17:15:59,658] Trial 1 finished with value: 0.30666666666666664 and parameters: {'hidden_layer_sizes': (100, 100), 'max_iter': 100, 'alpha': 0.001}. Best is trial 0 with value: 0.4066666666666666.
/data/home/rtabares/anaconda3/envs/pyth3.12/lib/python3.12/site-packages/sklearn/neural_network/_multilayer_perceptron.py:691: ConvergenceWarning: Stochastic Optimizer: Maximum iterations (100) reached and the optimization hasn't converged yet.
  warnings.warn(
/data/home/rtabares/anaconda3/envs/pyth3.12/lib/python3.12/site-packages/sklearn/neural_network/_multilayer_perceptron.py:691: ConvergenceWarning: Stochastic Optimizer: Maximum iterations (100) reached and the optimization hasn't converged yet.
  warnings.warn(
/data/home/rtabares/anaconda3/envs/pyth3.12/lib/python3.12/site-packages/sklearn/neural_network/_multilayer_perceptron.py:691: ConvergenceWarning: Stochastic Optimizer: Maximum iterations (100) reached and the optimization hasn't converged yet.
  warnings.warn(
/data/home/rtabares/anaconda3/envs/pyth3.12/lib/python3.12/site-packages/sklearn/neural_network/_multilayer_perceptron.py:691: ConvergenceWarning: Stochastic Optimizer: Maximum iterations (100) reached and the optimization hasn't converged yet.
  warnings.warn(
/data/home/rtabares/anaconda3/envs/pyth3.12/lib/python3.12/site-packages/sklearn/neural_network/_multilayer_perceptron.py:691: ConvergenceWarning: Stochastic Optimizer: Maximum iterations (100) reached and the optimization hasn't converged yet.
  warnings.warn(
[I 2025-05-18 17:16:00,602] Trial 2 finished with value: 0.37333333333333335 and parameters: {'hidden_layer_sizes': (200,), 'max_iter': 100, 'alpha': 0.0001}. Best is trial 0 with value: 0.4066666666666666.
/data/home/rtabares/anaconda3/envs/pyth3.12/lib/python3.12/site-packages/sklearn/neural_network/_multilayer_perceptron.py:691: ConvergenceWarning: Stochastic Optimizer: Maximum iterations (50) reached and the optimization hasn't converged yet.
  warnings.warn(
/data/home/rtabares/anaconda3/envs/pyth3.12/lib/python3.12/site-packages/sklearn/neural_network/_multilayer_perceptron.py:691: ConvergenceWarning: Stochastic Optimizer: Maximum iterations (50) reached and the optimization hasn't converged yet.
  warnings.warn(
/data/home/rtabares/anaconda3/envs/pyth3.12/lib/python3.12/site-packages/sklearn/neural_network/_multilayer_perceptron.py:691: ConvergenceWarning: Stochastic Optimizer: Maximum iterations (50) reached and the optimization hasn't converged yet.
  warnings.warn(
/data/home/rtabares/anaconda3/envs/pyth3.12/lib/python3.12/site-packages/sklearn/neural_network/_multilayer_perceptron.py:691: ConvergenceWarning: Stochastic Optimizer: Maximum iterations (50) reached and the optimization hasn't converged yet.
  warnings.warn(
/data/home/rtabares/anaconda3/envs/pyth3.12/lib/python3.12/site-packages/sklearn/neural_network/_multilayer_perceptron.py:691: ConvergenceWarning: Stochastic Optimizer: Maximum iterations (50) reached and the optimization hasn't converged yet.
  warnings.warn(
[I 2025-05-18 17:16:00,658] Trial 3 finished with value: 0.3733333333333333 and parameters: {'hidden_layer_sizes': (200,), 'max_iter': 50, 'alpha': 0.001}. Best is trial 0 with value: 0.4066666666666666.
/data/home/rtabares/anaconda3/envs/pyth3.12/lib/python3.12/site-packages/sklearn/neural_network/_multilayer_perceptron.py:691: ConvergenceWarning: Stochastic Optimizer: Maximum iterations (50) reached and the optimization hasn't converged yet.
  warnings.warn(
/data/home/rtabares/anaconda3/envs/pyth3.12/lib/python3.12/site-packages/sklearn/neural_network/_multilayer_perceptron.py:691: ConvergenceWarning: Stochastic Optimizer: Maximum iterations (50) reached and the optimization hasn't converged yet.
  warnings.warn(
/data/home/rtabares/anaconda3/envs/pyth3.12/lib/python3.12/site-packages/sklearn/neural_network/_multilayer_perceptron.py:691: ConvergenceWarning: Stochastic Optimizer: Maximum iterations (50) reached and the optimization hasn't converged yet.
  warnings.warn(
/data/home/rtabares/anaconda3/envs/pyth3.12/lib/python3.12/site-packages/sklearn/neural_network/_multilayer_perceptron.py:691: ConvergenceWarning: Stochastic Optimizer: Maximum iterations (50) reached and the optimization hasn't converged yet.
  warnings.warn(
[I 2025-05-18 17:16:00,734] Trial 4 finished with value: 0.3733333333333333 and parameters: {'hidden_layer_sizes': (100, 100), 'max_iter': 50, 'alpha': 0.0001}. Best is trial 0 with value: 0.4066666666666666.
/data/home/rtabares/anaconda3/envs/pyth3.12/lib/python3.12/site-packages/sklearn/neural_network/_multilayer_perceptron.py:691: ConvergenceWarning: Stochastic Optimizer: Maximum iterations (100) reached and the optimization hasn't converged yet.
  warnings.warn(
/data/home/rtabares/anaconda3/envs/pyth3.12/lib/python3.12/site-packages/sklearn/neural_network/_multilayer_perceptron.py:691: ConvergenceWarning: Stochastic Optimizer: Maximum iterations (100) reached and the optimization hasn't converged yet.
  warnings.warn(
/data/home/rtabares/anaconda3/envs/pyth3.12/lib/python3.12/site-packages/sklearn/neural_network/_multilayer_perceptron.py:691: ConvergenceWarning: Stochastic Optimizer: Maximum iterations (100) reached and the optimization hasn't converged yet.
  warnings.warn(
/data/home/rtabares/anaconda3/envs/pyth3.12/lib/python3.12/site-packages/sklearn/neural_network/_multilayer_perceptron.py:691: ConvergenceWarning: Stochastic Optimizer: Maximum iterations (100) reached and the optimization hasn't converged yet.
  warnings.warn(
