[I 2025-05-18 17:16:22,848] Trial 4 finished with value: 0.5621212121212121 and parameters: {'n_estimators': 10, 'max_depth': 20, 'gamma': 0.6916595165017824, 'subsample': 0.6851755414940176, 'colsample_bytree': 0.7295464889457157}. Best is trial 1 with value: 0.6393939393939393.
/data/home/rtabares/anaconda3/envs/pyth3.12/lib/python3.12/site-packages/xgboost/core.py:377: FutureWarning: Your system has an old version of glibc (< 2.28). We will stop supporting Linux distros with glibc older than 2.28 after **May 31, 2025**. Please upgrade to a recent Linux distro (with glibc >= 2.28) to use future versions of XGBoost.
Note: You have installed the 'manylinux2014' variant of XGBoost. Certain features such as GPU algorithms or federated learning are not available. To use these features, please upgrade to a recent Linux distro with glibc 2.28+, and install the 'manylinux_2_28' variant.
  warnings.warn(
/data/home/rtabares/anaconda3/envs/pyth3.12/lib/python3.12/site-packages/xgboost/core.py:377: FutureWarning: Your system has an old version of glibc (< 2.28). We will stop supporting Linux distros with glibc older than 2.28 after **May 31, 2025**. Please upgrade to a recent Linux distro (with glibc >= 2.28) to use future versions of XGBoost.
Note: You have installed the 'manylinux2014' variant of XGBoost. Certain features such as GPU algorithms or federated learning are not available. To use these features, please upgrade to a recent Linux distro with glibc 2.28+, and install the 'manylinux_2_28' variant.
  warnings.warn(
/data/home/rtabares/anaconda3/envs/pyth3.12/lib/python3.12/site-packages/xgboost/core.py:377: FutureWarning: Your system has an old version of glibc (< 2.28). We will stop supporting Linux distros with glibc older than 2.28 after **May 31, 2025**. Please upgrade to a recent Linux distro (with glibc >= 2.28) to use future versions of XGBoost.
Note: You have installed the 'manylinux2014' variant of XGBoost. Certain features such as GPU algorithms or federated learning are not available. To use these features, please upgrade to a recent Linux distro with glibc 2.28+, and install the 'manylinux_2_28' variant.
  warnings.warn(
/data/home/rtabares/anaconda3/envs/pyth3.12/lib/python3.12/site-packages/xgboost/core.py:377: FutureWarning: Your system has an old version of glibc (< 2.28). We will stop supporting Linux distros with glibc older than 2.28 after **May 31, 2025**. Please upgrade to a recent Linux distro (with glibc >= 2.28) to use future versions of XGBoost.
Note: You have installed the 'manylinux2014' variant of XGBoost. Certain features such as GPU algorithms or federated learning are not available. To use these features, please upgrade to a recent Linux distro with glibc 2.28+, and install the 'manylinux_2_28' variant.
  warnings.warn(
[I 2025-05-18 17:16:22,916] Trial 5 finished with value: 0.6545454545454545 and parameters: {'n_estimators': 100, 'max_depth': 20, 'gamma': 0.48380821541644814, 'subsample': 0.8171899343169193, 'colsample_bytree': 0.7614531005141727}. Best is trial 5 with value: 0.6545454545454545.
/data/home/rtabares/anaconda3/envs/pyth3.12/lib/python3.12/site-packages/xgboost/core.py:377: FutureWarning: Your system has an old version of glibc (< 2.28). We will stop supporting Linux distros with glibc older than 2.28 after **May 31, 2025**. Please upgrade to a recent Linux distro (with glibc >= 2.28) to use future versions of XGBoost.
Note: You have installed the 'manylinux2014' variant of XGBoost. Certain features such as GPU algorithms or federated learning are not available. To use these features, please upgrade to a recent Linux distro with glibc 2.28+, and install the 'manylinux_2_28' variant.
  warnings.warn(
[I 2025-05-18 17:16:22,970] Trial 6 finished with value: 0.5878787878787878 and parameters: {'n_estimators': 10, 'max_depth': 5, 'gamma': 0.9599214907026333, 'subsample': 0.8414569271877088, 'colsample_bytree': 0.5265643453364788}. Best is trial 5 with value: 0.6545454545454545.
/data/home/rtabares/anaconda3/envs/pyth3.12/lib/python3.12/site-packages/xgboost/core.py:377: FutureWarning: Your system has an old version of glibc (< 2.28). We will stop supporting Linux distros with glibc older than 2.28 after **May 31, 2025**. Please upgrade to a recent Linux distro (with glibc >= 2.28) to use future versions of XGBoost.
Note: You have installed the 'manylinux2014' variant of XGBoost. Certain features such as GPU algorithms or federated learning are not available. To use these features, please upgrade to a recent Linux distro with glibc 2.28+, and install the 'manylinux_2_28' variant.
  warnings.warn(
/data/home/rtabares/anaconda3/envs/pyth3.12/lib/python3.12/site-packages/xgboost/core.py:377: FutureWarning: Your system has an old version of glibc (< 2.28). We will stop supporting Linux distros with glibc older than 2.28 after **May 31, 2025**. Please upgrade to a recent Linux distro (with glibc >= 2.28) to use future versions of XGBoost.
Note: You have installed the 'manylinux2014' variant of XGBoost. Certain features such as GPU algorithms or federated learning are not available. To use these features, please upgrade to a recent Linux distro with glibc 2.28+, and install the 'manylinux_2_28' variant.
  warnings.warn(
/data/home/rtabares/anaconda3/envs/pyth3.12/lib/python3.12/site-packages/xgboost/core.py:377: FutureWarning: Your system has an old version of glibc (< 2.28). We will stop supporting Linux distros with glibc older than 2.28 after **May 31, 2025**. Please upgrade to a recent Linux distro (with glibc >= 2.28) to use future versions of XGBoost.
Note: You have installed the 'manylinux2014' variant of XGBoost. Certain features such as GPU algorithms or federated learning are not available. To use these features, please upgrade to a recent Linux distro with glibc 2.28+, and install the 'manylinux_2_28' variant.
  warnings.warn(
/data/home/rtabares/anaconda3/envs/pyth3.12/lib/python3.12/site-packages/xgboost/core.py:377: FutureWarning: Your system has an old version of glibc (< 2.28). We will stop supporting Linux distros with glibc older than 2.28 after **May 31, 2025**. Please upgrade to a recent Linux distro (with glibc >= 2.28) to use future versions of XGBoost.
Note: You have installed the 'manylinux2014' variant of XGBoost. Certain features such as GPU algorithms or federated learning are not available. To use these features, please upgrade to a recent Linux distro with glibc 2.28+, and install the 'manylinux_2_28' variant.
  warnings.warn(
/data/home/rtabares/anaconda3/envs/pyth3.12/lib/python3.12/site-packages/xgboost/core.py:377: FutureWarning: Your system has an old version of glibc (< 2.28). We will stop supporting Linux distros with glibc older than 2.28 after **May 31, 2025**. Please upgrade to a recent Linux distro (with glibc >= 2.28) to use future versions of XGBoost.
Note: You have installed the 'manylinux2014' variant of XGBoost. Certain features such as GPU algorithms or federated learning are not available. To use these features, please upgrade to a recent Linux distro with glibc 2.28+, and install the 'manylinux_2_28' variant.
  warnings.warn(
[I 2025-05-18 17:16:23,039] Trial 7 finished with value: 0.6136363636363636 and parameters: {'n_estimators': 40, 'max_depth': 5, 'gamma': 0.5250915966595621, 'subsample': 0.9207383574491986, 'colsample_bytree': 0.565555321173957}. Best is trial 5 with value: 0.6545454545454545.
/data/home/rtabares/anaconda3/envs/pyth3.12/lib/python3.12/site-packages/xgboost/core.py:377: FutureWarning: Your system has an old version of glibc (< 2.28). We will stop supporting Linux distros with glibc older than 2.28 after **May 31, 2025**. Please upgrade to a recent Linux distro (with glibc >= 2.28) to use future versions of XGBoost.
Note: You have installed the 'manylinux2014' variant of XGBoost. Certain features such as GPU algorithms or federated learning are not available. To use these features, please upgrade to a recent Linux distro with glibc 2.28+, and install the 'manylinux_2_28' variant.
  warnings.warn(
/data/home/rtabares/anaconda3/envs/pyth3.12/lib/python3.12/site-packages/xgboost/core.py:377: FutureWarning: Your system has an old version of glibc (< 2.28). We will stop supporting Linux distros with glibc older than 2.28 after **May 31, 2025**. Please upgrade to a recent Linux distro (with glibc >= 2.28) to use future versions of XGBoost.
Note: You have installed the 'manylinux2014' variant of XGBoost. Certain features such as GPU algorithms or federated learning are not available. To use these features, please upgrade to a recent Linux distro with glibc 2.28+, and install the 'manylinux_2_28' variant.
  warnings.warn(
/data/home/rtabares/anaconda3/envs/pyth3.12/lib/python3.12/site-packages/xgboost/core.py:377: FutureWarning: Your system has an old version of glibc (< 2.28). We will stop supporting Linux distros with glibc older than 2.28 after **May 31, 2025**. Please upgrade to a recent Linux distro (with glibc >= 2.28) to use future versions of XGBoost.
Note: You have installed the 'manylinux2014' variant of XGBoost. Certain features such as GPU algorithms or federated learning are not available. To use these features, please upgrade to a recent Linux distro with glibc 2.28+, and install the 'manylinux_2_28' variant.
  warnings.warn(
/data/home/rtabares/anaconda3/envs/pyth3.12/lib/python3.12/site-packages/xgboost/core.py:377: FutureWarning: Your system has an old version of glibc (< 2.28). We will stop supporting Linux distros with glibc older than 2.28 after **May 31, 2025**. Please upgrade to a recent Linux distro (with glibc >= 2.28) to use future versions of XGBoost.
Note: You have installed the 'manylinux2014' variant of XGBoost. Certain features such as GPU algorithms or federated learning are not available. To use these features, please upgrade to a recent Linux distro with glibc 2.28+, and install the 'manylinux_2_28' variant.
  warnings.warn(
[I 2025-05-18 17:16:23,097] Trial 8 finished with value: 0.5977272727272729 and parameters: {'n_estimators': 100, 'max_depth': 5, 'gamma': 0.3919835527051987, 'subsample': 0.6502094521590198, 'colsample_bytree': 0.5827507002328938}. Best is trial 5 with value: 0.6545454545454545.
[I 2025-05-18 17:16:23,144] Trial 9 finished with value: 0.6121212121212122 and parameters: {'n_estimators': 100, 'max_depth': 5, 'gamma': 0.8003922413895069, 'subsample': 0.9436444759263674, 'colsample_bytree': 0.8374593849333938}. Best is trial 5 with value: 0.6545454545454545.
/data/home/rtabares/anaconda3/envs/pyth3.12/lib/python3.12/site-packages/xgboost/core.py:377: FutureWarning: Your system has an old version of glibc (< 2.28). We will stop supporting Linux distros with glibc older than 2.28 after **May 31, 2025**. Please upgrade to a recent Linux distro (with glibc >= 2.28) to use future versions of XGBoost.
Note: You have installed the 'manylinux2014' variant of XGBoost. Certain features such as GPU algorithms or federated learning are not available. To use these features, please upgrade to a recent Linux distro with glibc 2.28+, and install the 'manylinux_2_28' variant.
  warnings.warn(
/data/home/rtabares/anaconda3/envs/pyth3.12/lib/python3.12/site-packages/xgboost/core.py:377: FutureWarning: Your system has an old version of glibc (< 2.28). We will stop supporting Linux distros with glibc older than 2.28 after **May 31, 2025**. Please upgrade to a recent Linux distro (with glibc >= 2.28) to use future versions of XGBoost.
Note: You have installed the 'manylinux2014' variant of XGBoost. Certain features such as GPU algorithms or federated learning are not available. To use these features, please upgrade to a recent Linux distro with glibc 2.28+, and install the 'manylinux_2_28' variant.
  warnings.warn(
[I 2025-05-18 17:16:27,581] A new study created in memory with name: rf
Parámetros guardados en checkpoint_default_Doriginal_H/random/IPC_59/best_models_random_seed_7_space_original/xgb_best_params.json


>>> Optuna tuning rf metodo random IPC 59 seed 7


[I 2025-05-18 17:16:29,158] Trial 0 finished with value: 0.5613636363636363 and parameters: {'n_estimators': 130, 'max_depth': 17, 'min_samples_split': 5, 'min_samples_leaf': 8}. Best is trial 0 with value: 0.5613636363636363.
[I 2025-05-18 17:16:30,529] Trial 1 finished with value: 0.6393939393939394 and parameters: {'n_estimators': 492, 'max_depth': 12, 'min_samples_split': 6, 'min_samples_leaf': 1}. Best is trial 1 with value: 0.6393939393939394.
[I 2025-05-18 17:16:31,563] Trial 2 finished with value: 0.5628787878787879 and parameters: {'n_estimators': 207, 'max_depth': 11, 'min_samples_split': 8, 'min_samples_leaf': 9}. Best is trial 1 with value: 0.6393939393939394.
[I 2025-05-18 17:16:31,958] Trial 3 finished with value: 0.5704545454545455 and parameters: {'n_estimators': 252, 'max_depth': 4, 'min_samples_split': 4, 'min_samples_leaf': 10}. Best is trial 1 with value: 0.6393939393939394.
[I 2025-05-18 17:16:33,033] Trial 4 finished with value: 0.6128787878787879 and parameters: {'n_estimators': 185, 'max_depth': 11, 'min_samples_split': 10, 'min_samples_leaf': 1}. Best is trial 1 with value: 0.6393939393939394.
[I 2025-05-18 17:16:33,715] Trial 5 finished with value: 0.6227272727272728 and parameters: {'n_estimators': 340, 'max_depth': 20, 'min_samples_split': 4, 'min_samples_leaf': 6}. Best is trial 1 with value: 0.6393939393939394.
[I 2025-05-18 17:16:34,637] Trial 6 finished with value: 0.6053030303030303 and parameters: {'n_estimators': 464, 'max_depth': 5, 'min_samples_split': 6, 'min_samples_leaf': 8}. Best is trial 1 with value: 0.6393939393939394.
[I 2025-05-18 17:16:35,535] Trial 7 finished with value: 0.6227272727272727 and parameters: {'n_estimators': 368, 'max_depth': 11, 'min_samples_split': 3, 'min_samples_leaf': 5}. Best is trial 1 with value: 0.6393939393939394.
[I 2025-05-18 17:16:36,486] Trial 8 finished with value: 0.5977272727272728 and parameters: {'n_estimators': 249, 'max_depth': 11, 'min_samples_split': 5, 'min_samples_leaf': 9}. Best is trial 1 with value: 0.6393939393939394.
[I 2025-05-18 17:16:37,693] Trial 9 finished with value: 0.6310606060606061 and parameters: {'n_estimators': 408, 'max_depth': 8, 'min_samples_split': 7, 'min_samples_leaf': 3}. Best is trial 1 with value: 0.6393939393939394.
[I 2025-05-18 17:16:45,912] A new study created in memory with name: svc
Parámetros guardados en checkpoint_default_Doriginal_H/random/IPC_59/best_models_random_seed_7_space_original/rf_best_params.json


>>> Optuna tuning svc metodo random IPC 59 seed 7


[I 2025-05-18 17:16:51,226] Trial 0 finished with value: 0.5 and parameters: {'C': 0.020194502448102298, 'gamma': 0.13172711156111802}. Best is trial 0 with value: 0.5.
[I 2025-05-18 17:16:52,247] Trial 1 finished with value: 0.5287878787878787 and parameters: {'C': 0.5670703311028815, 'gamma': 0.0783178418343345}. Best is trial 1 with value: 0.5287878787878787.
[I 2025-05-18 17:16:53,027] Trial 2 finished with value: 0.6287878787878789 and parameters: {'C': 81.65034948781698, 'gamma': 0.014255533717547383}. Best is trial 2 with value: 0.6287878787878789.
[I 2025-05-18 17:16:53,051] Trial 3 finished with value: 0.5 and parameters: {'C': 1.0103732850016278, 'gamma': 0.00019418001640357854}. Best is trial 2 with value: 0.6287878787878789.
[I 2025-05-18 17:16:53,077] Trial 4 finished with value: 0.5166666666666666 and parameters: {'C': 0.11851025167261421, 'gamma': 0.00998918377985214}. Best is trial 2 with value: 0.6287878787878789.
[I 2025-05-18 17:16:53,103] Trial 5 finished with value: 0.49393939393939396 and parameters: {'C': 5.2109869371584665, 'gamma': 0.16404241128227343}. Best is trial 2 with value: 0.6287878787878789.
[I 2025-05-18 17:16:53,128] Trial 6 finished with value: 0.5 and parameters: {'C': 0.3340138940215422, 'gamma': 0.00018354619576988685}. Best is trial 2 with value: 0.6287878787878789.
[I 2025-05-18 17:16:53,154] Trial 7 finished with value: 0.5166666666666666 and parameters: {'C': 0.1420961781588805, 'gamma': 0.434884682155233}. Best is trial 2 with value: 0.6287878787878789.
[I 2025-05-18 17:16:53,189] Trial 8 finished with value: 0.525 and parameters: {'C': 0.07137422643361827, 'gamma': 0.006434219125545069}. Best is trial 2 with value: 0.6287878787878789.
[I 2025-05-18 17:16:53,226] Trial 9 finished with value: 0.543939393939394 and parameters: {'C': 53.066944048916255, 'gamma': 0.00012577574840733457}. Best is trial 2 with value: 0.6287878787878789.
[I 2025-05-18 17:16:59,050] A new study created in memory with name: logreg
Parámetros guardados en checkpoint_default_Doriginal_H/random/IPC_59/best_models_random_seed_7_space_original/svc_best_params.json


>>> Optuna tuning logreg metodo random IPC 59 seed 7


[I 2025-05-18 17:17:01,832] Trial 0 finished with value: 0.5143939393939394 and parameters: {'C': 0.002407362254570802, 'penalty': 'l2'}. Best is trial 0 with value: 0.5143939393939394.
[I 2025-05-18 17:17:02,081] Trial 1 finished with value: 0.6454545454545454 and parameters: {'C': 7.935859334260497, 'penalty': 'l2'}. Best is trial 1 with value: 0.6454545454545454.
[I 2025-05-18 17:17:03,454] Trial 2 finished with value: 0.6212121212121213 and parameters: {'C': 0.15561310098067915, 'penalty': 'l2'}. Best is trial 1 with value: 0.6454545454545454.
[I 2025-05-18 17:17:04,866] Trial 3 finished with value: 0.6371212121212121 and parameters: {'C': 4.143104515916128, 'penalty': 'l2'}. Best is trial 1 with value: 0.6454545454545454.
[I 2025-05-18 17:17:04,920] Trial 4 finished with value: 0.6545454545454545 and parameters: {'C': 77.61533923098803, 'penalty': 'l2'}. Best is trial 4 with value: 0.6545454545454545.
[I 2025-05-18 17:17:04,943] Trial 5 finished with value: 0.6128787878787879 and parameters: {'C': 0.49258292359934785, 'penalty': 'l2'}. Best is trial 4 with value: 0.6545454545454545.
[I 2025-05-18 17:17:04,966] Trial 6 finished with value: 0.6295454545454545 and parameters: {'C': 0.320333470047146, 'penalty': 'l2'}. Best is trial 4 with value: 0.6545454545454545.
[I 2025-05-18 17:17:04,990] Trial 7 finished with value: 0.5234848484848484 and parameters: {'C': 0.002292216671132896, 'penalty': 'l2'}. Best is trial 4 with value: 0.6545454545454545.
[I 2025-05-18 17:17:05,016] Trial 8 finished with value: 0.571969696969697 and parameters: {'C': 0.0219884643872214, 'penalty': 'l2'}. Best is trial 4 with value: 0.6545454545454545.
[I 2025-05-18 17:17:05,041] Trial 9 finished with value: 0.6295454545454545 and parameters: {'C': 0.31580027519646636, 'penalty': 'l2'}. Best is trial 4 with value: 0.6545454545454545.
[I 2025-05-18 17:17:10,631] A new study created in memory with name: mlp
Parámetros guardados en checkpoint_default_Doriginal_H/random/IPC_59/best_models_random_seed_7_space_original/logreg_best_params.json


>>> Optuna tuning mlp metodo random IPC 59 seed 7


/data/home/rtabares/anaconda3/envs/pyth3.12/lib/python3.12/site-packages/sklearn/neural_network/_multilayer_perceptron.py:691: ConvergenceWarning: Stochastic Optimizer: Maximum iterations (100) reached and the optimization hasn't converged yet.
  warnings.warn(
/data/home/rtabares/anaconda3/envs/pyth3.12/lib/python3.12/site-packages/sklearn/neural_network/_multilayer_perceptron.py:691: ConvergenceWarning: Stochastic Optimizer: Maximum iterations (100) reached and the optimization hasn't converged yet.
  warnings.warn(
/data/home/rtabares/anaconda3/envs/pyth3.12/lib/python3.12/site-packages/sklearn/neural_network/_multilayer_perceptron.py:691: ConvergenceWarning: Stochastic Optimizer: Maximum iterations (100) reached and the optimization hasn't converged yet.
  warnings.warn(
/data/home/rtabares/anaconda3/envs/pyth3.12/lib/python3.12/site-packages/sklearn/neural_network/_multilayer_perceptron.py:691: ConvergenceWarning: Stochastic Optimizer: Maximum iterations (100) reached and the optimization hasn't converged yet.
  warnings.warn(
/data/home/rtabares/anaconda3/envs/pyth3.12/lib/python3.12/site-packages/sklearn/neural_network/_multilayer_perceptron.py:691: ConvergenceWarning: Stochastic Optimizer: Maximum iterations (100) reached and the optimization hasn't converged yet.
  warnings.warn(
[I 2025-05-18 17:17:13,087] Trial 0 finished with value: 0.5954545454545455 and parameters: {'hidden_layer_sizes': (200,), 'max_iter': 100, 'alpha': 0.0001}. Best is trial 0 with value: 0.5954545454545455.
/data/home/rtabares/anaconda3/envs/pyth3.12/lib/python3.12/site-packages/sklearn/neural_network/_multilayer_perceptron.py:691: ConvergenceWarning: Stochastic Optimizer: Maximum iterations (100) reached and the optimization hasn't converged yet.
  warnings.warn(
/data/home/rtabares/anaconda3/envs/pyth3.12/lib/python3.12/site-packages/sklearn/neural_network/_multilayer_perceptron.py:691: ConvergenceWarning: Stochastic Optimizer: Maximum iterations (100) reached and the optimization hasn't converged yet.
  warnings.warn(
/data/home/rtabares/anaconda3/envs/pyth3.12/lib/python3.12/site-packages/sklearn/neural_network/_multilayer_perceptron.py:691: ConvergenceWarning: Stochastic Optimizer: Maximum iterations (100) reached and the optimization hasn't converged yet.
  warnings.warn(
/data/home/rtabares/anaconda3/envs/pyth3.12/lib/python3.12/site-packages/sklearn/neural_network/_multilayer_perceptron.py:691: ConvergenceWarning: Stochastic Optimizer: Maximum iterations (100) reached and the optimization hasn't converged yet.
  warnings.warn(
/data/home/rtabares/anaconda3/envs/pyth3.12/lib/python3.12/site-packages/sklearn/neural_network/_multilayer_perceptron.py:691: ConvergenceWarning: Stochastic Optimizer: Maximum iterations (100) reached and the optimization hasn't converged yet.
  warnings.warn(
