[I 2025-05-18 17:36:39,600] Trial 9 finished with value: 0.553030303030303 and parameters: {'n_estimators': 100, 'max_depth': 30, 'gamma': 0.5427360453562716, 'subsample': 0.5915763668266103, 'colsample_bytree': 0.5546552575823498}. Best is trial 3 with value: 0.5712121212121211.
/data/home/rtabares/anaconda3/envs/pyth3.12/lib/python3.12/site-packages/xgboost/core.py:377: FutureWarning: Your system has an old version of glibc (< 2.28). We will stop supporting Linux distros with glibc older than 2.28 after **May 31, 2025**. Please upgrade to a recent Linux distro (with glibc >= 2.28) to use future versions of XGBoost.
Note: You have installed the 'manylinux2014' variant of XGBoost. Certain features such as GPU algorithms or federated learning are not available. To use these features, please upgrade to a recent Linux distro with glibc 2.28+, and install the 'manylinux_2_28' variant.
  warnings.warn(
/data/home/rtabares/anaconda3/envs/pyth3.12/lib/python3.12/site-packages/xgboost/core.py:377: FutureWarning: Your system has an old version of glibc (< 2.28). We will stop supporting Linux distros with glibc older than 2.28 after **May 31, 2025**. Please upgrade to a recent Linux distro (with glibc >= 2.28) to use future versions of XGBoost.
Note: You have installed the 'manylinux2014' variant of XGBoost. Certain features such as GPU algorithms or federated learning are not available. To use these features, please upgrade to a recent Linux distro with glibc 2.28+, and install the 'manylinux_2_28' variant.
  warnings.warn(
[I 2025-05-18 17:36:45,211] A new study created in memory with name: rf
Parámetros guardados en checkpoint_default_Doriginal_H/k_center/IPC_59/best_models_k_center_seed_9_space_original/xgb_best_params.json


>>> Optuna tuning rf metodo k_center IPC 59 seed 9


[I 2025-05-18 17:36:46,041] Trial 0 finished with value: 0.5113636363636364 and parameters: {'n_estimators': 104, 'max_depth': 12, 'min_samples_split': 6, 'min_samples_leaf': 2}. Best is trial 0 with value: 0.5113636363636364.
[I 2025-05-18 17:36:47,016] Trial 1 finished with value: 0.4924242424242424 and parameters: {'n_estimators': 156, 'max_depth': 6, 'min_samples_split': 5, 'min_samples_leaf': 3}. Best is trial 0 with value: 0.5113636363636364.
[I 2025-05-18 17:36:47,941] Trial 2 finished with value: 0.49393939393939396 and parameters: {'n_estimators': 133, 'max_depth': 9, 'min_samples_split': 3, 'min_samples_leaf': 9}. Best is trial 0 with value: 0.5113636363636364.
[I 2025-05-18 17:36:48,905] Trial 3 finished with value: 0.5204545454545455 and parameters: {'n_estimators': 481, 'max_depth': 3, 'min_samples_split': 8, 'min_samples_leaf': 6}. Best is trial 3 with value: 0.5204545454545455.
[I 2025-05-18 17:36:50,007] Trial 4 finished with value: 0.5196969696969697 and parameters: {'n_estimators': 460, 'max_depth': 15, 'min_samples_split': 6, 'min_samples_leaf': 8}. Best is trial 3 with value: 0.5204545454545455.
[I 2025-05-18 17:36:50,625] Trial 5 finished with value: 0.5196969696969698 and parameters: {'n_estimators': 254, 'max_depth': 15, 'min_samples_split': 9, 'min_samples_leaf': 5}. Best is trial 3 with value: 0.5204545454545455.
[I 2025-05-18 17:36:51,832] Trial 6 finished with value: 0.5196969696969698 and parameters: {'n_estimators': 477, 'max_depth': 17, 'min_samples_split': 10, 'min_samples_leaf': 2}. Best is trial 3 with value: 0.5204545454545455.
[I 2025-05-18 17:36:52,642] Trial 7 finished with value: 0.5363636363636364 and parameters: {'n_estimators': 308, 'max_depth': 20, 'min_samples_split': 7, 'min_samples_leaf': 9}. Best is trial 7 with value: 0.5363636363636364.
[I 2025-05-18 17:36:53,332] Trial 8 finished with value: 0.5204545454545455 and parameters: {'n_estimators': 489, 'max_depth': 6, 'min_samples_split': 4, 'min_samples_leaf': 9}. Best is trial 7 with value: 0.5363636363636364.
[I 2025-05-18 17:36:54,006] Trial 9 finished with value: 0.5022727272727273 and parameters: {'n_estimators': 463, 'max_depth': 16, 'min_samples_split': 5, 'min_samples_leaf': 5}. Best is trial 7 with value: 0.5363636363636364.
[I 2025-05-18 17:36:58,865] A new study created in memory with name: svc
Parámetros guardados en checkpoint_default_Doriginal_H/k_center/IPC_59/best_models_k_center_seed_9_space_original/rf_best_params.json


>>> Optuna tuning svc metodo k_center IPC 59 seed 9


[I 2025-05-18 17:37:01,326] Trial 0 finished with value: 0.5166666666666667 and parameters: {'C': 0.011002632709098882, 'gamma': 0.010174155443038872}. Best is trial 0 with value: 0.5166666666666667.
[I 2025-05-18 17:37:02,660] Trial 1 finished with value: 0.5007575757575757 and parameters: {'C': 0.9618186025955839, 'gamma': 0.00034301895208247704}. Best is trial 0 with value: 0.5166666666666667.
[I 2025-05-18 17:37:02,697] Trial 2 finished with value: 0.525 and parameters: {'C': 0.03702067575132929, 'gamma': 0.0007485739374074099}. Best is trial 2 with value: 0.525.
[I 2025-05-18 17:37:02,721] Trial 3 finished with value: 0.5348484848484849 and parameters: {'C': 0.47209861032825945, 'gamma': 0.0009826631576890102}. Best is trial 3 with value: 0.5348484848484849.
[I 2025-05-18 17:37:02,746] Trial 4 finished with value: 0.5166666666666667 and parameters: {'C': 0.021688953850108893, 'gamma': 0.0024098752433673273}. Best is trial 3 with value: 0.5348484848484849.
[I 2025-05-18 17:37:02,777] Trial 5 finished with value: 0.39166666666666666 and parameters: {'C': 0.04646280084231645, 'gamma': 0.3267656089424253}. Best is trial 3 with value: 0.5348484848484849.
[I 2025-05-18 17:37:02,802] Trial 6 finished with value: 0.5083333333333333 and parameters: {'C': 63.65845976154302, 'gamma': 0.00014288725836502733}. Best is trial 3 with value: 0.5348484848484849.
[I 2025-05-18 17:37:02,847] Trial 7 finished with value: 0.3643939393939394 and parameters: {'C': 6.257913640897913, 'gamma': 0.01954516145303057}. Best is trial 3 with value: 0.5348484848484849.
[I 2025-05-18 17:37:02,871] Trial 8 finished with value: 0.35530303030303034 and parameters: {'C': 39.08665206604184, 'gamma': 0.04651530700450706}. Best is trial 3 with value: 0.5348484848484849.
[I 2025-05-18 17:37:02,905] Trial 9 finished with value: 0.346969696969697 and parameters: {'C': 1.553642640603634, 'gamma': 0.06452227863024562}. Best is trial 3 with value: 0.5348484848484849.
[I 2025-05-18 17:37:08,682] A new study created in memory with name: logreg
Parámetros guardados en checkpoint_default_Doriginal_H/k_center/IPC_59/best_models_k_center_seed_9_space_original/svc_best_params.json


>>> Optuna tuning logreg metodo k_center IPC 59 seed 9


[I 2025-05-18 17:37:10,760] Trial 0 finished with value: 0.55 and parameters: {'C': 0.0011268620922535318, 'penalty': 'l2'}. Best is trial 0 with value: 0.55.
[I 2025-05-18 17:37:11,926] Trial 1 finished with value: 0.48560606060606054 and parameters: {'C': 0.32312678588710475, 'penalty': 'l2'}. Best is trial 0 with value: 0.55.
[I 2025-05-18 17:37:12,881] Trial 2 finished with value: 0.5022727272727272 and parameters: {'C': 0.3012079745112611, 'penalty': 'l2'}. Best is trial 0 with value: 0.55.
[I 2025-05-18 17:37:12,909] Trial 3 finished with value: 0.5416666666666667 and parameters: {'C': 0.004668180550042529, 'penalty': 'l2'}. Best is trial 0 with value: 0.55.
[I 2025-05-18 17:37:12,934] Trial 4 finished with value: 0.5416666666666667 and parameters: {'C': 0.005135177115384908, 'penalty': 'l2'}. Best is trial 0 with value: 0.55.
[I 2025-05-18 17:37:12,969] Trial 5 finished with value: 0.5166666666666667 and parameters: {'C': 0.01238207351349697, 'penalty': 'l2'}. Best is trial 0 with value: 0.55.
[I 2025-05-18 17:37:12,994] Trial 6 finished with value: 0.5189393939393939 and parameters: {'C': 0.12374877330306278, 'penalty': 'l2'}. Best is trial 0 with value: 0.55.
[I 2025-05-18 17:37:13,020] Trial 7 finished with value: 0.5075757575757576 and parameters: {'C': 0.017398261017749217, 'penalty': 'l2'}. Best is trial 0 with value: 0.55.
[I 2025-05-18 17:37:13,035] Trial 8 finished with value: 0.5416666666666667 and parameters: {'C': 0.002632074973627294, 'penalty': 'l2'}. Best is trial 0 with value: 0.55.
[I 2025-05-18 17:37:13,069] Trial 9 finished with value: 0.509090909090909 and parameters: {'C': 0.053394091359671186, 'penalty': 'l2'}. Best is trial 0 with value: 0.55.
[I 2025-05-18 17:37:18,566] A new study created in memory with name: mlp
Parámetros guardados en checkpoint_default_Doriginal_H/k_center/IPC_59/best_models_k_center_seed_9_space_original/logreg_best_params.json


>>> Optuna tuning mlp metodo k_center IPC 59 seed 9


/data/home/rtabares/anaconda3/envs/pyth3.12/lib/python3.12/site-packages/sklearn/neural_network/_multilayer_perceptron.py:691: ConvergenceWarning: Stochastic Optimizer: Maximum iterations (100) reached and the optimization hasn't converged yet.
  warnings.warn(
/data/home/rtabares/anaconda3/envs/pyth3.12/lib/python3.12/site-packages/sklearn/neural_network/_multilayer_perceptron.py:691: ConvergenceWarning: Stochastic Optimizer: Maximum iterations (100) reached and the optimization hasn't converged yet.
  warnings.warn(
/data/home/rtabares/anaconda3/envs/pyth3.12/lib/python3.12/site-packages/sklearn/neural_network/_multilayer_perceptron.py:691: ConvergenceWarning: Stochastic Optimizer: Maximum iterations (100) reached and the optimization hasn't converged yet.
  warnings.warn(
/data/home/rtabares/anaconda3/envs/pyth3.12/lib/python3.12/site-packages/sklearn/neural_network/_multilayer_perceptron.py:691: ConvergenceWarning: Stochastic Optimizer: Maximum iterations (100) reached and the optimization hasn't converged yet.
  warnings.warn(
[I 2025-05-18 17:37:21,105] Trial 0 finished with value: 0.47727272727272724 and parameters: {'hidden_layer_sizes': (200,), 'max_iter': 100, 'alpha': 0.001}. Best is trial 0 with value: 0.47727272727272724.
/data/home/rtabares/anaconda3/envs/pyth3.12/lib/python3.12/site-packages/sklearn/neural_network/_multilayer_perceptron.py:691: ConvergenceWarning: Stochastic Optimizer: Maximum iterations (100) reached and the optimization hasn't converged yet.
  warnings.warn(
/data/home/rtabares/anaconda3/envs/pyth3.12/lib/python3.12/site-packages/sklearn/neural_network/_multilayer_perceptron.py:691: ConvergenceWarning: Stochastic Optimizer: Maximum iterations (100) reached and the optimization hasn't converged yet.
  warnings.warn(
/data/home/rtabares/anaconda3/envs/pyth3.12/lib/python3.12/site-packages/sklearn/neural_network/_multilayer_perceptron.py:691: ConvergenceWarning: Stochastic Optimizer: Maximum iterations (100) reached and the optimization hasn't converged yet.
  warnings.warn(
/data/home/rtabares/anaconda3/envs/pyth3.12/lib/python3.12/site-packages/sklearn/neural_network/_multilayer_perceptron.py:691: ConvergenceWarning: Stochastic Optimizer: Maximum iterations (100) reached and the optimization hasn't converged yet.
  warnings.warn(
[I 2025-05-18 17:37:22,711] Trial 1 finished with value: 0.43484848484848476 and parameters: {'hidden_layer_sizes': (100, 100), 'max_iter': 100, 'alpha': 0.0001}. Best is trial 0 with value: 0.47727272727272724.
/data/home/rtabares/anaconda3/envs/pyth3.12/lib/python3.12/site-packages/sklearn/neural_network/_multilayer_perceptron.py:691: ConvergenceWarning: Stochastic Optimizer: Maximum iterations (50) reached and the optimization hasn't converged yet.
  warnings.warn(
/data/home/rtabares/anaconda3/envs/pyth3.12/lib/python3.12/site-packages/sklearn/neural_network/_multilayer_perceptron.py:691: ConvergenceWarning: Stochastic Optimizer: Maximum iterations (50) reached and the optimization hasn't converged yet.
  warnings.warn(
/data/home/rtabares/anaconda3/envs/pyth3.12/lib/python3.12/site-packages/sklearn/neural_network/_multilayer_perceptron.py:691: ConvergenceWarning: Stochastic Optimizer: Maximum iterations (50) reached and the optimization hasn't converged yet.
  warnings.warn(
[I 2025-05-18 17:37:23,677] Trial 2 finished with value: 0.3840909090909091 and parameters: {'hidden_layer_sizes': (100, 100), 'max_iter': 50, 'alpha': 0.0001}. Best is trial 0 with value: 0.47727272727272724.
/data/home/rtabares/anaconda3/envs/pyth3.12/lib/python3.12/site-packages/sklearn/neural_network/_multilayer_perceptron.py:691: ConvergenceWarning: Stochastic Optimizer: Maximum iterations (50) reached and the optimization hasn't converged yet.
  warnings.warn(
/data/home/rtabares/anaconda3/envs/pyth3.12/lib/python3.12/site-packages/sklearn/neural_network/_multilayer_perceptron.py:691: ConvergenceWarning: Stochastic Optimizer: Maximum iterations (50) reached and the optimization hasn't converged yet.
  warnings.warn(
/data/home/rtabares/anaconda3/envs/pyth3.12/lib/python3.12/site-packages/sklearn/neural_network/_multilayer_perceptron.py:691: ConvergenceWarning: Stochastic Optimizer: Maximum iterations (50) reached and the optimization hasn't converged yet.
  warnings.warn(
/data/home/rtabares/anaconda3/envs/pyth3.12/lib/python3.12/site-packages/sklearn/neural_network/_multilayer_perceptron.py:691: ConvergenceWarning: Stochastic Optimizer: Maximum iterations (50) reached and the optimization hasn't converged yet.
  warnings.warn(
[I 2025-05-18 17:37:24,671] Trial 3 finished with value: 0.4515151515151515 and parameters: {'hidden_layer_sizes': (200,), 'max_iter': 50, 'alpha': 0.0001}. Best is trial 0 with value: 0.47727272727272724.
/data/home/rtabares/anaconda3/envs/pyth3.12/lib/python3.12/site-packages/sklearn/neural_network/_multilayer_perceptron.py:691: ConvergenceWarning: Stochastic Optimizer: Maximum iterations (100) reached and the optimization hasn't converged yet.
  warnings.warn(
/data/home/rtabares/anaconda3/envs/pyth3.12/lib/python3.12/site-packages/sklearn/neural_network/_multilayer_perceptron.py:691: ConvergenceWarning: Stochastic Optimizer: Maximum iterations (100) reached and the optimization hasn't converged yet.
  warnings.warn(
/data/home/rtabares/anaconda3/envs/pyth3.12/lib/python3.12/site-packages/sklearn/neural_network/_multilayer_perceptron.py:691: ConvergenceWarning: Stochastic Optimizer: Maximum iterations (100) reached and the optimization hasn't converged yet.
  warnings.warn(
/data/home/rtabares/anaconda3/envs/pyth3.12/lib/python3.12/site-packages/sklearn/neural_network/_multilayer_perceptron.py:691: ConvergenceWarning: Stochastic Optimizer: Maximum iterations (100) reached and the optimization hasn't converged yet.
  warnings.warn(
/data/home/rtabares/anaconda3/envs/pyth3.12/lib/python3.12/site-packages/sklearn/neural_network/_multilayer_perceptron.py:691: ConvergenceWarning: Stochastic Optimizer: Maximum iterations (100) reached and the optimization hasn't converged yet.
  warnings.warn(
[I 2025-05-18 17:37:24,886] Trial 4 finished with value: 0.4606060606060606 and parameters: {'hidden_layer_sizes': (200,), 'max_iter': 100, 'alpha': 0.001}. Best is trial 0 with value: 0.47727272727272724.
/data/home/rtabares/anaconda3/envs/pyth3.12/lib/python3.12/site-packages/sklearn/neural_network/_multilayer_perceptron.py:691: ConvergenceWarning: Stochastic Optimizer: Maximum iterations (100) reached and the optimization hasn't converged yet.
  warnings.warn(
/data/home/rtabares/anaconda3/envs/pyth3.12/lib/python3.12/site-packages/sklearn/neural_network/_multilayer_perceptron.py:691: ConvergenceWarning: Stochastic Optimizer: Maximum iterations (100) reached and the optimization hasn't converged yet.
  warnings.warn(
/data/home/rtabares/anaconda3/envs/pyth3.12/lib/python3.12/site-packages/sklearn/neural_network/_multilayer_perceptron.py:691: ConvergenceWarning: Stochastic Optimizer: Maximum iterations (100) reached and the optimization hasn't converged yet.
  warnings.warn(
/data/home/rtabares/anaconda3/envs/pyth3.12/lib/python3.12/site-packages/sklearn/neural_network/_multilayer_perceptron.py:691: ConvergenceWarning: Stochastic Optimizer: Maximum iterations (100) reached and the optimization hasn't converged yet.
  warnings.warn(
/data/home/rtabares/anaconda3/envs/pyth3.12/lib/python3.12/site-packages/sklearn/neural_network/_multilayer_perceptron.py:691: ConvergenceWarning: Stochastic Optimizer: Maximum iterations (100) reached and the optimization hasn't converged yet.
  warnings.warn(
[I 2025-05-18 17:37:25,021] Trial 5 finished with value: 0.41818181818181815 and parameters: {'hidden_layer_sizes': (200,), 'max_iter': 100, 'alpha': 0.0001}. Best is trial 0 with value: 0.47727272727272724.
/data/home/rtabares/anaconda3/envs/pyth3.12/lib/python3.12/site-packages/sklearn/neural_network/_multilayer_perceptron.py:691: ConvergenceWarning: Stochastic Optimizer: Maximum iterations (100) reached and the optimization hasn't converged yet.
  warnings.warn(
/data/home/rtabares/anaconda3/envs/pyth3.12/lib/python3.12/site-packages/sklearn/neural_network/_multilayer_perceptron.py:691: ConvergenceWarning: Stochastic Optimizer: Maximum iterations (100) reached and the optimization hasn't converged yet.
  warnings.warn(
/data/home/rtabares/anaconda3/envs/pyth3.12/lib/python3.12/site-packages/sklearn/neural_network/_multilayer_perceptron.py:691: ConvergenceWarning: Stochastic Optimizer: Maximum iterations (100) reached and the optimization hasn't converged yet.
  warnings.warn(
/data/home/rtabares/anaconda3/envs/pyth3.12/lib/python3.12/site-packages/sklearn/neural_network/_multilayer_perceptron.py:691: ConvergenceWarning: Stochastic Optimizer: Maximum iterations (100) reached and the optimization hasn't converged yet.
  warnings.warn(
/data/home/rtabares/anaconda3/envs/pyth3.12/lib/python3.12/site-packages/sklearn/neural_network/_multilayer_perceptron.py:691: ConvergenceWarning: Stochastic Optimizer: Maximum iterations (100) reached and the optimization hasn't converged yet.
  warnings.warn(
[I 2025-05-18 17:37:25,204] Trial 6 finished with value: 0.44393939393939397 and parameters: {'hidden_layer_sizes': (100, 100), 'max_iter': 100, 'alpha': 0.001}. Best is trial 0 with value: 0.47727272727272724.
/data/home/rtabares/anaconda3/envs/pyth3.12/lib/python3.12/site-packages/sklearn/neural_network/_multilayer_perceptron.py:691: ConvergenceWarning: Stochastic Optimizer: Maximum iterations (50) reached and the optimization hasn't converged yet.
  warnings.warn(
/data/home/rtabares/anaconda3/envs/pyth3.12/lib/python3.12/site-packages/sklearn/neural_network/_multilayer_perceptron.py:691: ConvergenceWarning: Stochastic Optimizer: Maximum iterations (50) reached and the optimization hasn't converged yet.
  warnings.warn(
/data/home/rtabares/anaconda3/envs/pyth3.12/lib/python3.12/site-packages/sklearn/neural_network/_multilayer_perceptron.py:691: ConvergenceWarning: Stochastic Optimizer: Maximum iterations (50) reached and the optimization hasn't converged yet.
  warnings.warn(
/data/home/rtabares/anaconda3/envs/pyth3.12/lib/python3.12/site-packages/sklearn/neural_network/_multilayer_perceptron.py:691: ConvergenceWarning: Stochastic Optimizer: Maximum iterations (50) reached and the optimization hasn't converged yet.
  warnings.warn(
/data/home/rtabares/anaconda3/envs/pyth3.12/lib/python3.12/site-packages/sklearn/neural_network/_multilayer_perceptron.py:691: ConvergenceWarning: Stochastic Optimizer: Maximum iterations (50) reached and the optimization hasn't converged yet.
  warnings.warn(
[I 2025-05-18 17:37:25,360] Trial 7 finished with value: 0.42651515151515157 and parameters: {'hidden_layer_sizes': (200,), 'max_iter': 50, 'alpha': 0.001}. Best is trial 0 with value: 0.47727272727272724.
/data/home/rtabares/anaconda3/envs/pyth3.12/lib/python3.12/site-packages/sklearn/neural_network/_multilayer_perceptron.py:691: ConvergenceWarning: Stochastic Optimizer: Maximum iterations (100) reached and the optimization hasn't converged yet.
  warnings.warn(
/data/home/rtabares/anaconda3/envs/pyth3.12/lib/python3.12/site-packages/sklearn/neural_network/_multilayer_perceptron.py:691: ConvergenceWarning: Stochastic Optimizer: Maximum iterations (100) reached and the optimization hasn't converged yet.
  warnings.warn(
/data/home/rtabares/anaconda3/envs/pyth3.12/lib/python3.12/site-packages/sklearn/neural_network/_multilayer_perceptron.py:691: ConvergenceWarning: Stochastic Optimizer: Maximum iterations (100) reached and the optimization hasn't converged yet.
  warnings.warn(
/data/home/rtabares/anaconda3/envs/pyth3.12/lib/python3.12/site-packages/sklearn/neural_network/_multilayer_perceptron.py:691: ConvergenceWarning: Stochastic Optimizer: Maximum iterations (100) reached and the optimization hasn't converged yet.
  warnings.warn(
/data/home/rtabares/anaconda3/envs/pyth3.12/lib/python3.12/site-packages/sklearn/neural_network/_multilayer_perceptron.py:691: ConvergenceWarning: Stochastic Optimizer: Maximum iterations (100) reached and the optimization hasn't converged yet.
  warnings.warn(
