[I 2025-05-18 16:59:33,151] Trial 9 finished with value: 0.7560606060606061 and parameters: {'C': 3.274550070431994, 'gamma': 0.02086177421469992}. Best is trial 9 with value: 0.7560606060606061.
[I 2025-05-18 16:59:37,256] A new study created in memory with name: logreg
Parámetros guardados en checkpoint_default_Doriginal_H/random/IPC_59/best_models_random_seed_5_space_original/svc_best_params.json


>>> Optuna tuning logreg metodo random IPC 59 seed 5


[I 2025-05-18 16:59:38,706] Trial 0 finished with value: 0.6878787878787878 and parameters: {'C': 0.012881482725481003, 'penalty': 'l2'}. Best is trial 0 with value: 0.6878787878787878.
[I 2025-05-18 16:59:39,470] Trial 1 finished with value: 0.6515151515151515 and parameters: {'C': 22.576755560681583, 'penalty': 'l2'}. Best is trial 0 with value: 0.6878787878787878.
[I 2025-05-18 16:59:39,495] Trial 2 finished with value: 0.6795454545454545 and parameters: {'C': 0.010804278656839932, 'penalty': 'l2'}. Best is trial 0 with value: 0.6878787878787878.
[I 2025-05-18 16:59:39,533] Trial 3 finished with value: 0.6348484848484848 and parameters: {'C': 39.17910760336117, 'penalty': 'l2'}. Best is trial 0 with value: 0.6878787878787878.
[I 2025-05-18 16:59:39,557] Trial 4 finished with value: 0.6954545454545454 and parameters: {'C': 0.2767298094062571, 'penalty': 'l2'}. Best is trial 4 with value: 0.6954545454545454.
[I 2025-05-18 16:59:39,583] Trial 5 finished with value: 0.6871212121212121 and parameters: {'C': 1.1447728330837224, 'penalty': 'l2'}. Best is trial 4 with value: 0.6954545454545454.
[I 2025-05-18 16:59:39,609] Trial 6 finished with value: 0.6787878787878789 and parameters: {'C': 6.753661388238877, 'penalty': 'l2'}. Best is trial 4 with value: 0.6954545454545454.
[I 2025-05-18 16:59:39,634] Trial 7 finished with value: 0.7037878787878787 and parameters: {'C': 0.39092184460352974, 'penalty': 'l2'}. Best is trial 7 with value: 0.7037878787878787.
[I 2025-05-18 16:59:40,404] Trial 8 finished with value: 0.7295454545454546 and parameters: {'C': 0.03047912590082646, 'penalty': 'l2'}. Best is trial 8 with value: 0.7295454545454546.
[I 2025-05-18 16:59:40,429] Trial 9 finished with value: 0.6795454545454545 and parameters: {'C': 0.008681727362499118, 'penalty': 'l2'}. Best is trial 8 with value: 0.7295454545454546.
[I 2025-05-18 16:59:43,721] A new study created in memory with name: mlp
Parámetros guardados en checkpoint_default_Doriginal_H/random/IPC_59/best_models_random_seed_5_space_original/logreg_best_params.json


>>> Optuna tuning mlp metodo random IPC 59 seed 5


/data/home/rtabares/anaconda3/envs/pyth3.12/lib/python3.12/site-packages/sklearn/neural_network/_multilayer_perceptron.py:691: ConvergenceWarning: Stochastic Optimizer: Maximum iterations (50) reached and the optimization hasn't converged yet.
  warnings.warn(
/data/home/rtabares/anaconda3/envs/pyth3.12/lib/python3.12/site-packages/sklearn/neural_network/_multilayer_perceptron.py:691: ConvergenceWarning: Stochastic Optimizer: Maximum iterations (50) reached and the optimization hasn't converged yet.
  warnings.warn(
/data/home/rtabares/anaconda3/envs/pyth3.12/lib/python3.12/site-packages/sklearn/neural_network/_multilayer_perceptron.py:691: ConvergenceWarning: Stochastic Optimizer: Maximum iterations (50) reached and the optimization hasn't converged yet.
  warnings.warn(
/data/home/rtabares/anaconda3/envs/pyth3.12/lib/python3.12/site-packages/sklearn/neural_network/_multilayer_perceptron.py:691: ConvergenceWarning: Stochastic Optimizer: Maximum iterations (50) reached and the optimization hasn't converged yet.
  warnings.warn(
/data/home/rtabares/anaconda3/envs/pyth3.12/lib/python3.12/site-packages/sklearn/neural_network/_multilayer_perceptron.py:691: ConvergenceWarning: Stochastic Optimizer: Maximum iterations (50) reached and the optimization hasn't converged yet.
  warnings.warn(
[I 2025-05-18 16:59:46,810] Trial 0 finished with value: 0.7462121212121213 and parameters: {'hidden_layer_sizes': (200,), 'max_iter': 50, 'alpha': 0.001}. Best is trial 0 with value: 0.7462121212121213.
/data/home/rtabares/anaconda3/envs/pyth3.12/lib/python3.12/site-packages/sklearn/neural_network/_multilayer_perceptron.py:691: ConvergenceWarning: Stochastic Optimizer: Maximum iterations (100) reached and the optimization hasn't converged yet.
  warnings.warn(
/data/home/rtabares/anaconda3/envs/pyth3.12/lib/python3.12/site-packages/sklearn/neural_network/_multilayer_perceptron.py:691: ConvergenceWarning: Stochastic Optimizer: Maximum iterations (100) reached and the optimization hasn't converged yet.
  warnings.warn(
/data/home/rtabares/anaconda3/envs/pyth3.12/lib/python3.12/site-packages/sklearn/neural_network/_multilayer_perceptron.py:691: ConvergenceWarning: Stochastic Optimizer: Maximum iterations (100) reached and the optimization hasn't converged yet.
  warnings.warn(
/data/home/rtabares/anaconda3/envs/pyth3.12/lib/python3.12/site-packages/sklearn/neural_network/_multilayer_perceptron.py:691: ConvergenceWarning: Stochastic Optimizer: Maximum iterations (100) reached and the optimization hasn't converged yet.
  warnings.warn(
/data/home/rtabares/anaconda3/envs/pyth3.12/lib/python3.12/site-packages/sklearn/neural_network/_multilayer_perceptron.py:691: ConvergenceWarning: Stochastic Optimizer: Maximum iterations (100) reached and the optimization hasn't converged yet.
  warnings.warn(
[I 2025-05-18 16:59:47,703] Trial 1 finished with value: 0.7121212121212122 and parameters: {'hidden_layer_sizes': (100,), 'max_iter': 100, 'alpha': 0.0001}. Best is trial 0 with value: 0.7462121212121213.
/data/home/rtabares/anaconda3/envs/pyth3.12/lib/python3.12/site-packages/sklearn/neural_network/_multilayer_perceptron.py:691: ConvergenceWarning: Stochastic Optimizer: Maximum iterations (100) reached and the optimization hasn't converged yet.
  warnings.warn(
/data/home/rtabares/anaconda3/envs/pyth3.12/lib/python3.12/site-packages/sklearn/neural_network/_multilayer_perceptron.py:691: ConvergenceWarning: Stochastic Optimizer: Maximum iterations (100) reached and the optimization hasn't converged yet.
  warnings.warn(
/data/home/rtabares/anaconda3/envs/pyth3.12/lib/python3.12/site-packages/sklearn/neural_network/_multilayer_perceptron.py:691: ConvergenceWarning: Stochastic Optimizer: Maximum iterations (100) reached and the optimization hasn't converged yet.
  warnings.warn(
/data/home/rtabares/anaconda3/envs/pyth3.12/lib/python3.12/site-packages/sklearn/neural_network/_multilayer_perceptron.py:691: ConvergenceWarning: Stochastic Optimizer: Maximum iterations (100) reached and the optimization hasn't converged yet.
  warnings.warn(
[I 2025-05-18 16:59:47,791] Trial 2 finished with value: 0.7037878787878789 and parameters: {'hidden_layer_sizes': (100,), 'max_iter': 100, 'alpha': 0.001}. Best is trial 0 with value: 0.7462121212121213.
/data/home/rtabares/anaconda3/envs/pyth3.12/lib/python3.12/site-packages/sklearn/neural_network/_multilayer_perceptron.py:691: ConvergenceWarning: Stochastic Optimizer: Maximum iterations (50) reached and the optimization hasn't converged yet.
  warnings.warn(
/data/home/rtabares/anaconda3/envs/pyth3.12/lib/python3.12/site-packages/sklearn/neural_network/_multilayer_perceptron.py:691: ConvergenceWarning: Stochastic Optimizer: Maximum iterations (50) reached and the optimization hasn't converged yet.
  warnings.warn(
/data/home/rtabares/anaconda3/envs/pyth3.12/lib/python3.12/site-packages/sklearn/neural_network/_multilayer_perceptron.py:691: ConvergenceWarning: Stochastic Optimizer: Maximum iterations (50) reached and the optimization hasn't converged yet.
  warnings.warn(
/data/home/rtabares/anaconda3/envs/pyth3.12/lib/python3.12/site-packages/sklearn/neural_network/_multilayer_perceptron.py:691: ConvergenceWarning: Stochastic Optimizer: Maximum iterations (50) reached and the optimization hasn't converged yet.
  warnings.warn(
/data/home/rtabares/anaconda3/envs/pyth3.12/lib/python3.12/site-packages/sklearn/neural_network/_multilayer_perceptron.py:691: ConvergenceWarning: Stochastic Optimizer: Maximum iterations (50) reached and the optimization hasn't converged yet.
  warnings.warn(
[I 2025-05-18 16:59:48,492] Trial 3 finished with value: 0.7121212121212122 and parameters: {'hidden_layer_sizes': (200,), 'max_iter': 50, 'alpha': 0.001}. Best is trial 0 with value: 0.7462121212121213.
/data/home/rtabares/anaconda3/envs/pyth3.12/lib/python3.12/site-packages/sklearn/neural_network/_multilayer_perceptron.py:691: ConvergenceWarning: Stochastic Optimizer: Maximum iterations (100) reached and the optimization hasn't converged yet.
  warnings.warn(
/data/home/rtabares/anaconda3/envs/pyth3.12/lib/python3.12/site-packages/sklearn/neural_network/_multilayer_perceptron.py:691: ConvergenceWarning: Stochastic Optimizer: Maximum iterations (100) reached and the optimization hasn't converged yet.
  warnings.warn(
[I 2025-05-18 16:59:48,599] Trial 4 finished with value: 0.7121212121212122 and parameters: {'hidden_layer_sizes': (100,), 'max_iter': 100, 'alpha': 0.0001}. Best is trial 0 with value: 0.7462121212121213.
/data/home/rtabares/anaconda3/envs/pyth3.12/lib/python3.12/site-packages/sklearn/neural_network/_multilayer_perceptron.py:691: ConvergenceWarning: Stochastic Optimizer: Maximum iterations (100) reached and the optimization hasn't converged yet.
  warnings.warn(
/data/home/rtabares/anaconda3/envs/pyth3.12/lib/python3.12/site-packages/sklearn/neural_network/_multilayer_perceptron.py:691: ConvergenceWarning: Stochastic Optimizer: Maximum iterations (100) reached and the optimization hasn't converged yet.
  warnings.warn(
/data/home/rtabares/anaconda3/envs/pyth3.12/lib/python3.12/site-packages/sklearn/neural_network/_multilayer_perceptron.py:691: ConvergenceWarning: Stochastic Optimizer: Maximum iterations (100) reached and the optimization hasn't converged yet.
  warnings.warn(
/data/home/rtabares/anaconda3/envs/pyth3.12/lib/python3.12/site-packages/sklearn/neural_network/_multilayer_perceptron.py:691: ConvergenceWarning: Stochastic Optimizer: Maximum iterations (100) reached and the optimization hasn't converged yet.
  warnings.warn(
[I 2025-05-18 16:59:48,735] Trial 5 finished with value: 0.7121212121212122 and parameters: {'hidden_layer_sizes': (100,), 'max_iter': 100, 'alpha': 0.001}. Best is trial 0 with value: 0.7462121212121213.
/data/home/rtabares/anaconda3/envs/pyth3.12/lib/python3.12/site-packages/sklearn/neural_network/_multilayer_perceptron.py:691: ConvergenceWarning: Stochastic Optimizer: Maximum iterations (100) reached and the optimization hasn't converged yet.
  warnings.warn(
/data/home/rtabares/anaconda3/envs/pyth3.12/lib/python3.12/site-packages/sklearn/neural_network/_multilayer_perceptron.py:691: ConvergenceWarning: Stochastic Optimizer: Maximum iterations (100) reached and the optimization hasn't converged yet.
  warnings.warn(
/data/home/rtabares/anaconda3/envs/pyth3.12/lib/python3.12/site-packages/sklearn/neural_network/_multilayer_perceptron.py:691: ConvergenceWarning: Stochastic Optimizer: Maximum iterations (100) reached and the optimization hasn't converged yet.
  warnings.warn(
/data/home/rtabares/anaconda3/envs/pyth3.12/lib/python3.12/site-packages/sklearn/neural_network/_multilayer_perceptron.py:691: ConvergenceWarning: Stochastic Optimizer: Maximum iterations (100) reached and the optimization hasn't converged yet.
  warnings.warn(
/data/home/rtabares/anaconda3/envs/pyth3.12/lib/python3.12/site-packages/sklearn/neural_network/_multilayer_perceptron.py:691: ConvergenceWarning: Stochastic Optimizer: Maximum iterations (100) reached and the optimization hasn't converged yet.
  warnings.warn(
[I 2025-05-18 16:59:48,862] Trial 6 finished with value: 0.6871212121212122 and parameters: {'hidden_layer_sizes': (200,), 'max_iter': 100, 'alpha': 0.001}. Best is trial 0 with value: 0.7462121212121213.
/data/home/rtabares/anaconda3/envs/pyth3.12/lib/python3.12/site-packages/sklearn/neural_network/_multilayer_perceptron.py:691: ConvergenceWarning: Stochastic Optimizer: Maximum iterations (100) reached and the optimization hasn't converged yet.
  warnings.warn(
/data/home/rtabares/anaconda3/envs/pyth3.12/lib/python3.12/site-packages/sklearn/neural_network/_multilayer_perceptron.py:691: ConvergenceWarning: Stochastic Optimizer: Maximum iterations (100) reached and the optimization hasn't converged yet.
  warnings.warn(
/data/home/rtabares/anaconda3/envs/pyth3.12/lib/python3.12/site-packages/sklearn/neural_network/_multilayer_perceptron.py:691: ConvergenceWarning: Stochastic Optimizer: Maximum iterations (100) reached and the optimization hasn't converged yet.
  warnings.warn(
/data/home/rtabares/anaconda3/envs/pyth3.12/lib/python3.12/site-packages/sklearn/neural_network/_multilayer_perceptron.py:691: ConvergenceWarning: Stochastic Optimizer: Maximum iterations (100) reached and the optimization hasn't converged yet.
  warnings.warn(
/data/home/rtabares/anaconda3/envs/pyth3.12/lib/python3.12/site-packages/sklearn/neural_network/_multilayer_perceptron.py:691: ConvergenceWarning: Stochastic Optimizer: Maximum iterations (100) reached and the optimization hasn't converged yet.
  warnings.warn(
[I 2025-05-18 16:59:49,000] Trial 7 finished with value: 0.6871212121212121 and parameters: {'hidden_layer_sizes': (200,), 'max_iter': 100, 'alpha': 0.001}. Best is trial 0 with value: 0.7462121212121213.
/data/home/rtabares/anaconda3/envs/pyth3.12/lib/python3.12/site-packages/sklearn/neural_network/_multilayer_perceptron.py:691: ConvergenceWarning: Stochastic Optimizer: Maximum iterations (100) reached and the optimization hasn't converged yet.
  warnings.warn(
/data/home/rtabares/anaconda3/envs/pyth3.12/lib/python3.12/site-packages/sklearn/neural_network/_multilayer_perceptron.py:691: ConvergenceWarning: Stochastic Optimizer: Maximum iterations (100) reached and the optimization hasn't converged yet.
  warnings.warn(
/data/home/rtabares/anaconda3/envs/pyth3.12/lib/python3.12/site-packages/sklearn/neural_network/_multilayer_perceptron.py:691: ConvergenceWarning: Stochastic Optimizer: Maximum iterations (100) reached and the optimization hasn't converged yet.
  warnings.warn(
/data/home/rtabares/anaconda3/envs/pyth3.12/lib/python3.12/site-packages/sklearn/neural_network/_multilayer_perceptron.py:691: ConvergenceWarning: Stochastic Optimizer: Maximum iterations (100) reached and the optimization hasn't converged yet.
  warnings.warn(
/data/home/rtabares/anaconda3/envs/pyth3.12/lib/python3.12/site-packages/sklearn/neural_network/_multilayer_perceptron.py:691: ConvergenceWarning: Stochastic Optimizer: Maximum iterations (100) reached and the optimization hasn't converged yet.
  warnings.warn(
[I 2025-05-18 16:59:49,087] Trial 8 finished with value: 0.7121212121212122 and parameters: {'hidden_layer_sizes': (100,), 'max_iter': 100, 'alpha': 0.001}. Best is trial 0 with value: 0.7462121212121213.
/data/home/rtabares/anaconda3/envs/pyth3.12/lib/python3.12/site-packages/sklearn/neural_network/_multilayer_perceptron.py:691: ConvergenceWarning: Stochastic Optimizer: Maximum iterations (50) reached and the optimization hasn't converged yet.
  warnings.warn(
/data/home/rtabares/anaconda3/envs/pyth3.12/lib/python3.12/site-packages/sklearn/neural_network/_multilayer_perceptron.py:691: ConvergenceWarning: Stochastic Optimizer: Maximum iterations (50) reached and the optimization hasn't converged yet.
  warnings.warn(
/data/home/rtabares/anaconda3/envs/pyth3.12/lib/python3.12/site-packages/sklearn/neural_network/_multilayer_perceptron.py:691: ConvergenceWarning: Stochastic Optimizer: Maximum iterations (50) reached and the optimization hasn't converged yet.
  warnings.warn(
/data/home/rtabares/anaconda3/envs/pyth3.12/lib/python3.12/site-packages/sklearn/neural_network/_multilayer_perceptron.py:691: ConvergenceWarning: Stochastic Optimizer: Maximum iterations (50) reached and the optimization hasn't converged yet.
  warnings.warn(
/data/home/rtabares/anaconda3/envs/pyth3.12/lib/python3.12/site-packages/sklearn/neural_network/_multilayer_perceptron.py:691: ConvergenceWarning: Stochastic Optimizer: Maximum iterations (50) reached and the optimization hasn't converged yet.
  warnings.warn(
[I 2025-05-18 16:59:49,151] Trial 9 finished with value: 0.7212121212121213 and parameters: {'hidden_layer_sizes': (100,), 'max_iter': 50, 'alpha': 0.001}. Best is trial 0 with value: 0.7462121212121213.
[I 2025-05-18 17:00:10,394] A new study created in memory with name: naive_bayes
Parámetros guardados en checkpoint_default_Doriginal_H/random/IPC_59/best_models_random_seed_5_space_original/mlp_best_params.json


>>> Optuna tuning naive_bayes metodo random IPC 59 seed 5


[I 2025-05-18 17:00:14,210] Trial 0 finished with value: 0.6113636363636363 and parameters: {'var_smoothing': 2.7796258518939306e-10}. Best is trial 0 with value: 0.6113636363636363.
[I 2025-05-18 17:00:15,476] Trial 1 finished with value: 0.6113636363636363 and parameters: {'var_smoothing': 5.513972710118387e-09}. Best is trial 0 with value: 0.6113636363636363.
[I 2025-05-18 17:00:16,502] Trial 2 finished with value: 0.6113636363636363 and parameters: {'var_smoothing': 2.590826381512706e-10}. Best is trial 0 with value: 0.6113636363636363.
[I 2025-05-18 17:00:17,274] Trial 3 finished with value: 0.6196969696969696 and parameters: {'var_smoothing': 6.874194498027403e-09}. Best is trial 3 with value: 0.6196969696969696.
[I 2025-05-18 17:00:17,298] Trial 4 finished with value: 0.6113636363636363 and parameters: {'var_smoothing': 9.480306482679771e-10}. Best is trial 3 with value: 0.6196969696969696.
[I 2025-05-18 17:00:17,324] Trial 5 finished with value: 0.6113636363636363 and parameters: {'var_smoothing': 1.6729683536668864e-09}. Best is trial 3 with value: 0.6196969696969696.
[I 2025-05-18 17:00:17,348] Trial 6 finished with value: 0.6113636363636363 and parameters: {'var_smoothing': 3.402637726935598e-09}. Best is trial 3 with value: 0.6196969696969696.
[I 2025-05-18 17:00:17,371] Trial 7 finished with value: 0.6113636363636363 and parameters: {'var_smoothing': 1.0885189040847657e-09}. Best is trial 3 with value: 0.6196969696969696.
[I 2025-05-18 17:00:17,395] Trial 8 finished with value: 0.6113636363636363 and parameters: {'var_smoothing': 3.922843686541149e-10}. Best is trial 3 with value: 0.6196969696969696.
[I 2025-05-18 17:00:17,419] Trial 9 finished with value: 0.6113636363636363 and parameters: {'var_smoothing': 2.3737908819373785e-10}. Best is trial 3 with value: 0.6196969696969696.
[I 2025-05-18 17:00:21,095] A new study created in memory with name: knn
Parámetros guardados en checkpoint_default_Doriginal_H/random/IPC_59/best_models_random_seed_5_space_original/naive_bayes_best_params.json


>>> Optuna tuning knn metodo random IPC 59 seed 5


[I 2025-05-18 17:00:23,214] Trial 0 finished with value: 0.6696969696969697 and parameters: {'n_neighbors': 4, 'leaf_size': 38, 'p': 2}. Best is trial 0 with value: 0.6696969696969697.
[I 2025-05-18 17:00:24,088] Trial 1 finished with value: 0.6787878787878788 and parameters: {'n_neighbors': 6, 'leaf_size': 32, 'p': 1}. Best is trial 1 with value: 0.6787878787878788.
[I 2025-05-18 17:00:24,243] Trial 2 finished with value: 0.6431818181818182 and parameters: {'n_neighbors': 5, 'leaf_size': 23, 'p': 2}. Best is trial 1 with value: 0.6787878787878788.
[I 2025-05-18 17:00:25,135] Trial 3 finished with value: 0.6787878787878788 and parameters: {'n_neighbors': 6, 'leaf_size': 23, 'p': 1}. Best is trial 1 with value: 0.6787878787878788.
[I 2025-05-18 17:00:25,221] Trial 4 finished with value: 0.6787878787878788 and parameters: {'n_neighbors': 6, 'leaf_size': 26, 'p': 1}. Best is trial 1 with value: 0.6787878787878788.
[I 2025-05-18 17:00:25,316] Trial 5 finished with value: 0.6871212121212121 and parameters: {'n_neighbors': 7, 'leaf_size': 25, 'p': 1}. Best is trial 5 with value: 0.6871212121212121.
[I 2025-05-18 17:00:25,381] Trial 6 finished with value: 0.6431818181818182 and parameters: {'n_neighbors': 5, 'leaf_size': 23, 'p': 2}. Best is trial 5 with value: 0.6871212121212121.
[I 2025-05-18 17:00:25,465] Trial 7 finished with value: 0.6515151515151515 and parameters: {'n_neighbors': 10, 'leaf_size': 23, 'p': 2}. Best is trial 5 with value: 0.6871212121212121.
[I 2025-05-18 17:00:25,534] Trial 8 finished with value: 0.6871212121212122 and parameters: {'n_neighbors': 8, 'leaf_size': 36, 'p': 2}. Best is trial 8 with value: 0.6871212121212122.
