[I 2025-05-18 17:24:17,423] Trial 4 finished with value: 0.6174242424242424 and parameters: {'n_estimators': 100, 'max_depth': 5, 'gamma': 0.816017102586079, 'subsample': 0.5160040782128984, 'colsample_bytree': 0.7277239110529665}. Best is trial 3 with value: 0.6492424242424242.
/data/home/rtabares/anaconda3/envs/pyth3.12/lib/python3.12/site-packages/xgboost/core.py:377: FutureWarning: Your system has an old version of glibc (< 2.28). We will stop supporting Linux distros with glibc older than 2.28 after **May 31, 2025**. Please upgrade to a recent Linux distro (with glibc >= 2.28) to use future versions of XGBoost.
Note: You have installed the 'manylinux2014' variant of XGBoost. Certain features such as GPU algorithms or federated learning are not available. To use these features, please upgrade to a recent Linux distro with glibc 2.28+, and install the 'manylinux_2_28' variant.
  warnings.warn(
/data/home/rtabares/anaconda3/envs/pyth3.12/lib/python3.12/site-packages/xgboost/core.py:377: FutureWarning: Your system has an old version of glibc (< 2.28). We will stop supporting Linux distros with glibc older than 2.28 after **May 31, 2025**. Please upgrade to a recent Linux distro (with glibc >= 2.28) to use future versions of XGBoost.
Note: You have installed the 'manylinux2014' variant of XGBoost. Certain features such as GPU algorithms or federated learning are not available. To use these features, please upgrade to a recent Linux distro with glibc 2.28+, and install the 'manylinux_2_28' variant.
  warnings.warn(
/data/home/rtabares/anaconda3/envs/pyth3.12/lib/python3.12/site-packages/xgboost/core.py:377: FutureWarning: Your system has an old version of glibc (< 2.28). We will stop supporting Linux distros with glibc older than 2.28 after **May 31, 2025**. Please upgrade to a recent Linux distro (with glibc >= 2.28) to use future versions of XGBoost.
Note: You have installed the 'manylinux2014' variant of XGBoost. Certain features such as GPU algorithms or federated learning are not available. To use these features, please upgrade to a recent Linux distro with glibc 2.28+, and install the 'manylinux_2_28' variant.
  warnings.warn(
[I 2025-05-18 17:24:17,482] Trial 5 finished with value: 0.6401515151515152 and parameters: {'n_estimators': 40, 'max_depth': 20, 'gamma': 0.6643500821697236, 'subsample': 0.6076588997363731, 'colsample_bytree': 0.5754850538287481}. Best is trial 3 with value: 0.6492424242424242.
/data/home/rtabares/anaconda3/envs/pyth3.12/lib/python3.12/site-packages/xgboost/core.py:377: FutureWarning: Your system has an old version of glibc (< 2.28). We will stop supporting Linux distros with glibc older than 2.28 after **May 31, 2025**. Please upgrade to a recent Linux distro (with glibc >= 2.28) to use future versions of XGBoost.
Note: You have installed the 'manylinux2014' variant of XGBoost. Certain features such as GPU algorithms or federated learning are not available. To use these features, please upgrade to a recent Linux distro with glibc 2.28+, and install the 'manylinux_2_28' variant.
  warnings.warn(
/data/home/rtabares/anaconda3/envs/pyth3.12/lib/python3.12/site-packages/xgboost/core.py:377: FutureWarning: Your system has an old version of glibc (< 2.28). We will stop supporting Linux distros with glibc older than 2.28 after **May 31, 2025**. Please upgrade to a recent Linux distro (with glibc >= 2.28) to use future versions of XGBoost.
Note: You have installed the 'manylinux2014' variant of XGBoost. Certain features such as GPU algorithms or federated learning are not available. To use these features, please upgrade to a recent Linux distro with glibc 2.28+, and install the 'manylinux_2_28' variant.
  warnings.warn(
/data/home/rtabares/anaconda3/envs/pyth3.12/lib/python3.12/site-packages/xgboost/core.py:377: FutureWarning: Your system has an old version of glibc (< 2.28). We will stop supporting Linux distros with glibc older than 2.28 after **May 31, 2025**. Please upgrade to a recent Linux distro (with glibc >= 2.28) to use future versions of XGBoost.
Note: You have installed the 'manylinux2014' variant of XGBoost. Certain features such as GPU algorithms or federated learning are not available. To use these features, please upgrade to a recent Linux distro with glibc 2.28+, and install the 'manylinux_2_28' variant.
  warnings.warn(
/data/home/rtabares/anaconda3/envs/pyth3.12/lib/python3.12/site-packages/xgboost/core.py:377: FutureWarning: Your system has an old version of glibc (< 2.28). We will stop supporting Linux distros with glibc older than 2.28 after **May 31, 2025**. Please upgrade to a recent Linux distro (with glibc >= 2.28) to use future versions of XGBoost.
Note: You have installed the 'manylinux2014' variant of XGBoost. Certain features such as GPU algorithms or federated learning are not available. To use these features, please upgrade to a recent Linux distro with glibc 2.28+, and install the 'manylinux_2_28' variant.
  warnings.warn(
[I 2025-05-18 17:24:17,549] Trial 6 finished with value: 0.6507575757575758 and parameters: {'n_estimators': 100, 'max_depth': 20, 'gamma': 0.6361752212866232, 'subsample': 0.8309913561372338, 'colsample_bytree': 0.7552902276266351}. Best is trial 6 with value: 0.6507575757575758.
/data/home/rtabares/anaconda3/envs/pyth3.12/lib/python3.12/site-packages/xgboost/core.py:377: FutureWarning: Your system has an old version of glibc (< 2.28). We will stop supporting Linux distros with glibc older than 2.28 after **May 31, 2025**. Please upgrade to a recent Linux distro (with glibc >= 2.28) to use future versions of XGBoost.
Note: You have installed the 'manylinux2014' variant of XGBoost. Certain features such as GPU algorithms or federated learning are not available. To use these features, please upgrade to a recent Linux distro with glibc 2.28+, and install the 'manylinux_2_28' variant.
  warnings.warn(
/data/home/rtabares/anaconda3/envs/pyth3.12/lib/python3.12/site-packages/xgboost/core.py:377: FutureWarning: Your system has an old version of glibc (< 2.28). We will stop supporting Linux distros with glibc older than 2.28 after **May 31, 2025**. Please upgrade to a recent Linux distro (with glibc >= 2.28) to use future versions of XGBoost.
Note: You have installed the 'manylinux2014' variant of XGBoost. Certain features such as GPU algorithms or federated learning are not available. To use these features, please upgrade to a recent Linux distro with glibc 2.28+, and install the 'manylinux_2_28' variant.
  warnings.warn(
/data/home/rtabares/anaconda3/envs/pyth3.12/lib/python3.12/site-packages/xgboost/core.py:377: FutureWarning: Your system has an old version of glibc (< 2.28). We will stop supporting Linux distros with glibc older than 2.28 after **May 31, 2025**. Please upgrade to a recent Linux distro (with glibc >= 2.28) to use future versions of XGBoost.
Note: You have installed the 'manylinux2014' variant of XGBoost. Certain features such as GPU algorithms or federated learning are not available. To use these features, please upgrade to a recent Linux distro with glibc 2.28+, and install the 'manylinux_2_28' variant.
  warnings.warn(
[I 2025-05-18 17:24:17,596] Trial 7 finished with value: 0.6992424242424243 and parameters: {'n_estimators': 10, 'max_depth': 5, 'gamma': 0.5767347850317142, 'subsample': 0.7995431264700696, 'colsample_bytree': 0.8604622333437917}. Best is trial 7 with value: 0.6992424242424243.
/data/home/rtabares/anaconda3/envs/pyth3.12/lib/python3.12/site-packages/xgboost/core.py:377: FutureWarning: Your system has an old version of glibc (< 2.28). We will stop supporting Linux distros with glibc older than 2.28 after **May 31, 2025**. Please upgrade to a recent Linux distro (with glibc >= 2.28) to use future versions of XGBoost.
Note: You have installed the 'manylinux2014' variant of XGBoost. Certain features such as GPU algorithms or federated learning are not available. To use these features, please upgrade to a recent Linux distro with glibc 2.28+, and install the 'manylinux_2_28' variant.
  warnings.warn(
/data/home/rtabares/anaconda3/envs/pyth3.12/lib/python3.12/site-packages/xgboost/core.py:377: FutureWarning: Your system has an old version of glibc (< 2.28). We will stop supporting Linux distros with glibc older than 2.28 after **May 31, 2025**. Please upgrade to a recent Linux distro (with glibc >= 2.28) to use future versions of XGBoost.
Note: You have installed the 'manylinux2014' variant of XGBoost. Certain features such as GPU algorithms or federated learning are not available. To use these features, please upgrade to a recent Linux distro with glibc 2.28+, and install the 'manylinux_2_28' variant.
  warnings.warn(
/data/home/rtabares/anaconda3/envs/pyth3.12/lib/python3.12/site-packages/xgboost/core.py:377: FutureWarning: Your system has an old version of glibc (< 2.28). We will stop supporting Linux distros with glibc older than 2.28 after **May 31, 2025**. Please upgrade to a recent Linux distro (with glibc >= 2.28) to use future versions of XGBoost.
Note: You have installed the 'manylinux2014' variant of XGBoost. Certain features such as GPU algorithms or federated learning are not available. To use these features, please upgrade to a recent Linux distro with glibc 2.28+, and install the 'manylinux_2_28' variant.
  warnings.warn(
/data/home/rtabares/anaconda3/envs/pyth3.12/lib/python3.12/site-packages/xgboost/core.py:377: FutureWarning: Your system has an old version of glibc (< 2.28). We will stop supporting Linux distros with glibc older than 2.28 after **May 31, 2025**. Please upgrade to a recent Linux distro (with glibc >= 2.28) to use future versions of XGBoost.
Note: You have installed the 'manylinux2014' variant of XGBoost. Certain features such as GPU algorithms or federated learning are not available. To use these features, please upgrade to a recent Linux distro with glibc 2.28+, and install the 'manylinux_2_28' variant.
  warnings.warn(
[I 2025-05-18 17:24:17,663] Trial 8 finished with value: 0.6424242424242423 and parameters: {'n_estimators': 100, 'max_depth': 20, 'gamma': 0.8470554948938058, 'subsample': 0.860339005739911, 'colsample_bytree': 0.9331308414408237}. Best is trial 7 with value: 0.6992424242424243.
/data/home/rtabares/anaconda3/envs/pyth3.12/lib/python3.12/site-packages/xgboost/core.py:377: FutureWarning: Your system has an old version of glibc (< 2.28). We will stop supporting Linux distros with glibc older than 2.28 after **May 31, 2025**. Please upgrade to a recent Linux distro (with glibc >= 2.28) to use future versions of XGBoost.
Note: You have installed the 'manylinux2014' variant of XGBoost. Certain features such as GPU algorithms or federated learning are not available. To use these features, please upgrade to a recent Linux distro with glibc 2.28+, and install the 'manylinux_2_28' variant.
  warnings.warn(
/data/home/rtabares/anaconda3/envs/pyth3.12/lib/python3.12/site-packages/xgboost/core.py:377: FutureWarning: Your system has an old version of glibc (< 2.28). We will stop supporting Linux distros with glibc older than 2.28 after **May 31, 2025**. Please upgrade to a recent Linux distro (with glibc >= 2.28) to use future versions of XGBoost.
Note: You have installed the 'manylinux2014' variant of XGBoost. Certain features such as GPU algorithms or federated learning are not available. To use these features, please upgrade to a recent Linux distro with glibc 2.28+, and install the 'manylinux_2_28' variant.
  warnings.warn(
/data/home/rtabares/anaconda3/envs/pyth3.12/lib/python3.12/site-packages/xgboost/core.py:377: FutureWarning: Your system has an old version of glibc (< 2.28). We will stop supporting Linux distros with glibc older than 2.28 after **May 31, 2025**. Please upgrade to a recent Linux distro (with glibc >= 2.28) to use future versions of XGBoost.
Note: You have installed the 'manylinux2014' variant of XGBoost. Certain features such as GPU algorithms or federated learning are not available. To use these features, please upgrade to a recent Linux distro with glibc 2.28+, and install the 'manylinux_2_28' variant.
  warnings.warn(
[I 2025-05-18 17:24:17,731] Trial 9 finished with value: 0.640909090909091 and parameters: {'n_estimators': 100, 'max_depth': 30, 'gamma': 0.574951454577921, 'subsample': 0.9696020680119358, 'colsample_bytree': 0.8616917074936369}. Best is trial 7 with value: 0.6992424242424243.
/data/home/rtabares/anaconda3/envs/pyth3.12/lib/python3.12/site-packages/xgboost/core.py:377: FutureWarning: Your system has an old version of glibc (< 2.28). We will stop supporting Linux distros with glibc older than 2.28 after **May 31, 2025**. Please upgrade to a recent Linux distro (with glibc >= 2.28) to use future versions of XGBoost.
Note: You have installed the 'manylinux2014' variant of XGBoost. Certain features such as GPU algorithms or federated learning are not available. To use these features, please upgrade to a recent Linux distro with glibc 2.28+, and install the 'manylinux_2_28' variant.
  warnings.warn(
/data/home/rtabares/anaconda3/envs/pyth3.12/lib/python3.12/site-packages/xgboost/core.py:377: FutureWarning: Your system has an old version of glibc (< 2.28). We will stop supporting Linux distros with glibc older than 2.28 after **May 31, 2025**. Please upgrade to a recent Linux distro (with glibc >= 2.28) to use future versions of XGBoost.
Note: You have installed the 'manylinux2014' variant of XGBoost. Certain features such as GPU algorithms or federated learning are not available. To use these features, please upgrade to a recent Linux distro with glibc 2.28+, and install the 'manylinux_2_28' variant.
  warnings.warn(
/data/home/rtabares/anaconda3/envs/pyth3.12/lib/python3.12/site-packages/xgboost/core.py:377: FutureWarning: Your system has an old version of glibc (< 2.28). We will stop supporting Linux distros with glibc older than 2.28 after **May 31, 2025**. Please upgrade to a recent Linux distro (with glibc >= 2.28) to use future versions of XGBoost.
Note: You have installed the 'manylinux2014' variant of XGBoost. Certain features such as GPU algorithms or federated learning are not available. To use these features, please upgrade to a recent Linux distro with glibc 2.28+, and install the 'manylinux_2_28' variant.
  warnings.warn(
[I 2025-05-18 17:24:22,825] A new study created in memory with name: rf
Parámetros guardados en checkpoint_default_Doriginal_H/random/IPC_59/best_models_random_seed_8_space_original/xgb_best_params.json


>>> Optuna tuning rf metodo random IPC 59 seed 8


[I 2025-05-18 17:24:27,066] Trial 0 finished with value: 0.6583333333333333 and parameters: {'n_estimators': 450, 'max_depth': 20, 'min_samples_split': 9, 'min_samples_leaf': 6}. Best is trial 0 with value: 0.6583333333333333.
[I 2025-05-18 17:24:29,160] Trial 1 finished with value: 0.65 and parameters: {'n_estimators': 193, 'max_depth': 3, 'min_samples_split': 5, 'min_samples_leaf': 5}. Best is trial 0 with value: 0.6583333333333333.
[I 2025-05-18 17:24:29,978] Trial 2 finished with value: 0.65 and parameters: {'n_estimators': 309, 'max_depth': 11, 'min_samples_split': 6, 'min_samples_leaf': 6}. Best is trial 0 with value: 0.6583333333333333.
[I 2025-05-18 17:24:31,138] Trial 3 finished with value: 0.6492424242424242 and parameters: {'n_estimators': 405, 'max_depth': 15, 'min_samples_split': 7, 'min_samples_leaf': 5}. Best is trial 0 with value: 0.6583333333333333.
[I 2025-05-18 17:24:31,928] Trial 4 finished with value: 0.6674242424242425 and parameters: {'n_estimators': 215, 'max_depth': 20, 'min_samples_split': 5, 'min_samples_leaf': 3}. Best is trial 4 with value: 0.6674242424242425.
[I 2025-05-18 17:24:32,447] Trial 5 finished with value: 0.6583333333333333 and parameters: {'n_estimators': 126, 'max_depth': 20, 'min_samples_split': 3, 'min_samples_leaf': 4}. Best is trial 4 with value: 0.6674242424242425.
[I 2025-05-18 17:24:32,844] Trial 6 finished with value: 0.6234848484848485 and parameters: {'n_estimators': 128, 'max_depth': 7, 'min_samples_split': 5, 'min_samples_leaf': 9}. Best is trial 4 with value: 0.6674242424242425.
[I 2025-05-18 17:24:33,654] Trial 7 finished with value: 0.6492424242424242 and parameters: {'n_estimators': 238, 'max_depth': 20, 'min_samples_split': 2, 'min_samples_leaf': 4}. Best is trial 4 with value: 0.6674242424242425.
[I 2025-05-18 17:24:34,792] Trial 8 finished with value: 0.6674242424242425 and parameters: {'n_estimators': 252, 'max_depth': 16, 'min_samples_split': 10, 'min_samples_leaf': 4}. Best is trial 4 with value: 0.6674242424242425.
[I 2025-05-18 17:24:36,669] Trial 9 finished with value: 0.65 and parameters: {'n_estimators': 273, 'max_depth': 7, 'min_samples_split': 9, 'min_samples_leaf': 7}. Best is trial 4 with value: 0.6674242424242425.
[I 2025-05-18 17:24:50,861] A new study created in memory with name: svc
Parámetros guardados en checkpoint_default_Doriginal_H/random/IPC_59/best_models_random_seed_8_space_original/rf_best_params.json


>>> Optuna tuning svc metodo random IPC 59 seed 8


[I 2025-05-18 17:24:54,326] Trial 0 finished with value: 0.5068181818181818 and parameters: {'C': 31.168622654226873, 'gamma': 0.7484497562485191}. Best is trial 0 with value: 0.5068181818181818.
[I 2025-05-18 17:24:56,213] Trial 1 finished with value: 0.6613636363636364 and parameters: {'C': 29.976309274600954, 'gamma': 0.013286872459026702}. Best is trial 1 with value: 0.6613636363636364.
[I 2025-05-18 17:24:58,001] Trial 2 finished with value: 0.5666666666666667 and parameters: {'C': 0.08529298465080307, 'gamma': 0.00011106960237430257}. Best is trial 1 with value: 0.6613636363636364.
[I 2025-05-18 17:24:58,051] Trial 3 finished with value: 0.609848484848485 and parameters: {'C': 0.5270784658374341, 'gamma': 0.004068229457500922}. Best is trial 1 with value: 0.6613636363636364.
[I 2025-05-18 17:24:58,125] Trial 4 finished with value: 0.6181818181818182 and parameters: {'C': 1.2322495987505253, 'gamma': 0.008195343912941565}. Best is trial 1 with value: 0.6613636363636364.
[I 2025-05-18 17:24:58,165] Trial 5 finished with value: 0.6431818181818182 and parameters: {'C': 1.6650446929687996, 'gamma': 0.014912280706161869}. Best is trial 1 with value: 0.6613636363636364.
[I 2025-05-18 17:24:58,213] Trial 6 finished with value: 0.6598484848484849 and parameters: {'C': 11.055599623279033, 'gamma': 0.07071284267178823}. Best is trial 1 with value: 0.6613636363636364.
[I 2025-05-18 17:24:58,247] Trial 7 finished with value: 0.653030303030303 and parameters: {'C': 3.0111222251271013, 'gamma': 0.00506252384623837}. Best is trial 1 with value: 0.6613636363636364.
[I 2025-05-18 17:24:58,282] Trial 8 finished with value: 0.5416666666666667 and parameters: {'C': 0.1433177931243846, 'gamma': 0.7859971382309453}. Best is trial 1 with value: 0.6613636363636364.
[I 2025-05-18 17:24:58,326] Trial 9 finished with value: 0.5583333333333333 and parameters: {'C': 0.21631975482828378, 'gamma': 0.0007502469581683287}. Best is trial 1 with value: 0.6613636363636364.
[I 2025-05-18 17:25:05,499] A new study created in memory with name: logreg
Parámetros guardados en checkpoint_default_Doriginal_H/random/IPC_59/best_models_random_seed_8_space_original/svc_best_params.json


>>> Optuna tuning logreg metodo random IPC 59 seed 8


[I 2025-05-18 17:25:08,937] Trial 0 finished with value: 0.6378787878787879 and parameters: {'C': 23.288794782471303, 'penalty': 'l2'}. Best is trial 0 with value: 0.6378787878787879.
[I 2025-05-18 17:25:10,909] Trial 1 finished with value: 0.6712121212121213 and parameters: {'C': 69.61507800412923, 'penalty': 'l2'}. Best is trial 1 with value: 0.6712121212121213.
[I 2025-05-18 17:25:12,147] Trial 2 finished with value: 0.6378787878787879 and parameters: {'C': 22.180569925473442, 'penalty': 'l2'}. Best is trial 1 with value: 0.6712121212121213.
[I 2025-05-18 17:25:12,164] Trial 3 finished with value: 0.6704545454545455 and parameters: {'C': 0.4511058486037652, 'penalty': 'l2'}. Best is trial 1 with value: 0.6712121212121213.
[I 2025-05-18 17:25:12,178] Trial 4 finished with value: 0.6598484848484848 and parameters: {'C': 0.014576110093994574, 'penalty': 'l2'}. Best is trial 1 with value: 0.6712121212121213.
[I 2025-05-18 17:25:12,202] Trial 5 finished with value: 0.6287878787878788 and parameters: {'C': 0.0011402340906886685, 'penalty': 'l2'}. Best is trial 1 with value: 0.6712121212121213.
[I 2025-05-18 17:25:12,225] Trial 6 finished with value: 0.6431818181818182 and parameters: {'C': 0.14201822862985758, 'penalty': 'l2'}. Best is trial 1 with value: 0.6712121212121213.
[I 2025-05-18 17:25:12,249] Trial 7 finished with value: 0.6431818181818182 and parameters: {'C': 0.1027440782219989, 'penalty': 'l2'}. Best is trial 1 with value: 0.6712121212121213.
[I 2025-05-18 17:25:12,275] Trial 8 finished with value: 0.678030303030303 and parameters: {'C': 0.41055690122086846, 'penalty': 'l2'}. Best is trial 8 with value: 0.678030303030303.
