[I 2026-04-21 10:33:34,968] Trial 19 finished with value: 0.95 and parameters: {'n_estimators': 100, 'max_depth': 5, 'gamma': 0.7845834662562873, 'subsample': 0.5638470704693309, 'colsample_bytree': 0.777366868772523}. Best is trial 3 with value: 0.95.
[I 2026-04-21 10:33:35,009] Trial 20 finished with value: 0.95 and parameters: {'n_estimators': 10, 'max_depth': 30, 'gamma': 0.9786014664999018, 'subsample': 0.6842230242575477, 'colsample_bytree': 0.9389646802776753}. Best is trial 3 with value: 0.95.
[I 2026-04-21 10:33:35,069] Trial 21 finished with value: 0.95 and parameters: {'n_estimators': 100, 'max_depth': 30, 'gamma': 0.28652120241363094, 'subsample': 0.8183434527463253, 'colsample_bytree': 0.5082596029232679}. Best is trial 3 with value: 0.95.
[I 2026-04-21 10:33:35,108] Trial 22 finished with value: 0.95 and parameters: {'n_estimators': 100, 'max_depth': 30, 'gamma': 0.19171696842832708, 'subsample': 0.8348724414761769, 'colsample_bytree': 0.6137794756511439}. Best is trial 3 with value: 0.95.
[I 2026-04-21 10:33:35,159] Trial 23 finished with value: 0.9 and parameters: {'n_estimators': 100, 'max_depth': 30, 'gamma': 0.5333471710121409, 'subsample': 0.7828683111386945, 'colsample_bytree': 0.6214262668454682}. Best is trial 3 with value: 0.95.
[I 2026-04-21 10:33:35,198] Trial 24 finished with value: 0.9 and parameters: {'n_estimators': 100, 'max_depth': 30, 'gamma': 0.2846743438425655, 'subsample': 0.9245748731745685, 'colsample_bytree': 0.6749400863849028}. Best is trial 3 with value: 0.95.
[I 2026-04-21 10:33:35,247] Trial 25 finished with value: 0.9 and parameters: {'n_estimators': 100, 'max_depth': 20, 'gamma': 0.5885239020123458, 'subsample': 0.8525331996153741, 'colsample_bytree': 0.7656032551105386}. Best is trial 3 with value: 0.95.
[I 2026-04-21 10:33:35,285] Trial 26 finished with value: 0.95 and parameters: {'n_estimators': 40, 'max_depth': 30, 'gamma': 0.6353190009086391, 'subsample': 0.7365622118230062, 'colsample_bytree': 0.8742090576263132}. Best is trial 3 with value: 0.95.
[I 2026-04-21 10:33:35,337] Trial 27 finished with value: 0.95 and parameters: {'n_estimators': 100, 'max_depth': 30, 'gamma': 0.10414756517574375, 'subsample': 0.6405462420589705, 'colsample_bytree': 0.8126578843342039}. Best is trial 3 with value: 0.95.
[I 2026-04-21 10:33:35,381] Trial 28 finished with value: 0.95 and parameters: {'n_estimators': 40, 'max_depth': 5, 'gamma': 0.740676615972475, 'subsample': 0.8797646134570887, 'colsample_bytree': 0.5083155908831173}. Best is trial 3 with value: 0.95.
[I 2026-04-21 10:33:35,425] Trial 29 finished with value: 0.9 and parameters: {'n_estimators': 10, 'max_depth': 20, 'gamma': 0.34403621444853916, 'subsample': 0.6978828918392843, 'colsample_bytree': 0.6221725273965212}. Best is trial 3 with value: 0.95.
[I 2026-04-21 10:33:35,490] A new study created in memory with name: rf
[I 2026-04-21 10:33:36,010] Trial 0 finished with value: 1.0 and parameters: {'n_estimators': 458, 'max_depth': 8, 'min_samples_split': 9, 'min_samples_leaf': 1}. Best is trial 0 with value: 1.0.
[I 2026-04-21 10:33:36,198] Trial 1 finished with value: 0.95 and parameters: {'n_estimators': 143, 'max_depth': 13, 'min_samples_split': 6, 'min_samples_leaf': 5}. Best is trial 0 with value: 1.0.
[I 2026-04-21 10:33:36,486] Trial 2 finished with value: 0.5 and parameters: {'n_estimators': 234, 'max_depth': 14, 'min_samples_split': 5, 'min_samples_leaf': 8}. Best is trial 0 with value: 1.0.
[I 2026-04-21 10:33:36,877] Trial 3 finished with value: 0.5 and parameters: {'n_estimators': 307, 'max_depth': 13, 'min_samples_split': 7, 'min_samples_leaf': 10}. Best is trial 0 with value: 1.0.
[I 2026-04-21 10:33:37,387] Trial 4 finished with value: 0.5 and parameters: {'n_estimators': 428, 'max_depth': 10, 'min_samples_split': 9, 'min_samples_leaf': 9}. Best is trial 0 with value: 1.0.
[I 2026-04-21 10:33:37,585] Trial 5 finished with value: 0.5 and parameters: {'n_estimators': 121, 'max_depth': 15, 'min_samples_split': 9, 'min_samples_leaf': 8}. Best is trial 0 with value: 1.0.
[I 2026-04-21 10:33:38,035] Trial 6 finished with value: 0.5 and parameters: {'n_estimators': 384, 'max_depth': 12, 'min_samples_split': 3, 'min_samples_leaf': 10}. Best is trial 0 with value: 1.0.
[I 2026-04-21 10:33:38,345] Trial 7 finished with value: 0.5 and parameters: {'n_estimators': 261, 'max_depth': 6, 'min_samples_split': 8, 'min_samples_leaf': 10}. Best is trial 0 with value: 1.0.
[I 2026-04-21 10:33:38,605] Trial 8 finished with value: 0.5 and parameters: {'n_estimators': 202, 'max_depth': 15, 'min_samples_split': 7, 'min_samples_leaf': 8}. Best is trial 0 with value: 1.0.
[I 2026-04-21 10:33:39,115] Trial 9 finished with value: 0.9 and parameters: {'n_estimators': 475, 'max_depth': 9, 'min_samples_split': 4, 'min_samples_leaf': 5}. Best is trial 0 with value: 1.0.
[I 2026-04-21 10:33:39,707] Trial 10 finished with value: 0.95 and parameters: {'n_estimators': 352, 'max_depth': 20, 'min_samples_split': 10, 'min_samples_leaf': 1}. Best is trial 0 with value: 1.0.
[I 2026-04-21 10:33:39,884] Trial 11 finished with value: 0.95 and parameters: {'n_estimators': 110, 'max_depth': 4, 'min_samples_split': 6, 'min_samples_leaf': 1}. Best is trial 0 with value: 1.0.
[I 2026-04-21 10:33:40,453] Trial 12 finished with value: 0.95 and parameters: {'n_estimators': 489, 'max_depth': 7, 'min_samples_split': 2, 'min_samples_leaf': 4}. Best is trial 0 with value: 1.0.
[I 2026-04-21 10:33:40,714] Trial 13 finished with value: 0.95 and parameters: {'n_estimators': 201, 'max_depth': 18, 'min_samples_split': 5, 'min_samples_leaf': 3}. Best is trial 0 with value: 1.0.
[I 2026-04-21 10:33:40,944] Trial 14 finished with value: 0.9 and parameters: {'n_estimators': 157, 'max_depth': 9, 'min_samples_split': 7, 'min_samples_leaf': 6}. Best is trial 0 with value: 1.0.
[I 2026-04-21 10:33:41,389] Trial 15 finished with value: 0.95 and parameters: {'n_estimators': 308, 'max_depth': 3, 'min_samples_split': 10, 'min_samples_leaf': 3}. Best is trial 0 with value: 1.0.
[I 2026-04-21 10:33:41,867] Trial 16 finished with value: 0.9 and parameters: {'n_estimators': 423, 'max_depth': 17, 'min_samples_split': 6, 'min_samples_leaf': 6}. Best is trial 0 with value: 1.0.
[I 2026-04-21 10:33:42,290] Trial 17 finished with value: 0.95 and parameters: {'n_estimators': 339, 'max_depth': 11, 'min_samples_split': 8, 'min_samples_leaf': 2}. Best is trial 0 with value: 1.0.
[I 2026-04-21 10:33:42,658] Trial 18 finished with value: 0.9 and parameters: {'n_estimators': 264, 'max_depth': 7, 'min_samples_split': 5, 'min_samples_leaf': 5}. Best is trial 0 with value: 1.0.
[I 2026-04-21 10:33:43,176] Trial 19 finished with value: 0.95 and parameters: {'n_estimators': 433, 'max_depth': 6, 'min_samples_split': 8, 'min_samples_leaf': 3}. Best is trial 0 with value: 1.0.
[I 2026-04-21 10:33:43,433] Trial 20 finished with value: 0.95 and parameters: {'n_estimators': 167, 'max_depth': 11, 'min_samples_split': 4, 'min_samples_leaf': 2}. Best is trial 0 with value: 1.0.
[I 2026-04-21 10:33:43,864] Trial 21 finished with value: 0.95 and parameters: {'n_estimators': 358, 'max_depth': 20, 'min_samples_split': 10, 'min_samples_leaf': 1}. Best is trial 0 with value: 1.0.
[I 2026-04-21 10:33:44,333] Trial 22 finished with value: 0.95 and parameters: {'n_estimators': 388, 'max_depth': 20, 'min_samples_split': 9, 'min_samples_leaf': 1}. Best is trial 0 with value: 1.0.
[I 2026-04-21 10:33:44,893] Trial 23 finished with value: 0.95 and parameters: {'n_estimators': 463, 'max_depth': 17, 'min_samples_split': 10, 'min_samples_leaf': 2}. Best is trial 0 with value: 1.0.
[I 2026-04-21 10:33:45,299] Trial 24 finished with value: 0.9 and parameters: {'n_estimators': 348, 'max_depth': 8, 'min_samples_split': 9, 'min_samples_leaf': 4}. Best is trial 0 with value: 1.0.
[I 2026-04-21 10:33:45,758] Trial 25 finished with value: 0.5 and parameters: {'n_estimators': 400, 'max_depth': 18, 'min_samples_split': 6, 'min_samples_leaf': 7}. Best is trial 0 with value: 1.0.
[I 2026-04-21 10:33:46,114] Trial 26 finished with value: 0.95 and parameters: {'n_estimators': 268, 'max_depth': 13, 'min_samples_split': 10, 'min_samples_leaf': 4}. Best is trial 0 with value: 1.0.
[I 2026-04-21 10:33:46,495] Trial 27 finished with value: 1.0 and parameters: {'n_estimators': 297, 'max_depth': 4, 'min_samples_split': 8, 'min_samples_leaf': 2}. Best is trial 0 with value: 1.0.
[I 2026-04-21 10:33:46,728] Trial 28 finished with value: 0.95 and parameters: {'n_estimators': 150, 'max_depth': 4, 'min_samples_split': 8, 'min_samples_leaf': 2}. Best is trial 0 with value: 1.0.
[I 2026-04-21 10:33:47,015] Trial 29 finished with value: 0.95 and parameters: {'n_estimators': 207, 'max_depth': 5, 'min_samples_split': 7, 'min_samples_leaf': 3}. Best is trial 0 with value: 1.0.
[I 2026-04-21 10:33:48,018] A new study created in memory with name: mlp
[I 2026-04-21 10:33:48,083] Trial 0 finished with value: 1.0 and parameters: {'hidden_layer_sizes': (100,), 'max_iter': 100, 'alpha': 0.0001}. Best is trial 0 with value: 1.0.
[I 2026-04-21 10:33:48,147] Trial 1 finished with value: 1.0 and parameters: {'hidden_layer_sizes': (100, 100), 'max_iter': 100, 'alpha': 0.001}. Best is trial 0 with value: 1.0.
[I 2026-04-21 10:33:48,223] Trial 2 finished with value: 1.0 and parameters: {'hidden_layer_sizes': (200,), 'max_iter': 100, 'alpha': 0.0001}. Best is trial 0 with value: 1.0.
[I 2026-04-21 10:33:48,281] Trial 3 finished with value: 1.0 and parameters: {'hidden_layer_sizes': (200,), 'max_iter': 50, 'alpha': 0.001}. Best is trial 0 with value: 1.0.
[I 2026-04-21 10:33:48,337] Trial 4 finished with value: 1.0 and parameters: {'hidden_layer_sizes': (100, 100), 'max_iter': 50, 'alpha': 0.0001}. Best is trial 0 with value: 1.0.
[I 2026-04-21 10:33:48,403] Trial 5 finished with value: 1.0 and parameters: {'hidden_layer_sizes': (200,), 'max_iter': 100, 'alpha': 0.0001}. Best is trial 0 with value: 1.0.
[I 2026-04-21 10:33:48,459] Trial 6 finished with value: 1.0 and parameters: {'hidden_layer_sizes': (200,), 'max_iter': 100, 'alpha': 0.001}. Best is trial 0 with value: 1.0.
[I 2026-04-21 10:33:48,526] Trial 7 finished with value: 1.0 and parameters: {'hidden_layer_sizes': (100,), 'max_iter': 100, 'alpha': 0.001}. Best is trial 0 with value: 1.0.
[I 2026-04-21 10:33:48,592] Trial 8 finished with value: 1.0 and parameters: {'hidden_layer_sizes': (100, 100), 'max_iter': 100, 'alpha': 0.0001}. Best is trial 0 with value: 1.0.
[I 2026-04-21 10:33:48,648] Trial 9 finished with value: 1.0 and parameters: {'hidden_layer_sizes': (200,), 'max_iter': 100, 'alpha': 0.0001}. Best is trial 0 with value: 1.0.
[I 2026-04-21 10:33:48,685] Trial 10 finished with value: 1.0 and parameters: {'hidden_layer_sizes': (100,), 'max_iter': 50, 'alpha': 0.0001}. Best is trial 0 with value: 1.0.
[I 2026-04-21 10:33:48,743] Trial 11 finished with value: 1.0 and parameters: {'hidden_layer_sizes': (100,), 'max_iter': 100, 'alpha': 0.001}. Best is trial 0 with value: 1.0.
[I 2026-04-21 10:33:48,811] Trial 12 finished with value: 1.0 and parameters: {'hidden_layer_sizes': (100, 100), 'max_iter': 100, 'alpha': 0.001}. Best is trial 0 with value: 1.0.
[I 2026-04-21 10:33:48,878] Trial 13 finished with value: 1.0 and parameters: {'hidden_layer_sizes': (100,), 'max_iter': 100, 'alpha': 0.001}. Best is trial 0 with value: 1.0.
[I 2026-04-21 10:33:48,928] Trial 14 finished with value: 1.0 and parameters: {'hidden_layer_sizes': (100, 100), 'max_iter': 50, 'alpha': 0.0001}. Best is trial 0 with value: 1.0.
[I 2026-04-21 10:33:48,995] Trial 15 finished with value: 1.0 and parameters: {'hidden_layer_sizes': (100,), 'max_iter': 100, 'alpha': 0.001}. Best is trial 0 with value: 1.0.
[I 2026-04-21 10:33:49,056] Trial 16 finished with value: 1.0 and parameters: {'hidden_layer_sizes': (100, 100), 'max_iter': 100, 'alpha': 0.001}. Best is trial 0 with value: 1.0.
[I 2026-04-21 10:33:49,124] Trial 17 finished with value: 1.0 and parameters: {'hidden_layer_sizes': (100, 100), 'max_iter': 100, 'alpha': 0.0001}. Best is trial 0 with value: 1.0.
[I 2026-04-21 10:33:49,162] Trial 18 finished with value: 1.0 and parameters: {'hidden_layer_sizes': (100,), 'max_iter': 50, 'alpha': 0.0001}. Best is trial 0 with value: 1.0.
[I 2026-04-21 10:33:49,230] Trial 19 finished with value: 1.0 and parameters: {'hidden_layer_sizes': (100, 100), 'max_iter': 100, 'alpha': 0.001}. Best is trial 0 with value: 1.0.
[I 2026-04-21 10:33:49,297] Trial 20 finished with value: 1.0 and parameters: {'hidden_layer_sizes': (100,), 'max_iter': 100, 'alpha': 0.0001}. Best is trial 0 with value: 1.0.
[I 2026-04-21 10:33:49,355] Trial 21 finished with value: 1.0 and parameters: {'hidden_layer_sizes': (200,), 'max_iter': 100, 'alpha': 0.0001}. Best is trial 0 with value: 1.0.
[I 2026-04-21 10:33:49,424] Trial 22 finished with value: 1.0 and parameters: {'hidden_layer_sizes': (200,), 'max_iter': 100, 'alpha': 0.0001}. Best is trial 0 with value: 1.0.
[I 2026-04-21 10:33:49,485] Trial 23 finished with value: 1.0 and parameters: {'hidden_layer_sizes': (200,), 'max_iter': 100, 'alpha': 0.0001}. Best is trial 0 with value: 1.0.
[I 2026-04-21 10:33:49,546] Trial 24 finished with value: 1.0 and parameters: {'hidden_layer_sizes': (100, 100), 'max_iter': 100, 'alpha': 0.0001}. Best is trial 0 with value: 1.0.
[I 2026-04-21 10:33:49,604] Trial 25 finished with value: 1.0 and parameters: {'hidden_layer_sizes': (100,), 'max_iter': 100, 'alpha': 0.0001}. Best is trial 0 with value: 1.0.
[I 2026-04-21 10:33:49,651] Trial 26 finished with value: 1.0 and parameters: {'hidden_layer_sizes': (200,), 'max_iter': 50, 'alpha': 0.001}. Best is trial 0 with value: 1.0.
[I 2026-04-21 10:33:49,719] Trial 27 finished with value: 1.0 and parameters: {'hidden_layer_sizes': (100, 100), 'max_iter': 100, 'alpha': 0.0001}. Best is trial 0 with value: 1.0.
[I 2026-04-21 10:33:49,777] Trial 28 finished with value: 1.0 and parameters: {'hidden_layer_sizes': (100,), 'max_iter': 100, 'alpha': 0.001}. Best is trial 0 with value: 1.0.
[I 2026-04-21 10:33:49,836] Trial 29 finished with value: 1.0 and parameters: {'hidden_layer_sizes': (200,), 'max_iter': 50, 'alpha': 0.001}. Best is trial 0 with value: 1.0.
[I 2026-04-21 10:33:50,014] A new study created in memory with name: svc
[I 2026-04-21 10:33:50,038] Trial 0 finished with value: 0.95 and parameters: {'C': 37.27697013499731, 'gamma': 0.0021277432488243223}. Best is trial 0 with value: 0.95.
[I 2026-04-21 10:33:50,050] Trial 1 finished with value: 1.0 and parameters: {'C': 19.271543171162776, 'gamma': 0.00014682043379470554}. Best is trial 1 with value: 1.0.
[I 2026-04-21 10:33:50,063] Trial 2 finished with value: 0.9 and parameters: {'C': 0.0269542169583157, 'gamma': 0.023999835049635022}. Best is trial 1 with value: 1.0.
[I 2026-04-21 10:33:50,075] Trial 3 finished with value: 1.0 and parameters: {'C': 1.3160410886450586, 'gamma': 0.0047340159215720195}. Best is trial 1 with value: 1.0.
[I 2026-04-21 10:33:50,092] Trial 4 finished with value: 0.9 and parameters: {'C': 0.21959952535674737, 'gamma': 0.030908485742507576}. Best is trial 1 with value: 1.0.
[I 2026-04-21 10:33:50,108] Trial 5 finished with value: 0.8 and parameters: {'C': 0.5656733313644114, 'gamma': 0.08780685564625502}. Best is trial 1 with value: 1.0.
[I 2026-04-21 10:33:50,125] Trial 6 finished with value: 1.0 and parameters: {'C': 1.1807165425157664, 'gamma': 0.020674470756231633}. Best is trial 1 with value: 1.0.
[I 2026-04-21 10:33:50,140] Trial 7 finished with value: 0.7 and parameters: {'C': 3.8143486186647126, 'gamma': 0.9138966502602072}. Best is trial 1 with value: 1.0.
[I 2026-04-21 10:33:50,157] Trial 8 finished with value: 1.0 and parameters: {'C': 19.029737066374768, 'gamma': 0.004495766421289856}. Best is trial 1 with value: 1.0.
[I 2026-04-21 10:33:50,183] Trial 9 finished with value: 0.8 and parameters: {'C': 31.994153257994277, 'gamma': 0.19725941020937518}. Best is trial 1 with value: 1.0.
[I 2026-04-21 10:33:50,209] Trial 10 finished with value: 1.0 and parameters: {'C': 96.48544976930573, 'gamma': 0.00012227600695838894}. Best is trial 1 with value: 1.0.
[I 2026-04-21 10:33:50,234] Trial 11 finished with value: 1.0 and parameters: {'C': 7.068062192778911, 'gamma': 0.0003125284108647278}. Best is trial 1 with value: 1.0.
[I 2026-04-21 10:33:50,258] Trial 12 finished with value: 0.9 and parameters: {'C': 0.06594156893697074, 'gamma': 0.0009407708153906166}. Best is trial 1 with value: 1.0.
[I 2026-04-21 10:33:50,284] Trial 13 finished with value: 1.0 and parameters: {'C': 2.853141131071718, 'gamma': 0.0006355305868208294}. Best is trial 1 with value: 1.0.
[I 2026-04-21 10:33:50,309] Trial 14 finished with value: 0.95 and parameters: {'C': 0.3757952099473933, 'gamma': 0.004790999849094532}. Best is trial 1 with value: 1.0.
[I 2026-04-21 10:33:50,335] Trial 15 finished with value: 1.0 and parameters: {'C': 11.032684905444684, 'gamma': 0.00019044670322666243}. Best is trial 1 with value: 1.0.
[I 2026-04-21 10:33:50,358] Trial 16 finished with value: 1.0 and parameters: {'C': 1.8641672130707037, 'gamma': 0.0009975832430269137}. Best is trial 1 with value: 1.0.
[I 2026-04-21 10:33:50,382] Trial 17 finished with value: 0.95 and parameters: {'C': 0.12644393445497396, 'gamma': 0.006612135269221097}. Best is trial 1 with value: 1.0.
[I 2026-04-21 10:33:50,407] Trial 18 finished with value: 0.95 and parameters: {'C': 66.51303879653196, 'gamma': 0.0019481683033596602}. Best is trial 1 with value: 1.0.
[I 2026-04-21 10:33:50,431] Trial 19 finished with value: 0.9 and parameters: {'C': 0.013103877820334748, 'gamma': 0.00037927444840913196}. Best is trial 1 with value: 1.0.
[I 2026-04-21 10:33:50,456] Trial 20 finished with value: 0.9 and parameters: {'C': 4.707286255868188, 'gamma': 0.00010742557762883696}. Best is trial 1 with value: 1.0.
[I 2026-04-21 10:33:50,495] Trial 21 finished with value: 0.9 and parameters: {'C': 0.7852579347433185, 'gamma': 0.030189075205102688}. Best is trial 1 with value: 1.0.
[I 2026-04-21 10:33:50,522] Trial 22 finished with value: 1.0 and parameters: {'C': 1.3133049100163978, 'gamma': 0.01778576867888212}. Best is trial 1 with value: 1.0.
[I 2026-04-21 10:33:50,548] Trial 23 finished with value: 0.85 and parameters: {'C': 10.724303365796558, 'gamma': 0.1052833860233862}. Best is trial 1 with value: 1.0.
[I 2026-04-21 10:33:50,576] Trial 24 finished with value: 1.0 and parameters: {'C': 1.437799954657073, 'gamma': 0.01055019955194721}. Best is trial 1 with value: 1.0.
[I 2026-04-21 10:33:50,611] Trial 25 finished with value: 0.8 and parameters: {'C': 0.36572749328280857, 'gamma': 0.06654766591271281}. Best is trial 1 with value: 1.0.
[I 2026-04-21 10:33:50,639] Trial 26 finished with value: 0.7 and parameters: {'C': 0.07158386596198134, 'gamma': 0.289357099965606}. Best is trial 1 with value: 1.0.
[I 2026-04-21 10:33:50,664] Trial 27 finished with value: 1.0 and parameters: {'C': 2.0829024261842513, 'gamma': 0.0023336994796033872}. Best is trial 1 with value: 1.0.
[I 2026-04-21 10:33:50,701] Trial 28 finished with value: 1.0 and parameters: {'C': 15.052894026614258, 'gamma': 0.012279931104118954}. Best is trial 1 with value: 1.0.
[I 2026-04-21 10:33:50,729] Trial 29 finished with value: 0.95 and parameters: {'C': 33.024680112122994, 'gamma': 0.002460681631652756}. Best is trial 1 with value: 1.0.
[I 2026-04-21 10:33:50,781] A new study created in memory with name: naive_bayes
[I 2026-04-21 10:33:50,795] Trial 0 finished with value: 0.6 and parameters: {'var_smoothing': 1.4210736239935712e-10}. Best is trial 0 with value: 0.6.
[I 2026-04-21 10:33:50,810] Trial 1 finished with value: 0.6 and parameters: {'var_smoothing': 3.629422978396398e-09}. Best is trial 0 with value: 0.6.
[I 2026-04-21 10:33:50,824] Trial 2 finished with value: 0.6 and parameters: {'var_smoothing': 7.530407234027127e-10}. Best is trial 0 with value: 0.6.
[I 2026-04-21 10:33:50,839] Trial 3 finished with value: 0.6 and parameters: {'var_smoothing': 2.7985325053380072e-09}. Best is trial 0 with value: 0.6.
[I 2026-04-21 10:33:50,856] Trial 4 finished with value: 0.6 and parameters: {'var_smoothing': 9.036058293737187e-09}. Best is trial 0 with value: 0.6.
[I 2026-04-21 10:33:50,873] Trial 5 finished with value: 0.6 and parameters: {'var_smoothing': 1.1939653980558784e-09}. Best is trial 0 with value: 0.6.
[I 2026-04-21 10:33:50,890] Trial 6 finished with value: 0.6 and parameters: {'var_smoothing': 1.005173261185167e-09}. Best is trial 0 with value: 0.6.
[I 2026-04-21 10:33:50,905] Trial 7 finished with value: 0.6 and parameters: {'var_smoothing': 1.393484899105757e-10}. Best is trial 0 with value: 0.6.
[I 2026-04-21 10:33:50,921] Trial 8 finished with value: 0.6 and parameters: {'var_smoothing': 3.4425317961147986e-10}. Best is trial 0 with value: 0.6.
[I 2026-04-21 10:33:50,937] Trial 9 finished with value: 0.6 and parameters: {'var_smoothing': 9.994590426751933e-10}. Best is trial 0 with value: 0.6.
[I 2026-04-21 10:33:50,958] Trial 10 finished with value: 0.6 and parameters: {'var_smoothing': 1.9079938112167212e-10}. Best is trial 0 with value: 0.6.
[I 2026-04-21 10:33:50,981] Trial 11 finished with value: 0.6 and parameters: {'var_smoothing': 4.7456863630433305e-09}. Best is trial 0 with value: 0.6.
[I 2026-04-21 10:33:51,001] Trial 12 finished with value: 0.6 and parameters: {'var_smoothing': 2.7185365295481096e-09}. Best is trial 0 with value: 0.6.
[I 2026-04-21 10:33:51,021] Trial 13 finished with value: 0.6 and parameters: {'var_smoothing': 4.3967291332584714e-10}. Best is trial 0 with value: 0.6.
[I 2026-04-21 10:33:51,051] Trial 14 finished with value: 0.6 and parameters: {'var_smoothing': 2.6511307931162972e-09}. Best is trial 0 with value: 0.6.
[I 2026-04-21 10:33:51,075] Trial 15 finished with value: 0.6 and parameters: {'var_smoothing': 9.000422035369052e-09}. Best is trial 0 with value: 0.6.
