[I 2026-04-21 10:28:36,915] Trial 8 finished with value: 0.5 and parameters: {'var_smoothing': 3.922843686541149e-10}. Best is trial 0 with value: 0.5.
[I 2026-04-21 10:28:36,928] Trial 9 finished with value: 0.5 and parameters: {'var_smoothing': 2.3737908819373785e-10}. Best is trial 0 with value: 0.5.
[I 2026-04-21 10:28:36,949] Trial 10 finished with value: 0.5 and parameters: {'var_smoothing': 1.005826617097841e-10}. Best is trial 0 with value: 0.5.
[I 2026-04-21 10:28:36,968] Trial 11 finished with value: 0.5 and parameters: {'var_smoothing': 8.246040091550826e-09}. Best is trial 0 with value: 0.5.
[I 2026-04-21 10:28:36,988] Trial 12 finished with value: 0.5 and parameters: {'var_smoothing': 5.714429769091136e-10}. Best is trial 0 with value: 0.5.
[I 2026-04-21 10:28:37,009] Trial 13 finished with value: 0.5 and parameters: {'var_smoothing': 3.0046394488828834e-09}. Best is trial 0 with value: 0.5.
[I 2026-04-21 10:28:37,029] Trial 14 finished with value: 0.5 and parameters: {'var_smoothing': 1.0161521526134228e-10}. Best is trial 0 with value: 0.5.
[I 2026-04-21 10:28:37,050] Trial 15 finished with value: 0.5 and parameters: {'var_smoothing': 3.455011319435438e-09}. Best is trial 0 with value: 0.5.
[I 2026-04-21 10:28:37,070] Trial 16 finished with value: 0.5 and parameters: {'var_smoothing': 2.2038800241203009e-10}. Best is trial 0 with value: 0.5.
[I 2026-04-21 10:28:37,090] Trial 17 finished with value: 0.5 and parameters: {'var_smoothing': 1.8515987176145925e-09}. Best is trial 0 with value: 0.5.
[I 2026-04-21 10:28:37,109] Trial 18 finished with value: 0.5 and parameters: {'var_smoothing': 5.024285700153026e-10}. Best is trial 0 with value: 0.5.
[I 2026-04-21 10:28:37,133] Trial 19 finished with value: 0.5 and parameters: {'var_smoothing': 4.958025424412893e-09}. Best is trial 0 with value: 0.5.
[I 2026-04-21 10:28:37,152] Trial 20 finished with value: 0.5 and parameters: {'var_smoothing': 8.344000526157384e-10}. Best is trial 0 with value: 0.5.
[I 2026-04-21 10:28:37,172] Trial 21 finished with value: 0.5 and parameters: {'var_smoothing': 2.46080689865309e-10}. Best is trial 0 with value: 0.5.
[I 2026-04-21 10:28:37,192] Trial 22 finished with value: 0.5 and parameters: {'var_smoothing': 1.4445108350594728e-10}. Best is trial 0 with value: 0.5.
[I 2026-04-21 10:28:37,212] Trial 23 finished with value: 0.5 and parameters: {'var_smoothing': 3.3715577896606737e-10}. Best is trial 0 with value: 0.5.
[I 2026-04-21 10:28:37,232] Trial 24 finished with value: 0.5 and parameters: {'var_smoothing': 1.572466431855027e-10}. Best is trial 0 with value: 0.5.
[I 2026-04-21 10:28:37,251] Trial 25 finished with value: 0.5 and parameters: {'var_smoothing': 7.281746293576245e-10}. Best is trial 0 with value: 0.5.
[I 2026-04-21 10:28:37,270] Trial 26 finished with value: 0.5 and parameters: {'var_smoothing': 3.386254640873244e-10}. Best is trial 0 with value: 0.5.
[I 2026-04-21 10:28:37,286] Trial 27 finished with value: 0.5 and parameters: {'var_smoothing': 1.3918180959975328e-09}. Best is trial 0 with value: 0.5.
[I 2026-04-21 10:28:37,307] Trial 28 finished with value: 0.5 and parameters: {'var_smoothing': 2.3715836084533434e-09}. Best is trial 0 with value: 0.5.
[I 2026-04-21 10:28:37,325] Trial 29 finished with value: 0.5 and parameters: {'var_smoothing': 9.477075781575649e-09}. Best is trial 0 with value: 0.5.
[I 2026-04-21 10:28:37,365] A new study created in memory with name: logreg
[I 2026-04-21 10:28:37,389] Trial 0 finished with value: 0.4 and parameters: {'C': 0.012881482725481003, 'penalty': 'l2'}. Best is trial 0 with value: 0.4.
[I 2026-04-21 10:28:37,423] Trial 1 finished with value: 0.35 and parameters: {'C': 22.576755560681583, 'penalty': 'l2'}. Best is trial 0 with value: 0.4.
[I 2026-04-21 10:28:37,448] Trial 2 finished with value: 0.4 and parameters: {'C': 0.010804278656839932, 'penalty': 'l2'}. Best is trial 0 with value: 0.4.
[I 2026-04-21 10:28:37,473] Trial 3 finished with value: 0.3 and parameters: {'C': 39.17910760336117, 'penalty': 'l2'}. Best is trial 0 with value: 0.4.
[I 2026-04-21 10:28:37,487] Trial 4 finished with value: 0.35 and parameters: {'C': 0.2767298094062571, 'penalty': 'l2'}. Best is trial 0 with value: 0.4.
[I 2026-04-21 10:28:37,500] Trial 5 finished with value: 0.35 and parameters: {'C': 1.1447728330837224, 'penalty': 'l2'}. Best is trial 0 with value: 0.4.
[I 2026-04-21 10:28:37,525] Trial 6 finished with value: 0.35 and parameters: {'C': 6.753661388238877, 'penalty': 'l2'}. Best is trial 0 with value: 0.4.
[I 2026-04-21 10:28:37,550] Trial 7 finished with value: 0.25 and parameters: {'C': 0.39092184460352974, 'penalty': 'l2'}. Best is trial 0 with value: 0.4.
[I 2026-04-21 10:28:37,574] Trial 8 finished with value: 0.35 and parameters: {'C': 0.03047912590082646, 'penalty': 'l2'}. Best is trial 0 with value: 0.4.
[I 2026-04-21 10:28:37,599] Trial 9 finished with value: 0.45 and parameters: {'C': 0.008681727362499118, 'penalty': 'l2'}. Best is trial 9 with value: 0.45.
[I 2026-04-21 10:28:37,627] Trial 10 finished with value: 0.45 and parameters: {'C': 0.0010131409464015342, 'penalty': 'l2'}. Best is trial 9 with value: 0.45.
[I 2026-04-21 10:28:37,644] Trial 11 finished with value: 0.45 and parameters: {'C': 0.0011003133502452927, 'penalty': 'l2'}. Best is trial 9 with value: 0.45.
[I 2026-04-21 10:28:37,662] Trial 12 finished with value: 0.45 and parameters: {'C': 0.001258254706008404, 'penalty': 'l2'}. Best is trial 9 with value: 0.45.
[I 2026-04-21 10:28:37,683] Trial 13 finished with value: 0.45 and parameters: {'C': 0.0050565865590108, 'penalty': 'l2'}. Best is trial 9 with value: 0.45.
[I 2026-04-21 10:28:37,713] Trial 14 finished with value: 0.3 and parameters: {'C': 0.031940661004743, 'penalty': 'l2'}. Best is trial 9 with value: 0.45.
[I 2026-04-21 10:28:37,742] Trial 15 finished with value: 0.45 and parameters: {'C': 0.003430620638444872, 'penalty': 'l2'}. Best is trial 9 with value: 0.45.
[I 2026-04-21 10:28:37,772] Trial 16 finished with value: 0.4 and parameters: {'C': 0.09287359991493528, 'penalty': 'l2'}. Best is trial 9 with value: 0.45.
[I 2026-04-21 10:28:37,792] Trial 17 finished with value: 0.45 and parameters: {'C': 0.0029807044891846475, 'penalty': 'l2'}. Best is trial 9 with value: 0.45.
[I 2026-04-21 10:28:37,823] Trial 18 finished with value: 0.4 and parameters: {'C': 0.06192702184672976, 'penalty': 'l2'}. Best is trial 9 with value: 0.45.
[I 2026-04-21 10:28:37,850] Trial 19 finished with value: 0.4 and parameters: {'C': 0.010562712973379913, 'penalty': 'l2'}. Best is trial 9 with value: 0.45.
[I 2026-04-21 10:28:37,868] Trial 20 finished with value: 0.45 and parameters: {'C': 0.0010266920260633857, 'penalty': 'l2'}. Best is trial 9 with value: 0.45.
[I 2026-04-21 10:28:37,895] Trial 21 finished with value: 0.45 and parameters: {'C': 0.0010048785242253357, 'penalty': 'l2'}. Best is trial 9 with value: 0.45.
[I 2026-04-21 10:28:37,926] Trial 22 finished with value: 0.45 and parameters: {'C': 0.0028936069328751386, 'penalty': 'l2'}. Best is trial 9 with value: 0.45.
[I 2026-04-21 10:28:37,956] Trial 23 finished with value: 0.45 and parameters: {'C': 0.005780301273885818, 'penalty': 'l2'}. Best is trial 9 with value: 0.45.
[I 2026-04-21 10:28:37,975] Trial 24 finished with value: 0.45 and parameters: {'C': 0.001957504163528726, 'penalty': 'l2'}. Best is trial 9 with value: 0.45.
[I 2026-04-21 10:28:37,992] Trial 25 finished with value: 0.35 and parameters: {'C': 0.0283489194495899, 'penalty': 'l2'}. Best is trial 9 with value: 0.45.
[I 2026-04-21 10:28:38,025] Trial 26 finished with value: 0.45 and parameters: {'C': 0.009426532087648539, 'penalty': 'l2'}. Best is trial 9 with value: 0.45.
[I 2026-04-21 10:28:38,055] Trial 27 finished with value: 0.45 and parameters: {'C': 0.0021037548799768095, 'penalty': 'l2'}. Best is trial 9 with value: 0.45.
[I 2026-04-21 10:28:38,086] Trial 28 finished with value: 0.35 and parameters: {'C': 0.17365616298253034, 'penalty': 'l2'}. Best is trial 9 with value: 0.45.
[I 2026-04-21 10:28:38,116] Trial 29 finished with value: 0.45 and parameters: {'C': 0.006016270391144167, 'penalty': 'l2'}. Best is trial 9 with value: 0.45.
[I 2026-04-21 10:28:38,155] A new study created in memory with name: knn
[I 2026-04-21 10:28:38,169] Trial 0 finished with value: 0.35 and parameters: {'n_neighbors': 4, 'leaf_size': 38, 'p': 2}. Best is trial 0 with value: 0.35.
[I 2026-04-21 10:28:38,182] Trial 1 finished with value: 0.4 and parameters: {'n_neighbors': 6, 'leaf_size': 32, 'p': 1}. Best is trial 1 with value: 0.4.
[I 2026-04-21 10:28:38,195] Trial 2 finished with value: 0.5 and parameters: {'n_neighbors': 5, 'leaf_size': 23, 'p': 2}. Best is trial 2 with value: 0.5.
[I 2026-04-21 10:28:38,208] Trial 3 finished with value: 0.4 and parameters: {'n_neighbors': 6, 'leaf_size': 23, 'p': 1}. Best is trial 2 with value: 0.5.
[I 2026-04-21 10:28:38,220] Trial 4 finished with value: 0.4 and parameters: {'n_neighbors': 6, 'leaf_size': 26, 'p': 1}. Best is trial 2 with value: 0.5.
[I 2026-04-21 10:28:38,233] Trial 5 finished with value: 0.55 and parameters: {'n_neighbors': 7, 'leaf_size': 25, 'p': 1}. Best is trial 5 with value: 0.55.
[I 2026-04-21 10:28:38,246] Trial 6 finished with value: 0.5 and parameters: {'n_neighbors': 5, 'leaf_size': 23, 'p': 2}. Best is trial 5 with value: 0.55.
[I 2026-04-21 10:28:38,259] Trial 7 finished with value: 0.4 and parameters: {'n_neighbors': 10, 'leaf_size': 23, 'p': 2}. Best is trial 5 with value: 0.55.
[I 2026-04-21 10:28:38,273] Trial 8 finished with value: 0.4 and parameters: {'n_neighbors': 8, 'leaf_size': 36, 'p': 2}. Best is trial 5 with value: 0.55.
[I 2026-04-21 10:28:38,288] Trial 9 finished with value: 0.2 and parameters: {'n_neighbors': 3, 'leaf_size': 30, 'p': 2}. Best is trial 5 with value: 0.55.
[I 2026-04-21 10:28:38,310] Trial 10 finished with value: 0.6 and parameters: {'n_neighbors': 8, 'leaf_size': 29, 'p': 1}. Best is trial 10 with value: 0.6.
[I 2026-04-21 10:28:38,336] Trial 11 finished with value: 0.6 and parameters: {'n_neighbors': 8, 'leaf_size': 29, 'p': 1}. Best is trial 10 with value: 0.6.
[I 2026-04-21 10:28:38,358] Trial 12 finished with value: 0.65 and parameters: {'n_neighbors': 9, 'leaf_size': 28, 'p': 1}. Best is trial 12 with value: 0.65.
[I 2026-04-21 10:28:38,384] Trial 13 finished with value: 0.55 and parameters: {'n_neighbors': 10, 'leaf_size': 33, 'p': 1}. Best is trial 12 with value: 0.65.
[I 2026-04-21 10:28:38,410] Trial 14 finished with value: 0.65 and parameters: {'n_neighbors': 9, 'leaf_size': 27, 'p': 1}. Best is trial 12 with value: 0.65.
[I 2026-04-21 10:28:38,432] Trial 15 finished with value: 0.65 and parameters: {'n_neighbors': 9, 'leaf_size': 26, 'p': 1}. Best is trial 12 with value: 0.65.
[I 2026-04-21 10:28:38,456] Trial 16 finished with value: 0.65 and parameters: {'n_neighbors': 9, 'leaf_size': 33, 'p': 1}. Best is trial 12 with value: 0.65.
[I 2026-04-21 10:28:38,478] Trial 17 finished with value: 0.65 and parameters: {'n_neighbors': 9, 'leaf_size': 20, 'p': 1}. Best is trial 12 with value: 0.65.
[I 2026-04-21 10:28:38,501] Trial 18 finished with value: 0.55 and parameters: {'n_neighbors': 10, 'leaf_size': 28, 'p': 1}. Best is trial 12 with value: 0.65.
[I 2026-04-21 10:28:38,525] Trial 19 finished with value: 0.55 and parameters: {'n_neighbors': 7, 'leaf_size': 20, 'p': 1}. Best is trial 12 with value: 0.65.
[I 2026-04-21 10:28:38,546] Trial 20 finished with value: 0.65 and parameters: {'n_neighbors': 9, 'leaf_size': 40, 'p': 1}. Best is trial 12 with value: 0.65.
[I 2026-04-21 10:28:38,569] Trial 21 finished with value: 0.65 and parameters: {'n_neighbors': 9, 'leaf_size': 26, 'p': 1}. Best is trial 12 with value: 0.65.
[I 2026-04-21 10:28:38,594] Trial 22 finished with value: 0.6 and parameters: {'n_neighbors': 8, 'leaf_size': 27, 'p': 1}. Best is trial 12 with value: 0.65.
[I 2026-04-21 10:28:38,617] Trial 23 finished with value: 0.55 and parameters: {'n_neighbors': 10, 'leaf_size': 30, 'p': 1}. Best is trial 12 with value: 0.65.
[I 2026-04-21 10:28:38,641] Trial 24 finished with value: 0.65 and parameters: {'n_neighbors': 9, 'leaf_size': 25, 'p': 1}. Best is trial 12 with value: 0.65.
[I 2026-04-21 10:28:38,668] Trial 25 finished with value: 0.55 and parameters: {'n_neighbors': 7, 'leaf_size': 31, 'p': 1}. Best is trial 12 with value: 0.65.
[I 2026-04-21 10:28:38,695] Trial 26 finished with value: 0.6 and parameters: {'n_neighbors': 8, 'leaf_size': 27, 'p': 1}. Best is trial 12 with value: 0.65.
[I 2026-04-21 10:28:38,722] Trial 27 finished with value: 0.65 and parameters: {'n_neighbors': 9, 'leaf_size': 25, 'p': 1}. Best is trial 12 with value: 0.65.
[I 2026-04-21 10:28:38,750] Trial 28 finished with value: 0.55 and parameters: {'n_neighbors': 10, 'leaf_size': 28, 'p': 1}. Best is trial 12 with value: 0.65.
[I 2026-04-21 10:28:38,776] Trial 29 finished with value: 0.4 and parameters: {'n_neighbors': 8, 'leaf_size': 35, 'p': 2}. Best is trial 12 with value: 0.65.
[I 2026-04-21 10:28:38,818] A new study created in memory with name: xgb
[I 2026-04-21 10:28:38,842] Trial 0 finished with value: 0.55 and parameters: {'n_estimators': 40, 'max_depth': 5, 'gamma': 0.789317070832284, 'subsample': 0.7592089939364717, 'colsample_bytree': 0.648400250788111}. Best is trial 0 with value: 0.55.
[I 2026-04-21 10:28:38,870] Trial 1 finished with value: 0.45 and parameters: {'n_estimators': 100, 'max_depth': 30, 'gamma': 0.34667781579300216, 'subsample': 0.7071175095405257, 'colsample_bytree': 0.6480399663668239}. Best is trial 0 with value: 0.55.
[I 2026-04-21 10:28:38,897] Trial 2 finished with value: 0.5 and parameters: {'n_estimators': 10, 'max_depth': 20, 'gamma': 0.3948075529198607, 'subsample': 0.5720821503267102, 'colsample_bytree': 0.5828064306006338}. Best is trial 0 with value: 0.55.
[I 2026-04-21 10:28:38,925] Trial 3 finished with value: 0.4 and parameters: {'n_estimators': 10, 'max_depth': 30, 'gamma': 0.8015631269999768, 'subsample': 0.5114665462195407, 'colsample_bytree': 0.788831429064878}. Best is trial 0 with value: 0.55.
[I 2026-04-21 10:28:38,963] Trial 4 finished with value: 0.4 and parameters: {'n_estimators': 100, 'max_depth': 5, 'gamma': 0.8834347783013348, 'subsample': 0.961374806972835, 'colsample_bytree': 0.5011071062662218}. Best is trial 0 with value: 0.55.
[I 2026-04-21 10:28:38,989] Trial 5 finished with value: 0.4 and parameters: {'n_estimators': 40, 'max_depth': 5, 'gamma': 0.5364379674896123, 'subsample': 0.5145557818363589, 'colsample_bytree': 0.5432628442011025}. Best is trial 0 with value: 0.55.
[I 2026-04-21 10:28:39,027] Trial 6 finished with value: 0.5 and parameters: {'n_estimators': 100, 'max_depth': 20, 'gamma': 0.6718205850237038, 'subsample': 0.9059511955902053, 'colsample_bytree': 0.9633413076219371}. Best is trial 0 with value: 0.55.
[I 2026-04-21 10:28:39,054] Trial 7 finished with value: 0.5 and parameters: {'n_estimators': 10, 'max_depth': 30, 'gamma': 0.8165284487704038, 'subsample': 0.5255714015506736, 'colsample_bytree': 0.594333867896554}. Best is trial 0 with value: 0.55.
[I 2026-04-21 10:28:39,091] Trial 8 finished with value: 0.55 and parameters: {'n_estimators': 100, 'max_depth': 20, 'gamma': 0.6251497693480509, 'subsample': 0.9696496759824258, 'colsample_bytree': 0.9717700410079397}. Best is trial 0 with value: 0.55.
[I 2026-04-21 10:28:39,119] Trial 9 finished with value: 0.45 and parameters: {'n_estimators': 40, 'max_depth': 30, 'gamma': 0.9649927737686168, 'subsample': 0.6857563076640036, 'colsample_bytree': 0.5061847058001788}. Best is trial 0 with value: 0.55.
[I 2026-04-21 10:28:39,157] Trial 10 finished with value: 0.55 and parameters: {'n_estimators': 40, 'max_depth': 5, 'gamma': 0.17962098877423716, 'subsample': 0.8225184540606401, 'colsample_bytree': 0.7743115296703093}. Best is trial 0 with value: 0.55.
[I 2026-04-21 10:28:39,194] Trial 11 finished with value: 0.5 and parameters: {'n_estimators': 40, 'max_depth': 20, 'gamma': 0.6221587590008623, 'subsample': 0.9832003970907865, 'colsample_bytree': 0.9523787574342063}. Best is trial 0 with value: 0.55.
[I 2026-04-21 10:28:39,233] Trial 12 finished with value: 0.45 and parameters: {'n_estimators': 100, 'max_depth': 5, 'gamma': 0.7100565392785622, 'subsample': 0.7933606734609286, 'colsample_bytree': 0.8613659655163468}. Best is trial 0 with value: 0.55.
[I 2026-04-21 10:28:39,270] Trial 13 finished with value: 0.5 and parameters: {'n_estimators': 40, 'max_depth': 20, 'gamma': 0.43565664888822164, 'subsample': 0.878766815855257, 'colsample_bytree': 0.6909245311334314}. Best is trial 0 with value: 0.55.
[I 2026-04-21 10:28:39,318] Trial 14 finished with value: 0.5 and parameters: {'n_estimators': 100, 'max_depth': 20, 'gamma': 0.548759657867437, 'subsample': 0.6351341103563863, 'colsample_bytree': 0.8513998405721429}. Best is trial 0 with value: 0.55.
[I 2026-04-21 10:28:39,356] Trial 15 finished with value: 0.55 and parameters: {'n_estimators': 100, 'max_depth': 5, 'gamma': 0.9997120705224596, 'subsample': 0.7655255997036402, 'colsample_bytree': 0.6877103829957787}. Best is trial 0 with value: 0.55.
[I 2026-04-21 10:28:39,394] Trial 16 finished with value: 0.6 and parameters: {'n_estimators': 40, 'max_depth': 20, 'gamma': 0.7517522137239229, 'subsample': 0.8594809273177372, 'colsample_bytree': 0.8810094054474}. Best is trial 16 with value: 0.6.
[I 2026-04-21 10:28:39,431] Trial 17 finished with value: 0.55 and parameters: {'n_estimators': 40, 'max_depth': 5, 'gamma': 0.7899972435340947, 'subsample': 0.8794206962560682, 'colsample_bytree': 0.8844942264753108}. Best is trial 16 with value: 0.6.
[I 2026-04-21 10:28:39,467] Trial 18 finished with value: 0.5 and parameters: {'n_estimators': 40, 'max_depth': 5, 'gamma': 0.902636053836427, 'subsample': 0.7160845660600603, 'colsample_bytree': 0.7241612051208073}. Best is trial 16 with value: 0.6.
[I 2026-04-21 10:28:39,506] Trial 19 finished with value: 0.55 and parameters: {'n_estimators': 40, 'max_depth': 20, 'gamma': 0.7161461107625381, 'subsample': 0.8235564175656619, 'colsample_bytree': 0.8107025566489038}. Best is trial 16 with value: 0.6.
[I 2026-04-21 10:28:39,544] Trial 20 finished with value: 0.6 and parameters: {'n_estimators': 40, 'max_depth': 20, 'gamma': 0.12810557331129335, 'subsample': 0.6166555319203217, 'colsample_bytree': 0.9172906235380884}. Best is trial 16 with value: 0.6.
[I 2026-04-21 10:28:39,582] Trial 21 finished with value: 0.45 and parameters: {'n_estimators': 40, 'max_depth': 20, 'gamma': 0.16309121625529374, 'subsample': 0.601597359264505, 'colsample_bytree': 0.904415304809891}. Best is trial 16 with value: 0.6.
[I 2026-04-21 10:28:39,620] Trial 22 finished with value: 0.5 and parameters: {'n_estimators': 40, 'max_depth': 20, 'gamma': 0.23960350363475003, 'subsample': 0.7475714802554686, 'colsample_bytree': 0.9187389559897051}. Best is trial 16 with value: 0.6.
[I 2026-04-21 10:28:39,664] Trial 23 finished with value: 0.5 and parameters: {'n_estimators': 40, 'max_depth': 20, 'gamma': 0.10626253424893489, 'subsample': 0.6430086474678001, 'colsample_bytree': 0.9960356322928144}. Best is trial 16 with value: 0.6.
[I 2026-04-21 10:28:39,708] Trial 24 finished with value: 0.55 and parameters: {'n_estimators': 40, 'max_depth': 20, 'gamma': 0.4681786213092828, 'subsample': 0.8225154718467297, 'colsample_bytree': 0.8321591118652684}. Best is trial 16 with value: 0.6.
[I 2026-04-21 10:28:39,750] Trial 25 finished with value: 0.4 and parameters: {'n_estimators': 40, 'max_depth': 5, 'gamma': 0.27593541156630585, 'subsample': 0.6676620803390443, 'colsample_bytree': 0.7370949431632399}. Best is trial 16 with value: 0.6.
[I 2026-04-21 10:28:39,792] Trial 26 finished with value: 0.6 and parameters: {'n_estimators': 10, 'max_depth': 20, 'gamma': 0.7517280502868898, 'subsample': 0.7523748321576393, 'colsample_bytree': 0.6081116796783379}. Best is trial 16 with value: 0.6.
[I 2026-04-21 10:28:39,830] Trial 27 finished with value: 0.45 and parameters: {'n_estimators': 10, 'max_depth': 20, 'gamma': 0.8763865175910501, 'subsample': 0.932678818455494, 'colsample_bytree': 0.918495685802002}. Best is trial 16 with value: 0.6.
[I 2026-04-21 10:28:39,869] Trial 28 finished with value: 0.5 and parameters: {'n_estimators': 10, 'max_depth': 20, 'gamma': 0.5006139896937268, 'subsample': 0.8582263064344552, 'colsample_bytree': 0.877418237713334}. Best is trial 16 with value: 0.6.
[I 2026-04-21 10:28:39,910] Trial 29 finished with value: 0.6 and parameters: {'n_estimators': 10, 'max_depth': 20, 'gamma': 0.6186022641719451, 'subsample': 0.7453036185934208, 'colsample_bytree': 0.6370566680753773}. Best is trial 16 with value: 0.6.
[I 2026-04-21 10:28:39,984] A new study created in memory with name: rf
[I 2026-04-21 10:28:40,239] Trial 0 finished with value: 0.5 and parameters: {'n_estimators': 189, 'max_depth': 18, 'min_samples_split': 3, 'min_samples_leaf': 10}. Best is trial 0 with value: 0.5.
[I 2026-04-21 10:28:40,564] Trial 1 finished with value: 0.55 and parameters: {'n_estimators': 295, 'max_depth': 14, 'min_samples_split': 8, 'min_samples_leaf': 6}. Best is trial 1 with value: 0.55.
[I 2026-04-21 10:28:40,800] Trial 2 finished with value: 0.5 and parameters: {'n_estimators': 219, 'max_depth': 6, 'min_samples_split': 2, 'min_samples_leaf': 8}. Best is trial 1 with value: 0.55.
[I 2026-04-21 10:28:41,077] Trial 3 finished with value: 0.4 and parameters: {'n_estimators': 276, 'max_depth': 5, 'min_samples_split': 9, 'min_samples_leaf': 3}. Best is trial 1 with value: 0.55.
[I 2026-04-21 10:28:41,416] Trial 4 finished with value: 0.55 and parameters: {'n_estimators': 266, 'max_depth': 8, 'min_samples_split': 7, 'min_samples_leaf': 6}. Best is trial 1 with value: 0.55.
[I 2026-04-21 10:28:41,770] Trial 5 finished with value: 0.4 and parameters: {'n_estimators': 340, 'max_depth': 7, 'min_samples_split': 4, 'min_samples_leaf': 3}. Best is trial 1 with value: 0.55.
