[I 2026-04-21 10:38:28,747] Trial 16 finished with value: 0.7 and parameters: {'n_estimators': 100, 'max_depth': 20, 'gamma': 0.4191469237743337, 'subsample': 0.7116874815799912, 'colsample_bytree': 0.9982147608243822}. Best is trial 6 with value: 0.7.
[I 2026-04-21 10:38:28,795] Trial 17 finished with value: 0.65 and parameters: {'n_estimators': 100, 'max_depth': 20, 'gamma': 0.7133350354831405, 'subsample': 0.9164181059630803, 'colsample_bytree': 0.7968213248523569}. Best is trial 6 with value: 0.7.
[I 2026-04-21 10:38:28,832] Trial 18 finished with value: 0.65 and parameters: {'n_estimators': 40, 'max_depth': 30, 'gamma': 0.9449955558290053, 'subsample': 0.8902649886973554, 'colsample_bytree': 0.8878355024832911}. Best is trial 6 with value: 0.7.
[I 2026-04-21 10:38:28,872] Trial 19 finished with value: 0.65 and parameters: {'n_estimators': 10, 'max_depth': 20, 'gamma': 0.5455719753722039, 'subsample': 0.9575498886312227, 'colsample_bytree': 0.9374166874289773}. Best is trial 6 with value: 0.7.
[I 2026-04-21 10:38:28,922] Trial 20 finished with value: 0.7 and parameters: {'n_estimators': 100, 'max_depth': 30, 'gamma': 0.27752853505806746, 'subsample': 0.788762181357697, 'colsample_bytree': 0.7303356496610655}. Best is trial 6 with value: 0.7.
[I 2026-04-21 10:38:28,982] Trial 21 finished with value: 0.7 and parameters: {'n_estimators': 100, 'max_depth': 20, 'gamma': 0.16716357858780567, 'subsample': 0.8403935777812002, 'colsample_bytree': 0.5014450687433561}. Best is trial 6 with value: 0.7.
[I 2026-04-21 10:38:29,034] Trial 22 finished with value: 0.7 and parameters: {'n_estimators': 100, 'max_depth': 20, 'gamma': 0.2872936455918978, 'subsample': 0.8774556767373618, 'colsample_bytree': 0.5762803846304247}. Best is trial 6 with value: 0.7.
[I 2026-04-21 10:38:29,069] Trial 23 finished with value: 0.65 and parameters: {'n_estimators': 100, 'max_depth': 20, 'gamma': 0.5414194821463438, 'subsample': 0.741029171385078, 'colsample_bytree': 0.6357753440937911}. Best is trial 6 with value: 0.7.
[I 2026-04-21 10:38:29,110] Trial 24 finished with value: 0.7 and parameters: {'n_estimators': 100, 'max_depth': 20, 'gamma': 0.7636369320631398, 'subsample': 0.8335428933375377, 'colsample_bytree': 0.5081009474517358}. Best is trial 6 with value: 0.7.
[I 2026-04-21 10:38:29,158] Trial 25 finished with value: 0.7 and parameters: {'n_estimators': 100, 'max_depth': 20, 'gamma': 0.10764373246258885, 'subsample': 0.9441784500299508, 'colsample_bytree': 0.6916818911632255}. Best is trial 6 with value: 0.7.
[I 2026-04-21 10:38:29,202] Trial 26 finished with value: 0.65 and parameters: {'n_estimators': 100, 'max_depth': 30, 'gamma': 0.44462656453283633, 'subsample': 0.9819652076551582, 'colsample_bytree': 0.7865296321001882}. Best is trial 6 with value: 0.7.
[I 2026-04-21 10:38:29,247] Trial 27 finished with value: 0.65 and parameters: {'n_estimators': 100, 'max_depth': 20, 'gamma': 0.6181234552809737, 'subsample': 0.8009110606038612, 'colsample_bytree': 0.5828503282294213}. Best is trial 6 with value: 0.7.
[I 2026-04-21 10:38:29,288] Trial 28 finished with value: 0.65 and parameters: {'n_estimators': 10, 'max_depth': 20, 'gamma': 0.2998607307049511, 'subsample': 0.8646955376289779, 'colsample_bytree': 0.7611790544543806}. Best is trial 6 with value: 0.7.
[I 2026-04-21 10:38:29,329] Trial 29 finished with value: 0.65 and parameters: {'n_estimators': 40, 'max_depth': 30, 'gamma': 0.49987967241494846, 'subsample': 0.7231851138999422, 'colsample_bytree': 0.8288397811542881}. Best is trial 6 with value: 0.7.
[I 2026-04-21 10:38:29,463] A new study created in memory with name: rf
[I 2026-04-21 10:38:29,993] Trial 0 finished with value: 0.6 and parameters: {'n_estimators': 450, 'max_depth': 20, 'min_samples_split': 9, 'min_samples_leaf': 6}. Best is trial 0 with value: 0.6.
[I 2026-04-21 10:38:30,252] Trial 1 finished with value: 0.7 and parameters: {'n_estimators': 193, 'max_depth': 3, 'min_samples_split': 5, 'min_samples_leaf': 5}. Best is trial 1 with value: 0.7.
[I 2026-04-21 10:38:30,571] Trial 2 finished with value: 0.7 and parameters: {'n_estimators': 309, 'max_depth': 11, 'min_samples_split': 6, 'min_samples_leaf': 6}. Best is trial 1 with value: 0.7.
[I 2026-04-21 10:38:31,001] Trial 3 finished with value: 0.65 and parameters: {'n_estimators': 405, 'max_depth': 15, 'min_samples_split': 7, 'min_samples_leaf': 5}. Best is trial 1 with value: 0.7.
[I 2026-04-21 10:38:31,252] Trial 4 finished with value: 0.6 and parameters: {'n_estimators': 215, 'max_depth': 20, 'min_samples_split': 5, 'min_samples_leaf': 3}. Best is trial 1 with value: 0.7.
[I 2026-04-21 10:38:31,440] Trial 5 finished with value: 0.65 and parameters: {'n_estimators': 126, 'max_depth': 20, 'min_samples_split': 3, 'min_samples_leaf': 4}. Best is trial 1 with value: 0.7.
[I 2026-04-21 10:38:31,598] Trial 6 finished with value: 0.5 and parameters: {'n_estimators': 128, 'max_depth': 7, 'min_samples_split': 5, 'min_samples_leaf': 9}. Best is trial 1 with value: 0.7.
[I 2026-04-21 10:38:31,897] Trial 7 finished with value: 0.65 and parameters: {'n_estimators': 238, 'max_depth': 20, 'min_samples_split': 2, 'min_samples_leaf': 4}. Best is trial 1 with value: 0.7.
[I 2026-04-21 10:38:32,259] Trial 8 finished with value: 0.65 and parameters: {'n_estimators': 252, 'max_depth': 16, 'min_samples_split': 10, 'min_samples_leaf': 4}. Best is trial 1 with value: 0.7.
[I 2026-04-21 10:38:32,640] Trial 9 finished with value: 0.5 and parameters: {'n_estimators': 273, 'max_depth': 7, 'min_samples_split': 9, 'min_samples_leaf': 7}. Best is trial 1 with value: 0.7.
[I 2026-04-21 10:38:33,027] Trial 10 finished with value: 0.55 and parameters: {'n_estimators': 340, 'max_depth': 4, 'min_samples_split': 4, 'min_samples_leaf': 1}. Best is trial 1 with value: 0.7.
[I 2026-04-21 10:38:33,404] Trial 11 finished with value: 0.5 and parameters: {'n_estimators': 343, 'max_depth': 11, 'min_samples_split': 7, 'min_samples_leaf': 8}. Best is trial 1 with value: 0.7.
[I 2026-04-21 10:38:33,677] Trial 12 finished with value: 0.5 and parameters: {'n_estimators': 190, 'max_depth': 3, 'min_samples_split': 7, 'min_samples_leaf': 10}. Best is trial 1 with value: 0.7.
[I 2026-04-21 10:38:34,018] Trial 13 finished with value: 0.6 and parameters: {'n_estimators': 326, 'max_depth': 10, 'min_samples_split': 6, 'min_samples_leaf': 6}. Best is trial 1 with value: 0.7.
[I 2026-04-21 10:38:34,262] Trial 14 finished with value: 0.65 and parameters: {'n_estimators': 178, 'max_depth': 14, 'min_samples_split': 5, 'min_samples_leaf': 2}. Best is trial 1 with value: 0.7.
[I 2026-04-21 10:38:34,688] Trial 15 finished with value: 0.5 and parameters: {'n_estimators': 401, 'max_depth': 7, 'min_samples_split': 3, 'min_samples_leaf': 7}. Best is trial 1 with value: 0.7.
[I 2026-04-21 10:38:35,027] Trial 16 finished with value: 0.65 and parameters: {'n_estimators': 295, 'max_depth': 9, 'min_samples_split': 6, 'min_samples_leaf': 5}. Best is trial 1 with value: 0.7.
[I 2026-04-21 10:38:35,183] Trial 17 finished with value: 0.5 and parameters: {'n_estimators': 100, 'max_depth': 13, 'min_samples_split': 8, 'min_samples_leaf': 7}. Best is trial 1 with value: 0.7.
[I 2026-04-21 10:38:35,695] Trial 18 finished with value: 0.55 and parameters: {'n_estimators': 495, 'max_depth': 5, 'min_samples_split': 4, 'min_samples_leaf': 3}. Best is trial 1 with value: 0.7.
[I 2026-04-21 10:38:35,954] Trial 19 finished with value: 0.5 and parameters: {'n_estimators': 175, 'max_depth': 17, 'min_samples_split': 4, 'min_samples_leaf': 8}. Best is trial 1 with value: 0.7.
[I 2026-04-21 10:38:36,400] Trial 20 finished with value: 0.7 and parameters: {'n_estimators': 387, 'max_depth': 12, 'min_samples_split': 8, 'min_samples_leaf': 5}. Best is trial 1 with value: 0.7.
[I 2026-04-21 10:38:36,847] Trial 21 finished with value: 0.65 and parameters: {'n_estimators': 378, 'max_depth': 12, 'min_samples_split': 8, 'min_samples_leaf': 5}. Best is trial 1 with value: 0.7.
[I 2026-04-21 10:38:37,282] Trial 22 finished with value: 0.5 and parameters: {'n_estimators': 373, 'max_depth': 9, 'min_samples_split': 6, 'min_samples_leaf': 6}. Best is trial 1 with value: 0.7.
[I 2026-04-21 10:38:37,670] Trial 23 finished with value: 0.75 and parameters: {'n_estimators': 309, 'max_depth': 17, 'min_samples_split': 8, 'min_samples_leaf': 3}. Best is trial 23 with value: 0.75.
[I 2026-04-21 10:38:38,046] Trial 24 finished with value: 0.6 and parameters: {'n_estimators': 305, 'max_depth': 17, 'min_samples_split': 7, 'min_samples_leaf': 3}. Best is trial 23 with value: 0.75.
[I 2026-04-21 10:38:38,384] Trial 25 finished with value: 0.55 and parameters: {'n_estimators': 275, 'max_depth': 18, 'min_samples_split': 5, 'min_samples_leaf': 1}. Best is trial 23 with value: 0.75.
[I 2026-04-21 10:38:38,655] Trial 26 finished with value: 0.6 and parameters: {'n_estimators': 223, 'max_depth': 14, 'min_samples_split': 6, 'min_samples_leaf': 2}. Best is trial 23 with value: 0.75.
[I 2026-04-21 10:38:39,053] Trial 27 finished with value: 0.6 and parameters: {'n_estimators': 310, 'max_depth': 5, 'min_samples_split': 10, 'min_samples_leaf': 4}. Best is trial 23 with value: 0.75.
[I 2026-04-21 10:38:39,395] Trial 28 finished with value: 0.65 and parameters: {'n_estimators': 272, 'max_depth': 18, 'min_samples_split': 9, 'min_samples_leaf': 2}. Best is trial 23 with value: 0.75.
[I 2026-04-21 10:38:39,926] Trial 29 finished with value: 0.55 and parameters: {'n_estimators': 459, 'max_depth': 8, 'min_samples_split': 8, 'min_samples_leaf': 6}. Best is trial 23 with value: 0.75.
[I 2026-04-21 10:38:40,653] A new study created in memory with name: mlp
[I 2026-04-21 10:38:40,701] Trial 0 finished with value: 0.35 and parameters: {'hidden_layer_sizes': (200,), 'max_iter': 50, 'alpha': 0.001}. Best is trial 0 with value: 0.35.
[I 2026-04-21 10:38:40,748] Trial 1 finished with value: 0.35 and parameters: {'hidden_layer_sizes': (200,), 'max_iter': 50, 'alpha': 0.0001}. Best is trial 0 with value: 0.35.
[I 2026-04-21 10:38:40,795] Trial 2 finished with value: 0.4 and parameters: {'hidden_layer_sizes': (100,), 'max_iter': 50, 'alpha': 0.0001}. Best is trial 2 with value: 0.4.
[I 2026-04-21 10:38:40,860] Trial 3 finished with value: 0.4 and parameters: {'hidden_layer_sizes': (100,), 'max_iter': 100, 'alpha': 0.001}. Best is trial 2 with value: 0.4.
[I 2026-04-21 10:38:40,925] Trial 4 finished with value: 0.4 and parameters: {'hidden_layer_sizes': (200,), 'max_iter': 100, 'alpha': 0.001}. Best is trial 2 with value: 0.4.
[I 2026-04-21 10:38:40,971] Trial 5 finished with value: 0.4 and parameters: {'hidden_layer_sizes': (200,), 'max_iter': 50, 'alpha': 0.001}. Best is trial 2 with value: 0.4.
[I 2026-04-21 10:38:41,037] Trial 6 finished with value: 0.4 and parameters: {'hidden_layer_sizes': (100,), 'max_iter': 100, 'alpha': 0.0001}. Best is trial 2 with value: 0.4.
[I 2026-04-21 10:38:41,083] Trial 7 finished with value: 0.4 and parameters: {'hidden_layer_sizes': (100, 100), 'max_iter': 50, 'alpha': 0.0001}. Best is trial 2 with value: 0.4.
[I 2026-04-21 10:38:41,158] Trial 8 finished with value: 0.55 and parameters: {'hidden_layer_sizes': (100, 100), 'max_iter': 100, 'alpha': 0.0001}. Best is trial 8 with value: 0.55.
[I 2026-04-21 10:38:41,207] Trial 9 finished with value: 0.35 and parameters: {'hidden_layer_sizes': (100,), 'max_iter': 50, 'alpha': 0.001}. Best is trial 8 with value: 0.55.
[I 2026-04-21 10:38:41,307] Trial 10 finished with value: 0.55 and parameters: {'hidden_layer_sizes': (100, 100), 'max_iter': 100, 'alpha': 0.0001}. Best is trial 8 with value: 0.55.
[I 2026-04-21 10:38:41,386] Trial 11 finished with value: 0.55 and parameters: {'hidden_layer_sizes': (100, 100), 'max_iter': 100, 'alpha': 0.0001}. Best is trial 8 with value: 0.55.
[I 2026-04-21 10:38:41,472] Trial 12 finished with value: 0.5 and parameters: {'hidden_layer_sizes': (100, 100), 'max_iter': 100, 'alpha': 0.0001}. Best is trial 8 with value: 0.55.
[I 2026-04-21 10:38:41,551] Trial 13 finished with value: 0.5 and parameters: {'hidden_layer_sizes': (100, 100), 'max_iter': 100, 'alpha': 0.0001}. Best is trial 8 with value: 0.55.
[I 2026-04-21 10:38:41,620] Trial 14 finished with value: 0.55 and parameters: {'hidden_layer_sizes': (100, 100), 'max_iter': 100, 'alpha': 0.0001}. Best is trial 8 with value: 0.55.
[I 2026-04-21 10:38:41,719] Trial 15 finished with value: 0.55 and parameters: {'hidden_layer_sizes': (100, 100), 'max_iter': 100, 'alpha': 0.0001}. Best is trial 8 with value: 0.55.
[I 2026-04-21 10:38:41,787] Trial 16 finished with value: 0.5 and parameters: {'hidden_layer_sizes': (100, 100), 'max_iter': 100, 'alpha': 0.0001}. Best is trial 8 with value: 0.55.
[I 2026-04-21 10:38:41,852] Trial 17 finished with value: 0.45 and parameters: {'hidden_layer_sizes': (100, 100), 'max_iter': 100, 'alpha': 0.0001}. Best is trial 8 with value: 0.55.
[I 2026-04-21 10:38:41,927] Trial 18 finished with value: 0.45 and parameters: {'hidden_layer_sizes': (100, 100), 'max_iter': 100, 'alpha': 0.0001}. Best is trial 8 with value: 0.55.
[I 2026-04-21 10:38:42,004] Trial 19 finished with value: 0.55 and parameters: {'hidden_layer_sizes': (100, 100), 'max_iter': 100, 'alpha': 0.0001}. Best is trial 8 with value: 0.55.
[I 2026-04-21 10:38:42,094] Trial 20 finished with value: 0.5 and parameters: {'hidden_layer_sizes': (100, 100), 'max_iter': 100, 'alpha': 0.0001}. Best is trial 8 with value: 0.55.
[I 2026-04-21 10:38:42,173] Trial 21 finished with value: 0.55 and parameters: {'hidden_layer_sizes': (100, 100), 'max_iter': 100, 'alpha': 0.0001}. Best is trial 8 with value: 0.55.
[I 2026-04-21 10:38:42,261] Trial 22 finished with value: 0.55 and parameters: {'hidden_layer_sizes': (100, 100), 'max_iter': 100, 'alpha': 0.0001}. Best is trial 8 with value: 0.55.
[I 2026-04-21 10:38:42,339] Trial 23 finished with value: 0.55 and parameters: {'hidden_layer_sizes': (100, 100), 'max_iter': 100, 'alpha': 0.0001}. Best is trial 8 with value: 0.55.
[I 2026-04-21 10:38:42,439] Trial 24 finished with value: 0.55 and parameters: {'hidden_layer_sizes': (100, 100), 'max_iter': 100, 'alpha': 0.0001}. Best is trial 8 with value: 0.55.
[I 2026-04-21 10:38:42,520] Trial 25 finished with value: 0.5 and parameters: {'hidden_layer_sizes': (100, 100), 'max_iter': 100, 'alpha': 0.0001}. Best is trial 8 with value: 0.55.
[I 2026-04-21 10:38:42,612] Trial 26 finished with value: 0.55 and parameters: {'hidden_layer_sizes': (100, 100), 'max_iter': 100, 'alpha': 0.001}. Best is trial 8 with value: 0.55.
[I 2026-04-21 10:38:42,693] Trial 27 finished with value: 0.5 and parameters: {'hidden_layer_sizes': (100, 100), 'max_iter': 100, 'alpha': 0.0001}. Best is trial 8 with value: 0.55.
[I 2026-04-21 10:38:42,764] Trial 28 finished with value: 0.4 and parameters: {'hidden_layer_sizes': (200,), 'max_iter': 100, 'alpha': 0.0001}. Best is trial 8 with value: 0.55.
[I 2026-04-21 10:38:42,813] Trial 29 finished with value: 0.35 and parameters: {'hidden_layer_sizes': (100,), 'max_iter': 50, 'alpha': 0.001}. Best is trial 8 with value: 0.55.
[I 2026-04-21 10:38:43,129] A new study created in memory with name: svc
[I 2026-04-21 10:38:43,154] Trial 0 finished with value: 0.3 and parameters: {'C': 31.168622654226873, 'gamma': 0.7484497562485191}. Best is trial 0 with value: 0.3.
[I 2026-04-21 10:38:43,169] Trial 1 finished with value: 0.6 and parameters: {'C': 29.976309274600954, 'gamma': 0.013286872459026702}. Best is trial 1 with value: 0.6.
[I 2026-04-21 10:38:43,182] Trial 2 finished with value: 0.45 and parameters: {'C': 0.08529298465080307, 'gamma': 0.00011106960237430257}. Best is trial 1 with value: 0.6.
[I 2026-04-21 10:38:43,206] Trial 3 finished with value: 0.45 and parameters: {'C': 0.5270784658374341, 'gamma': 0.004068229457500922}. Best is trial 1 with value: 0.6.
[I 2026-04-21 10:38:43,220] Trial 4 finished with value: 0.45 and parameters: {'C': 1.2322495987505253, 'gamma': 0.008195343912941565}. Best is trial 1 with value: 0.6.
[I 2026-04-21 10:38:43,234] Trial 5 finished with value: 0.35 and parameters: {'C': 1.6650446929687996, 'gamma': 0.014912280706161869}. Best is trial 1 with value: 0.6.
[I 2026-04-21 10:38:43,258] Trial 6 finished with value: 0.6 and parameters: {'C': 11.055599623279033, 'gamma': 0.07071284267178823}. Best is trial 1 with value: 0.6.
[I 2026-04-21 10:38:43,274] Trial 7 finished with value: 0.45 and parameters: {'C': 3.0111222251271013, 'gamma': 0.00506252384623837}. Best is trial 1 with value: 0.6.
[I 2026-04-21 10:38:43,287] Trial 8 finished with value: 0.3 and parameters: {'C': 0.1433177931243846, 'gamma': 0.7859971382309453}. Best is trial 1 with value: 0.6.
[I 2026-04-21 10:38:43,301] Trial 9 finished with value: 0.45 and parameters: {'C': 0.21631975482828378, 'gamma': 0.0007502469581683287}. Best is trial 1 with value: 0.6.
[I 2026-04-21 10:38:43,326] Trial 10 finished with value: 0.55 and parameters: {'C': 93.71621785255695, 'gamma': 0.10527818045462897}. Best is trial 1 with value: 0.6.
[I 2026-04-21 10:38:43,351] Trial 11 finished with value: 0.6 and parameters: {'C': 10.92940169603642, 'gamma': 0.06106281159506034}. Best is trial 1 with value: 0.6.
[I 2026-04-21 10:38:43,384] Trial 12 finished with value: 0.4 and parameters: {'C': 0.01594325686965602, 'gamma': 0.08253583608728865}. Best is trial 1 with value: 0.6.
[I 2026-04-21 10:38:43,408] Trial 13 finished with value: 0.6 and parameters: {'C': 9.08407909935862, 'gamma': 0.035340181331510886}. Best is trial 1 with value: 0.6.
[I 2026-04-21 10:38:43,432] Trial 14 finished with value: 0.35 and parameters: {'C': 95.55069067475432, 'gamma': 0.20010958159333458}. Best is trial 1 with value: 0.6.
[I 2026-04-21 10:38:43,457] Trial 15 finished with value: 0.35 and parameters: {'C': 10.880563361969578, 'gamma': 0.0019929987572893616}. Best is trial 1 with value: 0.6.
[I 2026-04-21 10:38:43,482] Trial 16 finished with value: 0.6 and parameters: {'C': 26.87912442434716, 'gamma': 0.02186322683862105}. Best is trial 1 with value: 0.6.
[I 2026-04-21 10:38:43,506] Trial 17 finished with value: 0.45 and parameters: {'C': 3.723755812950054, 'gamma': 0.0008993723242256902}. Best is trial 1 with value: 0.6.
[I 2026-04-21 10:38:43,532] Trial 18 finished with value: 0.35 and parameters: {'C': 28.4430675865467, 'gamma': 0.17437864595368716}. Best is trial 1 with value: 0.6.
[I 2026-04-21 10:38:43,557] Trial 19 finished with value: 0.3 and parameters: {'C': 5.093837446853047, 'gamma': 0.3985623822063148}. Best is trial 1 with value: 0.6.
[I 2026-04-21 10:38:43,580] Trial 20 finished with value: 0.55 and parameters: {'C': 36.49373807521698, 'gamma': 0.03459824309889137}. Best is trial 1 with value: 0.6.
[I 2026-04-21 10:38:43,605] Trial 21 finished with value: 0.6 and parameters: {'C': 10.195777028364471, 'gamma': 0.05495449366071755}. Best is trial 1 with value: 0.6.
[I 2026-04-21 10:38:43,628] Trial 22 finished with value: 0.55 and parameters: {'C': 15.3372207035156, 'gamma': 0.016607073570898915}. Best is trial 1 with value: 0.6.
[I 2026-04-21 10:38:43,660] Trial 23 finished with value: 0.35 and parameters: {'C': 61.84028446911583, 'gamma': 0.22098315145740813}. Best is trial 1 with value: 0.6.
[I 2026-04-21 10:38:43,684] Trial 24 finished with value: 0.6 and parameters: {'C': 6.11252240787628, 'gamma': 0.05817635172943171}. Best is trial 1 with value: 0.6.
[I 2026-04-21 10:38:43,710] Trial 25 finished with value: 0.4 and parameters: {'C': 17.716643399043924, 'gamma': 0.008466579596738766}. Best is trial 1 with value: 0.6.
[I 2026-04-21 10:38:43,732] Trial 26 finished with value: 0.35 and parameters: {'C': 2.351651182187294, 'gamma': 0.03160170172089572}. Best is trial 1 with value: 0.6.
[I 2026-04-21 10:38:43,755] Trial 27 finished with value: 0.3 and parameters: {'C': 0.871235297908863, 'gamma': 0.11301374763950334}. Best is trial 1 with value: 0.6.
[I 2026-04-21 10:38:43,776] Trial 28 finished with value: 0.45 and parameters: {'C': 0.5329160060995042, 'gamma': 0.002590952720714818}. Best is trial 1 with value: 0.6.
[I 2026-04-21 10:38:43,797] Trial 29 finished with value: 0.3 and parameters: {'C': 31.348844129977575, 'gamma': 0.5040973092599557}. Best is trial 1 with value: 0.6.
[I 2026-04-21 10:38:43,942] A new study created in memory with name: naive_bayes
[I 2026-04-21 10:38:43,955] Trial 0 finished with value: 0.65 and parameters: {'var_smoothing': 5.582886587978182e-09}. Best is trial 0 with value: 0.65.
[I 2026-04-21 10:38:43,969] Trial 1 finished with value: 0.65 and parameters: {'var_smoothing': 8.651299071518215e-09}. Best is trial 0 with value: 0.65.
[I 2026-04-21 10:38:43,983] Trial 2 finished with value: 0.65 and parameters: {'var_smoothing': 5.475062490474489e-09}. Best is trial 0 with value: 0.65.
[I 2026-04-21 10:38:43,997] Trial 3 finished with value: 0.65 and parameters: {'var_smoothing': 1.1526869678723134e-09}. Best is trial 0 with value: 0.65.
[I 2026-04-21 10:38:44,012] Trial 4 finished with value: 0.65 and parameters: {'var_smoothing': 2.920496270341785e-10}. Best is trial 0 with value: 0.65.
[I 2026-04-21 10:38:44,038] Trial 5 finished with value: 0.65 and parameters: {'var_smoothing': 1.0538956417705805e-10}. Best is trial 0 with value: 0.65.
[I 2026-04-21 10:38:44,053] Trial 6 finished with value: 0.65 and parameters: {'var_smoothing': 7.260016982331591e-10}. Best is trial 0 with value: 0.65.
[I 2026-04-21 10:38:44,066] Trial 7 finished with value: 0.65 and parameters: {'var_smoothing': 6.378267364653917e-10}. Best is trial 0 with value: 0.65.
[I 2026-04-21 10:38:44,080] Trial 8 finished with value: 0.65 and parameters: {'var_smoothing': 1.1100673847791952e-09}. Best is trial 0 with value: 0.65.
[I 2026-04-21 10:38:44,094] Trial 9 finished with value: 0.65 and parameters: {'var_smoothing': 9.052813879088377e-10}. Best is trial 0 with value: 0.65.
[I 2026-04-21 10:38:44,115] Trial 10 finished with value: 0.65 and parameters: {'var_smoothing': 3.20543606083287e-09}. Best is trial 0 with value: 0.65.
