[I 2026-04-21 10:30:04,279] Trial 4 finished with value: 0.3 and parameters: {'var_smoothing': 1.6417739478477417e-10}. Best is trial 0 with value: 0.3.
[I 2026-04-21 10:30:04,293] Trial 5 finished with value: 0.3 and parameters: {'var_smoothing': 1.5491880147236797e-09}. Best is trial 0 with value: 0.3.
[I 2026-04-21 10:30:04,308] Trial 6 finished with value: 0.3 and parameters: {'var_smoothing': 1.1471883405287265e-09}. Best is trial 0 with value: 0.3.
[I 2026-04-21 10:30:04,323] Trial 7 finished with value: 0.3 and parameters: {'var_smoothing': 6.88041853492358e-10}. Best is trial 0 with value: 0.3.
[I 2026-04-21 10:30:04,338] Trial 8 finished with value: 0.3 and parameters: {'var_smoothing': 4.686144741221158e-10}. Best is trial 0 with value: 0.3.
[I 2026-04-21 10:30:04,362] Trial 9 finished with value: 0.3 and parameters: {'var_smoothing': 1.7580809350683337e-09}. Best is trial 0 with value: 0.3.
[I 2026-04-21 10:30:04,382] Trial 10 finished with value: 0.3 and parameters: {'var_smoothing': 9.83902635509218e-09}. Best is trial 0 with value: 0.3.
[I 2026-04-21 10:30:04,401] Trial 11 finished with value: 0.3 and parameters: {'var_smoothing': 2.660399871603373e-10}. Best is trial 0 with value: 0.3.
[I 2026-04-21 10:30:04,420] Trial 12 finished with value: 0.3 and parameters: {'var_smoothing': 9.276268851540963e-09}. Best is trial 0 with value: 0.3.
[I 2026-04-21 10:30:04,438] Trial 13 finished with value: 0.3 and parameters: {'var_smoothing': 2.9844010685221692e-09}. Best is trial 0 with value: 0.3.
[I 2026-04-21 10:30:04,456] Trial 14 finished with value: 0.3 and parameters: {'var_smoothing': 3.8923309717334116e-10}. Best is trial 0 with value: 0.3.
[I 2026-04-21 10:30:04,473] Trial 15 finished with value: 0.3 and parameters: {'var_smoothing': 3.85461066627204e-09}. Best is trial 0 with value: 0.3.
[I 2026-04-21 10:30:04,495] Trial 16 finished with value: 0.3 and parameters: {'var_smoothing': 7.120907275009211e-10}. Best is trial 0 with value: 0.3.
[I 2026-04-21 10:30:04,516] Trial 17 finished with value: 0.3 and parameters: {'var_smoothing': 2.412486610614855e-10}. Best is trial 0 with value: 0.3.
[I 2026-04-21 10:30:04,537] Trial 18 finished with value: 0.3 and parameters: {'var_smoothing': 2.3580860166954074e-09}. Best is trial 0 with value: 0.3.
[I 2026-04-21 10:30:04,568] Trial 19 finished with value: 0.3 and parameters: {'var_smoothing': 5.846846875339535e-09}. Best is trial 0 with value: 0.3.
[I 2026-04-21 10:30:04,590] Trial 20 finished with value: 0.3 and parameters: {'var_smoothing': 1.0486521320383776e-09}. Best is trial 0 with value: 0.3.
[I 2026-04-21 10:30:04,611] Trial 21 finished with value: 0.3 and parameters: {'var_smoothing': 4.9491450263339475e-09}. Best is trial 0 with value: 0.3.
[I 2026-04-21 10:30:04,630] Trial 22 finished with value: 0.3 and parameters: {'var_smoothing': 6.667992141406306e-09}. Best is trial 0 with value: 0.3.
[I 2026-04-21 10:30:04,650] Trial 23 finished with value: 0.3 and parameters: {'var_smoothing': 3.2795712712135213e-09}. Best is trial 0 with value: 0.3.
[I 2026-04-21 10:30:04,667] Trial 24 finished with value: 0.3 and parameters: {'var_smoothing': 6.403538416287158e-10}. Best is trial 0 with value: 0.3.
[I 2026-04-21 10:30:04,686] Trial 25 finished with value: 0.3 and parameters: {'var_smoothing': 2.1589819023851477e-09}. Best is trial 0 with value: 0.3.
[I 2026-04-21 10:30:04,706] Trial 26 finished with value: 0.3 and parameters: {'var_smoothing': 3.912617821024548e-09}. Best is trial 0 with value: 0.3.
[I 2026-04-21 10:30:04,729] Trial 27 finished with value: 0.3 and parameters: {'var_smoothing': 7.162139101012446e-09}. Best is trial 0 with value: 0.3.
[I 2026-04-21 10:30:04,751] Trial 28 finished with value: 0.3 and parameters: {'var_smoothing': 1.3883316815746274e-09}. Best is trial 0 with value: 0.3.
[I 2026-04-21 10:30:04,771] Trial 29 finished with value: 0.3 and parameters: {'var_smoothing': 4.1751754503046387e-10}. Best is trial 0 with value: 0.3.
[I 2026-04-21 10:30:04,811] A new study created in memory with name: logreg
[I 2026-04-21 10:30:04,846] Trial 0 finished with value: 0.5 and parameters: {'C': 29.127335430981816, 'penalty': 'l2'}. Best is trial 0 with value: 0.5.
[I 2026-04-21 10:30:04,872] Trial 1 finished with value: 0.5 and parameters: {'C': 0.045698192893558344, 'penalty': 'l2'}. Best is trial 0 with value: 0.5.
[I 2026-04-21 10:30:04,909] Trial 2 finished with value: 0.5 and parameters: {'C': 12.768668597712947, 'penalty': 'l2'}. Best is trial 0 with value: 0.5.
[I 2026-04-21 10:30:04,935] Trial 3 finished with value: 0.5 and parameters: {'C': 0.0016161554408462638, 'penalty': 'l2'}. Best is trial 0 with value: 0.5.
[I 2026-04-21 10:30:04,951] Trial 4 finished with value: 0.5 and parameters: {'C': 0.0034536903703241734, 'penalty': 'l2'}. Best is trial 0 with value: 0.5.
[I 2026-04-21 10:30:04,975] Trial 5 finished with value: 0.5 and parameters: {'C': 0.9446269266990148, 'penalty': 'l2'}. Best is trial 0 with value: 0.5.
[I 2026-04-21 10:30:05,002] Trial 6 finished with value: 0.4 and parameters: {'C': 0.4457453393648168, 'penalty': 'l2'}. Best is trial 0 with value: 0.5.
[I 2026-04-21 10:30:05,027] Trial 7 finished with value: 0.4 and parameters: {'C': 0.12417585037258261, 'penalty': 'l2'}. Best is trial 0 with value: 0.5.
[I 2026-04-21 10:30:05,042] Trial 8 finished with value: 0.5 and parameters: {'C': 0.04753781830244093, 'penalty': 'l2'}. Best is trial 0 with value: 0.5.
[I 2026-04-21 10:30:05,068] Trial 9 finished with value: 0.5 and parameters: {'C': 1.2959766028194148, 'penalty': 'l2'}. Best is trial 0 with value: 0.5.
[I 2026-04-21 10:30:05,100] Trial 10 finished with value: 0.55 and parameters: {'C': 96.02411422716075, 'penalty': 'l2'}. Best is trial 10 with value: 0.55.
[I 2026-04-21 10:30:05,126] Trial 11 finished with value: 0.5 and parameters: {'C': 59.9697718692158, 'penalty': 'l2'}. Best is trial 10 with value: 0.55.
[I 2026-04-21 10:30:05,161] Trial 12 finished with value: 0.5 and parameters: {'C': 82.8768656483412, 'penalty': 'l2'}. Best is trial 10 with value: 0.55.
[I 2026-04-21 10:30:05,187] Trial 13 finished with value: 0.5 and parameters: {'C': 9.596516566476016, 'penalty': 'l2'}. Best is trial 10 with value: 0.55.
[I 2026-04-21 10:30:05,212] Trial 14 finished with value: 0.5 and parameters: {'C': 8.256835675350551, 'penalty': 'l2'}. Best is trial 10 with value: 0.55.
[I 2026-04-21 10:30:05,243] Trial 15 finished with value: 0.5 and parameters: {'C': 26.496420494439075, 'penalty': 'l2'}. Best is trial 10 with value: 0.55.
[I 2026-04-21 10:30:05,271] Trial 16 finished with value: 0.55 and parameters: {'C': 3.0038491817483806, 'penalty': 'l2'}. Best is trial 10 with value: 0.55.
[I 2026-04-21 10:30:05,300] Trial 17 finished with value: 0.55 and parameters: {'C': 2.0413817698391985, 'penalty': 'l2'}. Best is trial 10 with value: 0.55.
[I 2026-04-21 10:30:05,332] Trial 18 finished with value: 0.5 and parameters: {'C': 3.1043628200283595, 'penalty': 'l2'}. Best is trial 10 with value: 0.55.
[I 2026-04-21 10:30:05,364] Trial 19 finished with value: 0.5 and parameters: {'C': 4.198493788962707, 'penalty': 'l2'}. Best is trial 10 with value: 0.55.
[I 2026-04-21 10:30:05,394] Trial 20 finished with value: 0.5 and parameters: {'C': 0.012545885923146982, 'penalty': 'l2'}. Best is trial 10 with value: 0.55.
[I 2026-04-21 10:30:05,424] Trial 21 finished with value: 0.5 and parameters: {'C': 1.6070527717307432, 'penalty': 'l2'}. Best is trial 10 with value: 0.55.
[I 2026-04-21 10:30:05,455] Trial 22 finished with value: 0.4 and parameters: {'C': 0.2448207662010285, 'penalty': 'l2'}. Best is trial 10 with value: 0.55.
[I 2026-04-21 10:30:05,487] Trial 23 finished with value: 0.4 and parameters: {'C': 0.5015127162529459, 'penalty': 'l2'}. Best is trial 10 with value: 0.55.
[I 2026-04-21 10:30:05,514] Trial 24 finished with value: 0.5 and parameters: {'C': 3.4499470688580844, 'penalty': 'l2'}. Best is trial 10 with value: 0.55.
[I 2026-04-21 10:30:05,547] Trial 25 finished with value: 0.5 and parameters: {'C': 26.405613258135464, 'penalty': 'l2'}. Best is trial 10 with value: 0.55.
[I 2026-04-21 10:30:05,577] Trial 26 finished with value: 0.4 and parameters: {'C': 0.16046009808041303, 'penalty': 'l2'}. Best is trial 10 with value: 0.55.
[I 2026-04-21 10:30:05,607] Trial 27 finished with value: 0.5 and parameters: {'C': 5.81534302103157, 'penalty': 'l2'}. Best is trial 10 with value: 0.55.
[I 2026-04-21 10:30:05,635] Trial 28 finished with value: 0.5 and parameters: {'C': 0.7875860297026703, 'penalty': 'l2'}. Best is trial 10 with value: 0.55.
[I 2026-04-21 10:30:05,669] Trial 29 finished with value: 0.5 and parameters: {'C': 18.002436564505057, 'penalty': 'l2'}. Best is trial 10 with value: 0.55.
[I 2026-04-21 10:30:05,748] A new study created in memory with name: knn
[I 2026-04-21 10:30:05,772] Trial 0 finished with value: 0.5 and parameters: {'n_neighbors': 10, 'leaf_size': 26, 'p': 1}. Best is trial 0 with value: 0.5.
[I 2026-04-21 10:30:05,785] Trial 1 finished with value: 0.45 and parameters: {'n_neighbors': 3, 'leaf_size': 32, 'p': 1}. Best is trial 0 with value: 0.5.
[I 2026-04-21 10:30:05,798] Trial 2 finished with value: 0.45 and parameters: {'n_neighbors': 5, 'leaf_size': 33, 'p': 2}. Best is trial 0 with value: 0.5.
[I 2026-04-21 10:30:05,811] Trial 3 finished with value: 0.55 and parameters: {'n_neighbors': 7, 'leaf_size': 32, 'p': 2}. Best is trial 3 with value: 0.55.
[I 2026-04-21 10:30:05,824] Trial 4 finished with value: 0.5 and parameters: {'n_neighbors': 9, 'leaf_size': 28, 'p': 1}. Best is trial 3 with value: 0.55.
[I 2026-04-21 10:30:05,837] Trial 5 finished with value: 0.45 and parameters: {'n_neighbors': 3, 'leaf_size': 35, 'p': 1}. Best is trial 3 with value: 0.55.
[I 2026-04-21 10:30:05,851] Trial 6 finished with value: 0.55 and parameters: {'n_neighbors': 8, 'leaf_size': 31, 'p': 2}. Best is trial 3 with value: 0.55.
[I 2026-04-21 10:30:05,864] Trial 7 finished with value: 0.55 and parameters: {'n_neighbors': 6, 'leaf_size': 24, 'p': 2}. Best is trial 3 with value: 0.55.
[I 2026-04-21 10:30:05,877] Trial 8 finished with value: 0.45 and parameters: {'n_neighbors': 5, 'leaf_size': 34, 'p': 2}. Best is trial 3 with value: 0.55.
[I 2026-04-21 10:30:05,891] Trial 9 finished with value: 0.55 and parameters: {'n_neighbors': 10, 'leaf_size': 27, 'p': 2}. Best is trial 3 with value: 0.55.
[I 2026-04-21 10:30:05,915] Trial 10 finished with value: 0.55 and parameters: {'n_neighbors': 7, 'leaf_size': 40, 'p': 2}. Best is trial 3 with value: 0.55.
[I 2026-04-21 10:30:05,939] Trial 11 finished with value: 0.55 and parameters: {'n_neighbors': 8, 'leaf_size': 38, 'p': 2}. Best is trial 3 with value: 0.55.
[I 2026-04-21 10:30:05,966] Trial 12 finished with value: 0.55 and parameters: {'n_neighbors': 8, 'leaf_size': 21, 'p': 2}. Best is trial 3 with value: 0.55.
[I 2026-04-21 10:30:05,992] Trial 13 finished with value: 0.55 and parameters: {'n_neighbors': 7, 'leaf_size': 30, 'p': 2}. Best is trial 3 with value: 0.55.
[I 2026-04-21 10:30:06,017] Trial 14 finished with value: 0.55 and parameters: {'n_neighbors': 8, 'leaf_size': 30, 'p': 2}. Best is trial 3 with value: 0.55.
[I 2026-04-21 10:30:06,042] Trial 15 finished with value: 0.55 and parameters: {'n_neighbors': 6, 'leaf_size': 37, 'p': 2}. Best is trial 3 with value: 0.55.
[I 2026-04-21 10:30:06,079] Trial 16 finished with value: 0.6 and parameters: {'n_neighbors': 9, 'leaf_size': 31, 'p': 2}. Best is trial 16 with value: 0.6.
[I 2026-04-21 10:30:06,104] Trial 17 finished with value: 0.6 and parameters: {'n_neighbors': 9, 'leaf_size': 36, 'p': 2}. Best is trial 16 with value: 0.6.
[I 2026-04-21 10:30:06,128] Trial 18 finished with value: 0.5 and parameters: {'n_neighbors': 9, 'leaf_size': 36, 'p': 1}. Best is trial 16 with value: 0.6.
[I 2026-04-21 10:30:06,154] Trial 19 finished with value: 0.6 and parameters: {'n_neighbors': 9, 'leaf_size': 40, 'p': 2}. Best is trial 16 with value: 0.6.
[I 2026-04-21 10:30:06,175] Trial 20 finished with value: 0.55 and parameters: {'n_neighbors': 10, 'leaf_size': 20, 'p': 2}. Best is trial 16 with value: 0.6.
[I 2026-04-21 10:30:06,200] Trial 21 finished with value: 0.6 and parameters: {'n_neighbors': 9, 'leaf_size': 40, 'p': 2}. Best is trial 16 with value: 0.6.
[I 2026-04-21 10:30:06,226] Trial 22 finished with value: 0.6 and parameters: {'n_neighbors': 9, 'leaf_size': 38, 'p': 2}. Best is trial 16 with value: 0.6.
[I 2026-04-21 10:30:06,252] Trial 23 finished with value: 0.55 and parameters: {'n_neighbors': 10, 'leaf_size': 40, 'p': 2}. Best is trial 16 with value: 0.6.
[I 2026-04-21 10:30:06,278] Trial 24 finished with value: 0.6 and parameters: {'n_neighbors': 9, 'leaf_size': 35, 'p': 2}. Best is trial 16 with value: 0.6.
[I 2026-04-21 10:30:06,304] Trial 25 finished with value: 0.55 and parameters: {'n_neighbors': 8, 'leaf_size': 38, 'p': 2}. Best is trial 16 with value: 0.6.
[I 2026-04-21 10:30:06,333] Trial 26 finished with value: 0.5 and parameters: {'n_neighbors': 9, 'leaf_size': 36, 'p': 1}. Best is trial 16 with value: 0.6.
[I 2026-04-21 10:30:06,359] Trial 27 finished with value: 0.55 and parameters: {'n_neighbors': 10, 'leaf_size': 39, 'p': 2}. Best is trial 16 with value: 0.6.
[I 2026-04-21 10:30:06,385] Trial 28 finished with value: 0.55 and parameters: {'n_neighbors': 8, 'leaf_size': 29, 'p': 2}. Best is trial 16 with value: 0.6.
[I 2026-04-21 10:30:06,410] Trial 29 finished with value: 0.5 and parameters: {'n_neighbors': 10, 'leaf_size': 25, 'p': 1}. Best is trial 16 with value: 0.6.
[I 2026-04-21 10:30:06,509] A new study created in memory with name: xgb
[I 2026-04-21 10:30:06,536] Trial 0 finished with value: 0.45 and parameters: {'n_estimators': 10, 'max_depth': 30, 'gamma': 0.5768356259735394, 'subsample': 0.7094037142783272, 'colsample_bytree': 0.6677039246366646}. Best is trial 0 with value: 0.45.
[I 2026-04-21 10:30:06,573] Trial 1 finished with value: 0.5 and parameters: {'n_estimators': 100, 'max_depth': 30, 'gamma': 0.9912018442360747, 'subsample': 0.9099290984609207, 'colsample_bytree': 0.7066004674080903}. Best is trial 1 with value: 0.5.
[I 2026-04-21 10:30:06,601] Trial 2 finished with value: 0.65 and parameters: {'n_estimators': 10, 'max_depth': 20, 'gamma': 0.7382185757030506, 'subsample': 0.7704684271512641, 'colsample_bytree': 0.5624120871903049}. Best is trial 2 with value: 0.65.
[I 2026-04-21 10:30:06,628] Trial 3 finished with value: 0.5 and parameters: {'n_estimators': 10, 'max_depth': 20, 'gamma': 0.7041784887453524, 'subsample': 0.7995029565695583, 'colsample_bytree': 0.8586660727777565}. Best is trial 2 with value: 0.65.
[I 2026-04-21 10:30:06,656] Trial 4 finished with value: 0.45 and parameters: {'n_estimators': 10, 'max_depth': 20, 'gamma': 0.46549701645255037, 'subsample': 0.9946899241400011, 'colsample_bytree': 0.725249640372583}. Best is trial 2 with value: 0.65.
[I 2026-04-21 10:30:06,691] Trial 5 finished with value: 0.5 and parameters: {'n_estimators': 40, 'max_depth': 20, 'gamma': 0.3554734452019276, 'subsample': 0.5947710951851903, 'colsample_bytree': 0.7356254823676576}. Best is trial 2 with value: 0.65.
[I 2026-04-21 10:30:06,719] Trial 6 finished with value: 0.4 and parameters: {'n_estimators': 40, 'max_depth': 20, 'gamma': 0.8967376717636345, 'subsample': 0.988276510203839, 'colsample_bytree': 0.9184542964535913}. Best is trial 2 with value: 0.65.
[I 2026-04-21 10:30:06,749] Trial 7 finished with value: 0.45 and parameters: {'n_estimators': 40, 'max_depth': 30, 'gamma': 0.7149068474388774, 'subsample': 0.5696358027454862, 'colsample_bytree': 0.8514125286992056}. Best is trial 2 with value: 0.65.
[I 2026-04-21 10:30:06,777] Trial 8 finished with value: 0.45 and parameters: {'n_estimators': 100, 'max_depth': 30, 'gamma': 0.2471398756881566, 'subsample': 0.8241126205332553, 'colsample_bytree': 0.6258070715852391}. Best is trial 2 with value: 0.65.
[I 2026-04-21 10:30:06,805] Trial 9 finished with value: 0.4 and parameters: {'n_estimators': 40, 'max_depth': 30, 'gamma': 0.8599846034069103, 'subsample': 0.8019332783535529, 'colsample_bytree': 0.7936068454878676}. Best is trial 2 with value: 0.65.
[I 2026-04-21 10:30:06,845] Trial 10 finished with value: 0.6 and parameters: {'n_estimators': 10, 'max_depth': 5, 'gamma': 0.11132541504315885, 'subsample': 0.676251899486003, 'colsample_bytree': 0.5127475876854589}. Best is trial 2 with value: 0.65.
[I 2026-04-21 10:30:06,895] Trial 11 finished with value: 0.6 and parameters: {'n_estimators': 10, 'max_depth': 5, 'gamma': 0.10542275268999206, 'subsample': 0.6833283641398806, 'colsample_bytree': 0.5220836427162747}. Best is trial 2 with value: 0.65.
[I 2026-04-21 10:30:06,935] Trial 12 finished with value: 0.6 and parameters: {'n_estimators': 10, 'max_depth': 5, 'gamma': 0.6108590947025372, 'subsample': 0.6780502057427401, 'colsample_bytree': 0.5298430189555206}. Best is trial 2 with value: 0.65.
[I 2026-04-21 10:30:06,976] Trial 13 finished with value: 0.55 and parameters: {'n_estimators': 10, 'max_depth': 5, 'gamma': 0.11701644856579113, 'subsample': 0.5146749793878775, 'colsample_bytree': 0.5833613240219035}. Best is trial 2 with value: 0.65.
[I 2026-04-21 10:30:07,017] Trial 14 finished with value: 0.35 and parameters: {'n_estimators': 10, 'max_depth': 5, 'gamma': 0.4000023985818805, 'subsample': 0.6421390529591685, 'colsample_bytree': 0.5013541727082262}. Best is trial 2 with value: 0.65.
[I 2026-04-21 10:30:07,060] Trial 15 finished with value: 0.6 and parameters: {'n_estimators': 10, 'max_depth': 20, 'gamma': 0.7394766872180837, 'subsample': 0.74617939134414, 'colsample_bytree': 0.6050189836638699}. Best is trial 2 with value: 0.65.
[I 2026-04-21 10:30:07,110] Trial 16 finished with value: 0.5 and parameters: {'n_estimators': 100, 'max_depth': 5, 'gamma': 0.2511711553573408, 'subsample': 0.8778533814565002, 'colsample_bytree': 0.5710570474529844}. Best is trial 2 with value: 0.65.
[I 2026-04-21 10:30:07,152] Trial 17 finished with value: 0.35 and parameters: {'n_estimators': 10, 'max_depth': 5, 'gamma': 0.4970448746010475, 'subsample': 0.7328502300102595, 'colsample_bytree': 0.9933840889987662}. Best is trial 2 with value: 0.65.
[I 2026-04-21 10:30:07,193] Trial 18 finished with value: 0.3 and parameters: {'n_estimators': 10, 'max_depth': 20, 'gamma': 0.8059359828429007, 'subsample': 0.6181206180821472, 'colsample_bytree': 0.6491859400572684}. Best is trial 2 with value: 0.65.
[I 2026-04-21 10:30:07,243] Trial 19 finished with value: 0.45 and parameters: {'n_estimators': 100, 'max_depth': 5, 'gamma': 0.6313653438994521, 'subsample': 0.8596842598852892, 'colsample_bytree': 0.6743780789749614}. Best is trial 2 with value: 0.65.
[I 2026-04-21 10:30:07,282] Trial 20 finished with value: 0.4 and parameters: {'n_estimators': 10, 'max_depth': 20, 'gamma': 0.26787488016860767, 'subsample': 0.5407079081919244, 'colsample_bytree': 0.5431809831073948}. Best is trial 2 with value: 0.65.
[I 2026-04-21 10:30:07,322] Trial 21 finished with value: 0.6 and parameters: {'n_estimators': 10, 'max_depth': 5, 'gamma': 0.10884944353746728, 'subsample': 0.6766759398925224, 'colsample_bytree': 0.5029286984708439}. Best is trial 2 with value: 0.65.
[I 2026-04-21 10:30:07,362] Trial 22 finished with value: 0.55 and parameters: {'n_estimators': 10, 'max_depth': 5, 'gamma': 0.1859264179617368, 'subsample': 0.7692836929947224, 'colsample_bytree': 0.5683791986039639}. Best is trial 2 with value: 0.65.
[I 2026-04-21 10:30:07,403] Trial 23 finished with value: 0.6 and parameters: {'n_estimators': 10, 'max_depth': 5, 'gamma': 0.34433142874156997, 'subsample': 0.6741049595153292, 'colsample_bytree': 0.5451186094385639}. Best is trial 2 with value: 0.65.
[I 2026-04-21 10:30:07,443] Trial 24 finished with value: 0.45 and parameters: {'n_estimators': 10, 'max_depth': 5, 'gamma': 0.18238333001587043, 'subsample': 0.7242583463963644, 'colsample_bytree': 0.6089437337738903}. Best is trial 2 with value: 0.65.
[I 2026-04-21 10:30:07,484] Trial 25 finished with value: 0.35 and parameters: {'n_estimators': 10, 'max_depth': 5, 'gamma': 0.1791921879329752, 'subsample': 0.6405875658817808, 'colsample_bytree': 0.5251301539828179}. Best is trial 2 with value: 0.65.
[I 2026-04-21 10:30:07,524] Trial 26 finished with value: 0.55 and parameters: {'n_estimators': 10, 'max_depth': 20, 'gamma': 0.1006519805701093, 'subsample': 0.7732897213662979, 'colsample_bytree': 0.569453797102457}. Best is trial 2 with value: 0.65.
[I 2026-04-21 10:30:07,564] Trial 27 finished with value: 0.55 and parameters: {'n_estimators': 10, 'max_depth': 5, 'gamma': 0.4864239583930837, 'subsample': 0.7067915360873211, 'colsample_bytree': 0.6389901589265466}. Best is trial 2 with value: 0.65.
[I 2026-04-21 10:30:07,615] Trial 28 finished with value: 0.4 and parameters: {'n_estimators': 100, 'max_depth': 5, 'gamma': 0.32313597957447737, 'subsample': 0.6426464023705514, 'colsample_bytree': 0.7804259188628327}. Best is trial 2 with value: 0.65.
[I 2026-04-21 10:30:07,656] Trial 29 finished with value: 0.5 and parameters: {'n_estimators': 40, 'max_depth': 20, 'gamma': 0.5581758051883761, 'subsample': 0.6978828918392843, 'colsample_bytree': 0.6893718185562266}. Best is trial 2 with value: 0.65.
[I 2026-04-21 10:30:07,730] A new study created in memory with name: rf
[I 2026-04-21 10:30:08,389] Trial 0 finished with value: 0.4 and parameters: {'n_estimators': 458, 'max_depth': 8, 'min_samples_split': 9, 'min_samples_leaf': 1}. Best is trial 0 with value: 0.4.
[I 2026-04-21 10:30:08,586] Trial 1 finished with value: 0.55 and parameters: {'n_estimators': 143, 'max_depth': 13, 'min_samples_split': 6, 'min_samples_leaf': 5}. Best is trial 1 with value: 0.55.
[I 2026-04-21 10:30:08,879] Trial 2 finished with value: 0.5 and parameters: {'n_estimators': 234, 'max_depth': 14, 'min_samples_split': 5, 'min_samples_leaf': 8}. Best is trial 1 with value: 0.55.
