[I 2026-04-21 10:37:28,248] Trial 26 finished with value: 1.0 and parameters: {'n_estimators': 221, 'max_depth': 13, 'min_samples_split': 3, 'min_samples_leaf': 2}. Best is trial 1 with value: 1.0.
[I 2026-04-21 10:37:28,475] Trial 27 finished with value: 1.0 and parameters: {'n_estimators': 153, 'max_depth': 10, 'min_samples_split': 5, 'min_samples_leaf': 1}. Best is trial 1 with value: 1.0.
[I 2026-04-21 10:37:28,647] Trial 28 finished with value: 1.0 and parameters: {'n_estimators': 105, 'max_depth': 13, 'min_samples_split': 9, 'min_samples_leaf': 5}. Best is trial 1 with value: 1.0.
[I 2026-04-21 10:37:28,972] Trial 29 finished with value: 0.5 and parameters: {'n_estimators': 274, 'max_depth': 17, 'min_samples_split': 7, 'min_samples_leaf': 7}. Best is trial 1 with value: 1.0.
[I 2026-04-21 10:37:30,036] A new study created in memory with name: mlp
[I 2026-04-21 10:37:30,085] Trial 0 finished with value: 1.0 and parameters: {'hidden_layer_sizes': (200,), 'max_iter': 100, 'alpha': 0.0001}. Best is trial 0 with value: 1.0.
[I 2026-04-21 10:37:30,152] Trial 1 finished with value: 1.0 and parameters: {'hidden_layer_sizes': (100, 100), 'max_iter': 100, 'alpha': 0.0001}. Best is trial 0 with value: 1.0.
[I 2026-04-21 10:37:30,199] Trial 2 finished with value: 1.0 and parameters: {'hidden_layer_sizes': (200,), 'max_iter': 100, 'alpha': 0.001}. Best is trial 0 with value: 1.0.
[I 2026-04-21 10:37:30,234] Trial 3 finished with value: 1.0 and parameters: {'hidden_layer_sizes': (100,), 'max_iter': 50, 'alpha': 0.001}. Best is trial 0 with value: 1.0.
[I 2026-04-21 10:37:30,284] Trial 4 finished with value: 1.0 and parameters: {'hidden_layer_sizes': (100,), 'max_iter': 50, 'alpha': 0.0001}. Best is trial 0 with value: 1.0.
[I 2026-04-21 10:37:30,320] Trial 5 finished with value: 1.0 and parameters: {'hidden_layer_sizes': (100,), 'max_iter': 50, 'alpha': 0.0001}. Best is trial 0 with value: 1.0.
[I 2026-04-21 10:37:30,355] Trial 6 finished with value: 1.0 and parameters: {'hidden_layer_sizes': (100,), 'max_iter': 50, 'alpha': 0.0001}. Best is trial 0 with value: 1.0.
[I 2026-04-21 10:37:30,391] Trial 7 finished with value: 0.9 and parameters: {'hidden_layer_sizes': (100,), 'max_iter': 50, 'alpha': 0.0001}. Best is trial 0 with value: 1.0.
[I 2026-04-21 10:37:30,426] Trial 8 finished with value: 1.0 and parameters: {'hidden_layer_sizes': (200,), 'max_iter': 100, 'alpha': 0.0001}. Best is trial 0 with value: 1.0.
[I 2026-04-21 10:37:30,472] Trial 9 finished with value: 1.0 and parameters: {'hidden_layer_sizes': (200,), 'max_iter': 50, 'alpha': 0.0001}. Best is trial 0 with value: 1.0.
[I 2026-04-21 10:37:30,519] Trial 10 finished with value: 1.0 and parameters: {'hidden_layer_sizes': (100, 100), 'max_iter': 100, 'alpha': 0.001}. Best is trial 0 with value: 1.0.
[I 2026-04-21 10:37:30,567] Trial 11 finished with value: 1.0 and parameters: {'hidden_layer_sizes': (100, 100), 'max_iter': 100, 'alpha': 0.0001}. Best is trial 0 with value: 1.0.
[I 2026-04-21 10:37:30,614] Trial 12 finished with value: 1.0 and parameters: {'hidden_layer_sizes': (100, 100), 'max_iter': 100, 'alpha': 0.0001}. Best is trial 0 with value: 1.0.
[I 2026-04-21 10:37:30,661] Trial 13 finished with value: 1.0 and parameters: {'hidden_layer_sizes': (100, 100), 'max_iter': 100, 'alpha': 0.0001}. Best is trial 0 with value: 1.0.
[I 2026-04-21 10:37:30,699] Trial 14 finished with value: 1.0 and parameters: {'hidden_layer_sizes': (200,), 'max_iter': 100, 'alpha': 0.001}. Best is trial 0 with value: 1.0.
[I 2026-04-21 10:37:30,746] Trial 15 finished with value: 1.0 and parameters: {'hidden_layer_sizes': (100, 100), 'max_iter': 100, 'alpha': 0.0001}. Best is trial 0 with value: 1.0.
[I 2026-04-21 10:37:30,782] Trial 16 finished with value: 0.95 and parameters: {'hidden_layer_sizes': (200,), 'max_iter': 100, 'alpha': 0.0001}. Best is trial 0 with value: 1.0.
[I 2026-04-21 10:37:30,817] Trial 17 finished with value: 1.0 and parameters: {'hidden_layer_sizes': (100, 100), 'max_iter': 100, 'alpha': 0.0001}. Best is trial 0 with value: 1.0.
[I 2026-04-21 10:37:30,854] Trial 18 finished with value: 1.0 and parameters: {'hidden_layer_sizes': (200,), 'max_iter': 100, 'alpha': 0.001}. Best is trial 0 with value: 1.0.
[I 2026-04-21 10:37:30,890] Trial 19 finished with value: 0.95 and parameters: {'hidden_layer_sizes': (200,), 'max_iter': 100, 'alpha': 0.0001}. Best is trial 0 with value: 1.0.
[I 2026-04-21 10:37:30,937] Trial 20 finished with value: 1.0 and parameters: {'hidden_layer_sizes': (100, 100), 'max_iter': 100, 'alpha': 0.0001}. Best is trial 0 with value: 1.0.
[I 2026-04-21 10:37:30,985] Trial 21 finished with value: 1.0 and parameters: {'hidden_layer_sizes': (200,), 'max_iter': 100, 'alpha': 0.001}. Best is trial 0 with value: 1.0.
[I 2026-04-21 10:37:31,022] Trial 22 finished with value: 1.0 and parameters: {'hidden_layer_sizes': (200,), 'max_iter': 100, 'alpha': 0.001}. Best is trial 0 with value: 1.0.
[I 2026-04-21 10:37:31,060] Trial 23 finished with value: 1.0 and parameters: {'hidden_layer_sizes': (200,), 'max_iter': 100, 'alpha': 0.001}. Best is trial 0 with value: 1.0.
[I 2026-04-21 10:37:31,097] Trial 24 finished with value: 1.0 and parameters: {'hidden_layer_sizes': (200,), 'max_iter': 100, 'alpha': 0.001}. Best is trial 0 with value: 1.0.
[I 2026-04-21 10:37:31,136] Trial 25 finished with value: 1.0 and parameters: {'hidden_layer_sizes': (200,), 'max_iter': 100, 'alpha': 0.001}. Best is trial 0 with value: 1.0.
[I 2026-04-21 10:37:31,184] Trial 26 finished with value: 1.0 and parameters: {'hidden_layer_sizes': (100, 100), 'max_iter': 100, 'alpha': 0.001}. Best is trial 0 with value: 1.0.
[I 2026-04-21 10:37:31,222] Trial 27 finished with value: 0.95 and parameters: {'hidden_layer_sizes': (200,), 'max_iter': 100, 'alpha': 0.0001}. Best is trial 0 with value: 1.0.
[I 2026-04-21 10:37:31,271] Trial 28 finished with value: 1.0 and parameters: {'hidden_layer_sizes': (200,), 'max_iter': 100, 'alpha': 0.001}. Best is trial 0 with value: 1.0.
[I 2026-04-21 10:37:31,330] Trial 29 finished with value: 0.95 and parameters: {'hidden_layer_sizes': (100, 100), 'max_iter': 50, 'alpha': 0.001}. Best is trial 0 with value: 1.0.
[I 2026-04-21 10:37:31,505] A new study created in memory with name: svc
[I 2026-04-21 10:37:31,521] Trial 0 finished with value: 0.65 and parameters: {'C': 0.020194502448102298, 'gamma': 0.13172711156111802}. Best is trial 0 with value: 0.65.
[I 2026-04-21 10:37:31,536] Trial 1 finished with value: 0.65 and parameters: {'C': 0.5670703311028815, 'gamma': 0.0783178418343345}. Best is trial 0 with value: 0.65.
[I 2026-04-21 10:37:31,549] Trial 2 finished with value: 0.75 and parameters: {'C': 81.65034948781698, 'gamma': 0.014255533717547383}. Best is trial 2 with value: 0.75.
[I 2026-04-21 10:37:31,562] Trial 3 finished with value: 1.0 and parameters: {'C': 1.0103732850016278, 'gamma': 0.00019418001640357854}. Best is trial 3 with value: 1.0.
[I 2026-04-21 10:37:31,575] Trial 4 finished with value: 0.7 and parameters: {'C': 0.11851025167261421, 'gamma': 0.00998918377985214}. Best is trial 3 with value: 1.0.
[I 2026-04-21 10:37:31,599] Trial 5 finished with value: 0.65 and parameters: {'C': 5.2109869371584665, 'gamma': 0.16404241128227343}. Best is trial 3 with value: 1.0.
[I 2026-04-21 10:37:31,613] Trial 6 finished with value: 1.0 and parameters: {'C': 0.3340138940215422, 'gamma': 0.00018354619576988685}. Best is trial 3 with value: 1.0.
[I 2026-04-21 10:37:31,628] Trial 7 finished with value: 0.65 and parameters: {'C': 0.1420961781588805, 'gamma': 0.434884682155233}. Best is trial 3 with value: 1.0.
[I 2026-04-21 10:37:31,642] Trial 8 finished with value: 0.75 and parameters: {'C': 0.07137422643361827, 'gamma': 0.006434219125545069}. Best is trial 3 with value: 1.0.
[I 2026-04-21 10:37:31,665] Trial 9 finished with value: 1.0 and parameters: {'C': 53.066944048916255, 'gamma': 0.00012577574840733457}. Best is trial 3 with value: 1.0.
[I 2026-04-21 10:37:31,691] Trial 10 finished with value: 1.0 and parameters: {'C': 4.042381244249598, 'gamma': 0.0013304824599122815}. Best is trial 3 with value: 1.0.
[I 2026-04-21 10:37:31,726] Trial 11 finished with value: 0.95 and parameters: {'C': 1.327692185951257, 'gamma': 0.0001182654393186286}. Best is trial 3 with value: 1.0.
[I 2026-04-21 10:37:31,750] Trial 12 finished with value: 1.0 and parameters: {'C': 0.6137808106950431, 'gamma': 0.0006843879759551015}. Best is trial 3 with value: 1.0.
[I 2026-04-21 10:37:31,771] Trial 13 finished with value: 1.0 and parameters: {'C': 8.133988311752255, 'gamma': 0.0005589823422976997}. Best is trial 3 with value: 1.0.
[I 2026-04-21 10:37:31,792] Trial 14 finished with value: 0.95 and parameters: {'C': 1.6638857990919569, 'gamma': 0.0024485714006084775}. Best is trial 3 with value: 1.0.
[I 2026-04-21 10:37:31,813] Trial 15 finished with value: 1.0 and parameters: {'C': 0.34734836106457406, 'gamma': 0.00027440799525467983}. Best is trial 3 with value: 1.0.
[I 2026-04-21 10:37:31,841] Trial 16 finished with value: 0.85 and parameters: {'C': 0.01007599099482784, 'gamma': 0.00272075918350544}. Best is trial 3 with value: 1.0.
[I 2026-04-21 10:37:31,864] Trial 17 finished with value: 1.0 and parameters: {'C': 27.496564789294712, 'gamma': 0.00035595667914938077}. Best is trial 3 with value: 1.0.
[I 2026-04-21 10:37:31,885] Trial 18 finished with value: 0.65 and parameters: {'C': 0.041540628042745845, 'gamma': 0.03320384586751046}. Best is trial 3 with value: 1.0.
[I 2026-04-21 10:37:31,909] Trial 19 finished with value: 1.0 and parameters: {'C': 0.20971494443132602, 'gamma': 0.0012221528097353285}. Best is trial 3 with value: 1.0.
[I 2026-04-21 10:37:31,930] Trial 20 finished with value: 1.0 and parameters: {'C': 2.099600955534587, 'gamma': 0.0002389259990848756}. Best is trial 3 with value: 1.0.
[I 2026-04-21 10:37:31,952] Trial 21 finished with value: 1.0 and parameters: {'C': 18.43653458435887, 'gamma': 0.00011708948700023538}. Best is trial 3 with value: 1.0.
[I 2026-04-21 10:37:31,976] Trial 22 finished with value: 1.0 and parameters: {'C': 89.7242952473505, 'gamma': 0.00010643750644192279}. Best is trial 3 with value: 1.0.
[I 2026-04-21 10:37:31,997] Trial 23 finished with value: 1.0 and parameters: {'C': 23.194417080168748, 'gamma': 0.00021481306831898155}. Best is trial 3 with value: 1.0.
[I 2026-04-21 10:37:32,018] Trial 24 finished with value: 1.0 and parameters: {'C': 0.315272932623484, 'gamma': 0.0006662678161327582}. Best is trial 3 with value: 1.0.
[I 2026-04-21 10:37:32,041] Trial 25 finished with value: 1.0 and parameters: {'C': 0.8037629469371079, 'gamma': 0.0014075800855879615}. Best is trial 3 with value: 1.0.
[I 2026-04-21 10:37:32,064] Trial 26 finished with value: 1.0 and parameters: {'C': 10.892836997729674, 'gamma': 0.0003851001831357192}. Best is trial 3 with value: 1.0.
[I 2026-04-21 10:37:32,088] Trial 27 finished with value: 1.0 and parameters: {'C': 2.7008849441826293, 'gamma': 0.00010285650271771571}. Best is trial 3 with value: 1.0.
[I 2026-04-21 10:37:32,112] Trial 28 finished with value: 0.85 and parameters: {'C': 46.12318854709044, 'gamma': 0.0039020363496163673}. Best is trial 3 with value: 1.0.
[I 2026-04-21 10:37:32,144] Trial 29 finished with value: 1.0 and parameters: {'C': 0.026682517027982147, 'gamma': 0.0002107850998845556}. Best is trial 3 with value: 1.0.
[I 2026-04-21 10:37:32,199] A new study created in memory with name: naive_bayes
[I 2026-04-21 10:37:32,212] Trial 0 finished with value: 0.95 and parameters: {'var_smoothing': 1.4210736239935712e-10}. Best is trial 0 with value: 0.95.
[I 2026-04-21 10:37:32,226] Trial 1 finished with value: 0.95 and parameters: {'var_smoothing': 3.629422978396398e-09}. Best is trial 0 with value: 0.95.
[I 2026-04-21 10:37:32,239] Trial 2 finished with value: 0.95 and parameters: {'var_smoothing': 7.530407234027127e-10}. Best is trial 0 with value: 0.95.
[I 2026-04-21 10:37:32,252] Trial 3 finished with value: 0.95 and parameters: {'var_smoothing': 2.7985325053380072e-09}. Best is trial 0 with value: 0.95.
[I 2026-04-21 10:37:32,266] Trial 4 finished with value: 0.95 and parameters: {'var_smoothing': 9.036058293737187e-09}. Best is trial 0 with value: 0.95.
[I 2026-04-21 10:37:32,279] Trial 5 finished with value: 0.95 and parameters: {'var_smoothing': 1.1939653980558784e-09}. Best is trial 0 with value: 0.95.
[I 2026-04-21 10:37:32,292] Trial 6 finished with value: 0.95 and parameters: {'var_smoothing': 1.005173261185167e-09}. Best is trial 0 with value: 0.95.
[I 2026-04-21 10:37:32,315] Trial 7 finished with value: 0.95 and parameters: {'var_smoothing': 1.393484899105757e-10}. Best is trial 0 with value: 0.95.
[I 2026-04-21 10:37:32,340] Trial 8 finished with value: 0.95 and parameters: {'var_smoothing': 3.4425317961147986e-10}. Best is trial 0 with value: 0.95.
[I 2026-04-21 10:37:32,364] Trial 9 finished with value: 0.95 and parameters: {'var_smoothing': 9.994590426751933e-10}. Best is trial 0 with value: 0.95.
[I 2026-04-21 10:37:32,385] Trial 10 finished with value: 0.95 and parameters: {'var_smoothing': 1.9079938112167212e-10}. Best is trial 0 with value: 0.95.
[I 2026-04-21 10:37:32,405] Trial 11 finished with value: 0.95 and parameters: {'var_smoothing': 4.7456863630433305e-09}. Best is trial 0 with value: 0.95.
[I 2026-04-21 10:37:32,425] Trial 12 finished with value: 0.95 and parameters: {'var_smoothing': 2.7185365295481096e-09}. Best is trial 0 with value: 0.95.
[I 2026-04-21 10:37:32,445] Trial 13 finished with value: 0.95 and parameters: {'var_smoothing': 4.3967291332584714e-10}. Best is trial 0 with value: 0.95.
[I 2026-04-21 10:37:32,465] Trial 14 finished with value: 0.95 and parameters: {'var_smoothing': 2.6511307931162972e-09}. Best is trial 0 with value: 0.95.
[I 2026-04-21 10:37:32,482] Trial 15 finished with value: 0.95 and parameters: {'var_smoothing': 9.000422035369052e-09}. Best is trial 0 with value: 0.95.
[I 2026-04-21 10:37:32,502] Trial 16 finished with value: 0.95 and parameters: {'var_smoothing': 2.75340575769171e-10}. Best is trial 0 with value: 0.95.
[I 2026-04-21 10:37:32,520] Trial 17 finished with value: 0.95 and parameters: {'var_smoothing': 1.0118559267516465e-10}. Best is trial 0 with value: 0.95.
[I 2026-04-21 10:37:32,536] Trial 18 finished with value: 0.95 and parameters: {'var_smoothing': 5.126237368588495e-10}. Best is trial 0 with value: 0.95.
[I 2026-04-21 10:37:32,553] Trial 19 finished with value: 0.95 and parameters: {'var_smoothing': 1.7743118427439911e-09}. Best is trial 0 with value: 0.95.
[I 2026-04-21 10:37:32,575] Trial 20 finished with value: 0.95 and parameters: {'var_smoothing': 5.29215399120128e-09}. Best is trial 0 with value: 0.95.
[I 2026-04-21 10:37:32,596] Trial 21 finished with value: 0.95 and parameters: {'var_smoothing': 6.215389304971454e-10}. Best is trial 0 with value: 0.95.
[I 2026-04-21 10:37:32,616] Trial 22 finished with value: 0.95 and parameters: {'var_smoothing': 2.205158371956595e-10}. Best is trial 0 with value: 0.95.
[I 2026-04-21 10:37:32,637] Trial 23 finished with value: 0.95 and parameters: {'var_smoothing': 6.714468189294179e-10}. Best is trial 0 with value: 0.95.
[I 2026-04-21 10:37:32,655] Trial 24 finished with value: 0.95 and parameters: {'var_smoothing': 1.6303611152529254e-09}. Best is trial 0 with value: 0.95.
[I 2026-04-21 10:37:32,672] Trial 25 finished with value: 0.95 and parameters: {'var_smoothing': 5.460180203252778e-09}. Best is trial 0 with value: 0.95.
[I 2026-04-21 10:37:32,691] Trial 26 finished with value: 0.95 and parameters: {'var_smoothing': 1.0123007748054653e-10}. Best is trial 0 with value: 0.95.
[I 2026-04-21 10:37:32,710] Trial 27 finished with value: 0.95 and parameters: {'var_smoothing': 3.7004726843827016e-09}. Best is trial 0 with value: 0.95.
[I 2026-04-21 10:37:32,731] Trial 28 finished with value: 0.95 and parameters: {'var_smoothing': 8.062949328123723e-10}. Best is trial 0 with value: 0.95.
[I 2026-04-21 10:37:32,752] Trial 29 finished with value: 0.95 and parameters: {'var_smoothing': 1.8379694059711336e-09}. Best is trial 0 with value: 0.95.
[I 2026-04-21 10:37:32,795] A new study created in memory with name: logreg
[I 2026-04-21 10:37:32,819] Trial 0 finished with value: 0.7 and parameters: {'C': 0.002407362254570802, 'penalty': 'l2'}. Best is trial 0 with value: 0.7.
[I 2026-04-21 10:37:32,843] Trial 1 finished with value: 1.0 and parameters: {'C': 7.935859334260497, 'penalty': 'l2'}. Best is trial 1 with value: 1.0.
[I 2026-04-21 10:37:32,868] Trial 2 finished with value: 0.95 and parameters: {'C': 0.15561310098067915, 'penalty': 'l2'}. Best is trial 1 with value: 1.0.
[I 2026-04-21 10:37:32,893] Trial 3 finished with value: 1.0 and parameters: {'C': 4.143104515916128, 'penalty': 'l2'}. Best is trial 1 with value: 1.0.
[I 2026-04-21 10:37:32,918] Trial 4 finished with value: 1.0 and parameters: {'C': 77.61533923098803, 'penalty': 'l2'}. Best is trial 1 with value: 1.0.
[I 2026-04-21 10:37:32,943] Trial 5 finished with value: 1.0 and parameters: {'C': 0.49258292359934785, 'penalty': 'l2'}. Best is trial 1 with value: 1.0.
[I 2026-04-21 10:37:32,967] Trial 6 finished with value: 0.95 and parameters: {'C': 0.320333470047146, 'penalty': 'l2'}. Best is trial 1 with value: 1.0.
[I 2026-04-21 10:37:32,980] Trial 7 finished with value: 0.7 and parameters: {'C': 0.002292216671132896, 'penalty': 'l2'}. Best is trial 1 with value: 1.0.
[I 2026-04-21 10:37:33,004] Trial 8 finished with value: 0.85 and parameters: {'C': 0.0219884643872214, 'penalty': 'l2'}. Best is trial 1 with value: 1.0.
[I 2026-04-21 10:37:33,030] Trial 9 finished with value: 0.95 and parameters: {'C': 0.31580027519646636, 'penalty': 'l2'}. Best is trial 1 with value: 1.0.
[I 2026-04-21 10:37:33,060] Trial 10 finished with value: 1.0 and parameters: {'C': 47.045226746887316, 'penalty': 'l2'}. Best is trial 1 with value: 1.0.
[I 2026-04-21 10:37:33,091] Trial 11 finished with value: 1.0 and parameters: {'C': 6.839277165794106, 'penalty': 'l2'}. Best is trial 1 with value: 1.0.
[I 2026-04-21 10:37:33,122] Trial 12 finished with value: 1.0 and parameters: {'C': 5.370275252082627, 'penalty': 'l2'}. Best is trial 1 with value: 1.0.
[I 2026-04-21 10:37:33,153] Trial 13 finished with value: 1.0 and parameters: {'C': 4.530730528990401, 'penalty': 'l2'}. Best is trial 1 with value: 1.0.
[I 2026-04-21 10:37:33,183] Trial 14 finished with value: 1.0 and parameters: {'C': 15.961422628848593, 'penalty': 'l2'}. Best is trial 1 with value: 1.0.
[I 2026-04-21 10:37:33,204] Trial 15 finished with value: 1.0 and parameters: {'C': 1.6271854345698875, 'penalty': 'l2'}. Best is trial 1 with value: 1.0.
[I 2026-04-21 10:37:33,234] Trial 16 finished with value: 1.0 and parameters: {'C': 1.8118670271657522, 'penalty': 'l2'}. Best is trial 1 with value: 1.0.
[I 2026-04-21 10:37:33,252] Trial 17 finished with value: 1.0 and parameters: {'C': 25.035357564636254, 'penalty': 'l2'}. Best is trial 1 with value: 1.0.
[I 2026-04-21 10:37:33,278] Trial 18 finished with value: 0.9 and parameters: {'C': 0.059497234598840446, 'penalty': 'l2'}. Best is trial 1 with value: 1.0.
[I 2026-04-21 10:37:33,309] Trial 19 finished with value: 1.0 and parameters: {'C': 1.4421025470950777, 'penalty': 'l2'}. Best is trial 1 with value: 1.0.
[I 2026-04-21 10:37:33,336] Trial 20 finished with value: 1.0 and parameters: {'C': 20.37422894544439, 'penalty': 'l2'}. Best is trial 1 with value: 1.0.
[I 2026-04-21 10:37:33,367] Trial 21 finished with value: 1.0 and parameters: {'C': 75.5590118311051, 'penalty': 'l2'}. Best is trial 1 with value: 1.0.
[I 2026-04-21 10:37:33,399] Trial 22 finished with value: 1.0 and parameters: {'C': 75.27740638314266, 'penalty': 'l2'}. Best is trial 1 with value: 1.0.
[I 2026-04-21 10:37:33,431] Trial 23 finished with value: 1.0 and parameters: {'C': 9.20586409160206, 'penalty': 'l2'}. Best is trial 1 with value: 1.0.
[I 2026-04-21 10:37:33,460] Trial 24 finished with value: 1.0 and parameters: {'C': 27.18664488933132, 'penalty': 'l2'}. Best is trial 1 with value: 1.0.
[I 2026-04-21 10:37:33,492] Trial 25 finished with value: 1.0 and parameters: {'C': 3.036142682269954, 'penalty': 'l2'}. Best is trial 1 with value: 1.0.
[I 2026-04-21 10:37:33,522] Trial 26 finished with value: 1.0 and parameters: {'C': 96.05640144399393, 'penalty': 'l2'}. Best is trial 1 with value: 1.0.
[I 2026-04-21 10:37:33,551] Trial 27 finished with value: 1.0 and parameters: {'C': 0.8364098732378402, 'penalty': 'l2'}. Best is trial 1 with value: 1.0.
[I 2026-04-21 10:37:33,584] Trial 28 finished with value: 1.0 and parameters: {'C': 11.876976963767161, 'penalty': 'l2'}. Best is trial 1 with value: 1.0.
[I 2026-04-21 10:37:33,618] Trial 29 finished with value: 0.8 and parameters: {'C': 0.011104103350344362, 'penalty': 'l2'}. Best is trial 1 with value: 1.0.
[I 2026-04-21 10:37:33,661] A new study created in memory with name: knn
[I 2026-04-21 10:37:33,685] Trial 0 finished with value: 0.85 and parameters: {'n_neighbors': 3, 'leaf_size': 36, 'p': 2}. Best is trial 0 with value: 0.85.
[I 2026-04-21 10:37:33,700] Trial 1 finished with value: 0.75 and parameters: {'n_neighbors': 10, 'leaf_size': 31, 'p': 1}. Best is trial 0 with value: 0.85.
[I 2026-04-21 10:37:33,715] Trial 2 finished with value: 0.75 and parameters: {'n_neighbors': 5, 'leaf_size': 30, 'p': 2}. Best is trial 0 with value: 0.85.
[I 2026-04-21 10:37:33,730] Trial 3 finished with value: 0.55 and parameters: {'n_neighbors': 6, 'leaf_size': 21, 'p': 2}. Best is trial 0 with value: 0.85.
[I 2026-04-21 10:37:33,744] Trial 4 finished with value: 0.85 and parameters: {'n_neighbors': 4, 'leaf_size': 29, 'p': 1}. Best is trial 0 with value: 0.85.
[I 2026-04-21 10:37:33,758] Trial 5 finished with value: 0.6 and parameters: {'n_neighbors': 7, 'leaf_size': 39, 'p': 2}. Best is trial 0 with value: 0.85.
[I 2026-04-21 10:37:33,772] Trial 6 finished with value: 0.55 and parameters: {'n_neighbors': 10, 'leaf_size': 22, 'p': 2}. Best is trial 0 with value: 0.85.
