[I 2026-04-21 10:34:00,086] Trial 13 finished with value: 0.8 and parameters: {'n_estimators': 306, 'max_depth': 8, 'min_samples_split': 3, 'min_samples_leaf': 3}. Best is trial 7 with value: 0.8.
[I 2026-04-21 10:34:00,583] Trial 14 finished with value: 0.65 and parameters: {'n_estimators': 409, 'max_depth': 14, 'min_samples_split': 2, 'min_samples_leaf': 6}. Best is trial 7 with value: 0.8.
[I 2026-04-21 10:34:01,213] Trial 15 finished with value: 0.75 and parameters: {'n_estimators': 370, 'max_depth': 18, 'min_samples_split': 3, 'min_samples_leaf': 4}. Best is trial 7 with value: 0.8.
[I 2026-04-21 10:34:01,568] Trial 16 finished with value: 0.75 and parameters: {'n_estimators': 298, 'max_depth': 7, 'min_samples_split': 3, 'min_samples_leaf': 3}. Best is trial 7 with value: 0.8.
[I 2026-04-21 10:34:02,229] Trial 17 finished with value: 0.5 and parameters: {'n_estimators': 445, 'max_depth': 14, 'min_samples_split': 4, 'min_samples_leaf': 7}. Best is trial 7 with value: 0.8.
[I 2026-04-21 10:34:02,607] Trial 18 finished with value: 0.8 and parameters: {'n_estimators': 296, 'max_depth': 17, 'min_samples_split': 9, 'min_samples_leaf': 4}. Best is trial 7 with value: 0.8.
[I 2026-04-21 10:34:03,225] Trial 19 finished with value: 0.5 and parameters: {'n_estimators': 437, 'max_depth': 13, 'min_samples_split': 2, 'min_samples_leaf': 7}. Best is trial 7 with value: 0.8.
[I 2026-04-21 10:34:03,605] Trial 20 finished with value: 0.7 and parameters: {'n_estimators': 326, 'max_depth': 10, 'min_samples_split': 5, 'min_samples_leaf': 2}. Best is trial 7 with value: 0.8.
[I 2026-04-21 10:34:04,016] Trial 21 finished with value: 0.8 and parameters: {'n_estimators': 359, 'max_depth': 16, 'min_samples_split': 2, 'min_samples_leaf': 5}. Best is trial 7 with value: 0.8.
[I 2026-04-21 10:34:04,453] Trial 22 finished with value: 0.8 and parameters: {'n_estimators': 374, 'max_depth': 20, 'min_samples_split': 3, 'min_samples_leaf': 4}. Best is trial 7 with value: 0.8.
[I 2026-04-21 10:34:04,811] Trial 23 finished with value: 0.75 and parameters: {'n_estimators': 257, 'max_depth': 13, 'min_samples_split': 2, 'min_samples_leaf': 5}. Best is trial 7 with value: 0.8.
[I 2026-04-21 10:34:05,218] Trial 24 finished with value: 0.8 and parameters: {'n_estimators': 323, 'max_depth': 15, 'min_samples_split': 3, 'min_samples_leaf': 6}. Best is trial 7 with value: 0.8.
[I 2026-04-21 10:34:05,622] Trial 25 finished with value: 0.5 and parameters: {'n_estimators': 348, 'max_depth': 9, 'min_samples_split': 4, 'min_samples_leaf': 7}. Best is trial 7 with value: 0.8.
[I 2026-04-21 10:34:06,125] Trial 26 finished with value: 0.75 and parameters: {'n_estimators': 284, 'max_depth': 18, 'min_samples_split': 2, 'min_samples_leaf': 4}. Best is trial 7 with value: 0.8.
[I 2026-04-21 10:34:06,573] Trial 27 finished with value: 0.8 and parameters: {'n_estimators': 396, 'max_depth': 13, 'min_samples_split': 3, 'min_samples_leaf': 5}. Best is trial 7 with value: 0.8.
[I 2026-04-21 10:34:07,042] Trial 28 finished with value: 0.75 and parameters: {'n_estimators': 428, 'max_depth': 15, 'min_samples_split': 4, 'min_samples_leaf': 6}. Best is trial 7 with value: 0.8.
[I 2026-04-21 10:34:07,258] Trial 29 finished with value: 0.7 and parameters: {'n_estimators': 118, 'max_depth': 17, 'min_samples_split': 5, 'min_samples_leaf': 2}. Best is trial 7 with value: 0.8.
[I 2026-04-21 10:34:08,069] A new study created in memory with name: mlp
[I 2026-04-21 10:34:08,154] Trial 0 finished with value: 0.55 and parameters: {'hidden_layer_sizes': (200,), 'max_iter': 100, 'alpha': 0.0001}. Best is trial 0 with value: 0.55.
[I 2026-04-21 10:34:08,241] Trial 1 finished with value: 0.5 and parameters: {'hidden_layer_sizes': (100, 100), 'max_iter': 100, 'alpha': 0.0001}. Best is trial 0 with value: 0.55.
[I 2026-04-21 10:34:08,328] Trial 2 finished with value: 0.5 and parameters: {'hidden_layer_sizes': (200,), 'max_iter': 100, 'alpha': 0.001}. Best is trial 0 with value: 0.55.
[I 2026-04-21 10:34:08,363] Trial 3 finished with value: 0.6 and parameters: {'hidden_layer_sizes': (100,), 'max_iter': 50, 'alpha': 0.001}. Best is trial 3 with value: 0.6.
[I 2026-04-21 10:34:08,406] Trial 4 finished with value: 0.55 and parameters: {'hidden_layer_sizes': (100,), 'max_iter': 50, 'alpha': 0.0001}. Best is trial 3 with value: 0.6.
[I 2026-04-21 10:34:08,439] Trial 5 finished with value: 0.6 and parameters: {'hidden_layer_sizes': (100,), 'max_iter': 50, 'alpha': 0.0001}. Best is trial 3 with value: 0.6.
[I 2026-04-21 10:34:08,483] Trial 6 finished with value: 0.6 and parameters: {'hidden_layer_sizes': (100,), 'max_iter': 50, 'alpha': 0.0001}. Best is trial 3 with value: 0.6.
[I 2026-04-21 10:34:08,527] Trial 7 finished with value: 0.5 and parameters: {'hidden_layer_sizes': (100,), 'max_iter': 50, 'alpha': 0.0001}. Best is trial 3 with value: 0.6.
[I 2026-04-21 10:34:08,591] Trial 8 finished with value: 0.5 and parameters: {'hidden_layer_sizes': (200,), 'max_iter': 100, 'alpha': 0.0001}. Best is trial 3 with value: 0.6.
[I 2026-04-21 10:34:08,635] Trial 9 finished with value: 0.5 and parameters: {'hidden_layer_sizes': (200,), 'max_iter': 50, 'alpha': 0.0001}. Best is trial 3 with value: 0.6.
[I 2026-04-21 10:34:08,689] Trial 10 finished with value: 0.5 and parameters: {'hidden_layer_sizes': (100, 100), 'max_iter': 50, 'alpha': 0.001}. Best is trial 3 with value: 0.6.
[I 2026-04-21 10:34:08,734] Trial 11 finished with value: 0.5 and parameters: {'hidden_layer_sizes': (100,), 'max_iter': 50, 'alpha': 0.001}. Best is trial 3 with value: 0.6.
[I 2026-04-21 10:34:08,780] Trial 12 finished with value: 0.65 and parameters: {'hidden_layer_sizes': (100,), 'max_iter': 50, 'alpha': 0.001}. Best is trial 12 with value: 0.65.
[I 2026-04-21 10:34:08,825] Trial 13 finished with value: 0.65 and parameters: {'hidden_layer_sizes': (100,), 'max_iter': 50, 'alpha': 0.001}. Best is trial 12 with value: 0.65.
[I 2026-04-21 10:34:08,869] Trial 14 finished with value: 0.6 and parameters: {'hidden_layer_sizes': (100,), 'max_iter': 50, 'alpha': 0.001}. Best is trial 12 with value: 0.65.
[I 2026-04-21 10:34:08,914] Trial 15 finished with value: 0.55 and parameters: {'hidden_layer_sizes': (100,), 'max_iter': 50, 'alpha': 0.001}. Best is trial 12 with value: 0.65.
[I 2026-04-21 10:34:08,969] Trial 16 finished with value: 0.55 and parameters: {'hidden_layer_sizes': (100, 100), 'max_iter': 50, 'alpha': 0.001}. Best is trial 12 with value: 0.65.
[I 2026-04-21 10:34:09,015] Trial 17 finished with value: 0.55 and parameters: {'hidden_layer_sizes': (100,), 'max_iter': 50, 'alpha': 0.001}. Best is trial 12 with value: 0.65.
[I 2026-04-21 10:34:09,071] Trial 18 finished with value: 0.5 and parameters: {'hidden_layer_sizes': (100,), 'max_iter': 100, 'alpha': 0.001}. Best is trial 12 with value: 0.65.
[I 2026-04-21 10:34:09,129] Trial 19 finished with value: 0.55 and parameters: {'hidden_layer_sizes': (100, 100), 'max_iter': 50, 'alpha': 0.001}. Best is trial 12 with value: 0.65.
[I 2026-04-21 10:34:09,168] Trial 20 finished with value: 0.65 and parameters: {'hidden_layer_sizes': (100,), 'max_iter': 50, 'alpha': 0.001}. Best is trial 12 with value: 0.65.
[I 2026-04-21 10:34:09,206] Trial 21 finished with value: 0.6 and parameters: {'hidden_layer_sizes': (100,), 'max_iter': 50, 'alpha': 0.001}. Best is trial 12 with value: 0.65.
[I 2026-04-21 10:34:09,251] Trial 22 finished with value: 0.6 and parameters: {'hidden_layer_sizes': (100,), 'max_iter': 50, 'alpha': 0.001}. Best is trial 12 with value: 0.65.
[I 2026-04-21 10:34:09,289] Trial 23 finished with value: 0.55 and parameters: {'hidden_layer_sizes': (100,), 'max_iter': 50, 'alpha': 0.001}. Best is trial 12 with value: 0.65.
[I 2026-04-21 10:34:09,327] Trial 24 finished with value: 0.55 and parameters: {'hidden_layer_sizes': (100,), 'max_iter': 50, 'alpha': 0.001}. Best is trial 12 with value: 0.65.
[I 2026-04-21 10:34:09,367] Trial 25 finished with value: 0.6 and parameters: {'hidden_layer_sizes': (100,), 'max_iter': 50, 'alpha': 0.001}. Best is trial 12 with value: 0.65.
[I 2026-04-21 10:34:09,424] Trial 26 finished with value: 0.6 and parameters: {'hidden_layer_sizes': (100,), 'max_iter': 100, 'alpha': 0.001}. Best is trial 12 with value: 0.65.
[I 2026-04-21 10:34:09,461] Trial 27 finished with value: 0.55 and parameters: {'hidden_layer_sizes': (100,), 'max_iter': 50, 'alpha': 0.001}. Best is trial 12 with value: 0.65.
[I 2026-04-21 10:34:09,517] Trial 28 finished with value: 0.55 and parameters: {'hidden_layer_sizes': (100, 100), 'max_iter': 50, 'alpha': 0.001}. Best is trial 12 with value: 0.65.
[I 2026-04-21 10:34:09,588] Trial 29 finished with value: 0.55 and parameters: {'hidden_layer_sizes': (200,), 'max_iter': 100, 'alpha': 0.001}. Best is trial 12 with value: 0.65.
[I 2026-04-21 10:34:09,697] A new study created in memory with name: svc
[I 2026-04-21 10:34:09,711] Trial 0 finished with value: 0.6 and parameters: {'C': 0.020194502448102298, 'gamma': 0.13172711156111802}. Best is trial 0 with value: 0.6.
[I 2026-04-21 10:34:09,724] Trial 1 finished with value: 0.6 and parameters: {'C': 0.5670703311028815, 'gamma': 0.0783178418343345}. Best is trial 0 with value: 0.6.
[I 2026-04-21 10:34:09,737] Trial 2 finished with value: 0.5 and parameters: {'C': 81.65034948781698, 'gamma': 0.014255533717547383}. Best is trial 0 with value: 0.6.
[I 2026-04-21 10:34:09,750] Trial 3 finished with value: 0.7 and parameters: {'C': 1.0103732850016278, 'gamma': 0.00019418001640357854}. Best is trial 3 with value: 0.7.
[I 2026-04-21 10:34:09,762] Trial 4 finished with value: 0.7 and parameters: {'C': 0.11851025167261421, 'gamma': 0.00998918377985214}. Best is trial 3 with value: 0.7.
[I 2026-04-21 10:34:09,777] Trial 5 finished with value: 0.6 and parameters: {'C': 5.2109869371584665, 'gamma': 0.16404241128227343}. Best is trial 3 with value: 0.7.
[I 2026-04-21 10:34:09,791] Trial 6 finished with value: 0.7 and parameters: {'C': 0.3340138940215422, 'gamma': 0.00018354619576988685}. Best is trial 3 with value: 0.7.
[I 2026-04-21 10:34:09,804] Trial 7 finished with value: 0.7 and parameters: {'C': 0.1420961781588805, 'gamma': 0.434884682155233}. Best is trial 3 with value: 0.7.
[I 2026-04-21 10:34:09,820] Trial 8 finished with value: 0.7 and parameters: {'C': 0.07137422643361827, 'gamma': 0.006434219125545069}. Best is trial 3 with value: 0.7.
[I 2026-04-21 10:34:09,835] Trial 9 finished with value: 0.7 and parameters: {'C': 53.066944048916255, 'gamma': 0.00012577574840733457}. Best is trial 3 with value: 0.7.
[I 2026-04-21 10:34:09,858] Trial 10 finished with value: 0.7 and parameters: {'C': 4.042381244249598, 'gamma': 0.0013304824599122815}. Best is trial 3 with value: 0.7.
[I 2026-04-21 10:34:09,878] Trial 11 finished with value: 0.7 and parameters: {'C': 1.9394355370276735, 'gamma': 0.0009766720882495895}. Best is trial 3 with value: 0.7.
[I 2026-04-21 10:34:09,903] Trial 12 finished with value: 0.7 and parameters: {'C': 0.02005755146491624, 'gamma': 0.012530475042140348}. Best is trial 3 with value: 0.7.
[I 2026-04-21 10:34:09,923] Trial 13 finished with value: 0.7 and parameters: {'C': 11.757762049058291, 'gamma': 0.0012636727869378417}. Best is trial 3 with value: 0.7.
[I 2026-04-21 10:34:09,944] Trial 14 finished with value: 0.7 and parameters: {'C': 0.13014041465596257, 'gamma': 0.0004488070497021482}. Best is trial 3 with value: 0.7.
[I 2026-04-21 10:34:09,969] Trial 15 finished with value: 0.7 and parameters: {'C': 0.9029790899203942, 'gamma': 0.004304853938968802}. Best is trial 3 with value: 0.7.
[I 2026-04-21 10:34:09,993] Trial 16 finished with value: 0.7 and parameters: {'C': 0.04862723445410262, 'gamma': 0.034164580603117625}. Best is trial 3 with value: 0.7.
[I 2026-04-21 10:34:10,018] Trial 17 finished with value: 0.7 and parameters: {'C': 0.32312638440833047, 'gamma': 0.0028044241293657926}. Best is trial 3 with value: 0.7.
[I 2026-04-21 10:34:10,038] Trial 18 finished with value: 0.75 and parameters: {'C': 0.010150922430041258, 'gamma': 0.6732688256819465}. Best is trial 18 with value: 0.75.
[I 2026-04-21 10:34:10,069] Trial 19 finished with value: 0.7 and parameters: {'C': 18.187153459490982, 'gamma': 0.6434076432991443}. Best is trial 18 with value: 0.75.
[I 2026-04-21 10:34:10,089] Trial 20 finished with value: 0.7 and parameters: {'C': 0.010253721582694695, 'gamma': 0.030807192891035503}. Best is trial 18 with value: 0.75.
[I 2026-04-21 10:34:10,110] Trial 21 finished with value: 0.7 and parameters: {'C': 1.920093139238176, 'gamma': 0.0003256926541970128}. Best is trial 18 with value: 0.75.
[I 2026-04-21 10:34:10,131] Trial 22 finished with value: 0.65 and parameters: {'C': 0.05614756552840879, 'gamma': 0.04327239658228434}. Best is trial 18 with value: 0.75.
[I 2026-04-21 10:34:10,152] Trial 23 finished with value: 0.7 and parameters: {'C': 0.1730799329143743, 'gamma': 0.3123627330817127}. Best is trial 18 with value: 0.75.
[I 2026-04-21 10:34:10,175] Trial 24 finished with value: 0.7 and parameters: {'C': 0.025163614368934523, 'gamma': 0.002161606094431938}. Best is trial 18 with value: 0.75.
[I 2026-04-21 10:34:10,196] Trial 25 finished with value: 0.7 and parameters: {'C': 1.3538598445768006, 'gamma': 0.9882270156959783}. Best is trial 18 with value: 0.75.
[I 2026-04-21 10:34:10,221] Trial 26 finished with value: 0.7 and parameters: {'C': 0.4649002014208031, 'gamma': 0.0175332446240915}. Best is trial 18 with value: 0.75.
[I 2026-04-21 10:34:10,245] Trial 27 finished with value: 0.7 and parameters: {'C': 0.01148575503088833, 'gamma': 0.0005823690621768606}. Best is trial 18 with value: 0.75.
[I 2026-04-21 10:34:10,267] Trial 28 finished with value: 0.65 and parameters: {'C': 0.21131115710926907, 'gamma': 0.23201493332880846}. Best is trial 18 with value: 0.75.
[I 2026-04-21 10:34:10,292] Trial 29 finished with value: 0.6 and parameters: {'C': 0.026682517027982147, 'gamma': 0.10293716597227427}. Best is trial 18 with value: 0.75.
[I 2026-04-21 10:34:10,588] A new study created in memory with name: naive_bayes
[I 2026-04-21 10:34:10,601] Trial 0 finished with value: 0.4 and parameters: {'var_smoothing': 1.4210736239935712e-10}. Best is trial 0 with value: 0.4.
[I 2026-04-21 10:34:10,613] Trial 1 finished with value: 0.4 and parameters: {'var_smoothing': 3.629422978396398e-09}. Best is trial 0 with value: 0.4.
[I 2026-04-21 10:34:10,625] Trial 2 finished with value: 0.4 and parameters: {'var_smoothing': 7.530407234027127e-10}. Best is trial 0 with value: 0.4.
[I 2026-04-21 10:34:10,638] Trial 3 finished with value: 0.4 and parameters: {'var_smoothing': 2.7985325053380072e-09}. Best is trial 0 with value: 0.4.
[I 2026-04-21 10:34:10,651] Trial 4 finished with value: 0.4 and parameters: {'var_smoothing': 9.036058293737187e-09}. Best is trial 0 with value: 0.4.
[I 2026-04-21 10:34:10,665] Trial 5 finished with value: 0.4 and parameters: {'var_smoothing': 1.1939653980558784e-09}. Best is trial 0 with value: 0.4.
[I 2026-04-21 10:34:10,681] Trial 6 finished with value: 0.4 and parameters: {'var_smoothing': 1.005173261185167e-09}. Best is trial 0 with value: 0.4.
[I 2026-04-21 10:34:10,695] Trial 7 finished with value: 0.4 and parameters: {'var_smoothing': 1.393484899105757e-10}. Best is trial 0 with value: 0.4.
[I 2026-04-21 10:34:10,709] Trial 8 finished with value: 0.4 and parameters: {'var_smoothing': 3.4425317961147986e-10}. Best is trial 0 with value: 0.4.
[I 2026-04-21 10:34:10,722] Trial 9 finished with value: 0.4 and parameters: {'var_smoothing': 9.994590426751933e-10}. Best is trial 0 with value: 0.4.
[I 2026-04-21 10:34:10,739] Trial 10 finished with value: 0.4 and parameters: {'var_smoothing': 1.9079938112167212e-10}. Best is trial 0 with value: 0.4.
[I 2026-04-21 10:34:10,754] Trial 11 finished with value: 0.4 and parameters: {'var_smoothing': 4.7456863630433305e-09}. Best is trial 0 with value: 0.4.
[I 2026-04-21 10:34:10,770] Trial 12 finished with value: 0.4 and parameters: {'var_smoothing': 2.7185365295481096e-09}. Best is trial 0 with value: 0.4.
[I 2026-04-21 10:34:10,788] Trial 13 finished with value: 0.4 and parameters: {'var_smoothing': 4.3967291332584714e-10}. Best is trial 0 with value: 0.4.
[I 2026-04-21 10:34:10,806] Trial 14 finished with value: 0.4 and parameters: {'var_smoothing': 2.6511307931162972e-09}. Best is trial 0 with value: 0.4.
[I 2026-04-21 10:34:10,823] Trial 15 finished with value: 0.4 and parameters: {'var_smoothing': 9.000422035369052e-09}. Best is trial 0 with value: 0.4.
[I 2026-04-21 10:34:10,839] Trial 16 finished with value: 0.4 and parameters: {'var_smoothing': 2.75340575769171e-10}. Best is trial 0 with value: 0.4.
[I 2026-04-21 10:34:10,856] Trial 17 finished with value: 0.4 and parameters: {'var_smoothing': 1.0118559267516465e-10}. Best is trial 0 with value: 0.4.
[I 2026-04-21 10:34:10,871] Trial 18 finished with value: 0.4 and parameters: {'var_smoothing': 5.126237368588495e-10}. Best is trial 0 with value: 0.4.
[I 2026-04-21 10:34:10,887] Trial 19 finished with value: 0.4 and parameters: {'var_smoothing': 1.7743118427439911e-09}. Best is trial 0 with value: 0.4.
[I 2026-04-21 10:34:10,904] Trial 20 finished with value: 0.4 and parameters: {'var_smoothing': 5.29215399120128e-09}. Best is trial 0 with value: 0.4.
[I 2026-04-21 10:34:10,921] Trial 21 finished with value: 0.4 and parameters: {'var_smoothing': 6.215389304971454e-10}. Best is trial 0 with value: 0.4.
[I 2026-04-21 10:34:10,938] Trial 22 finished with value: 0.4 and parameters: {'var_smoothing': 2.205158371956595e-10}. Best is trial 0 with value: 0.4.
[I 2026-04-21 10:34:10,954] Trial 23 finished with value: 0.4 and parameters: {'var_smoothing': 6.714468189294179e-10}. Best is trial 0 with value: 0.4.
[I 2026-04-21 10:34:10,975] Trial 24 finished with value: 0.4 and parameters: {'var_smoothing': 1.6303611152529254e-09}. Best is trial 0 with value: 0.4.
[I 2026-04-21 10:34:11,004] Trial 25 finished with value: 0.4 and parameters: {'var_smoothing': 5.460180203252778e-09}. Best is trial 0 with value: 0.4.
[I 2026-04-21 10:34:11,025] Trial 26 finished with value: 0.4 and parameters: {'var_smoothing': 1.0123007748054653e-10}. Best is trial 0 with value: 0.4.
[I 2026-04-21 10:34:11,044] Trial 27 finished with value: 0.4 and parameters: {'var_smoothing': 3.7004726843827016e-09}. Best is trial 0 with value: 0.4.
[I 2026-04-21 10:34:11,061] Trial 28 finished with value: 0.4 and parameters: {'var_smoothing': 8.062949328123723e-10}. Best is trial 0 with value: 0.4.
[I 2026-04-21 10:34:11,080] Trial 29 finished with value: 0.4 and parameters: {'var_smoothing': 1.8379694059711336e-09}. Best is trial 0 with value: 0.4.
[I 2026-04-21 10:34:11,120] A new study created in memory with name: logreg
[I 2026-04-21 10:34:11,143] Trial 0 finished with value: 0.5 and parameters: {'C': 0.002407362254570802, 'penalty': 'l2'}. Best is trial 0 with value: 0.5.
[I 2026-04-21 10:34:11,167] Trial 1 finished with value: 0.55 and parameters: {'C': 7.935859334260497, 'penalty': 'l2'}. Best is trial 1 with value: 0.55.
[I 2026-04-21 10:34:11,193] Trial 2 finished with value: 0.55 and parameters: {'C': 0.15561310098067915, 'penalty': 'l2'}. Best is trial 1 with value: 0.55.
[I 2026-04-21 10:34:11,227] Trial 3 finished with value: 0.55 and parameters: {'C': 4.143104515916128, 'penalty': 'l2'}. Best is trial 1 with value: 0.55.
[I 2026-04-21 10:34:11,261] Trial 4 finished with value: 0.6 and parameters: {'C': 77.61533923098803, 'penalty': 'l2'}. Best is trial 4 with value: 0.6.
[I 2026-04-21 10:34:11,286] Trial 5 finished with value: 0.5 and parameters: {'C': 0.49258292359934785, 'penalty': 'l2'}. Best is trial 4 with value: 0.6.
[I 2026-04-21 10:34:11,311] Trial 6 finished with value: 0.5 and parameters: {'C': 0.320333470047146, 'penalty': 'l2'}. Best is trial 4 with value: 0.6.
[I 2026-04-21 10:34:11,333] Trial 7 finished with value: 0.5 and parameters: {'C': 0.002292216671132896, 'penalty': 'l2'}. Best is trial 4 with value: 0.6.
[I 2026-04-21 10:34:11,356] Trial 8 finished with value: 0.55 and parameters: {'C': 0.0219884643872214, 'penalty': 'l2'}. Best is trial 4 with value: 0.6.
[I 2026-04-21 10:34:11,369] Trial 9 finished with value: 0.5 and parameters: {'C': 0.31580027519646636, 'penalty': 'l2'}. Best is trial 4 with value: 0.6.
[I 2026-04-21 10:34:11,402] Trial 10 finished with value: 0.6 and parameters: {'C': 53.54776778233864, 'penalty': 'l2'}. Best is trial 4 with value: 0.6.
[I 2026-04-21 10:34:11,434] Trial 11 finished with value: 0.6 and parameters: {'C': 47.207028224457765, 'penalty': 'l2'}. Best is trial 4 with value: 0.6.
[I 2026-04-21 10:34:11,476] Trial 12 finished with value: 0.6 and parameters: {'C': 84.28882143282867, 'penalty': 'l2'}. Best is trial 4 with value: 0.6.
[I 2026-04-21 10:34:11,508] Trial 13 finished with value: 0.6 and parameters: {'C': 12.634985691735606, 'penalty': 'l2'}. Best is trial 4 with value: 0.6.
[I 2026-04-21 10:34:11,539] Trial 14 finished with value: 0.55 and parameters: {'C': 3.1158784985469734, 'penalty': 'l2'}. Best is trial 4 with value: 0.6.
[I 2026-04-21 10:34:11,570] Trial 15 finished with value: 0.6 and parameters: {'C': 22.300760773709367, 'penalty': 'l2'}. Best is trial 4 with value: 0.6.
[I 2026-04-21 10:34:11,601] Trial 16 finished with value: 0.5 and parameters: {'C': 2.3157702229693666, 'penalty': 'l2'}. Best is trial 4 with value: 0.6.
[I 2026-04-21 10:34:11,641] Trial 17 finished with value: 0.6 and parameters: {'C': 81.1514814361005, 'penalty': 'l2'}. Best is trial 4 with value: 0.6.
[I 2026-04-21 10:34:11,673] Trial 18 finished with value: 0.6 and parameters: {'C': 25.793206421718693, 'penalty': 'l2'}. Best is trial 4 with value: 0.6.
[I 2026-04-21 10:34:11,703] Trial 19 finished with value: 0.5 and parameters: {'C': 1.3224661232204953, 'penalty': 'l2'}. Best is trial 4 with value: 0.6.
[I 2026-04-21 10:34:11,728] Trial 20 finished with value: 0.55 and parameters: {'C': 7.093684305018916, 'penalty': 'l2'}. Best is trial 4 with value: 0.6.
