[I 2026-04-21 10:29:48,719] Trial 12 finished with value: 0.75 and parameters: {'n_estimators': 100, 'max_depth': 30, 'gamma': 0.5299926855017165, 'subsample': 0.6848009387186493, 'colsample_bytree': 0.651791846963555}. Best is trial 0 with value: 0.75.
[I 2026-04-21 10:29:48,757] Trial 13 finished with value: 0.75 and parameters: {'n_estimators': 100, 'max_depth': 5, 'gamma': 0.626711129198294, 'subsample': 0.7001853800090055, 'colsample_bytree': 0.712752570473077}. Best is trial 0 with value: 0.75.
[I 2026-04-21 10:29:48,807] Trial 14 finished with value: 0.65 and parameters: {'n_estimators': 100, 'max_depth': 30, 'gamma': 0.4000023985818805, 'subsample': 0.8940181087620663, 'colsample_bytree': 0.596389989619073}. Best is trial 0 with value: 0.75.
[I 2026-04-21 10:29:48,846] Trial 15 finished with value: 0.7 and parameters: {'n_estimators': 10, 'max_depth': 30, 'gamma': 0.8361750979473885, 'subsample': 0.5052985200248541, 'colsample_bytree': 0.9888939439492501}. Best is trial 0 with value: 0.75.
[I 2026-04-21 10:29:48,882] Trial 16 finished with value: 0.75 and parameters: {'n_estimators': 10, 'max_depth': 5, 'gamma': 0.991314742891843, 'subsample': 0.8787287422282001, 'colsample_bytree': 0.7917736739504313}. Best is trial 0 with value: 0.75.
[I 2026-04-21 10:29:48,929] Trial 17 finished with value: 0.7 and parameters: {'n_estimators': 100, 'max_depth': 30, 'gamma': 0.5818209581005225, 'subsample': 0.7369637418182623, 'colsample_bytree': 0.5064839807832304}. Best is trial 0 with value: 0.75.
[I 2026-04-21 10:29:48,978] Trial 18 finished with value: 0.75 and parameters: {'n_estimators': 100, 'max_depth': 30, 'gamma': 0.25368366843950607, 'subsample': 0.9349024637789001, 'colsample_bytree': 0.6735042672265268}. Best is trial 0 with value: 0.75.
[I 2026-04-21 10:29:49,016] Trial 19 finished with value: 0.75 and parameters: {'n_estimators': 10, 'max_depth': 30, 'gamma': 0.7930613875242585, 'subsample': 0.6342385505944843, 'colsample_bytree': 0.7858104741672305}. Best is trial 0 with value: 0.75.
[I 2026-04-21 10:29:49,067] Trial 20 finished with value: 0.75 and parameters: {'n_estimators': 100, 'max_depth': 5, 'gamma': 0.6397877373108088, 'subsample': 0.7313679690001857, 'colsample_bytree': 0.5848642489980329}. Best is trial 0 with value: 0.75.
[I 2026-04-21 10:29:49,106] Trial 21 finished with value: 0.75 and parameters: {'n_estimators': 10, 'max_depth': 20, 'gamma': 0.6940100971388664, 'subsample': 0.8257823611153071, 'colsample_bytree': 0.8658350520008269}. Best is trial 0 with value: 0.75.
[I 2026-04-21 10:29:49,144] Trial 22 finished with value: 0.65 and parameters: {'n_estimators': 10, 'max_depth': 20, 'gamma': 0.5116035986306421, 'subsample': 0.7831912972315989, 'colsample_bytree': 0.8472024271127239}. Best is trial 0 with value: 0.75.
[I 2026-04-21 10:29:49,181] Trial 23 finished with value: 0.75 and parameters: {'n_estimators': 10, 'max_depth': 20, 'gamma': 0.7727515637556382, 'subsample': 0.8605135018904639, 'colsample_bytree': 0.9274064284868146}. Best is trial 0 with value: 0.75.
[I 2026-04-21 10:29:49,215] Trial 24 finished with value: 0.75 and parameters: {'n_estimators': 10, 'max_depth': 30, 'gamma': 0.9066970773638281, 'subsample': 0.9249763138670375, 'colsample_bytree': 0.6987256949980092}. Best is trial 0 with value: 0.75.
[I 2026-04-21 10:29:49,248] Trial 25 finished with value: 0.75 and parameters: {'n_estimators': 10, 'max_depth': 20, 'gamma': 0.6578004160669225, 'subsample': 0.9435771552444034, 'colsample_bytree': 0.7637934791830924}. Best is trial 0 with value: 0.75.
[I 2026-04-21 10:29:49,283] Trial 26 finished with value: 0.75 and parameters: {'n_estimators': 10, 'max_depth': 30, 'gamma': 0.4450679259218169, 'subsample': 0.8481753980897506, 'colsample_bytree': 0.8137814718396248}. Best is trial 0 with value: 0.75.
[I 2026-04-21 10:29:49,321] Trial 27 finished with value: 0.65 and parameters: {'n_estimators': 10, 'max_depth': 30, 'gamma': 0.3030844432466995, 'subsample': 0.7460811000864036, 'colsample_bytree': 0.8992441948828467}. Best is trial 0 with value: 0.75.
[I 2026-04-21 10:29:49,360] Trial 28 finished with value: 0.75 and parameters: {'n_estimators': 40, 'max_depth': 5, 'gamma': 0.5680606698982766, 'subsample': 0.6918298536773999, 'colsample_bytree': 0.9667303964735223}. Best is trial 0 with value: 0.75.
[I 2026-04-21 10:29:49,400] Trial 29 finished with value: 0.75 and parameters: {'n_estimators': 100, 'max_depth': 20, 'gamma': 0.7635893624682228, 'subsample': 0.7658953084687791, 'colsample_bytree': 0.5596422420195077}. Best is trial 0 with value: 0.75.
[I 2026-04-21 10:29:49,484] A new study created in memory with name: rf
[I 2026-04-21 10:29:50,073] Trial 0 finished with value: 0.6 and parameters: {'n_estimators': 458, 'max_depth': 8, 'min_samples_split': 9, 'min_samples_leaf': 1}. Best is trial 0 with value: 0.6.
[I 2026-04-21 10:29:50,282] Trial 1 finished with value: 0.6 and parameters: {'n_estimators': 143, 'max_depth': 13, 'min_samples_split': 6, 'min_samples_leaf': 5}. Best is trial 0 with value: 0.6.
[I 2026-04-21 10:29:50,588] Trial 2 finished with value: 0.5 and parameters: {'n_estimators': 234, 'max_depth': 14, 'min_samples_split': 5, 'min_samples_leaf': 8}. Best is trial 0 with value: 0.6.
[I 2026-04-21 10:29:50,948] Trial 3 finished with value: 0.5 and parameters: {'n_estimators': 307, 'max_depth': 13, 'min_samples_split': 7, 'min_samples_leaf': 10}. Best is trial 0 with value: 0.6.
[I 2026-04-21 10:29:51,419] Trial 4 finished with value: 0.5 and parameters: {'n_estimators': 428, 'max_depth': 10, 'min_samples_split': 9, 'min_samples_leaf': 9}. Best is trial 0 with value: 0.6.
[I 2026-04-21 10:29:51,605] Trial 5 finished with value: 0.5 and parameters: {'n_estimators': 121, 'max_depth': 15, 'min_samples_split': 9, 'min_samples_leaf': 8}. Best is trial 0 with value: 0.6.
[I 2026-04-21 10:29:52,064] Trial 6 finished with value: 0.5 and parameters: {'n_estimators': 384, 'max_depth': 12, 'min_samples_split': 3, 'min_samples_leaf': 10}. Best is trial 0 with value: 0.6.
[I 2026-04-21 10:29:52,432] Trial 7 finished with value: 0.5 and parameters: {'n_estimators': 261, 'max_depth': 6, 'min_samples_split': 8, 'min_samples_leaf': 10}. Best is trial 0 with value: 0.6.
[I 2026-04-21 10:29:52,691] Trial 8 finished with value: 0.5 and parameters: {'n_estimators': 202, 'max_depth': 15, 'min_samples_split': 7, 'min_samples_leaf': 8}. Best is trial 0 with value: 0.6.
[I 2026-04-21 10:29:53,183] Trial 9 finished with value: 0.6 and parameters: {'n_estimators': 475, 'max_depth': 9, 'min_samples_split': 4, 'min_samples_leaf': 5}. Best is trial 0 with value: 0.6.
[I 2026-04-21 10:29:53,569] Trial 10 finished with value: 0.6 and parameters: {'n_estimators': 352, 'max_depth': 20, 'min_samples_split': 10, 'min_samples_leaf': 1}. Best is trial 0 with value: 0.6.
[I 2026-04-21 10:29:53,741] Trial 11 finished with value: 0.7 and parameters: {'n_estimators': 110, 'max_depth': 4, 'min_samples_split': 6, 'min_samples_leaf': 1}. Best is trial 11 with value: 0.7.
[I 2026-04-21 10:29:54,266] Trial 12 finished with value: 0.65 and parameters: {'n_estimators': 489, 'max_depth': 3, 'min_samples_split': 2, 'min_samples_leaf': 1}. Best is trial 11 with value: 0.7.
[I 2026-04-21 10:29:54,619] Trial 13 finished with value: 0.75 and parameters: {'n_estimators': 327, 'max_depth': 3, 'min_samples_split': 2, 'min_samples_leaf': 3}. Best is trial 13 with value: 0.75.
[I 2026-04-21 10:29:55,015] Trial 14 finished with value: 0.7 and parameters: {'n_estimators': 331, 'max_depth': 3, 'min_samples_split': 2, 'min_samples_leaf': 3}. Best is trial 13 with value: 0.75.
[I 2026-04-21 10:29:55,257] Trial 15 finished with value: 0.6 and parameters: {'n_estimators': 181, 'max_depth': 6, 'min_samples_split': 4, 'min_samples_leaf': 3}. Best is trial 13 with value: 0.75.
[I 2026-04-21 10:29:55,591] Trial 16 finished with value: 0.75 and parameters: {'n_estimators': 267, 'max_depth': 5, 'min_samples_split': 5, 'min_samples_leaf': 3}. Best is trial 13 with value: 0.75.
[I 2026-04-21 10:29:55,908] Trial 17 finished with value: 0.65 and parameters: {'n_estimators': 266, 'max_depth': 6, 'min_samples_split': 4, 'min_samples_leaf': 3}. Best is trial 13 with value: 0.75.
[I 2026-04-21 10:29:56,366] Trial 18 finished with value: 0.6 and parameters: {'n_estimators': 378, 'max_depth': 5, 'min_samples_split': 3, 'min_samples_leaf': 4}. Best is trial 13 with value: 0.75.
[I 2026-04-21 10:29:56,702] Trial 19 finished with value: 0.55 and parameters: {'n_estimators': 279, 'max_depth': 8, 'min_samples_split': 5, 'min_samples_leaf': 6}. Best is trial 13 with value: 0.75.
[I 2026-04-21 10:29:57,011] Trial 20 finished with value: 0.55 and parameters: {'n_estimators': 219, 'max_depth': 17, 'min_samples_split': 3, 'min_samples_leaf': 6}. Best is trial 13 with value: 0.75.
[I 2026-04-21 10:29:57,272] Trial 21 finished with value: 0.7 and parameters: {'n_estimators': 170, 'max_depth': 4, 'min_samples_split': 6, 'min_samples_leaf': 2}. Best is trial 13 with value: 0.75.
[I 2026-04-21 10:29:57,768] Trial 22 finished with value: 0.65 and parameters: {'n_estimators': 419, 'max_depth': 3, 'min_samples_split': 5, 'min_samples_leaf': 2}. Best is trial 13 with value: 0.75.
[I 2026-04-21 10:29:57,933] Trial 23 finished with value: 0.6 and parameters: {'n_estimators': 109, 'max_depth': 5, 'min_samples_split': 7, 'min_samples_leaf': 2}. Best is trial 13 with value: 0.75.
[I 2026-04-21 10:29:58,309] Trial 24 finished with value: 0.65 and parameters: {'n_estimators': 320, 'max_depth': 7, 'min_samples_split': 6, 'min_samples_leaf': 4}. Best is trial 13 with value: 0.75.
[I 2026-04-21 10:29:58,656] Trial 25 finished with value: 0.7 and parameters: {'n_estimators': 243, 'max_depth': 4, 'min_samples_split': 5, 'min_samples_leaf': 4}. Best is trial 13 with value: 0.75.
[I 2026-04-21 10:29:59,064] Trial 26 finished with value: 0.7 and parameters: {'n_estimators': 354, 'max_depth': 10, 'min_samples_split': 2, 'min_samples_leaf': 3}. Best is trial 13 with value: 0.75.
[I 2026-04-21 10:29:59,389] Trial 27 finished with value: 0.65 and parameters: {'n_estimators': 285, 'max_depth': 5, 'min_samples_split': 8, 'min_samples_leaf': 2}. Best is trial 13 with value: 0.75.
[I 2026-04-21 10:29:59,618] Trial 28 finished with value: 0.65 and parameters: {'n_estimators': 141, 'max_depth': 7, 'min_samples_split': 4, 'min_samples_leaf': 1}. Best is trial 13 with value: 0.75.
[I 2026-04-21 10:30:00,118] Trial 29 finished with value: 0.65 and parameters: {'n_estimators': 428, 'max_depth': 8, 'min_samples_split': 6, 'min_samples_leaf': 1}. Best is trial 13 with value: 0.75.
[I 2026-04-21 10:30:00,926] A new study created in memory with name: mlp
[I 2026-04-21 10:30:00,992] Trial 0 finished with value: 0.65 and parameters: {'hidden_layer_sizes': (100,), 'max_iter': 100, 'alpha': 0.0001}. Best is trial 0 with value: 0.65.
[I 2026-04-21 10:30:01,079] Trial 1 finished with value: 0.65 and parameters: {'hidden_layer_sizes': (100, 100), 'max_iter': 100, 'alpha': 0.001}. Best is trial 0 with value: 0.65.
[I 2026-04-21 10:30:01,163] Trial 2 finished with value: 0.65 and parameters: {'hidden_layer_sizes': (200,), 'max_iter': 100, 'alpha': 0.0001}. Best is trial 0 with value: 0.65.
[I 2026-04-21 10:30:01,218] Trial 3 finished with value: 0.6 and parameters: {'hidden_layer_sizes': (200,), 'max_iter': 50, 'alpha': 0.001}. Best is trial 0 with value: 0.65.
[I 2026-04-21 10:30:01,262] Trial 4 finished with value: 0.7 and parameters: {'hidden_layer_sizes': (100, 100), 'max_iter': 50, 'alpha': 0.0001}. Best is trial 4 with value: 0.7.
[I 2026-04-21 10:30:01,347] Trial 5 finished with value: 0.65 and parameters: {'hidden_layer_sizes': (200,), 'max_iter': 100, 'alpha': 0.0001}. Best is trial 4 with value: 0.7.
[I 2026-04-21 10:30:01,411] Trial 6 finished with value: 0.65 and parameters: {'hidden_layer_sizes': (200,), 'max_iter': 100, 'alpha': 0.001}. Best is trial 4 with value: 0.7.
[I 2026-04-21 10:30:01,465] Trial 7 finished with value: 0.7 and parameters: {'hidden_layer_sizes': (100,), 'max_iter': 100, 'alpha': 0.001}. Best is trial 4 with value: 0.7.
[I 2026-04-21 10:30:01,552] Trial 8 finished with value: 0.65 and parameters: {'hidden_layer_sizes': (100, 100), 'max_iter': 100, 'alpha': 0.0001}. Best is trial 4 with value: 0.7.
[I 2026-04-21 10:30:01,630] Trial 9 finished with value: 0.7 and parameters: {'hidden_layer_sizes': (200,), 'max_iter': 100, 'alpha': 0.0001}. Best is trial 4 with value: 0.7.
[I 2026-04-21 10:30:01,689] Trial 10 finished with value: 0.65 and parameters: {'hidden_layer_sizes': (100, 100), 'max_iter': 50, 'alpha': 0.0001}. Best is trial 4 with value: 0.7.
[I 2026-04-21 10:30:01,729] Trial 11 finished with value: 0.6 and parameters: {'hidden_layer_sizes': (100,), 'max_iter': 50, 'alpha': 0.001}. Best is trial 4 with value: 0.7.
[I 2026-04-21 10:30:01,778] Trial 12 finished with value: 0.7 and parameters: {'hidden_layer_sizes': (100,), 'max_iter': 50, 'alpha': 0.001}. Best is trial 4 with value: 0.7.
[I 2026-04-21 10:30:01,828] Trial 13 finished with value: 0.7 and parameters: {'hidden_layer_sizes': (100,), 'max_iter': 50, 'alpha': 0.001}. Best is trial 4 with value: 0.7.
[I 2026-04-21 10:30:01,876] Trial 14 finished with value: 0.6 and parameters: {'hidden_layer_sizes': (100, 100), 'max_iter': 50, 'alpha': 0.0001}. Best is trial 4 with value: 0.7.
[I 2026-04-21 10:30:01,924] Trial 15 finished with value: 0.65 and parameters: {'hidden_layer_sizes': (100,), 'max_iter': 50, 'alpha': 0.001}. Best is trial 4 with value: 0.7.
[I 2026-04-21 10:30:02,013] Trial 16 finished with value: 0.7 and parameters: {'hidden_layer_sizes': (100, 100), 'max_iter': 100, 'alpha': 0.001}. Best is trial 4 with value: 0.7.
[I 2026-04-21 10:30:02,073] Trial 17 finished with value: 0.65 and parameters: {'hidden_layer_sizes': (100, 100), 'max_iter': 50, 'alpha': 0.0001}. Best is trial 4 with value: 0.7.
[I 2026-04-21 10:30:02,116] Trial 18 finished with value: 0.65 and parameters: {'hidden_layer_sizes': (100,), 'max_iter': 50, 'alpha': 0.0001}. Best is trial 4 with value: 0.7.
[I 2026-04-21 10:30:02,194] Trial 19 finished with value: 0.65 and parameters: {'hidden_layer_sizes': (100, 100), 'max_iter': 100, 'alpha': 0.001}. Best is trial 4 with value: 0.7.
[I 2026-04-21 10:30:02,231] Trial 20 finished with value: 0.65 and parameters: {'hidden_layer_sizes': (100,), 'max_iter': 50, 'alpha': 0.0001}. Best is trial 4 with value: 0.7.
[I 2026-04-21 10:30:02,310] Trial 21 finished with value: 0.65 and parameters: {'hidden_layer_sizes': (200,), 'max_iter': 100, 'alpha': 0.0001}. Best is trial 4 with value: 0.7.
[I 2026-04-21 10:30:02,366] Trial 22 finished with value: 0.65 and parameters: {'hidden_layer_sizes': (200,), 'max_iter': 100, 'alpha': 0.0001}. Best is trial 4 with value: 0.7.
[I 2026-04-21 10:30:02,454] Trial 23 finished with value: 0.65 and parameters: {'hidden_layer_sizes': (200,), 'max_iter': 100, 'alpha': 0.0001}. Best is trial 4 with value: 0.7.
[I 2026-04-21 10:30:02,523] Trial 24 finished with value: 0.7 and parameters: {'hidden_layer_sizes': (100,), 'max_iter': 100, 'alpha': 0.0001}. Best is trial 4 with value: 0.7.
[I 2026-04-21 10:30:02,603] Trial 25 finished with value: 0.65 and parameters: {'hidden_layer_sizes': (200,), 'max_iter': 100, 'alpha': 0.0001}. Best is trial 4 with value: 0.7.
[I 2026-04-21 10:30:02,693] Trial 26 finished with value: 0.65 and parameters: {'hidden_layer_sizes': (100, 100), 'max_iter': 100, 'alpha': 0.001}. Best is trial 4 with value: 0.7.
[I 2026-04-21 10:30:02,753] Trial 27 finished with value: 0.7 and parameters: {'hidden_layer_sizes': (100,), 'max_iter': 100, 'alpha': 0.0001}. Best is trial 4 with value: 0.7.
[I 2026-04-21 10:30:02,813] Trial 28 finished with value: 0.65 and parameters: {'hidden_layer_sizes': (100, 100), 'max_iter': 50, 'alpha': 0.001}. Best is trial 4 with value: 0.7.
[I 2026-04-21 10:30:02,881] Trial 29 finished with value: 0.65 and parameters: {'hidden_layer_sizes': (200,), 'max_iter': 100, 'alpha': 0.0001}. Best is trial 4 with value: 0.7.
[I 2026-04-21 10:30:03,101] A new study created in memory with name: svc
[I 2026-04-21 10:30:03,127] Trial 0 finished with value: 0.6 and parameters: {'C': 37.27697013499731, 'gamma': 0.0021277432488243223}. Best is trial 0 with value: 0.6.
[I 2026-04-21 10:30:03,141] Trial 1 finished with value: 0.7 and parameters: {'C': 19.271543171162776, 'gamma': 0.00014682043379470554}. Best is trial 1 with value: 0.7.
[I 2026-04-21 10:30:03,155] Trial 2 finished with value: 0.65 and parameters: {'C': 0.0269542169583157, 'gamma': 0.023999835049635022}. Best is trial 1 with value: 0.7.
[I 2026-04-21 10:30:03,169] Trial 3 finished with value: 0.7 and parameters: {'C': 1.3160410886450586, 'gamma': 0.0047340159215720195}. Best is trial 1 with value: 0.7.
[I 2026-04-21 10:30:03,182] Trial 4 finished with value: 0.65 and parameters: {'C': 0.21959952535674737, 'gamma': 0.030908485742507576}. Best is trial 1 with value: 0.7.
[I 2026-04-21 10:30:03,197] Trial 5 finished with value: 0.6 and parameters: {'C': 0.5656733313644114, 'gamma': 0.08780685564625502}. Best is trial 1 with value: 0.7.
[I 2026-04-21 10:30:03,211] Trial 6 finished with value: 0.65 and parameters: {'C': 1.1807165425157664, 'gamma': 0.020674470756231633}. Best is trial 1 with value: 0.7.
[I 2026-04-21 10:30:03,234] Trial 7 finished with value: 0.55 and parameters: {'C': 3.8143486186647126, 'gamma': 0.9138966502602072}. Best is trial 1 with value: 0.7.
[I 2026-04-21 10:30:03,249] Trial 8 finished with value: 0.6 and parameters: {'C': 19.029737066374768, 'gamma': 0.004495766421289856}. Best is trial 1 with value: 0.7.
[I 2026-04-21 10:30:03,264] Trial 9 finished with value: 0.55 and parameters: {'C': 31.994153257994277, 'gamma': 0.19725941020937518}. Best is trial 1 with value: 0.7.
[I 2026-04-21 10:30:03,289] Trial 10 finished with value: 0.7 and parameters: {'C': 96.48544976930573, 'gamma': 0.00012227600695838894}. Best is trial 1 with value: 0.7.
[I 2026-04-21 10:30:03,312] Trial 11 finished with value: 0.7 and parameters: {'C': 7.068062192778911, 'gamma': 0.0003125284108647278}. Best is trial 1 with value: 0.7.
[I 2026-04-21 10:30:03,331] Trial 12 finished with value: 0.7 and parameters: {'C': 0.06594156893697074, 'gamma': 0.0009407708153906166}. Best is trial 1 with value: 0.7.
[I 2026-04-21 10:30:03,358] Trial 13 finished with value: 0.7 and parameters: {'C': 2.853141131071718, 'gamma': 0.0006355305868208294}. Best is trial 1 with value: 0.7.
[I 2026-04-21 10:30:03,381] Trial 14 finished with value: 0.7 and parameters: {'C': 0.3757952099473933, 'gamma': 0.004790999849094532}. Best is trial 1 with value: 0.7.
[I 2026-04-21 10:30:03,409] Trial 15 finished with value: 0.7 and parameters: {'C': 11.032684905444684, 'gamma': 0.00019044670322666243}. Best is trial 1 with value: 0.7.
[I 2026-04-21 10:30:03,433] Trial 16 finished with value: 0.7 and parameters: {'C': 1.8641672130707037, 'gamma': 0.0009975832430269137}. Best is trial 1 with value: 0.7.
[I 2026-04-21 10:30:03,457] Trial 17 finished with value: 0.7 and parameters: {'C': 0.12644393445497396, 'gamma': 0.006612135269221097}. Best is trial 1 with value: 0.7.
[I 2026-04-21 10:30:03,482] Trial 18 finished with value: 0.65 and parameters: {'C': 66.51303879653196, 'gamma': 0.0019481683033596602}. Best is trial 1 with value: 0.7.
[I 2026-04-21 10:30:03,506] Trial 19 finished with value: 0.7 and parameters: {'C': 0.013103877820334748, 'gamma': 0.00037927444840913196}. Best is trial 1 with value: 0.7.
[I 2026-04-21 10:30:03,533] Trial 20 finished with value: 0.7 and parameters: {'C': 4.707286255868188, 'gamma': 0.00010742557762883696}. Best is trial 1 with value: 0.7.
[I 2026-04-21 10:30:03,556] Trial 21 finished with value: 0.7 and parameters: {'C': 91.9973288175469, 'gamma': 0.00010822129147713532}. Best is trial 1 with value: 0.7.
[I 2026-04-21 10:30:03,579] Trial 22 finished with value: 0.7 and parameters: {'C': 37.95815318757492, 'gamma': 0.00020736743127036688}. Best is trial 1 with value: 0.7.
[I 2026-04-21 10:30:03,601] Trial 23 finished with value: 0.65 and parameters: {'C': 13.175110644185455, 'gamma': 0.0017756353692010435}. Best is trial 1 with value: 0.7.
[I 2026-04-21 10:30:03,624] Trial 24 finished with value: 0.6 and parameters: {'C': 86.39702500355043, 'gamma': 0.0005481114010571596}. Best is trial 1 with value: 0.7.
[I 2026-04-21 10:30:03,646] Trial 25 finished with value: 0.6 and parameters: {'C': 22.236080821057815, 'gamma': 0.08867051310415248}. Best is trial 1 with value: 0.7.
[I 2026-04-21 10:30:03,669] Trial 26 finished with value: 0.7 and parameters: {'C': 8.663253582423126, 'gamma': 0.00018877210862574954}. Best is trial 1 with value: 0.7.
[I 2026-04-21 10:30:03,692] Trial 27 finished with value: 0.7 and parameters: {'C': 0.6154423426029126, 'gamma': 0.01104139780761687}. Best is trial 1 with value: 0.7.
[I 2026-04-21 10:30:03,717] Trial 28 finished with value: 0.55 and parameters: {'C': 1.4319354832019657, 'gamma': 0.44049885166308134}. Best is trial 1 with value: 0.7.
[I 2026-04-21 10:30:03,740] Trial 29 finished with value: 0.6 and parameters: {'C': 33.024680112122994, 'gamma': 0.002758516237392459}. Best is trial 1 with value: 0.7.
[I 2026-04-21 10:30:04,209] A new study created in memory with name: naive_bayes
[I 2026-04-21 10:30:04,223] Trial 0 finished with value: 0.3 and parameters: {'var_smoothing': 6.10548688762798e-09}. Best is trial 0 with value: 0.3.
[I 2026-04-21 10:30:04,237] Trial 1 finished with value: 0.3 and parameters: {'var_smoothing': 4.6127467400935034e-10}. Best is trial 0 with value: 0.3.
[I 2026-04-21 10:30:04,251] Trial 2 finished with value: 0.3 and parameters: {'var_smoothing': 4.389936579400967e-09}. Best is trial 0 with value: 0.3.
[I 2026-04-21 10:30:04,264] Trial 3 finished with value: 0.3 and parameters: {'var_smoothing': 1.2116948204672054e-10}. Best is trial 0 with value: 0.3.
