[I 2026-04-21 10:34:24,448] Trial 11 finished with value: 0.4 and parameters: {'hidden_layer_sizes': (100, 100), 'max_iter': 100, 'alpha': 0.0001}. Best is trial 1 with value: 0.5.
[I 2026-04-21 10:34:24,536] Trial 12 finished with value: 0.35 and parameters: {'hidden_layer_sizes': (100, 100), 'max_iter': 100, 'alpha': 0.0001}. Best is trial 1 with value: 0.5.
[I 2026-04-21 10:34:24,623] Trial 13 finished with value: 0.4 and parameters: {'hidden_layer_sizes': (100, 100), 'max_iter': 100, 'alpha': 0.0001}. Best is trial 1 with value: 0.5.
[I 2026-04-21 10:34:24,700] Trial 14 finished with value: 0.45 and parameters: {'hidden_layer_sizes': (200,), 'max_iter': 100, 'alpha': 0.001}. Best is trial 1 with value: 0.5.
[I 2026-04-21 10:34:24,790] Trial 15 finished with value: 0.4 and parameters: {'hidden_layer_sizes': (100, 100), 'max_iter': 100, 'alpha': 0.0001}. Best is trial 1 with value: 0.5.
[I 2026-04-21 10:34:24,887] Trial 16 finished with value: 0.5 and parameters: {'hidden_layer_sizes': (200,), 'max_iter': 100, 'alpha': 0.0001}. Best is trial 1 with value: 0.5.
[I 2026-04-21 10:34:24,977] Trial 17 finished with value: 0.4 and parameters: {'hidden_layer_sizes': (100, 100), 'max_iter': 100, 'alpha': 0.0001}. Best is trial 1 with value: 0.5.
[I 2026-04-21 10:34:25,086] Trial 18 finished with value: 0.45 and parameters: {'hidden_layer_sizes': (200,), 'max_iter': 100, 'alpha': 0.001}. Best is trial 1 with value: 0.5.
[I 2026-04-21 10:34:25,181] Trial 19 finished with value: 0.45 and parameters: {'hidden_layer_sizes': (100, 100), 'max_iter': 100, 'alpha': 0.0001}. Best is trial 1 with value: 0.5.
[I 2026-04-21 10:34:25,280] Trial 20 finished with value: 0.45 and parameters: {'hidden_layer_sizes': (200,), 'max_iter': 100, 'alpha': 0.0001}. Best is trial 1 with value: 0.5.
[I 2026-04-21 10:34:25,360] Trial 21 finished with value: 0.45 and parameters: {'hidden_layer_sizes': (200,), 'max_iter': 100, 'alpha': 0.0001}. Best is trial 1 with value: 0.5.
[I 2026-04-21 10:34:25,440] Trial 22 finished with value: 0.45 and parameters: {'hidden_layer_sizes': (200,), 'max_iter': 100, 'alpha': 0.0001}. Best is trial 1 with value: 0.5.
[I 2026-04-21 10:34:25,541] Trial 23 finished with value: 0.45 and parameters: {'hidden_layer_sizes': (200,), 'max_iter': 100, 'alpha': 0.0001}. Best is trial 1 with value: 0.5.
[I 2026-04-21 10:34:25,640] Trial 24 finished with value: 0.45 and parameters: {'hidden_layer_sizes': (200,), 'max_iter': 100, 'alpha': 0.0001}. Best is trial 1 with value: 0.5.
[I 2026-04-21 10:34:25,718] Trial 25 finished with value: 0.4 and parameters: {'hidden_layer_sizes': (200,), 'max_iter': 100, 'alpha': 0.0001}. Best is trial 1 with value: 0.5.
[I 2026-04-21 10:34:25,796] Trial 26 finished with value: 0.4 and parameters: {'hidden_layer_sizes': (100, 100), 'max_iter': 100, 'alpha': 0.001}. Best is trial 1 with value: 0.5.
[I 2026-04-21 10:34:25,886] Trial 27 finished with value: 0.45 and parameters: {'hidden_layer_sizes': (200,), 'max_iter': 100, 'alpha': 0.0001}. Best is trial 1 with value: 0.5.
[I 2026-04-21 10:34:25,964] Trial 28 finished with value: 0.45 and parameters: {'hidden_layer_sizes': (200,), 'max_iter': 100, 'alpha': 0.0001}. Best is trial 1 with value: 0.5.
[I 2026-04-21 10:34:26,073] Trial 29 finished with value: 0.45 and parameters: {'hidden_layer_sizes': (100, 100), 'max_iter': 100, 'alpha': 0.001}. Best is trial 1 with value: 0.5.
[I 2026-04-21 10:34:26,269] A new study created in memory with name: svc
[I 2026-04-21 10:34:26,292] Trial 0 finished with value: 0.25 and parameters: {'C': 0.020194502448102298, 'gamma': 0.13172711156111802}. Best is trial 0 with value: 0.25.
[I 2026-04-21 10:34:26,305] Trial 1 finished with value: 0.2 and parameters: {'C': 0.5670703311028815, 'gamma': 0.0783178418343345}. Best is trial 0 with value: 0.25.
[I 2026-04-21 10:34:26,318] Trial 2 finished with value: 0.25 and parameters: {'C': 81.65034948781698, 'gamma': 0.014255533717547383}. Best is trial 0 with value: 0.25.
[I 2026-04-21 10:34:26,331] Trial 3 finished with value: 0.5 and parameters: {'C': 1.0103732850016278, 'gamma': 0.00019418001640357854}. Best is trial 3 with value: 0.5.
[I 2026-04-21 10:34:26,344] Trial 4 finished with value: 0.25 and parameters: {'C': 0.11851025167261421, 'gamma': 0.00998918377985214}. Best is trial 3 with value: 0.5.
[I 2026-04-21 10:34:26,358] Trial 5 finished with value: 0.2 and parameters: {'C': 5.2109869371584665, 'gamma': 0.16404241128227343}. Best is trial 3 with value: 0.5.
[I 2026-04-21 10:34:26,371] Trial 6 finished with value: 0.5 and parameters: {'C': 0.3340138940215422, 'gamma': 0.00018354619576988685}. Best is trial 3 with value: 0.5.
[I 2026-04-21 10:34:26,384] Trial 7 finished with value: 0.25 and parameters: {'C': 0.1420961781588805, 'gamma': 0.434884682155233}. Best is trial 3 with value: 0.5.
[I 2026-04-21 10:34:26,397] Trial 8 finished with value: 0.3 and parameters: {'C': 0.07137422643361827, 'gamma': 0.006434219125545069}. Best is trial 3 with value: 0.5.
[I 2026-04-21 10:34:26,410] Trial 9 finished with value: 0.6 and parameters: {'C': 53.066944048916255, 'gamma': 0.00012577574840733457}. Best is trial 9 with value: 0.6.
[I 2026-04-21 10:34:26,432] Trial 10 finished with value: 0.5 and parameters: {'C': 60.75179295419671, 'gamma': 0.001366002544888146}. Best is trial 9 with value: 0.6.
[I 2026-04-21 10:34:26,452] Trial 11 finished with value: 0.5 and parameters: {'C': 5.4645176521190955, 'gamma': 0.0001182654393186286}. Best is trial 9 with value: 0.6.
[I 2026-04-21 10:34:26,472] Trial 12 finished with value: 0.45 and parameters: {'C': 6.396485420035902, 'gamma': 0.0006129250951207689}. Best is trial 9 with value: 0.6.
[I 2026-04-21 10:34:26,493] Trial 13 finished with value: 0.55 and parameters: {'C': 18.90657095571181, 'gamma': 0.0005589823422976997}. Best is trial 9 with value: 0.6.
[I 2026-04-21 10:34:26,516] Trial 14 finished with value: 0.45 and parameters: {'C': 29.538390389242082, 'gamma': 0.0009384057164152847}. Best is trial 9 with value: 0.6.
[I 2026-04-21 10:34:26,538] Trial 15 finished with value: 0.35 and parameters: {'C': 24.629281051429906, 'gamma': 0.003450106275621409}. Best is trial 9 with value: 0.6.
[I 2026-04-21 10:34:26,560] Trial 16 finished with value: 0.6 and parameters: {'C': 16.75539752611055, 'gamma': 0.00043697976095669885}. Best is trial 9 with value: 0.6.
[I 2026-04-21 10:34:26,582] Trial 17 finished with value: 0.5 and parameters: {'C': 1.9752747360121565, 'gamma': 0.0003495826189700153}. Best is trial 9 with value: 0.6.
[I 2026-04-21 10:34:26,603] Trial 18 finished with value: 0.4 and parameters: {'C': 13.30280773316902, 'gamma': 0.001889535548907442}. Best is trial 9 with value: 0.6.
[I 2026-04-21 10:34:26,624] Trial 19 finished with value: 0.25 and parameters: {'C': 2.226179654116507, 'gamma': 0.020393909291217066}. Best is trial 9 with value: 0.6.
[I 2026-04-21 10:34:26,644] Trial 20 finished with value: 0.45 and parameters: {'C': 82.6612289180994, 'gamma': 0.0003213874723857867}. Best is trial 9 with value: 0.6.
[I 2026-04-21 10:34:26,665] Trial 21 finished with value: 0.6 and parameters: {'C': 17.954796947899254, 'gamma': 0.0005047523615337392}. Best is trial 9 with value: 0.6.
[I 2026-04-21 10:34:26,685] Trial 22 finished with value: 0.45 and parameters: {'C': 10.891530511817795, 'gamma': 0.00011578684454659365}. Best is trial 9 with value: 0.6.
[I 2026-04-21 10:34:26,706] Trial 23 finished with value: 0.4 and parameters: {'C': 40.90702541911939, 'gamma': 0.0024566027193601587}. Best is trial 9 with value: 0.6.
[I 2026-04-21 10:34:26,727] Trial 24 finished with value: 0.45 and parameters: {'C': 2.5902119720741226, 'gamma': 0.00040707375289136816}. Best is trial 9 with value: 0.6.
[I 2026-04-21 10:34:26,749] Trial 25 finished with value: 0.5 and parameters: {'C': 41.340518921035084, 'gamma': 0.0010349991546237886}. Best is trial 9 with value: 0.6.
[I 2026-04-21 10:34:26,772] Trial 26 finished with value: 0.5 and parameters: {'C': 12.202075343802303, 'gamma': 0.0003151065885135916}. Best is trial 9 with value: 0.6.
[I 2026-04-21 10:34:26,797] Trial 27 finished with value: 0.5 and parameters: {'C': 99.38292759769341, 'gamma': 0.0037392214957673504}. Best is trial 9 with value: 0.6.
[I 2026-04-21 10:34:26,820] Trial 28 finished with value: 0.5 and parameters: {'C': 7.017235156037926, 'gamma': 0.00010211524993673985}. Best is trial 9 with value: 0.6.
[I 2026-04-21 10:34:26,841] Trial 29 finished with value: 0.15 and parameters: {'C': 0.024683504005058293, 'gamma': 0.03327169032640585}. Best is trial 9 with value: 0.6.
[I 2026-04-21 10:34:26,892] A new study created in memory with name: naive_bayes
[I 2026-04-21 10:34:26,905] Trial 0 finished with value: 0.55 and parameters: {'var_smoothing': 1.4210736239935712e-10}. Best is trial 0 with value: 0.55.
[I 2026-04-21 10:34:26,920] Trial 1 finished with value: 0.55 and parameters: {'var_smoothing': 3.629422978396398e-09}. Best is trial 0 with value: 0.55.
[I 2026-04-21 10:34:26,932] Trial 2 finished with value: 0.55 and parameters: {'var_smoothing': 7.530407234027127e-10}. Best is trial 0 with value: 0.55.
[I 2026-04-21 10:34:26,946] Trial 3 finished with value: 0.55 and parameters: {'var_smoothing': 2.7985325053380072e-09}. Best is trial 0 with value: 0.55.
[I 2026-04-21 10:34:26,959] Trial 4 finished with value: 0.55 and parameters: {'var_smoothing': 9.036058293737187e-09}. Best is trial 0 with value: 0.55.
[I 2026-04-21 10:34:26,973] Trial 5 finished with value: 0.55 and parameters: {'var_smoothing': 1.1939653980558784e-09}. Best is trial 0 with value: 0.55.
[I 2026-04-21 10:34:26,987] Trial 6 finished with value: 0.55 and parameters: {'var_smoothing': 1.005173261185167e-09}. Best is trial 0 with value: 0.55.
[I 2026-04-21 10:34:27,000] Trial 7 finished with value: 0.55 and parameters: {'var_smoothing': 1.393484899105757e-10}. Best is trial 0 with value: 0.55.
[I 2026-04-21 10:34:27,014] Trial 8 finished with value: 0.55 and parameters: {'var_smoothing': 3.4425317961147986e-10}. Best is trial 0 with value: 0.55.
[I 2026-04-21 10:34:27,027] Trial 9 finished with value: 0.55 and parameters: {'var_smoothing': 9.994590426751933e-10}. Best is trial 0 with value: 0.55.
[I 2026-04-21 10:34:27,046] Trial 10 finished with value: 0.55 and parameters: {'var_smoothing': 1.9079938112167212e-10}. Best is trial 0 with value: 0.55.
[I 2026-04-21 10:34:27,062] Trial 11 finished with value: 0.55 and parameters: {'var_smoothing': 4.7456863630433305e-09}. Best is trial 0 with value: 0.55.
[I 2026-04-21 10:34:27,081] Trial 12 finished with value: 0.55 and parameters: {'var_smoothing': 2.7185365295481096e-09}. Best is trial 0 with value: 0.55.
[I 2026-04-21 10:34:27,097] Trial 13 finished with value: 0.55 and parameters: {'var_smoothing': 4.3967291332584714e-10}. Best is trial 0 with value: 0.55.
[I 2026-04-21 10:34:27,117] Trial 14 finished with value: 0.55 and parameters: {'var_smoothing': 2.6511307931162972e-09}. Best is trial 0 with value: 0.55.
[I 2026-04-21 10:34:27,137] Trial 15 finished with value: 0.55 and parameters: {'var_smoothing': 9.000422035369052e-09}. Best is trial 0 with value: 0.55.
[I 2026-04-21 10:34:27,156] Trial 16 finished with value: 0.55 and parameters: {'var_smoothing': 2.75340575769171e-10}. Best is trial 0 with value: 0.55.
[I 2026-04-21 10:34:27,172] Trial 17 finished with value: 0.55 and parameters: {'var_smoothing': 1.0118559267516465e-10}. Best is trial 0 with value: 0.55.
[I 2026-04-21 10:34:27,192] Trial 18 finished with value: 0.55 and parameters: {'var_smoothing': 5.126237368588495e-10}. Best is trial 0 with value: 0.55.
[I 2026-04-21 10:34:27,210] Trial 19 finished with value: 0.55 and parameters: {'var_smoothing': 1.7743118427439911e-09}. Best is trial 0 with value: 0.55.
[I 2026-04-21 10:34:27,230] Trial 20 finished with value: 0.55 and parameters: {'var_smoothing': 5.29215399120128e-09}. Best is trial 0 with value: 0.55.
[I 2026-04-21 10:34:27,249] Trial 21 finished with value: 0.55 and parameters: {'var_smoothing': 6.215389304971454e-10}. Best is trial 0 with value: 0.55.
[I 2026-04-21 10:34:27,267] Trial 22 finished with value: 0.55 and parameters: {'var_smoothing': 2.205158371956595e-10}. Best is trial 0 with value: 0.55.
[I 2026-04-21 10:34:27,285] Trial 23 finished with value: 0.55 and parameters: {'var_smoothing': 6.714468189294179e-10}. Best is trial 0 with value: 0.55.
[I 2026-04-21 10:34:27,302] Trial 24 finished with value: 0.55 and parameters: {'var_smoothing': 1.6303611152529254e-09}. Best is trial 0 with value: 0.55.
[I 2026-04-21 10:34:27,318] Trial 25 finished with value: 0.55 and parameters: {'var_smoothing': 5.460180203252778e-09}. Best is trial 0 with value: 0.55.
[I 2026-04-21 10:34:27,334] Trial 26 finished with value: 0.55 and parameters: {'var_smoothing': 1.0123007748054653e-10}. Best is trial 0 with value: 0.55.
[I 2026-04-21 10:34:27,354] Trial 27 finished with value: 0.55 and parameters: {'var_smoothing': 3.7004726843827016e-09}. Best is trial 0 with value: 0.55.
[I 2026-04-21 10:34:27,372] Trial 28 finished with value: 0.55 and parameters: {'var_smoothing': 8.062949328123723e-10}. Best is trial 0 with value: 0.55.
[I 2026-04-21 10:34:27,389] Trial 29 finished with value: 0.55 and parameters: {'var_smoothing': 1.8379694059711336e-09}. Best is trial 0 with value: 0.55.
[I 2026-04-21 10:34:27,430] A new study created in memory with name: logreg
[I 2026-04-21 10:34:27,445] Trial 0 finished with value: 0.35 and parameters: {'C': 0.002407362254570802, 'penalty': 'l2'}. Best is trial 0 with value: 0.35.
[I 2026-04-21 10:34:27,469] Trial 1 finished with value: 0.5 and parameters: {'C': 7.935859334260497, 'penalty': 'l2'}. Best is trial 1 with value: 0.5.
[I 2026-04-21 10:34:27,494] Trial 2 finished with value: 0.5 and parameters: {'C': 0.15561310098067915, 'penalty': 'l2'}. Best is trial 1 with value: 0.5.
[I 2026-04-21 10:34:27,519] Trial 3 finished with value: 0.45 and parameters: {'C': 4.143104515916128, 'penalty': 'l2'}. Best is trial 1 with value: 0.5.
[I 2026-04-21 10:34:27,544] Trial 4 finished with value: 0.5 and parameters: {'C': 77.61533923098803, 'penalty': 'l2'}. Best is trial 1 with value: 0.5.
[I 2026-04-21 10:34:27,567] Trial 5 finished with value: 0.45 and parameters: {'C': 0.49258292359934785, 'penalty': 'l2'}. Best is trial 1 with value: 0.5.
[I 2026-04-21 10:34:27,589] Trial 6 finished with value: 0.45 and parameters: {'C': 0.320333470047146, 'penalty': 'l2'}. Best is trial 1 with value: 0.5.
[I 2026-04-21 10:34:27,612] Trial 7 finished with value: 0.35 and parameters: {'C': 0.002292216671132896, 'penalty': 'l2'}. Best is trial 1 with value: 0.5.
[I 2026-04-21 10:34:27,637] Trial 8 finished with value: 0.45 and parameters: {'C': 0.0219884643872214, 'penalty': 'l2'}. Best is trial 1 with value: 0.5.
[I 2026-04-21 10:34:27,661] Trial 9 finished with value: 0.45 and parameters: {'C': 0.31580027519646636, 'penalty': 'l2'}. Best is trial 1 with value: 0.5.
[I 2026-04-21 10:34:27,699] Trial 10 finished with value: 0.5 and parameters: {'C': 47.045226746887316, 'penalty': 'l2'}. Best is trial 1 with value: 0.5.
[I 2026-04-21 10:34:27,727] Trial 11 finished with value: 0.45 and parameters: {'C': 4.633527611292567, 'penalty': 'l2'}. Best is trial 1 with value: 0.5.
[I 2026-04-21 10:34:27,742] Trial 12 finished with value: 0.45 and parameters: {'C': 0.025585296655532393, 'penalty': 'l2'}. Best is trial 1 with value: 0.5.
[I 2026-04-21 10:34:27,768] Trial 13 finished with value: 0.45 and parameters: {'C': 4.4447623889287895, 'penalty': 'l2'}. Best is trial 1 with value: 0.5.
[I 2026-04-21 10:34:27,783] Trial 14 finished with value: 0.5 and parameters: {'C': 0.03859499117364653, 'penalty': 'l2'}. Best is trial 1 with value: 0.5.
[I 2026-04-21 10:34:27,808] Trial 15 finished with value: 0.45 and parameters: {'C': 1.243574620710053, 'penalty': 'l2'}. Best is trial 1 with value: 0.5.
[I 2026-04-21 10:34:27,834] Trial 16 finished with value: 0.5 and parameters: {'C': 13.281071643732659, 'penalty': 'l2'}. Best is trial 1 with value: 0.5.
[I 2026-04-21 10:34:27,853] Trial 17 finished with value: 0.55 and parameters: {'C': 0.10391491819178174, 'penalty': 'l2'}. Best is trial 17 with value: 0.55.
[I 2026-04-21 10:34:27,871] Trial 18 finished with value: 0.45 and parameters: {'C': 0.059497234598840446, 'penalty': 'l2'}. Best is trial 17 with value: 0.55.
[I 2026-04-21 10:34:27,892] Trial 19 finished with value: 0.35 and parameters: {'C': 0.006668859460269889, 'penalty': 'l2'}. Best is trial 17 with value: 0.55.
[I 2026-04-21 10:34:27,921] Trial 20 finished with value: 0.45 and parameters: {'C': 1.2303796631797363, 'penalty': 'l2'}. Best is trial 17 with value: 0.55.
[I 2026-04-21 10:34:27,950] Trial 21 finished with value: 0.55 and parameters: {'C': 0.10868538799665445, 'penalty': 'l2'}. Best is trial 17 with value: 0.55.
[I 2026-04-21 10:34:27,978] Trial 22 finished with value: 0.5 and parameters: {'C': 0.10101269548385558, 'penalty': 'l2'}. Best is trial 17 with value: 0.55.
[I 2026-04-21 10:34:28,008] Trial 23 finished with value: 0.4 and parameters: {'C': 0.00945879753368109, 'penalty': 'l2'}. Best is trial 17 with value: 0.55.
[I 2026-04-21 10:34:28,039] Trial 24 finished with value: 0.45 and parameters: {'C': 0.9903066984366257, 'penalty': 'l2'}. Best is trial 17 with value: 0.55.
[I 2026-04-21 10:34:28,070] Trial 25 finished with value: 0.5 and parameters: {'C': 22.030149283850154, 'penalty': 'l2'}. Best is trial 17 with value: 0.55.
[I 2026-04-21 10:34:28,089] Trial 26 finished with value: 0.45 and parameters: {'C': 0.0894029891214894, 'penalty': 'l2'}. Best is trial 17 with value: 0.55.
[I 2026-04-21 10:34:28,116] Trial 27 finished with value: 0.5 and parameters: {'C': 0.20124725868644117, 'penalty': 'l2'}. Best is trial 17 with value: 0.55.
[I 2026-04-21 10:34:28,146] Trial 28 finished with value: 0.45 and parameters: {'C': 0.630916610133036, 'penalty': 'l2'}. Best is trial 17 with value: 0.55.
[I 2026-04-21 10:34:28,175] Trial 29 finished with value: 0.4 and parameters: {'C': 0.011104103350344362, 'penalty': 'l2'}. Best is trial 17 with value: 0.55.
[I 2026-04-21 10:34:28,219] A new study created in memory with name: knn
[I 2026-04-21 10:34:28,234] Trial 0 finished with value: 0.5 and parameters: {'n_neighbors': 3, 'leaf_size': 36, 'p': 2}. Best is trial 0 with value: 0.5.
[I 2026-04-21 10:34:28,250] Trial 1 finished with value: 0.45 and parameters: {'n_neighbors': 10, 'leaf_size': 31, 'p': 1}. Best is trial 0 with value: 0.5.
[I 2026-04-21 10:34:28,266] Trial 2 finished with value: 0.5 and parameters: {'n_neighbors': 5, 'leaf_size': 30, 'p': 2}. Best is trial 0 with value: 0.5.
[I 2026-04-21 10:34:28,283] Trial 3 finished with value: 0.55 and parameters: {'n_neighbors': 6, 'leaf_size': 21, 'p': 2}. Best is trial 3 with value: 0.55.
[I 2026-04-21 10:34:28,299] Trial 4 finished with value: 0.6 and parameters: {'n_neighbors': 4, 'leaf_size': 29, 'p': 1}. Best is trial 4 with value: 0.6.
[I 2026-04-21 10:34:28,316] Trial 5 finished with value: 0.4 and parameters: {'n_neighbors': 7, 'leaf_size': 39, 'p': 2}. Best is trial 4 with value: 0.6.
[I 2026-04-21 10:34:28,330] Trial 6 finished with value: 0.35 and parameters: {'n_neighbors': 10, 'leaf_size': 22, 'p': 2}. Best is trial 4 with value: 0.6.
[I 2026-04-21 10:34:28,346] Trial 7 finished with value: 0.5 and parameters: {'n_neighbors': 8, 'leaf_size': 29, 'p': 2}. Best is trial 4 with value: 0.6.
[I 2026-04-21 10:34:28,371] Trial 8 finished with value: 0.5 and parameters: {'n_neighbors': 5, 'leaf_size': 30, 'p': 2}. Best is trial 4 with value: 0.6.
[I 2026-04-21 10:34:28,388] Trial 9 finished with value: 0.5 and parameters: {'n_neighbors': 9, 'leaf_size': 26, 'p': 1}. Best is trial 4 with value: 0.6.
[I 2026-04-21 10:34:28,426] Trial 10 finished with value: 0.6 and parameters: {'n_neighbors': 4, 'leaf_size': 34, 'p': 1}. Best is trial 4 with value: 0.6.
[I 2026-04-21 10:34:28,453] Trial 11 finished with value: 0.45 and parameters: {'n_neighbors': 3, 'leaf_size': 35, 'p': 1}. Best is trial 4 with value: 0.6.
[I 2026-04-21 10:34:28,482] Trial 12 finished with value: 0.6 and parameters: {'n_neighbors': 4, 'leaf_size': 35, 'p': 1}. Best is trial 4 with value: 0.6.
[I 2026-04-21 10:34:28,509] Trial 13 finished with value: 0.45 and parameters: {'n_neighbors': 5, 'leaf_size': 25, 'p': 1}. Best is trial 4 with value: 0.6.
[I 2026-04-21 10:34:28,536] Trial 14 finished with value: 0.6 and parameters: {'n_neighbors': 4, 'leaf_size': 32, 'p': 1}. Best is trial 4 with value: 0.6.
[I 2026-04-21 10:34:28,562] Trial 15 finished with value: 0.55 and parameters: {'n_neighbors': 6, 'leaf_size': 40, 'p': 1}. Best is trial 4 with value: 0.6.
[I 2026-04-21 10:34:28,587] Trial 16 finished with value: 0.6 and parameters: {'n_neighbors': 4, 'leaf_size': 26, 'p': 1}. Best is trial 4 with value: 0.6.
[I 2026-04-21 10:34:28,614] Trial 17 finished with value: 0.45 and parameters: {'n_neighbors': 3, 'leaf_size': 33, 'p': 1}. Best is trial 4 with value: 0.6.
[I 2026-04-21 10:34:28,640] Trial 18 finished with value: 0.45 and parameters: {'n_neighbors': 7, 'leaf_size': 28, 'p': 1}. Best is trial 4 with value: 0.6.
[I 2026-04-21 10:34:28,664] Trial 19 finished with value: 0.6 and parameters: {'n_neighbors': 4, 'leaf_size': 38, 'p': 1}. Best is trial 4 with value: 0.6.
[I 2026-04-21 10:34:28,691] Trial 20 finished with value: 0.45 and parameters: {'n_neighbors': 5, 'leaf_size': 33, 'p': 1}. Best is trial 4 with value: 0.6.
[I 2026-04-21 10:34:28,715] Trial 21 finished with value: 0.6 and parameters: {'n_neighbors': 4, 'leaf_size': 35, 'p': 1}. Best is trial 4 with value: 0.6.
[I 2026-04-21 10:34:28,741] Trial 22 finished with value: 0.45 and parameters: {'n_neighbors': 3, 'leaf_size': 37, 'p': 1}. Best is trial 4 with value: 0.6.
[I 2026-04-21 10:34:28,765] Trial 23 finished with value: 0.6 and parameters: {'n_neighbors': 4, 'leaf_size': 34, 'p': 1}. Best is trial 4 with value: 0.6.
