[I 2026-04-21 10:30:52,515] Trial 14 finished with value: 0.7 and parameters: {'n_estimators': 386, 'max_depth': 7, 'min_samples_split': 4, 'min_samples_leaf': 6}. Best is trial 1 with value: 0.85.
[I 2026-04-21 10:30:52,772] Trial 15 finished with value: 0.8 and parameters: {'n_estimators': 163, 'max_depth': 11, 'min_samples_split': 2, 'min_samples_leaf': 2}. Best is trial 1 with value: 0.85.
[I 2026-04-21 10:30:53,296] Trial 16 finished with value: 0.75 and parameters: {'n_estimators': 301, 'max_depth': 17, 'min_samples_split': 6, 'min_samples_leaf': 5}. Best is trial 1 with value: 0.85.
[I 2026-04-21 10:30:53,453] Trial 17 finished with value: 0.75 and parameters: {'n_estimators': 101, 'max_depth': 3, 'min_samples_split': 4, 'min_samples_leaf': 4}. Best is trial 1 with value: 0.85.
[I 2026-04-21 10:30:53,857] Trial 18 finished with value: 0.5 and parameters: {'n_estimators': 352, 'max_depth': 5, 'min_samples_split': 5, 'min_samples_leaf': 7}. Best is trial 1 with value: 0.85.
[I 2026-04-21 10:30:54,211] Trial 19 finished with value: 0.75 and parameters: {'n_estimators': 259, 'max_depth': 10, 'min_samples_split': 10, 'min_samples_leaf': 3}. Best is trial 1 with value: 0.85.
[I 2026-04-21 10:30:54,779] Trial 20 finished with value: 0.75 and parameters: {'n_estimators': 498, 'max_depth': 12, 'min_samples_split': 3, 'min_samples_leaf': 4}. Best is trial 1 with value: 0.85.
[I 2026-04-21 10:30:54,976] Trial 21 finished with value: 0.75 and parameters: {'n_estimators': 162, 'max_depth': 20, 'min_samples_split': 2, 'min_samples_leaf': 4}. Best is trial 1 with value: 0.85.
[I 2026-04-21 10:30:55,190] Trial 22 finished with value: 0.75 and parameters: {'n_estimators': 148, 'max_depth': 20, 'min_samples_split': 3, 'min_samples_leaf': 5}. Best is trial 1 with value: 0.85.
[I 2026-04-21 10:30:55,449] Trial 23 finished with value: 0.75 and parameters: {'n_estimators': 202, 'max_depth': 17, 'min_samples_split': 2, 'min_samples_leaf': 3}. Best is trial 1 with value: 0.85.
[I 2026-04-21 10:30:55,624] Trial 24 finished with value: 0.75 and parameters: {'n_estimators': 134, 'max_depth': 8, 'min_samples_split': 7, 'min_samples_leaf': 6}. Best is trial 1 with value: 0.85.
[I 2026-04-21 10:30:55,831] Trial 25 finished with value: 0.5 and parameters: {'n_estimators': 175, 'max_depth': 18, 'min_samples_split': 3, 'min_samples_leaf': 7}. Best is trial 1 with value: 0.85.
[I 2026-04-21 10:30:55,988] Trial 26 finished with value: 0.85 and parameters: {'n_estimators': 107, 'max_depth': 15, 'min_samples_split': 6, 'min_samples_leaf': 4}. Best is trial 1 with value: 0.85.
[I 2026-04-21 10:30:56,174] Trial 27 finished with value: 0.75 and parameters: {'n_estimators': 104, 'max_depth': 14, 'min_samples_split': 6, 'min_samples_leaf': 2}. Best is trial 1 with value: 0.85.
[I 2026-04-21 10:30:56,668] Trial 28 finished with value: 0.7 and parameters: {'n_estimators': 441, 'max_depth': 16, 'min_samples_split': 6, 'min_samples_leaf': 5}. Best is trial 1 with value: 0.85.
[I 2026-04-21 10:30:56,965] Trial 29 finished with value: 0.8 and parameters: {'n_estimators': 238, 'max_depth': 8, 'min_samples_split': 8, 'min_samples_leaf': 1}. Best is trial 1 with value: 0.85.
[I 2026-04-21 10:30:57,322] A new study created in memory with name: mlp
[I 2026-04-21 10:30:57,366] Trial 0 finished with value: 0.7 and parameters: {'hidden_layer_sizes': (100,), 'max_iter': 100, 'alpha': 0.0001}. Best is trial 0 with value: 0.7.
[I 2026-04-21 10:30:57,422] Trial 1 finished with value: 0.5 and parameters: {'hidden_layer_sizes': (100, 100), 'max_iter': 100, 'alpha': 0.001}. Best is trial 0 with value: 0.7.
[I 2026-04-21 10:30:57,478] Trial 2 finished with value: 0.6 and parameters: {'hidden_layer_sizes': (200,), 'max_iter': 100, 'alpha': 0.0001}. Best is trial 0 with value: 0.7.
[I 2026-04-21 10:30:57,524] Trial 3 finished with value: 0.55 and parameters: {'hidden_layer_sizes': (200,), 'max_iter': 50, 'alpha': 0.001}. Best is trial 0 with value: 0.7.
[I 2026-04-21 10:30:57,582] Trial 4 finished with value: 0.65 and parameters: {'hidden_layer_sizes': (100, 100), 'max_iter': 50, 'alpha': 0.0001}. Best is trial 0 with value: 0.7.
[I 2026-04-21 10:30:57,638] Trial 5 finished with value: 0.5 and parameters: {'hidden_layer_sizes': (200,), 'max_iter': 100, 'alpha': 0.0001}. Best is trial 0 with value: 0.7.
[I 2026-04-21 10:30:57,704] Trial 6 finished with value: 0.6 and parameters: {'hidden_layer_sizes': (200,), 'max_iter': 100, 'alpha': 0.001}. Best is trial 0 with value: 0.7.
[I 2026-04-21 10:30:57,759] Trial 7 finished with value: 0.6 and parameters: {'hidden_layer_sizes': (100,), 'max_iter': 100, 'alpha': 0.001}. Best is trial 0 with value: 0.7.
[I 2026-04-21 10:30:57,826] Trial 8 finished with value: 0.55 and parameters: {'hidden_layer_sizes': (100, 100), 'max_iter': 100, 'alpha': 0.0001}. Best is trial 0 with value: 0.7.
[I 2026-04-21 10:30:57,882] Trial 9 finished with value: 0.55 and parameters: {'hidden_layer_sizes': (200,), 'max_iter': 100, 'alpha': 0.0001}. Best is trial 0 with value: 0.7.
[I 2026-04-21 10:30:57,920] Trial 10 finished with value: 0.75 and parameters: {'hidden_layer_sizes': (100,), 'max_iter': 50, 'alpha': 0.0001}. Best is trial 10 with value: 0.75.
[I 2026-04-21 10:30:57,970] Trial 11 finished with value: 0.6 and parameters: {'hidden_layer_sizes': (100,), 'max_iter': 50, 'alpha': 0.0001}. Best is trial 10 with value: 0.75.
[I 2026-04-21 10:30:58,019] Trial 12 finished with value: 0.6 and parameters: {'hidden_layer_sizes': (100,), 'max_iter': 50, 'alpha': 0.0001}. Best is trial 10 with value: 0.75.
[I 2026-04-21 10:30:58,066] Trial 13 finished with value: 0.7 and parameters: {'hidden_layer_sizes': (100,), 'max_iter': 50, 'alpha': 0.0001}. Best is trial 10 with value: 0.75.
[I 2026-04-21 10:30:58,104] Trial 14 finished with value: 0.65 and parameters: {'hidden_layer_sizes': (100,), 'max_iter': 50, 'alpha': 0.0001}. Best is trial 10 with value: 0.75.
[I 2026-04-21 10:30:58,153] Trial 15 finished with value: 0.6 and parameters: {'hidden_layer_sizes': (100,), 'max_iter': 50, 'alpha': 0.0001}. Best is trial 10 with value: 0.75.
[I 2026-04-21 10:30:58,211] Trial 16 finished with value: 0.6 and parameters: {'hidden_layer_sizes': (100,), 'max_iter': 100, 'alpha': 0.0001}. Best is trial 10 with value: 0.75.
[I 2026-04-21 10:30:58,256] Trial 17 finished with value: 0.6 and parameters: {'hidden_layer_sizes': (100,), 'max_iter': 50, 'alpha': 0.0001}. Best is trial 10 with value: 0.75.
[I 2026-04-21 10:30:58,305] Trial 18 finished with value: 0.65 and parameters: {'hidden_layer_sizes': (100,), 'max_iter': 50, 'alpha': 0.001}. Best is trial 10 with value: 0.75.
[I 2026-04-21 10:30:58,354] Trial 19 finished with value: 0.6 and parameters: {'hidden_layer_sizes': (100,), 'max_iter': 100, 'alpha': 0.0001}. Best is trial 10 with value: 0.75.
[I 2026-04-21 10:30:58,401] Trial 20 finished with value: 0.6 and parameters: {'hidden_layer_sizes': (100, 100), 'max_iter': 50, 'alpha': 0.0001}. Best is trial 10 with value: 0.75.
[I 2026-04-21 10:30:58,450] Trial 21 finished with value: 0.6 and parameters: {'hidden_layer_sizes': (100,), 'max_iter': 50, 'alpha': 0.0001}. Best is trial 10 with value: 0.75.
[I 2026-04-21 10:30:58,499] Trial 22 finished with value: 0.7 and parameters: {'hidden_layer_sizes': (100,), 'max_iter': 50, 'alpha': 0.0001}. Best is trial 10 with value: 0.75.
[I 2026-04-21 10:30:58,536] Trial 23 finished with value: 0.6 and parameters: {'hidden_layer_sizes': (100,), 'max_iter': 50, 'alpha': 0.0001}. Best is trial 10 with value: 0.75.
[I 2026-04-21 10:30:58,572] Trial 24 finished with value: 0.65 and parameters: {'hidden_layer_sizes': (100,), 'max_iter': 50, 'alpha': 0.0001}. Best is trial 10 with value: 0.75.
[I 2026-04-21 10:30:58,618] Trial 25 finished with value: 0.65 and parameters: {'hidden_layer_sizes': (100,), 'max_iter': 50, 'alpha': 0.0001}. Best is trial 10 with value: 0.75.
[I 2026-04-21 10:30:58,668] Trial 26 finished with value: 0.55 and parameters: {'hidden_layer_sizes': (100,), 'max_iter': 100, 'alpha': 0.001}. Best is trial 10 with value: 0.75.
[I 2026-04-21 10:30:58,718] Trial 27 finished with value: 0.65 and parameters: {'hidden_layer_sizes': (100,), 'max_iter': 50, 'alpha': 0.0001}. Best is trial 10 with value: 0.75.
[I 2026-04-21 10:30:58,768] Trial 28 finished with value: 0.65 and parameters: {'hidden_layer_sizes': (100,), 'max_iter': 100, 'alpha': 0.0001}. Best is trial 10 with value: 0.75.
[I 2026-04-21 10:30:58,837] Trial 29 finished with value: 0.5 and parameters: {'hidden_layer_sizes': (100, 100), 'max_iter': 100, 'alpha': 0.001}. Best is trial 10 with value: 0.75.
[I 2026-04-21 10:30:58,982] A new study created in memory with name: svc
[I 2026-04-21 10:30:58,996] Trial 0 finished with value: 0.6 and parameters: {'C': 37.27697013499731, 'gamma': 0.0021277432488243223}. Best is trial 0 with value: 0.6.
[I 2026-04-21 10:30:59,009] Trial 1 finished with value: 0.65 and parameters: {'C': 19.271543171162776, 'gamma': 0.00014682043379470554}. Best is trial 1 with value: 0.65.
[I 2026-04-21 10:30:59,022] Trial 2 finished with value: 0.5 and parameters: {'C': 0.0269542169583157, 'gamma': 0.023999835049635022}. Best is trial 1 with value: 0.65.
[I 2026-04-21 10:30:59,035] Trial 3 finished with value: 0.5 and parameters: {'C': 1.3160410886450586, 'gamma': 0.0047340159215720195}. Best is trial 1 with value: 0.65.
[I 2026-04-21 10:30:59,047] Trial 4 finished with value: 0.45 and parameters: {'C': 0.21959952535674737, 'gamma': 0.030908485742507576}. Best is trial 1 with value: 0.65.
[I 2026-04-21 10:30:59,060] Trial 5 finished with value: 0.4 and parameters: {'C': 0.5656733313644114, 'gamma': 0.08780685564625502}. Best is trial 1 with value: 0.65.
[I 2026-04-21 10:30:59,074] Trial 6 finished with value: 0.5 and parameters: {'C': 1.1807165425157664, 'gamma': 0.020674470756231633}. Best is trial 1 with value: 0.65.
[I 2026-04-21 10:30:59,087] Trial 7 finished with value: 0.45 and parameters: {'C': 3.8143486186647126, 'gamma': 0.9138966502602072}. Best is trial 1 with value: 0.65.
[I 2026-04-21 10:30:59,101] Trial 8 finished with value: 0.55 and parameters: {'C': 19.029737066374768, 'gamma': 0.004495766421289856}. Best is trial 1 with value: 0.65.
[I 2026-04-21 10:30:59,115] Trial 9 finished with value: 0.35 and parameters: {'C': 31.994153257994277, 'gamma': 0.19725941020937518}. Best is trial 1 with value: 0.65.
[I 2026-04-21 10:30:59,136] Trial 10 finished with value: 0.7 and parameters: {'C': 96.48544976930573, 'gamma': 0.00012227600695838894}. Best is trial 10 with value: 0.7.
[I 2026-04-21 10:30:59,160] Trial 11 finished with value: 0.7 and parameters: {'C': 85.03243023158656, 'gamma': 0.00011086875428339677}. Best is trial 10 with value: 0.7.
[I 2026-04-21 10:30:59,180] Trial 12 finished with value: 0.7 and parameters: {'C': 80.01841510290937, 'gamma': 0.00011698490787338777}. Best is trial 10 with value: 0.7.
[I 2026-04-21 10:30:59,211] Trial 13 finished with value: 0.7 and parameters: {'C': 7.272181742688688, 'gamma': 0.000582009164639594}. Best is trial 10 with value: 0.7.
[I 2026-04-21 10:30:59,244] Trial 14 finished with value: 0.7 and parameters: {'C': 82.21935858898105, 'gamma': 0.000610620658107841}. Best is trial 10 with value: 0.7.
[I 2026-04-21 10:30:59,268] Trial 15 finished with value: 0.7 and parameters: {'C': 5.845083050065751, 'gamma': 0.000493693635750615}. Best is trial 10 with value: 0.7.
[I 2026-04-21 10:30:59,291] Trial 16 finished with value: 0.9 and parameters: {'C': 0.0119576348113261, 'gamma': 0.00018124548698430815}. Best is trial 16 with value: 0.9.
[I 2026-04-21 10:30:59,316] Trial 17 finished with value: 0.6 and parameters: {'C': 0.026389720166609825, 'gamma': 0.0015674228202475523}. Best is trial 16 with value: 0.9.
[I 2026-04-21 10:30:59,341] Trial 18 finished with value: 0.9 and parameters: {'C': 0.10324985435134933, 'gamma': 0.0003111865329682496}. Best is trial 16 with value: 0.9.
[I 2026-04-21 10:30:59,363] Trial 19 finished with value: 0.85 and parameters: {'C': 0.01216629726544338, 'gamma': 0.00028487863056835016}. Best is trial 16 with value: 0.9.
[I 2026-04-21 10:30:59,385] Trial 20 finished with value: 0.6 and parameters: {'C': 0.11889489692330092, 'gamma': 0.0012165351121402833}. Best is trial 16 with value: 0.9.
[I 2026-04-21 10:30:59,410] Trial 21 finished with value: 0.9 and parameters: {'C': 0.013476681529640714, 'gamma': 0.00032291585157427264}. Best is trial 16 with value: 0.9.
[I 2026-04-21 10:30:59,432] Trial 22 finished with value: 0.85 and parameters: {'C': 0.06425523865501351, 'gamma': 0.000304099043457628}. Best is trial 16 with value: 0.9.
[I 2026-04-21 10:30:59,458] Trial 23 finished with value: 0.85 and parameters: {'C': 0.012212554811007047, 'gamma': 0.0002573929920551171}. Best is trial 16 with value: 0.9.
[I 2026-04-21 10:30:59,480] Trial 24 finished with value: 0.6 and parameters: {'C': 0.04583407467796572, 'gamma': 0.0009811137006169432}. Best is trial 16 with value: 0.9.
[I 2026-04-21 10:30:59,506] Trial 25 finished with value: 0.5 and parameters: {'C': 0.23903345352986452, 'gamma': 0.003852606144410315}. Best is trial 16 with value: 0.9.
[I 2026-04-21 10:30:59,531] Trial 26 finished with value: 0.85 and parameters: {'C': 0.022155340115372017, 'gamma': 0.0002363681406554993}. Best is trial 16 with value: 0.9.
[I 2026-04-21 10:30:59,553] Trial 27 finished with value: 0.65 and parameters: {'C': 0.07544758496044471, 'gamma': 0.000734036415799409}. Best is trial 16 with value: 0.9.
[I 2026-04-21 10:30:59,578] Trial 28 finished with value: 0.55 and parameters: {'C': 0.1535776357910036, 'gamma': 0.00935638535958938}. Best is trial 16 with value: 0.9.
[I 2026-04-21 10:30:59,603] Trial 29 finished with value: 0.55 and parameters: {'C': 0.010614248103851517, 'gamma': 0.0028215289102327865}. Best is trial 16 with value: 0.9.
[I 2026-04-21 10:30:59,663] A new study created in memory with name: naive_bayes
[I 2026-04-21 10:30:59,677] Trial 0 finished with value: 0.55 and parameters: {'var_smoothing': 6.10548688762798e-09}. Best is trial 0 with value: 0.55.
[I 2026-04-21 10:30:59,692] Trial 1 finished with value: 0.55 and parameters: {'var_smoothing': 4.6127467400935034e-10}. Best is trial 0 with value: 0.55.
[I 2026-04-21 10:30:59,706] Trial 2 finished with value: 0.55 and parameters: {'var_smoothing': 4.389936579400967e-09}. Best is trial 0 with value: 0.55.
[I 2026-04-21 10:30:59,720] Trial 3 finished with value: 0.6 and parameters: {'var_smoothing': 1.2116948204672054e-10}. Best is trial 3 with value: 0.6.
[I 2026-04-21 10:30:59,735] Trial 4 finished with value: 0.6 and parameters: {'var_smoothing': 1.6417739478477417e-10}. Best is trial 3 with value: 0.6.
[I 2026-04-21 10:30:59,748] Trial 5 finished with value: 0.55 and parameters: {'var_smoothing': 1.5491880147236797e-09}. Best is trial 3 with value: 0.6.
[I 2026-04-21 10:30:59,762] Trial 6 finished with value: 0.55 and parameters: {'var_smoothing': 1.1471883405287265e-09}. Best is trial 3 with value: 0.6.
[I 2026-04-21 10:30:59,774] Trial 7 finished with value: 0.55 and parameters: {'var_smoothing': 6.88041853492358e-10}. Best is trial 3 with value: 0.6.
[I 2026-04-21 10:30:59,789] Trial 8 finished with value: 0.55 and parameters: {'var_smoothing': 4.686144741221158e-10}. Best is trial 3 with value: 0.6.
[I 2026-04-21 10:30:59,803] Trial 9 finished with value: 0.55 and parameters: {'var_smoothing': 1.7580809350683337e-09}. Best is trial 3 with value: 0.6.
[I 2026-04-21 10:30:59,820] Trial 10 finished with value: 0.6 and parameters: {'var_smoothing': 1.4986159622778287e-10}. Best is trial 3 with value: 0.6.
[I 2026-04-21 10:30:59,858] Trial 11 finished with value: 0.6 and parameters: {'var_smoothing': 1.0622768014503651e-10}. Best is trial 3 with value: 0.6.
[I 2026-04-21 10:30:59,878] Trial 12 finished with value: 0.6 and parameters: {'var_smoothing': 2.272272135395945e-10}. Best is trial 3 with value: 0.6.
[I 2026-04-21 10:30:59,895] Trial 13 finished with value: 0.6 and parameters: {'var_smoothing': 2.277391142800394e-10}. Best is trial 3 with value: 0.6.
[I 2026-04-21 10:30:59,914] Trial 14 finished with value: 0.6 and parameters: {'var_smoothing': 2.1404752825938667e-10}. Best is trial 3 with value: 0.6.
[I 2026-04-21 10:30:59,931] Trial 15 finished with value: 0.6 and parameters: {'var_smoothing': 1.1569304730115697e-10}. Best is trial 3 with value: 0.6.
[I 2026-04-21 10:30:59,949] Trial 16 finished with value: 0.55 and parameters: {'var_smoothing': 3.4269966713149216e-10}. Best is trial 3 with value: 0.6.
[I 2026-04-21 10:30:59,970] Trial 17 finished with value: 0.55 and parameters: {'var_smoothing': 2.347761546580205e-09}. Best is trial 3 with value: 0.6.
[I 2026-04-21 10:30:59,990] Trial 18 finished with value: 0.55 and parameters: {'var_smoothing': 8.288370579322759e-10}. Best is trial 3 with value: 0.6.
[I 2026-04-21 10:31:00,010] Trial 19 finished with value: 0.6 and parameters: {'var_smoothing': 1.7729369581664785e-10}. Best is trial 3 with value: 0.6.
[I 2026-04-21 10:31:00,027] Trial 20 finished with value: 0.55 and parameters: {'var_smoothing': 3.485472720947847e-10}. Best is trial 3 with value: 0.6.
[I 2026-04-21 10:31:00,046] Trial 21 finished with value: 0.6 and parameters: {'var_smoothing': 1.4928882729910681e-10}. Best is trial 3 with value: 0.6.
[I 2026-04-21 10:31:00,064] Trial 22 finished with value: 0.6 and parameters: {'var_smoothing': 1.0935097078364754e-10}. Best is trial 3 with value: 0.6.
[I 2026-04-21 10:31:00,083] Trial 23 finished with value: 0.6 and parameters: {'var_smoothing': 3.049124348183484e-10}. Best is trial 3 with value: 0.6.
[I 2026-04-21 10:31:00,105] Trial 24 finished with value: 0.6 and parameters: {'var_smoothing': 1.5500823308071463e-10}. Best is trial 3 with value: 0.6.
[I 2026-04-21 10:31:00,133] Trial 25 finished with value: 0.55 and parameters: {'var_smoothing': 6.20277570927626e-10}. Best is trial 3 with value: 0.6.
[I 2026-04-21 10:31:00,155] Trial 26 finished with value: 0.6 and parameters: {'var_smoothing': 1.429745194035636e-10}. Best is trial 3 with value: 0.6.
[I 2026-04-21 10:31:00,173] Trial 27 finished with value: 0.6 and parameters: {'var_smoothing': 2.709548663294561e-10}. Best is trial 3 with value: 0.6.
[I 2026-04-21 10:31:00,191] Trial 28 finished with value: 0.6 and parameters: {'var_smoothing': 1.906755024021898e-10}. Best is trial 3 with value: 0.6.
[I 2026-04-21 10:31:00,212] Trial 29 finished with value: 0.55 and parameters: {'var_smoothing': 7.3140472902792484e-09}. Best is trial 3 with value: 0.6.
[I 2026-04-21 10:31:00,253] A new study created in memory with name: logreg
[I 2026-04-21 10:31:00,276] Trial 0 finished with value: 0.65 and parameters: {'C': 29.127335430981816, 'penalty': 'l2'}. Best is trial 0 with value: 0.65.
[I 2026-04-21 10:31:00,302] Trial 1 finished with value: 0.7 and parameters: {'C': 0.045698192893558344, 'penalty': 'l2'}. Best is trial 1 with value: 0.7.
[I 2026-04-21 10:31:00,327] Trial 2 finished with value: 0.65 and parameters: {'C': 12.768668597712947, 'penalty': 'l2'}. Best is trial 1 with value: 0.7.
[I 2026-04-21 10:31:00,351] Trial 3 finished with value: 0.75 and parameters: {'C': 0.0016161554408462638, 'penalty': 'l2'}. Best is trial 3 with value: 0.75.
[I 2026-04-21 10:31:00,375] Trial 4 finished with value: 0.75 and parameters: {'C': 0.0034536903703241734, 'penalty': 'l2'}. Best is trial 3 with value: 0.75.
[I 2026-04-21 10:31:00,399] Trial 5 finished with value: 0.6 and parameters: {'C': 0.9446269266990148, 'penalty': 'l2'}. Best is trial 3 with value: 0.75.
[I 2026-04-21 10:31:00,423] Trial 6 finished with value: 0.6 and parameters: {'C': 0.4457453393648168, 'penalty': 'l2'}. Best is trial 3 with value: 0.75.
[I 2026-04-21 10:31:00,447] Trial 7 finished with value: 0.6 and parameters: {'C': 0.12417585037258261, 'penalty': 'l2'}. Best is trial 3 with value: 0.75.
[I 2026-04-21 10:31:00,470] Trial 8 finished with value: 0.7 and parameters: {'C': 0.04753781830244093, 'penalty': 'l2'}. Best is trial 3 with value: 0.75.
[I 2026-04-21 10:31:00,494] Trial 9 finished with value: 0.6 and parameters: {'C': 1.2959766028194148, 'penalty': 'l2'}. Best is trial 3 with value: 0.75.
[I 2026-04-21 10:31:00,512] Trial 10 finished with value: 0.75 and parameters: {'C': 0.0027493237597083523, 'penalty': 'l2'}. Best is trial 3 with value: 0.75.
[I 2026-04-21 10:31:00,538] Trial 11 finished with value: 0.75 and parameters: {'C': 0.001163038906231015, 'penalty': 'l2'}. Best is trial 3 with value: 0.75.
[I 2026-04-21 10:31:00,570] Trial 12 finished with value: 0.75 and parameters: {'C': 0.007783068576282983, 'penalty': 'l2'}. Best is trial 3 with value: 0.75.
[I 2026-04-21 10:31:00,598] Trial 13 finished with value: 0.75 and parameters: {'C': 0.007826977189925246, 'penalty': 'l2'}. Best is trial 3 with value: 0.75.
[I 2026-04-21 10:31:00,625] Trial 14 finished with value: 0.75 and parameters: {'C': 0.006703097597967292, 'penalty': 'l2'}. Best is trial 3 with value: 0.75.
[I 2026-04-21 10:31:00,654] Trial 15 finished with value: 0.75 and parameters: {'C': 0.0014396872245738463, 'penalty': 'l2'}. Best is trial 3 with value: 0.75.
[I 2026-04-21 10:31:00,682] Trial 16 finished with value: 0.8 and parameters: {'C': 0.02174123480745058, 'penalty': 'l2'}. Best is trial 16 with value: 0.8.
[I 2026-04-21 10:31:00,711] Trial 17 finished with value: 0.8 and parameters: {'C': 0.021886004854486468, 'penalty': 'l2'}. Best is trial 16 with value: 0.8.
[I 2026-04-21 10:31:00,739] Trial 18 finished with value: 0.7 and parameters: {'C': 0.03260241411356273, 'penalty': 'l2'}. Best is trial 16 with value: 0.8.
[I 2026-04-21 10:31:00,768] Trial 19 finished with value: 0.65 and parameters: {'C': 3.683226176438572, 'penalty': 'l2'}. Best is trial 16 with value: 0.8.
[I 2026-04-21 10:31:00,797] Trial 20 finished with value: 0.6 and parameters: {'C': 0.15870008754762843, 'penalty': 'l2'}. Best is trial 16 with value: 0.8.
