[I 2026-04-21 10:38:09,071] Trial 10 finished with value: 0.4 and parameters: {'hidden_layer_sizes': (100,), 'max_iter': 50, 'alpha': 0.001}. Best is trial 9 with value: 0.5.
[I 2026-04-21 10:38:09,120] Trial 11 finished with value: 0.35 and parameters: {'hidden_layer_sizes': (200,), 'max_iter': 50, 'alpha': 0.0001}. Best is trial 9 with value: 0.5.
[I 2026-04-21 10:38:09,170] Trial 12 finished with value: 0.35 and parameters: {'hidden_layer_sizes': (100,), 'max_iter': 50, 'alpha': 0.0001}. Best is trial 9 with value: 0.5.
[I 2026-04-21 10:38:09,230] Trial 13 finished with value: 0.35 and parameters: {'hidden_layer_sizes': (200,), 'max_iter': 50, 'alpha': 0.001}. Best is trial 9 with value: 0.5.
[I 2026-04-21 10:38:09,288] Trial 14 finished with value: 0.3 and parameters: {'hidden_layer_sizes': (100, 100), 'max_iter': 50, 'alpha': 0.001}. Best is trial 9 with value: 0.5.
[I 2026-04-21 10:38:09,337] Trial 15 finished with value: 0.35 and parameters: {'hidden_layer_sizes': (100,), 'max_iter': 50, 'alpha': 0.0001}. Best is trial 9 with value: 0.5.
[I 2026-04-21 10:38:09,386] Trial 16 finished with value: 0.35 and parameters: {'hidden_layer_sizes': (200,), 'max_iter': 50, 'alpha': 0.001}. Best is trial 9 with value: 0.5.
[I 2026-04-21 10:38:09,433] Trial 17 finished with value: 0.35 and parameters: {'hidden_layer_sizes': (200,), 'max_iter': 50, 'alpha': 0.0001}. Best is trial 9 with value: 0.5.
[I 2026-04-21 10:38:09,501] Trial 18 finished with value: 0.4 and parameters: {'hidden_layer_sizes': (100,), 'max_iter': 100, 'alpha': 0.001}. Best is trial 9 with value: 0.5.
[I 2026-04-21 10:38:09,551] Trial 19 finished with value: 0.3 and parameters: {'hidden_layer_sizes': (100, 100), 'max_iter': 50, 'alpha': 0.0001}. Best is trial 9 with value: 0.5.
[I 2026-04-21 10:38:09,590] Trial 20 finished with value: 0.45 and parameters: {'hidden_layer_sizes': (100,), 'max_iter': 50, 'alpha': 0.0001}. Best is trial 9 with value: 0.5.
[I 2026-04-21 10:38:09,637] Trial 21 finished with value: 0.3 and parameters: {'hidden_layer_sizes': (200,), 'max_iter': 50, 'alpha': 0.001}. Best is trial 9 with value: 0.5.
[I 2026-04-21 10:38:09,688] Trial 22 finished with value: 0.35 and parameters: {'hidden_layer_sizes': (200,), 'max_iter': 50, 'alpha': 0.001}. Best is trial 9 with value: 0.5.
[I 2026-04-21 10:38:09,745] Trial 23 finished with value: 0.35 and parameters: {'hidden_layer_sizes': (200,), 'max_iter': 50, 'alpha': 0.001}. Best is trial 9 with value: 0.5.
[I 2026-04-21 10:38:09,792] Trial 24 finished with value: 0.4 and parameters: {'hidden_layer_sizes': (200,), 'max_iter': 50, 'alpha': 0.001}. Best is trial 9 with value: 0.5.
[I 2026-04-21 10:38:09,839] Trial 25 finished with value: 0.35 and parameters: {'hidden_layer_sizes': (200,), 'max_iter': 50, 'alpha': 0.001}. Best is trial 9 with value: 0.5.
[I 2026-04-21 10:38:09,907] Trial 26 finished with value: 0.35 and parameters: {'hidden_layer_sizes': (200,), 'max_iter': 100, 'alpha': 0.001}. Best is trial 9 with value: 0.5.
[I 2026-04-21 10:38:09,954] Trial 27 finished with value: 0.4 and parameters: {'hidden_layer_sizes': (200,), 'max_iter': 50, 'alpha': 0.001}. Best is trial 9 with value: 0.5.
[I 2026-04-21 10:38:10,001] Trial 28 finished with value: 0.4 and parameters: {'hidden_layer_sizes': (100, 100), 'max_iter': 50, 'alpha': 0.0001}. Best is trial 9 with value: 0.5.
[I 2026-04-21 10:38:10,039] Trial 29 finished with value: 0.35 and parameters: {'hidden_layer_sizes': (100,), 'max_iter': 50, 'alpha': 0.001}. Best is trial 9 with value: 0.5.
[I 2026-04-21 10:38:10,163] A new study created in memory with name: svc
[I 2026-04-21 10:38:10,181] Trial 0 finished with value: 0.4 and parameters: {'C': 31.168622654226873, 'gamma': 0.7484497562485191}. Best is trial 0 with value: 0.4.
[I 2026-04-21 10:38:10,200] Trial 1 finished with value: 0.4 and parameters: {'C': 29.976309274600954, 'gamma': 0.013286872459026702}. Best is trial 0 with value: 0.4.
[I 2026-04-21 10:38:10,222] Trial 2 finished with value: 0.55 and parameters: {'C': 0.08529298465080307, 'gamma': 0.00011106960237430257}. Best is trial 2 with value: 0.55.
[I 2026-04-21 10:38:10,240] Trial 3 finished with value: 0.55 and parameters: {'C': 0.5270784658374341, 'gamma': 0.004068229457500922}. Best is trial 2 with value: 0.55.
[I 2026-04-21 10:38:10,256] Trial 4 finished with value: 0.5 and parameters: {'C': 1.2322495987505253, 'gamma': 0.008195343912941565}. Best is trial 2 with value: 0.55.
[I 2026-04-21 10:38:10,272] Trial 5 finished with value: 0.5 and parameters: {'C': 1.6650446929687996, 'gamma': 0.014912280706161869}. Best is trial 2 with value: 0.55.
[I 2026-04-21 10:38:10,289] Trial 6 finished with value: 0.35 and parameters: {'C': 11.055599623279033, 'gamma': 0.07071284267178823}. Best is trial 2 with value: 0.55.
[I 2026-04-21 10:38:10,304] Trial 7 finished with value: 0.5 and parameters: {'C': 3.0111222251271013, 'gamma': 0.00506252384623837}. Best is trial 2 with value: 0.55.
[I 2026-04-21 10:38:10,318] Trial 8 finished with value: 0.3 and parameters: {'C': 0.1433177931243846, 'gamma': 0.7859971382309453}. Best is trial 2 with value: 0.55.
[I 2026-04-21 10:38:10,334] Trial 9 finished with value: 0.55 and parameters: {'C': 0.21631975482828378, 'gamma': 0.0007502469581683287}. Best is trial 2 with value: 0.55.
[I 2026-04-21 10:38:10,360] Trial 10 finished with value: 0.55 and parameters: {'C': 0.012287042951649943, 'gamma': 0.0002689230117214245}. Best is trial 2 with value: 0.55.
[I 2026-04-21 10:38:10,382] Trial 11 finished with value: 0.55 and parameters: {'C': 0.12874765249659528, 'gamma': 0.00013524870950853464}. Best is trial 2 with value: 0.55.
[I 2026-04-21 10:38:10,406] Trial 12 finished with value: 0.55 and parameters: {'C': 0.02193874170700915, 'gamma': 0.0014968249242377914}. Best is trial 2 with value: 0.55.
[I 2026-04-21 10:38:10,428] Trial 13 finished with value: 0.45 and parameters: {'C': 0.3540928303520777, 'gamma': 0.0733369214406053}. Best is trial 2 with value: 0.55.
[I 2026-04-21 10:38:10,454] Trial 14 finished with value: 0.55 and parameters: {'C': 0.06278311746529927, 'gamma': 0.0007121426110777647}. Best is trial 2 with value: 0.55.
[I 2026-04-21 10:38:10,479] Trial 15 finished with value: 0.55 and parameters: {'C': 0.03958080818460573, 'gamma': 0.00010407099836760228}. Best is trial 2 with value: 0.55.
[I 2026-04-21 10:38:10,501] Trial 16 finished with value: 0.55 and parameters: {'C': 0.5067251027430315, 'gamma': 0.0022831437034838693}. Best is trial 2 with value: 0.55.
[I 2026-04-21 10:38:10,526] Trial 17 finished with value: 0.35 and parameters: {'C': 5.10907098480259, 'gamma': 0.06677212787171093}. Best is trial 2 with value: 0.55.
[I 2026-04-21 10:38:10,549] Trial 18 finished with value: 0.55 and parameters: {'C': 0.6098279866668251, 'gamma': 0.0003567988158847245}. Best is trial 2 with value: 0.55.
[I 2026-04-21 10:38:10,573] Trial 19 finished with value: 0.45 and parameters: {'C': 0.07512215806711844, 'gamma': 0.2028221540303322}. Best is trial 2 with value: 0.55.
[I 2026-04-21 10:38:10,597] Trial 20 finished with value: 0.55 and parameters: {'C': 0.030502901590024695, 'gamma': 0.0028488566730748097}. Best is trial 2 with value: 0.55.
[I 2026-04-21 10:38:10,621] Trial 21 finished with value: 0.55 and parameters: {'C': 0.2421334085877486, 'gamma': 0.0007015107653006088}. Best is trial 2 with value: 0.55.
[I 2026-04-21 10:38:10,649] Trial 22 finished with value: 0.55 and parameters: {'C': 0.19565542796702406, 'gamma': 0.0009255666386576473}. Best is trial 2 with value: 0.55.
[I 2026-04-21 10:38:10,674] Trial 23 finished with value: 0.55 and parameters: {'C': 0.8416009507086806, 'gamma': 0.0002499221631230059}. Best is trial 2 with value: 0.55.
[I 2026-04-21 10:38:10,698] Trial 24 finished with value: 0.55 and parameters: {'C': 0.08473649738187271, 'gamma': 0.00042132969433103485}. Best is trial 2 with value: 0.55.
[I 2026-04-21 10:38:10,723] Trial 25 finished with value: 0.55 and parameters: {'C': 0.33739089601238514, 'gamma': 0.0030759964401562987}. Best is trial 2 with value: 0.55.
[I 2026-04-21 10:38:10,746] Trial 26 finished with value: 0.45 and parameters: {'C': 1.3349741801083457, 'gamma': 0.026476095598596424}. Best is trial 2 with value: 0.55.
[I 2026-04-21 10:38:10,771] Trial 27 finished with value: 0.55 and parameters: {'C': 0.017351620162739598, 'gamma': 0.00018176826892977958}. Best is trial 2 with value: 0.55.
[I 2026-04-21 10:38:10,794] Trial 28 finished with value: 0.6 and parameters: {'C': 78.51358847239959, 'gamma': 0.0010730507179586865}. Best is trial 28 with value: 0.6.
[I 2026-04-21 10:38:10,819] Trial 29 finished with value: 0.45 and parameters: {'C': 80.04787621893763, 'gamma': 0.006945280753609578}. Best is trial 28 with value: 0.6.
[I 2026-04-21 10:38:11,160] A new study created in memory with name: naive_bayes
[I 2026-04-21 10:38:11,174] Trial 0 finished with value: 0.25 and parameters: {'var_smoothing': 5.582886587978182e-09}. Best is trial 0 with value: 0.25.
[I 2026-04-21 10:38:11,186] Trial 1 finished with value: 0.25 and parameters: {'var_smoothing': 8.651299071518215e-09}. Best is trial 0 with value: 0.25.
[I 2026-04-21 10:38:11,198] Trial 2 finished with value: 0.25 and parameters: {'var_smoothing': 5.475062490474489e-09}. Best is trial 0 with value: 0.25.
[I 2026-04-21 10:38:11,210] Trial 3 finished with value: 0.25 and parameters: {'var_smoothing': 1.1526869678723134e-09}. Best is trial 0 with value: 0.25.
[I 2026-04-21 10:38:11,222] Trial 4 finished with value: 0.25 and parameters: {'var_smoothing': 2.920496270341785e-10}. Best is trial 0 with value: 0.25.
[I 2026-04-21 10:38:11,234] Trial 5 finished with value: 0.25 and parameters: {'var_smoothing': 1.0538956417705805e-10}. Best is trial 0 with value: 0.25.
[I 2026-04-21 10:38:11,247] Trial 6 finished with value: 0.25 and parameters: {'var_smoothing': 7.260016982331591e-10}. Best is trial 0 with value: 0.25.
[I 2026-04-21 10:38:11,260] Trial 7 finished with value: 0.25 and parameters: {'var_smoothing': 6.378267364653917e-10}. Best is trial 0 with value: 0.25.
[I 2026-04-21 10:38:11,275] Trial 8 finished with value: 0.25 and parameters: {'var_smoothing': 1.1100673847791952e-09}. Best is trial 0 with value: 0.25.
[I 2026-04-21 10:38:11,290] Trial 9 finished with value: 0.25 and parameters: {'var_smoothing': 9.052813879088377e-10}. Best is trial 0 with value: 0.25.
[I 2026-04-21 10:38:11,310] Trial 10 finished with value: 0.25 and parameters: {'var_smoothing': 3.20543606083287e-09}. Best is trial 0 with value: 0.25.
[I 2026-04-21 10:38:11,329] Trial 11 finished with value: 0.25 and parameters: {'var_smoothing': 8.433965140342417e-09}. Best is trial 0 with value: 0.25.
[I 2026-04-21 10:38:11,349] Trial 12 finished with value: 0.25 and parameters: {'var_smoothing': 2.860874278982245e-09}. Best is trial 0 with value: 0.25.
[I 2026-04-21 10:38:11,371] Trial 13 finished with value: 0.25 and parameters: {'var_smoothing': 9.270349036178526e-09}. Best is trial 0 with value: 0.25.
[I 2026-04-21 10:38:11,393] Trial 14 finished with value: 0.25 and parameters: {'var_smoothing': 3.13069447640915e-09}. Best is trial 0 with value: 0.25.
[I 2026-04-21 10:38:11,413] Trial 15 finished with value: 0.25 and parameters: {'var_smoothing': 5.223604886811285e-09}. Best is trial 0 with value: 0.25.
[I 2026-04-21 10:38:11,433] Trial 16 finished with value: 0.25 and parameters: {'var_smoothing': 2.0295724993447026e-09}. Best is trial 0 with value: 0.25.
[I 2026-04-21 10:38:11,453] Trial 17 finished with value: 0.25 and parameters: {'var_smoothing': 5.880433102756661e-09}. Best is trial 0 with value: 0.25.
[I 2026-04-21 10:38:11,471] Trial 18 finished with value: 0.25 and parameters: {'var_smoothing': 1.6980964875204416e-09}. Best is trial 0 with value: 0.25.
[I 2026-04-21 10:38:11,488] Trial 19 finished with value: 0.25 and parameters: {'var_smoothing': 4.2955625192244405e-09}. Best is trial 0 with value: 0.25.
[I 2026-04-21 10:38:11,508] Trial 20 finished with value: 0.25 and parameters: {'var_smoothing': 9.833771947222685e-09}. Best is trial 0 with value: 0.25.
[I 2026-04-21 10:38:11,528] Trial 21 finished with value: 0.25 and parameters: {'var_smoothing': 6.0482464086364635e-09}. Best is trial 0 with value: 0.25.
[I 2026-04-21 10:38:11,547] Trial 22 finished with value: 0.25 and parameters: {'var_smoothing': 4.537628481410357e-09}. Best is trial 0 with value: 0.25.
[I 2026-04-21 10:38:11,568] Trial 23 finished with value: 0.25 and parameters: {'var_smoothing': 6.750528289210463e-09}. Best is trial 0 with value: 0.25.
[I 2026-04-21 10:38:11,588] Trial 24 finished with value: 0.25 and parameters: {'var_smoothing': 2.2780337647355764e-09}. Best is trial 0 with value: 0.25.
[I 2026-04-21 10:38:11,605] Trial 25 finished with value: 0.25 and parameters: {'var_smoothing': 3.986918574074946e-09}. Best is trial 0 with value: 0.25.
[I 2026-04-21 10:38:11,624] Trial 26 finished with value: 0.25 and parameters: {'var_smoothing': 1.7707565248297843e-09}. Best is trial 0 with value: 0.25.
[I 2026-04-21 10:38:11,641] Trial 27 finished with value: 0.25 and parameters: {'var_smoothing': 6.732492847962814e-09}. Best is trial 0 with value: 0.25.
[I 2026-04-21 10:38:11,658] Trial 28 finished with value: 0.25 and parameters: {'var_smoothing': 3.8684773890893174e-10}. Best is trial 0 with value: 0.25.
[I 2026-04-21 10:38:11,678] Trial 29 finished with value: 0.25 and parameters: {'var_smoothing': 1.5480090897085013e-09}. Best is trial 0 with value: 0.25.
[I 2026-04-21 10:38:11,716] A new study created in memory with name: logreg
[I 2026-04-21 10:38:11,740] Trial 0 finished with value: 0.5 and parameters: {'C': 23.288794782471303, 'penalty': 'l2'}. Best is trial 0 with value: 0.5.
[I 2026-04-21 10:38:11,764] Trial 1 finished with value: 0.55 and parameters: {'C': 69.61507800412923, 'penalty': 'l2'}. Best is trial 1 with value: 0.55.
[I 2026-04-21 10:38:11,789] Trial 2 finished with value: 0.5 and parameters: {'C': 22.180569925473442, 'penalty': 'l2'}. Best is trial 1 with value: 0.55.
[I 2026-04-21 10:38:11,814] Trial 3 finished with value: 0.4 and parameters: {'C': 0.4511058486037652, 'penalty': 'l2'}. Best is trial 1 with value: 0.55.
[I 2026-04-21 10:38:11,829] Trial 4 finished with value: 0.5 and parameters: {'C': 0.014576110093994574, 'penalty': 'l2'}. Best is trial 1 with value: 0.55.
[I 2026-04-21 10:38:11,852] Trial 5 finished with value: 0.5 and parameters: {'C': 0.0011402340906886685, 'penalty': 'l2'}. Best is trial 1 with value: 0.55.
[I 2026-04-21 10:38:11,866] Trial 6 finished with value: 0.4 and parameters: {'C': 0.14201822862985758, 'penalty': 'l2'}. Best is trial 1 with value: 0.55.
[I 2026-04-21 10:38:11,880] Trial 7 finished with value: 0.4 and parameters: {'C': 0.1027440782219989, 'penalty': 'l2'}. Best is trial 1 with value: 0.55.
[I 2026-04-21 10:38:11,893] Trial 8 finished with value: 0.4 and parameters: {'C': 0.41055690122086846, 'penalty': 'l2'}. Best is trial 1 with value: 0.55.
[I 2026-04-21 10:38:11,917] Trial 9 finished with value: 0.4 and parameters: {'C': 0.24658064201770763, 'penalty': 'l2'}. Best is trial 1 with value: 0.55.
[I 2026-04-21 10:38:11,945] Trial 10 finished with value: 0.55 and parameters: {'C': 92.46141821928147, 'penalty': 'l2'}. Best is trial 1 with value: 0.55.
[I 2026-04-21 10:38:11,976] Trial 11 finished with value: 0.55 and parameters: {'C': 65.87674766828499, 'penalty': 'l2'}. Best is trial 1 with value: 0.55.
[I 2026-04-21 10:38:12,007] Trial 12 finished with value: 0.4 and parameters: {'C': 3.835078223030007, 'penalty': 'l2'}. Best is trial 1 with value: 0.55.
[I 2026-04-21 10:38:12,037] Trial 13 finished with value: 0.45 and parameters: {'C': 5.213385184611433, 'penalty': 'l2'}. Best is trial 1 with value: 0.55.
[I 2026-04-21 10:38:12,077] Trial 14 finished with value: 0.55 and parameters: {'C': 86.3055046696311, 'penalty': 'l2'}. Best is trial 1 with value: 0.55.
[I 2026-04-21 10:38:12,107] Trial 15 finished with value: 0.4 and parameters: {'C': 3.4113487923835675, 'penalty': 'l2'}. Best is trial 1 with value: 0.55.
[I 2026-04-21 10:38:12,137] Trial 16 finished with value: 0.45 and parameters: {'C': 14.431150299720267, 'penalty': 'l2'}. Best is trial 1 with value: 0.55.
[I 2026-04-21 10:38:12,158] Trial 17 finished with value: 0.35 and parameters: {'C': 1.3731515929933007, 'penalty': 'l2'}. Best is trial 1 with value: 0.55.
[I 2026-04-21 10:38:12,199] Trial 18 finished with value: 0.55 and parameters: {'C': 93.43196015912538, 'penalty': 'l2'}. Best is trial 1 with value: 0.55.
[I 2026-04-21 10:38:12,231] Trial 19 finished with value: 0.45 and parameters: {'C': 11.518589054514726, 'penalty': 'l2'}. Best is trial 1 with value: 0.55.
[I 2026-04-21 10:38:12,250] Trial 20 finished with value: 0.4 and parameters: {'C': 0.033272546261716475, 'penalty': 'l2'}. Best is trial 1 with value: 0.55.
[I 2026-04-21 10:38:12,284] Trial 21 finished with value: 0.55 and parameters: {'C': 51.07554324002401, 'penalty': 'l2'}. Best is trial 1 with value: 0.55.
[I 2026-04-21 10:38:12,326] Trial 22 finished with value: 0.55 and parameters: {'C': 40.084316532165936, 'penalty': 'l2'}. Best is trial 1 with value: 0.55.
[I 2026-04-21 10:38:12,358] Trial 23 finished with value: 0.45 and parameters: {'C': 9.205606961133883, 'penalty': 'l2'}. Best is trial 1 with value: 0.55.
[I 2026-04-21 10:38:12,387] Trial 24 finished with value: 0.35 and parameters: {'C': 1.192523541488648, 'penalty': 'l2'}. Best is trial 1 with value: 0.55.
[I 2026-04-21 10:38:12,428] Trial 25 finished with value: 0.55 and parameters: {'C': 99.90615121845553, 'penalty': 'l2'}. Best is trial 1 with value: 0.55.
[I 2026-04-21 10:38:12,467] Trial 26 finished with value: 0.55 and parameters: {'C': 37.624083380080044, 'penalty': 'l2'}. Best is trial 1 with value: 0.55.
[I 2026-04-21 10:38:12,495] Trial 27 finished with value: 0.35 and parameters: {'C': 1.7034206738364657, 'penalty': 'l2'}. Best is trial 1 with value: 0.55.
[I 2026-04-21 10:38:12,523] Trial 28 finished with value: 0.45 and parameters: {'C': 9.382093166290412, 'penalty': 'l2'}. Best is trial 1 with value: 0.55.
[I 2026-04-21 10:38:12,556] Trial 29 finished with value: 0.5 and parameters: {'C': 27.81521472177772, 'penalty': 'l2'}. Best is trial 1 with value: 0.55.
[I 2026-04-21 10:38:12,630] A new study created in memory with name: knn
[I 2026-04-21 10:38:12,647] Trial 0 finished with value: 0.65 and parameters: {'n_neighbors': 9, 'leaf_size': 40, 'p': 1}. Best is trial 0 with value: 0.65.
[I 2026-04-21 10:38:12,664] Trial 1 finished with value: 0.55 and parameters: {'n_neighbors': 4, 'leaf_size': 20, 'p': 1}. Best is trial 0 with value: 0.65.
[I 2026-04-21 10:38:12,682] Trial 2 finished with value: 0.5 and parameters: {'n_neighbors': 7, 'leaf_size': 30, 'p': 1}. Best is trial 0 with value: 0.65.
[I 2026-04-21 10:38:12,699] Trial 3 finished with value: 0.65 and parameters: {'n_neighbors': 9, 'leaf_size': 34, 'p': 1}. Best is trial 0 with value: 0.65.
[I 2026-04-21 10:38:12,717] Trial 4 finished with value: 0.7 and parameters: {'n_neighbors': 5, 'leaf_size': 40, 'p': 1}. Best is trial 4 with value: 0.7.
[I 2026-04-21 10:38:12,734] Trial 5 finished with value: 0.3 and parameters: {'n_neighbors': 3, 'leaf_size': 40, 'p': 2}. Best is trial 4 with value: 0.7.
[I 2026-04-21 10:38:12,750] Trial 6 finished with value: 0.3 and parameters: {'n_neighbors': 3, 'leaf_size': 24, 'p': 2}. Best is trial 4 with value: 0.7.
[I 2026-04-21 10:38:12,764] Trial 7 finished with value: 0.6 and parameters: {'n_neighbors': 5, 'leaf_size': 40, 'p': 2}. Best is trial 4 with value: 0.7.
[I 2026-04-21 10:38:12,777] Trial 8 finished with value: 0.6 and parameters: {'n_neighbors': 6, 'leaf_size': 36, 'p': 1}. Best is trial 4 with value: 0.7.
[I 2026-04-21 10:38:12,793] Trial 9 finished with value: 0.6 and parameters: {'n_neighbors': 6, 'leaf_size': 25, 'p': 1}. Best is trial 4 with value: 0.7.
[I 2026-04-21 10:38:12,822] Trial 10 finished with value: 0.45 and parameters: {'n_neighbors': 7, 'leaf_size': 32, 'p': 2}. Best is trial 4 with value: 0.7.
[I 2026-04-21 10:38:12,847] Trial 11 finished with value: 0.5 and parameters: {'n_neighbors': 10, 'leaf_size': 37, 'p': 1}. Best is trial 4 with value: 0.7.
[I 2026-04-21 10:38:12,878] Trial 12 finished with value: 0.65 and parameters: {'n_neighbors': 9, 'leaf_size': 38, 'p': 1}. Best is trial 4 with value: 0.7.
[I 2026-04-21 10:38:12,904] Trial 13 finished with value: 0.55 and parameters: {'n_neighbors': 8, 'leaf_size': 30, 'p': 1}. Best is trial 4 with value: 0.7.
[I 2026-04-21 10:38:12,928] Trial 14 finished with value: 0.7 and parameters: {'n_neighbors': 5, 'leaf_size': 35, 'p': 1}. Best is trial 4 with value: 0.7.
[I 2026-04-21 10:38:12,954] Trial 15 finished with value: 0.7 and parameters: {'n_neighbors': 5, 'leaf_size': 34, 'p': 1}. Best is trial 4 with value: 0.7.
[I 2026-04-21 10:38:12,977] Trial 16 finished with value: 0.7 and parameters: {'n_neighbors': 5, 'leaf_size': 35, 'p': 1}. Best is trial 4 with value: 0.7.
[I 2026-04-21 10:38:13,001] Trial 17 finished with value: 0.55 and parameters: {'n_neighbors': 4, 'leaf_size': 32, 'p': 1}. Best is trial 4 with value: 0.7.
[I 2026-04-21 10:38:13,024] Trial 18 finished with value: 0.5 and parameters: {'n_neighbors': 4, 'leaf_size': 27, 'p': 2}. Best is trial 4 with value: 0.7.
[I 2026-04-21 10:38:13,049] Trial 19 finished with value: 0.6 and parameters: {'n_neighbors': 6, 'leaf_size': 32, 'p': 1}. Best is trial 4 with value: 0.7.
[I 2026-04-21 10:38:13,075] Trial 20 finished with value: 0.7 and parameters: {'n_neighbors': 5, 'leaf_size': 38, 'p': 1}. Best is trial 4 with value: 0.7.
[I 2026-04-21 10:38:13,108] Trial 21 finished with value: 0.7 and parameters: {'n_neighbors': 5, 'leaf_size': 34, 'p': 1}. Best is trial 4 with value: 0.7.
[I 2026-04-21 10:38:13,134] Trial 22 finished with value: 0.55 and parameters: {'n_neighbors': 4, 'leaf_size': 37, 'p': 1}. Best is trial 4 with value: 0.7.
