[I 2026-04-21 10:38:25,532] Trial 10 finished with value: 0.5 and parameters: {'C': 0.012287042951649943, 'gamma': 0.0002689230117214245}. Best is trial 2 with value: 0.5.
[I 2026-04-21 10:38:25,552] Trial 11 finished with value: 0.5 and parameters: {'C': 0.0685083836199246, 'gamma': 0.00012186475628831787}. Best is trial 2 with value: 0.5.
[I 2026-04-21 10:38:25,574] Trial 12 finished with value: 0.5 and parameters: {'C': 0.09275233274895828, 'gamma': 0.0006476954402755323}. Best is trial 2 with value: 0.5.
[I 2026-04-21 10:38:25,597] Trial 13 finished with value: 0.5 and parameters: {'C': 0.014175909601736779, 'gamma': 0.001036845978787215}. Best is trial 2 with value: 0.5.
[I 2026-04-21 10:38:25,617] Trial 14 finished with value: 0.5 and parameters: {'C': 0.2871830040299049, 'gamma': 0.00010080897490159832}. Best is trial 2 with value: 0.5.
[I 2026-04-21 10:38:25,638] Trial 15 finished with value: 0.5 and parameters: {'C': 0.03493028704783785, 'gamma': 0.0010605214439923056}. Best is trial 2 with value: 0.5.
[I 2026-04-21 10:38:25,659] Trial 16 finished with value: 0.5 and parameters: {'C': 0.31327568158257174, 'gamma': 0.00040657970992577774}. Best is trial 2 with value: 0.5.
[I 2026-04-21 10:38:25,683] Trial 17 finished with value: 0.35 and parameters: {'C': 5.18943783327537, 'gamma': 0.0028492886641226433}. Best is trial 2 with value: 0.5.
[I 2026-04-21 10:38:25,716] Trial 18 finished with value: 0.5 and parameters: {'C': 0.03931231946774843, 'gamma': 0.00021599297264488242}. Best is trial 2 with value: 0.5.
[I 2026-04-21 10:38:25,738] Trial 19 finished with value: 0.35 and parameters: {'C': 0.6748186580184693, 'gamma': 0.04849855299752298}. Best is trial 2 with value: 0.5.
[I 2026-04-21 10:38:25,758] Trial 20 finished with value: 0.45 and parameters: {'C': 0.21368834253765992, 'gamma': 0.0015286943028522833}. Best is trial 2 with value: 0.5.
[I 2026-04-21 10:38:25,789] Trial 21 finished with value: 0.5 and parameters: {'C': 0.011413388004612132, 'gamma': 0.000276448011785416}. Best is trial 2 with value: 0.5.
[I 2026-04-21 10:38:25,813] Trial 22 finished with value: 0.5 and parameters: {'C': 0.02714574043256838, 'gamma': 0.0002879741226959768}. Best is trial 2 with value: 0.5.
[I 2026-04-21 10:38:25,839] Trial 23 finished with value: 0.5 and parameters: {'C': 0.06983875803449507, 'gamma': 0.0005949804854458057}. Best is trial 2 with value: 0.5.
[I 2026-04-21 10:38:25,863] Trial 24 finished with value: 0.5 and parameters: {'C': 0.020540976674772237, 'gamma': 0.00014322055187960658}. Best is trial 2 with value: 0.5.
[I 2026-04-21 10:38:25,888] Trial 25 finished with value: 0.45 and parameters: {'C': 0.051331592289287215, 'gamma': 0.0016561752664279452}. Best is trial 2 with value: 0.5.
[I 2026-04-21 10:38:25,912] Trial 26 finished with value: 0.5 and parameters: {'C': 0.13559210335223806, 'gamma': 0.00045790137405280976}. Best is trial 2 with value: 0.5.
[I 2026-04-21 10:38:25,936] Trial 27 finished with value: 0.5 and parameters: {'C': 0.011106861554004269, 'gamma': 0.00021996773981539292}. Best is trial 2 with value: 0.5.
[I 2026-04-21 10:38:25,957] Trial 28 finished with value: 0.4 and parameters: {'C': 78.51358847239959, 'gamma': 0.0008944453400873199}. Best is trial 2 with value: 0.5.
[I 2026-04-21 10:38:25,978] Trial 29 finished with value: 0.25 and parameters: {'C': 0.6092861278167873, 'gamma': 0.14252128030153632}. Best is trial 2 with value: 0.5.
[I 2026-04-21 10:38:26,031] A new study created in memory with name: naive_bayes
[I 2026-04-21 10:38:26,044] Trial 0 finished with value: 0.75 and parameters: {'var_smoothing': 5.582886587978182e-09}. Best is trial 0 with value: 0.75.
[I 2026-04-21 10:38:26,058] Trial 1 finished with value: 0.75 and parameters: {'var_smoothing': 8.651299071518215e-09}. Best is trial 0 with value: 0.75.
[I 2026-04-21 10:38:26,070] Trial 2 finished with value: 0.75 and parameters: {'var_smoothing': 5.475062490474489e-09}. Best is trial 0 with value: 0.75.
[I 2026-04-21 10:38:26,083] Trial 3 finished with value: 0.75 and parameters: {'var_smoothing': 1.1526869678723134e-09}. Best is trial 0 with value: 0.75.
[I 2026-04-21 10:38:26,095] Trial 4 finished with value: 0.75 and parameters: {'var_smoothing': 2.920496270341785e-10}. Best is trial 0 with value: 0.75.
[I 2026-04-21 10:38:26,108] Trial 5 finished with value: 0.75 and parameters: {'var_smoothing': 1.0538956417705805e-10}. Best is trial 0 with value: 0.75.
[I 2026-04-21 10:38:26,121] Trial 6 finished with value: 0.75 and parameters: {'var_smoothing': 7.260016982331591e-10}. Best is trial 0 with value: 0.75.
[I 2026-04-21 10:38:26,134] Trial 7 finished with value: 0.75 and parameters: {'var_smoothing': 6.378267364653917e-10}. Best is trial 0 with value: 0.75.
[I 2026-04-21 10:38:26,159] Trial 8 finished with value: 0.75 and parameters: {'var_smoothing': 1.1100673847791952e-09}. Best is trial 0 with value: 0.75.
[I 2026-04-21 10:38:26,174] Trial 9 finished with value: 0.75 and parameters: {'var_smoothing': 9.052813879088377e-10}. Best is trial 0 with value: 0.75.
[I 2026-04-21 10:38:26,195] Trial 10 finished with value: 0.75 and parameters: {'var_smoothing': 3.20543606083287e-09}. Best is trial 0 with value: 0.75.
[I 2026-04-21 10:38:26,216] Trial 11 finished with value: 0.75 and parameters: {'var_smoothing': 8.433965140342417e-09}. Best is trial 0 with value: 0.75.
[I 2026-04-21 10:38:26,238] Trial 12 finished with value: 0.75 and parameters: {'var_smoothing': 2.860874278982245e-09}. Best is trial 0 with value: 0.75.
[I 2026-04-21 10:38:26,259] Trial 13 finished with value: 0.75 and parameters: {'var_smoothing': 9.270349036178526e-09}. Best is trial 0 with value: 0.75.
[I 2026-04-21 10:38:26,279] Trial 14 finished with value: 0.75 and parameters: {'var_smoothing': 3.13069447640915e-09}. Best is trial 0 with value: 0.75.
[I 2026-04-21 10:38:26,297] Trial 15 finished with value: 0.75 and parameters: {'var_smoothing': 5.223604886811285e-09}. Best is trial 0 with value: 0.75.
[I 2026-04-21 10:38:26,319] Trial 16 finished with value: 0.75 and parameters: {'var_smoothing': 2.0295724993447026e-09}. Best is trial 0 with value: 0.75.
[I 2026-04-21 10:38:26,339] Trial 17 finished with value: 0.75 and parameters: {'var_smoothing': 5.880433102756661e-09}. Best is trial 0 with value: 0.75.
[I 2026-04-21 10:38:26,359] Trial 18 finished with value: 0.75 and parameters: {'var_smoothing': 1.6980964875204416e-09}. Best is trial 0 with value: 0.75.
[I 2026-04-21 10:38:26,378] Trial 19 finished with value: 0.75 and parameters: {'var_smoothing': 4.2955625192244405e-09}. Best is trial 0 with value: 0.75.
[I 2026-04-21 10:38:26,398] Trial 20 finished with value: 0.75 and parameters: {'var_smoothing': 9.833771947222685e-09}. Best is trial 0 with value: 0.75.
[I 2026-04-21 10:38:26,418] Trial 21 finished with value: 0.75 and parameters: {'var_smoothing': 6.0482464086364635e-09}. Best is trial 0 with value: 0.75.
[I 2026-04-21 10:38:26,441] Trial 22 finished with value: 0.75 and parameters: {'var_smoothing': 4.537628481410357e-09}. Best is trial 0 with value: 0.75.
[I 2026-04-21 10:38:26,462] Trial 23 finished with value: 0.75 and parameters: {'var_smoothing': 6.750528289210463e-09}. Best is trial 0 with value: 0.75.
[I 2026-04-21 10:38:26,492] Trial 24 finished with value: 0.75 and parameters: {'var_smoothing': 2.2780337647355764e-09}. Best is trial 0 with value: 0.75.
[I 2026-04-21 10:38:26,512] Trial 25 finished with value: 0.75 and parameters: {'var_smoothing': 3.986918574074946e-09}. Best is trial 0 with value: 0.75.
[I 2026-04-21 10:38:26,530] Trial 26 finished with value: 0.75 and parameters: {'var_smoothing': 1.7707565248297843e-09}. Best is trial 0 with value: 0.75.
[I 2026-04-21 10:38:26,547] Trial 27 finished with value: 0.75 and parameters: {'var_smoothing': 6.732492847962814e-09}. Best is trial 0 with value: 0.75.
[I 2026-04-21 10:38:26,566] Trial 28 finished with value: 0.75 and parameters: {'var_smoothing': 3.8684773890893174e-10}. Best is trial 0 with value: 0.75.
[I 2026-04-21 10:38:26,584] Trial 29 finished with value: 0.75 and parameters: {'var_smoothing': 1.5480090897085013e-09}. Best is trial 0 with value: 0.75.
[I 2026-04-21 10:38:26,621] A new study created in memory with name: logreg
[I 2026-04-21 10:38:26,646] Trial 0 finished with value: 0.6 and parameters: {'C': 23.288794782471303, 'penalty': 'l2'}. Best is trial 0 with value: 0.6.
[I 2026-04-21 10:38:26,672] Trial 1 finished with value: 0.55 and parameters: {'C': 69.61507800412923, 'penalty': 'l2'}. Best is trial 0 with value: 0.6.
[I 2026-04-21 10:38:26,698] Trial 2 finished with value: 0.6 and parameters: {'C': 22.180569925473442, 'penalty': 'l2'}. Best is trial 0 with value: 0.6.
[I 2026-04-21 10:38:26,713] Trial 3 finished with value: 0.4 and parameters: {'C': 0.4511058486037652, 'penalty': 'l2'}. Best is trial 0 with value: 0.6.
[I 2026-04-21 10:38:26,726] Trial 4 finished with value: 0.4 and parameters: {'C': 0.014576110093994574, 'penalty': 'l2'}. Best is trial 0 with value: 0.6.
[I 2026-04-21 10:38:26,750] Trial 5 finished with value: 0.45 and parameters: {'C': 0.0011402340906886685, 'penalty': 'l2'}. Best is trial 0 with value: 0.6.
[I 2026-04-21 10:38:26,766] Trial 6 finished with value: 0.45 and parameters: {'C': 0.14201822862985758, 'penalty': 'l2'}. Best is trial 0 with value: 0.6.
[I 2026-04-21 10:38:26,781] Trial 7 finished with value: 0.45 and parameters: {'C': 0.1027440782219989, 'penalty': 'l2'}. Best is trial 0 with value: 0.6.
[I 2026-04-21 10:38:26,795] Trial 8 finished with value: 0.4 and parameters: {'C': 0.41055690122086846, 'penalty': 'l2'}. Best is trial 0 with value: 0.6.
[I 2026-04-21 10:38:26,808] Trial 9 finished with value: 0.45 and parameters: {'C': 0.24658064201770763, 'penalty': 'l2'}. Best is trial 0 with value: 0.6.
[I 2026-04-21 10:38:26,833] Trial 10 finished with value: 0.65 and parameters: {'C': 5.817250906722227, 'penalty': 'l2'}. Best is trial 10 with value: 0.65.
[I 2026-04-21 10:38:26,858] Trial 11 finished with value: 0.65 and parameters: {'C': 6.18398619186797, 'penalty': 'l2'}. Best is trial 10 with value: 0.65.
[I 2026-04-21 10:38:26,884] Trial 12 finished with value: 0.65 and parameters: {'C': 3.8314108047317816, 'penalty': 'l2'}. Best is trial 10 with value: 0.65.
[I 2026-04-21 10:38:26,921] Trial 13 finished with value: 0.65 and parameters: {'C': 3.2764970898979553, 'penalty': 'l2'}. Best is trial 10 with value: 0.65.
[I 2026-04-21 10:38:26,952] Trial 14 finished with value: 0.65 and parameters: {'C': 3.160059566198766, 'penalty': 'l2'}. Best is trial 10 with value: 0.65.
[I 2026-04-21 10:38:26,971] Trial 15 finished with value: 0.65 and parameters: {'C': 11.893330647537102, 'penalty': 'l2'}. Best is trial 10 with value: 0.65.
[I 2026-04-21 10:38:27,001] Trial 16 finished with value: 0.55 and parameters: {'C': 1.3179777809870823, 'penalty': 'l2'}. Best is trial 10 with value: 0.65.
[I 2026-04-21 10:38:27,031] Trial 17 finished with value: 0.55 and parameters: {'C': 87.38734349714944, 'penalty': 'l2'}. Best is trial 10 with value: 0.65.
[I 2026-04-21 10:38:27,060] Trial 18 finished with value: 0.4 and parameters: {'C': 0.03955529549923813, 'penalty': 'l2'}. Best is trial 10 with value: 0.65.
[I 2026-04-21 10:38:27,089] Trial 19 finished with value: 0.65 and parameters: {'C': 10.233271997495898, 'penalty': 'l2'}. Best is trial 10 with value: 0.65.
[I 2026-04-21 10:38:27,118] Trial 20 finished with value: 0.5 and parameters: {'C': 0.9927135943472445, 'penalty': 'l2'}. Best is trial 10 with value: 0.65.
[I 2026-04-21 10:38:27,148] Trial 21 finished with value: 0.65 and parameters: {'C': 4.062967490316073, 'penalty': 'l2'}. Best is trial 10 with value: 0.65.
[I 2026-04-21 10:38:27,179] Trial 22 finished with value: 0.55 and parameters: {'C': 1.320013505908181, 'penalty': 'l2'}. Best is trial 10 with value: 0.65.
[I 2026-04-21 10:38:27,208] Trial 23 finished with value: 0.65 and parameters: {'C': 7.690888008585002, 'penalty': 'l2'}. Best is trial 10 with value: 0.65.
[I 2026-04-21 10:38:27,239] Trial 24 finished with value: 0.6 and parameters: {'C': 34.45076114853522, 'penalty': 'l2'}. Best is trial 10 with value: 0.65.
[I 2026-04-21 10:38:27,267] Trial 25 finished with value: 0.65 and parameters: {'C': 4.455059721722312, 'penalty': 'l2'}. Best is trial 10 with value: 0.65.
[I 2026-04-21 10:38:27,285] Trial 26 finished with value: 0.55 and parameters: {'C': 1.4771677558707732, 'penalty': 'l2'}. Best is trial 10 with value: 0.65.
[I 2026-04-21 10:38:27,312] Trial 27 finished with value: 0.65 and parameters: {'C': 11.800434751467252, 'penalty': 'l2'}. Best is trial 10 with value: 0.65.
[I 2026-04-21 10:38:27,338] Trial 28 finished with value: 0.6 and parameters: {'C': 45.32069900393643, 'penalty': 'l2'}. Best is trial 10 with value: 0.65.
[I 2026-04-21 10:38:27,364] Trial 29 finished with value: 0.6 and parameters: {'C': 24.87764316244904, 'penalty': 'l2'}. Best is trial 10 with value: 0.65.
[I 2026-04-21 10:38:27,408] A new study created in memory with name: knn
[I 2026-04-21 10:38:27,422] Trial 0 finished with value: 0.65 and parameters: {'n_neighbors': 9, 'leaf_size': 40, 'p': 1}. Best is trial 0 with value: 0.65.
[I 2026-04-21 10:38:27,437] Trial 1 finished with value: 0.55 and parameters: {'n_neighbors': 4, 'leaf_size': 20, 'p': 1}. Best is trial 0 with value: 0.65.
[I 2026-04-21 10:38:27,450] Trial 2 finished with value: 0.8 and parameters: {'n_neighbors': 7, 'leaf_size': 30, 'p': 1}. Best is trial 2 with value: 0.8.
[I 2026-04-21 10:38:27,464] Trial 3 finished with value: 0.65 and parameters: {'n_neighbors': 9, 'leaf_size': 34, 'p': 1}. Best is trial 2 with value: 0.8.
[I 2026-04-21 10:38:27,479] Trial 4 finished with value: 0.6 and parameters: {'n_neighbors': 5, 'leaf_size': 40, 'p': 1}. Best is trial 2 with value: 0.8.
[I 2026-04-21 10:38:27,494] Trial 5 finished with value: 0.3 and parameters: {'n_neighbors': 3, 'leaf_size': 40, 'p': 2}. Best is trial 2 with value: 0.8.
[I 2026-04-21 10:38:27,511] Trial 6 finished with value: 0.3 and parameters: {'n_neighbors': 3, 'leaf_size': 24, 'p': 2}. Best is trial 2 with value: 0.8.
[I 2026-04-21 10:38:27,527] Trial 7 finished with value: 0.6 and parameters: {'n_neighbors': 5, 'leaf_size': 40, 'p': 2}. Best is trial 2 with value: 0.8.
[I 2026-04-21 10:38:27,541] Trial 8 finished with value: 0.6 and parameters: {'n_neighbors': 6, 'leaf_size': 36, 'p': 1}. Best is trial 2 with value: 0.8.
[I 2026-04-21 10:38:27,557] Trial 9 finished with value: 0.6 and parameters: {'n_neighbors': 6, 'leaf_size': 25, 'p': 1}. Best is trial 2 with value: 0.8.
[I 2026-04-21 10:38:27,580] Trial 10 finished with value: 0.65 and parameters: {'n_neighbors': 8, 'leaf_size': 30, 'p': 2}. Best is trial 2 with value: 0.8.
[I 2026-04-21 10:38:27,605] Trial 11 finished with value: 0.5 and parameters: {'n_neighbors': 10, 'leaf_size': 30, 'p': 1}. Best is trial 2 with value: 0.8.
[I 2026-04-21 10:38:27,636] Trial 12 finished with value: 0.7 and parameters: {'n_neighbors': 8, 'leaf_size': 34, 'p': 1}. Best is trial 2 with value: 0.8.
[I 2026-04-21 10:38:27,661] Trial 13 finished with value: 0.8 and parameters: {'n_neighbors': 7, 'leaf_size': 30, 'p': 1}. Best is trial 2 with value: 0.8.
[I 2026-04-21 10:38:27,683] Trial 14 finished with value: 0.8 and parameters: {'n_neighbors': 7, 'leaf_size': 29, 'p': 1}. Best is trial 2 with value: 0.8.
[I 2026-04-21 10:38:27,706] Trial 15 finished with value: 0.8 and parameters: {'n_neighbors': 7, 'leaf_size': 27, 'p': 1}. Best is trial 2 with value: 0.8.
[I 2026-04-21 10:38:27,731] Trial 16 finished with value: 0.7 and parameters: {'n_neighbors': 8, 'leaf_size': 32, 'p': 1}. Best is trial 2 with value: 0.8.
[I 2026-04-21 10:38:27,758] Trial 17 finished with value: 0.6 and parameters: {'n_neighbors': 5, 'leaf_size': 27, 'p': 1}. Best is trial 2 with value: 0.8.
[I 2026-04-21 10:38:27,782] Trial 18 finished with value: 0.65 and parameters: {'n_neighbors': 7, 'leaf_size': 22, 'p': 2}. Best is trial 2 with value: 0.8.
[I 2026-04-21 10:38:27,807] Trial 19 finished with value: 0.6 and parameters: {'n_neighbors': 6, 'leaf_size': 32, 'p': 1}. Best is trial 2 with value: 0.8.
[I 2026-04-21 10:38:27,835] Trial 20 finished with value: 0.5 and parameters: {'n_neighbors': 10, 'leaf_size': 36, 'p': 1}. Best is trial 2 with value: 0.8.
[I 2026-04-21 10:38:27,860] Trial 21 finished with value: 0.8 and parameters: {'n_neighbors': 7, 'leaf_size': 28, 'p': 1}. Best is trial 2 with value: 0.8.
[I 2026-04-21 10:38:27,887] Trial 22 finished with value: 0.8 and parameters: {'n_neighbors': 7, 'leaf_size': 29, 'p': 1}. Best is trial 2 with value: 0.8.
[I 2026-04-21 10:38:27,912] Trial 23 finished with value: 0.7 and parameters: {'n_neighbors': 8, 'leaf_size': 32, 'p': 1}. Best is trial 2 with value: 0.8.
[I 2026-04-21 10:38:27,938] Trial 24 finished with value: 0.65 and parameters: {'n_neighbors': 9, 'leaf_size': 25, 'p': 1}. Best is trial 2 with value: 0.8.
[I 2026-04-21 10:38:27,964] Trial 25 finished with value: 0.6 and parameters: {'n_neighbors': 6, 'leaf_size': 31, 'p': 1}. Best is trial 2 with value: 0.8.
[I 2026-04-21 10:38:27,986] Trial 26 finished with value: 0.65 and parameters: {'n_neighbors': 7, 'leaf_size': 28, 'p': 2}. Best is trial 2 with value: 0.8.
[I 2026-04-21 10:38:28,009] Trial 27 finished with value: 0.7 and parameters: {'n_neighbors': 8, 'leaf_size': 35, 'p': 1}. Best is trial 2 with value: 0.8.
[I 2026-04-21 10:38:28,034] Trial 28 finished with value: 0.6 and parameters: {'n_neighbors': 5, 'leaf_size': 27, 'p': 1}. Best is trial 2 with value: 0.8.
[I 2026-04-21 10:38:28,060] Trial 29 finished with value: 0.65 and parameters: {'n_neighbors': 9, 'leaf_size': 33, 'p': 1}. Best is trial 2 with value: 0.8.
[I 2026-04-21 10:38:28,100] A new study created in memory with name: xgb
[I 2026-04-21 10:38:28,124] Trial 0 finished with value: 0.65 and parameters: {'n_estimators': 40, 'max_depth': 5, 'gamma': 0.4874219364632415, 'subsample': 0.7011756800186824, 'colsample_bytree': 0.7613373356762848}. Best is trial 0 with value: 0.65.
[I 2026-04-21 10:38:28,148] Trial 1 finished with value: 0.65 and parameters: {'n_estimators': 40, 'max_depth': 5, 'gamma': 0.483482593428573, 'subsample': 0.6445375140090439, 'colsample_bytree': 0.9869276206002231}. Best is trial 0 with value: 0.65.
[I 2026-04-21 10:38:28,174] Trial 2 finished with value: 0.55 and parameters: {'n_estimators': 10, 'max_depth': 5, 'gamma': 0.16384856027517886, 'subsample': 0.6123849694840227, 'colsample_bytree': 0.6968174574718025}. Best is trial 0 with value: 0.65.
[I 2026-04-21 10:38:28,209] Trial 3 finished with value: 0.6 and parameters: {'n_estimators': 100, 'max_depth': 30, 'gamma': 0.7877441182293641, 'subsample': 0.9694019566553859, 'colsample_bytree': 0.6598448982335139}. Best is trial 0 with value: 0.65.
[I 2026-04-21 10:38:28,249] Trial 4 finished with value: 0.6 and parameters: {'n_estimators': 100, 'max_depth': 5, 'gamma': 0.816017102586079, 'subsample': 0.5160040782128984, 'colsample_bytree': 0.7277239110529665}. Best is trial 0 with value: 0.65.
[I 2026-04-21 10:38:28,275] Trial 5 finished with value: 0.5 and parameters: {'n_estimators': 40, 'max_depth': 20, 'gamma': 0.6643500821697236, 'subsample': 0.6076588997363731, 'colsample_bytree': 0.5754850538287481}. Best is trial 0 with value: 0.65.
[I 2026-04-21 10:38:28,314] Trial 6 finished with value: 0.7 and parameters: {'n_estimators': 100, 'max_depth': 20, 'gamma': 0.6361752212866232, 'subsample': 0.8309913561372338, 'colsample_bytree': 0.7552902276266351}. Best is trial 6 with value: 0.7.
[I 2026-04-21 10:38:28,343] Trial 7 finished with value: 0.65 and parameters: {'n_estimators': 10, 'max_depth': 5, 'gamma': 0.5767347850317142, 'subsample': 0.7995431264700696, 'colsample_bytree': 0.8604622333437917}. Best is trial 6 with value: 0.7.
[I 2026-04-21 10:38:28,382] Trial 8 finished with value: 0.65 and parameters: {'n_estimators': 100, 'max_depth': 20, 'gamma': 0.8470554948938058, 'subsample': 0.860339005739911, 'colsample_bytree': 0.9331308414408237}. Best is trial 6 with value: 0.7.
[I 2026-04-21 10:38:28,422] Trial 9 finished with value: 0.7 and parameters: {'n_estimators': 100, 'max_depth': 30, 'gamma': 0.574951454577921, 'subsample': 0.9696020680119358, 'colsample_bytree': 0.8616917074936369}. Best is trial 6 with value: 0.7.
[I 2026-04-21 10:38:28,472] Trial 10 finished with value: 0.7 and parameters: {'n_estimators': 100, 'max_depth': 20, 'gamma': 0.25114105728599195, 'subsample': 0.8583909470234251, 'colsample_bytree': 0.525322130410742}. Best is trial 6 with value: 0.7.
[I 2026-04-21 10:38:28,524] Trial 11 finished with value: 0.6 and parameters: {'n_estimators': 100, 'max_depth': 30, 'gamma': 0.9894607367239925, 'subsample': 0.9956060357211547, 'colsample_bytree': 0.8268864245962424}. Best is trial 6 with value: 0.7.
[I 2026-04-21 10:38:28,573] Trial 12 finished with value: 0.7 and parameters: {'n_estimators': 100, 'max_depth': 30, 'gamma': 0.3724367138266351, 'subsample': 0.9042898603075972, 'colsample_bytree': 0.8393900392125123}. Best is trial 6 with value: 0.7.
[I 2026-04-21 10:38:28,621] Trial 13 finished with value: 0.65 and parameters: {'n_estimators': 100, 'max_depth': 30, 'gamma': 0.6769620736404828, 'subsample': 0.7690017755306532, 'colsample_bytree': 0.7889507199003789}. Best is trial 6 with value: 0.7.
[I 2026-04-21 10:38:28,659] Trial 14 finished with value: 0.7 and parameters: {'n_estimators': 100, 'max_depth': 20, 'gamma': 0.355001213837357, 'subsample': 0.9321647999714358, 'colsample_bytree': 0.8982183333929101}. Best is trial 6 with value: 0.7.
[I 2026-04-21 10:38:28,699] Trial 15 finished with value: 0.6 and parameters: {'n_estimators': 10, 'max_depth': 30, 'gamma': 0.623527904466172, 'subsample': 0.8313087707962743, 'colsample_bytree': 0.6415557347917157}. Best is trial 6 with value: 0.7.
