[I 2026-04-21 10:37:15,832] Trial 2 finished with value: 1.0 and parameters: {'C': 0.15561310098067915, 'penalty': 'l2'}. Best is trial 0 with value: 1.0.
[I 2026-04-21 10:37:15,856] Trial 3 finished with value: 1.0 and parameters: {'C': 4.143104515916128, 'penalty': 'l2'}. Best is trial 0 with value: 1.0.
[I 2026-04-21 10:37:15,879] Trial 4 finished with value: 1.0 and parameters: {'C': 77.61533923098803, 'penalty': 'l2'}. Best is trial 0 with value: 1.0.
[I 2026-04-21 10:37:15,905] Trial 5 finished with value: 1.0 and parameters: {'C': 0.49258292359934785, 'penalty': 'l2'}. Best is trial 0 with value: 1.0.
[I 2026-04-21 10:37:15,928] Trial 6 finished with value: 1.0 and parameters: {'C': 0.320333470047146, 'penalty': 'l2'}. Best is trial 0 with value: 1.0.
[I 2026-04-21 10:37:15,951] Trial 7 finished with value: 1.0 and parameters: {'C': 0.002292216671132896, 'penalty': 'l2'}. Best is trial 0 with value: 1.0.
[I 2026-04-21 10:37:15,974] Trial 8 finished with value: 1.0 and parameters: {'C': 0.0219884643872214, 'penalty': 'l2'}. Best is trial 0 with value: 1.0.
[I 2026-04-21 10:37:15,999] Trial 9 finished with value: 1.0 and parameters: {'C': 0.31580027519646636, 'penalty': 'l2'}. Best is trial 0 with value: 1.0.
[I 2026-04-21 10:37:16,030] Trial 10 finished with value: 1.0 and parameters: {'C': 0.005028545732690317, 'penalty': 'l2'}. Best is trial 0 with value: 1.0.
[I 2026-04-21 10:37:16,049] Trial 11 finished with value: 1.0 and parameters: {'C': 15.514850032264519, 'penalty': 'l2'}. Best is trial 0 with value: 1.0.
[I 2026-04-21 10:37:16,077] Trial 12 finished with value: 1.0 and parameters: {'C': 3.8533453410664578, 'penalty': 'l2'}. Best is trial 0 with value: 1.0.
[I 2026-04-21 10:37:16,109] Trial 13 finished with value: 1.0 and parameters: {'C': 0.04053444936620892, 'penalty': 'l2'}. Best is trial 0 with value: 1.0.
[I 2026-04-21 10:37:16,126] Trial 14 finished with value: 1.0 and parameters: {'C': 3.6189108554787492, 'penalty': 'l2'}. Best is trial 0 with value: 1.0.
[I 2026-04-21 10:37:16,148] Trial 15 finished with value: 1.0 and parameters: {'C': 76.85235596180026, 'penalty': 'l2'}. Best is trial 0 with value: 1.0.
[I 2026-04-21 10:37:16,180] Trial 16 finished with value: 1.0 and parameters: {'C': 0.012579852256827942, 'penalty': 'l2'}. Best is trial 0 with value: 1.0.
[I 2026-04-21 10:37:16,212] Trial 17 finished with value: 1.0 and parameters: {'C': 0.0010299038925161348, 'penalty': 'l2'}. Best is trial 0 with value: 1.0.
[I 2026-04-21 10:37:16,240] Trial 18 finished with value: 1.0 and parameters: {'C': 0.059497234598840446, 'penalty': 'l2'}. Best is trial 0 with value: 1.0.
[I 2026-04-21 10:37:16,266] Trial 19 finished with value: 1.0 and parameters: {'C': 1.326095734760134, 'penalty': 'l2'}. Best is trial 0 with value: 1.0.
[I 2026-04-21 10:37:16,281] Trial 20 finished with value: 1.0 and parameters: {'C': 20.37422894544439, 'penalty': 'l2'}. Best is trial 0 with value: 1.0.
[I 2026-04-21 10:37:16,309] Trial 21 finished with value: 1.0 and parameters: {'C': 0.09630987969657057, 'penalty': 'l2'}. Best is trial 0 with value: 1.0.
[I 2026-04-21 10:37:16,335] Trial 22 finished with value: 1.0 and parameters: {'C': 0.007221035226805926, 'penalty': 'l2'}. Best is trial 0 with value: 1.0.
[I 2026-04-21 10:37:16,364] Trial 23 finished with value: 1.0 and parameters: {'C': 0.1168231874682798, 'penalty': 'l2'}. Best is trial 0 with value: 1.0.
[I 2026-04-21 10:37:16,396] Trial 24 finished with value: 1.0 and parameters: {'C': 1.07327131370564, 'penalty': 'l2'}. Best is trial 0 with value: 1.0.
[I 2026-04-21 10:37:16,419] Trial 25 finished with value: 1.0 and parameters: {'C': 22.030149283850154, 'penalty': 'l2'}. Best is trial 0 with value: 1.0.
[I 2026-04-21 10:37:16,436] Trial 26 finished with value: 1.0 and parameters: {'C': 0.001031036222242501, 'penalty': 'l2'}. Best is trial 0 with value: 1.0.
[I 2026-04-21 10:37:16,463] Trial 27 finished with value: 1.0 and parameters: {'C': 8.329961743648088, 'penalty': 'l2'}. Best is trial 0 with value: 1.0.
[I 2026-04-21 10:37:16,492] Trial 28 finished with value: 1.0 and parameters: {'C': 0.18460133021462113, 'penalty': 'l2'}. Best is trial 0 with value: 1.0.
[I 2026-04-21 10:37:16,523] Trial 29 finished with value: 1.0 and parameters: {'C': 1.4482571960680461, 'penalty': 'l2'}. Best is trial 0 with value: 1.0.
[I 2026-04-21 10:37:16,588] A new study created in memory with name: knn
[I 2026-04-21 10:37:16,604] Trial 0 finished with value: 1.0 and parameters: {'n_neighbors': 3, 'leaf_size': 36, 'p': 2}. Best is trial 0 with value: 1.0.
[I 2026-04-21 10:37:16,617] Trial 1 finished with value: 0.95 and parameters: {'n_neighbors': 10, 'leaf_size': 31, 'p': 1}. Best is trial 0 with value: 1.0.
[I 2026-04-21 10:37:16,629] Trial 2 finished with value: 0.95 and parameters: {'n_neighbors': 5, 'leaf_size': 30, 'p': 2}. Best is trial 0 with value: 1.0.
[I 2026-04-21 10:37:16,643] Trial 3 finished with value: 0.95 and parameters: {'n_neighbors': 6, 'leaf_size': 21, 'p': 2}. Best is trial 0 with value: 1.0.
[I 2026-04-21 10:37:16,656] Trial 4 finished with value: 0.9 and parameters: {'n_neighbors': 4, 'leaf_size': 29, 'p': 1}. Best is trial 0 with value: 1.0.
[I 2026-04-21 10:37:16,668] Trial 5 finished with value: 0.9 and parameters: {'n_neighbors': 7, 'leaf_size': 39, 'p': 2}. Best is trial 0 with value: 1.0.
[I 2026-04-21 10:37:16,683] Trial 6 finished with value: 0.95 and parameters: {'n_neighbors': 10, 'leaf_size': 22, 'p': 2}. Best is trial 0 with value: 1.0.
[I 2026-04-21 10:37:16,698] Trial 7 finished with value: 0.95 and parameters: {'n_neighbors': 8, 'leaf_size': 29, 'p': 2}. Best is trial 0 with value: 1.0.
[I 2026-04-21 10:37:16,711] Trial 8 finished with value: 0.95 and parameters: {'n_neighbors': 5, 'leaf_size': 30, 'p': 2}. Best is trial 0 with value: 1.0.
[I 2026-04-21 10:37:16,726] Trial 9 finished with value: 0.8 and parameters: {'n_neighbors': 9, 'leaf_size': 26, 'p': 1}. Best is trial 0 with value: 1.0.
[I 2026-04-21 10:37:16,749] Trial 10 finished with value: 0.9 and parameters: {'n_neighbors': 4, 'leaf_size': 38, 'p': 1}. Best is trial 0 with value: 1.0.
[I 2026-04-21 10:37:16,773] Trial 11 finished with value: 1.0 and parameters: {'n_neighbors': 3, 'leaf_size': 35, 'p': 1}. Best is trial 0 with value: 1.0.
[I 2026-04-21 10:37:16,794] Trial 12 finished with value: 1.0 and parameters: {'n_neighbors': 3, 'leaf_size': 35, 'p': 1}. Best is trial 0 with value: 1.0.
[I 2026-04-21 10:37:16,820] Trial 13 finished with value: 1.0 and parameters: {'n_neighbors': 3, 'leaf_size': 35, 'p': 1}. Best is trial 0 with value: 1.0.
[I 2026-04-21 10:37:16,846] Trial 14 finished with value: 1.0 and parameters: {'n_neighbors': 3, 'leaf_size': 35, 'p': 2}. Best is trial 0 with value: 1.0.
[I 2026-04-21 10:37:16,872] Trial 15 finished with value: 0.95 and parameters: {'n_neighbors': 5, 'leaf_size': 33, 'p': 1}. Best is trial 0 with value: 1.0.
[I 2026-04-21 10:37:16,895] Trial 16 finished with value: 0.9 and parameters: {'n_neighbors': 4, 'leaf_size': 40, 'p': 1}. Best is trial 0 with value: 1.0.
[I 2026-04-21 10:37:16,921] Trial 17 finished with value: 0.95 and parameters: {'n_neighbors': 6, 'leaf_size': 37, 'p': 2}. Best is trial 0 with value: 1.0.
[I 2026-04-21 10:37:16,943] Trial 18 finished with value: 0.9 and parameters: {'n_neighbors': 7, 'leaf_size': 33, 'p': 1}. Best is trial 0 with value: 1.0.
[I 2026-04-21 10:37:16,970] Trial 19 finished with value: 1.0 and parameters: {'n_neighbors': 3, 'leaf_size': 26, 'p': 2}. Best is trial 0 with value: 1.0.
[I 2026-04-21 10:37:16,993] Trial 20 finished with value: 0.95 and parameters: {'n_neighbors': 4, 'leaf_size': 36, 'p': 2}. Best is trial 0 with value: 1.0.
[I 2026-04-21 10:37:17,015] Trial 21 finished with value: 1.0 and parameters: {'n_neighbors': 3, 'leaf_size': 33, 'p': 1}. Best is trial 0 with value: 1.0.
[I 2026-04-21 10:37:17,041] Trial 22 finished with value: 1.0 and parameters: {'n_neighbors': 3, 'leaf_size': 34, 'p': 1}. Best is trial 0 with value: 1.0.
[I 2026-04-21 10:37:17,068] Trial 23 finished with value: 0.9 and parameters: {'n_neighbors': 4, 'leaf_size': 38, 'p': 1}. Best is trial 0 with value: 1.0.
[I 2026-04-21 10:37:17,095] Trial 24 finished with value: 0.95 and parameters: {'n_neighbors': 5, 'leaf_size': 36, 'p': 1}. Best is trial 0 with value: 1.0.
[I 2026-04-21 10:37:17,118] Trial 25 finished with value: 1.0 and parameters: {'n_neighbors': 3, 'leaf_size': 32, 'p': 1}. Best is trial 0 with value: 1.0.
[I 2026-04-21 10:37:17,144] Trial 26 finished with value: 0.9 and parameters: {'n_neighbors': 4, 'leaf_size': 40, 'p': 1}. Best is trial 0 with value: 1.0.
[I 2026-04-21 10:37:17,168] Trial 27 finished with value: 1.0 and parameters: {'n_neighbors': 3, 'leaf_size': 37, 'p': 1}. Best is trial 0 with value: 1.0.
[I 2026-04-21 10:37:17,195] Trial 28 finished with value: 0.95 and parameters: {'n_neighbors': 6, 'leaf_size': 35, 'p': 2}. Best is trial 0 with value: 1.0.
[I 2026-04-21 10:37:17,218] Trial 29 finished with value: 0.95 and parameters: {'n_neighbors': 5, 'leaf_size': 32, 'p': 1}. Best is trial 0 with value: 1.0.
[I 2026-04-21 10:37:17,272] A new study created in memory with name: xgb
[I 2026-04-21 10:37:17,297] Trial 0 finished with value: 0.9 and parameters: {'n_estimators': 40, 'max_depth': 20, 'gamma': 0.5510084172939441, 'subsample': 0.5360255666798808, 'colsample_bytree': 0.6342194900509356}. Best is trial 0 with value: 0.9.
[I 2026-04-21 10:37:17,335] Trial 1 finished with value: 0.9 and parameters: {'n_estimators': 100, 'max_depth': 5, 'gamma': 0.9186341749476523, 'subsample': 0.6066926767899578, 'colsample_bytree': 0.7260619809088416}. Best is trial 0 with value: 0.9.
[I 2026-04-21 10:37:17,363] Trial 2 finished with value: 0.8 and parameters: {'n_estimators': 10, 'max_depth': 5, 'gamma': 0.9182155373980582, 'subsample': 0.566584722879625, 'colsample_bytree': 0.761706290336883}. Best is trial 0 with value: 0.9.
[I 2026-04-21 10:37:17,391] Trial 3 finished with value: 0.85 and parameters: {'n_estimators': 10, 'max_depth': 20, 'gamma': 0.5296610393664296, 'subsample': 0.6829451928902965, 'colsample_bytree': 0.9189589971546304}. Best is trial 0 with value: 0.9.
[I 2026-04-21 10:37:17,419] Trial 4 finished with value: 0.9 and parameters: {'n_estimators': 10, 'max_depth': 20, 'gamma': 0.6916595165017824, 'subsample': 0.6851755414940176, 'colsample_bytree': 0.7295464889457157}. Best is trial 0 with value: 0.9.
[I 2026-04-21 10:37:17,456] Trial 5 finished with value: 0.85 and parameters: {'n_estimators': 100, 'max_depth': 20, 'gamma': 0.48380821541644814, 'subsample': 0.8171899343169193, 'colsample_bytree': 0.7614531005141727}. Best is trial 0 with value: 0.9.
[I 2026-04-21 10:37:17,484] Trial 6 finished with value: 0.95 and parameters: {'n_estimators': 10, 'max_depth': 5, 'gamma': 0.9599214907026333, 'subsample': 0.8414569271877088, 'colsample_bytree': 0.5265643453364788}. Best is trial 6 with value: 0.95.
[I 2026-04-21 10:37:17,522] Trial 7 finished with value: 0.95 and parameters: {'n_estimators': 40, 'max_depth': 5, 'gamma': 0.5250915966595621, 'subsample': 0.9207383574491986, 'colsample_bytree': 0.565555321173957}. Best is trial 6 with value: 0.95.
[I 2026-04-21 10:37:17,560] Trial 8 finished with value: 0.9 and parameters: {'n_estimators': 100, 'max_depth': 5, 'gamma': 0.3919835527051987, 'subsample': 0.6502094521590198, 'colsample_bytree': 0.5827507002328938}. Best is trial 6 with value: 0.95.
[I 2026-04-21 10:37:17,598] Trial 9 finished with value: 0.85 and parameters: {'n_estimators': 100, 'max_depth': 5, 'gamma': 0.8003922413895069, 'subsample': 0.9436444759263674, 'colsample_bytree': 0.8374593849333938}. Best is trial 6 with value: 0.95.
[I 2026-04-21 10:37:17,636] Trial 10 finished with value: 0.95 and parameters: {'n_estimators': 10, 'max_depth': 30, 'gamma': 0.13445536345660636, 'subsample': 0.8170364712994619, 'colsample_bytree': 0.5433432253863063}. Best is trial 6 with value: 0.95.
[I 2026-04-21 10:37:17,677] Trial 11 finished with value: 0.95 and parameters: {'n_estimators': 40, 'max_depth': 5, 'gamma': 0.2681645700627216, 'subsample': 0.9892181678343368, 'colsample_bytree': 0.5040271254455208}. Best is trial 6 with value: 0.95.
[I 2026-04-21 10:37:17,715] Trial 12 finished with value: 0.95 and parameters: {'n_estimators': 40, 'max_depth': 30, 'gamma': 0.7064674170877479, 'subsample': 0.8961237565758147, 'colsample_bytree': 0.6247089360620286}. Best is trial 6 with value: 0.95.
[I 2026-04-21 10:37:17,754] Trial 13 finished with value: 0.85 and parameters: {'n_estimators': 40, 'max_depth': 5, 'gamma': 0.6672673875689135, 'subsample': 0.8519218080110724, 'colsample_bytree': 0.6536639707211969}. Best is trial 6 with value: 0.95.
[I 2026-04-21 10:37:17,792] Trial 14 finished with value: 0.95 and parameters: {'n_estimators': 10, 'max_depth': 5, 'gamma': 0.9822520722666381, 'subsample': 0.7612996213315378, 'colsample_bytree': 0.5021127778662544}. Best is trial 6 with value: 0.95.
[I 2026-04-21 10:37:17,841] Trial 15 finished with value: 0.95 and parameters: {'n_estimators': 40, 'max_depth': 5, 'gamma': 0.34245865808272824, 'subsample': 0.9000422560698491, 'colsample_bytree': 0.5762091376310268}. Best is trial 6 with value: 0.95.
[I 2026-04-21 10:37:17,879] Trial 16 finished with value: 0.85 and parameters: {'n_estimators': 40, 'max_depth': 30, 'gamma': 0.794550859952235, 'subsample': 0.757292521211653, 'colsample_bytree': 0.9928973939225177}. Best is trial 6 with value: 0.95.
[I 2026-04-21 10:37:17,916] Trial 17 finished with value: 0.85 and parameters: {'n_estimators': 10, 'max_depth': 5, 'gamma': 0.5774047917392761, 'subsample': 0.9912768023284333, 'colsample_bytree': 0.6771926614467836}. Best is trial 6 with value: 0.95.
[I 2026-04-21 10:37:17,955] Trial 18 finished with value: 0.95 and parameters: {'n_estimators': 10, 'max_depth': 5, 'gamma': 0.42113355152466087, 'subsample': 0.9007992105451856, 'colsample_bytree': 0.5809143325892787}. Best is trial 6 with value: 0.95.
[I 2026-04-21 10:37:17,994] Trial 19 finished with value: 0.95 and parameters: {'n_estimators': 40, 'max_depth': 30, 'gamma': 0.20065175090087745, 'subsample': 0.8299496509769766, 'colsample_bytree': 0.5470390195115785}. Best is trial 6 with value: 0.95.
[I 2026-04-21 10:37:18,032] Trial 20 finished with value: 0.85 and parameters: {'n_estimators': 10, 'max_depth': 5, 'gamma': 0.8140985818876745, 'subsample': 0.9370477305516158, 'colsample_bytree': 0.826462010037146}. Best is trial 6 with value: 0.95.
[I 2026-04-21 10:37:18,071] Trial 21 finished with value: 0.95 and parameters: {'n_estimators': 10, 'max_depth': 30, 'gamma': 0.1441506156470092, 'subsample': 0.7945360750189695, 'colsample_bytree': 0.544213041996985}. Best is trial 6 with value: 0.95.
[I 2026-04-21 10:37:18,108] Trial 22 finished with value: 0.95 and parameters: {'n_estimators': 10, 'max_depth': 30, 'gamma': 0.2776474044658096, 'subsample': 0.8501071249981828, 'colsample_bytree': 0.5434725984355239}. Best is trial 6 with value: 0.95.
[I 2026-04-21 10:37:18,147] Trial 23 finished with value: 0.9 and parameters: {'n_estimators': 10, 'max_depth': 30, 'gamma': 0.10278176245750642, 'subsample': 0.791497837947561, 'colsample_bytree': 0.6060850630395609}. Best is trial 6 with value: 0.95.
[I 2026-04-21 10:37:18,187] Trial 24 finished with value: 0.95 and parameters: {'n_estimators': 10, 'max_depth': 30, 'gamma': 0.6450955394126312, 'subsample': 0.7205242597796513, 'colsample_bytree': 0.5032657086488284}. Best is trial 6 with value: 0.95.
[I 2026-04-21 10:37:18,227] Trial 25 finished with value: 0.85 and parameters: {'n_estimators': 40, 'max_depth': 30, 'gamma': 0.4596554178626719, 'subsample': 0.8696618052376335, 'colsample_bytree': 0.6831411321434858}. Best is trial 6 with value: 0.95.
[I 2026-04-21 10:37:18,267] Trial 26 finished with value: 0.95 and parameters: {'n_estimators': 10, 'max_depth': 5, 'gamma': 0.29232286558924847, 'subsample': 0.9484723739640971, 'colsample_bytree': 0.5510007091735908}. Best is trial 6 with value: 0.95.
[I 2026-04-21 10:37:18,307] Trial 27 finished with value: 0.85 and parameters: {'n_estimators': 10, 'max_depth': 30, 'gamma': 0.2031079316736738, 'subsample': 0.8820947400376653, 'colsample_bytree': 0.6872309957292344}. Best is trial 6 with value: 0.95.
[I 2026-04-21 10:37:18,359] Trial 28 finished with value: 0.9 and parameters: {'n_estimators': 100, 'max_depth': 20, 'gamma': 0.6112584951300768, 'subsample': 0.7924326834349898, 'colsample_bytree': 0.6071161314402923}. Best is trial 6 with value: 0.95.
[I 2026-04-21 10:37:18,400] Trial 29 finished with value: 0.9 and parameters: {'n_estimators': 40, 'max_depth': 5, 'gamma': 0.5328064820916895, 'subsample': 0.9236147498154988, 'colsample_bytree': 0.6320375551184108}. Best is trial 6 with value: 0.95.
[I 2026-04-21 10:37:18,473] A new study created in memory with name: rf
[I 2026-04-21 10:37:18,639] Trial 0 finished with value: 0.5 and parameters: {'n_estimators': 130, 'max_depth': 17, 'min_samples_split': 5, 'min_samples_leaf': 8}. Best is trial 0 with value: 0.5.
[I 2026-04-21 10:37:19,136] Trial 1 finished with value: 1.0 and parameters: {'n_estimators': 492, 'max_depth': 12, 'min_samples_split': 6, 'min_samples_leaf': 1}. Best is trial 1 with value: 1.0.
[I 2026-04-21 10:37:19,374] Trial 2 finished with value: 0.5 and parameters: {'n_estimators': 207, 'max_depth': 11, 'min_samples_split': 8, 'min_samples_leaf': 9}. Best is trial 1 with value: 1.0.
[I 2026-04-21 10:37:19,683] Trial 3 finished with value: 0.5 and parameters: {'n_estimators': 252, 'max_depth': 4, 'min_samples_split': 4, 'min_samples_leaf': 10}. Best is trial 1 with value: 1.0.
[I 2026-04-21 10:37:19,921] Trial 4 finished with value: 1.0 and parameters: {'n_estimators': 185, 'max_depth': 11, 'min_samples_split': 10, 'min_samples_leaf': 1}. Best is trial 1 with value: 1.0.
[I 2026-04-21 10:37:20,301] Trial 5 finished with value: 1.0 and parameters: {'n_estimators': 340, 'max_depth': 20, 'min_samples_split': 4, 'min_samples_leaf': 6}. Best is trial 1 with value: 1.0.
[I 2026-04-21 10:37:20,783] Trial 6 finished with value: 0.5 and parameters: {'n_estimators': 464, 'max_depth': 5, 'min_samples_split': 6, 'min_samples_leaf': 8}. Best is trial 1 with value: 1.0.
[I 2026-04-21 10:37:21,192] Trial 7 finished with value: 1.0 and parameters: {'n_estimators': 368, 'max_depth': 11, 'min_samples_split': 3, 'min_samples_leaf': 5}. Best is trial 1 with value: 1.0.
[I 2026-04-21 10:37:21,480] Trial 8 finished with value: 0.5 and parameters: {'n_estimators': 249, 'max_depth': 11, 'min_samples_split': 5, 'min_samples_leaf': 9}. Best is trial 1 with value: 1.0.
[I 2026-04-21 10:37:21,910] Trial 9 finished with value: 1.0 and parameters: {'n_estimators': 408, 'max_depth': 8, 'min_samples_split': 7, 'min_samples_leaf': 3}. Best is trial 1 with value: 1.0.
[I 2026-04-21 10:37:22,427] Trial 10 finished with value: 1.0 and parameters: {'n_estimators': 479, 'max_depth': 15, 'min_samples_split': 2, 'min_samples_leaf': 1}. Best is trial 1 with value: 1.0.
[I 2026-04-21 10:37:22,642] Trial 11 finished with value: 1.0 and parameters: {'n_estimators': 124, 'max_depth': 15, 'min_samples_split': 10, 'min_samples_leaf': 1}. Best is trial 1 with value: 1.0.
[I 2026-04-21 10:37:22,896] Trial 12 finished with value: 1.0 and parameters: {'n_estimators': 180, 'max_depth': 7, 'min_samples_split': 10, 'min_samples_leaf': 3}. Best is trial 1 with value: 1.0.
[I 2026-04-21 10:37:23,231] Trial 13 finished with value: 1.0 and parameters: {'n_estimators': 300, 'max_depth': 14, 'min_samples_split': 8, 'min_samples_leaf': 3}. Best is trial 1 with value: 1.0.
[I 2026-04-21 10:37:23,718] Trial 14 finished with value: 1.0 and parameters: {'n_estimators': 424, 'max_depth': 8, 'min_samples_split': 8, 'min_samples_leaf': 1}. Best is trial 1 with value: 1.0.
[I 2026-04-21 10:37:23,951] Trial 15 finished with value: 1.0 and parameters: {'n_estimators': 191, 'max_depth': 12, 'min_samples_split': 9, 'min_samples_leaf': 5}. Best is trial 1 with value: 1.0.
[I 2026-04-21 10:37:24,295] Trial 16 finished with value: 1.0 and parameters: {'n_estimators': 295, 'max_depth': 18, 'min_samples_split': 6, 'min_samples_leaf': 2}. Best is trial 1 with value: 1.0.
[I 2026-04-21 10:37:24,741] Trial 17 finished with value: 1.0 and parameters: {'n_estimators': 380, 'max_depth': 13, 'min_samples_split': 7, 'min_samples_leaf': 4}. Best is trial 1 with value: 1.0.
[I 2026-04-21 10:37:25,043] Trial 18 finished with value: 1.0 and parameters: {'n_estimators': 242, 'max_depth': 9, 'min_samples_split': 9, 'min_samples_leaf': 2}. Best is trial 1 with value: 1.0.
[I 2026-04-21 10:37:25,279] Trial 19 finished with value: 0.95 and parameters: {'n_estimators': 160, 'max_depth': 6, 'min_samples_split': 7, 'min_samples_leaf': 6}. Best is trial 1 with value: 1.0.
[I 2026-04-21 10:37:25,678] Trial 20 finished with value: 1.0 and parameters: {'n_estimators': 330, 'max_depth': 3, 'min_samples_split': 5, 'min_samples_leaf': 2}. Best is trial 1 with value: 1.0.
[I 2026-04-21 10:37:26,073] Trial 21 finished with value: 1.0 and parameters: {'n_estimators': 347, 'max_depth': 20, 'min_samples_split': 4, 'min_samples_leaf': 6}. Best is trial 1 with value: 1.0.
[I 2026-04-21 10:37:26,589] Trial 22 finished with value: 1.0 and parameters: {'n_estimators': 447, 'max_depth': 20, 'min_samples_split': 2, 'min_samples_leaf': 4}. Best is trial 1 with value: 1.0.
[I 2026-04-21 10:37:27,116] Trial 23 finished with value: 0.65 and parameters: {'n_estimators': 493, 'max_depth': 18, 'min_samples_split': 3, 'min_samples_leaf': 7}. Best is trial 1 with value: 1.0.
[I 2026-04-21 10:37:27,503] Trial 24 finished with value: 1.0 and parameters: {'n_estimators': 296, 'max_depth': 9, 'min_samples_split': 4, 'min_samples_leaf': 4}. Best is trial 1 with value: 1.0.
[I 2026-04-21 10:37:27,991] Trial 25 finished with value: 0.5 and parameters: {'n_estimators': 411, 'max_depth': 16, 'min_samples_split': 6, 'min_samples_leaf': 7}. Best is trial 1 with value: 1.0.
