[I 2026-04-21 10:33:51,094] Trial 16 finished with value: 0.6 and parameters: {'var_smoothing': 2.75340575769171e-10}. Best is trial 0 with value: 0.6.
[I 2026-04-21 10:33:51,112] Trial 17 finished with value: 0.6 and parameters: {'var_smoothing': 1.0118559267516465e-10}. Best is trial 0 with value: 0.6.
[I 2026-04-21 10:33:51,131] Trial 18 finished with value: 0.6 and parameters: {'var_smoothing': 5.126237368588495e-10}. Best is trial 0 with value: 0.6.
[I 2026-04-21 10:33:51,162] Trial 19 finished with value: 0.6 and parameters: {'var_smoothing': 1.7743118427439911e-09}. Best is trial 0 with value: 0.6.
[I 2026-04-21 10:33:51,182] Trial 20 finished with value: 0.6 and parameters: {'var_smoothing': 5.29215399120128e-09}. Best is trial 0 with value: 0.6.
[I 2026-04-21 10:33:51,203] Trial 21 finished with value: 0.6 and parameters: {'var_smoothing': 6.215389304971454e-10}. Best is trial 0 with value: 0.6.
[I 2026-04-21 10:33:51,223] Trial 22 finished with value: 0.6 and parameters: {'var_smoothing': 2.205158371956595e-10}. Best is trial 0 with value: 0.6.
[I 2026-04-21 10:33:51,243] Trial 23 finished with value: 0.6 and parameters: {'var_smoothing': 6.714468189294179e-10}. Best is trial 0 with value: 0.6.
[I 2026-04-21 10:33:51,274] Trial 24 finished with value: 0.6 and parameters: {'var_smoothing': 1.6303611152529254e-09}. Best is trial 0 with value: 0.6.
[I 2026-04-21 10:33:51,295] Trial 25 finished with value: 0.6 and parameters: {'var_smoothing': 5.460180203252778e-09}. Best is trial 0 with value: 0.6.
[I 2026-04-21 10:33:51,314] Trial 26 finished with value: 0.6 and parameters: {'var_smoothing': 1.0123007748054653e-10}. Best is trial 0 with value: 0.6.
[I 2026-04-21 10:33:51,344] Trial 27 finished with value: 0.6 and parameters: {'var_smoothing': 3.7004726843827016e-09}. Best is trial 0 with value: 0.6.
[I 2026-04-21 10:33:51,364] Trial 28 finished with value: 0.6 and parameters: {'var_smoothing': 8.062949328123723e-10}. Best is trial 0 with value: 0.6.
[I 2026-04-21 10:33:51,386] Trial 29 finished with value: 0.6 and parameters: {'var_smoothing': 1.8379694059711336e-09}. Best is trial 0 with value: 0.6.
[I 2026-04-21 10:33:51,423] A new study created in memory with name: logreg
[I 2026-04-21 10:33:51,437] Trial 0 finished with value: 0.7 and parameters: {'C': 0.002407362254570802, 'penalty': 'l2'}. Best is trial 0 with value: 0.7.
[I 2026-04-21 10:33:51,462] Trial 1 finished with value: 0.5 and parameters: {'C': 7.935859334260497, 'penalty': 'l2'}. Best is trial 0 with value: 0.7.
[I 2026-04-21 10:33:51,489] Trial 2 finished with value: 0.65 and parameters: {'C': 0.15561310098067915, 'penalty': 'l2'}. Best is trial 0 with value: 0.7.
[I 2026-04-21 10:33:51,515] Trial 3 finished with value: 0.5 and parameters: {'C': 4.143104515916128, 'penalty': 'l2'}. Best is trial 0 with value: 0.7.
[I 2026-04-21 10:33:51,541] Trial 4 finished with value: 0.55 and parameters: {'C': 77.61533923098803, 'penalty': 'l2'}. Best is trial 0 with value: 0.7.
[I 2026-04-21 10:33:51,556] Trial 5 finished with value: 0.6 and parameters: {'C': 0.49258292359934785, 'penalty': 'l2'}. Best is trial 0 with value: 0.7.
[I 2026-04-21 10:33:51,571] Trial 6 finished with value: 0.6 and parameters: {'C': 0.320333470047146, 'penalty': 'l2'}. Best is trial 0 with value: 0.7.
[I 2026-04-21 10:33:51,595] Trial 7 finished with value: 0.7 and parameters: {'C': 0.002292216671132896, 'penalty': 'l2'}. Best is trial 0 with value: 0.7.
[I 2026-04-21 10:33:51,609] Trial 8 finished with value: 0.7 and parameters: {'C': 0.0219884643872214, 'penalty': 'l2'}. Best is trial 0 with value: 0.7.
[I 2026-04-21 10:33:51,624] Trial 9 finished with value: 0.6 and parameters: {'C': 0.31580027519646636, 'penalty': 'l2'}. Best is trial 0 with value: 0.7.
[I 2026-04-21 10:33:51,643] Trial 10 finished with value: 0.7 and parameters: {'C': 0.005028545732690317, 'penalty': 'l2'}. Best is trial 0 with value: 0.7.
[I 2026-04-21 10:33:51,670] Trial 11 finished with value: 0.7 and parameters: {'C': 0.0016548464731937077, 'penalty': 'l2'}. Best is trial 0 with value: 0.7.
[I 2026-04-21 10:33:51,691] Trial 12 finished with value: 0.7 and parameters: {'C': 0.014451446556771878, 'penalty': 'l2'}. Best is trial 0 with value: 0.7.
[I 2026-04-21 10:33:51,711] Trial 13 finished with value: 0.7 and parameters: {'C': 0.001233537603892314, 'penalty': 'l2'}. Best is trial 0 with value: 0.7.
[I 2026-04-21 10:33:51,743] Trial 14 finished with value: 0.7 and parameters: {'C': 0.03728878420522916, 'penalty': 'l2'}. Best is trial 0 with value: 0.7.
[I 2026-04-21 10:33:51,773] Trial 15 finished with value: 0.7 and parameters: {'C': 0.005056056930693048, 'penalty': 'l2'}. Best is trial 0 with value: 0.7.
[I 2026-04-21 10:33:51,793] Trial 16 finished with value: 0.65 and parameters: {'C': 0.06105325603408848, 'penalty': 'l2'}. Best is trial 0 with value: 0.7.
[I 2026-04-21 10:33:51,813] Trial 17 finished with value: 0.7 and parameters: {'C': 0.005932663642969973, 'penalty': 'l2'}. Best is trial 0 with value: 0.7.
[I 2026-04-21 10:33:51,834] Trial 18 finished with value: 0.7 and parameters: {'C': 0.0012489720333864972, 'penalty': 'l2'}. Best is trial 0 with value: 0.7.
[I 2026-04-21 10:33:51,854] Trial 19 finished with value: 0.7 and parameters: {'C': 0.010840641908437795, 'penalty': 'l2'}. Best is trial 0 with value: 0.7.
[I 2026-04-21 10:33:51,881] Trial 20 finished with value: 0.5 and parameters: {'C': 1.6412268850767395, 'penalty': 'l2'}. Best is trial 0 with value: 0.7.
[I 2026-04-21 10:33:51,912] Trial 21 finished with value: 0.7 and parameters: {'C': 0.03130854431395781, 'penalty': 'l2'}. Best is trial 0 with value: 0.7.
[I 2026-04-21 10:33:51,933] Trial 22 finished with value: 0.7 and parameters: {'C': 0.003800963737110666, 'penalty': 'l2'}. Best is trial 0 with value: 0.7.
[I 2026-04-21 10:33:51,966] Trial 23 finished with value: 0.7 and parameters: {'C': 0.016703393824799774, 'penalty': 'l2'}. Best is trial 0 with value: 0.7.
[I 2026-04-21 10:33:51,995] Trial 24 finished with value: 0.65 and parameters: {'C': 0.0866350039009655, 'penalty': 'l2'}. Best is trial 0 with value: 0.7.
[I 2026-04-21 10:33:52,016] Trial 25 finished with value: 0.7 and parameters: {'C': 0.0026968339788182223, 'penalty': 'l2'}. Best is trial 0 with value: 0.7.
[I 2026-04-21 10:33:52,036] Trial 26 finished with value: 0.7 and parameters: {'C': 0.0010196852170160282, 'penalty': 'l2'}. Best is trial 0 with value: 0.7.
[I 2026-04-21 10:33:52,065] Trial 27 finished with value: 0.7 and parameters: {'C': 0.01275333058974034, 'penalty': 'l2'}. Best is trial 0 with value: 0.7.
[I 2026-04-21 10:33:52,088] Trial 28 finished with value: 0.7 and parameters: {'C': 0.002594093876683936, 'penalty': 'l2'}. Best is trial 0 with value: 0.7.
[I 2026-04-21 10:33:52,110] Trial 29 finished with value: 0.7 and parameters: {'C': 0.027304560234151686, 'penalty': 'l2'}. Best is trial 0 with value: 0.7.
[I 2026-04-21 10:33:52,155] A new study created in memory with name: knn
[I 2026-04-21 10:33:52,169] Trial 0 finished with value: 0.45 and parameters: {'n_neighbors': 3, 'leaf_size': 36, 'p': 2}. Best is trial 0 with value: 0.45.
[I 2026-04-21 10:33:52,185] Trial 1 finished with value: 0.55 and parameters: {'n_neighbors': 10, 'leaf_size': 31, 'p': 1}. Best is trial 1 with value: 0.55.
[I 2026-04-21 10:33:52,199] Trial 2 finished with value: 0.45 and parameters: {'n_neighbors': 5, 'leaf_size': 30, 'p': 2}. Best is trial 1 with value: 0.55.
[I 2026-04-21 10:33:52,215] Trial 3 finished with value: 0.5 and parameters: {'n_neighbors': 6, 'leaf_size': 21, 'p': 2}. Best is trial 1 with value: 0.55.
[I 2026-04-21 10:33:52,232] Trial 4 finished with value: 0.6 and parameters: {'n_neighbors': 4, 'leaf_size': 29, 'p': 1}. Best is trial 4 with value: 0.6.
[I 2026-04-21 10:33:52,247] Trial 5 finished with value: 0.5 and parameters: {'n_neighbors': 7, 'leaf_size': 39, 'p': 2}. Best is trial 4 with value: 0.6.
[I 2026-04-21 10:33:52,261] Trial 6 finished with value: 0.45 and parameters: {'n_neighbors': 10, 'leaf_size': 22, 'p': 2}. Best is trial 4 with value: 0.6.
[I 2026-04-21 10:33:52,275] Trial 7 finished with value: 0.55 and parameters: {'n_neighbors': 8, 'leaf_size': 29, 'p': 2}. Best is trial 4 with value: 0.6.
[I 2026-04-21 10:33:52,289] Trial 8 finished with value: 0.45 and parameters: {'n_neighbors': 5, 'leaf_size': 30, 'p': 2}. Best is trial 4 with value: 0.6.
[I 2026-04-21 10:33:52,304] Trial 9 finished with value: 0.7 and parameters: {'n_neighbors': 9, 'leaf_size': 26, 'p': 1}. Best is trial 9 with value: 0.7.
[I 2026-04-21 10:33:52,331] Trial 10 finished with value: 0.6 and parameters: {'n_neighbors': 8, 'leaf_size': 25, 'p': 1}. Best is trial 9 with value: 0.7.
[I 2026-04-21 10:33:52,356] Trial 11 finished with value: 0.55 and parameters: {'n_neighbors': 3, 'leaf_size': 26, 'p': 1}. Best is trial 9 with value: 0.7.
[I 2026-04-21 10:33:52,386] Trial 12 finished with value: 0.6 and parameters: {'n_neighbors': 4, 'leaf_size': 26, 'p': 1}. Best is trial 9 with value: 0.7.
[I 2026-04-21 10:33:52,414] Trial 13 finished with value: 0.7 and parameters: {'n_neighbors': 9, 'leaf_size': 33, 'p': 1}. Best is trial 9 with value: 0.7.
[I 2026-04-21 10:33:52,441] Trial 14 finished with value: 0.7 and parameters: {'n_neighbors': 9, 'leaf_size': 35, 'p': 1}. Best is trial 9 with value: 0.7.
[I 2026-04-21 10:33:52,471] Trial 15 finished with value: 0.7 and parameters: {'n_neighbors': 9, 'leaf_size': 34, 'p': 1}. Best is trial 9 with value: 0.7.
[I 2026-04-21 10:33:52,505] Trial 16 finished with value: 0.6 and parameters: {'n_neighbors': 8, 'leaf_size': 33, 'p': 1}. Best is trial 9 with value: 0.7.
[I 2026-04-21 10:33:52,528] Trial 17 finished with value: 0.7 and parameters: {'n_neighbors': 9, 'leaf_size': 40, 'p': 1}. Best is trial 9 with value: 0.7.
[I 2026-04-21 10:33:52,556] Trial 18 finished with value: 0.7 and parameters: {'n_neighbors': 7, 'leaf_size': 24, 'p': 1}. Best is trial 9 with value: 0.7.
[I 2026-04-21 10:33:52,581] Trial 19 finished with value: 0.55 and parameters: {'n_neighbors': 10, 'leaf_size': 38, 'p': 1}. Best is trial 9 with value: 0.7.
[I 2026-04-21 10:33:52,608] Trial 20 finished with value: 0.7 and parameters: {'n_neighbors': 9, 'leaf_size': 32, 'p': 1}. Best is trial 9 with value: 0.7.
[I 2026-04-21 10:33:52,633] Trial 21 finished with value: 0.7 and parameters: {'n_neighbors': 9, 'leaf_size': 35, 'p': 1}. Best is trial 9 with value: 0.7.
[I 2026-04-21 10:33:52,662] Trial 22 finished with value: 0.6 and parameters: {'n_neighbors': 8, 'leaf_size': 37, 'p': 1}. Best is trial 9 with value: 0.7.
[I 2026-04-21 10:33:52,689] Trial 23 finished with value: 0.55 and parameters: {'n_neighbors': 10, 'leaf_size': 27, 'p': 1}. Best is trial 9 with value: 0.7.
[I 2026-04-21 10:33:52,715] Trial 24 finished with value: 0.7 and parameters: {'n_neighbors': 7, 'leaf_size': 34, 'p': 1}. Best is trial 9 with value: 0.7.
[I 2026-04-21 10:33:52,745] Trial 25 finished with value: 0.7 and parameters: {'n_neighbors': 9, 'leaf_size': 23, 'p': 1}. Best is trial 9 with value: 0.7.
[I 2026-04-21 10:33:52,770] Trial 26 finished with value: 0.6 and parameters: {'n_neighbors': 8, 'leaf_size': 28, 'p': 1}. Best is trial 9 with value: 0.7.
[I 2026-04-21 10:33:52,796] Trial 27 finished with value: 0.65 and parameters: {'n_neighbors': 6, 'leaf_size': 32, 'p': 1}. Best is trial 9 with value: 0.7.
[I 2026-04-21 10:33:52,822] Trial 28 finished with value: 0.7 and parameters: {'n_neighbors': 9, 'leaf_size': 36, 'p': 1}. Best is trial 9 with value: 0.7.
[I 2026-04-21 10:33:52,848] Trial 29 finished with value: 0.55 and parameters: {'n_neighbors': 10, 'leaf_size': 36, 'p': 1}. Best is trial 9 with value: 0.7.
[I 2026-04-21 10:33:52,890] A new study created in memory with name: xgb
[I 2026-04-21 10:33:52,915] Trial 0 finished with value: 0.6 and parameters: {'n_estimators': 40, 'max_depth': 20, 'gamma': 0.5510084172939441, 'subsample': 0.5360255666798808, 'colsample_bytree': 0.6342194900509356}. Best is trial 0 with value: 0.6.
[I 2026-04-21 10:33:52,951] Trial 1 finished with value: 0.65 and parameters: {'n_estimators': 100, 'max_depth': 5, 'gamma': 0.9186341749476523, 'subsample': 0.6066926767899578, 'colsample_bytree': 0.7260619809088416}. Best is trial 1 with value: 0.65.
[I 2026-04-21 10:33:52,979] Trial 2 finished with value: 0.55 and parameters: {'n_estimators': 10, 'max_depth': 5, 'gamma': 0.9182155373980582, 'subsample': 0.566584722879625, 'colsample_bytree': 0.761706290336883}. Best is trial 1 with value: 0.65.
[I 2026-04-21 10:33:53,018] Trial 3 finished with value: 0.65 and parameters: {'n_estimators': 10, 'max_depth': 20, 'gamma': 0.5296610393664296, 'subsample': 0.6829451928902965, 'colsample_bytree': 0.9189589971546304}. Best is trial 1 with value: 0.65.
[I 2026-04-21 10:33:53,047] Trial 4 finished with value: 0.65 and parameters: {'n_estimators': 10, 'max_depth': 20, 'gamma': 0.6916595165017824, 'subsample': 0.6851755414940176, 'colsample_bytree': 0.7295464889457157}. Best is trial 1 with value: 0.65.
[I 2026-04-21 10:33:53,087] Trial 5 finished with value: 0.65 and parameters: {'n_estimators': 100, 'max_depth': 20, 'gamma': 0.48380821541644814, 'subsample': 0.8171899343169193, 'colsample_bytree': 0.7614531005141727}. Best is trial 1 with value: 0.65.
[I 2026-04-21 10:33:53,114] Trial 6 finished with value: 0.75 and parameters: {'n_estimators': 10, 'max_depth': 5, 'gamma': 0.9599214907026333, 'subsample': 0.8414569271877088, 'colsample_bytree': 0.5265643453364788}. Best is trial 6 with value: 0.75.
[I 2026-04-21 10:33:53,141] Trial 7 finished with value: 0.65 and parameters: {'n_estimators': 40, 'max_depth': 5, 'gamma': 0.5250915966595621, 'subsample': 0.9207383574491986, 'colsample_bytree': 0.565555321173957}. Best is trial 6 with value: 0.75.
[I 2026-04-21 10:33:53,180] Trial 8 finished with value: 0.6 and parameters: {'n_estimators': 100, 'max_depth': 5, 'gamma': 0.3919835527051987, 'subsample': 0.6502094521590198, 'colsample_bytree': 0.5827507002328938}. Best is trial 6 with value: 0.75.
[I 2026-04-21 10:33:53,221] Trial 9 finished with value: 0.65 and parameters: {'n_estimators': 100, 'max_depth': 5, 'gamma': 0.8003922413895069, 'subsample': 0.9436444759263674, 'colsample_bytree': 0.8374593849333938}. Best is trial 6 with value: 0.75.
[I 2026-04-21 10:33:53,262] Trial 10 finished with value: 0.65 and parameters: {'n_estimators': 10, 'max_depth': 30, 'gamma': 0.13445536345660636, 'subsample': 0.8170364712994619, 'colsample_bytree': 0.5433432253863063}. Best is trial 6 with value: 0.75.
[I 2026-04-21 10:33:53,312] Trial 11 finished with value: 0.65 and parameters: {'n_estimators': 100, 'max_depth': 5, 'gamma': 0.9900995386481211, 'subsample': 0.8224040653107334, 'colsample_bytree': 0.9860545441687892}. Best is trial 6 with value: 0.75.
[I 2026-04-21 10:33:53,348] Trial 12 finished with value: 0.65 and parameters: {'n_estimators': 10, 'max_depth': 30, 'gamma': 0.8021300906464448, 'subsample': 0.7603572690533559, 'colsample_bytree': 0.6641358496000705}. Best is trial 6 with value: 0.75.
[I 2026-04-21 10:33:53,381] Trial 13 finished with value: 0.65 and parameters: {'n_estimators': 100, 'max_depth': 5, 'gamma': 0.8455836088764225, 'subsample': 0.6069685936596405, 'colsample_bytree': 0.849870434709572}. Best is trial 6 with value: 0.75.
[I 2026-04-21 10:33:53,421] Trial 14 finished with value: 0.75 and parameters: {'n_estimators': 40, 'max_depth': 5, 'gamma': 0.991485711506258, 'subsample': 0.8818347511516441, 'colsample_bytree': 0.5018732574568078}. Best is trial 6 with value: 0.75.
[I 2026-04-21 10:33:53,476] Trial 15 finished with value: 0.65 and parameters: {'n_estimators': 40, 'max_depth': 5, 'gamma': 0.6865118646596478, 'subsample': 0.9000422560698491, 'colsample_bytree': 0.5014213029479082}. Best is trial 6 with value: 0.75.
[I 2026-04-21 10:33:53,514] Trial 16 finished with value: 0.7 and parameters: {'n_estimators': 40, 'max_depth': 30, 'gamma': 0.2602894101312718, 'subsample': 0.9906672783660319, 'colsample_bytree': 0.5004326929461982}. Best is trial 6 with value: 0.75.
[I 2026-04-21 10:33:53,552] Trial 17 finished with value: 0.65 and parameters: {'n_estimators': 40, 'max_depth': 5, 'gamma': 0.9835478454882021, 'subsample': 0.8712022387533643, 'colsample_bytree': 0.6325590096595839}. Best is trial 6 with value: 0.75.
[I 2026-04-21 10:33:53,597] Trial 18 finished with value: 0.65 and parameters: {'n_estimators': 10, 'max_depth': 5, 'gamma': 0.6969098951664255, 'subsample': 0.7554410095330728, 'colsample_bytree': 0.5989659186450844}. Best is trial 6 with value: 0.75.
[I 2026-04-21 10:33:53,642] Trial 19 finished with value: 0.65 and parameters: {'n_estimators': 40, 'max_depth': 30, 'gamma': 0.8754515921350906, 'subsample': 0.9787624987044076, 'colsample_bytree': 0.5365544280798572}. Best is trial 6 with value: 0.75.
[I 2026-04-21 10:33:53,683] Trial 20 finished with value: 0.65 and parameters: {'n_estimators': 10, 'max_depth': 5, 'gamma': 0.753295648774816, 'subsample': 0.8758205961908341, 'colsample_bytree': 0.7007965458043897}. Best is trial 6 with value: 0.75.
[I 2026-04-21 10:33:53,723] Trial 21 finished with value: 0.65 and parameters: {'n_estimators': 40, 'max_depth': 30, 'gamma': 0.21224340962480692, 'subsample': 0.9833082244945497, 'colsample_bytree': 0.5005994897048989}. Best is trial 6 with value: 0.75.
[I 2026-04-21 10:33:53,762] Trial 22 finished with value: 0.65 and parameters: {'n_estimators': 40, 'max_depth': 30, 'gamma': 0.29938514632321084, 'subsample': 0.8470125070667304, 'colsample_bytree': 0.5322037120713454}. Best is trial 6 with value: 0.75.
[I 2026-04-21 10:33:53,811] Trial 23 finished with value: 0.65 and parameters: {'n_estimators': 40, 'max_depth': 30, 'gamma': 0.3542476642230541, 'subsample': 0.9476032854440628, 'colsample_bytree': 0.6097943821642584}. Best is trial 6 with value: 0.75.
[I 2026-04-21 10:33:53,855] Trial 24 finished with value: 0.55 and parameters: {'n_estimators': 40, 'max_depth': 30, 'gamma': 0.11149512708384873, 'subsample': 0.9881187602018956, 'colsample_bytree': 0.502249687956646}. Best is trial 6 with value: 0.75.
[I 2026-04-21 10:33:53,900] Trial 25 finished with value: 0.65 and parameters: {'n_estimators': 40, 'max_depth': 30, 'gamma': 0.25122977154654863, 'subsample': 0.790008154235899, 'colsample_bytree': 0.5660147852006353}. Best is trial 6 with value: 0.75.
[I 2026-04-21 10:33:53,943] Trial 26 finished with value: 0.65 and parameters: {'n_estimators': 40, 'max_depth': 5, 'gamma': 0.6271338096287745, 'subsample': 0.9076046602365626, 'colsample_bytree': 0.6810224864832864}. Best is trial 6 with value: 0.75.
[I 2026-04-21 10:33:53,983] Trial 27 finished with value: 0.65 and parameters: {'n_estimators': 10, 'max_depth': 30, 'gamma': 0.4474170780270952, 'subsample': 0.8621201400887151, 'colsample_bytree': 0.5506447475395319}. Best is trial 6 with value: 0.75.
[I 2026-04-21 10:33:54,023] Trial 28 finished with value: 0.65 and parameters: {'n_estimators': 40, 'max_depth': 20, 'gamma': 0.6112584951300768, 'subsample': 0.9444252681386693, 'colsample_bytree': 0.6348815579278877}. Best is trial 6 with value: 0.75.
[I 2026-04-21 10:33:54,063] Trial 29 finished with value: 0.65 and parameters: {'n_estimators': 40, 'max_depth': 5, 'gamma': 0.9227504766778063, 'subsample': 0.7321955608177761, 'colsample_bytree': 0.6358976291096103}. Best is trial 6 with value: 0.75.
[I 2026-04-21 10:33:54,125] A new study created in memory with name: rf
[I 2026-04-21 10:33:54,280] Trial 0 finished with value: 0.5 and parameters: {'n_estimators': 130, 'max_depth': 17, 'min_samples_split': 5, 'min_samples_leaf': 8}. Best is trial 0 with value: 0.5.
[I 2026-04-21 10:33:54,831] Trial 1 finished with value: 0.7 and parameters: {'n_estimators': 492, 'max_depth': 12, 'min_samples_split': 6, 'min_samples_leaf': 1}. Best is trial 1 with value: 0.7.
[I 2026-04-21 10:33:55,114] Trial 2 finished with value: 0.5 and parameters: {'n_estimators': 207, 'max_depth': 11, 'min_samples_split': 8, 'min_samples_leaf': 9}. Best is trial 1 with value: 0.7.
[I 2026-04-21 10:33:55,603] Trial 3 finished with value: 0.5 and parameters: {'n_estimators': 252, 'max_depth': 4, 'min_samples_split': 4, 'min_samples_leaf': 10}. Best is trial 1 with value: 0.7.
[I 2026-04-21 10:33:55,842] Trial 4 finished with value: 0.75 and parameters: {'n_estimators': 185, 'max_depth': 11, 'min_samples_split': 10, 'min_samples_leaf': 1}. Best is trial 4 with value: 0.75.
[I 2026-04-21 10:33:56,302] Trial 5 finished with value: 0.75 and parameters: {'n_estimators': 340, 'max_depth': 20, 'min_samples_split': 4, 'min_samples_leaf': 6}. Best is trial 4 with value: 0.75.
[I 2026-04-21 10:33:56,853] Trial 6 finished with value: 0.5 and parameters: {'n_estimators': 464, 'max_depth': 5, 'min_samples_split': 6, 'min_samples_leaf': 8}. Best is trial 4 with value: 0.75.
[I 2026-04-21 10:33:57,285] Trial 7 finished with value: 0.8 and parameters: {'n_estimators': 368, 'max_depth': 11, 'min_samples_split': 3, 'min_samples_leaf': 5}. Best is trial 7 with value: 0.8.
[I 2026-04-21 10:33:57,646] Trial 8 finished with value: 0.5 and parameters: {'n_estimators': 249, 'max_depth': 11, 'min_samples_split': 5, 'min_samples_leaf': 9}. Best is trial 7 with value: 0.8.
[I 2026-04-21 10:33:58,241] Trial 9 finished with value: 0.7 and parameters: {'n_estimators': 408, 'max_depth': 8, 'min_samples_split': 7, 'min_samples_leaf': 3}. Best is trial 7 with value: 0.8.
[I 2026-04-21 10:33:58,775] Trial 10 finished with value: 0.8 and parameters: {'n_estimators': 351, 'max_depth': 15, 'min_samples_split': 2, 'min_samples_leaf': 5}. Best is trial 7 with value: 0.8.
[I 2026-04-21 10:33:59,242] Trial 11 finished with value: 0.8 and parameters: {'n_estimators': 350, 'max_depth': 15, 'min_samples_split': 2, 'min_samples_leaf': 5}. Best is trial 7 with value: 0.8.
[I 2026-04-21 10:33:59,729] Trial 12 finished with value: 0.75 and parameters: {'n_estimators': 393, 'max_depth': 15, 'min_samples_split': 2, 'min_samples_leaf': 5}. Best is trial 7 with value: 0.8.
