[I 2026-04-21 10:31:19,179] Trial 11 finished with value: 0.5 and parameters: {'hidden_layer_sizes': (100,), 'max_iter': 50, 'alpha': 0.001}. Best is trial 0 with value: 0.65.
[I 2026-04-21 10:31:19,219] Trial 12 finished with value: 0.5 and parameters: {'hidden_layer_sizes': (100,), 'max_iter': 50, 'alpha': 0.001}. Best is trial 0 with value: 0.65.
[I 2026-04-21 10:31:19,266] Trial 13 finished with value: 0.6 and parameters: {'hidden_layer_sizes': (200,), 'max_iter': 50, 'alpha': 0.001}. Best is trial 0 with value: 0.65.
[I 2026-04-21 10:31:19,315] Trial 14 finished with value: 0.6 and parameters: {'hidden_layer_sizes': (100,), 'max_iter': 50, 'alpha': 0.0001}. Best is trial 0 with value: 0.65.
[I 2026-04-21 10:31:19,363] Trial 15 finished with value: 0.6 and parameters: {'hidden_layer_sizes': (200,), 'max_iter': 50, 'alpha': 0.001}. Best is trial 0 with value: 0.65.
[I 2026-04-21 10:31:19,432] Trial 16 finished with value: 0.55 and parameters: {'hidden_layer_sizes': (100,), 'max_iter': 100, 'alpha': 0.001}. Best is trial 0 with value: 0.65.
[I 2026-04-21 10:31:19,481] Trial 17 finished with value: 0.55 and parameters: {'hidden_layer_sizes': (100,), 'max_iter': 50, 'alpha': 0.0001}. Best is trial 0 with value: 0.65.
[I 2026-04-21 10:31:19,527] Trial 18 finished with value: 0.6 and parameters: {'hidden_layer_sizes': (200,), 'max_iter': 50, 'alpha': 0.0001}. Best is trial 0 with value: 0.65.
[I 2026-04-21 10:31:19,604] Trial 19 finished with value: 0.45 and parameters: {'hidden_layer_sizes': (100, 100), 'max_iter': 100, 'alpha': 0.001}. Best is trial 0 with value: 0.65.
[I 2026-04-21 10:31:19,641] Trial 20 finished with value: 0.6 and parameters: {'hidden_layer_sizes': (100,), 'max_iter': 50, 'alpha': 0.0001}. Best is trial 0 with value: 0.65.
[I 2026-04-21 10:31:19,698] Trial 21 finished with value: 0.5 and parameters: {'hidden_layer_sizes': (200,), 'max_iter': 100, 'alpha': 0.001}. Best is trial 0 with value: 0.65.
[I 2026-04-21 10:31:19,764] Trial 22 finished with value: 0.55 and parameters: {'hidden_layer_sizes': (200,), 'max_iter': 100, 'alpha': 0.001}. Best is trial 0 with value: 0.65.
[I 2026-04-21 10:31:19,841] Trial 23 finished with value: 0.55 and parameters: {'hidden_layer_sizes': (200,), 'max_iter': 100, 'alpha': 0.001}. Best is trial 0 with value: 0.65.
[I 2026-04-21 10:31:19,911] Trial 24 finished with value: 0.6 and parameters: {'hidden_layer_sizes': (200,), 'max_iter': 100, 'alpha': 0.001}. Best is trial 0 with value: 0.65.
[I 2026-04-21 10:31:19,980] Trial 25 finished with value: 0.5 and parameters: {'hidden_layer_sizes': (200,), 'max_iter': 100, 'alpha': 0.001}. Best is trial 0 with value: 0.65.
[I 2026-04-21 10:31:20,048] Trial 26 finished with value: 0.5 and parameters: {'hidden_layer_sizes': (200,), 'max_iter': 100, 'alpha': 0.001}. Best is trial 0 with value: 0.65.
[I 2026-04-21 10:31:20,115] Trial 27 finished with value: 0.6 and parameters: {'hidden_layer_sizes': (200,), 'max_iter': 100, 'alpha': 0.001}. Best is trial 0 with value: 0.65.
[I 2026-04-21 10:31:20,163] Trial 28 finished with value: 0.6 and parameters: {'hidden_layer_sizes': (100, 100), 'max_iter': 50, 'alpha': 0.0001}. Best is trial 0 with value: 0.65.
[I 2026-04-21 10:31:20,220] Trial 29 finished with value: 0.6 and parameters: {'hidden_layer_sizes': (100,), 'max_iter': 100, 'alpha': 0.001}. Best is trial 0 with value: 0.65.
[I 2026-04-21 10:31:20,373] A new study created in memory with name: svc
[I 2026-04-21 10:31:20,387] Trial 0 finished with value: 0.55 and parameters: {'C': 37.27697013499731, 'gamma': 0.0021277432488243223}. Best is trial 0 with value: 0.55.
[I 2026-04-21 10:31:20,401] Trial 1 finished with value: 0.8 and parameters: {'C': 19.271543171162776, 'gamma': 0.00014682043379470554}. Best is trial 1 with value: 0.8.
[I 2026-04-21 10:31:20,415] Trial 2 finished with value: 0.5 and parameters: {'C': 0.0269542169583157, 'gamma': 0.023999835049635022}. Best is trial 1 with value: 0.8.
[I 2026-04-21 10:31:20,430] Trial 3 finished with value: 0.55 and parameters: {'C': 1.3160410886450586, 'gamma': 0.0047340159215720195}. Best is trial 1 with value: 0.8.
[I 2026-04-21 10:31:20,444] Trial 4 finished with value: 0.5 and parameters: {'C': 0.21959952535674737, 'gamma': 0.030908485742507576}. Best is trial 1 with value: 0.8.
[I 2026-04-21 10:31:20,458] Trial 5 finished with value: 0.5 and parameters: {'C': 0.5656733313644114, 'gamma': 0.08780685564625502}. Best is trial 1 with value: 0.8.
[I 2026-04-21 10:31:20,473] Trial 6 finished with value: 0.4 and parameters: {'C': 1.1807165425157664, 'gamma': 0.020674470756231633}. Best is trial 1 with value: 0.8.
[I 2026-04-21 10:31:20,487] Trial 7 finished with value: 0.3 and parameters: {'C': 3.8143486186647126, 'gamma': 0.9138966502602072}. Best is trial 1 with value: 0.8.
[I 2026-04-21 10:31:20,501] Trial 8 finished with value: 0.55 and parameters: {'C': 19.029737066374768, 'gamma': 0.004495766421289856}. Best is trial 1 with value: 0.8.
[I 2026-04-21 10:31:20,516] Trial 9 finished with value: 0.5 and parameters: {'C': 31.994153257994277, 'gamma': 0.19725941020937518}. Best is trial 1 with value: 0.8.
[I 2026-04-21 10:31:20,538] Trial 10 finished with value: 0.75 and parameters: {'C': 96.48544976930573, 'gamma': 0.00012227600695838894}. Best is trial 1 with value: 0.8.
[I 2026-04-21 10:31:20,560] Trial 11 finished with value: 0.75 and parameters: {'C': 85.03243023158656, 'gamma': 0.00011086875428339677}. Best is trial 1 with value: 0.8.
[I 2026-04-21 10:31:20,582] Trial 12 finished with value: 0.7 and parameters: {'C': 7.30045377683191, 'gamma': 0.00011761120437363941}. Best is trial 1 with value: 0.8.
[I 2026-04-21 10:31:20,605] Trial 13 finished with value: 0.7 and parameters: {'C': 98.91445511925785, 'gamma': 0.000582009164639594}. Best is trial 1 with value: 0.8.
[I 2026-04-21 10:31:20,630] Trial 14 finished with value: 0.75 and parameters: {'C': 10.160663714894534, 'gamma': 0.0005434015925856185}. Best is trial 1 with value: 0.8.
[I 2026-04-21 10:31:20,652] Trial 15 finished with value: 0.8 and parameters: {'C': 4.276194560296273, 'gamma': 0.000512951238475057}. Best is trial 1 with value: 0.8.
[I 2026-04-21 10:31:20,673] Trial 16 finished with value: 0.8 and parameters: {'C': 3.2002685643795457, 'gamma': 0.0006911006687735326}. Best is trial 1 with value: 0.8.
[I 2026-04-21 10:31:20,695] Trial 17 finished with value: 0.7 and parameters: {'C': 0.13503234955978005, 'gamma': 0.00031745153194823395}. Best is trial 1 with value: 0.8.
[I 2026-04-21 10:31:20,719] Trial 18 finished with value: 0.7 and parameters: {'C': 3.454828589367557, 'gamma': 0.0011621848796939036}. Best is trial 1 with value: 0.8.
[I 2026-04-21 10:31:20,739] Trial 19 finished with value: 0.7 and parameters: {'C': 0.013103877820334748, 'gamma': 0.00029332829491418935}. Best is trial 1 with value: 0.8.
[I 2026-04-21 10:31:20,759] Trial 20 finished with value: 0.6 and parameters: {'C': 17.34817886211305, 'gamma': 0.002234554011615976}. Best is trial 1 with value: 0.8.
[I 2026-04-21 10:31:20,793] Trial 21 finished with value: 0.8 and parameters: {'C': 3.508874892850283, 'gamma': 0.0008591300982490505}. Best is trial 1 with value: 0.8.
[I 2026-04-21 10:31:20,816] Trial 22 finished with value: 0.8 and parameters: {'C': 6.4758524099842605, 'gamma': 0.0002872344740063589}. Best is trial 1 with value: 0.8.
[I 2026-04-21 10:31:20,837] Trial 23 finished with value: 0.7 and parameters: {'C': 1.9157554679532123, 'gamma': 0.0013728249875430468}. Best is trial 1 with value: 0.8.
[I 2026-04-21 10:31:20,862] Trial 24 finished with value: 0.7 and parameters: {'C': 0.524873463082488, 'gamma': 0.00020737043274715738}. Best is trial 1 with value: 0.8.
[I 2026-04-21 10:31:20,892] Trial 25 finished with value: 0.55 and parameters: {'C': 13.548991989710473, 'gamma': 0.0061842648743158715}. Best is trial 1 with value: 0.8.
[I 2026-04-21 10:31:20,915] Trial 26 finished with value: 0.8 and parameters: {'C': 2.38515792576563, 'gamma': 0.0006064002446073412}. Best is trial 1 with value: 0.8.
[I 2026-04-21 10:31:20,939] Trial 27 finished with value: 0.75 and parameters: {'C': 0.5649315665480523, 'gamma': 0.0018259953028011984}. Best is trial 1 with value: 0.8.
[I 2026-04-21 10:31:20,960] Trial 28 finished with value: 0.7 and parameters: {'C': 36.244862714372346, 'gamma': 0.0001989822472168545}. Best is trial 1 with value: 0.8.
[I 2026-04-21 10:31:20,985] Trial 29 finished with value: 0.6 and parameters: {'C': 5.02169860641083, 'gamma': 0.002527042601581772}. Best is trial 1 with value: 0.8.
[I 2026-04-21 10:32:13,617] A new study created in memory with name: naive_bayes
[I 2026-04-21 10:32:13,641] Trial 0 finished with value: 0.4 and parameters: {'var_smoothing': 6.10548688762798e-09}. Best is trial 0 with value: 0.4.
[I 2026-04-21 10:32:13,655] Trial 1 finished with value: 0.4 and parameters: {'var_smoothing': 4.6127467400935034e-10}. Best is trial 0 with value: 0.4.
[I 2026-04-21 10:32:13,669] Trial 2 finished with value: 0.4 and parameters: {'var_smoothing': 4.389936579400967e-09}. Best is trial 0 with value: 0.4.
[I 2026-04-21 10:32:13,682] Trial 3 finished with value: 0.4 and parameters: {'var_smoothing': 1.2116948204672054e-10}. Best is trial 0 with value: 0.4.
[I 2026-04-21 10:32:13,696] Trial 4 finished with value: 0.4 and parameters: {'var_smoothing': 1.6417739478477417e-10}. Best is trial 0 with value: 0.4.
[I 2026-04-21 10:32:13,709] Trial 5 finished with value: 0.4 and parameters: {'var_smoothing': 1.5491880147236797e-09}. Best is trial 0 with value: 0.4.
[I 2026-04-21 10:32:13,722] Trial 6 finished with value: 0.4 and parameters: {'var_smoothing': 1.1471883405287265e-09}. Best is trial 0 with value: 0.4.
[I 2026-04-21 10:32:13,735] Trial 7 finished with value: 0.4 and parameters: {'var_smoothing': 6.88041853492358e-10}. Best is trial 0 with value: 0.4.
[I 2026-04-21 10:32:13,748] Trial 8 finished with value: 0.4 and parameters: {'var_smoothing': 4.686144741221158e-10}. Best is trial 0 with value: 0.4.
[I 2026-04-21 10:32:13,771] Trial 9 finished with value: 0.4 and parameters: {'var_smoothing': 1.7580809350683337e-09}. Best is trial 0 with value: 0.4.
[I 2026-04-21 10:32:13,793] Trial 10 finished with value: 0.4 and parameters: {'var_smoothing': 9.83902635509218e-09}. Best is trial 0 with value: 0.4.
[I 2026-04-21 10:32:13,810] Trial 11 finished with value: 0.4 and parameters: {'var_smoothing': 2.660399871603373e-10}. Best is trial 0 with value: 0.4.
[I 2026-04-21 10:32:13,827] Trial 12 finished with value: 0.4 and parameters: {'var_smoothing': 9.276268851540963e-09}. Best is trial 0 with value: 0.4.
[I 2026-04-21 10:32:13,844] Trial 13 finished with value: 0.4 and parameters: {'var_smoothing': 2.9844010685221692e-09}. Best is trial 0 with value: 0.4.
[I 2026-04-21 10:32:13,861] Trial 14 finished with value: 0.4 and parameters: {'var_smoothing': 3.8923309717334116e-10}. Best is trial 0 with value: 0.4.
[I 2026-04-21 10:32:13,877] Trial 15 finished with value: 0.4 and parameters: {'var_smoothing': 3.85461066627204e-09}. Best is trial 0 with value: 0.4.
[I 2026-04-21 10:32:13,894] Trial 16 finished with value: 0.4 and parameters: {'var_smoothing': 7.120907275009211e-10}. Best is trial 0 with value: 0.4.
[I 2026-04-21 10:32:13,911] Trial 17 finished with value: 0.4 and parameters: {'var_smoothing': 2.412486610614855e-10}. Best is trial 0 with value: 0.4.
[I 2026-04-21 10:32:13,926] Trial 18 finished with value: 0.4 and parameters: {'var_smoothing': 2.3580860166954074e-09}. Best is trial 0 with value: 0.4.
[I 2026-04-21 10:32:13,941] Trial 19 finished with value: 0.4 and parameters: {'var_smoothing': 5.846846875339535e-09}. Best is trial 0 with value: 0.4.
[I 2026-04-21 10:32:13,961] Trial 20 finished with value: 0.4 and parameters: {'var_smoothing': 1.0486521320383776e-09}. Best is trial 0 with value: 0.4.
[I 2026-04-21 10:32:13,982] Trial 21 finished with value: 0.4 and parameters: {'var_smoothing': 4.9491450263339475e-09}. Best is trial 0 with value: 0.4.
[I 2026-04-21 10:32:14,002] Trial 22 finished with value: 0.4 and parameters: {'var_smoothing': 6.667992141406306e-09}. Best is trial 0 with value: 0.4.
[I 2026-04-21 10:32:14,022] Trial 23 finished with value: 0.4 and parameters: {'var_smoothing': 3.2795712712135213e-09}. Best is trial 0 with value: 0.4.
[I 2026-04-21 10:32:14,041] Trial 24 finished with value: 0.4 and parameters: {'var_smoothing': 6.403538416287158e-10}. Best is trial 0 with value: 0.4.
[I 2026-04-21 10:32:14,061] Trial 25 finished with value: 0.4 and parameters: {'var_smoothing': 2.1589819023851477e-09}. Best is trial 0 with value: 0.4.
[I 2026-04-21 10:32:14,079] Trial 26 finished with value: 0.4 and parameters: {'var_smoothing': 3.912617821024548e-09}. Best is trial 0 with value: 0.4.
[I 2026-04-21 10:32:14,098] Trial 27 finished with value: 0.4 and parameters: {'var_smoothing': 7.162139101012446e-09}. Best is trial 0 with value: 0.4.
[I 2026-04-21 10:32:14,117] Trial 28 finished with value: 0.4 and parameters: {'var_smoothing': 1.3883316815746274e-09}. Best is trial 0 with value: 0.4.
[I 2026-04-21 10:32:14,134] Trial 29 finished with value: 0.4 and parameters: {'var_smoothing': 4.1751754503046387e-10}. Best is trial 0 with value: 0.4.
[I 2026-04-21 10:32:14,173] A new study created in memory with name: logreg
[I 2026-04-21 10:32:14,198] Trial 0 finished with value: 0.5 and parameters: {'C': 29.127335430981816, 'penalty': 'l2'}. Best is trial 0 with value: 0.5.
[I 2026-04-21 10:32:14,211] Trial 1 finished with value: 0.55 and parameters: {'C': 0.045698192893558344, 'penalty': 'l2'}. Best is trial 1 with value: 0.55.
[I 2026-04-21 10:32:14,235] Trial 2 finished with value: 0.45 and parameters: {'C': 12.768668597712947, 'penalty': 'l2'}. Best is trial 1 with value: 0.55.
[I 2026-04-21 10:32:14,250] Trial 3 finished with value: 0.5 and parameters: {'C': 0.0016161554408462638, 'penalty': 'l2'}. Best is trial 1 with value: 0.55.
[I 2026-04-21 10:32:14,274] Trial 4 finished with value: 0.55 and parameters: {'C': 0.0034536903703241734, 'penalty': 'l2'}. Best is trial 1 with value: 0.55.
[I 2026-04-21 10:32:14,298] Trial 5 finished with value: 0.45 and parameters: {'C': 0.9446269266990148, 'penalty': 'l2'}. Best is trial 1 with value: 0.55.
[I 2026-04-21 10:32:14,324] Trial 6 finished with value: 0.4 and parameters: {'C': 0.4457453393648168, 'penalty': 'l2'}. Best is trial 1 with value: 0.55.
[I 2026-04-21 10:32:14,350] Trial 7 finished with value: 0.45 and parameters: {'C': 0.12417585037258261, 'penalty': 'l2'}. Best is trial 1 with value: 0.55.
[I 2026-04-21 10:32:14,366] Trial 8 finished with value: 0.55 and parameters: {'C': 0.04753781830244093, 'penalty': 'l2'}. Best is trial 1 with value: 0.55.
[I 2026-04-21 10:32:14,391] Trial 9 finished with value: 0.4 and parameters: {'C': 1.2959766028194148, 'penalty': 'l2'}. Best is trial 1 with value: 0.55.
[I 2026-04-21 10:32:14,420] Trial 10 finished with value: 0.55 and parameters: {'C': 0.02024823315667757, 'penalty': 'l2'}. Best is trial 1 with value: 0.55.
[I 2026-04-21 10:32:14,445] Trial 11 finished with value: 0.5 and parameters: {'C': 0.0022748036406760905, 'penalty': 'l2'}. Best is trial 1 with value: 0.55.
[I 2026-04-21 10:32:14,475] Trial 12 finished with value: 0.5 and parameters: {'C': 0.014189519691254019, 'penalty': 'l2'}. Best is trial 1 with value: 0.55.
[I 2026-04-21 10:32:14,494] Trial 13 finished with value: 0.6 and parameters: {'C': 0.006508681724678302, 'penalty': 'l2'}. Best is trial 13 with value: 0.6.
[I 2026-04-21 10:32:14,524] Trial 14 finished with value: 0.6 and parameters: {'C': 0.007421596657289348, 'penalty': 'l2'}. Best is trial 13 with value: 0.6.
[I 2026-04-21 10:32:14,552] Trial 15 finished with value: 0.6 and parameters: {'C': 0.008846506591380948, 'penalty': 'l2'}. Best is trial 13 with value: 0.6.
[I 2026-04-21 10:32:14,579] Trial 16 finished with value: 0.45 and parameters: {'C': 3.939899529369674, 'penalty': 'l2'}. Best is trial 13 with value: 0.6.
[I 2026-04-21 10:32:14,595] Trial 17 finished with value: 0.45 and parameters: {'C': 0.001078883733071165, 'penalty': 'l2'}. Best is trial 13 with value: 0.6.
[I 2026-04-21 10:32:14,620] Trial 18 finished with value: 0.45 and parameters: {'C': 0.1552174755212626, 'penalty': 'l2'}. Best is trial 13 with value: 0.6.
[I 2026-04-21 10:32:14,648] Trial 19 finished with value: 0.6 and parameters: {'C': 0.007208114789357842, 'penalty': 'l2'}. Best is trial 13 with value: 0.6.
[I 2026-04-21 10:32:14,675] Trial 20 finished with value: 0.55 and parameters: {'C': 0.04482679081546476, 'penalty': 'l2'}. Best is trial 13 with value: 0.6.
[I 2026-04-21 10:32:14,703] Trial 21 finished with value: 0.6 and parameters: {'C': 0.0057930624694062195, 'penalty': 'l2'}. Best is trial 13 with value: 0.6.
[I 2026-04-21 10:32:14,735] Trial 22 finished with value: 0.55 and parameters: {'C': 0.018334379417426088, 'penalty': 'l2'}. Best is trial 13 with value: 0.6.
[I 2026-04-21 10:32:14,763] Trial 23 finished with value: 0.6 and parameters: {'C': 0.007431307910222439, 'penalty': 'l2'}. Best is trial 13 with value: 0.6.
[I 2026-04-21 10:32:14,794] Trial 24 finished with value: 0.45 and parameters: {'C': 0.10376479878444198, 'penalty': 'l2'}. Best is trial 13 with value: 0.6.
[I 2026-04-21 10:32:14,816] Trial 25 finished with value: 0.6 and parameters: {'C': 0.003896328350672967, 'penalty': 'l2'}. Best is trial 13 with value: 0.6.
[I 2026-04-21 10:32:14,842] Trial 26 finished with value: 0.5 and parameters: {'C': 0.014200791172598391, 'penalty': 'l2'}. Best is trial 13 with value: 0.6.
[I 2026-04-21 10:32:14,874] Trial 27 finished with value: 0.45 and parameters: {'C': 0.001243185183144925, 'penalty': 'l2'}. Best is trial 13 with value: 0.6.
[I 2026-04-21 10:32:14,905] Trial 28 finished with value: 0.45 and parameters: {'C': 0.3379286483350295, 'penalty': 'l2'}. Best is trial 13 with value: 0.6.
[I 2026-04-21 10:32:14,939] Trial 29 finished with value: 0.5 and parameters: {'C': 45.75034886101285, 'penalty': 'l2'}. Best is trial 13 with value: 0.6.
[I 2026-04-21 10:32:15,004] A new study created in memory with name: knn
[I 2026-04-21 10:32:15,030] Trial 0 finished with value: 0.4 and parameters: {'n_neighbors': 10, 'leaf_size': 26, 'p': 1}. Best is trial 0 with value: 0.4.
[I 2026-04-21 10:32:15,046] Trial 1 finished with value: 0.4 and parameters: {'n_neighbors': 3, 'leaf_size': 32, 'p': 1}. Best is trial 0 with value: 0.4.
[I 2026-04-21 10:32:15,061] Trial 2 finished with value: 0.45 and parameters: {'n_neighbors': 5, 'leaf_size': 33, 'p': 2}. Best is trial 2 with value: 0.45.
[I 2026-04-21 10:32:15,077] Trial 3 finished with value: 0.55 and parameters: {'n_neighbors': 7, 'leaf_size': 32, 'p': 2}. Best is trial 3 with value: 0.55.
[I 2026-04-21 10:32:15,091] Trial 4 finished with value: 0.55 and parameters: {'n_neighbors': 9, 'leaf_size': 28, 'p': 1}. Best is trial 3 with value: 0.55.
[I 2026-04-21 10:32:15,106] Trial 5 finished with value: 0.4 and parameters: {'n_neighbors': 3, 'leaf_size': 35, 'p': 1}. Best is trial 3 with value: 0.55.
[I 2026-04-21 10:32:15,122] Trial 6 finished with value: 0.55 and parameters: {'n_neighbors': 8, 'leaf_size': 31, 'p': 2}. Best is trial 3 with value: 0.55.
[I 2026-04-21 10:32:15,136] Trial 7 finished with value: 0.45 and parameters: {'n_neighbors': 6, 'leaf_size': 24, 'p': 2}. Best is trial 3 with value: 0.55.
[I 2026-04-21 10:32:15,151] Trial 8 finished with value: 0.45 and parameters: {'n_neighbors': 5, 'leaf_size': 34, 'p': 2}. Best is trial 3 with value: 0.55.
[I 2026-04-21 10:32:15,167] Trial 9 finished with value: 0.45 and parameters: {'n_neighbors': 10, 'leaf_size': 27, 'p': 2}. Best is trial 3 with value: 0.55.
[I 2026-04-21 10:32:15,199] Trial 10 finished with value: 0.55 and parameters: {'n_neighbors': 7, 'leaf_size': 40, 'p': 2}. Best is trial 3 with value: 0.55.
[I 2026-04-21 10:32:15,223] Trial 11 finished with value: 0.45 and parameters: {'n_neighbors': 8, 'leaf_size': 21, 'p': 1}. Best is trial 3 with value: 0.55.
[I 2026-04-21 10:32:15,248] Trial 12 finished with value: 0.55 and parameters: {'n_neighbors': 9, 'leaf_size': 28, 'p': 1}. Best is trial 3 with value: 0.55.
[I 2026-04-21 10:32:15,275] Trial 13 finished with value: 0.45 and parameters: {'n_neighbors': 8, 'leaf_size': 38, 'p': 1}. Best is trial 3 with value: 0.55.
[I 2026-04-21 10:32:15,301] Trial 14 finished with value: 0.55 and parameters: {'n_neighbors': 7, 'leaf_size': 29, 'p': 2}. Best is trial 3 with value: 0.55.
[I 2026-04-21 10:32:15,327] Trial 15 finished with value: 0.55 and parameters: {'n_neighbors': 9, 'leaf_size': 23, 'p': 1}. Best is trial 3 with value: 0.55.
[I 2026-04-21 10:32:15,351] Trial 16 finished with value: 0.45 and parameters: {'n_neighbors': 6, 'leaf_size': 36, 'p': 2}. Best is trial 3 with value: 0.55.
[I 2026-04-21 10:32:15,376] Trial 17 finished with value: 0.55 and parameters: {'n_neighbors': 9, 'leaf_size': 30, 'p': 1}. Best is trial 3 with value: 0.55.
[I 2026-04-21 10:32:15,398] Trial 18 finished with value: 0.45 and parameters: {'n_neighbors': 5, 'leaf_size': 25, 'p': 1}. Best is trial 3 with value: 0.55.
[I 2026-04-21 10:32:15,424] Trial 19 finished with value: 0.55 and parameters: {'n_neighbors': 7, 'leaf_size': 20, 'p': 2}. Best is trial 3 with value: 0.55.
[I 2026-04-21 10:32:15,447] Trial 20 finished with value: 0.55 and parameters: {'n_neighbors': 4, 'leaf_size': 30, 'p': 1}. Best is trial 3 with value: 0.55.
[I 2026-04-21 10:32:15,482] Trial 21 finished with value: 0.55 and parameters: {'n_neighbors': 8, 'leaf_size': 32, 'p': 2}. Best is trial 3 with value: 0.55.
[I 2026-04-21 10:32:15,507] Trial 22 finished with value: 0.55 and parameters: {'n_neighbors': 8, 'leaf_size': 31, 'p': 2}. Best is trial 3 with value: 0.55.
[I 2026-04-21 10:32:15,533] Trial 23 finished with value: 0.55 and parameters: {'n_neighbors': 9, 'leaf_size': 29, 'p': 2}. Best is trial 3 with value: 0.55.
