[I 2026-04-21 10:31:00,827] Trial 21 finished with value: 0.75 and parameters: {'C': 0.017302214293329704, 'penalty': 'l2'}. Best is trial 16 with value: 0.8.
[I 2026-04-21 10:31:00,857] Trial 22 finished with value: 0.8 and parameters: {'C': 0.018334379417426088, 'penalty': 'l2'}. Best is trial 16 with value: 0.8.
[I 2026-04-21 10:31:00,887] Trial 23 finished with value: 0.6 and parameters: {'C': 0.12177845692062887, 'penalty': 'l2'}. Best is trial 16 with value: 0.8.
[I 2026-04-21 10:31:00,923] Trial 24 finished with value: 0.8 and parameters: {'C': 0.022312047761632894, 'penalty': 'l2'}. Best is trial 16 with value: 0.8.
[I 2026-04-21 10:31:00,941] Trial 25 finished with value: 0.75 and parameters: {'C': 0.01183701012283006, 'penalty': 'l2'}. Best is trial 16 with value: 0.8.
[I 2026-04-21 10:31:00,968] Trial 26 finished with value: 0.6 and parameters: {'C': 0.06812913646612007, 'penalty': 'l2'}. Best is trial 16 with value: 0.8.
[I 2026-04-21 10:31:00,999] Trial 27 finished with value: 0.6 and parameters: {'C': 0.3579259276997438, 'penalty': 'l2'}. Best is trial 16 with value: 0.8.
[I 2026-04-21 10:31:01,020] Trial 28 finished with value: 0.75 and parameters: {'C': 0.00424643819605152, 'penalty': 'l2'}. Best is trial 16 with value: 0.8.
[I 2026-04-21 10:31:01,051] Trial 29 finished with value: 0.65 and parameters: {'C': 45.75034886101285, 'penalty': 'l2'}. Best is trial 16 with value: 0.8.
[I 2026-04-21 10:31:01,095] A new study created in memory with name: knn
[I 2026-04-21 10:31:01,107] Trial 0 finished with value: 0.7 and parameters: {'n_neighbors': 10, 'leaf_size': 26, 'p': 1}. Best is trial 0 with value: 0.7.
[I 2026-04-21 10:31:01,120] Trial 1 finished with value: 0.65 and parameters: {'n_neighbors': 3, 'leaf_size': 32, 'p': 1}. Best is trial 0 with value: 0.7.
[I 2026-04-21 10:31:01,133] Trial 2 finished with value: 0.7 and parameters: {'n_neighbors': 5, 'leaf_size': 33, 'p': 2}. Best is trial 0 with value: 0.7.
[I 2026-04-21 10:31:01,146] Trial 3 finished with value: 0.7 and parameters: {'n_neighbors': 7, 'leaf_size': 32, 'p': 2}. Best is trial 0 with value: 0.7.
[I 2026-04-21 10:31:01,159] Trial 4 finished with value: 0.7 and parameters: {'n_neighbors': 9, 'leaf_size': 28, 'p': 1}. Best is trial 0 with value: 0.7.
[I 2026-04-21 10:31:01,172] Trial 5 finished with value: 0.65 and parameters: {'n_neighbors': 3, 'leaf_size': 35, 'p': 1}. Best is trial 0 with value: 0.7.
[I 2026-04-21 10:31:01,187] Trial 6 finished with value: 0.7 and parameters: {'n_neighbors': 8, 'leaf_size': 31, 'p': 2}. Best is trial 0 with value: 0.7.
[I 2026-04-21 10:31:01,202] Trial 7 finished with value: 0.75 and parameters: {'n_neighbors': 6, 'leaf_size': 24, 'p': 2}. Best is trial 7 with value: 0.75.
[I 2026-04-21 10:31:01,215] Trial 8 finished with value: 0.7 and parameters: {'n_neighbors': 5, 'leaf_size': 34, 'p': 2}. Best is trial 7 with value: 0.75.
[I 2026-04-21 10:31:01,229] Trial 9 finished with value: 0.65 and parameters: {'n_neighbors': 10, 'leaf_size': 27, 'p': 2}. Best is trial 7 with value: 0.75.
[I 2026-04-21 10:31:01,252] Trial 10 finished with value: 0.7 and parameters: {'n_neighbors': 5, 'leaf_size': 20, 'p': 2}. Best is trial 7 with value: 0.75.
[I 2026-04-21 10:31:01,277] Trial 11 finished with value: 0.7 and parameters: {'n_neighbors': 7, 'leaf_size': 23, 'p': 1}. Best is trial 7 with value: 0.75.
[I 2026-04-21 10:31:01,301] Trial 12 finished with value: 0.7 and parameters: {'n_neighbors': 10, 'leaf_size': 40, 'p': 1}. Best is trial 7 with value: 0.75.
[I 2026-04-21 10:31:01,326] Trial 13 finished with value: 0.8 and parameters: {'n_neighbors': 6, 'leaf_size': 24, 'p': 1}. Best is trial 13 with value: 0.8.
[I 2026-04-21 10:31:01,349] Trial 14 finished with value: 0.75 and parameters: {'n_neighbors': 6, 'leaf_size': 24, 'p': 2}. Best is trial 13 with value: 0.8.
[I 2026-04-21 10:31:01,373] Trial 15 finished with value: 0.8 and parameters: {'n_neighbors': 6, 'leaf_size': 21, 'p': 1}. Best is trial 13 with value: 0.8.
[I 2026-04-21 10:31:01,404] Trial 16 finished with value: 0.75 and parameters: {'n_neighbors': 4, 'leaf_size': 21, 'p': 1}. Best is trial 13 with value: 0.8.
[I 2026-04-21 10:31:01,431] Trial 17 finished with value: 0.65 and parameters: {'n_neighbors': 8, 'leaf_size': 22, 'p': 1}. Best is trial 13 with value: 0.8.
[I 2026-04-21 10:31:01,453] Trial 18 finished with value: 0.8 and parameters: {'n_neighbors': 6, 'leaf_size': 25, 'p': 1}. Best is trial 13 with value: 0.8.
[I 2026-04-21 10:31:01,477] Trial 19 finished with value: 0.75 and parameters: {'n_neighbors': 4, 'leaf_size': 28, 'p': 1}. Best is trial 13 with value: 0.8.
[I 2026-04-21 10:31:01,500] Trial 20 finished with value: 0.65 and parameters: {'n_neighbors': 8, 'leaf_size': 20, 'p': 1}. Best is trial 13 with value: 0.8.
[I 2026-04-21 10:31:01,525] Trial 21 finished with value: 0.8 and parameters: {'n_neighbors': 6, 'leaf_size': 25, 'p': 1}. Best is trial 13 with value: 0.8.
[I 2026-04-21 10:31:01,548] Trial 22 finished with value: 0.7 and parameters: {'n_neighbors': 7, 'leaf_size': 25, 'p': 1}. Best is trial 13 with value: 0.8.
[I 2026-04-21 10:31:01,571] Trial 23 finished with value: 0.8 and parameters: {'n_neighbors': 6, 'leaf_size': 22, 'p': 1}. Best is trial 13 with value: 0.8.
[I 2026-04-21 10:31:01,598] Trial 24 finished with value: 0.75 and parameters: {'n_neighbors': 5, 'leaf_size': 30, 'p': 1}. Best is trial 13 with value: 0.8.
[I 2026-04-21 10:31:01,623] Trial 25 finished with value: 0.75 and parameters: {'n_neighbors': 4, 'leaf_size': 23, 'p': 1}. Best is trial 13 with value: 0.8.
[I 2026-04-21 10:31:01,658] Trial 26 finished with value: 0.7 and parameters: {'n_neighbors': 7, 'leaf_size': 29, 'p': 1}. Best is trial 13 with value: 0.8.
[I 2026-04-21 10:31:01,682] Trial 27 finished with value: 0.8 and parameters: {'n_neighbors': 6, 'leaf_size': 26, 'p': 1}. Best is trial 13 with value: 0.8.
[I 2026-04-21 10:31:01,704] Trial 28 finished with value: 0.75 and parameters: {'n_neighbors': 5, 'leaf_size': 37, 'p': 1}. Best is trial 13 with value: 0.8.
[I 2026-04-21 10:31:01,729] Trial 29 finished with value: 0.65 and parameters: {'n_neighbors': 8, 'leaf_size': 26, 'p': 1}. Best is trial 13 with value: 0.8.
[I 2026-04-21 10:31:01,778] A new study created in memory with name: xgb
[I 2026-04-21 10:31:01,804] Trial 0 finished with value: 0.6 and parameters: {'n_estimators': 10, 'max_depth': 30, 'gamma': 0.5768356259735394, 'subsample': 0.7094037142783272, 'colsample_bytree': 0.6677039246366646}. Best is trial 0 with value: 0.6.
[I 2026-04-21 10:31:01,831] Trial 1 finished with value: 0.6 and parameters: {'n_estimators': 100, 'max_depth': 30, 'gamma': 0.9912018442360747, 'subsample': 0.9099290984609207, 'colsample_bytree': 0.7066004674080903}. Best is trial 0 with value: 0.6.
[I 2026-04-21 10:31:01,857] Trial 2 finished with value: 0.6 and parameters: {'n_estimators': 10, 'max_depth': 20, 'gamma': 0.7382185757030506, 'subsample': 0.7704684271512641, 'colsample_bytree': 0.5624120871903049}. Best is trial 0 with value: 0.6.
[I 2026-04-21 10:31:01,883] Trial 3 finished with value: 0.75 and parameters: {'n_estimators': 10, 'max_depth': 20, 'gamma': 0.7041784887453524, 'subsample': 0.7995029565695583, 'colsample_bytree': 0.8586660727777565}. Best is trial 3 with value: 0.75.
[I 2026-04-21 10:31:01,912] Trial 4 finished with value: 0.55 and parameters: {'n_estimators': 10, 'max_depth': 20, 'gamma': 0.46549701645255037, 'subsample': 0.9946899241400011, 'colsample_bytree': 0.725249640372583}. Best is trial 3 with value: 0.75.
[I 2026-04-21 10:31:01,940] Trial 5 finished with value: 0.65 and parameters: {'n_estimators': 40, 'max_depth': 20, 'gamma': 0.3554734452019276, 'subsample': 0.5947710951851903, 'colsample_bytree': 0.7356254823676576}. Best is trial 3 with value: 0.75.
[I 2026-04-21 10:31:01,969] Trial 6 finished with value: 0.55 and parameters: {'n_estimators': 40, 'max_depth': 20, 'gamma': 0.8967376717636345, 'subsample': 0.988276510203839, 'colsample_bytree': 0.9184542964535913}. Best is trial 3 with value: 0.75.
[I 2026-04-21 10:31:02,009] Trial 7 finished with value: 0.6 and parameters: {'n_estimators': 40, 'max_depth': 30, 'gamma': 0.7149068474388774, 'subsample': 0.5696358027454862, 'colsample_bytree': 0.8514125286992056}. Best is trial 3 with value: 0.75.
[I 2026-04-21 10:31:02,039] Trial 8 finished with value: 0.6 and parameters: {'n_estimators': 100, 'max_depth': 30, 'gamma': 0.2471398756881566, 'subsample': 0.8241126205332553, 'colsample_bytree': 0.6258070715852391}. Best is trial 3 with value: 0.75.
[I 2026-04-21 10:31:02,067] Trial 9 finished with value: 0.65 and parameters: {'n_estimators': 40, 'max_depth': 30, 'gamma': 0.8599846034069103, 'subsample': 0.8019332783535529, 'colsample_bytree': 0.7936068454878676}. Best is trial 3 with value: 0.75.
[I 2026-04-21 10:31:02,108] Trial 10 finished with value: 0.65 and parameters: {'n_estimators': 10, 'max_depth': 5, 'gamma': 0.11132541504315885, 'subsample': 0.6662848793328995, 'colsample_bytree': 0.9668465952220582}. Best is trial 3 with value: 0.75.
[I 2026-04-21 10:31:02,150] Trial 11 finished with value: 0.55 and parameters: {'n_estimators': 40, 'max_depth': 20, 'gamma': 0.40966526279690063, 'subsample': 0.5282246615033291, 'colsample_bytree': 0.8214983916851548}. Best is trial 3 with value: 0.75.
[I 2026-04-21 10:31:02,188] Trial 12 finished with value: 0.65 and parameters: {'n_estimators': 10, 'max_depth': 20, 'gamma': 0.3273879186161104, 'subsample': 0.6374010179857792, 'colsample_bytree': 0.8802033920814734}. Best is trial 3 with value: 0.75.
[I 2026-04-21 10:31:02,227] Trial 13 finished with value: 0.65 and parameters: {'n_estimators': 40, 'max_depth': 5, 'gamma': 0.6039754678230813, 'subsample': 0.8651778699088216, 'colsample_bytree': 0.7730909024488464}. Best is trial 3 with value: 0.75.
[I 2026-04-21 10:31:02,277] Trial 14 finished with value: 0.7 and parameters: {'n_estimators': 100, 'max_depth': 20, 'gamma': 0.6773769595333166, 'subsample': 0.6080050475213126, 'colsample_bytree': 0.5013541727082262}. Best is trial 3 with value: 0.75.
[I 2026-04-21 10:31:02,318] Trial 15 finished with value: 0.6 and parameters: {'n_estimators': 100, 'max_depth': 20, 'gamma': 0.7001253686796338, 'subsample': 0.7210246069899078, 'colsample_bytree': 0.5086250005062352}. Best is trial 3 with value: 0.75.
[I 2026-04-21 10:31:02,369] Trial 16 finished with value: 0.6 and parameters: {'n_estimators': 100, 'max_depth': 5, 'gamma': 0.8405032687274457, 'subsample': 0.6723808813288867, 'colsample_bytree': 0.6065463685190826}. Best is trial 3 with value: 0.75.
[I 2026-04-21 10:31:02,411] Trial 17 finished with value: 0.6 and parameters: {'n_estimators': 100, 'max_depth': 20, 'gamma': 0.6395322059055845, 'subsample': 0.5053007952589881, 'colsample_bytree': 0.9933840889987662}. Best is trial 3 with value: 0.75.
[I 2026-04-21 10:31:02,454] Trial 18 finished with value: 0.65 and parameters: {'n_estimators': 100, 'max_depth': 20, 'gamma': 0.4978976828151459, 'subsample': 0.8630598697399666, 'colsample_bytree': 0.8954973053751403}. Best is trial 3 with value: 0.75.
[I 2026-04-21 10:31:02,496] Trial 19 finished with value: 0.65 and parameters: {'n_estimators': 10, 'max_depth': 20, 'gamma': 0.7845834662562873, 'subsample': 0.7483349778679016, 'colsample_bytree': 0.547587800235013}. Best is trial 3 with value: 0.75.
[I 2026-04-21 10:31:02,536] Trial 20 finished with value: 0.7 and parameters: {'n_estimators': 100, 'max_depth': 5, 'gamma': 0.9786014664999018, 'subsample': 0.6110092370811504, 'colsample_bytree': 0.6794048238984867}. Best is trial 3 with value: 0.75.
[I 2026-04-21 10:31:02,586] Trial 21 finished with value: 0.6 and parameters: {'n_estimators': 100, 'max_depth': 5, 'gamma': 0.9704315711921414, 'subsample': 0.603363469309323, 'colsample_bytree': 0.6550945648462624}. Best is trial 3 with value: 0.75.
[I 2026-04-21 10:31:02,629] Trial 22 finished with value: 0.6 and parameters: {'n_estimators': 100, 'max_depth': 5, 'gamma': 0.6396851373605045, 'subsample': 0.6487127054236661, 'colsample_bytree': 0.5022363135646966}. Best is trial 3 with value: 0.75.
[I 2026-04-21 10:31:02,690] Trial 23 finished with value: 0.65 and parameters: {'n_estimators': 100, 'max_depth': 5, 'gamma': 0.7987422309514872, 'subsample': 0.5558759323657103, 'colsample_bytree': 0.5740175812094567}. Best is trial 3 with value: 0.75.
[I 2026-04-21 10:31:02,728] Trial 24 finished with value: 0.6 and parameters: {'n_estimators': 100, 'max_depth': 5, 'gamma': 0.9279776319430818, 'subsample': 0.7044926754662498, 'colsample_bytree': 0.827332524753155}. Best is trial 3 with value: 0.75.
[I 2026-04-21 10:31:02,762] Trial 25 finished with value: 0.65 and parameters: {'n_estimators': 10, 'max_depth': 20, 'gamma': 0.49581799788596115, 'subsample': 0.6175061423626792, 'colsample_bytree': 0.9400693245653757}. Best is trial 3 with value: 0.75.
[I 2026-04-21 10:31:02,813] Trial 26 finished with value: 0.65 and parameters: {'n_estimators': 100, 'max_depth': 5, 'gamma': 0.6696537630157812, 'subsample': 0.763607931619515, 'colsample_bytree': 0.6888547195763509}. Best is trial 3 with value: 0.75.
[I 2026-04-21 10:31:02,853] Trial 27 finished with value: 0.5 and parameters: {'n_estimators': 10, 'max_depth': 20, 'gamma': 0.8194195423944889, 'subsample': 0.5512345811452781, 'colsample_bytree': 0.7722970391151971}. Best is trial 3 with value: 0.75.
[I 2026-04-21 10:31:02,892] Trial 28 finished with value: 0.6 and parameters: {'n_estimators': 100, 'max_depth': 20, 'gamma': 0.5647942570840985, 'subsample': 0.8079112280103246, 'colsample_bytree': 0.6397141318894364}. Best is trial 3 with value: 0.75.
[I 2026-04-21 10:31:02,930] Trial 29 finished with value: 0.6 and parameters: {'n_estimators': 10, 'max_depth': 5, 'gamma': 0.7527306782573897, 'subsample': 0.6978828918392843, 'colsample_bytree': 0.6684434286984808}. Best is trial 3 with value: 0.75.
[I 2026-04-21 10:31:03,012] A new study created in memory with name: rf
[I 2026-04-21 10:31:03,660] Trial 0 finished with value: 0.7 and parameters: {'n_estimators': 458, 'max_depth': 8, 'min_samples_split': 9, 'min_samples_leaf': 1}. Best is trial 0 with value: 0.7.
[I 2026-04-21 10:31:03,866] Trial 1 finished with value: 0.7 and parameters: {'n_estimators': 143, 'max_depth': 13, 'min_samples_split': 6, 'min_samples_leaf': 5}. Best is trial 0 with value: 0.7.
[I 2026-04-21 10:31:04,263] Trial 2 finished with value: 0.5 and parameters: {'n_estimators': 234, 'max_depth': 14, 'min_samples_split': 5, 'min_samples_leaf': 8}. Best is trial 0 with value: 0.7.
[I 2026-04-21 10:31:04,765] Trial 3 finished with value: 0.5 and parameters: {'n_estimators': 307, 'max_depth': 13, 'min_samples_split': 7, 'min_samples_leaf': 10}. Best is trial 0 with value: 0.7.
[I 2026-04-21 10:31:05,273] Trial 4 finished with value: 0.5 and parameters: {'n_estimators': 428, 'max_depth': 10, 'min_samples_split': 9, 'min_samples_leaf': 9}. Best is trial 0 with value: 0.7.
[I 2026-04-21 10:31:05,448] Trial 5 finished with value: 0.5 and parameters: {'n_estimators': 121, 'max_depth': 15, 'min_samples_split': 9, 'min_samples_leaf': 8}. Best is trial 0 with value: 0.7.
[I 2026-04-21 10:31:05,865] Trial 6 finished with value: 0.5 and parameters: {'n_estimators': 384, 'max_depth': 12, 'min_samples_split': 3, 'min_samples_leaf': 10}. Best is trial 0 with value: 0.7.
[I 2026-04-21 10:31:06,323] Trial 7 finished with value: 0.5 and parameters: {'n_estimators': 261, 'max_depth': 6, 'min_samples_split': 8, 'min_samples_leaf': 10}. Best is trial 0 with value: 0.7.
[I 2026-04-21 10:31:06,592] Trial 8 finished with value: 0.5 and parameters: {'n_estimators': 202, 'max_depth': 15, 'min_samples_split': 7, 'min_samples_leaf': 8}. Best is trial 0 with value: 0.7.
[I 2026-04-21 10:31:07,123] Trial 9 finished with value: 0.7 and parameters: {'n_estimators': 475, 'max_depth': 9, 'min_samples_split': 4, 'min_samples_leaf': 5}. Best is trial 0 with value: 0.7.
[I 2026-04-21 10:31:07,589] Trial 10 finished with value: 0.75 and parameters: {'n_estimators': 352, 'max_depth': 20, 'min_samples_split': 10, 'min_samples_leaf': 1}. Best is trial 10 with value: 0.75.
[I 2026-04-21 10:31:08,024] Trial 11 finished with value: 0.7 and parameters: {'n_estimators': 363, 'max_depth': 20, 'min_samples_split': 10, 'min_samples_leaf': 1}. Best is trial 10 with value: 0.75.
[I 2026-04-21 10:31:08,601] Trial 12 finished with value: 0.65 and parameters: {'n_estimators': 489, 'max_depth': 4, 'min_samples_split': 10, 'min_samples_leaf': 1}. Best is trial 10 with value: 0.75.
[I 2026-04-21 10:31:09,026] Trial 13 finished with value: 0.75 and parameters: {'n_estimators': 351, 'max_depth': 20, 'min_samples_split': 10, 'min_samples_leaf': 3}. Best is trial 10 with value: 0.75.
[I 2026-04-21 10:31:09,410] Trial 14 finished with value: 0.75 and parameters: {'n_estimators': 340, 'max_depth': 20, 'min_samples_split': 2, 'min_samples_leaf': 3}. Best is trial 10 with value: 0.75.
[I 2026-04-21 10:31:09,876] Trial 15 finished with value: 0.8 and parameters: {'n_estimators': 404, 'max_depth': 18, 'min_samples_split': 10, 'min_samples_leaf': 3}. Best is trial 15 with value: 0.8.
[I 2026-04-21 10:31:10,352] Trial 16 finished with value: 0.75 and parameters: {'n_estimators': 411, 'max_depth': 17, 'min_samples_split': 8, 'min_samples_leaf': 3}. Best is trial 15 with value: 0.8.
[I 2026-04-21 10:31:10,885] Trial 17 finished with value: 0.75 and parameters: {'n_estimators': 296, 'max_depth': 17, 'min_samples_split': 8, 'min_samples_leaf': 2}. Best is trial 15 with value: 0.8.
[I 2026-04-21 10:31:11,524] Trial 18 finished with value: 0.75 and parameters: {'n_estimators': 414, 'max_depth': 17, 'min_samples_split': 7, 'min_samples_leaf': 4}. Best is trial 15 with value: 0.8.
[I 2026-04-21 10:31:11,909] Trial 19 finished with value: 0.65 and parameters: {'n_estimators': 304, 'max_depth': 18, 'min_samples_split': 5, 'min_samples_leaf': 6}. Best is trial 15 with value: 0.8.
[I 2026-04-21 10:31:12,423] Trial 20 finished with value: 0.75 and parameters: {'n_estimators': 437, 'max_depth': 19, 'min_samples_split': 10, 'min_samples_leaf': 2}. Best is trial 15 with value: 0.8.
[I 2026-04-21 10:31:12,974] Trial 21 finished with value: 0.7 and parameters: {'n_estimators': 338, 'max_depth': 20, 'min_samples_split': 10, 'min_samples_leaf': 3}. Best is trial 15 with value: 0.8.
[I 2026-04-21 10:31:13,562] Trial 22 finished with value: 0.8 and parameters: {'n_estimators': 376, 'max_depth': 18, 'min_samples_split': 9, 'min_samples_leaf': 2}. Best is trial 15 with value: 0.8.
[I 2026-04-21 10:31:14,032] Trial 23 finished with value: 0.75 and parameters: {'n_estimators': 390, 'max_depth': 16, 'min_samples_split': 9, 'min_samples_leaf': 2}. Best is trial 15 with value: 0.8.
[I 2026-04-21 10:31:14,652] Trial 24 finished with value: 0.7 and parameters: {'n_estimators': 379, 'max_depth': 18, 'min_samples_split': 9, 'min_samples_leaf': 4}. Best is trial 15 with value: 0.8.
[I 2026-04-21 10:31:15,061] Trial 25 finished with value: 0.75 and parameters: {'n_estimators': 323, 'max_depth': 18, 'min_samples_split': 8, 'min_samples_leaf': 2}. Best is trial 15 with value: 0.8.
[I 2026-04-21 10:31:15,728] Trial 26 finished with value: 0.75 and parameters: {'n_estimators': 448, 'max_depth': 16, 'min_samples_split': 10, 'min_samples_leaf': 4}. Best is trial 15 with value: 0.8.
[I 2026-04-21 10:31:16,235] Trial 27 finished with value: 0.7 and parameters: {'n_estimators': 285, 'max_depth': 19, 'min_samples_split': 9, 'min_samples_leaf': 1}. Best is trial 15 with value: 0.8.
[I 2026-04-21 10:31:16,736] Trial 28 finished with value: 0.7 and parameters: {'n_estimators': 402, 'max_depth': 11, 'min_samples_split': 6, 'min_samples_leaf': 6}. Best is trial 15 with value: 0.8.
[I 2026-04-21 10:31:17,255] Trial 29 finished with value: 0.8 and parameters: {'n_estimators': 456, 'max_depth': 7, 'min_samples_split': 8, 'min_samples_leaf': 1}. Best is trial 15 with value: 0.8.
[I 2026-04-21 10:31:18,372] A new study created in memory with name: mlp
[I 2026-04-21 10:31:18,447] Trial 0 finished with value: 0.65 and parameters: {'hidden_layer_sizes': (100,), 'max_iter': 100, 'alpha': 0.0001}. Best is trial 0 with value: 0.65.
[I 2026-04-21 10:31:18,544] Trial 1 finished with value: 0.4 and parameters: {'hidden_layer_sizes': (100, 100), 'max_iter': 100, 'alpha': 0.001}. Best is trial 0 with value: 0.65.
[I 2026-04-21 10:31:18,622] Trial 2 finished with value: 0.55 and parameters: {'hidden_layer_sizes': (200,), 'max_iter': 100, 'alpha': 0.0001}. Best is trial 0 with value: 0.65.
[I 2026-04-21 10:31:18,679] Trial 3 finished with value: 0.6 and parameters: {'hidden_layer_sizes': (200,), 'max_iter': 50, 'alpha': 0.001}. Best is trial 0 with value: 0.65.
[I 2026-04-21 10:31:18,745] Trial 4 finished with value: 0.5 and parameters: {'hidden_layer_sizes': (100, 100), 'max_iter': 50, 'alpha': 0.0001}. Best is trial 0 with value: 0.65.
[I 2026-04-21 10:31:18,831] Trial 5 finished with value: 0.55 and parameters: {'hidden_layer_sizes': (200,), 'max_iter': 100, 'alpha': 0.0001}. Best is trial 0 with value: 0.65.
[I 2026-04-21 10:31:18,917] Trial 6 finished with value: 0.6 and parameters: {'hidden_layer_sizes': (200,), 'max_iter': 100, 'alpha': 0.001}. Best is trial 0 with value: 0.65.
[I 2026-04-21 10:31:18,974] Trial 7 finished with value: 0.45 and parameters: {'hidden_layer_sizes': (100,), 'max_iter': 100, 'alpha': 0.001}. Best is trial 0 with value: 0.65.
[I 2026-04-21 10:31:19,039] Trial 8 finished with value: 0.5 and parameters: {'hidden_layer_sizes': (100, 100), 'max_iter': 100, 'alpha': 0.0001}. Best is trial 0 with value: 0.65.
[I 2026-04-21 10:31:19,105] Trial 9 finished with value: 0.5 and parameters: {'hidden_layer_sizes': (200,), 'max_iter': 100, 'alpha': 0.0001}. Best is trial 0 with value: 0.65.
[I 2026-04-21 10:31:19,142] Trial 10 finished with value: 0.5 and parameters: {'hidden_layer_sizes': (100,), 'max_iter': 50, 'alpha': 0.0001}. Best is trial 0 with value: 0.65.
