[I 2026-04-21 10:34:49,356] Trial 29 finished with value: 0.7 and parameters: {'n_neighbors': 3, 'leaf_size': 36, 'p': 1}. Best is trial 19 with value: 0.75.
Parámetros guardados en /data/home/rtabares/estiven/CorVAE/checkpoint_default_MLP_Dlatent/lc/IPC_10/best_models_lc_seed_6_space_latent/naive_bayes_best_params.json


>>> Optuna tuning logreg metodo lc IPC 10 seed 6


Parámetros guardados en /data/home/rtabares/estiven/CorVAE/checkpoint_default_MLP_Dlatent/lc/IPC_10/best_models_lc_seed_6_space_latent/logreg_best_params.json


>>> Optuna tuning knn metodo lc IPC 10 seed 6


Parámetros guardados en /data/home/rtabares/estiven/CorVAE/checkpoint_default_MLP_Dlatent/lc/IPC_10/best_models_lc_seed_6_space_latent/knn_best_params.json


>>> Optuna tuning xgb metodo lc IPC 10 seed 6


Parámetros guardados en /data/home/rtabares/estiven/CorVAE/checkpoint_default_MLP_Dlatent/lc/IPC_10/best_models_lc_seed_6_space_latent/xgb_best_params.json


>>> Optuna tuning rf metodo lc IPC 10 seed 6


Parámetros guardados en /data/home/rtabares/estiven/CorVAE/checkpoint_default_MLP_Dlatent/lc/IPC_10/best_models_lc_seed_6_space_latent/rf_best_params.json


>>> Optuna tuning mlp metodo lc IPC 10 seed 6


Parámetros guardados en /data/home/rtabares/estiven/CorVAE/checkpoint_default_MLP_Dlatent/lc/IPC_10/best_models_lc_seed_6_space_latent/mlp_best_params.json


>>> Optuna tuning svc metodo lc IPC 10 seed 6


Parámetros guardados en /data/home/rtabares/estiven/CorVAE/checkpoint_default_MLP_Dlatent/lc/IPC_10/best_models_lc_seed_6_space_latent/svc_best_params.json


>>> Optuna tuning naive_bayes metodo lc IPC 10 seed 6


Parámetros guardados en /data/home/rtabares/estiven/CorVAE/checkpoint_default_MLP_Dlatent/lc/IPC_10/best_models_lc_seed_6_space_original/naive_bayes_best_params.json


>>> Optuna tuning logreg metodo lc IPC 10 seed 6


Parámetros guardados en /data/home/rtabares/estiven/CorVAE/checkpoint_default_MLP_Dlatent/lc/IPC_10/best_models_lc_seed_6_space_original/logreg_best_params.json


>>> Optuna tuning knn metodo lc IPC 10 seed 6


Parámetros guardados en /data/home/rtabares/estiven/CorVAE/checkpoint_default_MLP_Dlatent/lc/IPC_10/best_models_lc_seed_6_space_original/knn_best_params.json


>>> Optuna tuning xgb metodo lc IPC 10 seed 6


Parámetros guardados en /data/home/rtabares/estiven/CorVAE/checkpoint_default_MLP_Dlatent/lc/IPC_10/best_models_lc_seed_6_space_original/xgb_best_params.json


>>> Optuna tuning rf metodo lc IPC 10 seed 6


Parámetros guardados en /data/home/rtabares/estiven/CorVAE/checkpoint_default_MLP_Dlatent/lc/IPC_10/best_models_lc_seed_6_space_original/rf_best_params.json


>>> Optuna tuning mlp metodo lc IPC 10 seed 6


Parámetros guardados en /data/home/rtabares/estiven/CorVAE/checkpoint_default_MLP_Dlatent/lc/IPC_10/best_models_lc_seed_6_space_original/mlp_best_params.json


>>> Optuna tuning svc metodo lc IPC 10 seed 6


Parámetros guardados en /data/home/rtabares/estiven/CorVAE/checkpoint_default_MLP_Dlatent/lc/IPC_10/best_models_lc_seed_6_space_original/svc_best_params.json


>>> Optuna tuning naive_bayes metodo random IPC 10 seed 7


Parámetros guardados en /data/home/rtabares/estiven/CorVAE/checkpoint_default_MLP_Dlatent/random/IPC_10/best_models_random_seed_7_space_original/naive_bayes_best_params.json


>>> Optuna tuning logreg metodo random IPC 10 seed 7


Parámetros guardados en /data/home/rtabares/estiven/CorVAE/checkpoint_default_MLP_Dlatent/random/IPC_10/best_models_random_seed_7_space_original/logreg_best_params.json


>>> Optuna tuning knn metodo random IPC 10 seed 7


Parámetros guardados en /data/home/rtabares/estiven/CorVAE/checkpoint_default_MLP_Dlatent/random/IPC_10/best_models_random_seed_7_space_original/knn_best_params.json


>>> Optuna tuning xgb metodo random IPC 10 seed 7


Parámetros guardados en /data/home/rtabares/estiven/CorVAE/checkpoint_default_MLP_Dlatent/random/IPC_10/best_models_random_seed_7_space_original/xgb_best_params.json


>>> Optuna tuning rf metodo random IPC 10 seed 7


Parámetros guardados en /data/home/rtabares/estiven/CorVAE/checkpoint_default_MLP_Dlatent/random/IPC_10/best_models_random_seed_7_space_original/rf_best_params.json


>>> Optuna tuning mlp metodo random IPC 10 seed 7


Parámetros guardados en /data/home/rtabares/estiven/CorVAE/checkpoint_default_MLP_Dlatent/random/IPC_10/best_models_random_seed_7_space_original/mlp_best_params.json


>>> Optuna tuning svc metodo random IPC 10 seed 7


Parámetros guardados en /data/home/rtabares/estiven/CorVAE/checkpoint_default_MLP_Dlatent/random/IPC_10/best_models_random_seed_7_space_original/svc_best_params.json


>>> Optuna tuning naive_bayes metodo k-means IPC 10 seed 7


Parámetros guardados en /data/home/rtabares/estiven/CorVAE/checkpoint_default_MLP_Dlatent/k-means/IPC_10/best_models_k-means_seed_7_space_latent/naive_bayes_best_params.json


>>> Optuna tuning logreg metodo k-means IPC 10 seed 7


Parámetros guardados en /data/home/rtabares/estiven/CorVAE/checkpoint_default_MLP_Dlatent/k-means/IPC_10/best_models_k-means_seed_7_space_latent/logreg_best_params.json


>>> Optuna tuning knn metodo k-means IPC 10 seed 7


Parámetros guardados en /data/home/rtabares/estiven/CorVAE/checkpoint_default_MLP_Dlatent/k-means/IPC_10/best_models_k-means_seed_7_space_latent/knn_best_params.json


>>> Optuna tuning xgb metodo k-means IPC 10 seed 7


Parámetros guardados en /data/home/rtabares/estiven/CorVAE/checkpoint_default_MLP_Dlatent/k-means/IPC_10/best_models_k-means_seed_7_space_latent/xgb_best_params.json


>>> Optuna tuning rf metodo k-means IPC 10 seed 7


Parámetros guardados en /data/home/rtabares/estiven/CorVAE/checkpoint_default_MLP_Dlatent/k-means/IPC_10/best_models_k-means_seed_7_space_latent/rf_best_params.json


>>> Optuna tuning mlp metodo k-means IPC 10 seed 7


Parámetros guardados en /data/home/rtabares/estiven/CorVAE/checkpoint_default_MLP_Dlatent/k-means/IPC_10/best_models_k-means_seed_7_space_latent/mlp_best_params.json


>>> Optuna tuning svc metodo k-means IPC 10 seed 7


Parámetros guardados en /data/home/rtabares/estiven/CorVAE/checkpoint_default_MLP_Dlatent/k-means/IPC_10/best_models_k-means_seed_7_space_latent/svc_best_params.json


>>> Optuna tuning naive_bayes metodo k-means IPC 10 seed 7


Parámetros guardados en /data/home/rtabares/estiven/CorVAE/checkpoint_default_MLP_Dlatent/k-means/IPC_10/best_models_k-means_seed_7_space_original/naive_bayes_best_params.json


>>> Optuna tuning logreg metodo k-means IPC 10 seed 7


Parámetros guardados en /data/home/rtabares/estiven/CorVAE/checkpoint_default_MLP_Dlatent/k-means/IPC_10/best_models_k-means_seed_7_space_original/logreg_best_params.json


>>> Optuna tuning knn metodo k-means IPC 10 seed 7


Parámetros guardados en /data/home/rtabares/estiven/CorVAE/checkpoint_default_MLP_Dlatent/k-means/IPC_10/best_models_k-means_seed_7_space_original/knn_best_params.json


>>> Optuna tuning xgb metodo k-means IPC 10 seed 7


Parámetros guardados en /data/home/rtabares/estiven/CorVAE/checkpoint_default_MLP_Dlatent/k-means/IPC_10/best_models_k-means_seed_7_space_original/xgb_best_params.json


>>> Optuna tuning rf metodo k-means IPC 10 seed 7


Parámetros guardados en /data/home/rtabares/estiven/CorVAE/checkpoint_default_MLP_Dlatent/k-means/IPC_10/best_models_k-means_seed_7_space_original/rf_best_params.json


>>> Optuna tuning mlp metodo k-means IPC 10 seed 7


Parámetros guardados en /data/home/rtabares/estiven/CorVAE/checkpoint_default_MLP_Dlatent/k-means/IPC_10/best_models_k-means_seed_7_space_original/mlp_best_params.json


>>> Optuna tuning svc metodo k-means IPC 10 seed 7


Parámetros guardados en /data/home/rtabares/estiven/CorVAE/checkpoint_default_MLP_Dlatent/k-means/IPC_10/best_models_k-means_seed_7_space_original/svc_best_params.json


>>> Optuna tuning naive_bayes metodo k-center IPC 10 seed 7


Parámetros guardados en /data/home/rtabares/estiven/CorVAE/checkpoint_default_MLP_Dlatent/k-center/IPC_10/best_models_k-center_seed_7_space_latent/naive_bayes_best_params.json


>>> Optuna tuning logreg metodo k-center IPC 10 seed 7


Parámetros guardados en /data/home/rtabares/estiven/CorVAE/checkpoint_default_MLP_Dlatent/k-center/IPC_10/best_models_k-center_seed_7_space_latent/logreg_best_params.json


>>> Optuna tuning knn metodo k-center IPC 10 seed 7


Parámetros guardados en /data/home/rtabares/estiven/CorVAE/checkpoint_default_MLP_Dlatent/k-center/IPC_10/best_models_k-center_seed_7_space_latent/knn_best_params.json[I 2026-04-21 10:34:49,393] A new study created in memory with name: xgb
[I 2026-04-21 10:34:49,418] Trial 0 finished with value: 0.75 and parameters: {'n_estimators': 40, 'max_depth': 20, 'gamma': 0.5510084172939441, 'subsample': 0.5360255666798808, 'colsample_bytree': 0.6342194900509356}. Best is trial 0 with value: 0.75.
[I 2026-04-21 10:34:49,453] Trial 1 finished with value: 0.75 and parameters: {'n_estimators': 100, 'max_depth': 5, 'gamma': 0.9186341749476523, 'subsample': 0.6066926767899578, 'colsample_bytree': 0.7260619809088416}. Best is trial 0 with value: 0.75.
[I 2026-04-21 10:34:49,479] Trial 2 finished with value: 0.7 and parameters: {'n_estimators': 10, 'max_depth': 5, 'gamma': 0.9182155373980582, 'subsample': 0.566584722879625, 'colsample_bytree': 0.761706290336883}. Best is trial 0 with value: 0.75.
[I 2026-04-21 10:34:49,503] Trial 3 finished with value: 0.65 and parameters: {'n_estimators': 10, 'max_depth': 20, 'gamma': 0.5296610393664296, 'subsample': 0.6829451928902965, 'colsample_bytree': 0.9189589971546304}. Best is trial 0 with value: 0.75.
[I 2026-04-21 10:34:49,526] Trial 4 finished with value: 0.7 and parameters: {'n_estimators': 10, 'max_depth': 20, 'gamma': 0.6916595165017824, 'subsample': 0.6851755414940176, 'colsample_bytree': 0.7295464889457157}. Best is trial 0 with value: 0.75.
[I 2026-04-21 10:34:49,560] Trial 5 finished with value: 0.75 and parameters: {'n_estimators': 100, 'max_depth': 20, 'gamma': 0.48380821541644814, 'subsample': 0.8171899343169193, 'colsample_bytree': 0.7614531005141727}. Best is trial 0 with value: 0.75.
[I 2026-04-21 10:34:49,588] Trial 6 finished with value: 0.8 and parameters: {'n_estimators': 10, 'max_depth': 5, 'gamma': 0.9599214907026333, 'subsample': 0.8414569271877088, 'colsample_bytree': 0.5265643453364788}. Best is trial 6 with value: 0.8.
[I 2026-04-21 10:34:49,626] Trial 7 finished with value: 0.75 and parameters: {'n_estimators': 40, 'max_depth': 5, 'gamma': 0.5250915966595621, 'subsample': 0.9207383574491986, 'colsample_bytree': 0.565555321173957}. Best is trial 6 with value: 0.8.
[I 2026-04-21 10:34:49,663] Trial 8 finished with value: 0.65 and parameters: {'n_estimators': 100, 'max_depth': 5, 'gamma': 0.3919835527051987, 'subsample': 0.6502094521590198, 'colsample_bytree': 0.5827507002328938}. Best is trial 6 with value: 0.8.
[I 2026-04-21 10:34:49,700] Trial 9 finished with value: 0.75 and parameters: {'n_estimators': 100, 'max_depth': 5, 'gamma': 0.8003922413895069, 'subsample': 0.9436444759263674, 'colsample_bytree': 0.8374593849333938}. Best is trial 6 with value: 0.8.
[I 2026-04-21 10:34:49,739] Trial 10 finished with value: 0.8 and parameters: {'n_estimators': 10, 'max_depth': 30, 'gamma': 0.13445536345660636, 'subsample': 0.8170364712994619, 'colsample_bytree': 0.5433432253863063}. Best is trial 6 with value: 0.8.
[I 2026-04-21 10:34:49,778] Trial 11 finished with value: 0.75 and parameters: {'n_estimators': 10, 'max_depth': 30, 'gamma': 0.11958276367577403, 'subsample': 0.8031133868588064, 'colsample_bytree': 0.5040271254455208}. Best is trial 6 with value: 0.8.
[I 2026-04-21 10:34:49,825] Trial 12 finished with value: 0.75 and parameters: {'n_estimators': 10, 'max_depth': 30, 'gamma': 0.10089164169352971, 'subsample': 0.864752543102171, 'colsample_bytree': 0.5177148812139072}. Best is trial 6 with value: 0.8.
[I 2026-04-21 10:34:49,874] Trial 13 finished with value: 0.65 and parameters: {'n_estimators': 10, 'max_depth': 30, 'gamma': 0.26969270907557097, 'subsample': 0.7515921003315738, 'colsample_bytree': 0.6417038595376977}. Best is trial 6 with value: 0.8.
[I 2026-04-21 10:34:49,914] Trial 14 finished with value: 0.7 and parameters: {'n_estimators': 10, 'max_depth': 30, 'gamma': 0.7105428101288834, 'subsample': 0.9870711347114001, 'colsample_bytree': 0.6439410296216201}. Best is trial 6 with value: 0.8.
[I 2026-04-21 10:34:49,952] Trial 15 finished with value: 0.7 and parameters: {'n_estimators': 10, 'max_depth': 30, 'gamma': 0.2617651619810465, 'subsample': 0.8661239981432779, 'colsample_bytree': 0.5762091376310268}. Best is trial 6 with value: 0.8.
[I 2026-04-21 10:34:49,992] Trial 16 finished with value: 0.65 and parameters: {'n_estimators': 40, 'max_depth': 5, 'gamma': 0.9663973702152987, 'subsample': 0.757292521211653, 'colsample_bytree': 0.9928973939225177}. Best is trial 6 with value: 0.8.
[I 2026-04-21 10:34:50,030] Trial 17 finished with value: 0.7 and parameters: {'n_estimators': 10, 'max_depth': 30, 'gamma': 0.2947377812544168, 'subsample': 0.8554091824812715, 'colsample_bytree': 0.6771926614467836}. Best is trial 6 with value: 0.8.
[I 2026-04-21 10:34:50,070] Trial 18 finished with value: 0.75 and parameters: {'n_estimators': 10, 'max_depth': 5, 'gamma': 0.7969770388528353, 'subsample': 0.811451395696135, 'colsample_bytree': 0.5365808438652173}. Best is trial 6 with value: 0.8.
[I 2026-04-21 10:34:50,120] Trial 19 finished with value: 0.75 and parameters: {'n_estimators': 40, 'max_depth': 30, 'gamma': 0.6325727950187413, 'subsample': 0.9085128464294161, 'colsample_bytree': 0.6030323425039048}. Best is trial 6 with value: 0.8.
[I 2026-04-21 10:34:50,159] Trial 20 finished with value: 0.65 and parameters: {'n_estimators': 10, 'max_depth': 30, 'gamma': 0.3971313911800236, 'subsample': 0.9961764358499778, 'colsample_bytree': 0.8389613459450501}. Best is trial 6 with value: 0.8.
[I 2026-04-21 10:34:50,208] Trial 21 finished with value: 0.7 and parameters: {'n_estimators': 40, 'max_depth': 20, 'gamma': 0.6063247927351789, 'subsample': 0.5217230314360962, 'colsample_bytree': 0.6067021120466446}. Best is trial 6 with value: 0.8.
[I 2026-04-21 10:34:50,249] Trial 22 finished with value: 0.65 and parameters: {'n_estimators': 40, 'max_depth': 20, 'gamma': 0.8226544327554541, 'subsample': 0.7232118297239404, 'colsample_bytree': 0.6678936867852483}. Best is trial 6 with value: 0.8.
[I 2026-04-21 10:34:50,286] Trial 23 finished with value: 0.8 and parameters: {'n_estimators': 40, 'max_depth': 20, 'gamma': 0.3542476642230541, 'subsample': 0.7952564516133582, 'colsample_bytree': 0.5446576250038853}. Best is trial 6 with value: 0.8.
[I 2026-04-21 10:34:50,324] Trial 24 finished with value: 0.6 and parameters: {'n_estimators': 40, 'max_depth': 20, 'gamma': 0.1958687160532909, 'subsample': 0.7721821807952045, 'colsample_bytree': 0.5392657284277824}. Best is trial 6 with value: 0.8.
[I 2026-04-21 10:34:50,375] Trial 25 finished with value: 0.8 and parameters: {'n_estimators': 40, 'max_depth': 5, 'gamma': 0.3756331898377593, 'subsample': 0.8424161642686653, 'colsample_bytree': 0.5009171958448078}. Best is trial 6 with value: 0.8.
[I 2026-04-21 10:34:50,415] Trial 26 finished with value: 0.75 and parameters: {'n_estimators': 10, 'max_depth': 20, 'gamma': 0.18298134606528593, 'subsample': 0.8942394892642289, 'colsample_bytree': 0.5536717069126056}. Best is trial 6 with value: 0.8.
[I 2026-04-21 10:34:50,456] Trial 27 finished with value: 0.7 and parameters: {'n_estimators': 10, 'max_depth': 30, 'gamma': 0.4474170780270952, 'subsample': 0.7047885803114133, 'colsample_bytree': 0.6914180691307945}. Best is trial 6 with value: 0.8.
[I 2026-04-21 10:34:50,505] Trial 28 finished with value: 0.75 and parameters: {'n_estimators': 100, 'max_depth': 20, 'gamma': 0.21522758856799692, 'subsample': 0.7860534940118387, 'colsample_bytree': 0.6071161314402923}. Best is trial 6 with value: 0.8.
[I 2026-04-21 10:34:50,544] Trial 29 finished with value: 0.8 and parameters: {'n_estimators': 40, 'max_depth': 5, 'gamma': 0.3266549261674895, 'subsample': 0.839616283927877, 'colsample_bytree': 0.8050714082775354}. Best is trial 6 with value: 0.8.
[I 2026-04-21 10:34:50,623] A new study created in memory with name: rf
[I 2026-04-21 10:34:50,780] Trial 0 finished with value: 0.5 and parameters: {'n_estimators': 130, 'max_depth': 17, 'min_samples_split': 5, 'min_samples_leaf': 8}. Best is trial 0 with value: 0.5.
[I 2026-04-21 10:34:51,474] Trial 1 finished with value: 0.85 and parameters: {'n_estimators': 492, 'max_depth': 12, 'min_samples_split': 6, 'min_samples_leaf': 1}. Best is trial 1 with value: 0.85.
[I 2026-04-21 10:34:51,739] Trial 2 finished with value: 0.5 and parameters: {'n_estimators': 207, 'max_depth': 11, 'min_samples_split': 8, 'min_samples_leaf': 9}. Best is trial 1 with value: 0.85.
[I 2026-04-21 10:34:52,079] Trial 3 finished with value: 0.5 and parameters: {'n_estimators': 252, 'max_depth': 4, 'min_samples_split': 4, 'min_samples_leaf': 10}. Best is trial 1 with value: 0.85.
[I 2026-04-21 10:34:52,330] Trial 4 finished with value: 0.85 and parameters: {'n_estimators': 185, 'max_depth': 11, 'min_samples_split': 10, 'min_samples_leaf': 1}. Best is trial 1 with value: 0.85.
[I 2026-04-21 10:34:52,731] Trial 5 finished with value: 0.9 and parameters: {'n_estimators': 340, 'max_depth': 20, 'min_samples_split': 4, 'min_samples_leaf': 6}. Best is trial 5 with value: 0.9.
[I 2026-04-21 10:34:53,242] Trial 6 finished with value: 0.5 and parameters: {'n_estimators': 464, 'max_depth': 5, 'min_samples_split': 6, 'min_samples_leaf': 8}. Best is trial 5 with value: 0.9.
[I 2026-04-21 10:34:53,672] Trial 7 finished with value: 0.8 and parameters: {'n_estimators': 368, 'max_depth': 11, 'min_samples_split': 3, 'min_samples_leaf': 5}. Best is trial 5 with value: 0.9.
[I 2026-04-21 10:34:53,961] Trial 8 finished with value: 0.5 and parameters: {'n_estimators': 249, 'max_depth': 11, 'min_samples_split': 5, 'min_samples_leaf': 9}. Best is trial 5 with value: 0.9.
[I 2026-04-21 10:34:54,484] Trial 9 finished with value: 0.8 and parameters: {'n_estimators': 408, 'max_depth': 8, 'min_samples_split': 7, 'min_samples_leaf': 3}. Best is trial 5 with value: 0.9.
[I 2026-04-21 10:34:54,895] Trial 10 finished with value: 0.8 and parameters: {'n_estimators': 333, 'max_depth': 19, 'min_samples_split': 2, 'min_samples_leaf': 6}. Best is trial 5 with value: 0.9.
[I 2026-04-21 10:34:55,584] Trial 11 finished with value: 0.8 and parameters: {'n_estimators': 465, 'max_depth': 16, 'min_samples_split': 8, 'min_samples_leaf': 5}. Best is trial 5 with value: 0.9.
[I 2026-04-21 10:34:56,282] Trial 12 finished with value: 0.75 and parameters: {'n_estimators': 496, 'max_depth': 15, 'min_samples_split': 4, 'min_samples_leaf': 1}. Best is trial 5 with value: 0.9.
[I 2026-04-21 10:34:56,770] Trial 13 finished with value: 0.8 and parameters: {'n_estimators': 397, 'max_depth': 20, 'min_samples_split': 6, 'min_samples_leaf': 3}. Best is trial 5 with value: 0.9.
[I 2026-04-21 10:34:57,133] Trial 14 finished with value: 0.8 and parameters: {'n_estimators': 309, 'max_depth': 14, 'min_samples_split': 2, 'min_samples_leaf': 3}. Best is trial 5 with value: 0.9.
[I 2026-04-21 10:34:57,786] Trial 15 finished with value: 0.8 and parameters: {'n_estimators': 426, 'max_depth': 7, 'min_samples_split': 10, 'min_samples_leaf': 6}. Best is trial 5 with value: 0.9.
[I 2026-04-21 10:34:58,191] Trial 16 finished with value: 0.8 and parameters: {'n_estimators': 352, 'max_depth': 18, 'min_samples_split': 4, 'min_samples_leaf': 4}. Best is trial 5 with value: 0.9.
[I 2026-04-21 10:34:58,546] Trial 17 finished with value: 0.45 and parameters: {'n_estimators': 276, 'max_depth': 13, 'min_samples_split': 7, 'min_samples_leaf': 7}. Best is trial 5 with value: 0.9.
[I 2026-04-21 10:34:59,209] Trial 18 finished with value: 0.8 and parameters: {'n_estimators': 435, 'max_depth': 8, 'min_samples_split': 5, 'min_samples_leaf': 2}. Best is trial 5 with value: 0.9.
[I 2026-04-21 10:34:59,658] Trial 19 finished with value: 0.8 and parameters: {'n_estimators': 380, 'max_depth': 13, 'min_samples_split': 3, 'min_samples_leaf': 4}. Best is trial 5 with value: 0.9.
[I 2026-04-21 10:34:59,851] Trial 20 finished with value: 0.6 and parameters: {'n_estimators': 134, 'max_depth': 20, 'min_samples_split': 8, 'min_samples_leaf': 7}. Best is trial 5 with value: 0.9.
[I 2026-04-21 10:35:00,129] Trial 21 finished with value: 0.8 and parameters: {'n_estimators': 193, 'max_depth': 9, 'min_samples_split': 10, 'min_samples_leaf': 1}. Best is trial 5 with value: 0.9.
[I 2026-04-21 10:35:00,309] Trial 22 finished with value: 0.8 and parameters: {'n_estimators': 100, 'max_depth': 6, 'min_samples_split': 9, 'min_samples_leaf': 2}. Best is trial 5 with value: 0.9.
[I 2026-04-21 10:35:00,600] Trial 23 finished with value: 0.8 and parameters: {'n_estimators': 219, 'max_depth': 10, 'min_samples_split': 7, 'min_samples_leaf': 1}. Best is trial 5 with value: 0.9.
[I 2026-04-21 10:35:00,836] Trial 24 finished with value: 0.8 and parameters: {'n_estimators': 172, 'max_depth': 13, 'min_samples_split': 9, 'min_samples_leaf': 2}. Best is trial 5 with value: 0.9.
[I 2026-04-21 10:35:01,214] Trial 25 finished with value: 0.8 and parameters: {'n_estimators': 303, 'max_depth': 3, 'min_samples_split': 6, 'min_samples_leaf': 4}. Best is trial 5 with value: 0.9.
[I 2026-04-21 10:35:01,642] Trial 26 finished with value: 0.8 and parameters: {'n_estimators': 330, 'max_depth': 16, 'min_samples_split': 3, 'min_samples_leaf': 2}. Best is trial 5 with value: 0.9.
[I 2026-04-21 10:35:01,865] Trial 27 finished with value: 0.8 and parameters: {'n_estimators': 163, 'max_depth': 12, 'min_samples_split': 5, 'min_samples_leaf': 1}. Best is trial 5 with value: 0.9.
[I 2026-04-21 10:35:02,192] Trial 28 finished with value: 0.8 and parameters: {'n_estimators': 264, 'max_depth': 9, 'min_samples_split': 9, 'min_samples_leaf': 5}. Best is trial 5 with value: 0.9.
