[I 2026-04-21 10:28:42,038] Trial 6 finished with value: 0.5 and parameters: {'n_estimators': 231, 'max_depth': 5, 'min_samples_split': 3, 'min_samples_leaf': 10}. Best is trial 1 with value: 0.55.
[I 2026-04-21 10:28:42,557] Trial 7 finished with value: 0.45 and parameters: {'n_estimators': 485, 'max_depth': 6, 'min_samples_split': 2, 'min_samples_leaf': 3}. Best is trial 1 with value: 0.55.
[I 2026-04-21 10:28:43,056] Trial 8 finished with value: 0.5 and parameters: {'n_estimators': 380, 'max_depth': 17, 'min_samples_split': 2, 'min_samples_leaf': 6}. Best is trial 1 with value: 0.55.
[I 2026-04-21 10:28:43,202] Trial 9 finished with value: 0.5 and parameters: {'n_estimators': 100, 'max_depth': 12, 'min_samples_split': 7, 'min_samples_leaf': 10}. Best is trial 1 with value: 0.55.
[I 2026-04-21 10:28:43,704] Trial 10 finished with value: 0.4 and parameters: {'n_estimators': 446, 'max_depth': 13, 'min_samples_split': 10, 'min_samples_leaf': 5}. Best is trial 1 with value: 0.55.
[I 2026-04-21 10:28:44,059] Trial 11 finished with value: 0.5 and parameters: {'n_estimators': 305, 'max_depth': 10, 'min_samples_split': 7, 'min_samples_leaf': 6}. Best is trial 1 with value: 0.55.
[I 2026-04-21 10:28:44,484] Trial 12 finished with value: 0.5 and parameters: {'n_estimators': 382, 'max_depth': 10, 'min_samples_split': 8, 'min_samples_leaf': 7}. Best is trial 1 with value: 0.55.
[I 2026-04-21 10:28:44,721] Trial 13 finished with value: 0.6 and parameters: {'n_estimators': 180, 'max_depth': 14, 'min_samples_split': 5, 'min_samples_leaf': 1}. Best is trial 13 with value: 0.6.
[I 2026-04-21 10:28:44,904] Trial 14 finished with value: 0.5 and parameters: {'n_estimators': 144, 'max_depth': 15, 'min_samples_split': 5, 'min_samples_leaf': 1}. Best is trial 13 with value: 0.6.
[I 2026-04-21 10:28:45,138] Trial 15 finished with value: 0.45 and parameters: {'n_estimators': 174, 'max_depth': 20, 'min_samples_split': 5, 'min_samples_leaf': 1}. Best is trial 13 with value: 0.6.
[I 2026-04-21 10:28:45,493] Trial 16 finished with value: 0.5 and parameters: {'n_estimators': 329, 'max_depth': 15, 'min_samples_split': 6, 'min_samples_leaf': 4}. Best is trial 13 with value: 0.6.
[I 2026-04-21 10:28:45,641] Trial 17 finished with value: 0.5 and parameters: {'n_estimators': 104, 'max_depth': 14, 'min_samples_split': 9, 'min_samples_leaf': 8}. Best is trial 13 with value: 0.6.
[I 2026-04-21 10:28:45,940] Trial 18 finished with value: 0.35 and parameters: {'n_estimators': 225, 'max_depth': 17, 'min_samples_split': 6, 'min_samples_leaf': 2}. Best is trial 13 with value: 0.6.
[I 2026-04-21 10:28:46,459] Trial 19 finished with value: 0.5 and parameters: {'n_estimators': 393, 'max_depth': 10, 'min_samples_split': 5, 'min_samples_leaf': 5}. Best is trial 13 with value: 0.6.
[I 2026-04-21 10:28:46,659] Trial 20 finished with value: 0.5 and parameters: {'n_estimators': 154, 'max_depth': 3, 'min_samples_split': 8, 'min_samples_leaf': 8}. Best is trial 13 with value: 0.6.
[I 2026-04-21 10:28:46,970] Trial 21 finished with value: 0.5 and parameters: {'n_estimators': 266, 'max_depth': 8, 'min_samples_split': 7, 'min_samples_leaf': 7}. Best is trial 13 with value: 0.6.
[I 2026-04-21 10:28:47,286] Trial 22 finished with value: 0.5 and parameters: {'n_estimators': 257, 'max_depth': 12, 'min_samples_split': 6, 'min_samples_leaf': 4}. Best is trial 13 with value: 0.6.
[I 2026-04-21 10:28:47,665] Trial 23 finished with value: 0.5 and parameters: {'n_estimators': 303, 'max_depth': 9, 'min_samples_split': 8, 'min_samples_leaf': 7}. Best is trial 13 with value: 0.6.
[I 2026-04-21 10:28:47,911] Trial 24 finished with value: 0.5 and parameters: {'n_estimators': 204, 'max_depth': 14, 'min_samples_split': 9, 'min_samples_leaf': 5}. Best is trial 13 with value: 0.6.
[I 2026-04-21 10:28:48,302] Trial 25 finished with value: 0.5 and parameters: {'n_estimators': 343, 'max_depth': 11, 'min_samples_split': 7, 'min_samples_leaf': 6}. Best is trial 13 with value: 0.6.
[I 2026-04-21 10:28:48,606] Trial 26 finished with value: 0.5 and parameters: {'n_estimators': 253, 'max_depth': 16, 'min_samples_split': 10, 'min_samples_leaf': 4}. Best is trial 13 with value: 0.6.
[I 2026-04-21 10:28:48,941] Trial 27 finished with value: 0.5 and parameters: {'n_estimators': 284, 'max_depth': 20, 'min_samples_split': 4, 'min_samples_leaf': 9}. Best is trial 13 with value: 0.6.
[I 2026-04-21 10:28:49,135] Trial 28 finished with value: 0.4 and parameters: {'n_estimators': 135, 'max_depth': 13, 'min_samples_split': 8, 'min_samples_leaf': 2}. Best is trial 13 with value: 0.6.
[I 2026-04-21 10:28:49,354] Trial 29 finished with value: 0.5 and parameters: {'n_estimators': 181, 'max_depth': 18, 'min_samples_split': 4, 'min_samples_leaf': 7}. Best is trial 13 with value: 0.6.
[I 2026-04-21 10:28:49,853] A new study created in memory with name: mlp
[I 2026-04-21 10:28:49,887] Trial 0 finished with value: 0.4 and parameters: {'hidden_layer_sizes': (200,), 'max_iter': 50, 'alpha': 0.001}. Best is trial 0 with value: 0.4.
[I 2026-04-21 10:28:49,944] Trial 1 finished with value: 0.35 and parameters: {'hidden_layer_sizes': (100,), 'max_iter': 100, 'alpha': 0.0001}. Best is trial 0 with value: 0.4.
[I 2026-04-21 10:28:50,021] Trial 2 finished with value: 0.35 and parameters: {'hidden_layer_sizes': (100,), 'max_iter': 100, 'alpha': 0.001}. Best is trial 0 with value: 0.4.
[I 2026-04-21 10:28:50,068] Trial 3 finished with value: 0.35 and parameters: {'hidden_layer_sizes': (200,), 'max_iter': 50, 'alpha': 0.001}. Best is trial 0 with value: 0.4.
[I 2026-04-21 10:28:50,124] Trial 4 finished with value: 0.3 and parameters: {'hidden_layer_sizes': (100,), 'max_iter': 100, 'alpha': 0.0001}. Best is trial 0 with value: 0.4.
[I 2026-04-21 10:28:50,181] Trial 5 finished with value: 0.3 and parameters: {'hidden_layer_sizes': (100,), 'max_iter': 100, 'alpha': 0.001}. Best is trial 0 with value: 0.4.
[I 2026-04-21 10:28:50,247] Trial 6 finished with value: 0.3 and parameters: {'hidden_layer_sizes': (200,), 'max_iter': 100, 'alpha': 0.001}. Best is trial 0 with value: 0.4.
[I 2026-04-21 10:28:50,315] Trial 7 finished with value: 0.3 and parameters: {'hidden_layer_sizes': (200,), 'max_iter': 100, 'alpha': 0.001}. Best is trial 0 with value: 0.4.
[I 2026-04-21 10:28:50,381] Trial 8 finished with value: 0.35 and parameters: {'hidden_layer_sizes': (100,), 'max_iter': 100, 'alpha': 0.001}. Best is trial 0 with value: 0.4.
[I 2026-04-21 10:28:50,418] Trial 9 finished with value: 0.35 and parameters: {'hidden_layer_sizes': (100,), 'max_iter': 50, 'alpha': 0.001}. Best is trial 0 with value: 0.4.
[I 2026-04-21 10:28:50,475] Trial 10 finished with value: 0.3 and parameters: {'hidden_layer_sizes': (100, 100), 'max_iter': 50, 'alpha': 0.0001}. Best is trial 0 with value: 0.4.
[I 2026-04-21 10:28:50,521] Trial 11 finished with value: 0.3 and parameters: {'hidden_layer_sizes': (100, 100), 'max_iter': 50, 'alpha': 0.0001}. Best is trial 0 with value: 0.4.
[I 2026-04-21 10:28:50,568] Trial 12 finished with value: 0.35 and parameters: {'hidden_layer_sizes': (200,), 'max_iter': 50, 'alpha': 0.0001}. Best is trial 0 with value: 0.4.
[I 2026-04-21 10:28:50,614] Trial 13 finished with value: 0.35 and parameters: {'hidden_layer_sizes': (200,), 'max_iter': 50, 'alpha': 0.0001}. Best is trial 0 with value: 0.4.
[I 2026-04-21 10:28:50,689] Trial 14 finished with value: 0.3 and parameters: {'hidden_layer_sizes': (100, 100), 'max_iter': 100, 'alpha': 0.0001}. Best is trial 0 with value: 0.4.
[I 2026-04-21 10:28:50,727] Trial 15 finished with value: 0.3 and parameters: {'hidden_layer_sizes': (100,), 'max_iter': 50, 'alpha': 0.0001}. Best is trial 0 with value: 0.4.
[I 2026-04-21 10:28:50,791] Trial 16 finished with value: 0.3 and parameters: {'hidden_layer_sizes': (200,), 'max_iter': 100, 'alpha': 0.001}. Best is trial 0 with value: 0.4.
[I 2026-04-21 10:28:50,838] Trial 17 finished with value: 0.4 and parameters: {'hidden_layer_sizes': (200,), 'max_iter': 50, 'alpha': 0.0001}. Best is trial 0 with value: 0.4.
[I 2026-04-21 10:28:50,883] Trial 18 finished with value: 0.35 and parameters: {'hidden_layer_sizes': (200,), 'max_iter': 50, 'alpha': 0.001}. Best is trial 0 with value: 0.4.
[I 2026-04-21 10:28:50,929] Trial 19 finished with value: 0.35 and parameters: {'hidden_layer_sizes': (200,), 'max_iter': 50, 'alpha': 0.0001}. Best is trial 0 with value: 0.4.
[I 2026-04-21 10:28:50,974] Trial 20 finished with value: 0.35 and parameters: {'hidden_layer_sizes': (200,), 'max_iter': 50, 'alpha': 0.0001}. Best is trial 0 with value: 0.4.
[I 2026-04-21 10:28:51,029] Trial 21 finished with value: 0.35 and parameters: {'hidden_layer_sizes': (200,), 'max_iter': 50, 'alpha': 0.0001}. Best is trial 0 with value: 0.4.
[I 2026-04-21 10:28:51,065] Trial 22 finished with value: 0.35 and parameters: {'hidden_layer_sizes': (100,), 'max_iter': 50, 'alpha': 0.0001}. Best is trial 0 with value: 0.4.
[I 2026-04-21 10:28:51,143] Trial 23 finished with value: 0.3 and parameters: {'hidden_layer_sizes': (100, 100), 'max_iter': 100, 'alpha': 0.0001}. Best is trial 0 with value: 0.4.
[I 2026-04-21 10:28:51,177] Trial 24 finished with value: 0.3 and parameters: {'hidden_layer_sizes': (200,), 'max_iter': 50, 'alpha': 0.0001}. Best is trial 0 with value: 0.4.
[I 2026-04-21 10:28:51,212] Trial 25 finished with value: 0.35 and parameters: {'hidden_layer_sizes': (100,), 'max_iter': 50, 'alpha': 0.0001}. Best is trial 0 with value: 0.4.
[I 2026-04-21 10:28:51,279] Trial 26 finished with value: 0.35 and parameters: {'hidden_layer_sizes': (200,), 'max_iter': 100, 'alpha': 0.001}. Best is trial 0 with value: 0.4.
[I 2026-04-21 10:28:51,325] Trial 27 finished with value: 0.35 and parameters: {'hidden_layer_sizes': (200,), 'max_iter': 50, 'alpha': 0.0001}. Best is trial 0 with value: 0.4.
[I 2026-04-21 10:28:51,405] Trial 28 finished with value: 0.3 and parameters: {'hidden_layer_sizes': (100, 100), 'max_iter': 100, 'alpha': 0.001}. Best is trial 0 with value: 0.4.
[I 2026-04-21 10:28:51,454] Trial 29 finished with value: 0.3 and parameters: {'hidden_layer_sizes': (100,), 'max_iter': 100, 'alpha': 0.001}. Best is trial 0 with value: 0.4.
[I 2026-04-21 10:28:52,712] A new study created in memory with name: svc
[I 2026-04-21 10:28:52,726] Trial 0 finished with value: 0.25 and parameters: {'C': 0.07726319876517104, 'gamma': 0.3040389504793042}. Best is trial 0 with value: 0.25.
[I 2026-04-21 10:28:52,739] Trial 1 finished with value: 0.3 and parameters: {'C': 0.06712381339142241, 'gamma': 0.47254549996710477}. Best is trial 1 with value: 0.3.
[I 2026-04-21 10:28:52,751] Trial 2 finished with value: 0.3 and parameters: {'C': 0.8987621100554035, 'gamma': 0.027988231123708972}. Best is trial 1 with value: 0.3.
[I 2026-04-21 10:28:52,764] Trial 3 finished with value: 0.2 and parameters: {'C': 11.5779435007655, 'gamma': 0.011848734045499056}. Best is trial 1 with value: 0.3.
[I 2026-04-21 10:28:52,777] Trial 4 finished with value: 0.45 and parameters: {'C': 0.1538870258903583, 'gamma': 0.0005634883151169033}. Best is trial 4 with value: 0.45.
[I 2026-04-21 10:28:52,789] Trial 5 finished with value: 0.25 and parameters: {'C': 0.021036092656561454, 'gamma': 0.08990030906808326}. Best is trial 4 with value: 0.45.
[I 2026-04-21 10:28:52,802] Trial 6 finished with value: 0.45 and parameters: {'C': 0.5824208201678516, 'gamma': 0.00042977333932534993}. Best is trial 4 with value: 0.45.
[I 2026-04-21 10:28:52,815] Trial 7 finished with value: 0.4 and parameters: {'C': 33.09391330085814, 'gamma': 0.001248377256719358}. Best is trial 4 with value: 0.45.
[I 2026-04-21 10:28:52,829] Trial 8 finished with value: 0.45 and parameters: {'C': 0.45387898639622015, 'gamma': 0.0015286910781809498}. Best is trial 4 with value: 0.45.
[I 2026-04-21 10:28:52,852] Trial 9 finished with value: 0.25 and parameters: {'C': 3.274550070431994, 'gamma': 0.02086177421469992}. Best is trial 4 with value: 0.45.
[I 2026-04-21 10:28:52,875] Trial 10 finished with value: 0.45 and parameters: {'C': 0.01015031429029542, 'gamma': 0.00010813284331811526}. Best is trial 4 with value: 0.45.
[I 2026-04-21 10:28:52,895] Trial 11 finished with value: 0.45 and parameters: {'C': 0.2946546726762962, 'gamma': 0.000192696939064797}. Best is trial 4 with value: 0.45.
[I 2026-04-21 10:28:52,916] Trial 12 finished with value: 0.45 and parameters: {'C': 2.9648182303354678, 'gamma': 0.0011563341942962047}. Best is trial 4 with value: 0.45.
[I 2026-04-21 10:28:52,942] Trial 13 finished with value: 0.45 and parameters: {'C': 0.16280907414611331, 'gamma': 0.00038377823379388923}. Best is trial 4 with value: 0.45.
[I 2026-04-21 10:28:52,967] Trial 14 finished with value: 0.45 and parameters: {'C': 2.4218760021536427, 'gamma': 0.0032537811548427023}. Best is trial 4 with value: 0.45.
[I 2026-04-21 10:28:52,988] Trial 15 finished with value: 0.45 and parameters: {'C': 0.0664538826788088, 'gamma': 0.0005193501979899485}. Best is trial 4 with value: 0.45.
[I 2026-04-21 10:28:53,008] Trial 16 finished with value: 0.45 and parameters: {'C': 1.1898268486188273, 'gamma': 0.0025654002897082823}. Best is trial 4 with value: 0.45.
[I 2026-04-21 10:28:53,029] Trial 17 finished with value: 0.2 and parameters: {'C': 10.925526376097588, 'gamma': 0.0059603957535583315}. Best is trial 4 with value: 0.45.
[I 2026-04-21 10:28:53,052] Trial 18 finished with value: 0.45 and parameters: {'C': 0.1691641156930074, 'gamma': 0.00043494340597700513}. Best is trial 4 with value: 0.45.
[I 2026-04-21 10:28:53,083] Trial 19 finished with value: 0.45 and parameters: {'C': 0.6190876787824239, 'gamma': 0.0001500028787036726}. Best is trial 4 with value: 0.45.
[I 2026-04-21 10:28:53,104] Trial 20 finished with value: 0.45 and parameters: {'C': 0.02505753974770936, 'gamma': 0.0007496908360759289}. Best is trial 4 with value: 0.45.
[I 2026-04-21 10:28:53,127] Trial 21 finished with value: 0.45 and parameters: {'C': 0.3908683253288891, 'gamma': 0.0019045172895351312}. Best is trial 4 with value: 0.45.
[I 2026-04-21 10:28:53,148] Trial 22 finished with value: 0.45 and parameters: {'C': 0.1790694188248154, 'gamma': 0.0003371566381041062}. Best is trial 4 with value: 0.45.
[I 2026-04-21 10:28:53,171] Trial 23 finished with value: 0.45 and parameters: {'C': 1.2808076860947148, 'gamma': 0.0054799454436953105}. Best is trial 4 with value: 0.45.
[I 2026-04-21 10:28:53,192] Trial 24 finished with value: 0.45 and parameters: {'C': 0.43053950707972943, 'gamma': 0.0002636770311912109}. Best is trial 4 with value: 0.45.
[I 2026-04-21 10:28:53,215] Trial 25 finished with value: 0.2 and parameters: {'C': 88.77407664341389, 'gamma': 0.0009375437594564527}. Best is trial 4 with value: 0.45.
[I 2026-04-21 10:28:53,236] Trial 26 finished with value: 0.45 and parameters: {'C': 0.09727905646673975, 'gamma': 0.0019929222292732317}. Best is trial 4 with value: 0.45.
[I 2026-04-21 10:28:53,259] Trial 27 finished with value: 0.45 and parameters: {'C': 0.03838595966124492, 'gamma': 0.004855603727332022}. Best is trial 4 with value: 0.45.
[I 2026-04-21 10:28:53,280] Trial 28 finished with value: 0.45 and parameters: {'C': 6.661635278430478, 'gamma': 0.0007696704912554552}. Best is trial 4 with value: 0.45.
[I 2026-04-21 10:28:53,301] Trial 29 finished with value: 0.45 and parameters: {'C': 0.29972522394094986, 'gamma': 0.00020792531839495087}. Best is trial 4 with value: 0.45.
[I 2026-04-21 10:29:10,213] A new study created in memory with name: naive_bayes
[I 2026-04-21 10:29:10,236] Trial 0 finished with value: 0.95 and parameters: {'var_smoothing': 2.7796258518939306e-10}. Best is trial 0 with value: 0.95.
[I 2026-04-21 10:29:10,248] Trial 1 finished with value: 0.95 and parameters: {'var_smoothing': 5.513972710118387e-09}. Best is trial 0 with value: 0.95.
[I 2026-04-21 10:29:10,261] Trial 2 finished with value: 0.95 and parameters: {'var_smoothing': 2.590826381512706e-10}. Best is trial 0 with value: 0.95.
[I 2026-04-21 10:29:10,273] Trial 3 finished with value: 0.95 and parameters: {'var_smoothing': 6.874194498027403e-09}. Best is trial 0 with value: 0.95.
[I 2026-04-21 10:29:10,285] Trial 4 finished with value: 0.95 and parameters: {'var_smoothing': 9.480306482679771e-10}. Best is trial 0 with value: 0.95.
[I 2026-04-21 10:29:10,299] Trial 5 finished with value: 0.95 and parameters: {'var_smoothing': 1.6729683536668864e-09}. Best is trial 0 with value: 0.95.
[I 2026-04-21 10:29:10,313] Trial 6 finished with value: 0.95 and parameters: {'var_smoothing': 3.402637726935598e-09}. Best is trial 0 with value: 0.95.
[I 2026-04-21 10:29:10,327] Trial 7 finished with value: 0.95 and parameters: {'var_smoothing': 1.0885189040847657e-09}. Best is trial 0 with value: 0.95.
[I 2026-04-21 10:29:10,342] Trial 8 finished with value: 0.95 and parameters: {'var_smoothing': 3.922843686541149e-10}. Best is trial 0 with value: 0.95.
[I 2026-04-21 10:29:10,357] Trial 9 finished with value: 0.95 and parameters: {'var_smoothing': 2.3737908819373785e-10}. Best is trial 0 with value: 0.95.
[I 2026-04-21 10:29:10,374] Trial 10 finished with value: 0.95 and parameters: {'var_smoothing': 1.005826617097841e-10}. Best is trial 0 with value: 0.95.
[I 2026-04-21 10:29:10,391] Trial 11 finished with value: 0.95 and parameters: {'var_smoothing': 8.246040091550826e-09}. Best is trial 0 with value: 0.95.
[I 2026-04-21 10:29:10,409] Trial 12 finished with value: 0.95 and parameters: {'var_smoothing': 5.714429769091136e-10}. Best is trial 0 with value: 0.95.
[I 2026-04-21 10:29:10,430] Trial 13 finished with value: 0.95 and parameters: {'var_smoothing': 3.0046394488828834e-09}. Best is trial 0 with value: 0.95.
[I 2026-04-21 10:29:10,453] Trial 14 finished with value: 0.95 and parameters: {'var_smoothing': 1.0161521526134228e-10}. Best is trial 0 with value: 0.95.
[I 2026-04-21 10:29:10,473] Trial 15 finished with value: 0.95 and parameters: {'var_smoothing': 3.455011319435438e-09}. Best is trial 0 with value: 0.95.
[I 2026-04-21 10:29:10,490] Trial 16 finished with value: 0.95 and parameters: {'var_smoothing': 2.2038800241203009e-10}. Best is trial 0 with value: 0.95.
[I 2026-04-21 10:29:10,507] Trial 17 finished with value: 0.95 and parameters: {'var_smoothing': 1.8515987176145925e-09}. Best is trial 0 with value: 0.95.
[I 2026-04-21 10:29:10,522] Trial 18 finished with value: 0.95 and parameters: {'var_smoothing': 5.024285700153026e-10}. Best is trial 0 with value: 0.95.
[I 2026-04-21 10:29:10,537] Trial 19 finished with value: 0.95 and parameters: {'var_smoothing': 4.958025424412893e-09}. Best is trial 0 with value: 0.95.
[I 2026-04-21 10:29:10,552] Trial 20 finished with value: 0.95 and parameters: {'var_smoothing': 8.344000526157384e-10}. Best is trial 0 with value: 0.95.
[I 2026-04-21 10:29:10,567] Trial 21 finished with value: 0.95 and parameters: {'var_smoothing': 2.46080689865309e-10}. Best is trial 0 with value: 0.95.
[I 2026-04-21 10:29:10,581] Trial 22 finished with value: 0.95 and parameters: {'var_smoothing': 1.4445108350594728e-10}. Best is trial 0 with value: 0.95.
[I 2026-04-21 10:29:10,596] Trial 23 finished with value: 0.95 and parameters: {'var_smoothing': 3.3715577896606737e-10}. Best is trial 0 with value: 0.95.
[I 2026-04-21 10:29:10,610] Trial 24 finished with value: 0.95 and parameters: {'var_smoothing': 1.572466431855027e-10}. Best is trial 0 with value: 0.95.
[I 2026-04-21 10:29:10,625] Trial 25 finished with value: 0.95 and parameters: {'var_smoothing': 7.281746293576245e-10}. Best is trial 0 with value: 0.95.
[I 2026-04-21 10:29:10,641] Trial 26 finished with value: 0.95 and parameters: {'var_smoothing': 3.386254640873244e-10}. Best is trial 0 with value: 0.95.
[I 2026-04-21 10:29:10,656] Trial 27 finished with value: 0.95 and parameters: {'var_smoothing': 1.3918180959975328e-09}. Best is trial 0 with value: 0.95.
[I 2026-04-21 10:29:10,676] Trial 28 finished with value: 0.95 and parameters: {'var_smoothing': 2.3715836084533434e-09}. Best is trial 0 with value: 0.95.
[I 2026-04-21 10:29:10,696] Trial 29 finished with value: 0.95 and parameters: {'var_smoothing': 9.477075781575649e-09}. Best is trial 0 with value: 0.95.
[I 2026-04-21 10:29:10,912] A new study created in memory with name: logreg
[I 2026-04-21 10:29:10,935] Trial 0 finished with value: 1.0 and parameters: {'C': 0.012881482725481003, 'penalty': 'l2'}. Best is trial 0 with value: 1.0.
[I 2026-04-21 10:29:10,957] Trial 1 finished with value: 1.0 and parameters: {'C': 22.576755560681583, 'penalty': 'l2'}. Best is trial 0 with value: 1.0.
[I 2026-04-21 10:29:10,982] Trial 2 finished with value: 1.0 and parameters: {'C': 0.010804278656839932, 'penalty': 'l2'}. Best is trial 0 with value: 1.0.
[I 2026-04-21 10:29:10,997] Trial 3 finished with value: 1.0 and parameters: {'C': 39.17910760336117, 'penalty': 'l2'}. Best is trial 0 with value: 1.0.
[I 2026-04-21 10:29:11,020] Trial 4 finished with value: 1.0 and parameters: {'C': 0.2767298094062571, 'penalty': 'l2'}. Best is trial 0 with value: 1.0.
[I 2026-04-21 10:29:11,044] Trial 5 finished with value: 1.0 and parameters: {'C': 1.1447728330837224, 'penalty': 'l2'}. Best is trial 0 with value: 1.0.
[I 2026-04-21 10:29:11,060] Trial 6 finished with value: 1.0 and parameters: {'C': 6.753661388238877, 'penalty': 'l2'}. Best is trial 0 with value: 1.0.
[I 2026-04-21 10:29:11,084] Trial 7 finished with value: 1.0 and parameters: {'C': 0.39092184460352974, 'penalty': 'l2'}. Best is trial 0 with value: 1.0.
[I 2026-04-21 10:29:11,110] Trial 8 finished with value: 1.0 and parameters: {'C': 0.03047912590082646, 'penalty': 'l2'}. Best is trial 0 with value: 1.0.
[I 2026-04-21 10:29:11,135] Trial 9 finished with value: 1.0 and parameters: {'C': 0.008681727362499118, 'penalty': 'l2'}. Best is trial 0 with value: 1.0.
[I 2026-04-21 10:29:11,151] Trial 10 finished with value: 1.0 and parameters: {'C': 0.0010146302597657177, 'penalty': 'l2'}. Best is trial 0 with value: 1.0.
