[I 2026-04-21 10:32:15,557] Trial 24 finished with value: 0.45 and parameters: {'n_neighbors': 10, 'leaf_size': 37, 'p': 2}. Best is trial 3 with value: 0.55.
[I 2026-04-21 10:32:15,584] Trial 25 finished with value: 0.55 and parameters: {'n_neighbors': 7, 'leaf_size': 27, 'p': 2}. Best is trial 3 with value: 0.55.
[I 2026-04-21 10:32:15,613] Trial 26 finished with value: 0.55 and parameters: {'n_neighbors': 8, 'leaf_size': 34, 'p': 2}. Best is trial 3 with value: 0.55.
[I 2026-04-21 10:32:15,637] Trial 27 finished with value: 0.45 and parameters: {'n_neighbors': 6, 'leaf_size': 31, 'p': 2}. Best is trial 3 with value: 0.55.
[I 2026-04-21 10:32:15,664] Trial 28 finished with value: 0.55 and parameters: {'n_neighbors': 9, 'leaf_size': 28, 'p': 1}. Best is trial 3 with value: 0.55.
[I 2026-04-21 10:32:15,689] Trial 29 finished with value: 0.4 and parameters: {'n_neighbors': 10, 'leaf_size': 26, 'p': 1}. Best is trial 3 with value: 0.55.
[I 2026-04-21 10:32:15,748] A new study created in memory with name: xgb
[I 2026-04-21 10:32:15,773] Trial 0 finished with value: 0.5 and parameters: {'n_estimators': 10, 'max_depth': 30, 'gamma': 0.5768356259735394, 'subsample': 0.7094037142783272, 'colsample_bytree': 0.6677039246366646}. Best is trial 0 with value: 0.5.
[I 2026-04-21 10:32:15,808] Trial 1 finished with value: 0.6 and parameters: {'n_estimators': 100, 'max_depth': 30, 'gamma': 0.9912018442360747, 'subsample': 0.9099290984609207, 'colsample_bytree': 0.7066004674080903}. Best is trial 1 with value: 0.6.
[I 2026-04-21 10:32:15,832] Trial 2 finished with value: 0.55 and parameters: {'n_estimators': 10, 'max_depth': 20, 'gamma': 0.7382185757030506, 'subsample': 0.7704684271512641, 'colsample_bytree': 0.5624120871903049}. Best is trial 1 with value: 0.6.
[I 2026-04-21 10:32:15,859] Trial 3 finished with value: 0.7 and parameters: {'n_estimators': 10, 'max_depth': 20, 'gamma': 0.7041784887453524, 'subsample': 0.7995029565695583, 'colsample_bytree': 0.8586660727777565}. Best is trial 3 with value: 0.7.
[I 2026-04-21 10:32:15,884] Trial 4 finished with value: 0.6 and parameters: {'n_estimators': 10, 'max_depth': 20, 'gamma': 0.46549701645255037, 'subsample': 0.9946899241400011, 'colsample_bytree': 0.725249640372583}. Best is trial 3 with value: 0.7.
[I 2026-04-21 10:32:15,909] Trial 5 finished with value: 0.65 and parameters: {'n_estimators': 40, 'max_depth': 20, 'gamma': 0.3554734452019276, 'subsample': 0.5947710951851903, 'colsample_bytree': 0.7356254823676576}. Best is trial 3 with value: 0.7.
[I 2026-04-21 10:32:15,935] Trial 6 finished with value: 0.5 and parameters: {'n_estimators': 40, 'max_depth': 20, 'gamma': 0.8967376717636345, 'subsample': 0.988276510203839, 'colsample_bytree': 0.9184542964535913}. Best is trial 3 with value: 0.7.
[I 2026-04-21 10:32:15,960] Trial 7 finished with value: 0.55 and parameters: {'n_estimators': 40, 'max_depth': 30, 'gamma': 0.7149068474388774, 'subsample': 0.5696358027454862, 'colsample_bytree': 0.8514125286992056}. Best is trial 3 with value: 0.7.
[I 2026-04-21 10:32:15,996] Trial 8 finished with value: 0.5 and parameters: {'n_estimators': 100, 'max_depth': 30, 'gamma': 0.2471398756881566, 'subsample': 0.8241126205332553, 'colsample_bytree': 0.6258070715852391}. Best is trial 3 with value: 0.7.
[I 2026-04-21 10:32:16,022] Trial 9 finished with value: 0.65 and parameters: {'n_estimators': 40, 'max_depth': 30, 'gamma': 0.8599846034069103, 'subsample': 0.8019332783535529, 'colsample_bytree': 0.7936068454878676}. Best is trial 3 with value: 0.7.
[I 2026-04-21 10:32:16,060] Trial 10 finished with value: 0.6 and parameters: {'n_estimators': 10, 'max_depth': 5, 'gamma': 0.11132541504315885, 'subsample': 0.6662848793328995, 'colsample_bytree': 0.9668465952220582}. Best is trial 3 with value: 0.7.
[I 2026-04-21 10:32:16,108] Trial 11 finished with value: 0.6 and parameters: {'n_estimators': 40, 'max_depth': 20, 'gamma': 0.40966526279690063, 'subsample': 0.5282246615033291, 'colsample_bytree': 0.8214983916851548}. Best is trial 3 with value: 0.7.
[I 2026-04-21 10:32:16,149] Trial 12 finished with value: 0.65 and parameters: {'n_estimators': 10, 'max_depth': 20, 'gamma': 0.3273879186161104, 'subsample': 0.6374010179857792, 'colsample_bytree': 0.8802033920814734}. Best is trial 3 with value: 0.7.
[I 2026-04-21 10:32:16,200] Trial 13 finished with value: 0.6 and parameters: {'n_estimators': 40, 'max_depth': 5, 'gamma': 0.6039754678230813, 'subsample': 0.8651778699088216, 'colsample_bytree': 0.7730909024488464}. Best is trial 3 with value: 0.7.
[I 2026-04-21 10:32:16,250] Trial 14 finished with value: 0.6 and parameters: {'n_estimators': 100, 'max_depth': 20, 'gamma': 0.6773769595333166, 'subsample': 0.6080050475213126, 'colsample_bytree': 0.5013541727082262}. Best is trial 3 with value: 0.7.
[I 2026-04-21 10:32:16,293] Trial 15 finished with value: 0.65 and parameters: {'n_estimators': 10, 'max_depth': 20, 'gamma': 0.4886886630598376, 'subsample': 0.7210246069899078, 'colsample_bytree': 0.9993382301125611}. Best is trial 3 with value: 0.7.
[I 2026-04-21 10:32:16,344] Trial 16 finished with value: 0.6 and parameters: {'n_estimators': 40, 'max_depth': 5, 'gamma': 0.26106391787161265, 'subsample': 0.5207197919620343, 'colsample_bytree': 0.9084695683878373}. Best is trial 3 with value: 0.7.
[I 2026-04-21 10:32:16,389] Trial 17 finished with value: 0.65 and parameters: {'n_estimators': 40, 'max_depth': 20, 'gamma': 0.3742384390971702, 'subsample': 0.6898743396113027, 'colsample_bytree': 0.7482656552088968}. Best is trial 3 with value: 0.7.
[I 2026-04-21 10:32:16,423] Trial 18 finished with value: 0.55 and parameters: {'n_estimators': 10, 'max_depth': 20, 'gamma': 0.1546048048996151, 'subsample': 0.75564025339754, 'colsample_bytree': 0.6413922421306778}. Best is trial 3 with value: 0.7.
[I 2026-04-21 10:32:16,479] Trial 19 finished with value: 0.55 and parameters: {'n_estimators': 100, 'max_depth': 20, 'gamma': 0.7845834662562873, 'subsample': 0.9132235566605846, 'colsample_bytree': 0.8079498439187516}. Best is trial 3 with value: 0.7.
[I 2026-04-21 10:32:16,521] Trial 20 finished with value: 0.7 and parameters: {'n_estimators': 10, 'max_depth': 5, 'gamma': 0.6397877373108088, 'subsample': 0.5801921214890668, 'colsample_bytree': 0.8522655018533358}. Best is trial 3 with value: 0.7.
[I 2026-04-21 10:32:16,564] Trial 21 finished with value: 0.7 and parameters: {'n_estimators': 10, 'max_depth': 5, 'gamma': 0.631782946582628, 'subsample': 0.5848814684008544, 'colsample_bytree': 0.8467254020772381}. Best is trial 3 with value: 0.7.
[I 2026-04-21 10:32:16,603] Trial 22 finished with value: 0.6 and parameters: {'n_estimators': 10, 'max_depth': 5, 'gamma': 0.6334944388077294, 'subsample': 0.5029032013552366, 'colsample_bytree': 0.8551339302134823}. Best is trial 3 with value: 0.7.
[I 2026-04-21 10:32:16,642] Trial 23 finished with value: 0.6 and parameters: {'n_estimators': 10, 'max_depth': 5, 'gamma': 0.5276678862468529, 'subsample': 0.5688482666583087, 'colsample_bytree': 0.9187145579615741}. Best is trial 3 with value: 0.7.
[I 2026-04-21 10:32:16,681] Trial 24 finished with value: 0.65 and parameters: {'n_estimators': 10, 'max_depth': 5, 'gamma': 0.7994570692244332, 'subsample': 0.6516899757161684, 'colsample_bytree': 0.8413400396325075}. Best is trial 3 with value: 0.7.
[I 2026-04-21 10:32:16,731] Trial 25 finished with value: 0.7 and parameters: {'n_estimators': 10, 'max_depth': 5, 'gamma': 0.6289528513826238, 'subsample': 0.6175061423626792, 'colsample_bytree': 0.9533032731105882}. Best is trial 3 with value: 0.7.
[I 2026-04-21 10:32:16,772] Trial 26 finished with value: 0.6 and parameters: {'n_estimators': 10, 'max_depth': 5, 'gamma': 0.6996821346479195, 'subsample': 0.551697380955656, 'colsample_bytree': 0.8893511763540201}. Best is trial 3 with value: 0.7.
[I 2026-04-21 10:32:16,811] Trial 27 finished with value: 0.7 and parameters: {'n_estimators': 10, 'max_depth': 5, 'gamma': 0.5452307454838259, 'subsample': 0.7997376540604624, 'colsample_bytree': 0.7805470322894501}. Best is trial 3 with value: 0.7.
[I 2026-04-21 10:32:16,852] Trial 28 finished with value: 0.65 and parameters: {'n_estimators': 10, 'max_depth': 5, 'gamma': 0.8121779034089154, 'subsample': 0.8510375284683089, 'colsample_bytree': 0.8711186890550285}. Best is trial 3 with value: 0.7.
[I 2026-04-21 10:32:16,891] Trial 29 finished with value: 0.5 and parameters: {'n_estimators': 10, 'max_depth': 5, 'gamma': 0.5762064707523337, 'subsample': 0.7159917965858332, 'colsample_bytree': 0.687447375508737}. Best is trial 3 with value: 0.7.
[I 2026-04-21 10:32:16,962] A new study created in memory with name: rf
[I 2026-04-21 10:32:17,479] Trial 0 finished with value: 0.6 and parameters: {'n_estimators': 458, 'max_depth': 8, 'min_samples_split': 9, 'min_samples_leaf': 1}. Best is trial 0 with value: 0.6.
[I 2026-04-21 10:32:17,675] Trial 1 finished with value: 0.65 and parameters: {'n_estimators': 143, 'max_depth': 13, 'min_samples_split': 6, 'min_samples_leaf': 5}. Best is trial 1 with value: 0.65.
[I 2026-04-21 10:32:18,083] Trial 2 finished with value: 0.5 and parameters: {'n_estimators': 234, 'max_depth': 14, 'min_samples_split': 5, 'min_samples_leaf': 8}. Best is trial 1 with value: 0.65.
[I 2026-04-21 10:32:18,453] Trial 3 finished with value: 0.5 and parameters: {'n_estimators': 307, 'max_depth': 13, 'min_samples_split': 7, 'min_samples_leaf': 10}. Best is trial 1 with value: 0.65.
[I 2026-04-21 10:32:18,931] Trial 4 finished with value: 0.5 and parameters: {'n_estimators': 428, 'max_depth': 10, 'min_samples_split': 9, 'min_samples_leaf': 9}. Best is trial 1 with value: 0.65.
[I 2026-04-21 10:32:19,128] Trial 5 finished with value: 0.5 and parameters: {'n_estimators': 121, 'max_depth': 15, 'min_samples_split': 9, 'min_samples_leaf': 8}. Best is trial 1 with value: 0.65.
[I 2026-04-21 10:32:19,557] Trial 6 finished with value: 0.5 and parameters: {'n_estimators': 384, 'max_depth': 12, 'min_samples_split': 3, 'min_samples_leaf': 10}. Best is trial 1 with value: 0.65.
[I 2026-04-21 10:32:19,866] Trial 7 finished with value: 0.5 and parameters: {'n_estimators': 261, 'max_depth': 6, 'min_samples_split': 8, 'min_samples_leaf': 10}. Best is trial 1 with value: 0.65.
[I 2026-04-21 10:32:20,095] Trial 8 finished with value: 0.5 and parameters: {'n_estimators': 202, 'max_depth': 15, 'min_samples_split': 7, 'min_samples_leaf': 8}. Best is trial 1 with value: 0.65.
[I 2026-04-21 10:32:20,790] Trial 9 finished with value: 0.6 and parameters: {'n_estimators': 475, 'max_depth': 9, 'min_samples_split': 4, 'min_samples_leaf': 5}. Best is trial 1 with value: 0.65.
[I 2026-04-21 10:32:20,971] Trial 10 finished with value: 0.45 and parameters: {'n_estimators': 135, 'max_depth': 20, 'min_samples_split': 2, 'min_samples_leaf': 4}. Best is trial 1 with value: 0.65.
[I 2026-04-21 10:32:21,518] Trial 11 finished with value: 0.55 and parameters: {'n_estimators': 344, 'max_depth': 4, 'min_samples_split': 10, 'min_samples_leaf': 1}. Best is trial 1 with value: 0.65.
[I 2026-04-21 10:32:22,053] Trial 12 finished with value: 0.45 and parameters: {'n_estimators': 489, 'max_depth': 7, 'min_samples_split': 6, 'min_samples_leaf': 1}. Best is trial 1 with value: 0.65.
[I 2026-04-21 10:32:22,291] Trial 13 finished with value: 0.55 and parameters: {'n_estimators': 201, 'max_depth': 18, 'min_samples_split': 5, 'min_samples_leaf': 3}. Best is trial 1 with value: 0.65.
[I 2026-04-21 10:32:22,885] Trial 14 finished with value: 0.5 and parameters: {'n_estimators': 402, 'max_depth': 9, 'min_samples_split': 7, 'min_samples_leaf': 6}. Best is trial 1 with value: 0.65.
[I 2026-04-21 10:32:23,316] Trial 15 finished with value: 0.6 and parameters: {'n_estimators': 331, 'max_depth': 3, 'min_samples_split': 10, 'min_samples_leaf': 3}. Best is trial 1 with value: 0.65.
[I 2026-04-21 10:32:23,550] Trial 16 finished with value: 0.55 and parameters: {'n_estimators': 165, 'max_depth': 17, 'min_samples_split': 6, 'min_samples_leaf': 6}. Best is trial 1 with value: 0.65.
[I 2026-04-21 10:32:24,046] Trial 17 finished with value: 0.55 and parameters: {'n_estimators': 277, 'max_depth': 11, 'min_samples_split': 8, 'min_samples_leaf': 2}. Best is trial 1 with value: 0.65.
[I 2026-04-21 10:32:24,235] Trial 18 finished with value: 0.6 and parameters: {'n_estimators': 108, 'max_depth': 7, 'min_samples_split': 5, 'min_samples_leaf': 5}. Best is trial 1 with value: 0.65.
[I 2026-04-21 10:32:24,763] Trial 19 finished with value: 0.5 and parameters: {'n_estimators': 448, 'max_depth': 6, 'min_samples_split': 8, 'min_samples_leaf': 3}. Best is trial 1 with value: 0.65.
[I 2026-04-21 10:32:25,183] Trial 20 finished with value: 0.5 and parameters: {'n_estimators': 361, 'max_depth': 11, 'min_samples_split': 4, 'min_samples_leaf': 2}. Best is trial 1 with value: 0.65.
[I 2026-04-21 10:32:25,730] Trial 21 finished with value: 0.65 and parameters: {'n_estimators': 487, 'max_depth': 9, 'min_samples_split': 4, 'min_samples_leaf': 5}. Best is trial 1 with value: 0.65.
[I 2026-04-21 10:32:26,205] Trial 22 finished with value: 0.5 and parameters: {'n_estimators': 449, 'max_depth': 8, 'min_samples_split': 3, 'min_samples_leaf': 7}. Best is trial 1 with value: 0.65.
[I 2026-04-21 10:32:26,763] Trial 23 finished with value: 0.65 and parameters: {'n_estimators': 492, 'max_depth': 5, 'min_samples_split': 4, 'min_samples_leaf': 4}. Best is trial 1 with value: 0.65.
[I 2026-04-21 10:32:27,201] Trial 24 finished with value: 0.6 and parameters: {'n_estimators': 392, 'max_depth': 5, 'min_samples_split': 4, 'min_samples_leaf': 4}. Best is trial 1 with value: 0.65.
[I 2026-04-21 10:32:27,804] Trial 25 finished with value: 0.6 and parameters: {'n_estimators': 418, 'max_depth': 13, 'min_samples_split': 2, 'min_samples_leaf': 4}. Best is trial 1 with value: 0.65.
[I 2026-04-21 10:32:28,360] Trial 26 finished with value: 0.55 and parameters: {'n_estimators': 500, 'max_depth': 3, 'min_samples_split': 3, 'min_samples_leaf': 5}. Best is trial 1 with value: 0.65.
[I 2026-04-21 10:32:28,598] Trial 27 finished with value: 0.45 and parameters: {'n_estimators': 165, 'max_depth': 10, 'min_samples_split': 5, 'min_samples_leaf': 6}. Best is trial 1 with value: 0.65.
[I 2026-04-21 10:32:28,961] Trial 28 finished with value: 0.5 and parameters: {'n_estimators': 311, 'max_depth': 16, 'min_samples_split': 4, 'min_samples_leaf': 7}. Best is trial 1 with value: 0.65.
[I 2026-04-21 10:32:29,483] Trial 29 finished with value: 0.6 and parameters: {'n_estimators': 456, 'max_depth': 5, 'min_samples_split': 6, 'min_samples_leaf': 4}. Best is trial 1 with value: 0.65.
[I 2026-04-21 10:32:29,888] A new study created in memory with name: mlp
[I 2026-04-21 10:32:29,952] Trial 0 finished with value: 0.4 and parameters: {'hidden_layer_sizes': (100,), 'max_iter': 100, 'alpha': 0.0001}. Best is trial 0 with value: 0.4.
[I 2026-04-21 10:32:30,038] Trial 1 finished with value: 0.4 and parameters: {'hidden_layer_sizes': (100, 100), 'max_iter': 100, 'alpha': 0.001}. Best is trial 0 with value: 0.4.
[I 2026-04-21 10:32:30,155] Trial 2 finished with value: 0.4 and parameters: {'hidden_layer_sizes': (200,), 'max_iter': 100, 'alpha': 0.0001}. Best is trial 0 with value: 0.4.
[I 2026-04-21 10:32:30,213] Trial 3 finished with value: 0.4 and parameters: {'hidden_layer_sizes': (200,), 'max_iter': 50, 'alpha': 0.001}. Best is trial 0 with value: 0.4.
[I 2026-04-21 10:32:30,270] Trial 4 finished with value: 0.4 and parameters: {'hidden_layer_sizes': (100, 100), 'max_iter': 50, 'alpha': 0.0001}. Best is trial 0 with value: 0.4.
[I 2026-04-21 10:32:30,358] Trial 5 finished with value: 0.35 and parameters: {'hidden_layer_sizes': (200,), 'max_iter': 100, 'alpha': 0.0001}. Best is trial 0 with value: 0.4.
[I 2026-04-21 10:32:30,455] Trial 6 finished with value: 0.35 and parameters: {'hidden_layer_sizes': (200,), 'max_iter': 100, 'alpha': 0.001}. Best is trial 0 with value: 0.4.
[I 2026-04-21 10:32:30,525] Trial 7 finished with value: 0.45 and parameters: {'hidden_layer_sizes': (100,), 'max_iter': 100, 'alpha': 0.001}. Best is trial 7 with value: 0.45.
[I 2026-04-21 10:32:30,612] Trial 8 finished with value: 0.45 and parameters: {'hidden_layer_sizes': (100, 100), 'max_iter': 100, 'alpha': 0.0001}. Best is trial 7 with value: 0.45.
[I 2026-04-21 10:32:30,708] Trial 9 finished with value: 0.35 and parameters: {'hidden_layer_sizes': (200,), 'max_iter': 100, 'alpha': 0.0001}. Best is trial 7 with value: 0.45.
[I 2026-04-21 10:32:30,757] Trial 10 finished with value: 0.35 and parameters: {'hidden_layer_sizes': (100,), 'max_iter': 50, 'alpha': 0.001}. Best is trial 7 with value: 0.45.
[I 2026-04-21 10:32:30,827] Trial 11 finished with value: 0.35 and parameters: {'hidden_layer_sizes': (100,), 'max_iter': 100, 'alpha': 0.001}. Best is trial 7 with value: 0.45.
[I 2026-04-21 10:32:30,945] Trial 12 finished with value: 0.4 and parameters: {'hidden_layer_sizes': (100, 100), 'max_iter': 100, 'alpha': 0.001}. Best is trial 7 with value: 0.45.
[I 2026-04-21 10:32:31,014] Trial 13 finished with value: 0.4 and parameters: {'hidden_layer_sizes': (100,), 'max_iter': 100, 'alpha': 0.0001}. Best is trial 7 with value: 0.45.
[I 2026-04-21 10:32:31,073] Trial 14 finished with value: 0.45 and parameters: {'hidden_layer_sizes': (100, 100), 'max_iter': 50, 'alpha': 0.0001}. Best is trial 7 with value: 0.45.
[I 2026-04-21 10:32:31,162] Trial 15 finished with value: 0.4 and parameters: {'hidden_layer_sizes': (100,), 'max_iter': 100, 'alpha': 0.001}. Best is trial 7 with value: 0.45.
[I 2026-04-21 10:32:31,282] Trial 16 finished with value: 0.45 and parameters: {'hidden_layer_sizes': (100, 100), 'max_iter': 100, 'alpha': 0.001}. Best is trial 7 with value: 0.45.
[I 2026-04-21 10:32:31,372] Trial 17 finished with value: 0.4 and parameters: {'hidden_layer_sizes': (100, 100), 'max_iter': 100, 'alpha': 0.0001}. Best is trial 7 with value: 0.45.
[I 2026-04-21 10:32:31,420] Trial 18 finished with value: 0.35 and parameters: {'hidden_layer_sizes': (100,), 'max_iter': 50, 'alpha': 0.0001}. Best is trial 7 with value: 0.45.
[I 2026-04-21 10:32:31,484] Trial 19 finished with value: 0.4 and parameters: {'hidden_layer_sizes': (100,), 'max_iter': 100, 'alpha': 0.001}. Best is trial 7 with value: 0.45.
[I 2026-04-21 10:32:31,569] Trial 20 finished with value: 0.4 and parameters: {'hidden_layer_sizes': (100, 100), 'max_iter': 100, 'alpha': 0.0001}. Best is trial 7 with value: 0.45.
[I 2026-04-21 10:32:31,613] Trial 21 finished with value: 0.35 and parameters: {'hidden_layer_sizes': (100, 100), 'max_iter': 50, 'alpha': 0.0001}. Best is trial 7 with value: 0.45.
[I 2026-04-21 10:32:31,672] Trial 22 finished with value: 0.4 and parameters: {'hidden_layer_sizes': (100, 100), 'max_iter': 50, 'alpha': 0.0001}. Best is trial 7 with value: 0.45.
[I 2026-04-21 10:32:31,731] Trial 23 finished with value: 0.45 and parameters: {'hidden_layer_sizes': (100, 100), 'max_iter': 50, 'alpha': 0.0001}. Best is trial 7 with value: 0.45.
[I 2026-04-21 10:32:31,776] Trial 24 finished with value: 0.4 and parameters: {'hidden_layer_sizes': (100, 100), 'max_iter': 50, 'alpha': 0.0001}. Best is trial 7 with value: 0.45.
[I 2026-04-21 10:32:31,832] Trial 25 finished with value: 0.35 and parameters: {'hidden_layer_sizes': (100, 100), 'max_iter': 50, 'alpha': 0.0001}. Best is trial 7 with value: 0.45.
[I 2026-04-21 10:32:31,880] Trial 26 finished with value: 0.35 and parameters: {'hidden_layer_sizes': (100,), 'max_iter': 50, 'alpha': 0.001}. Best is trial 7 with value: 0.45.
[I 2026-04-21 10:32:31,969] Trial 27 finished with value: 0.4 and parameters: {'hidden_layer_sizes': (100, 100), 'max_iter': 100, 'alpha': 0.0001}. Best is trial 7 with value: 0.45.
[I 2026-04-21 10:32:32,028] Trial 28 finished with value: 0.4 and parameters: {'hidden_layer_sizes': (100, 100), 'max_iter': 50, 'alpha': 0.001}. Best is trial 7 with value: 0.45.
[I 2026-04-21 10:32:32,096] Trial 29 finished with value: 0.4 and parameters: {'hidden_layer_sizes': (100,), 'max_iter': 100, 'alpha': 0.0001}. Best is trial 7 with value: 0.45.
[I 2026-04-21 10:32:34,022] A new study created in memory with name: svc
[I 2026-04-21 10:32:34,045] Trial 0 finished with value: 0.35 and parameters: {'C': 37.27697013499731, 'gamma': 0.0021277432488243223}. Best is trial 0 with value: 0.35.
[I 2026-04-21 10:32:34,059] Trial 1 finished with value: 0.4 and parameters: {'C': 19.271543171162776, 'gamma': 0.00014682043379470554}. Best is trial 1 with value: 0.4.
[I 2026-04-21 10:32:34,072] Trial 2 finished with value: 0.2 and parameters: {'C': 0.0269542169583157, 'gamma': 0.023999835049635022}. Best is trial 1 with value: 0.4.
[I 2026-04-21 10:32:34,086] Trial 3 finished with value: 0.4 and parameters: {'C': 1.3160410886450586, 'gamma': 0.0047340159215720195}. Best is trial 1 with value: 0.4.
[I 2026-04-21 10:32:34,100] Trial 4 finished with value: 0.2 and parameters: {'C': 0.21959952535674737, 'gamma': 0.030908485742507576}. Best is trial 1 with value: 0.4.
[I 2026-04-21 10:32:34,116] Trial 5 finished with value: 0.2 and parameters: {'C': 0.5656733313644114, 'gamma': 0.08780685564625502}. Best is trial 1 with value: 0.4.
[I 2026-04-21 10:32:34,131] Trial 6 finished with value: 0.2 and parameters: {'C': 1.1807165425157664, 'gamma': 0.020674470756231633}. Best is trial 1 with value: 0.4.
[I 2026-04-21 10:32:34,156] Trial 7 finished with value: 0.4 and parameters: {'C': 3.8143486186647126, 'gamma': 0.9138966502602072}. Best is trial 1 with value: 0.4.
[I 2026-04-21 10:32:34,173] Trial 8 finished with value: 0.35 and parameters: {'C': 19.029737066374768, 'gamma': 0.004495766421289856}. Best is trial 1 with value: 0.4.
[I 2026-04-21 10:32:34,197] Trial 9 finished with value: 0.3 and parameters: {'C': 31.994153257994277, 'gamma': 0.19725941020937518}. Best is trial 1 with value: 0.4.
[I 2026-04-21 10:32:34,222] Trial 10 finished with value: 0.45 and parameters: {'C': 96.48544976930573, 'gamma': 0.00012227600695838894}. Best is trial 10 with value: 0.45.
