[I 2026-04-21 10:32:53,377] Trial 29 finished with value: 0.4 and parameters: {'C': 37.670053380715494, 'gamma': 0.0006505049777686166}. Best is trial 1 with value: 0.55.

Parámetros guardados en /data/home/rtabares/estiven/CorVAE/checkpoint_default_MLP_Dlatent/k-means/IPC_10/best_models_k-means_seed_6_space_latent/mlp_best_params.json


>>> Optuna tuning svc metodo k-means IPC 10 seed 6


Parámetros guardados en /data/home/rtabares/estiven/CorVAE/checkpoint_default_MLP_Dlatent/k-means/IPC_10/best_models_k-means_seed_6_space_latent/svc_best_params.json


>>> Optuna tuning naive_bayes metodo k-means IPC 10 seed 6


Parámetros guardados en /data/home/rtabares/estiven/CorVAE/checkpoint_default_MLP_Dlatent/k-means/IPC_10/best_models_k-means_seed_6_space_original/naive_bayes_best_params.json


>>> Optuna tuning logreg metodo k-means IPC 10 seed 6


Parámetros guardados en /data/home/rtabares/estiven/CorVAE/checkpoint_default_MLP_Dlatent/k-means/IPC_10/best_models_k-means_seed_6_space_original/logreg_best_params.json


>>> Optuna tuning knn metodo k-means IPC 10 seed 6


Parámetros guardados en /data/home/rtabares/estiven/CorVAE/checkpoint_default_MLP_Dlatent/k-means/IPC_10/best_models_k-means_seed_6_space_original/knn_best_params.json


>>> Optuna tuning xgb metodo k-means IPC 10 seed 6


Parámetros guardados en /data/home/rtabares/estiven/CorVAE/checkpoint_default_MLP_Dlatent/k-means/IPC_10/best_models_k-means_seed_6_space_original/xgb_best_params.json


>>> Optuna tuning rf metodo k-means IPC 10 seed 6


Parámetros guardados en /data/home/rtabares/estiven/CorVAE/checkpoint_default_MLP_Dlatent/k-means/IPC_10/best_models_k-means_seed_6_space_original/rf_best_params.json


>>> Optuna tuning mlp metodo k-means IPC 10 seed 6


Parámetros guardados en /data/home/rtabares/estiven/CorVAE/checkpoint_default_MLP_Dlatent/k-means/IPC_10/best_models_k-means_seed_6_space_original/mlp_best_params.json


>>> Optuna tuning svc metodo k-means IPC 10 seed 6


Parámetros guardados en /data/home/rtabares/estiven/CorVAE/checkpoint_default_MLP_Dlatent/k-means/IPC_10/best_models_k-means_seed_6_space_original/svc_best_params.json


>>> Optuna tuning naive_bayes metodo k-center IPC 10 seed 6


Parámetros guardados en /data/home/rtabares/estiven/CorVAE/checkpoint_default_MLP_Dlatent/k-center/IPC_10/best_models_k-center_seed_6_space_latent/naive_bayes_best_params.json


>>> Optuna tuning logreg metodo k-center IPC 10 seed 6


Parámetros guardados en /data/home/rtabares/estiven/CorVAE/checkpoint_default_MLP_Dlatent/k-center/IPC_10/best_models_k-center_seed_6_space_latent/logreg_best_params.json


>>> Optuna tuning knn metodo k-center IPC 10 seed 6


Parámetros guardados en /data/home/rtabares/estiven/CorVAE/checkpoint_default_MLP_Dlatent/k-center/IPC_10/best_models_k-center_seed_6_space_latent/knn_best_params.json


>>> Optuna tuning xgb metodo k-center IPC 10 seed 6


Parámetros guardados en /data/home/rtabares/estiven/CorVAE/checkpoint_default_MLP_Dlatent/k-center/IPC_10/best_models_k-center_seed_6_space_latent/xgb_best_params.json


>>> Optuna tuning rf metodo k-center IPC 10 seed 6


Parámetros guardados en /data/home/rtabares/estiven/CorVAE/checkpoint_default_MLP_Dlatent/k-center/IPC_10/best_models_k-center_seed_6_space_latent/rf_best_params.json


>>> Optuna tuning mlp metodo k-center IPC 10 seed 6


Parámetros guardados en /data/home/rtabares/estiven/CorVAE/checkpoint_default_MLP_Dlatent/k-center/IPC_10/best_models_k-center_seed_6_space_latent/mlp_best_params.json


>>> Optuna tuning svc metodo k-center IPC 10 seed 6


Parámetros guardados en /data/home/rtabares/estiven/CorVAE/checkpoint_default_MLP_Dlatent/k-center/IPC_10/best_models_k-center_seed_6_space_latent/svc_best_params.json


>>> Optuna tuning naive_bayes metodo k-center IPC 10 seed 6


Parámetros guardados en /data/home/rtabares/estiven/CorVAE/checkpoint_default_MLP_Dlatent/k-center/IPC_10/best_models_k-center_seed_6_space_original/naive_bayes_best_params.json


>>> Optuna tuning logreg metodo k-center IPC 10 seed 6


Parámetros guardados en /data/home/rtabares/estiven/CorVAE/checkpoint_default_MLP_Dlatent/k-center/IPC_10/best_models_k-center_seed_6_space_original/logreg_best_params.json


>>> Optuna tuning knn metodo k-center IPC 10 seed 6


Parámetros guardados en /data/home/rtabares/estiven/CorVAE/checkpoint_default_MLP_Dlatent/k-center/IPC_10/best_models_k-center_seed_6_space_original/knn_best_params.json


>>> Optuna tuning xgb metodo k-center IPC 10 seed 6


Parámetros guardados en /data/home/rtabares/estiven/CorVAE/checkpoint_default_MLP_Dlatent/k-center/IPC_10/best_models_k-center_seed_6_space_original/xgb_best_params.json


>>> Optuna tuning rf metodo k-center IPC 10 seed 6


Parámetros guardados en /data/home/rtabares/estiven/CorVAE/checkpoint_default_MLP_Dlatent/k-center/IPC_10/best_models_k-center_seed_6_space_original/rf_best_params.json


>>> Optuna tuning mlp metodo k-center IPC 10 seed 6


Parámetros guardados en /data/home/rtabares/estiven/CorVAE/checkpoint_default_MLP_Dlatent/k-center/IPC_10/best_models_k-center_seed_6_space_original/mlp_best_params.json


>>> Optuna tuning svc metodo k-center IPC 10 seed 6


Parámetros guardados en /data/home/rtabares/estiven/CorVAE/checkpoint_default_MLP_Dlatent/k-center/IPC_10/best_models_k-center_seed_6_space_original/svc_best_params.json


>>> Optuna tuning naive_bayes metodo ag IPC 10 seed 6


Parámetros guardados en /data/home/rtabares/estiven/CorVAE/checkpoint_default_MLP_Dlatent/ag/IPC_10/best_models_ag_seed_6_space_latent/naive_bayes_best_params.json


>>> Optuna tuning logreg metodo ag IPC 10 seed 6


Parámetros guardados en /data/home/rtabares/estiven/CorVAE/checkpoint_default_MLP_Dlatent/ag/IPC_10/best_models_ag_seed_6_space_latent/logreg_best_params.json


>>> Optuna tuning knn metodo ag IPC 10 seed 6


Parámetros guardados en /data/home/rtabares/estiven/CorVAE/checkpoint_default_MLP_Dlatent/ag/IPC_10/best_models_ag_seed_6_space_latent/knn_best_params.json


>>> Optuna tuning xgb metodo ag IPC 10 seed 6


Parámetros guardados en /data/home/rtabares/estiven/CorVAE/checkpoint_default_MLP_Dlatent/ag/IPC_10/best_models_ag_seed_6_space_latent/xgb_best_params.json


>>> Optuna tuning rf metodo ag IPC 10 seed 6


Parámetros guardados en /data/home/rtabares/estiven/CorVAE/checkpoint_default_MLP_Dlatent/ag/IPC_10/best_models_ag_seed_6_space_latent/rf_best_params.json


>>> Optuna tuning mlp metodo ag IPC 10 seed 6


Parámetros guardados en /data/home/rtabares/estiven/CorVAE/checkpoint_default_MLP_Dlatent/ag/IPC_10/best_models_ag_seed_6_space_latent/mlp_best_params.json


>>> Optuna tuning svc metodo ag IPC 10 seed 6


Parámetros guardados en /data/home/rtabares/estiven/CorVAE/checkpoint_default_MLP_Dlatent/ag/IPC_10/best_models_ag_seed_6_space_latent/svc_best_params.json


>>> Optuna tuning naive_bayes metodo ag IPC 10 seed 6


Parámetros guardados en /data/home/rtabares/estiven/CorVAE/checkpoint_default_MLP_Dlatent/ag/IPC_10/best_models_ag_seed_6_space_original/naive_bayes_best_params.json


>>> Optuna tuning logreg metodo ag IPC 10 seed 6


Parámetros guardados en /data/home/rtabares/estiven/CorVAE/checkpoint_default_MLP_Dlatent/ag/IPC_10/best_models_ag_seed_6_space_original/logreg_best_params.json


>>> Optuna tuning knn metodo ag IPC 10 seed 6


Parámetros guardados en /data/home/rtabares/estiven/CorVAE/checkpoint_default_MLP_Dlatent/ag/IPC_10/best_models_ag_seed_6_space_original/knn_best_params.json


>>> Optuna tuning xgb metodo ag IPC 10 seed 6


Parámetros guardados en /data/home/rtabares/estiven/CorVAE/checkpoint_default_MLP_Dlatent/ag/IPC_10/best_models_ag_seed_6_space_original/xgb_best_params.json


>>> Optuna tuning rf metodo ag IPC 10 seed 6


Parámetros guardados en /data/home/rtabares/estiven/CorVAE/checkpoint_default_MLP_Dlatent/ag/IPC_10/best_models_ag_seed_6_space_original/rf_best_params.json


>>> Optuna tuning mlp metodo ag IPC 10 seed 6


Parámetros guardados en /data/home/rtabares/estiven/CorVAE/checkpoint_default_MLP_Dlatent/ag/IPC_10/best_models_ag_seed_6_space_original/mlp_best_params.json


>>> Optuna tuning svc metodo ag IPC 10 seed 6


Parámetros guardados en /data/home/rtabares/estiven/CorVAE/checkpoint_default_MLP_Dlatent/ag/IPC_10/best_models_ag_seed_6_space_original/svc_best_params.json


>>> Optuna tuning naive_bayes metodo lc IPC 10 seed 6


[I 2026-04-21 10:33:12,872] A new study created in memory with name: naive_bayes
[I 2026-04-21 10:33:12,892] Trial 0 finished with value: 0.95 and parameters: {'var_smoothing': 6.10548688762798e-09}. Best is trial 0 with value: 0.95.
[I 2026-04-21 10:33:12,907] Trial 1 finished with value: 0.95 and parameters: {'var_smoothing': 4.6127467400935034e-10}. Best is trial 0 with value: 0.95.
[I 2026-04-21 10:33:12,919] Trial 2 finished with value: 0.95 and parameters: {'var_smoothing': 4.389936579400967e-09}. Best is trial 0 with value: 0.95.
[I 2026-04-21 10:33:12,931] Trial 3 finished with value: 0.95 and parameters: {'var_smoothing': 1.2116948204672054e-10}. Best is trial 0 with value: 0.95.
[I 2026-04-21 10:33:12,943] Trial 4 finished with value: 0.95 and parameters: {'var_smoothing': 1.6417739478477417e-10}. Best is trial 0 with value: 0.95.
[I 2026-04-21 10:33:12,956] Trial 5 finished with value: 0.95 and parameters: {'var_smoothing': 1.5491880147236797e-09}. Best is trial 0 with value: 0.95.
[I 2026-04-21 10:33:12,969] Trial 6 finished with value: 0.95 and parameters: {'var_smoothing': 1.1471883405287265e-09}. Best is trial 0 with value: 0.95.
[I 2026-04-21 10:33:12,982] Trial 7 finished with value: 0.95 and parameters: {'var_smoothing': 6.88041853492358e-10}. Best is trial 0 with value: 0.95.
[I 2026-04-21 10:33:12,996] Trial 8 finished with value: 0.95 and parameters: {'var_smoothing': 4.686144741221158e-10}. Best is trial 0 with value: 0.95.
[I 2026-04-21 10:33:13,008] Trial 9 finished with value: 0.95 and parameters: {'var_smoothing': 1.7580809350683337e-09}. Best is trial 0 with value: 0.95.
[I 2026-04-21 10:33:13,024] Trial 10 finished with value: 0.95 and parameters: {'var_smoothing': 9.83902635509218e-09}. Best is trial 0 with value: 0.95.
[I 2026-04-21 10:33:13,042] Trial 11 finished with value: 0.95 and parameters: {'var_smoothing': 2.660399871603373e-10}. Best is trial 0 with value: 0.95.
[I 2026-04-21 10:33:13,060] Trial 12 finished with value: 0.95 and parameters: {'var_smoothing': 9.276268851540963e-09}. Best is trial 0 with value: 0.95.
[I 2026-04-21 10:33:13,078] Trial 13 finished with value: 0.95 and parameters: {'var_smoothing': 2.9844010685221692e-09}. Best is trial 0 with value: 0.95.
[I 2026-04-21 10:33:13,098] Trial 14 finished with value: 0.95 and parameters: {'var_smoothing': 3.8923309717334116e-10}. Best is trial 0 with value: 0.95.
[I 2026-04-21 10:33:13,117] Trial 15 finished with value: 0.95 and parameters: {'var_smoothing': 3.85461066627204e-09}. Best is trial 0 with value: 0.95.
[I 2026-04-21 10:33:13,138] Trial 16 finished with value: 0.95 and parameters: {'var_smoothing': 7.120907275009211e-10}. Best is trial 0 with value: 0.95.
[I 2026-04-21 10:33:13,157] Trial 17 finished with value: 0.95 and parameters: {'var_smoothing': 2.412486610614855e-10}. Best is trial 0 with value: 0.95.
[I 2026-04-21 10:33:13,176] Trial 18 finished with value: 0.95 and parameters: {'var_smoothing': 2.3580860166954074e-09}. Best is trial 0 with value: 0.95.
[I 2026-04-21 10:33:13,195] Trial 19 finished with value: 0.95 and parameters: {'var_smoothing': 5.846846875339535e-09}. Best is trial 0 with value: 0.95.
[I 2026-04-21 10:33:13,217] Trial 20 finished with value: 0.95 and parameters: {'var_smoothing': 1.0486521320383776e-09}. Best is trial 0 with value: 0.95.
[I 2026-04-21 10:33:13,236] Trial 21 finished with value: 0.95 and parameters: {'var_smoothing': 4.9491450263339475e-09}. Best is trial 0 with value: 0.95.
[I 2026-04-21 10:33:13,255] Trial 22 finished with value: 0.95 and parameters: {'var_smoothing': 6.667992141406306e-09}. Best is trial 0 with value: 0.95.
[I 2026-04-21 10:33:13,273] Trial 23 finished with value: 0.95 and parameters: {'var_smoothing': 3.2795712712135213e-09}. Best is trial 0 with value: 0.95.
[I 2026-04-21 10:33:13,292] Trial 24 finished with value: 0.95 and parameters: {'var_smoothing': 6.403538416287158e-10}. Best is trial 0 with value: 0.95.
[I 2026-04-21 10:33:13,322] Trial 25 finished with value: 0.95 and parameters: {'var_smoothing': 2.1589819023851477e-09}. Best is trial 0 with value: 0.95.
[I 2026-04-21 10:33:13,343] Trial 26 finished with value: 0.95 and parameters: {'var_smoothing': 3.912617821024548e-09}. Best is trial 0 with value: 0.95.
[I 2026-04-21 10:33:13,360] Trial 27 finished with value: 0.95 and parameters: {'var_smoothing': 7.162139101012446e-09}. Best is trial 0 with value: 0.95.
[I 2026-04-21 10:33:13,381] Trial 28 finished with value: 0.95 and parameters: {'var_smoothing': 1.3883316815746274e-09}. Best is trial 0 with value: 0.95.
[I 2026-04-21 10:33:13,398] Trial 29 finished with value: 0.95 and parameters: {'var_smoothing': 4.1751754503046387e-10}. Best is trial 0 with value: 0.95.
[I 2026-04-21 10:33:13,437] A new study created in memory with name: logreg
[I 2026-04-21 10:33:13,462] Trial 0 finished with value: 0.95 and parameters: {'C': 29.127335430981816, 'penalty': 'l2'}. Best is trial 0 with value: 0.95.
[I 2026-04-21 10:33:13,488] Trial 1 finished with value: 1.0 and parameters: {'C': 0.045698192893558344, 'penalty': 'l2'}. Best is trial 1 with value: 1.0.
[I 2026-04-21 10:33:13,514] Trial 2 finished with value: 1.0 and parameters: {'C': 12.768668597712947, 'penalty': 'l2'}. Best is trial 1 with value: 1.0.
[I 2026-04-21 10:33:13,541] Trial 3 finished with value: 1.0 and parameters: {'C': 0.0016161554408462638, 'penalty': 'l2'}. Best is trial 1 with value: 1.0.
[I 2026-04-21 10:33:13,565] Trial 4 finished with value: 1.0 and parameters: {'C': 0.0034536903703241734, 'penalty': 'l2'}. Best is trial 1 with value: 1.0.
[I 2026-04-21 10:33:13,579] Trial 5 finished with value: 1.0 and parameters: {'C': 0.9446269266990148, 'penalty': 'l2'}. Best is trial 1 with value: 1.0.
[I 2026-04-21 10:33:13,603] Trial 6 finished with value: 1.0 and parameters: {'C': 0.4457453393648168, 'penalty': 'l2'}. Best is trial 1 with value: 1.0.
[I 2026-04-21 10:33:13,628] Trial 7 finished with value: 1.0 and parameters: {'C': 0.12417585037258261, 'penalty': 'l2'}. Best is trial 1 with value: 1.0.
[I 2026-04-21 10:33:13,653] Trial 8 finished with value: 1.0 and parameters: {'C': 0.04753781830244093, 'penalty': 'l2'}. Best is trial 1 with value: 1.0.
[I 2026-04-21 10:33:13,679] Trial 9 finished with value: 1.0 and parameters: {'C': 1.2959766028194148, 'penalty': 'l2'}. Best is trial 1 with value: 1.0.
[I 2026-04-21 10:33:13,698] Trial 10 finished with value: 1.0 and parameters: {'C': 0.02024823315667757, 'penalty': 'l2'}. Best is trial 1 with value: 1.0.
[I 2026-04-21 10:33:13,728] Trial 11 finished with value: 0.95 and parameters: {'C': 59.9697718692158, 'penalty': 'l2'}. Best is trial 1 with value: 1.0.
[I 2026-04-21 10:33:13,760] Trial 12 finished with value: 1.0 and parameters: {'C': 5.552269460622474, 'penalty': 'l2'}. Best is trial 1 with value: 1.0.
[I 2026-04-21 10:33:13,781] Trial 13 finished with value: 1.0 and parameters: {'C': 8.127621802267985, 'penalty': 'l2'}. Best is trial 1 with value: 1.0.
[I 2026-04-21 10:33:13,802] Trial 14 finished with value: 1.0 and parameters: {'C': 0.015531279213461827, 'penalty': 'l2'}. Best is trial 1 with value: 1.0.
[I 2026-04-21 10:33:13,833] Trial 15 finished with value: 1.0 and parameters: {'C': 6.522463550002276, 'penalty': 'l2'}. Best is trial 1 with value: 1.0.
[I 2026-04-21 10:33:13,865] Trial 16 finished with value: 1.0 and parameters: {'C': 0.10392567222263467, 'penalty': 'l2'}. Best is trial 1 with value: 1.0.
[I 2026-04-21 10:33:13,893] Trial 17 finished with value: 1.0 and parameters: {'C': 0.009039871959471408, 'penalty': 'l2'}. Best is trial 1 with value: 1.0.
[I 2026-04-21 10:33:13,920] Trial 18 finished with value: 1.0 and parameters: {'C': 0.216278260001447, 'penalty': 'l2'}. Best is trial 1 with value: 1.0.
[I 2026-04-21 10:33:13,948] Trial 19 finished with value: 1.0 and parameters: {'C': 2.2950139089512205, 'penalty': 'l2'}. Best is trial 1 with value: 1.0.
[I 2026-04-21 10:33:13,963] Trial 20 finished with value: 0.95 and parameters: {'C': 33.19039993786443, 'penalty': 'l2'}. Best is trial 1 with value: 1.0.
[I 2026-04-21 10:33:14,004] Trial 21 finished with value: 1.0 and parameters: {'C': 0.0020043497743049213, 'penalty': 'l2'}. Best is trial 1 with value: 1.0.
[I 2026-04-21 10:33:14,035] Trial 22 finished with value: 1.0 and parameters: {'C': 0.0012504220035156409, 'penalty': 'l2'}. Best is trial 1 with value: 1.0.
[I 2026-04-21 10:33:14,061] Trial 23 finished with value: 1.0 and parameters: {'C': 0.003447576380303408, 'penalty': 'l2'}. Best is trial 1 with value: 1.0.
[I 2026-04-21 10:33:14,102] Trial 24 finished with value: 1.0 and parameters: {'C': 0.05391812850265504, 'penalty': 'l2'}. Best is trial 1 with value: 1.0.
[I 2026-04-21 10:33:14,122] Trial 25 finished with value: 1.0 and parameters: {'C': 0.008293948500384058, 'penalty': 'l2'}. Best is trial 1 with value: 1.0.
[I 2026-04-21 10:33:14,150] Trial 26 finished with value: 1.0 and parameters: {'C': 0.4109298147054332, 'penalty': 'l2'}. Best is trial 1 with value: 1.0.
[I 2026-04-21 10:33:14,180] Trial 27 finished with value: 1.0 and parameters: {'C': 0.03098302487477434, 'penalty': 'l2'}. Best is trial 1 with value: 1.0.
[I 2026-04-21 10:33:14,211] Trial 28 finished with value: 1.0 and parameters: {'C': 0.005737068943032881, 'penalty': 'l2'}. Best is trial 1 with value: 1.0.
[I 2026-04-21 10:33:14,245] Trial 29 finished with value: 1.0 and parameters: {'C': 13.363381460369244, 'penalty': 'l2'}. Best is trial 1 with value: 1.0.
[I 2026-04-21 10:33:14,330] A new study created in memory with name: knn
[I 2026-04-21 10:33:14,360] Trial 0 finished with value: 0.9 and parameters: {'n_neighbors': 10, 'leaf_size': 26, 'p': 1}. Best is trial 0 with value: 0.9.
[I 2026-04-21 10:33:14,373] Trial 1 finished with value: 1.0 and parameters: {'n_neighbors': 3, 'leaf_size': 32, 'p': 1}. Best is trial 1 with value: 1.0.
[I 2026-04-21 10:33:14,386] Trial 2 finished with value: 1.0 and parameters: {'n_neighbors': 5, 'leaf_size': 33, 'p': 2}. Best is trial 1 with value: 1.0.
[I 2026-04-21 10:33:14,399] Trial 3 finished with value: 1.0 and parameters: {'n_neighbors': 7, 'leaf_size': 32, 'p': 2}. Best is trial 1 with value: 1.0.
[I 2026-04-21 10:33:14,413] Trial 4 finished with value: 0.95 and parameters: {'n_neighbors': 9, 'leaf_size': 28, 'p': 1}. Best is trial 1 with value: 1.0.
[I 2026-04-21 10:33:14,426] Trial 5 finished with value: 1.0 and parameters: {'n_neighbors': 3, 'leaf_size': 35, 'p': 1}. Best is trial 1 with value: 1.0.
[I 2026-04-21 10:33:14,439] Trial 6 finished with value: 0.95 and parameters: {'n_neighbors': 8, 'leaf_size': 31, 'p': 2}. Best is trial 1 with value: 1.0.
[I 2026-04-21 10:33:14,453] Trial 7 finished with value: 1.0 and parameters: {'n_neighbors': 6, 'leaf_size': 24, 'p': 2}. Best is trial 1 with value: 1.0.
[I 2026-04-21 10:33:14,466] Trial 8 finished with value: 1.0 and parameters: {'n_neighbors': 5, 'leaf_size': 34, 'p': 2}. Best is trial 1 with value: 1.0.
[I 2026-04-21 10:33:14,479] Trial 9 finished with value: 0.9 and parameters: {'n_neighbors': 10, 'leaf_size': 27, 'p': 2}. Best is trial 1 with value: 1.0.
[I 2026-04-21 10:33:14,502] Trial 10 finished with value: 1.0 and parameters: {'n_neighbors': 3, 'leaf_size': 40, 'p': 1}. Best is trial 1 with value: 1.0.
[I 2026-04-21 10:33:14,529] Trial 11 finished with value: 1.0 and parameters: {'n_neighbors': 4, 'leaf_size': 38, 'p': 1}. Best is trial 1 with value: 1.0.
[I 2026-04-21 10:33:14,554] Trial 12 finished with value: 1.0 and parameters: {'n_neighbors': 5, 'leaf_size': 35, 'p': 2}. Best is trial 1 with value: 1.0.
[I 2026-04-21 10:33:14,577] Trial 13 finished with value: 1.0 and parameters: {'n_neighbors': 4, 'leaf_size': 20, 'p': 1}. Best is trial 1 with value: 1.0.
[I 2026-04-21 10:33:14,601] Trial 14 finished with value: 1.0 and parameters: {'n_neighbors': 5, 'leaf_size': 30, 'p': 1}. Best is trial 1 with value: 1.0.
[I 2026-04-21 10:33:14,625] Trial 15 finished with value: 1.0 and parameters: {'n_neighbors': 3, 'leaf_size': 37, 'p': 2}. Best is trial 1 with value: 1.0.
[I 2026-04-21 10:33:14,650] Trial 16 finished with value: 1.0 and parameters: {'n_neighbors': 6, 'leaf_size': 33, 'p': 2}. Best is trial 1 with value: 1.0.
[I 2026-04-21 10:33:14,672] Trial 17 finished with value: 1.0 and parameters: {'n_neighbors': 4, 'leaf_size': 30, 'p': 1}. Best is trial 1 with value: 1.0.
[I 2026-04-21 10:33:14,695] Trial 18 finished with value: 1.0 and parameters: {'n_neighbors': 7, 'leaf_size': 24, 'p': 1}. Best is trial 1 with value: 1.0.
[I 2026-04-21 10:33:14,719] Trial 19 finished with value: 1.0 and parameters: {'n_neighbors': 4, 'leaf_size': 37, 'p': 2}. Best is trial 1 with value: 1.0.
[I 2026-04-21 10:33:14,744] Trial 20 finished with value: 1.0 and parameters: {'n_neighbors': 5, 'leaf_size': 29, 'p': 1}. Best is trial 1 with value: 1.0.
[I 2026-04-21 10:33:14,769] Trial 21 finished with value: 1.0 and parameters: {'n_neighbors': 7, 'leaf_size': 32, 'p': 2}. Best is trial 1 with value: 1.0.
[I 2026-04-21 10:33:14,791] Trial 22 finished with value: 0.95 and parameters: {'n_neighbors': 8, 'leaf_size': 32, 'p': 2}. Best is trial 1 with value: 1.0.
[I 2026-04-21 10:33:14,814] Trial 23 finished with value: 1.0 and parameters: {'n_neighbors': 6, 'leaf_size': 34, 'p': 2}. Best is trial 1 with value: 1.0.
[I 2026-04-21 10:33:14,840] Trial 24 finished with value: 0.95 and parameters: {'n_neighbors': 8, 'leaf_size': 36, 'p': 2}. Best is trial 1 with value: 1.0.
[I 2026-04-21 10:33:14,863] Trial 25 finished with value: 1.0 and parameters: {'n_neighbors': 7, 'leaf_size': 33, 'p': 2}. Best is trial 1 with value: 1.0.
