[I 2026-04-21 10:35:24,876] Trial 28 finished with value: 0.75 and parameters: {'hidden_layer_sizes': (100, 100), 'max_iter': 50, 'alpha': 0.0001}. Best is trial 28 with value: 0.75.
[I 2026-04-21 10:35:24,977] Trial 29 finished with value: 0.55 and parameters: {'hidden_layer_sizes': (100, 100), 'max_iter': 100, 'alpha': 0.0001}. Best is trial 28 with value: 0.75.
[I 2026-04-21 10:35:25,181] A new study created in memory with name: svc
[I 2026-04-21 10:35:25,208] Trial 0 finished with value: 0.5 and parameters: {'C': 0.020194502448102298, 'gamma': 0.13172711156111802}. Best is trial 0 with value: 0.5.
[I 2026-04-21 10:35:25,221] Trial 1 finished with value: 0.5 and parameters: {'C': 0.5670703311028815, 'gamma': 0.0783178418343345}. Best is trial 0 with value: 0.5.
[I 2026-04-21 10:35:25,234] Trial 2 finished with value: 0.65 and parameters: {'C': 81.65034948781698, 'gamma': 0.014255533717547383}. Best is trial 2 with value: 0.65.
[I 2026-04-21 10:35:25,248] Trial 3 finished with value: 0.65 and parameters: {'C': 1.0103732850016278, 'gamma': 0.00019418001640357854}. Best is trial 2 with value: 0.65.
[I 2026-04-21 10:35:25,262] Trial 4 finished with value: 0.6 and parameters: {'C': 0.11851025167261421, 'gamma': 0.00998918377985214}. Best is trial 2 with value: 0.65.
[I 2026-04-21 10:35:25,275] Trial 5 finished with value: 0.4 and parameters: {'C': 5.2109869371584665, 'gamma': 0.16404241128227343}. Best is trial 2 with value: 0.65.
[I 2026-04-21 10:35:25,290] Trial 6 finished with value: 0.65 and parameters: {'C': 0.3340138940215422, 'gamma': 0.00018354619576988685}. Best is trial 2 with value: 0.65.
[I 2026-04-21 10:35:25,303] Trial 7 finished with value: 0.6 and parameters: {'C': 0.1420961781588805, 'gamma': 0.434884682155233}. Best is trial 2 with value: 0.65.
[I 2026-04-21 10:35:25,318] Trial 8 finished with value: 0.65 and parameters: {'C': 0.07137422643361827, 'gamma': 0.006434219125545069}. Best is trial 2 with value: 0.65.
[I 2026-04-21 10:35:25,331] Trial 9 finished with value: 0.85 and parameters: {'C': 53.066944048916255, 'gamma': 0.00012577574840733457}. Best is trial 9 with value: 0.85.
[I 2026-04-21 10:35:25,356] Trial 10 finished with value: 0.7 and parameters: {'C': 60.75179295419671, 'gamma': 0.001366002544888146}. Best is trial 9 with value: 0.85.
[I 2026-04-21 10:35:25,381] Trial 11 finished with value: 0.7 and parameters: {'C': 91.78775489711344, 'gamma': 0.0011545686069539107}. Best is trial 9 with value: 0.85.
[I 2026-04-21 10:35:25,405] Trial 12 finished with value: 0.75 and parameters: {'C': 12.78018083218576, 'gamma': 0.0009977137927509926}. Best is trial 9 with value: 0.85.
[I 2026-04-21 10:35:25,424] Trial 13 finished with value: 0.9 and parameters: {'C': 11.757762049058291, 'gamma': 0.00010134205676992466}. Best is trial 13 with value: 0.9.
[I 2026-04-21 10:35:25,444] Trial 14 finished with value: 0.9 and parameters: {'C': 13.523684318369478, 'gamma': 0.00011259919633219338}. Best is trial 13 with value: 0.9.
[I 2026-04-21 10:35:25,466] Trial 15 finished with value: 0.9 and parameters: {'C': 4.479327467530747, 'gamma': 0.00047042991871584365}. Best is trial 13 with value: 0.9.
[I 2026-04-21 10:35:25,490] Trial 16 finished with value: 0.75 and parameters: {'C': 12.582995900958782, 'gamma': 0.0030903108409441916}. Best is trial 13 with value: 0.9.
[I 2026-04-21 10:35:25,511] Trial 17 finished with value: 0.75 and parameters: {'C': 2.1429636936004752, 'gamma': 0.000326292483624149}. Best is trial 13 with value: 0.9.
[I 2026-04-21 10:35:25,535] Trial 18 finished with value: 0.9 and parameters: {'C': 17.316323356735534, 'gamma': 0.00010889849299888956}. Best is trial 13 with value: 0.9.
[I 2026-04-21 10:35:25,561] Trial 19 finished with value: 0.65 and parameters: {'C': 23.786153133613375, 'gamma': 0.022606509277915705}. Best is trial 13 with value: 0.9.
[I 2026-04-21 10:35:25,594] Trial 20 finished with value: 0.9 and parameters: {'C': 4.284143557104007, 'gamma': 0.0005640646955563388}. Best is trial 13 with value: 0.9.
[I 2026-04-21 10:35:25,616] Trial 21 finished with value: 0.9 and parameters: {'C': 5.00780952910375, 'gamma': 0.00041182742112517924}. Best is trial 13 with value: 0.9.
[I 2026-04-21 10:35:25,640] Trial 22 finished with value: 0.85 and parameters: {'C': 3.065468024681861, 'gamma': 0.0003383402263279142}. Best is trial 13 with value: 0.9.
[I 2026-04-21 10:35:25,660] Trial 23 finished with value: 0.8 and parameters: {'C': 1.6721309696334739, 'gamma': 0.002974875184757917}. Best is trial 13 with value: 0.9.
[I 2026-04-21 10:35:25,681] Trial 24 finished with value: 0.9 and parameters: {'C': 25.681719438166784, 'gamma': 0.00010220378175320117}. Best is trial 13 with value: 0.9.
[I 2026-04-21 10:35:25,703] Trial 25 finished with value: 0.85 and parameters: {'C': 6.695245128545855, 'gamma': 0.0005964485197020045}. Best is trial 13 with value: 0.9.
[I 2026-04-21 10:35:25,724] Trial 26 finished with value: 0.9 and parameters: {'C': 9.204577440747437, 'gamma': 0.00020300183148575489}. Best is trial 13 with value: 0.9.
[I 2026-04-21 10:35:25,747] Trial 27 finished with value: 0.75 and parameters: {'C': 28.980201904983193, 'gamma': 0.001973718169973361}. Best is trial 13 with value: 0.9.
[I 2026-04-21 10:35:25,766] Trial 28 finished with value: 0.75 and parameters: {'C': 1.2212119053832826, 'gamma': 0.0007764297157201908}. Best is trial 13 with value: 0.9.
[I 2026-04-21 10:35:25,787] Trial 29 finished with value: 0.65 and parameters: {'C': 0.024683504005058293, 'gamma': 0.0002837578679647408}. Best is trial 13 with value: 0.9.
[I 2026-04-21 10:36:17,335] A new study created in memory with name: naive_bayes
[I 2026-04-21 10:36:17,349] Trial 0 finished with value: 0.45 and parameters: {'var_smoothing': 1.4210736239935712e-10}. Best is trial 0 with value: 0.45.
[I 2026-04-21 10:36:17,362] Trial 1 finished with value: 0.45 and parameters: {'var_smoothing': 3.629422978396398e-09}. Best is trial 0 with value: 0.45.
[I 2026-04-21 10:36:17,375] Trial 2 finished with value: 0.45 and parameters: {'var_smoothing': 7.530407234027127e-10}. Best is trial 0 with value: 0.45.
[I 2026-04-21 10:36:17,389] Trial 3 finished with value: 0.45 and parameters: {'var_smoothing': 2.7985325053380072e-09}. Best is trial 0 with value: 0.45.
[I 2026-04-21 10:36:17,402] Trial 4 finished with value: 0.45 and parameters: {'var_smoothing': 9.036058293737187e-09}. Best is trial 0 with value: 0.45.
[I 2026-04-21 10:36:17,415] Trial 5 finished with value: 0.45 and parameters: {'var_smoothing': 1.1939653980558784e-09}. Best is trial 0 with value: 0.45.
[I 2026-04-21 10:36:17,429] Trial 6 finished with value: 0.45 and parameters: {'var_smoothing': 1.005173261185167e-09}. Best is trial 0 with value: 0.45.
[I 2026-04-21 10:36:17,442] Trial 7 finished with value: 0.45 and parameters: {'var_smoothing': 1.393484899105757e-10}. Best is trial 0 with value: 0.45.
[I 2026-04-21 10:36:17,455] Trial 8 finished with value: 0.45 and parameters: {'var_smoothing': 3.4425317961147986e-10}. Best is trial 0 with value: 0.45.
[I 2026-04-21 10:36:17,469] Trial 9 finished with value: 0.45 and parameters: {'var_smoothing': 9.994590426751933e-10}. Best is trial 0 with value: 0.45.
[I 2026-04-21 10:36:17,500] Trial 10 finished with value: 0.45 and parameters: {'var_smoothing': 1.9079938112167212e-10}. Best is trial 0 with value: 0.45.
[I 2026-04-21 10:36:17,520] Trial 11 finished with value: 0.45 and parameters: {'var_smoothing': 4.7456863630433305e-09}. Best is trial 0 with value: 0.45.
[I 2026-04-21 10:36:17,540] Trial 12 finished with value: 0.45 and parameters: {'var_smoothing': 2.7185365295481096e-09}. Best is trial 0 with value: 0.45.
[I 2026-04-21 10:36:17,559] Trial 13 finished with value: 0.45 and parameters: {'var_smoothing': 4.3967291332584714e-10}. Best is trial 0 with value: 0.45.
[I 2026-04-21 10:36:17,575] Trial 14 finished with value: 0.45 and parameters: {'var_smoothing': 2.6511307931162972e-09}. Best is trial 0 with value: 0.45.
[I 2026-04-21 10:36:17,596] Trial 15 finished with value: 0.45 and parameters: {'var_smoothing': 9.000422035369052e-09}. Best is trial 0 with value: 0.45.
[I 2026-04-21 10:36:17,612] Trial 16 finished with value: 0.45 and parameters: {'var_smoothing': 2.75340575769171e-10}. Best is trial 0 with value: 0.45.
[I 2026-04-21 10:36:17,632] Trial 17 finished with value: 0.45 and parameters: {'var_smoothing': 1.0118559267516465e-10}. Best is trial 0 with value: 0.45.
[I 2026-04-21 10:36:17,652] Trial 18 finished with value: 0.45 and parameters: {'var_smoothing': 5.126237368588495e-10}. Best is trial 0 with value: 0.45.
[I 2026-04-21 10:36:17,673] Trial 19 finished with value: 0.45 and parameters: {'var_smoothing': 1.7743118427439911e-09}. Best is trial 0 with value: 0.45.
[I 2026-04-21 10:36:17,689] Trial 20 finished with value: 0.45 and parameters: {'var_smoothing': 5.29215399120128e-09}. Best is trial 0 with value: 0.45.
[I 2026-04-21 10:36:17,709] Trial 21 finished with value: 0.45 and parameters: {'var_smoothing': 6.215389304971454e-10}. Best is trial 0 with value: 0.45.
[I 2026-04-21 10:36:17,729] Trial 22 finished with value: 0.45 and parameters: {'var_smoothing': 2.205158371956595e-10}. Best is trial 0 with value: 0.45.
[I 2026-04-21 10:36:17,749] Trial 23 finished with value: 0.45 and parameters: {'var_smoothing': 6.714468189294179e-10}. Best is trial 0 with value: 0.45.
[I 2026-04-21 10:36:17,769] Trial 24 finished with value: 0.45 and parameters: {'var_smoothing': 1.6303611152529254e-09}. Best is trial 0 with value: 0.45.
[I 2026-04-21 10:36:17,786] Trial 25 finished with value: 0.45 and parameters: {'var_smoothing': 5.460180203252778e-09}. Best is trial 0 with value: 0.45.
[I 2026-04-21 10:36:17,801] Trial 26 finished with value: 0.45 and parameters: {'var_smoothing': 1.0123007748054653e-10}. Best is trial 0 with value: 0.45.
[I 2026-04-21 10:36:17,817] Trial 27 finished with value: 0.45 and parameters: {'var_smoothing': 3.7004726843827016e-09}. Best is trial 0 with value: 0.45.
[I 2026-04-21 10:36:17,837] Trial 28 finished with value: 0.45 and parameters: {'var_smoothing': 8.062949328123723e-10}. Best is trial 0 with value: 0.45.
[I 2026-04-21 10:36:17,864] Trial 29 finished with value: 0.45 and parameters: {'var_smoothing': 1.8379694059711336e-09}. Best is trial 0 with value: 0.45.
[I 2026-04-21 10:36:17,908] A new study created in memory with name: logreg
[I 2026-04-21 10:36:17,933] Trial 0 finished with value: 0.5 and parameters: {'C': 0.002407362254570802, 'penalty': 'l2'}. Best is trial 0 with value: 0.5.
[I 2026-04-21 10:36:17,958] Trial 1 finished with value: 0.65 and parameters: {'C': 7.935859334260497, 'penalty': 'l2'}. Best is trial 1 with value: 0.65.
[I 2026-04-21 10:36:17,982] Trial 2 finished with value: 0.55 and parameters: {'C': 0.15561310098067915, 'penalty': 'l2'}. Best is trial 1 with value: 0.65.
[I 2026-04-21 10:36:18,007] Trial 3 finished with value: 0.65 and parameters: {'C': 4.143104515916128, 'penalty': 'l2'}. Best is trial 1 with value: 0.65.
[I 2026-04-21 10:36:18,032] Trial 4 finished with value: 0.65 and parameters: {'C': 77.61533923098803, 'penalty': 'l2'}. Best is trial 1 with value: 0.65.
[I 2026-04-21 10:36:18,057] Trial 5 finished with value: 0.55 and parameters: {'C': 0.49258292359934785, 'penalty': 'l2'}. Best is trial 1 with value: 0.65.
[I 2026-04-21 10:36:18,071] Trial 6 finished with value: 0.55 and parameters: {'C': 0.320333470047146, 'penalty': 'l2'}. Best is trial 1 with value: 0.65.
[I 2026-04-21 10:36:18,095] Trial 7 finished with value: 0.5 and parameters: {'C': 0.002292216671132896, 'penalty': 'l2'}. Best is trial 1 with value: 0.65.
[I 2026-04-21 10:36:18,111] Trial 8 finished with value: 0.6 and parameters: {'C': 0.0219884643872214, 'penalty': 'l2'}. Best is trial 1 with value: 0.65.
[I 2026-04-21 10:36:18,137] Trial 9 finished with value: 0.55 and parameters: {'C': 0.31580027519646636, 'penalty': 'l2'}. Best is trial 1 with value: 0.65.
[I 2026-04-21 10:36:18,166] Trial 10 finished with value: 0.65 and parameters: {'C': 47.045226746887316, 'penalty': 'l2'}. Best is trial 1 with value: 0.65.
[I 2026-04-21 10:36:18,196] Trial 11 finished with value: 0.65 and parameters: {'C': 6.839277165794106, 'penalty': 'l2'}. Best is trial 1 with value: 0.65.
[I 2026-04-21 10:36:18,226] Trial 12 finished with value: 0.65 and parameters: {'C': 5.370275252082627, 'penalty': 'l2'}. Best is trial 1 with value: 0.65.
[I 2026-04-21 10:36:18,259] Trial 13 finished with value: 0.65 and parameters: {'C': 4.530730528990401, 'penalty': 'l2'}. Best is trial 1 with value: 0.65.
[I 2026-04-21 10:36:18,291] Trial 14 finished with value: 0.65 and parameters: {'C': 15.961422628848593, 'penalty': 'l2'}. Best is trial 1 with value: 0.65.
[I 2026-04-21 10:36:18,319] Trial 15 finished with value: 0.6 and parameters: {'C': 1.6271854345698875, 'penalty': 'l2'}. Best is trial 1 with value: 0.65.
[I 2026-04-21 10:36:18,347] Trial 16 finished with value: 0.6 and parameters: {'C': 1.8118670271657522, 'penalty': 'l2'}. Best is trial 1 with value: 0.65.
[I 2026-04-21 10:36:18,380] Trial 17 finished with value: 0.65 and parameters: {'C': 25.035357564636254, 'penalty': 'l2'}. Best is trial 1 with value: 0.65.
[I 2026-04-21 10:36:18,410] Trial 18 finished with value: 0.6 and parameters: {'C': 0.059497234598840446, 'penalty': 'l2'}. Best is trial 1 with value: 0.65.
[I 2026-04-21 10:36:18,437] Trial 19 finished with value: 0.6 and parameters: {'C': 1.4421025470950777, 'penalty': 'l2'}. Best is trial 1 with value: 0.65.
[I 2026-04-21 10:36:18,464] Trial 20 finished with value: 0.65 and parameters: {'C': 20.37422894544439, 'penalty': 'l2'}. Best is trial 1 with value: 0.65.
[I 2026-04-21 10:36:18,491] Trial 21 finished with value: 0.65 and parameters: {'C': 75.5590118311051, 'penalty': 'l2'}. Best is trial 1 with value: 0.65.
[I 2026-04-21 10:36:18,521] Trial 22 finished with value: 0.65 and parameters: {'C': 75.27740638314266, 'penalty': 'l2'}. Best is trial 1 with value: 0.65.
[I 2026-04-21 10:36:18,551] Trial 23 finished with value: 0.65 and parameters: {'C': 9.20586409160206, 'penalty': 'l2'}. Best is trial 1 with value: 0.65.
[I 2026-04-21 10:36:18,579] Trial 24 finished with value: 0.65 and parameters: {'C': 27.18664488933132, 'penalty': 'l2'}. Best is trial 1 with value: 0.65.
[I 2026-04-21 10:36:18,608] Trial 25 finished with value: 0.65 and parameters: {'C': 3.036142682269954, 'penalty': 'l2'}. Best is trial 1 with value: 0.65.
[I 2026-04-21 10:36:18,638] Trial 26 finished with value: 0.65 and parameters: {'C': 96.05640144399393, 'penalty': 'l2'}. Best is trial 1 with value: 0.65.
[I 2026-04-21 10:36:18,660] Trial 27 finished with value: 0.55 and parameters: {'C': 0.8364098732378402, 'penalty': 'l2'}. Best is trial 1 with value: 0.65.
[I 2026-04-21 10:36:18,687] Trial 28 finished with value: 0.65 and parameters: {'C': 11.876976963767161, 'penalty': 'l2'}. Best is trial 1 with value: 0.65.
[I 2026-04-21 10:36:18,708] Trial 29 finished with value: 0.6 and parameters: {'C': 0.011104103350344362, 'penalty': 'l2'}. Best is trial 1 with value: 0.65.
[I 2026-04-21 10:36:18,800] A new study created in memory with name: knn
[I 2026-04-21 10:36:18,818] Trial 0 finished with value: 0.45 and parameters: {'n_neighbors': 3, 'leaf_size': 36, 'p': 2}. Best is trial 0 with value: 0.45.
[I 2026-04-21 10:36:18,832] Trial 1 finished with value: 0.7 and parameters: {'n_neighbors': 10, 'leaf_size': 31, 'p': 1}. Best is trial 1 with value: 0.7.
[I 2026-04-21 10:36:18,846] Trial 2 finished with value: 0.55 and parameters: {'n_neighbors': 5, 'leaf_size': 30, 'p': 2}. Best is trial 1 with value: 0.7.
[I 2026-04-21 10:36:18,861] Trial 3 finished with value: 0.6 and parameters: {'n_neighbors': 6, 'leaf_size': 21, 'p': 2}. Best is trial 1 with value: 0.7.
[I 2026-04-21 10:36:18,875] Trial 4 finished with value: 0.4 and parameters: {'n_neighbors': 4, 'leaf_size': 29, 'p': 1}. Best is trial 1 with value: 0.7.
[I 2026-04-21 10:36:18,890] Trial 5 finished with value: 0.5 and parameters: {'n_neighbors': 7, 'leaf_size': 39, 'p': 2}. Best is trial 1 with value: 0.7.
[I 2026-04-21 10:36:18,905] Trial 6 finished with value: 0.65 and parameters: {'n_neighbors': 10, 'leaf_size': 22, 'p': 2}. Best is trial 1 with value: 0.7.
[I 2026-04-21 10:36:18,920] Trial 7 finished with value: 0.6 and parameters: {'n_neighbors': 8, 'leaf_size': 29, 'p': 2}. Best is trial 1 with value: 0.7.
[I 2026-04-21 10:36:18,935] Trial 8 finished with value: 0.55 and parameters: {'n_neighbors': 5, 'leaf_size': 30, 'p': 2}. Best is trial 1 with value: 0.7.
[I 2026-04-21 10:36:18,951] Trial 9 finished with value: 0.65 and parameters: {'n_neighbors': 9, 'leaf_size': 26, 'p': 1}. Best is trial 1 with value: 0.7.
[I 2026-04-21 10:36:18,978] Trial 10 finished with value: 0.7 and parameters: {'n_neighbors': 10, 'leaf_size': 35, 'p': 1}. Best is trial 1 with value: 0.7.
[I 2026-04-21 10:36:19,010] Trial 11 finished with value: 0.7 and parameters: {'n_neighbors': 10, 'leaf_size': 35, 'p': 1}. Best is trial 1 with value: 0.7.
[I 2026-04-21 10:36:19,036] Trial 12 finished with value: 0.6 and parameters: {'n_neighbors': 8, 'leaf_size': 35, 'p': 1}. Best is trial 1 with value: 0.7.
[I 2026-04-21 10:36:19,063] Trial 13 finished with value: 0.7 and parameters: {'n_neighbors': 10, 'leaf_size': 33, 'p': 1}. Best is trial 1 with value: 0.7.
[I 2026-04-21 10:36:19,086] Trial 14 finished with value: 0.65 and parameters: {'n_neighbors': 9, 'leaf_size': 40, 'p': 1}. Best is trial 1 with value: 0.7.
[I 2026-04-21 10:36:19,113] Trial 15 finished with value: 0.6 and parameters: {'n_neighbors': 8, 'leaf_size': 32, 'p': 1}. Best is trial 1 with value: 0.7.
[I 2026-04-21 10:36:19,136] Trial 16 finished with value: 0.65 and parameters: {'n_neighbors': 9, 'leaf_size': 26, 'p': 1}. Best is trial 1 with value: 0.7.
[I 2026-04-21 10:36:19,159] Trial 17 finished with value: 0.55 and parameters: {'n_neighbors': 7, 'leaf_size': 37, 'p': 1}. Best is trial 1 with value: 0.7.
[I 2026-04-21 10:36:19,184] Trial 18 finished with value: 0.7 and parameters: {'n_neighbors': 10, 'leaf_size': 33, 'p': 1}. Best is trial 1 with value: 0.7.
[I 2026-04-21 10:36:19,211] Trial 19 finished with value: 0.65 and parameters: {'n_neighbors': 9, 'leaf_size': 26, 'p': 1}. Best is trial 1 with value: 0.7.
[I 2026-04-21 10:36:19,234] Trial 20 finished with value: 0.6 and parameters: {'n_neighbors': 6, 'leaf_size': 37, 'p': 1}. Best is trial 1 with value: 0.7.
[I 2026-04-21 10:36:19,258] Trial 21 finished with value: 0.7 and parameters: {'n_neighbors': 10, 'leaf_size': 34, 'p': 1}. Best is trial 1 with value: 0.7.
[I 2026-04-21 10:36:19,281] Trial 22 finished with value: 0.7 and parameters: {'n_neighbors': 10, 'leaf_size': 32, 'p': 1}. Best is trial 1 with value: 0.7.
[I 2026-04-21 10:36:19,305] Trial 23 finished with value: 0.65 and parameters: {'n_neighbors': 9, 'leaf_size': 38, 'p': 1}. Best is trial 1 with value: 0.7.
[I 2026-04-21 10:36:19,332] Trial 24 finished with value: 0.6 and parameters: {'n_neighbors': 8, 'leaf_size': 35, 'p': 1}. Best is trial 1 with value: 0.7.
[I 2026-04-21 10:36:19,359] Trial 25 finished with value: 0.7 and parameters: {'n_neighbors': 10, 'leaf_size': 31, 'p': 1}. Best is trial 1 with value: 0.7.
[I 2026-04-21 10:36:19,387] Trial 26 finished with value: 0.65 and parameters: {'n_neighbors': 9, 'leaf_size': 28, 'p': 1}. Best is trial 1 with value: 0.7.
[I 2026-04-21 10:36:19,411] Trial 27 finished with value: 0.7 and parameters: {'n_neighbors': 10, 'leaf_size': 34, 'p': 1}. Best is trial 1 with value: 0.7.
[I 2026-04-21 10:36:19,437] Trial 28 finished with value: 0.55 and parameters: {'n_neighbors': 7, 'leaf_size': 36, 'p': 1}. Best is trial 1 with value: 0.7.
[I 2026-04-21 10:36:19,461] Trial 29 finished with value: 0.35 and parameters: {'n_neighbors': 3, 'leaf_size': 36, 'p': 1}. Best is trial 1 with value: 0.7.
[I 2026-04-21 10:36:19,507] A new study created in memory with name: xgb
[I 2026-04-21 10:36:19,533] Trial 0 finished with value: 0.5 and parameters: {'n_estimators': 40, 'max_depth': 20, 'gamma': 0.5510084172939441, 'subsample': 0.5360255666798808, 'colsample_bytree': 0.6342194900509356}. Best is trial 0 with value: 0.5.
[I 2026-04-21 10:36:19,571] Trial 1 finished with value: 0.55 and parameters: {'n_estimators': 100, 'max_depth': 5, 'gamma': 0.9186341749476523, 'subsample': 0.6066926767899578, 'colsample_bytree': 0.7260619809088416}. Best is trial 1 with value: 0.55.
[I 2026-04-21 10:36:19,598] Trial 2 finished with value: 0.5 and parameters: {'n_estimators': 10, 'max_depth': 5, 'gamma': 0.9182155373980582, 'subsample': 0.566584722879625, 'colsample_bytree': 0.761706290336883}. Best is trial 1 with value: 0.55.
[I 2026-04-21 10:36:19,625] Trial 3 finished with value: 0.45 and parameters: {'n_estimators': 10, 'max_depth': 20, 'gamma': 0.5296610393664296, 'subsample': 0.6829451928902965, 'colsample_bytree': 0.9189589971546304}. Best is trial 1 with value: 0.55.
[I 2026-04-21 10:36:19,653] Trial 4 finished with value: 0.5 and parameters: {'n_estimators': 10, 'max_depth': 20, 'gamma': 0.6916595165017824, 'subsample': 0.6851755414940176, 'colsample_bytree': 0.7295464889457157}. Best is trial 1 with value: 0.55.
[I 2026-04-21 10:36:19,689] Trial 5 finished with value: 0.5 and parameters: {'n_estimators': 100, 'max_depth': 20, 'gamma': 0.48380821541644814, 'subsample': 0.8171899343169193, 'colsample_bytree': 0.7614531005141727}. Best is trial 1 with value: 0.55.
[I 2026-04-21 10:36:19,714] Trial 6 finished with value: 0.5 and parameters: {'n_estimators': 10, 'max_depth': 5, 'gamma': 0.9599214907026333, 'subsample': 0.8414569271877088, 'colsample_bytree': 0.5265643453364788}. Best is trial 1 with value: 0.55.
[I 2026-04-21 10:36:19,761] Trial 7 finished with value: 0.45 and parameters: {'n_estimators': 40, 'max_depth': 5, 'gamma': 0.5250915966595621, 'subsample': 0.9207383574491986, 'colsample_bytree': 0.565555321173957}. Best is trial 1 with value: 0.55.
