[I 2026-04-21 10:34:28,790] Trial 24 finished with value: 0.55 and parameters: {'n_neighbors': 6, 'leaf_size': 28, 'p': 1}. Best is trial 4 with value: 0.6.
[I 2026-04-21 10:34:28,817] Trial 25 finished with value: 0.45 and parameters: {'n_neighbors': 5, 'leaf_size': 37, 'p': 1}. Best is trial 4 with value: 0.6.
[I 2026-04-21 10:34:28,844] Trial 26 finished with value: 0.6 and parameters: {'n_neighbors': 4, 'leaf_size': 33, 'p': 1}. Best is trial 4 with value: 0.6.
[I 2026-04-21 10:34:28,872] Trial 27 finished with value: 0.45 and parameters: {'n_neighbors': 3, 'leaf_size': 31, 'p': 1}. Best is trial 4 with value: 0.6.
[I 2026-04-21 10:34:28,902] Trial 28 finished with value: 0.55 and parameters: {'n_neighbors': 6, 'leaf_size': 23, 'p': 1}. Best is trial 4 with value: 0.6.
[I 2026-04-21 10:34:28,926] Trial 29 finished with value: 0.45 and parameters: {'n_neighbors': 3, 'leaf_size': 36, 'p': 1}. Best is trial 4 with value: 0.6.
[I 2026-04-21 10:34:28,964] A new study created in memory with name: xgb
[I 2026-04-21 10:34:28,991] Trial 0 finished with value: 0.55 and parameters: {'n_estimators': 40, 'max_depth': 20, 'gamma': 0.5510084172939441, 'subsample': 0.5360255666798808, 'colsample_bytree': 0.6342194900509356}. Best is trial 0 with value: 0.55.
[I 2026-04-21 10:34:29,029] Trial 1 finished with value: 0.6 and parameters: {'n_estimators': 100, 'max_depth': 5, 'gamma': 0.9186341749476523, 'subsample': 0.6066926767899578, 'colsample_bytree': 0.7260619809088416}. Best is trial 1 with value: 0.6.
[I 2026-04-21 10:34:29,056] Trial 2 finished with value: 0.45 and parameters: {'n_estimators': 10, 'max_depth': 5, 'gamma': 0.9182155373980582, 'subsample': 0.566584722879625, 'colsample_bytree': 0.761706290336883}. Best is trial 1 with value: 0.6.
[I 2026-04-21 10:34:29,080] Trial 3 finished with value: 0.6 and parameters: {'n_estimators': 10, 'max_depth': 20, 'gamma': 0.5296610393664296, 'subsample': 0.6829451928902965, 'colsample_bytree': 0.9189589971546304}. Best is trial 1 with value: 0.6.
[I 2026-04-21 10:34:29,104] Trial 4 finished with value: 0.45 and parameters: {'n_estimators': 10, 'max_depth': 20, 'gamma': 0.6916595165017824, 'subsample': 0.6851755414940176, 'colsample_bytree': 0.7295464889457157}. Best is trial 1 with value: 0.6.
[I 2026-04-21 10:34:29,138] Trial 5 finished with value: 0.5 and parameters: {'n_estimators': 100, 'max_depth': 20, 'gamma': 0.48380821541644814, 'subsample': 0.8171899343169193, 'colsample_bytree': 0.7614531005141727}. Best is trial 1 with value: 0.6.
[I 2026-04-21 10:34:29,164] Trial 6 finished with value: 0.6 and parameters: {'n_estimators': 10, 'max_depth': 5, 'gamma': 0.9599214907026333, 'subsample': 0.8414569271877088, 'colsample_bytree': 0.5265643453364788}. Best is trial 1 with value: 0.6.
[I 2026-04-21 10:34:29,189] Trial 7 finished with value: 0.55 and parameters: {'n_estimators': 40, 'max_depth': 5, 'gamma': 0.5250915966595621, 'subsample': 0.9207383574491986, 'colsample_bytree': 0.565555321173957}. Best is trial 1 with value: 0.6.
[I 2026-04-21 10:34:29,225] Trial 8 finished with value: 0.55 and parameters: {'n_estimators': 100, 'max_depth': 5, 'gamma': 0.3919835527051987, 'subsample': 0.6502094521590198, 'colsample_bytree': 0.5827507002328938}. Best is trial 1 with value: 0.6.
[I 2026-04-21 10:34:29,262] Trial 9 finished with value: 0.6 and parameters: {'n_estimators': 100, 'max_depth': 5, 'gamma': 0.8003922413895069, 'subsample': 0.9436444759263674, 'colsample_bytree': 0.8374593849333938}. Best is trial 1 with value: 0.6.
[I 2026-04-21 10:34:29,311] Trial 10 finished with value: 0.6 and parameters: {'n_estimators': 100, 'max_depth': 30, 'gamma': 0.13445536345660636, 'subsample': 0.5111574778890966, 'colsample_bytree': 0.9446716873952172}. Best is trial 1 with value: 0.6.
[I 2026-04-21 10:34:29,343] Trial 11 finished with value: 0.5 and parameters: {'n_estimators': 10, 'max_depth': 30, 'gamma': 0.2681645700627216, 'subsample': 0.6774496780411334, 'colsample_bytree': 0.9649903311131021}. Best is trial 1 with value: 0.6.
[I 2026-04-21 10:34:29,376] Trial 12 finished with value: 0.6 and parameters: {'n_estimators': 100, 'max_depth': 20, 'gamma': 0.7081376218947077, 'subsample': 0.5975835929458884, 'colsample_bytree': 0.8674326997263173}. Best is trial 1 with value: 0.6.
[I 2026-04-21 10:34:29,414] Trial 13 finished with value: 0.5 and parameters: {'n_estimators': 10, 'max_depth': 20, 'gamma': 0.6672673875689135, 'subsample': 0.7464562266589689, 'colsample_bytree': 0.6929267386839247}. Best is trial 1 with value: 0.6.
[I 2026-04-21 10:34:29,453] Trial 14 finished with value: 0.7 and parameters: {'n_estimators': 40, 'max_depth': 30, 'gamma': 0.8638118873132399, 'subsample': 0.7538948874520931, 'colsample_bytree': 0.8597036850925099}. Best is trial 14 with value: 0.7.
[I 2026-04-21 10:34:29,504] Trial 15 finished with value: 0.6 and parameters: {'n_estimators': 40, 'max_depth': 30, 'gamma': 0.8556935752347785, 'subsample': 0.7794319483087075, 'colsample_bytree': 0.8249596055982271}. Best is trial 14 with value: 0.7.
[I 2026-04-21 10:34:29,541] Trial 16 finished with value: 0.6 and parameters: {'n_estimators': 40, 'max_depth': 30, 'gamma': 0.976232001486165, 'subsample': 0.7394828168915073, 'colsample_bytree': 0.665659864377243}. Best is trial 14 with value: 0.7.
[I 2026-04-21 10:34:29,576] Trial 17 finished with value: 0.6 and parameters: {'n_estimators': 40, 'max_depth': 30, 'gamma': 0.8164018772104282, 'subsample': 0.6002132644393778, 'colsample_bytree': 0.8851350194739612}. Best is trial 14 with value: 0.7.
[I 2026-04-21 10:34:29,615] Trial 18 finished with value: 0.6 and parameters: {'n_estimators': 100, 'max_depth': 5, 'gamma': 0.7559855649467964, 'subsample': 0.8730359842034299, 'colsample_bytree': 0.8074299707052452}. Best is trial 14 with value: 0.7.
[I 2026-04-21 10:34:29,655] Trial 19 finished with value: 0.55 and parameters: {'n_estimators': 40, 'max_depth': 30, 'gamma': 0.8754515921350906, 'subsample': 0.6322534094204851, 'colsample_bytree': 0.7921730333293363}. Best is trial 14 with value: 0.7.
[I 2026-04-21 10:34:29,696] Trial 20 finished with value: 0.55 and parameters: {'n_estimators': 100, 'max_depth': 30, 'gamma': 0.6456137640888919, 'subsample': 0.9961764358499778, 'colsample_bytree': 0.9959116567471307}. Best is trial 14 with value: 0.7.
[I 2026-04-21 10:34:29,747] Trial 21 finished with value: 0.6 and parameters: {'n_estimators': 10, 'max_depth': 20, 'gamma': 0.3968700597025643, 'subsample': 0.6831770072360799, 'colsample_bytree': 0.9325142435613142}. Best is trial 14 with value: 0.7.
[I 2026-04-21 10:34:29,780] Trial 22 finished with value: 0.55 and parameters: {'n_estimators': 40, 'max_depth': 5, 'gamma': 0.5984248451976657, 'subsample': 0.7303028305448028, 'colsample_bytree': 0.8967200576236998}. Best is trial 14 with value: 0.7.
[I 2026-04-21 10:34:29,813] Trial 23 finished with value: 0.65 and parameters: {'n_estimators': 10, 'max_depth': 20, 'gamma': 0.9971856923666931, 'subsample': 0.7912184213266642, 'colsample_bytree': 0.7180634570805935}. Best is trial 14 with value: 0.7.
[I 2026-04-21 10:34:29,847] Trial 24 finished with value: 0.6 and parameters: {'n_estimators': 40, 'max_depth': 20, 'gamma': 0.9741578516493226, 'subsample': 0.7904667392142284, 'colsample_bytree': 0.717712631435946}. Best is trial 14 with value: 0.7.
[I 2026-04-21 10:34:29,886] Trial 25 finished with value: 0.6 and parameters: {'n_estimators': 100, 'max_depth': 5, 'gamma': 0.889745099628332, 'subsample': 0.8755180845863567, 'colsample_bytree': 0.6397260491522164}. Best is trial 14 with value: 0.7.
[I 2026-04-21 10:34:29,919] Trial 26 finished with value: 0.6 and parameters: {'n_estimators': 10, 'max_depth': 30, 'gamma': 0.9922905123768405, 'subsample': 0.7759909773098492, 'colsample_bytree': 0.6864058483066835}. Best is trial 14 with value: 0.7.
[I 2026-04-21 10:34:29,952] Trial 27 finished with value: 0.75 and parameters: {'n_estimators': 40, 'max_depth': 30, 'gamma': 0.768309855287769, 'subsample': 0.7110289827567786, 'colsample_bytree': 0.7829040376982248}. Best is trial 27 with value: 0.75.
[I 2026-04-21 10:34:29,986] Trial 28 finished with value: 0.7 and parameters: {'n_estimators': 40, 'max_depth': 30, 'gamma': 0.7596425813906112, 'subsample': 0.7169104438249532, 'colsample_bytree': 0.8482591801399375}. Best is trial 27 with value: 0.75.
[I 2026-04-21 10:34:30,025] Trial 29 finished with value: 0.65 and parameters: {'n_estimators': 40, 'max_depth': 30, 'gamma': 0.785546073411439, 'subsample': 0.7113640238412675, 'colsample_bytree': 0.8506381515063404}. Best is trial 27 with value: 0.75.
[I 2026-04-21 10:34:30,105] A new study created in memory with name: rf
[I 2026-04-21 10:34:30,293] Trial 0 finished with value: 0.5 and parameters: {'n_estimators': 130, 'max_depth': 17, 'min_samples_split': 5, 'min_samples_leaf': 8}. Best is trial 0 with value: 0.5.
[I 2026-04-21 10:34:30,956] Trial 1 finished with value: 0.5 and parameters: {'n_estimators': 492, 'max_depth': 12, 'min_samples_split': 6, 'min_samples_leaf': 1}. Best is trial 0 with value: 0.5.
[I 2026-04-21 10:34:31,228] Trial 2 finished with value: 0.5 and parameters: {'n_estimators': 207, 'max_depth': 11, 'min_samples_split': 8, 'min_samples_leaf': 9}. Best is trial 0 with value: 0.5.
[I 2026-04-21 10:34:31,518] Trial 3 finished with value: 0.5 and parameters: {'n_estimators': 252, 'max_depth': 4, 'min_samples_split': 4, 'min_samples_leaf': 10}. Best is trial 0 with value: 0.5.
[I 2026-04-21 10:34:31,787] Trial 4 finished with value: 0.6 and parameters: {'n_estimators': 185, 'max_depth': 11, 'min_samples_split': 10, 'min_samples_leaf': 1}. Best is trial 4 with value: 0.6.
[I 2026-04-21 10:34:32,146] Trial 5 finished with value: 0.65 and parameters: {'n_estimators': 340, 'max_depth': 20, 'min_samples_split': 4, 'min_samples_leaf': 6}. Best is trial 5 with value: 0.65.
[I 2026-04-21 10:34:32,636] Trial 6 finished with value: 0.5 and parameters: {'n_estimators': 464, 'max_depth': 5, 'min_samples_split': 6, 'min_samples_leaf': 8}. Best is trial 5 with value: 0.65.
[I 2026-04-21 10:34:33,046] Trial 7 finished with value: 0.65 and parameters: {'n_estimators': 368, 'max_depth': 11, 'min_samples_split': 3, 'min_samples_leaf': 5}. Best is trial 5 with value: 0.65.
[I 2026-04-21 10:34:33,333] Trial 8 finished with value: 0.5 and parameters: {'n_estimators': 249, 'max_depth': 11, 'min_samples_split': 5, 'min_samples_leaf': 9}. Best is trial 5 with value: 0.65.
[I 2026-04-21 10:34:33,757] Trial 9 finished with value: 0.55 and parameters: {'n_estimators': 408, 'max_depth': 8, 'min_samples_split': 7, 'min_samples_leaf': 3}. Best is trial 5 with value: 0.65.
[I 2026-04-21 10:34:34,296] Trial 10 finished with value: 0.55 and parameters: {'n_estimators': 333, 'max_depth': 19, 'min_samples_split': 2, 'min_samples_leaf': 6}. Best is trial 5 with value: 0.65.
[I 2026-04-21 10:34:34,708] Trial 11 finished with value: 0.7 and parameters: {'n_estimators': 350, 'max_depth': 16, 'min_samples_split': 2, 'min_samples_leaf': 5}. Best is trial 11 with value: 0.7.
[I 2026-04-21 10:34:35,326] Trial 12 finished with value: 0.65 and parameters: {'n_estimators': 322, 'max_depth': 17, 'min_samples_split': 2, 'min_samples_leaf': 5}. Best is trial 11 with value: 0.7.
[I 2026-04-21 10:34:35,922] Trial 13 finished with value: 0.6 and parameters: {'n_estimators': 408, 'max_depth': 20, 'min_samples_split': 3, 'min_samples_leaf': 6}. Best is trial 11 with value: 0.7.
[I 2026-04-21 10:34:36,285] Trial 14 finished with value: 0.55 and parameters: {'n_estimators': 276, 'max_depth': 15, 'min_samples_split': 4, 'min_samples_leaf': 3}. Best is trial 11 with value: 0.7.
[I 2026-04-21 10:34:36,724] Trial 15 finished with value: 0.65 and parameters: {'n_estimators': 370, 'max_depth': 15, 'min_samples_split': 2, 'min_samples_leaf': 4}. Best is trial 11 with value: 0.7.
[I 2026-04-21 10:34:37,239] Trial 16 finished with value: 0.5 and parameters: {'n_estimators': 430, 'max_depth': 18, 'min_samples_split': 4, 'min_samples_leaf': 7}. Best is trial 11 with value: 0.7.
[I 2026-04-21 10:34:37,790] Trial 17 finished with value: 0.55 and parameters: {'n_estimators': 304, 'max_depth': 15, 'min_samples_split': 3, 'min_samples_leaf': 3}. Best is trial 11 with value: 0.7.
[I 2026-04-21 10:34:38,248] Trial 18 finished with value: 0.55 and parameters: {'n_estimators': 357, 'max_depth': 20, 'min_samples_split': 9, 'min_samples_leaf': 7}. Best is trial 11 with value: 0.7.
[I 2026-04-21 10:34:38,525] Trial 19 finished with value: 0.6 and parameters: {'n_estimators': 197, 'max_depth': 14, 'min_samples_split': 3, 'min_samples_leaf': 4}. Best is trial 11 with value: 0.7.
[I 2026-04-21 10:34:38,880] Trial 20 finished with value: 0.45 and parameters: {'n_estimators': 279, 'max_depth': 17, 'min_samples_split': 5, 'min_samples_leaf': 7}. Best is trial 11 with value: 0.7.
[I 2026-04-21 10:34:39,314] Trial 21 finished with value: 0.65 and parameters: {'n_estimators': 374, 'max_depth': 9, 'min_samples_split': 3, 'min_samples_leaf': 5}. Best is trial 11 with value: 0.7.
[I 2026-04-21 10:34:39,735] Trial 22 finished with value: 0.55 and parameters: {'n_estimators': 347, 'max_depth': 13, 'min_samples_split': 2, 'min_samples_leaf': 4}. Best is trial 11 with value: 0.7.
[I 2026-04-21 10:34:40,258] Trial 23 finished with value: 0.7 and parameters: {'n_estimators': 409, 'max_depth': 6, 'min_samples_split': 4, 'min_samples_leaf': 5}. Best is trial 11 with value: 0.7.
[I 2026-04-21 10:34:40,797] Trial 24 finished with value: 0.55 and parameters: {'n_estimators': 438, 'max_depth': 6, 'min_samples_split': 4, 'min_samples_leaf': 6}. Best is trial 11 with value: 0.7.
[I 2026-04-21 10:34:41,284] Trial 25 finished with value: 0.55 and parameters: {'n_estimators': 411, 'max_depth': 3, 'min_samples_split': 6, 'min_samples_leaf': 2}. Best is trial 11 with value: 0.7.
[I 2026-04-21 10:34:41,783] Trial 26 finished with value: 0.6 and parameters: {'n_estimators': 395, 'max_depth': 6, 'min_samples_split': 5, 'min_samples_leaf': 5}. Best is trial 11 with value: 0.7.
[I 2026-04-21 10:34:42,474] Trial 27 finished with value: 0.55 and parameters: {'n_estimators': 445, 'max_depth': 18, 'min_samples_split': 4, 'min_samples_leaf': 4}. Best is trial 11 with value: 0.7.
[I 2026-04-21 10:34:42,865] Trial 28 finished with value: 0.65 and parameters: {'n_estimators': 308, 'max_depth': 9, 'min_samples_split': 7, 'min_samples_leaf': 6}. Best is trial 11 with value: 0.7.
[I 2026-04-21 10:34:43,073] Trial 29 finished with value: 0.5 and parameters: {'n_estimators': 118, 'max_depth': 16, 'min_samples_split': 5, 'min_samples_leaf': 8}. Best is trial 11 with value: 0.7.
[I 2026-04-21 10:34:43,854] A new study created in memory with name: mlp
[I 2026-04-21 10:34:43,939] Trial 0 finished with value: 0.45 and parameters: {'hidden_layer_sizes': (200,), 'max_iter': 100, 'alpha': 0.0001}. Best is trial 0 with value: 0.45.
[I 2026-04-21 10:34:44,026] Trial 1 finished with value: 0.45 and parameters: {'hidden_layer_sizes': (100, 100), 'max_iter': 100, 'alpha': 0.0001}. Best is trial 0 with value: 0.45.
[I 2026-04-21 10:34:44,095] Trial 2 finished with value: 0.45 and parameters: {'hidden_layer_sizes': (200,), 'max_iter': 100, 'alpha': 0.001}. Best is trial 0 with value: 0.45.
[I 2026-04-21 10:34:44,141] Trial 3 finished with value: 0.4 and parameters: {'hidden_layer_sizes': (100,), 'max_iter': 50, 'alpha': 0.001}. Best is trial 0 with value: 0.45.
[I 2026-04-21 10:34:44,187] Trial 4 finished with value: 0.4 and parameters: {'hidden_layer_sizes': (100,), 'max_iter': 50, 'alpha': 0.0001}. Best is trial 0 with value: 0.45.
[I 2026-04-21 10:34:44,223] Trial 5 finished with value: 0.45 and parameters: {'hidden_layer_sizes': (100,), 'max_iter': 50, 'alpha': 0.0001}. Best is trial 0 with value: 0.45.
[I 2026-04-21 10:34:44,274] Trial 6 finished with value: 0.45 and parameters: {'hidden_layer_sizes': (100,), 'max_iter': 50, 'alpha': 0.0001}. Best is trial 0 with value: 0.45.
[I 2026-04-21 10:34:44,320] Trial 7 finished with value: 0.35 and parameters: {'hidden_layer_sizes': (100,), 'max_iter': 50, 'alpha': 0.0001}. Best is trial 0 with value: 0.45.
[I 2026-04-21 10:34:44,397] Trial 8 finished with value: 0.45 and parameters: {'hidden_layer_sizes': (200,), 'max_iter': 100, 'alpha': 0.0001}. Best is trial 0 with value: 0.45.
[I 2026-04-21 10:34:44,443] Trial 9 finished with value: 0.45 and parameters: {'hidden_layer_sizes': (200,), 'max_iter': 50, 'alpha': 0.0001}. Best is trial 0 with value: 0.45.
[I 2026-04-21 10:34:44,531] Trial 10 finished with value: 0.45 and parameters: {'hidden_layer_sizes': (100, 100), 'max_iter': 100, 'alpha': 0.001}. Best is trial 0 with value: 0.45.
[I 2026-04-21 10:34:44,620] Trial 11 finished with value: 0.45 and parameters: {'hidden_layer_sizes': (100, 100), 'max_iter': 100, 'alpha': 0.0001}. Best is trial 0 with value: 0.45.
[I 2026-04-21 10:34:44,708] Trial 12 finished with value: 0.45 and parameters: {'hidden_layer_sizes': (100, 100), 'max_iter': 100, 'alpha': 0.0001}. Best is trial 0 with value: 0.45.
[I 2026-04-21 10:34:44,810] Trial 13 finished with value: 0.5 and parameters: {'hidden_layer_sizes': (100, 100), 'max_iter': 100, 'alpha': 0.0001}. Best is trial 13 with value: 0.5.
[I 2026-04-21 10:34:44,881] Trial 14 finished with value: 0.45 and parameters: {'hidden_layer_sizes': (200,), 'max_iter': 100, 'alpha': 0.001}. Best is trial 13 with value: 0.5.
[I 2026-04-21 10:34:44,957] Trial 15 finished with value: 0.45 and parameters: {'hidden_layer_sizes': (100, 100), 'max_iter': 100, 'alpha': 0.0001}. Best is trial 13 with value: 0.5.
[I 2026-04-21 10:34:45,034] Trial 16 finished with value: 0.45 and parameters: {'hidden_layer_sizes': (200,), 'max_iter': 100, 'alpha': 0.0001}. Best is trial 13 with value: 0.5.
[I 2026-04-21 10:34:45,111] Trial 17 finished with value: 0.45 and parameters: {'hidden_layer_sizes': (100, 100), 'max_iter': 100, 'alpha': 0.0001}. Best is trial 13 with value: 0.5.
[I 2026-04-21 10:34:45,190] Trial 18 finished with value: 0.45 and parameters: {'hidden_layer_sizes': (200,), 'max_iter': 100, 'alpha': 0.001}. Best is trial 13 with value: 0.5.
[I 2026-04-21 10:34:45,280] Trial 19 finished with value: 0.45 and parameters: {'hidden_layer_sizes': (100, 100), 'max_iter': 100, 'alpha': 0.0001}. Best is trial 13 with value: 0.5.
[I 2026-04-21 10:34:45,359] Trial 20 finished with value: 0.45 and parameters: {'hidden_layer_sizes': (200,), 'max_iter': 100, 'alpha': 0.0001}. Best is trial 13 with value: 0.5.
[I 2026-04-21 10:34:45,440] Trial 21 finished with value: 0.45 and parameters: {'hidden_layer_sizes': (100, 100), 'max_iter': 100, 'alpha': 0.0001}. Best is trial 13 with value: 0.5.
[I 2026-04-21 10:34:45,551] Trial 22 finished with value: 0.45 and parameters: {'hidden_layer_sizes': (100, 100), 'max_iter': 100, 'alpha': 0.0001}. Best is trial 13 with value: 0.5.
[I 2026-04-21 10:34:45,640] Trial 23 finished with value: 0.45 and parameters: {'hidden_layer_sizes': (100, 100), 'max_iter': 100, 'alpha': 0.0001}. Best is trial 13 with value: 0.5.
[I 2026-04-21 10:34:45,729] Trial 24 finished with value: 0.45 and parameters: {'hidden_layer_sizes': (100, 100), 'max_iter': 100, 'alpha': 0.0001}. Best is trial 13 with value: 0.5.
[I 2026-04-21 10:34:45,816] Trial 25 finished with value: 0.45 and parameters: {'hidden_layer_sizes': (100, 100), 'max_iter': 100, 'alpha': 0.0001}. Best is trial 13 with value: 0.5.
[I 2026-04-21 10:34:45,907] Trial 26 finished with value: 0.45 and parameters: {'hidden_layer_sizes': (200,), 'max_iter': 100, 'alpha': 0.001}. Best is trial 13 with value: 0.5.
[I 2026-04-21 10:34:45,985] Trial 27 finished with value: 0.5 and parameters: {'hidden_layer_sizes': (100, 100), 'max_iter': 100, 'alpha': 0.0001}. Best is trial 13 with value: 0.5.
[I 2026-04-21 10:34:46,065] Trial 28 finished with value: 0.45 and parameters: {'hidden_layer_sizes': (100, 100), 'max_iter': 100, 'alpha': 0.0001}. Best is trial 13 with value: 0.5.
[I 2026-04-21 10:34:46,133] Trial 29 finished with value: 0.45 and parameters: {'hidden_layer_sizes': (200,), 'max_iter': 100, 'alpha': 0.0001}. Best is trial 13 with value: 0.5.
[I 2026-04-21 10:34:46,373] A new study created in memory with name: svc
[I 2026-04-21 10:34:46,388] Trial 0 finished with value: 0.35 and parameters: {'C': 0.020194502448102298, 'gamma': 0.13172711156111802}. Best is trial 0 with value: 0.35.
[I 2026-04-21 10:34:46,403] Trial 1 finished with value: 0.35 and parameters: {'C': 0.5670703311028815, 'gamma': 0.0783178418343345}. Best is trial 0 with value: 0.35.
[I 2026-04-21 10:34:46,417] Trial 2 finished with value: 0.45 and parameters: {'C': 81.65034948781698, 'gamma': 0.014255533717547383}. Best is trial 2 with value: 0.45.
[I 2026-04-21 10:34:46,432] Trial 3 finished with value: 0.4 and parameters: {'C': 1.0103732850016278, 'gamma': 0.00019418001640357854}. Best is trial 2 with value: 0.45.
[I 2026-04-21 10:34:46,447] Trial 4 finished with value: 0.4 and parameters: {'C': 0.11851025167261421, 'gamma': 0.00998918377985214}. Best is trial 2 with value: 0.45.
[I 2026-04-21 10:34:46,464] Trial 5 finished with value: 0.35 and parameters: {'C': 5.2109869371584665, 'gamma': 0.16404241128227343}. Best is trial 2 with value: 0.45.
[I 2026-04-21 10:34:46,479] Trial 6 finished with value: 0.4 and parameters: {'C': 0.3340138940215422, 'gamma': 0.00018354619576988685}. Best is trial 2 with value: 0.45.
[I 2026-04-21 10:34:46,495] Trial 7 finished with value: 0.35 and parameters: {'C': 0.1420961781588805, 'gamma': 0.434884682155233}. Best is trial 2 with value: 0.45.
[I 2026-04-21 10:34:46,511] Trial 8 finished with value: 0.45 and parameters: {'C': 0.07137422643361827, 'gamma': 0.006434219125545069}. Best is trial 2 with value: 0.45.
[I 2026-04-21 10:34:46,538] Trial 9 finished with value: 0.4 and parameters: {'C': 53.066944048916255, 'gamma': 0.00012577574840733457}. Best is trial 2 with value: 0.45.
