[I 2026-04-21 10:37:49,886] Trial 26 finished with value: 0.95 and parameters: {'hidden_layer_sizes': (200,), 'max_iter': 50, 'alpha': 0.0001}. Best is trial 0 with value: 1.0.
[I 2026-04-21 10:37:49,975] Trial 27 finished with value: 0.95 and parameters: {'hidden_layer_sizes': (200,), 'max_iter': 100, 'alpha': 0.001}. Best is trial 0 with value: 1.0.
[I 2026-04-21 10:37:50,025] Trial 28 finished with value: 1.0 and parameters: {'hidden_layer_sizes': (100, 100), 'max_iter': 50, 'alpha': 0.0001}. Best is trial 0 with value: 1.0.
[I 2026-04-21 10:37:50,106] Trial 29 finished with value: 1.0 and parameters: {'hidden_layer_sizes': (100,), 'max_iter': 100, 'alpha': 0.0001}. Best is trial 0 with value: 1.0.



>>> Optuna tuning xgb metodo k-center IPC 10 seed 7


Parámetros guardados en /data/home/rtabares/estiven/CorVAE/checkpoint_default_MLP_Dlatent/k-center/IPC_10/best_models_k-center_seed_7_space_latent/xgb_best_params.json


>>> Optuna tuning rf metodo k-center IPC 10 seed 7


Parámetros guardados en /data/home/rtabares/estiven/CorVAE/checkpoint_default_MLP_Dlatent/k-center/IPC_10/best_models_k-center_seed_7_space_latent/rf_best_params.json


>>> Optuna tuning mlp metodo k-center IPC 10 seed 7


Parámetros guardados en /data/home/rtabares/estiven/CorVAE/checkpoint_default_MLP_Dlatent/k-center/IPC_10/best_models_k-center_seed_7_space_latent/mlp_best_params.json


>>> Optuna tuning svc metodo k-center IPC 10 seed 7


Parámetros guardados en /data/home/rtabares/estiven/CorVAE/checkpoint_default_MLP_Dlatent/k-center/IPC_10/best_models_k-center_seed_7_space_latent/svc_best_params.json


>>> Optuna tuning naive_bayes metodo k-center IPC 10 seed 7


Parámetros guardados en /data/home/rtabares/estiven/CorVAE/checkpoint_default_MLP_Dlatent/k-center/IPC_10/best_models_k-center_seed_7_space_original/naive_bayes_best_params.json


>>> Optuna tuning logreg metodo k-center IPC 10 seed 7


Parámetros guardados en /data/home/rtabares/estiven/CorVAE/checkpoint_default_MLP_Dlatent/k-center/IPC_10/best_models_k-center_seed_7_space_original/logreg_best_params.json


>>> Optuna tuning knn metodo k-center IPC 10 seed 7


Parámetros guardados en /data/home/rtabares/estiven/CorVAE/checkpoint_default_MLP_Dlatent/k-center/IPC_10/best_models_k-center_seed_7_space_original/knn_best_params.json


>>> Optuna tuning xgb metodo k-center IPC 10 seed 7


Parámetros guardados en /data/home/rtabares/estiven/CorVAE/checkpoint_default_MLP_Dlatent/k-center/IPC_10/best_models_k-center_seed_7_space_original/xgb_best_params.json


>>> Optuna tuning rf metodo k-center IPC 10 seed 7


Parámetros guardados en /data/home/rtabares/estiven/CorVAE/checkpoint_default_MLP_Dlatent/k-center/IPC_10/best_models_k-center_seed_7_space_original/rf_best_params.json


>>> Optuna tuning mlp metodo k-center IPC 10 seed 7


Parámetros guardados en /data/home/rtabares/estiven/CorVAE/checkpoint_default_MLP_Dlatent/k-center/IPC_10/best_models_k-center_seed_7_space_original/mlp_best_params.json


>>> Optuna tuning svc metodo k-center IPC 10 seed 7


Parámetros guardados en /data/home/rtabares/estiven/CorVAE/checkpoint_default_MLP_Dlatent/k-center/IPC_10/best_models_k-center_seed_7_space_original/svc_best_params.json


>>> Optuna tuning naive_bayes metodo ag IPC 10 seed 7


Parámetros guardados en /data/home/rtabares/estiven/CorVAE/checkpoint_default_MLP_Dlatent/ag/IPC_10/best_models_ag_seed_7_space_latent/naive_bayes_best_params.json


>>> Optuna tuning logreg metodo ag IPC 10 seed 7


Parámetros guardados en /data/home/rtabares/estiven/CorVAE/checkpoint_default_MLP_Dlatent/ag/IPC_10/best_models_ag_seed_7_space_latent/logreg_best_params.json


>>> Optuna tuning knn metodo ag IPC 10 seed 7


Parámetros guardados en /data/home/rtabares/estiven/CorVAE/checkpoint_default_MLP_Dlatent/ag/IPC_10/best_models_ag_seed_7_space_latent/knn_best_params.json


>>> Optuna tuning xgb metodo ag IPC 10 seed 7


Parámetros guardados en /data/home/rtabares/estiven/CorVAE/checkpoint_default_MLP_Dlatent/ag/IPC_10/best_models_ag_seed_7_space_latent/xgb_best_params.json


>>> Optuna tuning rf metodo ag IPC 10 seed 7


Parámetros guardados en /data/home/rtabares/estiven/CorVAE/checkpoint_default_MLP_Dlatent/ag/IPC_10/best_models_ag_seed_7_space_latent/rf_best_params.json


>>> Optuna tuning mlp metodo ag IPC 10 seed 7


Parámetros guardados en /data/home/rtabares/estiven/CorVAE/checkpoint_default_MLP_Dlatent/ag/IPC_10/best_models_ag_seed_7_space_latent/mlp_best_params.json


>>> Optuna tuning svc metodo ag IPC 10 seed 7


Parámetros guardados en /data/home/rtabares/estiven/CorVAE/checkpoint_default_MLP_Dlatent/ag/IPC_10/best_models_ag_seed_7_space_latent/svc_best_params.json


>>> Optuna tuning naive_bayes metodo ag IPC 10 seed 7


Parámetros guardados en /data/home/rtabares/estiven/CorVAE/checkpoint_default_MLP_Dlatent/ag/IPC_10/best_models_ag_seed_7_space_original/naive_bayes_best_params.json


>>> Optuna tuning logreg metodo ag IPC 10 seed 7


Parámetros guardados en /data/home/rtabares/estiven/CorVAE/checkpoint_default_MLP_Dlatent/ag/IPC_10/best_models_ag_seed_7_space_original/logreg_best_params.json


>>> Optuna tuning knn metodo ag IPC 10 seed 7


Parámetros guardados en /data/home/rtabares/estiven/CorVAE/checkpoint_default_MLP_Dlatent/ag/IPC_10/best_models_ag_seed_7_space_original/knn_best_params.json


>>> Optuna tuning xgb metodo ag IPC 10 seed 7


Parámetros guardados en /data/home/rtabares/estiven/CorVAE/checkpoint_default_MLP_Dlatent/ag/IPC_10/best_models_ag_seed_7_space_original/xgb_best_params.json


>>> Optuna tuning rf metodo ag IPC 10 seed 7


Parámetros guardados en /data/home/rtabares/estiven/CorVAE/checkpoint_default_MLP_Dlatent/ag/IPC_10/best_models_ag_seed_7_space_original/rf_best_params.json


>>> Optuna tuning mlp metodo ag IPC 10 seed 7


Parámetros guardados en /data/home/rtabares/estiven/CorVAE/checkpoint_default_MLP_Dlatent/ag/IPC_10/best_models_ag_seed_7_space_original/mlp_best_params.json


>>> Optuna tuning svc metodo ag IPC 10 seed 7


Parámetros guardados en /data/home/rtabares/estiven/CorVAE/checkpoint_default_MLP_Dlatent/ag/IPC_10/best_models_ag_seed_7_space_original/svc_best_params.json


>>> Optuna tuning naive_bayes metodo lc IPC 10 seed 7


Parámetros guardados en /data/home/rtabares/estiven/CorVAE/checkpoint_default_MLP_Dlatent/lc/IPC_10/best_models_lc_seed_7_space_latent/naive_bayes_best_params.json


>>> Optuna tuning logreg metodo lc IPC 10 seed 7


Parámetros guardados en /data/home/rtabares/estiven/CorVAE/checkpoint_default_MLP_Dlatent/lc/IPC_10/best_models_lc_seed_7_space_latent/logreg_best_params.json


>>> Optuna tuning knn metodo lc IPC 10 seed 7


Parámetros guardados en /data/home/rtabares/estiven/CorVAE/checkpoint_default_MLP_Dlatent/lc/IPC_10/best_models_lc_seed_7_space_latent/knn_best_params.json


>>> Optuna tuning xgb metodo lc IPC 10 seed 7


Parámetros guardados en /data/home/rtabares/estiven/CorVAE/checkpoint_default_MLP_Dlatent/lc/IPC_10/best_models_lc_seed_7_space_latent/xgb_best_params.json


>>> Optuna tuning rf metodo lc IPC 10 seed 7


Parámetros guardados en /data/home/rtabares/estiven/CorVAE/checkpoint_default_MLP_Dlatent/lc/IPC_10/best_models_lc_seed_7_space_latent/rf_best_params.json


>>> Optuna tuning mlp metodo lc IPC 10 seed 7


Parámetros guardados en /data/home/rtabares/estiven/CorVAE/checkpoint_default_MLP_Dlatent/lc/IPC_10/best_models_lc_seed_7_space_latent/mlp_best_params.json


>>> Optuna tuning svc metodo lc IPC 10 seed 7


Parámetros guardados en /data/home/rtabares/estiven/CorVAE/checkpoint_default_MLP_Dlatent/lc/IPC_10/best_models_lc_seed_7_space_latent/svc_best_params.json


>>> Optuna tuning naive_bayes metodo lc IPC 10 seed 7


Parámetros guardados en /data/home/rtabares/estiven/CorVAE/checkpoint_default_MLP_Dlatent/lc/IPC_10/best_models_lc_seed_7_space_original/naive_bayes_best_params.json


>>> Optuna tuning logreg metodo lc IPC 10 seed 7


Parámetros guardados en /data/home/rtabares/estiven/CorVAE/checkpoint_default_MLP_Dlatent/lc/IPC_10/best_models_lc_seed_7_space_original/logreg_best_params.json


>>> Optuna tuning knn metodo lc IPC 10 seed 7


Parámetros guardados en /data/home/rtabares/estiven/CorVAE/checkpoint_default_MLP_Dlatent/lc/IPC_10/best_models_lc_seed_7_space_original/knn_best_params.json


>>> Optuna tuning xgb metodo lc IPC 10 seed 7


Parámetros guardados en /data/home/rtabares/estiven/CorVAE/checkpoint_default_MLP_Dlatent/lc/IPC_10/best_models_lc_seed_7_space_original/xgb_best_params.json


>>> Optuna tuning rf metodo lc IPC 10 seed 7


Parámetros guardados en /data/home/rtabares/estiven/CorVAE/checkpoint_default_MLP_Dlatent/lc/IPC_10/best_models_lc_seed_7_space_original/rf_best_params.json


>>> Optuna tuning mlp metodo lc IPC 10 seed 7


Parámetros guardados en /data/home/rtabares/estiven/CorVAE/checkpoint_default_MLP_Dlatent/lc/IPC_10/best_models_lc_seed_7_space_original/mlp_best_params.json[I 2026-04-21 10:37:52,520] A new study created in memory with name: svc
[I 2026-04-21 10:37:52,548] Trial 0 finished with value: 0.8 and parameters: {'C': 0.020194502448102298, 'gamma': 0.13172711156111802}. Best is trial 0 with value: 0.8.
[I 2026-04-21 10:37:52,561] Trial 1 finished with value: 0.8 and parameters: {'C': 0.5670703311028815, 'gamma': 0.0783178418343345}. Best is trial 0 with value: 0.8.
[I 2026-04-21 10:37:52,574] Trial 2 finished with value: 1.0 and parameters: {'C': 81.65034948781698, 'gamma': 0.014255533717547383}. Best is trial 2 with value: 1.0.
[I 2026-04-21 10:37:52,587] Trial 3 finished with value: 0.6 and parameters: {'C': 1.0103732850016278, 'gamma': 0.00019418001640357854}. Best is trial 2 with value: 1.0.
[I 2026-04-21 10:37:52,601] Trial 4 finished with value: 0.8 and parameters: {'C': 0.11851025167261421, 'gamma': 0.00998918377985214}. Best is trial 2 with value: 1.0.
[I 2026-04-21 10:37:52,616] Trial 5 finished with value: 0.85 and parameters: {'C': 5.2109869371584665, 'gamma': 0.16404241128227343}. Best is trial 2 with value: 1.0.
[I 2026-04-21 10:37:52,631] Trial 6 finished with value: 0.6 and parameters: {'C': 0.3340138940215422, 'gamma': 0.00018354619576988685}. Best is trial 2 with value: 1.0.
[I 2026-04-21 10:37:52,647] Trial 7 finished with value: 0.65 and parameters: {'C': 0.1420961781588805, 'gamma': 0.434884682155233}. Best is trial 2 with value: 1.0.
[I 2026-04-21 10:37:52,663] Trial 8 finished with value: 0.8 and parameters: {'C': 0.07137422643361827, 'gamma': 0.006434219125545069}. Best is trial 2 with value: 1.0.
[I 2026-04-21 10:37:52,678] Trial 9 finished with value: 0.85 and parameters: {'C': 53.066944048916255, 'gamma': 0.00012577574840733457}. Best is trial 2 with value: 1.0.
[I 2026-04-21 10:37:52,702] Trial 10 finished with value: 1.0 and parameters: {'C': 60.67266858458046, 'gamma': 0.001366002544888146}. Best is trial 2 with value: 1.0.
[I 2026-04-21 10:37:52,736] Trial 11 finished with value: 1.0 and parameters: {'C': 87.21998046977028, 'gamma': 0.0015573062962550724}. Best is trial 2 with value: 1.0.
[I 2026-04-21 10:37:52,763] Trial 12 finished with value: 0.9 and parameters: {'C': 13.216020967637082, 'gamma': 0.0015550119929728658}. Best is trial 2 with value: 1.0.
[I 2026-04-21 10:37:52,788] Trial 13 finished with value: 0.9 and parameters: {'C': 11.782758068709013, 'gamma': 0.0015657884085919591}. Best is trial 2 with value: 1.0.
[I 2026-04-21 10:37:52,806] Trial 14 finished with value: 1.0 and parameters: {'C': 33.82238797718975, 'gamma': 0.01390258767268999}. Best is trial 2 with value: 1.0.
[I 2026-04-21 10:37:52,831] Trial 15 finished with value: 0.9 and parameters: {'C': 2.688205881094065, 'gamma': 0.034925314653134025}. Best is trial 2 with value: 1.0.
[I 2026-04-21 10:37:52,851] Trial 16 finished with value: 0.9 and parameters: {'C': 20.06952323750665, 'gamma': 0.0006034881455384803}. Best is trial 2 with value: 1.0.
[I 2026-04-21 10:37:52,872] Trial 17 finished with value: 1.0 and parameters: {'C': 94.48478103115555, 'gamma': 0.004796259768183655}. Best is trial 2 with value: 1.0.
[I 2026-04-21 10:37:52,895] Trial 18 finished with value: 0.9 and parameters: {'C': 3.504328344706741, 'gamma': 0.03320384586751046}. Best is trial 2 with value: 1.0.
[I 2026-04-21 10:37:52,921] Trial 19 finished with value: 0.75 and parameters: {'C': 7.647249907861501, 'gamma': 0.0005912715291822395}. Best is trial 2 with value: 1.0.
[I 2026-04-21 10:37:52,954] Trial 20 finished with value: 1.0 and parameters: {'C': 29.63633235324296, 'gamma': 0.003139184990740136}. Best is trial 2 with value: 1.0.
[I 2026-04-21 10:37:52,973] Trial 21 finished with value: 1.0 and parameters: {'C': 93.80223988833573, 'gamma': 0.0006634109312344342}. Best is trial 2 with value: 1.0.
[I 2026-04-21 10:37:52,996] Trial 22 finished with value: 1.0 and parameters: {'C': 47.44691114038328, 'gamma': 0.00170384642649606}. Best is trial 2 with value: 1.0.
[I 2026-04-21 10:37:53,025] Trial 23 finished with value: 0.95 and parameters: {'C': 99.41456808192166, 'gamma': 0.018108653526640487}. Best is trial 2 with value: 1.0.
[I 2026-04-21 10:37:53,048] Trial 24 finished with value: 0.85 and parameters: {'C': 1.7898707558534608, 'gamma': 0.0029442778303402535}. Best is trial 2 with value: 1.0.
[I 2026-04-21 10:37:53,074] Trial 25 finished with value: 0.9 and parameters: {'C': 18.46187156945029, 'gamma': 0.0004690500230775193}. Best is trial 2 with value: 1.0.
[I 2026-04-21 10:37:53,098] Trial 26 finished with value: 1.0 and parameters: {'C': 47.32559249695842, 'gamma': 0.0012990587000787537}. Best is trial 2 with value: 1.0.
[I 2026-04-21 10:37:53,117] Trial 27 finished with value: 1.0 and parameters: {'C': 7.556611744499236, 'gamma': 0.0067102544166561156}. Best is trial 2 with value: 1.0.
[I 2026-04-21 10:37:53,135] Trial 28 finished with value: 0.9 and parameters: {'C': 23.03170515045895, 'gamma': 0.03151846376037147}. Best is trial 2 with value: 1.0.
[I 2026-04-21 10:37:53,156] Trial 29 finished with value: 0.6 and parameters: {'C': 0.024683504005058293, 'gamma': 0.0002837578679647408}. Best is trial 2 with value: 1.0.
[I 2026-04-21 10:37:53,211] A new study created in memory with name: naive_bayes
[I 2026-04-21 10:37:53,226] Trial 0 finished with value: 0.5 and parameters: {'var_smoothing': 5.582886587978182e-09}. Best is trial 0 with value: 0.5.
[I 2026-04-21 10:37:53,241] Trial 1 finished with value: 0.5 and parameters: {'var_smoothing': 8.651299071518215e-09}. Best is trial 0 with value: 0.5.
[I 2026-04-21 10:37:53,256] Trial 2 finished with value: 0.5 and parameters: {'var_smoothing': 5.475062490474489e-09}. Best is trial 0 with value: 0.5.
[I 2026-04-21 10:37:53,271] Trial 3 finished with value: 0.5 and parameters: {'var_smoothing': 1.1526869678723134e-09}. Best is trial 0 with value: 0.5.
[I 2026-04-21 10:37:53,285] Trial 4 finished with value: 0.5 and parameters: {'var_smoothing': 2.920496270341785e-10}. Best is trial 0 with value: 0.5.
[I 2026-04-21 10:37:53,298] Trial 5 finished with value: 0.5 and parameters: {'var_smoothing': 1.0538956417705805e-10}. Best is trial 0 with value: 0.5.
[I 2026-04-21 10:37:53,312] Trial 6 finished with value: 0.5 and parameters: {'var_smoothing': 7.260016982331591e-10}. Best is trial 0 with value: 0.5.
[I 2026-04-21 10:37:53,325] Trial 7 finished with value: 0.5 and parameters: {'var_smoothing': 6.378267364653917e-10}. Best is trial 0 with value: 0.5.
[I 2026-04-21 10:37:53,339] Trial 8 finished with value: 0.5 and parameters: {'var_smoothing': 1.1100673847791952e-09}. Best is trial 0 with value: 0.5.
[I 2026-04-21 10:37:53,351] Trial 9 finished with value: 0.5 and parameters: {'var_smoothing': 9.052813879088377e-10}. Best is trial 0 with value: 0.5.
[I 2026-04-21 10:37:53,372] Trial 10 finished with value: 0.5 and parameters: {'var_smoothing': 3.20543606083287e-09}. Best is trial 0 with value: 0.5.
[I 2026-04-21 10:37:53,392] Trial 11 finished with value: 0.5 and parameters: {'var_smoothing': 8.433965140342417e-09}. Best is trial 0 with value: 0.5.
[I 2026-04-21 10:37:53,408] Trial 12 finished with value: 0.5 and parameters: {'var_smoothing': 2.860874278982245e-09}. Best is trial 0 with value: 0.5.
[I 2026-04-21 10:37:53,428] Trial 13 finished with value: 0.5 and parameters: {'var_smoothing': 9.270349036178526e-09}. Best is trial 0 with value: 0.5.
[I 2026-04-21 10:37:53,446] Trial 14 finished with value: 0.5 and parameters: {'var_smoothing': 3.13069447640915e-09}. Best is trial 0 with value: 0.5.
[I 2026-04-21 10:37:53,463] Trial 15 finished with value: 0.5 and parameters: {'var_smoothing': 5.223604886811285e-09}. Best is trial 0 with value: 0.5.
[I 2026-04-21 10:37:53,483] Trial 16 finished with value: 0.5 and parameters: {'var_smoothing': 2.0295724993447026e-09}. Best is trial 0 with value: 0.5.
[I 2026-04-21 10:37:53,506] Trial 17 finished with value: 0.5 and parameters: {'var_smoothing': 5.880433102756661e-09}. Best is trial 0 with value: 0.5.
[I 2026-04-21 10:37:53,525] Trial 18 finished with value: 0.5 and parameters: {'var_smoothing': 1.6980964875204416e-09}. Best is trial 0 with value: 0.5.
[I 2026-04-21 10:37:53,558] Trial 19 finished with value: 0.5 and parameters: {'var_smoothing': 4.2955625192244405e-09}. Best is trial 0 with value: 0.5.
[I 2026-04-21 10:37:53,578] Trial 20 finished with value: 0.5 and parameters: {'var_smoothing': 9.833771947222685e-09}. Best is trial 0 with value: 0.5.
[I 2026-04-21 10:37:53,598] Trial 21 finished with value: 0.5 and parameters: {'var_smoothing': 6.0482464086364635e-09}. Best is trial 0 with value: 0.5.
[I 2026-04-21 10:37:53,618] Trial 22 finished with value: 0.5 and parameters: {'var_smoothing': 4.537628481410357e-09}. Best is trial 0 with value: 0.5.
[I 2026-04-21 10:37:53,633] Trial 23 finished with value: 0.5 and parameters: {'var_smoothing': 6.750528289210463e-09}. Best is trial 0 with value: 0.5.
[I 2026-04-21 10:37:53,649] Trial 24 finished with value: 0.5 and parameters: {'var_smoothing': 2.2780337647355764e-09}. Best is trial 0 with value: 0.5.
[I 2026-04-21 10:37:53,664] Trial 25 finished with value: 0.5 and parameters: {'var_smoothing': 3.986918574074946e-09}. Best is trial 0 with value: 0.5.
[I 2026-04-21 10:37:53,680] Trial 26 finished with value: 0.5 and parameters: {'var_smoothing': 1.7707565248297843e-09}. Best is trial 0 with value: 0.5.
[I 2026-04-21 10:37:53,698] Trial 27 finished with value: 0.5 and parameters: {'var_smoothing': 6.732492847962814e-09}. Best is trial 0 with value: 0.5.
[I 2026-04-21 10:37:53,715] Trial 28 finished with value: 0.5 and parameters: {'var_smoothing': 3.8684773890893174e-10}. Best is trial 0 with value: 0.5.
[I 2026-04-21 10:37:53,735] Trial 29 finished with value: 0.5 and parameters: {'var_smoothing': 1.5480090897085013e-09}. Best is trial 0 with value: 0.5.
[I 2026-04-21 10:37:53,775] A new study created in memory with name: logreg
[I 2026-04-21 10:37:53,800] Trial 0 finished with value: 0.4 and parameters: {'C': 23.288794782471303, 'penalty': 'l2'}. Best is trial 0 with value: 0.4.
[I 2026-04-21 10:37:53,823] Trial 1 finished with value: 0.4 and parameters: {'C': 69.61507800412923, 'penalty': 'l2'}. Best is trial 0 with value: 0.4.
[I 2026-04-21 10:37:53,847] Trial 2 finished with value: 0.4 and parameters: {'C': 22.180569925473442, 'penalty': 'l2'}. Best is trial 0 with value: 0.4.
[I 2026-04-21 10:37:53,872] Trial 3 finished with value: 0.45 and parameters: {'C': 0.4511058486037652, 'penalty': 'l2'}. Best is trial 3 with value: 0.45.
[I 2026-04-21 10:37:53,896] Trial 4 finished with value: 0.55 and parameters: {'C': 0.014576110093994574, 'penalty': 'l2'}. Best is trial 4 with value: 0.55.
[I 2026-04-21 10:37:53,910] Trial 5 finished with value: 0.55 and parameters: {'C': 0.0011402340906886685, 'penalty': 'l2'}. Best is trial 4 with value: 0.55.
[I 2026-04-21 10:37:53,936] Trial 6 finished with value: 0.55 and parameters: {'C': 0.14201822862985758, 'penalty': 'l2'}. Best is trial 4 with value: 0.55.
[I 2026-04-21 10:37:53,963] Trial 7 finished with value: 0.55 and parameters: {'C': 0.1027440782219989, 'penalty': 'l2'}. Best is trial 4 with value: 0.55.
[I 2026-04-21 10:37:53,988] Trial 8 finished with value: 0.45 and parameters: {'C': 0.41055690122086846, 'penalty': 'l2'}. Best is trial 4 with value: 0.55.
[I 2026-04-21 10:37:54,003] Trial 9 finished with value: 0.45 and parameters: {'C': 0.24658064201770763, 'penalty': 'l2'}. Best is trial 4 with value: 0.55.
[I 2026-04-21 10:37:54,030] Trial 10 finished with value: 0.55 and parameters: {'C': 0.0023928126344862246, 'penalty': 'l2'}. Best is trial 4 with value: 0.55.
[I 2026-04-21 10:37:54,060] Trial 11 finished with value: 0.55 and parameters: {'C': 0.0019570472277589007, 'penalty': 'l2'}. Best is trial 4 with value: 0.55.
[I 2026-04-21 10:37:54,091] Trial 12 finished with value: 0.55 and parameters: {'C': 0.013308786491511194, 'penalty': 'l2'}. Best is trial 4 with value: 0.55.
[I 2026-04-21 10:37:54,118] Trial 13 finished with value: 0.55 and parameters: {'C': 0.014077435259861437, 'penalty': 'l2'}. Best is trial 4 with value: 0.55.
[I 2026-04-21 10:37:54,149] Trial 14 finished with value: 0.55 and parameters: {'C': 0.017479512807521625, 'penalty': 'l2'}. Best is trial 4 with value: 0.55.
[I 2026-04-21 10:37:54,172] Trial 15 finished with value: 0.55 and parameters: {'C': 0.0016915139185158478, 'penalty': 'l2'}. Best is trial 4 with value: 0.55.
[I 2026-04-21 10:37:54,204] Trial 16 finished with value: 0.55 and parameters: {'C': 0.007655258985904256, 'penalty': 'l2'}. Best is trial 4 with value: 0.55.
[I 2026-04-21 10:37:54,237] Trial 17 finished with value: 0.55 and parameters: {'C': 0.04603106375490191, 'penalty': 'l2'}. Best is trial 4 with value: 0.55.
[I 2026-04-21 10:37:54,258] Trial 18 finished with value: 0.55 and parameters: {'C': 0.0010116826961285544, 'penalty': 'l2'}. Best is trial 4 with value: 0.55.
[I 2026-04-21 10:37:54,288] Trial 19 finished with value: 0.4 and parameters: {'C': 2.3119897940385807, 'penalty': 'l2'}. Best is trial 4 with value: 0.55.
