[I 2026-04-21 10:25:48,525] Trial 0 finished with value: 0.5 and parameters: {'n_estimators': 189, 'max_depth': 18, 'min_samples_split': 3, 'min_samples_leaf': 10}. Best is trial 0 with value: 0.5.
[I 2026-04-21 10:25:48,885] Trial 1 finished with value: 0.6 and parameters: {'n_estimators': 295, 'max_depth': 14, 'min_samples_split': 8, 'min_samples_leaf': 6}. Best is trial 1 with value: 0.6.
[I 2026-04-21 10:25:49,181] Trial 2 finished with value: 0.5 and parameters: {'n_estimators': 219, 'max_depth': 6, 'min_samples_split': 2, 'min_samples_leaf': 8}. Best is trial 1 with value: 0.6.
[I 2026-04-21 10:25:49,528] Trial 3 finished with value: 0.5 and parameters: {'n_estimators': 276, 'max_depth': 5, 'min_samples_split': 9, 'min_samples_leaf': 3}. Best is trial 1 with value: 0.6.
[I 2026-04-21 10:25:49,886] Trial 4 finished with value: 0.5 and parameters: {'n_estimators': 266, 'max_depth': 8, 'min_samples_split': 7, 'min_samples_leaf': 6}. Best is trial 1 with value: 0.6.
[I 2026-04-21 10:25:50,336] Trial 5 finished with value: 0.5 and parameters: {'n_estimators': 340, 'max_depth': 7, 'min_samples_split': 4, 'min_samples_leaf': 3}. Best is trial 1 with value: 0.6.
[I 2026-04-21 10:25:50,673] Trial 6 finished with value: 0.5 and parameters: {'n_estimators': 231, 'max_depth': 5, 'min_samples_split': 3, 'min_samples_leaf': 10}. Best is trial 1 with value: 0.6.
[I 2026-04-21 10:25:51,197] Trial 7 finished with value: 0.55 and parameters: {'n_estimators': 485, 'max_depth': 6, 'min_samples_split': 2, 'min_samples_leaf': 3}. Best is trial 1 with value: 0.6.
[I 2026-04-21 10:25:51,633] Trial 8 finished with value: 0.6 and parameters: {'n_estimators': 380, 'max_depth': 17, 'min_samples_split': 2, 'min_samples_leaf': 6}. Best is trial 1 with value: 0.6.
[I 2026-04-21 10:25:51,788] Trial 9 finished with value: 0.5 and parameters: {'n_estimators': 100, 'max_depth': 12, 'min_samples_split': 7, 'min_samples_leaf': 10}. Best is trial 1 with value: 0.6.
[I 2026-04-21 10:25:52,336] Trial 10 finished with value: 0.5 and parameters: {'n_estimators': 446, 'max_depth': 13, 'min_samples_split': 10, 'min_samples_leaf': 5}. Best is trial 1 with value: 0.6.
[I 2026-04-21 10:25:52,781] Trial 11 finished with value: 0.55 and parameters: {'n_estimators': 380, 'max_depth': 17, 'min_samples_split': 5, 'min_samples_leaf': 6}. Best is trial 1 with value: 0.6.
[I 2026-04-21 10:25:53,229] Trial 12 finished with value: 0.5 and parameters: {'n_estimators': 402, 'max_depth': 15, 'min_samples_split': 8, 'min_samples_leaf': 7}. Best is trial 1 with value: 0.6.
[I 2026-04-21 10:25:53,666] Trial 13 finished with value: 0.55 and parameters: {'n_estimators': 332, 'max_depth': 19, 'min_samples_split': 6, 'min_samples_leaf': 1}. Best is trial 1 with value: 0.6.
[I 2026-04-21 10:25:54,133] Trial 14 finished with value: 0.5 and parameters: {'n_estimators': 396, 'max_depth': 15, 'min_samples_split': 5, 'min_samples_leaf': 8}. Best is trial 1 with value: 0.6.
[I 2026-04-21 10:25:54,541] Trial 15 finished with value: 0.5 and parameters: {'n_estimators': 331, 'max_depth': 10, 'min_samples_split': 10, 'min_samples_leaf': 5}. Best is trial 1 with value: 0.6.
[I 2026-04-21 10:25:55,055] Trial 16 finished with value: 0.5 and parameters: {'n_estimators': 444, 'max_depth': 20, 'min_samples_split': 8, 'min_samples_leaf': 4}. Best is trial 1 with value: 0.6.
[I 2026-04-21 10:25:55,312] Trial 17 finished with value: 0.5 and parameters: {'n_estimators': 170, 'max_depth': 15, 'min_samples_split': 6, 'min_samples_leaf': 8}. Best is trial 1 with value: 0.6.
[I 2026-04-21 10:25:55,697] Trial 18 finished with value: 0.5 and parameters: {'n_estimators': 310, 'max_depth': 17, 'min_samples_split': 8, 'min_samples_leaf': 7}. Best is trial 1 with value: 0.6.
[I 2026-04-21 10:25:56,171] Trial 19 finished with value: 0.65 and parameters: {'n_estimators': 360, 'max_depth': 9, 'min_samples_split': 4, 'min_samples_leaf': 1}. Best is trial 19 with value: 0.65.
[I 2026-04-21 10:25:56,529] Trial 20 finished with value: 0.6 and parameters: {'n_estimators': 273, 'max_depth': 3, 'min_samples_split': 5, 'min_samples_leaf': 1}. Best is trial 19 with value: 0.65.
[I 2026-04-21 10:25:56,968] Trial 21 finished with value: 0.5 and parameters: {'n_estimators': 368, 'max_depth': 10, 'min_samples_split': 3, 'min_samples_leaf': 4}. Best is trial 19 with value: 0.65.
[I 2026-04-21 10:25:57,488] Trial 22 finished with value: 0.5 and parameters: {'n_estimators': 436, 'max_depth': 13, 'min_samples_split': 4, 'min_samples_leaf': 7}. Best is trial 19 with value: 0.65.
[I 2026-04-21 10:25:57,968] Trial 23 finished with value: 0.5 and parameters: {'n_estimators': 352, 'max_depth': 10, 'min_samples_split': 4, 'min_samples_leaf': 2}. Best is trial 19 with value: 0.65.
[I 2026-04-21 10:25:58,455] Trial 24 finished with value: 0.55 and parameters: {'n_estimators': 419, 'max_depth': 14, 'min_samples_split': 2, 'min_samples_leaf': 5}. Best is trial 19 with value: 0.65.
[I 2026-04-21 10:25:58,835] Trial 25 finished with value: 0.45 and parameters: {'n_estimators': 298, 'max_depth': 17, 'min_samples_split': 3, 'min_samples_leaf': 6}. Best is trial 19 with value: 0.65.
[I 2026-04-21 10:25:59,384] Trial 26 finished with value: 0.5 and parameters: {'n_estimators': 472, 'max_depth': 11, 'min_samples_split': 7, 'min_samples_leaf': 4}. Best is trial 19 with value: 0.65.
[I 2026-04-21 10:25:59,756] Trial 27 finished with value: 0.5 and parameters: {'n_estimators': 303, 'max_depth': 8, 'min_samples_split': 9, 'min_samples_leaf': 9}. Best is trial 19 with value: 0.65.
[I 2026-04-21 10:26:00,244] Trial 28 finished with value: 0.5 and parameters: {'n_estimators': 372, 'max_depth': 16, 'min_samples_split': 4, 'min_samples_leaf': 2}. Best is trial 19 with value: 0.65.
[I 2026-04-21 10:26:00,563] Trial 29 finished with value: 0.5 and parameters: {'n_estimators': 235, 'max_depth': 19, 'min_samples_split': 2, 'min_samples_leaf': 7}. Best is trial 19 with value: 0.65.
[I 2026-04-21 10:26:01,735] A new study created in memory with name: mlp
[I 2026-04-21 10:26:01,800] Trial 0 finished with value: 0.5 and parameters: {'hidden_layer_sizes': (200,), 'max_iter': 50, 'alpha': 0.001}. Best is trial 0 with value: 0.5.
[I 2026-04-21 10:26:01,866] Trial 1 finished with value: 0.5 and parameters: {'hidden_layer_sizes': (100,), 'max_iter': 100, 'alpha': 0.0001}. Best is trial 0 with value: 0.5.
[I 2026-04-21 10:26:01,940] Trial 2 finished with value: 0.55 and parameters: {'hidden_layer_sizes': (100,), 'max_iter': 100, 'alpha': 0.001}. Best is trial 2 with value: 0.55.
[I 2026-04-21 10:26:02,007] Trial 3 finished with value: 0.45 and parameters: {'hidden_layer_sizes': (200,), 'max_iter': 50, 'alpha': 0.001}. Best is trial 2 with value: 0.55.
[I 2026-04-21 10:26:02,083] Trial 4 finished with value: 0.6 and parameters: {'hidden_layer_sizes': (100,), 'max_iter': 100, 'alpha': 0.0001}. Best is trial 4 with value: 0.6.
[I 2026-04-21 10:26:02,158] Trial 5 finished with value: 0.6 and parameters: {'hidden_layer_sizes': (100,), 'max_iter': 100, 'alpha': 0.001}. Best is trial 4 with value: 0.6.
[I 2026-04-21 10:26:02,243] Trial 6 finished with value: 0.5 and parameters: {'hidden_layer_sizes': (200,), 'max_iter': 100, 'alpha': 0.001}. Best is trial 4 with value: 0.6.
[I 2026-04-21 10:26:02,317] Trial 7 finished with value: 0.45 and parameters: {'hidden_layer_sizes': (200,), 'max_iter': 100, 'alpha': 0.001}. Best is trial 4 with value: 0.6.
[I 2026-04-21 10:26:02,384] Trial 8 finished with value: 0.5 and parameters: {'hidden_layer_sizes': (100,), 'max_iter': 100, 'alpha': 0.001}. Best is trial 4 with value: 0.6.
[I 2026-04-21 10:26:02,431] Trial 9 finished with value: 0.45 and parameters: {'hidden_layer_sizes': (100,), 'max_iter': 50, 'alpha': 0.001}. Best is trial 4 with value: 0.6.
[I 2026-04-21 10:26:02,491] Trial 10 finished with value: 0.45 and parameters: {'hidden_layer_sizes': (100, 100), 'max_iter': 50, 'alpha': 0.0001}. Best is trial 4 with value: 0.6.
[I 2026-04-21 10:26:02,559] Trial 11 finished with value: 0.5 and parameters: {'hidden_layer_sizes': (100,), 'max_iter': 100, 'alpha': 0.0001}. Best is trial 4 with value: 0.6.
[I 2026-04-21 10:26:02,648] Trial 12 finished with value: 0.5 and parameters: {'hidden_layer_sizes': (100, 100), 'max_iter': 100, 'alpha': 0.0001}. Best is trial 4 with value: 0.6.
[I 2026-04-21 10:26:02,696] Trial 13 finished with value: 0.5 and parameters: {'hidden_layer_sizes': (100,), 'max_iter': 100, 'alpha': 0.0001}. Best is trial 4 with value: 0.6.
[I 2026-04-21 10:26:02,764] Trial 14 finished with value: 0.5 and parameters: {'hidden_layer_sizes': (100,), 'max_iter': 100, 'alpha': 0.0001}. Best is trial 4 with value: 0.6.
[I 2026-04-21 10:26:02,835] Trial 15 finished with value: 0.55 and parameters: {'hidden_layer_sizes': (100,), 'max_iter': 100, 'alpha': 0.0001}. Best is trial 4 with value: 0.6.
[I 2026-04-21 10:26:02,935] Trial 16 finished with value: 0.5 and parameters: {'hidden_layer_sizes': (100, 100), 'max_iter': 100, 'alpha': 0.0001}. Best is trial 4 with value: 0.6.
[I 2026-04-21 10:26:03,003] Trial 17 finished with value: 0.5 and parameters: {'hidden_layer_sizes': (100,), 'max_iter': 100, 'alpha': 0.001}. Best is trial 4 with value: 0.6.
[I 2026-04-21 10:26:03,040] Trial 18 finished with value: 0.55 and parameters: {'hidden_layer_sizes': (100,), 'max_iter': 50, 'alpha': 0.0001}. Best is trial 4 with value: 0.6.
[I 2026-04-21 10:26:03,118] Trial 19 finished with value: 0.45 and parameters: {'hidden_layer_sizes': (100, 100), 'max_iter': 100, 'alpha': 0.001}. Best is trial 4 with value: 0.6.
[I 2026-04-21 10:26:03,176] Trial 20 finished with value: 0.55 and parameters: {'hidden_layer_sizes': (100,), 'max_iter': 100, 'alpha': 0.001}. Best is trial 4 with value: 0.6.
[I 2026-04-21 10:26:03,232] Trial 21 finished with value: 0.45 and parameters: {'hidden_layer_sizes': (100,), 'max_iter': 100, 'alpha': 0.001}. Best is trial 4 with value: 0.6.
[I 2026-04-21 10:26:03,289] Trial 22 finished with value: 0.6 and parameters: {'hidden_layer_sizes': (100,), 'max_iter': 100, 'alpha': 0.001}. Best is trial 4 with value: 0.6.
[I 2026-04-21 10:26:03,345] Trial 23 finished with value: 0.55 and parameters: {'hidden_layer_sizes': (100,), 'max_iter': 100, 'alpha': 0.001}. Best is trial 4 with value: 0.6.
[I 2026-04-21 10:26:03,412] Trial 24 finished with value: 0.55 and parameters: {'hidden_layer_sizes': (100,), 'max_iter': 100, 'alpha': 0.001}. Best is trial 4 with value: 0.6.
[I 2026-04-21 10:26:03,467] Trial 25 finished with value: 0.55 and parameters: {'hidden_layer_sizes': (100,), 'max_iter': 100, 'alpha': 0.001}. Best is trial 4 with value: 0.6.
[I 2026-04-21 10:26:03,513] Trial 26 finished with value: 0.55 and parameters: {'hidden_layer_sizes': (100,), 'max_iter': 50, 'alpha': 0.0001}. Best is trial 4 with value: 0.6.
[I 2026-04-21 10:26:03,582] Trial 27 finished with value: 0.55 and parameters: {'hidden_layer_sizes': (100,), 'max_iter': 100, 'alpha': 0.001}. Best is trial 4 with value: 0.6.
[I 2026-04-21 10:26:03,659] Trial 28 finished with value: 0.5 and parameters: {'hidden_layer_sizes': (200,), 'max_iter': 100, 'alpha': 0.0001}. Best is trial 4 with value: 0.6.
[I 2026-04-21 10:26:03,707] Trial 29 finished with value: 0.5 and parameters: {'hidden_layer_sizes': (100, 100), 'max_iter': 50, 'alpha': 0.001}. Best is trial 4 with value: 0.6.
[I 2026-04-21 10:26:04,258] A new study created in memory with name: svc
[I 2026-04-21 10:26:04,288] Trial 0 finished with value: 0.55 and parameters: {'C': 0.07726319876517104, 'gamma': 0.3040389504793042}. Best is trial 0 with value: 0.55.
[I 2026-04-21 10:26:04,301] Trial 1 finished with value: 0.6 and parameters: {'C': 0.06712381339142241, 'gamma': 0.47254549996710477}. Best is trial 1 with value: 0.6.
[I 2026-04-21 10:26:04,315] Trial 2 finished with value: 0.65 and parameters: {'C': 0.8987621100554035, 'gamma': 0.027988231123708972}. Best is trial 2 with value: 0.65.
[I 2026-04-21 10:26:04,330] Trial 3 finished with value: 0.55 and parameters: {'C': 11.5779435007655, 'gamma': 0.011848734045499056}. Best is trial 2 with value: 0.65.
[I 2026-04-21 10:26:04,343] Trial 4 finished with value: 0.45 and parameters: {'C': 0.1538870258903583, 'gamma': 0.0005634883151169033}. Best is trial 2 with value: 0.65.
[I 2026-04-21 10:26:04,355] Trial 5 finished with value: 0.55 and parameters: {'C': 0.021036092656561454, 'gamma': 0.08990030906808326}. Best is trial 2 with value: 0.65.
[I 2026-04-21 10:26:04,367] Trial 6 finished with value: 0.5 and parameters: {'C': 0.5824208201678516, 'gamma': 0.00042977333932534993}. Best is trial 2 with value: 0.65.
[I 2026-04-21 10:26:04,380] Trial 7 finished with value: 0.55 and parameters: {'C': 33.09391330085814, 'gamma': 0.001248377256719358}. Best is trial 2 with value: 0.65.
[I 2026-04-21 10:26:04,392] Trial 8 finished with value: 0.5 and parameters: {'C': 0.45387898639622015, 'gamma': 0.0015286910781809498}. Best is trial 2 with value: 0.65.
[I 2026-04-21 10:26:04,404] Trial 9 finished with value: 0.55 and parameters: {'C': 3.274550070431994, 'gamma': 0.02086177421469992}. Best is trial 2 with value: 0.65.
[I 2026-04-21 10:26:04,422] Trial 10 finished with value: 0.45 and parameters: {'C': 3.454225646092145, 'gamma': 0.04920330178902686}. Best is trial 2 with value: 0.65.
[I 2026-04-21 10:26:04,440] Trial 11 finished with value: 0.55 and parameters: {'C': 0.014519629718095353, 'gamma': 0.9716924803144099}. Best is trial 2 with value: 0.65.
[I 2026-04-21 10:26:04,458] Trial 12 finished with value: 0.55 and parameters: {'C': 0.09243783299863148, 'gamma': 0.22624999861025}. Best is trial 2 with value: 0.65.
[I 2026-04-21 10:26:04,479] Trial 13 finished with value: 0.5 and parameters: {'C': 1.6094851435465674, 'gamma': 0.005426010269800288}. Best is trial 2 with value: 0.65.
[I 2026-04-21 10:26:04,505] Trial 14 finished with value: 0.5 and parameters: {'C': 0.24563235714646978, 'gamma': 0.00010410657631139162}. Best is trial 2 with value: 0.65.
[I 2026-04-21 10:26:04,526] Trial 15 finished with value: 0.6 and parameters: {'C': 0.04794898090656254, 'gamma': 0.5372310628104965}. Best is trial 2 with value: 0.65.
[I 2026-04-21 10:26:04,548] Trial 16 finished with value: 0.55 and parameters: {'C': 60.150795276764015, 'gamma': 0.08613585696164419}. Best is trial 2 with value: 0.65.
[I 2026-04-21 10:26:04,570] Trial 17 finished with value: 0.5 and parameters: {'C': 1.2269146763307468, 'gamma': 0.005047849461375887}. Best is trial 2 with value: 0.65.
[I 2026-04-21 10:26:04,589] Trial 18 finished with value: 0.6 and parameters: {'C': 0.03426280319203158, 'gamma': 0.025698340005663643}. Best is trial 2 with value: 0.65.
[I 2026-04-21 10:26:04,607] Trial 19 finished with value: 0.5 and parameters: {'C': 0.010367063426009605, 'gamma': 0.16493779877992182}. Best is trial 2 with value: 0.65.
[I 2026-04-21 10:26:04,626] Trial 20 finished with value: 0.6 and parameters: {'C': 9.111728752094505, 'gamma': 0.9878627891750575}. Best is trial 2 with value: 0.65.
[I 2026-04-21 10:26:04,657] Trial 21 finished with value: 0.6 and parameters: {'C': 0.08448342213169813, 'gamma': 0.45518710232348797}. Best is trial 2 with value: 0.65.
[I 2026-04-21 10:26:04,681] Trial 22 finished with value: 0.6 and parameters: {'C': 0.04767532810282996, 'gamma': 0.49801531553019707}. Best is trial 2 with value: 0.65.
[I 2026-04-21 10:26:04,707] Trial 23 finished with value: 0.55 and parameters: {'C': 0.24260234159259061, 'gamma': 0.09426052238706926}. Best is trial 2 with value: 0.65.
[I 2026-04-21 10:26:04,732] Trial 24 finished with value: 0.7 and parameters: {'C': 0.029241474071622062, 'gamma': 0.045532356014431875}. Best is trial 24 with value: 0.7.
[I 2026-04-21 10:26:04,756] Trial 25 finished with value: 0.7 and parameters: {'C': 0.02287494521198922, 'gamma': 0.03976952128174115}. Best is trial 24 with value: 0.7.
[I 2026-04-21 10:26:04,780] Trial 26 finished with value: 0.65 and parameters: {'C': 0.024770994141017983, 'gamma': 0.03661248118232449}. Best is trial 24 with value: 0.7.
[I 2026-04-21 10:26:04,801] Trial 27 finished with value: 0.5 and parameters: {'C': 0.010072494115654237, 'gamma': 0.008643434092492224}. Best is trial 24 with value: 0.7.
[I 2026-04-21 10:26:04,826] Trial 28 finished with value: 0.55 and parameters: {'C': 0.17502365387136376, 'gamma': 0.014727450490415753}. Best is trial 24 with value: 0.7.
[I 2026-04-21 10:26:04,849] Trial 29 finished with value: 0.6 and parameters: {'C': 0.5738989750839449, 'gamma': 0.06298726561598181}. Best is trial 24 with value: 0.7.
[I 2026-04-21 10:26:05,569] A new study created in memory with name: naive_bayes
[I 2026-04-21 10:26:05,581] Trial 0 finished with value: 0.35 and parameters: {'var_smoothing': 2.7796258518939306e-10}. Best is trial 0 with value: 0.35.
[I 2026-04-21 10:26:05,593] Trial 1 finished with value: 0.35 and parameters: {'var_smoothing': 5.513972710118387e-09}. Best is trial 0 with value: 0.35.
[I 2026-04-21 10:26:05,605] Trial 2 finished with value: 0.35 and parameters: {'var_smoothing': 2.590826381512706e-10}. Best is trial 0 with value: 0.35.
[I 2026-04-21 10:26:05,616] Trial 3 finished with value: 0.35 and parameters: {'var_smoothing': 6.874194498027403e-09}. Best is trial 0 with value: 0.35.
[I 2026-04-21 10:26:05,628] Trial 4 finished with value: 0.35 and parameters: {'var_smoothing': 9.480306482679771e-10}. Best is trial 0 with value: 0.35.
[I 2026-04-21 10:26:05,640] Trial 5 finished with value: 0.35 and parameters: {'var_smoothing': 1.6729683536668864e-09}. Best is trial 0 with value: 0.35.
[I 2026-04-21 10:26:05,652] Trial 6 finished with value: 0.35 and parameters: {'var_smoothing': 3.402637726935598e-09}. Best is trial 0 with value: 0.35.
[I 2026-04-21 10:26:05,664] Trial 7 finished with value: 0.35 and parameters: {'var_smoothing': 1.0885189040847657e-09}. Best is trial 0 with value: 0.35.
[I 2026-04-21 10:26:05,676] Trial 8 finished with value: 0.35 and parameters: {'var_smoothing': 3.922843686541149e-10}. Best is trial 0 with value: 0.35.
[I 2026-04-21 10:26:05,688] Trial 9 finished with value: 0.35 and parameters: {'var_smoothing': 2.3737908819373785e-10}. Best is trial 0 with value: 0.35.
[I 2026-04-21 10:26:05,703] Trial 10 finished with value: 0.35 and parameters: {'var_smoothing': 1.005826617097841e-10}. Best is trial 0 with value: 0.35.
[I 2026-04-21 10:26:05,718] Trial 11 finished with value: 0.35 and parameters: {'var_smoothing': 8.246040091550826e-09}. Best is trial 0 with value: 0.35.
[I 2026-04-21 10:26:05,735] Trial 12 finished with value: 0.35 and parameters: {'var_smoothing': 5.714429769091136e-10}. Best is trial 0 with value: 0.35.
[I 2026-04-21 10:26:05,753] Trial 13 finished with value: 0.35 and parameters: {'var_smoothing': 3.0046394488828834e-09}. Best is trial 0 with value: 0.35.
[I 2026-04-21 10:26:05,772] Trial 14 finished with value: 0.35 and parameters: {'var_smoothing': 1.0161521526134228e-10}. Best is trial 0 with value: 0.35.
[I 2026-04-21 10:26:05,790] Trial 15 finished with value: 0.35 and parameters: {'var_smoothing': 3.455011319435438e-09}. Best is trial 0 with value: 0.35.
[I 2026-04-21 10:26:05,809] Trial 16 finished with value: 0.35 and parameters: {'var_smoothing': 2.2038800241203009e-10}. Best is trial 0 with value: 0.35.
[I 2026-04-21 10:26:05,827] Trial 17 finished with value: 0.35 and parameters: {'var_smoothing': 1.8515987176145925e-09}. Best is trial 0 with value: 0.35.
[I 2026-04-21 10:26:05,855] Trial 18 finished with value: 0.35 and parameters: {'var_smoothing': 5.024285700153026e-10}. Best is trial 0 with value: 0.35.
[I 2026-04-21 10:26:05,874] Trial 19 finished with value: 0.35 and parameters: {'var_smoothing': 4.958025424412893e-09}. Best is trial 0 with value: 0.35.
[I 2026-04-21 10:26:05,892] Trial 20 finished with value: 0.35 and parameters: {'var_smoothing': 8.344000526157384e-10}. Best is trial 0 with value: 0.35.
[I 2026-04-21 10:26:05,911] Trial 21 finished with value: 0.35 and parameters: {'var_smoothing': 2.46080689865309e-10}. Best is trial 0 with value: 0.35.
[I 2026-04-21 10:26:05,939] Trial 22 finished with value: 0.35 and parameters: {'var_smoothing': 1.4445108350594728e-10}. Best is trial 0 with value: 0.35.
[I 2026-04-21 10:26:05,957] Trial 23 finished with value: 0.35 and parameters: {'var_smoothing': 3.3715577896606737e-10}. Best is trial 0 with value: 0.35.
[I 2026-04-21 10:26:05,976] Trial 24 finished with value: 0.35 and parameters: {'var_smoothing': 1.572466431855027e-10}. Best is trial 0 with value: 0.35.
[I 2026-04-21 10:26:05,992] Trial 25 finished with value: 0.35 and parameters: {'var_smoothing': 7.281746293576245e-10}. Best is trial 0 with value: 0.35.
[I 2026-04-21 10:26:06,011] Trial 26 finished with value: 0.35 and parameters: {'var_smoothing': 3.386254640873244e-10}. Best is trial 0 with value: 0.35.
[I 2026-04-21 10:26:06,033] Trial 27 finished with value: 0.35 and parameters: {'var_smoothing': 1.3918180959975328e-09}. Best is trial 0 with value: 0.35.
[I 2026-04-21 10:26:06,053] Trial 28 finished with value: 0.35 and parameters: {'var_smoothing': 2.3715836084533434e-09}. Best is trial 0 with value: 0.35.
[I 2026-04-21 10:26:06,074] Trial 29 finished with value: 0.35 and parameters: {'var_smoothing': 9.477075781575649e-09}. Best is trial 0 with value: 0.35.
[I 2026-04-21 10:26:06,503] A new study created in memory with name: logreg
[I 2026-04-21 10:26:06,527] Trial 0 finished with value: 0.4 and parameters: {'C': 0.012881482725481003, 'penalty': 'l2'}. Best is trial 0 with value: 0.4.
[I 2026-04-21 10:26:06,563] Trial 1 finished with value: 0.5 and parameters: {'C': 22.576755560681583, 'penalty': 'l2'}. Best is trial 1 with value: 0.5.
[I 2026-04-21 10:26:06,579] Trial 2 finished with value: 0.4 and parameters: {'C': 0.010804278656839932, 'penalty': 'l2'}. Best is trial 1 with value: 0.5.
[I 2026-04-21 10:26:06,613] Trial 3 finished with value: 0.45 and parameters: {'C': 39.17910760336117, 'penalty': 'l2'}. Best is trial 1 with value: 0.5.
