[I 2026-04-21 10:28:17,604] Trial 27 finished with value: 0.45 and parameters: {'var_smoothing': 1.3918180959975328e-09}. Best is trial 0 with value: 0.45.
[I 2026-04-21 10:28:17,623] Trial 28 finished with value: 0.45 and parameters: {'var_smoothing': 2.3715836084533434e-09}. Best is trial 0 with value: 0.45.
[I 2026-04-21 10:28:17,642] Trial 29 finished with value: 0.45 and parameters: {'var_smoothing': 9.477075781575649e-09}. Best is trial 0 with value: 0.45.
[I 2026-04-21 10:28:18,033] A new study created in memory with name: logreg
[I 2026-04-21 10:28:18,056] Trial 0 finished with value: 0.55 and parameters: {'C': 0.012881482725481003, 'penalty': 'l2'}. Best is trial 0 with value: 0.55.
[I 2026-04-21 10:28:18,079] Trial 1 finished with value: 0.5 and parameters: {'C': 22.576755560681583, 'penalty': 'l2'}. Best is trial 0 with value: 0.55.
[I 2026-04-21 10:28:18,103] Trial 2 finished with value: 0.55 and parameters: {'C': 0.010804278656839932, 'penalty': 'l2'}. Best is trial 0 with value: 0.55.
[I 2026-04-21 10:28:18,127] Trial 3 finished with value: 0.5 and parameters: {'C': 39.17910760336117, 'penalty': 'l2'}. Best is trial 0 with value: 0.55.
[I 2026-04-21 10:28:18,152] Trial 4 finished with value: 0.5 and parameters: {'C': 0.2767298094062571, 'penalty': 'l2'}. Best is trial 0 with value: 0.55.
[I 2026-04-21 10:28:18,177] Trial 5 finished with value: 0.5 and parameters: {'C': 1.1447728330837224, 'penalty': 'l2'}. Best is trial 0 with value: 0.55.
[I 2026-04-21 10:28:18,202] Trial 6 finished with value: 0.45 and parameters: {'C': 6.753661388238877, 'penalty': 'l2'}. Best is trial 0 with value: 0.55.
[I 2026-04-21 10:28:18,227] Trial 7 finished with value: 0.5 and parameters: {'C': 0.39092184460352974, 'penalty': 'l2'}. Best is trial 0 with value: 0.55.
[I 2026-04-21 10:28:18,252] Trial 8 finished with value: 0.6 and parameters: {'C': 0.03047912590082646, 'penalty': 'l2'}. Best is trial 8 with value: 0.6.
[I 2026-04-21 10:28:18,277] Trial 9 finished with value: 0.6 and parameters: {'C': 0.008681727362499118, 'penalty': 'l2'}. Best is trial 8 with value: 0.6.
[I 2026-04-21 10:28:18,307] Trial 10 finished with value: 0.4 and parameters: {'C': 0.001018824458213776, 'penalty': 'l2'}. Best is trial 8 with value: 0.6.
[I 2026-04-21 10:28:18,325] Trial 11 finished with value: 0.6 and parameters: {'C': 0.032895985409442455, 'penalty': 'l2'}. Best is trial 8 with value: 0.6.
[I 2026-04-21 10:28:18,341] Trial 12 finished with value: 0.5 and parameters: {'C': 0.0015588545983698317, 'penalty': 'l2'}. Best is trial 8 with value: 0.6.
[I 2026-04-21 10:28:18,371] Trial 13 finished with value: 0.6 and parameters: {'C': 0.0612735853534742, 'penalty': 'l2'}. Best is trial 8 with value: 0.6.
[I 2026-04-21 10:28:18,391] Trial 14 finished with value: 0.55 and parameters: {'C': 0.004524431665334781, 'penalty': 'l2'}. Best is trial 8 with value: 0.6.
[I 2026-04-21 10:28:18,421] Trial 15 finished with value: 0.6 and parameters: {'C': 0.07353451197517416, 'penalty': 'l2'}. Best is trial 8 with value: 0.6.
[I 2026-04-21 10:28:18,451] Trial 16 finished with value: 0.65 and parameters: {'C': 0.005908690429488638, 'penalty': 'l2'}. Best is trial 16 with value: 0.65.
[I 2026-04-21 10:28:18,481] Trial 17 finished with value: 0.5 and parameters: {'C': 0.26889521352487844, 'penalty': 'l2'}. Best is trial 16 with value: 0.65.
[I 2026-04-21 10:28:18,511] Trial 18 finished with value: 0.55 and parameters: {'C': 0.003674079875658876, 'penalty': 'l2'}. Best is trial 16 with value: 0.65.
[I 2026-04-21 10:28:18,541] Trial 19 finished with value: 0.6 and parameters: {'C': 0.026095571196829214, 'penalty': 'l2'}. Best is trial 16 with value: 0.65.
[I 2026-04-21 10:28:18,571] Trial 20 finished with value: 0.5 and parameters: {'C': 1.0823833592018033, 'penalty': 'l2'}. Best is trial 16 with value: 0.65.
[I 2026-04-21 10:28:18,600] Trial 21 finished with value: 0.65 and parameters: {'C': 0.007569519394675832, 'penalty': 'l2'}. Best is trial 16 with value: 0.65.
[I 2026-04-21 10:28:18,631] Trial 22 finished with value: 0.55 and parameters: {'C': 0.0036165592296626093, 'penalty': 'l2'}. Best is trial 16 with value: 0.65.
[I 2026-04-21 10:28:18,660] Trial 23 finished with value: 0.55 and parameters: {'C': 0.0979831669672971, 'penalty': 'l2'}. Best is trial 16 with value: 0.65.
[I 2026-04-21 10:28:18,677] Trial 24 finished with value: 0.6 and parameters: {'C': 0.02060058286856727, 'penalty': 'l2'}. Best is trial 16 with value: 0.65.
[I 2026-04-21 10:28:18,694] Trial 25 finished with value: 0.5 and parameters: {'C': 0.0025109832125597953, 'penalty': 'l2'}. Best is trial 16 with value: 0.65.
[I 2026-04-21 10:28:18,723] Trial 26 finished with value: 0.65 and parameters: {'C': 0.007441238745260282, 'penalty': 'l2'}. Best is trial 16 with value: 0.65.
[I 2026-04-21 10:28:18,754] Trial 27 finished with value: 0.65 and parameters: {'C': 0.00699755441860981, 'penalty': 'l2'}. Best is trial 16 with value: 0.65.
[I 2026-04-21 10:28:18,784] Trial 28 finished with value: 0.5 and parameters: {'C': 0.0016608373609467285, 'penalty': 'l2'}. Best is trial 16 with value: 0.65.
[I 2026-04-21 10:28:18,805] Trial 29 finished with value: 0.55 and parameters: {'C': 0.013656624638064241, 'penalty': 'l2'}. Best is trial 16 with value: 0.65.
Parámetros guardados en /data/home/rtabares/estiven/CorVAE/checkpoint_default_MLP_Dlatent/random/IPC_10/best_models_random_seed_5_space_original/naive_bayes_best_params.json


>>> Optuna tuning logreg metodo random IPC 10 seed 5


Parámetros guardados en /data/home/rtabares/estiven/CorVAE/checkpoint_default_MLP_Dlatent/random/IPC_10/best_models_random_seed_5_space_original/logreg_best_params.json


>>> Optuna tuning knn metodo random IPC 10 seed 5


Parámetros guardados en /data/home/rtabares/estiven/CorVAE/checkpoint_default_MLP_Dlatent/random/IPC_10/best_models_random_seed_5_space_original/knn_best_params.json


>>> Optuna tuning xgb metodo random IPC 10 seed 5


Parámetros guardados en /data/home/rtabares/estiven/CorVAE/checkpoint_default_MLP_Dlatent/random/IPC_10/best_models_random_seed_5_space_original/xgb_best_params.json


>>> Optuna tuning rf metodo random IPC 10 seed 5


Parámetros guardados en /data/home/rtabares/estiven/CorVAE/checkpoint_default_MLP_Dlatent/random/IPC_10/best_models_random_seed_5_space_original/rf_best_params.json


>>> Optuna tuning mlp metodo random IPC 10 seed 5


Parámetros guardados en /data/home/rtabares/estiven/CorVAE/checkpoint_default_MLP_Dlatent/random/IPC_10/best_models_random_seed_5_space_original/mlp_best_params.json


>>> Optuna tuning svc metodo random IPC 10 seed 5


Parámetros guardados en /data/home/rtabares/estiven/CorVAE/checkpoint_default_MLP_Dlatent/random/IPC_10/best_models_random_seed_5_space_original/svc_best_params.json


>>> Optuna tuning naive_bayes metodo k-means IPC 10 seed 5


Parámetros guardados en /data/home/rtabares/estiven/CorVAE/checkpoint_default_MLP_Dlatent/k-means/IPC_10/best_models_k-means_seed_5_space_latent/naive_bayes_best_params.json


>>> Optuna tuning logreg metodo k-means IPC 10 seed 5


Parámetros guardados en /data/home/rtabares/estiven/CorVAE/checkpoint_default_MLP_Dlatent/k-means/IPC_10/best_models_k-means_seed_5_space_latent/logreg_best_params.json


>>> Optuna tuning knn metodo k-means IPC 10 seed 5


Parámetros guardados en /data/home/rtabares/estiven/CorVAE/checkpoint_default_MLP_Dlatent/k-means/IPC_10/best_models_k-means_seed_5_space_latent/knn_best_params.json


>>> Optuna tuning xgb metodo k-means IPC 10 seed 5


Parámetros guardados en /data/home/rtabares/estiven/CorVAE/checkpoint_default_MLP_Dlatent/k-means/IPC_10/best_models_k-means_seed_5_space_latent/xgb_best_params.json


>>> Optuna tuning rf metodo k-means IPC 10 seed 5


Parámetros guardados en /data/home/rtabares/estiven/CorVAE/checkpoint_default_MLP_Dlatent/k-means/IPC_10/best_models_k-means_seed_5_space_latent/rf_best_params.json


>>> Optuna tuning mlp metodo k-means IPC 10 seed 5


Parámetros guardados en /data/home/rtabares/estiven/CorVAE/checkpoint_default_MLP_Dlatent/k-means/IPC_10/best_models_k-means_seed_5_space_latent/mlp_best_params.json


>>> Optuna tuning svc metodo k-means IPC 10 seed 5


Parámetros guardados en /data/home/rtabares/estiven/CorVAE/checkpoint_default_MLP_Dlatent/k-means/IPC_10/best_models_k-means_seed_5_space_latent/svc_best_params.json


>>> Optuna tuning naive_bayes metodo k-means IPC 10 seed 5


Parámetros guardados en /data/home/rtabares/estiven/CorVAE/checkpoint_default_MLP_Dlatent/k-means/IPC_10/best_models_k-means_seed_5_space_original/naive_bayes_best_params.json


>>> Optuna tuning logreg metodo k-means IPC 10 seed 5


Parámetros guardados en /data/home/rtabares/estiven/CorVAE/checkpoint_default_MLP_Dlatent/k-means/IPC_10/best_models_k-means_seed_5_space_original/logreg_best_params.json


>>> Optuna tuning knn metodo k-means IPC 10 seed 5


Parámetros guardados en /data/home/rtabares/estiven/CorVAE/checkpoint_default_MLP_Dlatent/k-means/IPC_10/best_models_k-means_seed_5_space_original/knn_best_params.json


>>> Optuna tuning xgb metodo k-means IPC 10 seed 5


Parámetros guardados en /data/home/rtabares/estiven/CorVAE/checkpoint_default_MLP_Dlatent/k-means/IPC_10/best_models_k-means_seed_5_space_original/xgb_best_params.json


>>> Optuna tuning rf metodo k-means IPC 10 seed 5


Parámetros guardados en /data/home/rtabares/estiven/CorVAE/checkpoint_default_MLP_Dlatent/k-means/IPC_10/best_models_k-means_seed_5_space_original/rf_best_params.json


>>> Optuna tuning mlp metodo k-means IPC 10 seed 5


Parámetros guardados en /data/home/rtabares/estiven/CorVAE/checkpoint_default_MLP_Dlatent/k-means/IPC_10/best_models_k-means_seed_5_space_original/mlp_best_params.json


>>> Optuna tuning svc metodo k-means IPC 10 seed 5


Parámetros guardados en /data/home/rtabares/estiven/CorVAE/checkpoint_default_MLP_Dlatent/k-means/IPC_10/best_models_k-means_seed_5_space_original/svc_best_params.json


>>> Optuna tuning naive_bayes metodo k-center IPC 10 seed 5


Parámetros guardados en /data/home/rtabares/estiven/CorVAE/checkpoint_default_MLP_Dlatent/k-center/IPC_10/best_models_k-center_seed_5_space_latent/naive_bayes_best_params.json


>>> Optuna tuning logreg metodo k-center IPC 10 seed 5


Parámetros guardados en /data/home/rtabares/estiven/CorVAE/checkpoint_default_MLP_Dlatent/k-center/IPC_10/best_models_k-center_seed_5_space_latent/logreg_best_params.json


>>> Optuna tuning knn metodo k-center IPC 10 seed 5


Parámetros guardados en /data/home/rtabares/estiven/CorVAE/checkpoint_default_MLP_Dlatent/k-center/IPC_10/best_models_k-center_seed_5_space_latent/knn_best_params.json


>>> Optuna tuning xgb metodo k-center IPC 10 seed 5


Parámetros guardados en /data/home/rtabares/estiven/CorVAE/checkpoint_default_MLP_Dlatent/k-center/IPC_10/best_models_k-center_seed_5_space_latent/xgb_best_params.json


>>> Optuna tuning rf metodo k-center IPC 10 seed 5


Parámetros guardados en /data/home/rtabares/estiven/CorVAE/checkpoint_default_MLP_Dlatent/k-center/IPC_10/best_models_k-center_seed_5_space_latent/rf_best_params.json


>>> Optuna tuning mlp metodo k-center IPC 10 seed 5


Parámetros guardados en /data/home/rtabares/estiven/CorVAE/checkpoint_default_MLP_Dlatent/k-center/IPC_10/best_models_k-center_seed_5_space_latent/mlp_best_params.json


>>> Optuna tuning svc metodo k-center IPC 10 seed 5


Parámetros guardados en /data/home/rtabares/estiven/CorVAE/checkpoint_default_MLP_Dlatent/k-center/IPC_10/best_models_k-center_seed_5_space_latent/svc_best_params.json


>>> Optuna tuning naive_bayes metodo k-center IPC 10 seed 5


Parámetros guardados en /data/home/rtabares/estiven/CorVAE/checkpoint_default_MLP_Dlatent/k-center/IPC_10/best_models_k-center_seed_5_space_original/naive_bayes_best_params.json


>>> Optuna tuning logreg metodo k-center IPC 10 seed 5


Parámetros guardados en /data/home/rtabares/estiven/CorVAE/checkpoint_default_MLP_Dlatent/k-center/IPC_10/best_models_k-center_seed_5_space_original/logreg_best_params.json


>>> Optuna tuning knn metodo k-center IPC 10 seed 5


Parámetros guardados en /data/home/rtabares/estiven/CorVAE/checkpoint_default_MLP_Dlatent/k-center/IPC_10/best_models_k-center_seed_5_space_original/knn_best_params.json


>>> Optuna tuning xgb metodo k-center IPC 10 seed 5


Parámetros guardados en /data/home/rtabares/estiven/CorVAE/checkpoint_default_MLP_Dlatent/k-center/IPC_10/best_models_k-center_seed_5_space_original/xgb_best_params.json


>>> Optuna tuning rf metodo k-center IPC 10 seed 5


Parámetros guardados en /data/home/rtabares/estiven/CorVAE/checkpoint_default_MLP_Dlatent/k-center/IPC_10/best_models_k-center_seed_5_space_original/rf_best_params.json


>>> Optuna tuning mlp metodo k-center IPC 10 seed 5


Parámetros guardados en /data/home/rtabares/estiven/CorVAE/checkpoint_default_MLP_Dlatent/k-center/IPC_10/best_models_k-center_seed_5_space_original/mlp_best_params.json


>>> Optuna tuning svc metodo k-center IPC 10 seed 5


Parámetros guardados en /data/home/rtabares/estiven/CorVAE/checkpoint_default_MLP_Dlatent/k-center/IPC_10/best_models_k-center_seed_5_space_original/svc_best_params.json


>>> Optuna tuning naive_bayes metodo ag IPC 10 seed 5


Parámetros guardados en /data/home/rtabares/estiven/CorVAE/checkpoint_default_MLP_Dlatent/ag/IPC_10/best_models_ag_seed_5_space_latent/naive_bayes_best_params.json


>>> Optuna tuning logreg metodo ag IPC 10 seed 5


Parámetros guardados en /data/home/rtabares/estiven/CorVAE/checkpoint_default_MLP_Dlatent/ag/IPC_10/best_models_ag_seed_5_space_latent/logreg_best_params.json[I 2026-04-21 10:28:18,864] A new study created in memory with name: knn
[I 2026-04-21 10:28:18,878] Trial 0 finished with value: 0.5 and parameters: {'n_neighbors': 4, 'leaf_size': 38, 'p': 2}. Best is trial 0 with value: 0.5.
[I 2026-04-21 10:28:18,891] Trial 1 finished with value: 0.45 and parameters: {'n_neighbors': 6, 'leaf_size': 32, 'p': 1}. Best is trial 0 with value: 0.5.
[I 2026-04-21 10:28:18,904] Trial 2 finished with value: 0.45 and parameters: {'n_neighbors': 5, 'leaf_size': 23, 'p': 2}. Best is trial 0 with value: 0.5.
[I 2026-04-21 10:28:18,916] Trial 3 finished with value: 0.45 and parameters: {'n_neighbors': 6, 'leaf_size': 23, 'p': 1}. Best is trial 0 with value: 0.5.
[I 2026-04-21 10:28:18,929] Trial 4 finished with value: 0.45 and parameters: {'n_neighbors': 6, 'leaf_size': 26, 'p': 1}. Best is trial 0 with value: 0.5.
[I 2026-04-21 10:28:18,942] Trial 5 finished with value: 0.45 and parameters: {'n_neighbors': 7, 'leaf_size': 25, 'p': 1}. Best is trial 0 with value: 0.5.
[I 2026-04-21 10:28:18,954] Trial 6 finished with value: 0.45 and parameters: {'n_neighbors': 5, 'leaf_size': 23, 'p': 2}. Best is trial 0 with value: 0.5.
[I 2026-04-21 10:28:18,966] Trial 7 finished with value: 0.4 and parameters: {'n_neighbors': 10, 'leaf_size': 23, 'p': 2}. Best is trial 0 with value: 0.5.
[I 2026-04-21 10:28:18,989] Trial 8 finished with value: 0.5 and parameters: {'n_neighbors': 8, 'leaf_size': 36, 'p': 2}. Best is trial 0 with value: 0.5.
[I 2026-04-21 10:28:19,001] Trial 9 finished with value: 0.4 and parameters: {'n_neighbors': 3, 'leaf_size': 30, 'p': 2}. Best is trial 0 with value: 0.5.
[I 2026-04-21 10:28:19,021] Trial 10 finished with value: 0.4 and parameters: {'n_neighbors': 3, 'leaf_size': 40, 'p': 2}. Best is trial 0 with value: 0.5.
[I 2026-04-21 10:28:19,040] Trial 11 finished with value: 0.45 and parameters: {'n_neighbors': 9, 'leaf_size': 39, 'p': 2}. Best is trial 0 with value: 0.5.
[I 2026-04-21 10:28:19,059] Trial 12 finished with value: 0.45 and parameters: {'n_neighbors': 9, 'leaf_size': 36, 'p': 2}. Best is trial 0 with value: 0.5.
[I 2026-04-21 10:28:19,078] Trial 13 finished with value: 0.5 and parameters: {'n_neighbors': 8, 'leaf_size': 35, 'p': 2}. Best is trial 0 with value: 0.5.
[I 2026-04-21 10:28:19,097] Trial 14 finished with value: 0.5 and parameters: {'n_neighbors': 4, 'leaf_size': 36, 'p': 2}. Best is trial 0 with value: 0.5.
[I 2026-04-21 10:28:19,116] Trial 15 finished with value: 0.5 and parameters: {'n_neighbors': 8, 'leaf_size': 33, 'p': 2}. Best is trial 0 with value: 0.5.
[I 2026-04-21 10:28:19,136] Trial 16 finished with value: 0.45 and parameters: {'n_neighbors': 7, 'leaf_size': 29, 'p': 2}. Best is trial 0 with value: 0.5.
[I 2026-04-21 10:28:19,155] Trial 17 finished with value: 0.5 and parameters: {'n_neighbors': 4, 'leaf_size': 38, 'p': 2}. Best is trial 0 with value: 0.5.
[I 2026-04-21 10:28:19,174] Trial 18 finished with value: 0.6 and parameters: {'n_neighbors': 8, 'leaf_size': 33, 'p': 1}. Best is trial 18 with value: 0.6.
[I 2026-04-21 10:28:19,193] Trial 19 finished with value: 0.45 and parameters: {'n_neighbors': 10, 'leaf_size': 33, 'p': 1}. Best is trial 18 with value: 0.6.
[I 2026-04-21 10:28:19,213] Trial 20 finished with value: 0.45 and parameters: {'n_neighbors': 5, 'leaf_size': 38, 'p': 1}. Best is trial 18 with value: 0.6.
[I 2026-04-21 10:28:19,233] Trial 21 finished with value: 0.6 and parameters: {'n_neighbors': 8, 'leaf_size': 35, 'p': 1}. Best is trial 18 with value: 0.6.
[I 2026-04-21 10:28:19,253] Trial 22 finished with value: 0.5 and parameters: {'n_neighbors': 9, 'leaf_size': 34, 'p': 1}. Best is trial 18 with value: 0.6.
[I 2026-04-21 10:28:19,273] Trial 23 finished with value: 0.45 and parameters: {'n_neighbors': 7, 'leaf_size': 31, 'p': 1}. Best is trial 18 with value: 0.6.
[I 2026-04-21 10:28:19,293] Trial 24 finished with value: 0.6 and parameters: {'n_neighbors': 8, 'leaf_size': 29, 'p': 1}. Best is trial 18 with value: 0.6.
[I 2026-04-21 10:28:19,314] Trial 25 finished with value: 0.6 and parameters: {'n_neighbors': 8, 'leaf_size': 28, 'p': 1}. Best is trial 18 with value: 0.6.
[I 2026-04-21 10:28:19,333] Trial 26 finished with value: 0.5 and parameters: {'n_neighbors': 9, 'leaf_size': 27, 'p': 1}. Best is trial 18 with value: 0.6.
[I 2026-04-21 10:28:19,353] Trial 27 finished with value: 0.6 and parameters: {'n_neighbors': 8, 'leaf_size': 30, 'p': 1}. Best is trial 18 with value: 0.6.
[I 2026-04-21 10:28:19,373] Trial 28 finished with value: 0.45 and parameters: {'n_neighbors': 7, 'leaf_size': 32, 'p': 1}. Best is trial 18 with value: 0.6.
[I 2026-04-21 10:28:19,403] Trial 29 finished with value: 0.45 and parameters: {'n_neighbors': 10, 'leaf_size': 34, 'p': 1}. Best is trial 18 with value: 0.6.
[I 2026-04-21 10:28:19,443] A new study created in memory with name: xgb
[I 2026-04-21 10:28:19,468] Trial 0 finished with value: 0.5 and parameters: {'n_estimators': 40, 'max_depth': 5, 'gamma': 0.789317070832284, 'subsample': 0.7592089939364717, 'colsample_bytree': 0.648400250788111}. Best is trial 0 with value: 0.5.
[I 2026-04-21 10:28:19,502] Trial 1 finished with value: 0.6 and parameters: {'n_estimators': 100, 'max_depth': 30, 'gamma': 0.34667781579300216, 'subsample': 0.7071175095405257, 'colsample_bytree': 0.6480399663668239}. Best is trial 1 with value: 0.6.
[I 2026-04-21 10:28:19,529] Trial 2 finished with value: 0.5 and parameters: {'n_estimators': 10, 'max_depth': 20, 'gamma': 0.3948075529198607, 'subsample': 0.5720821503267102, 'colsample_bytree': 0.5828064306006338}. Best is trial 1 with value: 0.6.
[I 2026-04-21 10:28:19,558] Trial 3 finished with value: 0.45 and parameters: {'n_estimators': 10, 'max_depth': 30, 'gamma': 0.8015631269999768, 'subsample': 0.5114665462195407, 'colsample_bytree': 0.788831429064878}. Best is trial 1 with value: 0.6.
[I 2026-04-21 10:28:19,597] Trial 4 finished with value: 0.55 and parameters: {'n_estimators': 100, 'max_depth': 5, 'gamma': 0.8834347783013348, 'subsample': 0.961374806972835, 'colsample_bytree': 0.5011071062662218}. Best is trial 1 with value: 0.6.
[I 2026-04-21 10:28:19,623] Trial 5 finished with value: 0.55 and parameters: {'n_estimators': 40, 'max_depth': 5, 'gamma': 0.5364379674896123, 'subsample': 0.5145557818363589, 'colsample_bytree': 0.5432628442011025}. Best is trial 1 with value: 0.6.
[I 2026-04-21 10:28:19,660] Trial 6 finished with value: 0.55 and parameters: {'n_estimators': 100, 'max_depth': 20, 'gamma': 0.6718205850237038, 'subsample': 0.9059511955902053, 'colsample_bytree': 0.9633413076219371}. Best is trial 1 with value: 0.6.
[I 2026-04-21 10:28:19,689] Trial 7 finished with value: 0.7 and parameters: {'n_estimators': 10, 'max_depth': 30, 'gamma': 0.8165284487704038, 'subsample': 0.5255714015506736, 'colsample_bytree': 0.594333867896554}. Best is trial 7 with value: 0.7.
[I 2026-04-21 10:28:19,726] Trial 8 finished with value: 0.5 and parameters: {'n_estimators': 100, 'max_depth': 20, 'gamma': 0.6251497693480509, 'subsample': 0.9696496759824258, 'colsample_bytree': 0.9717700410079397}. Best is trial 7 with value: 0.7.
[I 2026-04-21 10:28:19,754] Trial 9 finished with value: 0.55 and parameters: {'n_estimators': 40, 'max_depth': 30, 'gamma': 0.9649927737686168, 'subsample': 0.6857563076640036, 'colsample_bytree': 0.5061847058001788}. Best is trial 7 with value: 0.7.
[I 2026-04-21 10:28:19,796] Trial 10 finished with value: 0.6 and parameters: {'n_estimators': 10, 'max_depth': 30, 'gamma': 0.17962098877423716, 'subsample': 0.8185311023645913, 'colsample_bytree': 0.7898330861721071}. Best is trial 7 with value: 0.7.
[I 2026-04-21 10:28:19,834] Trial 11 finished with value: 0.55 and parameters: {'n_estimators': 10, 'max_depth': 30, 'gamma': 0.3599371982830902, 'subsample': 0.6388052294316233, 'colsample_bytree': 0.6815498556783907}. Best is trial 7 with value: 0.7.
[I 2026-04-21 10:28:19,883] Trial 12 finished with value: 0.6 and parameters: {'n_estimators': 100, 'max_depth': 30, 'gamma': 0.18613625008087603, 'subsample': 0.6399972147966745, 'colsample_bytree': 0.671152944439459}. Best is trial 7 with value: 0.7.
[I 2026-04-21 10:28:19,931] Trial 13 finished with value: 0.55 and parameters: {'n_estimators': 100, 'max_depth': 30, 'gamma': 0.41200615369190285, 'subsample': 0.8141939990252245, 'colsample_bytree': 0.5997312334480952}. Best is trial 7 with value: 0.7.
