[I 2026-04-21 10:37:54,309] Trial 20 finished with value: 0.55 and parameters: {'C': 0.0035266609790506193, 'penalty': 'l2'}. Best is trial 4 with value: 0.55.
[I 2026-04-21 10:37:54,339] Trial 21 finished with value: 0.55 and parameters: {'C': 0.051073693605310624, 'penalty': 'l2'}. Best is trial 4 with value: 0.55.
[I 2026-04-21 10:37:54,366] Trial 22 finished with value: 0.4 and parameters: {'C': 1.8928133703364114, 'penalty': 'l2'}. Best is trial 4 with value: 0.55.
[I 2026-04-21 10:37:54,382] Trial 23 finished with value: 0.55 and parameters: {'C': 0.005773406370664352, 'penalty': 'l2'}. Best is trial 4 with value: 0.55.
[I 2026-04-21 10:37:54,407] Trial 24 finished with value: 0.55 and parameters: {'C': 0.04285902389819361, 'penalty': 'l2'}. Best is trial 4 with value: 0.55.
[I 2026-04-21 10:37:54,437] Trial 25 finished with value: 0.4 and parameters: {'C': 1.2558168878965152, 'penalty': 'l2'}. Best is trial 4 with value: 0.55.
[I 2026-04-21 10:37:54,468] Trial 26 finished with value: 0.55 and parameters: {'C': 0.1211532389153778, 'penalty': 'l2'}. Best is trial 4 with value: 0.55.
[I 2026-04-21 10:37:54,488] Trial 27 finished with value: 0.55 and parameters: {'C': 0.025718263825065247, 'penalty': 'l2'}. Best is trial 4 with value: 0.55.
[I 2026-04-21 10:37:54,506] Trial 28 finished with value: 0.55 and parameters: {'C': 0.0048812321308609056, 'penalty': 'l2'}. Best is trial 4 with value: 0.55.
[I 2026-04-21 10:37:54,534] Trial 29 finished with value: 0.4 and parameters: {'C': 4.515394557525842, 'penalty': 'l2'}. Best is trial 4 with value: 0.55.
[I 2026-04-21 10:37:54,571] A new study created in memory with name: knn
[I 2026-04-21 10:37:54,585] Trial 0 finished with value: 0.55 and parameters: {'n_neighbors': 9, 'leaf_size': 40, 'p': 1}. Best is trial 0 with value: 0.55.
[I 2026-04-21 10:37:54,597] Trial 1 finished with value: 0.3 and parameters: {'n_neighbors': 4, 'leaf_size': 20, 'p': 1}. Best is trial 0 with value: 0.55.
[I 2026-04-21 10:37:54,610] Trial 2 finished with value: 0.55 and parameters: {'n_neighbors': 7, 'leaf_size': 30, 'p': 1}. Best is trial 0 with value: 0.55.
[I 2026-04-21 10:37:54,623] Trial 3 finished with value: 0.55 and parameters: {'n_neighbors': 9, 'leaf_size': 34, 'p': 1}. Best is trial 0 with value: 0.55.
[I 2026-04-21 10:37:54,636] Trial 4 finished with value: 0.35 and parameters: {'n_neighbors': 5, 'leaf_size': 40, 'p': 1}. Best is trial 0 with value: 0.55.
[I 2026-04-21 10:37:54,649] Trial 5 finished with value: 0.25 and parameters: {'n_neighbors': 3, 'leaf_size': 40, 'p': 2}. Best is trial 0 with value: 0.55.
[I 2026-04-21 10:37:54,661] Trial 6 finished with value: 0.25 and parameters: {'n_neighbors': 3, 'leaf_size': 24, 'p': 2}. Best is trial 0 with value: 0.55.
[I 2026-04-21 10:37:54,674] Trial 7 finished with value: 0.4 and parameters: {'n_neighbors': 5, 'leaf_size': 40, 'p': 2}. Best is trial 0 with value: 0.55.
[I 2026-04-21 10:37:54,686] Trial 8 finished with value: 0.3 and parameters: {'n_neighbors': 6, 'leaf_size': 36, 'p': 1}. Best is trial 0 with value: 0.55.
[I 2026-04-21 10:37:54,699] Trial 9 finished with value: 0.3 and parameters: {'n_neighbors': 6, 'leaf_size': 25, 'p': 1}. Best is trial 0 with value: 0.55.
[I 2026-04-21 10:37:54,724] Trial 10 finished with value: 0.5 and parameters: {'n_neighbors': 10, 'leaf_size': 32, 'p': 2}. Best is trial 0 with value: 0.55.
[I 2026-04-21 10:37:54,750] Trial 11 finished with value: 0.6 and parameters: {'n_neighbors': 8, 'leaf_size': 28, 'p': 1}. Best is trial 11 with value: 0.6.
[I 2026-04-21 10:37:54,774] Trial 12 finished with value: 0.6 and parameters: {'n_neighbors': 8, 'leaf_size': 28, 'p': 1}. Best is trial 11 with value: 0.6.
[I 2026-04-21 10:37:54,799] Trial 13 finished with value: 0.6 and parameters: {'n_neighbors': 8, 'leaf_size': 28, 'p': 1}. Best is trial 11 with value: 0.6.
[I 2026-04-21 10:37:54,824] Trial 14 finished with value: 0.6 and parameters: {'n_neighbors': 8, 'leaf_size': 27, 'p': 1}. Best is trial 11 with value: 0.6.
[I 2026-04-21 10:37:54,850] Trial 15 finished with value: 0.6 and parameters: {'n_neighbors': 8, 'leaf_size': 21, 'p': 1}. Best is trial 11 with value: 0.6.
[I 2026-04-21 10:37:54,875] Trial 16 finished with value: 0.55 and parameters: {'n_neighbors': 10, 'leaf_size': 30, 'p': 1}. Best is trial 11 with value: 0.6.
[I 2026-04-21 10:37:54,901] Trial 17 finished with value: 0.55 and parameters: {'n_neighbors': 7, 'leaf_size': 23, 'p': 1}. Best is trial 11 with value: 0.6.
[I 2026-04-21 10:37:54,926] Trial 18 finished with value: 0.6 and parameters: {'n_neighbors': 9, 'leaf_size': 27, 'p': 2}. Best is trial 11 with value: 0.6.
[I 2026-04-21 10:37:54,952] Trial 19 finished with value: 0.55 and parameters: {'n_neighbors': 7, 'leaf_size': 33, 'p': 1}. Best is trial 11 with value: 0.6.
[I 2026-04-21 10:37:54,978] Trial 20 finished with value: 0.6 and parameters: {'n_neighbors': 8, 'leaf_size': 29, 'p': 1}. Best is trial 11 with value: 0.6.
[I 2026-04-21 10:37:55,015] Trial 21 finished with value: 0.6 and parameters: {'n_neighbors': 8, 'leaf_size': 28, 'p': 1}. Best is trial 11 with value: 0.6.
[I 2026-04-21 10:37:55,042] Trial 22 finished with value: 0.55 and parameters: {'n_neighbors': 9, 'leaf_size': 26, 'p': 1}. Best is trial 11 with value: 0.6.
[I 2026-04-21 10:37:55,071] Trial 23 finished with value: 0.6 and parameters: {'n_neighbors': 8, 'leaf_size': 32, 'p': 1}. Best is trial 11 with value: 0.6.
[I 2026-04-21 10:37:55,099] Trial 24 finished with value: 0.55 and parameters: {'n_neighbors': 7, 'leaf_size': 23, 'p': 1}. Best is trial 11 with value: 0.6.
[I 2026-04-21 10:37:55,126] Trial 25 finished with value: 0.3 and parameters: {'n_neighbors': 6, 'leaf_size': 29, 'p': 1}. Best is trial 11 with value: 0.6.
[I 2026-04-21 10:37:55,149] Trial 26 finished with value: 0.5 and parameters: {'n_neighbors': 10, 'leaf_size': 26, 'p': 2}. Best is trial 11 with value: 0.6.
[I 2026-04-21 10:37:55,176] Trial 27 finished with value: 0.55 and parameters: {'n_neighbors': 9, 'leaf_size': 31, 'p': 1}. Best is trial 11 with value: 0.6.
[I 2026-04-21 10:37:55,202] Trial 28 finished with value: 0.6 and parameters: {'n_neighbors': 8, 'leaf_size': 35, 'p': 1}. Best is trial 11 with value: 0.6.
[I 2026-04-21 10:37:55,228] Trial 29 finished with value: 0.55 and parameters: {'n_neighbors': 7, 'leaf_size': 37, 'p': 1}. Best is trial 11 with value: 0.6.
[I 2026-04-21 10:37:55,270] A new study created in memory with name: xgb
[I 2026-04-21 10:37:55,295] Trial 0 finished with value: 0.5 and parameters: {'n_estimators': 40, 'max_depth': 5, 'gamma': 0.4874219364632415, 'subsample': 0.7011756800186824, 'colsample_bytree': 0.7613373356762848}. Best is trial 0 with value: 0.5.
[I 2026-04-21 10:37:55,320] Trial 1 finished with value: 0.4 and parameters: {'n_estimators': 40, 'max_depth': 5, 'gamma': 0.483482593428573, 'subsample': 0.6445375140090439, 'colsample_bytree': 0.9869276206002231}. Best is trial 0 with value: 0.5.
[I 2026-04-21 10:37:55,346] Trial 2 finished with value: 0.35 and parameters: {'n_estimators': 10, 'max_depth': 5, 'gamma': 0.16384856027517886, 'subsample': 0.6123849694840227, 'colsample_bytree': 0.6968174574718025}. Best is trial 0 with value: 0.5.
[I 2026-04-21 10:37:55,382] Trial 3 finished with value: 0.35 and parameters: {'n_estimators': 100, 'max_depth': 30, 'gamma': 0.7877441182293641, 'subsample': 0.9694019566553859, 'colsample_bytree': 0.6598448982335139}. Best is trial 0 with value: 0.5.
[I 2026-04-21 10:37:55,409] Trial 4 finished with value: 0.35 and parameters: {'n_estimators': 100, 'max_depth': 5, 'gamma': 0.816017102586079, 'subsample': 0.5160040782128984, 'colsample_bytree': 0.7277239110529665}. Best is trial 0 with value: 0.5.
[I 2026-04-21 10:37:55,437] Trial 5 finished with value: 0.45 and parameters: {'n_estimators': 40, 'max_depth': 20, 'gamma': 0.6643500821697236, 'subsample': 0.6076588997363731, 'colsample_bytree': 0.5754850538287481}. Best is trial 0 with value: 0.5.
[I 2026-04-21 10:37:55,476] Trial 6 finished with value: 0.45 and parameters: {'n_estimators': 100, 'max_depth': 20, 'gamma': 0.6361752212866232, 'subsample': 0.8309913561372338, 'colsample_bytree': 0.7552902276266351}. Best is trial 0 with value: 0.5.
[I 2026-04-21 10:37:55,504] Trial 7 finished with value: 0.45 and parameters: {'n_estimators': 10, 'max_depth': 5, 'gamma': 0.5767347850317142, 'subsample': 0.7995431264700696, 'colsample_bytree': 0.8604622333437917}. Best is trial 0 with value: 0.5.
[I 2026-04-21 10:37:55,531] Trial 8 finished with value: 0.35 and parameters: {'n_estimators': 100, 'max_depth': 20, 'gamma': 0.8470554948938058, 'subsample': 0.860339005739911, 'colsample_bytree': 0.9331308414408237}. Best is trial 0 with value: 0.5.
[I 2026-04-21 10:37:55,568] Trial 9 finished with value: 0.4 and parameters: {'n_estimators': 100, 'max_depth': 30, 'gamma': 0.574951454577921, 'subsample': 0.9696020680119358, 'colsample_bytree': 0.8616917074936369}. Best is trial 0 with value: 0.5.
[I 2026-04-21 10:37:55,612] Trial 10 finished with value: 0.55 and parameters: {'n_estimators': 40, 'max_depth': 5, 'gamma': 0.32359117507032664, 'subsample': 0.7187470692461426, 'colsample_bytree': 0.525322130410742}. Best is trial 10 with value: 0.55.
[I 2026-04-21 10:37:55,650] Trial 11 finished with value: 0.55 and parameters: {'n_estimators': 40, 'max_depth': 5, 'gamma': 0.35063715305191356, 'subsample': 0.7084332303740307, 'colsample_bytree': 0.5003523336159669}. Best is trial 10 with value: 0.55.
[I 2026-04-21 10:37:55,688] Trial 12 finished with value: 0.6 and parameters: {'n_estimators': 40, 'max_depth': 5, 'gamma': 0.26524802753472615, 'subsample': 0.7224589667287764, 'colsample_bytree': 0.5012074266873533}. Best is trial 12 with value: 0.6.
[I 2026-04-21 10:37:55,727] Trial 13 finished with value: 0.45 and parameters: {'n_estimators': 40, 'max_depth': 5, 'gamma': 0.20718752909431074, 'subsample': 0.75244602464453, 'colsample_bytree': 0.5014960584623365}. Best is trial 12 with value: 0.6.
[I 2026-04-21 10:37:55,763] Trial 14 finished with value: 0.45 and parameters: {'n_estimators': 40, 'max_depth': 30, 'gamma': 0.3257877328839425, 'subsample': 0.8847665400527953, 'colsample_bytree': 0.6039790572080335}. Best is trial 12 with value: 0.6.
[I 2026-04-21 10:37:55,802] Trial 15 finished with value: 0.45 and parameters: {'n_estimators': 40, 'max_depth': 5, 'gamma': 0.35460673407870136, 'subsample': 0.7712638881708254, 'colsample_bytree': 0.588636158114704}. Best is trial 12 with value: 0.6.
[I 2026-04-21 10:37:55,840] Trial 16 finished with value: 0.5 and parameters: {'n_estimators': 40, 'max_depth': 5, 'gamma': 0.2288725537902798, 'subsample': 0.6917739006178542, 'colsample_bytree': 0.5531451529188688}. Best is trial 12 with value: 0.6.
[I 2026-04-21 10:37:55,878] Trial 17 finished with value: 0.35 and parameters: {'n_estimators': 10, 'max_depth': 5, 'gamma': 0.28548034505132563, 'subsample': 0.5538536940839782, 'colsample_bytree': 0.647631106118719}. Best is trial 12 with value: 0.6.
[I 2026-04-21 10:37:55,916] Trial 18 finished with value: 0.35 and parameters: {'n_estimators': 40, 'max_depth': 30, 'gamma': 0.11315816180845656, 'subsample': 0.905124069420518, 'colsample_bytree': 0.533729507503144}. Best is trial 12 with value: 0.6.
[I 2026-04-21 10:37:55,956] Trial 19 finished with value: 0.5 and parameters: {'n_estimators': 40, 'max_depth': 20, 'gamma': 0.4375267571841108, 'subsample': 0.6556637125251896, 'colsample_bytree': 0.6319725061725031}. Best is trial 12 with value: 0.6.
[I 2026-04-21 10:37:55,987] Trial 20 finished with value: 0.45 and parameters: {'n_estimators': 10, 'max_depth': 5, 'gamma': 0.400387908210917, 'subsample': 0.7344020899018615, 'colsample_bytree': 0.541440627914123}. Best is trial 12 with value: 0.6.
[I 2026-04-21 10:37:56,026] Trial 21 finished with value: 0.6 and parameters: {'n_estimators': 40, 'max_depth': 5, 'gamma': 0.2575613550262264, 'subsample': 0.7199377178026422, 'colsample_bytree': 0.500611799344389}. Best is trial 12 with value: 0.6.
[I 2026-04-21 10:37:56,064] Trial 22 finished with value: 0.45 and parameters: {'n_estimators': 40, 'max_depth': 5, 'gamma': 0.25983793064396615, 'subsample': 0.7969155483557883, 'colsample_bytree': 0.5039547118765745}. Best is trial 12 with value: 0.6.
[I 2026-04-21 10:37:56,100] Trial 23 finished with value: 0.45 and parameters: {'n_estimators': 40, 'max_depth': 5, 'gamma': 0.9953182577057711, 'subsample': 0.6638324986619643, 'colsample_bytree': 0.6057618914687155}. Best is trial 12 with value: 0.6.
[I 2026-04-21 10:37:56,139] Trial 24 finished with value: 0.5 and parameters: {'n_estimators': 40, 'max_depth': 5, 'gamma': 0.15129640262162908, 'subsample': 0.7360454805974354, 'colsample_bytree': 0.5498843746743354}. Best is trial 12 with value: 0.6.
[I 2026-04-21 10:37:56,177] Trial 25 finished with value: 0.45 and parameters: {'n_estimators': 40, 'max_depth': 5, 'gamma': 0.26927010248524114, 'subsample': 0.6031078377436216, 'colsample_bytree': 0.7941267046635376}. Best is trial 12 with value: 0.6.
[I 2026-04-21 10:37:56,216] Trial 26 finished with value: 0.45 and parameters: {'n_estimators': 40, 'max_depth': 5, 'gamma': 0.4038056340060817, 'subsample': 0.7840492671790863, 'colsample_bytree': 0.6766961254651922}. Best is trial 12 with value: 0.6.
[I 2026-04-21 10:37:56,257] Trial 27 finished with value: 0.45 and parameters: {'n_estimators': 40, 'max_depth': 5, 'gamma': 0.1111210248260171, 'subsample': 0.6835283897357984, 'colsample_bytree': 0.5815108192347694}. Best is trial 12 with value: 0.6.
[I 2026-04-21 10:37:56,298] Trial 28 finished with value: 0.4 and parameters: {'n_estimators': 10, 'max_depth': 20, 'gamma': 0.20357779908605872, 'subsample': 0.8296572670901198, 'colsample_bytree': 0.5392184142250163}. Best is trial 12 with value: 0.6.
[I 2026-04-21 10:37:56,337] Trial 29 finished with value: 0.45 and parameters: {'n_estimators': 40, 'max_depth': 30, 'gamma': 0.4963790864086352, 'subsample': 0.707803047200983, 'colsample_bytree': 0.790465766610629}. Best is trial 12 with value: 0.6.
[I 2026-04-21 10:37:56,439] A new study created in memory with name: rf
[I 2026-04-21 10:37:56,906] Trial 0 finished with value: 0.6 and parameters: {'n_estimators': 450, 'max_depth': 20, 'min_samples_split': 9, 'min_samples_leaf': 6}. Best is trial 0 with value: 0.6.
[I 2026-04-21 10:37:57,142] Trial 1 finished with value: 0.4 and parameters: {'n_estimators': 193, 'max_depth': 3, 'min_samples_split': 5, 'min_samples_leaf': 5}. Best is trial 0 with value: 0.6.
[I 2026-04-21 10:37:57,481] Trial 2 finished with value: 0.55 and parameters: {'n_estimators': 309, 'max_depth': 11, 'min_samples_split': 6, 'min_samples_leaf': 6}. Best is trial 0 with value: 0.6.
[I 2026-04-21 10:37:57,934] Trial 3 finished with value: 0.45 and parameters: {'n_estimators': 405, 'max_depth': 15, 'min_samples_split': 7, 'min_samples_leaf': 5}. Best is trial 0 with value: 0.6.
[I 2026-04-21 10:37:58,222] Trial 4 finished with value: 0.35 and parameters: {'n_estimators': 215, 'max_depth': 20, 'min_samples_split': 5, 'min_samples_leaf': 3}. Best is trial 0 with value: 0.6.
[I 2026-04-21 10:37:58,400] Trial 5 finished with value: 0.45 and parameters: {'n_estimators': 126, 'max_depth': 20, 'min_samples_split': 3, 'min_samples_leaf': 4}. Best is trial 0 with value: 0.6.
[I 2026-04-21 10:37:58,588] Trial 6 finished with value: 0.5 and parameters: {'n_estimators': 128, 'max_depth': 7, 'min_samples_split': 5, 'min_samples_leaf': 9}. Best is trial 0 with value: 0.6.
[I 2026-04-21 10:37:58,858] Trial 7 finished with value: 0.35 and parameters: {'n_estimators': 238, 'max_depth': 20, 'min_samples_split': 2, 'min_samples_leaf': 4}. Best is trial 0 with value: 0.6.
[I 2026-04-21 10:37:59,158] Trial 8 finished with value: 0.4 and parameters: {'n_estimators': 252, 'max_depth': 16, 'min_samples_split': 10, 'min_samples_leaf': 4}. Best is trial 0 with value: 0.6.
[I 2026-04-21 10:37:59,498] Trial 9 finished with value: 0.5 and parameters: {'n_estimators': 273, 'max_depth': 7, 'min_samples_split': 9, 'min_samples_leaf': 7}. Best is trial 0 with value: 0.6.
[I 2026-04-21 10:38:00,033] Trial 10 finished with value: 0.5 and parameters: {'n_estimators': 498, 'max_depth': 15, 'min_samples_split': 8, 'min_samples_leaf': 10}. Best is trial 0 with value: 0.6.
[I 2026-04-21 10:38:00,476] Trial 11 finished with value: 0.4 and parameters: {'n_estimators': 363, 'max_depth': 11, 'min_samples_split': 7, 'min_samples_leaf': 1}. Best is trial 0 with value: 0.6.
[I 2026-04-21 10:38:00,897] Trial 12 finished with value: 0.5 and parameters: {'n_estimators': 351, 'max_depth': 10, 'min_samples_split': 10, 'min_samples_leaf': 7}. Best is trial 0 with value: 0.6.
[I 2026-04-21 10:38:01,400] Trial 13 finished with value: 0.5 and parameters: {'n_estimators': 489, 'max_depth': 13, 'min_samples_split': 7, 'min_samples_leaf': 7}. Best is trial 0 with value: 0.6.
[I 2026-04-21 10:38:01,928] Trial 14 finished with value: 0.5 and parameters: {'n_estimators': 433, 'max_depth': 8, 'min_samples_split': 4, 'min_samples_leaf': 8}. Best is trial 0 with value: 0.6.
[I 2026-04-21 10:38:02,325] Trial 15 finished with value: 0.4 and parameters: {'n_estimators': 317, 'max_depth': 17, 'min_samples_split': 8, 'min_samples_leaf': 6}. Best is trial 0 with value: 0.6.
[I 2026-04-21 10:38:02,838] Trial 16 finished with value: 0.3 and parameters: {'n_estimators': 429, 'max_depth': 13, 'min_samples_split': 6, 'min_samples_leaf': 2}. Best is trial 0 with value: 0.6.
[I 2026-04-21 10:38:03,219] Trial 17 finished with value: 0.35 and parameters: {'n_estimators': 301, 'max_depth': 5, 'min_samples_split': 9, 'min_samples_leaf': 6}. Best is trial 0 with value: 0.6.
[I 2026-04-21 10:38:03,664] Trial 18 finished with value: 0.5 and parameters: {'n_estimators': 369, 'max_depth': 9, 'min_samples_split': 6, 'min_samples_leaf': 8}. Best is trial 0 with value: 0.6.
[I 2026-04-21 10:38:04,202] Trial 19 finished with value: 0.5 and parameters: {'n_estimators': 453, 'max_depth': 18, 'min_samples_split': 8, 'min_samples_leaf': 10}. Best is trial 0 with value: 0.6.
[I 2026-04-21 10:38:04,427] Trial 20 finished with value: 0.5 and parameters: {'n_estimators': 161, 'max_depth': 13, 'min_samples_split': 4, 'min_samples_leaf': 8}. Best is trial 0 with value: 0.6.
[I 2026-04-21 10:38:04,638] Trial 21 finished with value: 0.5 and parameters: {'n_estimators': 150, 'max_depth': 7, 'min_samples_split': 5, 'min_samples_leaf': 9}. Best is trial 0 with value: 0.6.
[I 2026-04-21 10:38:05,053] Trial 22 finished with value: 0.5 and parameters: {'n_estimators': 334, 'max_depth': 5, 'min_samples_split': 4, 'min_samples_leaf': 9}. Best is trial 0 with value: 0.6.
[I 2026-04-21 10:38:05,247] Trial 23 finished with value: 0.4 and parameters: {'n_estimators': 103, 'max_depth': 12, 'min_samples_split': 6, 'min_samples_leaf': 6}. Best is trial 0 with value: 0.6.
[I 2026-04-21 10:38:05,674] Trial 24 finished with value: 0.5 and parameters: {'n_estimators': 385, 'max_depth': 10, 'min_samples_split': 5, 'min_samples_leaf': 9}. Best is trial 0 with value: 0.6.
[I 2026-04-21 10:38:06,040] Trial 25 finished with value: 0.5 and parameters: {'n_estimators': 279, 'max_depth': 6, 'min_samples_split': 6, 'min_samples_leaf': 5}. Best is trial 0 with value: 0.6.
[I 2026-04-21 10:38:06,256] Trial 26 finished with value: 0.5 and parameters: {'n_estimators': 188, 'max_depth': 3, 'min_samples_split': 7, 'min_samples_leaf': 7}. Best is trial 0 with value: 0.6.
[I 2026-04-21 10:38:06,746] Trial 27 finished with value: 0.25 and parameters: {'n_estimators': 462, 'max_depth': 9, 'min_samples_split': 3, 'min_samples_leaf': 3}. Best is trial 0 with value: 0.6.
[I 2026-04-21 10:38:07,211] Trial 28 finished with value: 0.5 and parameters: {'n_estimators': 409, 'max_depth': 18, 'min_samples_split': 9, 'min_samples_leaf': 8}. Best is trial 0 with value: 0.6.
[I 2026-04-21 10:38:07,487] Trial 29 finished with value: 0.35 and parameters: {'n_estimators': 197, 'max_depth': 3, 'min_samples_split': 6, 'min_samples_leaf': 6}. Best is trial 0 with value: 0.6.
[I 2026-04-21 10:38:08,472] A new study created in memory with name: mlp
[I 2026-04-21 10:38:08,528] Trial 0 finished with value: 0.35 and parameters: {'hidden_layer_sizes': (200,), 'max_iter': 50, 'alpha': 0.001}. Best is trial 0 with value: 0.35.
[I 2026-04-21 10:38:08,585] Trial 1 finished with value: 0.45 and parameters: {'hidden_layer_sizes': (200,), 'max_iter': 50, 'alpha': 0.0001}. Best is trial 1 with value: 0.45.
[I 2026-04-21 10:38:08,621] Trial 2 finished with value: 0.4 and parameters: {'hidden_layer_sizes': (100,), 'max_iter': 50, 'alpha': 0.0001}. Best is trial 1 with value: 0.45.
[I 2026-04-21 10:38:08,679] Trial 3 finished with value: 0.4 and parameters: {'hidden_layer_sizes': (100,), 'max_iter': 100, 'alpha': 0.001}. Best is trial 1 with value: 0.45.
[I 2026-04-21 10:38:08,756] Trial 4 finished with value: 0.35 and parameters: {'hidden_layer_sizes': (200,), 'max_iter': 100, 'alpha': 0.001}. Best is trial 1 with value: 0.45.
[I 2026-04-21 10:38:08,802] Trial 5 finished with value: 0.45 and parameters: {'hidden_layer_sizes': (200,), 'max_iter': 50, 'alpha': 0.001}. Best is trial 1 with value: 0.45.
[I 2026-04-21 10:38:08,858] Trial 6 finished with value: 0.35 and parameters: {'hidden_layer_sizes': (100,), 'max_iter': 100, 'alpha': 0.0001}. Best is trial 1 with value: 0.45.
[I 2026-04-21 10:38:08,904] Trial 7 finished with value: 0.45 and parameters: {'hidden_layer_sizes': (100, 100), 'max_iter': 50, 'alpha': 0.0001}. Best is trial 1 with value: 0.45.
[I 2026-04-21 10:38:08,972] Trial 8 finished with value: 0.4 and parameters: {'hidden_layer_sizes': (100, 100), 'max_iter': 100, 'alpha': 0.0001}. Best is trial 1 with value: 0.45.
[I 2026-04-21 10:38:09,020] Trial 9 finished with value: 0.5 and parameters: {'hidden_layer_sizes': (100,), 'max_iter': 50, 'alpha': 0.001}. Best is trial 9 with value: 0.5.
