[I 2026-04-21 10:26:47,279] Trial 6 finished with value: 0.8 and parameters: {'n_estimators': 100, 'max_depth': 20, 'gamma': 0.6718205850237038, 'subsample': 0.9059511955902053, 'colsample_bytree': 0.9633413076219371}. Best is trial 1 with value: 0.8.
[I 2026-04-21 10:26:47,307] Trial 7 finished with value: 0.6 and parameters: {'n_estimators': 10, 'max_depth': 30, 'gamma': 0.8165284487704038, 'subsample': 0.5255714015506736, 'colsample_bytree': 0.594333867896554}. Best is trial 1 with value: 0.8.
[I 2026-04-21 10:26:47,345] Trial 8 finished with value: 0.8 and parameters: {'n_estimators': 100, 'max_depth': 20, 'gamma': 0.6251497693480509, 'subsample': 0.9696496759824258, 'colsample_bytree': 0.9717700410079397}. Best is trial 1 with value: 0.8.
[I 2026-04-21 10:26:47,373] Trial 9 finished with value: 0.8 and parameters: {'n_estimators': 40, 'max_depth': 30, 'gamma': 0.9649927737686168, 'subsample': 0.6857563076640036, 'colsample_bytree': 0.5061847058001788}. Best is trial 1 with value: 0.8.
[I 2026-04-21 10:26:47,420] Trial 10 finished with value: 0.75 and parameters: {'n_estimators': 100, 'max_depth': 30, 'gamma': 0.14652420766939808, 'subsample': 0.7882149445367822, 'colsample_bytree': 0.774073623852926}. Best is trial 1 with value: 0.8.
[I 2026-04-21 10:26:47,473] Trial 11 finished with value: 0.8 and parameters: {'n_estimators': 100, 'max_depth': 5, 'gamma': 0.3599371982830902, 'subsample': 0.8474986553720296, 'colsample_bytree': 0.6815498556783907}. Best is trial 1 with value: 0.8.
[I 2026-04-21 10:26:47,522] Trial 12 finished with value: 0.8 and parameters: {'n_estimators': 100, 'max_depth': 5, 'gamma': 0.18613625008087603, 'subsample': 0.6726644249254942, 'colsample_bytree': 0.6810870975576835}. Best is trial 1 with value: 0.8.
[I 2026-04-21 10:26:47,573] Trial 13 finished with value: 0.8 and parameters: {'n_estimators': 100, 'max_depth': 30, 'gamma': 0.3552667583114842, 'subsample': 0.9982710370462082, 'colsample_bytree': 0.8207860924838358}. Best is trial 1 with value: 0.8.
[I 2026-04-21 10:26:47,624] Trial 14 finished with value: 0.8 and parameters: {'n_estimators': 100, 'max_depth': 5, 'gamma': 0.9877599639169764, 'subsample': 0.6592169147512574, 'colsample_bytree': 0.6149672516870792}. Best is trial 1 with value: 0.8.
[I 2026-04-21 10:26:47,674] Trial 15 finished with value: 0.8 and parameters: {'n_estimators': 100, 'max_depth': 30, 'gamma': 0.524956421150273, 'subsample': 0.8244208993499721, 'colsample_bytree': 0.8607612648077713}. Best is trial 1 with value: 0.8.
[I 2026-04-21 10:26:47,720] Trial 16 finished with value: 0.8 and parameters: {'n_estimators': 100, 'max_depth': 5, 'gamma': 0.28348273058911083, 'subsample': 0.9035644116365327, 'colsample_bytree': 0.500241521465914}. Best is trial 1 with value: 0.8.
[I 2026-04-21 10:26:47,768] Trial 17 finished with value: 0.8 and parameters: {'n_estimators': 100, 'max_depth': 30, 'gamma': 0.43900413862607296, 'subsample': 0.7198544311435996, 'colsample_bytree': 0.7109611479294711}. Best is trial 1 with value: 0.8.
[I 2026-04-21 10:26:47,806] Trial 18 finished with value: 0.7 and parameters: {'n_estimators': 40, 'max_depth': 5, 'gamma': 0.26212330871744616, 'subsample': 0.6053894608528367, 'colsample_bytree': 0.5571177111154407}. Best is trial 1 with value: 0.8.
[I 2026-04-21 10:26:47,848] Trial 19 finished with value: 0.8 and parameters: {'n_estimators': 10, 'max_depth': 20, 'gamma': 0.6703462707759237, 'subsample': 0.8992799845596695, 'colsample_bytree': 0.9003852468330709}. Best is trial 1 with value: 0.8.
[I 2026-04-21 10:26:47,886] Trial 20 finished with value: 0.85 and parameters: {'n_estimators': 100, 'max_depth': 30, 'gamma': 0.45877778302962907, 'subsample': 0.629446744732636, 'colsample_bytree': 0.7195618131217509}. Best is trial 20 with value: 0.85.
[I 2026-04-21 10:26:47,936] Trial 21 finished with value: 0.8 and parameters: {'n_estimators': 100, 'max_depth': 30, 'gamma': 0.470763608282585, 'subsample': 0.7279071583674278, 'colsample_bytree': 0.7277388800367351}. Best is trial 20 with value: 0.85.
[I 2026-04-21 10:26:47,986] Trial 22 finished with value: 0.85 and parameters: {'n_estimators': 100, 'max_depth': 30, 'gamma': 0.2860175407631561, 'subsample': 0.6253526295587105, 'colsample_bytree': 0.6554304664934572}. Best is trial 20 with value: 0.85.
[I 2026-04-21 10:26:48,036] Trial 23 finished with value: 0.8 and parameters: {'n_estimators': 100, 'max_depth': 30, 'gamma': 0.3143640470319319, 'subsample': 0.6179222710880162, 'colsample_bytree': 0.6635510927882494}. Best is trial 20 with value: 0.85.
[I 2026-04-21 10:26:48,085] Trial 24 finished with value: 0.7 and parameters: {'n_estimators': 100, 'max_depth': 30, 'gamma': 0.2135295616225655, 'subsample': 0.6057308648357153, 'colsample_bytree': 0.6336748547704657}. Best is trial 20 with value: 0.85.
[I 2026-04-21 10:26:48,136] Trial 25 finished with value: 0.8 and parameters: {'n_estimators': 100, 'max_depth': 30, 'gamma': 0.10419992365893271, 'subsample': 0.6540534781535128, 'colsample_bytree': 0.7431393128396875}. Best is trial 20 with value: 0.85.
[I 2026-04-21 10:26:48,186] Trial 26 finished with value: 0.7 and parameters: {'n_estimators': 100, 'max_depth': 30, 'gamma': 0.45919469152689657, 'subsample': 0.5580587618377302, 'colsample_bytree': 0.7016702726071706}. Best is trial 20 with value: 0.85.
[I 2026-04-21 10:26:48,231] Trial 27 finished with value: 0.8 and parameters: {'n_estimators': 40, 'max_depth': 30, 'gamma': 0.6069529065721737, 'subsample': 0.704185692616839, 'colsample_bytree': 0.7795831872976553}. Best is trial 20 with value: 0.85.
[I 2026-04-21 10:26:48,264] Trial 28 finished with value: 0.8 and parameters: {'n_estimators': 10, 'max_depth': 30, 'gamma': 0.23870666614860453, 'subsample': 0.6402868215942151, 'colsample_bytree': 0.6310976717101332}. Best is trial 20 with value: 0.85.
[I 2026-04-21 10:26:48,307] Trial 29 finished with value: 0.75 and parameters: {'n_estimators': 100, 'max_depth': 30, 'gamma': 0.4175118611804767, 'subsample': 0.7420020901325219, 'colsample_bytree': 0.6544917722609221}. Best is trial 20 with value: 0.85.
[I 2026-04-21 10:26:48,422] A new study created in memory with name: rf
[I 2026-04-21 10:26:48,638] Trial 0 finished with value: 0.5 and parameters: {'n_estimators': 189, 'max_depth': 18, 'min_samples_split': 3, 'min_samples_leaf': 10}. Best is trial 0 with value: 0.5.
[I 2026-04-21 10:26:48,986] Trial 1 finished with value: 0.7 and parameters: {'n_estimators': 295, 'max_depth': 14, 'min_samples_split': 8, 'min_samples_leaf': 6}. Best is trial 1 with value: 0.7.
[I 2026-04-21 10:26:49,242] Trial 2 finished with value: 0.5 and parameters: {'n_estimators': 219, 'max_depth': 6, 'min_samples_split': 2, 'min_samples_leaf': 8}. Best is trial 1 with value: 0.7.
[I 2026-04-21 10:26:49,592] Trial 3 finished with value: 0.75 and parameters: {'n_estimators': 276, 'max_depth': 5, 'min_samples_split': 9, 'min_samples_leaf': 3}. Best is trial 3 with value: 0.75.
[I 2026-04-21 10:26:49,879] Trial 4 finished with value: 0.65 and parameters: {'n_estimators': 266, 'max_depth': 8, 'min_samples_split': 7, 'min_samples_leaf': 6}. Best is trial 3 with value: 0.75.
[I 2026-04-21 10:26:50,278] Trial 5 finished with value: 0.75 and parameters: {'n_estimators': 340, 'max_depth': 7, 'min_samples_split': 4, 'min_samples_leaf': 3}. Best is trial 3 with value: 0.75.
[I 2026-04-21 10:26:50,555] Trial 6 finished with value: 0.5 and parameters: {'n_estimators': 231, 'max_depth': 5, 'min_samples_split': 3, 'min_samples_leaf': 10}. Best is trial 3 with value: 0.75.
[I 2026-04-21 10:26:51,106] Trial 7 finished with value: 0.75 and parameters: {'n_estimators': 485, 'max_depth': 6, 'min_samples_split': 2, 'min_samples_leaf': 3}. Best is trial 3 with value: 0.75.
[I 2026-04-21 10:26:51,529] Trial 8 finished with value: 0.7 and parameters: {'n_estimators': 380, 'max_depth': 17, 'min_samples_split': 2, 'min_samples_leaf': 6}. Best is trial 3 with value: 0.75.
[I 2026-04-21 10:26:51,686] Trial 9 finished with value: 0.5 and parameters: {'n_estimators': 100, 'max_depth': 12, 'min_samples_split': 7, 'min_samples_leaf': 10}. Best is trial 3 with value: 0.75.
[I 2026-04-21 10:26:52,209] Trial 10 finished with value: 0.75 and parameters: {'n_estimators': 446, 'max_depth': 3, 'min_samples_split': 10, 'min_samples_leaf': 2}. Best is trial 3 with value: 0.75.
[I 2026-04-21 10:26:52,628] Trial 11 finished with value: 0.75 and parameters: {'n_estimators': 364, 'max_depth': 9, 'min_samples_split': 10, 'min_samples_leaf': 4}. Best is trial 3 with value: 0.75.
[I 2026-04-21 10:26:53,046] Trial 12 finished with value: 0.7 and parameters: {'n_estimators': 379, 'max_depth': 10, 'min_samples_split': 5, 'min_samples_leaf': 1}. Best is trial 3 with value: 0.75.
[I 2026-04-21 10:26:53,447] Trial 13 finished with value: 0.75 and parameters: {'n_estimators': 321, 'max_depth': 4, 'min_samples_split': 5, 'min_samples_leaf': 4}. Best is trial 3 with value: 0.75.
[I 2026-04-21 10:26:53,692] Trial 14 finished with value: 0.7 and parameters: {'n_estimators': 173, 'max_depth': 7, 'min_samples_split': 5, 'min_samples_leaf': 1}. Best is trial 3 with value: 0.75.
[I 2026-04-21 10:26:54,108] Trial 15 finished with value: 0.75 and parameters: {'n_estimators': 334, 'max_depth': 12, 'min_samples_split': 9, 'min_samples_leaf': 4}. Best is trial 3 with value: 0.75.
[I 2026-04-21 10:26:54,594] Trial 16 finished with value: 0.75 and parameters: {'n_estimators': 419, 'max_depth': 10, 'min_samples_split': 4, 'min_samples_leaf': 3}. Best is trial 3 with value: 0.75.
[I 2026-04-21 10:26:54,939] Trial 17 finished with value: 0.75 and parameters: {'n_estimators': 276, 'max_depth': 3, 'min_samples_split': 7, 'min_samples_leaf': 2}. Best is trial 3 with value: 0.75.
[I 2026-04-21 10:26:55,085] Trial 18 finished with value: 0.75 and parameters: {'n_estimators': 110, 'max_depth': 15, 'min_samples_split': 6, 'min_samples_leaf': 5}. Best is trial 3 with value: 0.75.
[I 2026-04-21 10:26:55,402] Trial 19 finished with value: 0.5 and parameters: {'n_estimators': 249, 'max_depth': 8, 'min_samples_split': 9, 'min_samples_leaf': 8}. Best is trial 3 with value: 0.75.
[I 2026-04-21 10:26:55,812] Trial 20 finished with value: 0.75 and parameters: {'n_estimators': 323, 'max_depth': 6, 'min_samples_split': 4, 'min_samples_leaf': 2}. Best is trial 3 with value: 0.75.
[I 2026-04-21 10:26:56,359] Trial 21 finished with value: 0.75 and parameters: {'n_estimators': 498, 'max_depth': 5, 'min_samples_split': 3, 'min_samples_leaf': 3}. Best is trial 3 with value: 0.75.
[I 2026-04-21 10:26:56,917] Trial 22 finished with value: 0.7 and parameters: {'n_estimators': 494, 'max_depth': 20, 'min_samples_split': 4, 'min_samples_leaf': 3}. Best is trial 3 with value: 0.75.
[I 2026-04-21 10:26:57,434] Trial 23 finished with value: 0.75 and parameters: {'n_estimators': 426, 'max_depth': 7, 'min_samples_split': 2, 'min_samples_leaf': 5}. Best is trial 3 with value: 0.75.
[I 2026-04-21 10:26:57,663] Trial 24 finished with value: 0.75 and parameters: {'n_estimators': 152, 'max_depth': 5, 'min_samples_split': 6, 'min_samples_leaf': 3}. Best is trial 3 with value: 0.75.
[I 2026-04-21 10:26:58,190] Trial 25 finished with value: 0.7 and parameters: {'n_estimators': 445, 'max_depth': 10, 'min_samples_split': 3, 'min_samples_leaf': 1}. Best is trial 3 with value: 0.75.
[I 2026-04-21 10:26:58,620] Trial 26 finished with value: 0.75 and parameters: {'n_estimators': 352, 'max_depth': 7, 'min_samples_split': 8, 'min_samples_leaf': 4}. Best is trial 3 with value: 0.75.
[I 2026-04-21 10:26:58,986] Trial 27 finished with value: 0.75 and parameters: {'n_estimators': 297, 'max_depth': 4, 'min_samples_split': 4, 'min_samples_leaf': 2}. Best is trial 3 with value: 0.75.
[I 2026-04-21 10:26:59,499] Trial 28 finished with value: 0.75 and parameters: {'n_estimators': 409, 'max_depth': 9, 'min_samples_split': 6, 'min_samples_leaf': 5}. Best is trial 3 with value: 0.75.
[I 2026-04-21 10:26:59,787] Trial 29 finished with value: 0.75 and parameters: {'n_estimators': 197, 'max_depth': 6, 'min_samples_split': 2, 'min_samples_leaf': 3}. Best is trial 3 with value: 0.75.
[I 2026-04-21 10:27:00,441] A new study created in memory with name: mlp
[I 2026-04-21 10:27:00,485] Trial 0 finished with value: 0.55 and parameters: {'hidden_layer_sizes': (200,), 'max_iter': 50, 'alpha': 0.001}. Best is trial 0 with value: 0.55.
[I 2026-04-21 10:27:00,541] Trial 1 finished with value: 0.4 and parameters: {'hidden_layer_sizes': (100,), 'max_iter': 100, 'alpha': 0.0001}. Best is trial 0 with value: 0.55.
[I 2026-04-21 10:27:00,606] Trial 2 finished with value: 0.4 and parameters: {'hidden_layer_sizes': (100,), 'max_iter': 100, 'alpha': 0.001}. Best is trial 0 with value: 0.55.
[I 2026-04-21 10:27:00,652] Trial 3 finished with value: 0.4 and parameters: {'hidden_layer_sizes': (200,), 'max_iter': 50, 'alpha': 0.001}. Best is trial 0 with value: 0.55.
[I 2026-04-21 10:27:00,708] Trial 4 finished with value: 0.45 and parameters: {'hidden_layer_sizes': (100,), 'max_iter': 100, 'alpha': 0.0001}. Best is trial 0 with value: 0.55.
[I 2026-04-21 10:27:00,773] Trial 5 finished with value: 0.45 and parameters: {'hidden_layer_sizes': (100,), 'max_iter': 100, 'alpha': 0.001}. Best is trial 0 with value: 0.55.
[I 2026-04-21 10:27:00,840] Trial 6 finished with value: 0.5 and parameters: {'hidden_layer_sizes': (200,), 'max_iter': 100, 'alpha': 0.001}. Best is trial 0 with value: 0.55.
[I 2026-04-21 10:27:00,896] Trial 7 finished with value: 0.45 and parameters: {'hidden_layer_sizes': (200,), 'max_iter': 100, 'alpha': 0.001}. Best is trial 0 with value: 0.55.
[I 2026-04-21 10:27:00,953] Trial 8 finished with value: 0.45 and parameters: {'hidden_layer_sizes': (100,), 'max_iter': 100, 'alpha': 0.001}. Best is trial 0 with value: 0.55.
[I 2026-04-21 10:27:00,999] Trial 9 finished with value: 0.45 and parameters: {'hidden_layer_sizes': (100,), 'max_iter': 50, 'alpha': 0.001}. Best is trial 0 with value: 0.55.
[I 2026-04-21 10:27:01,057] Trial 10 finished with value: 0.45 and parameters: {'hidden_layer_sizes': (100, 100), 'max_iter': 50, 'alpha': 0.0001}. Best is trial 0 with value: 0.55.
[I 2026-04-21 10:27:01,105] Trial 11 finished with value: 0.45 and parameters: {'hidden_layer_sizes': (200,), 'max_iter': 50, 'alpha': 0.001}. Best is trial 0 with value: 0.55.
[I 2026-04-21 10:27:01,173] Trial 12 finished with value: 0.5 and parameters: {'hidden_layer_sizes': (200,), 'max_iter': 50, 'alpha': 0.001}. Best is trial 0 with value: 0.55.
[I 2026-04-21 10:27:01,222] Trial 13 finished with value: 0.45 and parameters: {'hidden_layer_sizes': (200,), 'max_iter': 50, 'alpha': 0.001}. Best is trial 0 with value: 0.55.
[I 2026-04-21 10:27:01,292] Trial 14 finished with value: 0.5 and parameters: {'hidden_layer_sizes': (100, 100), 'max_iter': 100, 'alpha': 0.0001}. Best is trial 0 with value: 0.55.
[I 2026-04-21 10:27:01,356] Trial 15 finished with value: 0.45 and parameters: {'hidden_layer_sizes': (200,), 'max_iter': 50, 'alpha': 0.001}. Best is trial 0 with value: 0.55.
[I 2026-04-21 10:27:01,415] Trial 16 finished with value: 0.45 and parameters: {'hidden_layer_sizes': (200,), 'max_iter': 100, 'alpha': 0.001}. Best is trial 0 with value: 0.55.
[I 2026-04-21 10:27:01,471] Trial 17 finished with value: 0.6 and parameters: {'hidden_layer_sizes': (200,), 'max_iter': 50, 'alpha': 0.001}. Best is trial 17 with value: 0.6.
[I 2026-04-21 10:27:01,526] Trial 18 finished with value: 0.35 and parameters: {'hidden_layer_sizes': (100, 100), 'max_iter': 50, 'alpha': 0.0001}. Best is trial 17 with value: 0.6.
[I 2026-04-21 10:27:01,580] Trial 19 finished with value: 0.5 and parameters: {'hidden_layer_sizes': (200,), 'max_iter': 50, 'alpha': 0.001}. Best is trial 17 with value: 0.6.
[I 2026-04-21 10:27:01,639] Trial 20 finished with value: 0.45 and parameters: {'hidden_layer_sizes': (200,), 'max_iter': 50, 'alpha': 0.001}. Best is trial 17 with value: 0.6.
[I 2026-04-21 10:27:01,688] Trial 21 finished with value: 0.5 and parameters: {'hidden_layer_sizes': (200,), 'max_iter': 50, 'alpha': 0.001}. Best is trial 17 with value: 0.6.
[I 2026-04-21 10:27:01,735] Trial 22 finished with value: 0.5 and parameters: {'hidden_layer_sizes': (200,), 'max_iter': 50, 'alpha': 0.001}. Best is trial 17 with value: 0.6.
[I 2026-04-21 10:27:01,802] Trial 23 finished with value: 0.5 and parameters: {'hidden_layer_sizes': (200,), 'max_iter': 100, 'alpha': 0.001}. Best is trial 17 with value: 0.6.
[I 2026-04-21 10:27:01,860] Trial 24 finished with value: 0.45 and parameters: {'hidden_layer_sizes': (200,), 'max_iter': 50, 'alpha': 0.001}. Best is trial 17 with value: 0.6.
[I 2026-04-21 10:27:01,905] Trial 25 finished with value: 0.5 and parameters: {'hidden_layer_sizes': (100, 100), 'max_iter': 50, 'alpha': 0.001}. Best is trial 17 with value: 0.6.
[I 2026-04-21 10:27:01,959] Trial 26 finished with value: 0.45 and parameters: {'hidden_layer_sizes': (200,), 'max_iter': 100, 'alpha': 0.0001}. Best is trial 17 with value: 0.6.
[I 2026-04-21 10:27:02,015] Trial 27 finished with value: 0.5 and parameters: {'hidden_layer_sizes': (200,), 'max_iter': 50, 'alpha': 0.001}. Best is trial 17 with value: 0.6.
[I 2026-04-21 10:27:02,084] Trial 28 finished with value: 0.5 and parameters: {'hidden_layer_sizes': (200,), 'max_iter': 100, 'alpha': 0.001}. Best is trial 17 with value: 0.6.
[I 2026-04-21 10:27:02,153] Trial 29 finished with value: 0.65 and parameters: {'hidden_layer_sizes': (100, 100), 'max_iter': 100, 'alpha': 0.0001}. Best is trial 29 with value: 0.65.
[I 2026-04-21 10:27:02,721] A new study created in memory with name: svc
[I 2026-04-21 10:27:02,735] Trial 0 finished with value: 0.3 and parameters: {'C': 0.07726319876517104, 'gamma': 0.3040389504793042}. Best is trial 0 with value: 0.3.
[I 2026-04-21 10:27:02,747] Trial 1 finished with value: 0.45 and parameters: {'C': 0.06712381339142241, 'gamma': 0.47254549996710477}. Best is trial 1 with value: 0.45.
[I 2026-04-21 10:27:02,760] Trial 2 finished with value: 0.5 and parameters: {'C': 0.8987621100554035, 'gamma': 0.027988231123708972}. Best is trial 2 with value: 0.5.
[I 2026-04-21 10:27:02,773] Trial 3 finished with value: 0.35 and parameters: {'C': 11.5779435007655, 'gamma': 0.011848734045499056}. Best is trial 2 with value: 0.5.
[I 2026-04-21 10:27:02,786] Trial 4 finished with value: 0.6 and parameters: {'C': 0.1538870258903583, 'gamma': 0.0005634883151169033}. Best is trial 4 with value: 0.6.
[I 2026-04-21 10:27:02,799] Trial 5 finished with value: 0.35 and parameters: {'C': 0.021036092656561454, 'gamma': 0.08990030906808326}. Best is trial 4 with value: 0.6.
[I 2026-04-21 10:27:02,812] Trial 6 finished with value: 0.6 and parameters: {'C': 0.5824208201678516, 'gamma': 0.00042977333932534993}. Best is trial 4 with value: 0.6.
[I 2026-04-21 10:27:02,826] Trial 7 finished with value: 0.5 and parameters: {'C': 33.09391330085814, 'gamma': 0.001248377256719358}. Best is trial 4 with value: 0.6.
[I 2026-04-21 10:27:02,840] Trial 8 finished with value: 0.5 and parameters: {'C': 0.45387898639622015, 'gamma': 0.0015286910781809498}. Best is trial 4 with value: 0.6.
[I 2026-04-21 10:27:02,853] Trial 9 finished with value: 0.35 and parameters: {'C': 3.274550070431994, 'gamma': 0.02086177421469992}. Best is trial 4 with value: 0.6.
[I 2026-04-21 10:27:02,876] Trial 10 finished with value: 0.75 and parameters: {'C': 0.01015031429029542, 'gamma': 0.00010813284331811526}. Best is trial 10 with value: 0.75.
[I 2026-04-21 10:27:02,900] Trial 11 finished with value: 0.75 and parameters: {'C': 0.012423556702801345, 'gamma': 0.00015002301591608206}. Best is trial 10 with value: 0.75.
[I 2026-04-21 10:27:02,924] Trial 12 finished with value: 0.75 and parameters: {'C': 0.010021085351666738, 'gamma': 0.00018532269440152624}. Best is trial 10 with value: 0.75.
[I 2026-04-21 10:27:02,948] Trial 13 finished with value: 0.75 and parameters: {'C': 0.02775436928730861, 'gamma': 0.00014464039961368093}. Best is trial 10 with value: 0.75.
[I 2026-04-21 10:27:02,970] Trial 14 finished with value: 0.5 and parameters: {'C': 0.01065686570781519, 'gamma': 0.003186967478406197}. Best is trial 10 with value: 0.75.
[I 2026-04-21 10:27:02,990] Trial 15 finished with value: 0.75 and parameters: {'C': 0.14611975098134286, 'gamma': 0.0001009282324759116}. Best is trial 10 with value: 0.75.
[I 2026-04-21 10:27:03,014] Trial 16 finished with value: 0.4 and parameters: {'C': 3.061397902021056, 'gamma': 0.0042040774479193115}. Best is trial 10 with value: 0.75.
[I 2026-04-21 10:27:03,034] Trial 17 finished with value: 0.6 and parameters: {'C': 0.03411054297550388, 'gamma': 0.00047296759403983016}. Best is trial 10 with value: 0.75.
[I 2026-04-21 10:27:03,054] Trial 18 finished with value: 0.65 and parameters: {'C': 0.2317882364169278, 'gamma': 0.0003030689915795407}. Best is trial 10 with value: 0.75.
[I 2026-04-21 10:27:03,084] Trial 19 finished with value: 0.5 and parameters: {'C': 78.35065816224729, 'gamma': 0.001852238795714308}. Best is trial 10 with value: 0.75.
[I 2026-04-21 10:27:03,109] Trial 20 finished with value: 0.55 and parameters: {'C': 2.9220311223505036, 'gamma': 0.0007140873791557612}. Best is trial 10 with value: 0.75.
[I 2026-04-21 10:27:03,139] Trial 21 finished with value: 0.75 and parameters: {'C': 0.010650310725254294, 'gamma': 0.00017981751977255912}. Best is trial 10 with value: 0.75.
[I 2026-04-21 10:27:03,165] Trial 22 finished with value: 0.7 and parameters: {'C': 0.049020721102624766, 'gamma': 0.00024867013930554886}. Best is trial 10 with value: 0.75.
[I 2026-04-21 10:27:03,188] Trial 23 finished with value: 0.75 and parameters: {'C': 0.010298580382273556, 'gamma': 0.00012557276334458718}. Best is trial 10 with value: 0.75.
[I 2026-04-21 10:27:03,210] Trial 24 finished with value: 0.75 and parameters: {'C': 0.024380749457604798, 'gamma': 0.00010543149391029655}. Best is trial 10 with value: 0.75.
