[I 2026-04-21 10:26:42,361] Trial 26 finished with value: 0.2 and parameters: {'hidden_layer_sizes': (100,), 'max_iter': 50, 'alpha': 0.001}. Best is trial 15 with value: 0.35.
[I 2026-04-21 10:26:42,401] Trial 27 finished with value: 0.3 and parameters: {'hidden_layer_sizes': (100,), 'max_iter': 50, 'alpha': 0.001}. Best is trial 15 with value: 0.35.
[I 2026-04-21 10:26:42,469] Trial 28 finished with value: 0.35 and parameters: {'hidden_layer_sizes': (100, 100), 'max_iter': 50, 'alpha': 0.0001}. Best is trial 15 with value: 0.35.
[I 2026-04-21 10:26:42,528] Trial 29 finished with value: 0.3 and parameters: {'hidden_layer_sizes': (100, 100), 'max_iter': 50, 'alpha': 0.0001}. Best is trial 15 with value: 0.35.
[I 2026-04-21 10:26:42,989] A new study created in memory with name: svc
[I 2026-04-21 10:26:43,002] Trial 0 finished with value: 0.2 and parameters: {'C': 0.07726319876517104, 'gamma': 0.3040389504793042}. Best is trial 0 with value: 0.2.
[I 2026-04-21 10:26:43,015] Trial 1 finished with value: 0.2 and parameters: {'C': 0.06712381339142241, 'gamma': 0.47254549996710477}. Best is trial 0 with value: 0.2.
[I 2026-04-21 10:26:43,028] Trial 2 finished with value: 0.3 and parameters: {'C': 0.8987621100554035, 'gamma': 0.027988231123708972}. Best is trial 2 with value: 0.3.
[I 2026-04-21 10:26:43,040] Trial 3 finished with value: 0.25 and parameters: {'C': 11.5779435007655, 'gamma': 0.011848734045499056}. Best is trial 2 with value: 0.3.
[I 2026-04-21 10:26:43,053] Trial 4 finished with value: 0.4 and parameters: {'C': 0.1538870258903583, 'gamma': 0.0005634883151169033}. Best is trial 4 with value: 0.4.
[I 2026-04-21 10:26:43,066] Trial 5 finished with value: 0.25 and parameters: {'C': 0.021036092656561454, 'gamma': 0.08990030906808326}. Best is trial 4 with value: 0.4.
[I 2026-04-21 10:26:43,078] Trial 6 finished with value: 0.4 and parameters: {'C': 0.5824208201678516, 'gamma': 0.00042977333932534993}. Best is trial 4 with value: 0.4.
[I 2026-04-21 10:26:43,091] Trial 7 finished with value: 0.3 and parameters: {'C': 33.09391330085814, 'gamma': 0.001248377256719358}. Best is trial 4 with value: 0.4.
[I 2026-04-21 10:26:43,106] Trial 8 finished with value: 0.4 and parameters: {'C': 0.45387898639622015, 'gamma': 0.0015286910781809498}. Best is trial 4 with value: 0.4.
[I 2026-04-21 10:26:43,119] Trial 9 finished with value: 0.25 and parameters: {'C': 3.274550070431994, 'gamma': 0.02086177421469992}. Best is trial 4 with value: 0.4.
[I 2026-04-21 10:26:43,145] Trial 10 finished with value: 0.45 and parameters: {'C': 0.01015031429029542, 'gamma': 0.00010813284331811526}. Best is trial 10 with value: 0.45.
[I 2026-04-21 10:26:43,167] Trial 11 finished with value: 0.45 and parameters: {'C': 0.012423556702801345, 'gamma': 0.00015002301591608206}. Best is trial 10 with value: 0.45.
[I 2026-04-21 10:26:43,190] Trial 12 finished with value: 0.45 and parameters: {'C': 0.010021085351666738, 'gamma': 0.00018532269440152624}. Best is trial 10 with value: 0.45.
[I 2026-04-21 10:26:43,214] Trial 13 finished with value: 0.45 and parameters: {'C': 0.02775436928730861, 'gamma': 0.00014464039961368093}. Best is trial 10 with value: 0.45.
[I 2026-04-21 10:26:43,236] Trial 14 finished with value: 0.4 and parameters: {'C': 0.01065686570781519, 'gamma': 0.003186967478406197}. Best is trial 10 with value: 0.45.
[I 2026-04-21 10:26:43,257] Trial 15 finished with value: 0.45 and parameters: {'C': 0.14611975098134286, 'gamma': 0.0001009282324759116}. Best is trial 10 with value: 0.45.
[I 2026-04-21 10:26:43,280] Trial 16 finished with value: 0.4 and parameters: {'C': 3.061397902021056, 'gamma': 0.0042040774479193115}. Best is trial 10 with value: 0.45.
[I 2026-04-21 10:26:43,304] Trial 17 finished with value: 0.4 and parameters: {'C': 0.03411054297550388, 'gamma': 0.00047296759403983016}. Best is trial 10 with value: 0.45.
[I 2026-04-21 10:26:43,324] Trial 18 finished with value: 0.4 and parameters: {'C': 0.2317882364169278, 'gamma': 0.0003030689915795407}. Best is trial 10 with value: 0.45.
[I 2026-04-21 10:26:43,359] Trial 19 finished with value: 0.3 and parameters: {'C': 78.35065816224729, 'gamma': 0.001852238795714308}. Best is trial 10 with value: 0.45.
[I 2026-04-21 10:26:43,377] Trial 20 finished with value: 0.4 and parameters: {'C': 2.9220311223505036, 'gamma': 0.0007140873791557612}. Best is trial 10 with value: 0.45.
[I 2026-04-21 10:26:43,395] Trial 21 finished with value: 0.45 and parameters: {'C': 0.010650310725254294, 'gamma': 0.00017981751977255912}. Best is trial 10 with value: 0.45.
[I 2026-04-21 10:26:43,413] Trial 22 finished with value: 0.45 and parameters: {'C': 0.049020721102624766, 'gamma': 0.00024867013930554886}. Best is trial 10 with value: 0.45.
[I 2026-04-21 10:26:43,431] Trial 23 finished with value: 0.45 and parameters: {'C': 0.010298580382273556, 'gamma': 0.00012557276334458718}. Best is trial 10 with value: 0.45.
[I 2026-04-21 10:26:43,448] Trial 24 finished with value: 0.45 and parameters: {'C': 0.024380749457604798, 'gamma': 0.00010543149391029655}. Best is trial 10 with value: 0.45.
[I 2026-04-21 10:26:43,466] Trial 25 finished with value: 0.4 and parameters: {'C': 0.01721701128157504, 'gamma': 0.0007684419252251294}. Best is trial 10 with value: 0.45.
[I 2026-04-21 10:26:43,487] Trial 26 finished with value: 0.4 and parameters: {'C': 0.08318957463987786, 'gamma': 0.000316201615415791}. Best is trial 10 with value: 0.45.
[I 2026-04-21 10:26:43,505] Trial 27 finished with value: 0.4 and parameters: {'C': 0.04398118861300725, 'gamma': 0.003628388080680474}. Best is trial 10 with value: 0.45.
[I 2026-04-21 10:26:43,523] Trial 28 finished with value: 0.25 and parameters: {'C': 0.016960645551334422, 'gamma': 0.07137551394367328}. Best is trial 10 with value: 0.45.
[I 2026-04-21 10:26:43,541] Trial 29 finished with value: 0.45 and parameters: {'C': 0.07261363573248379, 'gamma': 0.00024219862159046354}. Best is trial 10 with value: 0.45.
[I 2026-04-21 10:26:44,043] A new study created in memory with name: naive_bayes
[I 2026-04-21 10:26:44,056] Trial 0 finished with value: 0.6 and parameters: {'var_smoothing': 2.7796258518939306e-10}. Best is trial 0 with value: 0.6.
[I 2026-04-21 10:26:44,068] Trial 1 finished with value: 0.6 and parameters: {'var_smoothing': 5.513972710118387e-09}. Best is trial 0 with value: 0.6.
[I 2026-04-21 10:26:44,082] Trial 2 finished with value: 0.6 and parameters: {'var_smoothing': 2.590826381512706e-10}. Best is trial 0 with value: 0.6.
[I 2026-04-21 10:26:44,095] Trial 3 finished with value: 0.6 and parameters: {'var_smoothing': 6.874194498027403e-09}. Best is trial 0 with value: 0.6.
[I 2026-04-21 10:26:44,109] Trial 4 finished with value: 0.6 and parameters: {'var_smoothing': 9.480306482679771e-10}. Best is trial 0 with value: 0.6.
[I 2026-04-21 10:26:44,124] Trial 5 finished with value: 0.6 and parameters: {'var_smoothing': 1.6729683536668864e-09}. Best is trial 0 with value: 0.6.
[I 2026-04-21 10:26:44,138] Trial 6 finished with value: 0.6 and parameters: {'var_smoothing': 3.402637726935598e-09}. Best is trial 0 with value: 0.6.
[I 2026-04-21 10:26:44,151] Trial 7 finished with value: 0.6 and parameters: {'var_smoothing': 1.0885189040847657e-09}. Best is trial 0 with value: 0.6.
[I 2026-04-21 10:26:44,165] Trial 8 finished with value: 0.6 and parameters: {'var_smoothing': 3.922843686541149e-10}. Best is trial 0 with value: 0.6.
[I 2026-04-21 10:26:44,178] Trial 9 finished with value: 0.6 and parameters: {'var_smoothing': 2.3737908819373785e-10}. Best is trial 0 with value: 0.6.
[I 2026-04-21 10:26:44,196] Trial 10 finished with value: 0.6 and parameters: {'var_smoothing': 1.005826617097841e-10}. Best is trial 0 with value: 0.6.
[I 2026-04-21 10:26:44,212] Trial 11 finished with value: 0.6 and parameters: {'var_smoothing': 8.246040091550826e-09}. Best is trial 0 with value: 0.6.
[I 2026-04-21 10:26:44,232] Trial 12 finished with value: 0.6 and parameters: {'var_smoothing': 5.714429769091136e-10}. Best is trial 0 with value: 0.6.
[I 2026-04-21 10:26:44,252] Trial 13 finished with value: 0.6 and parameters: {'var_smoothing': 3.0046394488828834e-09}. Best is trial 0 with value: 0.6.
[I 2026-04-21 10:26:44,282] Trial 14 finished with value: 0.6 and parameters: {'var_smoothing': 1.0161521526134228e-10}. Best is trial 0 with value: 0.6.
[I 2026-04-21 10:26:44,300] Trial 15 finished with value: 0.6 and parameters: {'var_smoothing': 3.455011319435438e-09}. Best is trial 0 with value: 0.6.
[I 2026-04-21 10:26:44,316] Trial 16 finished with value: 0.6 and parameters: {'var_smoothing': 2.2038800241203009e-10}. Best is trial 0 with value: 0.6.
[I 2026-04-21 10:26:44,332] Trial 17 finished with value: 0.6 and parameters: {'var_smoothing': 1.8515987176145925e-09}. Best is trial 0 with value: 0.6.
[I 2026-04-21 10:26:44,351] Trial 18 finished with value: 0.6 and parameters: {'var_smoothing': 5.024285700153026e-10}. Best is trial 0 with value: 0.6.
[I 2026-04-21 10:26:44,369] Trial 19 finished with value: 0.6 and parameters: {'var_smoothing': 4.958025424412893e-09}. Best is trial 0 with value: 0.6.
[I 2026-04-21 10:26:44,399] Trial 20 finished with value: 0.6 and parameters: {'var_smoothing': 8.344000526157384e-10}. Best is trial 0 with value: 0.6.
[I 2026-04-21 10:26:44,418] Trial 21 finished with value: 0.6 and parameters: {'var_smoothing': 2.46080689865309e-10}. Best is trial 0 with value: 0.6.
[I 2026-04-21 10:26:44,435] Trial 22 finished with value: 0.6 and parameters: {'var_smoothing': 1.4445108350594728e-10}. Best is trial 0 with value: 0.6.
[I 2026-04-21 10:26:44,454] Trial 23 finished with value: 0.6 and parameters: {'var_smoothing': 3.3715577896606737e-10}. Best is trial 0 with value: 0.6.
[I 2026-04-21 10:26:44,476] Trial 24 finished with value: 0.6 and parameters: {'var_smoothing': 1.572466431855027e-10}. Best is trial 0 with value: 0.6.
[I 2026-04-21 10:26:44,497] Trial 25 finished with value: 0.6 and parameters: {'var_smoothing': 7.281746293576245e-10}. Best is trial 0 with value: 0.6.
[I 2026-04-21 10:26:44,528] Trial 26 finished with value: 0.6 and parameters: {'var_smoothing': 3.386254640873244e-10}. Best is trial 0 with value: 0.6.
[I 2026-04-21 10:26:44,544] Trial 27 finished with value: 0.6 and parameters: {'var_smoothing': 1.3918180959975328e-09}. Best is trial 0 with value: 0.6.
[I 2026-04-21 10:26:44,561] Trial 28 finished with value: 0.6 and parameters: {'var_smoothing': 2.3715836084533434e-09}. Best is trial 0 with value: 0.6.
[I 2026-04-21 10:26:44,577] Trial 29 finished with value: 0.6 and parameters: {'var_smoothing': 9.477075781575649e-09}. Best is trial 0 with value: 0.6.
[I 2026-04-21 10:26:44,614] A new study created in memory with name: logreg
[I 2026-04-21 10:26:44,639] Trial 0 finished with value: 0.55 and parameters: {'C': 0.012881482725481003, 'penalty': 'l2'}. Best is trial 0 with value: 0.55.
[I 2026-04-21 10:26:44,673] Trial 1 finished with value: 0.4 and parameters: {'C': 22.576755560681583, 'penalty': 'l2'}. Best is trial 0 with value: 0.55.
[I 2026-04-21 10:26:44,699] Trial 2 finished with value: 0.55 and parameters: {'C': 0.010804278656839932, 'penalty': 'l2'}. Best is trial 0 with value: 0.55.
[I 2026-04-21 10:26:44,723] Trial 3 finished with value: 0.4 and parameters: {'C': 39.17910760336117, 'penalty': 'l2'}. Best is trial 0 with value: 0.55.
[I 2026-04-21 10:26:44,746] Trial 4 finished with value: 0.45 and parameters: {'C': 0.2767298094062571, 'penalty': 'l2'}. Best is trial 0 with value: 0.55.
[I 2026-04-21 10:26:44,771] Trial 5 finished with value: 0.45 and parameters: {'C': 1.1447728330837224, 'penalty': 'l2'}. Best is trial 0 with value: 0.55.
[I 2026-04-21 10:26:44,795] Trial 6 finished with value: 0.45 and parameters: {'C': 6.753661388238877, 'penalty': 'l2'}. Best is trial 0 with value: 0.55.
[I 2026-04-21 10:26:44,820] Trial 7 finished with value: 0.45 and parameters: {'C': 0.39092184460352974, 'penalty': 'l2'}. Best is trial 0 with value: 0.55.
[I 2026-04-21 10:26:44,847] Trial 8 finished with value: 0.5 and parameters: {'C': 0.03047912590082646, 'penalty': 'l2'}. Best is trial 0 with value: 0.55.
[I 2026-04-21 10:26:44,872] Trial 9 finished with value: 0.55 and parameters: {'C': 0.008681727362499118, 'penalty': 'l2'}. Best is trial 0 with value: 0.55.
[I 2026-04-21 10:26:44,900] Trial 10 finished with value: 0.7 and parameters: {'C': 0.0010146302597657177, 'penalty': 'l2'}. Best is trial 10 with value: 0.7.
[I 2026-04-21 10:26:44,944] Trial 11 finished with value: 0.7 and parameters: {'C': 0.0011115836709684572, 'penalty': 'l2'}. Best is trial 10 with value: 0.7.
[I 2026-04-21 10:26:44,972] Trial 12 finished with value: 0.7 and parameters: {'C': 0.001243356254442617, 'penalty': 'l2'}. Best is trial 10 with value: 0.7.
[I 2026-04-21 10:26:45,000] Trial 13 finished with value: 0.65 and parameters: {'C': 0.0016302790525623311, 'penalty': 'l2'}. Best is trial 10 with value: 0.7.
[I 2026-04-21 10:26:45,029] Trial 14 finished with value: 0.7 and parameters: {'C': 0.001002638109973618, 'penalty': 'l2'}. Best is trial 10 with value: 0.7.
[I 2026-04-21 10:26:45,070] Trial 15 finished with value: 0.5 and parameters: {'C': 0.08438830622291982, 'penalty': 'l2'}. Best is trial 10 with value: 0.7.
[I 2026-04-21 10:26:45,101] Trial 16 finished with value: 0.65 and parameters: {'C': 0.0035823185600286542, 'penalty': 'l2'}. Best is trial 10 with value: 0.7.
[I 2026-04-21 10:26:45,131] Trial 17 finished with value: 0.5 and parameters: {'C': 0.0539882537577037, 'penalty': 'l2'}. Best is trial 10 with value: 0.7.
[I 2026-04-21 10:26:45,161] Trial 18 finished with value: 0.6 and parameters: {'C': 0.004842952701647796, 'penalty': 'l2'}. Best is trial 10 with value: 0.7.
[I 2026-04-21 10:26:45,201] Trial 19 finished with value: 0.45 and parameters: {'C': 1.5764099874493993, 'penalty': 'l2'}. Best is trial 10 with value: 0.7.
[I 2026-04-21 10:26:45,231] Trial 20 finished with value: 0.5 and parameters: {'C': 0.028507283812150664, 'penalty': 'l2'}. Best is trial 10 with value: 0.7.
[I 2026-04-21 10:26:45,258] Trial 21 finished with value: 0.65 and parameters: {'C': 0.00249886844093013, 'penalty': 'l2'}. Best is trial 10 with value: 0.7.
[I 2026-04-21 10:26:45,287] Trial 22 finished with value: 0.7 and parameters: {'C': 0.0014078519928444968, 'penalty': 'l2'}. Best is trial 10 with value: 0.7.
[I 2026-04-21 10:26:45,307] Trial 23 finished with value: 0.6 and parameters: {'C': 0.004694194040514273, 'penalty': 'l2'}. Best is trial 10 with value: 0.7.
[I 2026-04-21 10:26:45,338] Trial 24 finished with value: 0.7 and parameters: {'C': 0.001024249875220135, 'penalty': 'l2'}. Best is trial 10 with value: 0.7.
[I 2026-04-21 10:26:45,369] Trial 25 finished with value: 0.65 and parameters: {'C': 0.003505047209541011, 'penalty': 'l2'}. Best is trial 10 with value: 0.7.
[I 2026-04-21 10:26:45,401] Trial 26 finished with value: 0.5 and parameters: {'C': 0.0179242234661087, 'penalty': 'l2'}. Best is trial 10 with value: 0.7.
[I 2026-04-21 10:26:45,441] Trial 27 finished with value: 0.5 and parameters: {'C': 0.1052680256059867, 'penalty': 'l2'}. Best is trial 10 with value: 0.7.
[I 2026-04-21 10:26:45,470] Trial 28 finished with value: 0.6 and parameters: {'C': 0.006655313138849826, 'penalty': 'l2'}. Best is trial 10 with value: 0.7.
[I 2026-04-21 10:26:45,498] Trial 29 finished with value: 0.65 and parameters: {'C': 0.0021771844212378987, 'penalty': 'l2'}. Best is trial 10 with value: 0.7.
[I 2026-04-21 10:26:45,948] A new study created in memory with name: knn
[I 2026-04-21 10:26:45,973] Trial 0 finished with value: 0.75 and parameters: {'n_neighbors': 4, 'leaf_size': 38, 'p': 2}. Best is trial 0 with value: 0.75.
[I 2026-04-21 10:26:45,986] Trial 1 finished with value: 0.7 and parameters: {'n_neighbors': 6, 'leaf_size': 32, 'p': 1}. Best is trial 0 with value: 0.75.
[I 2026-04-21 10:26:45,999] Trial 2 finished with value: 0.7 and parameters: {'n_neighbors': 5, 'leaf_size': 23, 'p': 2}. Best is trial 0 with value: 0.75.
[I 2026-04-21 10:26:46,011] Trial 3 finished with value: 0.7 and parameters: {'n_neighbors': 6, 'leaf_size': 23, 'p': 1}. Best is trial 0 with value: 0.75.
[I 2026-04-21 10:26:46,024] Trial 4 finished with value: 0.7 and parameters: {'n_neighbors': 6, 'leaf_size': 26, 'p': 1}. Best is trial 0 with value: 0.75.
[I 2026-04-21 10:26:46,036] Trial 5 finished with value: 0.55 and parameters: {'n_neighbors': 7, 'leaf_size': 25, 'p': 1}. Best is trial 0 with value: 0.75.
[I 2026-04-21 10:26:46,049] Trial 6 finished with value: 0.7 and parameters: {'n_neighbors': 5, 'leaf_size': 23, 'p': 2}. Best is trial 0 with value: 0.75.
[I 2026-04-21 10:26:46,061] Trial 7 finished with value: 0.65 and parameters: {'n_neighbors': 10, 'leaf_size': 23, 'p': 2}. Best is trial 0 with value: 0.75.
[I 2026-04-21 10:26:46,074] Trial 8 finished with value: 0.7 and parameters: {'n_neighbors': 8, 'leaf_size': 36, 'p': 2}. Best is trial 0 with value: 0.75.
[I 2026-04-21 10:26:46,086] Trial 9 finished with value: 0.7 and parameters: {'n_neighbors': 3, 'leaf_size': 30, 'p': 2}. Best is trial 0 with value: 0.75.
[I 2026-04-21 10:26:46,113] Trial 10 finished with value: 0.7 and parameters: {'n_neighbors': 3, 'leaf_size': 40, 'p': 2}. Best is trial 0 with value: 0.75.
[I 2026-04-21 10:26:46,133] Trial 11 finished with value: 0.7 and parameters: {'n_neighbors': 4, 'leaf_size': 35, 'p': 1}. Best is trial 0 with value: 0.75.
[I 2026-04-21 10:26:46,152] Trial 12 finished with value: 0.65 and parameters: {'n_neighbors': 8, 'leaf_size': 33, 'p': 1}. Best is trial 0 with value: 0.75.
[I 2026-04-21 10:26:46,171] Trial 13 finished with value: 0.7 and parameters: {'n_neighbors': 4, 'leaf_size': 40, 'p': 1}. Best is trial 0 with value: 0.75.
[I 2026-04-21 10:26:46,190] Trial 14 finished with value: 0.7 and parameters: {'n_neighbors': 5, 'leaf_size': 30, 'p': 2}. Best is trial 0 with value: 0.75.
[I 2026-04-21 10:26:46,209] Trial 15 finished with value: 0.55 and parameters: {'n_neighbors': 7, 'leaf_size': 37, 'p': 1}. Best is trial 0 with value: 0.75.
[I 2026-04-21 10:26:46,242] Trial 16 finished with value: 0.65 and parameters: {'n_neighbors': 10, 'leaf_size': 31, 'p': 2}. Best is trial 0 with value: 0.75.
[I 2026-04-21 10:26:46,267] Trial 17 finished with value: 0.7 and parameters: {'n_neighbors': 4, 'leaf_size': 38, 'p': 1}. Best is trial 0 with value: 0.75.
[I 2026-04-21 10:26:46,306] Trial 18 finished with value: 0.7 and parameters: {'n_neighbors': 8, 'leaf_size': 34, 'p': 2}. Best is trial 0 with value: 0.75.
[I 2026-04-21 10:26:46,331] Trial 19 finished with value: 0.7 and parameters: {'n_neighbors': 6, 'leaf_size': 28, 'p': 1}. Best is trial 0 with value: 0.75.
[I 2026-04-21 10:26:46,354] Trial 20 finished with value: 0.6 and parameters: {'n_neighbors': 9, 'leaf_size': 32, 'p': 1}. Best is trial 0 with value: 0.75.
[I 2026-04-21 10:26:46,381] Trial 21 finished with value: 0.7 and parameters: {'n_neighbors': 5, 'leaf_size': 20, 'p': 2}. Best is trial 0 with value: 0.75.
[I 2026-04-21 10:26:46,408] Trial 22 finished with value: 0.7 and parameters: {'n_neighbors': 5, 'leaf_size': 27, 'p': 2}. Best is trial 0 with value: 0.75.
[I 2026-04-21 10:26:46,433] Trial 23 finished with value: 0.75 and parameters: {'n_neighbors': 4, 'leaf_size': 28, 'p': 2}. Best is trial 0 with value: 0.75.
[I 2026-04-21 10:26:46,459] Trial 24 finished with value: 0.7 and parameters: {'n_neighbors': 3, 'leaf_size': 28, 'p': 2}. Best is trial 0 with value: 0.75.
[I 2026-04-21 10:26:46,483] Trial 25 finished with value: 0.75 and parameters: {'n_neighbors': 4, 'leaf_size': 38, 'p': 2}. Best is trial 0 with value: 0.75.
[I 2026-04-21 10:26:46,507] Trial 26 finished with value: 0.75 and parameters: {'n_neighbors': 4, 'leaf_size': 38, 'p': 2}. Best is trial 0 with value: 0.75.
[I 2026-04-21 10:26:46,532] Trial 27 finished with value: 0.7 and parameters: {'n_neighbors': 3, 'leaf_size': 39, 'p': 2}. Best is trial 0 with value: 0.75.
[I 2026-04-21 10:26:46,560] Trial 28 finished with value: 0.75 and parameters: {'n_neighbors': 4, 'leaf_size': 35, 'p': 2}. Best is trial 0 with value: 0.75.
[I 2026-04-21 10:26:46,585] Trial 29 finished with value: 0.75 and parameters: {'n_neighbors': 4, 'leaf_size': 36, 'p': 2}. Best is trial 0 with value: 0.75.
[I 2026-04-21 10:26:47,057] A new study created in memory with name: xgb
[I 2026-04-21 10:26:47,082] Trial 0 finished with value: 0.65 and parameters: {'n_estimators': 40, 'max_depth': 5, 'gamma': 0.789317070832284, 'subsample': 0.7592089939364717, 'colsample_bytree': 0.648400250788111}. Best is trial 0 with value: 0.65.
[I 2026-04-21 10:26:47,119] Trial 1 finished with value: 0.8 and parameters: {'n_estimators': 100, 'max_depth': 30, 'gamma': 0.34667781579300216, 'subsample': 0.7071175095405257, 'colsample_bytree': 0.6480399663668239}. Best is trial 1 with value: 0.8.
[I 2026-04-21 10:26:47,147] Trial 2 finished with value: 0.75 and parameters: {'n_estimators': 10, 'max_depth': 20, 'gamma': 0.3948075529198607, 'subsample': 0.5720821503267102, 'colsample_bytree': 0.5828064306006338}. Best is trial 1 with value: 0.8.
[I 2026-04-21 10:26:47,175] Trial 3 finished with value: 0.6 and parameters: {'n_estimators': 10, 'max_depth': 30, 'gamma': 0.8015631269999768, 'subsample': 0.5114665462195407, 'colsample_bytree': 0.788831429064878}. Best is trial 1 with value: 0.8.
[I 2026-04-21 10:26:47,213] Trial 4 finished with value: 0.8 and parameters: {'n_estimators': 100, 'max_depth': 5, 'gamma': 0.8834347783013348, 'subsample': 0.961374806972835, 'colsample_bytree': 0.5011071062662218}. Best is trial 1 with value: 0.8.
[I 2026-04-21 10:26:47,241] Trial 5 finished with value: 0.45 and parameters: {'n_estimators': 40, 'max_depth': 5, 'gamma': 0.5364379674896123, 'subsample': 0.5145557818363589, 'colsample_bytree': 0.5432628442011025}. Best is trial 1 with value: 0.8.
