[I 2026-04-21 10:35:02,501] Trial 29 finished with value: 0.55 and parameters: {'n_estimators': 231, 'max_depth': 17, 'min_samples_split': 7, 'min_samples_leaf': 7}. Best is trial 5 with value: 0.9.
[I 2026-04-21 10:35:03,264] A new study created in memory with name: mlp
[I 2026-04-21 10:35:03,309] Trial 0 finished with value: 0.65 and parameters: {'hidden_layer_sizes': (200,), 'max_iter': 100, 'alpha': 0.0001}. Best is trial 0 with value: 0.65.
[I 2026-04-21 10:35:03,365] Trial 1 finished with value: 0.65 and parameters: {'hidden_layer_sizes': (100, 100), 'max_iter': 100, 'alpha': 0.0001}. Best is trial 0 with value: 0.65.
[I 2026-04-21 10:35:03,413] Trial 2 finished with value: 0.5 and parameters: {'hidden_layer_sizes': (200,), 'max_iter': 100, 'alpha': 0.001}. Best is trial 0 with value: 0.65.
[I 2026-04-21 10:35:03,460] Trial 3 finished with value: 0.65 and parameters: {'hidden_layer_sizes': (100,), 'max_iter': 50, 'alpha': 0.001}. Best is trial 0 with value: 0.65.
[I 2026-04-21 10:35:03,504] Trial 4 finished with value: 0.75 and parameters: {'hidden_layer_sizes': (100,), 'max_iter': 50, 'alpha': 0.0001}. Best is trial 4 with value: 0.75.
[I 2026-04-21 10:35:03,551] Trial 5 finished with value: 0.5 and parameters: {'hidden_layer_sizes': (100,), 'max_iter': 50, 'alpha': 0.0001}. Best is trial 4 with value: 0.75.
[I 2026-04-21 10:35:03,599] Trial 6 finished with value: 0.5 and parameters: {'hidden_layer_sizes': (100,), 'max_iter': 50, 'alpha': 0.0001}. Best is trial 4 with value: 0.75.
[I 2026-04-21 10:35:03,656] Trial 7 finished with value: 0.6 and parameters: {'hidden_layer_sizes': (100,), 'max_iter': 50, 'alpha': 0.0001}. Best is trial 4 with value: 0.75.
[I 2026-04-21 10:35:03,713] Trial 8 finished with value: 0.65 and parameters: {'hidden_layer_sizes': (200,), 'max_iter': 100, 'alpha': 0.0001}. Best is trial 4 with value: 0.75.
[I 2026-04-21 10:35:03,761] Trial 9 finished with value: 0.6 and parameters: {'hidden_layer_sizes': (200,), 'max_iter': 50, 'alpha': 0.0001}. Best is trial 4 with value: 0.75.
[I 2026-04-21 10:35:03,809] Trial 10 finished with value: 0.55 and parameters: {'hidden_layer_sizes': (100, 100), 'max_iter': 50, 'alpha': 0.001}. Best is trial 4 with value: 0.75.
[I 2026-04-21 10:35:03,859] Trial 11 finished with value: 0.5 and parameters: {'hidden_layer_sizes': (200,), 'max_iter': 100, 'alpha': 0.0001}. Best is trial 4 with value: 0.75.
[I 2026-04-21 10:35:03,920] Trial 12 finished with value: 0.65 and parameters: {'hidden_layer_sizes': (100,), 'max_iter': 100, 'alpha': 0.0001}. Best is trial 4 with value: 0.75.
[I 2026-04-21 10:35:03,969] Trial 13 finished with value: 0.7 and parameters: {'hidden_layer_sizes': (200,), 'max_iter': 100, 'alpha': 0.0001}. Best is trial 4 with value: 0.75.
[I 2026-04-21 10:35:04,015] Trial 14 finished with value: 0.6 and parameters: {'hidden_layer_sizes': (100, 100), 'max_iter': 100, 'alpha': 0.001}. Best is trial 4 with value: 0.75.
[I 2026-04-21 10:35:04,063] Trial 15 finished with value: 0.65 and parameters: {'hidden_layer_sizes': (200,), 'max_iter': 50, 'alpha': 0.0001}. Best is trial 4 with value: 0.75.
[I 2026-04-21 10:35:04,109] Trial 16 finished with value: 0.6 and parameters: {'hidden_layer_sizes': (100,), 'max_iter': 100, 'alpha': 0.0001}. Best is trial 4 with value: 0.75.
[I 2026-04-21 10:35:04,160] Trial 17 finished with value: 0.55 and parameters: {'hidden_layer_sizes': (100,), 'max_iter': 50, 'alpha': 0.0001}. Best is trial 4 with value: 0.75.
[I 2026-04-21 10:35:04,208] Trial 18 finished with value: 0.65 and parameters: {'hidden_layer_sizes': (200,), 'max_iter': 50, 'alpha': 0.001}. Best is trial 4 with value: 0.75.
[I 2026-04-21 10:35:04,256] Trial 19 finished with value: 0.75 and parameters: {'hidden_layer_sizes': (100, 100), 'max_iter': 100, 'alpha': 0.0001}. Best is trial 4 with value: 0.75.
[I 2026-04-21 10:35:04,313] Trial 20 finished with value: 0.65 and parameters: {'hidden_layer_sizes': (100, 100), 'max_iter': 50, 'alpha': 0.0001}. Best is trial 4 with value: 0.75.
[I 2026-04-21 10:35:04,370] Trial 21 finished with value: 0.5 and parameters: {'hidden_layer_sizes': (100, 100), 'max_iter': 100, 'alpha': 0.0001}. Best is trial 4 with value: 0.75.
[I 2026-04-21 10:35:04,418] Trial 22 finished with value: 0.6 and parameters: {'hidden_layer_sizes': (100, 100), 'max_iter': 100, 'alpha': 0.0001}. Best is trial 4 with value: 0.75.
[I 2026-04-21 10:35:04,477] Trial 23 finished with value: 0.6 and parameters: {'hidden_layer_sizes': (100, 100), 'max_iter': 100, 'alpha': 0.0001}. Best is trial 4 with value: 0.75.
[I 2026-04-21 10:35:04,515] Trial 24 finished with value: 0.55 and parameters: {'hidden_layer_sizes': (200,), 'max_iter': 100, 'alpha': 0.0001}. Best is trial 4 with value: 0.75.
[I 2026-04-21 10:35:04,572] Trial 25 finished with value: 0.7 and parameters: {'hidden_layer_sizes': (100,), 'max_iter': 100, 'alpha': 0.0001}. Best is trial 4 with value: 0.75.
[I 2026-04-21 10:35:04,630] Trial 26 finished with value: 0.65 and parameters: {'hidden_layer_sizes': (100, 100), 'max_iter': 100, 'alpha': 0.001}. Best is trial 4 with value: 0.75.
[I 2026-04-21 10:35:04,688] Trial 27 finished with value: 0.6 and parameters: {'hidden_layer_sizes': (100,), 'max_iter': 100, 'alpha': 0.0001}. Best is trial 4 with value: 0.75.
[I 2026-04-21 10:35:04,740] Trial 28 finished with value: 0.65 and parameters: {'hidden_layer_sizes': (100, 100), 'max_iter': 50, 'alpha': 0.0001}. Best is trial 4 with value: 0.75.
[I 2026-04-21 10:35:04,791] Trial 29 finished with value: 0.6 and parameters: {'hidden_layer_sizes': (200,), 'max_iter': 100, 'alpha': 0.0001}. Best is trial 4 with value: 0.75.
[I 2026-04-21 10:35:04,897] A new study created in memory with name: svc
[I 2026-04-21 10:35:04,912] Trial 0 finished with value: 0.2 and parameters: {'C': 0.020194502448102298, 'gamma': 0.13172711156111802}. Best is trial 0 with value: 0.2.
[I 2026-04-21 10:35:04,927] Trial 1 finished with value: 0.25 and parameters: {'C': 0.5670703311028815, 'gamma': 0.0783178418343345}. Best is trial 1 with value: 0.25.
[I 2026-04-21 10:35:04,941] Trial 2 finished with value: 0.5 and parameters: {'C': 81.65034948781698, 'gamma': 0.014255533717547383}. Best is trial 2 with value: 0.5.
[I 2026-04-21 10:35:04,956] Trial 3 finished with value: 0.8 and parameters: {'C': 1.0103732850016278, 'gamma': 0.00019418001640357854}. Best is trial 3 with value: 0.8.
[I 2026-04-21 10:35:04,972] Trial 4 finished with value: 0.5 and parameters: {'C': 0.11851025167261421, 'gamma': 0.00998918377985214}. Best is trial 3 with value: 0.8.
[I 2026-04-21 10:35:04,986] Trial 5 finished with value: 0.25 and parameters: {'C': 5.2109869371584665, 'gamma': 0.16404241128227343}. Best is trial 3 with value: 0.8.
[I 2026-04-21 10:35:05,000] Trial 6 finished with value: 0.8 and parameters: {'C': 0.3340138940215422, 'gamma': 0.00018354619576988685}. Best is trial 3 with value: 0.8.
[I 2026-04-21 10:35:05,015] Trial 7 finished with value: 0.45 and parameters: {'C': 0.1420961781588805, 'gamma': 0.434884682155233}. Best is trial 3 with value: 0.8.
[I 2026-04-21 10:35:05,031] Trial 8 finished with value: 0.5 and parameters: {'C': 0.07137422643361827, 'gamma': 0.006434219125545069}. Best is trial 3 with value: 0.8.
[I 2026-04-21 10:35:05,047] Trial 9 finished with value: 0.6 and parameters: {'C': 53.066944048916255, 'gamma': 0.00012577574840733457}. Best is trial 3 with value: 0.8.
[I 2026-04-21 10:35:05,074] Trial 10 finished with value: 0.65 and parameters: {'C': 4.042381244249598, 'gamma': 0.0013304824599122815}. Best is trial 3 with value: 0.8.
[I 2026-04-21 10:35:05,099] Trial 11 finished with value: 0.8 and parameters: {'C': 1.327692185951257, 'gamma': 0.0001182654393186286}. Best is trial 3 with value: 0.8.
[I 2026-04-21 10:35:05,126] Trial 12 finished with value: 0.65 and parameters: {'C': 0.6137808106950431, 'gamma': 0.0006843879759551015}. Best is trial 3 with value: 0.8.
[I 2026-04-21 10:35:05,150] Trial 13 finished with value: 0.65 and parameters: {'C': 8.133988311752255, 'gamma': 0.0005589823422976997}. Best is trial 3 with value: 0.8.
[I 2026-04-21 10:35:05,175] Trial 14 finished with value: 0.55 and parameters: {'C': 1.6638857990919569, 'gamma': 0.0024485714006084775}. Best is trial 3 with value: 0.8.
[I 2026-04-21 10:35:05,197] Trial 15 finished with value: 0.75 and parameters: {'C': 0.34734836106457406, 'gamma': 0.00027440799525467983}. Best is trial 3 with value: 0.8.
[I 2026-04-21 10:35:05,219] Trial 16 finished with value: 0.55 and parameters: {'C': 0.01007599099482784, 'gamma': 0.00272075918350544}. Best is trial 3 with value: 0.8.
[I 2026-04-21 10:35:05,240] Trial 17 finished with value: 0.55 and parameters: {'C': 27.496564789294712, 'gamma': 0.00035595667914938077}. Best is trial 3 with value: 0.8.
[I 2026-04-21 10:35:05,261] Trial 18 finished with value: 0.35 and parameters: {'C': 0.041540628042745845, 'gamma': 0.03320384586751046}. Best is trial 3 with value: 0.8.
[I 2026-04-21 10:35:05,285] Trial 19 finished with value: 0.6 and parameters: {'C': 0.20971494443132602, 'gamma': 0.0012221528097353285}. Best is trial 3 with value: 0.8.
[I 2026-04-21 10:35:05,307] Trial 20 finished with value: 0.8 and parameters: {'C': 2.099600955534587, 'gamma': 0.0002389259990848756}. Best is trial 3 with value: 0.8.
[I 2026-04-21 10:35:05,327] Trial 21 finished with value: 0.8 and parameters: {'C': 0.9500715957834404, 'gamma': 0.00011708948700023538}. Best is trial 3 with value: 0.8.
[I 2026-04-21 10:35:05,359] Trial 22 finished with value: 0.75 and parameters: {'C': 15.212736192965961, 'gamma': 0.0001062580323883108}. Best is trial 3 with value: 0.8.
[I 2026-04-21 10:35:05,380] Trial 23 finished with value: 0.8 and parameters: {'C': 2.2501933356916273, 'gamma': 0.0002112779437062833}. Best is trial 3 with value: 0.8.
[I 2026-04-21 10:35:05,401] Trial 24 finished with value: 0.65 and parameters: {'C': 0.315272932623484, 'gamma': 0.0006461363545370671}. Best is trial 3 with value: 0.8.
[I 2026-04-21 10:35:05,425] Trial 25 finished with value: 0.6 and parameters: {'C': 0.8738425112572578, 'gamma': 0.0014075800855879615}. Best is trial 3 with value: 0.8.
[I 2026-04-21 10:35:05,443] Trial 26 finished with value: 0.7 and parameters: {'C': 1.732018441720778, 'gamma': 0.0003851001831357192}. Best is trial 3 with value: 0.8.
[I 2026-04-21 10:35:05,469] Trial 27 finished with value: 0.75 and parameters: {'C': 0.28686881639530426, 'gamma': 0.00010277725383802884}. Best is trial 3 with value: 0.8.
[I 2026-04-21 10:35:05,490] Trial 28 finished with value: 0.55 and parameters: {'C': 4.283133794093583, 'gamma': 0.003742846644979556}. Best is trial 3 with value: 0.8.
[I 2026-04-21 10:35:05,511] Trial 29 finished with value: 0.8 and parameters: {'C': 0.05138800387439646, 'gamma': 0.0002107850998845556}. Best is trial 3 with value: 0.8.
[I 2026-04-21 10:35:05,561] A new study created in memory with name: naive_bayes
[I 2026-04-21 10:35:05,574] Trial 0 finished with value: 0.5 and parameters: {'var_smoothing': 1.4210736239935712e-10}. Best is trial 0 with value: 0.5.
[I 2026-04-21 10:35:05,587] Trial 1 finished with value: 0.55 and parameters: {'var_smoothing': 3.629422978396398e-09}. Best is trial 1 with value: 0.55.
[I 2026-04-21 10:35:05,600] Trial 2 finished with value: 0.5 and parameters: {'var_smoothing': 7.530407234027127e-10}. Best is trial 1 with value: 0.55.
[I 2026-04-21 10:35:05,613] Trial 3 finished with value: 0.55 and parameters: {'var_smoothing': 2.7985325053380072e-09}. Best is trial 1 with value: 0.55.
[I 2026-04-21 10:35:05,626] Trial 4 finished with value: 0.55 and parameters: {'var_smoothing': 9.036058293737187e-09}. Best is trial 1 with value: 0.55.
[I 2026-04-21 10:35:05,649] Trial 5 finished with value: 0.5 and parameters: {'var_smoothing': 1.1939653980558784e-09}. Best is trial 1 with value: 0.55.
[I 2026-04-21 10:35:05,663] Trial 6 finished with value: 0.5 and parameters: {'var_smoothing': 1.005173261185167e-09}. Best is trial 1 with value: 0.55.
[I 2026-04-21 10:35:05,675] Trial 7 finished with value: 0.5 and parameters: {'var_smoothing': 1.393484899105757e-10}. Best is trial 1 with value: 0.55.
[I 2026-04-21 10:35:05,689] Trial 8 finished with value: 0.5 and parameters: {'var_smoothing': 3.4425317961147986e-10}. Best is trial 1 with value: 0.55.
[I 2026-04-21 10:35:05,703] Trial 9 finished with value: 0.5 and parameters: {'var_smoothing': 9.994590426751933e-10}. Best is trial 1 with value: 0.55.
[I 2026-04-21 10:35:05,721] Trial 10 finished with value: 0.55 and parameters: {'var_smoothing': 7.396158787668394e-09}. Best is trial 1 with value: 0.55.
[I 2026-04-21 10:35:05,739] Trial 11 finished with value: 0.55 and parameters: {'var_smoothing': 3.4198265657263155e-09}. Best is trial 1 with value: 0.55.
[I 2026-04-21 10:35:05,759] Trial 12 finished with value: 0.55 and parameters: {'var_smoothing': 3.1045497115373273e-09}. Best is trial 1 with value: 0.55.
[I 2026-04-21 10:35:05,778] Trial 13 finished with value: 0.55 and parameters: {'var_smoothing': 2.9004627553340384e-09}. Best is trial 1 with value: 0.55.
[I 2026-04-21 10:35:05,799] Trial 14 finished with value: 0.55 and parameters: {'var_smoothing': 4.799860757682055e-09}. Best is trial 1 with value: 0.55.
[I 2026-04-21 10:35:05,819] Trial 15 finished with value: 0.5 and parameters: {'var_smoothing': 1.9256387610461327e-09}. Best is trial 1 with value: 0.55.
[I 2026-04-21 10:35:05,838] Trial 16 finished with value: 0.5 and parameters: {'var_smoothing': 2.0102521194023534e-09}. Best is trial 1 with value: 0.55.
[I 2026-04-21 10:35:05,857] Trial 17 finished with value: 0.55 and parameters: {'var_smoothing': 5.746739611519264e-09}. Best is trial 1 with value: 0.55.
[I 2026-04-21 10:35:05,876] Trial 18 finished with value: 0.5 and parameters: {'var_smoothing': 5.126237368588495e-10}. Best is trial 1 with value: 0.55.
[I 2026-04-21 10:35:05,895] Trial 19 finished with value: 0.5 and parameters: {'var_smoothing': 1.8348410911506297e-09}. Best is trial 1 with value: 0.55.
[I 2026-04-21 10:35:05,916] Trial 20 finished with value: 0.55 and parameters: {'var_smoothing': 5.29215399120128e-09}. Best is trial 1 with value: 0.55.
[I 2026-04-21 10:35:05,935] Trial 21 finished with value: 0.55 and parameters: {'var_smoothing': 8.939526328953797e-09}. Best is trial 1 with value: 0.55.
[I 2026-04-21 10:35:05,963] Trial 22 finished with value: 0.55 and parameters: {'var_smoothing': 8.926184494218705e-09}. Best is trial 1 with value: 0.55.
[I 2026-04-21 10:35:05,984] Trial 23 finished with value: 0.55 and parameters: {'var_smoothing': 3.851463829550156e-09}. Best is trial 1 with value: 0.55.
[I 2026-04-21 10:35:06,004] Trial 24 finished with value: 0.55 and parameters: {'var_smoothing': 5.939395502867747e-09}. Best is trial 1 with value: 0.55.
[I 2026-04-21 10:35:06,022] Trial 25 finished with value: 0.5 and parameters: {'var_smoothing': 2.471319357063636e-09}. Best is trial 1 with value: 0.55.
[I 2026-04-21 10:35:06,040] Trial 26 finished with value: 0.55 and parameters: {'var_smoothing': 9.840349534133634e-09}. Best is trial 1 with value: 0.55.
[I 2026-04-21 10:35:06,059] Trial 27 finished with value: 0.5 and parameters: {'var_smoothing': 1.4755966489715603e-09}. Best is trial 1 with value: 0.55.
[I 2026-04-21 10:35:06,076] Trial 28 finished with value: 0.55 and parameters: {'var_smoothing': 4.264639897985646e-09}. Best is trial 1 with value: 0.55.
[I 2026-04-21 10:35:06,093] Trial 29 finished with value: 0.5 and parameters: {'var_smoothing': 2.6193491856269964e-10}. Best is trial 1 with value: 0.55.
[I 2026-04-21 10:35:06,133] A new study created in memory with name: logreg
[I 2026-04-21 10:35:06,157] Trial 0 finished with value: 0.85 and parameters: {'C': 0.002407362254570802, 'penalty': 'l2'}. Best is trial 0 with value: 0.85.
[I 2026-04-21 10:35:06,191] Trial 1 finished with value: 0.7 and parameters: {'C': 7.935859334260497, 'penalty': 'l2'}. Best is trial 0 with value: 0.85.
[I 2026-04-21 10:35:06,214] Trial 2 finished with value: 0.8 and parameters: {'C': 0.15561310098067915, 'penalty': 'l2'}. Best is trial 0 with value: 0.85.
[I 2026-04-21 10:35:06,236] Trial 3 finished with value: 0.7 and parameters: {'C': 4.143104515916128, 'penalty': 'l2'}. Best is trial 0 with value: 0.85.
[I 2026-04-21 10:35:06,269] Trial 4 finished with value: 0.65 and parameters: {'C': 77.61533923098803, 'penalty': 'l2'}. Best is trial 0 with value: 0.85.
[I 2026-04-21 10:35:06,309] Trial 5 finished with value: 0.75 and parameters: {'C': 0.49258292359934785, 'penalty': 'l2'}. Best is trial 0 with value: 0.85.
[I 2026-04-21 10:35:06,335] Trial 6 finished with value: 0.8 and parameters: {'C': 0.320333470047146, 'penalty': 'l2'}. Best is trial 0 with value: 0.85.
[I 2026-04-21 10:35:06,362] Trial 7 finished with value: 0.85 and parameters: {'C': 0.002292216671132896, 'penalty': 'l2'}. Best is trial 0 with value: 0.85.
[I 2026-04-21 10:35:06,386] Trial 8 finished with value: 0.85 and parameters: {'C': 0.0219884643872214, 'penalty': 'l2'}. Best is trial 0 with value: 0.85.
[I 2026-04-21 10:35:06,411] Trial 9 finished with value: 0.8 and parameters: {'C': 0.31580027519646636, 'penalty': 'l2'}. Best is trial 0 with value: 0.85.
[I 2026-04-21 10:35:06,429] Trial 10 finished with value: 0.85 and parameters: {'C': 0.005028545732690317, 'penalty': 'l2'}. Best is trial 0 with value: 0.85.
[I 2026-04-21 10:35:06,445] Trial 11 finished with value: 0.85 and parameters: {'C': 0.0016548464731937077, 'penalty': 'l2'}. Best is trial 0 with value: 0.85.
[I 2026-04-21 10:35:06,480] Trial 12 finished with value: 0.85 and parameters: {'C': 0.014451446556771878, 'penalty': 'l2'}. Best is trial 0 with value: 0.85.
[I 2026-04-21 10:35:06,510] Trial 13 finished with value: 0.8 and parameters: {'C': 0.001233537603892314, 'penalty': 'l2'}. Best is trial 0 with value: 0.85.
[I 2026-04-21 10:35:06,540] Trial 14 finished with value: 0.85 and parameters: {'C': 0.03728878420522916, 'penalty': 'l2'}. Best is trial 0 with value: 0.85.
[I 2026-04-21 10:35:06,569] Trial 15 finished with value: 0.85 and parameters: {'C': 0.005056056930693048, 'penalty': 'l2'}. Best is trial 0 with value: 0.85.
[I 2026-04-21 10:35:06,598] Trial 16 finished with value: 0.8 and parameters: {'C': 0.06105325603408848, 'penalty': 'l2'}. Best is trial 0 with value: 0.85.
[I 2026-04-21 10:35:06,629] Trial 17 finished with value: 0.85 and parameters: {'C': 0.005932663642969973, 'penalty': 'l2'}. Best is trial 0 with value: 0.85.
[I 2026-04-21 10:35:06,660] Trial 18 finished with value: 0.8 and parameters: {'C': 0.0012489720333864972, 'penalty': 'l2'}. Best is trial 0 with value: 0.85.
[I 2026-04-21 10:35:06,691] Trial 19 finished with value: 0.85 and parameters: {'C': 0.010840641908437795, 'penalty': 'l2'}. Best is trial 0 with value: 0.85.
[I 2026-04-21 10:35:06,721] Trial 20 finished with value: 0.7 and parameters: {'C': 1.6412268850767395, 'penalty': 'l2'}. Best is trial 0 with value: 0.85.
[I 2026-04-21 10:35:06,753] Trial 21 finished with value: 0.85 and parameters: {'C': 0.03130854431395781, 'penalty': 'l2'}. Best is trial 0 with value: 0.85.
[I 2026-04-21 10:35:06,774] Trial 22 finished with value: 0.85 and parameters: {'C': 0.003800963737110666, 'penalty': 'l2'}. Best is trial 0 with value: 0.85.
[I 2026-04-21 10:35:06,804] Trial 23 finished with value: 0.85 and parameters: {'C': 0.016703393824799774, 'penalty': 'l2'}. Best is trial 0 with value: 0.85.
[I 2026-04-21 10:35:06,835] Trial 24 finished with value: 0.8 and parameters: {'C': 0.0866350039009655, 'penalty': 'l2'}. Best is trial 0 with value: 0.85.
[I 2026-04-21 10:35:06,867] Trial 25 finished with value: 0.85 and parameters: {'C': 0.0026968339788182223, 'penalty': 'l2'}. Best is trial 0 with value: 0.85.
[I 2026-04-21 10:35:06,895] Trial 26 finished with value: 0.8 and parameters: {'C': 0.0010196852170160282, 'penalty': 'l2'}. Best is trial 0 with value: 0.85.
[I 2026-04-21 10:35:06,915] Trial 27 finished with value: 0.85 and parameters: {'C': 0.01275333058974034, 'penalty': 'l2'}. Best is trial 0 with value: 0.85.
[I 2026-04-21 10:35:06,945] Trial 28 finished with value: 0.85 and parameters: {'C': 0.002594093876683936, 'penalty': 'l2'}. Best is trial 0 with value: 0.85.
[I 2026-04-21 10:35:06,965] Trial 29 finished with value: 0.85 and parameters: {'C': 0.027304560234151686, 'penalty': 'l2'}. Best is trial 0 with value: 0.85.
[I 2026-04-21 10:35:07,014] A new study created in memory with name: knn
[I 2026-04-21 10:35:07,027] Trial 0 finished with value: 0.65 and parameters: {'n_neighbors': 3, 'leaf_size': 36, 'p': 2}. Best is trial 0 with value: 0.65.
[I 2026-04-21 10:35:07,040] Trial 1 finished with value: 0.75 and parameters: {'n_neighbors': 10, 'leaf_size': 31, 'p': 1}. Best is trial 1 with value: 0.75.
[I 2026-04-21 10:35:07,053] Trial 2 finished with value: 0.8 and parameters: {'n_neighbors': 5, 'leaf_size': 30, 'p': 2}. Best is trial 2 with value: 0.8.
[I 2026-04-21 10:35:07,066] Trial 3 finished with value: 0.8 and parameters: {'n_neighbors': 6, 'leaf_size': 21, 'p': 2}. Best is trial 2 with value: 0.8.
[I 2026-04-21 10:35:07,078] Trial 4 finished with value: 0.75 and parameters: {'n_neighbors': 4, 'leaf_size': 29, 'p': 1}. Best is trial 2 with value: 0.8.
[I 2026-04-21 10:35:07,091] Trial 5 finished with value: 0.7 and parameters: {'n_neighbors': 7, 'leaf_size': 39, 'p': 2}. Best is trial 2 with value: 0.8.
[I 2026-04-21 10:35:07,103] Trial 6 finished with value: 0.65 and parameters: {'n_neighbors': 10, 'leaf_size': 22, 'p': 2}. Best is trial 2 with value: 0.8.
[I 2026-04-21 10:35:07,115] Trial 7 finished with value: 0.75 and parameters: {'n_neighbors': 8, 'leaf_size': 29, 'p': 2}. Best is trial 2 with value: 0.8.
[I 2026-04-21 10:35:07,129] Trial 8 finished with value: 0.8 and parameters: {'n_neighbors': 5, 'leaf_size': 30, 'p': 2}. Best is trial 2 with value: 0.8.
[I 2026-04-21 10:35:07,144] Trial 9 finished with value: 0.7 and parameters: {'n_neighbors': 9, 'leaf_size': 26, 'p': 1}. Best is trial 2 with value: 0.8.
