[I 2026-04-21 10:27:03,234] Trial 25 finished with value: 0.55 and parameters: {'C': 0.01721701128157504, 'gamma': 0.0007684419252251294}. Best is trial 10 with value: 0.75.
[I 2026-04-21 10:27:03,255] Trial 26 finished with value: 0.65 and parameters: {'C': 0.08318957463987786, 'gamma': 0.000316201615415791}. Best is trial 10 with value: 0.75.
[I 2026-04-21 10:27:03,276] Trial 27 finished with value: 0.45 and parameters: {'C': 0.04398118861300725, 'gamma': 0.003628388080680474}. Best is trial 10 with value: 0.75.
[I 2026-04-21 10:27:03,308] Trial 28 finished with value: 0.45 and parameters: {'C': 0.016960645551334422, 'gamma': 0.07137551394367328}. Best is trial 10 with value: 0.75.
[I 2026-04-21 10:27:03,336] Trial 29 finished with value: 0.7 and parameters: {'C': 0.07261363573248379, 'gamma': 0.00024219862159046354}. Best is trial 10 with value: 0.75.
[I 2026-04-21 10:27:03,732] A new study created in memory with name: naive_bayes
[I 2026-04-21 10:27:03,745] Trial 0 finished with value: 0.65 and parameters: {'var_smoothing': 2.7796258518939306e-10}. Best is trial 0 with value: 0.65.
[I 2026-04-21 10:27:03,758] Trial 1 finished with value: 0.65 and parameters: {'var_smoothing': 5.513972710118387e-09}. Best is trial 0 with value: 0.65.
[I 2026-04-21 10:27:03,771] Trial 2 finished with value: 0.65 and parameters: {'var_smoothing': 2.590826381512706e-10}. Best is trial 0 with value: 0.65.
[I 2026-04-21 10:27:03,785] Trial 3 finished with value: 0.65 and parameters: {'var_smoothing': 6.874194498027403e-09}. Best is trial 0 with value: 0.65.
[I 2026-04-21 10:27:03,797] Trial 4 finished with value: 0.65 and parameters: {'var_smoothing': 9.480306482679771e-10}. Best is trial 0 with value: 0.65.
[I 2026-04-21 10:27:03,811] Trial 5 finished with value: 0.65 and parameters: {'var_smoothing': 1.6729683536668864e-09}. Best is trial 0 with value: 0.65.
[I 2026-04-21 10:27:03,825] Trial 6 finished with value: 0.65 and parameters: {'var_smoothing': 3.402637726935598e-09}. Best is trial 0 with value: 0.65.
[I 2026-04-21 10:27:03,837] Trial 7 finished with value: 0.65 and parameters: {'var_smoothing': 1.0885189040847657e-09}. Best is trial 0 with value: 0.65.
[I 2026-04-21 10:27:03,850] Trial 8 finished with value: 0.65 and parameters: {'var_smoothing': 3.922843686541149e-10}. Best is trial 0 with value: 0.65.
[I 2026-04-21 10:27:03,864] Trial 9 finished with value: 0.65 and parameters: {'var_smoothing': 2.3737908819373785e-10}. Best is trial 0 with value: 0.65.
[I 2026-04-21 10:27:03,884] Trial 10 finished with value: 0.65 and parameters: {'var_smoothing': 1.005826617097841e-10}. Best is trial 0 with value: 0.65.
[I 2026-04-21 10:27:03,904] Trial 11 finished with value: 0.65 and parameters: {'var_smoothing': 8.246040091550826e-09}. Best is trial 0 with value: 0.65.
[I 2026-04-21 10:27:03,924] Trial 12 finished with value: 0.65 and parameters: {'var_smoothing': 5.714429769091136e-10}. Best is trial 0 with value: 0.65.
[I 2026-04-21 10:27:03,943] Trial 13 finished with value: 0.65 and parameters: {'var_smoothing': 3.0046394488828834e-09}. Best is trial 0 with value: 0.65.
[I 2026-04-21 10:27:03,960] Trial 14 finished with value: 0.65 and parameters: {'var_smoothing': 1.0161521526134228e-10}. Best is trial 0 with value: 0.65.
[I 2026-04-21 10:27:03,980] Trial 15 finished with value: 0.65 and parameters: {'var_smoothing': 3.455011319435438e-09}. Best is trial 0 with value: 0.65.
[I 2026-04-21 10:27:03,998] Trial 16 finished with value: 0.65 and parameters: {'var_smoothing': 2.2038800241203009e-10}. Best is trial 0 with value: 0.65.
[I 2026-04-21 10:27:04,014] Trial 17 finished with value: 0.65 and parameters: {'var_smoothing': 1.8515987176145925e-09}. Best is trial 0 with value: 0.65.
[I 2026-04-21 10:27:04,033] Trial 18 finished with value: 0.65 and parameters: {'var_smoothing': 5.024285700153026e-10}. Best is trial 0 with value: 0.65.
[I 2026-04-21 10:27:04,053] Trial 19 finished with value: 0.65 and parameters: {'var_smoothing': 4.958025424412893e-09}. Best is trial 0 with value: 0.65.
[I 2026-04-21 10:27:04,071] Trial 20 finished with value: 0.65 and parameters: {'var_smoothing': 8.344000526157384e-10}. Best is trial 0 with value: 0.65.
[I 2026-04-21 10:27:04,087] Trial 21 finished with value: 0.65 and parameters: {'var_smoothing': 2.46080689865309e-10}. Best is trial 0 with value: 0.65.
[I 2026-04-21 10:27:04,103] Trial 22 finished with value: 0.65 and parameters: {'var_smoothing': 1.4445108350594728e-10}. Best is trial 0 with value: 0.65.
[I 2026-04-21 10:27:04,120] Trial 23 finished with value: 0.65 and parameters: {'var_smoothing': 3.3715577896606737e-10}. Best is trial 0 with value: 0.65.
[I 2026-04-21 10:27:04,140] Trial 24 finished with value: 0.65 and parameters: {'var_smoothing': 1.572466431855027e-10}. Best is trial 0 with value: 0.65.
[I 2026-04-21 10:27:04,160] Trial 25 finished with value: 0.65 and parameters: {'var_smoothing': 7.281746293576245e-10}. Best is trial 0 with value: 0.65.
[I 2026-04-21 10:27:04,177] Trial 26 finished with value: 0.65 and parameters: {'var_smoothing': 3.386254640873244e-10}. Best is trial 0 with value: 0.65.
[I 2026-04-21 10:27:04,196] Trial 27 finished with value: 0.65 and parameters: {'var_smoothing': 1.3918180959975328e-09}. Best is trial 0 with value: 0.65.
[I 2026-04-21 10:27:04,214] Trial 28 finished with value: 0.65 and parameters: {'var_smoothing': 2.3715836084533434e-09}. Best is trial 0 with value: 0.65.
[I 2026-04-21 10:27:04,231] Trial 29 finished with value: 0.65 and parameters: {'var_smoothing': 9.477075781575649e-09}. Best is trial 0 with value: 0.65.
[I 2026-04-21 10:27:04,644] A new study created in memory with name: logreg
[I 2026-04-21 10:27:04,668] Trial 0 finished with value: 0.65 and parameters: {'C': 0.012881482725481003, 'penalty': 'l2'}. Best is trial 0 with value: 0.65.
[I 2026-04-21 10:27:04,693] Trial 1 finished with value: 0.6 and parameters: {'C': 22.576755560681583, 'penalty': 'l2'}. Best is trial 0 with value: 0.65.
[I 2026-04-21 10:27:04,717] Trial 2 finished with value: 0.65 and parameters: {'C': 0.010804278656839932, 'penalty': 'l2'}. Best is trial 0 with value: 0.65.
[I 2026-04-21 10:27:04,752] Trial 3 finished with value: 0.6 and parameters: {'C': 39.17910760336117, 'penalty': 'l2'}. Best is trial 0 with value: 0.65.
[I 2026-04-21 10:27:04,775] Trial 4 finished with value: 0.55 and parameters: {'C': 0.2767298094062571, 'penalty': 'l2'}. Best is trial 0 with value: 0.65.
[I 2026-04-21 10:27:04,807] Trial 5 finished with value: 0.6 and parameters: {'C': 1.1447728330837224, 'penalty': 'l2'}. Best is trial 0 with value: 0.65.
[I 2026-04-21 10:27:04,830] Trial 6 finished with value: 0.6 and parameters: {'C': 6.753661388238877, 'penalty': 'l2'}. Best is trial 0 with value: 0.65.
[I 2026-04-21 10:27:04,853] Trial 7 finished with value: 0.55 and parameters: {'C': 0.39092184460352974, 'penalty': 'l2'}. Best is trial 0 with value: 0.65.
[I 2026-04-21 10:27:04,878] Trial 8 finished with value: 0.6 and parameters: {'C': 0.03047912590082646, 'penalty': 'l2'}. Best is trial 0 with value: 0.65.
[I 2026-04-21 10:27:04,903] Trial 9 finished with value: 0.65 and parameters: {'C': 0.008681727362499118, 'penalty': 'l2'}. Best is trial 0 with value: 0.65.
[I 2026-04-21 10:27:04,931] Trial 10 finished with value: 0.75 and parameters: {'C': 0.0010146302597657177, 'penalty': 'l2'}. Best is trial 10 with value: 0.75.
[I 2026-04-21 10:27:04,961] Trial 11 finished with value: 0.75 and parameters: {'C': 0.0011115836709684572, 'penalty': 'l2'}. Best is trial 10 with value: 0.75.
[I 2026-04-21 10:27:04,991] Trial 12 finished with value: 0.75 and parameters: {'C': 0.001243356254442617, 'penalty': 'l2'}. Best is trial 10 with value: 0.75.
[I 2026-04-21 10:27:05,017] Trial 13 finished with value: 0.75 and parameters: {'C': 0.0016302790525623311, 'penalty': 'l2'}. Best is trial 10 with value: 0.75.
[I 2026-04-21 10:27:05,034] Trial 14 finished with value: 0.75 and parameters: {'C': 0.001002638109973618, 'penalty': 'l2'}. Best is trial 10 with value: 0.75.
[I 2026-04-21 10:27:05,061] Trial 15 finished with value: 0.6 and parameters: {'C': 0.08438830622291982, 'penalty': 'l2'}. Best is trial 10 with value: 0.75.
[I 2026-04-21 10:27:05,089] Trial 16 finished with value: 0.7 and parameters: {'C': 0.0035823185600286542, 'penalty': 'l2'}. Best is trial 10 with value: 0.75.
[I 2026-04-21 10:27:05,119] Trial 17 finished with value: 0.6 and parameters: {'C': 0.0539882537577037, 'penalty': 'l2'}. Best is trial 10 with value: 0.75.
[I 2026-04-21 10:27:05,141] Trial 18 finished with value: 0.7 and parameters: {'C': 0.004842952701647796, 'penalty': 'l2'}. Best is trial 10 with value: 0.75.
[I 2026-04-21 10:27:05,179] Trial 19 finished with value: 0.6 and parameters: {'C': 1.5764099874493993, 'penalty': 'l2'}. Best is trial 10 with value: 0.75.
[I 2026-04-21 10:27:05,210] Trial 20 finished with value: 0.6 and parameters: {'C': 0.028507283812150664, 'penalty': 'l2'}. Best is trial 10 with value: 0.75.
[I 2026-04-21 10:27:05,240] Trial 21 finished with value: 0.75 and parameters: {'C': 0.00249886844093013, 'penalty': 'l2'}. Best is trial 10 with value: 0.75.
[I 2026-04-21 10:27:05,271] Trial 22 finished with value: 0.75 and parameters: {'C': 0.0014078519928444968, 'penalty': 'l2'}. Best is trial 10 with value: 0.75.
[I 2026-04-21 10:27:05,299] Trial 23 finished with value: 0.7 and parameters: {'C': 0.004694194040514273, 'penalty': 'l2'}. Best is trial 10 with value: 0.75.
[I 2026-04-21 10:27:05,319] Trial 24 finished with value: 0.75 and parameters: {'C': 0.001024249875220135, 'penalty': 'l2'}. Best is trial 10 with value: 0.75.
[I 2026-04-21 10:27:05,335] Trial 25 finished with value: 0.7 and parameters: {'C': 0.003505047209541011, 'penalty': 'l2'}. Best is trial 10 with value: 0.75.
[I 2026-04-21 10:27:05,363] Trial 26 finished with value: 0.6 and parameters: {'C': 0.0179242234661087, 'penalty': 'l2'}. Best is trial 10 with value: 0.75.
[I 2026-04-21 10:27:05,393] Trial 27 finished with value: 0.6 and parameters: {'C': 0.1052680256059867, 'penalty': 'l2'}. Best is trial 10 with value: 0.75.
[I 2026-04-21 10:27:05,422] Trial 28 finished with value: 0.65 and parameters: {'C': 0.006655313138849826, 'penalty': 'l2'}. Best is trial 10 with value: 0.75.
[I 2026-04-21 10:27:05,449] Trial 29 finished with value: 0.75 and parameters: {'C': 0.0021771844212378987, 'penalty': 'l2'}. Best is trial 10 with value: 0.75.
[I 2026-04-21 10:27:05,487] A new study created in memory with name: knn
[I 2026-04-21 10:27:05,501] Trial 0 finished with value: 0.75 and parameters: {'n_neighbors': 4, 'leaf_size': 38, 'p': 2}. Best is trial 0 with value: 0.75.
[I 2026-04-21 10:27:05,516] Trial 1 finished with value: 0.75 and parameters: {'n_neighbors': 6, 'leaf_size': 32, 'p': 1}. Best is trial 0 with value: 0.75.
[I 2026-04-21 10:27:05,529] Trial 2 finished with value: 0.7 and parameters: {'n_neighbors': 5, 'leaf_size': 23, 'p': 2}. Best is trial 0 with value: 0.75.
[I 2026-04-21 10:27:05,545] Trial 3 finished with value: 0.75 and parameters: {'n_neighbors': 6, 'leaf_size': 23, 'p': 1}. Best is trial 0 with value: 0.75.
[I 2026-04-21 10:27:05,559] Trial 4 finished with value: 0.75 and parameters: {'n_neighbors': 6, 'leaf_size': 26, 'p': 1}. Best is trial 0 with value: 0.75.
[I 2026-04-21 10:27:05,576] Trial 5 finished with value: 0.75 and parameters: {'n_neighbors': 7, 'leaf_size': 25, 'p': 1}. Best is trial 0 with value: 0.75.
[I 2026-04-21 10:27:05,591] Trial 6 finished with value: 0.7 and parameters: {'n_neighbors': 5, 'leaf_size': 23, 'p': 2}. Best is trial 0 with value: 0.75.
[I 2026-04-21 10:27:05,605] Trial 7 finished with value: 0.7 and parameters: {'n_neighbors': 10, 'leaf_size': 23, 'p': 2}. Best is trial 0 with value: 0.75.
[I 2026-04-21 10:27:05,620] Trial 8 finished with value: 0.75 and parameters: {'n_neighbors': 8, 'leaf_size': 36, 'p': 2}. Best is trial 0 with value: 0.75.
[I 2026-04-21 10:27:05,635] Trial 9 finished with value: 0.75 and parameters: {'n_neighbors': 3, 'leaf_size': 30, 'p': 2}. Best is trial 0 with value: 0.75.
[I 2026-04-21 10:27:05,660] Trial 10 finished with value: 0.75 and parameters: {'n_neighbors': 3, 'leaf_size': 40, 'p': 2}. Best is trial 0 with value: 0.75.
[I 2026-04-21 10:27:05,687] Trial 11 finished with value: 0.7 and parameters: {'n_neighbors': 4, 'leaf_size': 35, 'p': 1}. Best is trial 0 with value: 0.75.
[I 2026-04-21 10:27:05,712] Trial 12 finished with value: 0.7 and parameters: {'n_neighbors': 8, 'leaf_size': 33, 'p': 1}. Best is trial 0 with value: 0.75.
[I 2026-04-21 10:27:05,734] Trial 13 finished with value: 0.7 and parameters: {'n_neighbors': 4, 'leaf_size': 40, 'p': 1}. Best is trial 0 with value: 0.75.
[I 2026-04-21 10:27:05,757] Trial 14 finished with value: 0.7 and parameters: {'n_neighbors': 5, 'leaf_size': 30, 'p': 2}. Best is trial 0 with value: 0.75.
[I 2026-04-21 10:27:05,781] Trial 15 finished with value: 0.75 and parameters: {'n_neighbors': 7, 'leaf_size': 37, 'p': 1}. Best is trial 0 with value: 0.75.
[I 2026-04-21 10:27:05,804] Trial 16 finished with value: 0.7 and parameters: {'n_neighbors': 10, 'leaf_size': 31, 'p': 2}. Best is trial 0 with value: 0.75.
[I 2026-04-21 10:27:05,831] Trial 17 finished with value: 0.7 and parameters: {'n_neighbors': 4, 'leaf_size': 38, 'p': 1}. Best is trial 0 with value: 0.75.
[I 2026-04-21 10:27:05,854] Trial 18 finished with value: 0.75 and parameters: {'n_neighbors': 8, 'leaf_size': 34, 'p': 2}. Best is trial 0 with value: 0.75.
[I 2026-04-21 10:27:05,878] Trial 19 finished with value: 0.75 and parameters: {'n_neighbors': 6, 'leaf_size': 28, 'p': 1}. Best is trial 0 with value: 0.75.
[I 2026-04-21 10:27:05,904] Trial 20 finished with value: 0.7 and parameters: {'n_neighbors': 9, 'leaf_size': 32, 'p': 1}. Best is trial 0 with value: 0.75.
[I 2026-04-21 10:27:05,928] Trial 21 finished with value: 0.75 and parameters: {'n_neighbors': 6, 'leaf_size': 20, 'p': 1}. Best is trial 0 with value: 0.75.
[I 2026-04-21 10:27:05,955] Trial 22 finished with value: 0.65 and parameters: {'n_neighbors': 5, 'leaf_size': 27, 'p': 1}. Best is trial 0 with value: 0.75.
[I 2026-04-21 10:27:05,981] Trial 23 finished with value: 0.75 and parameters: {'n_neighbors': 7, 'leaf_size': 28, 'p': 1}. Best is trial 0 with value: 0.75.
[I 2026-04-21 10:27:06,005] Trial 24 finished with value: 0.75 and parameters: {'n_neighbors': 6, 'leaf_size': 21, 'p': 1}. Best is trial 0 with value: 0.75.
[I 2026-04-21 10:27:06,032] Trial 25 finished with value: 0.7 and parameters: {'n_neighbors': 4, 'leaf_size': 38, 'p': 1}. Best is trial 0 with value: 0.75.
[I 2026-04-21 10:27:06,065] Trial 26 finished with value: 0.75 and parameters: {'n_neighbors': 3, 'leaf_size': 34, 'p': 2}. Best is trial 0 with value: 0.75.
[I 2026-04-21 10:27:06,090] Trial 27 finished with value: 0.65 and parameters: {'n_neighbors': 5, 'leaf_size': 32, 'p': 1}. Best is trial 0 with value: 0.75.
[I 2026-04-21 10:27:06,117] Trial 28 finished with value: 0.75 and parameters: {'n_neighbors': 7, 'leaf_size': 25, 'p': 2}. Best is trial 0 with value: 0.75.
[I 2026-04-21 10:27:06,141] Trial 29 finished with value: 0.7 and parameters: {'n_neighbors': 5, 'leaf_size': 29, 'p': 2}. Best is trial 0 with value: 0.75.
[I 2026-04-21 10:27:06,222] A new study created in memory with name: xgb
[I 2026-04-21 10:27:06,246] Trial 0 finished with value: 0.65 and parameters: {'n_estimators': 40, 'max_depth': 5, 'gamma': 0.789317070832284, 'subsample': 0.7592089939364717, 'colsample_bytree': 0.648400250788111}. Best is trial 0 with value: 0.65.
[I 2026-04-21 10:27:06,273] Trial 1 finished with value: 0.55 and parameters: {'n_estimators': 100, 'max_depth': 30, 'gamma': 0.34667781579300216, 'subsample': 0.7071175095405257, 'colsample_bytree': 0.6480399663668239}. Best is trial 0 with value: 0.65.
[I 2026-04-21 10:27:06,300] Trial 2 finished with value: 0.7 and parameters: {'n_estimators': 10, 'max_depth': 20, 'gamma': 0.3948075529198607, 'subsample': 0.5720821503267102, 'colsample_bytree': 0.5828064306006338}. Best is trial 2 with value: 0.7.
[I 2026-04-21 10:27:06,327] Trial 3 finished with value: 0.55 and parameters: {'n_estimators': 10, 'max_depth': 30, 'gamma': 0.8015631269999768, 'subsample': 0.5114665462195407, 'colsample_bytree': 0.788831429064878}. Best is trial 2 with value: 0.7.
[I 2026-04-21 10:27:06,365] Trial 4 finished with value: 0.55 and parameters: {'n_estimators': 100, 'max_depth': 5, 'gamma': 0.8834347783013348, 'subsample': 0.961374806972835, 'colsample_bytree': 0.5011071062662218}. Best is trial 2 with value: 0.7.
[I 2026-04-21 10:27:06,393] Trial 5 finished with value: 0.85 and parameters: {'n_estimators': 40, 'max_depth': 5, 'gamma': 0.5364379674896123, 'subsample': 0.5145557818363589, 'colsample_bytree': 0.5432628442011025}. Best is trial 5 with value: 0.85.
[I 2026-04-21 10:27:06,437] Trial 6 finished with value: 0.6 and parameters: {'n_estimators': 100, 'max_depth': 20, 'gamma': 0.6718205850237038, 'subsample': 0.9059511955902053, 'colsample_bytree': 0.9633413076219371}. Best is trial 5 with value: 0.85.
[I 2026-04-21 10:27:06,465] Trial 7 finished with value: 0.6 and parameters: {'n_estimators': 10, 'max_depth': 30, 'gamma': 0.8165284487704038, 'subsample': 0.5255714015506736, 'colsample_bytree': 0.594333867896554}. Best is trial 5 with value: 0.85.
[I 2026-04-21 10:27:06,503] Trial 8 finished with value: 0.7 and parameters: {'n_estimators': 100, 'max_depth': 20, 'gamma': 0.6251497693480509, 'subsample': 0.9696496759824258, 'colsample_bytree': 0.9717700410079397}. Best is trial 5 with value: 0.85.
[I 2026-04-21 10:27:06,531] Trial 9 finished with value: 0.6 and parameters: {'n_estimators': 40, 'max_depth': 30, 'gamma': 0.9649927737686168, 'subsample': 0.6857563076640036, 'colsample_bytree': 0.5061847058001788}. Best is trial 5 with value: 0.85.
[I 2026-04-21 10:27:06,572] Trial 10 finished with value: 0.55 and parameters: {'n_estimators': 40, 'max_depth': 5, 'gamma': 0.17962098877423716, 'subsample': 0.8185311023645913, 'colsample_bytree': 0.7898330861721071}. Best is trial 5 with value: 0.85.
[I 2026-04-21 10:27:06,614] Trial 11 finished with value: 0.65 and parameters: {'n_estimators': 10, 'max_depth': 20, 'gamma': 0.4309044066529876, 'subsample': 0.6051507994724706, 'colsample_bytree': 0.601313317424087}. Best is trial 5 with value: 0.85.
[I 2026-04-21 10:27:06,656] Trial 12 finished with value: 0.7 and parameters: {'n_estimators': 40, 'max_depth': 20, 'gamma': 0.45837106750501544, 'subsample': 0.6075140464738895, 'colsample_bytree': 0.7136404265878388}. Best is trial 5 with value: 0.85.
[I 2026-04-21 10:27:06,695] Trial 13 finished with value: 0.7 and parameters: {'n_estimators': 10, 'max_depth': 5, 'gamma': 0.2520903312233983, 'subsample': 0.6006236694857023, 'colsample_bytree': 0.5598153955516226}. Best is trial 5 with value: 0.85.
[I 2026-04-21 10:27:06,737] Trial 14 finished with value: 0.7 and parameters: {'n_estimators': 10, 'max_depth': 20, 'gamma': 0.5315893195452142, 'subsample': 0.5642103085085849, 'colsample_bytree': 0.7106194337227647}. Best is trial 5 with value: 0.85.
[I 2026-04-21 10:27:06,777] Trial 15 finished with value: 0.7 and parameters: {'n_estimators': 40, 'max_depth': 5, 'gamma': 0.31798733692887876, 'subsample': 0.6576828198587409, 'colsample_bytree': 0.8604557310580807}. Best is trial 5 with value: 0.85.
[I 2026-04-21 10:27:06,815] Trial 16 finished with value: 0.55 and parameters: {'n_estimators': 10, 'max_depth': 20, 'gamma': 0.11168447854270774, 'subsample': 0.5102946134786082, 'colsample_bytree': 0.5588938177267717}. Best is trial 5 with value: 0.85.
[I 2026-04-21 10:27:06,854] Trial 17 finished with value: 0.6 and parameters: {'n_estimators': 40, 'max_depth': 5, 'gamma': 0.621085656762728, 'subsample': 0.7960021556276259, 'colsample_bytree': 0.6535147715713203}. Best is trial 5 with value: 0.85.
[I 2026-04-21 10:27:06,893] Trial 18 finished with value: 0.8 and parameters: {'n_estimators': 10, 'max_depth': 20, 'gamma': 0.44300954879266374, 'subsample': 0.6484832531876555, 'colsample_bytree': 0.554076958728888}. Best is trial 5 with value: 0.85.
[I 2026-04-21 10:27:06,933] Trial 19 finished with value: 0.65 and parameters: {'n_estimators': 40, 'max_depth': 5, 'gamma': 0.5132914415394083, 'subsample': 0.6539147222916971, 'colsample_bytree': 0.8877379470798062}. Best is trial 5 with value: 0.85.
[I 2026-04-21 10:27:06,972] Trial 20 finished with value: 0.5 and parameters: {'n_estimators': 10, 'max_depth': 20, 'gamma': 0.6926979615413129, 'subsample': 0.7169194461233968, 'colsample_bytree': 0.5290255109717205}. Best is trial 5 with value: 0.85.
[I 2026-04-21 10:27:07,012] Trial 21 finished with value: 0.6 and parameters: {'n_estimators': 10, 'max_depth': 20, 'gamma': 0.40085365707107645, 'subsample': 0.5653327850471634, 'colsample_bytree': 0.5970781774125294}. Best is trial 5 with value: 0.85.
[I 2026-04-21 10:27:07,051] Trial 22 finished with value: 0.8 and parameters: {'n_estimators': 10, 'max_depth': 20, 'gamma': 0.2734410587374074, 'subsample': 0.6405209151560747, 'colsample_bytree': 0.5534142799645407}. Best is trial 5 with value: 0.85.
[I 2026-04-21 10:27:07,089] Trial 23 finished with value: 0.8 and parameters: {'n_estimators': 10, 'max_depth': 20, 'gamma': 0.3057805913277553, 'subsample': 0.6430086474678001, 'colsample_bytree': 0.5425264595199364}. Best is trial 5 with value: 0.85.
[I 2026-04-21 10:27:07,130] Trial 24 finished with value: 0.5 and parameters: {'n_estimators': 10, 'max_depth': 20, 'gamma': 0.2240065994378153, 'subsample': 0.7593782787982607, 'colsample_bytree': 0.6395035306007338}. Best is trial 5 with value: 0.85.
[I 2026-04-21 10:27:07,171] Trial 25 finished with value: 0.6 and parameters: {'n_estimators': 40, 'max_depth': 5, 'gamma': 0.4794805697321898, 'subsample': 0.8398032323069009, 'colsample_bytree': 0.7005875275823846}. Best is trial 5 with value: 0.85.
