[I 2026-04-21 10:26:26,595] Trial 8 finished with value: 0.4 and parameters: {'n_neighbors': 8, 'leaf_size': 36, 'p': 2}. Best is trial 7 with value: 0.55.
[I 2026-04-21 10:26:26,609] Trial 9 finished with value: 0.35 and parameters: {'n_neighbors': 3, 'leaf_size': 30, 'p': 2}. Best is trial 7 with value: 0.55.
[I 2026-04-21 10:26:26,632] Trial 10 finished with value: 0.55 and parameters: {'n_neighbors': 10, 'leaf_size': 20, 'p': 2}. Best is trial 7 with value: 0.55.
[I 2026-04-21 10:26:26,653] Trial 11 finished with value: 0.55 and parameters: {'n_neighbors': 10, 'leaf_size': 20, 'p': 2}. Best is trial 7 with value: 0.55.
[I 2026-04-21 10:26:26,676] Trial 12 finished with value: 0.55 and parameters: {'n_neighbors': 10, 'leaf_size': 28, 'p': 2}. Best is trial 7 with value: 0.55.
[I 2026-04-21 10:26:26,697] Trial 13 finished with value: 0.55 and parameters: {'n_neighbors': 9, 'leaf_size': 20, 'p': 2}. Best is trial 7 with value: 0.55.
[I 2026-04-21 10:26:26,719] Trial 14 finished with value: 0.55 and parameters: {'n_neighbors': 9, 'leaf_size': 21, 'p': 2}. Best is trial 7 with value: 0.55.
[I 2026-04-21 10:26:26,745] Trial 15 finished with value: 0.4 and parameters: {'n_neighbors': 8, 'leaf_size': 33, 'p': 2}. Best is trial 7 with value: 0.55.
[I 2026-04-21 10:26:26,766] Trial 16 finished with value: 0.55 and parameters: {'n_neighbors': 10, 'leaf_size': 27, 'p': 2}. Best is trial 7 with value: 0.55.
[I 2026-04-21 10:26:26,789] Trial 17 finished with value: 0.55 and parameters: {'n_neighbors': 9, 'leaf_size': 24, 'p': 2}. Best is trial 7 with value: 0.55.
[I 2026-04-21 10:26:26,815] Trial 18 finished with value: 0.35 and parameters: {'n_neighbors': 8, 'leaf_size': 29, 'p': 1}. Best is trial 7 with value: 0.55.
[I 2026-04-21 10:26:26,838] Trial 19 finished with value: 0.55 and parameters: {'n_neighbors': 10, 'leaf_size': 21, 'p': 2}. Best is trial 7 with value: 0.55.
[I 2026-04-21 10:26:26,861] Trial 20 finished with value: 0.4 and parameters: {'n_neighbors': 7, 'leaf_size': 40, 'p': 2}. Best is trial 7 with value: 0.55.
[I 2026-04-21 10:26:26,885] Trial 21 finished with value: 0.55 and parameters: {'n_neighbors': 10, 'leaf_size': 20, 'p': 2}. Best is trial 7 with value: 0.55.
[I 2026-04-21 10:26:26,909] Trial 22 finished with value: 0.55 and parameters: {'n_neighbors': 9, 'leaf_size': 22, 'p': 2}. Best is trial 7 with value: 0.55.
[I 2026-04-21 10:26:26,932] Trial 23 finished with value: 0.55 and parameters: {'n_neighbors': 10, 'leaf_size': 20, 'p': 2}. Best is trial 7 with value: 0.55.
[I 2026-04-21 10:26:26,957] Trial 24 finished with value: 0.55 and parameters: {'n_neighbors': 9, 'leaf_size': 25, 'p': 2}. Best is trial 7 with value: 0.55.
[I 2026-04-21 10:26:26,980] Trial 25 finished with value: 0.4 and parameters: {'n_neighbors': 8, 'leaf_size': 22, 'p': 2}. Best is trial 7 with value: 0.55.
[I 2026-04-21 10:26:27,005] Trial 26 finished with value: 0.5 and parameters: {'n_neighbors': 10, 'leaf_size': 25, 'p': 1}. Best is trial 7 with value: 0.55.
[I 2026-04-21 10:26:27,042] Trial 27 finished with value: 0.55 and parameters: {'n_neighbors': 9, 'leaf_size': 22, 'p': 2}. Best is trial 7 with value: 0.55.
[I 2026-04-21 10:26:27,063] Trial 28 finished with value: 0.55 and parameters: {'n_neighbors': 10, 'leaf_size': 20, 'p': 2}. Best is trial 7 with value: 0.55.
[I 2026-04-21 10:26:27,086] Trial 29 finished with value: 0.4 and parameters: {'n_neighbors': 7, 'leaf_size': 35, 'p': 2}. Best is trial 7 with value: 0.55.
[I 2026-04-21 10:26:27,517] A new study created in memory with name: xgb
[I 2026-04-21 10:26:27,542] Trial 0 finished with value: 0.3 and parameters: {'n_estimators': 40, 'max_depth': 5, 'gamma': 0.789317070832284, 'subsample': 0.7592089939364717, 'colsample_bytree': 0.648400250788111}. Best is trial 0 with value: 0.3.
[I 2026-04-21 10:26:27,569] Trial 1 finished with value: 0.2 and parameters: {'n_estimators': 100, 'max_depth': 30, 'gamma': 0.34667781579300216, 'subsample': 0.7071175095405257, 'colsample_bytree': 0.6480399663668239}. Best is trial 0 with value: 0.3.
[I 2026-04-21 10:26:27,597] Trial 2 finished with value: 0.45 and parameters: {'n_estimators': 10, 'max_depth': 20, 'gamma': 0.3948075529198607, 'subsample': 0.5720821503267102, 'colsample_bytree': 0.5828064306006338}. Best is trial 2 with value: 0.45.
[I 2026-04-21 10:26:27,625] Trial 3 finished with value: 0.35 and parameters: {'n_estimators': 10, 'max_depth': 30, 'gamma': 0.8015631269999768, 'subsample': 0.5114665462195407, 'colsample_bytree': 0.788831429064878}. Best is trial 2 with value: 0.45.
[I 2026-04-21 10:26:27,652] Trial 4 finished with value: 0.25 and parameters: {'n_estimators': 100, 'max_depth': 5, 'gamma': 0.8834347783013348, 'subsample': 0.961374806972835, 'colsample_bytree': 0.5011071062662218}. Best is trial 2 with value: 0.45.
[I 2026-04-21 10:26:27,680] Trial 5 finished with value: 0.2 and parameters: {'n_estimators': 40, 'max_depth': 5, 'gamma': 0.5364379674896123, 'subsample': 0.5145557818363589, 'colsample_bytree': 0.5432628442011025}. Best is trial 2 with value: 0.45.
[I 2026-04-21 10:26:27,717] Trial 6 finished with value: 0.2 and parameters: {'n_estimators': 100, 'max_depth': 20, 'gamma': 0.6718205850237038, 'subsample': 0.9059511955902053, 'colsample_bytree': 0.9633413076219371}. Best is trial 2 with value: 0.45.
[I 2026-04-21 10:26:27,744] Trial 7 finished with value: 0.5 and parameters: {'n_estimators': 10, 'max_depth': 30, 'gamma': 0.8165284487704038, 'subsample': 0.5255714015506736, 'colsample_bytree': 0.594333867896554}. Best is trial 7 with value: 0.5.
[I 2026-04-21 10:26:27,783] Trial 8 finished with value: 0.25 and parameters: {'n_estimators': 100, 'max_depth': 20, 'gamma': 0.6251497693480509, 'subsample': 0.9696496759824258, 'colsample_bytree': 0.9717700410079397}. Best is trial 7 with value: 0.5.
[I 2026-04-21 10:26:27,810] Trial 9 finished with value: 0.15 and parameters: {'n_estimators': 40, 'max_depth': 30, 'gamma': 0.9649927737686168, 'subsample': 0.6857563076640036, 'colsample_bytree': 0.5061847058001788}. Best is trial 7 with value: 0.5.
[I 2026-04-21 10:26:27,849] Trial 10 finished with value: 0.4 and parameters: {'n_estimators': 10, 'max_depth': 30, 'gamma': 0.17962098877423716, 'subsample': 0.8185311023645913, 'colsample_bytree': 0.7898330861721071}. Best is trial 7 with value: 0.5.
[I 2026-04-21 10:26:27,890] Trial 11 finished with value: 0.4 and parameters: {'n_estimators': 10, 'max_depth': 20, 'gamma': 0.4309044066529876, 'subsample': 0.6051507994724706, 'colsample_bytree': 0.645964322148303}. Best is trial 7 with value: 0.5.
[I 2026-04-21 10:26:27,930] Trial 12 finished with value: 0.45 and parameters: {'n_estimators': 10, 'max_depth': 20, 'gamma': 0.28240418702901515, 'subsample': 0.6007735171215256, 'colsample_bytree': 0.5967486271986544}. Best is trial 7 with value: 0.5.
[I 2026-04-21 10:26:27,969] Trial 13 finished with value: 0.4 and parameters: {'n_estimators': 10, 'max_depth': 20, 'gamma': 0.48435430950093433, 'subsample': 0.6055431414208112, 'colsample_bytree': 0.7264140032494837}. Best is trial 7 with value: 0.5.
[I 2026-04-21 10:26:28,008] Trial 14 finished with value: 0.55 and parameters: {'n_estimators': 10, 'max_depth': 30, 'gamma': 0.10994622175030377, 'subsample': 0.5642103085085849, 'colsample_bytree': 0.5977335213381476}. Best is trial 14 with value: 0.55.
[I 2026-04-21 10:26:28,048] Trial 15 finished with value: 0.3 and parameters: {'n_estimators': 10, 'max_depth': 30, 'gamma': 0.12225147656691177, 'subsample': 0.6662547591576553, 'colsample_bytree': 0.7227029601296806}. Best is trial 14 with value: 0.55.
[I 2026-04-21 10:26:28,089] Trial 16 finished with value: 0.5 and parameters: {'n_estimators': 10, 'max_depth': 30, 'gamma': 0.6802963422890347, 'subsample': 0.523336274599611, 'colsample_bytree': 0.8810094054474}. Best is trial 14 with value: 0.55.
[I 2026-04-21 10:26:28,125] Trial 17 finished with value: 0.4 and parameters: {'n_estimators': 10, 'max_depth': 30, 'gamma': 0.26827153795914604, 'subsample': 0.7988585988950098, 'colsample_bytree': 0.6859571840383414}. Best is trial 14 with value: 0.55.
[I 2026-04-21 10:26:28,162] Trial 18 finished with value: 0.5 and parameters: {'n_estimators': 10, 'max_depth': 30, 'gamma': 0.9922934616175154, 'subsample': 0.5572756959124753, 'colsample_bytree': 0.5821386162167359}. Best is trial 14 with value: 0.55.
[I 2026-04-21 10:26:28,201] Trial 19 finished with value: 0.2 and parameters: {'n_estimators': 40, 'max_depth': 30, 'gamma': 0.8013646336241141, 'subsample': 0.6385018241519915, 'colsample_bytree': 0.8565652833623394}. Best is trial 14 with value: 0.55.
[I 2026-04-21 10:26:28,238] Trial 20 finished with value: 0.4 and parameters: {'n_estimators': 10, 'max_depth': 30, 'gamma': 0.5576205484803076, 'subsample': 0.7515116175854036, 'colsample_bytree': 0.6189608820187275}. Best is trial 14 with value: 0.55.
[I 2026-04-21 10:26:28,278] Trial 21 finished with value: 0.35 and parameters: {'n_estimators': 10, 'max_depth': 30, 'gamma': 0.7162090164048062, 'subsample': 0.5036446129222827, 'colsample_bytree': 0.9023568030667721}. Best is trial 14 with value: 0.55.
[I 2026-04-21 10:26:28,315] Trial 22 finished with value: 0.5 and parameters: {'n_estimators': 10, 'max_depth': 30, 'gamma': 0.7059305115978466, 'subsample': 0.5545094794207941, 'colsample_bytree': 0.8712304081814923}. Best is trial 14 with value: 0.55.
[I 2026-04-21 10:26:28,353] Trial 23 finished with value: 0.5 and parameters: {'n_estimators': 10, 'max_depth': 30, 'gamma': 0.9050093570823308, 'subsample': 0.5456108768178985, 'colsample_bytree': 0.7949632396074957}. Best is trial 14 with value: 0.55.
[I 2026-04-21 10:26:28,390] Trial 24 finished with value: 0.4 and parameters: {'n_estimators': 10, 'max_depth': 30, 'gamma': 0.6037622899806956, 'subsample': 0.6481743941353858, 'colsample_bytree': 0.6983755948958082}. Best is trial 14 with value: 0.55.
[I 2026-04-21 10:26:28,430] Trial 25 finished with value: 0.45 and parameters: {'n_estimators': 10, 'max_depth': 5, 'gamma': 0.8702730764140854, 'subsample': 0.5888783313966505, 'colsample_bytree': 0.9325979582640386}. Best is trial 14 with value: 0.55.
[I 2026-04-21 10:26:28,469] Trial 26 finished with value: 0.5 and parameters: {'n_estimators': 10, 'max_depth': 30, 'gamma': 0.763296472042147, 'subsample': 0.5311188194375137, 'colsample_bytree': 0.5434947210674334}. Best is trial 14 with value: 0.55.
[I 2026-04-21 10:26:28,506] Trial 27 finished with value: 0.3 and parameters: {'n_estimators': 10, 'max_depth': 30, 'gamma': 0.6476708331288952, 'subsample': 0.6302969876825375, 'colsample_bytree': 0.8523196893019345}. Best is trial 14 with value: 0.55.
[I 2026-04-21 10:26:28,546] Trial 28 finished with value: 0.2 and parameters: {'n_estimators': 40, 'max_depth': 30, 'gamma': 0.5057180692998234, 'subsample': 0.6998359560202456, 'colsample_bytree': 0.8202137753842323}. Best is trial 14 with value: 0.55.
[I 2026-04-21 10:26:28,593] Trial 29 finished with value: 0.25 and parameters: {'n_estimators': 100, 'max_depth': 5, 'gamma': 0.7375396462458513, 'subsample': 0.8819958673525079, 'colsample_bytree': 0.6736613999066531}. Best is trial 14 with value: 0.55.
[I 2026-04-21 10:26:29,045] A new study created in memory with name: rf
[I 2026-04-21 10:26:29,310] Trial 0 finished with value: 0.5 and parameters: {'n_estimators': 189, 'max_depth': 18, 'min_samples_split': 3, 'min_samples_leaf': 10}. Best is trial 0 with value: 0.5.
[I 2026-04-21 10:26:29,639] Trial 1 finished with value: 0.55 and parameters: {'n_estimators': 295, 'max_depth': 14, 'min_samples_split': 8, 'min_samples_leaf': 6}. Best is trial 1 with value: 0.55.
[I 2026-04-21 10:26:29,895] Trial 2 finished with value: 0.5 and parameters: {'n_estimators': 219, 'max_depth': 6, 'min_samples_split': 2, 'min_samples_leaf': 8}. Best is trial 1 with value: 0.55.
[I 2026-04-21 10:26:30,243] Trial 3 finished with value: 0.35 and parameters: {'n_estimators': 276, 'max_depth': 5, 'min_samples_split': 9, 'min_samples_leaf': 3}. Best is trial 1 with value: 0.55.
[I 2026-04-21 10:26:30,560] Trial 4 finished with value: 0.5 and parameters: {'n_estimators': 266, 'max_depth': 8, 'min_samples_split': 7, 'min_samples_leaf': 6}. Best is trial 1 with value: 0.55.
[I 2026-04-21 10:26:30,946] Trial 5 finished with value: 0.3 and parameters: {'n_estimators': 340, 'max_depth': 7, 'min_samples_split': 4, 'min_samples_leaf': 3}. Best is trial 1 with value: 0.55.
[I 2026-04-21 10:26:31,228] Trial 6 finished with value: 0.5 and parameters: {'n_estimators': 231, 'max_depth': 5, 'min_samples_split': 3, 'min_samples_leaf': 10}. Best is trial 1 with value: 0.55.
[I 2026-04-21 10:26:31,748] Trial 7 finished with value: 0.35 and parameters: {'n_estimators': 485, 'max_depth': 6, 'min_samples_split': 2, 'min_samples_leaf': 3}. Best is trial 1 with value: 0.55.
[I 2026-04-21 10:26:32,184] Trial 8 finished with value: 0.5 and parameters: {'n_estimators': 380, 'max_depth': 17, 'min_samples_split': 2, 'min_samples_leaf': 6}. Best is trial 1 with value: 0.55.
[I 2026-04-21 10:26:32,340] Trial 9 finished with value: 0.5 and parameters: {'n_estimators': 100, 'max_depth': 12, 'min_samples_split': 7, 'min_samples_leaf': 10}. Best is trial 1 with value: 0.55.
[I 2026-04-21 10:26:32,898] Trial 10 finished with value: 0.5 and parameters: {'n_estimators': 446, 'max_depth': 13, 'min_samples_split': 10, 'min_samples_leaf': 5}. Best is trial 1 with value: 0.55.
[I 2026-04-21 10:26:33,153] Trial 11 finished with value: 0.45 and parameters: {'n_estimators': 149, 'max_depth': 20, 'min_samples_split': 5, 'min_samples_leaf': 1}. Best is trial 1 with value: 0.55.
[I 2026-04-21 10:26:33,416] Trial 12 finished with value: 0.5 and parameters: {'n_estimators': 179, 'max_depth': 16, 'min_samples_split': 8, 'min_samples_leaf': 8}. Best is trial 1 with value: 0.55.
[I 2026-04-21 10:26:33,832] Trial 13 finished with value: 0.5 and parameters: {'n_estimators': 336, 'max_depth': 16, 'min_samples_split': 6, 'min_samples_leaf': 8}. Best is trial 1 with value: 0.55.
[I 2026-04-21 10:26:34,082] Trial 14 finished with value: 0.5 and parameters: {'n_estimators': 179, 'max_depth': 20, 'min_samples_split': 5, 'min_samples_leaf': 9}. Best is trial 1 with value: 0.55.
[I 2026-04-21 10:26:34,536] Trial 15 finished with value: 0.55 and parameters: {'n_estimators': 398, 'max_depth': 10, 'min_samples_split': 8, 'min_samples_leaf': 5}. Best is trial 1 with value: 0.55.
[I 2026-04-21 10:26:35,010] Trial 16 finished with value: 0.5 and parameters: {'n_estimators': 405, 'max_depth': 10, 'min_samples_split': 9, 'min_samples_leaf': 5}. Best is trial 1 with value: 0.55.
[I 2026-04-21 10:26:35,388] Trial 17 finished with value: 0.4 and parameters: {'n_estimators': 323, 'max_depth': 14, 'min_samples_split': 8, 'min_samples_leaf': 4}. Best is trial 1 with value: 0.55.
[I 2026-04-21 10:26:35,803] Trial 18 finished with value: 0.5 and parameters: {'n_estimators': 388, 'max_depth': 10, 'min_samples_split': 10, 'min_samples_leaf': 7}. Best is trial 1 with value: 0.55.
[I 2026-04-21 10:26:36,300] Trial 19 finished with value: 0.35 and parameters: {'n_estimators': 431, 'max_depth': 10, 'min_samples_split': 7, 'min_samples_leaf': 1}. Best is trial 1 with value: 0.55.
[I 2026-04-21 10:26:36,851] Trial 20 finished with value: 0.4 and parameters: {'n_estimators': 483, 'max_depth': 3, 'min_samples_split': 8, 'min_samples_leaf': 4}. Best is trial 1 with value: 0.55.
[I 2026-04-21 10:26:37,207] Trial 21 finished with value: 0.5 and parameters: {'n_estimators': 293, 'max_depth': 18, 'min_samples_split': 6, 'min_samples_leaf': 7}. Best is trial 1 with value: 0.55.
[I 2026-04-21 10:26:37,634] Trial 22 finished with value: 0.5 and parameters: {'n_estimators': 367, 'max_depth': 14, 'min_samples_split': 9, 'min_samples_leaf': 7}. Best is trial 1 with value: 0.55.
[I 2026-04-21 10:26:37,943] Trial 23 finished with value: 0.5 and parameters: {'n_estimators': 237, 'max_depth': 15, 'min_samples_split': 4, 'min_samples_leaf': 9}. Best is trial 1 with value: 0.55.
[I 2026-04-21 10:26:38,115] Trial 24 finished with value: 0.35 and parameters: {'n_estimators': 113, 'max_depth': 18, 'min_samples_split': 6, 'min_samples_leaf': 4}. Best is trial 1 with value: 0.55.
[I 2026-04-21 10:26:38,420] Trial 25 finished with value: 0.5 and parameters: {'n_estimators': 198, 'max_depth': 12, 'min_samples_split': 8, 'min_samples_leaf': 6}. Best is trial 1 with value: 0.55.
[I 2026-04-21 10:26:38,724] Trial 26 finished with value: 0.4 and parameters: {'n_estimators': 258, 'max_depth': 9, 'min_samples_split': 5, 'min_samples_leaf': 2}. Best is trial 1 with value: 0.55.
[I 2026-04-21 10:26:39,115] Trial 27 finished with value: 0.45 and parameters: {'n_estimators': 307, 'max_depth': 18, 'min_samples_split': 7, 'min_samples_leaf': 5}. Best is trial 1 with value: 0.55.
[I 2026-04-21 10:26:39,362] Trial 28 finished with value: 0.5 and parameters: {'n_estimators': 141, 'max_depth': 11, 'min_samples_split': 4, 'min_samples_leaf': 9}. Best is trial 1 with value: 0.55.
[I 2026-04-21 10:26:39,864] Trial 29 finished with value: 0.5 and parameters: {'n_estimators': 438, 'max_depth': 14, 'min_samples_split': 3, 'min_samples_leaf': 7}. Best is trial 1 with value: 0.55.
[I 2026-04-21 10:26:40,886] A new study created in memory with name: mlp
[I 2026-04-21 10:26:40,933] Trial 0 finished with value: 0.3 and parameters: {'hidden_layer_sizes': (200,), 'max_iter': 50, 'alpha': 0.001}. Best is trial 0 with value: 0.3.
[I 2026-04-21 10:26:41,009] Trial 1 finished with value: 0.3 and parameters: {'hidden_layer_sizes': (100,), 'max_iter': 100, 'alpha': 0.0001}. Best is trial 0 with value: 0.3.
[I 2026-04-21 10:26:41,064] Trial 2 finished with value: 0.25 and parameters: {'hidden_layer_sizes': (100,), 'max_iter': 100, 'alpha': 0.001}. Best is trial 0 with value: 0.3.
[I 2026-04-21 10:26:41,119] Trial 3 finished with value: 0.25 and parameters: {'hidden_layer_sizes': (200,), 'max_iter': 50, 'alpha': 0.001}. Best is trial 0 with value: 0.3.
[I 2026-04-21 10:26:41,187] Trial 4 finished with value: 0.25 and parameters: {'hidden_layer_sizes': (100,), 'max_iter': 100, 'alpha': 0.0001}. Best is trial 0 with value: 0.3.
[I 2026-04-21 10:26:41,253] Trial 5 finished with value: 0.25 and parameters: {'hidden_layer_sizes': (100,), 'max_iter': 100, 'alpha': 0.001}. Best is trial 0 with value: 0.3.
[I 2026-04-21 10:26:41,320] Trial 6 finished with value: 0.3 and parameters: {'hidden_layer_sizes': (200,), 'max_iter': 100, 'alpha': 0.001}. Best is trial 0 with value: 0.3.
[I 2026-04-21 10:26:41,408] Trial 7 finished with value: 0.25 and parameters: {'hidden_layer_sizes': (200,), 'max_iter': 100, 'alpha': 0.001}. Best is trial 0 with value: 0.3.
[I 2026-04-21 10:26:41,466] Trial 8 finished with value: 0.25 and parameters: {'hidden_layer_sizes': (100,), 'max_iter': 100, 'alpha': 0.001}. Best is trial 0 with value: 0.3.
[I 2026-04-21 10:26:41,501] Trial 9 finished with value: 0.25 and parameters: {'hidden_layer_sizes': (100,), 'max_iter': 50, 'alpha': 0.001}. Best is trial 0 with value: 0.3.
[I 2026-04-21 10:26:41,561] Trial 10 finished with value: 0.3 and parameters: {'hidden_layer_sizes': (100, 100), 'max_iter': 50, 'alpha': 0.0001}. Best is trial 0 with value: 0.3.
[I 2026-04-21 10:26:41,619] Trial 11 finished with value: 0.3 and parameters: {'hidden_layer_sizes': (100, 100), 'max_iter': 50, 'alpha': 0.0001}. Best is trial 0 with value: 0.3.
[I 2026-04-21 10:26:41,668] Trial 12 finished with value: 0.3 and parameters: {'hidden_layer_sizes': (200,), 'max_iter': 50, 'alpha': 0.0001}. Best is trial 0 with value: 0.3.
[I 2026-04-21 10:26:41,726] Trial 13 finished with value: 0.3 and parameters: {'hidden_layer_sizes': (200,), 'max_iter': 50, 'alpha': 0.0001}. Best is trial 0 with value: 0.3.
[I 2026-04-21 10:26:41,804] Trial 14 finished with value: 0.25 and parameters: {'hidden_layer_sizes': (100, 100), 'max_iter': 100, 'alpha': 0.0001}. Best is trial 0 with value: 0.3.
[I 2026-04-21 10:26:41,852] Trial 15 finished with value: 0.35 and parameters: {'hidden_layer_sizes': (100,), 'max_iter': 50, 'alpha': 0.0001}. Best is trial 15 with value: 0.35.
[I 2026-04-21 10:26:41,901] Trial 16 finished with value: 0.3 and parameters: {'hidden_layer_sizes': (200,), 'max_iter': 50, 'alpha': 0.001}. Best is trial 15 with value: 0.35.
[I 2026-04-21 10:26:41,948] Trial 17 finished with value: 0.3 and parameters: {'hidden_layer_sizes': (200,), 'max_iter': 50, 'alpha': 0.0001}. Best is trial 15 with value: 0.35.
[I 2026-04-21 10:26:41,995] Trial 18 finished with value: 0.35 and parameters: {'hidden_layer_sizes': (100,), 'max_iter': 50, 'alpha': 0.001}. Best is trial 15 with value: 0.35.
[I 2026-04-21 10:26:42,041] Trial 19 finished with value: 0.3 and parameters: {'hidden_layer_sizes': (100,), 'max_iter': 50, 'alpha': 0.0001}. Best is trial 15 with value: 0.35.
[I 2026-04-21 10:26:42,088] Trial 20 finished with value: 0.3 and parameters: {'hidden_layer_sizes': (100,), 'max_iter': 50, 'alpha': 0.0001}. Best is trial 15 with value: 0.35.
[I 2026-04-21 10:26:42,125] Trial 21 finished with value: 0.2 and parameters: {'hidden_layer_sizes': (100,), 'max_iter': 50, 'alpha': 0.001}. Best is trial 15 with value: 0.35.
[I 2026-04-21 10:26:42,161] Trial 22 finished with value: 0.3 and parameters: {'hidden_layer_sizes': (100,), 'max_iter': 50, 'alpha': 0.001}. Best is trial 15 with value: 0.35.
[I 2026-04-21 10:26:42,230] Trial 23 finished with value: 0.25 and parameters: {'hidden_layer_sizes': (100, 100), 'max_iter': 50, 'alpha': 0.001}. Best is trial 15 with value: 0.35.
[I 2026-04-21 10:26:42,268] Trial 24 finished with value: 0.25 and parameters: {'hidden_layer_sizes': (100,), 'max_iter': 50, 'alpha': 0.001}. Best is trial 15 with value: 0.35.
[I 2026-04-21 10:26:42,312] Trial 25 finished with value: 0.25 and parameters: {'hidden_layer_sizes': (200,), 'max_iter': 50, 'alpha': 0.001}. Best is trial 15 with value: 0.35.
