[I 2026-04-21 10:28:19,970] Trial 14 finished with value: 0.5 and parameters: {'n_estimators': 10, 'max_depth': 30, 'gamma': 0.5174696512791793, 'subsample': 0.7106331995045141, 'colsample_bytree': 0.7330561587727703}. Best is trial 7 with value: 0.7.
[I 2026-04-21 10:28:20,018] Trial 15 finished with value: 0.55 and parameters: {'n_estimators': 100, 'max_depth': 30, 'gamma': 0.26626655377772473, 'subsample': 0.5876565548196034, 'colsample_bytree': 0.8604557310580807}. Best is trial 7 with value: 0.7.
[I 2026-04-21 10:28:20,061] Trial 16 finished with value: 0.6 and parameters: {'n_estimators': 10, 'max_depth': 30, 'gamma': 0.701015155569227, 'subsample': 0.8204536451844836, 'colsample_bytree': 0.6156272011868874}. Best is trial 7 with value: 0.7.
[I 2026-04-21 10:28:20,112] Trial 17 finished with value: 0.45 and parameters: {'n_estimators': 100, 'max_depth': 30, 'gamma': 0.5027632182503314, 'subsample': 0.5744899585684065, 'colsample_bytree': 0.7166827546262693}. Best is trial 7 with value: 0.7.
[I 2026-04-21 10:28:20,152] Trial 18 finished with value: 0.5 and parameters: {'n_estimators': 10, 'max_depth': 20, 'gamma': 0.10983070442030571, 'subsample': 0.7503423077979982, 'colsample_bytree': 0.5729905413374387}. Best is trial 7 with value: 0.7.
[I 2026-04-21 10:28:20,191] Trial 19 finished with value: 0.55 and parameters: {'n_estimators': 40, 'max_depth': 5, 'gamma': 0.9844324287901767, 'subsample': 0.8992537196833496, 'colsample_bytree': 0.6397301247459838}. Best is trial 7 with value: 0.7.
[I 2026-04-21 10:28:20,238] Trial 20 finished with value: 0.55 and parameters: {'n_estimators': 100, 'max_depth': 30, 'gamma': 0.813713861024036, 'subsample': 0.6420831325234434, 'colsample_bytree': 0.8803558534234343}. Best is trial 7 with value: 0.7.
[I 2026-04-21 10:28:20,278] Trial 21 finished with value: 0.55 and parameters: {'n_estimators': 10, 'max_depth': 30, 'gamma': 0.29049615005776513, 'subsample': 0.865479194363753, 'colsample_bytree': 0.794540798582571}. Best is trial 7 with value: 0.7.
[I 2026-04-21 10:28:20,315] Trial 22 finished with value: 0.55 and parameters: {'n_estimators': 10, 'max_depth': 30, 'gamma': 0.1805719303407137, 'subsample': 0.7983145275179013, 'colsample_bytree': 0.8060539635264786}. Best is trial 7 with value: 0.7.
[I 2026-04-21 10:28:20,354] Trial 23 finished with value: 0.6 and parameters: {'n_estimators': 10, 'max_depth': 30, 'gamma': 0.27797483281027147, 'subsample': 0.6948351666681187, 'colsample_bytree': 0.7195885959014079}. Best is trial 7 with value: 0.7.
[I 2026-04-21 10:28:20,392] Trial 24 finished with value: 0.55 and parameters: {'n_estimators': 10, 'max_depth': 30, 'gamma': 0.44932166748756047, 'subsample': 0.8568217984289112, 'colsample_bytree': 0.8573020388418839}. Best is trial 7 with value: 0.7.
[I 2026-04-21 10:28:20,434] Trial 25 finished with value: 0.55 and parameters: {'n_estimators': 10, 'max_depth': 30, 'gamma': 0.10262756912275216, 'subsample': 0.7778078346062437, 'colsample_bytree': 0.7648169619384257}. Best is trial 7 with value: 0.7.
[I 2026-04-21 10:28:20,473] Trial 26 finished with value: 0.5 and parameters: {'n_estimators': 10, 'max_depth': 30, 'gamma': 0.33207350981807815, 'subsample': 0.7119001094960276, 'colsample_bytree': 0.6918268710355313}. Best is trial 7 with value: 0.7.
[I 2026-04-21 10:28:20,512] Trial 27 finished with value: 0.55 and parameters: {'n_estimators': 10, 'max_depth': 30, 'gamma': 0.22446681341898678, 'subsample': 0.919303393875137, 'colsample_bytree': 0.9163442041721999}. Best is trial 7 with value: 0.7.
[I 2026-04-21 10:28:20,564] Trial 28 finished with value: 0.55 and parameters: {'n_estimators': 40, 'max_depth': 5, 'gamma': 0.17687800431452572, 'subsample': 0.8394693265941635, 'colsample_bytree': 0.6313714248104914}. Best is trial 7 with value: 0.7.
[I 2026-04-21 10:28:20,616] Trial 29 finished with value: 0.55 and parameters: {'n_estimators': 100, 'max_depth': 20, 'gamma': 0.6265905001290919, 'subsample': 0.9996482884652447, 'colsample_bytree': 0.5479730848126318}. Best is trial 7 with value: 0.7.
[I 2026-04-21 10:28:20,690] A new study created in memory with name: rf
[I 2026-04-21 10:28:20,935] Trial 0 finished with value: 0.5 and parameters: {'n_estimators': 189, 'max_depth': 18, 'min_samples_split': 3, 'min_samples_leaf': 10}. Best is trial 0 with value: 0.5.
[I 2026-04-21 10:28:21,263] Trial 1 finished with value: 0.55 and parameters: {'n_estimators': 295, 'max_depth': 14, 'min_samples_split': 8, 'min_samples_leaf': 6}. Best is trial 1 with value: 0.55.
[I 2026-04-21 10:28:21,528] Trial 2 finished with value: 0.5 and parameters: {'n_estimators': 219, 'max_depth': 6, 'min_samples_split': 2, 'min_samples_leaf': 8}. Best is trial 1 with value: 0.55.
[I 2026-04-21 10:28:21,849] Trial 3 finished with value: 0.5 and parameters: {'n_estimators': 276, 'max_depth': 5, 'min_samples_split': 9, 'min_samples_leaf': 3}. Best is trial 1 with value: 0.55.
[I 2026-04-21 10:28:22,188] Trial 4 finished with value: 0.6 and parameters: {'n_estimators': 266, 'max_depth': 8, 'min_samples_split': 7, 'min_samples_leaf': 6}. Best is trial 4 with value: 0.6.
[I 2026-04-21 10:28:22,547] Trial 5 finished with value: 0.5 and parameters: {'n_estimators': 340, 'max_depth': 7, 'min_samples_split': 4, 'min_samples_leaf': 3}. Best is trial 4 with value: 0.6.
[I 2026-04-21 10:28:22,846] Trial 6 finished with value: 0.5 and parameters: {'n_estimators': 231, 'max_depth': 5, 'min_samples_split': 3, 'min_samples_leaf': 10}. Best is trial 4 with value: 0.6.
[I 2026-04-21 10:28:23,376] Trial 7 finished with value: 0.5 and parameters: {'n_estimators': 485, 'max_depth': 6, 'min_samples_split': 2, 'min_samples_leaf': 3}. Best is trial 4 with value: 0.6.
[I 2026-04-21 10:28:23,826] Trial 8 finished with value: 0.55 and parameters: {'n_estimators': 380, 'max_depth': 17, 'min_samples_split': 2, 'min_samples_leaf': 6}. Best is trial 4 with value: 0.6.
[I 2026-04-21 10:28:23,983] Trial 9 finished with value: 0.5 and parameters: {'n_estimators': 100, 'max_depth': 12, 'min_samples_split': 7, 'min_samples_leaf': 10}. Best is trial 4 with value: 0.6.
[I 2026-04-21 10:28:24,488] Trial 10 finished with value: 0.55 and parameters: {'n_estimators': 446, 'max_depth': 10, 'min_samples_split': 5, 'min_samples_leaf': 5}. Best is trial 4 with value: 0.6.
[I 2026-04-21 10:28:24,835] Trial 11 finished with value: 0.55 and parameters: {'n_estimators': 305, 'max_depth': 14, 'min_samples_split': 8, 'min_samples_leaf': 6}. Best is trial 4 with value: 0.6.
[I 2026-04-21 10:28:25,293] Trial 12 finished with value: 0.5 and parameters: {'n_estimators': 382, 'max_depth': 10, 'min_samples_split': 10, 'min_samples_leaf': 7}. Best is trial 4 with value: 0.6.
[I 2026-04-21 10:28:25,547] Trial 13 finished with value: 0.5 and parameters: {'n_estimators': 180, 'max_depth': 14, 'min_samples_split': 6, 'min_samples_leaf': 1}. Best is trial 4 with value: 0.6.
[I 2026-04-21 10:28:25,902] Trial 14 finished with value: 0.5 and parameters: {'n_estimators': 279, 'max_depth': 20, 'min_samples_split': 7, 'min_samples_leaf': 8}. Best is trial 4 with value: 0.6.
[I 2026-04-21 10:28:26,105] Trial 15 finished with value: 0.55 and parameters: {'n_estimators': 133, 'max_depth': 9, 'min_samples_split': 8, 'min_samples_leaf': 5}. Best is trial 4 with value: 0.6.
[I 2026-04-21 10:28:26,517] Trial 16 finished with value: 0.55 and parameters: {'n_estimators': 341, 'max_depth': 13, 'min_samples_split': 10, 'min_samples_leaf': 4}. Best is trial 4 with value: 0.6.
[I 2026-04-21 10:28:26,821] Trial 17 finished with value: 0.5 and parameters: {'n_estimators': 250, 'max_depth': 16, 'min_samples_split': 6, 'min_samples_leaf': 8}. Best is trial 4 with value: 0.6.
[I 2026-04-21 10:28:27,208] Trial 18 finished with value: 0.45 and parameters: {'n_estimators': 326, 'max_depth': 8, 'min_samples_split': 8, 'min_samples_leaf': 7}. Best is trial 4 with value: 0.6.
[I 2026-04-21 10:28:27,654] Trial 19 finished with value: 0.5 and parameters: {'n_estimators': 393, 'max_depth': 3, 'min_samples_split': 7, 'min_samples_leaf': 1}. Best is trial 4 with value: 0.6.
[I 2026-04-21 10:28:27,912] Trial 20 finished with value: 0.5 and parameters: {'n_estimators': 181, 'max_depth': 11, 'min_samples_split': 9, 'min_samples_leaf': 4}. Best is trial 4 with value: 0.6.
[I 2026-04-21 10:28:28,324] Trial 21 finished with value: 0.6 and parameters: {'n_estimators': 376, 'max_depth': 18, 'min_samples_split': 5, 'min_samples_leaf': 6}. Best is trial 4 with value: 0.6.
[I 2026-04-21 10:28:28,800] Trial 22 finished with value: 0.5 and parameters: {'n_estimators': 419, 'max_depth': 20, 'min_samples_split': 5, 'min_samples_leaf': 7}. Best is trial 4 with value: 0.6.
[I 2026-04-21 10:28:29,267] Trial 23 finished with value: 0.5 and parameters: {'n_estimators': 299, 'max_depth': 15, 'min_samples_split': 5, 'min_samples_leaf': 6}. Best is trial 4 with value: 0.6.
[I 2026-04-21 10:28:29,673] Trial 24 finished with value: 0.55 and parameters: {'n_estimators': 357, 'max_depth': 18, 'min_samples_split': 6, 'min_samples_leaf': 5}. Best is trial 4 with value: 0.6.
[I 2026-04-21 10:28:30,012] Trial 25 finished with value: 0.5 and parameters: {'n_estimators': 268, 'max_depth': 12, 'min_samples_split': 7, 'min_samples_leaf': 9}. Best is trial 4 with value: 0.6.
[I 2026-04-21 10:28:30,510] Trial 26 finished with value: 0.5 and parameters: {'n_estimators': 435, 'max_depth': 16, 'min_samples_split': 9, 'min_samples_leaf': 4}. Best is trial 4 with value: 0.6.
[I 2026-04-21 10:28:30,888] Trial 27 finished with value: 0.5 and parameters: {'n_estimators': 309, 'max_depth': 18, 'min_samples_split': 4, 'min_samples_leaf': 7}. Best is trial 4 with value: 0.6.
[I 2026-04-21 10:28:31,520] Trial 28 finished with value: 0.6 and parameters: {'n_estimators': 493, 'max_depth': 14, 'min_samples_split': 6, 'min_samples_leaf': 6}. Best is trial 4 with value: 0.6.
[I 2026-04-21 10:28:32,029] Trial 29 finished with value: 0.5 and parameters: {'n_estimators': 465, 'max_depth': 19, 'min_samples_split': 4, 'min_samples_leaf': 5}. Best is trial 4 with value: 0.6.
[I 2026-04-21 10:28:32,977] A new study created in memory with name: mlp
[I 2026-04-21 10:28:33,041] Trial 0 finished with value: 0.45 and parameters: {'hidden_layer_sizes': (200,), 'max_iter': 50, 'alpha': 0.001}. Best is trial 0 with value: 0.45.
[I 2026-04-21 10:28:33,118] Trial 1 finished with value: 0.45 and parameters: {'hidden_layer_sizes': (100,), 'max_iter': 100, 'alpha': 0.0001}. Best is trial 0 with value: 0.45.
[I 2026-04-21 10:28:33,186] Trial 2 finished with value: 0.45 and parameters: {'hidden_layer_sizes': (100,), 'max_iter': 100, 'alpha': 0.001}. Best is trial 0 with value: 0.45.
[I 2026-04-21 10:28:33,242] Trial 3 finished with value: 0.45 and parameters: {'hidden_layer_sizes': (200,), 'max_iter': 50, 'alpha': 0.001}. Best is trial 0 with value: 0.45.
[I 2026-04-21 10:28:33,309] Trial 4 finished with value: 0.45 and parameters: {'hidden_layer_sizes': (100,), 'max_iter': 100, 'alpha': 0.0001}. Best is trial 0 with value: 0.45.
[I 2026-04-21 10:28:33,374] Trial 5 finished with value: 0.45 and parameters: {'hidden_layer_sizes': (100,), 'max_iter': 100, 'alpha': 0.001}. Best is trial 0 with value: 0.45.
[I 2026-04-21 10:28:33,461] Trial 6 finished with value: 0.45 and parameters: {'hidden_layer_sizes': (200,), 'max_iter': 100, 'alpha': 0.001}. Best is trial 0 with value: 0.45.
[I 2026-04-21 10:28:33,548] Trial 7 finished with value: 0.45 and parameters: {'hidden_layer_sizes': (200,), 'max_iter': 100, 'alpha': 0.001}. Best is trial 0 with value: 0.45.
[I 2026-04-21 10:28:33,614] Trial 8 finished with value: 0.45 and parameters: {'hidden_layer_sizes': (100,), 'max_iter': 100, 'alpha': 0.001}. Best is trial 0 with value: 0.45.
[I 2026-04-21 10:28:33,660] Trial 9 finished with value: 0.45 and parameters: {'hidden_layer_sizes': (100,), 'max_iter': 50, 'alpha': 0.001}. Best is trial 0 with value: 0.45.
[I 2026-04-21 10:28:33,719] Trial 10 finished with value: 0.45 and parameters: {'hidden_layer_sizes': (100, 100), 'max_iter': 50, 'alpha': 0.0001}. Best is trial 0 with value: 0.45.
[I 2026-04-21 10:28:33,777] Trial 11 finished with value: 0.4 and parameters: {'hidden_layer_sizes': (100, 100), 'max_iter': 50, 'alpha': 0.0001}. Best is trial 0 with value: 0.45.
[I 2026-04-21 10:28:33,836] Trial 12 finished with value: 0.45 and parameters: {'hidden_layer_sizes': (200,), 'max_iter': 50, 'alpha': 0.0001}. Best is trial 0 with value: 0.45.
[I 2026-04-21 10:28:33,881] Trial 13 finished with value: 0.45 and parameters: {'hidden_layer_sizes': (200,), 'max_iter': 50, 'alpha': 0.0001}. Best is trial 0 with value: 0.45.
[I 2026-04-21 10:28:33,986] Trial 14 finished with value: 0.45 and parameters: {'hidden_layer_sizes': (100, 100), 'max_iter': 100, 'alpha': 0.0001}. Best is trial 0 with value: 0.45.
[I 2026-04-21 10:28:34,041] Trial 15 finished with value: 0.45 and parameters: {'hidden_layer_sizes': (100,), 'max_iter': 50, 'alpha': 0.0001}. Best is trial 0 with value: 0.45.
[I 2026-04-21 10:28:34,116] Trial 16 finished with value: 0.45 and parameters: {'hidden_layer_sizes': (200,), 'max_iter': 100, 'alpha': 0.001}. Best is trial 0 with value: 0.45.
[I 2026-04-21 10:28:34,172] Trial 17 finished with value: 0.45 and parameters: {'hidden_layer_sizes': (200,), 'max_iter': 50, 'alpha': 0.0001}. Best is trial 0 with value: 0.45.
[I 2026-04-21 10:28:34,232] Trial 18 finished with value: 0.45 and parameters: {'hidden_layer_sizes': (100,), 'max_iter': 100, 'alpha': 0.001}. Best is trial 0 with value: 0.45.
[I 2026-04-21 10:28:34,299] Trial 19 finished with value: 0.45 and parameters: {'hidden_layer_sizes': (100, 100), 'max_iter': 50, 'alpha': 0.0001}. Best is trial 0 with value: 0.45.
[I 2026-04-21 10:28:34,389] Trial 20 finished with value: 0.45 and parameters: {'hidden_layer_sizes': (200,), 'max_iter': 100, 'alpha': 0.0001}. Best is trial 0 with value: 0.45.
[I 2026-04-21 10:28:34,447] Trial 21 finished with value: 0.45 and parameters: {'hidden_layer_sizes': (100,), 'max_iter': 100, 'alpha': 0.001}. Best is trial 0 with value: 0.45.
[I 2026-04-21 10:28:34,522] Trial 22 finished with value: 0.45 and parameters: {'hidden_layer_sizes': (100,), 'max_iter': 100, 'alpha': 0.001}. Best is trial 0 with value: 0.45.
[I 2026-04-21 10:28:34,587] Trial 23 finished with value: 0.4 and parameters: {'hidden_layer_sizes': (100,), 'max_iter': 100, 'alpha': 0.001}. Best is trial 0 with value: 0.45.
[I 2026-04-21 10:28:34,651] Trial 24 finished with value: 0.4 and parameters: {'hidden_layer_sizes': (100,), 'max_iter': 100, 'alpha': 0.001}. Best is trial 0 with value: 0.45.
[I 2026-04-21 10:28:34,716] Trial 25 finished with value: 0.45 and parameters: {'hidden_layer_sizes': (100,), 'max_iter': 100, 'alpha': 0.001}. Best is trial 0 with value: 0.45.
[I 2026-04-21 10:28:34,776] Trial 26 finished with value: 0.45 and parameters: {'hidden_layer_sizes': (100,), 'max_iter': 50, 'alpha': 0.001}. Best is trial 0 with value: 0.45.
[I 2026-04-21 10:28:34,843] Trial 27 finished with value: 0.45 and parameters: {'hidden_layer_sizes': (100,), 'max_iter': 100, 'alpha': 0.001}. Best is trial 0 with value: 0.45.
[I 2026-04-21 10:28:34,911] Trial 28 finished with value: 0.5 and parameters: {'hidden_layer_sizes': (100, 100), 'max_iter': 50, 'alpha': 0.0001}. Best is trial 28 with value: 0.5.
[I 2026-04-21 10:28:34,968] Trial 29 finished with value: 0.4 and parameters: {'hidden_layer_sizes': (100, 100), 'max_iter': 50, 'alpha': 0.0001}. Best is trial 28 with value: 0.5.
[I 2026-04-21 10:28:36,109] A new study created in memory with name: svc
[I 2026-04-21 10:28:36,134] Trial 0 finished with value: 0.25 and parameters: {'C': 0.07726319876517104, 'gamma': 0.3040389504793042}. Best is trial 0 with value: 0.25.
[I 2026-04-21 10:28:36,147] Trial 1 finished with value: 0.25 and parameters: {'C': 0.06712381339142241, 'gamma': 0.47254549996710477}. Best is trial 0 with value: 0.25.
[I 2026-04-21 10:28:36,160] Trial 2 finished with value: 0.2 and parameters: {'C': 0.8987621100554035, 'gamma': 0.027988231123708972}. Best is trial 0 with value: 0.25.
[I 2026-04-21 10:28:36,173] Trial 3 finished with value: 0.3 and parameters: {'C': 11.5779435007655, 'gamma': 0.011848734045499056}. Best is trial 3 with value: 0.3.
[I 2026-04-21 10:28:36,185] Trial 4 finished with value: 0.5 and parameters: {'C': 0.1538870258903583, 'gamma': 0.0005634883151169033}. Best is trial 4 with value: 0.5.
[I 2026-04-21 10:28:36,198] Trial 5 finished with value: 0.2 and parameters: {'C': 0.021036092656561454, 'gamma': 0.08990030906808326}. Best is trial 4 with value: 0.5.
[I 2026-04-21 10:28:36,211] Trial 6 finished with value: 0.5 and parameters: {'C': 0.5824208201678516, 'gamma': 0.00042977333932534993}. Best is trial 4 with value: 0.5.
[I 2026-04-21 10:28:36,224] Trial 7 finished with value: 0.45 and parameters: {'C': 33.09391330085814, 'gamma': 0.001248377256719358}. Best is trial 4 with value: 0.5.
[I 2026-04-21 10:28:36,240] Trial 8 finished with value: 0.5 and parameters: {'C': 0.45387898639622015, 'gamma': 0.0015286910781809498}. Best is trial 4 with value: 0.5.
[I 2026-04-21 10:28:36,253] Trial 9 finished with value: 0.2 and parameters: {'C': 3.274550070431994, 'gamma': 0.02086177421469992}. Best is trial 4 with value: 0.5.
[I 2026-04-21 10:28:36,285] Trial 10 finished with value: 0.5 and parameters: {'C': 0.01015031429029542, 'gamma': 0.00010813284331811526}. Best is trial 4 with value: 0.5.
[I 2026-04-21 10:28:36,310] Trial 11 finished with value: 0.5 and parameters: {'C': 0.2946546726762962, 'gamma': 0.000192696939064797}. Best is trial 4 with value: 0.5.
[I 2026-04-21 10:28:36,330] Trial 12 finished with value: 0.45 and parameters: {'C': 2.9648182303354678, 'gamma': 0.0011563341942962047}. Best is trial 4 with value: 0.5.
[I 2026-04-21 10:28:36,350] Trial 13 finished with value: 0.5 and parameters: {'C': 0.16280907414611331, 'gamma': 0.00038377823379388923}. Best is trial 4 with value: 0.5.
[I 2026-04-21 10:28:36,371] Trial 14 finished with value: 0.45 and parameters: {'C': 2.4218760021536427, 'gamma': 0.0032537811548427023}. Best is trial 4 with value: 0.5.
[I 2026-04-21 10:28:36,405] Trial 15 finished with value: 0.5 and parameters: {'C': 0.0664538826788088, 'gamma': 0.0005193501979899485}. Best is trial 4 with value: 0.5.
[I 2026-04-21 10:28:36,428] Trial 16 finished with value: 0.4 and parameters: {'C': 1.1898268486188273, 'gamma': 0.0025654002897082823}. Best is trial 4 with value: 0.5.
[I 2026-04-21 10:28:36,449] Trial 17 finished with value: 0.4 and parameters: {'C': 10.925526376097588, 'gamma': 0.0059603957535583315}. Best is trial 4 with value: 0.5.
[I 2026-04-21 10:28:36,469] Trial 18 finished with value: 0.5 and parameters: {'C': 0.1691641156930074, 'gamma': 0.00043494340597700513}. Best is trial 4 with value: 0.5.
[I 2026-04-21 10:28:36,489] Trial 19 finished with value: 0.5 and parameters: {'C': 0.6190876787824239, 'gamma': 0.0001500028787036726}. Best is trial 4 with value: 0.5.
[I 2026-04-21 10:28:36,511] Trial 20 finished with value: 0.5 and parameters: {'C': 0.02505753974770936, 'gamma': 0.0007496908360759289}. Best is trial 4 with value: 0.5.
[I 2026-04-21 10:28:36,535] Trial 21 finished with value: 0.5 and parameters: {'C': 0.3908683253288891, 'gamma': 0.0019045172895351312}. Best is trial 4 with value: 0.5.
[I 2026-04-21 10:28:36,559] Trial 22 finished with value: 0.5 and parameters: {'C': 0.1790694188248154, 'gamma': 0.0003371566381041062}. Best is trial 4 with value: 0.5.
[I 2026-04-21 10:28:36,580] Trial 23 finished with value: 0.35 and parameters: {'C': 1.2808076860947148, 'gamma': 0.0054799454436953105}. Best is trial 4 with value: 0.5.
[I 2026-04-21 10:28:36,605] Trial 24 finished with value: 0.5 and parameters: {'C': 0.43053950707972943, 'gamma': 0.0002636770311912109}. Best is trial 4 with value: 0.5.
[I 2026-04-21 10:28:36,642] Trial 25 finished with value: 0.45 and parameters: {'C': 88.77407664341389, 'gamma': 0.0009375437594564527}. Best is trial 4 with value: 0.5.
[I 2026-04-21 10:28:36,666] Trial 26 finished with value: 0.45 and parameters: {'C': 0.09727905646673975, 'gamma': 0.0019929222292732317}. Best is trial 4 with value: 0.5.
[I 2026-04-21 10:28:36,691] Trial 27 finished with value: 0.3 and parameters: {'C': 0.03838595966124492, 'gamma': 0.004855603727332022}. Best is trial 4 with value: 0.5.
[I 2026-04-21 10:28:36,713] Trial 28 finished with value: 0.45 and parameters: {'C': 6.661635278430478, 'gamma': 0.0007696704912554552}. Best is trial 4 with value: 0.5.
[I 2026-04-21 10:28:36,738] Trial 29 finished with value: 0.5 and parameters: {'C': 0.29972522394094986, 'gamma': 0.00020792531839495087}. Best is trial 4 with value: 0.5.
[I 2026-04-21 10:28:36,791] A new study created in memory with name: naive_bayes
[I 2026-04-21 10:28:36,803] Trial 0 finished with value: 0.5 and parameters: {'var_smoothing': 2.7796258518939306e-10}. Best is trial 0 with value: 0.5.
[I 2026-04-21 10:28:36,817] Trial 1 finished with value: 0.5 and parameters: {'var_smoothing': 5.513972710118387e-09}. Best is trial 0 with value: 0.5.
[I 2026-04-21 10:28:36,830] Trial 2 finished with value: 0.5 and parameters: {'var_smoothing': 2.590826381512706e-10}. Best is trial 0 with value: 0.5.
[I 2026-04-21 10:28:36,844] Trial 3 finished with value: 0.5 and parameters: {'var_smoothing': 6.874194498027403e-09}. Best is trial 0 with value: 0.5.
[I 2026-04-21 10:28:36,858] Trial 4 finished with value: 0.5 and parameters: {'var_smoothing': 9.480306482679771e-10}. Best is trial 0 with value: 0.5.
[I 2026-04-21 10:28:36,871] Trial 5 finished with value: 0.5 and parameters: {'var_smoothing': 1.6729683536668864e-09}. Best is trial 0 with value: 0.5.
[I 2026-04-21 10:28:36,886] Trial 6 finished with value: 0.5 and parameters: {'var_smoothing': 3.402637726935598e-09}. Best is trial 0 with value: 0.5.
[I 2026-04-21 10:28:36,899] Trial 7 finished with value: 0.5 and parameters: {'var_smoothing': 1.0885189040847657e-09}. Best is trial 0 with value: 0.5.
