[I 2026-04-21 10:34:11,754] Trial 21 finished with value: 0.6 and parameters: {'C': 54.283151619052504, 'penalty': 'l2'}. Best is trial 4 with value: 0.6.
[I 2026-04-21 10:34:11,779] Trial 22 finished with value: 0.6 and parameters: {'C': 30.71574397679842, 'penalty': 'l2'}. Best is trial 4 with value: 0.6.
[I 2026-04-21 10:34:11,805] Trial 23 finished with value: 0.6 and parameters: {'C': 94.89031025322143, 'penalty': 'l2'}. Best is trial 4 with value: 0.6.
[I 2026-04-21 10:34:11,830] Trial 24 finished with value: 0.6 and parameters: {'C': 16.988258477775165, 'penalty': 'l2'}. Best is trial 4 with value: 0.6.
[I 2026-04-21 10:34:11,855] Trial 25 finished with value: 0.6 and parameters: {'C': 41.97315515015298, 'penalty': 'l2'}. Best is trial 4 with value: 0.6.
[I 2026-04-21 10:34:11,875] Trial 26 finished with value: 0.6 and parameters: {'C': 0.04958066879678988, 'penalty': 'l2'}. Best is trial 4 with value: 0.6.
[I 2026-04-21 10:34:11,905] Trial 27 finished with value: 0.5 and parameters: {'C': 1.4173773439094262, 'penalty': 'l2'}. Best is trial 4 with value: 0.6.
[I 2026-04-21 10:34:11,941] Trial 28 finished with value: 0.55 and parameters: {'C': 8.372516403641324, 'penalty': 'l2'}. Best is trial 4 with value: 0.6.
[I 2026-04-21 10:34:11,972] Trial 29 finished with value: 0.55 and parameters: {'C': 0.011104103350344362, 'penalty': 'l2'}. Best is trial 4 with value: 0.6.
[I 2026-04-21 10:34:12,048] A new study created in memory with name: knn
[I 2026-04-21 10:34:12,073] Trial 0 finished with value: 0.4 and parameters: {'n_neighbors': 3, 'leaf_size': 36, 'p': 2}. Best is trial 0 with value: 0.4.
[I 2026-04-21 10:34:12,087] Trial 1 finished with value: 0.55 and parameters: {'n_neighbors': 10, 'leaf_size': 31, 'p': 1}. Best is trial 1 with value: 0.55.
[I 2026-04-21 10:34:12,101] Trial 2 finished with value: 0.55 and parameters: {'n_neighbors': 5, 'leaf_size': 30, 'p': 2}. Best is trial 1 with value: 0.55.
[I 2026-04-21 10:34:12,116] Trial 3 finished with value: 0.65 and parameters: {'n_neighbors': 6, 'leaf_size': 21, 'p': 2}. Best is trial 3 with value: 0.65.
[I 2026-04-21 10:34:12,133] Trial 4 finished with value: 0.5 and parameters: {'n_neighbors': 4, 'leaf_size': 29, 'p': 1}. Best is trial 3 with value: 0.65.
[I 2026-04-21 10:34:12,147] Trial 5 finished with value: 0.55 and parameters: {'n_neighbors': 7, 'leaf_size': 39, 'p': 2}. Best is trial 3 with value: 0.65.
[I 2026-04-21 10:34:12,163] Trial 6 finished with value: 0.55 and parameters: {'n_neighbors': 10, 'leaf_size': 22, 'p': 2}. Best is trial 3 with value: 0.65.
[I 2026-04-21 10:34:12,178] Trial 7 finished with value: 0.55 and parameters: {'n_neighbors': 8, 'leaf_size': 29, 'p': 2}. Best is trial 3 with value: 0.65.
[I 2026-04-21 10:34:12,193] Trial 8 finished with value: 0.55 and parameters: {'n_neighbors': 5, 'leaf_size': 30, 'p': 2}. Best is trial 3 with value: 0.65.
[I 2026-04-21 10:34:12,208] Trial 9 finished with value: 0.6 and parameters: {'n_neighbors': 9, 'leaf_size': 26, 'p': 1}. Best is trial 3 with value: 0.65.
[I 2026-04-21 10:34:12,235] Trial 10 finished with value: 0.55 and parameters: {'n_neighbors': 6, 'leaf_size': 20, 'p': 1}. Best is trial 3 with value: 0.65.
[I 2026-04-21 10:34:12,272] Trial 11 finished with value: 0.55 and parameters: {'n_neighbors': 8, 'leaf_size': 24, 'p': 1}. Best is trial 3 with value: 0.65.
[I 2026-04-21 10:34:12,298] Trial 12 finished with value: 0.55 and parameters: {'n_neighbors': 8, 'leaf_size': 25, 'p': 1}. Best is trial 3 with value: 0.65.
[I 2026-04-21 10:34:12,325] Trial 13 finished with value: 0.6 and parameters: {'n_neighbors': 9, 'leaf_size': 25, 'p': 1}. Best is trial 3 with value: 0.65.
[I 2026-04-21 10:34:12,352] Trial 14 finished with value: 0.65 and parameters: {'n_neighbors': 6, 'leaf_size': 20, 'p': 2}. Best is trial 3 with value: 0.65.
[I 2026-04-21 10:34:12,378] Trial 15 finished with value: 0.65 and parameters: {'n_neighbors': 6, 'leaf_size': 20, 'p': 2}. Best is trial 3 with value: 0.65.
[I 2026-04-21 10:34:12,406] Trial 16 finished with value: 0.55 and parameters: {'n_neighbors': 5, 'leaf_size': 22, 'p': 2}. Best is trial 3 with value: 0.65.
[I 2026-04-21 10:34:12,432] Trial 17 finished with value: 0.55 and parameters: {'n_neighbors': 7, 'leaf_size': 34, 'p': 2}. Best is trial 3 with value: 0.65.
[I 2026-04-21 10:34:12,460] Trial 18 finished with value: 0.4 and parameters: {'n_neighbors': 3, 'leaf_size': 22, 'p': 2}. Best is trial 3 with value: 0.65.
[I 2026-04-21 10:34:12,487] Trial 19 finished with value: 0.65 and parameters: {'n_neighbors': 6, 'leaf_size': 27, 'p': 2}. Best is trial 3 with value: 0.65.
[I 2026-04-21 10:34:12,526] Trial 20 finished with value: 0.5 and parameters: {'n_neighbors': 4, 'leaf_size': 23, 'p': 2}. Best is trial 3 with value: 0.65.
[I 2026-04-21 10:34:12,556] Trial 21 finished with value: 0.65 and parameters: {'n_neighbors': 6, 'leaf_size': 20, 'p': 2}. Best is trial 3 with value: 0.65.
[I 2026-04-21 10:34:12,586] Trial 22 finished with value: 0.55 and parameters: {'n_neighbors': 7, 'leaf_size': 20, 'p': 2}. Best is trial 3 with value: 0.65.
[I 2026-04-21 10:34:12,613] Trial 23 finished with value: 0.65 and parameters: {'n_neighbors': 6, 'leaf_size': 20, 'p': 2}. Best is trial 3 with value: 0.65.
[I 2026-04-21 10:34:12,652] Trial 24 finished with value: 0.55 and parameters: {'n_neighbors': 5, 'leaf_size': 22, 'p': 2}. Best is trial 3 with value: 0.65.
[I 2026-04-21 10:34:12,684] Trial 25 finished with value: 0.5 and parameters: {'n_neighbors': 4, 'leaf_size': 27, 'p': 2}. Best is trial 3 with value: 0.65.
[I 2026-04-21 10:34:12,723] Trial 26 finished with value: 0.55 and parameters: {'n_neighbors': 7, 'leaf_size': 23, 'p': 2}. Best is trial 3 with value: 0.65.
[I 2026-04-21 10:34:12,752] Trial 27 finished with value: 0.65 and parameters: {'n_neighbors': 6, 'leaf_size': 21, 'p': 2}. Best is trial 3 with value: 0.65.
[I 2026-04-21 10:34:12,792] Trial 28 finished with value: 0.55 and parameters: {'n_neighbors': 5, 'leaf_size': 24, 'p': 2}. Best is trial 3 with value: 0.65.
[I 2026-04-21 10:34:12,821] Trial 29 finished with value: 0.4 and parameters: {'n_neighbors': 3, 'leaf_size': 33, 'p': 2}. Best is trial 3 with value: 0.65.
[I 2026-04-21 10:34:12,875] A new study created in memory with name: xgb
[I 2026-04-21 10:34:12,900] Trial 0 finished with value: 0.5 and parameters: {'n_estimators': 40, 'max_depth': 20, 'gamma': 0.5510084172939441, 'subsample': 0.5360255666798808, 'colsample_bytree': 0.6342194900509356}. Best is trial 0 with value: 0.5.
[I 2026-04-21 10:34:12,938] Trial 1 finished with value: 0.5 and parameters: {'n_estimators': 100, 'max_depth': 5, 'gamma': 0.9186341749476523, 'subsample': 0.6066926767899578, 'colsample_bytree': 0.7260619809088416}. Best is trial 0 with value: 0.5.
[I 2026-04-21 10:34:12,967] Trial 2 finished with value: 0.6 and parameters: {'n_estimators': 10, 'max_depth': 5, 'gamma': 0.9182155373980582, 'subsample': 0.566584722879625, 'colsample_bytree': 0.761706290336883}. Best is trial 2 with value: 0.6.
[I 2026-04-21 10:34:13,006] Trial 3 finished with value: 0.5 and parameters: {'n_estimators': 10, 'max_depth': 20, 'gamma': 0.5296610393664296, 'subsample': 0.6829451928902965, 'colsample_bytree': 0.9189589971546304}. Best is trial 2 with value: 0.6.
[I 2026-04-21 10:34:13,035] Trial 4 finished with value: 0.55 and parameters: {'n_estimators': 10, 'max_depth': 20, 'gamma': 0.6916595165017824, 'subsample': 0.6851755414940176, 'colsample_bytree': 0.7295464889457157}. Best is trial 2 with value: 0.6.
[I 2026-04-21 10:34:13,074] Trial 5 finished with value: 0.4 and parameters: {'n_estimators': 100, 'max_depth': 20, 'gamma': 0.48380821541644814, 'subsample': 0.8171899343169193, 'colsample_bytree': 0.7614531005141727}. Best is trial 2 with value: 0.6.
[I 2026-04-21 10:34:13,102] Trial 6 finished with value: 0.45 and parameters: {'n_estimators': 10, 'max_depth': 5, 'gamma': 0.9599214907026333, 'subsample': 0.8414569271877088, 'colsample_bytree': 0.5265643453364788}. Best is trial 2 with value: 0.6.
[I 2026-04-21 10:34:13,138] Trial 7 finished with value: 0.55 and parameters: {'n_estimators': 40, 'max_depth': 5, 'gamma': 0.5250915966595621, 'subsample': 0.9207383574491986, 'colsample_bytree': 0.565555321173957}. Best is trial 2 with value: 0.6.
[I 2026-04-21 10:34:13,174] Trial 8 finished with value: 0.5 and parameters: {'n_estimators': 100, 'max_depth': 5, 'gamma': 0.3919835527051987, 'subsample': 0.6502094521590198, 'colsample_bytree': 0.5827507002328938}. Best is trial 2 with value: 0.6.
[I 2026-04-21 10:34:13,211] Trial 9 finished with value: 0.5 and parameters: {'n_estimators': 100, 'max_depth': 5, 'gamma': 0.8003922413895069, 'subsample': 0.9436444759263674, 'colsample_bytree': 0.8374593849333938}. Best is trial 2 with value: 0.6.
[I 2026-04-21 10:34:13,246] Trial 10 finished with value: 0.65 and parameters: {'n_estimators': 10, 'max_depth': 30, 'gamma': 0.13445536345660636, 'subsample': 0.5093732893332106, 'colsample_bytree': 0.9446716873952172}. Best is trial 10 with value: 0.65.
[I 2026-04-21 10:34:13,291] Trial 11 finished with value: 0.65 and parameters: {'n_estimators': 10, 'max_depth': 30, 'gamma': 0.1247642452735842, 'subsample': 0.508092455380683, 'colsample_bytree': 0.9877104092586283}. Best is trial 10 with value: 0.65.
[I 2026-04-21 10:34:13,334] Trial 12 finished with value: 0.65 and parameters: {'n_estimators': 10, 'max_depth': 30, 'gamma': 0.1000994233659313, 'subsample': 0.5002064872656798, 'colsample_bytree': 0.9982522081291287}. Best is trial 10 with value: 0.65.
[I 2026-04-21 10:34:13,379] Trial 13 finished with value: 0.4 and parameters: {'n_estimators': 10, 'max_depth': 30, 'gamma': 0.11578688432492037, 'subsample': 0.5968193664932366, 'colsample_bytree': 0.9868387818990567}. Best is trial 10 with value: 0.65.
[I 2026-04-21 10:34:13,420] Trial 14 finished with value: 0.4 and parameters: {'n_estimators': 10, 'max_depth': 30, 'gamma': 0.26896654949330207, 'subsample': 0.7687027285071875, 'colsample_bytree': 0.8975091622198236}. Best is trial 10 with value: 0.65.
[I 2026-04-21 10:34:13,461] Trial 15 finished with value: 0.65 and parameters: {'n_estimators': 10, 'max_depth': 30, 'gamma': 0.25464628459886485, 'subsample': 0.5076550772322438, 'colsample_bytree': 0.9021679744360075}. Best is trial 10 with value: 0.65.
[I 2026-04-21 10:34:13,502] Trial 16 finished with value: 0.4 and parameters: {'n_estimators': 40, 'max_depth': 30, 'gamma': 0.2602894101312718, 'subsample': 0.6446403232759388, 'colsample_bytree': 0.8498707261390661}. Best is trial 10 with value: 0.65.
[I 2026-04-21 10:34:13,540] Trial 17 finished with value: 0.4 and parameters: {'n_estimators': 10, 'max_depth': 30, 'gamma': 0.20150828096925147, 'subsample': 0.7341683466320832, 'colsample_bytree': 0.9500505127965108}. Best is trial 10 with value: 0.65.
[I 2026-04-21 10:34:13,573] Trial 18 finished with value: 0.65 and parameters: {'n_estimators': 10, 'max_depth': 30, 'gamma': 0.36549326846243935, 'subsample': 0.5640226052858698, 'colsample_bytree': 0.8240459457039855}. Best is trial 10 with value: 0.65.
[I 2026-04-21 10:34:13,605] Trial 19 finished with value: 0.5 and parameters: {'n_estimators': 40, 'max_depth': 30, 'gamma': 0.1785922622023176, 'subsample': 0.6084286223622751, 'colsample_bytree': 0.9563631993457012}. Best is trial 10 with value: 0.65.
[I 2026-04-21 10:34:13,641] Trial 20 finished with value: 0.6 and parameters: {'n_estimators': 10, 'max_depth': 30, 'gamma': 0.3611196086396287, 'subsample': 0.9961764358499778, 'colsample_bytree': 0.8847723321415784}. Best is trial 10 with value: 0.65.
[I 2026-04-21 10:34:13,680] Trial 21 finished with value: 0.65 and parameters: {'n_estimators': 10, 'max_depth': 30, 'gamma': 0.1195205908978533, 'subsample': 0.5128016954102087, 'colsample_bytree': 0.9949348423067194}. Best is trial 10 with value: 0.65.
[I 2026-04-21 10:34:13,718] Trial 22 finished with value: 0.65 and parameters: {'n_estimators': 10, 'max_depth': 30, 'gamma': 0.12993165465971743, 'subsample': 0.5026274960020265, 'colsample_bytree': 0.953434996791159}. Best is trial 10 with value: 0.65.
[I 2026-04-21 10:34:13,758] Trial 23 finished with value: 0.6 and parameters: {'n_estimators': 10, 'max_depth': 30, 'gamma': 0.19535310472520984, 'subsample': 0.5657159664587075, 'colsample_bytree': 0.9975929856114699}. Best is trial 10 with value: 0.65.
[I 2026-04-21 10:34:13,795] Trial 24 finished with value: 0.6 and parameters: {'n_estimators': 10, 'max_depth': 30, 'gamma': 0.3138102832368258, 'subsample': 0.5452511249319237, 'colsample_bytree': 0.9495259212142214}. Best is trial 10 with value: 0.65.
[I 2026-04-21 10:34:13,831] Trial 25 finished with value: 0.65 and parameters: {'n_estimators': 10, 'max_depth': 30, 'gamma': 0.10402178432700301, 'subsample': 0.5003530818088789, 'colsample_bytree': 0.8617794573506564}. Best is trial 10 with value: 0.65.
[I 2026-04-21 10:34:13,864] Trial 26 finished with value: 0.4 and parameters: {'n_estimators': 10, 'max_depth': 30, 'gamma': 0.4446656978734214, 'subsample': 0.5874259990812883, 'colsample_bytree': 0.7909273086013331}. Best is trial 10 with value: 0.65.
[I 2026-04-21 10:34:13,897] Trial 27 finished with value: 0.55 and parameters: {'n_estimators': 10, 'max_depth': 30, 'gamma': 0.18148548626435382, 'subsample': 0.6471567519125057, 'colsample_bytree': 0.6872309957292344}. Best is trial 10 with value: 0.65.
[I 2026-04-21 10:34:13,933] Trial 28 finished with value: 0.6 and parameters: {'n_estimators': 40, 'max_depth': 30, 'gamma': 0.6351154334045223, 'subsample': 0.5436728357419117, 'colsample_bytree': 0.9336815572722108}. Best is trial 10 with value: 0.65.
[I 2026-04-21 10:34:13,988] Trial 29 finished with value: 0.55 and parameters: {'n_estimators': 100, 'max_depth': 20, 'gamma': 0.2988508315323793, 'subsample': 0.5309280675441338, 'colsample_bytree': 0.9776252818136831}. Best is trial 10 with value: 0.65.
[I 2026-04-21 10:34:14,068] A new study created in memory with name: rf
[I 2026-04-21 10:34:14,256] Trial 0 finished with value: 0.5 and parameters: {'n_estimators': 130, 'max_depth': 17, 'min_samples_split': 5, 'min_samples_leaf': 8}. Best is trial 0 with value: 0.5.
[I 2026-04-21 10:34:14,819] Trial 1 finished with value: 0.45 and parameters: {'n_estimators': 492, 'max_depth': 12, 'min_samples_split': 6, 'min_samples_leaf': 1}. Best is trial 0 with value: 0.5.
[I 2026-04-21 10:34:15,059] Trial 2 finished with value: 0.5 and parameters: {'n_estimators': 207, 'max_depth': 11, 'min_samples_split': 8, 'min_samples_leaf': 9}. Best is trial 0 with value: 0.5.
[I 2026-04-21 10:34:15,407] Trial 3 finished with value: 0.5 and parameters: {'n_estimators': 252, 'max_depth': 4, 'min_samples_split': 4, 'min_samples_leaf': 10}. Best is trial 0 with value: 0.5.
[I 2026-04-21 10:34:15,624] Trial 4 finished with value: 0.4 and parameters: {'n_estimators': 185, 'max_depth': 11, 'min_samples_split': 10, 'min_samples_leaf': 1}. Best is trial 0 with value: 0.5.
[I 2026-04-21 10:34:16,003] Trial 5 finished with value: 0.45 and parameters: {'n_estimators': 340, 'max_depth': 20, 'min_samples_split': 4, 'min_samples_leaf': 6}. Best is trial 0 with value: 0.5.
[I 2026-04-21 10:34:16,533] Trial 6 finished with value: 0.5 and parameters: {'n_estimators': 464, 'max_depth': 5, 'min_samples_split': 6, 'min_samples_leaf': 8}. Best is trial 0 with value: 0.5.
[I 2026-04-21 10:34:16,972] Trial 7 finished with value: 0.45 and parameters: {'n_estimators': 368, 'max_depth': 11, 'min_samples_split': 3, 'min_samples_leaf': 5}. Best is trial 0 with value: 0.5.
[I 2026-04-21 10:34:17,294] Trial 8 finished with value: 0.5 and parameters: {'n_estimators': 249, 'max_depth': 11, 'min_samples_split': 5, 'min_samples_leaf': 9}. Best is trial 0 with value: 0.5.
[I 2026-04-21 10:34:17,909] Trial 9 finished with value: 0.45 and parameters: {'n_estimators': 408, 'max_depth': 8, 'min_samples_split': 7, 'min_samples_leaf': 3}. Best is trial 0 with value: 0.5.
[I 2026-04-21 10:34:18,140] Trial 10 finished with value: 0.5 and parameters: {'n_estimators': 156, 'max_depth': 19, 'min_samples_split': 2, 'min_samples_leaf': 7}. Best is trial 0 with value: 0.5.
[I 2026-04-21 10:34:18,313] Trial 11 finished with value: 0.5 and parameters: {'n_estimators': 123, 'max_depth': 16, 'min_samples_split': 9, 'min_samples_leaf': 10}. Best is trial 0 with value: 0.5.
[I 2026-04-21 10:34:18,596] Trial 12 finished with value: 0.5 and parameters: {'n_estimators': 211, 'max_depth': 15, 'min_samples_split': 8, 'min_samples_leaf': 8}. Best is trial 0 with value: 0.5.
[I 2026-04-21 10:34:18,739] Trial 13 finished with value: 0.5 and parameters: {'n_estimators': 100, 'max_depth': 16, 'min_samples_split': 8, 'min_samples_leaf': 5}. Best is trial 0 with value: 0.5.
[I 2026-04-21 10:34:19,082] Trial 14 finished with value: 0.5 and parameters: {'n_estimators': 282, 'max_depth': 8, 'min_samples_split': 7, 'min_samples_leaf': 8}. Best is trial 0 with value: 0.5.
[I 2026-04-21 10:34:19,360] Trial 15 finished with value: 0.55 and parameters: {'n_estimators': 198, 'max_depth': 14, 'min_samples_split': 10, 'min_samples_leaf': 7}. Best is trial 15 with value: 0.55.
[I 2026-04-21 10:34:19,585] Trial 16 finished with value: 0.6 and parameters: {'n_estimators': 145, 'max_depth': 14, 'min_samples_split': 10, 'min_samples_leaf': 6}. Best is trial 16 with value: 0.6.
[I 2026-04-21 10:34:19,840] Trial 17 finished with value: 0.45 and parameters: {'n_estimators': 172, 'max_depth': 14, 'min_samples_split': 10, 'min_samples_leaf': 4}. Best is trial 16 with value: 0.6.
[I 2026-04-21 10:34:20,141] Trial 18 finished with value: 0.5 and parameters: {'n_estimators': 231, 'max_depth': 13, 'min_samples_split': 10, 'min_samples_leaf': 6}. Best is trial 16 with value: 0.6.
[I 2026-04-21 10:34:20,691] Trial 19 finished with value: 0.4 and parameters: {'n_estimators': 307, 'max_depth': 18, 'min_samples_split': 9, 'min_samples_leaf': 3}. Best is trial 16 with value: 0.6.
[I 2026-04-21 10:34:20,913] Trial 20 finished with value: 0.5 and parameters: {'n_estimators': 150, 'max_depth': 9, 'min_samples_split': 9, 'min_samples_leaf': 7}. Best is trial 16 with value: 0.6.
[I 2026-04-21 10:34:21,122] Trial 21 finished with value: 0.5 and parameters: {'n_estimators': 126, 'max_depth': 17, 'min_samples_split': 5, 'min_samples_leaf': 7}. Best is trial 16 with value: 0.6.
[I 2026-04-21 10:34:21,305] Trial 22 finished with value: 0.35 and parameters: {'n_estimators': 100, 'max_depth': 14, 'min_samples_split': 5, 'min_samples_leaf': 6}. Best is trial 16 with value: 0.6.
[I 2026-04-21 10:34:21,626] Trial 23 finished with value: 0.5 and parameters: {'n_estimators': 192, 'max_depth': 17, 'min_samples_split': 7, 'min_samples_leaf': 7}. Best is trial 16 with value: 0.6.
[I 2026-04-21 10:34:21,842] Trial 24 finished with value: 0.5 and parameters: {'n_estimators': 150, 'max_depth': 15, 'min_samples_split': 10, 'min_samples_leaf': 9}. Best is trial 16 with value: 0.6.
[I 2026-04-21 10:34:22,053] Trial 25 finished with value: 0.35 and parameters: {'n_estimators': 132, 'max_depth': 13, 'min_samples_split': 9, 'min_samples_leaf': 4}. Best is trial 16 with value: 0.6.
[I 2026-04-21 10:34:22,400] Trial 26 finished with value: 0.5 and parameters: {'n_estimators': 283, 'max_depth': 18, 'min_samples_split': 4, 'min_samples_leaf': 8}. Best is trial 16 with value: 0.6.
[I 2026-04-21 10:34:22,710] Trial 27 finished with value: 0.5 and parameters: {'n_estimators': 219, 'max_depth': 20, 'min_samples_split': 2, 'min_samples_leaf': 5}. Best is trial 16 with value: 0.6.
[I 2026-04-21 10:34:22,932] Trial 28 finished with value: 0.65 and parameters: {'n_estimators': 176, 'max_depth': 13, 'min_samples_split': 8, 'min_samples_leaf': 6}. Best is trial 28 with value: 0.65.
[I 2026-04-21 10:34:23,197] Trial 29 finished with value: 0.45 and parameters: {'n_estimators': 173, 'max_depth': 13, 'min_samples_split': 9, 'min_samples_leaf': 4}. Best is trial 28 with value: 0.65.
[I 2026-04-21 10:34:23,637] A new study created in memory with name: mlp
[I 2026-04-21 10:34:23,713] Trial 0 finished with value: 0.45 and parameters: {'hidden_layer_sizes': (200,), 'max_iter': 100, 'alpha': 0.0001}. Best is trial 0 with value: 0.45.
[I 2026-04-21 10:34:23,789] Trial 1 finished with value: 0.5 and parameters: {'hidden_layer_sizes': (100, 100), 'max_iter': 100, 'alpha': 0.0001}. Best is trial 1 with value: 0.5.
[I 2026-04-21 10:34:23,887] Trial 2 finished with value: 0.4 and parameters: {'hidden_layer_sizes': (200,), 'max_iter': 100, 'alpha': 0.001}. Best is trial 1 with value: 0.5.
[I 2026-04-21 10:34:23,945] Trial 3 finished with value: 0.35 and parameters: {'hidden_layer_sizes': (100,), 'max_iter': 50, 'alpha': 0.001}. Best is trial 1 with value: 0.5.
[I 2026-04-21 10:34:24,003] Trial 4 finished with value: 0.4 and parameters: {'hidden_layer_sizes': (100,), 'max_iter': 50, 'alpha': 0.0001}. Best is trial 1 with value: 0.5.
[I 2026-04-21 10:34:24,050] Trial 5 finished with value: 0.4 and parameters: {'hidden_layer_sizes': (100,), 'max_iter': 50, 'alpha': 0.0001}. Best is trial 1 with value: 0.5.
[I 2026-04-21 10:34:24,097] Trial 6 finished with value: 0.4 and parameters: {'hidden_layer_sizes': (100,), 'max_iter': 50, 'alpha': 0.0001}. Best is trial 1 with value: 0.5.
[I 2026-04-21 10:34:24,143] Trial 7 finished with value: 0.4 and parameters: {'hidden_layer_sizes': (100,), 'max_iter': 50, 'alpha': 0.0001}. Best is trial 1 with value: 0.5.
[I 2026-04-21 10:34:24,229] Trial 8 finished with value: 0.45 and parameters: {'hidden_layer_sizes': (200,), 'max_iter': 100, 'alpha': 0.0001}. Best is trial 1 with value: 0.5.
[I 2026-04-21 10:34:24,274] Trial 9 finished with value: 0.4 and parameters: {'hidden_layer_sizes': (200,), 'max_iter': 50, 'alpha': 0.0001}. Best is trial 1 with value: 0.5.
[I 2026-04-21 10:34:24,369] Trial 10 finished with value: 0.4 and parameters: {'hidden_layer_sizes': (100, 100), 'max_iter': 100, 'alpha': 0.001}. Best is trial 1 with value: 0.5.
