Corriendo el pipeline de destilación con la siguiente configuración:
No se encontraron caracteres extranos en la columna target
Datos de train y test guardados en /data/home/rtabares/estiven/CorVAE/data/default



----------------FINALIZO-------------




--- Iniciando Fase 1: Pre-entrenamiento No Supervisado ---
Training:   0%|                                                                                                            | 0/7 [00:00<?, ?it/s]Training:  14%|██████████████▎                                                                                     | 1/7 [00:01<00:07,  1.19s/it]Training: 100%|████████████████████████████████████████████████████████████████████████████████████████████████████| 7/7 [00:01<00:00,  5.23it/s]
Epoch 001/3000 | Train Loss: 2.814823 | Val Loss: 2.414668
Training:   0%|                                                                                                            | 0/7 [00:00<?, ?it/s]Training:  14%|██████████████▎                                                                                     | 1/7 [00:00<00:03,  1.55it/s]Training: 100%|████████████████████████████████████████████████████████████████████████████████████████████████████| 7/7 [00:00<00:00,  8.48it/s]
Epoch 002/3000 | Train Loss: 2.165734 | Val Loss: 1.947641
Training:   0%|                                                                                                            | 0/7 [00:00<?, ?it/s]Training:  14%|██████████████▎                                                                                     | 1/7 [00:00<00:03,  1.57it/s]Training: 100%|████████████████████████████████████████████████████████████████████████████████████████████████████| 7/7 [00:00<00:00,  8.71it/s]
Epoch 003/3000 | Train Loss: 1.886709 | Val Loss: 1.742592
Training:   0%|                                                                                                            | 0/7 [00:00<?, ?it/s]Training:  14%|██████████████▎                                                                                     | 1/7 [00:00<00:03,  1.53it/s]Training: 100%|████████████████████████████████████████████████████████████████████████████████████████████████████| 7/7 [00:00<00:00,  8.39it/s]
Epoch 004/3000 | Train Loss: 1.707392 | Val Loss: 1.581328
Training:   0%|                                                                                                            | 0/7 [00:00<?, ?it/s]Training:  14%|██████████████▎                                                                                     | 1/7 [00:00<00:03,  1.53it/s]Training: 100%|████████████████████████████████████████████████████████████████████████████████████████████████████| 7/7 [00:00<00:00,  8.13it/s]
Epoch 005/3000 | Train Loss: 1.570107 | Val Loss: 1.441503
Training:   0%|                                                                                                            | 0/7 [00:00<?, ?it/s]Training:  14%|██████████████▎                                                                                     | 1/7 [00:00<00:04,  1.47it/s]Training: 100%|████████████████████████████████████████████████████████████████████████████████████████████████████| 7/7 [00:00<00:00,  7.99it/s]
Epoch 006/3000 | Train Loss: 1.438333 | Val Loss: 1.320186
Training:   0%|                                                                                                            | 0/7 [00:00<?, ?it/s]Training:  14%|██████████████▎                                                                                     | 1/7 [00:00<00:04,  1.48it/s]Training: 100%|████████████████████████████████████████████████████████████████████████████████████████████████████| 7/7 [00:00<00:00,  8.02it/s]
Epoch 007/3000 | Train Loss: 1.347914 | Val Loss: 1.255788
Training:   0%|                                                                                                            | 0/7 [00:00<?, ?it/s]Training:  14%|██████████████▎                                                                                     | 1/7 [00:00<00:03,  1.53it/s]Training: 100%|████████████████████████████████████████████████████████████████████████████████████████████████████| 7/7 [00:00<00:00,  8.31it/s]
Epoch 008/3000 | Train Loss: 1.262090 | Val Loss: 1.169157
Training:   0%|                                                                                                            | 0/7 [00:00<?, ?it/s]Training:  14%|██████████████▎                                                                                     | 1/7 [00:00<00:03,  1.60it/s]Training: 100%|████████████████████████████████████████████████████████████████████████████████████████████████████| 7/7 [00:00<00:00,  8.57it/s]
Epoch 009/3000 | Train Loss: 1.198102 | Val Loss: 1.125559
Training:   0%|                                                                                                            | 0/7 [00:00<?, ?it/s]Training:  14%|██████████████▎                                                                                     | 1/7 [00:00<00:03,  1.65it/s]Training: 100%|████████████████████████████████████████████████████████████████████████████████████████████████████| 7/7 [00:00<00:00,  8.97it/s]
Epoch 010/3000 | Train Loss: 1.146077 | Val Loss: 1.091064
Training:   0%|                                                                                                            | 0/7 [00:00<?, ?it/s]Training:  14%|██████████████▎                                                                                     | 1/7 [00:00<00:04,  1.49it/s]Training: 100%|████████████████████████████████████████████████████████████████████████████████████████████████████| 7/7 [00:00<00:00,  8.00it/s]
Epoch 011/3000 | Train Loss: 1.110993 | Val Loss: 1.047515
Training:   0%|                                                                                                            | 0/7 [00:00<?, ?it/s]Training:  14%|██████████████▎                                                                                     | 1/7 [00:00<00:04,  1.39it/s]Training: 100%|████████████████████████████████████████████████████████████████████████████████████████████████████| 7/7 [00:00<00:00,  7.68it/s]
Epoch 012/3000 | Train Loss: 1.072470 | Val Loss: 1.003105
Training:   0%|                                                                                                            | 0/7 [00:00<?, ?it/s]Training:  14%|██████████████▎                                                                                     | 1/7 [00:00<00:04,  1.38it/s]Training: 100%|████████████████████████████████████████████████████████████████████████████████████████████████████| 7/7 [00:00<00:00,  7.72it/s]
Epoch 013/3000 | Train Loss: 1.031558 | Val Loss: 0.947941
Training:   0%|                                                                                                            | 0/7 [00:00<?, ?it/s]Training:  14%|██████████████▎                                                                                     | 1/7 [00:00<00:03,  1.51it/s]Training: 100%|████████████████████████████████████████████████████████████████████████████████████████████████████| 7/7 [00:00<00:00,  8.51it/s]
Epoch 014/3000 | Train Loss: 0.991616 | Val Loss: 0.885904
Training:   0%|                                                                                                            | 0/7 [00:00<?, ?it/s]Training:  14%|██████████████▎                                                                                     | 1/7 [00:00<00:03,  1.74it/s]Training: 100%|████████████████████████████████████████████████████████████████████████████████████████████████████| 7/7 [00:00<00:00,  9.19it/s]
Epoch 015/3000 | Train Loss: 0.955183 | Val Loss: 0.847888
Training:   0%|                                                                                                            | 0/7 [00:00<?, ?it/s]Training:  14%|██████████████▎                                                                                     | 1/7 [00:00<00:03,  1.51it/s]Training: 100%|████████████████████████████████████████████████████████████████████████████████████████████████████| 7/7 [00:00<00:00,  8.30it/s]
Epoch 016/3000 | Train Loss: 0.920648 | Val Loss: 0.810687
Training:   0%|                                                                                                            | 0/7 [00:00<?, ?it/s]Training:  14%|██████████████▎                                                                                     | 1/7 [00:00<00:03,  1.61it/s]Training: 100%|████████████████████████████████████████████████████████████████████████████████████████████████████| 7/7 [00:00<00:00,  8.68it/s]
Epoch 017/3000 | Train Loss: 0.887673 | Val Loss: 0.775998
Training:   0%|                                                                                                            | 0/7 [00:00<?, ?it/s]Training:  14%|██████████████▎                                                                                     | 1/7 [00:00<00:03,  1.63it/s]Training: 100%|████████████████████████████████████████████████████████████████████████████████████████████████████| 7/7 [00:00<00:00,  8.65it/s]
Epoch 018/3000 | Train Loss: 0.857487 | Val Loss: 0.741886
Training:   0%|                                                                                                            | 0/7 [00:00<?, ?it/s]Training:  14%|██████████████▎                                                                                     | 1/7 [00:00<00:03,  1.60it/s]Training: 100%|████████████████████████████████████████████████████████████████████████████████████████████████████| 7/7 [00:00<00:00,  8.64it/s]
Epoch 019/3000 | Train Loss: 0.830431 | Val Loss: 0.716048
Training:   0%|                                                                                                            | 0/7 [00:00<?, ?it/s]Training:  14%|██████████████▎                                                                                     | 1/7 [00:00<00:03,  1.52it/s]Training: 100%|████████████████████████████████████████████████████████████████████████████████████████████████████| 7/7 [00:00<00:00,  8.44it/s]
Epoch 020/3000 | Train Loss: 0.810507 | Val Loss: 0.699978
Training:   0%|                                                                                                            | 0/7 [00:00<?, ?it/s]Training:  14%|██████████████▎                                                                                     | 1/7 [00:00<00:03,  1.53it/s]Training: 100%|████████████████████████████████████████████████████████████████████████████████████████████████████| 7/7 [00:00<00:00,  8.33it/s]
Epoch 021/3000 | Train Loss: 0.790474 | Val Loss: 0.670824
Training:   0%|                                                                                                            | 0/7 [00:00<?, ?it/s]Training:  14%|██████████████▎                                                                                     | 1/7 [00:00<00:03,  1.61it/s]Training: 100%|████████████████████████████████████████████████████████████████████████████████████████████████████| 7/7 [00:00<00:00,  8.85it/s]
Epoch 022/3000 | Train Loss: 0.767191 | Val Loss: 0.647611
Training:   0%|                                                                                                            | 0/7 [00:00<?, ?it/s]Training:  14%|██████████████▎                                                                                     | 1/7 [00:00<00:03,  1.55it/s]Training: 100%|████████████████████████████████████████████████████████████████████████████████████████████████████| 7/7 [00:00<00:00,  8.33it/s]
Epoch 023/3000 | Train Loss: 0.736167 | Val Loss: 0.616961
Training:   0%|                                                                                                            | 0/7 [00:00<?, ?it/s]Training:  14%|██████████████▎                                                                                     | 1/7 [00:00<00:03,  1.52it/s]Training: 100%|████████████████████████████████████████████████████████████████████████████████████████████████████| 7/7 [00:00<00:00,  8.33it/s]
Epoch 024/3000 | Train Loss: 0.707210 | Val Loss: 0.582287
Training:   0%|                                                                                                            | 0/7 [00:00<?, ?it/s]Training:  14%|██████████████▎                                                                                     | 1/7 [00:00<00:03,  1.51it/s]Training: 100%|████████████████████████████████████████████████████████████████████████████████████████████████████| 7/7 [00:00<00:00,  8.12it/s]
Epoch 025/3000 | Train Loss: 0.682660 | Val Loss: 0.568772
Training:   0%|                                                                                                            | 0/7 [00:00<?, ?it/s]Training:  14%|██████████████▎                                                                                     | 1/7 [00:00<00:03,  1.58it/s]Training: 100%|████████████████████████████████████████████████████████████████████████████████████████████████████| 7/7 [00:00<00:00,  8.57it/s]
Epoch 026/3000 | Train Loss: 0.662787 | Val Loss: 0.541432
Training:   0%|                                                                                                            | 0/7 [00:00<?, ?it/s]Training:  14%|██████████████▎                                                                                     | 1/7 [00:00<00:03,  1.59it/s]Training: 100%|████████████████████████████████████████████████████████████████████████████████████████████████████| 7/7 [00:00<00:00,  8.41it/s]
Epoch 027/3000 | Train Loss: 0.653092 | Val Loss: 0.536511
Training:   0%|                                                                                                            | 0/7 [00:00<?, ?it/s]Training:  14%|██████████████▎                                                                                     | 1/7 [00:00<00:03,  1.60it/s]Training: 100%|████████████████████████████████████████████████████████████████████████████████████████████████████| 7/7 [00:00<00:00,  8.47it/s]
Epoch 028/3000 | Train Loss: 0.628018 | Val Loss: 0.504787
Training:   0%|                                                                                                            | 0/7 [00:00<?, ?it/s]Training:  14%|██████████████▎                                                                                     | 1/7 [00:00<00:03,  1.61it/s]Training: 100%|████████████████████████████████████████████████████████████████████████████████████████████████████| 7/7 [00:00<00:00,  8.34it/s]
Epoch 029/3000 | Train Loss: 0.609678 | Val Loss: 0.494744
Training:   0%|                                                                                                            | 0/7 [00:00<?, ?it/s]Training:  14%|██████████████▎                                                                                     | 1/7 [00:00<00:03,  1.54it/s]Training: 100%|████████████████████████████████████████████████████████████████████████████████████████████████████| 7/7 [00:00<00:00,  8.40it/s]
Epoch 030/3000 | Train Loss: 0.597061 | Val Loss: 0.487648
Training:   0%|                                                                                                            | 0/7 [00:00<?, ?it/s]Training:  14%|██████████████▎                                                                                     | 1/7 [00:00<00:03,  1.61it/s]Training: 100%|████████████████████████████████████████████████████████████████████████████████████████████████████| 7/7 [00:00<00:00,  8.93it/s]
Epoch 031/3000 | Train Loss: 0.595140 | Val Loss: 0.470466
Training:   0%|                                                                                                            | 0/7 [00:00<?, ?it/s]Training:  14%|██████████████▎                                                                                     | 1/7 [00:00<00:03,  1.62it/s]Training: 100%|████████████████████████████████████████████████████████████████████████████████████████████████████| 7/7 [00:00<00:00,  8.60it/s]
Epoch 032/3000 | Train Loss: 0.575716 | Val Loss: 0.452707
Training:   0%|                                                                                                            | 0/7 [00:00<?, ?it/s]Training:  14%|██████████████▎                                                                                     | 1/7 [00:00<00:03,  1.59it/s]Training: 100%|████████████████████████████████████████████████████████████████████████████████████████████████████| 7/7 [00:00<00:00,  8.65it/s]
Epoch 033/3000 | Train Loss: 0.565784 | Val Loss: 0.442236
Training:   0%|                                                                                                            | 0/7 [00:00<?, ?it/s]Training:  14%|██████████████▎                                                                                     | 1/7 [00:00<00:03,  1.55it/s]Training: 100%|████████████████████████████████████████████████████████████████████████████████████████████████████| 7/7 [00:00<00:00,  8.46it/s]
Epoch 034/3000 | Train Loss: 0.544462 | Val Loss: 0.429837
Training:   0%|                                                                                                            | 0/7 [00:00<?, ?it/s]Training:  14%|██████████████▎                                                                                     | 1/7 [00:00<00:03,  1.52it/s]Training: 100%|████████████████████████████████████████████████████████████████████████████████████████████████████| 7/7 [00:00<00:00,  8.44it/s]
Epoch 035/3000 | Train Loss: 0.542466 | Val Loss: 0.442701
Training:   0%|                                                                                                            | 0/7 [00:00<?, ?it/s]Training:  14%|██████████████▎                                                                                     | 1/7 [00:00<00:03,  1.55it/s]Training: 100%|████████████████████████████████████████████████████████████████████████████████████████████████████| 7/7 [00:00<00:00,  8.25it/s]
Epoch 036/3000 | Train Loss: 0.543736 | Val Loss: 0.415813
Training:   0%|                                                                                                            | 0/7 [00:00<?, ?it/s]Training:  14%|██████████████▎                                                                                     | 1/7 [00:00<00:04,  1.50it/s]Training: 100%|████████████████████████████████████████████████████████████████████████████████████████████████████| 7/7 [00:00<00:00,  8.18it/s]
Epoch 037/3000 | Train Loss: 0.539240 | Val Loss: 0.406932
Training:   0%|                                                                                                            | 0/7 [00:00<?, ?it/s]Training:  14%|██████████████▎                                                                                     | 1/7 [00:00<00:03,  1.53it/s]Training: 100%|████████████████████████████████████████████████████████████████████████████████████████████████████| 7/7 [00:00<00:00,  8.34it/s]
Epoch 038/3000 | Train Loss: 0.516301 | Val Loss: 0.384214
Training:   0%|                                                                                                            | 0/7 [00:00<?, ?it/s]Training:  14%|██████████████▎                                                                                     | 1/7 [00:00<00:04,  1.34it/s]Training: 100%|████████████████████████████████████████████████████████████████████████████████████████████████████| 7/7 [00:00<00:00,  7.27it/s]
Epoch 039/3000 | Train Loss: 0.505379 | Val Loss: 0.387186
Training:   0%|                                                                                                            | 0/7 [00:00<?, ?it/s]Training:  14%|██████████████▎                                                                                     | 1/7 [00:00<00:04,  1.41it/s]Training: 100%|████████████████████████████████████████████████████████████████████████████████████████████████████| 7/7 [00:00<00:00,  7.65it/s]
Epoch 040/3000 | Train Loss: 0.503997 | Val Loss: 0.371342
Training:   0%|                                                                                                            | 0/7 [00:00<?, ?it/s]Training:  14%|██████████████▎                                                                                     | 1/7 [00:00<00:04,  1.40it/s]Training:  86%|█████████████████████████████████████████████████████████████████████████████████████▋              | 6/7 [00:00<00:00,  9.51it/s]Training: 100%|████████████████████████████████████████████████████████████████████████████████████████████████████| 7/7 [00:00<00:00,  7.31it/s]
Epoch 041/3000 | Train Loss: 0.483041 | Val Loss: 0.353846
Training:   0%|                                                                                                            | 0/7 [00:00<?, ?it/s]Training:  14%|██████████████▎                                                                                     | 1/7 [00:00<00:04,  1.40it/s]Training: 100%|████████████████████████████████████████████████████████████████████████████████████████████████████| 7/7 [00:00<00:00,  7.73it/s]
Epoch 042/3000 | Train Loss: 0.471069 | Val Loss: 0.338503
Training:   0%|                                                                                                            | 0/7 [00:00<?, ?it/s]Training:  14%|██████████████▎                                                                                     | 1/7 [00:00<00:04,  1.38it/s]Training: 100%|████████████████████████████████████████████████████████████████████████████████████████████████████| 7/7 [00:00<00:00,  7.61it/s]
Epoch 043/3000 | Train Loss: 0.461602 | Val Loss: 0.319391
Training:   0%|                                                                                                            |